<?xml version="1.0" encoding="UTF-8"?>
<testsuite xmlns:xsi="http://www.w3.org/2001/XMLSchema-instance" xsi:noNamespaceSchemaLocation="https://maven.apache.org/surefire/maven-surefire-plugin/xsd/surefire-test-report-3.0.xsd" version="3.0" name="org.apache.hadoop.ozone.client.rpc.TestSecureOzoneRpcClient" time="84.469" tests="123" errors="0" skipped="1" failures="1">
  <properties>
    <property name="awt.toolkit" value="sun.awt.X11.XToolkit"/>
    <property name="file.encoding.pkg" value="sun.io"/>
    <property name="java.specification.version" value="1.8"/>
    <property name="sun.cpu.isalist" value=""/>
    <property name="sun.jnu.encoding" value="UTF-8"/>
    <property name="java.class.path" value="/home/runner/work/ozone/ozone/hadoop-ozone/integration-test/target/test-classes:/home/runner/work/ozone/ozone/hadoop-ozone/integration-test/target/classes:/home/runner/.m2/repository/org/apache/ozone/ozone-common/1.4.0-SNAPSHOT/ozone-common-1.4.0-SNAPSHOT.jar:/home/runner/.m2/repository/io/grpc/grpc-netty/1.51.1/grpc-netty-1.51.1.jar:/home/runner/.m2/repository/io/grpc/grpc-core/1.51.1/grpc-core-1.51.1.jar:/home/runner/.m2/repository/com/google/android/annotations/4.1.1.4/annotations-4.1.1.4.jar:/home/runner/.m2/repository/org/codehaus/mojo/animal-sniffer-annotations/1.21/animal-sniffer-annotations-1.21.jar:/home/runner/.m2/repository/com/google/errorprone/error_prone_annotations/2.2.0/error_prone_annotations-2.2.0.jar:/home/runner/.m2/repository/io/perfmark/perfmark-api/0.25.0/perfmark-api-0.25.0.jar:/home/runner/.m2/repository/io/netty/netty-codec-http2/4.1.86.Final/netty-codec-http2-4.1.86.Final.jar:/home/runner/.m2/repository/io/netty/netty-common/4.1.86.Final/netty-common-4.1.86.Final.jar:/home/runner/.m2/repository/io/netty/netty-buffer/4.1.86.Final/netty-buffer-4.1.86.Final.jar:/home/runner/.m2/repository/io/netty/netty-codec-http/4.1.86.Final/netty-codec-http-4.1.86.Final.jar:/home/runner/.m2/repository/io/netty/netty-handler-proxy/4.1.86.Final/netty-handler-proxy-4.1.86.Final.jar:/home/runner/.m2/repository/io/netty/netty-codec-socks/4.1.86.Final/netty-codec-socks-4.1.86.Final.jar:/home/runner/.m2/repository/io/netty/netty-tcnative-boringssl-static/2.0.54.Final/netty-tcnative-boringssl-static-2.0.54.Final.jar:/home/runner/.m2/repository/io/netty/netty-tcnative-classes/2.0.54.Final/netty-tcnative-classes-2.0.54.Final.jar:/home/runner/.m2/repository/io/netty/netty-tcnative-boringssl-static/2.0.54.Final/netty-tcnative-boringssl-static-2.0.54.Final-linux-x86_64.jar:/home/runner/.m2/repository/io/netty/netty-tcnative-boringssl-static/2.0.54.Final/netty-tcnative-boringssl-static-2.0.54.Final-linux-aarch_64.jar:/home/runner/.m2/repository/io/netty/netty-tcnative-boringssl-static/2.0.54.Final/netty-tcnative-boringssl-static-2.0.54.Final-osx-x86_64.jar:/home/runner/.m2/repository/io/netty/netty-tcnative-boringssl-static/2.0.54.Final/netty-tcnative-boringssl-static-2.0.54.Final-osx-aarch_64.jar:/home/runner/.m2/repository/io/netty/netty-tcnative-boringssl-static/2.0.54.Final/netty-tcnative-boringssl-static-2.0.54.Final-windows-x86_64.jar:/home/runner/.m2/repository/org/apache/commons/commons-compress/1.21/commons-compress-1.21.jar:/home/runner/.m2/repository/org/apache/ozone/hdds-common/1.4.0-SNAPSHOT/hdds-common-1.4.0-SNAPSHOT.jar:/home/runner/.m2/repository/org/apache/ozone/hdds-client/1.4.0-SNAPSHOT/hdds-client-1.4.0-SNAPSHOT.jar:/home/runner/.m2/repository/org/apache/ozone/ozone-interface-client/1.4.0-SNAPSHOT/ozone-interface-client-1.4.0-SNAPSHOT.jar:/home/runner/.m2/repository/org/apache/hadoop/hadoop-hdfs-client/3.3.5/hadoop-hdfs-client-3.3.5.jar:/home/runner/.m2/repository/com/squareup/okhttp3/okhttp/4.9.3/okhttp-4.9.3.jar:/home/runner/.m2/repository/com/squareup/okio/okio/2.8.0/okio-2.8.0.jar:/home/runner/.m2/repository/org/jetbrains/kotlin/kotlin-stdlib-common/1.6.21/kotlin-stdlib-common-1.6.21.jar:/home/runner/.m2/repository/org/apache/ozone/hdds-test-utils/1.4.0-SNAPSHOT/hdds-test-utils-1.4.0-SNAPSHOT.jar:/home/runner/.m2/repository/com/google/guava/guava/31.1-jre/guava-31.1-jre.jar:/home/runner/.m2/repository/com/google/guava/failureaccess/1.0.1/failureaccess-1.0.1.jar:/home/runner/.m2/repository/com/google/guava/listenablefuture/9999.0-empty-to-avoid-conflict-with-guava/listenablefuture-9999.0-empty-to-avoid-conflict-with-guava.jar:/home/runner/.m2/repository/com/google/code/findbugs/jsr305/3.0.0/jsr305-3.0.0.jar:/home/runner/.m2/repository/org/checkerframework/checker-qual/3.12.0/checker-qual-3.12.0.jar:/home/runner/.m2/repository/com/google/j2objc/j2objc-annotations/1.3/j2objc-annotations-1.3.jar:/home/runner/.m2/repository/commons-io/commons-io/2.11.0/commons-io-2.11.0.jar:/home/runner/.m2/repository/commons-logging/commons-logging/1.2/commons-logging-1.2.jar:/home/runner/.m2/repository/ch/qos/reload4j/reload4j/1.2.22/reload4j-1.2.22.jar:/home/runner/.m2/repository/org/slf4j/slf4j-api/1.7.36/slf4j-api-1.7.36.jar:/home/runner/.m2/repository/org/apache/ozone/hdds-server-scm/1.4.0-SNAPSHOT/hdds-server-scm-1.4.0-SNAPSHOT.jar:/home/runner/.m2/repository/org/apache/ozone/hdds-container-service/1.4.0-SNAPSHOT/hdds-container-service-1.4.0-SNAPSHOT.jar:/home/runner/.m2/repository/org/apache/ozone/hdds-hadoop-dependency-server/1.4.0-SNAPSHOT/hdds-hadoop-dependency-server-1.4.0-SNAPSHOT.jar:/home/runner/.m2/repository/org/apache/hadoop/hadoop-hdfs/3.3.5/hadoop-hdfs-3.3.5.jar:/home/runner/.m2/repository/commons-daemon/commons-daemon/1.0.13/commons-daemon-1.0.13.jar:/home/runner/.m2/repository/org/apache/ozone/hdds-server-framework/1.4.0-SNAPSHOT/hdds-server-framework-1.4.0-SNAPSHOT.jar:/home/runner/.m2/repository/io/dropwizard/metrics/metrics-core/3.2.4/metrics-core-3.2.4.jar:/home/runner/.m2/repository/org/apache/commons/commons-text/1.4/commons-text-1.4.jar:/home/runner/.m2/repository/org/bouncycastle/bcprov-jdk15on/1.67/bcprov-jdk15on-1.67.jar:/home/runner/.m2/repository/com/google/protobuf/protobuf-java/2.5.0/protobuf-java-2.5.0.jar:/home/runner/.m2/repository/org/apache/ozone/hdds-server-framework/1.4.0-SNAPSHOT/hdds-server-framework-1.4.0-SNAPSHOT-tests.jar:/home/runner/.m2/repository/org/apache/ozone/hdds-interface-server/1.4.0-SNAPSHOT/hdds-interface-server-1.4.0-SNAPSHOT.jar:/home/runner/.m2/repository/org/apache/ozone/hdds-interface-admin/1.4.0-SNAPSHOT/hdds-interface-admin-1.4.0-SNAPSHOT.jar:/home/runner/.m2/repository/org/apache/ozone/hdds-managed-rocksdb/1.4.0-SNAPSHOT/hdds-managed-rocksdb-1.4.0-SNAPSHOT.jar:/home/runner/.m2/repository/org/rocksdb/rocksdbjni/7.7.3/rocksdbjni-7.7.3.jar:/home/runner/.m2/repository/org/slf4j/slf4j-reload4j/1.7.36/slf4j-reload4j-1.7.36.jar:/home/runner/.m2/repository/org/apache/commons/commons-configuration2/2.1.1/commons-configuration2-2.1.1.jar:/home/runner/.m2/repository/org/apache/logging/log4j/log4j-core/2.17.1/log4j-core-2.17.1.jar:/home/runner/.m2/repository/com/lmax/disruptor/3.4.2/disruptor-3.4.2.jar:/home/runner/.m2/repository/org/eclipse/jetty/jetty-util/9.4.51.v20230217/jetty-util-9.4.51.v20230217.jar:/home/runner/.m2/repository/org/eclipse/jetty/jetty-server/9.4.51.v20230217/jetty-server-9.4.51.v20230217.jar:/home/runner/.m2/repository/org/eclipse/jetty/jetty-http/9.4.51.v20230217/jetty-http-9.4.51.v20230217.jar:/home/runner/.m2/repository/org/eclipse/jetty/jetty-io/9.4.51.v20230217/jetty-io-9.4.51.v20230217.jar:/home/runner/.m2/repository/org/eclipse/jetty/jetty-servlet/9.4.51.v20230217/jetty-servlet-9.4.51.v20230217.jar:/home/runner/.m2/repository/org/eclipse/jetty/jetty-security/9.4.51.v20230217/jetty-security-9.4.51.v20230217.jar:/home/runner/.m2/repository/org/eclipse/jetty/jetty-util-ajax/9.4.51.v20230217/jetty-util-ajax-9.4.51.v20230217.jar:/home/runner/.m2/repository/org/eclipse/jetty/jetty-webapp/9.4.51.v20230217/jetty-webapp-9.4.51.v20230217.jar:/home/runner/.m2/repository/org/eclipse/jetty/jetty-xml/9.4.51.v20230217/jetty-xml-9.4.51.v20230217.jar:/home/runner/.m2/repository/org/apache/ratis/ratis-server/2.5.1/ratis-server-2.5.1.jar:/home/runner/.m2/repository/org/apache/ratis/ratis-thirdparty-misc/1.0.4/ratis-thirdparty-misc-1.0.4.jar:/home/runner/.m2/repository/org/apache/ratis/ratis-proto/2.5.1/ratis-proto-2.5.1.jar:/home/runner/.m2/repository/org/apache/ratis/ratis-common/2.5.1/ratis-common-2.5.1.jar:/home/runner/.m2/repository/org/apache/ratis/ratis-client/2.5.1/ratis-client-2.5.1.jar:/home/runner/.m2/repository/org/apache/ratis/ratis-server-api/2.5.1/ratis-server-api-2.5.1.jar:/home/runner/.m2/repository/org/apache/ratis/ratis-metrics/2.5.1/ratis-metrics-2.5.1.jar:/home/runner/.m2/repository/io/prometheus/simpleclient_dropwizard/0.7.0/simpleclient_dropwizard-0.7.0.jar:/home/runner/.m2/repository/io/prometheus/simpleclient/0.7.0/simpleclient-0.7.0.jar:/home/runner/.m2/repository/io/prometheus/simpleclient_common/0.7.0/simpleclient_common-0.7.0.jar:/home/runner/.m2/repository/com/fasterxml/jackson/datatype/jackson-datatype-jsr310/2.13.4/jackson-datatype-jsr310-2.13.4.jar:/home/runner/.m2/repository/com/fasterxml/jackson/core/jackson-core/2.13.4/jackson-core-2.13.4.jar:/home/runner/.m2/repository/com/github/spotbugs/spotbugs-annotations/3.1.12/spotbugs-annotations-3.1.12.jar:/home/runner/.m2/repository/org/apache/ozone/rocksdb-checkpoint-differ/1.4.0-SNAPSHOT/rocksdb-checkpoint-differ-1.4.0-SNAPSHOT.jar:/home/runner/.m2/repository/org/awaitility/awaitility/4.2.0/awaitility-4.2.0.jar:/home/runner/.m2/repository/org/hamcrest/hamcrest/2.1/hamcrest-2.1.jar:/home/runner/.m2/repository/org/apache/ozone/ozone-manager/1.4.0-SNAPSHOT/ozone-manager-1.4.0-SNAPSHOT.jar:/home/runner/.m2/repository/org/aspectj/aspectjrt/1.9.7/aspectjrt-1.9.7.jar:/home/runner/.m2/repository/org/aspectj/aspectjweaver/1.9.7/aspectjweaver-1.9.7.jar:/home/runner/.m2/repository/org/apache/ozone/hdds-interface-client/1.4.0-SNAPSHOT/hdds-interface-client-1.4.0-SNAPSHOT.jar:/home/runner/.m2/repository/org/apache/hadoop/thirdparty/hadoop-shaded-protobuf_3_7/1.1.1/hadoop-shaded-protobuf_3_7-1.1.1.jar:/home/runner/.m2/repository/org/apache/ozone/ozone-interface-storage/1.4.0-SNAPSHOT/ozone-interface-storage-1.4.0-SNAPSHOT.jar:/home/runner/.m2/repository/org/reflections/reflections/0.9.11/reflections-0.9.11.jar:/home/runner/.m2/repository/com/sun/jersey/jersey-client/1.19/jersey-client-1.19.jar:/home/runner/.m2/repository/org/codehaus/jackson/jackson-core-asl/1.9.13/jackson-core-asl-1.9.13.jar:/home/runner/.m2/repository/org/codehaus/jackson/jackson-mapper-asl/1.9.13/jackson-mapper-asl-1.9.13.jar:/home/runner/.m2/repository/org/codehaus/jackson/jackson-jaxrs/1.9.13/jackson-jaxrs-1.9.13.jar:/home/runner/.m2/repository/org/apache/ranger/ranger-intg/2.3.0/ranger-intg-2.3.0.jar:/home/runner/.m2/repository/org/apache/ranger/ranger-plugins-common/2.3.0/ranger-plugins-common-2.3.0.jar:/home/runner/.m2/repository/commons-lang/commons-lang/2.6/commons-lang-2.6.jar:/home/runner/.m2/repository/org/apache/ranger/ranger-plugins-cred/2.3.0/ranger-plugins-cred-2.3.0.jar:/home/runner/.m2/repository/org/apache/ranger/ranger-plugins-audit/2.3.0/ranger-plugins-audit-2.3.0.jar:/home/runner/.m2/repository/org/eclipse/jetty/jetty-client/9.4.51.v20230217/jetty-client-9.4.51.v20230217.jar:/home/runner/.m2/repository/org/apache/httpcomponents/httpmime/4.5.6/httpmime-4.5.6.jar:/home/runner/.m2/repository/org/apache/httpcomponents/httpcore-nio/4.4.13/httpcore-nio-4.4.13.jar:/home/runner/.m2/repository/org/apache/httpcomponents/httpasyncclient/4.1.3/httpasyncclient-4.1.3.jar:/home/runner/.m2/repository/com/carrotsearch/hppc/0.8.0/hppc-0.8.0.jar:/home/runner/.m2/repository/org/apache/orc/orc-core/1.5.8/orc-core-1.5.8.jar:/home/runner/.m2/repository/net/java/dev/jna/jna/5.2.0/jna-5.2.0.jar:/home/runner/.m2/repository/net/java/dev/jna/jna-platform/5.2.0/jna-platform-5.2.0.jar:/home/runner/.m2/repository/com/kstruct/gethostname4j/0.0.2/gethostname4j-0.0.2.jar:/home/runner/.m2/repository/org/apache/ranger/ranger-plugin-classloader/2.3.0/ranger-plugin-classloader-2.3.0.jar:/home/runner/.m2/repository/org/apache/ozone/hdds-rocks-native/1.4.0-SNAPSHOT/hdds-rocks-native-1.4.0-SNAPSHOT.jar:/home/runner/.m2/repository/org/apache/hadoop/hadoop-minikdc/3.3.5/hadoop-minikdc-3.3.5.jar:/home/runner/.m2/repository/org/apache/kerby/kerb-simplekdc/1.0.1/kerb-simplekdc-1.0.1.jar:/home/runner/.m2/repository/org/apache/kerby/kerb-client/1.0.1/kerb-client-1.0.1.jar:/home/runner/.m2/repository/org/apache/kerby/kerby-config/1.0.1/kerby-config-1.0.1.jar:/home/runner/.m2/repository/org/apache/kerby/kerb-common/1.0.1/kerb-common-1.0.1.jar:/home/runner/.m2/repository/org/apache/kerby/kerb-crypto/1.0.1/kerb-crypto-1.0.1.jar:/home/runner/.m2/repository/org/apache/kerby/kerb-util/1.0.1/kerb-util-1.0.1.jar:/home/runner/.m2/repository/org/apache/kerby/token-provider/1.0.1/token-provider-1.0.1.jar:/home/runner/.m2/repository/org/apache/kerby/kerb-admin/1.0.1/kerb-admin-1.0.1.jar:/home/runner/.m2/repository/org/apache/kerby/kerb-server/1.0.1/kerb-server-1.0.1.jar:/home/runner/.m2/repository/org/apache/kerby/kerb-identity/1.0.1/kerb-identity-1.0.1.jar:/home/runner/.m2/repository/org/apache/kerby/kerby-xdr/1.0.1/kerby-xdr-1.0.1.jar:/home/runner/.m2/repository/org/apache/ozone/ozone-s3gateway/1.4.0-SNAPSHOT/ozone-s3gateway-1.4.0-SNAPSHOT.jar:/home/runner/.m2/repository/org/javassist/javassist/3.21.0-GA/javassist-3.21.0-GA.jar:/home/runner/.m2/repository/org/jboss/weld/servlet/weld-servlet-shaded/3.1.9.Final/weld-servlet-shaded-3.1.9.Final.jar:/home/runner/.m2/repository/org/glassfish/jersey/containers/jersey-container-servlet-core/2.34/jersey-container-servlet-core-2.34.jar:/home/runner/.m2/repository/org/glassfish/hk2/external/jakarta.inject/2.6.1/jakarta.inject-2.6.1.jar:/home/runner/.m2/repository/org/glassfish/jersey/core/jersey-common/2.34/jersey-common-2.34.jar:/home/runner/.m2/repository/jakarta/ws/rs/jakarta.ws.rs-api/2.1.6/jakarta.ws.rs-api-2.1.6.jar:/home/runner/.m2/repository/org/glassfish/jersey/ext/cdi/jersey-cdi1x/2.34/jersey-cdi1x-2.34.jar:/home/runner/.m2/repository/org/glassfish/jersey/inject/jersey-hk2/2.34/jersey-hk2-2.34.jar:/home/runner/.m2/repository/org/glassfish/hk2/hk2-locator/2.6.1/hk2-locator-2.6.1.jar:/home/runner/.m2/repository/org/glassfish/jersey/media/jersey-media-jaxb/2.34/jersey-media-jaxb-2.34.jar:/home/runner/.m2/repository/org/glassfish/hk2/osgi-resource-locator/1.0.3/osgi-resource-locator-1.0.3.jar:/home/runner/.m2/repository/org/glassfish/hk2/hk2-api/2.5.0/hk2-api-2.5.0.jar:/home/runner/.m2/repository/org/glassfish/hk2/hk2-utils/2.5.0/hk2-utils-2.5.0.jar:/home/runner/.m2/repository/org/glassfish/hk2/external/aopalliance-repackaged/2.5.0/aopalliance-repackaged-2.5.0.jar:/home/runner/.m2/repository/com/fasterxml/jackson/dataformat/jackson-dataformat-xml/2.13.4/jackson-dataformat-xml-2.13.4.jar:/home/runner/.m2/repository/org/codehaus/woodstox/stax2-api/4.2.1/stax2-api-4.2.1.jar:/home/runner/.m2/repository/com/fasterxml/woodstox/woodstox-core/5.4.0/woodstox-core-5.4.0.jar:/home/runner/.m2/repository/com/fasterxml/jackson/module/jackson-module-jaxb-annotations/2.13.4/jackson-module-jaxb-annotations-2.13.4.jar:/home/runner/.m2/repository/jakarta/xml/bind/jakarta.xml.bind-api/2.3.3/jakarta.xml.bind-api-2.3.3.jar:/home/runner/.m2/repository/jakarta/activation/jakarta.activation-api/1.2.2/jakarta.activation-api-1.2.2.jar:/home/runner/.m2/repository/javax/enterprise/cdi-api/2.0/cdi-api-2.0.jar:/home/runner/.m2/repository/javax/el/javax.el-api/3.0.0/javax.el-api-3.0.0.jar:/home/runner/.m2/repository/javax/interceptor/javax.interceptor-api/1.2/javax.interceptor-api-1.2.jar:/home/runner/.m2/repository/javax/inject/javax.inject/1/javax.inject-1.jar:/home/runner/.m2/repository/javax/xml/bind/jaxb-api/2.3.0/jaxb-api-2.3.0.jar:/home/runner/.m2/repository/org/glassfish/jaxb/jaxb-runtime/2.3.0.1/jaxb-runtime-2.3.0.1.jar:/home/runner/.m2/repository/org/glassfish/jaxb/jaxb-core/2.3.0.1/jaxb-core-2.3.0.1.jar:/home/runner/.m2/repository/org/glassfish/jaxb/txw2/2.3.0.1/txw2-2.3.0.1.jar:/home/runner/.m2/repository/com/sun/istack/istack-commons-runtime/3.0.5/istack-commons-runtime-3.0.5.jar:/home/runner/.m2/repository/org/jvnet/staxex/stax-ex/1.7.8/stax-ex-1.7.8.jar:/home/runner/.m2/repository/com/sun/xml/fastinfoset/FastInfoset/1.2.13/FastInfoset-1.2.13.jar:/home/runner/.m2/repository/javax/activation/activation/1.1.1/activation-1.1.1.jar:/home/runner/.m2/repository/io/grpc/grpc-protobuf/1.51.1/grpc-protobuf-1.51.1.jar:/home/runner/.m2/repository/io/grpc/grpc-api/1.51.1/grpc-api-1.51.1.jar:/home/runner/.m2/repository/io/grpc/grpc-context/1.51.1/grpc-context-1.51.1.jar:/home/runner/.m2/repository/com/google/api/grpc/proto-google-common-protos/2.9.0/proto-google-common-protos-2.9.0.jar:/home/runner/.m2/repository/io/grpc/grpc-protobuf-lite/1.51.1/grpc-protobuf-lite-1.51.1.jar:/home/runner/.m2/repository/io/grpc/grpc-stub/1.51.1/grpc-stub-1.51.1.jar:/home/runner/.m2/repository/io/netty/netty-transport/4.1.86.Final/netty-transport-4.1.86.Final.jar:/home/runner/.m2/repository/io/netty/netty-resolver/4.1.86.Final/netty-resolver-4.1.86.Final.jar:/home/runner/.m2/repository/org/apache/ozone/ozone-csi/1.4.0-SNAPSHOT/ozone-csi-1.4.0-SNAPSHOT.jar:/home/runner/.m2/repository/com/google/protobuf/protobuf-java-util/3.19.6/protobuf-java-util-3.19.6.jar:/home/runner/.m2/repository/com/google/code/gson/gson/2.9.0/gson-2.9.0.jar:/home/runner/.m2/repository/org/apache/ozone/hdds-config/1.4.0-SNAPSHOT/hdds-config-1.4.0-SNAPSHOT.jar:/home/runner/.m2/repository/io/netty/netty-transport-native-epoll/4.1.86.Final/netty-transport-native-epoll-4.1.86.Final-linux-x86_64.jar:/home/runner/.m2/repository/io/netty/netty-transport-classes-epoll/4.1.86.Final/netty-transport-classes-epoll-4.1.86.Final.jar:/home/runner/.m2/repository/io/netty/netty-transport-native-unix-common/4.1.86.Final/netty-transport-native-unix-common-4.1.86.Final.jar:/home/runner/.m2/repository/org/apache/ozone/ozone-recon/1.4.0-SNAPSHOT/ozone-recon-1.4.0-SNAPSHOT.jar:/home/runner/.m2/repository/org/apache/ozone/ozone-reconcodegen/1.4.0-SNAPSHOT/ozone-reconcodegen-1.4.0-SNAPSHOT.jar:/home/runner/.m2/repository/com/google/inject/guice/5.1.0/guice-5.1.0.jar:/home/runner/.m2/repository/aopalliance/aopalliance/1.0/aopalliance-1.0.jar:/home/runner/.m2/repository/com/google/inject/extensions/guice-assistedinject/5.1.0/guice-assistedinject-5.1.0.jar:/home/runner/.m2/repository/com/google/inject/extensions/guice-servlet/5.1.0/guice-servlet-5.1.0.jar:/home/runner/.m2/repository/org/glassfish/jersey/containers/jersey-container-servlet/2.34/jersey-container-servlet-2.34.jar:/home/runner/.m2/repository/org/glassfish/hk2/guice-bridge/2.5.0/guice-bridge-2.5.0.jar:/home/runner/.m2/repository/org/glassfish/jersey/core/jersey-server/2.34/jersey-server-2.34.jar:/home/runner/.m2/repository/org/glassfish/jersey/core/jersey-client/2.34/jersey-client-2.34.jar:/home/runner/.m2/repository/jakarta/annotation/jakarta.annotation-api/1.3.5/jakarta.annotation-api-1.3.5.jar:/home/runner/.m2/repository/jakarta/validation/jakarta.validation-api/2.0.2/jakarta.validation-api-2.0.2.jar:/home/runner/.m2/repository/org/glassfish/jersey/media/jersey-media-json-jackson/2.34/jersey-media-json-jackson-2.34.jar:/home/runner/.m2/repository/org/glassfish/jersey/ext/jersey-entity-filtering/2.34/jersey-entity-filtering-2.34.jar:/home/runner/.m2/repository/org/jooq/jooq/3.11.10/jooq-3.11.10.jar:/home/runner/.m2/repository/org/jooq/jooq-meta/3.11.10/jooq-meta-3.11.10.jar:/home/runner/.m2/repository/org/jooq/jooq-codegen/3.11.10/jooq-codegen-3.11.10.jar:/home/runner/.m2/repository/com/jolbox/bonecp/0.8.0.RELEASE/bonecp-0.8.0.RELEASE.jar:/home/runner/.m2/repository/org/apache/derby/derby/10.14.2.0/derby-10.14.2.0.jar:/home/runner/.m2/repository/org/xerial/sqlite-jdbc/3.25.2/sqlite-jdbc-3.25.2.jar:/home/runner/.m2/repository/org/springframework/spring-jdbc/5.3.27/spring-jdbc-5.3.27.jar:/home/runner/.m2/repository/org/springframework/spring-beans/5.3.27/spring-beans-5.3.27.jar:/home/runner/.m2/repository/org/springframework/spring-core/5.3.27/spring-core-5.3.27.jar:/home/runner/.m2/repository/org/springframework/spring-tx/5.3.27/spring-tx-5.3.27.jar:/home/runner/.m2/repository/org/apache/ozone/ozone-client/1.4.0-SNAPSHOT/ozone-client-1.4.0-SNAPSHOT.jar:/home/runner/.m2/repository/org/apache/ozone/hdds-erasurecode/1.4.0-SNAPSHOT/hdds-erasurecode-1.4.0-SNAPSHOT.jar:/home/runner/.m2/repository/org/apache/ozone/ozone-filesystem/1.4.0-SNAPSHOT/ozone-filesystem-1.4.0-SNAPSHOT.jar:/home/runner/.m2/repository/org/apache/ozone/ozone-filesystem-common/1.4.0-SNAPSHOT/ozone-filesystem-common-1.4.0-SNAPSHOT.jar:/home/runner/.m2/repository/org/apache/ozone/ozone-tools/1.4.0-SNAPSHOT/ozone-tools-1.4.0-SNAPSHOT.jar:/home/runner/.m2/repository/com/amazonaws/aws-java-sdk-core/1.12.261/aws-java-sdk-core-1.12.261.jar:/home/runner/.m2/repository/org/apache/httpcomponents/httpclient/4.5.13/httpclient-4.5.13.jar:/home/runner/.m2/repository/org/apache/httpcomponents/httpcore/4.4.13/httpcore-4.4.13.jar:/home/runner/.m2/repository/software/amazon/ion/ion-java/1.0.2/ion-java-1.0.2.jar:/home/runner/.m2/repository/com/fasterxml/jackson/dataformat/jackson-dataformat-cbor/2.13.4/jackson-dataformat-cbor-2.13.4.jar:/home/runner/.m2/repository/joda-time/joda-time/2.10.6/joda-time-2.10.6.jar:/home/runner/.m2/repository/com/amazonaws/aws-java-sdk-s3/1.12.261/aws-java-sdk-s3-1.12.261.jar:/home/runner/.m2/repository/com/amazonaws/aws-java-sdk-kms/1.12.261/aws-java-sdk-kms-1.12.261.jar:/home/runner/.m2/repository/com/amazonaws/jmespath-java/1.12.261/jmespath-java-1.12.261.jar:/home/runner/.m2/repository/org/kohsuke/metainf-services/metainf-services/1.8/metainf-services-1.8.jar:/home/runner/.m2/repository/org/apache/ozone/hdds-tools/1.4.0-SNAPSHOT/hdds-tools-1.4.0-SNAPSHOT.jar:/home/runner/.m2/repository/org/apache/ratis/ratis-tools/2.5.1/ratis-tools-2.5.1.jar:/home/runner/.m2/repository/commons-cli/commons-cli/1.2/commons-cli-1.2.jar:/home/runner/.m2/repository/org/apache/commons/commons-lang3/3.7/commons-lang3-3.7.jar:/home/runner/.m2/repository/org/apache/ozone/ozone-manager/1.4.0-SNAPSHOT/ozone-manager-1.4.0-SNAPSHOT-tests.jar:/home/runner/.m2/repository/org/apache/ozone/hdds-common/1.4.0-SNAPSHOT/hdds-common-1.4.0-SNAPSHOT-tests.jar:/home/runner/.m2/repository/org/apache/ozone/hdds-hadoop-dependency-client/1.4.0-SNAPSHOT/hdds-hadoop-dependency-client-1.4.0-SNAPSHOT.jar:/home/runner/.m2/repository/info/picocli/picocli/4.6.1/picocli-4.6.1.jar:/home/runner/.m2/repository/com/fasterxml/jackson/core/jackson-annotations/2.13.4/jackson-annotations-2.13.4.jar:/home/runner/.m2/repository/org/apache/ozone/hdds-annotation-processing/1.4.0-SNAPSHOT/hdds-annotation-processing-1.4.0-SNAPSHOT.jar:/home/runner/.m2/repository/javax/annotation/javax.annotation-api/1.2/javax.annotation-api-1.2.jar:/home/runner/.m2/repository/org/apache/ratis/ratis-netty/2.5.1/ratis-netty-2.5.1.jar:/home/runner/.m2/repository/org/apache/ratis/ratis-grpc/2.5.1/ratis-grpc-2.5.1.jar:/home/runner/.m2/repository/org/apache/logging/log4j/log4j-api/2.17.1/log4j-api-2.17.1.jar:/home/runner/.m2/repository/org/apache/commons/commons-pool2/2.6.0/commons-pool2-2.6.0.jar:/home/runner/.m2/repository/org/bouncycastle/bcpkix-jdk15on/1.67/bcpkix-jdk15on-1.67.jar:/home/runner/.m2/repository/commons-validator/commons-validator/1.6/commons-validator-1.6.jar:/home/runner/.m2/repository/commons-beanutils/commons-beanutils/1.9.4/commons-beanutils-1.9.4.jar:/home/runner/.m2/repository/commons-digester/commons-digester/1.8.1/commons-digester-1.8.1.jar:/home/runner/.m2/repository/commons-collections/commons-collections/3.2.2/commons-collections-3.2.2.jar:/home/runner/.m2/repository/io/jaegertracing/jaeger-client/1.6.0/jaeger-client-1.6.0.jar:/home/runner/.m2/repository/io/jaegertracing/jaeger-thrift/1.6.0/jaeger-thrift-1.6.0.jar:/home/runner/.m2/repository/org/apache/thrift/libthrift/0.14.1/libthrift-0.14.1.jar:/home/runner/.m2/repository/io/jaegertracing/jaeger-core/1.6.0/jaeger-core-1.6.0.jar:/home/runner/.m2/repository/io/jaegertracing/jaeger-tracerresolver/1.6.0/jaeger-tracerresolver-1.6.0.jar:/home/runner/.m2/repository/io/opentracing/contrib/opentracing-tracerresolver/0.1.8/opentracing-tracerresolver-0.1.8.jar:/home/runner/.m2/repository/org/jetbrains/kotlin/kotlin-stdlib/1.6.21/kotlin-stdlib-1.6.21.jar:/home/runner/.m2/repository/org/jetbrains/annotations/13.0/annotations-13.0.jar:/home/runner/.m2/repository/io/opentracing/opentracing-util/0.33.0/opentracing-util-0.33.0.jar:/home/runner/.m2/repository/io/opentracing/opentracing-api/0.33.0/opentracing-api-0.33.0.jar:/home/runner/.m2/repository/io/opentracing/opentracing-noop/0.33.0/opentracing-noop-0.33.0.jar:/home/runner/.m2/repository/org/yaml/snakeyaml/2.0/snakeyaml-2.0.jar:/home/runner/.m2/repository/junit/junit/4.13.1/junit-4.13.1.jar:/home/runner/.m2/repository/org/hamcrest/hamcrest-core/1.3/hamcrest-core-1.3.jar:/home/runner/.m2/repository/org/junit/jupiter/junit-jupiter-api/5.8.2/junit-jupiter-api-5.8.2.jar:/home/runner/.m2/repository/org/opentest4j/opentest4j/1.2.0/opentest4j-1.2.0.jar:/home/runner/.m2/repository/org/junit/platform/junit-platform-commons/1.8.2/junit-platform-commons-1.8.2.jar:/home/runner/.m2/repository/org/apiguardian/apiguardian-api/1.1.2/apiguardian-api-1.1.2.jar:/home/runner/.m2/repository/org/junit/jupiter/junit-jupiter-params/5.8.2/junit-jupiter-params-5.8.2.jar:/home/runner/.m2/repository/org/junit/jupiter/junit-jupiter-migrationsupport/5.8.2/junit-jupiter-migrationsupport-5.8.2.jar:/home/runner/.m2/repository/org/junit/jupiter/junit-jupiter-engine/5.8.2/junit-jupiter-engine-5.8.2.jar:/home/runner/.m2/repository/org/junit/platform/junit-platform-engine/1.8.2/junit-platform-engine-1.8.2.jar:/home/runner/.m2/repository/org/junit/vintage/junit-vintage-engine/5.8.2/junit-vintage-engine-5.8.2.jar:/home/runner/.m2/repository/org/junit/platform/junit-platform-launcher/1.8.2/junit-platform-launcher-1.8.2.jar:/home/runner/.m2/repository/org/mockito/mockito-core/2.28.2/mockito-core-2.28.2.jar:/home/runner/.m2/repository/net/bytebuddy/byte-buddy/1.9.10/byte-buddy-1.9.10.jar:/home/runner/.m2/repository/net/bytebuddy/byte-buddy-agent/1.9.10/byte-buddy-agent-1.9.10.jar:/home/runner/.m2/repository/org/objenesis/objenesis/1.0/objenesis-1.0.jar:/home/runner/.m2/repository/org/apache/hadoop/hadoop-kms/3.3.5/hadoop-kms-3.3.5.jar:/home/runner/.m2/repository/org/apache/hadoop/hadoop-auth/3.3.5/hadoop-auth-3.3.5.jar:/home/runner/.m2/repository/com/nimbusds/nimbus-jose-jwt/9.8.1/nimbus-jose-jwt-9.8.1.jar:/home/runner/.m2/repository/com/github/stephenc/jcip/jcip-annotations/1.0-1/jcip-annotations-1.0-1.jar:/home/runner/.m2/repository/net/minidev/json-smart/2.4.7/json-smart-2.4.7.jar:/home/runner/.m2/repository/net/minidev/accessors-smart/2.4.7/accessors-smart-2.4.7.jar:/home/runner/.m2/repository/org/ow2/asm/asm/5.0.4/asm-5.0.4.jar:/home/runner/.m2/repository/org/apache/zookeeper/zookeeper/3.5.6/zookeeper-3.5.6.jar:/home/runner/.m2/repository/org/apache/zookeeper/zookeeper-jute/3.5.6/zookeeper-jute-3.5.6.jar:/home/runner/.m2/repository/org/apache/yetus/audience-annotations/0.5.0/audience-annotations-0.5.0.jar:/home/runner/.m2/repository/org/apache/curator/curator-framework/4.2.0/curator-framework-4.2.0.jar:/home/runner/.m2/repository/org/apache/hadoop/thirdparty/hadoop-shaded-guava/1.1.1/hadoop-shaded-guava-1.1.1.jar:/home/runner/.m2/repository/com/sun/jersey/jersey-core/1.19/jersey-core-1.19.jar:/home/runner/.m2/repository/javax/ws/rs/jsr311-api/1.1.1/jsr311-api-1.1.1.jar:/home/runner/.m2/repository/com/sun/jersey/jersey-server/1.19/jersey-server-1.19.jar:/home/runner/.m2/repository/javax/servlet/javax.servlet-api/3.1.0/javax.servlet-api-3.1.0.jar:/home/runner/.m2/repository/org/apache/hadoop/hadoop-common/3.3.5/hadoop-common-3.3.5.jar:/home/runner/.m2/repository/org/apache/commons/commons-math3/3.1.1/commons-math3-3.1.1.jar:/home/runner/.m2/repository/commons-net/commons-net/3.9.0/commons-net-3.9.0.jar:/home/runner/.m2/repository/com/sun/jersey/jersey-servlet/1.19/jersey-servlet-1.19.jar:/home/runner/.m2/repository/com/github/pjfanning/jersey-json/1.20/jersey-json-1.20.jar:/home/runner/.m2/repository/org/codehaus/jettison/jettison/1.1/jettison-1.1.jar:/home/runner/.m2/repository/com/sun/xml/bind/jaxb-impl/2.2.3-1/jaxb-impl-2.2.3-1.jar:/home/runner/.m2/repository/com/google/re2j/re2j/1.1/re2j-1.1.jar:/home/runner/.m2/repository/com/jcraft/jsch/0.1.54/jsch-0.1.54.jar:/home/runner/.m2/repository/org/apache/curator/curator-client/4.2.0/curator-client-4.2.0.jar:/home/runner/.m2/repository/org/apache/curator/curator-recipes/4.2.0/curator-recipes-4.2.0.jar:/home/runner/.m2/repository/org/apache/kerby/kerb-core/1.0.1/kerb-core-1.0.1.jar:/home/runner/.m2/repository/org/apache/kerby/kerby-pkix/1.0.1/kerby-pkix-1.0.1.jar:/home/runner/.m2/repository/org/apache/kerby/kerby-asn1/1.0.1/kerby-asn1-1.0.1.jar:/home/runner/.m2/repository/org/apache/kerby/kerby-util/1.0.1/kerby-util-1.0.1.jar:/home/runner/.m2/repository/dnsjava/dnsjava/2.1.7/dnsjava-2.1.7.jar:/home/runner/.m2/repository/org/xerial/snappy/snappy-java/1.1.8.2/snappy-java-1.1.8.2.jar:/home/runner/.m2/repository/com/fasterxml/jackson/core/jackson-databind/2.13.4.2/jackson-databind-2.13.4.2.jar:/home/runner/.m2/repository/org/apache/hadoop/hadoop-kms/3.3.5/hadoop-kms-3.3.5-tests.jar:/home/runner/.m2/repository/org/apache/ozone/hdds-server-scm/1.4.0-SNAPSHOT/hdds-server-scm-1.4.0-SNAPSHOT-tests.jar:/home/runner/.m2/repository/org/apache/ozone/hdds-container-service/1.4.0-SNAPSHOT/hdds-container-service-1.4.0-SNAPSHOT-tests.jar:/home/runner/.m2/repository/com/github/luben/zstd-jni/1.5.2-5/zstd-jni-1.5.2-5.jar:/home/runner/.m2/repository/commons-codec/commons-codec/1.15/commons-codec-1.15.jar:/home/runner/.m2/repository/io/netty/netty-codec/4.1.86.Final/netty-codec-4.1.86.Final.jar:/home/runner/.m2/repository/io/netty/netty-handler/4.1.86.Final/netty-handler-4.1.86.Final.jar:/home/runner/.m2/repository/org/apache/ozone/hdds-hadoop-dependency-test/1.4.0-SNAPSHOT/hdds-hadoop-dependency-test-1.4.0-SNAPSHOT.jar:/home/runner/.m2/repository/org/apache/hadoop/hadoop-common/3.3.5/hadoop-common-3.3.5-tests.jar:/home/runner/.m2/repository/org/apache/hadoop/hadoop-hdfs/3.3.5/hadoop-hdfs-3.3.5-tests.jar:/home/runner/.m2/repository/org/assertj/assertj-core/3.12.2/assertj-core-3.12.2.jar:/home/runner/.m2/repository/org/apache/hadoop/hadoop-distcp/3.3.5/hadoop-distcp-3.3.5.jar:/home/runner/.m2/repository/org/apache/hadoop/hadoop-mapreduce-client-jobclient/3.3.5/hadoop-mapreduce-client-jobclient-3.3.5.jar:/home/runner/.m2/repository/org/apache/hadoop/hadoop-mapreduce-client-common/3.3.5/hadoop-mapreduce-client-common-3.3.5.jar:/home/runner/.m2/repository/org/apache/hadoop/hadoop-yarn-common/3.3.5/hadoop-yarn-common-3.3.5.jar:/home/runner/.m2/repository/org/apache/hadoop/hadoop-yarn-api/3.3.5/hadoop-yarn-api-3.3.5.jar:/home/runner/.m2/repository/com/sun/jersey/contribs/jersey-guice/1.19/jersey-guice-1.19.jar:/home/runner/.m2/repository/com/fasterxml/jackson/jaxrs/jackson-jaxrs-json-provider/2.13.4/jackson-jaxrs-json-provider-2.13.4.jar:/home/runner/.m2/repository/com/fasterxml/jackson/jaxrs/jackson-jaxrs-base/2.13.4/jackson-jaxrs-base-2.13.4.jar:/home/runner/.m2/repository/org/apache/hadoop/hadoop-yarn-client/3.3.5/hadoop-yarn-client-3.3.5.jar:/home/runner/.m2/repository/org/eclipse/jetty/websocket/websocket-client/9.4.48.v20220622/websocket-client-9.4.48.v20220622.jar:/home/runner/.m2/repository/org/eclipse/jetty/websocket/websocket-common/9.4.48.v20220622/websocket-common-9.4.48.v20220622.jar:/home/runner/.m2/repository/org/eclipse/jetty/websocket/websocket-api/9.4.48.v20220622/websocket-api-9.4.48.v20220622.jar:/home/runner/.m2/repository/org/jline/jline/3.9.0/jline-3.9.0.jar:/home/runner/.m2/repository/org/apache/hadoop/hadoop-mapreduce-client-core/3.3.5/hadoop-mapreduce-client-core-3.3.5.jar:/home/runner/.m2/repository/org/apache/avro/avro/1.7.7/avro-1.7.7.jar:/home/runner/.m2/repository/com/thoughtworks/paranamer/paranamer/2.3/paranamer-2.3.jar:/home/runner/.m2/repository/org/apache/hadoop/hadoop-annotations/3.3.5/hadoop-annotations-3.3.5.jar:/usr/lib/jvm/temurin-8-jdk-amd64/jre/../lib/tools.jar:/home/runner/.m2/repository/io/netty/netty/3.10.6.Final/netty-3.10.6.Final.jar:/home/runner/.m2/repository/org/apache/hadoop/hadoop-distcp/3.3.5/hadoop-distcp-3.3.5-tests.jar:/home/runner/.m2/repository/org/slf4j/jul-to-slf4j/1.7.36/jul-to-slf4j-1.7.36.jar:"/>
    <property name="java.vm.vendor" value="Temurin"/>
    <property name="sun.arch.data.model" value="64"/>
    <property name="test.build.dir" value="/home/runner/work/ozone/ozone/hadoop-ozone/integration-test/target/test-dir"/>
    <property name="test.cache.data" value=""/>
    <property name="java.vendor.url" value="https://adoptium.net/"/>
    <property name="user.timezone" value="Etc/UTC"/>
    <property name="java.vm.specification.version" value="1.8"/>
    <property name="os.name" value="Linux"/>
    <property name="test.build.data" value="/home/runner/work/ozone/ozone/hadoop-ozone/integration-test/target/test-dir"/>
    <property name="sun.java.launcher" value="SUN_STANDARD"/>
    <property name="sun.boot.library.path" value="/usr/lib/jvm/temurin-8-jdk-amd64/jre/lib/amd64"/>
    <property name="sun.java.command" value="/home/runner/work/ozone/ozone/hadoop-ozone/integration-test/target/surefire/surefirebooter2141449412152355047.jar /home/runner/work/ozone/ozone/hadoop-ozone/integration-test/target/surefire 2023-05-17T09-08-36_650-jvmRun1 surefire4798648044065332271tmp surefire_12724422919308580394tmp"/>
    <property name="surefire.test.class.path" value="/home/runner/work/ozone/ozone/hadoop-ozone/integration-test/target/test-classes:/home/runner/work/ozone/ozone/hadoop-ozone/integration-test/target/classes:/home/runner/.m2/repository/org/apache/ozone/ozone-common/1.4.0-SNAPSHOT/ozone-common-1.4.0-SNAPSHOT.jar:/home/runner/.m2/repository/io/grpc/grpc-netty/1.51.1/grpc-netty-1.51.1.jar:/home/runner/.m2/repository/io/grpc/grpc-core/1.51.1/grpc-core-1.51.1.jar:/home/runner/.m2/repository/com/google/android/annotations/4.1.1.4/annotations-4.1.1.4.jar:/home/runner/.m2/repository/org/codehaus/mojo/animal-sniffer-annotations/1.21/animal-sniffer-annotations-1.21.jar:/home/runner/.m2/repository/com/google/errorprone/error_prone_annotations/2.2.0/error_prone_annotations-2.2.0.jar:/home/runner/.m2/repository/io/perfmark/perfmark-api/0.25.0/perfmark-api-0.25.0.jar:/home/runner/.m2/repository/io/netty/netty-codec-http2/4.1.86.Final/netty-codec-http2-4.1.86.Final.jar:/home/runner/.m2/repository/io/netty/netty-common/4.1.86.Final/netty-common-4.1.86.Final.jar:/home/runner/.m2/repository/io/netty/netty-buffer/4.1.86.Final/netty-buffer-4.1.86.Final.jar:/home/runner/.m2/repository/io/netty/netty-codec-http/4.1.86.Final/netty-codec-http-4.1.86.Final.jar:/home/runner/.m2/repository/io/netty/netty-handler-proxy/4.1.86.Final/netty-handler-proxy-4.1.86.Final.jar:/home/runner/.m2/repository/io/netty/netty-codec-socks/4.1.86.Final/netty-codec-socks-4.1.86.Final.jar:/home/runner/.m2/repository/io/netty/netty-tcnative-boringssl-static/2.0.54.Final/netty-tcnative-boringssl-static-2.0.54.Final.jar:/home/runner/.m2/repository/io/netty/netty-tcnative-classes/2.0.54.Final/netty-tcnative-classes-2.0.54.Final.jar:/home/runner/.m2/repository/io/netty/netty-tcnative-boringssl-static/2.0.54.Final/netty-tcnative-boringssl-static-2.0.54.Final-linux-x86_64.jar:/home/runner/.m2/repository/io/netty/netty-tcnative-boringssl-static/2.0.54.Final/netty-tcnative-boringssl-static-2.0.54.Final-linux-aarch_64.jar:/home/runner/.m2/repository/io/netty/netty-tcnative-boringssl-static/2.0.54.Final/netty-tcnative-boringssl-static-2.0.54.Final-osx-x86_64.jar:/home/runner/.m2/repository/io/netty/netty-tcnative-boringssl-static/2.0.54.Final/netty-tcnative-boringssl-static-2.0.54.Final-osx-aarch_64.jar:/home/runner/.m2/repository/io/netty/netty-tcnative-boringssl-static/2.0.54.Final/netty-tcnative-boringssl-static-2.0.54.Final-windows-x86_64.jar:/home/runner/.m2/repository/org/apache/commons/commons-compress/1.21/commons-compress-1.21.jar:/home/runner/.m2/repository/org/apache/ozone/hdds-common/1.4.0-SNAPSHOT/hdds-common-1.4.0-SNAPSHOT.jar:/home/runner/.m2/repository/org/apache/ozone/hdds-client/1.4.0-SNAPSHOT/hdds-client-1.4.0-SNAPSHOT.jar:/home/runner/.m2/repository/org/apache/ozone/ozone-interface-client/1.4.0-SNAPSHOT/ozone-interface-client-1.4.0-SNAPSHOT.jar:/home/runner/.m2/repository/org/apache/hadoop/hadoop-hdfs-client/3.3.5/hadoop-hdfs-client-3.3.5.jar:/home/runner/.m2/repository/com/squareup/okhttp3/okhttp/4.9.3/okhttp-4.9.3.jar:/home/runner/.m2/repository/com/squareup/okio/okio/2.8.0/okio-2.8.0.jar:/home/runner/.m2/repository/org/jetbrains/kotlin/kotlin-stdlib-common/1.6.21/kotlin-stdlib-common-1.6.21.jar:/home/runner/.m2/repository/org/apache/ozone/hdds-test-utils/1.4.0-SNAPSHOT/hdds-test-utils-1.4.0-SNAPSHOT.jar:/home/runner/.m2/repository/com/google/guava/guava/31.1-jre/guava-31.1-jre.jar:/home/runner/.m2/repository/com/google/guava/failureaccess/1.0.1/failureaccess-1.0.1.jar:/home/runner/.m2/repository/com/google/guava/listenablefuture/9999.0-empty-to-avoid-conflict-with-guava/listenablefuture-9999.0-empty-to-avoid-conflict-with-guava.jar:/home/runner/.m2/repository/com/google/code/findbugs/jsr305/3.0.0/jsr305-3.0.0.jar:/home/runner/.m2/repository/org/checkerframework/checker-qual/3.12.0/checker-qual-3.12.0.jar:/home/runner/.m2/repository/com/google/j2objc/j2objc-annotations/1.3/j2objc-annotations-1.3.jar:/home/runner/.m2/repository/commons-io/commons-io/2.11.0/commons-io-2.11.0.jar:/home/runner/.m2/repository/commons-logging/commons-logging/1.2/commons-logging-1.2.jar:/home/runner/.m2/repository/ch/qos/reload4j/reload4j/1.2.22/reload4j-1.2.22.jar:/home/runner/.m2/repository/org/slf4j/slf4j-api/1.7.36/slf4j-api-1.7.36.jar:/home/runner/.m2/repository/org/apache/ozone/hdds-server-scm/1.4.0-SNAPSHOT/hdds-server-scm-1.4.0-SNAPSHOT.jar:/home/runner/.m2/repository/org/apache/ozone/hdds-container-service/1.4.0-SNAPSHOT/hdds-container-service-1.4.0-SNAPSHOT.jar:/home/runner/.m2/repository/org/apache/ozone/hdds-hadoop-dependency-server/1.4.0-SNAPSHOT/hdds-hadoop-dependency-server-1.4.0-SNAPSHOT.jar:/home/runner/.m2/repository/org/apache/hadoop/hadoop-hdfs/3.3.5/hadoop-hdfs-3.3.5.jar:/home/runner/.m2/repository/commons-daemon/commons-daemon/1.0.13/commons-daemon-1.0.13.jar:/home/runner/.m2/repository/org/apache/ozone/hdds-server-framework/1.4.0-SNAPSHOT/hdds-server-framework-1.4.0-SNAPSHOT.jar:/home/runner/.m2/repository/io/dropwizard/metrics/metrics-core/3.2.4/metrics-core-3.2.4.jar:/home/runner/.m2/repository/org/apache/commons/commons-text/1.4/commons-text-1.4.jar:/home/runner/.m2/repository/org/bouncycastle/bcprov-jdk15on/1.67/bcprov-jdk15on-1.67.jar:/home/runner/.m2/repository/com/google/protobuf/protobuf-java/2.5.0/protobuf-java-2.5.0.jar:/home/runner/.m2/repository/org/apache/ozone/hdds-server-framework/1.4.0-SNAPSHOT/hdds-server-framework-1.4.0-SNAPSHOT-tests.jar:/home/runner/.m2/repository/org/apache/ozone/hdds-interface-server/1.4.0-SNAPSHOT/hdds-interface-server-1.4.0-SNAPSHOT.jar:/home/runner/.m2/repository/org/apache/ozone/hdds-interface-admin/1.4.0-SNAPSHOT/hdds-interface-admin-1.4.0-SNAPSHOT.jar:/home/runner/.m2/repository/org/apache/ozone/hdds-managed-rocksdb/1.4.0-SNAPSHOT/hdds-managed-rocksdb-1.4.0-SNAPSHOT.jar:/home/runner/.m2/repository/org/rocksdb/rocksdbjni/7.7.3/rocksdbjni-7.7.3.jar:/home/runner/.m2/repository/org/slf4j/slf4j-reload4j/1.7.36/slf4j-reload4j-1.7.36.jar:/home/runner/.m2/repository/org/apache/commons/commons-configuration2/2.1.1/commons-configuration2-2.1.1.jar:/home/runner/.m2/repository/org/apache/logging/log4j/log4j-core/2.17.1/log4j-core-2.17.1.jar:/home/runner/.m2/repository/com/lmax/disruptor/3.4.2/disruptor-3.4.2.jar:/home/runner/.m2/repository/org/eclipse/jetty/jetty-util/9.4.51.v20230217/jetty-util-9.4.51.v20230217.jar:/home/runner/.m2/repository/org/eclipse/jetty/jetty-server/9.4.51.v20230217/jetty-server-9.4.51.v20230217.jar:/home/runner/.m2/repository/org/eclipse/jetty/jetty-http/9.4.51.v20230217/jetty-http-9.4.51.v20230217.jar:/home/runner/.m2/repository/org/eclipse/jetty/jetty-io/9.4.51.v20230217/jetty-io-9.4.51.v20230217.jar:/home/runner/.m2/repository/org/eclipse/jetty/jetty-servlet/9.4.51.v20230217/jetty-servlet-9.4.51.v20230217.jar:/home/runner/.m2/repository/org/eclipse/jetty/jetty-security/9.4.51.v20230217/jetty-security-9.4.51.v20230217.jar:/home/runner/.m2/repository/org/eclipse/jetty/jetty-util-ajax/9.4.51.v20230217/jetty-util-ajax-9.4.51.v20230217.jar:/home/runner/.m2/repository/org/eclipse/jetty/jetty-webapp/9.4.51.v20230217/jetty-webapp-9.4.51.v20230217.jar:/home/runner/.m2/repository/org/eclipse/jetty/jetty-xml/9.4.51.v20230217/jetty-xml-9.4.51.v20230217.jar:/home/runner/.m2/repository/org/apache/ratis/ratis-server/2.5.1/ratis-server-2.5.1.jar:/home/runner/.m2/repository/org/apache/ratis/ratis-thirdparty-misc/1.0.4/ratis-thirdparty-misc-1.0.4.jar:/home/runner/.m2/repository/org/apache/ratis/ratis-proto/2.5.1/ratis-proto-2.5.1.jar:/home/runner/.m2/repository/org/apache/ratis/ratis-common/2.5.1/ratis-common-2.5.1.jar:/home/runner/.m2/repository/org/apache/ratis/ratis-client/2.5.1/ratis-client-2.5.1.jar:/home/runner/.m2/repository/org/apache/ratis/ratis-server-api/2.5.1/ratis-server-api-2.5.1.jar:/home/runner/.m2/repository/org/apache/ratis/ratis-metrics/2.5.1/ratis-metrics-2.5.1.jar:/home/runner/.m2/repository/io/prometheus/simpleclient_dropwizard/0.7.0/simpleclient_dropwizard-0.7.0.jar:/home/runner/.m2/repository/io/prometheus/simpleclient/0.7.0/simpleclient-0.7.0.jar:/home/runner/.m2/repository/io/prometheus/simpleclient_common/0.7.0/simpleclient_common-0.7.0.jar:/home/runner/.m2/repository/com/fasterxml/jackson/datatype/jackson-datatype-jsr310/2.13.4/jackson-datatype-jsr310-2.13.4.jar:/home/runner/.m2/repository/com/fasterxml/jackson/core/jackson-core/2.13.4/jackson-core-2.13.4.jar:/home/runner/.m2/repository/com/github/spotbugs/spotbugs-annotations/3.1.12/spotbugs-annotations-3.1.12.jar:/home/runner/.m2/repository/org/apache/ozone/rocksdb-checkpoint-differ/1.4.0-SNAPSHOT/rocksdb-checkpoint-differ-1.4.0-SNAPSHOT.jar:/home/runner/.m2/repository/org/awaitility/awaitility/4.2.0/awaitility-4.2.0.jar:/home/runner/.m2/repository/org/hamcrest/hamcrest/2.1/hamcrest-2.1.jar:/home/runner/.m2/repository/org/apache/ozone/ozone-manager/1.4.0-SNAPSHOT/ozone-manager-1.4.0-SNAPSHOT.jar:/home/runner/.m2/repository/org/aspectj/aspectjrt/1.9.7/aspectjrt-1.9.7.jar:/home/runner/.m2/repository/org/aspectj/aspectjweaver/1.9.7/aspectjweaver-1.9.7.jar:/home/runner/.m2/repository/org/apache/ozone/hdds-interface-client/1.4.0-SNAPSHOT/hdds-interface-client-1.4.0-SNAPSHOT.jar:/home/runner/.m2/repository/org/apache/hadoop/thirdparty/hadoop-shaded-protobuf_3_7/1.1.1/hadoop-shaded-protobuf_3_7-1.1.1.jar:/home/runner/.m2/repository/org/apache/ozone/ozone-interface-storage/1.4.0-SNAPSHOT/ozone-interface-storage-1.4.0-SNAPSHOT.jar:/home/runner/.m2/repository/org/reflections/reflections/0.9.11/reflections-0.9.11.jar:/home/runner/.m2/repository/com/sun/jersey/jersey-client/1.19/jersey-client-1.19.jar:/home/runner/.m2/repository/org/codehaus/jackson/jackson-core-asl/1.9.13/jackson-core-asl-1.9.13.jar:/home/runner/.m2/repository/org/codehaus/jackson/jackson-mapper-asl/1.9.13/jackson-mapper-asl-1.9.13.jar:/home/runner/.m2/repository/org/codehaus/jackson/jackson-jaxrs/1.9.13/jackson-jaxrs-1.9.13.jar:/home/runner/.m2/repository/org/apache/ranger/ranger-intg/2.3.0/ranger-intg-2.3.0.jar:/home/runner/.m2/repository/org/apache/ranger/ranger-plugins-common/2.3.0/ranger-plugins-common-2.3.0.jar:/home/runner/.m2/repository/commons-lang/commons-lang/2.6/commons-lang-2.6.jar:/home/runner/.m2/repository/org/apache/ranger/ranger-plugins-cred/2.3.0/ranger-plugins-cred-2.3.0.jar:/home/runner/.m2/repository/org/apache/ranger/ranger-plugins-audit/2.3.0/ranger-plugins-audit-2.3.0.jar:/home/runner/.m2/repository/org/eclipse/jetty/jetty-client/9.4.51.v20230217/jetty-client-9.4.51.v20230217.jar:/home/runner/.m2/repository/org/apache/httpcomponents/httpmime/4.5.6/httpmime-4.5.6.jar:/home/runner/.m2/repository/org/apache/httpcomponents/httpcore-nio/4.4.13/httpcore-nio-4.4.13.jar:/home/runner/.m2/repository/org/apache/httpcomponents/httpasyncclient/4.1.3/httpasyncclient-4.1.3.jar:/home/runner/.m2/repository/com/carrotsearch/hppc/0.8.0/hppc-0.8.0.jar:/home/runner/.m2/repository/org/apache/orc/orc-core/1.5.8/orc-core-1.5.8.jar:/home/runner/.m2/repository/net/java/dev/jna/jna/5.2.0/jna-5.2.0.jar:/home/runner/.m2/repository/net/java/dev/jna/jna-platform/5.2.0/jna-platform-5.2.0.jar:/home/runner/.m2/repository/com/kstruct/gethostname4j/0.0.2/gethostname4j-0.0.2.jar:/home/runner/.m2/repository/org/apache/ranger/ranger-plugin-classloader/2.3.0/ranger-plugin-classloader-2.3.0.jar:/home/runner/.m2/repository/org/apache/ozone/hdds-rocks-native/1.4.0-SNAPSHOT/hdds-rocks-native-1.4.0-SNAPSHOT.jar:/home/runner/.m2/repository/org/apache/hadoop/hadoop-minikdc/3.3.5/hadoop-minikdc-3.3.5.jar:/home/runner/.m2/repository/org/apache/kerby/kerb-simplekdc/1.0.1/kerb-simplekdc-1.0.1.jar:/home/runner/.m2/repository/org/apache/kerby/kerb-client/1.0.1/kerb-client-1.0.1.jar:/home/runner/.m2/repository/org/apache/kerby/kerby-config/1.0.1/kerby-config-1.0.1.jar:/home/runner/.m2/repository/org/apache/kerby/kerb-common/1.0.1/kerb-common-1.0.1.jar:/home/runner/.m2/repository/org/apache/kerby/kerb-crypto/1.0.1/kerb-crypto-1.0.1.jar:/home/runner/.m2/repository/org/apache/kerby/kerb-util/1.0.1/kerb-util-1.0.1.jar:/home/runner/.m2/repository/org/apache/kerby/token-provider/1.0.1/token-provider-1.0.1.jar:/home/runner/.m2/repository/org/apache/kerby/kerb-admin/1.0.1/kerb-admin-1.0.1.jar:/home/runner/.m2/repository/org/apache/kerby/kerb-server/1.0.1/kerb-server-1.0.1.jar:/home/runner/.m2/repository/org/apache/kerby/kerb-identity/1.0.1/kerb-identity-1.0.1.jar:/home/runner/.m2/repository/org/apache/kerby/kerby-xdr/1.0.1/kerby-xdr-1.0.1.jar:/home/runner/.m2/repository/org/apache/ozone/ozone-s3gateway/1.4.0-SNAPSHOT/ozone-s3gateway-1.4.0-SNAPSHOT.jar:/home/runner/.m2/repository/org/javassist/javassist/3.21.0-GA/javassist-3.21.0-GA.jar:/home/runner/.m2/repository/org/jboss/weld/servlet/weld-servlet-shaded/3.1.9.Final/weld-servlet-shaded-3.1.9.Final.jar:/home/runner/.m2/repository/org/glassfish/jersey/containers/jersey-container-servlet-core/2.34/jersey-container-servlet-core-2.34.jar:/home/runner/.m2/repository/org/glassfish/hk2/external/jakarta.inject/2.6.1/jakarta.inject-2.6.1.jar:/home/runner/.m2/repository/org/glassfish/jersey/core/jersey-common/2.34/jersey-common-2.34.jar:/home/runner/.m2/repository/jakarta/ws/rs/jakarta.ws.rs-api/2.1.6/jakarta.ws.rs-api-2.1.6.jar:/home/runner/.m2/repository/org/glassfish/jersey/ext/cdi/jersey-cdi1x/2.34/jersey-cdi1x-2.34.jar:/home/runner/.m2/repository/org/glassfish/jersey/inject/jersey-hk2/2.34/jersey-hk2-2.34.jar:/home/runner/.m2/repository/org/glassfish/hk2/hk2-locator/2.6.1/hk2-locator-2.6.1.jar:/home/runner/.m2/repository/org/glassfish/jersey/media/jersey-media-jaxb/2.34/jersey-media-jaxb-2.34.jar:/home/runner/.m2/repository/org/glassfish/hk2/osgi-resource-locator/1.0.3/osgi-resource-locator-1.0.3.jar:/home/runner/.m2/repository/org/glassfish/hk2/hk2-api/2.5.0/hk2-api-2.5.0.jar:/home/runner/.m2/repository/org/glassfish/hk2/hk2-utils/2.5.0/hk2-utils-2.5.0.jar:/home/runner/.m2/repository/org/glassfish/hk2/external/aopalliance-repackaged/2.5.0/aopalliance-repackaged-2.5.0.jar:/home/runner/.m2/repository/com/fasterxml/jackson/dataformat/jackson-dataformat-xml/2.13.4/jackson-dataformat-xml-2.13.4.jar:/home/runner/.m2/repository/org/codehaus/woodstox/stax2-api/4.2.1/stax2-api-4.2.1.jar:/home/runner/.m2/repository/com/fasterxml/woodstox/woodstox-core/5.4.0/woodstox-core-5.4.0.jar:/home/runner/.m2/repository/com/fasterxml/jackson/module/jackson-module-jaxb-annotations/2.13.4/jackson-module-jaxb-annotations-2.13.4.jar:/home/runner/.m2/repository/jakarta/xml/bind/jakarta.xml.bind-api/2.3.3/jakarta.xml.bind-api-2.3.3.jar:/home/runner/.m2/repository/jakarta/activation/jakarta.activation-api/1.2.2/jakarta.activation-api-1.2.2.jar:/home/runner/.m2/repository/javax/enterprise/cdi-api/2.0/cdi-api-2.0.jar:/home/runner/.m2/repository/javax/el/javax.el-api/3.0.0/javax.el-api-3.0.0.jar:/home/runner/.m2/repository/javax/interceptor/javax.interceptor-api/1.2/javax.interceptor-api-1.2.jar:/home/runner/.m2/repository/javax/inject/javax.inject/1/javax.inject-1.jar:/home/runner/.m2/repository/javax/xml/bind/jaxb-api/2.3.0/jaxb-api-2.3.0.jar:/home/runner/.m2/repository/org/glassfish/jaxb/jaxb-runtime/2.3.0.1/jaxb-runtime-2.3.0.1.jar:/home/runner/.m2/repository/org/glassfish/jaxb/jaxb-core/2.3.0.1/jaxb-core-2.3.0.1.jar:/home/runner/.m2/repository/org/glassfish/jaxb/txw2/2.3.0.1/txw2-2.3.0.1.jar:/home/runner/.m2/repository/com/sun/istack/istack-commons-runtime/3.0.5/istack-commons-runtime-3.0.5.jar:/home/runner/.m2/repository/org/jvnet/staxex/stax-ex/1.7.8/stax-ex-1.7.8.jar:/home/runner/.m2/repository/com/sun/xml/fastinfoset/FastInfoset/1.2.13/FastInfoset-1.2.13.jar:/home/runner/.m2/repository/javax/activation/activation/1.1.1/activation-1.1.1.jar:/home/runner/.m2/repository/io/grpc/grpc-protobuf/1.51.1/grpc-protobuf-1.51.1.jar:/home/runner/.m2/repository/io/grpc/grpc-api/1.51.1/grpc-api-1.51.1.jar:/home/runner/.m2/repository/io/grpc/grpc-context/1.51.1/grpc-context-1.51.1.jar:/home/runner/.m2/repository/com/google/api/grpc/proto-google-common-protos/2.9.0/proto-google-common-protos-2.9.0.jar:/home/runner/.m2/repository/io/grpc/grpc-protobuf-lite/1.51.1/grpc-protobuf-lite-1.51.1.jar:/home/runner/.m2/repository/io/grpc/grpc-stub/1.51.1/grpc-stub-1.51.1.jar:/home/runner/.m2/repository/io/netty/netty-transport/4.1.86.Final/netty-transport-4.1.86.Final.jar:/home/runner/.m2/repository/io/netty/netty-resolver/4.1.86.Final/netty-resolver-4.1.86.Final.jar:/home/runner/.m2/repository/org/apache/ozone/ozone-csi/1.4.0-SNAPSHOT/ozone-csi-1.4.0-SNAPSHOT.jar:/home/runner/.m2/repository/com/google/protobuf/protobuf-java-util/3.19.6/protobuf-java-util-3.19.6.jar:/home/runner/.m2/repository/com/google/code/gson/gson/2.9.0/gson-2.9.0.jar:/home/runner/.m2/repository/org/apache/ozone/hdds-config/1.4.0-SNAPSHOT/hdds-config-1.4.0-SNAPSHOT.jar:/home/runner/.m2/repository/io/netty/netty-transport-native-epoll/4.1.86.Final/netty-transport-native-epoll-4.1.86.Final-linux-x86_64.jar:/home/runner/.m2/repository/io/netty/netty-transport-classes-epoll/4.1.86.Final/netty-transport-classes-epoll-4.1.86.Final.jar:/home/runner/.m2/repository/io/netty/netty-transport-native-unix-common/4.1.86.Final/netty-transport-native-unix-common-4.1.86.Final.jar:/home/runner/.m2/repository/org/apache/ozone/ozone-recon/1.4.0-SNAPSHOT/ozone-recon-1.4.0-SNAPSHOT.jar:/home/runner/.m2/repository/org/apache/ozone/ozone-reconcodegen/1.4.0-SNAPSHOT/ozone-reconcodegen-1.4.0-SNAPSHOT.jar:/home/runner/.m2/repository/com/google/inject/guice/5.1.0/guice-5.1.0.jar:/home/runner/.m2/repository/aopalliance/aopalliance/1.0/aopalliance-1.0.jar:/home/runner/.m2/repository/com/google/inject/extensions/guice-assistedinject/5.1.0/guice-assistedinject-5.1.0.jar:/home/runner/.m2/repository/com/google/inject/extensions/guice-servlet/5.1.0/guice-servlet-5.1.0.jar:/home/runner/.m2/repository/org/glassfish/jersey/containers/jersey-container-servlet/2.34/jersey-container-servlet-2.34.jar:/home/runner/.m2/repository/org/glassfish/hk2/guice-bridge/2.5.0/guice-bridge-2.5.0.jar:/home/runner/.m2/repository/org/glassfish/jersey/core/jersey-server/2.34/jersey-server-2.34.jar:/home/runner/.m2/repository/org/glassfish/jersey/core/jersey-client/2.34/jersey-client-2.34.jar:/home/runner/.m2/repository/jakarta/annotation/jakarta.annotation-api/1.3.5/jakarta.annotation-api-1.3.5.jar:/home/runner/.m2/repository/jakarta/validation/jakarta.validation-api/2.0.2/jakarta.validation-api-2.0.2.jar:/home/runner/.m2/repository/org/glassfish/jersey/media/jersey-media-json-jackson/2.34/jersey-media-json-jackson-2.34.jar:/home/runner/.m2/repository/org/glassfish/jersey/ext/jersey-entity-filtering/2.34/jersey-entity-filtering-2.34.jar:/home/runner/.m2/repository/org/jooq/jooq/3.11.10/jooq-3.11.10.jar:/home/runner/.m2/repository/org/jooq/jooq-meta/3.11.10/jooq-meta-3.11.10.jar:/home/runner/.m2/repository/org/jooq/jooq-codegen/3.11.10/jooq-codegen-3.11.10.jar:/home/runner/.m2/repository/com/jolbox/bonecp/0.8.0.RELEASE/bonecp-0.8.0.RELEASE.jar:/home/runner/.m2/repository/org/apache/derby/derby/10.14.2.0/derby-10.14.2.0.jar:/home/runner/.m2/repository/org/xerial/sqlite-jdbc/3.25.2/sqlite-jdbc-3.25.2.jar:/home/runner/.m2/repository/org/springframework/spring-jdbc/5.3.27/spring-jdbc-5.3.27.jar:/home/runner/.m2/repository/org/springframework/spring-beans/5.3.27/spring-beans-5.3.27.jar:/home/runner/.m2/repository/org/springframework/spring-core/5.3.27/spring-core-5.3.27.jar:/home/runner/.m2/repository/org/springframework/spring-tx/5.3.27/spring-tx-5.3.27.jar:/home/runner/.m2/repository/org/apache/ozone/ozone-client/1.4.0-SNAPSHOT/ozone-client-1.4.0-SNAPSHOT.jar:/home/runner/.m2/repository/org/apache/ozone/hdds-erasurecode/1.4.0-SNAPSHOT/hdds-erasurecode-1.4.0-SNAPSHOT.jar:/home/runner/.m2/repository/org/apache/ozone/ozone-filesystem/1.4.0-SNAPSHOT/ozone-filesystem-1.4.0-SNAPSHOT.jar:/home/runner/.m2/repository/org/apache/ozone/ozone-filesystem-common/1.4.0-SNAPSHOT/ozone-filesystem-common-1.4.0-SNAPSHOT.jar:/home/runner/.m2/repository/org/apache/ozone/ozone-tools/1.4.0-SNAPSHOT/ozone-tools-1.4.0-SNAPSHOT.jar:/home/runner/.m2/repository/com/amazonaws/aws-java-sdk-core/1.12.261/aws-java-sdk-core-1.12.261.jar:/home/runner/.m2/repository/org/apache/httpcomponents/httpclient/4.5.13/httpclient-4.5.13.jar:/home/runner/.m2/repository/org/apache/httpcomponents/httpcore/4.4.13/httpcore-4.4.13.jar:/home/runner/.m2/repository/software/amazon/ion/ion-java/1.0.2/ion-java-1.0.2.jar:/home/runner/.m2/repository/com/fasterxml/jackson/dataformat/jackson-dataformat-cbor/2.13.4/jackson-dataformat-cbor-2.13.4.jar:/home/runner/.m2/repository/joda-time/joda-time/2.10.6/joda-time-2.10.6.jar:/home/runner/.m2/repository/com/amazonaws/aws-java-sdk-s3/1.12.261/aws-java-sdk-s3-1.12.261.jar:/home/runner/.m2/repository/com/amazonaws/aws-java-sdk-kms/1.12.261/aws-java-sdk-kms-1.12.261.jar:/home/runner/.m2/repository/com/amazonaws/jmespath-java/1.12.261/jmespath-java-1.12.261.jar:/home/runner/.m2/repository/org/kohsuke/metainf-services/metainf-services/1.8/metainf-services-1.8.jar:/home/runner/.m2/repository/org/apache/ozone/hdds-tools/1.4.0-SNAPSHOT/hdds-tools-1.4.0-SNAPSHOT.jar:/home/runner/.m2/repository/org/apache/ratis/ratis-tools/2.5.1/ratis-tools-2.5.1.jar:/home/runner/.m2/repository/commons-cli/commons-cli/1.2/commons-cli-1.2.jar:/home/runner/.m2/repository/org/apache/commons/commons-lang3/3.7/commons-lang3-3.7.jar:/home/runner/.m2/repository/org/apache/ozone/ozone-manager/1.4.0-SNAPSHOT/ozone-manager-1.4.0-SNAPSHOT-tests.jar:/home/runner/.m2/repository/org/apache/ozone/hdds-common/1.4.0-SNAPSHOT/hdds-common-1.4.0-SNAPSHOT-tests.jar:/home/runner/.m2/repository/org/apache/ozone/hdds-hadoop-dependency-client/1.4.0-SNAPSHOT/hdds-hadoop-dependency-client-1.4.0-SNAPSHOT.jar:/home/runner/.m2/repository/info/picocli/picocli/4.6.1/picocli-4.6.1.jar:/home/runner/.m2/repository/com/fasterxml/jackson/core/jackson-annotations/2.13.4/jackson-annotations-2.13.4.jar:/home/runner/.m2/repository/org/apache/ozone/hdds-annotation-processing/1.4.0-SNAPSHOT/hdds-annotation-processing-1.4.0-SNAPSHOT.jar:/home/runner/.m2/repository/javax/annotation/javax.annotation-api/1.2/javax.annotation-api-1.2.jar:/home/runner/.m2/repository/org/apache/ratis/ratis-netty/2.5.1/ratis-netty-2.5.1.jar:/home/runner/.m2/repository/org/apache/ratis/ratis-grpc/2.5.1/ratis-grpc-2.5.1.jar:/home/runner/.m2/repository/org/apache/logging/log4j/log4j-api/2.17.1/log4j-api-2.17.1.jar:/home/runner/.m2/repository/org/apache/commons/commons-pool2/2.6.0/commons-pool2-2.6.0.jar:/home/runner/.m2/repository/org/bouncycastle/bcpkix-jdk15on/1.67/bcpkix-jdk15on-1.67.jar:/home/runner/.m2/repository/commons-validator/commons-validator/1.6/commons-validator-1.6.jar:/home/runner/.m2/repository/commons-beanutils/commons-beanutils/1.9.4/commons-beanutils-1.9.4.jar:/home/runner/.m2/repository/commons-digester/commons-digester/1.8.1/commons-digester-1.8.1.jar:/home/runner/.m2/repository/commons-collections/commons-collections/3.2.2/commons-collections-3.2.2.jar:/home/runner/.m2/repository/io/jaegertracing/jaeger-client/1.6.0/jaeger-client-1.6.0.jar:/home/runner/.m2/repository/io/jaegertracing/jaeger-thrift/1.6.0/jaeger-thrift-1.6.0.jar:/home/runner/.m2/repository/org/apache/thrift/libthrift/0.14.1/libthrift-0.14.1.jar:/home/runner/.m2/repository/io/jaegertracing/jaeger-core/1.6.0/jaeger-core-1.6.0.jar:/home/runner/.m2/repository/io/jaegertracing/jaeger-tracerresolver/1.6.0/jaeger-tracerresolver-1.6.0.jar:/home/runner/.m2/repository/io/opentracing/contrib/opentracing-tracerresolver/0.1.8/opentracing-tracerresolver-0.1.8.jar:/home/runner/.m2/repository/org/jetbrains/kotlin/kotlin-stdlib/1.6.21/kotlin-stdlib-1.6.21.jar:/home/runner/.m2/repository/org/jetbrains/annotations/13.0/annotations-13.0.jar:/home/runner/.m2/repository/io/opentracing/opentracing-util/0.33.0/opentracing-util-0.33.0.jar:/home/runner/.m2/repository/io/opentracing/opentracing-api/0.33.0/opentracing-api-0.33.0.jar:/home/runner/.m2/repository/io/opentracing/opentracing-noop/0.33.0/opentracing-noop-0.33.0.jar:/home/runner/.m2/repository/org/yaml/snakeyaml/2.0/snakeyaml-2.0.jar:/home/runner/.m2/repository/junit/junit/4.13.1/junit-4.13.1.jar:/home/runner/.m2/repository/org/hamcrest/hamcrest-core/1.3/hamcrest-core-1.3.jar:/home/runner/.m2/repository/org/junit/jupiter/junit-jupiter-api/5.8.2/junit-jupiter-api-5.8.2.jar:/home/runner/.m2/repository/org/opentest4j/opentest4j/1.2.0/opentest4j-1.2.0.jar:/home/runner/.m2/repository/org/junit/platform/junit-platform-commons/1.8.2/junit-platform-commons-1.8.2.jar:/home/runner/.m2/repository/org/apiguardian/apiguardian-api/1.1.2/apiguardian-api-1.1.2.jar:/home/runner/.m2/repository/org/junit/jupiter/junit-jupiter-params/5.8.2/junit-jupiter-params-5.8.2.jar:/home/runner/.m2/repository/org/junit/jupiter/junit-jupiter-migrationsupport/5.8.2/junit-jupiter-migrationsupport-5.8.2.jar:/home/runner/.m2/repository/org/junit/jupiter/junit-jupiter-engine/5.8.2/junit-jupiter-engine-5.8.2.jar:/home/runner/.m2/repository/org/junit/platform/junit-platform-engine/1.8.2/junit-platform-engine-1.8.2.jar:/home/runner/.m2/repository/org/junit/vintage/junit-vintage-engine/5.8.2/junit-vintage-engine-5.8.2.jar:/home/runner/.m2/repository/org/junit/platform/junit-platform-launcher/1.8.2/junit-platform-launcher-1.8.2.jar:/home/runner/.m2/repository/org/mockito/mockito-core/2.28.2/mockito-core-2.28.2.jar:/home/runner/.m2/repository/net/bytebuddy/byte-buddy/1.9.10/byte-buddy-1.9.10.jar:/home/runner/.m2/repository/net/bytebuddy/byte-buddy-agent/1.9.10/byte-buddy-agent-1.9.10.jar:/home/runner/.m2/repository/org/objenesis/objenesis/1.0/objenesis-1.0.jar:/home/runner/.m2/repository/org/apache/hadoop/hadoop-kms/3.3.5/hadoop-kms-3.3.5.jar:/home/runner/.m2/repository/org/apache/hadoop/hadoop-auth/3.3.5/hadoop-auth-3.3.5.jar:/home/runner/.m2/repository/com/nimbusds/nimbus-jose-jwt/9.8.1/nimbus-jose-jwt-9.8.1.jar:/home/runner/.m2/repository/com/github/stephenc/jcip/jcip-annotations/1.0-1/jcip-annotations-1.0-1.jar:/home/runner/.m2/repository/net/minidev/json-smart/2.4.7/json-smart-2.4.7.jar:/home/runner/.m2/repository/net/minidev/accessors-smart/2.4.7/accessors-smart-2.4.7.jar:/home/runner/.m2/repository/org/ow2/asm/asm/5.0.4/asm-5.0.4.jar:/home/runner/.m2/repository/org/apache/zookeeper/zookeeper/3.5.6/zookeeper-3.5.6.jar:/home/runner/.m2/repository/org/apache/zookeeper/zookeeper-jute/3.5.6/zookeeper-jute-3.5.6.jar:/home/runner/.m2/repository/org/apache/yetus/audience-annotations/0.5.0/audience-annotations-0.5.0.jar:/home/runner/.m2/repository/org/apache/curator/curator-framework/4.2.0/curator-framework-4.2.0.jar:/home/runner/.m2/repository/org/apache/hadoop/thirdparty/hadoop-shaded-guava/1.1.1/hadoop-shaded-guava-1.1.1.jar:/home/runner/.m2/repository/com/sun/jersey/jersey-core/1.19/jersey-core-1.19.jar:/home/runner/.m2/repository/javax/ws/rs/jsr311-api/1.1.1/jsr311-api-1.1.1.jar:/home/runner/.m2/repository/com/sun/jersey/jersey-server/1.19/jersey-server-1.19.jar:/home/runner/.m2/repository/javax/servlet/javax.servlet-api/3.1.0/javax.servlet-api-3.1.0.jar:/home/runner/.m2/repository/org/apache/hadoop/hadoop-common/3.3.5/hadoop-common-3.3.5.jar:/home/runner/.m2/repository/org/apache/commons/commons-math3/3.1.1/commons-math3-3.1.1.jar:/home/runner/.m2/repository/commons-net/commons-net/3.9.0/commons-net-3.9.0.jar:/home/runner/.m2/repository/com/sun/jersey/jersey-servlet/1.19/jersey-servlet-1.19.jar:/home/runner/.m2/repository/com/github/pjfanning/jersey-json/1.20/jersey-json-1.20.jar:/home/runner/.m2/repository/org/codehaus/jettison/jettison/1.1/jettison-1.1.jar:/home/runner/.m2/repository/com/sun/xml/bind/jaxb-impl/2.2.3-1/jaxb-impl-2.2.3-1.jar:/home/runner/.m2/repository/com/google/re2j/re2j/1.1/re2j-1.1.jar:/home/runner/.m2/repository/com/jcraft/jsch/0.1.54/jsch-0.1.54.jar:/home/runner/.m2/repository/org/apache/curator/curator-client/4.2.0/curator-client-4.2.0.jar:/home/runner/.m2/repository/org/apache/curator/curator-recipes/4.2.0/curator-recipes-4.2.0.jar:/home/runner/.m2/repository/org/apache/kerby/kerb-core/1.0.1/kerb-core-1.0.1.jar:/home/runner/.m2/repository/org/apache/kerby/kerby-pkix/1.0.1/kerby-pkix-1.0.1.jar:/home/runner/.m2/repository/org/apache/kerby/kerby-asn1/1.0.1/kerby-asn1-1.0.1.jar:/home/runner/.m2/repository/org/apache/kerby/kerby-util/1.0.1/kerby-util-1.0.1.jar:/home/runner/.m2/repository/dnsjava/dnsjava/2.1.7/dnsjava-2.1.7.jar:/home/runner/.m2/repository/org/xerial/snappy/snappy-java/1.1.8.2/snappy-java-1.1.8.2.jar:/home/runner/.m2/repository/com/fasterxml/jackson/core/jackson-databind/2.13.4.2/jackson-databind-2.13.4.2.jar:/home/runner/.m2/repository/org/apache/hadoop/hadoop-kms/3.3.5/hadoop-kms-3.3.5-tests.jar:/home/runner/.m2/repository/org/apache/ozone/hdds-server-scm/1.4.0-SNAPSHOT/hdds-server-scm-1.4.0-SNAPSHOT-tests.jar:/home/runner/.m2/repository/org/apache/ozone/hdds-container-service/1.4.0-SNAPSHOT/hdds-container-service-1.4.0-SNAPSHOT-tests.jar:/home/runner/.m2/repository/com/github/luben/zstd-jni/1.5.2-5/zstd-jni-1.5.2-5.jar:/home/runner/.m2/repository/commons-codec/commons-codec/1.15/commons-codec-1.15.jar:/home/runner/.m2/repository/io/netty/netty-codec/4.1.86.Final/netty-codec-4.1.86.Final.jar:/home/runner/.m2/repository/io/netty/netty-handler/4.1.86.Final/netty-handler-4.1.86.Final.jar:/home/runner/.m2/repository/org/apache/ozone/hdds-hadoop-dependency-test/1.4.0-SNAPSHOT/hdds-hadoop-dependency-test-1.4.0-SNAPSHOT.jar:/home/runner/.m2/repository/org/apache/hadoop/hadoop-common/3.3.5/hadoop-common-3.3.5-tests.jar:/home/runner/.m2/repository/org/apache/hadoop/hadoop-hdfs/3.3.5/hadoop-hdfs-3.3.5-tests.jar:/home/runner/.m2/repository/org/assertj/assertj-core/3.12.2/assertj-core-3.12.2.jar:/home/runner/.m2/repository/org/apache/hadoop/hadoop-distcp/3.3.5/hadoop-distcp-3.3.5.jar:/home/runner/.m2/repository/org/apache/hadoop/hadoop-mapreduce-client-jobclient/3.3.5/hadoop-mapreduce-client-jobclient-3.3.5.jar:/home/runner/.m2/repository/org/apache/hadoop/hadoop-mapreduce-client-common/3.3.5/hadoop-mapreduce-client-common-3.3.5.jar:/home/runner/.m2/repository/org/apache/hadoop/hadoop-yarn-common/3.3.5/hadoop-yarn-common-3.3.5.jar:/home/runner/.m2/repository/org/apache/hadoop/hadoop-yarn-api/3.3.5/hadoop-yarn-api-3.3.5.jar:/home/runner/.m2/repository/com/sun/jersey/contribs/jersey-guice/1.19/jersey-guice-1.19.jar:/home/runner/.m2/repository/com/fasterxml/jackson/jaxrs/jackson-jaxrs-json-provider/2.13.4/jackson-jaxrs-json-provider-2.13.4.jar:/home/runner/.m2/repository/com/fasterxml/jackson/jaxrs/jackson-jaxrs-base/2.13.4/jackson-jaxrs-base-2.13.4.jar:/home/runner/.m2/repository/org/apache/hadoop/hadoop-yarn-client/3.3.5/hadoop-yarn-client-3.3.5.jar:/home/runner/.m2/repository/org/eclipse/jetty/websocket/websocket-client/9.4.48.v20220622/websocket-client-9.4.48.v20220622.jar:/home/runner/.m2/repository/org/eclipse/jetty/websocket/websocket-common/9.4.48.v20220622/websocket-common-9.4.48.v20220622.jar:/home/runner/.m2/repository/org/eclipse/jetty/websocket/websocket-api/9.4.48.v20220622/websocket-api-9.4.48.v20220622.jar:/home/runner/.m2/repository/org/jline/jline/3.9.0/jline-3.9.0.jar:/home/runner/.m2/repository/org/apache/hadoop/hadoop-mapreduce-client-core/3.3.5/hadoop-mapreduce-client-core-3.3.5.jar:/home/runner/.m2/repository/org/apache/avro/avro/1.7.7/avro-1.7.7.jar:/home/runner/.m2/repository/com/thoughtworks/paranamer/paranamer/2.3/paranamer-2.3.jar:/home/runner/.m2/repository/org/apache/hadoop/hadoop-annotations/3.3.5/hadoop-annotations-3.3.5.jar:/usr/lib/jvm/temurin-8-jdk-amd64/jre/../lib/tools.jar:/home/runner/.m2/repository/io/netty/netty/3.10.6.Final/netty-3.10.6.Final.jar:/home/runner/.m2/repository/org/apache/hadoop/hadoop-distcp/3.3.5/hadoop-distcp-3.3.5-tests.jar:/home/runner/.m2/repository/org/slf4j/jul-to-slf4j/1.7.36/jul-to-slf4j-1.7.36.jar:"/>
    <property name="sun.cpu.endian" value="little"/>
    <property name="user.home" value="/home/runner"/>
    <property name="user.language" value="en"/>
    <property name="java.specification.vendor" value="Oracle Corporation"/>
    <property name="java.home" value="/usr/lib/jvm/temurin-8-jdk-amd64/jre"/>
    <property name="java.security.krb5.conf" value="/home/runner/work/ozone/ozone/hadoop-ozone/integration-test/target/test-classes/krb5.conf"/>
    <property name="basedir" value="/home/runner/work/ozone/ozone/hadoop-ozone/integration-test"/>
    <property name="file.separator" value="/"/>
    <property name="line.separator" value="&#10;"/>
    <property name="java.vm.specification.vendor" value="Oracle Corporation"/>
    <property name="java.specification.name" value="Java Platform API Specification"/>
    <property name="java.awt.graphicsenv" value="sun.awt.X11GraphicsEnvironment"/>
    <property name="skip.installnpx" value="true"/>
    <property name="surefire.real.class.path" value="/home/runner/work/ozone/ozone/hadoop-ozone/integration-test/target/surefire/surefirebooter2141449412152355047.jar:/home/runner/.m2/repository/org/jacoco/org.jacoco.agent/0.8.5/org.jacoco.agent-0.8.5-runtime.jar"/>
    <property name="hadoop.log.dir" value="/home/runner/work/ozone/ozone/hadoop-ozone/integration-test/target/log"/>
    <property name="sun.boot.class.path" value="/usr/lib/jvm/temurin-8-jdk-amd64/jre/lib/resources.jar:/usr/lib/jvm/temurin-8-jdk-amd64/jre/lib/rt.jar:/usr/lib/jvm/temurin-8-jdk-amd64/jre/lib/sunrsasign.jar:/usr/lib/jvm/temurin-8-jdk-amd64/jre/lib/jsse.jar:/usr/lib/jvm/temurin-8-jdk-amd64/jre/lib/jce.jar:/usr/lib/jvm/temurin-8-jdk-amd64/jre/lib/charsets.jar:/usr/lib/jvm/temurin-8-jdk-amd64/jre/lib/jfr.jar:/usr/lib/jvm/temurin-8-jdk-amd64/jre/classes"/>
    <property name="sun.management.compiler" value="HotSpot 64-Bit Tiered Compilers"/>
    <property name="skip.npx" value="true"/>
    <property name="java.runtime.version" value="1.8.0_362-b09"/>
    <property name="java.net.preferIPv4Stack" value="true"/>
    <property name="user.name" value="runner"/>
    <property name="path.separator" value=":"/>
    <property name="java.security.egd" value="file:///dev/urandom"/>
    <property name="os.version" value="5.15.0-1037-azure"/>
    <property name="java.endorsed.dirs" value="/usr/lib/jvm/temurin-8-jdk-amd64/jre/lib/endorsed"/>
    <property name="java.runtime.name" value="OpenJDK Runtime Environment"/>
    <property name="file.encoding" value="UTF-8"/>
    <property name="java.vm.name" value="OpenJDK 64-Bit Server VM"/>
    <property name="test.build.webapps" value=""/>
    <property name="localRepository" value="/home/runner/.m2/repository"/>
    <property name="jetty.git.hash" value="b45c405e4544384de066f814ed42ae3dceacdd49"/>
    <property name="java.vendor.url.bug" value="https://github.com/adoptium/adoptium-support/issues"/>
    <property name="java.io.tmpdir" value="/tmp"/>
    <property name="require.test.libhadoop" value=""/>
    <property name="java.version" value="1.8.0_362"/>
    <property name="user.dir" value="/home/runner/work/ozone/ozone/hadoop-ozone/integration-test"/>
    <property name="os.arch" value="amd64"/>
    <property name="java.vm.specification.name" value="Java Virtual Machine Specification"/>
    <property name="test.build.classes" value="/home/runner/work/ozone/ozone/hadoop-ozone/integration-test/target/test-classes"/>
    <property name="java.awt.printerjob" value="sun.print.PSPrinterJob"/>
    <property name="sun.os.patch.level" value="unknown"/>
    <property name="org.apache.ratis.thirdparty.io.netty.allocator.useCacheForAllThreads" value="false"/>
    <property name="hadoop.tmp.dir" value="/home/runner/work/ozone/ozone/hadoop-ozone/integration-test/target/tmp"/>
    <property name="java.library.path" value="/usr/java/packages/lib/amd64:/usr/lib64:/lib64:/lib:/usr/lib"/>
    <property name="java.vm.info" value="mixed mode"/>
    <property name="java.vendor" value="Temurin"/>
    <property name="java.vm.version" value="25.362-b09"/>
    <property name="java.specification.maintenance.version" value="4"/>
    <property name="java.ext.dirs" value="/usr/lib/jvm/temurin-8-jdk-amd64/jre/lib/ext:/usr/java/packages/lib/ext"/>
    <property name="sun.io.unicode.encoding" value="UnicodeLittle"/>
    <property name="java.class.version" value="52.0"/>
  </properties>
  <testcase name="bucketUsedBytesOverWrite(BucketLayout)[1]" classname="org.apache.hadoop.ozone.client.rpc.TestSecureOzoneRpcClient" time="1.293">
    <system-out><![CDATA[2023-05-17 09:08:50,985 [main] INFO  audit.AuditLogger (AuditLogger.java:refreshDebugCmdSet(126)) - Refresh DebugCmdSet for OMAudit to [].
2023-05-17 09:08:52,322 [main] INFO  utils.SelfSignedCertificate (SelfSignedCertificate.java:generateCertificate(153)) - Certificate 1 is issued by CN=rootCA@localhost,OU=scm1,O=cluster1 to CN=rootCA@localhost,OU=scm1,O=cluster1, valid from Wed May 17 09:08:52 UTC 2023 to Sat Jun 24 09:08:52 UTC 2028
2023-05-17 09:08:52,521 [main] WARN  server.ServerUtils (ServerUtils.java:getScmDbDir(148)) - ozone.scm.db.dirs is not configured. We recommend adding this setting. Falling back to ozone.metadata.dirs instead.
2023-05-17 09:08:52,722 [main] INFO  reflections.Reflections (Reflections.java:scan(232)) - Reflections took 168 ms to scan 7 urls, producing 156 keys and 367 values 
2023-05-17 09:08:52,839 [main] WARN  server.ServerUtils (ServerUtils.java:getScmDbDir(148)) - ozone.scm.db.dirs is not configured. We recommend adding this setting. Falling back to ozone.metadata.dirs instead.
2023-05-17 09:08:52,843 [main] INFO  ha.SCMHANodeDetails (SCMHANodeDetails.java:loadSCMHAConfig(209)) - ServiceID for StorageContainerManager is null
2023-05-17 09:08:52,848 [main] WARN  ha.SCMHANodeDetails (SCMHANodeDetails.java:validateSCMHAConfig(182)) - Invalid config ozone.scm.ratis.enable. The config was not specified, but the default value true conflicts with the expected config value false. Falling back to the expected value. Current State of SCM: SCM is running in Non-HA without Ratis Ratis SCM -> Non Ratis SCM or Non HA SCM -> HA SCM is not supported
2023-05-17 09:08:52,848 [main] INFO  ha.SCMHANodeDetails (SCMHANodeDetails.java:loadSCMHAConfig(214)) - ozone.scm.default.service.id is not defined, falling back to ozone.scm.service.ids to find serviceID for StorageContainerManager if it is HA enabled cluster
2023-05-17 09:08:53,030 [main] WARN  utils.HAUtils (HAUtils.java:getMetaDir(350)) - ozone.scm.db.dirs is not configured. We recommend adding this setting. Falling back to ozone.metadata.dirs instead.
2023-05-17 09:08:53,171 [main] WARN  db.DBStoreBuilder (DBStoreBuilder.java:applyDBDefinition(164)) - ozone.scm.db.dirs is not configured. We recommend adding this setting. Falling back to ozone.metadata.dirs instead.
2023-05-17 09:08:53,391 [main] INFO  net.NodeSchemaLoader (NodeSchemaLoader.java:loadSchemaFromFile(129)) - Loading schema from [jar:file:/home/runner/.m2/repository/org/apache/ozone/hdds-common/1.4.0-SNAPSHOT/hdds-common-1.4.0-SNAPSHOT.jar!/network-topology-default.xml]
2023-05-17 09:08:53,392 [main] INFO  net.NodeSchemaLoader (NodeSchemaLoader.java:loadSchema(176)) - Loading network topology layer schema file
2023-05-17 09:08:53,511 [main] INFO  metrics.MetricRegistries (MetricRegistriesLoader.java:load(64)) - Loaded MetricRegistries class org.apache.ratis.metrics.impl.MetricRegistriesImpl
2023-05-17 09:08:53,522 [main] INFO  upgrade.AbstractLayoutVersionManager (AbstractLayoutVersionManager.java:init(83)) - Initializing Layout version manager with metadata layout = WEBUI_PORTS_IN_DATANODEDETAILS (version = 6), software layout = WEBUI_PORTS_IN_DATANODEDETAILS (version = 6)
2023-05-17 09:08:53,640 [main] INFO  ha.SequenceIdGenerator (SequenceIdGenerator.java:upgradeToSequenceId(349)) - upgrade localId to 111677748019200000
2023-05-17 09:08:53,643 [main] INFO  ha.SequenceIdGenerator (SequenceIdGenerator.java:upgradeToSequenceId(359)) - upgrade delTxnId to 0
2023-05-17 09:08:53,647 [main] INFO  ha.SequenceIdGenerator (SequenceIdGenerator.java:upgradeToSequenceId(376)) - upgrade containerId to 0
2023-05-17 09:08:53,649 [main] INFO  ha.SequenceIdGenerator (SequenceIdGenerator.java:<init>(220)) - Init the HA SequenceIdGenerator.
2023-05-17 09:08:53,699 [main] WARN  server.ServerUtils (ServerUtils.java:sanitizeUserArgs(73)) - ozone.scm.stale.node.interval value = 300000 is larger than max = 100000 based on the key value of ozone.scm.heartbeat.thread.interval, reset to the max value 100000.
2023-05-17 09:08:53,700 [main] WARN  server.ServerUtils (ServerUtils.java:sanitizeUserArgs(73)) - ozone.scm.stale.node.interval value = 300000 is larger than max = 100000 based on the key value of ozone.scm.heartbeat.thread.interval, reset to the max value 100000.
2023-05-17 09:08:53,706 [main] INFO  node.SCMNodeManager (SCMNodeManager.java:<init>(159)) - Entering startup safe mode.
2023-05-17 09:08:53,721 [main] INFO  algorithms.ContainerPlacementPolicyFactory (ContainerPlacementPolicyFactory.java:getPolicyInternal(86)) - Create container placement policy of type org.apache.hadoop.hdds.scm.container.placement.algorithms.SCMContainerPlacementRackAware
2023-05-17 09:08:53,725 [main] INFO  algorithms.ContainerPlacementPolicyFactory (ContainerPlacementPolicyFactory.java:getPolicyInternal(86)) - Create container placement policy of type org.apache.hadoop.hdds.scm.container.placement.algorithms.SCMContainerPlacementRackScatter
2023-05-17 09:08:53,733 [main] INFO  pipeline.PipelineStateManagerImpl (PipelineStateManagerImpl.java:initialize(78)) - No pipeline exists in current db
2023-05-17 09:08:53,766 [main] INFO  algorithms.LeaderChoosePolicyFactory (LeaderChoosePolicyFactory.java:getPolicy(57)) - Create leader choose policy of type org.apache.hadoop.hdds.scm.pipeline.leader.choose.algorithms.MinLeaderCountChoosePolicy
2023-05-17 09:08:53,766 [main] INFO  algorithms.ContainerPlacementPolicyFactory (ContainerPlacementPolicyFactory.java:getPolicyInternal(86)) - Create container placement policy of type org.apache.hadoop.hdds.scm.container.placement.algorithms.SCMContainerPlacementRackScatter
2023-05-17 09:08:53,771 [main] INFO  ha.SCMServiceManager (SCMServiceManager.java:register(42)) - Registering service BackgroundPipelineCreator.
2023-05-17 09:08:53,772 [main] INFO  pipeline.BackgroundPipelineCreator (BackgroundPipelineCreator.java:start(124)) - Starting RatisPipelineUtilsThread.
2023-05-17 09:08:53,775 [main] INFO  BackgroundPipelineScrubber (BackgroundSCMService.java:start(68)) - Starting BackgroundPipelineScrubber Service.
2023-05-17 09:08:53,777 [main] INFO  ha.SCMServiceManager (SCMServiceManager.java:register(42)) - Registering service BackgroundPipelineScrubber.
2023-05-17 09:08:53,783 [main] INFO  ExpiredContainerReplicaOpScrubber (BackgroundSCMService.java:start(68)) - Starting ExpiredContainerReplicaOpScrubber Service.
2023-05-17 09:08:53,789 [main] INFO  ha.SCMServiceManager (SCMServiceManager.java:register(42)) - Registering service ExpiredContainerReplicaOpScrubber.
2023-05-17 09:08:53,830 [main] INFO  algorithms.PipelineChoosePolicyFactory (PipelineChoosePolicyFactory.java:createPipelineChoosePolicyFromClass(73)) - Create pipeline choose policy of type org.apache.hadoop.hdds.scm.pipeline.choose.algorithms.RandomPipelineChoosePolicy
2023-05-17 09:08:53,846 [main] INFO  ha.SCMServiceManager (SCMServiceManager.java:register(42)) - Registering service SCMBlockDeletingService.
2023-05-17 09:08:53,910 [main] INFO  replication.ReplicationManager (ReplicationManager.java:start(300)) - Starting Replication Monitor Thread.
2023-05-17 09:08:53,917 [main] INFO  ha.SCMServiceManager (SCMServiceManager.java:register(42)) - Registering service ReplicationManager.
2023-05-17 09:08:53,919 [ReplicationMonitor] INFO  replication.ReplicationManager (ReplicationManager.java:processAll(375)) - Replication Manager is not ready to run until 3000ms after safemode exit
2023-05-17 09:08:53,932 [main] INFO  safemode.ContainerSafeModeRule (ContainerSafeModeRule.java:<init>(89)) - containers with one replica threshold count 0
2023-05-17 09:08:53,936 [main] INFO  safemode.HealthyPipelineSafeModeRule (HealthyPipelineSafeModeRule.java:initializeRule(169)) - Total pipeline count is 0, healthy pipeline threshold count is 1
2023-05-17 09:08:53,938 [main] INFO  safemode.OneReplicaPipelineSafeModeRule (OneReplicaPipelineSafeModeRule.java:initializeRule(180)) - Total pipeline count is 0, pipeline's with at least one datanode reported threshold count is 0
2023-05-17 09:08:53,982 [main] INFO  server.StorageContainerManager (StorageContainerManager.java:<init>(403)) - SCM start with adminUsers: [runner]
2023-05-17 09:08:54,012 [main] INFO  audit.AuditLogger (AuditLogger.java:refreshDebugCmdSet(126)) - Refresh DebugCmdSet for SCMAudit to [].
2023-05-17 09:08:54,043 [main] INFO  ipc.CallQueueManager (CallQueueManager.java:<init>(90)) - Using callQueue: class java.util.concurrent.LinkedBlockingQueue, queueCapacity: 2000, scheduler: class org.apache.hadoop.ipc.DefaultRpcScheduler, ipcBackoff: false.
2023-05-17 09:08:54,083 [Socket Reader #1 for port 15002] INFO  ipc.Server (Server.java:run(1319)) - Starting Socket Reader #1 for port 15002
2023-05-17 09:08:54,142 [Listener at 0.0.0.0/15002] INFO  audit.AuditLogger (AuditLogger.java:refreshDebugCmdSet(126)) - Refresh DebugCmdSet for SCMAudit to [].
2023-05-17 09:08:54,148 [Listener at 0.0.0.0/15002] INFO  ipc.CallQueueManager (CallQueueManager.java:<init>(90)) - Using callQueue: class java.util.concurrent.LinkedBlockingQueue, queueCapacity: 2000, scheduler: class org.apache.hadoop.ipc.DefaultRpcScheduler, ipcBackoff: false.
2023-05-17 09:08:54,149 [Socket Reader #1 for port 15001] INFO  ipc.Server (Server.java:run(1319)) - Starting Socket Reader #1 for port 15001
2023-05-17 09:08:54,180 [Listener at 0.0.0.0/15001] INFO  audit.AuditLogger (AuditLogger.java:refreshDebugCmdSet(126)) - Refresh DebugCmdSet for SCMAudit to [].
2023-05-17 09:08:54,191 [Listener at 0.0.0.0/15001] INFO  ipc.CallQueueManager (CallQueueManager.java:<init>(90)) - Using callQueue: class java.util.concurrent.LinkedBlockingQueue, queueCapacity: 2000, scheduler: class org.apache.hadoop.ipc.DefaultRpcScheduler, ipcBackoff: false.
2023-05-17 09:08:54,192 [Socket Reader #1 for port 15000] INFO  ipc.Server (Server.java:run(1319)) - Starting Socket Reader #1 for port 15000
2023-05-17 09:08:54,247 [Listener at 0.0.0.0/15000] INFO  ha.SCMServiceManager (SCMServiceManager.java:register(42)) - Registering service ContainerBalancer.
2023-05-17 09:08:54,248 [Listener at 0.0.0.0/15000] INFO  server.StorageContainerManager (StorageContainerManager.java:<init>(420)) - 
Container Balancer status:
Key                            Value
Running                        false
Container Balancer Configuration values:
Key                                                Value
Threshold                                          10
Max Datanodes to Involve per Iteration(percent)    20
Max Size to Move per Iteration                     500GB
Max Size Entering Target per Iteration             26GB
Max Size Leaving Source per Iteration              26GB

2023-05-17 09:08:54,248 [Listener at 0.0.0.0/15000] INFO  ha.SCMContext (SCMContext.java:updateSafeModeStatus(228)) - Update SafeModeStatus from SafeModeStatus{safeModeStatus=true, preCheckPassed=false} to SafeModeStatus{safeModeStatus=true, preCheckPassed=false}.
2023-05-17 09:08:54,253 [Listener at 0.0.0.0/15000] INFO  server.StorageContainerManager (StorageContainerManager.java:start(1477)) - StorageContainerLocationProtocol RPC server is listening at /0.0.0.0:15000
2023-05-17 09:08:54,326 [Listener at 0.0.0.0/15000] WARN  impl.MetricsConfig (MetricsConfig.java:loadFirst(136)) - Cannot locate configuration: tried hadoop-metrics2-storagecontainermanager.properties,hadoop-metrics2.properties
2023-05-17 09:08:54,341 [Listener at 0.0.0.0/15000] INFO  impl.MetricsSystemImpl (MetricsSystemImpl.java:startTimer(378)) - Scheduled Metric snapshot period at 10 second(s).
2023-05-17 09:08:54,341 [Listener at 0.0.0.0/15000] INFO  impl.MetricsSystemImpl (MetricsSystemImpl.java:start(191)) - StorageContainerManager metrics system started
2023-05-17 09:08:54,411 [Listener at 0.0.0.0/15000] INFO  server.SCMClientProtocolServer (SCMClientProtocolServer.java:start(199)) - RPC server for Client  is listening at /0.0.0.0:15000
2023-05-17 09:08:54,412 [IPC Server Responder] INFO  ipc.Server (Server.java:run(1558)) - IPC Server Responder: starting
2023-05-17 09:08:54,420 [Listener at 0.0.0.0/15000] INFO  server.StorageContainerManager (StorageContainerManager.java:start(1491)) - ScmBlockLocationProtocol RPC server is listening at /0.0.0.0:15001
2023-05-17 09:08:54,425 [Listener at 0.0.0.0/15000] INFO  server.SCMBlockProtocolServer (SCMBlockProtocolServer.java:start(152)) - RPC server for Block Protocol is listening at /0.0.0.0:15001
2023-05-17 09:08:54,413 [IPC Server listener on 15000] INFO  ipc.Server (Server.java:run(1398)) - IPC Server listener on 15000: starting
2023-05-17 09:08:54,425 [IPC Server Responder] INFO  ipc.Server (Server.java:run(1558)) - IPC Server Responder: starting
2023-05-17 09:08:54,426 [IPC Server listener on 15001] INFO  ipc.Server (Server.java:run(1398)) - IPC Server listener on 15001: starting
2023-05-17 09:08:54,428 [Listener at 0.0.0.0/15000] INFO  server.SCMDatanodeProtocolServer (SCMDatanodeProtocolServer.java:start(193)) - ScmDatanodeProtocol RPC server for DataNodes is listening at /0.0.0.0:15002
2023-05-17 09:08:54,435 [IPC Server Responder] INFO  ipc.Server (Server.java:run(1558)) - IPC Server Responder: starting
2023-05-17 09:08:54,453 [IPC Server listener on 15002] INFO  ipc.Server (Server.java:run(1398)) - IPC Server listener on 15002: starting
2023-05-17 09:08:54,467 [org.apache.hadoop.util.JvmPauseMonitor$Monitor@43ef1243] INFO  util.JvmPauseMonitor (JvmPauseMonitor.java:run(188)) - Starting JVM pause monitor
2023-05-17 09:08:54,470 [Listener at 0.0.0.0/15000] INFO  http.BaseHttpServer (BaseHttpServer.java:newHttpServer2BuilderForOzone(224)) - Starting Web-server for scm at: http://0.0.0.0:15003
2023-05-17 09:08:54,471 [Listener at 0.0.0.0/15000] INFO  http.BaseHttpServer (BaseHttpServer.java:<init>(111)) - Hadoop Security Enabled: false Ozone Security Enabled: false Ozone HTTP Security Enabled: false 
2023-05-17 09:08:54,494 [Listener at 0.0.0.0/15000] INFO  util.log (Log.java:initialized(170)) - Logging initialized @5321ms to org.eclipse.jetty.util.log.Slf4jLog
2023-05-17 09:08:54,588 [Listener at 0.0.0.0/15000] WARN  server.AuthenticationFilter (AuthenticationFilter.java:constructSecretProvider(240)) - Unable to initialize FileSignerSecretProvider, falling back to use random secrets. Reason: Could not read signature secret file: /home/runner/hadoop-http-auth-signature-secret
2023-05-17 09:08:54,593 [Listener at 0.0.0.0/15000] INFO  http.HttpRequestLog (HttpRequestLog.java:getRequestLog(86)) - Http request log for http.requests.scm is not defined
2023-05-17 09:08:54,600 [Listener at 0.0.0.0/15000] INFO  http.HttpServer2 (HttpServer2.java:addGlobalFilter(1031)) - Added global filter 'safety' (class=org.apache.hadoop.hdds.server.http.HttpServer2$QuotingInputFilter)
2023-05-17 09:08:54,603 [Listener at 0.0.0.0/15000] INFO  http.HttpServer2 (HttpServer2.java:addFilter(1007)) - Added filter static_user_filter (class=org.apache.hadoop.http.lib.StaticUserWebFilter$StaticUserFilter) to context scm
2023-05-17 09:08:54,603 [Listener at 0.0.0.0/15000] INFO  http.HttpServer2 (HttpServer2.java:addFilter(1015)) - Added filter static_user_filter (class=org.apache.hadoop.http.lib.StaticUserWebFilter$StaticUserFilter) to context logs
2023-05-17 09:08:54,604 [Listener at 0.0.0.0/15000] INFO  http.HttpServer2 (HttpServer2.java:addFilter(1015)) - Added filter static_user_filter (class=org.apache.hadoop.http.lib.StaticUserWebFilter$StaticUserFilter) to context static
2023-05-17 09:08:54,639 [Listener at 0.0.0.0/15000] INFO  http.BaseHttpServer (BaseHttpServer.java:<init>(190)) - HTTP server of scm uses base directory /home/runner/work/ozone/ozone/hadoop-ozone/integration-test/target/test-dir/MiniOzoneClusterImpl-21d14123-a168-44a2-bc0a-ee93e32dcc9b/ozone-meta/webserver
2023-05-17 09:08:54,640 [Listener at 0.0.0.0/15000] INFO  http.HttpServer2 (HttpServer2.java:bindListener(1250)) - Jetty bound to port 15003
2023-05-17 09:08:54,642 [Listener at 0.0.0.0/15000] INFO  server.Server (Server.java:doStart(375)) - jetty-9.4.51.v20230217; built: 2023-02-17T08:19:37.309Z; git: b45c405e4544384de066f814ed42ae3dceacdd49; jvm 1.8.0_362-b09
2023-05-17 09:08:54,674 [Listener at 0.0.0.0/15000] INFO  server.session (DefaultSessionIdManager.java:doStart(334)) - DefaultSessionIdManager workerName=node0
2023-05-17 09:08:54,674 [Listener at 0.0.0.0/15000] INFO  server.session (DefaultSessionIdManager.java:doStart(339)) - No SessionScavenger set, using defaults
2023-05-17 09:08:54,676 [Listener at 0.0.0.0/15000] INFO  server.session (HouseKeeper.java:startScavenging(132)) - node0 Scavenging every 600000ms
2023-05-17 09:08:54,687 [Listener at 0.0.0.0/15000] INFO  handler.ContextHandler (ContextHandler.java:doStart(921)) - Started o.e.j.s.ServletContextHandler@e8bd42f{logs,/logs,file:///home/runner/work/ozone/ozone/hadoop-ozone/integration-test/target/log,AVAILABLE}
2023-05-17 09:08:54,688 [Listener at 0.0.0.0/15000] INFO  handler.ContextHandler (ContextHandler.java:doStart(921)) - Started o.e.j.s.ServletContextHandler@7985c32f{static,/static,file:///home/runner/work/ozone/ozone/hadoop-ozone/integration-test/target/test-classes/webapps/static,AVAILABLE}
2023-05-17 09:08:54,724 [Listener at 0.0.0.0/15000] INFO  handler.ContextHandler (ContextHandler.java:doStart(921)) - Started o.e.j.w.WebAppContext@26652743{scm,/,file:///home/runner/work/ozone/ozone/hadoop-ozone/integration-test/target/test-classes/webapps/scm/,AVAILABLE}{file:/home/runner/work/ozone/ozone/hadoop-ozone/integration-test/target/test-classes/webapps/scm}
2023-05-17 09:08:54,733 [Listener at 0.0.0.0/15000] INFO  server.AbstractConnector (AbstractConnector.java:doStart(333)) - Started ServerConnector@6b1cc2fb{HTTP/1.1, (http/1.1)}{0.0.0.0:15003}
2023-05-17 09:08:54,733 [Listener at 0.0.0.0/15000] INFO  server.Server (Server.java:doStart(415)) - Started @5560ms
2023-05-17 09:08:54,735 [Listener at 0.0.0.0/15000] INFO  impl.MetricsSinkAdapter (MetricsSinkAdapter.java:start(204)) - Sink prometheus started
2023-05-17 09:08:54,736 [Listener at 0.0.0.0/15000] INFO  impl.MetricsSystemImpl (MetricsSystemImpl.java:registerSink(305)) - Registered sink prometheus
2023-05-17 09:08:54,737 [Listener at 0.0.0.0/15000] INFO  http.BaseHttpServer (BaseHttpServer.java:updateConnectorAddress(344)) - HTTP server of scm listening at http://0.0.0.0:15003
2023-05-17 09:08:54,739 [Listener at 0.0.0.0/15000] WARN  server.ServerUtils (ServerUtils.java:getDBPath(225)) - ozone.om.db.dirs is not configured. We recommend adding this setting. Falling back to ozone.metadata.dirs instead.
2023-05-17 09:08:54,748 [Listener at 0.0.0.0/15000] INFO  ha.OMHANodeDetails (OMHANodeDetails.java:loadOMHAConfig(115)) - ozone.om.internal.service.id is not defined, falling back to ozone.om.service.ids to find serviceID for OzoneManager if it is HA enabled cluster
2023-05-17 09:08:54,751 [Listener at 0.0.0.0/15000] INFO  ha.OMHANodeDetails (OMHANodeDetails.java:loadOMHAConfig(226)) - Configuration does not have ozone.om.address set. Falling back to the default OM address /127.0.0.1:15004
2023-05-17 09:08:54,752 [Listener at 0.0.0.0/15000] INFO  ha.OMHANodeDetails (OMHANodeDetails.java:getOMNodeDetailsForNonHA(254)) - OM Service ID is not set. Setting it to the default ID: omServiceIdDefault
2023-05-17 09:08:54,752 [Listener at 0.0.0.0/15000] INFO  ha.OMHANodeDetails (OMHANodeDetails.java:getOMNodeDetailsForNonHA(261)) - OM Node ID is not set. Setting it to the default ID: om1
2023-05-17 09:08:54,756 [Listener at 0.0.0.0/15000] WARN  server.ServerUtils (ServerUtils.java:getDBPath(225)) - ozone.om.db.dirs is not configured. We recommend adding this setting. Falling back to ozone.metadata.dirs instead.
2023-05-17 09:08:54,759 [Listener at 0.0.0.0/15000] INFO  upgrade.AbstractLayoutVersionManager (AbstractLayoutVersionManager.java:init(83)) - Initializing Layout version manager with metadata layout = HSYNC (version = 4), software layout = HSYNC (version = 4)
2023-05-17 09:08:54,850 [Listener at 0.0.0.0/15000] INFO  reflections.Reflections (Reflections.java:scan(232)) - Reflections took 88 ms to scan 2 urls, producing 172 keys and 479 values [using 2 cores]
2023-05-17 09:08:54,856 [Listener at 0.0.0.0/15000] INFO  upgrade.OMLayoutVersionManager (OMLayoutVersionManager.java:lambda$0(115)) - Skipping Upgrade Action MockOmUpgradeAction since it has been finalized.
2023-05-17 09:08:54,858 [Listener at 0.0.0.0/15000] WARN  server.ServerUtils (ServerUtils.java:getDBPath(225)) - ozone.om.db.dirs is not configured. We recommend adding this setting. Falling back to ozone.metadata.dirs instead.
2023-05-17 09:08:55,007 [Listener at 0.0.0.0/15000] INFO  proxy.SCMBlockLocationFailoverProxyProvider (SCMBlockLocationFailoverProxyProvider.java:<init>(114)) - Created block location fail-over proxy with 1 nodes: [nodeId=scmNodeId,nodeAddress=/0.0.0.0:15001]
2023-05-17 09:08:55,138 [Listener at 0.0.0.0/15000] INFO  om.OzoneManager (OzoneManager.java:<init>(644)) - OM start with adminUsers: [runner]
2023-05-17 09:08:55,151 [Listener at 0.0.0.0/15000] WARN  server.ServerUtils (ServerUtils.java:getDBPath(225)) - ozone.om.db.dirs is not configured. We recommend adding this setting. Falling back to ozone.metadata.dirs instead.
2023-05-17 09:08:55,156 [Listener at 0.0.0.0/15000] INFO  codec.OmKeyInfoCodec (OmKeyInfoCodec.java:<init>(49)) - OmKeyInfoCodec ignorePipeline = true
2023-05-17 09:08:55,157 [Listener at 0.0.0.0/15000] INFO  codec.RepeatedOmKeyInfoCodec (RepeatedOmKeyInfoCodec.java:<init>(41)) - RepeatedOmKeyInfoCodec ignorePipeline = true
2023-05-17 09:08:55,416 [Listener at 0.0.0.0/15000] INFO  om.OzoneManager (OzoneManager.java:instantiateServices(774)) - S3 Multi-Tenancy is disabled
2023-05-17 09:08:55,432 [Listener at 0.0.0.0/15000] INFO  security.OzoneSecretStore (OzoneSecretStore.java:loadState(69)) - Loaded 0 tokens
2023-05-17 09:08:55,432 [Listener at 0.0.0.0/15000] INFO  security.OzoneDelegationTokenSecretManager (OzoneDelegationTokenSecretManager.java:loadTokenSecretState(530)) - Loading token state into token manager.
2023-05-17 09:08:55,464 [Listener at 0.0.0.0/15000] INFO  om.OmSnapshotManager (OmSnapshotManager.java:<init>(171)) - Ozone filesystem snapshot feature is enabled.
2023-05-17 09:08:55,467 [Listener at 0.0.0.0/15000] WARN  server.ServerUtils (ServerUtils.java:getDBPath(225)) - ozone.om.snapshot.diff.db.dir is not configured. We recommend adding this setting. Falling back to ozone.metadata.dirs instead.
2023-05-17 09:08:55,575 [Listener at 0.0.0.0/15000] INFO  om.OzoneManager (OzoneManager.java:addS3GVolumeToDB(4301)) - Created Volume s3v With Owner runner required for S3Gateway operations.
2023-05-17 09:08:55,644 [Listener at 0.0.0.0/15000] WARN  server.ServerUtils (ServerUtils.java:getDefaultRatisDirectory(237)) - Storage directory for Ratis is not configured. It is a good idea to map this to an SSD disk. Falling back to ozone.metadata.dirs
2023-05-17 09:08:55,645 [Listener at 0.0.0.0/15000] WARN  utils.OzoneManagerRatisUtils (OzoneManagerRatisUtils.java:getOMRatisSnapshotDirectory(456)) - ozone.om.ratis.snapshot.dir is not configured. Falling back to ozone.metadata.dirs config
2023-05-17 09:08:55,669 [Listener at 0.0.0.0/15000] WARN  server.ServerUtils (ServerUtils.java:getDefaultRatisDirectory(237)) - Storage directory for Ratis is not configured. It is a good idea to map this to an SSD disk. Falling back to ozone.metadata.dirs
2023-05-17 09:08:55,707 [Listener at 0.0.0.0/15000] INFO  ratis.OzoneManagerRatisServer (OzoneManagerRatisServer.java:<init>(163)) - Instantiating OM Ratis server with groupID: omServiceIdDefault and peers: localhost:15007
2023-05-17 09:08:55,716 [Listener at 0.0.0.0/15000] INFO  ratis.OzoneManagerStateMachine (OzoneManagerStateMachine.java:loadSnapshotInfoFromDB(670)) - LastAppliedIndex is set from TransactionInfo from OM DB as (t:0, i:~)
2023-05-17 09:08:55,767 [Listener at 0.0.0.0/15000] INFO  server.RaftServer (ConfUtils.java:logGet(46)) - raft.rpc.type = GRPC (default)
2023-05-17 09:08:55,778 [Listener at 0.0.0.0/15000] INFO  grpc.GrpcConfigKeys (ConfUtils.java:logFallback(53)) - raft.grpc.admin.host = null (fallback to raft.grpc.server.host)
2023-05-17 09:08:55,780 [Listener at 0.0.0.0/15000] INFO  grpc.GrpcConfigKeys (ConfUtils.java:logFallback(53)) - raft.grpc.admin.port = 15007 (fallback to raft.grpc.server.port)
2023-05-17 09:08:55,780 [Listener at 0.0.0.0/15000] INFO  grpc.GrpcConfigKeys (ConfUtils.java:logFallback(53)) - raft.grpc.client.host = null (fallback to raft.grpc.server.host)
2023-05-17 09:08:55,781 [Listener at 0.0.0.0/15000] INFO  grpc.GrpcConfigKeys (ConfUtils.java:logFallback(53)) - raft.grpc.client.port = 15007 (fallback to raft.grpc.server.port)
2023-05-17 09:08:55,781 [Listener at 0.0.0.0/15000] INFO  grpc.GrpcConfigKeys (ConfUtils.java:logGet(46)) - raft.grpc.server.host = null (default)
2023-05-17 09:08:55,781 [Listener at 0.0.0.0/15000] INFO  grpc.GrpcConfigKeys (ConfUtils.java:logGet(46)) - raft.grpc.server.port = 15007 (custom)
2023-05-17 09:08:55,782 [Listener at 0.0.0.0/15000] INFO  server.GrpcService (ConfUtils.java:logGet(46)) - raft.grpc.message.size.max = 33554432 (custom)
2023-05-17 09:08:55,784 [Listener at 0.0.0.0/15000] INFO  server.RaftServerConfigKeys (ConfUtils.java:logGet(46)) - raft.server.log.appender.buffer.byte-limit = 33554432 (custom)
2023-05-17 09:08:55,784 [Listener at 0.0.0.0/15000] INFO  server.GrpcService (ConfUtils.java:logGet(46)) - raft.grpc.flow.control.window = 1MB (=1048576) (default)
2023-05-17 09:08:55,785 [Listener at 0.0.0.0/15000] INFO  server.RaftServerConfigKeys (ConfUtils.java:logGet(46)) - raft.server.rpc.request.timeout = 3000ms (default)
2023-05-17 09:08:55,798 [Listener at 0.0.0.0/15000] INFO  grpc.GrpcConfigKeys (ConfUtils.java:logGet(46)) - raft.grpc.server.heartbeat.channel = true (default)
2023-05-17 09:08:55,801 [Listener at 0.0.0.0/15000] INFO  grpc.GrpcConfigKeys (ConfUtils.java:logGet(46)) - raft.grpc.server.async.request.thread.pool.cached = true (default)
2023-05-17 09:08:55,801 [Listener at 0.0.0.0/15000] INFO  grpc.GrpcConfigKeys (ConfUtils.java:logGet(46)) - raft.grpc.server.async.request.thread.pool.size = 32 (default)
2023-05-17 09:08:56,012 [Listener at 0.0.0.0/15000] INFO  impl.DataStreamServerImpl (ConfUtils.java:logGet(46)) - raft.datastream.type = DISABLED (default)
2023-05-17 09:08:56,015 [Listener at 0.0.0.0/15000] INFO  server.RaftServerConfigKeys (ConfUtils.java:logGet(46)) - raft.server.threadpool.proxy.cached = true (default)
2023-05-17 09:08:56,015 [Listener at 0.0.0.0/15000] INFO  server.RaftServerConfigKeys (ConfUtils.java:logGet(46)) - raft.server.threadpool.proxy.size = 0 (default)
2023-05-17 09:08:56,016 [Listener at 0.0.0.0/15000] INFO  server.RaftServerConfigKeys (ConfUtils.java:logGet(46)) - raft.server.rpc.slowness.timeout = 120s (custom)
2023-05-17 09:08:56,016 [Listener at 0.0.0.0/15000] INFO  server.RaftServerConfigKeys (ConfUtils.java:logGet(46)) - raft.server.leaderelection.leader.step-down.wait-time = 10s (default)
2023-05-17 09:08:56,019 [Listener at 0.0.0.0/15000] INFO  server.RaftServerConfigKeys (ConfUtils.java:logGet(46)) - raft.server.storage.dir = [/home/runner/work/ozone/ozone/hadoop-ozone/integration-test/target/test-dir/MiniOzoneClusterImpl-21d14123-a168-44a2-bc0a-ee93e32dcc9b/ozone-meta/ratis] (custom)
2023-05-17 09:08:56,029 [Listener at 0.0.0.0/15000] INFO  server.RaftServer (RaftServerProxy.java:addNew(98)) - om1: addNew group-C5BA1605619E:[om1|rpc:localhost:15007|priority:0|startupRole:FOLLOWER] returns group-C5BA1605619E:java.util.concurrent.CompletableFuture@38bd6f78[Not completed]
2023-05-17 09:08:56,030 [Listener at 0.0.0.0/15000] INFO  om.OzoneManager (OzoneManager.java:initializeRatisServer(2137)) - OzoneManager Ratis server initialized at port 15007
2023-05-17 09:08:56,035 [Listener at 0.0.0.0/15000] INFO  om.OzoneManager (OzoneManager.java:getRpcServer(1184)) - Creating RPC Server
2023-05-17 09:08:56,055 [om1-groupManagement] INFO  server.RaftServer$Division (RaftServerImpl.java:<init>(198)) - om1: new RaftServerImpl for group-C5BA1605619E:[om1|rpc:localhost:15007|priority:0|startupRole:FOLLOWER] with OzoneManagerStateMachine:uninitialized
2023-05-17 09:08:56,058 [om1-groupManagement] INFO  server.RaftServerConfigKeys (ConfUtils.java:logGet(46)) - raft.server.rpc.timeout.min = 1s (custom)
2023-05-17 09:08:56,059 [om1-groupManagement] INFO  server.RaftServerConfigKeys (ConfUtils.java:logGet(46)) - raft.server.rpc.timeout.max = 1200ms (custom)
2023-05-17 09:08:56,059 [om1-groupManagement] INFO  server.RaftServerConfigKeys (ConfUtils.java:logGet(46)) - raft.server.rpc.sleep.time = 25ms (default)
2023-05-17 09:08:56,059 [om1-groupManagement] INFO  server.RaftServerConfigKeys (ConfUtils.java:logGet(46)) - raft.server.rpc.slowness.timeout = 120s (custom)
2023-05-17 09:08:56,060 [om1-groupManagement] INFO  server.RaftServerConfigKeys (ConfUtils.java:logGet(46)) - raft.server.leaderelection.leader.step-down.wait-time = 10s (default)
2023-05-17 09:08:56,060 [om1-groupManagement] INFO  server.RaftServerConfigKeys (ConfUtils.java:logGet(46)) - raft.server.sleep.deviation.threshold = 300ms (default)
2023-05-17 09:08:56,080 [om1-groupManagement] INFO  server.RaftServer$Division (ServerState.java:<init>(120)) - om1@group-C5BA1605619E: ConfigurationManager, init=-1: peers:[om1|rpc:localhost:15007|priority:0|startupRole:FOLLOWER]|listeners:[], old=null, confs=<EMPTY_MAP>
2023-05-17 09:08:56,080 [om1-groupManagement] INFO  server.RaftServerConfigKeys (ConfUtils.java:logGet(46)) - raft.server.storage.dir = [/home/runner/work/ozone/ozone/hadoop-ozone/integration-test/target/test-dir/MiniOzoneClusterImpl-21d14123-a168-44a2-bc0a-ee93e32dcc9b/ozone-meta/ratis] (custom)
2023-05-17 09:08:56,093 [om1-groupManagement] INFO  server.RaftServerConfigKeys (ConfUtils.java:logGet(46)) - raft.server.log.corruption.policy = EXCEPTION (default)
2023-05-17 09:08:56,093 [om1-groupManagement] INFO  server.RaftServerConfigKeys (ConfUtils.java:logGet(46)) - raft.server.storage.free-space.min = 0MB (=0) (default)
2023-05-17 09:08:56,130 [om1-groupManagement] INFO  server.RaftServerConfigKeys (ConfUtils.java:logGet(46)) - raft.server.notification.no-leader.timeout = 120s (custom)
2023-05-17 09:08:56,139 [om1-groupManagement] INFO  server.RaftServerConfigKeys (ConfUtils.java:logGet(46)) - raft.server.read.timeout = 10s (default)
2023-05-17 09:08:56,146 [om1-groupManagement] INFO  server.RaftServerConfigKeys (ConfUtils.java:logGet(46)) - raft.server.retrycache.expirytime = 300s (custom)
2023-05-17 09:08:56,146 [om1-groupManagement] INFO  server.RaftServerConfigKeys (ConfUtils.java:logGet(46)) - raft.server.retrycache.statistics.expirytime = 100μs (default)
2023-05-17 09:08:56,200 [om1-groupManagement] INFO  server.RaftServerConfigKeys (ConfUtils.java:logGet(46)) - raft.server.read.option = DEFAULT (default)
2023-05-17 09:08:56,256 [om1-groupManagement] INFO  server.RaftServerConfigKeys (ConfUtils.java:logGet(46)) - raft.server.rpc.request.timeout = 3000ms (default)
2023-05-17 09:08:56,264 [om1-groupManagement] INFO  server.RaftServerConfigKeys (ConfUtils.java:logGet(46)) - raft.server.log.appender.install.snapshot.enabled = false (custom)
2023-05-17 09:08:56,264 [om1-groupManagement] INFO  server.RaftServerConfigKeys (ConfUtils.java:logGet(46)) - raft.server.threadpool.server.cached = true (default)
2023-05-17 09:08:56,265 [om1-groupManagement] INFO  server.RaftServerConfigKeys (ConfUtils.java:logGet(46)) - raft.server.threadpool.server.size = 0 (default)
2023-05-17 09:08:56,266 [om1-groupManagement] INFO  server.RaftServerConfigKeys (ConfUtils.java:logGet(46)) - raft.server.threadpool.client.cached = true (default)
2023-05-17 09:08:56,267 [om1-groupManagement] INFO  server.RaftServerConfigKeys (ConfUtils.java:logGet(46)) - raft.server.threadpool.client.size = 0 (default)
2023-05-17 09:08:56,911 [Listener at 0.0.0.0/15000] INFO  reflections.Reflections (Reflections.java:scan(232)) - Reflections took 817 ms to scan 19 urls, producing 69 keys and 5181 values [using 2 cores]
2023-05-17 09:08:57,090 [Listener at 0.0.0.0/15000] INFO  ipc.CallQueueManager (CallQueueManager.java:<init>(90)) - Using callQueue: class java.util.concurrent.LinkedBlockingQueue, queueCapacity: 2000, scheduler: class org.apache.hadoop.ipc.DefaultRpcScheduler, ipcBackoff: false.
2023-05-17 09:08:57,099 [Socket Reader #1 for port 15004] INFO  ipc.Server (Server.java:run(1319)) - Starting Socket Reader #1 for port 15004
2023-05-17 09:08:57,183 [Listener at 127.0.0.1/15004] INFO  impl.MetricsSystemImpl (MetricsSystemImpl.java:init(158)) - OzoneManager metrics system started (again)
2023-05-17 09:08:57,196 [Listener at 127.0.0.1/15004] INFO  om.OzoneManager (OzoneManager.java:start(1605)) - OzoneManager RPC server is listening at localhost/127.0.0.1:15004
2023-05-17 09:08:57,197 [Listener at 127.0.0.1/15004] INFO  ratis.OzoneManagerRatisServer (OzoneManagerRatisServer.java:start(558)) - Starting OzoneManagerRatisServer om1 at port 15007
2023-05-17 09:08:57,199 [om1-impl-thread1] INFO  storage.RaftStorageDirectory (RaftStorageDirectoryImpl.java:analyzeStorage(137)) - The storage directory /home/runner/work/ozone/ozone/hadoop-ozone/integration-test/target/test-dir/MiniOzoneClusterImpl-21d14123-a168-44a2-bc0a-ee93e32dcc9b/ozone-meta/ratis/bf265839-605b-3f16-9796-c5ba1605619e does not exist. Creating ...
2023-05-17 09:08:57,204 [om1-impl-thread1] INFO  storage.RaftStorageDirectory (RaftStorageDirectoryImpl.java:tryLock(231)) - Lock on /home/runner/work/ozone/ozone/hadoop-ozone/integration-test/target/test-dir/MiniOzoneClusterImpl-21d14123-a168-44a2-bc0a-ee93e32dcc9b/ozone-meta/ratis/bf265839-605b-3f16-9796-c5ba1605619e/in_use.lock acquired by nodename 2768@fv-az41-747
2023-05-17 09:08:57,209 [om1-impl-thread1] INFO  storage.RaftStorage (RaftStorageImpl.java:format(96)) - Storage directory /home/runner/work/ozone/ozone/hadoop-ozone/integration-test/target/test-dir/MiniOzoneClusterImpl-21d14123-a168-44a2-bc0a-ee93e32dcc9b/ozone-meta/ratis/bf265839-605b-3f16-9796-c5ba1605619e has been successfully formatted.
2023-05-17 09:08:57,212 [om1-impl-thread1] INFO  server.RaftServerConfigKeys (ConfUtils.java:logGet(46)) - raft.server.log.use.memory = false (default)
2023-05-17 09:08:57,219 [om1-impl-thread1] INFO  server.RaftServerConfigKeys (ConfUtils.java:logGet(46)) - raft.server.log.purge.gap = 1000000 (custom)
2023-05-17 09:08:57,219 [om1-impl-thread1] INFO  server.RaftServerConfigKeys (ConfUtils.java:logGet(46)) - raft.server.log.appender.buffer.byte-limit = 33554432 (custom)
2023-05-17 09:08:57,220 [om1-impl-thread1] INFO  server.RaftServerConfigKeys (ConfUtils.java:logGet(46)) - raft.server.log.statemachine.data.read.timeout = 1000ms (default)
2023-05-17 09:08:57,221 [om1-impl-thread1] INFO  server.RaftServerConfigKeys (ConfUtils.java:logGet(46)) - raft.server.log.purge.preservation.log.num = 0 (default)
2023-05-17 09:08:57,224 [om1-impl-thread1] INFO  server.RaftServerConfigKeys (ConfUtils.java:logGet(46)) - raft.server.log.segment.size.max = 4194304 (custom)
2023-05-17 09:08:57,229 [om1-impl-thread1] INFO  server.RaftServerConfigKeys (ConfUtils.java:logGet(46)) - raft.server.log.segment.cache.num.max = 2 (custom)
2023-05-17 09:08:57,229 [om1-impl-thread1] INFO  server.RaftServerConfigKeys (ConfUtils.java:logGet(46)) - raft.server.log.segment.cache.size.max = 200MB (=209715200) (default)
2023-05-17 09:08:57,229 [om1-impl-thread1] INFO  server.RaftServerConfigKeys (ConfUtils.java:logGet(46)) - raft.server.log.appender.buffer.byte-limit = 33554432 (custom)
2023-05-17 09:08:57,234 [om1-impl-thread1] INFO  segmented.SegmentedRaftLogWorker (SegmentedRaftLogWorker.java:<init>(188)) - new om1@group-C5BA1605619E-SegmentedRaftLogWorker for RaftStorageImpl:Storage Directory /home/runner/work/ozone/ozone/hadoop-ozone/integration-test/target/test-dir/MiniOzoneClusterImpl-21d14123-a168-44a2-bc0a-ee93e32dcc9b/ozone-meta/ratis/bf265839-605b-3f16-9796-c5ba1605619e
2023-05-17 09:08:57,234 [om1-impl-thread1] INFO  server.RaftServerConfigKeys (ConfUtils.java:logGet(46)) - raft.server.log.queue.byte-limit = 64MB (=67108864) (default)
2023-05-17 09:08:57,235 [om1-impl-thread1] INFO  server.RaftServerConfigKeys (ConfUtils.java:logGet(46)) - raft.server.log.queue.element-limit = 4096 (default)
2023-05-17 09:08:57,236 [om1-impl-thread1] INFO  server.RaftServerConfigKeys (ConfUtils.java:logGet(46)) - raft.server.log.segment.size.max = 4194304 (custom)
2023-05-17 09:08:57,236 [om1-impl-thread1] INFO  server.RaftServerConfigKeys (ConfUtils.java:logGet(46)) - raft.server.log.preallocated.size = 4194304 (custom)
2023-05-17 09:08:57,236 [om1-impl-thread1] INFO  server.RaftServerConfigKeys (ConfUtils.java:logGet(46)) - raft.server.log.force.sync.num = 128 (default)
2023-05-17 09:08:57,237 [om1-impl-thread1] INFO  server.RaftServerConfigKeys (ConfUtils.java:logGet(46)) - raft.server.log.statemachine.data.sync = true (default)
2023-05-17 09:08:57,237 [om1-impl-thread1] INFO  server.RaftServerConfigKeys (ConfUtils.java:logGet(46)) - raft.server.log.statemachine.data.sync.timeout = 10s (default)
2023-05-17 09:08:57,238 [om1-impl-thread1] INFO  server.RaftServerConfigKeys (ConfUtils.java:logGet(46)) - raft.server.log.statemachine.data.sync.timeout.retry = -1 (default)
2023-05-17 09:08:57,246 [om1-impl-thread1] INFO  server.RaftServerConfigKeys (ConfUtils.java:logGet(46)) - raft.server.log.write.buffer.size = 64KB (=65536) (default)
2023-05-17 09:08:57,246 [om1-impl-thread1] INFO  server.RaftServerConfigKeys (ConfUtils.java:logGet(46)) - raft.server.log.appender.buffer.byte-limit = 33554432 (custom)
2023-05-17 09:08:57,251 [om1-impl-thread1] INFO  server.RaftServerConfigKeys (ConfUtils.java:logGet(46)) - raft.server.log.unsafe-flush.enabled = false (default)
2023-05-17 09:08:57,252 [om1-impl-thread1] INFO  server.RaftServerConfigKeys (ConfUtils.java:logGet(46)) - raft.server.log.async-flush.enabled = false (default)
2023-05-17 09:08:57,252 [om1-impl-thread1] INFO  server.RaftServerConfigKeys (ConfUtils.java:logGet(46)) - raft.server.log.statemachine.data.caching.enabled = false (default)
2023-05-17 09:08:57,258 [om1-impl-thread1] INFO  segmented.SegmentedRaftLogWorker (SegmentedRaftLogWorker.java:lambda$new$0(135)) - om1@group-C5BA1605619E-SegmentedRaftLogWorker: flushIndex: setUnconditionally 0 -> -1
2023-05-17 09:08:57,258 [om1-impl-thread1] INFO  segmented.SegmentedRaftLogWorker (SegmentedRaftLogWorker.java:lambda$new$0(135)) - om1@group-C5BA1605619E-SegmentedRaftLogWorker: safeCacheEvictIndex: setUnconditionally 0 -> -1
2023-05-17 09:08:57,260 [om1-impl-thread1] INFO  server.RaftServer$Division (RaftServerImpl.java:start(342)) - om1@group-C5BA1605619E: start as a follower, conf=-1: peers:[om1|rpc:localhost:15007|priority:0|startupRole:FOLLOWER]|listeners:[], old=null
2023-05-17 09:08:57,261 [om1-impl-thread1] INFO  server.RaftServer$Division (RaftServerImpl.java:setRole(329)) - om1@group-C5BA1605619E: changes role from      null to FOLLOWER at term 0 for startAsFollower
2023-05-17 09:08:57,263 [om1-impl-thread1] INFO  impl.RoleInfo (RoleInfo.java:updateAndGet(139)) - om1: start om1@group-C5BA1605619E-FollowerState
2023-05-17 09:08:57,264 [om1-impl-thread1] INFO  util.JmxRegister (JmxRegister.java:tryRegister(44)) - Successfully registered JMX Bean with object name Ratis:service=RaftServer,group=group-C5BA1605619E,id=om1
2023-05-17 09:08:57,266 [om1-impl-thread1] INFO  server.RaftServerConfigKeys (ConfUtils.java:logGet(46)) - raft.server.snapshot.auto.trigger.enabled = true (custom)
2023-05-17 09:08:57,266 [om1-impl-thread1] INFO  server.RaftServerConfigKeys (ConfUtils.java:logGet(46)) - raft.server.snapshot.auto.trigger.threshold = 400000 (default)
2023-05-17 09:08:57,266 [om1-impl-thread1] INFO  server.RaftServerConfigKeys (ConfUtils.java:logGet(46)) - raft.server.snapshot.retention.file.num = -1 (default)
2023-05-17 09:08:57,267 [om1-impl-thread1] INFO  server.RaftServerConfigKeys (ConfUtils.java:logGet(46)) - raft.server.log.purge.upto.snapshot.index = true (custom)
2023-05-17 09:08:57,269 [om1@group-C5BA1605619E-FollowerState] INFO  server.RaftServerConfigKeys (ConfUtils.java:logFallback(53)) - raft.server.rpc.first-election.timeout.min = 1s (fallback to raft.server.rpc.timeout.min)
2023-05-17 09:08:57,270 [om1@group-C5BA1605619E-FollowerState] INFO  server.RaftServerConfigKeys (ConfUtils.java:logFallback(53)) - raft.server.rpc.first-election.timeout.max = 1200ms (fallback to raft.server.rpc.timeout.max)
2023-05-17 09:08:57,270 [Listener at 127.0.0.1/15004] INFO  server.RaftServer (RaftServerProxy.java:startImpl(400)) - om1: start RPC server
2023-05-17 09:08:57,317 [Listener at 127.0.0.1/15004] INFO  server.GrpcService (GrpcService.java:startImpl(302)) - om1: GrpcService started, listening on 15007
2023-05-17 09:08:57,319 [Listener at 127.0.0.1/15004] INFO  om.OzoneManager (OzoneManager.java:start(1621)) - Version File has different layout version (4) than OM DB (null). That is expected if this OM has never been finalized to a newer layout version.
2023-05-17 09:08:57,325 [JvmPauseMonitor0] INFO  util.JvmPauseMonitor (JvmPauseMonitor.java:run(103)) - JvmPauseMonitor-om1: Started
2023-05-17 09:08:57,354 [Listener at 127.0.0.1/15004] INFO  http.BaseHttpServer (BaseHttpServer.java:newHttpServer2BuilderForOzone(224)) - Starting Web-server for ozoneManager at: http://0.0.0.0:15005
2023-05-17 09:08:57,354 [Listener at 127.0.0.1/15004] INFO  http.BaseHttpServer (BaseHttpServer.java:<init>(111)) - Hadoop Security Enabled: false Ozone Security Enabled: false Ozone HTTP Security Enabled: false 
2023-05-17 09:08:57,356 [Listener at 127.0.0.1/15004] WARN  server.AuthenticationFilter (AuthenticationFilter.java:constructSecretProvider(240)) - Unable to initialize FileSignerSecretProvider, falling back to use random secrets. Reason: Could not read signature secret file: /home/runner/hadoop-http-auth-signature-secret
2023-05-17 09:08:57,363 [Listener at 127.0.0.1/15004] INFO  http.HttpRequestLog (HttpRequestLog.java:getRequestLog(86)) - Http request log for http.requests.ozoneManager is not defined
2023-05-17 09:08:57,365 [Listener at 127.0.0.1/15004] INFO  http.HttpServer2 (HttpServer2.java:addGlobalFilter(1031)) - Added global filter 'safety' (class=org.apache.hadoop.hdds.server.http.HttpServer2$QuotingInputFilter)
2023-05-17 09:08:57,366 [Listener at 127.0.0.1/15004] INFO  http.HttpServer2 (HttpServer2.java:addFilter(1007)) - Added filter static_user_filter (class=org.apache.hadoop.http.lib.StaticUserWebFilter$StaticUserFilter) to context ozoneManager
2023-05-17 09:08:57,366 [Listener at 127.0.0.1/15004] INFO  http.HttpServer2 (HttpServer2.java:addFilter(1015)) - Added filter static_user_filter (class=org.apache.hadoop.http.lib.StaticUserWebFilter$StaticUserFilter) to context static
2023-05-17 09:08:57,366 [Listener at 127.0.0.1/15004] INFO  http.HttpServer2 (HttpServer2.java:addFilter(1015)) - Added filter static_user_filter (class=org.apache.hadoop.http.lib.StaticUserWebFilter$StaticUserFilter) to context logs
2023-05-17 09:08:57,367 [Listener at 127.0.0.1/15004] INFO  http.BaseHttpServer (BaseHttpServer.java:<init>(190)) - HTTP server of ozoneManager uses base directory /home/runner/work/ozone/ozone/hadoop-ozone/integration-test/target/test-dir/MiniOzoneClusterImpl-21d14123-a168-44a2-bc0a-ee93e32dcc9b/ozone-meta/webserver
2023-05-17 09:08:57,369 [Listener at 127.0.0.1/15004] INFO  http.HttpServer2 (HttpServer2.java:bindListener(1250)) - Jetty bound to port 15005
2023-05-17 09:08:57,369 [Listener at 127.0.0.1/15004] INFO  server.Server (Server.java:doStart(375)) - jetty-9.4.51.v20230217; built: 2023-02-17T08:19:37.309Z; git: b45c405e4544384de066f814ed42ae3dceacdd49; jvm 1.8.0_362-b09
2023-05-17 09:08:57,389 [Listener at 127.0.0.1/15004] INFO  server.session (DefaultSessionIdManager.java:doStart(334)) - DefaultSessionIdManager workerName=node0
2023-05-17 09:08:57,389 [Listener at 127.0.0.1/15004] INFO  server.session (DefaultSessionIdManager.java:doStart(339)) - No SessionScavenger set, using defaults
2023-05-17 09:08:57,390 [Listener at 127.0.0.1/15004] INFO  server.session (HouseKeeper.java:startScavenging(132)) - node0 Scavenging every 660000ms
2023-05-17 09:08:57,397 [Listener at 127.0.0.1/15004] INFO  handler.ContextHandler (ContextHandler.java:doStart(921)) - Started o.e.j.s.ServletContextHandler@71d0240d{logs,/logs,file:///home/runner/work/ozone/ozone/hadoop-ozone/integration-test/target/log,AVAILABLE}
2023-05-17 09:08:57,398 [Listener at 127.0.0.1/15004] INFO  handler.ContextHandler (ContextHandler.java:doStart(921)) - Started o.e.j.s.ServletContextHandler@60357655{static,/static,file:///home/runner/work/ozone/ozone/hadoop-ozone/integration-test/target/test-classes/webapps/static,AVAILABLE}
2023-05-17 09:08:57,404 [Listener at 127.0.0.1/15004] INFO  handler.ContextHandler (ContextHandler.java:doStart(921)) - Started o.e.j.w.WebAppContext@e207342{ozoneManager,/,file:///home/runner/work/ozone/ozone/hadoop-ozone/integration-test/target/test-classes/webapps/ozoneManager/,AVAILABLE}{file:/home/runner/work/ozone/ozone/hadoop-ozone/integration-test/target/test-classes/webapps/ozoneManager}
2023-05-17 09:08:57,405 [Listener at 127.0.0.1/15004] INFO  server.AbstractConnector (AbstractConnector.java:doStart(333)) - Started ServerConnector@4ac8c723{HTTP/1.1, (http/1.1)}{0.0.0.0:15005}
2023-05-17 09:08:57,406 [Listener at 127.0.0.1/15004] INFO  server.Server (Server.java:doStart(415)) - Started @8233ms
2023-05-17 09:08:57,406 [Listener at 127.0.0.1/15004] WARN  impl.MetricsSystemImpl (MetricsSystemImpl.java:register(279)) - Sink prometheus already exists!
2023-05-17 09:08:57,408 [Listener at 127.0.0.1/15004] INFO  http.BaseHttpServer (BaseHttpServer.java:updateConnectorAddress(344)) - HTTP server of ozoneManager listening at http://0.0.0.0:15005
2023-05-17 09:08:57,417 [IPC Server Responder] INFO  ipc.Server (Server.java:run(1558)) - IPC Server Responder: starting
2023-05-17 09:08:57,419 [IPC Server listener on 15004] INFO  ipc.Server (Server.java:run(1398)) - IPC Server listener on 15004: starting
2023-05-17 09:08:57,430 [Listener at 127.0.0.1/15004] INFO  om.OzoneManager (OzoneManager.java:startTrashEmptier(2081)) - Trash Interval set to 0. Files deleted won't move to trash
2023-05-17 09:08:57,442 [org.apache.hadoop.util.JvmPauseMonitor$Monitor@2e8f558c] INFO  util.JvmPauseMonitor (JvmPauseMonitor.java:run(188)) - Starting JVM pause monitor
2023-05-17 09:08:57,668 [Listener at 127.0.0.1/15004] WARN  impl.MetricRegistriesImpl (MetricRegistriesImpl.java:addReporterRegistration(111)) - New reporters are added after registries were created. Some metrics will be missing from the reporter. Please add reporter before adding any new registry.
2023-05-17 09:08:57,668 [Listener at 127.0.0.1/15004] WARN  impl.MetricRegistriesImpl (MetricRegistriesImpl.java:addReporterRegistration(111)) - New reporters are added after registries were created. Some metrics will be missing from the reporter. Please add reporter before adding any new registry.
2023-05-17 09:08:57,668 [Listener at 127.0.0.1/15004] INFO  impl.MetricsSystemImpl (MetricsSystemImpl.java:init(158)) - HddsDatanode metrics system started (again)
2023-05-17 09:08:57,690 [Listener at 127.0.0.1/15004] INFO  ozone.HddsDatanodeService (HddsDatanodeService.java:start(252)) - HddsDatanodeService host:fv-az41-747.zje5jq5y5x4uznwvdkgxk4wc2h.cx.internal.cloudapp.net ip:10.1.0.64
2023-05-17 09:08:58,196 [Listener at 127.0.0.1/15004] INFO  upgrade.AbstractLayoutVersionManager (AbstractLayoutVersionManager.java:init(83)) - Initializing Layout version manager with metadata layout = WEBUI_PORTS_IN_DATANODEDETAILS (version = 6), software layout = WEBUI_PORTS_IN_DATANODEDETAILS (version = 6)
2023-05-17 09:08:58,198 [Listener at 127.0.0.1/15004] INFO  statemachine.DatanodeStateMachine (DatanodeStateMachine.java:getEndPointTaskThreadPoolSize(267)) - Datanode State Machine Task Thread Pool size 2
2023-05-17 09:08:58,295 [om1@group-C5BA1605619E-FollowerState] INFO  impl.FollowerState (FollowerState.java:run(143)) - om1@group-C5BA1605619E-FollowerState: change to CANDIDATE, lastRpcElapsedTime:1032170689ns, electionTimeout:1024ms
2023-05-17 09:08:58,296 [om1@group-C5BA1605619E-FollowerState] INFO  impl.RoleInfo (RoleInfo.java:shutdownFollowerState(110)) - om1: shutdown om1@group-C5BA1605619E-FollowerState
2023-05-17 09:08:58,296 [om1@group-C5BA1605619E-FollowerState] INFO  server.RaftServer$Division (RaftServerImpl.java:setRole(329)) - om1@group-C5BA1605619E: changes role from  FOLLOWER to CANDIDATE at term 0 for changeToCandidate
2023-05-17 09:08:58,302 [om1@group-C5BA1605619E-FollowerState] INFO  server.RaftServerConfigKeys (ConfUtils.java:logGet(46)) - raft.server.leaderelection.pre-vote = true (default)
2023-05-17 09:08:58,302 [om1@group-C5BA1605619E-FollowerState] INFO  impl.RoleInfo (RoleInfo.java:updateAndGet(139)) - om1: start om1@group-C5BA1605619E-LeaderElection1
2023-05-17 09:08:58,310 [Listener at 127.0.0.1/15004] INFO  volume.HddsVolume (HddsVolume.java:<init>(130)) - Creating HddsVolume: /home/runner/work/ozone/ozone/hadoop-ozone/integration-test/target/test-dir/MiniOzoneClusterImpl-21d14123-a168-44a2-bc0a-ee93e32dcc9b/datanode-0/data-0/containers/hdds of storage type : DISK capacity : 9223372036854775807
2023-05-17 09:08:58,313 [om1@group-C5BA1605619E-LeaderElection1] INFO  impl.LeaderElection (LeaderElection.java:askForVotes(321)) - om1@group-C5BA1605619E-LeaderElection1 PRE_VOTE round 0: submit vote requests at term 0 for -1: peers:[om1|rpc:localhost:15007|priority:0|startupRole:FOLLOWER]|listeners:[], old=null
2023-05-17 09:08:58,313 [om1@group-C5BA1605619E-LeaderElection1] INFO  impl.LeaderElection (LeaderElection.java:askForVotes(323)) - om1@group-C5BA1605619E-LeaderElection1 PRE_VOTE round 0: result PASSED (term=0)
2023-05-17 09:08:58,316 [Listener at 127.0.0.1/15004] INFO  volume.MutableVolumeSet (MutableVolumeSet.java:initializeVolumeSet(175)) - Added Volume : /home/runner/work/ozone/ozone/hadoop-ozone/integration-test/target/test-dir/MiniOzoneClusterImpl-21d14123-a168-44a2-bc0a-ee93e32dcc9b/datanode-0/data-0/containers/hdds to VolumeSet
2023-05-17 09:08:58,317 [Listener at 127.0.0.1/15004] INFO  volume.ThrottledAsyncChecker (ThrottledAsyncChecker.java:schedule(141)) - Scheduling a check for /home/runner/work/ozone/ozone/hadoop-ozone/integration-test/target/test-dir/MiniOzoneClusterImpl-21d14123-a168-44a2-bc0a-ee93e32dcc9b/datanode-0/data-0/containers/hdds
2023-05-17 09:08:58,322 [om1@group-C5BA1605619E-LeaderElection1] INFO  impl.LeaderElection (LeaderElection.java:askForVotes(321)) - om1@group-C5BA1605619E-LeaderElection1 ELECTION round 0: submit vote requests at term 1 for -1: peers:[om1|rpc:localhost:15007|priority:0|startupRole:FOLLOWER]|listeners:[], old=null
2023-05-17 09:08:58,322 [om1@group-C5BA1605619E-LeaderElection1] INFO  impl.LeaderElection (LeaderElection.java:askForVotes(323)) - om1@group-C5BA1605619E-LeaderElection1 ELECTION round 0: result PASSED (term=1)
2023-05-17 09:08:58,322 [om1@group-C5BA1605619E-LeaderElection1] INFO  impl.RoleInfo (RoleInfo.java:shutdownLeaderElection(130)) - om1: shutdown om1@group-C5BA1605619E-LeaderElection1
2023-05-17 09:08:58,322 [om1@group-C5BA1605619E-LeaderElection1] INFO  server.RaftServer$Division (RaftServerImpl.java:setRole(329)) - om1@group-C5BA1605619E: changes role from CANDIDATE to LEADER at term 1 for changeToLeader
2023-05-17 09:08:58,324 [om1@group-C5BA1605619E-LeaderElection1] INFO  server.RaftServer$Division (ServerState.java:setLeader(317)) - om1@group-C5BA1605619E: change Leader from null to om1 at term 1 for becomeLeader, leader elected after 2192ms
2023-05-17 09:08:58,333 [om1@group-C5BA1605619E-LeaderElection1] INFO  server.RaftServerConfigKeys (ConfUtils.java:logGet(46)) - raft.server.staging.catchup.gap = 1000 (default)
2023-05-17 09:08:58,350 [Listener at 127.0.0.1/15004] INFO  volume.StorageVolumeChecker (StorageVolumeChecker.java:checkAllVolumes(202)) - Scheduled health check for volume /home/runner/work/ozone/ozone/hadoop-ozone/integration-test/target/test-dir/MiniOzoneClusterImpl-21d14123-a168-44a2-bc0a-ee93e32dcc9b/datanode-0/data-0/containers/hdds
2023-05-17 09:08:58,355 [om1@group-C5BA1605619E-LeaderElection1] INFO  server.RaftServerConfigKeys (ConfUtils.java:logGet(46)) - raft.server.write.element-limit = 4096 (default)
2023-05-17 09:08:58,356 [om1@group-C5BA1605619E-LeaderElection1] INFO  server.RaftServerConfigKeys (ConfUtils.java:logGet(46)) - raft.server.write.byte-limit = 64MB (=67108864) (default)
2023-05-17 09:08:58,360 [om1@group-C5BA1605619E-LeaderElection1] INFO  server.RaftServerConfigKeys (ConfUtils.java:logGet(46)) - raft.server.watch.timeout = 10s (default)
2023-05-17 09:08:58,360 [om1@group-C5BA1605619E-LeaderElection1] INFO  server.RaftServerConfigKeys (ConfUtils.java:logGet(46)) - raft.server.watch.timeout.denomination = 1s (default)
2023-05-17 09:08:58,361 [om1@group-C5BA1605619E-LeaderElection1] INFO  server.RaftServerConfigKeys (ConfUtils.java:logGet(46)) - raft.server.watch.element-limit = 65536 (default)
2023-05-17 09:08:58,374 [om1@group-C5BA1605619E-LeaderElection1] INFO  server.RaftServerConfigKeys (ConfUtils.java:logGet(46)) - raft.server.write.element-limit = 4096 (default)
2023-05-17 09:08:58,377 [om1@group-C5BA1605619E-LeaderElection1] INFO  server.RaftServerConfigKeys (ConfUtils.java:logGet(46)) - raft.server.write.follower.gap.ratio.max = -1.0 (default)
2023-05-17 09:08:58,378 [om1@group-C5BA1605619E-LeaderElection1] INFO  impl.RoleInfo (RoleInfo.java:updateAndGet(139)) - om1: start om1@group-C5BA1605619E-LeaderStateImpl
2023-05-17 09:08:58,401 [Listener at 127.0.0.1/15004] INFO  volume.MutableVolumeSet (MutableVolumeSet.java:initializeVolumeSet(175)) - Added Volume : /home/runner/work/ozone/ozone/hadoop-ozone/integration-test/target/test-dir/MiniOzoneClusterImpl-21d14123-a168-44a2-bc0a-ee93e32dcc9b/datanode-0/data/ratis to VolumeSet
2023-05-17 09:08:58,401 [Listener at 127.0.0.1/15004] INFO  volume.ThrottledAsyncChecker (ThrottledAsyncChecker.java:schedule(141)) - Scheduling a check for /home/runner/work/ozone/ozone/hadoop-ozone/integration-test/target/test-dir/MiniOzoneClusterImpl-21d14123-a168-44a2-bc0a-ee93e32dcc9b/datanode-0/data/ratis
2023-05-17 09:08:58,401 [Listener at 127.0.0.1/15004] INFO  volume.StorageVolumeChecker (StorageVolumeChecker.java:checkAllVolumes(202)) - Scheduled health check for volume /home/runner/work/ozone/ozone/hadoop-ozone/integration-test/target/test-dir/MiniOzoneClusterImpl-21d14123-a168-44a2-bc0a-ee93e32dcc9b/datanode-0/data/ratis
2023-05-17 09:08:58,423 [om1@group-C5BA1605619E-LeaderElection1] INFO  segmented.SegmentedRaftLogWorker (SegmentedRaftLogWorker.java:startLogSegment(447)) - om1@group-C5BA1605619E-SegmentedRaftLogWorker: Starting segment from index:0
2023-05-17 09:08:58,468 [Thread-142] INFO  ozoneimpl.ContainerReader (ContainerReader.java:readVolume(175)) - Finish verifying containers on volume /home/runner/work/ozone/ozone/hadoop-ozone/integration-test/target/test-dir/MiniOzoneClusterImpl-21d14123-a168-44a2-bc0a-ee93e32dcc9b/datanode-0/data-0/containers/hdds
2023-05-17 09:08:58,468 [Listener at 127.0.0.1/15004] INFO  ozoneimpl.OzoneContainer (OzoneContainer.java:buildContainerSet(303)) - Build ContainerSet costs 0s
2023-05-17 09:08:58,498 [om1@group-C5BA1605619E-LeaderElection1] INFO  server.RaftServer$Division (ServerState.java:setRaftConf(434)) - om1@group-C5BA1605619E: set configuration 0: peers:[om1|rpc:localhost:15007|admin:|client:|dataStream:|priority:0|startupRole:FOLLOWER]|listeners:[], old=null
2023-05-17 09:08:58,546 [Listener at 127.0.0.1/15004] INFO  audit.AuditLogger (AuditLogger.java:refreshDebugCmdSet(126)) - Refresh DebugCmdSet for DNAudit to [].
2023-05-17 09:08:58,581 [Listener at 127.0.0.1/15004] INFO  server.RaftServer (ConfUtils.java:logGet(46)) - raft.rpc.type = GRPC (default)
2023-05-17 09:08:58,581 [Listener at 127.0.0.1/15004] INFO  grpc.GrpcConfigKeys (ConfUtils.java:logFallback(53)) - raft.grpc.admin.host = null (fallback to raft.grpc.server.host)
2023-05-17 09:08:58,581 [Listener at 127.0.0.1/15004] INFO  grpc.GrpcConfigKeys (ConfUtils.java:logGet(46)) - raft.grpc.admin.port = 15012 (custom)
2023-05-17 09:08:58,581 [Listener at 127.0.0.1/15004] INFO  grpc.GrpcConfigKeys (ConfUtils.java:logFallback(53)) - raft.grpc.client.host = null (fallback to raft.grpc.server.host)
2023-05-17 09:08:58,582 [Listener at 127.0.0.1/15004] INFO  grpc.GrpcConfigKeys (ConfUtils.java:logGet(46)) - raft.grpc.client.port = 15011 (custom)
2023-05-17 09:08:58,582 [Listener at 127.0.0.1/15004] INFO  grpc.GrpcConfigKeys (ConfUtils.java:logGet(46)) - raft.grpc.server.host = null (default)
2023-05-17 09:08:58,582 [Listener at 127.0.0.1/15004] INFO  grpc.GrpcConfigKeys (ConfUtils.java:logGet(46)) - raft.grpc.server.port = 15013 (custom)
2023-05-17 09:08:58,582 [Listener at 127.0.0.1/15004] INFO  server.GrpcService (ConfUtils.java:logGet(46)) - raft.grpc.message.size.max = 32MB (=33554432) (custom)
2023-05-17 09:08:58,582 [Listener at 127.0.0.1/15004] INFO  server.RaftServerConfigKeys (ConfUtils.java:logGet(46)) - raft.server.log.appender.buffer.byte-limit = 33554432 (custom)
2023-05-17 09:08:58,582 [Listener at 127.0.0.1/15004] INFO  server.GrpcService (ConfUtils.java:logGet(46)) - raft.grpc.flow.control.window = 5MB (=5242880) (custom)
2023-05-17 09:08:58,583 [Listener at 127.0.0.1/15004] INFO  server.RaftServerConfigKeys (ConfUtils.java:logGet(46)) - raft.server.rpc.request.timeout = 60s (custom)
2023-05-17 09:08:58,583 [Listener at 127.0.0.1/15004] INFO  grpc.GrpcConfigKeys (ConfUtils.java:logGet(46)) - raft.grpc.server.heartbeat.channel = true (default)
2023-05-17 09:08:58,583 [Listener at 127.0.0.1/15004] INFO  grpc.GrpcConfigKeys (ConfUtils.java:logGet(46)) - raft.grpc.server.async.request.thread.pool.cached = true (default)
2023-05-17 09:08:58,583 [Listener at 127.0.0.1/15004] INFO  grpc.GrpcConfigKeys (ConfUtils.java:logGet(46)) - raft.grpc.server.async.request.thread.pool.size = 32 (default)
2023-05-17 09:08:58,587 [Listener at 127.0.0.1/15004] INFO  impl.DataStreamServerImpl (ConfUtils.java:logGet(46)) - raft.datastream.type = NETTY (custom)
2023-05-17 09:08:58,587 [om1@group-C5BA1605619E-SegmentedRaftLogWorker] INFO  segmented.SegmentedRaftLogWorker (SegmentedRaftLogWorker.java:execute(651)) - om1@group-C5BA1605619E-SegmentedRaftLogWorker: created new log segment /home/runner/work/ozone/ozone/hadoop-ozone/integration-test/target/test-dir/MiniOzoneClusterImpl-21d14123-a168-44a2-bc0a-ee93e32dcc9b/ozone-meta/ratis/bf265839-605b-3f16-9796-c5ba1605619e/current/log_inprogress_0
2023-05-17 09:08:58,599 [Listener at 127.0.0.1/15004] INFO  server.RaftServerConfigKeys (ConfUtils.java:logGet(46)) - raft.server.data-stream.async.request.thread.pool.cached = false (default)
2023-05-17 09:08:58,600 [Listener at 127.0.0.1/15004] INFO  server.RaftServerConfigKeys (ConfUtils.java:logGet(46)) - raft.server.data-stream.async.request.thread.pool.size = 20 (custom)
2023-05-17 09:08:58,600 [Listener at 127.0.0.1/15004] INFO  server.RaftServerConfigKeys (ConfUtils.java:logGet(46)) - raft.server.data-stream.async.write.thread.pool.size = 16 (default)
2023-05-17 09:08:58,601 [Listener at 127.0.0.1/15004] INFO  server.RaftServerConfigKeys (ConfUtils.java:logGet(46)) - raft.server.data-stream.client.pool.size = 10 (default)
2023-05-17 09:08:58,605 [Listener at 127.0.0.1/15004] INFO  netty.NettyConfigKeys$DataStream (ConfUtils.java:logGet(46)) - raft.netty.dataStream.server.use-epoll = false (default)
2023-05-17 09:08:58,605 [Listener at 127.0.0.1/15004] INFO  netty.NettyConfigKeys$DataStream (ConfUtils.java:logGet(46)) - raft.netty.dataStream.server.boss-group.size = 0 (default)
2023-05-17 09:08:58,612 [Listener at 127.0.0.1/15004] INFO  netty.NettyConfigKeys$DataStream (ConfUtils.java:logGet(46)) - raft.netty.dataStream.server.worker-group.size = 0 (default)
2023-05-17 09:08:58,613 [Listener at 127.0.0.1/15004] INFO  netty.NettyConfigKeys$DataStream (ConfUtils.java:logGet(46)) - raft.netty.dataStream.server.tls.conf = null (default)
2023-05-17 09:08:58,614 [Listener at 127.0.0.1/15004] INFO  netty.NettyConfigKeys$DataStream (ConfUtils.java:logGet(46)) - raft.netty.dataStream.host = null (default)
2023-05-17 09:08:58,615 [Listener at 127.0.0.1/15004] INFO  netty.NettyConfigKeys$DataStream (ConfUtils.java:logGet(46)) - raft.netty.dataStream.port = 15014 (custom)
2023-05-17 09:08:58,624 [Listener at 127.0.0.1/15004] INFO  server.RaftServerConfigKeys (ConfUtils.java:logGet(46)) - raft.server.threadpool.proxy.cached = true (default)
2023-05-17 09:08:58,625 [Listener at 127.0.0.1/15004] INFO  server.RaftServerConfigKeys (ConfUtils.java:logGet(46)) - raft.server.threadpool.proxy.size = 0 (default)
2023-05-17 09:08:58,625 [Listener at 127.0.0.1/15004] INFO  server.RaftServerConfigKeys (ConfUtils.java:logGet(46)) - raft.server.rpc.slowness.timeout = 300s (custom)
2023-05-17 09:08:58,625 [Listener at 127.0.0.1/15004] INFO  server.RaftServerConfigKeys (ConfUtils.java:logGet(46)) - raft.server.leaderelection.leader.step-down.wait-time = 10s (default)
2023-05-17 09:08:58,625 [Listener at 127.0.0.1/15004] INFO  server.RaftServerConfigKeys (ConfUtils.java:logGet(46)) - raft.server.storage.dir = [/home/runner/work/ozone/ozone/hadoop-ozone/integration-test/target/test-dir/MiniOzoneClusterImpl-21d14123-a168-44a2-bc0a-ee93e32dcc9b/datanode-0/data/ratis] (custom)
2023-05-17 09:08:58,656 [67f04e2a-34cd-4ea0-b74b-c8cb5d6f4ea5-NettyServerStreamRpc-bossGroup--thread1] INFO  logging.LoggingHandler (AbstractInternalLogger.java:log(148)) - [id: 0x012c1520] REGISTERED
2023-05-17 09:08:58,657 [67f04e2a-34cd-4ea0-b74b-c8cb5d6f4ea5-NettyServerStreamRpc-bossGroup--thread1] INFO  logging.LoggingHandler (AbstractInternalLogger.java:log(148)) - [id: 0x012c1520] BIND: 0.0.0.0/0.0.0.0:15014
2023-05-17 09:08:58,657 [67f04e2a-34cd-4ea0-b74b-c8cb5d6f4ea5-NettyServerStreamRpc-bossGroup--thread1] INFO  logging.LoggingHandler (AbstractInternalLogger.java:log(148)) - [id: 0x012c1520, L:/0:0:0:0:0:0:0:0:15014] ACTIVE
2023-05-17 09:08:58,673 [Listener at 127.0.0.1/15004] INFO  server.XceiverServerGrpc (XceiverServerGrpc.java:<init>(132)) - GrpcServer channel type EpollServerSocketChannel
2023-05-17 09:08:58,726 [Listener at 127.0.0.1/15004] INFO  replication.ReplicationSupervisor (ReplicationSupervisor.java:nodeStateUpdated(296)) - Node state updated to IN_SERVICE, scaling executor pool size to 10
2023-05-17 09:08:58,759 [Listener at 127.0.0.1/15004] INFO  token.OzoneBlockTokenSecretManager (OzoneSecretManager.java:updateCurrentKey(175)) - Updating current master key for generating tokens. Cert id 1007308062680
2023-05-17 09:08:58,815 [om1@group-C5BA1605619E-StateMachineUpdater] INFO  ratis.OzoneManagerStateMachine (OzoneManagerStateMachine.java:notifyConfigurationChanged(201)) - Received Configuration change notification from Ratis. New Peer list:
[id: "om1"
address: "localhost:15007"
startupRole: FOLLOWER
]
2023-05-17 09:08:58,829 [Listener at 127.0.0.1/15004] INFO  http.BaseHttpServer (BaseHttpServer.java:newHttpServer2BuilderForOzone(224)) - Starting Web-server for hddsDatanode at: http://0.0.0.0:15009
2023-05-17 09:08:58,829 [Listener at 127.0.0.1/15004] INFO  http.BaseHttpServer (BaseHttpServer.java:<init>(111)) - Hadoop Security Enabled: false Ozone Security Enabled: false Ozone HTTP Security Enabled: false 
2023-05-17 09:08:58,831 [Listener at 127.0.0.1/15004] WARN  server.AuthenticationFilter (AuthenticationFilter.java:constructSecretProvider(240)) - Unable to initialize FileSignerSecretProvider, falling back to use random secrets. Reason: Could not read signature secret file: /home/runner/hadoop-http-auth-signature-secret
2023-05-17 09:08:58,832 [Listener at 127.0.0.1/15004] INFO  http.HttpRequestLog (HttpRequestLog.java:getRequestLog(86)) - Http request log for http.requests.hddsDatanode is not defined
2023-05-17 09:08:58,834 [Listener at 127.0.0.1/15004] INFO  http.HttpServer2 (HttpServer2.java:addGlobalFilter(1031)) - Added global filter 'safety' (class=org.apache.hadoop.hdds.server.http.HttpServer2$QuotingInputFilter)
2023-05-17 09:08:58,834 [Listener at 127.0.0.1/15004] INFO  http.HttpServer2 (HttpServer2.java:addFilter(1007)) - Added filter static_user_filter (class=org.apache.hadoop.http.lib.StaticUserWebFilter$StaticUserFilter) to context hddsDatanode
2023-05-17 09:08:58,835 [Listener at 127.0.0.1/15004] INFO  http.HttpServer2 (HttpServer2.java:addFilter(1015)) - Added filter static_user_filter (class=org.apache.hadoop.http.lib.StaticUserWebFilter$StaticUserFilter) to context logs
2023-05-17 09:08:58,835 [Listener at 127.0.0.1/15004] INFO  http.HttpServer2 (HttpServer2.java:addFilter(1015)) - Added filter static_user_filter (class=org.apache.hadoop.http.lib.StaticUserWebFilter$StaticUserFilter) to context static
2023-05-17 09:08:58,836 [Listener at 127.0.0.1/15004] INFO  http.BaseHttpServer (BaseHttpServer.java:<init>(190)) - HTTP server of hddsDatanode uses base directory /home/runner/work/ozone/ozone/hadoop-ozone/integration-test/target/test-dir/MiniOzoneClusterImpl-21d14123-a168-44a2-bc0a-ee93e32dcc9b/datanode-0/meta/webserver
2023-05-17 09:08:58,836 [Listener at 127.0.0.1/15004] INFO  http.HttpServer2 (HttpServer2.java:bindListener(1250)) - Jetty bound to port 15009
2023-05-17 09:08:58,836 [Listener at 127.0.0.1/15004] INFO  server.Server (Server.java:doStart(375)) - jetty-9.4.51.v20230217; built: 2023-02-17T08:19:37.309Z; git: b45c405e4544384de066f814ed42ae3dceacdd49; jvm 1.8.0_362-b09
2023-05-17 09:08:58,839 [Listener at 127.0.0.1/15004] INFO  server.session (DefaultSessionIdManager.java:doStart(334)) - DefaultSessionIdManager workerName=node0
2023-05-17 09:08:58,839 [Listener at 127.0.0.1/15004] INFO  server.session (DefaultSessionIdManager.java:doStart(339)) - No SessionScavenger set, using defaults
2023-05-17 09:08:58,840 [Listener at 127.0.0.1/15004] INFO  server.session (HouseKeeper.java:startScavenging(132)) - node0 Scavenging every 600000ms
2023-05-17 09:08:58,842 [Listener at 127.0.0.1/15004] INFO  handler.ContextHandler (ContextHandler.java:doStart(921)) - Started o.e.j.s.ServletContextHandler@4f86f4f4{logs,/logs,file:///home/runner/work/ozone/ozone/hadoop-ozone/integration-test/target/log,AVAILABLE}
2023-05-17 09:08:58,842 [Listener at 127.0.0.1/15004] INFO  handler.ContextHandler (ContextHandler.java:doStart(921)) - Started o.e.j.s.ServletContextHandler@3edafdc3{static,/static,jar:file:/home/runner/.m2/repository/org/apache/ozone/hdds-container-service/1.4.0-SNAPSHOT/hdds-container-service-1.4.0-SNAPSHOT.jar!/webapps/static,AVAILABLE}
2023-05-17 09:08:59,063 [Listener at 127.0.0.1/15004] INFO  handler.ContextHandler (ContextHandler.java:doStart(921)) - Started o.e.j.w.WebAppContext@5f8c60f0{hddsDatanode,/,file:///home/runner/work/ozone/ozone/hadoop-ozone/integration-test/target/test-dir/MiniOzoneClusterImpl-21d14123-a168-44a2-bc0a-ee93e32dcc9b/datanode-0/meta/webserver/jetty-0_0_0_0-15009-hdds-container-service-1_4_0-SNAPSHOT_jar-_-any-6459572525670314858/webapp/,AVAILABLE}{jar:file:/home/runner/.m2/repository/org/apache/ozone/hdds-container-service/1.4.0-SNAPSHOT/hdds-container-service-1.4.0-SNAPSHOT.jar!/webapps/hddsDatanode}
2023-05-17 09:08:59,064 [Listener at 127.0.0.1/15004] INFO  server.AbstractConnector (AbstractConnector.java:doStart(333)) - Started ServerConnector@52abfdca{HTTP/1.1, (http/1.1)}{0.0.0.0:15009}
2023-05-17 09:08:59,064 [Listener at 127.0.0.1/15004] INFO  server.Server (Server.java:doStart(415)) - Started @9891ms
2023-05-17 09:08:59,064 [Listener at 127.0.0.1/15004] WARN  impl.MetricsSystemImpl (MetricsSystemImpl.java:register(279)) - Sink prometheus already exists!
2023-05-17 09:08:59,065 [Listener at 127.0.0.1/15004] INFO  http.BaseHttpServer (BaseHttpServer.java:updateConnectorAddress(344)) - HTTP server of hddsDatanode listening at http://0.0.0.0:15009
2023-05-17 09:08:59,069 [Listener at 127.0.0.1/15004] WARN  impl.MetricRegistriesImpl (MetricRegistriesImpl.java:addReporterRegistration(111)) - New reporters are added after registries were created. Some metrics will be missing from the reporter. Please add reporter before adding any new registry.
2023-05-17 09:08:59,070 [Listener at 127.0.0.1/15004] WARN  impl.MetricRegistriesImpl (MetricRegistriesImpl.java:addReporterRegistration(111)) - New reporters are added after registries were created. Some metrics will be missing from the reporter. Please add reporter before adding any new registry.
2023-05-17 09:08:59,070 [Listener at 127.0.0.1/15004] INFO  impl.MetricsSystemImpl (MetricsSystemImpl.java:init(158)) - HddsDatanode metrics system started (again)
2023-05-17 09:08:59,077 [Datanode State Machine Daemon Thread] INFO  statemachine.DatanodeStateMachine (DatanodeStateMachine.java:lambda$startDaemon$0(524)) - Ozone container server started.
2023-05-17 09:08:59,086 [org.apache.hadoop.util.JvmPauseMonitor$Monitor@7aec0889] INFO  util.JvmPauseMonitor (JvmPauseMonitor.java:run(188)) - Starting JVM pause monitor
2023-05-17 09:08:59,093 [Listener at 127.0.0.1/15004] INFO  ozone.HddsDatanodeService (HddsDatanodeService.java:start(252)) - HddsDatanodeService host:fv-az41-747.zje5jq5y5x4uznwvdkgxk4wc2h.cx.internal.cloudapp.net ip:10.1.0.64
2023-05-17 09:08:59,126 [Listener at 127.0.0.1/15004] INFO  upgrade.AbstractLayoutVersionManager (AbstractLayoutVersionManager.java:init(83)) - Initializing Layout version manager with metadata layout = WEBUI_PORTS_IN_DATANODEDETAILS (version = 6), software layout = WEBUI_PORTS_IN_DATANODEDETAILS (version = 6)
2023-05-17 09:08:59,127 [Listener at 127.0.0.1/15004] INFO  statemachine.DatanodeStateMachine (DatanodeStateMachine.java:getEndPointTaskThreadPoolSize(267)) - Datanode State Machine Task Thread Pool size 2
2023-05-17 09:08:59,130 [Listener at 127.0.0.1/15004] INFO  volume.HddsVolume (HddsVolume.java:<init>(130)) - Creating HddsVolume: /home/runner/work/ozone/ozone/hadoop-ozone/integration-test/target/test-dir/MiniOzoneClusterImpl-21d14123-a168-44a2-bc0a-ee93e32dcc9b/datanode-1/data-0/containers/hdds of storage type : DISK capacity : 9223372036854775807
2023-05-17 09:08:59,130 [Listener at 127.0.0.1/15004] INFO  volume.MutableVolumeSet (MutableVolumeSet.java:initializeVolumeSet(175)) - Added Volume : /home/runner/work/ozone/ozone/hadoop-ozone/integration-test/target/test-dir/MiniOzoneClusterImpl-21d14123-a168-44a2-bc0a-ee93e32dcc9b/datanode-1/data-0/containers/hdds to VolumeSet
2023-05-17 09:08:59,130 [Listener at 127.0.0.1/15004] INFO  volume.ThrottledAsyncChecker (ThrottledAsyncChecker.java:schedule(141)) - Scheduling a check for /home/runner/work/ozone/ozone/hadoop-ozone/integration-test/target/test-dir/MiniOzoneClusterImpl-21d14123-a168-44a2-bc0a-ee93e32dcc9b/datanode-1/data-0/containers/hdds
2023-05-17 09:08:59,134 [Listener at 127.0.0.1/15004] INFO  volume.StorageVolumeChecker (StorageVolumeChecker.java:checkAllVolumes(202)) - Scheduled health check for volume /home/runner/work/ozone/ozone/hadoop-ozone/integration-test/target/test-dir/MiniOzoneClusterImpl-21d14123-a168-44a2-bc0a-ee93e32dcc9b/datanode-1/data-0/containers/hdds
2023-05-17 09:08:59,153 [Listener at 127.0.0.1/15004] INFO  volume.MutableVolumeSet (MutableVolumeSet.java:initializeVolumeSet(175)) - Added Volume : /home/runner/work/ozone/ozone/hadoop-ozone/integration-test/target/test-dir/MiniOzoneClusterImpl-21d14123-a168-44a2-bc0a-ee93e32dcc9b/datanode-1/data/ratis to VolumeSet
2023-05-17 09:08:59,153 [Listener at 127.0.0.1/15004] INFO  volume.ThrottledAsyncChecker (ThrottledAsyncChecker.java:schedule(141)) - Scheduling a check for /home/runner/work/ozone/ozone/hadoop-ozone/integration-test/target/test-dir/MiniOzoneClusterImpl-21d14123-a168-44a2-bc0a-ee93e32dcc9b/datanode-1/data/ratis
2023-05-17 09:08:59,153 [Listener at 127.0.0.1/15004] INFO  volume.StorageVolumeChecker (StorageVolumeChecker.java:checkAllVolumes(202)) - Scheduled health check for volume /home/runner/work/ozone/ozone/hadoop-ozone/integration-test/target/test-dir/MiniOzoneClusterImpl-21d14123-a168-44a2-bc0a-ee93e32dcc9b/datanode-1/data/ratis
2023-05-17 09:08:59,170 [Thread-156] INFO  ozoneimpl.ContainerReader (ContainerReader.java:readVolume(175)) - Finish verifying containers on volume /home/runner/work/ozone/ozone/hadoop-ozone/integration-test/target/test-dir/MiniOzoneClusterImpl-21d14123-a168-44a2-bc0a-ee93e32dcc9b/datanode-1/data-0/containers/hdds
2023-05-17 09:08:59,171 [Listener at 127.0.0.1/15004] INFO  ozoneimpl.OzoneContainer (OzoneContainer.java:buildContainerSet(303)) - Build ContainerSet costs 0s
2023-05-17 09:08:59,175 [Listener at 127.0.0.1/15004] INFO  server.RaftServer (ConfUtils.java:logGet(46)) - raft.rpc.type = GRPC (default)
2023-05-17 09:08:59,175 [Listener at 127.0.0.1/15004] INFO  grpc.GrpcConfigKeys (ConfUtils.java:logFallback(53)) - raft.grpc.admin.host = null (fallback to raft.grpc.server.host)
2023-05-17 09:08:59,175 [Listener at 127.0.0.1/15004] INFO  grpc.GrpcConfigKeys (ConfUtils.java:logGet(46)) - raft.grpc.admin.port = 15020 (custom)
2023-05-17 09:08:59,176 [Listener at 127.0.0.1/15004] INFO  grpc.GrpcConfigKeys (ConfUtils.java:logFallback(53)) - raft.grpc.client.host = null (fallback to raft.grpc.server.host)
2023-05-17 09:08:59,176 [Listener at 127.0.0.1/15004] INFO  grpc.GrpcConfigKeys (ConfUtils.java:logGet(46)) - raft.grpc.client.port = 15019 (custom)
2023-05-17 09:08:59,177 [Listener at 127.0.0.1/15004] INFO  grpc.GrpcConfigKeys (ConfUtils.java:logGet(46)) - raft.grpc.server.host = null (default)
2023-05-17 09:08:59,177 [Listener at 127.0.0.1/15004] INFO  grpc.GrpcConfigKeys (ConfUtils.java:logGet(46)) - raft.grpc.server.port = 15021 (custom)
2023-05-17 09:08:59,177 [Listener at 127.0.0.1/15004] INFO  server.GrpcService (ConfUtils.java:logGet(46)) - raft.grpc.message.size.max = 32MB (=33554432) (custom)
2023-05-17 09:08:59,177 [Listener at 127.0.0.1/15004] INFO  server.RaftServerConfigKeys (ConfUtils.java:logGet(46)) - raft.server.log.appender.buffer.byte-limit = 33554432 (custom)
2023-05-17 09:08:59,177 [Listener at 127.0.0.1/15004] INFO  server.GrpcService (ConfUtils.java:logGet(46)) - raft.grpc.flow.control.window = 5MB (=5242880) (custom)
2023-05-17 09:08:59,177 [Listener at 127.0.0.1/15004] INFO  server.RaftServerConfigKeys (ConfUtils.java:logGet(46)) - raft.server.rpc.request.timeout = 60s (custom)
2023-05-17 09:08:59,178 [Listener at 127.0.0.1/15004] INFO  grpc.GrpcConfigKeys (ConfUtils.java:logGet(46)) - raft.grpc.server.heartbeat.channel = true (default)
2023-05-17 09:08:59,178 [Listener at 127.0.0.1/15004] INFO  grpc.GrpcConfigKeys (ConfUtils.java:logGet(46)) - raft.grpc.server.async.request.thread.pool.cached = true (default)
2023-05-17 09:08:59,178 [Listener at 127.0.0.1/15004] INFO  grpc.GrpcConfigKeys (ConfUtils.java:logGet(46)) - raft.grpc.server.async.request.thread.pool.size = 32 (default)
2023-05-17 09:08:59,182 [Listener at 127.0.0.1/15004] INFO  impl.DataStreamServerImpl (ConfUtils.java:logGet(46)) - raft.datastream.type = NETTY (custom)
2023-05-17 09:08:59,186 [Listener at 127.0.0.1/15004] INFO  server.RaftServerConfigKeys (ConfUtils.java:logGet(46)) - raft.server.data-stream.async.request.thread.pool.cached = false (default)
2023-05-17 09:08:59,186 [Listener at 127.0.0.1/15004] INFO  server.RaftServerConfigKeys (ConfUtils.java:logGet(46)) - raft.server.data-stream.async.request.thread.pool.size = 20 (custom)
2023-05-17 09:08:59,187 [Listener at 127.0.0.1/15004] INFO  server.RaftServerConfigKeys (ConfUtils.java:logGet(46)) - raft.server.data-stream.async.write.thread.pool.size = 16 (default)
2023-05-17 09:08:59,187 [Listener at 127.0.0.1/15004] INFO  server.RaftServerConfigKeys (ConfUtils.java:logGet(46)) - raft.server.data-stream.client.pool.size = 10 (default)
2023-05-17 09:08:59,188 [Listener at 127.0.0.1/15004] INFO  netty.NettyConfigKeys$DataStream (ConfUtils.java:logGet(46)) - raft.netty.dataStream.server.use-epoll = false (default)
2023-05-17 09:08:59,189 [Listener at 127.0.0.1/15004] INFO  netty.NettyConfigKeys$DataStream (ConfUtils.java:logGet(46)) - raft.netty.dataStream.server.boss-group.size = 0 (default)
2023-05-17 09:08:59,189 [Listener at 127.0.0.1/15004] INFO  netty.NettyConfigKeys$DataStream (ConfUtils.java:logGet(46)) - raft.netty.dataStream.server.worker-group.size = 0 (default)
2023-05-17 09:08:59,190 [Listener at 127.0.0.1/15004] INFO  netty.NettyConfigKeys$DataStream (ConfUtils.java:logGet(46)) - raft.netty.dataStream.server.tls.conf = null (default)
2023-05-17 09:08:59,190 [Listener at 127.0.0.1/15004] INFO  netty.NettyConfigKeys$DataStream (ConfUtils.java:logGet(46)) - raft.netty.dataStream.host = null (default)
2023-05-17 09:08:59,192 [Listener at 127.0.0.1/15004] INFO  netty.NettyConfigKeys$DataStream (ConfUtils.java:logGet(46)) - raft.netty.dataStream.port = 15022 (custom)
2023-05-17 09:08:59,193 [Listener at 127.0.0.1/15004] INFO  server.RaftServerConfigKeys (ConfUtils.java:logGet(46)) - raft.server.threadpool.proxy.cached = true (default)
2023-05-17 09:08:59,193 [Listener at 127.0.0.1/15004] INFO  server.RaftServerConfigKeys (ConfUtils.java:logGet(46)) - raft.server.threadpool.proxy.size = 0 (default)
2023-05-17 09:08:59,193 [Listener at 127.0.0.1/15004] INFO  server.RaftServerConfigKeys (ConfUtils.java:logGet(46)) - raft.server.rpc.slowness.timeout = 300s (custom)
2023-05-17 09:08:59,193 [Listener at 127.0.0.1/15004] INFO  server.RaftServerConfigKeys (ConfUtils.java:logGet(46)) - raft.server.leaderelection.leader.step-down.wait-time = 10s (default)
2023-05-17 09:08:59,194 [Listener at 127.0.0.1/15004] INFO  server.RaftServerConfigKeys (ConfUtils.java:logGet(46)) - raft.server.storage.dir = [/home/runner/work/ozone/ozone/hadoop-ozone/integration-test/target/test-dir/MiniOzoneClusterImpl-21d14123-a168-44a2-bc0a-ee93e32dcc9b/datanode-1/data/ratis] (custom)
2023-05-17 09:08:59,198 [b2525f4f-bdf5-4dd0-b826-cbccdc8ecebe-NettyServerStreamRpc-bossGroup--thread1] INFO  logging.LoggingHandler (AbstractInternalLogger.java:log(148)) - [id: 0x0d2356ea] REGISTERED
2023-05-17 09:08:59,200 [Listener at 127.0.0.1/15004] INFO  server.XceiverServerGrpc (XceiverServerGrpc.java:<init>(132)) - GrpcServer channel type EpollServerSocketChannel
2023-05-17 09:08:59,205 [b2525f4f-bdf5-4dd0-b826-cbccdc8ecebe-NettyServerStreamRpc-bossGroup--thread1] INFO  logging.LoggingHandler (AbstractInternalLogger.java:log(148)) - [id: 0x0d2356ea] BIND: 0.0.0.0/0.0.0.0:15022
2023-05-17 09:08:59,205 [b2525f4f-bdf5-4dd0-b826-cbccdc8ecebe-NettyServerStreamRpc-bossGroup--thread1] INFO  logging.LoggingHandler (AbstractInternalLogger.java:log(148)) - [id: 0x0d2356ea, L:/0:0:0:0:0:0:0:0:15022] ACTIVE
2023-05-17 09:08:59,207 [Listener at 127.0.0.1/15004] INFO  replication.ReplicationSupervisor (ReplicationSupervisor.java:nodeStateUpdated(296)) - Node state updated to IN_SERVICE, scaling executor pool size to 10
2023-05-17 09:08:59,210 [Listener at 127.0.0.1/15004] INFO  token.OzoneBlockTokenSecretManager (OzoneSecretManager.java:updateCurrentKey(175)) - Updating current master key for generating tokens. Cert id 1007308062680
2023-05-17 09:08:59,214 [Listener at 127.0.0.1/15004] INFO  http.BaseHttpServer (BaseHttpServer.java:newHttpServer2BuilderForOzone(224)) - Starting Web-server for hddsDatanode at: http://0.0.0.0:15017
2023-05-17 09:08:59,214 [Listener at 127.0.0.1/15004] INFO  http.BaseHttpServer (BaseHttpServer.java:<init>(111)) - Hadoop Security Enabled: false Ozone Security Enabled: false Ozone HTTP Security Enabled: false 
2023-05-17 09:08:59,217 [Listener at 127.0.0.1/15004] WARN  server.AuthenticationFilter (AuthenticationFilter.java:constructSecretProvider(240)) - Unable to initialize FileSignerSecretProvider, falling back to use random secrets. Reason: Could not read signature secret file: /home/runner/hadoop-http-auth-signature-secret
2023-05-17 09:08:59,219 [Listener at 127.0.0.1/15004] INFO  http.HttpRequestLog (HttpRequestLog.java:getRequestLog(86)) - Http request log for http.requests.hddsDatanode is not defined
2023-05-17 09:08:59,222 [Listener at 127.0.0.1/15004] INFO  http.HttpServer2 (HttpServer2.java:addGlobalFilter(1031)) - Added global filter 'safety' (class=org.apache.hadoop.hdds.server.http.HttpServer2$QuotingInputFilter)
2023-05-17 09:08:59,223 [Listener at 127.0.0.1/15004] INFO  http.HttpServer2 (HttpServer2.java:addFilter(1007)) - Added filter static_user_filter (class=org.apache.hadoop.http.lib.StaticUserWebFilter$StaticUserFilter) to context hddsDatanode
2023-05-17 09:08:59,223 [Listener at 127.0.0.1/15004] INFO  http.HttpServer2 (HttpServer2.java:addFilter(1015)) - Added filter static_user_filter (class=org.apache.hadoop.http.lib.StaticUserWebFilter$StaticUserFilter) to context logs
2023-05-17 09:08:59,223 [Listener at 127.0.0.1/15004] INFO  http.HttpServer2 (HttpServer2.java:addFilter(1015)) - Added filter static_user_filter (class=org.apache.hadoop.http.lib.StaticUserWebFilter$StaticUserFilter) to context static
2023-05-17 09:08:59,226 [Listener at 127.0.0.1/15004] INFO  http.BaseHttpServer (BaseHttpServer.java:<init>(190)) - HTTP server of hddsDatanode uses base directory /home/runner/work/ozone/ozone/hadoop-ozone/integration-test/target/test-dir/MiniOzoneClusterImpl-21d14123-a168-44a2-bc0a-ee93e32dcc9b/datanode-1/meta/webserver
2023-05-17 09:08:59,226 [Listener at 127.0.0.1/15004] INFO  http.HttpServer2 (HttpServer2.java:bindListener(1250)) - Jetty bound to port 15017
2023-05-17 09:08:59,227 [Listener at 127.0.0.1/15004] INFO  server.Server (Server.java:doStart(375)) - jetty-9.4.51.v20230217; built: 2023-02-17T08:19:37.309Z; git: b45c405e4544384de066f814ed42ae3dceacdd49; jvm 1.8.0_362-b09
2023-05-17 09:08:59,240 [Listener at 127.0.0.1/15004] INFO  server.session (DefaultSessionIdManager.java:doStart(334)) - DefaultSessionIdManager workerName=node0
2023-05-17 09:08:59,240 [Listener at 127.0.0.1/15004] INFO  server.session (DefaultSessionIdManager.java:doStart(339)) - No SessionScavenger set, using defaults
2023-05-17 09:08:59,240 [Listener at 127.0.0.1/15004] INFO  server.session (HouseKeeper.java:startScavenging(132)) - node0 Scavenging every 660000ms
2023-05-17 09:08:59,241 [Listener at 127.0.0.1/15004] INFO  handler.ContextHandler (ContextHandler.java:doStart(921)) - Started o.e.j.s.ServletContextHandler@71ff6f39{logs,/logs,file:///home/runner/work/ozone/ozone/hadoop-ozone/integration-test/target/log,AVAILABLE}
2023-05-17 09:08:59,242 [Listener at 127.0.0.1/15004] INFO  handler.ContextHandler (ContextHandler.java:doStart(921)) - Started o.e.j.s.ServletContextHandler@2d2689dc{static,/static,jar:file:/home/runner/.m2/repository/org/apache/ozone/hdds-container-service/1.4.0-SNAPSHOT/hdds-container-service-1.4.0-SNAPSHOT.jar!/webapps/static,AVAILABLE}
2023-05-17 09:08:59,322 [Datanode State Machine Task Thread - 0] INFO  datanode.InitDatanodeState (InitDatanodeState.java:persistContainerDatanodeDetails(138)) - DatanodeDetails is persisted to /home/runner/work/ozone/ozone/hadoop-ozone/integration-test/target/test-dir/MiniOzoneClusterImpl-21d14123-a168-44a2-bc0a-ee93e32dcc9b/datanode-0/meta/datanode.id
2023-05-17 09:08:59,454 [Listener at 127.0.0.1/15004] INFO  handler.ContextHandler (ContextHandler.java:doStart(921)) - Started o.e.j.w.WebAppContext@3e0b3dde{hddsDatanode,/,file:///home/runner/work/ozone/ozone/hadoop-ozone/integration-test/target/test-dir/MiniOzoneClusterImpl-21d14123-a168-44a2-bc0a-ee93e32dcc9b/datanode-1/meta/webserver/jetty-0_0_0_0-15017-hdds-container-service-1_4_0-SNAPSHOT_jar-_-any-6296816159247243986/webapp/,AVAILABLE}{jar:file:/home/runner/.m2/repository/org/apache/ozone/hdds-container-service/1.4.0-SNAPSHOT/hdds-container-service-1.4.0-SNAPSHOT.jar!/webapps/hddsDatanode}
2023-05-17 09:08:59,456 [Listener at 127.0.0.1/15004] INFO  server.AbstractConnector (AbstractConnector.java:doStart(333)) - Started ServerConnector@2596a640{HTTP/1.1, (http/1.1)}{0.0.0.0:15017}
2023-05-17 09:08:59,457 [Listener at 127.0.0.1/15004] INFO  server.Server (Server.java:doStart(415)) - Started @10284ms
2023-05-17 09:08:59,457 [Listener at 127.0.0.1/15004] WARN  impl.MetricsSystemImpl (MetricsSystemImpl.java:register(279)) - Sink prometheus already exists!
2023-05-17 09:08:59,458 [Listener at 127.0.0.1/15004] INFO  http.BaseHttpServer (BaseHttpServer.java:updateConnectorAddress(344)) - HTTP server of hddsDatanode listening at http://0.0.0.0:15017
2023-05-17 09:08:59,458 [Listener at 127.0.0.1/15004] WARN  impl.MetricRegistriesImpl (MetricRegistriesImpl.java:addReporterRegistration(111)) - New reporters are added after registries were created. Some metrics will be missing from the reporter. Please add reporter before adding any new registry.
2023-05-17 09:08:59,459 [Listener at 127.0.0.1/15004] WARN  impl.MetricRegistriesImpl (MetricRegistriesImpl.java:addReporterRegistration(111)) - New reporters are added after registries were created. Some metrics will be missing from the reporter. Please add reporter before adding any new registry.
2023-05-17 09:08:59,459 [Listener at 127.0.0.1/15004] INFO  impl.MetricsSystemImpl (MetricsSystemImpl.java:init(158)) - HddsDatanode metrics system started (again)
2023-05-17 09:08:59,459 [Datanode State Machine Daemon Thread] INFO  statemachine.DatanodeStateMachine (DatanodeStateMachine.java:lambda$startDaemon$0(524)) - Ozone container server started.
2023-05-17 09:08:59,475 [org.apache.hadoop.util.JvmPauseMonitor$Monitor@3c697c43] INFO  util.JvmPauseMonitor (JvmPauseMonitor.java:run(188)) - Starting JVM pause monitor
2023-05-17 09:08:59,491 [Listener at 127.0.0.1/15004] INFO  ozone.HddsDatanodeService (HddsDatanodeService.java:start(252)) - HddsDatanodeService host:fv-az41-747.zje5jq5y5x4uznwvdkgxk4wc2h.cx.internal.cloudapp.net ip:10.1.0.64
2023-05-17 09:08:59,494 [Datanode State Machine Task Thread - 0] INFO  datanode.InitDatanodeState (InitDatanodeState.java:persistContainerDatanodeDetails(138)) - DatanodeDetails is persisted to /home/runner/work/ozone/ozone/hadoop-ozone/integration-test/target/test-dir/MiniOzoneClusterImpl-21d14123-a168-44a2-bc0a-ee93e32dcc9b/datanode-1/meta/datanode.id
2023-05-17 09:08:59,516 [Listener at 127.0.0.1/15004] INFO  upgrade.AbstractLayoutVersionManager (AbstractLayoutVersionManager.java:init(83)) - Initializing Layout version manager with metadata layout = WEBUI_PORTS_IN_DATANODEDETAILS (version = 6), software layout = WEBUI_PORTS_IN_DATANODEDETAILS (version = 6)
2023-05-17 09:08:59,517 [Listener at 127.0.0.1/15004] INFO  statemachine.DatanodeStateMachine (DatanodeStateMachine.java:getEndPointTaskThreadPoolSize(267)) - Datanode State Machine Task Thread Pool size 2
2023-05-17 09:08:59,521 [Listener at 127.0.0.1/15004] INFO  volume.HddsVolume (HddsVolume.java:<init>(130)) - Creating HddsVolume: /home/runner/work/ozone/ozone/hadoop-ozone/integration-test/target/test-dir/MiniOzoneClusterImpl-21d14123-a168-44a2-bc0a-ee93e32dcc9b/datanode-2/data-0/containers/hdds of storage type : DISK capacity : 9223372036854775807
2023-05-17 09:08:59,521 [Listener at 127.0.0.1/15004] INFO  volume.MutableVolumeSet (MutableVolumeSet.java:initializeVolumeSet(175)) - Added Volume : /home/runner/work/ozone/ozone/hadoop-ozone/integration-test/target/test-dir/MiniOzoneClusterImpl-21d14123-a168-44a2-bc0a-ee93e32dcc9b/datanode-2/data-0/containers/hdds to VolumeSet
2023-05-17 09:08:59,521 [Listener at 127.0.0.1/15004] INFO  volume.ThrottledAsyncChecker (ThrottledAsyncChecker.java:schedule(141)) - Scheduling a check for /home/runner/work/ozone/ozone/hadoop-ozone/integration-test/target/test-dir/MiniOzoneClusterImpl-21d14123-a168-44a2-bc0a-ee93e32dcc9b/datanode-2/data-0/containers/hdds
2023-05-17 09:08:59,524 [Listener at 127.0.0.1/15004] INFO  volume.StorageVolumeChecker (StorageVolumeChecker.java:checkAllVolumes(202)) - Scheduled health check for volume /home/runner/work/ozone/ozone/hadoop-ozone/integration-test/target/test-dir/MiniOzoneClusterImpl-21d14123-a168-44a2-bc0a-ee93e32dcc9b/datanode-2/data-0/containers/hdds
2023-05-17 09:08:59,544 [Listener at 127.0.0.1/15004] INFO  volume.MutableVolumeSet (MutableVolumeSet.java:initializeVolumeSet(175)) - Added Volume : /home/runner/work/ozone/ozone/hadoop-ozone/integration-test/target/test-dir/MiniOzoneClusterImpl-21d14123-a168-44a2-bc0a-ee93e32dcc9b/datanode-2/data/ratis to VolumeSet
2023-05-17 09:08:59,544 [Listener at 127.0.0.1/15004] INFO  volume.ThrottledAsyncChecker (ThrottledAsyncChecker.java:schedule(141)) - Scheduling a check for /home/runner/work/ozone/ozone/hadoop-ozone/integration-test/target/test-dir/MiniOzoneClusterImpl-21d14123-a168-44a2-bc0a-ee93e32dcc9b/datanode-2/data/ratis
2023-05-17 09:08:59,545 [Listener at 127.0.0.1/15004] INFO  volume.StorageVolumeChecker (StorageVolumeChecker.java:checkAllVolumes(202)) - Scheduled health check for volume /home/runner/work/ozone/ozone/hadoop-ozone/integration-test/target/test-dir/MiniOzoneClusterImpl-21d14123-a168-44a2-bc0a-ee93e32dcc9b/datanode-2/data/ratis
2023-05-17 09:08:59,558 [Thread-170] INFO  ozoneimpl.ContainerReader (ContainerReader.java:readVolume(175)) - Finish verifying containers on volume /home/runner/work/ozone/ozone/hadoop-ozone/integration-test/target/test-dir/MiniOzoneClusterImpl-21d14123-a168-44a2-bc0a-ee93e32dcc9b/datanode-2/data-0/containers/hdds
2023-05-17 09:08:59,558 [Listener at 127.0.0.1/15004] INFO  ozoneimpl.OzoneContainer (OzoneContainer.java:buildContainerSet(303)) - Build ContainerSet costs 0s
2023-05-17 09:08:59,570 [Listener at 127.0.0.1/15004] INFO  server.RaftServer (ConfUtils.java:logGet(46)) - raft.rpc.type = GRPC (default)
2023-05-17 09:08:59,571 [Listener at 127.0.0.1/15004] INFO  grpc.GrpcConfigKeys (ConfUtils.java:logFallback(53)) - raft.grpc.admin.host = null (fallback to raft.grpc.server.host)
2023-05-17 09:08:59,571 [Listener at 127.0.0.1/15004] INFO  grpc.GrpcConfigKeys (ConfUtils.java:logGet(46)) - raft.grpc.admin.port = 15028 (custom)
2023-05-17 09:08:59,571 [Listener at 127.0.0.1/15004] INFO  grpc.GrpcConfigKeys (ConfUtils.java:logFallback(53)) - raft.grpc.client.host = null (fallback to raft.grpc.server.host)
2023-05-17 09:08:59,572 [Listener at 127.0.0.1/15004] INFO  grpc.GrpcConfigKeys (ConfUtils.java:logGet(46)) - raft.grpc.client.port = 15027 (custom)
2023-05-17 09:08:59,572 [Listener at 127.0.0.1/15004] INFO  grpc.GrpcConfigKeys (ConfUtils.java:logGet(46)) - raft.grpc.server.host = null (default)
2023-05-17 09:08:59,572 [Listener at 127.0.0.1/15004] INFO  grpc.GrpcConfigKeys (ConfUtils.java:logGet(46)) - raft.grpc.server.port = 15029 (custom)
2023-05-17 09:08:59,573 [Listener at 127.0.0.1/15004] INFO  server.GrpcService (ConfUtils.java:logGet(46)) - raft.grpc.message.size.max = 32MB (=33554432) (custom)
2023-05-17 09:08:59,573 [Listener at 127.0.0.1/15004] INFO  server.RaftServerConfigKeys (ConfUtils.java:logGet(46)) - raft.server.log.appender.buffer.byte-limit = 33554432 (custom)
2023-05-17 09:08:59,573 [Listener at 127.0.0.1/15004] INFO  server.GrpcService (ConfUtils.java:logGet(46)) - raft.grpc.flow.control.window = 5MB (=5242880) (custom)
2023-05-17 09:08:59,575 [Listener at 127.0.0.1/15004] INFO  server.RaftServerConfigKeys (ConfUtils.java:logGet(46)) - raft.server.rpc.request.timeout = 60s (custom)
2023-05-17 09:08:59,575 [Listener at 127.0.0.1/15004] INFO  grpc.GrpcConfigKeys (ConfUtils.java:logGet(46)) - raft.grpc.server.heartbeat.channel = true (default)
2023-05-17 09:08:59,576 [Listener at 127.0.0.1/15004] INFO  grpc.GrpcConfigKeys (ConfUtils.java:logGet(46)) - raft.grpc.server.async.request.thread.pool.cached = true (default)
2023-05-17 09:08:59,576 [Listener at 127.0.0.1/15004] INFO  grpc.GrpcConfigKeys (ConfUtils.java:logGet(46)) - raft.grpc.server.async.request.thread.pool.size = 32 (default)
2023-05-17 09:08:59,580 [Listener at 127.0.0.1/15004] INFO  impl.DataStreamServerImpl (ConfUtils.java:logGet(46)) - raft.datastream.type = NETTY (custom)
2023-05-17 09:08:59,581 [Listener at 127.0.0.1/15004] INFO  server.RaftServerConfigKeys (ConfUtils.java:logGet(46)) - raft.server.data-stream.async.request.thread.pool.cached = false (default)
2023-05-17 09:08:59,581 [Listener at 127.0.0.1/15004] INFO  server.RaftServerConfigKeys (ConfUtils.java:logGet(46)) - raft.server.data-stream.async.request.thread.pool.size = 20 (custom)
2023-05-17 09:08:59,581 [Listener at 127.0.0.1/15004] INFO  server.RaftServerConfigKeys (ConfUtils.java:logGet(46)) - raft.server.data-stream.async.write.thread.pool.size = 16 (default)
2023-05-17 09:08:59,581 [Listener at 127.0.0.1/15004] INFO  server.RaftServerConfigKeys (ConfUtils.java:logGet(46)) - raft.server.data-stream.client.pool.size = 10 (default)
2023-05-17 09:08:59,582 [Listener at 127.0.0.1/15004] INFO  netty.NettyConfigKeys$DataStream (ConfUtils.java:logGet(46)) - raft.netty.dataStream.server.use-epoll = false (default)
2023-05-17 09:08:59,582 [Listener at 127.0.0.1/15004] INFO  netty.NettyConfigKeys$DataStream (ConfUtils.java:logGet(46)) - raft.netty.dataStream.server.boss-group.size = 0 (default)
2023-05-17 09:08:59,582 [Listener at 127.0.0.1/15004] INFO  netty.NettyConfigKeys$DataStream (ConfUtils.java:logGet(46)) - raft.netty.dataStream.server.worker-group.size = 0 (default)
2023-05-17 09:08:59,583 [Listener at 127.0.0.1/15004] INFO  netty.NettyConfigKeys$DataStream (ConfUtils.java:logGet(46)) - raft.netty.dataStream.server.tls.conf = null (default)
2023-05-17 09:08:59,583 [Listener at 127.0.0.1/15004] INFO  netty.NettyConfigKeys$DataStream (ConfUtils.java:logGet(46)) - raft.netty.dataStream.host = null (default)
2023-05-17 09:08:59,583 [Listener at 127.0.0.1/15004] INFO  netty.NettyConfigKeys$DataStream (ConfUtils.java:logGet(46)) - raft.netty.dataStream.port = 15030 (custom)
2023-05-17 09:08:59,583 [Listener at 127.0.0.1/15004] INFO  server.RaftServerConfigKeys (ConfUtils.java:logGet(46)) - raft.server.threadpool.proxy.cached = true (default)
2023-05-17 09:08:59,584 [Listener at 127.0.0.1/15004] INFO  server.RaftServerConfigKeys (ConfUtils.java:logGet(46)) - raft.server.threadpool.proxy.size = 0 (default)
2023-05-17 09:08:59,584 [Listener at 127.0.0.1/15004] INFO  server.RaftServerConfigKeys (ConfUtils.java:logGet(46)) - raft.server.rpc.slowness.timeout = 300s (custom)
2023-05-17 09:08:59,584 [Listener at 127.0.0.1/15004] INFO  server.RaftServerConfigKeys (ConfUtils.java:logGet(46)) - raft.server.leaderelection.leader.step-down.wait-time = 10s (default)
2023-05-17 09:08:59,584 [Listener at 127.0.0.1/15004] INFO  server.RaftServerConfigKeys (ConfUtils.java:logGet(46)) - raft.server.storage.dir = [/home/runner/work/ozone/ozone/hadoop-ozone/integration-test/target/test-dir/MiniOzoneClusterImpl-21d14123-a168-44a2-bc0a-ee93e32dcc9b/datanode-2/data/ratis] (custom)
2023-05-17 09:08:59,590 [8889e818-58f8-49f9-ac5f-461eb7b79d1e-NettyServerStreamRpc-bossGroup--thread1] INFO  logging.LoggingHandler (AbstractInternalLogger.java:log(148)) - [id: 0x84522989] REGISTERED
2023-05-17 09:08:59,590 [8889e818-58f8-49f9-ac5f-461eb7b79d1e-NettyServerStreamRpc-bossGroup--thread1] INFO  logging.LoggingHandler (AbstractInternalLogger.java:log(148)) - [id: 0x84522989] BIND: 0.0.0.0/0.0.0.0:15030
2023-05-17 09:08:59,590 [8889e818-58f8-49f9-ac5f-461eb7b79d1e-NettyServerStreamRpc-bossGroup--thread1] INFO  logging.LoggingHandler (AbstractInternalLogger.java:log(148)) - [id: 0x84522989, L:/0:0:0:0:0:0:0:0:15030] ACTIVE
2023-05-17 09:08:59,593 [Listener at 127.0.0.1/15004] INFO  server.XceiverServerGrpc (XceiverServerGrpc.java:<init>(132)) - GrpcServer channel type EpollServerSocketChannel
2023-05-17 09:08:59,595 [Listener at 127.0.0.1/15004] INFO  replication.ReplicationSupervisor (ReplicationSupervisor.java:nodeStateUpdated(296)) - Node state updated to IN_SERVICE, scaling executor pool size to 10
2023-05-17 09:08:59,596 [Listener at 127.0.0.1/15004] INFO  token.OzoneBlockTokenSecretManager (OzoneSecretManager.java:updateCurrentKey(175)) - Updating current master key for generating tokens. Cert id 1007308062680
2023-05-17 09:08:59,603 [Listener at 127.0.0.1/15004] INFO  http.BaseHttpServer (BaseHttpServer.java:newHttpServer2BuilderForOzone(224)) - Starting Web-server for hddsDatanode at: http://0.0.0.0:15025
2023-05-17 09:08:59,603 [Listener at 127.0.0.1/15004] INFO  http.BaseHttpServer (BaseHttpServer.java:<init>(111)) - Hadoop Security Enabled: false Ozone Security Enabled: false Ozone HTTP Security Enabled: false 
2023-05-17 09:08:59,605 [Listener at 127.0.0.1/15004] WARN  server.AuthenticationFilter (AuthenticationFilter.java:constructSecretProvider(240)) - Unable to initialize FileSignerSecretProvider, falling back to use random secrets. Reason: Could not read signature secret file: /home/runner/hadoop-http-auth-signature-secret
2023-05-17 09:08:59,606 [Listener at 127.0.0.1/15004] INFO  http.HttpRequestLog (HttpRequestLog.java:getRequestLog(86)) - Http request log for http.requests.hddsDatanode is not defined
2023-05-17 09:08:59,607 [Listener at 127.0.0.1/15004] INFO  http.HttpServer2 (HttpServer2.java:addGlobalFilter(1031)) - Added global filter 'safety' (class=org.apache.hadoop.hdds.server.http.HttpServer2$QuotingInputFilter)
2023-05-17 09:08:59,608 [Listener at 127.0.0.1/15004] INFO  http.HttpServer2 (HttpServer2.java:addFilter(1007)) - Added filter static_user_filter (class=org.apache.hadoop.http.lib.StaticUserWebFilter$StaticUserFilter) to context hddsDatanode
2023-05-17 09:08:59,608 [Listener at 127.0.0.1/15004] INFO  http.HttpServer2 (HttpServer2.java:addFilter(1015)) - Added filter static_user_filter (class=org.apache.hadoop.http.lib.StaticUserWebFilter$StaticUserFilter) to context static
2023-05-17 09:08:59,608 [Listener at 127.0.0.1/15004] INFO  http.HttpServer2 (HttpServer2.java:addFilter(1015)) - Added filter static_user_filter (class=org.apache.hadoop.http.lib.StaticUserWebFilter$StaticUserFilter) to context logs
2023-05-17 09:08:59,609 [Listener at 127.0.0.1/15004] INFO  http.BaseHttpServer (BaseHttpServer.java:<init>(190)) - HTTP server of hddsDatanode uses base directory /home/runner/work/ozone/ozone/hadoop-ozone/integration-test/target/test-dir/MiniOzoneClusterImpl-21d14123-a168-44a2-bc0a-ee93e32dcc9b/datanode-2/meta/webserver
2023-05-17 09:08:59,609 [Listener at 127.0.0.1/15004] INFO  http.HttpServer2 (HttpServer2.java:bindListener(1250)) - Jetty bound to port 15025
2023-05-17 09:08:59,609 [Listener at 127.0.0.1/15004] INFO  server.Server (Server.java:doStart(375)) - jetty-9.4.51.v20230217; built: 2023-02-17T08:19:37.309Z; git: b45c405e4544384de066f814ed42ae3dceacdd49; jvm 1.8.0_362-b09
2023-05-17 09:08:59,611 [Listener at 127.0.0.1/15004] INFO  server.session (DefaultSessionIdManager.java:doStart(334)) - DefaultSessionIdManager workerName=node0
2023-05-17 09:08:59,611 [Listener at 127.0.0.1/15004] INFO  server.session (DefaultSessionIdManager.java:doStart(339)) - No SessionScavenger set, using defaults
2023-05-17 09:08:59,612 [Listener at 127.0.0.1/15004] INFO  server.session (HouseKeeper.java:startScavenging(132)) - node0 Scavenging every 600000ms
2023-05-17 09:08:59,612 [Listener at 127.0.0.1/15004] INFO  handler.ContextHandler (ContextHandler.java:doStart(921)) - Started o.e.j.s.ServletContextHandler@3d8c8ca2{logs,/logs,file:///home/runner/work/ozone/ozone/hadoop-ozone/integration-test/target/log,AVAILABLE}
2023-05-17 09:08:59,613 [Listener at 127.0.0.1/15004] INFO  handler.ContextHandler (ContextHandler.java:doStart(921)) - Started o.e.j.s.ServletContextHandler@17abf9bb{static,/static,jar:file:/home/runner/.m2/repository/org/apache/ozone/hdds-container-service/1.4.0-SNAPSHOT/hdds-container-service-1.4.0-SNAPSHOT.jar!/webapps/static,AVAILABLE}
2023-05-17 09:08:59,810 [Listener at 127.0.0.1/15004] INFO  handler.ContextHandler (ContextHandler.java:doStart(921)) - Started o.e.j.w.WebAppContext@7480b7cd{hddsDatanode,/,file:///home/runner/work/ozone/ozone/hadoop-ozone/integration-test/target/test-dir/MiniOzoneClusterImpl-21d14123-a168-44a2-bc0a-ee93e32dcc9b/datanode-2/meta/webserver/jetty-0_0_0_0-15025-hdds-container-service-1_4_0-SNAPSHOT_jar-_-any-8967437987413913000/webapp/,AVAILABLE}{jar:file:/home/runner/.m2/repository/org/apache/ozone/hdds-container-service/1.4.0-SNAPSHOT/hdds-container-service-1.4.0-SNAPSHOT.jar!/webapps/hddsDatanode}
2023-05-17 09:08:59,812 [Listener at 127.0.0.1/15004] INFO  server.AbstractConnector (AbstractConnector.java:doStart(333)) - Started ServerConnector@1d059b5c{HTTP/1.1, (http/1.1)}{0.0.0.0:15025}
2023-05-17 09:08:59,812 [Listener at 127.0.0.1/15004] INFO  server.Server (Server.java:doStart(415)) - Started @10639ms
2023-05-17 09:08:59,812 [Listener at 127.0.0.1/15004] WARN  impl.MetricsSystemImpl (MetricsSystemImpl.java:register(279)) - Sink prometheus already exists!
2023-05-17 09:08:59,813 [Listener at 127.0.0.1/15004] INFO  http.BaseHttpServer (BaseHttpServer.java:updateConnectorAddress(344)) - HTTP server of hddsDatanode listening at http://0.0.0.0:15025
2023-05-17 09:08:59,815 [Datanode State Machine Daemon Thread] INFO  statemachine.DatanodeStateMachine (DatanodeStateMachine.java:lambda$startDaemon$0(524)) - Ozone container server started.
2023-05-17 09:08:59,818 [Listener at 127.0.0.1/15004] WARN  impl.MetricRegistriesImpl (MetricRegistriesImpl.java:addReporterRegistration(111)) - New reporters are added after registries were created. Some metrics will be missing from the reporter. Please add reporter before adding any new registry.
2023-05-17 09:08:59,818 [Listener at 127.0.0.1/15004] WARN  impl.MetricRegistriesImpl (MetricRegistriesImpl.java:addReporterRegistration(111)) - New reporters are added after registries were created. Some metrics will be missing from the reporter. Please add reporter before adding any new registry.
2023-05-17 09:08:59,818 [Listener at 127.0.0.1/15004] INFO  impl.MetricsSystemImpl (MetricsSystemImpl.java:init(158)) - HddsDatanode metrics system started (again)
2023-05-17 09:08:59,825 [org.apache.hadoop.util.JvmPauseMonitor$Monitor@61bc2ca4] INFO  util.JvmPauseMonitor (JvmPauseMonitor.java:run(188)) - Starting JVM pause monitor
2023-05-17 09:08:59,834 [Listener at 127.0.0.1/15004] INFO  ozone.HddsDatanodeService (HddsDatanodeService.java:start(252)) - HddsDatanodeService host:fv-az41-747.zje5jq5y5x4uznwvdkgxk4wc2h.cx.internal.cloudapp.net ip:10.1.0.64
2023-05-17 09:08:59,835 [Datanode State Machine Task Thread - 0] INFO  datanode.InitDatanodeState (InitDatanodeState.java:persistContainerDatanodeDetails(138)) - DatanodeDetails is persisted to /home/runner/work/ozone/ozone/hadoop-ozone/integration-test/target/test-dir/MiniOzoneClusterImpl-21d14123-a168-44a2-bc0a-ee93e32dcc9b/datanode-2/meta/datanode.id
2023-05-17 09:08:59,878 [Listener at 127.0.0.1/15004] INFO  upgrade.AbstractLayoutVersionManager (AbstractLayoutVersionManager.java:init(83)) - Initializing Layout version manager with metadata layout = WEBUI_PORTS_IN_DATANODEDETAILS (version = 6), software layout = WEBUI_PORTS_IN_DATANODEDETAILS (version = 6)
2023-05-17 09:08:59,879 [Listener at 127.0.0.1/15004] INFO  statemachine.DatanodeStateMachine (DatanodeStateMachine.java:getEndPointTaskThreadPoolSize(267)) - Datanode State Machine Task Thread Pool size 2
2023-05-17 09:08:59,881 [Listener at 127.0.0.1/15004] INFO  volume.HddsVolume (HddsVolume.java:<init>(130)) - Creating HddsVolume: /home/runner/work/ozone/ozone/hadoop-ozone/integration-test/target/test-dir/MiniOzoneClusterImpl-21d14123-a168-44a2-bc0a-ee93e32dcc9b/datanode-3/data-0/containers/hdds of storage type : DISK capacity : 9223372036854775807
2023-05-17 09:08:59,882 [Listener at 127.0.0.1/15004] INFO  volume.MutableVolumeSet (MutableVolumeSet.java:initializeVolumeSet(175)) - Added Volume : /home/runner/work/ozone/ozone/hadoop-ozone/integration-test/target/test-dir/MiniOzoneClusterImpl-21d14123-a168-44a2-bc0a-ee93e32dcc9b/datanode-3/data-0/containers/hdds to VolumeSet
2023-05-17 09:08:59,882 [Listener at 127.0.0.1/15004] INFO  volume.ThrottledAsyncChecker (ThrottledAsyncChecker.java:schedule(141)) - Scheduling a check for /home/runner/work/ozone/ozone/hadoop-ozone/integration-test/target/test-dir/MiniOzoneClusterImpl-21d14123-a168-44a2-bc0a-ee93e32dcc9b/datanode-3/data-0/containers/hdds
2023-05-17 09:08:59,882 [Listener at 127.0.0.1/15004] INFO  volume.StorageVolumeChecker (StorageVolumeChecker.java:checkAllVolumes(202)) - Scheduled health check for volume /home/runner/work/ozone/ozone/hadoop-ozone/integration-test/target/test-dir/MiniOzoneClusterImpl-21d14123-a168-44a2-bc0a-ee93e32dcc9b/datanode-3/data-0/containers/hdds
2023-05-17 09:08:59,894 [Listener at 127.0.0.1/15004] INFO  volume.MutableVolumeSet (MutableVolumeSet.java:initializeVolumeSet(175)) - Added Volume : /home/runner/work/ozone/ozone/hadoop-ozone/integration-test/target/test-dir/MiniOzoneClusterImpl-21d14123-a168-44a2-bc0a-ee93e32dcc9b/datanode-3/data/ratis to VolumeSet
2023-05-17 09:08:59,894 [Listener at 127.0.0.1/15004] INFO  volume.ThrottledAsyncChecker (ThrottledAsyncChecker.java:schedule(141)) - Scheduling a check for /home/runner/work/ozone/ozone/hadoop-ozone/integration-test/target/test-dir/MiniOzoneClusterImpl-21d14123-a168-44a2-bc0a-ee93e32dcc9b/datanode-3/data/ratis
2023-05-17 09:08:59,895 [Listener at 127.0.0.1/15004] INFO  volume.StorageVolumeChecker (StorageVolumeChecker.java:checkAllVolumes(202)) - Scheduled health check for volume /home/runner/work/ozone/ozone/hadoop-ozone/integration-test/target/test-dir/MiniOzoneClusterImpl-21d14123-a168-44a2-bc0a-ee93e32dcc9b/datanode-3/data/ratis
2023-05-17 09:08:59,906 [Thread-184] INFO  ozoneimpl.ContainerReader (ContainerReader.java:readVolume(175)) - Finish verifying containers on volume /home/runner/work/ozone/ozone/hadoop-ozone/integration-test/target/test-dir/MiniOzoneClusterImpl-21d14123-a168-44a2-bc0a-ee93e32dcc9b/datanode-3/data-0/containers/hdds
2023-05-17 09:08:59,906 [Listener at 127.0.0.1/15004] INFO  ozoneimpl.OzoneContainer (OzoneContainer.java:buildContainerSet(303)) - Build ContainerSet costs 0s
2023-05-17 09:08:59,914 [Listener at 127.0.0.1/15004] INFO  server.RaftServer (ConfUtils.java:logGet(46)) - raft.rpc.type = GRPC (default)
2023-05-17 09:08:59,914 [Listener at 127.0.0.1/15004] INFO  grpc.GrpcConfigKeys (ConfUtils.java:logFallback(53)) - raft.grpc.admin.host = null (fallback to raft.grpc.server.host)
2023-05-17 09:08:59,914 [Listener at 127.0.0.1/15004] INFO  grpc.GrpcConfigKeys (ConfUtils.java:logGet(46)) - raft.grpc.admin.port = 15036 (custom)
2023-05-17 09:08:59,914 [Listener at 127.0.0.1/15004] INFO  grpc.GrpcConfigKeys (ConfUtils.java:logFallback(53)) - raft.grpc.client.host = null (fallback to raft.grpc.server.host)
2023-05-17 09:08:59,914 [Listener at 127.0.0.1/15004] INFO  grpc.GrpcConfigKeys (ConfUtils.java:logGet(46)) - raft.grpc.client.port = 15035 (custom)
2023-05-17 09:08:59,915 [Listener at 127.0.0.1/15004] INFO  grpc.GrpcConfigKeys (ConfUtils.java:logGet(46)) - raft.grpc.server.host = null (default)
2023-05-17 09:08:59,915 [Listener at 127.0.0.1/15004] INFO  grpc.GrpcConfigKeys (ConfUtils.java:logGet(46)) - raft.grpc.server.port = 15037 (custom)
2023-05-17 09:08:59,915 [Listener at 127.0.0.1/15004] INFO  server.GrpcService (ConfUtils.java:logGet(46)) - raft.grpc.message.size.max = 32MB (=33554432) (custom)
2023-05-17 09:08:59,915 [Listener at 127.0.0.1/15004] INFO  server.RaftServerConfigKeys (ConfUtils.java:logGet(46)) - raft.server.log.appender.buffer.byte-limit = 33554432 (custom)
2023-05-17 09:08:59,915 [Listener at 127.0.0.1/15004] INFO  server.GrpcService (ConfUtils.java:logGet(46)) - raft.grpc.flow.control.window = 5MB (=5242880) (custom)
2023-05-17 09:08:59,915 [Listener at 127.0.0.1/15004] INFO  server.RaftServerConfigKeys (ConfUtils.java:logGet(46)) - raft.server.rpc.request.timeout = 60s (custom)
2023-05-17 09:08:59,916 [Listener at 127.0.0.1/15004] INFO  grpc.GrpcConfigKeys (ConfUtils.java:logGet(46)) - raft.grpc.server.heartbeat.channel = true (default)
2023-05-17 09:08:59,916 [Listener at 127.0.0.1/15004] INFO  grpc.GrpcConfigKeys (ConfUtils.java:logGet(46)) - raft.grpc.server.async.request.thread.pool.cached = true (default)
2023-05-17 09:08:59,916 [Listener at 127.0.0.1/15004] INFO  grpc.GrpcConfigKeys (ConfUtils.java:logGet(46)) - raft.grpc.server.async.request.thread.pool.size = 32 (default)
2023-05-17 09:08:59,918 [Listener at 127.0.0.1/15004] INFO  impl.DataStreamServerImpl (ConfUtils.java:logGet(46)) - raft.datastream.type = NETTY (custom)
2023-05-17 09:08:59,919 [Listener at 127.0.0.1/15004] INFO  server.RaftServerConfigKeys (ConfUtils.java:logGet(46)) - raft.server.data-stream.async.request.thread.pool.cached = false (default)
2023-05-17 09:08:59,919 [Listener at 127.0.0.1/15004] INFO  server.RaftServerConfigKeys (ConfUtils.java:logGet(46)) - raft.server.data-stream.async.request.thread.pool.size = 20 (custom)
2023-05-17 09:08:59,919 [Listener at 127.0.0.1/15004] INFO  server.RaftServerConfigKeys (ConfUtils.java:logGet(46)) - raft.server.data-stream.async.write.thread.pool.size = 16 (default)
2023-05-17 09:08:59,919 [Listener at 127.0.0.1/15004] INFO  server.RaftServerConfigKeys (ConfUtils.java:logGet(46)) - raft.server.data-stream.client.pool.size = 10 (default)
2023-05-17 09:08:59,919 [Listener at 127.0.0.1/15004] INFO  netty.NettyConfigKeys$DataStream (ConfUtils.java:logGet(46)) - raft.netty.dataStream.server.use-epoll = false (default)
2023-05-17 09:08:59,920 [Listener at 127.0.0.1/15004] INFO  netty.NettyConfigKeys$DataStream (ConfUtils.java:logGet(46)) - raft.netty.dataStream.server.boss-group.size = 0 (default)
2023-05-17 09:08:59,920 [Listener at 127.0.0.1/15004] INFO  netty.NettyConfigKeys$DataStream (ConfUtils.java:logGet(46)) - raft.netty.dataStream.server.worker-group.size = 0 (default)
2023-05-17 09:08:59,920 [Listener at 127.0.0.1/15004] INFO  netty.NettyConfigKeys$DataStream (ConfUtils.java:logGet(46)) - raft.netty.dataStream.server.tls.conf = null (default)
2023-05-17 09:08:59,921 [Listener at 127.0.0.1/15004] INFO  netty.NettyConfigKeys$DataStream (ConfUtils.java:logGet(46)) - raft.netty.dataStream.host = null (default)
2023-05-17 09:08:59,921 [Listener at 127.0.0.1/15004] INFO  netty.NettyConfigKeys$DataStream (ConfUtils.java:logGet(46)) - raft.netty.dataStream.port = 15038 (custom)
2023-05-17 09:08:59,924 [Listener at 127.0.0.1/15004] INFO  server.RaftServerConfigKeys (ConfUtils.java:logGet(46)) - raft.server.threadpool.proxy.cached = true (default)
2023-05-17 09:08:59,924 [Listener at 127.0.0.1/15004] INFO  server.RaftServerConfigKeys (ConfUtils.java:logGet(46)) - raft.server.threadpool.proxy.size = 0 (default)
2023-05-17 09:08:59,925 [Listener at 127.0.0.1/15004] INFO  server.RaftServerConfigKeys (ConfUtils.java:logGet(46)) - raft.server.rpc.slowness.timeout = 300s (custom)
2023-05-17 09:08:59,925 [Listener at 127.0.0.1/15004] INFO  server.RaftServerConfigKeys (ConfUtils.java:logGet(46)) - raft.server.leaderelection.leader.step-down.wait-time = 10s (default)
2023-05-17 09:08:59,926 [Listener at 127.0.0.1/15004] INFO  server.RaftServerConfigKeys (ConfUtils.java:logGet(46)) - raft.server.storage.dir = [/home/runner/work/ozone/ozone/hadoop-ozone/integration-test/target/test-dir/MiniOzoneClusterImpl-21d14123-a168-44a2-bc0a-ee93e32dcc9b/datanode-3/data/ratis] (custom)
2023-05-17 09:08:59,927 [57ed5fd8-a62b-44c8-9c66-83b6d5ca8b16-NettyServerStreamRpc-bossGroup--thread1] INFO  logging.LoggingHandler (AbstractInternalLogger.java:log(148)) - [id: 0x138dde6b] REGISTERED
2023-05-17 09:08:59,927 [57ed5fd8-a62b-44c8-9c66-83b6d5ca8b16-NettyServerStreamRpc-bossGroup--thread1] INFO  logging.LoggingHandler (AbstractInternalLogger.java:log(148)) - [id: 0x138dde6b] BIND: 0.0.0.0/0.0.0.0:15038
2023-05-17 09:08:59,927 [57ed5fd8-a62b-44c8-9c66-83b6d5ca8b16-NettyServerStreamRpc-bossGroup--thread1] INFO  logging.LoggingHandler (AbstractInternalLogger.java:log(148)) - [id: 0x138dde6b, L:/0:0:0:0:0:0:0:0:15038] ACTIVE
2023-05-17 09:08:59,929 [Listener at 127.0.0.1/15004] INFO  server.XceiverServerGrpc (XceiverServerGrpc.java:<init>(132)) - GrpcServer channel type EpollServerSocketChannel
2023-05-17 09:08:59,931 [Listener at 127.0.0.1/15004] INFO  replication.ReplicationSupervisor (ReplicationSupervisor.java:nodeStateUpdated(296)) - Node state updated to IN_SERVICE, scaling executor pool size to 10
2023-05-17 09:08:59,932 [Listener at 127.0.0.1/15004] INFO  token.OzoneBlockTokenSecretManager (OzoneSecretManager.java:updateCurrentKey(175)) - Updating current master key for generating tokens. Cert id 1007308062680
2023-05-17 09:08:59,934 [Listener at 127.0.0.1/15004] INFO  http.BaseHttpServer (BaseHttpServer.java:newHttpServer2BuilderForOzone(224)) - Starting Web-server for hddsDatanode at: http://0.0.0.0:15033
2023-05-17 09:08:59,934 [Listener at 127.0.0.1/15004] INFO  http.BaseHttpServer (BaseHttpServer.java:<init>(111)) - Hadoop Security Enabled: false Ozone Security Enabled: false Ozone HTTP Security Enabled: false 
2023-05-17 09:08:59,935 [Listener at 127.0.0.1/15004] WARN  server.AuthenticationFilter (AuthenticationFilter.java:constructSecretProvider(240)) - Unable to initialize FileSignerSecretProvider, falling back to use random secrets. Reason: Could not read signature secret file: /home/runner/hadoop-http-auth-signature-secret
2023-05-17 09:08:59,936 [Listener at 127.0.0.1/15004] INFO  http.HttpRequestLog (HttpRequestLog.java:getRequestLog(86)) - Http request log for http.requests.hddsDatanode is not defined
2023-05-17 09:08:59,941 [Listener at 127.0.0.1/15004] INFO  http.HttpServer2 (HttpServer2.java:addGlobalFilter(1031)) - Added global filter 'safety' (class=org.apache.hadoop.hdds.server.http.HttpServer2$QuotingInputFilter)
2023-05-17 09:08:59,942 [Listener at 127.0.0.1/15004] INFO  http.HttpServer2 (HttpServer2.java:addFilter(1007)) - Added filter static_user_filter (class=org.apache.hadoop.http.lib.StaticUserWebFilter$StaticUserFilter) to context hddsDatanode
2023-05-17 09:08:59,942 [Listener at 127.0.0.1/15004] INFO  http.HttpServer2 (HttpServer2.java:addFilter(1015)) - Added filter static_user_filter (class=org.apache.hadoop.http.lib.StaticUserWebFilter$StaticUserFilter) to context static
2023-05-17 09:08:59,942 [Listener at 127.0.0.1/15004] INFO  http.HttpServer2 (HttpServer2.java:addFilter(1015)) - Added filter static_user_filter (class=org.apache.hadoop.http.lib.StaticUserWebFilter$StaticUserFilter) to context logs
2023-05-17 09:08:59,943 [Listener at 127.0.0.1/15004] INFO  http.BaseHttpServer (BaseHttpServer.java:<init>(190)) - HTTP server of hddsDatanode uses base directory /home/runner/work/ozone/ozone/hadoop-ozone/integration-test/target/test-dir/MiniOzoneClusterImpl-21d14123-a168-44a2-bc0a-ee93e32dcc9b/datanode-3/meta/webserver
2023-05-17 09:08:59,943 [Listener at 127.0.0.1/15004] INFO  http.HttpServer2 (HttpServer2.java:bindListener(1250)) - Jetty bound to port 15033
2023-05-17 09:08:59,943 [Listener at 127.0.0.1/15004] INFO  server.Server (Server.java:doStart(375)) - jetty-9.4.51.v20230217; built: 2023-02-17T08:19:37.309Z; git: b45c405e4544384de066f814ed42ae3dceacdd49; jvm 1.8.0_362-b09
2023-05-17 09:08:59,946 [Listener at 127.0.0.1/15004] INFO  server.session (DefaultSessionIdManager.java:doStart(334)) - DefaultSessionIdManager workerName=node0
2023-05-17 09:08:59,946 [Listener at 127.0.0.1/15004] INFO  server.session (DefaultSessionIdManager.java:doStart(339)) - No SessionScavenger set, using defaults
2023-05-17 09:08:59,946 [Listener at 127.0.0.1/15004] INFO  server.session (HouseKeeper.java:startScavenging(132)) - node0 Scavenging every 660000ms
2023-05-17 09:08:59,947 [Listener at 127.0.0.1/15004] INFO  handler.ContextHandler (ContextHandler.java:doStart(921)) - Started o.e.j.s.ServletContextHandler@27fc70e2{logs,/logs,file:///home/runner/work/ozone/ozone/hadoop-ozone/integration-test/target/log,AVAILABLE}
2023-05-17 09:08:59,948 [Listener at 127.0.0.1/15004] INFO  handler.ContextHandler (ContextHandler.java:doStart(921)) - Started o.e.j.s.ServletContextHandler@7467b8ee{static,/static,jar:file:/home/runner/.m2/repository/org/apache/ozone/hdds-container-service/1.4.0-SNAPSHOT/hdds-container-service-1.4.0-SNAPSHOT.jar!/webapps/static,AVAILABLE}
2023-05-17 09:09:00,144 [Listener at 127.0.0.1/15004] INFO  handler.ContextHandler (ContextHandler.java:doStart(921)) - Started o.e.j.w.WebAppContext@44851ef1{hddsDatanode,/,file:///home/runner/work/ozone/ozone/hadoop-ozone/integration-test/target/test-dir/MiniOzoneClusterImpl-21d14123-a168-44a2-bc0a-ee93e32dcc9b/datanode-3/meta/webserver/jetty-0_0_0_0-15033-hdds-container-service-1_4_0-SNAPSHOT_jar-_-any-7685749705338390000/webapp/,AVAILABLE}{jar:file:/home/runner/.m2/repository/org/apache/ozone/hdds-container-service/1.4.0-SNAPSHOT/hdds-container-service-1.4.0-SNAPSHOT.jar!/webapps/hddsDatanode}
2023-05-17 09:09:00,146 [Listener at 127.0.0.1/15004] INFO  server.AbstractConnector (AbstractConnector.java:doStart(333)) - Started ServerConnector@7300db1c{HTTP/1.1, (http/1.1)}{0.0.0.0:15033}
2023-05-17 09:09:00,146 [Listener at 127.0.0.1/15004] INFO  server.Server (Server.java:doStart(415)) - Started @10973ms
2023-05-17 09:09:00,146 [Listener at 127.0.0.1/15004] WARN  impl.MetricsSystemImpl (MetricsSystemImpl.java:register(279)) - Sink prometheus already exists!
2023-05-17 09:09:00,147 [Listener at 127.0.0.1/15004] INFO  http.BaseHttpServer (BaseHttpServer.java:updateConnectorAddress(344)) - HTTP server of hddsDatanode listening at http://0.0.0.0:15033
2023-05-17 09:09:00,148 [Datanode State Machine Daemon Thread] INFO  statemachine.DatanodeStateMachine (DatanodeStateMachine.java:lambda$startDaemon$0(524)) - Ozone container server started.
2023-05-17 09:09:00,155 [Listener at 127.0.0.1/15004] WARN  impl.MetricRegistriesImpl (MetricRegistriesImpl.java:addReporterRegistration(111)) - New reporters are added after registries were created. Some metrics will be missing from the reporter. Please add reporter before adding any new registry.
2023-05-17 09:09:00,155 [Listener at 127.0.0.1/15004] WARN  impl.MetricRegistriesImpl (MetricRegistriesImpl.java:addReporterRegistration(111)) - New reporters are added after registries were created. Some metrics will be missing from the reporter. Please add reporter before adding any new registry.
2023-05-17 09:09:00,155 [Listener at 127.0.0.1/15004] INFO  impl.MetricsSystemImpl (MetricsSystemImpl.java:init(158)) - HddsDatanode metrics system started (again)
2023-05-17 09:09:00,169 [org.apache.hadoop.util.JvmPauseMonitor$Monitor@3c548f4a] INFO  util.JvmPauseMonitor (JvmPauseMonitor.java:run(188)) - Starting JVM pause monitor
2023-05-17 09:09:00,177 [Datanode State Machine Task Thread - 0] INFO  datanode.InitDatanodeState (InitDatanodeState.java:persistContainerDatanodeDetails(138)) - DatanodeDetails is persisted to /home/runner/work/ozone/ozone/hadoop-ozone/integration-test/target/test-dir/MiniOzoneClusterImpl-21d14123-a168-44a2-bc0a-ee93e32dcc9b/datanode-3/meta/datanode.id
2023-05-17 09:09:00,193 [Listener at 127.0.0.1/15004] INFO  ozone.HddsDatanodeService (HddsDatanodeService.java:start(252)) - HddsDatanodeService host:fv-az41-747.zje5jq5y5x4uznwvdkgxk4wc2h.cx.internal.cloudapp.net ip:10.1.0.64
2023-05-17 09:09:00,222 [Listener at 127.0.0.1/15004] INFO  upgrade.AbstractLayoutVersionManager (AbstractLayoutVersionManager.java:init(83)) - Initializing Layout version manager with metadata layout = WEBUI_PORTS_IN_DATANODEDETAILS (version = 6), software layout = WEBUI_PORTS_IN_DATANODEDETAILS (version = 6)
2023-05-17 09:09:00,223 [Listener at 127.0.0.1/15004] INFO  statemachine.DatanodeStateMachine (DatanodeStateMachine.java:getEndPointTaskThreadPoolSize(267)) - Datanode State Machine Task Thread Pool size 2
2023-05-17 09:09:00,232 [Listener at 127.0.0.1/15004] INFO  volume.HddsVolume (HddsVolume.java:<init>(130)) - Creating HddsVolume: /home/runner/work/ozone/ozone/hadoop-ozone/integration-test/target/test-dir/MiniOzoneClusterImpl-21d14123-a168-44a2-bc0a-ee93e32dcc9b/datanode-4/data-0/containers/hdds of storage type : DISK capacity : 9223372036854775807
2023-05-17 09:09:00,232 [Listener at 127.0.0.1/15004] INFO  volume.MutableVolumeSet (MutableVolumeSet.java:initializeVolumeSet(175)) - Added Volume : /home/runner/work/ozone/ozone/hadoop-ozone/integration-test/target/test-dir/MiniOzoneClusterImpl-21d14123-a168-44a2-bc0a-ee93e32dcc9b/datanode-4/data-0/containers/hdds to VolumeSet
2023-05-17 09:09:00,232 [Listener at 127.0.0.1/15004] INFO  volume.ThrottledAsyncChecker (ThrottledAsyncChecker.java:schedule(141)) - Scheduling a check for /home/runner/work/ozone/ozone/hadoop-ozone/integration-test/target/test-dir/MiniOzoneClusterImpl-21d14123-a168-44a2-bc0a-ee93e32dcc9b/datanode-4/data-0/containers/hdds
2023-05-17 09:09:00,235 [Listener at 127.0.0.1/15004] INFO  volume.StorageVolumeChecker (StorageVolumeChecker.java:checkAllVolumes(202)) - Scheduled health check for volume /home/runner/work/ozone/ozone/hadoop-ozone/integration-test/target/test-dir/MiniOzoneClusterImpl-21d14123-a168-44a2-bc0a-ee93e32dcc9b/datanode-4/data-0/containers/hdds
2023-05-17 09:09:00,248 [Listener at 127.0.0.1/15004] INFO  volume.MutableVolumeSet (MutableVolumeSet.java:initializeVolumeSet(175)) - Added Volume : /home/runner/work/ozone/ozone/hadoop-ozone/integration-test/target/test-dir/MiniOzoneClusterImpl-21d14123-a168-44a2-bc0a-ee93e32dcc9b/datanode-4/data/ratis to VolumeSet
2023-05-17 09:09:00,248 [Listener at 127.0.0.1/15004] INFO  volume.ThrottledAsyncChecker (ThrottledAsyncChecker.java:schedule(141)) - Scheduling a check for /home/runner/work/ozone/ozone/hadoop-ozone/integration-test/target/test-dir/MiniOzoneClusterImpl-21d14123-a168-44a2-bc0a-ee93e32dcc9b/datanode-4/data/ratis
2023-05-17 09:09:00,249 [Listener at 127.0.0.1/15004] INFO  volume.StorageVolumeChecker (StorageVolumeChecker.java:checkAllVolumes(202)) - Scheduled health check for volume /home/runner/work/ozone/ozone/hadoop-ozone/integration-test/target/test-dir/MiniOzoneClusterImpl-21d14123-a168-44a2-bc0a-ee93e32dcc9b/datanode-4/data/ratis
2023-05-17 09:09:00,261 [Thread-198] INFO  ozoneimpl.ContainerReader (ContainerReader.java:readVolume(175)) - Finish verifying containers on volume /home/runner/work/ozone/ozone/hadoop-ozone/integration-test/target/test-dir/MiniOzoneClusterImpl-21d14123-a168-44a2-bc0a-ee93e32dcc9b/datanode-4/data-0/containers/hdds
2023-05-17 09:09:00,261 [Listener at 127.0.0.1/15004] INFO  ozoneimpl.OzoneContainer (OzoneContainer.java:buildContainerSet(303)) - Build ContainerSet costs 0s
2023-05-17 09:09:00,264 [Listener at 127.0.0.1/15004] INFO  server.RaftServer (ConfUtils.java:logGet(46)) - raft.rpc.type = GRPC (default)
2023-05-17 09:09:00,264 [Listener at 127.0.0.1/15004] INFO  grpc.GrpcConfigKeys (ConfUtils.java:logFallback(53)) - raft.grpc.admin.host = null (fallback to raft.grpc.server.host)
2023-05-17 09:09:00,265 [Listener at 127.0.0.1/15004] INFO  grpc.GrpcConfigKeys (ConfUtils.java:logGet(46)) - raft.grpc.admin.port = 15044 (custom)
2023-05-17 09:09:00,267 [Listener at 127.0.0.1/15004] INFO  grpc.GrpcConfigKeys (ConfUtils.java:logFallback(53)) - raft.grpc.client.host = null (fallback to raft.grpc.server.host)
2023-05-17 09:09:00,267 [Listener at 127.0.0.1/15004] INFO  grpc.GrpcConfigKeys (ConfUtils.java:logGet(46)) - raft.grpc.client.port = 15043 (custom)
2023-05-17 09:09:00,267 [Listener at 127.0.0.1/15004] INFO  grpc.GrpcConfigKeys (ConfUtils.java:logGet(46)) - raft.grpc.server.host = null (default)
2023-05-17 09:09:00,267 [Listener at 127.0.0.1/15004] INFO  grpc.GrpcConfigKeys (ConfUtils.java:logGet(46)) - raft.grpc.server.port = 15045 (custom)
2023-05-17 09:09:00,267 [Listener at 127.0.0.1/15004] INFO  server.GrpcService (ConfUtils.java:logGet(46)) - raft.grpc.message.size.max = 32MB (=33554432) (custom)
2023-05-17 09:09:00,268 [Listener at 127.0.0.1/15004] INFO  server.RaftServerConfigKeys (ConfUtils.java:logGet(46)) - raft.server.log.appender.buffer.byte-limit = 33554432 (custom)
2023-05-17 09:09:00,268 [Listener at 127.0.0.1/15004] INFO  server.GrpcService (ConfUtils.java:logGet(46)) - raft.grpc.flow.control.window = 5MB (=5242880) (custom)
2023-05-17 09:09:00,268 [Listener at 127.0.0.1/15004] INFO  server.RaftServerConfigKeys (ConfUtils.java:logGet(46)) - raft.server.rpc.request.timeout = 60s (custom)
2023-05-17 09:09:00,268 [Listener at 127.0.0.1/15004] INFO  grpc.GrpcConfigKeys (ConfUtils.java:logGet(46)) - raft.grpc.server.heartbeat.channel = true (default)
2023-05-17 09:09:00,268 [Listener at 127.0.0.1/15004] INFO  grpc.GrpcConfigKeys (ConfUtils.java:logGet(46)) - raft.grpc.server.async.request.thread.pool.cached = true (default)
2023-05-17 09:09:00,268 [Listener at 127.0.0.1/15004] INFO  grpc.GrpcConfigKeys (ConfUtils.java:logGet(46)) - raft.grpc.server.async.request.thread.pool.size = 32 (default)
2023-05-17 09:09:00,271 [Listener at 127.0.0.1/15004] INFO  impl.DataStreamServerImpl (ConfUtils.java:logGet(46)) - raft.datastream.type = NETTY (custom)
2023-05-17 09:09:00,271 [Listener at 127.0.0.1/15004] INFO  server.RaftServerConfigKeys (ConfUtils.java:logGet(46)) - raft.server.data-stream.async.request.thread.pool.cached = false (default)
2023-05-17 09:09:00,272 [Listener at 127.0.0.1/15004] INFO  server.RaftServerConfigKeys (ConfUtils.java:logGet(46)) - raft.server.data-stream.async.request.thread.pool.size = 20 (custom)
2023-05-17 09:09:00,272 [Listener at 127.0.0.1/15004] INFO  server.RaftServerConfigKeys (ConfUtils.java:logGet(46)) - raft.server.data-stream.async.write.thread.pool.size = 16 (default)
2023-05-17 09:09:00,272 [Listener at 127.0.0.1/15004] INFO  server.RaftServerConfigKeys (ConfUtils.java:logGet(46)) - raft.server.data-stream.client.pool.size = 10 (default)
2023-05-17 09:09:00,272 [Listener at 127.0.0.1/15004] INFO  netty.NettyConfigKeys$DataStream (ConfUtils.java:logGet(46)) - raft.netty.dataStream.server.use-epoll = false (default)
2023-05-17 09:09:00,272 [Listener at 127.0.0.1/15004] INFO  netty.NettyConfigKeys$DataStream (ConfUtils.java:logGet(46)) - raft.netty.dataStream.server.boss-group.size = 0 (default)
2023-05-17 09:09:00,273 [Listener at 127.0.0.1/15004] INFO  netty.NettyConfigKeys$DataStream (ConfUtils.java:logGet(46)) - raft.netty.dataStream.server.worker-group.size = 0 (default)
2023-05-17 09:09:00,273 [Listener at 127.0.0.1/15004] INFO  netty.NettyConfigKeys$DataStream (ConfUtils.java:logGet(46)) - raft.netty.dataStream.server.tls.conf = null (default)
2023-05-17 09:09:00,273 [Listener at 127.0.0.1/15004] INFO  netty.NettyConfigKeys$DataStream (ConfUtils.java:logGet(46)) - raft.netty.dataStream.host = null (default)
2023-05-17 09:09:00,273 [Listener at 127.0.0.1/15004] INFO  netty.NettyConfigKeys$DataStream (ConfUtils.java:logGet(46)) - raft.netty.dataStream.port = 15046 (custom)
2023-05-17 09:09:00,274 [Listener at 127.0.0.1/15004] INFO  server.RaftServerConfigKeys (ConfUtils.java:logGet(46)) - raft.server.threadpool.proxy.cached = true (default)
2023-05-17 09:09:00,274 [Listener at 127.0.0.1/15004] INFO  server.RaftServerConfigKeys (ConfUtils.java:logGet(46)) - raft.server.threadpool.proxy.size = 0 (default)
2023-05-17 09:09:00,274 [Listener at 127.0.0.1/15004] INFO  server.RaftServerConfigKeys (ConfUtils.java:logGet(46)) - raft.server.rpc.slowness.timeout = 300s (custom)
2023-05-17 09:09:00,274 [Listener at 127.0.0.1/15004] INFO  server.RaftServerConfigKeys (ConfUtils.java:logGet(46)) - raft.server.leaderelection.leader.step-down.wait-time = 10s (default)
2023-05-17 09:09:00,274 [Listener at 127.0.0.1/15004] INFO  server.RaftServerConfigKeys (ConfUtils.java:logGet(46)) - raft.server.storage.dir = [/home/runner/work/ozone/ozone/hadoop-ozone/integration-test/target/test-dir/MiniOzoneClusterImpl-21d14123-a168-44a2-bc0a-ee93e32dcc9b/datanode-4/data/ratis] (custom)
2023-05-17 09:09:00,282 [b98521b2-5644-4aab-8244-d2e66a88cd45-NettyServerStreamRpc-bossGroup--thread1] INFO  logging.LoggingHandler (AbstractInternalLogger.java:log(148)) - [id: 0x09358fd1] REGISTERED
2023-05-17 09:09:00,282 [b98521b2-5644-4aab-8244-d2e66a88cd45-NettyServerStreamRpc-bossGroup--thread1] INFO  logging.LoggingHandler (AbstractInternalLogger.java:log(148)) - [id: 0x09358fd1] BIND: 0.0.0.0/0.0.0.0:15046
2023-05-17 09:09:00,284 [Listener at 127.0.0.1/15004] INFO  server.XceiverServerGrpc (XceiverServerGrpc.java:<init>(132)) - GrpcServer channel type EpollServerSocketChannel
2023-05-17 09:09:00,284 [b98521b2-5644-4aab-8244-d2e66a88cd45-NettyServerStreamRpc-bossGroup--thread1] INFO  logging.LoggingHandler (AbstractInternalLogger.java:log(148)) - [id: 0x09358fd1, L:/0:0:0:0:0:0:0:0:15046] ACTIVE
2023-05-17 09:09:00,286 [Listener at 127.0.0.1/15004] INFO  replication.ReplicationSupervisor (ReplicationSupervisor.java:nodeStateUpdated(296)) - Node state updated to IN_SERVICE, scaling executor pool size to 10
2023-05-17 09:09:00,287 [Listener at 127.0.0.1/15004] INFO  token.OzoneBlockTokenSecretManager (OzoneSecretManager.java:updateCurrentKey(175)) - Updating current master key for generating tokens. Cert id 1007308062680
2023-05-17 09:09:00,289 [Listener at 127.0.0.1/15004] INFO  http.BaseHttpServer (BaseHttpServer.java:newHttpServer2BuilderForOzone(224)) - Starting Web-server for hddsDatanode at: http://0.0.0.0:15041
2023-05-17 09:09:00,289 [Listener at 127.0.0.1/15004] INFO  http.BaseHttpServer (BaseHttpServer.java:<init>(111)) - Hadoop Security Enabled: false Ozone Security Enabled: false Ozone HTTP Security Enabled: false 
2023-05-17 09:09:00,290 [Listener at 127.0.0.1/15004] WARN  server.AuthenticationFilter (AuthenticationFilter.java:constructSecretProvider(240)) - Unable to initialize FileSignerSecretProvider, falling back to use random secrets. Reason: Could not read signature secret file: /home/runner/hadoop-http-auth-signature-secret
2023-05-17 09:09:00,291 [Listener at 127.0.0.1/15004] INFO  http.HttpRequestLog (HttpRequestLog.java:getRequestLog(86)) - Http request log for http.requests.hddsDatanode is not defined
2023-05-17 09:09:00,293 [Listener at 127.0.0.1/15004] INFO  http.HttpServer2 (HttpServer2.java:addGlobalFilter(1031)) - Added global filter 'safety' (class=org.apache.hadoop.hdds.server.http.HttpServer2$QuotingInputFilter)
2023-05-17 09:09:00,294 [Listener at 127.0.0.1/15004] INFO  http.HttpServer2 (HttpServer2.java:addFilter(1007)) - Added filter static_user_filter (class=org.apache.hadoop.http.lib.StaticUserWebFilter$StaticUserFilter) to context hddsDatanode
2023-05-17 09:09:00,294 [Listener at 127.0.0.1/15004] INFO  http.HttpServer2 (HttpServer2.java:addFilter(1015)) - Added filter static_user_filter (class=org.apache.hadoop.http.lib.StaticUserWebFilter$StaticUserFilter) to context logs
2023-05-17 09:09:00,295 [Listener at 127.0.0.1/15004] INFO  http.HttpServer2 (HttpServer2.java:addFilter(1015)) - Added filter static_user_filter (class=org.apache.hadoop.http.lib.StaticUserWebFilter$StaticUserFilter) to context static
2023-05-17 09:09:00,295 [Listener at 127.0.0.1/15004] INFO  http.BaseHttpServer (BaseHttpServer.java:<init>(190)) - HTTP server of hddsDatanode uses base directory /home/runner/work/ozone/ozone/hadoop-ozone/integration-test/target/test-dir/MiniOzoneClusterImpl-21d14123-a168-44a2-bc0a-ee93e32dcc9b/datanode-4/meta/webserver
2023-05-17 09:09:00,295 [Listener at 127.0.0.1/15004] INFO  http.HttpServer2 (HttpServer2.java:bindListener(1250)) - Jetty bound to port 15041
2023-05-17 09:09:00,296 [Listener at 127.0.0.1/15004] INFO  server.Server (Server.java:doStart(375)) - jetty-9.4.51.v20230217; built: 2023-02-17T08:19:37.309Z; git: b45c405e4544384de066f814ed42ae3dceacdd49; jvm 1.8.0_362-b09
2023-05-17 09:09:00,297 [Listener at 127.0.0.1/15004] INFO  server.session (DefaultSessionIdManager.java:doStart(334)) - DefaultSessionIdManager workerName=node0
2023-05-17 09:09:00,297 [Listener at 127.0.0.1/15004] INFO  server.session (DefaultSessionIdManager.java:doStart(339)) - No SessionScavenger set, using defaults
2023-05-17 09:09:00,297 [Listener at 127.0.0.1/15004] INFO  server.session (HouseKeeper.java:startScavenging(132)) - node0 Scavenging every 600000ms
2023-05-17 09:09:00,298 [Listener at 127.0.0.1/15004] INFO  handler.ContextHandler (ContextHandler.java:doStart(921)) - Started o.e.j.s.ServletContextHandler@145f5e4c{logs,/logs,file:///home/runner/work/ozone/ozone/hadoop-ozone/integration-test/target/log,AVAILABLE}
2023-05-17 09:09:00,299 [Listener at 127.0.0.1/15004] INFO  handler.ContextHandler (ContextHandler.java:doStart(921)) - Started o.e.j.s.ServletContextHandler@3376b5ca{static,/static,jar:file:/home/runner/.m2/repository/org/apache/ozone/hdds-container-service/1.4.0-SNAPSHOT/hdds-container-service-1.4.0-SNAPSHOT.jar!/webapps/static,AVAILABLE}
2023-05-17 09:09:00,493 [Listener at 127.0.0.1/15004] INFO  handler.ContextHandler (ContextHandler.java:doStart(921)) - Started o.e.j.w.WebAppContext@1d77a5e8{hddsDatanode,/,file:///home/runner/work/ozone/ozone/hadoop-ozone/integration-test/target/test-dir/MiniOzoneClusterImpl-21d14123-a168-44a2-bc0a-ee93e32dcc9b/datanode-4/meta/webserver/jetty-0_0_0_0-15041-hdds-container-service-1_4_0-SNAPSHOT_jar-_-any-1948670670777132238/webapp/,AVAILABLE}{jar:file:/home/runner/.m2/repository/org/apache/ozone/hdds-container-service/1.4.0-SNAPSHOT/hdds-container-service-1.4.0-SNAPSHOT.jar!/webapps/hddsDatanode}
2023-05-17 09:09:00,495 [Listener at 127.0.0.1/15004] INFO  server.AbstractConnector (AbstractConnector.java:doStart(333)) - Started ServerConnector@581b72a5{HTTP/1.1, (http/1.1)}{0.0.0.0:15041}
2023-05-17 09:09:00,495 [Listener at 127.0.0.1/15004] INFO  server.Server (Server.java:doStart(415)) - Started @11322ms
2023-05-17 09:09:00,495 [Listener at 127.0.0.1/15004] WARN  impl.MetricsSystemImpl (MetricsSystemImpl.java:register(279)) - Sink prometheus already exists!
2023-05-17 09:09:00,496 [Listener at 127.0.0.1/15004] INFO  http.BaseHttpServer (BaseHttpServer.java:updateConnectorAddress(344)) - HTTP server of hddsDatanode listening at http://0.0.0.0:15041
2023-05-17 09:09:00,496 [Datanode State Machine Daemon Thread] INFO  statemachine.DatanodeStateMachine (DatanodeStateMachine.java:lambda$startDaemon$0(524)) - Ozone container server started.
2023-05-17 09:09:00,497 [Listener at 127.0.0.1/15004] WARN  impl.MetricRegistriesImpl (MetricRegistriesImpl.java:addReporterRegistration(111)) - New reporters are added after registries were created. Some metrics will be missing from the reporter. Please add reporter before adding any new registry.
2023-05-17 09:09:00,498 [Listener at 127.0.0.1/15004] WARN  impl.MetricRegistriesImpl (MetricRegistriesImpl.java:addReporterRegistration(111)) - New reporters are added after registries were created. Some metrics will be missing from the reporter. Please add reporter before adding any new registry.
2023-05-17 09:09:00,498 [Listener at 127.0.0.1/15004] INFO  impl.MetricsSystemImpl (MetricsSystemImpl.java:init(158)) - HddsDatanode metrics system started (again)
2023-05-17 09:09:00,510 [Listener at 127.0.0.1/15004] INFO  ozone.HddsDatanodeService (HddsDatanodeService.java:start(252)) - HddsDatanodeService host:fv-az41-747.zje5jq5y5x4uznwvdkgxk4wc2h.cx.internal.cloudapp.net ip:10.1.0.64
2023-05-17 09:09:00,510 [org.apache.hadoop.util.JvmPauseMonitor$Monitor@2d10c5ea] INFO  util.JvmPauseMonitor (JvmPauseMonitor.java:run(188)) - Starting JVM pause monitor
2023-05-17 09:09:00,520 [Datanode State Machine Task Thread - 0] INFO  datanode.InitDatanodeState (InitDatanodeState.java:persistContainerDatanodeDetails(138)) - DatanodeDetails is persisted to /home/runner/work/ozone/ozone/hadoop-ozone/integration-test/target/test-dir/MiniOzoneClusterImpl-21d14123-a168-44a2-bc0a-ee93e32dcc9b/datanode-4/meta/datanode.id
2023-05-17 09:09:00,538 [Listener at 127.0.0.1/15004] INFO  upgrade.AbstractLayoutVersionManager (AbstractLayoutVersionManager.java:init(83)) - Initializing Layout version manager with metadata layout = WEBUI_PORTS_IN_DATANODEDETAILS (version = 6), software layout = WEBUI_PORTS_IN_DATANODEDETAILS (version = 6)
2023-05-17 09:09:00,539 [Listener at 127.0.0.1/15004] INFO  statemachine.DatanodeStateMachine (DatanodeStateMachine.java:getEndPointTaskThreadPoolSize(267)) - Datanode State Machine Task Thread Pool size 2
2023-05-17 09:09:00,545 [Listener at 127.0.0.1/15004] INFO  volume.HddsVolume (HddsVolume.java:<init>(130)) - Creating HddsVolume: /home/runner/work/ozone/ozone/hadoop-ozone/integration-test/target/test-dir/MiniOzoneClusterImpl-21d14123-a168-44a2-bc0a-ee93e32dcc9b/datanode-5/data-0/containers/hdds of storage type : DISK capacity : 9223372036854775807
2023-05-17 09:09:00,546 [Listener at 127.0.0.1/15004] INFO  volume.MutableVolumeSet (MutableVolumeSet.java:initializeVolumeSet(175)) - Added Volume : /home/runner/work/ozone/ozone/hadoop-ozone/integration-test/target/test-dir/MiniOzoneClusterImpl-21d14123-a168-44a2-bc0a-ee93e32dcc9b/datanode-5/data-0/containers/hdds to VolumeSet
2023-05-17 09:09:00,546 [Listener at 127.0.0.1/15004] INFO  volume.ThrottledAsyncChecker (ThrottledAsyncChecker.java:schedule(141)) - Scheduling a check for /home/runner/work/ozone/ozone/hadoop-ozone/integration-test/target/test-dir/MiniOzoneClusterImpl-21d14123-a168-44a2-bc0a-ee93e32dcc9b/datanode-5/data-0/containers/hdds
2023-05-17 09:09:00,548 [Listener at 127.0.0.1/15004] INFO  volume.StorageVolumeChecker (StorageVolumeChecker.java:checkAllVolumes(202)) - Scheduled health check for volume /home/runner/work/ozone/ozone/hadoop-ozone/integration-test/target/test-dir/MiniOzoneClusterImpl-21d14123-a168-44a2-bc0a-ee93e32dcc9b/datanode-5/data-0/containers/hdds
2023-05-17 09:09:00,561 [Listener at 127.0.0.1/15004] INFO  volume.MutableVolumeSet (MutableVolumeSet.java:initializeVolumeSet(175)) - Added Volume : /home/runner/work/ozone/ozone/hadoop-ozone/integration-test/target/test-dir/MiniOzoneClusterImpl-21d14123-a168-44a2-bc0a-ee93e32dcc9b/datanode-5/data/ratis to VolumeSet
2023-05-17 09:09:00,561 [Listener at 127.0.0.1/15004] INFO  volume.ThrottledAsyncChecker (ThrottledAsyncChecker.java:schedule(141)) - Scheduling a check for /home/runner/work/ozone/ozone/hadoop-ozone/integration-test/target/test-dir/MiniOzoneClusterImpl-21d14123-a168-44a2-bc0a-ee93e32dcc9b/datanode-5/data/ratis
2023-05-17 09:09:00,561 [Listener at 127.0.0.1/15004] INFO  volume.StorageVolumeChecker (StorageVolumeChecker.java:checkAllVolumes(202)) - Scheduled health check for volume /home/runner/work/ozone/ozone/hadoop-ozone/integration-test/target/test-dir/MiniOzoneClusterImpl-21d14123-a168-44a2-bc0a-ee93e32dcc9b/datanode-5/data/ratis
2023-05-17 09:09:00,576 [Thread-212] INFO  ozoneimpl.ContainerReader (ContainerReader.java:readVolume(175)) - Finish verifying containers on volume /home/runner/work/ozone/ozone/hadoop-ozone/integration-test/target/test-dir/MiniOzoneClusterImpl-21d14123-a168-44a2-bc0a-ee93e32dcc9b/datanode-5/data-0/containers/hdds
2023-05-17 09:09:00,576 [Listener at 127.0.0.1/15004] INFO  ozoneimpl.OzoneContainer (OzoneContainer.java:buildContainerSet(303)) - Build ContainerSet costs 0s
2023-05-17 09:09:00,579 [Listener at 127.0.0.1/15004] INFO  server.RaftServer (ConfUtils.java:logGet(46)) - raft.rpc.type = GRPC (default)
2023-05-17 09:09:00,580 [Listener at 127.0.0.1/15004] INFO  grpc.GrpcConfigKeys (ConfUtils.java:logFallback(53)) - raft.grpc.admin.host = null (fallback to raft.grpc.server.host)
2023-05-17 09:09:00,580 [Listener at 127.0.0.1/15004] INFO  grpc.GrpcConfigKeys (ConfUtils.java:logGet(46)) - raft.grpc.admin.port = 15052 (custom)
2023-05-17 09:09:00,580 [Listener at 127.0.0.1/15004] INFO  grpc.GrpcConfigKeys (ConfUtils.java:logFallback(53)) - raft.grpc.client.host = null (fallback to raft.grpc.server.host)
2023-05-17 09:09:00,580 [Listener at 127.0.0.1/15004] INFO  grpc.GrpcConfigKeys (ConfUtils.java:logGet(46)) - raft.grpc.client.port = 15051 (custom)
2023-05-17 09:09:00,580 [Listener at 127.0.0.1/15004] INFO  grpc.GrpcConfigKeys (ConfUtils.java:logGet(46)) - raft.grpc.server.host = null (default)
2023-05-17 09:09:00,580 [Listener at 127.0.0.1/15004] INFO  grpc.GrpcConfigKeys (ConfUtils.java:logGet(46)) - raft.grpc.server.port = 15053 (custom)
2023-05-17 09:09:00,580 [Listener at 127.0.0.1/15004] INFO  server.GrpcService (ConfUtils.java:logGet(46)) - raft.grpc.message.size.max = 32MB (=33554432) (custom)
2023-05-17 09:09:00,581 [Listener at 127.0.0.1/15004] INFO  server.RaftServerConfigKeys (ConfUtils.java:logGet(46)) - raft.server.log.appender.buffer.byte-limit = 33554432 (custom)
2023-05-17 09:09:00,581 [Listener at 127.0.0.1/15004] INFO  server.GrpcService (ConfUtils.java:logGet(46)) - raft.grpc.flow.control.window = 5MB (=5242880) (custom)
2023-05-17 09:09:00,581 [Listener at 127.0.0.1/15004] INFO  server.RaftServerConfigKeys (ConfUtils.java:logGet(46)) - raft.server.rpc.request.timeout = 60s (custom)
2023-05-17 09:09:00,581 [Listener at 127.0.0.1/15004] INFO  grpc.GrpcConfigKeys (ConfUtils.java:logGet(46)) - raft.grpc.server.heartbeat.channel = true (default)
2023-05-17 09:09:00,581 [Listener at 127.0.0.1/15004] INFO  grpc.GrpcConfigKeys (ConfUtils.java:logGet(46)) - raft.grpc.server.async.request.thread.pool.cached = true (default)
2023-05-17 09:09:00,581 [Listener at 127.0.0.1/15004] INFO  grpc.GrpcConfigKeys (ConfUtils.java:logGet(46)) - raft.grpc.server.async.request.thread.pool.size = 32 (default)
2023-05-17 09:09:00,584 [Listener at 127.0.0.1/15004] INFO  impl.DataStreamServerImpl (ConfUtils.java:logGet(46)) - raft.datastream.type = NETTY (custom)
2023-05-17 09:09:00,584 [Listener at 127.0.0.1/15004] INFO  server.RaftServerConfigKeys (ConfUtils.java:logGet(46)) - raft.server.data-stream.async.request.thread.pool.cached = false (default)
2023-05-17 09:09:00,585 [Listener at 127.0.0.1/15004] INFO  server.RaftServerConfigKeys (ConfUtils.java:logGet(46)) - raft.server.data-stream.async.request.thread.pool.size = 20 (custom)
2023-05-17 09:09:00,585 [Listener at 127.0.0.1/15004] INFO  server.RaftServerConfigKeys (ConfUtils.java:logGet(46)) - raft.server.data-stream.async.write.thread.pool.size = 16 (default)
2023-05-17 09:09:00,585 [Listener at 127.0.0.1/15004] INFO  server.RaftServerConfigKeys (ConfUtils.java:logGet(46)) - raft.server.data-stream.client.pool.size = 10 (default)
2023-05-17 09:09:00,585 [Listener at 127.0.0.1/15004] INFO  netty.NettyConfigKeys$DataStream (ConfUtils.java:logGet(46)) - raft.netty.dataStream.server.use-epoll = false (default)
2023-05-17 09:09:00,585 [Listener at 127.0.0.1/15004] INFO  netty.NettyConfigKeys$DataStream (ConfUtils.java:logGet(46)) - raft.netty.dataStream.server.boss-group.size = 0 (default)
2023-05-17 09:09:00,586 [Listener at 127.0.0.1/15004] INFO  netty.NettyConfigKeys$DataStream (ConfUtils.java:logGet(46)) - raft.netty.dataStream.server.worker-group.size = 0 (default)
2023-05-17 09:09:00,586 [Listener at 127.0.0.1/15004] INFO  netty.NettyConfigKeys$DataStream (ConfUtils.java:logGet(46)) - raft.netty.dataStream.server.tls.conf = null (default)
2023-05-17 09:09:00,586 [Listener at 127.0.0.1/15004] INFO  netty.NettyConfigKeys$DataStream (ConfUtils.java:logGet(46)) - raft.netty.dataStream.host = null (default)
2023-05-17 09:09:00,586 [Listener at 127.0.0.1/15004] INFO  netty.NettyConfigKeys$DataStream (ConfUtils.java:logGet(46)) - raft.netty.dataStream.port = 15054 (custom)
2023-05-17 09:09:00,587 [Listener at 127.0.0.1/15004] INFO  server.RaftServerConfigKeys (ConfUtils.java:logGet(46)) - raft.server.threadpool.proxy.cached = true (default)
2023-05-17 09:09:00,587 [Listener at 127.0.0.1/15004] INFO  server.RaftServerConfigKeys (ConfUtils.java:logGet(46)) - raft.server.threadpool.proxy.size = 0 (default)
2023-05-17 09:09:00,587 [Listener at 127.0.0.1/15004] INFO  server.RaftServerConfigKeys (ConfUtils.java:logGet(46)) - raft.server.rpc.slowness.timeout = 300s (custom)
2023-05-17 09:09:00,590 [Listener at 127.0.0.1/15004] INFO  server.RaftServerConfigKeys (ConfUtils.java:logGet(46)) - raft.server.leaderelection.leader.step-down.wait-time = 10s (default)
2023-05-17 09:09:00,590 [Listener at 127.0.0.1/15004] INFO  server.RaftServerConfigKeys (ConfUtils.java:logGet(46)) - raft.server.storage.dir = [/home/runner/work/ozone/ozone/hadoop-ozone/integration-test/target/test-dir/MiniOzoneClusterImpl-21d14123-a168-44a2-bc0a-ee93e32dcc9b/datanode-5/data/ratis] (custom)
2023-05-17 09:09:00,591 [b2b5d537-374d-472d-b9f1-d9543cb70a6b-NettyServerStreamRpc-bossGroup--thread1] INFO  logging.LoggingHandler (AbstractInternalLogger.java:log(148)) - [id: 0x1ab8aabb] REGISTERED
2023-05-17 09:09:00,591 [b2b5d537-374d-472d-b9f1-d9543cb70a6b-NettyServerStreamRpc-bossGroup--thread1] INFO  logging.LoggingHandler (AbstractInternalLogger.java:log(148)) - [id: 0x1ab8aabb] BIND: 0.0.0.0/0.0.0.0:15054
2023-05-17 09:09:00,591 [b2b5d537-374d-472d-b9f1-d9543cb70a6b-NettyServerStreamRpc-bossGroup--thread1] INFO  logging.LoggingHandler (AbstractInternalLogger.java:log(148)) - [id: 0x1ab8aabb, L:/0:0:0:0:0:0:0:0:15054] ACTIVE
2023-05-17 09:09:00,595 [Listener at 127.0.0.1/15004] INFO  server.XceiverServerGrpc (XceiverServerGrpc.java:<init>(132)) - GrpcServer channel type EpollServerSocketChannel
2023-05-17 09:09:00,597 [Listener at 127.0.0.1/15004] INFO  replication.ReplicationSupervisor (ReplicationSupervisor.java:nodeStateUpdated(296)) - Node state updated to IN_SERVICE, scaling executor pool size to 10
2023-05-17 09:09:00,601 [Listener at 127.0.0.1/15004] INFO  token.OzoneBlockTokenSecretManager (OzoneSecretManager.java:updateCurrentKey(175)) - Updating current master key for generating tokens. Cert id 1007308062680
2023-05-17 09:09:00,602 [Listener at 127.0.0.1/15004] INFO  http.BaseHttpServer (BaseHttpServer.java:newHttpServer2BuilderForOzone(224)) - Starting Web-server for hddsDatanode at: http://0.0.0.0:15049
2023-05-17 09:09:00,602 [Listener at 127.0.0.1/15004] INFO  http.BaseHttpServer (BaseHttpServer.java:<init>(111)) - Hadoop Security Enabled: false Ozone Security Enabled: false Ozone HTTP Security Enabled: false 
2023-05-17 09:09:00,604 [Listener at 127.0.0.1/15004] WARN  server.AuthenticationFilter (AuthenticationFilter.java:constructSecretProvider(240)) - Unable to initialize FileSignerSecretProvider, falling back to use random secrets. Reason: Could not read signature secret file: /home/runner/hadoop-http-auth-signature-secret
2023-05-17 09:09:00,604 [Listener at 127.0.0.1/15004] INFO  http.HttpRequestLog (HttpRequestLog.java:getRequestLog(86)) - Http request log for http.requests.hddsDatanode is not defined
2023-05-17 09:09:00,606 [Listener at 127.0.0.1/15004] INFO  http.HttpServer2 (HttpServer2.java:addGlobalFilter(1031)) - Added global filter 'safety' (class=org.apache.hadoop.hdds.server.http.HttpServer2$QuotingInputFilter)
2023-05-17 09:09:00,607 [Listener at 127.0.0.1/15004] INFO  http.HttpServer2 (HttpServer2.java:addFilter(1007)) - Added filter static_user_filter (class=org.apache.hadoop.http.lib.StaticUserWebFilter$StaticUserFilter) to context hddsDatanode
2023-05-17 09:09:00,607 [Listener at 127.0.0.1/15004] INFO  http.HttpServer2 (HttpServer2.java:addFilter(1015)) - Added filter static_user_filter (class=org.apache.hadoop.http.lib.StaticUserWebFilter$StaticUserFilter) to context logs
2023-05-17 09:09:00,607 [Listener at 127.0.0.1/15004] INFO  http.HttpServer2 (HttpServer2.java:addFilter(1015)) - Added filter static_user_filter (class=org.apache.hadoop.http.lib.StaticUserWebFilter$StaticUserFilter) to context static
2023-05-17 09:09:00,608 [Listener at 127.0.0.1/15004] INFO  http.BaseHttpServer (BaseHttpServer.java:<init>(190)) - HTTP server of hddsDatanode uses base directory /home/runner/work/ozone/ozone/hadoop-ozone/integration-test/target/test-dir/MiniOzoneClusterImpl-21d14123-a168-44a2-bc0a-ee93e32dcc9b/datanode-5/meta/webserver
2023-05-17 09:09:00,608 [Listener at 127.0.0.1/15004] INFO  http.HttpServer2 (HttpServer2.java:bindListener(1250)) - Jetty bound to port 15049
2023-05-17 09:09:00,609 [Listener at 127.0.0.1/15004] INFO  server.Server (Server.java:doStart(375)) - jetty-9.4.51.v20230217; built: 2023-02-17T08:19:37.309Z; git: b45c405e4544384de066f814ed42ae3dceacdd49; jvm 1.8.0_362-b09
2023-05-17 09:09:00,610 [Listener at 127.0.0.1/15004] INFO  server.session (DefaultSessionIdManager.java:doStart(334)) - DefaultSessionIdManager workerName=node0
2023-05-17 09:09:00,611 [Listener at 127.0.0.1/15004] INFO  server.session (DefaultSessionIdManager.java:doStart(339)) - No SessionScavenger set, using defaults
2023-05-17 09:09:00,611 [Listener at 127.0.0.1/15004] INFO  server.session (HouseKeeper.java:startScavenging(132)) - node0 Scavenging every 600000ms
2023-05-17 09:09:00,612 [Listener at 127.0.0.1/15004] INFO  handler.ContextHandler (ContextHandler.java:doStart(921)) - Started o.e.j.s.ServletContextHandler@579e065f{logs,/logs,file:///home/runner/work/ozone/ozone/hadoop-ozone/integration-test/target/log,AVAILABLE}
2023-05-17 09:09:00,612 [Listener at 127.0.0.1/15004] INFO  handler.ContextHandler (ContextHandler.java:doStart(921)) - Started o.e.j.s.ServletContextHandler@546bdc1a{static,/static,jar:file:/home/runner/.m2/repository/org/apache/ozone/hdds-container-service/1.4.0-SNAPSHOT/hdds-container-service-1.4.0-SNAPSHOT.jar!/webapps/static,AVAILABLE}
2023-05-17 09:09:00,809 [Listener at 127.0.0.1/15004] INFO  handler.ContextHandler (ContextHandler.java:doStart(921)) - Started o.e.j.w.WebAppContext@4560f8dc{hddsDatanode,/,file:///home/runner/work/ozone/ozone/hadoop-ozone/integration-test/target/test-dir/MiniOzoneClusterImpl-21d14123-a168-44a2-bc0a-ee93e32dcc9b/datanode-5/meta/webserver/jetty-0_0_0_0-15049-hdds-container-service-1_4_0-SNAPSHOT_jar-_-any-5831525323792050378/webapp/,AVAILABLE}{jar:file:/home/runner/.m2/repository/org/apache/ozone/hdds-container-service/1.4.0-SNAPSHOT/hdds-container-service-1.4.0-SNAPSHOT.jar!/webapps/hddsDatanode}
2023-05-17 09:09:00,811 [Listener at 127.0.0.1/15004] INFO  server.AbstractConnector (AbstractConnector.java:doStart(333)) - Started ServerConnector@96f0630{HTTP/1.1, (http/1.1)}{0.0.0.0:15049}
2023-05-17 09:09:00,812 [Listener at 127.0.0.1/15004] INFO  server.Server (Server.java:doStart(415)) - Started @11639ms
2023-05-17 09:09:00,813 [Listener at 127.0.0.1/15004] WARN  impl.MetricsSystemImpl (MetricsSystemImpl.java:register(279)) - Sink prometheus already exists!
2023-05-17 09:09:00,813 [Listener at 127.0.0.1/15004] INFO  http.BaseHttpServer (BaseHttpServer.java:updateConnectorAddress(344)) - HTTP server of hddsDatanode listening at http://0.0.0.0:15049
2023-05-17 09:09:00,814 [Datanode State Machine Daemon Thread] INFO  statemachine.DatanodeStateMachine (DatanodeStateMachine.java:lambda$startDaemon$0(524)) - Ozone container server started.
2023-05-17 09:09:00,823 [Listener at 127.0.0.1/15004] WARN  impl.MetricRegistriesImpl (MetricRegistriesImpl.java:addReporterRegistration(111)) - New reporters are added after registries were created. Some metrics will be missing from the reporter. Please add reporter before adding any new registry.
2023-05-17 09:09:00,824 [Listener at 127.0.0.1/15004] WARN  impl.MetricRegistriesImpl (MetricRegistriesImpl.java:addReporterRegistration(111)) - New reporters are added after registries were created. Some metrics will be missing from the reporter. Please add reporter before adding any new registry.
2023-05-17 09:09:00,824 [Listener at 127.0.0.1/15004] INFO  impl.MetricsSystemImpl (MetricsSystemImpl.java:init(158)) - HddsDatanode metrics system started (again)
2023-05-17 09:09:00,825 [org.apache.hadoop.util.JvmPauseMonitor$Monitor@47ae3625] INFO  util.JvmPauseMonitor (JvmPauseMonitor.java:run(188)) - Starting JVM pause monitor
2023-05-17 09:09:00,831 [Datanode State Machine Task Thread - 0] INFO  datanode.InitDatanodeState (InitDatanodeState.java:persistContainerDatanodeDetails(138)) - DatanodeDetails is persisted to /home/runner/work/ozone/ozone/hadoop-ozone/integration-test/target/test-dir/MiniOzoneClusterImpl-21d14123-a168-44a2-bc0a-ee93e32dcc9b/datanode-5/meta/datanode.id
2023-05-17 09:09:00,841 [Listener at 127.0.0.1/15004] INFO  ozone.HddsDatanodeService (HddsDatanodeService.java:start(252)) - HddsDatanodeService host:fv-az41-747.zje5jq5y5x4uznwvdkgxk4wc2h.cx.internal.cloudapp.net ip:10.1.0.64
2023-05-17 09:09:00,867 [Listener at 127.0.0.1/15004] INFO  upgrade.AbstractLayoutVersionManager (AbstractLayoutVersionManager.java:init(83)) - Initializing Layout version manager with metadata layout = WEBUI_PORTS_IN_DATANODEDETAILS (version = 6), software layout = WEBUI_PORTS_IN_DATANODEDETAILS (version = 6)
2023-05-17 09:09:00,868 [Listener at 127.0.0.1/15004] INFO  statemachine.DatanodeStateMachine (DatanodeStateMachine.java:getEndPointTaskThreadPoolSize(267)) - Datanode State Machine Task Thread Pool size 2
2023-05-17 09:09:00,870 [Listener at 127.0.0.1/15004] INFO  volume.HddsVolume (HddsVolume.java:<init>(130)) - Creating HddsVolume: /home/runner/work/ozone/ozone/hadoop-ozone/integration-test/target/test-dir/MiniOzoneClusterImpl-21d14123-a168-44a2-bc0a-ee93e32dcc9b/datanode-6/data-0/containers/hdds of storage type : DISK capacity : 9223372036854775807
2023-05-17 09:09:00,871 [Listener at 127.0.0.1/15004] INFO  volume.MutableVolumeSet (MutableVolumeSet.java:initializeVolumeSet(175)) - Added Volume : /home/runner/work/ozone/ozone/hadoop-ozone/integration-test/target/test-dir/MiniOzoneClusterImpl-21d14123-a168-44a2-bc0a-ee93e32dcc9b/datanode-6/data-0/containers/hdds to VolumeSet
2023-05-17 09:09:00,871 [Listener at 127.0.0.1/15004] INFO  volume.ThrottledAsyncChecker (ThrottledAsyncChecker.java:schedule(141)) - Scheduling a check for /home/runner/work/ozone/ozone/hadoop-ozone/integration-test/target/test-dir/MiniOzoneClusterImpl-21d14123-a168-44a2-bc0a-ee93e32dcc9b/datanode-6/data-0/containers/hdds
2023-05-17 09:09:00,871 [Listener at 127.0.0.1/15004] INFO  volume.StorageVolumeChecker (StorageVolumeChecker.java:checkAllVolumes(202)) - Scheduled health check for volume /home/runner/work/ozone/ozone/hadoop-ozone/integration-test/target/test-dir/MiniOzoneClusterImpl-21d14123-a168-44a2-bc0a-ee93e32dcc9b/datanode-6/data-0/containers/hdds
2023-05-17 09:09:00,883 [Listener at 127.0.0.1/15004] INFO  volume.MutableVolumeSet (MutableVolumeSet.java:initializeVolumeSet(175)) - Added Volume : /home/runner/work/ozone/ozone/hadoop-ozone/integration-test/target/test-dir/MiniOzoneClusterImpl-21d14123-a168-44a2-bc0a-ee93e32dcc9b/datanode-6/data/ratis to VolumeSet
2023-05-17 09:09:00,883 [Listener at 127.0.0.1/15004] INFO  volume.ThrottledAsyncChecker (ThrottledAsyncChecker.java:schedule(141)) - Scheduling a check for /home/runner/work/ozone/ozone/hadoop-ozone/integration-test/target/test-dir/MiniOzoneClusterImpl-21d14123-a168-44a2-bc0a-ee93e32dcc9b/datanode-6/data/ratis
2023-05-17 09:09:00,884 [Listener at 127.0.0.1/15004] INFO  volume.StorageVolumeChecker (StorageVolumeChecker.java:checkAllVolumes(202)) - Scheduled health check for volume /home/runner/work/ozone/ozone/hadoop-ozone/integration-test/target/test-dir/MiniOzoneClusterImpl-21d14123-a168-44a2-bc0a-ee93e32dcc9b/datanode-6/data/ratis
2023-05-17 09:09:00,895 [Thread-226] INFO  ozoneimpl.ContainerReader (ContainerReader.java:readVolume(175)) - Finish verifying containers on volume /home/runner/work/ozone/ozone/hadoop-ozone/integration-test/target/test-dir/MiniOzoneClusterImpl-21d14123-a168-44a2-bc0a-ee93e32dcc9b/datanode-6/data-0/containers/hdds
2023-05-17 09:09:00,895 [Listener at 127.0.0.1/15004] INFO  ozoneimpl.OzoneContainer (OzoneContainer.java:buildContainerSet(303)) - Build ContainerSet costs 0s
2023-05-17 09:09:00,899 [Listener at 127.0.0.1/15004] INFO  server.RaftServer (ConfUtils.java:logGet(46)) - raft.rpc.type = GRPC (default)
2023-05-17 09:09:00,899 [Listener at 127.0.0.1/15004] INFO  grpc.GrpcConfigKeys (ConfUtils.java:logFallback(53)) - raft.grpc.admin.host = null (fallback to raft.grpc.server.host)
2023-05-17 09:09:00,899 [Listener at 127.0.0.1/15004] INFO  grpc.GrpcConfigKeys (ConfUtils.java:logGet(46)) - raft.grpc.admin.port = 15060 (custom)
2023-05-17 09:09:00,899 [Listener at 127.0.0.1/15004] INFO  grpc.GrpcConfigKeys (ConfUtils.java:logFallback(53)) - raft.grpc.client.host = null (fallback to raft.grpc.server.host)
2023-05-17 09:09:00,900 [Listener at 127.0.0.1/15004] INFO  grpc.GrpcConfigKeys (ConfUtils.java:logGet(46)) - raft.grpc.client.port = 15059 (custom)
2023-05-17 09:09:00,900 [Listener at 127.0.0.1/15004] INFO  grpc.GrpcConfigKeys (ConfUtils.java:logGet(46)) - raft.grpc.server.host = null (default)
2023-05-17 09:09:00,900 [Listener at 127.0.0.1/15004] INFO  grpc.GrpcConfigKeys (ConfUtils.java:logGet(46)) - raft.grpc.server.port = 15061 (custom)
2023-05-17 09:09:00,900 [Listener at 127.0.0.1/15004] INFO  server.GrpcService (ConfUtils.java:logGet(46)) - raft.grpc.message.size.max = 32MB (=33554432) (custom)
2023-05-17 09:09:00,900 [Listener at 127.0.0.1/15004] INFO  server.RaftServerConfigKeys (ConfUtils.java:logGet(46)) - raft.server.log.appender.buffer.byte-limit = 33554432 (custom)
2023-05-17 09:09:00,900 [Listener at 127.0.0.1/15004] INFO  server.GrpcService (ConfUtils.java:logGet(46)) - raft.grpc.flow.control.window = 5MB (=5242880) (custom)
2023-05-17 09:09:00,900 [Listener at 127.0.0.1/15004] INFO  server.RaftServerConfigKeys (ConfUtils.java:logGet(46)) - raft.server.rpc.request.timeout = 60s (custom)
2023-05-17 09:09:00,900 [Listener at 127.0.0.1/15004] INFO  grpc.GrpcConfigKeys (ConfUtils.java:logGet(46)) - raft.grpc.server.heartbeat.channel = true (default)
2023-05-17 09:09:00,901 [Listener at 127.0.0.1/15004] INFO  grpc.GrpcConfigKeys (ConfUtils.java:logGet(46)) - raft.grpc.server.async.request.thread.pool.cached = true (default)
2023-05-17 09:09:00,901 [Listener at 127.0.0.1/15004] INFO  grpc.GrpcConfigKeys (ConfUtils.java:logGet(46)) - raft.grpc.server.async.request.thread.pool.size = 32 (default)
2023-05-17 09:09:00,903 [Listener at 127.0.0.1/15004] INFO  impl.DataStreamServerImpl (ConfUtils.java:logGet(46)) - raft.datastream.type = NETTY (custom)
2023-05-17 09:09:00,904 [Listener at 127.0.0.1/15004] INFO  server.RaftServerConfigKeys (ConfUtils.java:logGet(46)) - raft.server.data-stream.async.request.thread.pool.cached = false (default)
2023-05-17 09:09:00,904 [Listener at 127.0.0.1/15004] INFO  server.RaftServerConfigKeys (ConfUtils.java:logGet(46)) - raft.server.data-stream.async.request.thread.pool.size = 20 (custom)
2023-05-17 09:09:00,904 [Listener at 127.0.0.1/15004] INFO  server.RaftServerConfigKeys (ConfUtils.java:logGet(46)) - raft.server.data-stream.async.write.thread.pool.size = 16 (default)
2023-05-17 09:09:00,904 [Listener at 127.0.0.1/15004] INFO  server.RaftServerConfigKeys (ConfUtils.java:logGet(46)) - raft.server.data-stream.client.pool.size = 10 (default)
2023-05-17 09:09:00,904 [Listener at 127.0.0.1/15004] INFO  netty.NettyConfigKeys$DataStream (ConfUtils.java:logGet(46)) - raft.netty.dataStream.server.use-epoll = false (default)
2023-05-17 09:09:00,904 [Listener at 127.0.0.1/15004] INFO  netty.NettyConfigKeys$DataStream (ConfUtils.java:logGet(46)) - raft.netty.dataStream.server.boss-group.size = 0 (default)
2023-05-17 09:09:00,905 [Listener at 127.0.0.1/15004] INFO  netty.NettyConfigKeys$DataStream (ConfUtils.java:logGet(46)) - raft.netty.dataStream.server.worker-group.size = 0 (default)
2023-05-17 09:09:00,905 [Listener at 127.0.0.1/15004] INFO  netty.NettyConfigKeys$DataStream (ConfUtils.java:logGet(46)) - raft.netty.dataStream.server.tls.conf = null (default)
2023-05-17 09:09:00,906 [Listener at 127.0.0.1/15004] INFO  netty.NettyConfigKeys$DataStream (ConfUtils.java:logGet(46)) - raft.netty.dataStream.host = null (default)
2023-05-17 09:09:00,906 [Listener at 127.0.0.1/15004] INFO  netty.NettyConfigKeys$DataStream (ConfUtils.java:logGet(46)) - raft.netty.dataStream.port = 15062 (custom)
2023-05-17 09:09:00,906 [Listener at 127.0.0.1/15004] INFO  server.RaftServerConfigKeys (ConfUtils.java:logGet(46)) - raft.server.threadpool.proxy.cached = true (default)
2023-05-17 09:09:00,910 [Listener at 127.0.0.1/15004] INFO  server.RaftServerConfigKeys (ConfUtils.java:logGet(46)) - raft.server.threadpool.proxy.size = 0 (default)
2023-05-17 09:09:00,911 [Listener at 127.0.0.1/15004] INFO  server.RaftServerConfigKeys (ConfUtils.java:logGet(46)) - raft.server.rpc.slowness.timeout = 300s (custom)
2023-05-17 09:09:00,911 [bcbacd9a-ca93-42dd-bb1e-f9c21d91cd60-NettyServerStreamRpc-bossGroup--thread1] INFO  logging.LoggingHandler (AbstractInternalLogger.java:log(148)) - [id: 0x73959952] REGISTERED
2023-05-17 09:09:00,911 [Listener at 127.0.0.1/15004] INFO  server.RaftServerConfigKeys (ConfUtils.java:logGet(46)) - raft.server.leaderelection.leader.step-down.wait-time = 10s (default)
2023-05-17 09:09:00,911 [Listener at 127.0.0.1/15004] INFO  server.RaftServerConfigKeys (ConfUtils.java:logGet(46)) - raft.server.storage.dir = [/home/runner/work/ozone/ozone/hadoop-ozone/integration-test/target/test-dir/MiniOzoneClusterImpl-21d14123-a168-44a2-bc0a-ee93e32dcc9b/datanode-6/data/ratis] (custom)
2023-05-17 09:09:00,912 [bcbacd9a-ca93-42dd-bb1e-f9c21d91cd60-NettyServerStreamRpc-bossGroup--thread1] INFO  logging.LoggingHandler (AbstractInternalLogger.java:log(148)) - [id: 0x73959952] BIND: 0.0.0.0/0.0.0.0:15062
2023-05-17 09:09:00,912 [bcbacd9a-ca93-42dd-bb1e-f9c21d91cd60-NettyServerStreamRpc-bossGroup--thread1] INFO  logging.LoggingHandler (AbstractInternalLogger.java:log(148)) - [id: 0x73959952, L:/0:0:0:0:0:0:0:0:15062] ACTIVE
2023-05-17 09:09:00,913 [Listener at 127.0.0.1/15004] INFO  server.XceiverServerGrpc (XceiverServerGrpc.java:<init>(132)) - GrpcServer channel type EpollServerSocketChannel
2023-05-17 09:09:00,915 [Listener at 127.0.0.1/15004] INFO  replication.ReplicationSupervisor (ReplicationSupervisor.java:nodeStateUpdated(296)) - Node state updated to IN_SERVICE, scaling executor pool size to 10
2023-05-17 09:09:00,915 [Listener at 127.0.0.1/15004] INFO  token.OzoneBlockTokenSecretManager (OzoneSecretManager.java:updateCurrentKey(175)) - Updating current master key for generating tokens. Cert id 1007308062680
2023-05-17 09:09:00,921 [Listener at 127.0.0.1/15004] INFO  http.BaseHttpServer (BaseHttpServer.java:newHttpServer2BuilderForOzone(224)) - Starting Web-server for hddsDatanode at: http://0.0.0.0:15057
2023-05-17 09:09:00,921 [Listener at 127.0.0.1/15004] INFO  http.BaseHttpServer (BaseHttpServer.java:<init>(111)) - Hadoop Security Enabled: false Ozone Security Enabled: false Ozone HTTP Security Enabled: false 
2023-05-17 09:09:00,923 [Listener at 127.0.0.1/15004] WARN  server.AuthenticationFilter (AuthenticationFilter.java:constructSecretProvider(240)) - Unable to initialize FileSignerSecretProvider, falling back to use random secrets. Reason: Could not read signature secret file: /home/runner/hadoop-http-auth-signature-secret
2023-05-17 09:09:00,924 [Listener at 127.0.0.1/15004] INFO  http.HttpRequestLog (HttpRequestLog.java:getRequestLog(86)) - Http request log for http.requests.hddsDatanode is not defined
2023-05-17 09:09:00,925 [Listener at 127.0.0.1/15004] INFO  http.HttpServer2 (HttpServer2.java:addGlobalFilter(1031)) - Added global filter 'safety' (class=org.apache.hadoop.hdds.server.http.HttpServer2$QuotingInputFilter)
2023-05-17 09:09:00,926 [Listener at 127.0.0.1/15004] INFO  http.HttpServer2 (HttpServer2.java:addFilter(1007)) - Added filter static_user_filter (class=org.apache.hadoop.http.lib.StaticUserWebFilter$StaticUserFilter) to context hddsDatanode
2023-05-17 09:09:00,926 [Listener at 127.0.0.1/15004] INFO  http.HttpServer2 (HttpServer2.java:addFilter(1015)) - Added filter static_user_filter (class=org.apache.hadoop.http.lib.StaticUserWebFilter$StaticUserFilter) to context static
2023-05-17 09:09:00,926 [Listener at 127.0.0.1/15004] INFO  http.HttpServer2 (HttpServer2.java:addFilter(1015)) - Added filter static_user_filter (class=org.apache.hadoop.http.lib.StaticUserWebFilter$StaticUserFilter) to context logs
2023-05-17 09:09:00,927 [Listener at 127.0.0.1/15004] INFO  http.BaseHttpServer (BaseHttpServer.java:<init>(190)) - HTTP server of hddsDatanode uses base directory /home/runner/work/ozone/ozone/hadoop-ozone/integration-test/target/test-dir/MiniOzoneClusterImpl-21d14123-a168-44a2-bc0a-ee93e32dcc9b/datanode-6/meta/webserver
2023-05-17 09:09:00,929 [Listener at 127.0.0.1/15004] INFO  http.HttpServer2 (HttpServer2.java:bindListener(1250)) - Jetty bound to port 15057
2023-05-17 09:09:00,929 [Listener at 127.0.0.1/15004] INFO  server.Server (Server.java:doStart(375)) - jetty-9.4.51.v20230217; built: 2023-02-17T08:19:37.309Z; git: b45c405e4544384de066f814ed42ae3dceacdd49; jvm 1.8.0_362-b09
2023-05-17 09:09:00,930 [Listener at 127.0.0.1/15004] INFO  server.session (DefaultSessionIdManager.java:doStart(334)) - DefaultSessionIdManager workerName=node0
2023-05-17 09:09:00,931 [Listener at 127.0.0.1/15004] INFO  server.session (DefaultSessionIdManager.java:doStart(339)) - No SessionScavenger set, using defaults
2023-05-17 09:09:00,931 [Listener at 127.0.0.1/15004] INFO  server.session (HouseKeeper.java:startScavenging(132)) - node0 Scavenging every 600000ms
2023-05-17 09:09:00,932 [Listener at 127.0.0.1/15004] INFO  handler.ContextHandler (ContextHandler.java:doStart(921)) - Started o.e.j.s.ServletContextHandler@3b1bdab9{logs,/logs,file:///home/runner/work/ozone/ozone/hadoop-ozone/integration-test/target/log,AVAILABLE}
2023-05-17 09:09:00,932 [Listener at 127.0.0.1/15004] INFO  handler.ContextHandler (ContextHandler.java:doStart(921)) - Started o.e.j.s.ServletContextHandler@14b26bc2{static,/static,jar:file:/home/runner/.m2/repository/org/apache/ozone/hdds-container-service/1.4.0-SNAPSHOT/hdds-container-service-1.4.0-SNAPSHOT.jar!/webapps/static,AVAILABLE}
2023-05-17 09:09:01,127 [Listener at 127.0.0.1/15004] INFO  handler.ContextHandler (ContextHandler.java:doStart(921)) - Started o.e.j.w.WebAppContext@5a69d594{hddsDatanode,/,file:///home/runner/work/ozone/ozone/hadoop-ozone/integration-test/target/test-dir/MiniOzoneClusterImpl-21d14123-a168-44a2-bc0a-ee93e32dcc9b/datanode-6/meta/webserver/jetty-0_0_0_0-15057-hdds-container-service-1_4_0-SNAPSHOT_jar-_-any-8781888238084515083/webapp/,AVAILABLE}{jar:file:/home/runner/.m2/repository/org/apache/ozone/hdds-container-service/1.4.0-SNAPSHOT/hdds-container-service-1.4.0-SNAPSHOT.jar!/webapps/hddsDatanode}
2023-05-17 09:09:01,137 [Listener at 127.0.0.1/15004] INFO  server.AbstractConnector (AbstractConnector.java:doStart(333)) - Started ServerConnector@2d2bb545{HTTP/1.1, (http/1.1)}{0.0.0.0:15057}
2023-05-17 09:09:01,137 [Listener at 127.0.0.1/15004] INFO  server.Server (Server.java:doStart(415)) - Started @11964ms
2023-05-17 09:09:01,138 [Listener at 127.0.0.1/15004] WARN  impl.MetricsSystemImpl (MetricsSystemImpl.java:register(279)) - Sink prometheus already exists!
2023-05-17 09:09:01,138 [Listener at 127.0.0.1/15004] INFO  http.BaseHttpServer (BaseHttpServer.java:updateConnectorAddress(344)) - HTTP server of hddsDatanode listening at http://0.0.0.0:15057
2023-05-17 09:09:01,145 [Listener at 127.0.0.1/15004] WARN  impl.MetricRegistriesImpl (MetricRegistriesImpl.java:addReporterRegistration(111)) - New reporters are added after registries were created. Some metrics will be missing from the reporter. Please add reporter before adding any new registry.
2023-05-17 09:09:01,145 [Listener at 127.0.0.1/15004] WARN  impl.MetricRegistriesImpl (MetricRegistriesImpl.java:addReporterRegistration(111)) - New reporters are added after registries were created. Some metrics will be missing from the reporter. Please add reporter before adding any new registry.
2023-05-17 09:09:01,146 [Listener at 127.0.0.1/15004] INFO  impl.MetricsSystemImpl (MetricsSystemImpl.java:init(158)) - HddsDatanode metrics system started (again)
2023-05-17 09:09:01,156 [Listener at 127.0.0.1/15004] INFO  ozone.HddsDatanodeService (HddsDatanodeService.java:start(252)) - HddsDatanodeService host:fv-az41-747.zje5jq5y5x4uznwvdkgxk4wc2h.cx.internal.cloudapp.net ip:10.1.0.64
2023-05-17 09:09:01,157 [Datanode State Machine Daemon Thread] INFO  statemachine.DatanodeStateMachine (DatanodeStateMachine.java:lambda$startDaemon$0(524)) - Ozone container server started.
2023-05-17 09:09:01,201 [org.apache.hadoop.util.JvmPauseMonitor$Monitor@738b0746] INFO  util.JvmPauseMonitor (JvmPauseMonitor.java:run(188)) - Starting JVM pause monitor
2023-05-17 09:09:01,205 [Listener at 127.0.0.1/15004] INFO  upgrade.AbstractLayoutVersionManager (AbstractLayoutVersionManager.java:init(83)) - Initializing Layout version manager with metadata layout = WEBUI_PORTS_IN_DATANODEDETAILS (version = 6), software layout = WEBUI_PORTS_IN_DATANODEDETAILS (version = 6)
2023-05-17 09:09:01,210 [Listener at 127.0.0.1/15004] INFO  statemachine.DatanodeStateMachine (DatanodeStateMachine.java:getEndPointTaskThreadPoolSize(267)) - Datanode State Machine Task Thread Pool size 2
2023-05-17 09:09:01,214 [Listener at 127.0.0.1/15004] INFO  volume.HddsVolume (HddsVolume.java:<init>(130)) - Creating HddsVolume: /home/runner/work/ozone/ozone/hadoop-ozone/integration-test/target/test-dir/MiniOzoneClusterImpl-21d14123-a168-44a2-bc0a-ee93e32dcc9b/datanode-7/data-0/containers/hdds of storage type : DISK capacity : 9223372036854775807
2023-05-17 09:09:01,214 [Listener at 127.0.0.1/15004] INFO  volume.MutableVolumeSet (MutableVolumeSet.java:initializeVolumeSet(175)) - Added Volume : /home/runner/work/ozone/ozone/hadoop-ozone/integration-test/target/test-dir/MiniOzoneClusterImpl-21d14123-a168-44a2-bc0a-ee93e32dcc9b/datanode-7/data-0/containers/hdds to VolumeSet
2023-05-17 09:09:01,215 [Listener at 127.0.0.1/15004] INFO  volume.ThrottledAsyncChecker (ThrottledAsyncChecker.java:schedule(141)) - Scheduling a check for /home/runner/work/ozone/ozone/hadoop-ozone/integration-test/target/test-dir/MiniOzoneClusterImpl-21d14123-a168-44a2-bc0a-ee93e32dcc9b/datanode-7/data-0/containers/hdds
2023-05-17 09:09:01,215 [Listener at 127.0.0.1/15004] INFO  volume.StorageVolumeChecker (StorageVolumeChecker.java:checkAllVolumes(202)) - Scheduled health check for volume /home/runner/work/ozone/ozone/hadoop-ozone/integration-test/target/test-dir/MiniOzoneClusterImpl-21d14123-a168-44a2-bc0a-ee93e32dcc9b/datanode-7/data-0/containers/hdds
2023-05-17 09:09:01,234 [Datanode State Machine Task Thread - 0] INFO  datanode.InitDatanodeState (InitDatanodeState.java:persistContainerDatanodeDetails(138)) - DatanodeDetails is persisted to /home/runner/work/ozone/ozone/hadoop-ozone/integration-test/target/test-dir/MiniOzoneClusterImpl-21d14123-a168-44a2-bc0a-ee93e32dcc9b/datanode-6/meta/datanode.id
2023-05-17 09:09:01,258 [Listener at 127.0.0.1/15004] INFO  volume.MutableVolumeSet (MutableVolumeSet.java:initializeVolumeSet(175)) - Added Volume : /home/runner/work/ozone/ozone/hadoop-ozone/integration-test/target/test-dir/MiniOzoneClusterImpl-21d14123-a168-44a2-bc0a-ee93e32dcc9b/datanode-7/data/ratis to VolumeSet
2023-05-17 09:09:01,259 [Listener at 127.0.0.1/15004] INFO  volume.ThrottledAsyncChecker (ThrottledAsyncChecker.java:schedule(141)) - Scheduling a check for /home/runner/work/ozone/ozone/hadoop-ozone/integration-test/target/test-dir/MiniOzoneClusterImpl-21d14123-a168-44a2-bc0a-ee93e32dcc9b/datanode-7/data/ratis
2023-05-17 09:09:01,259 [Listener at 127.0.0.1/15004] INFO  volume.StorageVolumeChecker (StorageVolumeChecker.java:checkAllVolumes(202)) - Scheduled health check for volume /home/runner/work/ozone/ozone/hadoop-ozone/integration-test/target/test-dir/MiniOzoneClusterImpl-21d14123-a168-44a2-bc0a-ee93e32dcc9b/datanode-7/data/ratis
2023-05-17 09:09:01,274 [Thread-241] INFO  ozoneimpl.ContainerReader (ContainerReader.java:readVolume(175)) - Finish verifying containers on volume /home/runner/work/ozone/ozone/hadoop-ozone/integration-test/target/test-dir/MiniOzoneClusterImpl-21d14123-a168-44a2-bc0a-ee93e32dcc9b/datanode-7/data-0/containers/hdds
2023-05-17 09:09:01,275 [Listener at 127.0.0.1/15004] INFO  ozoneimpl.OzoneContainer (OzoneContainer.java:buildContainerSet(303)) - Build ContainerSet costs 0s
2023-05-17 09:09:01,277 [Listener at 127.0.0.1/15004] INFO  server.RaftServer (ConfUtils.java:logGet(46)) - raft.rpc.type = GRPC (default)
2023-05-17 09:09:01,278 [Listener at 127.0.0.1/15004] INFO  grpc.GrpcConfigKeys (ConfUtils.java:logFallback(53)) - raft.grpc.admin.host = null (fallback to raft.grpc.server.host)
2023-05-17 09:09:01,278 [Listener at 127.0.0.1/15004] INFO  grpc.GrpcConfigKeys (ConfUtils.java:logGet(46)) - raft.grpc.admin.port = 15068 (custom)
2023-05-17 09:09:01,278 [Listener at 127.0.0.1/15004] INFO  grpc.GrpcConfigKeys (ConfUtils.java:logFallback(53)) - raft.grpc.client.host = null (fallback to raft.grpc.server.host)
2023-05-17 09:09:01,278 [Listener at 127.0.0.1/15004] INFO  grpc.GrpcConfigKeys (ConfUtils.java:logGet(46)) - raft.grpc.client.port = 15067 (custom)
2023-05-17 09:09:01,278 [Listener at 127.0.0.1/15004] INFO  grpc.GrpcConfigKeys (ConfUtils.java:logGet(46)) - raft.grpc.server.host = null (default)
2023-05-17 09:09:01,278 [Listener at 127.0.0.1/15004] INFO  grpc.GrpcConfigKeys (ConfUtils.java:logGet(46)) - raft.grpc.server.port = 15069 (custom)
2023-05-17 09:09:01,278 [Listener at 127.0.0.1/15004] INFO  server.GrpcService (ConfUtils.java:logGet(46)) - raft.grpc.message.size.max = 32MB (=33554432) (custom)
2023-05-17 09:09:01,279 [Listener at 127.0.0.1/15004] INFO  server.RaftServerConfigKeys (ConfUtils.java:logGet(46)) - raft.server.log.appender.buffer.byte-limit = 33554432 (custom)
2023-05-17 09:09:01,279 [Listener at 127.0.0.1/15004] INFO  server.GrpcService (ConfUtils.java:logGet(46)) - raft.grpc.flow.control.window = 5MB (=5242880) (custom)
2023-05-17 09:09:01,279 [Listener at 127.0.0.1/15004] INFO  server.RaftServerConfigKeys (ConfUtils.java:logGet(46)) - raft.server.rpc.request.timeout = 60s (custom)
2023-05-17 09:09:01,279 [Listener at 127.0.0.1/15004] INFO  grpc.GrpcConfigKeys (ConfUtils.java:logGet(46)) - raft.grpc.server.heartbeat.channel = true (default)
2023-05-17 09:09:01,279 [Listener at 127.0.0.1/15004] INFO  grpc.GrpcConfigKeys (ConfUtils.java:logGet(46)) - raft.grpc.server.async.request.thread.pool.cached = true (default)
2023-05-17 09:09:01,279 [Listener at 127.0.0.1/15004] INFO  grpc.GrpcConfigKeys (ConfUtils.java:logGet(46)) - raft.grpc.server.async.request.thread.pool.size = 32 (default)
2023-05-17 09:09:01,292 [Listener at 127.0.0.1/15004] INFO  impl.DataStreamServerImpl (ConfUtils.java:logGet(46)) - raft.datastream.type = NETTY (custom)
2023-05-17 09:09:01,293 [Listener at 127.0.0.1/15004] INFO  server.RaftServerConfigKeys (ConfUtils.java:logGet(46)) - raft.server.data-stream.async.request.thread.pool.cached = false (default)
2023-05-17 09:09:01,293 [Listener at 127.0.0.1/15004] INFO  server.RaftServerConfigKeys (ConfUtils.java:logGet(46)) - raft.server.data-stream.async.request.thread.pool.size = 20 (custom)
2023-05-17 09:09:01,293 [Listener at 127.0.0.1/15004] INFO  server.RaftServerConfigKeys (ConfUtils.java:logGet(46)) - raft.server.data-stream.async.write.thread.pool.size = 16 (default)
2023-05-17 09:09:01,293 [Listener at 127.0.0.1/15004] INFO  server.RaftServerConfigKeys (ConfUtils.java:logGet(46)) - raft.server.data-stream.client.pool.size = 10 (default)
2023-05-17 09:09:01,294 [Listener at 127.0.0.1/15004] INFO  netty.NettyConfigKeys$DataStream (ConfUtils.java:logGet(46)) - raft.netty.dataStream.server.use-epoll = false (default)
2023-05-17 09:09:01,294 [Listener at 127.0.0.1/15004] INFO  netty.NettyConfigKeys$DataStream (ConfUtils.java:logGet(46)) - raft.netty.dataStream.server.boss-group.size = 0 (default)
2023-05-17 09:09:01,294 [Listener at 127.0.0.1/15004] INFO  netty.NettyConfigKeys$DataStream (ConfUtils.java:logGet(46)) - raft.netty.dataStream.server.worker-group.size = 0 (default)
2023-05-17 09:09:01,294 [Listener at 127.0.0.1/15004] INFO  netty.NettyConfigKeys$DataStream (ConfUtils.java:logGet(46)) - raft.netty.dataStream.server.tls.conf = null (default)
2023-05-17 09:09:01,295 [Listener at 127.0.0.1/15004] INFO  netty.NettyConfigKeys$DataStream (ConfUtils.java:logGet(46)) - raft.netty.dataStream.host = null (default)
2023-05-17 09:09:01,295 [Listener at 127.0.0.1/15004] INFO  netty.NettyConfigKeys$DataStream (ConfUtils.java:logGet(46)) - raft.netty.dataStream.port = 15070 (custom)
2023-05-17 09:09:01,295 [Listener at 127.0.0.1/15004] INFO  server.RaftServerConfigKeys (ConfUtils.java:logGet(46)) - raft.server.threadpool.proxy.cached = true (default)
2023-05-17 09:09:01,295 [Listener at 127.0.0.1/15004] INFO  server.RaftServerConfigKeys (ConfUtils.java:logGet(46)) - raft.server.threadpool.proxy.size = 0 (default)
2023-05-17 09:09:01,296 [Listener at 127.0.0.1/15004] INFO  server.RaftServerConfigKeys (ConfUtils.java:logGet(46)) - raft.server.rpc.slowness.timeout = 300s (custom)
2023-05-17 09:09:01,296 [Listener at 127.0.0.1/15004] INFO  server.RaftServerConfigKeys (ConfUtils.java:logGet(46)) - raft.server.leaderelection.leader.step-down.wait-time = 10s (default)
2023-05-17 09:09:01,296 [Listener at 127.0.0.1/15004] INFO  server.RaftServerConfigKeys (ConfUtils.java:logGet(46)) - raft.server.storage.dir = [/home/runner/work/ozone/ozone/hadoop-ozone/integration-test/target/test-dir/MiniOzoneClusterImpl-21d14123-a168-44a2-bc0a-ee93e32dcc9b/datanode-7/data/ratis] (custom)
2023-05-17 09:09:01,305 [Listener at 127.0.0.1/15004] INFO  server.XceiverServerGrpc (XceiverServerGrpc.java:<init>(132)) - GrpcServer channel type EpollServerSocketChannel
2023-05-17 09:09:01,308 [Listener at 127.0.0.1/15004] INFO  replication.ReplicationSupervisor (ReplicationSupervisor.java:nodeStateUpdated(296)) - Node state updated to IN_SERVICE, scaling executor pool size to 10
2023-05-17 09:09:01,309 [Listener at 127.0.0.1/15004] INFO  token.OzoneBlockTokenSecretManager (OzoneSecretManager.java:updateCurrentKey(175)) - Updating current master key for generating tokens. Cert id 1007308062680
2023-05-17 09:09:01,314 [5b9af961-56be-4fa8-844e-3cefe1429416-NettyServerStreamRpc-bossGroup--thread1] INFO  logging.LoggingHandler (AbstractInternalLogger.java:log(148)) - [id: 0xe4a72c89] REGISTERED
2023-05-17 09:09:01,314 [5b9af961-56be-4fa8-844e-3cefe1429416-NettyServerStreamRpc-bossGroup--thread1] INFO  logging.LoggingHandler (AbstractInternalLogger.java:log(148)) - [id: 0xe4a72c89] BIND: 0.0.0.0/0.0.0.0:15070
2023-05-17 09:09:01,314 [5b9af961-56be-4fa8-844e-3cefe1429416-NettyServerStreamRpc-bossGroup--thread1] INFO  logging.LoggingHandler (AbstractInternalLogger.java:log(148)) - [id: 0xe4a72c89, L:/0:0:0:0:0:0:0:0:15070] ACTIVE
2023-05-17 09:09:01,315 [Listener at 127.0.0.1/15004] INFO  http.BaseHttpServer (BaseHttpServer.java:newHttpServer2BuilderForOzone(224)) - Starting Web-server for hddsDatanode at: http://0.0.0.0:15065
2023-05-17 09:09:01,315 [Listener at 127.0.0.1/15004] INFO  http.BaseHttpServer (BaseHttpServer.java:<init>(111)) - Hadoop Security Enabled: false Ozone Security Enabled: false Ozone HTTP Security Enabled: false 
2023-05-17 09:09:01,317 [Listener at 127.0.0.1/15004] WARN  server.AuthenticationFilter (AuthenticationFilter.java:constructSecretProvider(240)) - Unable to initialize FileSignerSecretProvider, falling back to use random secrets. Reason: Could not read signature secret file: /home/runner/hadoop-http-auth-signature-secret
2023-05-17 09:09:01,317 [Listener at 127.0.0.1/15004] INFO  http.HttpRequestLog (HttpRequestLog.java:getRequestLog(86)) - Http request log for http.requests.hddsDatanode is not defined
2023-05-17 09:09:01,319 [Listener at 127.0.0.1/15004] INFO  http.HttpServer2 (HttpServer2.java:addGlobalFilter(1031)) - Added global filter 'safety' (class=org.apache.hadoop.hdds.server.http.HttpServer2$QuotingInputFilter)
2023-05-17 09:09:01,320 [Listener at 127.0.0.1/15004] INFO  http.HttpServer2 (HttpServer2.java:addFilter(1007)) - Added filter static_user_filter (class=org.apache.hadoop.http.lib.StaticUserWebFilter$StaticUserFilter) to context hddsDatanode
2023-05-17 09:09:01,320 [Listener at 127.0.0.1/15004] INFO  http.HttpServer2 (HttpServer2.java:addFilter(1015)) - Added filter static_user_filter (class=org.apache.hadoop.http.lib.StaticUserWebFilter$StaticUserFilter) to context logs
2023-05-17 09:09:01,320 [Listener at 127.0.0.1/15004] INFO  http.HttpServer2 (HttpServer2.java:addFilter(1015)) - Added filter static_user_filter (class=org.apache.hadoop.http.lib.StaticUserWebFilter$StaticUserFilter) to context static
2023-05-17 09:09:01,321 [Listener at 127.0.0.1/15004] INFO  http.BaseHttpServer (BaseHttpServer.java:<init>(190)) - HTTP server of hddsDatanode uses base directory /home/runner/work/ozone/ozone/hadoop-ozone/integration-test/target/test-dir/MiniOzoneClusterImpl-21d14123-a168-44a2-bc0a-ee93e32dcc9b/datanode-7/meta/webserver
2023-05-17 09:09:01,321 [Listener at 127.0.0.1/15004] INFO  http.HttpServer2 (HttpServer2.java:bindListener(1250)) - Jetty bound to port 15065
2023-05-17 09:09:01,321 [Listener at 127.0.0.1/15004] INFO  server.Server (Server.java:doStart(375)) - jetty-9.4.51.v20230217; built: 2023-02-17T08:19:37.309Z; git: b45c405e4544384de066f814ed42ae3dceacdd49; jvm 1.8.0_362-b09
2023-05-17 09:09:01,345 [Listener at 127.0.0.1/15004] INFO  server.session (DefaultSessionIdManager.java:doStart(334)) - DefaultSessionIdManager workerName=node0
2023-05-17 09:09:01,346 [Listener at 127.0.0.1/15004] INFO  server.session (DefaultSessionIdManager.java:doStart(339)) - No SessionScavenger set, using defaults
2023-05-17 09:09:01,346 [Listener at 127.0.0.1/15004] INFO  server.session (HouseKeeper.java:startScavenging(132)) - node0 Scavenging every 660000ms
2023-05-17 09:09:01,347 [Listener at 127.0.0.1/15004] INFO  handler.ContextHandler (ContextHandler.java:doStart(921)) - Started o.e.j.s.ServletContextHandler@768c521{logs,/logs,file:///home/runner/work/ozone/ozone/hadoop-ozone/integration-test/target/log,AVAILABLE}
2023-05-17 09:09:01,347 [Listener at 127.0.0.1/15004] INFO  handler.ContextHandler (ContextHandler.java:doStart(921)) - Started o.e.j.s.ServletContextHandler@45f668da{static,/static,jar:file:/home/runner/.m2/repository/org/apache/ozone/hdds-container-service/1.4.0-SNAPSHOT/hdds-container-service-1.4.0-SNAPSHOT.jar!/webapps/static,AVAILABLE}
2023-05-17 09:09:01,562 [EndpointStateMachine task thread for /0.0.0.0:15002 - 0 ] INFO  utils.DatanodeStoreCache (DatanodeStoreCache.java:addDB(66)) - Added db /home/runner/work/ozone/ozone/hadoop-ozone/integration-test/target/test-dir/MiniOzoneClusterImpl-21d14123-a168-44a2-bc0a-ee93e32dcc9b/datanode-1/data-0/containers/hdds/21d14123-a168-44a2-bc0a-ee93e32dcc9b/DS-75573b26-bbc5-41aa-b498-c98da6c079d0/container.db to cache
2023-05-17 09:09:01,562 [EndpointStateMachine task thread for /0.0.0.0:15002 - 0 ] INFO  volume.HddsVolume (HddsVolume.java:createDbStore(350)) - SchemaV3 db is created and loaded at /home/runner/work/ozone/ozone/hadoop-ozone/integration-test/target/test-dir/MiniOzoneClusterImpl-21d14123-a168-44a2-bc0a-ee93e32dcc9b/datanode-1/data-0/containers/hdds/21d14123-a168-44a2-bc0a-ee93e32dcc9b/DS-75573b26-bbc5-41aa-b498-c98da6c079d0/container.db for volume DS-75573b26-bbc5-41aa-b498-c98da6c079d0
2023-05-17 09:09:01,565 [EndpointStateMachine task thread for /0.0.0.0:15002 - 0 ] INFO  utils.DatanodeStoreCache (DatanodeStoreCache.java:addDB(66)) - Added db /home/runner/work/ozone/ozone/hadoop-ozone/integration-test/target/test-dir/MiniOzoneClusterImpl-21d14123-a168-44a2-bc0a-ee93e32dcc9b/datanode-0/data-0/containers/hdds/21d14123-a168-44a2-bc0a-ee93e32dcc9b/DS-7615df3b-fd03-44b6-9081-52c05dff015c/container.db to cache
2023-05-17 09:09:01,565 [EndpointStateMachine task thread for /0.0.0.0:15002 - 0 ] INFO  volume.HddsVolume (HddsVolume.java:createDbStore(350)) - SchemaV3 db is created and loaded at /home/runner/work/ozone/ozone/hadoop-ozone/integration-test/target/test-dir/MiniOzoneClusterImpl-21d14123-a168-44a2-bc0a-ee93e32dcc9b/datanode-0/data-0/containers/hdds/21d14123-a168-44a2-bc0a-ee93e32dcc9b/DS-7615df3b-fd03-44b6-9081-52c05dff015c/container.db for volume DS-7615df3b-fd03-44b6-9081-52c05dff015c
2023-05-17 09:09:01,567 [EndpointStateMachine task thread for /0.0.0.0:15002 - 0 ] INFO  ozoneimpl.OzoneContainer (OzoneContainer.java:start(397)) - Attempting to start container services.
2023-05-17 09:09:01,567 [EndpointStateMachine task thread for /0.0.0.0:15002 - 0 ] INFO  ozoneimpl.OzoneContainer (OzoneContainer.java:start(397)) - Attempting to start container services.
2023-05-17 09:09:01,570 [EndpointStateMachine task thread for /0.0.0.0:15002 - 0 ] INFO  ozoneimpl.OzoneContainer (OzoneContainer.java:startContainerScrub(314)) - Scheduled background container scanners and the on-demand container scanner have been disabled.
2023-05-17 09:09:01,574 [EndpointStateMachine task thread for /0.0.0.0:15002 - 0 ] INFO  ozoneimpl.OzoneContainer (OzoneContainer.java:startContainerScrub(314)) - Scheduled background container scanners and the on-demand container scanner have been disabled.
2023-05-17 09:09:01,581 [EndpointStateMachine task thread for /0.0.0.0:15002 - 0 ] INFO  replication.ReplicationServer (ReplicationServer.java:start(128)) - ReplicationServer is started using port 15023
2023-05-17 09:09:01,582 [EndpointStateMachine task thread for /0.0.0.0:15002 - 0 ] INFO  ratis.XceiverServerRatis (XceiverServerRatis.java:start(517)) - Starting XceiverServerRatis b2525f4f-bdf5-4dd0-b826-cbccdc8ecebe
2023-05-17 09:09:01,582 [EndpointStateMachine task thread for /0.0.0.0:15002 - 0 ] INFO  replication.ReplicationServer (ReplicationServer.java:start(128)) - ReplicationServer is started using port 15015
2023-05-17 09:09:01,590 [EndpointStateMachine task thread for /0.0.0.0:15002 - 0 ] INFO  ratis.XceiverServerRatis (XceiverServerRatis.java:start(517)) - Starting XceiverServerRatis 67f04e2a-34cd-4ea0-b74b-c8cb5d6f4ea5
2023-05-17 09:09:01,591 [EndpointStateMachine task thread for /0.0.0.0:15002 - 0 ] INFO  server.RaftServer (RaftServerProxy.java:startImpl(400)) - b2525f4f-bdf5-4dd0-b826-cbccdc8ecebe: start RPC server
2023-05-17 09:09:01,595 [EndpointStateMachine task thread for /0.0.0.0:15002 - 0 ] INFO  server.RaftServer (RaftServerProxy.java:startImpl(400)) - 67f04e2a-34cd-4ea0-b74b-c8cb5d6f4ea5: start RPC server
2023-05-17 09:09:01,603 [EndpointStateMachine task thread for /0.0.0.0:15002 - 0 ] INFO  server.GrpcService (GrpcService.java:startImpl(302)) - b2525f4f-bdf5-4dd0-b826-cbccdc8ecebe: GrpcService started, listening on 15019
2023-05-17 09:09:01,604 [EndpointStateMachine task thread for /0.0.0.0:15002 - 0 ] INFO  server.GrpcService (GrpcService.java:startImpl(302)) - 67f04e2a-34cd-4ea0-b74b-c8cb5d6f4ea5: GrpcService started, listening on 15011
2023-05-17 09:09:01,605 [EndpointStateMachine task thread for /0.0.0.0:15002 - 0 ] INFO  server.GrpcService (GrpcService.java:startImpl(302)) - b2525f4f-bdf5-4dd0-b826-cbccdc8ecebe: GrpcService started, listening on 15021
2023-05-17 09:09:01,607 [EndpointStateMachine task thread for /0.0.0.0:15002 - 0 ] INFO  server.GrpcService (GrpcService.java:startImpl(302)) - 67f04e2a-34cd-4ea0-b74b-c8cb5d6f4ea5: GrpcService started, listening on 15013
2023-05-17 09:09:01,607 [EndpointStateMachine task thread for /0.0.0.0:15002 - 0 ] INFO  server.GrpcService (GrpcService.java:startImpl(302)) - b2525f4f-bdf5-4dd0-b826-cbccdc8ecebe: GrpcService started, listening on 15020
2023-05-17 09:09:01,608 [EndpointStateMachine task thread for /0.0.0.0:15002 - 0 ] INFO  ratis.XceiverServerRatis (XceiverServerRatis.java:getRealPort(543)) - XceiverServerRatis b2525f4f-bdf5-4dd0-b826-cbccdc8ecebe is started using port 15019 for RATIS
2023-05-17 09:09:01,608 [EndpointStateMachine task thread for /0.0.0.0:15002 - 0 ] INFO  ratis.XceiverServerRatis (XceiverServerRatis.java:getRealPort(543)) - XceiverServerRatis b2525f4f-bdf5-4dd0-b826-cbccdc8ecebe is started using port 15020 for RATIS_ADMIN
2023-05-17 09:09:01,608 [EndpointStateMachine task thread for /0.0.0.0:15002 - 0 ] INFO  ratis.XceiverServerRatis (XceiverServerRatis.java:getRealPort(543)) - XceiverServerRatis b2525f4f-bdf5-4dd0-b826-cbccdc8ecebe is started using port 15021 for RATIS_SERVER
2023-05-17 09:09:01,608 [EndpointStateMachine task thread for /0.0.0.0:15002 - 0 ] INFO  ratis.XceiverServerRatis (XceiverServerRatis.java:getRealPort(543)) - XceiverServerRatis b2525f4f-bdf5-4dd0-b826-cbccdc8ecebe is started using port 15022 for RATIS_DATASTREAM
2023-05-17 09:09:01,608 [JvmPauseMonitor1] INFO  util.JvmPauseMonitor (JvmPauseMonitor.java:run(103)) - JvmPauseMonitor-b2525f4f-bdf5-4dd0-b826-cbccdc8ecebe: Started
2023-05-17 09:09:01,620 [EndpointStateMachine task thread for /0.0.0.0:15002 - 0 ] INFO  server.GrpcService (GrpcService.java:startImpl(302)) - 67f04e2a-34cd-4ea0-b74b-c8cb5d6f4ea5: GrpcService started, listening on 15012
2023-05-17 09:09:01,621 [EndpointStateMachine task thread for /0.0.0.0:15002 - 0 ] INFO  ratis.XceiverServerRatis (XceiverServerRatis.java:getRealPort(543)) - XceiverServerRatis 67f04e2a-34cd-4ea0-b74b-c8cb5d6f4ea5 is started using port 15011 for RATIS
2023-05-17 09:09:01,621 [EndpointStateMachine task thread for /0.0.0.0:15002 - 0 ] INFO  ratis.XceiverServerRatis (XceiverServerRatis.java:getRealPort(543)) - XceiverServerRatis 67f04e2a-34cd-4ea0-b74b-c8cb5d6f4ea5 is started using port 15012 for RATIS_ADMIN
2023-05-17 09:09:01,621 [EndpointStateMachine task thread for /0.0.0.0:15002 - 0 ] INFO  ratis.XceiverServerRatis (XceiverServerRatis.java:getRealPort(543)) - XceiverServerRatis 67f04e2a-34cd-4ea0-b74b-c8cb5d6f4ea5 is started using port 15013 for RATIS_SERVER
2023-05-17 09:09:01,621 [EndpointStateMachine task thread for /0.0.0.0:15002 - 0 ] INFO  ratis.XceiverServerRatis (XceiverServerRatis.java:getRealPort(543)) - XceiverServerRatis 67f04e2a-34cd-4ea0-b74b-c8cb5d6f4ea5 is started using port 15014 for RATIS_DATASTREAM
2023-05-17 09:09:01,621 [JvmPauseMonitor2] INFO  util.JvmPauseMonitor (JvmPauseMonitor.java:run(103)) - JvmPauseMonitor-67f04e2a-34cd-4ea0-b74b-c8cb5d6f4ea5: Started
2023-05-17 09:09:01,643 [BlockDeletingService#0] INFO  interfaces.ContainerDeletionChoosingPolicyTemplate (ContainerDeletionChoosingPolicyTemplate.java:chooseContainerForBlockDeletion(83)) - Chosen 0/5000 blocks from 0 candidate containers.
2023-05-17 09:09:01,647 [BlockDeletingService#0] INFO  interfaces.ContainerDeletionChoosingPolicyTemplate (ContainerDeletionChoosingPolicyTemplate.java:chooseContainerForBlockDeletion(83)) - Chosen 0/5000 blocks from 0 candidate containers.
2023-05-17 09:09:01,774 [Listener at 127.0.0.1/15004] INFO  handler.ContextHandler (ContextHandler.java:doStart(921)) - Started o.e.j.w.WebAppContext@11908095{hddsDatanode,/,file:///home/runner/work/ozone/ozone/hadoop-ozone/integration-test/target/test-dir/MiniOzoneClusterImpl-21d14123-a168-44a2-bc0a-ee93e32dcc9b/datanode-7/meta/webserver/jetty-0_0_0_0-15065-hdds-container-service-1_4_0-SNAPSHOT_jar-_-any-3103199710184518333/webapp/,AVAILABLE}{jar:file:/home/runner/.m2/repository/org/apache/ozone/hdds-container-service/1.4.0-SNAPSHOT/hdds-container-service-1.4.0-SNAPSHOT.jar!/webapps/hddsDatanode}
2023-05-17 09:09:01,776 [Listener at 127.0.0.1/15004] INFO  server.AbstractConnector (AbstractConnector.java:doStart(333)) - Started ServerConnector@2685b654{HTTP/1.1, (http/1.1)}{0.0.0.0:15065}
2023-05-17 09:09:01,776 [Listener at 127.0.0.1/15004] INFO  server.Server (Server.java:doStart(415)) - Started @12603ms
2023-05-17 09:09:01,776 [Listener at 127.0.0.1/15004] WARN  impl.MetricsSystemImpl (MetricsSystemImpl.java:register(279)) - Sink prometheus already exists!
2023-05-17 09:09:01,777 [Listener at 127.0.0.1/15004] INFO  http.BaseHttpServer (BaseHttpServer.java:updateConnectorAddress(344)) - HTTP server of hddsDatanode listening at http://0.0.0.0:15065
2023-05-17 09:09:01,777 [Listener at 127.0.0.1/15004] WARN  impl.MetricRegistriesImpl (MetricRegistriesImpl.java:addReporterRegistration(111)) - New reporters are added after registries were created. Some metrics will be missing from the reporter. Please add reporter before adding any new registry.
2023-05-17 09:09:01,777 [Listener at 127.0.0.1/15004] WARN  impl.MetricRegistriesImpl (MetricRegistriesImpl.java:addReporterRegistration(111)) - New reporters are added after registries were created. Some metrics will be missing from the reporter. Please add reporter before adding any new registry.
2023-05-17 09:09:01,777 [Listener at 127.0.0.1/15004] INFO  impl.MetricsSystemImpl (MetricsSystemImpl.java:init(158)) - HddsDatanode metrics system started (again)
2023-05-17 09:09:01,779 [Datanode State Machine Daemon Thread] INFO  statemachine.DatanodeStateMachine (DatanodeStateMachine.java:lambda$startDaemon$0(524)) - Ozone container server started.
2023-05-17 09:09:01,791 [org.apache.hadoop.util.JvmPauseMonitor$Monitor@2f5359f7] INFO  util.JvmPauseMonitor (JvmPauseMonitor.java:run(188)) - Starting JVM pause monitor
2023-05-17 09:09:01,793 [Listener at 127.0.0.1/15004] INFO  ozone.HddsDatanodeService (HddsDatanodeService.java:start(252)) - HddsDatanodeService host:fv-az41-747.zje5jq5y5x4uznwvdkgxk4wc2h.cx.internal.cloudapp.net ip:10.1.0.64
2023-05-17 09:09:01,795 [Datanode State Machine Task Thread - 0] INFO  datanode.InitDatanodeState (InitDatanodeState.java:persistContainerDatanodeDetails(138)) - DatanodeDetails is persisted to /home/runner/work/ozone/ozone/hadoop-ozone/integration-test/target/test-dir/MiniOzoneClusterImpl-21d14123-a168-44a2-bc0a-ee93e32dcc9b/datanode-7/meta/datanode.id
2023-05-17 09:09:01,818 [Listener at 127.0.0.1/15004] INFO  upgrade.AbstractLayoutVersionManager (AbstractLayoutVersionManager.java:init(83)) - Initializing Layout version manager with metadata layout = WEBUI_PORTS_IN_DATANODEDETAILS (version = 6), software layout = WEBUI_PORTS_IN_DATANODEDETAILS (version = 6)
2023-05-17 09:09:01,819 [Listener at 127.0.0.1/15004] INFO  statemachine.DatanodeStateMachine (DatanodeStateMachine.java:getEndPointTaskThreadPoolSize(267)) - Datanode State Machine Task Thread Pool size 2
2023-05-17 09:09:01,822 [Listener at 127.0.0.1/15004] INFO  volume.HddsVolume (HddsVolume.java:<init>(130)) - Creating HddsVolume: /home/runner/work/ozone/ozone/hadoop-ozone/integration-test/target/test-dir/MiniOzoneClusterImpl-21d14123-a168-44a2-bc0a-ee93e32dcc9b/datanode-8/data-0/containers/hdds of storage type : DISK capacity : 9223372036854775807
2023-05-17 09:09:01,823 [Listener at 127.0.0.1/15004] INFO  volume.MutableVolumeSet (MutableVolumeSet.java:initializeVolumeSet(175)) - Added Volume : /home/runner/work/ozone/ozone/hadoop-ozone/integration-test/target/test-dir/MiniOzoneClusterImpl-21d14123-a168-44a2-bc0a-ee93e32dcc9b/datanode-8/data-0/containers/hdds to VolumeSet
2023-05-17 09:09:01,823 [Listener at 127.0.0.1/15004] INFO  volume.ThrottledAsyncChecker (ThrottledAsyncChecker.java:schedule(141)) - Scheduling a check for /home/runner/work/ozone/ozone/hadoop-ozone/integration-test/target/test-dir/MiniOzoneClusterImpl-21d14123-a168-44a2-bc0a-ee93e32dcc9b/datanode-8/data-0/containers/hdds
2023-05-17 09:09:01,824 [Listener at 127.0.0.1/15004] INFO  volume.StorageVolumeChecker (StorageVolumeChecker.java:checkAllVolumes(202)) - Scheduled health check for volume /home/runner/work/ozone/ozone/hadoop-ozone/integration-test/target/test-dir/MiniOzoneClusterImpl-21d14123-a168-44a2-bc0a-ee93e32dcc9b/datanode-8/data-0/containers/hdds
2023-05-17 09:09:01,840 [Listener at 127.0.0.1/15004] INFO  volume.MutableVolumeSet (MutableVolumeSet.java:initializeVolumeSet(175)) - Added Volume : /home/runner/work/ozone/ozone/hadoop-ozone/integration-test/target/test-dir/MiniOzoneClusterImpl-21d14123-a168-44a2-bc0a-ee93e32dcc9b/datanode-8/data/ratis to VolumeSet
2023-05-17 09:09:01,840 [Listener at 127.0.0.1/15004] INFO  volume.ThrottledAsyncChecker (ThrottledAsyncChecker.java:schedule(141)) - Scheduling a check for /home/runner/work/ozone/ozone/hadoop-ozone/integration-test/target/test-dir/MiniOzoneClusterImpl-21d14123-a168-44a2-bc0a-ee93e32dcc9b/datanode-8/data/ratis
2023-05-17 09:09:01,842 [Listener at 127.0.0.1/15004] INFO  volume.StorageVolumeChecker (StorageVolumeChecker.java:checkAllVolumes(202)) - Scheduled health check for volume /home/runner/work/ozone/ozone/hadoop-ozone/integration-test/target/test-dir/MiniOzoneClusterImpl-21d14123-a168-44a2-bc0a-ee93e32dcc9b/datanode-8/data/ratis
2023-05-17 09:09:01,856 [Thread-265] INFO  ozoneimpl.ContainerReader (ContainerReader.java:readVolume(175)) - Finish verifying containers on volume /home/runner/work/ozone/ozone/hadoop-ozone/integration-test/target/test-dir/MiniOzoneClusterImpl-21d14123-a168-44a2-bc0a-ee93e32dcc9b/datanode-8/data-0/containers/hdds
2023-05-17 09:09:01,856 [Listener at 127.0.0.1/15004] INFO  ozoneimpl.OzoneContainer (OzoneContainer.java:buildContainerSet(303)) - Build ContainerSet costs 0s
2023-05-17 09:09:01,859 [Listener at 127.0.0.1/15004] INFO  server.RaftServer (ConfUtils.java:logGet(46)) - raft.rpc.type = GRPC (default)
2023-05-17 09:09:01,859 [Listener at 127.0.0.1/15004] INFO  grpc.GrpcConfigKeys (ConfUtils.java:logFallback(53)) - raft.grpc.admin.host = null (fallback to raft.grpc.server.host)
2023-05-17 09:09:01,859 [Listener at 127.0.0.1/15004] INFO  grpc.GrpcConfigKeys (ConfUtils.java:logGet(46)) - raft.grpc.admin.port = 15076 (custom)
2023-05-17 09:09:01,859 [Listener at 127.0.0.1/15004] INFO  grpc.GrpcConfigKeys (ConfUtils.java:logFallback(53)) - raft.grpc.client.host = null (fallback to raft.grpc.server.host)
2023-05-17 09:09:01,859 [Listener at 127.0.0.1/15004] INFO  grpc.GrpcConfigKeys (ConfUtils.java:logGet(46)) - raft.grpc.client.port = 15075 (custom)
2023-05-17 09:09:01,859 [Listener at 127.0.0.1/15004] INFO  grpc.GrpcConfigKeys (ConfUtils.java:logGet(46)) - raft.grpc.server.host = null (default)
2023-05-17 09:09:01,859 [Listener at 127.0.0.1/15004] INFO  grpc.GrpcConfigKeys (ConfUtils.java:logGet(46)) - raft.grpc.server.port = 15077 (custom)
2023-05-17 09:09:01,860 [Listener at 127.0.0.1/15004] INFO  server.GrpcService (ConfUtils.java:logGet(46)) - raft.grpc.message.size.max = 32MB (=33554432) (custom)
2023-05-17 09:09:01,860 [Listener at 127.0.0.1/15004] INFO  server.RaftServerConfigKeys (ConfUtils.java:logGet(46)) - raft.server.log.appender.buffer.byte-limit = 33554432 (custom)
2023-05-17 09:09:01,860 [Listener at 127.0.0.1/15004] INFO  server.GrpcService (ConfUtils.java:logGet(46)) - raft.grpc.flow.control.window = 5MB (=5242880) (custom)
2023-05-17 09:09:01,860 [Listener at 127.0.0.1/15004] INFO  server.RaftServerConfigKeys (ConfUtils.java:logGet(46)) - raft.server.rpc.request.timeout = 60s (custom)
2023-05-17 09:09:01,860 [Listener at 127.0.0.1/15004] INFO  grpc.GrpcConfigKeys (ConfUtils.java:logGet(46)) - raft.grpc.server.heartbeat.channel = true (default)
2023-05-17 09:09:01,860 [Listener at 127.0.0.1/15004] INFO  grpc.GrpcConfigKeys (ConfUtils.java:logGet(46)) - raft.grpc.server.async.request.thread.pool.cached = true (default)
2023-05-17 09:09:01,860 [Listener at 127.0.0.1/15004] INFO  grpc.GrpcConfigKeys (ConfUtils.java:logGet(46)) - raft.grpc.server.async.request.thread.pool.size = 32 (default)
2023-05-17 09:09:01,864 [Listener at 127.0.0.1/15004] INFO  impl.DataStreamServerImpl (ConfUtils.java:logGet(46)) - raft.datastream.type = NETTY (custom)
2023-05-17 09:09:01,869 [Listener at 127.0.0.1/15004] INFO  server.RaftServerConfigKeys (ConfUtils.java:logGet(46)) - raft.server.data-stream.async.request.thread.pool.cached = false (default)
2023-05-17 09:09:01,870 [Listener at 127.0.0.1/15004] INFO  server.RaftServerConfigKeys (ConfUtils.java:logGet(46)) - raft.server.data-stream.async.request.thread.pool.size = 20 (custom)
2023-05-17 09:09:01,870 [Listener at 127.0.0.1/15004] INFO  server.RaftServerConfigKeys (ConfUtils.java:logGet(46)) - raft.server.data-stream.async.write.thread.pool.size = 16 (default)
2023-05-17 09:09:01,871 [Listener at 127.0.0.1/15004] INFO  server.RaftServerConfigKeys (ConfUtils.java:logGet(46)) - raft.server.data-stream.client.pool.size = 10 (default)
2023-05-17 09:09:01,871 [Listener at 127.0.0.1/15004] INFO  netty.NettyConfigKeys$DataStream (ConfUtils.java:logGet(46)) - raft.netty.dataStream.server.use-epoll = false (default)
2023-05-17 09:09:01,871 [Listener at 127.0.0.1/15004] INFO  netty.NettyConfigKeys$DataStream (ConfUtils.java:logGet(46)) - raft.netty.dataStream.server.boss-group.size = 0 (default)
2023-05-17 09:09:01,871 [Listener at 127.0.0.1/15004] INFO  netty.NettyConfigKeys$DataStream (ConfUtils.java:logGet(46)) - raft.netty.dataStream.server.worker-group.size = 0 (default)
2023-05-17 09:09:01,872 [Listener at 127.0.0.1/15004] INFO  netty.NettyConfigKeys$DataStream (ConfUtils.java:logGet(46)) - raft.netty.dataStream.server.tls.conf = null (default)
2023-05-17 09:09:01,872 [Listener at 127.0.0.1/15004] INFO  netty.NettyConfigKeys$DataStream (ConfUtils.java:logGet(46)) - raft.netty.dataStream.host = null (default)
2023-05-17 09:09:01,872 [Listener at 127.0.0.1/15004] INFO  netty.NettyConfigKeys$DataStream (ConfUtils.java:logGet(46)) - raft.netty.dataStream.port = 15078 (custom)
2023-05-17 09:09:01,873 [Listener at 127.0.0.1/15004] INFO  server.RaftServerConfigKeys (ConfUtils.java:logGet(46)) - raft.server.threadpool.proxy.cached = true (default)
2023-05-17 09:09:01,873 [Listener at 127.0.0.1/15004] INFO  server.RaftServerConfigKeys (ConfUtils.java:logGet(46)) - raft.server.threadpool.proxy.size = 0 (default)
2023-05-17 09:09:01,873 [Listener at 127.0.0.1/15004] INFO  server.RaftServerConfigKeys (ConfUtils.java:logGet(46)) - raft.server.rpc.slowness.timeout = 300s (custom)
2023-05-17 09:09:01,873 [Listener at 127.0.0.1/15004] INFO  server.RaftServerConfigKeys (ConfUtils.java:logGet(46)) - raft.server.leaderelection.leader.step-down.wait-time = 10s (default)
2023-05-17 09:09:01,873 [Listener at 127.0.0.1/15004] INFO  server.RaftServerConfigKeys (ConfUtils.java:logGet(46)) - raft.server.storage.dir = [/home/runner/work/ozone/ozone/hadoop-ozone/integration-test/target/test-dir/MiniOzoneClusterImpl-21d14123-a168-44a2-bc0a-ee93e32dcc9b/datanode-8/data/ratis] (custom)
2023-05-17 09:09:01,883 [5b9fa8c3-08c3-43f9-b175-3119fbbe3900-NettyServerStreamRpc-bossGroup--thread1] INFO  logging.LoggingHandler (AbstractInternalLogger.java:log(148)) - [id: 0xa22bea88] REGISTERED
2023-05-17 09:09:01,883 [5b9fa8c3-08c3-43f9-b175-3119fbbe3900-NettyServerStreamRpc-bossGroup--thread1] INFO  logging.LoggingHandler (AbstractInternalLogger.java:log(148)) - [id: 0xa22bea88] BIND: 0.0.0.0/0.0.0.0:15078
2023-05-17 09:09:01,884 [5b9fa8c3-08c3-43f9-b175-3119fbbe3900-NettyServerStreamRpc-bossGroup--thread1] INFO  logging.LoggingHandler (AbstractInternalLogger.java:log(148)) - [id: 0xa22bea88, L:/0:0:0:0:0:0:0:0:15078] ACTIVE
2023-05-17 09:09:01,885 [EndpointStateMachine task thread for /0.0.0.0:15002 - 0 ] INFO  utils.DatanodeStoreCache (DatanodeStoreCache.java:addDB(66)) - Added db /home/runner/work/ozone/ozone/hadoop-ozone/integration-test/target/test-dir/MiniOzoneClusterImpl-21d14123-a168-44a2-bc0a-ee93e32dcc9b/datanode-2/data-0/containers/hdds/21d14123-a168-44a2-bc0a-ee93e32dcc9b/DS-813ee51c-fe06-4b3d-9da0-281f4df98916/container.db to cache
2023-05-17 09:09:01,886 [EndpointStateMachine task thread for /0.0.0.0:15002 - 0 ] INFO  volume.HddsVolume (HddsVolume.java:createDbStore(350)) - SchemaV3 db is created and loaded at /home/runner/work/ozone/ozone/hadoop-ozone/integration-test/target/test-dir/MiniOzoneClusterImpl-21d14123-a168-44a2-bc0a-ee93e32dcc9b/datanode-2/data-0/containers/hdds/21d14123-a168-44a2-bc0a-ee93e32dcc9b/DS-813ee51c-fe06-4b3d-9da0-281f4df98916/container.db for volume DS-813ee51c-fe06-4b3d-9da0-281f4df98916
2023-05-17 09:09:01,888 [Listener at 127.0.0.1/15004] INFO  server.XceiverServerGrpc (XceiverServerGrpc.java:<init>(132)) - GrpcServer channel type EpollServerSocketChannel
2023-05-17 09:09:01,890 [Listener at 127.0.0.1/15004] INFO  replication.ReplicationSupervisor (ReplicationSupervisor.java:nodeStateUpdated(296)) - Node state updated to IN_SERVICE, scaling executor pool size to 10
2023-05-17 09:09:01,891 [Listener at 127.0.0.1/15004] INFO  token.OzoneBlockTokenSecretManager (OzoneSecretManager.java:updateCurrentKey(175)) - Updating current master key for generating tokens. Cert id 1007308062680
2023-05-17 09:09:01,891 [EndpointStateMachine task thread for /0.0.0.0:15002 - 0 ] INFO  ozoneimpl.OzoneContainer (OzoneContainer.java:start(397)) - Attempting to start container services.
2023-05-17 09:09:01,891 [EndpointStateMachine task thread for /0.0.0.0:15002 - 0 ] INFO  ozoneimpl.OzoneContainer (OzoneContainer.java:startContainerScrub(314)) - Scheduled background container scanners and the on-demand container scanner have been disabled.
2023-05-17 09:09:01,897 [Listener at 127.0.0.1/15004] INFO  http.BaseHttpServer (BaseHttpServer.java:newHttpServer2BuilderForOzone(224)) - Starting Web-server for hddsDatanode at: http://0.0.0.0:15073
2023-05-17 09:09:01,899 [Listener at 127.0.0.1/15004] INFO  http.BaseHttpServer (BaseHttpServer.java:<init>(111)) - Hadoop Security Enabled: false Ozone Security Enabled: false Ozone HTTP Security Enabled: false 
2023-05-17 09:09:01,906 [EndpointStateMachine task thread for /0.0.0.0:15002 - 0 ] INFO  replication.ReplicationServer (ReplicationServer.java:start(128)) - ReplicationServer is started using port 15031
2023-05-17 09:09:01,906 [EndpointStateMachine task thread for /0.0.0.0:15002 - 0 ] INFO  ratis.XceiverServerRatis (XceiverServerRatis.java:start(517)) - Starting XceiverServerRatis 8889e818-58f8-49f9-ac5f-461eb7b79d1e
2023-05-17 09:09:01,906 [Listener at 127.0.0.1/15004] WARN  server.AuthenticationFilter (AuthenticationFilter.java:constructSecretProvider(240)) - Unable to initialize FileSignerSecretProvider, falling back to use random secrets. Reason: Could not read signature secret file: /home/runner/hadoop-http-auth-signature-secret
2023-05-17 09:09:01,907 [EndpointStateMachine task thread for /0.0.0.0:15002 - 0 ] INFO  server.RaftServer (RaftServerProxy.java:startImpl(400)) - 8889e818-58f8-49f9-ac5f-461eb7b79d1e: start RPC server
2023-05-17 09:09:01,913 [Listener at 127.0.0.1/15004] INFO  http.HttpRequestLog (HttpRequestLog.java:getRequestLog(86)) - Http request log for http.requests.hddsDatanode is not defined
2023-05-17 09:09:01,914 [Listener at 127.0.0.1/15004] INFO  http.HttpServer2 (HttpServer2.java:addGlobalFilter(1031)) - Added global filter 'safety' (class=org.apache.hadoop.hdds.server.http.HttpServer2$QuotingInputFilter)
2023-05-17 09:09:01,921 [EndpointStateMachine task thread for /0.0.0.0:15002 - 0 ] INFO  server.GrpcService (GrpcService.java:startImpl(302)) - 8889e818-58f8-49f9-ac5f-461eb7b79d1e: GrpcService started, listening on 15027
2023-05-17 09:09:01,923 [EndpointStateMachine task thread for /0.0.0.0:15002 - 0 ] INFO  server.GrpcService (GrpcService.java:startImpl(302)) - 8889e818-58f8-49f9-ac5f-461eb7b79d1e: GrpcService started, listening on 15029
2023-05-17 09:09:01,925 [Listener at 127.0.0.1/15004] INFO  http.HttpServer2 (HttpServer2.java:addFilter(1007)) - Added filter static_user_filter (class=org.apache.hadoop.http.lib.StaticUserWebFilter$StaticUserFilter) to context hddsDatanode
2023-05-17 09:09:01,926 [Listener at 127.0.0.1/15004] INFO  http.HttpServer2 (HttpServer2.java:addFilter(1015)) - Added filter static_user_filter (class=org.apache.hadoop.http.lib.StaticUserWebFilter$StaticUserFilter) to context logs
2023-05-17 09:09:01,926 [EndpointStateMachine task thread for /0.0.0.0:15002 - 0 ] INFO  server.GrpcService (GrpcService.java:startImpl(302)) - 8889e818-58f8-49f9-ac5f-461eb7b79d1e: GrpcService started, listening on 15028
2023-05-17 09:09:01,926 [Listener at 127.0.0.1/15004] INFO  http.HttpServer2 (HttpServer2.java:addFilter(1015)) - Added filter static_user_filter (class=org.apache.hadoop.http.lib.StaticUserWebFilter$StaticUserFilter) to context static
2023-05-17 09:09:01,927 [Listener at 127.0.0.1/15004] INFO  http.BaseHttpServer (BaseHttpServer.java:<init>(190)) - HTTP server of hddsDatanode uses base directory /home/runner/work/ozone/ozone/hadoop-ozone/integration-test/target/test-dir/MiniOzoneClusterImpl-21d14123-a168-44a2-bc0a-ee93e32dcc9b/datanode-8/meta/webserver
2023-05-17 09:09:01,927 [Listener at 127.0.0.1/15004] INFO  http.HttpServer2 (HttpServer2.java:bindListener(1250)) - Jetty bound to port 15073
2023-05-17 09:09:01,928 [Listener at 127.0.0.1/15004] INFO  server.Server (Server.java:doStart(375)) - jetty-9.4.51.v20230217; built: 2023-02-17T08:19:37.309Z; git: b45c405e4544384de066f814ed42ae3dceacdd49; jvm 1.8.0_362-b09
2023-05-17 09:09:01,930 [EndpointStateMachine task thread for /0.0.0.0:15002 - 0 ] INFO  ratis.XceiverServerRatis (XceiverServerRatis.java:getRealPort(543)) - XceiverServerRatis 8889e818-58f8-49f9-ac5f-461eb7b79d1e is started using port 15027 for RATIS
2023-05-17 09:09:01,930 [EndpointStateMachine task thread for /0.0.0.0:15002 - 0 ] INFO  ratis.XceiverServerRatis (XceiverServerRatis.java:getRealPort(543)) - XceiverServerRatis 8889e818-58f8-49f9-ac5f-461eb7b79d1e is started using port 15028 for RATIS_ADMIN
2023-05-17 09:09:01,930 [EndpointStateMachine task thread for /0.0.0.0:15002 - 0 ] INFO  ratis.XceiverServerRatis (XceiverServerRatis.java:getRealPort(543)) - XceiverServerRatis 8889e818-58f8-49f9-ac5f-461eb7b79d1e is started using port 15029 for RATIS_SERVER
2023-05-17 09:09:01,930 [EndpointStateMachine task thread for /0.0.0.0:15002 - 0 ] INFO  ratis.XceiverServerRatis (XceiverServerRatis.java:getRealPort(543)) - XceiverServerRatis 8889e818-58f8-49f9-ac5f-461eb7b79d1e is started using port 15030 for RATIS_DATASTREAM
2023-05-17 09:09:01,930 [JvmPauseMonitor3] INFO  util.JvmPauseMonitor (JvmPauseMonitor.java:run(103)) - JvmPauseMonitor-8889e818-58f8-49f9-ac5f-461eb7b79d1e: Started
2023-05-17 09:09:01,941 [Listener at 127.0.0.1/15004] INFO  server.session (DefaultSessionIdManager.java:doStart(334)) - DefaultSessionIdManager workerName=node0
2023-05-17 09:09:01,942 [Listener at 127.0.0.1/15004] INFO  server.session (DefaultSessionIdManager.java:doStart(339)) - No SessionScavenger set, using defaults
2023-05-17 09:09:01,942 [Listener at 127.0.0.1/15004] INFO  server.session (HouseKeeper.java:startScavenging(132)) - node0 Scavenging every 660000ms
2023-05-17 09:09:01,943 [Listener at 127.0.0.1/15004] INFO  handler.ContextHandler (ContextHandler.java:doStart(921)) - Started o.e.j.s.ServletContextHandler@6b8abde9{logs,/logs,file:///home/runner/work/ozone/ozone/hadoop-ozone/integration-test/target/log,AVAILABLE}
2023-05-17 09:09:01,943 [Listener at 127.0.0.1/15004] INFO  handler.ContextHandler (ContextHandler.java:doStart(921)) - Started o.e.j.s.ServletContextHandler@2bd813b4{static,/static,jar:file:/home/runner/.m2/repository/org/apache/ozone/hdds-container-service/1.4.0-SNAPSHOT/hdds-container-service-1.4.0-SNAPSHOT.jar!/webapps/static,AVAILABLE}
2023-05-17 09:09:01,977 [BlockDeletingService#0] INFO  interfaces.ContainerDeletionChoosingPolicyTemplate (ContainerDeletionChoosingPolicyTemplate.java:chooseContainerForBlockDeletion(83)) - Chosen 0/5000 blocks from 0 candidate containers.
2023-05-17 09:09:02,160 [Listener at 127.0.0.1/15004] INFO  handler.ContextHandler (ContextHandler.java:doStart(921)) - Started o.e.j.w.WebAppContext@1ffae821{hddsDatanode,/,file:///home/runner/work/ozone/ozone/hadoop-ozone/integration-test/target/test-dir/MiniOzoneClusterImpl-21d14123-a168-44a2-bc0a-ee93e32dcc9b/datanode-8/meta/webserver/jetty-0_0_0_0-15073-hdds-container-service-1_4_0-SNAPSHOT_jar-_-any-7534352890753911250/webapp/,AVAILABLE}{jar:file:/home/runner/.m2/repository/org/apache/ozone/hdds-container-service/1.4.0-SNAPSHOT/hdds-container-service-1.4.0-SNAPSHOT.jar!/webapps/hddsDatanode}
2023-05-17 09:09:02,162 [Listener at 127.0.0.1/15004] INFO  server.AbstractConnector (AbstractConnector.java:doStart(333)) - Started ServerConnector@2eedf598{HTTP/1.1, (http/1.1)}{0.0.0.0:15073}
2023-05-17 09:09:02,162 [Listener at 127.0.0.1/15004] INFO  server.Server (Server.java:doStart(415)) - Started @12989ms
2023-05-17 09:09:02,162 [Listener at 127.0.0.1/15004] WARN  impl.MetricsSystemImpl (MetricsSystemImpl.java:register(279)) - Sink prometheus already exists!
2023-05-17 09:09:02,163 [Listener at 127.0.0.1/15004] INFO  http.BaseHttpServer (BaseHttpServer.java:updateConnectorAddress(344)) - HTTP server of hddsDatanode listening at http://0.0.0.0:15073
2023-05-17 09:09:02,163 [Datanode State Machine Daemon Thread] INFO  statemachine.DatanodeStateMachine (DatanodeStateMachine.java:lambda$startDaemon$0(524)) - Ozone container server started.
2023-05-17 09:09:02,164 [Listener at 127.0.0.1/15004] WARN  impl.MetricRegistriesImpl (MetricRegistriesImpl.java:addReporterRegistration(111)) - New reporters are added after registries were created. Some metrics will be missing from the reporter. Please add reporter before adding any new registry.
2023-05-17 09:09:02,165 [Listener at 127.0.0.1/15004] WARN  impl.MetricRegistriesImpl (MetricRegistriesImpl.java:addReporterRegistration(111)) - New reporters are added after registries were created. Some metrics will be missing from the reporter. Please add reporter before adding any new registry.
2023-05-17 09:09:02,165 [Listener at 127.0.0.1/15004] INFO  impl.MetricsSystemImpl (MetricsSystemImpl.java:init(158)) - HddsDatanode metrics system started (again)
2023-05-17 09:09:02,177 [Listener at 127.0.0.1/15004] INFO  ozone.HddsDatanodeService (HddsDatanodeService.java:start(252)) - HddsDatanodeService host:fv-az41-747.zje5jq5y5x4uznwvdkgxk4wc2h.cx.internal.cloudapp.net ip:10.1.0.64
2023-05-17 09:09:02,177 [org.apache.hadoop.util.JvmPauseMonitor$Monitor@59f62893] INFO  util.JvmPauseMonitor (JvmPauseMonitor.java:run(188)) - Starting JVM pause monitor
2023-05-17 09:09:02,187 [Datanode State Machine Task Thread - 0] INFO  datanode.InitDatanodeState (InitDatanodeState.java:persistContainerDatanodeDetails(138)) - DatanodeDetails is persisted to /home/runner/work/ozone/ozone/hadoop-ozone/integration-test/target/test-dir/MiniOzoneClusterImpl-21d14123-a168-44a2-bc0a-ee93e32dcc9b/datanode-8/meta/datanode.id
2023-05-17 09:09:02,216 [Listener at 127.0.0.1/15004] INFO  upgrade.AbstractLayoutVersionManager (AbstractLayoutVersionManager.java:init(83)) - Initializing Layout version manager with metadata layout = WEBUI_PORTS_IN_DATANODEDETAILS (version = 6), software layout = WEBUI_PORTS_IN_DATANODEDETAILS (version = 6)
2023-05-17 09:09:02,216 [Listener at 127.0.0.1/15004] INFO  statemachine.DatanodeStateMachine (DatanodeStateMachine.java:getEndPointTaskThreadPoolSize(267)) - Datanode State Machine Task Thread Pool size 2
2023-05-17 09:09:02,218 [Listener at 127.0.0.1/15004] INFO  volume.HddsVolume (HddsVolume.java:<init>(130)) - Creating HddsVolume: /home/runner/work/ozone/ozone/hadoop-ozone/integration-test/target/test-dir/MiniOzoneClusterImpl-21d14123-a168-44a2-bc0a-ee93e32dcc9b/datanode-9/data-0/containers/hdds of storage type : DISK capacity : 9223372036854775807
2023-05-17 09:09:02,219 [Listener at 127.0.0.1/15004] INFO  volume.MutableVolumeSet (MutableVolumeSet.java:initializeVolumeSet(175)) - Added Volume : /home/runner/work/ozone/ozone/hadoop-ozone/integration-test/target/test-dir/MiniOzoneClusterImpl-21d14123-a168-44a2-bc0a-ee93e32dcc9b/datanode-9/data-0/containers/hdds to VolumeSet
2023-05-17 09:09:02,219 [Listener at 127.0.0.1/15004] INFO  volume.ThrottledAsyncChecker (ThrottledAsyncChecker.java:schedule(141)) - Scheduling a check for /home/runner/work/ozone/ozone/hadoop-ozone/integration-test/target/test-dir/MiniOzoneClusterImpl-21d14123-a168-44a2-bc0a-ee93e32dcc9b/datanode-9/data-0/containers/hdds
2023-05-17 09:09:02,219 [Listener at 127.0.0.1/15004] INFO  volume.StorageVolumeChecker (StorageVolumeChecker.java:checkAllVolumes(202)) - Scheduled health check for volume /home/runner/work/ozone/ozone/hadoop-ozone/integration-test/target/test-dir/MiniOzoneClusterImpl-21d14123-a168-44a2-bc0a-ee93e32dcc9b/datanode-9/data-0/containers/hdds
2023-05-17 09:09:02,231 [Listener at 127.0.0.1/15004] INFO  volume.MutableVolumeSet (MutableVolumeSet.java:initializeVolumeSet(175)) - Added Volume : /home/runner/work/ozone/ozone/hadoop-ozone/integration-test/target/test-dir/MiniOzoneClusterImpl-21d14123-a168-44a2-bc0a-ee93e32dcc9b/datanode-9/data/ratis to VolumeSet
2023-05-17 09:09:02,231 [Listener at 127.0.0.1/15004] INFO  volume.ThrottledAsyncChecker (ThrottledAsyncChecker.java:schedule(141)) - Scheduling a check for /home/runner/work/ozone/ozone/hadoop-ozone/integration-test/target/test-dir/MiniOzoneClusterImpl-21d14123-a168-44a2-bc0a-ee93e32dcc9b/datanode-9/data/ratis
2023-05-17 09:09:02,231 [Listener at 127.0.0.1/15004] INFO  volume.StorageVolumeChecker (StorageVolumeChecker.java:checkAllVolumes(202)) - Scheduled health check for volume /home/runner/work/ozone/ozone/hadoop-ozone/integration-test/target/test-dir/MiniOzoneClusterImpl-21d14123-a168-44a2-bc0a-ee93e32dcc9b/datanode-9/data/ratis
2023-05-17 09:09:02,237 [EndpointStateMachine task thread for /0.0.0.0:15002 - 0 ] INFO  utils.DatanodeStoreCache (DatanodeStoreCache.java:addDB(66)) - Added db /home/runner/work/ozone/ozone/hadoop-ozone/integration-test/target/test-dir/MiniOzoneClusterImpl-21d14123-a168-44a2-bc0a-ee93e32dcc9b/datanode-3/data-0/containers/hdds/21d14123-a168-44a2-bc0a-ee93e32dcc9b/DS-32c9d5e5-5cc3-4f2f-925e-dcb6da0b4428/container.db to cache
2023-05-17 09:09:02,237 [EndpointStateMachine task thread for /0.0.0.0:15002 - 0 ] INFO  volume.HddsVolume (HddsVolume.java:createDbStore(350)) - SchemaV3 db is created and loaded at /home/runner/work/ozone/ozone/hadoop-ozone/integration-test/target/test-dir/MiniOzoneClusterImpl-21d14123-a168-44a2-bc0a-ee93e32dcc9b/datanode-3/data-0/containers/hdds/21d14123-a168-44a2-bc0a-ee93e32dcc9b/DS-32c9d5e5-5cc3-4f2f-925e-dcb6da0b4428/container.db for volume DS-32c9d5e5-5cc3-4f2f-925e-dcb6da0b4428
2023-05-17 09:09:02,237 [EndpointStateMachine task thread for /0.0.0.0:15002 - 0 ] INFO  ozoneimpl.OzoneContainer (OzoneContainer.java:start(397)) - Attempting to start container services.
2023-05-17 09:09:02,238 [EndpointStateMachine task thread for /0.0.0.0:15002 - 0 ] INFO  ozoneimpl.OzoneContainer (OzoneContainer.java:startContainerScrub(314)) - Scheduled background container scanners and the on-demand container scanner have been disabled.
2023-05-17 09:09:02,241 [EndpointStateMachine task thread for /0.0.0.0:15002 - 0 ] INFO  replication.ReplicationServer (ReplicationServer.java:start(128)) - ReplicationServer is started using port 15039
2023-05-17 09:09:02,241 [EndpointStateMachine task thread for /0.0.0.0:15002 - 0 ] INFO  ratis.XceiverServerRatis (XceiverServerRatis.java:start(517)) - Starting XceiverServerRatis 57ed5fd8-a62b-44c8-9c66-83b6d5ca8b16
2023-05-17 09:09:02,245 [EndpointStateMachine task thread for /0.0.0.0:15002 - 0 ] INFO  server.RaftServer (RaftServerProxy.java:startImpl(400)) - 57ed5fd8-a62b-44c8-9c66-83b6d5ca8b16: start RPC server
2023-05-17 09:09:02,247 [EndpointStateMachine task thread for /0.0.0.0:15002 - 0 ] INFO  server.GrpcService (GrpcService.java:startImpl(302)) - 57ed5fd8-a62b-44c8-9c66-83b6d5ca8b16: GrpcService started, listening on 15035
2023-05-17 09:09:02,250 [EndpointStateMachine task thread for /0.0.0.0:15002 - 0 ] INFO  server.GrpcService (GrpcService.java:startImpl(302)) - 57ed5fd8-a62b-44c8-9c66-83b6d5ca8b16: GrpcService started, listening on 15037
2023-05-17 09:09:02,255 [EndpointStateMachine task thread for /0.0.0.0:15002 - 0 ] INFO  server.GrpcService (GrpcService.java:startImpl(302)) - 57ed5fd8-a62b-44c8-9c66-83b6d5ca8b16: GrpcService started, listening on 15036
2023-05-17 09:09:02,255 [EndpointStateMachine task thread for /0.0.0.0:15002 - 0 ] INFO  ratis.XceiverServerRatis (XceiverServerRatis.java:getRealPort(543)) - XceiverServerRatis 57ed5fd8-a62b-44c8-9c66-83b6d5ca8b16 is started using port 15035 for RATIS
2023-05-17 09:09:02,255 [JvmPauseMonitor4] INFO  util.JvmPauseMonitor (JvmPauseMonitor.java:run(103)) - JvmPauseMonitor-57ed5fd8-a62b-44c8-9c66-83b6d5ca8b16: Started
2023-05-17 09:09:02,255 [EndpointStateMachine task thread for /0.0.0.0:15002 - 0 ] INFO  ratis.XceiverServerRatis (XceiverServerRatis.java:getRealPort(543)) - XceiverServerRatis 57ed5fd8-a62b-44c8-9c66-83b6d5ca8b16 is started using port 15036 for RATIS_ADMIN
2023-05-17 09:09:02,255 [EndpointStateMachine task thread for /0.0.0.0:15002 - 0 ] INFO  ratis.XceiverServerRatis (XceiverServerRatis.java:getRealPort(543)) - XceiverServerRatis 57ed5fd8-a62b-44c8-9c66-83b6d5ca8b16 is started using port 15037 for RATIS_SERVER
2023-05-17 09:09:02,255 [EndpointStateMachine task thread for /0.0.0.0:15002 - 0 ] INFO  ratis.XceiverServerRatis (XceiverServerRatis.java:getRealPort(543)) - XceiverServerRatis 57ed5fd8-a62b-44c8-9c66-83b6d5ca8b16 is started using port 15038 for RATIS_DATASTREAM
2023-05-17 09:09:02,265 [BlockDeletingService#0] INFO  interfaces.ContainerDeletionChoosingPolicyTemplate (ContainerDeletionChoosingPolicyTemplate.java:chooseContainerForBlockDeletion(83)) - Chosen 0/5000 blocks from 0 candidate containers.
2023-05-17 09:09:02,266 [Thread-288] INFO  ozoneimpl.ContainerReader (ContainerReader.java:readVolume(175)) - Finish verifying containers on volume /home/runner/work/ozone/ozone/hadoop-ozone/integration-test/target/test-dir/MiniOzoneClusterImpl-21d14123-a168-44a2-bc0a-ee93e32dcc9b/datanode-9/data-0/containers/hdds
2023-05-17 09:09:02,266 [Listener at 127.0.0.1/15004] INFO  ozoneimpl.OzoneContainer (OzoneContainer.java:buildContainerSet(303)) - Build ContainerSet costs 0s
2023-05-17 09:09:02,273 [Listener at 127.0.0.1/15004] INFO  server.RaftServer (ConfUtils.java:logGet(46)) - raft.rpc.type = GRPC (default)
2023-05-17 09:09:02,273 [Listener at 127.0.0.1/15004] INFO  grpc.GrpcConfigKeys (ConfUtils.java:logFallback(53)) - raft.grpc.admin.host = null (fallback to raft.grpc.server.host)
2023-05-17 09:09:02,274 [Listener at 127.0.0.1/15004] INFO  grpc.GrpcConfigKeys (ConfUtils.java:logGet(46)) - raft.grpc.admin.port = 15084 (custom)
2023-05-17 09:09:02,274 [Listener at 127.0.0.1/15004] INFO  grpc.GrpcConfigKeys (ConfUtils.java:logFallback(53)) - raft.grpc.client.host = null (fallback to raft.grpc.server.host)
2023-05-17 09:09:02,274 [Listener at 127.0.0.1/15004] INFO  grpc.GrpcConfigKeys (ConfUtils.java:logGet(46)) - raft.grpc.client.port = 15083 (custom)
2023-05-17 09:09:02,274 [Listener at 127.0.0.1/15004] INFO  grpc.GrpcConfigKeys (ConfUtils.java:logGet(46)) - raft.grpc.server.host = null (default)
2023-05-17 09:09:02,275 [Listener at 127.0.0.1/15004] INFO  grpc.GrpcConfigKeys (ConfUtils.java:logGet(46)) - raft.grpc.server.port = 15085 (custom)
2023-05-17 09:09:02,275 [Listener at 127.0.0.1/15004] INFO  server.GrpcService (ConfUtils.java:logGet(46)) - raft.grpc.message.size.max = 32MB (=33554432) (custom)
2023-05-17 09:09:02,275 [Listener at 127.0.0.1/15004] INFO  server.RaftServerConfigKeys (ConfUtils.java:logGet(46)) - raft.server.log.appender.buffer.byte-limit = 33554432 (custom)
2023-05-17 09:09:02,276 [Listener at 127.0.0.1/15004] INFO  server.GrpcService (ConfUtils.java:logGet(46)) - raft.grpc.flow.control.window = 5MB (=5242880) (custom)
2023-05-17 09:09:02,276 [Listener at 127.0.0.1/15004] INFO  server.RaftServerConfigKeys (ConfUtils.java:logGet(46)) - raft.server.rpc.request.timeout = 60s (custom)
2023-05-17 09:09:02,276 [Listener at 127.0.0.1/15004] INFO  grpc.GrpcConfigKeys (ConfUtils.java:logGet(46)) - raft.grpc.server.heartbeat.channel = true (default)
2023-05-17 09:09:02,276 [Listener at 127.0.0.1/15004] INFO  grpc.GrpcConfigKeys (ConfUtils.java:logGet(46)) - raft.grpc.server.async.request.thread.pool.cached = true (default)
2023-05-17 09:09:02,276 [Listener at 127.0.0.1/15004] INFO  grpc.GrpcConfigKeys (ConfUtils.java:logGet(46)) - raft.grpc.server.async.request.thread.pool.size = 32 (default)
2023-05-17 09:09:02,279 [Listener at 127.0.0.1/15004] INFO  impl.DataStreamServerImpl (ConfUtils.java:logGet(46)) - raft.datastream.type = NETTY (custom)
2023-05-17 09:09:02,280 [Listener at 127.0.0.1/15004] INFO  server.RaftServerConfigKeys (ConfUtils.java:logGet(46)) - raft.server.data-stream.async.request.thread.pool.cached = false (default)
2023-05-17 09:09:02,280 [Listener at 127.0.0.1/15004] INFO  server.RaftServerConfigKeys (ConfUtils.java:logGet(46)) - raft.server.data-stream.async.request.thread.pool.size = 20 (custom)
2023-05-17 09:09:02,280 [Listener at 127.0.0.1/15004] INFO  server.RaftServerConfigKeys (ConfUtils.java:logGet(46)) - raft.server.data-stream.async.write.thread.pool.size = 16 (default)
2023-05-17 09:09:02,280 [Listener at 127.0.0.1/15004] INFO  server.RaftServerConfigKeys (ConfUtils.java:logGet(46)) - raft.server.data-stream.client.pool.size = 10 (default)
2023-05-17 09:09:02,280 [Listener at 127.0.0.1/15004] INFO  netty.NettyConfigKeys$DataStream (ConfUtils.java:logGet(46)) - raft.netty.dataStream.server.use-epoll = false (default)
2023-05-17 09:09:02,280 [Listener at 127.0.0.1/15004] INFO  netty.NettyConfigKeys$DataStream (ConfUtils.java:logGet(46)) - raft.netty.dataStream.server.boss-group.size = 0 (default)
2023-05-17 09:09:02,281 [Listener at 127.0.0.1/15004] INFO  netty.NettyConfigKeys$DataStream (ConfUtils.java:logGet(46)) - raft.netty.dataStream.server.worker-group.size = 0 (default)
2023-05-17 09:09:02,281 [Listener at 127.0.0.1/15004] INFO  netty.NettyConfigKeys$DataStream (ConfUtils.java:logGet(46)) - raft.netty.dataStream.server.tls.conf = null (default)
2023-05-17 09:09:02,281 [Listener at 127.0.0.1/15004] INFO  netty.NettyConfigKeys$DataStream (ConfUtils.java:logGet(46)) - raft.netty.dataStream.host = null (default)
2023-05-17 09:09:02,281 [Listener at 127.0.0.1/15004] INFO  netty.NettyConfigKeys$DataStream (ConfUtils.java:logGet(46)) - raft.netty.dataStream.port = 15086 (custom)
2023-05-17 09:09:02,282 [Listener at 127.0.0.1/15004] INFO  server.RaftServerConfigKeys (ConfUtils.java:logGet(46)) - raft.server.threadpool.proxy.cached = true (default)
2023-05-17 09:09:02,283 [Listener at 127.0.0.1/15004] INFO  server.RaftServerConfigKeys (ConfUtils.java:logGet(46)) - raft.server.threadpool.proxy.size = 0 (default)
2023-05-17 09:09:02,284 [Listener at 127.0.0.1/15004] INFO  server.RaftServerConfigKeys (ConfUtils.java:logGet(46)) - raft.server.rpc.slowness.timeout = 300s (custom)
2023-05-17 09:09:02,284 [a82ad0ea-641b-4ac2-b933-a1a26b5fe742-NettyServerStreamRpc-bossGroup--thread1] INFO  logging.LoggingHandler (AbstractInternalLogger.java:log(148)) - [id: 0x81693559] REGISTERED
2023-05-17 09:09:02,284 [Listener at 127.0.0.1/15004] INFO  server.RaftServerConfigKeys (ConfUtils.java:logGet(46)) - raft.server.leaderelection.leader.step-down.wait-time = 10s (default)
2023-05-17 09:09:02,284 [Listener at 127.0.0.1/15004] INFO  server.RaftServerConfigKeys (ConfUtils.java:logGet(46)) - raft.server.storage.dir = [/home/runner/work/ozone/ozone/hadoop-ozone/integration-test/target/test-dir/MiniOzoneClusterImpl-21d14123-a168-44a2-bc0a-ee93e32dcc9b/datanode-9/data/ratis] (custom)
2023-05-17 09:09:02,286 [a82ad0ea-641b-4ac2-b933-a1a26b5fe742-NettyServerStreamRpc-bossGroup--thread1] INFO  logging.LoggingHandler (AbstractInternalLogger.java:log(148)) - [id: 0x81693559] BIND: 0.0.0.0/0.0.0.0:15086
2023-05-17 09:09:02,286 [a82ad0ea-641b-4ac2-b933-a1a26b5fe742-NettyServerStreamRpc-bossGroup--thread1] INFO  logging.LoggingHandler (AbstractInternalLogger.java:log(148)) - [id: 0x81693559, L:/0:0:0:0:0:0:0:0:15086] ACTIVE
2023-05-17 09:09:02,286 [Listener at 127.0.0.1/15004] INFO  server.XceiverServerGrpc (XceiverServerGrpc.java:<init>(132)) - GrpcServer channel type EpollServerSocketChannel
2023-05-17 09:09:02,288 [Listener at 127.0.0.1/15004] INFO  replication.ReplicationSupervisor (ReplicationSupervisor.java:nodeStateUpdated(296)) - Node state updated to IN_SERVICE, scaling executor pool size to 10
2023-05-17 09:09:02,289 [Listener at 127.0.0.1/15004] INFO  token.OzoneBlockTokenSecretManager (OzoneSecretManager.java:updateCurrentKey(175)) - Updating current master key for generating tokens. Cert id 1007308062680
2023-05-17 09:09:02,292 [Listener at 127.0.0.1/15004] INFO  http.BaseHttpServer (BaseHttpServer.java:newHttpServer2BuilderForOzone(224)) - Starting Web-server for hddsDatanode at: http://0.0.0.0:15081
2023-05-17 09:09:02,292 [Listener at 127.0.0.1/15004] INFO  http.BaseHttpServer (BaseHttpServer.java:<init>(111)) - Hadoop Security Enabled: false Ozone Security Enabled: false Ozone HTTP Security Enabled: false 
2023-05-17 09:09:02,293 [Listener at 127.0.0.1/15004] WARN  server.AuthenticationFilter (AuthenticationFilter.java:constructSecretProvider(240)) - Unable to initialize FileSignerSecretProvider, falling back to use random secrets. Reason: Could not read signature secret file: /home/runner/hadoop-http-auth-signature-secret
2023-05-17 09:09:02,294 [Listener at 127.0.0.1/15004] INFO  http.HttpRequestLog (HttpRequestLog.java:getRequestLog(86)) - Http request log for http.requests.hddsDatanode is not defined
2023-05-17 09:09:02,296 [Listener at 127.0.0.1/15004] INFO  http.HttpServer2 (HttpServer2.java:addGlobalFilter(1031)) - Added global filter 'safety' (class=org.apache.hadoop.hdds.server.http.HttpServer2$QuotingInputFilter)
2023-05-17 09:09:02,296 [Listener at 127.0.0.1/15004] INFO  http.HttpServer2 (HttpServer2.java:addFilter(1007)) - Added filter static_user_filter (class=org.apache.hadoop.http.lib.StaticUserWebFilter$StaticUserFilter) to context hddsDatanode
2023-05-17 09:09:02,297 [Listener at 127.0.0.1/15004] INFO  http.HttpServer2 (HttpServer2.java:addFilter(1015)) - Added filter static_user_filter (class=org.apache.hadoop.http.lib.StaticUserWebFilter$StaticUserFilter) to context static
2023-05-17 09:09:02,297 [Listener at 127.0.0.1/15004] INFO  http.HttpServer2 (HttpServer2.java:addFilter(1015)) - Added filter static_user_filter (class=org.apache.hadoop.http.lib.StaticUserWebFilter$StaticUserFilter) to context logs
2023-05-17 09:09:02,297 [Listener at 127.0.0.1/15004] INFO  http.BaseHttpServer (BaseHttpServer.java:<init>(190)) - HTTP server of hddsDatanode uses base directory /home/runner/work/ozone/ozone/hadoop-ozone/integration-test/target/test-dir/MiniOzoneClusterImpl-21d14123-a168-44a2-bc0a-ee93e32dcc9b/datanode-9/meta/webserver
2023-05-17 09:09:02,297 [Listener at 127.0.0.1/15004] INFO  http.HttpServer2 (HttpServer2.java:bindListener(1250)) - Jetty bound to port 15081
2023-05-17 09:09:02,298 [Listener at 127.0.0.1/15004] INFO  server.Server (Server.java:doStart(375)) - jetty-9.4.51.v20230217; built: 2023-02-17T08:19:37.309Z; git: b45c405e4544384de066f814ed42ae3dceacdd49; jvm 1.8.0_362-b09
2023-05-17 09:09:02,299 [Listener at 127.0.0.1/15004] INFO  server.session (DefaultSessionIdManager.java:doStart(334)) - DefaultSessionIdManager workerName=node0
2023-05-17 09:09:02,299 [Listener at 127.0.0.1/15004] INFO  server.session (DefaultSessionIdManager.java:doStart(339)) - No SessionScavenger set, using defaults
2023-05-17 09:09:02,299 [Listener at 127.0.0.1/15004] INFO  server.session (HouseKeeper.java:startScavenging(132)) - node0 Scavenging every 600000ms
2023-05-17 09:09:02,300 [Listener at 127.0.0.1/15004] INFO  handler.ContextHandler (ContextHandler.java:doStart(921)) - Started o.e.j.s.ServletContextHandler@74d7c00a{logs,/logs,file:///home/runner/work/ozone/ozone/hadoop-ozone/integration-test/target/log,AVAILABLE}
2023-05-17 09:09:02,301 [Listener at 127.0.0.1/15004] INFO  handler.ContextHandler (ContextHandler.java:doStart(921)) - Started o.e.j.s.ServletContextHandler@ee55f69{static,/static,jar:file:/home/runner/.m2/repository/org/apache/ozone/hdds-container-service/1.4.0-SNAPSHOT/hdds-container-service-1.4.0-SNAPSHOT.jar!/webapps/static,AVAILABLE}
2023-05-17 09:09:02,497 [Listener at 127.0.0.1/15004] INFO  handler.ContextHandler (ContextHandler.java:doStart(921)) - Started o.e.j.w.WebAppContext@7d0ddcf0{hddsDatanode,/,file:///home/runner/work/ozone/ozone/hadoop-ozone/integration-test/target/test-dir/MiniOzoneClusterImpl-21d14123-a168-44a2-bc0a-ee93e32dcc9b/datanode-9/meta/webserver/jetty-0_0_0_0-15081-hdds-container-service-1_4_0-SNAPSHOT_jar-_-any-2832835063130065949/webapp/,AVAILABLE}{jar:file:/home/runner/.m2/repository/org/apache/ozone/hdds-container-service/1.4.0-SNAPSHOT/hdds-container-service-1.4.0-SNAPSHOT.jar!/webapps/hddsDatanode}
2023-05-17 09:09:02,498 [Listener at 127.0.0.1/15004] INFO  server.AbstractConnector (AbstractConnector.java:doStart(333)) - Started ServerConnector@1ecb9068{HTTP/1.1, (http/1.1)}{0.0.0.0:15081}
2023-05-17 09:09:02,499 [Listener at 127.0.0.1/15004] INFO  server.Server (Server.java:doStart(415)) - Started @13326ms
2023-05-17 09:09:02,499 [Listener at 127.0.0.1/15004] WARN  impl.MetricsSystemImpl (MetricsSystemImpl.java:register(279)) - Sink prometheus already exists!
2023-05-17 09:09:02,499 [Listener at 127.0.0.1/15004] INFO  http.BaseHttpServer (BaseHttpServer.java:updateConnectorAddress(344)) - HTTP server of hddsDatanode listening at http://0.0.0.0:15081
2023-05-17 09:09:02,501 [Listener at 127.0.0.1/15004] WARN  impl.MetricRegistriesImpl (MetricRegistriesImpl.java:addReporterRegistration(111)) - New reporters are added after registries were created. Some metrics will be missing from the reporter. Please add reporter before adding any new registry.
2023-05-17 09:09:02,501 [Listener at 127.0.0.1/15004] WARN  impl.MetricRegistriesImpl (MetricRegistriesImpl.java:addReporterRegistration(111)) - New reporters are added after registries were created. Some metrics will be missing from the reporter. Please add reporter before adding any new registry.
2023-05-17 09:09:02,501 [Listener at 127.0.0.1/15004] INFO  impl.MetricsSystemImpl (MetricsSystemImpl.java:init(158)) - HddsDatanode metrics system started (again)
2023-05-17 09:09:02,503 [Datanode State Machine Daemon Thread] INFO  statemachine.DatanodeStateMachine (DatanodeStateMachine.java:lambda$startDaemon$0(524)) - Ozone container server started.
2023-05-17 09:09:02,518 [Listener at 127.0.0.1/15004] INFO  ozone.HddsDatanodeService (HddsDatanodeService.java:start(252)) - HddsDatanodeService host:fv-az41-747.zje5jq5y5x4uznwvdkgxk4wc2h.cx.internal.cloudapp.net ip:10.1.0.64
2023-05-17 09:09:02,552 [Listener at 127.0.0.1/15004] INFO  upgrade.AbstractLayoutVersionManager (AbstractLayoutVersionManager.java:init(83)) - Initializing Layout version manager with metadata layout = WEBUI_PORTS_IN_DATANODEDETAILS (version = 6), software layout = WEBUI_PORTS_IN_DATANODEDETAILS (version = 6)
2023-05-17 09:09:02,552 [Listener at 127.0.0.1/15004] INFO  statemachine.DatanodeStateMachine (DatanodeStateMachine.java:getEndPointTaskThreadPoolSize(267)) - Datanode State Machine Task Thread Pool size 2
2023-05-17 09:09:02,556 [org.apache.hadoop.util.JvmPauseMonitor$Monitor@65f4f2cd] INFO  util.JvmPauseMonitor (JvmPauseMonitor.java:run(188)) - Starting JVM pause monitor
2023-05-17 09:09:02,556 [Datanode State Machine Task Thread - 0] INFO  datanode.InitDatanodeState (InitDatanodeState.java:persistContainerDatanodeDetails(138)) - DatanodeDetails is persisted to /home/runner/work/ozone/ozone/hadoop-ozone/integration-test/target/test-dir/MiniOzoneClusterImpl-21d14123-a168-44a2-bc0a-ee93e32dcc9b/datanode-9/meta/datanode.id
2023-05-17 09:09:02,561 [Listener at 127.0.0.1/15004] INFO  volume.HddsVolume (HddsVolume.java:<init>(130)) - Creating HddsVolume: /home/runner/work/ozone/ozone/hadoop-ozone/integration-test/target/test-dir/MiniOzoneClusterImpl-21d14123-a168-44a2-bc0a-ee93e32dcc9b/datanode-10/data-0/containers/hdds of storage type : DISK capacity : 9223372036854775807
2023-05-17 09:09:02,561 [Listener at 127.0.0.1/15004] INFO  volume.MutableVolumeSet (MutableVolumeSet.java:initializeVolumeSet(175)) - Added Volume : /home/runner/work/ozone/ozone/hadoop-ozone/integration-test/target/test-dir/MiniOzoneClusterImpl-21d14123-a168-44a2-bc0a-ee93e32dcc9b/datanode-10/data-0/containers/hdds to VolumeSet
2023-05-17 09:09:02,561 [Listener at 127.0.0.1/15004] INFO  volume.ThrottledAsyncChecker (ThrottledAsyncChecker.java:schedule(141)) - Scheduling a check for /home/runner/work/ozone/ozone/hadoop-ozone/integration-test/target/test-dir/MiniOzoneClusterImpl-21d14123-a168-44a2-bc0a-ee93e32dcc9b/datanode-10/data-0/containers/hdds
2023-05-17 09:09:02,562 [Listener at 127.0.0.1/15004] INFO  volume.StorageVolumeChecker (StorageVolumeChecker.java:checkAllVolumes(202)) - Scheduled health check for volume /home/runner/work/ozone/ozone/hadoop-ozone/integration-test/target/test-dir/MiniOzoneClusterImpl-21d14123-a168-44a2-bc0a-ee93e32dcc9b/datanode-10/data-0/containers/hdds
2023-05-17 09:09:02,583 [Listener at 127.0.0.1/15004] INFO  volume.MutableVolumeSet (MutableVolumeSet.java:initializeVolumeSet(175)) - Added Volume : /home/runner/work/ozone/ozone/hadoop-ozone/integration-test/target/test-dir/MiniOzoneClusterImpl-21d14123-a168-44a2-bc0a-ee93e32dcc9b/datanode-10/data/ratis to VolumeSet
2023-05-17 09:09:02,584 [Listener at 127.0.0.1/15004] INFO  volume.ThrottledAsyncChecker (ThrottledAsyncChecker.java:schedule(141)) - Scheduling a check for /home/runner/work/ozone/ozone/hadoop-ozone/integration-test/target/test-dir/MiniOzoneClusterImpl-21d14123-a168-44a2-bc0a-ee93e32dcc9b/datanode-10/data/ratis
2023-05-17 09:09:02,584 [Listener at 127.0.0.1/15004] INFO  volume.StorageVolumeChecker (StorageVolumeChecker.java:checkAllVolumes(202)) - Scheduled health check for volume /home/runner/work/ozone/ozone/hadoop-ozone/integration-test/target/test-dir/MiniOzoneClusterImpl-21d14123-a168-44a2-bc0a-ee93e32dcc9b/datanode-10/data/ratis
2023-05-17 09:09:02,590 [EndpointStateMachine task thread for /0.0.0.0:15002 - 0 ] INFO  utils.DatanodeStoreCache (DatanodeStoreCache.java:addDB(66)) - Added db /home/runner/work/ozone/ozone/hadoop-ozone/integration-test/target/test-dir/MiniOzoneClusterImpl-21d14123-a168-44a2-bc0a-ee93e32dcc9b/datanode-4/data-0/containers/hdds/21d14123-a168-44a2-bc0a-ee93e32dcc9b/DS-eb8a5b14-3ceb-4412-bc88-7c7afa5b4695/container.db to cache
2023-05-17 09:09:02,590 [EndpointStateMachine task thread for /0.0.0.0:15002 - 0 ] INFO  volume.HddsVolume (HddsVolume.java:createDbStore(350)) - SchemaV3 db is created and loaded at /home/runner/work/ozone/ozone/hadoop-ozone/integration-test/target/test-dir/MiniOzoneClusterImpl-21d14123-a168-44a2-bc0a-ee93e32dcc9b/datanode-4/data-0/containers/hdds/21d14123-a168-44a2-bc0a-ee93e32dcc9b/DS-eb8a5b14-3ceb-4412-bc88-7c7afa5b4695/container.db for volume DS-eb8a5b14-3ceb-4412-bc88-7c7afa5b4695
2023-05-17 09:09:02,590 [EndpointStateMachine task thread for /0.0.0.0:15002 - 0 ] INFO  ozoneimpl.OzoneContainer (OzoneContainer.java:start(397)) - Attempting to start container services.
2023-05-17 09:09:02,591 [EndpointStateMachine task thread for /0.0.0.0:15002 - 0 ] INFO  ozoneimpl.OzoneContainer (OzoneContainer.java:startContainerScrub(314)) - Scheduled background container scanners and the on-demand container scanner have been disabled.
2023-05-17 09:09:02,594 [EndpointStateMachine task thread for /0.0.0.0:15002 - 0 ] INFO  replication.ReplicationServer (ReplicationServer.java:start(128)) - ReplicationServer is started using port 15047
2023-05-17 09:09:02,594 [EndpointStateMachine task thread for /0.0.0.0:15002 - 0 ] INFO  ratis.XceiverServerRatis (XceiverServerRatis.java:start(517)) - Starting XceiverServerRatis b98521b2-5644-4aab-8244-d2e66a88cd45
2023-05-17 09:09:02,596 [EndpointStateMachine task thread for /0.0.0.0:15002 - 0 ] INFO  server.RaftServer (RaftServerProxy.java:startImpl(400)) - b98521b2-5644-4aab-8244-d2e66a88cd45: start RPC server
2023-05-17 09:09:02,598 [EndpointStateMachine task thread for /0.0.0.0:15002 - 0 ] INFO  server.GrpcService (GrpcService.java:startImpl(302)) - b98521b2-5644-4aab-8244-d2e66a88cd45: GrpcService started, listening on 15043
2023-05-17 09:09:02,599 [EndpointStateMachine task thread for /0.0.0.0:15002 - 0 ] INFO  server.GrpcService (GrpcService.java:startImpl(302)) - b98521b2-5644-4aab-8244-d2e66a88cd45: GrpcService started, listening on 15045
2023-05-17 09:09:02,606 [EndpointStateMachine task thread for /0.0.0.0:15002 - 0 ] INFO  server.GrpcService (GrpcService.java:startImpl(302)) - b98521b2-5644-4aab-8244-d2e66a88cd45: GrpcService started, listening on 15044
2023-05-17 09:09:02,606 [EndpointStateMachine task thread for /0.0.0.0:15002 - 0 ] INFO  ratis.XceiverServerRatis (XceiverServerRatis.java:getRealPort(543)) - XceiverServerRatis b98521b2-5644-4aab-8244-d2e66a88cd45 is started using port 15043 for RATIS
2023-05-17 09:09:02,606 [EndpointStateMachine task thread for /0.0.0.0:15002 - 0 ] INFO  ratis.XceiverServerRatis (XceiverServerRatis.java:getRealPort(543)) - XceiverServerRatis b98521b2-5644-4aab-8244-d2e66a88cd45 is started using port 15044 for RATIS_ADMIN
2023-05-17 09:09:02,606 [JvmPauseMonitor5] INFO  util.JvmPauseMonitor (JvmPauseMonitor.java:run(103)) - JvmPauseMonitor-b98521b2-5644-4aab-8244-d2e66a88cd45: Started
2023-05-17 09:09:02,606 [EndpointStateMachine task thread for /0.0.0.0:15002 - 0 ] INFO  ratis.XceiverServerRatis (XceiverServerRatis.java:getRealPort(543)) - XceiverServerRatis b98521b2-5644-4aab-8244-d2e66a88cd45 is started using port 15045 for RATIS_SERVER
2023-05-17 09:09:02,606 [EndpointStateMachine task thread for /0.0.0.0:15002 - 0 ] INFO  ratis.XceiverServerRatis (XceiverServerRatis.java:getRealPort(543)) - XceiverServerRatis b98521b2-5644-4aab-8244-d2e66a88cd45 is started using port 15046 for RATIS_DATASTREAM
2023-05-17 09:09:02,624 [BlockDeletingService#0] INFO  interfaces.ContainerDeletionChoosingPolicyTemplate (ContainerDeletionChoosingPolicyTemplate.java:chooseContainerForBlockDeletion(83)) - Chosen 0/5000 blocks from 0 candidate containers.
2023-05-17 09:09:02,624 [Thread-307] INFO  ozoneimpl.ContainerReader (ContainerReader.java:readVolume(175)) - Finish verifying containers on volume /home/runner/work/ozone/ozone/hadoop-ozone/integration-test/target/test-dir/MiniOzoneClusterImpl-21d14123-a168-44a2-bc0a-ee93e32dcc9b/datanode-10/data-0/containers/hdds
2023-05-17 09:09:02,625 [Listener at 127.0.0.1/15004] INFO  ozoneimpl.OzoneContainer (OzoneContainer.java:buildContainerSet(303)) - Build ContainerSet costs 0s
2023-05-17 09:09:02,628 [Listener at 127.0.0.1/15004] INFO  server.RaftServer (ConfUtils.java:logGet(46)) - raft.rpc.type = GRPC (default)
2023-05-17 09:09:02,628 [Listener at 127.0.0.1/15004] INFO  grpc.GrpcConfigKeys (ConfUtils.java:logFallback(53)) - raft.grpc.admin.host = null (fallback to raft.grpc.server.host)
2023-05-17 09:09:02,628 [Listener at 127.0.0.1/15004] INFO  grpc.GrpcConfigKeys (ConfUtils.java:logGet(46)) - raft.grpc.admin.port = 15092 (custom)
2023-05-17 09:09:02,629 [Listener at 127.0.0.1/15004] INFO  grpc.GrpcConfigKeys (ConfUtils.java:logFallback(53)) - raft.grpc.client.host = null (fallback to raft.grpc.server.host)
2023-05-17 09:09:02,629 [Listener at 127.0.0.1/15004] INFO  grpc.GrpcConfigKeys (ConfUtils.java:logGet(46)) - raft.grpc.client.port = 15091 (custom)
2023-05-17 09:09:02,629 [Listener at 127.0.0.1/15004] INFO  grpc.GrpcConfigKeys (ConfUtils.java:logGet(46)) - raft.grpc.server.host = null (default)
2023-05-17 09:09:02,629 [Listener at 127.0.0.1/15004] INFO  grpc.GrpcConfigKeys (ConfUtils.java:logGet(46)) - raft.grpc.server.port = 15093 (custom)
2023-05-17 09:09:02,629 [Listener at 127.0.0.1/15004] INFO  server.GrpcService (ConfUtils.java:logGet(46)) - raft.grpc.message.size.max = 32MB (=33554432) (custom)
2023-05-17 09:09:02,629 [Listener at 127.0.0.1/15004] INFO  server.RaftServerConfigKeys (ConfUtils.java:logGet(46)) - raft.server.log.appender.buffer.byte-limit = 33554432 (custom)
2023-05-17 09:09:02,629 [Listener at 127.0.0.1/15004] INFO  server.GrpcService (ConfUtils.java:logGet(46)) - raft.grpc.flow.control.window = 5MB (=5242880) (custom)
2023-05-17 09:09:02,629 [Listener at 127.0.0.1/15004] INFO  server.RaftServerConfigKeys (ConfUtils.java:logGet(46)) - raft.server.rpc.request.timeout = 60s (custom)
2023-05-17 09:09:02,630 [Listener at 127.0.0.1/15004] INFO  grpc.GrpcConfigKeys (ConfUtils.java:logGet(46)) - raft.grpc.server.heartbeat.channel = true (default)
2023-05-17 09:09:02,630 [Listener at 127.0.0.1/15004] INFO  grpc.GrpcConfigKeys (ConfUtils.java:logGet(46)) - raft.grpc.server.async.request.thread.pool.cached = true (default)
2023-05-17 09:09:02,630 [Listener at 127.0.0.1/15004] INFO  grpc.GrpcConfigKeys (ConfUtils.java:logGet(46)) - raft.grpc.server.async.request.thread.pool.size = 32 (default)
2023-05-17 09:09:02,632 [Listener at 127.0.0.1/15004] INFO  impl.DataStreamServerImpl (ConfUtils.java:logGet(46)) - raft.datastream.type = NETTY (custom)
2023-05-17 09:09:02,637 [Listener at 127.0.0.1/15004] INFO  server.RaftServerConfigKeys (ConfUtils.java:logGet(46)) - raft.server.data-stream.async.request.thread.pool.cached = false (default)
2023-05-17 09:09:02,638 [Listener at 127.0.0.1/15004] INFO  server.RaftServerConfigKeys (ConfUtils.java:logGet(46)) - raft.server.data-stream.async.request.thread.pool.size = 20 (custom)
2023-05-17 09:09:02,638 [Listener at 127.0.0.1/15004] INFO  server.RaftServerConfigKeys (ConfUtils.java:logGet(46)) - raft.server.data-stream.async.write.thread.pool.size = 16 (default)
2023-05-17 09:09:02,639 [Listener at 127.0.0.1/15004] INFO  server.RaftServerConfigKeys (ConfUtils.java:logGet(46)) - raft.server.data-stream.client.pool.size = 10 (default)
2023-05-17 09:09:02,639 [Listener at 127.0.0.1/15004] INFO  netty.NettyConfigKeys$DataStream (ConfUtils.java:logGet(46)) - raft.netty.dataStream.server.use-epoll = false (default)
2023-05-17 09:09:02,639 [Listener at 127.0.0.1/15004] INFO  netty.NettyConfigKeys$DataStream (ConfUtils.java:logGet(46)) - raft.netty.dataStream.server.boss-group.size = 0 (default)
2023-05-17 09:09:02,640 [Listener at 127.0.0.1/15004] INFO  netty.NettyConfigKeys$DataStream (ConfUtils.java:logGet(46)) - raft.netty.dataStream.server.worker-group.size = 0 (default)
2023-05-17 09:09:02,641 [Listener at 127.0.0.1/15004] INFO  netty.NettyConfigKeys$DataStream (ConfUtils.java:logGet(46)) - raft.netty.dataStream.server.tls.conf = null (default)
2023-05-17 09:09:02,641 [Listener at 127.0.0.1/15004] INFO  netty.NettyConfigKeys$DataStream (ConfUtils.java:logGet(46)) - raft.netty.dataStream.host = null (default)
2023-05-17 09:09:02,642 [Listener at 127.0.0.1/15004] INFO  netty.NettyConfigKeys$DataStream (ConfUtils.java:logGet(46)) - raft.netty.dataStream.port = 15094 (custom)
2023-05-17 09:09:02,645 [Listener at 127.0.0.1/15004] INFO  server.RaftServerConfigKeys (ConfUtils.java:logGet(46)) - raft.server.threadpool.proxy.cached = true (default)
2023-05-17 09:09:02,646 [Listener at 127.0.0.1/15004] INFO  server.RaftServerConfigKeys (ConfUtils.java:logGet(46)) - raft.server.threadpool.proxy.size = 0 (default)
2023-05-17 09:09:02,647 [f1b6f36b-e7af-48b8-b739-38f78676889c-NettyServerStreamRpc-bossGroup--thread1] INFO  logging.LoggingHandler (AbstractInternalLogger.java:log(148)) - [id: 0xdd454cd4] REGISTERED
2023-05-17 09:09:02,649 [f1b6f36b-e7af-48b8-b739-38f78676889c-NettyServerStreamRpc-bossGroup--thread1] INFO  logging.LoggingHandler (AbstractInternalLogger.java:log(148)) - [id: 0xdd454cd4] BIND: 0.0.0.0/0.0.0.0:15094
2023-05-17 09:09:02,647 [Listener at 127.0.0.1/15004] INFO  server.RaftServerConfigKeys (ConfUtils.java:logGet(46)) - raft.server.rpc.slowness.timeout = 300s (custom)
2023-05-17 09:09:02,650 [Listener at 127.0.0.1/15004] INFO  server.RaftServerConfigKeys (ConfUtils.java:logGet(46)) - raft.server.leaderelection.leader.step-down.wait-time = 10s (default)
2023-05-17 09:09:02,651 [Listener at 127.0.0.1/15004] INFO  server.RaftServerConfigKeys (ConfUtils.java:logGet(46)) - raft.server.storage.dir = [/home/runner/work/ozone/ozone/hadoop-ozone/integration-test/target/test-dir/MiniOzoneClusterImpl-21d14123-a168-44a2-bc0a-ee93e32dcc9b/datanode-10/data/ratis] (custom)
2023-05-17 09:09:02,651 [f1b6f36b-e7af-48b8-b739-38f78676889c-NettyServerStreamRpc-bossGroup--thread1] INFO  logging.LoggingHandler (AbstractInternalLogger.java:log(148)) - [id: 0xdd454cd4, L:/0:0:0:0:0:0:0:0:15094] ACTIVE
2023-05-17 09:09:02,654 [Listener at 127.0.0.1/15004] INFO  server.XceiverServerGrpc (XceiverServerGrpc.java:<init>(132)) - GrpcServer channel type EpollServerSocketChannel
2023-05-17 09:09:02,658 [Listener at 127.0.0.1/15004] INFO  replication.ReplicationSupervisor (ReplicationSupervisor.java:nodeStateUpdated(296)) - Node state updated to IN_SERVICE, scaling executor pool size to 10
2023-05-17 09:09:02,658 [Listener at 127.0.0.1/15004] INFO  token.OzoneBlockTokenSecretManager (OzoneSecretManager.java:updateCurrentKey(175)) - Updating current master key for generating tokens. Cert id 1007308062680
2023-05-17 09:09:02,660 [Listener at 127.0.0.1/15004] INFO  http.BaseHttpServer (BaseHttpServer.java:newHttpServer2BuilderForOzone(224)) - Starting Web-server for hddsDatanode at: http://0.0.0.0:15089
2023-05-17 09:09:02,660 [Listener at 127.0.0.1/15004] INFO  http.BaseHttpServer (BaseHttpServer.java:<init>(111)) - Hadoop Security Enabled: false Ozone Security Enabled: false Ozone HTTP Security Enabled: false 
2023-05-17 09:09:02,661 [Listener at 127.0.0.1/15004] WARN  server.AuthenticationFilter (AuthenticationFilter.java:constructSecretProvider(240)) - Unable to initialize FileSignerSecretProvider, falling back to use random secrets. Reason: Could not read signature secret file: /home/runner/hadoop-http-auth-signature-secret
2023-05-17 09:09:02,665 [Listener at 127.0.0.1/15004] INFO  http.HttpRequestLog (HttpRequestLog.java:getRequestLog(86)) - Http request log for http.requests.hddsDatanode is not defined
2023-05-17 09:09:02,667 [Listener at 127.0.0.1/15004] INFO  http.HttpServer2 (HttpServer2.java:addGlobalFilter(1031)) - Added global filter 'safety' (class=org.apache.hadoop.hdds.server.http.HttpServer2$QuotingInputFilter)
2023-05-17 09:09:02,667 [Listener at 127.0.0.1/15004] INFO  http.HttpServer2 (HttpServer2.java:addFilter(1007)) - Added filter static_user_filter (class=org.apache.hadoop.http.lib.StaticUserWebFilter$StaticUserFilter) to context hddsDatanode
2023-05-17 09:09:02,667 [Listener at 127.0.0.1/15004] INFO  http.HttpServer2 (HttpServer2.java:addFilter(1015)) - Added filter static_user_filter (class=org.apache.hadoop.http.lib.StaticUserWebFilter$StaticUserFilter) to context logs
2023-05-17 09:09:02,668 [Listener at 127.0.0.1/15004] INFO  http.HttpServer2 (HttpServer2.java:addFilter(1015)) - Added filter static_user_filter (class=org.apache.hadoop.http.lib.StaticUserWebFilter$StaticUserFilter) to context static
2023-05-17 09:09:02,668 [Listener at 127.0.0.1/15004] INFO  http.BaseHttpServer (BaseHttpServer.java:<init>(190)) - HTTP server of hddsDatanode uses base directory /home/runner/work/ozone/ozone/hadoop-ozone/integration-test/target/test-dir/MiniOzoneClusterImpl-21d14123-a168-44a2-bc0a-ee93e32dcc9b/datanode-10/meta/webserver
2023-05-17 09:09:02,668 [Listener at 127.0.0.1/15004] INFO  http.HttpServer2 (HttpServer2.java:bindListener(1250)) - Jetty bound to port 15089
2023-05-17 09:09:02,669 [Listener at 127.0.0.1/15004] INFO  server.Server (Server.java:doStart(375)) - jetty-9.4.51.v20230217; built: 2023-02-17T08:19:37.309Z; git: b45c405e4544384de066f814ed42ae3dceacdd49; jvm 1.8.0_362-b09
2023-05-17 09:09:02,671 [Listener at 127.0.0.1/15004] INFO  server.session (DefaultSessionIdManager.java:doStart(334)) - DefaultSessionIdManager workerName=node0
2023-05-17 09:09:02,671 [Listener at 127.0.0.1/15004] INFO  server.session (DefaultSessionIdManager.java:doStart(339)) - No SessionScavenger set, using defaults
2023-05-17 09:09:02,671 [Listener at 127.0.0.1/15004] INFO  server.session (HouseKeeper.java:startScavenging(132)) - node0 Scavenging every 600000ms
2023-05-17 09:09:02,672 [Listener at 127.0.0.1/15004] INFO  handler.ContextHandler (ContextHandler.java:doStart(921)) - Started o.e.j.s.ServletContextHandler@3c26a536{logs,/logs,file:///home/runner/work/ozone/ozone/hadoop-ozone/integration-test/target/log,AVAILABLE}
2023-05-17 09:09:02,673 [Listener at 127.0.0.1/15004] INFO  handler.ContextHandler (ContextHandler.java:doStart(921)) - Started o.e.j.s.ServletContextHandler@230e894{static,/static,jar:file:/home/runner/.m2/repository/org/apache/ozone/hdds-container-service/1.4.0-SNAPSHOT/hdds-container-service-1.4.0-SNAPSHOT.jar!/webapps/static,AVAILABLE}
2023-05-17 09:09:02,874 [EndpointStateMachine task thread for /0.0.0.0:15002 - 0 ] INFO  utils.DatanodeStoreCache (DatanodeStoreCache.java:addDB(66)) - Added db /home/runner/work/ozone/ozone/hadoop-ozone/integration-test/target/test-dir/MiniOzoneClusterImpl-21d14123-a168-44a2-bc0a-ee93e32dcc9b/datanode-5/data-0/containers/hdds/21d14123-a168-44a2-bc0a-ee93e32dcc9b/DS-69b7d735-4ef4-4d4a-bf03-5b7828e5017a/container.db to cache
2023-05-17 09:09:02,875 [EndpointStateMachine task thread for /0.0.0.0:15002 - 0 ] INFO  volume.HddsVolume (HddsVolume.java:createDbStore(350)) - SchemaV3 db is created and loaded at /home/runner/work/ozone/ozone/hadoop-ozone/integration-test/target/test-dir/MiniOzoneClusterImpl-21d14123-a168-44a2-bc0a-ee93e32dcc9b/datanode-5/data-0/containers/hdds/21d14123-a168-44a2-bc0a-ee93e32dcc9b/DS-69b7d735-4ef4-4d4a-bf03-5b7828e5017a/container.db for volume DS-69b7d735-4ef4-4d4a-bf03-5b7828e5017a
2023-05-17 09:09:02,875 [EndpointStateMachine task thread for /0.0.0.0:15002 - 0 ] INFO  ozoneimpl.OzoneContainer (OzoneContainer.java:start(397)) - Attempting to start container services.
2023-05-17 09:09:02,875 [EndpointStateMachine task thread for /0.0.0.0:15002 - 0 ] INFO  ozoneimpl.OzoneContainer (OzoneContainer.java:startContainerScrub(314)) - Scheduled background container scanners and the on-demand container scanner have been disabled.
2023-05-17 09:09:02,877 [EndpointStateMachine task thread for /0.0.0.0:15002 - 0 ] INFO  replication.ReplicationServer (ReplicationServer.java:start(128)) - ReplicationServer is started using port 15055
2023-05-17 09:09:02,877 [EndpointStateMachine task thread for /0.0.0.0:15002 - 0 ] INFO  ratis.XceiverServerRatis (XceiverServerRatis.java:start(517)) - Starting XceiverServerRatis b2b5d537-374d-472d-b9f1-d9543cb70a6b
2023-05-17 09:09:02,881 [EndpointStateMachine task thread for /0.0.0.0:15002 - 0 ] INFO  server.RaftServer (RaftServerProxy.java:startImpl(400)) - b2b5d537-374d-472d-b9f1-d9543cb70a6b: start RPC server
2023-05-17 09:09:02,883 [EndpointStateMachine task thread for /0.0.0.0:15002 - 0 ] INFO  server.GrpcService (GrpcService.java:startImpl(302)) - b2b5d537-374d-472d-b9f1-d9543cb70a6b: GrpcService started, listening on 15051
2023-05-17 09:09:02,884 [EndpointStateMachine task thread for /0.0.0.0:15002 - 0 ] INFO  server.GrpcService (GrpcService.java:startImpl(302)) - b2b5d537-374d-472d-b9f1-d9543cb70a6b: GrpcService started, listening on 15053
2023-05-17 09:09:02,886 [EndpointStateMachine task thread for /0.0.0.0:15002 - 0 ] INFO  server.GrpcService (GrpcService.java:startImpl(302)) - b2b5d537-374d-472d-b9f1-d9543cb70a6b: GrpcService started, listening on 15052
2023-05-17 09:09:02,886 [EndpointStateMachine task thread for /0.0.0.0:15002 - 0 ] INFO  ratis.XceiverServerRatis (XceiverServerRatis.java:getRealPort(543)) - XceiverServerRatis b2b5d537-374d-472d-b9f1-d9543cb70a6b is started using port 15051 for RATIS
2023-05-17 09:09:02,886 [EndpointStateMachine task thread for /0.0.0.0:15002 - 0 ] INFO  ratis.XceiverServerRatis (XceiverServerRatis.java:getRealPort(543)) - XceiverServerRatis b2b5d537-374d-472d-b9f1-d9543cb70a6b is started using port 15052 for RATIS_ADMIN
2023-05-17 09:09:02,886 [EndpointStateMachine task thread for /0.0.0.0:15002 - 0 ] INFO  ratis.XceiverServerRatis (XceiverServerRatis.java:getRealPort(543)) - XceiverServerRatis b2b5d537-374d-472d-b9f1-d9543cb70a6b is started using port 15053 for RATIS_SERVER
2023-05-17 09:09:02,886 [EndpointStateMachine task thread for /0.0.0.0:15002 - 0 ] INFO  ratis.XceiverServerRatis (XceiverServerRatis.java:getRealPort(543)) - XceiverServerRatis b2b5d537-374d-472d-b9f1-d9543cb70a6b is started using port 15054 for RATIS_DATASTREAM
2023-05-17 09:09:02,886 [JvmPauseMonitor6] INFO  util.JvmPauseMonitor (JvmPauseMonitor.java:run(103)) - JvmPauseMonitor-b2b5d537-374d-472d-b9f1-d9543cb70a6b: Started
2023-05-17 09:09:02,890 [BlockDeletingService#0] INFO  interfaces.ContainerDeletionChoosingPolicyTemplate (ContainerDeletionChoosingPolicyTemplate.java:chooseContainerForBlockDeletion(83)) - Chosen 0/5000 blocks from 0 candidate containers.
2023-05-17 09:09:02,907 [Listener at 127.0.0.1/15004] INFO  handler.ContextHandler (ContextHandler.java:doStart(921)) - Started o.e.j.w.WebAppContext@2e01a901{hddsDatanode,/,file:///home/runner/work/ozone/ozone/hadoop-ozone/integration-test/target/test-dir/MiniOzoneClusterImpl-21d14123-a168-44a2-bc0a-ee93e32dcc9b/datanode-10/meta/webserver/jetty-0_0_0_0-15089-hdds-container-service-1_4_0-SNAPSHOT_jar-_-any-3606085888003196956/webapp/,AVAILABLE}{jar:file:/home/runner/.m2/repository/org/apache/ozone/hdds-container-service/1.4.0-SNAPSHOT/hdds-container-service-1.4.0-SNAPSHOT.jar!/webapps/hddsDatanode}
2023-05-17 09:09:02,909 [Listener at 127.0.0.1/15004] INFO  server.AbstractConnector (AbstractConnector.java:doStart(333)) - Started ServerConnector@dae0597{HTTP/1.1, (http/1.1)}{0.0.0.0:15089}
2023-05-17 09:09:02,909 [Listener at 127.0.0.1/15004] INFO  server.Server (Server.java:doStart(415)) - Started @13736ms
2023-05-17 09:09:02,909 [Listener at 127.0.0.1/15004] WARN  impl.MetricsSystemImpl (MetricsSystemImpl.java:register(279)) - Sink prometheus already exists!
2023-05-17 09:09:02,910 [Listener at 127.0.0.1/15004] INFO  http.BaseHttpServer (BaseHttpServer.java:updateConnectorAddress(344)) - HTTP server of hddsDatanode listening at http://0.0.0.0:15089
2023-05-17 09:09:02,910 [Listener at 127.0.0.1/15004] WARN  impl.MetricRegistriesImpl (MetricRegistriesImpl.java:addReporterRegistration(111)) - New reporters are added after registries were created. Some metrics will be missing from the reporter. Please add reporter before adding any new registry.
2023-05-17 09:09:02,911 [Listener at 127.0.0.1/15004] WARN  impl.MetricRegistriesImpl (MetricRegistriesImpl.java:addReporterRegistration(111)) - New reporters are added after registries were created. Some metrics will be missing from the reporter. Please add reporter before adding any new registry.
2023-05-17 09:09:02,911 [Listener at 127.0.0.1/15004] INFO  impl.MetricsSystemImpl (MetricsSystemImpl.java:init(158)) - HddsDatanode metrics system started (again)
2023-05-17 09:09:02,913 [Datanode State Machine Daemon Thread] INFO  statemachine.DatanodeStateMachine (DatanodeStateMachine.java:lambda$startDaemon$0(524)) - Ozone container server started.
2023-05-17 09:09:02,925 [Listener at 127.0.0.1/15004] INFO  ozone.HddsDatanodeService (HddsDatanodeService.java:start(252)) - HddsDatanodeService host:fv-az41-747.zje5jq5y5x4uznwvdkgxk4wc2h.cx.internal.cloudapp.net ip:10.1.0.64
2023-05-17 09:09:02,926 [org.apache.hadoop.util.JvmPauseMonitor$Monitor@364ff8] INFO  util.JvmPauseMonitor (JvmPauseMonitor.java:run(188)) - Starting JVM pause monitor
2023-05-17 09:09:02,938 [Datanode State Machine Task Thread - 0] INFO  datanode.InitDatanodeState (InitDatanodeState.java:persistContainerDatanodeDetails(138)) - DatanodeDetails is persisted to /home/runner/work/ozone/ozone/hadoop-ozone/integration-test/target/test-dir/MiniOzoneClusterImpl-21d14123-a168-44a2-bc0a-ee93e32dcc9b/datanode-10/meta/datanode.id
2023-05-17 09:09:02,963 [Listener at 127.0.0.1/15004] INFO  upgrade.AbstractLayoutVersionManager (AbstractLayoutVersionManager.java:init(83)) - Initializing Layout version manager with metadata layout = WEBUI_PORTS_IN_DATANODEDETAILS (version = 6), software layout = WEBUI_PORTS_IN_DATANODEDETAILS (version = 6)
2023-05-17 09:09:02,964 [Listener at 127.0.0.1/15004] INFO  statemachine.DatanodeStateMachine (DatanodeStateMachine.java:getEndPointTaskThreadPoolSize(267)) - Datanode State Machine Task Thread Pool size 2
2023-05-17 09:09:02,965 [Listener at 127.0.0.1/15004] INFO  volume.HddsVolume (HddsVolume.java:<init>(130)) - Creating HddsVolume: /home/runner/work/ozone/ozone/hadoop-ozone/integration-test/target/test-dir/MiniOzoneClusterImpl-21d14123-a168-44a2-bc0a-ee93e32dcc9b/datanode-11/data-0/containers/hdds of storage type : DISK capacity : 9223372036854775807
2023-05-17 09:09:02,966 [Listener at 127.0.0.1/15004] INFO  volume.MutableVolumeSet (MutableVolumeSet.java:initializeVolumeSet(175)) - Added Volume : /home/runner/work/ozone/ozone/hadoop-ozone/integration-test/target/test-dir/MiniOzoneClusterImpl-21d14123-a168-44a2-bc0a-ee93e32dcc9b/datanode-11/data-0/containers/hdds to VolumeSet
2023-05-17 09:09:02,966 [Listener at 127.0.0.1/15004] INFO  volume.ThrottledAsyncChecker (ThrottledAsyncChecker.java:schedule(141)) - Scheduling a check for /home/runner/work/ozone/ozone/hadoop-ozone/integration-test/target/test-dir/MiniOzoneClusterImpl-21d14123-a168-44a2-bc0a-ee93e32dcc9b/datanode-11/data-0/containers/hdds
2023-05-17 09:09:02,966 [Listener at 127.0.0.1/15004] INFO  volume.StorageVolumeChecker (StorageVolumeChecker.java:checkAllVolumes(202)) - Scheduled health check for volume /home/runner/work/ozone/ozone/hadoop-ozone/integration-test/target/test-dir/MiniOzoneClusterImpl-21d14123-a168-44a2-bc0a-ee93e32dcc9b/datanode-11/data-0/containers/hdds
2023-05-17 09:09:02,978 [Listener at 127.0.0.1/15004] INFO  volume.MutableVolumeSet (MutableVolumeSet.java:initializeVolumeSet(175)) - Added Volume : /home/runner/work/ozone/ozone/hadoop-ozone/integration-test/target/test-dir/MiniOzoneClusterImpl-21d14123-a168-44a2-bc0a-ee93e32dcc9b/datanode-11/data/ratis to VolumeSet
2023-05-17 09:09:02,979 [Listener at 127.0.0.1/15004] INFO  volume.ThrottledAsyncChecker (ThrottledAsyncChecker.java:schedule(141)) - Scheduling a check for /home/runner/work/ozone/ozone/hadoop-ozone/integration-test/target/test-dir/MiniOzoneClusterImpl-21d14123-a168-44a2-bc0a-ee93e32dcc9b/datanode-11/data/ratis
2023-05-17 09:09:02,979 [Listener at 127.0.0.1/15004] INFO  volume.StorageVolumeChecker (StorageVolumeChecker.java:checkAllVolumes(202)) - Scheduled health check for volume /home/runner/work/ozone/ozone/hadoop-ozone/integration-test/target/test-dir/MiniOzoneClusterImpl-21d14123-a168-44a2-bc0a-ee93e32dcc9b/datanode-11/data/ratis
2023-05-17 09:09:02,991 [Thread-327] INFO  ozoneimpl.ContainerReader (ContainerReader.java:readVolume(175)) - Finish verifying containers on volume /home/runner/work/ozone/ozone/hadoop-ozone/integration-test/target/test-dir/MiniOzoneClusterImpl-21d14123-a168-44a2-bc0a-ee93e32dcc9b/datanode-11/data-0/containers/hdds
2023-05-17 09:09:02,991 [Listener at 127.0.0.1/15004] INFO  ozoneimpl.OzoneContainer (OzoneContainer.java:buildContainerSet(303)) - Build ContainerSet costs 0s
2023-05-17 09:09:02,994 [Listener at 127.0.0.1/15004] INFO  server.RaftServer (ConfUtils.java:logGet(46)) - raft.rpc.type = GRPC (default)
2023-05-17 09:09:02,994 [Listener at 127.0.0.1/15004] INFO  grpc.GrpcConfigKeys (ConfUtils.java:logFallback(53)) - raft.grpc.admin.host = null (fallback to raft.grpc.server.host)
2023-05-17 09:09:02,994 [Listener at 127.0.0.1/15004] INFO  grpc.GrpcConfigKeys (ConfUtils.java:logGet(46)) - raft.grpc.admin.port = 15100 (custom)
2023-05-17 09:09:02,994 [Listener at 127.0.0.1/15004] INFO  grpc.GrpcConfigKeys (ConfUtils.java:logFallback(53)) - raft.grpc.client.host = null (fallback to raft.grpc.server.host)
2023-05-17 09:09:02,994 [Listener at 127.0.0.1/15004] INFO  grpc.GrpcConfigKeys (ConfUtils.java:logGet(46)) - raft.grpc.client.port = 15099 (custom)
2023-05-17 09:09:02,994 [Listener at 127.0.0.1/15004] INFO  grpc.GrpcConfigKeys (ConfUtils.java:logGet(46)) - raft.grpc.server.host = null (default)
2023-05-17 09:09:02,994 [Listener at 127.0.0.1/15004] INFO  grpc.GrpcConfigKeys (ConfUtils.java:logGet(46)) - raft.grpc.server.port = 15101 (custom)
2023-05-17 09:09:02,995 [Listener at 127.0.0.1/15004] INFO  server.GrpcService (ConfUtils.java:logGet(46)) - raft.grpc.message.size.max = 32MB (=33554432) (custom)
2023-05-17 09:09:02,995 [Listener at 127.0.0.1/15004] INFO  server.RaftServerConfigKeys (ConfUtils.java:logGet(46)) - raft.server.log.appender.buffer.byte-limit = 33554432 (custom)
2023-05-17 09:09:02,995 [Listener at 127.0.0.1/15004] INFO  server.GrpcService (ConfUtils.java:logGet(46)) - raft.grpc.flow.control.window = 5MB (=5242880) (custom)
2023-05-17 09:09:02,995 [Listener at 127.0.0.1/15004] INFO  server.RaftServerConfigKeys (ConfUtils.java:logGet(46)) - raft.server.rpc.request.timeout = 60s (custom)
2023-05-17 09:09:02,995 [Listener at 127.0.0.1/15004] INFO  grpc.GrpcConfigKeys (ConfUtils.java:logGet(46)) - raft.grpc.server.heartbeat.channel = true (default)
2023-05-17 09:09:02,995 [Listener at 127.0.0.1/15004] INFO  grpc.GrpcConfigKeys (ConfUtils.java:logGet(46)) - raft.grpc.server.async.request.thread.pool.cached = true (default)
2023-05-17 09:09:02,995 [Listener at 127.0.0.1/15004] INFO  grpc.GrpcConfigKeys (ConfUtils.java:logGet(46)) - raft.grpc.server.async.request.thread.pool.size = 32 (default)
2023-05-17 09:09:02,998 [Listener at 127.0.0.1/15004] INFO  impl.DataStreamServerImpl (ConfUtils.java:logGet(46)) - raft.datastream.type = NETTY (custom)
2023-05-17 09:09:02,998 [Listener at 127.0.0.1/15004] INFO  server.RaftServerConfigKeys (ConfUtils.java:logGet(46)) - raft.server.data-stream.async.request.thread.pool.cached = false (default)
2023-05-17 09:09:02,999 [Listener at 127.0.0.1/15004] INFO  server.RaftServerConfigKeys (ConfUtils.java:logGet(46)) - raft.server.data-stream.async.request.thread.pool.size = 20 (custom)
2023-05-17 09:09:02,999 [Listener at 127.0.0.1/15004] INFO  server.RaftServerConfigKeys (ConfUtils.java:logGet(46)) - raft.server.data-stream.async.write.thread.pool.size = 16 (default)
2023-05-17 09:09:02,999 [Listener at 127.0.0.1/15004] INFO  server.RaftServerConfigKeys (ConfUtils.java:logGet(46)) - raft.server.data-stream.client.pool.size = 10 (default)
2023-05-17 09:09:02,999 [Listener at 127.0.0.1/15004] INFO  netty.NettyConfigKeys$DataStream (ConfUtils.java:logGet(46)) - raft.netty.dataStream.server.use-epoll = false (default)
2023-05-17 09:09:02,999 [Listener at 127.0.0.1/15004] INFO  netty.NettyConfigKeys$DataStream (ConfUtils.java:logGet(46)) - raft.netty.dataStream.server.boss-group.size = 0 (default)
2023-05-17 09:09:03,000 [Listener at 127.0.0.1/15004] INFO  netty.NettyConfigKeys$DataStream (ConfUtils.java:logGet(46)) - raft.netty.dataStream.server.worker-group.size = 0 (default)
2023-05-17 09:09:03,000 [Listener at 127.0.0.1/15004] INFO  netty.NettyConfigKeys$DataStream (ConfUtils.java:logGet(46)) - raft.netty.dataStream.server.tls.conf = null (default)
2023-05-17 09:09:03,000 [Listener at 127.0.0.1/15004] INFO  netty.NettyConfigKeys$DataStream (ConfUtils.java:logGet(46)) - raft.netty.dataStream.host = null (default)
2023-05-17 09:09:03,000 [Listener at 127.0.0.1/15004] INFO  netty.NettyConfigKeys$DataStream (ConfUtils.java:logGet(46)) - raft.netty.dataStream.port = 15102 (custom)
2023-05-17 09:09:03,001 [Listener at 127.0.0.1/15004] INFO  server.RaftServerConfigKeys (ConfUtils.java:logGet(46)) - raft.server.threadpool.proxy.cached = true (default)
2023-05-17 09:09:03,002 [Listener at 127.0.0.1/15004] INFO  server.RaftServerConfigKeys (ConfUtils.java:logGet(46)) - raft.server.threadpool.proxy.size = 0 (default)
2023-05-17 09:09:03,003 [Listener at 127.0.0.1/15004] INFO  server.RaftServerConfigKeys (ConfUtils.java:logGet(46)) - raft.server.rpc.slowness.timeout = 300s (custom)
2023-05-17 09:09:03,003 [Listener at 127.0.0.1/15004] INFO  server.RaftServerConfigKeys (ConfUtils.java:logGet(46)) - raft.server.leaderelection.leader.step-down.wait-time = 10s (default)
2023-05-17 09:09:03,003 [4ea9b805-d843-4364-8f91-0c3c20e3ed71-NettyServerStreamRpc-bossGroup--thread1] INFO  logging.LoggingHandler (AbstractInternalLogger.java:log(148)) - [id: 0x5c727357] REGISTERED
2023-05-17 09:09:03,004 [Listener at 127.0.0.1/15004] INFO  server.RaftServerConfigKeys (ConfUtils.java:logGet(46)) - raft.server.storage.dir = [/home/runner/work/ozone/ozone/hadoop-ozone/integration-test/target/test-dir/MiniOzoneClusterImpl-21d14123-a168-44a2-bc0a-ee93e32dcc9b/datanode-11/data/ratis] (custom)
2023-05-17 09:09:03,004 [4ea9b805-d843-4364-8f91-0c3c20e3ed71-NettyServerStreamRpc-bossGroup--thread1] INFO  logging.LoggingHandler (AbstractInternalLogger.java:log(148)) - [id: 0x5c727357] BIND: 0.0.0.0/0.0.0.0:15102
2023-05-17 09:09:03,004 [4ea9b805-d843-4364-8f91-0c3c20e3ed71-NettyServerStreamRpc-bossGroup--thread1] INFO  logging.LoggingHandler (AbstractInternalLogger.java:log(148)) - [id: 0x5c727357, L:/0:0:0:0:0:0:0:0:15102] ACTIVE
2023-05-17 09:09:03,006 [Listener at 127.0.0.1/15004] INFO  server.XceiverServerGrpc (XceiverServerGrpc.java:<init>(132)) - GrpcServer channel type EpollServerSocketChannel
2023-05-17 09:09:03,007 [Listener at 127.0.0.1/15004] INFO  replication.ReplicationSupervisor (ReplicationSupervisor.java:nodeStateUpdated(296)) - Node state updated to IN_SERVICE, scaling executor pool size to 10
2023-05-17 09:09:03,008 [Listener at 127.0.0.1/15004] INFO  token.OzoneBlockTokenSecretManager (OzoneSecretManager.java:updateCurrentKey(175)) - Updating current master key for generating tokens. Cert id 1007308062680
2023-05-17 09:09:03,011 [Listener at 127.0.0.1/15004] INFO  http.BaseHttpServer (BaseHttpServer.java:newHttpServer2BuilderForOzone(224)) - Starting Web-server for hddsDatanode at: http://0.0.0.0:15097
2023-05-17 09:09:03,011 [Listener at 127.0.0.1/15004] INFO  http.BaseHttpServer (BaseHttpServer.java:<init>(111)) - Hadoop Security Enabled: false Ozone Security Enabled: false Ozone HTTP Security Enabled: false 
2023-05-17 09:09:03,012 [Listener at 127.0.0.1/15004] WARN  server.AuthenticationFilter (AuthenticationFilter.java:constructSecretProvider(240)) - Unable to initialize FileSignerSecretProvider, falling back to use random secrets. Reason: Could not read signature secret file: /home/runner/hadoop-http-auth-signature-secret
2023-05-17 09:09:03,013 [Listener at 127.0.0.1/15004] INFO  http.HttpRequestLog (HttpRequestLog.java:getRequestLog(86)) - Http request log for http.requests.hddsDatanode is not defined
2023-05-17 09:09:03,014 [Listener at 127.0.0.1/15004] INFO  http.HttpServer2 (HttpServer2.java:addGlobalFilter(1031)) - Added global filter 'safety' (class=org.apache.hadoop.hdds.server.http.HttpServer2$QuotingInputFilter)
2023-05-17 09:09:03,015 [Listener at 127.0.0.1/15004] INFO  http.HttpServer2 (HttpServer2.java:addFilter(1007)) - Added filter static_user_filter (class=org.apache.hadoop.http.lib.StaticUserWebFilter$StaticUserFilter) to context hddsDatanode
2023-05-17 09:09:03,015 [Listener at 127.0.0.1/15004] INFO  http.HttpServer2 (HttpServer2.java:addFilter(1015)) - Added filter static_user_filter (class=org.apache.hadoop.http.lib.StaticUserWebFilter$StaticUserFilter) to context logs
2023-05-17 09:09:03,015 [Listener at 127.0.0.1/15004] INFO  http.HttpServer2 (HttpServer2.java:addFilter(1015)) - Added filter static_user_filter (class=org.apache.hadoop.http.lib.StaticUserWebFilter$StaticUserFilter) to context static
2023-05-17 09:09:03,016 [Listener at 127.0.0.1/15004] INFO  http.BaseHttpServer (BaseHttpServer.java:<init>(190)) - HTTP server of hddsDatanode uses base directory /home/runner/work/ozone/ozone/hadoop-ozone/integration-test/target/test-dir/MiniOzoneClusterImpl-21d14123-a168-44a2-bc0a-ee93e32dcc9b/datanode-11/meta/webserver
2023-05-17 09:09:03,016 [Listener at 127.0.0.1/15004] INFO  http.HttpServer2 (HttpServer2.java:bindListener(1250)) - Jetty bound to port 15097
2023-05-17 09:09:03,016 [Listener at 127.0.0.1/15004] INFO  server.Server (Server.java:doStart(375)) - jetty-9.4.51.v20230217; built: 2023-02-17T08:19:37.309Z; git: b45c405e4544384de066f814ed42ae3dceacdd49; jvm 1.8.0_362-b09
2023-05-17 09:09:03,026 [Listener at 127.0.0.1/15004] INFO  server.session (DefaultSessionIdManager.java:doStart(334)) - DefaultSessionIdManager workerName=node0
2023-05-17 09:09:03,026 [Listener at 127.0.0.1/15004] INFO  server.session (DefaultSessionIdManager.java:doStart(339)) - No SessionScavenger set, using defaults
2023-05-17 09:09:03,026 [Listener at 127.0.0.1/15004] INFO  server.session (HouseKeeper.java:startScavenging(132)) - node0 Scavenging every 660000ms
2023-05-17 09:09:03,027 [Listener at 127.0.0.1/15004] INFO  handler.ContextHandler (ContextHandler.java:doStart(921)) - Started o.e.j.s.ServletContextHandler@32aca0cd{logs,/logs,file:///home/runner/work/ozone/ozone/hadoop-ozone/integration-test/target/log,AVAILABLE}
2023-05-17 09:09:03,027 [Listener at 127.0.0.1/15004] INFO  handler.ContextHandler (ContextHandler.java:doStart(921)) - Started o.e.j.s.ServletContextHandler@15c5d50e{static,/static,jar:file:/home/runner/.m2/repository/org/apache/ozone/hdds-container-service/1.4.0-SNAPSHOT/hdds-container-service-1.4.0-SNAPSHOT.jar!/webapps/static,AVAILABLE}
2023-05-17 09:09:03,122 [IPC Server handler 4 on default port 15002] INFO  net.NetworkTopologyImpl (NetworkTopologyImpl.java:add(112)) - Added a new node: /default-rack/67f04e2a-34cd-4ea0-b74b-c8cb5d6f4ea5
2023-05-17 09:09:03,126 [IPC Server handler 4 on default port 15002] INFO  node.SCMNodeManager (SCMNodeManager.java:register(407)) - Registered Data node : 67f04e2a-34cd-4ea0-b74b-c8cb5d6f4ea5{ip: 10.1.0.64, host: fv-az41-747.zje5jq5y5x4uznwvdkgxk4wc2h.cx.internal.cloudapp.net, ports: [HTTP=15009, REPLICATION=15015, RATIS=15011, RATIS_ADMIN=15012, RATIS_SERVER=15013, RATIS_DATASTREAM=15014, STANDALONE=15010], networkLocation: /default-rack, certSerialId: null, persistedOpState: null, persistedOpStateExpiryEpochSec: 0}
2023-05-17 09:09:03,133 [EventQueue-NodeRegistrationContainerReportForDataNodeSafeModeRule] INFO  safemode.SCMSafeModeManager (DataNodeSafeModeRule.java:process(71)) - SCM in safe mode. 1 DataNodes registered, 3 required.
2023-05-17 09:09:03,145 [EventQueue-NewNodeForNewNodeHandler] INFO  pipeline.BackgroundPipelineCreator (BackgroundPipelineCreator.java:notifyEventTriggered(276)) - trigger a one-shot run on RatisPipelineUtilsThread.
2023-05-17 09:09:03,133 [EventQueue-NodeRegistrationContainerReportForContainerSafeModeRule] INFO  safemode.SCMSafeModeManager (SCMSafeModeManager.java:validateSafeModeExitRules(200)) - ContainerSafeModeRule rule is successfully validated
2023-05-17 09:09:03,161 [EventQueue-PipelineReportForOneReplicaPipelineSafeModeRule] INFO  safemode.SCMSafeModeManager (SCMSafeModeManager.java:validateSafeModeExitRules(200)) - AtleastOneDatanodeReportedRule rule is successfully validated
2023-05-17 09:09:03,171 [RatisPipelineUtilsThread - 0] INFO  pipeline.RatisPipelineProvider (RatisPipelineProvider.java:lambda$create$0(206)) - Sending CreatePipelineCommand for pipeline:PipelineID=51182364-abf3-40eb-b9a7-2664bbecd281 to datanode:67f04e2a-34cd-4ea0-b74b-c8cb5d6f4ea5
2023-05-17 09:09:03,195 [RatisPipelineUtilsThread - 0] INFO  pipeline.PipelineStateManagerImpl (PipelineStateManagerImpl.java:addPipeline(103)) - Created pipeline Pipeline[ Id: 51182364-abf3-40eb-b9a7-2664bbecd281, Nodes: 67f04e2a-34cd-4ea0-b74b-c8cb5d6f4ea5(fv-az41-747.zje5jq5y5x4uznwvdkgxk4wc2h.cx.internal.cloudapp.net/10.1.0.64), ReplicationConfig: RATIS/ONE, State:ALLOCATED, leaderId:, CreationTimestamp2023-05-17T09:09:03.168Z[Etc/UTC]].
2023-05-17 09:09:03,263 [EndpointStateMachine task thread for /0.0.0.0:15002 - 0 ] INFO  utils.DatanodeStoreCache (DatanodeStoreCache.java:addDB(66)) - Added db /home/runner/work/ozone/ozone/hadoop-ozone/integration-test/target/test-dir/MiniOzoneClusterImpl-21d14123-a168-44a2-bc0a-ee93e32dcc9b/datanode-6/data-0/containers/hdds/21d14123-a168-44a2-bc0a-ee93e32dcc9b/DS-e6fd543f-4499-4b15-9a4b-898f106d3433/container.db to cache
2023-05-17 09:09:03,263 [EndpointStateMachine task thread for /0.0.0.0:15002 - 0 ] INFO  volume.HddsVolume (HddsVolume.java:createDbStore(350)) - SchemaV3 db is created and loaded at /home/runner/work/ozone/ozone/hadoop-ozone/integration-test/target/test-dir/MiniOzoneClusterImpl-21d14123-a168-44a2-bc0a-ee93e32dcc9b/datanode-6/data-0/containers/hdds/21d14123-a168-44a2-bc0a-ee93e32dcc9b/DS-e6fd543f-4499-4b15-9a4b-898f106d3433/container.db for volume DS-e6fd543f-4499-4b15-9a4b-898f106d3433
2023-05-17 09:09:03,265 [EndpointStateMachine task thread for /0.0.0.0:15002 - 0 ] INFO  ozoneimpl.OzoneContainer (OzoneContainer.java:start(397)) - Attempting to start container services.
2023-05-17 09:09:03,265 [EndpointStateMachine task thread for /0.0.0.0:15002 - 0 ] INFO  ozoneimpl.OzoneContainer (OzoneContainer.java:startContainerScrub(314)) - Scheduled background container scanners and the on-demand container scanner have been disabled.
2023-05-17 09:09:03,269 [EndpointStateMachine task thread for /0.0.0.0:15002 - 0 ] INFO  replication.ReplicationServer (ReplicationServer.java:start(128)) - ReplicationServer is started using port 15063
2023-05-17 09:09:03,269 [EndpointStateMachine task thread for /0.0.0.0:15002 - 0 ] INFO  ratis.XceiverServerRatis (XceiverServerRatis.java:start(517)) - Starting XceiverServerRatis bcbacd9a-ca93-42dd-bb1e-f9c21d91cd60
2023-05-17 09:09:03,273 [EndpointStateMachine task thread for /0.0.0.0:15002 - 0 ] INFO  server.RaftServer (RaftServerProxy.java:startImpl(400)) - bcbacd9a-ca93-42dd-bb1e-f9c21d91cd60: start RPC server
2023-05-17 09:09:03,275 [EndpointStateMachine task thread for /0.0.0.0:15002 - 0 ] INFO  server.GrpcService (GrpcService.java:startImpl(302)) - bcbacd9a-ca93-42dd-bb1e-f9c21d91cd60: GrpcService started, listening on 15059
2023-05-17 09:09:03,277 [EndpointStateMachine task thread for /0.0.0.0:15002 - 0 ] INFO  server.GrpcService (GrpcService.java:startImpl(302)) - bcbacd9a-ca93-42dd-bb1e-f9c21d91cd60: GrpcService started, listening on 15061
2023-05-17 09:09:03,278 [EndpointStateMachine task thread for /0.0.0.0:15002 - 0 ] INFO  server.GrpcService (GrpcService.java:startImpl(302)) - bcbacd9a-ca93-42dd-bb1e-f9c21d91cd60: GrpcService started, listening on 15060
2023-05-17 09:09:03,278 [EndpointStateMachine task thread for /0.0.0.0:15002 - 0 ] INFO  ratis.XceiverServerRatis (XceiverServerRatis.java:getRealPort(543)) - XceiverServerRatis bcbacd9a-ca93-42dd-bb1e-f9c21d91cd60 is started using port 15059 for RATIS
2023-05-17 09:09:03,278 [EndpointStateMachine task thread for /0.0.0.0:15002 - 0 ] INFO  ratis.XceiverServerRatis (XceiverServerRatis.java:getRealPort(543)) - XceiverServerRatis bcbacd9a-ca93-42dd-bb1e-f9c21d91cd60 is started using port 15060 for RATIS_ADMIN
2023-05-17 09:09:03,278 [EndpointStateMachine task thread for /0.0.0.0:15002 - 0 ] INFO  ratis.XceiverServerRatis (XceiverServerRatis.java:getRealPort(543)) - XceiverServerRatis bcbacd9a-ca93-42dd-bb1e-f9c21d91cd60 is started using port 15061 for RATIS_SERVER
2023-05-17 09:09:03,278 [EndpointStateMachine task thread for /0.0.0.0:15002 - 0 ] INFO  ratis.XceiverServerRatis (XceiverServerRatis.java:getRealPort(543)) - XceiverServerRatis bcbacd9a-ca93-42dd-bb1e-f9c21d91cd60 is started using port 15062 for RATIS_DATASTREAM
2023-05-17 09:09:03,278 [JvmPauseMonitor7] INFO  util.JvmPauseMonitor (JvmPauseMonitor.java:run(103)) - JvmPauseMonitor-bcbacd9a-ca93-42dd-bb1e-f9c21d91cd60: Started
2023-05-17 09:09:03,289 [BlockDeletingService#0] INFO  interfaces.ContainerDeletionChoosingPolicyTemplate (ContainerDeletionChoosingPolicyTemplate.java:chooseContainerForBlockDeletion(83)) - Chosen 0/5000 blocks from 0 candidate containers.
2023-05-17 09:09:03,346 [Listener at 127.0.0.1/15004] INFO  handler.ContextHandler (ContextHandler.java:doStart(921)) - Started o.e.j.w.WebAppContext@54ccb107{hddsDatanode,/,file:///home/runner/work/ozone/ozone/hadoop-ozone/integration-test/target/test-dir/MiniOzoneClusterImpl-21d14123-a168-44a2-bc0a-ee93e32dcc9b/datanode-11/meta/webserver/jetty-0_0_0_0-15097-hdds-container-service-1_4_0-SNAPSHOT_jar-_-any-2094992496773316357/webapp/,AVAILABLE}{jar:file:/home/runner/.m2/repository/org/apache/ozone/hdds-container-service/1.4.0-SNAPSHOT/hdds-container-service-1.4.0-SNAPSHOT.jar!/webapps/hddsDatanode}
2023-05-17 09:09:03,350 [Listener at 127.0.0.1/15004] INFO  server.AbstractConnector (AbstractConnector.java:doStart(333)) - Started ServerConnector@657bc95{HTTP/1.1, (http/1.1)}{0.0.0.0:15097}
2023-05-17 09:09:03,350 [Listener at 127.0.0.1/15004] INFO  server.Server (Server.java:doStart(415)) - Started @14177ms
2023-05-17 09:09:03,350 [Listener at 127.0.0.1/15004] WARN  impl.MetricsSystemImpl (MetricsSystemImpl.java:register(279)) - Sink prometheus already exists!
2023-05-17 09:09:03,351 [Listener at 127.0.0.1/15004] INFO  http.BaseHttpServer (BaseHttpServer.java:updateConnectorAddress(344)) - HTTP server of hddsDatanode listening at http://0.0.0.0:15097
2023-05-17 09:09:03,352 [Listener at 127.0.0.1/15004] WARN  impl.MetricRegistriesImpl (MetricRegistriesImpl.java:addReporterRegistration(111)) - New reporters are added after registries were created. Some metrics will be missing from the reporter. Please add reporter before adding any new registry.
2023-05-17 09:09:03,352 [Listener at 127.0.0.1/15004] WARN  impl.MetricRegistriesImpl (MetricRegistriesImpl.java:addReporterRegistration(111)) - New reporters are added after registries were created. Some metrics will be missing from the reporter. Please add reporter before adding any new registry.
2023-05-17 09:09:03,352 [Listener at 127.0.0.1/15004] INFO  impl.MetricsSystemImpl (MetricsSystemImpl.java:init(158)) - HddsDatanode metrics system started (again)
2023-05-17 09:09:03,358 [Datanode State Machine Daemon Thread] INFO  statemachine.DatanodeStateMachine (DatanodeStateMachine.java:lambda$startDaemon$0(524)) - Ozone container server started.
2023-05-17 09:09:03,366 [org.apache.hadoop.util.JvmPauseMonitor$Monitor@324ed67d] INFO  util.JvmPauseMonitor (JvmPauseMonitor.java:run(188)) - Starting JVM pause monitor
2023-05-17 09:09:03,372 [Listener at 127.0.0.1/15004] INFO  ozone.HddsDatanodeService (HddsDatanodeService.java:start(252)) - HddsDatanodeService host:fv-az41-747.zje5jq5y5x4uznwvdkgxk4wc2h.cx.internal.cloudapp.net ip:10.1.0.64
2023-05-17 09:09:03,385 [Datanode State Machine Task Thread - 0] INFO  datanode.InitDatanodeState (InitDatanodeState.java:persistContainerDatanodeDetails(138)) - DatanodeDetails is persisted to /home/runner/work/ozone/ozone/hadoop-ozone/integration-test/target/test-dir/MiniOzoneClusterImpl-21d14123-a168-44a2-bc0a-ee93e32dcc9b/datanode-11/meta/datanode.id
2023-05-17 09:09:03,402 [Listener at 127.0.0.1/15004] INFO  upgrade.AbstractLayoutVersionManager (AbstractLayoutVersionManager.java:init(83)) - Initializing Layout version manager with metadata layout = WEBUI_PORTS_IN_DATANODEDETAILS (version = 6), software layout = WEBUI_PORTS_IN_DATANODEDETAILS (version = 6)
2023-05-17 09:09:03,404 [Listener at 127.0.0.1/15004] INFO  statemachine.DatanodeStateMachine (DatanodeStateMachine.java:getEndPointTaskThreadPoolSize(267)) - Datanode State Machine Task Thread Pool size 2
2023-05-17 09:09:03,409 [Listener at 127.0.0.1/15004] INFO  volume.HddsVolume (HddsVolume.java:<init>(130)) - Creating HddsVolume: /home/runner/work/ozone/ozone/hadoop-ozone/integration-test/target/test-dir/MiniOzoneClusterImpl-21d14123-a168-44a2-bc0a-ee93e32dcc9b/datanode-12/data-0/containers/hdds of storage type : DISK capacity : 9223372036854775807
2023-05-17 09:09:03,410 [Listener at 127.0.0.1/15004] INFO  volume.MutableVolumeSet (MutableVolumeSet.java:initializeVolumeSet(175)) - Added Volume : /home/runner/work/ozone/ozone/hadoop-ozone/integration-test/target/test-dir/MiniOzoneClusterImpl-21d14123-a168-44a2-bc0a-ee93e32dcc9b/datanode-12/data-0/containers/hdds to VolumeSet
2023-05-17 09:09:03,410 [Listener at 127.0.0.1/15004] INFO  volume.ThrottledAsyncChecker (ThrottledAsyncChecker.java:schedule(141)) - Scheduling a check for /home/runner/work/ozone/ozone/hadoop-ozone/integration-test/target/test-dir/MiniOzoneClusterImpl-21d14123-a168-44a2-bc0a-ee93e32dcc9b/datanode-12/data-0/containers/hdds
2023-05-17 09:09:03,411 [Listener at 127.0.0.1/15004] INFO  volume.StorageVolumeChecker (StorageVolumeChecker.java:checkAllVolumes(202)) - Scheduled health check for volume /home/runner/work/ozone/ozone/hadoop-ozone/integration-test/target/test-dir/MiniOzoneClusterImpl-21d14123-a168-44a2-bc0a-ee93e32dcc9b/datanode-12/data-0/containers/hdds
2023-05-17 09:09:03,425 [Listener at 127.0.0.1/15004] INFO  volume.MutableVolumeSet (MutableVolumeSet.java:initializeVolumeSet(175)) - Added Volume : /home/runner/work/ozone/ozone/hadoop-ozone/integration-test/target/test-dir/MiniOzoneClusterImpl-21d14123-a168-44a2-bc0a-ee93e32dcc9b/datanode-12/data/ratis to VolumeSet
2023-05-17 09:09:03,425 [Listener at 127.0.0.1/15004] INFO  volume.ThrottledAsyncChecker (ThrottledAsyncChecker.java:schedule(141)) - Scheduling a check for /home/runner/work/ozone/ozone/hadoop-ozone/integration-test/target/test-dir/MiniOzoneClusterImpl-21d14123-a168-44a2-bc0a-ee93e32dcc9b/datanode-12/data/ratis
2023-05-17 09:09:03,426 [Listener at 127.0.0.1/15004] INFO  volume.StorageVolumeChecker (StorageVolumeChecker.java:checkAllVolumes(202)) - Scheduled health check for volume /home/runner/work/ozone/ozone/hadoop-ozone/integration-test/target/test-dir/MiniOzoneClusterImpl-21d14123-a168-44a2-bc0a-ee93e32dcc9b/datanode-12/data/ratis
2023-05-17 09:09:03,442 [Thread-352] INFO  ozoneimpl.ContainerReader (ContainerReader.java:readVolume(175)) - Finish verifying containers on volume /home/runner/work/ozone/ozone/hadoop-ozone/integration-test/target/test-dir/MiniOzoneClusterImpl-21d14123-a168-44a2-bc0a-ee93e32dcc9b/datanode-12/data-0/containers/hdds
2023-05-17 09:09:03,443 [Listener at 127.0.0.1/15004] INFO  ozoneimpl.OzoneContainer (OzoneContainer.java:buildContainerSet(303)) - Build ContainerSet costs 0s
2023-05-17 09:09:03,446 [Listener at 127.0.0.1/15004] INFO  server.RaftServer (ConfUtils.java:logGet(46)) - raft.rpc.type = GRPC (default)
2023-05-17 09:09:03,446 [Listener at 127.0.0.1/15004] INFO  grpc.GrpcConfigKeys (ConfUtils.java:logFallback(53)) - raft.grpc.admin.host = null (fallback to raft.grpc.server.host)
2023-05-17 09:09:03,446 [Listener at 127.0.0.1/15004] INFO  grpc.GrpcConfigKeys (ConfUtils.java:logGet(46)) - raft.grpc.admin.port = 15108 (custom)
2023-05-17 09:09:03,446 [Listener at 127.0.0.1/15004] INFO  grpc.GrpcConfigKeys (ConfUtils.java:logFallback(53)) - raft.grpc.client.host = null (fallback to raft.grpc.server.host)
2023-05-17 09:09:03,447 [Listener at 127.0.0.1/15004] INFO  grpc.GrpcConfigKeys (ConfUtils.java:logGet(46)) - raft.grpc.client.port = 15107 (custom)
2023-05-17 09:09:03,447 [Listener at 127.0.0.1/15004] INFO  grpc.GrpcConfigKeys (ConfUtils.java:logGet(46)) - raft.grpc.server.host = null (default)
2023-05-17 09:09:03,447 [Listener at 127.0.0.1/15004] INFO  grpc.GrpcConfigKeys (ConfUtils.java:logGet(46)) - raft.grpc.server.port = 15109 (custom)
2023-05-17 09:09:03,447 [Listener at 127.0.0.1/15004] INFO  server.GrpcService (ConfUtils.java:logGet(46)) - raft.grpc.message.size.max = 32MB (=33554432) (custom)
2023-05-17 09:09:03,447 [Listener at 127.0.0.1/15004] INFO  server.RaftServerConfigKeys (ConfUtils.java:logGet(46)) - raft.server.log.appender.buffer.byte-limit = 33554432 (custom)
2023-05-17 09:09:03,447 [Listener at 127.0.0.1/15004] INFO  server.GrpcService (ConfUtils.java:logGet(46)) - raft.grpc.flow.control.window = 5MB (=5242880) (custom)
2023-05-17 09:09:03,447 [Listener at 127.0.0.1/15004] INFO  server.RaftServerConfigKeys (ConfUtils.java:logGet(46)) - raft.server.rpc.request.timeout = 60s (custom)
2023-05-17 09:09:03,448 [Listener at 127.0.0.1/15004] INFO  grpc.GrpcConfigKeys (ConfUtils.java:logGet(46)) - raft.grpc.server.heartbeat.channel = true (default)
2023-05-17 09:09:03,448 [Listener at 127.0.0.1/15004] INFO  grpc.GrpcConfigKeys (ConfUtils.java:logGet(46)) - raft.grpc.server.async.request.thread.pool.cached = true (default)
2023-05-17 09:09:03,448 [Listener at 127.0.0.1/15004] INFO  grpc.GrpcConfigKeys (ConfUtils.java:logGet(46)) - raft.grpc.server.async.request.thread.pool.size = 32 (default)
2023-05-17 09:09:03,451 [Listener at 127.0.0.1/15004] INFO  impl.DataStreamServerImpl (ConfUtils.java:logGet(46)) - raft.datastream.type = NETTY (custom)
2023-05-17 09:09:03,452 [Listener at 127.0.0.1/15004] INFO  server.RaftServerConfigKeys (ConfUtils.java:logGet(46)) - raft.server.data-stream.async.request.thread.pool.cached = false (default)
2023-05-17 09:09:03,453 [Listener at 127.0.0.1/15004] INFO  server.RaftServerConfigKeys (ConfUtils.java:logGet(46)) - raft.server.data-stream.async.request.thread.pool.size = 20 (custom)
2023-05-17 09:09:03,456 [Listener at 127.0.0.1/15004] INFO  server.RaftServerConfigKeys (ConfUtils.java:logGet(46)) - raft.server.data-stream.async.write.thread.pool.size = 16 (default)
2023-05-17 09:09:03,457 [Listener at 127.0.0.1/15004] INFO  server.RaftServerConfigKeys (ConfUtils.java:logGet(46)) - raft.server.data-stream.client.pool.size = 10 (default)
2023-05-17 09:09:03,457 [Listener at 127.0.0.1/15004] INFO  netty.NettyConfigKeys$DataStream (ConfUtils.java:logGet(46)) - raft.netty.dataStream.server.use-epoll = false (default)
2023-05-17 09:09:03,457 [Listener at 127.0.0.1/15004] INFO  netty.NettyConfigKeys$DataStream (ConfUtils.java:logGet(46)) - raft.netty.dataStream.server.boss-group.size = 0 (default)
2023-05-17 09:09:03,457 [Listener at 127.0.0.1/15004] INFO  netty.NettyConfigKeys$DataStream (ConfUtils.java:logGet(46)) - raft.netty.dataStream.server.worker-group.size = 0 (default)
2023-05-17 09:09:03,459 [Listener at 127.0.0.1/15004] INFO  netty.NettyConfigKeys$DataStream (ConfUtils.java:logGet(46)) - raft.netty.dataStream.server.tls.conf = null (default)
2023-05-17 09:09:03,459 [Listener at 127.0.0.1/15004] INFO  netty.NettyConfigKeys$DataStream (ConfUtils.java:logGet(46)) - raft.netty.dataStream.host = null (default)
2023-05-17 09:09:03,459 [Listener at 127.0.0.1/15004] INFO  netty.NettyConfigKeys$DataStream (ConfUtils.java:logGet(46)) - raft.netty.dataStream.port = 15110 (custom)
2023-05-17 09:09:03,459 [Listener at 127.0.0.1/15004] INFO  server.RaftServerConfigKeys (ConfUtils.java:logGet(46)) - raft.server.threadpool.proxy.cached = true (default)
2023-05-17 09:09:03,459 [Listener at 127.0.0.1/15004] INFO  server.RaftServerConfigKeys (ConfUtils.java:logGet(46)) - raft.server.threadpool.proxy.size = 0 (default)
2023-05-17 09:09:03,460 [Listener at 127.0.0.1/15004] INFO  server.RaftServerConfigKeys (ConfUtils.java:logGet(46)) - raft.server.rpc.slowness.timeout = 300s (custom)
2023-05-17 09:09:03,460 [Listener at 127.0.0.1/15004] INFO  server.RaftServerConfigKeys (ConfUtils.java:logGet(46)) - raft.server.leaderelection.leader.step-down.wait-time = 10s (default)
2023-05-17 09:09:03,460 [Listener at 127.0.0.1/15004] INFO  server.RaftServerConfigKeys (ConfUtils.java:logGet(46)) - raft.server.storage.dir = [/home/runner/work/ozone/ozone/hadoop-ozone/integration-test/target/test-dir/MiniOzoneClusterImpl-21d14123-a168-44a2-bc0a-ee93e32dcc9b/datanode-12/data/ratis] (custom)
2023-05-17 09:09:03,465 [84eda2eb-aea9-437c-8414-760cea80ce07-NettyServerStreamRpc-bossGroup--thread1] INFO  logging.LoggingHandler (AbstractInternalLogger.java:log(148)) - [id: 0x5dbb8758] REGISTERED
2023-05-17 09:09:03,465 [84eda2eb-aea9-437c-8414-760cea80ce07-NettyServerStreamRpc-bossGroup--thread1] INFO  logging.LoggingHandler (AbstractInternalLogger.java:log(148)) - [id: 0x5dbb8758] BIND: 0.0.0.0/0.0.0.0:15110
2023-05-17 09:09:03,466 [84eda2eb-aea9-437c-8414-760cea80ce07-NettyServerStreamRpc-bossGroup--thread1] INFO  logging.LoggingHandler (AbstractInternalLogger.java:log(148)) - [id: 0x5dbb8758, L:/0:0:0:0:0:0:0:0:15110] ACTIVE
2023-05-17 09:09:03,468 [Listener at 127.0.0.1/15004] INFO  server.XceiverServerGrpc (XceiverServerGrpc.java:<init>(132)) - GrpcServer channel type EpollServerSocketChannel
2023-05-17 09:09:03,472 [Listener at 127.0.0.1/15004] INFO  replication.ReplicationSupervisor (ReplicationSupervisor.java:nodeStateUpdated(296)) - Node state updated to IN_SERVICE, scaling executor pool size to 10
2023-05-17 09:09:03,474 [Listener at 127.0.0.1/15004] INFO  token.OzoneBlockTokenSecretManager (OzoneSecretManager.java:updateCurrentKey(175)) - Updating current master key for generating tokens. Cert id 1007308062680
2023-05-17 09:09:03,475 [Listener at 127.0.0.1/15004] INFO  http.BaseHttpServer (BaseHttpServer.java:newHttpServer2BuilderForOzone(224)) - Starting Web-server for hddsDatanode at: http://0.0.0.0:15105
2023-05-17 09:09:03,475 [Listener at 127.0.0.1/15004] INFO  http.BaseHttpServer (BaseHttpServer.java:<init>(111)) - Hadoop Security Enabled: false Ozone Security Enabled: false Ozone HTTP Security Enabled: false 
2023-05-17 09:09:03,476 [Listener at 127.0.0.1/15004] WARN  server.AuthenticationFilter (AuthenticationFilter.java:constructSecretProvider(240)) - Unable to initialize FileSignerSecretProvider, falling back to use random secrets. Reason: Could not read signature secret file: /home/runner/hadoop-http-auth-signature-secret
2023-05-17 09:09:03,481 [Listener at 127.0.0.1/15004] INFO  http.HttpRequestLog (HttpRequestLog.java:getRequestLog(86)) - Http request log for http.requests.hddsDatanode is not defined
2023-05-17 09:09:03,485 [IPC Server handler 1 on default port 15002] INFO  net.NetworkTopologyImpl (NetworkTopologyImpl.java:add(112)) - Added a new node: /default-rack/b2525f4f-bdf5-4dd0-b826-cbccdc8ecebe
2023-05-17 09:09:03,486 [Listener at 127.0.0.1/15004] INFO  http.HttpServer2 (HttpServer2.java:addGlobalFilter(1031)) - Added global filter 'safety' (class=org.apache.hadoop.hdds.server.http.HttpServer2$QuotingInputFilter)
2023-05-17 09:09:03,498 [Listener at 127.0.0.1/15004] INFO  http.HttpServer2 (HttpServer2.java:addFilter(1007)) - Added filter static_user_filter (class=org.apache.hadoop.http.lib.StaticUserWebFilter$StaticUserFilter) to context hddsDatanode
2023-05-17 09:09:03,498 [Listener at 127.0.0.1/15004] INFO  http.HttpServer2 (HttpServer2.java:addFilter(1015)) - Added filter static_user_filter (class=org.apache.hadoop.http.lib.StaticUserWebFilter$StaticUserFilter) to context static
2023-05-17 09:09:03,498 [Listener at 127.0.0.1/15004] INFO  http.HttpServer2 (HttpServer2.java:addFilter(1015)) - Added filter static_user_filter (class=org.apache.hadoop.http.lib.StaticUserWebFilter$StaticUserFilter) to context logs
2023-05-17 09:09:03,499 [Listener at 127.0.0.1/15004] INFO  http.BaseHttpServer (BaseHttpServer.java:<init>(190)) - HTTP server of hddsDatanode uses base directory /home/runner/work/ozone/ozone/hadoop-ozone/integration-test/target/test-dir/MiniOzoneClusterImpl-21d14123-a168-44a2-bc0a-ee93e32dcc9b/datanode-12/meta/webserver
2023-05-17 09:09:03,499 [Listener at 127.0.0.1/15004] INFO  http.HttpServer2 (HttpServer2.java:bindListener(1250)) - Jetty bound to port 15105
2023-05-17 09:09:03,499 [Listener at 127.0.0.1/15004] INFO  server.Server (Server.java:doStart(375)) - jetty-9.4.51.v20230217; built: 2023-02-17T08:19:37.309Z; git: b45c405e4544384de066f814ed42ae3dceacdd49; jvm 1.8.0_362-b09
2023-05-17 09:09:03,485 [IPC Server handler 1 on default port 15002] INFO  node.SCMNodeManager (SCMNodeManager.java:register(407)) - Registered Data node : b2525f4f-bdf5-4dd0-b826-cbccdc8ecebe{ip: 10.1.0.64, host: fv-az41-747.zje5jq5y5x4uznwvdkgxk4wc2h.cx.internal.cloudapp.net, ports: [HTTP=15017, REPLICATION=15023, RATIS=15019, RATIS_ADMIN=15020, RATIS_SERVER=15021, RATIS_DATASTREAM=15022, STANDALONE=15018], networkLocation: /default-rack, certSerialId: null, persistedOpState: null, persistedOpStateExpiryEpochSec: 0}
2023-05-17 09:09:03,501 [Listener at 127.0.0.1/15004] INFO  server.session (DefaultSessionIdManager.java:doStart(334)) - DefaultSessionIdManager workerName=node0
2023-05-17 09:09:03,501 [Listener at 127.0.0.1/15004] INFO  server.session (DefaultSessionIdManager.java:doStart(339)) - No SessionScavenger set, using defaults
2023-05-17 09:09:03,501 [Listener at 127.0.0.1/15004] INFO  server.session (HouseKeeper.java:startScavenging(132)) - node0 Scavenging every 600000ms
2023-05-17 09:09:03,502 [Listener at 127.0.0.1/15004] INFO  handler.ContextHandler (ContextHandler.java:doStart(921)) - Started o.e.j.s.ServletContextHandler@5fb5faea{logs,/logs,file:///home/runner/work/ozone/ozone/hadoop-ozone/integration-test/target/log,AVAILABLE}
2023-05-17 09:09:03,502 [Listener at 127.0.0.1/15004] INFO  handler.ContextHandler (ContextHandler.java:doStart(921)) - Started o.e.j.s.ServletContextHandler@2c6c0165{static,/static,jar:file:/home/runner/.m2/repository/org/apache/ozone/hdds-container-service/1.4.0-SNAPSHOT/hdds-container-service-1.4.0-SNAPSHOT.jar!/webapps/static,AVAILABLE}
2023-05-17 09:09:03,511 [EventQueue-NodeRegistrationContainerReportForDataNodeSafeModeRule] INFO  safemode.SCMSafeModeManager (DataNodeSafeModeRule.java:process(71)) - SCM in safe mode. 2 DataNodes registered, 3 required.
2023-05-17 09:09:03,513 [EventQueue-NewNodeForNewNodeHandler] INFO  pipeline.BackgroundPipelineCreator (BackgroundPipelineCreator.java:notifyEventTriggered(276)) - trigger a one-shot run on RatisPipelineUtilsThread.
2023-05-17 09:09:03,514 [RatisPipelineUtilsThread - 0] INFO  pipeline.RatisPipelineProvider (RatisPipelineProvider.java:lambda$create$0(206)) - Sending CreatePipelineCommand for pipeline:PipelineID=5de00e95-171e-4300-abc9-9f3de9a29f23 to datanode:b2525f4f-bdf5-4dd0-b826-cbccdc8ecebe
2023-05-17 09:09:03,515 [RatisPipelineUtilsThread - 0] INFO  pipeline.PipelineStateManagerImpl (PipelineStateManagerImpl.java:addPipeline(103)) - Created pipeline Pipeline[ Id: 5de00e95-171e-4300-abc9-9f3de9a29f23, Nodes: b2525f4f-bdf5-4dd0-b826-cbccdc8ecebe(fv-az41-747.zje5jq5y5x4uznwvdkgxk4wc2h.cx.internal.cloudapp.net/10.1.0.64), ReplicationConfig: RATIS/ONE, State:ALLOCATED, leaderId:, CreationTimestamp2023-05-17T09:09:03.514Z[Etc/UTC]].
2023-05-17 09:09:03,699 [Listener at 127.0.0.1/15004] INFO  handler.ContextHandler (ContextHandler.java:doStart(921)) - Started o.e.j.w.WebAppContext@10a3c1f4{hddsDatanode,/,file:///home/runner/work/ozone/ozone/hadoop-ozone/integration-test/target/test-dir/MiniOzoneClusterImpl-21d14123-a168-44a2-bc0a-ee93e32dcc9b/datanode-12/meta/webserver/jetty-0_0_0_0-15105-hdds-container-service-1_4_0-SNAPSHOT_jar-_-any-5945533385582706910/webapp/,AVAILABLE}{jar:file:/home/runner/.m2/repository/org/apache/ozone/hdds-container-service/1.4.0-SNAPSHOT/hdds-container-service-1.4.0-SNAPSHOT.jar!/webapps/hddsDatanode}
2023-05-17 09:09:03,701 [Listener at 127.0.0.1/15004] INFO  server.AbstractConnector (AbstractConnector.java:doStart(333)) - Started ServerConnector@750aab4d{HTTP/1.1, (http/1.1)}{0.0.0.0:15105}
2023-05-17 09:09:03,702 [Listener at 127.0.0.1/15004] INFO  server.Server (Server.java:doStart(415)) - Started @14529ms
2023-05-17 09:09:03,702 [Listener at 127.0.0.1/15004] WARN  impl.MetricsSystemImpl (MetricsSystemImpl.java:register(279)) - Sink prometheus already exists!
2023-05-17 09:09:03,703 [Listener at 127.0.0.1/15004] INFO  http.BaseHttpServer (BaseHttpServer.java:updateConnectorAddress(344)) - HTTP server of hddsDatanode listening at http://0.0.0.0:15105
2023-05-17 09:09:03,703 [Listener at 127.0.0.1/15004] WARN  impl.MetricRegistriesImpl (MetricRegistriesImpl.java:addReporterRegistration(111)) - New reporters are added after registries were created. Some metrics will be missing from the reporter. Please add reporter before adding any new registry.
2023-05-17 09:09:03,704 [Listener at 127.0.0.1/15004] WARN  impl.MetricRegistriesImpl (MetricRegistriesImpl.java:addReporterRegistration(111)) - New reporters are added after registries were created. Some metrics will be missing from the reporter. Please add reporter before adding any new registry.
2023-05-17 09:09:03,704 [Listener at 127.0.0.1/15004] INFO  impl.MetricsSystemImpl (MetricsSystemImpl.java:init(158)) - HddsDatanode metrics system started (again)
2023-05-17 09:09:03,710 [Datanode State Machine Daemon Thread] INFO  statemachine.DatanodeStateMachine (DatanodeStateMachine.java:lambda$startDaemon$0(524)) - Ozone container server started.
2023-05-17 09:09:03,722 [Listener at 127.0.0.1/15004] INFO  ozone.HddsDatanodeService (HddsDatanodeService.java:start(252)) - HddsDatanodeService host:fv-az41-747.zje5jq5y5x4uznwvdkgxk4wc2h.cx.internal.cloudapp.net ip:10.1.0.64
2023-05-17 09:09:03,739 [org.apache.hadoop.util.JvmPauseMonitor$Monitor@1cd67158] INFO  util.JvmPauseMonitor (JvmPauseMonitor.java:run(188)) - Starting JVM pause monitor
2023-05-17 09:09:03,744 [Datanode State Machine Task Thread - 0] INFO  datanode.InitDatanodeState (InitDatanodeState.java:persistContainerDatanodeDetails(138)) - DatanodeDetails is persisted to /home/runner/work/ozone/ozone/hadoop-ozone/integration-test/target/test-dir/MiniOzoneClusterImpl-21d14123-a168-44a2-bc0a-ee93e32dcc9b/datanode-12/meta/datanode.id
2023-05-17 09:09:03,754 [Listener at 127.0.0.1/15004] INFO  upgrade.AbstractLayoutVersionManager (AbstractLayoutVersionManager.java:init(83)) - Initializing Layout version manager with metadata layout = WEBUI_PORTS_IN_DATANODEDETAILS (version = 6), software layout = WEBUI_PORTS_IN_DATANODEDETAILS (version = 6)
2023-05-17 09:09:03,755 [Listener at 127.0.0.1/15004] INFO  statemachine.DatanodeStateMachine (DatanodeStateMachine.java:getEndPointTaskThreadPoolSize(267)) - Datanode State Machine Task Thread Pool size 2
2023-05-17 09:09:03,758 [Listener at 127.0.0.1/15004] INFO  volume.HddsVolume (HddsVolume.java:<init>(130)) - Creating HddsVolume: /home/runner/work/ozone/ozone/hadoop-ozone/integration-test/target/test-dir/MiniOzoneClusterImpl-21d14123-a168-44a2-bc0a-ee93e32dcc9b/datanode-13/data-0/containers/hdds of storage type : DISK capacity : 9223372036854775807
2023-05-17 09:09:03,758 [Listener at 127.0.0.1/15004] INFO  volume.MutableVolumeSet (MutableVolumeSet.java:initializeVolumeSet(175)) - Added Volume : /home/runner/work/ozone/ozone/hadoop-ozone/integration-test/target/test-dir/MiniOzoneClusterImpl-21d14123-a168-44a2-bc0a-ee93e32dcc9b/datanode-13/data-0/containers/hdds to VolumeSet
2023-05-17 09:09:03,758 [Listener at 127.0.0.1/15004] INFO  volume.ThrottledAsyncChecker (ThrottledAsyncChecker.java:schedule(141)) - Scheduling a check for /home/runner/work/ozone/ozone/hadoop-ozone/integration-test/target/test-dir/MiniOzoneClusterImpl-21d14123-a168-44a2-bc0a-ee93e32dcc9b/datanode-13/data-0/containers/hdds
2023-05-17 09:09:03,759 [Listener at 127.0.0.1/15004] INFO  volume.StorageVolumeChecker (StorageVolumeChecker.java:checkAllVolumes(202)) - Scheduled health check for volume /home/runner/work/ozone/ozone/hadoop-ozone/integration-test/target/test-dir/MiniOzoneClusterImpl-21d14123-a168-44a2-bc0a-ee93e32dcc9b/datanode-13/data-0/containers/hdds
2023-05-17 09:09:03,775 [Listener at 127.0.0.1/15004] INFO  volume.MutableVolumeSet (MutableVolumeSet.java:initializeVolumeSet(175)) - Added Volume : /home/runner/work/ozone/ozone/hadoop-ozone/integration-test/target/test-dir/MiniOzoneClusterImpl-21d14123-a168-44a2-bc0a-ee93e32dcc9b/datanode-13/data/ratis to VolumeSet
2023-05-17 09:09:03,776 [Listener at 127.0.0.1/15004] INFO  volume.ThrottledAsyncChecker (ThrottledAsyncChecker.java:schedule(141)) - Scheduling a check for /home/runner/work/ozone/ozone/hadoop-ozone/integration-test/target/test-dir/MiniOzoneClusterImpl-21d14123-a168-44a2-bc0a-ee93e32dcc9b/datanode-13/data/ratis
2023-05-17 09:09:03,776 [Listener at 127.0.0.1/15004] INFO  volume.StorageVolumeChecker (StorageVolumeChecker.java:checkAllVolumes(202)) - Scheduled health check for volume /home/runner/work/ozone/ozone/hadoop-ozone/integration-test/target/test-dir/MiniOzoneClusterImpl-21d14123-a168-44a2-bc0a-ee93e32dcc9b/datanode-13/data/ratis
2023-05-17 09:09:03,795 [Thread-366] INFO  ozoneimpl.ContainerReader (ContainerReader.java:readVolume(175)) - Finish verifying containers on volume /home/runner/work/ozone/ozone/hadoop-ozone/integration-test/target/test-dir/MiniOzoneClusterImpl-21d14123-a168-44a2-bc0a-ee93e32dcc9b/datanode-13/data-0/containers/hdds
2023-05-17 09:09:03,795 [Listener at 127.0.0.1/15004] INFO  ozoneimpl.OzoneContainer (OzoneContainer.java:buildContainerSet(303)) - Build ContainerSet costs 0s
2023-05-17 09:09:03,801 [Listener at 127.0.0.1/15004] INFO  server.RaftServer (ConfUtils.java:logGet(46)) - raft.rpc.type = GRPC (default)
2023-05-17 09:09:03,802 [Listener at 127.0.0.1/15004] INFO  grpc.GrpcConfigKeys (ConfUtils.java:logFallback(53)) - raft.grpc.admin.host = null (fallback to raft.grpc.server.host)
2023-05-17 09:09:03,802 [Listener at 127.0.0.1/15004] INFO  grpc.GrpcConfigKeys (ConfUtils.java:logGet(46)) - raft.grpc.admin.port = 15116 (custom)
2023-05-17 09:09:03,802 [Listener at 127.0.0.1/15004] INFO  grpc.GrpcConfigKeys (ConfUtils.java:logFallback(53)) - raft.grpc.client.host = null (fallback to raft.grpc.server.host)
2023-05-17 09:09:03,802 [Listener at 127.0.0.1/15004] INFO  grpc.GrpcConfigKeys (ConfUtils.java:logGet(46)) - raft.grpc.client.port = 15115 (custom)
2023-05-17 09:09:03,802 [Listener at 127.0.0.1/15004] INFO  grpc.GrpcConfigKeys (ConfUtils.java:logGet(46)) - raft.grpc.server.host = null (default)
2023-05-17 09:09:03,803 [Listener at 127.0.0.1/15004] INFO  grpc.GrpcConfigKeys (ConfUtils.java:logGet(46)) - raft.grpc.server.port = 15117 (custom)
2023-05-17 09:09:03,804 [Listener at 127.0.0.1/15004] INFO  server.GrpcService (ConfUtils.java:logGet(46)) - raft.grpc.message.size.max = 32MB (=33554432) (custom)
2023-05-17 09:09:03,804 [Listener at 127.0.0.1/15004] INFO  server.RaftServerConfigKeys (ConfUtils.java:logGet(46)) - raft.server.log.appender.buffer.byte-limit = 33554432 (custom)
2023-05-17 09:09:03,804 [Listener at 127.0.0.1/15004] INFO  server.GrpcService (ConfUtils.java:logGet(46)) - raft.grpc.flow.control.window = 5MB (=5242880) (custom)
2023-05-17 09:09:03,804 [Listener at 127.0.0.1/15004] INFO  server.RaftServerConfigKeys (ConfUtils.java:logGet(46)) - raft.server.rpc.request.timeout = 60s (custom)
2023-05-17 09:09:03,805 [Listener at 127.0.0.1/15004] INFO  grpc.GrpcConfigKeys (ConfUtils.java:logGet(46)) - raft.grpc.server.heartbeat.channel = true (default)
2023-05-17 09:09:03,805 [Listener at 127.0.0.1/15004] INFO  grpc.GrpcConfigKeys (ConfUtils.java:logGet(46)) - raft.grpc.server.async.request.thread.pool.cached = true (default)
2023-05-17 09:09:03,805 [Listener at 127.0.0.1/15004] INFO  grpc.GrpcConfigKeys (ConfUtils.java:logGet(46)) - raft.grpc.server.async.request.thread.pool.size = 32 (default)
2023-05-17 09:09:03,808 [Listener at 127.0.0.1/15004] INFO  impl.DataStreamServerImpl (ConfUtils.java:logGet(46)) - raft.datastream.type = NETTY (custom)
2023-05-17 09:09:03,808 [Listener at 127.0.0.1/15004] INFO  server.RaftServerConfigKeys (ConfUtils.java:logGet(46)) - raft.server.data-stream.async.request.thread.pool.cached = false (default)
2023-05-17 09:09:03,808 [Listener at 127.0.0.1/15004] INFO  server.RaftServerConfigKeys (ConfUtils.java:logGet(46)) - raft.server.data-stream.async.request.thread.pool.size = 20 (custom)
2023-05-17 09:09:03,809 [Listener at 127.0.0.1/15004] INFO  server.RaftServerConfigKeys (ConfUtils.java:logGet(46)) - raft.server.data-stream.async.write.thread.pool.size = 16 (default)
2023-05-17 09:09:03,809 [Listener at 127.0.0.1/15004] INFO  server.RaftServerConfigKeys (ConfUtils.java:logGet(46)) - raft.server.data-stream.client.pool.size = 10 (default)
2023-05-17 09:09:03,809 [Listener at 127.0.0.1/15004] INFO  netty.NettyConfigKeys$DataStream (ConfUtils.java:logGet(46)) - raft.netty.dataStream.server.use-epoll = false (default)
2023-05-17 09:09:03,809 [Listener at 127.0.0.1/15004] INFO  netty.NettyConfigKeys$DataStream (ConfUtils.java:logGet(46)) - raft.netty.dataStream.server.boss-group.size = 0 (default)
2023-05-17 09:09:03,809 [Listener at 127.0.0.1/15004] INFO  netty.NettyConfigKeys$DataStream (ConfUtils.java:logGet(46)) - raft.netty.dataStream.server.worker-group.size = 0 (default)
2023-05-17 09:09:03,811 [Listener at 127.0.0.1/15004] INFO  netty.NettyConfigKeys$DataStream (ConfUtils.java:logGet(46)) - raft.netty.dataStream.server.tls.conf = null (default)
2023-05-17 09:09:03,811 [Listener at 127.0.0.1/15004] INFO  netty.NettyConfigKeys$DataStream (ConfUtils.java:logGet(46)) - raft.netty.dataStream.host = null (default)
2023-05-17 09:09:03,811 [Listener at 127.0.0.1/15004] INFO  netty.NettyConfigKeys$DataStream (ConfUtils.java:logGet(46)) - raft.netty.dataStream.port = 15118 (custom)
2023-05-17 09:09:03,812 [Listener at 127.0.0.1/15004] INFO  server.RaftServerConfigKeys (ConfUtils.java:logGet(46)) - raft.server.threadpool.proxy.cached = true (default)
2023-05-17 09:09:03,812 [Listener at 127.0.0.1/15004] INFO  server.RaftServerConfigKeys (ConfUtils.java:logGet(46)) - raft.server.threadpool.proxy.size = 0 (default)
2023-05-17 09:09:03,812 [Listener at 127.0.0.1/15004] INFO  server.RaftServerConfigKeys (ConfUtils.java:logGet(46)) - raft.server.rpc.slowness.timeout = 300s (custom)
2023-05-17 09:09:03,812 [Listener at 127.0.0.1/15004] INFO  server.RaftServerConfigKeys (ConfUtils.java:logGet(46)) - raft.server.leaderelection.leader.step-down.wait-time = 10s (default)
2023-05-17 09:09:03,812 [Listener at 127.0.0.1/15004] INFO  server.RaftServerConfigKeys (ConfUtils.java:logGet(46)) - raft.server.storage.dir = [/home/runner/work/ozone/ozone/hadoop-ozone/integration-test/target/test-dir/MiniOzoneClusterImpl-21d14123-a168-44a2-bc0a-ee93e32dcc9b/datanode-13/data/ratis] (custom)
2023-05-17 09:09:03,823 [Listener at 127.0.0.1/15004] INFO  server.XceiverServerGrpc (XceiverServerGrpc.java:<init>(132)) - GrpcServer channel type EpollServerSocketChannel
2023-05-17 09:09:03,826 [Listener at 127.0.0.1/15004] INFO  replication.ReplicationSupervisor (ReplicationSupervisor.java:nodeStateUpdated(296)) - Node state updated to IN_SERVICE, scaling executor pool size to 10
2023-05-17 09:09:03,827 [Listener at 127.0.0.1/15004] INFO  token.OzoneBlockTokenSecretManager (OzoneSecretManager.java:updateCurrentKey(175)) - Updating current master key for generating tokens. Cert id 1007308062680
2023-05-17 09:09:03,830 [Listener at 127.0.0.1/15004] INFO  http.BaseHttpServer (BaseHttpServer.java:newHttpServer2BuilderForOzone(224)) - Starting Web-server for hddsDatanode at: http://0.0.0.0:15113
2023-05-17 09:09:03,836 [Listener at 127.0.0.1/15004] INFO  http.BaseHttpServer (BaseHttpServer.java:<init>(111)) - Hadoop Security Enabled: false Ozone Security Enabled: false Ozone HTTP Security Enabled: false 
2023-05-17 09:09:03,836 [5b11b4e3-e601-4d3f-be34-f92c0e1a86f6-NettyServerStreamRpc-bossGroup--thread1] INFO  logging.LoggingHandler (AbstractInternalLogger.java:log(148)) - [id: 0x2385f24b] REGISTERED
2023-05-17 09:09:03,840 [IPC Server handler 4 on default port 15002] INFO  net.NetworkTopologyImpl (NetworkTopologyImpl.java:add(112)) - Added a new node: /default-rack/8889e818-58f8-49f9-ac5f-461eb7b79d1e
2023-05-17 09:09:03,840 [IPC Server handler 4 on default port 15002] INFO  node.SCMNodeManager (SCMNodeManager.java:register(407)) - Registered Data node : 8889e818-58f8-49f9-ac5f-461eb7b79d1e{ip: 10.1.0.64, host: fv-az41-747.zje5jq5y5x4uznwvdkgxk4wc2h.cx.internal.cloudapp.net, ports: [HTTP=15025, REPLICATION=15031, RATIS=15027, RATIS_ADMIN=15028, RATIS_SERVER=15029, RATIS_DATASTREAM=15030, STANDALONE=15026], networkLocation: /default-rack, certSerialId: null, persistedOpState: null, persistedOpStateExpiryEpochSec: 0}
2023-05-17 09:09:03,840 [5b11b4e3-e601-4d3f-be34-f92c0e1a86f6-NettyServerStreamRpc-bossGroup--thread1] INFO  logging.LoggingHandler (AbstractInternalLogger.java:log(148)) - [id: 0x2385f24b] BIND: 0.0.0.0/0.0.0.0:15118
2023-05-17 09:09:03,841 [5b11b4e3-e601-4d3f-be34-f92c0e1a86f6-NettyServerStreamRpc-bossGroup--thread1] INFO  logging.LoggingHandler (AbstractInternalLogger.java:log(148)) - [id: 0x2385f24b, L:/0:0:0:0:0:0:0:0:15118] ACTIVE
2023-05-17 09:09:03,842 [EventQueue-NewNodeForNewNodeHandler] INFO  pipeline.BackgroundPipelineCreator (BackgroundPipelineCreator.java:notifyEventTriggered(276)) - trigger a one-shot run on RatisPipelineUtilsThread.
2023-05-17 09:09:03,848 [RatisPipelineUtilsThread - 0] INFO  pipeline.RatisPipelineProvider (RatisPipelineProvider.java:lambda$create$0(206)) - Sending CreatePipelineCommand for pipeline:PipelineID=ea7df653-4449-4e32-8b1e-2016e4efe846 to datanode:8889e818-58f8-49f9-ac5f-461eb7b79d1e
2023-05-17 09:09:03,848 [RatisPipelineUtilsThread - 0] INFO  pipeline.PipelineStateManagerImpl (PipelineStateManagerImpl.java:addPipeline(103)) - Created pipeline Pipeline[ Id: ea7df653-4449-4e32-8b1e-2016e4efe846, Nodes: 8889e818-58f8-49f9-ac5f-461eb7b79d1e(fv-az41-747.zje5jq5y5x4uznwvdkgxk4wc2h.cx.internal.cloudapp.net/10.1.0.64), ReplicationConfig: RATIS/ONE, State:ALLOCATED, leaderId:, CreationTimestamp2023-05-17T09:09:03.848Z[Etc/UTC]].
2023-05-17 09:09:03,847 [EventQueue-NodeRegistrationContainerReportForDataNodeSafeModeRule] INFO  safemode.SCMSafeModeManager (DataNodeSafeModeRule.java:process(71)) - SCM in safe mode. 3 DataNodes registered, 3 required.
2023-05-17 09:09:03,849 [EventQueue-NodeRegistrationContainerReportForDataNodeSafeModeRule] INFO  safemode.SCMSafeModeManager (SCMSafeModeManager.java:validateSafeModeExitRules(200)) - DataNodeSafeModeRule rule is successfully validated
2023-05-17 09:09:03,849 [EventQueue-NodeRegistrationContainerReportForDataNodeSafeModeRule] INFO  safemode.SCMSafeModeManager (SCMSafeModeManager.java:completePreCheck(229)) - All SCM safe mode pre check rules have passed
2023-05-17 09:09:03,849 [EventQueue-NodeRegistrationContainerReportForDataNodeSafeModeRule] INFO  ha.SCMContext (SCMContext.java:updateSafeModeStatus(228)) - Update SafeModeStatus from SafeModeStatus{safeModeStatus=true, preCheckPassed=false} to SafeModeStatus{safeModeStatus=true, preCheckPassed=true}.
2023-05-17 09:09:03,842 [Listener at 127.0.0.1/15004] WARN  server.AuthenticationFilter (AuthenticationFilter.java:constructSecretProvider(240)) - Unable to initialize FileSignerSecretProvider, falling back to use random secrets. Reason: Could not read signature secret file: /home/runner/hadoop-http-auth-signature-secret
2023-05-17 09:09:03,852 [Listener at 127.0.0.1/15004] INFO  http.HttpRequestLog (HttpRequestLog.java:getRequestLog(86)) - Http request log for http.requests.hddsDatanode is not defined
2023-05-17 09:09:03,854 [Listener at 127.0.0.1/15004] INFO  http.HttpServer2 (HttpServer2.java:addGlobalFilter(1031)) - Added global filter 'safety' (class=org.apache.hadoop.hdds.server.http.HttpServer2$QuotingInputFilter)
2023-05-17 09:09:03,855 [Listener at 127.0.0.1/15004] INFO  http.HttpServer2 (HttpServer2.java:addFilter(1007)) - Added filter static_user_filter (class=org.apache.hadoop.http.lib.StaticUserWebFilter$StaticUserFilter) to context hddsDatanode
2023-05-17 09:09:03,855 [Listener at 127.0.0.1/15004] INFO  http.HttpServer2 (HttpServer2.java:addFilter(1015)) - Added filter static_user_filter (class=org.apache.hadoop.http.lib.StaticUserWebFilter$StaticUserFilter) to context logs
2023-05-17 09:09:03,855 [Listener at 127.0.0.1/15004] INFO  http.HttpServer2 (HttpServer2.java:addFilter(1015)) - Added filter static_user_filter (class=org.apache.hadoop.http.lib.StaticUserWebFilter$StaticUserFilter) to context static
2023-05-17 09:09:03,856 [Listener at 127.0.0.1/15004] INFO  http.BaseHttpServer (BaseHttpServer.java:<init>(190)) - HTTP server of hddsDatanode uses base directory /home/runner/work/ozone/ozone/hadoop-ozone/integration-test/target/test-dir/MiniOzoneClusterImpl-21d14123-a168-44a2-bc0a-ee93e32dcc9b/datanode-13/meta/webserver
2023-05-17 09:09:03,857 [Listener at 127.0.0.1/15004] INFO  http.HttpServer2 (HttpServer2.java:bindListener(1250)) - Jetty bound to port 15113
2023-05-17 09:09:03,857 [Listener at 127.0.0.1/15004] INFO  server.Server (Server.java:doStart(375)) - jetty-9.4.51.v20230217; built: 2023-02-17T08:19:37.309Z; git: b45c405e4544384de066f814ed42ae3dceacdd49; jvm 1.8.0_362-b09
2023-05-17 09:09:03,858 [EndpointStateMachine task thread for /0.0.0.0:15002 - 0 ] INFO  utils.DatanodeStoreCache (DatanodeStoreCache.java:addDB(66)) - Added db /home/runner/work/ozone/ozone/hadoop-ozone/integration-test/target/test-dir/MiniOzoneClusterImpl-21d14123-a168-44a2-bc0a-ee93e32dcc9b/datanode-7/data-0/containers/hdds/21d14123-a168-44a2-bc0a-ee93e32dcc9b/DS-0a831935-107a-482b-9101-be815bd1c879/container.db to cache
2023-05-17 09:09:03,859 [EndpointStateMachine task thread for /0.0.0.0:15002 - 0 ] INFO  volume.HddsVolume (HddsVolume.java:createDbStore(350)) - SchemaV3 db is created and loaded at /home/runner/work/ozone/ozone/hadoop-ozone/integration-test/target/test-dir/MiniOzoneClusterImpl-21d14123-a168-44a2-bc0a-ee93e32dcc9b/datanode-7/data-0/containers/hdds/21d14123-a168-44a2-bc0a-ee93e32dcc9b/DS-0a831935-107a-482b-9101-be815bd1c879/container.db for volume DS-0a831935-107a-482b-9101-be815bd1c879
2023-05-17 09:09:03,859 [EndpointStateMachine task thread for /0.0.0.0:15002 - 0 ] INFO  ozoneimpl.OzoneContainer (OzoneContainer.java:start(397)) - Attempting to start container services.
2023-05-17 09:09:03,859 [EndpointStateMachine task thread for /0.0.0.0:15002 - 0 ] INFO  ozoneimpl.OzoneContainer (OzoneContainer.java:startContainerScrub(314)) - Scheduled background container scanners and the on-demand container scanner have been disabled.
2023-05-17 09:09:03,866 [Listener at 127.0.0.1/15004] INFO  server.session (DefaultSessionIdManager.java:doStart(334)) - DefaultSessionIdManager workerName=node0
2023-05-17 09:09:03,866 [Listener at 127.0.0.1/15004] INFO  server.session (DefaultSessionIdManager.java:doStart(339)) - No SessionScavenger set, using defaults
2023-05-17 09:09:03,866 [Listener at 127.0.0.1/15004] INFO  server.session (HouseKeeper.java:startScavenging(132)) - node0 Scavenging every 660000ms
2023-05-17 09:09:03,868 [Listener at 127.0.0.1/15004] INFO  handler.ContextHandler (ContextHandler.java:doStart(921)) - Started o.e.j.s.ServletContextHandler@426b205{logs,/logs,file:///home/runner/work/ozone/ozone/hadoop-ozone/integration-test/target/log,AVAILABLE}
2023-05-17 09:09:03,868 [Listener at 127.0.0.1/15004] INFO  handler.ContextHandler (ContextHandler.java:doStart(921)) - Started o.e.j.s.ServletContextHandler@42294ce4{static,/static,jar:file:/home/runner/.m2/repository/org/apache/ozone/hdds-container-service/1.4.0-SNAPSHOT/hdds-container-service-1.4.0-SNAPSHOT.jar!/webapps/static,AVAILABLE}
2023-05-17 09:09:03,849 [EventQueue-NodeRegistrationContainerReportForDataNodeSafeModeRule] INFO  pipeline.BackgroundPipelineCreator (BackgroundPipelineCreator.java:notifyEventTriggered(276)) - trigger a one-shot run on RatisPipelineUtilsThread.
2023-05-17 09:09:03,874 [EndpointStateMachine task thread for /0.0.0.0:15002 - 0 ] INFO  replication.ReplicationServer (ReplicationServer.java:start(128)) - ReplicationServer is started using port 15071
2023-05-17 09:09:03,874 [EndpointStateMachine task thread for /0.0.0.0:15002 - 0 ] INFO  ratis.XceiverServerRatis (XceiverServerRatis.java:start(517)) - Starting XceiverServerRatis 5b9af961-56be-4fa8-844e-3cefe1429416
2023-05-17 09:09:03,878 [RatisPipelineUtilsThread - 0] INFO  pipeline.RatisPipelineProvider (RatisPipelineProvider.java:lambda$create$0(206)) - Sending CreatePipelineCommand for pipeline:PipelineID=7fc61ef2-e189-43e0-95c9-c26195cfc82b to datanode:8889e818-58f8-49f9-ac5f-461eb7b79d1e
2023-05-17 09:09:03,878 [RatisPipelineUtilsThread - 0] INFO  pipeline.RatisPipelineProvider (RatisPipelineProvider.java:lambda$create$0(206)) - Sending CreatePipelineCommand for pipeline:PipelineID=7fc61ef2-e189-43e0-95c9-c26195cfc82b to datanode:b2525f4f-bdf5-4dd0-b826-cbccdc8ecebe
2023-05-17 09:09:03,878 [RatisPipelineUtilsThread - 0] INFO  pipeline.RatisPipelineProvider (RatisPipelineProvider.java:lambda$create$0(206)) - Sending CreatePipelineCommand for pipeline:PipelineID=7fc61ef2-e189-43e0-95c9-c26195cfc82b to datanode:67f04e2a-34cd-4ea0-b74b-c8cb5d6f4ea5
2023-05-17 09:09:03,879 [RatisPipelineUtilsThread - 0] INFO  pipeline.PipelineStateManagerImpl (PipelineStateManagerImpl.java:addPipeline(103)) - Created pipeline Pipeline[ Id: 7fc61ef2-e189-43e0-95c9-c26195cfc82b, Nodes: 8889e818-58f8-49f9-ac5f-461eb7b79d1e(fv-az41-747.zje5jq5y5x4uznwvdkgxk4wc2h.cx.internal.cloudapp.net/10.1.0.64)b2525f4f-bdf5-4dd0-b826-cbccdc8ecebe(fv-az41-747.zje5jq5y5x4uznwvdkgxk4wc2h.cx.internal.cloudapp.net/10.1.0.64)67f04e2a-34cd-4ea0-b74b-c8cb5d6f4ea5(fv-az41-747.zje5jq5y5x4uznwvdkgxk4wc2h.cx.internal.cloudapp.net/10.1.0.64), ReplicationConfig: RATIS/THREE, State:ALLOCATED, leaderId:, CreationTimestamp2023-05-17T09:09:03.878Z[Etc/UTC]].
2023-05-17 09:09:03,880 [RatisPipelineUtilsThread - 0] INFO  pipeline.RatisPipelineProvider (RatisPipelineProvider.java:lambda$create$0(206)) - Sending CreatePipelineCommand for pipeline:PipelineID=013071ba-bc44-452e-b620-1563067d893c to datanode:8889e818-58f8-49f9-ac5f-461eb7b79d1e
2023-05-17 09:09:03,880 [RatisPipelineUtilsThread - 0] INFO  pipeline.RatisPipelineProvider (RatisPipelineProvider.java:lambda$create$0(206)) - Sending CreatePipelineCommand for pipeline:PipelineID=013071ba-bc44-452e-b620-1563067d893c to datanode:67f04e2a-34cd-4ea0-b74b-c8cb5d6f4ea5
2023-05-17 09:09:03,880 [RatisPipelineUtilsThread - 0] INFO  pipeline.RatisPipelineProvider (RatisPipelineProvider.java:lambda$create$0(206)) - Sending CreatePipelineCommand for pipeline:PipelineID=013071ba-bc44-452e-b620-1563067d893c to datanode:b2525f4f-bdf5-4dd0-b826-cbccdc8ecebe
2023-05-17 09:09:03,881 [RatisPipelineUtilsThread - 0] INFO  pipeline.PipelineStateManagerImpl (PipelineStateManagerImpl.java:addPipeline(103)) - Created pipeline Pipeline[ Id: 013071ba-bc44-452e-b620-1563067d893c, Nodes: 8889e818-58f8-49f9-ac5f-461eb7b79d1e(fv-az41-747.zje5jq5y5x4uznwvdkgxk4wc2h.cx.internal.cloudapp.net/10.1.0.64)67f04e2a-34cd-4ea0-b74b-c8cb5d6f4ea5(fv-az41-747.zje5jq5y5x4uznwvdkgxk4wc2h.cx.internal.cloudapp.net/10.1.0.64)b2525f4f-bdf5-4dd0-b826-cbccdc8ecebe(fv-az41-747.zje5jq5y5x4uznwvdkgxk4wc2h.cx.internal.cloudapp.net/10.1.0.64), ReplicationConfig: RATIS/THREE, State:ALLOCATED, leaderId:, CreationTimestamp2023-05-17T09:09:03.880Z[Etc/UTC]].
2023-05-17 09:09:03,881 [RatisPipelineUtilsThread - 0] INFO  pipeline.PipelineManagerImpl (PipelineManagerImpl.java:recordMetricsForPipeline(826)) - Pipeline: PipelineID=013071ba-bc44-452e-b620-1563067d893c contains same datanodes as previous pipelines: PipelineID=7fc61ef2-e189-43e0-95c9-c26195cfc82b nodeIds: 8889e818-58f8-49f9-ac5f-461eb7b79d1e, 67f04e2a-34cd-4ea0-b74b-c8cb5d6f4ea5, b2525f4f-bdf5-4dd0-b826-cbccdc8ecebe
2023-05-17 09:09:03,882 [RatisPipelineUtilsThread - 0] WARN  pipeline.PipelinePlacementPolicy (PipelinePlacementPolicy.java:filterViableNodes(160)) - Pipeline creation failed due to no sufficient healthy datanodes. Required 3. Found 0. Excluded 3.
2023-05-17 09:09:03,888 [EndpointStateMachine task thread for /0.0.0.0:15002 - 0 ] INFO  server.RaftServer (RaftServerProxy.java:startImpl(400)) - 5b9af961-56be-4fa8-844e-3cefe1429416: start RPC server
2023-05-17 09:09:03,892 [EndpointStateMachine task thread for /0.0.0.0:15002 - 0 ] INFO  server.GrpcService (GrpcService.java:startImpl(302)) - 5b9af961-56be-4fa8-844e-3cefe1429416: GrpcService started, listening on 15067
2023-05-17 09:09:03,893 [EndpointStateMachine task thread for /0.0.0.0:15002 - 0 ] INFO  server.GrpcService (GrpcService.java:startImpl(302)) - 5b9af961-56be-4fa8-844e-3cefe1429416: GrpcService started, listening on 15069
2023-05-17 09:09:03,896 [EndpointStateMachine task thread for /0.0.0.0:15002 - 0 ] INFO  server.GrpcService (GrpcService.java:startImpl(302)) - 5b9af961-56be-4fa8-844e-3cefe1429416: GrpcService started, listening on 15068
2023-05-17 09:09:03,896 [EndpointStateMachine task thread for /0.0.0.0:15002 - 0 ] INFO  ratis.XceiverServerRatis (XceiverServerRatis.java:getRealPort(543)) - XceiverServerRatis 5b9af961-56be-4fa8-844e-3cefe1429416 is started using port 15067 for RATIS
2023-05-17 09:09:03,896 [EndpointStateMachine task thread for /0.0.0.0:15002 - 0 ] INFO  ratis.XceiverServerRatis (XceiverServerRatis.java:getRealPort(543)) - XceiverServerRatis 5b9af961-56be-4fa8-844e-3cefe1429416 is started using port 15068 for RATIS_ADMIN
2023-05-17 09:09:03,896 [EndpointStateMachine task thread for /0.0.0.0:15002 - 0 ] INFO  ratis.XceiverServerRatis (XceiverServerRatis.java:getRealPort(543)) - XceiverServerRatis 5b9af961-56be-4fa8-844e-3cefe1429416 is started using port 15069 for RATIS_SERVER
2023-05-17 09:09:03,896 [EndpointStateMachine task thread for /0.0.0.0:15002 - 0 ] INFO  ratis.XceiverServerRatis (XceiverServerRatis.java:getRealPort(543)) - XceiverServerRatis 5b9af961-56be-4fa8-844e-3cefe1429416 is started using port 15070 for RATIS_DATASTREAM
2023-05-17 09:09:03,897 [JvmPauseMonitor8] INFO  util.JvmPauseMonitor (JvmPauseMonitor.java:run(103)) - JvmPauseMonitor-5b9af961-56be-4fa8-844e-3cefe1429416: Started
2023-05-17 09:09:03,903 [BlockDeletingService#0] INFO  interfaces.ContainerDeletionChoosingPolicyTemplate (ContainerDeletionChoosingPolicyTemplate.java:chooseContainerForBlockDeletion(83)) - Chosen 0/5000 blocks from 0 candidate containers.
2023-05-17 09:09:04,079 [Listener at 127.0.0.1/15004] INFO  handler.ContextHandler (ContextHandler.java:doStart(921)) - Started o.e.j.w.WebAppContext@2530e0d6{hddsDatanode,/,file:///home/runner/work/ozone/ozone/hadoop-ozone/integration-test/target/test-dir/MiniOzoneClusterImpl-21d14123-a168-44a2-bc0a-ee93e32dcc9b/datanode-13/meta/webserver/jetty-0_0_0_0-15113-hdds-container-service-1_4_0-SNAPSHOT_jar-_-any-1887772087911850727/webapp/,AVAILABLE}{jar:file:/home/runner/.m2/repository/org/apache/ozone/hdds-container-service/1.4.0-SNAPSHOT/hdds-container-service-1.4.0-SNAPSHOT.jar!/webapps/hddsDatanode}
2023-05-17 09:09:04,081 [Listener at 127.0.0.1/15004] INFO  server.AbstractConnector (AbstractConnector.java:doStart(333)) - Started ServerConnector@386af679{HTTP/1.1, (http/1.1)}{0.0.0.0:15113}
2023-05-17 09:09:04,082 [Listener at 127.0.0.1/15004] INFO  server.Server (Server.java:doStart(415)) - Started @14909ms
2023-05-17 09:09:04,082 [Listener at 127.0.0.1/15004] WARN  impl.MetricsSystemImpl (MetricsSystemImpl.java:register(279)) - Sink prometheus already exists!
2023-05-17 09:09:04,082 [Listener at 127.0.0.1/15004] INFO  http.BaseHttpServer (BaseHttpServer.java:updateConnectorAddress(344)) - HTTP server of hddsDatanode listening at http://0.0.0.0:15113
2023-05-17 09:09:04,085 [Datanode State Machine Daemon Thread] INFO  statemachine.DatanodeStateMachine (DatanodeStateMachine.java:lambda$startDaemon$0(524)) - Ozone container server started.
2023-05-17 09:09:04,089 [Listener at 127.0.0.1/15004] INFO  token.OzoneBlockTokenSecretManager (OzoneSecretManager.java:updateCurrentKey(175)) - Updating current master key for generating tokens. Cert id 1007308062680
2023-05-17 09:09:04,089 [Listener at 127.0.0.1/15004] INFO  om.OzoneManager (OzoneManager.java:startSecretManager(1091)) - Starting OM block token secret manager
2023-05-17 09:09:04,089 [Listener at 127.0.0.1/15004] INFO  token.OzoneBlockTokenSecretManager (OzoneSecretManager.java:updateCurrentKey(175)) - Updating current master key for generating tokens. Cert id 1007308062680
2023-05-17 09:09:04,089 [Listener at 127.0.0.1/15004] INFO  om.OzoneManager (OzoneManager.java:startSecretManager(1102)) - Starting OM delegation token secret manager
2023-05-17 09:09:04,089 [Listener at 127.0.0.1/15004] INFO  security.OzoneDelegationTokenSecretManager (OzoneSecretManager.java:updateCurrentKey(175)) - Updating current master key for generating tokens. Cert id 1007308062680
2023-05-17 09:09:04,091 [org.apache.hadoop.util.JvmPauseMonitor$Monitor@5b7032c8] INFO  util.JvmPauseMonitor (JvmPauseMonitor.java:run(188)) - Starting JVM pause monitor
2023-05-17 09:09:04,094 [Thread[Thread-385,5,main]] INFO  security.OzoneDelegationTokenSecretManager (OzoneDelegationTokenSecretManager.java:run(636)) - Starting expired delegation token remover thread, tokenRemoverScanInterval=60 min(s)
2023-05-17 09:09:04,098 [Datanode State Machine Task Thread - 0] INFO  datanode.InitDatanodeState (InitDatanodeState.java:persistContainerDatanodeDetails(138)) - DatanodeDetails is persisted to /home/runner/work/ozone/ozone/hadoop-ozone/integration-test/target/test-dir/MiniOzoneClusterImpl-21d14123-a168-44a2-bc0a-ee93e32dcc9b/datanode-13/meta/datanode.id
2023-05-17 09:09:04,100 [Listener at 127.0.0.1/15004] INFO  ozone.MiniOzoneClusterImpl (MiniOzoneClusterImpl.java:lambda$waitForClusterToBeReady$0(222)) - Waiting for nodes to be ready. Got 3 of 14 DN Heartbeats.
2023-05-17 09:09:04,100 [Listener at 127.0.0.1/15004] INFO  ozone.MiniOzoneClusterImpl (MiniOzoneClusterImpl.java:lambda$waitForClusterToBeReady$0(225)) - Waiting for cluster to exit safe mode
2023-05-17 09:09:04,100 [Listener at 127.0.0.1/15004] INFO  ozone.MiniOzoneClusterImpl (MiniOzoneClusterImpl.java:lambda$waitForClusterToBeReady$0(227)) - SCM became leader
2023-05-17 09:09:04,172 [IPC Server handler 10 on default port 15002] INFO  net.NetworkTopologyImpl (NetworkTopologyImpl.java:add(112)) - Added a new node: /default-rack/57ed5fd8-a62b-44c8-9c66-83b6d5ca8b16
2023-05-17 09:09:04,172 [IPC Server handler 10 on default port 15002] INFO  node.SCMNodeManager (SCMNodeManager.java:register(407)) - Registered Data node : 57ed5fd8-a62b-44c8-9c66-83b6d5ca8b16{ip: 10.1.0.64, host: fv-az41-747.zje5jq5y5x4uznwvdkgxk4wc2h.cx.internal.cloudapp.net, ports: [HTTP=15033, REPLICATION=15039, RATIS=15035, RATIS_ADMIN=15036, RATIS_SERVER=15037, RATIS_DATASTREAM=15038, STANDALONE=15034], networkLocation: /default-rack, certSerialId: null, persistedOpState: null, persistedOpStateExpiryEpochSec: 0}
2023-05-17 09:09:04,173 [EventQueue-NewNodeForNewNodeHandler] INFO  pipeline.BackgroundPipelineCreator (BackgroundPipelineCreator.java:notifyEventTriggered(276)) - trigger a one-shot run on RatisPipelineUtilsThread.
2023-05-17 09:09:04,173 [RatisPipelineUtilsThread - 0] INFO  pipeline.RatisPipelineProvider (RatisPipelineProvider.java:lambda$create$0(206)) - Sending CreatePipelineCommand for pipeline:PipelineID=96e9a40c-93a0-405d-a024-5e59b8286b96 to datanode:57ed5fd8-a62b-44c8-9c66-83b6d5ca8b16
2023-05-17 09:09:04,177 [RatisPipelineUtilsThread - 0] INFO  pipeline.PipelineStateManagerImpl (PipelineStateManagerImpl.java:addPipeline(103)) - Created pipeline Pipeline[ Id: 96e9a40c-93a0-405d-a024-5e59b8286b96, Nodes: 57ed5fd8-a62b-44c8-9c66-83b6d5ca8b16(fv-az41-747.zje5jq5y5x4uznwvdkgxk4wc2h.cx.internal.cloudapp.net/10.1.0.64), ReplicationConfig: RATIS/ONE, State:ALLOCATED, leaderId:, CreationTimestamp2023-05-17T09:09:04.173Z[Etc/UTC]].
2023-05-17 09:09:04,178 [RatisPipelineUtilsThread - 0] WARN  pipeline.PipelinePlacementPolicy (PipelinePlacementPolicy.java:filterViableNodes(160)) - Pipeline creation failed due to no sufficient healthy datanodes. Required 3. Found 1. Excluded 3.
2023-05-17 09:09:04,216 [EndpointStateMachine task thread for /0.0.0.0:15002 - 0 ] INFO  utils.DatanodeStoreCache (DatanodeStoreCache.java:addDB(66)) - Added db /home/runner/work/ozone/ozone/hadoop-ozone/integration-test/target/test-dir/MiniOzoneClusterImpl-21d14123-a168-44a2-bc0a-ee93e32dcc9b/datanode-8/data-0/containers/hdds/21d14123-a168-44a2-bc0a-ee93e32dcc9b/DS-e94b1d01-c5b8-4897-95eb-dd43dff24a02/container.db to cache
2023-05-17 09:09:04,218 [EndpointStateMachine task thread for /0.0.0.0:15002 - 0 ] INFO  volume.HddsVolume (HddsVolume.java:createDbStore(350)) - SchemaV3 db is created and loaded at /home/runner/work/ozone/ozone/hadoop-ozone/integration-test/target/test-dir/MiniOzoneClusterImpl-21d14123-a168-44a2-bc0a-ee93e32dcc9b/datanode-8/data-0/containers/hdds/21d14123-a168-44a2-bc0a-ee93e32dcc9b/DS-e94b1d01-c5b8-4897-95eb-dd43dff24a02/container.db for volume DS-e94b1d01-c5b8-4897-95eb-dd43dff24a02
2023-05-17 09:09:04,218 [EndpointStateMachine task thread for /0.0.0.0:15002 - 0 ] INFO  ozoneimpl.OzoneContainer (OzoneContainer.java:start(397)) - Attempting to start container services.
2023-05-17 09:09:04,219 [EndpointStateMachine task thread for /0.0.0.0:15002 - 0 ] INFO  ozoneimpl.OzoneContainer (OzoneContainer.java:startContainerScrub(314)) - Scheduled background container scanners and the on-demand container scanner have been disabled.
2023-05-17 09:09:04,219 [EndpointStateMachine task thread for /0.0.0.0:15002 - 0 ] INFO  replication.ReplicationServer (ReplicationServer.java:start(128)) - ReplicationServer is started using port 15079
2023-05-17 09:09:04,219 [EndpointStateMachine task thread for /0.0.0.0:15002 - 0 ] INFO  ratis.XceiverServerRatis (XceiverServerRatis.java:start(517)) - Starting XceiverServerRatis 5b9fa8c3-08c3-43f9-b175-3119fbbe3900
2023-05-17 09:09:04,220 [EndpointStateMachine task thread for /0.0.0.0:15002 - 0 ] INFO  server.RaftServer (RaftServerProxy.java:startImpl(400)) - 5b9fa8c3-08c3-43f9-b175-3119fbbe3900: start RPC server
2023-05-17 09:09:04,221 [EndpointStateMachine task thread for /0.0.0.0:15002 - 0 ] INFO  server.GrpcService (GrpcService.java:startImpl(302)) - 5b9fa8c3-08c3-43f9-b175-3119fbbe3900: GrpcService started, listening on 15075
2023-05-17 09:09:04,225 [EndpointStateMachine task thread for /0.0.0.0:15002 - 0 ] INFO  server.GrpcService (GrpcService.java:startImpl(302)) - 5b9fa8c3-08c3-43f9-b175-3119fbbe3900: GrpcService started, listening on 15077
2023-05-17 09:09:04,226 [EndpointStateMachine task thread for /0.0.0.0:15002 - 0 ] INFO  server.GrpcService (GrpcService.java:startImpl(302)) - 5b9fa8c3-08c3-43f9-b175-3119fbbe3900: GrpcService started, listening on 15076
2023-05-17 09:09:04,226 [EndpointStateMachine task thread for /0.0.0.0:15002 - 0 ] INFO  ratis.XceiverServerRatis (XceiverServerRatis.java:getRealPort(543)) - XceiverServerRatis 5b9fa8c3-08c3-43f9-b175-3119fbbe3900 is started using port 15075 for RATIS
2023-05-17 09:09:04,226 [JvmPauseMonitor9] INFO  util.JvmPauseMonitor (JvmPauseMonitor.java:run(103)) - JvmPauseMonitor-5b9fa8c3-08c3-43f9-b175-3119fbbe3900: Started
2023-05-17 09:09:04,226 [EndpointStateMachine task thread for /0.0.0.0:15002 - 0 ] INFO  ratis.XceiverServerRatis (XceiverServerRatis.java:getRealPort(543)) - XceiverServerRatis 5b9fa8c3-08c3-43f9-b175-3119fbbe3900 is started using port 15076 for RATIS_ADMIN
2023-05-17 09:09:04,226 [EndpointStateMachine task thread for /0.0.0.0:15002 - 0 ] INFO  ratis.XceiverServerRatis (XceiverServerRatis.java:getRealPort(543)) - XceiverServerRatis 5b9fa8c3-08c3-43f9-b175-3119fbbe3900 is started using port 15077 for RATIS_SERVER
2023-05-17 09:09:04,227 [EndpointStateMachine task thread for /0.0.0.0:15002 - 0 ] INFO  ratis.XceiverServerRatis (XceiverServerRatis.java:getRealPort(543)) - XceiverServerRatis 5b9fa8c3-08c3-43f9-b175-3119fbbe3900 is started using port 15078 for RATIS_DATASTREAM
2023-05-17 09:09:04,245 [BlockDeletingService#0] INFO  interfaces.ContainerDeletionChoosingPolicyTemplate (ContainerDeletionChoosingPolicyTemplate.java:chooseContainerForBlockDeletion(83)) - Chosen 0/5000 blocks from 0 candidate containers.
2023-05-17 09:09:04,514 [IPC Server handler 2 on default port 15002] INFO  net.NetworkTopologyImpl (NetworkTopologyImpl.java:add(112)) - Added a new node: /default-rack/b98521b2-5644-4aab-8244-d2e66a88cd45
2023-05-17 09:09:04,514 [IPC Server handler 2 on default port 15002] INFO  node.SCMNodeManager (SCMNodeManager.java:register(407)) - Registered Data node : b98521b2-5644-4aab-8244-d2e66a88cd45{ip: 10.1.0.64, host: fv-az41-747.zje5jq5y5x4uznwvdkgxk4wc2h.cx.internal.cloudapp.net, ports: [HTTP=15041, REPLICATION=15047, RATIS=15043, RATIS_ADMIN=15044, RATIS_SERVER=15045, RATIS_DATASTREAM=15046, STANDALONE=15042], networkLocation: /default-rack, certSerialId: null, persistedOpState: null, persistedOpStateExpiryEpochSec: 0}
2023-05-17 09:09:04,515 [EventQueue-NewNodeForNewNodeHandler] INFO  pipeline.BackgroundPipelineCreator (BackgroundPipelineCreator.java:notifyEventTriggered(276)) - trigger a one-shot run on RatisPipelineUtilsThread.
2023-05-17 09:09:04,516 [RatisPipelineUtilsThread - 0] INFO  pipeline.RatisPipelineProvider (RatisPipelineProvider.java:lambda$create$0(206)) - Sending CreatePipelineCommand for pipeline:PipelineID=d47b2150-c1eb-4d01-a4a9-a280b7adf8e8 to datanode:b98521b2-5644-4aab-8244-d2e66a88cd45
2023-05-17 09:09:04,518 [RatisPipelineUtilsThread - 0] INFO  pipeline.PipelineStateManagerImpl (PipelineStateManagerImpl.java:addPipeline(103)) - Created pipeline Pipeline[ Id: d47b2150-c1eb-4d01-a4a9-a280b7adf8e8, Nodes: b98521b2-5644-4aab-8244-d2e66a88cd45(fv-az41-747.zje5jq5y5x4uznwvdkgxk4wc2h.cx.internal.cloudapp.net/10.1.0.64), ReplicationConfig: RATIS/ONE, State:ALLOCATED, leaderId:, CreationTimestamp2023-05-17T09:09:04.516Z[Etc/UTC]].
2023-05-17 09:09:04,519 [RatisPipelineUtilsThread - 0] WARN  pipeline.PipelinePlacementPolicy (PipelinePlacementPolicy.java:filterViableNodes(160)) - Pipeline creation failed due to no sufficient healthy datanodes. Required 3. Found 2. Excluded 3.
2023-05-17 09:09:04,586 [EndpointStateMachine task thread for /0.0.0.0:15002 - 0 ] INFO  utils.DatanodeStoreCache (DatanodeStoreCache.java:addDB(66)) - Added db /home/runner/work/ozone/ozone/hadoop-ozone/integration-test/target/test-dir/MiniOzoneClusterImpl-21d14123-a168-44a2-bc0a-ee93e32dcc9b/datanode-9/data-0/containers/hdds/21d14123-a168-44a2-bc0a-ee93e32dcc9b/DS-60ea85da-57d1-4a0a-ae19-1b89393ebde5/container.db to cache
2023-05-17 09:09:04,586 [EndpointStateMachine task thread for /0.0.0.0:15002 - 0 ] INFO  volume.HddsVolume (HddsVolume.java:createDbStore(350)) - SchemaV3 db is created and loaded at /home/runner/work/ozone/ozone/hadoop-ozone/integration-test/target/test-dir/MiniOzoneClusterImpl-21d14123-a168-44a2-bc0a-ee93e32dcc9b/datanode-9/data-0/containers/hdds/21d14123-a168-44a2-bc0a-ee93e32dcc9b/DS-60ea85da-57d1-4a0a-ae19-1b89393ebde5/container.db for volume DS-60ea85da-57d1-4a0a-ae19-1b89393ebde5
2023-05-17 09:09:04,587 [EndpointStateMachine task thread for /0.0.0.0:15002 - 0 ] INFO  ozoneimpl.OzoneContainer (OzoneContainer.java:start(397)) - Attempting to start container services.
2023-05-17 09:09:04,587 [EndpointStateMachine task thread for /0.0.0.0:15002 - 0 ] INFO  ozoneimpl.OzoneContainer (OzoneContainer.java:startContainerScrub(314)) - Scheduled background container scanners and the on-demand container scanner have been disabled.
2023-05-17 09:09:04,589 [EndpointStateMachine task thread for /0.0.0.0:15002 - 0 ] INFO  replication.ReplicationServer (ReplicationServer.java:start(128)) - ReplicationServer is started using port 15087
2023-05-17 09:09:04,589 [EndpointStateMachine task thread for /0.0.0.0:15002 - 0 ] INFO  ratis.XceiverServerRatis (XceiverServerRatis.java:start(517)) - Starting XceiverServerRatis a82ad0ea-641b-4ac2-b933-a1a26b5fe742
2023-05-17 09:09:04,592 [EndpointStateMachine task thread for /0.0.0.0:15002 - 0 ] INFO  server.RaftServer (RaftServerProxy.java:startImpl(400)) - a82ad0ea-641b-4ac2-b933-a1a26b5fe742: start RPC server
2023-05-17 09:09:04,593 [EndpointStateMachine task thread for /0.0.0.0:15002 - 0 ] INFO  server.GrpcService (GrpcService.java:startImpl(302)) - a82ad0ea-641b-4ac2-b933-a1a26b5fe742: GrpcService started, listening on 15083
2023-05-17 09:09:04,593 [EndpointStateMachine task thread for /0.0.0.0:15002 - 0 ] INFO  server.GrpcService (GrpcService.java:startImpl(302)) - a82ad0ea-641b-4ac2-b933-a1a26b5fe742: GrpcService started, listening on 15085
2023-05-17 09:09:04,595 [EndpointStateMachine task thread for /0.0.0.0:15002 - 0 ] INFO  server.GrpcService (GrpcService.java:startImpl(302)) - a82ad0ea-641b-4ac2-b933-a1a26b5fe742: GrpcService started, listening on 15084
2023-05-17 09:09:04,595 [EndpointStateMachine task thread for /0.0.0.0:15002 - 0 ] INFO  ratis.XceiverServerRatis (XceiverServerRatis.java:getRealPort(543)) - XceiverServerRatis a82ad0ea-641b-4ac2-b933-a1a26b5fe742 is started using port 15083 for RATIS
2023-05-17 09:09:04,595 [JvmPauseMonitor10] INFO  util.JvmPauseMonitor (JvmPauseMonitor.java:run(103)) - JvmPauseMonitor-a82ad0ea-641b-4ac2-b933-a1a26b5fe742: Started
2023-05-17 09:09:04,595 [EndpointStateMachine task thread for /0.0.0.0:15002 - 0 ] INFO  ratis.XceiverServerRatis (XceiverServerRatis.java:getRealPort(543)) - XceiverServerRatis a82ad0ea-641b-4ac2-b933-a1a26b5fe742 is started using port 15084 for RATIS_ADMIN
2023-05-17 09:09:04,595 [EndpointStateMachine task thread for /0.0.0.0:15002 - 0 ] INFO  ratis.XceiverServerRatis (XceiverServerRatis.java:getRealPort(543)) - XceiverServerRatis a82ad0ea-641b-4ac2-b933-a1a26b5fe742 is started using port 15085 for RATIS_SERVER
2023-05-17 09:09:04,596 [EndpointStateMachine task thread for /0.0.0.0:15002 - 0 ] INFO  ratis.XceiverServerRatis (XceiverServerRatis.java:getRealPort(543)) - XceiverServerRatis a82ad0ea-641b-4ac2-b933-a1a26b5fe742 is started using port 15086 for RATIS_DATASTREAM
2023-05-17 09:09:04,602 [BlockDeletingService#0] INFO  interfaces.ContainerDeletionChoosingPolicyTemplate (ContainerDeletionChoosingPolicyTemplate.java:chooseContainerForBlockDeletion(83)) - Chosen 0/5000 blocks from 0 candidate containers.
2023-05-17 09:09:04,828 [IPC Server handler 4 on default port 15002] INFO  net.NetworkTopologyImpl (NetworkTopologyImpl.java:add(112)) - Added a new node: /default-rack/b2b5d537-374d-472d-b9f1-d9543cb70a6b
2023-05-17 09:09:04,828 [IPC Server handler 4 on default port 15002] INFO  node.SCMNodeManager (SCMNodeManager.java:register(407)) - Registered Data node : b2b5d537-374d-472d-b9f1-d9543cb70a6b{ip: 10.1.0.64, host: fv-az41-747.zje5jq5y5x4uznwvdkgxk4wc2h.cx.internal.cloudapp.net, ports: [HTTP=15049, REPLICATION=15055, RATIS=15051, RATIS_ADMIN=15052, RATIS_SERVER=15053, RATIS_DATASTREAM=15054, STANDALONE=15050], networkLocation: /default-rack, certSerialId: null, persistedOpState: null, persistedOpStateExpiryEpochSec: 0}
2023-05-17 09:09:04,829 [EventQueue-NewNodeForNewNodeHandler] INFO  pipeline.BackgroundPipelineCreator (BackgroundPipelineCreator.java:notifyEventTriggered(276)) - trigger a one-shot run on RatisPipelineUtilsThread.
2023-05-17 09:09:04,829 [RatisPipelineUtilsThread - 0] INFO  pipeline.RatisPipelineProvider (RatisPipelineProvider.java:lambda$create$0(206)) - Sending CreatePipelineCommand for pipeline:PipelineID=0f07eb2f-4376-4576-958c-b75afb471175 to datanode:b2b5d537-374d-472d-b9f1-d9543cb70a6b
2023-05-17 09:09:04,831 [RatisPipelineUtilsThread - 0] INFO  pipeline.PipelineStateManagerImpl (PipelineStateManagerImpl.java:addPipeline(103)) - Created pipeline Pipeline[ Id: 0f07eb2f-4376-4576-958c-b75afb471175, Nodes: b2b5d537-374d-472d-b9f1-d9543cb70a6b(fv-az41-747.zje5jq5y5x4uznwvdkgxk4wc2h.cx.internal.cloudapp.net/10.1.0.64), ReplicationConfig: RATIS/ONE, State:ALLOCATED, leaderId:, CreationTimestamp2023-05-17T09:09:04.829Z[Etc/UTC]].
2023-05-17 09:09:04,832 [RatisPipelineUtilsThread - 0] INFO  pipeline.RatisPipelineProvider (RatisPipelineProvider.java:lambda$create$0(206)) - Sending CreatePipelineCommand for pipeline:PipelineID=aa48e33c-f708-467c-8cb5-2ee872f2b0f0 to datanode:b98521b2-5644-4aab-8244-d2e66a88cd45
2023-05-17 09:09:04,832 [RatisPipelineUtilsThread - 0] INFO  pipeline.RatisPipelineProvider (RatisPipelineProvider.java:lambda$create$0(206)) - Sending CreatePipelineCommand for pipeline:PipelineID=aa48e33c-f708-467c-8cb5-2ee872f2b0f0 to datanode:57ed5fd8-a62b-44c8-9c66-83b6d5ca8b16
2023-05-17 09:09:04,832 [RatisPipelineUtilsThread - 0] INFO  pipeline.RatisPipelineProvider (RatisPipelineProvider.java:lambda$create$0(206)) - Sending CreatePipelineCommand for pipeline:PipelineID=aa48e33c-f708-467c-8cb5-2ee872f2b0f0 to datanode:b2b5d537-374d-472d-b9f1-d9543cb70a6b
2023-05-17 09:09:04,833 [RatisPipelineUtilsThread - 0] INFO  pipeline.PipelineStateManagerImpl (PipelineStateManagerImpl.java:addPipeline(103)) - Created pipeline Pipeline[ Id: aa48e33c-f708-467c-8cb5-2ee872f2b0f0, Nodes: b98521b2-5644-4aab-8244-d2e66a88cd45(fv-az41-747.zje5jq5y5x4uznwvdkgxk4wc2h.cx.internal.cloudapp.net/10.1.0.64)57ed5fd8-a62b-44c8-9c66-83b6d5ca8b16(fv-az41-747.zje5jq5y5x4uznwvdkgxk4wc2h.cx.internal.cloudapp.net/10.1.0.64)b2b5d537-374d-472d-b9f1-d9543cb70a6b(fv-az41-747.zje5jq5y5x4uznwvdkgxk4wc2h.cx.internal.cloudapp.net/10.1.0.64), ReplicationConfig: RATIS/THREE, State:ALLOCATED, leaderId:, CreationTimestamp2023-05-17T09:09:04.832Z[Etc/UTC]].
2023-05-17 09:09:04,834 [RatisPipelineUtilsThread - 0] INFO  pipeline.RatisPipelineProvider (RatisPipelineProvider.java:lambda$create$0(206)) - Sending CreatePipelineCommand for pipeline:PipelineID=2003f648-4363-4af3-ad53-cdb51b945669 to datanode:57ed5fd8-a62b-44c8-9c66-83b6d5ca8b16
2023-05-17 09:09:04,834 [RatisPipelineUtilsThread - 0] INFO  pipeline.RatisPipelineProvider (RatisPipelineProvider.java:lambda$create$0(206)) - Sending CreatePipelineCommand for pipeline:PipelineID=2003f648-4363-4af3-ad53-cdb51b945669 to datanode:b2b5d537-374d-472d-b9f1-d9543cb70a6b
2023-05-17 09:09:04,834 [RatisPipelineUtilsThread - 0] INFO  pipeline.RatisPipelineProvider (RatisPipelineProvider.java:lambda$create$0(206)) - Sending CreatePipelineCommand for pipeline:PipelineID=2003f648-4363-4af3-ad53-cdb51b945669 to datanode:b98521b2-5644-4aab-8244-d2e66a88cd45
2023-05-17 09:09:04,836 [RatisPipelineUtilsThread - 0] INFO  pipeline.PipelineStateManagerImpl (PipelineStateManagerImpl.java:addPipeline(103)) - Created pipeline Pipeline[ Id: 2003f648-4363-4af3-ad53-cdb51b945669, Nodes: 57ed5fd8-a62b-44c8-9c66-83b6d5ca8b16(fv-az41-747.zje5jq5y5x4uznwvdkgxk4wc2h.cx.internal.cloudapp.net/10.1.0.64)b2b5d537-374d-472d-b9f1-d9543cb70a6b(fv-az41-747.zje5jq5y5x4uznwvdkgxk4wc2h.cx.internal.cloudapp.net/10.1.0.64)b98521b2-5644-4aab-8244-d2e66a88cd45(fv-az41-747.zje5jq5y5x4uznwvdkgxk4wc2h.cx.internal.cloudapp.net/10.1.0.64), ReplicationConfig: RATIS/THREE, State:ALLOCATED, leaderId:, CreationTimestamp2023-05-17T09:09:04.834Z[Etc/UTC]].
2023-05-17 09:09:04,836 [RatisPipelineUtilsThread - 0] INFO  pipeline.PipelineManagerImpl (PipelineManagerImpl.java:recordMetricsForPipeline(826)) - Pipeline: PipelineID=2003f648-4363-4af3-ad53-cdb51b945669 contains same datanodes as previous pipelines: PipelineID=aa48e33c-f708-467c-8cb5-2ee872f2b0f0 nodeIds: 57ed5fd8-a62b-44c8-9c66-83b6d5ca8b16, b2b5d537-374d-472d-b9f1-d9543cb70a6b, b98521b2-5644-4aab-8244-d2e66a88cd45
2023-05-17 09:09:04,837 [RatisPipelineUtilsThread - 0] WARN  pipeline.PipelinePlacementPolicy (PipelinePlacementPolicy.java:filterViableNodes(160)) - Pipeline creation failed due to no sufficient healthy datanodes. Required 3. Found 0. Excluded 6.
2023-05-17 09:09:04,959 [EndpointStateMachine task thread for /0.0.0.0:15002 - 0 ] INFO  utils.DatanodeStoreCache (DatanodeStoreCache.java:addDB(66)) - Added db /home/runner/work/ozone/ozone/hadoop-ozone/integration-test/target/test-dir/MiniOzoneClusterImpl-21d14123-a168-44a2-bc0a-ee93e32dcc9b/datanode-10/data-0/containers/hdds/21d14123-a168-44a2-bc0a-ee93e32dcc9b/DS-233eabbb-a58c-4f05-ba46-cc5ca12d4c84/container.db to cache
2023-05-17 09:09:04,961 [EndpointStateMachine task thread for /0.0.0.0:15002 - 0 ] INFO  volume.HddsVolume (HddsVolume.java:createDbStore(350)) - SchemaV3 db is created and loaded at /home/runner/work/ozone/ozone/hadoop-ozone/integration-test/target/test-dir/MiniOzoneClusterImpl-21d14123-a168-44a2-bc0a-ee93e32dcc9b/datanode-10/data-0/containers/hdds/21d14123-a168-44a2-bc0a-ee93e32dcc9b/DS-233eabbb-a58c-4f05-ba46-cc5ca12d4c84/container.db for volume DS-233eabbb-a58c-4f05-ba46-cc5ca12d4c84
2023-05-17 09:09:04,961 [EndpointStateMachine task thread for /0.0.0.0:15002 - 0 ] INFO  ozoneimpl.OzoneContainer (OzoneContainer.java:start(397)) - Attempting to start container services.
2023-05-17 09:09:04,961 [EndpointStateMachine task thread for /0.0.0.0:15002 - 0 ] INFO  ozoneimpl.OzoneContainer (OzoneContainer.java:startContainerScrub(314)) - Scheduled background container scanners and the on-demand container scanner have been disabled.
2023-05-17 09:09:04,965 [EndpointStateMachine task thread for /0.0.0.0:15002 - 0 ] INFO  replication.ReplicationServer (ReplicationServer.java:start(128)) - ReplicationServer is started using port 15095
2023-05-17 09:09:04,965 [EndpointStateMachine task thread for /0.0.0.0:15002 - 0 ] INFO  ratis.XceiverServerRatis (XceiverServerRatis.java:start(517)) - Starting XceiverServerRatis f1b6f36b-e7af-48b8-b739-38f78676889c
2023-05-17 09:09:04,967 [EndpointStateMachine task thread for /0.0.0.0:15002 - 0 ] INFO  server.RaftServer (RaftServerProxy.java:startImpl(400)) - f1b6f36b-e7af-48b8-b739-38f78676889c: start RPC server
2023-05-17 09:09:04,968 [EndpointStateMachine task thread for /0.0.0.0:15002 - 0 ] INFO  server.GrpcService (GrpcService.java:startImpl(302)) - f1b6f36b-e7af-48b8-b739-38f78676889c: GrpcService started, listening on 15091
2023-05-17 09:09:04,968 [EndpointStateMachine task thread for /0.0.0.0:15002 - 0 ] INFO  server.GrpcService (GrpcService.java:startImpl(302)) - f1b6f36b-e7af-48b8-b739-38f78676889c: GrpcService started, listening on 15093
2023-05-17 09:09:04,968 [EndpointStateMachine task thread for /0.0.0.0:15002 - 0 ] INFO  server.GrpcService (GrpcService.java:startImpl(302)) - f1b6f36b-e7af-48b8-b739-38f78676889c: GrpcService started, listening on 15092
2023-05-17 09:09:04,969 [EndpointStateMachine task thread for /0.0.0.0:15002 - 0 ] INFO  ratis.XceiverServerRatis (XceiverServerRatis.java:getRealPort(543)) - XceiverServerRatis f1b6f36b-e7af-48b8-b739-38f78676889c is started using port 15091 for RATIS
2023-05-17 09:09:04,969 [EndpointStateMachine task thread for /0.0.0.0:15002 - 0 ] INFO  ratis.XceiverServerRatis (XceiverServerRatis.java:getRealPort(543)) - XceiverServerRatis f1b6f36b-e7af-48b8-b739-38f78676889c is started using port 15092 for RATIS_ADMIN
2023-05-17 09:09:04,969 [JvmPauseMonitor11] INFO  util.JvmPauseMonitor (JvmPauseMonitor.java:run(103)) - JvmPauseMonitor-f1b6f36b-e7af-48b8-b739-38f78676889c: Started
2023-05-17 09:09:04,969 [EndpointStateMachine task thread for /0.0.0.0:15002 - 0 ] INFO  ratis.XceiverServerRatis (XceiverServerRatis.java:getRealPort(543)) - XceiverServerRatis f1b6f36b-e7af-48b8-b739-38f78676889c is started using port 15093 for RATIS_SERVER
2023-05-17 09:09:04,969 [EndpointStateMachine task thread for /0.0.0.0:15002 - 0 ] INFO  ratis.XceiverServerRatis (XceiverServerRatis.java:getRealPort(543)) - XceiverServerRatis f1b6f36b-e7af-48b8-b739-38f78676889c is started using port 15094 for RATIS_DATASTREAM
2023-05-17 09:09:04,978 [BlockDeletingService#0] INFO  interfaces.ContainerDeletionChoosingPolicyTemplate (ContainerDeletionChoosingPolicyTemplate.java:chooseContainerForBlockDeletion(83)) - Chosen 0/5000 blocks from 0 candidate containers.
2023-05-17 09:09:05,100 [Listener at 127.0.0.1/15004] INFO  ozone.MiniOzoneClusterImpl (MiniOzoneClusterImpl.java:lambda$waitForClusterToBeReady$0(222)) - Waiting for nodes to be ready. Got 6 of 14 DN Heartbeats.
2023-05-17 09:09:05,101 [Listener at 127.0.0.1/15004] INFO  ozone.MiniOzoneClusterImpl (MiniOzoneClusterImpl.java:lambda$waitForClusterToBeReady$0(225)) - Waiting for cluster to exit safe mode
2023-05-17 09:09:05,101 [Listener at 127.0.0.1/15004] INFO  ozone.MiniOzoneClusterImpl (MiniOzoneClusterImpl.java:lambda$waitForClusterToBeReady$0(227)) - SCM became leader
2023-05-17 09:09:05,204 [IPC Server handler 9 on default port 15002] INFO  net.NetworkTopologyImpl (NetworkTopologyImpl.java:add(112)) - Added a new node: /default-rack/bcbacd9a-ca93-42dd-bb1e-f9c21d91cd60
2023-05-17 09:09:05,205 [IPC Server handler 9 on default port 15002] INFO  node.SCMNodeManager (SCMNodeManager.java:register(407)) - Registered Data node : bcbacd9a-ca93-42dd-bb1e-f9c21d91cd60{ip: 10.1.0.64, host: fv-az41-747.zje5jq5y5x4uznwvdkgxk4wc2h.cx.internal.cloudapp.net, ports: [HTTP=15057, REPLICATION=15063, RATIS=15059, RATIS_ADMIN=15060, RATIS_SERVER=15061, RATIS_DATASTREAM=15062, STANDALONE=15058], networkLocation: /default-rack, certSerialId: null, persistedOpState: null, persistedOpStateExpiryEpochSec: 0}
2023-05-17 09:09:05,205 [EventQueue-NewNodeForNewNodeHandler] INFO  pipeline.BackgroundPipelineCreator (BackgroundPipelineCreator.java:notifyEventTriggered(276)) - trigger a one-shot run on RatisPipelineUtilsThread.
2023-05-17 09:09:05,206 [RatisPipelineUtilsThread - 0] INFO  pipeline.RatisPipelineProvider (RatisPipelineProvider.java:lambda$create$0(206)) - Sending CreatePipelineCommand for pipeline:PipelineID=ae65ac58-6be7-4552-909a-bd49330f06d5 to datanode:bcbacd9a-ca93-42dd-bb1e-f9c21d91cd60
2023-05-17 09:09:05,207 [RatisPipelineUtilsThread - 0] INFO  pipeline.PipelineStateManagerImpl (PipelineStateManagerImpl.java:addPipeline(103)) - Created pipeline Pipeline[ Id: ae65ac58-6be7-4552-909a-bd49330f06d5, Nodes: bcbacd9a-ca93-42dd-bb1e-f9c21d91cd60(fv-az41-747.zje5jq5y5x4uznwvdkgxk4wc2h.cx.internal.cloudapp.net/10.1.0.64), ReplicationConfig: RATIS/ONE, State:ALLOCATED, leaderId:, CreationTimestamp2023-05-17T09:09:05.206Z[Etc/UTC]].
2023-05-17 09:09:05,208 [RatisPipelineUtilsThread - 0] WARN  pipeline.PipelinePlacementPolicy (PipelinePlacementPolicy.java:filterViableNodes(160)) - Pipeline creation failed due to no sufficient healthy datanodes. Required 3. Found 1. Excluded 6.
2023-05-17 09:09:05,404 [EndpointStateMachine task thread for /0.0.0.0:15002 - 0 ] INFO  utils.DatanodeStoreCache (DatanodeStoreCache.java:addDB(66)) - Added db /home/runner/work/ozone/ozone/hadoop-ozone/integration-test/target/test-dir/MiniOzoneClusterImpl-21d14123-a168-44a2-bc0a-ee93e32dcc9b/datanode-11/data-0/containers/hdds/21d14123-a168-44a2-bc0a-ee93e32dcc9b/DS-654292e4-cba6-49f8-9303-4f376585f7ba/container.db to cache
2023-05-17 09:09:05,404 [EndpointStateMachine task thread for /0.0.0.0:15002 - 0 ] INFO  volume.HddsVolume (HddsVolume.java:createDbStore(350)) - SchemaV3 db is created and loaded at /home/runner/work/ozone/ozone/hadoop-ozone/integration-test/target/test-dir/MiniOzoneClusterImpl-21d14123-a168-44a2-bc0a-ee93e32dcc9b/datanode-11/data-0/containers/hdds/21d14123-a168-44a2-bc0a-ee93e32dcc9b/DS-654292e4-cba6-49f8-9303-4f376585f7ba/container.db for volume DS-654292e4-cba6-49f8-9303-4f376585f7ba
2023-05-17 09:09:05,405 [EndpointStateMachine task thread for /0.0.0.0:15002 - 0 ] INFO  ozoneimpl.OzoneContainer (OzoneContainer.java:start(397)) - Attempting to start container services.
2023-05-17 09:09:05,405 [EndpointStateMachine task thread for /0.0.0.0:15002 - 0 ] INFO  ozoneimpl.OzoneContainer (OzoneContainer.java:startContainerScrub(314)) - Scheduled background container scanners and the on-demand container scanner have been disabled.
2023-05-17 09:09:05,405 [EndpointStateMachine task thread for /0.0.0.0:15002 - 0 ] INFO  replication.ReplicationServer (ReplicationServer.java:start(128)) - ReplicationServer is started using port 15103
2023-05-17 09:09:05,405 [EndpointStateMachine task thread for /0.0.0.0:15002 - 0 ] INFO  ratis.XceiverServerRatis (XceiverServerRatis.java:start(517)) - Starting XceiverServerRatis 4ea9b805-d843-4364-8f91-0c3c20e3ed71
2023-05-17 09:09:05,410 [EndpointStateMachine task thread for /0.0.0.0:15002 - 0 ] INFO  server.RaftServer (RaftServerProxy.java:startImpl(400)) - 4ea9b805-d843-4364-8f91-0c3c20e3ed71: start RPC server
2023-05-17 09:09:05,410 [EndpointStateMachine task thread for /0.0.0.0:15002 - 0 ] INFO  server.GrpcService (GrpcService.java:startImpl(302)) - 4ea9b805-d843-4364-8f91-0c3c20e3ed71: GrpcService started, listening on 15099
2023-05-17 09:09:05,410 [EndpointStateMachine task thread for /0.0.0.0:15002 - 0 ] INFO  server.GrpcService (GrpcService.java:startImpl(302)) - 4ea9b805-d843-4364-8f91-0c3c20e3ed71: GrpcService started, listening on 15101
2023-05-17 09:09:05,411 [EndpointStateMachine task thread for /0.0.0.0:15002 - 0 ] INFO  server.GrpcService (GrpcService.java:startImpl(302)) - 4ea9b805-d843-4364-8f91-0c3c20e3ed71: GrpcService started, listening on 15100
2023-05-17 09:09:05,412 [EndpointStateMachine task thread for /0.0.0.0:15002 - 0 ] INFO  ratis.XceiverServerRatis (XceiverServerRatis.java:getRealPort(543)) - XceiverServerRatis 4ea9b805-d843-4364-8f91-0c3c20e3ed71 is started using port 15099 for RATIS
2023-05-17 09:09:05,412 [JvmPauseMonitor12] INFO  util.JvmPauseMonitor (JvmPauseMonitor.java:run(103)) - JvmPauseMonitor-4ea9b805-d843-4364-8f91-0c3c20e3ed71: Started
2023-05-17 09:09:05,412 [EndpointStateMachine task thread for /0.0.0.0:15002 - 0 ] INFO  ratis.XceiverServerRatis (XceiverServerRatis.java:getRealPort(543)) - XceiverServerRatis 4ea9b805-d843-4364-8f91-0c3c20e3ed71 is started using port 15100 for RATIS_ADMIN
2023-05-17 09:09:05,412 [EndpointStateMachine task thread for /0.0.0.0:15002 - 0 ] INFO  ratis.XceiverServerRatis (XceiverServerRatis.java:getRealPort(543)) - XceiverServerRatis 4ea9b805-d843-4364-8f91-0c3c20e3ed71 is started using port 15101 for RATIS_SERVER
2023-05-17 09:09:05,412 [EndpointStateMachine task thread for /0.0.0.0:15002 - 0 ] INFO  ratis.XceiverServerRatis (XceiverServerRatis.java:getRealPort(543)) - XceiverServerRatis 4ea9b805-d843-4364-8f91-0c3c20e3ed71 is started using port 15102 for RATIS_DATASTREAM
2023-05-17 09:09:05,422 [BlockDeletingService#0] INFO  interfaces.ContainerDeletionChoosingPolicyTemplate (ContainerDeletionChoosingPolicyTemplate.java:chooseContainerForBlockDeletion(83)) - Chosen 0/5000 blocks from 0 candidate containers.
2023-05-17 09:09:05,762 [EndpointStateMachine task thread for /0.0.0.0:15002 - 0 ] INFO  utils.DatanodeStoreCache (DatanodeStoreCache.java:addDB(66)) - Added db /home/runner/work/ozone/ozone/hadoop-ozone/integration-test/target/test-dir/MiniOzoneClusterImpl-21d14123-a168-44a2-bc0a-ee93e32dcc9b/datanode-12/data-0/containers/hdds/21d14123-a168-44a2-bc0a-ee93e32dcc9b/DS-b3c402c5-d221-4291-b208-7a2723ace35e/container.db to cache
2023-05-17 09:09:05,762 [EndpointStateMachine task thread for /0.0.0.0:15002 - 0 ] INFO  volume.HddsVolume (HddsVolume.java:createDbStore(350)) - SchemaV3 db is created and loaded at /home/runner/work/ozone/ozone/hadoop-ozone/integration-test/target/test-dir/MiniOzoneClusterImpl-21d14123-a168-44a2-bc0a-ee93e32dcc9b/datanode-12/data-0/containers/hdds/21d14123-a168-44a2-bc0a-ee93e32dcc9b/DS-b3c402c5-d221-4291-b208-7a2723ace35e/container.db for volume DS-b3c402c5-d221-4291-b208-7a2723ace35e
2023-05-17 09:09:05,762 [EndpointStateMachine task thread for /0.0.0.0:15002 - 0 ] INFO  ozoneimpl.OzoneContainer (OzoneContainer.java:start(397)) - Attempting to start container services.
2023-05-17 09:09:05,762 [EndpointStateMachine task thread for /0.0.0.0:15002 - 0 ] INFO  ozoneimpl.OzoneContainer (OzoneContainer.java:startContainerScrub(314)) - Scheduled background container scanners and the on-demand container scanner have been disabled.
2023-05-17 09:09:05,763 [EndpointStateMachine task thread for /0.0.0.0:15002 - 0 ] INFO  replication.ReplicationServer (ReplicationServer.java:start(128)) - ReplicationServer is started using port 15111
2023-05-17 09:09:05,763 [EndpointStateMachine task thread for /0.0.0.0:15002 - 0 ] INFO  ratis.XceiverServerRatis (XceiverServerRatis.java:start(517)) - Starting XceiverServerRatis 84eda2eb-aea9-437c-8414-760cea80ce07
2023-05-17 09:09:05,764 [EndpointStateMachine task thread for /0.0.0.0:15002 - 0 ] INFO  server.RaftServer (RaftServerProxy.java:startImpl(400)) - 84eda2eb-aea9-437c-8414-760cea80ce07: start RPC server
2023-05-17 09:09:05,764 [EndpointStateMachine task thread for /0.0.0.0:15002 - 0 ] INFO  server.GrpcService (GrpcService.java:startImpl(302)) - 84eda2eb-aea9-437c-8414-760cea80ce07: GrpcService started, listening on 15107
2023-05-17 09:09:05,764 [EndpointStateMachine task thread for /0.0.0.0:15002 - 0 ] INFO  server.GrpcService (GrpcService.java:startImpl(302)) - 84eda2eb-aea9-437c-8414-760cea80ce07: GrpcService started, listening on 15109
2023-05-17 09:09:05,765 [EndpointStateMachine task thread for /0.0.0.0:15002 - 0 ] INFO  server.GrpcService (GrpcService.java:startImpl(302)) - 84eda2eb-aea9-437c-8414-760cea80ce07: GrpcService started, listening on 15108
2023-05-17 09:09:05,765 [EndpointStateMachine task thread for /0.0.0.0:15002 - 0 ] INFO  ratis.XceiverServerRatis (XceiverServerRatis.java:getRealPort(543)) - XceiverServerRatis 84eda2eb-aea9-437c-8414-760cea80ce07 is started using port 15107 for RATIS
2023-05-17 09:09:05,765 [JvmPauseMonitor13] INFO  util.JvmPauseMonitor (JvmPauseMonitor.java:run(103)) - JvmPauseMonitor-84eda2eb-aea9-437c-8414-760cea80ce07: Started
2023-05-17 09:09:05,765 [EndpointStateMachine task thread for /0.0.0.0:15002 - 0 ] INFO  ratis.XceiverServerRatis (XceiverServerRatis.java:getRealPort(543)) - XceiverServerRatis 84eda2eb-aea9-437c-8414-760cea80ce07 is started using port 15108 for RATIS_ADMIN
2023-05-17 09:09:05,766 [EndpointStateMachine task thread for /0.0.0.0:15002 - 0 ] INFO  ratis.XceiverServerRatis (XceiverServerRatis.java:getRealPort(543)) - XceiverServerRatis 84eda2eb-aea9-437c-8414-760cea80ce07 is started using port 15109 for RATIS_SERVER
2023-05-17 09:09:05,766 [EndpointStateMachine task thread for /0.0.0.0:15002 - 0 ] INFO  ratis.XceiverServerRatis (XceiverServerRatis.java:getRealPort(543)) - XceiverServerRatis 84eda2eb-aea9-437c-8414-760cea80ce07 is started using port 15110 for RATIS_DATASTREAM
2023-05-17 09:09:05,769 [BlockDeletingService#0] INFO  interfaces.ContainerDeletionChoosingPolicyTemplate (ContainerDeletionChoosingPolicyTemplate.java:chooseContainerForBlockDeletion(83)) - Chosen 0/5000 blocks from 0 candidate containers.
2023-05-17 09:09:05,793 [IPC Server handler 10 on default port 15002] INFO  net.NetworkTopologyImpl (NetworkTopologyImpl.java:add(112)) - Added a new node: /default-rack/5b9af961-56be-4fa8-844e-3cefe1429416
2023-05-17 09:09:05,793 [IPC Server handler 10 on default port 15002] INFO  node.SCMNodeManager (SCMNodeManager.java:register(407)) - Registered Data node : 5b9af961-56be-4fa8-844e-3cefe1429416{ip: 10.1.0.64, host: fv-az41-747.zje5jq5y5x4uznwvdkgxk4wc2h.cx.internal.cloudapp.net, ports: [HTTP=15065, REPLICATION=15071, RATIS=15067, RATIS_ADMIN=15068, RATIS_SERVER=15069, RATIS_DATASTREAM=15070, STANDALONE=15066], networkLocation: /default-rack, certSerialId: null, persistedOpState: null, persistedOpStateExpiryEpochSec: 0}
2023-05-17 09:09:05,794 [EventQueue-NewNodeForNewNodeHandler] INFO  pipeline.BackgroundPipelineCreator (BackgroundPipelineCreator.java:notifyEventTriggered(276)) - trigger a one-shot run on RatisPipelineUtilsThread.
2023-05-17 09:09:05,796 [RatisPipelineUtilsThread - 0] INFO  pipeline.RatisPipelineProvider (RatisPipelineProvider.java:lambda$create$0(206)) - Sending CreatePipelineCommand for pipeline:PipelineID=8d49c4f6-b2ef-40cf-bdb9-9a9143d8a2c4 to datanode:5b9af961-56be-4fa8-844e-3cefe1429416
2023-05-17 09:09:05,797 [RatisPipelineUtilsThread - 0] INFO  pipeline.PipelineStateManagerImpl (PipelineStateManagerImpl.java:addPipeline(103)) - Created pipeline Pipeline[ Id: 8d49c4f6-b2ef-40cf-bdb9-9a9143d8a2c4, Nodes: 5b9af961-56be-4fa8-844e-3cefe1429416(fv-az41-747.zje5jq5y5x4uznwvdkgxk4wc2h.cx.internal.cloudapp.net/10.1.0.64), ReplicationConfig: RATIS/ONE, State:ALLOCATED, leaderId:, CreationTimestamp2023-05-17T09:09:05.796Z[Etc/UTC]].
2023-05-17 09:09:05,798 [RatisPipelineUtilsThread - 0] WARN  pipeline.PipelinePlacementPolicy (PipelinePlacementPolicy.java:filterViableNodes(160)) - Pipeline creation failed due to no sufficient healthy datanodes. Required 3. Found 2. Excluded 6.
2023-05-17 09:09:06,103 [Listener at 127.0.0.1/15004] INFO  ozone.MiniOzoneClusterImpl (MiniOzoneClusterImpl.java:lambda$waitForClusterToBeReady$0(222)) - Waiting for nodes to be ready. Got 8 of 14 DN Heartbeats.
2023-05-17 09:09:06,103 [Listener at 127.0.0.1/15004] INFO  ozone.MiniOzoneClusterImpl (MiniOzoneClusterImpl.java:lambda$waitForClusterToBeReady$0(225)) - Waiting for cluster to exit safe mode
2023-05-17 09:09:06,103 [Listener at 127.0.0.1/15004] INFO  ozone.MiniOzoneClusterImpl (MiniOzoneClusterImpl.java:lambda$waitForClusterToBeReady$0(227)) - SCM became leader
2023-05-17 09:09:06,128 [Command processor thread] INFO  server.RaftServer (RaftServerProxy.java:addNew(98)) - 67f04e2a-34cd-4ea0-b74b-c8cb5d6f4ea5: addNew group-2664BBECD281:[67f04e2a-34cd-4ea0-b74b-c8cb5d6f4ea5|rpc:10.1.0.64:15013|admin:10.1.0.64:15012|client:10.1.0.64:15011|dataStream:10.1.0.64:15014|priority:1|startupRole:FOLLOWER] returns group-2664BBECD281:java.util.concurrent.CompletableFuture@67e0321a[Not completed]
2023-05-17 09:09:06,152 [67f04e2a-34cd-4ea0-b74b-c8cb5d6f4ea5-groupManagement] INFO  server.RaftServer$Division (RaftServerImpl.java:<init>(198)) - 67f04e2a-34cd-4ea0-b74b-c8cb5d6f4ea5: new RaftServerImpl for group-2664BBECD281:[67f04e2a-34cd-4ea0-b74b-c8cb5d6f4ea5|rpc:10.1.0.64:15013|admin:10.1.0.64:15012|client:10.1.0.64:15011|dataStream:10.1.0.64:15014|priority:1|startupRole:FOLLOWER] with ContainerStateMachine:uninitialized
2023-05-17 09:09:06,152 [67f04e2a-34cd-4ea0-b74b-c8cb5d6f4ea5-groupManagement] INFO  server.RaftServerConfigKeys (ConfUtils.java:logGet(46)) - raft.server.rpc.timeout.min = 5s (custom)
2023-05-17 09:09:06,152 [67f04e2a-34cd-4ea0-b74b-c8cb5d6f4ea5-groupManagement] INFO  server.RaftServerConfigKeys (ConfUtils.java:logGet(46)) - raft.server.rpc.timeout.max = 5200ms (custom)
2023-05-17 09:09:06,152 [67f04e2a-34cd-4ea0-b74b-c8cb5d6f4ea5-groupManagement] INFO  server.RaftServerConfigKeys (ConfUtils.java:logGet(46)) - raft.server.rpc.sleep.time = 25ms (default)
2023-05-17 09:09:06,152 [67f04e2a-34cd-4ea0-b74b-c8cb5d6f4ea5-groupManagement] INFO  server.RaftServerConfigKeys (ConfUtils.java:logGet(46)) - raft.server.rpc.slowness.timeout = 300s (custom)
2023-05-17 09:09:06,152 [67f04e2a-34cd-4ea0-b74b-c8cb5d6f4ea5-groupManagement] INFO  server.RaftServerConfigKeys (ConfUtils.java:logGet(46)) - raft.server.leaderelection.leader.step-down.wait-time = 10s (default)
2023-05-17 09:09:06,152 [67f04e2a-34cd-4ea0-b74b-c8cb5d6f4ea5-groupManagement] INFO  server.RaftServerConfigKeys (ConfUtils.java:logGet(46)) - raft.server.sleep.deviation.threshold = 300ms (default)
2023-05-17 09:09:06,152 [67f04e2a-34cd-4ea0-b74b-c8cb5d6f4ea5-groupManagement] INFO  server.RaftServer$Division (ServerState.java:<init>(120)) - 67f04e2a-34cd-4ea0-b74b-c8cb5d6f4ea5@group-2664BBECD281: ConfigurationManager, init=-1: peers:[67f04e2a-34cd-4ea0-b74b-c8cb5d6f4ea5|rpc:10.1.0.64:15013|admin:10.1.0.64:15012|client:10.1.0.64:15011|dataStream:10.1.0.64:15014|priority:1|startupRole:FOLLOWER]|listeners:[], old=null, confs=<EMPTY_MAP>
2023-05-17 09:09:06,153 [67f04e2a-34cd-4ea0-b74b-c8cb5d6f4ea5-groupManagement] INFO  server.RaftServerConfigKeys (ConfUtils.java:logGet(46)) - raft.server.storage.dir = [/home/runner/work/ozone/ozone/hadoop-ozone/integration-test/target/test-dir/MiniOzoneClusterImpl-21d14123-a168-44a2-bc0a-ee93e32dcc9b/datanode-0/data/ratis] (custom)
2023-05-17 09:09:06,153 [67f04e2a-34cd-4ea0-b74b-c8cb5d6f4ea5-groupManagement] INFO  server.RaftServerConfigKeys (ConfUtils.java:logGet(46)) - raft.server.log.corruption.policy = EXCEPTION (default)
2023-05-17 09:09:06,153 [67f04e2a-34cd-4ea0-b74b-c8cb5d6f4ea5-groupManagement] INFO  server.RaftServerConfigKeys (ConfUtils.java:logGet(46)) - raft.server.storage.free-space.min = 0MB (=0) (default)
2023-05-17 09:09:06,153 [67f04e2a-34cd-4ea0-b74b-c8cb5d6f4ea5-groupManagement] INFO  server.RaftServerConfigKeys (ConfUtils.java:logGet(46)) - raft.server.notification.no-leader.timeout = 300s (custom)
2023-05-17 09:09:06,153 [67f04e2a-34cd-4ea0-b74b-c8cb5d6f4ea5-groupManagement] INFO  server.RaftServerConfigKeys (ConfUtils.java:logGet(46)) - raft.server.read.timeout = 10s (default)
2023-05-17 09:09:06,153 [67f04e2a-34cd-4ea0-b74b-c8cb5d6f4ea5-groupManagement] INFO  server.RaftServerConfigKeys (ConfUtils.java:logGet(46)) - raft.server.retrycache.expirytime = 600000ms (custom)
2023-05-17 09:09:06,153 [67f04e2a-34cd-4ea0-b74b-c8cb5d6f4ea5-groupManagement] INFO  server.RaftServerConfigKeys (ConfUtils.java:logGet(46)) - raft.server.retrycache.statistics.expirytime = 100μs (default)
2023-05-17 09:09:06,153 [67f04e2a-34cd-4ea0-b74b-c8cb5d6f4ea5-groupManagement] INFO  server.RaftServerConfigKeys (ConfUtils.java:logGet(46)) - raft.server.read.option = DEFAULT (default)
2023-05-17 09:09:06,160 [EndpointStateMachine task thread for /0.0.0.0:15002 - 0 ] INFO  utils.DatanodeStoreCache (DatanodeStoreCache.java:addDB(66)) - Added db /home/runner/work/ozone/ozone/hadoop-ozone/integration-test/target/test-dir/MiniOzoneClusterImpl-21d14123-a168-44a2-bc0a-ee93e32dcc9b/datanode-13/data-0/containers/hdds/21d14123-a168-44a2-bc0a-ee93e32dcc9b/DS-ccdd6bfe-6239-4ba1-ad61-45d66ca46ddd/container.db to cache
2023-05-17 09:09:06,160 [EndpointStateMachine task thread for /0.0.0.0:15002 - 0 ] INFO  volume.HddsVolume (HddsVolume.java:createDbStore(350)) - SchemaV3 db is created and loaded at /home/runner/work/ozone/ozone/hadoop-ozone/integration-test/target/test-dir/MiniOzoneClusterImpl-21d14123-a168-44a2-bc0a-ee93e32dcc9b/datanode-13/data-0/containers/hdds/21d14123-a168-44a2-bc0a-ee93e32dcc9b/DS-ccdd6bfe-6239-4ba1-ad61-45d66ca46ddd/container.db for volume DS-ccdd6bfe-6239-4ba1-ad61-45d66ca46ddd
2023-05-17 09:09:06,160 [EndpointStateMachine task thread for /0.0.0.0:15002 - 0 ] INFO  ozoneimpl.OzoneContainer (OzoneContainer.java:start(397)) - Attempting to start container services.
2023-05-17 09:09:06,160 [EndpointStateMachine task thread for /0.0.0.0:15002 - 0 ] INFO  ozoneimpl.OzoneContainer (OzoneContainer.java:startContainerScrub(314)) - Scheduled background container scanners and the on-demand container scanner have been disabled.
2023-05-17 09:09:06,161 [EndpointStateMachine task thread for /0.0.0.0:15002 - 0 ] INFO  replication.ReplicationServer (ReplicationServer.java:start(128)) - ReplicationServer is started using port 15119
2023-05-17 09:09:06,161 [EndpointStateMachine task thread for /0.0.0.0:15002 - 0 ] INFO  ratis.XceiverServerRatis (XceiverServerRatis.java:start(517)) - Starting XceiverServerRatis 5b11b4e3-e601-4d3f-be34-f92c0e1a86f6
2023-05-17 09:09:06,166 [EndpointStateMachine task thread for /0.0.0.0:15002 - 0 ] INFO  server.RaftServer (RaftServerProxy.java:startImpl(400)) - 5b11b4e3-e601-4d3f-be34-f92c0e1a86f6: start RPC server
2023-05-17 09:09:06,167 [EndpointStateMachine task thread for /0.0.0.0:15002 - 0 ] INFO  server.GrpcService (GrpcService.java:startImpl(302)) - 5b11b4e3-e601-4d3f-be34-f92c0e1a86f6: GrpcService started, listening on 15115
2023-05-17 09:09:06,168 [67f04e2a-34cd-4ea0-b74b-c8cb5d6f4ea5-groupManagement] INFO  server.RaftServerConfigKeys (ConfUtils.java:logGet(46)) - raft.server.rpc.request.timeout = 60s (custom)
2023-05-17 09:09:06,168 [67f04e2a-34cd-4ea0-b74b-c8cb5d6f4ea5-groupManagement] INFO  server.RaftServerConfigKeys (ConfUtils.java:logGet(46)) - raft.server.log.appender.install.snapshot.enabled = false (custom)
2023-05-17 09:09:06,168 [67f04e2a-34cd-4ea0-b74b-c8cb5d6f4ea5-groupManagement] INFO  server.RaftServerConfigKeys (ConfUtils.java:logGet(46)) - raft.server.threadpool.server.cached = true (default)
2023-05-17 09:09:06,168 [EndpointStateMachine task thread for /0.0.0.0:15002 - 0 ] INFO  server.GrpcService (GrpcService.java:startImpl(302)) - 5b11b4e3-e601-4d3f-be34-f92c0e1a86f6: GrpcService started, listening on 15117
2023-05-17 09:09:06,169 [67f04e2a-34cd-4ea0-b74b-c8cb5d6f4ea5-groupManagement] INFO  server.RaftServerConfigKeys (ConfUtils.java:logGet(46)) - raft.server.threadpool.server.size = 0 (default)
2023-05-17 09:09:06,169 [67f04e2a-34cd-4ea0-b74b-c8cb5d6f4ea5-groupManagement] INFO  server.RaftServerConfigKeys (ConfUtils.java:logGet(46)) - raft.server.threadpool.client.cached = true (default)
2023-05-17 09:09:06,169 [67f04e2a-34cd-4ea0-b74b-c8cb5d6f4ea5-groupManagement] INFO  server.RaftServerConfigKeys (ConfUtils.java:logGet(46)) - raft.server.threadpool.client.size = 0 (default)
2023-05-17 09:09:06,169 [67f04e2a-34cd-4ea0-b74b-c8cb5d6f4ea5-groupManagement] INFO  storage.RaftStorageDirectory (RaftStorageDirectoryImpl.java:analyzeStorage(137)) - The storage directory /home/runner/work/ozone/ozone/hadoop-ozone/integration-test/target/test-dir/MiniOzoneClusterImpl-21d14123-a168-44a2-bc0a-ee93e32dcc9b/datanode-0/data/ratis/51182364-abf3-40eb-b9a7-2664bbecd281 does not exist. Creating ...
2023-05-17 09:09:06,169 [EndpointStateMachine task thread for /0.0.0.0:15002 - 0 ] INFO  server.GrpcService (GrpcService.java:startImpl(302)) - 5b11b4e3-e601-4d3f-be34-f92c0e1a86f6: GrpcService started, listening on 15116
2023-05-17 09:09:06,170 [EndpointStateMachine task thread for /0.0.0.0:15002 - 0 ] INFO  ratis.XceiverServerRatis (XceiverServerRatis.java:getRealPort(543)) - XceiverServerRatis 5b11b4e3-e601-4d3f-be34-f92c0e1a86f6 is started using port 15115 for RATIS
2023-05-17 09:09:06,170 [EndpointStateMachine task thread for /0.0.0.0:15002 - 0 ] INFO  ratis.XceiverServerRatis (XceiverServerRatis.java:getRealPort(543)) - XceiverServerRatis 5b11b4e3-e601-4d3f-be34-f92c0e1a86f6 is started using port 15116 for RATIS_ADMIN
2023-05-17 09:09:06,170 [EndpointStateMachine task thread for /0.0.0.0:15002 - 0 ] INFO  ratis.XceiverServerRatis (XceiverServerRatis.java:getRealPort(543)) - XceiverServerRatis 5b11b4e3-e601-4d3f-be34-f92c0e1a86f6 is started using port 15117 for RATIS_SERVER
2023-05-17 09:09:06,170 [EndpointStateMachine task thread for /0.0.0.0:15002 - 0 ] INFO  ratis.XceiverServerRatis (XceiverServerRatis.java:getRealPort(543)) - XceiverServerRatis 5b11b4e3-e601-4d3f-be34-f92c0e1a86f6 is started using port 15118 for RATIS_DATASTREAM
2023-05-17 09:09:06,172 [JvmPauseMonitor14] INFO  util.JvmPauseMonitor (JvmPauseMonitor.java:run(103)) - JvmPauseMonitor-5b11b4e3-e601-4d3f-be34-f92c0e1a86f6: Started
2023-05-17 09:09:06,174 [67f04e2a-34cd-4ea0-b74b-c8cb5d6f4ea5-groupManagement] INFO  storage.RaftStorageDirectory (RaftStorageDirectoryImpl.java:tryLock(231)) - Lock on /home/runner/work/ozone/ozone/hadoop-ozone/integration-test/target/test-dir/MiniOzoneClusterImpl-21d14123-a168-44a2-bc0a-ee93e32dcc9b/datanode-0/data/ratis/51182364-abf3-40eb-b9a7-2664bbecd281/in_use.lock acquired by nodename 2768@fv-az41-747
2023-05-17 09:09:06,176 [67f04e2a-34cd-4ea0-b74b-c8cb5d6f4ea5-groupManagement] INFO  storage.RaftStorage (RaftStorageImpl.java:format(96)) - Storage directory /home/runner/work/ozone/ozone/hadoop-ozone/integration-test/target/test-dir/MiniOzoneClusterImpl-21d14123-a168-44a2-bc0a-ee93e32dcc9b/datanode-0/data/ratis/51182364-abf3-40eb-b9a7-2664bbecd281 has been successfully formatted.
2023-05-17 09:09:06,180 [IPC Server handler 8 on default port 15002] INFO  net.NetworkTopologyImpl (NetworkTopologyImpl.java:add(112)) - Added a new node: /default-rack/5b9fa8c3-08c3-43f9-b175-3119fbbe3900
2023-05-17 09:09:06,180 [IPC Server handler 8 on default port 15002] INFO  node.SCMNodeManager (SCMNodeManager.java:register(407)) - Registered Data node : 5b9fa8c3-08c3-43f9-b175-3119fbbe3900{ip: 10.1.0.64, host: fv-az41-747.zje5jq5y5x4uznwvdkgxk4wc2h.cx.internal.cloudapp.net, ports: [HTTP=15073, REPLICATION=15079, RATIS=15075, RATIS_ADMIN=15076, RATIS_SERVER=15077, RATIS_DATASTREAM=15078, STANDALONE=15074], networkLocation: /default-rack, certSerialId: null, persistedOpState: null, persistedOpStateExpiryEpochSec: 0}
2023-05-17 09:09:06,180 [EventQueue-NewNodeForNewNodeHandler] INFO  pipeline.BackgroundPipelineCreator (BackgroundPipelineCreator.java:notifyEventTriggered(276)) - trigger a one-shot run on RatisPipelineUtilsThread.
2023-05-17 09:09:06,181 [RatisPipelineUtilsThread - 0] INFO  pipeline.RatisPipelineProvider (RatisPipelineProvider.java:lambda$create$0(206)) - Sending CreatePipelineCommand for pipeline:PipelineID=b0bff6a4-6f25-4e85-bba4-4902c97a15d4 to datanode:5b9fa8c3-08c3-43f9-b175-3119fbbe3900
2023-05-17 09:09:06,182 [RatisPipelineUtilsThread - 0] INFO  pipeline.PipelineStateManagerImpl (PipelineStateManagerImpl.java:addPipeline(103)) - Created pipeline Pipeline[ Id: b0bff6a4-6f25-4e85-bba4-4902c97a15d4, Nodes: 5b9fa8c3-08c3-43f9-b175-3119fbbe3900(fv-az41-747.zje5jq5y5x4uznwvdkgxk4wc2h.cx.internal.cloudapp.net/10.1.0.64), ReplicationConfig: RATIS/ONE, State:ALLOCATED, leaderId:, CreationTimestamp2023-05-17T09:09:06.181Z[Etc/UTC]].
2023-05-17 09:09:06,186 [RatisPipelineUtilsThread - 0] INFO  pipeline.RatisPipelineProvider (RatisPipelineProvider.java:lambda$create$0(206)) - Sending CreatePipelineCommand for pipeline:PipelineID=198e1bf6-3ffb-4307-8ad0-a7669f4b16a5 to datanode:bcbacd9a-ca93-42dd-bb1e-f9c21d91cd60
2023-05-17 09:09:06,186 [RatisPipelineUtilsThread - 0] INFO  pipeline.RatisPipelineProvider (RatisPipelineProvider.java:lambda$create$0(206)) - Sending CreatePipelineCommand for pipeline:PipelineID=198e1bf6-3ffb-4307-8ad0-a7669f4b16a5 to datanode:5b9af961-56be-4fa8-844e-3cefe1429416
2023-05-17 09:09:06,186 [RatisPipelineUtilsThread - 0] INFO  pipeline.RatisPipelineProvider (RatisPipelineProvider.java:lambda$create$0(206)) - Sending CreatePipelineCommand for pipeline:PipelineID=198e1bf6-3ffb-4307-8ad0-a7669f4b16a5 to datanode:5b9fa8c3-08c3-43f9-b175-3119fbbe3900
2023-05-17 09:09:06,186 [RatisPipelineUtilsThread - 0] INFO  pipeline.PipelineStateManagerImpl (PipelineStateManagerImpl.java:addPipeline(103)) - Created pipeline Pipeline[ Id: 198e1bf6-3ffb-4307-8ad0-a7669f4b16a5, Nodes: bcbacd9a-ca93-42dd-bb1e-f9c21d91cd60(fv-az41-747.zje5jq5y5x4uznwvdkgxk4wc2h.cx.internal.cloudapp.net/10.1.0.64)5b9af961-56be-4fa8-844e-3cefe1429416(fv-az41-747.zje5jq5y5x4uznwvdkgxk4wc2h.cx.internal.cloudapp.net/10.1.0.64)5b9fa8c3-08c3-43f9-b175-3119fbbe3900(fv-az41-747.zje5jq5y5x4uznwvdkgxk4wc2h.cx.internal.cloudapp.net/10.1.0.64), ReplicationConfig: RATIS/THREE, State:ALLOCATED, leaderId:, CreationTimestamp2023-05-17T09:09:06.186Z[Etc/UTC]].
2023-05-17 09:09:06,187 [RatisPipelineUtilsThread - 0] INFO  pipeline.RatisPipelineProvider (RatisPipelineProvider.java:lambda$create$0(206)) - Sending CreatePipelineCommand for pipeline:PipelineID=a870d4e5-2afa-42e0-ae48-f19cf75f4c85 to datanode:5b9fa8c3-08c3-43f9-b175-3119fbbe3900
2023-05-17 09:09:06,187 [RatisPipelineUtilsThread - 0] INFO  pipeline.RatisPipelineProvider (RatisPipelineProvider.java:lambda$create$0(206)) - Sending CreatePipelineCommand for pipeline:PipelineID=a870d4e5-2afa-42e0-ae48-f19cf75f4c85 to datanode:bcbacd9a-ca93-42dd-bb1e-f9c21d91cd60
2023-05-17 09:09:06,187 [RatisPipelineUtilsThread - 0] INFO  pipeline.RatisPipelineProvider (RatisPipelineProvider.java:lambda$create$0(206)) - Sending CreatePipelineCommand for pipeline:PipelineID=a870d4e5-2afa-42e0-ae48-f19cf75f4c85 to datanode:5b9af961-56be-4fa8-844e-3cefe1429416
2023-05-17 09:09:06,188 [RatisPipelineUtilsThread - 0] INFO  pipeline.PipelineStateManagerImpl (PipelineStateManagerImpl.java:addPipeline(103)) - Created pipeline Pipeline[ Id: a870d4e5-2afa-42e0-ae48-f19cf75f4c85, Nodes: 5b9fa8c3-08c3-43f9-b175-3119fbbe3900(fv-az41-747.zje5jq5y5x4uznwvdkgxk4wc2h.cx.internal.cloudapp.net/10.1.0.64)bcbacd9a-ca93-42dd-bb1e-f9c21d91cd60(fv-az41-747.zje5jq5y5x4uznwvdkgxk4wc2h.cx.internal.cloudapp.net/10.1.0.64)5b9af961-56be-4fa8-844e-3cefe1429416(fv-az41-747.zje5jq5y5x4uznwvdkgxk4wc2h.cx.internal.cloudapp.net/10.1.0.64), ReplicationConfig: RATIS/THREE, State:ALLOCATED, leaderId:, CreationTimestamp2023-05-17T09:09:06.187Z[Etc/UTC]].
2023-05-17 09:09:06,188 [RatisPipelineUtilsThread - 0] INFO  pipeline.PipelineManagerImpl (PipelineManagerImpl.java:recordMetricsForPipeline(826)) - Pipeline: PipelineID=a870d4e5-2afa-42e0-ae48-f19cf75f4c85 contains same datanodes as previous pipelines: PipelineID=198e1bf6-3ffb-4307-8ad0-a7669f4b16a5 nodeIds: 5b9fa8c3-08c3-43f9-b175-3119fbbe3900, bcbacd9a-ca93-42dd-bb1e-f9c21d91cd60, 5b9af961-56be-4fa8-844e-3cefe1429416
2023-05-17 09:09:06,189 [RatisPipelineUtilsThread - 0] WARN  pipeline.PipelinePlacementPolicy (PipelinePlacementPolicy.java:filterViableNodes(160)) - Pipeline creation failed due to no sufficient healthy datanodes. Required 3. Found 0. Excluded 9.
2023-05-17 09:09:06,201 [67f04e2a-34cd-4ea0-b74b-c8cb5d6f4ea5-groupManagement] INFO  ratis.ContainerStateMachine (ContainerStateMachine.java:loadSnapshot(262)) - group-2664BBECD281: The snapshot info is null. Setting the last applied indexto:(t:0, i:~)
2023-05-17 09:09:06,202 [67f04e2a-34cd-4ea0-b74b-c8cb5d6f4ea5-groupManagement] INFO  server.RaftServerConfigKeys (ConfUtils.java:logGet(46)) - raft.server.log.use.memory = false (default)
2023-05-17 09:09:06,203 [67f04e2a-34cd-4ea0-b74b-c8cb5d6f4ea5-groupManagement] INFO  server.RaftServerConfigKeys (ConfUtils.java:logGet(46)) - raft.server.log.purge.gap = 1000000 (custom)
2023-05-17 09:09:06,203 [67f04e2a-34cd-4ea0-b74b-c8cb5d6f4ea5-groupManagement] INFO  server.RaftServerConfigKeys (ConfUtils.java:logGet(46)) - raft.server.log.appender.buffer.byte-limit = 33554432 (custom)
2023-05-17 09:09:06,203 [67f04e2a-34cd-4ea0-b74b-c8cb5d6f4ea5-groupManagement] INFO  server.RaftServerConfigKeys (ConfUtils.java:logGet(46)) - raft.server.log.statemachine.data.read.timeout = 1000ms (default)
2023-05-17 09:09:06,203 [67f04e2a-34cd-4ea0-b74b-c8cb5d6f4ea5-groupManagement] INFO  server.RaftServerConfigKeys (ConfUtils.java:logGet(46)) - raft.server.log.purge.preservation.log.num = 0 (default)
2023-05-17 09:09:06,203 [67f04e2a-34cd-4ea0-b74b-c8cb5d6f4ea5-groupManagement] INFO  server.RaftServerConfigKeys (ConfUtils.java:logGet(46)) - raft.server.log.segment.size.max = 1048576 (custom)
2023-05-17 09:09:06,204 [67f04e2a-34cd-4ea0-b74b-c8cb5d6f4ea5-groupManagement] INFO  server.RaftServerConfigKeys (ConfUtils.java:logGet(46)) - raft.server.log.segment.cache.num.max = 2 (custom)
2023-05-17 09:09:06,204 [67f04e2a-34cd-4ea0-b74b-c8cb5d6f4ea5-groupManagement] INFO  server.RaftServerConfigKeys (ConfUtils.java:logGet(46)) - raft.server.log.segment.cache.size.max = 200MB (=209715200) (default)
2023-05-17 09:09:06,204 [67f04e2a-34cd-4ea0-b74b-c8cb5d6f4ea5-groupManagement] INFO  server.RaftServerConfigKeys (ConfUtils.java:logGet(46)) - raft.server.log.appender.buffer.byte-limit = 33554432 (custom)
2023-05-17 09:09:06,204 [67f04e2a-34cd-4ea0-b74b-c8cb5d6f4ea5-groupManagement] INFO  segmented.SegmentedRaftLogWorker (SegmentedRaftLogWorker.java:<init>(188)) - new 67f04e2a-34cd-4ea0-b74b-c8cb5d6f4ea5@group-2664BBECD281-SegmentedRaftLogWorker for RaftStorageImpl:Storage Directory /home/runner/work/ozone/ozone/hadoop-ozone/integration-test/target/test-dir/MiniOzoneClusterImpl-21d14123-a168-44a2-bc0a-ee93e32dcc9b/datanode-0/data/ratis/51182364-abf3-40eb-b9a7-2664bbecd281
2023-05-17 09:09:06,204 [67f04e2a-34cd-4ea0-b74b-c8cb5d6f4ea5-groupManagement] INFO  server.RaftServerConfigKeys (ConfUtils.java:logGet(46)) - raft.server.log.queue.byte-limit = 4294967296 (custom)
2023-05-17 09:09:06,204 [67f04e2a-34cd-4ea0-b74b-c8cb5d6f4ea5-groupManagement] INFO  server.RaftServerConfigKeys (ConfUtils.java:logGet(46)) - raft.server.log.queue.element-limit = 1024 (custom)
2023-05-17 09:09:06,204 [67f04e2a-34cd-4ea0-b74b-c8cb5d6f4ea5-groupManagement] INFO  server.RaftServerConfigKeys (ConfUtils.java:logGet(46)) - raft.server.log.segment.size.max = 1048576 (custom)
2023-05-17 09:09:06,205 [67f04e2a-34cd-4ea0-b74b-c8cb5d6f4ea5-groupManagement] INFO  server.RaftServerConfigKeys (ConfUtils.java:logGet(46)) - raft.server.log.preallocated.size = 16384 (custom)
2023-05-17 09:09:06,205 [67f04e2a-34cd-4ea0-b74b-c8cb5d6f4ea5-groupManagement] INFO  server.RaftServerConfigKeys (ConfUtils.java:logGet(46)) - raft.server.log.force.sync.num = 128 (default)
2023-05-17 09:09:06,205 [67f04e2a-34cd-4ea0-b74b-c8cb5d6f4ea5-groupManagement] INFO  server.RaftServerConfigKeys (ConfUtils.java:logGet(46)) - raft.server.log.statemachine.data.sync = true (default)
2023-05-17 09:09:06,205 [67f04e2a-34cd-4ea0-b74b-c8cb5d6f4ea5-groupManagement] INFO  server.RaftServerConfigKeys (ConfUtils.java:logGet(46)) - raft.server.log.statemachine.data.sync.timeout = 10s (default)
2023-05-17 09:09:06,205 [67f04e2a-34cd-4ea0-b74b-c8cb5d6f4ea5-groupManagement] INFO  server.RaftServerConfigKeys (ConfUtils.java:logGet(46)) - raft.server.log.statemachine.data.sync.timeout.retry = -1 (default)
2023-05-17 09:09:06,215 [67f04e2a-34cd-4ea0-b74b-c8cb5d6f4ea5-groupManagement] INFO  server.RaftServerConfigKeys (ConfUtils.java:logGet(46)) - raft.server.log.write.buffer.size = 1048576 (custom)
2023-05-17 09:09:06,215 [67f04e2a-34cd-4ea0-b74b-c8cb5d6f4ea5-groupManagement] INFO  server.RaftServerConfigKeys (ConfUtils.java:logGet(46)) - raft.server.log.appender.buffer.byte-limit = 33554432 (custom)
2023-05-17 09:09:06,221 [BlockDeletingService#0] INFO  interfaces.ContainerDeletionChoosingPolicyTemplate (ContainerDeletionChoosingPolicyTemplate.java:chooseContainerForBlockDeletion(83)) - Chosen 0/5000 blocks from 0 candidate containers.
2023-05-17 09:09:06,241 [67f04e2a-34cd-4ea0-b74b-c8cb5d6f4ea5-groupManagement] INFO  server.RaftServerConfigKeys (ConfUtils.java:logGet(46)) - raft.server.log.unsafe-flush.enabled = false (default)
2023-05-17 09:09:06,241 [67f04e2a-34cd-4ea0-b74b-c8cb5d6f4ea5-groupManagement] INFO  server.RaftServerConfigKeys (ConfUtils.java:logGet(46)) - raft.server.log.async-flush.enabled = false (default)
2023-05-17 09:09:06,241 [67f04e2a-34cd-4ea0-b74b-c8cb5d6f4ea5-groupManagement] INFO  server.RaftServerConfigKeys (ConfUtils.java:logGet(46)) - raft.server.log.statemachine.data.caching.enabled = true (custom)
2023-05-17 09:09:06,241 [67f04e2a-34cd-4ea0-b74b-c8cb5d6f4ea5-groupManagement] INFO  segmented.SegmentedRaftLogWorker (SegmentedRaftLogWorker.java:lambda$new$0(135)) - 67f04e2a-34cd-4ea0-b74b-c8cb5d6f4ea5@group-2664BBECD281-SegmentedRaftLogWorker: flushIndex: setUnconditionally 0 -> -1
2023-05-17 09:09:06,241 [67f04e2a-34cd-4ea0-b74b-c8cb5d6f4ea5-groupManagement] INFO  segmented.SegmentedRaftLogWorker (SegmentedRaftLogWorker.java:lambda$new$0(135)) - 67f04e2a-34cd-4ea0-b74b-c8cb5d6f4ea5@group-2664BBECD281-SegmentedRaftLogWorker: safeCacheEvictIndex: setUnconditionally 0 -> -1
2023-05-17 09:09:06,239 [EventQueue-PipelineReportForPipelineReportHandler] INFO  pipeline.PipelineManagerImpl (PipelineManagerImpl.java:openPipeline(367)) - Pipeline Pipeline[ Id: 51182364-abf3-40eb-b9a7-2664bbecd281, Nodes: 67f04e2a-34cd-4ea0-b74b-c8cb5d6f4ea5(fv-az41-747.zje5jq5y5x4uznwvdkgxk4wc2h.cx.internal.cloudapp.net/10.1.0.64), ReplicationConfig: RATIS/ONE, State:ALLOCATED, leaderId:67f04e2a-34cd-4ea0-b74b-c8cb5d6f4ea5, CreationTimestamp2023-05-17T09:09:03.168Z[Etc/UTC]] moved to OPEN state
2023-05-17 09:09:06,243 [67f04e2a-34cd-4ea0-b74b-c8cb5d6f4ea5-groupManagement] INFO  server.RaftServer$Division (RaftServerImpl.java:start(342)) - 67f04e2a-34cd-4ea0-b74b-c8cb5d6f4ea5@group-2664BBECD281: start as a follower, conf=-1: peers:[67f04e2a-34cd-4ea0-b74b-c8cb5d6f4ea5|rpc:10.1.0.64:15013|admin:10.1.0.64:15012|client:10.1.0.64:15011|dataStream:10.1.0.64:15014|priority:1|startupRole:FOLLOWER]|listeners:[], old=null
2023-05-17 09:09:06,243 [67f04e2a-34cd-4ea0-b74b-c8cb5d6f4ea5-groupManagement] INFO  server.RaftServer$Division (RaftServerImpl.java:setRole(329)) - 67f04e2a-34cd-4ea0-b74b-c8cb5d6f4ea5@group-2664BBECD281: changes role from      null to FOLLOWER at term 0 for startAsFollower
2023-05-17 09:09:06,243 [67f04e2a-34cd-4ea0-b74b-c8cb5d6f4ea5-groupManagement] INFO  impl.RoleInfo (RoleInfo.java:updateAndGet(139)) - 67f04e2a-34cd-4ea0-b74b-c8cb5d6f4ea5: start 67f04e2a-34cd-4ea0-b74b-c8cb5d6f4ea5@group-2664BBECD281-FollowerState
2023-05-17 09:09:06,244 [67f04e2a-34cd-4ea0-b74b-c8cb5d6f4ea5-groupManagement] INFO  util.JmxRegister (JmxRegister.java:tryRegister(44)) - Successfully registered JMX Bean with object name Ratis:service=RaftServer,group=group-2664BBECD281,id=67f04e2a-34cd-4ea0-b74b-c8cb5d6f4ea5
2023-05-17 09:09:06,244 [67f04e2a-34cd-4ea0-b74b-c8cb5d6f4ea5-groupManagement] INFO  server.RaftServerConfigKeys (ConfUtils.java:logGet(46)) - raft.server.snapshot.auto.trigger.enabled = true (custom)
2023-05-17 09:09:06,244 [67f04e2a-34cd-4ea0-b74b-c8cb5d6f4ea5-groupManagement] INFO  server.RaftServerConfigKeys (ConfUtils.java:logGet(46)) - raft.server.snapshot.auto.trigger.threshold = 10000 (custom)
2023-05-17 09:09:06,244 [67f04e2a-34cd-4ea0-b74b-c8cb5d6f4ea5-groupManagement] INFO  server.RaftServerConfigKeys (ConfUtils.java:logGet(46)) - raft.server.snapshot.retention.file.num = 5 (custom)
2023-05-17 09:09:06,244 [67f04e2a-34cd-4ea0-b74b-c8cb5d6f4ea5-groupManagement] INFO  server.RaftServerConfigKeys (ConfUtils.java:logGet(46)) - raft.server.log.purge.upto.snapshot.index = false (default)
2023-05-17 09:09:06,257 [EventQueue-OpenPipelineForHealthyPipelineSafeModeRule] INFO  safemode.SCMSafeModeManager (HealthyPipelineSafeModeRule.java:process(137)) - SCM in safe mode. Healthy pipelines reported count is 0, required healthy pipeline reported count is 1
2023-05-17 09:09:06,258 [67f04e2a-34cd-4ea0-b74b-c8cb5d6f4ea5@group-2664BBECD281-FollowerState] INFO  server.RaftServerConfigKeys (ConfUtils.java:logFallback(53)) - raft.server.rpc.first-election.timeout.min = 5s (fallback to raft.server.rpc.timeout.min)
2023-05-17 09:09:06,259 [67f04e2a-34cd-4ea0-b74b-c8cb5d6f4ea5@group-2664BBECD281-FollowerState] INFO  server.RaftServerConfigKeys (ConfUtils.java:logFallback(53)) - raft.server.rpc.first-election.timeout.max = 5200ms (fallback to raft.server.rpc.timeout.max)
2023-05-17 09:09:06,262 [Command processor thread] INFO  ratis.XceiverServerRatis (XceiverServerRatis.java:addGroup(806)) - Created group PipelineID=51182364-abf3-40eb-b9a7-2664bbecd281
2023-05-17 09:09:06,262 [Command processor thread] INFO  commandhandler.CreatePipelineCommandHandler (CreatePipelineCommandHandler.java:handle(113)) - Created Pipeline RATIS ONE PipelineID=51182364-abf3-40eb-b9a7-2664bbecd281.
2023-05-17 09:09:06,263 [Command processor thread] INFO  server.RaftServer (RaftServerProxy.java:addNew(98)) - 67f04e2a-34cd-4ea0-b74b-c8cb5d6f4ea5: addNew group-C26195CFC82B:[8889e818-58f8-49f9-ac5f-461eb7b79d1e|rpc:10.1.0.64:15029|admin:10.1.0.64:15028|client:10.1.0.64:15027|dataStream:10.1.0.64:15030|priority:0|startupRole:FOLLOWER, b2525f4f-bdf5-4dd0-b826-cbccdc8ecebe|rpc:10.1.0.64:15021|admin:10.1.0.64:15020|client:10.1.0.64:15019|dataStream:10.1.0.64:15022|priority:1|startupRole:FOLLOWER, 67f04e2a-34cd-4ea0-b74b-c8cb5d6f4ea5|rpc:10.1.0.64:15013|admin:10.1.0.64:15012|client:10.1.0.64:15011|dataStream:10.1.0.64:15014|priority:0|startupRole:FOLLOWER] returns group-C26195CFC82B:java.util.concurrent.CompletableFuture@7fc0529b[Not completed]
2023-05-17 09:09:06,264 [67f04e2a-34cd-4ea0-b74b-c8cb5d6f4ea5-groupManagement] INFO  server.RaftServer$Division (RaftServerImpl.java:<init>(198)) - 67f04e2a-34cd-4ea0-b74b-c8cb5d6f4ea5: new RaftServerImpl for group-C26195CFC82B:[8889e818-58f8-49f9-ac5f-461eb7b79d1e|rpc:10.1.0.64:15029|admin:10.1.0.64:15028|client:10.1.0.64:15027|dataStream:10.1.0.64:15030|priority:0|startupRole:FOLLOWER, b2525f4f-bdf5-4dd0-b826-cbccdc8ecebe|rpc:10.1.0.64:15021|admin:10.1.0.64:15020|client:10.1.0.64:15019|dataStream:10.1.0.64:15022|priority:1|startupRole:FOLLOWER, 67f04e2a-34cd-4ea0-b74b-c8cb5d6f4ea5|rpc:10.1.0.64:15013|admin:10.1.0.64:15012|client:10.1.0.64:15011|dataStream:10.1.0.64:15014|priority:0|startupRole:FOLLOWER] with ContainerStateMachine:uninitialized
2023-05-17 09:09:06,264 [67f04e2a-34cd-4ea0-b74b-c8cb5d6f4ea5-groupManagement] INFO  server.RaftServerConfigKeys (ConfUtils.java:logGet(46)) - raft.server.rpc.timeout.min = 5s (custom)
2023-05-17 09:09:06,264 [67f04e2a-34cd-4ea0-b74b-c8cb5d6f4ea5-groupManagement] INFO  server.RaftServerConfigKeys (ConfUtils.java:logGet(46)) - raft.server.rpc.timeout.max = 5200ms (custom)
2023-05-17 09:09:06,264 [67f04e2a-34cd-4ea0-b74b-c8cb5d6f4ea5-groupManagement] INFO  server.RaftServerConfigKeys (ConfUtils.java:logGet(46)) - raft.server.rpc.sleep.time = 25ms (default)
2023-05-17 09:09:06,264 [67f04e2a-34cd-4ea0-b74b-c8cb5d6f4ea5-groupManagement] INFO  server.RaftServerConfigKeys (ConfUtils.java:logGet(46)) - raft.server.rpc.slowness.timeout = 300s (custom)
2023-05-17 09:09:06,264 [67f04e2a-34cd-4ea0-b74b-c8cb5d6f4ea5-groupManagement] INFO  server.RaftServerConfigKeys (ConfUtils.java:logGet(46)) - raft.server.leaderelection.leader.step-down.wait-time = 10s (default)
2023-05-17 09:09:06,264 [67f04e2a-34cd-4ea0-b74b-c8cb5d6f4ea5-groupManagement] INFO  server.RaftServerConfigKeys (ConfUtils.java:logGet(46)) - raft.server.sleep.deviation.threshold = 300ms (default)
2023-05-17 09:09:06,264 [67f04e2a-34cd-4ea0-b74b-c8cb5d6f4ea5-groupManagement] INFO  server.RaftServer$Division (ServerState.java:<init>(120)) - 67f04e2a-34cd-4ea0-b74b-c8cb5d6f4ea5@group-C26195CFC82B: ConfigurationManager, init=-1: peers:[8889e818-58f8-49f9-ac5f-461eb7b79d1e|rpc:10.1.0.64:15029|admin:10.1.0.64:15028|client:10.1.0.64:15027|dataStream:10.1.0.64:15030|priority:0|startupRole:FOLLOWER, b2525f4f-bdf5-4dd0-b826-cbccdc8ecebe|rpc:10.1.0.64:15021|admin:10.1.0.64:15020|client:10.1.0.64:15019|dataStream:10.1.0.64:15022|priority:1|startupRole:FOLLOWER, 67f04e2a-34cd-4ea0-b74b-c8cb5d6f4ea5|rpc:10.1.0.64:15013|admin:10.1.0.64:15012|client:10.1.0.64:15011|dataStream:10.1.0.64:15014|priority:0|startupRole:FOLLOWER]|listeners:[], old=null, confs=<EMPTY_MAP>
2023-05-17 09:09:06,264 [67f04e2a-34cd-4ea0-b74b-c8cb5d6f4ea5-groupManagement] INFO  server.RaftServerConfigKeys (ConfUtils.java:logGet(46)) - raft.server.storage.dir = [/home/runner/work/ozone/ozone/hadoop-ozone/integration-test/target/test-dir/MiniOzoneClusterImpl-21d14123-a168-44a2-bc0a-ee93e32dcc9b/datanode-0/data/ratis] (custom)
2023-05-17 09:09:06,265 [67f04e2a-34cd-4ea0-b74b-c8cb5d6f4ea5-groupManagement] INFO  server.RaftServerConfigKeys (ConfUtils.java:logGet(46)) - raft.server.log.corruption.policy = EXCEPTION (default)
2023-05-17 09:09:06,265 [67f04e2a-34cd-4ea0-b74b-c8cb5d6f4ea5-groupManagement] INFO  server.RaftServerConfigKeys (ConfUtils.java:logGet(46)) - raft.server.storage.free-space.min = 0MB (=0) (default)
2023-05-17 09:09:06,265 [67f04e2a-34cd-4ea0-b74b-c8cb5d6f4ea5-groupManagement] INFO  server.RaftServerConfigKeys (ConfUtils.java:logGet(46)) - raft.server.notification.no-leader.timeout = 300s (custom)
2023-05-17 09:09:06,265 [67f04e2a-34cd-4ea0-b74b-c8cb5d6f4ea5-groupManagement] INFO  server.RaftServerConfigKeys (ConfUtils.java:logGet(46)) - raft.server.read.timeout = 10s (default)
2023-05-17 09:09:06,265 [67f04e2a-34cd-4ea0-b74b-c8cb5d6f4ea5-groupManagement] INFO  server.RaftServerConfigKeys (ConfUtils.java:logGet(46)) - raft.server.retrycache.expirytime = 600000ms (custom)
2023-05-17 09:09:06,265 [67f04e2a-34cd-4ea0-b74b-c8cb5d6f4ea5-groupManagement] INFO  server.RaftServerConfigKeys (ConfUtils.java:logGet(46)) - raft.server.retrycache.statistics.expirytime = 100μs (default)
2023-05-17 09:09:06,265 [67f04e2a-34cd-4ea0-b74b-c8cb5d6f4ea5-groupManagement] INFO  server.RaftServerConfigKeys (ConfUtils.java:logGet(46)) - raft.server.read.option = DEFAULT (default)
2023-05-17 09:09:06,277 [67f04e2a-34cd-4ea0-b74b-c8cb5d6f4ea5-groupManagement] INFO  server.RaftServerConfigKeys (ConfUtils.java:logGet(46)) - raft.server.rpc.request.timeout = 60s (custom)
2023-05-17 09:09:06,277 [67f04e2a-34cd-4ea0-b74b-c8cb5d6f4ea5-groupManagement] INFO  server.RaftServerConfigKeys (ConfUtils.java:logGet(46)) - raft.server.log.appender.install.snapshot.enabled = false (custom)
2023-05-17 09:09:06,277 [67f04e2a-34cd-4ea0-b74b-c8cb5d6f4ea5-groupManagement] INFO  server.RaftServerConfigKeys (ConfUtils.java:logGet(46)) - raft.server.threadpool.server.cached = true (default)
2023-05-17 09:09:06,277 [67f04e2a-34cd-4ea0-b74b-c8cb5d6f4ea5-groupManagement] INFO  server.RaftServerConfigKeys (ConfUtils.java:logGet(46)) - raft.server.threadpool.server.size = 0 (default)
2023-05-17 09:09:06,277 [67f04e2a-34cd-4ea0-b74b-c8cb5d6f4ea5-groupManagement] INFO  server.RaftServerConfigKeys (ConfUtils.java:logGet(46)) - raft.server.threadpool.client.cached = true (default)
2023-05-17 09:09:06,277 [67f04e2a-34cd-4ea0-b74b-c8cb5d6f4ea5-groupManagement] INFO  server.RaftServerConfigKeys (ConfUtils.java:logGet(46)) - raft.server.threadpool.client.size = 0 (default)
2023-05-17 09:09:06,278 [67f04e2a-34cd-4ea0-b74b-c8cb5d6f4ea5-groupManagement] INFO  storage.RaftStorageDirectory (RaftStorageDirectoryImpl.java:analyzeStorage(137)) - The storage directory /home/runner/work/ozone/ozone/hadoop-ozone/integration-test/target/test-dir/MiniOzoneClusterImpl-21d14123-a168-44a2-bc0a-ee93e32dcc9b/datanode-0/data/ratis/7fc61ef2-e189-43e0-95c9-c26195cfc82b does not exist. Creating ...
2023-05-17 09:09:06,281 [67f04e2a-34cd-4ea0-b74b-c8cb5d6f4ea5-groupManagement] INFO  storage.RaftStorageDirectory (RaftStorageDirectoryImpl.java:tryLock(231)) - Lock on /home/runner/work/ozone/ozone/hadoop-ozone/integration-test/target/test-dir/MiniOzoneClusterImpl-21d14123-a168-44a2-bc0a-ee93e32dcc9b/datanode-0/data/ratis/7fc61ef2-e189-43e0-95c9-c26195cfc82b/in_use.lock acquired by nodename 2768@fv-az41-747
2023-05-17 09:09:06,283 [67f04e2a-34cd-4ea0-b74b-c8cb5d6f4ea5-groupManagement] INFO  storage.RaftStorage (RaftStorageImpl.java:format(96)) - Storage directory /home/runner/work/ozone/ozone/hadoop-ozone/integration-test/target/test-dir/MiniOzoneClusterImpl-21d14123-a168-44a2-bc0a-ee93e32dcc9b/datanode-0/data/ratis/7fc61ef2-e189-43e0-95c9-c26195cfc82b has been successfully formatted.
2023-05-17 09:09:06,286 [67f04e2a-34cd-4ea0-b74b-c8cb5d6f4ea5-groupManagement] INFO  ratis.ContainerStateMachine (ContainerStateMachine.java:loadSnapshot(262)) - group-C26195CFC82B: The snapshot info is null. Setting the last applied indexto:(t:0, i:~)
2023-05-17 09:09:06,286 [67f04e2a-34cd-4ea0-b74b-c8cb5d6f4ea5-groupManagement] INFO  server.RaftServerConfigKeys (ConfUtils.java:logGet(46)) - raft.server.log.use.memory = false (default)
2023-05-17 09:09:06,286 [67f04e2a-34cd-4ea0-b74b-c8cb5d6f4ea5-groupManagement] INFO  server.RaftServerConfigKeys (ConfUtils.java:logGet(46)) - raft.server.log.purge.gap = 1000000 (custom)
2023-05-17 09:09:06,286 [67f04e2a-34cd-4ea0-b74b-c8cb5d6f4ea5-groupManagement] INFO  server.RaftServerConfigKeys (ConfUtils.java:logGet(46)) - raft.server.log.appender.buffer.byte-limit = 33554432 (custom)
2023-05-17 09:09:06,286 [67f04e2a-34cd-4ea0-b74b-c8cb5d6f4ea5-groupManagement] INFO  server.RaftServerConfigKeys (ConfUtils.java:logGet(46)) - raft.server.log.statemachine.data.read.timeout = 1000ms (default)
2023-05-17 09:09:06,286 [67f04e2a-34cd-4ea0-b74b-c8cb5d6f4ea5-groupManagement] INFO  server.RaftServerConfigKeys (ConfUtils.java:logGet(46)) - raft.server.log.purge.preservation.log.num = 0 (default)
2023-05-17 09:09:06,287 [67f04e2a-34cd-4ea0-b74b-c8cb5d6f4ea5-groupManagement] INFO  server.RaftServerConfigKeys (ConfUtils.java:logGet(46)) - raft.server.log.segment.size.max = 1048576 (custom)
2023-05-17 09:09:06,287 [EventQueue-OpenPipelineForHealthyPipelineSafeModeRule] INFO  safemode.SCMSafeModeManager (HealthyPipelineSafeModeRule.java:process(137)) - SCM in safe mode. Healthy pipelines reported count is 0, required healthy pipeline reported count is 1
2023-05-17 09:09:06,290 [67f04e2a-34cd-4ea0-b74b-c8cb5d6f4ea5-groupManagement] INFO  server.RaftServerConfigKeys (ConfUtils.java:logGet(46)) - raft.server.log.segment.cache.num.max = 2 (custom)
2023-05-17 09:09:06,290 [67f04e2a-34cd-4ea0-b74b-c8cb5d6f4ea5-groupManagement] INFO  server.RaftServerConfigKeys (ConfUtils.java:logGet(46)) - raft.server.log.segment.cache.size.max = 200MB (=209715200) (default)
2023-05-17 09:09:06,290 [67f04e2a-34cd-4ea0-b74b-c8cb5d6f4ea5-groupManagement] INFO  server.RaftServerConfigKeys (ConfUtils.java:logGet(46)) - raft.server.log.appender.buffer.byte-limit = 33554432 (custom)
2023-05-17 09:09:06,290 [67f04e2a-34cd-4ea0-b74b-c8cb5d6f4ea5-groupManagement] INFO  segmented.SegmentedRaftLogWorker (SegmentedRaftLogWorker.java:<init>(188)) - new 67f04e2a-34cd-4ea0-b74b-c8cb5d6f4ea5@group-C26195CFC82B-SegmentedRaftLogWorker for RaftStorageImpl:Storage Directory /home/runner/work/ozone/ozone/hadoop-ozone/integration-test/target/test-dir/MiniOzoneClusterImpl-21d14123-a168-44a2-bc0a-ee93e32dcc9b/datanode-0/data/ratis/7fc61ef2-e189-43e0-95c9-c26195cfc82b
2023-05-17 09:09:06,290 [67f04e2a-34cd-4ea0-b74b-c8cb5d6f4ea5-groupManagement] INFO  server.RaftServerConfigKeys (ConfUtils.java:logGet(46)) - raft.server.log.queue.byte-limit = 4294967296 (custom)
2023-05-17 09:09:06,291 [67f04e2a-34cd-4ea0-b74b-c8cb5d6f4ea5-groupManagement] INFO  server.RaftServerConfigKeys (ConfUtils.java:logGet(46)) - raft.server.log.queue.element-limit = 1024 (custom)
2023-05-17 09:09:06,291 [67f04e2a-34cd-4ea0-b74b-c8cb5d6f4ea5-groupManagement] INFO  server.RaftServerConfigKeys (ConfUtils.java:logGet(46)) - raft.server.log.segment.size.max = 1048576 (custom)
2023-05-17 09:09:06,291 [67f04e2a-34cd-4ea0-b74b-c8cb5d6f4ea5-groupManagement] INFO  server.RaftServerConfigKeys (ConfUtils.java:logGet(46)) - raft.server.log.preallocated.size = 16384 (custom)
2023-05-17 09:09:06,291 [67f04e2a-34cd-4ea0-b74b-c8cb5d6f4ea5-groupManagement] INFO  server.RaftServerConfigKeys (ConfUtils.java:logGet(46)) - raft.server.log.force.sync.num = 128 (default)
2023-05-17 09:09:06,291 [67f04e2a-34cd-4ea0-b74b-c8cb5d6f4ea5-groupManagement] INFO  server.RaftServerConfigKeys (ConfUtils.java:logGet(46)) - raft.server.log.statemachine.data.sync = true (default)
2023-05-17 09:09:06,291 [67f04e2a-34cd-4ea0-b74b-c8cb5d6f4ea5-groupManagement] INFO  server.RaftServerConfigKeys (ConfUtils.java:logGet(46)) - raft.server.log.statemachine.data.sync.timeout = 10s (default)
2023-05-17 09:09:06,292 [67f04e2a-34cd-4ea0-b74b-c8cb5d6f4ea5-groupManagement] INFO  server.RaftServerConfigKeys (ConfUtils.java:logGet(46)) - raft.server.log.statemachine.data.sync.timeout.retry = -1 (default)
2023-05-17 09:09:06,329 [67f04e2a-34cd-4ea0-b74b-c8cb5d6f4ea5-groupManagement] INFO  server.RaftServerConfigKeys (ConfUtils.java:logGet(46)) - raft.server.log.write.buffer.size = 1048576 (custom)
2023-05-17 09:09:06,329 [67f04e2a-34cd-4ea0-b74b-c8cb5d6f4ea5-groupManagement] INFO  server.RaftServerConfigKeys (ConfUtils.java:logGet(46)) - raft.server.log.appender.buffer.byte-limit = 33554432 (custom)
2023-05-17 09:09:06,335 [67f04e2a-34cd-4ea0-b74b-c8cb5d6f4ea5-groupManagement] INFO  server.RaftServerConfigKeys (ConfUtils.java:logGet(46)) - raft.server.log.unsafe-flush.enabled = false (default)
2023-05-17 09:09:06,335 [67f04e2a-34cd-4ea0-b74b-c8cb5d6f4ea5-groupManagement] INFO  server.RaftServerConfigKeys (ConfUtils.java:logGet(46)) - raft.server.log.async-flush.enabled = false (default)
2023-05-17 09:09:06,335 [67f04e2a-34cd-4ea0-b74b-c8cb5d6f4ea5-groupManagement] INFO  server.RaftServerConfigKeys (ConfUtils.java:logGet(46)) - raft.server.log.statemachine.data.caching.enabled = true (custom)
2023-05-17 09:09:06,336 [67f04e2a-34cd-4ea0-b74b-c8cb5d6f4ea5-groupManagement] INFO  segmented.SegmentedRaftLogWorker (SegmentedRaftLogWorker.java:lambda$new$0(135)) - 67f04e2a-34cd-4ea0-b74b-c8cb5d6f4ea5@group-C26195CFC82B-SegmentedRaftLogWorker: flushIndex: setUnconditionally 0 -> -1
2023-05-17 09:09:06,336 [67f04e2a-34cd-4ea0-b74b-c8cb5d6f4ea5-groupManagement] INFO  segmented.SegmentedRaftLogWorker (SegmentedRaftLogWorker.java:lambda$new$0(135)) - 67f04e2a-34cd-4ea0-b74b-c8cb5d6f4ea5@group-C26195CFC82B-SegmentedRaftLogWorker: safeCacheEvictIndex: setUnconditionally 0 -> -1
2023-05-17 09:09:06,347 [67f04e2a-34cd-4ea0-b74b-c8cb5d6f4ea5-groupManagement] INFO  server.RaftServer$Division (RaftServerImpl.java:start(342)) - 67f04e2a-34cd-4ea0-b74b-c8cb5d6f4ea5@group-C26195CFC82B: start as a follower, conf=-1: peers:[8889e818-58f8-49f9-ac5f-461eb7b79d1e|rpc:10.1.0.64:15029|admin:10.1.0.64:15028|client:10.1.0.64:15027|dataStream:10.1.0.64:15030|priority:0|startupRole:FOLLOWER, b2525f4f-bdf5-4dd0-b826-cbccdc8ecebe|rpc:10.1.0.64:15021|admin:10.1.0.64:15020|client:10.1.0.64:15019|dataStream:10.1.0.64:15022|priority:1|startupRole:FOLLOWER, 67f04e2a-34cd-4ea0-b74b-c8cb5d6f4ea5|rpc:10.1.0.64:15013|admin:10.1.0.64:15012|client:10.1.0.64:15011|dataStream:10.1.0.64:15014|priority:0|startupRole:FOLLOWER]|listeners:[], old=null
2023-05-17 09:09:06,347 [67f04e2a-34cd-4ea0-b74b-c8cb5d6f4ea5-groupManagement] INFO  server.RaftServer$Division (RaftServerImpl.java:setRole(329)) - 67f04e2a-34cd-4ea0-b74b-c8cb5d6f4ea5@group-C26195CFC82B: changes role from      null to FOLLOWER at term 0 for startAsFollower
2023-05-17 09:09:06,348 [67f04e2a-34cd-4ea0-b74b-c8cb5d6f4ea5-groupManagement] INFO  impl.RoleInfo (RoleInfo.java:updateAndGet(139)) - 67f04e2a-34cd-4ea0-b74b-c8cb5d6f4ea5: start 67f04e2a-34cd-4ea0-b74b-c8cb5d6f4ea5@group-C26195CFC82B-FollowerState
2023-05-17 09:09:06,352 [67f04e2a-34cd-4ea0-b74b-c8cb5d6f4ea5-groupManagement] INFO  util.JmxRegister (JmxRegister.java:tryRegister(44)) - Successfully registered JMX Bean with object name Ratis:service=RaftServer,group=group-C26195CFC82B,id=67f04e2a-34cd-4ea0-b74b-c8cb5d6f4ea5
2023-05-17 09:09:06,352 [Finalizer] WARN  managed.ManagedRocksObjectUtils (ManagedRocksObjectUtils.java:assertClosed(54)) - ManagedColumnFamilyOptions is not closed properly
2023-05-17 09:09:06,358 [Finalizer] WARN  managed.ManagedRocksObjectUtils (ManagedRocksObjectUtils.java:assertClosed(54)) - ManagedBloomFilter is not closed properly
2023-05-17 09:09:06,358 [Finalizer] WARN  managed.ManagedRocksObjectUtils (ManagedRocksObjectUtils.java:assertClosed(54)) - ManagedLRUCache is not closed properly
2023-05-17 09:09:06,361 [67f04e2a-34cd-4ea0-b74b-c8cb5d6f4ea5@group-C26195CFC82B-FollowerState] INFO  server.RaftServerConfigKeys (ConfUtils.java:logFallback(53)) - raft.server.rpc.first-election.timeout.min = 5s (fallback to raft.server.rpc.timeout.min)
2023-05-17 09:09:06,361 [67f04e2a-34cd-4ea0-b74b-c8cb5d6f4ea5@group-C26195CFC82B-FollowerState] INFO  server.RaftServerConfigKeys (ConfUtils.java:logFallback(53)) - raft.server.rpc.first-election.timeout.max = 5200ms (fallback to raft.server.rpc.timeout.max)
2023-05-17 09:09:06,362 [67f04e2a-34cd-4ea0-b74b-c8cb5d6f4ea5-groupManagement] INFO  server.RaftServerConfigKeys (ConfUtils.java:logGet(46)) - raft.server.snapshot.auto.trigger.enabled = true (custom)
2023-05-17 09:09:06,362 [67f04e2a-34cd-4ea0-b74b-c8cb5d6f4ea5-groupManagement] INFO  server.RaftServerConfigKeys (ConfUtils.java:logGet(46)) - raft.server.snapshot.auto.trigger.threshold = 10000 (custom)
2023-05-17 09:09:06,362 [67f04e2a-34cd-4ea0-b74b-c8cb5d6f4ea5-groupManagement] INFO  server.RaftServerConfigKeys (ConfUtils.java:logGet(46)) - raft.server.snapshot.retention.file.num = 5 (custom)
2023-05-17 09:09:06,362 [67f04e2a-34cd-4ea0-b74b-c8cb5d6f4ea5-groupManagement] INFO  server.RaftServerConfigKeys (ConfUtils.java:logGet(46)) - raft.server.log.purge.upto.snapshot.index = false (default)
2023-05-17 09:09:06,363 [Command processor thread] INFO  ratis.XceiverServerRatis (XceiverServerRatis.java:addGroup(806)) - Created group PipelineID=7fc61ef2-e189-43e0-95c9-c26195cfc82b
2023-05-17 09:09:06,481 [Command processor thread] INFO  server.RaftServer (RaftServerProxy.java:addNew(98)) - b2525f4f-bdf5-4dd0-b826-cbccdc8ecebe: addNew group-9F3DE9A29F23:[b2525f4f-bdf5-4dd0-b826-cbccdc8ecebe|rpc:10.1.0.64:15021|admin:10.1.0.64:15020|client:10.1.0.64:15019|dataStream:10.1.0.64:15022|priority:1|startupRole:FOLLOWER] returns group-9F3DE9A29F23:java.util.concurrent.CompletableFuture@56f86b18[Not completed]
2023-05-17 09:09:06,483 [b2525f4f-bdf5-4dd0-b826-cbccdc8ecebe-groupManagement] INFO  server.RaftServer$Division (RaftServerImpl.java:<init>(198)) - b2525f4f-bdf5-4dd0-b826-cbccdc8ecebe: new RaftServerImpl for group-9F3DE9A29F23:[b2525f4f-bdf5-4dd0-b826-cbccdc8ecebe|rpc:10.1.0.64:15021|admin:10.1.0.64:15020|client:10.1.0.64:15019|dataStream:10.1.0.64:15022|priority:1|startupRole:FOLLOWER] with ContainerStateMachine:uninitialized
2023-05-17 09:09:06,483 [b2525f4f-bdf5-4dd0-b826-cbccdc8ecebe-groupManagement] INFO  server.RaftServerConfigKeys (ConfUtils.java:logGet(46)) - raft.server.rpc.timeout.min = 5s (custom)
2023-05-17 09:09:06,483 [b2525f4f-bdf5-4dd0-b826-cbccdc8ecebe-groupManagement] INFO  server.RaftServerConfigKeys (ConfUtils.java:logGet(46)) - raft.server.rpc.timeout.max = 5200ms (custom)
2023-05-17 09:09:06,483 [b2525f4f-bdf5-4dd0-b826-cbccdc8ecebe-groupManagement] INFO  server.RaftServerConfigKeys (ConfUtils.java:logGet(46)) - raft.server.rpc.sleep.time = 25ms (default)
2023-05-17 09:09:06,483 [b2525f4f-bdf5-4dd0-b826-cbccdc8ecebe-groupManagement] INFO  server.RaftServerConfigKeys (ConfUtils.java:logGet(46)) - raft.server.rpc.slowness.timeout = 300s (custom)
2023-05-17 09:09:06,483 [b2525f4f-bdf5-4dd0-b826-cbccdc8ecebe-groupManagement] INFO  server.RaftServerConfigKeys (ConfUtils.java:logGet(46)) - raft.server.leaderelection.leader.step-down.wait-time = 10s (default)
2023-05-17 09:09:06,483 [b2525f4f-bdf5-4dd0-b826-cbccdc8ecebe-groupManagement] INFO  server.RaftServerConfigKeys (ConfUtils.java:logGet(46)) - raft.server.sleep.deviation.threshold = 300ms (default)
2023-05-17 09:09:06,483 [b2525f4f-bdf5-4dd0-b826-cbccdc8ecebe-groupManagement] INFO  server.RaftServer$Division (ServerState.java:<init>(120)) - b2525f4f-bdf5-4dd0-b826-cbccdc8ecebe@group-9F3DE9A29F23: ConfigurationManager, init=-1: peers:[b2525f4f-bdf5-4dd0-b826-cbccdc8ecebe|rpc:10.1.0.64:15021|admin:10.1.0.64:15020|client:10.1.0.64:15019|dataStream:10.1.0.64:15022|priority:1|startupRole:FOLLOWER]|listeners:[], old=null, confs=<EMPTY_MAP>
2023-05-17 09:09:06,484 [b2525f4f-bdf5-4dd0-b826-cbccdc8ecebe-groupManagement] INFO  server.RaftServerConfigKeys (ConfUtils.java:logGet(46)) - raft.server.storage.dir = [/home/runner/work/ozone/ozone/hadoop-ozone/integration-test/target/test-dir/MiniOzoneClusterImpl-21d14123-a168-44a2-bc0a-ee93e32dcc9b/datanode-1/data/ratis] (custom)
2023-05-17 09:09:06,484 [b2525f4f-bdf5-4dd0-b826-cbccdc8ecebe-groupManagement] INFO  server.RaftServerConfigKeys (ConfUtils.java:logGet(46)) - raft.server.log.corruption.policy = EXCEPTION (default)
2023-05-17 09:09:06,484 [b2525f4f-bdf5-4dd0-b826-cbccdc8ecebe-groupManagement] INFO  server.RaftServerConfigKeys (ConfUtils.java:logGet(46)) - raft.server.storage.free-space.min = 0MB (=0) (default)
2023-05-17 09:09:06,484 [b2525f4f-bdf5-4dd0-b826-cbccdc8ecebe-groupManagement] INFO  server.RaftServerConfigKeys (ConfUtils.java:logGet(46)) - raft.server.notification.no-leader.timeout = 300s (custom)
2023-05-17 09:09:06,484 [b2525f4f-bdf5-4dd0-b826-cbccdc8ecebe-groupManagement] INFO  server.RaftServerConfigKeys (ConfUtils.java:logGet(46)) - raft.server.read.timeout = 10s (default)
2023-05-17 09:09:06,484 [b2525f4f-bdf5-4dd0-b826-cbccdc8ecebe-groupManagement] INFO  server.RaftServerConfigKeys (ConfUtils.java:logGet(46)) - raft.server.retrycache.expirytime = 600000ms (custom)
2023-05-17 09:09:06,484 [b2525f4f-bdf5-4dd0-b826-cbccdc8ecebe-groupManagement] INFO  server.RaftServerConfigKeys (ConfUtils.java:logGet(46)) - raft.server.retrycache.statistics.expirytime = 100μs (default)
2023-05-17 09:09:06,484 [b2525f4f-bdf5-4dd0-b826-cbccdc8ecebe-groupManagement] INFO  server.RaftServerConfigKeys (ConfUtils.java:logGet(46)) - raft.server.read.option = DEFAULT (default)
2023-05-17 09:09:06,489 [b2525f4f-bdf5-4dd0-b826-cbccdc8ecebe-groupManagement] INFO  server.RaftServerConfigKeys (ConfUtils.java:logGet(46)) - raft.server.rpc.request.timeout = 60s (custom)
2023-05-17 09:09:06,490 [b2525f4f-bdf5-4dd0-b826-cbccdc8ecebe-groupManagement] INFO  server.RaftServerConfigKeys (ConfUtils.java:logGet(46)) - raft.server.log.appender.install.snapshot.enabled = false (custom)
2023-05-17 09:09:06,490 [b2525f4f-bdf5-4dd0-b826-cbccdc8ecebe-groupManagement] INFO  server.RaftServerConfigKeys (ConfUtils.java:logGet(46)) - raft.server.threadpool.server.cached = true (default)
2023-05-17 09:09:06,490 [b2525f4f-bdf5-4dd0-b826-cbccdc8ecebe-groupManagement] INFO  server.RaftServerConfigKeys (ConfUtils.java:logGet(46)) - raft.server.threadpool.server.size = 0 (default)
2023-05-17 09:09:06,490 [b2525f4f-bdf5-4dd0-b826-cbccdc8ecebe-groupManagement] INFO  server.RaftServerConfigKeys (ConfUtils.java:logGet(46)) - raft.server.threadpool.client.cached = true (default)
2023-05-17 09:09:06,490 [b2525f4f-bdf5-4dd0-b826-cbccdc8ecebe-groupManagement] INFO  server.RaftServerConfigKeys (ConfUtils.java:logGet(46)) - raft.server.threadpool.client.size = 0 (default)
2023-05-17 09:09:06,490 [b2525f4f-bdf5-4dd0-b826-cbccdc8ecebe-groupManagement] INFO  storage.RaftStorageDirectory (RaftStorageDirectoryImpl.java:analyzeStorage(137)) - The storage directory /home/runner/work/ozone/ozone/hadoop-ozone/integration-test/target/test-dir/MiniOzoneClusterImpl-21d14123-a168-44a2-bc0a-ee93e32dcc9b/datanode-1/data/ratis/5de00e95-171e-4300-abc9-9f3de9a29f23 does not exist. Creating ...
2023-05-17 09:09:06,492 [b2525f4f-bdf5-4dd0-b826-cbccdc8ecebe-groupManagement] INFO  storage.RaftStorageDirectory (RaftStorageDirectoryImpl.java:tryLock(231)) - Lock on /home/runner/work/ozone/ozone/hadoop-ozone/integration-test/target/test-dir/MiniOzoneClusterImpl-21d14123-a168-44a2-bc0a-ee93e32dcc9b/datanode-1/data/ratis/5de00e95-171e-4300-abc9-9f3de9a29f23/in_use.lock acquired by nodename 2768@fv-az41-747
2023-05-17 09:09:06,493 [b2525f4f-bdf5-4dd0-b826-cbccdc8ecebe-groupManagement] INFO  storage.RaftStorage (RaftStorageImpl.java:format(96)) - Storage directory /home/runner/work/ozone/ozone/hadoop-ozone/integration-test/target/test-dir/MiniOzoneClusterImpl-21d14123-a168-44a2-bc0a-ee93e32dcc9b/datanode-1/data/ratis/5de00e95-171e-4300-abc9-9f3de9a29f23 has been successfully formatted.
2023-05-17 09:09:06,496 [b2525f4f-bdf5-4dd0-b826-cbccdc8ecebe-groupManagement] INFO  ratis.ContainerStateMachine (ContainerStateMachine.java:loadSnapshot(262)) - group-9F3DE9A29F23: The snapshot info is null. Setting the last applied indexto:(t:0, i:~)
2023-05-17 09:09:06,497 [b2525f4f-bdf5-4dd0-b826-cbccdc8ecebe-groupManagement] INFO  server.RaftServerConfigKeys (ConfUtils.java:logGet(46)) - raft.server.log.use.memory = false (default)
2023-05-17 09:09:06,497 [b2525f4f-bdf5-4dd0-b826-cbccdc8ecebe-groupManagement] INFO  server.RaftServerConfigKeys (ConfUtils.java:logGet(46)) - raft.server.log.purge.gap = 1000000 (custom)
2023-05-17 09:09:06,497 [b2525f4f-bdf5-4dd0-b826-cbccdc8ecebe-groupManagement] INFO  server.RaftServerConfigKeys (ConfUtils.java:logGet(46)) - raft.server.log.appender.buffer.byte-limit = 33554432 (custom)
2023-05-17 09:09:06,498 [b2525f4f-bdf5-4dd0-b826-cbccdc8ecebe-groupManagement] INFO  server.RaftServerConfigKeys (ConfUtils.java:logGet(46)) - raft.server.log.statemachine.data.read.timeout = 1000ms (default)
2023-05-17 09:09:06,498 [b2525f4f-bdf5-4dd0-b826-cbccdc8ecebe-groupManagement] INFO  server.RaftServerConfigKeys (ConfUtils.java:logGet(46)) - raft.server.log.purge.preservation.log.num = 0 (default)
2023-05-17 09:09:06,498 [b2525f4f-bdf5-4dd0-b826-cbccdc8ecebe-groupManagement] INFO  server.RaftServerConfigKeys (ConfUtils.java:logGet(46)) - raft.server.log.segment.size.max = 1048576 (custom)
2023-05-17 09:09:06,500 [b2525f4f-bdf5-4dd0-b826-cbccdc8ecebe-groupManagement] INFO  server.RaftServerConfigKeys (ConfUtils.java:logGet(46)) - raft.server.log.segment.cache.num.max = 2 (custom)
2023-05-17 09:09:06,500 [b2525f4f-bdf5-4dd0-b826-cbccdc8ecebe-groupManagement] INFO  server.RaftServerConfigKeys (ConfUtils.java:logGet(46)) - raft.server.log.segment.cache.size.max = 200MB (=209715200) (default)
2023-05-17 09:09:06,498 [EventQueue-PipelineReportForPipelineReportHandler] INFO  pipeline.PipelineManagerImpl (PipelineManagerImpl.java:openPipeline(367)) - Pipeline Pipeline[ Id: 5de00e95-171e-4300-abc9-9f3de9a29f23, Nodes: b2525f4f-bdf5-4dd0-b826-cbccdc8ecebe(fv-az41-747.zje5jq5y5x4uznwvdkgxk4wc2h.cx.internal.cloudapp.net/10.1.0.64), ReplicationConfig: RATIS/ONE, State:ALLOCATED, leaderId:b2525f4f-bdf5-4dd0-b826-cbccdc8ecebe, CreationTimestamp2023-05-17T09:09:03.514Z[Etc/UTC]] moved to OPEN state
2023-05-17 09:09:06,512 [b2525f4f-bdf5-4dd0-b826-cbccdc8ecebe-groupManagement] INFO  server.RaftServerConfigKeys (ConfUtils.java:logGet(46)) - raft.server.log.appender.buffer.byte-limit = 33554432 (custom)
2023-05-17 09:09:06,513 [b2525f4f-bdf5-4dd0-b826-cbccdc8ecebe-groupManagement] INFO  segmented.SegmentedRaftLogWorker (SegmentedRaftLogWorker.java:<init>(188)) - new b2525f4f-bdf5-4dd0-b826-cbccdc8ecebe@group-9F3DE9A29F23-SegmentedRaftLogWorker for RaftStorageImpl:Storage Directory /home/runner/work/ozone/ozone/hadoop-ozone/integration-test/target/test-dir/MiniOzoneClusterImpl-21d14123-a168-44a2-bc0a-ee93e32dcc9b/datanode-1/data/ratis/5de00e95-171e-4300-abc9-9f3de9a29f23
2023-05-17 09:09:06,513 [b2525f4f-bdf5-4dd0-b826-cbccdc8ecebe-groupManagement] INFO  server.RaftServerConfigKeys (ConfUtils.java:logGet(46)) - raft.server.log.queue.byte-limit = 4294967296 (custom)
2023-05-17 09:09:06,513 [b2525f4f-bdf5-4dd0-b826-cbccdc8ecebe-groupManagement] INFO  server.RaftServerConfigKeys (ConfUtils.java:logGet(46)) - raft.server.log.queue.element-limit = 1024 (custom)
2023-05-17 09:09:06,513 [b2525f4f-bdf5-4dd0-b826-cbccdc8ecebe-groupManagement] INFO  server.RaftServerConfigKeys (ConfUtils.java:logGet(46)) - raft.server.log.segment.size.max = 1048576 (custom)
2023-05-17 09:09:06,513 [b2525f4f-bdf5-4dd0-b826-cbccdc8ecebe-groupManagement] INFO  server.RaftServerConfigKeys (ConfUtils.java:logGet(46)) - raft.server.log.preallocated.size = 16384 (custom)
2023-05-17 09:09:06,514 [b2525f4f-bdf5-4dd0-b826-cbccdc8ecebe-groupManagement] INFO  server.RaftServerConfigKeys (ConfUtils.java:logGet(46)) - raft.server.log.force.sync.num = 128 (default)
2023-05-17 09:09:06,514 [b2525f4f-bdf5-4dd0-b826-cbccdc8ecebe-groupManagement] INFO  server.RaftServerConfigKeys (ConfUtils.java:logGet(46)) - raft.server.log.statemachine.data.sync = true (default)
2023-05-17 09:09:06,514 [b2525f4f-bdf5-4dd0-b826-cbccdc8ecebe-groupManagement] INFO  server.RaftServerConfigKeys (ConfUtils.java:logGet(46)) - raft.server.log.statemachine.data.sync.timeout = 10s (default)
2023-05-17 09:09:06,514 [b2525f4f-bdf5-4dd0-b826-cbccdc8ecebe-groupManagement] INFO  server.RaftServerConfigKeys (ConfUtils.java:logGet(46)) - raft.server.log.statemachine.data.sync.timeout.retry = -1 (default)
2023-05-17 09:09:06,515 [EventQueue-OpenPipelineForHealthyPipelineSafeModeRule] INFO  safemode.SCMSafeModeManager (HealthyPipelineSafeModeRule.java:process(137)) - SCM in safe mode. Healthy pipelines reported count is 0, required healthy pipeline reported count is 1
2023-05-17 09:09:06,519 [b2525f4f-bdf5-4dd0-b826-cbccdc8ecebe-groupManagement] INFO  server.RaftServerConfigKeys (ConfUtils.java:logGet(46)) - raft.server.log.write.buffer.size = 1048576 (custom)
2023-05-17 09:09:06,520 [b2525f4f-bdf5-4dd0-b826-cbccdc8ecebe-groupManagement] INFO  server.RaftServerConfigKeys (ConfUtils.java:logGet(46)) - raft.server.log.appender.buffer.byte-limit = 33554432 (custom)
2023-05-17 09:09:06,534 [b2525f4f-bdf5-4dd0-b826-cbccdc8ecebe-groupManagement] INFO  server.RaftServerConfigKeys (ConfUtils.java:logGet(46)) - raft.server.log.unsafe-flush.enabled = false (default)
2023-05-17 09:09:06,534 [b2525f4f-bdf5-4dd0-b826-cbccdc8ecebe-groupManagement] INFO  server.RaftServerConfigKeys (ConfUtils.java:logGet(46)) - raft.server.log.async-flush.enabled = false (default)
2023-05-17 09:09:06,534 [b2525f4f-bdf5-4dd0-b826-cbccdc8ecebe-groupManagement] INFO  server.RaftServerConfigKeys (ConfUtils.java:logGet(46)) - raft.server.log.statemachine.data.caching.enabled = true (custom)
2023-05-17 09:09:06,535 [b2525f4f-bdf5-4dd0-b826-cbccdc8ecebe-groupManagement] INFO  segmented.SegmentedRaftLogWorker (SegmentedRaftLogWorker.java:lambda$new$0(135)) - b2525f4f-bdf5-4dd0-b826-cbccdc8ecebe@group-9F3DE9A29F23-SegmentedRaftLogWorker: flushIndex: setUnconditionally 0 -> -1
2023-05-17 09:09:06,535 [b2525f4f-bdf5-4dd0-b826-cbccdc8ecebe-groupManagement] INFO  segmented.SegmentedRaftLogWorker (SegmentedRaftLogWorker.java:lambda$new$0(135)) - b2525f4f-bdf5-4dd0-b826-cbccdc8ecebe@group-9F3DE9A29F23-SegmentedRaftLogWorker: safeCacheEvictIndex: setUnconditionally 0 -> -1
2023-05-17 09:09:06,543 [b2525f4f-bdf5-4dd0-b826-cbccdc8ecebe-groupManagement] INFO  server.RaftServer$Division (RaftServerImpl.java:start(342)) - b2525f4f-bdf5-4dd0-b826-cbccdc8ecebe@group-9F3DE9A29F23: start as a follower, conf=-1: peers:[b2525f4f-bdf5-4dd0-b826-cbccdc8ecebe|rpc:10.1.0.64:15021|admin:10.1.0.64:15020|client:10.1.0.64:15019|dataStream:10.1.0.64:15022|priority:1|startupRole:FOLLOWER]|listeners:[], old=null
2023-05-17 09:09:06,543 [b2525f4f-bdf5-4dd0-b826-cbccdc8ecebe-groupManagement] INFO  server.RaftServer$Division (RaftServerImpl.java:setRole(329)) - b2525f4f-bdf5-4dd0-b826-cbccdc8ecebe@group-9F3DE9A29F23: changes role from      null to FOLLOWER at term 0 for startAsFollower
2023-05-17 09:09:06,543 [b2525f4f-bdf5-4dd0-b826-cbccdc8ecebe-groupManagement] INFO  impl.RoleInfo (RoleInfo.java:updateAndGet(139)) - b2525f4f-bdf5-4dd0-b826-cbccdc8ecebe: start b2525f4f-bdf5-4dd0-b826-cbccdc8ecebe@group-9F3DE9A29F23-FollowerState
2023-05-17 09:09:06,550 [b2525f4f-bdf5-4dd0-b826-cbccdc8ecebe@group-9F3DE9A29F23-FollowerState] INFO  server.RaftServerConfigKeys (ConfUtils.java:logFallback(53)) - raft.server.rpc.first-election.timeout.min = 5s (fallback to raft.server.rpc.timeout.min)
2023-05-17 09:09:06,550 [b2525f4f-bdf5-4dd0-b826-cbccdc8ecebe@group-9F3DE9A29F23-FollowerState] INFO  server.RaftServerConfigKeys (ConfUtils.java:logFallback(53)) - raft.server.rpc.first-election.timeout.max = 5200ms (fallback to raft.server.rpc.timeout.max)
2023-05-17 09:09:06,550 [b2525f4f-bdf5-4dd0-b826-cbccdc8ecebe-groupManagement] INFO  util.JmxRegister (JmxRegister.java:tryRegister(44)) - Successfully registered JMX Bean with object name Ratis:service=RaftServer,group=group-9F3DE9A29F23,id=b2525f4f-bdf5-4dd0-b826-cbccdc8ecebe
2023-05-17 09:09:06,558 [b2525f4f-bdf5-4dd0-b826-cbccdc8ecebe-groupManagement] INFO  server.RaftServerConfigKeys (ConfUtils.java:logGet(46)) - raft.server.snapshot.auto.trigger.enabled = true (custom)
2023-05-17 09:09:06,558 [b2525f4f-bdf5-4dd0-b826-cbccdc8ecebe-groupManagement] INFO  server.RaftServerConfigKeys (ConfUtils.java:logGet(46)) - raft.server.snapshot.auto.trigger.threshold = 10000 (custom)
2023-05-17 09:09:06,558 [b2525f4f-bdf5-4dd0-b826-cbccdc8ecebe-groupManagement] INFO  server.RaftServerConfigKeys (ConfUtils.java:logGet(46)) - raft.server.snapshot.retention.file.num = 5 (custom)
2023-05-17 09:09:06,558 [b2525f4f-bdf5-4dd0-b826-cbccdc8ecebe-groupManagement] INFO  server.RaftServerConfigKeys (ConfUtils.java:logGet(46)) - raft.server.log.purge.upto.snapshot.index = false (default)
2023-05-17 09:09:06,561 [Command processor thread] INFO  ratis.XceiverServerRatis (XceiverServerRatis.java:addGroup(806)) - Created group PipelineID=5de00e95-171e-4300-abc9-9f3de9a29f23
2023-05-17 09:09:06,561 [Command processor thread] INFO  commandhandler.CreatePipelineCommandHandler (CreatePipelineCommandHandler.java:handle(113)) - Created Pipeline RATIS ONE PipelineID=5de00e95-171e-4300-abc9-9f3de9a29f23.
2023-05-17 09:09:06,566 [Command processor thread] INFO  server.RaftServer (RaftServerProxy.java:addNew(98)) - b2525f4f-bdf5-4dd0-b826-cbccdc8ecebe: addNew group-C26195CFC82B:[8889e818-58f8-49f9-ac5f-461eb7b79d1e|rpc:10.1.0.64:15029|admin:10.1.0.64:15028|client:10.1.0.64:15027|dataStream:10.1.0.64:15030|priority:0|startupRole:FOLLOWER, b2525f4f-bdf5-4dd0-b826-cbccdc8ecebe|rpc:10.1.0.64:15021|admin:10.1.0.64:15020|client:10.1.0.64:15019|dataStream:10.1.0.64:15022|priority:1|startupRole:FOLLOWER, 67f04e2a-34cd-4ea0-b74b-c8cb5d6f4ea5|rpc:10.1.0.64:15013|admin:10.1.0.64:15012|client:10.1.0.64:15011|dataStream:10.1.0.64:15014|priority:0|startupRole:FOLLOWER] returns group-C26195CFC82B:java.util.concurrent.CompletableFuture@52c7e51f[Not completed]
2023-05-17 09:09:06,567 [b2525f4f-bdf5-4dd0-b826-cbccdc8ecebe-groupManagement] INFO  server.RaftServer$Division (RaftServerImpl.java:<init>(198)) - b2525f4f-bdf5-4dd0-b826-cbccdc8ecebe: new RaftServerImpl for group-C26195CFC82B:[8889e818-58f8-49f9-ac5f-461eb7b79d1e|rpc:10.1.0.64:15029|admin:10.1.0.64:15028|client:10.1.0.64:15027|dataStream:10.1.0.64:15030|priority:0|startupRole:FOLLOWER, b2525f4f-bdf5-4dd0-b826-cbccdc8ecebe|rpc:10.1.0.64:15021|admin:10.1.0.64:15020|client:10.1.0.64:15019|dataStream:10.1.0.64:15022|priority:1|startupRole:FOLLOWER, 67f04e2a-34cd-4ea0-b74b-c8cb5d6f4ea5|rpc:10.1.0.64:15013|admin:10.1.0.64:15012|client:10.1.0.64:15011|dataStream:10.1.0.64:15014|priority:0|startupRole:FOLLOWER] with ContainerStateMachine:uninitialized
2023-05-17 09:09:06,568 [b2525f4f-bdf5-4dd0-b826-cbccdc8ecebe-groupManagement] INFO  server.RaftServerConfigKeys (ConfUtils.java:logGet(46)) - raft.server.rpc.timeout.min = 5s (custom)
2023-05-17 09:09:06,568 [b2525f4f-bdf5-4dd0-b826-cbccdc8ecebe-groupManagement] INFO  server.RaftServerConfigKeys (ConfUtils.java:logGet(46)) - raft.server.rpc.timeout.max = 5200ms (custom)
2023-05-17 09:09:06,568 [b2525f4f-bdf5-4dd0-b826-cbccdc8ecebe-groupManagement] INFO  server.RaftServerConfigKeys (ConfUtils.java:logGet(46)) - raft.server.rpc.sleep.time = 25ms (default)
2023-05-17 09:09:06,568 [b2525f4f-bdf5-4dd0-b826-cbccdc8ecebe-groupManagement] INFO  server.RaftServerConfigKeys (ConfUtils.java:logGet(46)) - raft.server.rpc.slowness.timeout = 300s (custom)
2023-05-17 09:09:06,568 [b2525f4f-bdf5-4dd0-b826-cbccdc8ecebe-groupManagement] INFO  server.RaftServerConfigKeys (ConfUtils.java:logGet(46)) - raft.server.leaderelection.leader.step-down.wait-time = 10s (default)
2023-05-17 09:09:06,568 [b2525f4f-bdf5-4dd0-b826-cbccdc8ecebe-groupManagement] INFO  server.RaftServerConfigKeys (ConfUtils.java:logGet(46)) - raft.server.sleep.deviation.threshold = 300ms (default)
2023-05-17 09:09:06,568 [b2525f4f-bdf5-4dd0-b826-cbccdc8ecebe-groupManagement] INFO  server.RaftServer$Division (ServerState.java:<init>(120)) - b2525f4f-bdf5-4dd0-b826-cbccdc8ecebe@group-C26195CFC82B: ConfigurationManager, init=-1: peers:[8889e818-58f8-49f9-ac5f-461eb7b79d1e|rpc:10.1.0.64:15029|admin:10.1.0.64:15028|client:10.1.0.64:15027|dataStream:10.1.0.64:15030|priority:0|startupRole:FOLLOWER, b2525f4f-bdf5-4dd0-b826-cbccdc8ecebe|rpc:10.1.0.64:15021|admin:10.1.0.64:15020|client:10.1.0.64:15019|dataStream:10.1.0.64:15022|priority:1|startupRole:FOLLOWER, 67f04e2a-34cd-4ea0-b74b-c8cb5d6f4ea5|rpc:10.1.0.64:15013|admin:10.1.0.64:15012|client:10.1.0.64:15011|dataStream:10.1.0.64:15014|priority:0|startupRole:FOLLOWER]|listeners:[], old=null, confs=<EMPTY_MAP>
2023-05-17 09:09:06,568 [b2525f4f-bdf5-4dd0-b826-cbccdc8ecebe-groupManagement] INFO  server.RaftServerConfigKeys (ConfUtils.java:logGet(46)) - raft.server.storage.dir = [/home/runner/work/ozone/ozone/hadoop-ozone/integration-test/target/test-dir/MiniOzoneClusterImpl-21d14123-a168-44a2-bc0a-ee93e32dcc9b/datanode-1/data/ratis] (custom)
2023-05-17 09:09:06,568 [b2525f4f-bdf5-4dd0-b826-cbccdc8ecebe-groupManagement] INFO  server.RaftServerConfigKeys (ConfUtils.java:logGet(46)) - raft.server.log.corruption.policy = EXCEPTION (default)
2023-05-17 09:09:06,568 [b2525f4f-bdf5-4dd0-b826-cbccdc8ecebe-groupManagement] INFO  server.RaftServerConfigKeys (ConfUtils.java:logGet(46)) - raft.server.storage.free-space.min = 0MB (=0) (default)
2023-05-17 09:09:06,568 [b2525f4f-bdf5-4dd0-b826-cbccdc8ecebe-groupManagement] INFO  server.RaftServerConfigKeys (ConfUtils.java:logGet(46)) - raft.server.notification.no-leader.timeout = 300s (custom)
2023-05-17 09:09:06,568 [b2525f4f-bdf5-4dd0-b826-cbccdc8ecebe-groupManagement] INFO  server.RaftServerConfigKeys (ConfUtils.java:logGet(46)) - raft.server.read.timeout = 10s (default)
2023-05-17 09:09:06,569 [b2525f4f-bdf5-4dd0-b826-cbccdc8ecebe-groupManagement] INFO  server.RaftServerConfigKeys (ConfUtils.java:logGet(46)) - raft.server.retrycache.expirytime = 600000ms (custom)
2023-05-17 09:09:06,569 [b2525f4f-bdf5-4dd0-b826-cbccdc8ecebe-groupManagement] INFO  server.RaftServerConfigKeys (ConfUtils.java:logGet(46)) - raft.server.retrycache.statistics.expirytime = 100μs (default)
2023-05-17 09:09:06,569 [b2525f4f-bdf5-4dd0-b826-cbccdc8ecebe-groupManagement] INFO  server.RaftServerConfigKeys (ConfUtils.java:logGet(46)) - raft.server.read.option = DEFAULT (default)
2023-05-17 09:09:06,570 [b2525f4f-bdf5-4dd0-b826-cbccdc8ecebe-groupManagement] INFO  server.RaftServerConfigKeys (ConfUtils.java:logGet(46)) - raft.server.rpc.request.timeout = 60s (custom)
2023-05-17 09:09:06,571 [b2525f4f-bdf5-4dd0-b826-cbccdc8ecebe-groupManagement] INFO  server.RaftServerConfigKeys (ConfUtils.java:logGet(46)) - raft.server.log.appender.install.snapshot.enabled = false (custom)
2023-05-17 09:09:06,571 [b2525f4f-bdf5-4dd0-b826-cbccdc8ecebe-groupManagement] INFO  server.RaftServerConfigKeys (ConfUtils.java:logGet(46)) - raft.server.threadpool.server.cached = true (default)
2023-05-17 09:09:06,571 [b2525f4f-bdf5-4dd0-b826-cbccdc8ecebe-groupManagement] INFO  server.RaftServerConfigKeys (ConfUtils.java:logGet(46)) - raft.server.threadpool.server.size = 0 (default)
2023-05-17 09:09:06,571 [b2525f4f-bdf5-4dd0-b826-cbccdc8ecebe-groupManagement] INFO  server.RaftServerConfigKeys (ConfUtils.java:logGet(46)) - raft.server.threadpool.client.cached = true (default)
2023-05-17 09:09:06,571 [b2525f4f-bdf5-4dd0-b826-cbccdc8ecebe-groupManagement] INFO  server.RaftServerConfigKeys (ConfUtils.java:logGet(46)) - raft.server.threadpool.client.size = 0 (default)
2023-05-17 09:09:06,571 [b2525f4f-bdf5-4dd0-b826-cbccdc8ecebe-groupManagement] INFO  storage.RaftStorageDirectory (RaftStorageDirectoryImpl.java:analyzeStorage(137)) - The storage directory /home/runner/work/ozone/ozone/hadoop-ozone/integration-test/target/test-dir/MiniOzoneClusterImpl-21d14123-a168-44a2-bc0a-ee93e32dcc9b/datanode-1/data/ratis/7fc61ef2-e189-43e0-95c9-c26195cfc82b does not exist. Creating ...
2023-05-17 09:09:06,572 [b2525f4f-bdf5-4dd0-b826-cbccdc8ecebe-groupManagement] INFO  storage.RaftStorageDirectory (RaftStorageDirectoryImpl.java:tryLock(231)) - Lock on /home/runner/work/ozone/ozone/hadoop-ozone/integration-test/target/test-dir/MiniOzoneClusterImpl-21d14123-a168-44a2-bc0a-ee93e32dcc9b/datanode-1/data/ratis/7fc61ef2-e189-43e0-95c9-c26195cfc82b/in_use.lock acquired by nodename 2768@fv-az41-747
2023-05-17 09:09:06,574 [b2525f4f-bdf5-4dd0-b826-cbccdc8ecebe-groupManagement] INFO  storage.RaftStorage (RaftStorageImpl.java:format(96)) - Storage directory /home/runner/work/ozone/ozone/hadoop-ozone/integration-test/target/test-dir/MiniOzoneClusterImpl-21d14123-a168-44a2-bc0a-ee93e32dcc9b/datanode-1/data/ratis/7fc61ef2-e189-43e0-95c9-c26195cfc82b has been successfully formatted.
2023-05-17 09:09:06,584 [b2525f4f-bdf5-4dd0-b826-cbccdc8ecebe-groupManagement] INFO  ratis.ContainerStateMachine (ContainerStateMachine.java:loadSnapshot(262)) - group-C26195CFC82B: The snapshot info is null. Setting the last applied indexto:(t:0, i:~)
2023-05-17 09:09:06,584 [b2525f4f-bdf5-4dd0-b826-cbccdc8ecebe-groupManagement] INFO  server.RaftServerConfigKeys (ConfUtils.java:logGet(46)) - raft.server.log.use.memory = false (default)
2023-05-17 09:09:06,585 [b2525f4f-bdf5-4dd0-b826-cbccdc8ecebe-groupManagement] INFO  server.RaftServerConfigKeys (ConfUtils.java:logGet(46)) - raft.server.log.purge.gap = 1000000 (custom)
2023-05-17 09:09:06,585 [b2525f4f-bdf5-4dd0-b826-cbccdc8ecebe-groupManagement] INFO  server.RaftServerConfigKeys (ConfUtils.java:logGet(46)) - raft.server.log.appender.buffer.byte-limit = 33554432 (custom)
2023-05-17 09:09:06,585 [b2525f4f-bdf5-4dd0-b826-cbccdc8ecebe-groupManagement] INFO  server.RaftServerConfigKeys (ConfUtils.java:logGet(46)) - raft.server.log.statemachine.data.read.timeout = 1000ms (default)
2023-05-17 09:09:06,585 [b2525f4f-bdf5-4dd0-b826-cbccdc8ecebe-groupManagement] INFO  server.RaftServerConfigKeys (ConfUtils.java:logGet(46)) - raft.server.log.purge.preservation.log.num = 0 (default)
2023-05-17 09:09:06,585 [IPC Server handler 4 on default port 15002] INFO  net.NetworkTopologyImpl (NetworkTopologyImpl.java:add(112)) - Added a new node: /default-rack/a82ad0ea-641b-4ac2-b933-a1a26b5fe742
2023-05-17 09:09:06,585 [b2525f4f-bdf5-4dd0-b826-cbccdc8ecebe-groupManagement] INFO  server.RaftServerConfigKeys (ConfUtils.java:logGet(46)) - raft.server.log.segment.size.max = 1048576 (custom)
2023-05-17 09:09:06,588 [IPC Server handler 4 on default port 15002] INFO  node.SCMNodeManager (SCMNodeManager.java:register(407)) - Registered Data node : a82ad0ea-641b-4ac2-b933-a1a26b5fe742{ip: 10.1.0.64, host: fv-az41-747.zje5jq5y5x4uznwvdkgxk4wc2h.cx.internal.cloudapp.net, ports: [HTTP=15081, REPLICATION=15087, RATIS=15083, RATIS_ADMIN=15084, RATIS_SERVER=15085, RATIS_DATASTREAM=15086, STANDALONE=15082], networkLocation: /default-rack, certSerialId: null, persistedOpState: null, persistedOpStateExpiryEpochSec: 0}
2023-05-17 09:09:06,589 [b2525f4f-bdf5-4dd0-b826-cbccdc8ecebe-groupManagement] INFO  server.RaftServerConfigKeys (ConfUtils.java:logGet(46)) - raft.server.log.segment.cache.num.max = 2 (custom)
2023-05-17 09:09:06,589 [b2525f4f-bdf5-4dd0-b826-cbccdc8ecebe-groupManagement] INFO  server.RaftServerConfigKeys (ConfUtils.java:logGet(46)) - raft.server.log.segment.cache.size.max = 200MB (=209715200) (default)
2023-05-17 09:09:06,589 [EventQueue-NewNodeForNewNodeHandler] INFO  pipeline.BackgroundPipelineCreator (BackgroundPipelineCreator.java:notifyEventTriggered(276)) - trigger a one-shot run on RatisPipelineUtilsThread.
2023-05-17 09:09:06,590 [EventQueue-OpenPipelineForHealthyPipelineSafeModeRule] INFO  safemode.SCMSafeModeManager (HealthyPipelineSafeModeRule.java:process(137)) - SCM in safe mode. Healthy pipelines reported count is 0, required healthy pipeline reported count is 1
2023-05-17 09:09:06,597 [RatisPipelineUtilsThread - 0] INFO  pipeline.RatisPipelineProvider (RatisPipelineProvider.java:lambda$create$0(206)) - Sending CreatePipelineCommand for pipeline:PipelineID=da127891-4df6-49b5-829d-566d16f8d095 to datanode:a82ad0ea-641b-4ac2-b933-a1a26b5fe742
2023-05-17 09:09:06,598 [RatisPipelineUtilsThread - 0] INFO  pipeline.PipelineStateManagerImpl (PipelineStateManagerImpl.java:addPipeline(103)) - Created pipeline Pipeline[ Id: da127891-4df6-49b5-829d-566d16f8d095, Nodes: a82ad0ea-641b-4ac2-b933-a1a26b5fe742(fv-az41-747.zje5jq5y5x4uznwvdkgxk4wc2h.cx.internal.cloudapp.net/10.1.0.64), ReplicationConfig: RATIS/ONE, State:ALLOCATED, leaderId:, CreationTimestamp2023-05-17T09:09:06.597Z[Etc/UTC]].
2023-05-17 09:09:06,589 [b2525f4f-bdf5-4dd0-b826-cbccdc8ecebe-groupManagement] INFO  server.RaftServerConfigKeys (ConfUtils.java:logGet(46)) - raft.server.log.appender.buffer.byte-limit = 33554432 (custom)
2023-05-17 09:09:06,599 [b2525f4f-bdf5-4dd0-b826-cbccdc8ecebe-groupManagement] INFO  segmented.SegmentedRaftLogWorker (SegmentedRaftLogWorker.java:<init>(188)) - new b2525f4f-bdf5-4dd0-b826-cbccdc8ecebe@group-C26195CFC82B-SegmentedRaftLogWorker for RaftStorageImpl:Storage Directory /home/runner/work/ozone/ozone/hadoop-ozone/integration-test/target/test-dir/MiniOzoneClusterImpl-21d14123-a168-44a2-bc0a-ee93e32dcc9b/datanode-1/data/ratis/7fc61ef2-e189-43e0-95c9-c26195cfc82b
2023-05-17 09:09:06,599 [b2525f4f-bdf5-4dd0-b826-cbccdc8ecebe-groupManagement] INFO  server.RaftServerConfigKeys (ConfUtils.java:logGet(46)) - raft.server.log.queue.byte-limit = 4294967296 (custom)
2023-05-17 09:09:06,599 [b2525f4f-bdf5-4dd0-b826-cbccdc8ecebe-groupManagement] INFO  server.RaftServerConfigKeys (ConfUtils.java:logGet(46)) - raft.server.log.queue.element-limit = 1024 (custom)
2023-05-17 09:09:06,599 [b2525f4f-bdf5-4dd0-b826-cbccdc8ecebe-groupManagement] INFO  server.RaftServerConfigKeys (ConfUtils.java:logGet(46)) - raft.server.log.segment.size.max = 1048576 (custom)
2023-05-17 09:09:06,599 [b2525f4f-bdf5-4dd0-b826-cbccdc8ecebe-groupManagement] INFO  server.RaftServerConfigKeys (ConfUtils.java:logGet(46)) - raft.server.log.preallocated.size = 16384 (custom)
2023-05-17 09:09:06,599 [b2525f4f-bdf5-4dd0-b826-cbccdc8ecebe-groupManagement] INFO  server.RaftServerConfigKeys (ConfUtils.java:logGet(46)) - raft.server.log.force.sync.num = 128 (default)
2023-05-17 09:09:06,599 [b2525f4f-bdf5-4dd0-b826-cbccdc8ecebe-groupManagement] INFO  server.RaftServerConfigKeys (ConfUtils.java:logGet(46)) - raft.server.log.statemachine.data.sync = true (default)
2023-05-17 09:09:06,599 [RatisPipelineUtilsThread - 0] WARN  pipeline.PipelinePlacementPolicy (PipelinePlacementPolicy.java:filterViableNodes(160)) - Pipeline creation failed due to no sufficient healthy datanodes. Required 3. Found 1. Excluded 9.
2023-05-17 09:09:06,599 [b2525f4f-bdf5-4dd0-b826-cbccdc8ecebe-groupManagement] INFO  server.RaftServerConfigKeys (ConfUtils.java:logGet(46)) - raft.server.log.statemachine.data.sync.timeout = 10s (default)
2023-05-17 09:09:06,601 [b2525f4f-bdf5-4dd0-b826-cbccdc8ecebe-groupManagement] INFO  server.RaftServerConfigKeys (ConfUtils.java:logGet(46)) - raft.server.log.statemachine.data.sync.timeout.retry = -1 (default)
2023-05-17 09:09:06,602 [b2525f4f-bdf5-4dd0-b826-cbccdc8ecebe-groupManagement] INFO  server.RaftServerConfigKeys (ConfUtils.java:logGet(46)) - raft.server.log.write.buffer.size = 1048576 (custom)
2023-05-17 09:09:06,603 [b2525f4f-bdf5-4dd0-b826-cbccdc8ecebe-groupManagement] INFO  server.RaftServerConfigKeys (ConfUtils.java:logGet(46)) - raft.server.log.appender.buffer.byte-limit = 33554432 (custom)
2023-05-17 09:09:06,608 [b2525f4f-bdf5-4dd0-b826-cbccdc8ecebe-groupManagement] INFO  server.RaftServerConfigKeys (ConfUtils.java:logGet(46)) - raft.server.log.unsafe-flush.enabled = false (default)
2023-05-17 09:09:06,608 [b2525f4f-bdf5-4dd0-b826-cbccdc8ecebe-groupManagement] INFO  server.RaftServerConfigKeys (ConfUtils.java:logGet(46)) - raft.server.log.async-flush.enabled = false (default)
2023-05-17 09:09:06,608 [b2525f4f-bdf5-4dd0-b826-cbccdc8ecebe-groupManagement] INFO  server.RaftServerConfigKeys (ConfUtils.java:logGet(46)) - raft.server.log.statemachine.data.caching.enabled = true (custom)
2023-05-17 09:09:06,608 [b2525f4f-bdf5-4dd0-b826-cbccdc8ecebe-groupManagement] INFO  segmented.SegmentedRaftLogWorker (SegmentedRaftLogWorker.java:lambda$new$0(135)) - b2525f4f-bdf5-4dd0-b826-cbccdc8ecebe@group-C26195CFC82B-SegmentedRaftLogWorker: flushIndex: setUnconditionally 0 -> -1
2023-05-17 09:09:06,608 [b2525f4f-bdf5-4dd0-b826-cbccdc8ecebe-groupManagement] INFO  segmented.SegmentedRaftLogWorker (SegmentedRaftLogWorker.java:lambda$new$0(135)) - b2525f4f-bdf5-4dd0-b826-cbccdc8ecebe@group-C26195CFC82B-SegmentedRaftLogWorker: safeCacheEvictIndex: setUnconditionally 0 -> -1
2023-05-17 09:09:06,609 [b2525f4f-bdf5-4dd0-b826-cbccdc8ecebe-groupManagement] INFO  server.RaftServer$Division (RaftServerImpl.java:start(342)) - b2525f4f-bdf5-4dd0-b826-cbccdc8ecebe@group-C26195CFC82B: start as a follower, conf=-1: peers:[8889e818-58f8-49f9-ac5f-461eb7b79d1e|rpc:10.1.0.64:15029|admin:10.1.0.64:15028|client:10.1.0.64:15027|dataStream:10.1.0.64:15030|priority:0|startupRole:FOLLOWER, b2525f4f-bdf5-4dd0-b826-cbccdc8ecebe|rpc:10.1.0.64:15021|admin:10.1.0.64:15020|client:10.1.0.64:15019|dataStream:10.1.0.64:15022|priority:1|startupRole:FOLLOWER, 67f04e2a-34cd-4ea0-b74b-c8cb5d6f4ea5|rpc:10.1.0.64:15013|admin:10.1.0.64:15012|client:10.1.0.64:15011|dataStream:10.1.0.64:15014|priority:0|startupRole:FOLLOWER]|listeners:[], old=null
2023-05-17 09:09:06,609 [b2525f4f-bdf5-4dd0-b826-cbccdc8ecebe-groupManagement] INFO  server.RaftServer$Division (RaftServerImpl.java:setRole(329)) - b2525f4f-bdf5-4dd0-b826-cbccdc8ecebe@group-C26195CFC82B: changes role from      null to FOLLOWER at term 0 for startAsFollower
2023-05-17 09:09:06,609 [b2525f4f-bdf5-4dd0-b826-cbccdc8ecebe-groupManagement] INFO  impl.RoleInfo (RoleInfo.java:updateAndGet(139)) - b2525f4f-bdf5-4dd0-b826-cbccdc8ecebe: start b2525f4f-bdf5-4dd0-b826-cbccdc8ecebe@group-C26195CFC82B-FollowerState
2023-05-17 09:09:06,609 [b2525f4f-bdf5-4dd0-b826-cbccdc8ecebe-groupManagement] INFO  util.JmxRegister (JmxRegister.java:tryRegister(44)) - Successfully registered JMX Bean with object name Ratis:service=RaftServer,group=group-C26195CFC82B,id=b2525f4f-bdf5-4dd0-b826-cbccdc8ecebe
2023-05-17 09:09:06,609 [b2525f4f-bdf5-4dd0-b826-cbccdc8ecebe-groupManagement] INFO  server.RaftServerConfigKeys (ConfUtils.java:logGet(46)) - raft.server.snapshot.auto.trigger.enabled = true (custom)
2023-05-17 09:09:06,609 [b2525f4f-bdf5-4dd0-b826-cbccdc8ecebe-groupManagement] INFO  server.RaftServerConfigKeys (ConfUtils.java:logGet(46)) - raft.server.snapshot.auto.trigger.threshold = 10000 (custom)
2023-05-17 09:09:06,609 [b2525f4f-bdf5-4dd0-b826-cbccdc8ecebe-groupManagement] INFO  server.RaftServerConfigKeys (ConfUtils.java:logGet(46)) - raft.server.snapshot.retention.file.num = 5 (custom)
2023-05-17 09:09:06,609 [b2525f4f-bdf5-4dd0-b826-cbccdc8ecebe-groupManagement] INFO  server.RaftServerConfigKeys (ConfUtils.java:logGet(46)) - raft.server.log.purge.upto.snapshot.index = false (default)
2023-05-17 09:09:06,610 [b2525f4f-bdf5-4dd0-b826-cbccdc8ecebe@group-C26195CFC82B-FollowerState] INFO  server.RaftServerConfigKeys (ConfUtils.java:logFallback(53)) - raft.server.rpc.first-election.timeout.min = 5s (fallback to raft.server.rpc.timeout.min)
2023-05-17 09:09:06,612 [Command processor thread] INFO  ratis.XceiverServerRatis (XceiverServerRatis.java:addGroup(806)) - Created group PipelineID=7fc61ef2-e189-43e0-95c9-c26195cfc82b
2023-05-17 09:09:06,623 [b2525f4f-bdf5-4dd0-b826-cbccdc8ecebe@group-C26195CFC82B-FollowerState] INFO  server.RaftServerConfigKeys (ConfUtils.java:logFallback(53)) - raft.server.rpc.first-election.timeout.max = 5200ms (fallback to raft.server.rpc.timeout.max)
2023-05-17 09:09:06,824 [Command processor thread] INFO  server.RaftServer (RaftServerProxy.java:addNew(98)) - 8889e818-58f8-49f9-ac5f-461eb7b79d1e: addNew group-2016E4EFE846:[8889e818-58f8-49f9-ac5f-461eb7b79d1e|rpc:10.1.0.64:15029|admin:10.1.0.64:15028|client:10.1.0.64:15027|dataStream:10.1.0.64:15030|priority:1|startupRole:FOLLOWER] returns group-2016E4EFE846:java.util.concurrent.CompletableFuture@3cbdd39[Not completed]
2023-05-17 09:09:06,837 [8889e818-58f8-49f9-ac5f-461eb7b79d1e-groupManagement] INFO  server.RaftServer$Division (RaftServerImpl.java:<init>(198)) - 8889e818-58f8-49f9-ac5f-461eb7b79d1e: new RaftServerImpl for group-2016E4EFE846:[8889e818-58f8-49f9-ac5f-461eb7b79d1e|rpc:10.1.0.64:15029|admin:10.1.0.64:15028|client:10.1.0.64:15027|dataStream:10.1.0.64:15030|priority:1|startupRole:FOLLOWER] with ContainerStateMachine:uninitialized
2023-05-17 09:09:06,837 [8889e818-58f8-49f9-ac5f-461eb7b79d1e-groupManagement] INFO  server.RaftServerConfigKeys (ConfUtils.java:logGet(46)) - raft.server.rpc.timeout.min = 5s (custom)
2023-05-17 09:09:06,838 [8889e818-58f8-49f9-ac5f-461eb7b79d1e-groupManagement] INFO  server.RaftServerConfigKeys (ConfUtils.java:logGet(46)) - raft.server.rpc.timeout.max = 5200ms (custom)
2023-05-17 09:09:06,838 [8889e818-58f8-49f9-ac5f-461eb7b79d1e-groupManagement] INFO  server.RaftServerConfigKeys (ConfUtils.java:logGet(46)) - raft.server.rpc.sleep.time = 25ms (default)
2023-05-17 09:09:06,838 [8889e818-58f8-49f9-ac5f-461eb7b79d1e-groupManagement] INFO  server.RaftServerConfigKeys (ConfUtils.java:logGet(46)) - raft.server.rpc.slowness.timeout = 300s (custom)
2023-05-17 09:09:06,838 [8889e818-58f8-49f9-ac5f-461eb7b79d1e-groupManagement] INFO  server.RaftServerConfigKeys (ConfUtils.java:logGet(46)) - raft.server.leaderelection.leader.step-down.wait-time = 10s (default)
2023-05-17 09:09:06,838 [8889e818-58f8-49f9-ac5f-461eb7b79d1e-groupManagement] INFO  server.RaftServerConfigKeys (ConfUtils.java:logGet(46)) - raft.server.sleep.deviation.threshold = 300ms (default)
2023-05-17 09:09:06,838 [8889e818-58f8-49f9-ac5f-461eb7b79d1e-groupManagement] INFO  server.RaftServer$Division (ServerState.java:<init>(120)) - 8889e818-58f8-49f9-ac5f-461eb7b79d1e@group-2016E4EFE846: ConfigurationManager, init=-1: peers:[8889e818-58f8-49f9-ac5f-461eb7b79d1e|rpc:10.1.0.64:15029|admin:10.1.0.64:15028|client:10.1.0.64:15027|dataStream:10.1.0.64:15030|priority:1|startupRole:FOLLOWER]|listeners:[], old=null, confs=<EMPTY_MAP>
2023-05-17 09:09:06,838 [8889e818-58f8-49f9-ac5f-461eb7b79d1e-groupManagement] INFO  server.RaftServerConfigKeys (ConfUtils.java:logGet(46)) - raft.server.storage.dir = [/home/runner/work/ozone/ozone/hadoop-ozone/integration-test/target/test-dir/MiniOzoneClusterImpl-21d14123-a168-44a2-bc0a-ee93e32dcc9b/datanode-2/data/ratis] (custom)
2023-05-17 09:09:06,838 [8889e818-58f8-49f9-ac5f-461eb7b79d1e-groupManagement] INFO  server.RaftServerConfigKeys (ConfUtils.java:logGet(46)) - raft.server.log.corruption.policy = EXCEPTION (default)
2023-05-17 09:09:06,838 [8889e818-58f8-49f9-ac5f-461eb7b79d1e-groupManagement] INFO  server.RaftServerConfigKeys (ConfUtils.java:logGet(46)) - raft.server.storage.free-space.min = 0MB (=0) (default)
2023-05-17 09:09:06,838 [8889e818-58f8-49f9-ac5f-461eb7b79d1e-groupManagement] INFO  server.RaftServerConfigKeys (ConfUtils.java:logGet(46)) - raft.server.notification.no-leader.timeout = 300s (custom)
2023-05-17 09:09:06,838 [8889e818-58f8-49f9-ac5f-461eb7b79d1e-groupManagement] INFO  server.RaftServerConfigKeys (ConfUtils.java:logGet(46)) - raft.server.read.timeout = 10s (default)
2023-05-17 09:09:06,838 [8889e818-58f8-49f9-ac5f-461eb7b79d1e-groupManagement] INFO  server.RaftServerConfigKeys (ConfUtils.java:logGet(46)) - raft.server.retrycache.expirytime = 600000ms (custom)
2023-05-17 09:09:06,838 [8889e818-58f8-49f9-ac5f-461eb7b79d1e-groupManagement] INFO  server.RaftServerConfigKeys (ConfUtils.java:logGet(46)) - raft.server.retrycache.statistics.expirytime = 100μs (default)
2023-05-17 09:09:06,838 [8889e818-58f8-49f9-ac5f-461eb7b79d1e-groupManagement] INFO  server.RaftServerConfigKeys (ConfUtils.java:logGet(46)) - raft.server.read.option = DEFAULT (default)
2023-05-17 09:09:06,863 [8889e818-58f8-49f9-ac5f-461eb7b79d1e-groupManagement] INFO  server.RaftServerConfigKeys (ConfUtils.java:logGet(46)) - raft.server.rpc.request.timeout = 60s (custom)
2023-05-17 09:09:06,863 [8889e818-58f8-49f9-ac5f-461eb7b79d1e-groupManagement] INFO  server.RaftServerConfigKeys (ConfUtils.java:logGet(46)) - raft.server.log.appender.install.snapshot.enabled = false (custom)
2023-05-17 09:09:06,863 [8889e818-58f8-49f9-ac5f-461eb7b79d1e-groupManagement] INFO  server.RaftServerConfigKeys (ConfUtils.java:logGet(46)) - raft.server.threadpool.server.cached = true (default)
2023-05-17 09:09:06,863 [8889e818-58f8-49f9-ac5f-461eb7b79d1e-groupManagement] INFO  server.RaftServerConfigKeys (ConfUtils.java:logGet(46)) - raft.server.threadpool.server.size = 0 (default)
2023-05-17 09:09:06,863 [8889e818-58f8-49f9-ac5f-461eb7b79d1e-groupManagement] INFO  server.RaftServerConfigKeys (ConfUtils.java:logGet(46)) - raft.server.threadpool.client.cached = true (default)
2023-05-17 09:09:06,863 [8889e818-58f8-49f9-ac5f-461eb7b79d1e-groupManagement] INFO  server.RaftServerConfigKeys (ConfUtils.java:logGet(46)) - raft.server.threadpool.client.size = 0 (default)
2023-05-17 09:09:06,864 [8889e818-58f8-49f9-ac5f-461eb7b79d1e-groupManagement] INFO  storage.RaftStorageDirectory (RaftStorageDirectoryImpl.java:analyzeStorage(137)) - The storage directory /home/runner/work/ozone/ozone/hadoop-ozone/integration-test/target/test-dir/MiniOzoneClusterImpl-21d14123-a168-44a2-bc0a-ee93e32dcc9b/datanode-2/data/ratis/ea7df653-4449-4e32-8b1e-2016e4efe846 does not exist. Creating ...
2023-05-17 09:09:06,873 [8889e818-58f8-49f9-ac5f-461eb7b79d1e-groupManagement] INFO  storage.RaftStorageDirectory (RaftStorageDirectoryImpl.java:tryLock(231)) - Lock on /home/runner/work/ozone/ozone/hadoop-ozone/integration-test/target/test-dir/MiniOzoneClusterImpl-21d14123-a168-44a2-bc0a-ee93e32dcc9b/datanode-2/data/ratis/ea7df653-4449-4e32-8b1e-2016e4efe846/in_use.lock acquired by nodename 2768@fv-az41-747
2023-05-17 09:09:06,884 [8889e818-58f8-49f9-ac5f-461eb7b79d1e-groupManagement] INFO  storage.RaftStorage (RaftStorageImpl.java:format(96)) - Storage directory /home/runner/work/ozone/ozone/hadoop-ozone/integration-test/target/test-dir/MiniOzoneClusterImpl-21d14123-a168-44a2-bc0a-ee93e32dcc9b/datanode-2/data/ratis/ea7df653-4449-4e32-8b1e-2016e4efe846 has been successfully formatted.
2023-05-17 09:09:06,886 [8889e818-58f8-49f9-ac5f-461eb7b79d1e-groupManagement] INFO  ratis.ContainerStateMachine (ContainerStateMachine.java:loadSnapshot(262)) - group-2016E4EFE846: The snapshot info is null. Setting the last applied indexto:(t:0, i:~)
2023-05-17 09:09:06,887 [8889e818-58f8-49f9-ac5f-461eb7b79d1e-groupManagement] INFO  server.RaftServerConfigKeys (ConfUtils.java:logGet(46)) - raft.server.log.use.memory = false (default)
2023-05-17 09:09:06,887 [8889e818-58f8-49f9-ac5f-461eb7b79d1e-groupManagement] INFO  server.RaftServerConfigKeys (ConfUtils.java:logGet(46)) - raft.server.log.purge.gap = 1000000 (custom)
2023-05-17 09:09:06,887 [8889e818-58f8-49f9-ac5f-461eb7b79d1e-groupManagement] INFO  server.RaftServerConfigKeys (ConfUtils.java:logGet(46)) - raft.server.log.appender.buffer.byte-limit = 33554432 (custom)
2023-05-17 09:09:06,887 [8889e818-58f8-49f9-ac5f-461eb7b79d1e-groupManagement] INFO  server.RaftServerConfigKeys (ConfUtils.java:logGet(46)) - raft.server.log.statemachine.data.read.timeout = 1000ms (default)
2023-05-17 09:09:06,887 [8889e818-58f8-49f9-ac5f-461eb7b79d1e-groupManagement] INFO  server.RaftServerConfigKeys (ConfUtils.java:logGet(46)) - raft.server.log.purge.preservation.log.num = 0 (default)
2023-05-17 09:09:06,887 [8889e818-58f8-49f9-ac5f-461eb7b79d1e-groupManagement] INFO  server.RaftServerConfigKeys (ConfUtils.java:logGet(46)) - raft.server.log.segment.size.max = 1048576 (custom)
2023-05-17 09:09:06,888 [8889e818-58f8-49f9-ac5f-461eb7b79d1e-groupManagement] INFO  server.RaftServerConfigKeys (ConfUtils.java:logGet(46)) - raft.server.log.segment.cache.num.max = 2 (custom)
2023-05-17 09:09:06,888 [8889e818-58f8-49f9-ac5f-461eb7b79d1e-groupManagement] INFO  server.RaftServerConfigKeys (ConfUtils.java:logGet(46)) - raft.server.log.segment.cache.size.max = 200MB (=209715200) (default)
2023-05-17 09:09:06,888 [8889e818-58f8-49f9-ac5f-461eb7b79d1e-groupManagement] INFO  server.RaftServerConfigKeys (ConfUtils.java:logGet(46)) - raft.server.log.appender.buffer.byte-limit = 33554432 (custom)
2023-05-17 09:09:06,888 [8889e818-58f8-49f9-ac5f-461eb7b79d1e-groupManagement] INFO  segmented.SegmentedRaftLogWorker (SegmentedRaftLogWorker.java:<init>(188)) - new 8889e818-58f8-49f9-ac5f-461eb7b79d1e@group-2016E4EFE846-SegmentedRaftLogWorker for RaftStorageImpl:Storage Directory /home/runner/work/ozone/ozone/hadoop-ozone/integration-test/target/test-dir/MiniOzoneClusterImpl-21d14123-a168-44a2-bc0a-ee93e32dcc9b/datanode-2/data/ratis/ea7df653-4449-4e32-8b1e-2016e4efe846
2023-05-17 09:09:06,888 [8889e818-58f8-49f9-ac5f-461eb7b79d1e-groupManagement] INFO  server.RaftServerConfigKeys (ConfUtils.java:logGet(46)) - raft.server.log.queue.byte-limit = 4294967296 (custom)
2023-05-17 09:09:06,888 [8889e818-58f8-49f9-ac5f-461eb7b79d1e-groupManagement] INFO  server.RaftServerConfigKeys (ConfUtils.java:logGet(46)) - raft.server.log.queue.element-limit = 1024 (custom)
2023-05-17 09:09:06,888 [8889e818-58f8-49f9-ac5f-461eb7b79d1e-groupManagement] INFO  server.RaftServerConfigKeys (ConfUtils.java:logGet(46)) - raft.server.log.segment.size.max = 1048576 (custom)
2023-05-17 09:09:06,888 [8889e818-58f8-49f9-ac5f-461eb7b79d1e-groupManagement] INFO  server.RaftServerConfigKeys (ConfUtils.java:logGet(46)) - raft.server.log.preallocated.size = 16384 (custom)
2023-05-17 09:09:06,888 [8889e818-58f8-49f9-ac5f-461eb7b79d1e-groupManagement] INFO  server.RaftServerConfigKeys (ConfUtils.java:logGet(46)) - raft.server.log.force.sync.num = 128 (default)
2023-05-17 09:09:06,888 [8889e818-58f8-49f9-ac5f-461eb7b79d1e-groupManagement] INFO  server.RaftServerConfigKeys (ConfUtils.java:logGet(46)) - raft.server.log.statemachine.data.sync = true (default)
2023-05-17 09:09:06,888 [8889e818-58f8-49f9-ac5f-461eb7b79d1e-groupManagement] INFO  server.RaftServerConfigKeys (ConfUtils.java:logGet(46)) - raft.server.log.statemachine.data.sync.timeout = 10s (default)
2023-05-17 09:09:06,888 [8889e818-58f8-49f9-ac5f-461eb7b79d1e-groupManagement] INFO  server.RaftServerConfigKeys (ConfUtils.java:logGet(46)) - raft.server.log.statemachine.data.sync.timeout.retry = -1 (default)
2023-05-17 09:09:06,890 [8889e818-58f8-49f9-ac5f-461eb7b79d1e-groupManagement] INFO  server.RaftServerConfigKeys (ConfUtils.java:logGet(46)) - raft.server.log.write.buffer.size = 1048576 (custom)
2023-05-17 09:09:06,905 [EventQueue-PipelineReportForPipelineReportHandler] INFO  pipeline.PipelineManagerImpl (PipelineManagerImpl.java:openPipeline(367)) - Pipeline Pipeline[ Id: ea7df653-4449-4e32-8b1e-2016e4efe846, Nodes: 8889e818-58f8-49f9-ac5f-461eb7b79d1e(fv-az41-747.zje5jq5y5x4uznwvdkgxk4wc2h.cx.internal.cloudapp.net/10.1.0.64), ReplicationConfig: RATIS/ONE, State:ALLOCATED, leaderId:8889e818-58f8-49f9-ac5f-461eb7b79d1e, CreationTimestamp2023-05-17T09:09:03.848Z[Etc/UTC]] moved to OPEN state
2023-05-17 09:09:06,905 [8889e818-58f8-49f9-ac5f-461eb7b79d1e-groupManagement] INFO  server.RaftServerConfigKeys (ConfUtils.java:logGet(46)) - raft.server.log.appender.buffer.byte-limit = 33554432 (custom)
2023-05-17 09:09:06,905 [EventQueue-OpenPipelineForHealthyPipelineSafeModeRule] INFO  safemode.SCMSafeModeManager (HealthyPipelineSafeModeRule.java:process(137)) - SCM in safe mode. Healthy pipelines reported count is 0, required healthy pipeline reported count is 1
2023-05-17 09:09:06,917 [grpc-default-executor-1] INFO  server.RaftServer (RaftServerProxy.java:addNew(98)) - 8889e818-58f8-49f9-ac5f-461eb7b79d1e: addNew group-C26195CFC82B:[8889e818-58f8-49f9-ac5f-461eb7b79d1e|rpc:10.1.0.64:15029|admin:10.1.0.64:15028|client:10.1.0.64:15027|dataStream:10.1.0.64:15030|priority:0|startupRole:FOLLOWER, b2525f4f-bdf5-4dd0-b826-cbccdc8ecebe|rpc:10.1.0.64:15021|admin:10.1.0.64:15020|client:10.1.0.64:15019|dataStream:10.1.0.64:15022|priority:1|startupRole:FOLLOWER, 67f04e2a-34cd-4ea0-b74b-c8cb5d6f4ea5|rpc:10.1.0.64:15013|admin:10.1.0.64:15012|client:10.1.0.64:15011|dataStream:10.1.0.64:15014|priority:0|startupRole:FOLLOWER] returns group-C26195CFC82B:java.util.concurrent.CompletableFuture@3c776780[Not completed]
2023-05-17 09:09:06,918 [8889e818-58f8-49f9-ac5f-461eb7b79d1e-groupManagement] INFO  server.RaftServerConfigKeys (ConfUtils.java:logGet(46)) - raft.server.log.unsafe-flush.enabled = false (default)
2023-05-17 09:09:06,918 [8889e818-58f8-49f9-ac5f-461eb7b79d1e-groupManagement] INFO  server.RaftServerConfigKeys (ConfUtils.java:logGet(46)) - raft.server.log.async-flush.enabled = false (default)
2023-05-17 09:09:06,918 [8889e818-58f8-49f9-ac5f-461eb7b79d1e-groupManagement] INFO  server.RaftServerConfigKeys (ConfUtils.java:logGet(46)) - raft.server.log.statemachine.data.caching.enabled = true (custom)
2023-05-17 09:09:06,918 [8889e818-58f8-49f9-ac5f-461eb7b79d1e-groupManagement] INFO  segmented.SegmentedRaftLogWorker (SegmentedRaftLogWorker.java:lambda$new$0(135)) - 8889e818-58f8-49f9-ac5f-461eb7b79d1e@group-2016E4EFE846-SegmentedRaftLogWorker: flushIndex: setUnconditionally 0 -> -1
2023-05-17 09:09:06,918 [8889e818-58f8-49f9-ac5f-461eb7b79d1e-groupManagement] INFO  segmented.SegmentedRaftLogWorker (SegmentedRaftLogWorker.java:lambda$new$0(135)) - 8889e818-58f8-49f9-ac5f-461eb7b79d1e@group-2016E4EFE846-SegmentedRaftLogWorker: safeCacheEvictIndex: setUnconditionally 0 -> -1
2023-05-17 09:09:06,919 [8889e818-58f8-49f9-ac5f-461eb7b79d1e-groupManagement] INFO  server.RaftServer$Division (RaftServerImpl.java:start(342)) - 8889e818-58f8-49f9-ac5f-461eb7b79d1e@group-2016E4EFE846: start as a follower, conf=-1: peers:[8889e818-58f8-49f9-ac5f-461eb7b79d1e|rpc:10.1.0.64:15029|admin:10.1.0.64:15028|client:10.1.0.64:15027|dataStream:10.1.0.64:15030|priority:1|startupRole:FOLLOWER]|listeners:[], old=null
2023-05-17 09:09:06,919 [8889e818-58f8-49f9-ac5f-461eb7b79d1e-groupManagement] INFO  server.RaftServer$Division (RaftServerImpl.java:setRole(329)) - 8889e818-58f8-49f9-ac5f-461eb7b79d1e@group-2016E4EFE846: changes role from      null to FOLLOWER at term 0 for startAsFollower
2023-05-17 09:09:06,919 [8889e818-58f8-49f9-ac5f-461eb7b79d1e-groupManagement] INFO  impl.RoleInfo (RoleInfo.java:updateAndGet(139)) - 8889e818-58f8-49f9-ac5f-461eb7b79d1e: start 8889e818-58f8-49f9-ac5f-461eb7b79d1e@group-2016E4EFE846-FollowerState
2023-05-17 09:09:06,919 [8889e818-58f8-49f9-ac5f-461eb7b79d1e-groupManagement] INFO  util.JmxRegister (JmxRegister.java:tryRegister(44)) - Successfully registered JMX Bean with object name Ratis:service=RaftServer,group=group-2016E4EFE846,id=8889e818-58f8-49f9-ac5f-461eb7b79d1e
2023-05-17 09:09:06,919 [8889e818-58f8-49f9-ac5f-461eb7b79d1e@group-2016E4EFE846-FollowerState] INFO  server.RaftServerConfigKeys (ConfUtils.java:logFallback(53)) - raft.server.rpc.first-election.timeout.min = 5s (fallback to raft.server.rpc.timeout.min)
2023-05-17 09:09:06,925 [8889e818-58f8-49f9-ac5f-461eb7b79d1e@group-2016E4EFE846-FollowerState] INFO  server.RaftServerConfigKeys (ConfUtils.java:logFallback(53)) - raft.server.rpc.first-election.timeout.max = 5200ms (fallback to raft.server.rpc.timeout.max)
2023-05-17 09:09:06,923 [8889e818-58f8-49f9-ac5f-461eb7b79d1e-groupManagement] INFO  server.RaftServerConfigKeys (ConfUtils.java:logGet(46)) - raft.server.snapshot.auto.trigger.enabled = true (custom)
2023-05-17 09:09:06,925 [8889e818-58f8-49f9-ac5f-461eb7b79d1e-groupManagement] INFO  server.RaftServerConfigKeys (ConfUtils.java:logGet(46)) - raft.server.snapshot.auto.trigger.threshold = 10000 (custom)
2023-05-17 09:09:06,927 [8889e818-58f8-49f9-ac5f-461eb7b79d1e-groupManagement] INFO  server.RaftServerConfigKeys (ConfUtils.java:logGet(46)) - raft.server.snapshot.retention.file.num = 5 (custom)
2023-05-17 09:09:06,927 [8889e818-58f8-49f9-ac5f-461eb7b79d1e-groupManagement] INFO  server.RaftServerConfigKeys (ConfUtils.java:logGet(46)) - raft.server.log.purge.upto.snapshot.index = false (default)
2023-05-17 09:09:06,931 [IPC Server handler 8 on default port 15002] INFO  net.NetworkTopologyImpl (NetworkTopologyImpl.java:add(112)) - Added a new node: /default-rack/f1b6f36b-e7af-48b8-b739-38f78676889c
2023-05-17 09:09:06,931 [IPC Server handler 8 on default port 15002] INFO  node.SCMNodeManager (SCMNodeManager.java:register(407)) - Registered Data node : f1b6f36b-e7af-48b8-b739-38f78676889c{ip: 10.1.0.64, host: fv-az41-747.zje5jq5y5x4uznwvdkgxk4wc2h.cx.internal.cloudapp.net, ports: [HTTP=15089, REPLICATION=15095, RATIS=15091, RATIS_ADMIN=15092, RATIS_SERVER=15093, RATIS_DATASTREAM=15094, STANDALONE=15090], networkLocation: /default-rack, certSerialId: null, persistedOpState: null, persistedOpStateExpiryEpochSec: 0}
2023-05-17 09:09:06,931 [EventQueue-NewNodeForNewNodeHandler] INFO  pipeline.BackgroundPipelineCreator (BackgroundPipelineCreator.java:notifyEventTriggered(276)) - trigger a one-shot run on RatisPipelineUtilsThread.
2023-05-17 09:09:06,931 [Command processor thread] INFO  ratis.XceiverServerRatis (XceiverServerRatis.java:addGroup(806)) - Created group PipelineID=ea7df653-4449-4e32-8b1e-2016e4efe846
2023-05-17 09:09:06,932 [RatisPipelineUtilsThread - 0] INFO  pipeline.RatisPipelineProvider (RatisPipelineProvider.java:lambda$create$0(206)) - Sending CreatePipelineCommand for pipeline:PipelineID=0637c11d-1f02-47ea-8bd1-b9930ba1ef93 to datanode:f1b6f36b-e7af-48b8-b739-38f78676889c
2023-05-17 09:09:06,933 [Command processor thread] INFO  commandhandler.CreatePipelineCommandHandler (CreatePipelineCommandHandler.java:handle(113)) - Created Pipeline RATIS ONE PipelineID=ea7df653-4449-4e32-8b1e-2016e4efe846.
2023-05-17 09:09:06,934 [RatisPipelineUtilsThread - 0] INFO  pipeline.PipelineStateManagerImpl (PipelineStateManagerImpl.java:addPipeline(103)) - Created pipeline Pipeline[ Id: 0637c11d-1f02-47ea-8bd1-b9930ba1ef93, Nodes: f1b6f36b-e7af-48b8-b739-38f78676889c(fv-az41-747.zje5jq5y5x4uznwvdkgxk4wc2h.cx.internal.cloudapp.net/10.1.0.64), ReplicationConfig: RATIS/ONE, State:ALLOCATED, leaderId:, CreationTimestamp2023-05-17T09:09:06.932Z[Etc/UTC]].
2023-05-17 09:09:06,935 [8889e818-58f8-49f9-ac5f-461eb7b79d1e-groupManagement] INFO  server.RaftServer$Division (RaftServerImpl.java:<init>(198)) - 8889e818-58f8-49f9-ac5f-461eb7b79d1e: new RaftServerImpl for group-C26195CFC82B:[8889e818-58f8-49f9-ac5f-461eb7b79d1e|rpc:10.1.0.64:15029|admin:10.1.0.64:15028|client:10.1.0.64:15027|dataStream:10.1.0.64:15030|priority:0|startupRole:FOLLOWER, b2525f4f-bdf5-4dd0-b826-cbccdc8ecebe|rpc:10.1.0.64:15021|admin:10.1.0.64:15020|client:10.1.0.64:15019|dataStream:10.1.0.64:15022|priority:1|startupRole:FOLLOWER, 67f04e2a-34cd-4ea0-b74b-c8cb5d6f4ea5|rpc:10.1.0.64:15013|admin:10.1.0.64:15012|client:10.1.0.64:15011|dataStream:10.1.0.64:15014|priority:0|startupRole:FOLLOWER] with ContainerStateMachine:uninitialized
2023-05-17 09:09:06,935 [8889e818-58f8-49f9-ac5f-461eb7b79d1e-groupManagement] INFO  server.RaftServerConfigKeys (ConfUtils.java:logGet(46)) - raft.server.rpc.timeout.min = 5s (custom)
2023-05-17 09:09:06,935 [8889e818-58f8-49f9-ac5f-461eb7b79d1e-groupManagement] INFO  server.RaftServerConfigKeys (ConfUtils.java:logGet(46)) - raft.server.rpc.timeout.max = 5200ms (custom)
2023-05-17 09:09:06,935 [8889e818-58f8-49f9-ac5f-461eb7b79d1e-groupManagement] INFO  server.RaftServerConfigKeys (ConfUtils.java:logGet(46)) - raft.server.rpc.sleep.time = 25ms (default)
2023-05-17 09:09:06,935 [8889e818-58f8-49f9-ac5f-461eb7b79d1e-groupManagement] INFO  server.RaftServerConfigKeys (ConfUtils.java:logGet(46)) - raft.server.rpc.slowness.timeout = 300s (custom)
2023-05-17 09:09:06,935 [8889e818-58f8-49f9-ac5f-461eb7b79d1e-groupManagement] INFO  server.RaftServerConfigKeys (ConfUtils.java:logGet(46)) - raft.server.leaderelection.leader.step-down.wait-time = 10s (default)
2023-05-17 09:09:06,935 [8889e818-58f8-49f9-ac5f-461eb7b79d1e-groupManagement] INFO  server.RaftServerConfigKeys (ConfUtils.java:logGet(46)) - raft.server.sleep.deviation.threshold = 300ms (default)
2023-05-17 09:09:06,935 [8889e818-58f8-49f9-ac5f-461eb7b79d1e-groupManagement] INFO  server.RaftServer$Division (ServerState.java:<init>(120)) - 8889e818-58f8-49f9-ac5f-461eb7b79d1e@group-C26195CFC82B: ConfigurationManager, init=-1: peers:[8889e818-58f8-49f9-ac5f-461eb7b79d1e|rpc:10.1.0.64:15029|admin:10.1.0.64:15028|client:10.1.0.64:15027|dataStream:10.1.0.64:15030|priority:0|startupRole:FOLLOWER, b2525f4f-bdf5-4dd0-b826-cbccdc8ecebe|rpc:10.1.0.64:15021|admin:10.1.0.64:15020|client:10.1.0.64:15019|dataStream:10.1.0.64:15022|priority:1|startupRole:FOLLOWER, 67f04e2a-34cd-4ea0-b74b-c8cb5d6f4ea5|rpc:10.1.0.64:15013|admin:10.1.0.64:15012|client:10.1.0.64:15011|dataStream:10.1.0.64:15014|priority:0|startupRole:FOLLOWER]|listeners:[], old=null, confs=<EMPTY_MAP>
2023-05-17 09:09:06,935 [8889e818-58f8-49f9-ac5f-461eb7b79d1e-groupManagement] INFO  server.RaftServerConfigKeys (ConfUtils.java:logGet(46)) - raft.server.storage.dir = [/home/runner/work/ozone/ozone/hadoop-ozone/integration-test/target/test-dir/MiniOzoneClusterImpl-21d14123-a168-44a2-bc0a-ee93e32dcc9b/datanode-2/data/ratis] (custom)
2023-05-17 09:09:06,935 [8889e818-58f8-49f9-ac5f-461eb7b79d1e-groupManagement] INFO  server.RaftServerConfigKeys (ConfUtils.java:logGet(46)) - raft.server.log.corruption.policy = EXCEPTION (default)
2023-05-17 09:09:06,936 [8889e818-58f8-49f9-ac5f-461eb7b79d1e-groupManagement] INFO  server.RaftServerConfigKeys (ConfUtils.java:logGet(46)) - raft.server.storage.free-space.min = 0MB (=0) (default)
2023-05-17 09:09:06,936 [8889e818-58f8-49f9-ac5f-461eb7b79d1e-groupManagement] INFO  server.RaftServerConfigKeys (ConfUtils.java:logGet(46)) - raft.server.notification.no-leader.timeout = 300s (custom)
2023-05-17 09:09:06,936 [8889e818-58f8-49f9-ac5f-461eb7b79d1e-groupManagement] INFO  server.RaftServerConfigKeys (ConfUtils.java:logGet(46)) - raft.server.read.timeout = 10s (default)
2023-05-17 09:09:06,936 [8889e818-58f8-49f9-ac5f-461eb7b79d1e-groupManagement] INFO  server.RaftServerConfigKeys (ConfUtils.java:logGet(46)) - raft.server.retrycache.expirytime = 600000ms (custom)
2023-05-17 09:09:06,937 [8889e818-58f8-49f9-ac5f-461eb7b79d1e-groupManagement] INFO  server.RaftServerConfigKeys (ConfUtils.java:logGet(46)) - raft.server.retrycache.statistics.expirytime = 100μs (default)
2023-05-17 09:09:06,939 [RatisPipelineUtilsThread - 0] WARN  pipeline.PipelinePlacementPolicy (PipelinePlacementPolicy.java:filterViableNodes(160)) - Pipeline creation failed due to no sufficient healthy datanodes. Required 3. Found 2. Excluded 9.
2023-05-17 09:09:06,941 [Command processor thread] INFO  server.RaftServer (RaftServerProxy.java:addNew(98)) - 8889e818-58f8-49f9-ac5f-461eb7b79d1e: addNew group-1563067D893C:[8889e818-58f8-49f9-ac5f-461eb7b79d1e|rpc:10.1.0.64:15029|admin:10.1.0.64:15028|client:10.1.0.64:15027|dataStream:10.1.0.64:15030|priority:1|startupRole:FOLLOWER, b2525f4f-bdf5-4dd0-b826-cbccdc8ecebe|rpc:10.1.0.64:15021|admin:10.1.0.64:15020|client:10.1.0.64:15019|dataStream:10.1.0.64:15022|priority:0|startupRole:FOLLOWER, 67f04e2a-34cd-4ea0-b74b-c8cb5d6f4ea5|rpc:10.1.0.64:15013|admin:10.1.0.64:15012|client:10.1.0.64:15011|dataStream:10.1.0.64:15014|priority:0|startupRole:FOLLOWER] returns group-1563067D893C:java.util.concurrent.CompletableFuture@7f44998[Not completed]
2023-05-17 09:09:06,940 [8889e818-58f8-49f9-ac5f-461eb7b79d1e-groupManagement] INFO  server.RaftServerConfigKeys (ConfUtils.java:logGet(46)) - raft.server.read.option = DEFAULT (default)
2023-05-17 09:09:06,945 [8889e818-58f8-49f9-ac5f-461eb7b79d1e-groupManagement] INFO  server.RaftServerConfigKeys (ConfUtils.java:logGet(46)) - raft.server.rpc.request.timeout = 60s (custom)
2023-05-17 09:09:06,945 [8889e818-58f8-49f9-ac5f-461eb7b79d1e-groupManagement] INFO  server.RaftServerConfigKeys (ConfUtils.java:logGet(46)) - raft.server.log.appender.install.snapshot.enabled = false (custom)
2023-05-17 09:09:06,945 [8889e818-58f8-49f9-ac5f-461eb7b79d1e-groupManagement] INFO  server.RaftServerConfigKeys (ConfUtils.java:logGet(46)) - raft.server.threadpool.server.cached = true (default)
2023-05-17 09:09:06,945 [8889e818-58f8-49f9-ac5f-461eb7b79d1e-groupManagement] INFO  server.RaftServerConfigKeys (ConfUtils.java:logGet(46)) - raft.server.threadpool.server.size = 0 (default)
2023-05-17 09:09:06,945 [8889e818-58f8-49f9-ac5f-461eb7b79d1e-groupManagement] INFO  server.RaftServerConfigKeys (ConfUtils.java:logGet(46)) - raft.server.threadpool.client.cached = true (default)
2023-05-17 09:09:06,945 [8889e818-58f8-49f9-ac5f-461eb7b79d1e-groupManagement] INFO  server.RaftServerConfigKeys (ConfUtils.java:logGet(46)) - raft.server.threadpool.client.size = 0 (default)
2023-05-17 09:09:06,948 [8889e818-58f8-49f9-ac5f-461eb7b79d1e-groupManagement] INFO  server.RaftServer$Division (RaftServerImpl.java:<init>(198)) - 8889e818-58f8-49f9-ac5f-461eb7b79d1e: new RaftServerImpl for group-1563067D893C:[8889e818-58f8-49f9-ac5f-461eb7b79d1e|rpc:10.1.0.64:15029|admin:10.1.0.64:15028|client:10.1.0.64:15027|dataStream:10.1.0.64:15030|priority:1|startupRole:FOLLOWER, b2525f4f-bdf5-4dd0-b826-cbccdc8ecebe|rpc:10.1.0.64:15021|admin:10.1.0.64:15020|client:10.1.0.64:15019|dataStream:10.1.0.64:15022|priority:0|startupRole:FOLLOWER, 67f04e2a-34cd-4ea0-b74b-c8cb5d6f4ea5|rpc:10.1.0.64:15013|admin:10.1.0.64:15012|client:10.1.0.64:15011|dataStream:10.1.0.64:15014|priority:0|startupRole:FOLLOWER] with ContainerStateMachine:uninitialized
2023-05-17 09:09:06,951 [8889e818-58f8-49f9-ac5f-461eb7b79d1e-groupManagement] INFO  server.RaftServerConfigKeys (ConfUtils.java:logGet(46)) - raft.server.rpc.timeout.min = 5s (custom)
2023-05-17 09:09:06,951 [8889e818-58f8-49f9-ac5f-461eb7b79d1e-groupManagement] INFO  server.RaftServerConfigKeys (ConfUtils.java:logGet(46)) - raft.server.rpc.timeout.max = 5200ms (custom)
2023-05-17 09:09:06,951 [8889e818-58f8-49f9-ac5f-461eb7b79d1e-groupManagement] INFO  server.RaftServerConfigKeys (ConfUtils.java:logGet(46)) - raft.server.rpc.sleep.time = 25ms (default)
2023-05-17 09:09:06,951 [8889e818-58f8-49f9-ac5f-461eb7b79d1e-groupManagement] INFO  server.RaftServerConfigKeys (ConfUtils.java:logGet(46)) - raft.server.rpc.slowness.timeout = 300s (custom)
2023-05-17 09:09:06,951 [8889e818-58f8-49f9-ac5f-461eb7b79d1e-groupManagement] INFO  server.RaftServerConfigKeys (ConfUtils.java:logGet(46)) - raft.server.leaderelection.leader.step-down.wait-time = 10s (default)
2023-05-17 09:09:06,951 [8889e818-58f8-49f9-ac5f-461eb7b79d1e-groupManagement] INFO  server.RaftServerConfigKeys (ConfUtils.java:logGet(46)) - raft.server.sleep.deviation.threshold = 300ms (default)
2023-05-17 09:09:06,951 [8889e818-58f8-49f9-ac5f-461eb7b79d1e-groupManagement] INFO  server.RaftServer$Division (ServerState.java:<init>(120)) - 8889e818-58f8-49f9-ac5f-461eb7b79d1e@group-1563067D893C: ConfigurationManager, init=-1: peers:[8889e818-58f8-49f9-ac5f-461eb7b79d1e|rpc:10.1.0.64:15029|admin:10.1.0.64:15028|client:10.1.0.64:15027|dataStream:10.1.0.64:15030|priority:1|startupRole:FOLLOWER, b2525f4f-bdf5-4dd0-b826-cbccdc8ecebe|rpc:10.1.0.64:15021|admin:10.1.0.64:15020|client:10.1.0.64:15019|dataStream:10.1.0.64:15022|priority:0|startupRole:FOLLOWER, 67f04e2a-34cd-4ea0-b74b-c8cb5d6f4ea5|rpc:10.1.0.64:15013|admin:10.1.0.64:15012|client:10.1.0.64:15011|dataStream:10.1.0.64:15014|priority:0|startupRole:FOLLOWER]|listeners:[], old=null, confs=<EMPTY_MAP>
2023-05-17 09:09:06,951 [8889e818-58f8-49f9-ac5f-461eb7b79d1e-groupManagement] INFO  server.RaftServerConfigKeys (ConfUtils.java:logGet(46)) - raft.server.storage.dir = [/home/runner/work/ozone/ozone/hadoop-ozone/integration-test/target/test-dir/MiniOzoneClusterImpl-21d14123-a168-44a2-bc0a-ee93e32dcc9b/datanode-2/data/ratis] (custom)
2023-05-17 09:09:06,952 [8889e818-58f8-49f9-ac5f-461eb7b79d1e-groupManagement] INFO  server.RaftServerConfigKeys (ConfUtils.java:logGet(46)) - raft.server.log.corruption.policy = EXCEPTION (default)
2023-05-17 09:09:06,952 [8889e818-58f8-49f9-ac5f-461eb7b79d1e-groupManagement] INFO  server.RaftServerConfigKeys (ConfUtils.java:logGet(46)) - raft.server.storage.free-space.min = 0MB (=0) (default)
2023-05-17 09:09:06,952 [8889e818-58f8-49f9-ac5f-461eb7b79d1e-groupManagement] INFO  server.RaftServerConfigKeys (ConfUtils.java:logGet(46)) - raft.server.notification.no-leader.timeout = 300s (custom)
2023-05-17 09:09:06,952 [8889e818-58f8-49f9-ac5f-461eb7b79d1e-groupManagement] INFO  server.RaftServerConfigKeys (ConfUtils.java:logGet(46)) - raft.server.read.timeout = 10s (default)
2023-05-17 09:09:06,952 [8889e818-58f8-49f9-ac5f-461eb7b79d1e-groupManagement] INFO  server.RaftServerConfigKeys (ConfUtils.java:logGet(46)) - raft.server.retrycache.expirytime = 600000ms (custom)
2023-05-17 09:09:06,952 [8889e818-58f8-49f9-ac5f-461eb7b79d1e-groupManagement] INFO  server.RaftServerConfigKeys (ConfUtils.java:logGet(46)) - raft.server.retrycache.statistics.expirytime = 100μs (default)
2023-05-17 09:09:06,952 [8889e818-58f8-49f9-ac5f-461eb7b79d1e-groupManagement] INFO  server.RaftServerConfigKeys (ConfUtils.java:logGet(46)) - raft.server.read.option = DEFAULT (default)
2023-05-17 09:09:06,954 [8889e818-58f8-49f9-ac5f-461eb7b79d1e-groupManagement] INFO  server.RaftServerConfigKeys (ConfUtils.java:logGet(46)) - raft.server.rpc.request.timeout = 60s (custom)
2023-05-17 09:09:06,954 [8889e818-58f8-49f9-ac5f-461eb7b79d1e-groupManagement] INFO  server.RaftServerConfigKeys (ConfUtils.java:logGet(46)) - raft.server.log.appender.install.snapshot.enabled = false (custom)
2023-05-17 09:09:06,954 [8889e818-58f8-49f9-ac5f-461eb7b79d1e-groupManagement] INFO  server.RaftServerConfigKeys (ConfUtils.java:logGet(46)) - raft.server.threadpool.server.cached = true (default)
2023-05-17 09:09:06,954 [8889e818-58f8-49f9-ac5f-461eb7b79d1e-groupManagement] INFO  server.RaftServerConfigKeys (ConfUtils.java:logGet(46)) - raft.server.threadpool.server.size = 0 (default)
2023-05-17 09:09:06,954 [8889e818-58f8-49f9-ac5f-461eb7b79d1e-groupManagement] INFO  server.RaftServerConfigKeys (ConfUtils.java:logGet(46)) - raft.server.threadpool.client.cached = true (default)
2023-05-17 09:09:06,954 [8889e818-58f8-49f9-ac5f-461eb7b79d1e-groupManagement] INFO  server.RaftServerConfigKeys (ConfUtils.java:logGet(46)) - raft.server.threadpool.client.size = 0 (default)
2023-05-17 09:09:06,954 [8889e818-58f8-49f9-ac5f-461eb7b79d1e-groupManagement] INFO  storage.RaftStorageDirectory (RaftStorageDirectoryImpl.java:analyzeStorage(137)) - The storage directory /home/runner/work/ozone/ozone/hadoop-ozone/integration-test/target/test-dir/MiniOzoneClusterImpl-21d14123-a168-44a2-bc0a-ee93e32dcc9b/datanode-2/data/ratis/7fc61ef2-e189-43e0-95c9-c26195cfc82b does not exist. Creating ...
2023-05-17 09:09:06,956 [8889e818-58f8-49f9-ac5f-461eb7b79d1e-groupManagement] INFO  storage.RaftStorageDirectory (RaftStorageDirectoryImpl.java:tryLock(231)) - Lock on /home/runner/work/ozone/ozone/hadoop-ozone/integration-test/target/test-dir/MiniOzoneClusterImpl-21d14123-a168-44a2-bc0a-ee93e32dcc9b/datanode-2/data/ratis/7fc61ef2-e189-43e0-95c9-c26195cfc82b/in_use.lock acquired by nodename 2768@fv-az41-747
2023-05-17 09:09:06,958 [8889e818-58f8-49f9-ac5f-461eb7b79d1e-groupManagement] INFO  storage.RaftStorage (RaftStorageImpl.java:format(96)) - Storage directory /home/runner/work/ozone/ozone/hadoop-ozone/integration-test/target/test-dir/MiniOzoneClusterImpl-21d14123-a168-44a2-bc0a-ee93e32dcc9b/datanode-2/data/ratis/7fc61ef2-e189-43e0-95c9-c26195cfc82b has been successfully formatted.
2023-05-17 09:09:06,967 [EventQueue-OpenPipelineForHealthyPipelineSafeModeRule] INFO  safemode.SCMSafeModeManager (HealthyPipelineSafeModeRule.java:process(137)) - SCM in safe mode. Healthy pipelines reported count is 0, required healthy pipeline reported count is 1
2023-05-17 09:09:06,968 [8889e818-58f8-49f9-ac5f-461eb7b79d1e-groupManagement] INFO  ratis.ContainerStateMachine (ContainerStateMachine.java:loadSnapshot(262)) - group-C26195CFC82B: The snapshot info is null. Setting the last applied indexto:(t:0, i:~)
2023-05-17 09:09:06,968 [8889e818-58f8-49f9-ac5f-461eb7b79d1e-groupManagement] INFO  server.RaftServerConfigKeys (ConfUtils.java:logGet(46)) - raft.server.log.use.memory = false (default)
2023-05-17 09:09:06,969 [8889e818-58f8-49f9-ac5f-461eb7b79d1e-groupManagement] INFO  server.RaftServerConfigKeys (ConfUtils.java:logGet(46)) - raft.server.log.purge.gap = 1000000 (custom)
2023-05-17 09:09:06,969 [8889e818-58f8-49f9-ac5f-461eb7b79d1e-groupManagement] INFO  server.RaftServerConfigKeys (ConfUtils.java:logGet(46)) - raft.server.log.appender.buffer.byte-limit = 33554432 (custom)
2023-05-17 09:09:06,969 [8889e818-58f8-49f9-ac5f-461eb7b79d1e-groupManagement] INFO  server.RaftServerConfigKeys (ConfUtils.java:logGet(46)) - raft.server.log.statemachine.data.read.timeout = 1000ms (default)
2023-05-17 09:09:06,969 [8889e818-58f8-49f9-ac5f-461eb7b79d1e-groupManagement] INFO  server.RaftServerConfigKeys (ConfUtils.java:logGet(46)) - raft.server.log.purge.preservation.log.num = 0 (default)
2023-05-17 09:09:06,969 [8889e818-58f8-49f9-ac5f-461eb7b79d1e-groupManagement] INFO  server.RaftServerConfigKeys (ConfUtils.java:logGet(46)) - raft.server.log.segment.size.max = 1048576 (custom)
2023-05-17 09:09:06,970 [8889e818-58f8-49f9-ac5f-461eb7b79d1e-groupManagement] INFO  server.RaftServerConfigKeys (ConfUtils.java:logGet(46)) - raft.server.log.segment.cache.num.max = 2 (custom)
2023-05-17 09:09:06,970 [8889e818-58f8-49f9-ac5f-461eb7b79d1e-groupManagement] INFO  server.RaftServerConfigKeys (ConfUtils.java:logGet(46)) - raft.server.log.segment.cache.size.max = 200MB (=209715200) (default)
2023-05-17 09:09:06,970 [8889e818-58f8-49f9-ac5f-461eb7b79d1e-groupManagement] INFO  server.RaftServerConfigKeys (ConfUtils.java:logGet(46)) - raft.server.log.appender.buffer.byte-limit = 33554432 (custom)
2023-05-17 09:09:06,970 [8889e818-58f8-49f9-ac5f-461eb7b79d1e-groupManagement] INFO  segmented.SegmentedRaftLogWorker (SegmentedRaftLogWorker.java:<init>(188)) - new 8889e818-58f8-49f9-ac5f-461eb7b79d1e@group-C26195CFC82B-SegmentedRaftLogWorker for RaftStorageImpl:Storage Directory /home/runner/work/ozone/ozone/hadoop-ozone/integration-test/target/test-dir/MiniOzoneClusterImpl-21d14123-a168-44a2-bc0a-ee93e32dcc9b/datanode-2/data/ratis/7fc61ef2-e189-43e0-95c9-c26195cfc82b
2023-05-17 09:09:06,970 [8889e818-58f8-49f9-ac5f-461eb7b79d1e-groupManagement] INFO  server.RaftServerConfigKeys (ConfUtils.java:logGet(46)) - raft.server.log.queue.byte-limit = 4294967296 (custom)
2023-05-17 09:09:06,971 [8889e818-58f8-49f9-ac5f-461eb7b79d1e-groupManagement] INFO  server.RaftServerConfigKeys (ConfUtils.java:logGet(46)) - raft.server.log.queue.element-limit = 1024 (custom)
2023-05-17 09:09:06,971 [8889e818-58f8-49f9-ac5f-461eb7b79d1e-groupManagement] INFO  server.RaftServerConfigKeys (ConfUtils.java:logGet(46)) - raft.server.log.segment.size.max = 1048576 (custom)
2023-05-17 09:09:06,971 [8889e818-58f8-49f9-ac5f-461eb7b79d1e-groupManagement] INFO  server.RaftServerConfigKeys (ConfUtils.java:logGet(46)) - raft.server.log.preallocated.size = 16384 (custom)
2023-05-17 09:09:06,980 [8889e818-58f8-49f9-ac5f-461eb7b79d1e-groupManagement] INFO  server.RaftServerConfigKeys (ConfUtils.java:logGet(46)) - raft.server.log.force.sync.num = 128 (default)
2023-05-17 09:09:06,980 [8889e818-58f8-49f9-ac5f-461eb7b79d1e-groupManagement] INFO  server.RaftServerConfigKeys (ConfUtils.java:logGet(46)) - raft.server.log.statemachine.data.sync = true (default)
2023-05-17 09:09:06,980 [8889e818-58f8-49f9-ac5f-461eb7b79d1e-groupManagement] INFO  server.RaftServerConfigKeys (ConfUtils.java:logGet(46)) - raft.server.log.statemachine.data.sync.timeout = 10s (default)
2023-05-17 09:09:06,980 [8889e818-58f8-49f9-ac5f-461eb7b79d1e-groupManagement] INFO  server.RaftServerConfigKeys (ConfUtils.java:logGet(46)) - raft.server.log.statemachine.data.sync.timeout.retry = -1 (default)
2023-05-17 09:09:06,985 [8889e818-58f8-49f9-ac5f-461eb7b79d1e-groupManagement] INFO  server.RaftServerConfigKeys (ConfUtils.java:logGet(46)) - raft.server.log.write.buffer.size = 1048576 (custom)
2023-05-17 09:09:06,990 [8889e818-58f8-49f9-ac5f-461eb7b79d1e-groupManagement] INFO  server.RaftServerConfigKeys (ConfUtils.java:logGet(46)) - raft.server.log.appender.buffer.byte-limit = 33554432 (custom)
2023-05-17 09:09:07,004 [8889e818-58f8-49f9-ac5f-461eb7b79d1e-groupManagement] INFO  server.RaftServerConfigKeys (ConfUtils.java:logGet(46)) - raft.server.log.unsafe-flush.enabled = false (default)
2023-05-17 09:09:07,004 [8889e818-58f8-49f9-ac5f-461eb7b79d1e-groupManagement] INFO  server.RaftServerConfigKeys (ConfUtils.java:logGet(46)) - raft.server.log.async-flush.enabled = false (default)
2023-05-17 09:09:07,004 [8889e818-58f8-49f9-ac5f-461eb7b79d1e-groupManagement] INFO  server.RaftServerConfigKeys (ConfUtils.java:logGet(46)) - raft.server.log.statemachine.data.caching.enabled = true (custom)
2023-05-17 09:09:07,005 [8889e818-58f8-49f9-ac5f-461eb7b79d1e-groupManagement] INFO  segmented.SegmentedRaftLogWorker (SegmentedRaftLogWorker.java:lambda$new$0(135)) - 8889e818-58f8-49f9-ac5f-461eb7b79d1e@group-C26195CFC82B-SegmentedRaftLogWorker: flushIndex: setUnconditionally 0 -> -1
2023-05-17 09:09:07,005 [8889e818-58f8-49f9-ac5f-461eb7b79d1e-groupManagement] INFO  segmented.SegmentedRaftLogWorker (SegmentedRaftLogWorker.java:lambda$new$0(135)) - 8889e818-58f8-49f9-ac5f-461eb7b79d1e@group-C26195CFC82B-SegmentedRaftLogWorker: safeCacheEvictIndex: setUnconditionally 0 -> -1
2023-05-17 09:09:07,010 [8889e818-58f8-49f9-ac5f-461eb7b79d1e-groupManagement] INFO  server.RaftServer$Division (RaftServerImpl.java:start(342)) - 8889e818-58f8-49f9-ac5f-461eb7b79d1e@group-C26195CFC82B: start as a follower, conf=-1: peers:[8889e818-58f8-49f9-ac5f-461eb7b79d1e|rpc:10.1.0.64:15029|admin:10.1.0.64:15028|client:10.1.0.64:15027|dataStream:10.1.0.64:15030|priority:0|startupRole:FOLLOWER, b2525f4f-bdf5-4dd0-b826-cbccdc8ecebe|rpc:10.1.0.64:15021|admin:10.1.0.64:15020|client:10.1.0.64:15019|dataStream:10.1.0.64:15022|priority:1|startupRole:FOLLOWER, 67f04e2a-34cd-4ea0-b74b-c8cb5d6f4ea5|rpc:10.1.0.64:15013|admin:10.1.0.64:15012|client:10.1.0.64:15011|dataStream:10.1.0.64:15014|priority:0|startupRole:FOLLOWER]|listeners:[], old=null
2023-05-17 09:09:07,012 [8889e818-58f8-49f9-ac5f-461eb7b79d1e-groupManagement] INFO  server.RaftServer$Division (RaftServerImpl.java:setRole(329)) - 8889e818-58f8-49f9-ac5f-461eb7b79d1e@group-C26195CFC82B: changes role from      null to FOLLOWER at term 0 for startAsFollower
2023-05-17 09:09:07,014 [8889e818-58f8-49f9-ac5f-461eb7b79d1e-groupManagement] INFO  impl.RoleInfo (RoleInfo.java:updateAndGet(139)) - 8889e818-58f8-49f9-ac5f-461eb7b79d1e: start 8889e818-58f8-49f9-ac5f-461eb7b79d1e@group-C26195CFC82B-FollowerState
2023-05-17 09:09:07,014 [8889e818-58f8-49f9-ac5f-461eb7b79d1e-groupManagement] INFO  util.JmxRegister (JmxRegister.java:tryRegister(44)) - Successfully registered JMX Bean with object name Ratis:service=RaftServer,group=group-C26195CFC82B,id=8889e818-58f8-49f9-ac5f-461eb7b79d1e
2023-05-17 09:09:07,014 [8889e818-58f8-49f9-ac5f-461eb7b79d1e-groupManagement] INFO  server.RaftServerConfigKeys (ConfUtils.java:logGet(46)) - raft.server.snapshot.auto.trigger.enabled = true (custom)
2023-05-17 09:09:07,014 [8889e818-58f8-49f9-ac5f-461eb7b79d1e-groupManagement] INFO  server.RaftServerConfigKeys (ConfUtils.java:logGet(46)) - raft.server.snapshot.auto.trigger.threshold = 10000 (custom)
2023-05-17 09:09:07,014 [8889e818-58f8-49f9-ac5f-461eb7b79d1e-groupManagement] INFO  server.RaftServerConfigKeys (ConfUtils.java:logGet(46)) - raft.server.snapshot.retention.file.num = 5 (custom)
2023-05-17 09:09:07,014 [8889e818-58f8-49f9-ac5f-461eb7b79d1e-groupManagement] INFO  server.RaftServerConfigKeys (ConfUtils.java:logGet(46)) - raft.server.log.purge.upto.snapshot.index = false (default)
2023-05-17 09:09:07,015 [8889e818-58f8-49f9-ac5f-461eb7b79d1e@group-C26195CFC82B-FollowerState] INFO  server.RaftServerConfigKeys (ConfUtils.java:logFallback(53)) - raft.server.rpc.first-election.timeout.min = 5s (fallback to raft.server.rpc.timeout.min)
2023-05-17 09:09:07,018 [8889e818-58f8-49f9-ac5f-461eb7b79d1e-groupManagement] INFO  storage.RaftStorageDirectory (RaftStorageDirectoryImpl.java:analyzeStorage(137)) - The storage directory /home/runner/work/ozone/ozone/hadoop-ozone/integration-test/target/test-dir/MiniOzoneClusterImpl-21d14123-a168-44a2-bc0a-ee93e32dcc9b/datanode-2/data/ratis/013071ba-bc44-452e-b620-1563067d893c does not exist. Creating ...
2023-05-17 09:09:07,019 [8889e818-58f8-49f9-ac5f-461eb7b79d1e@group-C26195CFC82B-FollowerState] INFO  server.RaftServerConfigKeys (ConfUtils.java:logFallback(53)) - raft.server.rpc.first-election.timeout.max = 5200ms (fallback to raft.server.rpc.timeout.max)
2023-05-17 09:09:07,020 [8889e818-58f8-49f9-ac5f-461eb7b79d1e-groupManagement] INFO  storage.RaftStorageDirectory (RaftStorageDirectoryImpl.java:tryLock(231)) - Lock on /home/runner/work/ozone/ozone/hadoop-ozone/integration-test/target/test-dir/MiniOzoneClusterImpl-21d14123-a168-44a2-bc0a-ee93e32dcc9b/datanode-2/data/ratis/013071ba-bc44-452e-b620-1563067d893c/in_use.lock acquired by nodename 2768@fv-az41-747
2023-05-17 09:09:07,022 [8889e818-58f8-49f9-ac5f-461eb7b79d1e-groupManagement] INFO  storage.RaftStorage (RaftStorageImpl.java:format(96)) - Storage directory /home/runner/work/ozone/ozone/hadoop-ozone/integration-test/target/test-dir/MiniOzoneClusterImpl-21d14123-a168-44a2-bc0a-ee93e32dcc9b/datanode-2/data/ratis/013071ba-bc44-452e-b620-1563067d893c has been successfully formatted.
2023-05-17 09:09:07,022 [8889e818-58f8-49f9-ac5f-461eb7b79d1e-groupManagement] INFO  ratis.ContainerStateMachine (ContainerStateMachine.java:loadSnapshot(262)) - group-1563067D893C: The snapshot info is null. Setting the last applied indexto:(t:0, i:~)
2023-05-17 09:09:07,022 [8889e818-58f8-49f9-ac5f-461eb7b79d1e-groupManagement] INFO  server.RaftServerConfigKeys (ConfUtils.java:logGet(46)) - raft.server.log.use.memory = false (default)
2023-05-17 09:09:07,022 [8889e818-58f8-49f9-ac5f-461eb7b79d1e-groupManagement] INFO  server.RaftServerConfigKeys (ConfUtils.java:logGet(46)) - raft.server.log.purge.gap = 1000000 (custom)
2023-05-17 09:09:07,023 [8889e818-58f8-49f9-ac5f-461eb7b79d1e-groupManagement] INFO  server.RaftServerConfigKeys (ConfUtils.java:logGet(46)) - raft.server.log.appender.buffer.byte-limit = 33554432 (custom)
2023-05-17 09:09:07,023 [8889e818-58f8-49f9-ac5f-461eb7b79d1e-groupManagement] INFO  server.RaftServerConfigKeys (ConfUtils.java:logGet(46)) - raft.server.log.statemachine.data.read.timeout = 1000ms (default)
2023-05-17 09:09:07,023 [8889e818-58f8-49f9-ac5f-461eb7b79d1e-groupManagement] INFO  server.RaftServerConfigKeys (ConfUtils.java:logGet(46)) - raft.server.log.purge.preservation.log.num = 0 (default)
2023-05-17 09:09:07,023 [8889e818-58f8-49f9-ac5f-461eb7b79d1e-groupManagement] INFO  server.RaftServerConfigKeys (ConfUtils.java:logGet(46)) - raft.server.log.segment.size.max = 1048576 (custom)
2023-05-17 09:09:07,023 [8889e818-58f8-49f9-ac5f-461eb7b79d1e-groupManagement] INFO  server.RaftServerConfigKeys (ConfUtils.java:logGet(46)) - raft.server.log.segment.cache.num.max = 2 (custom)
2023-05-17 09:09:07,023 [8889e818-58f8-49f9-ac5f-461eb7b79d1e-groupManagement] INFO  server.RaftServerConfigKeys (ConfUtils.java:logGet(46)) - raft.server.log.segment.cache.size.max = 200MB (=209715200) (default)
2023-05-17 09:09:07,024 [8889e818-58f8-49f9-ac5f-461eb7b79d1e-groupManagement] INFO  server.RaftServerConfigKeys (ConfUtils.java:logGet(46)) - raft.server.log.appender.buffer.byte-limit = 33554432 (custom)
2023-05-17 09:09:07,024 [8889e818-58f8-49f9-ac5f-461eb7b79d1e-groupManagement] INFO  segmented.SegmentedRaftLogWorker (SegmentedRaftLogWorker.java:<init>(188)) - new 8889e818-58f8-49f9-ac5f-461eb7b79d1e@group-1563067D893C-SegmentedRaftLogWorker for RaftStorageImpl:Storage Directory /home/runner/work/ozone/ozone/hadoop-ozone/integration-test/target/test-dir/MiniOzoneClusterImpl-21d14123-a168-44a2-bc0a-ee93e32dcc9b/datanode-2/data/ratis/013071ba-bc44-452e-b620-1563067d893c
2023-05-17 09:09:07,024 [8889e818-58f8-49f9-ac5f-461eb7b79d1e-groupManagement] INFO  server.RaftServerConfigKeys (ConfUtils.java:logGet(46)) - raft.server.log.queue.byte-limit = 4294967296 (custom)
2023-05-17 09:09:07,024 [8889e818-58f8-49f9-ac5f-461eb7b79d1e-groupManagement] INFO  server.RaftServerConfigKeys (ConfUtils.java:logGet(46)) - raft.server.log.queue.element-limit = 1024 (custom)
2023-05-17 09:09:07,024 [8889e818-58f8-49f9-ac5f-461eb7b79d1e-groupManagement] INFO  server.RaftServerConfigKeys (ConfUtils.java:logGet(46)) - raft.server.log.segment.size.max = 1048576 (custom)
2023-05-17 09:09:07,024 [8889e818-58f8-49f9-ac5f-461eb7b79d1e-groupManagement] INFO  server.RaftServerConfigKeys (ConfUtils.java:logGet(46)) - raft.server.log.preallocated.size = 16384 (custom)
2023-05-17 09:09:07,024 [8889e818-58f8-49f9-ac5f-461eb7b79d1e-groupManagement] INFO  server.RaftServerConfigKeys (ConfUtils.java:logGet(46)) - raft.server.log.force.sync.num = 128 (default)
2023-05-17 09:09:07,024 [8889e818-58f8-49f9-ac5f-461eb7b79d1e-groupManagement] INFO  server.RaftServerConfigKeys (ConfUtils.java:logGet(46)) - raft.server.log.statemachine.data.sync = true (default)
2023-05-17 09:09:07,024 [8889e818-58f8-49f9-ac5f-461eb7b79d1e-groupManagement] INFO  server.RaftServerConfigKeys (ConfUtils.java:logGet(46)) - raft.server.log.statemachine.data.sync.timeout = 10s (default)
2023-05-17 09:09:07,024 [8889e818-58f8-49f9-ac5f-461eb7b79d1e-groupManagement] INFO  server.RaftServerConfigKeys (ConfUtils.java:logGet(46)) - raft.server.log.statemachine.data.sync.timeout.retry = -1 (default)
2023-05-17 09:09:07,033 [8889e818-58f8-49f9-ac5f-461eb7b79d1e-groupManagement] INFO  server.RaftServerConfigKeys (ConfUtils.java:logGet(46)) - raft.server.log.write.buffer.size = 1048576 (custom)
2023-05-17 09:09:07,034 [8889e818-58f8-49f9-ac5f-461eb7b79d1e-groupManagement] INFO  server.RaftServerConfigKeys (ConfUtils.java:logGet(46)) - raft.server.log.appender.buffer.byte-limit = 33554432 (custom)
2023-05-17 09:09:07,044 [EventQueue-OpenPipelineForHealthyPipelineSafeModeRule] INFO  safemode.SCMSafeModeManager (HealthyPipelineSafeModeRule.java:process(137)) - SCM in safe mode. Healthy pipelines reported count is 0, required healthy pipeline reported count is 1
2023-05-17 09:09:07,049 [8889e818-58f8-49f9-ac5f-461eb7b79d1e-groupManagement] INFO  server.RaftServerConfigKeys (ConfUtils.java:logGet(46)) - raft.server.log.unsafe-flush.enabled = false (default)
2023-05-17 09:09:07,049 [8889e818-58f8-49f9-ac5f-461eb7b79d1e-groupManagement] INFO  server.RaftServerConfigKeys (ConfUtils.java:logGet(46)) - raft.server.log.async-flush.enabled = false (default)
2023-05-17 09:09:07,049 [8889e818-58f8-49f9-ac5f-461eb7b79d1e-groupManagement] INFO  server.RaftServerConfigKeys (ConfUtils.java:logGet(46)) - raft.server.log.statemachine.data.caching.enabled = true (custom)
2023-05-17 09:09:07,049 [8889e818-58f8-49f9-ac5f-461eb7b79d1e-groupManagement] INFO  segmented.SegmentedRaftLogWorker (SegmentedRaftLogWorker.java:lambda$new$0(135)) - 8889e818-58f8-49f9-ac5f-461eb7b79d1e@group-1563067D893C-SegmentedRaftLogWorker: flushIndex: setUnconditionally 0 -> -1
2023-05-17 09:09:07,049 [8889e818-58f8-49f9-ac5f-461eb7b79d1e-groupManagement] INFO  segmented.SegmentedRaftLogWorker (SegmentedRaftLogWorker.java:lambda$new$0(135)) - 8889e818-58f8-49f9-ac5f-461eb7b79d1e@group-1563067D893C-SegmentedRaftLogWorker: safeCacheEvictIndex: setUnconditionally 0 -> -1
2023-05-17 09:09:07,053 [8889e818-58f8-49f9-ac5f-461eb7b79d1e-groupManagement] INFO  server.RaftServer$Division (RaftServerImpl.java:start(342)) - 8889e818-58f8-49f9-ac5f-461eb7b79d1e@group-1563067D893C: start as a follower, conf=-1: peers:[8889e818-58f8-49f9-ac5f-461eb7b79d1e|rpc:10.1.0.64:15029|admin:10.1.0.64:15028|client:10.1.0.64:15027|dataStream:10.1.0.64:15030|priority:1|startupRole:FOLLOWER, b2525f4f-bdf5-4dd0-b826-cbccdc8ecebe|rpc:10.1.0.64:15021|admin:10.1.0.64:15020|client:10.1.0.64:15019|dataStream:10.1.0.64:15022|priority:0|startupRole:FOLLOWER, 67f04e2a-34cd-4ea0-b74b-c8cb5d6f4ea5|rpc:10.1.0.64:15013|admin:10.1.0.64:15012|client:10.1.0.64:15011|dataStream:10.1.0.64:15014|priority:0|startupRole:FOLLOWER]|listeners:[], old=null
2023-05-17 09:09:07,053 [8889e818-58f8-49f9-ac5f-461eb7b79d1e-groupManagement] INFO  server.RaftServer$Division (RaftServerImpl.java:setRole(329)) - 8889e818-58f8-49f9-ac5f-461eb7b79d1e@group-1563067D893C: changes role from      null to FOLLOWER at term 0 for startAsFollower
2023-05-17 09:09:07,053 [8889e818-58f8-49f9-ac5f-461eb7b79d1e-groupManagement] INFO  impl.RoleInfo (RoleInfo.java:updateAndGet(139)) - 8889e818-58f8-49f9-ac5f-461eb7b79d1e: start 8889e818-58f8-49f9-ac5f-461eb7b79d1e@group-1563067D893C-FollowerState
2023-05-17 09:09:07,054 [8889e818-58f8-49f9-ac5f-461eb7b79d1e-groupManagement] INFO  util.JmxRegister (JmxRegister.java:tryRegister(44)) - Successfully registered JMX Bean with object name Ratis:service=RaftServer,group=group-1563067D893C,id=8889e818-58f8-49f9-ac5f-461eb7b79d1e
2023-05-17 09:09:07,054 [8889e818-58f8-49f9-ac5f-461eb7b79d1e-groupManagement] INFO  server.RaftServerConfigKeys (ConfUtils.java:logGet(46)) - raft.server.snapshot.auto.trigger.enabled = true (custom)
2023-05-17 09:09:07,054 [8889e818-58f8-49f9-ac5f-461eb7b79d1e-groupManagement] INFO  server.RaftServerConfigKeys (ConfUtils.java:logGet(46)) - raft.server.snapshot.auto.trigger.threshold = 10000 (custom)
2023-05-17 09:09:07,054 [8889e818-58f8-49f9-ac5f-461eb7b79d1e-groupManagement] INFO  server.RaftServerConfigKeys (ConfUtils.java:logGet(46)) - raft.server.snapshot.retention.file.num = 5 (custom)
2023-05-17 09:09:07,054 [8889e818-58f8-49f9-ac5f-461eb7b79d1e-groupManagement] INFO  server.RaftServerConfigKeys (ConfUtils.java:logGet(46)) - raft.server.log.purge.upto.snapshot.index = false (default)
2023-05-17 09:09:07,055 [8889e818-58f8-49f9-ac5f-461eb7b79d1e@group-1563067D893C-FollowerState] INFO  server.RaftServerConfigKeys (ConfUtils.java:logFallback(53)) - raft.server.rpc.first-election.timeout.min = 5s (fallback to raft.server.rpc.timeout.min)
2023-05-17 09:09:07,064 [8889e818-58f8-49f9-ac5f-461eb7b79d1e@group-1563067D893C-FollowerState] INFO  server.RaftServerConfigKeys (ConfUtils.java:logFallback(53)) - raft.server.rpc.first-election.timeout.max = 5200ms (fallback to raft.server.rpc.timeout.max)
2023-05-17 09:09:07,062 [Command processor thread] INFO  ratis.XceiverServerRatis (XceiverServerRatis.java:addGroup(806)) - Created group PipelineID=013071ba-bc44-452e-b620-1563067d893c
2023-05-17 09:09:07,113 [Listener at 127.0.0.1/15004] INFO  ozone.MiniOzoneClusterImpl (MiniOzoneClusterImpl.java:lambda$waitForClusterToBeReady$0(222)) - Waiting for nodes to be ready. Got 11 of 14 DN Heartbeats.
2023-05-17 09:09:07,113 [Listener at 127.0.0.1/15004] INFO  ozone.MiniOzoneClusterImpl (MiniOzoneClusterImpl.java:lambda$waitForClusterToBeReady$0(225)) - Waiting for cluster to exit safe mode
2023-05-17 09:09:07,113 [Listener at 127.0.0.1/15004] INFO  ozone.MiniOzoneClusterImpl (MiniOzoneClusterImpl.java:lambda$waitForClusterToBeReady$0(227)) - SCM became leader
2023-05-17 09:09:07,114 [67f04e2a-34cd-4ea0-b74b-c8cb5d6f4ea5-groupManagement] INFO  server.RaftServer$Division (RaftServerImpl.java:<init>(198)) - 67f04e2a-34cd-4ea0-b74b-c8cb5d6f4ea5: new RaftServerImpl for group-1563067D893C:[8889e818-58f8-49f9-ac5f-461eb7b79d1e|rpc:10.1.0.64:15029|admin:10.1.0.64:15028|client:10.1.0.64:15027|dataStream:10.1.0.64:15030|priority:1|startupRole:FOLLOWER, b2525f4f-bdf5-4dd0-b826-cbccdc8ecebe|rpc:10.1.0.64:15021|admin:10.1.0.64:15020|client:10.1.0.64:15019|dataStream:10.1.0.64:15022|priority:0|startupRole:FOLLOWER, 67f04e2a-34cd-4ea0-b74b-c8cb5d6f4ea5|rpc:10.1.0.64:15013|admin:10.1.0.64:15012|client:10.1.0.64:15011|dataStream:10.1.0.64:15014|priority:0|startupRole:FOLLOWER] with ContainerStateMachine:uninitialized
2023-05-17 09:09:07,114 [67f04e2a-34cd-4ea0-b74b-c8cb5d6f4ea5-groupManagement] INFO  server.RaftServerConfigKeys (ConfUtils.java:logGet(46)) - raft.server.rpc.timeout.min = 5s (custom)
2023-05-17 09:09:07,114 [67f04e2a-34cd-4ea0-b74b-c8cb5d6f4ea5-groupManagement] INFO  server.RaftServerConfigKeys (ConfUtils.java:logGet(46)) - raft.server.rpc.timeout.max = 5200ms (custom)
2023-05-17 09:09:07,115 [67f04e2a-34cd-4ea0-b74b-c8cb5d6f4ea5-groupManagement] INFO  server.RaftServerConfigKeys (ConfUtils.java:logGet(46)) - raft.server.rpc.sleep.time = 25ms (default)
2023-05-17 09:09:07,115 [67f04e2a-34cd-4ea0-b74b-c8cb5d6f4ea5-groupManagement] INFO  server.RaftServerConfigKeys (ConfUtils.java:logGet(46)) - raft.server.rpc.slowness.timeout = 300s (custom)
2023-05-17 09:09:07,115 [67f04e2a-34cd-4ea0-b74b-c8cb5d6f4ea5-groupManagement] INFO  server.RaftServerConfigKeys (ConfUtils.java:logGet(46)) - raft.server.leaderelection.leader.step-down.wait-time = 10s (default)
2023-05-17 09:09:07,115 [67f04e2a-34cd-4ea0-b74b-c8cb5d6f4ea5-groupManagement] INFO  server.RaftServerConfigKeys (ConfUtils.java:logGet(46)) - raft.server.sleep.deviation.threshold = 300ms (default)
2023-05-17 09:09:07,115 [67f04e2a-34cd-4ea0-b74b-c8cb5d6f4ea5-groupManagement] INFO  server.RaftServer$Division (ServerState.java:<init>(120)) - 67f04e2a-34cd-4ea0-b74b-c8cb5d6f4ea5@group-1563067D893C: ConfigurationManager, init=-1: peers:[8889e818-58f8-49f9-ac5f-461eb7b79d1e|rpc:10.1.0.64:15029|admin:10.1.0.64:15028|client:10.1.0.64:15027|dataStream:10.1.0.64:15030|priority:1|startupRole:FOLLOWER, b2525f4f-bdf5-4dd0-b826-cbccdc8ecebe|rpc:10.1.0.64:15021|admin:10.1.0.64:15020|client:10.1.0.64:15019|dataStream:10.1.0.64:15022|priority:0|startupRole:FOLLOWER, 67f04e2a-34cd-4ea0-b74b-c8cb5d6f4ea5|rpc:10.1.0.64:15013|admin:10.1.0.64:15012|client:10.1.0.64:15011|dataStream:10.1.0.64:15014|priority:0|startupRole:FOLLOWER]|listeners:[], old=null, confs=<EMPTY_MAP>
2023-05-17 09:09:07,115 [67f04e2a-34cd-4ea0-b74b-c8cb5d6f4ea5-groupManagement] INFO  server.RaftServerConfigKeys (ConfUtils.java:logGet(46)) - raft.server.storage.dir = [/home/runner/work/ozone/ozone/hadoop-ozone/integration-test/target/test-dir/MiniOzoneClusterImpl-21d14123-a168-44a2-bc0a-ee93e32dcc9b/datanode-0/data/ratis] (custom)
2023-05-17 09:09:07,115 [67f04e2a-34cd-4ea0-b74b-c8cb5d6f4ea5-groupManagement] INFO  server.RaftServerConfigKeys (ConfUtils.java:logGet(46)) - raft.server.log.corruption.policy = EXCEPTION (default)
2023-05-17 09:09:07,115 [67f04e2a-34cd-4ea0-b74b-c8cb5d6f4ea5-groupManagement] INFO  server.RaftServerConfigKeys (ConfUtils.java:logGet(46)) - raft.server.storage.free-space.min = 0MB (=0) (default)
2023-05-17 09:09:07,115 [67f04e2a-34cd-4ea0-b74b-c8cb5d6f4ea5-groupManagement] INFO  server.RaftServerConfigKeys (ConfUtils.java:logGet(46)) - raft.server.notification.no-leader.timeout = 300s (custom)
2023-05-17 09:09:07,115 [67f04e2a-34cd-4ea0-b74b-c8cb5d6f4ea5-groupManagement] INFO  server.RaftServerConfigKeys (ConfUtils.java:logGet(46)) - raft.server.read.timeout = 10s (default)
2023-05-17 09:09:07,115 [67f04e2a-34cd-4ea0-b74b-c8cb5d6f4ea5-groupManagement] INFO  server.RaftServerConfigKeys (ConfUtils.java:logGet(46)) - raft.server.retrycache.expirytime = 600000ms (custom)
2023-05-17 09:09:07,115 [67f04e2a-34cd-4ea0-b74b-c8cb5d6f4ea5-groupManagement] INFO  server.RaftServerConfigKeys (ConfUtils.java:logGet(46)) - raft.server.retrycache.statistics.expirytime = 100μs (default)
2023-05-17 09:09:07,115 [67f04e2a-34cd-4ea0-b74b-c8cb5d6f4ea5-groupManagement] INFO  server.RaftServerConfigKeys (ConfUtils.java:logGet(46)) - raft.server.read.option = DEFAULT (default)
2023-05-17 09:09:07,117 [67f04e2a-34cd-4ea0-b74b-c8cb5d6f4ea5-groupManagement] INFO  server.RaftServerConfigKeys (ConfUtils.java:logGet(46)) - raft.server.rpc.request.timeout = 60s (custom)
2023-05-17 09:09:07,117 [67f04e2a-34cd-4ea0-b74b-c8cb5d6f4ea5-groupManagement] INFO  server.RaftServerConfigKeys (ConfUtils.java:logGet(46)) - raft.server.log.appender.install.snapshot.enabled = false (custom)
2023-05-17 09:09:07,117 [67f04e2a-34cd-4ea0-b74b-c8cb5d6f4ea5-groupManagement] INFO  server.RaftServerConfigKeys (ConfUtils.java:logGet(46)) - raft.server.threadpool.server.cached = true (default)
2023-05-17 09:09:07,113 [grpc-default-executor-0] INFO  server.RaftServer (RaftServerProxy.java:addNew(98)) - 67f04e2a-34cd-4ea0-b74b-c8cb5d6f4ea5: addNew group-1563067D893C:[8889e818-58f8-49f9-ac5f-461eb7b79d1e|rpc:10.1.0.64:15029|admin:10.1.0.64:15028|client:10.1.0.64:15027|dataStream:10.1.0.64:15030|priority:1|startupRole:FOLLOWER, b2525f4f-bdf5-4dd0-b826-cbccdc8ecebe|rpc:10.1.0.64:15021|admin:10.1.0.64:15020|client:10.1.0.64:15019|dataStream:10.1.0.64:15022|priority:0|startupRole:FOLLOWER, 67f04e2a-34cd-4ea0-b74b-c8cb5d6f4ea5|rpc:10.1.0.64:15013|admin:10.1.0.64:15012|client:10.1.0.64:15011|dataStream:10.1.0.64:15014|priority:0|startupRole:FOLLOWER] returns group-1563067D893C:java.util.concurrent.CompletableFuture@64ff0095[Not completed]
2023-05-17 09:09:07,125 [67f04e2a-34cd-4ea0-b74b-c8cb5d6f4ea5-groupManagement] INFO  server.RaftServerConfigKeys (ConfUtils.java:logGet(46)) - raft.server.threadpool.server.size = 0 (default)
2023-05-17 09:09:07,125 [67f04e2a-34cd-4ea0-b74b-c8cb5d6f4ea5-groupManagement] INFO  server.RaftServerConfigKeys (ConfUtils.java:logGet(46)) - raft.server.threadpool.client.cached = true (default)
2023-05-17 09:09:07,125 [67f04e2a-34cd-4ea0-b74b-c8cb5d6f4ea5-groupManagement] INFO  server.RaftServerConfigKeys (ConfUtils.java:logGet(46)) - raft.server.threadpool.client.size = 0 (default)
2023-05-17 09:09:07,126 [67f04e2a-34cd-4ea0-b74b-c8cb5d6f4ea5-groupManagement] INFO  storage.RaftStorageDirectory (RaftStorageDirectoryImpl.java:analyzeStorage(137)) - The storage directory /home/runner/work/ozone/ozone/hadoop-ozone/integration-test/target/test-dir/MiniOzoneClusterImpl-21d14123-a168-44a2-bc0a-ee93e32dcc9b/datanode-0/data/ratis/013071ba-bc44-452e-b620-1563067d893c does not exist. Creating ...
2023-05-17 09:09:07,136 [67f04e2a-34cd-4ea0-b74b-c8cb5d6f4ea5-groupManagement] INFO  storage.RaftStorageDirectory (RaftStorageDirectoryImpl.java:tryLock(231)) - Lock on /home/runner/work/ozone/ozone/hadoop-ozone/integration-test/target/test-dir/MiniOzoneClusterImpl-21d14123-a168-44a2-bc0a-ee93e32dcc9b/datanode-0/data/ratis/013071ba-bc44-452e-b620-1563067d893c/in_use.lock acquired by nodename 2768@fv-az41-747
2023-05-17 09:09:07,137 [67f04e2a-34cd-4ea0-b74b-c8cb5d6f4ea5-groupManagement] INFO  storage.RaftStorage (RaftStorageImpl.java:format(96)) - Storage directory /home/runner/work/ozone/ozone/hadoop-ozone/integration-test/target/test-dir/MiniOzoneClusterImpl-21d14123-a168-44a2-bc0a-ee93e32dcc9b/datanode-0/data/ratis/013071ba-bc44-452e-b620-1563067d893c has been successfully formatted.
2023-05-17 09:09:07,138 [67f04e2a-34cd-4ea0-b74b-c8cb5d6f4ea5-groupManagement] INFO  ratis.ContainerStateMachine (ContainerStateMachine.java:loadSnapshot(262)) - group-1563067D893C: The snapshot info is null. Setting the last applied indexto:(t:0, i:~)
2023-05-17 09:09:07,138 [67f04e2a-34cd-4ea0-b74b-c8cb5d6f4ea5-groupManagement] INFO  server.RaftServerConfigKeys (ConfUtils.java:logGet(46)) - raft.server.log.use.memory = false (default)
2023-05-17 09:09:07,138 [67f04e2a-34cd-4ea0-b74b-c8cb5d6f4ea5-groupManagement] INFO  server.RaftServerConfigKeys (ConfUtils.java:logGet(46)) - raft.server.log.purge.gap = 1000000 (custom)
2023-05-17 09:09:07,138 [67f04e2a-34cd-4ea0-b74b-c8cb5d6f4ea5-groupManagement] INFO  server.RaftServerConfigKeys (ConfUtils.java:logGet(46)) - raft.server.log.appender.buffer.byte-limit = 33554432 (custom)
2023-05-17 09:09:07,138 [67f04e2a-34cd-4ea0-b74b-c8cb5d6f4ea5-groupManagement] INFO  server.RaftServerConfigKeys (ConfUtils.java:logGet(46)) - raft.server.log.statemachine.data.read.timeout = 1000ms (default)
2023-05-17 09:09:07,138 [67f04e2a-34cd-4ea0-b74b-c8cb5d6f4ea5-groupManagement] INFO  server.RaftServerConfigKeys (ConfUtils.java:logGet(46)) - raft.server.log.purge.preservation.log.num = 0 (default)
2023-05-17 09:09:07,138 [67f04e2a-34cd-4ea0-b74b-c8cb5d6f4ea5-groupManagement] INFO  server.RaftServerConfigKeys (ConfUtils.java:logGet(46)) - raft.server.log.segment.size.max = 1048576 (custom)
2023-05-17 09:09:07,139 [67f04e2a-34cd-4ea0-b74b-c8cb5d6f4ea5-groupManagement] INFO  server.RaftServerConfigKeys (ConfUtils.java:logGet(46)) - raft.server.log.segment.cache.num.max = 2 (custom)
2023-05-17 09:09:07,139 [67f04e2a-34cd-4ea0-b74b-c8cb5d6f4ea5-groupManagement] INFO  server.RaftServerConfigKeys (ConfUtils.java:logGet(46)) - raft.server.log.segment.cache.size.max = 200MB (=209715200) (default)
2023-05-17 09:09:07,139 [67f04e2a-34cd-4ea0-b74b-c8cb5d6f4ea5-groupManagement] INFO  server.RaftServerConfigKeys (ConfUtils.java:logGet(46)) - raft.server.log.appender.buffer.byte-limit = 33554432 (custom)
2023-05-17 09:09:07,139 [67f04e2a-34cd-4ea0-b74b-c8cb5d6f4ea5-groupManagement] INFO  segmented.SegmentedRaftLogWorker (SegmentedRaftLogWorker.java:<init>(188)) - new 67f04e2a-34cd-4ea0-b74b-c8cb5d6f4ea5@group-1563067D893C-SegmentedRaftLogWorker for RaftStorageImpl:Storage Directory /home/runner/work/ozone/ozone/hadoop-ozone/integration-test/target/test-dir/MiniOzoneClusterImpl-21d14123-a168-44a2-bc0a-ee93e32dcc9b/datanode-0/data/ratis/013071ba-bc44-452e-b620-1563067d893c
2023-05-17 09:09:07,139 [67f04e2a-34cd-4ea0-b74b-c8cb5d6f4ea5-groupManagement] INFO  server.RaftServerConfigKeys (ConfUtils.java:logGet(46)) - raft.server.log.queue.byte-limit = 4294967296 (custom)
2023-05-17 09:09:07,139 [67f04e2a-34cd-4ea0-b74b-c8cb5d6f4ea5-groupManagement] INFO  server.RaftServerConfigKeys (ConfUtils.java:logGet(46)) - raft.server.log.queue.element-limit = 1024 (custom)
2023-05-17 09:09:07,139 [67f04e2a-34cd-4ea0-b74b-c8cb5d6f4ea5-groupManagement] INFO  server.RaftServerConfigKeys (ConfUtils.java:logGet(46)) - raft.server.log.segment.size.max = 1048576 (custom)
2023-05-17 09:09:07,139 [67f04e2a-34cd-4ea0-b74b-c8cb5d6f4ea5-groupManagement] INFO  server.RaftServerConfigKeys (ConfUtils.java:logGet(46)) - raft.server.log.preallocated.size = 16384 (custom)
2023-05-17 09:09:07,139 [67f04e2a-34cd-4ea0-b74b-c8cb5d6f4ea5-groupManagement] INFO  server.RaftServerConfigKeys (ConfUtils.java:logGet(46)) - raft.server.log.force.sync.num = 128 (default)
2023-05-17 09:09:07,139 [67f04e2a-34cd-4ea0-b74b-c8cb5d6f4ea5-groupManagement] INFO  server.RaftServerConfigKeys (ConfUtils.java:logGet(46)) - raft.server.log.statemachine.data.sync = true (default)
2023-05-17 09:09:07,139 [67f04e2a-34cd-4ea0-b74b-c8cb5d6f4ea5-groupManagement] INFO  server.RaftServerConfigKeys (ConfUtils.java:logGet(46)) - raft.server.log.statemachine.data.sync.timeout = 10s (default)
2023-05-17 09:09:07,139 [67f04e2a-34cd-4ea0-b74b-c8cb5d6f4ea5-groupManagement] INFO  server.RaftServerConfigKeys (ConfUtils.java:logGet(46)) - raft.server.log.statemachine.data.sync.timeout.retry = -1 (default)
2023-05-17 09:09:07,140 [67f04e2a-34cd-4ea0-b74b-c8cb5d6f4ea5-groupManagement] INFO  server.RaftServerConfigKeys (ConfUtils.java:logGet(46)) - raft.server.log.write.buffer.size = 1048576 (custom)
2023-05-17 09:09:07,142 [EventQueue-OpenPipelineForHealthyPipelineSafeModeRule] INFO  safemode.SCMSafeModeManager (HealthyPipelineSafeModeRule.java:process(137)) - SCM in safe mode. Healthy pipelines reported count is 0, required healthy pipeline reported count is 1
2023-05-17 09:09:07,142 [67f04e2a-34cd-4ea0-b74b-c8cb5d6f4ea5-groupManagement] INFO  server.RaftServerConfigKeys (ConfUtils.java:logGet(46)) - raft.server.log.appender.buffer.byte-limit = 33554432 (custom)
2023-05-17 09:09:07,148 [67f04e2a-34cd-4ea0-b74b-c8cb5d6f4ea5-groupManagement] INFO  server.RaftServerConfigKeys (ConfUtils.java:logGet(46)) - raft.server.log.unsafe-flush.enabled = false (default)
2023-05-17 09:09:07,148 [67f04e2a-34cd-4ea0-b74b-c8cb5d6f4ea5-groupManagement] INFO  server.RaftServerConfigKeys (ConfUtils.java:logGet(46)) - raft.server.log.async-flush.enabled = false (default)
2023-05-17 09:09:07,148 [67f04e2a-34cd-4ea0-b74b-c8cb5d6f4ea5-groupManagement] INFO  server.RaftServerConfigKeys (ConfUtils.java:logGet(46)) - raft.server.log.statemachine.data.caching.enabled = true (custom)
2023-05-17 09:09:07,149 [67f04e2a-34cd-4ea0-b74b-c8cb5d6f4ea5-groupManagement] INFO  segmented.SegmentedRaftLogWorker (SegmentedRaftLogWorker.java:lambda$new$0(135)) - 67f04e2a-34cd-4ea0-b74b-c8cb5d6f4ea5@group-1563067D893C-SegmentedRaftLogWorker: flushIndex: setUnconditionally 0 -> -1
2023-05-17 09:09:07,149 [67f04e2a-34cd-4ea0-b74b-c8cb5d6f4ea5-groupManagement] INFO  segmented.SegmentedRaftLogWorker (SegmentedRaftLogWorker.java:lambda$new$0(135)) - 67f04e2a-34cd-4ea0-b74b-c8cb5d6f4ea5@group-1563067D893C-SegmentedRaftLogWorker: safeCacheEvictIndex: setUnconditionally 0 -> -1
2023-05-17 09:09:07,149 [67f04e2a-34cd-4ea0-b74b-c8cb5d6f4ea5-groupManagement] INFO  server.RaftServer$Division (RaftServerImpl.java:start(342)) - 67f04e2a-34cd-4ea0-b74b-c8cb5d6f4ea5@group-1563067D893C: start as a follower, conf=-1: peers:[8889e818-58f8-49f9-ac5f-461eb7b79d1e|rpc:10.1.0.64:15029|admin:10.1.0.64:15028|client:10.1.0.64:15027|dataStream:10.1.0.64:15030|priority:1|startupRole:FOLLOWER, b2525f4f-bdf5-4dd0-b826-cbccdc8ecebe|rpc:10.1.0.64:15021|admin:10.1.0.64:15020|client:10.1.0.64:15019|dataStream:10.1.0.64:15022|priority:0|startupRole:FOLLOWER, 67f04e2a-34cd-4ea0-b74b-c8cb5d6f4ea5|rpc:10.1.0.64:15013|admin:10.1.0.64:15012|client:10.1.0.64:15011|dataStream:10.1.0.64:15014|priority:0|startupRole:FOLLOWER]|listeners:[], old=null
2023-05-17 09:09:07,149 [67f04e2a-34cd-4ea0-b74b-c8cb5d6f4ea5-groupManagement] INFO  server.RaftServer$Division (RaftServerImpl.java:setRole(329)) - 67f04e2a-34cd-4ea0-b74b-c8cb5d6f4ea5@group-1563067D893C: changes role from      null to FOLLOWER at term 0 for startAsFollower
2023-05-17 09:09:07,149 [67f04e2a-34cd-4ea0-b74b-c8cb5d6f4ea5-groupManagement] INFO  impl.RoleInfo (RoleInfo.java:updateAndGet(139)) - 67f04e2a-34cd-4ea0-b74b-c8cb5d6f4ea5: start 67f04e2a-34cd-4ea0-b74b-c8cb5d6f4ea5@group-1563067D893C-FollowerState
2023-05-17 09:09:07,150 [67f04e2a-34cd-4ea0-b74b-c8cb5d6f4ea5-groupManagement] INFO  util.JmxRegister (JmxRegister.java:tryRegister(44)) - Successfully registered JMX Bean with object name Ratis:service=RaftServer,group=group-1563067D893C,id=67f04e2a-34cd-4ea0-b74b-c8cb5d6f4ea5
2023-05-17 09:09:07,150 [67f04e2a-34cd-4ea0-b74b-c8cb5d6f4ea5-groupManagement] INFO  server.RaftServerConfigKeys (ConfUtils.java:logGet(46)) - raft.server.snapshot.auto.trigger.enabled = true (custom)
2023-05-17 09:09:07,150 [67f04e2a-34cd-4ea0-b74b-c8cb5d6f4ea5-groupManagement] INFO  server.RaftServerConfigKeys (ConfUtils.java:logGet(46)) - raft.server.snapshot.auto.trigger.threshold = 10000 (custom)
2023-05-17 09:09:07,150 [67f04e2a-34cd-4ea0-b74b-c8cb5d6f4ea5-groupManagement] INFO  server.RaftServerConfigKeys (ConfUtils.java:logGet(46)) - raft.server.snapshot.retention.file.num = 5 (custom)
2023-05-17 09:09:07,150 [67f04e2a-34cd-4ea0-b74b-c8cb5d6f4ea5-groupManagement] INFO  server.RaftServerConfigKeys (ConfUtils.java:logGet(46)) - raft.server.log.purge.upto.snapshot.index = false (default)
2023-05-17 09:09:07,150 [67f04e2a-34cd-4ea0-b74b-c8cb5d6f4ea5@group-1563067D893C-FollowerState] INFO  server.RaftServerConfigKeys (ConfUtils.java:logFallback(53)) - raft.server.rpc.first-election.timeout.min = 5s (fallback to raft.server.rpc.timeout.min)
2023-05-17 09:09:07,150 [67f04e2a-34cd-4ea0-b74b-c8cb5d6f4ea5@group-1563067D893C-FollowerState] INFO  server.RaftServerConfigKeys (ConfUtils.java:logFallback(53)) - raft.server.rpc.first-election.timeout.max = 5200ms (fallback to raft.server.rpc.timeout.max)
2023-05-17 09:09:07,163 [Command processor thread] INFO  commandhandler.CreatePipelineCommandHandler (CreatePipelineCommandHandler.java:handle(113)) - Created Pipeline RATIS THREE PipelineID=7fc61ef2-e189-43e0-95c9-c26195cfc82b.
2023-05-17 09:09:07,178 [Command processor thread] INFO  server.RaftServer (RaftServerProxy.java:addNew(98)) - 57ed5fd8-a62b-44c8-9c66-83b6d5ca8b16: addNew group-5E59B8286B96:[57ed5fd8-a62b-44c8-9c66-83b6d5ca8b16|rpc:10.1.0.64:15037|admin:10.1.0.64:15036|client:10.1.0.64:15035|dataStream:10.1.0.64:15038|priority:1|startupRole:FOLLOWER] returns group-5E59B8286B96:java.util.concurrent.CompletableFuture@1bcfa16d[Not completed]
2023-05-17 09:09:07,191 [57ed5fd8-a62b-44c8-9c66-83b6d5ca8b16-groupManagement] INFO  server.RaftServer$Division (RaftServerImpl.java:<init>(198)) - 57ed5fd8-a62b-44c8-9c66-83b6d5ca8b16: new RaftServerImpl for group-5E59B8286B96:[57ed5fd8-a62b-44c8-9c66-83b6d5ca8b16|rpc:10.1.0.64:15037|admin:10.1.0.64:15036|client:10.1.0.64:15035|dataStream:10.1.0.64:15038|priority:1|startupRole:FOLLOWER] with ContainerStateMachine:uninitialized
2023-05-17 09:09:07,191 [57ed5fd8-a62b-44c8-9c66-83b6d5ca8b16-groupManagement] INFO  server.RaftServerConfigKeys (ConfUtils.java:logGet(46)) - raft.server.rpc.timeout.min = 5s (custom)
2023-05-17 09:09:07,192 [57ed5fd8-a62b-44c8-9c66-83b6d5ca8b16-groupManagement] INFO  server.RaftServerConfigKeys (ConfUtils.java:logGet(46)) - raft.server.rpc.timeout.max = 5200ms (custom)
2023-05-17 09:09:07,192 [57ed5fd8-a62b-44c8-9c66-83b6d5ca8b16-groupManagement] INFO  server.RaftServerConfigKeys (ConfUtils.java:logGet(46)) - raft.server.rpc.sleep.time = 25ms (default)
2023-05-17 09:09:07,192 [57ed5fd8-a62b-44c8-9c66-83b6d5ca8b16-groupManagement] INFO  server.RaftServerConfigKeys (ConfUtils.java:logGet(46)) - raft.server.rpc.slowness.timeout = 300s (custom)
2023-05-17 09:09:07,192 [57ed5fd8-a62b-44c8-9c66-83b6d5ca8b16-groupManagement] INFO  server.RaftServerConfigKeys (ConfUtils.java:logGet(46)) - raft.server.leaderelection.leader.step-down.wait-time = 10s (default)
2023-05-17 09:09:07,192 [57ed5fd8-a62b-44c8-9c66-83b6d5ca8b16-groupManagement] INFO  server.RaftServerConfigKeys (ConfUtils.java:logGet(46)) - raft.server.sleep.deviation.threshold = 300ms (default)
2023-05-17 09:09:07,192 [57ed5fd8-a62b-44c8-9c66-83b6d5ca8b16-groupManagement] INFO  server.RaftServer$Division (ServerState.java:<init>(120)) - 57ed5fd8-a62b-44c8-9c66-83b6d5ca8b16@group-5E59B8286B96: ConfigurationManager, init=-1: peers:[57ed5fd8-a62b-44c8-9c66-83b6d5ca8b16|rpc:10.1.0.64:15037|admin:10.1.0.64:15036|client:10.1.0.64:15035|dataStream:10.1.0.64:15038|priority:1|startupRole:FOLLOWER]|listeners:[], old=null, confs=<EMPTY_MAP>
2023-05-17 09:09:07,192 [57ed5fd8-a62b-44c8-9c66-83b6d5ca8b16-groupManagement] INFO  server.RaftServerConfigKeys (ConfUtils.java:logGet(46)) - raft.server.storage.dir = [/home/runner/work/ozone/ozone/hadoop-ozone/integration-test/target/test-dir/MiniOzoneClusterImpl-21d14123-a168-44a2-bc0a-ee93e32dcc9b/datanode-3/data/ratis] (custom)
2023-05-17 09:09:07,192 [57ed5fd8-a62b-44c8-9c66-83b6d5ca8b16-groupManagement] INFO  server.RaftServerConfigKeys (ConfUtils.java:logGet(46)) - raft.server.log.corruption.policy = EXCEPTION (default)
2023-05-17 09:09:07,192 [57ed5fd8-a62b-44c8-9c66-83b6d5ca8b16-groupManagement] INFO  server.RaftServerConfigKeys (ConfUtils.java:logGet(46)) - raft.server.storage.free-space.min = 0MB (=0) (default)
2023-05-17 09:09:07,192 [57ed5fd8-a62b-44c8-9c66-83b6d5ca8b16-groupManagement] INFO  server.RaftServerConfigKeys (ConfUtils.java:logGet(46)) - raft.server.notification.no-leader.timeout = 300s (custom)
2023-05-17 09:09:07,192 [57ed5fd8-a62b-44c8-9c66-83b6d5ca8b16-groupManagement] INFO  server.RaftServerConfigKeys (ConfUtils.java:logGet(46)) - raft.server.read.timeout = 10s (default)
2023-05-17 09:09:07,192 [57ed5fd8-a62b-44c8-9c66-83b6d5ca8b16-groupManagement] INFO  server.RaftServerConfigKeys (ConfUtils.java:logGet(46)) - raft.server.retrycache.expirytime = 600000ms (custom)
2023-05-17 09:09:07,192 [57ed5fd8-a62b-44c8-9c66-83b6d5ca8b16-groupManagement] INFO  server.RaftServerConfigKeys (ConfUtils.java:logGet(46)) - raft.server.retrycache.statistics.expirytime = 100μs (default)
2023-05-17 09:09:07,192 [57ed5fd8-a62b-44c8-9c66-83b6d5ca8b16-groupManagement] INFO  server.RaftServerConfigKeys (ConfUtils.java:logGet(46)) - raft.server.read.option = DEFAULT (default)
2023-05-17 09:09:07,203 [grpc-default-executor-1] INFO  server.RaftServer (RaftServerProxy.java:addNew(98)) - b2525f4f-bdf5-4dd0-b826-cbccdc8ecebe: addNew group-1563067D893C:[8889e818-58f8-49f9-ac5f-461eb7b79d1e|rpc:10.1.0.64:15029|admin:10.1.0.64:15028|client:10.1.0.64:15027|dataStream:10.1.0.64:15030|priority:1|startupRole:FOLLOWER, b2525f4f-bdf5-4dd0-b826-cbccdc8ecebe|rpc:10.1.0.64:15021|admin:10.1.0.64:15020|client:10.1.0.64:15019|dataStream:10.1.0.64:15022|priority:0|startupRole:FOLLOWER, 67f04e2a-34cd-4ea0-b74b-c8cb5d6f4ea5|rpc:10.1.0.64:15013|admin:10.1.0.64:15012|client:10.1.0.64:15011|dataStream:10.1.0.64:15014|priority:0|startupRole:FOLLOWER] returns group-1563067D893C:java.util.concurrent.CompletableFuture@764a19bc[Not completed]
2023-05-17 09:09:07,203 [57ed5fd8-a62b-44c8-9c66-83b6d5ca8b16-groupManagement] INFO  server.RaftServerConfigKeys (ConfUtils.java:logGet(46)) - raft.server.rpc.request.timeout = 60s (custom)
2023-05-17 09:09:07,203 [57ed5fd8-a62b-44c8-9c66-83b6d5ca8b16-groupManagement] INFO  server.RaftServerConfigKeys (ConfUtils.java:logGet(46)) - raft.server.log.appender.install.snapshot.enabled = false (custom)
2023-05-17 09:09:07,203 [57ed5fd8-a62b-44c8-9c66-83b6d5ca8b16-groupManagement] INFO  server.RaftServerConfigKeys (ConfUtils.java:logGet(46)) - raft.server.threadpool.server.cached = true (default)
2023-05-17 09:09:07,203 [57ed5fd8-a62b-44c8-9c66-83b6d5ca8b16-groupManagement] INFO  server.RaftServerConfigKeys (ConfUtils.java:logGet(46)) - raft.server.threadpool.server.size = 0 (default)
2023-05-17 09:09:07,204 [57ed5fd8-a62b-44c8-9c66-83b6d5ca8b16-groupManagement] INFO  server.RaftServerConfigKeys (ConfUtils.java:logGet(46)) - raft.server.threadpool.client.cached = true (default)
2023-05-17 09:09:07,204 [57ed5fd8-a62b-44c8-9c66-83b6d5ca8b16-groupManagement] INFO  server.RaftServerConfigKeys (ConfUtils.java:logGet(46)) - raft.server.threadpool.client.size = 0 (default)
2023-05-17 09:09:07,204 [57ed5fd8-a62b-44c8-9c66-83b6d5ca8b16-groupManagement] INFO  storage.RaftStorageDirectory (RaftStorageDirectoryImpl.java:analyzeStorage(137)) - The storage directory /home/runner/work/ozone/ozone/hadoop-ozone/integration-test/target/test-dir/MiniOzoneClusterImpl-21d14123-a168-44a2-bc0a-ee93e32dcc9b/datanode-3/data/ratis/96e9a40c-93a0-405d-a024-5e59b8286b96 does not exist. Creating ...
2023-05-17 09:09:07,205 [57ed5fd8-a62b-44c8-9c66-83b6d5ca8b16-groupManagement] INFO  storage.RaftStorageDirectory (RaftStorageDirectoryImpl.java:tryLock(231)) - Lock on /home/runner/work/ozone/ozone/hadoop-ozone/integration-test/target/test-dir/MiniOzoneClusterImpl-21d14123-a168-44a2-bc0a-ee93e32dcc9b/datanode-3/data/ratis/96e9a40c-93a0-405d-a024-5e59b8286b96/in_use.lock acquired by nodename 2768@fv-az41-747
2023-05-17 09:09:07,206 [57ed5fd8-a62b-44c8-9c66-83b6d5ca8b16-groupManagement] INFO  storage.RaftStorage (RaftStorageImpl.java:format(96)) - Storage directory /home/runner/work/ozone/ozone/hadoop-ozone/integration-test/target/test-dir/MiniOzoneClusterImpl-21d14123-a168-44a2-bc0a-ee93e32dcc9b/datanode-3/data/ratis/96e9a40c-93a0-405d-a024-5e59b8286b96 has been successfully formatted.
2023-05-17 09:09:07,207 [57ed5fd8-a62b-44c8-9c66-83b6d5ca8b16-groupManagement] INFO  ratis.ContainerStateMachine (ContainerStateMachine.java:loadSnapshot(262)) - group-5E59B8286B96: The snapshot info is null. Setting the last applied indexto:(t:0, i:~)
2023-05-17 09:09:07,207 [57ed5fd8-a62b-44c8-9c66-83b6d5ca8b16-groupManagement] INFO  server.RaftServerConfigKeys (ConfUtils.java:logGet(46)) - raft.server.log.use.memory = false (default)
2023-05-17 09:09:07,208 [57ed5fd8-a62b-44c8-9c66-83b6d5ca8b16-groupManagement] INFO  server.RaftServerConfigKeys (ConfUtils.java:logGet(46)) - raft.server.log.purge.gap = 1000000 (custom)
2023-05-17 09:09:07,208 [57ed5fd8-a62b-44c8-9c66-83b6d5ca8b16-groupManagement] INFO  server.RaftServerConfigKeys (ConfUtils.java:logGet(46)) - raft.server.log.appender.buffer.byte-limit = 33554432 (custom)
2023-05-17 09:09:07,208 [57ed5fd8-a62b-44c8-9c66-83b6d5ca8b16-groupManagement] INFO  server.RaftServerConfigKeys (ConfUtils.java:logGet(46)) - raft.server.log.statemachine.data.read.timeout = 1000ms (default)
2023-05-17 09:09:07,208 [57ed5fd8-a62b-44c8-9c66-83b6d5ca8b16-groupManagement] INFO  server.RaftServerConfigKeys (ConfUtils.java:logGet(46)) - raft.server.log.purge.preservation.log.num = 0 (default)
2023-05-17 09:09:07,208 [57ed5fd8-a62b-44c8-9c66-83b6d5ca8b16-groupManagement] INFO  server.RaftServerConfigKeys (ConfUtils.java:logGet(46)) - raft.server.log.segment.size.max = 1048576 (custom)
2023-05-17 09:09:07,210 [EventQueue-PipelineReportForPipelineReportHandler] INFO  pipeline.PipelineManagerImpl (PipelineManagerImpl.java:openPipeline(367)) - Pipeline Pipeline[ Id: 96e9a40c-93a0-405d-a024-5e59b8286b96, Nodes: 57ed5fd8-a62b-44c8-9c66-83b6d5ca8b16(fv-az41-747.zje5jq5y5x4uznwvdkgxk4wc2h.cx.internal.cloudapp.net/10.1.0.64), ReplicationConfig: RATIS/ONE, State:ALLOCATED, leaderId:57ed5fd8-a62b-44c8-9c66-83b6d5ca8b16, CreationTimestamp2023-05-17T09:09:04.173Z[Etc/UTC]] moved to OPEN state
2023-05-17 09:09:07,210 [EventQueue-OpenPipelineForHealthyPipelineSafeModeRule] INFO  safemode.SCMSafeModeManager (HealthyPipelineSafeModeRule.java:process(137)) - SCM in safe mode. Healthy pipelines reported count is 0, required healthy pipeline reported count is 1
2023-05-17 09:09:07,211 [b2525f4f-bdf5-4dd0-b826-cbccdc8ecebe-groupManagement] INFO  server.RaftServer$Division (RaftServerImpl.java:<init>(198)) - b2525f4f-bdf5-4dd0-b826-cbccdc8ecebe: new RaftServerImpl for group-1563067D893C:[8889e818-58f8-49f9-ac5f-461eb7b79d1e|rpc:10.1.0.64:15029|admin:10.1.0.64:15028|client:10.1.0.64:15027|dataStream:10.1.0.64:15030|priority:1|startupRole:FOLLOWER, b2525f4f-bdf5-4dd0-b826-cbccdc8ecebe|rpc:10.1.0.64:15021|admin:10.1.0.64:15020|client:10.1.0.64:15019|dataStream:10.1.0.64:15022|priority:0|startupRole:FOLLOWER, 67f04e2a-34cd-4ea0-b74b-c8cb5d6f4ea5|rpc:10.1.0.64:15013|admin:10.1.0.64:15012|client:10.1.0.64:15011|dataStream:10.1.0.64:15014|priority:0|startupRole:FOLLOWER] with ContainerStateMachine:uninitialized
2023-05-17 09:09:07,211 [57ed5fd8-a62b-44c8-9c66-83b6d5ca8b16-groupManagement] INFO  server.RaftServerConfigKeys (ConfUtils.java:logGet(46)) - raft.server.log.segment.cache.num.max = 2 (custom)
2023-05-17 09:09:07,211 [57ed5fd8-a62b-44c8-9c66-83b6d5ca8b16-groupManagement] INFO  server.RaftServerConfigKeys (ConfUtils.java:logGet(46)) - raft.server.log.segment.cache.size.max = 200MB (=209715200) (default)
2023-05-17 09:09:07,211 [57ed5fd8-a62b-44c8-9c66-83b6d5ca8b16-groupManagement] INFO  server.RaftServerConfigKeys (ConfUtils.java:logGet(46)) - raft.server.log.appender.buffer.byte-limit = 33554432 (custom)
2023-05-17 09:09:07,211 [57ed5fd8-a62b-44c8-9c66-83b6d5ca8b16-groupManagement] INFO  segmented.SegmentedRaftLogWorker (SegmentedRaftLogWorker.java:<init>(188)) - new 57ed5fd8-a62b-44c8-9c66-83b6d5ca8b16@group-5E59B8286B96-SegmentedRaftLogWorker for RaftStorageImpl:Storage Directory /home/runner/work/ozone/ozone/hadoop-ozone/integration-test/target/test-dir/MiniOzoneClusterImpl-21d14123-a168-44a2-bc0a-ee93e32dcc9b/datanode-3/data/ratis/96e9a40c-93a0-405d-a024-5e59b8286b96
2023-05-17 09:09:07,211 [57ed5fd8-a62b-44c8-9c66-83b6d5ca8b16-groupManagement] INFO  server.RaftServerConfigKeys (ConfUtils.java:logGet(46)) - raft.server.log.queue.byte-limit = 4294967296 (custom)
2023-05-17 09:09:07,211 [57ed5fd8-a62b-44c8-9c66-83b6d5ca8b16-groupManagement] INFO  server.RaftServerConfigKeys (ConfUtils.java:logGet(46)) - raft.server.log.queue.element-limit = 1024 (custom)
2023-05-17 09:09:07,211 [57ed5fd8-a62b-44c8-9c66-83b6d5ca8b16-groupManagement] INFO  server.RaftServerConfigKeys (ConfUtils.java:logGet(46)) - raft.server.log.segment.size.max = 1048576 (custom)
2023-05-17 09:09:07,211 [57ed5fd8-a62b-44c8-9c66-83b6d5ca8b16-groupManagement] INFO  server.RaftServerConfigKeys (ConfUtils.java:logGet(46)) - raft.server.log.preallocated.size = 16384 (custom)
2023-05-17 09:09:07,211 [57ed5fd8-a62b-44c8-9c66-83b6d5ca8b16-groupManagement] INFO  server.RaftServerConfigKeys (ConfUtils.java:logGet(46)) - raft.server.log.force.sync.num = 128 (default)
2023-05-17 09:09:07,211 [57ed5fd8-a62b-44c8-9c66-83b6d5ca8b16-groupManagement] INFO  server.RaftServerConfigKeys (ConfUtils.java:logGet(46)) - raft.server.log.statemachine.data.sync = true (default)
2023-05-17 09:09:07,211 [57ed5fd8-a62b-44c8-9c66-83b6d5ca8b16-groupManagement] INFO  server.RaftServerConfigKeys (ConfUtils.java:logGet(46)) - raft.server.log.statemachine.data.sync.timeout = 10s (default)
2023-05-17 09:09:07,211 [57ed5fd8-a62b-44c8-9c66-83b6d5ca8b16-groupManagement] INFO  server.RaftServerConfigKeys (ConfUtils.java:logGet(46)) - raft.server.log.statemachine.data.sync.timeout.retry = -1 (default)
2023-05-17 09:09:07,212 [57ed5fd8-a62b-44c8-9c66-83b6d5ca8b16-groupManagement] INFO  server.RaftServerConfigKeys (ConfUtils.java:logGet(46)) - raft.server.log.write.buffer.size = 1048576 (custom)
2023-05-17 09:09:07,211 [b2525f4f-bdf5-4dd0-b826-cbccdc8ecebe-groupManagement] INFO  server.RaftServerConfigKeys (ConfUtils.java:logGet(46)) - raft.server.rpc.timeout.min = 5s (custom)
2023-05-17 09:09:07,213 [b2525f4f-bdf5-4dd0-b826-cbccdc8ecebe-groupManagement] INFO  server.RaftServerConfigKeys (ConfUtils.java:logGet(46)) - raft.server.rpc.timeout.max = 5200ms (custom)
2023-05-17 09:09:07,213 [b2525f4f-bdf5-4dd0-b826-cbccdc8ecebe-groupManagement] INFO  server.RaftServerConfigKeys (ConfUtils.java:logGet(46)) - raft.server.rpc.sleep.time = 25ms (default)
2023-05-17 09:09:07,213 [b2525f4f-bdf5-4dd0-b826-cbccdc8ecebe-groupManagement] INFO  server.RaftServerConfigKeys (ConfUtils.java:logGet(46)) - raft.server.rpc.slowness.timeout = 300s (custom)
2023-05-17 09:09:07,213 [b2525f4f-bdf5-4dd0-b826-cbccdc8ecebe-groupManagement] INFO  server.RaftServerConfigKeys (ConfUtils.java:logGet(46)) - raft.server.leaderelection.leader.step-down.wait-time = 10s (default)
2023-05-17 09:09:07,213 [57ed5fd8-a62b-44c8-9c66-83b6d5ca8b16-groupManagement] INFO  server.RaftServerConfigKeys (ConfUtils.java:logGet(46)) - raft.server.log.appender.buffer.byte-limit = 33554432 (custom)
2023-05-17 09:09:07,213 [b2525f4f-bdf5-4dd0-b826-cbccdc8ecebe-groupManagement] INFO  server.RaftServerConfigKeys (ConfUtils.java:logGet(46)) - raft.server.sleep.deviation.threshold = 300ms (default)
2023-05-17 09:09:07,213 [b2525f4f-bdf5-4dd0-b826-cbccdc8ecebe-groupManagement] INFO  server.RaftServer$Division (ServerState.java:<init>(120)) - b2525f4f-bdf5-4dd0-b826-cbccdc8ecebe@group-1563067D893C: ConfigurationManager, init=-1: peers:[8889e818-58f8-49f9-ac5f-461eb7b79d1e|rpc:10.1.0.64:15029|admin:10.1.0.64:15028|client:10.1.0.64:15027|dataStream:10.1.0.64:15030|priority:1|startupRole:FOLLOWER, b2525f4f-bdf5-4dd0-b826-cbccdc8ecebe|rpc:10.1.0.64:15021|admin:10.1.0.64:15020|client:10.1.0.64:15019|dataStream:10.1.0.64:15022|priority:0|startupRole:FOLLOWER, 67f04e2a-34cd-4ea0-b74b-c8cb5d6f4ea5|rpc:10.1.0.64:15013|admin:10.1.0.64:15012|client:10.1.0.64:15011|dataStream:10.1.0.64:15014|priority:0|startupRole:FOLLOWER]|listeners:[], old=null, confs=<EMPTY_MAP>
2023-05-17 09:09:07,213 [b2525f4f-bdf5-4dd0-b826-cbccdc8ecebe-groupManagement] INFO  server.RaftServerConfigKeys (ConfUtils.java:logGet(46)) - raft.server.storage.dir = [/home/runner/work/ozone/ozone/hadoop-ozone/integration-test/target/test-dir/MiniOzoneClusterImpl-21d14123-a168-44a2-bc0a-ee93e32dcc9b/datanode-1/data/ratis] (custom)
2023-05-17 09:09:07,213 [b2525f4f-bdf5-4dd0-b826-cbccdc8ecebe-groupManagement] INFO  server.RaftServerConfigKeys (ConfUtils.java:logGet(46)) - raft.server.log.corruption.policy = EXCEPTION (default)
2023-05-17 09:09:07,213 [b2525f4f-bdf5-4dd0-b826-cbccdc8ecebe-groupManagement] INFO  server.RaftServerConfigKeys (ConfUtils.java:logGet(46)) - raft.server.storage.free-space.min = 0MB (=0) (default)
2023-05-17 09:09:07,214 [b2525f4f-bdf5-4dd0-b826-cbccdc8ecebe-groupManagement] INFO  server.RaftServerConfigKeys (ConfUtils.java:logGet(46)) - raft.server.notification.no-leader.timeout = 300s (custom)
2023-05-17 09:09:07,214 [b2525f4f-bdf5-4dd0-b826-cbccdc8ecebe-groupManagement] INFO  server.RaftServerConfigKeys (ConfUtils.java:logGet(46)) - raft.server.read.timeout = 10s (default)
2023-05-17 09:09:07,214 [b2525f4f-bdf5-4dd0-b826-cbccdc8ecebe-groupManagement] INFO  server.RaftServerConfigKeys (ConfUtils.java:logGet(46)) - raft.server.retrycache.expirytime = 600000ms (custom)
2023-05-17 09:09:07,214 [b2525f4f-bdf5-4dd0-b826-cbccdc8ecebe-groupManagement] INFO  server.RaftServerConfigKeys (ConfUtils.java:logGet(46)) - raft.server.retrycache.statistics.expirytime = 100μs (default)
2023-05-17 09:09:07,214 [b2525f4f-bdf5-4dd0-b826-cbccdc8ecebe-groupManagement] INFO  server.RaftServerConfigKeys (ConfUtils.java:logGet(46)) - raft.server.read.option = DEFAULT (default)
2023-05-17 09:09:07,215 [b2525f4f-bdf5-4dd0-b826-cbccdc8ecebe-groupManagement] INFO  server.RaftServerConfigKeys (ConfUtils.java:logGet(46)) - raft.server.rpc.request.timeout = 60s (custom)
2023-05-17 09:09:07,215 [b2525f4f-bdf5-4dd0-b826-cbccdc8ecebe-groupManagement] INFO  server.RaftServerConfigKeys (ConfUtils.java:logGet(46)) - raft.server.log.appender.install.snapshot.enabled = false (custom)
2023-05-17 09:09:07,215 [b2525f4f-bdf5-4dd0-b826-cbccdc8ecebe-groupManagement] INFO  server.RaftServerConfigKeys (ConfUtils.java:logGet(46)) - raft.server.threadpool.server.cached = true (default)
2023-05-17 09:09:07,215 [b2525f4f-bdf5-4dd0-b826-cbccdc8ecebe-groupManagement] INFO  server.RaftServerConfigKeys (ConfUtils.java:logGet(46)) - raft.server.threadpool.server.size = 0 (default)
2023-05-17 09:09:07,215 [b2525f4f-bdf5-4dd0-b826-cbccdc8ecebe-groupManagement] INFO  server.RaftServerConfigKeys (ConfUtils.java:logGet(46)) - raft.server.threadpool.client.cached = true (default)
2023-05-17 09:09:07,215 [b2525f4f-bdf5-4dd0-b826-cbccdc8ecebe-groupManagement] INFO  server.RaftServerConfigKeys (ConfUtils.java:logGet(46)) - raft.server.threadpool.client.size = 0 (default)
2023-05-17 09:09:07,216 [b2525f4f-bdf5-4dd0-b826-cbccdc8ecebe-groupManagement] INFO  storage.RaftStorageDirectory (RaftStorageDirectoryImpl.java:analyzeStorage(137)) - The storage directory /home/runner/work/ozone/ozone/hadoop-ozone/integration-test/target/test-dir/MiniOzoneClusterImpl-21d14123-a168-44a2-bc0a-ee93e32dcc9b/datanode-1/data/ratis/013071ba-bc44-452e-b620-1563067d893c does not exist. Creating ...
2023-05-17 09:09:07,218 [57ed5fd8-a62b-44c8-9c66-83b6d5ca8b16-groupManagement] INFO  server.RaftServerConfigKeys (ConfUtils.java:logGet(46)) - raft.server.log.unsafe-flush.enabled = false (default)
2023-05-17 09:09:07,218 [57ed5fd8-a62b-44c8-9c66-83b6d5ca8b16-groupManagement] INFO  server.RaftServerConfigKeys (ConfUtils.java:logGet(46)) - raft.server.log.async-flush.enabled = false (default)
2023-05-17 09:09:07,218 [57ed5fd8-a62b-44c8-9c66-83b6d5ca8b16-groupManagement] INFO  server.RaftServerConfigKeys (ConfUtils.java:logGet(46)) - raft.server.log.statemachine.data.caching.enabled = true (custom)
2023-05-17 09:09:07,218 [57ed5fd8-a62b-44c8-9c66-83b6d5ca8b16-groupManagement] INFO  segmented.SegmentedRaftLogWorker (SegmentedRaftLogWorker.java:lambda$new$0(135)) - 57ed5fd8-a62b-44c8-9c66-83b6d5ca8b16@group-5E59B8286B96-SegmentedRaftLogWorker: flushIndex: setUnconditionally 0 -> -1
2023-05-17 09:09:07,218 [57ed5fd8-a62b-44c8-9c66-83b6d5ca8b16-groupManagement] INFO  segmented.SegmentedRaftLogWorker (SegmentedRaftLogWorker.java:lambda$new$0(135)) - 57ed5fd8-a62b-44c8-9c66-83b6d5ca8b16@group-5E59B8286B96-SegmentedRaftLogWorker: safeCacheEvictIndex: setUnconditionally 0 -> -1
2023-05-17 09:09:07,218 [57ed5fd8-a62b-44c8-9c66-83b6d5ca8b16-groupManagement] INFO  server.RaftServer$Division (RaftServerImpl.java:start(342)) - 57ed5fd8-a62b-44c8-9c66-83b6d5ca8b16@group-5E59B8286B96: start as a follower, conf=-1: peers:[57ed5fd8-a62b-44c8-9c66-83b6d5ca8b16|rpc:10.1.0.64:15037|admin:10.1.0.64:15036|client:10.1.0.64:15035|dataStream:10.1.0.64:15038|priority:1|startupRole:FOLLOWER]|listeners:[], old=null
2023-05-17 09:09:07,218 [57ed5fd8-a62b-44c8-9c66-83b6d5ca8b16-groupManagement] INFO  server.RaftServer$Division (RaftServerImpl.java:setRole(329)) - 57ed5fd8-a62b-44c8-9c66-83b6d5ca8b16@group-5E59B8286B96: changes role from      null to FOLLOWER at term 0 for startAsFollower
2023-05-17 09:09:07,218 [57ed5fd8-a62b-44c8-9c66-83b6d5ca8b16-groupManagement] INFO  impl.RoleInfo (RoleInfo.java:updateAndGet(139)) - 57ed5fd8-a62b-44c8-9c66-83b6d5ca8b16: start 57ed5fd8-a62b-44c8-9c66-83b6d5ca8b16@group-5E59B8286B96-FollowerState
2023-05-17 09:09:07,219 [57ed5fd8-a62b-44c8-9c66-83b6d5ca8b16-groupManagement] INFO  util.JmxRegister (JmxRegister.java:tryRegister(44)) - Successfully registered JMX Bean with object name Ratis:service=RaftServer,group=group-5E59B8286B96,id=57ed5fd8-a62b-44c8-9c66-83b6d5ca8b16
2023-05-17 09:09:07,219 [57ed5fd8-a62b-44c8-9c66-83b6d5ca8b16-groupManagement] INFO  server.RaftServerConfigKeys (ConfUtils.java:logGet(46)) - raft.server.snapshot.auto.trigger.enabled = true (custom)
2023-05-17 09:09:07,219 [57ed5fd8-a62b-44c8-9c66-83b6d5ca8b16-groupManagement] INFO  server.RaftServerConfigKeys (ConfUtils.java:logGet(46)) - raft.server.snapshot.auto.trigger.threshold = 10000 (custom)
2023-05-17 09:09:07,219 [57ed5fd8-a62b-44c8-9c66-83b6d5ca8b16-groupManagement] INFO  server.RaftServerConfigKeys (ConfUtils.java:logGet(46)) - raft.server.snapshot.retention.file.num = 5 (custom)
2023-05-17 09:09:07,219 [57ed5fd8-a62b-44c8-9c66-83b6d5ca8b16-groupManagement] INFO  server.RaftServerConfigKeys (ConfUtils.java:logGet(46)) - raft.server.log.purge.upto.snapshot.index = false (default)
2023-05-17 09:09:07,220 [57ed5fd8-a62b-44c8-9c66-83b6d5ca8b16@group-5E59B8286B96-FollowerState] INFO  server.RaftServerConfigKeys (ConfUtils.java:logFallback(53)) - raft.server.rpc.first-election.timeout.min = 5s (fallback to raft.server.rpc.timeout.min)
2023-05-17 09:09:07,220 [b2525f4f-bdf5-4dd0-b826-cbccdc8ecebe-groupManagement] INFO  storage.RaftStorageDirectory (RaftStorageDirectoryImpl.java:tryLock(231)) - Lock on /home/runner/work/ozone/ozone/hadoop-ozone/integration-test/target/test-dir/MiniOzoneClusterImpl-21d14123-a168-44a2-bc0a-ee93e32dcc9b/datanode-1/data/ratis/013071ba-bc44-452e-b620-1563067d893c/in_use.lock acquired by nodename 2768@fv-az41-747
2023-05-17 09:09:07,220 [57ed5fd8-a62b-44c8-9c66-83b6d5ca8b16@group-5E59B8286B96-FollowerState] INFO  server.RaftServerConfigKeys (ConfUtils.java:logFallback(53)) - raft.server.rpc.first-election.timeout.max = 5200ms (fallback to raft.server.rpc.timeout.max)
2023-05-17 09:09:07,221 [b2525f4f-bdf5-4dd0-b826-cbccdc8ecebe-groupManagement] INFO  storage.RaftStorage (RaftStorageImpl.java:format(96)) - Storage directory /home/runner/work/ozone/ozone/hadoop-ozone/integration-test/target/test-dir/MiniOzoneClusterImpl-21d14123-a168-44a2-bc0a-ee93e32dcc9b/datanode-1/data/ratis/013071ba-bc44-452e-b620-1563067d893c has been successfully formatted.
2023-05-17 09:09:07,223 [Command processor thread] INFO  ratis.XceiverServerRatis (XceiverServerRatis.java:addGroup(806)) - Created group PipelineID=96e9a40c-93a0-405d-a024-5e59b8286b96
2023-05-17 09:09:07,223 [Command processor thread] INFO  commandhandler.CreatePipelineCommandHandler (CreatePipelineCommandHandler.java:handle(113)) - Created Pipeline RATIS ONE PipelineID=96e9a40c-93a0-405d-a024-5e59b8286b96.
2023-05-17 09:09:07,223 [Command processor thread] INFO  server.RaftServer (RaftServerProxy.java:addNew(98)) - 57ed5fd8-a62b-44c8-9c66-83b6d5ca8b16: addNew group-2EE872F2B0F0:[b2b5d537-374d-472d-b9f1-d9543cb70a6b|rpc:10.1.0.64:15053|admin:10.1.0.64:15052|client:10.1.0.64:15051|dataStream:10.1.0.64:15054|priority:0|startupRole:FOLLOWER, b98521b2-5644-4aab-8244-d2e66a88cd45|rpc:10.1.0.64:15045|admin:10.1.0.64:15044|client:10.1.0.64:15043|dataStream:10.1.0.64:15046|priority:1|startupRole:FOLLOWER, 57ed5fd8-a62b-44c8-9c66-83b6d5ca8b16|rpc:10.1.0.64:15037|admin:10.1.0.64:15036|client:10.1.0.64:15035|dataStream:10.1.0.64:15038|priority:0|startupRole:FOLLOWER] returns group-2EE872F2B0F0:java.util.concurrent.CompletableFuture@1ff036cc[Not completed]
2023-05-17 09:09:07,224 [57ed5fd8-a62b-44c8-9c66-83b6d5ca8b16-groupManagement] INFO  server.RaftServer$Division (RaftServerImpl.java:<init>(198)) - 57ed5fd8-a62b-44c8-9c66-83b6d5ca8b16: new RaftServerImpl for group-2EE872F2B0F0:[b2b5d537-374d-472d-b9f1-d9543cb70a6b|rpc:10.1.0.64:15053|admin:10.1.0.64:15052|client:10.1.0.64:15051|dataStream:10.1.0.64:15054|priority:0|startupRole:FOLLOWER, b98521b2-5644-4aab-8244-d2e66a88cd45|rpc:10.1.0.64:15045|admin:10.1.0.64:15044|client:10.1.0.64:15043|dataStream:10.1.0.64:15046|priority:1|startupRole:FOLLOWER, 57ed5fd8-a62b-44c8-9c66-83b6d5ca8b16|rpc:10.1.0.64:15037|admin:10.1.0.64:15036|client:10.1.0.64:15035|dataStream:10.1.0.64:15038|priority:0|startupRole:FOLLOWER] with ContainerStateMachine:uninitialized
2023-05-17 09:09:07,224 [57ed5fd8-a62b-44c8-9c66-83b6d5ca8b16-groupManagement] INFO  server.RaftServerConfigKeys (ConfUtils.java:logGet(46)) - raft.server.rpc.timeout.min = 5s (custom)
2023-05-17 09:09:07,224 [57ed5fd8-a62b-44c8-9c66-83b6d5ca8b16-groupManagement] INFO  server.RaftServerConfigKeys (ConfUtils.java:logGet(46)) - raft.server.rpc.timeout.max = 5200ms (custom)
2023-05-17 09:09:07,224 [57ed5fd8-a62b-44c8-9c66-83b6d5ca8b16-groupManagement] INFO  server.RaftServerConfigKeys (ConfUtils.java:logGet(46)) - raft.server.rpc.sleep.time = 25ms (default)
2023-05-17 09:09:07,224 [57ed5fd8-a62b-44c8-9c66-83b6d5ca8b16-groupManagement] INFO  server.RaftServerConfigKeys (ConfUtils.java:logGet(46)) - raft.server.rpc.slowness.timeout = 300s (custom)
2023-05-17 09:09:07,224 [57ed5fd8-a62b-44c8-9c66-83b6d5ca8b16-groupManagement] INFO  server.RaftServerConfigKeys (ConfUtils.java:logGet(46)) - raft.server.leaderelection.leader.step-down.wait-time = 10s (default)
2023-05-17 09:09:07,224 [57ed5fd8-a62b-44c8-9c66-83b6d5ca8b16-groupManagement] INFO  server.RaftServerConfigKeys (ConfUtils.java:logGet(46)) - raft.server.sleep.deviation.threshold = 300ms (default)
2023-05-17 09:09:07,224 [57ed5fd8-a62b-44c8-9c66-83b6d5ca8b16-groupManagement] INFO  server.RaftServer$Division (ServerState.java:<init>(120)) - 57ed5fd8-a62b-44c8-9c66-83b6d5ca8b16@group-2EE872F2B0F0: ConfigurationManager, init=-1: peers:[b2b5d537-374d-472d-b9f1-d9543cb70a6b|rpc:10.1.0.64:15053|admin:10.1.0.64:15052|client:10.1.0.64:15051|dataStream:10.1.0.64:15054|priority:0|startupRole:FOLLOWER, b98521b2-5644-4aab-8244-d2e66a88cd45|rpc:10.1.0.64:15045|admin:10.1.0.64:15044|client:10.1.0.64:15043|dataStream:10.1.0.64:15046|priority:1|startupRole:FOLLOWER, 57ed5fd8-a62b-44c8-9c66-83b6d5ca8b16|rpc:10.1.0.64:15037|admin:10.1.0.64:15036|client:10.1.0.64:15035|dataStream:10.1.0.64:15038|priority:0|startupRole:FOLLOWER]|listeners:[], old=null, confs=<EMPTY_MAP>
2023-05-17 09:09:07,224 [57ed5fd8-a62b-44c8-9c66-83b6d5ca8b16-groupManagement] INFO  server.RaftServerConfigKeys (ConfUtils.java:logGet(46)) - raft.server.storage.dir = [/home/runner/work/ozone/ozone/hadoop-ozone/integration-test/target/test-dir/MiniOzoneClusterImpl-21d14123-a168-44a2-bc0a-ee93e32dcc9b/datanode-3/data/ratis] (custom)
2023-05-17 09:09:07,225 [57ed5fd8-a62b-44c8-9c66-83b6d5ca8b16-groupManagement] INFO  server.RaftServerConfigKeys (ConfUtils.java:logGet(46)) - raft.server.log.corruption.policy = EXCEPTION (default)
2023-05-17 09:09:07,225 [57ed5fd8-a62b-44c8-9c66-83b6d5ca8b16-groupManagement] INFO  server.RaftServerConfigKeys (ConfUtils.java:logGet(46)) - raft.server.storage.free-space.min = 0MB (=0) (default)
2023-05-17 09:09:07,227 [b2525f4f-bdf5-4dd0-b826-cbccdc8ecebe-groupManagement] INFO  ratis.ContainerStateMachine (ContainerStateMachine.java:loadSnapshot(262)) - group-1563067D893C: The snapshot info is null. Setting the last applied indexto:(t:0, i:~)
2023-05-17 09:09:07,228 [b2525f4f-bdf5-4dd0-b826-cbccdc8ecebe-groupManagement] INFO  server.RaftServerConfigKeys (ConfUtils.java:logGet(46)) - raft.server.log.use.memory = false (default)
2023-05-17 09:09:07,228 [b2525f4f-bdf5-4dd0-b826-cbccdc8ecebe-groupManagement] INFO  server.RaftServerConfigKeys (ConfUtils.java:logGet(46)) - raft.server.log.purge.gap = 1000000 (custom)
2023-05-17 09:09:07,228 [b2525f4f-bdf5-4dd0-b826-cbccdc8ecebe-groupManagement] INFO  server.RaftServerConfigKeys (ConfUtils.java:logGet(46)) - raft.server.log.appender.buffer.byte-limit = 33554432 (custom)
2023-05-17 09:09:07,228 [b2525f4f-bdf5-4dd0-b826-cbccdc8ecebe-groupManagement] INFO  server.RaftServerConfigKeys (ConfUtils.java:logGet(46)) - raft.server.log.statemachine.data.read.timeout = 1000ms (default)
2023-05-17 09:09:07,228 [b2525f4f-bdf5-4dd0-b826-cbccdc8ecebe-groupManagement] INFO  server.RaftServerConfigKeys (ConfUtils.java:logGet(46)) - raft.server.log.purge.preservation.log.num = 0 (default)
2023-05-17 09:09:07,229 [b2525f4f-bdf5-4dd0-b826-cbccdc8ecebe-groupManagement] INFO  server.RaftServerConfigKeys (ConfUtils.java:logGet(46)) - raft.server.log.segment.size.max = 1048576 (custom)
2023-05-17 09:09:07,228 [EventQueue-OpenPipelineForHealthyPipelineSafeModeRule] INFO  safemode.SCMSafeModeManager (HealthyPipelineSafeModeRule.java:process(137)) - SCM in safe mode. Healthy pipelines reported count is 0, required healthy pipeline reported count is 1
2023-05-17 09:09:07,229 [b2525f4f-bdf5-4dd0-b826-cbccdc8ecebe-groupManagement] INFO  server.RaftServerConfigKeys (ConfUtils.java:logGet(46)) - raft.server.log.segment.cache.num.max = 2 (custom)
2023-05-17 09:09:07,229 [b2525f4f-bdf5-4dd0-b826-cbccdc8ecebe-groupManagement] INFO  server.RaftServerConfigKeys (ConfUtils.java:logGet(46)) - raft.server.log.segment.cache.size.max = 200MB (=209715200) (default)
2023-05-17 09:09:07,229 [b2525f4f-bdf5-4dd0-b826-cbccdc8ecebe-groupManagement] INFO  server.RaftServerConfigKeys (ConfUtils.java:logGet(46)) - raft.server.log.appender.buffer.byte-limit = 33554432 (custom)
2023-05-17 09:09:07,229 [b2525f4f-bdf5-4dd0-b826-cbccdc8ecebe-groupManagement] INFO  segmented.SegmentedRaftLogWorker (SegmentedRaftLogWorker.java:<init>(188)) - new b2525f4f-bdf5-4dd0-b826-cbccdc8ecebe@group-1563067D893C-SegmentedRaftLogWorker for RaftStorageImpl:Storage Directory /home/runner/work/ozone/ozone/hadoop-ozone/integration-test/target/test-dir/MiniOzoneClusterImpl-21d14123-a168-44a2-bc0a-ee93e32dcc9b/datanode-1/data/ratis/013071ba-bc44-452e-b620-1563067d893c
2023-05-17 09:09:07,229 [b2525f4f-bdf5-4dd0-b826-cbccdc8ecebe-groupManagement] INFO  server.RaftServerConfigKeys (ConfUtils.java:logGet(46)) - raft.server.log.queue.byte-limit = 4294967296 (custom)
2023-05-17 09:09:07,229 [b2525f4f-bdf5-4dd0-b826-cbccdc8ecebe-groupManagement] INFO  server.RaftServerConfigKeys (ConfUtils.java:logGet(46)) - raft.server.log.queue.element-limit = 1024 (custom)
2023-05-17 09:09:07,229 [b2525f4f-bdf5-4dd0-b826-cbccdc8ecebe-groupManagement] INFO  server.RaftServerConfigKeys (ConfUtils.java:logGet(46)) - raft.server.log.segment.size.max = 1048576 (custom)
2023-05-17 09:09:07,229 [b2525f4f-bdf5-4dd0-b826-cbccdc8ecebe-groupManagement] INFO  server.RaftServerConfigKeys (ConfUtils.java:logGet(46)) - raft.server.log.preallocated.size = 16384 (custom)
2023-05-17 09:09:07,229 [b2525f4f-bdf5-4dd0-b826-cbccdc8ecebe-groupManagement] INFO  server.RaftServerConfigKeys (ConfUtils.java:logGet(46)) - raft.server.log.force.sync.num = 128 (default)
2023-05-17 09:09:07,229 [b2525f4f-bdf5-4dd0-b826-cbccdc8ecebe-groupManagement] INFO  server.RaftServerConfigKeys (ConfUtils.java:logGet(46)) - raft.server.log.statemachine.data.sync = true (default)
2023-05-17 09:09:07,230 [b2525f4f-bdf5-4dd0-b826-cbccdc8ecebe-groupManagement] INFO  server.RaftServerConfigKeys (ConfUtils.java:logGet(46)) - raft.server.log.statemachine.data.sync.timeout = 10s (default)
2023-05-17 09:09:07,232 [b2525f4f-bdf5-4dd0-b826-cbccdc8ecebe-groupManagement] INFO  server.RaftServerConfigKeys (ConfUtils.java:logGet(46)) - raft.server.log.statemachine.data.sync.timeout.retry = -1 (default)
2023-05-17 09:09:07,228 [57ed5fd8-a62b-44c8-9c66-83b6d5ca8b16-groupManagement] INFO  server.RaftServerConfigKeys (ConfUtils.java:logGet(46)) - raft.server.notification.no-leader.timeout = 300s (custom)
2023-05-17 09:09:07,234 [Command processor thread] INFO  commandhandler.CreatePipelineCommandHandler (CreatePipelineCommandHandler.java:handle(113)) - Created Pipeline RATIS THREE PipelineID=7fc61ef2-e189-43e0-95c9-c26195cfc82b.
2023-05-17 09:09:07,235 [57ed5fd8-a62b-44c8-9c66-83b6d5ca8b16-groupManagement] INFO  server.RaftServerConfigKeys (ConfUtils.java:logGet(46)) - raft.server.read.timeout = 10s (default)
2023-05-17 09:09:07,235 [57ed5fd8-a62b-44c8-9c66-83b6d5ca8b16-groupManagement] INFO  server.RaftServerConfigKeys (ConfUtils.java:logGet(46)) - raft.server.retrycache.expirytime = 600000ms (custom)
2023-05-17 09:09:07,235 [57ed5fd8-a62b-44c8-9c66-83b6d5ca8b16-groupManagement] INFO  server.RaftServerConfigKeys (ConfUtils.java:logGet(46)) - raft.server.retrycache.statistics.expirytime = 100μs (default)
2023-05-17 09:09:07,235 [57ed5fd8-a62b-44c8-9c66-83b6d5ca8b16-groupManagement] INFO  server.RaftServerConfigKeys (ConfUtils.java:logGet(46)) - raft.server.read.option = DEFAULT (default)
2023-05-17 09:09:07,237 [b2525f4f-bdf5-4dd0-b826-cbccdc8ecebe-groupManagement] INFO  server.RaftServerConfigKeys (ConfUtils.java:logGet(46)) - raft.server.log.write.buffer.size = 1048576 (custom)
2023-05-17 09:09:07,238 [b2525f4f-bdf5-4dd0-b826-cbccdc8ecebe-groupManagement] INFO  server.RaftServerConfigKeys (ConfUtils.java:logGet(46)) - raft.server.log.appender.buffer.byte-limit = 33554432 (custom)
2023-05-17 09:09:07,243 [57ed5fd8-a62b-44c8-9c66-83b6d5ca8b16-groupManagement] INFO  server.RaftServerConfigKeys (ConfUtils.java:logGet(46)) - raft.server.rpc.request.timeout = 60s (custom)
2023-05-17 09:09:07,243 [57ed5fd8-a62b-44c8-9c66-83b6d5ca8b16-groupManagement] INFO  server.RaftServerConfigKeys (ConfUtils.java:logGet(46)) - raft.server.log.appender.install.snapshot.enabled = false (custom)
2023-05-17 09:09:07,243 [57ed5fd8-a62b-44c8-9c66-83b6d5ca8b16-groupManagement] INFO  server.RaftServerConfigKeys (ConfUtils.java:logGet(46)) - raft.server.threadpool.server.cached = true (default)
2023-05-17 09:09:07,244 [57ed5fd8-a62b-44c8-9c66-83b6d5ca8b16-groupManagement] INFO  server.RaftServerConfigKeys (ConfUtils.java:logGet(46)) - raft.server.threadpool.server.size = 0 (default)
2023-05-17 09:09:07,244 [57ed5fd8-a62b-44c8-9c66-83b6d5ca8b16-groupManagement] INFO  server.RaftServerConfigKeys (ConfUtils.java:logGet(46)) - raft.server.threadpool.client.cached = true (default)
2023-05-17 09:09:07,244 [57ed5fd8-a62b-44c8-9c66-83b6d5ca8b16-groupManagement] INFO  server.RaftServerConfigKeys (ConfUtils.java:logGet(46)) - raft.server.threadpool.client.size = 0 (default)
2023-05-17 09:09:07,244 [57ed5fd8-a62b-44c8-9c66-83b6d5ca8b16-groupManagement] INFO  storage.RaftStorageDirectory (RaftStorageDirectoryImpl.java:analyzeStorage(137)) - The storage directory /home/runner/work/ozone/ozone/hadoop-ozone/integration-test/target/test-dir/MiniOzoneClusterImpl-21d14123-a168-44a2-bc0a-ee93e32dcc9b/datanode-3/data/ratis/aa48e33c-f708-467c-8cb5-2ee872f2b0f0 does not exist. Creating ...
2023-05-17 09:09:07,245 [57ed5fd8-a62b-44c8-9c66-83b6d5ca8b16-groupManagement] INFO  storage.RaftStorageDirectory (RaftStorageDirectoryImpl.java:tryLock(231)) - Lock on /home/runner/work/ozone/ozone/hadoop-ozone/integration-test/target/test-dir/MiniOzoneClusterImpl-21d14123-a168-44a2-bc0a-ee93e32dcc9b/datanode-3/data/ratis/aa48e33c-f708-467c-8cb5-2ee872f2b0f0/in_use.lock acquired by nodename 2768@fv-az41-747
2023-05-17 09:09:07,246 [57ed5fd8-a62b-44c8-9c66-83b6d5ca8b16-groupManagement] INFO  storage.RaftStorage (RaftStorageImpl.java:format(96)) - Storage directory /home/runner/work/ozone/ozone/hadoop-ozone/integration-test/target/test-dir/MiniOzoneClusterImpl-21d14123-a168-44a2-bc0a-ee93e32dcc9b/datanode-3/data/ratis/aa48e33c-f708-467c-8cb5-2ee872f2b0f0 has been successfully formatted.
2023-05-17 09:09:07,247 [57ed5fd8-a62b-44c8-9c66-83b6d5ca8b16-groupManagement] INFO  ratis.ContainerStateMachine (ContainerStateMachine.java:loadSnapshot(262)) - group-2EE872F2B0F0: The snapshot info is null. Setting the last applied indexto:(t:0, i:~)
2023-05-17 09:09:07,247 [57ed5fd8-a62b-44c8-9c66-83b6d5ca8b16-groupManagement] INFO  server.RaftServerConfigKeys (ConfUtils.java:logGet(46)) - raft.server.log.use.memory = false (default)
2023-05-17 09:09:07,248 [57ed5fd8-a62b-44c8-9c66-83b6d5ca8b16-groupManagement] INFO  server.RaftServerConfigKeys (ConfUtils.java:logGet(46)) - raft.server.log.purge.gap = 1000000 (custom)
2023-05-17 09:09:07,248 [57ed5fd8-a62b-44c8-9c66-83b6d5ca8b16-groupManagement] INFO  server.RaftServerConfigKeys (ConfUtils.java:logGet(46)) - raft.server.log.appender.buffer.byte-limit = 33554432 (custom)
2023-05-17 09:09:07,248 [57ed5fd8-a62b-44c8-9c66-83b6d5ca8b16-groupManagement] INFO  server.RaftServerConfigKeys (ConfUtils.java:logGet(46)) - raft.server.log.statemachine.data.read.timeout = 1000ms (default)
2023-05-17 09:09:07,248 [57ed5fd8-a62b-44c8-9c66-83b6d5ca8b16-groupManagement] INFO  server.RaftServerConfigKeys (ConfUtils.java:logGet(46)) - raft.server.log.purge.preservation.log.num = 0 (default)
2023-05-17 09:09:07,248 [EventQueue-OpenPipelineForHealthyPipelineSafeModeRule] INFO  safemode.SCMSafeModeManager (HealthyPipelineSafeModeRule.java:process(137)) - SCM in safe mode. Healthy pipelines reported count is 0, required healthy pipeline reported count is 1
2023-05-17 09:09:07,249 [57ed5fd8-a62b-44c8-9c66-83b6d5ca8b16-groupManagement] INFO  server.RaftServerConfigKeys (ConfUtils.java:logGet(46)) - raft.server.log.segment.size.max = 1048576 (custom)
2023-05-17 09:09:07,249 [57ed5fd8-a62b-44c8-9c66-83b6d5ca8b16-groupManagement] INFO  server.RaftServerConfigKeys (ConfUtils.java:logGet(46)) - raft.server.log.segment.cache.num.max = 2 (custom)
2023-05-17 09:09:07,249 [57ed5fd8-a62b-44c8-9c66-83b6d5ca8b16-groupManagement] INFO  server.RaftServerConfigKeys (ConfUtils.java:logGet(46)) - raft.server.log.segment.cache.size.max = 200MB (=209715200) (default)
2023-05-17 09:09:07,249 [57ed5fd8-a62b-44c8-9c66-83b6d5ca8b16-groupManagement] INFO  server.RaftServerConfigKeys (ConfUtils.java:logGet(46)) - raft.server.log.appender.buffer.byte-limit = 33554432 (custom)
2023-05-17 09:09:07,249 [57ed5fd8-a62b-44c8-9c66-83b6d5ca8b16-groupManagement] INFO  segmented.SegmentedRaftLogWorker (SegmentedRaftLogWorker.java:<init>(188)) - new 57ed5fd8-a62b-44c8-9c66-83b6d5ca8b16@group-2EE872F2B0F0-SegmentedRaftLogWorker for RaftStorageImpl:Storage Directory /home/runner/work/ozone/ozone/hadoop-ozone/integration-test/target/test-dir/MiniOzoneClusterImpl-21d14123-a168-44a2-bc0a-ee93e32dcc9b/datanode-3/data/ratis/aa48e33c-f708-467c-8cb5-2ee872f2b0f0
2023-05-17 09:09:07,250 [57ed5fd8-a62b-44c8-9c66-83b6d5ca8b16-groupManagement] INFO  server.RaftServerConfigKeys (ConfUtils.java:logGet(46)) - raft.server.log.queue.byte-limit = 4294967296 (custom)
2023-05-17 09:09:07,250 [57ed5fd8-a62b-44c8-9c66-83b6d5ca8b16-groupManagement] INFO  server.RaftServerConfigKeys (ConfUtils.java:logGet(46)) - raft.server.log.queue.element-limit = 1024 (custom)
2023-05-17 09:09:07,250 [57ed5fd8-a62b-44c8-9c66-83b6d5ca8b16-groupManagement] INFO  server.RaftServerConfigKeys (ConfUtils.java:logGet(46)) - raft.server.log.segment.size.max = 1048576 (custom)
2023-05-17 09:09:07,250 [57ed5fd8-a62b-44c8-9c66-83b6d5ca8b16-groupManagement] INFO  server.RaftServerConfigKeys (ConfUtils.java:logGet(46)) - raft.server.log.preallocated.size = 16384 (custom)
2023-05-17 09:09:07,250 [57ed5fd8-a62b-44c8-9c66-83b6d5ca8b16-groupManagement] INFO  server.RaftServerConfigKeys (ConfUtils.java:logGet(46)) - raft.server.log.force.sync.num = 128 (default)
2023-05-17 09:09:07,250 [57ed5fd8-a62b-44c8-9c66-83b6d5ca8b16-groupManagement] INFO  server.RaftServerConfigKeys (ConfUtils.java:logGet(46)) - raft.server.log.statemachine.data.sync = true (default)
2023-05-17 09:09:07,250 [57ed5fd8-a62b-44c8-9c66-83b6d5ca8b16-groupManagement] INFO  server.RaftServerConfigKeys (ConfUtils.java:logGet(46)) - raft.server.log.statemachine.data.sync.timeout = 10s (default)
2023-05-17 09:09:07,250 [57ed5fd8-a62b-44c8-9c66-83b6d5ca8b16-groupManagement] INFO  server.RaftServerConfigKeys (ConfUtils.java:logGet(46)) - raft.server.log.statemachine.data.sync.timeout.retry = -1 (default)
2023-05-17 09:09:07,251 [57ed5fd8-a62b-44c8-9c66-83b6d5ca8b16-groupManagement] INFO  server.RaftServerConfigKeys (ConfUtils.java:logGet(46)) - raft.server.log.write.buffer.size = 1048576 (custom)
2023-05-17 09:09:07,251 [57ed5fd8-a62b-44c8-9c66-83b6d5ca8b16-groupManagement] INFO  server.RaftServerConfigKeys (ConfUtils.java:logGet(46)) - raft.server.log.appender.buffer.byte-limit = 33554432 (custom)
2023-05-17 09:09:07,643 [57ed5fd8-a62b-44c8-9c66-83b6d5ca8b16-groupManagement] INFO  server.RaftServerConfigKeys (ConfUtils.java:logGet(46)) - raft.server.log.unsafe-flush.enabled = false (default)
2023-05-17 09:09:07,644 [57ed5fd8-a62b-44c8-9c66-83b6d5ca8b16-groupManagement] INFO  server.RaftServerConfigKeys (ConfUtils.java:logGet(46)) - raft.server.log.async-flush.enabled = false (default)
2023-05-17 09:09:07,644 [57ed5fd8-a62b-44c8-9c66-83b6d5ca8b16-groupManagement] INFO  server.RaftServerConfigKeys (ConfUtils.java:logGet(46)) - raft.server.log.statemachine.data.caching.enabled = true (custom)
2023-05-17 09:09:07,644 [57ed5fd8-a62b-44c8-9c66-83b6d5ca8b16-groupManagement] INFO  segmented.SegmentedRaftLogWorker (SegmentedRaftLogWorker.java:lambda$new$0(135)) - 57ed5fd8-a62b-44c8-9c66-83b6d5ca8b16@group-2EE872F2B0F0-SegmentedRaftLogWorker: flushIndex: setUnconditionally 0 -> -1
2023-05-17 09:09:07,644 [57ed5fd8-a62b-44c8-9c66-83b6d5ca8b16-groupManagement] INFO  segmented.SegmentedRaftLogWorker (SegmentedRaftLogWorker.java:lambda$new$0(135)) - 57ed5fd8-a62b-44c8-9c66-83b6d5ca8b16@group-2EE872F2B0F0-SegmentedRaftLogWorker: safeCacheEvictIndex: setUnconditionally 0 -> -1
2023-05-17 09:09:07,644 [57ed5fd8-a62b-44c8-9c66-83b6d5ca8b16-groupManagement] INFO  server.RaftServer$Division (RaftServerImpl.java:start(342)) - 57ed5fd8-a62b-44c8-9c66-83b6d5ca8b16@group-2EE872F2B0F0: start as a follower, conf=-1: peers:[b2b5d537-374d-472d-b9f1-d9543cb70a6b|rpc:10.1.0.64:15053|admin:10.1.0.64:15052|client:10.1.0.64:15051|dataStream:10.1.0.64:15054|priority:0|startupRole:FOLLOWER, b98521b2-5644-4aab-8244-d2e66a88cd45|rpc:10.1.0.64:15045|admin:10.1.0.64:15044|client:10.1.0.64:15043|dataStream:10.1.0.64:15046|priority:1|startupRole:FOLLOWER, 57ed5fd8-a62b-44c8-9c66-83b6d5ca8b16|rpc:10.1.0.64:15037|admin:10.1.0.64:15036|client:10.1.0.64:15035|dataStream:10.1.0.64:15038|priority:0|startupRole:FOLLOWER]|listeners:[], old=null
2023-05-17 09:09:07,644 [57ed5fd8-a62b-44c8-9c66-83b6d5ca8b16-groupManagement] INFO  server.RaftServer$Division (RaftServerImpl.java:setRole(329)) - 57ed5fd8-a62b-44c8-9c66-83b6d5ca8b16@group-2EE872F2B0F0: changes role from      null to FOLLOWER at term 0 for startAsFollower
2023-05-17 09:09:07,644 [57ed5fd8-a62b-44c8-9c66-83b6d5ca8b16-groupManagement] INFO  impl.RoleInfo (RoleInfo.java:updateAndGet(139)) - 57ed5fd8-a62b-44c8-9c66-83b6d5ca8b16: start 57ed5fd8-a62b-44c8-9c66-83b6d5ca8b16@group-2EE872F2B0F0-FollowerState
2023-05-17 09:09:07,645 [57ed5fd8-a62b-44c8-9c66-83b6d5ca8b16-groupManagement] INFO  util.JmxRegister (JmxRegister.java:tryRegister(44)) - Successfully registered JMX Bean with object name Ratis:service=RaftServer,group=group-2EE872F2B0F0,id=57ed5fd8-a62b-44c8-9c66-83b6d5ca8b16
2023-05-17 09:09:07,645 [57ed5fd8-a62b-44c8-9c66-83b6d5ca8b16-groupManagement] INFO  server.RaftServerConfigKeys (ConfUtils.java:logGet(46)) - raft.server.snapshot.auto.trigger.enabled = true (custom)
2023-05-17 09:09:07,645 [57ed5fd8-a62b-44c8-9c66-83b6d5ca8b16-groupManagement] INFO  server.RaftServerConfigKeys (ConfUtils.java:logGet(46)) - raft.server.snapshot.auto.trigger.threshold = 10000 (custom)
2023-05-17 09:09:07,645 [57ed5fd8-a62b-44c8-9c66-83b6d5ca8b16-groupManagement] INFO  server.RaftServerConfigKeys (ConfUtils.java:logGet(46)) - raft.server.snapshot.retention.file.num = 5 (custom)
2023-05-17 09:09:07,645 [57ed5fd8-a62b-44c8-9c66-83b6d5ca8b16-groupManagement] INFO  server.RaftServerConfigKeys (ConfUtils.java:logGet(46)) - raft.server.log.purge.upto.snapshot.index = false (default)
2023-05-17 09:09:07,646 [57ed5fd8-a62b-44c8-9c66-83b6d5ca8b16@group-2EE872F2B0F0-FollowerState] INFO  server.RaftServerConfigKeys (ConfUtils.java:logFallback(53)) - raft.server.rpc.first-election.timeout.min = 5s (fallback to raft.server.rpc.timeout.min)
2023-05-17 09:09:07,647 [Command processor thread] INFO  ratis.XceiverServerRatis (XceiverServerRatis.java:addGroup(806)) - Created group PipelineID=aa48e33c-f708-467c-8cb5-2ee872f2b0f0
2023-05-17 09:09:07,647 [57ed5fd8-a62b-44c8-9c66-83b6d5ca8b16@group-2EE872F2B0F0-FollowerState] INFO  server.RaftServerConfigKeys (ConfUtils.java:logFallback(53)) - raft.server.rpc.first-election.timeout.max = 5200ms (fallback to raft.server.rpc.timeout.max)
2023-05-17 09:09:07,652 [JvmPauseMonitor11] WARN  util.JvmPauseMonitor (JvmPauseMonitor.java:detectPause(124)) - JvmPauseMonitor-f1b6f36b-e7af-48b8-b739-38f78676889c: Detected pause in JVM or host machine approximately 0.182s with 0.383s GC time.
GC pool 'PS MarkSweep' had collection(s): count=1 time=218ms
GC pool 'PS Scavenge' had collection(s): count=1 time=165ms
2023-05-17 09:09:07,653 [JvmPauseMonitor3] WARN  util.JvmPauseMonitor (JvmPauseMonitor.java:detectPause(124)) - JvmPauseMonitor-8889e818-58f8-49f9-ac5f-461eb7b79d1e: Detected pause in JVM or host machine approximately 0.219s with 0.383s GC time.
GC pool 'PS MarkSweep' had collection(s): count=1 time=218ms
GC pool 'PS Scavenge' had collection(s): count=1 time=165ms
2023-05-17 09:09:07,654 [JvmPauseMonitor12] WARN  util.JvmPauseMonitor (JvmPauseMonitor.java:detectPause(124)) - JvmPauseMonitor-4ea9b805-d843-4364-8f91-0c3c20e3ed71: Detected pause in JVM or host machine approximately 0.242s with 0.383s GC time.
GC pool 'PS MarkSweep' had collection(s): count=1 time=218ms
GC pool 'PS Scavenge' had collection(s): count=1 time=165ms
2023-05-17 09:09:07,655 [JvmPauseMonitor8] WARN  util.JvmPauseMonitor (JvmPauseMonitor.java:detectPause(124)) - JvmPauseMonitor-5b9af961-56be-4fa8-844e-3cefe1429416: Detected pause in JVM or host machine approximately 0.257s with 0.383s GC time.
GC pool 'PS MarkSweep' had collection(s): count=1 time=218ms
GC pool 'PS Scavenge' had collection(s): count=1 time=165ms
2023-05-17 09:09:07,655 [JvmPauseMonitor6] WARN  util.JvmPauseMonitor (JvmPauseMonitor.java:detectPause(124)) - JvmPauseMonitor-b2b5d537-374d-472d-b9f1-d9543cb70a6b: Detected pause in JVM or host machine approximately 0.267s with 0.383s GC time.
GC pool 'PS MarkSweep' had collection(s): count=1 time=218ms
GC pool 'PS Scavenge' had collection(s): count=1 time=165ms
2023-05-17 09:09:07,655 [JvmPauseMonitor0] WARN  util.JvmPauseMonitor (JvmPauseMonitor.java:detectPause(124)) - JvmPauseMonitor-om1: Detected pause in JVM or host machine approximately 0.319s with 0.383s GC time.
GC pool 'PS MarkSweep' had collection(s): count=1 time=218ms
GC pool 'PS Scavenge' had collection(s): count=1 time=165ms
2023-05-17 09:09:07,656 [JvmPauseMonitor7] WARN  util.JvmPauseMonitor (JvmPauseMonitor.java:detectPause(124)) - JvmPauseMonitor-bcbacd9a-ca93-42dd-bb1e-f9c21d91cd60: Detected pause in JVM or host machine approximately 0.376s with 0.383s GC time.
GC pool 'PS MarkSweep' had collection(s): count=1 time=218ms
GC pool 'PS Scavenge' had collection(s): count=1 time=165ms
2023-05-17 09:09:07,656 [JvmPauseMonitor13] WARN  util.JvmPauseMonitor (JvmPauseMonitor.java:detectPause(124)) - JvmPauseMonitor-84eda2eb-aea9-437c-8414-760cea80ce07: Detected pause in JVM or host machine approximately 0.390s with 0.383s GC time.
GC pool 'PS MarkSweep' had collection(s): count=1 time=218ms
GC pool 'PS Scavenge' had collection(s): count=1 time=165ms
2023-05-17 09:09:07,656 [IPC Server handler 5 on default port 15002] INFO  net.NetworkTopologyImpl (NetworkTopologyImpl.java:add(112)) - Added a new node: /default-rack/4ea9b805-d843-4364-8f91-0c3c20e3ed71
2023-05-17 09:09:07,656 [IPC Server handler 5 on default port 15002] INFO  node.SCMNodeManager (SCMNodeManager.java:register(407)) - Registered Data node : 4ea9b805-d843-4364-8f91-0c3c20e3ed71{ip: 10.1.0.64, host: fv-az41-747.zje5jq5y5x4uznwvdkgxk4wc2h.cx.internal.cloudapp.net, ports: [HTTP=15097, REPLICATION=15103, RATIS=15099, RATIS_ADMIN=15100, RATIS_SERVER=15101, RATIS_DATASTREAM=15102, STANDALONE=15098], networkLocation: /default-rack, certSerialId: null, persistedOpState: null, persistedOpStateExpiryEpochSec: 0}
2023-05-17 09:09:07,657 [EventQueue-NewNodeForNewNodeHandler] INFO  pipeline.BackgroundPipelineCreator (BackgroundPipelineCreator.java:notifyEventTriggered(276)) - trigger a one-shot run on RatisPipelineUtilsThread.
2023-05-17 09:09:07,657 [RatisPipelineUtilsThread - 0] INFO  pipeline.RatisPipelineProvider (RatisPipelineProvider.java:lambda$create$0(206)) - Sending CreatePipelineCommand for pipeline:PipelineID=de5b0980-4904-4a94-9d72-8fb84fab7d0d to datanode:4ea9b805-d843-4364-8f91-0c3c20e3ed71
2023-05-17 09:09:07,658 [RatisPipelineUtilsThread - 0] INFO  pipeline.PipelineStateManagerImpl (PipelineStateManagerImpl.java:addPipeline(103)) - Created pipeline Pipeline[ Id: de5b0980-4904-4a94-9d72-8fb84fab7d0d, Nodes: 4ea9b805-d843-4364-8f91-0c3c20e3ed71(fv-az41-747.zje5jq5y5x4uznwvdkgxk4wc2h.cx.internal.cloudapp.net/10.1.0.64), ReplicationConfig: RATIS/ONE, State:ALLOCATED, leaderId:, CreationTimestamp2023-05-17T09:09:07.657Z[Etc/UTC]].
2023-05-17 09:09:07,658 [RatisPipelineUtilsThread - 0] INFO  pipeline.RatisPipelineProvider (RatisPipelineProvider.java:lambda$create$0(206)) - Sending CreatePipelineCommand for pipeline:PipelineID=73870f87-6117-452d-ba11-e694c42c06c7 to datanode:f1b6f36b-e7af-48b8-b739-38f78676889c
2023-05-17 09:09:07,658 [RatisPipelineUtilsThread - 0] INFO  pipeline.RatisPipelineProvider (RatisPipelineProvider.java:lambda$create$0(206)) - Sending CreatePipelineCommand for pipeline:PipelineID=73870f87-6117-452d-ba11-e694c42c06c7 to datanode:4ea9b805-d843-4364-8f91-0c3c20e3ed71
2023-05-17 09:09:07,658 [RatisPipelineUtilsThread - 0] INFO  pipeline.RatisPipelineProvider (RatisPipelineProvider.java:lambda$create$0(206)) - Sending CreatePipelineCommand for pipeline:PipelineID=73870f87-6117-452d-ba11-e694c42c06c7 to datanode:a82ad0ea-641b-4ac2-b933-a1a26b5fe742
2023-05-17 09:09:07,659 [RatisPipelineUtilsThread - 0] INFO  pipeline.PipelineStateManagerImpl (PipelineStateManagerImpl.java:addPipeline(103)) - Created pipeline Pipeline[ Id: 73870f87-6117-452d-ba11-e694c42c06c7, Nodes: f1b6f36b-e7af-48b8-b739-38f78676889c(fv-az41-747.zje5jq5y5x4uznwvdkgxk4wc2h.cx.internal.cloudapp.net/10.1.0.64)4ea9b805-d843-4364-8f91-0c3c20e3ed71(fv-az41-747.zje5jq5y5x4uznwvdkgxk4wc2h.cx.internal.cloudapp.net/10.1.0.64)a82ad0ea-641b-4ac2-b933-a1a26b5fe742(fv-az41-747.zje5jq5y5x4uznwvdkgxk4wc2h.cx.internal.cloudapp.net/10.1.0.64), ReplicationConfig: RATIS/THREE, State:ALLOCATED, leaderId:, CreationTimestamp2023-05-17T09:09:07.658Z[Etc/UTC]].
2023-05-17 09:09:07,660 [RatisPipelineUtilsThread - 0] INFO  pipeline.RatisPipelineProvider (RatisPipelineProvider.java:lambda$create$0(206)) - Sending CreatePipelineCommand for pipeline:PipelineID=bcb7f622-48ef-4dfa-9e5a-6a381084a931 to datanode:f1b6f36b-e7af-48b8-b739-38f78676889c
2023-05-17 09:09:07,660 [RatisPipelineUtilsThread - 0] INFO  pipeline.RatisPipelineProvider (RatisPipelineProvider.java:lambda$create$0(206)) - Sending CreatePipelineCommand for pipeline:PipelineID=bcb7f622-48ef-4dfa-9e5a-6a381084a931 to datanode:4ea9b805-d843-4364-8f91-0c3c20e3ed71
2023-05-17 09:09:07,660 [RatisPipelineUtilsThread - 0] INFO  pipeline.RatisPipelineProvider (RatisPipelineProvider.java:lambda$create$0(206)) - Sending CreatePipelineCommand for pipeline:PipelineID=bcb7f622-48ef-4dfa-9e5a-6a381084a931 to datanode:a82ad0ea-641b-4ac2-b933-a1a26b5fe742
2023-05-17 09:09:07,660 [RatisPipelineUtilsThread - 0] INFO  pipeline.PipelineStateManagerImpl (PipelineStateManagerImpl.java:addPipeline(103)) - Created pipeline Pipeline[ Id: bcb7f622-48ef-4dfa-9e5a-6a381084a931, Nodes: f1b6f36b-e7af-48b8-b739-38f78676889c(fv-az41-747.zje5jq5y5x4uznwvdkgxk4wc2h.cx.internal.cloudapp.net/10.1.0.64)4ea9b805-d843-4364-8f91-0c3c20e3ed71(fv-az41-747.zje5jq5y5x4uznwvdkgxk4wc2h.cx.internal.cloudapp.net/10.1.0.64)a82ad0ea-641b-4ac2-b933-a1a26b5fe742(fv-az41-747.zje5jq5y5x4uznwvdkgxk4wc2h.cx.internal.cloudapp.net/10.1.0.64), ReplicationConfig: RATIS/THREE, State:ALLOCATED, leaderId:, CreationTimestamp2023-05-17T09:09:07.660Z[Etc/UTC]].
2023-05-17 09:09:07,661 [JvmPauseMonitor4] WARN  util.JvmPauseMonitor (JvmPauseMonitor.java:detectPause(124)) - JvmPauseMonitor-57ed5fd8-a62b-44c8-9c66-83b6d5ca8b16: Detected pause in JVM or host machine approximately 0.403s with 0.383s GC time.
GC pool 'PS MarkSweep' had collection(s): count=1 time=218ms
GC pool 'PS Scavenge' had collection(s): count=1 time=165ms
2023-05-17 09:09:07,661 [b2525f4f-bdf5-4dd0-b826-cbccdc8ecebe-groupManagement] INFO  server.RaftServerConfigKeys (ConfUtils.java:logGet(46)) - raft.server.log.unsafe-flush.enabled = false (default)
2023-05-17 09:09:07,661 [b2525f4f-bdf5-4dd0-b826-cbccdc8ecebe-groupManagement] INFO  server.RaftServerConfigKeys (ConfUtils.java:logGet(46)) - raft.server.log.async-flush.enabled = false (default)
2023-05-17 09:09:07,661 [b2525f4f-bdf5-4dd0-b826-cbccdc8ecebe-groupManagement] INFO  server.RaftServerConfigKeys (ConfUtils.java:logGet(46)) - raft.server.log.statemachine.data.caching.enabled = true (custom)
2023-05-17 09:09:07,661 [b2525f4f-bdf5-4dd0-b826-cbccdc8ecebe-groupManagement] INFO  segmented.SegmentedRaftLogWorker (SegmentedRaftLogWorker.java:lambda$new$0(135)) - b2525f4f-bdf5-4dd0-b826-cbccdc8ecebe@group-1563067D893C-SegmentedRaftLogWorker: flushIndex: setUnconditionally 0 -> -1
2023-05-17 09:09:07,661 [b2525f4f-bdf5-4dd0-b826-cbccdc8ecebe-groupManagement] INFO  segmented.SegmentedRaftLogWorker (SegmentedRaftLogWorker.java:lambda$new$0(135)) - b2525f4f-bdf5-4dd0-b826-cbccdc8ecebe@group-1563067D893C-SegmentedRaftLogWorker: safeCacheEvictIndex: setUnconditionally 0 -> -1
2023-05-17 09:09:07,662 [RatisPipelineUtilsThread - 0] INFO  pipeline.PipelineManagerImpl (PipelineManagerImpl.java:recordMetricsForPipeline(826)) - Pipeline: PipelineID=bcb7f622-48ef-4dfa-9e5a-6a381084a931 contains same datanodes as previous pipelines: PipelineID=73870f87-6117-452d-ba11-e694c42c06c7 nodeIds: f1b6f36b-e7af-48b8-b739-38f78676889c, 4ea9b805-d843-4364-8f91-0c3c20e3ed71, a82ad0ea-641b-4ac2-b933-a1a26b5fe742
2023-05-17 09:09:07,662 [RatisPipelineUtilsThread - 0] WARN  pipeline.PipelinePlacementPolicy (PipelinePlacementPolicy.java:filterViableNodes(160)) - Pipeline creation failed due to no sufficient healthy datanodes. Required 3. Found 0. Excluded 12.
2023-05-17 09:09:07,663 [b2525f4f-bdf5-4dd0-b826-cbccdc8ecebe-groupManagement] INFO  server.RaftServer$Division (RaftServerImpl.java:start(342)) - b2525f4f-bdf5-4dd0-b826-cbccdc8ecebe@group-1563067D893C: start as a follower, conf=-1: peers:[8889e818-58f8-49f9-ac5f-461eb7b79d1e|rpc:10.1.0.64:15029|admin:10.1.0.64:15028|client:10.1.0.64:15027|dataStream:10.1.0.64:15030|priority:1|startupRole:FOLLOWER, b2525f4f-bdf5-4dd0-b826-cbccdc8ecebe|rpc:10.1.0.64:15021|admin:10.1.0.64:15020|client:10.1.0.64:15019|dataStream:10.1.0.64:15022|priority:0|startupRole:FOLLOWER, 67f04e2a-34cd-4ea0-b74b-c8cb5d6f4ea5|rpc:10.1.0.64:15013|admin:10.1.0.64:15012|client:10.1.0.64:15011|dataStream:10.1.0.64:15014|priority:0|startupRole:FOLLOWER]|listeners:[], old=null
2023-05-17 09:09:07,663 [b2525f4f-bdf5-4dd0-b826-cbccdc8ecebe-groupManagement] INFO  server.RaftServer$Division (RaftServerImpl.java:setRole(329)) - b2525f4f-bdf5-4dd0-b826-cbccdc8ecebe@group-1563067D893C: changes role from      null to FOLLOWER at term 0 for startAsFollower
2023-05-17 09:09:07,663 [b2525f4f-bdf5-4dd0-b826-cbccdc8ecebe-groupManagement] INFO  impl.RoleInfo (RoleInfo.java:updateAndGet(139)) - b2525f4f-bdf5-4dd0-b826-cbccdc8ecebe: start b2525f4f-bdf5-4dd0-b826-cbccdc8ecebe@group-1563067D893C-FollowerState
2023-05-17 09:09:07,663 [b2525f4f-bdf5-4dd0-b826-cbccdc8ecebe-groupManagement] INFO  util.JmxRegister (JmxRegister.java:tryRegister(44)) - Successfully registered JMX Bean with object name Ratis:service=RaftServer,group=group-1563067D893C,id=b2525f4f-bdf5-4dd0-b826-cbccdc8ecebe
2023-05-17 09:09:07,664 [b2525f4f-bdf5-4dd0-b826-cbccdc8ecebe-groupManagement] INFO  server.RaftServerConfigKeys (ConfUtils.java:logGet(46)) - raft.server.snapshot.auto.trigger.enabled = true (custom)
2023-05-17 09:09:07,664 [b2525f4f-bdf5-4dd0-b826-cbccdc8ecebe-groupManagement] INFO  server.RaftServerConfigKeys (ConfUtils.java:logGet(46)) - raft.server.snapshot.auto.trigger.threshold = 10000 (custom)
2023-05-17 09:09:07,664 [b2525f4f-bdf5-4dd0-b826-cbccdc8ecebe-groupManagement] INFO  server.RaftServerConfigKeys (ConfUtils.java:logGet(46)) - raft.server.snapshot.retention.file.num = 5 (custom)
2023-05-17 09:09:07,664 [b2525f4f-bdf5-4dd0-b826-cbccdc8ecebe-groupManagement] INFO  server.RaftServerConfigKeys (ConfUtils.java:logGet(46)) - raft.server.log.purge.upto.snapshot.index = false (default)
2023-05-17 09:09:07,664 [b2525f4f-bdf5-4dd0-b826-cbccdc8ecebe@group-1563067D893C-FollowerState] INFO  server.RaftServerConfigKeys (ConfUtils.java:logFallback(53)) - raft.server.rpc.first-election.timeout.min = 5s (fallback to raft.server.rpc.timeout.min)
2023-05-17 09:09:07,664 [b2525f4f-bdf5-4dd0-b826-cbccdc8ecebe@group-1563067D893C-FollowerState] INFO  server.RaftServerConfigKeys (ConfUtils.java:logFallback(53)) - raft.server.rpc.first-election.timeout.max = 5200ms (fallback to raft.server.rpc.timeout.max)
2023-05-17 09:09:07,672 [Command processor thread] INFO  server.RaftServer (RaftServerProxy.java:addNew(98)) - b98521b2-5644-4aab-8244-d2e66a88cd45: addNew group-A280B7ADF8E8:[b98521b2-5644-4aab-8244-d2e66a88cd45|rpc:10.1.0.64:15045|admin:10.1.0.64:15044|client:10.1.0.64:15043|dataStream:10.1.0.64:15046|priority:1|startupRole:FOLLOWER] returns group-A280B7ADF8E8:java.util.concurrent.CompletableFuture@7e2fb7b7[Not completed]
2023-05-17 09:09:07,689 [b98521b2-5644-4aab-8244-d2e66a88cd45-groupManagement] INFO  server.RaftServer$Division (RaftServerImpl.java:<init>(198)) - b98521b2-5644-4aab-8244-d2e66a88cd45: new RaftServerImpl for group-A280B7ADF8E8:[b98521b2-5644-4aab-8244-d2e66a88cd45|rpc:10.1.0.64:15045|admin:10.1.0.64:15044|client:10.1.0.64:15043|dataStream:10.1.0.64:15046|priority:1|startupRole:FOLLOWER] with ContainerStateMachine:uninitialized
2023-05-17 09:09:07,689 [b98521b2-5644-4aab-8244-d2e66a88cd45-groupManagement] INFO  server.RaftServerConfigKeys (ConfUtils.java:logGet(46)) - raft.server.rpc.timeout.min = 5s (custom)
2023-05-17 09:09:07,689 [b98521b2-5644-4aab-8244-d2e66a88cd45-groupManagement] INFO  server.RaftServerConfigKeys (ConfUtils.java:logGet(46)) - raft.server.rpc.timeout.max = 5200ms (custom)
2023-05-17 09:09:07,689 [b98521b2-5644-4aab-8244-d2e66a88cd45-groupManagement] INFO  server.RaftServerConfigKeys (ConfUtils.java:logGet(46)) - raft.server.rpc.sleep.time = 25ms (default)
2023-05-17 09:09:07,689 [b98521b2-5644-4aab-8244-d2e66a88cd45-groupManagement] INFO  server.RaftServerConfigKeys (ConfUtils.java:logGet(46)) - raft.server.rpc.slowness.timeout = 300s (custom)
2023-05-17 09:09:07,689 [b98521b2-5644-4aab-8244-d2e66a88cd45-groupManagement] INFO  server.RaftServerConfigKeys (ConfUtils.java:logGet(46)) - raft.server.leaderelection.leader.step-down.wait-time = 10s (default)
2023-05-17 09:09:07,689 [b98521b2-5644-4aab-8244-d2e66a88cd45-groupManagement] INFO  server.RaftServerConfigKeys (ConfUtils.java:logGet(46)) - raft.server.sleep.deviation.threshold = 300ms (default)
2023-05-17 09:09:07,690 [b98521b2-5644-4aab-8244-d2e66a88cd45-groupManagement] INFO  server.RaftServer$Division (ServerState.java:<init>(120)) - b98521b2-5644-4aab-8244-d2e66a88cd45@group-A280B7ADF8E8: ConfigurationManager, init=-1: peers:[b98521b2-5644-4aab-8244-d2e66a88cd45|rpc:10.1.0.64:15045|admin:10.1.0.64:15044|client:10.1.0.64:15043|dataStream:10.1.0.64:15046|priority:1|startupRole:FOLLOWER]|listeners:[], old=null, confs=<EMPTY_MAP>
2023-05-17 09:09:07,690 [b98521b2-5644-4aab-8244-d2e66a88cd45-groupManagement] INFO  server.RaftServerConfigKeys (ConfUtils.java:logGet(46)) - raft.server.storage.dir = [/home/runner/work/ozone/ozone/hadoop-ozone/integration-test/target/test-dir/MiniOzoneClusterImpl-21d14123-a168-44a2-bc0a-ee93e32dcc9b/datanode-4/data/ratis] (custom)
2023-05-17 09:09:07,690 [b98521b2-5644-4aab-8244-d2e66a88cd45-groupManagement] INFO  server.RaftServerConfigKeys (ConfUtils.java:logGet(46)) - raft.server.log.corruption.policy = EXCEPTION (default)
2023-05-17 09:09:07,690 [b98521b2-5644-4aab-8244-d2e66a88cd45-groupManagement] INFO  server.RaftServerConfigKeys (ConfUtils.java:logGet(46)) - raft.server.storage.free-space.min = 0MB (=0) (default)
2023-05-17 09:09:07,691 [b98521b2-5644-4aab-8244-d2e66a88cd45-groupManagement] INFO  server.RaftServerConfigKeys (ConfUtils.java:logGet(46)) - raft.server.notification.no-leader.timeout = 300s (custom)
2023-05-17 09:09:07,692 [b98521b2-5644-4aab-8244-d2e66a88cd45-groupManagement] INFO  server.RaftServerConfigKeys (ConfUtils.java:logGet(46)) - raft.server.read.timeout = 10s (default)
2023-05-17 09:09:07,692 [b98521b2-5644-4aab-8244-d2e66a88cd45-groupManagement] INFO  server.RaftServerConfigKeys (ConfUtils.java:logGet(46)) - raft.server.retrycache.expirytime = 600000ms (custom)
2023-05-17 09:09:07,692 [b98521b2-5644-4aab-8244-d2e66a88cd45-groupManagement] INFO  server.RaftServerConfigKeys (ConfUtils.java:logGet(46)) - raft.server.retrycache.statistics.expirytime = 100μs (default)
2023-05-17 09:09:07,692 [b98521b2-5644-4aab-8244-d2e66a88cd45-groupManagement] INFO  server.RaftServerConfigKeys (ConfUtils.java:logGet(46)) - raft.server.read.option = DEFAULT (default)
2023-05-17 09:09:07,695 [b98521b2-5644-4aab-8244-d2e66a88cd45-groupManagement] INFO  server.RaftServerConfigKeys (ConfUtils.java:logGet(46)) - raft.server.rpc.request.timeout = 60s (custom)
2023-05-17 09:09:07,695 [b98521b2-5644-4aab-8244-d2e66a88cd45-groupManagement] INFO  server.RaftServerConfigKeys (ConfUtils.java:logGet(46)) - raft.server.log.appender.install.snapshot.enabled = false (custom)
2023-05-17 09:09:07,695 [b98521b2-5644-4aab-8244-d2e66a88cd45-groupManagement] INFO  server.RaftServerConfigKeys (ConfUtils.java:logGet(46)) - raft.server.threadpool.server.cached = true (default)
2023-05-17 09:09:07,695 [b98521b2-5644-4aab-8244-d2e66a88cd45-groupManagement] INFO  server.RaftServerConfigKeys (ConfUtils.java:logGet(46)) - raft.server.threadpool.server.size = 0 (default)
2023-05-17 09:09:07,695 [b98521b2-5644-4aab-8244-d2e66a88cd45-groupManagement] INFO  server.RaftServerConfigKeys (ConfUtils.java:logGet(46)) - raft.server.threadpool.client.cached = true (default)
2023-05-17 09:09:07,696 [b98521b2-5644-4aab-8244-d2e66a88cd45-groupManagement] INFO  server.RaftServerConfigKeys (ConfUtils.java:logGet(46)) - raft.server.threadpool.client.size = 0 (default)
2023-05-17 09:09:07,696 [b98521b2-5644-4aab-8244-d2e66a88cd45-groupManagement] INFO  storage.RaftStorageDirectory (RaftStorageDirectoryImpl.java:analyzeStorage(137)) - The storage directory /home/runner/work/ozone/ozone/hadoop-ozone/integration-test/target/test-dir/MiniOzoneClusterImpl-21d14123-a168-44a2-bc0a-ee93e32dcc9b/datanode-4/data/ratis/d47b2150-c1eb-4d01-a4a9-a280b7adf8e8 does not exist. Creating ...
2023-05-17 09:09:07,706 [Command processor thread] INFO  commandhandler.CreatePipelineCommandHandler (CreatePipelineCommandHandler.java:handle(113)) - Created Pipeline RATIS THREE PipelineID=013071ba-bc44-452e-b620-1563067d893c.
2023-05-17 09:09:07,712 [grpc-default-executor-1] INFO  server.RaftServer (RaftServerProxy.java:addNew(98)) - b98521b2-5644-4aab-8244-d2e66a88cd45: addNew group-2EE872F2B0F0:[b2b5d537-374d-472d-b9f1-d9543cb70a6b|rpc:10.1.0.64:15053|admin:10.1.0.64:15052|client:10.1.0.64:15051|dataStream:10.1.0.64:15054|priority:0|startupRole:FOLLOWER, b98521b2-5644-4aab-8244-d2e66a88cd45|rpc:10.1.0.64:15045|admin:10.1.0.64:15044|client:10.1.0.64:15043|dataStream:10.1.0.64:15046|priority:1|startupRole:FOLLOWER, 57ed5fd8-a62b-44c8-9c66-83b6d5ca8b16|rpc:10.1.0.64:15037|admin:10.1.0.64:15036|client:10.1.0.64:15035|dataStream:10.1.0.64:15038|priority:0|startupRole:FOLLOWER] returns group-2EE872F2B0F0:java.util.concurrent.CompletableFuture@6b2391c3[Not completed]
2023-05-17 09:09:07,728 [IPC Server handler 9 on default port 15002] INFO  net.NetworkTopologyImpl (NetworkTopologyImpl.java:add(112)) - Added a new node: /default-rack/84eda2eb-aea9-437c-8414-760cea80ce07
2023-05-17 09:09:07,729 [IPC Server handler 9 on default port 15002] INFO  node.SCMNodeManager (SCMNodeManager.java:register(407)) - Registered Data node : 84eda2eb-aea9-437c-8414-760cea80ce07{ip: 10.1.0.64, host: fv-az41-747.zje5jq5y5x4uznwvdkgxk4wc2h.cx.internal.cloudapp.net, ports: [HTTP=15105, REPLICATION=15111, RATIS=15107, RATIS_ADMIN=15108, RATIS_SERVER=15109, RATIS_DATASTREAM=15110, STANDALONE=15106], networkLocation: /default-rack, certSerialId: null, persistedOpState: null, persistedOpStateExpiryEpochSec: 0}
2023-05-17 09:09:07,729 [EventQueue-NewNodeForNewNodeHandler] INFO  pipeline.BackgroundPipelineCreator (BackgroundPipelineCreator.java:notifyEventTriggered(276)) - trigger a one-shot run on RatisPipelineUtilsThread.
2023-05-17 09:09:07,730 [RatisPipelineUtilsThread - 0] INFO  pipeline.RatisPipelineProvider (RatisPipelineProvider.java:lambda$create$0(206)) - Sending CreatePipelineCommand for pipeline:PipelineID=4171af09-b793-421d-adf6-3dc33ab96aa1 to datanode:84eda2eb-aea9-437c-8414-760cea80ce07
2023-05-17 09:09:07,730 [RatisPipelineUtilsThread - 0] INFO  pipeline.PipelineStateManagerImpl (PipelineStateManagerImpl.java:addPipeline(103)) - Created pipeline Pipeline[ Id: 4171af09-b793-421d-adf6-3dc33ab96aa1, Nodes: 84eda2eb-aea9-437c-8414-760cea80ce07(fv-az41-747.zje5jq5y5x4uznwvdkgxk4wc2h.cx.internal.cloudapp.net/10.1.0.64), ReplicationConfig: RATIS/ONE, State:ALLOCATED, leaderId:, CreationTimestamp2023-05-17T09:09:07.730Z[Etc/UTC]].
2023-05-17 09:09:07,731 [RatisPipelineUtilsThread - 0] WARN  pipeline.PipelinePlacementPolicy (PipelinePlacementPolicy.java:filterViableNodes(160)) - Pipeline creation failed due to no sufficient healthy datanodes. Required 3. Found 1. Excluded 12.
2023-05-17 09:09:07,827 [Command processor thread] INFO  server.RaftServer (RaftServerProxy.java:addNew(98)) - b2b5d537-374d-472d-b9f1-d9543cb70a6b: addNew group-B75AFB471175:[b2b5d537-374d-472d-b9f1-d9543cb70a6b|rpc:10.1.0.64:15053|admin:10.1.0.64:15052|client:10.1.0.64:15051|dataStream:10.1.0.64:15054|priority:1|startupRole:FOLLOWER] returns group-B75AFB471175:java.util.concurrent.CompletableFuture@70384ec3[Not completed]
2023-05-17 09:09:07,828 [b2b5d537-374d-472d-b9f1-d9543cb70a6b-groupManagement] INFO  server.RaftServer$Division (RaftServerImpl.java:<init>(198)) - b2b5d537-374d-472d-b9f1-d9543cb70a6b: new RaftServerImpl for group-B75AFB471175:[b2b5d537-374d-472d-b9f1-d9543cb70a6b|rpc:10.1.0.64:15053|admin:10.1.0.64:15052|client:10.1.0.64:15051|dataStream:10.1.0.64:15054|priority:1|startupRole:FOLLOWER] with ContainerStateMachine:uninitialized
2023-05-17 09:09:07,833 [b2b5d537-374d-472d-b9f1-d9543cb70a6b-groupManagement] INFO  server.RaftServerConfigKeys (ConfUtils.java:logGet(46)) - raft.server.rpc.timeout.min = 5s (custom)
2023-05-17 09:09:07,833 [b2b5d537-374d-472d-b9f1-d9543cb70a6b-groupManagement] INFO  server.RaftServerConfigKeys (ConfUtils.java:logGet(46)) - raft.server.rpc.timeout.max = 5200ms (custom)
2023-05-17 09:09:07,833 [b2b5d537-374d-472d-b9f1-d9543cb70a6b-groupManagement] INFO  server.RaftServerConfigKeys (ConfUtils.java:logGet(46)) - raft.server.rpc.sleep.time = 25ms (default)
2023-05-17 09:09:07,833 [b2b5d537-374d-472d-b9f1-d9543cb70a6b-groupManagement] INFO  server.RaftServerConfigKeys (ConfUtils.java:logGet(46)) - raft.server.rpc.slowness.timeout = 300s (custom)
2023-05-17 09:09:07,833 [b2b5d537-374d-472d-b9f1-d9543cb70a6b-groupManagement] INFO  server.RaftServerConfigKeys (ConfUtils.java:logGet(46)) - raft.server.leaderelection.leader.step-down.wait-time = 10s (default)
2023-05-17 09:09:07,833 [b2b5d537-374d-472d-b9f1-d9543cb70a6b-groupManagement] INFO  server.RaftServerConfigKeys (ConfUtils.java:logGet(46)) - raft.server.sleep.deviation.threshold = 300ms (default)
2023-05-17 09:09:07,833 [b2b5d537-374d-472d-b9f1-d9543cb70a6b-groupManagement] INFO  server.RaftServer$Division (ServerState.java:<init>(120)) - b2b5d537-374d-472d-b9f1-d9543cb70a6b@group-B75AFB471175: ConfigurationManager, init=-1: peers:[b2b5d537-374d-472d-b9f1-d9543cb70a6b|rpc:10.1.0.64:15053|admin:10.1.0.64:15052|client:10.1.0.64:15051|dataStream:10.1.0.64:15054|priority:1|startupRole:FOLLOWER]|listeners:[], old=null, confs=<EMPTY_MAP>
2023-05-17 09:09:07,833 [b2b5d537-374d-472d-b9f1-d9543cb70a6b-groupManagement] INFO  server.RaftServerConfigKeys (ConfUtils.java:logGet(46)) - raft.server.storage.dir = [/home/runner/work/ozone/ozone/hadoop-ozone/integration-test/target/test-dir/MiniOzoneClusterImpl-21d14123-a168-44a2-bc0a-ee93e32dcc9b/datanode-5/data/ratis] (custom)
2023-05-17 09:09:07,834 [b2b5d537-374d-472d-b9f1-d9543cb70a6b-groupManagement] INFO  server.RaftServerConfigKeys (ConfUtils.java:logGet(46)) - raft.server.log.corruption.policy = EXCEPTION (default)
2023-05-17 09:09:07,834 [b2b5d537-374d-472d-b9f1-d9543cb70a6b-groupManagement] INFO  server.RaftServerConfigKeys (ConfUtils.java:logGet(46)) - raft.server.storage.free-space.min = 0MB (=0) (default)
2023-05-17 09:09:07,834 [b2b5d537-374d-472d-b9f1-d9543cb70a6b-groupManagement] INFO  server.RaftServerConfigKeys (ConfUtils.java:logGet(46)) - raft.server.notification.no-leader.timeout = 300s (custom)
2023-05-17 09:09:07,834 [b2b5d537-374d-472d-b9f1-d9543cb70a6b-groupManagement] INFO  server.RaftServerConfigKeys (ConfUtils.java:logGet(46)) - raft.server.read.timeout = 10s (default)
2023-05-17 09:09:07,835 [b2b5d537-374d-472d-b9f1-d9543cb70a6b-groupManagement] INFO  server.RaftServerConfigKeys (ConfUtils.java:logGet(46)) - raft.server.retrycache.expirytime = 600000ms (custom)
2023-05-17 09:09:07,835 [b2b5d537-374d-472d-b9f1-d9543cb70a6b-groupManagement] INFO  server.RaftServerConfigKeys (ConfUtils.java:logGet(46)) - raft.server.retrycache.statistics.expirytime = 100μs (default)
2023-05-17 09:09:07,835 [b2b5d537-374d-472d-b9f1-d9543cb70a6b-groupManagement] INFO  server.RaftServerConfigKeys (ConfUtils.java:logGet(46)) - raft.server.read.option = DEFAULT (default)
2023-05-17 09:09:07,838 [b2b5d537-374d-472d-b9f1-d9543cb70a6b-groupManagement] INFO  server.RaftServerConfigKeys (ConfUtils.java:logGet(46)) - raft.server.rpc.request.timeout = 60s (custom)
2023-05-17 09:09:07,838 [b2b5d537-374d-472d-b9f1-d9543cb70a6b-groupManagement] INFO  server.RaftServerConfigKeys (ConfUtils.java:logGet(46)) - raft.server.log.appender.install.snapshot.enabled = false (custom)
2023-05-17 09:09:07,838 [b2b5d537-374d-472d-b9f1-d9543cb70a6b-groupManagement] INFO  server.RaftServerConfigKeys (ConfUtils.java:logGet(46)) - raft.server.threadpool.server.cached = true (default)
2023-05-17 09:09:07,839 [b2b5d537-374d-472d-b9f1-d9543cb70a6b-groupManagement] INFO  server.RaftServerConfigKeys (ConfUtils.java:logGet(46)) - raft.server.threadpool.server.size = 0 (default)
2023-05-17 09:09:07,839 [b2b5d537-374d-472d-b9f1-d9543cb70a6b-groupManagement] INFO  server.RaftServerConfigKeys (ConfUtils.java:logGet(46)) - raft.server.threadpool.client.cached = true (default)
2023-05-17 09:09:07,839 [b2b5d537-374d-472d-b9f1-d9543cb70a6b-groupManagement] INFO  server.RaftServerConfigKeys (ConfUtils.java:logGet(46)) - raft.server.threadpool.client.size = 0 (default)
2023-05-17 09:09:07,839 [b2b5d537-374d-472d-b9f1-d9543cb70a6b-groupManagement] INFO  storage.RaftStorageDirectory (RaftStorageDirectoryImpl.java:analyzeStorage(137)) - The storage directory /home/runner/work/ozone/ozone/hadoop-ozone/integration-test/target/test-dir/MiniOzoneClusterImpl-21d14123-a168-44a2-bc0a-ee93e32dcc9b/datanode-5/data/ratis/0f07eb2f-4376-4576-958c-b75afb471175 does not exist. Creating ...
2023-05-17 09:09:07,866 [b2b5d537-374d-472d-b9f1-d9543cb70a6b-groupManagement] INFO  storage.RaftStorageDirectory (RaftStorageDirectoryImpl.java:tryLock(231)) - Lock on /home/runner/work/ozone/ozone/hadoop-ozone/integration-test/target/test-dir/MiniOzoneClusterImpl-21d14123-a168-44a2-bc0a-ee93e32dcc9b/datanode-5/data/ratis/0f07eb2f-4376-4576-958c-b75afb471175/in_use.lock acquired by nodename 2768@fv-az41-747
2023-05-17 09:09:07,870 [b98521b2-5644-4aab-8244-d2e66a88cd45-groupManagement] INFO  storage.RaftStorageDirectory (RaftStorageDirectoryImpl.java:tryLock(231)) - Lock on /home/runner/work/ozone/ozone/hadoop-ozone/integration-test/target/test-dir/MiniOzoneClusterImpl-21d14123-a168-44a2-bc0a-ee93e32dcc9b/datanode-4/data/ratis/d47b2150-c1eb-4d01-a4a9-a280b7adf8e8/in_use.lock acquired by nodename 2768@fv-az41-747
2023-05-17 09:09:07,927 [b2b5d537-374d-472d-b9f1-d9543cb70a6b-groupManagement] INFO  storage.RaftStorage (RaftStorageImpl.java:format(96)) - Storage directory /home/runner/work/ozone/ozone/hadoop-ozone/integration-test/target/test-dir/MiniOzoneClusterImpl-21d14123-a168-44a2-bc0a-ee93e32dcc9b/datanode-5/data/ratis/0f07eb2f-4376-4576-958c-b75afb471175 has been successfully formatted.
2023-05-17 09:09:07,929 [b2b5d537-374d-472d-b9f1-d9543cb70a6b-groupManagement] INFO  ratis.ContainerStateMachine (ContainerStateMachine.java:loadSnapshot(262)) - group-B75AFB471175: The snapshot info is null. Setting the last applied indexto:(t:0, i:~)
2023-05-17 09:09:07,929 [b2b5d537-374d-472d-b9f1-d9543cb70a6b-groupManagement] INFO  server.RaftServerConfigKeys (ConfUtils.java:logGet(46)) - raft.server.log.use.memory = false (default)
2023-05-17 09:09:07,929 [b2b5d537-374d-472d-b9f1-d9543cb70a6b-groupManagement] INFO  server.RaftServerConfigKeys (ConfUtils.java:logGet(46)) - raft.server.log.purge.gap = 1000000 (custom)
2023-05-17 09:09:07,932 [EventQueue-PipelineReportForPipelineReportHandler] INFO  pipeline.PipelineManagerImpl (PipelineManagerImpl.java:openPipeline(367)) - Pipeline Pipeline[ Id: 0f07eb2f-4376-4576-958c-b75afb471175, Nodes: b2b5d537-374d-472d-b9f1-d9543cb70a6b(fv-az41-747.zje5jq5y5x4uznwvdkgxk4wc2h.cx.internal.cloudapp.net/10.1.0.64), ReplicationConfig: RATIS/ONE, State:ALLOCATED, leaderId:b2b5d537-374d-472d-b9f1-d9543cb70a6b, CreationTimestamp2023-05-17T09:09:04.829Z[Etc/UTC]] moved to OPEN state
2023-05-17 09:09:07,933 [EventQueue-OpenPipelineForHealthyPipelineSafeModeRule] INFO  safemode.SCMSafeModeManager (HealthyPipelineSafeModeRule.java:process(137)) - SCM in safe mode. Healthy pipelines reported count is 0, required healthy pipeline reported count is 1
2023-05-17 09:09:07,933 [b2b5d537-374d-472d-b9f1-d9543cb70a6b-groupManagement] INFO  server.RaftServerConfigKeys (ConfUtils.java:logGet(46)) - raft.server.log.appender.buffer.byte-limit = 33554432 (custom)
2023-05-17 09:09:07,933 [b2b5d537-374d-472d-b9f1-d9543cb70a6b-groupManagement] INFO  server.RaftServerConfigKeys (ConfUtils.java:logGet(46)) - raft.server.log.statemachine.data.read.timeout = 1000ms (default)
2023-05-17 09:09:07,933 [b2b5d537-374d-472d-b9f1-d9543cb70a6b-groupManagement] INFO  server.RaftServerConfigKeys (ConfUtils.java:logGet(46)) - raft.server.log.purge.preservation.log.num = 0 (default)
2023-05-17 09:09:07,934 [b2b5d537-374d-472d-b9f1-d9543cb70a6b-groupManagement] INFO  server.RaftServerConfigKeys (ConfUtils.java:logGet(46)) - raft.server.log.segment.size.max = 1048576 (custom)
2023-05-17 09:09:07,934 [b2b5d537-374d-472d-b9f1-d9543cb70a6b-groupManagement] INFO  server.RaftServerConfigKeys (ConfUtils.java:logGet(46)) - raft.server.log.segment.cache.num.max = 2 (custom)
2023-05-17 09:09:07,934 [b2b5d537-374d-472d-b9f1-d9543cb70a6b-groupManagement] INFO  server.RaftServerConfigKeys (ConfUtils.java:logGet(46)) - raft.server.log.segment.cache.size.max = 200MB (=209715200) (default)
2023-05-17 09:09:07,934 [b2b5d537-374d-472d-b9f1-d9543cb70a6b-groupManagement] INFO  server.RaftServerConfigKeys (ConfUtils.java:logGet(46)) - raft.server.log.appender.buffer.byte-limit = 33554432 (custom)
2023-05-17 09:09:07,934 [b2b5d537-374d-472d-b9f1-d9543cb70a6b-groupManagement] INFO  segmented.SegmentedRaftLogWorker (SegmentedRaftLogWorker.java:<init>(188)) - new b2b5d537-374d-472d-b9f1-d9543cb70a6b@group-B75AFB471175-SegmentedRaftLogWorker for RaftStorageImpl:Storage Directory /home/runner/work/ozone/ozone/hadoop-ozone/integration-test/target/test-dir/MiniOzoneClusterImpl-21d14123-a168-44a2-bc0a-ee93e32dcc9b/datanode-5/data/ratis/0f07eb2f-4376-4576-958c-b75afb471175
2023-05-17 09:09:07,934 [b2b5d537-374d-472d-b9f1-d9543cb70a6b-groupManagement] INFO  server.RaftServerConfigKeys (ConfUtils.java:logGet(46)) - raft.server.log.queue.byte-limit = 4294967296 (custom)
2023-05-17 09:09:07,934 [b2b5d537-374d-472d-b9f1-d9543cb70a6b-groupManagement] INFO  server.RaftServerConfigKeys (ConfUtils.java:logGet(46)) - raft.server.log.queue.element-limit = 1024 (custom)
2023-05-17 09:09:07,934 [b2b5d537-374d-472d-b9f1-d9543cb70a6b-groupManagement] INFO  server.RaftServerConfigKeys (ConfUtils.java:logGet(46)) - raft.server.log.segment.size.max = 1048576 (custom)
2023-05-17 09:09:07,935 [b2b5d537-374d-472d-b9f1-d9543cb70a6b-groupManagement] INFO  server.RaftServerConfigKeys (ConfUtils.java:logGet(46)) - raft.server.log.preallocated.size = 16384 (custom)
2023-05-17 09:09:07,935 [b2b5d537-374d-472d-b9f1-d9543cb70a6b-groupManagement] INFO  server.RaftServerConfigKeys (ConfUtils.java:logGet(46)) - raft.server.log.force.sync.num = 128 (default)
2023-05-17 09:09:07,935 [b2b5d537-374d-472d-b9f1-d9543cb70a6b-groupManagement] INFO  server.RaftServerConfigKeys (ConfUtils.java:logGet(46)) - raft.server.log.statemachine.data.sync = true (default)
2023-05-17 09:09:07,935 [b2b5d537-374d-472d-b9f1-d9543cb70a6b-groupManagement] INFO  server.RaftServerConfigKeys (ConfUtils.java:logGet(46)) - raft.server.log.statemachine.data.sync.timeout = 10s (default)
2023-05-17 09:09:07,935 [b2b5d537-374d-472d-b9f1-d9543cb70a6b-groupManagement] INFO  server.RaftServerConfigKeys (ConfUtils.java:logGet(46)) - raft.server.log.statemachine.data.sync.timeout.retry = -1 (default)
2023-05-17 09:09:07,936 [b2b5d537-374d-472d-b9f1-d9543cb70a6b-groupManagement] INFO  server.RaftServerConfigKeys (ConfUtils.java:logGet(46)) - raft.server.log.write.buffer.size = 1048576 (custom)
2023-05-17 09:09:07,936 [b2b5d537-374d-472d-b9f1-d9543cb70a6b-groupManagement] INFO  server.RaftServerConfigKeys (ConfUtils.java:logGet(46)) - raft.server.log.appender.buffer.byte-limit = 33554432 (custom)
2023-05-17 09:09:07,941 [b2b5d537-374d-472d-b9f1-d9543cb70a6b-groupManagement] INFO  server.RaftServerConfigKeys (ConfUtils.java:logGet(46)) - raft.server.log.unsafe-flush.enabled = false (default)
2023-05-17 09:09:07,941 [b2b5d537-374d-472d-b9f1-d9543cb70a6b-groupManagement] INFO  server.RaftServerConfigKeys (ConfUtils.java:logGet(46)) - raft.server.log.async-flush.enabled = false (default)
2023-05-17 09:09:07,942 [b2b5d537-374d-472d-b9f1-d9543cb70a6b-groupManagement] INFO  server.RaftServerConfigKeys (ConfUtils.java:logGet(46)) - raft.server.log.statemachine.data.caching.enabled = true (custom)
2023-05-17 09:09:07,942 [b2b5d537-374d-472d-b9f1-d9543cb70a6b-groupManagement] INFO  segmented.SegmentedRaftLogWorker (SegmentedRaftLogWorker.java:lambda$new$0(135)) - b2b5d537-374d-472d-b9f1-d9543cb70a6b@group-B75AFB471175-SegmentedRaftLogWorker: flushIndex: setUnconditionally 0 -> -1
2023-05-17 09:09:07,942 [b2b5d537-374d-472d-b9f1-d9543cb70a6b-groupManagement] INFO  segmented.SegmentedRaftLogWorker (SegmentedRaftLogWorker.java:lambda$new$0(135)) - b2b5d537-374d-472d-b9f1-d9543cb70a6b@group-B75AFB471175-SegmentedRaftLogWorker: safeCacheEvictIndex: setUnconditionally 0 -> -1
2023-05-17 09:09:07,942 [b2b5d537-374d-472d-b9f1-d9543cb70a6b-groupManagement] INFO  server.RaftServer$Division (RaftServerImpl.java:start(342)) - b2b5d537-374d-472d-b9f1-d9543cb70a6b@group-B75AFB471175: start as a follower, conf=-1: peers:[b2b5d537-374d-472d-b9f1-d9543cb70a6b|rpc:10.1.0.64:15053|admin:10.1.0.64:15052|client:10.1.0.64:15051|dataStream:10.1.0.64:15054|priority:1|startupRole:FOLLOWER]|listeners:[], old=null
2023-05-17 09:09:07,942 [b2b5d537-374d-472d-b9f1-d9543cb70a6b-groupManagement] INFO  server.RaftServer$Division (RaftServerImpl.java:setRole(329)) - b2b5d537-374d-472d-b9f1-d9543cb70a6b@group-B75AFB471175: changes role from      null to FOLLOWER at term 0 for startAsFollower
2023-05-17 09:09:07,942 [b2b5d537-374d-472d-b9f1-d9543cb70a6b-groupManagement] INFO  impl.RoleInfo (RoleInfo.java:updateAndGet(139)) - b2b5d537-374d-472d-b9f1-d9543cb70a6b: start b2b5d537-374d-472d-b9f1-d9543cb70a6b@group-B75AFB471175-FollowerState
2023-05-17 09:09:07,943 [b2b5d537-374d-472d-b9f1-d9543cb70a6b-groupManagement] INFO  util.JmxRegister (JmxRegister.java:tryRegister(44)) - Successfully registered JMX Bean with object name Ratis:service=RaftServer,group=group-B75AFB471175,id=b2b5d537-374d-472d-b9f1-d9543cb70a6b
2023-05-17 09:09:07,943 [b2b5d537-374d-472d-b9f1-d9543cb70a6b-groupManagement] INFO  server.RaftServerConfigKeys (ConfUtils.java:logGet(46)) - raft.server.snapshot.auto.trigger.enabled = true (custom)
2023-05-17 09:09:07,943 [b2b5d537-374d-472d-b9f1-d9543cb70a6b-groupManagement] INFO  server.RaftServerConfigKeys (ConfUtils.java:logGet(46)) - raft.server.snapshot.auto.trigger.threshold = 10000 (custom)
2023-05-17 09:09:07,943 [b2b5d537-374d-472d-b9f1-d9543cb70a6b-groupManagement] INFO  server.RaftServerConfigKeys (ConfUtils.java:logGet(46)) - raft.server.snapshot.retention.file.num = 5 (custom)
2023-05-17 09:09:07,943 [b2b5d537-374d-472d-b9f1-d9543cb70a6b-groupManagement] INFO  server.RaftServerConfigKeys (ConfUtils.java:logGet(46)) - raft.server.log.purge.upto.snapshot.index = false (default)
2023-05-17 09:09:07,943 [b2b5d537-374d-472d-b9f1-d9543cb70a6b@group-B75AFB471175-FollowerState] INFO  server.RaftServerConfigKeys (ConfUtils.java:logFallback(53)) - raft.server.rpc.first-election.timeout.min = 5s (fallback to raft.server.rpc.timeout.min)
2023-05-17 09:09:07,944 [b2b5d537-374d-472d-b9f1-d9543cb70a6b@group-B75AFB471175-FollowerState] INFO  server.RaftServerConfigKeys (ConfUtils.java:logFallback(53)) - raft.server.rpc.first-election.timeout.max = 5200ms (fallback to raft.server.rpc.timeout.max)
2023-05-17 09:09:07,945 [Command processor thread] INFO  ratis.XceiverServerRatis (XceiverServerRatis.java:addGroup(806)) - Created group PipelineID=0f07eb2f-4376-4576-958c-b75afb471175
2023-05-17 09:09:07,945 [Command processor thread] INFO  commandhandler.CreatePipelineCommandHandler (CreatePipelineCommandHandler.java:handle(113)) - Created Pipeline RATIS ONE PipelineID=0f07eb2f-4376-4576-958c-b75afb471175.
2023-05-17 09:09:07,946 [Command processor thread] INFO  server.RaftServer (RaftServerProxy.java:addNew(98)) - b2b5d537-374d-472d-b9f1-d9543cb70a6b: addNew group-2EE872F2B0F0:[b2b5d537-374d-472d-b9f1-d9543cb70a6b|rpc:10.1.0.64:15053|admin:10.1.0.64:15052|client:10.1.0.64:15051|dataStream:10.1.0.64:15054|priority:0|startupRole:FOLLOWER, b98521b2-5644-4aab-8244-d2e66a88cd45|rpc:10.1.0.64:15045|admin:10.1.0.64:15044|client:10.1.0.64:15043|dataStream:10.1.0.64:15046|priority:1|startupRole:FOLLOWER, 57ed5fd8-a62b-44c8-9c66-83b6d5ca8b16|rpc:10.1.0.64:15037|admin:10.1.0.64:15036|client:10.1.0.64:15035|dataStream:10.1.0.64:15038|priority:0|startupRole:FOLLOWER] returns group-2EE872F2B0F0:java.util.concurrent.CompletableFuture@7407d41c[Not completed]
2023-05-17 09:09:07,946 [b2b5d537-374d-472d-b9f1-d9543cb70a6b-groupManagement] INFO  server.RaftServer$Division (RaftServerImpl.java:<init>(198)) - b2b5d537-374d-472d-b9f1-d9543cb70a6b: new RaftServerImpl for group-2EE872F2B0F0:[b2b5d537-374d-472d-b9f1-d9543cb70a6b|rpc:10.1.0.64:15053|admin:10.1.0.64:15052|client:10.1.0.64:15051|dataStream:10.1.0.64:15054|priority:0|startupRole:FOLLOWER, b98521b2-5644-4aab-8244-d2e66a88cd45|rpc:10.1.0.64:15045|admin:10.1.0.64:15044|client:10.1.0.64:15043|dataStream:10.1.0.64:15046|priority:1|startupRole:FOLLOWER, 57ed5fd8-a62b-44c8-9c66-83b6d5ca8b16|rpc:10.1.0.64:15037|admin:10.1.0.64:15036|client:10.1.0.64:15035|dataStream:10.1.0.64:15038|priority:0|startupRole:FOLLOWER] with ContainerStateMachine:uninitialized
2023-05-17 09:09:07,947 [b2b5d537-374d-472d-b9f1-d9543cb70a6b-groupManagement] INFO  server.RaftServerConfigKeys (ConfUtils.java:logGet(46)) - raft.server.rpc.timeout.min = 5s (custom)
2023-05-17 09:09:07,947 [b2b5d537-374d-472d-b9f1-d9543cb70a6b-groupManagement] INFO  server.RaftServerConfigKeys (ConfUtils.java:logGet(46)) - raft.server.rpc.timeout.max = 5200ms (custom)
2023-05-17 09:09:07,947 [b2b5d537-374d-472d-b9f1-d9543cb70a6b-groupManagement] INFO  server.RaftServerConfigKeys (ConfUtils.java:logGet(46)) - raft.server.rpc.sleep.time = 25ms (default)
2023-05-17 09:09:07,947 [b2b5d537-374d-472d-b9f1-d9543cb70a6b-groupManagement] INFO  server.RaftServerConfigKeys (ConfUtils.java:logGet(46)) - raft.server.rpc.slowness.timeout = 300s (custom)
2023-05-17 09:09:07,947 [b2b5d537-374d-472d-b9f1-d9543cb70a6b-groupManagement] INFO  server.RaftServerConfigKeys (ConfUtils.java:logGet(46)) - raft.server.leaderelection.leader.step-down.wait-time = 10s (default)
2023-05-17 09:09:07,947 [b2b5d537-374d-472d-b9f1-d9543cb70a6b-groupManagement] INFO  server.RaftServerConfigKeys (ConfUtils.java:logGet(46)) - raft.server.sleep.deviation.threshold = 300ms (default)
2023-05-17 09:09:07,947 [b2b5d537-374d-472d-b9f1-d9543cb70a6b-groupManagement] INFO  server.RaftServer$Division (ServerState.java:<init>(120)) - b2b5d537-374d-472d-b9f1-d9543cb70a6b@group-2EE872F2B0F0: ConfigurationManager, init=-1: peers:[b2b5d537-374d-472d-b9f1-d9543cb70a6b|rpc:10.1.0.64:15053|admin:10.1.0.64:15052|client:10.1.0.64:15051|dataStream:10.1.0.64:15054|priority:0|startupRole:FOLLOWER, b98521b2-5644-4aab-8244-d2e66a88cd45|rpc:10.1.0.64:15045|admin:10.1.0.64:15044|client:10.1.0.64:15043|dataStream:10.1.0.64:15046|priority:1|startupRole:FOLLOWER, 57ed5fd8-a62b-44c8-9c66-83b6d5ca8b16|rpc:10.1.0.64:15037|admin:10.1.0.64:15036|client:10.1.0.64:15035|dataStream:10.1.0.64:15038|priority:0|startupRole:FOLLOWER]|listeners:[], old=null, confs=<EMPTY_MAP>
2023-05-17 09:09:07,947 [b2b5d537-374d-472d-b9f1-d9543cb70a6b-groupManagement] INFO  server.RaftServerConfigKeys (ConfUtils.java:logGet(46)) - raft.server.storage.dir = [/home/runner/work/ozone/ozone/hadoop-ozone/integration-test/target/test-dir/MiniOzoneClusterImpl-21d14123-a168-44a2-bc0a-ee93e32dcc9b/datanode-5/data/ratis] (custom)
2023-05-17 09:09:07,947 [b2b5d537-374d-472d-b9f1-d9543cb70a6b-groupManagement] INFO  server.RaftServerConfigKeys (ConfUtils.java:logGet(46)) - raft.server.log.corruption.policy = EXCEPTION (default)
2023-05-17 09:09:07,947 [b2b5d537-374d-472d-b9f1-d9543cb70a6b-groupManagement] INFO  server.RaftServerConfigKeys (ConfUtils.java:logGet(46)) - raft.server.storage.free-space.min = 0MB (=0) (default)
2023-05-17 09:09:07,947 [b2b5d537-374d-472d-b9f1-d9543cb70a6b-groupManagement] INFO  server.RaftServerConfigKeys (ConfUtils.java:logGet(46)) - raft.server.notification.no-leader.timeout = 300s (custom)
2023-05-17 09:09:07,947 [b2b5d537-374d-472d-b9f1-d9543cb70a6b-groupManagement] INFO  server.RaftServerConfigKeys (ConfUtils.java:logGet(46)) - raft.server.read.timeout = 10s (default)
2023-05-17 09:09:07,947 [b2b5d537-374d-472d-b9f1-d9543cb70a6b-groupManagement] INFO  server.RaftServerConfigKeys (ConfUtils.java:logGet(46)) - raft.server.retrycache.expirytime = 600000ms (custom)
2023-05-17 09:09:07,947 [b2b5d537-374d-472d-b9f1-d9543cb70a6b-groupManagement] INFO  server.RaftServerConfigKeys (ConfUtils.java:logGet(46)) - raft.server.retrycache.statistics.expirytime = 100μs (default)
2023-05-17 09:09:07,948 [b2b5d537-374d-472d-b9f1-d9543cb70a6b-groupManagement] INFO  server.RaftServerConfigKeys (ConfUtils.java:logGet(46)) - raft.server.read.option = DEFAULT (default)
2023-05-17 09:09:07,949 [b2b5d537-374d-472d-b9f1-d9543cb70a6b-groupManagement] INFO  server.RaftServerConfigKeys (ConfUtils.java:logGet(46)) - raft.server.rpc.request.timeout = 60s (custom)
2023-05-17 09:09:07,949 [b2b5d537-374d-472d-b9f1-d9543cb70a6b-groupManagement] INFO  server.RaftServerConfigKeys (ConfUtils.java:logGet(46)) - raft.server.log.appender.install.snapshot.enabled = false (custom)
2023-05-17 09:09:07,949 [b2b5d537-374d-472d-b9f1-d9543cb70a6b-groupManagement] INFO  server.RaftServerConfigKeys (ConfUtils.java:logGet(46)) - raft.server.threadpool.server.cached = true (default)
2023-05-17 09:09:07,949 [b2b5d537-374d-472d-b9f1-d9543cb70a6b-groupManagement] INFO  server.RaftServerConfigKeys (ConfUtils.java:logGet(46)) - raft.server.threadpool.server.size = 0 (default)
2023-05-17 09:09:07,949 [b2b5d537-374d-472d-b9f1-d9543cb70a6b-groupManagement] INFO  server.RaftServerConfigKeys (ConfUtils.java:logGet(46)) - raft.server.threadpool.client.cached = true (default)
2023-05-17 09:09:07,949 [b2b5d537-374d-472d-b9f1-d9543cb70a6b-groupManagement] INFO  server.RaftServerConfigKeys (ConfUtils.java:logGet(46)) - raft.server.threadpool.client.size = 0 (default)
2023-05-17 09:09:07,949 [b2b5d537-374d-472d-b9f1-d9543cb70a6b-groupManagement] INFO  storage.RaftStorageDirectory (RaftStorageDirectoryImpl.java:analyzeStorage(137)) - The storage directory /home/runner/work/ozone/ozone/hadoop-ozone/integration-test/target/test-dir/MiniOzoneClusterImpl-21d14123-a168-44a2-bc0a-ee93e32dcc9b/datanode-5/data/ratis/aa48e33c-f708-467c-8cb5-2ee872f2b0f0 does not exist. Creating ...
2023-05-17 09:09:08,093 [IPC Server handler 12 on default port 15002] INFO  net.NetworkTopologyImpl (NetworkTopologyImpl.java:add(112)) - Added a new node: /default-rack/5b11b4e3-e601-4d3f-be34-f92c0e1a86f6
2023-05-17 09:09:08,093 [IPC Server handler 12 on default port 15002] INFO  node.SCMNodeManager (SCMNodeManager.java:register(407)) - Registered Data node : 5b11b4e3-e601-4d3f-be34-f92c0e1a86f6{ip: 10.1.0.64, host: fv-az41-747.zje5jq5y5x4uznwvdkgxk4wc2h.cx.internal.cloudapp.net, ports: [HTTP=15113, REPLICATION=15119, RATIS=15115, RATIS_ADMIN=15116, RATIS_SERVER=15117, RATIS_DATASTREAM=15118, STANDALONE=15114], networkLocation: /default-rack, certSerialId: null, persistedOpState: null, persistedOpStateExpiryEpochSec: 0}
2023-05-17 09:09:08,093 [EventQueue-NewNodeForNewNodeHandler] INFO  pipeline.BackgroundPipelineCreator (BackgroundPipelineCreator.java:notifyEventTriggered(276)) - trigger a one-shot run on RatisPipelineUtilsThread.
2023-05-17 09:09:08,094 [RatisPipelineUtilsThread - 0] INFO  pipeline.RatisPipelineProvider (RatisPipelineProvider.java:lambda$create$0(206)) - Sending CreatePipelineCommand for pipeline:PipelineID=33fa0edf-ed91-4038-93a3-c54f32ed35c2 to datanode:5b11b4e3-e601-4d3f-be34-f92c0e1a86f6
2023-05-17 09:09:08,094 [RatisPipelineUtilsThread - 0] INFO  pipeline.PipelineStateManagerImpl (PipelineStateManagerImpl.java:addPipeline(103)) - Created pipeline Pipeline[ Id: 33fa0edf-ed91-4038-93a3-c54f32ed35c2, Nodes: 5b11b4e3-e601-4d3f-be34-f92c0e1a86f6(fv-az41-747.zje5jq5y5x4uznwvdkgxk4wc2h.cx.internal.cloudapp.net/10.1.0.64), ReplicationConfig: RATIS/ONE, State:ALLOCATED, leaderId:, CreationTimestamp2023-05-17T09:09:08.094Z[Etc/UTC]].
2023-05-17 09:09:08,095 [RatisPipelineUtilsThread - 0] WARN  pipeline.PipelinePlacementPolicy (PipelinePlacementPolicy.java:filterViableNodes(160)) - Pipeline creation failed due to no sufficient healthy datanodes. Required 3. Found 2. Excluded 12.
2023-05-17 09:09:08,114 [Listener at 127.0.0.1/15004] INFO  ozone.MiniOzoneClusterImpl (MiniOzoneClusterImpl.java:lambda$waitForClusterToBeReady$0(222)) - Nodes are ready. Got 14 of 14 DN Heartbeats.
2023-05-17 09:09:08,114 [Listener at 127.0.0.1/15004] INFO  ozone.MiniOzoneClusterImpl (MiniOzoneClusterImpl.java:lambda$waitForClusterToBeReady$0(225)) - Waiting for cluster to exit safe mode
2023-05-17 09:09:08,114 [Listener at 127.0.0.1/15004] INFO  ozone.MiniOzoneClusterImpl (MiniOzoneClusterImpl.java:lambda$waitForClusterToBeReady$0(227)) - SCM became leader
2023-05-17 09:09:08,124 [b98521b2-5644-4aab-8244-d2e66a88cd45-groupManagement] INFO  storage.RaftStorage (RaftStorageImpl.java:format(96)) - Storage directory /home/runner/work/ozone/ozone/hadoop-ozone/integration-test/target/test-dir/MiniOzoneClusterImpl-21d14123-a168-44a2-bc0a-ee93e32dcc9b/datanode-4/data/ratis/d47b2150-c1eb-4d01-a4a9-a280b7adf8e8 has been successfully formatted.
2023-05-17 09:09:08,126 [b98521b2-5644-4aab-8244-d2e66a88cd45-groupManagement] INFO  ratis.ContainerStateMachine (ContainerStateMachine.java:loadSnapshot(262)) - group-A280B7ADF8E8: The snapshot info is null. Setting the last applied indexto:(t:0, i:~)
2023-05-17 09:09:08,127 [b98521b2-5644-4aab-8244-d2e66a88cd45-groupManagement] INFO  server.RaftServerConfigKeys (ConfUtils.java:logGet(46)) - raft.server.log.use.memory = false (default)
2023-05-17 09:09:08,127 [b98521b2-5644-4aab-8244-d2e66a88cd45-groupManagement] INFO  server.RaftServerConfigKeys (ConfUtils.java:logGet(46)) - raft.server.log.purge.gap = 1000000 (custom)
2023-05-17 09:09:08,127 [b98521b2-5644-4aab-8244-d2e66a88cd45-groupManagement] INFO  server.RaftServerConfigKeys (ConfUtils.java:logGet(46)) - raft.server.log.appender.buffer.byte-limit = 33554432 (custom)
2023-05-17 09:09:08,127 [b98521b2-5644-4aab-8244-d2e66a88cd45-groupManagement] INFO  server.RaftServerConfigKeys (ConfUtils.java:logGet(46)) - raft.server.log.statemachine.data.read.timeout = 1000ms (default)
2023-05-17 09:09:08,127 [b98521b2-5644-4aab-8244-d2e66a88cd45-groupManagement] INFO  server.RaftServerConfigKeys (ConfUtils.java:logGet(46)) - raft.server.log.purge.preservation.log.num = 0 (default)
2023-05-17 09:09:08,127 [b98521b2-5644-4aab-8244-d2e66a88cd45-groupManagement] INFO  server.RaftServerConfigKeys (ConfUtils.java:logGet(46)) - raft.server.log.segment.size.max = 1048576 (custom)
2023-05-17 09:09:08,128 [b98521b2-5644-4aab-8244-d2e66a88cd45-groupManagement] INFO  server.RaftServerConfigKeys (ConfUtils.java:logGet(46)) - raft.server.log.segment.cache.num.max = 2 (custom)
2023-05-17 09:09:08,128 [b98521b2-5644-4aab-8244-d2e66a88cd45-groupManagement] INFO  server.RaftServerConfigKeys (ConfUtils.java:logGet(46)) - raft.server.log.segment.cache.size.max = 200MB (=209715200) (default)
2023-05-17 09:09:08,128 [b98521b2-5644-4aab-8244-d2e66a88cd45-groupManagement] INFO  server.RaftServerConfigKeys (ConfUtils.java:logGet(46)) - raft.server.log.appender.buffer.byte-limit = 33554432 (custom)
2023-05-17 09:09:08,128 [b98521b2-5644-4aab-8244-d2e66a88cd45-groupManagement] INFO  segmented.SegmentedRaftLogWorker (SegmentedRaftLogWorker.java:<init>(188)) - new b98521b2-5644-4aab-8244-d2e66a88cd45@group-A280B7ADF8E8-SegmentedRaftLogWorker for RaftStorageImpl:Storage Directory /home/runner/work/ozone/ozone/hadoop-ozone/integration-test/target/test-dir/MiniOzoneClusterImpl-21d14123-a168-44a2-bc0a-ee93e32dcc9b/datanode-4/data/ratis/d47b2150-c1eb-4d01-a4a9-a280b7adf8e8
2023-05-17 09:09:08,128 [b98521b2-5644-4aab-8244-d2e66a88cd45-groupManagement] INFO  server.RaftServerConfigKeys (ConfUtils.java:logGet(46)) - raft.server.log.queue.byte-limit = 4294967296 (custom)
2023-05-17 09:09:08,132 [EventQueue-PipelineReportForPipelineReportHandler] INFO  pipeline.PipelineManagerImpl (PipelineManagerImpl.java:openPipeline(367)) - Pipeline Pipeline[ Id: d47b2150-c1eb-4d01-a4a9-a280b7adf8e8, Nodes: b98521b2-5644-4aab-8244-d2e66a88cd45(fv-az41-747.zje5jq5y5x4uznwvdkgxk4wc2h.cx.internal.cloudapp.net/10.1.0.64), ReplicationConfig: RATIS/ONE, State:ALLOCATED, leaderId:b98521b2-5644-4aab-8244-d2e66a88cd45, CreationTimestamp2023-05-17T09:09:04.516Z[Etc/UTC]] moved to OPEN state
2023-05-17 09:09:08,132 [b98521b2-5644-4aab-8244-d2e66a88cd45-groupManagement] INFO  server.RaftServerConfigKeys (ConfUtils.java:logGet(46)) - raft.server.log.queue.element-limit = 1024 (custom)
2023-05-17 09:09:08,132 [b98521b2-5644-4aab-8244-d2e66a88cd45-groupManagement] INFO  server.RaftServerConfigKeys (ConfUtils.java:logGet(46)) - raft.server.log.segment.size.max = 1048576 (custom)
2023-05-17 09:09:08,132 [b98521b2-5644-4aab-8244-d2e66a88cd45-groupManagement] INFO  server.RaftServerConfigKeys (ConfUtils.java:logGet(46)) - raft.server.log.preallocated.size = 16384 (custom)
2023-05-17 09:09:08,132 [EventQueue-OpenPipelineForHealthyPipelineSafeModeRule] INFO  safemode.SCMSafeModeManager (HealthyPipelineSafeModeRule.java:process(137)) - SCM in safe mode. Healthy pipelines reported count is 0, required healthy pipeline reported count is 1
2023-05-17 09:09:08,132 [b98521b2-5644-4aab-8244-d2e66a88cd45-groupManagement] INFO  server.RaftServerConfigKeys (ConfUtils.java:logGet(46)) - raft.server.log.force.sync.num = 128 (default)
2023-05-17 09:09:08,132 [b98521b2-5644-4aab-8244-d2e66a88cd45-groupManagement] INFO  server.RaftServerConfigKeys (ConfUtils.java:logGet(46)) - raft.server.log.statemachine.data.sync = true (default)
2023-05-17 09:09:08,132 [b98521b2-5644-4aab-8244-d2e66a88cd45-groupManagement] INFO  server.RaftServerConfigKeys (ConfUtils.java:logGet(46)) - raft.server.log.statemachine.data.sync.timeout = 10s (default)
2023-05-17 09:09:08,132 [b98521b2-5644-4aab-8244-d2e66a88cd45-groupManagement] INFO  server.RaftServerConfigKeys (ConfUtils.java:logGet(46)) - raft.server.log.statemachine.data.sync.timeout.retry = -1 (default)
2023-05-17 09:09:08,134 [b98521b2-5644-4aab-8244-d2e66a88cd45-groupManagement] INFO  server.RaftServerConfigKeys (ConfUtils.java:logGet(46)) - raft.server.log.write.buffer.size = 1048576 (custom)
2023-05-17 09:09:08,134 [b98521b2-5644-4aab-8244-d2e66a88cd45-groupManagement] INFO  server.RaftServerConfigKeys (ConfUtils.java:logGet(46)) - raft.server.log.appender.buffer.byte-limit = 33554432 (custom)
2023-05-17 09:09:08,139 [b98521b2-5644-4aab-8244-d2e66a88cd45-groupManagement] INFO  server.RaftServerConfigKeys (ConfUtils.java:logGet(46)) - raft.server.log.unsafe-flush.enabled = false (default)
2023-05-17 09:09:08,140 [b98521b2-5644-4aab-8244-d2e66a88cd45-groupManagement] INFO  server.RaftServerConfigKeys (ConfUtils.java:logGet(46)) - raft.server.log.async-flush.enabled = false (default)
2023-05-17 09:09:08,140 [b98521b2-5644-4aab-8244-d2e66a88cd45-groupManagement] INFO  server.RaftServerConfigKeys (ConfUtils.java:logGet(46)) - raft.server.log.statemachine.data.caching.enabled = true (custom)
2023-05-17 09:09:08,140 [b98521b2-5644-4aab-8244-d2e66a88cd45-groupManagement] INFO  segmented.SegmentedRaftLogWorker (SegmentedRaftLogWorker.java:lambda$new$0(135)) - b98521b2-5644-4aab-8244-d2e66a88cd45@group-A280B7ADF8E8-SegmentedRaftLogWorker: flushIndex: setUnconditionally 0 -> -1
2023-05-17 09:09:08,140 [b98521b2-5644-4aab-8244-d2e66a88cd45-groupManagement] INFO  segmented.SegmentedRaftLogWorker (SegmentedRaftLogWorker.java:lambda$new$0(135)) - b98521b2-5644-4aab-8244-d2e66a88cd45@group-A280B7ADF8E8-SegmentedRaftLogWorker: safeCacheEvictIndex: setUnconditionally 0 -> -1
2023-05-17 09:09:08,140 [b98521b2-5644-4aab-8244-d2e66a88cd45-groupManagement] INFO  server.RaftServer$Division (RaftServerImpl.java:start(342)) - b98521b2-5644-4aab-8244-d2e66a88cd45@group-A280B7ADF8E8: start as a follower, conf=-1: peers:[b98521b2-5644-4aab-8244-d2e66a88cd45|rpc:10.1.0.64:15045|admin:10.1.0.64:15044|client:10.1.0.64:15043|dataStream:10.1.0.64:15046|priority:1|startupRole:FOLLOWER]|listeners:[], old=null
2023-05-17 09:09:08,141 [b98521b2-5644-4aab-8244-d2e66a88cd45-groupManagement] INFO  server.RaftServer$Division (RaftServerImpl.java:setRole(329)) - b98521b2-5644-4aab-8244-d2e66a88cd45@group-A280B7ADF8E8: changes role from      null to FOLLOWER at term 0 for startAsFollower
2023-05-17 09:09:08,141 [b98521b2-5644-4aab-8244-d2e66a88cd45-groupManagement] INFO  impl.RoleInfo (RoleInfo.java:updateAndGet(139)) - b98521b2-5644-4aab-8244-d2e66a88cd45: start b98521b2-5644-4aab-8244-d2e66a88cd45@group-A280B7ADF8E8-FollowerState
2023-05-17 09:09:08,141 [b98521b2-5644-4aab-8244-d2e66a88cd45-groupManagement] INFO  util.JmxRegister (JmxRegister.java:tryRegister(44)) - Successfully registered JMX Bean with object name Ratis:service=RaftServer,group=group-A280B7ADF8E8,id=b98521b2-5644-4aab-8244-d2e66a88cd45
2023-05-17 09:09:08,141 [b98521b2-5644-4aab-8244-d2e66a88cd45-groupManagement] INFO  server.RaftServerConfigKeys (ConfUtils.java:logGet(46)) - raft.server.snapshot.auto.trigger.enabled = true (custom)
2023-05-17 09:09:08,141 [b98521b2-5644-4aab-8244-d2e66a88cd45-groupManagement] INFO  server.RaftServerConfigKeys (ConfUtils.java:logGet(46)) - raft.server.snapshot.auto.trigger.threshold = 10000 (custom)
2023-05-17 09:09:08,141 [b98521b2-5644-4aab-8244-d2e66a88cd45-groupManagement] INFO  server.RaftServerConfigKeys (ConfUtils.java:logGet(46)) - raft.server.snapshot.retention.file.num = 5 (custom)
2023-05-17 09:09:08,141 [b98521b2-5644-4aab-8244-d2e66a88cd45-groupManagement] INFO  server.RaftServerConfigKeys (ConfUtils.java:logGet(46)) - raft.server.log.purge.upto.snapshot.index = false (default)
2023-05-17 09:09:08,142 [b98521b2-5644-4aab-8244-d2e66a88cd45@group-A280B7ADF8E8-FollowerState] INFO  server.RaftServerConfigKeys (ConfUtils.java:logFallback(53)) - raft.server.rpc.first-election.timeout.min = 5s (fallback to raft.server.rpc.timeout.min)
2023-05-17 09:09:08,142 [b98521b2-5644-4aab-8244-d2e66a88cd45@group-A280B7ADF8E8-FollowerState] INFO  server.RaftServerConfigKeys (ConfUtils.java:logFallback(53)) - raft.server.rpc.first-election.timeout.max = 5200ms (fallback to raft.server.rpc.timeout.max)
2023-05-17 09:09:08,149 [b98521b2-5644-4aab-8244-d2e66a88cd45-groupManagement] INFO  server.RaftServer$Division (RaftServerImpl.java:<init>(198)) - b98521b2-5644-4aab-8244-d2e66a88cd45: new RaftServerImpl for group-2EE872F2B0F0:[b2b5d537-374d-472d-b9f1-d9543cb70a6b|rpc:10.1.0.64:15053|admin:10.1.0.64:15052|client:10.1.0.64:15051|dataStream:10.1.0.64:15054|priority:0|startupRole:FOLLOWER, b98521b2-5644-4aab-8244-d2e66a88cd45|rpc:10.1.0.64:15045|admin:10.1.0.64:15044|client:10.1.0.64:15043|dataStream:10.1.0.64:15046|priority:1|startupRole:FOLLOWER, 57ed5fd8-a62b-44c8-9c66-83b6d5ca8b16|rpc:10.1.0.64:15037|admin:10.1.0.64:15036|client:10.1.0.64:15035|dataStream:10.1.0.64:15038|priority:0|startupRole:FOLLOWER] with ContainerStateMachine:uninitialized
2023-05-17 09:09:08,149 [b98521b2-5644-4aab-8244-d2e66a88cd45-groupManagement] INFO  server.RaftServerConfigKeys (ConfUtils.java:logGet(46)) - raft.server.rpc.timeout.min = 5s (custom)
2023-05-17 09:09:08,149 [b98521b2-5644-4aab-8244-d2e66a88cd45-groupManagement] INFO  server.RaftServerConfigKeys (ConfUtils.java:logGet(46)) - raft.server.rpc.timeout.max = 5200ms (custom)
2023-05-17 09:09:08,149 [b98521b2-5644-4aab-8244-d2e66a88cd45-groupManagement] INFO  server.RaftServerConfigKeys (ConfUtils.java:logGet(46)) - raft.server.rpc.sleep.time = 25ms (default)
2023-05-17 09:09:08,149 [b98521b2-5644-4aab-8244-d2e66a88cd45-groupManagement] INFO  server.RaftServerConfigKeys (ConfUtils.java:logGet(46)) - raft.server.rpc.slowness.timeout = 300s (custom)
2023-05-17 09:09:08,149 [b98521b2-5644-4aab-8244-d2e66a88cd45-groupManagement] INFO  server.RaftServerConfigKeys (ConfUtils.java:logGet(46)) - raft.server.leaderelection.leader.step-down.wait-time = 10s (default)
2023-05-17 09:09:08,149 [b98521b2-5644-4aab-8244-d2e66a88cd45-groupManagement] INFO  server.RaftServerConfigKeys (ConfUtils.java:logGet(46)) - raft.server.sleep.deviation.threshold = 300ms (default)
2023-05-17 09:09:08,149 [b98521b2-5644-4aab-8244-d2e66a88cd45-groupManagement] INFO  server.RaftServer$Division (ServerState.java:<init>(120)) - b98521b2-5644-4aab-8244-d2e66a88cd45@group-2EE872F2B0F0: ConfigurationManager, init=-1: peers:[b2b5d537-374d-472d-b9f1-d9543cb70a6b|rpc:10.1.0.64:15053|admin:10.1.0.64:15052|client:10.1.0.64:15051|dataStream:10.1.0.64:15054|priority:0|startupRole:FOLLOWER, b98521b2-5644-4aab-8244-d2e66a88cd45|rpc:10.1.0.64:15045|admin:10.1.0.64:15044|client:10.1.0.64:15043|dataStream:10.1.0.64:15046|priority:1|startupRole:FOLLOWER, 57ed5fd8-a62b-44c8-9c66-83b6d5ca8b16|rpc:10.1.0.64:15037|admin:10.1.0.64:15036|client:10.1.0.64:15035|dataStream:10.1.0.64:15038|priority:0|startupRole:FOLLOWER]|listeners:[], old=null, confs=<EMPTY_MAP>
2023-05-17 09:09:08,149 [b98521b2-5644-4aab-8244-d2e66a88cd45-groupManagement] INFO  server.RaftServerConfigKeys (ConfUtils.java:logGet(46)) - raft.server.storage.dir = [/home/runner/work/ozone/ozone/hadoop-ozone/integration-test/target/test-dir/MiniOzoneClusterImpl-21d14123-a168-44a2-bc0a-ee93e32dcc9b/datanode-4/data/ratis] (custom)
2023-05-17 09:09:08,150 [b98521b2-5644-4aab-8244-d2e66a88cd45-groupManagement] INFO  server.RaftServerConfigKeys (ConfUtils.java:logGet(46)) - raft.server.log.corruption.policy = EXCEPTION (default)
2023-05-17 09:09:08,150 [Command processor thread] INFO  ratis.XceiverServerRatis (XceiverServerRatis.java:addGroup(806)) - Created group PipelineID=d47b2150-c1eb-4d01-a4a9-a280b7adf8e8
2023-05-17 09:09:08,150 [Command processor thread] INFO  commandhandler.CreatePipelineCommandHandler (CreatePipelineCommandHandler.java:handle(113)) - Created Pipeline RATIS ONE PipelineID=d47b2150-c1eb-4d01-a4a9-a280b7adf8e8.
2023-05-17 09:09:08,150 [Command processor thread] INFO  server.RaftServer (RaftServerProxy.java:addNew(98)) - b98521b2-5644-4aab-8244-d2e66a88cd45: addNew group-CDB51B945669:[b2b5d537-374d-472d-b9f1-d9543cb70a6b|rpc:10.1.0.64:15053|admin:10.1.0.64:15052|client:10.1.0.64:15051|dataStream:10.1.0.64:15054|priority:0|startupRole:FOLLOWER, b98521b2-5644-4aab-8244-d2e66a88cd45|rpc:10.1.0.64:15045|admin:10.1.0.64:15044|client:10.1.0.64:15043|dataStream:10.1.0.64:15046|priority:0|startupRole:FOLLOWER, 57ed5fd8-a62b-44c8-9c66-83b6d5ca8b16|rpc:10.1.0.64:15037|admin:10.1.0.64:15036|client:10.1.0.64:15035|dataStream:10.1.0.64:15038|priority:1|startupRole:FOLLOWER] returns group-CDB51B945669:java.util.concurrent.CompletableFuture@7a103caa[Not completed]
2023-05-17 09:09:08,151 [b98521b2-5644-4aab-8244-d2e66a88cd45-groupManagement] INFO  server.RaftServerConfigKeys (ConfUtils.java:logGet(46)) - raft.server.storage.free-space.min = 0MB (=0) (default)
2023-05-17 09:09:08,151 [b98521b2-5644-4aab-8244-d2e66a88cd45-groupManagement] INFO  server.RaftServerConfigKeys (ConfUtils.java:logGet(46)) - raft.server.notification.no-leader.timeout = 300s (custom)
2023-05-17 09:09:08,151 [b98521b2-5644-4aab-8244-d2e66a88cd45-groupManagement] INFO  server.RaftServerConfigKeys (ConfUtils.java:logGet(46)) - raft.server.read.timeout = 10s (default)
2023-05-17 09:09:08,152 [b98521b2-5644-4aab-8244-d2e66a88cd45-groupManagement] INFO  server.RaftServerConfigKeys (ConfUtils.java:logGet(46)) - raft.server.retrycache.expirytime = 600000ms (custom)
2023-05-17 09:09:08,152 [b98521b2-5644-4aab-8244-d2e66a88cd45-groupManagement] INFO  server.RaftServerConfigKeys (ConfUtils.java:logGet(46)) - raft.server.retrycache.statistics.expirytime = 100μs (default)
2023-05-17 09:09:08,152 [b98521b2-5644-4aab-8244-d2e66a88cd45-groupManagement] INFO  server.RaftServerConfigKeys (ConfUtils.java:logGet(46)) - raft.server.read.option = DEFAULT (default)
2023-05-17 09:09:08,153 [b98521b2-5644-4aab-8244-d2e66a88cd45-groupManagement] INFO  server.RaftServerConfigKeys (ConfUtils.java:logGet(46)) - raft.server.rpc.request.timeout = 60s (custom)
2023-05-17 09:09:08,153 [b98521b2-5644-4aab-8244-d2e66a88cd45-groupManagement] INFO  server.RaftServerConfigKeys (ConfUtils.java:logGet(46)) - raft.server.log.appender.install.snapshot.enabled = false (custom)
2023-05-17 09:09:08,153 [b98521b2-5644-4aab-8244-d2e66a88cd45-groupManagement] INFO  server.RaftServerConfigKeys (ConfUtils.java:logGet(46)) - raft.server.threadpool.server.cached = true (default)
2023-05-17 09:09:08,153 [b98521b2-5644-4aab-8244-d2e66a88cd45-groupManagement] INFO  server.RaftServerConfigKeys (ConfUtils.java:logGet(46)) - raft.server.threadpool.server.size = 0 (default)
2023-05-17 09:09:08,153 [b98521b2-5644-4aab-8244-d2e66a88cd45-groupManagement] INFO  server.RaftServerConfigKeys (ConfUtils.java:logGet(46)) - raft.server.threadpool.client.cached = true (default)
2023-05-17 09:09:08,153 [b98521b2-5644-4aab-8244-d2e66a88cd45-groupManagement] INFO  server.RaftServerConfigKeys (ConfUtils.java:logGet(46)) - raft.server.threadpool.client.size = 0 (default)
2023-05-17 09:09:08,154 [b98521b2-5644-4aab-8244-d2e66a88cd45-groupManagement] INFO  server.RaftServer$Division (RaftServerImpl.java:<init>(198)) - b98521b2-5644-4aab-8244-d2e66a88cd45: new RaftServerImpl for group-CDB51B945669:[b2b5d537-374d-472d-b9f1-d9543cb70a6b|rpc:10.1.0.64:15053|admin:10.1.0.64:15052|client:10.1.0.64:15051|dataStream:10.1.0.64:15054|priority:0|startupRole:FOLLOWER, b98521b2-5644-4aab-8244-d2e66a88cd45|rpc:10.1.0.64:15045|admin:10.1.0.64:15044|client:10.1.0.64:15043|dataStream:10.1.0.64:15046|priority:0|startupRole:FOLLOWER, 57ed5fd8-a62b-44c8-9c66-83b6d5ca8b16|rpc:10.1.0.64:15037|admin:10.1.0.64:15036|client:10.1.0.64:15035|dataStream:10.1.0.64:15038|priority:1|startupRole:FOLLOWER] with ContainerStateMachine:uninitialized
2023-05-17 09:09:08,155 [b98521b2-5644-4aab-8244-d2e66a88cd45-groupManagement] INFO  server.RaftServerConfigKeys (ConfUtils.java:logGet(46)) - raft.server.rpc.timeout.min = 5s (custom)
2023-05-17 09:09:08,155 [b98521b2-5644-4aab-8244-d2e66a88cd45-groupManagement] INFO  server.RaftServerConfigKeys (ConfUtils.java:logGet(46)) - raft.server.rpc.timeout.max = 5200ms (custom)
2023-05-17 09:09:08,155 [b98521b2-5644-4aab-8244-d2e66a88cd45-groupManagement] INFO  server.RaftServerConfigKeys (ConfUtils.java:logGet(46)) - raft.server.rpc.sleep.time = 25ms (default)
2023-05-17 09:09:08,155 [b98521b2-5644-4aab-8244-d2e66a88cd45-groupManagement] INFO  server.RaftServerConfigKeys (ConfUtils.java:logGet(46)) - raft.server.rpc.slowness.timeout = 300s (custom)
2023-05-17 09:09:08,155 [b98521b2-5644-4aab-8244-d2e66a88cd45-groupManagement] INFO  server.RaftServerConfigKeys (ConfUtils.java:logGet(46)) - raft.server.leaderelection.leader.step-down.wait-time = 10s (default)
2023-05-17 09:09:08,155 [b98521b2-5644-4aab-8244-d2e66a88cd45-groupManagement] INFO  server.RaftServerConfigKeys (ConfUtils.java:logGet(46)) - raft.server.sleep.deviation.threshold = 300ms (default)
2023-05-17 09:09:08,155 [b98521b2-5644-4aab-8244-d2e66a88cd45-groupManagement] INFO  server.RaftServer$Division (ServerState.java:<init>(120)) - b98521b2-5644-4aab-8244-d2e66a88cd45@group-CDB51B945669: ConfigurationManager, init=-1: peers:[b2b5d537-374d-472d-b9f1-d9543cb70a6b|rpc:10.1.0.64:15053|admin:10.1.0.64:15052|client:10.1.0.64:15051|dataStream:10.1.0.64:15054|priority:0|startupRole:FOLLOWER, b98521b2-5644-4aab-8244-d2e66a88cd45|rpc:10.1.0.64:15045|admin:10.1.0.64:15044|client:10.1.0.64:15043|dataStream:10.1.0.64:15046|priority:0|startupRole:FOLLOWER, 57ed5fd8-a62b-44c8-9c66-83b6d5ca8b16|rpc:10.1.0.64:15037|admin:10.1.0.64:15036|client:10.1.0.64:15035|dataStream:10.1.0.64:15038|priority:1|startupRole:FOLLOWER]|listeners:[], old=null, confs=<EMPTY_MAP>
2023-05-17 09:09:08,155 [b98521b2-5644-4aab-8244-d2e66a88cd45-groupManagement] INFO  server.RaftServerConfigKeys (ConfUtils.java:logGet(46)) - raft.server.storage.dir = [/home/runner/work/ozone/ozone/hadoop-ozone/integration-test/target/test-dir/MiniOzoneClusterImpl-21d14123-a168-44a2-bc0a-ee93e32dcc9b/datanode-4/data/ratis] (custom)
2023-05-17 09:09:08,155 [b98521b2-5644-4aab-8244-d2e66a88cd45-groupManagement] INFO  server.RaftServerConfigKeys (ConfUtils.java:logGet(46)) - raft.server.log.corruption.policy = EXCEPTION (default)
2023-05-17 09:09:08,155 [b98521b2-5644-4aab-8244-d2e66a88cd45-groupManagement] INFO  server.RaftServerConfigKeys (ConfUtils.java:logGet(46)) - raft.server.storage.free-space.min = 0MB (=0) (default)
2023-05-17 09:09:08,156 [b98521b2-5644-4aab-8244-d2e66a88cd45-groupManagement] INFO  server.RaftServerConfigKeys (ConfUtils.java:logGet(46)) - raft.server.notification.no-leader.timeout = 300s (custom)
2023-05-17 09:09:08,156 [b98521b2-5644-4aab-8244-d2e66a88cd45-groupManagement] INFO  server.RaftServerConfigKeys (ConfUtils.java:logGet(46)) - raft.server.read.timeout = 10s (default)
2023-05-17 09:09:08,156 [b98521b2-5644-4aab-8244-d2e66a88cd45-groupManagement] INFO  server.RaftServerConfigKeys (ConfUtils.java:logGet(46)) - raft.server.retrycache.expirytime = 600000ms (custom)
2023-05-17 09:09:08,156 [b98521b2-5644-4aab-8244-d2e66a88cd45-groupManagement] INFO  server.RaftServerConfigKeys (ConfUtils.java:logGet(46)) - raft.server.retrycache.statistics.expirytime = 100μs (default)
2023-05-17 09:09:08,156 [b98521b2-5644-4aab-8244-d2e66a88cd45-groupManagement] INFO  server.RaftServerConfigKeys (ConfUtils.java:logGet(46)) - raft.server.read.option = DEFAULT (default)
2023-05-17 09:09:08,157 [b98521b2-5644-4aab-8244-d2e66a88cd45-groupManagement] INFO  server.RaftServerConfigKeys (ConfUtils.java:logGet(46)) - raft.server.rpc.request.timeout = 60s (custom)
2023-05-17 09:09:08,158 [b98521b2-5644-4aab-8244-d2e66a88cd45-groupManagement] INFO  server.RaftServerConfigKeys (ConfUtils.java:logGet(46)) - raft.server.log.appender.install.snapshot.enabled = false (custom)
2023-05-17 09:09:08,158 [b98521b2-5644-4aab-8244-d2e66a88cd45-groupManagement] INFO  server.RaftServerConfigKeys (ConfUtils.java:logGet(46)) - raft.server.threadpool.server.cached = true (default)
2023-05-17 09:09:08,158 [b98521b2-5644-4aab-8244-d2e66a88cd45-groupManagement] INFO  server.RaftServerConfigKeys (ConfUtils.java:logGet(46)) - raft.server.threadpool.server.size = 0 (default)
2023-05-17 09:09:08,158 [b98521b2-5644-4aab-8244-d2e66a88cd45-groupManagement] INFO  server.RaftServerConfigKeys (ConfUtils.java:logGet(46)) - raft.server.threadpool.client.cached = true (default)
2023-05-17 09:09:08,158 [b98521b2-5644-4aab-8244-d2e66a88cd45-groupManagement] INFO  server.RaftServerConfigKeys (ConfUtils.java:logGet(46)) - raft.server.threadpool.client.size = 0 (default)
2023-05-17 09:09:08,158 [b98521b2-5644-4aab-8244-d2e66a88cd45-groupManagement] INFO  storage.RaftStorageDirectory (RaftStorageDirectoryImpl.java:analyzeStorage(137)) - The storage directory /home/runner/work/ozone/ozone/hadoop-ozone/integration-test/target/test-dir/MiniOzoneClusterImpl-21d14123-a168-44a2-bc0a-ee93e32dcc9b/datanode-4/data/ratis/aa48e33c-f708-467c-8cb5-2ee872f2b0f0 does not exist. Creating ...
2023-05-17 09:09:08,165 [b2b5d537-374d-472d-b9f1-d9543cb70a6b-groupManagement] INFO  storage.RaftStorageDirectory (RaftStorageDirectoryImpl.java:tryLock(231)) - Lock on /home/runner/work/ozone/ozone/hadoop-ozone/integration-test/target/test-dir/MiniOzoneClusterImpl-21d14123-a168-44a2-bc0a-ee93e32dcc9b/datanode-5/data/ratis/aa48e33c-f708-467c-8cb5-2ee872f2b0f0/in_use.lock acquired by nodename 2768@fv-az41-747
2023-05-17 09:09:08,205 [Command processor thread] INFO  server.RaftServer (RaftServerProxy.java:addNew(98)) - bcbacd9a-ca93-42dd-bb1e-f9c21d91cd60: addNew group-BD49330F06D5:[bcbacd9a-ca93-42dd-bb1e-f9c21d91cd60|rpc:10.1.0.64:15061|admin:10.1.0.64:15060|client:10.1.0.64:15059|dataStream:10.1.0.64:15062|priority:1|startupRole:FOLLOWER] returns group-BD49330F06D5:java.util.concurrent.CompletableFuture@67415021[Not completed]
2023-05-17 09:09:08,206 [bcbacd9a-ca93-42dd-bb1e-f9c21d91cd60-groupManagement] INFO  server.RaftServer$Division (RaftServerImpl.java:<init>(198)) - bcbacd9a-ca93-42dd-bb1e-f9c21d91cd60: new RaftServerImpl for group-BD49330F06D5:[bcbacd9a-ca93-42dd-bb1e-f9c21d91cd60|rpc:10.1.0.64:15061|admin:10.1.0.64:15060|client:10.1.0.64:15059|dataStream:10.1.0.64:15062|priority:1|startupRole:FOLLOWER] with ContainerStateMachine:uninitialized
2023-05-17 09:09:08,207 [bcbacd9a-ca93-42dd-bb1e-f9c21d91cd60-groupManagement] INFO  server.RaftServerConfigKeys (ConfUtils.java:logGet(46)) - raft.server.rpc.timeout.min = 5s (custom)
2023-05-17 09:09:08,207 [bcbacd9a-ca93-42dd-bb1e-f9c21d91cd60-groupManagement] INFO  server.RaftServerConfigKeys (ConfUtils.java:logGet(46)) - raft.server.rpc.timeout.max = 5200ms (custom)
2023-05-17 09:09:08,207 [bcbacd9a-ca93-42dd-bb1e-f9c21d91cd60-groupManagement] INFO  server.RaftServerConfigKeys (ConfUtils.java:logGet(46)) - raft.server.rpc.sleep.time = 25ms (default)
2023-05-17 09:09:08,207 [bcbacd9a-ca93-42dd-bb1e-f9c21d91cd60-groupManagement] INFO  server.RaftServerConfigKeys (ConfUtils.java:logGet(46)) - raft.server.rpc.slowness.timeout = 300s (custom)
2023-05-17 09:09:08,207 [bcbacd9a-ca93-42dd-bb1e-f9c21d91cd60-groupManagement] INFO  server.RaftServerConfigKeys (ConfUtils.java:logGet(46)) - raft.server.leaderelection.leader.step-down.wait-time = 10s (default)
2023-05-17 09:09:08,207 [bcbacd9a-ca93-42dd-bb1e-f9c21d91cd60-groupManagement] INFO  server.RaftServerConfigKeys (ConfUtils.java:logGet(46)) - raft.server.sleep.deviation.threshold = 300ms (default)
2023-05-17 09:09:08,207 [bcbacd9a-ca93-42dd-bb1e-f9c21d91cd60-groupManagement] INFO  server.RaftServer$Division (ServerState.java:<init>(120)) - bcbacd9a-ca93-42dd-bb1e-f9c21d91cd60@group-BD49330F06D5: ConfigurationManager, init=-1: peers:[bcbacd9a-ca93-42dd-bb1e-f9c21d91cd60|rpc:10.1.0.64:15061|admin:10.1.0.64:15060|client:10.1.0.64:15059|dataStream:10.1.0.64:15062|priority:1|startupRole:FOLLOWER]|listeners:[], old=null, confs=<EMPTY_MAP>
2023-05-17 09:09:08,207 [bcbacd9a-ca93-42dd-bb1e-f9c21d91cd60-groupManagement] INFO  server.RaftServerConfigKeys (ConfUtils.java:logGet(46)) - raft.server.storage.dir = [/home/runner/work/ozone/ozone/hadoop-ozone/integration-test/target/test-dir/MiniOzoneClusterImpl-21d14123-a168-44a2-bc0a-ee93e32dcc9b/datanode-6/data/ratis] (custom)
2023-05-17 09:09:08,207 [bcbacd9a-ca93-42dd-bb1e-f9c21d91cd60-groupManagement] INFO  server.RaftServerConfigKeys (ConfUtils.java:logGet(46)) - raft.server.log.corruption.policy = EXCEPTION (default)
2023-05-17 09:09:08,207 [bcbacd9a-ca93-42dd-bb1e-f9c21d91cd60-groupManagement] INFO  server.RaftServerConfigKeys (ConfUtils.java:logGet(46)) - raft.server.storage.free-space.min = 0MB (=0) (default)
2023-05-17 09:09:08,207 [bcbacd9a-ca93-42dd-bb1e-f9c21d91cd60-groupManagement] INFO  server.RaftServerConfigKeys (ConfUtils.java:logGet(46)) - raft.server.notification.no-leader.timeout = 300s (custom)
2023-05-17 09:09:08,207 [bcbacd9a-ca93-42dd-bb1e-f9c21d91cd60-groupManagement] INFO  server.RaftServerConfigKeys (ConfUtils.java:logGet(46)) - raft.server.read.timeout = 10s (default)
2023-05-17 09:09:08,208 [bcbacd9a-ca93-42dd-bb1e-f9c21d91cd60-groupManagement] INFO  server.RaftServerConfigKeys (ConfUtils.java:logGet(46)) - raft.server.retrycache.expirytime = 600000ms (custom)
2023-05-17 09:09:08,208 [bcbacd9a-ca93-42dd-bb1e-f9c21d91cd60-groupManagement] INFO  server.RaftServerConfigKeys (ConfUtils.java:logGet(46)) - raft.server.retrycache.statistics.expirytime = 100μs (default)
2023-05-17 09:09:08,208 [bcbacd9a-ca93-42dd-bb1e-f9c21d91cd60-groupManagement] INFO  server.RaftServerConfigKeys (ConfUtils.java:logGet(46)) - raft.server.read.option = DEFAULT (default)
2023-05-17 09:09:08,211 [bcbacd9a-ca93-42dd-bb1e-f9c21d91cd60-groupManagement] INFO  server.RaftServerConfigKeys (ConfUtils.java:logGet(46)) - raft.server.rpc.request.timeout = 60s (custom)
2023-05-17 09:09:08,212 [bcbacd9a-ca93-42dd-bb1e-f9c21d91cd60-groupManagement] INFO  server.RaftServerConfigKeys (ConfUtils.java:logGet(46)) - raft.server.log.appender.install.snapshot.enabled = false (custom)
2023-05-17 09:09:08,212 [bcbacd9a-ca93-42dd-bb1e-f9c21d91cd60-groupManagement] INFO  server.RaftServerConfigKeys (ConfUtils.java:logGet(46)) - raft.server.threadpool.server.cached = true (default)
2023-05-17 09:09:08,212 [bcbacd9a-ca93-42dd-bb1e-f9c21d91cd60-groupManagement] INFO  server.RaftServerConfigKeys (ConfUtils.java:logGet(46)) - raft.server.threadpool.server.size = 0 (default)
2023-05-17 09:09:08,212 [bcbacd9a-ca93-42dd-bb1e-f9c21d91cd60-groupManagement] INFO  server.RaftServerConfigKeys (ConfUtils.java:logGet(46)) - raft.server.threadpool.client.cached = true (default)
2023-05-17 09:09:08,212 [bcbacd9a-ca93-42dd-bb1e-f9c21d91cd60-groupManagement] INFO  server.RaftServerConfigKeys (ConfUtils.java:logGet(46)) - raft.server.threadpool.client.size = 0 (default)
2023-05-17 09:09:08,212 [bcbacd9a-ca93-42dd-bb1e-f9c21d91cd60-groupManagement] INFO  storage.RaftStorageDirectory (RaftStorageDirectoryImpl.java:analyzeStorage(137)) - The storage directory /home/runner/work/ozone/ozone/hadoop-ozone/integration-test/target/test-dir/MiniOzoneClusterImpl-21d14123-a168-44a2-bc0a-ee93e32dcc9b/datanode-6/data/ratis/ae65ac58-6be7-4552-909a-bd49330f06d5 does not exist. Creating ...
2023-05-17 09:09:08,326 [b2b5d537-374d-472d-b9f1-d9543cb70a6b-groupManagement] INFO  storage.RaftStorage (RaftStorageImpl.java:format(96)) - Storage directory /home/runner/work/ozone/ozone/hadoop-ozone/integration-test/target/test-dir/MiniOzoneClusterImpl-21d14123-a168-44a2-bc0a-ee93e32dcc9b/datanode-5/data/ratis/aa48e33c-f708-467c-8cb5-2ee872f2b0f0 has been successfully formatted.
2023-05-17 09:09:08,326 [b2b5d537-374d-472d-b9f1-d9543cb70a6b-groupManagement] INFO  ratis.ContainerStateMachine (ContainerStateMachine.java:loadSnapshot(262)) - group-2EE872F2B0F0: The snapshot info is null. Setting the last applied indexto:(t:0, i:~)
2023-05-17 09:09:08,326 [b2b5d537-374d-472d-b9f1-d9543cb70a6b-groupManagement] INFO  server.RaftServerConfigKeys (ConfUtils.java:logGet(46)) - raft.server.log.use.memory = false (default)
2023-05-17 09:09:08,326 [b2b5d537-374d-472d-b9f1-d9543cb70a6b-groupManagement] INFO  server.RaftServerConfigKeys (ConfUtils.java:logGet(46)) - raft.server.log.purge.gap = 1000000 (custom)
2023-05-17 09:09:08,326 [b2b5d537-374d-472d-b9f1-d9543cb70a6b-groupManagement] INFO  server.RaftServerConfigKeys (ConfUtils.java:logGet(46)) - raft.server.log.appender.buffer.byte-limit = 33554432 (custom)
2023-05-17 09:09:08,327 [b2b5d537-374d-472d-b9f1-d9543cb70a6b-groupManagement] INFO  server.RaftServerConfigKeys (ConfUtils.java:logGet(46)) - raft.server.log.statemachine.data.read.timeout = 1000ms (default)
2023-05-17 09:09:08,327 [b2b5d537-374d-472d-b9f1-d9543cb70a6b-groupManagement] INFO  server.RaftServerConfigKeys (ConfUtils.java:logGet(46)) - raft.server.log.purge.preservation.log.num = 0 (default)
2023-05-17 09:09:08,327 [b2b5d537-374d-472d-b9f1-d9543cb70a6b-groupManagement] INFO  server.RaftServerConfigKeys (ConfUtils.java:logGet(46)) - raft.server.log.segment.size.max = 1048576 (custom)
2023-05-17 09:09:08,328 [b98521b2-5644-4aab-8244-d2e66a88cd45-groupManagement] INFO  storage.RaftStorageDirectory (RaftStorageDirectoryImpl.java:tryLock(231)) - Lock on /home/runner/work/ozone/ozone/hadoop-ozone/integration-test/target/test-dir/MiniOzoneClusterImpl-21d14123-a168-44a2-bc0a-ee93e32dcc9b/datanode-4/data/ratis/aa48e33c-f708-467c-8cb5-2ee872f2b0f0/in_use.lock acquired by nodename 2768@fv-az41-747
2023-05-17 09:09:08,328 [b2b5d537-374d-472d-b9f1-d9543cb70a6b-groupManagement] INFO  server.RaftServerConfigKeys (ConfUtils.java:logGet(46)) - raft.server.log.segment.cache.num.max = 2 (custom)
2023-05-17 09:09:08,329 [b2b5d537-374d-472d-b9f1-d9543cb70a6b-groupManagement] INFO  server.RaftServerConfigKeys (ConfUtils.java:logGet(46)) - raft.server.log.segment.cache.size.max = 200MB (=209715200) (default)
2023-05-17 09:09:08,329 [b2b5d537-374d-472d-b9f1-d9543cb70a6b-groupManagement] INFO  server.RaftServerConfigKeys (ConfUtils.java:logGet(46)) - raft.server.log.appender.buffer.byte-limit = 33554432 (custom)
2023-05-17 09:09:08,337 [b2b5d537-374d-472d-b9f1-d9543cb70a6b-groupManagement] INFO  segmented.SegmentedRaftLogWorker (SegmentedRaftLogWorker.java:<init>(188)) - new b2b5d537-374d-472d-b9f1-d9543cb70a6b@group-2EE872F2B0F0-SegmentedRaftLogWorker for RaftStorageImpl:Storage Directory /home/runner/work/ozone/ozone/hadoop-ozone/integration-test/target/test-dir/MiniOzoneClusterImpl-21d14123-a168-44a2-bc0a-ee93e32dcc9b/datanode-5/data/ratis/aa48e33c-f708-467c-8cb5-2ee872f2b0f0
2023-05-17 09:09:08,337 [b2b5d537-374d-472d-b9f1-d9543cb70a6b-groupManagement] INFO  server.RaftServerConfigKeys (ConfUtils.java:logGet(46)) - raft.server.log.queue.byte-limit = 4294967296 (custom)
2023-05-17 09:09:08,337 [b2b5d537-374d-472d-b9f1-d9543cb70a6b-groupManagement] INFO  server.RaftServerConfigKeys (ConfUtils.java:logGet(46)) - raft.server.log.queue.element-limit = 1024 (custom)
2023-05-17 09:09:08,337 [b2b5d537-374d-472d-b9f1-d9543cb70a6b-groupManagement] INFO  server.RaftServerConfigKeys (ConfUtils.java:logGet(46)) - raft.server.log.segment.size.max = 1048576 (custom)
2023-05-17 09:09:08,337 [b2b5d537-374d-472d-b9f1-d9543cb70a6b-groupManagement] INFO  server.RaftServerConfigKeys (ConfUtils.java:logGet(46)) - raft.server.log.preallocated.size = 16384 (custom)
2023-05-17 09:09:08,337 [b2b5d537-374d-472d-b9f1-d9543cb70a6b-groupManagement] INFO  server.RaftServerConfigKeys (ConfUtils.java:logGet(46)) - raft.server.log.force.sync.num = 128 (default)
2023-05-17 09:09:08,337 [b2b5d537-374d-472d-b9f1-d9543cb70a6b-groupManagement] INFO  server.RaftServerConfigKeys (ConfUtils.java:logGet(46)) - raft.server.log.statemachine.data.sync = true (default)
2023-05-17 09:09:08,337 [b2b5d537-374d-472d-b9f1-d9543cb70a6b-groupManagement] INFO  server.RaftServerConfigKeys (ConfUtils.java:logGet(46)) - raft.server.log.statemachine.data.sync.timeout = 10s (default)
2023-05-17 09:09:08,338 [b2b5d537-374d-472d-b9f1-d9543cb70a6b-groupManagement] INFO  server.RaftServerConfigKeys (ConfUtils.java:logGet(46)) - raft.server.log.statemachine.data.sync.timeout.retry = -1 (default)
2023-05-17 09:09:08,338 [EventQueue-OpenPipelineForHealthyPipelineSafeModeRule] INFO  safemode.SCMSafeModeManager (HealthyPipelineSafeModeRule.java:process(137)) - SCM in safe mode. Healthy pipelines reported count is 0, required healthy pipeline reported count is 1
2023-05-17 09:09:08,339 [b2b5d537-374d-472d-b9f1-d9543cb70a6b-groupManagement] INFO  server.RaftServerConfigKeys (ConfUtils.java:logGet(46)) - raft.server.log.write.buffer.size = 1048576 (custom)
2023-05-17 09:09:08,340 [b2b5d537-374d-472d-b9f1-d9543cb70a6b-groupManagement] INFO  server.RaftServerConfigKeys (ConfUtils.java:logGet(46)) - raft.server.log.appender.buffer.byte-limit = 33554432 (custom)
2023-05-17 09:09:08,341 [bcbacd9a-ca93-42dd-bb1e-f9c21d91cd60-groupManagement] INFO  storage.RaftStorageDirectory (RaftStorageDirectoryImpl.java:tryLock(231)) - Lock on /home/runner/work/ozone/ozone/hadoop-ozone/integration-test/target/test-dir/MiniOzoneClusterImpl-21d14123-a168-44a2-bc0a-ee93e32dcc9b/datanode-6/data/ratis/ae65ac58-6be7-4552-909a-bd49330f06d5/in_use.lock acquired by nodename 2768@fv-az41-747
2023-05-17 09:09:08,345 [b2b5d537-374d-472d-b9f1-d9543cb70a6b-groupManagement] INFO  server.RaftServerConfigKeys (ConfUtils.java:logGet(46)) - raft.server.log.unsafe-flush.enabled = false (default)
2023-05-17 09:09:08,345 [b2b5d537-374d-472d-b9f1-d9543cb70a6b-groupManagement] INFO  server.RaftServerConfigKeys (ConfUtils.java:logGet(46)) - raft.server.log.async-flush.enabled = false (default)
2023-05-17 09:09:08,345 [b2b5d537-374d-472d-b9f1-d9543cb70a6b-groupManagement] INFO  server.RaftServerConfigKeys (ConfUtils.java:logGet(46)) - raft.server.log.statemachine.data.caching.enabled = true (custom)
2023-05-17 09:09:08,345 [b2b5d537-374d-472d-b9f1-d9543cb70a6b-groupManagement] INFO  segmented.SegmentedRaftLogWorker (SegmentedRaftLogWorker.java:lambda$new$0(135)) - b2b5d537-374d-472d-b9f1-d9543cb70a6b@group-2EE872F2B0F0-SegmentedRaftLogWorker: flushIndex: setUnconditionally 0 -> -1
2023-05-17 09:09:08,346 [b2b5d537-374d-472d-b9f1-d9543cb70a6b-groupManagement] INFO  segmented.SegmentedRaftLogWorker (SegmentedRaftLogWorker.java:lambda$new$0(135)) - b2b5d537-374d-472d-b9f1-d9543cb70a6b@group-2EE872F2B0F0-SegmentedRaftLogWorker: safeCacheEvictIndex: setUnconditionally 0 -> -1
2023-05-17 09:09:08,349 [b2b5d537-374d-472d-b9f1-d9543cb70a6b-groupManagement] INFO  server.RaftServer$Division (RaftServerImpl.java:start(342)) - b2b5d537-374d-472d-b9f1-d9543cb70a6b@group-2EE872F2B0F0: start as a follower, conf=-1: peers:[b2b5d537-374d-472d-b9f1-d9543cb70a6b|rpc:10.1.0.64:15053|admin:10.1.0.64:15052|client:10.1.0.64:15051|dataStream:10.1.0.64:15054|priority:0|startupRole:FOLLOWER, b98521b2-5644-4aab-8244-d2e66a88cd45|rpc:10.1.0.64:15045|admin:10.1.0.64:15044|client:10.1.0.64:15043|dataStream:10.1.0.64:15046|priority:1|startupRole:FOLLOWER, 57ed5fd8-a62b-44c8-9c66-83b6d5ca8b16|rpc:10.1.0.64:15037|admin:10.1.0.64:15036|client:10.1.0.64:15035|dataStream:10.1.0.64:15038|priority:0|startupRole:FOLLOWER]|listeners:[], old=null
2023-05-17 09:09:08,349 [b2b5d537-374d-472d-b9f1-d9543cb70a6b-groupManagement] INFO  server.RaftServer$Division (RaftServerImpl.java:setRole(329)) - b2b5d537-374d-472d-b9f1-d9543cb70a6b@group-2EE872F2B0F0: changes role from      null to FOLLOWER at term 0 for startAsFollower
2023-05-17 09:09:08,349 [b2b5d537-374d-472d-b9f1-d9543cb70a6b-groupManagement] INFO  impl.RoleInfo (RoleInfo.java:updateAndGet(139)) - b2b5d537-374d-472d-b9f1-d9543cb70a6b: start b2b5d537-374d-472d-b9f1-d9543cb70a6b@group-2EE872F2B0F0-FollowerState
2023-05-17 09:09:08,354 [b2b5d537-374d-472d-b9f1-d9543cb70a6b-groupManagement] INFO  util.JmxRegister (JmxRegister.java:tryRegister(44)) - Successfully registered JMX Bean with object name Ratis:service=RaftServer,group=group-2EE872F2B0F0,id=b2b5d537-374d-472d-b9f1-d9543cb70a6b
2023-05-17 09:09:08,354 [b2b5d537-374d-472d-b9f1-d9543cb70a6b-groupManagement] INFO  server.RaftServerConfigKeys (ConfUtils.java:logGet(46)) - raft.server.snapshot.auto.trigger.enabled = true (custom)
2023-05-17 09:09:08,354 [b2b5d537-374d-472d-b9f1-d9543cb70a6b-groupManagement] INFO  server.RaftServerConfigKeys (ConfUtils.java:logGet(46)) - raft.server.snapshot.auto.trigger.threshold = 10000 (custom)
2023-05-17 09:09:08,354 [b2b5d537-374d-472d-b9f1-d9543cb70a6b-groupManagement] INFO  server.RaftServerConfigKeys (ConfUtils.java:logGet(46)) - raft.server.snapshot.retention.file.num = 5 (custom)
2023-05-17 09:09:08,354 [b2b5d537-374d-472d-b9f1-d9543cb70a6b-groupManagement] INFO  server.RaftServerConfigKeys (ConfUtils.java:logGet(46)) - raft.server.log.purge.upto.snapshot.index = false (default)
2023-05-17 09:09:08,355 [b2b5d537-374d-472d-b9f1-d9543cb70a6b@group-2EE872F2B0F0-FollowerState] INFO  server.RaftServerConfigKeys (ConfUtils.java:logFallback(53)) - raft.server.rpc.first-election.timeout.min = 5s (fallback to raft.server.rpc.timeout.min)
2023-05-17 09:09:08,355 [b2b5d537-374d-472d-b9f1-d9543cb70a6b@group-2EE872F2B0F0-FollowerState] INFO  server.RaftServerConfigKeys (ConfUtils.java:logFallback(53)) - raft.server.rpc.first-election.timeout.max = 5200ms (fallback to raft.server.rpc.timeout.max)
2023-05-17 09:09:08,361 [Command processor thread] INFO  ratis.XceiverServerRatis (XceiverServerRatis.java:addGroup(806)) - Created group PipelineID=aa48e33c-f708-467c-8cb5-2ee872f2b0f0
2023-05-17 09:09:08,445 [Command processor thread] INFO  commandhandler.CreatePipelineCommandHandler (CreatePipelineCommandHandler.java:handle(113)) - Created Pipeline RATIS THREE PipelineID=aa48e33c-f708-467c-8cb5-2ee872f2b0f0.
2023-05-17 09:09:08,446 [Command processor thread] INFO  server.RaftServer (RaftServerProxy.java:addNew(98)) - b2b5d537-374d-472d-b9f1-d9543cb70a6b: addNew group-CDB51B945669:[b2b5d537-374d-472d-b9f1-d9543cb70a6b|rpc:10.1.0.64:15053|admin:10.1.0.64:15052|client:10.1.0.64:15051|dataStream:10.1.0.64:15054|priority:0|startupRole:FOLLOWER, b98521b2-5644-4aab-8244-d2e66a88cd45|rpc:10.1.0.64:15045|admin:10.1.0.64:15044|client:10.1.0.64:15043|dataStream:10.1.0.64:15046|priority:0|startupRole:FOLLOWER, 57ed5fd8-a62b-44c8-9c66-83b6d5ca8b16|rpc:10.1.0.64:15037|admin:10.1.0.64:15036|client:10.1.0.64:15035|dataStream:10.1.0.64:15038|priority:1|startupRole:FOLLOWER] returns group-CDB51B945669:java.util.concurrent.CompletableFuture@49dc4959[Not completed]
2023-05-17 09:09:08,447 [b2b5d537-374d-472d-b9f1-d9543cb70a6b-groupManagement] INFO  server.RaftServer$Division (RaftServerImpl.java:<init>(198)) - b2b5d537-374d-472d-b9f1-d9543cb70a6b: new RaftServerImpl for group-CDB51B945669:[b2b5d537-374d-472d-b9f1-d9543cb70a6b|rpc:10.1.0.64:15053|admin:10.1.0.64:15052|client:10.1.0.64:15051|dataStream:10.1.0.64:15054|priority:0|startupRole:FOLLOWER, b98521b2-5644-4aab-8244-d2e66a88cd45|rpc:10.1.0.64:15045|admin:10.1.0.64:15044|client:10.1.0.64:15043|dataStream:10.1.0.64:15046|priority:0|startupRole:FOLLOWER, 57ed5fd8-a62b-44c8-9c66-83b6d5ca8b16|rpc:10.1.0.64:15037|admin:10.1.0.64:15036|client:10.1.0.64:15035|dataStream:10.1.0.64:15038|priority:1|startupRole:FOLLOWER] with ContainerStateMachine:uninitialized
2023-05-17 09:09:08,447 [b2b5d537-374d-472d-b9f1-d9543cb70a6b-groupManagement] INFO  server.RaftServerConfigKeys (ConfUtils.java:logGet(46)) - raft.server.rpc.timeout.min = 5s (custom)
2023-05-17 09:09:08,447 [b2b5d537-374d-472d-b9f1-d9543cb70a6b-groupManagement] INFO  server.RaftServerConfigKeys (ConfUtils.java:logGet(46)) - raft.server.rpc.timeout.max = 5200ms (custom)
2023-05-17 09:09:08,447 [b2b5d537-374d-472d-b9f1-d9543cb70a6b-groupManagement] INFO  server.RaftServerConfigKeys (ConfUtils.java:logGet(46)) - raft.server.rpc.sleep.time = 25ms (default)
2023-05-17 09:09:08,447 [b2b5d537-374d-472d-b9f1-d9543cb70a6b-groupManagement] INFO  server.RaftServerConfigKeys (ConfUtils.java:logGet(46)) - raft.server.rpc.slowness.timeout = 300s (custom)
2023-05-17 09:09:08,447 [b2b5d537-374d-472d-b9f1-d9543cb70a6b-groupManagement] INFO  server.RaftServerConfigKeys (ConfUtils.java:logGet(46)) - raft.server.leaderelection.leader.step-down.wait-time = 10s (default)
2023-05-17 09:09:08,447 [b2b5d537-374d-472d-b9f1-d9543cb70a6b-groupManagement] INFO  server.RaftServerConfigKeys (ConfUtils.java:logGet(46)) - raft.server.sleep.deviation.threshold = 300ms (default)
2023-05-17 09:09:08,447 [b2b5d537-374d-472d-b9f1-d9543cb70a6b-groupManagement] INFO  server.RaftServer$Division (ServerState.java:<init>(120)) - b2b5d537-374d-472d-b9f1-d9543cb70a6b@group-CDB51B945669: ConfigurationManager, init=-1: peers:[b2b5d537-374d-472d-b9f1-d9543cb70a6b|rpc:10.1.0.64:15053|admin:10.1.0.64:15052|client:10.1.0.64:15051|dataStream:10.1.0.64:15054|priority:0|startupRole:FOLLOWER, b98521b2-5644-4aab-8244-d2e66a88cd45|rpc:10.1.0.64:15045|admin:10.1.0.64:15044|client:10.1.0.64:15043|dataStream:10.1.0.64:15046|priority:0|startupRole:FOLLOWER, 57ed5fd8-a62b-44c8-9c66-83b6d5ca8b16|rpc:10.1.0.64:15037|admin:10.1.0.64:15036|client:10.1.0.64:15035|dataStream:10.1.0.64:15038|priority:1|startupRole:FOLLOWER]|listeners:[], old=null, confs=<EMPTY_MAP>
2023-05-17 09:09:08,447 [b2b5d537-374d-472d-b9f1-d9543cb70a6b-groupManagement] INFO  server.RaftServerConfigKeys (ConfUtils.java:logGet(46)) - raft.server.storage.dir = [/home/runner/work/ozone/ozone/hadoop-ozone/integration-test/target/test-dir/MiniOzoneClusterImpl-21d14123-a168-44a2-bc0a-ee93e32dcc9b/datanode-5/data/ratis] (custom)
2023-05-17 09:09:08,447 [b2b5d537-374d-472d-b9f1-d9543cb70a6b-groupManagement] INFO  server.RaftServerConfigKeys (ConfUtils.java:logGet(46)) - raft.server.log.corruption.policy = EXCEPTION (default)
2023-05-17 09:09:08,447 [b2b5d537-374d-472d-b9f1-d9543cb70a6b-groupManagement] INFO  server.RaftServerConfigKeys (ConfUtils.java:logGet(46)) - raft.server.storage.free-space.min = 0MB (=0) (default)
2023-05-17 09:09:08,448 [b2b5d537-374d-472d-b9f1-d9543cb70a6b-groupManagement] INFO  server.RaftServerConfigKeys (ConfUtils.java:logGet(46)) - raft.server.notification.no-leader.timeout = 300s (custom)
2023-05-17 09:09:08,448 [b2b5d537-374d-472d-b9f1-d9543cb70a6b-groupManagement] INFO  server.RaftServerConfigKeys (ConfUtils.java:logGet(46)) - raft.server.read.timeout = 10s (default)
2023-05-17 09:09:08,448 [b2b5d537-374d-472d-b9f1-d9543cb70a6b-groupManagement] INFO  server.RaftServerConfigKeys (ConfUtils.java:logGet(46)) - raft.server.retrycache.expirytime = 600000ms (custom)
2023-05-17 09:09:08,448 [b2b5d537-374d-472d-b9f1-d9543cb70a6b-groupManagement] INFO  server.RaftServerConfigKeys (ConfUtils.java:logGet(46)) - raft.server.retrycache.statistics.expirytime = 100μs (default)
2023-05-17 09:09:08,448 [b2b5d537-374d-472d-b9f1-d9543cb70a6b-groupManagement] INFO  server.RaftServerConfigKeys (ConfUtils.java:logGet(46)) - raft.server.read.option = DEFAULT (default)
2023-05-17 09:09:08,449 [b2b5d537-374d-472d-b9f1-d9543cb70a6b-groupManagement] INFO  server.RaftServerConfigKeys (ConfUtils.java:logGet(46)) - raft.server.rpc.request.timeout = 60s (custom)
2023-05-17 09:09:08,449 [b2b5d537-374d-472d-b9f1-d9543cb70a6b-groupManagement] INFO  server.RaftServerConfigKeys (ConfUtils.java:logGet(46)) - raft.server.log.appender.install.snapshot.enabled = false (custom)
2023-05-17 09:09:08,449 [b2b5d537-374d-472d-b9f1-d9543cb70a6b-groupManagement] INFO  server.RaftServerConfigKeys (ConfUtils.java:logGet(46)) - raft.server.threadpool.server.cached = true (default)
2023-05-17 09:09:08,449 [b2b5d537-374d-472d-b9f1-d9543cb70a6b-groupManagement] INFO  server.RaftServerConfigKeys (ConfUtils.java:logGet(46)) - raft.server.threadpool.server.size = 0 (default)
2023-05-17 09:09:08,449 [b2b5d537-374d-472d-b9f1-d9543cb70a6b-groupManagement] INFO  server.RaftServerConfigKeys (ConfUtils.java:logGet(46)) - raft.server.threadpool.client.cached = true (default)
2023-05-17 09:09:08,449 [b2b5d537-374d-472d-b9f1-d9543cb70a6b-groupManagement] INFO  server.RaftServerConfigKeys (ConfUtils.java:logGet(46)) - raft.server.threadpool.client.size = 0 (default)
2023-05-17 09:09:08,449 [b2b5d537-374d-472d-b9f1-d9543cb70a6b-groupManagement] INFO  storage.RaftStorageDirectory (RaftStorageDirectoryImpl.java:analyzeStorage(137)) - The storage directory /home/runner/work/ozone/ozone/hadoop-ozone/integration-test/target/test-dir/MiniOzoneClusterImpl-21d14123-a168-44a2-bc0a-ee93e32dcc9b/datanode-5/data/ratis/2003f648-4363-4af3-ad53-cdb51b945669 does not exist. Creating ...
2023-05-17 09:09:08,525 [b98521b2-5644-4aab-8244-d2e66a88cd45-groupManagement] INFO  storage.RaftStorage (RaftStorageImpl.java:format(96)) - Storage directory /home/runner/work/ozone/ozone/hadoop-ozone/integration-test/target/test-dir/MiniOzoneClusterImpl-21d14123-a168-44a2-bc0a-ee93e32dcc9b/datanode-4/data/ratis/aa48e33c-f708-467c-8cb5-2ee872f2b0f0 has been successfully formatted.
2023-05-17 09:09:08,560 [bcbacd9a-ca93-42dd-bb1e-f9c21d91cd60-groupManagement] INFO  storage.RaftStorage (RaftStorageImpl.java:format(96)) - Storage directory /home/runner/work/ozone/ozone/hadoop-ozone/integration-test/target/test-dir/MiniOzoneClusterImpl-21d14123-a168-44a2-bc0a-ee93e32dcc9b/datanode-6/data/ratis/ae65ac58-6be7-4552-909a-bd49330f06d5 has been successfully formatted.
2023-05-17 09:09:08,561 [b2b5d537-374d-472d-b9f1-d9543cb70a6b-groupManagement] INFO  storage.RaftStorageDirectory (RaftStorageDirectoryImpl.java:tryLock(231)) - Lock on /home/runner/work/ozone/ozone/hadoop-ozone/integration-test/target/test-dir/MiniOzoneClusterImpl-21d14123-a168-44a2-bc0a-ee93e32dcc9b/datanode-5/data/ratis/2003f648-4363-4af3-ad53-cdb51b945669/in_use.lock acquired by nodename 2768@fv-az41-747
2023-05-17 09:09:08,561 [b98521b2-5644-4aab-8244-d2e66a88cd45-groupManagement] INFO  ratis.ContainerStateMachine (ContainerStateMachine.java:loadSnapshot(262)) - group-2EE872F2B0F0: The snapshot info is null. Setting the last applied indexto:(t:0, i:~)
2023-05-17 09:09:08,567 [b98521b2-5644-4aab-8244-d2e66a88cd45-groupManagement] INFO  server.RaftServerConfigKeys (ConfUtils.java:logGet(46)) - raft.server.log.use.memory = false (default)
2023-05-17 09:09:08,567 [b98521b2-5644-4aab-8244-d2e66a88cd45-groupManagement] INFO  server.RaftServerConfigKeys (ConfUtils.java:logGet(46)) - raft.server.log.purge.gap = 1000000 (custom)
2023-05-17 09:09:08,567 [b98521b2-5644-4aab-8244-d2e66a88cd45-groupManagement] INFO  server.RaftServerConfigKeys (ConfUtils.java:logGet(46)) - raft.server.log.appender.buffer.byte-limit = 33554432 (custom)
2023-05-17 09:09:08,567 [b98521b2-5644-4aab-8244-d2e66a88cd45-groupManagement] INFO  server.RaftServerConfigKeys (ConfUtils.java:logGet(46)) - raft.server.log.statemachine.data.read.timeout = 1000ms (default)
2023-05-17 09:09:08,567 [b98521b2-5644-4aab-8244-d2e66a88cd45-groupManagement] INFO  server.RaftServerConfigKeys (ConfUtils.java:logGet(46)) - raft.server.log.purge.preservation.log.num = 0 (default)
2023-05-17 09:09:08,570 [bcbacd9a-ca93-42dd-bb1e-f9c21d91cd60-groupManagement] INFO  ratis.ContainerStateMachine (ContainerStateMachine.java:loadSnapshot(262)) - group-BD49330F06D5: The snapshot info is null. Setting the last applied indexto:(t:0, i:~)
2023-05-17 09:09:08,571 [bcbacd9a-ca93-42dd-bb1e-f9c21d91cd60-groupManagement] INFO  server.RaftServerConfigKeys (ConfUtils.java:logGet(46)) - raft.server.log.use.memory = false (default)
2023-05-17 09:09:08,571 [bcbacd9a-ca93-42dd-bb1e-f9c21d91cd60-groupManagement] INFO  server.RaftServerConfigKeys (ConfUtils.java:logGet(46)) - raft.server.log.purge.gap = 1000000 (custom)
2023-05-17 09:09:08,571 [bcbacd9a-ca93-42dd-bb1e-f9c21d91cd60-groupManagement] INFO  server.RaftServerConfigKeys (ConfUtils.java:logGet(46)) - raft.server.log.appender.buffer.byte-limit = 33554432 (custom)
2023-05-17 09:09:08,571 [bcbacd9a-ca93-42dd-bb1e-f9c21d91cd60-groupManagement] INFO  server.RaftServerConfigKeys (ConfUtils.java:logGet(46)) - raft.server.log.statemachine.data.read.timeout = 1000ms (default)
2023-05-17 09:09:08,571 [bcbacd9a-ca93-42dd-bb1e-f9c21d91cd60-groupManagement] INFO  server.RaftServerConfigKeys (ConfUtils.java:logGet(46)) - raft.server.log.purge.preservation.log.num = 0 (default)
2023-05-17 09:09:08,571 [bcbacd9a-ca93-42dd-bb1e-f9c21d91cd60-groupManagement] INFO  server.RaftServerConfigKeys (ConfUtils.java:logGet(46)) - raft.server.log.segment.size.max = 1048576 (custom)
2023-05-17 09:09:08,571 [bcbacd9a-ca93-42dd-bb1e-f9c21d91cd60-groupManagement] INFO  server.RaftServerConfigKeys (ConfUtils.java:logGet(46)) - raft.server.log.segment.cache.num.max = 2 (custom)
2023-05-17 09:09:08,572 [bcbacd9a-ca93-42dd-bb1e-f9c21d91cd60-groupManagement] INFO  server.RaftServerConfigKeys (ConfUtils.java:logGet(46)) - raft.server.log.segment.cache.size.max = 200MB (=209715200) (default)
2023-05-17 09:09:08,572 [bcbacd9a-ca93-42dd-bb1e-f9c21d91cd60-groupManagement] INFO  server.RaftServerConfigKeys (ConfUtils.java:logGet(46)) - raft.server.log.appender.buffer.byte-limit = 33554432 (custom)
2023-05-17 09:09:08,572 [bcbacd9a-ca93-42dd-bb1e-f9c21d91cd60-groupManagement] INFO  segmented.SegmentedRaftLogWorker (SegmentedRaftLogWorker.java:<init>(188)) - new bcbacd9a-ca93-42dd-bb1e-f9c21d91cd60@group-BD49330F06D5-SegmentedRaftLogWorker for RaftStorageImpl:Storage Directory /home/runner/work/ozone/ozone/hadoop-ozone/integration-test/target/test-dir/MiniOzoneClusterImpl-21d14123-a168-44a2-bc0a-ee93e32dcc9b/datanode-6/data/ratis/ae65ac58-6be7-4552-909a-bd49330f06d5
2023-05-17 09:09:08,572 [bcbacd9a-ca93-42dd-bb1e-f9c21d91cd60-groupManagement] INFO  server.RaftServerConfigKeys (ConfUtils.java:logGet(46)) - raft.server.log.queue.byte-limit = 4294967296 (custom)
2023-05-17 09:09:08,572 [bcbacd9a-ca93-42dd-bb1e-f9c21d91cd60-groupManagement] INFO  server.RaftServerConfigKeys (ConfUtils.java:logGet(46)) - raft.server.log.queue.element-limit = 1024 (custom)
2023-05-17 09:09:08,572 [bcbacd9a-ca93-42dd-bb1e-f9c21d91cd60-groupManagement] INFO  server.RaftServerConfigKeys (ConfUtils.java:logGet(46)) - raft.server.log.segment.size.max = 1048576 (custom)
2023-05-17 09:09:08,572 [bcbacd9a-ca93-42dd-bb1e-f9c21d91cd60-groupManagement] INFO  server.RaftServerConfigKeys (ConfUtils.java:logGet(46)) - raft.server.log.preallocated.size = 16384 (custom)
2023-05-17 09:09:08,572 [bcbacd9a-ca93-42dd-bb1e-f9c21d91cd60-groupManagement] INFO  server.RaftServerConfigKeys (ConfUtils.java:logGet(46)) - raft.server.log.force.sync.num = 128 (default)
2023-05-17 09:09:08,572 [bcbacd9a-ca93-42dd-bb1e-f9c21d91cd60-groupManagement] INFO  server.RaftServerConfigKeys (ConfUtils.java:logGet(46)) - raft.server.log.statemachine.data.sync = true (default)
2023-05-17 09:09:08,572 [bcbacd9a-ca93-42dd-bb1e-f9c21d91cd60-groupManagement] INFO  server.RaftServerConfigKeys (ConfUtils.java:logGet(46)) - raft.server.log.statemachine.data.sync.timeout = 10s (default)
2023-05-17 09:09:08,572 [bcbacd9a-ca93-42dd-bb1e-f9c21d91cd60-groupManagement] INFO  server.RaftServerConfigKeys (ConfUtils.java:logGet(46)) - raft.server.log.statemachine.data.sync.timeout.retry = -1 (default)
2023-05-17 09:09:08,572 [EventQueue-OpenPipelineForHealthyPipelineSafeModeRule] INFO  safemode.SCMSafeModeManager (HealthyPipelineSafeModeRule.java:process(137)) - SCM in safe mode. Healthy pipelines reported count is 0, required healthy pipeline reported count is 1
2023-05-17 09:09:08,573 [bcbacd9a-ca93-42dd-bb1e-f9c21d91cd60-groupManagement] INFO  server.RaftServerConfigKeys (ConfUtils.java:logGet(46)) - raft.server.log.write.buffer.size = 1048576 (custom)
2023-05-17 09:09:08,574 [bcbacd9a-ca93-42dd-bb1e-f9c21d91cd60-groupManagement] INFO  server.RaftServerConfigKeys (ConfUtils.java:logGet(46)) - raft.server.log.appender.buffer.byte-limit = 33554432 (custom)
2023-05-17 09:09:08,575 [EventQueue-PipelineReportForPipelineReportHandler] INFO  pipeline.PipelineManagerImpl (PipelineManagerImpl.java:openPipeline(367)) - Pipeline Pipeline[ Id: ae65ac58-6be7-4552-909a-bd49330f06d5, Nodes: bcbacd9a-ca93-42dd-bb1e-f9c21d91cd60(fv-az41-747.zje5jq5y5x4uznwvdkgxk4wc2h.cx.internal.cloudapp.net/10.1.0.64), ReplicationConfig: RATIS/ONE, State:ALLOCATED, leaderId:bcbacd9a-ca93-42dd-bb1e-f9c21d91cd60, CreationTimestamp2023-05-17T09:09:05.206Z[Etc/UTC]] moved to OPEN state
2023-05-17 09:09:08,575 [EventQueue-OpenPipelineForHealthyPipelineSafeModeRule] INFO  safemode.SCMSafeModeManager (HealthyPipelineSafeModeRule.java:process(137)) - SCM in safe mode. Healthy pipelines reported count is 0, required healthy pipeline reported count is 1
2023-05-17 09:09:08,577 [b2b5d537-374d-472d-b9f1-d9543cb70a6b-groupManagement] INFO  storage.RaftStorage (RaftStorageImpl.java:format(96)) - Storage directory /home/runner/work/ozone/ozone/hadoop-ozone/integration-test/target/test-dir/MiniOzoneClusterImpl-21d14123-a168-44a2-bc0a-ee93e32dcc9b/datanode-5/data/ratis/2003f648-4363-4af3-ad53-cdb51b945669 has been successfully formatted.
2023-05-17 09:09:08,578 [b2b5d537-374d-472d-b9f1-d9543cb70a6b-groupManagement] INFO  ratis.ContainerStateMachine (ContainerStateMachine.java:loadSnapshot(262)) - group-CDB51B945669: The snapshot info is null. Setting the last applied indexto:(t:0, i:~)
2023-05-17 09:09:08,578 [b2b5d537-374d-472d-b9f1-d9543cb70a6b-groupManagement] INFO  server.RaftServerConfigKeys (ConfUtils.java:logGet(46)) - raft.server.log.use.memory = false (default)
2023-05-17 09:09:08,578 [b2b5d537-374d-472d-b9f1-d9543cb70a6b-groupManagement] INFO  server.RaftServerConfigKeys (ConfUtils.java:logGet(46)) - raft.server.log.purge.gap = 1000000 (custom)
2023-05-17 09:09:08,578 [b2b5d537-374d-472d-b9f1-d9543cb70a6b-groupManagement] INFO  server.RaftServerConfigKeys (ConfUtils.java:logGet(46)) - raft.server.log.appender.buffer.byte-limit = 33554432 (custom)
2023-05-17 09:09:08,578 [b2b5d537-374d-472d-b9f1-d9543cb70a6b-groupManagement] INFO  server.RaftServerConfigKeys (ConfUtils.java:logGet(46)) - raft.server.log.statemachine.data.read.timeout = 1000ms (default)
2023-05-17 09:09:08,578 [b98521b2-5644-4aab-8244-d2e66a88cd45-groupManagement] INFO  server.RaftServerConfigKeys (ConfUtils.java:logGet(46)) - raft.server.log.segment.size.max = 1048576 (custom)
2023-05-17 09:09:08,579 [b98521b2-5644-4aab-8244-d2e66a88cd45-groupManagement] INFO  server.RaftServerConfigKeys (ConfUtils.java:logGet(46)) - raft.server.log.segment.cache.num.max = 2 (custom)
2023-05-17 09:09:08,579 [b98521b2-5644-4aab-8244-d2e66a88cd45-groupManagement] INFO  server.RaftServerConfigKeys (ConfUtils.java:logGet(46)) - raft.server.log.segment.cache.size.max = 200MB (=209715200) (default)
2023-05-17 09:09:08,579 [b98521b2-5644-4aab-8244-d2e66a88cd45-groupManagement] INFO  server.RaftServerConfigKeys (ConfUtils.java:logGet(46)) - raft.server.log.appender.buffer.byte-limit = 33554432 (custom)
2023-05-17 09:09:08,579 [b98521b2-5644-4aab-8244-d2e66a88cd45-groupManagement] INFO  segmented.SegmentedRaftLogWorker (SegmentedRaftLogWorker.java:<init>(188)) - new b98521b2-5644-4aab-8244-d2e66a88cd45@group-2EE872F2B0F0-SegmentedRaftLogWorker for RaftStorageImpl:Storage Directory /home/runner/work/ozone/ozone/hadoop-ozone/integration-test/target/test-dir/MiniOzoneClusterImpl-21d14123-a168-44a2-bc0a-ee93e32dcc9b/datanode-4/data/ratis/aa48e33c-f708-467c-8cb5-2ee872f2b0f0
2023-05-17 09:09:08,579 [b98521b2-5644-4aab-8244-d2e66a88cd45-groupManagement] INFO  server.RaftServerConfigKeys (ConfUtils.java:logGet(46)) - raft.server.log.queue.byte-limit = 4294967296 (custom)
2023-05-17 09:09:08,579 [b98521b2-5644-4aab-8244-d2e66a88cd45-groupManagement] INFO  server.RaftServerConfigKeys (ConfUtils.java:logGet(46)) - raft.server.log.queue.element-limit = 1024 (custom)
2023-05-17 09:09:08,579 [b98521b2-5644-4aab-8244-d2e66a88cd45-groupManagement] INFO  server.RaftServerConfigKeys (ConfUtils.java:logGet(46)) - raft.server.log.segment.size.max = 1048576 (custom)
2023-05-17 09:09:08,579 [b98521b2-5644-4aab-8244-d2e66a88cd45-groupManagement] INFO  server.RaftServerConfigKeys (ConfUtils.java:logGet(46)) - raft.server.log.preallocated.size = 16384 (custom)
2023-05-17 09:09:08,579 [b98521b2-5644-4aab-8244-d2e66a88cd45-groupManagement] INFO  server.RaftServerConfigKeys (ConfUtils.java:logGet(46)) - raft.server.log.force.sync.num = 128 (default)
2023-05-17 09:09:08,579 [b98521b2-5644-4aab-8244-d2e66a88cd45-groupManagement] INFO  server.RaftServerConfigKeys (ConfUtils.java:logGet(46)) - raft.server.log.statemachine.data.sync = true (default)
2023-05-17 09:09:08,579 [b98521b2-5644-4aab-8244-d2e66a88cd45-groupManagement] INFO  server.RaftServerConfigKeys (ConfUtils.java:logGet(46)) - raft.server.log.statemachine.data.sync.timeout = 10s (default)
2023-05-17 09:09:08,579 [b98521b2-5644-4aab-8244-d2e66a88cd45-groupManagement] INFO  server.RaftServerConfigKeys (ConfUtils.java:logGet(46)) - raft.server.log.statemachine.data.sync.timeout.retry = -1 (default)
2023-05-17 09:09:08,580 [EventQueue-OpenPipelineForHealthyPipelineSafeModeRule] INFO  safemode.SCMSafeModeManager (HealthyPipelineSafeModeRule.java:process(137)) - SCM in safe mode. Healthy pipelines reported count is 0, required healthy pipeline reported count is 1
2023-05-17 09:09:08,580 [b2b5d537-374d-472d-b9f1-d9543cb70a6b-groupManagement] INFO  server.RaftServerConfigKeys (ConfUtils.java:logGet(46)) - raft.server.log.purge.preservation.log.num = 0 (default)
2023-05-17 09:09:08,580 [b2b5d537-374d-472d-b9f1-d9543cb70a6b-groupManagement] INFO  server.RaftServerConfigKeys (ConfUtils.java:logGet(46)) - raft.server.log.segment.size.max = 1048576 (custom)
2023-05-17 09:09:08,580 [b98521b2-5644-4aab-8244-d2e66a88cd45-groupManagement] INFO  server.RaftServerConfigKeys (ConfUtils.java:logGet(46)) - raft.server.log.write.buffer.size = 1048576 (custom)
2023-05-17 09:09:08,581 [b2b5d537-374d-472d-b9f1-d9543cb70a6b-groupManagement] INFO  server.RaftServerConfigKeys (ConfUtils.java:logGet(46)) - raft.server.log.segment.cache.num.max = 2 (custom)
2023-05-17 09:09:08,581 [b2b5d537-374d-472d-b9f1-d9543cb70a6b-groupManagement] INFO  server.RaftServerConfigKeys (ConfUtils.java:logGet(46)) - raft.server.log.segment.cache.size.max = 200MB (=209715200) (default)
2023-05-17 09:09:08,581 [b2b5d537-374d-472d-b9f1-d9543cb70a6b-groupManagement] INFO  server.RaftServerConfigKeys (ConfUtils.java:logGet(46)) - raft.server.log.appender.buffer.byte-limit = 33554432 (custom)
2023-05-17 09:09:08,581 [b2b5d537-374d-472d-b9f1-d9543cb70a6b-groupManagement] INFO  segmented.SegmentedRaftLogWorker (SegmentedRaftLogWorker.java:<init>(188)) - new b2b5d537-374d-472d-b9f1-d9543cb70a6b@group-CDB51B945669-SegmentedRaftLogWorker for RaftStorageImpl:Storage Directory /home/runner/work/ozone/ozone/hadoop-ozone/integration-test/target/test-dir/MiniOzoneClusterImpl-21d14123-a168-44a2-bc0a-ee93e32dcc9b/datanode-5/data/ratis/2003f648-4363-4af3-ad53-cdb51b945669
2023-05-17 09:09:08,581 [b2b5d537-374d-472d-b9f1-d9543cb70a6b-groupManagement] INFO  server.RaftServerConfigKeys (ConfUtils.java:logGet(46)) - raft.server.log.queue.byte-limit = 4294967296 (custom)
2023-05-17 09:09:08,581 [b2b5d537-374d-472d-b9f1-d9543cb70a6b-groupManagement] INFO  server.RaftServerConfigKeys (ConfUtils.java:logGet(46)) - raft.server.log.queue.element-limit = 1024 (custom)
2023-05-17 09:09:08,581 [b2b5d537-374d-472d-b9f1-d9543cb70a6b-groupManagement] INFO  server.RaftServerConfigKeys (ConfUtils.java:logGet(46)) - raft.server.log.segment.size.max = 1048576 (custom)
2023-05-17 09:09:08,581 [b2b5d537-374d-472d-b9f1-d9543cb70a6b-groupManagement] INFO  server.RaftServerConfigKeys (ConfUtils.java:logGet(46)) - raft.server.log.preallocated.size = 16384 (custom)
2023-05-17 09:09:08,581 [b2b5d537-374d-472d-b9f1-d9543cb70a6b-groupManagement] INFO  server.RaftServerConfigKeys (ConfUtils.java:logGet(46)) - raft.server.log.force.sync.num = 128 (default)
2023-05-17 09:09:08,581 [b2b5d537-374d-472d-b9f1-d9543cb70a6b-groupManagement] INFO  server.RaftServerConfigKeys (ConfUtils.java:logGet(46)) - raft.server.log.statemachine.data.sync = true (default)
2023-05-17 09:09:08,582 [b2b5d537-374d-472d-b9f1-d9543cb70a6b-groupManagement] INFO  server.RaftServerConfigKeys (ConfUtils.java:logGet(46)) - raft.server.log.statemachine.data.sync.timeout = 10s (default)
2023-05-17 09:09:08,582 [b2b5d537-374d-472d-b9f1-d9543cb70a6b-groupManagement] INFO  server.RaftServerConfigKeys (ConfUtils.java:logGet(46)) - raft.server.log.statemachine.data.sync.timeout.retry = -1 (default)
2023-05-17 09:09:08,581 [b98521b2-5644-4aab-8244-d2e66a88cd45-groupManagement] INFO  server.RaftServerConfigKeys (ConfUtils.java:logGet(46)) - raft.server.log.appender.buffer.byte-limit = 33554432 (custom)
2023-05-17 09:09:08,583 [b2b5d537-374d-472d-b9f1-d9543cb70a6b-groupManagement] INFO  server.RaftServerConfigKeys (ConfUtils.java:logGet(46)) - raft.server.log.write.buffer.size = 1048576 (custom)
2023-05-17 09:09:08,585 [b2b5d537-374d-472d-b9f1-d9543cb70a6b-groupManagement] INFO  server.RaftServerConfigKeys (ConfUtils.java:logGet(46)) - raft.server.log.appender.buffer.byte-limit = 33554432 (custom)
2023-05-17 09:09:08,587 [b98521b2-5644-4aab-8244-d2e66a88cd45-groupManagement] INFO  server.RaftServerConfigKeys (ConfUtils.java:logGet(46)) - raft.server.log.unsafe-flush.enabled = false (default)
2023-05-17 09:09:08,588 [b98521b2-5644-4aab-8244-d2e66a88cd45-groupManagement] INFO  server.RaftServerConfigKeys (ConfUtils.java:logGet(46)) - raft.server.log.async-flush.enabled = false (default)
2023-05-17 09:09:08,588 [b98521b2-5644-4aab-8244-d2e66a88cd45-groupManagement] INFO  server.RaftServerConfigKeys (ConfUtils.java:logGet(46)) - raft.server.log.statemachine.data.caching.enabled = true (custom)
2023-05-17 09:09:08,588 [b98521b2-5644-4aab-8244-d2e66a88cd45-groupManagement] INFO  segmented.SegmentedRaftLogWorker (SegmentedRaftLogWorker.java:lambda$new$0(135)) - b98521b2-5644-4aab-8244-d2e66a88cd45@group-2EE872F2B0F0-SegmentedRaftLogWorker: flushIndex: setUnconditionally 0 -> -1
2023-05-17 09:09:08,588 [b98521b2-5644-4aab-8244-d2e66a88cd45-groupManagement] INFO  segmented.SegmentedRaftLogWorker (SegmentedRaftLogWorker.java:lambda$new$0(135)) - b98521b2-5644-4aab-8244-d2e66a88cd45@group-2EE872F2B0F0-SegmentedRaftLogWorker: safeCacheEvictIndex: setUnconditionally 0 -> -1
2023-05-17 09:09:08,590 [bcbacd9a-ca93-42dd-bb1e-f9c21d91cd60-groupManagement] INFO  server.RaftServerConfigKeys (ConfUtils.java:logGet(46)) - raft.server.log.unsafe-flush.enabled = false (default)
2023-05-17 09:09:08,590 [bcbacd9a-ca93-42dd-bb1e-f9c21d91cd60-groupManagement] INFO  server.RaftServerConfigKeys (ConfUtils.java:logGet(46)) - raft.server.log.async-flush.enabled = false (default)
2023-05-17 09:09:08,590 [bcbacd9a-ca93-42dd-bb1e-f9c21d91cd60-groupManagement] INFO  server.RaftServerConfigKeys (ConfUtils.java:logGet(46)) - raft.server.log.statemachine.data.caching.enabled = true (custom)
2023-05-17 09:09:08,591 [bcbacd9a-ca93-42dd-bb1e-f9c21d91cd60-groupManagement] INFO  segmented.SegmentedRaftLogWorker (SegmentedRaftLogWorker.java:lambda$new$0(135)) - bcbacd9a-ca93-42dd-bb1e-f9c21d91cd60@group-BD49330F06D5-SegmentedRaftLogWorker: flushIndex: setUnconditionally 0 -> -1
2023-05-17 09:09:08,591 [bcbacd9a-ca93-42dd-bb1e-f9c21d91cd60-groupManagement] INFO  segmented.SegmentedRaftLogWorker (SegmentedRaftLogWorker.java:lambda$new$0(135)) - bcbacd9a-ca93-42dd-bb1e-f9c21d91cd60@group-BD49330F06D5-SegmentedRaftLogWorker: safeCacheEvictIndex: setUnconditionally 0 -> -1
2023-05-17 09:09:08,592 [b98521b2-5644-4aab-8244-d2e66a88cd45-groupManagement] INFO  server.RaftServer$Division (RaftServerImpl.java:start(342)) - b98521b2-5644-4aab-8244-d2e66a88cd45@group-2EE872F2B0F0: start as a follower, conf=-1: peers:[b2b5d537-374d-472d-b9f1-d9543cb70a6b|rpc:10.1.0.64:15053|admin:10.1.0.64:15052|client:10.1.0.64:15051|dataStream:10.1.0.64:15054|priority:0|startupRole:FOLLOWER, b98521b2-5644-4aab-8244-d2e66a88cd45|rpc:10.1.0.64:15045|admin:10.1.0.64:15044|client:10.1.0.64:15043|dataStream:10.1.0.64:15046|priority:1|startupRole:FOLLOWER, 57ed5fd8-a62b-44c8-9c66-83b6d5ca8b16|rpc:10.1.0.64:15037|admin:10.1.0.64:15036|client:10.1.0.64:15035|dataStream:10.1.0.64:15038|priority:0|startupRole:FOLLOWER]|listeners:[], old=null
2023-05-17 09:09:08,592 [b98521b2-5644-4aab-8244-d2e66a88cd45-groupManagement] INFO  server.RaftServer$Division (RaftServerImpl.java:setRole(329)) - b98521b2-5644-4aab-8244-d2e66a88cd45@group-2EE872F2B0F0: changes role from      null to FOLLOWER at term 0 for startAsFollower
2023-05-17 09:09:08,592 [b98521b2-5644-4aab-8244-d2e66a88cd45-groupManagement] INFO  impl.RoleInfo (RoleInfo.java:updateAndGet(139)) - b98521b2-5644-4aab-8244-d2e66a88cd45: start b98521b2-5644-4aab-8244-d2e66a88cd45@group-2EE872F2B0F0-FollowerState
2023-05-17 09:09:08,592 [b98521b2-5644-4aab-8244-d2e66a88cd45-groupManagement] INFO  util.JmxRegister (JmxRegister.java:tryRegister(44)) - Successfully registered JMX Bean with object name Ratis:service=RaftServer,group=group-2EE872F2B0F0,id=b98521b2-5644-4aab-8244-d2e66a88cd45
2023-05-17 09:09:08,592 [b98521b2-5644-4aab-8244-d2e66a88cd45-groupManagement] INFO  server.RaftServerConfigKeys (ConfUtils.java:logGet(46)) - raft.server.snapshot.auto.trigger.enabled = true (custom)
2023-05-17 09:09:08,592 [b98521b2-5644-4aab-8244-d2e66a88cd45-groupManagement] INFO  server.RaftServerConfigKeys (ConfUtils.java:logGet(46)) - raft.server.snapshot.auto.trigger.threshold = 10000 (custom)
2023-05-17 09:09:08,592 [b98521b2-5644-4aab-8244-d2e66a88cd45-groupManagement] INFO  server.RaftServerConfigKeys (ConfUtils.java:logGet(46)) - raft.server.snapshot.retention.file.num = 5 (custom)
2023-05-17 09:09:08,592 [b98521b2-5644-4aab-8244-d2e66a88cd45-groupManagement] INFO  server.RaftServerConfigKeys (ConfUtils.java:logGet(46)) - raft.server.log.purge.upto.snapshot.index = false (default)
2023-05-17 09:09:08,601 [b2b5d537-374d-472d-b9f1-d9543cb70a6b-groupManagement] INFO  server.RaftServerConfigKeys (ConfUtils.java:logGet(46)) - raft.server.log.unsafe-flush.enabled = false (default)
2023-05-17 09:09:08,602 [b2b5d537-374d-472d-b9f1-d9543cb70a6b-groupManagement] INFO  server.RaftServerConfigKeys (ConfUtils.java:logGet(46)) - raft.server.log.async-flush.enabled = false (default)
2023-05-17 09:09:08,602 [b2b5d537-374d-472d-b9f1-d9543cb70a6b-groupManagement] INFO  server.RaftServerConfigKeys (ConfUtils.java:logGet(46)) - raft.server.log.statemachine.data.caching.enabled = true (custom)
2023-05-17 09:09:08,602 [b2b5d537-374d-472d-b9f1-d9543cb70a6b-groupManagement] INFO  segmented.SegmentedRaftLogWorker (SegmentedRaftLogWorker.java:lambda$new$0(135)) - b2b5d537-374d-472d-b9f1-d9543cb70a6b@group-CDB51B945669-SegmentedRaftLogWorker: flushIndex: setUnconditionally 0 -> -1
2023-05-17 09:09:08,602 [b2b5d537-374d-472d-b9f1-d9543cb70a6b-groupManagement] INFO  segmented.SegmentedRaftLogWorker (SegmentedRaftLogWorker.java:lambda$new$0(135)) - b2b5d537-374d-472d-b9f1-d9543cb70a6b@group-CDB51B945669-SegmentedRaftLogWorker: safeCacheEvictIndex: setUnconditionally 0 -> -1
2023-05-17 09:09:08,602 [b98521b2-5644-4aab-8244-d2e66a88cd45@group-2EE872F2B0F0-FollowerState] INFO  server.RaftServerConfigKeys (ConfUtils.java:logFallback(53)) - raft.server.rpc.first-election.timeout.min = 5s (fallback to raft.server.rpc.timeout.min)
2023-05-17 09:09:08,602 [b98521b2-5644-4aab-8244-d2e66a88cd45@group-2EE872F2B0F0-FollowerState] INFO  server.RaftServerConfigKeys (ConfUtils.java:logFallback(53)) - raft.server.rpc.first-election.timeout.max = 5200ms (fallback to raft.server.rpc.timeout.max)
2023-05-17 09:09:08,603 [bcbacd9a-ca93-42dd-bb1e-f9c21d91cd60-groupManagement] INFO  server.RaftServer$Division (RaftServerImpl.java:start(342)) - bcbacd9a-ca93-42dd-bb1e-f9c21d91cd60@group-BD49330F06D5: start as a follower, conf=-1: peers:[bcbacd9a-ca93-42dd-bb1e-f9c21d91cd60|rpc:10.1.0.64:15061|admin:10.1.0.64:15060|client:10.1.0.64:15059|dataStream:10.1.0.64:15062|priority:1|startupRole:FOLLOWER]|listeners:[], old=null
2023-05-17 09:09:08,604 [bcbacd9a-ca93-42dd-bb1e-f9c21d91cd60-groupManagement] INFO  server.RaftServer$Division (RaftServerImpl.java:setRole(329)) - bcbacd9a-ca93-42dd-bb1e-f9c21d91cd60@group-BD49330F06D5: changes role from      null to FOLLOWER at term 0 for startAsFollower
2023-05-17 09:09:08,604 [bcbacd9a-ca93-42dd-bb1e-f9c21d91cd60-groupManagement] INFO  impl.RoleInfo (RoleInfo.java:updateAndGet(139)) - bcbacd9a-ca93-42dd-bb1e-f9c21d91cd60: start bcbacd9a-ca93-42dd-bb1e-f9c21d91cd60@group-BD49330F06D5-FollowerState
2023-05-17 09:09:08,604 [bcbacd9a-ca93-42dd-bb1e-f9c21d91cd60-groupManagement] INFO  util.JmxRegister (JmxRegister.java:tryRegister(44)) - Successfully registered JMX Bean with object name Ratis:service=RaftServer,group=group-BD49330F06D5,id=bcbacd9a-ca93-42dd-bb1e-f9c21d91cd60
2023-05-17 09:09:08,604 [b2b5d537-374d-472d-b9f1-d9543cb70a6b-groupManagement] INFO  server.RaftServer$Division (RaftServerImpl.java:start(342)) - b2b5d537-374d-472d-b9f1-d9543cb70a6b@group-CDB51B945669: start as a follower, conf=-1: peers:[b2b5d537-374d-472d-b9f1-d9543cb70a6b|rpc:10.1.0.64:15053|admin:10.1.0.64:15052|client:10.1.0.64:15051|dataStream:10.1.0.64:15054|priority:0|startupRole:FOLLOWER, b98521b2-5644-4aab-8244-d2e66a88cd45|rpc:10.1.0.64:15045|admin:10.1.0.64:15044|client:10.1.0.64:15043|dataStream:10.1.0.64:15046|priority:0|startupRole:FOLLOWER, 57ed5fd8-a62b-44c8-9c66-83b6d5ca8b16|rpc:10.1.0.64:15037|admin:10.1.0.64:15036|client:10.1.0.64:15035|dataStream:10.1.0.64:15038|priority:1|startupRole:FOLLOWER]|listeners:[], old=null
2023-05-17 09:09:08,604 [b2b5d537-374d-472d-b9f1-d9543cb70a6b-groupManagement] INFO  server.RaftServer$Division (RaftServerImpl.java:setRole(329)) - b2b5d537-374d-472d-b9f1-d9543cb70a6b@group-CDB51B945669: changes role from      null to FOLLOWER at term 0 for startAsFollower
2023-05-17 09:09:08,604 [b2b5d537-374d-472d-b9f1-d9543cb70a6b-groupManagement] INFO  impl.RoleInfo (RoleInfo.java:updateAndGet(139)) - b2b5d537-374d-472d-b9f1-d9543cb70a6b: start b2b5d537-374d-472d-b9f1-d9543cb70a6b@group-CDB51B945669-FollowerState
2023-05-17 09:09:08,604 [bcbacd9a-ca93-42dd-bb1e-f9c21d91cd60@group-BD49330F06D5-FollowerState] INFO  server.RaftServerConfigKeys (ConfUtils.java:logFallback(53)) - raft.server.rpc.first-election.timeout.min = 5s (fallback to raft.server.rpc.timeout.min)
2023-05-17 09:09:08,605 [bcbacd9a-ca93-42dd-bb1e-f9c21d91cd60@group-BD49330F06D5-FollowerState] INFO  server.RaftServerConfigKeys (ConfUtils.java:logFallback(53)) - raft.server.rpc.first-election.timeout.max = 5200ms (fallback to raft.server.rpc.timeout.max)
2023-05-17 09:09:08,604 [bcbacd9a-ca93-42dd-bb1e-f9c21d91cd60-groupManagement] INFO  server.RaftServerConfigKeys (ConfUtils.java:logGet(46)) - raft.server.snapshot.auto.trigger.enabled = true (custom)
2023-05-17 09:09:08,605 [bcbacd9a-ca93-42dd-bb1e-f9c21d91cd60-groupManagement] INFO  server.RaftServerConfigKeys (ConfUtils.java:logGet(46)) - raft.server.snapshot.auto.trigger.threshold = 10000 (custom)
2023-05-17 09:09:08,605 [bcbacd9a-ca93-42dd-bb1e-f9c21d91cd60-groupManagement] INFO  server.RaftServerConfigKeys (ConfUtils.java:logGet(46)) - raft.server.snapshot.retention.file.num = 5 (custom)
2023-05-17 09:09:08,605 [bcbacd9a-ca93-42dd-bb1e-f9c21d91cd60-groupManagement] INFO  server.RaftServerConfigKeys (ConfUtils.java:logGet(46)) - raft.server.log.purge.upto.snapshot.index = false (default)
2023-05-17 09:09:08,605 [b2b5d537-374d-472d-b9f1-d9543cb70a6b-groupManagement] INFO  util.JmxRegister (JmxRegister.java:tryRegister(44)) - Successfully registered JMX Bean with object name Ratis:service=RaftServer,group=group-CDB51B945669,id=b2b5d537-374d-472d-b9f1-d9543cb70a6b
2023-05-17 09:09:08,605 [b2b5d537-374d-472d-b9f1-d9543cb70a6b-groupManagement] INFO  server.RaftServerConfigKeys (ConfUtils.java:logGet(46)) - raft.server.snapshot.auto.trigger.enabled = true (custom)
2023-05-17 09:09:08,605 [b2b5d537-374d-472d-b9f1-d9543cb70a6b-groupManagement] INFO  server.RaftServerConfigKeys (ConfUtils.java:logGet(46)) - raft.server.snapshot.auto.trigger.threshold = 10000 (custom)
2023-05-17 09:09:08,605 [b2b5d537-374d-472d-b9f1-d9543cb70a6b-groupManagement] INFO  server.RaftServerConfigKeys (ConfUtils.java:logGet(46)) - raft.server.snapshot.retention.file.num = 5 (custom)
2023-05-17 09:09:08,605 [b2b5d537-374d-472d-b9f1-d9543cb70a6b-groupManagement] INFO  server.RaftServerConfigKeys (ConfUtils.java:logGet(46)) - raft.server.log.purge.upto.snapshot.index = false (default)
2023-05-17 09:09:08,606 [b2b5d537-374d-472d-b9f1-d9543cb70a6b@group-CDB51B945669-FollowerState] INFO  server.RaftServerConfigKeys (ConfUtils.java:logFallback(53)) - raft.server.rpc.first-election.timeout.min = 5s (fallback to raft.server.rpc.timeout.min)
2023-05-17 09:09:08,607 [b2b5d537-374d-472d-b9f1-d9543cb70a6b@group-CDB51B945669-FollowerState] INFO  server.RaftServerConfigKeys (ConfUtils.java:logFallback(53)) - raft.server.rpc.first-election.timeout.max = 5200ms (fallback to raft.server.rpc.timeout.max)
2023-05-17 09:09:08,607 [Command processor thread] INFO  ratis.XceiverServerRatis (XceiverServerRatis.java:addGroup(806)) - Created group PipelineID=2003f648-4363-4af3-ad53-cdb51b945669
2023-05-17 09:09:08,610 [b98521b2-5644-4aab-8244-d2e66a88cd45-groupManagement] INFO  storage.RaftStorageDirectory (RaftStorageDirectoryImpl.java:analyzeStorage(137)) - The storage directory /home/runner/work/ozone/ozone/hadoop-ozone/integration-test/target/test-dir/MiniOzoneClusterImpl-21d14123-a168-44a2-bc0a-ee93e32dcc9b/datanode-4/data/ratis/2003f648-4363-4af3-ad53-cdb51b945669 does not exist. Creating ...
2023-05-17 09:09:08,612 [b98521b2-5644-4aab-8244-d2e66a88cd45-groupManagement] INFO  storage.RaftStorageDirectory (RaftStorageDirectoryImpl.java:tryLock(231)) - Lock on /home/runner/work/ozone/ozone/hadoop-ozone/integration-test/target/test-dir/MiniOzoneClusterImpl-21d14123-a168-44a2-bc0a-ee93e32dcc9b/datanode-4/data/ratis/2003f648-4363-4af3-ad53-cdb51b945669/in_use.lock acquired by nodename 2768@fv-az41-747
2023-05-17 09:09:08,614 [b98521b2-5644-4aab-8244-d2e66a88cd45-groupManagement] INFO  storage.RaftStorage (RaftStorageImpl.java:format(96)) - Storage directory /home/runner/work/ozone/ozone/hadoop-ozone/integration-test/target/test-dir/MiniOzoneClusterImpl-21d14123-a168-44a2-bc0a-ee93e32dcc9b/datanode-4/data/ratis/2003f648-4363-4af3-ad53-cdb51b945669 has been successfully formatted.
2023-05-17 09:09:08,617 [b98521b2-5644-4aab-8244-d2e66a88cd45-groupManagement] INFO  ratis.ContainerStateMachine (ContainerStateMachine.java:loadSnapshot(262)) - group-CDB51B945669: The snapshot info is null. Setting the last applied indexto:(t:0, i:~)
2023-05-17 09:09:08,617 [Command processor thread] INFO  ratis.XceiverServerRatis (XceiverServerRatis.java:addGroup(806)) - Created group PipelineID=ae65ac58-6be7-4552-909a-bd49330f06d5
2023-05-17 09:09:08,619 [Command processor thread] INFO  commandhandler.CreatePipelineCommandHandler (CreatePipelineCommandHandler.java:handle(113)) - Created Pipeline RATIS ONE PipelineID=ae65ac58-6be7-4552-909a-bd49330f06d5.
2023-05-17 09:09:08,620 [b98521b2-5644-4aab-8244-d2e66a88cd45-groupManagement] INFO  server.RaftServerConfigKeys (ConfUtils.java:logGet(46)) - raft.server.log.use.memory = false (default)
2023-05-17 09:09:08,620 [b98521b2-5644-4aab-8244-d2e66a88cd45-groupManagement] INFO  server.RaftServerConfigKeys (ConfUtils.java:logGet(46)) - raft.server.log.purge.gap = 1000000 (custom)
2023-05-17 09:09:08,620 [b98521b2-5644-4aab-8244-d2e66a88cd45-groupManagement] INFO  server.RaftServerConfigKeys (ConfUtils.java:logGet(46)) - raft.server.log.appender.buffer.byte-limit = 33554432 (custom)
2023-05-17 09:09:08,622 [b98521b2-5644-4aab-8244-d2e66a88cd45-groupManagement] INFO  server.RaftServerConfigKeys (ConfUtils.java:logGet(46)) - raft.server.log.statemachine.data.read.timeout = 1000ms (default)
2023-05-17 09:09:08,628 [b98521b2-5644-4aab-8244-d2e66a88cd45-groupManagement] INFO  server.RaftServerConfigKeys (ConfUtils.java:logGet(46)) - raft.server.log.purge.preservation.log.num = 0 (default)
2023-05-17 09:09:08,628 [b98521b2-5644-4aab-8244-d2e66a88cd45-groupManagement] INFO  server.RaftServerConfigKeys (ConfUtils.java:logGet(46)) - raft.server.log.segment.size.max = 1048576 (custom)
2023-05-17 09:09:08,620 [Command processor thread] INFO  server.RaftServer (RaftServerProxy.java:addNew(98)) - bcbacd9a-ca93-42dd-bb1e-f9c21d91cd60: addNew group-A7669F4B16A5:[5b9fa8c3-08c3-43f9-b175-3119fbbe3900|rpc:10.1.0.64:15077|admin:10.1.0.64:15076|client:10.1.0.64:15075|dataStream:10.1.0.64:15078|priority:0|startupRole:FOLLOWER, 5b9af961-56be-4fa8-844e-3cefe1429416|rpc:10.1.0.64:15069|admin:10.1.0.64:15068|client:10.1.0.64:15067|dataStream:10.1.0.64:15070|priority:0|startupRole:FOLLOWER, bcbacd9a-ca93-42dd-bb1e-f9c21d91cd60|rpc:10.1.0.64:15061|admin:10.1.0.64:15060|client:10.1.0.64:15059|dataStream:10.1.0.64:15062|priority:1|startupRole:FOLLOWER] returns group-A7669F4B16A5:java.util.concurrent.CompletableFuture@637ed811[Not completed]
2023-05-17 09:09:08,622 [EventQueue-OpenPipelineForHealthyPipelineSafeModeRule] INFO  safemode.SCMSafeModeManager (HealthyPipelineSafeModeRule.java:process(137)) - SCM in safe mode. Healthy pipelines reported count is 0, required healthy pipeline reported count is 1
2023-05-17 09:09:08,621 [bcbacd9a-ca93-42dd-bb1e-f9c21d91cd60-groupManagement] INFO  server.RaftServer$Division (RaftServerImpl.java:<init>(198)) - bcbacd9a-ca93-42dd-bb1e-f9c21d91cd60: new RaftServerImpl for group-A7669F4B16A5:[5b9fa8c3-08c3-43f9-b175-3119fbbe3900|rpc:10.1.0.64:15077|admin:10.1.0.64:15076|client:10.1.0.64:15075|dataStream:10.1.0.64:15078|priority:0|startupRole:FOLLOWER, 5b9af961-56be-4fa8-844e-3cefe1429416|rpc:10.1.0.64:15069|admin:10.1.0.64:15068|client:10.1.0.64:15067|dataStream:10.1.0.64:15070|priority:0|startupRole:FOLLOWER, bcbacd9a-ca93-42dd-bb1e-f9c21d91cd60|rpc:10.1.0.64:15061|admin:10.1.0.64:15060|client:10.1.0.64:15059|dataStream:10.1.0.64:15062|priority:1|startupRole:FOLLOWER] with ContainerStateMachine:uninitialized
2023-05-17 09:09:08,629 [bcbacd9a-ca93-42dd-bb1e-f9c21d91cd60-groupManagement] INFO  server.RaftServerConfigKeys (ConfUtils.java:logGet(46)) - raft.server.rpc.timeout.min = 5s (custom)
2023-05-17 09:09:08,630 [b98521b2-5644-4aab-8244-d2e66a88cd45-groupManagement] INFO  server.RaftServerConfigKeys (ConfUtils.java:logGet(46)) - raft.server.log.segment.cache.num.max = 2 (custom)
2023-05-17 09:09:08,630 [bcbacd9a-ca93-42dd-bb1e-f9c21d91cd60-groupManagement] INFO  server.RaftServerConfigKeys (ConfUtils.java:logGet(46)) - raft.server.rpc.timeout.max = 5200ms (custom)
2023-05-17 09:09:08,630 [bcbacd9a-ca93-42dd-bb1e-f9c21d91cd60-groupManagement] INFO  server.RaftServerConfigKeys (ConfUtils.java:logGet(46)) - raft.server.rpc.sleep.time = 25ms (default)
2023-05-17 09:09:08,630 [bcbacd9a-ca93-42dd-bb1e-f9c21d91cd60-groupManagement] INFO  server.RaftServerConfigKeys (ConfUtils.java:logGet(46)) - raft.server.rpc.slowness.timeout = 300s (custom)
2023-05-17 09:09:08,630 [b98521b2-5644-4aab-8244-d2e66a88cd45-groupManagement] INFO  server.RaftServerConfigKeys (ConfUtils.java:logGet(46)) - raft.server.log.segment.cache.size.max = 200MB (=209715200) (default)
2023-05-17 09:09:08,630 [bcbacd9a-ca93-42dd-bb1e-f9c21d91cd60-groupManagement] INFO  server.RaftServerConfigKeys (ConfUtils.java:logGet(46)) - raft.server.leaderelection.leader.step-down.wait-time = 10s (default)
2023-05-17 09:09:08,630 [b98521b2-5644-4aab-8244-d2e66a88cd45-groupManagement] INFO  server.RaftServerConfigKeys (ConfUtils.java:logGet(46)) - raft.server.log.appender.buffer.byte-limit = 33554432 (custom)
2023-05-17 09:09:08,630 [bcbacd9a-ca93-42dd-bb1e-f9c21d91cd60-groupManagement] INFO  server.RaftServerConfigKeys (ConfUtils.java:logGet(46)) - raft.server.sleep.deviation.threshold = 300ms (default)
2023-05-17 09:09:08,630 [b98521b2-5644-4aab-8244-d2e66a88cd45-groupManagement] INFO  segmented.SegmentedRaftLogWorker (SegmentedRaftLogWorker.java:<init>(188)) - new b98521b2-5644-4aab-8244-d2e66a88cd45@group-CDB51B945669-SegmentedRaftLogWorker for RaftStorageImpl:Storage Directory /home/runner/work/ozone/ozone/hadoop-ozone/integration-test/target/test-dir/MiniOzoneClusterImpl-21d14123-a168-44a2-bc0a-ee93e32dcc9b/datanode-4/data/ratis/2003f648-4363-4af3-ad53-cdb51b945669
2023-05-17 09:09:08,631 [bcbacd9a-ca93-42dd-bb1e-f9c21d91cd60-groupManagement] INFO  server.RaftServer$Division (ServerState.java:<init>(120)) - bcbacd9a-ca93-42dd-bb1e-f9c21d91cd60@group-A7669F4B16A5: ConfigurationManager, init=-1: peers:[5b9fa8c3-08c3-43f9-b175-3119fbbe3900|rpc:10.1.0.64:15077|admin:10.1.0.64:15076|client:10.1.0.64:15075|dataStream:10.1.0.64:15078|priority:0|startupRole:FOLLOWER, 5b9af961-56be-4fa8-844e-3cefe1429416|rpc:10.1.0.64:15069|admin:10.1.0.64:15068|client:10.1.0.64:15067|dataStream:10.1.0.64:15070|priority:0|startupRole:FOLLOWER, bcbacd9a-ca93-42dd-bb1e-f9c21d91cd60|rpc:10.1.0.64:15061|admin:10.1.0.64:15060|client:10.1.0.64:15059|dataStream:10.1.0.64:15062|priority:1|startupRole:FOLLOWER]|listeners:[], old=null, confs=<EMPTY_MAP>
2023-05-17 09:09:08,631 [b98521b2-5644-4aab-8244-d2e66a88cd45-groupManagement] INFO  server.RaftServerConfigKeys (ConfUtils.java:logGet(46)) - raft.server.log.queue.byte-limit = 4294967296 (custom)
2023-05-17 09:09:08,631 [bcbacd9a-ca93-42dd-bb1e-f9c21d91cd60-groupManagement] INFO  server.RaftServerConfigKeys (ConfUtils.java:logGet(46)) - raft.server.storage.dir = [/home/runner/work/ozone/ozone/hadoop-ozone/integration-test/target/test-dir/MiniOzoneClusterImpl-21d14123-a168-44a2-bc0a-ee93e32dcc9b/datanode-6/data/ratis] (custom)
2023-05-17 09:09:08,631 [b98521b2-5644-4aab-8244-d2e66a88cd45-groupManagement] INFO  server.RaftServerConfigKeys (ConfUtils.java:logGet(46)) - raft.server.log.queue.element-limit = 1024 (custom)
2023-05-17 09:09:08,631 [b98521b2-5644-4aab-8244-d2e66a88cd45-groupManagement] INFO  server.RaftServerConfigKeys (ConfUtils.java:logGet(46)) - raft.server.log.segment.size.max = 1048576 (custom)
2023-05-17 09:09:08,631 [b98521b2-5644-4aab-8244-d2e66a88cd45-groupManagement] INFO  server.RaftServerConfigKeys (ConfUtils.java:logGet(46)) - raft.server.log.preallocated.size = 16384 (custom)
2023-05-17 09:09:08,631 [bcbacd9a-ca93-42dd-bb1e-f9c21d91cd60-groupManagement] INFO  server.RaftServerConfigKeys (ConfUtils.java:logGet(46)) - raft.server.log.corruption.policy = EXCEPTION (default)
2023-05-17 09:09:08,631 [bcbacd9a-ca93-42dd-bb1e-f9c21d91cd60-groupManagement] INFO  server.RaftServerConfigKeys (ConfUtils.java:logGet(46)) - raft.server.storage.free-space.min = 0MB (=0) (default)
2023-05-17 09:09:08,631 [bcbacd9a-ca93-42dd-bb1e-f9c21d91cd60-groupManagement] INFO  server.RaftServerConfigKeys (ConfUtils.java:logGet(46)) - raft.server.notification.no-leader.timeout = 300s (custom)
2023-05-17 09:09:08,631 [bcbacd9a-ca93-42dd-bb1e-f9c21d91cd60-groupManagement] INFO  server.RaftServerConfigKeys (ConfUtils.java:logGet(46)) - raft.server.read.timeout = 10s (default)
2023-05-17 09:09:08,631 [bcbacd9a-ca93-42dd-bb1e-f9c21d91cd60-groupManagement] INFO  server.RaftServerConfigKeys (ConfUtils.java:logGet(46)) - raft.server.retrycache.expirytime = 600000ms (custom)
2023-05-17 09:09:08,631 [bcbacd9a-ca93-42dd-bb1e-f9c21d91cd60-groupManagement] INFO  server.RaftServerConfigKeys (ConfUtils.java:logGet(46)) - raft.server.retrycache.statistics.expirytime = 100μs (default)
2023-05-17 09:09:08,631 [bcbacd9a-ca93-42dd-bb1e-f9c21d91cd60-groupManagement] INFO  server.RaftServerConfigKeys (ConfUtils.java:logGet(46)) - raft.server.read.option = DEFAULT (default)
2023-05-17 09:09:08,631 [b98521b2-5644-4aab-8244-d2e66a88cd45-groupManagement] INFO  server.RaftServerConfigKeys (ConfUtils.java:logGet(46)) - raft.server.log.force.sync.num = 128 (default)
2023-05-17 09:09:08,631 [b98521b2-5644-4aab-8244-d2e66a88cd45-groupManagement] INFO  server.RaftServerConfigKeys (ConfUtils.java:logGet(46)) - raft.server.log.statemachine.data.sync = true (default)
2023-05-17 09:09:08,632 [b98521b2-5644-4aab-8244-d2e66a88cd45-groupManagement] INFO  server.RaftServerConfigKeys (ConfUtils.java:logGet(46)) - raft.server.log.statemachine.data.sync.timeout = 10s (default)
2023-05-17 09:09:08,632 [b98521b2-5644-4aab-8244-d2e66a88cd45-groupManagement] INFO  server.RaftServerConfigKeys (ConfUtils.java:logGet(46)) - raft.server.log.statemachine.data.sync.timeout.retry = -1 (default)
2023-05-17 09:09:08,644 [grpc-default-executor-1] INFO  server.RaftServer (RaftServerProxy.java:addNew(98)) - 57ed5fd8-a62b-44c8-9c66-83b6d5ca8b16: addNew group-CDB51B945669:[b2b5d537-374d-472d-b9f1-d9543cb70a6b|rpc:10.1.0.64:15053|admin:10.1.0.64:15052|client:10.1.0.64:15051|dataStream:10.1.0.64:15054|priority:0|startupRole:FOLLOWER, b98521b2-5644-4aab-8244-d2e66a88cd45|rpc:10.1.0.64:15045|admin:10.1.0.64:15044|client:10.1.0.64:15043|dataStream:10.1.0.64:15046|priority:0|startupRole:FOLLOWER, 57ed5fd8-a62b-44c8-9c66-83b6d5ca8b16|rpc:10.1.0.64:15037|admin:10.1.0.64:15036|client:10.1.0.64:15035|dataStream:10.1.0.64:15038|priority:1|startupRole:FOLLOWER] returns group-CDB51B945669:java.util.concurrent.CompletableFuture@7a782fbf[Not completed]
2023-05-17 09:09:08,647 [57ed5fd8-a62b-44c8-9c66-83b6d5ca8b16-groupManagement] INFO  server.RaftServer$Division (RaftServerImpl.java:<init>(198)) - 57ed5fd8-a62b-44c8-9c66-83b6d5ca8b16: new RaftServerImpl for group-CDB51B945669:[b2b5d537-374d-472d-b9f1-d9543cb70a6b|rpc:10.1.0.64:15053|admin:10.1.0.64:15052|client:10.1.0.64:15051|dataStream:10.1.0.64:15054|priority:0|startupRole:FOLLOWER, b98521b2-5644-4aab-8244-d2e66a88cd45|rpc:10.1.0.64:15045|admin:10.1.0.64:15044|client:10.1.0.64:15043|dataStream:10.1.0.64:15046|priority:0|startupRole:FOLLOWER, 57ed5fd8-a62b-44c8-9c66-83b6d5ca8b16|rpc:10.1.0.64:15037|admin:10.1.0.64:15036|client:10.1.0.64:15035|dataStream:10.1.0.64:15038|priority:1|startupRole:FOLLOWER] with ContainerStateMachine:uninitialized
2023-05-17 09:09:08,647 [57ed5fd8-a62b-44c8-9c66-83b6d5ca8b16-groupManagement] INFO  server.RaftServerConfigKeys (ConfUtils.java:logGet(46)) - raft.server.rpc.timeout.min = 5s (custom)
2023-05-17 09:09:08,647 [57ed5fd8-a62b-44c8-9c66-83b6d5ca8b16-groupManagement] INFO  server.RaftServerConfigKeys (ConfUtils.java:logGet(46)) - raft.server.rpc.timeout.max = 5200ms (custom)
2023-05-17 09:09:08,647 [57ed5fd8-a62b-44c8-9c66-83b6d5ca8b16-groupManagement] INFO  server.RaftServerConfigKeys (ConfUtils.java:logGet(46)) - raft.server.rpc.sleep.time = 25ms (default)
2023-05-17 09:09:08,647 [57ed5fd8-a62b-44c8-9c66-83b6d5ca8b16-groupManagement] INFO  server.RaftServerConfigKeys (ConfUtils.java:logGet(46)) - raft.server.rpc.slowness.timeout = 300s (custom)
2023-05-17 09:09:08,647 [57ed5fd8-a62b-44c8-9c66-83b6d5ca8b16-groupManagement] INFO  server.RaftServerConfigKeys (ConfUtils.java:logGet(46)) - raft.server.leaderelection.leader.step-down.wait-time = 10s (default)
2023-05-17 09:09:08,647 [57ed5fd8-a62b-44c8-9c66-83b6d5ca8b16-groupManagement] INFO  server.RaftServerConfigKeys (ConfUtils.java:logGet(46)) - raft.server.sleep.deviation.threshold = 300ms (default)
2023-05-17 09:09:08,647 [57ed5fd8-a62b-44c8-9c66-83b6d5ca8b16-groupManagement] INFO  server.RaftServer$Division (ServerState.java:<init>(120)) - 57ed5fd8-a62b-44c8-9c66-83b6d5ca8b16@group-CDB51B945669: ConfigurationManager, init=-1: peers:[b2b5d537-374d-472d-b9f1-d9543cb70a6b|rpc:10.1.0.64:15053|admin:10.1.0.64:15052|client:10.1.0.64:15051|dataStream:10.1.0.64:15054|priority:0|startupRole:FOLLOWER, b98521b2-5644-4aab-8244-d2e66a88cd45|rpc:10.1.0.64:15045|admin:10.1.0.64:15044|client:10.1.0.64:15043|dataStream:10.1.0.64:15046|priority:0|startupRole:FOLLOWER, 57ed5fd8-a62b-44c8-9c66-83b6d5ca8b16|rpc:10.1.0.64:15037|admin:10.1.0.64:15036|client:10.1.0.64:15035|dataStream:10.1.0.64:15038|priority:1|startupRole:FOLLOWER]|listeners:[], old=null, confs=<EMPTY_MAP>
2023-05-17 09:09:08,647 [57ed5fd8-a62b-44c8-9c66-83b6d5ca8b16-groupManagement] INFO  server.RaftServerConfigKeys (ConfUtils.java:logGet(46)) - raft.server.storage.dir = [/home/runner/work/ozone/ozone/hadoop-ozone/integration-test/target/test-dir/MiniOzoneClusterImpl-21d14123-a168-44a2-bc0a-ee93e32dcc9b/datanode-3/data/ratis] (custom)
2023-05-17 09:09:08,647 [57ed5fd8-a62b-44c8-9c66-83b6d5ca8b16-groupManagement] INFO  server.RaftServerConfigKeys (ConfUtils.java:logGet(46)) - raft.server.log.corruption.policy = EXCEPTION (default)
2023-05-17 09:09:08,647 [57ed5fd8-a62b-44c8-9c66-83b6d5ca8b16-groupManagement] INFO  server.RaftServerConfigKeys (ConfUtils.java:logGet(46)) - raft.server.storage.free-space.min = 0MB (=0) (default)
2023-05-17 09:09:08,648 [57ed5fd8-a62b-44c8-9c66-83b6d5ca8b16-groupManagement] INFO  server.RaftServerConfigKeys (ConfUtils.java:logGet(46)) - raft.server.notification.no-leader.timeout = 300s (custom)
2023-05-17 09:09:08,648 [57ed5fd8-a62b-44c8-9c66-83b6d5ca8b16-groupManagement] INFO  server.RaftServerConfigKeys (ConfUtils.java:logGet(46)) - raft.server.read.timeout = 10s (default)
2023-05-17 09:09:08,648 [57ed5fd8-a62b-44c8-9c66-83b6d5ca8b16-groupManagement] INFO  server.RaftServerConfigKeys (ConfUtils.java:logGet(46)) - raft.server.retrycache.expirytime = 600000ms (custom)
2023-05-17 09:09:08,648 [57ed5fd8-a62b-44c8-9c66-83b6d5ca8b16-groupManagement] INFO  server.RaftServerConfigKeys (ConfUtils.java:logGet(46)) - raft.server.retrycache.statistics.expirytime = 100μs (default)
2023-05-17 09:09:08,648 [57ed5fd8-a62b-44c8-9c66-83b6d5ca8b16-groupManagement] INFO  server.RaftServerConfigKeys (ConfUtils.java:logGet(46)) - raft.server.read.option = DEFAULT (default)
2023-05-17 09:09:08,662 [bcbacd9a-ca93-42dd-bb1e-f9c21d91cd60-groupManagement] INFO  server.RaftServerConfigKeys (ConfUtils.java:logGet(46)) - raft.server.rpc.request.timeout = 60s (custom)
2023-05-17 09:09:08,663 [bcbacd9a-ca93-42dd-bb1e-f9c21d91cd60-groupManagement] INFO  server.RaftServerConfigKeys (ConfUtils.java:logGet(46)) - raft.server.log.appender.install.snapshot.enabled = false (custom)
2023-05-17 09:09:08,663 [bcbacd9a-ca93-42dd-bb1e-f9c21d91cd60-groupManagement] INFO  server.RaftServerConfigKeys (ConfUtils.java:logGet(46)) - raft.server.threadpool.server.cached = true (default)
2023-05-17 09:09:08,663 [bcbacd9a-ca93-42dd-bb1e-f9c21d91cd60-groupManagement] INFO  server.RaftServerConfigKeys (ConfUtils.java:logGet(46)) - raft.server.threadpool.server.size = 0 (default)
2023-05-17 09:09:08,663 [bcbacd9a-ca93-42dd-bb1e-f9c21d91cd60-groupManagement] INFO  server.RaftServerConfigKeys (ConfUtils.java:logGet(46)) - raft.server.threadpool.client.cached = true (default)
2023-05-17 09:09:08,663 [bcbacd9a-ca93-42dd-bb1e-f9c21d91cd60-groupManagement] INFO  server.RaftServerConfigKeys (ConfUtils.java:logGet(46)) - raft.server.threadpool.client.size = 0 (default)
2023-05-17 09:09:08,663 [bcbacd9a-ca93-42dd-bb1e-f9c21d91cd60-groupManagement] INFO  storage.RaftStorageDirectory (RaftStorageDirectoryImpl.java:analyzeStorage(137)) - The storage directory /home/runner/work/ozone/ozone/hadoop-ozone/integration-test/target/test-dir/MiniOzoneClusterImpl-21d14123-a168-44a2-bc0a-ee93e32dcc9b/datanode-6/data/ratis/198e1bf6-3ffb-4307-8ad0-a7669f4b16a5 does not exist. Creating ...
2023-05-17 09:09:08,663 [b98521b2-5644-4aab-8244-d2e66a88cd45-groupManagement] INFO  server.RaftServerConfigKeys (ConfUtils.java:logGet(46)) - raft.server.log.write.buffer.size = 1048576 (custom)
2023-05-17 09:09:08,664 [b98521b2-5644-4aab-8244-d2e66a88cd45-groupManagement] INFO  server.RaftServerConfigKeys (ConfUtils.java:logGet(46)) - raft.server.log.appender.buffer.byte-limit = 33554432 (custom)
2023-05-17 09:09:08,665 [bcbacd9a-ca93-42dd-bb1e-f9c21d91cd60-groupManagement] INFO  storage.RaftStorageDirectory (RaftStorageDirectoryImpl.java:tryLock(231)) - Lock on /home/runner/work/ozone/ozone/hadoop-ozone/integration-test/target/test-dir/MiniOzoneClusterImpl-21d14123-a168-44a2-bc0a-ee93e32dcc9b/datanode-6/data/ratis/198e1bf6-3ffb-4307-8ad0-a7669f4b16a5/in_use.lock acquired by nodename 2768@fv-az41-747
2023-05-17 09:09:08,666 [57ed5fd8-a62b-44c8-9c66-83b6d5ca8b16-groupManagement] INFO  server.RaftServerConfigKeys (ConfUtils.java:logGet(46)) - raft.server.rpc.request.timeout = 60s (custom)
2023-05-17 09:09:08,666 [57ed5fd8-a62b-44c8-9c66-83b6d5ca8b16-groupManagement] INFO  server.RaftServerConfigKeys (ConfUtils.java:logGet(46)) - raft.server.log.appender.install.snapshot.enabled = false (custom)
2023-05-17 09:09:08,666 [57ed5fd8-a62b-44c8-9c66-83b6d5ca8b16-groupManagement] INFO  server.RaftServerConfigKeys (ConfUtils.java:logGet(46)) - raft.server.threadpool.server.cached = true (default)
2023-05-17 09:09:08,666 [57ed5fd8-a62b-44c8-9c66-83b6d5ca8b16-groupManagement] INFO  server.RaftServerConfigKeys (ConfUtils.java:logGet(46)) - raft.server.threadpool.server.size = 0 (default)
2023-05-17 09:09:08,666 [57ed5fd8-a62b-44c8-9c66-83b6d5ca8b16-groupManagement] INFO  server.RaftServerConfigKeys (ConfUtils.java:logGet(46)) - raft.server.threadpool.client.cached = true (default)
2023-05-17 09:09:08,666 [57ed5fd8-a62b-44c8-9c66-83b6d5ca8b16-groupManagement] INFO  server.RaftServerConfigKeys (ConfUtils.java:logGet(46)) - raft.server.threadpool.client.size = 0 (default)
2023-05-17 09:09:08,666 [57ed5fd8-a62b-44c8-9c66-83b6d5ca8b16-groupManagement] INFO  storage.RaftStorageDirectory (RaftStorageDirectoryImpl.java:analyzeStorage(137)) - The storage directory /home/runner/work/ozone/ozone/hadoop-ozone/integration-test/target/test-dir/MiniOzoneClusterImpl-21d14123-a168-44a2-bc0a-ee93e32dcc9b/datanode-3/data/ratis/2003f648-4363-4af3-ad53-cdb51b945669 does not exist. Creating ...
2023-05-17 09:09:08,667 [bcbacd9a-ca93-42dd-bb1e-f9c21d91cd60-groupManagement] INFO  storage.RaftStorage (RaftStorageImpl.java:format(96)) - Storage directory /home/runner/work/ozone/ozone/hadoop-ozone/integration-test/target/test-dir/MiniOzoneClusterImpl-21d14123-a168-44a2-bc0a-ee93e32dcc9b/datanode-6/data/ratis/198e1bf6-3ffb-4307-8ad0-a7669f4b16a5 has been successfully formatted.
2023-05-17 09:09:08,669 [EventQueue-OpenPipelineForHealthyPipelineSafeModeRule] INFO  safemode.SCMSafeModeManager (HealthyPipelineSafeModeRule.java:process(137)) - SCM in safe mode. Healthy pipelines reported count is 0, required healthy pipeline reported count is 1
2023-05-17 09:09:08,670 [bcbacd9a-ca93-42dd-bb1e-f9c21d91cd60-groupManagement] INFO  ratis.ContainerStateMachine (ContainerStateMachine.java:loadSnapshot(262)) - group-A7669F4B16A5: The snapshot info is null. Setting the last applied indexto:(t:0, i:~)
2023-05-17 09:09:08,670 [bcbacd9a-ca93-42dd-bb1e-f9c21d91cd60-groupManagement] INFO  server.RaftServerConfigKeys (ConfUtils.java:logGet(46)) - raft.server.log.use.memory = false (default)
2023-05-17 09:09:08,670 [bcbacd9a-ca93-42dd-bb1e-f9c21d91cd60-groupManagement] INFO  server.RaftServerConfigKeys (ConfUtils.java:logGet(46)) - raft.server.log.purge.gap = 1000000 (custom)
2023-05-17 09:09:08,670 [bcbacd9a-ca93-42dd-bb1e-f9c21d91cd60-groupManagement] INFO  server.RaftServerConfigKeys (ConfUtils.java:logGet(46)) - raft.server.log.appender.buffer.byte-limit = 33554432 (custom)
2023-05-17 09:09:08,670 [bcbacd9a-ca93-42dd-bb1e-f9c21d91cd60-groupManagement] INFO  server.RaftServerConfigKeys (ConfUtils.java:logGet(46)) - raft.server.log.statemachine.data.read.timeout = 1000ms (default)
2023-05-17 09:09:08,670 [bcbacd9a-ca93-42dd-bb1e-f9c21d91cd60-groupManagement] INFO  server.RaftServerConfigKeys (ConfUtils.java:logGet(46)) - raft.server.log.purge.preservation.log.num = 0 (default)
2023-05-17 09:09:08,682 [b98521b2-5644-4aab-8244-d2e66a88cd45-groupManagement] INFO  server.RaftServerConfigKeys (ConfUtils.java:logGet(46)) - raft.server.log.unsafe-flush.enabled = false (default)
2023-05-17 09:09:08,683 [b98521b2-5644-4aab-8244-d2e66a88cd45-groupManagement] INFO  server.RaftServerConfigKeys (ConfUtils.java:logGet(46)) - raft.server.log.async-flush.enabled = false (default)
2023-05-17 09:09:08,683 [b98521b2-5644-4aab-8244-d2e66a88cd45-groupManagement] INFO  server.RaftServerConfigKeys (ConfUtils.java:logGet(46)) - raft.server.log.statemachine.data.caching.enabled = true (custom)
2023-05-17 09:09:08,683 [b98521b2-5644-4aab-8244-d2e66a88cd45-groupManagement] INFO  segmented.SegmentedRaftLogWorker (SegmentedRaftLogWorker.java:lambda$new$0(135)) - b98521b2-5644-4aab-8244-d2e66a88cd45@group-CDB51B945669-SegmentedRaftLogWorker: flushIndex: setUnconditionally 0 -> -1
2023-05-17 09:09:08,683 [b98521b2-5644-4aab-8244-d2e66a88cd45-groupManagement] INFO  segmented.SegmentedRaftLogWorker (SegmentedRaftLogWorker.java:lambda$new$0(135)) - b98521b2-5644-4aab-8244-d2e66a88cd45@group-CDB51B945669-SegmentedRaftLogWorker: safeCacheEvictIndex: setUnconditionally 0 -> -1
2023-05-17 09:09:08,684 [bcbacd9a-ca93-42dd-bb1e-f9c21d91cd60-groupManagement] INFO  server.RaftServerConfigKeys (ConfUtils.java:logGet(46)) - raft.server.log.segment.size.max = 1048576 (custom)
2023-05-17 09:09:08,685 [bcbacd9a-ca93-42dd-bb1e-f9c21d91cd60-groupManagement] INFO  server.RaftServerConfigKeys (ConfUtils.java:logGet(46)) - raft.server.log.segment.cache.num.max = 2 (custom)
2023-05-17 09:09:08,685 [bcbacd9a-ca93-42dd-bb1e-f9c21d91cd60-groupManagement] INFO  server.RaftServerConfigKeys (ConfUtils.java:logGet(46)) - raft.server.log.segment.cache.size.max = 200MB (=209715200) (default)
2023-05-17 09:09:08,685 [bcbacd9a-ca93-42dd-bb1e-f9c21d91cd60-groupManagement] INFO  server.RaftServerConfigKeys (ConfUtils.java:logGet(46)) - raft.server.log.appender.buffer.byte-limit = 33554432 (custom)
2023-05-17 09:09:08,685 [bcbacd9a-ca93-42dd-bb1e-f9c21d91cd60-groupManagement] INFO  segmented.SegmentedRaftLogWorker (SegmentedRaftLogWorker.java:<init>(188)) - new bcbacd9a-ca93-42dd-bb1e-f9c21d91cd60@group-A7669F4B16A5-SegmentedRaftLogWorker for RaftStorageImpl:Storage Directory /home/runner/work/ozone/ozone/hadoop-ozone/integration-test/target/test-dir/MiniOzoneClusterImpl-21d14123-a168-44a2-bc0a-ee93e32dcc9b/datanode-6/data/ratis/198e1bf6-3ffb-4307-8ad0-a7669f4b16a5
2023-05-17 09:09:08,685 [bcbacd9a-ca93-42dd-bb1e-f9c21d91cd60-groupManagement] INFO  server.RaftServerConfigKeys (ConfUtils.java:logGet(46)) - raft.server.log.queue.byte-limit = 4294967296 (custom)
2023-05-17 09:09:08,685 [bcbacd9a-ca93-42dd-bb1e-f9c21d91cd60-groupManagement] INFO  server.RaftServerConfigKeys (ConfUtils.java:logGet(46)) - raft.server.log.queue.element-limit = 1024 (custom)
2023-05-17 09:09:08,685 [bcbacd9a-ca93-42dd-bb1e-f9c21d91cd60-groupManagement] INFO  server.RaftServerConfigKeys (ConfUtils.java:logGet(46)) - raft.server.log.segment.size.max = 1048576 (custom)
2023-05-17 09:09:08,685 [bcbacd9a-ca93-42dd-bb1e-f9c21d91cd60-groupManagement] INFO  server.RaftServerConfigKeys (ConfUtils.java:logGet(46)) - raft.server.log.preallocated.size = 16384 (custom)
2023-05-17 09:09:08,685 [bcbacd9a-ca93-42dd-bb1e-f9c21d91cd60-groupManagement] INFO  server.RaftServerConfigKeys (ConfUtils.java:logGet(46)) - raft.server.log.force.sync.num = 128 (default)
2023-05-17 09:09:08,685 [bcbacd9a-ca93-42dd-bb1e-f9c21d91cd60-groupManagement] INFO  server.RaftServerConfigKeys (ConfUtils.java:logGet(46)) - raft.server.log.statemachine.data.sync = true (default)
2023-05-17 09:09:08,685 [bcbacd9a-ca93-42dd-bb1e-f9c21d91cd60-groupManagement] INFO  server.RaftServerConfigKeys (ConfUtils.java:logGet(46)) - raft.server.log.statemachine.data.sync.timeout = 10s (default)
2023-05-17 09:09:08,685 [bcbacd9a-ca93-42dd-bb1e-f9c21d91cd60-groupManagement] INFO  server.RaftServerConfigKeys (ConfUtils.java:logGet(46)) - raft.server.log.statemachine.data.sync.timeout.retry = -1 (default)
2023-05-17 09:09:08,686 [bcbacd9a-ca93-42dd-bb1e-f9c21d91cd60-groupManagement] INFO  server.RaftServerConfigKeys (ConfUtils.java:logGet(46)) - raft.server.log.write.buffer.size = 1048576 (custom)
2023-05-17 09:09:08,687 [bcbacd9a-ca93-42dd-bb1e-f9c21d91cd60-groupManagement] INFO  server.RaftServerConfigKeys (ConfUtils.java:logGet(46)) - raft.server.log.appender.buffer.byte-limit = 33554432 (custom)
2023-05-17 09:09:08,689 [b98521b2-5644-4aab-8244-d2e66a88cd45-groupManagement] INFO  server.RaftServer$Division (RaftServerImpl.java:start(342)) - b98521b2-5644-4aab-8244-d2e66a88cd45@group-CDB51B945669: start as a follower, conf=-1: peers:[b2b5d537-374d-472d-b9f1-d9543cb70a6b|rpc:10.1.0.64:15053|admin:10.1.0.64:15052|client:10.1.0.64:15051|dataStream:10.1.0.64:15054|priority:0|startupRole:FOLLOWER, b98521b2-5644-4aab-8244-d2e66a88cd45|rpc:10.1.0.64:15045|admin:10.1.0.64:15044|client:10.1.0.64:15043|dataStream:10.1.0.64:15046|priority:0|startupRole:FOLLOWER, 57ed5fd8-a62b-44c8-9c66-83b6d5ca8b16|rpc:10.1.0.64:15037|admin:10.1.0.64:15036|client:10.1.0.64:15035|dataStream:10.1.0.64:15038|priority:1|startupRole:FOLLOWER]|listeners:[], old=null
2023-05-17 09:09:08,689 [b98521b2-5644-4aab-8244-d2e66a88cd45-groupManagement] INFO  server.RaftServer$Division (RaftServerImpl.java:setRole(329)) - b98521b2-5644-4aab-8244-d2e66a88cd45@group-CDB51B945669: changes role from      null to FOLLOWER at term 0 for startAsFollower
2023-05-17 09:09:08,689 [b98521b2-5644-4aab-8244-d2e66a88cd45-groupManagement] INFO  impl.RoleInfo (RoleInfo.java:updateAndGet(139)) - b98521b2-5644-4aab-8244-d2e66a88cd45: start b98521b2-5644-4aab-8244-d2e66a88cd45@group-CDB51B945669-FollowerState
2023-05-17 09:09:08,690 [57ed5fd8-a62b-44c8-9c66-83b6d5ca8b16-groupManagement] INFO  storage.RaftStorageDirectory (RaftStorageDirectoryImpl.java:tryLock(231)) - Lock on /home/runner/work/ozone/ozone/hadoop-ozone/integration-test/target/test-dir/MiniOzoneClusterImpl-21d14123-a168-44a2-bc0a-ee93e32dcc9b/datanode-3/data/ratis/2003f648-4363-4af3-ad53-cdb51b945669/in_use.lock acquired by nodename 2768@fv-az41-747
2023-05-17 09:09:08,691 [57ed5fd8-a62b-44c8-9c66-83b6d5ca8b16-groupManagement] INFO  storage.RaftStorage (RaftStorageImpl.java:format(96)) - Storage directory /home/runner/work/ozone/ozone/hadoop-ozone/integration-test/target/test-dir/MiniOzoneClusterImpl-21d14123-a168-44a2-bc0a-ee93e32dcc9b/datanode-3/data/ratis/2003f648-4363-4af3-ad53-cdb51b945669 has been successfully formatted.
2023-05-17 09:09:08,694 [bcbacd9a-ca93-42dd-bb1e-f9c21d91cd60-groupManagement] INFO  server.RaftServerConfigKeys (ConfUtils.java:logGet(46)) - raft.server.log.unsafe-flush.enabled = false (default)
2023-05-17 09:09:08,695 [bcbacd9a-ca93-42dd-bb1e-f9c21d91cd60-groupManagement] INFO  server.RaftServerConfigKeys (ConfUtils.java:logGet(46)) - raft.server.log.async-flush.enabled = false (default)
2023-05-17 09:09:08,695 [bcbacd9a-ca93-42dd-bb1e-f9c21d91cd60-groupManagement] INFO  server.RaftServerConfigKeys (ConfUtils.java:logGet(46)) - raft.server.log.statemachine.data.caching.enabled = true (custom)
2023-05-17 09:09:08,695 [bcbacd9a-ca93-42dd-bb1e-f9c21d91cd60-groupManagement] INFO  segmented.SegmentedRaftLogWorker (SegmentedRaftLogWorker.java:lambda$new$0(135)) - bcbacd9a-ca93-42dd-bb1e-f9c21d91cd60@group-A7669F4B16A5-SegmentedRaftLogWorker: flushIndex: setUnconditionally 0 -> -1
2023-05-17 09:09:08,695 [bcbacd9a-ca93-42dd-bb1e-f9c21d91cd60-groupManagement] INFO  segmented.SegmentedRaftLogWorker (SegmentedRaftLogWorker.java:lambda$new$0(135)) - bcbacd9a-ca93-42dd-bb1e-f9c21d91cd60@group-A7669F4B16A5-SegmentedRaftLogWorker: safeCacheEvictIndex: setUnconditionally 0 -> -1
2023-05-17 09:09:08,701 [b98521b2-5644-4aab-8244-d2e66a88cd45-groupManagement] INFO  util.JmxRegister (JmxRegister.java:tryRegister(44)) - Successfully registered JMX Bean with object name Ratis:service=RaftServer,group=group-CDB51B945669,id=b98521b2-5644-4aab-8244-d2e66a88cd45
2023-05-17 09:09:08,701 [b98521b2-5644-4aab-8244-d2e66a88cd45-groupManagement] INFO  server.RaftServerConfigKeys (ConfUtils.java:logGet(46)) - raft.server.snapshot.auto.trigger.enabled = true (custom)
2023-05-17 09:09:08,702 [b98521b2-5644-4aab-8244-d2e66a88cd45-groupManagement] INFO  server.RaftServerConfigKeys (ConfUtils.java:logGet(46)) - raft.server.snapshot.auto.trigger.threshold = 10000 (custom)
2023-05-17 09:09:08,702 [b98521b2-5644-4aab-8244-d2e66a88cd45-groupManagement] INFO  server.RaftServerConfigKeys (ConfUtils.java:logGet(46)) - raft.server.snapshot.retention.file.num = 5 (custom)
2023-05-17 09:09:08,702 [b98521b2-5644-4aab-8244-d2e66a88cd45-groupManagement] INFO  server.RaftServerConfigKeys (ConfUtils.java:logGet(46)) - raft.server.log.purge.upto.snapshot.index = false (default)
2023-05-17 09:09:08,703 [b98521b2-5644-4aab-8244-d2e66a88cd45@group-CDB51B945669-FollowerState] INFO  server.RaftServerConfigKeys (ConfUtils.java:logFallback(53)) - raft.server.rpc.first-election.timeout.min = 5s (fallback to raft.server.rpc.timeout.min)
2023-05-17 09:09:08,703 [b98521b2-5644-4aab-8244-d2e66a88cd45@group-CDB51B945669-FollowerState] INFO  server.RaftServerConfigKeys (ConfUtils.java:logFallback(53)) - raft.server.rpc.first-election.timeout.max = 5200ms (fallback to raft.server.rpc.timeout.max)
2023-05-17 09:09:08,706 [Command processor thread] INFO  ratis.XceiverServerRatis (XceiverServerRatis.java:addGroup(806)) - Created group PipelineID=2003f648-4363-4af3-ad53-cdb51b945669
2023-05-17 09:09:08,714 [bcbacd9a-ca93-42dd-bb1e-f9c21d91cd60-groupManagement] INFO  server.RaftServer$Division (RaftServerImpl.java:start(342)) - bcbacd9a-ca93-42dd-bb1e-f9c21d91cd60@group-A7669F4B16A5: start as a follower, conf=-1: peers:[5b9fa8c3-08c3-43f9-b175-3119fbbe3900|rpc:10.1.0.64:15077|admin:10.1.0.64:15076|client:10.1.0.64:15075|dataStream:10.1.0.64:15078|priority:0|startupRole:FOLLOWER, 5b9af961-56be-4fa8-844e-3cefe1429416|rpc:10.1.0.64:15069|admin:10.1.0.64:15068|client:10.1.0.64:15067|dataStream:10.1.0.64:15070|priority:0|startupRole:FOLLOWER, bcbacd9a-ca93-42dd-bb1e-f9c21d91cd60|rpc:10.1.0.64:15061|admin:10.1.0.64:15060|client:10.1.0.64:15059|dataStream:10.1.0.64:15062|priority:1|startupRole:FOLLOWER]|listeners:[], old=null
2023-05-17 09:09:08,714 [57ed5fd8-a62b-44c8-9c66-83b6d5ca8b16-groupManagement] INFO  ratis.ContainerStateMachine (ContainerStateMachine.java:loadSnapshot(262)) - group-CDB51B945669: The snapshot info is null. Setting the last applied indexto:(t:0, i:~)
2023-05-17 09:09:08,717 [57ed5fd8-a62b-44c8-9c66-83b6d5ca8b16-groupManagement] INFO  server.RaftServerConfigKeys (ConfUtils.java:logGet(46)) - raft.server.log.use.memory = false (default)
2023-05-17 09:09:08,717 [57ed5fd8-a62b-44c8-9c66-83b6d5ca8b16-groupManagement] INFO  server.RaftServerConfigKeys (ConfUtils.java:logGet(46)) - raft.server.log.purge.gap = 1000000 (custom)
2023-05-17 09:09:08,718 [57ed5fd8-a62b-44c8-9c66-83b6d5ca8b16-groupManagement] INFO  server.RaftServerConfigKeys (ConfUtils.java:logGet(46)) - raft.server.log.appender.buffer.byte-limit = 33554432 (custom)
2023-05-17 09:09:08,718 [57ed5fd8-a62b-44c8-9c66-83b6d5ca8b16-groupManagement] INFO  server.RaftServerConfigKeys (ConfUtils.java:logGet(46)) - raft.server.log.statemachine.data.read.timeout = 1000ms (default)
2023-05-17 09:09:08,718 [57ed5fd8-a62b-44c8-9c66-83b6d5ca8b16-groupManagement] INFO  server.RaftServerConfigKeys (ConfUtils.java:logGet(46)) - raft.server.log.purge.preservation.log.num = 0 (default)
2023-05-17 09:09:08,718 [57ed5fd8-a62b-44c8-9c66-83b6d5ca8b16-groupManagement] INFO  server.RaftServerConfigKeys (ConfUtils.java:logGet(46)) - raft.server.log.segment.size.max = 1048576 (custom)
2023-05-17 09:09:08,718 [57ed5fd8-a62b-44c8-9c66-83b6d5ca8b16-groupManagement] INFO  server.RaftServerConfigKeys (ConfUtils.java:logGet(46)) - raft.server.log.segment.cache.num.max = 2 (custom)
2023-05-17 09:09:08,718 [57ed5fd8-a62b-44c8-9c66-83b6d5ca8b16-groupManagement] INFO  server.RaftServerConfigKeys (ConfUtils.java:logGet(46)) - raft.server.log.segment.cache.size.max = 200MB (=209715200) (default)
2023-05-17 09:09:08,718 [57ed5fd8-a62b-44c8-9c66-83b6d5ca8b16-groupManagement] INFO  server.RaftServerConfigKeys (ConfUtils.java:logGet(46)) - raft.server.log.appender.buffer.byte-limit = 33554432 (custom)
2023-05-17 09:09:08,719 [57ed5fd8-a62b-44c8-9c66-83b6d5ca8b16-groupManagement] INFO  segmented.SegmentedRaftLogWorker (SegmentedRaftLogWorker.java:<init>(188)) - new 57ed5fd8-a62b-44c8-9c66-83b6d5ca8b16@group-CDB51B945669-SegmentedRaftLogWorker for RaftStorageImpl:Storage Directory /home/runner/work/ozone/ozone/hadoop-ozone/integration-test/target/test-dir/MiniOzoneClusterImpl-21d14123-a168-44a2-bc0a-ee93e32dcc9b/datanode-3/data/ratis/2003f648-4363-4af3-ad53-cdb51b945669
2023-05-17 09:09:08,719 [57ed5fd8-a62b-44c8-9c66-83b6d5ca8b16-groupManagement] INFO  server.RaftServerConfigKeys (ConfUtils.java:logGet(46)) - raft.server.log.queue.byte-limit = 4294967296 (custom)
2023-05-17 09:09:08,719 [57ed5fd8-a62b-44c8-9c66-83b6d5ca8b16-groupManagement] INFO  server.RaftServerConfigKeys (ConfUtils.java:logGet(46)) - raft.server.log.queue.element-limit = 1024 (custom)
2023-05-17 09:09:08,719 [57ed5fd8-a62b-44c8-9c66-83b6d5ca8b16-groupManagement] INFO  server.RaftServerConfigKeys (ConfUtils.java:logGet(46)) - raft.server.log.segment.size.max = 1048576 (custom)
2023-05-17 09:09:08,719 [57ed5fd8-a62b-44c8-9c66-83b6d5ca8b16-groupManagement] INFO  server.RaftServerConfigKeys (ConfUtils.java:logGet(46)) - raft.server.log.preallocated.size = 16384 (custom)
2023-05-17 09:09:08,719 [57ed5fd8-a62b-44c8-9c66-83b6d5ca8b16-groupManagement] INFO  server.RaftServerConfigKeys (ConfUtils.java:logGet(46)) - raft.server.log.force.sync.num = 128 (default)
2023-05-17 09:09:08,719 [57ed5fd8-a62b-44c8-9c66-83b6d5ca8b16-groupManagement] INFO  server.RaftServerConfigKeys (ConfUtils.java:logGet(46)) - raft.server.log.statemachine.data.sync = true (default)
2023-05-17 09:09:08,719 [57ed5fd8-a62b-44c8-9c66-83b6d5ca8b16-groupManagement] INFO  server.RaftServerConfigKeys (ConfUtils.java:logGet(46)) - raft.server.log.statemachine.data.sync.timeout = 10s (default)
2023-05-17 09:09:08,719 [57ed5fd8-a62b-44c8-9c66-83b6d5ca8b16-groupManagement] INFO  server.RaftServerConfigKeys (ConfUtils.java:logGet(46)) - raft.server.log.statemachine.data.sync.timeout.retry = -1 (default)
2023-05-17 09:09:08,720 [57ed5fd8-a62b-44c8-9c66-83b6d5ca8b16-groupManagement] INFO  server.RaftServerConfigKeys (ConfUtils.java:logGet(46)) - raft.server.log.write.buffer.size = 1048576 (custom)
2023-05-17 09:09:08,720 [57ed5fd8-a62b-44c8-9c66-83b6d5ca8b16-groupManagement] INFO  server.RaftServerConfigKeys (ConfUtils.java:logGet(46)) - raft.server.log.appender.buffer.byte-limit = 33554432 (custom)
2023-05-17 09:09:08,717 [bcbacd9a-ca93-42dd-bb1e-f9c21d91cd60-groupManagement] INFO  server.RaftServer$Division (RaftServerImpl.java:setRole(329)) - bcbacd9a-ca93-42dd-bb1e-f9c21d91cd60@group-A7669F4B16A5: changes role from      null to FOLLOWER at term 0 for startAsFollower
2023-05-17 09:09:08,721 [bcbacd9a-ca93-42dd-bb1e-f9c21d91cd60-groupManagement] INFO  impl.RoleInfo (RoleInfo.java:updateAndGet(139)) - bcbacd9a-ca93-42dd-bb1e-f9c21d91cd60: start bcbacd9a-ca93-42dd-bb1e-f9c21d91cd60@group-A7669F4B16A5-FollowerState
2023-05-17 09:09:08,743 [bcbacd9a-ca93-42dd-bb1e-f9c21d91cd60@group-A7669F4B16A5-FollowerState] INFO  server.RaftServerConfigKeys (ConfUtils.java:logFallback(53)) - raft.server.rpc.first-election.timeout.min = 5s (fallback to raft.server.rpc.timeout.min)
2023-05-17 09:09:08,751 [bcbacd9a-ca93-42dd-bb1e-f9c21d91cd60-groupManagement] INFO  util.JmxRegister (JmxRegister.java:tryRegister(44)) - Successfully registered JMX Bean with object name Ratis:service=RaftServer,group=group-A7669F4B16A5,id=bcbacd9a-ca93-42dd-bb1e-f9c21d91cd60
2023-05-17 09:09:08,754 [bcbacd9a-ca93-42dd-bb1e-f9c21d91cd60-groupManagement] INFO  server.RaftServerConfigKeys (ConfUtils.java:logGet(46)) - raft.server.snapshot.auto.trigger.enabled = true (custom)
2023-05-17 09:09:08,754 [bcbacd9a-ca93-42dd-bb1e-f9c21d91cd60-groupManagement] INFO  server.RaftServerConfigKeys (ConfUtils.java:logGet(46)) - raft.server.snapshot.auto.trigger.threshold = 10000 (custom)
2023-05-17 09:09:08,754 [bcbacd9a-ca93-42dd-bb1e-f9c21d91cd60-groupManagement] INFO  server.RaftServerConfigKeys (ConfUtils.java:logGet(46)) - raft.server.snapshot.retention.file.num = 5 (custom)
2023-05-17 09:09:08,754 [bcbacd9a-ca93-42dd-bb1e-f9c21d91cd60-groupManagement] INFO  server.RaftServerConfigKeys (ConfUtils.java:logGet(46)) - raft.server.log.purge.upto.snapshot.index = false (default)
2023-05-17 09:09:08,754 [bcbacd9a-ca93-42dd-bb1e-f9c21d91cd60@group-A7669F4B16A5-FollowerState] INFO  server.RaftServerConfigKeys (ConfUtils.java:logFallback(53)) - raft.server.rpc.first-election.timeout.max = 5200ms (fallback to raft.server.rpc.timeout.max)
2023-05-17 09:09:08,751 [57ed5fd8-a62b-44c8-9c66-83b6d5ca8b16-groupManagement] INFO  server.RaftServerConfigKeys (ConfUtils.java:logGet(46)) - raft.server.log.unsafe-flush.enabled = false (default)
2023-05-17 09:09:08,750 [EventQueue-OpenPipelineForHealthyPipelineSafeModeRule] INFO  safemode.SCMSafeModeManager (HealthyPipelineSafeModeRule.java:process(137)) - SCM in safe mode. Healthy pipelines reported count is 0, required healthy pipeline reported count is 1
2023-05-17 09:09:08,755 [Command processor thread] INFO  ratis.XceiverServerRatis (XceiverServerRatis.java:addGroup(806)) - Created group PipelineID=198e1bf6-3ffb-4307-8ad0-a7669f4b16a5
2023-05-17 09:09:08,755 [57ed5fd8-a62b-44c8-9c66-83b6d5ca8b16-groupManagement] INFO  server.RaftServerConfigKeys (ConfUtils.java:logGet(46)) - raft.server.log.async-flush.enabled = false (default)
2023-05-17 09:09:08,767 [57ed5fd8-a62b-44c8-9c66-83b6d5ca8b16-groupManagement] INFO  server.RaftServerConfigKeys (ConfUtils.java:logGet(46)) - raft.server.log.statemachine.data.caching.enabled = true (custom)
2023-05-17 09:09:08,767 [57ed5fd8-a62b-44c8-9c66-83b6d5ca8b16-groupManagement] INFO  segmented.SegmentedRaftLogWorker (SegmentedRaftLogWorker.java:lambda$new$0(135)) - 57ed5fd8-a62b-44c8-9c66-83b6d5ca8b16@group-CDB51B945669-SegmentedRaftLogWorker: flushIndex: setUnconditionally 0 -> -1
2023-05-17 09:09:08,767 [57ed5fd8-a62b-44c8-9c66-83b6d5ca8b16-groupManagement] INFO  segmented.SegmentedRaftLogWorker (SegmentedRaftLogWorker.java:lambda$new$0(135)) - 57ed5fd8-a62b-44c8-9c66-83b6d5ca8b16@group-CDB51B945669-SegmentedRaftLogWorker: safeCacheEvictIndex: setUnconditionally 0 -> -1
2023-05-17 09:09:08,794 [Command processor thread] INFO  commandhandler.CreatePipelineCommandHandler (CreatePipelineCommandHandler.java:handle(113)) - Created Pipeline RATIS THREE PipelineID=aa48e33c-f708-467c-8cb5-2ee872f2b0f0.
2023-05-17 09:09:08,799 [57ed5fd8-a62b-44c8-9c66-83b6d5ca8b16-groupManagement] INFO  server.RaftServer$Division (RaftServerImpl.java:start(342)) - 57ed5fd8-a62b-44c8-9c66-83b6d5ca8b16@group-CDB51B945669: start as a follower, conf=-1: peers:[b2b5d537-374d-472d-b9f1-d9543cb70a6b|rpc:10.1.0.64:15053|admin:10.1.0.64:15052|client:10.1.0.64:15051|dataStream:10.1.0.64:15054|priority:0|startupRole:FOLLOWER, b98521b2-5644-4aab-8244-d2e66a88cd45|rpc:10.1.0.64:15045|admin:10.1.0.64:15044|client:10.1.0.64:15043|dataStream:10.1.0.64:15046|priority:0|startupRole:FOLLOWER, 57ed5fd8-a62b-44c8-9c66-83b6d5ca8b16|rpc:10.1.0.64:15037|admin:10.1.0.64:15036|client:10.1.0.64:15035|dataStream:10.1.0.64:15038|priority:1|startupRole:FOLLOWER]|listeners:[], old=null
2023-05-17 09:09:08,799 [57ed5fd8-a62b-44c8-9c66-83b6d5ca8b16-groupManagement] INFO  server.RaftServer$Division (RaftServerImpl.java:setRole(329)) - 57ed5fd8-a62b-44c8-9c66-83b6d5ca8b16@group-CDB51B945669: changes role from      null to FOLLOWER at term 0 for startAsFollower
2023-05-17 09:09:08,799 [57ed5fd8-a62b-44c8-9c66-83b6d5ca8b16-groupManagement] INFO  impl.RoleInfo (RoleInfo.java:updateAndGet(139)) - 57ed5fd8-a62b-44c8-9c66-83b6d5ca8b16: start 57ed5fd8-a62b-44c8-9c66-83b6d5ca8b16@group-CDB51B945669-FollowerState
2023-05-17 09:09:08,802 [57ed5fd8-a62b-44c8-9c66-83b6d5ca8b16-groupManagement] INFO  util.JmxRegister (JmxRegister.java:tryRegister(44)) - Successfully registered JMX Bean with object name Ratis:service=RaftServer,group=group-CDB51B945669,id=57ed5fd8-a62b-44c8-9c66-83b6d5ca8b16
2023-05-17 09:09:08,802 [57ed5fd8-a62b-44c8-9c66-83b6d5ca8b16-groupManagement] INFO  server.RaftServerConfigKeys (ConfUtils.java:logGet(46)) - raft.server.snapshot.auto.trigger.enabled = true (custom)
2023-05-17 09:09:08,803 [57ed5fd8-a62b-44c8-9c66-83b6d5ca8b16-groupManagement] INFO  server.RaftServerConfigKeys (ConfUtils.java:logGet(46)) - raft.server.snapshot.auto.trigger.threshold = 10000 (custom)
2023-05-17 09:09:08,803 [57ed5fd8-a62b-44c8-9c66-83b6d5ca8b16-groupManagement] INFO  server.RaftServerConfigKeys (ConfUtils.java:logGet(46)) - raft.server.snapshot.retention.file.num = 5 (custom)
2023-05-17 09:09:08,803 [57ed5fd8-a62b-44c8-9c66-83b6d5ca8b16-groupManagement] INFO  server.RaftServerConfigKeys (ConfUtils.java:logGet(46)) - raft.server.log.purge.upto.snapshot.index = false (default)
2023-05-17 09:09:08,806 [57ed5fd8-a62b-44c8-9c66-83b6d5ca8b16@group-CDB51B945669-FollowerState] INFO  server.RaftServerConfigKeys (ConfUtils.java:logFallback(53)) - raft.server.rpc.first-election.timeout.min = 5s (fallback to raft.server.rpc.timeout.min)
2023-05-17 09:09:08,806 [57ed5fd8-a62b-44c8-9c66-83b6d5ca8b16@group-CDB51B945669-FollowerState] INFO  server.RaftServerConfigKeys (ConfUtils.java:logFallback(53)) - raft.server.rpc.first-election.timeout.max = 5200ms (fallback to raft.server.rpc.timeout.max)
2023-05-17 09:09:08,827 [Command processor thread] INFO  server.RaftServer (RaftServerProxy.java:addNew(98)) - 5b9af961-56be-4fa8-844e-3cefe1429416: addNew group-9A9143D8A2C4:[5b9af961-56be-4fa8-844e-3cefe1429416|rpc:10.1.0.64:15069|admin:10.1.0.64:15068|client:10.1.0.64:15067|dataStream:10.1.0.64:15070|priority:1|startupRole:FOLLOWER] returns group-9A9143D8A2C4:java.util.concurrent.CompletableFuture@2f00ebc0[Not completed]
2023-05-17 09:09:08,835 [5b9af961-56be-4fa8-844e-3cefe1429416-groupManagement] INFO  server.RaftServer$Division (RaftServerImpl.java:<init>(198)) - 5b9af961-56be-4fa8-844e-3cefe1429416: new RaftServerImpl for group-9A9143D8A2C4:[5b9af961-56be-4fa8-844e-3cefe1429416|rpc:10.1.0.64:15069|admin:10.1.0.64:15068|client:10.1.0.64:15067|dataStream:10.1.0.64:15070|priority:1|startupRole:FOLLOWER] with ContainerStateMachine:uninitialized
2023-05-17 09:09:08,835 [5b9af961-56be-4fa8-844e-3cefe1429416-groupManagement] INFO  server.RaftServerConfigKeys (ConfUtils.java:logGet(46)) - raft.server.rpc.timeout.min = 5s (custom)
2023-05-17 09:09:08,835 [5b9af961-56be-4fa8-844e-3cefe1429416-groupManagement] INFO  server.RaftServerConfigKeys (ConfUtils.java:logGet(46)) - raft.server.rpc.timeout.max = 5200ms (custom)
2023-05-17 09:09:08,835 [5b9af961-56be-4fa8-844e-3cefe1429416-groupManagement] INFO  server.RaftServerConfigKeys (ConfUtils.java:logGet(46)) - raft.server.rpc.sleep.time = 25ms (default)
2023-05-17 09:09:08,835 [5b9af961-56be-4fa8-844e-3cefe1429416-groupManagement] INFO  server.RaftServerConfigKeys (ConfUtils.java:logGet(46)) - raft.server.rpc.slowness.timeout = 300s (custom)
2023-05-17 09:09:08,835 [5b9af961-56be-4fa8-844e-3cefe1429416-groupManagement] INFO  server.RaftServerConfigKeys (ConfUtils.java:logGet(46)) - raft.server.leaderelection.leader.step-down.wait-time = 10s (default)
2023-05-17 09:09:08,835 [5b9af961-56be-4fa8-844e-3cefe1429416-groupManagement] INFO  server.RaftServerConfigKeys (ConfUtils.java:logGet(46)) - raft.server.sleep.deviation.threshold = 300ms (default)
2023-05-17 09:09:08,835 [5b9af961-56be-4fa8-844e-3cefe1429416-groupManagement] INFO  server.RaftServer$Division (ServerState.java:<init>(120)) - 5b9af961-56be-4fa8-844e-3cefe1429416@group-9A9143D8A2C4: ConfigurationManager, init=-1: peers:[5b9af961-56be-4fa8-844e-3cefe1429416|rpc:10.1.0.64:15069|admin:10.1.0.64:15068|client:10.1.0.64:15067|dataStream:10.1.0.64:15070|priority:1|startupRole:FOLLOWER]|listeners:[], old=null, confs=<EMPTY_MAP>
2023-05-17 09:09:08,835 [5b9af961-56be-4fa8-844e-3cefe1429416-groupManagement] INFO  server.RaftServerConfigKeys (ConfUtils.java:logGet(46)) - raft.server.storage.dir = [/home/runner/work/ozone/ozone/hadoop-ozone/integration-test/target/test-dir/MiniOzoneClusterImpl-21d14123-a168-44a2-bc0a-ee93e32dcc9b/datanode-7/data/ratis] (custom)
2023-05-17 09:09:08,835 [5b9af961-56be-4fa8-844e-3cefe1429416-groupManagement] INFO  server.RaftServerConfigKeys (ConfUtils.java:logGet(46)) - raft.server.log.corruption.policy = EXCEPTION (default)
2023-05-17 09:09:08,836 [5b9af961-56be-4fa8-844e-3cefe1429416-groupManagement] INFO  server.RaftServerConfigKeys (ConfUtils.java:logGet(46)) - raft.server.storage.free-space.min = 0MB (=0) (default)
2023-05-17 09:09:08,836 [5b9af961-56be-4fa8-844e-3cefe1429416-groupManagement] INFO  server.RaftServerConfigKeys (ConfUtils.java:logGet(46)) - raft.server.notification.no-leader.timeout = 300s (custom)
2023-05-17 09:09:08,836 [5b9af961-56be-4fa8-844e-3cefe1429416-groupManagement] INFO  server.RaftServerConfigKeys (ConfUtils.java:logGet(46)) - raft.server.read.timeout = 10s (default)
2023-05-17 09:09:08,836 [5b9af961-56be-4fa8-844e-3cefe1429416-groupManagement] INFO  server.RaftServerConfigKeys (ConfUtils.java:logGet(46)) - raft.server.retrycache.expirytime = 600000ms (custom)
2023-05-17 09:09:08,836 [5b9af961-56be-4fa8-844e-3cefe1429416-groupManagement] INFO  server.RaftServerConfigKeys (ConfUtils.java:logGet(46)) - raft.server.retrycache.statistics.expirytime = 100μs (default)
2023-05-17 09:09:08,836 [5b9af961-56be-4fa8-844e-3cefe1429416-groupManagement] INFO  server.RaftServerConfigKeys (ConfUtils.java:logGet(46)) - raft.server.read.option = DEFAULT (default)
2023-05-17 09:09:08,865 [grpc-default-executor-1] INFO  server.RaftServer (RaftServerProxy.java:addNew(98)) - 5b9af961-56be-4fa8-844e-3cefe1429416: addNew group-A7669F4B16A5:[5b9fa8c3-08c3-43f9-b175-3119fbbe3900|rpc:10.1.0.64:15077|admin:10.1.0.64:15076|client:10.1.0.64:15075|dataStream:10.1.0.64:15078|priority:0|startupRole:FOLLOWER, 5b9af961-56be-4fa8-844e-3cefe1429416|rpc:10.1.0.64:15069|admin:10.1.0.64:15068|client:10.1.0.64:15067|dataStream:10.1.0.64:15070|priority:0|startupRole:FOLLOWER, bcbacd9a-ca93-42dd-bb1e-f9c21d91cd60|rpc:10.1.0.64:15061|admin:10.1.0.64:15060|client:10.1.0.64:15059|dataStream:10.1.0.64:15062|priority:1|startupRole:FOLLOWER] returns group-A7669F4B16A5:java.util.concurrent.CompletableFuture@1d55ad4d[Not completed]
2023-05-17 09:09:08,865 [5b9af961-56be-4fa8-844e-3cefe1429416-groupManagement] INFO  server.RaftServerConfigKeys (ConfUtils.java:logGet(46)) - raft.server.rpc.request.timeout = 60s (custom)
2023-05-17 09:09:08,865 [5b9af961-56be-4fa8-844e-3cefe1429416-groupManagement] INFO  server.RaftServerConfigKeys (ConfUtils.java:logGet(46)) - raft.server.log.appender.install.snapshot.enabled = false (custom)
2023-05-17 09:09:08,865 [5b9af961-56be-4fa8-844e-3cefe1429416-groupManagement] INFO  server.RaftServerConfigKeys (ConfUtils.java:logGet(46)) - raft.server.threadpool.server.cached = true (default)
2023-05-17 09:09:08,865 [5b9af961-56be-4fa8-844e-3cefe1429416-groupManagement] INFO  server.RaftServerConfigKeys (ConfUtils.java:logGet(46)) - raft.server.threadpool.server.size = 0 (default)
2023-05-17 09:09:08,865 [5b9af961-56be-4fa8-844e-3cefe1429416-groupManagement] INFO  server.RaftServerConfigKeys (ConfUtils.java:logGet(46)) - raft.server.threadpool.client.cached = true (default)
2023-05-17 09:09:08,865 [5b9af961-56be-4fa8-844e-3cefe1429416-groupManagement] INFO  server.RaftServerConfigKeys (ConfUtils.java:logGet(46)) - raft.server.threadpool.client.size = 0 (default)
2023-05-17 09:09:08,866 [5b9af961-56be-4fa8-844e-3cefe1429416-groupManagement] INFO  server.RaftServer$Division (RaftServerImpl.java:<init>(198)) - 5b9af961-56be-4fa8-844e-3cefe1429416: new RaftServerImpl for group-A7669F4B16A5:[5b9fa8c3-08c3-43f9-b175-3119fbbe3900|rpc:10.1.0.64:15077|admin:10.1.0.64:15076|client:10.1.0.64:15075|dataStream:10.1.0.64:15078|priority:0|startupRole:FOLLOWER, 5b9af961-56be-4fa8-844e-3cefe1429416|rpc:10.1.0.64:15069|admin:10.1.0.64:15068|client:10.1.0.64:15067|dataStream:10.1.0.64:15070|priority:0|startupRole:FOLLOWER, bcbacd9a-ca93-42dd-bb1e-f9c21d91cd60|rpc:10.1.0.64:15061|admin:10.1.0.64:15060|client:10.1.0.64:15059|dataStream:10.1.0.64:15062|priority:1|startupRole:FOLLOWER] with ContainerStateMachine:uninitialized
2023-05-17 09:09:08,866 [5b9af961-56be-4fa8-844e-3cefe1429416-groupManagement] INFO  server.RaftServerConfigKeys (ConfUtils.java:logGet(46)) - raft.server.rpc.timeout.min = 5s (custom)
2023-05-17 09:09:08,867 [5b9af961-56be-4fa8-844e-3cefe1429416-groupManagement] INFO  server.RaftServerConfigKeys (ConfUtils.java:logGet(46)) - raft.server.rpc.timeout.max = 5200ms (custom)
2023-05-17 09:09:08,867 [5b9af961-56be-4fa8-844e-3cefe1429416-groupManagement] INFO  server.RaftServerConfigKeys (ConfUtils.java:logGet(46)) - raft.server.rpc.sleep.time = 25ms (default)
2023-05-17 09:09:08,867 [5b9af961-56be-4fa8-844e-3cefe1429416-groupManagement] INFO  server.RaftServerConfigKeys (ConfUtils.java:logGet(46)) - raft.server.rpc.slowness.timeout = 300s (custom)
2023-05-17 09:09:08,867 [5b9af961-56be-4fa8-844e-3cefe1429416-groupManagement] INFO  server.RaftServerConfigKeys (ConfUtils.java:logGet(46)) - raft.server.leaderelection.leader.step-down.wait-time = 10s (default)
2023-05-17 09:09:08,867 [5b9af961-56be-4fa8-844e-3cefe1429416-groupManagement] INFO  server.RaftServerConfigKeys (ConfUtils.java:logGet(46)) - raft.server.sleep.deviation.threshold = 300ms (default)
2023-05-17 09:09:08,867 [5b9af961-56be-4fa8-844e-3cefe1429416-groupManagement] INFO  server.RaftServer$Division (ServerState.java:<init>(120)) - 5b9af961-56be-4fa8-844e-3cefe1429416@group-A7669F4B16A5: ConfigurationManager, init=-1: peers:[5b9fa8c3-08c3-43f9-b175-3119fbbe3900|rpc:10.1.0.64:15077|admin:10.1.0.64:15076|client:10.1.0.64:15075|dataStream:10.1.0.64:15078|priority:0|startupRole:FOLLOWER, 5b9af961-56be-4fa8-844e-3cefe1429416|rpc:10.1.0.64:15069|admin:10.1.0.64:15068|client:10.1.0.64:15067|dataStream:10.1.0.64:15070|priority:0|startupRole:FOLLOWER, bcbacd9a-ca93-42dd-bb1e-f9c21d91cd60|rpc:10.1.0.64:15061|admin:10.1.0.64:15060|client:10.1.0.64:15059|dataStream:10.1.0.64:15062|priority:1|startupRole:FOLLOWER]|listeners:[], old=null, confs=<EMPTY_MAP>
2023-05-17 09:09:08,867 [5b9af961-56be-4fa8-844e-3cefe1429416-groupManagement] INFO  server.RaftServerConfigKeys (ConfUtils.java:logGet(46)) - raft.server.storage.dir = [/home/runner/work/ozone/ozone/hadoop-ozone/integration-test/target/test-dir/MiniOzoneClusterImpl-21d14123-a168-44a2-bc0a-ee93e32dcc9b/datanode-7/data/ratis] (custom)
2023-05-17 09:09:08,867 [5b9af961-56be-4fa8-844e-3cefe1429416-groupManagement] INFO  server.RaftServerConfigKeys (ConfUtils.java:logGet(46)) - raft.server.log.corruption.policy = EXCEPTION (default)
2023-05-17 09:09:08,867 [5b9af961-56be-4fa8-844e-3cefe1429416-groupManagement] INFO  server.RaftServerConfigKeys (ConfUtils.java:logGet(46)) - raft.server.storage.free-space.min = 0MB (=0) (default)
2023-05-17 09:09:08,867 [5b9af961-56be-4fa8-844e-3cefe1429416-groupManagement] INFO  server.RaftServerConfigKeys (ConfUtils.java:logGet(46)) - raft.server.notification.no-leader.timeout = 300s (custom)
2023-05-17 09:09:08,867 [5b9af961-56be-4fa8-844e-3cefe1429416-groupManagement] INFO  server.RaftServerConfigKeys (ConfUtils.java:logGet(46)) - raft.server.read.timeout = 10s (default)
2023-05-17 09:09:08,867 [5b9af961-56be-4fa8-844e-3cefe1429416-groupManagement] INFO  server.RaftServerConfigKeys (ConfUtils.java:logGet(46)) - raft.server.retrycache.expirytime = 600000ms (custom)
2023-05-17 09:09:08,867 [5b9af961-56be-4fa8-844e-3cefe1429416-groupManagement] INFO  server.RaftServerConfigKeys (ConfUtils.java:logGet(46)) - raft.server.retrycache.statistics.expirytime = 100μs (default)
2023-05-17 09:09:08,867 [5b9af961-56be-4fa8-844e-3cefe1429416-groupManagement] INFO  server.RaftServerConfigKeys (ConfUtils.java:logGet(46)) - raft.server.read.option = DEFAULT (default)
2023-05-17 09:09:08,868 [5b9af961-56be-4fa8-844e-3cefe1429416-groupManagement] INFO  server.RaftServerConfigKeys (ConfUtils.java:logGet(46)) - raft.server.rpc.request.timeout = 60s (custom)
2023-05-17 09:09:08,868 [5b9af961-56be-4fa8-844e-3cefe1429416-groupManagement] INFO  server.RaftServerConfigKeys (ConfUtils.java:logGet(46)) - raft.server.log.appender.install.snapshot.enabled = false (custom)
2023-05-17 09:09:08,869 [5b9af961-56be-4fa8-844e-3cefe1429416-groupManagement] INFO  server.RaftServerConfigKeys (ConfUtils.java:logGet(46)) - raft.server.threadpool.server.cached = true (default)
2023-05-17 09:09:08,869 [5b9af961-56be-4fa8-844e-3cefe1429416-groupManagement] INFO  server.RaftServerConfigKeys (ConfUtils.java:logGet(46)) - raft.server.threadpool.server.size = 0 (default)
2023-05-17 09:09:08,869 [5b9af961-56be-4fa8-844e-3cefe1429416-groupManagement] INFO  server.RaftServerConfigKeys (ConfUtils.java:logGet(46)) - raft.server.threadpool.client.cached = true (default)
2023-05-17 09:09:08,869 [5b9af961-56be-4fa8-844e-3cefe1429416-groupManagement] INFO  server.RaftServerConfigKeys (ConfUtils.java:logGet(46)) - raft.server.threadpool.client.size = 0 (default)
2023-05-17 09:09:08,869 [5b9af961-56be-4fa8-844e-3cefe1429416-groupManagement] INFO  storage.RaftStorageDirectory (RaftStorageDirectoryImpl.java:analyzeStorage(137)) - The storage directory /home/runner/work/ozone/ozone/hadoop-ozone/integration-test/target/test-dir/MiniOzoneClusterImpl-21d14123-a168-44a2-bc0a-ee93e32dcc9b/datanode-7/data/ratis/8d49c4f6-b2ef-40cf-bdb9-9a9143d8a2c4 does not exist. Creating ...
2023-05-17 09:09:08,885 [5b9af961-56be-4fa8-844e-3cefe1429416-groupManagement] INFO  storage.RaftStorageDirectory (RaftStorageDirectoryImpl.java:tryLock(231)) - Lock on /home/runner/work/ozone/ozone/hadoop-ozone/integration-test/target/test-dir/MiniOzoneClusterImpl-21d14123-a168-44a2-bc0a-ee93e32dcc9b/datanode-7/data/ratis/8d49c4f6-b2ef-40cf-bdb9-9a9143d8a2c4/in_use.lock acquired by nodename 2768@fv-az41-747
2023-05-17 09:09:08,888 [5b9af961-56be-4fa8-844e-3cefe1429416-groupManagement] INFO  storage.RaftStorage (RaftStorageImpl.java:format(96)) - Storage directory /home/runner/work/ozone/ozone/hadoop-ozone/integration-test/target/test-dir/MiniOzoneClusterImpl-21d14123-a168-44a2-bc0a-ee93e32dcc9b/datanode-7/data/ratis/8d49c4f6-b2ef-40cf-bdb9-9a9143d8a2c4 has been successfully formatted.
2023-05-17 09:09:08,892 [5b9af961-56be-4fa8-844e-3cefe1429416-groupManagement] INFO  ratis.ContainerStateMachine (ContainerStateMachine.java:loadSnapshot(262)) - group-9A9143D8A2C4: The snapshot info is null. Setting the last applied indexto:(t:0, i:~)
2023-05-17 09:09:08,892 [5b9af961-56be-4fa8-844e-3cefe1429416-groupManagement] INFO  server.RaftServerConfigKeys (ConfUtils.java:logGet(46)) - raft.server.log.use.memory = false (default)
2023-05-17 09:09:08,892 [5b9af961-56be-4fa8-844e-3cefe1429416-groupManagement] INFO  server.RaftServerConfigKeys (ConfUtils.java:logGet(46)) - raft.server.log.purge.gap = 1000000 (custom)
2023-05-17 09:09:08,892 [5b9af961-56be-4fa8-844e-3cefe1429416-groupManagement] INFO  server.RaftServerConfigKeys (ConfUtils.java:logGet(46)) - raft.server.log.appender.buffer.byte-limit = 33554432 (custom)
2023-05-17 09:09:08,892 [5b9af961-56be-4fa8-844e-3cefe1429416-groupManagement] INFO  server.RaftServerConfigKeys (ConfUtils.java:logGet(46)) - raft.server.log.statemachine.data.read.timeout = 1000ms (default)
2023-05-17 09:09:08,892 [5b9af961-56be-4fa8-844e-3cefe1429416-groupManagement] INFO  server.RaftServerConfigKeys (ConfUtils.java:logGet(46)) - raft.server.log.purge.preservation.log.num = 0 (default)
2023-05-17 09:09:08,893 [5b9af961-56be-4fa8-844e-3cefe1429416-groupManagement] INFO  server.RaftServerConfigKeys (ConfUtils.java:logGet(46)) - raft.server.log.segment.size.max = 1048576 (custom)
2023-05-17 09:09:08,894 [EventQueue-PipelineReportForPipelineReportHandler] INFO  pipeline.PipelineManagerImpl (PipelineManagerImpl.java:openPipeline(367)) - Pipeline Pipeline[ Id: 8d49c4f6-b2ef-40cf-bdb9-9a9143d8a2c4, Nodes: 5b9af961-56be-4fa8-844e-3cefe1429416(fv-az41-747.zje5jq5y5x4uznwvdkgxk4wc2h.cx.internal.cloudapp.net/10.1.0.64), ReplicationConfig: RATIS/ONE, State:ALLOCATED, leaderId:5b9af961-56be-4fa8-844e-3cefe1429416, CreationTimestamp2023-05-17T09:09:05.796Z[Etc/UTC]] moved to OPEN state
2023-05-17 09:09:08,896 [5b9af961-56be-4fa8-844e-3cefe1429416-groupManagement] INFO  server.RaftServerConfigKeys (ConfUtils.java:logGet(46)) - raft.server.log.segment.cache.num.max = 2 (custom)
2023-05-17 09:09:08,896 [5b9af961-56be-4fa8-844e-3cefe1429416-groupManagement] INFO  server.RaftServerConfigKeys (ConfUtils.java:logGet(46)) - raft.server.log.segment.cache.size.max = 200MB (=209715200) (default)
2023-05-17 09:09:08,896 [5b9af961-56be-4fa8-844e-3cefe1429416-groupManagement] INFO  server.RaftServerConfigKeys (ConfUtils.java:logGet(46)) - raft.server.log.appender.buffer.byte-limit = 33554432 (custom)
2023-05-17 09:09:08,896 [5b9af961-56be-4fa8-844e-3cefe1429416-groupManagement] INFO  segmented.SegmentedRaftLogWorker (SegmentedRaftLogWorker.java:<init>(188)) - new 5b9af961-56be-4fa8-844e-3cefe1429416@group-9A9143D8A2C4-SegmentedRaftLogWorker for RaftStorageImpl:Storage Directory /home/runner/work/ozone/ozone/hadoop-ozone/integration-test/target/test-dir/MiniOzoneClusterImpl-21d14123-a168-44a2-bc0a-ee93e32dcc9b/datanode-7/data/ratis/8d49c4f6-b2ef-40cf-bdb9-9a9143d8a2c4
2023-05-17 09:09:08,896 [5b9af961-56be-4fa8-844e-3cefe1429416-groupManagement] INFO  server.RaftServerConfigKeys (ConfUtils.java:logGet(46)) - raft.server.log.queue.byte-limit = 4294967296 (custom)
2023-05-17 09:09:08,896 [5b9af961-56be-4fa8-844e-3cefe1429416-groupManagement] INFO  server.RaftServerConfigKeys (ConfUtils.java:logGet(46)) - raft.server.log.queue.element-limit = 1024 (custom)
2023-05-17 09:09:08,896 [5b9af961-56be-4fa8-844e-3cefe1429416-groupManagement] INFO  server.RaftServerConfigKeys (ConfUtils.java:logGet(46)) - raft.server.log.segment.size.max = 1048576 (custom)
2023-05-17 09:09:08,897 [5b9af961-56be-4fa8-844e-3cefe1429416-groupManagement] INFO  server.RaftServerConfigKeys (ConfUtils.java:logGet(46)) - raft.server.log.preallocated.size = 16384 (custom)
2023-05-17 09:09:08,897 [5b9af961-56be-4fa8-844e-3cefe1429416-groupManagement] INFO  server.RaftServerConfigKeys (ConfUtils.java:logGet(46)) - raft.server.log.force.sync.num = 128 (default)
2023-05-17 09:09:08,897 [5b9af961-56be-4fa8-844e-3cefe1429416-groupManagement] INFO  server.RaftServerConfigKeys (ConfUtils.java:logGet(46)) - raft.server.log.statemachine.data.sync = true (default)
2023-05-17 09:09:08,897 [5b9af961-56be-4fa8-844e-3cefe1429416-groupManagement] INFO  server.RaftServerConfigKeys (ConfUtils.java:logGet(46)) - raft.server.log.statemachine.data.sync.timeout = 10s (default)
2023-05-17 09:09:08,897 [5b9af961-56be-4fa8-844e-3cefe1429416-groupManagement] INFO  server.RaftServerConfigKeys (ConfUtils.java:logGet(46)) - raft.server.log.statemachine.data.sync.timeout.retry = -1 (default)
2023-05-17 09:09:08,896 [EventQueue-OpenPipelineForHealthyPipelineSafeModeRule] INFO  safemode.SCMSafeModeManager (HealthyPipelineSafeModeRule.java:process(137)) - SCM in safe mode. Healthy pipelines reported count is 0, required healthy pipeline reported count is 1
2023-05-17 09:09:08,899 [5b9af961-56be-4fa8-844e-3cefe1429416-groupManagement] INFO  server.RaftServerConfigKeys (ConfUtils.java:logGet(46)) - raft.server.log.write.buffer.size = 1048576 (custom)
2023-05-17 09:09:08,900 [5b9af961-56be-4fa8-844e-3cefe1429416-groupManagement] INFO  server.RaftServerConfigKeys (ConfUtils.java:logGet(46)) - raft.server.log.appender.buffer.byte-limit = 33554432 (custom)
2023-05-17 09:09:08,924 [5b9af961-56be-4fa8-844e-3cefe1429416-groupManagement] INFO  server.RaftServerConfigKeys (ConfUtils.java:logGet(46)) - raft.server.log.unsafe-flush.enabled = false (default)
2023-05-17 09:09:08,924 [5b9af961-56be-4fa8-844e-3cefe1429416-groupManagement] INFO  server.RaftServerConfigKeys (ConfUtils.java:logGet(46)) - raft.server.log.async-flush.enabled = false (default)
2023-05-17 09:09:08,924 [5b9af961-56be-4fa8-844e-3cefe1429416-groupManagement] INFO  server.RaftServerConfigKeys (ConfUtils.java:logGet(46)) - raft.server.log.statemachine.data.caching.enabled = true (custom)
2023-05-17 09:09:08,924 [5b9af961-56be-4fa8-844e-3cefe1429416-groupManagement] INFO  segmented.SegmentedRaftLogWorker (SegmentedRaftLogWorker.java:lambda$new$0(135)) - 5b9af961-56be-4fa8-844e-3cefe1429416@group-9A9143D8A2C4-SegmentedRaftLogWorker: flushIndex: setUnconditionally 0 -> -1
2023-05-17 09:09:08,926 [5b9af961-56be-4fa8-844e-3cefe1429416-groupManagement] INFO  segmented.SegmentedRaftLogWorker (SegmentedRaftLogWorker.java:lambda$new$0(135)) - 5b9af961-56be-4fa8-844e-3cefe1429416@group-9A9143D8A2C4-SegmentedRaftLogWorker: safeCacheEvictIndex: setUnconditionally 0 -> -1
2023-05-17 09:09:08,927 [5b9af961-56be-4fa8-844e-3cefe1429416-groupManagement] INFO  server.RaftServer$Division (RaftServerImpl.java:start(342)) - 5b9af961-56be-4fa8-844e-3cefe1429416@group-9A9143D8A2C4: start as a follower, conf=-1: peers:[5b9af961-56be-4fa8-844e-3cefe1429416|rpc:10.1.0.64:15069|admin:10.1.0.64:15068|client:10.1.0.64:15067|dataStream:10.1.0.64:15070|priority:1|startupRole:FOLLOWER]|listeners:[], old=null
2023-05-17 09:09:08,927 [5b9af961-56be-4fa8-844e-3cefe1429416-groupManagement] INFO  server.RaftServer$Division (RaftServerImpl.java:setRole(329)) - 5b9af961-56be-4fa8-844e-3cefe1429416@group-9A9143D8A2C4: changes role from      null to FOLLOWER at term 0 for startAsFollower
2023-05-17 09:09:08,927 [5b9af961-56be-4fa8-844e-3cefe1429416-groupManagement] INFO  impl.RoleInfo (RoleInfo.java:updateAndGet(139)) - 5b9af961-56be-4fa8-844e-3cefe1429416: start 5b9af961-56be-4fa8-844e-3cefe1429416@group-9A9143D8A2C4-FollowerState
2023-05-17 09:09:08,943 [5b9af961-56be-4fa8-844e-3cefe1429416-groupManagement] INFO  util.JmxRegister (JmxRegister.java:tryRegister(44)) - Successfully registered JMX Bean with object name Ratis:service=RaftServer,group=group-9A9143D8A2C4,id=5b9af961-56be-4fa8-844e-3cefe1429416
2023-05-17 09:09:08,943 [5b9af961-56be-4fa8-844e-3cefe1429416-groupManagement] INFO  server.RaftServerConfigKeys (ConfUtils.java:logGet(46)) - raft.server.snapshot.auto.trigger.enabled = true (custom)
2023-05-17 09:09:08,943 [5b9af961-56be-4fa8-844e-3cefe1429416-groupManagement] INFO  server.RaftServerConfigKeys (ConfUtils.java:logGet(46)) - raft.server.snapshot.auto.trigger.threshold = 10000 (custom)
2023-05-17 09:09:08,943 [5b9af961-56be-4fa8-844e-3cefe1429416-groupManagement] INFO  server.RaftServerConfigKeys (ConfUtils.java:logGet(46)) - raft.server.snapshot.retention.file.num = 5 (custom)
2023-05-17 09:09:08,943 [5b9af961-56be-4fa8-844e-3cefe1429416-groupManagement] INFO  server.RaftServerConfigKeys (ConfUtils.java:logGet(46)) - raft.server.log.purge.upto.snapshot.index = false (default)
2023-05-17 09:09:08,948 [5b9af961-56be-4fa8-844e-3cefe1429416@group-9A9143D8A2C4-FollowerState] INFO  server.RaftServerConfigKeys (ConfUtils.java:logFallback(53)) - raft.server.rpc.first-election.timeout.min = 5s (fallback to raft.server.rpc.timeout.min)
2023-05-17 09:09:08,948 [5b9af961-56be-4fa8-844e-3cefe1429416@group-9A9143D8A2C4-FollowerState] INFO  server.RaftServerConfigKeys (ConfUtils.java:logFallback(53)) - raft.server.rpc.first-election.timeout.max = 5200ms (fallback to raft.server.rpc.timeout.max)
2023-05-17 09:09:08,974 [5b9af961-56be-4fa8-844e-3cefe1429416-groupManagement] INFO  storage.RaftStorageDirectory (RaftStorageDirectoryImpl.java:analyzeStorage(137)) - The storage directory /home/runner/work/ozone/ozone/hadoop-ozone/integration-test/target/test-dir/MiniOzoneClusterImpl-21d14123-a168-44a2-bc0a-ee93e32dcc9b/datanode-7/data/ratis/198e1bf6-3ffb-4307-8ad0-a7669f4b16a5 does not exist. Creating ...
2023-05-17 09:09:08,975 [Command processor thread] INFO  ratis.XceiverServerRatis (XceiverServerRatis.java:addGroup(806)) - Created group PipelineID=8d49c4f6-b2ef-40cf-bdb9-9a9143d8a2c4
2023-05-17 09:09:08,975 [Command processor thread] INFO  commandhandler.CreatePipelineCommandHandler (CreatePipelineCommandHandler.java:handle(113)) - Created Pipeline RATIS ONE PipelineID=8d49c4f6-b2ef-40cf-bdb9-9a9143d8a2c4.
2023-05-17 09:09:08,976 [Command processor thread] INFO  server.RaftServer (RaftServerProxy.java:addNew(98)) - 5b9af961-56be-4fa8-844e-3cefe1429416: addNew group-F19CF75F4C85:[5b9fa8c3-08c3-43f9-b175-3119fbbe3900|rpc:10.1.0.64:15077|admin:10.1.0.64:15076|client:10.1.0.64:15075|dataStream:10.1.0.64:15078|priority:1|startupRole:FOLLOWER, 5b9af961-56be-4fa8-844e-3cefe1429416|rpc:10.1.0.64:15069|admin:10.1.0.64:15068|client:10.1.0.64:15067|dataStream:10.1.0.64:15070|priority:0|startupRole:FOLLOWER, bcbacd9a-ca93-42dd-bb1e-f9c21d91cd60|rpc:10.1.0.64:15061|admin:10.1.0.64:15060|client:10.1.0.64:15059|dataStream:10.1.0.64:15062|priority:0|startupRole:FOLLOWER] returns group-F19CF75F4C85:java.util.concurrent.CompletableFuture@2b3f7af8[Not completed]
2023-05-17 09:09:08,978 [5b9af961-56be-4fa8-844e-3cefe1429416-groupManagement] INFO  storage.RaftStorageDirectory (RaftStorageDirectoryImpl.java:tryLock(231)) - Lock on /home/runner/work/ozone/ozone/hadoop-ozone/integration-test/target/test-dir/MiniOzoneClusterImpl-21d14123-a168-44a2-bc0a-ee93e32dcc9b/datanode-7/data/ratis/198e1bf6-3ffb-4307-8ad0-a7669f4b16a5/in_use.lock acquired by nodename 2768@fv-az41-747
2023-05-17 09:09:08,980 [5b9af961-56be-4fa8-844e-3cefe1429416-groupManagement] INFO  storage.RaftStorage (RaftStorageImpl.java:format(96)) - Storage directory /home/runner/work/ozone/ozone/hadoop-ozone/integration-test/target/test-dir/MiniOzoneClusterImpl-21d14123-a168-44a2-bc0a-ee93e32dcc9b/datanode-7/data/ratis/198e1bf6-3ffb-4307-8ad0-a7669f4b16a5 has been successfully formatted.
2023-05-17 09:09:08,980 [5b9af961-56be-4fa8-844e-3cefe1429416-groupManagement] INFO  ratis.ContainerStateMachine (ContainerStateMachine.java:loadSnapshot(262)) - group-A7669F4B16A5: The snapshot info is null. Setting the last applied indexto:(t:0, i:~)
2023-05-17 09:09:08,980 [5b9af961-56be-4fa8-844e-3cefe1429416-groupManagement] INFO  server.RaftServerConfigKeys (ConfUtils.java:logGet(46)) - raft.server.log.use.memory = false (default)
2023-05-17 09:09:08,980 [5b9af961-56be-4fa8-844e-3cefe1429416-groupManagement] INFO  server.RaftServerConfigKeys (ConfUtils.java:logGet(46)) - raft.server.log.purge.gap = 1000000 (custom)
2023-05-17 09:09:08,981 [5b9af961-56be-4fa8-844e-3cefe1429416-groupManagement] INFO  server.RaftServerConfigKeys (ConfUtils.java:logGet(46)) - raft.server.log.appender.buffer.byte-limit = 33554432 (custom)
2023-05-17 09:09:08,981 [5b9af961-56be-4fa8-844e-3cefe1429416-groupManagement] INFO  server.RaftServerConfigKeys (ConfUtils.java:logGet(46)) - raft.server.log.statemachine.data.read.timeout = 1000ms (default)
2023-05-17 09:09:08,981 [5b9af961-56be-4fa8-844e-3cefe1429416-groupManagement] INFO  server.RaftServerConfigKeys (ConfUtils.java:logGet(46)) - raft.server.log.purge.preservation.log.num = 0 (default)
2023-05-17 09:09:08,981 [5b9af961-56be-4fa8-844e-3cefe1429416-groupManagement] INFO  server.RaftServerConfigKeys (ConfUtils.java:logGet(46)) - raft.server.log.segment.size.max = 1048576 (custom)
2023-05-17 09:09:08,982 [5b9af961-56be-4fa8-844e-3cefe1429416-groupManagement] INFO  server.RaftServerConfigKeys (ConfUtils.java:logGet(46)) - raft.server.log.segment.cache.num.max = 2 (custom)
2023-05-17 09:09:08,982 [5b9af961-56be-4fa8-844e-3cefe1429416-groupManagement] INFO  server.RaftServerConfigKeys (ConfUtils.java:logGet(46)) - raft.server.log.segment.cache.size.max = 200MB (=209715200) (default)
2023-05-17 09:09:08,982 [5b9af961-56be-4fa8-844e-3cefe1429416-groupManagement] INFO  server.RaftServerConfigKeys (ConfUtils.java:logGet(46)) - raft.server.log.appender.buffer.byte-limit = 33554432 (custom)
2023-05-17 09:09:08,982 [5b9af961-56be-4fa8-844e-3cefe1429416-groupManagement] INFO  segmented.SegmentedRaftLogWorker (SegmentedRaftLogWorker.java:<init>(188)) - new 5b9af961-56be-4fa8-844e-3cefe1429416@group-A7669F4B16A5-SegmentedRaftLogWorker for RaftStorageImpl:Storage Directory /home/runner/work/ozone/ozone/hadoop-ozone/integration-test/target/test-dir/MiniOzoneClusterImpl-21d14123-a168-44a2-bc0a-ee93e32dcc9b/datanode-7/data/ratis/198e1bf6-3ffb-4307-8ad0-a7669f4b16a5
2023-05-17 09:09:08,982 [5b9af961-56be-4fa8-844e-3cefe1429416-groupManagement] INFO  server.RaftServerConfigKeys (ConfUtils.java:logGet(46)) - raft.server.log.queue.byte-limit = 4294967296 (custom)
2023-05-17 09:09:08,982 [5b9af961-56be-4fa8-844e-3cefe1429416-groupManagement] INFO  server.RaftServerConfigKeys (ConfUtils.java:logGet(46)) - raft.server.log.queue.element-limit = 1024 (custom)
2023-05-17 09:09:08,982 [5b9af961-56be-4fa8-844e-3cefe1429416-groupManagement] INFO  server.RaftServerConfigKeys (ConfUtils.java:logGet(46)) - raft.server.log.segment.size.max = 1048576 (custom)
2023-05-17 09:09:08,982 [5b9af961-56be-4fa8-844e-3cefe1429416-groupManagement] INFO  server.RaftServerConfigKeys (ConfUtils.java:logGet(46)) - raft.server.log.preallocated.size = 16384 (custom)
2023-05-17 09:09:08,982 [5b9af961-56be-4fa8-844e-3cefe1429416-groupManagement] INFO  server.RaftServerConfigKeys (ConfUtils.java:logGet(46)) - raft.server.log.force.sync.num = 128 (default)
2023-05-17 09:09:08,982 [5b9af961-56be-4fa8-844e-3cefe1429416-groupManagement] INFO  server.RaftServerConfigKeys (ConfUtils.java:logGet(46)) - raft.server.log.statemachine.data.sync = true (default)
2023-05-17 09:09:08,982 [5b9af961-56be-4fa8-844e-3cefe1429416-groupManagement] INFO  server.RaftServerConfigKeys (ConfUtils.java:logGet(46)) - raft.server.log.statemachine.data.sync.timeout = 10s (default)
2023-05-17 09:09:08,983 [5b9af961-56be-4fa8-844e-3cefe1429416-groupManagement] INFO  server.RaftServerConfigKeys (ConfUtils.java:logGet(46)) - raft.server.log.statemachine.data.sync.timeout.retry = -1 (default)
2023-05-17 09:09:08,983 [5b9af961-56be-4fa8-844e-3cefe1429416-groupManagement] INFO  server.RaftServerConfigKeys (ConfUtils.java:logGet(46)) - raft.server.log.write.buffer.size = 1048576 (custom)
2023-05-17 09:09:08,984 [5b9af961-56be-4fa8-844e-3cefe1429416-groupManagement] INFO  server.RaftServerConfigKeys (ConfUtils.java:logGet(46)) - raft.server.log.appender.buffer.byte-limit = 33554432 (custom)
2023-05-17 09:09:08,993 [5b9af961-56be-4fa8-844e-3cefe1429416-groupManagement] INFO  server.RaftServerConfigKeys (ConfUtils.java:logGet(46)) - raft.server.log.unsafe-flush.enabled = false (default)
2023-05-17 09:09:08,993 [5b9af961-56be-4fa8-844e-3cefe1429416-groupManagement] INFO  server.RaftServerConfigKeys (ConfUtils.java:logGet(46)) - raft.server.log.async-flush.enabled = false (default)
2023-05-17 09:09:08,993 [5b9af961-56be-4fa8-844e-3cefe1429416-groupManagement] INFO  server.RaftServerConfigKeys (ConfUtils.java:logGet(46)) - raft.server.log.statemachine.data.caching.enabled = true (custom)
2023-05-17 09:09:08,993 [5b9af961-56be-4fa8-844e-3cefe1429416-groupManagement] INFO  segmented.SegmentedRaftLogWorker (SegmentedRaftLogWorker.java:lambda$new$0(135)) - 5b9af961-56be-4fa8-844e-3cefe1429416@group-A7669F4B16A5-SegmentedRaftLogWorker: flushIndex: setUnconditionally 0 -> -1
2023-05-17 09:09:08,995 [5b9af961-56be-4fa8-844e-3cefe1429416-groupManagement] INFO  segmented.SegmentedRaftLogWorker (SegmentedRaftLogWorker.java:lambda$new$0(135)) - 5b9af961-56be-4fa8-844e-3cefe1429416@group-A7669F4B16A5-SegmentedRaftLogWorker: safeCacheEvictIndex: setUnconditionally 0 -> -1
2023-05-17 09:09:08,999 [5b9af961-56be-4fa8-844e-3cefe1429416-groupManagement] INFO  server.RaftServer$Division (RaftServerImpl.java:start(342)) - 5b9af961-56be-4fa8-844e-3cefe1429416@group-A7669F4B16A5: start as a follower, conf=-1: peers:[5b9fa8c3-08c3-43f9-b175-3119fbbe3900|rpc:10.1.0.64:15077|admin:10.1.0.64:15076|client:10.1.0.64:15075|dataStream:10.1.0.64:15078|priority:0|startupRole:FOLLOWER, 5b9af961-56be-4fa8-844e-3cefe1429416|rpc:10.1.0.64:15069|admin:10.1.0.64:15068|client:10.1.0.64:15067|dataStream:10.1.0.64:15070|priority:0|startupRole:FOLLOWER, bcbacd9a-ca93-42dd-bb1e-f9c21d91cd60|rpc:10.1.0.64:15061|admin:10.1.0.64:15060|client:10.1.0.64:15059|dataStream:10.1.0.64:15062|priority:1|startupRole:FOLLOWER]|listeners:[], old=null
2023-05-17 09:09:08,999 [5b9af961-56be-4fa8-844e-3cefe1429416-groupManagement] INFO  server.RaftServer$Division (RaftServerImpl.java:setRole(329)) - 5b9af961-56be-4fa8-844e-3cefe1429416@group-A7669F4B16A5: changes role from      null to FOLLOWER at term 0 for startAsFollower
2023-05-17 09:09:08,999 [5b9af961-56be-4fa8-844e-3cefe1429416-groupManagement] INFO  impl.RoleInfo (RoleInfo.java:updateAndGet(139)) - 5b9af961-56be-4fa8-844e-3cefe1429416: start 5b9af961-56be-4fa8-844e-3cefe1429416@group-A7669F4B16A5-FollowerState
2023-05-17 09:09:09,001 [EventQueue-OpenPipelineForHealthyPipelineSafeModeRule] INFO  safemode.SCMSafeModeManager (HealthyPipelineSafeModeRule.java:process(137)) - SCM in safe mode. Healthy pipelines reported count is 0, required healthy pipeline reported count is 1
2023-05-17 09:09:09,005 [5b9af961-56be-4fa8-844e-3cefe1429416-groupManagement] INFO  util.JmxRegister (JmxRegister.java:tryRegister(44)) - Successfully registered JMX Bean with object name Ratis:service=RaftServer,group=group-A7669F4B16A5,id=5b9af961-56be-4fa8-844e-3cefe1429416
2023-05-17 09:09:09,005 [5b9af961-56be-4fa8-844e-3cefe1429416-groupManagement] INFO  server.RaftServerConfigKeys (ConfUtils.java:logGet(46)) - raft.server.snapshot.auto.trigger.enabled = true (custom)
2023-05-17 09:09:09,005 [5b9af961-56be-4fa8-844e-3cefe1429416-groupManagement] INFO  server.RaftServerConfigKeys (ConfUtils.java:logGet(46)) - raft.server.snapshot.auto.trigger.threshold = 10000 (custom)
2023-05-17 09:09:09,005 [5b9af961-56be-4fa8-844e-3cefe1429416-groupManagement] INFO  server.RaftServerConfigKeys (ConfUtils.java:logGet(46)) - raft.server.snapshot.retention.file.num = 5 (custom)
2023-05-17 09:09:09,005 [5b9af961-56be-4fa8-844e-3cefe1429416-groupManagement] INFO  server.RaftServerConfigKeys (ConfUtils.java:logGet(46)) - raft.server.log.purge.upto.snapshot.index = false (default)
2023-05-17 09:09:09,008 [5b9af961-56be-4fa8-844e-3cefe1429416@group-A7669F4B16A5-FollowerState] INFO  server.RaftServerConfigKeys (ConfUtils.java:logFallback(53)) - raft.server.rpc.first-election.timeout.min = 5s (fallback to raft.server.rpc.timeout.min)
2023-05-17 09:09:09,008 [5b9af961-56be-4fa8-844e-3cefe1429416@group-A7669F4B16A5-FollowerState] INFO  server.RaftServerConfigKeys (ConfUtils.java:logFallback(53)) - raft.server.rpc.first-election.timeout.max = 5200ms (fallback to raft.server.rpc.timeout.max)
2023-05-17 09:09:09,010 [5b9af961-56be-4fa8-844e-3cefe1429416-groupManagement] INFO  server.RaftServer$Division (RaftServerImpl.java:<init>(198)) - 5b9af961-56be-4fa8-844e-3cefe1429416: new RaftServerImpl for group-F19CF75F4C85:[5b9fa8c3-08c3-43f9-b175-3119fbbe3900|rpc:10.1.0.64:15077|admin:10.1.0.64:15076|client:10.1.0.64:15075|dataStream:10.1.0.64:15078|priority:1|startupRole:FOLLOWER, 5b9af961-56be-4fa8-844e-3cefe1429416|rpc:10.1.0.64:15069|admin:10.1.0.64:15068|client:10.1.0.64:15067|dataStream:10.1.0.64:15070|priority:0|startupRole:FOLLOWER, bcbacd9a-ca93-42dd-bb1e-f9c21d91cd60|rpc:10.1.0.64:15061|admin:10.1.0.64:15060|client:10.1.0.64:15059|dataStream:10.1.0.64:15062|priority:0|startupRole:FOLLOWER] with ContainerStateMachine:uninitialized
2023-05-17 09:09:09,010 [5b9af961-56be-4fa8-844e-3cefe1429416-groupManagement] INFO  server.RaftServerConfigKeys (ConfUtils.java:logGet(46)) - raft.server.rpc.timeout.min = 5s (custom)
2023-05-17 09:09:09,010 [5b9af961-56be-4fa8-844e-3cefe1429416-groupManagement] INFO  server.RaftServerConfigKeys (ConfUtils.java:logGet(46)) - raft.server.rpc.timeout.max = 5200ms (custom)
2023-05-17 09:09:09,011 [5b9af961-56be-4fa8-844e-3cefe1429416-groupManagement] INFO  server.RaftServerConfigKeys (ConfUtils.java:logGet(46)) - raft.server.rpc.sleep.time = 25ms (default)
2023-05-17 09:09:09,011 [5b9af961-56be-4fa8-844e-3cefe1429416-groupManagement] INFO  server.RaftServerConfigKeys (ConfUtils.java:logGet(46)) - raft.server.rpc.slowness.timeout = 300s (custom)
2023-05-17 09:09:09,011 [5b9af961-56be-4fa8-844e-3cefe1429416-groupManagement] INFO  server.RaftServerConfigKeys (ConfUtils.java:logGet(46)) - raft.server.leaderelection.leader.step-down.wait-time = 10s (default)
2023-05-17 09:09:09,011 [5b9af961-56be-4fa8-844e-3cefe1429416-groupManagement] INFO  server.RaftServerConfigKeys (ConfUtils.java:logGet(46)) - raft.server.sleep.deviation.threshold = 300ms (default)
2023-05-17 09:09:09,011 [5b9af961-56be-4fa8-844e-3cefe1429416-groupManagement] INFO  server.RaftServer$Division (ServerState.java:<init>(120)) - 5b9af961-56be-4fa8-844e-3cefe1429416@group-F19CF75F4C85: ConfigurationManager, init=-1: peers:[5b9fa8c3-08c3-43f9-b175-3119fbbe3900|rpc:10.1.0.64:15077|admin:10.1.0.64:15076|client:10.1.0.64:15075|dataStream:10.1.0.64:15078|priority:1|startupRole:FOLLOWER, 5b9af961-56be-4fa8-844e-3cefe1429416|rpc:10.1.0.64:15069|admin:10.1.0.64:15068|client:10.1.0.64:15067|dataStream:10.1.0.64:15070|priority:0|startupRole:FOLLOWER, bcbacd9a-ca93-42dd-bb1e-f9c21d91cd60|rpc:10.1.0.64:15061|admin:10.1.0.64:15060|client:10.1.0.64:15059|dataStream:10.1.0.64:15062|priority:0|startupRole:FOLLOWER]|listeners:[], old=null, confs=<EMPTY_MAP>
2023-05-17 09:09:09,011 [5b9af961-56be-4fa8-844e-3cefe1429416-groupManagement] INFO  server.RaftServerConfigKeys (ConfUtils.java:logGet(46)) - raft.server.storage.dir = [/home/runner/work/ozone/ozone/hadoop-ozone/integration-test/target/test-dir/MiniOzoneClusterImpl-21d14123-a168-44a2-bc0a-ee93e32dcc9b/datanode-7/data/ratis] (custom)
2023-05-17 09:09:09,011 [5b9af961-56be-4fa8-844e-3cefe1429416-groupManagement] INFO  server.RaftServerConfigKeys (ConfUtils.java:logGet(46)) - raft.server.log.corruption.policy = EXCEPTION (default)
2023-05-17 09:09:09,011 [5b9af961-56be-4fa8-844e-3cefe1429416-groupManagement] INFO  server.RaftServerConfigKeys (ConfUtils.java:logGet(46)) - raft.server.storage.free-space.min = 0MB (=0) (default)
2023-05-17 09:09:09,011 [5b9af961-56be-4fa8-844e-3cefe1429416-groupManagement] INFO  server.RaftServerConfigKeys (ConfUtils.java:logGet(46)) - raft.server.notification.no-leader.timeout = 300s (custom)
2023-05-17 09:09:09,011 [5b9af961-56be-4fa8-844e-3cefe1429416-groupManagement] INFO  server.RaftServerConfigKeys (ConfUtils.java:logGet(46)) - raft.server.read.timeout = 10s (default)
2023-05-17 09:09:09,011 [5b9af961-56be-4fa8-844e-3cefe1429416-groupManagement] INFO  server.RaftServerConfigKeys (ConfUtils.java:logGet(46)) - raft.server.retrycache.expirytime = 600000ms (custom)
2023-05-17 09:09:09,011 [5b9af961-56be-4fa8-844e-3cefe1429416-groupManagement] INFO  server.RaftServerConfigKeys (ConfUtils.java:logGet(46)) - raft.server.retrycache.statistics.expirytime = 100μs (default)
2023-05-17 09:09:09,011 [5b9af961-56be-4fa8-844e-3cefe1429416-groupManagement] INFO  server.RaftServerConfigKeys (ConfUtils.java:logGet(46)) - raft.server.read.option = DEFAULT (default)
2023-05-17 09:09:09,012 [5b9af961-56be-4fa8-844e-3cefe1429416-groupManagement] INFO  server.RaftServerConfigKeys (ConfUtils.java:logGet(46)) - raft.server.rpc.request.timeout = 60s (custom)
2023-05-17 09:09:09,013 [5b9af961-56be-4fa8-844e-3cefe1429416-groupManagement] INFO  server.RaftServerConfigKeys (ConfUtils.java:logGet(46)) - raft.server.log.appender.install.snapshot.enabled = false (custom)
2023-05-17 09:09:09,013 [5b9af961-56be-4fa8-844e-3cefe1429416-groupManagement] INFO  server.RaftServerConfigKeys (ConfUtils.java:logGet(46)) - raft.server.threadpool.server.cached = true (default)
2023-05-17 09:09:09,013 [5b9af961-56be-4fa8-844e-3cefe1429416-groupManagement] INFO  server.RaftServerConfigKeys (ConfUtils.java:logGet(46)) - raft.server.threadpool.server.size = 0 (default)
2023-05-17 09:09:09,013 [5b9af961-56be-4fa8-844e-3cefe1429416-groupManagement] INFO  server.RaftServerConfigKeys (ConfUtils.java:logGet(46)) - raft.server.threadpool.client.cached = true (default)
2023-05-17 09:09:09,013 [5b9af961-56be-4fa8-844e-3cefe1429416-groupManagement] INFO  server.RaftServerConfigKeys (ConfUtils.java:logGet(46)) - raft.server.threadpool.client.size = 0 (default)
2023-05-17 09:09:09,013 [5b9af961-56be-4fa8-844e-3cefe1429416-groupManagement] INFO  storage.RaftStorageDirectory (RaftStorageDirectoryImpl.java:analyzeStorage(137)) - The storage directory /home/runner/work/ozone/ozone/hadoop-ozone/integration-test/target/test-dir/MiniOzoneClusterImpl-21d14123-a168-44a2-bc0a-ee93e32dcc9b/datanode-7/data/ratis/a870d4e5-2afa-42e0-ae48-f19cf75f4c85 does not exist. Creating ...
2023-05-17 09:09:09,031 [Command processor thread] INFO  commandhandler.CreatePipelineCommandHandler (CreatePipelineCommandHandler.java:handle(113)) - Created Pipeline RATIS THREE PipelineID=2003f648-4363-4af3-ad53-cdb51b945669.
2023-05-17 09:09:09,035 [Command processor thread] INFO  commandhandler.CreatePipelineCommandHandler (CreatePipelineCommandHandler.java:handle(113)) - Created Pipeline RATIS THREE PipelineID=2003f648-4363-4af3-ad53-cdb51b945669.
2023-05-17 09:09:09,035 [5b9af961-56be-4fa8-844e-3cefe1429416-groupManagement] INFO  storage.RaftStorageDirectory (RaftStorageDirectoryImpl.java:tryLock(231)) - Lock on /home/runner/work/ozone/ozone/hadoop-ozone/integration-test/target/test-dir/MiniOzoneClusterImpl-21d14123-a168-44a2-bc0a-ee93e32dcc9b/datanode-7/data/ratis/a870d4e5-2afa-42e0-ae48-f19cf75f4c85/in_use.lock acquired by nodename 2768@fv-az41-747
2023-05-17 09:09:09,036 [5b9af961-56be-4fa8-844e-3cefe1429416-groupManagement] INFO  storage.RaftStorage (RaftStorageImpl.java:format(96)) - Storage directory /home/runner/work/ozone/ozone/hadoop-ozone/integration-test/target/test-dir/MiniOzoneClusterImpl-21d14123-a168-44a2-bc0a-ee93e32dcc9b/datanode-7/data/ratis/a870d4e5-2afa-42e0-ae48-f19cf75f4c85 has been successfully formatted.
2023-05-17 09:09:09,037 [5b9af961-56be-4fa8-844e-3cefe1429416-groupManagement] INFO  ratis.ContainerStateMachine (ContainerStateMachine.java:loadSnapshot(262)) - group-F19CF75F4C85: The snapshot info is null. Setting the last applied indexto:(t:0, i:~)
2023-05-17 09:09:09,037 [5b9af961-56be-4fa8-844e-3cefe1429416-groupManagement] INFO  server.RaftServerConfigKeys (ConfUtils.java:logGet(46)) - raft.server.log.use.memory = false (default)
2023-05-17 09:09:09,038 [5b9af961-56be-4fa8-844e-3cefe1429416-groupManagement] INFO  server.RaftServerConfigKeys (ConfUtils.java:logGet(46)) - raft.server.log.purge.gap = 1000000 (custom)
2023-05-17 09:09:09,038 [5b9af961-56be-4fa8-844e-3cefe1429416-groupManagement] INFO  server.RaftServerConfigKeys (ConfUtils.java:logGet(46)) - raft.server.log.appender.buffer.byte-limit = 33554432 (custom)
2023-05-17 09:09:09,038 [5b9af961-56be-4fa8-844e-3cefe1429416-groupManagement] INFO  server.RaftServerConfigKeys (ConfUtils.java:logGet(46)) - raft.server.log.statemachine.data.read.timeout = 1000ms (default)
2023-05-17 09:09:09,038 [5b9af961-56be-4fa8-844e-3cefe1429416-groupManagement] INFO  server.RaftServerConfigKeys (ConfUtils.java:logGet(46)) - raft.server.log.purge.preservation.log.num = 0 (default)
2023-05-17 09:09:09,038 [5b9af961-56be-4fa8-844e-3cefe1429416-groupManagement] INFO  server.RaftServerConfigKeys (ConfUtils.java:logGet(46)) - raft.server.log.segment.size.max = 1048576 (custom)
2023-05-17 09:09:09,038 [5b9af961-56be-4fa8-844e-3cefe1429416-groupManagement] INFO  server.RaftServerConfigKeys (ConfUtils.java:logGet(46)) - raft.server.log.segment.cache.num.max = 2 (custom)
2023-05-17 09:09:09,038 [5b9af961-56be-4fa8-844e-3cefe1429416-groupManagement] INFO  server.RaftServerConfigKeys (ConfUtils.java:logGet(46)) - raft.server.log.segment.cache.size.max = 200MB (=209715200) (default)
2023-05-17 09:09:09,039 [5b9af961-56be-4fa8-844e-3cefe1429416-groupManagement] INFO  server.RaftServerConfigKeys (ConfUtils.java:logGet(46)) - raft.server.log.appender.buffer.byte-limit = 33554432 (custom)
2023-05-17 09:09:09,039 [5b9af961-56be-4fa8-844e-3cefe1429416-groupManagement] INFO  segmented.SegmentedRaftLogWorker (SegmentedRaftLogWorker.java:<init>(188)) - new 5b9af961-56be-4fa8-844e-3cefe1429416@group-F19CF75F4C85-SegmentedRaftLogWorker for RaftStorageImpl:Storage Directory /home/runner/work/ozone/ozone/hadoop-ozone/integration-test/target/test-dir/MiniOzoneClusterImpl-21d14123-a168-44a2-bc0a-ee93e32dcc9b/datanode-7/data/ratis/a870d4e5-2afa-42e0-ae48-f19cf75f4c85
2023-05-17 09:09:09,039 [5b9af961-56be-4fa8-844e-3cefe1429416-groupManagement] INFO  server.RaftServerConfigKeys (ConfUtils.java:logGet(46)) - raft.server.log.queue.byte-limit = 4294967296 (custom)
2023-05-17 09:09:09,039 [5b9af961-56be-4fa8-844e-3cefe1429416-groupManagement] INFO  server.RaftServerConfigKeys (ConfUtils.java:logGet(46)) - raft.server.log.queue.element-limit = 1024 (custom)
2023-05-17 09:09:09,039 [5b9af961-56be-4fa8-844e-3cefe1429416-groupManagement] INFO  server.RaftServerConfigKeys (ConfUtils.java:logGet(46)) - raft.server.log.segment.size.max = 1048576 (custom)
2023-05-17 09:09:09,039 [5b9af961-56be-4fa8-844e-3cefe1429416-groupManagement] INFO  server.RaftServerConfigKeys (ConfUtils.java:logGet(46)) - raft.server.log.preallocated.size = 16384 (custom)
2023-05-17 09:09:09,039 [5b9af961-56be-4fa8-844e-3cefe1429416-groupManagement] INFO  server.RaftServerConfigKeys (ConfUtils.java:logGet(46)) - raft.server.log.force.sync.num = 128 (default)
2023-05-17 09:09:09,039 [5b9af961-56be-4fa8-844e-3cefe1429416-groupManagement] INFO  server.RaftServerConfigKeys (ConfUtils.java:logGet(46)) - raft.server.log.statemachine.data.sync = true (default)
2023-05-17 09:09:09,039 [5b9af961-56be-4fa8-844e-3cefe1429416-groupManagement] INFO  server.RaftServerConfigKeys (ConfUtils.java:logGet(46)) - raft.server.log.statemachine.data.sync.timeout = 10s (default)
2023-05-17 09:09:09,039 [5b9af961-56be-4fa8-844e-3cefe1429416-groupManagement] INFO  server.RaftServerConfigKeys (ConfUtils.java:logGet(46)) - raft.server.log.statemachine.data.sync.timeout.retry = -1 (default)
2023-05-17 09:09:09,040 [5b9af961-56be-4fa8-844e-3cefe1429416-groupManagement] INFO  server.RaftServerConfigKeys (ConfUtils.java:logGet(46)) - raft.server.log.write.buffer.size = 1048576 (custom)
2023-05-17 09:09:09,041 [5b9af961-56be-4fa8-844e-3cefe1429416-groupManagement] INFO  server.RaftServerConfigKeys (ConfUtils.java:logGet(46)) - raft.server.log.appender.buffer.byte-limit = 33554432 (custom)
2023-05-17 09:09:09,044 [EventQueue-OpenPipelineForHealthyPipelineSafeModeRule] INFO  safemode.SCMSafeModeManager (HealthyPipelineSafeModeRule.java:process(137)) - SCM in safe mode. Healthy pipelines reported count is 0, required healthy pipeline reported count is 1
2023-05-17 09:09:09,074 [5b9af961-56be-4fa8-844e-3cefe1429416-groupManagement] INFO  server.RaftServerConfigKeys (ConfUtils.java:logGet(46)) - raft.server.log.unsafe-flush.enabled = false (default)
2023-05-17 09:09:09,074 [5b9af961-56be-4fa8-844e-3cefe1429416-groupManagement] INFO  server.RaftServerConfigKeys (ConfUtils.java:logGet(46)) - raft.server.log.async-flush.enabled = false (default)
2023-05-17 09:09:09,074 [5b9af961-56be-4fa8-844e-3cefe1429416-groupManagement] INFO  server.RaftServerConfigKeys (ConfUtils.java:logGet(46)) - raft.server.log.statemachine.data.caching.enabled = true (custom)
2023-05-17 09:09:09,074 [5b9af961-56be-4fa8-844e-3cefe1429416-groupManagement] INFO  segmented.SegmentedRaftLogWorker (SegmentedRaftLogWorker.java:lambda$new$0(135)) - 5b9af961-56be-4fa8-844e-3cefe1429416@group-F19CF75F4C85-SegmentedRaftLogWorker: flushIndex: setUnconditionally 0 -> -1
2023-05-17 09:09:09,075 [5b9af961-56be-4fa8-844e-3cefe1429416-groupManagement] INFO  segmented.SegmentedRaftLogWorker (SegmentedRaftLogWorker.java:lambda$new$0(135)) - 5b9af961-56be-4fa8-844e-3cefe1429416@group-F19CF75F4C85-SegmentedRaftLogWorker: safeCacheEvictIndex: setUnconditionally 0 -> -1
2023-05-17 09:09:09,081 [5b9af961-56be-4fa8-844e-3cefe1429416-groupManagement] INFO  server.RaftServer$Division (RaftServerImpl.java:start(342)) - 5b9af961-56be-4fa8-844e-3cefe1429416@group-F19CF75F4C85: start as a follower, conf=-1: peers:[5b9fa8c3-08c3-43f9-b175-3119fbbe3900|rpc:10.1.0.64:15077|admin:10.1.0.64:15076|client:10.1.0.64:15075|dataStream:10.1.0.64:15078|priority:1|startupRole:FOLLOWER, 5b9af961-56be-4fa8-844e-3cefe1429416|rpc:10.1.0.64:15069|admin:10.1.0.64:15068|client:10.1.0.64:15067|dataStream:10.1.0.64:15070|priority:0|startupRole:FOLLOWER, bcbacd9a-ca93-42dd-bb1e-f9c21d91cd60|rpc:10.1.0.64:15061|admin:10.1.0.64:15060|client:10.1.0.64:15059|dataStream:10.1.0.64:15062|priority:0|startupRole:FOLLOWER]|listeners:[], old=null
2023-05-17 09:09:09,081 [5b9af961-56be-4fa8-844e-3cefe1429416-groupManagement] INFO  server.RaftServer$Division (RaftServerImpl.java:setRole(329)) - 5b9af961-56be-4fa8-844e-3cefe1429416@group-F19CF75F4C85: changes role from      null to FOLLOWER at term 0 for startAsFollower
2023-05-17 09:09:09,081 [5b9af961-56be-4fa8-844e-3cefe1429416-groupManagement] INFO  impl.RoleInfo (RoleInfo.java:updateAndGet(139)) - 5b9af961-56be-4fa8-844e-3cefe1429416: start 5b9af961-56be-4fa8-844e-3cefe1429416@group-F19CF75F4C85-FollowerState
2023-05-17 09:09:09,084 [5b9af961-56be-4fa8-844e-3cefe1429416-groupManagement] INFO  util.JmxRegister (JmxRegister.java:tryRegister(44)) - Successfully registered JMX Bean with object name Ratis:service=RaftServer,group=group-F19CF75F4C85,id=5b9af961-56be-4fa8-844e-3cefe1429416
2023-05-17 09:09:09,084 [5b9af961-56be-4fa8-844e-3cefe1429416-groupManagement] INFO  server.RaftServerConfigKeys (ConfUtils.java:logGet(46)) - raft.server.snapshot.auto.trigger.enabled = true (custom)
2023-05-17 09:09:09,084 [5b9af961-56be-4fa8-844e-3cefe1429416-groupManagement] INFO  server.RaftServerConfigKeys (ConfUtils.java:logGet(46)) - raft.server.snapshot.auto.trigger.threshold = 10000 (custom)
2023-05-17 09:09:09,084 [5b9af961-56be-4fa8-844e-3cefe1429416-groupManagement] INFO  server.RaftServerConfigKeys (ConfUtils.java:logGet(46)) - raft.server.snapshot.retention.file.num = 5 (custom)
2023-05-17 09:09:09,084 [5b9af961-56be-4fa8-844e-3cefe1429416-groupManagement] INFO  server.RaftServerConfigKeys (ConfUtils.java:logGet(46)) - raft.server.log.purge.upto.snapshot.index = false (default)
2023-05-17 09:09:09,086 [5b9af961-56be-4fa8-844e-3cefe1429416@group-F19CF75F4C85-FollowerState] INFO  server.RaftServerConfigKeys (ConfUtils.java:logFallback(53)) - raft.server.rpc.first-election.timeout.min = 5s (fallback to raft.server.rpc.timeout.min)
2023-05-17 09:09:09,086 [5b9af961-56be-4fa8-844e-3cefe1429416@group-F19CF75F4C85-FollowerState] INFO  server.RaftServerConfigKeys (ConfUtils.java:logFallback(53)) - raft.server.rpc.first-election.timeout.max = 5200ms (fallback to raft.server.rpc.timeout.max)
2023-05-17 09:09:09,088 [Command processor thread] INFO  ratis.XceiverServerRatis (XceiverServerRatis.java:addGroup(806)) - Created group PipelineID=a870d4e5-2afa-42e0-ae48-f19cf75f4c85
2023-05-17 09:09:09,114 [Listener at 127.0.0.1/15004] INFO  ozone.MiniOzoneClusterImpl (MiniOzoneClusterImpl.java:lambda$waitForClusterToBeReady$0(222)) - Nodes are ready. Got 14 of 14 DN Heartbeats.
2023-05-17 09:09:09,114 [Listener at 127.0.0.1/15004] INFO  ozone.MiniOzoneClusterImpl (MiniOzoneClusterImpl.java:lambda$waitForClusterToBeReady$0(225)) - Waiting for cluster to exit safe mode
2023-05-17 09:09:09,114 [Listener at 127.0.0.1/15004] INFO  ozone.MiniOzoneClusterImpl (MiniOzoneClusterImpl.java:lambda$waitForClusterToBeReady$0(227)) - SCM became leader
2023-05-17 09:09:09,142 [grpc-default-executor-0] INFO  server.RaftServer (RaftServerProxy.java:addNew(98)) - 5b9fa8c3-08c3-43f9-b175-3119fbbe3900: addNew group-F19CF75F4C85:[5b9fa8c3-08c3-43f9-b175-3119fbbe3900|rpc:10.1.0.64:15077|admin:10.1.0.64:15076|client:10.1.0.64:15075|dataStream:10.1.0.64:15078|priority:1|startupRole:FOLLOWER, 5b9af961-56be-4fa8-844e-3cefe1429416|rpc:10.1.0.64:15069|admin:10.1.0.64:15068|client:10.1.0.64:15067|dataStream:10.1.0.64:15070|priority:0|startupRole:FOLLOWER, bcbacd9a-ca93-42dd-bb1e-f9c21d91cd60|rpc:10.1.0.64:15061|admin:10.1.0.64:15060|client:10.1.0.64:15059|dataStream:10.1.0.64:15062|priority:0|startupRole:FOLLOWER] returns group-F19CF75F4C85:java.util.concurrent.CompletableFuture@45ff2a6f[Not completed]
2023-05-17 09:09:09,142 [grpc-default-executor-1] INFO  server.RaftServer (RaftServerProxy.java:addNew(98)) - 5b9fa8c3-08c3-43f9-b175-3119fbbe3900: addNew group-A7669F4B16A5:[5b9fa8c3-08c3-43f9-b175-3119fbbe3900|rpc:10.1.0.64:15077|admin:10.1.0.64:15076|client:10.1.0.64:15075|dataStream:10.1.0.64:15078|priority:0|startupRole:FOLLOWER, 5b9af961-56be-4fa8-844e-3cefe1429416|rpc:10.1.0.64:15069|admin:10.1.0.64:15068|client:10.1.0.64:15067|dataStream:10.1.0.64:15070|priority:0|startupRole:FOLLOWER, bcbacd9a-ca93-42dd-bb1e-f9c21d91cd60|rpc:10.1.0.64:15061|admin:10.1.0.64:15060|client:10.1.0.64:15059|dataStream:10.1.0.64:15062|priority:1|startupRole:FOLLOWER] returns group-A7669F4B16A5:java.util.concurrent.CompletableFuture@43198990[Not completed]
2023-05-17 09:09:09,143 [5b9fa8c3-08c3-43f9-b175-3119fbbe3900-groupManagement] INFO  server.RaftServer$Division (RaftServerImpl.java:<init>(198)) - 5b9fa8c3-08c3-43f9-b175-3119fbbe3900: new RaftServerImpl for group-F19CF75F4C85:[5b9fa8c3-08c3-43f9-b175-3119fbbe3900|rpc:10.1.0.64:15077|admin:10.1.0.64:15076|client:10.1.0.64:15075|dataStream:10.1.0.64:15078|priority:1|startupRole:FOLLOWER, 5b9af961-56be-4fa8-844e-3cefe1429416|rpc:10.1.0.64:15069|admin:10.1.0.64:15068|client:10.1.0.64:15067|dataStream:10.1.0.64:15070|priority:0|startupRole:FOLLOWER, bcbacd9a-ca93-42dd-bb1e-f9c21d91cd60|rpc:10.1.0.64:15061|admin:10.1.0.64:15060|client:10.1.0.64:15059|dataStream:10.1.0.64:15062|priority:0|startupRole:FOLLOWER] with ContainerStateMachine:uninitialized
2023-05-17 09:09:09,144 [5b9fa8c3-08c3-43f9-b175-3119fbbe3900-groupManagement] INFO  server.RaftServerConfigKeys (ConfUtils.java:logGet(46)) - raft.server.rpc.timeout.min = 5s (custom)
2023-05-17 09:09:09,144 [5b9fa8c3-08c3-43f9-b175-3119fbbe3900-groupManagement] INFO  server.RaftServerConfigKeys (ConfUtils.java:logGet(46)) - raft.server.rpc.timeout.max = 5200ms (custom)
2023-05-17 09:09:09,144 [5b9fa8c3-08c3-43f9-b175-3119fbbe3900-groupManagement] INFO  server.RaftServerConfigKeys (ConfUtils.java:logGet(46)) - raft.server.rpc.sleep.time = 25ms (default)
2023-05-17 09:09:09,144 [5b9fa8c3-08c3-43f9-b175-3119fbbe3900-groupManagement] INFO  server.RaftServerConfigKeys (ConfUtils.java:logGet(46)) - raft.server.rpc.slowness.timeout = 300s (custom)
2023-05-17 09:09:09,144 [5b9fa8c3-08c3-43f9-b175-3119fbbe3900-groupManagement] INFO  server.RaftServerConfigKeys (ConfUtils.java:logGet(46)) - raft.server.leaderelection.leader.step-down.wait-time = 10s (default)
2023-05-17 09:09:09,144 [5b9fa8c3-08c3-43f9-b175-3119fbbe3900-groupManagement] INFO  server.RaftServerConfigKeys (ConfUtils.java:logGet(46)) - raft.server.sleep.deviation.threshold = 300ms (default)
2023-05-17 09:09:09,145 [5b9fa8c3-08c3-43f9-b175-3119fbbe3900-groupManagement] INFO  server.RaftServer$Division (ServerState.java:<init>(120)) - 5b9fa8c3-08c3-43f9-b175-3119fbbe3900@group-F19CF75F4C85: ConfigurationManager, init=-1: peers:[5b9fa8c3-08c3-43f9-b175-3119fbbe3900|rpc:10.1.0.64:15077|admin:10.1.0.64:15076|client:10.1.0.64:15075|dataStream:10.1.0.64:15078|priority:1|startupRole:FOLLOWER, 5b9af961-56be-4fa8-844e-3cefe1429416|rpc:10.1.0.64:15069|admin:10.1.0.64:15068|client:10.1.0.64:15067|dataStream:10.1.0.64:15070|priority:0|startupRole:FOLLOWER, bcbacd9a-ca93-42dd-bb1e-f9c21d91cd60|rpc:10.1.0.64:15061|admin:10.1.0.64:15060|client:10.1.0.64:15059|dataStream:10.1.0.64:15062|priority:0|startupRole:FOLLOWER]|listeners:[], old=null, confs=<EMPTY_MAP>
2023-05-17 09:09:09,145 [5b9fa8c3-08c3-43f9-b175-3119fbbe3900-groupManagement] INFO  server.RaftServerConfigKeys (ConfUtils.java:logGet(46)) - raft.server.storage.dir = [/home/runner/work/ozone/ozone/hadoop-ozone/integration-test/target/test-dir/MiniOzoneClusterImpl-21d14123-a168-44a2-bc0a-ee93e32dcc9b/datanode-8/data/ratis] (custom)
2023-05-17 09:09:09,145 [5b9fa8c3-08c3-43f9-b175-3119fbbe3900-groupManagement] INFO  server.RaftServerConfigKeys (ConfUtils.java:logGet(46)) - raft.server.log.corruption.policy = EXCEPTION (default)
2023-05-17 09:09:09,145 [5b9fa8c3-08c3-43f9-b175-3119fbbe3900-groupManagement] INFO  server.RaftServerConfigKeys (ConfUtils.java:logGet(46)) - raft.server.storage.free-space.min = 0MB (=0) (default)
2023-05-17 09:09:09,145 [5b9fa8c3-08c3-43f9-b175-3119fbbe3900-groupManagement] INFO  server.RaftServerConfigKeys (ConfUtils.java:logGet(46)) - raft.server.notification.no-leader.timeout = 300s (custom)
2023-05-17 09:09:09,145 [5b9fa8c3-08c3-43f9-b175-3119fbbe3900-groupManagement] INFO  server.RaftServerConfigKeys (ConfUtils.java:logGet(46)) - raft.server.read.timeout = 10s (default)
2023-05-17 09:09:09,145 [5b9fa8c3-08c3-43f9-b175-3119fbbe3900-groupManagement] INFO  server.RaftServerConfigKeys (ConfUtils.java:logGet(46)) - raft.server.retrycache.expirytime = 600000ms (custom)
2023-05-17 09:09:09,145 [5b9fa8c3-08c3-43f9-b175-3119fbbe3900-groupManagement] INFO  server.RaftServerConfigKeys (ConfUtils.java:logGet(46)) - raft.server.retrycache.statistics.expirytime = 100μs (default)
2023-05-17 09:09:09,146 [5b9fa8c3-08c3-43f9-b175-3119fbbe3900-groupManagement] INFO  server.RaftServerConfigKeys (ConfUtils.java:logGet(46)) - raft.server.read.option = DEFAULT (default)
2023-05-17 09:09:09,164 [5b9fa8c3-08c3-43f9-b175-3119fbbe3900-groupManagement] INFO  server.RaftServerConfigKeys (ConfUtils.java:logGet(46)) - raft.server.rpc.request.timeout = 60s (custom)
2023-05-17 09:09:09,164 [5b9fa8c3-08c3-43f9-b175-3119fbbe3900-groupManagement] INFO  server.RaftServerConfigKeys (ConfUtils.java:logGet(46)) - raft.server.log.appender.install.snapshot.enabled = false (custom)
2023-05-17 09:09:09,164 [5b9fa8c3-08c3-43f9-b175-3119fbbe3900-groupManagement] INFO  server.RaftServerConfigKeys (ConfUtils.java:logGet(46)) - raft.server.threadpool.server.cached = true (default)
2023-05-17 09:09:09,164 [5b9fa8c3-08c3-43f9-b175-3119fbbe3900-groupManagement] INFO  server.RaftServerConfigKeys (ConfUtils.java:logGet(46)) - raft.server.threadpool.server.size = 0 (default)
2023-05-17 09:09:09,164 [5b9fa8c3-08c3-43f9-b175-3119fbbe3900-groupManagement] INFO  server.RaftServerConfigKeys (ConfUtils.java:logGet(46)) - raft.server.threadpool.client.cached = true (default)
2023-05-17 09:09:09,164 [5b9fa8c3-08c3-43f9-b175-3119fbbe3900-groupManagement] INFO  server.RaftServerConfigKeys (ConfUtils.java:logGet(46)) - raft.server.threadpool.client.size = 0 (default)
2023-05-17 09:09:09,165 [5b9fa8c3-08c3-43f9-b175-3119fbbe3900-groupManagement] INFO  server.RaftServer$Division (RaftServerImpl.java:<init>(198)) - 5b9fa8c3-08c3-43f9-b175-3119fbbe3900: new RaftServerImpl for group-A7669F4B16A5:[5b9fa8c3-08c3-43f9-b175-3119fbbe3900|rpc:10.1.0.64:15077|admin:10.1.0.64:15076|client:10.1.0.64:15075|dataStream:10.1.0.64:15078|priority:0|startupRole:FOLLOWER, 5b9af961-56be-4fa8-844e-3cefe1429416|rpc:10.1.0.64:15069|admin:10.1.0.64:15068|client:10.1.0.64:15067|dataStream:10.1.0.64:15070|priority:0|startupRole:FOLLOWER, bcbacd9a-ca93-42dd-bb1e-f9c21d91cd60|rpc:10.1.0.64:15061|admin:10.1.0.64:15060|client:10.1.0.64:15059|dataStream:10.1.0.64:15062|priority:1|startupRole:FOLLOWER] with ContainerStateMachine:uninitialized
2023-05-17 09:09:09,165 [5b9fa8c3-08c3-43f9-b175-3119fbbe3900-groupManagement] INFO  server.RaftServerConfigKeys (ConfUtils.java:logGet(46)) - raft.server.rpc.timeout.min = 5s (custom)
2023-05-17 09:09:09,165 [5b9fa8c3-08c3-43f9-b175-3119fbbe3900-groupManagement] INFO  server.RaftServerConfigKeys (ConfUtils.java:logGet(46)) - raft.server.rpc.timeout.max = 5200ms (custom)
2023-05-17 09:09:09,165 [5b9fa8c3-08c3-43f9-b175-3119fbbe3900-groupManagement] INFO  server.RaftServerConfigKeys (ConfUtils.java:logGet(46)) - raft.server.rpc.sleep.time = 25ms (default)
2023-05-17 09:09:09,165 [5b9fa8c3-08c3-43f9-b175-3119fbbe3900-groupManagement] INFO  server.RaftServerConfigKeys (ConfUtils.java:logGet(46)) - raft.server.rpc.slowness.timeout = 300s (custom)
2023-05-17 09:09:09,165 [5b9fa8c3-08c3-43f9-b175-3119fbbe3900-groupManagement] INFO  server.RaftServerConfigKeys (ConfUtils.java:logGet(46)) - raft.server.leaderelection.leader.step-down.wait-time = 10s (default)
2023-05-17 09:09:09,165 [5b9fa8c3-08c3-43f9-b175-3119fbbe3900-groupManagement] INFO  server.RaftServerConfigKeys (ConfUtils.java:logGet(46)) - raft.server.sleep.deviation.threshold = 300ms (default)
2023-05-17 09:09:09,166 [5b9fa8c3-08c3-43f9-b175-3119fbbe3900-groupManagement] INFO  server.RaftServer$Division (ServerState.java:<init>(120)) - 5b9fa8c3-08c3-43f9-b175-3119fbbe3900@group-A7669F4B16A5: ConfigurationManager, init=-1: peers:[5b9fa8c3-08c3-43f9-b175-3119fbbe3900|rpc:10.1.0.64:15077|admin:10.1.0.64:15076|client:10.1.0.64:15075|dataStream:10.1.0.64:15078|priority:0|startupRole:FOLLOWER, 5b9af961-56be-4fa8-844e-3cefe1429416|rpc:10.1.0.64:15069|admin:10.1.0.64:15068|client:10.1.0.64:15067|dataStream:10.1.0.64:15070|priority:0|startupRole:FOLLOWER, bcbacd9a-ca93-42dd-bb1e-f9c21d91cd60|rpc:10.1.0.64:15061|admin:10.1.0.64:15060|client:10.1.0.64:15059|dataStream:10.1.0.64:15062|priority:1|startupRole:FOLLOWER]|listeners:[], old=null, confs=<EMPTY_MAP>
2023-05-17 09:09:09,166 [5b9fa8c3-08c3-43f9-b175-3119fbbe3900-groupManagement] INFO  server.RaftServerConfigKeys (ConfUtils.java:logGet(46)) - raft.server.storage.dir = [/home/runner/work/ozone/ozone/hadoop-ozone/integration-test/target/test-dir/MiniOzoneClusterImpl-21d14123-a168-44a2-bc0a-ee93e32dcc9b/datanode-8/data/ratis] (custom)
2023-05-17 09:09:09,166 [5b9fa8c3-08c3-43f9-b175-3119fbbe3900-groupManagement] INFO  server.RaftServerConfigKeys (ConfUtils.java:logGet(46)) - raft.server.log.corruption.policy = EXCEPTION (default)
2023-05-17 09:09:09,166 [5b9fa8c3-08c3-43f9-b175-3119fbbe3900-groupManagement] INFO  server.RaftServerConfigKeys (ConfUtils.java:logGet(46)) - raft.server.storage.free-space.min = 0MB (=0) (default)
2023-05-17 09:09:09,166 [5b9fa8c3-08c3-43f9-b175-3119fbbe3900-groupManagement] INFO  server.RaftServerConfigKeys (ConfUtils.java:logGet(46)) - raft.server.notification.no-leader.timeout = 300s (custom)
2023-05-17 09:09:09,166 [5b9fa8c3-08c3-43f9-b175-3119fbbe3900-groupManagement] INFO  server.RaftServerConfigKeys (ConfUtils.java:logGet(46)) - raft.server.read.timeout = 10s (default)
2023-05-17 09:09:09,166 [5b9fa8c3-08c3-43f9-b175-3119fbbe3900-groupManagement] INFO  server.RaftServerConfigKeys (ConfUtils.java:logGet(46)) - raft.server.retrycache.expirytime = 600000ms (custom)
2023-05-17 09:09:09,167 [5b9fa8c3-08c3-43f9-b175-3119fbbe3900-groupManagement] INFO  server.RaftServerConfigKeys (ConfUtils.java:logGet(46)) - raft.server.retrycache.statistics.expirytime = 100μs (default)
2023-05-17 09:09:09,167 [5b9fa8c3-08c3-43f9-b175-3119fbbe3900-groupManagement] INFO  server.RaftServerConfigKeys (ConfUtils.java:logGet(46)) - raft.server.read.option = DEFAULT (default)
2023-05-17 09:09:09,172 [5b9fa8c3-08c3-43f9-b175-3119fbbe3900-groupManagement] INFO  server.RaftServerConfigKeys (ConfUtils.java:logGet(46)) - raft.server.rpc.request.timeout = 60s (custom)
2023-05-17 09:09:09,172 [5b9fa8c3-08c3-43f9-b175-3119fbbe3900-groupManagement] INFO  server.RaftServerConfigKeys (ConfUtils.java:logGet(46)) - raft.server.log.appender.install.snapshot.enabled = false (custom)
2023-05-17 09:09:09,172 [5b9fa8c3-08c3-43f9-b175-3119fbbe3900-groupManagement] INFO  server.RaftServerConfigKeys (ConfUtils.java:logGet(46)) - raft.server.threadpool.server.cached = true (default)
2023-05-17 09:09:09,172 [5b9fa8c3-08c3-43f9-b175-3119fbbe3900-groupManagement] INFO  server.RaftServerConfigKeys (ConfUtils.java:logGet(46)) - raft.server.threadpool.server.size = 0 (default)
2023-05-17 09:09:09,172 [5b9fa8c3-08c3-43f9-b175-3119fbbe3900-groupManagement] INFO  server.RaftServerConfigKeys (ConfUtils.java:logGet(46)) - raft.server.threadpool.client.cached = true (default)
2023-05-17 09:09:09,172 [5b9fa8c3-08c3-43f9-b175-3119fbbe3900-groupManagement] INFO  server.RaftServerConfigKeys (ConfUtils.java:logGet(46)) - raft.server.threadpool.client.size = 0 (default)
2023-05-17 09:09:09,174 [5b9fa8c3-08c3-43f9-b175-3119fbbe3900-groupManagement] INFO  storage.RaftStorageDirectory (RaftStorageDirectoryImpl.java:analyzeStorage(137)) - The storage directory /home/runner/work/ozone/ozone/hadoop-ozone/integration-test/target/test-dir/MiniOzoneClusterImpl-21d14123-a168-44a2-bc0a-ee93e32dcc9b/datanode-8/data/ratis/a870d4e5-2afa-42e0-ae48-f19cf75f4c85 does not exist. Creating ...
2023-05-17 09:09:09,175 [5b9fa8c3-08c3-43f9-b175-3119fbbe3900-groupManagement] INFO  storage.RaftStorageDirectory (RaftStorageDirectoryImpl.java:tryLock(231)) - Lock on /home/runner/work/ozone/ozone/hadoop-ozone/integration-test/target/test-dir/MiniOzoneClusterImpl-21d14123-a168-44a2-bc0a-ee93e32dcc9b/datanode-8/data/ratis/a870d4e5-2afa-42e0-ae48-f19cf75f4c85/in_use.lock acquired by nodename 2768@fv-az41-747
2023-05-17 09:09:09,176 [5b9fa8c3-08c3-43f9-b175-3119fbbe3900-groupManagement] INFO  storage.RaftStorage (RaftStorageImpl.java:format(96)) - Storage directory /home/runner/work/ozone/ozone/hadoop-ozone/integration-test/target/test-dir/MiniOzoneClusterImpl-21d14123-a168-44a2-bc0a-ee93e32dcc9b/datanode-8/data/ratis/a870d4e5-2afa-42e0-ae48-f19cf75f4c85 has been successfully formatted.
2023-05-17 09:09:09,179 [Command processor thread] INFO  server.RaftServer (RaftServerProxy.java:addNew(98)) - 5b9fa8c3-08c3-43f9-b175-3119fbbe3900: addNew group-4902C97A15D4:[5b9fa8c3-08c3-43f9-b175-3119fbbe3900|rpc:10.1.0.64:15077|admin:10.1.0.64:15076|client:10.1.0.64:15075|dataStream:10.1.0.64:15078|priority:1|startupRole:FOLLOWER] returns group-4902C97A15D4:java.util.concurrent.CompletableFuture@5c0d05a9[Not completed]
2023-05-17 09:09:09,179 [5b9fa8c3-08c3-43f9-b175-3119fbbe3900-groupManagement] INFO  ratis.ContainerStateMachine (ContainerStateMachine.java:loadSnapshot(262)) - group-F19CF75F4C85: The snapshot info is null. Setting the last applied indexto:(t:0, i:~)
2023-05-17 09:09:09,179 [5b9fa8c3-08c3-43f9-b175-3119fbbe3900-groupManagement] INFO  server.RaftServerConfigKeys (ConfUtils.java:logGet(46)) - raft.server.log.use.memory = false (default)
2023-05-17 09:09:09,180 [5b9fa8c3-08c3-43f9-b175-3119fbbe3900-groupManagement] INFO  server.RaftServerConfigKeys (ConfUtils.java:logGet(46)) - raft.server.log.purge.gap = 1000000 (custom)
2023-05-17 09:09:09,180 [5b9fa8c3-08c3-43f9-b175-3119fbbe3900-groupManagement] INFO  server.RaftServerConfigKeys (ConfUtils.java:logGet(46)) - raft.server.log.appender.buffer.byte-limit = 33554432 (custom)
2023-05-17 09:09:09,180 [5b9fa8c3-08c3-43f9-b175-3119fbbe3900-groupManagement] INFO  server.RaftServerConfigKeys (ConfUtils.java:logGet(46)) - raft.server.log.statemachine.data.read.timeout = 1000ms (default)
2023-05-17 09:09:09,180 [5b9fa8c3-08c3-43f9-b175-3119fbbe3900-groupManagement] INFO  server.RaftServerConfigKeys (ConfUtils.java:logGet(46)) - raft.server.log.purge.preservation.log.num = 0 (default)
2023-05-17 09:09:09,180 [5b9fa8c3-08c3-43f9-b175-3119fbbe3900-groupManagement] INFO  server.RaftServerConfigKeys (ConfUtils.java:logGet(46)) - raft.server.log.segment.size.max = 1048576 (custom)
2023-05-17 09:09:09,181 [5b9fa8c3-08c3-43f9-b175-3119fbbe3900-groupManagement] INFO  server.RaftServerConfigKeys (ConfUtils.java:logGet(46)) - raft.server.log.segment.cache.num.max = 2 (custom)
2023-05-17 09:09:09,181 [5b9fa8c3-08c3-43f9-b175-3119fbbe3900-groupManagement] INFO  server.RaftServerConfigKeys (ConfUtils.java:logGet(46)) - raft.server.log.segment.cache.size.max = 200MB (=209715200) (default)
2023-05-17 09:09:09,181 [5b9fa8c3-08c3-43f9-b175-3119fbbe3900-groupManagement] INFO  server.RaftServerConfigKeys (ConfUtils.java:logGet(46)) - raft.server.log.appender.buffer.byte-limit = 33554432 (custom)
2023-05-17 09:09:09,182 [5b9fa8c3-08c3-43f9-b175-3119fbbe3900-groupManagement] INFO  segmented.SegmentedRaftLogWorker (SegmentedRaftLogWorker.java:<init>(188)) - new 5b9fa8c3-08c3-43f9-b175-3119fbbe3900@group-F19CF75F4C85-SegmentedRaftLogWorker for RaftStorageImpl:Storage Directory /home/runner/work/ozone/ozone/hadoop-ozone/integration-test/target/test-dir/MiniOzoneClusterImpl-21d14123-a168-44a2-bc0a-ee93e32dcc9b/datanode-8/data/ratis/a870d4e5-2afa-42e0-ae48-f19cf75f4c85
2023-05-17 09:09:09,182 [5b9fa8c3-08c3-43f9-b175-3119fbbe3900-groupManagement] INFO  server.RaftServerConfigKeys (ConfUtils.java:logGet(46)) - raft.server.log.queue.byte-limit = 4294967296 (custom)
2023-05-17 09:09:09,182 [5b9fa8c3-08c3-43f9-b175-3119fbbe3900-groupManagement] INFO  server.RaftServerConfigKeys (ConfUtils.java:logGet(46)) - raft.server.log.queue.element-limit = 1024 (custom)
2023-05-17 09:09:09,182 [5b9fa8c3-08c3-43f9-b175-3119fbbe3900-groupManagement] INFO  server.RaftServerConfigKeys (ConfUtils.java:logGet(46)) - raft.server.log.segment.size.max = 1048576 (custom)
2023-05-17 09:09:09,182 [5b9fa8c3-08c3-43f9-b175-3119fbbe3900-groupManagement] INFO  server.RaftServerConfigKeys (ConfUtils.java:logGet(46)) - raft.server.log.preallocated.size = 16384 (custom)
2023-05-17 09:09:09,182 [5b9fa8c3-08c3-43f9-b175-3119fbbe3900-groupManagement] INFO  server.RaftServerConfigKeys (ConfUtils.java:logGet(46)) - raft.server.log.force.sync.num = 128 (default)
2023-05-17 09:09:09,182 [5b9fa8c3-08c3-43f9-b175-3119fbbe3900-groupManagement] INFO  server.RaftServerConfigKeys (ConfUtils.java:logGet(46)) - raft.server.log.statemachine.data.sync = true (default)
2023-05-17 09:09:09,183 [5b9fa8c3-08c3-43f9-b175-3119fbbe3900-groupManagement] INFO  server.RaftServerConfigKeys (ConfUtils.java:logGet(46)) - raft.server.log.statemachine.data.sync.timeout = 10s (default)
2023-05-17 09:09:09,183 [5b9fa8c3-08c3-43f9-b175-3119fbbe3900-groupManagement] INFO  server.RaftServerConfigKeys (ConfUtils.java:logGet(46)) - raft.server.log.statemachine.data.sync.timeout.retry = -1 (default)
2023-05-17 09:09:09,185 [5b9fa8c3-08c3-43f9-b175-3119fbbe3900-groupManagement] INFO  server.RaftServerConfigKeys (ConfUtils.java:logGet(46)) - raft.server.log.write.buffer.size = 1048576 (custom)
2023-05-17 09:09:09,186 [5b9fa8c3-08c3-43f9-b175-3119fbbe3900-groupManagement] INFO  server.RaftServerConfigKeys (ConfUtils.java:logGet(46)) - raft.server.log.appender.buffer.byte-limit = 33554432 (custom)
2023-05-17 09:09:09,948 [JvmPauseMonitor14] WARN  util.JvmPauseMonitor (JvmPauseMonitor.java:detectPause(124)) - JvmPauseMonitor-5b11b4e3-e601-4d3f-be34-f92c0e1a86f6: Detected pause in JVM or host machine approximately 0.265s with 0.758s GC time.
GC pool 'PS MarkSweep' had collection(s): count=1 time=380ms
GC pool 'PS Scavenge' had collection(s): count=1 time=378ms
2023-05-17 09:09:09,950 [JvmPauseMonitor4] WARN  util.JvmPauseMonitor (JvmPauseMonitor.java:detectPause(124)) - JvmPauseMonitor-57ed5fd8-a62b-44c8-9c66-83b6d5ca8b16: Detected pause in JVM or host machine approximately 0.284s with 0.758s GC time.
GC pool 'PS MarkSweep' had collection(s): count=1 time=380ms
GC pool 'PS Scavenge' had collection(s): count=1 time=378ms
2023-05-17 09:09:09,950 [JvmPauseMonitor0] WARN  util.JvmPauseMonitor (JvmPauseMonitor.java:detectPause(124)) - JvmPauseMonitor-om1: Detected pause in JVM or host machine approximately 0.287s with 0.758s GC time.
GC pool 'PS MarkSweep' had collection(s): count=1 time=380ms
GC pool 'PS Scavenge' had collection(s): count=1 time=378ms
2023-05-17 09:09:09,950 [JvmPauseMonitor6] WARN  util.JvmPauseMonitor (JvmPauseMonitor.java:detectPause(124)) - JvmPauseMonitor-b2b5d537-374d-472d-b9f1-d9543cb70a6b: Detected pause in JVM or host machine approximately 0.288s with 0.758s GC time.
GC pool 'PS MarkSweep' had collection(s): count=1 time=380ms
GC pool 'PS Scavenge' had collection(s): count=1 time=378ms
2023-05-17 09:09:09,951 [JvmPauseMonitor8] WARN  util.JvmPauseMonitor (JvmPauseMonitor.java:detectPause(124)) - JvmPauseMonitor-5b9af961-56be-4fa8-844e-3cefe1429416: Detected pause in JVM or host machine approximately 0.288s with 0.758s GC time.
GC pool 'PS MarkSweep' had collection(s): count=1 time=380ms
GC pool 'PS Scavenge' had collection(s): count=1 time=378ms
2023-05-17 09:09:09,951 [JvmPauseMonitor12] WARN  util.JvmPauseMonitor (JvmPauseMonitor.java:detectPause(124)) - JvmPauseMonitor-4ea9b805-d843-4364-8f91-0c3c20e3ed71: Detected pause in JVM or host machine approximately 0.288s with 0.758s GC time.
GC pool 'PS MarkSweep' had collection(s): count=1 time=380ms
GC pool 'PS Scavenge' had collection(s): count=1 time=378ms
2023-05-17 09:09:09,951 [JvmPauseMonitor7] WARN  util.JvmPauseMonitor (JvmPauseMonitor.java:detectPause(124)) - JvmPauseMonitor-bcbacd9a-ca93-42dd-bb1e-f9c21d91cd60: Detected pause in JVM or host machine approximately 0.294s with 0.758s GC time.
GC pool 'PS MarkSweep' had collection(s): count=1 time=380ms
GC pool 'PS Scavenge' had collection(s): count=1 time=378ms
2023-05-17 09:09:09,951 [JvmPauseMonitor13] WARN  util.JvmPauseMonitor (JvmPauseMonitor.java:detectPause(124)) - JvmPauseMonitor-84eda2eb-aea9-437c-8414-760cea80ce07: Detected pause in JVM or host machine approximately 0.294s with 0.758s GC time.
GC pool 'PS MarkSweep' had collection(s): count=1 time=380ms
GC pool 'PS Scavenge' had collection(s): count=1 time=378ms
2023-05-17 09:09:09,951 [JvmPauseMonitor3] WARN  util.JvmPauseMonitor (JvmPauseMonitor.java:detectPause(124)) - JvmPauseMonitor-8889e818-58f8-49f9-ac5f-461eb7b79d1e: Detected pause in JVM or host machine approximately 0.298s with 0.758s GC time.
GC pool 'PS MarkSweep' had collection(s): count=1 time=380ms
GC pool 'PS Scavenge' had collection(s): count=1 time=378ms
2023-05-17 09:09:09,952 [JvmPauseMonitor11] WARN  util.JvmPauseMonitor (JvmPauseMonitor.java:detectPause(124)) - JvmPauseMonitor-f1b6f36b-e7af-48b8-b739-38f78676889c: Detected pause in JVM or host machine approximately 0.299s with 0.758s GC time.
GC pool 'PS MarkSweep' had collection(s): count=1 time=380ms
GC pool 'PS Scavenge' had collection(s): count=1 time=378ms
2023-05-17 09:09:09,952 [JvmPauseMonitor1] WARN  util.JvmPauseMonitor (JvmPauseMonitor.java:detectPause(124)) - JvmPauseMonitor-b2525f4f-bdf5-4dd0-b826-cbccdc8ecebe: Detected pause in JVM or host machine approximately 0.302s with 0.758s GC time.
GC pool 'PS MarkSweep' had collection(s): count=1 time=380ms
GC pool 'PS Scavenge' had collection(s): count=1 time=378ms
2023-05-17 09:09:09,953 [JvmPauseMonitor2] WARN  util.JvmPauseMonitor (JvmPauseMonitor.java:detectPause(124)) - JvmPauseMonitor-67f04e2a-34cd-4ea0-b74b-c8cb5d6f4ea5: Detected pause in JVM or host machine approximately 0.302s with 0.758s GC time.
GC pool 'PS MarkSweep' had collection(s): count=1 time=380ms
GC pool 'PS Scavenge' had collection(s): count=1 time=378ms
2023-05-17 09:09:09,953 [JvmPauseMonitor5] WARN  util.JvmPauseMonitor (JvmPauseMonitor.java:detectPause(124)) - JvmPauseMonitor-b98521b2-5644-4aab-8244-d2e66a88cd45: Detected pause in JVM or host machine approximately 0.302s with 0.758s GC time.
GC pool 'PS MarkSweep' had collection(s): count=1 time=380ms
GC pool 'PS Scavenge' had collection(s): count=1 time=378ms
2023-05-17 09:09:09,953 [JvmPauseMonitor10] WARN  util.JvmPauseMonitor (JvmPauseMonitor.java:detectPause(124)) - JvmPauseMonitor-a82ad0ea-641b-4ac2-b933-a1a26b5fe742: Detected pause in JVM or host machine approximately 0.303s with 0.758s GC time.
GC pool 'PS MarkSweep' had collection(s): count=1 time=380ms
GC pool 'PS Scavenge' had collection(s): count=1 time=378ms
2023-05-17 09:09:09,954 [JvmPauseMonitor9] WARN  util.JvmPauseMonitor (JvmPauseMonitor.java:detectPause(124)) - JvmPauseMonitor-5b9fa8c3-08c3-43f9-b175-3119fbbe3900: Detected pause in JVM or host machine approximately 0.724s with 0.758s GC time.
GC pool 'PS MarkSweep' had collection(s): count=1 time=380ms
GC pool 'PS Scavenge' had collection(s): count=1 time=378ms
2023-05-17 09:09:09,967 [5b9fa8c3-08c3-43f9-b175-3119fbbe3900-groupManagement] INFO  server.RaftServerConfigKeys (ConfUtils.java:logGet(46)) - raft.server.log.unsafe-flush.enabled = false (default)
2023-05-17 09:09:09,968 [5b9fa8c3-08c3-43f9-b175-3119fbbe3900-groupManagement] INFO  server.RaftServerConfigKeys (ConfUtils.java:logGet(46)) - raft.server.log.async-flush.enabled = false (default)
2023-05-17 09:09:09,968 [5b9fa8c3-08c3-43f9-b175-3119fbbe3900-groupManagement] INFO  server.RaftServerConfigKeys (ConfUtils.java:logGet(46)) - raft.server.log.statemachine.data.caching.enabled = true (custom)
2023-05-17 09:09:09,968 [5b9fa8c3-08c3-43f9-b175-3119fbbe3900-groupManagement] INFO  segmented.SegmentedRaftLogWorker (SegmentedRaftLogWorker.java:lambda$new$0(135)) - 5b9fa8c3-08c3-43f9-b175-3119fbbe3900@group-F19CF75F4C85-SegmentedRaftLogWorker: flushIndex: setUnconditionally 0 -> -1
2023-05-17 09:09:09,969 [5b9fa8c3-08c3-43f9-b175-3119fbbe3900-groupManagement] INFO  segmented.SegmentedRaftLogWorker (SegmentedRaftLogWorker.java:lambda$new$0(135)) - 5b9fa8c3-08c3-43f9-b175-3119fbbe3900@group-F19CF75F4C85-SegmentedRaftLogWorker: safeCacheEvictIndex: setUnconditionally 0 -> -1
2023-05-17 09:09:09,969 [Command processor thread] INFO  server.RaftServer (RaftServerProxy.java:addNew(98)) - a82ad0ea-641b-4ac2-b933-a1a26b5fe742: addNew group-566D16F8D095:[a82ad0ea-641b-4ac2-b933-a1a26b5fe742|rpc:10.1.0.64:15085|admin:10.1.0.64:15084|client:10.1.0.64:15083|dataStream:10.1.0.64:15086|priority:1|startupRole:FOLLOWER] returns group-566D16F8D095:java.util.concurrent.CompletableFuture@45031726[Not completed]
2023-05-17 09:09:09,970 [Command processor thread] INFO  server.RaftServer (RaftServerProxy.java:addNew(98)) - f1b6f36b-e7af-48b8-b739-38f78676889c: addNew group-B9930BA1EF93:[f1b6f36b-e7af-48b8-b739-38f78676889c|rpc:10.1.0.64:15093|admin:10.1.0.64:15092|client:10.1.0.64:15091|dataStream:10.1.0.64:15094|priority:1|startupRole:FOLLOWER] returns group-B9930BA1EF93:java.util.concurrent.CompletableFuture@741c4c7b[Not completed]
2023-05-17 09:09:09,975 [a82ad0ea-641b-4ac2-b933-a1a26b5fe742-groupManagement] INFO  server.RaftServer$Division (RaftServerImpl.java:<init>(198)) - a82ad0ea-641b-4ac2-b933-a1a26b5fe742: new RaftServerImpl for group-566D16F8D095:[a82ad0ea-641b-4ac2-b933-a1a26b5fe742|rpc:10.1.0.64:15085|admin:10.1.0.64:15084|client:10.1.0.64:15083|dataStream:10.1.0.64:15086|priority:1|startupRole:FOLLOWER] with ContainerStateMachine:uninitialized
2023-05-17 09:09:09,975 [a82ad0ea-641b-4ac2-b933-a1a26b5fe742-groupManagement] INFO  server.RaftServerConfigKeys (ConfUtils.java:logGet(46)) - raft.server.rpc.timeout.min = 5s (custom)
2023-05-17 09:09:09,975 [a82ad0ea-641b-4ac2-b933-a1a26b5fe742-groupManagement] INFO  server.RaftServerConfigKeys (ConfUtils.java:logGet(46)) - raft.server.rpc.timeout.max = 5200ms (custom)
2023-05-17 09:09:09,975 [a82ad0ea-641b-4ac2-b933-a1a26b5fe742-groupManagement] INFO  server.RaftServerConfigKeys (ConfUtils.java:logGet(46)) - raft.server.rpc.sleep.time = 25ms (default)
2023-05-17 09:09:09,975 [a82ad0ea-641b-4ac2-b933-a1a26b5fe742-groupManagement] INFO  server.RaftServerConfigKeys (ConfUtils.java:logGet(46)) - raft.server.rpc.slowness.timeout = 300s (custom)
2023-05-17 09:09:09,975 [a82ad0ea-641b-4ac2-b933-a1a26b5fe742-groupManagement] INFO  server.RaftServerConfigKeys (ConfUtils.java:logGet(46)) - raft.server.leaderelection.leader.step-down.wait-time = 10s (default)
2023-05-17 09:09:09,975 [a82ad0ea-641b-4ac2-b933-a1a26b5fe742-groupManagement] INFO  server.RaftServerConfigKeys (ConfUtils.java:logGet(46)) - raft.server.sleep.deviation.threshold = 300ms (default)
2023-05-17 09:09:09,976 [a82ad0ea-641b-4ac2-b933-a1a26b5fe742-groupManagement] INFO  server.RaftServer$Division (ServerState.java:<init>(120)) - a82ad0ea-641b-4ac2-b933-a1a26b5fe742@group-566D16F8D095: ConfigurationManager, init=-1: peers:[a82ad0ea-641b-4ac2-b933-a1a26b5fe742|rpc:10.1.0.64:15085|admin:10.1.0.64:15084|client:10.1.0.64:15083|dataStream:10.1.0.64:15086|priority:1|startupRole:FOLLOWER]|listeners:[], old=null, confs=<EMPTY_MAP>
2023-05-17 09:09:09,976 [a82ad0ea-641b-4ac2-b933-a1a26b5fe742-groupManagement] INFO  server.RaftServerConfigKeys (ConfUtils.java:logGet(46)) - raft.server.storage.dir = [/home/runner/work/ozone/ozone/hadoop-ozone/integration-test/target/test-dir/MiniOzoneClusterImpl-21d14123-a168-44a2-bc0a-ee93e32dcc9b/datanode-9/data/ratis] (custom)
2023-05-17 09:09:09,979 [5b9fa8c3-08c3-43f9-b175-3119fbbe3900-groupManagement] INFO  server.RaftServer$Division (RaftServerImpl.java:start(342)) - 5b9fa8c3-08c3-43f9-b175-3119fbbe3900@group-F19CF75F4C85: start as a follower, conf=-1: peers:[5b9fa8c3-08c3-43f9-b175-3119fbbe3900|rpc:10.1.0.64:15077|admin:10.1.0.64:15076|client:10.1.0.64:15075|dataStream:10.1.0.64:15078|priority:1|startupRole:FOLLOWER, 5b9af961-56be-4fa8-844e-3cefe1429416|rpc:10.1.0.64:15069|admin:10.1.0.64:15068|client:10.1.0.64:15067|dataStream:10.1.0.64:15070|priority:0|startupRole:FOLLOWER, bcbacd9a-ca93-42dd-bb1e-f9c21d91cd60|rpc:10.1.0.64:15061|admin:10.1.0.64:15060|client:10.1.0.64:15059|dataStream:10.1.0.64:15062|priority:0|startupRole:FOLLOWER]|listeners:[], old=null
2023-05-17 09:09:09,980 [5b9fa8c3-08c3-43f9-b175-3119fbbe3900-groupManagement] INFO  server.RaftServer$Division (RaftServerImpl.java:setRole(329)) - 5b9fa8c3-08c3-43f9-b175-3119fbbe3900@group-F19CF75F4C85: changes role from      null to FOLLOWER at term 0 for startAsFollower
2023-05-17 09:09:09,980 [5b9fa8c3-08c3-43f9-b175-3119fbbe3900-groupManagement] INFO  impl.RoleInfo (RoleInfo.java:updateAndGet(139)) - 5b9fa8c3-08c3-43f9-b175-3119fbbe3900: start 5b9fa8c3-08c3-43f9-b175-3119fbbe3900@group-F19CF75F4C85-FollowerState
2023-05-17 09:09:09,980 [5b9fa8c3-08c3-43f9-b175-3119fbbe3900-groupManagement] INFO  util.JmxRegister (JmxRegister.java:tryRegister(44)) - Successfully registered JMX Bean with object name Ratis:service=RaftServer,group=group-F19CF75F4C85,id=5b9fa8c3-08c3-43f9-b175-3119fbbe3900
2023-05-17 09:09:09,980 [5b9fa8c3-08c3-43f9-b175-3119fbbe3900@group-F19CF75F4C85-FollowerState] INFO  server.RaftServerConfigKeys (ConfUtils.java:logFallback(53)) - raft.server.rpc.first-election.timeout.min = 5s (fallback to raft.server.rpc.timeout.min)
2023-05-17 09:09:09,980 [5b9fa8c3-08c3-43f9-b175-3119fbbe3900-groupManagement] INFO  server.RaftServerConfigKeys (ConfUtils.java:logGet(46)) - raft.server.snapshot.auto.trigger.enabled = true (custom)
2023-05-17 09:09:09,980 [5b9fa8c3-08c3-43f9-b175-3119fbbe3900@group-F19CF75F4C85-FollowerState] INFO  server.RaftServerConfigKeys (ConfUtils.java:logFallback(53)) - raft.server.rpc.first-election.timeout.max = 5200ms (fallback to raft.server.rpc.timeout.max)
2023-05-17 09:09:09,981 [a82ad0ea-641b-4ac2-b933-a1a26b5fe742-groupManagement] INFO  server.RaftServerConfigKeys (ConfUtils.java:logGet(46)) - raft.server.log.corruption.policy = EXCEPTION (default)
2023-05-17 09:09:09,981 [a82ad0ea-641b-4ac2-b933-a1a26b5fe742-groupManagement] INFO  server.RaftServerConfigKeys (ConfUtils.java:logGet(46)) - raft.server.storage.free-space.min = 0MB (=0) (default)
2023-05-17 09:09:09,981 [a82ad0ea-641b-4ac2-b933-a1a26b5fe742-groupManagement] INFO  server.RaftServerConfigKeys (ConfUtils.java:logGet(46)) - raft.server.notification.no-leader.timeout = 300s (custom)
2023-05-17 09:09:09,981 [a82ad0ea-641b-4ac2-b933-a1a26b5fe742-groupManagement] INFO  server.RaftServerConfigKeys (ConfUtils.java:logGet(46)) - raft.server.read.timeout = 10s (default)
2023-05-17 09:09:09,981 [a82ad0ea-641b-4ac2-b933-a1a26b5fe742-groupManagement] INFO  server.RaftServerConfigKeys (ConfUtils.java:logGet(46)) - raft.server.retrycache.expirytime = 600000ms (custom)
2023-05-17 09:09:09,981 [a82ad0ea-641b-4ac2-b933-a1a26b5fe742-groupManagement] INFO  server.RaftServerConfigKeys (ConfUtils.java:logGet(46)) - raft.server.retrycache.statistics.expirytime = 100μs (default)
2023-05-17 09:09:09,981 [a82ad0ea-641b-4ac2-b933-a1a26b5fe742-groupManagement] INFO  server.RaftServerConfigKeys (ConfUtils.java:logGet(46)) - raft.server.read.option = DEFAULT (default)
2023-05-17 09:09:09,982 [a82ad0ea-641b-4ac2-b933-a1a26b5fe742-groupManagement] INFO  server.RaftServerConfigKeys (ConfUtils.java:logGet(46)) - raft.server.rpc.request.timeout = 60s (custom)
2023-05-17 09:09:09,983 [a82ad0ea-641b-4ac2-b933-a1a26b5fe742-groupManagement] INFO  server.RaftServerConfigKeys (ConfUtils.java:logGet(46)) - raft.server.log.appender.install.snapshot.enabled = false (custom)
2023-05-17 09:09:09,983 [a82ad0ea-641b-4ac2-b933-a1a26b5fe742-groupManagement] INFO  server.RaftServerConfigKeys (ConfUtils.java:logGet(46)) - raft.server.threadpool.server.cached = true (default)
2023-05-17 09:09:09,983 [a82ad0ea-641b-4ac2-b933-a1a26b5fe742-groupManagement] INFO  server.RaftServerConfigKeys (ConfUtils.java:logGet(46)) - raft.server.threadpool.server.size = 0 (default)
2023-05-17 09:09:09,983 [a82ad0ea-641b-4ac2-b933-a1a26b5fe742-groupManagement] INFO  server.RaftServerConfigKeys (ConfUtils.java:logGet(46)) - raft.server.threadpool.client.cached = true (default)
2023-05-17 09:09:09,983 [a82ad0ea-641b-4ac2-b933-a1a26b5fe742-groupManagement] INFO  server.RaftServerConfigKeys (ConfUtils.java:logGet(46)) - raft.server.threadpool.client.size = 0 (default)
2023-05-17 09:09:09,983 [a82ad0ea-641b-4ac2-b933-a1a26b5fe742-groupManagement] INFO  storage.RaftStorageDirectory (RaftStorageDirectoryImpl.java:analyzeStorage(137)) - The storage directory /home/runner/work/ozone/ozone/hadoop-ozone/integration-test/target/test-dir/MiniOzoneClusterImpl-21d14123-a168-44a2-bc0a-ee93e32dcc9b/datanode-9/data/ratis/da127891-4df6-49b5-829d-566d16f8d095 does not exist. Creating ...
2023-05-17 09:09:09,985 [a82ad0ea-641b-4ac2-b933-a1a26b5fe742-groupManagement] INFO  storage.RaftStorageDirectory (RaftStorageDirectoryImpl.java:tryLock(231)) - Lock on /home/runner/work/ozone/ozone/hadoop-ozone/integration-test/target/test-dir/MiniOzoneClusterImpl-21d14123-a168-44a2-bc0a-ee93e32dcc9b/datanode-9/data/ratis/da127891-4df6-49b5-829d-566d16f8d095/in_use.lock acquired by nodename 2768@fv-az41-747
2023-05-17 09:09:09,980 [5b9fa8c3-08c3-43f9-b175-3119fbbe3900-groupManagement] INFO  server.RaftServerConfigKeys (ConfUtils.java:logGet(46)) - raft.server.snapshot.auto.trigger.threshold = 10000 (custom)
2023-05-17 09:09:09,985 [5b9fa8c3-08c3-43f9-b175-3119fbbe3900-groupManagement] INFO  server.RaftServerConfigKeys (ConfUtils.java:logGet(46)) - raft.server.snapshot.retention.file.num = 5 (custom)
2023-05-17 09:09:09,985 [5b9fa8c3-08c3-43f9-b175-3119fbbe3900-groupManagement] INFO  server.RaftServerConfigKeys (ConfUtils.java:logGet(46)) - raft.server.log.purge.upto.snapshot.index = false (default)
2023-05-17 09:09:09,986 [a82ad0ea-641b-4ac2-b933-a1a26b5fe742-groupManagement] INFO  storage.RaftStorage (RaftStorageImpl.java:format(96)) - Storage directory /home/runner/work/ozone/ozone/hadoop-ozone/integration-test/target/test-dir/MiniOzoneClusterImpl-21d14123-a168-44a2-bc0a-ee93e32dcc9b/datanode-9/data/ratis/da127891-4df6-49b5-829d-566d16f8d095 has been successfully formatted.
2023-05-17 09:09:09,986 [5b9fa8c3-08c3-43f9-b175-3119fbbe3900-groupManagement] INFO  storage.RaftStorageDirectory (RaftStorageDirectoryImpl.java:analyzeStorage(137)) - The storage directory /home/runner/work/ozone/ozone/hadoop-ozone/integration-test/target/test-dir/MiniOzoneClusterImpl-21d14123-a168-44a2-bc0a-ee93e32dcc9b/datanode-8/data/ratis/198e1bf6-3ffb-4307-8ad0-a7669f4b16a5 does not exist. Creating ...
2023-05-17 09:09:09,990 [a82ad0ea-641b-4ac2-b933-a1a26b5fe742-groupManagement] INFO  ratis.ContainerStateMachine (ContainerStateMachine.java:loadSnapshot(262)) - group-566D16F8D095: The snapshot info is null. Setting the last applied indexto:(t:0, i:~)
2023-05-17 09:09:09,990 [a82ad0ea-641b-4ac2-b933-a1a26b5fe742-groupManagement] INFO  server.RaftServerConfigKeys (ConfUtils.java:logGet(46)) - raft.server.log.use.memory = false (default)
2023-05-17 09:09:09,990 [a82ad0ea-641b-4ac2-b933-a1a26b5fe742-groupManagement] INFO  server.RaftServerConfigKeys (ConfUtils.java:logGet(46)) - raft.server.log.purge.gap = 1000000 (custom)
2023-05-17 09:09:09,990 [5b9fa8c3-08c3-43f9-b175-3119fbbe3900-groupManagement] INFO  storage.RaftStorageDirectory (RaftStorageDirectoryImpl.java:tryLock(231)) - Lock on /home/runner/work/ozone/ozone/hadoop-ozone/integration-test/target/test-dir/MiniOzoneClusterImpl-21d14123-a168-44a2-bc0a-ee93e32dcc9b/datanode-8/data/ratis/198e1bf6-3ffb-4307-8ad0-a7669f4b16a5/in_use.lock acquired by nodename 2768@fv-az41-747
2023-05-17 09:09:09,990 [a82ad0ea-641b-4ac2-b933-a1a26b5fe742-groupManagement] INFO  server.RaftServerConfigKeys (ConfUtils.java:logGet(46)) - raft.server.log.appender.buffer.byte-limit = 33554432 (custom)
2023-05-17 09:09:09,993 [a82ad0ea-641b-4ac2-b933-a1a26b5fe742-groupManagement] INFO  server.RaftServerConfigKeys (ConfUtils.java:logGet(46)) - raft.server.log.statemachine.data.read.timeout = 1000ms (default)
2023-05-17 09:09:09,993 [a82ad0ea-641b-4ac2-b933-a1a26b5fe742-groupManagement] INFO  server.RaftServerConfigKeys (ConfUtils.java:logGet(46)) - raft.server.log.purge.preservation.log.num = 0 (default)
2023-05-17 09:09:09,993 [a82ad0ea-641b-4ac2-b933-a1a26b5fe742-groupManagement] INFO  server.RaftServerConfigKeys (ConfUtils.java:logGet(46)) - raft.server.log.segment.size.max = 1048576 (custom)
2023-05-17 09:09:09,994 [a82ad0ea-641b-4ac2-b933-a1a26b5fe742-groupManagement] INFO  server.RaftServerConfigKeys (ConfUtils.java:logGet(46)) - raft.server.log.segment.cache.num.max = 2 (custom)
2023-05-17 09:09:09,994 [a82ad0ea-641b-4ac2-b933-a1a26b5fe742-groupManagement] INFO  server.RaftServerConfigKeys (ConfUtils.java:logGet(46)) - raft.server.log.segment.cache.size.max = 200MB (=209715200) (default)
2023-05-17 09:09:09,994 [a82ad0ea-641b-4ac2-b933-a1a26b5fe742-groupManagement] INFO  server.RaftServerConfigKeys (ConfUtils.java:logGet(46)) - raft.server.log.appender.buffer.byte-limit = 33554432 (custom)
2023-05-17 09:09:09,994 [a82ad0ea-641b-4ac2-b933-a1a26b5fe742-groupManagement] INFO  segmented.SegmentedRaftLogWorker (SegmentedRaftLogWorker.java:<init>(188)) - new a82ad0ea-641b-4ac2-b933-a1a26b5fe742@group-566D16F8D095-SegmentedRaftLogWorker for RaftStorageImpl:Storage Directory /home/runner/work/ozone/ozone/hadoop-ozone/integration-test/target/test-dir/MiniOzoneClusterImpl-21d14123-a168-44a2-bc0a-ee93e32dcc9b/datanode-9/data/ratis/da127891-4df6-49b5-829d-566d16f8d095
2023-05-17 09:09:09,994 [a82ad0ea-641b-4ac2-b933-a1a26b5fe742-groupManagement] INFO  server.RaftServerConfigKeys (ConfUtils.java:logGet(46)) - raft.server.log.queue.byte-limit = 4294967296 (custom)
2023-05-17 09:09:09,994 [a82ad0ea-641b-4ac2-b933-a1a26b5fe742-groupManagement] INFO  server.RaftServerConfigKeys (ConfUtils.java:logGet(46)) - raft.server.log.queue.element-limit = 1024 (custom)
2023-05-17 09:09:09,994 [a82ad0ea-641b-4ac2-b933-a1a26b5fe742-groupManagement] INFO  server.RaftServerConfigKeys (ConfUtils.java:logGet(46)) - raft.server.log.segment.size.max = 1048576 (custom)
2023-05-17 09:09:09,994 [a82ad0ea-641b-4ac2-b933-a1a26b5fe742-groupManagement] INFO  server.RaftServerConfigKeys (ConfUtils.java:logGet(46)) - raft.server.log.preallocated.size = 16384 (custom)
2023-05-17 09:09:09,994 [a82ad0ea-641b-4ac2-b933-a1a26b5fe742-groupManagement] INFO  server.RaftServerConfigKeys (ConfUtils.java:logGet(46)) - raft.server.log.force.sync.num = 128 (default)
2023-05-17 09:09:09,994 [a82ad0ea-641b-4ac2-b933-a1a26b5fe742-groupManagement] INFO  server.RaftServerConfigKeys (ConfUtils.java:logGet(46)) - raft.server.log.statemachine.data.sync = true (default)
2023-05-17 09:09:09,994 [a82ad0ea-641b-4ac2-b933-a1a26b5fe742-groupManagement] INFO  server.RaftServerConfigKeys (ConfUtils.java:logGet(46)) - raft.server.log.statemachine.data.sync.timeout = 10s (default)
2023-05-17 09:09:09,994 [a82ad0ea-641b-4ac2-b933-a1a26b5fe742-groupManagement] INFO  server.RaftServerConfigKeys (ConfUtils.java:logGet(46)) - raft.server.log.statemachine.data.sync.timeout.retry = -1 (default)
2023-05-17 09:09:09,995 [EventQueue-PipelineReportForPipelineReportHandler] INFO  pipeline.PipelineManagerImpl (PipelineManagerImpl.java:openPipeline(367)) - Pipeline Pipeline[ Id: da127891-4df6-49b5-829d-566d16f8d095, Nodes: a82ad0ea-641b-4ac2-b933-a1a26b5fe742(fv-az41-747.zje5jq5y5x4uznwvdkgxk4wc2h.cx.internal.cloudapp.net/10.1.0.64), ReplicationConfig: RATIS/ONE, State:ALLOCATED, leaderId:a82ad0ea-641b-4ac2-b933-a1a26b5fe742, CreationTimestamp2023-05-17T09:09:06.597Z[Etc/UTC]] moved to OPEN state
2023-05-17 09:09:09,995 [a82ad0ea-641b-4ac2-b933-a1a26b5fe742-groupManagement] INFO  server.RaftServerConfigKeys (ConfUtils.java:logGet(46)) - raft.server.log.write.buffer.size = 1048576 (custom)
2023-05-17 09:09:09,996 [EventQueue-OpenPipelineForHealthyPipelineSafeModeRule] INFO  safemode.SCMSafeModeManager (HealthyPipelineSafeModeRule.java:process(137)) - SCM in safe mode. Healthy pipelines reported count is 0, required healthy pipeline reported count is 1
2023-05-17 09:09:09,996 [a82ad0ea-641b-4ac2-b933-a1a26b5fe742-groupManagement] INFO  server.RaftServerConfigKeys (ConfUtils.java:logGet(46)) - raft.server.log.appender.buffer.byte-limit = 33554432 (custom)
2023-05-17 09:09:09,997 [5b9fa8c3-08c3-43f9-b175-3119fbbe3900-groupManagement] INFO  storage.RaftStorage (RaftStorageImpl.java:format(96)) - Storage directory /home/runner/work/ozone/ozone/hadoop-ozone/integration-test/target/test-dir/MiniOzoneClusterImpl-21d14123-a168-44a2-bc0a-ee93e32dcc9b/datanode-8/data/ratis/198e1bf6-3ffb-4307-8ad0-a7669f4b16a5 has been successfully formatted.
2023-05-17 09:09:09,999 [EventQueue-PipelineReportForPipelineReportHandler] INFO  pipeline.PipelineManagerImpl (PipelineManagerImpl.java:openPipeline(367)) - Pipeline Pipeline[ Id: b0bff6a4-6f25-4e85-bba4-4902c97a15d4, Nodes: 5b9fa8c3-08c3-43f9-b175-3119fbbe3900(fv-az41-747.zje5jq5y5x4uznwvdkgxk4wc2h.cx.internal.cloudapp.net/10.1.0.64), ReplicationConfig: RATIS/ONE, State:ALLOCATED, leaderId:5b9fa8c3-08c3-43f9-b175-3119fbbe3900, CreationTimestamp2023-05-17T09:09:06.181Z[Etc/UTC]] moved to OPEN state
2023-05-17 09:09:09,999 [EventQueue-OpenPipelineForHealthyPipelineSafeModeRule] INFO  safemode.SCMSafeModeManager (HealthyPipelineSafeModeRule.java:process(137)) - SCM in safe mode. Healthy pipelines reported count is 0, required healthy pipeline reported count is 1
2023-05-17 09:09:09,999 [5b9fa8c3-08c3-43f9-b175-3119fbbe3900-groupManagement] INFO  ratis.ContainerStateMachine (ContainerStateMachine.java:loadSnapshot(262)) - group-A7669F4B16A5: The snapshot info is null. Setting the last applied indexto:(t:0, i:~)
2023-05-17 09:09:10,000 [5b9fa8c3-08c3-43f9-b175-3119fbbe3900-groupManagement] INFO  server.RaftServerConfigKeys (ConfUtils.java:logGet(46)) - raft.server.log.use.memory = false (default)
2023-05-17 09:09:10,000 [5b9fa8c3-08c3-43f9-b175-3119fbbe3900-groupManagement] INFO  server.RaftServerConfigKeys (ConfUtils.java:logGet(46)) - raft.server.log.purge.gap = 1000000 (custom)
2023-05-17 09:09:10,000 [5b9fa8c3-08c3-43f9-b175-3119fbbe3900-groupManagement] INFO  server.RaftServerConfigKeys (ConfUtils.java:logGet(46)) - raft.server.log.appender.buffer.byte-limit = 33554432 (custom)
2023-05-17 09:09:10,000 [5b9fa8c3-08c3-43f9-b175-3119fbbe3900-groupManagement] INFO  server.RaftServerConfigKeys (ConfUtils.java:logGet(46)) - raft.server.log.statemachine.data.read.timeout = 1000ms (default)
2023-05-17 09:09:10,000 [5b9fa8c3-08c3-43f9-b175-3119fbbe3900-groupManagement] INFO  server.RaftServerConfigKeys (ConfUtils.java:logGet(46)) - raft.server.log.purge.preservation.log.num = 0 (default)
2023-05-17 09:09:10,000 [5b9fa8c3-08c3-43f9-b175-3119fbbe3900-groupManagement] INFO  server.RaftServerConfigKeys (ConfUtils.java:logGet(46)) - raft.server.log.segment.size.max = 1048576 (custom)
2023-05-17 09:09:10,000 [f1b6f36b-e7af-48b8-b739-38f78676889c-groupManagement] INFO  server.RaftServer$Division (RaftServerImpl.java:<init>(198)) - f1b6f36b-e7af-48b8-b739-38f78676889c: new RaftServerImpl for group-B9930BA1EF93:[f1b6f36b-e7af-48b8-b739-38f78676889c|rpc:10.1.0.64:15093|admin:10.1.0.64:15092|client:10.1.0.64:15091|dataStream:10.1.0.64:15094|priority:1|startupRole:FOLLOWER] with ContainerStateMachine:uninitialized
2023-05-17 09:09:10,001 [f1b6f36b-e7af-48b8-b739-38f78676889c-groupManagement] INFO  server.RaftServerConfigKeys (ConfUtils.java:logGet(46)) - raft.server.rpc.timeout.min = 5s (custom)
2023-05-17 09:09:10,001 [f1b6f36b-e7af-48b8-b739-38f78676889c-groupManagement] INFO  server.RaftServerConfigKeys (ConfUtils.java:logGet(46)) - raft.server.rpc.timeout.max = 5200ms (custom)
2023-05-17 09:09:10,001 [f1b6f36b-e7af-48b8-b739-38f78676889c-groupManagement] INFO  server.RaftServerConfigKeys (ConfUtils.java:logGet(46)) - raft.server.rpc.sleep.time = 25ms (default)
2023-05-17 09:09:10,001 [f1b6f36b-e7af-48b8-b739-38f78676889c-groupManagement] INFO  server.RaftServerConfigKeys (ConfUtils.java:logGet(46)) - raft.server.rpc.slowness.timeout = 300s (custom)
2023-05-17 09:09:10,001 [f1b6f36b-e7af-48b8-b739-38f78676889c-groupManagement] INFO  server.RaftServerConfigKeys (ConfUtils.java:logGet(46)) - raft.server.leaderelection.leader.step-down.wait-time = 10s (default)
2023-05-17 09:09:10,001 [f1b6f36b-e7af-48b8-b739-38f78676889c-groupManagement] INFO  server.RaftServerConfigKeys (ConfUtils.java:logGet(46)) - raft.server.sleep.deviation.threshold = 300ms (default)
2023-05-17 09:09:10,001 [f1b6f36b-e7af-48b8-b739-38f78676889c-groupManagement] INFO  server.RaftServer$Division (ServerState.java:<init>(120)) - f1b6f36b-e7af-48b8-b739-38f78676889c@group-B9930BA1EF93: ConfigurationManager, init=-1: peers:[f1b6f36b-e7af-48b8-b739-38f78676889c|rpc:10.1.0.64:15093|admin:10.1.0.64:15092|client:10.1.0.64:15091|dataStream:10.1.0.64:15094|priority:1|startupRole:FOLLOWER]|listeners:[], old=null, confs=<EMPTY_MAP>
2023-05-17 09:09:10,001 [f1b6f36b-e7af-48b8-b739-38f78676889c-groupManagement] INFO  server.RaftServerConfigKeys (ConfUtils.java:logGet(46)) - raft.server.storage.dir = [/home/runner/work/ozone/ozone/hadoop-ozone/integration-test/target/test-dir/MiniOzoneClusterImpl-21d14123-a168-44a2-bc0a-ee93e32dcc9b/datanode-10/data/ratis] (custom)
2023-05-17 09:09:10,002 [f1b6f36b-e7af-48b8-b739-38f78676889c-groupManagement] INFO  server.RaftServerConfigKeys (ConfUtils.java:logGet(46)) - raft.server.log.corruption.policy = EXCEPTION (default)
2023-05-17 09:09:10,002 [f1b6f36b-e7af-48b8-b739-38f78676889c-groupManagement] INFO  server.RaftServerConfigKeys (ConfUtils.java:logGet(46)) - raft.server.storage.free-space.min = 0MB (=0) (default)
2023-05-17 09:09:10,002 [f1b6f36b-e7af-48b8-b739-38f78676889c-groupManagement] INFO  server.RaftServerConfigKeys (ConfUtils.java:logGet(46)) - raft.server.notification.no-leader.timeout = 300s (custom)
2023-05-17 09:09:10,002 [5b9fa8c3-08c3-43f9-b175-3119fbbe3900-groupManagement] INFO  server.RaftServerConfigKeys (ConfUtils.java:logGet(46)) - raft.server.log.segment.cache.num.max = 2 (custom)
2023-05-17 09:09:10,002 [5b9fa8c3-08c3-43f9-b175-3119fbbe3900-groupManagement] INFO  server.RaftServerConfigKeys (ConfUtils.java:logGet(46)) - raft.server.log.segment.cache.size.max = 200MB (=209715200) (default)
2023-05-17 09:09:10,002 [5b9fa8c3-08c3-43f9-b175-3119fbbe3900-groupManagement] INFO  server.RaftServerConfigKeys (ConfUtils.java:logGet(46)) - raft.server.log.appender.buffer.byte-limit = 33554432 (custom)
2023-05-17 09:09:10,002 [5b9fa8c3-08c3-43f9-b175-3119fbbe3900-groupManagement] INFO  segmented.SegmentedRaftLogWorker (SegmentedRaftLogWorker.java:<init>(188)) - new 5b9fa8c3-08c3-43f9-b175-3119fbbe3900@group-A7669F4B16A5-SegmentedRaftLogWorker for RaftStorageImpl:Storage Directory /home/runner/work/ozone/ozone/hadoop-ozone/integration-test/target/test-dir/MiniOzoneClusterImpl-21d14123-a168-44a2-bc0a-ee93e32dcc9b/datanode-8/data/ratis/198e1bf6-3ffb-4307-8ad0-a7669f4b16a5
2023-05-17 09:09:10,002 [5b9fa8c3-08c3-43f9-b175-3119fbbe3900-groupManagement] INFO  server.RaftServerConfigKeys (ConfUtils.java:logGet(46)) - raft.server.log.queue.byte-limit = 4294967296 (custom)
2023-05-17 09:09:10,002 [5b9fa8c3-08c3-43f9-b175-3119fbbe3900-groupManagement] INFO  server.RaftServerConfigKeys (ConfUtils.java:logGet(46)) - raft.server.log.queue.element-limit = 1024 (custom)
2023-05-17 09:09:10,002 [5b9fa8c3-08c3-43f9-b175-3119fbbe3900-groupManagement] INFO  server.RaftServerConfigKeys (ConfUtils.java:logGet(46)) - raft.server.log.segment.size.max = 1048576 (custom)
2023-05-17 09:09:10,002 [5b9fa8c3-08c3-43f9-b175-3119fbbe3900-groupManagement] INFO  server.RaftServerConfigKeys (ConfUtils.java:logGet(46)) - raft.server.log.preallocated.size = 16384 (custom)
2023-05-17 09:09:10,002 [5b9fa8c3-08c3-43f9-b175-3119fbbe3900-groupManagement] INFO  server.RaftServerConfigKeys (ConfUtils.java:logGet(46)) - raft.server.log.force.sync.num = 128 (default)
2023-05-17 09:09:10,002 [5b9fa8c3-08c3-43f9-b175-3119fbbe3900-groupManagement] INFO  server.RaftServerConfigKeys (ConfUtils.java:logGet(46)) - raft.server.log.statemachine.data.sync = true (default)
2023-05-17 09:09:10,002 [5b9fa8c3-08c3-43f9-b175-3119fbbe3900-groupManagement] INFO  server.RaftServerConfigKeys (ConfUtils.java:logGet(46)) - raft.server.log.statemachine.data.sync.timeout = 10s (default)
2023-05-17 09:09:10,002 [5b9fa8c3-08c3-43f9-b175-3119fbbe3900-groupManagement] INFO  server.RaftServerConfigKeys (ConfUtils.java:logGet(46)) - raft.server.log.statemachine.data.sync.timeout.retry = -1 (default)
2023-05-17 09:09:10,002 [f1b6f36b-e7af-48b8-b739-38f78676889c-groupManagement] INFO  server.RaftServerConfigKeys (ConfUtils.java:logGet(46)) - raft.server.read.timeout = 10s (default)
2023-05-17 09:09:10,002 [f1b6f36b-e7af-48b8-b739-38f78676889c-groupManagement] INFO  server.RaftServerConfigKeys (ConfUtils.java:logGet(46)) - raft.server.retrycache.expirytime = 600000ms (custom)
2023-05-17 09:09:10,002 [f1b6f36b-e7af-48b8-b739-38f78676889c-groupManagement] INFO  server.RaftServerConfigKeys (ConfUtils.java:logGet(46)) - raft.server.retrycache.statistics.expirytime = 100μs (default)
2023-05-17 09:09:10,002 [f1b6f36b-e7af-48b8-b739-38f78676889c-groupManagement] INFO  server.RaftServerConfigKeys (ConfUtils.java:logGet(46)) - raft.server.read.option = DEFAULT (default)
2023-05-17 09:09:10,003 [a82ad0ea-641b-4ac2-b933-a1a26b5fe742-groupManagement] INFO  server.RaftServerConfigKeys (ConfUtils.java:logGet(46)) - raft.server.log.unsafe-flush.enabled = false (default)
2023-05-17 09:09:10,003 [a82ad0ea-641b-4ac2-b933-a1a26b5fe742-groupManagement] INFO  server.RaftServerConfigKeys (ConfUtils.java:logGet(46)) - raft.server.log.async-flush.enabled = false (default)
2023-05-17 09:09:10,003 [a82ad0ea-641b-4ac2-b933-a1a26b5fe742-groupManagement] INFO  server.RaftServerConfigKeys (ConfUtils.java:logGet(46)) - raft.server.log.statemachine.data.caching.enabled = true (custom)
2023-05-17 09:09:10,003 [a82ad0ea-641b-4ac2-b933-a1a26b5fe742-groupManagement] INFO  segmented.SegmentedRaftLogWorker (SegmentedRaftLogWorker.java:lambda$new$0(135)) - a82ad0ea-641b-4ac2-b933-a1a26b5fe742@group-566D16F8D095-SegmentedRaftLogWorker: flushIndex: setUnconditionally 0 -> -1
2023-05-17 09:09:10,003 [a82ad0ea-641b-4ac2-b933-a1a26b5fe742-groupManagement] INFO  segmented.SegmentedRaftLogWorker (SegmentedRaftLogWorker.java:lambda$new$0(135)) - a82ad0ea-641b-4ac2-b933-a1a26b5fe742@group-566D16F8D095-SegmentedRaftLogWorker: safeCacheEvictIndex: setUnconditionally 0 -> -1
2023-05-17 09:09:10,004 [a82ad0ea-641b-4ac2-b933-a1a26b5fe742-groupManagement] INFO  server.RaftServer$Division (RaftServerImpl.java:start(342)) - a82ad0ea-641b-4ac2-b933-a1a26b5fe742@group-566D16F8D095: start as a follower, conf=-1: peers:[a82ad0ea-641b-4ac2-b933-a1a26b5fe742|rpc:10.1.0.64:15085|admin:10.1.0.64:15084|client:10.1.0.64:15083|dataStream:10.1.0.64:15086|priority:1|startupRole:FOLLOWER]|listeners:[], old=null
2023-05-17 09:09:10,004 [a82ad0ea-641b-4ac2-b933-a1a26b5fe742-groupManagement] INFO  server.RaftServer$Division (RaftServerImpl.java:setRole(329)) - a82ad0ea-641b-4ac2-b933-a1a26b5fe742@group-566D16F8D095: changes role from      null to FOLLOWER at term 0 for startAsFollower
2023-05-17 09:09:10,004 [a82ad0ea-641b-4ac2-b933-a1a26b5fe742-groupManagement] INFO  impl.RoleInfo (RoleInfo.java:updateAndGet(139)) - a82ad0ea-641b-4ac2-b933-a1a26b5fe742: start a82ad0ea-641b-4ac2-b933-a1a26b5fe742@group-566D16F8D095-FollowerState
2023-05-17 09:09:10,008 [a82ad0ea-641b-4ac2-b933-a1a26b5fe742@group-566D16F8D095-FollowerState] INFO  server.RaftServerConfigKeys (ConfUtils.java:logFallback(53)) - raft.server.rpc.first-election.timeout.min = 5s (fallback to raft.server.rpc.timeout.min)
2023-05-17 09:09:10,008 [a82ad0ea-641b-4ac2-b933-a1a26b5fe742@group-566D16F8D095-FollowerState] INFO  server.RaftServerConfigKeys (ConfUtils.java:logFallback(53)) - raft.server.rpc.first-election.timeout.max = 5200ms (fallback to raft.server.rpc.timeout.max)
2023-05-17 09:09:10,009 [a82ad0ea-641b-4ac2-b933-a1a26b5fe742-groupManagement] INFO  util.JmxRegister (JmxRegister.java:tryRegister(44)) - Successfully registered JMX Bean with object name Ratis:service=RaftServer,group=group-566D16F8D095,id=a82ad0ea-641b-4ac2-b933-a1a26b5fe742
2023-05-17 09:09:10,009 [a82ad0ea-641b-4ac2-b933-a1a26b5fe742-groupManagement] INFO  server.RaftServerConfigKeys (ConfUtils.java:logGet(46)) - raft.server.snapshot.auto.trigger.enabled = true (custom)
2023-05-17 09:09:10,009 [a82ad0ea-641b-4ac2-b933-a1a26b5fe742-groupManagement] INFO  server.RaftServerConfigKeys (ConfUtils.java:logGet(46)) - raft.server.snapshot.auto.trigger.threshold = 10000 (custom)
2023-05-17 09:09:10,009 [a82ad0ea-641b-4ac2-b933-a1a26b5fe742-groupManagement] INFO  server.RaftServerConfigKeys (ConfUtils.java:logGet(46)) - raft.server.snapshot.retention.file.num = 5 (custom)
2023-05-17 09:09:10,009 [a82ad0ea-641b-4ac2-b933-a1a26b5fe742-groupManagement] INFO  server.RaftServerConfigKeys (ConfUtils.java:logGet(46)) - raft.server.log.purge.upto.snapshot.index = false (default)
2023-05-17 09:09:10,012 [Command processor thread] INFO  ratis.XceiverServerRatis (XceiverServerRatis.java:addGroup(806)) - Created group PipelineID=da127891-4df6-49b5-829d-566d16f8d095
2023-05-17 09:09:10,012 [Command processor thread] INFO  commandhandler.CreatePipelineCommandHandler (CreatePipelineCommandHandler.java:handle(113)) - Created Pipeline RATIS ONE PipelineID=da127891-4df6-49b5-829d-566d16f8d095.
2023-05-17 09:09:10,012 [Command processor thread] INFO  server.RaftServer (RaftServerProxy.java:addNew(98)) - a82ad0ea-641b-4ac2-b933-a1a26b5fe742: addNew group-E694C42C06C7:[4ea9b805-d843-4364-8f91-0c3c20e3ed71|rpc:10.1.0.64:15101|admin:10.1.0.64:15100|client:10.1.0.64:15099|dataStream:10.1.0.64:15102|priority:1|startupRole:FOLLOWER, f1b6f36b-e7af-48b8-b739-38f78676889c|rpc:10.1.0.64:15093|admin:10.1.0.64:15092|client:10.1.0.64:15091|dataStream:10.1.0.64:15094|priority:0|startupRole:FOLLOWER, a82ad0ea-641b-4ac2-b933-a1a26b5fe742|rpc:10.1.0.64:15085|admin:10.1.0.64:15084|client:10.1.0.64:15083|dataStream:10.1.0.64:15086|priority:0|startupRole:FOLLOWER] returns group-E694C42C06C7:java.util.concurrent.CompletableFuture@413c8b5e[Not completed]
2023-05-17 09:09:10,013 [a82ad0ea-641b-4ac2-b933-a1a26b5fe742-groupManagement] INFO  server.RaftServer$Division (RaftServerImpl.java:<init>(198)) - a82ad0ea-641b-4ac2-b933-a1a26b5fe742: new RaftServerImpl for group-E694C42C06C7:[4ea9b805-d843-4364-8f91-0c3c20e3ed71|rpc:10.1.0.64:15101|admin:10.1.0.64:15100|client:10.1.0.64:15099|dataStream:10.1.0.64:15102|priority:1|startupRole:FOLLOWER, f1b6f36b-e7af-48b8-b739-38f78676889c|rpc:10.1.0.64:15093|admin:10.1.0.64:15092|client:10.1.0.64:15091|dataStream:10.1.0.64:15094|priority:0|startupRole:FOLLOWER, a82ad0ea-641b-4ac2-b933-a1a26b5fe742|rpc:10.1.0.64:15085|admin:10.1.0.64:15084|client:10.1.0.64:15083|dataStream:10.1.0.64:15086|priority:0|startupRole:FOLLOWER] with ContainerStateMachine:uninitialized
2023-05-17 09:09:10,014 [a82ad0ea-641b-4ac2-b933-a1a26b5fe742-groupManagement] INFO  server.RaftServerConfigKeys (ConfUtils.java:logGet(46)) - raft.server.rpc.timeout.min = 5s (custom)
2023-05-17 09:09:10,014 [a82ad0ea-641b-4ac2-b933-a1a26b5fe742-groupManagement] INFO  server.RaftServerConfigKeys (ConfUtils.java:logGet(46)) - raft.server.rpc.timeout.max = 5200ms (custom)
2023-05-17 09:09:10,014 [a82ad0ea-641b-4ac2-b933-a1a26b5fe742-groupManagement] INFO  server.RaftServerConfigKeys (ConfUtils.java:logGet(46)) - raft.server.rpc.sleep.time = 25ms (default)
2023-05-17 09:09:10,014 [a82ad0ea-641b-4ac2-b933-a1a26b5fe742-groupManagement] INFO  server.RaftServerConfigKeys (ConfUtils.java:logGet(46)) - raft.server.rpc.slowness.timeout = 300s (custom)
2023-05-17 09:09:10,014 [a82ad0ea-641b-4ac2-b933-a1a26b5fe742-groupManagement] INFO  server.RaftServerConfigKeys (ConfUtils.java:logGet(46)) - raft.server.leaderelection.leader.step-down.wait-time = 10s (default)
2023-05-17 09:09:10,014 [a82ad0ea-641b-4ac2-b933-a1a26b5fe742-groupManagement] INFO  server.RaftServerConfigKeys (ConfUtils.java:logGet(46)) - raft.server.sleep.deviation.threshold = 300ms (default)
2023-05-17 09:09:10,014 [a82ad0ea-641b-4ac2-b933-a1a26b5fe742-groupManagement] INFO  server.RaftServer$Division (ServerState.java:<init>(120)) - a82ad0ea-641b-4ac2-b933-a1a26b5fe742@group-E694C42C06C7: ConfigurationManager, init=-1: peers:[4ea9b805-d843-4364-8f91-0c3c20e3ed71|rpc:10.1.0.64:15101|admin:10.1.0.64:15100|client:10.1.0.64:15099|dataStream:10.1.0.64:15102|priority:1|startupRole:FOLLOWER, f1b6f36b-e7af-48b8-b739-38f78676889c|rpc:10.1.0.64:15093|admin:10.1.0.64:15092|client:10.1.0.64:15091|dataStream:10.1.0.64:15094|priority:0|startupRole:FOLLOWER, a82ad0ea-641b-4ac2-b933-a1a26b5fe742|rpc:10.1.0.64:15085|admin:10.1.0.64:15084|client:10.1.0.64:15083|dataStream:10.1.0.64:15086|priority:0|startupRole:FOLLOWER]|listeners:[], old=null, confs=<EMPTY_MAP>
2023-05-17 09:09:10,014 [a82ad0ea-641b-4ac2-b933-a1a26b5fe742-groupManagement] INFO  server.RaftServerConfigKeys (ConfUtils.java:logGet(46)) - raft.server.storage.dir = [/home/runner/work/ozone/ozone/hadoop-ozone/integration-test/target/test-dir/MiniOzoneClusterImpl-21d14123-a168-44a2-bc0a-ee93e32dcc9b/datanode-9/data/ratis] (custom)
2023-05-17 09:09:10,014 [a82ad0ea-641b-4ac2-b933-a1a26b5fe742-groupManagement] INFO  server.RaftServerConfigKeys (ConfUtils.java:logGet(46)) - raft.server.log.corruption.policy = EXCEPTION (default)
2023-05-17 09:09:10,014 [a82ad0ea-641b-4ac2-b933-a1a26b5fe742-groupManagement] INFO  server.RaftServerConfigKeys (ConfUtils.java:logGet(46)) - raft.server.storage.free-space.min = 0MB (=0) (default)
2023-05-17 09:09:10,014 [a82ad0ea-641b-4ac2-b933-a1a26b5fe742-groupManagement] INFO  server.RaftServerConfigKeys (ConfUtils.java:logGet(46)) - raft.server.notification.no-leader.timeout = 300s (custom)
2023-05-17 09:09:10,014 [a82ad0ea-641b-4ac2-b933-a1a26b5fe742-groupManagement] INFO  server.RaftServerConfigKeys (ConfUtils.java:logGet(46)) - raft.server.read.timeout = 10s (default)
2023-05-17 09:09:10,014 [a82ad0ea-641b-4ac2-b933-a1a26b5fe742-groupManagement] INFO  server.RaftServerConfigKeys (ConfUtils.java:logGet(46)) - raft.server.retrycache.expirytime = 600000ms (custom)
2023-05-17 09:09:10,014 [a82ad0ea-641b-4ac2-b933-a1a26b5fe742-groupManagement] INFO  server.RaftServerConfigKeys (ConfUtils.java:logGet(46)) - raft.server.retrycache.statistics.expirytime = 100μs (default)
2023-05-17 09:09:10,015 [a82ad0ea-641b-4ac2-b933-a1a26b5fe742-groupManagement] INFO  server.RaftServerConfigKeys (ConfUtils.java:logGet(46)) - raft.server.read.option = DEFAULT (default)
2023-05-17 09:09:10,017 [5b9fa8c3-08c3-43f9-b175-3119fbbe3900-groupManagement] INFO  server.RaftServerConfigKeys (ConfUtils.java:logGet(46)) - raft.server.log.write.buffer.size = 1048576 (custom)
2023-05-17 09:09:10,018 [f1b6f36b-e7af-48b8-b739-38f78676889c-groupManagement] INFO  server.RaftServerConfigKeys (ConfUtils.java:logGet(46)) - raft.server.rpc.request.timeout = 60s (custom)
2023-05-17 09:09:10,018 [f1b6f36b-e7af-48b8-b739-38f78676889c-groupManagement] INFO  server.RaftServerConfigKeys (ConfUtils.java:logGet(46)) - raft.server.log.appender.install.snapshot.enabled = false (custom)
2023-05-17 09:09:10,018 [f1b6f36b-e7af-48b8-b739-38f78676889c-groupManagement] INFO  server.RaftServerConfigKeys (ConfUtils.java:logGet(46)) - raft.server.threadpool.server.cached = true (default)
2023-05-17 09:09:10,018 [f1b6f36b-e7af-48b8-b739-38f78676889c-groupManagement] INFO  server.RaftServerConfigKeys (ConfUtils.java:logGet(46)) - raft.server.threadpool.server.size = 0 (default)
2023-05-17 09:09:10,018 [f1b6f36b-e7af-48b8-b739-38f78676889c-groupManagement] INFO  server.RaftServerConfigKeys (ConfUtils.java:logGet(46)) - raft.server.threadpool.client.cached = true (default)
2023-05-17 09:09:10,018 [f1b6f36b-e7af-48b8-b739-38f78676889c-groupManagement] INFO  server.RaftServerConfigKeys (ConfUtils.java:logGet(46)) - raft.server.threadpool.client.size = 0 (default)
2023-05-17 09:09:10,018 [f1b6f36b-e7af-48b8-b739-38f78676889c-groupManagement] INFO  storage.RaftStorageDirectory (RaftStorageDirectoryImpl.java:analyzeStorage(137)) - The storage directory /home/runner/work/ozone/ozone/hadoop-ozone/integration-test/target/test-dir/MiniOzoneClusterImpl-21d14123-a168-44a2-bc0a-ee93e32dcc9b/datanode-10/data/ratis/0637c11d-1f02-47ea-8bd1-b9930ba1ef93 does not exist. Creating ...
2023-05-17 09:09:10,018 [5b9fa8c3-08c3-43f9-b175-3119fbbe3900-groupManagement] INFO  server.RaftServerConfigKeys (ConfUtils.java:logGet(46)) - raft.server.log.appender.buffer.byte-limit = 33554432 (custom)
2023-05-17 09:09:10,019 [f1b6f36b-e7af-48b8-b739-38f78676889c-groupManagement] INFO  storage.RaftStorageDirectory (RaftStorageDirectoryImpl.java:tryLock(231)) - Lock on /home/runner/work/ozone/ozone/hadoop-ozone/integration-test/target/test-dir/MiniOzoneClusterImpl-21d14123-a168-44a2-bc0a-ee93e32dcc9b/datanode-10/data/ratis/0637c11d-1f02-47ea-8bd1-b9930ba1ef93/in_use.lock acquired by nodename 2768@fv-az41-747
2023-05-17 09:09:10,021 [f1b6f36b-e7af-48b8-b739-38f78676889c-groupManagement] INFO  storage.RaftStorage (RaftStorageImpl.java:format(96)) - Storage directory /home/runner/work/ozone/ozone/hadoop-ozone/integration-test/target/test-dir/MiniOzoneClusterImpl-21d14123-a168-44a2-bc0a-ee93e32dcc9b/datanode-10/data/ratis/0637c11d-1f02-47ea-8bd1-b9930ba1ef93 has been successfully formatted.
2023-05-17 09:09:10,026 [f1b6f36b-e7af-48b8-b739-38f78676889c-groupManagement] INFO  ratis.ContainerStateMachine (ContainerStateMachine.java:loadSnapshot(262)) - group-B9930BA1EF93: The snapshot info is null. Setting the last applied indexto:(t:0, i:~)
2023-05-17 09:09:10,026 [f1b6f36b-e7af-48b8-b739-38f78676889c-groupManagement] INFO  server.RaftServerConfigKeys (ConfUtils.java:logGet(46)) - raft.server.log.use.memory = false (default)
2023-05-17 09:09:10,026 [f1b6f36b-e7af-48b8-b739-38f78676889c-groupManagement] INFO  server.RaftServerConfigKeys (ConfUtils.java:logGet(46)) - raft.server.log.purge.gap = 1000000 (custom)
2023-05-17 09:09:10,026 [f1b6f36b-e7af-48b8-b739-38f78676889c-groupManagement] INFO  server.RaftServerConfigKeys (ConfUtils.java:logGet(46)) - raft.server.log.appender.buffer.byte-limit = 33554432 (custom)
2023-05-17 09:09:10,026 [f1b6f36b-e7af-48b8-b739-38f78676889c-groupManagement] INFO  server.RaftServerConfigKeys (ConfUtils.java:logGet(46)) - raft.server.log.statemachine.data.read.timeout = 1000ms (default)
2023-05-17 09:09:10,026 [f1b6f36b-e7af-48b8-b739-38f78676889c-groupManagement] INFO  server.RaftServerConfigKeys (ConfUtils.java:logGet(46)) - raft.server.log.purge.preservation.log.num = 0 (default)
2023-05-17 09:09:10,026 [a82ad0ea-641b-4ac2-b933-a1a26b5fe742-groupManagement] INFO  server.RaftServerConfigKeys (ConfUtils.java:logGet(46)) - raft.server.rpc.request.timeout = 60s (custom)
2023-05-17 09:09:10,027 [a82ad0ea-641b-4ac2-b933-a1a26b5fe742-groupManagement] INFO  server.RaftServerConfigKeys (ConfUtils.java:logGet(46)) - raft.server.log.appender.install.snapshot.enabled = false (custom)
2023-05-17 09:09:10,027 [a82ad0ea-641b-4ac2-b933-a1a26b5fe742-groupManagement] INFO  server.RaftServerConfigKeys (ConfUtils.java:logGet(46)) - raft.server.threadpool.server.cached = true (default)
2023-05-17 09:09:10,027 [a82ad0ea-641b-4ac2-b933-a1a26b5fe742-groupManagement] INFO  server.RaftServerConfigKeys (ConfUtils.java:logGet(46)) - raft.server.threadpool.server.size = 0 (default)
2023-05-17 09:09:10,027 [a82ad0ea-641b-4ac2-b933-a1a26b5fe742-groupManagement] INFO  server.RaftServerConfigKeys (ConfUtils.java:logGet(46)) - raft.server.threadpool.client.cached = true (default)
2023-05-17 09:09:10,026 [f1b6f36b-e7af-48b8-b739-38f78676889c-groupManagement] INFO  server.RaftServerConfigKeys (ConfUtils.java:logGet(46)) - raft.server.log.segment.size.max = 1048576 (custom)
2023-05-17 09:09:10,027 [f1b6f36b-e7af-48b8-b739-38f78676889c-groupManagement] INFO  server.RaftServerConfigKeys (ConfUtils.java:logGet(46)) - raft.server.log.segment.cache.num.max = 2 (custom)
2023-05-17 09:09:10,027 [f1b6f36b-e7af-48b8-b739-38f78676889c-groupManagement] INFO  server.RaftServerConfigKeys (ConfUtils.java:logGet(46)) - raft.server.log.segment.cache.size.max = 200MB (=209715200) (default)
2023-05-17 09:09:10,027 [f1b6f36b-e7af-48b8-b739-38f78676889c-groupManagement] INFO  server.RaftServerConfigKeys (ConfUtils.java:logGet(46)) - raft.server.log.appender.buffer.byte-limit = 33554432 (custom)
2023-05-17 09:09:10,027 [f1b6f36b-e7af-48b8-b739-38f78676889c-groupManagement] INFO  segmented.SegmentedRaftLogWorker (SegmentedRaftLogWorker.java:<init>(188)) - new f1b6f36b-e7af-48b8-b739-38f78676889c@group-B9930BA1EF93-SegmentedRaftLogWorker for RaftStorageImpl:Storage Directory /home/runner/work/ozone/ozone/hadoop-ozone/integration-test/target/test-dir/MiniOzoneClusterImpl-21d14123-a168-44a2-bc0a-ee93e32dcc9b/datanode-10/data/ratis/0637c11d-1f02-47ea-8bd1-b9930ba1ef93
2023-05-17 09:09:10,027 [f1b6f36b-e7af-48b8-b739-38f78676889c-groupManagement] INFO  server.RaftServerConfigKeys (ConfUtils.java:logGet(46)) - raft.server.log.queue.byte-limit = 4294967296 (custom)
2023-05-17 09:09:10,028 [f1b6f36b-e7af-48b8-b739-38f78676889c-groupManagement] INFO  server.RaftServerConfigKeys (ConfUtils.java:logGet(46)) - raft.server.log.queue.element-limit = 1024 (custom)
2023-05-17 09:09:10,028 [f1b6f36b-e7af-48b8-b739-38f78676889c-groupManagement] INFO  server.RaftServerConfigKeys (ConfUtils.java:logGet(46)) - raft.server.log.segment.size.max = 1048576 (custom)
2023-05-17 09:09:10,028 [f1b6f36b-e7af-48b8-b739-38f78676889c-groupManagement] INFO  server.RaftServerConfigKeys (ConfUtils.java:logGet(46)) - raft.server.log.preallocated.size = 16384 (custom)
2023-05-17 09:09:10,028 [f1b6f36b-e7af-48b8-b739-38f78676889c-groupManagement] INFO  server.RaftServerConfigKeys (ConfUtils.java:logGet(46)) - raft.server.log.force.sync.num = 128 (default)
2023-05-17 09:09:10,028 [f1b6f36b-e7af-48b8-b739-38f78676889c-groupManagement] INFO  server.RaftServerConfigKeys (ConfUtils.java:logGet(46)) - raft.server.log.statemachine.data.sync = true (default)
2023-05-17 09:09:10,028 [f1b6f36b-e7af-48b8-b739-38f78676889c-groupManagement] INFO  server.RaftServerConfigKeys (ConfUtils.java:logGet(46)) - raft.server.log.statemachine.data.sync.timeout = 10s (default)
2023-05-17 09:09:10,028 [f1b6f36b-e7af-48b8-b739-38f78676889c-groupManagement] INFO  server.RaftServerConfigKeys (ConfUtils.java:logGet(46)) - raft.server.log.statemachine.data.sync.timeout.retry = -1 (default)
2023-05-17 09:09:10,029 [EventQueue-PipelineReportForPipelineReportHandler] INFO  pipeline.PipelineManagerImpl (PipelineManagerImpl.java:openPipeline(367)) - Pipeline Pipeline[ Id: 0637c11d-1f02-47ea-8bd1-b9930ba1ef93, Nodes: f1b6f36b-e7af-48b8-b739-38f78676889c(fv-az41-747.zje5jq5y5x4uznwvdkgxk4wc2h.cx.internal.cloudapp.net/10.1.0.64), ReplicationConfig: RATIS/ONE, State:ALLOCATED, leaderId:f1b6f36b-e7af-48b8-b739-38f78676889c, CreationTimestamp2023-05-17T09:09:06.932Z[Etc/UTC]] moved to OPEN state
2023-05-17 09:09:10,027 [a82ad0ea-641b-4ac2-b933-a1a26b5fe742-groupManagement] INFO  server.RaftServerConfigKeys (ConfUtils.java:logGet(46)) - raft.server.threadpool.client.size = 0 (default)
2023-05-17 09:09:10,030 [a82ad0ea-641b-4ac2-b933-a1a26b5fe742-groupManagement] INFO  storage.RaftStorageDirectory (RaftStorageDirectoryImpl.java:analyzeStorage(137)) - The storage directory /home/runner/work/ozone/ozone/hadoop-ozone/integration-test/target/test-dir/MiniOzoneClusterImpl-21d14123-a168-44a2-bc0a-ee93e32dcc9b/datanode-9/data/ratis/73870f87-6117-452d-ba11-e694c42c06c7 does not exist. Creating ...
2023-05-17 09:09:10,030 [EventQueue-OpenPipelineForHealthyPipelineSafeModeRule] INFO  safemode.SCMSafeModeManager (HealthyPipelineSafeModeRule.java:process(137)) - SCM in safe mode. Healthy pipelines reported count is 0, required healthy pipeline reported count is 1
2023-05-17 09:09:10,030 [f1b6f36b-e7af-48b8-b739-38f78676889c-groupManagement] INFO  server.RaftServerConfigKeys (ConfUtils.java:logGet(46)) - raft.server.log.write.buffer.size = 1048576 (custom)
2023-05-17 09:09:10,031 [f1b6f36b-e7af-48b8-b739-38f78676889c-groupManagement] INFO  server.RaftServerConfigKeys (ConfUtils.java:logGet(46)) - raft.server.log.appender.buffer.byte-limit = 33554432 (custom)
2023-05-17 09:09:10,032 [a82ad0ea-641b-4ac2-b933-a1a26b5fe742-groupManagement] INFO  storage.RaftStorageDirectory (RaftStorageDirectoryImpl.java:tryLock(231)) - Lock on /home/runner/work/ozone/ozone/hadoop-ozone/integration-test/target/test-dir/MiniOzoneClusterImpl-21d14123-a168-44a2-bc0a-ee93e32dcc9b/datanode-9/data/ratis/73870f87-6117-452d-ba11-e694c42c06c7/in_use.lock acquired by nodename 2768@fv-az41-747
2023-05-17 09:09:10,033 [a82ad0ea-641b-4ac2-b933-a1a26b5fe742-groupManagement] INFO  storage.RaftStorage (RaftStorageImpl.java:format(96)) - Storage directory /home/runner/work/ozone/ozone/hadoop-ozone/integration-test/target/test-dir/MiniOzoneClusterImpl-21d14123-a168-44a2-bc0a-ee93e32dcc9b/datanode-9/data/ratis/73870f87-6117-452d-ba11-e694c42c06c7 has been successfully formatted.
2023-05-17 09:09:10,034 [a82ad0ea-641b-4ac2-b933-a1a26b5fe742-groupManagement] INFO  ratis.ContainerStateMachine (ContainerStateMachine.java:loadSnapshot(262)) - group-E694C42C06C7: The snapshot info is null. Setting the last applied indexto:(t:0, i:~)
2023-05-17 09:09:10,034 [a82ad0ea-641b-4ac2-b933-a1a26b5fe742-groupManagement] INFO  server.RaftServerConfigKeys (ConfUtils.java:logGet(46)) - raft.server.log.use.memory = false (default)
2023-05-17 09:09:10,034 [a82ad0ea-641b-4ac2-b933-a1a26b5fe742-groupManagement] INFO  server.RaftServerConfigKeys (ConfUtils.java:logGet(46)) - raft.server.log.purge.gap = 1000000 (custom)
2023-05-17 09:09:10,034 [a82ad0ea-641b-4ac2-b933-a1a26b5fe742-groupManagement] INFO  server.RaftServerConfigKeys (ConfUtils.java:logGet(46)) - raft.server.log.appender.buffer.byte-limit = 33554432 (custom)
2023-05-17 09:09:10,034 [a82ad0ea-641b-4ac2-b933-a1a26b5fe742-groupManagement] INFO  server.RaftServerConfigKeys (ConfUtils.java:logGet(46)) - raft.server.log.statemachine.data.read.timeout = 1000ms (default)
2023-05-17 09:09:10,034 [a82ad0ea-641b-4ac2-b933-a1a26b5fe742-groupManagement] INFO  server.RaftServerConfigKeys (ConfUtils.java:logGet(46)) - raft.server.log.purge.preservation.log.num = 0 (default)
2023-05-17 09:09:10,034 [a82ad0ea-641b-4ac2-b933-a1a26b5fe742-groupManagement] INFO  server.RaftServerConfigKeys (ConfUtils.java:logGet(46)) - raft.server.log.segment.size.max = 1048576 (custom)
2023-05-17 09:09:10,035 [a82ad0ea-641b-4ac2-b933-a1a26b5fe742-groupManagement] INFO  server.RaftServerConfigKeys (ConfUtils.java:logGet(46)) - raft.server.log.segment.cache.num.max = 2 (custom)
2023-05-17 09:09:10,035 [a82ad0ea-641b-4ac2-b933-a1a26b5fe742-groupManagement] INFO  server.RaftServerConfigKeys (ConfUtils.java:logGet(46)) - raft.server.log.segment.cache.size.max = 200MB (=209715200) (default)
2023-05-17 09:09:10,035 [a82ad0ea-641b-4ac2-b933-a1a26b5fe742-groupManagement] INFO  server.RaftServerConfigKeys (ConfUtils.java:logGet(46)) - raft.server.log.appender.buffer.byte-limit = 33554432 (custom)
2023-05-17 09:09:10,035 [a82ad0ea-641b-4ac2-b933-a1a26b5fe742-groupManagement] INFO  segmented.SegmentedRaftLogWorker (SegmentedRaftLogWorker.java:<init>(188)) - new a82ad0ea-641b-4ac2-b933-a1a26b5fe742@group-E694C42C06C7-SegmentedRaftLogWorker for RaftStorageImpl:Storage Directory /home/runner/work/ozone/ozone/hadoop-ozone/integration-test/target/test-dir/MiniOzoneClusterImpl-21d14123-a168-44a2-bc0a-ee93e32dcc9b/datanode-9/data/ratis/73870f87-6117-452d-ba11-e694c42c06c7
2023-05-17 09:09:10,035 [a82ad0ea-641b-4ac2-b933-a1a26b5fe742-groupManagement] INFO  server.RaftServerConfigKeys (ConfUtils.java:logGet(46)) - raft.server.log.queue.byte-limit = 4294967296 (custom)
2023-05-17 09:09:10,035 [a82ad0ea-641b-4ac2-b933-a1a26b5fe742-groupManagement] INFO  server.RaftServerConfigKeys (ConfUtils.java:logGet(46)) - raft.server.log.queue.element-limit = 1024 (custom)
2023-05-17 09:09:10,039 [f1b6f36b-e7af-48b8-b739-38f78676889c-groupManagement] INFO  server.RaftServerConfigKeys (ConfUtils.java:logGet(46)) - raft.server.log.unsafe-flush.enabled = false (default)
2023-05-17 09:09:10,039 [f1b6f36b-e7af-48b8-b739-38f78676889c-groupManagement] INFO  server.RaftServerConfigKeys (ConfUtils.java:logGet(46)) - raft.server.log.async-flush.enabled = false (default)
2023-05-17 09:09:10,039 [f1b6f36b-e7af-48b8-b739-38f78676889c-groupManagement] INFO  server.RaftServerConfigKeys (ConfUtils.java:logGet(46)) - raft.server.log.statemachine.data.caching.enabled = true (custom)
2023-05-17 09:09:10,039 [f1b6f36b-e7af-48b8-b739-38f78676889c-groupManagement] INFO  segmented.SegmentedRaftLogWorker (SegmentedRaftLogWorker.java:lambda$new$0(135)) - f1b6f36b-e7af-48b8-b739-38f78676889c@group-B9930BA1EF93-SegmentedRaftLogWorker: flushIndex: setUnconditionally 0 -> -1
2023-05-17 09:09:10,039 [f1b6f36b-e7af-48b8-b739-38f78676889c-groupManagement] INFO  segmented.SegmentedRaftLogWorker (SegmentedRaftLogWorker.java:lambda$new$0(135)) - f1b6f36b-e7af-48b8-b739-38f78676889c@group-B9930BA1EF93-SegmentedRaftLogWorker: safeCacheEvictIndex: setUnconditionally 0 -> -1
2023-05-17 09:09:10,041 [EventQueue-OpenPipelineForHealthyPipelineSafeModeRule] INFO  safemode.SCMSafeModeManager (HealthyPipelineSafeModeRule.java:process(137)) - SCM in safe mode. Healthy pipelines reported count is 0, required healthy pipeline reported count is 1
2023-05-17 09:09:10,041 [a82ad0ea-641b-4ac2-b933-a1a26b5fe742-groupManagement] INFO  server.RaftServerConfigKeys (ConfUtils.java:logGet(46)) - raft.server.log.segment.size.max = 1048576 (custom)
2023-05-17 09:09:10,041 [a82ad0ea-641b-4ac2-b933-a1a26b5fe742-groupManagement] INFO  server.RaftServerConfigKeys (ConfUtils.java:logGet(46)) - raft.server.log.preallocated.size = 16384 (custom)
2023-05-17 09:09:10,041 [a82ad0ea-641b-4ac2-b933-a1a26b5fe742-groupManagement] INFO  server.RaftServerConfigKeys (ConfUtils.java:logGet(46)) - raft.server.log.force.sync.num = 128 (default)
2023-05-17 09:09:10,042 [a82ad0ea-641b-4ac2-b933-a1a26b5fe742-groupManagement] INFO  server.RaftServerConfigKeys (ConfUtils.java:logGet(46)) - raft.server.log.statemachine.data.sync = true (default)
2023-05-17 09:09:10,042 [a82ad0ea-641b-4ac2-b933-a1a26b5fe742-groupManagement] INFO  server.RaftServerConfigKeys (ConfUtils.java:logGet(46)) - raft.server.log.statemachine.data.sync.timeout = 10s (default)
2023-05-17 09:09:10,042 [a82ad0ea-641b-4ac2-b933-a1a26b5fe742-groupManagement] INFO  server.RaftServerConfigKeys (ConfUtils.java:logGet(46)) - raft.server.log.statemachine.data.sync.timeout.retry = -1 (default)
2023-05-17 09:09:10,042 [a82ad0ea-641b-4ac2-b933-a1a26b5fe742-groupManagement] INFO  server.RaftServerConfigKeys (ConfUtils.java:logGet(46)) - raft.server.log.write.buffer.size = 1048576 (custom)
2023-05-17 09:09:10,043 [a82ad0ea-641b-4ac2-b933-a1a26b5fe742-groupManagement] INFO  server.RaftServerConfigKeys (ConfUtils.java:logGet(46)) - raft.server.log.appender.buffer.byte-limit = 33554432 (custom)
2023-05-17 09:09:10,051 [a82ad0ea-641b-4ac2-b933-a1a26b5fe742-groupManagement] INFO  server.RaftServerConfigKeys (ConfUtils.java:logGet(46)) - raft.server.log.unsafe-flush.enabled = false (default)
2023-05-17 09:09:10,051 [a82ad0ea-641b-4ac2-b933-a1a26b5fe742-groupManagement] INFO  server.RaftServerConfigKeys (ConfUtils.java:logGet(46)) - raft.server.log.async-flush.enabled = false (default)
2023-05-17 09:09:10,051 [a82ad0ea-641b-4ac2-b933-a1a26b5fe742-groupManagement] INFO  server.RaftServerConfigKeys (ConfUtils.java:logGet(46)) - raft.server.log.statemachine.data.caching.enabled = true (custom)
2023-05-17 09:09:10,051 [a82ad0ea-641b-4ac2-b933-a1a26b5fe742-groupManagement] INFO  segmented.SegmentedRaftLogWorker (SegmentedRaftLogWorker.java:lambda$new$0(135)) - a82ad0ea-641b-4ac2-b933-a1a26b5fe742@group-E694C42C06C7-SegmentedRaftLogWorker: flushIndex: setUnconditionally 0 -> -1
2023-05-17 09:09:10,052 [a82ad0ea-641b-4ac2-b933-a1a26b5fe742-groupManagement] INFO  segmented.SegmentedRaftLogWorker (SegmentedRaftLogWorker.java:lambda$new$0(135)) - a82ad0ea-641b-4ac2-b933-a1a26b5fe742@group-E694C42C06C7-SegmentedRaftLogWorker: safeCacheEvictIndex: setUnconditionally 0 -> -1
2023-05-17 09:09:10,052 [5b9fa8c3-08c3-43f9-b175-3119fbbe3900-groupManagement] INFO  server.RaftServerConfigKeys (ConfUtils.java:logGet(46)) - raft.server.log.unsafe-flush.enabled = false (default)
2023-05-17 09:09:10,052 [5b9fa8c3-08c3-43f9-b175-3119fbbe3900-groupManagement] INFO  server.RaftServerConfigKeys (ConfUtils.java:logGet(46)) - raft.server.log.async-flush.enabled = false (default)
2023-05-17 09:09:10,052 [5b9fa8c3-08c3-43f9-b175-3119fbbe3900-groupManagement] INFO  server.RaftServerConfigKeys (ConfUtils.java:logGet(46)) - raft.server.log.statemachine.data.caching.enabled = true (custom)
2023-05-17 09:09:10,052 [5b9fa8c3-08c3-43f9-b175-3119fbbe3900-groupManagement] INFO  segmented.SegmentedRaftLogWorker (SegmentedRaftLogWorker.java:lambda$new$0(135)) - 5b9fa8c3-08c3-43f9-b175-3119fbbe3900@group-A7669F4B16A5-SegmentedRaftLogWorker: flushIndex: setUnconditionally 0 -> -1
2023-05-17 09:09:10,052 [5b9fa8c3-08c3-43f9-b175-3119fbbe3900-groupManagement] INFO  segmented.SegmentedRaftLogWorker (SegmentedRaftLogWorker.java:lambda$new$0(135)) - 5b9fa8c3-08c3-43f9-b175-3119fbbe3900@group-A7669F4B16A5-SegmentedRaftLogWorker: safeCacheEvictIndex: setUnconditionally 0 -> -1
2023-05-17 09:09:10,055 [f1b6f36b-e7af-48b8-b739-38f78676889c-groupManagement] INFO  server.RaftServer$Division (RaftServerImpl.java:start(342)) - f1b6f36b-e7af-48b8-b739-38f78676889c@group-B9930BA1EF93: start as a follower, conf=-1: peers:[f1b6f36b-e7af-48b8-b739-38f78676889c|rpc:10.1.0.64:15093|admin:10.1.0.64:15092|client:10.1.0.64:15091|dataStream:10.1.0.64:15094|priority:1|startupRole:FOLLOWER]|listeners:[], old=null
2023-05-17 09:09:10,055 [f1b6f36b-e7af-48b8-b739-38f78676889c-groupManagement] INFO  server.RaftServer$Division (RaftServerImpl.java:setRole(329)) - f1b6f36b-e7af-48b8-b739-38f78676889c@group-B9930BA1EF93: changes role from      null to FOLLOWER at term 0 for startAsFollower
2023-05-17 09:09:10,055 [f1b6f36b-e7af-48b8-b739-38f78676889c-groupManagement] INFO  impl.RoleInfo (RoleInfo.java:updateAndGet(139)) - f1b6f36b-e7af-48b8-b739-38f78676889c: start f1b6f36b-e7af-48b8-b739-38f78676889c@group-B9930BA1EF93-FollowerState
2023-05-17 09:09:10,063 [5b9fa8c3-08c3-43f9-b175-3119fbbe3900-groupManagement] INFO  server.RaftServer$Division (RaftServerImpl.java:start(342)) - 5b9fa8c3-08c3-43f9-b175-3119fbbe3900@group-A7669F4B16A5: start as a follower, conf=-1: peers:[5b9fa8c3-08c3-43f9-b175-3119fbbe3900|rpc:10.1.0.64:15077|admin:10.1.0.64:15076|client:10.1.0.64:15075|dataStream:10.1.0.64:15078|priority:0|startupRole:FOLLOWER, 5b9af961-56be-4fa8-844e-3cefe1429416|rpc:10.1.0.64:15069|admin:10.1.0.64:15068|client:10.1.0.64:15067|dataStream:10.1.0.64:15070|priority:0|startupRole:FOLLOWER, bcbacd9a-ca93-42dd-bb1e-f9c21d91cd60|rpc:10.1.0.64:15061|admin:10.1.0.64:15060|client:10.1.0.64:15059|dataStream:10.1.0.64:15062|priority:1|startupRole:FOLLOWER]|listeners:[], old=null
2023-05-17 09:09:10,063 [5b9fa8c3-08c3-43f9-b175-3119fbbe3900-groupManagement] INFO  server.RaftServer$Division (RaftServerImpl.java:setRole(329)) - 5b9fa8c3-08c3-43f9-b175-3119fbbe3900@group-A7669F4B16A5: changes role from      null to FOLLOWER at term 0 for startAsFollower
2023-05-17 09:09:10,063 [5b9fa8c3-08c3-43f9-b175-3119fbbe3900-groupManagement] INFO  impl.RoleInfo (RoleInfo.java:updateAndGet(139)) - 5b9fa8c3-08c3-43f9-b175-3119fbbe3900: start 5b9fa8c3-08c3-43f9-b175-3119fbbe3900@group-A7669F4B16A5-FollowerState
2023-05-17 09:09:10,063 [5b9fa8c3-08c3-43f9-b175-3119fbbe3900@group-A7669F4B16A5-FollowerState] INFO  server.RaftServerConfigKeys (ConfUtils.java:logFallback(53)) - raft.server.rpc.first-election.timeout.min = 5s (fallback to raft.server.rpc.timeout.min)
2023-05-17 09:09:10,064 [5b9fa8c3-08c3-43f9-b175-3119fbbe3900@group-A7669F4B16A5-FollowerState] INFO  server.RaftServerConfigKeys (ConfUtils.java:logFallback(53)) - raft.server.rpc.first-election.timeout.max = 5200ms (fallback to raft.server.rpc.timeout.max)
2023-05-17 09:09:10,064 [a82ad0ea-641b-4ac2-b933-a1a26b5fe742-groupManagement] INFO  server.RaftServer$Division (RaftServerImpl.java:start(342)) - a82ad0ea-641b-4ac2-b933-a1a26b5fe742@group-E694C42C06C7: start as a follower, conf=-1: peers:[4ea9b805-d843-4364-8f91-0c3c20e3ed71|rpc:10.1.0.64:15101|admin:10.1.0.64:15100|client:10.1.0.64:15099|dataStream:10.1.0.64:15102|priority:1|startupRole:FOLLOWER, f1b6f36b-e7af-48b8-b739-38f78676889c|rpc:10.1.0.64:15093|admin:10.1.0.64:15092|client:10.1.0.64:15091|dataStream:10.1.0.64:15094|priority:0|startupRole:FOLLOWER, a82ad0ea-641b-4ac2-b933-a1a26b5fe742|rpc:10.1.0.64:15085|admin:10.1.0.64:15084|client:10.1.0.64:15083|dataStream:10.1.0.64:15086|priority:0|startupRole:FOLLOWER]|listeners:[], old=null
2023-05-17 09:09:10,064 [a82ad0ea-641b-4ac2-b933-a1a26b5fe742-groupManagement] INFO  server.RaftServer$Division (RaftServerImpl.java:setRole(329)) - a82ad0ea-641b-4ac2-b933-a1a26b5fe742@group-E694C42C06C7: changes role from      null to FOLLOWER at term 0 for startAsFollower
2023-05-17 09:09:10,064 [a82ad0ea-641b-4ac2-b933-a1a26b5fe742-groupManagement] INFO  impl.RoleInfo (RoleInfo.java:updateAndGet(139)) - a82ad0ea-641b-4ac2-b933-a1a26b5fe742: start a82ad0ea-641b-4ac2-b933-a1a26b5fe742@group-E694C42C06C7-FollowerState
2023-05-17 09:09:10,066 [a82ad0ea-641b-4ac2-b933-a1a26b5fe742@group-E694C42C06C7-FollowerState] INFO  server.RaftServerConfigKeys (ConfUtils.java:logFallback(53)) - raft.server.rpc.first-election.timeout.min = 5s (fallback to raft.server.rpc.timeout.min)
2023-05-17 09:09:10,066 [a82ad0ea-641b-4ac2-b933-a1a26b5fe742@group-E694C42C06C7-FollowerState] INFO  server.RaftServerConfigKeys (ConfUtils.java:logFallback(53)) - raft.server.rpc.first-election.timeout.max = 5200ms (fallback to raft.server.rpc.timeout.max)
2023-05-17 09:09:10,071 [f1b6f36b-e7af-48b8-b739-38f78676889c-groupManagement] INFO  util.JmxRegister (JmxRegister.java:tryRegister(44)) - Successfully registered JMX Bean with object name Ratis:service=RaftServer,group=group-B9930BA1EF93,id=f1b6f36b-e7af-48b8-b739-38f78676889c
2023-05-17 09:09:10,071 [f1b6f36b-e7af-48b8-b739-38f78676889c-groupManagement] INFO  server.RaftServerConfigKeys (ConfUtils.java:logGet(46)) - raft.server.snapshot.auto.trigger.enabled = true (custom)
2023-05-17 09:09:10,071 [f1b6f36b-e7af-48b8-b739-38f78676889c-groupManagement] INFO  server.RaftServerConfigKeys (ConfUtils.java:logGet(46)) - raft.server.snapshot.auto.trigger.threshold = 10000 (custom)
2023-05-17 09:09:10,072 [f1b6f36b-e7af-48b8-b739-38f78676889c-groupManagement] INFO  server.RaftServerConfigKeys (ConfUtils.java:logGet(46)) - raft.server.snapshot.retention.file.num = 5 (custom)
2023-05-17 09:09:10,072 [f1b6f36b-e7af-48b8-b739-38f78676889c-groupManagement] INFO  server.RaftServerConfigKeys (ConfUtils.java:logGet(46)) - raft.server.log.purge.upto.snapshot.index = false (default)
2023-05-17 09:09:10,072 [a82ad0ea-641b-4ac2-b933-a1a26b5fe742-groupManagement] INFO  util.JmxRegister (JmxRegister.java:tryRegister(44)) - Successfully registered JMX Bean with object name Ratis:service=RaftServer,group=group-E694C42C06C7,id=a82ad0ea-641b-4ac2-b933-a1a26b5fe742
2023-05-17 09:09:10,072 [5b9fa8c3-08c3-43f9-b175-3119fbbe3900-groupManagement] INFO  util.JmxRegister (JmxRegister.java:tryRegister(44)) - Successfully registered JMX Bean with object name Ratis:service=RaftServer,group=group-A7669F4B16A5,id=5b9fa8c3-08c3-43f9-b175-3119fbbe3900
2023-05-17 09:09:10,072 [5b9fa8c3-08c3-43f9-b175-3119fbbe3900-groupManagement] INFO  server.RaftServerConfigKeys (ConfUtils.java:logGet(46)) - raft.server.snapshot.auto.trigger.enabled = true (custom)
2023-05-17 09:09:10,072 [Command processor thread] INFO  ratis.XceiverServerRatis (XceiverServerRatis.java:addGroup(806)) - Created group PipelineID=0637c11d-1f02-47ea-8bd1-b9930ba1ef93
2023-05-17 09:09:10,072 [Command processor thread] INFO  commandhandler.CreatePipelineCommandHandler (CreatePipelineCommandHandler.java:handle(113)) - Created Pipeline RATIS ONE PipelineID=0637c11d-1f02-47ea-8bd1-b9930ba1ef93.
2023-05-17 09:09:10,073 [Command processor thread] INFO  server.RaftServer (RaftServerProxy.java:addNew(98)) - f1b6f36b-e7af-48b8-b739-38f78676889c: addNew group-E694C42C06C7:[4ea9b805-d843-4364-8f91-0c3c20e3ed71|rpc:10.1.0.64:15101|admin:10.1.0.64:15100|client:10.1.0.64:15099|dataStream:10.1.0.64:15102|priority:1|startupRole:FOLLOWER, f1b6f36b-e7af-48b8-b739-38f78676889c|rpc:10.1.0.64:15093|admin:10.1.0.64:15092|client:10.1.0.64:15091|dataStream:10.1.0.64:15094|priority:0|startupRole:FOLLOWER, a82ad0ea-641b-4ac2-b933-a1a26b5fe742|rpc:10.1.0.64:15085|admin:10.1.0.64:15084|client:10.1.0.64:15083|dataStream:10.1.0.64:15086|priority:0|startupRole:FOLLOWER] returns group-E694C42C06C7:java.util.concurrent.CompletableFuture@7023c620[Not completed]
2023-05-17 09:09:10,072 [a82ad0ea-641b-4ac2-b933-a1a26b5fe742-groupManagement] INFO  server.RaftServerConfigKeys (ConfUtils.java:logGet(46)) - raft.server.snapshot.auto.trigger.enabled = true (custom)
2023-05-17 09:09:10,073 [a82ad0ea-641b-4ac2-b933-a1a26b5fe742-groupManagement] INFO  server.RaftServerConfigKeys (ConfUtils.java:logGet(46)) - raft.server.snapshot.auto.trigger.threshold = 10000 (custom)
2023-05-17 09:09:10,073 [a82ad0ea-641b-4ac2-b933-a1a26b5fe742-groupManagement] INFO  server.RaftServerConfigKeys (ConfUtils.java:logGet(46)) - raft.server.snapshot.retention.file.num = 5 (custom)
2023-05-17 09:09:10,073 [a82ad0ea-641b-4ac2-b933-a1a26b5fe742-groupManagement] INFO  server.RaftServerConfigKeys (ConfUtils.java:logGet(46)) - raft.server.log.purge.upto.snapshot.index = false (default)
2023-05-17 09:09:10,072 [5b9fa8c3-08c3-43f9-b175-3119fbbe3900-groupManagement] INFO  server.RaftServerConfigKeys (ConfUtils.java:logGet(46)) - raft.server.snapshot.auto.trigger.threshold = 10000 (custom)
2023-05-17 09:09:10,074 [5b9fa8c3-08c3-43f9-b175-3119fbbe3900-groupManagement] INFO  server.RaftServerConfigKeys (ConfUtils.java:logGet(46)) - raft.server.snapshot.retention.file.num = 5 (custom)
2023-05-17 09:09:10,074 [5b9fa8c3-08c3-43f9-b175-3119fbbe3900-groupManagement] INFO  server.RaftServerConfigKeys (ConfUtils.java:logGet(46)) - raft.server.log.purge.upto.snapshot.index = false (default)
2023-05-17 09:09:10,074 [f1b6f36b-e7af-48b8-b739-38f78676889c@group-B9930BA1EF93-FollowerState] INFO  server.RaftServerConfigKeys (ConfUtils.java:logFallback(53)) - raft.server.rpc.first-election.timeout.min = 5s (fallback to raft.server.rpc.timeout.min)
2023-05-17 09:09:10,074 [f1b6f36b-e7af-48b8-b739-38f78676889c-groupManagement] INFO  server.RaftServer$Division (RaftServerImpl.java:<init>(198)) - f1b6f36b-e7af-48b8-b739-38f78676889c: new RaftServerImpl for group-E694C42C06C7:[4ea9b805-d843-4364-8f91-0c3c20e3ed71|rpc:10.1.0.64:15101|admin:10.1.0.64:15100|client:10.1.0.64:15099|dataStream:10.1.0.64:15102|priority:1|startupRole:FOLLOWER, f1b6f36b-e7af-48b8-b739-38f78676889c|rpc:10.1.0.64:15093|admin:10.1.0.64:15092|client:10.1.0.64:15091|dataStream:10.1.0.64:15094|priority:0|startupRole:FOLLOWER, a82ad0ea-641b-4ac2-b933-a1a26b5fe742|rpc:10.1.0.64:15085|admin:10.1.0.64:15084|client:10.1.0.64:15083|dataStream:10.1.0.64:15086|priority:0|startupRole:FOLLOWER] with ContainerStateMachine:uninitialized
2023-05-17 09:09:10,074 [f1b6f36b-e7af-48b8-b739-38f78676889c-groupManagement] INFO  server.RaftServerConfigKeys (ConfUtils.java:logGet(46)) - raft.server.rpc.timeout.min = 5s (custom)
2023-05-17 09:09:10,074 [f1b6f36b-e7af-48b8-b739-38f78676889c-groupManagement] INFO  server.RaftServerConfigKeys (ConfUtils.java:logGet(46)) - raft.server.rpc.timeout.max = 5200ms (custom)
2023-05-17 09:09:10,074 [f1b6f36b-e7af-48b8-b739-38f78676889c-groupManagement] INFO  server.RaftServerConfigKeys (ConfUtils.java:logGet(46)) - raft.server.rpc.sleep.time = 25ms (default)
2023-05-17 09:09:10,074 [f1b6f36b-e7af-48b8-b739-38f78676889c-groupManagement] INFO  server.RaftServerConfigKeys (ConfUtils.java:logGet(46)) - raft.server.rpc.slowness.timeout = 300s (custom)
2023-05-17 09:09:10,074 [f1b6f36b-e7af-48b8-b739-38f78676889c-groupManagement] INFO  server.RaftServerConfigKeys (ConfUtils.java:logGet(46)) - raft.server.leaderelection.leader.step-down.wait-time = 10s (default)
2023-05-17 09:09:10,074 [f1b6f36b-e7af-48b8-b739-38f78676889c-groupManagement] INFO  server.RaftServerConfigKeys (ConfUtils.java:logGet(46)) - raft.server.sleep.deviation.threshold = 300ms (default)
2023-05-17 09:09:10,074 [f1b6f36b-e7af-48b8-b739-38f78676889c-groupManagement] INFO  server.RaftServer$Division (ServerState.java:<init>(120)) - f1b6f36b-e7af-48b8-b739-38f78676889c@group-E694C42C06C7: ConfigurationManager, init=-1: peers:[4ea9b805-d843-4364-8f91-0c3c20e3ed71|rpc:10.1.0.64:15101|admin:10.1.0.64:15100|client:10.1.0.64:15099|dataStream:10.1.0.64:15102|priority:1|startupRole:FOLLOWER, f1b6f36b-e7af-48b8-b739-38f78676889c|rpc:10.1.0.64:15093|admin:10.1.0.64:15092|client:10.1.0.64:15091|dataStream:10.1.0.64:15094|priority:0|startupRole:FOLLOWER, a82ad0ea-641b-4ac2-b933-a1a26b5fe742|rpc:10.1.0.64:15085|admin:10.1.0.64:15084|client:10.1.0.64:15083|dataStream:10.1.0.64:15086|priority:0|startupRole:FOLLOWER]|listeners:[], old=null, confs=<EMPTY_MAP>
2023-05-17 09:09:10,074 [f1b6f36b-e7af-48b8-b739-38f78676889c-groupManagement] INFO  server.RaftServerConfigKeys (ConfUtils.java:logGet(46)) - raft.server.storage.dir = [/home/runner/work/ozone/ozone/hadoop-ozone/integration-test/target/test-dir/MiniOzoneClusterImpl-21d14123-a168-44a2-bc0a-ee93e32dcc9b/datanode-10/data/ratis] (custom)
2023-05-17 09:09:10,075 [f1b6f36b-e7af-48b8-b739-38f78676889c-groupManagement] INFO  server.RaftServerConfigKeys (ConfUtils.java:logGet(46)) - raft.server.log.corruption.policy = EXCEPTION (default)
2023-05-17 09:09:10,075 [f1b6f36b-e7af-48b8-b739-38f78676889c-groupManagement] INFO  server.RaftServerConfigKeys (ConfUtils.java:logGet(46)) - raft.server.storage.free-space.min = 0MB (=0) (default)
2023-05-17 09:09:10,075 [f1b6f36b-e7af-48b8-b739-38f78676889c-groupManagement] INFO  server.RaftServerConfigKeys (ConfUtils.java:logGet(46)) - raft.server.notification.no-leader.timeout = 300s (custom)
2023-05-17 09:09:10,075 [f1b6f36b-e7af-48b8-b739-38f78676889c-groupManagement] INFO  server.RaftServerConfigKeys (ConfUtils.java:logGet(46)) - raft.server.read.timeout = 10s (default)
2023-05-17 09:09:10,075 [f1b6f36b-e7af-48b8-b739-38f78676889c-groupManagement] INFO  server.RaftServerConfigKeys (ConfUtils.java:logGet(46)) - raft.server.retrycache.expirytime = 600000ms (custom)
2023-05-17 09:09:10,075 [f1b6f36b-e7af-48b8-b739-38f78676889c-groupManagement] INFO  server.RaftServerConfigKeys (ConfUtils.java:logGet(46)) - raft.server.retrycache.statistics.expirytime = 100μs (default)
2023-05-17 09:09:10,075 [f1b6f36b-e7af-48b8-b739-38f78676889c-groupManagement] INFO  server.RaftServerConfigKeys (ConfUtils.java:logGet(46)) - raft.server.read.option = DEFAULT (default)
2023-05-17 09:09:10,076 [f1b6f36b-e7af-48b8-b739-38f78676889c-groupManagement] INFO  server.RaftServerConfigKeys (ConfUtils.java:logGet(46)) - raft.server.rpc.request.timeout = 60s (custom)
2023-05-17 09:09:10,076 [f1b6f36b-e7af-48b8-b739-38f78676889c-groupManagement] INFO  server.RaftServerConfigKeys (ConfUtils.java:logGet(46)) - raft.server.log.appender.install.snapshot.enabled = false (custom)
2023-05-17 09:09:10,076 [f1b6f36b-e7af-48b8-b739-38f78676889c-groupManagement] INFO  server.RaftServerConfigKeys (ConfUtils.java:logGet(46)) - raft.server.threadpool.server.cached = true (default)
2023-05-17 09:09:10,076 [f1b6f36b-e7af-48b8-b739-38f78676889c-groupManagement] INFO  server.RaftServerConfigKeys (ConfUtils.java:logGet(46)) - raft.server.threadpool.server.size = 0 (default)
2023-05-17 09:09:10,076 [f1b6f36b-e7af-48b8-b739-38f78676889c-groupManagement] INFO  server.RaftServerConfigKeys (ConfUtils.java:logGet(46)) - raft.server.threadpool.client.cached = true (default)
2023-05-17 09:09:10,076 [f1b6f36b-e7af-48b8-b739-38f78676889c-groupManagement] INFO  server.RaftServerConfigKeys (ConfUtils.java:logGet(46)) - raft.server.threadpool.client.size = 0 (default)
2023-05-17 09:09:10,076 [f1b6f36b-e7af-48b8-b739-38f78676889c-groupManagement] INFO  storage.RaftStorageDirectory (RaftStorageDirectoryImpl.java:analyzeStorage(137)) - The storage directory /home/runner/work/ozone/ozone/hadoop-ozone/integration-test/target/test-dir/MiniOzoneClusterImpl-21d14123-a168-44a2-bc0a-ee93e32dcc9b/datanode-10/data/ratis/73870f87-6117-452d-ba11-e694c42c06c7 does not exist. Creating ...
2023-05-17 09:09:10,074 [f1b6f36b-e7af-48b8-b739-38f78676889c@group-B9930BA1EF93-FollowerState] INFO  server.RaftServerConfigKeys (ConfUtils.java:logFallback(53)) - raft.server.rpc.first-election.timeout.max = 5200ms (fallback to raft.server.rpc.timeout.max)
2023-05-17 09:09:10,077 [Command processor thread] INFO  ratis.XceiverServerRatis (XceiverServerRatis.java:addGroup(806)) - Created group PipelineID=73870f87-6117-452d-ba11-e694c42c06c7
2023-05-17 09:09:10,077 [f1b6f36b-e7af-48b8-b739-38f78676889c-groupManagement] INFO  storage.RaftStorageDirectory (RaftStorageDirectoryImpl.java:tryLock(231)) - Lock on /home/runner/work/ozone/ozone/hadoop-ozone/integration-test/target/test-dir/MiniOzoneClusterImpl-21d14123-a168-44a2-bc0a-ee93e32dcc9b/datanode-10/data/ratis/73870f87-6117-452d-ba11-e694c42c06c7/in_use.lock acquired by nodename 2768@fv-az41-747
2023-05-17 09:09:10,078 [f1b6f36b-e7af-48b8-b739-38f78676889c-groupManagement] INFO  storage.RaftStorage (RaftStorageImpl.java:format(96)) - Storage directory /home/runner/work/ozone/ozone/hadoop-ozone/integration-test/target/test-dir/MiniOzoneClusterImpl-21d14123-a168-44a2-bc0a-ee93e32dcc9b/datanode-10/data/ratis/73870f87-6117-452d-ba11-e694c42c06c7 has been successfully formatted.
2023-05-17 09:09:10,078 [f1b6f36b-e7af-48b8-b739-38f78676889c-groupManagement] INFO  ratis.ContainerStateMachine (ContainerStateMachine.java:loadSnapshot(262)) - group-E694C42C06C7: The snapshot info is null. Setting the last applied indexto:(t:0, i:~)
2023-05-17 09:09:10,078 [f1b6f36b-e7af-48b8-b739-38f78676889c-groupManagement] INFO  server.RaftServerConfigKeys (ConfUtils.java:logGet(46)) - raft.server.log.use.memory = false (default)
2023-05-17 09:09:10,078 [f1b6f36b-e7af-48b8-b739-38f78676889c-groupManagement] INFO  server.RaftServerConfigKeys (ConfUtils.java:logGet(46)) - raft.server.log.purge.gap = 1000000 (custom)
2023-05-17 09:09:10,079 [f1b6f36b-e7af-48b8-b739-38f78676889c-groupManagement] INFO  server.RaftServerConfigKeys (ConfUtils.java:logGet(46)) - raft.server.log.appender.buffer.byte-limit = 33554432 (custom)
2023-05-17 09:09:10,079 [f1b6f36b-e7af-48b8-b739-38f78676889c-groupManagement] INFO  server.RaftServerConfigKeys (ConfUtils.java:logGet(46)) - raft.server.log.statemachine.data.read.timeout = 1000ms (default)
2023-05-17 09:09:10,079 [f1b6f36b-e7af-48b8-b739-38f78676889c-groupManagement] INFO  server.RaftServerConfigKeys (ConfUtils.java:logGet(46)) - raft.server.log.purge.preservation.log.num = 0 (default)
2023-05-17 09:09:10,079 [f1b6f36b-e7af-48b8-b739-38f78676889c-groupManagement] INFO  server.RaftServerConfigKeys (ConfUtils.java:logGet(46)) - raft.server.log.segment.size.max = 1048576 (custom)
2023-05-17 09:09:10,079 [f1b6f36b-e7af-48b8-b739-38f78676889c-groupManagement] INFO  server.RaftServerConfigKeys (ConfUtils.java:logGet(46)) - raft.server.log.segment.cache.num.max = 2 (custom)
2023-05-17 09:09:10,079 [f1b6f36b-e7af-48b8-b739-38f78676889c-groupManagement] INFO  server.RaftServerConfigKeys (ConfUtils.java:logGet(46)) - raft.server.log.segment.cache.size.max = 200MB (=209715200) (default)
2023-05-17 09:09:10,079 [f1b6f36b-e7af-48b8-b739-38f78676889c-groupManagement] INFO  server.RaftServerConfigKeys (ConfUtils.java:logGet(46)) - raft.server.log.appender.buffer.byte-limit = 33554432 (custom)
2023-05-17 09:09:10,079 [f1b6f36b-e7af-48b8-b739-38f78676889c-groupManagement] INFO  segmented.SegmentedRaftLogWorker (SegmentedRaftLogWorker.java:<init>(188)) - new f1b6f36b-e7af-48b8-b739-38f78676889c@group-E694C42C06C7-SegmentedRaftLogWorker for RaftStorageImpl:Storage Directory /home/runner/work/ozone/ozone/hadoop-ozone/integration-test/target/test-dir/MiniOzoneClusterImpl-21d14123-a168-44a2-bc0a-ee93e32dcc9b/datanode-10/data/ratis/73870f87-6117-452d-ba11-e694c42c06c7
2023-05-17 09:09:10,079 [f1b6f36b-e7af-48b8-b739-38f78676889c-groupManagement] INFO  server.RaftServerConfigKeys (ConfUtils.java:logGet(46)) - raft.server.log.queue.byte-limit = 4294967296 (custom)
2023-05-17 09:09:10,079 [f1b6f36b-e7af-48b8-b739-38f78676889c-groupManagement] INFO  server.RaftServerConfigKeys (ConfUtils.java:logGet(46)) - raft.server.log.queue.element-limit = 1024 (custom)
2023-05-17 09:09:10,079 [f1b6f36b-e7af-48b8-b739-38f78676889c-groupManagement] INFO  server.RaftServerConfigKeys (ConfUtils.java:logGet(46)) - raft.server.log.segment.size.max = 1048576 (custom)
2023-05-17 09:09:10,080 [f1b6f36b-e7af-48b8-b739-38f78676889c-groupManagement] INFO  server.RaftServerConfigKeys (ConfUtils.java:logGet(46)) - raft.server.log.preallocated.size = 16384 (custom)
2023-05-17 09:09:10,080 [f1b6f36b-e7af-48b8-b739-38f78676889c-groupManagement] INFO  server.RaftServerConfigKeys (ConfUtils.java:logGet(46)) - raft.server.log.force.sync.num = 128 (default)
2023-05-17 09:09:10,080 [f1b6f36b-e7af-48b8-b739-38f78676889c-groupManagement] INFO  server.RaftServerConfigKeys (ConfUtils.java:logGet(46)) - raft.server.log.statemachine.data.sync = true (default)
2023-05-17 09:09:10,080 [f1b6f36b-e7af-48b8-b739-38f78676889c-groupManagement] INFO  server.RaftServerConfigKeys (ConfUtils.java:logGet(46)) - raft.server.log.statemachine.data.sync.timeout = 10s (default)
2023-05-17 09:09:10,080 [f1b6f36b-e7af-48b8-b739-38f78676889c-groupManagement] INFO  server.RaftServerConfigKeys (ConfUtils.java:logGet(46)) - raft.server.log.statemachine.data.sync.timeout.retry = -1 (default)
2023-05-17 09:09:10,081 [grpc-default-executor-0] INFO  server.RaftServer (RaftServerProxy.java:addNew(98)) - bcbacd9a-ca93-42dd-bb1e-f9c21d91cd60: addNew group-F19CF75F4C85:[5b9fa8c3-08c3-43f9-b175-3119fbbe3900|rpc:10.1.0.64:15077|admin:10.1.0.64:15076|client:10.1.0.64:15075|dataStream:10.1.0.64:15078|priority:1|startupRole:FOLLOWER, 5b9af961-56be-4fa8-844e-3cefe1429416|rpc:10.1.0.64:15069|admin:10.1.0.64:15068|client:10.1.0.64:15067|dataStream:10.1.0.64:15070|priority:0|startupRole:FOLLOWER, bcbacd9a-ca93-42dd-bb1e-f9c21d91cd60|rpc:10.1.0.64:15061|admin:10.1.0.64:15060|client:10.1.0.64:15059|dataStream:10.1.0.64:15062|priority:0|startupRole:FOLLOWER] returns group-F19CF75F4C85:java.util.concurrent.CompletableFuture@1ba10f33[Not completed]
2023-05-17 09:09:10,086 [EventQueue-OpenPipelineForHealthyPipelineSafeModeRule] INFO  safemode.SCMSafeModeManager (HealthyPipelineSafeModeRule.java:process(137)) - SCM in safe mode. Healthy pipelines reported count is 0, required healthy pipeline reported count is 1
2023-05-17 09:09:10,089 [bcbacd9a-ca93-42dd-bb1e-f9c21d91cd60-groupManagement] INFO  server.RaftServer$Division (RaftServerImpl.java:<init>(198)) - bcbacd9a-ca93-42dd-bb1e-f9c21d91cd60: new RaftServerImpl for group-F19CF75F4C85:[5b9fa8c3-08c3-43f9-b175-3119fbbe3900|rpc:10.1.0.64:15077|admin:10.1.0.64:15076|client:10.1.0.64:15075|dataStream:10.1.0.64:15078|priority:1|startupRole:FOLLOWER, 5b9af961-56be-4fa8-844e-3cefe1429416|rpc:10.1.0.64:15069|admin:10.1.0.64:15068|client:10.1.0.64:15067|dataStream:10.1.0.64:15070|priority:0|startupRole:FOLLOWER, bcbacd9a-ca93-42dd-bb1e-f9c21d91cd60|rpc:10.1.0.64:15061|admin:10.1.0.64:15060|client:10.1.0.64:15059|dataStream:10.1.0.64:15062|priority:0|startupRole:FOLLOWER] with ContainerStateMachine:uninitialized
2023-05-17 09:09:10,090 [bcbacd9a-ca93-42dd-bb1e-f9c21d91cd60-groupManagement] INFO  server.RaftServerConfigKeys (ConfUtils.java:logGet(46)) - raft.server.rpc.timeout.min = 5s (custom)
2023-05-17 09:09:10,090 [bcbacd9a-ca93-42dd-bb1e-f9c21d91cd60-groupManagement] INFO  server.RaftServerConfigKeys (ConfUtils.java:logGet(46)) - raft.server.rpc.timeout.max = 5200ms (custom)
2023-05-17 09:09:10,090 [bcbacd9a-ca93-42dd-bb1e-f9c21d91cd60-groupManagement] INFO  server.RaftServerConfigKeys (ConfUtils.java:logGet(46)) - raft.server.rpc.sleep.time = 25ms (default)
2023-05-17 09:09:10,090 [bcbacd9a-ca93-42dd-bb1e-f9c21d91cd60-groupManagement] INFO  server.RaftServerConfigKeys (ConfUtils.java:logGet(46)) - raft.server.rpc.slowness.timeout = 300s (custom)
2023-05-17 09:09:10,090 [bcbacd9a-ca93-42dd-bb1e-f9c21d91cd60-groupManagement] INFO  server.RaftServerConfigKeys (ConfUtils.java:logGet(46)) - raft.server.leaderelection.leader.step-down.wait-time = 10s (default)
2023-05-17 09:09:10,090 [bcbacd9a-ca93-42dd-bb1e-f9c21d91cd60-groupManagement] INFO  server.RaftServerConfigKeys (ConfUtils.java:logGet(46)) - raft.server.sleep.deviation.threshold = 300ms (default)
2023-05-17 09:09:10,090 [bcbacd9a-ca93-42dd-bb1e-f9c21d91cd60-groupManagement] INFO  server.RaftServer$Division (ServerState.java:<init>(120)) - bcbacd9a-ca93-42dd-bb1e-f9c21d91cd60@group-F19CF75F4C85: ConfigurationManager, init=-1: peers:[5b9fa8c3-08c3-43f9-b175-3119fbbe3900|rpc:10.1.0.64:15077|admin:10.1.0.64:15076|client:10.1.0.64:15075|dataStream:10.1.0.64:15078|priority:1|startupRole:FOLLOWER, 5b9af961-56be-4fa8-844e-3cefe1429416|rpc:10.1.0.64:15069|admin:10.1.0.64:15068|client:10.1.0.64:15067|dataStream:10.1.0.64:15070|priority:0|startupRole:FOLLOWER, bcbacd9a-ca93-42dd-bb1e-f9c21d91cd60|rpc:10.1.0.64:15061|admin:10.1.0.64:15060|client:10.1.0.64:15059|dataStream:10.1.0.64:15062|priority:0|startupRole:FOLLOWER]|listeners:[], old=null, confs=<EMPTY_MAP>
2023-05-17 09:09:10,090 [bcbacd9a-ca93-42dd-bb1e-f9c21d91cd60-groupManagement] INFO  server.RaftServerConfigKeys (ConfUtils.java:logGet(46)) - raft.server.storage.dir = [/home/runner/work/ozone/ozone/hadoop-ozone/integration-test/target/test-dir/MiniOzoneClusterImpl-21d14123-a168-44a2-bc0a-ee93e32dcc9b/datanode-6/data/ratis] (custom)
2023-05-17 09:09:10,090 [bcbacd9a-ca93-42dd-bb1e-f9c21d91cd60-groupManagement] INFO  server.RaftServerConfigKeys (ConfUtils.java:logGet(46)) - raft.server.log.corruption.policy = EXCEPTION (default)
2023-05-17 09:09:10,090 [bcbacd9a-ca93-42dd-bb1e-f9c21d91cd60-groupManagement] INFO  server.RaftServerConfigKeys (ConfUtils.java:logGet(46)) - raft.server.storage.free-space.min = 0MB (=0) (default)
2023-05-17 09:09:10,090 [bcbacd9a-ca93-42dd-bb1e-f9c21d91cd60-groupManagement] INFO  server.RaftServerConfigKeys (ConfUtils.java:logGet(46)) - raft.server.notification.no-leader.timeout = 300s (custom)
2023-05-17 09:09:10,090 [bcbacd9a-ca93-42dd-bb1e-f9c21d91cd60-groupManagement] INFO  server.RaftServerConfigKeys (ConfUtils.java:logGet(46)) - raft.server.read.timeout = 10s (default)
2023-05-17 09:09:10,090 [bcbacd9a-ca93-42dd-bb1e-f9c21d91cd60-groupManagement] INFO  server.RaftServerConfigKeys (ConfUtils.java:logGet(46)) - raft.server.retrycache.expirytime = 600000ms (custom)
2023-05-17 09:09:10,090 [bcbacd9a-ca93-42dd-bb1e-f9c21d91cd60-groupManagement] INFO  server.RaftServerConfigKeys (ConfUtils.java:logGet(46)) - raft.server.retrycache.statistics.expirytime = 100μs (default)
2023-05-17 09:09:10,091 [bcbacd9a-ca93-42dd-bb1e-f9c21d91cd60-groupManagement] INFO  server.RaftServerConfigKeys (ConfUtils.java:logGet(46)) - raft.server.read.option = DEFAULT (default)
2023-05-17 09:09:10,094 [bcbacd9a-ca93-42dd-bb1e-f9c21d91cd60-groupManagement] INFO  server.RaftServerConfigKeys (ConfUtils.java:logGet(46)) - raft.server.rpc.request.timeout = 60s (custom)
2023-05-17 09:09:10,094 [bcbacd9a-ca93-42dd-bb1e-f9c21d91cd60-groupManagement] INFO  server.RaftServerConfigKeys (ConfUtils.java:logGet(46)) - raft.server.log.appender.install.snapshot.enabled = false (custom)
2023-05-17 09:09:10,094 [bcbacd9a-ca93-42dd-bb1e-f9c21d91cd60-groupManagement] INFO  server.RaftServerConfigKeys (ConfUtils.java:logGet(46)) - raft.server.threadpool.server.cached = true (default)
2023-05-17 09:09:10,094 [bcbacd9a-ca93-42dd-bb1e-f9c21d91cd60-groupManagement] INFO  server.RaftServerConfigKeys (ConfUtils.java:logGet(46)) - raft.server.threadpool.server.size = 0 (default)
2023-05-17 09:09:10,094 [bcbacd9a-ca93-42dd-bb1e-f9c21d91cd60-groupManagement] INFO  server.RaftServerConfigKeys (ConfUtils.java:logGet(46)) - raft.server.threadpool.client.cached = true (default)
2023-05-17 09:09:10,094 [bcbacd9a-ca93-42dd-bb1e-f9c21d91cd60-groupManagement] INFO  server.RaftServerConfigKeys (ConfUtils.java:logGet(46)) - raft.server.threadpool.client.size = 0 (default)
2023-05-17 09:09:10,094 [bcbacd9a-ca93-42dd-bb1e-f9c21d91cd60-groupManagement] INFO  storage.RaftStorageDirectory (RaftStorageDirectoryImpl.java:analyzeStorage(137)) - The storage directory /home/runner/work/ozone/ozone/hadoop-ozone/integration-test/target/test-dir/MiniOzoneClusterImpl-21d14123-a168-44a2-bc0a-ee93e32dcc9b/datanode-6/data/ratis/a870d4e5-2afa-42e0-ae48-f19cf75f4c85 does not exist. Creating ...
2023-05-17 09:09:10,095 [f1b6f36b-e7af-48b8-b739-38f78676889c-groupManagement] INFO  server.RaftServerConfigKeys (ConfUtils.java:logGet(46)) - raft.server.log.write.buffer.size = 1048576 (custom)
2023-05-17 09:09:10,095 [bcbacd9a-ca93-42dd-bb1e-f9c21d91cd60-groupManagement] INFO  storage.RaftStorageDirectory (RaftStorageDirectoryImpl.java:tryLock(231)) - Lock on /home/runner/work/ozone/ozone/hadoop-ozone/integration-test/target/test-dir/MiniOzoneClusterImpl-21d14123-a168-44a2-bc0a-ee93e32dcc9b/datanode-6/data/ratis/a870d4e5-2afa-42e0-ae48-f19cf75f4c85/in_use.lock acquired by nodename 2768@fv-az41-747
2023-05-17 09:09:10,095 [f1b6f36b-e7af-48b8-b739-38f78676889c-groupManagement] INFO  server.RaftServerConfigKeys (ConfUtils.java:logGet(46)) - raft.server.log.appender.buffer.byte-limit = 33554432 (custom)
2023-05-17 09:09:10,096 [bcbacd9a-ca93-42dd-bb1e-f9c21d91cd60-groupManagement] INFO  storage.RaftStorage (RaftStorageImpl.java:format(96)) - Storage directory /home/runner/work/ozone/ozone/hadoop-ozone/integration-test/target/test-dir/MiniOzoneClusterImpl-21d14123-a168-44a2-bc0a-ee93e32dcc9b/datanode-6/data/ratis/a870d4e5-2afa-42e0-ae48-f19cf75f4c85 has been successfully formatted.
2023-05-17 09:09:10,100 [f1b6f36b-e7af-48b8-b739-38f78676889c-groupManagement] INFO  server.RaftServerConfigKeys (ConfUtils.java:logGet(46)) - raft.server.log.unsafe-flush.enabled = false (default)
2023-05-17 09:09:10,100 [f1b6f36b-e7af-48b8-b739-38f78676889c-groupManagement] INFO  server.RaftServerConfigKeys (ConfUtils.java:logGet(46)) - raft.server.log.async-flush.enabled = false (default)
2023-05-17 09:09:10,100 [f1b6f36b-e7af-48b8-b739-38f78676889c-groupManagement] INFO  server.RaftServerConfigKeys (ConfUtils.java:logGet(46)) - raft.server.log.statemachine.data.caching.enabled = true (custom)
2023-05-17 09:09:10,101 [f1b6f36b-e7af-48b8-b739-38f78676889c-groupManagement] INFO  segmented.SegmentedRaftLogWorker (SegmentedRaftLogWorker.java:lambda$new$0(135)) - f1b6f36b-e7af-48b8-b739-38f78676889c@group-E694C42C06C7-SegmentedRaftLogWorker: flushIndex: setUnconditionally 0 -> -1
2023-05-17 09:09:10,101 [f1b6f36b-e7af-48b8-b739-38f78676889c-groupManagement] INFO  segmented.SegmentedRaftLogWorker (SegmentedRaftLogWorker.java:lambda$new$0(135)) - f1b6f36b-e7af-48b8-b739-38f78676889c@group-E694C42C06C7-SegmentedRaftLogWorker: safeCacheEvictIndex: setUnconditionally 0 -> -1
2023-05-17 09:09:10,103 [5b9fa8c3-08c3-43f9-b175-3119fbbe3900-groupManagement] INFO  server.RaftServer$Division (RaftServerImpl.java:<init>(198)) - 5b9fa8c3-08c3-43f9-b175-3119fbbe3900: new RaftServerImpl for group-4902C97A15D4:[5b9fa8c3-08c3-43f9-b175-3119fbbe3900|rpc:10.1.0.64:15077|admin:10.1.0.64:15076|client:10.1.0.64:15075|dataStream:10.1.0.64:15078|priority:1|startupRole:FOLLOWER] with ContainerStateMachine:uninitialized
2023-05-17 09:09:10,103 [5b9fa8c3-08c3-43f9-b175-3119fbbe3900-groupManagement] INFO  server.RaftServerConfigKeys (ConfUtils.java:logGet(46)) - raft.server.rpc.timeout.min = 5s (custom)
2023-05-17 09:09:10,104 [5b9fa8c3-08c3-43f9-b175-3119fbbe3900-groupManagement] INFO  server.RaftServerConfigKeys (ConfUtils.java:logGet(46)) - raft.server.rpc.timeout.max = 5200ms (custom)
2023-05-17 09:09:10,104 [5b9fa8c3-08c3-43f9-b175-3119fbbe3900-groupManagement] INFO  server.RaftServerConfigKeys (ConfUtils.java:logGet(46)) - raft.server.rpc.sleep.time = 25ms (default)
2023-05-17 09:09:10,104 [5b9fa8c3-08c3-43f9-b175-3119fbbe3900-groupManagement] INFO  server.RaftServerConfigKeys (ConfUtils.java:logGet(46)) - raft.server.rpc.slowness.timeout = 300s (custom)
2023-05-17 09:09:10,104 [5b9fa8c3-08c3-43f9-b175-3119fbbe3900-groupManagement] INFO  server.RaftServerConfigKeys (ConfUtils.java:logGet(46)) - raft.server.leaderelection.leader.step-down.wait-time = 10s (default)
2023-05-17 09:09:10,104 [5b9fa8c3-08c3-43f9-b175-3119fbbe3900-groupManagement] INFO  server.RaftServerConfigKeys (ConfUtils.java:logGet(46)) - raft.server.sleep.deviation.threshold = 300ms (default)
2023-05-17 09:09:10,104 [5b9fa8c3-08c3-43f9-b175-3119fbbe3900-groupManagement] INFO  server.RaftServer$Division (ServerState.java:<init>(120)) - 5b9fa8c3-08c3-43f9-b175-3119fbbe3900@group-4902C97A15D4: ConfigurationManager, init=-1: peers:[5b9fa8c3-08c3-43f9-b175-3119fbbe3900|rpc:10.1.0.64:15077|admin:10.1.0.64:15076|client:10.1.0.64:15075|dataStream:10.1.0.64:15078|priority:1|startupRole:FOLLOWER]|listeners:[], old=null, confs=<EMPTY_MAP>
2023-05-17 09:09:10,104 [5b9fa8c3-08c3-43f9-b175-3119fbbe3900-groupManagement] INFO  server.RaftServerConfigKeys (ConfUtils.java:logGet(46)) - raft.server.storage.dir = [/home/runner/work/ozone/ozone/hadoop-ozone/integration-test/target/test-dir/MiniOzoneClusterImpl-21d14123-a168-44a2-bc0a-ee93e32dcc9b/datanode-8/data/ratis] (custom)
2023-05-17 09:09:10,104 [5b9fa8c3-08c3-43f9-b175-3119fbbe3900-groupManagement] INFO  server.RaftServerConfigKeys (ConfUtils.java:logGet(46)) - raft.server.log.corruption.policy = EXCEPTION (default)
2023-05-17 09:09:10,104 [5b9fa8c3-08c3-43f9-b175-3119fbbe3900-groupManagement] INFO  server.RaftServerConfigKeys (ConfUtils.java:logGet(46)) - raft.server.storage.free-space.min = 0MB (=0) (default)
2023-05-17 09:09:10,104 [5b9fa8c3-08c3-43f9-b175-3119fbbe3900-groupManagement] INFO  server.RaftServerConfigKeys (ConfUtils.java:logGet(46)) - raft.server.notification.no-leader.timeout = 300s (custom)
2023-05-17 09:09:10,104 [5b9fa8c3-08c3-43f9-b175-3119fbbe3900-groupManagement] INFO  server.RaftServerConfigKeys (ConfUtils.java:logGet(46)) - raft.server.read.timeout = 10s (default)
2023-05-17 09:09:10,104 [5b9fa8c3-08c3-43f9-b175-3119fbbe3900-groupManagement] INFO  server.RaftServerConfigKeys (ConfUtils.java:logGet(46)) - raft.server.retrycache.expirytime = 600000ms (custom)
2023-05-17 09:09:10,104 [5b9fa8c3-08c3-43f9-b175-3119fbbe3900-groupManagement] INFO  server.RaftServerConfigKeys (ConfUtils.java:logGet(46)) - raft.server.retrycache.statistics.expirytime = 100μs (default)
2023-05-17 09:09:10,104 [5b9fa8c3-08c3-43f9-b175-3119fbbe3900-groupManagement] INFO  server.RaftServerConfigKeys (ConfUtils.java:logGet(46)) - raft.server.read.option = DEFAULT (default)
2023-05-17 09:09:10,106 [5b9fa8c3-08c3-43f9-b175-3119fbbe3900-groupManagement] INFO  server.RaftServerConfigKeys (ConfUtils.java:logGet(46)) - raft.server.rpc.request.timeout = 60s (custom)
2023-05-17 09:09:10,106 [5b9fa8c3-08c3-43f9-b175-3119fbbe3900-groupManagement] INFO  server.RaftServerConfigKeys (ConfUtils.java:logGet(46)) - raft.server.log.appender.install.snapshot.enabled = false (custom)
2023-05-17 09:09:10,106 [5b9fa8c3-08c3-43f9-b175-3119fbbe3900-groupManagement] INFO  server.RaftServerConfigKeys (ConfUtils.java:logGet(46)) - raft.server.threadpool.server.cached = true (default)
2023-05-17 09:09:10,106 [5b9fa8c3-08c3-43f9-b175-3119fbbe3900-groupManagement] INFO  server.RaftServerConfigKeys (ConfUtils.java:logGet(46)) - raft.server.threadpool.server.size = 0 (default)
2023-05-17 09:09:10,107 [5b9fa8c3-08c3-43f9-b175-3119fbbe3900-groupManagement] INFO  server.RaftServerConfigKeys (ConfUtils.java:logGet(46)) - raft.server.threadpool.client.cached = true (default)
2023-05-17 09:09:10,107 [5b9fa8c3-08c3-43f9-b175-3119fbbe3900-groupManagement] INFO  server.RaftServerConfigKeys (ConfUtils.java:logGet(46)) - raft.server.threadpool.client.size = 0 (default)
2023-05-17 09:09:10,107 [5b9fa8c3-08c3-43f9-b175-3119fbbe3900-groupManagement] INFO  storage.RaftStorageDirectory (RaftStorageDirectoryImpl.java:analyzeStorage(137)) - The storage directory /home/runner/work/ozone/ozone/hadoop-ozone/integration-test/target/test-dir/MiniOzoneClusterImpl-21d14123-a168-44a2-bc0a-ee93e32dcc9b/datanode-8/data/ratis/b0bff6a4-6f25-4e85-bba4-4902c97a15d4 does not exist. Creating ...
2023-05-17 09:09:10,109 [5b9fa8c3-08c3-43f9-b175-3119fbbe3900-groupManagement] INFO  storage.RaftStorageDirectory (RaftStorageDirectoryImpl.java:tryLock(231)) - Lock on /home/runner/work/ozone/ozone/hadoop-ozone/integration-test/target/test-dir/MiniOzoneClusterImpl-21d14123-a168-44a2-bc0a-ee93e32dcc9b/datanode-8/data/ratis/b0bff6a4-6f25-4e85-bba4-4902c97a15d4/in_use.lock acquired by nodename 2768@fv-az41-747
2023-05-17 09:09:10,111 [f1b6f36b-e7af-48b8-b739-38f78676889c-groupManagement] INFO  server.RaftServer$Division (RaftServerImpl.java:start(342)) - f1b6f36b-e7af-48b8-b739-38f78676889c@group-E694C42C06C7: start as a follower, conf=-1: peers:[4ea9b805-d843-4364-8f91-0c3c20e3ed71|rpc:10.1.0.64:15101|admin:10.1.0.64:15100|client:10.1.0.64:15099|dataStream:10.1.0.64:15102|priority:1|startupRole:FOLLOWER, f1b6f36b-e7af-48b8-b739-38f78676889c|rpc:10.1.0.64:15093|admin:10.1.0.64:15092|client:10.1.0.64:15091|dataStream:10.1.0.64:15094|priority:0|startupRole:FOLLOWER, a82ad0ea-641b-4ac2-b933-a1a26b5fe742|rpc:10.1.0.64:15085|admin:10.1.0.64:15084|client:10.1.0.64:15083|dataStream:10.1.0.64:15086|priority:0|startupRole:FOLLOWER]|listeners:[], old=null
2023-05-17 09:09:10,115 [Listener at 127.0.0.1/15004] INFO  ozone.MiniOzoneClusterImpl (MiniOzoneClusterImpl.java:lambda$waitForClusterToBeReady$0(222)) - Nodes are ready. Got 14 of 14 DN Heartbeats.
2023-05-17 09:09:10,115 [Listener at 127.0.0.1/15004] INFO  ozone.MiniOzoneClusterImpl (MiniOzoneClusterImpl.java:lambda$waitForClusterToBeReady$0(225)) - Waiting for cluster to exit safe mode
2023-05-17 09:09:10,115 [Listener at 127.0.0.1/15004] INFO  ozone.MiniOzoneClusterImpl (MiniOzoneClusterImpl.java:lambda$waitForClusterToBeReady$0(227)) - SCM became leader
2023-05-17 09:09:10,116 [5b9fa8c3-08c3-43f9-b175-3119fbbe3900-groupManagement] INFO  storage.RaftStorage (RaftStorageImpl.java:format(96)) - Storage directory /home/runner/work/ozone/ozone/hadoop-ozone/integration-test/target/test-dir/MiniOzoneClusterImpl-21d14123-a168-44a2-bc0a-ee93e32dcc9b/datanode-8/data/ratis/b0bff6a4-6f25-4e85-bba4-4902c97a15d4 has been successfully formatted.
2023-05-17 09:09:10,116 [bcbacd9a-ca93-42dd-bb1e-f9c21d91cd60-groupManagement] INFO  ratis.ContainerStateMachine (ContainerStateMachine.java:loadSnapshot(262)) - group-F19CF75F4C85: The snapshot info is null. Setting the last applied indexto:(t:0, i:~)
2023-05-17 09:09:10,116 [bcbacd9a-ca93-42dd-bb1e-f9c21d91cd60-groupManagement] INFO  server.RaftServerConfigKeys (ConfUtils.java:logGet(46)) - raft.server.log.use.memory = false (default)
2023-05-17 09:09:10,117 [5b9fa8c3-08c3-43f9-b175-3119fbbe3900-groupManagement] INFO  ratis.ContainerStateMachine (ContainerStateMachine.java:loadSnapshot(262)) - group-4902C97A15D4: The snapshot info is null. Setting the last applied indexto:(t:0, i:~)
2023-05-17 09:09:10,117 [5b9fa8c3-08c3-43f9-b175-3119fbbe3900-groupManagement] INFO  server.RaftServerConfigKeys (ConfUtils.java:logGet(46)) - raft.server.log.use.memory = false (default)
2023-05-17 09:09:10,117 [5b9fa8c3-08c3-43f9-b175-3119fbbe3900-groupManagement] INFO  server.RaftServerConfigKeys (ConfUtils.java:logGet(46)) - raft.server.log.purge.gap = 1000000 (custom)
2023-05-17 09:09:10,117 [5b9fa8c3-08c3-43f9-b175-3119fbbe3900-groupManagement] INFO  server.RaftServerConfigKeys (ConfUtils.java:logGet(46)) - raft.server.log.appender.buffer.byte-limit = 33554432 (custom)
2023-05-17 09:09:10,117 [5b9fa8c3-08c3-43f9-b175-3119fbbe3900-groupManagement] INFO  server.RaftServerConfigKeys (ConfUtils.java:logGet(46)) - raft.server.log.statemachine.data.read.timeout = 1000ms (default)
2023-05-17 09:09:10,117 [5b9fa8c3-08c3-43f9-b175-3119fbbe3900-groupManagement] INFO  server.RaftServerConfigKeys (ConfUtils.java:logGet(46)) - raft.server.log.purge.preservation.log.num = 0 (default)
2023-05-17 09:09:10,117 [5b9fa8c3-08c3-43f9-b175-3119fbbe3900-groupManagement] INFO  server.RaftServerConfigKeys (ConfUtils.java:logGet(46)) - raft.server.log.segment.size.max = 1048576 (custom)
2023-05-17 09:09:10,117 [5b9fa8c3-08c3-43f9-b175-3119fbbe3900-groupManagement] INFO  server.RaftServerConfigKeys (ConfUtils.java:logGet(46)) - raft.server.log.segment.cache.num.max = 2 (custom)
2023-05-17 09:09:10,118 [5b9fa8c3-08c3-43f9-b175-3119fbbe3900-groupManagement] INFO  server.RaftServerConfigKeys (ConfUtils.java:logGet(46)) - raft.server.log.segment.cache.size.max = 200MB (=209715200) (default)
2023-05-17 09:09:10,118 [5b9fa8c3-08c3-43f9-b175-3119fbbe3900-groupManagement] INFO  server.RaftServerConfigKeys (ConfUtils.java:logGet(46)) - raft.server.log.appender.buffer.byte-limit = 33554432 (custom)
2023-05-17 09:09:10,118 [5b9fa8c3-08c3-43f9-b175-3119fbbe3900-groupManagement] INFO  segmented.SegmentedRaftLogWorker (SegmentedRaftLogWorker.java:<init>(188)) - new 5b9fa8c3-08c3-43f9-b175-3119fbbe3900@group-4902C97A15D4-SegmentedRaftLogWorker for RaftStorageImpl:Storage Directory /home/runner/work/ozone/ozone/hadoop-ozone/integration-test/target/test-dir/MiniOzoneClusterImpl-21d14123-a168-44a2-bc0a-ee93e32dcc9b/datanode-8/data/ratis/b0bff6a4-6f25-4e85-bba4-4902c97a15d4
2023-05-17 09:09:10,118 [5b9fa8c3-08c3-43f9-b175-3119fbbe3900-groupManagement] INFO  server.RaftServerConfigKeys (ConfUtils.java:logGet(46)) - raft.server.log.queue.byte-limit = 4294967296 (custom)
2023-05-17 09:09:10,118 [5b9fa8c3-08c3-43f9-b175-3119fbbe3900-groupManagement] INFO  server.RaftServerConfigKeys (ConfUtils.java:logGet(46)) - raft.server.log.queue.element-limit = 1024 (custom)
2023-05-17 09:09:10,118 [5b9fa8c3-08c3-43f9-b175-3119fbbe3900-groupManagement] INFO  server.RaftServerConfigKeys (ConfUtils.java:logGet(46)) - raft.server.log.segment.size.max = 1048576 (custom)
2023-05-17 09:09:10,118 [5b9fa8c3-08c3-43f9-b175-3119fbbe3900-groupManagement] INFO  server.RaftServerConfigKeys (ConfUtils.java:logGet(46)) - raft.server.log.preallocated.size = 16384 (custom)
2023-05-17 09:09:10,118 [5b9fa8c3-08c3-43f9-b175-3119fbbe3900-groupManagement] INFO  server.RaftServerConfigKeys (ConfUtils.java:logGet(46)) - raft.server.log.force.sync.num = 128 (default)
2023-05-17 09:09:10,118 [5b9fa8c3-08c3-43f9-b175-3119fbbe3900-groupManagement] INFO  server.RaftServerConfigKeys (ConfUtils.java:logGet(46)) - raft.server.log.statemachine.data.sync = true (default)
2023-05-17 09:09:10,118 [5b9fa8c3-08c3-43f9-b175-3119fbbe3900-groupManagement] INFO  server.RaftServerConfigKeys (ConfUtils.java:logGet(46)) - raft.server.log.statemachine.data.sync.timeout = 10s (default)
2023-05-17 09:09:10,118 [5b9fa8c3-08c3-43f9-b175-3119fbbe3900-groupManagement] INFO  server.RaftServerConfigKeys (ConfUtils.java:logGet(46)) - raft.server.log.statemachine.data.sync.timeout.retry = -1 (default)
2023-05-17 09:09:10,119 [5b9fa8c3-08c3-43f9-b175-3119fbbe3900-groupManagement] INFO  server.RaftServerConfigKeys (ConfUtils.java:logGet(46)) - raft.server.log.write.buffer.size = 1048576 (custom)
2023-05-17 09:09:10,119 [5b9fa8c3-08c3-43f9-b175-3119fbbe3900-groupManagement] INFO  server.RaftServerConfigKeys (ConfUtils.java:logGet(46)) - raft.server.log.appender.buffer.byte-limit = 33554432 (custom)
2023-05-17 09:09:10,117 [bcbacd9a-ca93-42dd-bb1e-f9c21d91cd60-groupManagement] INFO  server.RaftServerConfigKeys (ConfUtils.java:logGet(46)) - raft.server.log.purge.gap = 1000000 (custom)
2023-05-17 09:09:10,121 [bcbacd9a-ca93-42dd-bb1e-f9c21d91cd60-groupManagement] INFO  server.RaftServerConfigKeys (ConfUtils.java:logGet(46)) - raft.server.log.appender.buffer.byte-limit = 33554432 (custom)
2023-05-17 09:09:10,121 [bcbacd9a-ca93-42dd-bb1e-f9c21d91cd60-groupManagement] INFO  server.RaftServerConfigKeys (ConfUtils.java:logGet(46)) - raft.server.log.statemachine.data.read.timeout = 1000ms (default)
2023-05-17 09:09:10,121 [bcbacd9a-ca93-42dd-bb1e-f9c21d91cd60-groupManagement] INFO  server.RaftServerConfigKeys (ConfUtils.java:logGet(46)) - raft.server.log.purge.preservation.log.num = 0 (default)
2023-05-17 09:09:10,121 [f1b6f36b-e7af-48b8-b739-38f78676889c-groupManagement] INFO  server.RaftServer$Division (RaftServerImpl.java:setRole(329)) - f1b6f36b-e7af-48b8-b739-38f78676889c@group-E694C42C06C7: changes role from      null to FOLLOWER at term 0 for startAsFollower
2023-05-17 09:09:10,121 [bcbacd9a-ca93-42dd-bb1e-f9c21d91cd60-groupManagement] INFO  server.RaftServerConfigKeys (ConfUtils.java:logGet(46)) - raft.server.log.segment.size.max = 1048576 (custom)
2023-05-17 09:09:10,122 [bcbacd9a-ca93-42dd-bb1e-f9c21d91cd60-groupManagement] INFO  server.RaftServerConfigKeys (ConfUtils.java:logGet(46)) - raft.server.log.segment.cache.num.max = 2 (custom)
2023-05-17 09:09:10,122 [bcbacd9a-ca93-42dd-bb1e-f9c21d91cd60-groupManagement] INFO  server.RaftServerConfigKeys (ConfUtils.java:logGet(46)) - raft.server.log.segment.cache.size.max = 200MB (=209715200) (default)
2023-05-17 09:09:10,122 [bcbacd9a-ca93-42dd-bb1e-f9c21d91cd60-groupManagement] INFO  server.RaftServerConfigKeys (ConfUtils.java:logGet(46)) - raft.server.log.appender.buffer.byte-limit = 33554432 (custom)
2023-05-17 09:09:10,122 [bcbacd9a-ca93-42dd-bb1e-f9c21d91cd60-groupManagement] INFO  segmented.SegmentedRaftLogWorker (SegmentedRaftLogWorker.java:<init>(188)) - new bcbacd9a-ca93-42dd-bb1e-f9c21d91cd60@group-F19CF75F4C85-SegmentedRaftLogWorker for RaftStorageImpl:Storage Directory /home/runner/work/ozone/ozone/hadoop-ozone/integration-test/target/test-dir/MiniOzoneClusterImpl-21d14123-a168-44a2-bc0a-ee93e32dcc9b/datanode-6/data/ratis/a870d4e5-2afa-42e0-ae48-f19cf75f4c85
2023-05-17 09:09:10,122 [bcbacd9a-ca93-42dd-bb1e-f9c21d91cd60-groupManagement] INFO  server.RaftServerConfigKeys (ConfUtils.java:logGet(46)) - raft.server.log.queue.byte-limit = 4294967296 (custom)
2023-05-17 09:09:10,122 [bcbacd9a-ca93-42dd-bb1e-f9c21d91cd60-groupManagement] INFO  server.RaftServerConfigKeys (ConfUtils.java:logGet(46)) - raft.server.log.queue.element-limit = 1024 (custom)
2023-05-17 09:09:10,122 [bcbacd9a-ca93-42dd-bb1e-f9c21d91cd60-groupManagement] INFO  server.RaftServerConfigKeys (ConfUtils.java:logGet(46)) - raft.server.log.segment.size.max = 1048576 (custom)
2023-05-17 09:09:10,122 [bcbacd9a-ca93-42dd-bb1e-f9c21d91cd60-groupManagement] INFO  server.RaftServerConfigKeys (ConfUtils.java:logGet(46)) - raft.server.log.preallocated.size = 16384 (custom)
2023-05-17 09:09:10,122 [bcbacd9a-ca93-42dd-bb1e-f9c21d91cd60-groupManagement] INFO  server.RaftServerConfigKeys (ConfUtils.java:logGet(46)) - raft.server.log.force.sync.num = 128 (default)
2023-05-17 09:09:10,122 [bcbacd9a-ca93-42dd-bb1e-f9c21d91cd60-groupManagement] INFO  server.RaftServerConfigKeys (ConfUtils.java:logGet(46)) - raft.server.log.statemachine.data.sync = true (default)
2023-05-17 09:09:10,122 [bcbacd9a-ca93-42dd-bb1e-f9c21d91cd60-groupManagement] INFO  server.RaftServerConfigKeys (ConfUtils.java:logGet(46)) - raft.server.log.statemachine.data.sync.timeout = 10s (default)
2023-05-17 09:09:10,122 [bcbacd9a-ca93-42dd-bb1e-f9c21d91cd60-groupManagement] INFO  server.RaftServerConfigKeys (ConfUtils.java:logGet(46)) - raft.server.log.statemachine.data.sync.timeout.retry = -1 (default)
2023-05-17 09:09:10,121 [f1b6f36b-e7af-48b8-b739-38f78676889c-groupManagement] INFO  impl.RoleInfo (RoleInfo.java:updateAndGet(139)) - f1b6f36b-e7af-48b8-b739-38f78676889c: start f1b6f36b-e7af-48b8-b739-38f78676889c@group-E694C42C06C7-FollowerState
2023-05-17 09:09:10,124 [EventQueue-OpenPipelineForHealthyPipelineSafeModeRule] INFO  safemode.SCMSafeModeManager (HealthyPipelineSafeModeRule.java:process(137)) - SCM in safe mode. Healthy pipelines reported count is 0, required healthy pipeline reported count is 1
2023-05-17 09:09:10,124 [EventQueue-OpenPipelineForHealthyPipelineSafeModeRule] INFO  safemode.SCMSafeModeManager (HealthyPipelineSafeModeRule.java:process(137)) - SCM in safe mode. Healthy pipelines reported count is 0, required healthy pipeline reported count is 1
2023-05-17 09:09:10,125 [bcbacd9a-ca93-42dd-bb1e-f9c21d91cd60-groupManagement] INFO  server.RaftServerConfigKeys (ConfUtils.java:logGet(46)) - raft.server.log.write.buffer.size = 1048576 (custom)
2023-05-17 09:09:10,127 [5b9fa8c3-08c3-43f9-b175-3119fbbe3900-groupManagement] INFO  server.RaftServerConfigKeys (ConfUtils.java:logGet(46)) - raft.server.log.unsafe-flush.enabled = false (default)
2023-05-17 09:09:10,127 [5b9fa8c3-08c3-43f9-b175-3119fbbe3900-groupManagement] INFO  server.RaftServerConfigKeys (ConfUtils.java:logGet(46)) - raft.server.log.async-flush.enabled = false (default)
2023-05-17 09:09:10,127 [5b9fa8c3-08c3-43f9-b175-3119fbbe3900-groupManagement] INFO  server.RaftServerConfigKeys (ConfUtils.java:logGet(46)) - raft.server.log.statemachine.data.caching.enabled = true (custom)
2023-05-17 09:09:10,127 [5b9fa8c3-08c3-43f9-b175-3119fbbe3900-groupManagement] INFO  segmented.SegmentedRaftLogWorker (SegmentedRaftLogWorker.java:lambda$new$0(135)) - 5b9fa8c3-08c3-43f9-b175-3119fbbe3900@group-4902C97A15D4-SegmentedRaftLogWorker: flushIndex: setUnconditionally 0 -> -1
2023-05-17 09:09:10,127 [5b9fa8c3-08c3-43f9-b175-3119fbbe3900-groupManagement] INFO  segmented.SegmentedRaftLogWorker (SegmentedRaftLogWorker.java:lambda$new$0(135)) - 5b9fa8c3-08c3-43f9-b175-3119fbbe3900@group-4902C97A15D4-SegmentedRaftLogWorker: safeCacheEvictIndex: setUnconditionally 0 -> -1
2023-05-17 09:09:10,127 [bcbacd9a-ca93-42dd-bb1e-f9c21d91cd60-groupManagement] INFO  server.RaftServerConfigKeys (ConfUtils.java:logGet(46)) - raft.server.log.appender.buffer.byte-limit = 33554432 (custom)
2023-05-17 09:09:10,133 [bcbacd9a-ca93-42dd-bb1e-f9c21d91cd60-groupManagement] INFO  server.RaftServerConfigKeys (ConfUtils.java:logGet(46)) - raft.server.log.unsafe-flush.enabled = false (default)
2023-05-17 09:09:10,133 [bcbacd9a-ca93-42dd-bb1e-f9c21d91cd60-groupManagement] INFO  server.RaftServerConfigKeys (ConfUtils.java:logGet(46)) - raft.server.log.async-flush.enabled = false (default)
2023-05-17 09:09:10,133 [bcbacd9a-ca93-42dd-bb1e-f9c21d91cd60-groupManagement] INFO  server.RaftServerConfigKeys (ConfUtils.java:logGet(46)) - raft.server.log.statemachine.data.caching.enabled = true (custom)
2023-05-17 09:09:10,133 [f1b6f36b-e7af-48b8-b739-38f78676889c@group-E694C42C06C7-FollowerState] INFO  server.RaftServerConfigKeys (ConfUtils.java:logFallback(53)) - raft.server.rpc.first-election.timeout.min = 5s (fallback to raft.server.rpc.timeout.min)
2023-05-17 09:09:10,133 [f1b6f36b-e7af-48b8-b739-38f78676889c-groupManagement] INFO  util.JmxRegister (JmxRegister.java:tryRegister(44)) - Successfully registered JMX Bean with object name Ratis:service=RaftServer,group=group-E694C42C06C7,id=f1b6f36b-e7af-48b8-b739-38f78676889c
2023-05-17 09:09:10,134 [f1b6f36b-e7af-48b8-b739-38f78676889c-groupManagement] INFO  server.RaftServerConfigKeys (ConfUtils.java:logGet(46)) - raft.server.snapshot.auto.trigger.enabled = true (custom)
2023-05-17 09:09:10,134 [f1b6f36b-e7af-48b8-b739-38f78676889c-groupManagement] INFO  server.RaftServerConfigKeys (ConfUtils.java:logGet(46)) - raft.server.snapshot.auto.trigger.threshold = 10000 (custom)
2023-05-17 09:09:10,134 [f1b6f36b-e7af-48b8-b739-38f78676889c-groupManagement] INFO  server.RaftServerConfigKeys (ConfUtils.java:logGet(46)) - raft.server.snapshot.retention.file.num = 5 (custom)
2023-05-17 09:09:10,134 [f1b6f36b-e7af-48b8-b739-38f78676889c-groupManagement] INFO  server.RaftServerConfigKeys (ConfUtils.java:logGet(46)) - raft.server.log.purge.upto.snapshot.index = false (default)
2023-05-17 09:09:10,134 [f1b6f36b-e7af-48b8-b739-38f78676889c@group-E694C42C06C7-FollowerState] INFO  server.RaftServerConfigKeys (ConfUtils.java:logFallback(53)) - raft.server.rpc.first-election.timeout.max = 5200ms (fallback to raft.server.rpc.timeout.max)
2023-05-17 09:09:10,134 [bcbacd9a-ca93-42dd-bb1e-f9c21d91cd60-groupManagement] INFO  segmented.SegmentedRaftLogWorker (SegmentedRaftLogWorker.java:lambda$new$0(135)) - bcbacd9a-ca93-42dd-bb1e-f9c21d91cd60@group-F19CF75F4C85-SegmentedRaftLogWorker: flushIndex: setUnconditionally 0 -> -1
2023-05-17 09:09:10,134 [bcbacd9a-ca93-42dd-bb1e-f9c21d91cd60-groupManagement] INFO  segmented.SegmentedRaftLogWorker (SegmentedRaftLogWorker.java:lambda$new$0(135)) - bcbacd9a-ca93-42dd-bb1e-f9c21d91cd60@group-F19CF75F4C85-SegmentedRaftLogWorker: safeCacheEvictIndex: setUnconditionally 0 -> -1
2023-05-17 09:09:10,138 [5b9fa8c3-08c3-43f9-b175-3119fbbe3900-groupManagement] INFO  server.RaftServer$Division (RaftServerImpl.java:start(342)) - 5b9fa8c3-08c3-43f9-b175-3119fbbe3900@group-4902C97A15D4: start as a follower, conf=-1: peers:[5b9fa8c3-08c3-43f9-b175-3119fbbe3900|rpc:10.1.0.64:15077|admin:10.1.0.64:15076|client:10.1.0.64:15075|dataStream:10.1.0.64:15078|priority:1|startupRole:FOLLOWER]|listeners:[], old=null
2023-05-17 09:09:10,139 [5b9fa8c3-08c3-43f9-b175-3119fbbe3900-groupManagement] INFO  server.RaftServer$Division (RaftServerImpl.java:setRole(329)) - 5b9fa8c3-08c3-43f9-b175-3119fbbe3900@group-4902C97A15D4: changes role from      null to FOLLOWER at term 0 for startAsFollower
2023-05-17 09:09:10,139 [bcbacd9a-ca93-42dd-bb1e-f9c21d91cd60-groupManagement] INFO  server.RaftServer$Division (RaftServerImpl.java:start(342)) - bcbacd9a-ca93-42dd-bb1e-f9c21d91cd60@group-F19CF75F4C85: start as a follower, conf=-1: peers:[5b9fa8c3-08c3-43f9-b175-3119fbbe3900|rpc:10.1.0.64:15077|admin:10.1.0.64:15076|client:10.1.0.64:15075|dataStream:10.1.0.64:15078|priority:1|startupRole:FOLLOWER, 5b9af961-56be-4fa8-844e-3cefe1429416|rpc:10.1.0.64:15069|admin:10.1.0.64:15068|client:10.1.0.64:15067|dataStream:10.1.0.64:15070|priority:0|startupRole:FOLLOWER, bcbacd9a-ca93-42dd-bb1e-f9c21d91cd60|rpc:10.1.0.64:15061|admin:10.1.0.64:15060|client:10.1.0.64:15059|dataStream:10.1.0.64:15062|priority:0|startupRole:FOLLOWER]|listeners:[], old=null
2023-05-17 09:09:10,139 [bcbacd9a-ca93-42dd-bb1e-f9c21d91cd60-groupManagement] INFO  server.RaftServer$Division (RaftServerImpl.java:setRole(329)) - bcbacd9a-ca93-42dd-bb1e-f9c21d91cd60@group-F19CF75F4C85: changes role from      null to FOLLOWER at term 0 for startAsFollower
2023-05-17 09:09:10,139 [bcbacd9a-ca93-42dd-bb1e-f9c21d91cd60-groupManagement] INFO  impl.RoleInfo (RoleInfo.java:updateAndGet(139)) - bcbacd9a-ca93-42dd-bb1e-f9c21d91cd60: start bcbacd9a-ca93-42dd-bb1e-f9c21d91cd60@group-F19CF75F4C85-FollowerState
2023-05-17 09:09:10,140 [bcbacd9a-ca93-42dd-bb1e-f9c21d91cd60-groupManagement] INFO  util.JmxRegister (JmxRegister.java:tryRegister(44)) - Successfully registered JMX Bean with object name Ratis:service=RaftServer,group=group-F19CF75F4C85,id=bcbacd9a-ca93-42dd-bb1e-f9c21d91cd60
2023-05-17 09:09:10,140 [bcbacd9a-ca93-42dd-bb1e-f9c21d91cd60-groupManagement] INFO  server.RaftServerConfigKeys (ConfUtils.java:logGet(46)) - raft.server.snapshot.auto.trigger.enabled = true (custom)
2023-05-17 09:09:10,140 [bcbacd9a-ca93-42dd-bb1e-f9c21d91cd60-groupManagement] INFO  server.RaftServerConfigKeys (ConfUtils.java:logGet(46)) - raft.server.snapshot.auto.trigger.threshold = 10000 (custom)
2023-05-17 09:09:10,140 [bcbacd9a-ca93-42dd-bb1e-f9c21d91cd60-groupManagement] INFO  server.RaftServerConfigKeys (ConfUtils.java:logGet(46)) - raft.server.snapshot.retention.file.num = 5 (custom)
2023-05-17 09:09:10,140 [bcbacd9a-ca93-42dd-bb1e-f9c21d91cd60-groupManagement] INFO  server.RaftServerConfigKeys (ConfUtils.java:logGet(46)) - raft.server.log.purge.upto.snapshot.index = false (default)
2023-05-17 09:09:10,141 [bcbacd9a-ca93-42dd-bb1e-f9c21d91cd60@group-F19CF75F4C85-FollowerState] INFO  server.RaftServerConfigKeys (ConfUtils.java:logFallback(53)) - raft.server.rpc.first-election.timeout.min = 5s (fallback to raft.server.rpc.timeout.min)
2023-05-17 09:09:10,141 [bcbacd9a-ca93-42dd-bb1e-f9c21d91cd60@group-F19CF75F4C85-FollowerState] INFO  server.RaftServerConfigKeys (ConfUtils.java:logFallback(53)) - raft.server.rpc.first-election.timeout.max = 5200ms (fallback to raft.server.rpc.timeout.max)
2023-05-17 09:09:10,146 [Command processor thread] INFO  ratis.XceiverServerRatis (XceiverServerRatis.java:addGroup(806)) - Created group PipelineID=73870f87-6117-452d-ba11-e694c42c06c7
2023-05-17 09:09:10,147 [5b9fa8c3-08c3-43f9-b175-3119fbbe3900-groupManagement] INFO  impl.RoleInfo (RoleInfo.java:updateAndGet(139)) - 5b9fa8c3-08c3-43f9-b175-3119fbbe3900: start 5b9fa8c3-08c3-43f9-b175-3119fbbe3900@group-4902C97A15D4-FollowerState
2023-05-17 09:09:10,152 [5b9fa8c3-08c3-43f9-b175-3119fbbe3900-groupManagement] INFO  util.JmxRegister (JmxRegister.java:tryRegister(44)) - Successfully registered JMX Bean with object name Ratis:service=RaftServer,group=group-4902C97A15D4,id=5b9fa8c3-08c3-43f9-b175-3119fbbe3900
2023-05-17 09:09:10,152 [5b9fa8c3-08c3-43f9-b175-3119fbbe3900-groupManagement] INFO  server.RaftServerConfigKeys (ConfUtils.java:logGet(46)) - raft.server.snapshot.auto.trigger.enabled = true (custom)
2023-05-17 09:09:10,152 [5b9fa8c3-08c3-43f9-b175-3119fbbe3900-groupManagement] INFO  server.RaftServerConfigKeys (ConfUtils.java:logGet(46)) - raft.server.snapshot.auto.trigger.threshold = 10000 (custom)
2023-05-17 09:09:10,152 [5b9fa8c3-08c3-43f9-b175-3119fbbe3900-groupManagement] INFO  server.RaftServerConfigKeys (ConfUtils.java:logGet(46)) - raft.server.snapshot.retention.file.num = 5 (custom)
2023-05-17 09:09:10,153 [5b9fa8c3-08c3-43f9-b175-3119fbbe3900-groupManagement] INFO  server.RaftServerConfigKeys (ConfUtils.java:logGet(46)) - raft.server.log.purge.upto.snapshot.index = false (default)
2023-05-17 09:09:10,153 [5b9fa8c3-08c3-43f9-b175-3119fbbe3900@group-4902C97A15D4-FollowerState] INFO  server.RaftServerConfigKeys (ConfUtils.java:logFallback(53)) - raft.server.rpc.first-election.timeout.min = 5s (fallback to raft.server.rpc.timeout.min)
2023-05-17 09:09:10,159 [5b9fa8c3-08c3-43f9-b175-3119fbbe3900@group-4902C97A15D4-FollowerState] INFO  server.RaftServerConfigKeys (ConfUtils.java:logFallback(53)) - raft.server.rpc.first-election.timeout.max = 5200ms (fallback to raft.server.rpc.timeout.max)
2023-05-17 09:09:10,161 [Command processor thread] INFO  ratis.XceiverServerRatis (XceiverServerRatis.java:addGroup(806)) - Created group PipelineID=b0bff6a4-6f25-4e85-bba4-4902c97a15d4
2023-05-17 09:09:10,161 [Command processor thread] INFO  commandhandler.CreatePipelineCommandHandler (CreatePipelineCommandHandler.java:handle(113)) - Created Pipeline RATIS ONE PipelineID=b0bff6a4-6f25-4e85-bba4-4902c97a15d4.
2023-05-17 09:09:10,166 [Command processor thread] INFO  commandhandler.CreatePipelineCommandHandler (CreatePipelineCommandHandler.java:handle(113)) - Created Pipeline RATIS THREE PipelineID=198e1bf6-3ffb-4307-8ad0-a7669f4b16a5.
2023-05-17 09:09:10,184 [grpc-default-executor-0] INFO  server.RaftServer (RaftServerProxy.java:addNew(98)) - 4ea9b805-d843-4364-8f91-0c3c20e3ed71: addNew group-E694C42C06C7:[4ea9b805-d843-4364-8f91-0c3c20e3ed71|rpc:10.1.0.64:15101|admin:10.1.0.64:15100|client:10.1.0.64:15099|dataStream:10.1.0.64:15102|priority:1|startupRole:FOLLOWER, f1b6f36b-e7af-48b8-b739-38f78676889c|rpc:10.1.0.64:15093|admin:10.1.0.64:15092|client:10.1.0.64:15091|dataStream:10.1.0.64:15094|priority:0|startupRole:FOLLOWER, a82ad0ea-641b-4ac2-b933-a1a26b5fe742|rpc:10.1.0.64:15085|admin:10.1.0.64:15084|client:10.1.0.64:15083|dataStream:10.1.0.64:15086|priority:0|startupRole:FOLLOWER] returns group-E694C42C06C7:java.util.concurrent.CompletableFuture@4c07c447[Not completed]
2023-05-17 09:09:10,193 [4ea9b805-d843-4364-8f91-0c3c20e3ed71-groupManagement] INFO  server.RaftServer$Division (RaftServerImpl.java:<init>(198)) - 4ea9b805-d843-4364-8f91-0c3c20e3ed71: new RaftServerImpl for group-E694C42C06C7:[4ea9b805-d843-4364-8f91-0c3c20e3ed71|rpc:10.1.0.64:15101|admin:10.1.0.64:15100|client:10.1.0.64:15099|dataStream:10.1.0.64:15102|priority:1|startupRole:FOLLOWER, f1b6f36b-e7af-48b8-b739-38f78676889c|rpc:10.1.0.64:15093|admin:10.1.0.64:15092|client:10.1.0.64:15091|dataStream:10.1.0.64:15094|priority:0|startupRole:FOLLOWER, a82ad0ea-641b-4ac2-b933-a1a26b5fe742|rpc:10.1.0.64:15085|admin:10.1.0.64:15084|client:10.1.0.64:15083|dataStream:10.1.0.64:15086|priority:0|startupRole:FOLLOWER] with ContainerStateMachine:uninitialized
2023-05-17 09:09:10,193 [4ea9b805-d843-4364-8f91-0c3c20e3ed71-groupManagement] INFO  server.RaftServerConfigKeys (ConfUtils.java:logGet(46)) - raft.server.rpc.timeout.min = 5s (custom)
2023-05-17 09:09:10,194 [4ea9b805-d843-4364-8f91-0c3c20e3ed71-groupManagement] INFO  server.RaftServerConfigKeys (ConfUtils.java:logGet(46)) - raft.server.rpc.timeout.max = 5200ms (custom)
2023-05-17 09:09:10,194 [4ea9b805-d843-4364-8f91-0c3c20e3ed71-groupManagement] INFO  server.RaftServerConfigKeys (ConfUtils.java:logGet(46)) - raft.server.rpc.sleep.time = 25ms (default)
2023-05-17 09:09:10,194 [4ea9b805-d843-4364-8f91-0c3c20e3ed71-groupManagement] INFO  server.RaftServerConfigKeys (ConfUtils.java:logGet(46)) - raft.server.rpc.slowness.timeout = 300s (custom)
2023-05-17 09:09:10,194 [4ea9b805-d843-4364-8f91-0c3c20e3ed71-groupManagement] INFO  server.RaftServerConfigKeys (ConfUtils.java:logGet(46)) - raft.server.leaderelection.leader.step-down.wait-time = 10s (default)
2023-05-17 09:09:10,194 [4ea9b805-d843-4364-8f91-0c3c20e3ed71-groupManagement] INFO  server.RaftServerConfigKeys (ConfUtils.java:logGet(46)) - raft.server.sleep.deviation.threshold = 300ms (default)
2023-05-17 09:09:10,194 [4ea9b805-d843-4364-8f91-0c3c20e3ed71-groupManagement] INFO  server.RaftServer$Division (ServerState.java:<init>(120)) - 4ea9b805-d843-4364-8f91-0c3c20e3ed71@group-E694C42C06C7: ConfigurationManager, init=-1: peers:[4ea9b805-d843-4364-8f91-0c3c20e3ed71|rpc:10.1.0.64:15101|admin:10.1.0.64:15100|client:10.1.0.64:15099|dataStream:10.1.0.64:15102|priority:1|startupRole:FOLLOWER, f1b6f36b-e7af-48b8-b739-38f78676889c|rpc:10.1.0.64:15093|admin:10.1.0.64:15092|client:10.1.0.64:15091|dataStream:10.1.0.64:15094|priority:0|startupRole:FOLLOWER, a82ad0ea-641b-4ac2-b933-a1a26b5fe742|rpc:10.1.0.64:15085|admin:10.1.0.64:15084|client:10.1.0.64:15083|dataStream:10.1.0.64:15086|priority:0|startupRole:FOLLOWER]|listeners:[], old=null, confs=<EMPTY_MAP>
2023-05-17 09:09:10,194 [4ea9b805-d843-4364-8f91-0c3c20e3ed71-groupManagement] INFO  server.RaftServerConfigKeys (ConfUtils.java:logGet(46)) - raft.server.storage.dir = [/home/runner/work/ozone/ozone/hadoop-ozone/integration-test/target/test-dir/MiniOzoneClusterImpl-21d14123-a168-44a2-bc0a-ee93e32dcc9b/datanode-11/data/ratis] (custom)
2023-05-17 09:09:10,194 [4ea9b805-d843-4364-8f91-0c3c20e3ed71-groupManagement] INFO  server.RaftServerConfigKeys (ConfUtils.java:logGet(46)) - raft.server.log.corruption.policy = EXCEPTION (default)
2023-05-17 09:09:10,194 [4ea9b805-d843-4364-8f91-0c3c20e3ed71-groupManagement] INFO  server.RaftServerConfigKeys (ConfUtils.java:logGet(46)) - raft.server.storage.free-space.min = 0MB (=0) (default)
2023-05-17 09:09:10,194 [4ea9b805-d843-4364-8f91-0c3c20e3ed71-groupManagement] INFO  server.RaftServerConfigKeys (ConfUtils.java:logGet(46)) - raft.server.notification.no-leader.timeout = 300s (custom)
2023-05-17 09:09:10,194 [4ea9b805-d843-4364-8f91-0c3c20e3ed71-groupManagement] INFO  server.RaftServerConfigKeys (ConfUtils.java:logGet(46)) - raft.server.read.timeout = 10s (default)
2023-05-17 09:09:10,194 [4ea9b805-d843-4364-8f91-0c3c20e3ed71-groupManagement] INFO  server.RaftServerConfigKeys (ConfUtils.java:logGet(46)) - raft.server.retrycache.expirytime = 600000ms (custom)
2023-05-17 09:09:10,194 [4ea9b805-d843-4364-8f91-0c3c20e3ed71-groupManagement] INFO  server.RaftServerConfigKeys (ConfUtils.java:logGet(46)) - raft.server.retrycache.statistics.expirytime = 100μs (default)
2023-05-17 09:09:10,194 [4ea9b805-d843-4364-8f91-0c3c20e3ed71-groupManagement] INFO  server.RaftServerConfigKeys (ConfUtils.java:logGet(46)) - raft.server.read.option = DEFAULT (default)
2023-05-17 09:09:10,195 [4ea9b805-d843-4364-8f91-0c3c20e3ed71-groupManagement] INFO  server.RaftServerConfigKeys (ConfUtils.java:logGet(46)) - raft.server.rpc.request.timeout = 60s (custom)
2023-05-17 09:09:10,195 [4ea9b805-d843-4364-8f91-0c3c20e3ed71-groupManagement] INFO  server.RaftServerConfigKeys (ConfUtils.java:logGet(46)) - raft.server.log.appender.install.snapshot.enabled = false (custom)
2023-05-17 09:09:10,195 [4ea9b805-d843-4364-8f91-0c3c20e3ed71-groupManagement] INFO  server.RaftServerConfigKeys (ConfUtils.java:logGet(46)) - raft.server.threadpool.server.cached = true (default)
2023-05-17 09:09:10,195 [4ea9b805-d843-4364-8f91-0c3c20e3ed71-groupManagement] INFO  server.RaftServerConfigKeys (ConfUtils.java:logGet(46)) - raft.server.threadpool.server.size = 0 (default)
2023-05-17 09:09:10,196 [4ea9b805-d843-4364-8f91-0c3c20e3ed71-groupManagement] INFO  server.RaftServerConfigKeys (ConfUtils.java:logGet(46)) - raft.server.threadpool.client.cached = true (default)
2023-05-17 09:09:10,196 [4ea9b805-d843-4364-8f91-0c3c20e3ed71-groupManagement] INFO  server.RaftServerConfigKeys (ConfUtils.java:logGet(46)) - raft.server.threadpool.client.size = 0 (default)
2023-05-17 09:09:10,196 [4ea9b805-d843-4364-8f91-0c3c20e3ed71-groupManagement] INFO  storage.RaftStorageDirectory (RaftStorageDirectoryImpl.java:analyzeStorage(137)) - The storage directory /home/runner/work/ozone/ozone/hadoop-ozone/integration-test/target/test-dir/MiniOzoneClusterImpl-21d14123-a168-44a2-bc0a-ee93e32dcc9b/datanode-11/data/ratis/73870f87-6117-452d-ba11-e694c42c06c7 does not exist. Creating ...
2023-05-17 09:09:10,200 [Command processor thread] INFO  commandhandler.CreatePipelineCommandHandler (CreatePipelineCommandHandler.java:handle(113)) - Created Pipeline RATIS THREE PipelineID=a870d4e5-2afa-42e0-ae48-f19cf75f4c85.
2023-05-17 09:09:10,201 [4ea9b805-d843-4364-8f91-0c3c20e3ed71-groupManagement] INFO  storage.RaftStorageDirectory (RaftStorageDirectoryImpl.java:tryLock(231)) - Lock on /home/runner/work/ozone/ozone/hadoop-ozone/integration-test/target/test-dir/MiniOzoneClusterImpl-21d14123-a168-44a2-bc0a-ee93e32dcc9b/datanode-11/data/ratis/73870f87-6117-452d-ba11-e694c42c06c7/in_use.lock acquired by nodename 2768@fv-az41-747
2023-05-17 09:09:10,204 [4ea9b805-d843-4364-8f91-0c3c20e3ed71-groupManagement] INFO  storage.RaftStorage (RaftStorageImpl.java:format(96)) - Storage directory /home/runner/work/ozone/ozone/hadoop-ozone/integration-test/target/test-dir/MiniOzoneClusterImpl-21d14123-a168-44a2-bc0a-ee93e32dcc9b/datanode-11/data/ratis/73870f87-6117-452d-ba11-e694c42c06c7 has been successfully formatted.
2023-05-17 09:09:10,208 [4ea9b805-d843-4364-8f91-0c3c20e3ed71-groupManagement] INFO  ratis.ContainerStateMachine (ContainerStateMachine.java:loadSnapshot(262)) - group-E694C42C06C7: The snapshot info is null. Setting the last applied indexto:(t:0, i:~)
2023-05-17 09:09:10,208 [4ea9b805-d843-4364-8f91-0c3c20e3ed71-groupManagement] INFO  server.RaftServerConfigKeys (ConfUtils.java:logGet(46)) - raft.server.log.use.memory = false (default)
2023-05-17 09:09:10,208 [4ea9b805-d843-4364-8f91-0c3c20e3ed71-groupManagement] INFO  server.RaftServerConfigKeys (ConfUtils.java:logGet(46)) - raft.server.log.purge.gap = 1000000 (custom)
2023-05-17 09:09:10,208 [4ea9b805-d843-4364-8f91-0c3c20e3ed71-groupManagement] INFO  server.RaftServerConfigKeys (ConfUtils.java:logGet(46)) - raft.server.log.appender.buffer.byte-limit = 33554432 (custom)
2023-05-17 09:09:10,208 [4ea9b805-d843-4364-8f91-0c3c20e3ed71-groupManagement] INFO  server.RaftServerConfigKeys (ConfUtils.java:logGet(46)) - raft.server.log.statemachine.data.read.timeout = 1000ms (default)
2023-05-17 09:09:10,208 [4ea9b805-d843-4364-8f91-0c3c20e3ed71-groupManagement] INFO  server.RaftServerConfigKeys (ConfUtils.java:logGet(46)) - raft.server.log.purge.preservation.log.num = 0 (default)
2023-05-17 09:09:10,209 [4ea9b805-d843-4364-8f91-0c3c20e3ed71-groupManagement] INFO  server.RaftServerConfigKeys (ConfUtils.java:logGet(46)) - raft.server.log.segment.size.max = 1048576 (custom)
2023-05-17 09:09:10,210 [4ea9b805-d843-4364-8f91-0c3c20e3ed71-groupManagement] INFO  server.RaftServerConfigKeys (ConfUtils.java:logGet(46)) - raft.server.log.segment.cache.num.max = 2 (custom)
2023-05-17 09:09:10,214 [4ea9b805-d843-4364-8f91-0c3c20e3ed71-groupManagement] INFO  server.RaftServerConfigKeys (ConfUtils.java:logGet(46)) - raft.server.log.segment.cache.size.max = 200MB (=209715200) (default)
2023-05-17 09:09:10,215 [4ea9b805-d843-4364-8f91-0c3c20e3ed71-groupManagement] INFO  server.RaftServerConfigKeys (ConfUtils.java:logGet(46)) - raft.server.log.appender.buffer.byte-limit = 33554432 (custom)
2023-05-17 09:09:10,215 [4ea9b805-d843-4364-8f91-0c3c20e3ed71-groupManagement] INFO  segmented.SegmentedRaftLogWorker (SegmentedRaftLogWorker.java:<init>(188)) - new 4ea9b805-d843-4364-8f91-0c3c20e3ed71@group-E694C42C06C7-SegmentedRaftLogWorker for RaftStorageImpl:Storage Directory /home/runner/work/ozone/ozone/hadoop-ozone/integration-test/target/test-dir/MiniOzoneClusterImpl-21d14123-a168-44a2-bc0a-ee93e32dcc9b/datanode-11/data/ratis/73870f87-6117-452d-ba11-e694c42c06c7
2023-05-17 09:09:10,215 [4ea9b805-d843-4364-8f91-0c3c20e3ed71-groupManagement] INFO  server.RaftServerConfigKeys (ConfUtils.java:logGet(46)) - raft.server.log.queue.byte-limit = 4294967296 (custom)
2023-05-17 09:09:10,223 [4ea9b805-d843-4364-8f91-0c3c20e3ed71-groupManagement] INFO  server.RaftServerConfigKeys (ConfUtils.java:logGet(46)) - raft.server.log.queue.element-limit = 1024 (custom)
2023-05-17 09:09:10,224 [4ea9b805-d843-4364-8f91-0c3c20e3ed71-groupManagement] INFO  server.RaftServerConfigKeys (ConfUtils.java:logGet(46)) - raft.server.log.segment.size.max = 1048576 (custom)
2023-05-17 09:09:10,224 [4ea9b805-d843-4364-8f91-0c3c20e3ed71-groupManagement] INFO  server.RaftServerConfigKeys (ConfUtils.java:logGet(46)) - raft.server.log.preallocated.size = 16384 (custom)
2023-05-17 09:09:10,224 [4ea9b805-d843-4364-8f91-0c3c20e3ed71-groupManagement] INFO  server.RaftServerConfigKeys (ConfUtils.java:logGet(46)) - raft.server.log.force.sync.num = 128 (default)
2023-05-17 09:09:10,224 [4ea9b805-d843-4364-8f91-0c3c20e3ed71-groupManagement] INFO  server.RaftServerConfigKeys (ConfUtils.java:logGet(46)) - raft.server.log.statemachine.data.sync = true (default)
2023-05-17 09:09:10,224 [4ea9b805-d843-4364-8f91-0c3c20e3ed71-groupManagement] INFO  server.RaftServerConfigKeys (ConfUtils.java:logGet(46)) - raft.server.log.statemachine.data.sync.timeout = 10s (default)
2023-05-17 09:09:10,224 [4ea9b805-d843-4364-8f91-0c3c20e3ed71-groupManagement] INFO  server.RaftServerConfigKeys (ConfUtils.java:logGet(46)) - raft.server.log.statemachine.data.sync.timeout.retry = -1 (default)
2023-05-17 09:09:10,229 [Command processor thread] INFO  commandhandler.CreatePipelineCommandHandler (CreatePipelineCommandHandler.java:handle(113)) - Created Pipeline RATIS THREE PipelineID=73870f87-6117-452d-ba11-e694c42c06c7.
2023-05-17 09:09:10,229 [Command processor thread] INFO  server.RaftServer (RaftServerProxy.java:addNew(98)) - a82ad0ea-641b-4ac2-b933-a1a26b5fe742: addNew group-6A381084A931:[4ea9b805-d843-4364-8f91-0c3c20e3ed71|rpc:10.1.0.64:15101|admin:10.1.0.64:15100|client:10.1.0.64:15099|dataStream:10.1.0.64:15102|priority:0|startupRole:FOLLOWER, f1b6f36b-e7af-48b8-b739-38f78676889c|rpc:10.1.0.64:15093|admin:10.1.0.64:15092|client:10.1.0.64:15091|dataStream:10.1.0.64:15094|priority:0|startupRole:FOLLOWER, a82ad0ea-641b-4ac2-b933-a1a26b5fe742|rpc:10.1.0.64:15085|admin:10.1.0.64:15084|client:10.1.0.64:15083|dataStream:10.1.0.64:15086|priority:1|startupRole:FOLLOWER] returns group-6A381084A931:java.util.concurrent.CompletableFuture@dcbc1e3[Not completed]
2023-05-17 09:09:10,230 [a82ad0ea-641b-4ac2-b933-a1a26b5fe742-groupManagement] INFO  server.RaftServer$Division (RaftServerImpl.java:<init>(198)) - a82ad0ea-641b-4ac2-b933-a1a26b5fe742: new RaftServerImpl for group-6A381084A931:[4ea9b805-d843-4364-8f91-0c3c20e3ed71|rpc:10.1.0.64:15101|admin:10.1.0.64:15100|client:10.1.0.64:15099|dataStream:10.1.0.64:15102|priority:0|startupRole:FOLLOWER, f1b6f36b-e7af-48b8-b739-38f78676889c|rpc:10.1.0.64:15093|admin:10.1.0.64:15092|client:10.1.0.64:15091|dataStream:10.1.0.64:15094|priority:0|startupRole:FOLLOWER, a82ad0ea-641b-4ac2-b933-a1a26b5fe742|rpc:10.1.0.64:15085|admin:10.1.0.64:15084|client:10.1.0.64:15083|dataStream:10.1.0.64:15086|priority:1|startupRole:FOLLOWER] with ContainerStateMachine:uninitialized
2023-05-17 09:09:10,230 [a82ad0ea-641b-4ac2-b933-a1a26b5fe742-groupManagement] INFO  server.RaftServerConfigKeys (ConfUtils.java:logGet(46)) - raft.server.rpc.timeout.min = 5s (custom)
2023-05-17 09:09:10,230 [a82ad0ea-641b-4ac2-b933-a1a26b5fe742-groupManagement] INFO  server.RaftServerConfigKeys (ConfUtils.java:logGet(46)) - raft.server.rpc.timeout.max = 5200ms (custom)
2023-05-17 09:09:10,230 [a82ad0ea-641b-4ac2-b933-a1a26b5fe742-groupManagement] INFO  server.RaftServerConfigKeys (ConfUtils.java:logGet(46)) - raft.server.rpc.sleep.time = 25ms (default)
2023-05-17 09:09:10,230 [a82ad0ea-641b-4ac2-b933-a1a26b5fe742-groupManagement] INFO  server.RaftServerConfigKeys (ConfUtils.java:logGet(46)) - raft.server.rpc.slowness.timeout = 300s (custom)
2023-05-17 09:09:10,230 [a82ad0ea-641b-4ac2-b933-a1a26b5fe742-groupManagement] INFO  server.RaftServerConfigKeys (ConfUtils.java:logGet(46)) - raft.server.leaderelection.leader.step-down.wait-time = 10s (default)
2023-05-17 09:09:10,230 [a82ad0ea-641b-4ac2-b933-a1a26b5fe742-groupManagement] INFO  server.RaftServerConfigKeys (ConfUtils.java:logGet(46)) - raft.server.sleep.deviation.threshold = 300ms (default)
2023-05-17 09:09:10,230 [a82ad0ea-641b-4ac2-b933-a1a26b5fe742-groupManagement] INFO  server.RaftServer$Division (ServerState.java:<init>(120)) - a82ad0ea-641b-4ac2-b933-a1a26b5fe742@group-6A381084A931: ConfigurationManager, init=-1: peers:[4ea9b805-d843-4364-8f91-0c3c20e3ed71|rpc:10.1.0.64:15101|admin:10.1.0.64:15100|client:10.1.0.64:15099|dataStream:10.1.0.64:15102|priority:0|startupRole:FOLLOWER, f1b6f36b-e7af-48b8-b739-38f78676889c|rpc:10.1.0.64:15093|admin:10.1.0.64:15092|client:10.1.0.64:15091|dataStream:10.1.0.64:15094|priority:0|startupRole:FOLLOWER, a82ad0ea-641b-4ac2-b933-a1a26b5fe742|rpc:10.1.0.64:15085|admin:10.1.0.64:15084|client:10.1.0.64:15083|dataStream:10.1.0.64:15086|priority:1|startupRole:FOLLOWER]|listeners:[], old=null, confs=<EMPTY_MAP>
2023-05-17 09:09:10,230 [a82ad0ea-641b-4ac2-b933-a1a26b5fe742-groupManagement] INFO  server.RaftServerConfigKeys (ConfUtils.java:logGet(46)) - raft.server.storage.dir = [/home/runner/work/ozone/ozone/hadoop-ozone/integration-test/target/test-dir/MiniOzoneClusterImpl-21d14123-a168-44a2-bc0a-ee93e32dcc9b/datanode-9/data/ratis] (custom)
2023-05-17 09:09:10,230 [a82ad0ea-641b-4ac2-b933-a1a26b5fe742-groupManagement] INFO  server.RaftServerConfigKeys (ConfUtils.java:logGet(46)) - raft.server.log.corruption.policy = EXCEPTION (default)
2023-05-17 09:09:10,230 [a82ad0ea-641b-4ac2-b933-a1a26b5fe742-groupManagement] INFO  server.RaftServerConfigKeys (ConfUtils.java:logGet(46)) - raft.server.storage.free-space.min = 0MB (=0) (default)
2023-05-17 09:09:10,231 [a82ad0ea-641b-4ac2-b933-a1a26b5fe742-groupManagement] INFO  server.RaftServerConfigKeys (ConfUtils.java:logGet(46)) - raft.server.notification.no-leader.timeout = 300s (custom)
2023-05-17 09:09:10,231 [a82ad0ea-641b-4ac2-b933-a1a26b5fe742-groupManagement] INFO  server.RaftServerConfigKeys (ConfUtils.java:logGet(46)) - raft.server.read.timeout = 10s (default)
2023-05-17 09:09:10,231 [a82ad0ea-641b-4ac2-b933-a1a26b5fe742-groupManagement] INFO  server.RaftServerConfigKeys (ConfUtils.java:logGet(46)) - raft.server.retrycache.expirytime = 600000ms (custom)
2023-05-17 09:09:10,231 [a82ad0ea-641b-4ac2-b933-a1a26b5fe742-groupManagement] INFO  server.RaftServerConfigKeys (ConfUtils.java:logGet(46)) - raft.server.retrycache.statistics.expirytime = 100μs (default)
2023-05-17 09:09:10,231 [a82ad0ea-641b-4ac2-b933-a1a26b5fe742-groupManagement] INFO  server.RaftServerConfigKeys (ConfUtils.java:logGet(46)) - raft.server.read.option = DEFAULT (default)
2023-05-17 09:09:10,232 [a82ad0ea-641b-4ac2-b933-a1a26b5fe742-groupManagement] INFO  server.RaftServerConfigKeys (ConfUtils.java:logGet(46)) - raft.server.rpc.request.timeout = 60s (custom)
2023-05-17 09:09:10,232 [a82ad0ea-641b-4ac2-b933-a1a26b5fe742-groupManagement] INFO  server.RaftServerConfigKeys (ConfUtils.java:logGet(46)) - raft.server.log.appender.install.snapshot.enabled = false (custom)
2023-05-17 09:09:10,232 [a82ad0ea-641b-4ac2-b933-a1a26b5fe742-groupManagement] INFO  server.RaftServerConfigKeys (ConfUtils.java:logGet(46)) - raft.server.threadpool.server.cached = true (default)
2023-05-17 09:09:10,232 [a82ad0ea-641b-4ac2-b933-a1a26b5fe742-groupManagement] INFO  server.RaftServerConfigKeys (ConfUtils.java:logGet(46)) - raft.server.threadpool.server.size = 0 (default)
2023-05-17 09:09:10,232 [a82ad0ea-641b-4ac2-b933-a1a26b5fe742-groupManagement] INFO  server.RaftServerConfigKeys (ConfUtils.java:logGet(46)) - raft.server.threadpool.client.cached = true (default)
2023-05-17 09:09:10,232 [a82ad0ea-641b-4ac2-b933-a1a26b5fe742-groupManagement] INFO  server.RaftServerConfigKeys (ConfUtils.java:logGet(46)) - raft.server.threadpool.client.size = 0 (default)
2023-05-17 09:09:10,232 [a82ad0ea-641b-4ac2-b933-a1a26b5fe742-groupManagement] INFO  storage.RaftStorageDirectory (RaftStorageDirectoryImpl.java:analyzeStorage(137)) - The storage directory /home/runner/work/ozone/ozone/hadoop-ozone/integration-test/target/test-dir/MiniOzoneClusterImpl-21d14123-a168-44a2-bc0a-ee93e32dcc9b/datanode-9/data/ratis/bcb7f622-48ef-4dfa-9e5a-6a381084a931 does not exist. Creating ...
2023-05-17 09:09:10,229 [4ea9b805-d843-4364-8f91-0c3c20e3ed71-groupManagement] INFO  server.RaftServerConfigKeys (ConfUtils.java:logGet(46)) - raft.server.log.write.buffer.size = 1048576 (custom)
2023-05-17 09:09:10,233 [4ea9b805-d843-4364-8f91-0c3c20e3ed71-groupManagement] INFO  server.RaftServerConfigKeys (ConfUtils.java:logGet(46)) - raft.server.log.appender.buffer.byte-limit = 33554432 (custom)
2023-05-17 09:09:10,234 [a82ad0ea-641b-4ac2-b933-a1a26b5fe742-groupManagement] INFO  storage.RaftStorageDirectory (RaftStorageDirectoryImpl.java:tryLock(231)) - Lock on /home/runner/work/ozone/ozone/hadoop-ozone/integration-test/target/test-dir/MiniOzoneClusterImpl-21d14123-a168-44a2-bc0a-ee93e32dcc9b/datanode-9/data/ratis/bcb7f622-48ef-4dfa-9e5a-6a381084a931/in_use.lock acquired by nodename 2768@fv-az41-747
2023-05-17 09:09:10,236 [a82ad0ea-641b-4ac2-b933-a1a26b5fe742-groupManagement] INFO  storage.RaftStorage (RaftStorageImpl.java:format(96)) - Storage directory /home/runner/work/ozone/ozone/hadoop-ozone/integration-test/target/test-dir/MiniOzoneClusterImpl-21d14123-a168-44a2-bc0a-ee93e32dcc9b/datanode-9/data/ratis/bcb7f622-48ef-4dfa-9e5a-6a381084a931 has been successfully formatted.
2023-05-17 09:09:10,238 [EventQueue-OpenPipelineForHealthyPipelineSafeModeRule] INFO  safemode.SCMSafeModeManager (HealthyPipelineSafeModeRule.java:process(137)) - SCM in safe mode. Healthy pipelines reported count is 0, required healthy pipeline reported count is 1
2023-05-17 09:09:10,239 [a82ad0ea-641b-4ac2-b933-a1a26b5fe742-groupManagement] INFO  ratis.ContainerStateMachine (ContainerStateMachine.java:loadSnapshot(262)) - group-6A381084A931: The snapshot info is null. Setting the last applied indexto:(t:0, i:~)
2023-05-17 09:09:10,239 [a82ad0ea-641b-4ac2-b933-a1a26b5fe742-groupManagement] INFO  server.RaftServerConfigKeys (ConfUtils.java:logGet(46)) - raft.server.log.use.memory = false (default)
2023-05-17 09:09:10,239 [a82ad0ea-641b-4ac2-b933-a1a26b5fe742-groupManagement] INFO  server.RaftServerConfigKeys (ConfUtils.java:logGet(46)) - raft.server.log.purge.gap = 1000000 (custom)
2023-05-17 09:09:10,239 [a82ad0ea-641b-4ac2-b933-a1a26b5fe742-groupManagement] INFO  server.RaftServerConfigKeys (ConfUtils.java:logGet(46)) - raft.server.log.appender.buffer.byte-limit = 33554432 (custom)
2023-05-17 09:09:10,239 [a82ad0ea-641b-4ac2-b933-a1a26b5fe742-groupManagement] INFO  server.RaftServerConfigKeys (ConfUtils.java:logGet(46)) - raft.server.log.statemachine.data.read.timeout = 1000ms (default)
2023-05-17 09:09:10,239 [a82ad0ea-641b-4ac2-b933-a1a26b5fe742-groupManagement] INFO  server.RaftServerConfigKeys (ConfUtils.java:logGet(46)) - raft.server.log.purge.preservation.log.num = 0 (default)
2023-05-17 09:09:10,239 [a82ad0ea-641b-4ac2-b933-a1a26b5fe742-groupManagement] INFO  server.RaftServerConfigKeys (ConfUtils.java:logGet(46)) - raft.server.log.segment.size.max = 1048576 (custom)
2023-05-17 09:09:10,240 [a82ad0ea-641b-4ac2-b933-a1a26b5fe742-groupManagement] INFO  server.RaftServerConfigKeys (ConfUtils.java:logGet(46)) - raft.server.log.segment.cache.num.max = 2 (custom)
2023-05-17 09:09:10,240 [a82ad0ea-641b-4ac2-b933-a1a26b5fe742-groupManagement] INFO  server.RaftServerConfigKeys (ConfUtils.java:logGet(46)) - raft.server.log.segment.cache.size.max = 200MB (=209715200) (default)
2023-05-17 09:09:10,240 [a82ad0ea-641b-4ac2-b933-a1a26b5fe742-groupManagement] INFO  server.RaftServerConfigKeys (ConfUtils.java:logGet(46)) - raft.server.log.appender.buffer.byte-limit = 33554432 (custom)
2023-05-17 09:09:10,240 [a82ad0ea-641b-4ac2-b933-a1a26b5fe742-groupManagement] INFO  segmented.SegmentedRaftLogWorker (SegmentedRaftLogWorker.java:<init>(188)) - new a82ad0ea-641b-4ac2-b933-a1a26b5fe742@group-6A381084A931-SegmentedRaftLogWorker for RaftStorageImpl:Storage Directory /home/runner/work/ozone/ozone/hadoop-ozone/integration-test/target/test-dir/MiniOzoneClusterImpl-21d14123-a168-44a2-bc0a-ee93e32dcc9b/datanode-9/data/ratis/bcb7f622-48ef-4dfa-9e5a-6a381084a931
2023-05-17 09:09:10,240 [a82ad0ea-641b-4ac2-b933-a1a26b5fe742-groupManagement] INFO  server.RaftServerConfigKeys (ConfUtils.java:logGet(46)) - raft.server.log.queue.byte-limit = 4294967296 (custom)
2023-05-17 09:09:10,240 [a82ad0ea-641b-4ac2-b933-a1a26b5fe742-groupManagement] INFO  server.RaftServerConfigKeys (ConfUtils.java:logGet(46)) - raft.server.log.queue.element-limit = 1024 (custom)
2023-05-17 09:09:10,240 [a82ad0ea-641b-4ac2-b933-a1a26b5fe742-groupManagement] INFO  server.RaftServerConfigKeys (ConfUtils.java:logGet(46)) - raft.server.log.segment.size.max = 1048576 (custom)
2023-05-17 09:09:10,240 [a82ad0ea-641b-4ac2-b933-a1a26b5fe742-groupManagement] INFO  server.RaftServerConfigKeys (ConfUtils.java:logGet(46)) - raft.server.log.preallocated.size = 16384 (custom)
2023-05-17 09:09:10,240 [a82ad0ea-641b-4ac2-b933-a1a26b5fe742-groupManagement] INFO  server.RaftServerConfigKeys (ConfUtils.java:logGet(46)) - raft.server.log.force.sync.num = 128 (default)
2023-05-17 09:09:10,240 [a82ad0ea-641b-4ac2-b933-a1a26b5fe742-groupManagement] INFO  server.RaftServerConfigKeys (ConfUtils.java:logGet(46)) - raft.server.log.statemachine.data.sync = true (default)
2023-05-17 09:09:10,240 [a82ad0ea-641b-4ac2-b933-a1a26b5fe742-groupManagement] INFO  server.RaftServerConfigKeys (ConfUtils.java:logGet(46)) - raft.server.log.statemachine.data.sync.timeout = 10s (default)
2023-05-17 09:09:10,240 [a82ad0ea-641b-4ac2-b933-a1a26b5fe742-groupManagement] INFO  server.RaftServerConfigKeys (ConfUtils.java:logGet(46)) - raft.server.log.statemachine.data.sync.timeout.retry = -1 (default)
2023-05-17 09:09:10,241 [a82ad0ea-641b-4ac2-b933-a1a26b5fe742-groupManagement] INFO  server.RaftServerConfigKeys (ConfUtils.java:logGet(46)) - raft.server.log.write.buffer.size = 1048576 (custom)
2023-05-17 09:09:10,243 [a82ad0ea-641b-4ac2-b933-a1a26b5fe742-groupManagement] INFO  server.RaftServerConfigKeys (ConfUtils.java:logGet(46)) - raft.server.log.appender.buffer.byte-limit = 33554432 (custom)
2023-05-17 09:09:10,245 [4ea9b805-d843-4364-8f91-0c3c20e3ed71-groupManagement] INFO  server.RaftServerConfigKeys (ConfUtils.java:logGet(46)) - raft.server.log.unsafe-flush.enabled = false (default)
2023-05-17 09:09:10,245 [4ea9b805-d843-4364-8f91-0c3c20e3ed71-groupManagement] INFO  server.RaftServerConfigKeys (ConfUtils.java:logGet(46)) - raft.server.log.async-flush.enabled = false (default)
2023-05-17 09:09:10,245 [4ea9b805-d843-4364-8f91-0c3c20e3ed71-groupManagement] INFO  server.RaftServerConfigKeys (ConfUtils.java:logGet(46)) - raft.server.log.statemachine.data.caching.enabled = true (custom)
2023-05-17 09:09:10,246 [4ea9b805-d843-4364-8f91-0c3c20e3ed71-groupManagement] INFO  segmented.SegmentedRaftLogWorker (SegmentedRaftLogWorker.java:lambda$new$0(135)) - 4ea9b805-d843-4364-8f91-0c3c20e3ed71@group-E694C42C06C7-SegmentedRaftLogWorker: flushIndex: setUnconditionally 0 -> -1
2023-05-17 09:09:10,246 [4ea9b805-d843-4364-8f91-0c3c20e3ed71-groupManagement] INFO  segmented.SegmentedRaftLogWorker (SegmentedRaftLogWorker.java:lambda$new$0(135)) - 4ea9b805-d843-4364-8f91-0c3c20e3ed71@group-E694C42C06C7-SegmentedRaftLogWorker: safeCacheEvictIndex: setUnconditionally 0 -> -1
2023-05-17 09:09:10,246 [4ea9b805-d843-4364-8f91-0c3c20e3ed71-groupManagement] INFO  server.RaftServer$Division (RaftServerImpl.java:start(342)) - 4ea9b805-d843-4364-8f91-0c3c20e3ed71@group-E694C42C06C7: start as a follower, conf=-1: peers:[4ea9b805-d843-4364-8f91-0c3c20e3ed71|rpc:10.1.0.64:15101|admin:10.1.0.64:15100|client:10.1.0.64:15099|dataStream:10.1.0.64:15102|priority:1|startupRole:FOLLOWER, f1b6f36b-e7af-48b8-b739-38f78676889c|rpc:10.1.0.64:15093|admin:10.1.0.64:15092|client:10.1.0.64:15091|dataStream:10.1.0.64:15094|priority:0|startupRole:FOLLOWER, a82ad0ea-641b-4ac2-b933-a1a26b5fe742|rpc:10.1.0.64:15085|admin:10.1.0.64:15084|client:10.1.0.64:15083|dataStream:10.1.0.64:15086|priority:0|startupRole:FOLLOWER]|listeners:[], old=null
2023-05-17 09:09:10,246 [4ea9b805-d843-4364-8f91-0c3c20e3ed71-groupManagement] INFO  server.RaftServer$Division (RaftServerImpl.java:setRole(329)) - 4ea9b805-d843-4364-8f91-0c3c20e3ed71@group-E694C42C06C7: changes role from      null to FOLLOWER at term 0 for startAsFollower
2023-05-17 09:09:10,246 [4ea9b805-d843-4364-8f91-0c3c20e3ed71-groupManagement] INFO  impl.RoleInfo (RoleInfo.java:updateAndGet(139)) - 4ea9b805-d843-4364-8f91-0c3c20e3ed71: start 4ea9b805-d843-4364-8f91-0c3c20e3ed71@group-E694C42C06C7-FollowerState
2023-05-17 09:09:10,247 [4ea9b805-d843-4364-8f91-0c3c20e3ed71-groupManagement] INFO  util.JmxRegister (JmxRegister.java:tryRegister(44)) - Successfully registered JMX Bean with object name Ratis:service=RaftServer,group=group-E694C42C06C7,id=4ea9b805-d843-4364-8f91-0c3c20e3ed71
2023-05-17 09:09:10,247 [4ea9b805-d843-4364-8f91-0c3c20e3ed71-groupManagement] INFO  server.RaftServerConfigKeys (ConfUtils.java:logGet(46)) - raft.server.snapshot.auto.trigger.enabled = true (custom)
2023-05-17 09:09:10,247 [4ea9b805-d843-4364-8f91-0c3c20e3ed71-groupManagement] INFO  server.RaftServerConfigKeys (ConfUtils.java:logGet(46)) - raft.server.snapshot.auto.trigger.threshold = 10000 (custom)
2023-05-17 09:09:10,247 [4ea9b805-d843-4364-8f91-0c3c20e3ed71-groupManagement] INFO  server.RaftServerConfigKeys (ConfUtils.java:logGet(46)) - raft.server.snapshot.retention.file.num = 5 (custom)
2023-05-17 09:09:10,247 [4ea9b805-d843-4364-8f91-0c3c20e3ed71-groupManagement] INFO  server.RaftServerConfigKeys (ConfUtils.java:logGet(46)) - raft.server.log.purge.upto.snapshot.index = false (default)
2023-05-17 09:09:10,247 [4ea9b805-d843-4364-8f91-0c3c20e3ed71@group-E694C42C06C7-FollowerState] INFO  server.RaftServerConfigKeys (ConfUtils.java:logFallback(53)) - raft.server.rpc.first-election.timeout.min = 5s (fallback to raft.server.rpc.timeout.min)
2023-05-17 09:09:10,248 [4ea9b805-d843-4364-8f91-0c3c20e3ed71@group-E694C42C06C7-FollowerState] INFO  server.RaftServerConfigKeys (ConfUtils.java:logFallback(53)) - raft.server.rpc.first-election.timeout.max = 5200ms (fallback to raft.server.rpc.timeout.max)
2023-05-17 09:09:10,253 [a82ad0ea-641b-4ac2-b933-a1a26b5fe742-groupManagement] INFO  server.RaftServerConfigKeys (ConfUtils.java:logGet(46)) - raft.server.log.unsafe-flush.enabled = false (default)
2023-05-17 09:09:10,254 [a82ad0ea-641b-4ac2-b933-a1a26b5fe742-groupManagement] INFO  server.RaftServerConfigKeys (ConfUtils.java:logGet(46)) - raft.server.log.async-flush.enabled = false (default)
2023-05-17 09:09:10,254 [a82ad0ea-641b-4ac2-b933-a1a26b5fe742-groupManagement] INFO  server.RaftServerConfigKeys (ConfUtils.java:logGet(46)) - raft.server.log.statemachine.data.caching.enabled = true (custom)
2023-05-17 09:09:10,254 [a82ad0ea-641b-4ac2-b933-a1a26b5fe742-groupManagement] INFO  segmented.SegmentedRaftLogWorker (SegmentedRaftLogWorker.java:lambda$new$0(135)) - a82ad0ea-641b-4ac2-b933-a1a26b5fe742@group-6A381084A931-SegmentedRaftLogWorker: flushIndex: setUnconditionally 0 -> -1
2023-05-17 09:09:10,254 [a82ad0ea-641b-4ac2-b933-a1a26b5fe742-groupManagement] INFO  segmented.SegmentedRaftLogWorker (SegmentedRaftLogWorker.java:lambda$new$0(135)) - a82ad0ea-641b-4ac2-b933-a1a26b5fe742@group-6A381084A931-SegmentedRaftLogWorker: safeCacheEvictIndex: setUnconditionally 0 -> -1
2023-05-17 09:09:10,260 [a82ad0ea-641b-4ac2-b933-a1a26b5fe742-groupManagement] INFO  server.RaftServer$Division (RaftServerImpl.java:start(342)) - a82ad0ea-641b-4ac2-b933-a1a26b5fe742@group-6A381084A931: start as a follower, conf=-1: peers:[4ea9b805-d843-4364-8f91-0c3c20e3ed71|rpc:10.1.0.64:15101|admin:10.1.0.64:15100|client:10.1.0.64:15099|dataStream:10.1.0.64:15102|priority:0|startupRole:FOLLOWER, f1b6f36b-e7af-48b8-b739-38f78676889c|rpc:10.1.0.64:15093|admin:10.1.0.64:15092|client:10.1.0.64:15091|dataStream:10.1.0.64:15094|priority:0|startupRole:FOLLOWER, a82ad0ea-641b-4ac2-b933-a1a26b5fe742|rpc:10.1.0.64:15085|admin:10.1.0.64:15084|client:10.1.0.64:15083|dataStream:10.1.0.64:15086|priority:1|startupRole:FOLLOWER]|listeners:[], old=null
2023-05-17 09:09:10,260 [a82ad0ea-641b-4ac2-b933-a1a26b5fe742-groupManagement] INFO  server.RaftServer$Division (RaftServerImpl.java:setRole(329)) - a82ad0ea-641b-4ac2-b933-a1a26b5fe742@group-6A381084A931: changes role from      null to FOLLOWER at term 0 for startAsFollower
2023-05-17 09:09:10,260 [a82ad0ea-641b-4ac2-b933-a1a26b5fe742-groupManagement] INFO  impl.RoleInfo (RoleInfo.java:updateAndGet(139)) - a82ad0ea-641b-4ac2-b933-a1a26b5fe742: start a82ad0ea-641b-4ac2-b933-a1a26b5fe742@group-6A381084A931-FollowerState
2023-05-17 09:09:10,260 [a82ad0ea-641b-4ac2-b933-a1a26b5fe742-groupManagement] INFO  util.JmxRegister (JmxRegister.java:tryRegister(44)) - Successfully registered JMX Bean with object name Ratis:service=RaftServer,group=group-6A381084A931,id=a82ad0ea-641b-4ac2-b933-a1a26b5fe742
2023-05-17 09:09:10,260 [a82ad0ea-641b-4ac2-b933-a1a26b5fe742-groupManagement] INFO  server.RaftServerConfigKeys (ConfUtils.java:logGet(46)) - raft.server.snapshot.auto.trigger.enabled = true (custom)
2023-05-17 09:09:10,260 [a82ad0ea-641b-4ac2-b933-a1a26b5fe742-groupManagement] INFO  server.RaftServerConfigKeys (ConfUtils.java:logGet(46)) - raft.server.snapshot.auto.trigger.threshold = 10000 (custom)
2023-05-17 09:09:10,260 [a82ad0ea-641b-4ac2-b933-a1a26b5fe742-groupManagement] INFO  server.RaftServerConfigKeys (ConfUtils.java:logGet(46)) - raft.server.snapshot.retention.file.num = 5 (custom)
2023-05-17 09:09:10,260 [a82ad0ea-641b-4ac2-b933-a1a26b5fe742-groupManagement] INFO  server.RaftServerConfigKeys (ConfUtils.java:logGet(46)) - raft.server.log.purge.upto.snapshot.index = false (default)
2023-05-17 09:09:10,261 [a82ad0ea-641b-4ac2-b933-a1a26b5fe742@group-6A381084A931-FollowerState] INFO  server.RaftServerConfigKeys (ConfUtils.java:logFallback(53)) - raft.server.rpc.first-election.timeout.min = 5s (fallback to raft.server.rpc.timeout.min)
2023-05-17 09:09:10,261 [a82ad0ea-641b-4ac2-b933-a1a26b5fe742@group-6A381084A931-FollowerState] INFO  server.RaftServerConfigKeys (ConfUtils.java:logFallback(53)) - raft.server.rpc.first-election.timeout.max = 5200ms (fallback to raft.server.rpc.timeout.max)
2023-05-17 09:09:10,262 [Command processor thread] INFO  ratis.XceiverServerRatis (XceiverServerRatis.java:addGroup(806)) - Created group PipelineID=bcb7f622-48ef-4dfa-9e5a-6a381084a931
2023-05-17 09:09:10,278 [grpc-default-executor-1] INFO  server.RaftServer (RaftServerProxy.java:addNew(98)) - f1b6f36b-e7af-48b8-b739-38f78676889c: addNew group-6A381084A931:[4ea9b805-d843-4364-8f91-0c3c20e3ed71|rpc:10.1.0.64:15101|admin:10.1.0.64:15100|client:10.1.0.64:15099|dataStream:10.1.0.64:15102|priority:0|startupRole:FOLLOWER, f1b6f36b-e7af-48b8-b739-38f78676889c|rpc:10.1.0.64:15093|admin:10.1.0.64:15092|client:10.1.0.64:15091|dataStream:10.1.0.64:15094|priority:0|startupRole:FOLLOWER, a82ad0ea-641b-4ac2-b933-a1a26b5fe742|rpc:10.1.0.64:15085|admin:10.1.0.64:15084|client:10.1.0.64:15083|dataStream:10.1.0.64:15086|priority:1|startupRole:FOLLOWER] returns group-6A381084A931:java.util.concurrent.CompletableFuture@316ac583[Not completed]
2023-05-17 09:09:10,279 [f1b6f36b-e7af-48b8-b739-38f78676889c-groupManagement] INFO  server.RaftServer$Division (RaftServerImpl.java:<init>(198)) - f1b6f36b-e7af-48b8-b739-38f78676889c: new RaftServerImpl for group-6A381084A931:[4ea9b805-d843-4364-8f91-0c3c20e3ed71|rpc:10.1.0.64:15101|admin:10.1.0.64:15100|client:10.1.0.64:15099|dataStream:10.1.0.64:15102|priority:0|startupRole:FOLLOWER, f1b6f36b-e7af-48b8-b739-38f78676889c|rpc:10.1.0.64:15093|admin:10.1.0.64:15092|client:10.1.0.64:15091|dataStream:10.1.0.64:15094|priority:0|startupRole:FOLLOWER, a82ad0ea-641b-4ac2-b933-a1a26b5fe742|rpc:10.1.0.64:15085|admin:10.1.0.64:15084|client:10.1.0.64:15083|dataStream:10.1.0.64:15086|priority:1|startupRole:FOLLOWER] with ContainerStateMachine:uninitialized
2023-05-17 09:09:10,279 [f1b6f36b-e7af-48b8-b739-38f78676889c-groupManagement] INFO  server.RaftServerConfigKeys (ConfUtils.java:logGet(46)) - raft.server.rpc.timeout.min = 5s (custom)
2023-05-17 09:09:10,279 [f1b6f36b-e7af-48b8-b739-38f78676889c-groupManagement] INFO  server.RaftServerConfigKeys (ConfUtils.java:logGet(46)) - raft.server.rpc.timeout.max = 5200ms (custom)
2023-05-17 09:09:10,280 [f1b6f36b-e7af-48b8-b739-38f78676889c-groupManagement] INFO  server.RaftServerConfigKeys (ConfUtils.java:logGet(46)) - raft.server.rpc.sleep.time = 25ms (default)
2023-05-17 09:09:10,280 [f1b6f36b-e7af-48b8-b739-38f78676889c-groupManagement] INFO  server.RaftServerConfigKeys (ConfUtils.java:logGet(46)) - raft.server.rpc.slowness.timeout = 300s (custom)
2023-05-17 09:09:10,280 [f1b6f36b-e7af-48b8-b739-38f78676889c-groupManagement] INFO  server.RaftServerConfigKeys (ConfUtils.java:logGet(46)) - raft.server.leaderelection.leader.step-down.wait-time = 10s (default)
2023-05-17 09:09:10,280 [f1b6f36b-e7af-48b8-b739-38f78676889c-groupManagement] INFO  server.RaftServerConfigKeys (ConfUtils.java:logGet(46)) - raft.server.sleep.deviation.threshold = 300ms (default)
2023-05-17 09:09:10,280 [f1b6f36b-e7af-48b8-b739-38f78676889c-groupManagement] INFO  server.RaftServer$Division (ServerState.java:<init>(120)) - f1b6f36b-e7af-48b8-b739-38f78676889c@group-6A381084A931: ConfigurationManager, init=-1: peers:[4ea9b805-d843-4364-8f91-0c3c20e3ed71|rpc:10.1.0.64:15101|admin:10.1.0.64:15100|client:10.1.0.64:15099|dataStream:10.1.0.64:15102|priority:0|startupRole:FOLLOWER, f1b6f36b-e7af-48b8-b739-38f78676889c|rpc:10.1.0.64:15093|admin:10.1.0.64:15092|client:10.1.0.64:15091|dataStream:10.1.0.64:15094|priority:0|startupRole:FOLLOWER, a82ad0ea-641b-4ac2-b933-a1a26b5fe742|rpc:10.1.0.64:15085|admin:10.1.0.64:15084|client:10.1.0.64:15083|dataStream:10.1.0.64:15086|priority:1|startupRole:FOLLOWER]|listeners:[], old=null, confs=<EMPTY_MAP>
2023-05-17 09:09:10,280 [f1b6f36b-e7af-48b8-b739-38f78676889c-groupManagement] INFO  server.RaftServerConfigKeys (ConfUtils.java:logGet(46)) - raft.server.storage.dir = [/home/runner/work/ozone/ozone/hadoop-ozone/integration-test/target/test-dir/MiniOzoneClusterImpl-21d14123-a168-44a2-bc0a-ee93e32dcc9b/datanode-10/data/ratis] (custom)
2023-05-17 09:09:10,280 [f1b6f36b-e7af-48b8-b739-38f78676889c-groupManagement] INFO  server.RaftServerConfigKeys (ConfUtils.java:logGet(46)) - raft.server.log.corruption.policy = EXCEPTION (default)
2023-05-17 09:09:10,280 [f1b6f36b-e7af-48b8-b739-38f78676889c-groupManagement] INFO  server.RaftServerConfigKeys (ConfUtils.java:logGet(46)) - raft.server.storage.free-space.min = 0MB (=0) (default)
2023-05-17 09:09:10,280 [f1b6f36b-e7af-48b8-b739-38f78676889c-groupManagement] INFO  server.RaftServerConfigKeys (ConfUtils.java:logGet(46)) - raft.server.notification.no-leader.timeout = 300s (custom)
2023-05-17 09:09:10,280 [f1b6f36b-e7af-48b8-b739-38f78676889c-groupManagement] INFO  server.RaftServerConfigKeys (ConfUtils.java:logGet(46)) - raft.server.read.timeout = 10s (default)
2023-05-17 09:09:10,280 [f1b6f36b-e7af-48b8-b739-38f78676889c-groupManagement] INFO  server.RaftServerConfigKeys (ConfUtils.java:logGet(46)) - raft.server.retrycache.expirytime = 600000ms (custom)
2023-05-17 09:09:10,280 [f1b6f36b-e7af-48b8-b739-38f78676889c-groupManagement] INFO  server.RaftServerConfigKeys (ConfUtils.java:logGet(46)) - raft.server.retrycache.statistics.expirytime = 100μs (default)
2023-05-17 09:09:10,280 [f1b6f36b-e7af-48b8-b739-38f78676889c-groupManagement] INFO  server.RaftServerConfigKeys (ConfUtils.java:logGet(46)) - raft.server.read.option = DEFAULT (default)
2023-05-17 09:09:10,281 [f1b6f36b-e7af-48b8-b739-38f78676889c-groupManagement] INFO  server.RaftServerConfigKeys (ConfUtils.java:logGet(46)) - raft.server.rpc.request.timeout = 60s (custom)
2023-05-17 09:09:10,281 [f1b6f36b-e7af-48b8-b739-38f78676889c-groupManagement] INFO  server.RaftServerConfigKeys (ConfUtils.java:logGet(46)) - raft.server.log.appender.install.snapshot.enabled = false (custom)
2023-05-17 09:09:10,281 [f1b6f36b-e7af-48b8-b739-38f78676889c-groupManagement] INFO  server.RaftServerConfigKeys (ConfUtils.java:logGet(46)) - raft.server.threadpool.server.cached = true (default)
2023-05-17 09:09:10,282 [f1b6f36b-e7af-48b8-b739-38f78676889c-groupManagement] INFO  server.RaftServerConfigKeys (ConfUtils.java:logGet(46)) - raft.server.threadpool.server.size = 0 (default)
2023-05-17 09:09:10,282 [f1b6f36b-e7af-48b8-b739-38f78676889c-groupManagement] INFO  server.RaftServerConfigKeys (ConfUtils.java:logGet(46)) - raft.server.threadpool.client.cached = true (default)
2023-05-17 09:09:10,282 [f1b6f36b-e7af-48b8-b739-38f78676889c-groupManagement] INFO  server.RaftServerConfigKeys (ConfUtils.java:logGet(46)) - raft.server.threadpool.client.size = 0 (default)
2023-05-17 09:09:10,282 [f1b6f36b-e7af-48b8-b739-38f78676889c-groupManagement] INFO  storage.RaftStorageDirectory (RaftStorageDirectoryImpl.java:analyzeStorage(137)) - The storage directory /home/runner/work/ozone/ozone/hadoop-ozone/integration-test/target/test-dir/MiniOzoneClusterImpl-21d14123-a168-44a2-bc0a-ee93e32dcc9b/datanode-10/data/ratis/bcb7f622-48ef-4dfa-9e5a-6a381084a931 does not exist. Creating ...
2023-05-17 09:09:10,284 [f1b6f36b-e7af-48b8-b739-38f78676889c-groupManagement] INFO  storage.RaftStorageDirectory (RaftStorageDirectoryImpl.java:tryLock(231)) - Lock on /home/runner/work/ozone/ozone/hadoop-ozone/integration-test/target/test-dir/MiniOzoneClusterImpl-21d14123-a168-44a2-bc0a-ee93e32dcc9b/datanode-10/data/ratis/bcb7f622-48ef-4dfa-9e5a-6a381084a931/in_use.lock acquired by nodename 2768@fv-az41-747
2023-05-17 09:09:10,286 [f1b6f36b-e7af-48b8-b739-38f78676889c-groupManagement] INFO  storage.RaftStorage (RaftStorageImpl.java:format(96)) - Storage directory /home/runner/work/ozone/ozone/hadoop-ozone/integration-test/target/test-dir/MiniOzoneClusterImpl-21d14123-a168-44a2-bc0a-ee93e32dcc9b/datanode-10/data/ratis/bcb7f622-48ef-4dfa-9e5a-6a381084a931 has been successfully formatted.
2023-05-17 09:09:10,288 [f1b6f36b-e7af-48b8-b739-38f78676889c-groupManagement] INFO  ratis.ContainerStateMachine (ContainerStateMachine.java:loadSnapshot(262)) - group-6A381084A931: The snapshot info is null. Setting the last applied indexto:(t:0, i:~)
2023-05-17 09:09:10,288 [f1b6f36b-e7af-48b8-b739-38f78676889c-groupManagement] INFO  server.RaftServerConfigKeys (ConfUtils.java:logGet(46)) - raft.server.log.use.memory = false (default)
2023-05-17 09:09:10,288 [f1b6f36b-e7af-48b8-b739-38f78676889c-groupManagement] INFO  server.RaftServerConfigKeys (ConfUtils.java:logGet(46)) - raft.server.log.purge.gap = 1000000 (custom)
2023-05-17 09:09:10,288 [EventQueue-OpenPipelineForHealthyPipelineSafeModeRule] INFO  safemode.SCMSafeModeManager (HealthyPipelineSafeModeRule.java:process(137)) - SCM in safe mode. Healthy pipelines reported count is 0, required healthy pipeline reported count is 1
2023-05-17 09:09:10,288 [f1b6f36b-e7af-48b8-b739-38f78676889c-groupManagement] INFO  server.RaftServerConfigKeys (ConfUtils.java:logGet(46)) - raft.server.log.appender.buffer.byte-limit = 33554432 (custom)
2023-05-17 09:09:10,288 [f1b6f36b-e7af-48b8-b739-38f78676889c-groupManagement] INFO  server.RaftServerConfigKeys (ConfUtils.java:logGet(46)) - raft.server.log.statemachine.data.read.timeout = 1000ms (default)
2023-05-17 09:09:10,289 [f1b6f36b-e7af-48b8-b739-38f78676889c-groupManagement] INFO  server.RaftServerConfigKeys (ConfUtils.java:logGet(46)) - raft.server.log.purge.preservation.log.num = 0 (default)
2023-05-17 09:09:10,289 [f1b6f36b-e7af-48b8-b739-38f78676889c-groupManagement] INFO  server.RaftServerConfigKeys (ConfUtils.java:logGet(46)) - raft.server.log.segment.size.max = 1048576 (custom)
2023-05-17 09:09:10,289 [f1b6f36b-e7af-48b8-b739-38f78676889c-groupManagement] INFO  server.RaftServerConfigKeys (ConfUtils.java:logGet(46)) - raft.server.log.segment.cache.num.max = 2 (custom)
2023-05-17 09:09:10,289 [f1b6f36b-e7af-48b8-b739-38f78676889c-groupManagement] INFO  server.RaftServerConfigKeys (ConfUtils.java:logGet(46)) - raft.server.log.segment.cache.size.max = 200MB (=209715200) (default)
2023-05-17 09:09:10,289 [f1b6f36b-e7af-48b8-b739-38f78676889c-groupManagement] INFO  server.RaftServerConfigKeys (ConfUtils.java:logGet(46)) - raft.server.log.appender.buffer.byte-limit = 33554432 (custom)
2023-05-17 09:09:10,289 [f1b6f36b-e7af-48b8-b739-38f78676889c-groupManagement] INFO  segmented.SegmentedRaftLogWorker (SegmentedRaftLogWorker.java:<init>(188)) - new f1b6f36b-e7af-48b8-b739-38f78676889c@group-6A381084A931-SegmentedRaftLogWorker for RaftStorageImpl:Storage Directory /home/runner/work/ozone/ozone/hadoop-ozone/integration-test/target/test-dir/MiniOzoneClusterImpl-21d14123-a168-44a2-bc0a-ee93e32dcc9b/datanode-10/data/ratis/bcb7f622-48ef-4dfa-9e5a-6a381084a931
2023-05-17 09:09:10,289 [f1b6f36b-e7af-48b8-b739-38f78676889c-groupManagement] INFO  server.RaftServerConfigKeys (ConfUtils.java:logGet(46)) - raft.server.log.queue.byte-limit = 4294967296 (custom)
2023-05-17 09:09:10,290 [f1b6f36b-e7af-48b8-b739-38f78676889c-groupManagement] INFO  server.RaftServerConfigKeys (ConfUtils.java:logGet(46)) - raft.server.log.queue.element-limit = 1024 (custom)
2023-05-17 09:09:10,290 [f1b6f36b-e7af-48b8-b739-38f78676889c-groupManagement] INFO  server.RaftServerConfigKeys (ConfUtils.java:logGet(46)) - raft.server.log.segment.size.max = 1048576 (custom)
2023-05-17 09:09:10,290 [f1b6f36b-e7af-48b8-b739-38f78676889c-groupManagement] INFO  server.RaftServerConfigKeys (ConfUtils.java:logGet(46)) - raft.server.log.preallocated.size = 16384 (custom)
2023-05-17 09:09:10,290 [f1b6f36b-e7af-48b8-b739-38f78676889c-groupManagement] INFO  server.RaftServerConfigKeys (ConfUtils.java:logGet(46)) - raft.server.log.force.sync.num = 128 (default)
2023-05-17 09:09:10,290 [f1b6f36b-e7af-48b8-b739-38f78676889c-groupManagement] INFO  server.RaftServerConfigKeys (ConfUtils.java:logGet(46)) - raft.server.log.statemachine.data.sync = true (default)
2023-05-17 09:09:10,290 [f1b6f36b-e7af-48b8-b739-38f78676889c-groupManagement] INFO  server.RaftServerConfigKeys (ConfUtils.java:logGet(46)) - raft.server.log.statemachine.data.sync.timeout = 10s (default)
2023-05-17 09:09:10,290 [f1b6f36b-e7af-48b8-b739-38f78676889c-groupManagement] INFO  server.RaftServerConfigKeys (ConfUtils.java:logGet(46)) - raft.server.log.statemachine.data.sync.timeout.retry = -1 (default)
2023-05-17 09:09:10,291 [f1b6f36b-e7af-48b8-b739-38f78676889c-groupManagement] INFO  server.RaftServerConfigKeys (ConfUtils.java:logGet(46)) - raft.server.log.write.buffer.size = 1048576 (custom)
2023-05-17 09:09:10,291 [f1b6f36b-e7af-48b8-b739-38f78676889c-groupManagement] INFO  server.RaftServerConfigKeys (ConfUtils.java:logGet(46)) - raft.server.log.appender.buffer.byte-limit = 33554432 (custom)
2023-05-17 09:09:10,300 [f1b6f36b-e7af-48b8-b739-38f78676889c-groupManagement] INFO  server.RaftServerConfigKeys (ConfUtils.java:logGet(46)) - raft.server.log.unsafe-flush.enabled = false (default)
2023-05-17 09:09:10,300 [f1b6f36b-e7af-48b8-b739-38f78676889c-groupManagement] INFO  server.RaftServerConfigKeys (ConfUtils.java:logGet(46)) - raft.server.log.async-flush.enabled = false (default)
2023-05-17 09:09:10,300 [f1b6f36b-e7af-48b8-b739-38f78676889c-groupManagement] INFO  server.RaftServerConfigKeys (ConfUtils.java:logGet(46)) - raft.server.log.statemachine.data.caching.enabled = true (custom)
2023-05-17 09:09:10,301 [f1b6f36b-e7af-48b8-b739-38f78676889c-groupManagement] INFO  segmented.SegmentedRaftLogWorker (SegmentedRaftLogWorker.java:lambda$new$0(135)) - f1b6f36b-e7af-48b8-b739-38f78676889c@group-6A381084A931-SegmentedRaftLogWorker: flushIndex: setUnconditionally 0 -> -1
2023-05-17 09:09:10,301 [f1b6f36b-e7af-48b8-b739-38f78676889c-groupManagement] INFO  segmented.SegmentedRaftLogWorker (SegmentedRaftLogWorker.java:lambda$new$0(135)) - f1b6f36b-e7af-48b8-b739-38f78676889c@group-6A381084A931-SegmentedRaftLogWorker: safeCacheEvictIndex: setUnconditionally 0 -> -1
2023-05-17 09:09:10,309 [f1b6f36b-e7af-48b8-b739-38f78676889c-groupManagement] INFO  server.RaftServer$Division (RaftServerImpl.java:start(342)) - f1b6f36b-e7af-48b8-b739-38f78676889c@group-6A381084A931: start as a follower, conf=-1: peers:[4ea9b805-d843-4364-8f91-0c3c20e3ed71|rpc:10.1.0.64:15101|admin:10.1.0.64:15100|client:10.1.0.64:15099|dataStream:10.1.0.64:15102|priority:0|startupRole:FOLLOWER, f1b6f36b-e7af-48b8-b739-38f78676889c|rpc:10.1.0.64:15093|admin:10.1.0.64:15092|client:10.1.0.64:15091|dataStream:10.1.0.64:15094|priority:0|startupRole:FOLLOWER, a82ad0ea-641b-4ac2-b933-a1a26b5fe742|rpc:10.1.0.64:15085|admin:10.1.0.64:15084|client:10.1.0.64:15083|dataStream:10.1.0.64:15086|priority:1|startupRole:FOLLOWER]|listeners:[], old=null
2023-05-17 09:09:10,309 [f1b6f36b-e7af-48b8-b739-38f78676889c-groupManagement] INFO  server.RaftServer$Division (RaftServerImpl.java:setRole(329)) - f1b6f36b-e7af-48b8-b739-38f78676889c@group-6A381084A931: changes role from      null to FOLLOWER at term 0 for startAsFollower
2023-05-17 09:09:10,309 [f1b6f36b-e7af-48b8-b739-38f78676889c-groupManagement] INFO  impl.RoleInfo (RoleInfo.java:updateAndGet(139)) - f1b6f36b-e7af-48b8-b739-38f78676889c: start f1b6f36b-e7af-48b8-b739-38f78676889c@group-6A381084A931-FollowerState
2023-05-17 09:09:10,309 [f1b6f36b-e7af-48b8-b739-38f78676889c-groupManagement] INFO  util.JmxRegister (JmxRegister.java:tryRegister(44)) - Successfully registered JMX Bean with object name Ratis:service=RaftServer,group=group-6A381084A931,id=f1b6f36b-e7af-48b8-b739-38f78676889c
2023-05-17 09:09:10,309 [f1b6f36b-e7af-48b8-b739-38f78676889c-groupManagement] INFO  server.RaftServerConfigKeys (ConfUtils.java:logGet(46)) - raft.server.snapshot.auto.trigger.enabled = true (custom)
2023-05-17 09:09:10,310 [f1b6f36b-e7af-48b8-b739-38f78676889c-groupManagement] INFO  server.RaftServerConfigKeys (ConfUtils.java:logGet(46)) - raft.server.snapshot.auto.trigger.threshold = 10000 (custom)
2023-05-17 09:09:10,310 [f1b6f36b-e7af-48b8-b739-38f78676889c-groupManagement] INFO  server.RaftServerConfigKeys (ConfUtils.java:logGet(46)) - raft.server.snapshot.retention.file.num = 5 (custom)
2023-05-17 09:09:10,310 [f1b6f36b-e7af-48b8-b739-38f78676889c-groupManagement] INFO  server.RaftServerConfigKeys (ConfUtils.java:logGet(46)) - raft.server.log.purge.upto.snapshot.index = false (default)
2023-05-17 09:09:10,310 [f1b6f36b-e7af-48b8-b739-38f78676889c@group-6A381084A931-FollowerState] INFO  server.RaftServerConfigKeys (ConfUtils.java:logFallback(53)) - raft.server.rpc.first-election.timeout.min = 5s (fallback to raft.server.rpc.timeout.min)
2023-05-17 09:09:10,310 [f1b6f36b-e7af-48b8-b739-38f78676889c@group-6A381084A931-FollowerState] INFO  server.RaftServerConfigKeys (ConfUtils.java:logFallback(53)) - raft.server.rpc.first-election.timeout.max = 5200ms (fallback to raft.server.rpc.timeout.max)
2023-05-17 09:09:10,326 [Command processor thread] INFO  commandhandler.CreatePipelineCommandHandler (CreatePipelineCommandHandler.java:handle(113)) - Created Pipeline RATIS THREE PipelineID=73870f87-6117-452d-ba11-e694c42c06c7.
2023-05-17 09:09:10,366 [grpc-default-executor-1] INFO  server.RaftServer (RaftServerProxy.java:addNew(98)) - 4ea9b805-d843-4364-8f91-0c3c20e3ed71: addNew group-6A381084A931:[4ea9b805-d843-4364-8f91-0c3c20e3ed71|rpc:10.1.0.64:15101|admin:10.1.0.64:15100|client:10.1.0.64:15099|dataStream:10.1.0.64:15102|priority:0|startupRole:FOLLOWER, f1b6f36b-e7af-48b8-b739-38f78676889c|rpc:10.1.0.64:15093|admin:10.1.0.64:15092|client:10.1.0.64:15091|dataStream:10.1.0.64:15094|priority:0|startupRole:FOLLOWER, a82ad0ea-641b-4ac2-b933-a1a26b5fe742|rpc:10.1.0.64:15085|admin:10.1.0.64:15084|client:10.1.0.64:15083|dataStream:10.1.0.64:15086|priority:1|startupRole:FOLLOWER] returns group-6A381084A931:java.util.concurrent.CompletableFuture@1b0d5e2b[Not completed]
2023-05-17 09:09:10,367 [4ea9b805-d843-4364-8f91-0c3c20e3ed71-groupManagement] INFO  server.RaftServer$Division (RaftServerImpl.java:<init>(198)) - 4ea9b805-d843-4364-8f91-0c3c20e3ed71: new RaftServerImpl for group-6A381084A931:[4ea9b805-d843-4364-8f91-0c3c20e3ed71|rpc:10.1.0.64:15101|admin:10.1.0.64:15100|client:10.1.0.64:15099|dataStream:10.1.0.64:15102|priority:0|startupRole:FOLLOWER, f1b6f36b-e7af-48b8-b739-38f78676889c|rpc:10.1.0.64:15093|admin:10.1.0.64:15092|client:10.1.0.64:15091|dataStream:10.1.0.64:15094|priority:0|startupRole:FOLLOWER, a82ad0ea-641b-4ac2-b933-a1a26b5fe742|rpc:10.1.0.64:15085|admin:10.1.0.64:15084|client:10.1.0.64:15083|dataStream:10.1.0.64:15086|priority:1|startupRole:FOLLOWER] with ContainerStateMachine:uninitialized
2023-05-17 09:09:10,367 [4ea9b805-d843-4364-8f91-0c3c20e3ed71-groupManagement] INFO  server.RaftServerConfigKeys (ConfUtils.java:logGet(46)) - raft.server.rpc.timeout.min = 5s (custom)
2023-05-17 09:09:10,367 [4ea9b805-d843-4364-8f91-0c3c20e3ed71-groupManagement] INFO  server.RaftServerConfigKeys (ConfUtils.java:logGet(46)) - raft.server.rpc.timeout.max = 5200ms (custom)
2023-05-17 09:09:10,367 [4ea9b805-d843-4364-8f91-0c3c20e3ed71-groupManagement] INFO  server.RaftServerConfigKeys (ConfUtils.java:logGet(46)) - raft.server.rpc.sleep.time = 25ms (default)
2023-05-17 09:09:10,367 [4ea9b805-d843-4364-8f91-0c3c20e3ed71-groupManagement] INFO  server.RaftServerConfigKeys (ConfUtils.java:logGet(46)) - raft.server.rpc.slowness.timeout = 300s (custom)
2023-05-17 09:09:10,367 [4ea9b805-d843-4364-8f91-0c3c20e3ed71-groupManagement] INFO  server.RaftServerConfigKeys (ConfUtils.java:logGet(46)) - raft.server.leaderelection.leader.step-down.wait-time = 10s (default)
2023-05-17 09:09:10,367 [4ea9b805-d843-4364-8f91-0c3c20e3ed71-groupManagement] INFO  server.RaftServerConfigKeys (ConfUtils.java:logGet(46)) - raft.server.sleep.deviation.threshold = 300ms (default)
2023-05-17 09:09:10,368 [4ea9b805-d843-4364-8f91-0c3c20e3ed71-groupManagement] INFO  server.RaftServer$Division (ServerState.java:<init>(120)) - 4ea9b805-d843-4364-8f91-0c3c20e3ed71@group-6A381084A931: ConfigurationManager, init=-1: peers:[4ea9b805-d843-4364-8f91-0c3c20e3ed71|rpc:10.1.0.64:15101|admin:10.1.0.64:15100|client:10.1.0.64:15099|dataStream:10.1.0.64:15102|priority:0|startupRole:FOLLOWER, f1b6f36b-e7af-48b8-b739-38f78676889c|rpc:10.1.0.64:15093|admin:10.1.0.64:15092|client:10.1.0.64:15091|dataStream:10.1.0.64:15094|priority:0|startupRole:FOLLOWER, a82ad0ea-641b-4ac2-b933-a1a26b5fe742|rpc:10.1.0.64:15085|admin:10.1.0.64:15084|client:10.1.0.64:15083|dataStream:10.1.0.64:15086|priority:1|startupRole:FOLLOWER]|listeners:[], old=null, confs=<EMPTY_MAP>
2023-05-17 09:09:10,368 [4ea9b805-d843-4364-8f91-0c3c20e3ed71-groupManagement] INFO  server.RaftServerConfigKeys (ConfUtils.java:logGet(46)) - raft.server.storage.dir = [/home/runner/work/ozone/ozone/hadoop-ozone/integration-test/target/test-dir/MiniOzoneClusterImpl-21d14123-a168-44a2-bc0a-ee93e32dcc9b/datanode-11/data/ratis] (custom)
2023-05-17 09:09:10,368 [4ea9b805-d843-4364-8f91-0c3c20e3ed71-groupManagement] INFO  server.RaftServerConfigKeys (ConfUtils.java:logGet(46)) - raft.server.log.corruption.policy = EXCEPTION (default)
2023-05-17 09:09:10,368 [4ea9b805-d843-4364-8f91-0c3c20e3ed71-groupManagement] INFO  server.RaftServerConfigKeys (ConfUtils.java:logGet(46)) - raft.server.storage.free-space.min = 0MB (=0) (default)
2023-05-17 09:09:10,368 [4ea9b805-d843-4364-8f91-0c3c20e3ed71-groupManagement] INFO  server.RaftServerConfigKeys (ConfUtils.java:logGet(46)) - raft.server.notification.no-leader.timeout = 300s (custom)
2023-05-17 09:09:10,368 [4ea9b805-d843-4364-8f91-0c3c20e3ed71-groupManagement] INFO  server.RaftServerConfigKeys (ConfUtils.java:logGet(46)) - raft.server.read.timeout = 10s (default)
2023-05-17 09:09:10,368 [4ea9b805-d843-4364-8f91-0c3c20e3ed71-groupManagement] INFO  server.RaftServerConfigKeys (ConfUtils.java:logGet(46)) - raft.server.retrycache.expirytime = 600000ms (custom)
2023-05-17 09:09:10,368 [4ea9b805-d843-4364-8f91-0c3c20e3ed71-groupManagement] INFO  server.RaftServerConfigKeys (ConfUtils.java:logGet(46)) - raft.server.retrycache.statistics.expirytime = 100μs (default)
2023-05-17 09:09:10,368 [4ea9b805-d843-4364-8f91-0c3c20e3ed71-groupManagement] INFO  server.RaftServerConfigKeys (ConfUtils.java:logGet(46)) - raft.server.read.option = DEFAULT (default)
2023-05-17 09:09:10,369 [4ea9b805-d843-4364-8f91-0c3c20e3ed71-groupManagement] INFO  server.RaftServerConfigKeys (ConfUtils.java:logGet(46)) - raft.server.rpc.request.timeout = 60s (custom)
2023-05-17 09:09:10,369 [4ea9b805-d843-4364-8f91-0c3c20e3ed71-groupManagement] INFO  server.RaftServerConfigKeys (ConfUtils.java:logGet(46)) - raft.server.log.appender.install.snapshot.enabled = false (custom)
2023-05-17 09:09:10,369 [4ea9b805-d843-4364-8f91-0c3c20e3ed71-groupManagement] INFO  server.RaftServerConfigKeys (ConfUtils.java:logGet(46)) - raft.server.threadpool.server.cached = true (default)
2023-05-17 09:09:10,369 [4ea9b805-d843-4364-8f91-0c3c20e3ed71-groupManagement] INFO  server.RaftServerConfigKeys (ConfUtils.java:logGet(46)) - raft.server.threadpool.server.size = 0 (default)
2023-05-17 09:09:10,369 [4ea9b805-d843-4364-8f91-0c3c20e3ed71-groupManagement] INFO  server.RaftServerConfigKeys (ConfUtils.java:logGet(46)) - raft.server.threadpool.client.cached = true (default)
2023-05-17 09:09:10,369 [4ea9b805-d843-4364-8f91-0c3c20e3ed71-groupManagement] INFO  server.RaftServerConfigKeys (ConfUtils.java:logGet(46)) - raft.server.threadpool.client.size = 0 (default)
2023-05-17 09:09:10,370 [4ea9b805-d843-4364-8f91-0c3c20e3ed71-groupManagement] INFO  storage.RaftStorageDirectory (RaftStorageDirectoryImpl.java:analyzeStorage(137)) - The storage directory /home/runner/work/ozone/ozone/hadoop-ozone/integration-test/target/test-dir/MiniOzoneClusterImpl-21d14123-a168-44a2-bc0a-ee93e32dcc9b/datanode-11/data/ratis/bcb7f622-48ef-4dfa-9e5a-6a381084a931 does not exist. Creating ...
2023-05-17 09:09:10,371 [4ea9b805-d843-4364-8f91-0c3c20e3ed71-groupManagement] INFO  storage.RaftStorageDirectory (RaftStorageDirectoryImpl.java:tryLock(231)) - Lock on /home/runner/work/ozone/ozone/hadoop-ozone/integration-test/target/test-dir/MiniOzoneClusterImpl-21d14123-a168-44a2-bc0a-ee93e32dcc9b/datanode-11/data/ratis/bcb7f622-48ef-4dfa-9e5a-6a381084a931/in_use.lock acquired by nodename 2768@fv-az41-747
2023-05-17 09:09:10,372 [4ea9b805-d843-4364-8f91-0c3c20e3ed71-groupManagement] INFO  storage.RaftStorage (RaftStorageImpl.java:format(96)) - Storage directory /home/runner/work/ozone/ozone/hadoop-ozone/integration-test/target/test-dir/MiniOzoneClusterImpl-21d14123-a168-44a2-bc0a-ee93e32dcc9b/datanode-11/data/ratis/bcb7f622-48ef-4dfa-9e5a-6a381084a931 has been successfully formatted.
2023-05-17 09:09:10,375 [4ea9b805-d843-4364-8f91-0c3c20e3ed71-groupManagement] INFO  ratis.ContainerStateMachine (ContainerStateMachine.java:loadSnapshot(262)) - group-6A381084A931: The snapshot info is null. Setting the last applied indexto:(t:0, i:~)
2023-05-17 09:09:10,375 [4ea9b805-d843-4364-8f91-0c3c20e3ed71-groupManagement] INFO  server.RaftServerConfigKeys (ConfUtils.java:logGet(46)) - raft.server.log.use.memory = false (default)
2023-05-17 09:09:10,375 [4ea9b805-d843-4364-8f91-0c3c20e3ed71-groupManagement] INFO  server.RaftServerConfigKeys (ConfUtils.java:logGet(46)) - raft.server.log.purge.gap = 1000000 (custom)
2023-05-17 09:09:10,375 [4ea9b805-d843-4364-8f91-0c3c20e3ed71-groupManagement] INFO  server.RaftServerConfigKeys (ConfUtils.java:logGet(46)) - raft.server.log.appender.buffer.byte-limit = 33554432 (custom)
2023-05-17 09:09:10,375 [4ea9b805-d843-4364-8f91-0c3c20e3ed71-groupManagement] INFO  server.RaftServerConfigKeys (ConfUtils.java:logGet(46)) - raft.server.log.statemachine.data.read.timeout = 1000ms (default)
2023-05-17 09:09:10,375 [4ea9b805-d843-4364-8f91-0c3c20e3ed71-groupManagement] INFO  server.RaftServerConfigKeys (ConfUtils.java:logGet(46)) - raft.server.log.purge.preservation.log.num = 0 (default)
2023-05-17 09:09:10,375 [4ea9b805-d843-4364-8f91-0c3c20e3ed71-groupManagement] INFO  server.RaftServerConfigKeys (ConfUtils.java:logGet(46)) - raft.server.log.segment.size.max = 1048576 (custom)
2023-05-17 09:09:10,376 [4ea9b805-d843-4364-8f91-0c3c20e3ed71-groupManagement] INFO  server.RaftServerConfigKeys (ConfUtils.java:logGet(46)) - raft.server.log.segment.cache.num.max = 2 (custom)
2023-05-17 09:09:10,376 [4ea9b805-d843-4364-8f91-0c3c20e3ed71-groupManagement] INFO  server.RaftServerConfigKeys (ConfUtils.java:logGet(46)) - raft.server.log.segment.cache.size.max = 200MB (=209715200) (default)
2023-05-17 09:09:10,376 [4ea9b805-d843-4364-8f91-0c3c20e3ed71-groupManagement] INFO  server.RaftServerConfigKeys (ConfUtils.java:logGet(46)) - raft.server.log.appender.buffer.byte-limit = 33554432 (custom)
2023-05-17 09:09:10,376 [4ea9b805-d843-4364-8f91-0c3c20e3ed71-groupManagement] INFO  segmented.SegmentedRaftLogWorker (SegmentedRaftLogWorker.java:<init>(188)) - new 4ea9b805-d843-4364-8f91-0c3c20e3ed71@group-6A381084A931-SegmentedRaftLogWorker for RaftStorageImpl:Storage Directory /home/runner/work/ozone/ozone/hadoop-ozone/integration-test/target/test-dir/MiniOzoneClusterImpl-21d14123-a168-44a2-bc0a-ee93e32dcc9b/datanode-11/data/ratis/bcb7f622-48ef-4dfa-9e5a-6a381084a931
2023-05-17 09:09:10,376 [4ea9b805-d843-4364-8f91-0c3c20e3ed71-groupManagement] INFO  server.RaftServerConfigKeys (ConfUtils.java:logGet(46)) - raft.server.log.queue.byte-limit = 4294967296 (custom)
2023-05-17 09:09:10,376 [4ea9b805-d843-4364-8f91-0c3c20e3ed71-groupManagement] INFO  server.RaftServerConfigKeys (ConfUtils.java:logGet(46)) - raft.server.log.queue.element-limit = 1024 (custom)
2023-05-17 09:09:10,376 [4ea9b805-d843-4364-8f91-0c3c20e3ed71-groupManagement] INFO  server.RaftServerConfigKeys (ConfUtils.java:logGet(46)) - raft.server.log.segment.size.max = 1048576 (custom)
2023-05-17 09:09:10,376 [4ea9b805-d843-4364-8f91-0c3c20e3ed71-groupManagement] INFO  server.RaftServerConfigKeys (ConfUtils.java:logGet(46)) - raft.server.log.preallocated.size = 16384 (custom)
2023-05-17 09:09:10,376 [4ea9b805-d843-4364-8f91-0c3c20e3ed71-groupManagement] INFO  server.RaftServerConfigKeys (ConfUtils.java:logGet(46)) - raft.server.log.force.sync.num = 128 (default)
2023-05-17 09:09:10,376 [4ea9b805-d843-4364-8f91-0c3c20e3ed71-groupManagement] INFO  server.RaftServerConfigKeys (ConfUtils.java:logGet(46)) - raft.server.log.statemachine.data.sync = true (default)
2023-05-17 09:09:10,376 [4ea9b805-d843-4364-8f91-0c3c20e3ed71-groupManagement] INFO  server.RaftServerConfigKeys (ConfUtils.java:logGet(46)) - raft.server.log.statemachine.data.sync.timeout = 10s (default)
2023-05-17 09:09:10,376 [4ea9b805-d843-4364-8f91-0c3c20e3ed71-groupManagement] INFO  server.RaftServerConfigKeys (ConfUtils.java:logGet(46)) - raft.server.log.statemachine.data.sync.timeout.retry = -1 (default)
2023-05-17 09:09:10,377 [4ea9b805-d843-4364-8f91-0c3c20e3ed71-groupManagement] INFO  server.RaftServerConfigKeys (ConfUtils.java:logGet(46)) - raft.server.log.write.buffer.size = 1048576 (custom)
2023-05-17 09:09:10,378 [4ea9b805-d843-4364-8f91-0c3c20e3ed71-groupManagement] INFO  server.RaftServerConfigKeys (ConfUtils.java:logGet(46)) - raft.server.log.appender.buffer.byte-limit = 33554432 (custom)
2023-05-17 09:09:10,382 [4ea9b805-d843-4364-8f91-0c3c20e3ed71-groupManagement] INFO  server.RaftServerConfigKeys (ConfUtils.java:logGet(46)) - raft.server.log.unsafe-flush.enabled = false (default)
2023-05-17 09:09:10,383 [4ea9b805-d843-4364-8f91-0c3c20e3ed71-groupManagement] INFO  server.RaftServerConfigKeys (ConfUtils.java:logGet(46)) - raft.server.log.async-flush.enabled = false (default)
2023-05-17 09:09:10,383 [4ea9b805-d843-4364-8f91-0c3c20e3ed71-groupManagement] INFO  server.RaftServerConfigKeys (ConfUtils.java:logGet(46)) - raft.server.log.statemachine.data.caching.enabled = true (custom)
2023-05-17 09:09:10,383 [4ea9b805-d843-4364-8f91-0c3c20e3ed71-groupManagement] INFO  segmented.SegmentedRaftLogWorker (SegmentedRaftLogWorker.java:lambda$new$0(135)) - 4ea9b805-d843-4364-8f91-0c3c20e3ed71@group-6A381084A931-SegmentedRaftLogWorker: flushIndex: setUnconditionally 0 -> -1
2023-05-17 09:09:10,383 [4ea9b805-d843-4364-8f91-0c3c20e3ed71-groupManagement] INFO  segmented.SegmentedRaftLogWorker (SegmentedRaftLogWorker.java:lambda$new$0(135)) - 4ea9b805-d843-4364-8f91-0c3c20e3ed71@group-6A381084A931-SegmentedRaftLogWorker: safeCacheEvictIndex: setUnconditionally 0 -> -1
2023-05-17 09:09:10,383 [4ea9b805-d843-4364-8f91-0c3c20e3ed71-groupManagement] INFO  server.RaftServer$Division (RaftServerImpl.java:start(342)) - 4ea9b805-d843-4364-8f91-0c3c20e3ed71@group-6A381084A931: start as a follower, conf=-1: peers:[4ea9b805-d843-4364-8f91-0c3c20e3ed71|rpc:10.1.0.64:15101|admin:10.1.0.64:15100|client:10.1.0.64:15099|dataStream:10.1.0.64:15102|priority:0|startupRole:FOLLOWER, f1b6f36b-e7af-48b8-b739-38f78676889c|rpc:10.1.0.64:15093|admin:10.1.0.64:15092|client:10.1.0.64:15091|dataStream:10.1.0.64:15094|priority:0|startupRole:FOLLOWER, a82ad0ea-641b-4ac2-b933-a1a26b5fe742|rpc:10.1.0.64:15085|admin:10.1.0.64:15084|client:10.1.0.64:15083|dataStream:10.1.0.64:15086|priority:1|startupRole:FOLLOWER]|listeners:[], old=null
2023-05-17 09:09:10,383 [4ea9b805-d843-4364-8f91-0c3c20e3ed71-groupManagement] INFO  server.RaftServer$Division (RaftServerImpl.java:setRole(329)) - 4ea9b805-d843-4364-8f91-0c3c20e3ed71@group-6A381084A931: changes role from      null to FOLLOWER at term 0 for startAsFollower
2023-05-17 09:09:10,383 [4ea9b805-d843-4364-8f91-0c3c20e3ed71-groupManagement] INFO  impl.RoleInfo (RoleInfo.java:updateAndGet(139)) - 4ea9b805-d843-4364-8f91-0c3c20e3ed71: start 4ea9b805-d843-4364-8f91-0c3c20e3ed71@group-6A381084A931-FollowerState
2023-05-17 09:09:10,385 [4ea9b805-d843-4364-8f91-0c3c20e3ed71-groupManagement] INFO  util.JmxRegister (JmxRegister.java:tryRegister(44)) - Successfully registered JMX Bean with object name Ratis:service=RaftServer,group=group-6A381084A931,id=4ea9b805-d843-4364-8f91-0c3c20e3ed71
2023-05-17 09:09:10,385 [4ea9b805-d843-4364-8f91-0c3c20e3ed71-groupManagement] INFO  server.RaftServerConfigKeys (ConfUtils.java:logGet(46)) - raft.server.snapshot.auto.trigger.enabled = true (custom)
2023-05-17 09:09:10,385 [4ea9b805-d843-4364-8f91-0c3c20e3ed71-groupManagement] INFO  server.RaftServerConfigKeys (ConfUtils.java:logGet(46)) - raft.server.snapshot.auto.trigger.threshold = 10000 (custom)
2023-05-17 09:09:10,385 [4ea9b805-d843-4364-8f91-0c3c20e3ed71-groupManagement] INFO  server.RaftServerConfigKeys (ConfUtils.java:logGet(46)) - raft.server.snapshot.retention.file.num = 5 (custom)
2023-05-17 09:09:10,385 [4ea9b805-d843-4364-8f91-0c3c20e3ed71-groupManagement] INFO  server.RaftServerConfigKeys (ConfUtils.java:logGet(46)) - raft.server.log.purge.upto.snapshot.index = false (default)
2023-05-17 09:09:10,386 [4ea9b805-d843-4364-8f91-0c3c20e3ed71@group-6A381084A931-FollowerState] INFO  server.RaftServerConfigKeys (ConfUtils.java:logFallback(53)) - raft.server.rpc.first-election.timeout.min = 5s (fallback to raft.server.rpc.timeout.min)
2023-05-17 09:09:10,386 [4ea9b805-d843-4364-8f91-0c3c20e3ed71@group-6A381084A931-FollowerState] INFO  server.RaftServerConfigKeys (ConfUtils.java:logFallback(53)) - raft.server.rpc.first-election.timeout.max = 5200ms (fallback to raft.server.rpc.timeout.max)
2023-05-17 09:09:10,401 [Command processor thread] INFO  commandhandler.CreatePipelineCommandHandler (CreatePipelineCommandHandler.java:handle(113)) - Created Pipeline RATIS THREE PipelineID=bcb7f622-48ef-4dfa-9e5a-6a381084a931.
2023-05-17 09:09:10,655 [Command processor thread] INFO  server.RaftServer (RaftServerProxy.java:addNew(98)) - 4ea9b805-d843-4364-8f91-0c3c20e3ed71: addNew group-8FB84FAB7D0D:[4ea9b805-d843-4364-8f91-0c3c20e3ed71|rpc:10.1.0.64:15101|admin:10.1.0.64:15100|client:10.1.0.64:15099|dataStream:10.1.0.64:15102|priority:1|startupRole:FOLLOWER] returns group-8FB84FAB7D0D:java.util.concurrent.CompletableFuture@46218965[Not completed]
2023-05-17 09:09:10,657 [4ea9b805-d843-4364-8f91-0c3c20e3ed71-groupManagement] INFO  server.RaftServer$Division (RaftServerImpl.java:<init>(198)) - 4ea9b805-d843-4364-8f91-0c3c20e3ed71: new RaftServerImpl for group-8FB84FAB7D0D:[4ea9b805-d843-4364-8f91-0c3c20e3ed71|rpc:10.1.0.64:15101|admin:10.1.0.64:15100|client:10.1.0.64:15099|dataStream:10.1.0.64:15102|priority:1|startupRole:FOLLOWER] with ContainerStateMachine:uninitialized
2023-05-17 09:09:10,657 [4ea9b805-d843-4364-8f91-0c3c20e3ed71-groupManagement] INFO  server.RaftServerConfigKeys (ConfUtils.java:logGet(46)) - raft.server.rpc.timeout.min = 5s (custom)
2023-05-17 09:09:10,657 [4ea9b805-d843-4364-8f91-0c3c20e3ed71-groupManagement] INFO  server.RaftServerConfigKeys (ConfUtils.java:logGet(46)) - raft.server.rpc.timeout.max = 5200ms (custom)
2023-05-17 09:09:10,657 [4ea9b805-d843-4364-8f91-0c3c20e3ed71-groupManagement] INFO  server.RaftServerConfigKeys (ConfUtils.java:logGet(46)) - raft.server.rpc.sleep.time = 25ms (default)
2023-05-17 09:09:10,657 [4ea9b805-d843-4364-8f91-0c3c20e3ed71-groupManagement] INFO  server.RaftServerConfigKeys (ConfUtils.java:logGet(46)) - raft.server.rpc.slowness.timeout = 300s (custom)
2023-05-17 09:09:10,657 [4ea9b805-d843-4364-8f91-0c3c20e3ed71-groupManagement] INFO  server.RaftServerConfigKeys (ConfUtils.java:logGet(46)) - raft.server.leaderelection.leader.step-down.wait-time = 10s (default)
2023-05-17 09:09:10,657 [4ea9b805-d843-4364-8f91-0c3c20e3ed71-groupManagement] INFO  server.RaftServerConfigKeys (ConfUtils.java:logGet(46)) - raft.server.sleep.deviation.threshold = 300ms (default)
2023-05-17 09:09:10,657 [4ea9b805-d843-4364-8f91-0c3c20e3ed71-groupManagement] INFO  server.RaftServer$Division (ServerState.java:<init>(120)) - 4ea9b805-d843-4364-8f91-0c3c20e3ed71@group-8FB84FAB7D0D: ConfigurationManager, init=-1: peers:[4ea9b805-d843-4364-8f91-0c3c20e3ed71|rpc:10.1.0.64:15101|admin:10.1.0.64:15100|client:10.1.0.64:15099|dataStream:10.1.0.64:15102|priority:1|startupRole:FOLLOWER]|listeners:[], old=null, confs=<EMPTY_MAP>
2023-05-17 09:09:10,657 [4ea9b805-d843-4364-8f91-0c3c20e3ed71-groupManagement] INFO  server.RaftServerConfigKeys (ConfUtils.java:logGet(46)) - raft.server.storage.dir = [/home/runner/work/ozone/ozone/hadoop-ozone/integration-test/target/test-dir/MiniOzoneClusterImpl-21d14123-a168-44a2-bc0a-ee93e32dcc9b/datanode-11/data/ratis] (custom)
2023-05-17 09:09:10,657 [4ea9b805-d843-4364-8f91-0c3c20e3ed71-groupManagement] INFO  server.RaftServerConfigKeys (ConfUtils.java:logGet(46)) - raft.server.log.corruption.policy = EXCEPTION (default)
2023-05-17 09:09:10,658 [4ea9b805-d843-4364-8f91-0c3c20e3ed71-groupManagement] INFO  server.RaftServerConfigKeys (ConfUtils.java:logGet(46)) - raft.server.storage.free-space.min = 0MB (=0) (default)
2023-05-17 09:09:10,658 [4ea9b805-d843-4364-8f91-0c3c20e3ed71-groupManagement] INFO  server.RaftServerConfigKeys (ConfUtils.java:logGet(46)) - raft.server.notification.no-leader.timeout = 300s (custom)
2023-05-17 09:09:10,658 [4ea9b805-d843-4364-8f91-0c3c20e3ed71-groupManagement] INFO  server.RaftServerConfigKeys (ConfUtils.java:logGet(46)) - raft.server.read.timeout = 10s (default)
2023-05-17 09:09:10,658 [4ea9b805-d843-4364-8f91-0c3c20e3ed71-groupManagement] INFO  server.RaftServerConfigKeys (ConfUtils.java:logGet(46)) - raft.server.retrycache.expirytime = 600000ms (custom)
2023-05-17 09:09:10,658 [4ea9b805-d843-4364-8f91-0c3c20e3ed71-groupManagement] INFO  server.RaftServerConfigKeys (ConfUtils.java:logGet(46)) - raft.server.retrycache.statistics.expirytime = 100μs (default)
2023-05-17 09:09:10,658 [4ea9b805-d843-4364-8f91-0c3c20e3ed71-groupManagement] INFO  server.RaftServerConfigKeys (ConfUtils.java:logGet(46)) - raft.server.read.option = DEFAULT (default)
2023-05-17 09:09:10,659 [4ea9b805-d843-4364-8f91-0c3c20e3ed71-groupManagement] INFO  server.RaftServerConfigKeys (ConfUtils.java:logGet(46)) - raft.server.rpc.request.timeout = 60s (custom)
2023-05-17 09:09:10,659 [4ea9b805-d843-4364-8f91-0c3c20e3ed71-groupManagement] INFO  server.RaftServerConfigKeys (ConfUtils.java:logGet(46)) - raft.server.log.appender.install.snapshot.enabled = false (custom)
2023-05-17 09:09:10,659 [4ea9b805-d843-4364-8f91-0c3c20e3ed71-groupManagement] INFO  server.RaftServerConfigKeys (ConfUtils.java:logGet(46)) - raft.server.threadpool.server.cached = true (default)
2023-05-17 09:09:10,659 [4ea9b805-d843-4364-8f91-0c3c20e3ed71-groupManagement] INFO  server.RaftServerConfigKeys (ConfUtils.java:logGet(46)) - raft.server.threadpool.server.size = 0 (default)
2023-05-17 09:09:10,659 [4ea9b805-d843-4364-8f91-0c3c20e3ed71-groupManagement] INFO  server.RaftServerConfigKeys (ConfUtils.java:logGet(46)) - raft.server.threadpool.client.cached = true (default)
2023-05-17 09:09:10,659 [4ea9b805-d843-4364-8f91-0c3c20e3ed71-groupManagement] INFO  server.RaftServerConfigKeys (ConfUtils.java:logGet(46)) - raft.server.threadpool.client.size = 0 (default)
2023-05-17 09:09:10,659 [4ea9b805-d843-4364-8f91-0c3c20e3ed71-groupManagement] INFO  storage.RaftStorageDirectory (RaftStorageDirectoryImpl.java:analyzeStorage(137)) - The storage directory /home/runner/work/ozone/ozone/hadoop-ozone/integration-test/target/test-dir/MiniOzoneClusterImpl-21d14123-a168-44a2-bc0a-ee93e32dcc9b/datanode-11/data/ratis/de5b0980-4904-4a94-9d72-8fb84fab7d0d does not exist. Creating ...
2023-05-17 09:09:10,661 [4ea9b805-d843-4364-8f91-0c3c20e3ed71-groupManagement] INFO  storage.RaftStorageDirectory (RaftStorageDirectoryImpl.java:tryLock(231)) - Lock on /home/runner/work/ozone/ozone/hadoop-ozone/integration-test/target/test-dir/MiniOzoneClusterImpl-21d14123-a168-44a2-bc0a-ee93e32dcc9b/datanode-11/data/ratis/de5b0980-4904-4a94-9d72-8fb84fab7d0d/in_use.lock acquired by nodename 2768@fv-az41-747
2023-05-17 09:09:10,662 [4ea9b805-d843-4364-8f91-0c3c20e3ed71-groupManagement] INFO  storage.RaftStorage (RaftStorageImpl.java:format(96)) - Storage directory /home/runner/work/ozone/ozone/hadoop-ozone/integration-test/target/test-dir/MiniOzoneClusterImpl-21d14123-a168-44a2-bc0a-ee93e32dcc9b/datanode-11/data/ratis/de5b0980-4904-4a94-9d72-8fb84fab7d0d has been successfully formatted.
2023-05-17 09:09:10,663 [4ea9b805-d843-4364-8f91-0c3c20e3ed71-groupManagement] INFO  ratis.ContainerStateMachine (ContainerStateMachine.java:loadSnapshot(262)) - group-8FB84FAB7D0D: The snapshot info is null. Setting the last applied indexto:(t:0, i:~)
2023-05-17 09:09:10,663 [4ea9b805-d843-4364-8f91-0c3c20e3ed71-groupManagement] INFO  server.RaftServerConfigKeys (ConfUtils.java:logGet(46)) - raft.server.log.use.memory = false (default)
2023-05-17 09:09:10,663 [4ea9b805-d843-4364-8f91-0c3c20e3ed71-groupManagement] INFO  server.RaftServerConfigKeys (ConfUtils.java:logGet(46)) - raft.server.log.purge.gap = 1000000 (custom)
2023-05-17 09:09:10,663 [4ea9b805-d843-4364-8f91-0c3c20e3ed71-groupManagement] INFO  server.RaftServerConfigKeys (ConfUtils.java:logGet(46)) - raft.server.log.appender.buffer.byte-limit = 33554432 (custom)
2023-05-17 09:09:10,663 [4ea9b805-d843-4364-8f91-0c3c20e3ed71-groupManagement] INFO  server.RaftServerConfigKeys (ConfUtils.java:logGet(46)) - raft.server.log.statemachine.data.read.timeout = 1000ms (default)
2023-05-17 09:09:10,663 [4ea9b805-d843-4364-8f91-0c3c20e3ed71-groupManagement] INFO  server.RaftServerConfigKeys (ConfUtils.java:logGet(46)) - raft.server.log.purge.preservation.log.num = 0 (default)
2023-05-17 09:09:10,663 [4ea9b805-d843-4364-8f91-0c3c20e3ed71-groupManagement] INFO  server.RaftServerConfigKeys (ConfUtils.java:logGet(46)) - raft.server.log.segment.size.max = 1048576 (custom)
2023-05-17 09:09:10,664 [4ea9b805-d843-4364-8f91-0c3c20e3ed71-groupManagement] INFO  server.RaftServerConfigKeys (ConfUtils.java:logGet(46)) - raft.server.log.segment.cache.num.max = 2 (custom)
2023-05-17 09:09:10,664 [4ea9b805-d843-4364-8f91-0c3c20e3ed71-groupManagement] INFO  server.RaftServerConfigKeys (ConfUtils.java:logGet(46)) - raft.server.log.segment.cache.size.max = 200MB (=209715200) (default)
2023-05-17 09:09:10,664 [4ea9b805-d843-4364-8f91-0c3c20e3ed71-groupManagement] INFO  server.RaftServerConfigKeys (ConfUtils.java:logGet(46)) - raft.server.log.appender.buffer.byte-limit = 33554432 (custom)
2023-05-17 09:09:10,664 [4ea9b805-d843-4364-8f91-0c3c20e3ed71-groupManagement] INFO  segmented.SegmentedRaftLogWorker (SegmentedRaftLogWorker.java:<init>(188)) - new 4ea9b805-d843-4364-8f91-0c3c20e3ed71@group-8FB84FAB7D0D-SegmentedRaftLogWorker for RaftStorageImpl:Storage Directory /home/runner/work/ozone/ozone/hadoop-ozone/integration-test/target/test-dir/MiniOzoneClusterImpl-21d14123-a168-44a2-bc0a-ee93e32dcc9b/datanode-11/data/ratis/de5b0980-4904-4a94-9d72-8fb84fab7d0d
2023-05-17 09:09:10,664 [4ea9b805-d843-4364-8f91-0c3c20e3ed71-groupManagement] INFO  server.RaftServerConfigKeys (ConfUtils.java:logGet(46)) - raft.server.log.queue.byte-limit = 4294967296 (custom)
2023-05-17 09:09:10,664 [4ea9b805-d843-4364-8f91-0c3c20e3ed71-groupManagement] INFO  server.RaftServerConfigKeys (ConfUtils.java:logGet(46)) - raft.server.log.queue.element-limit = 1024 (custom)
2023-05-17 09:09:10,664 [4ea9b805-d843-4364-8f91-0c3c20e3ed71-groupManagement] INFO  server.RaftServerConfigKeys (ConfUtils.java:logGet(46)) - raft.server.log.segment.size.max = 1048576 (custom)
2023-05-17 09:09:10,664 [4ea9b805-d843-4364-8f91-0c3c20e3ed71-groupManagement] INFO  server.RaftServerConfigKeys (ConfUtils.java:logGet(46)) - raft.server.log.preallocated.size = 16384 (custom)
2023-05-17 09:09:10,664 [4ea9b805-d843-4364-8f91-0c3c20e3ed71-groupManagement] INFO  server.RaftServerConfigKeys (ConfUtils.java:logGet(46)) - raft.server.log.force.sync.num = 128 (default)
2023-05-17 09:09:10,665 [EventQueue-PipelineReportForPipelineReportHandler] INFO  pipeline.PipelineManagerImpl (PipelineManagerImpl.java:openPipeline(367)) - Pipeline Pipeline[ Id: de5b0980-4904-4a94-9d72-8fb84fab7d0d, Nodes: 4ea9b805-d843-4364-8f91-0c3c20e3ed71(fv-az41-747.zje5jq5y5x4uznwvdkgxk4wc2h.cx.internal.cloudapp.net/10.1.0.64), ReplicationConfig: RATIS/ONE, State:ALLOCATED, leaderId:4ea9b805-d843-4364-8f91-0c3c20e3ed71, CreationTimestamp2023-05-17T09:09:07.657Z[Etc/UTC]] moved to OPEN state
2023-05-17 09:09:10,666 [EventQueue-OpenPipelineForHealthyPipelineSafeModeRule] INFO  safemode.SCMSafeModeManager (HealthyPipelineSafeModeRule.java:process(137)) - SCM in safe mode. Healthy pipelines reported count is 0, required healthy pipeline reported count is 1
2023-05-17 09:09:10,665 [4ea9b805-d843-4364-8f91-0c3c20e3ed71-groupManagement] INFO  server.RaftServerConfigKeys (ConfUtils.java:logGet(46)) - raft.server.log.statemachine.data.sync = true (default)
2023-05-17 09:09:10,666 [4ea9b805-d843-4364-8f91-0c3c20e3ed71-groupManagement] INFO  server.RaftServerConfigKeys (ConfUtils.java:logGet(46)) - raft.server.log.statemachine.data.sync.timeout = 10s (default)
2023-05-17 09:09:10,666 [4ea9b805-d843-4364-8f91-0c3c20e3ed71-groupManagement] INFO  server.RaftServerConfigKeys (ConfUtils.java:logGet(46)) - raft.server.log.statemachine.data.sync.timeout.retry = -1 (default)
2023-05-17 09:09:10,667 [4ea9b805-d843-4364-8f91-0c3c20e3ed71-groupManagement] INFO  server.RaftServerConfigKeys (ConfUtils.java:logGet(46)) - raft.server.log.write.buffer.size = 1048576 (custom)
2023-05-17 09:09:10,669 [4ea9b805-d843-4364-8f91-0c3c20e3ed71-groupManagement] INFO  server.RaftServerConfigKeys (ConfUtils.java:logGet(46)) - raft.server.log.appender.buffer.byte-limit = 33554432 (custom)
2023-05-17 09:09:10,675 [4ea9b805-d843-4364-8f91-0c3c20e3ed71-groupManagement] INFO  server.RaftServerConfigKeys (ConfUtils.java:logGet(46)) - raft.server.log.unsafe-flush.enabled = false (default)
2023-05-17 09:09:10,675 [4ea9b805-d843-4364-8f91-0c3c20e3ed71-groupManagement] INFO  server.RaftServerConfigKeys (ConfUtils.java:logGet(46)) - raft.server.log.async-flush.enabled = false (default)
2023-05-17 09:09:10,675 [4ea9b805-d843-4364-8f91-0c3c20e3ed71-groupManagement] INFO  server.RaftServerConfigKeys (ConfUtils.java:logGet(46)) - raft.server.log.statemachine.data.caching.enabled = true (custom)
2023-05-17 09:09:10,676 [4ea9b805-d843-4364-8f91-0c3c20e3ed71-groupManagement] INFO  segmented.SegmentedRaftLogWorker (SegmentedRaftLogWorker.java:lambda$new$0(135)) - 4ea9b805-d843-4364-8f91-0c3c20e3ed71@group-8FB84FAB7D0D-SegmentedRaftLogWorker: flushIndex: setUnconditionally 0 -> -1
2023-05-17 09:09:10,676 [4ea9b805-d843-4364-8f91-0c3c20e3ed71-groupManagement] INFO  segmented.SegmentedRaftLogWorker (SegmentedRaftLogWorker.java:lambda$new$0(135)) - 4ea9b805-d843-4364-8f91-0c3c20e3ed71@group-8FB84FAB7D0D-SegmentedRaftLogWorker: safeCacheEvictIndex: setUnconditionally 0 -> -1
2023-05-17 09:09:10,676 [4ea9b805-d843-4364-8f91-0c3c20e3ed71-groupManagement] INFO  server.RaftServer$Division (RaftServerImpl.java:start(342)) - 4ea9b805-d843-4364-8f91-0c3c20e3ed71@group-8FB84FAB7D0D: start as a follower, conf=-1: peers:[4ea9b805-d843-4364-8f91-0c3c20e3ed71|rpc:10.1.0.64:15101|admin:10.1.0.64:15100|client:10.1.0.64:15099|dataStream:10.1.0.64:15102|priority:1|startupRole:FOLLOWER]|listeners:[], old=null
2023-05-17 09:09:10,676 [4ea9b805-d843-4364-8f91-0c3c20e3ed71-groupManagement] INFO  server.RaftServer$Division (RaftServerImpl.java:setRole(329)) - 4ea9b805-d843-4364-8f91-0c3c20e3ed71@group-8FB84FAB7D0D: changes role from      null to FOLLOWER at term 0 for startAsFollower
2023-05-17 09:09:10,676 [4ea9b805-d843-4364-8f91-0c3c20e3ed71-groupManagement] INFO  impl.RoleInfo (RoleInfo.java:updateAndGet(139)) - 4ea9b805-d843-4364-8f91-0c3c20e3ed71: start 4ea9b805-d843-4364-8f91-0c3c20e3ed71@group-8FB84FAB7D0D-FollowerState
2023-05-17 09:09:10,679 [4ea9b805-d843-4364-8f91-0c3c20e3ed71-groupManagement] INFO  util.JmxRegister (JmxRegister.java:tryRegister(44)) - Successfully registered JMX Bean with object name Ratis:service=RaftServer,group=group-8FB84FAB7D0D,id=4ea9b805-d843-4364-8f91-0c3c20e3ed71
2023-05-17 09:09:10,679 [4ea9b805-d843-4364-8f91-0c3c20e3ed71@group-8FB84FAB7D0D-FollowerState] INFO  server.RaftServerConfigKeys (ConfUtils.java:logFallback(53)) - raft.server.rpc.first-election.timeout.min = 5s (fallback to raft.server.rpc.timeout.min)
2023-05-17 09:09:10,679 [4ea9b805-d843-4364-8f91-0c3c20e3ed71-groupManagement] INFO  server.RaftServerConfigKeys (ConfUtils.java:logGet(46)) - raft.server.snapshot.auto.trigger.enabled = true (custom)
2023-05-17 09:09:10,679 [4ea9b805-d843-4364-8f91-0c3c20e3ed71@group-8FB84FAB7D0D-FollowerState] INFO  server.RaftServerConfigKeys (ConfUtils.java:logFallback(53)) - raft.server.rpc.first-election.timeout.max = 5200ms (fallback to raft.server.rpc.timeout.max)
2023-05-17 09:09:10,679 [4ea9b805-d843-4364-8f91-0c3c20e3ed71-groupManagement] INFO  server.RaftServerConfigKeys (ConfUtils.java:logGet(46)) - raft.server.snapshot.auto.trigger.threshold = 10000 (custom)
2023-05-17 09:09:10,679 [4ea9b805-d843-4364-8f91-0c3c20e3ed71-groupManagement] INFO  server.RaftServerConfigKeys (ConfUtils.java:logGet(46)) - raft.server.snapshot.retention.file.num = 5 (custom)
2023-05-17 09:09:10,679 [4ea9b805-d843-4364-8f91-0c3c20e3ed71-groupManagement] INFO  server.RaftServerConfigKeys (ConfUtils.java:logGet(46)) - raft.server.log.purge.upto.snapshot.index = false (default)
2023-05-17 09:09:10,680 [Command processor thread] INFO  ratis.XceiverServerRatis (XceiverServerRatis.java:addGroup(806)) - Created group PipelineID=de5b0980-4904-4a94-9d72-8fb84fab7d0d
2023-05-17 09:09:10,680 [Command processor thread] INFO  commandhandler.CreatePipelineCommandHandler (CreatePipelineCommandHandler.java:handle(113)) - Created Pipeline RATIS ONE PipelineID=de5b0980-4904-4a94-9d72-8fb84fab7d0d.
2023-05-17 09:09:10,729 [Command processor thread] INFO  server.RaftServer (RaftServerProxy.java:addNew(98)) - 84eda2eb-aea9-437c-8414-760cea80ce07: addNew group-3DC33AB96AA1:[84eda2eb-aea9-437c-8414-760cea80ce07|rpc:10.1.0.64:15109|admin:10.1.0.64:15108|client:10.1.0.64:15107|dataStream:10.1.0.64:15110|priority:1|startupRole:FOLLOWER] returns group-3DC33AB96AA1:java.util.concurrent.CompletableFuture@dcb8af9[Not completed]
2023-05-17 09:09:10,730 [84eda2eb-aea9-437c-8414-760cea80ce07-groupManagement] INFO  server.RaftServer$Division (RaftServerImpl.java:<init>(198)) - 84eda2eb-aea9-437c-8414-760cea80ce07: new RaftServerImpl for group-3DC33AB96AA1:[84eda2eb-aea9-437c-8414-760cea80ce07|rpc:10.1.0.64:15109|admin:10.1.0.64:15108|client:10.1.0.64:15107|dataStream:10.1.0.64:15110|priority:1|startupRole:FOLLOWER] with ContainerStateMachine:uninitialized
2023-05-17 09:09:10,730 [84eda2eb-aea9-437c-8414-760cea80ce07-groupManagement] INFO  server.RaftServerConfigKeys (ConfUtils.java:logGet(46)) - raft.server.rpc.timeout.min = 5s (custom)
2023-05-17 09:09:10,731 [84eda2eb-aea9-437c-8414-760cea80ce07-groupManagement] INFO  server.RaftServerConfigKeys (ConfUtils.java:logGet(46)) - raft.server.rpc.timeout.max = 5200ms (custom)
2023-05-17 09:09:10,731 [84eda2eb-aea9-437c-8414-760cea80ce07-groupManagement] INFO  server.RaftServerConfigKeys (ConfUtils.java:logGet(46)) - raft.server.rpc.sleep.time = 25ms (default)
2023-05-17 09:09:10,731 [84eda2eb-aea9-437c-8414-760cea80ce07-groupManagement] INFO  server.RaftServerConfigKeys (ConfUtils.java:logGet(46)) - raft.server.rpc.slowness.timeout = 300s (custom)
2023-05-17 09:09:10,731 [84eda2eb-aea9-437c-8414-760cea80ce07-groupManagement] INFO  server.RaftServerConfigKeys (ConfUtils.java:logGet(46)) - raft.server.leaderelection.leader.step-down.wait-time = 10s (default)
2023-05-17 09:09:10,731 [84eda2eb-aea9-437c-8414-760cea80ce07-groupManagement] INFO  server.RaftServerConfigKeys (ConfUtils.java:logGet(46)) - raft.server.sleep.deviation.threshold = 300ms (default)
2023-05-17 09:09:10,731 [84eda2eb-aea9-437c-8414-760cea80ce07-groupManagement] INFO  server.RaftServer$Division (ServerState.java:<init>(120)) - 84eda2eb-aea9-437c-8414-760cea80ce07@group-3DC33AB96AA1: ConfigurationManager, init=-1: peers:[84eda2eb-aea9-437c-8414-760cea80ce07|rpc:10.1.0.64:15109|admin:10.1.0.64:15108|client:10.1.0.64:15107|dataStream:10.1.0.64:15110|priority:1|startupRole:FOLLOWER]|listeners:[], old=null, confs=<EMPTY_MAP>
2023-05-17 09:09:10,731 [84eda2eb-aea9-437c-8414-760cea80ce07-groupManagement] INFO  server.RaftServerConfigKeys (ConfUtils.java:logGet(46)) - raft.server.storage.dir = [/home/runner/work/ozone/ozone/hadoop-ozone/integration-test/target/test-dir/MiniOzoneClusterImpl-21d14123-a168-44a2-bc0a-ee93e32dcc9b/datanode-12/data/ratis] (custom)
2023-05-17 09:09:10,731 [84eda2eb-aea9-437c-8414-760cea80ce07-groupManagement] INFO  server.RaftServerConfigKeys (ConfUtils.java:logGet(46)) - raft.server.log.corruption.policy = EXCEPTION (default)
2023-05-17 09:09:10,731 [84eda2eb-aea9-437c-8414-760cea80ce07-groupManagement] INFO  server.RaftServerConfigKeys (ConfUtils.java:logGet(46)) - raft.server.storage.free-space.min = 0MB (=0) (default)
2023-05-17 09:09:10,731 [84eda2eb-aea9-437c-8414-760cea80ce07-groupManagement] INFO  server.RaftServerConfigKeys (ConfUtils.java:logGet(46)) - raft.server.notification.no-leader.timeout = 300s (custom)
2023-05-17 09:09:10,731 [84eda2eb-aea9-437c-8414-760cea80ce07-groupManagement] INFO  server.RaftServerConfigKeys (ConfUtils.java:logGet(46)) - raft.server.read.timeout = 10s (default)
2023-05-17 09:09:10,731 [84eda2eb-aea9-437c-8414-760cea80ce07-groupManagement] INFO  server.RaftServerConfigKeys (ConfUtils.java:logGet(46)) - raft.server.retrycache.expirytime = 600000ms (custom)
2023-05-17 09:09:10,731 [84eda2eb-aea9-437c-8414-760cea80ce07-groupManagement] INFO  server.RaftServerConfigKeys (ConfUtils.java:logGet(46)) - raft.server.retrycache.statistics.expirytime = 100μs (default)
2023-05-17 09:09:10,731 [84eda2eb-aea9-437c-8414-760cea80ce07-groupManagement] INFO  server.RaftServerConfigKeys (ConfUtils.java:logGet(46)) - raft.server.read.option = DEFAULT (default)
2023-05-17 09:09:10,732 [84eda2eb-aea9-437c-8414-760cea80ce07-groupManagement] INFO  server.RaftServerConfigKeys (ConfUtils.java:logGet(46)) - raft.server.rpc.request.timeout = 60s (custom)
2023-05-17 09:09:10,733 [84eda2eb-aea9-437c-8414-760cea80ce07-groupManagement] INFO  server.RaftServerConfigKeys (ConfUtils.java:logGet(46)) - raft.server.log.appender.install.snapshot.enabled = false (custom)
2023-05-17 09:09:10,733 [84eda2eb-aea9-437c-8414-760cea80ce07-groupManagement] INFO  server.RaftServerConfigKeys (ConfUtils.java:logGet(46)) - raft.server.threadpool.server.cached = true (default)
2023-05-17 09:09:10,733 [84eda2eb-aea9-437c-8414-760cea80ce07-groupManagement] INFO  server.RaftServerConfigKeys (ConfUtils.java:logGet(46)) - raft.server.threadpool.server.size = 0 (default)
2023-05-17 09:09:10,733 [84eda2eb-aea9-437c-8414-760cea80ce07-groupManagement] INFO  server.RaftServerConfigKeys (ConfUtils.java:logGet(46)) - raft.server.threadpool.client.cached = true (default)
2023-05-17 09:09:10,733 [84eda2eb-aea9-437c-8414-760cea80ce07-groupManagement] INFO  server.RaftServerConfigKeys (ConfUtils.java:logGet(46)) - raft.server.threadpool.client.size = 0 (default)
2023-05-17 09:09:10,733 [84eda2eb-aea9-437c-8414-760cea80ce07-groupManagement] INFO  storage.RaftStorageDirectory (RaftStorageDirectoryImpl.java:analyzeStorage(137)) - The storage directory /home/runner/work/ozone/ozone/hadoop-ozone/integration-test/target/test-dir/MiniOzoneClusterImpl-21d14123-a168-44a2-bc0a-ee93e32dcc9b/datanode-12/data/ratis/4171af09-b793-421d-adf6-3dc33ab96aa1 does not exist. Creating ...
2023-05-17 09:09:10,735 [84eda2eb-aea9-437c-8414-760cea80ce07-groupManagement] INFO  storage.RaftStorageDirectory (RaftStorageDirectoryImpl.java:tryLock(231)) - Lock on /home/runner/work/ozone/ozone/hadoop-ozone/integration-test/target/test-dir/MiniOzoneClusterImpl-21d14123-a168-44a2-bc0a-ee93e32dcc9b/datanode-12/data/ratis/4171af09-b793-421d-adf6-3dc33ab96aa1/in_use.lock acquired by nodename 2768@fv-az41-747
2023-05-17 09:09:10,737 [84eda2eb-aea9-437c-8414-760cea80ce07-groupManagement] INFO  storage.RaftStorage (RaftStorageImpl.java:format(96)) - Storage directory /home/runner/work/ozone/ozone/hadoop-ozone/integration-test/target/test-dir/MiniOzoneClusterImpl-21d14123-a168-44a2-bc0a-ee93e32dcc9b/datanode-12/data/ratis/4171af09-b793-421d-adf6-3dc33ab96aa1 has been successfully formatted.
2023-05-17 09:09:10,740 [84eda2eb-aea9-437c-8414-760cea80ce07-groupManagement] INFO  ratis.ContainerStateMachine (ContainerStateMachine.java:loadSnapshot(262)) - group-3DC33AB96AA1: The snapshot info is null. Setting the last applied indexto:(t:0, i:~)
2023-05-17 09:09:10,740 [84eda2eb-aea9-437c-8414-760cea80ce07-groupManagement] INFO  server.RaftServerConfigKeys (ConfUtils.java:logGet(46)) - raft.server.log.use.memory = false (default)
2023-05-17 09:09:10,740 [84eda2eb-aea9-437c-8414-760cea80ce07-groupManagement] INFO  server.RaftServerConfigKeys (ConfUtils.java:logGet(46)) - raft.server.log.purge.gap = 1000000 (custom)
2023-05-17 09:09:10,741 [84eda2eb-aea9-437c-8414-760cea80ce07-groupManagement] INFO  server.RaftServerConfigKeys (ConfUtils.java:logGet(46)) - raft.server.log.appender.buffer.byte-limit = 33554432 (custom)
2023-05-17 09:09:10,741 [84eda2eb-aea9-437c-8414-760cea80ce07-groupManagement] INFO  server.RaftServerConfigKeys (ConfUtils.java:logGet(46)) - raft.server.log.statemachine.data.read.timeout = 1000ms (default)
2023-05-17 09:09:10,741 [EventQueue-PipelineReportForPipelineReportHandler] INFO  pipeline.PipelineManagerImpl (PipelineManagerImpl.java:openPipeline(367)) - Pipeline Pipeline[ Id: 4171af09-b793-421d-adf6-3dc33ab96aa1, Nodes: 84eda2eb-aea9-437c-8414-760cea80ce07(fv-az41-747.zje5jq5y5x4uznwvdkgxk4wc2h.cx.internal.cloudapp.net/10.1.0.64), ReplicationConfig: RATIS/ONE, State:ALLOCATED, leaderId:84eda2eb-aea9-437c-8414-760cea80ce07, CreationTimestamp2023-05-17T09:09:07.730Z[Etc/UTC]] moved to OPEN state
2023-05-17 09:09:10,741 [84eda2eb-aea9-437c-8414-760cea80ce07-groupManagement] INFO  server.RaftServerConfigKeys (ConfUtils.java:logGet(46)) - raft.server.log.purge.preservation.log.num = 0 (default)
2023-05-17 09:09:10,741 [EventQueue-OpenPipelineForHealthyPipelineSafeModeRule] INFO  safemode.SCMSafeModeManager (HealthyPipelineSafeModeRule.java:process(137)) - SCM in safe mode. Healthy pipelines reported count is 0, required healthy pipeline reported count is 1
2023-05-17 09:09:10,742 [84eda2eb-aea9-437c-8414-760cea80ce07-groupManagement] INFO  server.RaftServerConfigKeys (ConfUtils.java:logGet(46)) - raft.server.log.segment.size.max = 1048576 (custom)
2023-05-17 09:09:10,742 [84eda2eb-aea9-437c-8414-760cea80ce07-groupManagement] INFO  server.RaftServerConfigKeys (ConfUtils.java:logGet(46)) - raft.server.log.segment.cache.num.max = 2 (custom)
2023-05-17 09:09:10,742 [84eda2eb-aea9-437c-8414-760cea80ce07-groupManagement] INFO  server.RaftServerConfigKeys (ConfUtils.java:logGet(46)) - raft.server.log.segment.cache.size.max = 200MB (=209715200) (default)
2023-05-17 09:09:10,742 [84eda2eb-aea9-437c-8414-760cea80ce07-groupManagement] INFO  server.RaftServerConfigKeys (ConfUtils.java:logGet(46)) - raft.server.log.appender.buffer.byte-limit = 33554432 (custom)
2023-05-17 09:09:10,742 [84eda2eb-aea9-437c-8414-760cea80ce07-groupManagement] INFO  segmented.SegmentedRaftLogWorker (SegmentedRaftLogWorker.java:<init>(188)) - new 84eda2eb-aea9-437c-8414-760cea80ce07@group-3DC33AB96AA1-SegmentedRaftLogWorker for RaftStorageImpl:Storage Directory /home/runner/work/ozone/ozone/hadoop-ozone/integration-test/target/test-dir/MiniOzoneClusterImpl-21d14123-a168-44a2-bc0a-ee93e32dcc9b/datanode-12/data/ratis/4171af09-b793-421d-adf6-3dc33ab96aa1
2023-05-17 09:09:10,742 [84eda2eb-aea9-437c-8414-760cea80ce07-groupManagement] INFO  server.RaftServerConfigKeys (ConfUtils.java:logGet(46)) - raft.server.log.queue.byte-limit = 4294967296 (custom)
2023-05-17 09:09:10,742 [84eda2eb-aea9-437c-8414-760cea80ce07-groupManagement] INFO  server.RaftServerConfigKeys (ConfUtils.java:logGet(46)) - raft.server.log.queue.element-limit = 1024 (custom)
2023-05-17 09:09:10,742 [84eda2eb-aea9-437c-8414-760cea80ce07-groupManagement] INFO  server.RaftServerConfigKeys (ConfUtils.java:logGet(46)) - raft.server.log.segment.size.max = 1048576 (custom)
2023-05-17 09:09:10,742 [84eda2eb-aea9-437c-8414-760cea80ce07-groupManagement] INFO  server.RaftServerConfigKeys (ConfUtils.java:logGet(46)) - raft.server.log.preallocated.size = 16384 (custom)
2023-05-17 09:09:10,742 [84eda2eb-aea9-437c-8414-760cea80ce07-groupManagement] INFO  server.RaftServerConfigKeys (ConfUtils.java:logGet(46)) - raft.server.log.force.sync.num = 128 (default)
2023-05-17 09:09:10,743 [84eda2eb-aea9-437c-8414-760cea80ce07-groupManagement] INFO  server.RaftServerConfigKeys (ConfUtils.java:logGet(46)) - raft.server.log.statemachine.data.sync = true (default)
2023-05-17 09:09:10,743 [84eda2eb-aea9-437c-8414-760cea80ce07-groupManagement] INFO  server.RaftServerConfigKeys (ConfUtils.java:logGet(46)) - raft.server.log.statemachine.data.sync.timeout = 10s (default)
2023-05-17 09:09:10,743 [84eda2eb-aea9-437c-8414-760cea80ce07-groupManagement] INFO  server.RaftServerConfigKeys (ConfUtils.java:logGet(46)) - raft.server.log.statemachine.data.sync.timeout.retry = -1 (default)
2023-05-17 09:09:10,743 [84eda2eb-aea9-437c-8414-760cea80ce07-groupManagement] INFO  server.RaftServerConfigKeys (ConfUtils.java:logGet(46)) - raft.server.log.write.buffer.size = 1048576 (custom)
2023-05-17 09:09:10,744 [84eda2eb-aea9-437c-8414-760cea80ce07-groupManagement] INFO  server.RaftServerConfigKeys (ConfUtils.java:logGet(46)) - raft.server.log.appender.buffer.byte-limit = 33554432 (custom)
2023-05-17 09:09:10,751 [84eda2eb-aea9-437c-8414-760cea80ce07-groupManagement] INFO  server.RaftServerConfigKeys (ConfUtils.java:logGet(46)) - raft.server.log.unsafe-flush.enabled = false (default)
2023-05-17 09:09:10,751 [84eda2eb-aea9-437c-8414-760cea80ce07-groupManagement] INFO  server.RaftServerConfigKeys (ConfUtils.java:logGet(46)) - raft.server.log.async-flush.enabled = false (default)
2023-05-17 09:09:10,751 [84eda2eb-aea9-437c-8414-760cea80ce07-groupManagement] INFO  server.RaftServerConfigKeys (ConfUtils.java:logGet(46)) - raft.server.log.statemachine.data.caching.enabled = true (custom)
2023-05-17 09:09:10,752 [84eda2eb-aea9-437c-8414-760cea80ce07-groupManagement] INFO  segmented.SegmentedRaftLogWorker (SegmentedRaftLogWorker.java:lambda$new$0(135)) - 84eda2eb-aea9-437c-8414-760cea80ce07@group-3DC33AB96AA1-SegmentedRaftLogWorker: flushIndex: setUnconditionally 0 -> -1
2023-05-17 09:09:10,752 [84eda2eb-aea9-437c-8414-760cea80ce07-groupManagement] INFO  segmented.SegmentedRaftLogWorker (SegmentedRaftLogWorker.java:lambda$new$0(135)) - 84eda2eb-aea9-437c-8414-760cea80ce07@group-3DC33AB96AA1-SegmentedRaftLogWorker: safeCacheEvictIndex: setUnconditionally 0 -> -1
2023-05-17 09:09:10,752 [84eda2eb-aea9-437c-8414-760cea80ce07-groupManagement] INFO  server.RaftServer$Division (RaftServerImpl.java:start(342)) - 84eda2eb-aea9-437c-8414-760cea80ce07@group-3DC33AB96AA1: start as a follower, conf=-1: peers:[84eda2eb-aea9-437c-8414-760cea80ce07|rpc:10.1.0.64:15109|admin:10.1.0.64:15108|client:10.1.0.64:15107|dataStream:10.1.0.64:15110|priority:1|startupRole:FOLLOWER]|listeners:[], old=null
2023-05-17 09:09:10,752 [84eda2eb-aea9-437c-8414-760cea80ce07-groupManagement] INFO  server.RaftServer$Division (RaftServerImpl.java:setRole(329)) - 84eda2eb-aea9-437c-8414-760cea80ce07@group-3DC33AB96AA1: changes role from      null to FOLLOWER at term 0 for startAsFollower
2023-05-17 09:09:10,752 [84eda2eb-aea9-437c-8414-760cea80ce07-groupManagement] INFO  impl.RoleInfo (RoleInfo.java:updateAndGet(139)) - 84eda2eb-aea9-437c-8414-760cea80ce07: start 84eda2eb-aea9-437c-8414-760cea80ce07@group-3DC33AB96AA1-FollowerState
2023-05-17 09:09:10,752 [84eda2eb-aea9-437c-8414-760cea80ce07@group-3DC33AB96AA1-FollowerState] INFO  server.RaftServerConfigKeys (ConfUtils.java:logFallback(53)) - raft.server.rpc.first-election.timeout.min = 5s (fallback to raft.server.rpc.timeout.min)
2023-05-17 09:09:10,753 [84eda2eb-aea9-437c-8414-760cea80ce07@group-3DC33AB96AA1-FollowerState] INFO  server.RaftServerConfigKeys (ConfUtils.java:logFallback(53)) - raft.server.rpc.first-election.timeout.max = 5200ms (fallback to raft.server.rpc.timeout.max)
2023-05-17 09:09:10,753 [84eda2eb-aea9-437c-8414-760cea80ce07-groupManagement] INFO  util.JmxRegister (JmxRegister.java:tryRegister(44)) - Successfully registered JMX Bean with object name Ratis:service=RaftServer,group=group-3DC33AB96AA1,id=84eda2eb-aea9-437c-8414-760cea80ce07
2023-05-17 09:09:10,759 [84eda2eb-aea9-437c-8414-760cea80ce07-groupManagement] INFO  server.RaftServerConfigKeys (ConfUtils.java:logGet(46)) - raft.server.snapshot.auto.trigger.enabled = true (custom)
2023-05-17 09:09:10,759 [84eda2eb-aea9-437c-8414-760cea80ce07-groupManagement] INFO  server.RaftServerConfigKeys (ConfUtils.java:logGet(46)) - raft.server.snapshot.auto.trigger.threshold = 10000 (custom)
2023-05-17 09:09:10,759 [84eda2eb-aea9-437c-8414-760cea80ce07-groupManagement] INFO  server.RaftServerConfigKeys (ConfUtils.java:logGet(46)) - raft.server.snapshot.retention.file.num = 5 (custom)
2023-05-17 09:09:10,759 [84eda2eb-aea9-437c-8414-760cea80ce07-groupManagement] INFO  server.RaftServerConfigKeys (ConfUtils.java:logGet(46)) - raft.server.log.purge.upto.snapshot.index = false (default)
2023-05-17 09:09:10,760 [Command processor thread] INFO  ratis.XceiverServerRatis (XceiverServerRatis.java:addGroup(806)) - Created group PipelineID=4171af09-b793-421d-adf6-3dc33ab96aa1
2023-05-17 09:09:10,760 [Command processor thread] INFO  commandhandler.CreatePipelineCommandHandler (CreatePipelineCommandHandler.java:handle(113)) - Created Pipeline RATIS ONE PipelineID=4171af09-b793-421d-adf6-3dc33ab96aa1.
2023-05-17 09:09:11,094 [Command processor thread] INFO  server.RaftServer (RaftServerProxy.java:addNew(98)) - 5b11b4e3-e601-4d3f-be34-f92c0e1a86f6: addNew group-C54F32ED35C2:[5b11b4e3-e601-4d3f-be34-f92c0e1a86f6|rpc:10.1.0.64:15117|admin:10.1.0.64:15116|client:10.1.0.64:15115|dataStream:10.1.0.64:15118|priority:1|startupRole:FOLLOWER] returns group-C54F32ED35C2:java.util.concurrent.CompletableFuture@bc86070[Not completed]
2023-05-17 09:09:11,097 [5b11b4e3-e601-4d3f-be34-f92c0e1a86f6-groupManagement] INFO  server.RaftServer$Division (RaftServerImpl.java:<init>(198)) - 5b11b4e3-e601-4d3f-be34-f92c0e1a86f6: new RaftServerImpl for group-C54F32ED35C2:[5b11b4e3-e601-4d3f-be34-f92c0e1a86f6|rpc:10.1.0.64:15117|admin:10.1.0.64:15116|client:10.1.0.64:15115|dataStream:10.1.0.64:15118|priority:1|startupRole:FOLLOWER] with ContainerStateMachine:uninitialized
2023-05-17 09:09:11,097 [5b11b4e3-e601-4d3f-be34-f92c0e1a86f6-groupManagement] INFO  server.RaftServerConfigKeys (ConfUtils.java:logGet(46)) - raft.server.rpc.timeout.min = 5s (custom)
2023-05-17 09:09:11,097 [5b11b4e3-e601-4d3f-be34-f92c0e1a86f6-groupManagement] INFO  server.RaftServerConfigKeys (ConfUtils.java:logGet(46)) - raft.server.rpc.timeout.max = 5200ms (custom)
2023-05-17 09:09:11,097 [5b11b4e3-e601-4d3f-be34-f92c0e1a86f6-groupManagement] INFO  server.RaftServerConfigKeys (ConfUtils.java:logGet(46)) - raft.server.rpc.sleep.time = 25ms (default)
2023-05-17 09:09:11,097 [5b11b4e3-e601-4d3f-be34-f92c0e1a86f6-groupManagement] INFO  server.RaftServerConfigKeys (ConfUtils.java:logGet(46)) - raft.server.rpc.slowness.timeout = 300s (custom)
2023-05-17 09:09:11,097 [5b11b4e3-e601-4d3f-be34-f92c0e1a86f6-groupManagement] INFO  server.RaftServerConfigKeys (ConfUtils.java:logGet(46)) - raft.server.leaderelection.leader.step-down.wait-time = 10s (default)
2023-05-17 09:09:11,097 [5b11b4e3-e601-4d3f-be34-f92c0e1a86f6-groupManagement] INFO  server.RaftServerConfigKeys (ConfUtils.java:logGet(46)) - raft.server.sleep.deviation.threshold = 300ms (default)
2023-05-17 09:09:11,097 [5b11b4e3-e601-4d3f-be34-f92c0e1a86f6-groupManagement] INFO  server.RaftServer$Division (ServerState.java:<init>(120)) - 5b11b4e3-e601-4d3f-be34-f92c0e1a86f6@group-C54F32ED35C2: ConfigurationManager, init=-1: peers:[5b11b4e3-e601-4d3f-be34-f92c0e1a86f6|rpc:10.1.0.64:15117|admin:10.1.0.64:15116|client:10.1.0.64:15115|dataStream:10.1.0.64:15118|priority:1|startupRole:FOLLOWER]|listeners:[], old=null, confs=<EMPTY_MAP>
2023-05-17 09:09:11,097 [5b11b4e3-e601-4d3f-be34-f92c0e1a86f6-groupManagement] INFO  server.RaftServerConfigKeys (ConfUtils.java:logGet(46)) - raft.server.storage.dir = [/home/runner/work/ozone/ozone/hadoop-ozone/integration-test/target/test-dir/MiniOzoneClusterImpl-21d14123-a168-44a2-bc0a-ee93e32dcc9b/datanode-13/data/ratis] (custom)
2023-05-17 09:09:11,098 [5b11b4e3-e601-4d3f-be34-f92c0e1a86f6-groupManagement] INFO  server.RaftServerConfigKeys (ConfUtils.java:logGet(46)) - raft.server.log.corruption.policy = EXCEPTION (default)
2023-05-17 09:09:11,098 [5b11b4e3-e601-4d3f-be34-f92c0e1a86f6-groupManagement] INFO  server.RaftServerConfigKeys (ConfUtils.java:logGet(46)) - raft.server.storage.free-space.min = 0MB (=0) (default)
2023-05-17 09:09:11,098 [5b11b4e3-e601-4d3f-be34-f92c0e1a86f6-groupManagement] INFO  server.RaftServerConfigKeys (ConfUtils.java:logGet(46)) - raft.server.notification.no-leader.timeout = 300s (custom)
2023-05-17 09:09:11,098 [5b11b4e3-e601-4d3f-be34-f92c0e1a86f6-groupManagement] INFO  server.RaftServerConfigKeys (ConfUtils.java:logGet(46)) - raft.server.read.timeout = 10s (default)
2023-05-17 09:09:11,098 [5b11b4e3-e601-4d3f-be34-f92c0e1a86f6-groupManagement] INFO  server.RaftServerConfigKeys (ConfUtils.java:logGet(46)) - raft.server.retrycache.expirytime = 600000ms (custom)
2023-05-17 09:09:11,098 [5b11b4e3-e601-4d3f-be34-f92c0e1a86f6-groupManagement] INFO  server.RaftServerConfigKeys (ConfUtils.java:logGet(46)) - raft.server.retrycache.statistics.expirytime = 100μs (default)
2023-05-17 09:09:11,098 [5b11b4e3-e601-4d3f-be34-f92c0e1a86f6-groupManagement] INFO  server.RaftServerConfigKeys (ConfUtils.java:logGet(46)) - raft.server.read.option = DEFAULT (default)
2023-05-17 09:09:11,727 [b2525f4f-bdf5-4dd0-b826-cbccdc8ecebe@group-9F3DE9A29F23-FollowerState] INFO  impl.FollowerState (FollowerState.java:run(143)) - b2525f4f-bdf5-4dd0-b826-cbccdc8ecebe@group-9F3DE9A29F23-FollowerState: change to CANDIDATE, lastRpcElapsedTime:5183795867ns, electionTimeout:5009ms
2023-05-17 09:09:11,727 [b2525f4f-bdf5-4dd0-b826-cbccdc8ecebe@group-9F3DE9A29F23-FollowerState] INFO  impl.RoleInfo (RoleInfo.java:shutdownFollowerState(110)) - b2525f4f-bdf5-4dd0-b826-cbccdc8ecebe: shutdown b2525f4f-bdf5-4dd0-b826-cbccdc8ecebe@group-9F3DE9A29F23-FollowerState
2023-05-17 09:09:11,728 [b2525f4f-bdf5-4dd0-b826-cbccdc8ecebe@group-9F3DE9A29F23-FollowerState] INFO  server.RaftServer$Division (RaftServerImpl.java:setRole(329)) - b2525f4f-bdf5-4dd0-b826-cbccdc8ecebe@group-9F3DE9A29F23: changes role from  FOLLOWER to CANDIDATE at term 0 for changeToCandidate
2023-05-17 09:09:11,728 [b2525f4f-bdf5-4dd0-b826-cbccdc8ecebe@group-9F3DE9A29F23-FollowerState] INFO  server.RaftServerConfigKeys (ConfUtils.java:logGet(46)) - raft.server.leaderelection.pre-vote = true (default)
2023-05-17 09:09:11,728 [b2525f4f-bdf5-4dd0-b826-cbccdc8ecebe@group-9F3DE9A29F23-FollowerState] INFO  impl.RoleInfo (RoleInfo.java:updateAndGet(139)) - b2525f4f-bdf5-4dd0-b826-cbccdc8ecebe: start b2525f4f-bdf5-4dd0-b826-cbccdc8ecebe@group-9F3DE9A29F23-LeaderElection2
2023-05-17 09:09:11,728 [JvmPauseMonitor9] WARN  util.JvmPauseMonitor (JvmPauseMonitor.java:detectPause(124)) - JvmPauseMonitor-5b9fa8c3-08c3-43f9-b175-3119fbbe3900: Detected pause in JVM or host machine approximately 0.273s with 0.627s GC time.
GC pool 'PS MarkSweep' had collection(s): count=1 time=302ms
GC pool 'PS Scavenge' had collection(s): count=1 time=325ms
2023-05-17 09:09:11,728 [JvmPauseMonitor10] WARN  util.JvmPauseMonitor (JvmPauseMonitor.java:detectPause(124)) - JvmPauseMonitor-a82ad0ea-641b-4ac2-b933-a1a26b5fe742: Detected pause in JVM or host machine approximately 0.275s with 0.627s GC time.
GC pool 'PS MarkSweep' had collection(s): count=1 time=302ms
GC pool 'PS Scavenge' had collection(s): count=1 time=325ms
2023-05-17 09:09:11,729 [JvmPauseMonitor5] WARN  util.JvmPauseMonitor (JvmPauseMonitor.java:detectPause(124)) - JvmPauseMonitor-b98521b2-5644-4aab-8244-d2e66a88cd45: Detected pause in JVM or host machine approximately 0.276s with 0.627s GC time.
GC pool 'PS MarkSweep' had collection(s): count=1 time=302ms
GC pool 'PS Scavenge' had collection(s): count=1 time=325ms
2023-05-17 09:09:11,729 [JvmPauseMonitor2] WARN  util.JvmPauseMonitor (JvmPauseMonitor.java:detectPause(124)) - JvmPauseMonitor-67f04e2a-34cd-4ea0-b74b-c8cb5d6f4ea5: Detected pause in JVM or host machine approximately 0.276s with 0.627s GC time.
GC pool 'PS MarkSweep' had collection(s): count=1 time=302ms
GC pool 'PS Scavenge' had collection(s): count=1 time=325ms
2023-05-17 09:09:11,729 [JvmPauseMonitor1] WARN  util.JvmPauseMonitor (JvmPauseMonitor.java:detectPause(124)) - JvmPauseMonitor-b2525f4f-bdf5-4dd0-b826-cbccdc8ecebe: Detected pause in JVM or host machine approximately 0.276s with 0.627s GC time.
GC pool 'PS MarkSweep' had collection(s): count=1 time=302ms
GC pool 'PS Scavenge' had collection(s): count=1 time=325ms
2023-05-17 09:09:11,729 [JvmPauseMonitor11] WARN  util.JvmPauseMonitor (JvmPauseMonitor.java:detectPause(124)) - JvmPauseMonitor-f1b6f36b-e7af-48b8-b739-38f78676889c: Detected pause in JVM or host machine approximately 0.277s with 0.627s GC time.
GC pool 'PS MarkSweep' had collection(s): count=1 time=302ms
GC pool 'PS Scavenge' had collection(s): count=1 time=325ms
2023-05-17 09:09:11,730 [JvmPauseMonitor7] WARN  util.JvmPauseMonitor (JvmPauseMonitor.java:detectPause(124)) - JvmPauseMonitor-bcbacd9a-ca93-42dd-bb1e-f9c21d91cd60: Detected pause in JVM or host machine approximately 0.278s with 0.627s GC time.
GC pool 'PS MarkSweep' had collection(s): count=1 time=302ms
GC pool 'PS Scavenge' had collection(s): count=1 time=325ms
2023-05-17 09:09:11,730 [JvmPauseMonitor3] WARN  util.JvmPauseMonitor (JvmPauseMonitor.java:detectPause(124)) - JvmPauseMonitor-8889e818-58f8-49f9-ac5f-461eb7b79d1e: Detected pause in JVM or host machine approximately 0.278s with 0.627s GC time.
GC pool 'PS MarkSweep' had collection(s): count=1 time=302ms
GC pool 'PS Scavenge' had collection(s): count=1 time=325ms
2023-05-17 09:09:11,730 [JvmPauseMonitor13] WARN  util.JvmPauseMonitor (JvmPauseMonitor.java:detectPause(124)) - JvmPauseMonitor-84eda2eb-aea9-437c-8414-760cea80ce07: Detected pause in JVM or host machine approximately 0.278s with 0.627s GC time.
GC pool 'PS MarkSweep' had collection(s): count=1 time=302ms
GC pool 'PS Scavenge' had collection(s): count=1 time=325ms
2023-05-17 09:09:11,730 [JvmPauseMonitor12] WARN  util.JvmPauseMonitor (JvmPauseMonitor.java:detectPause(124)) - JvmPauseMonitor-4ea9b805-d843-4364-8f91-0c3c20e3ed71: Detected pause in JVM or host machine approximately 0.279s with 0.627s GC time.
GC pool 'PS MarkSweep' had collection(s): count=1 time=302ms
GC pool 'PS Scavenge' had collection(s): count=1 time=325ms
2023-05-17 09:09:11,730 [JvmPauseMonitor8] WARN  util.JvmPauseMonitor (JvmPauseMonitor.java:detectPause(124)) - JvmPauseMonitor-5b9af961-56be-4fa8-844e-3cefe1429416: Detected pause in JVM or host machine approximately 0.279s with 0.627s GC time.
GC pool 'PS MarkSweep' had collection(s): count=1 time=302ms
GC pool 'PS Scavenge' had collection(s): count=1 time=325ms
2023-05-17 09:09:11,730 [JvmPauseMonitor6] WARN  util.JvmPauseMonitor (JvmPauseMonitor.java:detectPause(124)) - JvmPauseMonitor-b2b5d537-374d-472d-b9f1-d9543cb70a6b: Detected pause in JVM or host machine approximately 0.279s with 0.627s GC time.
GC pool 'PS MarkSweep' had collection(s): count=1 time=302ms
GC pool 'PS Scavenge' had collection(s): count=1 time=325ms
2023-05-17 09:09:11,730 [JvmPauseMonitor0] WARN  util.JvmPauseMonitor (JvmPauseMonitor.java:detectPause(124)) - JvmPauseMonitor-om1: Detected pause in JVM or host machine approximately 0.280s with 0.627s GC time.
GC pool 'PS MarkSweep' had collection(s): count=1 time=302ms
GC pool 'PS Scavenge' had collection(s): count=1 time=325ms
2023-05-17 09:09:11,730 [JvmPauseMonitor4] WARN  util.JvmPauseMonitor (JvmPauseMonitor.java:detectPause(124)) - JvmPauseMonitor-57ed5fd8-a62b-44c8-9c66-83b6d5ca8b16: Detected pause in JVM or host machine approximately 0.280s with 0.627s GC time.
GC pool 'PS MarkSweep' had collection(s): count=1 time=302ms
GC pool 'PS Scavenge' had collection(s): count=1 time=325ms
2023-05-17 09:09:11,730 [JvmPauseMonitor14] WARN  util.JvmPauseMonitor (JvmPauseMonitor.java:detectPause(124)) - JvmPauseMonitor-5b11b4e3-e601-4d3f-be34-f92c0e1a86f6: Detected pause in JVM or host machine approximately 0.281s with 0.627s GC time.
GC pool 'PS MarkSweep' had collection(s): count=1 time=302ms
GC pool 'PS Scavenge' had collection(s): count=1 time=325ms
2023-05-17 09:09:11,734 [Listener at 127.0.0.1/15004] INFO  ozone.MiniOzoneClusterImpl (MiniOzoneClusterImpl.java:lambda$waitForClusterToBeReady$0(222)) - Nodes are ready. Got 14 of 14 DN Heartbeats.
2023-05-17 09:09:11,734 [Listener at 127.0.0.1/15004] INFO  ozone.MiniOzoneClusterImpl (MiniOzoneClusterImpl.java:lambda$waitForClusterToBeReady$0(225)) - Waiting for cluster to exit safe mode
2023-05-17 09:09:11,734 [Listener at 127.0.0.1/15004] INFO  ozone.MiniOzoneClusterImpl (MiniOzoneClusterImpl.java:lambda$waitForClusterToBeReady$0(227)) - SCM became leader
2023-05-17 09:09:11,739 [5b11b4e3-e601-4d3f-be34-f92c0e1a86f6-groupManagement] INFO  server.RaftServerConfigKeys (ConfUtils.java:logGet(46)) - raft.server.rpc.request.timeout = 60s (custom)
2023-05-17 09:09:11,739 [5b11b4e3-e601-4d3f-be34-f92c0e1a86f6-groupManagement] INFO  server.RaftServerConfigKeys (ConfUtils.java:logGet(46)) - raft.server.log.appender.install.snapshot.enabled = false (custom)
2023-05-17 09:09:11,739 [5b11b4e3-e601-4d3f-be34-f92c0e1a86f6-groupManagement] INFO  server.RaftServerConfigKeys (ConfUtils.java:logGet(46)) - raft.server.threadpool.server.cached = true (default)
2023-05-17 09:09:11,739 [5b11b4e3-e601-4d3f-be34-f92c0e1a86f6-groupManagement] INFO  server.RaftServerConfigKeys (ConfUtils.java:logGet(46)) - raft.server.threadpool.server.size = 0 (default)
2023-05-17 09:09:11,739 [5b11b4e3-e601-4d3f-be34-f92c0e1a86f6-groupManagement] INFO  server.RaftServerConfigKeys (ConfUtils.java:logGet(46)) - raft.server.threadpool.client.cached = true (default)
2023-05-17 09:09:11,739 [5b11b4e3-e601-4d3f-be34-f92c0e1a86f6-groupManagement] INFO  server.RaftServerConfigKeys (ConfUtils.java:logGet(46)) - raft.server.threadpool.client.size = 0 (default)
2023-05-17 09:09:11,739 [5b11b4e3-e601-4d3f-be34-f92c0e1a86f6-groupManagement] INFO  storage.RaftStorageDirectory (RaftStorageDirectoryImpl.java:analyzeStorage(137)) - The storage directory /home/runner/work/ozone/ozone/hadoop-ozone/integration-test/target/test-dir/MiniOzoneClusterImpl-21d14123-a168-44a2-bc0a-ee93e32dcc9b/datanode-13/data/ratis/33fa0edf-ed91-4038-93a3-c54f32ed35c2 does not exist. Creating ...
2023-05-17 09:09:11,730 [67f04e2a-34cd-4ea0-b74b-c8cb5d6f4ea5@group-2664BBECD281-FollowerState] WARN  impl.FollowerState (FollowerState.java:run(130)) - Unexpected long sleep: sleep 5141ms but took extra 330839275ns (> threshold = 300ms)
2023-05-17 09:09:11,740 [67f04e2a-34cd-4ea0-b74b-c8cb5d6f4ea5@group-2664BBECD281-FollowerState] INFO  server.RaftServerConfigKeys (ConfUtils.java:logFallback(53)) - raft.server.rpc.first-election.timeout.min = 5s (fallback to raft.server.rpc.timeout.min)
2023-05-17 09:09:11,740 [67f04e2a-34cd-4ea0-b74b-c8cb5d6f4ea5@group-2664BBECD281-FollowerState] INFO  server.RaftServerConfigKeys (ConfUtils.java:logFallback(53)) - raft.server.rpc.first-election.timeout.max = 5200ms (fallback to raft.server.rpc.timeout.max)
2023-05-17 09:09:11,727 [67f04e2a-34cd-4ea0-b74b-c8cb5d6f4ea5@group-C26195CFC82B-FollowerState] INFO  impl.FollowerState (FollowerState.java:run(143)) - 67f04e2a-34cd-4ea0-b74b-c8cb5d6f4ea5@group-C26195CFC82B-FollowerState: change to CANDIDATE, lastRpcElapsedTime:5379859332ns, electionTimeout:5180ms
2023-05-17 09:09:11,741 [67f04e2a-34cd-4ea0-b74b-c8cb5d6f4ea5@group-C26195CFC82B-FollowerState] INFO  impl.RoleInfo (RoleInfo.java:shutdownFollowerState(110)) - 67f04e2a-34cd-4ea0-b74b-c8cb5d6f4ea5: shutdown 67f04e2a-34cd-4ea0-b74b-c8cb5d6f4ea5@group-C26195CFC82B-FollowerState
2023-05-17 09:09:11,742 [67f04e2a-34cd-4ea0-b74b-c8cb5d6f4ea5@group-C26195CFC82B-FollowerState] INFO  server.RaftServer$Division (RaftServerImpl.java:setRole(329)) - 67f04e2a-34cd-4ea0-b74b-c8cb5d6f4ea5@group-C26195CFC82B: changes role from  FOLLOWER to CANDIDATE at term 0 for changeToCandidate
2023-05-17 09:09:11,742 [67f04e2a-34cd-4ea0-b74b-c8cb5d6f4ea5@group-C26195CFC82B-FollowerState] INFO  server.RaftServerConfigKeys (ConfUtils.java:logGet(46)) - raft.server.leaderelection.pre-vote = true (default)
2023-05-17 09:09:11,742 [67f04e2a-34cd-4ea0-b74b-c8cb5d6f4ea5@group-C26195CFC82B-FollowerState] INFO  impl.RoleInfo (RoleInfo.java:updateAndGet(139)) - 67f04e2a-34cd-4ea0-b74b-c8cb5d6f4ea5: start 67f04e2a-34cd-4ea0-b74b-c8cb5d6f4ea5@group-C26195CFC82B-LeaderElection3
2023-05-17 09:09:11,742 [5b11b4e3-e601-4d3f-be34-f92c0e1a86f6-groupManagement] INFO  storage.RaftStorageDirectory (RaftStorageDirectoryImpl.java:tryLock(231)) - Lock on /home/runner/work/ozone/ozone/hadoop-ozone/integration-test/target/test-dir/MiniOzoneClusterImpl-21d14123-a168-44a2-bc0a-ee93e32dcc9b/datanode-13/data/ratis/33fa0edf-ed91-4038-93a3-c54f32ed35c2/in_use.lock acquired by nodename 2768@fv-az41-747
2023-05-17 09:09:11,742 [b2525f4f-bdf5-4dd0-b826-cbccdc8ecebe@group-9F3DE9A29F23-LeaderElection2] INFO  impl.LeaderElection (LeaderElection.java:askForVotes(321)) - b2525f4f-bdf5-4dd0-b826-cbccdc8ecebe@group-9F3DE9A29F23-LeaderElection2 PRE_VOTE round 0: submit vote requests at term 0 for -1: peers:[b2525f4f-bdf5-4dd0-b826-cbccdc8ecebe|rpc:10.1.0.64:15021|admin:10.1.0.64:15020|client:10.1.0.64:15019|dataStream:10.1.0.64:15022|priority:1|startupRole:FOLLOWER]|listeners:[], old=null
2023-05-17 09:09:11,743 [b2525f4f-bdf5-4dd0-b826-cbccdc8ecebe@group-9F3DE9A29F23-LeaderElection2] INFO  impl.LeaderElection (LeaderElection.java:askForVotes(323)) - b2525f4f-bdf5-4dd0-b826-cbccdc8ecebe@group-9F3DE9A29F23-LeaderElection2 PRE_VOTE round 0: result PASSED (term=0)
2023-05-17 09:09:11,743 [5b11b4e3-e601-4d3f-be34-f92c0e1a86f6-groupManagement] INFO  storage.RaftStorage (RaftStorageImpl.java:format(96)) - Storage directory /home/runner/work/ozone/ozone/hadoop-ozone/integration-test/target/test-dir/MiniOzoneClusterImpl-21d14123-a168-44a2-bc0a-ee93e32dcc9b/datanode-13/data/ratis/33fa0edf-ed91-4038-93a3-c54f32ed35c2 has been successfully formatted.
2023-05-17 09:09:11,749 [5b11b4e3-e601-4d3f-be34-f92c0e1a86f6-groupManagement] INFO  ratis.ContainerStateMachine (ContainerStateMachine.java:loadSnapshot(262)) - group-C54F32ED35C2: The snapshot info is null. Setting the last applied indexto:(t:0, i:~)
2023-05-17 09:09:11,749 [5b11b4e3-e601-4d3f-be34-f92c0e1a86f6-groupManagement] INFO  server.RaftServerConfigKeys (ConfUtils.java:logGet(46)) - raft.server.log.use.memory = false (default)
2023-05-17 09:09:11,750 [5b11b4e3-e601-4d3f-be34-f92c0e1a86f6-groupManagement] INFO  server.RaftServerConfigKeys (ConfUtils.java:logGet(46)) - raft.server.log.purge.gap = 1000000 (custom)
2023-05-17 09:09:11,750 [5b11b4e3-e601-4d3f-be34-f92c0e1a86f6-groupManagement] INFO  server.RaftServerConfigKeys (ConfUtils.java:logGet(46)) - raft.server.log.appender.buffer.byte-limit = 33554432 (custom)
2023-05-17 09:09:11,750 [5b11b4e3-e601-4d3f-be34-f92c0e1a86f6-groupManagement] INFO  server.RaftServerConfigKeys (ConfUtils.java:logGet(46)) - raft.server.log.statemachine.data.read.timeout = 1000ms (default)
2023-05-17 09:09:11,750 [5b11b4e3-e601-4d3f-be34-f92c0e1a86f6-groupManagement] INFO  server.RaftServerConfigKeys (ConfUtils.java:logGet(46)) - raft.server.log.purge.preservation.log.num = 0 (default)
2023-05-17 09:09:11,750 [5b11b4e3-e601-4d3f-be34-f92c0e1a86f6-groupManagement] INFO  server.RaftServerConfigKeys (ConfUtils.java:logGet(46)) - raft.server.log.segment.size.max = 1048576 (custom)
2023-05-17 09:09:11,750 [5b11b4e3-e601-4d3f-be34-f92c0e1a86f6-groupManagement] INFO  server.RaftServerConfigKeys (ConfUtils.java:logGet(46)) - raft.server.log.segment.cache.num.max = 2 (custom)
2023-05-17 09:09:11,750 [5b11b4e3-e601-4d3f-be34-f92c0e1a86f6-groupManagement] INFO  server.RaftServerConfigKeys (ConfUtils.java:logGet(46)) - raft.server.log.segment.cache.size.max = 200MB (=209715200) (default)
2023-05-17 09:09:11,750 [5b11b4e3-e601-4d3f-be34-f92c0e1a86f6-groupManagement] INFO  server.RaftServerConfigKeys (ConfUtils.java:logGet(46)) - raft.server.log.appender.buffer.byte-limit = 33554432 (custom)
2023-05-17 09:09:11,750 [5b11b4e3-e601-4d3f-be34-f92c0e1a86f6-groupManagement] INFO  segmented.SegmentedRaftLogWorker (SegmentedRaftLogWorker.java:<init>(188)) - new 5b11b4e3-e601-4d3f-be34-f92c0e1a86f6@group-C54F32ED35C2-SegmentedRaftLogWorker for RaftStorageImpl:Storage Directory /home/runner/work/ozone/ozone/hadoop-ozone/integration-test/target/test-dir/MiniOzoneClusterImpl-21d14123-a168-44a2-bc0a-ee93e32dcc9b/datanode-13/data/ratis/33fa0edf-ed91-4038-93a3-c54f32ed35c2
2023-05-17 09:09:11,750 [5b11b4e3-e601-4d3f-be34-f92c0e1a86f6-groupManagement] INFO  server.RaftServerConfigKeys (ConfUtils.java:logGet(46)) - raft.server.log.queue.byte-limit = 4294967296 (custom)
2023-05-17 09:09:11,751 [5b11b4e3-e601-4d3f-be34-f92c0e1a86f6-groupManagement] INFO  server.RaftServerConfigKeys (ConfUtils.java:logGet(46)) - raft.server.log.queue.element-limit = 1024 (custom)
2023-05-17 09:09:11,751 [5b11b4e3-e601-4d3f-be34-f92c0e1a86f6-groupManagement] INFO  server.RaftServerConfigKeys (ConfUtils.java:logGet(46)) - raft.server.log.segment.size.max = 1048576 (custom)
2023-05-17 09:09:11,751 [5b11b4e3-e601-4d3f-be34-f92c0e1a86f6-groupManagement] INFO  server.RaftServerConfigKeys (ConfUtils.java:logGet(46)) - raft.server.log.preallocated.size = 16384 (custom)
2023-05-17 09:09:11,751 [5b11b4e3-e601-4d3f-be34-f92c0e1a86f6-groupManagement] INFO  server.RaftServerConfigKeys (ConfUtils.java:logGet(46)) - raft.server.log.force.sync.num = 128 (default)
2023-05-17 09:09:11,751 [5b11b4e3-e601-4d3f-be34-f92c0e1a86f6-groupManagement] INFO  server.RaftServerConfigKeys (ConfUtils.java:logGet(46)) - raft.server.log.statemachine.data.sync = true (default)
2023-05-17 09:09:11,751 [5b11b4e3-e601-4d3f-be34-f92c0e1a86f6-groupManagement] INFO  server.RaftServerConfigKeys (ConfUtils.java:logGet(46)) - raft.server.log.statemachine.data.sync.timeout = 10s (default)
2023-05-17 09:09:11,751 [5b11b4e3-e601-4d3f-be34-f92c0e1a86f6-groupManagement] INFO  server.RaftServerConfigKeys (ConfUtils.java:logGet(46)) - raft.server.log.statemachine.data.sync.timeout.retry = -1 (default)
2023-05-17 09:09:11,751 [5b11b4e3-e601-4d3f-be34-f92c0e1a86f6-groupManagement] INFO  server.RaftServerConfigKeys (ConfUtils.java:logGet(46)) - raft.server.log.write.buffer.size = 1048576 (custom)
2023-05-17 09:09:11,752 [5b11b4e3-e601-4d3f-be34-f92c0e1a86f6-groupManagement] INFO  server.RaftServerConfigKeys (ConfUtils.java:logGet(46)) - raft.server.log.appender.buffer.byte-limit = 33554432 (custom)
2023-05-17 09:09:11,764 [EventQueue-PipelineReportForPipelineReportHandler] INFO  pipeline.PipelineManagerImpl (PipelineManagerImpl.java:openPipeline(367)) - Pipeline Pipeline[ Id: 33fa0edf-ed91-4038-93a3-c54f32ed35c2, Nodes: 5b11b4e3-e601-4d3f-be34-f92c0e1a86f6(fv-az41-747.zje5jq5y5x4uznwvdkgxk4wc2h.cx.internal.cloudapp.net/10.1.0.64), ReplicationConfig: RATIS/ONE, State:ALLOCATED, leaderId:5b11b4e3-e601-4d3f-be34-f92c0e1a86f6, CreationTimestamp2023-05-17T09:09:08.094Z[Etc/UTC]] moved to OPEN state
2023-05-17 09:09:11,764 [b2525f4f-bdf5-4dd0-b826-cbccdc8ecebe@group-9F3DE9A29F23-LeaderElection2] INFO  impl.LeaderElection (LeaderElection.java:askForVotes(321)) - b2525f4f-bdf5-4dd0-b826-cbccdc8ecebe@group-9F3DE9A29F23-LeaderElection2 ELECTION round 0: submit vote requests at term 1 for -1: peers:[b2525f4f-bdf5-4dd0-b826-cbccdc8ecebe|rpc:10.1.0.64:15021|admin:10.1.0.64:15020|client:10.1.0.64:15019|dataStream:10.1.0.64:15022|priority:1|startupRole:FOLLOWER]|listeners:[], old=null
2023-05-17 09:09:11,764 [b2525f4f-bdf5-4dd0-b826-cbccdc8ecebe@group-9F3DE9A29F23-LeaderElection2] INFO  impl.LeaderElection (LeaderElection.java:askForVotes(323)) - b2525f4f-bdf5-4dd0-b826-cbccdc8ecebe@group-9F3DE9A29F23-LeaderElection2 ELECTION round 0: result PASSED (term=1)
2023-05-17 09:09:11,764 [b2525f4f-bdf5-4dd0-b826-cbccdc8ecebe@group-9F3DE9A29F23-LeaderElection2] INFO  impl.RoleInfo (RoleInfo.java:shutdownLeaderElection(130)) - b2525f4f-bdf5-4dd0-b826-cbccdc8ecebe: shutdown b2525f4f-bdf5-4dd0-b826-cbccdc8ecebe@group-9F3DE9A29F23-LeaderElection2
2023-05-17 09:09:11,764 [b2525f4f-bdf5-4dd0-b826-cbccdc8ecebe@group-9F3DE9A29F23-LeaderElection2] INFO  server.RaftServer$Division (RaftServerImpl.java:setRole(329)) - b2525f4f-bdf5-4dd0-b826-cbccdc8ecebe@group-9F3DE9A29F23: changes role from CANDIDATE to LEADER at term 1 for changeToLeader
2023-05-17 09:09:11,764 [b2525f4f-bdf5-4dd0-b826-cbccdc8ecebe@group-9F3DE9A29F23-LeaderElection2] INFO  ratis.XceiverServerRatis (XceiverServerRatis.java:handleLeaderChangedNotification(904)) - Leader change notification received for group: group-9F3DE9A29F23 with new leaderId: b2525f4f-bdf5-4dd0-b826-cbccdc8ecebe
2023-05-17 09:09:11,764 [b2525f4f-bdf5-4dd0-b826-cbccdc8ecebe@group-9F3DE9A29F23-LeaderElection2] INFO  server.RaftServer$Division (ServerState.java:setLeader(317)) - b2525f4f-bdf5-4dd0-b826-cbccdc8ecebe@group-9F3DE9A29F23: change Leader from null to b2525f4f-bdf5-4dd0-b826-cbccdc8ecebe at term 1 for becomeLeader, leader elected after 5280ms
2023-05-17 09:09:11,765 [b2525f4f-bdf5-4dd0-b826-cbccdc8ecebe@group-9F3DE9A29F23-LeaderElection2] INFO  server.RaftServerConfigKeys (ConfUtils.java:logGet(46)) - raft.server.staging.catchup.gap = 1000 (default)
2023-05-17 09:09:11,765 [b2525f4f-bdf5-4dd0-b826-cbccdc8ecebe@group-9F3DE9A29F23-LeaderElection2] INFO  server.RaftServerConfigKeys (ConfUtils.java:logGet(46)) - raft.server.write.element-limit = 1024 (custom)
2023-05-17 09:09:11,772 [b2525f4f-bdf5-4dd0-b826-cbccdc8ecebe@group-9F3DE9A29F23-LeaderElection2] INFO  server.RaftServerConfigKeys (ConfUtils.java:logGet(46)) - raft.server.write.byte-limit = 1024 M (=1073741824) (custom)
2023-05-17 09:09:11,773 [b2525f4f-bdf5-4dd0-b826-cbccdc8ecebe@group-9F3DE9A29F23-LeaderElection2] INFO  server.RaftServerConfigKeys (ConfUtils.java:logGet(46)) - raft.server.watch.timeout = 180s (custom)
2023-05-17 09:09:11,773 [b2525f4f-bdf5-4dd0-b826-cbccdc8ecebe@group-9F3DE9A29F23-LeaderElection2] INFO  server.RaftServerConfigKeys (ConfUtils.java:logGet(46)) - raft.server.watch.timeout.denomination = 1s (default)
2023-05-17 09:09:11,773 [b2525f4f-bdf5-4dd0-b826-cbccdc8ecebe@group-9F3DE9A29F23-LeaderElection2] INFO  server.RaftServerConfigKeys (ConfUtils.java:logGet(46)) - raft.server.watch.element-limit = 65536 (default)
2023-05-17 09:09:11,773 [b2525f4f-bdf5-4dd0-b826-cbccdc8ecebe@group-9F3DE9A29F23-LeaderElection2] INFO  server.RaftServerConfigKeys (ConfUtils.java:logGet(46)) - raft.server.write.element-limit = 1024 (custom)
2023-05-17 09:09:11,773 [b2525f4f-bdf5-4dd0-b826-cbccdc8ecebe@group-9F3DE9A29F23-LeaderElection2] INFO  server.RaftServerConfigKeys (ConfUtils.java:logGet(46)) - raft.server.write.follower.gap.ratio.max = -1.0 (default)
2023-05-17 09:09:11,774 [b2525f4f-bdf5-4dd0-b826-cbccdc8ecebe@group-9F3DE9A29F23-LeaderElection2] INFO  impl.RoleInfo (RoleInfo.java:updateAndGet(139)) - b2525f4f-bdf5-4dd0-b826-cbccdc8ecebe: start b2525f4f-bdf5-4dd0-b826-cbccdc8ecebe@group-9F3DE9A29F23-LeaderStateImpl
2023-05-17 09:09:11,774 [b2525f4f-bdf5-4dd0-b826-cbccdc8ecebe@group-9F3DE9A29F23-LeaderElection2] INFO  segmented.SegmentedRaftLogWorker (SegmentedRaftLogWorker.java:startLogSegment(447)) - b2525f4f-bdf5-4dd0-b826-cbccdc8ecebe@group-9F3DE9A29F23-SegmentedRaftLogWorker: Starting segment from index:0
2023-05-17 09:09:11,775 [5b11b4e3-e601-4d3f-be34-f92c0e1a86f6-groupManagement] INFO  server.RaftServerConfigKeys (ConfUtils.java:logGet(46)) - raft.server.log.unsafe-flush.enabled = false (default)
2023-05-17 09:09:11,775 [5b11b4e3-e601-4d3f-be34-f92c0e1a86f6-groupManagement] INFO  server.RaftServerConfigKeys (ConfUtils.java:logGet(46)) - raft.server.log.async-flush.enabled = false (default)
2023-05-17 09:09:11,775 [5b11b4e3-e601-4d3f-be34-f92c0e1a86f6-groupManagement] INFO  server.RaftServerConfigKeys (ConfUtils.java:logGet(46)) - raft.server.log.statemachine.data.caching.enabled = true (custom)
2023-05-17 09:09:11,775 [5b11b4e3-e601-4d3f-be34-f92c0e1a86f6-groupManagement] INFO  segmented.SegmentedRaftLogWorker (SegmentedRaftLogWorker.java:lambda$new$0(135)) - 5b11b4e3-e601-4d3f-be34-f92c0e1a86f6@group-C54F32ED35C2-SegmentedRaftLogWorker: flushIndex: setUnconditionally 0 -> -1
2023-05-17 09:09:11,775 [5b11b4e3-e601-4d3f-be34-f92c0e1a86f6-groupManagement] INFO  segmented.SegmentedRaftLogWorker (SegmentedRaftLogWorker.java:lambda$new$0(135)) - 5b11b4e3-e601-4d3f-be34-f92c0e1a86f6@group-C54F32ED35C2-SegmentedRaftLogWorker: safeCacheEvictIndex: setUnconditionally 0 -> -1
2023-05-17 09:09:11,776 [5b11b4e3-e601-4d3f-be34-f92c0e1a86f6-groupManagement] INFO  server.RaftServer$Division (RaftServerImpl.java:start(342)) - 5b11b4e3-e601-4d3f-be34-f92c0e1a86f6@group-C54F32ED35C2: start as a follower, conf=-1: peers:[5b11b4e3-e601-4d3f-be34-f92c0e1a86f6|rpc:10.1.0.64:15117|admin:10.1.0.64:15116|client:10.1.0.64:15115|dataStream:10.1.0.64:15118|priority:1|startupRole:FOLLOWER]|listeners:[], old=null
2023-05-17 09:09:11,776 [5b11b4e3-e601-4d3f-be34-f92c0e1a86f6-groupManagement] INFO  server.RaftServer$Division (RaftServerImpl.java:setRole(329)) - 5b11b4e3-e601-4d3f-be34-f92c0e1a86f6@group-C54F32ED35C2: changes role from      null to FOLLOWER at term 0 for startAsFollower
2023-05-17 09:09:11,776 [5b11b4e3-e601-4d3f-be34-f92c0e1a86f6-groupManagement] INFO  impl.RoleInfo (RoleInfo.java:updateAndGet(139)) - 5b11b4e3-e601-4d3f-be34-f92c0e1a86f6: start 5b11b4e3-e601-4d3f-be34-f92c0e1a86f6@group-C54F32ED35C2-FollowerState
2023-05-17 09:09:11,765 [EventQueue-OpenPipelineForHealthyPipelineSafeModeRule] INFO  safemode.SCMSafeModeManager (HealthyPipelineSafeModeRule.java:process(137)) - SCM in safe mode. Healthy pipelines reported count is 0, required healthy pipeline reported count is 1
2023-05-17 09:09:11,776 [5b11b4e3-e601-4d3f-be34-f92c0e1a86f6-groupManagement] INFO  util.JmxRegister (JmxRegister.java:tryRegister(44)) - Successfully registered JMX Bean with object name Ratis:service=RaftServer,group=group-C54F32ED35C2,id=5b11b4e3-e601-4d3f-be34-f92c0e1a86f6
2023-05-17 09:09:11,776 [EventQueue-OpenPipelineForHealthyPipelineSafeModeRule] INFO  safemode.SCMSafeModeManager (HealthyPipelineSafeModeRule.java:process(137)) - SCM in safe mode. Healthy pipelines reported count is 0, required healthy pipeline reported count is 1
2023-05-17 09:09:11,776 [5b11b4e3-e601-4d3f-be34-f92c0e1a86f6-groupManagement] INFO  server.RaftServerConfigKeys (ConfUtils.java:logGet(46)) - raft.server.snapshot.auto.trigger.enabled = true (custom)
2023-05-17 09:09:11,776 [5b11b4e3-e601-4d3f-be34-f92c0e1a86f6-groupManagement] INFO  server.RaftServerConfigKeys (ConfUtils.java:logGet(46)) - raft.server.snapshot.auto.trigger.threshold = 10000 (custom)
2023-05-17 09:09:11,776 [5b11b4e3-e601-4d3f-be34-f92c0e1a86f6-groupManagement] INFO  server.RaftServerConfigKeys (ConfUtils.java:logGet(46)) - raft.server.snapshot.retention.file.num = 5 (custom)
2023-05-17 09:09:11,776 [5b11b4e3-e601-4d3f-be34-f92c0e1a86f6-groupManagement] INFO  server.RaftServerConfigKeys (ConfUtils.java:logGet(46)) - raft.server.log.purge.upto.snapshot.index = false (default)
2023-05-17 09:09:11,777 [5b11b4e3-e601-4d3f-be34-f92c0e1a86f6@group-C54F32ED35C2-FollowerState] INFO  server.RaftServerConfigKeys (ConfUtils.java:logFallback(53)) - raft.server.rpc.first-election.timeout.min = 5s (fallback to raft.server.rpc.timeout.min)
2023-05-17 09:09:11,777 [5b11b4e3-e601-4d3f-be34-f92c0e1a86f6@group-C54F32ED35C2-FollowerState] INFO  server.RaftServerConfigKeys (ConfUtils.java:logFallback(53)) - raft.server.rpc.first-election.timeout.max = 5200ms (fallback to raft.server.rpc.timeout.max)
2023-05-17 09:09:11,778 [b2525f4f-bdf5-4dd0-b826-cbccdc8ecebe@group-9F3DE9A29F23-SegmentedRaftLogWorker] INFO  segmented.SegmentedRaftLogWorker (SegmentedRaftLogWorker.java:execute(651)) - b2525f4f-bdf5-4dd0-b826-cbccdc8ecebe@group-9F3DE9A29F23-SegmentedRaftLogWorker: created new log segment /home/runner/work/ozone/ozone/hadoop-ozone/integration-test/target/test-dir/MiniOzoneClusterImpl-21d14123-a168-44a2-bc0a-ee93e32dcc9b/datanode-1/data/ratis/5de00e95-171e-4300-abc9-9f3de9a29f23/current/log_inprogress_0
2023-05-17 09:09:11,784 [b2525f4f-bdf5-4dd0-b826-cbccdc8ecebe@group-9F3DE9A29F23-LeaderElection2] INFO  server.RaftServer$Division (ServerState.java:setRaftConf(434)) - b2525f4f-bdf5-4dd0-b826-cbccdc8ecebe@group-9F3DE9A29F23: set configuration 0: peers:[b2525f4f-bdf5-4dd0-b826-cbccdc8ecebe|rpc:10.1.0.64:15021|admin:10.1.0.64:15020|client:10.1.0.64:15019|dataStream:10.1.0.64:15022|priority:1|startupRole:FOLLOWER]|listeners:[], old=null
2023-05-17 09:09:11,776 [67f04e2a-34cd-4ea0-b74b-c8cb5d6f4ea5@group-C26195CFC82B-LeaderElection3] INFO  impl.LeaderElection (LeaderElection.java:askForVotes(321)) - 67f04e2a-34cd-4ea0-b74b-c8cb5d6f4ea5@group-C26195CFC82B-LeaderElection3 PRE_VOTE round 0: submit vote requests at term 0 for -1: peers:[8889e818-58f8-49f9-ac5f-461eb7b79d1e|rpc:10.1.0.64:15029|admin:10.1.0.64:15028|client:10.1.0.64:15027|dataStream:10.1.0.64:15030|priority:0|startupRole:FOLLOWER, b2525f4f-bdf5-4dd0-b826-cbccdc8ecebe|rpc:10.1.0.64:15021|admin:10.1.0.64:15020|client:10.1.0.64:15019|dataStream:10.1.0.64:15022|priority:1|startupRole:FOLLOWER, 67f04e2a-34cd-4ea0-b74b-c8cb5d6f4ea5|rpc:10.1.0.64:15013|admin:10.1.0.64:15012|client:10.1.0.64:15011|dataStream:10.1.0.64:15014|priority:0|startupRole:FOLLOWER]|listeners:[], old=null
2023-05-17 09:09:11,786 [Command processor thread] INFO  ratis.XceiverServerRatis (XceiverServerRatis.java:addGroup(806)) - Created group PipelineID=33fa0edf-ed91-4038-93a3-c54f32ed35c2
2023-05-17 09:09:11,786 [Command processor thread] INFO  commandhandler.CreatePipelineCommandHandler (CreatePipelineCommandHandler.java:handle(113)) - Created Pipeline RATIS ONE PipelineID=33fa0edf-ed91-4038-93a3-c54f32ed35c2.
2023-05-17 09:09:11,791 [67f04e2a-34cd-4ea0-b74b-c8cb5d6f4ea5@group-C26195CFC82B-LeaderElection3] INFO  server.RaftServerConfigKeys (ConfUtils.java:logFallback(53)) - raft.server.rpc.first-election.timeout.min = 5s (fallback to raft.server.rpc.timeout.min)
2023-05-17 09:09:11,791 [67f04e2a-34cd-4ea0-b74b-c8cb5d6f4ea5@group-C26195CFC82B-LeaderElection3] INFO  server.RaftServerConfigKeys (ConfUtils.java:logFallback(53)) - raft.server.rpc.first-election.timeout.max = 5200ms (fallback to raft.server.rpc.timeout.max)
2023-05-17 09:09:11,791 [67f04e2a-34cd-4ea0-b74b-c8cb5d6f4ea5@group-C26195CFC82B-LeaderElection3-2] INFO  server.GrpcServerProtocolClient (GrpcServerProtocolClient.java:<init>(65)) - Build channel for b2525f4f-bdf5-4dd0-b826-cbccdc8ecebe
2023-05-17 09:09:11,795 [b2525f4f-bdf5-4dd0-b826-cbccdc8ecebe@group-C26195CFC82B-FollowerState] INFO  impl.FollowerState (FollowerState.java:run(143)) - b2525f4f-bdf5-4dd0-b826-cbccdc8ecebe@group-C26195CFC82B-FollowerState: change to CANDIDATE, lastRpcElapsedTime:5185916092ns, electionTimeout:5170ms
2023-05-17 09:09:11,795 [b2525f4f-bdf5-4dd0-b826-cbccdc8ecebe@group-C26195CFC82B-FollowerState] INFO  impl.RoleInfo (RoleInfo.java:shutdownFollowerState(110)) - b2525f4f-bdf5-4dd0-b826-cbccdc8ecebe: shutdown b2525f4f-bdf5-4dd0-b826-cbccdc8ecebe@group-C26195CFC82B-FollowerState
2023-05-17 09:09:11,795 [b2525f4f-bdf5-4dd0-b826-cbccdc8ecebe@group-C26195CFC82B-FollowerState] INFO  server.RaftServer$Division (RaftServerImpl.java:setRole(329)) - b2525f4f-bdf5-4dd0-b826-cbccdc8ecebe@group-C26195CFC82B: changes role from  FOLLOWER to CANDIDATE at term 0 for changeToCandidate
2023-05-17 09:09:11,795 [b2525f4f-bdf5-4dd0-b826-cbccdc8ecebe@group-C26195CFC82B-FollowerState] INFO  server.RaftServerConfigKeys (ConfUtils.java:logGet(46)) - raft.server.leaderelection.pre-vote = true (default)
2023-05-17 09:09:11,795 [b2525f4f-bdf5-4dd0-b826-cbccdc8ecebe@group-C26195CFC82B-FollowerState] INFO  impl.RoleInfo (RoleInfo.java:updateAndGet(139)) - b2525f4f-bdf5-4dd0-b826-cbccdc8ecebe: start b2525f4f-bdf5-4dd0-b826-cbccdc8ecebe@group-C26195CFC82B-LeaderElection4
2023-05-17 09:09:11,793 [67f04e2a-34cd-4ea0-b74b-c8cb5d6f4ea5@group-C26195CFC82B-LeaderElection3-1] INFO  server.GrpcServerProtocolClient (GrpcServerProtocolClient.java:<init>(65)) - Build channel for 8889e818-58f8-49f9-ac5f-461eb7b79d1e
2023-05-17 09:09:11,806 [b2525f4f-bdf5-4dd0-b826-cbccdc8ecebe@group-C26195CFC82B-LeaderElection4] INFO  impl.LeaderElection (LeaderElection.java:askForVotes(321)) - b2525f4f-bdf5-4dd0-b826-cbccdc8ecebe@group-C26195CFC82B-LeaderElection4 PRE_VOTE round 0: submit vote requests at term 0 for -1: peers:[8889e818-58f8-49f9-ac5f-461eb7b79d1e|rpc:10.1.0.64:15029|admin:10.1.0.64:15028|client:10.1.0.64:15027|dataStream:10.1.0.64:15030|priority:0|startupRole:FOLLOWER, b2525f4f-bdf5-4dd0-b826-cbccdc8ecebe|rpc:10.1.0.64:15021|admin:10.1.0.64:15020|client:10.1.0.64:15019|dataStream:10.1.0.64:15022|priority:1|startupRole:FOLLOWER, 67f04e2a-34cd-4ea0-b74b-c8cb5d6f4ea5|rpc:10.1.0.64:15013|admin:10.1.0.64:15012|client:10.1.0.64:15011|dataStream:10.1.0.64:15014|priority:0|startupRole:FOLLOWER]|listeners:[], old=null
2023-05-17 09:09:11,809 [b2525f4f-bdf5-4dd0-b826-cbccdc8ecebe@group-C26195CFC82B-LeaderElection4-1] INFO  server.GrpcServerProtocolClient (GrpcServerProtocolClient.java:<init>(65)) - Build channel for 8889e818-58f8-49f9-ac5f-461eb7b79d1e
2023-05-17 09:09:11,813 [b2525f4f-bdf5-4dd0-b826-cbccdc8ecebe@group-C26195CFC82B-LeaderElection4] INFO  server.RaftServerConfigKeys (ConfUtils.java:logFallback(53)) - raft.server.rpc.first-election.timeout.min = 5s (fallback to raft.server.rpc.timeout.min)
2023-05-17 09:09:11,814 [b2525f4f-bdf5-4dd0-b826-cbccdc8ecebe@group-C26195CFC82B-LeaderElection4] INFO  server.RaftServerConfigKeys (ConfUtils.java:logFallback(53)) - raft.server.rpc.first-election.timeout.max = 5200ms (fallback to raft.server.rpc.timeout.max)
2023-05-17 09:09:11,819 [b2525f4f-bdf5-4dd0-b826-cbccdc8ecebe@group-C26195CFC82B-LeaderElection4-2] INFO  server.GrpcServerProtocolClient (GrpcServerProtocolClient.java:<init>(65)) - Build channel for 67f04e2a-34cd-4ea0-b74b-c8cb5d6f4ea5
2023-05-17 09:09:11,832 [grpc-default-executor-1] INFO  server.RaftServer$Division (RaftServerImpl.java:requestVote(1302)) - 8889e818-58f8-49f9-ac5f-461eb7b79d1e@group-C26195CFC82B: receive requestVote(PRE_VOTE, b2525f4f-bdf5-4dd0-b826-cbccdc8ecebe, group-C26195CFC82B, 0, (t:0, i:0))
2023-05-17 09:09:11,845 [grpc-default-executor-0] INFO  server.RaftServer$Division (RaftServerImpl.java:requestVote(1302)) - b2525f4f-bdf5-4dd0-b826-cbccdc8ecebe@group-C26195CFC82B: receive requestVote(PRE_VOTE, 67f04e2a-34cd-4ea0-b74b-c8cb5d6f4ea5, group-C26195CFC82B, 0, (t:0, i:0))
2023-05-17 09:09:11,847 [grpc-default-executor-1] INFO  impl.VoteContext (VoteContext.java:log(49)) - 8889e818-58f8-49f9-ac5f-461eb7b79d1e@group-C26195CFC82B-FOLLOWER: accept PRE_VOTE from b2525f4f-bdf5-4dd0-b826-cbccdc8ecebe: our priority 0 <= candidate's priority 1
2023-05-17 09:09:11,851 [grpc-default-executor-1] INFO  server.RaftServer$Division (RaftServerImpl.java:requestVote(1335)) - 8889e818-58f8-49f9-ac5f-461eb7b79d1e@group-C26195CFC82B replies to PRE_VOTE vote request: b2525f4f-bdf5-4dd0-b826-cbccdc8ecebe<-8889e818-58f8-49f9-ac5f-461eb7b79d1e#0:OK-t0. Peer's state: 8889e818-58f8-49f9-ac5f-461eb7b79d1e@group-C26195CFC82B:t0, leader=null, voted=, raftlog=Memoized:8889e818-58f8-49f9-ac5f-461eb7b79d1e@group-C26195CFC82B-SegmentedRaftLog:OPENED:c-1, conf=-1: peers:[8889e818-58f8-49f9-ac5f-461eb7b79d1e|rpc:10.1.0.64:15029|admin:10.1.0.64:15028|client:10.1.0.64:15027|dataStream:10.1.0.64:15030|priority:0|startupRole:FOLLOWER, b2525f4f-bdf5-4dd0-b826-cbccdc8ecebe|rpc:10.1.0.64:15021|admin:10.1.0.64:15020|client:10.1.0.64:15019|dataStream:10.1.0.64:15022|priority:1|startupRole:FOLLOWER, 67f04e2a-34cd-4ea0-b74b-c8cb5d6f4ea5|rpc:10.1.0.64:15013|admin:10.1.0.64:15012|client:10.1.0.64:15011|dataStream:10.1.0.64:15014|priority:0|startupRole:FOLLOWER]|listeners:[], old=null
2023-05-17 09:09:11,853 [b2525f4f-bdf5-4dd0-b826-cbccdc8ecebe@group-C26195CFC82B-LeaderElection4] INFO  impl.LeaderElection (LeaderElection.java:logAndReturn(90)) - b2525f4f-bdf5-4dd0-b826-cbccdc8ecebe@group-C26195CFC82B-LeaderElection4: PRE_VOTE PASSED received 1 response(s) and 0 exception(s):
2023-05-17 09:09:11,853 [b2525f4f-bdf5-4dd0-b826-cbccdc8ecebe@group-C26195CFC82B-LeaderElection4] INFO  impl.LeaderElection (LeaderElection.java:logAndReturn(94)) -   Response 0: b2525f4f-bdf5-4dd0-b826-cbccdc8ecebe<-8889e818-58f8-49f9-ac5f-461eb7b79d1e#0:OK-t0
2023-05-17 09:09:11,853 [b2525f4f-bdf5-4dd0-b826-cbccdc8ecebe@group-C26195CFC82B-LeaderElection4] INFO  impl.LeaderElection (LeaderElection.java:askForVotes(323)) - b2525f4f-bdf5-4dd0-b826-cbccdc8ecebe@group-C26195CFC82B-LeaderElection4 PRE_VOTE round 0: result PASSED
2023-05-17 09:09:11,849 [grpc-default-executor-0] INFO  impl.VoteContext (VoteContext.java:log(49)) - b2525f4f-bdf5-4dd0-b826-cbccdc8ecebe@group-C26195CFC82B-CANDIDATE: reject PRE_VOTE from 67f04e2a-34cd-4ea0-b74b-c8cb5d6f4ea5: our priority 1 > candidate's priority 0
2023-05-17 09:09:11,856 [grpc-default-executor-0] INFO  server.RaftServer$Division (RaftServerImpl.java:requestVote(1335)) - b2525f4f-bdf5-4dd0-b826-cbccdc8ecebe@group-C26195CFC82B replies to PRE_VOTE vote request: 67f04e2a-34cd-4ea0-b74b-c8cb5d6f4ea5<-b2525f4f-bdf5-4dd0-b826-cbccdc8ecebe#0:FAIL-t0. Peer's state: b2525f4f-bdf5-4dd0-b826-cbccdc8ecebe@group-C26195CFC82B:t0, leader=null, voted=, raftlog=Memoized:b2525f4f-bdf5-4dd0-b826-cbccdc8ecebe@group-C26195CFC82B-SegmentedRaftLog:OPENED:c-1, conf=-1: peers:[8889e818-58f8-49f9-ac5f-461eb7b79d1e|rpc:10.1.0.64:15029|admin:10.1.0.64:15028|client:10.1.0.64:15027|dataStream:10.1.0.64:15030|priority:0|startupRole:FOLLOWER, b2525f4f-bdf5-4dd0-b826-cbccdc8ecebe|rpc:10.1.0.64:15021|admin:10.1.0.64:15020|client:10.1.0.64:15019|dataStream:10.1.0.64:15022|priority:1|startupRole:FOLLOWER, 67f04e2a-34cd-4ea0-b74b-c8cb5d6f4ea5|rpc:10.1.0.64:15013|admin:10.1.0.64:15012|client:10.1.0.64:15011|dataStream:10.1.0.64:15014|priority:0|startupRole:FOLLOWER]|listeners:[], old=null
2023-05-17 09:09:11,856 [grpc-default-executor-2] INFO  server.RaftServer$Division (RaftServerImpl.java:requestVote(1302)) - 8889e818-58f8-49f9-ac5f-461eb7b79d1e@group-C26195CFC82B: receive requestVote(PRE_VOTE, 67f04e2a-34cd-4ea0-b74b-c8cb5d6f4ea5, group-C26195CFC82B, 0, (t:0, i:0))
2023-05-17 09:09:11,858 [grpc-default-executor-2] INFO  impl.VoteContext (VoteContext.java:log(49)) - 8889e818-58f8-49f9-ac5f-461eb7b79d1e@group-C26195CFC82B-FOLLOWER: accept PRE_VOTE from 67f04e2a-34cd-4ea0-b74b-c8cb5d6f4ea5: our priority 0 <= candidate's priority 0
2023-05-17 09:09:11,860 [b2525f4f-bdf5-4dd0-b826-cbccdc8ecebe@group-C26195CFC82B-LeaderElection4] INFO  impl.LeaderElection (LeaderElection.java:askForVotes(321)) - b2525f4f-bdf5-4dd0-b826-cbccdc8ecebe@group-C26195CFC82B-LeaderElection4 ELECTION round 0: submit vote requests at term 1 for -1: peers:[8889e818-58f8-49f9-ac5f-461eb7b79d1e|rpc:10.1.0.64:15029|admin:10.1.0.64:15028|client:10.1.0.64:15027|dataStream:10.1.0.64:15030|priority:0|startupRole:FOLLOWER, b2525f4f-bdf5-4dd0-b826-cbccdc8ecebe|rpc:10.1.0.64:15021|admin:10.1.0.64:15020|client:10.1.0.64:15019|dataStream:10.1.0.64:15022|priority:1|startupRole:FOLLOWER, 67f04e2a-34cd-4ea0-b74b-c8cb5d6f4ea5|rpc:10.1.0.64:15013|admin:10.1.0.64:15012|client:10.1.0.64:15011|dataStream:10.1.0.64:15014|priority:0|startupRole:FOLLOWER]|listeners:[], old=null
2023-05-17 09:09:11,860 [grpc-default-executor-2] INFO  server.RaftServer$Division (RaftServerImpl.java:requestVote(1335)) - 8889e818-58f8-49f9-ac5f-461eb7b79d1e@group-C26195CFC82B replies to PRE_VOTE vote request: 67f04e2a-34cd-4ea0-b74b-c8cb5d6f4ea5<-8889e818-58f8-49f9-ac5f-461eb7b79d1e#0:OK-t0. Peer's state: 8889e818-58f8-49f9-ac5f-461eb7b79d1e@group-C26195CFC82B:t0, leader=null, voted=, raftlog=Memoized:8889e818-58f8-49f9-ac5f-461eb7b79d1e@group-C26195CFC82B-SegmentedRaftLog:OPENED:c-1, conf=-1: peers:[8889e818-58f8-49f9-ac5f-461eb7b79d1e|rpc:10.1.0.64:15029|admin:10.1.0.64:15028|client:10.1.0.64:15027|dataStream:10.1.0.64:15030|priority:0|startupRole:FOLLOWER, b2525f4f-bdf5-4dd0-b826-cbccdc8ecebe|rpc:10.1.0.64:15021|admin:10.1.0.64:15020|client:10.1.0.64:15019|dataStream:10.1.0.64:15022|priority:1|startupRole:FOLLOWER, 67f04e2a-34cd-4ea0-b74b-c8cb5d6f4ea5|rpc:10.1.0.64:15013|admin:10.1.0.64:15012|client:10.1.0.64:15011|dataStream:10.1.0.64:15014|priority:0|startupRole:FOLLOWER]|listeners:[], old=null
2023-05-17 09:09:11,863 [b2525f4f-bdf5-4dd0-b826-cbccdc8ecebe@group-C26195CFC82B-LeaderElection4] INFO  server.RaftServerConfigKeys (ConfUtils.java:logFallback(53)) - raft.server.rpc.first-election.timeout.min = 5s (fallback to raft.server.rpc.timeout.min)
2023-05-17 09:09:11,863 [b2525f4f-bdf5-4dd0-b826-cbccdc8ecebe@group-C26195CFC82B-LeaderElection4] INFO  server.RaftServerConfigKeys (ConfUtils.java:logFallback(53)) - raft.server.rpc.first-election.timeout.max = 5200ms (fallback to raft.server.rpc.timeout.max)
2023-05-17 09:09:11,873 [67f04e2a-34cd-4ea0-b74b-c8cb5d6f4ea5@group-C26195CFC82B-LeaderElection3] INFO  impl.LeaderElection (LeaderElection.java:logAndReturn(90)) - 67f04e2a-34cd-4ea0-b74b-c8cb5d6f4ea5@group-C26195CFC82B-LeaderElection3: PRE_VOTE REJECTED received 1 response(s) and 0 exception(s):
2023-05-17 09:09:11,873 [67f04e2a-34cd-4ea0-b74b-c8cb5d6f4ea5@group-C26195CFC82B-LeaderElection3] INFO  impl.LeaderElection (LeaderElection.java:logAndReturn(94)) -   Response 0: 67f04e2a-34cd-4ea0-b74b-c8cb5d6f4ea5<-b2525f4f-bdf5-4dd0-b826-cbccdc8ecebe#0:FAIL-t0
2023-05-17 09:09:11,873 [67f04e2a-34cd-4ea0-b74b-c8cb5d6f4ea5@group-C26195CFC82B-LeaderElection3] INFO  impl.LeaderElection (LeaderElection.java:askForVotes(323)) - 67f04e2a-34cd-4ea0-b74b-c8cb5d6f4ea5@group-C26195CFC82B-LeaderElection3 PRE_VOTE round 0: result REJECTED
2023-05-17 09:09:11,874 [67f04e2a-34cd-4ea0-b74b-c8cb5d6f4ea5@group-C26195CFC82B-LeaderElection3] INFO  server.RaftServer$Division (RaftServerImpl.java:setRole(329)) - 67f04e2a-34cd-4ea0-b74b-c8cb5d6f4ea5@group-C26195CFC82B: changes role from CANDIDATE to FOLLOWER at term 0 for REJECTED
2023-05-17 09:09:11,874 [67f04e2a-34cd-4ea0-b74b-c8cb5d6f4ea5@group-C26195CFC82B-LeaderElection3] INFO  impl.RoleInfo (RoleInfo.java:shutdownLeaderElection(130)) - 67f04e2a-34cd-4ea0-b74b-c8cb5d6f4ea5: shutdown 67f04e2a-34cd-4ea0-b74b-c8cb5d6f4ea5@group-C26195CFC82B-LeaderElection3
2023-05-17 09:09:11,874 [67f04e2a-34cd-4ea0-b74b-c8cb5d6f4ea5@group-C26195CFC82B-LeaderElection3] INFO  impl.RoleInfo (RoleInfo.java:updateAndGet(139)) - 67f04e2a-34cd-4ea0-b74b-c8cb5d6f4ea5: start 67f04e2a-34cd-4ea0-b74b-c8cb5d6f4ea5@group-C26195CFC82B-FollowerState
2023-05-17 09:09:11,887 [grpc-default-executor-2] INFO  server.RaftServer$Division (RaftServerImpl.java:requestVote(1302)) - 67f04e2a-34cd-4ea0-b74b-c8cb5d6f4ea5@group-C26195CFC82B: receive requestVote(PRE_VOTE, b2525f4f-bdf5-4dd0-b826-cbccdc8ecebe, group-C26195CFC82B, 0, (t:0, i:0))
2023-05-17 09:09:11,887 [grpc-default-executor-2] INFO  impl.VoteContext (VoteContext.java:log(49)) - 67f04e2a-34cd-4ea0-b74b-c8cb5d6f4ea5@group-C26195CFC82B-FOLLOWER: accept PRE_VOTE from b2525f4f-bdf5-4dd0-b826-cbccdc8ecebe: our priority 0 <= candidate's priority 1
2023-05-17 09:09:11,887 [grpc-default-executor-2] INFO  server.RaftServer$Division (RaftServerImpl.java:requestVote(1335)) - 67f04e2a-34cd-4ea0-b74b-c8cb5d6f4ea5@group-C26195CFC82B replies to PRE_VOTE vote request: b2525f4f-bdf5-4dd0-b826-cbccdc8ecebe<-67f04e2a-34cd-4ea0-b74b-c8cb5d6f4ea5#0:OK-t0. Peer's state: 67f04e2a-34cd-4ea0-b74b-c8cb5d6f4ea5@group-C26195CFC82B:t0, leader=null, voted=, raftlog=Memoized:67f04e2a-34cd-4ea0-b74b-c8cb5d6f4ea5@group-C26195CFC82B-SegmentedRaftLog:OPENED:c-1, conf=-1: peers:[8889e818-58f8-49f9-ac5f-461eb7b79d1e|rpc:10.1.0.64:15029|admin:10.1.0.64:15028|client:10.1.0.64:15027|dataStream:10.1.0.64:15030|priority:0|startupRole:FOLLOWER, b2525f4f-bdf5-4dd0-b826-cbccdc8ecebe|rpc:10.1.0.64:15021|admin:10.1.0.64:15020|client:10.1.0.64:15019|dataStream:10.1.0.64:15022|priority:1|startupRole:FOLLOWER, 67f04e2a-34cd-4ea0-b74b-c8cb5d6f4ea5|rpc:10.1.0.64:15013|admin:10.1.0.64:15012|client:10.1.0.64:15011|dataStream:10.1.0.64:15014|priority:0|startupRole:FOLLOWER]|listeners:[], old=null
2023-05-17 09:09:11,888 [grpc-default-executor-0] INFO  server.RaftServer$Division (RaftServerImpl.java:requestVote(1302)) - 8889e818-58f8-49f9-ac5f-461eb7b79d1e@group-C26195CFC82B: receive requestVote(ELECTION, b2525f4f-bdf5-4dd0-b826-cbccdc8ecebe, group-C26195CFC82B, 1, (t:0, i:0))
2023-05-17 09:09:11,889 [grpc-default-executor-0] INFO  impl.VoteContext (VoteContext.java:log(49)) - 8889e818-58f8-49f9-ac5f-461eb7b79d1e@group-C26195CFC82B-FOLLOWER: accept ELECTION from b2525f4f-bdf5-4dd0-b826-cbccdc8ecebe: our priority 0 <= candidate's priority 1
2023-05-17 09:09:11,889 [grpc-default-executor-0] INFO  server.RaftServer$Division (RaftServerImpl.java:setRole(329)) - 8889e818-58f8-49f9-ac5f-461eb7b79d1e@group-C26195CFC82B: changes role from  FOLLOWER to FOLLOWER at term 1 for candidate:b2525f4f-bdf5-4dd0-b826-cbccdc8ecebe
2023-05-17 09:09:11,889 [grpc-default-executor-0] INFO  impl.RoleInfo (RoleInfo.java:shutdownFollowerState(110)) - 8889e818-58f8-49f9-ac5f-461eb7b79d1e: shutdown 8889e818-58f8-49f9-ac5f-461eb7b79d1e@group-C26195CFC82B-FollowerState
2023-05-17 09:09:11,889 [grpc-default-executor-0] INFO  impl.RoleInfo (RoleInfo.java:updateAndGet(139)) - 8889e818-58f8-49f9-ac5f-461eb7b79d1e: start 8889e818-58f8-49f9-ac5f-461eb7b79d1e@group-C26195CFC82B-FollowerState
2023-05-17 09:09:11,889 [8889e818-58f8-49f9-ac5f-461eb7b79d1e@group-C26195CFC82B-FollowerState] INFO  impl.FollowerState (FollowerState.java:run(152)) - 8889e818-58f8-49f9-ac5f-461eb7b79d1e@group-C26195CFC82B-FollowerState was interrupted
2023-05-17 09:09:11,890 [grpc-default-executor-2] INFO  server.RaftServer$Division (RaftServerImpl.java:requestVote(1302)) - 67f04e2a-34cd-4ea0-b74b-c8cb5d6f4ea5@group-C26195CFC82B: receive requestVote(ELECTION, b2525f4f-bdf5-4dd0-b826-cbccdc8ecebe, group-C26195CFC82B, 1, (t:0, i:0))
2023-05-17 09:09:11,891 [grpc-default-executor-2] INFO  impl.VoteContext (VoteContext.java:log(49)) - 67f04e2a-34cd-4ea0-b74b-c8cb5d6f4ea5@group-C26195CFC82B-FOLLOWER: accept ELECTION from b2525f4f-bdf5-4dd0-b826-cbccdc8ecebe: our priority 0 <= candidate's priority 1
2023-05-17 09:09:11,891 [grpc-default-executor-2] INFO  server.RaftServer$Division (RaftServerImpl.java:setRole(329)) - 67f04e2a-34cd-4ea0-b74b-c8cb5d6f4ea5@group-C26195CFC82B: changes role from  FOLLOWER to FOLLOWER at term 1 for candidate:b2525f4f-bdf5-4dd0-b826-cbccdc8ecebe
2023-05-17 09:09:11,891 [grpc-default-executor-2] INFO  impl.RoleInfo (RoleInfo.java:shutdownFollowerState(110)) - 67f04e2a-34cd-4ea0-b74b-c8cb5d6f4ea5: shutdown 67f04e2a-34cd-4ea0-b74b-c8cb5d6f4ea5@group-C26195CFC82B-FollowerState
2023-05-17 09:09:11,891 [grpc-default-executor-2] INFO  impl.RoleInfo (RoleInfo.java:updateAndGet(139)) - 67f04e2a-34cd-4ea0-b74b-c8cb5d6f4ea5: start 67f04e2a-34cd-4ea0-b74b-c8cb5d6f4ea5@group-C26195CFC82B-FollowerState
2023-05-17 09:09:11,891 [67f04e2a-34cd-4ea0-b74b-c8cb5d6f4ea5@group-C26195CFC82B-FollowerState] INFO  impl.FollowerState (FollowerState.java:run(152)) - 67f04e2a-34cd-4ea0-b74b-c8cb5d6f4ea5@group-C26195CFC82B-FollowerState was interrupted
2023-05-17 09:09:11,892 [grpc-default-executor-0] INFO  server.RaftServer$Division (RaftServerImpl.java:requestVote(1335)) - 8889e818-58f8-49f9-ac5f-461eb7b79d1e@group-C26195CFC82B replies to ELECTION vote request: b2525f4f-bdf5-4dd0-b826-cbccdc8ecebe<-8889e818-58f8-49f9-ac5f-461eb7b79d1e#0:OK-t1. Peer's state: 8889e818-58f8-49f9-ac5f-461eb7b79d1e@group-C26195CFC82B:t1, leader=null, voted=b2525f4f-bdf5-4dd0-b826-cbccdc8ecebe, raftlog=Memoized:8889e818-58f8-49f9-ac5f-461eb7b79d1e@group-C26195CFC82B-SegmentedRaftLog:OPENED:c-1, conf=-1: peers:[8889e818-58f8-49f9-ac5f-461eb7b79d1e|rpc:10.1.0.64:15029|admin:10.1.0.64:15028|client:10.1.0.64:15027|dataStream:10.1.0.64:15030|priority:0|startupRole:FOLLOWER, b2525f4f-bdf5-4dd0-b826-cbccdc8ecebe|rpc:10.1.0.64:15021|admin:10.1.0.64:15020|client:10.1.0.64:15019|dataStream:10.1.0.64:15022|priority:1|startupRole:FOLLOWER, 67f04e2a-34cd-4ea0-b74b-c8cb5d6f4ea5|rpc:10.1.0.64:15013|admin:10.1.0.64:15012|client:10.1.0.64:15011|dataStream:10.1.0.64:15014|priority:0|startupRole:FOLLOWER]|listeners:[], old=null
2023-05-17 09:09:11,895 [grpc-default-executor-2] INFO  server.RaftServer$Division (RaftServerImpl.java:requestVote(1335)) - 67f04e2a-34cd-4ea0-b74b-c8cb5d6f4ea5@group-C26195CFC82B replies to ELECTION vote request: b2525f4f-bdf5-4dd0-b826-cbccdc8ecebe<-67f04e2a-34cd-4ea0-b74b-c8cb5d6f4ea5#0:OK-t1. Peer's state: 67f04e2a-34cd-4ea0-b74b-c8cb5d6f4ea5@group-C26195CFC82B:t1, leader=null, voted=b2525f4f-bdf5-4dd0-b826-cbccdc8ecebe, raftlog=Memoized:67f04e2a-34cd-4ea0-b74b-c8cb5d6f4ea5@group-C26195CFC82B-SegmentedRaftLog:OPENED:c-1, conf=-1: peers:[8889e818-58f8-49f9-ac5f-461eb7b79d1e|rpc:10.1.0.64:15029|admin:10.1.0.64:15028|client:10.1.0.64:15027|dataStream:10.1.0.64:15030|priority:0|startupRole:FOLLOWER, b2525f4f-bdf5-4dd0-b826-cbccdc8ecebe|rpc:10.1.0.64:15021|admin:10.1.0.64:15020|client:10.1.0.64:15019|dataStream:10.1.0.64:15022|priority:1|startupRole:FOLLOWER, 67f04e2a-34cd-4ea0-b74b-c8cb5d6f4ea5|rpc:10.1.0.64:15013|admin:10.1.0.64:15012|client:10.1.0.64:15011|dataStream:10.1.0.64:15014|priority:0|startupRole:FOLLOWER]|listeners:[], old=null
2023-05-17 09:09:11,899 [b2525f4f-bdf5-4dd0-b826-cbccdc8ecebe@group-C26195CFC82B-LeaderElection4] INFO  impl.LeaderElection (LeaderElection.java:logAndReturn(90)) - b2525f4f-bdf5-4dd0-b826-cbccdc8ecebe@group-C26195CFC82B-LeaderElection4: ELECTION PASSED received 1 response(s) and 0 exception(s):
2023-05-17 09:09:11,899 [b2525f4f-bdf5-4dd0-b826-cbccdc8ecebe@group-C26195CFC82B-LeaderElection4] INFO  impl.LeaderElection (LeaderElection.java:logAndReturn(94)) -   Response 0: b2525f4f-bdf5-4dd0-b826-cbccdc8ecebe<-8889e818-58f8-49f9-ac5f-461eb7b79d1e#0:OK-t1
2023-05-17 09:09:11,899 [b2525f4f-bdf5-4dd0-b826-cbccdc8ecebe@group-C26195CFC82B-LeaderElection4] INFO  impl.LeaderElection (LeaderElection.java:askForVotes(323)) - b2525f4f-bdf5-4dd0-b826-cbccdc8ecebe@group-C26195CFC82B-LeaderElection4 ELECTION round 0: result PASSED
2023-05-17 09:09:11,899 [b2525f4f-bdf5-4dd0-b826-cbccdc8ecebe@group-C26195CFC82B-LeaderElection4] INFO  impl.RoleInfo (RoleInfo.java:shutdownLeaderElection(130)) - b2525f4f-bdf5-4dd0-b826-cbccdc8ecebe: shutdown b2525f4f-bdf5-4dd0-b826-cbccdc8ecebe@group-C26195CFC82B-LeaderElection4
2023-05-17 09:09:11,899 [b2525f4f-bdf5-4dd0-b826-cbccdc8ecebe@group-C26195CFC82B-LeaderElection4] INFO  server.RaftServer$Division (RaftServerImpl.java:setRole(329)) - b2525f4f-bdf5-4dd0-b826-cbccdc8ecebe@group-C26195CFC82B: changes role from CANDIDATE to LEADER at term 1 for changeToLeader
2023-05-17 09:09:11,899 [b2525f4f-bdf5-4dd0-b826-cbccdc8ecebe@group-C26195CFC82B-LeaderElection4] INFO  ratis.XceiverServerRatis (XceiverServerRatis.java:handleLeaderChangedNotification(904)) - Leader change notification received for group: group-C26195CFC82B with new leaderId: b2525f4f-bdf5-4dd0-b826-cbccdc8ecebe
2023-05-17 09:09:11,900 [b2525f4f-bdf5-4dd0-b826-cbccdc8ecebe@group-C26195CFC82B-LeaderElection4] INFO  server.RaftServer$Division (ServerState.java:setLeader(317)) - b2525f4f-bdf5-4dd0-b826-cbccdc8ecebe@group-C26195CFC82B: change Leader from null to b2525f4f-bdf5-4dd0-b826-cbccdc8ecebe at term 1 for becomeLeader, leader elected after 5330ms
2023-05-17 09:09:11,900 [b2525f4f-bdf5-4dd0-b826-cbccdc8ecebe@group-C26195CFC82B-LeaderElection4] INFO  server.RaftServerConfigKeys (ConfUtils.java:logGet(46)) - raft.server.staging.catchup.gap = 1000 (default)
2023-05-17 09:09:11,900 [b2525f4f-bdf5-4dd0-b826-cbccdc8ecebe@group-C26195CFC82B-LeaderElection4] INFO  server.RaftServerConfigKeys (ConfUtils.java:logGet(46)) - raft.server.write.element-limit = 1024 (custom)
2023-05-17 09:09:11,900 [b2525f4f-bdf5-4dd0-b826-cbccdc8ecebe@group-C26195CFC82B-LeaderElection4] INFO  server.RaftServerConfigKeys (ConfUtils.java:logGet(46)) - raft.server.write.byte-limit = 1024 M (=1073741824) (custom)
2023-05-17 09:09:11,900 [b2525f4f-bdf5-4dd0-b826-cbccdc8ecebe@group-C26195CFC82B-LeaderElection4] INFO  server.RaftServerConfigKeys (ConfUtils.java:logGet(46)) - raft.server.watch.timeout = 180s (custom)
2023-05-17 09:09:11,900 [b2525f4f-bdf5-4dd0-b826-cbccdc8ecebe@group-C26195CFC82B-LeaderElection4] INFO  server.RaftServerConfigKeys (ConfUtils.java:logGet(46)) - raft.server.watch.timeout.denomination = 1s (default)
2023-05-17 09:09:11,900 [b2525f4f-bdf5-4dd0-b826-cbccdc8ecebe@group-C26195CFC82B-LeaderElection4] INFO  server.RaftServerConfigKeys (ConfUtils.java:logGet(46)) - raft.server.watch.element-limit = 65536 (default)
2023-05-17 09:09:11,900 [b2525f4f-bdf5-4dd0-b826-cbccdc8ecebe@group-C26195CFC82B-LeaderElection4] INFO  server.RaftServerConfigKeys (ConfUtils.java:logGet(46)) - raft.server.write.element-limit = 1024 (custom)
2023-05-17 09:09:11,900 [b2525f4f-bdf5-4dd0-b826-cbccdc8ecebe@group-C26195CFC82B-LeaderElection4] INFO  server.RaftServerConfigKeys (ConfUtils.java:logGet(46)) - raft.server.write.follower.gap.ratio.max = -1.0 (default)
2023-05-17 09:09:11,903 [EventQueue-PipelineReportForPipelineReportHandler] INFO  pipeline.PipelineManagerImpl (PipelineManagerImpl.java:openPipeline(367)) - Pipeline Pipeline[ Id: 7fc61ef2-e189-43e0-95c9-c26195cfc82b, Nodes: 8889e818-58f8-49f9-ac5f-461eb7b79d1e(fv-az41-747.zje5jq5y5x4uznwvdkgxk4wc2h.cx.internal.cloudapp.net/10.1.0.64)b2525f4f-bdf5-4dd0-b826-cbccdc8ecebe(fv-az41-747.zje5jq5y5x4uznwvdkgxk4wc2h.cx.internal.cloudapp.net/10.1.0.64)67f04e2a-34cd-4ea0-b74b-c8cb5d6f4ea5(fv-az41-747.zje5jq5y5x4uznwvdkgxk4wc2h.cx.internal.cloudapp.net/10.1.0.64), ReplicationConfig: RATIS/THREE, State:ALLOCATED, leaderId:b2525f4f-bdf5-4dd0-b826-cbccdc8ecebe, CreationTimestamp2023-05-17T09:09:03.878Z[Etc/UTC]] moved to OPEN state
2023-05-17 09:09:11,903 [EventQueue-OpenPipelineForHealthyPipelineSafeModeRule] INFO  safemode.SCMSafeModeManager (HealthyPipelineSafeModeRule.java:process(137)) - SCM in safe mode. Healthy pipelines reported count is 1, required healthy pipeline reported count is 1
2023-05-17 09:09:11,903 [EventQueue-OpenPipelineForHealthyPipelineSafeModeRule] INFO  safemode.SCMSafeModeManager (SCMSafeModeManager.java:validateSafeModeExitRules(200)) - HealthyPipelineSafeModeRule rule is successfully validated
2023-05-17 09:09:11,903 [EventQueue-OpenPipelineForHealthyPipelineSafeModeRule] INFO  safemode.SCMSafeModeManager (SCMSafeModeManager.java:validateSafeModeExitRules(215)) - ScmSafeModeManager, all rules are successfully validated
2023-05-17 09:09:11,903 [EventQueue-OpenPipelineForHealthyPipelineSafeModeRule] INFO  safemode.SCMSafeModeManager (SCMSafeModeManager.java:exitSafeMode(244)) - SCM exiting safe mode.
2023-05-17 09:09:11,903 [EventQueue-OpenPipelineForHealthyPipelineSafeModeRule] INFO  ha.SCMContext (SCMContext.java:updateSafeModeStatus(228)) - Update SafeModeStatus from SafeModeStatus{safeModeStatus=true, preCheckPassed=true} to SafeModeStatus{safeModeStatus=false, preCheckPassed=true}.
2023-05-17 09:09:11,911 [EventQueue-OpenPipelineForHealthyPipelineSafeModeRule] INFO  pipeline.BackgroundPipelineCreator (BackgroundPipelineCreator.java:notifyStatusChanged(254)) - Service BackgroundPipelineCreator transitions to RUNNING.
2023-05-17 09:09:11,911 [EventQueue-OpenPipelineForHealthyPipelineSafeModeRule] INFO  BackgroundPipelineScrubber (BackgroundSCMService.java:notifyStatusChanged(82)) - Service BackgroundPipelineScrubber transitions to RUNNING.
2023-05-17 09:09:11,911 [EventQueue-OpenPipelineForHealthyPipelineSafeModeRule] INFO  ExpiredContainerReplicaOpScrubber (BackgroundSCMService.java:notifyStatusChanged(82)) - Service ExpiredContainerReplicaOpScrubber transitions to RUNNING.
2023-05-17 09:09:11,911 [EventQueue-OpenPipelineForHealthyPipelineSafeModeRule] INFO  replication.ReplicationManager (ReplicationManager.java:notifyStatusChanged(1377)) - Service ReplicationManager transitions to RUNNING.
2023-05-17 09:09:11,915 [EventQueue-OpenPipelineForHealthyPipelineSafeModeRule] WARN  balancer.ContainerBalancer (ContainerBalancer.java:shouldRun(132)) - Could not find persisted configuration for ContainerBalancer when checking if ContainerBalancer should run. ContainerBalancer should not run now.
2023-05-17 09:09:11,918 [b2525f4f-bdf5-4dd0-b826-cbccdc8ecebe@group-C26195CFC82B-LeaderElection4] INFO  server.RaftServerConfigKeys (ConfUtils.java:logGet(46)) - raft.server.log.appender.snapshot.chunk.size.max = 16MB (=16777216) (default)
2023-05-17 09:09:11,918 [b2525f4f-bdf5-4dd0-b826-cbccdc8ecebe@group-C26195CFC82B-LeaderElection4] INFO  server.RaftServerConfigKeys (ConfUtils.java:logGet(46)) - raft.server.log.appender.buffer.byte-limit = 33554432 (custom)
2023-05-17 09:09:11,919 [b2525f4f-bdf5-4dd0-b826-cbccdc8ecebe@group-C26195CFC82B-LeaderElection4] INFO  server.RaftServerConfigKeys (ConfUtils.java:logGet(46)) - raft.server.log.appender.buffer.element-limit = 1 (custom)
2023-05-17 09:09:11,921 [b2525f4f-bdf5-4dd0-b826-cbccdc8ecebe@group-C26195CFC82B-LeaderElection4] INFO  server.RaftServerConfigKeys (ConfUtils.java:logGet(46)) - raft.server.log.appender.wait-time.min = 10ms (default)
2023-05-17 09:09:11,922 [b2525f4f-bdf5-4dd0-b826-cbccdc8ecebe@group-C26195CFC82B-LeaderElection4] INFO  grpc.GrpcConfigKeys (ConfUtils.java:logGet(46)) - raft.grpc.server.leader.outstanding.appends.max = 128 (default)
2023-05-17 09:09:11,923 [b2525f4f-bdf5-4dd0-b826-cbccdc8ecebe@group-C26195CFC82B-LeaderElection4] INFO  server.RaftServerConfigKeys (ConfUtils.java:logGet(46)) - raft.server.rpc.request.timeout = 60s (custom)
2023-05-17 09:09:11,924 [b2525f4f-bdf5-4dd0-b826-cbccdc8ecebe@group-C26195CFC82B-LeaderElection4] INFO  grpc.GrpcConfigKeys (ConfUtils.java:logGet(46)) - raft.grpc.server.install_snapshot.request.element-limit = 8 (default)
2023-05-17 09:09:11,924 [b2525f4f-bdf5-4dd0-b826-cbccdc8ecebe@group-C26195CFC82B-LeaderElection4] INFO  grpc.GrpcConfigKeys (ConfUtils.java:logGet(46)) - raft.grpc.server.install_snapshot.request.timeout = 3000ms (default)
2023-05-17 09:09:11,924 [b2525f4f-bdf5-4dd0-b826-cbccdc8ecebe@group-C26195CFC82B-LeaderElection4] INFO  server.RaftServerConfigKeys (ConfUtils.java:logGet(46)) - raft.server.log.appender.install.snapshot.enabled = false (custom)
2023-05-17 09:09:11,924 [b2525f4f-bdf5-4dd0-b826-cbccdc8ecebe@group-C26195CFC82B-LeaderElection4] INFO  grpc.GrpcConfigKeys (ConfUtils.java:logGet(46)) - raft.grpc.server.heartbeat.channel = true (default)
2023-05-17 09:09:11,927 [b2525f4f-bdf5-4dd0-b826-cbccdc8ecebe@group-C26195CFC82B-LeaderElection4] INFO  server.RaftServerConfigKeys (ConfUtils.java:logGet(46)) - raft.server.log.appender.snapshot.chunk.size.max = 16MB (=16777216) (default)
2023-05-17 09:09:11,927 [b2525f4f-bdf5-4dd0-b826-cbccdc8ecebe@group-C26195CFC82B-LeaderElection4] INFO  server.RaftServerConfigKeys (ConfUtils.java:logGet(46)) - raft.server.log.appender.buffer.byte-limit = 33554432 (custom)
2023-05-17 09:09:11,927 [b2525f4f-bdf5-4dd0-b826-cbccdc8ecebe@group-C26195CFC82B-LeaderElection4] INFO  server.RaftServerConfigKeys (ConfUtils.java:logGet(46)) - raft.server.log.appender.buffer.element-limit = 1 (custom)
2023-05-17 09:09:11,927 [b2525f4f-bdf5-4dd0-b826-cbccdc8ecebe@group-C26195CFC82B-LeaderElection4] INFO  server.RaftServerConfigKeys (ConfUtils.java:logGet(46)) - raft.server.log.appender.wait-time.min = 10ms (default)
2023-05-17 09:09:11,928 [b2525f4f-bdf5-4dd0-b826-cbccdc8ecebe@group-C26195CFC82B-LeaderElection4] INFO  grpc.GrpcConfigKeys (ConfUtils.java:logGet(46)) - raft.grpc.server.leader.outstanding.appends.max = 128 (default)
2023-05-17 09:09:11,928 [b2525f4f-bdf5-4dd0-b826-cbccdc8ecebe@group-C26195CFC82B-LeaderElection4] INFO  server.RaftServerConfigKeys (ConfUtils.java:logGet(46)) - raft.server.rpc.request.timeout = 60s (custom)
2023-05-17 09:09:11,928 [b2525f4f-bdf5-4dd0-b826-cbccdc8ecebe@group-C26195CFC82B-LeaderElection4] INFO  grpc.GrpcConfigKeys (ConfUtils.java:logGet(46)) - raft.grpc.server.install_snapshot.request.element-limit = 8 (default)
2023-05-17 09:09:11,928 [b2525f4f-bdf5-4dd0-b826-cbccdc8ecebe@group-C26195CFC82B-LeaderElection4] INFO  grpc.GrpcConfigKeys (ConfUtils.java:logGet(46)) - raft.grpc.server.install_snapshot.request.timeout = 3000ms (default)
2023-05-17 09:09:11,928 [b2525f4f-bdf5-4dd0-b826-cbccdc8ecebe@group-C26195CFC82B-LeaderElection4] INFO  server.RaftServerConfigKeys (ConfUtils.java:logGet(46)) - raft.server.log.appender.install.snapshot.enabled = false (custom)
2023-05-17 09:09:11,928 [b2525f4f-bdf5-4dd0-b826-cbccdc8ecebe@group-C26195CFC82B-LeaderElection4] INFO  grpc.GrpcConfigKeys (ConfUtils.java:logGet(46)) - raft.grpc.server.heartbeat.channel = true (default)
2023-05-17 09:09:11,929 [b2525f4f-bdf5-4dd0-b826-cbccdc8ecebe@group-C26195CFC82B-LeaderElection4] INFO  impl.RoleInfo (RoleInfo.java:updateAndGet(139)) - b2525f4f-bdf5-4dd0-b826-cbccdc8ecebe: start b2525f4f-bdf5-4dd0-b826-cbccdc8ecebe@group-C26195CFC82B-LeaderStateImpl
2023-05-17 09:09:11,929 [b2525f4f-bdf5-4dd0-b826-cbccdc8ecebe@group-C26195CFC82B-LeaderElection4] INFO  segmented.SegmentedRaftLogWorker (SegmentedRaftLogWorker.java:startLogSegment(447)) - b2525f4f-bdf5-4dd0-b826-cbccdc8ecebe@group-C26195CFC82B-SegmentedRaftLogWorker: Starting segment from index:0
2023-05-17 09:09:11,932 [b2525f4f-bdf5-4dd0-b826-cbccdc8ecebe@group-C26195CFC82B-SegmentedRaftLogWorker] INFO  segmented.SegmentedRaftLogWorker (SegmentedRaftLogWorker.java:execute(651)) - b2525f4f-bdf5-4dd0-b826-cbccdc8ecebe@group-C26195CFC82B-SegmentedRaftLogWorker: created new log segment /home/runner/work/ozone/ozone/hadoop-ozone/integration-test/target/test-dir/MiniOzoneClusterImpl-21d14123-a168-44a2-bc0a-ee93e32dcc9b/datanode-1/data/ratis/7fc61ef2-e189-43e0-95c9-c26195cfc82b/current/log_inprogress_0
2023-05-17 09:09:11,956 [b2525f4f-bdf5-4dd0-b826-cbccdc8ecebe@group-C26195CFC82B-LeaderElection4] INFO  server.RaftServer$Division (ServerState.java:setRaftConf(434)) - b2525f4f-bdf5-4dd0-b826-cbccdc8ecebe@group-C26195CFC82B: set configuration 0: peers:[8889e818-58f8-49f9-ac5f-461eb7b79d1e|rpc:10.1.0.64:15029|admin:10.1.0.64:15028|client:10.1.0.64:15027|dataStream:10.1.0.64:15030|priority:0|startupRole:FOLLOWER, b2525f4f-bdf5-4dd0-b826-cbccdc8ecebe|rpc:10.1.0.64:15021|admin:10.1.0.64:15020|client:10.1.0.64:15019|dataStream:10.1.0.64:15022|priority:1|startupRole:FOLLOWER, 67f04e2a-34cd-4ea0-b74b-c8cb5d6f4ea5|rpc:10.1.0.64:15013|admin:10.1.0.64:15012|client:10.1.0.64:15011|dataStream:10.1.0.64:15014|priority:0|startupRole:FOLLOWER]|listeners:[], old=null
2023-05-17 09:09:11,996 [8889e818-58f8-49f9-ac5f-461eb7b79d1e-server-thread1] INFO  ratis.XceiverServerRatis (XceiverServerRatis.java:handleLeaderChangedNotification(904)) - Leader change notification received for group: group-C26195CFC82B with new leaderId: b2525f4f-bdf5-4dd0-b826-cbccdc8ecebe
2023-05-17 09:09:11,996 [8889e818-58f8-49f9-ac5f-461eb7b79d1e-server-thread1] INFO  server.RaftServer$Division (ServerState.java:setLeader(317)) - 8889e818-58f8-49f9-ac5f-461eb7b79d1e@group-C26195CFC82B: change Leader from null to b2525f4f-bdf5-4dd0-b826-cbccdc8ecebe at term 1 for appendEntries, leader elected after 5060ms
2023-05-17 09:09:12,007 [67f04e2a-34cd-4ea0-b74b-c8cb5d6f4ea5-server-thread1] INFO  ratis.XceiverServerRatis (XceiverServerRatis.java:handleLeaderChangedNotification(904)) - Leader change notification received for group: group-C26195CFC82B with new leaderId: b2525f4f-bdf5-4dd0-b826-cbccdc8ecebe
2023-05-17 09:09:12,008 [67f04e2a-34cd-4ea0-b74b-c8cb5d6f4ea5-server-thread1] INFO  server.RaftServer$Division (ServerState.java:setLeader(317)) - 67f04e2a-34cd-4ea0-b74b-c8cb5d6f4ea5@group-C26195CFC82B: change Leader from null to b2525f4f-bdf5-4dd0-b826-cbccdc8ecebe at term 1 for appendEntries, leader elected after 5742ms
2023-05-17 09:09:12,014 [67f04e2a-34cd-4ea0-b74b-c8cb5d6f4ea5-server-thread2] INFO  server.RaftServer$Division (ServerState.java:setRaftConf(434)) - 67f04e2a-34cd-4ea0-b74b-c8cb5d6f4ea5@group-C26195CFC82B: set configuration 0: peers:[8889e818-58f8-49f9-ac5f-461eb7b79d1e|rpc:10.1.0.64:15029|admin:10.1.0.64:15028|client:10.1.0.64:15027|dataStream:10.1.0.64:15030|priority:0|startupRole:FOLLOWER, b2525f4f-bdf5-4dd0-b826-cbccdc8ecebe|rpc:10.1.0.64:15021|admin:10.1.0.64:15020|client:10.1.0.64:15019|dataStream:10.1.0.64:15022|priority:1|startupRole:FOLLOWER, 67f04e2a-34cd-4ea0-b74b-c8cb5d6f4ea5|rpc:10.1.0.64:15013|admin:10.1.0.64:15012|client:10.1.0.64:15011|dataStream:10.1.0.64:15014|priority:0|startupRole:FOLLOWER]|listeners:[], old=null
2023-05-17 09:09:12,014 [67f04e2a-34cd-4ea0-b74b-c8cb5d6f4ea5-server-thread2] INFO  segmented.SegmentedRaftLogWorker (SegmentedRaftLogWorker.java:startLogSegment(447)) - 67f04e2a-34cd-4ea0-b74b-c8cb5d6f4ea5@group-C26195CFC82B-SegmentedRaftLogWorker: Starting segment from index:0
2023-05-17 09:09:12,015 [8889e818-58f8-49f9-ac5f-461eb7b79d1e-server-thread3] INFO  server.RaftServer$Division (ServerState.java:setRaftConf(434)) - 8889e818-58f8-49f9-ac5f-461eb7b79d1e@group-C26195CFC82B: set configuration 0: peers:[8889e818-58f8-49f9-ac5f-461eb7b79d1e|rpc:10.1.0.64:15029|admin:10.1.0.64:15028|client:10.1.0.64:15027|dataStream:10.1.0.64:15030|priority:0|startupRole:FOLLOWER, b2525f4f-bdf5-4dd0-b826-cbccdc8ecebe|rpc:10.1.0.64:15021|admin:10.1.0.64:15020|client:10.1.0.64:15019|dataStream:10.1.0.64:15022|priority:1|startupRole:FOLLOWER, 67f04e2a-34cd-4ea0-b74b-c8cb5d6f4ea5|rpc:10.1.0.64:15013|admin:10.1.0.64:15012|client:10.1.0.64:15011|dataStream:10.1.0.64:15014|priority:0|startupRole:FOLLOWER]|listeners:[], old=null
2023-05-17 09:09:12,015 [8889e818-58f8-49f9-ac5f-461eb7b79d1e-server-thread3] INFO  segmented.SegmentedRaftLogWorker (SegmentedRaftLogWorker.java:startLogSegment(447)) - 8889e818-58f8-49f9-ac5f-461eb7b79d1e@group-C26195CFC82B-SegmentedRaftLogWorker: Starting segment from index:0
2023-05-17 09:09:12,016 [67f04e2a-34cd-4ea0-b74b-c8cb5d6f4ea5@group-C26195CFC82B-SegmentedRaftLogWorker] INFO  segmented.SegmentedRaftLogWorker (SegmentedRaftLogWorker.java:execute(651)) - 67f04e2a-34cd-4ea0-b74b-c8cb5d6f4ea5@group-C26195CFC82B-SegmentedRaftLogWorker: created new log segment /home/runner/work/ozone/ozone/hadoop-ozone/integration-test/target/test-dir/MiniOzoneClusterImpl-21d14123-a168-44a2-bc0a-ee93e32dcc9b/datanode-0/data/ratis/7fc61ef2-e189-43e0-95c9-c26195cfc82b/current/log_inprogress_0
2023-05-17 09:09:12,017 [8889e818-58f8-49f9-ac5f-461eb7b79d1e@group-C26195CFC82B-SegmentedRaftLogWorker] INFO  segmented.SegmentedRaftLogWorker (SegmentedRaftLogWorker.java:execute(651)) - 8889e818-58f8-49f9-ac5f-461eb7b79d1e@group-C26195CFC82B-SegmentedRaftLogWorker: created new log segment /home/runner/work/ozone/ozone/hadoop-ozone/integration-test/target/test-dir/MiniOzoneClusterImpl-21d14123-a168-44a2-bc0a-ee93e32dcc9b/datanode-2/data/ratis/7fc61ef2-e189-43e0-95c9-c26195cfc82b/current/log_inprogress_0
2023-05-17 09:09:12,113 [8889e818-58f8-49f9-ac5f-461eb7b79d1e@group-2016E4EFE846-FollowerState] INFO  impl.FollowerState (FollowerState.java:run(143)) - 8889e818-58f8-49f9-ac5f-461eb7b79d1e@group-2016E4EFE846-FollowerState: change to CANDIDATE, lastRpcElapsedTime:5194081286ns, electionTimeout:5188ms
2023-05-17 09:09:12,113 [8889e818-58f8-49f9-ac5f-461eb7b79d1e@group-2016E4EFE846-FollowerState] INFO  impl.RoleInfo (RoleInfo.java:shutdownFollowerState(110)) - 8889e818-58f8-49f9-ac5f-461eb7b79d1e: shutdown 8889e818-58f8-49f9-ac5f-461eb7b79d1e@group-2016E4EFE846-FollowerState
2023-05-17 09:09:12,113 [8889e818-58f8-49f9-ac5f-461eb7b79d1e@group-2016E4EFE846-FollowerState] INFO  server.RaftServer$Division (RaftServerImpl.java:setRole(329)) - 8889e818-58f8-49f9-ac5f-461eb7b79d1e@group-2016E4EFE846: changes role from  FOLLOWER to CANDIDATE at term 0 for changeToCandidate
2023-05-17 09:09:12,113 [8889e818-58f8-49f9-ac5f-461eb7b79d1e@group-2016E4EFE846-FollowerState] INFO  server.RaftServerConfigKeys (ConfUtils.java:logGet(46)) - raft.server.leaderelection.pre-vote = true (default)
2023-05-17 09:09:12,113 [8889e818-58f8-49f9-ac5f-461eb7b79d1e@group-2016E4EFE846-FollowerState] INFO  impl.RoleInfo (RoleInfo.java:updateAndGet(139)) - 8889e818-58f8-49f9-ac5f-461eb7b79d1e: start 8889e818-58f8-49f9-ac5f-461eb7b79d1e@group-2016E4EFE846-LeaderElection5
2023-05-17 09:09:12,117 [8889e818-58f8-49f9-ac5f-461eb7b79d1e@group-2016E4EFE846-LeaderElection5] INFO  impl.LeaderElection (LeaderElection.java:askForVotes(321)) - 8889e818-58f8-49f9-ac5f-461eb7b79d1e@group-2016E4EFE846-LeaderElection5 PRE_VOTE round 0: submit vote requests at term 0 for -1: peers:[8889e818-58f8-49f9-ac5f-461eb7b79d1e|rpc:10.1.0.64:15029|admin:10.1.0.64:15028|client:10.1.0.64:15027|dataStream:10.1.0.64:15030|priority:1|startupRole:FOLLOWER]|listeners:[], old=null
2023-05-17 09:09:12,118 [8889e818-58f8-49f9-ac5f-461eb7b79d1e@group-2016E4EFE846-LeaderElection5] INFO  impl.LeaderElection (LeaderElection.java:askForVotes(323)) - 8889e818-58f8-49f9-ac5f-461eb7b79d1e@group-2016E4EFE846-LeaderElection5 PRE_VOTE round 0: result PASSED (term=0)
2023-05-17 09:09:12,119 [8889e818-58f8-49f9-ac5f-461eb7b79d1e@group-2016E4EFE846-LeaderElection5] INFO  impl.LeaderElection (LeaderElection.java:askForVotes(321)) - 8889e818-58f8-49f9-ac5f-461eb7b79d1e@group-2016E4EFE846-LeaderElection5 ELECTION round 0: submit vote requests at term 1 for -1: peers:[8889e818-58f8-49f9-ac5f-461eb7b79d1e|rpc:10.1.0.64:15029|admin:10.1.0.64:15028|client:10.1.0.64:15027|dataStream:10.1.0.64:15030|priority:1|startupRole:FOLLOWER]|listeners:[], old=null
2023-05-17 09:09:12,120 [8889e818-58f8-49f9-ac5f-461eb7b79d1e@group-2016E4EFE846-LeaderElection5] INFO  impl.LeaderElection (LeaderElection.java:askForVotes(323)) - 8889e818-58f8-49f9-ac5f-461eb7b79d1e@group-2016E4EFE846-LeaderElection5 ELECTION round 0: result PASSED (term=1)
2023-05-17 09:09:12,120 [8889e818-58f8-49f9-ac5f-461eb7b79d1e@group-2016E4EFE846-LeaderElection5] INFO  impl.RoleInfo (RoleInfo.java:shutdownLeaderElection(130)) - 8889e818-58f8-49f9-ac5f-461eb7b79d1e: shutdown 8889e818-58f8-49f9-ac5f-461eb7b79d1e@group-2016E4EFE846-LeaderElection5
2023-05-17 09:09:12,120 [8889e818-58f8-49f9-ac5f-461eb7b79d1e@group-2016E4EFE846-LeaderElection5] INFO  server.RaftServer$Division (RaftServerImpl.java:setRole(329)) - 8889e818-58f8-49f9-ac5f-461eb7b79d1e@group-2016E4EFE846: changes role from CANDIDATE to LEADER at term 1 for changeToLeader
2023-05-17 09:09:12,120 [8889e818-58f8-49f9-ac5f-461eb7b79d1e@group-2016E4EFE846-LeaderElection5] INFO  ratis.XceiverServerRatis (XceiverServerRatis.java:handleLeaderChangedNotification(904)) - Leader change notification received for group: group-2016E4EFE846 with new leaderId: 8889e818-58f8-49f9-ac5f-461eb7b79d1e
2023-05-17 09:09:12,120 [8889e818-58f8-49f9-ac5f-461eb7b79d1e@group-2016E4EFE846-LeaderElection5] INFO  server.RaftServer$Division (ServerState.java:setLeader(317)) - 8889e818-58f8-49f9-ac5f-461eb7b79d1e@group-2016E4EFE846: change Leader from null to 8889e818-58f8-49f9-ac5f-461eb7b79d1e at term 1 for becomeLeader, leader elected after 5281ms
2023-05-17 09:09:12,120 [8889e818-58f8-49f9-ac5f-461eb7b79d1e@group-2016E4EFE846-LeaderElection5] INFO  server.RaftServerConfigKeys (ConfUtils.java:logGet(46)) - raft.server.staging.catchup.gap = 1000 (default)
2023-05-17 09:09:12,121 [8889e818-58f8-49f9-ac5f-461eb7b79d1e@group-2016E4EFE846-LeaderElection5] INFO  server.RaftServerConfigKeys (ConfUtils.java:logGet(46)) - raft.server.write.element-limit = 1024 (custom)
2023-05-17 09:09:12,121 [8889e818-58f8-49f9-ac5f-461eb7b79d1e@group-2016E4EFE846-LeaderElection5] INFO  server.RaftServerConfigKeys (ConfUtils.java:logGet(46)) - raft.server.write.byte-limit = 1024 M (=1073741824) (custom)
2023-05-17 09:09:12,122 [8889e818-58f8-49f9-ac5f-461eb7b79d1e@group-2016E4EFE846-LeaderElection5] INFO  server.RaftServerConfigKeys (ConfUtils.java:logGet(46)) - raft.server.watch.timeout = 180s (custom)
2023-05-17 09:09:12,122 [8889e818-58f8-49f9-ac5f-461eb7b79d1e@group-2016E4EFE846-LeaderElection5] INFO  server.RaftServerConfigKeys (ConfUtils.java:logGet(46)) - raft.server.watch.timeout.denomination = 1s (default)
2023-05-17 09:09:12,122 [8889e818-58f8-49f9-ac5f-461eb7b79d1e@group-2016E4EFE846-LeaderElection5] INFO  server.RaftServerConfigKeys (ConfUtils.java:logGet(46)) - raft.server.watch.element-limit = 65536 (default)
2023-05-17 09:09:12,122 [8889e818-58f8-49f9-ac5f-461eb7b79d1e@group-2016E4EFE846-LeaderElection5] INFO  server.RaftServerConfigKeys (ConfUtils.java:logGet(46)) - raft.server.write.element-limit = 1024 (custom)
2023-05-17 09:09:12,122 [8889e818-58f8-49f9-ac5f-461eb7b79d1e@group-2016E4EFE846-LeaderElection5] INFO  server.RaftServerConfigKeys (ConfUtils.java:logGet(46)) - raft.server.write.follower.gap.ratio.max = -1.0 (default)
2023-05-17 09:09:12,122 [8889e818-58f8-49f9-ac5f-461eb7b79d1e@group-2016E4EFE846-LeaderElection5] INFO  impl.RoleInfo (RoleInfo.java:updateAndGet(139)) - 8889e818-58f8-49f9-ac5f-461eb7b79d1e: start 8889e818-58f8-49f9-ac5f-461eb7b79d1e@group-2016E4EFE846-LeaderStateImpl
2023-05-17 09:09:12,123 [8889e818-58f8-49f9-ac5f-461eb7b79d1e@group-2016E4EFE846-LeaderElection5] INFO  segmented.SegmentedRaftLogWorker (SegmentedRaftLogWorker.java:startLogSegment(447)) - 8889e818-58f8-49f9-ac5f-461eb7b79d1e@group-2016E4EFE846-SegmentedRaftLogWorker: Starting segment from index:0
2023-05-17 09:09:12,129 [8889e818-58f8-49f9-ac5f-461eb7b79d1e@group-2016E4EFE846-SegmentedRaftLogWorker] INFO  segmented.SegmentedRaftLogWorker (SegmentedRaftLogWorker.java:execute(651)) - 8889e818-58f8-49f9-ac5f-461eb7b79d1e@group-2016E4EFE846-SegmentedRaftLogWorker: created new log segment /home/runner/work/ozone/ozone/hadoop-ozone/integration-test/target/test-dir/MiniOzoneClusterImpl-21d14123-a168-44a2-bc0a-ee93e32dcc9b/datanode-2/data/ratis/ea7df653-4449-4e32-8b1e-2016e4efe846/current/log_inprogress_0
2023-05-17 09:09:12,129 [8889e818-58f8-49f9-ac5f-461eb7b79d1e@group-2016E4EFE846-LeaderElection5] INFO  server.RaftServer$Division (ServerState.java:setRaftConf(434)) - 8889e818-58f8-49f9-ac5f-461eb7b79d1e@group-2016E4EFE846: set configuration 0: peers:[8889e818-58f8-49f9-ac5f-461eb7b79d1e|rpc:10.1.0.64:15029|admin:10.1.0.64:15028|client:10.1.0.64:15027|dataStream:10.1.0.64:15030|priority:1|startupRole:FOLLOWER]|listeners:[], old=null
2023-05-17 09:09:12,205 [67f04e2a-34cd-4ea0-b74b-c8cb5d6f4ea5@group-1563067D893C-FollowerState] INFO  impl.FollowerState (FollowerState.java:run(143)) - 67f04e2a-34cd-4ea0-b74b-c8cb5d6f4ea5@group-1563067D893C-FollowerState: change to CANDIDATE, lastRpcElapsedTime:5056238394ns, electionTimeout:5055ms
2023-05-17 09:09:12,206 [67f04e2a-34cd-4ea0-b74b-c8cb5d6f4ea5@group-1563067D893C-FollowerState] INFO  impl.RoleInfo (RoleInfo.java:shutdownFollowerState(110)) - 67f04e2a-34cd-4ea0-b74b-c8cb5d6f4ea5: shutdown 67f04e2a-34cd-4ea0-b74b-c8cb5d6f4ea5@group-1563067D893C-FollowerState
2023-05-17 09:09:12,206 [67f04e2a-34cd-4ea0-b74b-c8cb5d6f4ea5@group-1563067D893C-FollowerState] INFO  server.RaftServer$Division (RaftServerImpl.java:setRole(329)) - 67f04e2a-34cd-4ea0-b74b-c8cb5d6f4ea5@group-1563067D893C: changes role from  FOLLOWER to CANDIDATE at term 0 for changeToCandidate
2023-05-17 09:09:12,206 [67f04e2a-34cd-4ea0-b74b-c8cb5d6f4ea5@group-1563067D893C-FollowerState] INFO  server.RaftServerConfigKeys (ConfUtils.java:logGet(46)) - raft.server.leaderelection.pre-vote = true (default)
2023-05-17 09:09:12,206 [67f04e2a-34cd-4ea0-b74b-c8cb5d6f4ea5@group-1563067D893C-FollowerState] INFO  impl.RoleInfo (RoleInfo.java:updateAndGet(139)) - 67f04e2a-34cd-4ea0-b74b-c8cb5d6f4ea5: start 67f04e2a-34cd-4ea0-b74b-c8cb5d6f4ea5@group-1563067D893C-LeaderElection6
2023-05-17 09:09:12,208 [8889e818-58f8-49f9-ac5f-461eb7b79d1e@group-1563067D893C-FollowerState] INFO  impl.FollowerState (FollowerState.java:run(143)) - 8889e818-58f8-49f9-ac5f-461eb7b79d1e@group-1563067D893C-FollowerState: change to CANDIDATE, lastRpcElapsedTime:5154966235ns, electionTimeout:5144ms
2023-05-17 09:09:12,210 [8889e818-58f8-49f9-ac5f-461eb7b79d1e@group-1563067D893C-FollowerState] INFO  impl.RoleInfo (RoleInfo.java:shutdownFollowerState(110)) - 8889e818-58f8-49f9-ac5f-461eb7b79d1e: shutdown 8889e818-58f8-49f9-ac5f-461eb7b79d1e@group-1563067D893C-FollowerState
2023-05-17 09:09:12,211 [8889e818-58f8-49f9-ac5f-461eb7b79d1e@group-1563067D893C-FollowerState] INFO  server.RaftServer$Division (RaftServerImpl.java:setRole(329)) - 8889e818-58f8-49f9-ac5f-461eb7b79d1e@group-1563067D893C: changes role from  FOLLOWER to CANDIDATE at term 0 for changeToCandidate
2023-05-17 09:09:12,211 [8889e818-58f8-49f9-ac5f-461eb7b79d1e@group-1563067D893C-FollowerState] INFO  server.RaftServerConfigKeys (ConfUtils.java:logGet(46)) - raft.server.leaderelection.pre-vote = true (default)
2023-05-17 09:09:12,211 [8889e818-58f8-49f9-ac5f-461eb7b79d1e@group-1563067D893C-FollowerState] INFO  impl.RoleInfo (RoleInfo.java:updateAndGet(139)) - 8889e818-58f8-49f9-ac5f-461eb7b79d1e: start 8889e818-58f8-49f9-ac5f-461eb7b79d1e@group-1563067D893C-LeaderElection7
2023-05-17 09:09:12,211 [67f04e2a-34cd-4ea0-b74b-c8cb5d6f4ea5@group-1563067D893C-LeaderElection6] INFO  impl.LeaderElection (LeaderElection.java:askForVotes(321)) - 67f04e2a-34cd-4ea0-b74b-c8cb5d6f4ea5@group-1563067D893C-LeaderElection6 PRE_VOTE round 0: submit vote requests at term 0 for -1: peers:[8889e818-58f8-49f9-ac5f-461eb7b79d1e|rpc:10.1.0.64:15029|admin:10.1.0.64:15028|client:10.1.0.64:15027|dataStream:10.1.0.64:15030|priority:1|startupRole:FOLLOWER, b2525f4f-bdf5-4dd0-b826-cbccdc8ecebe|rpc:10.1.0.64:15021|admin:10.1.0.64:15020|client:10.1.0.64:15019|dataStream:10.1.0.64:15022|priority:0|startupRole:FOLLOWER, 67f04e2a-34cd-4ea0-b74b-c8cb5d6f4ea5|rpc:10.1.0.64:15013|admin:10.1.0.64:15012|client:10.1.0.64:15011|dataStream:10.1.0.64:15014|priority:0|startupRole:FOLLOWER]|listeners:[], old=null
2023-05-17 09:09:12,214 [67f04e2a-34cd-4ea0-b74b-c8cb5d6f4ea5@group-1563067D893C-LeaderElection6] INFO  server.RaftServerConfigKeys (ConfUtils.java:logFallback(53)) - raft.server.rpc.first-election.timeout.min = 5s (fallback to raft.server.rpc.timeout.min)
2023-05-17 09:09:12,215 [67f04e2a-34cd-4ea0-b74b-c8cb5d6f4ea5@group-1563067D893C-LeaderElection6] INFO  server.RaftServerConfigKeys (ConfUtils.java:logFallback(53)) - raft.server.rpc.first-election.timeout.max = 5200ms (fallback to raft.server.rpc.timeout.max)
2023-05-17 09:09:12,222 [8889e818-58f8-49f9-ac5f-461eb7b79d1e@group-1563067D893C-LeaderElection7] INFO  impl.LeaderElection (LeaderElection.java:askForVotes(321)) - 8889e818-58f8-49f9-ac5f-461eb7b79d1e@group-1563067D893C-LeaderElection7 PRE_VOTE round 0: submit vote requests at term 0 for -1: peers:[8889e818-58f8-49f9-ac5f-461eb7b79d1e|rpc:10.1.0.64:15029|admin:10.1.0.64:15028|client:10.1.0.64:15027|dataStream:10.1.0.64:15030|priority:1|startupRole:FOLLOWER, b2525f4f-bdf5-4dd0-b826-cbccdc8ecebe|rpc:10.1.0.64:15021|admin:10.1.0.64:15020|client:10.1.0.64:15019|dataStream:10.1.0.64:15022|priority:0|startupRole:FOLLOWER, 67f04e2a-34cd-4ea0-b74b-c8cb5d6f4ea5|rpc:10.1.0.64:15013|admin:10.1.0.64:15012|client:10.1.0.64:15011|dataStream:10.1.0.64:15014|priority:0|startupRole:FOLLOWER]|listeners:[], old=null
2023-05-17 09:09:12,223 [8889e818-58f8-49f9-ac5f-461eb7b79d1e@group-1563067D893C-LeaderElection7-1] INFO  server.GrpcServerProtocolClient (GrpcServerProtocolClient.java:<init>(65)) - Build channel for b2525f4f-bdf5-4dd0-b826-cbccdc8ecebe
2023-05-17 09:09:12,225 [8889e818-58f8-49f9-ac5f-461eb7b79d1e@group-1563067D893C-LeaderElection7] INFO  server.RaftServerConfigKeys (ConfUtils.java:logFallback(53)) - raft.server.rpc.first-election.timeout.min = 5s (fallback to raft.server.rpc.timeout.min)
2023-05-17 09:09:12,226 [8889e818-58f8-49f9-ac5f-461eb7b79d1e@group-1563067D893C-LeaderElection7] INFO  server.RaftServerConfigKeys (ConfUtils.java:logFallback(53)) - raft.server.rpc.first-election.timeout.max = 5200ms (fallback to raft.server.rpc.timeout.max)
2023-05-17 09:09:12,230 [8889e818-58f8-49f9-ac5f-461eb7b79d1e@group-1563067D893C-LeaderElection7-2] INFO  server.GrpcServerProtocolClient (GrpcServerProtocolClient.java:<init>(65)) - Build channel for 67f04e2a-34cd-4ea0-b74b-c8cb5d6f4ea5
2023-05-17 09:09:12,236 [grpc-default-executor-1] INFO  server.RaftServer$Division (RaftServerImpl.java:requestVote(1302)) - 8889e818-58f8-49f9-ac5f-461eb7b79d1e@group-1563067D893C: receive requestVote(PRE_VOTE, 67f04e2a-34cd-4ea0-b74b-c8cb5d6f4ea5, group-1563067D893C, 0, (t:0, i:0))
2023-05-17 09:09:12,236 [grpc-default-executor-1] INFO  impl.VoteContext (VoteContext.java:log(49)) - 8889e818-58f8-49f9-ac5f-461eb7b79d1e@group-1563067D893C-CANDIDATE: reject PRE_VOTE from 67f04e2a-34cd-4ea0-b74b-c8cb5d6f4ea5: our priority 1 > candidate's priority 0
2023-05-17 09:09:12,236 [grpc-default-executor-1] INFO  server.RaftServer$Division (RaftServerImpl.java:requestVote(1335)) - 8889e818-58f8-49f9-ac5f-461eb7b79d1e@group-1563067D893C replies to PRE_VOTE vote request: 67f04e2a-34cd-4ea0-b74b-c8cb5d6f4ea5<-8889e818-58f8-49f9-ac5f-461eb7b79d1e#0:FAIL-t0. Peer's state: 8889e818-58f8-49f9-ac5f-461eb7b79d1e@group-1563067D893C:t0, leader=null, voted=, raftlog=Memoized:8889e818-58f8-49f9-ac5f-461eb7b79d1e@group-1563067D893C-SegmentedRaftLog:OPENED:c-1, conf=-1: peers:[8889e818-58f8-49f9-ac5f-461eb7b79d1e|rpc:10.1.0.64:15029|admin:10.1.0.64:15028|client:10.1.0.64:15027|dataStream:10.1.0.64:15030|priority:1|startupRole:FOLLOWER, b2525f4f-bdf5-4dd0-b826-cbccdc8ecebe|rpc:10.1.0.64:15021|admin:10.1.0.64:15020|client:10.1.0.64:15019|dataStream:10.1.0.64:15022|priority:0|startupRole:FOLLOWER, 67f04e2a-34cd-4ea0-b74b-c8cb5d6f4ea5|rpc:10.1.0.64:15013|admin:10.1.0.64:15012|client:10.1.0.64:15011|dataStream:10.1.0.64:15014|priority:0|startupRole:FOLLOWER]|listeners:[], old=null
2023-05-17 09:09:12,238 [67f04e2a-34cd-4ea0-b74b-c8cb5d6f4ea5@group-1563067D893C-LeaderElection6] INFO  impl.LeaderElection (LeaderElection.java:logAndReturn(90)) - 67f04e2a-34cd-4ea0-b74b-c8cb5d6f4ea5@group-1563067D893C-LeaderElection6: PRE_VOTE REJECTED received 1 response(s) and 0 exception(s):
2023-05-17 09:09:12,238 [67f04e2a-34cd-4ea0-b74b-c8cb5d6f4ea5@group-1563067D893C-LeaderElection6] INFO  impl.LeaderElection (LeaderElection.java:logAndReturn(94)) -   Response 0: 67f04e2a-34cd-4ea0-b74b-c8cb5d6f4ea5<-8889e818-58f8-49f9-ac5f-461eb7b79d1e#0:FAIL-t0
2023-05-17 09:09:12,238 [67f04e2a-34cd-4ea0-b74b-c8cb5d6f4ea5@group-1563067D893C-LeaderElection6] INFO  impl.LeaderElection (LeaderElection.java:askForVotes(323)) - 67f04e2a-34cd-4ea0-b74b-c8cb5d6f4ea5@group-1563067D893C-LeaderElection6 PRE_VOTE round 0: result REJECTED
2023-05-17 09:09:12,238 [67f04e2a-34cd-4ea0-b74b-c8cb5d6f4ea5@group-1563067D893C-LeaderElection6] INFO  server.RaftServer$Division (RaftServerImpl.java:setRole(329)) - 67f04e2a-34cd-4ea0-b74b-c8cb5d6f4ea5@group-1563067D893C: changes role from CANDIDATE to FOLLOWER at term 0 for REJECTED
2023-05-17 09:09:12,238 [67f04e2a-34cd-4ea0-b74b-c8cb5d6f4ea5@group-1563067D893C-LeaderElection6] INFO  impl.RoleInfo (RoleInfo.java:shutdownLeaderElection(130)) - 67f04e2a-34cd-4ea0-b74b-c8cb5d6f4ea5: shutdown 67f04e2a-34cd-4ea0-b74b-c8cb5d6f4ea5@group-1563067D893C-LeaderElection6
2023-05-17 09:09:12,238 [67f04e2a-34cd-4ea0-b74b-c8cb5d6f4ea5@group-1563067D893C-LeaderElection6] INFO  impl.RoleInfo (RoleInfo.java:updateAndGet(139)) - 67f04e2a-34cd-4ea0-b74b-c8cb5d6f4ea5: start 67f04e2a-34cd-4ea0-b74b-c8cb5d6f4ea5@group-1563067D893C-FollowerState
2023-05-17 09:09:12,261 [grpc-default-executor-1] INFO  server.RaftServer$Division (RaftServerImpl.java:requestVote(1302)) - b2525f4f-bdf5-4dd0-b826-cbccdc8ecebe@group-1563067D893C: receive requestVote(PRE_VOTE, 67f04e2a-34cd-4ea0-b74b-c8cb5d6f4ea5, group-1563067D893C, 0, (t:0, i:0))
2023-05-17 09:09:12,261 [grpc-default-executor-1] INFO  impl.VoteContext (VoteContext.java:log(49)) - b2525f4f-bdf5-4dd0-b826-cbccdc8ecebe@group-1563067D893C-FOLLOWER: accept PRE_VOTE from 67f04e2a-34cd-4ea0-b74b-c8cb5d6f4ea5: our priority 0 <= candidate's priority 0
2023-05-17 09:09:12,262 [grpc-default-executor-1] INFO  server.RaftServer$Division (RaftServerImpl.java:requestVote(1335)) - b2525f4f-bdf5-4dd0-b826-cbccdc8ecebe@group-1563067D893C replies to PRE_VOTE vote request: 67f04e2a-34cd-4ea0-b74b-c8cb5d6f4ea5<-b2525f4f-bdf5-4dd0-b826-cbccdc8ecebe#0:OK-t0. Peer's state: b2525f4f-bdf5-4dd0-b826-cbccdc8ecebe@group-1563067D893C:t0, leader=null, voted=, raftlog=Memoized:b2525f4f-bdf5-4dd0-b826-cbccdc8ecebe@group-1563067D893C-SegmentedRaftLog:OPENED:c-1, conf=-1: peers:[8889e818-58f8-49f9-ac5f-461eb7b79d1e|rpc:10.1.0.64:15029|admin:10.1.0.64:15028|client:10.1.0.64:15027|dataStream:10.1.0.64:15030|priority:1|startupRole:FOLLOWER, b2525f4f-bdf5-4dd0-b826-cbccdc8ecebe|rpc:10.1.0.64:15021|admin:10.1.0.64:15020|client:10.1.0.64:15019|dataStream:10.1.0.64:15022|priority:0|startupRole:FOLLOWER, 67f04e2a-34cd-4ea0-b74b-c8cb5d6f4ea5|rpc:10.1.0.64:15013|admin:10.1.0.64:15012|client:10.1.0.64:15011|dataStream:10.1.0.64:15014|priority:0|startupRole:FOLLOWER]|listeners:[], old=null
2023-05-17 09:09:12,266 [grpc-default-executor-3] INFO  server.RaftServer$Division (RaftServerImpl.java:requestVote(1302)) - b2525f4f-bdf5-4dd0-b826-cbccdc8ecebe@group-1563067D893C: receive requestVote(PRE_VOTE, 8889e818-58f8-49f9-ac5f-461eb7b79d1e, group-1563067D893C, 0, (t:0, i:0))
2023-05-17 09:09:12,268 [grpc-default-executor-3] INFO  impl.VoteContext (VoteContext.java:log(49)) - b2525f4f-bdf5-4dd0-b826-cbccdc8ecebe@group-1563067D893C-FOLLOWER: accept PRE_VOTE from 8889e818-58f8-49f9-ac5f-461eb7b79d1e: our priority 0 <= candidate's priority 1
2023-05-17 09:09:12,268 [grpc-default-executor-3] INFO  server.RaftServer$Division (RaftServerImpl.java:requestVote(1335)) - b2525f4f-bdf5-4dd0-b826-cbccdc8ecebe@group-1563067D893C replies to PRE_VOTE vote request: 8889e818-58f8-49f9-ac5f-461eb7b79d1e<-b2525f4f-bdf5-4dd0-b826-cbccdc8ecebe#0:OK-t0. Peer's state: b2525f4f-bdf5-4dd0-b826-cbccdc8ecebe@group-1563067D893C:t0, leader=null, voted=, raftlog=Memoized:b2525f4f-bdf5-4dd0-b826-cbccdc8ecebe@group-1563067D893C-SegmentedRaftLog:OPENED:c-1, conf=-1: peers:[8889e818-58f8-49f9-ac5f-461eb7b79d1e|rpc:10.1.0.64:15029|admin:10.1.0.64:15028|client:10.1.0.64:15027|dataStream:10.1.0.64:15030|priority:1|startupRole:FOLLOWER, b2525f4f-bdf5-4dd0-b826-cbccdc8ecebe|rpc:10.1.0.64:15021|admin:10.1.0.64:15020|client:10.1.0.64:15019|dataStream:10.1.0.64:15022|priority:0|startupRole:FOLLOWER, 67f04e2a-34cd-4ea0-b74b-c8cb5d6f4ea5|rpc:10.1.0.64:15013|admin:10.1.0.64:15012|client:10.1.0.64:15011|dataStream:10.1.0.64:15014|priority:0|startupRole:FOLLOWER]|listeners:[], old=null
2023-05-17 09:09:12,274 [8889e818-58f8-49f9-ac5f-461eb7b79d1e@group-1563067D893C-LeaderElection7] INFO  impl.LeaderElection (LeaderElection.java:logAndReturn(90)) - 8889e818-58f8-49f9-ac5f-461eb7b79d1e@group-1563067D893C-LeaderElection7: PRE_VOTE PASSED received 1 response(s) and 0 exception(s):
2023-05-17 09:09:12,274 [8889e818-58f8-49f9-ac5f-461eb7b79d1e@group-1563067D893C-LeaderElection7] INFO  impl.LeaderElection (LeaderElection.java:logAndReturn(94)) -   Response 0: 8889e818-58f8-49f9-ac5f-461eb7b79d1e<-b2525f4f-bdf5-4dd0-b826-cbccdc8ecebe#0:OK-t0
2023-05-17 09:09:12,275 [8889e818-58f8-49f9-ac5f-461eb7b79d1e@group-1563067D893C-LeaderElection7] INFO  impl.LeaderElection (LeaderElection.java:askForVotes(323)) - 8889e818-58f8-49f9-ac5f-461eb7b79d1e@group-1563067D893C-LeaderElection7 PRE_VOTE round 0: result PASSED
2023-05-17 09:09:12,278 [8889e818-58f8-49f9-ac5f-461eb7b79d1e@group-1563067D893C-LeaderElection7] INFO  impl.LeaderElection (LeaderElection.java:askForVotes(321)) - 8889e818-58f8-49f9-ac5f-461eb7b79d1e@group-1563067D893C-LeaderElection7 ELECTION round 0: submit vote requests at term 1 for -1: peers:[8889e818-58f8-49f9-ac5f-461eb7b79d1e|rpc:10.1.0.64:15029|admin:10.1.0.64:15028|client:10.1.0.64:15027|dataStream:10.1.0.64:15030|priority:1|startupRole:FOLLOWER, b2525f4f-bdf5-4dd0-b826-cbccdc8ecebe|rpc:10.1.0.64:15021|admin:10.1.0.64:15020|client:10.1.0.64:15019|dataStream:10.1.0.64:15022|priority:0|startupRole:FOLLOWER, 67f04e2a-34cd-4ea0-b74b-c8cb5d6f4ea5|rpc:10.1.0.64:15013|admin:10.1.0.64:15012|client:10.1.0.64:15011|dataStream:10.1.0.64:15014|priority:0|startupRole:FOLLOWER]|listeners:[], old=null
2023-05-17 09:09:12,278 [grpc-default-executor-3] INFO  server.RaftServer$Division (RaftServerImpl.java:requestVote(1302)) - 67f04e2a-34cd-4ea0-b74b-c8cb5d6f4ea5@group-1563067D893C: receive requestVote(PRE_VOTE, 8889e818-58f8-49f9-ac5f-461eb7b79d1e, group-1563067D893C, 0, (t:0, i:0))
2023-05-17 09:09:12,279 [grpc-default-executor-3] INFO  impl.VoteContext (VoteContext.java:log(49)) - 67f04e2a-34cd-4ea0-b74b-c8cb5d6f4ea5@group-1563067D893C-FOLLOWER: accept PRE_VOTE from 8889e818-58f8-49f9-ac5f-461eb7b79d1e: our priority 0 <= candidate's priority 1
2023-05-17 09:09:12,279 [grpc-default-executor-3] INFO  server.RaftServer$Division (RaftServerImpl.java:requestVote(1335)) - 67f04e2a-34cd-4ea0-b74b-c8cb5d6f4ea5@group-1563067D893C replies to PRE_VOTE vote request: 8889e818-58f8-49f9-ac5f-461eb7b79d1e<-67f04e2a-34cd-4ea0-b74b-c8cb5d6f4ea5#0:OK-t0. Peer's state: 67f04e2a-34cd-4ea0-b74b-c8cb5d6f4ea5@group-1563067D893C:t0, leader=null, voted=, raftlog=Memoized:67f04e2a-34cd-4ea0-b74b-c8cb5d6f4ea5@group-1563067D893C-SegmentedRaftLog:OPENED:c-1, conf=-1: peers:[8889e818-58f8-49f9-ac5f-461eb7b79d1e|rpc:10.1.0.64:15029|admin:10.1.0.64:15028|client:10.1.0.64:15027|dataStream:10.1.0.64:15030|priority:1|startupRole:FOLLOWER, b2525f4f-bdf5-4dd0-b826-cbccdc8ecebe|rpc:10.1.0.64:15021|admin:10.1.0.64:15020|client:10.1.0.64:15019|dataStream:10.1.0.64:15022|priority:0|startupRole:FOLLOWER, 67f04e2a-34cd-4ea0-b74b-c8cb5d6f4ea5|rpc:10.1.0.64:15013|admin:10.1.0.64:15012|client:10.1.0.64:15011|dataStream:10.1.0.64:15014|priority:0|startupRole:FOLLOWER]|listeners:[], old=null
2023-05-17 09:09:12,281 [8889e818-58f8-49f9-ac5f-461eb7b79d1e@group-1563067D893C-LeaderElection7] INFO  server.RaftServerConfigKeys (ConfUtils.java:logFallback(53)) - raft.server.rpc.first-election.timeout.min = 5s (fallback to raft.server.rpc.timeout.min)
2023-05-17 09:09:12,281 [8889e818-58f8-49f9-ac5f-461eb7b79d1e@group-1563067D893C-LeaderElection7] INFO  server.RaftServerConfigKeys (ConfUtils.java:logFallback(53)) - raft.server.rpc.first-election.timeout.max = 5200ms (fallback to raft.server.rpc.timeout.max)
2023-05-17 09:09:12,283 [grpc-default-executor-3] INFO  server.RaftServer$Division (RaftServerImpl.java:requestVote(1302)) - b2525f4f-bdf5-4dd0-b826-cbccdc8ecebe@group-1563067D893C: receive requestVote(ELECTION, 8889e818-58f8-49f9-ac5f-461eb7b79d1e, group-1563067D893C, 1, (t:0, i:0))
2023-05-17 09:09:12,284 [grpc-default-executor-3] INFO  impl.VoteContext (VoteContext.java:log(49)) - b2525f4f-bdf5-4dd0-b826-cbccdc8ecebe@group-1563067D893C-FOLLOWER: accept ELECTION from 8889e818-58f8-49f9-ac5f-461eb7b79d1e: our priority 0 <= candidate's priority 1
2023-05-17 09:09:12,285 [grpc-default-executor-3] INFO  server.RaftServer$Division (RaftServerImpl.java:setRole(329)) - b2525f4f-bdf5-4dd0-b826-cbccdc8ecebe@group-1563067D893C: changes role from  FOLLOWER to FOLLOWER at term 1 for candidate:8889e818-58f8-49f9-ac5f-461eb7b79d1e
2023-05-17 09:09:12,285 [grpc-default-executor-3] INFO  impl.RoleInfo (RoleInfo.java:shutdownFollowerState(110)) - b2525f4f-bdf5-4dd0-b826-cbccdc8ecebe: shutdown b2525f4f-bdf5-4dd0-b826-cbccdc8ecebe@group-1563067D893C-FollowerState
2023-05-17 09:09:12,285 [grpc-default-executor-3] INFO  impl.RoleInfo (RoleInfo.java:updateAndGet(139)) - b2525f4f-bdf5-4dd0-b826-cbccdc8ecebe: start b2525f4f-bdf5-4dd0-b826-cbccdc8ecebe@group-1563067D893C-FollowerState
2023-05-17 09:09:12,285 [b2525f4f-bdf5-4dd0-b826-cbccdc8ecebe@group-1563067D893C-FollowerState] INFO  impl.FollowerState (FollowerState.java:run(152)) - b2525f4f-bdf5-4dd0-b826-cbccdc8ecebe@group-1563067D893C-FollowerState was interrupted
2023-05-17 09:09:12,290 [grpc-default-executor-3] INFO  server.RaftServer$Division (RaftServerImpl.java:requestVote(1335)) - b2525f4f-bdf5-4dd0-b826-cbccdc8ecebe@group-1563067D893C replies to ELECTION vote request: 8889e818-58f8-49f9-ac5f-461eb7b79d1e<-b2525f4f-bdf5-4dd0-b826-cbccdc8ecebe#0:OK-t1. Peer's state: b2525f4f-bdf5-4dd0-b826-cbccdc8ecebe@group-1563067D893C:t1, leader=null, voted=8889e818-58f8-49f9-ac5f-461eb7b79d1e, raftlog=Memoized:b2525f4f-bdf5-4dd0-b826-cbccdc8ecebe@group-1563067D893C-SegmentedRaftLog:OPENED:c-1, conf=-1: peers:[8889e818-58f8-49f9-ac5f-461eb7b79d1e|rpc:10.1.0.64:15029|admin:10.1.0.64:15028|client:10.1.0.64:15027|dataStream:10.1.0.64:15030|priority:1|startupRole:FOLLOWER, b2525f4f-bdf5-4dd0-b826-cbccdc8ecebe|rpc:10.1.0.64:15021|admin:10.1.0.64:15020|client:10.1.0.64:15019|dataStream:10.1.0.64:15022|priority:0|startupRole:FOLLOWER, 67f04e2a-34cd-4ea0-b74b-c8cb5d6f4ea5|rpc:10.1.0.64:15013|admin:10.1.0.64:15012|client:10.1.0.64:15011|dataStream:10.1.0.64:15014|priority:0|startupRole:FOLLOWER]|listeners:[], old=null
2023-05-17 09:09:12,294 [8889e818-58f8-49f9-ac5f-461eb7b79d1e@group-1563067D893C-LeaderElection7] INFO  impl.LeaderElection (LeaderElection.java:logAndReturn(90)) - 8889e818-58f8-49f9-ac5f-461eb7b79d1e@group-1563067D893C-LeaderElection7: ELECTION PASSED received 1 response(s) and 0 exception(s):
2023-05-17 09:09:12,294 [8889e818-58f8-49f9-ac5f-461eb7b79d1e@group-1563067D893C-LeaderElection7] INFO  impl.LeaderElection (LeaderElection.java:logAndReturn(94)) -   Response 0: 8889e818-58f8-49f9-ac5f-461eb7b79d1e<-b2525f4f-bdf5-4dd0-b826-cbccdc8ecebe#0:OK-t1
2023-05-17 09:09:12,294 [8889e818-58f8-49f9-ac5f-461eb7b79d1e@group-1563067D893C-LeaderElection7] INFO  impl.LeaderElection (LeaderElection.java:askForVotes(323)) - 8889e818-58f8-49f9-ac5f-461eb7b79d1e@group-1563067D893C-LeaderElection7 ELECTION round 0: result PASSED
2023-05-17 09:09:12,294 [8889e818-58f8-49f9-ac5f-461eb7b79d1e@group-1563067D893C-LeaderElection7] INFO  impl.RoleInfo (RoleInfo.java:shutdownLeaderElection(130)) - 8889e818-58f8-49f9-ac5f-461eb7b79d1e: shutdown 8889e818-58f8-49f9-ac5f-461eb7b79d1e@group-1563067D893C-LeaderElection7
2023-05-17 09:09:12,294 [8889e818-58f8-49f9-ac5f-461eb7b79d1e@group-1563067D893C-LeaderElection7] INFO  server.RaftServer$Division (RaftServerImpl.java:setRole(329)) - 8889e818-58f8-49f9-ac5f-461eb7b79d1e@group-1563067D893C: changes role from CANDIDATE to LEADER at term 1 for changeToLeader
2023-05-17 09:09:12,294 [8889e818-58f8-49f9-ac5f-461eb7b79d1e@group-1563067D893C-LeaderElection7] INFO  ratis.XceiverServerRatis (XceiverServerRatis.java:handleLeaderChangedNotification(904)) - Leader change notification received for group: group-1563067D893C with new leaderId: 8889e818-58f8-49f9-ac5f-461eb7b79d1e
2023-05-17 09:09:12,294 [8889e818-58f8-49f9-ac5f-461eb7b79d1e@group-1563067D893C-LeaderElection7] INFO  server.RaftServer$Division (ServerState.java:setLeader(317)) - 8889e818-58f8-49f9-ac5f-461eb7b79d1e@group-1563067D893C: change Leader from null to 8889e818-58f8-49f9-ac5f-461eb7b79d1e at term 1 for becomeLeader, leader elected after 5342ms
2023-05-17 09:09:12,294 [8889e818-58f8-49f9-ac5f-461eb7b79d1e@group-1563067D893C-LeaderElection7] INFO  server.RaftServerConfigKeys (ConfUtils.java:logGet(46)) - raft.server.staging.catchup.gap = 1000 (default)
2023-05-17 09:09:12,296 [grpc-default-executor-3] INFO  server.RaftServer$Division (RaftServerImpl.java:requestVote(1302)) - 67f04e2a-34cd-4ea0-b74b-c8cb5d6f4ea5@group-1563067D893C: receive requestVote(ELECTION, 8889e818-58f8-49f9-ac5f-461eb7b79d1e, group-1563067D893C, 1, (t:0, i:0))
2023-05-17 09:09:12,297 [grpc-default-executor-3] INFO  impl.VoteContext (VoteContext.java:log(49)) - 67f04e2a-34cd-4ea0-b74b-c8cb5d6f4ea5@group-1563067D893C-FOLLOWER: accept ELECTION from 8889e818-58f8-49f9-ac5f-461eb7b79d1e: our priority 0 <= candidate's priority 1
2023-05-17 09:09:12,297 [grpc-default-executor-3] INFO  server.RaftServer$Division (RaftServerImpl.java:setRole(329)) - 67f04e2a-34cd-4ea0-b74b-c8cb5d6f4ea5@group-1563067D893C: changes role from  FOLLOWER to FOLLOWER at term 1 for candidate:8889e818-58f8-49f9-ac5f-461eb7b79d1e
2023-05-17 09:09:12,297 [grpc-default-executor-3] INFO  impl.RoleInfo (RoleInfo.java:shutdownFollowerState(110)) - 67f04e2a-34cd-4ea0-b74b-c8cb5d6f4ea5: shutdown 67f04e2a-34cd-4ea0-b74b-c8cb5d6f4ea5@group-1563067D893C-FollowerState
2023-05-17 09:09:12,297 [grpc-default-executor-3] INFO  impl.RoleInfo (RoleInfo.java:updateAndGet(139)) - 67f04e2a-34cd-4ea0-b74b-c8cb5d6f4ea5: start 67f04e2a-34cd-4ea0-b74b-c8cb5d6f4ea5@group-1563067D893C-FollowerState
2023-05-17 09:09:12,297 [67f04e2a-34cd-4ea0-b74b-c8cb5d6f4ea5@group-1563067D893C-FollowerState] INFO  impl.FollowerState (FollowerState.java:run(152)) - 67f04e2a-34cd-4ea0-b74b-c8cb5d6f4ea5@group-1563067D893C-FollowerState was interrupted
2023-05-17 09:09:12,298 [EventQueue-PipelineReportForPipelineReportHandler] INFO  pipeline.PipelineManagerImpl (PipelineManagerImpl.java:openPipeline(367)) - Pipeline Pipeline[ Id: 013071ba-bc44-452e-b620-1563067d893c, Nodes: 8889e818-58f8-49f9-ac5f-461eb7b79d1e(fv-az41-747.zje5jq5y5x4uznwvdkgxk4wc2h.cx.internal.cloudapp.net/10.1.0.64)67f04e2a-34cd-4ea0-b74b-c8cb5d6f4ea5(fv-az41-747.zje5jq5y5x4uznwvdkgxk4wc2h.cx.internal.cloudapp.net/10.1.0.64)b2525f4f-bdf5-4dd0-b826-cbccdc8ecebe(fv-az41-747.zje5jq5y5x4uznwvdkgxk4wc2h.cx.internal.cloudapp.net/10.1.0.64), ReplicationConfig: RATIS/THREE, State:ALLOCATED, leaderId:8889e818-58f8-49f9-ac5f-461eb7b79d1e, CreationTimestamp2023-05-17T09:09:03.880Z[Etc/UTC]] moved to OPEN state
2023-05-17 09:09:12,299 [8889e818-58f8-49f9-ac5f-461eb7b79d1e@group-1563067D893C-LeaderElection7] INFO  server.RaftServerConfigKeys (ConfUtils.java:logGet(46)) - raft.server.write.element-limit = 1024 (custom)
2023-05-17 09:09:12,299 [8889e818-58f8-49f9-ac5f-461eb7b79d1e@group-1563067D893C-LeaderElection7] INFO  server.RaftServerConfigKeys (ConfUtils.java:logGet(46)) - raft.server.write.byte-limit = 1024 M (=1073741824) (custom)
2023-05-17 09:09:12,299 [8889e818-58f8-49f9-ac5f-461eb7b79d1e@group-1563067D893C-LeaderElection7] INFO  server.RaftServerConfigKeys (ConfUtils.java:logGet(46)) - raft.server.watch.timeout = 180s (custom)
2023-05-17 09:09:12,299 [8889e818-58f8-49f9-ac5f-461eb7b79d1e@group-1563067D893C-LeaderElection7] INFO  server.RaftServerConfigKeys (ConfUtils.java:logGet(46)) - raft.server.watch.timeout.denomination = 1s (default)
2023-05-17 09:09:12,299 [8889e818-58f8-49f9-ac5f-461eb7b79d1e@group-1563067D893C-LeaderElection7] INFO  server.RaftServerConfigKeys (ConfUtils.java:logGet(46)) - raft.server.watch.element-limit = 65536 (default)
2023-05-17 09:09:12,299 [8889e818-58f8-49f9-ac5f-461eb7b79d1e@group-1563067D893C-LeaderElection7] INFO  server.RaftServerConfigKeys (ConfUtils.java:logGet(46)) - raft.server.write.element-limit = 1024 (custom)
2023-05-17 09:09:12,299 [8889e818-58f8-49f9-ac5f-461eb7b79d1e@group-1563067D893C-LeaderElection7] INFO  server.RaftServerConfigKeys (ConfUtils.java:logGet(46)) - raft.server.write.follower.gap.ratio.max = -1.0 (default)
2023-05-17 09:09:12,300 [8889e818-58f8-49f9-ac5f-461eb7b79d1e@group-1563067D893C-LeaderElection7] INFO  server.RaftServerConfigKeys (ConfUtils.java:logGet(46)) - raft.server.log.appender.snapshot.chunk.size.max = 16MB (=16777216) (default)
2023-05-17 09:09:12,300 [8889e818-58f8-49f9-ac5f-461eb7b79d1e@group-1563067D893C-LeaderElection7] INFO  server.RaftServerConfigKeys (ConfUtils.java:logGet(46)) - raft.server.log.appender.buffer.byte-limit = 33554432 (custom)
2023-05-17 09:09:12,300 [8889e818-58f8-49f9-ac5f-461eb7b79d1e@group-1563067D893C-LeaderElection7] INFO  server.RaftServerConfigKeys (ConfUtils.java:logGet(46)) - raft.server.log.appender.buffer.element-limit = 1 (custom)
2023-05-17 09:09:12,300 [8889e818-58f8-49f9-ac5f-461eb7b79d1e@group-1563067D893C-LeaderElection7] INFO  server.RaftServerConfigKeys (ConfUtils.java:logGet(46)) - raft.server.log.appender.wait-time.min = 10ms (default)
2023-05-17 09:09:12,300 [8889e818-58f8-49f9-ac5f-461eb7b79d1e@group-1563067D893C-LeaderElection7] INFO  grpc.GrpcConfigKeys (ConfUtils.java:logGet(46)) - raft.grpc.server.leader.outstanding.appends.max = 128 (default)
2023-05-17 09:09:12,300 [8889e818-58f8-49f9-ac5f-461eb7b79d1e@group-1563067D893C-LeaderElection7] INFO  server.RaftServerConfigKeys (ConfUtils.java:logGet(46)) - raft.server.rpc.request.timeout = 60s (custom)
2023-05-17 09:09:12,300 [8889e818-58f8-49f9-ac5f-461eb7b79d1e@group-1563067D893C-LeaderElection7] INFO  grpc.GrpcConfigKeys (ConfUtils.java:logGet(46)) - raft.grpc.server.install_snapshot.request.element-limit = 8 (default)
2023-05-17 09:09:12,300 [8889e818-58f8-49f9-ac5f-461eb7b79d1e@group-1563067D893C-LeaderElection7] INFO  grpc.GrpcConfigKeys (ConfUtils.java:logGet(46)) - raft.grpc.server.install_snapshot.request.timeout = 3000ms (default)
2023-05-17 09:09:12,300 [8889e818-58f8-49f9-ac5f-461eb7b79d1e@group-1563067D893C-LeaderElection7] INFO  server.RaftServerConfigKeys (ConfUtils.java:logGet(46)) - raft.server.log.appender.install.snapshot.enabled = false (custom)
2023-05-17 09:09:12,300 [8889e818-58f8-49f9-ac5f-461eb7b79d1e@group-1563067D893C-LeaderElection7] INFO  grpc.GrpcConfigKeys (ConfUtils.java:logGet(46)) - raft.grpc.server.heartbeat.channel = true (default)
2023-05-17 09:09:12,301 [8889e818-58f8-49f9-ac5f-461eb7b79d1e@group-1563067D893C-LeaderElection7] INFO  server.RaftServerConfigKeys (ConfUtils.java:logGet(46)) - raft.server.log.appender.snapshot.chunk.size.max = 16MB (=16777216) (default)
2023-05-17 09:09:12,301 [8889e818-58f8-49f9-ac5f-461eb7b79d1e@group-1563067D893C-LeaderElection7] INFO  server.RaftServerConfigKeys (ConfUtils.java:logGet(46)) - raft.server.log.appender.buffer.byte-limit = 33554432 (custom)
2023-05-17 09:09:12,301 [8889e818-58f8-49f9-ac5f-461eb7b79d1e@group-1563067D893C-LeaderElection7] INFO  server.RaftServerConfigKeys (ConfUtils.java:logGet(46)) - raft.server.log.appender.buffer.element-limit = 1 (custom)
2023-05-17 09:09:12,302 [8889e818-58f8-49f9-ac5f-461eb7b79d1e@group-1563067D893C-LeaderElection7] INFO  server.RaftServerConfigKeys (ConfUtils.java:logGet(46)) - raft.server.log.appender.wait-time.min = 10ms (default)
2023-05-17 09:09:12,302 [8889e818-58f8-49f9-ac5f-461eb7b79d1e@group-1563067D893C-LeaderElection7] INFO  grpc.GrpcConfigKeys (ConfUtils.java:logGet(46)) - raft.grpc.server.leader.outstanding.appends.max = 128 (default)
2023-05-17 09:09:12,302 [8889e818-58f8-49f9-ac5f-461eb7b79d1e@group-1563067D893C-LeaderElection7] INFO  server.RaftServerConfigKeys (ConfUtils.java:logGet(46)) - raft.server.rpc.request.timeout = 60s (custom)
2023-05-17 09:09:12,302 [8889e818-58f8-49f9-ac5f-461eb7b79d1e@group-1563067D893C-LeaderElection7] INFO  grpc.GrpcConfigKeys (ConfUtils.java:logGet(46)) - raft.grpc.server.install_snapshot.request.element-limit = 8 (default)
2023-05-17 09:09:12,302 [8889e818-58f8-49f9-ac5f-461eb7b79d1e@group-1563067D893C-LeaderElection7] INFO  grpc.GrpcConfigKeys (ConfUtils.java:logGet(46)) - raft.grpc.server.install_snapshot.request.timeout = 3000ms (default)
2023-05-17 09:09:12,302 [grpc-default-executor-3] INFO  server.RaftServer$Division (RaftServerImpl.java:requestVote(1335)) - 67f04e2a-34cd-4ea0-b74b-c8cb5d6f4ea5@group-1563067D893C replies to ELECTION vote request: 8889e818-58f8-49f9-ac5f-461eb7b79d1e<-67f04e2a-34cd-4ea0-b74b-c8cb5d6f4ea5#0:OK-t1. Peer's state: 67f04e2a-34cd-4ea0-b74b-c8cb5d6f4ea5@group-1563067D893C:t1, leader=null, voted=8889e818-58f8-49f9-ac5f-461eb7b79d1e, raftlog=Memoized:67f04e2a-34cd-4ea0-b74b-c8cb5d6f4ea5@group-1563067D893C-SegmentedRaftLog:OPENED:c-1, conf=-1: peers:[8889e818-58f8-49f9-ac5f-461eb7b79d1e|rpc:10.1.0.64:15029|admin:10.1.0.64:15028|client:10.1.0.64:15027|dataStream:10.1.0.64:15030|priority:1|startupRole:FOLLOWER, b2525f4f-bdf5-4dd0-b826-cbccdc8ecebe|rpc:10.1.0.64:15021|admin:10.1.0.64:15020|client:10.1.0.64:15019|dataStream:10.1.0.64:15022|priority:0|startupRole:FOLLOWER, 67f04e2a-34cd-4ea0-b74b-c8cb5d6f4ea5|rpc:10.1.0.64:15013|admin:10.1.0.64:15012|client:10.1.0.64:15011|dataStream:10.1.0.64:15014|priority:0|startupRole:FOLLOWER]|listeners:[], old=null
2023-05-17 09:09:12,302 [8889e818-58f8-49f9-ac5f-461eb7b79d1e@group-1563067D893C-LeaderElection7] INFO  server.RaftServerConfigKeys (ConfUtils.java:logGet(46)) - raft.server.log.appender.install.snapshot.enabled = false (custom)
2023-05-17 09:09:12,303 [8889e818-58f8-49f9-ac5f-461eb7b79d1e@group-1563067D893C-LeaderElection7] INFO  grpc.GrpcConfigKeys (ConfUtils.java:logGet(46)) - raft.grpc.server.heartbeat.channel = true (default)
2023-05-17 09:09:12,303 [8889e818-58f8-49f9-ac5f-461eb7b79d1e@group-1563067D893C-LeaderElection7] INFO  impl.RoleInfo (RoleInfo.java:updateAndGet(139)) - 8889e818-58f8-49f9-ac5f-461eb7b79d1e: start 8889e818-58f8-49f9-ac5f-461eb7b79d1e@group-1563067D893C-LeaderStateImpl
2023-05-17 09:09:12,303 [8889e818-58f8-49f9-ac5f-461eb7b79d1e@group-1563067D893C-LeaderElection7] INFO  segmented.SegmentedRaftLogWorker (SegmentedRaftLogWorker.java:startLogSegment(447)) - 8889e818-58f8-49f9-ac5f-461eb7b79d1e@group-1563067D893C-SegmentedRaftLogWorker: Starting segment from index:0
2023-05-17 09:09:12,305 [8889e818-58f8-49f9-ac5f-461eb7b79d1e@group-1563067D893C-SegmentedRaftLogWorker] INFO  segmented.SegmentedRaftLogWorker (SegmentedRaftLogWorker.java:execute(651)) - 8889e818-58f8-49f9-ac5f-461eb7b79d1e@group-1563067D893C-SegmentedRaftLogWorker: created new log segment /home/runner/work/ozone/ozone/hadoop-ozone/integration-test/target/test-dir/MiniOzoneClusterImpl-21d14123-a168-44a2-bc0a-ee93e32dcc9b/datanode-2/data/ratis/013071ba-bc44-452e-b620-1563067d893c/current/log_inprogress_0
2023-05-17 09:09:12,317 [8889e818-58f8-49f9-ac5f-461eb7b79d1e@group-1563067D893C-LeaderElection7] INFO  server.RaftServer$Division (ServerState.java:setRaftConf(434)) - 8889e818-58f8-49f9-ac5f-461eb7b79d1e@group-1563067D893C: set configuration 0: peers:[8889e818-58f8-49f9-ac5f-461eb7b79d1e|rpc:10.1.0.64:15029|admin:10.1.0.64:15028|client:10.1.0.64:15027|dataStream:10.1.0.64:15030|priority:1|startupRole:FOLLOWER, b2525f4f-bdf5-4dd0-b826-cbccdc8ecebe|rpc:10.1.0.64:15021|admin:10.1.0.64:15020|client:10.1.0.64:15019|dataStream:10.1.0.64:15022|priority:0|startupRole:FOLLOWER, 67f04e2a-34cd-4ea0-b74b-c8cb5d6f4ea5|rpc:10.1.0.64:15013|admin:10.1.0.64:15012|client:10.1.0.64:15011|dataStream:10.1.0.64:15014|priority:0|startupRole:FOLLOWER]|listeners:[], old=null
2023-05-17 09:09:12,319 [57ed5fd8-a62b-44c8-9c66-83b6d5ca8b16@group-5E59B8286B96-FollowerState] INFO  impl.FollowerState (FollowerState.java:run(143)) - 57ed5fd8-a62b-44c8-9c66-83b6d5ca8b16@group-5E59B8286B96-FollowerState: change to CANDIDATE, lastRpcElapsedTime:5100616007ns, electionTimeout:5099ms
2023-05-17 09:09:12,321 [57ed5fd8-a62b-44c8-9c66-83b6d5ca8b16@group-5E59B8286B96-FollowerState] INFO  impl.RoleInfo (RoleInfo.java:shutdownFollowerState(110)) - 57ed5fd8-a62b-44c8-9c66-83b6d5ca8b16: shutdown 57ed5fd8-a62b-44c8-9c66-83b6d5ca8b16@group-5E59B8286B96-FollowerState
2023-05-17 09:09:12,321 [57ed5fd8-a62b-44c8-9c66-83b6d5ca8b16@group-5E59B8286B96-FollowerState] INFO  server.RaftServer$Division (RaftServerImpl.java:setRole(329)) - 57ed5fd8-a62b-44c8-9c66-83b6d5ca8b16@group-5E59B8286B96: changes role from  FOLLOWER to CANDIDATE at term 0 for changeToCandidate
2023-05-17 09:09:12,321 [57ed5fd8-a62b-44c8-9c66-83b6d5ca8b16@group-5E59B8286B96-FollowerState] INFO  server.RaftServerConfigKeys (ConfUtils.java:logGet(46)) - raft.server.leaderelection.pre-vote = true (default)
2023-05-17 09:09:12,322 [57ed5fd8-a62b-44c8-9c66-83b6d5ca8b16@group-5E59B8286B96-FollowerState] INFO  impl.RoleInfo (RoleInfo.java:updateAndGet(139)) - 57ed5fd8-a62b-44c8-9c66-83b6d5ca8b16: start 57ed5fd8-a62b-44c8-9c66-83b6d5ca8b16@group-5E59B8286B96-LeaderElection8
2023-05-17 09:09:12,333 [57ed5fd8-a62b-44c8-9c66-83b6d5ca8b16@group-5E59B8286B96-LeaderElection8] INFO  impl.LeaderElection (LeaderElection.java:askForVotes(321)) - 57ed5fd8-a62b-44c8-9c66-83b6d5ca8b16@group-5E59B8286B96-LeaderElection8 PRE_VOTE round 0: submit vote requests at term 0 for -1: peers:[57ed5fd8-a62b-44c8-9c66-83b6d5ca8b16|rpc:10.1.0.64:15037|admin:10.1.0.64:15036|client:10.1.0.64:15035|dataStream:10.1.0.64:15038|priority:1|startupRole:FOLLOWER]|listeners:[], old=null
2023-05-17 09:09:12,333 [57ed5fd8-a62b-44c8-9c66-83b6d5ca8b16@group-5E59B8286B96-LeaderElection8] INFO  impl.LeaderElection (LeaderElection.java:askForVotes(323)) - 57ed5fd8-a62b-44c8-9c66-83b6d5ca8b16@group-5E59B8286B96-LeaderElection8 PRE_VOTE round 0: result PASSED (term=0)
2023-05-17 09:09:12,336 [57ed5fd8-a62b-44c8-9c66-83b6d5ca8b16@group-5E59B8286B96-LeaderElection8] INFO  impl.LeaderElection (LeaderElection.java:askForVotes(321)) - 57ed5fd8-a62b-44c8-9c66-83b6d5ca8b16@group-5E59B8286B96-LeaderElection8 ELECTION round 0: submit vote requests at term 1 for -1: peers:[57ed5fd8-a62b-44c8-9c66-83b6d5ca8b16|rpc:10.1.0.64:15037|admin:10.1.0.64:15036|client:10.1.0.64:15035|dataStream:10.1.0.64:15038|priority:1|startupRole:FOLLOWER]|listeners:[], old=null
2023-05-17 09:09:12,336 [57ed5fd8-a62b-44c8-9c66-83b6d5ca8b16@group-5E59B8286B96-LeaderElection8] INFO  impl.LeaderElection (LeaderElection.java:askForVotes(323)) - 57ed5fd8-a62b-44c8-9c66-83b6d5ca8b16@group-5E59B8286B96-LeaderElection8 ELECTION round 0: result PASSED (term=1)
2023-05-17 09:09:12,336 [57ed5fd8-a62b-44c8-9c66-83b6d5ca8b16@group-5E59B8286B96-LeaderElection8] INFO  impl.RoleInfo (RoleInfo.java:shutdownLeaderElection(130)) - 57ed5fd8-a62b-44c8-9c66-83b6d5ca8b16: shutdown 57ed5fd8-a62b-44c8-9c66-83b6d5ca8b16@group-5E59B8286B96-LeaderElection8
2023-05-17 09:09:12,337 [57ed5fd8-a62b-44c8-9c66-83b6d5ca8b16@group-5E59B8286B96-LeaderElection8] INFO  server.RaftServer$Division (RaftServerImpl.java:setRole(329)) - 57ed5fd8-a62b-44c8-9c66-83b6d5ca8b16@group-5E59B8286B96: changes role from CANDIDATE to LEADER at term 1 for changeToLeader
2023-05-17 09:09:12,337 [57ed5fd8-a62b-44c8-9c66-83b6d5ca8b16@group-5E59B8286B96-LeaderElection8] INFO  ratis.XceiverServerRatis (XceiverServerRatis.java:handleLeaderChangedNotification(904)) - Leader change notification received for group: group-5E59B8286B96 with new leaderId: 57ed5fd8-a62b-44c8-9c66-83b6d5ca8b16
2023-05-17 09:09:12,339 [b2525f4f-bdf5-4dd0-b826-cbccdc8ecebe-server-thread1] INFO  ratis.XceiverServerRatis (XceiverServerRatis.java:handleLeaderChangedNotification(904)) - Leader change notification received for group: group-1563067D893C with new leaderId: 8889e818-58f8-49f9-ac5f-461eb7b79d1e
2023-05-17 09:09:12,339 [b2525f4f-bdf5-4dd0-b826-cbccdc8ecebe-server-thread1] INFO  server.RaftServer$Division (ServerState.java:setLeader(317)) - b2525f4f-bdf5-4dd0-b826-cbccdc8ecebe@group-1563067D893C: change Leader from null to 8889e818-58f8-49f9-ac5f-461eb7b79d1e at term 1 for appendEntries, leader elected after 5125ms
2023-05-17 09:09:12,340 [57ed5fd8-a62b-44c8-9c66-83b6d5ca8b16@group-5E59B8286B96-LeaderElection8] INFO  server.RaftServer$Division (ServerState.java:setLeader(317)) - 57ed5fd8-a62b-44c8-9c66-83b6d5ca8b16@group-5E59B8286B96: change Leader from null to 57ed5fd8-a62b-44c8-9c66-83b6d5ca8b16 at term 1 for becomeLeader, leader elected after 5144ms
2023-05-17 09:09:12,340 [57ed5fd8-a62b-44c8-9c66-83b6d5ca8b16@group-5E59B8286B96-LeaderElection8] INFO  server.RaftServerConfigKeys (ConfUtils.java:logGet(46)) - raft.server.staging.catchup.gap = 1000 (default)
2023-05-17 09:09:12,340 [67f04e2a-34cd-4ea0-b74b-c8cb5d6f4ea5-server-thread1] INFO  ratis.XceiverServerRatis (XceiverServerRatis.java:handleLeaderChangedNotification(904)) - Leader change notification received for group: group-1563067D893C with new leaderId: 8889e818-58f8-49f9-ac5f-461eb7b79d1e
2023-05-17 09:09:12,341 [67f04e2a-34cd-4ea0-b74b-c8cb5d6f4ea5-server-thread1] INFO  server.RaftServer$Division (ServerState.java:setLeader(317)) - 67f04e2a-34cd-4ea0-b74b-c8cb5d6f4ea5@group-1563067D893C: change Leader from null to 8889e818-58f8-49f9-ac5f-461eb7b79d1e at term 1 for appendEntries, leader elected after 5225ms
2023-05-17 09:09:12,342 [57ed5fd8-a62b-44c8-9c66-83b6d5ca8b16@group-5E59B8286B96-LeaderElection8] INFO  server.RaftServerConfigKeys (ConfUtils.java:logGet(46)) - raft.server.write.element-limit = 1024 (custom)
2023-05-17 09:09:12,342 [57ed5fd8-a62b-44c8-9c66-83b6d5ca8b16@group-5E59B8286B96-LeaderElection8] INFO  server.RaftServerConfigKeys (ConfUtils.java:logGet(46)) - raft.server.write.byte-limit = 1024 M (=1073741824) (custom)
2023-05-17 09:09:12,343 [57ed5fd8-a62b-44c8-9c66-83b6d5ca8b16@group-5E59B8286B96-LeaderElection8] INFO  server.RaftServerConfigKeys (ConfUtils.java:logGet(46)) - raft.server.watch.timeout = 180s (custom)
2023-05-17 09:09:12,343 [57ed5fd8-a62b-44c8-9c66-83b6d5ca8b16@group-5E59B8286B96-LeaderElection8] INFO  server.RaftServerConfigKeys (ConfUtils.java:logGet(46)) - raft.server.watch.timeout.denomination = 1s (default)
2023-05-17 09:09:12,343 [57ed5fd8-a62b-44c8-9c66-83b6d5ca8b16@group-5E59B8286B96-LeaderElection8] INFO  server.RaftServerConfigKeys (ConfUtils.java:logGet(46)) - raft.server.watch.element-limit = 65536 (default)
2023-05-17 09:09:12,343 [57ed5fd8-a62b-44c8-9c66-83b6d5ca8b16@group-5E59B8286B96-LeaderElection8] INFO  server.RaftServerConfigKeys (ConfUtils.java:logGet(46)) - raft.server.write.element-limit = 1024 (custom)
2023-05-17 09:09:12,343 [57ed5fd8-a62b-44c8-9c66-83b6d5ca8b16@group-5E59B8286B96-LeaderElection8] INFO  server.RaftServerConfigKeys (ConfUtils.java:logGet(46)) - raft.server.write.follower.gap.ratio.max = -1.0 (default)
2023-05-17 09:09:12,343 [57ed5fd8-a62b-44c8-9c66-83b6d5ca8b16@group-5E59B8286B96-LeaderElection8] INFO  impl.RoleInfo (RoleInfo.java:updateAndGet(139)) - 57ed5fd8-a62b-44c8-9c66-83b6d5ca8b16: start 57ed5fd8-a62b-44c8-9c66-83b6d5ca8b16@group-5E59B8286B96-LeaderStateImpl
2023-05-17 09:09:12,343 [57ed5fd8-a62b-44c8-9c66-83b6d5ca8b16@group-5E59B8286B96-LeaderElection8] INFO  segmented.SegmentedRaftLogWorker (SegmentedRaftLogWorker.java:startLogSegment(447)) - 57ed5fd8-a62b-44c8-9c66-83b6d5ca8b16@group-5E59B8286B96-SegmentedRaftLogWorker: Starting segment from index:0
2023-05-17 09:09:12,346 [57ed5fd8-a62b-44c8-9c66-83b6d5ca8b16@group-5E59B8286B96-SegmentedRaftLogWorker] INFO  segmented.SegmentedRaftLogWorker (SegmentedRaftLogWorker.java:execute(651)) - 57ed5fd8-a62b-44c8-9c66-83b6d5ca8b16@group-5E59B8286B96-SegmentedRaftLogWorker: created new log segment /home/runner/work/ozone/ozone/hadoop-ozone/integration-test/target/test-dir/MiniOzoneClusterImpl-21d14123-a168-44a2-bc0a-ee93e32dcc9b/datanode-3/data/ratis/96e9a40c-93a0-405d-a024-5e59b8286b96/current/log_inprogress_0
2023-05-17 09:09:12,346 [57ed5fd8-a62b-44c8-9c66-83b6d5ca8b16@group-5E59B8286B96-LeaderElection8] INFO  server.RaftServer$Division (ServerState.java:setRaftConf(434)) - 57ed5fd8-a62b-44c8-9c66-83b6d5ca8b16@group-5E59B8286B96: set configuration 0: peers:[57ed5fd8-a62b-44c8-9c66-83b6d5ca8b16|rpc:10.1.0.64:15037|admin:10.1.0.64:15036|client:10.1.0.64:15035|dataStream:10.1.0.64:15038|priority:1|startupRole:FOLLOWER]|listeners:[], old=null
2023-05-17 09:09:12,346 [b2525f4f-bdf5-4dd0-b826-cbccdc8ecebe-server-thread1] INFO  server.RaftServer$Division (ServerState.java:setRaftConf(434)) - b2525f4f-bdf5-4dd0-b826-cbccdc8ecebe@group-1563067D893C: set configuration 0: peers:[8889e818-58f8-49f9-ac5f-461eb7b79d1e|rpc:10.1.0.64:15029|admin:10.1.0.64:15028|client:10.1.0.64:15027|dataStream:10.1.0.64:15030|priority:1|startupRole:FOLLOWER, b2525f4f-bdf5-4dd0-b826-cbccdc8ecebe|rpc:10.1.0.64:15021|admin:10.1.0.64:15020|client:10.1.0.64:15019|dataStream:10.1.0.64:15022|priority:0|startupRole:FOLLOWER, 67f04e2a-34cd-4ea0-b74b-c8cb5d6f4ea5|rpc:10.1.0.64:15013|admin:10.1.0.64:15012|client:10.1.0.64:15011|dataStream:10.1.0.64:15014|priority:0|startupRole:FOLLOWER]|listeners:[], old=null
2023-05-17 09:09:12,354 [b2525f4f-bdf5-4dd0-b826-cbccdc8ecebe-server-thread1] INFO  segmented.SegmentedRaftLogWorker (SegmentedRaftLogWorker.java:startLogSegment(447)) - b2525f4f-bdf5-4dd0-b826-cbccdc8ecebe@group-1563067D893C-SegmentedRaftLogWorker: Starting segment from index:0
2023-05-17 09:09:12,360 [b2525f4f-bdf5-4dd0-b826-cbccdc8ecebe@group-1563067D893C-SegmentedRaftLogWorker] INFO  segmented.SegmentedRaftLogWorker (SegmentedRaftLogWorker.java:execute(651)) - b2525f4f-bdf5-4dd0-b826-cbccdc8ecebe@group-1563067D893C-SegmentedRaftLogWorker: created new log segment /home/runner/work/ozone/ozone/hadoop-ozone/integration-test/target/test-dir/MiniOzoneClusterImpl-21d14123-a168-44a2-bc0a-ee93e32dcc9b/datanode-1/data/ratis/013071ba-bc44-452e-b620-1563067d893c/current/log_inprogress_0
2023-05-17 09:09:12,365 [67f04e2a-34cd-4ea0-b74b-c8cb5d6f4ea5-server-thread2] INFO  server.RaftServer$Division (ServerState.java:setRaftConf(434)) - 67f04e2a-34cd-4ea0-b74b-c8cb5d6f4ea5@group-1563067D893C: set configuration 0: peers:[8889e818-58f8-49f9-ac5f-461eb7b79d1e|rpc:10.1.0.64:15029|admin:10.1.0.64:15028|client:10.1.0.64:15027|dataStream:10.1.0.64:15030|priority:1|startupRole:FOLLOWER, b2525f4f-bdf5-4dd0-b826-cbccdc8ecebe|rpc:10.1.0.64:15021|admin:10.1.0.64:15020|client:10.1.0.64:15019|dataStream:10.1.0.64:15022|priority:0|startupRole:FOLLOWER, 67f04e2a-34cd-4ea0-b74b-c8cb5d6f4ea5|rpc:10.1.0.64:15013|admin:10.1.0.64:15012|client:10.1.0.64:15011|dataStream:10.1.0.64:15014|priority:0|startupRole:FOLLOWER]|listeners:[], old=null
2023-05-17 09:09:12,367 [67f04e2a-34cd-4ea0-b74b-c8cb5d6f4ea5-server-thread2] INFO  segmented.SegmentedRaftLogWorker (SegmentedRaftLogWorker.java:startLogSegment(447)) - 67f04e2a-34cd-4ea0-b74b-c8cb5d6f4ea5@group-1563067D893C-SegmentedRaftLogWorker: Starting segment from index:0
2023-05-17 09:09:12,371 [67f04e2a-34cd-4ea0-b74b-c8cb5d6f4ea5@group-1563067D893C-SegmentedRaftLogWorker] INFO  segmented.SegmentedRaftLogWorker (SegmentedRaftLogWorker.java:execute(651)) - 67f04e2a-34cd-4ea0-b74b-c8cb5d6f4ea5@group-1563067D893C-SegmentedRaftLogWorker: created new log segment /home/runner/work/ozone/ozone/hadoop-ozone/integration-test/target/test-dir/MiniOzoneClusterImpl-21d14123-a168-44a2-bc0a-ee93e32dcc9b/datanode-0/data/ratis/013071ba-bc44-452e-b620-1563067d893c/current/log_inprogress_0
2023-05-17 09:09:12,735 [Listener at 127.0.0.1/15004] INFO  ozone.MiniOzoneClusterImpl (MiniOzoneClusterImpl.java:lambda$waitForClusterToBeReady$0(222)) - Nodes are ready. Got 14 of 14 DN Heartbeats.
2023-05-17 09:09:12,735 [Listener at 127.0.0.1/15004] INFO  ozone.MiniOzoneClusterImpl (MiniOzoneClusterImpl.java:lambda$waitForClusterToBeReady$0(225)) - Cluster exits safe mode
2023-05-17 09:09:12,735 [Listener at 127.0.0.1/15004] INFO  ozone.MiniOzoneClusterImpl (MiniOzoneClusterImpl.java:lambda$waitForClusterToBeReady$0(227)) - SCM became leader
2023-05-17 09:09:12,747 [57ed5fd8-a62b-44c8-9c66-83b6d5ca8b16@group-2EE872F2B0F0-FollowerState] INFO  impl.FollowerState (FollowerState.java:run(143)) - 57ed5fd8-a62b-44c8-9c66-83b6d5ca8b16@group-2EE872F2B0F0-FollowerState: change to CANDIDATE, lastRpcElapsedTime:5102439828ns, electionTimeout:5100ms
2023-05-17 09:09:12,747 [57ed5fd8-a62b-44c8-9c66-83b6d5ca8b16@group-2EE872F2B0F0-FollowerState] INFO  impl.RoleInfo (RoleInfo.java:shutdownFollowerState(110)) - 57ed5fd8-a62b-44c8-9c66-83b6d5ca8b16: shutdown 57ed5fd8-a62b-44c8-9c66-83b6d5ca8b16@group-2EE872F2B0F0-FollowerState
2023-05-17 09:09:12,747 [57ed5fd8-a62b-44c8-9c66-83b6d5ca8b16@group-2EE872F2B0F0-FollowerState] INFO  server.RaftServer$Division (RaftServerImpl.java:setRole(329)) - 57ed5fd8-a62b-44c8-9c66-83b6d5ca8b16@group-2EE872F2B0F0: changes role from  FOLLOWER to CANDIDATE at term 0 for changeToCandidate
2023-05-17 09:09:12,747 [57ed5fd8-a62b-44c8-9c66-83b6d5ca8b16@group-2EE872F2B0F0-FollowerState] INFO  server.RaftServerConfigKeys (ConfUtils.java:logGet(46)) - raft.server.leaderelection.pre-vote = true (default)
2023-05-17 09:09:12,747 [57ed5fd8-a62b-44c8-9c66-83b6d5ca8b16@group-2EE872F2B0F0-FollowerState] INFO  impl.RoleInfo (RoleInfo.java:updateAndGet(139)) - 57ed5fd8-a62b-44c8-9c66-83b6d5ca8b16: start 57ed5fd8-a62b-44c8-9c66-83b6d5ca8b16@group-2EE872F2B0F0-LeaderElection9
2023-05-17 09:09:12,756 [57ed5fd8-a62b-44c8-9c66-83b6d5ca8b16@group-2EE872F2B0F0-LeaderElection9] INFO  impl.LeaderElection (LeaderElection.java:askForVotes(321)) - 57ed5fd8-a62b-44c8-9c66-83b6d5ca8b16@group-2EE872F2B0F0-LeaderElection9 PRE_VOTE round 0: submit vote requests at term 0 for -1: peers:[b2b5d537-374d-472d-b9f1-d9543cb70a6b|rpc:10.1.0.64:15053|admin:10.1.0.64:15052|client:10.1.0.64:15051|dataStream:10.1.0.64:15054|priority:0|startupRole:FOLLOWER, b98521b2-5644-4aab-8244-d2e66a88cd45|rpc:10.1.0.64:15045|admin:10.1.0.64:15044|client:10.1.0.64:15043|dataStream:10.1.0.64:15046|priority:1|startupRole:FOLLOWER, 57ed5fd8-a62b-44c8-9c66-83b6d5ca8b16|rpc:10.1.0.64:15037|admin:10.1.0.64:15036|client:10.1.0.64:15035|dataStream:10.1.0.64:15038|priority:0|startupRole:FOLLOWER]|listeners:[], old=null
2023-05-17 09:09:12,757 [57ed5fd8-a62b-44c8-9c66-83b6d5ca8b16@group-2EE872F2B0F0-LeaderElection9-1] INFO  server.GrpcServerProtocolClient (GrpcServerProtocolClient.java:<init>(65)) - Build channel for b2b5d537-374d-472d-b9f1-d9543cb70a6b
2023-05-17 09:09:12,765 [57ed5fd8-a62b-44c8-9c66-83b6d5ca8b16@group-2EE872F2B0F0-LeaderElection9] INFO  server.RaftServerConfigKeys (ConfUtils.java:logFallback(53)) - raft.server.rpc.first-election.timeout.min = 5s (fallback to raft.server.rpc.timeout.min)
2023-05-17 09:09:12,765 [57ed5fd8-a62b-44c8-9c66-83b6d5ca8b16@group-2EE872F2B0F0-LeaderElection9] INFO  server.RaftServerConfigKeys (ConfUtils.java:logFallback(53)) - raft.server.rpc.first-election.timeout.max = 5200ms (fallback to raft.server.rpc.timeout.max)
2023-05-17 09:09:12,767 [57ed5fd8-a62b-44c8-9c66-83b6d5ca8b16@group-2EE872F2B0F0-LeaderElection9-2] INFO  server.GrpcServerProtocolClient (GrpcServerProtocolClient.java:<init>(65)) - Build channel for b98521b2-5644-4aab-8244-d2e66a88cd45
2023-05-17 09:09:12,770 [grpc-default-executor-2] INFO  server.RaftServer$Division (RaftServerImpl.java:requestVote(1302)) - b2b5d537-374d-472d-b9f1-d9543cb70a6b@group-2EE872F2B0F0: receive requestVote(PRE_VOTE, 57ed5fd8-a62b-44c8-9c66-83b6d5ca8b16, group-2EE872F2B0F0, 0, (t:0, i:0))
2023-05-17 09:09:12,770 [grpc-default-executor-2] INFO  impl.VoteContext (VoteContext.java:log(49)) - b2b5d537-374d-472d-b9f1-d9543cb70a6b@group-2EE872F2B0F0-FOLLOWER: accept PRE_VOTE from 57ed5fd8-a62b-44c8-9c66-83b6d5ca8b16: our priority 0 <= candidate's priority 0
2023-05-17 09:09:12,770 [grpc-default-executor-2] INFO  server.RaftServer$Division (RaftServerImpl.java:requestVote(1335)) - b2b5d537-374d-472d-b9f1-d9543cb70a6b@group-2EE872F2B0F0 replies to PRE_VOTE vote request: 57ed5fd8-a62b-44c8-9c66-83b6d5ca8b16<-b2b5d537-374d-472d-b9f1-d9543cb70a6b#0:OK-t0. Peer's state: b2b5d537-374d-472d-b9f1-d9543cb70a6b@group-2EE872F2B0F0:t0, leader=null, voted=, raftlog=Memoized:b2b5d537-374d-472d-b9f1-d9543cb70a6b@group-2EE872F2B0F0-SegmentedRaftLog:OPENED:c-1, conf=-1: peers:[b2b5d537-374d-472d-b9f1-d9543cb70a6b|rpc:10.1.0.64:15053|admin:10.1.0.64:15052|client:10.1.0.64:15051|dataStream:10.1.0.64:15054|priority:0|startupRole:FOLLOWER, b98521b2-5644-4aab-8244-d2e66a88cd45|rpc:10.1.0.64:15045|admin:10.1.0.64:15044|client:10.1.0.64:15043|dataStream:10.1.0.64:15046|priority:1|startupRole:FOLLOWER, 57ed5fd8-a62b-44c8-9c66-83b6d5ca8b16|rpc:10.1.0.64:15037|admin:10.1.0.64:15036|client:10.1.0.64:15035|dataStream:10.1.0.64:15038|priority:0|startupRole:FOLLOWER]|listeners:[], old=null
2023-05-17 09:09:12,781 [grpc-default-executor-2] INFO  server.RaftServer$Division (RaftServerImpl.java:requestVote(1302)) - b98521b2-5644-4aab-8244-d2e66a88cd45@group-2EE872F2B0F0: receive requestVote(PRE_VOTE, 57ed5fd8-a62b-44c8-9c66-83b6d5ca8b16, group-2EE872F2B0F0, 0, (t:0, i:0))
2023-05-17 09:09:12,781 [grpc-default-executor-2] INFO  impl.VoteContext (VoteContext.java:log(49)) - b98521b2-5644-4aab-8244-d2e66a88cd45@group-2EE872F2B0F0-FOLLOWER: reject PRE_VOTE from 57ed5fd8-a62b-44c8-9c66-83b6d5ca8b16: our priority 1 > candidate's priority 0
2023-05-17 09:09:12,781 [grpc-default-executor-2] INFO  server.RaftServer$Division (RaftServerImpl.java:requestVote(1335)) - b98521b2-5644-4aab-8244-d2e66a88cd45@group-2EE872F2B0F0 replies to PRE_VOTE vote request: 57ed5fd8-a62b-44c8-9c66-83b6d5ca8b16<-b98521b2-5644-4aab-8244-d2e66a88cd45#0:FAIL-t0. Peer's state: b98521b2-5644-4aab-8244-d2e66a88cd45@group-2EE872F2B0F0:t0, leader=null, voted=, raftlog=Memoized:b98521b2-5644-4aab-8244-d2e66a88cd45@group-2EE872F2B0F0-SegmentedRaftLog:OPENED:c-1, conf=-1: peers:[b2b5d537-374d-472d-b9f1-d9543cb70a6b|rpc:10.1.0.64:15053|admin:10.1.0.64:15052|client:10.1.0.64:15051|dataStream:10.1.0.64:15054|priority:0|startupRole:FOLLOWER, b98521b2-5644-4aab-8244-d2e66a88cd45|rpc:10.1.0.64:15045|admin:10.1.0.64:15044|client:10.1.0.64:15043|dataStream:10.1.0.64:15046|priority:1|startupRole:FOLLOWER, 57ed5fd8-a62b-44c8-9c66-83b6d5ca8b16|rpc:10.1.0.64:15037|admin:10.1.0.64:15036|client:10.1.0.64:15035|dataStream:10.1.0.64:15038|priority:0|startupRole:FOLLOWER]|listeners:[], old=null
2023-05-17 09:09:12,786 [57ed5fd8-a62b-44c8-9c66-83b6d5ca8b16@group-2EE872F2B0F0-LeaderElection9] INFO  impl.LeaderElection (LeaderElection.java:logAndReturn(90)) - 57ed5fd8-a62b-44c8-9c66-83b6d5ca8b16@group-2EE872F2B0F0-LeaderElection9: PRE_VOTE REJECTED received 2 response(s) and 0 exception(s):
2023-05-17 09:09:12,786 [57ed5fd8-a62b-44c8-9c66-83b6d5ca8b16@group-2EE872F2B0F0-LeaderElection9] INFO  impl.LeaderElection (LeaderElection.java:logAndReturn(94)) -   Response 0: 57ed5fd8-a62b-44c8-9c66-83b6d5ca8b16<-b2b5d537-374d-472d-b9f1-d9543cb70a6b#0:OK-t0
2023-05-17 09:09:12,786 [57ed5fd8-a62b-44c8-9c66-83b6d5ca8b16@group-2EE872F2B0F0-LeaderElection9] INFO  impl.LeaderElection (LeaderElection.java:logAndReturn(94)) -   Response 1: 57ed5fd8-a62b-44c8-9c66-83b6d5ca8b16<-b98521b2-5644-4aab-8244-d2e66a88cd45#0:FAIL-t0
2023-05-17 09:09:12,786 [57ed5fd8-a62b-44c8-9c66-83b6d5ca8b16@group-2EE872F2B0F0-LeaderElection9] INFO  impl.LeaderElection (LeaderElection.java:askForVotes(323)) - 57ed5fd8-a62b-44c8-9c66-83b6d5ca8b16@group-2EE872F2B0F0-LeaderElection9 PRE_VOTE round 0: result REJECTED
2023-05-17 09:09:12,787 [57ed5fd8-a62b-44c8-9c66-83b6d5ca8b16@group-2EE872F2B0F0-LeaderElection9] INFO  server.RaftServer$Division (RaftServerImpl.java:setRole(329)) - 57ed5fd8-a62b-44c8-9c66-83b6d5ca8b16@group-2EE872F2B0F0: changes role from CANDIDATE to FOLLOWER at term 0 for REJECTED
2023-05-17 09:09:12,789 [57ed5fd8-a62b-44c8-9c66-83b6d5ca8b16@group-2EE872F2B0F0-LeaderElection9] INFO  impl.RoleInfo (RoleInfo.java:shutdownLeaderElection(130)) - 57ed5fd8-a62b-44c8-9c66-83b6d5ca8b16: shutdown 57ed5fd8-a62b-44c8-9c66-83b6d5ca8b16@group-2EE872F2B0F0-LeaderElection9
2023-05-17 09:09:12,790 [57ed5fd8-a62b-44c8-9c66-83b6d5ca8b16@group-2EE872F2B0F0-LeaderElection9] INFO  impl.RoleInfo (RoleInfo.java:updateAndGet(139)) - 57ed5fd8-a62b-44c8-9c66-83b6d5ca8b16: start 57ed5fd8-a62b-44c8-9c66-83b6d5ca8b16@group-2EE872F2B0F0-FollowerState
2023-05-17 09:09:12,952 [b2b5d537-374d-472d-b9f1-d9543cb70a6b@group-B75AFB471175-FollowerState] INFO  impl.FollowerState (FollowerState.java:run(143)) - b2b5d537-374d-472d-b9f1-d9543cb70a6b@group-B75AFB471175-FollowerState: change to CANDIDATE, lastRpcElapsedTime:5009401153ns, electionTimeout:5008ms
2023-05-17 09:09:12,952 [b2b5d537-374d-472d-b9f1-d9543cb70a6b@group-B75AFB471175-FollowerState] INFO  impl.RoleInfo (RoleInfo.java:shutdownFollowerState(110)) - b2b5d537-374d-472d-b9f1-d9543cb70a6b: shutdown b2b5d537-374d-472d-b9f1-d9543cb70a6b@group-B75AFB471175-FollowerState
2023-05-17 09:09:12,952 [b2b5d537-374d-472d-b9f1-d9543cb70a6b@group-B75AFB471175-FollowerState] INFO  server.RaftServer$Division (RaftServerImpl.java:setRole(329)) - b2b5d537-374d-472d-b9f1-d9543cb70a6b@group-B75AFB471175: changes role from  FOLLOWER to CANDIDATE at term 0 for changeToCandidate
2023-05-17 09:09:12,952 [b2b5d537-374d-472d-b9f1-d9543cb70a6b@group-B75AFB471175-FollowerState] INFO  server.RaftServerConfigKeys (ConfUtils.java:logGet(46)) - raft.server.leaderelection.pre-vote = true (default)
2023-05-17 09:09:12,952 [b2b5d537-374d-472d-b9f1-d9543cb70a6b@group-B75AFB471175-FollowerState] INFO  impl.RoleInfo (RoleInfo.java:updateAndGet(139)) - b2b5d537-374d-472d-b9f1-d9543cb70a6b: start b2b5d537-374d-472d-b9f1-d9543cb70a6b@group-B75AFB471175-LeaderElection10
2023-05-17 09:09:12,959 [b2b5d537-374d-472d-b9f1-d9543cb70a6b@group-B75AFB471175-LeaderElection10] INFO  impl.LeaderElection (LeaderElection.java:askForVotes(321)) - b2b5d537-374d-472d-b9f1-d9543cb70a6b@group-B75AFB471175-LeaderElection10 PRE_VOTE round 0: submit vote requests at term 0 for -1: peers:[b2b5d537-374d-472d-b9f1-d9543cb70a6b|rpc:10.1.0.64:15053|admin:10.1.0.64:15052|client:10.1.0.64:15051|dataStream:10.1.0.64:15054|priority:1|startupRole:FOLLOWER]|listeners:[], old=null
2023-05-17 09:09:12,959 [b2b5d537-374d-472d-b9f1-d9543cb70a6b@group-B75AFB471175-LeaderElection10] INFO  impl.LeaderElection (LeaderElection.java:askForVotes(323)) - b2b5d537-374d-472d-b9f1-d9543cb70a6b@group-B75AFB471175-LeaderElection10 PRE_VOTE round 0: result PASSED (term=0)
2023-05-17 09:09:12,961 [b2b5d537-374d-472d-b9f1-d9543cb70a6b@group-B75AFB471175-LeaderElection10] INFO  impl.LeaderElection (LeaderElection.java:askForVotes(321)) - b2b5d537-374d-472d-b9f1-d9543cb70a6b@group-B75AFB471175-LeaderElection10 ELECTION round 0: submit vote requests at term 1 for -1: peers:[b2b5d537-374d-472d-b9f1-d9543cb70a6b|rpc:10.1.0.64:15053|admin:10.1.0.64:15052|client:10.1.0.64:15051|dataStream:10.1.0.64:15054|priority:1|startupRole:FOLLOWER]|listeners:[], old=null
2023-05-17 09:09:12,962 [b2b5d537-374d-472d-b9f1-d9543cb70a6b@group-B75AFB471175-LeaderElection10] INFO  impl.LeaderElection (LeaderElection.java:askForVotes(323)) - b2b5d537-374d-472d-b9f1-d9543cb70a6b@group-B75AFB471175-LeaderElection10 ELECTION round 0: result PASSED (term=1)
2023-05-17 09:09:12,962 [b2b5d537-374d-472d-b9f1-d9543cb70a6b@group-B75AFB471175-LeaderElection10] INFO  impl.RoleInfo (RoleInfo.java:shutdownLeaderElection(130)) - b2b5d537-374d-472d-b9f1-d9543cb70a6b: shutdown b2b5d537-374d-472d-b9f1-d9543cb70a6b@group-B75AFB471175-LeaderElection10
2023-05-17 09:09:12,962 [b2b5d537-374d-472d-b9f1-d9543cb70a6b@group-B75AFB471175-LeaderElection10] INFO  server.RaftServer$Division (RaftServerImpl.java:setRole(329)) - b2b5d537-374d-472d-b9f1-d9543cb70a6b@group-B75AFB471175: changes role from CANDIDATE to LEADER at term 1 for changeToLeader
2023-05-17 09:09:12,962 [b2b5d537-374d-472d-b9f1-d9543cb70a6b@group-B75AFB471175-LeaderElection10] INFO  ratis.XceiverServerRatis (XceiverServerRatis.java:handleLeaderChangedNotification(904)) - Leader change notification received for group: group-B75AFB471175 with new leaderId: b2b5d537-374d-472d-b9f1-d9543cb70a6b
2023-05-17 09:09:12,962 [b2b5d537-374d-472d-b9f1-d9543cb70a6b@group-B75AFB471175-LeaderElection10] INFO  server.RaftServer$Division (ServerState.java:setLeader(317)) - b2b5d537-374d-472d-b9f1-d9543cb70a6b@group-B75AFB471175: change Leader from null to b2b5d537-374d-472d-b9f1-d9543cb70a6b at term 1 for becomeLeader, leader elected after 5127ms
2023-05-17 09:09:12,964 [b2b5d537-374d-472d-b9f1-d9543cb70a6b@group-B75AFB471175-LeaderElection10] INFO  server.RaftServerConfigKeys (ConfUtils.java:logGet(46)) - raft.server.staging.catchup.gap = 1000 (default)
2023-05-17 09:09:12,965 [b2b5d537-374d-472d-b9f1-d9543cb70a6b@group-B75AFB471175-LeaderElection10] INFO  server.RaftServerConfigKeys (ConfUtils.java:logGet(46)) - raft.server.write.element-limit = 1024 (custom)
2023-05-17 09:09:12,965 [b2b5d537-374d-472d-b9f1-d9543cb70a6b@group-B75AFB471175-LeaderElection10] INFO  server.RaftServerConfigKeys (ConfUtils.java:logGet(46)) - raft.server.write.byte-limit = 1024 M (=1073741824) (custom)
2023-05-17 09:09:12,965 [b2b5d537-374d-472d-b9f1-d9543cb70a6b@group-B75AFB471175-LeaderElection10] INFO  server.RaftServerConfigKeys (ConfUtils.java:logGet(46)) - raft.server.watch.timeout = 180s (custom)
2023-05-17 09:09:12,965 [b2b5d537-374d-472d-b9f1-d9543cb70a6b@group-B75AFB471175-LeaderElection10] INFO  server.RaftServerConfigKeys (ConfUtils.java:logGet(46)) - raft.server.watch.timeout.denomination = 1s (default)
2023-05-17 09:09:12,965 [b2b5d537-374d-472d-b9f1-d9543cb70a6b@group-B75AFB471175-LeaderElection10] INFO  server.RaftServerConfigKeys (ConfUtils.java:logGet(46)) - raft.server.watch.element-limit = 65536 (default)
2023-05-17 09:09:12,965 [b2b5d537-374d-472d-b9f1-d9543cb70a6b@group-B75AFB471175-LeaderElection10] INFO  server.RaftServerConfigKeys (ConfUtils.java:logGet(46)) - raft.server.write.element-limit = 1024 (custom)
2023-05-17 09:09:12,965 [b2b5d537-374d-472d-b9f1-d9543cb70a6b@group-B75AFB471175-LeaderElection10] INFO  server.RaftServerConfigKeys (ConfUtils.java:logGet(46)) - raft.server.write.follower.gap.ratio.max = -1.0 (default)
2023-05-17 09:09:12,965 [b2b5d537-374d-472d-b9f1-d9543cb70a6b@group-B75AFB471175-LeaderElection10] INFO  impl.RoleInfo (RoleInfo.java:updateAndGet(139)) - b2b5d537-374d-472d-b9f1-d9543cb70a6b: start b2b5d537-374d-472d-b9f1-d9543cb70a6b@group-B75AFB471175-LeaderStateImpl
2023-05-17 09:09:12,966 [b2b5d537-374d-472d-b9f1-d9543cb70a6b@group-B75AFB471175-LeaderElection10] INFO  segmented.SegmentedRaftLogWorker (SegmentedRaftLogWorker.java:startLogSegment(447)) - b2b5d537-374d-472d-b9f1-d9543cb70a6b@group-B75AFB471175-SegmentedRaftLogWorker: Starting segment from index:0
2023-05-17 09:09:12,968 [b2b5d537-374d-472d-b9f1-d9543cb70a6b@group-B75AFB471175-LeaderElection10] INFO  server.RaftServer$Division (ServerState.java:setRaftConf(434)) - b2b5d537-374d-472d-b9f1-d9543cb70a6b@group-B75AFB471175: set configuration 0: peers:[b2b5d537-374d-472d-b9f1-d9543cb70a6b|rpc:10.1.0.64:15053|admin:10.1.0.64:15052|client:10.1.0.64:15051|dataStream:10.1.0.64:15054|priority:1|startupRole:FOLLOWER]|listeners:[], old=null
2023-05-17 09:09:12,975 [b2b5d537-374d-472d-b9f1-d9543cb70a6b@group-B75AFB471175-SegmentedRaftLogWorker] INFO  segmented.SegmentedRaftLogWorker (SegmentedRaftLogWorker.java:execute(651)) - b2b5d537-374d-472d-b9f1-d9543cb70a6b@group-B75AFB471175-SegmentedRaftLogWorker: created new log segment /home/runner/work/ozone/ozone/hadoop-ozone/integration-test/target/test-dir/MiniOzoneClusterImpl-21d14123-a168-44a2-bc0a-ee93e32dcc9b/datanode-5/data/ratis/0f07eb2f-4376-4576-958c-b75afb471175/current/log_inprogress_0
2023-05-17 09:09:13,247 [b98521b2-5644-4aab-8244-d2e66a88cd45@group-A280B7ADF8E8-FollowerState] INFO  impl.FollowerState (FollowerState.java:run(143)) - b98521b2-5644-4aab-8244-d2e66a88cd45@group-A280B7ADF8E8-FollowerState: change to CANDIDATE, lastRpcElapsedTime:5106529475ns, electionTimeout:5105ms
2023-05-17 09:09:13,247 [b98521b2-5644-4aab-8244-d2e66a88cd45@group-A280B7ADF8E8-FollowerState] INFO  impl.RoleInfo (RoleInfo.java:shutdownFollowerState(110)) - b98521b2-5644-4aab-8244-d2e66a88cd45: shutdown b98521b2-5644-4aab-8244-d2e66a88cd45@group-A280B7ADF8E8-FollowerState
2023-05-17 09:09:13,248 [b98521b2-5644-4aab-8244-d2e66a88cd45@group-A280B7ADF8E8-FollowerState] INFO  server.RaftServer$Division (RaftServerImpl.java:setRole(329)) - b98521b2-5644-4aab-8244-d2e66a88cd45@group-A280B7ADF8E8: changes role from  FOLLOWER to CANDIDATE at term 0 for changeToCandidate
2023-05-17 09:09:13,248 [b98521b2-5644-4aab-8244-d2e66a88cd45@group-A280B7ADF8E8-FollowerState] INFO  server.RaftServerConfigKeys (ConfUtils.java:logGet(46)) - raft.server.leaderelection.pre-vote = true (default)
2023-05-17 09:09:13,248 [b98521b2-5644-4aab-8244-d2e66a88cd45@group-A280B7ADF8E8-FollowerState] INFO  impl.RoleInfo (RoleInfo.java:updateAndGet(139)) - b98521b2-5644-4aab-8244-d2e66a88cd45: start b98521b2-5644-4aab-8244-d2e66a88cd45@group-A280B7ADF8E8-LeaderElection11
2023-05-17 09:09:13,253 [b98521b2-5644-4aab-8244-d2e66a88cd45@group-A280B7ADF8E8-LeaderElection11] INFO  impl.LeaderElection (LeaderElection.java:askForVotes(321)) - b98521b2-5644-4aab-8244-d2e66a88cd45@group-A280B7ADF8E8-LeaderElection11 PRE_VOTE round 0: submit vote requests at term 0 for -1: peers:[b98521b2-5644-4aab-8244-d2e66a88cd45|rpc:10.1.0.64:15045|admin:10.1.0.64:15044|client:10.1.0.64:15043|dataStream:10.1.0.64:15046|priority:1|startupRole:FOLLOWER]|listeners:[], old=null
2023-05-17 09:09:13,254 [b98521b2-5644-4aab-8244-d2e66a88cd45@group-A280B7ADF8E8-LeaderElection11] INFO  impl.LeaderElection (LeaderElection.java:askForVotes(323)) - b98521b2-5644-4aab-8244-d2e66a88cd45@group-A280B7ADF8E8-LeaderElection11 PRE_VOTE round 0: result PASSED (term=0)
2023-05-17 09:09:13,256 [b98521b2-5644-4aab-8244-d2e66a88cd45@group-A280B7ADF8E8-LeaderElection11] INFO  impl.LeaderElection (LeaderElection.java:askForVotes(321)) - b98521b2-5644-4aab-8244-d2e66a88cd45@group-A280B7ADF8E8-LeaderElection11 ELECTION round 0: submit vote requests at term 1 for -1: peers:[b98521b2-5644-4aab-8244-d2e66a88cd45|rpc:10.1.0.64:15045|admin:10.1.0.64:15044|client:10.1.0.64:15043|dataStream:10.1.0.64:15046|priority:1|startupRole:FOLLOWER]|listeners:[], old=null
2023-05-17 09:09:13,256 [b98521b2-5644-4aab-8244-d2e66a88cd45@group-A280B7ADF8E8-LeaderElection11] INFO  impl.LeaderElection (LeaderElection.java:askForVotes(323)) - b98521b2-5644-4aab-8244-d2e66a88cd45@group-A280B7ADF8E8-LeaderElection11 ELECTION round 0: result PASSED (term=1)
2023-05-17 09:09:13,256 [b98521b2-5644-4aab-8244-d2e66a88cd45@group-A280B7ADF8E8-LeaderElection11] INFO  impl.RoleInfo (RoleInfo.java:shutdownLeaderElection(130)) - b98521b2-5644-4aab-8244-d2e66a88cd45: shutdown b98521b2-5644-4aab-8244-d2e66a88cd45@group-A280B7ADF8E8-LeaderElection11
2023-05-17 09:09:13,256 [b98521b2-5644-4aab-8244-d2e66a88cd45@group-A280B7ADF8E8-LeaderElection11] INFO  server.RaftServer$Division (RaftServerImpl.java:setRole(329)) - b98521b2-5644-4aab-8244-d2e66a88cd45@group-A280B7ADF8E8: changes role from CANDIDATE to LEADER at term 1 for changeToLeader
2023-05-17 09:09:13,256 [b98521b2-5644-4aab-8244-d2e66a88cd45@group-A280B7ADF8E8-LeaderElection11] INFO  ratis.XceiverServerRatis (XceiverServerRatis.java:handleLeaderChangedNotification(904)) - Leader change notification received for group: group-A280B7ADF8E8 with new leaderId: b98521b2-5644-4aab-8244-d2e66a88cd45
2023-05-17 09:09:13,257 [b98521b2-5644-4aab-8244-d2e66a88cd45@group-A280B7ADF8E8-LeaderElection11] INFO  server.RaftServer$Division (ServerState.java:setLeader(317)) - b98521b2-5644-4aab-8244-d2e66a88cd45@group-A280B7ADF8E8: change Leader from null to b98521b2-5644-4aab-8244-d2e66a88cd45 at term 1 for becomeLeader, leader elected after 5564ms
2023-05-17 09:09:13,257 [b98521b2-5644-4aab-8244-d2e66a88cd45@group-A280B7ADF8E8-LeaderElection11] INFO  server.RaftServerConfigKeys (ConfUtils.java:logGet(46)) - raft.server.staging.catchup.gap = 1000 (default)
2023-05-17 09:09:13,258 [b98521b2-5644-4aab-8244-d2e66a88cd45@group-A280B7ADF8E8-LeaderElection11] INFO  server.RaftServerConfigKeys (ConfUtils.java:logGet(46)) - raft.server.write.element-limit = 1024 (custom)
2023-05-17 09:09:13,259 [b98521b2-5644-4aab-8244-d2e66a88cd45@group-A280B7ADF8E8-LeaderElection11] INFO  server.RaftServerConfigKeys (ConfUtils.java:logGet(46)) - raft.server.write.byte-limit = 1024 M (=1073741824) (custom)
2023-05-17 09:09:13,259 [b98521b2-5644-4aab-8244-d2e66a88cd45@group-A280B7ADF8E8-LeaderElection11] INFO  server.RaftServerConfigKeys (ConfUtils.java:logGet(46)) - raft.server.watch.timeout = 180s (custom)
2023-05-17 09:09:13,259 [b98521b2-5644-4aab-8244-d2e66a88cd45@group-A280B7ADF8E8-LeaderElection11] INFO  server.RaftServerConfigKeys (ConfUtils.java:logGet(46)) - raft.server.watch.timeout.denomination = 1s (default)
2023-05-17 09:09:13,259 [b98521b2-5644-4aab-8244-d2e66a88cd45@group-A280B7ADF8E8-LeaderElection11] INFO  server.RaftServerConfigKeys (ConfUtils.java:logGet(46)) - raft.server.watch.element-limit = 65536 (default)
2023-05-17 09:09:13,259 [b98521b2-5644-4aab-8244-d2e66a88cd45@group-A280B7ADF8E8-LeaderElection11] INFO  server.RaftServerConfigKeys (ConfUtils.java:logGet(46)) - raft.server.write.element-limit = 1024 (custom)
2023-05-17 09:09:13,259 [b98521b2-5644-4aab-8244-d2e66a88cd45@group-A280B7ADF8E8-LeaderElection11] INFO  server.RaftServerConfigKeys (ConfUtils.java:logGet(46)) - raft.server.write.follower.gap.ratio.max = -1.0 (default)
2023-05-17 09:09:13,262 [b98521b2-5644-4aab-8244-d2e66a88cd45@group-A280B7ADF8E8-LeaderElection11] INFO  impl.RoleInfo (RoleInfo.java:updateAndGet(139)) - b98521b2-5644-4aab-8244-d2e66a88cd45: start b98521b2-5644-4aab-8244-d2e66a88cd45@group-A280B7ADF8E8-LeaderStateImpl
2023-05-17 09:09:13,262 [b98521b2-5644-4aab-8244-d2e66a88cd45@group-A280B7ADF8E8-LeaderElection11] INFO  segmented.SegmentedRaftLogWorker (SegmentedRaftLogWorker.java:startLogSegment(447)) - b98521b2-5644-4aab-8244-d2e66a88cd45@group-A280B7ADF8E8-SegmentedRaftLogWorker: Starting segment from index:0
2023-05-17 09:09:13,266 [b98521b2-5644-4aab-8244-d2e66a88cd45@group-A280B7ADF8E8-LeaderElection11] INFO  server.RaftServer$Division (ServerState.java:setRaftConf(434)) - b98521b2-5644-4aab-8244-d2e66a88cd45@group-A280B7ADF8E8: set configuration 0: peers:[b98521b2-5644-4aab-8244-d2e66a88cd45|rpc:10.1.0.64:15045|admin:10.1.0.64:15044|client:10.1.0.64:15043|dataStream:10.1.0.64:15046|priority:1|startupRole:FOLLOWER]|listeners:[], old=null
2023-05-17 09:09:13,268 [b98521b2-5644-4aab-8244-d2e66a88cd45@group-A280B7ADF8E8-SegmentedRaftLogWorker] INFO  segmented.SegmentedRaftLogWorker (SegmentedRaftLogWorker.java:execute(651)) - b98521b2-5644-4aab-8244-d2e66a88cd45@group-A280B7ADF8E8-SegmentedRaftLogWorker: created new log segment /home/runner/work/ozone/ozone/hadoop-ozone/integration-test/target/test-dir/MiniOzoneClusterImpl-21d14123-a168-44a2-bc0a-ee93e32dcc9b/datanode-4/data/ratis/d47b2150-c1eb-4d01-a4a9-a280b7adf8e8/current/log_inprogress_0
2023-05-17 09:09:13,381 [b2b5d537-374d-472d-b9f1-d9543cb70a6b@group-2EE872F2B0F0-FollowerState] INFO  server.RaftServerConfigKeys (ConfUtils.java:logFallback(53)) - raft.server.rpc.first-election.timeout.min = 5s (fallback to raft.server.rpc.timeout.min)
2023-05-17 09:09:13,381 [b2b5d537-374d-472d-b9f1-d9543cb70a6b@group-2EE872F2B0F0-FollowerState] INFO  server.RaftServerConfigKeys (ConfUtils.java:logFallback(53)) - raft.server.rpc.first-election.timeout.max = 5200ms (fallback to raft.server.rpc.timeout.max)
2023-05-17 09:09:13,396 [Listener at 127.0.0.1/15004] INFO  rpc.RpcClient (RpcClient.java:createVolume(476)) - Creating Volume: a864d82f-b9b1-4620-84e6-73dfd78ff054, with runner as owner and space quota set to -1 bytes, counts quota set to -1
2023-05-17 09:09:13,457 [OM StateMachine ApplyTransaction Thread - 0] INFO  volume.OMVolumeCreateRequest (OMVolumeCreateRequest.java:validateAndUpdateCache(196)) - created volume:a864d82f-b9b1-4620-84e6-73dfd78ff054 for user:runner
2023-05-17 09:09:13,487 [Listener at 127.0.0.1/15004] INFO  rpc.RpcClient (RpcClient.java:createBucket(698)) - Creating Bucket: a864d82f-b9b1-4620-84e6-73dfd78ff054/54fb7b62-2af8-4793-a979-538ff4d54109, with bucket layout OBJECT_STORE, runner as owner, Versioning true, Storage Type set to DISK and Encryption set to false, Replication Type set to server-side default replication type, Namespace Quota set to -1, Space Quota set to -1 
2023-05-17 09:09:13,505 [OM StateMachine ApplyTransaction Thread - 0] INFO  bucket.OMBucketCreateRequest (OMBucketCreateRequest.java:validateAndUpdateCache(270)) - created bucket: 54fb7b62-2af8-4793-a979-538ff4d54109 of layout OBJECT_STORE in volume: a864d82f-b9b1-4620-84e6-73dfd78ff054
2023-05-17 09:09:13,590 [IPC Server handler 19 on default port 15001] INFO  ha.SequenceIdGenerator (SequenceIdGenerator.java:getNextId(128)) - Allocate a batch for containerId, change lastId from 0 to 1000.
2023-05-17 09:09:13,600 [IPC Server handler 19 on default port 15001] WARN  ha.SequenceIdGenerator (SequenceIdGenerator.java:allocateBatch(237)) - Failed to allocate a batch for localId, expected lastId is 0, actual lastId is 111677748019200000.
2023-05-17 09:09:13,601 [IPC Server handler 19 on default port 15001] INFO  ha.SequenceIdGenerator (SequenceIdGenerator.java:getNextId(128)) - Allocate a batch for localId, change lastId from 111677748019200000 to 111677748019201000.
2023-05-17 09:09:13,608 [b2b5d537-374d-472d-b9f1-d9543cb70a6b@group-CDB51B945669-FollowerState] INFO  impl.FollowerState (FollowerState.java:run(143)) - b2b5d537-374d-472d-b9f1-d9543cb70a6b@group-CDB51B945669-FollowerState: change to CANDIDATE, lastRpcElapsedTime:5003385383ns, electionTimeout:5001ms
2023-05-17 09:09:13,608 [b2b5d537-374d-472d-b9f1-d9543cb70a6b@group-CDB51B945669-FollowerState] INFO  impl.RoleInfo (RoleInfo.java:shutdownFollowerState(110)) - b2b5d537-374d-472d-b9f1-d9543cb70a6b: shutdown b2b5d537-374d-472d-b9f1-d9543cb70a6b@group-CDB51B945669-FollowerState
2023-05-17 09:09:13,608 [b2b5d537-374d-472d-b9f1-d9543cb70a6b@group-CDB51B945669-FollowerState] INFO  server.RaftServer$Division (RaftServerImpl.java:setRole(329)) - b2b5d537-374d-472d-b9f1-d9543cb70a6b@group-CDB51B945669: changes role from  FOLLOWER to CANDIDATE at term 0 for changeToCandidate
2023-05-17 09:09:13,608 [b2b5d537-374d-472d-b9f1-d9543cb70a6b@group-CDB51B945669-FollowerState] INFO  server.RaftServerConfigKeys (ConfUtils.java:logGet(46)) - raft.server.leaderelection.pre-vote = true (default)
2023-05-17 09:09:13,608 [b2b5d537-374d-472d-b9f1-d9543cb70a6b@group-CDB51B945669-FollowerState] INFO  impl.RoleInfo (RoleInfo.java:updateAndGet(139)) - b2b5d537-374d-472d-b9f1-d9543cb70a6b: start b2b5d537-374d-472d-b9f1-d9543cb70a6b@group-CDB51B945669-LeaderElection12
2023-05-17 09:09:13,613 [b2b5d537-374d-472d-b9f1-d9543cb70a6b@group-CDB51B945669-LeaderElection12] INFO  impl.LeaderElection (LeaderElection.java:askForVotes(321)) - b2b5d537-374d-472d-b9f1-d9543cb70a6b@group-CDB51B945669-LeaderElection12 PRE_VOTE round 0: submit vote requests at term 0 for -1: peers:[b2b5d537-374d-472d-b9f1-d9543cb70a6b|rpc:10.1.0.64:15053|admin:10.1.0.64:15052|client:10.1.0.64:15051|dataStream:10.1.0.64:15054|priority:0|startupRole:FOLLOWER, b98521b2-5644-4aab-8244-d2e66a88cd45|rpc:10.1.0.64:15045|admin:10.1.0.64:15044|client:10.1.0.64:15043|dataStream:10.1.0.64:15046|priority:0|startupRole:FOLLOWER, 57ed5fd8-a62b-44c8-9c66-83b6d5ca8b16|rpc:10.1.0.64:15037|admin:10.1.0.64:15036|client:10.1.0.64:15035|dataStream:10.1.0.64:15038|priority:1|startupRole:FOLLOWER]|listeners:[], old=null
2023-05-17 09:09:13,613 [b2b5d537-374d-472d-b9f1-d9543cb70a6b@group-CDB51B945669-LeaderElection12-1] INFO  server.GrpcServerProtocolClient (GrpcServerProtocolClient.java:<init>(65)) - Build channel for b98521b2-5644-4aab-8244-d2e66a88cd45
2023-05-17 09:09:13,615 [b2b5d537-374d-472d-b9f1-d9543cb70a6b@group-CDB51B945669-LeaderElection12] INFO  server.RaftServerConfigKeys (ConfUtils.java:logFallback(53)) - raft.server.rpc.first-election.timeout.min = 5s (fallback to raft.server.rpc.timeout.min)
2023-05-17 09:09:13,615 [b2b5d537-374d-472d-b9f1-d9543cb70a6b@group-CDB51B945669-LeaderElection12] INFO  server.RaftServerConfigKeys (ConfUtils.java:logFallback(53)) - raft.server.rpc.first-election.timeout.max = 5200ms (fallback to raft.server.rpc.timeout.max)
2023-05-17 09:09:13,615 [b2b5d537-374d-472d-b9f1-d9543cb70a6b@group-CDB51B945669-LeaderElection12-2] INFO  server.GrpcServerProtocolClient (GrpcServerProtocolClient.java:<init>(65)) - Build channel for 57ed5fd8-a62b-44c8-9c66-83b6d5ca8b16
2023-05-17 09:09:13,633 [grpc-default-executor-3] INFO  server.RaftServer$Division (RaftServerImpl.java:requestVote(1302)) - 57ed5fd8-a62b-44c8-9c66-83b6d5ca8b16@group-CDB51B945669: receive requestVote(PRE_VOTE, b2b5d537-374d-472d-b9f1-d9543cb70a6b, group-CDB51B945669, 0, (t:0, i:0))
2023-05-17 09:09:13,633 [grpc-default-executor-3] INFO  impl.VoteContext (VoteContext.java:log(49)) - 57ed5fd8-a62b-44c8-9c66-83b6d5ca8b16@group-CDB51B945669-FOLLOWER: reject PRE_VOTE from b2b5d537-374d-472d-b9f1-d9543cb70a6b: our priority 1 > candidate's priority 0
2023-05-17 09:09:13,633 [grpc-default-executor-3] INFO  server.RaftServer$Division (RaftServerImpl.java:requestVote(1335)) - 57ed5fd8-a62b-44c8-9c66-83b6d5ca8b16@group-CDB51B945669 replies to PRE_VOTE vote request: b2b5d537-374d-472d-b9f1-d9543cb70a6b<-57ed5fd8-a62b-44c8-9c66-83b6d5ca8b16#0:FAIL-t0. Peer's state: 57ed5fd8-a62b-44c8-9c66-83b6d5ca8b16@group-CDB51B945669:t0, leader=null, voted=, raftlog=Memoized:57ed5fd8-a62b-44c8-9c66-83b6d5ca8b16@group-CDB51B945669-SegmentedRaftLog:OPENED:c-1, conf=-1: peers:[b2b5d537-374d-472d-b9f1-d9543cb70a6b|rpc:10.1.0.64:15053|admin:10.1.0.64:15052|client:10.1.0.64:15051|dataStream:10.1.0.64:15054|priority:0|startupRole:FOLLOWER, b98521b2-5644-4aab-8244-d2e66a88cd45|rpc:10.1.0.64:15045|admin:10.1.0.64:15044|client:10.1.0.64:15043|dataStream:10.1.0.64:15046|priority:0|startupRole:FOLLOWER, 57ed5fd8-a62b-44c8-9c66-83b6d5ca8b16|rpc:10.1.0.64:15037|admin:10.1.0.64:15036|client:10.1.0.64:15035|dataStream:10.1.0.64:15038|priority:1|startupRole:FOLLOWER]|listeners:[], old=null
2023-05-17 09:09:13,637 [b2b5d537-374d-472d-b9f1-d9543cb70a6b@group-CDB51B945669-LeaderElection12] INFO  impl.LeaderElection (LeaderElection.java:logAndReturn(90)) - b2b5d537-374d-472d-b9f1-d9543cb70a6b@group-CDB51B945669-LeaderElection12: PRE_VOTE REJECTED received 1 response(s) and 0 exception(s):
2023-05-17 09:09:13,637 [b2b5d537-374d-472d-b9f1-d9543cb70a6b@group-CDB51B945669-LeaderElection12] INFO  impl.LeaderElection (LeaderElection.java:logAndReturn(94)) -   Response 0: b2b5d537-374d-472d-b9f1-d9543cb70a6b<-57ed5fd8-a62b-44c8-9c66-83b6d5ca8b16#0:FAIL-t0
2023-05-17 09:09:13,637 [b2b5d537-374d-472d-b9f1-d9543cb70a6b@group-CDB51B945669-LeaderElection12] INFO  impl.LeaderElection (LeaderElection.java:askForVotes(323)) - b2b5d537-374d-472d-b9f1-d9543cb70a6b@group-CDB51B945669-LeaderElection12 PRE_VOTE round 0: result REJECTED
2023-05-17 09:09:13,637 [b2b5d537-374d-472d-b9f1-d9543cb70a6b@group-CDB51B945669-LeaderElection12] INFO  server.RaftServer$Division (RaftServerImpl.java:setRole(329)) - b2b5d537-374d-472d-b9f1-d9543cb70a6b@group-CDB51B945669: changes role from CANDIDATE to FOLLOWER at term 0 for REJECTED
2023-05-17 09:09:13,638 [b2b5d537-374d-472d-b9f1-d9543cb70a6b@group-CDB51B945669-LeaderElection12] INFO  impl.RoleInfo (RoleInfo.java:shutdownLeaderElection(130)) - b2b5d537-374d-472d-b9f1-d9543cb70a6b: shutdown b2b5d537-374d-472d-b9f1-d9543cb70a6b@group-CDB51B945669-LeaderElection12
2023-05-17 09:09:13,638 [b2b5d537-374d-472d-b9f1-d9543cb70a6b@group-CDB51B945669-LeaderElection12] INFO  impl.RoleInfo (RoleInfo.java:updateAndGet(139)) - b2b5d537-374d-472d-b9f1-d9543cb70a6b: start b2b5d537-374d-472d-b9f1-d9543cb70a6b@group-CDB51B945669-FollowerState
2023-05-17 09:09:13,654 [grpc-default-executor-3] INFO  server.RaftServer$Division (RaftServerImpl.java:requestVote(1302)) - b98521b2-5644-4aab-8244-d2e66a88cd45@group-CDB51B945669: receive requestVote(PRE_VOTE, b2b5d537-374d-472d-b9f1-d9543cb70a6b, group-CDB51B945669, 0, (t:0, i:0))
2023-05-17 09:09:13,654 [grpc-default-executor-3] INFO  impl.VoteContext (VoteContext.java:log(49)) - b98521b2-5644-4aab-8244-d2e66a88cd45@group-CDB51B945669-FOLLOWER: accept PRE_VOTE from b2b5d537-374d-472d-b9f1-d9543cb70a6b: our priority 0 <= candidate's priority 0
2023-05-17 09:09:13,654 [grpc-default-executor-3] INFO  server.RaftServer$Division (RaftServerImpl.java:requestVote(1335)) - b98521b2-5644-4aab-8244-d2e66a88cd45@group-CDB51B945669 replies to PRE_VOTE vote request: b2b5d537-374d-472d-b9f1-d9543cb70a6b<-b98521b2-5644-4aab-8244-d2e66a88cd45#0:OK-t0. Peer's state: b98521b2-5644-4aab-8244-d2e66a88cd45@group-CDB51B945669:t0, leader=null, voted=, raftlog=Memoized:b98521b2-5644-4aab-8244-d2e66a88cd45@group-CDB51B945669-SegmentedRaftLog:OPENED:c-1, conf=-1: peers:[b2b5d537-374d-472d-b9f1-d9543cb70a6b|rpc:10.1.0.64:15053|admin:10.1.0.64:15052|client:10.1.0.64:15051|dataStream:10.1.0.64:15054|priority:0|startupRole:FOLLOWER, b98521b2-5644-4aab-8244-d2e66a88cd45|rpc:10.1.0.64:15045|admin:10.1.0.64:15044|client:10.1.0.64:15043|dataStream:10.1.0.64:15046|priority:0|startupRole:FOLLOWER, 57ed5fd8-a62b-44c8-9c66-83b6d5ca8b16|rpc:10.1.0.64:15037|admin:10.1.0.64:15036|client:10.1.0.64:15035|dataStream:10.1.0.64:15038|priority:1|startupRole:FOLLOWER]|listeners:[], old=null
2023-05-17 09:09:13,705 [b98521b2-5644-4aab-8244-d2e66a88cd45@group-2EE872F2B0F0-FollowerState] INFO  impl.FollowerState (FollowerState.java:run(143)) - b98521b2-5644-4aab-8244-d2e66a88cd45@group-2EE872F2B0F0-FollowerState: change to CANDIDATE, lastRpcElapsedTime:5113520756ns, electionTimeout:5101ms
2023-05-17 09:09:13,705 [b98521b2-5644-4aab-8244-d2e66a88cd45@group-2EE872F2B0F0-FollowerState] INFO  impl.RoleInfo (RoleInfo.java:shutdownFollowerState(110)) - b98521b2-5644-4aab-8244-d2e66a88cd45: shutdown b98521b2-5644-4aab-8244-d2e66a88cd45@group-2EE872F2B0F0-FollowerState
2023-05-17 09:09:13,705 [b98521b2-5644-4aab-8244-d2e66a88cd45@group-2EE872F2B0F0-FollowerState] INFO  server.RaftServer$Division (RaftServerImpl.java:setRole(329)) - b98521b2-5644-4aab-8244-d2e66a88cd45@group-2EE872F2B0F0: changes role from  FOLLOWER to CANDIDATE at term 0 for changeToCandidate
2023-05-17 09:09:13,706 [b98521b2-5644-4aab-8244-d2e66a88cd45@group-2EE872F2B0F0-FollowerState] INFO  server.RaftServerConfigKeys (ConfUtils.java:logGet(46)) - raft.server.leaderelection.pre-vote = true (default)
2023-05-17 09:09:13,706 [b98521b2-5644-4aab-8244-d2e66a88cd45@group-2EE872F2B0F0-FollowerState] INFO  impl.RoleInfo (RoleInfo.java:updateAndGet(139)) - b98521b2-5644-4aab-8244-d2e66a88cd45: start b98521b2-5644-4aab-8244-d2e66a88cd45@group-2EE872F2B0F0-LeaderElection13
2023-05-17 09:09:13,709 [b98521b2-5644-4aab-8244-d2e66a88cd45@group-2EE872F2B0F0-LeaderElection13] INFO  impl.LeaderElection (LeaderElection.java:askForVotes(321)) - b98521b2-5644-4aab-8244-d2e66a88cd45@group-2EE872F2B0F0-LeaderElection13 PRE_VOTE round 0: submit vote requests at term 0 for -1: peers:[b2b5d537-374d-472d-b9f1-d9543cb70a6b|rpc:10.1.0.64:15053|admin:10.1.0.64:15052|client:10.1.0.64:15051|dataStream:10.1.0.64:15054|priority:0|startupRole:FOLLOWER, b98521b2-5644-4aab-8244-d2e66a88cd45|rpc:10.1.0.64:15045|admin:10.1.0.64:15044|client:10.1.0.64:15043|dataStream:10.1.0.64:15046|priority:1|startupRole:FOLLOWER, 57ed5fd8-a62b-44c8-9c66-83b6d5ca8b16|rpc:10.1.0.64:15037|admin:10.1.0.64:15036|client:10.1.0.64:15035|dataStream:10.1.0.64:15038|priority:0|startupRole:FOLLOWER]|listeners:[], old=null
2023-05-17 09:09:13,709 [b98521b2-5644-4aab-8244-d2e66a88cd45@group-2EE872F2B0F0-LeaderElection13-1] INFO  server.GrpcServerProtocolClient (GrpcServerProtocolClient.java:<init>(65)) - Build channel for b2b5d537-374d-472d-b9f1-d9543cb70a6b
2023-05-17 09:09:13,714 [b98521b2-5644-4aab-8244-d2e66a88cd45@group-2EE872F2B0F0-LeaderElection13] INFO  server.RaftServerConfigKeys (ConfUtils.java:logFallback(53)) - raft.server.rpc.first-election.timeout.min = 5s (fallback to raft.server.rpc.timeout.min)
2023-05-17 09:09:13,714 [b98521b2-5644-4aab-8244-d2e66a88cd45@group-2EE872F2B0F0-LeaderElection13] INFO  server.RaftServerConfigKeys (ConfUtils.java:logFallback(53)) - raft.server.rpc.first-election.timeout.max = 5200ms (fallback to raft.server.rpc.timeout.max)
2023-05-17 09:09:13,714 [b98521b2-5644-4aab-8244-d2e66a88cd45@group-2EE872F2B0F0-LeaderElection13-2] INFO  server.GrpcServerProtocolClient (GrpcServerProtocolClient.java:<init>(65)) - Build channel for 57ed5fd8-a62b-44c8-9c66-83b6d5ca8b16
2023-05-17 09:09:13,725 [grpc-default-executor-2] INFO  server.RaftServer$Division (RaftServerImpl.java:requestVote(1302)) - b2b5d537-374d-472d-b9f1-d9543cb70a6b@group-2EE872F2B0F0: receive requestVote(PRE_VOTE, b98521b2-5644-4aab-8244-d2e66a88cd45, group-2EE872F2B0F0, 0, (t:0, i:0))
2023-05-17 09:09:13,726 [grpc-default-executor-2] INFO  impl.VoteContext (VoteContext.java:log(49)) - b2b5d537-374d-472d-b9f1-d9543cb70a6b@group-2EE872F2B0F0-FOLLOWER: accept PRE_VOTE from b98521b2-5644-4aab-8244-d2e66a88cd45: our priority 0 <= candidate's priority 1
2023-05-17 09:09:13,726 [grpc-default-executor-2] INFO  server.RaftServer$Division (RaftServerImpl.java:requestVote(1335)) - b2b5d537-374d-472d-b9f1-d9543cb70a6b@group-2EE872F2B0F0 replies to PRE_VOTE vote request: b98521b2-5644-4aab-8244-d2e66a88cd45<-b2b5d537-374d-472d-b9f1-d9543cb70a6b#0:OK-t0. Peer's state: b2b5d537-374d-472d-b9f1-d9543cb70a6b@group-2EE872F2B0F0:t0, leader=null, voted=, raftlog=Memoized:b2b5d537-374d-472d-b9f1-d9543cb70a6b@group-2EE872F2B0F0-SegmentedRaftLog:OPENED:c-1, conf=-1: peers:[b2b5d537-374d-472d-b9f1-d9543cb70a6b|rpc:10.1.0.64:15053|admin:10.1.0.64:15052|client:10.1.0.64:15051|dataStream:10.1.0.64:15054|priority:0|startupRole:FOLLOWER, b98521b2-5644-4aab-8244-d2e66a88cd45|rpc:10.1.0.64:15045|admin:10.1.0.64:15044|client:10.1.0.64:15043|dataStream:10.1.0.64:15046|priority:1|startupRole:FOLLOWER, 57ed5fd8-a62b-44c8-9c66-83b6d5ca8b16|rpc:10.1.0.64:15037|admin:10.1.0.64:15036|client:10.1.0.64:15035|dataStream:10.1.0.64:15038|priority:0|startupRole:FOLLOWER]|listeners:[], old=null
2023-05-17 09:09:13,727 [grpc-default-executor-3] INFO  server.RaftServer$Division (RaftServerImpl.java:requestVote(1302)) - 57ed5fd8-a62b-44c8-9c66-83b6d5ca8b16@group-2EE872F2B0F0: receive requestVote(PRE_VOTE, b98521b2-5644-4aab-8244-d2e66a88cd45, group-2EE872F2B0F0, 0, (t:0, i:0))
2023-05-17 09:09:13,727 [grpc-default-executor-3] INFO  impl.VoteContext (VoteContext.java:log(49)) - 57ed5fd8-a62b-44c8-9c66-83b6d5ca8b16@group-2EE872F2B0F0-FOLLOWER: accept PRE_VOTE from b98521b2-5644-4aab-8244-d2e66a88cd45: our priority 0 <= candidate's priority 1
2023-05-17 09:09:13,728 [grpc-default-executor-3] INFO  server.RaftServer$Division (RaftServerImpl.java:requestVote(1335)) - 57ed5fd8-a62b-44c8-9c66-83b6d5ca8b16@group-2EE872F2B0F0 replies to PRE_VOTE vote request: b98521b2-5644-4aab-8244-d2e66a88cd45<-57ed5fd8-a62b-44c8-9c66-83b6d5ca8b16#0:OK-t0. Peer's state: 57ed5fd8-a62b-44c8-9c66-83b6d5ca8b16@group-2EE872F2B0F0:t0, leader=null, voted=, raftlog=Memoized:57ed5fd8-a62b-44c8-9c66-83b6d5ca8b16@group-2EE872F2B0F0-SegmentedRaftLog:OPENED:c-1, conf=-1: peers:[b2b5d537-374d-472d-b9f1-d9543cb70a6b|rpc:10.1.0.64:15053|admin:10.1.0.64:15052|client:10.1.0.64:15051|dataStream:10.1.0.64:15054|priority:0|startupRole:FOLLOWER, b98521b2-5644-4aab-8244-d2e66a88cd45|rpc:10.1.0.64:15045|admin:10.1.0.64:15044|client:10.1.0.64:15043|dataStream:10.1.0.64:15046|priority:1|startupRole:FOLLOWER, 57ed5fd8-a62b-44c8-9c66-83b6d5ca8b16|rpc:10.1.0.64:15037|admin:10.1.0.64:15036|client:10.1.0.64:15035|dataStream:10.1.0.64:15038|priority:0|startupRole:FOLLOWER]|listeners:[], old=null
2023-05-17 09:09:13,733 [b98521b2-5644-4aab-8244-d2e66a88cd45@group-2EE872F2B0F0-LeaderElection13] INFO  impl.LeaderElection (LeaderElection.java:logAndReturn(90)) - b98521b2-5644-4aab-8244-d2e66a88cd45@group-2EE872F2B0F0-LeaderElection13: PRE_VOTE PASSED received 1 response(s) and 0 exception(s):
2023-05-17 09:09:13,733 [b98521b2-5644-4aab-8244-d2e66a88cd45@group-2EE872F2B0F0-LeaderElection13] INFO  impl.LeaderElection (LeaderElection.java:logAndReturn(94)) -   Response 0: b98521b2-5644-4aab-8244-d2e66a88cd45<-b2b5d537-374d-472d-b9f1-d9543cb70a6b#0:OK-t0
2023-05-17 09:09:13,733 [b98521b2-5644-4aab-8244-d2e66a88cd45@group-2EE872F2B0F0-LeaderElection13] INFO  impl.LeaderElection (LeaderElection.java:askForVotes(323)) - b98521b2-5644-4aab-8244-d2e66a88cd45@group-2EE872F2B0F0-LeaderElection13 PRE_VOTE round 0: result PASSED
2023-05-17 09:09:13,741 [b98521b2-5644-4aab-8244-d2e66a88cd45@group-2EE872F2B0F0-LeaderElection13] INFO  impl.LeaderElection (LeaderElection.java:askForVotes(321)) - b98521b2-5644-4aab-8244-d2e66a88cd45@group-2EE872F2B0F0-LeaderElection13 ELECTION round 0: submit vote requests at term 1 for -1: peers:[b2b5d537-374d-472d-b9f1-d9543cb70a6b|rpc:10.1.0.64:15053|admin:10.1.0.64:15052|client:10.1.0.64:15051|dataStream:10.1.0.64:15054|priority:0|startupRole:FOLLOWER, b98521b2-5644-4aab-8244-d2e66a88cd45|rpc:10.1.0.64:15045|admin:10.1.0.64:15044|client:10.1.0.64:15043|dataStream:10.1.0.64:15046|priority:1|startupRole:FOLLOWER, 57ed5fd8-a62b-44c8-9c66-83b6d5ca8b16|rpc:10.1.0.64:15037|admin:10.1.0.64:15036|client:10.1.0.64:15035|dataStream:10.1.0.64:15038|priority:0|startupRole:FOLLOWER]|listeners:[], old=null
2023-05-17 09:09:13,747 [grpc-default-executor-3] INFO  server.RaftServer$Division (RaftServerImpl.java:requestVote(1302)) - b2b5d537-374d-472d-b9f1-d9543cb70a6b@group-2EE872F2B0F0: receive requestVote(ELECTION, b98521b2-5644-4aab-8244-d2e66a88cd45, group-2EE872F2B0F0, 1, (t:0, i:0))
2023-05-17 09:09:13,747 [grpc-default-executor-3] INFO  impl.VoteContext (VoteContext.java:log(49)) - b2b5d537-374d-472d-b9f1-d9543cb70a6b@group-2EE872F2B0F0-FOLLOWER: accept ELECTION from b98521b2-5644-4aab-8244-d2e66a88cd45: our priority 0 <= candidate's priority 1
2023-05-17 09:09:13,747 [grpc-default-executor-3] INFO  server.RaftServer$Division (RaftServerImpl.java:setRole(329)) - b2b5d537-374d-472d-b9f1-d9543cb70a6b@group-2EE872F2B0F0: changes role from  FOLLOWER to FOLLOWER at term 1 for candidate:b98521b2-5644-4aab-8244-d2e66a88cd45
2023-05-17 09:09:13,747 [grpc-default-executor-3] INFO  impl.RoleInfo (RoleInfo.java:shutdownFollowerState(110)) - b2b5d537-374d-472d-b9f1-d9543cb70a6b: shutdown b2b5d537-374d-472d-b9f1-d9543cb70a6b@group-2EE872F2B0F0-FollowerState
2023-05-17 09:09:13,748 [b98521b2-5644-4aab-8244-d2e66a88cd45@group-2EE872F2B0F0-LeaderElection13] INFO  server.RaftServerConfigKeys (ConfUtils.java:logFallback(53)) - raft.server.rpc.first-election.timeout.min = 5s (fallback to raft.server.rpc.timeout.min)
2023-05-17 09:09:13,748 [b98521b2-5644-4aab-8244-d2e66a88cd45@group-2EE872F2B0F0-LeaderElection13] INFO  server.RaftServerConfigKeys (ConfUtils.java:logFallback(53)) - raft.server.rpc.first-election.timeout.max = 5200ms (fallback to raft.server.rpc.timeout.max)
2023-05-17 09:09:13,752 [grpc-default-executor-2] INFO  server.RaftServer$Division (RaftServerImpl.java:requestVote(1302)) - 57ed5fd8-a62b-44c8-9c66-83b6d5ca8b16@group-2EE872F2B0F0: receive requestVote(ELECTION, b98521b2-5644-4aab-8244-d2e66a88cd45, group-2EE872F2B0F0, 1, (t:0, i:0))
2023-05-17 09:09:13,752 [grpc-default-executor-2] INFO  impl.VoteContext (VoteContext.java:log(49)) - 57ed5fd8-a62b-44c8-9c66-83b6d5ca8b16@group-2EE872F2B0F0-FOLLOWER: accept ELECTION from b98521b2-5644-4aab-8244-d2e66a88cd45: our priority 0 <= candidate's priority 1
2023-05-17 09:09:13,752 [grpc-default-executor-2] INFO  server.RaftServer$Division (RaftServerImpl.java:setRole(329)) - 57ed5fd8-a62b-44c8-9c66-83b6d5ca8b16@group-2EE872F2B0F0: changes role from  FOLLOWER to FOLLOWER at term 1 for candidate:b98521b2-5644-4aab-8244-d2e66a88cd45
2023-05-17 09:09:13,752 [grpc-default-executor-2] INFO  impl.RoleInfo (RoleInfo.java:shutdownFollowerState(110)) - 57ed5fd8-a62b-44c8-9c66-83b6d5ca8b16: shutdown 57ed5fd8-a62b-44c8-9c66-83b6d5ca8b16@group-2EE872F2B0F0-FollowerState
2023-05-17 09:09:13,752 [grpc-default-executor-2] INFO  impl.RoleInfo (RoleInfo.java:updateAndGet(139)) - 57ed5fd8-a62b-44c8-9c66-83b6d5ca8b16: start 57ed5fd8-a62b-44c8-9c66-83b6d5ca8b16@group-2EE872F2B0F0-FollowerState
2023-05-17 09:09:13,753 [57ed5fd8-a62b-44c8-9c66-83b6d5ca8b16@group-2EE872F2B0F0-FollowerState] INFO  impl.FollowerState (FollowerState.java:run(152)) - 57ed5fd8-a62b-44c8-9c66-83b6d5ca8b16@group-2EE872F2B0F0-FollowerState was interrupted
2023-05-17 09:09:13,756 [grpc-default-executor-3] INFO  impl.RoleInfo (RoleInfo.java:updateAndGet(139)) - b2b5d537-374d-472d-b9f1-d9543cb70a6b: start b2b5d537-374d-472d-b9f1-d9543cb70a6b@group-2EE872F2B0F0-FollowerState
2023-05-17 09:09:13,756 [b2b5d537-374d-472d-b9f1-d9543cb70a6b@group-2EE872F2B0F0-FollowerState] INFO  impl.FollowerState (FollowerState.java:run(152)) - b2b5d537-374d-472d-b9f1-d9543cb70a6b@group-2EE872F2B0F0-FollowerState was interrupted
2023-05-17 09:09:13,759 [grpc-default-executor-2] INFO  server.RaftServer$Division (RaftServerImpl.java:requestVote(1335)) - 57ed5fd8-a62b-44c8-9c66-83b6d5ca8b16@group-2EE872F2B0F0 replies to ELECTION vote request: b98521b2-5644-4aab-8244-d2e66a88cd45<-57ed5fd8-a62b-44c8-9c66-83b6d5ca8b16#0:OK-t1. Peer's state: 57ed5fd8-a62b-44c8-9c66-83b6d5ca8b16@group-2EE872F2B0F0:t1, leader=null, voted=b98521b2-5644-4aab-8244-d2e66a88cd45, raftlog=Memoized:57ed5fd8-a62b-44c8-9c66-83b6d5ca8b16@group-2EE872F2B0F0-SegmentedRaftLog:OPENED:c-1, conf=-1: peers:[b2b5d537-374d-472d-b9f1-d9543cb70a6b|rpc:10.1.0.64:15053|admin:10.1.0.64:15052|client:10.1.0.64:15051|dataStream:10.1.0.64:15054|priority:0|startupRole:FOLLOWER, b98521b2-5644-4aab-8244-d2e66a88cd45|rpc:10.1.0.64:15045|admin:10.1.0.64:15044|client:10.1.0.64:15043|dataStream:10.1.0.64:15046|priority:1|startupRole:FOLLOWER, 57ed5fd8-a62b-44c8-9c66-83b6d5ca8b16|rpc:10.1.0.64:15037|admin:10.1.0.64:15036|client:10.1.0.64:15035|dataStream:10.1.0.64:15038|priority:0|startupRole:FOLLOWER]|listeners:[], old=null
2023-05-17 09:09:13,761 [b98521b2-5644-4aab-8244-d2e66a88cd45@group-2EE872F2B0F0-LeaderElection13] INFO  impl.LeaderElection (LeaderElection.java:logAndReturn(90)) - b98521b2-5644-4aab-8244-d2e66a88cd45@group-2EE872F2B0F0-LeaderElection13: ELECTION PASSED received 1 response(s) and 0 exception(s):
2023-05-17 09:09:13,761 [b98521b2-5644-4aab-8244-d2e66a88cd45@group-2EE872F2B0F0-LeaderElection13] INFO  impl.LeaderElection (LeaderElection.java:logAndReturn(94)) -   Response 0: b98521b2-5644-4aab-8244-d2e66a88cd45<-57ed5fd8-a62b-44c8-9c66-83b6d5ca8b16#0:OK-t1
2023-05-17 09:09:13,761 [b98521b2-5644-4aab-8244-d2e66a88cd45@group-2EE872F2B0F0-LeaderElection13] INFO  impl.LeaderElection (LeaderElection.java:askForVotes(323)) - b98521b2-5644-4aab-8244-d2e66a88cd45@group-2EE872F2B0F0-LeaderElection13 ELECTION round 0: result PASSED
2023-05-17 09:09:13,761 [b98521b2-5644-4aab-8244-d2e66a88cd45@group-2EE872F2B0F0-LeaderElection13] INFO  impl.RoleInfo (RoleInfo.java:shutdownLeaderElection(130)) - b98521b2-5644-4aab-8244-d2e66a88cd45: shutdown b98521b2-5644-4aab-8244-d2e66a88cd45@group-2EE872F2B0F0-LeaderElection13
2023-05-17 09:09:13,761 [b98521b2-5644-4aab-8244-d2e66a88cd45@group-2EE872F2B0F0-LeaderElection13] INFO  server.RaftServer$Division (RaftServerImpl.java:setRole(329)) - b98521b2-5644-4aab-8244-d2e66a88cd45@group-2EE872F2B0F0: changes role from CANDIDATE to LEADER at term 1 for changeToLeader
2023-05-17 09:09:13,761 [b98521b2-5644-4aab-8244-d2e66a88cd45@group-2EE872F2B0F0-LeaderElection13] INFO  ratis.XceiverServerRatis (XceiverServerRatis.java:handleLeaderChangedNotification(904)) - Leader change notification received for group: group-2EE872F2B0F0 with new leaderId: b98521b2-5644-4aab-8244-d2e66a88cd45
2023-05-17 09:09:13,761 [b98521b2-5644-4aab-8244-d2e66a88cd45@group-2EE872F2B0F0-LeaderElection13] INFO  server.RaftServer$Division (ServerState.java:setLeader(317)) - b98521b2-5644-4aab-8244-d2e66a88cd45@group-2EE872F2B0F0: change Leader from null to b98521b2-5644-4aab-8244-d2e66a88cd45 at term 1 for becomeLeader, leader elected after 5609ms
2023-05-17 09:09:13,761 [b98521b2-5644-4aab-8244-d2e66a88cd45@group-2EE872F2B0F0-LeaderElection13] INFO  server.RaftServerConfigKeys (ConfUtils.java:logGet(46)) - raft.server.staging.catchup.gap = 1000 (default)
2023-05-17 09:09:13,762 [b98521b2-5644-4aab-8244-d2e66a88cd45@group-2EE872F2B0F0-LeaderElection13] INFO  server.RaftServerConfigKeys (ConfUtils.java:logGet(46)) - raft.server.write.element-limit = 1024 (custom)
2023-05-17 09:09:13,762 [b98521b2-5644-4aab-8244-d2e66a88cd45@group-2EE872F2B0F0-LeaderElection13] INFO  server.RaftServerConfigKeys (ConfUtils.java:logGet(46)) - raft.server.write.byte-limit = 1024 M (=1073741824) (custom)
2023-05-17 09:09:13,762 [b98521b2-5644-4aab-8244-d2e66a88cd45@group-2EE872F2B0F0-LeaderElection13] INFO  server.RaftServerConfigKeys (ConfUtils.java:logGet(46)) - raft.server.watch.timeout = 180s (custom)
2023-05-17 09:09:13,762 [b98521b2-5644-4aab-8244-d2e66a88cd45@group-2EE872F2B0F0-LeaderElection13] INFO  server.RaftServerConfigKeys (ConfUtils.java:logGet(46)) - raft.server.watch.timeout.denomination = 1s (default)
2023-05-17 09:09:13,762 [b98521b2-5644-4aab-8244-d2e66a88cd45@group-2EE872F2B0F0-LeaderElection13] INFO  server.RaftServerConfigKeys (ConfUtils.java:logGet(46)) - raft.server.watch.element-limit = 65536 (default)
2023-05-17 09:09:13,762 [b98521b2-5644-4aab-8244-d2e66a88cd45@group-2EE872F2B0F0-LeaderElection13] INFO  server.RaftServerConfigKeys (ConfUtils.java:logGet(46)) - raft.server.write.element-limit = 1024 (custom)
2023-05-17 09:09:13,762 [b98521b2-5644-4aab-8244-d2e66a88cd45@group-2EE872F2B0F0-LeaderElection13] INFO  server.RaftServerConfigKeys (ConfUtils.java:logGet(46)) - raft.server.write.follower.gap.ratio.max = -1.0 (default)
2023-05-17 09:09:13,763 [b98521b2-5644-4aab-8244-d2e66a88cd45@group-2EE872F2B0F0-LeaderElection13] INFO  server.RaftServerConfigKeys (ConfUtils.java:logGet(46)) - raft.server.log.appender.snapshot.chunk.size.max = 16MB (=16777216) (default)
2023-05-17 09:09:13,763 [b98521b2-5644-4aab-8244-d2e66a88cd45@group-2EE872F2B0F0-LeaderElection13] INFO  server.RaftServerConfigKeys (ConfUtils.java:logGet(46)) - raft.server.log.appender.buffer.byte-limit = 33554432 (custom)
2023-05-17 09:09:13,763 [b98521b2-5644-4aab-8244-d2e66a88cd45@group-2EE872F2B0F0-LeaderElection13] INFO  server.RaftServerConfigKeys (ConfUtils.java:logGet(46)) - raft.server.log.appender.buffer.element-limit = 1 (custom)
2023-05-17 09:09:13,763 [b98521b2-5644-4aab-8244-d2e66a88cd45@group-2EE872F2B0F0-LeaderElection13] INFO  server.RaftServerConfigKeys (ConfUtils.java:logGet(46)) - raft.server.log.appender.wait-time.min = 10ms (default)
2023-05-17 09:09:13,763 [b98521b2-5644-4aab-8244-d2e66a88cd45@group-2EE872F2B0F0-LeaderElection13] INFO  grpc.GrpcConfigKeys (ConfUtils.java:logGet(46)) - raft.grpc.server.leader.outstanding.appends.max = 128 (default)
2023-05-17 09:09:13,763 [b98521b2-5644-4aab-8244-d2e66a88cd45@group-2EE872F2B0F0-LeaderElection13] INFO  server.RaftServerConfigKeys (ConfUtils.java:logGet(46)) - raft.server.rpc.request.timeout = 60s (custom)
2023-05-17 09:09:13,763 [b98521b2-5644-4aab-8244-d2e66a88cd45@group-2EE872F2B0F0-LeaderElection13] INFO  grpc.GrpcConfigKeys (ConfUtils.java:logGet(46)) - raft.grpc.server.install_snapshot.request.element-limit = 8 (default)
2023-05-17 09:09:13,764 [b98521b2-5644-4aab-8244-d2e66a88cd45@group-2EE872F2B0F0-LeaderElection13] INFO  grpc.GrpcConfigKeys (ConfUtils.java:logGet(46)) - raft.grpc.server.install_snapshot.request.timeout = 3000ms (default)
2023-05-17 09:09:13,764 [b98521b2-5644-4aab-8244-d2e66a88cd45@group-2EE872F2B0F0-LeaderElection13] INFO  server.RaftServerConfigKeys (ConfUtils.java:logGet(46)) - raft.server.log.appender.install.snapshot.enabled = false (custom)
2023-05-17 09:09:13,764 [b98521b2-5644-4aab-8244-d2e66a88cd45@group-2EE872F2B0F0-LeaderElection13] INFO  grpc.GrpcConfigKeys (ConfUtils.java:logGet(46)) - raft.grpc.server.heartbeat.channel = true (default)
2023-05-17 09:09:13,764 [EventQueue-PipelineReportForPipelineReportHandler] INFO  pipeline.PipelineManagerImpl (PipelineManagerImpl.java:openPipeline(367)) - Pipeline Pipeline[ Id: aa48e33c-f708-467c-8cb5-2ee872f2b0f0, Nodes: b98521b2-5644-4aab-8244-d2e66a88cd45(fv-az41-747.zje5jq5y5x4uznwvdkgxk4wc2h.cx.internal.cloudapp.net/10.1.0.64)57ed5fd8-a62b-44c8-9c66-83b6d5ca8b16(fv-az41-747.zje5jq5y5x4uznwvdkgxk4wc2h.cx.internal.cloudapp.net/10.1.0.64)b2b5d537-374d-472d-b9f1-d9543cb70a6b(fv-az41-747.zje5jq5y5x4uznwvdkgxk4wc2h.cx.internal.cloudapp.net/10.1.0.64), ReplicationConfig: RATIS/THREE, State:ALLOCATED, leaderId:b98521b2-5644-4aab-8244-d2e66a88cd45, CreationTimestamp2023-05-17T09:09:04.832Z[Etc/UTC]] moved to OPEN state
2023-05-17 09:09:13,765 [b98521b2-5644-4aab-8244-d2e66a88cd45@group-2EE872F2B0F0-LeaderElection13] INFO  server.RaftServerConfigKeys (ConfUtils.java:logGet(46)) - raft.server.log.appender.snapshot.chunk.size.max = 16MB (=16777216) (default)
2023-05-17 09:09:13,765 [b98521b2-5644-4aab-8244-d2e66a88cd45@group-2EE872F2B0F0-LeaderElection13] INFO  server.RaftServerConfigKeys (ConfUtils.java:logGet(46)) - raft.server.log.appender.buffer.byte-limit = 33554432 (custom)
2023-05-17 09:09:13,765 [b98521b2-5644-4aab-8244-d2e66a88cd45@group-2EE872F2B0F0-LeaderElection13] INFO  server.RaftServerConfigKeys (ConfUtils.java:logGet(46)) - raft.server.log.appender.buffer.element-limit = 1 (custom)
2023-05-17 09:09:13,764 [grpc-default-executor-3] INFO  server.RaftServer$Division (RaftServerImpl.java:requestVote(1335)) - b2b5d537-374d-472d-b9f1-d9543cb70a6b@group-2EE872F2B0F0 replies to ELECTION vote request: b98521b2-5644-4aab-8244-d2e66a88cd45<-b2b5d537-374d-472d-b9f1-d9543cb70a6b#0:OK-t1. Peer's state: b2b5d537-374d-472d-b9f1-d9543cb70a6b@group-2EE872F2B0F0:t1, leader=null, voted=b98521b2-5644-4aab-8244-d2e66a88cd45, raftlog=Memoized:b2b5d537-374d-472d-b9f1-d9543cb70a6b@group-2EE872F2B0F0-SegmentedRaftLog:OPENED:c-1, conf=-1: peers:[b2b5d537-374d-472d-b9f1-d9543cb70a6b|rpc:10.1.0.64:15053|admin:10.1.0.64:15052|client:10.1.0.64:15051|dataStream:10.1.0.64:15054|priority:0|startupRole:FOLLOWER, b98521b2-5644-4aab-8244-d2e66a88cd45|rpc:10.1.0.64:15045|admin:10.1.0.64:15044|client:10.1.0.64:15043|dataStream:10.1.0.64:15046|priority:1|startupRole:FOLLOWER, 57ed5fd8-a62b-44c8-9c66-83b6d5ca8b16|rpc:10.1.0.64:15037|admin:10.1.0.64:15036|client:10.1.0.64:15035|dataStream:10.1.0.64:15038|priority:0|startupRole:FOLLOWER]|listeners:[], old=null
2023-05-17 09:09:13,765 [b98521b2-5644-4aab-8244-d2e66a88cd45@group-2EE872F2B0F0-LeaderElection13] INFO  server.RaftServerConfigKeys (ConfUtils.java:logGet(46)) - raft.server.log.appender.wait-time.min = 10ms (default)
2023-05-17 09:09:13,767 [b98521b2-5644-4aab-8244-d2e66a88cd45@group-2EE872F2B0F0-LeaderElection13] INFO  grpc.GrpcConfigKeys (ConfUtils.java:logGet(46)) - raft.grpc.server.leader.outstanding.appends.max = 128 (default)
2023-05-17 09:09:13,767 [b98521b2-5644-4aab-8244-d2e66a88cd45@group-2EE872F2B0F0-LeaderElection13] INFO  server.RaftServerConfigKeys (ConfUtils.java:logGet(46)) - raft.server.rpc.request.timeout = 60s (custom)
2023-05-17 09:09:13,767 [b98521b2-5644-4aab-8244-d2e66a88cd45@group-2EE872F2B0F0-LeaderElection13] INFO  grpc.GrpcConfigKeys (ConfUtils.java:logGet(46)) - raft.grpc.server.install_snapshot.request.element-limit = 8 (default)
2023-05-17 09:09:13,767 [b98521b2-5644-4aab-8244-d2e66a88cd45@group-2EE872F2B0F0-LeaderElection13] INFO  grpc.GrpcConfigKeys (ConfUtils.java:logGet(46)) - raft.grpc.server.install_snapshot.request.timeout = 3000ms (default)
2023-05-17 09:09:13,768 [b98521b2-5644-4aab-8244-d2e66a88cd45@group-2EE872F2B0F0-LeaderElection13] INFO  server.RaftServerConfigKeys (ConfUtils.java:logGet(46)) - raft.server.log.appender.install.snapshot.enabled = false (custom)
2023-05-17 09:09:13,768 [b98521b2-5644-4aab-8244-d2e66a88cd45@group-2EE872F2B0F0-LeaderElection13] INFO  grpc.GrpcConfigKeys (ConfUtils.java:logGet(46)) - raft.grpc.server.heartbeat.channel = true (default)
2023-05-17 09:09:13,771 [b98521b2-5644-4aab-8244-d2e66a88cd45@group-2EE872F2B0F0-LeaderElection13] INFO  impl.RoleInfo (RoleInfo.java:updateAndGet(139)) - b98521b2-5644-4aab-8244-d2e66a88cd45: start b98521b2-5644-4aab-8244-d2e66a88cd45@group-2EE872F2B0F0-LeaderStateImpl
2023-05-17 09:09:13,771 [b98521b2-5644-4aab-8244-d2e66a88cd45@group-2EE872F2B0F0-LeaderElection13] INFO  segmented.SegmentedRaftLogWorker (SegmentedRaftLogWorker.java:startLogSegment(447)) - b98521b2-5644-4aab-8244-d2e66a88cd45@group-2EE872F2B0F0-SegmentedRaftLogWorker: Starting segment from index:0
2023-05-17 09:09:13,773 [b98521b2-5644-4aab-8244-d2e66a88cd45@group-2EE872F2B0F0-SegmentedRaftLogWorker] INFO  segmented.SegmentedRaftLogWorker (SegmentedRaftLogWorker.java:execute(651)) - b98521b2-5644-4aab-8244-d2e66a88cd45@group-2EE872F2B0F0-SegmentedRaftLogWorker: created new log segment /home/runner/work/ozone/ozone/hadoop-ozone/integration-test/target/test-dir/MiniOzoneClusterImpl-21d14123-a168-44a2-bc0a-ee93e32dcc9b/datanode-4/data/ratis/aa48e33c-f708-467c-8cb5-2ee872f2b0f0/current/log_inprogress_0
2023-05-17 09:09:13,783 [b98521b2-5644-4aab-8244-d2e66a88cd45@group-2EE872F2B0F0-LeaderElection13] INFO  server.RaftServer$Division (ServerState.java:setRaftConf(434)) - b98521b2-5644-4aab-8244-d2e66a88cd45@group-2EE872F2B0F0: set configuration 0: peers:[b2b5d537-374d-472d-b9f1-d9543cb70a6b|rpc:10.1.0.64:15053|admin:10.1.0.64:15052|client:10.1.0.64:15051|dataStream:10.1.0.64:15054|priority:0|startupRole:FOLLOWER, b98521b2-5644-4aab-8244-d2e66a88cd45|rpc:10.1.0.64:15045|admin:10.1.0.64:15044|client:10.1.0.64:15043|dataStream:10.1.0.64:15046|priority:1|startupRole:FOLLOWER, 57ed5fd8-a62b-44c8-9c66-83b6d5ca8b16|rpc:10.1.0.64:15037|admin:10.1.0.64:15036|client:10.1.0.64:15035|dataStream:10.1.0.64:15038|priority:0|startupRole:FOLLOWER]|listeners:[], old=null
2023-05-17 09:09:13,794 [b2b5d537-374d-472d-b9f1-d9543cb70a6b-server-thread2] INFO  ratis.XceiverServerRatis (XceiverServerRatis.java:handleLeaderChangedNotification(904)) - Leader change notification received for group: group-2EE872F2B0F0 with new leaderId: b98521b2-5644-4aab-8244-d2e66a88cd45
2023-05-17 09:09:13,794 [b2b5d537-374d-472d-b9f1-d9543cb70a6b-server-thread2] INFO  server.RaftServer$Division (ServerState.java:setLeader(317)) - b2b5d537-374d-472d-b9f1-d9543cb70a6b@group-2EE872F2B0F0: change Leader from null to b98521b2-5644-4aab-8244-d2e66a88cd45 at term 1 for appendEntries, leader elected after 5846ms
2023-05-17 09:09:13,797 [b2b5d537-374d-472d-b9f1-d9543cb70a6b-server-thread2] INFO  server.RaftServer$Division (ServerState.java:setRaftConf(434)) - b2b5d537-374d-472d-b9f1-d9543cb70a6b@group-2EE872F2B0F0: set configuration 0: peers:[b2b5d537-374d-472d-b9f1-d9543cb70a6b|rpc:10.1.0.64:15053|admin:10.1.0.64:15052|client:10.1.0.64:15051|dataStream:10.1.0.64:15054|priority:0|startupRole:FOLLOWER, b98521b2-5644-4aab-8244-d2e66a88cd45|rpc:10.1.0.64:15045|admin:10.1.0.64:15044|client:10.1.0.64:15043|dataStream:10.1.0.64:15046|priority:1|startupRole:FOLLOWER, 57ed5fd8-a62b-44c8-9c66-83b6d5ca8b16|rpc:10.1.0.64:15037|admin:10.1.0.64:15036|client:10.1.0.64:15035|dataStream:10.1.0.64:15038|priority:0|startupRole:FOLLOWER]|listeners:[], old=null
2023-05-17 09:09:13,798 [b2b5d537-374d-472d-b9f1-d9543cb70a6b-server-thread2] INFO  segmented.SegmentedRaftLogWorker (SegmentedRaftLogWorker.java:startLogSegment(447)) - b2b5d537-374d-472d-b9f1-d9543cb70a6b@group-2EE872F2B0F0-SegmentedRaftLogWorker: Starting segment from index:0
2023-05-17 09:09:13,799 [bcbacd9a-ca93-42dd-bb1e-f9c21d91cd60@group-BD49330F06D5-FollowerState] INFO  impl.FollowerState (FollowerState.java:run(143)) - bcbacd9a-ca93-42dd-bb1e-f9c21d91cd60@group-BD49330F06D5-FollowerState: change to CANDIDATE, lastRpcElapsedTime:5195070397ns, electionTimeout:5194ms
2023-05-17 09:09:13,799 [bcbacd9a-ca93-42dd-bb1e-f9c21d91cd60@group-BD49330F06D5-FollowerState] INFO  impl.RoleInfo (RoleInfo.java:shutdownFollowerState(110)) - bcbacd9a-ca93-42dd-bb1e-f9c21d91cd60: shutdown bcbacd9a-ca93-42dd-bb1e-f9c21d91cd60@group-BD49330F06D5-FollowerState
2023-05-17 09:09:13,799 [bcbacd9a-ca93-42dd-bb1e-f9c21d91cd60@group-BD49330F06D5-FollowerState] INFO  server.RaftServer$Division (RaftServerImpl.java:setRole(329)) - bcbacd9a-ca93-42dd-bb1e-f9c21d91cd60@group-BD49330F06D5: changes role from  FOLLOWER to CANDIDATE at term 0 for changeToCandidate
2023-05-17 09:09:13,799 [bcbacd9a-ca93-42dd-bb1e-f9c21d91cd60@group-BD49330F06D5-FollowerState] INFO  server.RaftServerConfigKeys (ConfUtils.java:logGet(46)) - raft.server.leaderelection.pre-vote = true (default)
2023-05-17 09:09:13,799 [bcbacd9a-ca93-42dd-bb1e-f9c21d91cd60@group-BD49330F06D5-FollowerState] INFO  impl.RoleInfo (RoleInfo.java:updateAndGet(139)) - bcbacd9a-ca93-42dd-bb1e-f9c21d91cd60: start bcbacd9a-ca93-42dd-bb1e-f9c21d91cd60@group-BD49330F06D5-LeaderElection14
2023-05-17 09:09:13,812 [57ed5fd8-a62b-44c8-9c66-83b6d5ca8b16-server-thread1] INFO  ratis.XceiverServerRatis (XceiverServerRatis.java:handleLeaderChangedNotification(904)) - Leader change notification received for group: group-2EE872F2B0F0 with new leaderId: b98521b2-5644-4aab-8244-d2e66a88cd45
2023-05-17 09:09:13,812 [57ed5fd8-a62b-44c8-9c66-83b6d5ca8b16-server-thread1] INFO  server.RaftServer$Division (ServerState.java:setLeader(317)) - 57ed5fd8-a62b-44c8-9c66-83b6d5ca8b16@group-2EE872F2B0F0: change Leader from null to b98521b2-5644-4aab-8244-d2e66a88cd45 at term 1 for appendEntries, leader elected after 6584ms
2023-05-17 09:09:13,815 [b2b5d537-374d-472d-b9f1-d9543cb70a6b@group-2EE872F2B0F0-SegmentedRaftLogWorker] INFO  segmented.SegmentedRaftLogWorker (SegmentedRaftLogWorker.java:execute(651)) - b2b5d537-374d-472d-b9f1-d9543cb70a6b@group-2EE872F2B0F0-SegmentedRaftLogWorker: created new log segment /home/runner/work/ozone/ozone/hadoop-ozone/integration-test/target/test-dir/MiniOzoneClusterImpl-21d14123-a168-44a2-bc0a-ee93e32dcc9b/datanode-5/data/ratis/aa48e33c-f708-467c-8cb5-2ee872f2b0f0/current/log_inprogress_0
2023-05-17 09:09:13,824 [bcbacd9a-ca93-42dd-bb1e-f9c21d91cd60@group-BD49330F06D5-LeaderElection14] INFO  impl.LeaderElection (LeaderElection.java:askForVotes(321)) - bcbacd9a-ca93-42dd-bb1e-f9c21d91cd60@group-BD49330F06D5-LeaderElection14 PRE_VOTE round 0: submit vote requests at term 0 for -1: peers:[bcbacd9a-ca93-42dd-bb1e-f9c21d91cd60|rpc:10.1.0.64:15061|admin:10.1.0.64:15060|client:10.1.0.64:15059|dataStream:10.1.0.64:15062|priority:1|startupRole:FOLLOWER]|listeners:[], old=null
2023-05-17 09:09:13,824 [bcbacd9a-ca93-42dd-bb1e-f9c21d91cd60@group-BD49330F06D5-LeaderElection14] INFO  impl.LeaderElection (LeaderElection.java:askForVotes(323)) - bcbacd9a-ca93-42dd-bb1e-f9c21d91cd60@group-BD49330F06D5-LeaderElection14 PRE_VOTE round 0: result PASSED (term=0)
2023-05-17 09:09:13,826 [bcbacd9a-ca93-42dd-bb1e-f9c21d91cd60@group-BD49330F06D5-LeaderElection14] INFO  impl.LeaderElection (LeaderElection.java:askForVotes(321)) - bcbacd9a-ca93-42dd-bb1e-f9c21d91cd60@group-BD49330F06D5-LeaderElection14 ELECTION round 0: submit vote requests at term 1 for -1: peers:[bcbacd9a-ca93-42dd-bb1e-f9c21d91cd60|rpc:10.1.0.64:15061|admin:10.1.0.64:15060|client:10.1.0.64:15059|dataStream:10.1.0.64:15062|priority:1|startupRole:FOLLOWER]|listeners:[], old=null
2023-05-17 09:09:13,826 [bcbacd9a-ca93-42dd-bb1e-f9c21d91cd60@group-BD49330F06D5-LeaderElection14] INFO  impl.LeaderElection (LeaderElection.java:askForVotes(323)) - bcbacd9a-ca93-42dd-bb1e-f9c21d91cd60@group-BD49330F06D5-LeaderElection14 ELECTION round 0: result PASSED (term=1)
2023-05-17 09:09:13,826 [bcbacd9a-ca93-42dd-bb1e-f9c21d91cd60@group-BD49330F06D5-LeaderElection14] INFO  impl.RoleInfo (RoleInfo.java:shutdownLeaderElection(130)) - bcbacd9a-ca93-42dd-bb1e-f9c21d91cd60: shutdown bcbacd9a-ca93-42dd-bb1e-f9c21d91cd60@group-BD49330F06D5-LeaderElection14
2023-05-17 09:09:13,826 [bcbacd9a-ca93-42dd-bb1e-f9c21d91cd60@group-BD49330F06D5-LeaderElection14] INFO  server.RaftServer$Division (RaftServerImpl.java:setRole(329)) - bcbacd9a-ca93-42dd-bb1e-f9c21d91cd60@group-BD49330F06D5: changes role from CANDIDATE to LEADER at term 1 for changeToLeader
2023-05-17 09:09:13,826 [bcbacd9a-ca93-42dd-bb1e-f9c21d91cd60@group-BD49330F06D5-LeaderElection14] INFO  ratis.XceiverServerRatis (XceiverServerRatis.java:handleLeaderChangedNotification(904)) - Leader change notification received for group: group-BD49330F06D5 with new leaderId: bcbacd9a-ca93-42dd-bb1e-f9c21d91cd60
2023-05-17 09:09:13,827 [bcbacd9a-ca93-42dd-bb1e-f9c21d91cd60@group-BD49330F06D5-LeaderElection14] INFO  server.RaftServer$Division (ServerState.java:setLeader(317)) - bcbacd9a-ca93-42dd-bb1e-f9c21d91cd60@group-BD49330F06D5: change Leader from null to bcbacd9a-ca93-42dd-bb1e-f9c21d91cd60 at term 1 for becomeLeader, leader elected after 5618ms
2023-05-17 09:09:13,827 [bcbacd9a-ca93-42dd-bb1e-f9c21d91cd60@group-BD49330F06D5-LeaderElection14] INFO  server.RaftServerConfigKeys (ConfUtils.java:logGet(46)) - raft.server.staging.catchup.gap = 1000 (default)
2023-05-17 09:09:13,827 [bcbacd9a-ca93-42dd-bb1e-f9c21d91cd60@group-BD49330F06D5-LeaderElection14] INFO  server.RaftServerConfigKeys (ConfUtils.java:logGet(46)) - raft.server.write.element-limit = 1024 (custom)
2023-05-17 09:09:13,827 [bcbacd9a-ca93-42dd-bb1e-f9c21d91cd60@group-BD49330F06D5-LeaderElection14] INFO  server.RaftServerConfigKeys (ConfUtils.java:logGet(46)) - raft.server.write.byte-limit = 1024 M (=1073741824) (custom)
2023-05-17 09:09:13,827 [bcbacd9a-ca93-42dd-bb1e-f9c21d91cd60@group-BD49330F06D5-LeaderElection14] INFO  server.RaftServerConfigKeys (ConfUtils.java:logGet(46)) - raft.server.watch.timeout = 180s (custom)
2023-05-17 09:09:13,827 [bcbacd9a-ca93-42dd-bb1e-f9c21d91cd60@group-BD49330F06D5-LeaderElection14] INFO  server.RaftServerConfigKeys (ConfUtils.java:logGet(46)) - raft.server.watch.timeout.denomination = 1s (default)
2023-05-17 09:09:13,827 [bcbacd9a-ca93-42dd-bb1e-f9c21d91cd60@group-BD49330F06D5-LeaderElection14] INFO  server.RaftServerConfigKeys (ConfUtils.java:logGet(46)) - raft.server.watch.element-limit = 65536 (default)
2023-05-17 09:09:13,827 [bcbacd9a-ca93-42dd-bb1e-f9c21d91cd60@group-BD49330F06D5-LeaderElection14] INFO  server.RaftServerConfigKeys (ConfUtils.java:logGet(46)) - raft.server.write.element-limit = 1024 (custom)
2023-05-17 09:09:13,827 [bcbacd9a-ca93-42dd-bb1e-f9c21d91cd60@group-BD49330F06D5-LeaderElection14] INFO  server.RaftServerConfigKeys (ConfUtils.java:logGet(46)) - raft.server.write.follower.gap.ratio.max = -1.0 (default)
2023-05-17 09:09:13,835 [bcbacd9a-ca93-42dd-bb1e-f9c21d91cd60@group-BD49330F06D5-LeaderElection14] INFO  impl.RoleInfo (RoleInfo.java:updateAndGet(139)) - bcbacd9a-ca93-42dd-bb1e-f9c21d91cd60: start bcbacd9a-ca93-42dd-bb1e-f9c21d91cd60@group-BD49330F06D5-LeaderStateImpl
2023-05-17 09:09:13,835 [bcbacd9a-ca93-42dd-bb1e-f9c21d91cd60@group-BD49330F06D5-LeaderElection14] INFO  segmented.SegmentedRaftLogWorker (SegmentedRaftLogWorker.java:startLogSegment(447)) - bcbacd9a-ca93-42dd-bb1e-f9c21d91cd60@group-BD49330F06D5-SegmentedRaftLogWorker: Starting segment from index:0
2023-05-17 09:09:13,838 [bcbacd9a-ca93-42dd-bb1e-f9c21d91cd60@group-BD49330F06D5-LeaderElection14] INFO  server.RaftServer$Division (ServerState.java:setRaftConf(434)) - bcbacd9a-ca93-42dd-bb1e-f9c21d91cd60@group-BD49330F06D5: set configuration 0: peers:[bcbacd9a-ca93-42dd-bb1e-f9c21d91cd60|rpc:10.1.0.64:15061|admin:10.1.0.64:15060|client:10.1.0.64:15059|dataStream:10.1.0.64:15062|priority:1|startupRole:FOLLOWER]|listeners:[], old=null
2023-05-17 09:09:13,853 [bcbacd9a-ca93-42dd-bb1e-f9c21d91cd60@group-BD49330F06D5-SegmentedRaftLogWorker] INFO  segmented.SegmentedRaftLogWorker (SegmentedRaftLogWorker.java:execute(651)) - bcbacd9a-ca93-42dd-bb1e-f9c21d91cd60@group-BD49330F06D5-SegmentedRaftLogWorker: created new log segment /home/runner/work/ozone/ozone/hadoop-ozone/integration-test/target/test-dir/MiniOzoneClusterImpl-21d14123-a168-44a2-bc0a-ee93e32dcc9b/datanode-6/data/ratis/ae65ac58-6be7-4552-909a-bd49330f06d5/current/log_inprogress_0
2023-05-17 09:09:13,853 [Listener at 127.0.0.1/15004] INFO  impl.MetricsSystemImpl (MetricsSystemImpl.java:init(158)) - XceiverClientMetrics metrics system started (again)
2023-05-17 09:09:13,857 [57ed5fd8-a62b-44c8-9c66-83b6d5ca8b16-server-thread2] INFO  server.RaftServer$Division (ServerState.java:setRaftConf(434)) - 57ed5fd8-a62b-44c8-9c66-83b6d5ca8b16@group-2EE872F2B0F0: set configuration 0: peers:[b2b5d537-374d-472d-b9f1-d9543cb70a6b|rpc:10.1.0.64:15053|admin:10.1.0.64:15052|client:10.1.0.64:15051|dataStream:10.1.0.64:15054|priority:0|startupRole:FOLLOWER, b98521b2-5644-4aab-8244-d2e66a88cd45|rpc:10.1.0.64:15045|admin:10.1.0.64:15044|client:10.1.0.64:15043|dataStream:10.1.0.64:15046|priority:1|startupRole:FOLLOWER, 57ed5fd8-a62b-44c8-9c66-83b6d5ca8b16|rpc:10.1.0.64:15037|admin:10.1.0.64:15036|client:10.1.0.64:15035|dataStream:10.1.0.64:15038|priority:0|startupRole:FOLLOWER]|listeners:[], old=null
2023-05-17 09:09:13,861 [Listener at 127.0.0.1/15004] INFO  lib.Interns (Interns.java:removeEldestEntry(50)) - Metrics intern cache overflow at 2011 for MetricsSystem={MetricsSystem=MetricsInfoImpl{name=MetricsSystem, description=MetricsSystem}, MetricsSystem record=MetricsInfoImpl{name=MetricsSystem, description=MetricsSystem record}}
2023-05-17 09:09:13,861 [57ed5fd8-a62b-44c8-9c66-83b6d5ca8b16-server-thread2] INFO  segmented.SegmentedRaftLogWorker (SegmentedRaftLogWorker.java:startLogSegment(447)) - 57ed5fd8-a62b-44c8-9c66-83b6d5ca8b16@group-2EE872F2B0F0-SegmentedRaftLogWorker: Starting segment from index:0
2023-05-17 09:09:13,865 [57ed5fd8-a62b-44c8-9c66-83b6d5ca8b16@group-2EE872F2B0F0-SegmentedRaftLogWorker] INFO  segmented.SegmentedRaftLogWorker (SegmentedRaftLogWorker.java:execute(651)) - 57ed5fd8-a62b-44c8-9c66-83b6d5ca8b16@group-2EE872F2B0F0-SegmentedRaftLogWorker: created new log segment /home/runner/work/ozone/ozone/hadoop-ozone/integration-test/target/test-dir/MiniOzoneClusterImpl-21d14123-a168-44a2-bc0a-ee93e32dcc9b/datanode-3/data/ratis/aa48e33c-f708-467c-8cb5-2ee872f2b0f0/current/log_inprogress_0
2023-05-17 09:09:13,877 [b98521b2-5644-4aab-8244-d2e66a88cd45@group-CDB51B945669-FollowerState] INFO  server.RaftServerConfigKeys (ConfUtils.java:logFallback(53)) - raft.server.rpc.first-election.timeout.min = 5s (fallback to raft.server.rpc.timeout.min)
2023-05-17 09:09:13,877 [b98521b2-5644-4aab-8244-d2e66a88cd45@group-CDB51B945669-FollowerState] INFO  server.RaftServerConfigKeys (ConfUtils.java:logFallback(53)) - raft.server.rpc.first-election.timeout.max = 5200ms (fallback to raft.server.rpc.timeout.max)
2023-05-17 09:09:13,895 [bcbacd9a-ca93-42dd-bb1e-f9c21d91cd60@group-A7669F4B16A5-FollowerState] INFO  impl.FollowerState (FollowerState.java:run(143)) - bcbacd9a-ca93-42dd-bb1e-f9c21d91cd60@group-A7669F4B16A5-FollowerState: change to CANDIDATE, lastRpcElapsedTime:5173598650ns, electionTimeout:5140ms
2023-05-17 09:09:13,895 [bcbacd9a-ca93-42dd-bb1e-f9c21d91cd60@group-A7669F4B16A5-FollowerState] INFO  impl.RoleInfo (RoleInfo.java:shutdownFollowerState(110)) - bcbacd9a-ca93-42dd-bb1e-f9c21d91cd60: shutdown bcbacd9a-ca93-42dd-bb1e-f9c21d91cd60@group-A7669F4B16A5-FollowerState
2023-05-17 09:09:13,895 [bcbacd9a-ca93-42dd-bb1e-f9c21d91cd60@group-A7669F4B16A5-FollowerState] INFO  server.RaftServer$Division (RaftServerImpl.java:setRole(329)) - bcbacd9a-ca93-42dd-bb1e-f9c21d91cd60@group-A7669F4B16A5: changes role from  FOLLOWER to CANDIDATE at term 0 for changeToCandidate
2023-05-17 09:09:13,895 [bcbacd9a-ca93-42dd-bb1e-f9c21d91cd60@group-A7669F4B16A5-FollowerState] INFO  server.RaftServerConfigKeys (ConfUtils.java:logGet(46)) - raft.server.leaderelection.pre-vote = true (default)
2023-05-17 09:09:13,895 [bcbacd9a-ca93-42dd-bb1e-f9c21d91cd60@group-A7669F4B16A5-FollowerState] INFO  impl.RoleInfo (RoleInfo.java:updateAndGet(139)) - bcbacd9a-ca93-42dd-bb1e-f9c21d91cd60: start bcbacd9a-ca93-42dd-bb1e-f9c21d91cd60@group-A7669F4B16A5-LeaderElection15
2023-05-17 09:09:13,900 [bcbacd9a-ca93-42dd-bb1e-f9c21d91cd60@group-A7669F4B16A5-LeaderElection15] INFO  impl.LeaderElection (LeaderElection.java:askForVotes(321)) - bcbacd9a-ca93-42dd-bb1e-f9c21d91cd60@group-A7669F4B16A5-LeaderElection15 PRE_VOTE round 0: submit vote requests at term 0 for -1: peers:[5b9fa8c3-08c3-43f9-b175-3119fbbe3900|rpc:10.1.0.64:15077|admin:10.1.0.64:15076|client:10.1.0.64:15075|dataStream:10.1.0.64:15078|priority:0|startupRole:FOLLOWER, 5b9af961-56be-4fa8-844e-3cefe1429416|rpc:10.1.0.64:15069|admin:10.1.0.64:15068|client:10.1.0.64:15067|dataStream:10.1.0.64:15070|priority:0|startupRole:FOLLOWER, bcbacd9a-ca93-42dd-bb1e-f9c21d91cd60|rpc:10.1.0.64:15061|admin:10.1.0.64:15060|client:10.1.0.64:15059|dataStream:10.1.0.64:15062|priority:1|startupRole:FOLLOWER]|listeners:[], old=null
2023-05-17 09:09:13,903 [bcbacd9a-ca93-42dd-bb1e-f9c21d91cd60@group-A7669F4B16A5-LeaderElection15-1] INFO  server.GrpcServerProtocolClient (GrpcServerProtocolClient.java:<init>(65)) - Build channel for 5b9fa8c3-08c3-43f9-b175-3119fbbe3900
2023-05-17 09:09:13,906 [bcbacd9a-ca93-42dd-bb1e-f9c21d91cd60@group-A7669F4B16A5-LeaderElection15] INFO  server.RaftServerConfigKeys (ConfUtils.java:logFallback(53)) - raft.server.rpc.first-election.timeout.min = 5s (fallback to raft.server.rpc.timeout.min)
2023-05-17 09:09:13,906 [bcbacd9a-ca93-42dd-bb1e-f9c21d91cd60@group-A7669F4B16A5-LeaderElection15] INFO  server.RaftServerConfigKeys (ConfUtils.java:logFallback(53)) - raft.server.rpc.first-election.timeout.max = 5200ms (fallback to raft.server.rpc.timeout.max)
2023-05-17 09:09:13,907 [bcbacd9a-ca93-42dd-bb1e-f9c21d91cd60@group-A7669F4B16A5-LeaderElection15-2] INFO  server.GrpcServerProtocolClient (GrpcServerProtocolClient.java:<init>(65)) - Build channel for 5b9af961-56be-4fa8-844e-3cefe1429416
2023-05-17 09:09:13,917 [grpc-default-executor-3] INFO  server.RaftServer$Division (RaftServerImpl.java:requestVote(1302)) - 5b9fa8c3-08c3-43f9-b175-3119fbbe3900@group-A7669F4B16A5: receive requestVote(PRE_VOTE, bcbacd9a-ca93-42dd-bb1e-f9c21d91cd60, group-A7669F4B16A5, 0, (t:0, i:0))
2023-05-17 09:09:13,917 [grpc-default-executor-3] INFO  impl.VoteContext (VoteContext.java:log(49)) - 5b9fa8c3-08c3-43f9-b175-3119fbbe3900@group-A7669F4B16A5-FOLLOWER: accept PRE_VOTE from bcbacd9a-ca93-42dd-bb1e-f9c21d91cd60: our priority 0 <= candidate's priority 1
2023-05-17 09:09:13,918 [grpc-default-executor-3] INFO  server.RaftServer$Division (RaftServerImpl.java:requestVote(1335)) - 5b9fa8c3-08c3-43f9-b175-3119fbbe3900@group-A7669F4B16A5 replies to PRE_VOTE vote request: bcbacd9a-ca93-42dd-bb1e-f9c21d91cd60<-5b9fa8c3-08c3-43f9-b175-3119fbbe3900#0:OK-t0. Peer's state: 5b9fa8c3-08c3-43f9-b175-3119fbbe3900@group-A7669F4B16A5:t0, leader=null, voted=, raftlog=Memoized:5b9fa8c3-08c3-43f9-b175-3119fbbe3900@group-A7669F4B16A5-SegmentedRaftLog:OPENED:c-1, conf=-1: peers:[5b9fa8c3-08c3-43f9-b175-3119fbbe3900|rpc:10.1.0.64:15077|admin:10.1.0.64:15076|client:10.1.0.64:15075|dataStream:10.1.0.64:15078|priority:0|startupRole:FOLLOWER, 5b9af961-56be-4fa8-844e-3cefe1429416|rpc:10.1.0.64:15069|admin:10.1.0.64:15068|client:10.1.0.64:15067|dataStream:10.1.0.64:15070|priority:0|startupRole:FOLLOWER, bcbacd9a-ca93-42dd-bb1e-f9c21d91cd60|rpc:10.1.0.64:15061|admin:10.1.0.64:15060|client:10.1.0.64:15059|dataStream:10.1.0.64:15062|priority:1|startupRole:FOLLOWER]|listeners:[], old=null
2023-05-17 09:09:13,920 [grpc-default-executor-5] INFO  server.RaftServer$Division (RaftServerImpl.java:requestVote(1302)) - 5b9af961-56be-4fa8-844e-3cefe1429416@group-A7669F4B16A5: receive requestVote(PRE_VOTE, bcbacd9a-ca93-42dd-bb1e-f9c21d91cd60, group-A7669F4B16A5, 0, (t:0, i:0))
2023-05-17 09:09:13,920 [grpc-default-executor-5] INFO  impl.VoteContext (VoteContext.java:log(49)) - 5b9af961-56be-4fa8-844e-3cefe1429416@group-A7669F4B16A5-FOLLOWER: accept PRE_VOTE from bcbacd9a-ca93-42dd-bb1e-f9c21d91cd60: our priority 0 <= candidate's priority 1
2023-05-17 09:09:13,920 [grpc-default-executor-5] INFO  server.RaftServer$Division (RaftServerImpl.java:requestVote(1335)) - 5b9af961-56be-4fa8-844e-3cefe1429416@group-A7669F4B16A5 replies to PRE_VOTE vote request: bcbacd9a-ca93-42dd-bb1e-f9c21d91cd60<-5b9af961-56be-4fa8-844e-3cefe1429416#0:OK-t0. Peer's state: 5b9af961-56be-4fa8-844e-3cefe1429416@group-A7669F4B16A5:t0, leader=null, voted=, raftlog=Memoized:5b9af961-56be-4fa8-844e-3cefe1429416@group-A7669F4B16A5-SegmentedRaftLog:OPENED:c-1, conf=-1: peers:[5b9fa8c3-08c3-43f9-b175-3119fbbe3900|rpc:10.1.0.64:15077|admin:10.1.0.64:15076|client:10.1.0.64:15075|dataStream:10.1.0.64:15078|priority:0|startupRole:FOLLOWER, 5b9af961-56be-4fa8-844e-3cefe1429416|rpc:10.1.0.64:15069|admin:10.1.0.64:15068|client:10.1.0.64:15067|dataStream:10.1.0.64:15070|priority:0|startupRole:FOLLOWER, bcbacd9a-ca93-42dd-bb1e-f9c21d91cd60|rpc:10.1.0.64:15061|admin:10.1.0.64:15060|client:10.1.0.64:15059|dataStream:10.1.0.64:15062|priority:1|startupRole:FOLLOWER]|listeners:[], old=null
2023-05-17 09:09:13,926 [bcbacd9a-ca93-42dd-bb1e-f9c21d91cd60@group-A7669F4B16A5-LeaderElection15] INFO  impl.LeaderElection (LeaderElection.java:logAndReturn(90)) - bcbacd9a-ca93-42dd-bb1e-f9c21d91cd60@group-A7669F4B16A5-LeaderElection15: PRE_VOTE PASSED received 1 response(s) and 0 exception(s):
2023-05-17 09:09:13,926 [bcbacd9a-ca93-42dd-bb1e-f9c21d91cd60@group-A7669F4B16A5-LeaderElection15] INFO  impl.LeaderElection (LeaderElection.java:logAndReturn(94)) -   Response 0: bcbacd9a-ca93-42dd-bb1e-f9c21d91cd60<-5b9fa8c3-08c3-43f9-b175-3119fbbe3900#0:OK-t0
2023-05-17 09:09:13,926 [bcbacd9a-ca93-42dd-bb1e-f9c21d91cd60@group-A7669F4B16A5-LeaderElection15] INFO  impl.LeaderElection (LeaderElection.java:askForVotes(323)) - bcbacd9a-ca93-42dd-bb1e-f9c21d91cd60@group-A7669F4B16A5-LeaderElection15 PRE_VOTE round 0: result PASSED
2023-05-17 09:09:13,932 [bcbacd9a-ca93-42dd-bb1e-f9c21d91cd60@group-A7669F4B16A5-LeaderElection15] INFO  impl.LeaderElection (LeaderElection.java:askForVotes(321)) - bcbacd9a-ca93-42dd-bb1e-f9c21d91cd60@group-A7669F4B16A5-LeaderElection15 ELECTION round 0: submit vote requests at term 1 for -1: peers:[5b9fa8c3-08c3-43f9-b175-3119fbbe3900|rpc:10.1.0.64:15077|admin:10.1.0.64:15076|client:10.1.0.64:15075|dataStream:10.1.0.64:15078|priority:0|startupRole:FOLLOWER, 5b9af961-56be-4fa8-844e-3cefe1429416|rpc:10.1.0.64:15069|admin:10.1.0.64:15068|client:10.1.0.64:15067|dataStream:10.1.0.64:15070|priority:0|startupRole:FOLLOWER, bcbacd9a-ca93-42dd-bb1e-f9c21d91cd60|rpc:10.1.0.64:15061|admin:10.1.0.64:15060|client:10.1.0.64:15059|dataStream:10.1.0.64:15062|priority:1|startupRole:FOLLOWER]|listeners:[], old=null
2023-05-17 09:09:13,934 [grpc-default-executor-5] INFO  server.RaftServer$Division (RaftServerImpl.java:requestVote(1302)) - 5b9fa8c3-08c3-43f9-b175-3119fbbe3900@group-A7669F4B16A5: receive requestVote(ELECTION, bcbacd9a-ca93-42dd-bb1e-f9c21d91cd60, group-A7669F4B16A5, 1, (t:0, i:0))
2023-05-17 09:09:13,935 [bcbacd9a-ca93-42dd-bb1e-f9c21d91cd60@group-A7669F4B16A5-LeaderElection15] INFO  server.RaftServerConfigKeys (ConfUtils.java:logFallback(53)) - raft.server.rpc.first-election.timeout.min = 5s (fallback to raft.server.rpc.timeout.min)
2023-05-17 09:09:13,935 [bcbacd9a-ca93-42dd-bb1e-f9c21d91cd60@group-A7669F4B16A5-LeaderElection15] INFO  server.RaftServerConfigKeys (ConfUtils.java:logFallback(53)) - raft.server.rpc.first-election.timeout.max = 5200ms (fallback to raft.server.rpc.timeout.max)
2023-05-17 09:09:13,936 [grpc-default-executor-3] INFO  server.RaftServer$Division (RaftServerImpl.java:requestVote(1302)) - 5b9af961-56be-4fa8-844e-3cefe1429416@group-A7669F4B16A5: receive requestVote(ELECTION, bcbacd9a-ca93-42dd-bb1e-f9c21d91cd60, group-A7669F4B16A5, 1, (t:0, i:0))
2023-05-17 09:09:13,944 [grpc-default-executor-5] INFO  impl.VoteContext (VoteContext.java:log(49)) - 5b9fa8c3-08c3-43f9-b175-3119fbbe3900@group-A7669F4B16A5-FOLLOWER: accept ELECTION from bcbacd9a-ca93-42dd-bb1e-f9c21d91cd60: our priority 0 <= candidate's priority 1
2023-05-17 09:09:13,944 [grpc-default-executor-5] INFO  server.RaftServer$Division (RaftServerImpl.java:setRole(329)) - 5b9fa8c3-08c3-43f9-b175-3119fbbe3900@group-A7669F4B16A5: changes role from  FOLLOWER to FOLLOWER at term 1 for candidate:bcbacd9a-ca93-42dd-bb1e-f9c21d91cd60
2023-05-17 09:09:13,944 [grpc-default-executor-3] INFO  impl.VoteContext (VoteContext.java:log(49)) - 5b9af961-56be-4fa8-844e-3cefe1429416@group-A7669F4B16A5-FOLLOWER: accept ELECTION from bcbacd9a-ca93-42dd-bb1e-f9c21d91cd60: our priority 0 <= candidate's priority 1
2023-05-17 09:09:13,944 [grpc-default-executor-5] INFO  impl.RoleInfo (RoleInfo.java:shutdownFollowerState(110)) - 5b9fa8c3-08c3-43f9-b175-3119fbbe3900: shutdown 5b9fa8c3-08c3-43f9-b175-3119fbbe3900@group-A7669F4B16A5-FollowerState
2023-05-17 09:09:13,944 [grpc-default-executor-3] INFO  server.RaftServer$Division (RaftServerImpl.java:setRole(329)) - 5b9af961-56be-4fa8-844e-3cefe1429416@group-A7669F4B16A5: changes role from  FOLLOWER to FOLLOWER at term 1 for candidate:bcbacd9a-ca93-42dd-bb1e-f9c21d91cd60
2023-05-17 09:09:13,944 [grpc-default-executor-3] INFO  impl.RoleInfo (RoleInfo.java:shutdownFollowerState(110)) - 5b9af961-56be-4fa8-844e-3cefe1429416: shutdown 5b9af961-56be-4fa8-844e-3cefe1429416@group-A7669F4B16A5-FollowerState
2023-05-17 09:09:13,944 [grpc-default-executor-5] INFO  impl.RoleInfo (RoleInfo.java:updateAndGet(139)) - 5b9fa8c3-08c3-43f9-b175-3119fbbe3900: start 5b9fa8c3-08c3-43f9-b175-3119fbbe3900@group-A7669F4B16A5-FollowerState
2023-05-17 09:09:13,944 [grpc-default-executor-3] INFO  impl.RoleInfo (RoleInfo.java:updateAndGet(139)) - 5b9af961-56be-4fa8-844e-3cefe1429416: start 5b9af961-56be-4fa8-844e-3cefe1429416@group-A7669F4B16A5-FollowerState
2023-05-17 09:09:13,944 [5b9fa8c3-08c3-43f9-b175-3119fbbe3900@group-A7669F4B16A5-FollowerState] INFO  impl.FollowerState (FollowerState.java:run(152)) - 5b9fa8c3-08c3-43f9-b175-3119fbbe3900@group-A7669F4B16A5-FollowerState was interrupted
2023-05-17 09:09:13,945 [5b9af961-56be-4fa8-844e-3cefe1429416@group-A7669F4B16A5-FollowerState] INFO  impl.FollowerState (FollowerState.java:run(152)) - 5b9af961-56be-4fa8-844e-3cefe1429416@group-A7669F4B16A5-FollowerState was interrupted
2023-05-17 09:09:13,947 [grpc-default-executor-5] INFO  server.RaftServer$Division (RaftServerImpl.java:requestVote(1335)) - 5b9fa8c3-08c3-43f9-b175-3119fbbe3900@group-A7669F4B16A5 replies to ELECTION vote request: bcbacd9a-ca93-42dd-bb1e-f9c21d91cd60<-5b9fa8c3-08c3-43f9-b175-3119fbbe3900#0:OK-t1. Peer's state: 5b9fa8c3-08c3-43f9-b175-3119fbbe3900@group-A7669F4B16A5:t1, leader=null, voted=bcbacd9a-ca93-42dd-bb1e-f9c21d91cd60, raftlog=Memoized:5b9fa8c3-08c3-43f9-b175-3119fbbe3900@group-A7669F4B16A5-SegmentedRaftLog:OPENED:c-1, conf=-1: peers:[5b9fa8c3-08c3-43f9-b175-3119fbbe3900|rpc:10.1.0.64:15077|admin:10.1.0.64:15076|client:10.1.0.64:15075|dataStream:10.1.0.64:15078|priority:0|startupRole:FOLLOWER, 5b9af961-56be-4fa8-844e-3cefe1429416|rpc:10.1.0.64:15069|admin:10.1.0.64:15068|client:10.1.0.64:15067|dataStream:10.1.0.64:15070|priority:0|startupRole:FOLLOWER, bcbacd9a-ca93-42dd-bb1e-f9c21d91cd60|rpc:10.1.0.64:15061|admin:10.1.0.64:15060|client:10.1.0.64:15059|dataStream:10.1.0.64:15062|priority:1|startupRole:FOLLOWER]|listeners:[], old=null
2023-05-17 09:09:13,949 [grpc-default-executor-3] INFO  server.RaftServer$Division (RaftServerImpl.java:requestVote(1335)) - 5b9af961-56be-4fa8-844e-3cefe1429416@group-A7669F4B16A5 replies to ELECTION vote request: bcbacd9a-ca93-42dd-bb1e-f9c21d91cd60<-5b9af961-56be-4fa8-844e-3cefe1429416#0:OK-t1. Peer's state: 5b9af961-56be-4fa8-844e-3cefe1429416@group-A7669F4B16A5:t1, leader=null, voted=bcbacd9a-ca93-42dd-bb1e-f9c21d91cd60, raftlog=Memoized:5b9af961-56be-4fa8-844e-3cefe1429416@group-A7669F4B16A5-SegmentedRaftLog:OPENED:c-1, conf=-1: peers:[5b9fa8c3-08c3-43f9-b175-3119fbbe3900|rpc:10.1.0.64:15077|admin:10.1.0.64:15076|client:10.1.0.64:15075|dataStream:10.1.0.64:15078|priority:0|startupRole:FOLLOWER, 5b9af961-56be-4fa8-844e-3cefe1429416|rpc:10.1.0.64:15069|admin:10.1.0.64:15068|client:10.1.0.64:15067|dataStream:10.1.0.64:15070|priority:0|startupRole:FOLLOWER, bcbacd9a-ca93-42dd-bb1e-f9c21d91cd60|rpc:10.1.0.64:15061|admin:10.1.0.64:15060|client:10.1.0.64:15059|dataStream:10.1.0.64:15062|priority:1|startupRole:FOLLOWER]|listeners:[], old=null
2023-05-17 09:09:13,954 [bcbacd9a-ca93-42dd-bb1e-f9c21d91cd60@group-A7669F4B16A5-LeaderElection15] INFO  impl.LeaderElection (LeaderElection.java:logAndReturn(90)) - bcbacd9a-ca93-42dd-bb1e-f9c21d91cd60@group-A7669F4B16A5-LeaderElection15: ELECTION PASSED received 1 response(s) and 0 exception(s):
2023-05-17 09:09:13,954 [bcbacd9a-ca93-42dd-bb1e-f9c21d91cd60@group-A7669F4B16A5-LeaderElection15] INFO  impl.LeaderElection (LeaderElection.java:logAndReturn(94)) -   Response 0: bcbacd9a-ca93-42dd-bb1e-f9c21d91cd60<-5b9fa8c3-08c3-43f9-b175-3119fbbe3900#0:OK-t1
2023-05-17 09:09:13,955 [bcbacd9a-ca93-42dd-bb1e-f9c21d91cd60@group-A7669F4B16A5-LeaderElection15] INFO  impl.LeaderElection (LeaderElection.java:askForVotes(323)) - bcbacd9a-ca93-42dd-bb1e-f9c21d91cd60@group-A7669F4B16A5-LeaderElection15 ELECTION round 0: result PASSED
2023-05-17 09:09:13,955 [bcbacd9a-ca93-42dd-bb1e-f9c21d91cd60@group-A7669F4B16A5-LeaderElection15] INFO  impl.RoleInfo (RoleInfo.java:shutdownLeaderElection(130)) - bcbacd9a-ca93-42dd-bb1e-f9c21d91cd60: shutdown bcbacd9a-ca93-42dd-bb1e-f9c21d91cd60@group-A7669F4B16A5-LeaderElection15
2023-05-17 09:09:13,955 [bcbacd9a-ca93-42dd-bb1e-f9c21d91cd60@group-A7669F4B16A5-LeaderElection15] INFO  server.RaftServer$Division (RaftServerImpl.java:setRole(329)) - bcbacd9a-ca93-42dd-bb1e-f9c21d91cd60@group-A7669F4B16A5: changes role from CANDIDATE to LEADER at term 1 for changeToLeader
2023-05-17 09:09:13,955 [bcbacd9a-ca93-42dd-bb1e-f9c21d91cd60@group-A7669F4B16A5-LeaderElection15] INFO  ratis.XceiverServerRatis (XceiverServerRatis.java:handleLeaderChangedNotification(904)) - Leader change notification received for group: group-A7669F4B16A5 with new leaderId: bcbacd9a-ca93-42dd-bb1e-f9c21d91cd60
2023-05-17 09:09:13,955 [bcbacd9a-ca93-42dd-bb1e-f9c21d91cd60@group-A7669F4B16A5-LeaderElection15] INFO  server.RaftServer$Division (ServerState.java:setLeader(317)) - bcbacd9a-ca93-42dd-bb1e-f9c21d91cd60@group-A7669F4B16A5: change Leader from null to bcbacd9a-ca93-42dd-bb1e-f9c21d91cd60 at term 1 for becomeLeader, leader elected after 5323ms
2023-05-17 09:09:13,955 [bcbacd9a-ca93-42dd-bb1e-f9c21d91cd60@group-A7669F4B16A5-LeaderElection15] INFO  server.RaftServerConfigKeys (ConfUtils.java:logGet(46)) - raft.server.staging.catchup.gap = 1000 (default)
2023-05-17 09:09:13,955 [bcbacd9a-ca93-42dd-bb1e-f9c21d91cd60@group-A7669F4B16A5-LeaderElection15] INFO  server.RaftServerConfigKeys (ConfUtils.java:logGet(46)) - raft.server.write.element-limit = 1024 (custom)
2023-05-17 09:09:13,955 [bcbacd9a-ca93-42dd-bb1e-f9c21d91cd60@group-A7669F4B16A5-LeaderElection15] INFO  server.RaftServerConfigKeys (ConfUtils.java:logGet(46)) - raft.server.write.byte-limit = 1024 M (=1073741824) (custom)
2023-05-17 09:09:13,955 [bcbacd9a-ca93-42dd-bb1e-f9c21d91cd60@group-A7669F4B16A5-LeaderElection15] INFO  server.RaftServerConfigKeys (ConfUtils.java:logGet(46)) - raft.server.watch.timeout = 180s (custom)
2023-05-17 09:09:13,956 [bcbacd9a-ca93-42dd-bb1e-f9c21d91cd60@group-A7669F4B16A5-LeaderElection15] INFO  server.RaftServerConfigKeys (ConfUtils.java:logGet(46)) - raft.server.watch.timeout.denomination = 1s (default)
2023-05-17 09:09:13,956 [bcbacd9a-ca93-42dd-bb1e-f9c21d91cd60@group-A7669F4B16A5-LeaderElection15] INFO  server.RaftServerConfigKeys (ConfUtils.java:logGet(46)) - raft.server.watch.element-limit = 65536 (default)
2023-05-17 09:09:13,956 [bcbacd9a-ca93-42dd-bb1e-f9c21d91cd60@group-A7669F4B16A5-LeaderElection15] INFO  server.RaftServerConfigKeys (ConfUtils.java:logGet(46)) - raft.server.write.element-limit = 1024 (custom)
2023-05-17 09:09:13,956 [bcbacd9a-ca93-42dd-bb1e-f9c21d91cd60@group-A7669F4B16A5-LeaderElection15] INFO  server.RaftServerConfigKeys (ConfUtils.java:logGet(46)) - raft.server.write.follower.gap.ratio.max = -1.0 (default)
2023-05-17 09:09:13,956 [bcbacd9a-ca93-42dd-bb1e-f9c21d91cd60@group-A7669F4B16A5-LeaderElection15] INFO  server.RaftServerConfigKeys (ConfUtils.java:logGet(46)) - raft.server.log.appender.snapshot.chunk.size.max = 16MB (=16777216) (default)
2023-05-17 09:09:13,956 [bcbacd9a-ca93-42dd-bb1e-f9c21d91cd60@group-A7669F4B16A5-LeaderElection15] INFO  server.RaftServerConfigKeys (ConfUtils.java:logGet(46)) - raft.server.log.appender.buffer.byte-limit = 33554432 (custom)
2023-05-17 09:09:13,956 [bcbacd9a-ca93-42dd-bb1e-f9c21d91cd60@group-A7669F4B16A5-LeaderElection15] INFO  server.RaftServerConfigKeys (ConfUtils.java:logGet(46)) - raft.server.log.appender.buffer.element-limit = 1 (custom)
2023-05-17 09:09:13,956 [bcbacd9a-ca93-42dd-bb1e-f9c21d91cd60@group-A7669F4B16A5-LeaderElection15] INFO  server.RaftServerConfigKeys (ConfUtils.java:logGet(46)) - raft.server.log.appender.wait-time.min = 10ms (default)
2023-05-17 09:09:13,957 [bcbacd9a-ca93-42dd-bb1e-f9c21d91cd60@group-A7669F4B16A5-LeaderElection15] INFO  grpc.GrpcConfigKeys (ConfUtils.java:logGet(46)) - raft.grpc.server.leader.outstanding.appends.max = 128 (default)
2023-05-17 09:09:13,957 [bcbacd9a-ca93-42dd-bb1e-f9c21d91cd60@group-A7669F4B16A5-LeaderElection15] INFO  server.RaftServerConfigKeys (ConfUtils.java:logGet(46)) - raft.server.rpc.request.timeout = 60s (custom)
2023-05-17 09:09:13,957 [bcbacd9a-ca93-42dd-bb1e-f9c21d91cd60@group-A7669F4B16A5-LeaderElection15] INFO  grpc.GrpcConfigKeys (ConfUtils.java:logGet(46)) - raft.grpc.server.install_snapshot.request.element-limit = 8 (default)
2023-05-17 09:09:13,957 [bcbacd9a-ca93-42dd-bb1e-f9c21d91cd60@group-A7669F4B16A5-LeaderElection15] INFO  grpc.GrpcConfigKeys (ConfUtils.java:logGet(46)) - raft.grpc.server.install_snapshot.request.timeout = 3000ms (default)
2023-05-17 09:09:13,957 [bcbacd9a-ca93-42dd-bb1e-f9c21d91cd60@group-A7669F4B16A5-LeaderElection15] INFO  server.RaftServerConfigKeys (ConfUtils.java:logGet(46)) - raft.server.log.appender.install.snapshot.enabled = false (custom)
2023-05-17 09:09:13,957 [bcbacd9a-ca93-42dd-bb1e-f9c21d91cd60@group-A7669F4B16A5-LeaderElection15] INFO  grpc.GrpcConfigKeys (ConfUtils.java:logGet(46)) - raft.grpc.server.heartbeat.channel = true (default)
2023-05-17 09:09:13,958 [EventQueue-PipelineReportForPipelineReportHandler] INFO  pipeline.PipelineManagerImpl (PipelineManagerImpl.java:openPipeline(367)) - Pipeline Pipeline[ Id: 198e1bf6-3ffb-4307-8ad0-a7669f4b16a5, Nodes: bcbacd9a-ca93-42dd-bb1e-f9c21d91cd60(fv-az41-747.zje5jq5y5x4uznwvdkgxk4wc2h.cx.internal.cloudapp.net/10.1.0.64)5b9af961-56be-4fa8-844e-3cefe1429416(fv-az41-747.zje5jq5y5x4uznwvdkgxk4wc2h.cx.internal.cloudapp.net/10.1.0.64)5b9fa8c3-08c3-43f9-b175-3119fbbe3900(fv-az41-747.zje5jq5y5x4uznwvdkgxk4wc2h.cx.internal.cloudapp.net/10.1.0.64), ReplicationConfig: RATIS/THREE, State:ALLOCATED, leaderId:bcbacd9a-ca93-42dd-bb1e-f9c21d91cd60, CreationTimestamp2023-05-17T09:09:06.186Z[Etc/UTC]] moved to OPEN state
2023-05-17 09:09:13,959 [bcbacd9a-ca93-42dd-bb1e-f9c21d91cd60@group-A7669F4B16A5-LeaderElection15] INFO  server.RaftServerConfigKeys (ConfUtils.java:logGet(46)) - raft.server.log.appender.snapshot.chunk.size.max = 16MB (=16777216) (default)
2023-05-17 09:09:13,959 [bcbacd9a-ca93-42dd-bb1e-f9c21d91cd60@group-A7669F4B16A5-LeaderElection15] INFO  server.RaftServerConfigKeys (ConfUtils.java:logGet(46)) - raft.server.log.appender.buffer.byte-limit = 33554432 (custom)
2023-05-17 09:09:13,959 [bcbacd9a-ca93-42dd-bb1e-f9c21d91cd60@group-A7669F4B16A5-LeaderElection15] INFO  server.RaftServerConfigKeys (ConfUtils.java:logGet(46)) - raft.server.log.appender.buffer.element-limit = 1 (custom)
2023-05-17 09:09:13,959 [bcbacd9a-ca93-42dd-bb1e-f9c21d91cd60@group-A7669F4B16A5-LeaderElection15] INFO  server.RaftServerConfigKeys (ConfUtils.java:logGet(46)) - raft.server.log.appender.wait-time.min = 10ms (default)
2023-05-17 09:09:13,959 [bcbacd9a-ca93-42dd-bb1e-f9c21d91cd60@group-A7669F4B16A5-LeaderElection15] INFO  grpc.GrpcConfigKeys (ConfUtils.java:logGet(46)) - raft.grpc.server.leader.outstanding.appends.max = 128 (default)
2023-05-17 09:09:13,959 [bcbacd9a-ca93-42dd-bb1e-f9c21d91cd60@group-A7669F4B16A5-LeaderElection15] INFO  server.RaftServerConfigKeys (ConfUtils.java:logGet(46)) - raft.server.rpc.request.timeout = 60s (custom)
2023-05-17 09:09:13,959 [bcbacd9a-ca93-42dd-bb1e-f9c21d91cd60@group-A7669F4B16A5-LeaderElection15] INFO  grpc.GrpcConfigKeys (ConfUtils.java:logGet(46)) - raft.grpc.server.install_snapshot.request.element-limit = 8 (default)
2023-05-17 09:09:13,959 [bcbacd9a-ca93-42dd-bb1e-f9c21d91cd60@group-A7669F4B16A5-LeaderElection15] INFO  grpc.GrpcConfigKeys (ConfUtils.java:logGet(46)) - raft.grpc.server.install_snapshot.request.timeout = 3000ms (default)
2023-05-17 09:09:13,959 [bcbacd9a-ca93-42dd-bb1e-f9c21d91cd60@group-A7669F4B16A5-LeaderElection15] INFO  server.RaftServerConfigKeys (ConfUtils.java:logGet(46)) - raft.server.log.appender.install.snapshot.enabled = false (custom)
2023-05-17 09:09:13,959 [bcbacd9a-ca93-42dd-bb1e-f9c21d91cd60@group-A7669F4B16A5-LeaderElection15] INFO  grpc.GrpcConfigKeys (ConfUtils.java:logGet(46)) - raft.grpc.server.heartbeat.channel = true (default)
2023-05-17 09:09:13,960 [bcbacd9a-ca93-42dd-bb1e-f9c21d91cd60@group-A7669F4B16A5-LeaderElection15] INFO  impl.RoleInfo (RoleInfo.java:updateAndGet(139)) - bcbacd9a-ca93-42dd-bb1e-f9c21d91cd60: start bcbacd9a-ca93-42dd-bb1e-f9c21d91cd60@group-A7669F4B16A5-LeaderStateImpl
2023-05-17 09:09:13,965 [bcbacd9a-ca93-42dd-bb1e-f9c21d91cd60@group-A7669F4B16A5-LeaderElection15] INFO  segmented.SegmentedRaftLogWorker (SegmentedRaftLogWorker.java:startLogSegment(447)) - bcbacd9a-ca93-42dd-bb1e-f9c21d91cd60@group-A7669F4B16A5-SegmentedRaftLogWorker: Starting segment from index:0
2023-05-17 09:09:13,968 [bcbacd9a-ca93-42dd-bb1e-f9c21d91cd60@group-A7669F4B16A5-SegmentedRaftLogWorker] INFO  segmented.SegmentedRaftLogWorker (SegmentedRaftLogWorker.java:execute(651)) - bcbacd9a-ca93-42dd-bb1e-f9c21d91cd60@group-A7669F4B16A5-SegmentedRaftLogWorker: created new log segment /home/runner/work/ozone/ozone/hadoop-ozone/integration-test/target/test-dir/MiniOzoneClusterImpl-21d14123-a168-44a2-bc0a-ee93e32dcc9b/datanode-6/data/ratis/198e1bf6-3ffb-4307-8ad0-a7669f4b16a5/current/log_inprogress_0
2023-05-17 09:09:13,977 [57ed5fd8-a62b-44c8-9c66-83b6d5ca8b16@group-CDB51B945669-FollowerState] INFO  impl.FollowerState (FollowerState.java:run(143)) - 57ed5fd8-a62b-44c8-9c66-83b6d5ca8b16@group-CDB51B945669-FollowerState: change to CANDIDATE, lastRpcElapsedTime:5177298092ns, electionTimeout:5170ms
2023-05-17 09:09:13,977 [57ed5fd8-a62b-44c8-9c66-83b6d5ca8b16@group-CDB51B945669-FollowerState] INFO  impl.RoleInfo (RoleInfo.java:shutdownFollowerState(110)) - 57ed5fd8-a62b-44c8-9c66-83b6d5ca8b16: shutdown 57ed5fd8-a62b-44c8-9c66-83b6d5ca8b16@group-CDB51B945669-FollowerState
2023-05-17 09:09:13,977 [57ed5fd8-a62b-44c8-9c66-83b6d5ca8b16@group-CDB51B945669-FollowerState] INFO  server.RaftServer$Division (RaftServerImpl.java:setRole(329)) - 57ed5fd8-a62b-44c8-9c66-83b6d5ca8b16@group-CDB51B945669: changes role from  FOLLOWER to CANDIDATE at term 0 for changeToCandidate
2023-05-17 09:09:13,990 [57ed5fd8-a62b-44c8-9c66-83b6d5ca8b16@group-CDB51B945669-FollowerState] INFO  server.RaftServerConfigKeys (ConfUtils.java:logGet(46)) - raft.server.leaderelection.pre-vote = true (default)
2023-05-17 09:09:13,990 [57ed5fd8-a62b-44c8-9c66-83b6d5ca8b16@group-CDB51B945669-FollowerState] INFO  impl.RoleInfo (RoleInfo.java:updateAndGet(139)) - 57ed5fd8-a62b-44c8-9c66-83b6d5ca8b16: start 57ed5fd8-a62b-44c8-9c66-83b6d5ca8b16@group-CDB51B945669-LeaderElection16
2023-05-17 09:09:13,996 [bcbacd9a-ca93-42dd-bb1e-f9c21d91cd60@group-A7669F4B16A5-LeaderElection15] INFO  server.RaftServer$Division (ServerState.java:setRaftConf(434)) - bcbacd9a-ca93-42dd-bb1e-f9c21d91cd60@group-A7669F4B16A5: set configuration 0: peers:[5b9fa8c3-08c3-43f9-b175-3119fbbe3900|rpc:10.1.0.64:15077|admin:10.1.0.64:15076|client:10.1.0.64:15075|dataStream:10.1.0.64:15078|priority:0|startupRole:FOLLOWER, 5b9af961-56be-4fa8-844e-3cefe1429416|rpc:10.1.0.64:15069|admin:10.1.0.64:15068|client:10.1.0.64:15067|dataStream:10.1.0.64:15070|priority:0|startupRole:FOLLOWER, bcbacd9a-ca93-42dd-bb1e-f9c21d91cd60|rpc:10.1.0.64:15061|admin:10.1.0.64:15060|client:10.1.0.64:15059|dataStream:10.1.0.64:15062|priority:1|startupRole:FOLLOWER]|listeners:[], old=null
2023-05-17 09:09:13,997 [57ed5fd8-a62b-44c8-9c66-83b6d5ca8b16@group-CDB51B945669-LeaderElection16] INFO  impl.LeaderElection (LeaderElection.java:askForVotes(321)) - 57ed5fd8-a62b-44c8-9c66-83b6d5ca8b16@group-CDB51B945669-LeaderElection16 PRE_VOTE round 0: submit vote requests at term 0 for -1: peers:[b2b5d537-374d-472d-b9f1-d9543cb70a6b|rpc:10.1.0.64:15053|admin:10.1.0.64:15052|client:10.1.0.64:15051|dataStream:10.1.0.64:15054|priority:0|startupRole:FOLLOWER, b98521b2-5644-4aab-8244-d2e66a88cd45|rpc:10.1.0.64:15045|admin:10.1.0.64:15044|client:10.1.0.64:15043|dataStream:10.1.0.64:15046|priority:0|startupRole:FOLLOWER, 57ed5fd8-a62b-44c8-9c66-83b6d5ca8b16|rpc:10.1.0.64:15037|admin:10.1.0.64:15036|client:10.1.0.64:15035|dataStream:10.1.0.64:15038|priority:1|startupRole:FOLLOWER]|listeners:[], old=null
2023-05-17 09:09:13,997 [5b9af961-56be-4fa8-844e-3cefe1429416-server-thread1] INFO  ratis.XceiverServerRatis (XceiverServerRatis.java:handleLeaderChangedNotification(904)) - Leader change notification received for group: group-A7669F4B16A5 with new leaderId: bcbacd9a-ca93-42dd-bb1e-f9c21d91cd60
2023-05-17 09:09:13,997 [5b9af961-56be-4fa8-844e-3cefe1429416-server-thread1] INFO  server.RaftServer$Division (ServerState.java:setLeader(317)) - 5b9af961-56be-4fa8-844e-3cefe1429416@group-A7669F4B16A5: change Leader from null to bcbacd9a-ca93-42dd-bb1e-f9c21d91cd60 at term 1 for appendEntries, leader elected after 5129ms
2023-05-17 09:09:13,999 [5b9fa8c3-08c3-43f9-b175-3119fbbe3900-server-thread1] INFO  ratis.XceiverServerRatis (XceiverServerRatis.java:handleLeaderChangedNotification(904)) - Leader change notification received for group: group-A7669F4B16A5 with new leaderId: bcbacd9a-ca93-42dd-bb1e-f9c21d91cd60
2023-05-17 09:09:14,000 [5b9fa8c3-08c3-43f9-b175-3119fbbe3900-server-thread1] INFO  server.RaftServer$Division (ServerState.java:setLeader(317)) - 5b9fa8c3-08c3-43f9-b175-3119fbbe3900@group-A7669F4B16A5: change Leader from null to bcbacd9a-ca93-42dd-bb1e-f9c21d91cd60 at term 1 for appendEntries, leader elected after 4833ms
2023-05-17 09:09:14,001 [57ed5fd8-a62b-44c8-9c66-83b6d5ca8b16@group-CDB51B945669-LeaderElection16] INFO  server.RaftServerConfigKeys (ConfUtils.java:logFallback(53)) - raft.server.rpc.first-election.timeout.min = 5s (fallback to raft.server.rpc.timeout.min)
2023-05-17 09:09:14,001 [57ed5fd8-a62b-44c8-9c66-83b6d5ca8b16@group-CDB51B945669-LeaderElection16] INFO  server.RaftServerConfigKeys (ConfUtils.java:logFallback(53)) - raft.server.rpc.first-election.timeout.max = 5200ms (fallback to raft.server.rpc.timeout.max)
2023-05-17 09:09:14,003 [grpc-default-executor-4] INFO  server.RaftServer$Division (RaftServerImpl.java:requestVote(1302)) - b98521b2-5644-4aab-8244-d2e66a88cd45@group-CDB51B945669: receive requestVote(PRE_VOTE, 57ed5fd8-a62b-44c8-9c66-83b6d5ca8b16, group-CDB51B945669, 0, (t:0, i:0))
2023-05-17 09:09:14,003 [grpc-default-executor-4] INFO  impl.VoteContext (VoteContext.java:log(49)) - b98521b2-5644-4aab-8244-d2e66a88cd45@group-CDB51B945669-FOLLOWER: accept PRE_VOTE from 57ed5fd8-a62b-44c8-9c66-83b6d5ca8b16: our priority 0 <= candidate's priority 1
2023-05-17 09:09:14,003 [grpc-default-executor-4] INFO  server.RaftServer$Division (RaftServerImpl.java:requestVote(1335)) - b98521b2-5644-4aab-8244-d2e66a88cd45@group-CDB51B945669 replies to PRE_VOTE vote request: 57ed5fd8-a62b-44c8-9c66-83b6d5ca8b16<-b98521b2-5644-4aab-8244-d2e66a88cd45#0:OK-t0. Peer's state: b98521b2-5644-4aab-8244-d2e66a88cd45@group-CDB51B945669:t0, leader=null, voted=, raftlog=Memoized:b98521b2-5644-4aab-8244-d2e66a88cd45@group-CDB51B945669-SegmentedRaftLog:OPENED:c-1, conf=-1: peers:[b2b5d537-374d-472d-b9f1-d9543cb70a6b|rpc:10.1.0.64:15053|admin:10.1.0.64:15052|client:10.1.0.64:15051|dataStream:10.1.0.64:15054|priority:0|startupRole:FOLLOWER, b98521b2-5644-4aab-8244-d2e66a88cd45|rpc:10.1.0.64:15045|admin:10.1.0.64:15044|client:10.1.0.64:15043|dataStream:10.1.0.64:15046|priority:0|startupRole:FOLLOWER, 57ed5fd8-a62b-44c8-9c66-83b6d5ca8b16|rpc:10.1.0.64:15037|admin:10.1.0.64:15036|client:10.1.0.64:15035|dataStream:10.1.0.64:15038|priority:1|startupRole:FOLLOWER]|listeners:[], old=null
2023-05-17 09:09:14,005 [57ed5fd8-a62b-44c8-9c66-83b6d5ca8b16@group-CDB51B945669-LeaderElection16] INFO  impl.LeaderElection (LeaderElection.java:logAndReturn(90)) - 57ed5fd8-a62b-44c8-9c66-83b6d5ca8b16@group-CDB51B945669-LeaderElection16: PRE_VOTE PASSED received 1 response(s) and 0 exception(s):
2023-05-17 09:09:14,005 [57ed5fd8-a62b-44c8-9c66-83b6d5ca8b16@group-CDB51B945669-LeaderElection16] INFO  impl.LeaderElection (LeaderElection.java:logAndReturn(94)) -   Response 0: 57ed5fd8-a62b-44c8-9c66-83b6d5ca8b16<-b98521b2-5644-4aab-8244-d2e66a88cd45#0:OK-t0
2023-05-17 09:09:14,005 [57ed5fd8-a62b-44c8-9c66-83b6d5ca8b16@group-CDB51B945669-LeaderElection16] INFO  impl.LeaderElection (LeaderElection.java:askForVotes(323)) - 57ed5fd8-a62b-44c8-9c66-83b6d5ca8b16@group-CDB51B945669-LeaderElection16 PRE_VOTE round 0: result PASSED
2023-05-17 09:09:14,014 [5b9af961-56be-4fa8-844e-3cefe1429416-server-thread1] INFO  server.RaftServer$Division (ServerState.java:setRaftConf(434)) - 5b9af961-56be-4fa8-844e-3cefe1429416@group-A7669F4B16A5: set configuration 0: peers:[5b9fa8c3-08c3-43f9-b175-3119fbbe3900|rpc:10.1.0.64:15077|admin:10.1.0.64:15076|client:10.1.0.64:15075|dataStream:10.1.0.64:15078|priority:0|startupRole:FOLLOWER, 5b9af961-56be-4fa8-844e-3cefe1429416|rpc:10.1.0.64:15069|admin:10.1.0.64:15068|client:10.1.0.64:15067|dataStream:10.1.0.64:15070|priority:0|startupRole:FOLLOWER, bcbacd9a-ca93-42dd-bb1e-f9c21d91cd60|rpc:10.1.0.64:15061|admin:10.1.0.64:15060|client:10.1.0.64:15059|dataStream:10.1.0.64:15062|priority:1|startupRole:FOLLOWER]|listeners:[], old=null
2023-05-17 09:09:14,014 [57ed5fd8-a62b-44c8-9c66-83b6d5ca8b16@group-CDB51B945669-LeaderElection16] INFO  impl.LeaderElection (LeaderElection.java:askForVotes(321)) - 57ed5fd8-a62b-44c8-9c66-83b6d5ca8b16@group-CDB51B945669-LeaderElection16 ELECTION round 0: submit vote requests at term 1 for -1: peers:[b2b5d537-374d-472d-b9f1-d9543cb70a6b|rpc:10.1.0.64:15053|admin:10.1.0.64:15052|client:10.1.0.64:15051|dataStream:10.1.0.64:15054|priority:0|startupRole:FOLLOWER, b98521b2-5644-4aab-8244-d2e66a88cd45|rpc:10.1.0.64:15045|admin:10.1.0.64:15044|client:10.1.0.64:15043|dataStream:10.1.0.64:15046|priority:0|startupRole:FOLLOWER, 57ed5fd8-a62b-44c8-9c66-83b6d5ca8b16|rpc:10.1.0.64:15037|admin:10.1.0.64:15036|client:10.1.0.64:15035|dataStream:10.1.0.64:15038|priority:1|startupRole:FOLLOWER]|listeners:[], old=null
2023-05-17 09:09:14,015 [57ed5fd8-a62b-44c8-9c66-83b6d5ca8b16@group-CDB51B945669-LeaderElection16] INFO  server.RaftServerConfigKeys (ConfUtils.java:logFallback(53)) - raft.server.rpc.first-election.timeout.min = 5s (fallback to raft.server.rpc.timeout.min)
2023-05-17 09:09:14,015 [57ed5fd8-a62b-44c8-9c66-83b6d5ca8b16@group-CDB51B945669-LeaderElection16] INFO  server.RaftServerConfigKeys (ConfUtils.java:logFallback(53)) - raft.server.rpc.first-election.timeout.max = 5200ms (fallback to raft.server.rpc.timeout.max)
2023-05-17 09:09:14,019 [5b9af961-56be-4fa8-844e-3cefe1429416-server-thread1] INFO  segmented.SegmentedRaftLogWorker (SegmentedRaftLogWorker.java:startLogSegment(447)) - 5b9af961-56be-4fa8-844e-3cefe1429416@group-A7669F4B16A5-SegmentedRaftLogWorker: Starting segment from index:0
2023-05-17 09:09:14,020 [grpc-default-executor-5] INFO  server.RaftServer$Division (RaftServerImpl.java:requestVote(1302)) - b98521b2-5644-4aab-8244-d2e66a88cd45@group-CDB51B945669: receive requestVote(ELECTION, 57ed5fd8-a62b-44c8-9c66-83b6d5ca8b16, group-CDB51B945669, 1, (t:0, i:0))
2023-05-17 09:09:14,020 [grpc-default-executor-5] INFO  impl.VoteContext (VoteContext.java:log(49)) - b98521b2-5644-4aab-8244-d2e66a88cd45@group-CDB51B945669-FOLLOWER: accept ELECTION from 57ed5fd8-a62b-44c8-9c66-83b6d5ca8b16: our priority 0 <= candidate's priority 1
2023-05-17 09:09:14,020 [grpc-default-executor-5] INFO  server.RaftServer$Division (RaftServerImpl.java:setRole(329)) - b98521b2-5644-4aab-8244-d2e66a88cd45@group-CDB51B945669: changes role from  FOLLOWER to FOLLOWER at term 1 for candidate:57ed5fd8-a62b-44c8-9c66-83b6d5ca8b16
2023-05-17 09:09:14,021 [grpc-default-executor-5] INFO  impl.RoleInfo (RoleInfo.java:shutdownFollowerState(110)) - b98521b2-5644-4aab-8244-d2e66a88cd45: shutdown b98521b2-5644-4aab-8244-d2e66a88cd45@group-CDB51B945669-FollowerState
2023-05-17 09:09:14,021 [5b9fa8c3-08c3-43f9-b175-3119fbbe3900-server-thread2] INFO  server.RaftServer$Division (ServerState.java:setRaftConf(434)) - 5b9fa8c3-08c3-43f9-b175-3119fbbe3900@group-A7669F4B16A5: set configuration 0: peers:[5b9fa8c3-08c3-43f9-b175-3119fbbe3900|rpc:10.1.0.64:15077|admin:10.1.0.64:15076|client:10.1.0.64:15075|dataStream:10.1.0.64:15078|priority:0|startupRole:FOLLOWER, 5b9af961-56be-4fa8-844e-3cefe1429416|rpc:10.1.0.64:15069|admin:10.1.0.64:15068|client:10.1.0.64:15067|dataStream:10.1.0.64:15070|priority:0|startupRole:FOLLOWER, bcbacd9a-ca93-42dd-bb1e-f9c21d91cd60|rpc:10.1.0.64:15061|admin:10.1.0.64:15060|client:10.1.0.64:15059|dataStream:10.1.0.64:15062|priority:1|startupRole:FOLLOWER]|listeners:[], old=null
2023-05-17 09:09:14,021 [grpc-default-executor-5] INFO  impl.RoleInfo (RoleInfo.java:updateAndGet(139)) - b98521b2-5644-4aab-8244-d2e66a88cd45: start b98521b2-5644-4aab-8244-d2e66a88cd45@group-CDB51B945669-FollowerState
2023-05-17 09:09:14,021 [5b9fa8c3-08c3-43f9-b175-3119fbbe3900-server-thread2] INFO  segmented.SegmentedRaftLogWorker (SegmentedRaftLogWorker.java:startLogSegment(447)) - 5b9fa8c3-08c3-43f9-b175-3119fbbe3900@group-A7669F4B16A5-SegmentedRaftLogWorker: Starting segment from index:0
2023-05-17 09:09:14,021 [b98521b2-5644-4aab-8244-d2e66a88cd45@group-CDB51B945669-FollowerState] INFO  impl.FollowerState (FollowerState.java:run(152)) - b98521b2-5644-4aab-8244-d2e66a88cd45@group-CDB51B945669-FollowerState was interrupted
2023-05-17 09:09:14,023 [5b9af961-56be-4fa8-844e-3cefe1429416@group-A7669F4B16A5-SegmentedRaftLogWorker] INFO  segmented.SegmentedRaftLogWorker (SegmentedRaftLogWorker.java:execute(651)) - 5b9af961-56be-4fa8-844e-3cefe1429416@group-A7669F4B16A5-SegmentedRaftLogWorker: created new log segment /home/runner/work/ozone/ozone/hadoop-ozone/integration-test/target/test-dir/MiniOzoneClusterImpl-21d14123-a168-44a2-bc0a-ee93e32dcc9b/datanode-7/data/ratis/198e1bf6-3ffb-4307-8ad0-a7669f4b16a5/current/log_inprogress_0
2023-05-17 09:09:14,023 [5b9fa8c3-08c3-43f9-b175-3119fbbe3900@group-A7669F4B16A5-SegmentedRaftLogWorker] INFO  segmented.SegmentedRaftLogWorker (SegmentedRaftLogWorker.java:execute(651)) - 5b9fa8c3-08c3-43f9-b175-3119fbbe3900@group-A7669F4B16A5-SegmentedRaftLogWorker: created new log segment /home/runner/work/ozone/ozone/hadoop-ozone/integration-test/target/test-dir/MiniOzoneClusterImpl-21d14123-a168-44a2-bc0a-ee93e32dcc9b/datanode-8/data/ratis/198e1bf6-3ffb-4307-8ad0-a7669f4b16a5/current/log_inprogress_0
2023-05-17 09:09:14,023 [grpc-default-executor-5] INFO  server.RaftServer$Division (RaftServerImpl.java:requestVote(1335)) - b98521b2-5644-4aab-8244-d2e66a88cd45@group-CDB51B945669 replies to ELECTION vote request: 57ed5fd8-a62b-44c8-9c66-83b6d5ca8b16<-b98521b2-5644-4aab-8244-d2e66a88cd45#0:OK-t1. Peer's state: b98521b2-5644-4aab-8244-d2e66a88cd45@group-CDB51B945669:t1, leader=null, voted=57ed5fd8-a62b-44c8-9c66-83b6d5ca8b16, raftlog=Memoized:b98521b2-5644-4aab-8244-d2e66a88cd45@group-CDB51B945669-SegmentedRaftLog:OPENED:c-1, conf=-1: peers:[b2b5d537-374d-472d-b9f1-d9543cb70a6b|rpc:10.1.0.64:15053|admin:10.1.0.64:15052|client:10.1.0.64:15051|dataStream:10.1.0.64:15054|priority:0|startupRole:FOLLOWER, b98521b2-5644-4aab-8244-d2e66a88cd45|rpc:10.1.0.64:15045|admin:10.1.0.64:15044|client:10.1.0.64:15043|dataStream:10.1.0.64:15046|priority:0|startupRole:FOLLOWER, 57ed5fd8-a62b-44c8-9c66-83b6d5ca8b16|rpc:10.1.0.64:15037|admin:10.1.0.64:15036|client:10.1.0.64:15035|dataStream:10.1.0.64:15038|priority:1|startupRole:FOLLOWER]|listeners:[], old=null
2023-05-17 09:09:14,024 [grpc-default-executor-0] INFO  server.RaftServer$Division (RaftServerImpl.java:requestVote(1302)) - b2b5d537-374d-472d-b9f1-d9543cb70a6b@group-CDB51B945669: receive requestVote(ELECTION, 57ed5fd8-a62b-44c8-9c66-83b6d5ca8b16, group-CDB51B945669, 1, (t:0, i:0))
2023-05-17 09:09:14,024 [grpc-default-executor-0] INFO  impl.VoteContext (VoteContext.java:log(49)) - b2b5d537-374d-472d-b9f1-d9543cb70a6b@group-CDB51B945669-FOLLOWER: accept ELECTION from 57ed5fd8-a62b-44c8-9c66-83b6d5ca8b16: our priority 0 <= candidate's priority 1
2023-05-17 09:09:14,024 [grpc-default-executor-0] INFO  server.RaftServer$Division (RaftServerImpl.java:setRole(329)) - b2b5d537-374d-472d-b9f1-d9543cb70a6b@group-CDB51B945669: changes role from  FOLLOWER to FOLLOWER at term 1 for candidate:57ed5fd8-a62b-44c8-9c66-83b6d5ca8b16
2023-05-17 09:09:14,024 [grpc-default-executor-0] INFO  impl.RoleInfo (RoleInfo.java:shutdownFollowerState(110)) - b2b5d537-374d-472d-b9f1-d9543cb70a6b: shutdown b2b5d537-374d-472d-b9f1-d9543cb70a6b@group-CDB51B945669-FollowerState
2023-05-17 09:09:14,024 [grpc-default-executor-0] INFO  impl.RoleInfo (RoleInfo.java:updateAndGet(139)) - b2b5d537-374d-472d-b9f1-d9543cb70a6b: start b2b5d537-374d-472d-b9f1-d9543cb70a6b@group-CDB51B945669-FollowerState
2023-05-17 09:09:14,024 [b2b5d537-374d-472d-b9f1-d9543cb70a6b@group-CDB51B945669-FollowerState] INFO  impl.FollowerState (FollowerState.java:run(152)) - b2b5d537-374d-472d-b9f1-d9543cb70a6b@group-CDB51B945669-FollowerState was interrupted
2023-05-17 09:09:14,034 [grpc-default-executor-0] INFO  server.RaftServer$Division (RaftServerImpl.java:requestVote(1335)) - b2b5d537-374d-472d-b9f1-d9543cb70a6b@group-CDB51B945669 replies to ELECTION vote request: 57ed5fd8-a62b-44c8-9c66-83b6d5ca8b16<-b2b5d537-374d-472d-b9f1-d9543cb70a6b#0:OK-t1. Peer's state: b2b5d537-374d-472d-b9f1-d9543cb70a6b@group-CDB51B945669:t1, leader=null, voted=57ed5fd8-a62b-44c8-9c66-83b6d5ca8b16, raftlog=Memoized:b2b5d537-374d-472d-b9f1-d9543cb70a6b@group-CDB51B945669-SegmentedRaftLog:OPENED:c-1, conf=-1: peers:[b2b5d537-374d-472d-b9f1-d9543cb70a6b|rpc:10.1.0.64:15053|admin:10.1.0.64:15052|client:10.1.0.64:15051|dataStream:10.1.0.64:15054|priority:0|startupRole:FOLLOWER, b98521b2-5644-4aab-8244-d2e66a88cd45|rpc:10.1.0.64:15045|admin:10.1.0.64:15044|client:10.1.0.64:15043|dataStream:10.1.0.64:15046|priority:0|startupRole:FOLLOWER, 57ed5fd8-a62b-44c8-9c66-83b6d5ca8b16|rpc:10.1.0.64:15037|admin:10.1.0.64:15036|client:10.1.0.64:15035|dataStream:10.1.0.64:15038|priority:1|startupRole:FOLLOWER]|listeners:[], old=null
2023-05-17 09:09:14,043 [57ed5fd8-a62b-44c8-9c66-83b6d5ca8b16@group-CDB51B945669-LeaderElection16] INFO  impl.LeaderElection (LeaderElection.java:logAndReturn(90)) - 57ed5fd8-a62b-44c8-9c66-83b6d5ca8b16@group-CDB51B945669-LeaderElection16: ELECTION PASSED received 1 response(s) and 0 exception(s):
2023-05-17 09:09:14,043 [57ed5fd8-a62b-44c8-9c66-83b6d5ca8b16@group-CDB51B945669-LeaderElection16] INFO  impl.LeaderElection (LeaderElection.java:logAndReturn(94)) -   Response 0: 57ed5fd8-a62b-44c8-9c66-83b6d5ca8b16<-b2b5d537-374d-472d-b9f1-d9543cb70a6b#0:OK-t1
2023-05-17 09:09:14,043 [57ed5fd8-a62b-44c8-9c66-83b6d5ca8b16@group-CDB51B945669-LeaderElection16] INFO  impl.LeaderElection (LeaderElection.java:askForVotes(323)) - 57ed5fd8-a62b-44c8-9c66-83b6d5ca8b16@group-CDB51B945669-LeaderElection16 ELECTION round 0: result PASSED
2023-05-17 09:09:14,043 [57ed5fd8-a62b-44c8-9c66-83b6d5ca8b16@group-CDB51B945669-LeaderElection16] INFO  impl.RoleInfo (RoleInfo.java:shutdownLeaderElection(130)) - 57ed5fd8-a62b-44c8-9c66-83b6d5ca8b16: shutdown 57ed5fd8-a62b-44c8-9c66-83b6d5ca8b16@group-CDB51B945669-LeaderElection16
2023-05-17 09:09:14,044 [57ed5fd8-a62b-44c8-9c66-83b6d5ca8b16@group-CDB51B945669-LeaderElection16] INFO  server.RaftServer$Division (RaftServerImpl.java:setRole(329)) - 57ed5fd8-a62b-44c8-9c66-83b6d5ca8b16@group-CDB51B945669: changes role from CANDIDATE to LEADER at term 1 for changeToLeader
2023-05-17 09:09:14,044 [57ed5fd8-a62b-44c8-9c66-83b6d5ca8b16@group-CDB51B945669-LeaderElection16] INFO  ratis.XceiverServerRatis (XceiverServerRatis.java:handleLeaderChangedNotification(904)) - Leader change notification received for group: group-CDB51B945669 with new leaderId: 57ed5fd8-a62b-44c8-9c66-83b6d5ca8b16
2023-05-17 09:09:14,044 [57ed5fd8-a62b-44c8-9c66-83b6d5ca8b16@group-CDB51B945669-LeaderElection16] INFO  server.RaftServer$Division (ServerState.java:setLeader(317)) - 57ed5fd8-a62b-44c8-9c66-83b6d5ca8b16@group-CDB51B945669: change Leader from null to 57ed5fd8-a62b-44c8-9c66-83b6d5ca8b16 at term 1 for becomeLeader, leader elected after 5396ms
2023-05-17 09:09:14,044 [57ed5fd8-a62b-44c8-9c66-83b6d5ca8b16@group-CDB51B945669-LeaderElection16] INFO  server.RaftServerConfigKeys (ConfUtils.java:logGet(46)) - raft.server.staging.catchup.gap = 1000 (default)
2023-05-17 09:09:14,044 [grpc-default-executor-2] INFO  server.RaftServer$Division (RaftServerImpl.java:requestVote(1302)) - b2b5d537-374d-472d-b9f1-d9543cb70a6b@group-CDB51B945669: receive requestVote(PRE_VOTE, 57ed5fd8-a62b-44c8-9c66-83b6d5ca8b16, group-CDB51B945669, 0, (t:0, i:0))
2023-05-17 09:09:14,044 [57ed5fd8-a62b-44c8-9c66-83b6d5ca8b16@group-CDB51B945669-LeaderElection16] INFO  server.RaftServerConfigKeys (ConfUtils.java:logGet(46)) - raft.server.write.element-limit = 1024 (custom)
2023-05-17 09:09:14,044 [grpc-default-executor-2] INFO  impl.VoteContext (VoteContext.java:log(49)) - b2b5d537-374d-472d-b9f1-d9543cb70a6b@group-CDB51B945669-FOLLOWER: accept PRE_VOTE from 57ed5fd8-a62b-44c8-9c66-83b6d5ca8b16: our priority 0 <= candidate's priority 1
2023-05-17 09:09:14,044 [grpc-default-executor-2] INFO  server.RaftServer$Division (RaftServerImpl.java:requestVote(1335)) - b2b5d537-374d-472d-b9f1-d9543cb70a6b@group-CDB51B945669 replies to PRE_VOTE vote request: 57ed5fd8-a62b-44c8-9c66-83b6d5ca8b16<-b2b5d537-374d-472d-b9f1-d9543cb70a6b#0:OK-t1. Peer's state: b2b5d537-374d-472d-b9f1-d9543cb70a6b@group-CDB51B945669:t1, leader=null, voted=57ed5fd8-a62b-44c8-9c66-83b6d5ca8b16, raftlog=Memoized:b2b5d537-374d-472d-b9f1-d9543cb70a6b@group-CDB51B945669-SegmentedRaftLog:OPENED:c-1, conf=-1: peers:[b2b5d537-374d-472d-b9f1-d9543cb70a6b|rpc:10.1.0.64:15053|admin:10.1.0.64:15052|client:10.1.0.64:15051|dataStream:10.1.0.64:15054|priority:0|startupRole:FOLLOWER, b98521b2-5644-4aab-8244-d2e66a88cd45|rpc:10.1.0.64:15045|admin:10.1.0.64:15044|client:10.1.0.64:15043|dataStream:10.1.0.64:15046|priority:0|startupRole:FOLLOWER, 57ed5fd8-a62b-44c8-9c66-83b6d5ca8b16|rpc:10.1.0.64:15037|admin:10.1.0.64:15036|client:10.1.0.64:15035|dataStream:10.1.0.64:15038|priority:1|startupRole:FOLLOWER]|listeners:[], old=null
2023-05-17 09:09:14,047 [EventQueue-PipelineReportForPipelineReportHandler] INFO  pipeline.PipelineManagerImpl (PipelineManagerImpl.java:openPipeline(367)) - Pipeline Pipeline[ Id: 2003f648-4363-4af3-ad53-cdb51b945669, Nodes: 57ed5fd8-a62b-44c8-9c66-83b6d5ca8b16(fv-az41-747.zje5jq5y5x4uznwvdkgxk4wc2h.cx.internal.cloudapp.net/10.1.0.64)b2b5d537-374d-472d-b9f1-d9543cb70a6b(fv-az41-747.zje5jq5y5x4uznwvdkgxk4wc2h.cx.internal.cloudapp.net/10.1.0.64)b98521b2-5644-4aab-8244-d2e66a88cd45(fv-az41-747.zje5jq5y5x4uznwvdkgxk4wc2h.cx.internal.cloudapp.net/10.1.0.64), ReplicationConfig: RATIS/THREE, State:ALLOCATED, leaderId:57ed5fd8-a62b-44c8-9c66-83b6d5ca8b16, CreationTimestamp2023-05-17T09:09:04.834Z[Etc/UTC]] moved to OPEN state
2023-05-17 09:09:14,044 [57ed5fd8-a62b-44c8-9c66-83b6d5ca8b16@group-CDB51B945669-LeaderElection16] INFO  server.RaftServerConfigKeys (ConfUtils.java:logGet(46)) - raft.server.write.byte-limit = 1024 M (=1073741824) (custom)
2023-05-17 09:09:14,049 [57ed5fd8-a62b-44c8-9c66-83b6d5ca8b16@group-CDB51B945669-LeaderElection16] INFO  server.RaftServerConfigKeys (ConfUtils.java:logGet(46)) - raft.server.watch.timeout = 180s (custom)
2023-05-17 09:09:14,049 [57ed5fd8-a62b-44c8-9c66-83b6d5ca8b16@group-CDB51B945669-LeaderElection16] INFO  server.RaftServerConfigKeys (ConfUtils.java:logGet(46)) - raft.server.watch.timeout.denomination = 1s (default)
2023-05-17 09:09:14,049 [57ed5fd8-a62b-44c8-9c66-83b6d5ca8b16@group-CDB51B945669-LeaderElection16] INFO  server.RaftServerConfigKeys (ConfUtils.java:logGet(46)) - raft.server.watch.element-limit = 65536 (default)
2023-05-17 09:09:14,049 [57ed5fd8-a62b-44c8-9c66-83b6d5ca8b16@group-CDB51B945669-LeaderElection16] INFO  server.RaftServerConfigKeys (ConfUtils.java:logGet(46)) - raft.server.write.element-limit = 1024 (custom)
2023-05-17 09:09:14,049 [57ed5fd8-a62b-44c8-9c66-83b6d5ca8b16@group-CDB51B945669-LeaderElection16] INFO  server.RaftServerConfigKeys (ConfUtils.java:logGet(46)) - raft.server.write.follower.gap.ratio.max = -1.0 (default)
2023-05-17 09:09:14,049 [57ed5fd8-a62b-44c8-9c66-83b6d5ca8b16@group-CDB51B945669-LeaderElection16] INFO  server.RaftServerConfigKeys (ConfUtils.java:logGet(46)) - raft.server.log.appender.snapshot.chunk.size.max = 16MB (=16777216) (default)
2023-05-17 09:09:14,049 [57ed5fd8-a62b-44c8-9c66-83b6d5ca8b16@group-CDB51B945669-LeaderElection16] INFO  server.RaftServerConfigKeys (ConfUtils.java:logGet(46)) - raft.server.log.appender.buffer.byte-limit = 33554432 (custom)
2023-05-17 09:09:14,050 [57ed5fd8-a62b-44c8-9c66-83b6d5ca8b16@group-CDB51B945669-LeaderElection16] INFO  server.RaftServerConfigKeys (ConfUtils.java:logGet(46)) - raft.server.log.appender.buffer.element-limit = 1 (custom)
2023-05-17 09:09:14,050 [57ed5fd8-a62b-44c8-9c66-83b6d5ca8b16@group-CDB51B945669-LeaderElection16] INFO  server.RaftServerConfigKeys (ConfUtils.java:logGet(46)) - raft.server.log.appender.wait-time.min = 10ms (default)
2023-05-17 09:09:14,050 [57ed5fd8-a62b-44c8-9c66-83b6d5ca8b16@group-CDB51B945669-LeaderElection16] INFO  grpc.GrpcConfigKeys (ConfUtils.java:logGet(46)) - raft.grpc.server.leader.outstanding.appends.max = 128 (default)
2023-05-17 09:09:14,050 [57ed5fd8-a62b-44c8-9c66-83b6d5ca8b16@group-CDB51B945669-LeaderElection16] INFO  server.RaftServerConfigKeys (ConfUtils.java:logGet(46)) - raft.server.rpc.request.timeout = 60s (custom)
2023-05-17 09:09:14,050 [57ed5fd8-a62b-44c8-9c66-83b6d5ca8b16@group-CDB51B945669-LeaderElection16] INFO  grpc.GrpcConfigKeys (ConfUtils.java:logGet(46)) - raft.grpc.server.install_snapshot.request.element-limit = 8 (default)
2023-05-17 09:09:14,050 [57ed5fd8-a62b-44c8-9c66-83b6d5ca8b16@group-CDB51B945669-LeaderElection16] INFO  grpc.GrpcConfigKeys (ConfUtils.java:logGet(46)) - raft.grpc.server.install_snapshot.request.timeout = 3000ms (default)
2023-05-17 09:09:14,050 [57ed5fd8-a62b-44c8-9c66-83b6d5ca8b16@group-CDB51B945669-LeaderElection16] INFO  server.RaftServerConfigKeys (ConfUtils.java:logGet(46)) - raft.server.log.appender.install.snapshot.enabled = false (custom)
2023-05-17 09:09:14,050 [57ed5fd8-a62b-44c8-9c66-83b6d5ca8b16@group-CDB51B945669-LeaderElection16] INFO  grpc.GrpcConfigKeys (ConfUtils.java:logGet(46)) - raft.grpc.server.heartbeat.channel = true (default)
2023-05-17 09:09:14,051 [57ed5fd8-a62b-44c8-9c66-83b6d5ca8b16@group-CDB51B945669-LeaderElection16] INFO  server.RaftServerConfigKeys (ConfUtils.java:logGet(46)) - raft.server.log.appender.snapshot.chunk.size.max = 16MB (=16777216) (default)
2023-05-17 09:09:14,051 [57ed5fd8-a62b-44c8-9c66-83b6d5ca8b16@group-CDB51B945669-LeaderElection16] INFO  server.RaftServerConfigKeys (ConfUtils.java:logGet(46)) - raft.server.log.appender.buffer.byte-limit = 33554432 (custom)
2023-05-17 09:09:14,051 [57ed5fd8-a62b-44c8-9c66-83b6d5ca8b16@group-CDB51B945669-LeaderElection16] INFO  server.RaftServerConfigKeys (ConfUtils.java:logGet(46)) - raft.server.log.appender.buffer.element-limit = 1 (custom)
2023-05-17 09:09:14,051 [57ed5fd8-a62b-44c8-9c66-83b6d5ca8b16@group-CDB51B945669-LeaderElection16] INFO  server.RaftServerConfigKeys (ConfUtils.java:logGet(46)) - raft.server.log.appender.wait-time.min = 10ms (default)
2023-05-17 09:09:14,053 [57ed5fd8-a62b-44c8-9c66-83b6d5ca8b16@group-CDB51B945669-LeaderElection16] INFO  grpc.GrpcConfigKeys (ConfUtils.java:logGet(46)) - raft.grpc.server.leader.outstanding.appends.max = 128 (default)
2023-05-17 09:09:14,053 [57ed5fd8-a62b-44c8-9c66-83b6d5ca8b16@group-CDB51B945669-LeaderElection16] INFO  server.RaftServerConfigKeys (ConfUtils.java:logGet(46)) - raft.server.rpc.request.timeout = 60s (custom)
2023-05-17 09:09:14,053 [57ed5fd8-a62b-44c8-9c66-83b6d5ca8b16@group-CDB51B945669-LeaderElection16] INFO  grpc.GrpcConfigKeys (ConfUtils.java:logGet(46)) - raft.grpc.server.install_snapshot.request.element-limit = 8 (default)
2023-05-17 09:09:14,053 [57ed5fd8-a62b-44c8-9c66-83b6d5ca8b16@group-CDB51B945669-LeaderElection16] INFO  grpc.GrpcConfigKeys (ConfUtils.java:logGet(46)) - raft.grpc.server.install_snapshot.request.timeout = 3000ms (default)
2023-05-17 09:09:14,053 [57ed5fd8-a62b-44c8-9c66-83b6d5ca8b16@group-CDB51B945669-LeaderElection16] INFO  server.RaftServerConfigKeys (ConfUtils.java:logGet(46)) - raft.server.log.appender.install.snapshot.enabled = false (custom)
2023-05-17 09:09:14,053 [57ed5fd8-a62b-44c8-9c66-83b6d5ca8b16@group-CDB51B945669-LeaderElection16] INFO  grpc.GrpcConfigKeys (ConfUtils.java:logGet(46)) - raft.grpc.server.heartbeat.channel = true (default)
2023-05-17 09:09:14,053 [57ed5fd8-a62b-44c8-9c66-83b6d5ca8b16@group-CDB51B945669-LeaderElection16] INFO  impl.RoleInfo (RoleInfo.java:updateAndGet(139)) - 57ed5fd8-a62b-44c8-9c66-83b6d5ca8b16: start 57ed5fd8-a62b-44c8-9c66-83b6d5ca8b16@group-CDB51B945669-LeaderStateImpl
2023-05-17 09:09:14,054 [57ed5fd8-a62b-44c8-9c66-83b6d5ca8b16@group-CDB51B945669-LeaderElection16] INFO  segmented.SegmentedRaftLogWorker (SegmentedRaftLogWorker.java:startLogSegment(447)) - 57ed5fd8-a62b-44c8-9c66-83b6d5ca8b16@group-CDB51B945669-SegmentedRaftLogWorker: Starting segment from index:0
2023-05-17 09:09:14,056 [57ed5fd8-a62b-44c8-9c66-83b6d5ca8b16@group-CDB51B945669-SegmentedRaftLogWorker] INFO  segmented.SegmentedRaftLogWorker (SegmentedRaftLogWorker.java:execute(651)) - 57ed5fd8-a62b-44c8-9c66-83b6d5ca8b16@group-CDB51B945669-SegmentedRaftLogWorker: created new log segment /home/runner/work/ozone/ozone/hadoop-ozone/integration-test/target/test-dir/MiniOzoneClusterImpl-21d14123-a168-44a2-bc0a-ee93e32dcc9b/datanode-3/data/ratis/2003f648-4363-4af3-ad53-cdb51b945669/current/log_inprogress_0
2023-05-17 09:09:14,082 [57ed5fd8-a62b-44c8-9c66-83b6d5ca8b16@group-CDB51B945669-LeaderElection16] INFO  server.RaftServer$Division (ServerState.java:setRaftConf(434)) - 57ed5fd8-a62b-44c8-9c66-83b6d5ca8b16@group-CDB51B945669: set configuration 0: peers:[b2b5d537-374d-472d-b9f1-d9543cb70a6b|rpc:10.1.0.64:15053|admin:10.1.0.64:15052|client:10.1.0.64:15051|dataStream:10.1.0.64:15054|priority:0|startupRole:FOLLOWER, b98521b2-5644-4aab-8244-d2e66a88cd45|rpc:10.1.0.64:15045|admin:10.1.0.64:15044|client:10.1.0.64:15043|dataStream:10.1.0.64:15046|priority:0|startupRole:FOLLOWER, 57ed5fd8-a62b-44c8-9c66-83b6d5ca8b16|rpc:10.1.0.64:15037|admin:10.1.0.64:15036|client:10.1.0.64:15035|dataStream:10.1.0.64:15038|priority:1|startupRole:FOLLOWER]|listeners:[], old=null
2023-05-17 09:09:14,103 [b98521b2-5644-4aab-8244-d2e66a88cd45-server-thread1] INFO  ratis.XceiverServerRatis (XceiverServerRatis.java:handleLeaderChangedNotification(904)) - Leader change notification received for group: group-CDB51B945669 with new leaderId: 57ed5fd8-a62b-44c8-9c66-83b6d5ca8b16
2023-05-17 09:09:14,103 [b98521b2-5644-4aab-8244-d2e66a88cd45-server-thread1] INFO  server.RaftServer$Division (ServerState.java:setLeader(317)) - b98521b2-5644-4aab-8244-d2e66a88cd45@group-CDB51B945669: change Leader from null to 57ed5fd8-a62b-44c8-9c66-83b6d5ca8b16 at term 1 for appendEntries, leader elected after 5947ms
2023-05-17 09:09:14,103 [b98521b2-5644-4aab-8244-d2e66a88cd45-server-thread1] INFO  server.RaftServer$Division (ServerState.java:setRaftConf(434)) - b98521b2-5644-4aab-8244-d2e66a88cd45@group-CDB51B945669: set configuration 0: peers:[b2b5d537-374d-472d-b9f1-d9543cb70a6b|rpc:10.1.0.64:15053|admin:10.1.0.64:15052|client:10.1.0.64:15051|dataStream:10.1.0.64:15054|priority:0|startupRole:FOLLOWER, b98521b2-5644-4aab-8244-d2e66a88cd45|rpc:10.1.0.64:15045|admin:10.1.0.64:15044|client:10.1.0.64:15043|dataStream:10.1.0.64:15046|priority:0|startupRole:FOLLOWER, 57ed5fd8-a62b-44c8-9c66-83b6d5ca8b16|rpc:10.1.0.64:15037|admin:10.1.0.64:15036|client:10.1.0.64:15035|dataStream:10.1.0.64:15038|priority:1|startupRole:FOLLOWER]|listeners:[], old=null
2023-05-17 09:09:14,104 [b98521b2-5644-4aab-8244-d2e66a88cd45-server-thread1] INFO  segmented.SegmentedRaftLogWorker (SegmentedRaftLogWorker.java:startLogSegment(447)) - b98521b2-5644-4aab-8244-d2e66a88cd45@group-CDB51B945669-SegmentedRaftLogWorker: Starting segment from index:0
2023-05-17 09:09:14,104 [b2b5d537-374d-472d-b9f1-d9543cb70a6b-server-thread2] INFO  ratis.XceiverServerRatis (XceiverServerRatis.java:handleLeaderChangedNotification(904)) - Leader change notification received for group: group-CDB51B945669 with new leaderId: 57ed5fd8-a62b-44c8-9c66-83b6d5ca8b16
2023-05-17 09:09:14,105 [b2b5d537-374d-472d-b9f1-d9543cb70a6b-server-thread2] INFO  server.RaftServer$Division (ServerState.java:setLeader(317)) - b2b5d537-374d-472d-b9f1-d9543cb70a6b@group-CDB51B945669: change Leader from null to 57ed5fd8-a62b-44c8-9c66-83b6d5ca8b16 at term 1 for appendEntries, leader elected after 5656ms
2023-05-17 09:09:14,105 [b2b5d537-374d-472d-b9f1-d9543cb70a6b-server-thread2] INFO  server.RaftServer$Division (ServerState.java:setRaftConf(434)) - b2b5d537-374d-472d-b9f1-d9543cb70a6b@group-CDB51B945669: set configuration 0: peers:[b2b5d537-374d-472d-b9f1-d9543cb70a6b|rpc:10.1.0.64:15053|admin:10.1.0.64:15052|client:10.1.0.64:15051|dataStream:10.1.0.64:15054|priority:0|startupRole:FOLLOWER, b98521b2-5644-4aab-8244-d2e66a88cd45|rpc:10.1.0.64:15045|admin:10.1.0.64:15044|client:10.1.0.64:15043|dataStream:10.1.0.64:15046|priority:0|startupRole:FOLLOWER, 57ed5fd8-a62b-44c8-9c66-83b6d5ca8b16|rpc:10.1.0.64:15037|admin:10.1.0.64:15036|client:10.1.0.64:15035|dataStream:10.1.0.64:15038|priority:1|startupRole:FOLLOWER]|listeners:[], old=null
2023-05-17 09:09:14,105 [b2b5d537-374d-472d-b9f1-d9543cb70a6b-server-thread2] INFO  segmented.SegmentedRaftLogWorker (SegmentedRaftLogWorker.java:startLogSegment(447)) - b2b5d537-374d-472d-b9f1-d9543cb70a6b@group-CDB51B945669-SegmentedRaftLogWorker: Starting segment from index:0
2023-05-17 09:09:14,107 [5b9af961-56be-4fa8-844e-3cefe1429416@group-9A9143D8A2C4-FollowerState] INFO  impl.FollowerState (FollowerState.java:run(143)) - 5b9af961-56be-4fa8-844e-3cefe1429416@group-9A9143D8A2C4-FollowerState: change to CANDIDATE, lastRpcElapsedTime:5179921923ns, electionTimeout:5159ms
2023-05-17 09:09:14,107 [5b9af961-56be-4fa8-844e-3cefe1429416@group-9A9143D8A2C4-FollowerState] INFO  impl.RoleInfo (RoleInfo.java:shutdownFollowerState(110)) - 5b9af961-56be-4fa8-844e-3cefe1429416: shutdown 5b9af961-56be-4fa8-844e-3cefe1429416@group-9A9143D8A2C4-FollowerState
2023-05-17 09:09:14,107 [5b9af961-56be-4fa8-844e-3cefe1429416@group-9A9143D8A2C4-FollowerState] INFO  server.RaftServer$Division (RaftServerImpl.java:setRole(329)) - 5b9af961-56be-4fa8-844e-3cefe1429416@group-9A9143D8A2C4: changes role from  FOLLOWER to CANDIDATE at term 0 for changeToCandidate
2023-05-17 09:09:14,108 [5b9af961-56be-4fa8-844e-3cefe1429416@group-9A9143D8A2C4-FollowerState] INFO  server.RaftServerConfigKeys (ConfUtils.java:logGet(46)) - raft.server.leaderelection.pre-vote = true (default)
2023-05-17 09:09:14,108 [5b9af961-56be-4fa8-844e-3cefe1429416@group-9A9143D8A2C4-FollowerState] INFO  impl.RoleInfo (RoleInfo.java:updateAndGet(139)) - 5b9af961-56be-4fa8-844e-3cefe1429416: start 5b9af961-56be-4fa8-844e-3cefe1429416@group-9A9143D8A2C4-LeaderElection17
2023-05-17 09:09:14,111 [5b9af961-56be-4fa8-844e-3cefe1429416@group-9A9143D8A2C4-LeaderElection17] INFO  impl.LeaderElection (LeaderElection.java:askForVotes(321)) - 5b9af961-56be-4fa8-844e-3cefe1429416@group-9A9143D8A2C4-LeaderElection17 PRE_VOTE round 0: submit vote requests at term 0 for -1: peers:[5b9af961-56be-4fa8-844e-3cefe1429416|rpc:10.1.0.64:15069|admin:10.1.0.64:15068|client:10.1.0.64:15067|dataStream:10.1.0.64:15070|priority:1|startupRole:FOLLOWER]|listeners:[], old=null
2023-05-17 09:09:14,111 [5b9af961-56be-4fa8-844e-3cefe1429416@group-9A9143D8A2C4-LeaderElection17] INFO  impl.LeaderElection (LeaderElection.java:askForVotes(323)) - 5b9af961-56be-4fa8-844e-3cefe1429416@group-9A9143D8A2C4-LeaderElection17 PRE_VOTE round 0: result PASSED (term=0)
2023-05-17 09:09:14,114 [b98521b2-5644-4aab-8244-d2e66a88cd45@group-CDB51B945669-SegmentedRaftLogWorker] INFO  segmented.SegmentedRaftLogWorker (SegmentedRaftLogWorker.java:execute(651)) - b98521b2-5644-4aab-8244-d2e66a88cd45@group-CDB51B945669-SegmentedRaftLogWorker: created new log segment /home/runner/work/ozone/ozone/hadoop-ozone/integration-test/target/test-dir/MiniOzoneClusterImpl-21d14123-a168-44a2-bc0a-ee93e32dcc9b/datanode-4/data/ratis/2003f648-4363-4af3-ad53-cdb51b945669/current/log_inprogress_0
2023-05-17 09:09:14,116 [b2b5d537-374d-472d-b9f1-d9543cb70a6b@group-CDB51B945669-SegmentedRaftLogWorker] INFO  segmented.SegmentedRaftLogWorker (SegmentedRaftLogWorker.java:execute(651)) - b2b5d537-374d-472d-b9f1-d9543cb70a6b@group-CDB51B945669-SegmentedRaftLogWorker: created new log segment /home/runner/work/ozone/ozone/hadoop-ozone/integration-test/target/test-dir/MiniOzoneClusterImpl-21d14123-a168-44a2-bc0a-ee93e32dcc9b/datanode-5/data/ratis/2003f648-4363-4af3-ad53-cdb51b945669/current/log_inprogress_0
2023-05-17 09:09:14,116 [5b9af961-56be-4fa8-844e-3cefe1429416@group-9A9143D8A2C4-LeaderElection17] INFO  impl.LeaderElection (LeaderElection.java:askForVotes(321)) - 5b9af961-56be-4fa8-844e-3cefe1429416@group-9A9143D8A2C4-LeaderElection17 ELECTION round 0: submit vote requests at term 1 for -1: peers:[5b9af961-56be-4fa8-844e-3cefe1429416|rpc:10.1.0.64:15069|admin:10.1.0.64:15068|client:10.1.0.64:15067|dataStream:10.1.0.64:15070|priority:1|startupRole:FOLLOWER]|listeners:[], old=null
2023-05-17 09:09:14,116 [5b9af961-56be-4fa8-844e-3cefe1429416@group-9A9143D8A2C4-LeaderElection17] INFO  impl.LeaderElection (LeaderElection.java:askForVotes(323)) - 5b9af961-56be-4fa8-844e-3cefe1429416@group-9A9143D8A2C4-LeaderElection17 ELECTION round 0: result PASSED (term=1)
2023-05-17 09:09:14,116 [5b9af961-56be-4fa8-844e-3cefe1429416@group-9A9143D8A2C4-LeaderElection17] INFO  impl.RoleInfo (RoleInfo.java:shutdownLeaderElection(130)) - 5b9af961-56be-4fa8-844e-3cefe1429416: shutdown 5b9af961-56be-4fa8-844e-3cefe1429416@group-9A9143D8A2C4-LeaderElection17
2023-05-17 09:09:14,116 [5b9af961-56be-4fa8-844e-3cefe1429416@group-9A9143D8A2C4-LeaderElection17] INFO  server.RaftServer$Division (RaftServerImpl.java:setRole(329)) - 5b9af961-56be-4fa8-844e-3cefe1429416@group-9A9143D8A2C4: changes role from CANDIDATE to LEADER at term 1 for changeToLeader
2023-05-17 09:09:14,116 [5b9af961-56be-4fa8-844e-3cefe1429416@group-9A9143D8A2C4-LeaderElection17] INFO  ratis.XceiverServerRatis (XceiverServerRatis.java:handleLeaderChangedNotification(904)) - Leader change notification received for group: group-9A9143D8A2C4 with new leaderId: 5b9af961-56be-4fa8-844e-3cefe1429416
2023-05-17 09:09:14,121 [5b9af961-56be-4fa8-844e-3cefe1429416@group-9A9143D8A2C4-LeaderElection17] INFO  server.RaftServer$Division (ServerState.java:setLeader(317)) - 5b9af961-56be-4fa8-844e-3cefe1429416@group-9A9143D8A2C4: change Leader from null to 5b9af961-56be-4fa8-844e-3cefe1429416 at term 1 for becomeLeader, leader elected after 5280ms
2023-05-17 09:09:14,121 [5b9af961-56be-4fa8-844e-3cefe1429416@group-9A9143D8A2C4-LeaderElection17] INFO  server.RaftServerConfigKeys (ConfUtils.java:logGet(46)) - raft.server.staging.catchup.gap = 1000 (default)
2023-05-17 09:09:14,121 [5b9af961-56be-4fa8-844e-3cefe1429416@group-9A9143D8A2C4-LeaderElection17] INFO  server.RaftServerConfigKeys (ConfUtils.java:logGet(46)) - raft.server.write.element-limit = 1024 (custom)
2023-05-17 09:09:14,121 [5b9af961-56be-4fa8-844e-3cefe1429416@group-9A9143D8A2C4-LeaderElection17] INFO  server.RaftServerConfigKeys (ConfUtils.java:logGet(46)) - raft.server.write.byte-limit = 1024 M (=1073741824) (custom)
2023-05-17 09:09:14,124 [5b9af961-56be-4fa8-844e-3cefe1429416@group-9A9143D8A2C4-LeaderElection17] INFO  server.RaftServerConfigKeys (ConfUtils.java:logGet(46)) - raft.server.watch.timeout = 180s (custom)
2023-05-17 09:09:14,124 [5b9af961-56be-4fa8-844e-3cefe1429416@group-9A9143D8A2C4-LeaderElection17] INFO  server.RaftServerConfigKeys (ConfUtils.java:logGet(46)) - raft.server.watch.timeout.denomination = 1s (default)
2023-05-17 09:09:14,124 [5b9af961-56be-4fa8-844e-3cefe1429416@group-9A9143D8A2C4-LeaderElection17] INFO  server.RaftServerConfigKeys (ConfUtils.java:logGet(46)) - raft.server.watch.element-limit = 65536 (default)
2023-05-17 09:09:14,124 [5b9af961-56be-4fa8-844e-3cefe1429416@group-9A9143D8A2C4-LeaderElection17] INFO  server.RaftServerConfigKeys (ConfUtils.java:logGet(46)) - raft.server.write.element-limit = 1024 (custom)
2023-05-17 09:09:14,124 [5b9af961-56be-4fa8-844e-3cefe1429416@group-9A9143D8A2C4-LeaderElection17] INFO  server.RaftServerConfigKeys (ConfUtils.java:logGet(46)) - raft.server.write.follower.gap.ratio.max = -1.0 (default)
2023-05-17 09:09:14,125 [5b9af961-56be-4fa8-844e-3cefe1429416@group-9A9143D8A2C4-LeaderElection17] INFO  impl.RoleInfo (RoleInfo.java:updateAndGet(139)) - 5b9af961-56be-4fa8-844e-3cefe1429416: start 5b9af961-56be-4fa8-844e-3cefe1429416@group-9A9143D8A2C4-LeaderStateImpl
2023-05-17 09:09:14,125 [5b9af961-56be-4fa8-844e-3cefe1429416@group-9A9143D8A2C4-LeaderElection17] INFO  segmented.SegmentedRaftLogWorker (SegmentedRaftLogWorker.java:startLogSegment(447)) - 5b9af961-56be-4fa8-844e-3cefe1429416@group-9A9143D8A2C4-SegmentedRaftLogWorker: Starting segment from index:0
2023-05-17 09:09:14,125 [5b9af961-56be-4fa8-844e-3cefe1429416@group-9A9143D8A2C4-LeaderElection17] INFO  server.RaftServer$Division (ServerState.java:setRaftConf(434)) - 5b9af961-56be-4fa8-844e-3cefe1429416@group-9A9143D8A2C4: set configuration 0: peers:[5b9af961-56be-4fa8-844e-3cefe1429416|rpc:10.1.0.64:15069|admin:10.1.0.64:15068|client:10.1.0.64:15067|dataStream:10.1.0.64:15070|priority:1|startupRole:FOLLOWER]|listeners:[], old=null
2023-05-17 09:09:14,126 [5b9af961-56be-4fa8-844e-3cefe1429416@group-9A9143D8A2C4-SegmentedRaftLogWorker] INFO  segmented.SegmentedRaftLogWorker (SegmentedRaftLogWorker.java:execute(651)) - 5b9af961-56be-4fa8-844e-3cefe1429416@group-9A9143D8A2C4-SegmentedRaftLogWorker: created new log segment /home/runner/work/ozone/ozone/hadoop-ozone/integration-test/target/test-dir/MiniOzoneClusterImpl-21d14123-a168-44a2-bc0a-ee93e32dcc9b/datanode-7/data/ratis/8d49c4f6-b2ef-40cf-bdb9-9a9143d8a2c4/current/log_inprogress_0
2023-05-17 09:09:14,276 [5b9af961-56be-4fa8-844e-3cefe1429416@group-F19CF75F4C85-FollowerState] INFO  impl.FollowerState (FollowerState.java:run(143)) - 5b9af961-56be-4fa8-844e-3cefe1429416@group-F19CF75F4C85-FollowerState: change to CANDIDATE, lastRpcElapsedTime:5194525692ns, electionTimeout:5190ms
2023-05-17 09:09:14,276 [5b9af961-56be-4fa8-844e-3cefe1429416@group-F19CF75F4C85-FollowerState] INFO  impl.RoleInfo (RoleInfo.java:shutdownFollowerState(110)) - 5b9af961-56be-4fa8-844e-3cefe1429416: shutdown 5b9af961-56be-4fa8-844e-3cefe1429416@group-F19CF75F4C85-FollowerState
2023-05-17 09:09:14,276 [5b9af961-56be-4fa8-844e-3cefe1429416@group-F19CF75F4C85-FollowerState] INFO  server.RaftServer$Division (RaftServerImpl.java:setRole(329)) - 5b9af961-56be-4fa8-844e-3cefe1429416@group-F19CF75F4C85: changes role from  FOLLOWER to CANDIDATE at term 0 for changeToCandidate
2023-05-17 09:09:14,276 [5b9af961-56be-4fa8-844e-3cefe1429416@group-F19CF75F4C85-FollowerState] INFO  server.RaftServerConfigKeys (ConfUtils.java:logGet(46)) - raft.server.leaderelection.pre-vote = true (default)
2023-05-17 09:09:14,276 [5b9af961-56be-4fa8-844e-3cefe1429416@group-F19CF75F4C85-FollowerState] INFO  impl.RoleInfo (RoleInfo.java:updateAndGet(139)) - 5b9af961-56be-4fa8-844e-3cefe1429416: start 5b9af961-56be-4fa8-844e-3cefe1429416@group-F19CF75F4C85-LeaderElection18
2023-05-17 09:09:14,283 [5b9af961-56be-4fa8-844e-3cefe1429416@group-F19CF75F4C85-LeaderElection18] INFO  impl.LeaderElection (LeaderElection.java:askForVotes(321)) - 5b9af961-56be-4fa8-844e-3cefe1429416@group-F19CF75F4C85-LeaderElection18 PRE_VOTE round 0: submit vote requests at term 0 for -1: peers:[5b9fa8c3-08c3-43f9-b175-3119fbbe3900|rpc:10.1.0.64:15077|admin:10.1.0.64:15076|client:10.1.0.64:15075|dataStream:10.1.0.64:15078|priority:1|startupRole:FOLLOWER, 5b9af961-56be-4fa8-844e-3cefe1429416|rpc:10.1.0.64:15069|admin:10.1.0.64:15068|client:10.1.0.64:15067|dataStream:10.1.0.64:15070|priority:0|startupRole:FOLLOWER, bcbacd9a-ca93-42dd-bb1e-f9c21d91cd60|rpc:10.1.0.64:15061|admin:10.1.0.64:15060|client:10.1.0.64:15059|dataStream:10.1.0.64:15062|priority:0|startupRole:FOLLOWER]|listeners:[], old=null
2023-05-17 09:09:14,289 [5b9af961-56be-4fa8-844e-3cefe1429416@group-F19CF75F4C85-LeaderElection18-1] INFO  server.GrpcServerProtocolClient (GrpcServerProtocolClient.java:<init>(65)) - Build channel for 5b9fa8c3-08c3-43f9-b175-3119fbbe3900
2023-05-17 09:09:14,298 [5b9af961-56be-4fa8-844e-3cefe1429416@group-F19CF75F4C85-LeaderElection18] INFO  server.RaftServerConfigKeys (ConfUtils.java:logFallback(53)) - raft.server.rpc.first-election.timeout.min = 5s (fallback to raft.server.rpc.timeout.min)
2023-05-17 09:09:14,298 [5b9af961-56be-4fa8-844e-3cefe1429416@group-F19CF75F4C85-LeaderElection18] INFO  server.RaftServerConfigKeys (ConfUtils.java:logFallback(53)) - raft.server.rpc.first-election.timeout.max = 5200ms (fallback to raft.server.rpc.timeout.max)
2023-05-17 09:09:14,298 [5b9af961-56be-4fa8-844e-3cefe1429416@group-F19CF75F4C85-LeaderElection18-2] INFO  server.GrpcServerProtocolClient (GrpcServerProtocolClient.java:<init>(65)) - Build channel for bcbacd9a-ca93-42dd-bb1e-f9c21d91cd60
2023-05-17 09:09:14,306 [grpc-default-executor-3] INFO  server.RaftServer$Division (RaftServerImpl.java:requestVote(1302)) - 5b9fa8c3-08c3-43f9-b175-3119fbbe3900@group-F19CF75F4C85: receive requestVote(PRE_VOTE, 5b9af961-56be-4fa8-844e-3cefe1429416, group-F19CF75F4C85, 0, (t:0, i:0))
2023-05-17 09:09:14,306 [grpc-default-executor-3] INFO  impl.VoteContext (VoteContext.java:log(49)) - 5b9fa8c3-08c3-43f9-b175-3119fbbe3900@group-F19CF75F4C85-FOLLOWER: reject PRE_VOTE from 5b9af961-56be-4fa8-844e-3cefe1429416: our priority 1 > candidate's priority 0
2023-05-17 09:09:14,306 [grpc-default-executor-3] INFO  server.RaftServer$Division (RaftServerImpl.java:requestVote(1335)) - 5b9fa8c3-08c3-43f9-b175-3119fbbe3900@group-F19CF75F4C85 replies to PRE_VOTE vote request: 5b9af961-56be-4fa8-844e-3cefe1429416<-5b9fa8c3-08c3-43f9-b175-3119fbbe3900#0:FAIL-t0. Peer's state: 5b9fa8c3-08c3-43f9-b175-3119fbbe3900@group-F19CF75F4C85:t0, leader=null, voted=, raftlog=Memoized:5b9fa8c3-08c3-43f9-b175-3119fbbe3900@group-F19CF75F4C85-SegmentedRaftLog:OPENED:c-1, conf=-1: peers:[5b9fa8c3-08c3-43f9-b175-3119fbbe3900|rpc:10.1.0.64:15077|admin:10.1.0.64:15076|client:10.1.0.64:15075|dataStream:10.1.0.64:15078|priority:1|startupRole:FOLLOWER, 5b9af961-56be-4fa8-844e-3cefe1429416|rpc:10.1.0.64:15069|admin:10.1.0.64:15068|client:10.1.0.64:15067|dataStream:10.1.0.64:15070|priority:0|startupRole:FOLLOWER, bcbacd9a-ca93-42dd-bb1e-f9c21d91cd60|rpc:10.1.0.64:15061|admin:10.1.0.64:15060|client:10.1.0.64:15059|dataStream:10.1.0.64:15062|priority:0|startupRole:FOLLOWER]|listeners:[], old=null
2023-05-17 09:09:14,308 [5b9af961-56be-4fa8-844e-3cefe1429416@group-F19CF75F4C85-LeaderElection18] INFO  impl.LeaderElection (LeaderElection.java:logAndReturn(90)) - 5b9af961-56be-4fa8-844e-3cefe1429416@group-F19CF75F4C85-LeaderElection18: PRE_VOTE REJECTED received 1 response(s) and 0 exception(s):
2023-05-17 09:09:14,308 [5b9af961-56be-4fa8-844e-3cefe1429416@group-F19CF75F4C85-LeaderElection18] INFO  impl.LeaderElection (LeaderElection.java:logAndReturn(94)) -   Response 0: 5b9af961-56be-4fa8-844e-3cefe1429416<-5b9fa8c3-08c3-43f9-b175-3119fbbe3900#0:FAIL-t0
2023-05-17 09:09:14,308 [5b9af961-56be-4fa8-844e-3cefe1429416@group-F19CF75F4C85-LeaderElection18] INFO  impl.LeaderElection (LeaderElection.java:askForVotes(323)) - 5b9af961-56be-4fa8-844e-3cefe1429416@group-F19CF75F4C85-LeaderElection18 PRE_VOTE round 0: result REJECTED
2023-05-17 09:09:14,308 [5b9af961-56be-4fa8-844e-3cefe1429416@group-F19CF75F4C85-LeaderElection18] INFO  server.RaftServer$Division (RaftServerImpl.java:setRole(329)) - 5b9af961-56be-4fa8-844e-3cefe1429416@group-F19CF75F4C85: changes role from CANDIDATE to FOLLOWER at term 0 for REJECTED
2023-05-17 09:09:14,308 [5b9af961-56be-4fa8-844e-3cefe1429416@group-F19CF75F4C85-LeaderElection18] INFO  impl.RoleInfo (RoleInfo.java:shutdownLeaderElection(130)) - 5b9af961-56be-4fa8-844e-3cefe1429416: shutdown 5b9af961-56be-4fa8-844e-3cefe1429416@group-F19CF75F4C85-LeaderElection18
2023-05-17 09:09:14,308 [5b9af961-56be-4fa8-844e-3cefe1429416@group-F19CF75F4C85-LeaderElection18] INFO  impl.RoleInfo (RoleInfo.java:updateAndGet(139)) - 5b9af961-56be-4fa8-844e-3cefe1429416: start 5b9af961-56be-4fa8-844e-3cefe1429416@group-F19CF75F4C85-FollowerState
2023-05-17 09:09:14,321 [grpc-default-executor-3] INFO  server.RaftServer$Division (RaftServerImpl.java:requestVote(1302)) - bcbacd9a-ca93-42dd-bb1e-f9c21d91cd60@group-F19CF75F4C85: receive requestVote(PRE_VOTE, 5b9af961-56be-4fa8-844e-3cefe1429416, group-F19CF75F4C85, 0, (t:0, i:0))
2023-05-17 09:09:14,322 [grpc-default-executor-3] INFO  impl.VoteContext (VoteContext.java:log(49)) - bcbacd9a-ca93-42dd-bb1e-f9c21d91cd60@group-F19CF75F4C85-FOLLOWER: accept PRE_VOTE from 5b9af961-56be-4fa8-844e-3cefe1429416: our priority 0 <= candidate's priority 0
2023-05-17 09:09:14,322 [grpc-default-executor-3] INFO  server.RaftServer$Division (RaftServerImpl.java:requestVote(1335)) - bcbacd9a-ca93-42dd-bb1e-f9c21d91cd60@group-F19CF75F4C85 replies to PRE_VOTE vote request: 5b9af961-56be-4fa8-844e-3cefe1429416<-bcbacd9a-ca93-42dd-bb1e-f9c21d91cd60#0:OK-t0. Peer's state: bcbacd9a-ca93-42dd-bb1e-f9c21d91cd60@group-F19CF75F4C85:t0, leader=null, voted=, raftlog=Memoized:bcbacd9a-ca93-42dd-bb1e-f9c21d91cd60@group-F19CF75F4C85-SegmentedRaftLog:OPENED:c-1, conf=-1: peers:[5b9fa8c3-08c3-43f9-b175-3119fbbe3900|rpc:10.1.0.64:15077|admin:10.1.0.64:15076|client:10.1.0.64:15075|dataStream:10.1.0.64:15078|priority:1|startupRole:FOLLOWER, 5b9af961-56be-4fa8-844e-3cefe1429416|rpc:10.1.0.64:15069|admin:10.1.0.64:15068|client:10.1.0.64:15067|dataStream:10.1.0.64:15070|priority:0|startupRole:FOLLOWER, bcbacd9a-ca93-42dd-bb1e-f9c21d91cd60|rpc:10.1.0.64:15061|admin:10.1.0.64:15060|client:10.1.0.64:15059|dataStream:10.1.0.64:15062|priority:0|startupRole:FOLLOWER]|listeners:[], old=null
]]></system-out>
  </testcase>
  <testcase name="bucketUsedBytesOverWrite(BucketLayout)[2]" classname="org.apache.hadoop.ozone.client.rpc.TestSecureOzoneRpcClient" time="7.708">
    <system-out><![CDATA[2023-05-17 09:09:14,662 [Listener at 127.0.0.1/15004] INFO  rpc.RpcClient (RpcClient.java:createVolume(476)) - Creating Volume: e9583bbf-fe23-492b-b22c-d9b8ab9b601d, with runner as owner and space quota set to -1 bytes, counts quota set to -1
2023-05-17 09:09:14,670 [OM StateMachine ApplyTransaction Thread - 0] INFO  volume.OMVolumeCreateRequest (OMVolumeCreateRequest.java:validateAndUpdateCache(196)) - created volume:e9583bbf-fe23-492b-b22c-d9b8ab9b601d for user:runner
2023-05-17 09:09:14,675 [Listener at 127.0.0.1/15004] INFO  rpc.RpcClient (RpcClient.java:createBucket(698)) - Creating Bucket: e9583bbf-fe23-492b-b22c-d9b8ab9b601d/851f4bdf-e95c-4cde-8c4c-e3ba137a4487, with bucket layout LEGACY, runner as owner, Versioning true, Storage Type set to DISK and Encryption set to false, Replication Type set to server-side default replication type, Namespace Quota set to -1, Space Quota set to -1 
2023-05-17 09:09:14,680 [OM StateMachine ApplyTransaction Thread - 0] INFO  bucket.OMBucketCreateRequest (OMBucketCreateRequest.java:validateAndUpdateCache(270)) - created bucket: 851f4bdf-e95c-4cde-8c4c-e3ba137a4487 of layout LEGACY in volume: e9583bbf-fe23-492b-b22c-d9b8ab9b601d
2023-05-17 09:09:15,035 [5b9fa8c3-08c3-43f9-b175-3119fbbe3900@group-F19CF75F4C85-FollowerState] INFO  impl.FollowerState (FollowerState.java:run(143)) - 5b9fa8c3-08c3-43f9-b175-3119fbbe3900@group-F19CF75F4C85-FollowerState: change to CANDIDATE, lastRpcElapsedTime:5055855328ns, electionTimeout:5053ms
2023-05-17 09:09:15,036 [5b9fa8c3-08c3-43f9-b175-3119fbbe3900@group-F19CF75F4C85-FollowerState] INFO  impl.RoleInfo (RoleInfo.java:shutdownFollowerState(110)) - 5b9fa8c3-08c3-43f9-b175-3119fbbe3900: shutdown 5b9fa8c3-08c3-43f9-b175-3119fbbe3900@group-F19CF75F4C85-FollowerState
2023-05-17 09:09:15,036 [5b9fa8c3-08c3-43f9-b175-3119fbbe3900@group-F19CF75F4C85-FollowerState] INFO  server.RaftServer$Division (RaftServerImpl.java:setRole(329)) - 5b9fa8c3-08c3-43f9-b175-3119fbbe3900@group-F19CF75F4C85: changes role from  FOLLOWER to CANDIDATE at term 0 for changeToCandidate
2023-05-17 09:09:15,036 [5b9fa8c3-08c3-43f9-b175-3119fbbe3900@group-F19CF75F4C85-FollowerState] INFO  server.RaftServerConfigKeys (ConfUtils.java:logGet(46)) - raft.server.leaderelection.pre-vote = true (default)
2023-05-17 09:09:15,036 [5b9fa8c3-08c3-43f9-b175-3119fbbe3900@group-F19CF75F4C85-FollowerState] INFO  impl.RoleInfo (RoleInfo.java:updateAndGet(139)) - 5b9fa8c3-08c3-43f9-b175-3119fbbe3900: start 5b9fa8c3-08c3-43f9-b175-3119fbbe3900@group-F19CF75F4C85-LeaderElection19
2023-05-17 09:09:15,037 [5b9fa8c3-08c3-43f9-b175-3119fbbe3900@group-F19CF75F4C85-LeaderElection19] INFO  impl.LeaderElection (LeaderElection.java:askForVotes(321)) - 5b9fa8c3-08c3-43f9-b175-3119fbbe3900@group-F19CF75F4C85-LeaderElection19 PRE_VOTE round 0: submit vote requests at term 0 for -1: peers:[5b9fa8c3-08c3-43f9-b175-3119fbbe3900|rpc:10.1.0.64:15077|admin:10.1.0.64:15076|client:10.1.0.64:15075|dataStream:10.1.0.64:15078|priority:1|startupRole:FOLLOWER, 5b9af961-56be-4fa8-844e-3cefe1429416|rpc:10.1.0.64:15069|admin:10.1.0.64:15068|client:10.1.0.64:15067|dataStream:10.1.0.64:15070|priority:0|startupRole:FOLLOWER, bcbacd9a-ca93-42dd-bb1e-f9c21d91cd60|rpc:10.1.0.64:15061|admin:10.1.0.64:15060|client:10.1.0.64:15059|dataStream:10.1.0.64:15062|priority:0|startupRole:FOLLOWER]|listeners:[], old=null
2023-05-17 09:09:15,037 [5b9fa8c3-08c3-43f9-b175-3119fbbe3900@group-F19CF75F4C85-LeaderElection19-1] INFO  server.GrpcServerProtocolClient (GrpcServerProtocolClient.java:<init>(65)) - Build channel for 5b9af961-56be-4fa8-844e-3cefe1429416
2023-05-17 09:09:15,037 [5b9fa8c3-08c3-43f9-b175-3119fbbe3900@group-F19CF75F4C85-LeaderElection19] INFO  server.RaftServerConfigKeys (ConfUtils.java:logFallback(53)) - raft.server.rpc.first-election.timeout.min = 5s (fallback to raft.server.rpc.timeout.min)
2023-05-17 09:09:15,037 [5b9fa8c3-08c3-43f9-b175-3119fbbe3900@group-F19CF75F4C85-LeaderElection19] INFO  server.RaftServerConfigKeys (ConfUtils.java:logFallback(53)) - raft.server.rpc.first-election.timeout.max = 5200ms (fallback to raft.server.rpc.timeout.max)
2023-05-17 09:09:15,038 [5b9fa8c3-08c3-43f9-b175-3119fbbe3900@group-F19CF75F4C85-LeaderElection19-2] INFO  server.GrpcServerProtocolClient (GrpcServerProtocolClient.java:<init>(65)) - Build channel for bcbacd9a-ca93-42dd-bb1e-f9c21d91cd60
2023-05-17 09:09:15,050 [grpc-default-executor-3] INFO  server.RaftServer$Division (RaftServerImpl.java:requestVote(1302)) - 5b9af961-56be-4fa8-844e-3cefe1429416@group-F19CF75F4C85: receive requestVote(PRE_VOTE, 5b9fa8c3-08c3-43f9-b175-3119fbbe3900, group-F19CF75F4C85, 0, (t:0, i:0))
2023-05-17 09:09:15,051 [grpc-default-executor-3] INFO  impl.VoteContext (VoteContext.java:log(49)) - 5b9af961-56be-4fa8-844e-3cefe1429416@group-F19CF75F4C85-FOLLOWER: accept PRE_VOTE from 5b9fa8c3-08c3-43f9-b175-3119fbbe3900: our priority 0 <= candidate's priority 1
2023-05-17 09:09:15,051 [grpc-default-executor-3] INFO  server.RaftServer$Division (RaftServerImpl.java:requestVote(1335)) - 5b9af961-56be-4fa8-844e-3cefe1429416@group-F19CF75F4C85 replies to PRE_VOTE vote request: 5b9fa8c3-08c3-43f9-b175-3119fbbe3900<-5b9af961-56be-4fa8-844e-3cefe1429416#0:OK-t0. Peer's state: 5b9af961-56be-4fa8-844e-3cefe1429416@group-F19CF75F4C85:t0, leader=null, voted=, raftlog=Memoized:5b9af961-56be-4fa8-844e-3cefe1429416@group-F19CF75F4C85-SegmentedRaftLog:OPENED:c-1, conf=-1: peers:[5b9fa8c3-08c3-43f9-b175-3119fbbe3900|rpc:10.1.0.64:15077|admin:10.1.0.64:15076|client:10.1.0.64:15075|dataStream:10.1.0.64:15078|priority:1|startupRole:FOLLOWER, 5b9af961-56be-4fa8-844e-3cefe1429416|rpc:10.1.0.64:15069|admin:10.1.0.64:15068|client:10.1.0.64:15067|dataStream:10.1.0.64:15070|priority:0|startupRole:FOLLOWER, bcbacd9a-ca93-42dd-bb1e-f9c21d91cd60|rpc:10.1.0.64:15061|admin:10.1.0.64:15060|client:10.1.0.64:15059|dataStream:10.1.0.64:15062|priority:0|startupRole:FOLLOWER]|listeners:[], old=null
2023-05-17 09:09:15,052 [grpc-default-executor-2] INFO  server.RaftServer$Division (RaftServerImpl.java:requestVote(1302)) - bcbacd9a-ca93-42dd-bb1e-f9c21d91cd60@group-F19CF75F4C85: receive requestVote(PRE_VOTE, 5b9fa8c3-08c3-43f9-b175-3119fbbe3900, group-F19CF75F4C85, 0, (t:0, i:0))
2023-05-17 09:09:15,053 [5b9fa8c3-08c3-43f9-b175-3119fbbe3900@group-F19CF75F4C85-LeaderElection19] INFO  impl.LeaderElection (LeaderElection.java:logAndReturn(90)) - 5b9fa8c3-08c3-43f9-b175-3119fbbe3900@group-F19CF75F4C85-LeaderElection19: PRE_VOTE PASSED received 1 response(s) and 0 exception(s):
2023-05-17 09:09:15,053 [5b9fa8c3-08c3-43f9-b175-3119fbbe3900@group-F19CF75F4C85-LeaderElection19] INFO  impl.LeaderElection (LeaderElection.java:logAndReturn(94)) -   Response 0: 5b9fa8c3-08c3-43f9-b175-3119fbbe3900<-5b9af961-56be-4fa8-844e-3cefe1429416#0:OK-t0
2023-05-17 09:09:15,053 [5b9fa8c3-08c3-43f9-b175-3119fbbe3900@group-F19CF75F4C85-LeaderElection19] INFO  impl.LeaderElection (LeaderElection.java:askForVotes(323)) - 5b9fa8c3-08c3-43f9-b175-3119fbbe3900@group-F19CF75F4C85-LeaderElection19 PRE_VOTE round 0: result PASSED
2023-05-17 09:09:15,056 [5b9fa8c3-08c3-43f9-b175-3119fbbe3900@group-F19CF75F4C85-LeaderElection19] INFO  impl.LeaderElection (LeaderElection.java:askForVotes(321)) - 5b9fa8c3-08c3-43f9-b175-3119fbbe3900@group-F19CF75F4C85-LeaderElection19 ELECTION round 0: submit vote requests at term 1 for -1: peers:[5b9fa8c3-08c3-43f9-b175-3119fbbe3900|rpc:10.1.0.64:15077|admin:10.1.0.64:15076|client:10.1.0.64:15075|dataStream:10.1.0.64:15078|priority:1|startupRole:FOLLOWER, 5b9af961-56be-4fa8-844e-3cefe1429416|rpc:10.1.0.64:15069|admin:10.1.0.64:15068|client:10.1.0.64:15067|dataStream:10.1.0.64:15070|priority:0|startupRole:FOLLOWER, bcbacd9a-ca93-42dd-bb1e-f9c21d91cd60|rpc:10.1.0.64:15061|admin:10.1.0.64:15060|client:10.1.0.64:15059|dataStream:10.1.0.64:15062|priority:0|startupRole:FOLLOWER]|listeners:[], old=null
2023-05-17 09:09:15,056 [grpc-default-executor-2] INFO  impl.VoteContext (VoteContext.java:log(49)) - bcbacd9a-ca93-42dd-bb1e-f9c21d91cd60@group-F19CF75F4C85-FOLLOWER: accept PRE_VOTE from 5b9fa8c3-08c3-43f9-b175-3119fbbe3900: our priority 0 <= candidate's priority 1
2023-05-17 09:09:15,056 [grpc-default-executor-2] INFO  server.RaftServer$Division (RaftServerImpl.java:requestVote(1335)) - bcbacd9a-ca93-42dd-bb1e-f9c21d91cd60@group-F19CF75F4C85 replies to PRE_VOTE vote request: 5b9fa8c3-08c3-43f9-b175-3119fbbe3900<-bcbacd9a-ca93-42dd-bb1e-f9c21d91cd60#0:OK-t0. Peer's state: bcbacd9a-ca93-42dd-bb1e-f9c21d91cd60@group-F19CF75F4C85:t0, leader=null, voted=, raftlog=Memoized:bcbacd9a-ca93-42dd-bb1e-f9c21d91cd60@group-F19CF75F4C85-SegmentedRaftLog:OPENED:c-1, conf=-1: peers:[5b9fa8c3-08c3-43f9-b175-3119fbbe3900|rpc:10.1.0.64:15077|admin:10.1.0.64:15076|client:10.1.0.64:15075|dataStream:10.1.0.64:15078|priority:1|startupRole:FOLLOWER, 5b9af961-56be-4fa8-844e-3cefe1429416|rpc:10.1.0.64:15069|admin:10.1.0.64:15068|client:10.1.0.64:15067|dataStream:10.1.0.64:15070|priority:0|startupRole:FOLLOWER, bcbacd9a-ca93-42dd-bb1e-f9c21d91cd60|rpc:10.1.0.64:15061|admin:10.1.0.64:15060|client:10.1.0.64:15059|dataStream:10.1.0.64:15062|priority:0|startupRole:FOLLOWER]|listeners:[], old=null
2023-05-17 09:09:15,057 [5b9fa8c3-08c3-43f9-b175-3119fbbe3900@group-F19CF75F4C85-LeaderElection19] INFO  server.RaftServerConfigKeys (ConfUtils.java:logFallback(53)) - raft.server.rpc.first-election.timeout.min = 5s (fallback to raft.server.rpc.timeout.min)
2023-05-17 09:09:15,057 [5b9fa8c3-08c3-43f9-b175-3119fbbe3900@group-F19CF75F4C85-LeaderElection19] INFO  server.RaftServerConfigKeys (ConfUtils.java:logFallback(53)) - raft.server.rpc.first-election.timeout.max = 5200ms (fallback to raft.server.rpc.timeout.max)
2023-05-17 09:09:15,061 [grpc-default-executor-2] INFO  server.RaftServer$Division (RaftServerImpl.java:requestVote(1302)) - bcbacd9a-ca93-42dd-bb1e-f9c21d91cd60@group-F19CF75F4C85: receive requestVote(ELECTION, 5b9fa8c3-08c3-43f9-b175-3119fbbe3900, group-F19CF75F4C85, 1, (t:0, i:0))
2023-05-17 09:09:15,061 [grpc-default-executor-2] INFO  impl.VoteContext (VoteContext.java:log(49)) - bcbacd9a-ca93-42dd-bb1e-f9c21d91cd60@group-F19CF75F4C85-FOLLOWER: accept ELECTION from 5b9fa8c3-08c3-43f9-b175-3119fbbe3900: our priority 0 <= candidate's priority 1
2023-05-17 09:09:15,061 [grpc-default-executor-2] INFO  server.RaftServer$Division (RaftServerImpl.java:setRole(329)) - bcbacd9a-ca93-42dd-bb1e-f9c21d91cd60@group-F19CF75F4C85: changes role from  FOLLOWER to FOLLOWER at term 1 for candidate:5b9fa8c3-08c3-43f9-b175-3119fbbe3900
2023-05-17 09:09:15,061 [grpc-default-executor-2] INFO  impl.RoleInfo (RoleInfo.java:shutdownFollowerState(110)) - bcbacd9a-ca93-42dd-bb1e-f9c21d91cd60: shutdown bcbacd9a-ca93-42dd-bb1e-f9c21d91cd60@group-F19CF75F4C85-FollowerState
2023-05-17 09:09:15,061 [grpc-default-executor-2] INFO  impl.RoleInfo (RoleInfo.java:updateAndGet(139)) - bcbacd9a-ca93-42dd-bb1e-f9c21d91cd60: start bcbacd9a-ca93-42dd-bb1e-f9c21d91cd60@group-F19CF75F4C85-FollowerState
2023-05-17 09:09:15,061 [bcbacd9a-ca93-42dd-bb1e-f9c21d91cd60@group-F19CF75F4C85-FollowerState] INFO  impl.FollowerState (FollowerState.java:run(152)) - bcbacd9a-ca93-42dd-bb1e-f9c21d91cd60@group-F19CF75F4C85-FollowerState was interrupted
2023-05-17 09:09:15,069 [grpc-default-executor-3] INFO  server.RaftServer$Division (RaftServerImpl.java:requestVote(1302)) - 5b9af961-56be-4fa8-844e-3cefe1429416@group-F19CF75F4C85: receive requestVote(ELECTION, 5b9fa8c3-08c3-43f9-b175-3119fbbe3900, group-F19CF75F4C85, 1, (t:0, i:0))
2023-05-17 09:09:15,069 [grpc-default-executor-3] INFO  impl.VoteContext (VoteContext.java:log(49)) - 5b9af961-56be-4fa8-844e-3cefe1429416@group-F19CF75F4C85-FOLLOWER: accept ELECTION from 5b9fa8c3-08c3-43f9-b175-3119fbbe3900: our priority 0 <= candidate's priority 1
2023-05-17 09:09:15,069 [grpc-default-executor-3] INFO  server.RaftServer$Division (RaftServerImpl.java:setRole(329)) - 5b9af961-56be-4fa8-844e-3cefe1429416@group-F19CF75F4C85: changes role from  FOLLOWER to FOLLOWER at term 1 for candidate:5b9fa8c3-08c3-43f9-b175-3119fbbe3900
2023-05-17 09:09:15,069 [grpc-default-executor-3] INFO  impl.RoleInfo (RoleInfo.java:shutdownFollowerState(110)) - 5b9af961-56be-4fa8-844e-3cefe1429416: shutdown 5b9af961-56be-4fa8-844e-3cefe1429416@group-F19CF75F4C85-FollowerState
2023-05-17 09:09:15,069 [grpc-default-executor-3] INFO  impl.RoleInfo (RoleInfo.java:updateAndGet(139)) - 5b9af961-56be-4fa8-844e-3cefe1429416: start 5b9af961-56be-4fa8-844e-3cefe1429416@group-F19CF75F4C85-FollowerState
2023-05-17 09:09:15,069 [5b9af961-56be-4fa8-844e-3cefe1429416@group-F19CF75F4C85-FollowerState] INFO  impl.FollowerState (FollowerState.java:run(152)) - 5b9af961-56be-4fa8-844e-3cefe1429416@group-F19CF75F4C85-FollowerState was interrupted
2023-05-17 09:09:15,072 [grpc-default-executor-2] INFO  server.RaftServer$Division (RaftServerImpl.java:requestVote(1335)) - bcbacd9a-ca93-42dd-bb1e-f9c21d91cd60@group-F19CF75F4C85 replies to ELECTION vote request: 5b9fa8c3-08c3-43f9-b175-3119fbbe3900<-bcbacd9a-ca93-42dd-bb1e-f9c21d91cd60#0:OK-t1. Peer's state: bcbacd9a-ca93-42dd-bb1e-f9c21d91cd60@group-F19CF75F4C85:t1, leader=null, voted=5b9fa8c3-08c3-43f9-b175-3119fbbe3900, raftlog=Memoized:bcbacd9a-ca93-42dd-bb1e-f9c21d91cd60@group-F19CF75F4C85-SegmentedRaftLog:OPENED:c-1, conf=-1: peers:[5b9fa8c3-08c3-43f9-b175-3119fbbe3900|rpc:10.1.0.64:15077|admin:10.1.0.64:15076|client:10.1.0.64:15075|dataStream:10.1.0.64:15078|priority:1|startupRole:FOLLOWER, 5b9af961-56be-4fa8-844e-3cefe1429416|rpc:10.1.0.64:15069|admin:10.1.0.64:15068|client:10.1.0.64:15067|dataStream:10.1.0.64:15070|priority:0|startupRole:FOLLOWER, bcbacd9a-ca93-42dd-bb1e-f9c21d91cd60|rpc:10.1.0.64:15061|admin:10.1.0.64:15060|client:10.1.0.64:15059|dataStream:10.1.0.64:15062|priority:0|startupRole:FOLLOWER]|listeners:[], old=null
2023-05-17 09:09:15,074 [grpc-default-executor-3] INFO  server.RaftServer$Division (RaftServerImpl.java:requestVote(1335)) - 5b9af961-56be-4fa8-844e-3cefe1429416@group-F19CF75F4C85 replies to ELECTION vote request: 5b9fa8c3-08c3-43f9-b175-3119fbbe3900<-5b9af961-56be-4fa8-844e-3cefe1429416#0:OK-t1. Peer's state: 5b9af961-56be-4fa8-844e-3cefe1429416@group-F19CF75F4C85:t1, leader=null, voted=5b9fa8c3-08c3-43f9-b175-3119fbbe3900, raftlog=Memoized:5b9af961-56be-4fa8-844e-3cefe1429416@group-F19CF75F4C85-SegmentedRaftLog:OPENED:c-1, conf=-1: peers:[5b9fa8c3-08c3-43f9-b175-3119fbbe3900|rpc:10.1.0.64:15077|admin:10.1.0.64:15076|client:10.1.0.64:15075|dataStream:10.1.0.64:15078|priority:1|startupRole:FOLLOWER, 5b9af961-56be-4fa8-844e-3cefe1429416|rpc:10.1.0.64:15069|admin:10.1.0.64:15068|client:10.1.0.64:15067|dataStream:10.1.0.64:15070|priority:0|startupRole:FOLLOWER, bcbacd9a-ca93-42dd-bb1e-f9c21d91cd60|rpc:10.1.0.64:15061|admin:10.1.0.64:15060|client:10.1.0.64:15059|dataStream:10.1.0.64:15062|priority:0|startupRole:FOLLOWER]|listeners:[], old=null
2023-05-17 09:09:15,075 [5b9fa8c3-08c3-43f9-b175-3119fbbe3900@group-F19CF75F4C85-LeaderElection19] INFO  impl.LeaderElection (LeaderElection.java:logAndReturn(90)) - 5b9fa8c3-08c3-43f9-b175-3119fbbe3900@group-F19CF75F4C85-LeaderElection19: ELECTION PASSED received 1 response(s) and 0 exception(s):
2023-05-17 09:09:15,075 [5b9fa8c3-08c3-43f9-b175-3119fbbe3900@group-F19CF75F4C85-LeaderElection19] INFO  impl.LeaderElection (LeaderElection.java:logAndReturn(94)) -   Response 0: 5b9fa8c3-08c3-43f9-b175-3119fbbe3900<-5b9af961-56be-4fa8-844e-3cefe1429416#0:OK-t1
2023-05-17 09:09:15,075 [5b9fa8c3-08c3-43f9-b175-3119fbbe3900@group-F19CF75F4C85-LeaderElection19] INFO  impl.LeaderElection (LeaderElection.java:askForVotes(323)) - 5b9fa8c3-08c3-43f9-b175-3119fbbe3900@group-F19CF75F4C85-LeaderElection19 ELECTION round 0: result PASSED
2023-05-17 09:09:15,075 [5b9fa8c3-08c3-43f9-b175-3119fbbe3900@group-F19CF75F4C85-LeaderElection19] INFO  impl.RoleInfo (RoleInfo.java:shutdownLeaderElection(130)) - 5b9fa8c3-08c3-43f9-b175-3119fbbe3900: shutdown 5b9fa8c3-08c3-43f9-b175-3119fbbe3900@group-F19CF75F4C85-LeaderElection19
2023-05-17 09:09:15,076 [5b9fa8c3-08c3-43f9-b175-3119fbbe3900@group-F19CF75F4C85-LeaderElection19] INFO  server.RaftServer$Division (RaftServerImpl.java:setRole(329)) - 5b9fa8c3-08c3-43f9-b175-3119fbbe3900@group-F19CF75F4C85: changes role from CANDIDATE to LEADER at term 1 for changeToLeader
2023-05-17 09:09:15,076 [5b9fa8c3-08c3-43f9-b175-3119fbbe3900@group-F19CF75F4C85-LeaderElection19] INFO  ratis.XceiverServerRatis (XceiverServerRatis.java:handleLeaderChangedNotification(904)) - Leader change notification received for group: group-F19CF75F4C85 with new leaderId: 5b9fa8c3-08c3-43f9-b175-3119fbbe3900
2023-05-17 09:09:15,076 [5b9fa8c3-08c3-43f9-b175-3119fbbe3900@group-F19CF75F4C85-LeaderElection19] INFO  server.RaftServer$Division (ServerState.java:setLeader(317)) - 5b9fa8c3-08c3-43f9-b175-3119fbbe3900@group-F19CF75F4C85: change Leader from null to 5b9fa8c3-08c3-43f9-b175-3119fbbe3900 at term 1 for becomeLeader, leader elected after 5930ms
2023-05-17 09:09:15,076 [5b9fa8c3-08c3-43f9-b175-3119fbbe3900@group-F19CF75F4C85-LeaderElection19] INFO  server.RaftServerConfigKeys (ConfUtils.java:logGet(46)) - raft.server.staging.catchup.gap = 1000 (default)
2023-05-17 09:09:15,076 [5b9fa8c3-08c3-43f9-b175-3119fbbe3900@group-F19CF75F4C85-LeaderElection19] INFO  server.RaftServerConfigKeys (ConfUtils.java:logGet(46)) - raft.server.write.element-limit = 1024 (custom)
2023-05-17 09:09:15,076 [5b9fa8c3-08c3-43f9-b175-3119fbbe3900@group-F19CF75F4C85-LeaderElection19] INFO  server.RaftServerConfigKeys (ConfUtils.java:logGet(46)) - raft.server.write.byte-limit = 1024 M (=1073741824) (custom)
2023-05-17 09:09:15,076 [5b9fa8c3-08c3-43f9-b175-3119fbbe3900@group-F19CF75F4C85-LeaderElection19] INFO  server.RaftServerConfigKeys (ConfUtils.java:logGet(46)) - raft.server.watch.timeout = 180s (custom)
2023-05-17 09:09:15,076 [5b9fa8c3-08c3-43f9-b175-3119fbbe3900@group-F19CF75F4C85-LeaderElection19] INFO  server.RaftServerConfigKeys (ConfUtils.java:logGet(46)) - raft.server.watch.timeout.denomination = 1s (default)
2023-05-17 09:09:15,076 [5b9fa8c3-08c3-43f9-b175-3119fbbe3900@group-F19CF75F4C85-LeaderElection19] INFO  server.RaftServerConfigKeys (ConfUtils.java:logGet(46)) - raft.server.watch.element-limit = 65536 (default)
2023-05-17 09:09:15,077 [5b9fa8c3-08c3-43f9-b175-3119fbbe3900@group-F19CF75F4C85-LeaderElection19] INFO  server.RaftServerConfigKeys (ConfUtils.java:logGet(46)) - raft.server.write.element-limit = 1024 (custom)
2023-05-17 09:09:15,077 [5b9fa8c3-08c3-43f9-b175-3119fbbe3900@group-F19CF75F4C85-LeaderElection19] INFO  server.RaftServerConfigKeys (ConfUtils.java:logGet(46)) - raft.server.write.follower.gap.ratio.max = -1.0 (default)
2023-05-17 09:09:15,077 [5b9fa8c3-08c3-43f9-b175-3119fbbe3900@group-F19CF75F4C85-LeaderElection19] INFO  server.RaftServerConfigKeys (ConfUtils.java:logGet(46)) - raft.server.log.appender.snapshot.chunk.size.max = 16MB (=16777216) (default)
2023-05-17 09:09:15,077 [5b9fa8c3-08c3-43f9-b175-3119fbbe3900@group-F19CF75F4C85-LeaderElection19] INFO  server.RaftServerConfigKeys (ConfUtils.java:logGet(46)) - raft.server.log.appender.buffer.byte-limit = 33554432 (custom)
2023-05-17 09:09:15,077 [5b9fa8c3-08c3-43f9-b175-3119fbbe3900@group-F19CF75F4C85-LeaderElection19] INFO  server.RaftServerConfigKeys (ConfUtils.java:logGet(46)) - raft.server.log.appender.buffer.element-limit = 1 (custom)
2023-05-17 09:09:15,077 [5b9fa8c3-08c3-43f9-b175-3119fbbe3900@group-F19CF75F4C85-LeaderElection19] INFO  server.RaftServerConfigKeys (ConfUtils.java:logGet(46)) - raft.server.log.appender.wait-time.min = 10ms (default)
2023-05-17 09:09:15,077 [5b9fa8c3-08c3-43f9-b175-3119fbbe3900@group-F19CF75F4C85-LeaderElection19] INFO  grpc.GrpcConfigKeys (ConfUtils.java:logGet(46)) - raft.grpc.server.leader.outstanding.appends.max = 128 (default)
2023-05-17 09:09:15,077 [5b9fa8c3-08c3-43f9-b175-3119fbbe3900@group-F19CF75F4C85-LeaderElection19] INFO  server.RaftServerConfigKeys (ConfUtils.java:logGet(46)) - raft.server.rpc.request.timeout = 60s (custom)
2023-05-17 09:09:15,078 [5b9fa8c3-08c3-43f9-b175-3119fbbe3900@group-F19CF75F4C85-LeaderElection19] INFO  grpc.GrpcConfigKeys (ConfUtils.java:logGet(46)) - raft.grpc.server.install_snapshot.request.element-limit = 8 (default)
2023-05-17 09:09:15,078 [5b9fa8c3-08c3-43f9-b175-3119fbbe3900@group-F19CF75F4C85-LeaderElection19] INFO  grpc.GrpcConfigKeys (ConfUtils.java:logGet(46)) - raft.grpc.server.install_snapshot.request.timeout = 3000ms (default)
2023-05-17 09:09:15,078 [5b9fa8c3-08c3-43f9-b175-3119fbbe3900@group-F19CF75F4C85-LeaderElection19] INFO  server.RaftServerConfigKeys (ConfUtils.java:logGet(46)) - raft.server.log.appender.install.snapshot.enabled = false (custom)
2023-05-17 09:09:15,078 [EventQueue-PipelineReportForPipelineReportHandler] INFO  pipeline.PipelineManagerImpl (PipelineManagerImpl.java:openPipeline(367)) - Pipeline Pipeline[ Id: a870d4e5-2afa-42e0-ae48-f19cf75f4c85, Nodes: 5b9fa8c3-08c3-43f9-b175-3119fbbe3900(fv-az41-747.zje5jq5y5x4uznwvdkgxk4wc2h.cx.internal.cloudapp.net/10.1.0.64)bcbacd9a-ca93-42dd-bb1e-f9c21d91cd60(fv-az41-747.zje5jq5y5x4uznwvdkgxk4wc2h.cx.internal.cloudapp.net/10.1.0.64)5b9af961-56be-4fa8-844e-3cefe1429416(fv-az41-747.zje5jq5y5x4uznwvdkgxk4wc2h.cx.internal.cloudapp.net/10.1.0.64), ReplicationConfig: RATIS/THREE, State:ALLOCATED, leaderId:5b9fa8c3-08c3-43f9-b175-3119fbbe3900, CreationTimestamp2023-05-17T09:09:06.187Z[Etc/UTC]] moved to OPEN state
2023-05-17 09:09:15,078 [5b9fa8c3-08c3-43f9-b175-3119fbbe3900@group-F19CF75F4C85-LeaderElection19] INFO  grpc.GrpcConfigKeys (ConfUtils.java:logGet(46)) - raft.grpc.server.heartbeat.channel = true (default)
2023-05-17 09:09:15,079 [5b9fa8c3-08c3-43f9-b175-3119fbbe3900@group-F19CF75F4C85-LeaderElection19] INFO  server.RaftServerConfigKeys (ConfUtils.java:logGet(46)) - raft.server.log.appender.snapshot.chunk.size.max = 16MB (=16777216) (default)
2023-05-17 09:09:15,079 [5b9fa8c3-08c3-43f9-b175-3119fbbe3900@group-F19CF75F4C85-LeaderElection19] INFO  server.RaftServerConfigKeys (ConfUtils.java:logGet(46)) - raft.server.log.appender.buffer.byte-limit = 33554432 (custom)
2023-05-17 09:09:15,079 [5b9fa8c3-08c3-43f9-b175-3119fbbe3900@group-F19CF75F4C85-LeaderElection19] INFO  server.RaftServerConfigKeys (ConfUtils.java:logGet(46)) - raft.server.log.appender.buffer.element-limit = 1 (custom)
2023-05-17 09:09:15,079 [5b9fa8c3-08c3-43f9-b175-3119fbbe3900@group-F19CF75F4C85-LeaderElection19] INFO  server.RaftServerConfigKeys (ConfUtils.java:logGet(46)) - raft.server.log.appender.wait-time.min = 10ms (default)
2023-05-17 09:09:15,079 [5b9fa8c3-08c3-43f9-b175-3119fbbe3900@group-F19CF75F4C85-LeaderElection19] INFO  grpc.GrpcConfigKeys (ConfUtils.java:logGet(46)) - raft.grpc.server.leader.outstanding.appends.max = 128 (default)
2023-05-17 09:09:15,079 [5b9fa8c3-08c3-43f9-b175-3119fbbe3900@group-F19CF75F4C85-LeaderElection19] INFO  server.RaftServerConfigKeys (ConfUtils.java:logGet(46)) - raft.server.rpc.request.timeout = 60s (custom)
2023-05-17 09:09:15,079 [5b9fa8c3-08c3-43f9-b175-3119fbbe3900@group-F19CF75F4C85-LeaderElection19] INFO  grpc.GrpcConfigKeys (ConfUtils.java:logGet(46)) - raft.grpc.server.install_snapshot.request.element-limit = 8 (default)
2023-05-17 09:09:15,079 [5b9fa8c3-08c3-43f9-b175-3119fbbe3900@group-F19CF75F4C85-LeaderElection19] INFO  grpc.GrpcConfigKeys (ConfUtils.java:logGet(46)) - raft.grpc.server.install_snapshot.request.timeout = 3000ms (default)
2023-05-17 09:09:15,079 [5b9fa8c3-08c3-43f9-b175-3119fbbe3900@group-F19CF75F4C85-LeaderElection19] INFO  server.RaftServerConfigKeys (ConfUtils.java:logGet(46)) - raft.server.log.appender.install.snapshot.enabled = false (custom)
2023-05-17 09:09:15,079 [5b9fa8c3-08c3-43f9-b175-3119fbbe3900@group-F19CF75F4C85-LeaderElection19] INFO  grpc.GrpcConfigKeys (ConfUtils.java:logGet(46)) - raft.grpc.server.heartbeat.channel = true (default)
2023-05-17 09:09:15,079 [5b9fa8c3-08c3-43f9-b175-3119fbbe3900@group-F19CF75F4C85-LeaderElection19] INFO  impl.RoleInfo (RoleInfo.java:updateAndGet(139)) - 5b9fa8c3-08c3-43f9-b175-3119fbbe3900: start 5b9fa8c3-08c3-43f9-b175-3119fbbe3900@group-F19CF75F4C85-LeaderStateImpl
2023-05-17 09:09:15,080 [5b9fa8c3-08c3-43f9-b175-3119fbbe3900@group-F19CF75F4C85-LeaderElection19] INFO  segmented.SegmentedRaftLogWorker (SegmentedRaftLogWorker.java:startLogSegment(447)) - 5b9fa8c3-08c3-43f9-b175-3119fbbe3900@group-F19CF75F4C85-SegmentedRaftLogWorker: Starting segment from index:0
2023-05-17 09:09:15,081 [5b9fa8c3-08c3-43f9-b175-3119fbbe3900@group-F19CF75F4C85-SegmentedRaftLogWorker] INFO  segmented.SegmentedRaftLogWorker (SegmentedRaftLogWorker.java:execute(651)) - 5b9fa8c3-08c3-43f9-b175-3119fbbe3900@group-F19CF75F4C85-SegmentedRaftLogWorker: created new log segment /home/runner/work/ozone/ozone/hadoop-ozone/integration-test/target/test-dir/MiniOzoneClusterImpl-21d14123-a168-44a2-bc0a-ee93e32dcc9b/datanode-8/data/ratis/a870d4e5-2afa-42e0-ae48-f19cf75f4c85/current/log_inprogress_0
2023-05-17 09:09:15,086 [5b9fa8c3-08c3-43f9-b175-3119fbbe3900@group-F19CF75F4C85-LeaderElection19] INFO  server.RaftServer$Division (ServerState.java:setRaftConf(434)) - 5b9fa8c3-08c3-43f9-b175-3119fbbe3900@group-F19CF75F4C85: set configuration 0: peers:[5b9fa8c3-08c3-43f9-b175-3119fbbe3900|rpc:10.1.0.64:15077|admin:10.1.0.64:15076|client:10.1.0.64:15075|dataStream:10.1.0.64:15078|priority:1|startupRole:FOLLOWER, 5b9af961-56be-4fa8-844e-3cefe1429416|rpc:10.1.0.64:15069|admin:10.1.0.64:15068|client:10.1.0.64:15067|dataStream:10.1.0.64:15070|priority:0|startupRole:FOLLOWER, bcbacd9a-ca93-42dd-bb1e-f9c21d91cd60|rpc:10.1.0.64:15061|admin:10.1.0.64:15060|client:10.1.0.64:15059|dataStream:10.1.0.64:15062|priority:0|startupRole:FOLLOWER]|listeners:[], old=null
2023-05-17 09:09:15,099 [5b9af961-56be-4fa8-844e-3cefe1429416-server-thread2] INFO  ratis.XceiverServerRatis (XceiverServerRatis.java:handleLeaderChangedNotification(904)) - Leader change notification received for group: group-F19CF75F4C85 with new leaderId: 5b9fa8c3-08c3-43f9-b175-3119fbbe3900
2023-05-17 09:09:15,099 [5b9af961-56be-4fa8-844e-3cefe1429416-server-thread2] INFO  server.RaftServer$Division (ServerState.java:setLeader(317)) - 5b9af961-56be-4fa8-844e-3cefe1429416@group-F19CF75F4C85: change Leader from null to 5b9fa8c3-08c3-43f9-b175-3119fbbe3900 at term 1 for appendEntries, leader elected after 6087ms
2023-05-17 09:09:15,099 [5b9af961-56be-4fa8-844e-3cefe1429416-server-thread2] INFO  server.RaftServer$Division (ServerState.java:setRaftConf(434)) - 5b9af961-56be-4fa8-844e-3cefe1429416@group-F19CF75F4C85: set configuration 0: peers:[5b9fa8c3-08c3-43f9-b175-3119fbbe3900|rpc:10.1.0.64:15077|admin:10.1.0.64:15076|client:10.1.0.64:15075|dataStream:10.1.0.64:15078|priority:1|startupRole:FOLLOWER, 5b9af961-56be-4fa8-844e-3cefe1429416|rpc:10.1.0.64:15069|admin:10.1.0.64:15068|client:10.1.0.64:15067|dataStream:10.1.0.64:15070|priority:0|startupRole:FOLLOWER, bcbacd9a-ca93-42dd-bb1e-f9c21d91cd60|rpc:10.1.0.64:15061|admin:10.1.0.64:15060|client:10.1.0.64:15059|dataStream:10.1.0.64:15062|priority:0|startupRole:FOLLOWER]|listeners:[], old=null
2023-05-17 09:09:15,099 [5b9af961-56be-4fa8-844e-3cefe1429416-server-thread2] INFO  segmented.SegmentedRaftLogWorker (SegmentedRaftLogWorker.java:startLogSegment(447)) - 5b9af961-56be-4fa8-844e-3cefe1429416@group-F19CF75F4C85-SegmentedRaftLogWorker: Starting segment from index:0
2023-05-17 09:09:15,100 [bcbacd9a-ca93-42dd-bb1e-f9c21d91cd60-server-thread1] INFO  ratis.XceiverServerRatis (XceiverServerRatis.java:handleLeaderChangedNotification(904)) - Leader change notification received for group: group-F19CF75F4C85 with new leaderId: 5b9fa8c3-08c3-43f9-b175-3119fbbe3900
2023-05-17 09:09:15,100 [bcbacd9a-ca93-42dd-bb1e-f9c21d91cd60-server-thread1] INFO  server.RaftServer$Division (ServerState.java:setLeader(317)) - bcbacd9a-ca93-42dd-bb1e-f9c21d91cd60@group-F19CF75F4C85: change Leader from null to 5b9fa8c3-08c3-43f9-b175-3119fbbe3900 at term 1 for appendEntries, leader elected after 5009ms
2023-05-17 09:09:15,115 [5b9af961-56be-4fa8-844e-3cefe1429416@group-F19CF75F4C85-SegmentedRaftLogWorker] INFO  segmented.SegmentedRaftLogWorker (SegmentedRaftLogWorker.java:execute(651)) - 5b9af961-56be-4fa8-844e-3cefe1429416@group-F19CF75F4C85-SegmentedRaftLogWorker: created new log segment /home/runner/work/ozone/ozone/hadoop-ozone/integration-test/target/test-dir/MiniOzoneClusterImpl-21d14123-a168-44a2-bc0a-ee93e32dcc9b/datanode-7/data/ratis/a870d4e5-2afa-42e0-ae48-f19cf75f4c85/current/log_inprogress_0
2023-05-17 09:09:15,118 [bcbacd9a-ca93-42dd-bb1e-f9c21d91cd60-server-thread2] INFO  server.RaftServer$Division (ServerState.java:setRaftConf(434)) - bcbacd9a-ca93-42dd-bb1e-f9c21d91cd60@group-F19CF75F4C85: set configuration 0: peers:[5b9fa8c3-08c3-43f9-b175-3119fbbe3900|rpc:10.1.0.64:15077|admin:10.1.0.64:15076|client:10.1.0.64:15075|dataStream:10.1.0.64:15078|priority:1|startupRole:FOLLOWER, 5b9af961-56be-4fa8-844e-3cefe1429416|rpc:10.1.0.64:15069|admin:10.1.0.64:15068|client:10.1.0.64:15067|dataStream:10.1.0.64:15070|priority:0|startupRole:FOLLOWER, bcbacd9a-ca93-42dd-bb1e-f9c21d91cd60|rpc:10.1.0.64:15061|admin:10.1.0.64:15060|client:10.1.0.64:15059|dataStream:10.1.0.64:15062|priority:0|startupRole:FOLLOWER]|listeners:[], old=null
2023-05-17 09:09:15,118 [bcbacd9a-ca93-42dd-bb1e-f9c21d91cd60-server-thread2] INFO  segmented.SegmentedRaftLogWorker (SegmentedRaftLogWorker.java:startLogSegment(447)) - bcbacd9a-ca93-42dd-bb1e-f9c21d91cd60@group-F19CF75F4C85-SegmentedRaftLogWorker: Starting segment from index:0
2023-05-17 09:09:15,120 [bcbacd9a-ca93-42dd-bb1e-f9c21d91cd60@group-F19CF75F4C85-SegmentedRaftLogWorker] INFO  segmented.SegmentedRaftLogWorker (SegmentedRaftLogWorker.java:execute(651)) - bcbacd9a-ca93-42dd-bb1e-f9c21d91cd60@group-F19CF75F4C85-SegmentedRaftLogWorker: created new log segment /home/runner/work/ozone/ozone/hadoop-ozone/integration-test/target/test-dir/MiniOzoneClusterImpl-21d14123-a168-44a2-bc0a-ee93e32dcc9b/datanode-6/data/ratis/a870d4e5-2afa-42e0-ae48-f19cf75f4c85/current/log_inprogress_0
2023-05-17 09:09:15,127 [a82ad0ea-641b-4ac2-b933-a1a26b5fe742@group-566D16F8D095-FollowerState] INFO  impl.FollowerState (FollowerState.java:run(143)) - a82ad0ea-641b-4ac2-b933-a1a26b5fe742@group-566D16F8D095-FollowerState: change to CANDIDATE, lastRpcElapsedTime:5123328266ns, electionTimeout:5119ms
2023-05-17 09:09:15,127 [a82ad0ea-641b-4ac2-b933-a1a26b5fe742@group-566D16F8D095-FollowerState] INFO  impl.RoleInfo (RoleInfo.java:shutdownFollowerState(110)) - a82ad0ea-641b-4ac2-b933-a1a26b5fe742: shutdown a82ad0ea-641b-4ac2-b933-a1a26b5fe742@group-566D16F8D095-FollowerState
2023-05-17 09:09:15,127 [a82ad0ea-641b-4ac2-b933-a1a26b5fe742@group-566D16F8D095-FollowerState] INFO  server.RaftServer$Division (RaftServerImpl.java:setRole(329)) - a82ad0ea-641b-4ac2-b933-a1a26b5fe742@group-566D16F8D095: changes role from  FOLLOWER to CANDIDATE at term 0 for changeToCandidate
2023-05-17 09:09:15,127 [a82ad0ea-641b-4ac2-b933-a1a26b5fe742@group-566D16F8D095-FollowerState] INFO  server.RaftServerConfigKeys (ConfUtils.java:logGet(46)) - raft.server.leaderelection.pre-vote = true (default)
2023-05-17 09:09:15,128 [a82ad0ea-641b-4ac2-b933-a1a26b5fe742@group-566D16F8D095-FollowerState] INFO  impl.RoleInfo (RoleInfo.java:updateAndGet(139)) - a82ad0ea-641b-4ac2-b933-a1a26b5fe742: start a82ad0ea-641b-4ac2-b933-a1a26b5fe742@group-566D16F8D095-LeaderElection20
2023-05-17 09:09:15,135 [a82ad0ea-641b-4ac2-b933-a1a26b5fe742@group-566D16F8D095-LeaderElection20] INFO  impl.LeaderElection (LeaderElection.java:askForVotes(321)) - a82ad0ea-641b-4ac2-b933-a1a26b5fe742@group-566D16F8D095-LeaderElection20 PRE_VOTE round 0: submit vote requests at term 0 for -1: peers:[a82ad0ea-641b-4ac2-b933-a1a26b5fe742|rpc:10.1.0.64:15085|admin:10.1.0.64:15084|client:10.1.0.64:15083|dataStream:10.1.0.64:15086|priority:1|startupRole:FOLLOWER]|listeners:[], old=null
2023-05-17 09:09:15,136 [a82ad0ea-641b-4ac2-b933-a1a26b5fe742@group-566D16F8D095-LeaderElection20] INFO  impl.LeaderElection (LeaderElection.java:askForVotes(323)) - a82ad0ea-641b-4ac2-b933-a1a26b5fe742@group-566D16F8D095-LeaderElection20 PRE_VOTE round 0: result PASSED (term=0)
2023-05-17 09:09:15,137 [a82ad0ea-641b-4ac2-b933-a1a26b5fe742@group-566D16F8D095-LeaderElection20] INFO  impl.LeaderElection (LeaderElection.java:askForVotes(321)) - a82ad0ea-641b-4ac2-b933-a1a26b5fe742@group-566D16F8D095-LeaderElection20 ELECTION round 0: submit vote requests at term 1 for -1: peers:[a82ad0ea-641b-4ac2-b933-a1a26b5fe742|rpc:10.1.0.64:15085|admin:10.1.0.64:15084|client:10.1.0.64:15083|dataStream:10.1.0.64:15086|priority:1|startupRole:FOLLOWER]|listeners:[], old=null
2023-05-17 09:09:15,137 [a82ad0ea-641b-4ac2-b933-a1a26b5fe742@group-566D16F8D095-LeaderElection20] INFO  impl.LeaderElection (LeaderElection.java:askForVotes(323)) - a82ad0ea-641b-4ac2-b933-a1a26b5fe742@group-566D16F8D095-LeaderElection20 ELECTION round 0: result PASSED (term=1)
2023-05-17 09:09:15,137 [a82ad0ea-641b-4ac2-b933-a1a26b5fe742@group-566D16F8D095-LeaderElection20] INFO  impl.RoleInfo (RoleInfo.java:shutdownLeaderElection(130)) - a82ad0ea-641b-4ac2-b933-a1a26b5fe742: shutdown a82ad0ea-641b-4ac2-b933-a1a26b5fe742@group-566D16F8D095-LeaderElection20
2023-05-17 09:09:15,137 [a82ad0ea-641b-4ac2-b933-a1a26b5fe742@group-566D16F8D095-LeaderElection20] INFO  server.RaftServer$Division (RaftServerImpl.java:setRole(329)) - a82ad0ea-641b-4ac2-b933-a1a26b5fe742@group-566D16F8D095: changes role from CANDIDATE to LEADER at term 1 for changeToLeader
2023-05-17 09:09:15,137 [a82ad0ea-641b-4ac2-b933-a1a26b5fe742@group-566D16F8D095-LeaderElection20] INFO  ratis.XceiverServerRatis (XceiverServerRatis.java:handleLeaderChangedNotification(904)) - Leader change notification received for group: group-566D16F8D095 with new leaderId: a82ad0ea-641b-4ac2-b933-a1a26b5fe742
2023-05-17 09:09:15,138 [a82ad0ea-641b-4ac2-b933-a1a26b5fe742@group-566D16F8D095-LeaderElection20] INFO  server.RaftServer$Division (ServerState.java:setLeader(317)) - a82ad0ea-641b-4ac2-b933-a1a26b5fe742@group-566D16F8D095: change Leader from null to a82ad0ea-641b-4ac2-b933-a1a26b5fe742 at term 1 for becomeLeader, leader elected after 5156ms
2023-05-17 09:09:15,138 [a82ad0ea-641b-4ac2-b933-a1a26b5fe742@group-566D16F8D095-LeaderElection20] INFO  server.RaftServerConfigKeys (ConfUtils.java:logGet(46)) - raft.server.staging.catchup.gap = 1000 (default)
2023-05-17 09:09:15,138 [a82ad0ea-641b-4ac2-b933-a1a26b5fe742@group-566D16F8D095-LeaderElection20] INFO  server.RaftServerConfigKeys (ConfUtils.java:logGet(46)) - raft.server.write.element-limit = 1024 (custom)
2023-05-17 09:09:15,138 [a82ad0ea-641b-4ac2-b933-a1a26b5fe742@group-566D16F8D095-LeaderElection20] INFO  server.RaftServerConfigKeys (ConfUtils.java:logGet(46)) - raft.server.write.byte-limit = 1024 M (=1073741824) (custom)
2023-05-17 09:09:15,139 [a82ad0ea-641b-4ac2-b933-a1a26b5fe742@group-566D16F8D095-LeaderElection20] INFO  server.RaftServerConfigKeys (ConfUtils.java:logGet(46)) - raft.server.watch.timeout = 180s (custom)
2023-05-17 09:09:15,139 [a82ad0ea-641b-4ac2-b933-a1a26b5fe742@group-566D16F8D095-LeaderElection20] INFO  server.RaftServerConfigKeys (ConfUtils.java:logGet(46)) - raft.server.watch.timeout.denomination = 1s (default)
2023-05-17 09:09:15,139 [a82ad0ea-641b-4ac2-b933-a1a26b5fe742@group-566D16F8D095-LeaderElection20] INFO  server.RaftServerConfigKeys (ConfUtils.java:logGet(46)) - raft.server.watch.element-limit = 65536 (default)
2023-05-17 09:09:15,140 [a82ad0ea-641b-4ac2-b933-a1a26b5fe742@group-566D16F8D095-LeaderElection20] INFO  server.RaftServerConfigKeys (ConfUtils.java:logGet(46)) - raft.server.write.element-limit = 1024 (custom)
2023-05-17 09:09:15,140 [a82ad0ea-641b-4ac2-b933-a1a26b5fe742@group-566D16F8D095-LeaderElection20] INFO  server.RaftServerConfigKeys (ConfUtils.java:logGet(46)) - raft.server.write.follower.gap.ratio.max = -1.0 (default)
2023-05-17 09:09:15,140 [a82ad0ea-641b-4ac2-b933-a1a26b5fe742@group-566D16F8D095-LeaderElection20] INFO  impl.RoleInfo (RoleInfo.java:updateAndGet(139)) - a82ad0ea-641b-4ac2-b933-a1a26b5fe742: start a82ad0ea-641b-4ac2-b933-a1a26b5fe742@group-566D16F8D095-LeaderStateImpl
2023-05-17 09:09:15,140 [a82ad0ea-641b-4ac2-b933-a1a26b5fe742@group-566D16F8D095-LeaderElection20] INFO  segmented.SegmentedRaftLogWorker (SegmentedRaftLogWorker.java:startLogSegment(447)) - a82ad0ea-641b-4ac2-b933-a1a26b5fe742@group-566D16F8D095-SegmentedRaftLogWorker: Starting segment from index:0
2023-05-17 09:09:15,140 [a82ad0ea-641b-4ac2-b933-a1a26b5fe742@group-566D16F8D095-LeaderElection20] INFO  server.RaftServer$Division (ServerState.java:setRaftConf(434)) - a82ad0ea-641b-4ac2-b933-a1a26b5fe742@group-566D16F8D095: set configuration 0: peers:[a82ad0ea-641b-4ac2-b933-a1a26b5fe742|rpc:10.1.0.64:15085|admin:10.1.0.64:15084|client:10.1.0.64:15083|dataStream:10.1.0.64:15086|priority:1|startupRole:FOLLOWER]|listeners:[], old=null
2023-05-17 09:09:15,141 [a82ad0ea-641b-4ac2-b933-a1a26b5fe742@group-566D16F8D095-SegmentedRaftLogWorker] INFO  segmented.SegmentedRaftLogWorker (SegmentedRaftLogWorker.java:execute(651)) - a82ad0ea-641b-4ac2-b933-a1a26b5fe742@group-566D16F8D095-SegmentedRaftLogWorker: created new log segment /home/runner/work/ozone/ozone/hadoop-ozone/integration-test/target/test-dir/MiniOzoneClusterImpl-21d14123-a168-44a2-bc0a-ee93e32dcc9b/datanode-9/data/ratis/da127891-4df6-49b5-829d-566d16f8d095/current/log_inprogress_0
2023-05-17 09:09:15,155 [f1b6f36b-e7af-48b8-b739-38f78676889c@group-E694C42C06C7-FollowerState] INFO  impl.FollowerState (FollowerState.java:run(143)) - f1b6f36b-e7af-48b8-b739-38f78676889c@group-E694C42C06C7-FollowerState: change to CANDIDATE, lastRpcElapsedTime:5033721068ns, electionTimeout:5021ms
2023-05-17 09:09:15,155 [f1b6f36b-e7af-48b8-b739-38f78676889c@group-E694C42C06C7-FollowerState] INFO  impl.RoleInfo (RoleInfo.java:shutdownFollowerState(110)) - f1b6f36b-e7af-48b8-b739-38f78676889c: shutdown f1b6f36b-e7af-48b8-b739-38f78676889c@group-E694C42C06C7-FollowerState
2023-05-17 09:09:15,155 [f1b6f36b-e7af-48b8-b739-38f78676889c@group-E694C42C06C7-FollowerState] INFO  server.RaftServer$Division (RaftServerImpl.java:setRole(329)) - f1b6f36b-e7af-48b8-b739-38f78676889c@group-E694C42C06C7: changes role from  FOLLOWER to CANDIDATE at term 0 for changeToCandidate
2023-05-17 09:09:15,155 [f1b6f36b-e7af-48b8-b739-38f78676889c@group-E694C42C06C7-FollowerState] INFO  server.RaftServerConfigKeys (ConfUtils.java:logGet(46)) - raft.server.leaderelection.pre-vote = true (default)
2023-05-17 09:09:15,156 [f1b6f36b-e7af-48b8-b739-38f78676889c@group-E694C42C06C7-FollowerState] INFO  impl.RoleInfo (RoleInfo.java:updateAndGet(139)) - f1b6f36b-e7af-48b8-b739-38f78676889c: start f1b6f36b-e7af-48b8-b739-38f78676889c@group-E694C42C06C7-LeaderElection21
2023-05-17 09:09:15,158 [a82ad0ea-641b-4ac2-b933-a1a26b5fe742@group-E694C42C06C7-FollowerState] INFO  impl.FollowerState (FollowerState.java:run(143)) - a82ad0ea-641b-4ac2-b933-a1a26b5fe742@group-E694C42C06C7-FollowerState: change to CANDIDATE, lastRpcElapsedTime:5094232307ns, electionTimeout:5092ms
2023-05-17 09:09:15,158 [a82ad0ea-641b-4ac2-b933-a1a26b5fe742@group-E694C42C06C7-FollowerState] INFO  impl.RoleInfo (RoleInfo.java:shutdownFollowerState(110)) - a82ad0ea-641b-4ac2-b933-a1a26b5fe742: shutdown a82ad0ea-641b-4ac2-b933-a1a26b5fe742@group-E694C42C06C7-FollowerState
2023-05-17 09:09:15,158 [a82ad0ea-641b-4ac2-b933-a1a26b5fe742@group-E694C42C06C7-FollowerState] INFO  server.RaftServer$Division (RaftServerImpl.java:setRole(329)) - a82ad0ea-641b-4ac2-b933-a1a26b5fe742@group-E694C42C06C7: changes role from  FOLLOWER to CANDIDATE at term 0 for changeToCandidate
2023-05-17 09:09:15,158 [a82ad0ea-641b-4ac2-b933-a1a26b5fe742@group-E694C42C06C7-FollowerState] INFO  server.RaftServerConfigKeys (ConfUtils.java:logGet(46)) - raft.server.leaderelection.pre-vote = true (default)
2023-05-17 09:09:15,158 [a82ad0ea-641b-4ac2-b933-a1a26b5fe742@group-E694C42C06C7-FollowerState] INFO  impl.RoleInfo (RoleInfo.java:updateAndGet(139)) - a82ad0ea-641b-4ac2-b933-a1a26b5fe742: start a82ad0ea-641b-4ac2-b933-a1a26b5fe742@group-E694C42C06C7-LeaderElection22
2023-05-17 09:09:15,159 [f1b6f36b-e7af-48b8-b739-38f78676889c@group-E694C42C06C7-LeaderElection21] INFO  impl.LeaderElection (LeaderElection.java:askForVotes(321)) - f1b6f36b-e7af-48b8-b739-38f78676889c@group-E694C42C06C7-LeaderElection21 PRE_VOTE round 0: submit vote requests at term 0 for -1: peers:[4ea9b805-d843-4364-8f91-0c3c20e3ed71|rpc:10.1.0.64:15101|admin:10.1.0.64:15100|client:10.1.0.64:15099|dataStream:10.1.0.64:15102|priority:1|startupRole:FOLLOWER, f1b6f36b-e7af-48b8-b739-38f78676889c|rpc:10.1.0.64:15093|admin:10.1.0.64:15092|client:10.1.0.64:15091|dataStream:10.1.0.64:15094|priority:0|startupRole:FOLLOWER, a82ad0ea-641b-4ac2-b933-a1a26b5fe742|rpc:10.1.0.64:15085|admin:10.1.0.64:15084|client:10.1.0.64:15083|dataStream:10.1.0.64:15086|priority:0|startupRole:FOLLOWER]|listeners:[], old=null
2023-05-17 09:09:15,166 [a82ad0ea-641b-4ac2-b933-a1a26b5fe742@group-E694C42C06C7-LeaderElection22] INFO  impl.LeaderElection (LeaderElection.java:askForVotes(321)) - a82ad0ea-641b-4ac2-b933-a1a26b5fe742@group-E694C42C06C7-LeaderElection22 PRE_VOTE round 0: submit vote requests at term 0 for -1: peers:[4ea9b805-d843-4364-8f91-0c3c20e3ed71|rpc:10.1.0.64:15101|admin:10.1.0.64:15100|client:10.1.0.64:15099|dataStream:10.1.0.64:15102|priority:1|startupRole:FOLLOWER, f1b6f36b-e7af-48b8-b739-38f78676889c|rpc:10.1.0.64:15093|admin:10.1.0.64:15092|client:10.1.0.64:15091|dataStream:10.1.0.64:15094|priority:0|startupRole:FOLLOWER, a82ad0ea-641b-4ac2-b933-a1a26b5fe742|rpc:10.1.0.64:15085|admin:10.1.0.64:15084|client:10.1.0.64:15083|dataStream:10.1.0.64:15086|priority:0|startupRole:FOLLOWER]|listeners:[], old=null
2023-05-17 09:09:15,167 [f1b6f36b-e7af-48b8-b739-38f78676889c@group-E694C42C06C7-LeaderElection21] INFO  server.RaftServerConfigKeys (ConfUtils.java:logFallback(53)) - raft.server.rpc.first-election.timeout.min = 5s (fallback to raft.server.rpc.timeout.min)
2023-05-17 09:09:15,167 [f1b6f36b-e7af-48b8-b739-38f78676889c@group-E694C42C06C7-LeaderElection21] INFO  server.RaftServerConfigKeys (ConfUtils.java:logFallback(53)) - raft.server.rpc.first-election.timeout.max = 5200ms (fallback to raft.server.rpc.timeout.max)
2023-05-17 09:09:15,167 [f1b6f36b-e7af-48b8-b739-38f78676889c@group-E694C42C06C7-LeaderElection21-1] INFO  server.GrpcServerProtocolClient (GrpcServerProtocolClient.java:<init>(65)) - Build channel for 4ea9b805-d843-4364-8f91-0c3c20e3ed71
2023-05-17 09:09:15,170 [f1b6f36b-e7af-48b8-b739-38f78676889c@group-E694C42C06C7-LeaderElection21-2] INFO  server.GrpcServerProtocolClient (GrpcServerProtocolClient.java:<init>(65)) - Build channel for a82ad0ea-641b-4ac2-b933-a1a26b5fe742
2023-05-17 09:09:15,172 [a82ad0ea-641b-4ac2-b933-a1a26b5fe742@group-E694C42C06C7-LeaderElection22-1] INFO  server.GrpcServerProtocolClient (GrpcServerProtocolClient.java:<init>(65)) - Build channel for 4ea9b805-d843-4364-8f91-0c3c20e3ed71
2023-05-17 09:09:15,177 [f1b6f36b-e7af-48b8-b739-38f78676889c@group-B9930BA1EF93-FollowerState] INFO  impl.FollowerState (FollowerState.java:run(143)) - f1b6f36b-e7af-48b8-b739-38f78676889c@group-B9930BA1EF93-FollowerState: change to CANDIDATE, lastRpcElapsedTime:5122015052ns, electionTimeout:5100ms
2023-05-17 09:09:15,177 [f1b6f36b-e7af-48b8-b739-38f78676889c@group-B9930BA1EF93-FollowerState] INFO  impl.RoleInfo (RoleInfo.java:shutdownFollowerState(110)) - f1b6f36b-e7af-48b8-b739-38f78676889c: shutdown f1b6f36b-e7af-48b8-b739-38f78676889c@group-B9930BA1EF93-FollowerState
2023-05-17 09:09:15,177 [f1b6f36b-e7af-48b8-b739-38f78676889c@group-B9930BA1EF93-FollowerState] INFO  server.RaftServer$Division (RaftServerImpl.java:setRole(329)) - f1b6f36b-e7af-48b8-b739-38f78676889c@group-B9930BA1EF93: changes role from  FOLLOWER to CANDIDATE at term 0 for changeToCandidate
2023-05-17 09:09:15,185 [a82ad0ea-641b-4ac2-b933-a1a26b5fe742@group-E694C42C06C7-LeaderElection22] INFO  server.RaftServerConfigKeys (ConfUtils.java:logFallback(53)) - raft.server.rpc.first-election.timeout.min = 5s (fallback to raft.server.rpc.timeout.min)
2023-05-17 09:09:15,185 [a82ad0ea-641b-4ac2-b933-a1a26b5fe742@group-E694C42C06C7-LeaderElection22] INFO  server.RaftServerConfigKeys (ConfUtils.java:logFallback(53)) - raft.server.rpc.first-election.timeout.max = 5200ms (fallback to raft.server.rpc.timeout.max)
2023-05-17 09:09:15,186 [f1b6f36b-e7af-48b8-b739-38f78676889c@group-B9930BA1EF93-FollowerState] INFO  server.RaftServerConfigKeys (ConfUtils.java:logGet(46)) - raft.server.leaderelection.pre-vote = true (default)
2023-05-17 09:09:15,186 [f1b6f36b-e7af-48b8-b739-38f78676889c@group-B9930BA1EF93-FollowerState] INFO  impl.RoleInfo (RoleInfo.java:updateAndGet(139)) - f1b6f36b-e7af-48b8-b739-38f78676889c: start f1b6f36b-e7af-48b8-b739-38f78676889c@group-B9930BA1EF93-LeaderElection23
2023-05-17 09:09:15,188 [a82ad0ea-641b-4ac2-b933-a1a26b5fe742@group-E694C42C06C7-LeaderElection22-2] INFO  server.GrpcServerProtocolClient (GrpcServerProtocolClient.java:<init>(65)) - Build channel for f1b6f36b-e7af-48b8-b739-38f78676889c
2023-05-17 09:09:15,201 [grpc-default-executor-3] INFO  server.RaftServer$Division (RaftServerImpl.java:requestVote(1302)) - a82ad0ea-641b-4ac2-b933-a1a26b5fe742@group-E694C42C06C7: receive requestVote(PRE_VOTE, f1b6f36b-e7af-48b8-b739-38f78676889c, group-E694C42C06C7, 0, (t:0, i:0))
2023-05-17 09:09:15,201 [grpc-default-executor-3] INFO  impl.VoteContext (VoteContext.java:log(49)) - a82ad0ea-641b-4ac2-b933-a1a26b5fe742@group-E694C42C06C7-CANDIDATE: accept PRE_VOTE from f1b6f36b-e7af-48b8-b739-38f78676889c: our priority 0 <= candidate's priority 0
2023-05-17 09:09:15,202 [grpc-default-executor-3] INFO  server.RaftServer$Division (RaftServerImpl.java:requestVote(1335)) - a82ad0ea-641b-4ac2-b933-a1a26b5fe742@group-E694C42C06C7 replies to PRE_VOTE vote request: f1b6f36b-e7af-48b8-b739-38f78676889c<-a82ad0ea-641b-4ac2-b933-a1a26b5fe742#0:OK-t0. Peer's state: a82ad0ea-641b-4ac2-b933-a1a26b5fe742@group-E694C42C06C7:t0, leader=null, voted=, raftlog=Memoized:a82ad0ea-641b-4ac2-b933-a1a26b5fe742@group-E694C42C06C7-SegmentedRaftLog:OPENED:c-1, conf=-1: peers:[4ea9b805-d843-4364-8f91-0c3c20e3ed71|rpc:10.1.0.64:15101|admin:10.1.0.64:15100|client:10.1.0.64:15099|dataStream:10.1.0.64:15102|priority:1|startupRole:FOLLOWER, f1b6f36b-e7af-48b8-b739-38f78676889c|rpc:10.1.0.64:15093|admin:10.1.0.64:15092|client:10.1.0.64:15091|dataStream:10.1.0.64:15094|priority:0|startupRole:FOLLOWER, a82ad0ea-641b-4ac2-b933-a1a26b5fe742|rpc:10.1.0.64:15085|admin:10.1.0.64:15084|client:10.1.0.64:15083|dataStream:10.1.0.64:15086|priority:0|startupRole:FOLLOWER]|listeners:[], old=null
2023-05-17 09:09:15,202 [grpc-default-executor-3] INFO  server.RaftServer$Division (RaftServerImpl.java:requestVote(1302)) - 4ea9b805-d843-4364-8f91-0c3c20e3ed71@group-E694C42C06C7: receive requestVote(PRE_VOTE, f1b6f36b-e7af-48b8-b739-38f78676889c, group-E694C42C06C7, 0, (t:0, i:0))
2023-05-17 09:09:15,202 [grpc-default-executor-3] INFO  impl.VoteContext (VoteContext.java:log(49)) - 4ea9b805-d843-4364-8f91-0c3c20e3ed71@group-E694C42C06C7-FOLLOWER: reject PRE_VOTE from f1b6f36b-e7af-48b8-b739-38f78676889c: our priority 1 > candidate's priority 0
2023-05-17 09:09:15,202 [grpc-default-executor-3] INFO  server.RaftServer$Division (RaftServerImpl.java:requestVote(1335)) - 4ea9b805-d843-4364-8f91-0c3c20e3ed71@group-E694C42C06C7 replies to PRE_VOTE vote request: f1b6f36b-e7af-48b8-b739-38f78676889c<-4ea9b805-d843-4364-8f91-0c3c20e3ed71#0:FAIL-t0. Peer's state: 4ea9b805-d843-4364-8f91-0c3c20e3ed71@group-E694C42C06C7:t0, leader=null, voted=, raftlog=Memoized:4ea9b805-d843-4364-8f91-0c3c20e3ed71@group-E694C42C06C7-SegmentedRaftLog:OPENED:c-1, conf=-1: peers:[4ea9b805-d843-4364-8f91-0c3c20e3ed71|rpc:10.1.0.64:15101|admin:10.1.0.64:15100|client:10.1.0.64:15099|dataStream:10.1.0.64:15102|priority:1|startupRole:FOLLOWER, f1b6f36b-e7af-48b8-b739-38f78676889c|rpc:10.1.0.64:15093|admin:10.1.0.64:15092|client:10.1.0.64:15091|dataStream:10.1.0.64:15094|priority:0|startupRole:FOLLOWER, a82ad0ea-641b-4ac2-b933-a1a26b5fe742|rpc:10.1.0.64:15085|admin:10.1.0.64:15084|client:10.1.0.64:15083|dataStream:10.1.0.64:15086|priority:0|startupRole:FOLLOWER]|listeners:[], old=null
2023-05-17 09:09:15,205 [grpc-default-executor-5] INFO  server.RaftServer$Division (RaftServerImpl.java:requestVote(1302)) - 4ea9b805-d843-4364-8f91-0c3c20e3ed71@group-E694C42C06C7: receive requestVote(PRE_VOTE, a82ad0ea-641b-4ac2-b933-a1a26b5fe742, group-E694C42C06C7, 0, (t:0, i:0))
2023-05-17 09:09:15,207 [f1b6f36b-e7af-48b8-b739-38f78676889c@group-B9930BA1EF93-LeaderElection23] INFO  impl.LeaderElection (LeaderElection.java:askForVotes(321)) - f1b6f36b-e7af-48b8-b739-38f78676889c@group-B9930BA1EF93-LeaderElection23 PRE_VOTE round 0: submit vote requests at term 0 for -1: peers:[f1b6f36b-e7af-48b8-b739-38f78676889c|rpc:10.1.0.64:15093|admin:10.1.0.64:15092|client:10.1.0.64:15091|dataStream:10.1.0.64:15094|priority:1|startupRole:FOLLOWER]|listeners:[], old=null
2023-05-17 09:09:15,207 [f1b6f36b-e7af-48b8-b739-38f78676889c@group-B9930BA1EF93-LeaderElection23] INFO  impl.LeaderElection (LeaderElection.java:askForVotes(323)) - f1b6f36b-e7af-48b8-b739-38f78676889c@group-B9930BA1EF93-LeaderElection23 PRE_VOTE round 0: result PASSED (term=0)
2023-05-17 09:09:15,208 [grpc-default-executor-5] INFO  impl.VoteContext (VoteContext.java:log(49)) - 4ea9b805-d843-4364-8f91-0c3c20e3ed71@group-E694C42C06C7-FOLLOWER: reject PRE_VOTE from a82ad0ea-641b-4ac2-b933-a1a26b5fe742: our priority 1 > candidate's priority 0
2023-05-17 09:09:15,208 [grpc-default-executor-5] INFO  server.RaftServer$Division (RaftServerImpl.java:requestVote(1335)) - 4ea9b805-d843-4364-8f91-0c3c20e3ed71@group-E694C42C06C7 replies to PRE_VOTE vote request: a82ad0ea-641b-4ac2-b933-a1a26b5fe742<-4ea9b805-d843-4364-8f91-0c3c20e3ed71#0:FAIL-t0. Peer's state: 4ea9b805-d843-4364-8f91-0c3c20e3ed71@group-E694C42C06C7:t0, leader=null, voted=, raftlog=Memoized:4ea9b805-d843-4364-8f91-0c3c20e3ed71@group-E694C42C06C7-SegmentedRaftLog:OPENED:c-1, conf=-1: peers:[4ea9b805-d843-4364-8f91-0c3c20e3ed71|rpc:10.1.0.64:15101|admin:10.1.0.64:15100|client:10.1.0.64:15099|dataStream:10.1.0.64:15102|priority:1|startupRole:FOLLOWER, f1b6f36b-e7af-48b8-b739-38f78676889c|rpc:10.1.0.64:15093|admin:10.1.0.64:15092|client:10.1.0.64:15091|dataStream:10.1.0.64:15094|priority:0|startupRole:FOLLOWER, a82ad0ea-641b-4ac2-b933-a1a26b5fe742|rpc:10.1.0.64:15085|admin:10.1.0.64:15084|client:10.1.0.64:15083|dataStream:10.1.0.64:15086|priority:0|startupRole:FOLLOWER]|listeners:[], old=null
2023-05-17 09:09:15,208 [f1b6f36b-e7af-48b8-b739-38f78676889c@group-E694C42C06C7-LeaderElection21] INFO  impl.LeaderElection (LeaderElection.java:logAndReturn(90)) - f1b6f36b-e7af-48b8-b739-38f78676889c@group-E694C42C06C7-LeaderElection21: PRE_VOTE REJECTED received 1 response(s) and 0 exception(s):
2023-05-17 09:09:15,208 [f1b6f36b-e7af-48b8-b739-38f78676889c@group-E694C42C06C7-LeaderElection21] INFO  impl.LeaderElection (LeaderElection.java:logAndReturn(94)) -   Response 0: f1b6f36b-e7af-48b8-b739-38f78676889c<-4ea9b805-d843-4364-8f91-0c3c20e3ed71#0:FAIL-t0
2023-05-17 09:09:15,208 [f1b6f36b-e7af-48b8-b739-38f78676889c@group-E694C42C06C7-LeaderElection21] INFO  impl.LeaderElection (LeaderElection.java:askForVotes(323)) - f1b6f36b-e7af-48b8-b739-38f78676889c@group-E694C42C06C7-LeaderElection21 PRE_VOTE round 0: result REJECTED
2023-05-17 09:09:15,209 [f1b6f36b-e7af-48b8-b739-38f78676889c@group-E694C42C06C7-LeaderElection21] INFO  server.RaftServer$Division (RaftServerImpl.java:setRole(329)) - f1b6f36b-e7af-48b8-b739-38f78676889c@group-E694C42C06C7: changes role from CANDIDATE to FOLLOWER at term 0 for REJECTED
2023-05-17 09:09:15,209 [f1b6f36b-e7af-48b8-b739-38f78676889c@group-E694C42C06C7-LeaderElection21] INFO  impl.RoleInfo (RoleInfo.java:shutdownLeaderElection(130)) - f1b6f36b-e7af-48b8-b739-38f78676889c: shutdown f1b6f36b-e7af-48b8-b739-38f78676889c@group-E694C42C06C7-LeaderElection21
2023-05-17 09:09:15,209 [f1b6f36b-e7af-48b8-b739-38f78676889c@group-E694C42C06C7-LeaderElection21] INFO  impl.RoleInfo (RoleInfo.java:updateAndGet(139)) - f1b6f36b-e7af-48b8-b739-38f78676889c: start f1b6f36b-e7af-48b8-b739-38f78676889c@group-E694C42C06C7-FollowerState
2023-05-17 09:09:15,209 [a82ad0ea-641b-4ac2-b933-a1a26b5fe742@group-E694C42C06C7-LeaderElection22] INFO  impl.LeaderElection (LeaderElection.java:logAndReturn(90)) - a82ad0ea-641b-4ac2-b933-a1a26b5fe742@group-E694C42C06C7-LeaderElection22: PRE_VOTE REJECTED received 1 response(s) and 0 exception(s):
2023-05-17 09:09:15,209 [a82ad0ea-641b-4ac2-b933-a1a26b5fe742@group-E694C42C06C7-LeaderElection22] INFO  impl.LeaderElection (LeaderElection.java:logAndReturn(94)) -   Response 0: a82ad0ea-641b-4ac2-b933-a1a26b5fe742<-4ea9b805-d843-4364-8f91-0c3c20e3ed71#0:FAIL-t0
2023-05-17 09:09:15,209 [a82ad0ea-641b-4ac2-b933-a1a26b5fe742@group-E694C42C06C7-LeaderElection22] INFO  impl.LeaderElection (LeaderElection.java:askForVotes(323)) - a82ad0ea-641b-4ac2-b933-a1a26b5fe742@group-E694C42C06C7-LeaderElection22 PRE_VOTE round 0: result REJECTED
2023-05-17 09:09:15,210 [a82ad0ea-641b-4ac2-b933-a1a26b5fe742@group-E694C42C06C7-LeaderElection22] INFO  server.RaftServer$Division (RaftServerImpl.java:setRole(329)) - a82ad0ea-641b-4ac2-b933-a1a26b5fe742@group-E694C42C06C7: changes role from CANDIDATE to FOLLOWER at term 0 for REJECTED
2023-05-17 09:09:15,210 [a82ad0ea-641b-4ac2-b933-a1a26b5fe742@group-E694C42C06C7-LeaderElection22] INFO  impl.RoleInfo (RoleInfo.java:shutdownLeaderElection(130)) - a82ad0ea-641b-4ac2-b933-a1a26b5fe742: shutdown a82ad0ea-641b-4ac2-b933-a1a26b5fe742@group-E694C42C06C7-LeaderElection22
2023-05-17 09:09:15,211 [a82ad0ea-641b-4ac2-b933-a1a26b5fe742@group-E694C42C06C7-LeaderElection22] INFO  impl.RoleInfo (RoleInfo.java:updateAndGet(139)) - a82ad0ea-641b-4ac2-b933-a1a26b5fe742: start a82ad0ea-641b-4ac2-b933-a1a26b5fe742@group-E694C42C06C7-FollowerState
2023-05-17 09:09:15,210 [f1b6f36b-e7af-48b8-b739-38f78676889c@group-B9930BA1EF93-LeaderElection23] INFO  impl.LeaderElection (LeaderElection.java:askForVotes(321)) - f1b6f36b-e7af-48b8-b739-38f78676889c@group-B9930BA1EF93-LeaderElection23 ELECTION round 0: submit vote requests at term 1 for -1: peers:[f1b6f36b-e7af-48b8-b739-38f78676889c|rpc:10.1.0.64:15093|admin:10.1.0.64:15092|client:10.1.0.64:15091|dataStream:10.1.0.64:15094|priority:1|startupRole:FOLLOWER]|listeners:[], old=null
2023-05-17 09:09:15,212 [f1b6f36b-e7af-48b8-b739-38f78676889c@group-B9930BA1EF93-LeaderElection23] INFO  impl.LeaderElection (LeaderElection.java:askForVotes(323)) - f1b6f36b-e7af-48b8-b739-38f78676889c@group-B9930BA1EF93-LeaderElection23 ELECTION round 0: result PASSED (term=1)
2023-05-17 09:09:15,212 [f1b6f36b-e7af-48b8-b739-38f78676889c@group-B9930BA1EF93-LeaderElection23] INFO  impl.RoleInfo (RoleInfo.java:shutdownLeaderElection(130)) - f1b6f36b-e7af-48b8-b739-38f78676889c: shutdown f1b6f36b-e7af-48b8-b739-38f78676889c@group-B9930BA1EF93-LeaderElection23
2023-05-17 09:09:15,212 [f1b6f36b-e7af-48b8-b739-38f78676889c@group-B9930BA1EF93-LeaderElection23] INFO  server.RaftServer$Division (RaftServerImpl.java:setRole(329)) - f1b6f36b-e7af-48b8-b739-38f78676889c@group-B9930BA1EF93: changes role from CANDIDATE to LEADER at term 1 for changeToLeader
2023-05-17 09:09:15,212 [f1b6f36b-e7af-48b8-b739-38f78676889c@group-B9930BA1EF93-LeaderElection23] INFO  ratis.XceiverServerRatis (XceiverServerRatis.java:handleLeaderChangedNotification(904)) - Leader change notification received for group: group-B9930BA1EF93 with new leaderId: f1b6f36b-e7af-48b8-b739-38f78676889c
2023-05-17 09:09:15,213 [grpc-default-executor-5] INFO  server.RaftServer$Division (RaftServerImpl.java:requestVote(1302)) - f1b6f36b-e7af-48b8-b739-38f78676889c@group-E694C42C06C7: receive requestVote(PRE_VOTE, a82ad0ea-641b-4ac2-b933-a1a26b5fe742, group-E694C42C06C7, 0, (t:0, i:0))
2023-05-17 09:09:15,214 [grpc-default-executor-5] INFO  impl.VoteContext (VoteContext.java:log(49)) - f1b6f36b-e7af-48b8-b739-38f78676889c@group-E694C42C06C7-FOLLOWER: accept PRE_VOTE from a82ad0ea-641b-4ac2-b933-a1a26b5fe742: our priority 0 <= candidate's priority 0
2023-05-17 09:09:15,214 [grpc-default-executor-5] INFO  server.RaftServer$Division (RaftServerImpl.java:requestVote(1335)) - f1b6f36b-e7af-48b8-b739-38f78676889c@group-E694C42C06C7 replies to PRE_VOTE vote request: a82ad0ea-641b-4ac2-b933-a1a26b5fe742<-f1b6f36b-e7af-48b8-b739-38f78676889c#0:OK-t0. Peer's state: f1b6f36b-e7af-48b8-b739-38f78676889c@group-E694C42C06C7:t0, leader=null, voted=, raftlog=Memoized:f1b6f36b-e7af-48b8-b739-38f78676889c@group-E694C42C06C7-SegmentedRaftLog:OPENED:c-1, conf=-1: peers:[4ea9b805-d843-4364-8f91-0c3c20e3ed71|rpc:10.1.0.64:15101|admin:10.1.0.64:15100|client:10.1.0.64:15099|dataStream:10.1.0.64:15102|priority:1|startupRole:FOLLOWER, f1b6f36b-e7af-48b8-b739-38f78676889c|rpc:10.1.0.64:15093|admin:10.1.0.64:15092|client:10.1.0.64:15091|dataStream:10.1.0.64:15094|priority:0|startupRole:FOLLOWER, a82ad0ea-641b-4ac2-b933-a1a26b5fe742|rpc:10.1.0.64:15085|admin:10.1.0.64:15084|client:10.1.0.64:15083|dataStream:10.1.0.64:15086|priority:0|startupRole:FOLLOWER]|listeners:[], old=null
2023-05-17 09:09:15,215 [f1b6f36b-e7af-48b8-b739-38f78676889c@group-B9930BA1EF93-LeaderElection23] INFO  server.RaftServer$Division (ServerState.java:setLeader(317)) - f1b6f36b-e7af-48b8-b739-38f78676889c@group-B9930BA1EF93: change Leader from null to f1b6f36b-e7af-48b8-b739-38f78676889c at term 1 for becomeLeader, leader elected after 5209ms
2023-05-17 09:09:15,215 [f1b6f36b-e7af-48b8-b739-38f78676889c@group-B9930BA1EF93-LeaderElection23] INFO  server.RaftServerConfigKeys (ConfUtils.java:logGet(46)) - raft.server.staging.catchup.gap = 1000 (default)
2023-05-17 09:09:15,216 [f1b6f36b-e7af-48b8-b739-38f78676889c@group-B9930BA1EF93-LeaderElection23] INFO  server.RaftServerConfigKeys (ConfUtils.java:logGet(46)) - raft.server.write.element-limit = 1024 (custom)
2023-05-17 09:09:15,216 [f1b6f36b-e7af-48b8-b739-38f78676889c@group-B9930BA1EF93-LeaderElection23] INFO  server.RaftServerConfigKeys (ConfUtils.java:logGet(46)) - raft.server.write.byte-limit = 1024 M (=1073741824) (custom)
2023-05-17 09:09:15,216 [f1b6f36b-e7af-48b8-b739-38f78676889c@group-B9930BA1EF93-LeaderElection23] INFO  server.RaftServerConfigKeys (ConfUtils.java:logGet(46)) - raft.server.watch.timeout = 180s (custom)
2023-05-17 09:09:15,216 [f1b6f36b-e7af-48b8-b739-38f78676889c@group-B9930BA1EF93-LeaderElection23] INFO  server.RaftServerConfigKeys (ConfUtils.java:logGet(46)) - raft.server.watch.timeout.denomination = 1s (default)
2023-05-17 09:09:15,216 [f1b6f36b-e7af-48b8-b739-38f78676889c@group-B9930BA1EF93-LeaderElection23] INFO  server.RaftServerConfigKeys (ConfUtils.java:logGet(46)) - raft.server.watch.element-limit = 65536 (default)
2023-05-17 09:09:15,216 [f1b6f36b-e7af-48b8-b739-38f78676889c@group-B9930BA1EF93-LeaderElection23] INFO  server.RaftServerConfigKeys (ConfUtils.java:logGet(46)) - raft.server.write.element-limit = 1024 (custom)
2023-05-17 09:09:15,216 [f1b6f36b-e7af-48b8-b739-38f78676889c@group-B9930BA1EF93-LeaderElection23] INFO  server.RaftServerConfigKeys (ConfUtils.java:logGet(46)) - raft.server.write.follower.gap.ratio.max = -1.0 (default)
2023-05-17 09:09:15,216 [f1b6f36b-e7af-48b8-b739-38f78676889c@group-B9930BA1EF93-LeaderElection23] INFO  impl.RoleInfo (RoleInfo.java:updateAndGet(139)) - f1b6f36b-e7af-48b8-b739-38f78676889c: start f1b6f36b-e7af-48b8-b739-38f78676889c@group-B9930BA1EF93-LeaderStateImpl
2023-05-17 09:09:15,216 [f1b6f36b-e7af-48b8-b739-38f78676889c@group-B9930BA1EF93-LeaderElection23] INFO  segmented.SegmentedRaftLogWorker (SegmentedRaftLogWorker.java:startLogSegment(447)) - f1b6f36b-e7af-48b8-b739-38f78676889c@group-B9930BA1EF93-SegmentedRaftLogWorker: Starting segment from index:0
2023-05-17 09:09:15,220 [f1b6f36b-e7af-48b8-b739-38f78676889c@group-B9930BA1EF93-SegmentedRaftLogWorker] INFO  segmented.SegmentedRaftLogWorker (SegmentedRaftLogWorker.java:execute(651)) - f1b6f36b-e7af-48b8-b739-38f78676889c@group-B9930BA1EF93-SegmentedRaftLogWorker: created new log segment /home/runner/work/ozone/ozone/hadoop-ozone/integration-test/target/test-dir/MiniOzoneClusterImpl-21d14123-a168-44a2-bc0a-ee93e32dcc9b/datanode-10/data/ratis/0637c11d-1f02-47ea-8bd1-b9930ba1ef93/current/log_inprogress_0
2023-05-17 09:09:15,220 [f1b6f36b-e7af-48b8-b739-38f78676889c@group-B9930BA1EF93-LeaderElection23] INFO  server.RaftServer$Division (ServerState.java:setRaftConf(434)) - f1b6f36b-e7af-48b8-b739-38f78676889c@group-B9930BA1EF93: set configuration 0: peers:[f1b6f36b-e7af-48b8-b739-38f78676889c|rpc:10.1.0.64:15093|admin:10.1.0.64:15092|client:10.1.0.64:15091|dataStream:10.1.0.64:15094|priority:1|startupRole:FOLLOWER]|listeners:[], old=null
2023-05-17 09:09:15,323 [a82ad0ea-641b-4ac2-b933-a1a26b5fe742@group-6A381084A931-FollowerState] INFO  impl.FollowerState (FollowerState.java:run(143)) - a82ad0ea-641b-4ac2-b933-a1a26b5fe742@group-6A381084A931-FollowerState: change to CANDIDATE, lastRpcElapsedTime:5063508530ns, electionTimeout:5062ms
2023-05-17 09:09:15,324 [a82ad0ea-641b-4ac2-b933-a1a26b5fe742@group-6A381084A931-FollowerState] INFO  impl.RoleInfo (RoleInfo.java:shutdownFollowerState(110)) - a82ad0ea-641b-4ac2-b933-a1a26b5fe742: shutdown a82ad0ea-641b-4ac2-b933-a1a26b5fe742@group-6A381084A931-FollowerState
2023-05-17 09:09:15,324 [a82ad0ea-641b-4ac2-b933-a1a26b5fe742@group-6A381084A931-FollowerState] INFO  server.RaftServer$Division (RaftServerImpl.java:setRole(329)) - a82ad0ea-641b-4ac2-b933-a1a26b5fe742@group-6A381084A931: changes role from  FOLLOWER to CANDIDATE at term 0 for changeToCandidate
2023-05-17 09:09:15,324 [a82ad0ea-641b-4ac2-b933-a1a26b5fe742@group-6A381084A931-FollowerState] INFO  server.RaftServerConfigKeys (ConfUtils.java:logGet(46)) - raft.server.leaderelection.pre-vote = true (default)
2023-05-17 09:09:15,324 [a82ad0ea-641b-4ac2-b933-a1a26b5fe742@group-6A381084A931-FollowerState] INFO  impl.RoleInfo (RoleInfo.java:updateAndGet(139)) - a82ad0ea-641b-4ac2-b933-a1a26b5fe742: start a82ad0ea-641b-4ac2-b933-a1a26b5fe742@group-6A381084A931-LeaderElection24
2023-05-17 09:09:15,327 [a82ad0ea-641b-4ac2-b933-a1a26b5fe742@group-6A381084A931-LeaderElection24] INFO  impl.LeaderElection (LeaderElection.java:askForVotes(321)) - a82ad0ea-641b-4ac2-b933-a1a26b5fe742@group-6A381084A931-LeaderElection24 PRE_VOTE round 0: submit vote requests at term 0 for -1: peers:[4ea9b805-d843-4364-8f91-0c3c20e3ed71|rpc:10.1.0.64:15101|admin:10.1.0.64:15100|client:10.1.0.64:15099|dataStream:10.1.0.64:15102|priority:0|startupRole:FOLLOWER, f1b6f36b-e7af-48b8-b739-38f78676889c|rpc:10.1.0.64:15093|admin:10.1.0.64:15092|client:10.1.0.64:15091|dataStream:10.1.0.64:15094|priority:0|startupRole:FOLLOWER, a82ad0ea-641b-4ac2-b933-a1a26b5fe742|rpc:10.1.0.64:15085|admin:10.1.0.64:15084|client:10.1.0.64:15083|dataStream:10.1.0.64:15086|priority:1|startupRole:FOLLOWER]|listeners:[], old=null
2023-05-17 09:09:15,327 [a82ad0ea-641b-4ac2-b933-a1a26b5fe742@group-6A381084A931-LeaderElection24] INFO  server.RaftServerConfigKeys (ConfUtils.java:logFallback(53)) - raft.server.rpc.first-election.timeout.min = 5s (fallback to raft.server.rpc.timeout.min)
2023-05-17 09:09:15,327 [a82ad0ea-641b-4ac2-b933-a1a26b5fe742@group-6A381084A931-LeaderElection24] INFO  server.RaftServerConfigKeys (ConfUtils.java:logFallback(53)) - raft.server.rpc.first-election.timeout.max = 5200ms (fallback to raft.server.rpc.timeout.max)
2023-05-17 09:09:15,330 [grpc-default-executor-3] INFO  server.RaftServer$Division (RaftServerImpl.java:requestVote(1302)) - 4ea9b805-d843-4364-8f91-0c3c20e3ed71@group-6A381084A931: receive requestVote(PRE_VOTE, a82ad0ea-641b-4ac2-b933-a1a26b5fe742, group-6A381084A931, 0, (t:0, i:0))
2023-05-17 09:09:15,330 [grpc-default-executor-5] INFO  server.RaftServer$Division (RaftServerImpl.java:requestVote(1302)) - f1b6f36b-e7af-48b8-b739-38f78676889c@group-6A381084A931: receive requestVote(PRE_VOTE, a82ad0ea-641b-4ac2-b933-a1a26b5fe742, group-6A381084A931, 0, (t:0, i:0))
2023-05-17 09:09:15,330 [grpc-default-executor-3] INFO  impl.VoteContext (VoteContext.java:log(49)) - 4ea9b805-d843-4364-8f91-0c3c20e3ed71@group-6A381084A931-FOLLOWER: accept PRE_VOTE from a82ad0ea-641b-4ac2-b933-a1a26b5fe742: our priority 0 <= candidate's priority 1
2023-05-17 09:09:15,330 [grpc-default-executor-5] INFO  impl.VoteContext (VoteContext.java:log(49)) - f1b6f36b-e7af-48b8-b739-38f78676889c@group-6A381084A931-FOLLOWER: accept PRE_VOTE from a82ad0ea-641b-4ac2-b933-a1a26b5fe742: our priority 0 <= candidate's priority 1
2023-05-17 09:09:15,330 [grpc-default-executor-3] INFO  server.RaftServer$Division (RaftServerImpl.java:requestVote(1335)) - 4ea9b805-d843-4364-8f91-0c3c20e3ed71@group-6A381084A931 replies to PRE_VOTE vote request: a82ad0ea-641b-4ac2-b933-a1a26b5fe742<-4ea9b805-d843-4364-8f91-0c3c20e3ed71#0:OK-t0. Peer's state: 4ea9b805-d843-4364-8f91-0c3c20e3ed71@group-6A381084A931:t0, leader=null, voted=, raftlog=Memoized:4ea9b805-d843-4364-8f91-0c3c20e3ed71@group-6A381084A931-SegmentedRaftLog:OPENED:c-1, conf=-1: peers:[4ea9b805-d843-4364-8f91-0c3c20e3ed71|rpc:10.1.0.64:15101|admin:10.1.0.64:15100|client:10.1.0.64:15099|dataStream:10.1.0.64:15102|priority:0|startupRole:FOLLOWER, f1b6f36b-e7af-48b8-b739-38f78676889c|rpc:10.1.0.64:15093|admin:10.1.0.64:15092|client:10.1.0.64:15091|dataStream:10.1.0.64:15094|priority:0|startupRole:FOLLOWER, a82ad0ea-641b-4ac2-b933-a1a26b5fe742|rpc:10.1.0.64:15085|admin:10.1.0.64:15084|client:10.1.0.64:15083|dataStream:10.1.0.64:15086|priority:1|startupRole:FOLLOWER]|listeners:[], old=null
2023-05-17 09:09:15,330 [grpc-default-executor-5] INFO  server.RaftServer$Division (RaftServerImpl.java:requestVote(1335)) - f1b6f36b-e7af-48b8-b739-38f78676889c@group-6A381084A931 replies to PRE_VOTE vote request: a82ad0ea-641b-4ac2-b933-a1a26b5fe742<-f1b6f36b-e7af-48b8-b739-38f78676889c#0:OK-t0. Peer's state: f1b6f36b-e7af-48b8-b739-38f78676889c@group-6A381084A931:t0, leader=null, voted=, raftlog=Memoized:f1b6f36b-e7af-48b8-b739-38f78676889c@group-6A381084A931-SegmentedRaftLog:OPENED:c-1, conf=-1: peers:[4ea9b805-d843-4364-8f91-0c3c20e3ed71|rpc:10.1.0.64:15101|admin:10.1.0.64:15100|client:10.1.0.64:15099|dataStream:10.1.0.64:15102|priority:0|startupRole:FOLLOWER, f1b6f36b-e7af-48b8-b739-38f78676889c|rpc:10.1.0.64:15093|admin:10.1.0.64:15092|client:10.1.0.64:15091|dataStream:10.1.0.64:15094|priority:0|startupRole:FOLLOWER, a82ad0ea-641b-4ac2-b933-a1a26b5fe742|rpc:10.1.0.64:15085|admin:10.1.0.64:15084|client:10.1.0.64:15083|dataStream:10.1.0.64:15086|priority:1|startupRole:FOLLOWER]|listeners:[], old=null
2023-05-17 09:09:15,332 [a82ad0ea-641b-4ac2-b933-a1a26b5fe742@group-6A381084A931-LeaderElection24] INFO  impl.LeaderElection (LeaderElection.java:logAndReturn(90)) - a82ad0ea-641b-4ac2-b933-a1a26b5fe742@group-6A381084A931-LeaderElection24: PRE_VOTE PASSED received 1 response(s) and 0 exception(s):
2023-05-17 09:09:15,332 [a82ad0ea-641b-4ac2-b933-a1a26b5fe742@group-6A381084A931-LeaderElection24] INFO  impl.LeaderElection (LeaderElection.java:logAndReturn(94)) -   Response 0: a82ad0ea-641b-4ac2-b933-a1a26b5fe742<-f1b6f36b-e7af-48b8-b739-38f78676889c#0:OK-t0
2023-05-17 09:09:15,332 [a82ad0ea-641b-4ac2-b933-a1a26b5fe742@group-6A381084A931-LeaderElection24] INFO  impl.LeaderElection (LeaderElection.java:askForVotes(323)) - a82ad0ea-641b-4ac2-b933-a1a26b5fe742@group-6A381084A931-LeaderElection24 PRE_VOTE round 0: result PASSED
2023-05-17 09:09:15,333 [a82ad0ea-641b-4ac2-b933-a1a26b5fe742@group-6A381084A931-LeaderElection24] INFO  impl.LeaderElection (LeaderElection.java:askForVotes(321)) - a82ad0ea-641b-4ac2-b933-a1a26b5fe742@group-6A381084A931-LeaderElection24 ELECTION round 0: submit vote requests at term 1 for -1: peers:[4ea9b805-d843-4364-8f91-0c3c20e3ed71|rpc:10.1.0.64:15101|admin:10.1.0.64:15100|client:10.1.0.64:15099|dataStream:10.1.0.64:15102|priority:0|startupRole:FOLLOWER, f1b6f36b-e7af-48b8-b739-38f78676889c|rpc:10.1.0.64:15093|admin:10.1.0.64:15092|client:10.1.0.64:15091|dataStream:10.1.0.64:15094|priority:0|startupRole:FOLLOWER, a82ad0ea-641b-4ac2-b933-a1a26b5fe742|rpc:10.1.0.64:15085|admin:10.1.0.64:15084|client:10.1.0.64:15083|dataStream:10.1.0.64:15086|priority:1|startupRole:FOLLOWER]|listeners:[], old=null
2023-05-17 09:09:15,334 [a82ad0ea-641b-4ac2-b933-a1a26b5fe742@group-6A381084A931-LeaderElection24] INFO  server.RaftServerConfigKeys (ConfUtils.java:logFallback(53)) - raft.server.rpc.first-election.timeout.min = 5s (fallback to raft.server.rpc.timeout.min)
2023-05-17 09:09:15,334 [a82ad0ea-641b-4ac2-b933-a1a26b5fe742@group-6A381084A931-LeaderElection24] INFO  server.RaftServerConfigKeys (ConfUtils.java:logFallback(53)) - raft.server.rpc.first-election.timeout.max = 5200ms (fallback to raft.server.rpc.timeout.max)
2023-05-17 09:09:15,335 [grpc-default-executor-3] INFO  server.RaftServer$Division (RaftServerImpl.java:requestVote(1302)) - 4ea9b805-d843-4364-8f91-0c3c20e3ed71@group-6A381084A931: receive requestVote(ELECTION, a82ad0ea-641b-4ac2-b933-a1a26b5fe742, group-6A381084A931, 1, (t:0, i:0))
2023-05-17 09:09:15,335 [grpc-default-executor-3] INFO  impl.VoteContext (VoteContext.java:log(49)) - 4ea9b805-d843-4364-8f91-0c3c20e3ed71@group-6A381084A931-FOLLOWER: accept ELECTION from a82ad0ea-641b-4ac2-b933-a1a26b5fe742: our priority 0 <= candidate's priority 1
2023-05-17 09:09:15,335 [grpc-default-executor-3] INFO  server.RaftServer$Division (RaftServerImpl.java:setRole(329)) - 4ea9b805-d843-4364-8f91-0c3c20e3ed71@group-6A381084A931: changes role from  FOLLOWER to FOLLOWER at term 1 for candidate:a82ad0ea-641b-4ac2-b933-a1a26b5fe742
2023-05-17 09:09:15,335 [grpc-default-executor-3] INFO  impl.RoleInfo (RoleInfo.java:shutdownFollowerState(110)) - 4ea9b805-d843-4364-8f91-0c3c20e3ed71: shutdown 4ea9b805-d843-4364-8f91-0c3c20e3ed71@group-6A381084A931-FollowerState
2023-05-17 09:09:15,335 [grpc-default-executor-3] INFO  impl.RoleInfo (RoleInfo.java:updateAndGet(139)) - 4ea9b805-d843-4364-8f91-0c3c20e3ed71: start 4ea9b805-d843-4364-8f91-0c3c20e3ed71@group-6A381084A931-FollowerState
2023-05-17 09:09:15,336 [4ea9b805-d843-4364-8f91-0c3c20e3ed71@group-6A381084A931-FollowerState] INFO  impl.FollowerState (FollowerState.java:run(152)) - 4ea9b805-d843-4364-8f91-0c3c20e3ed71@group-6A381084A931-FollowerState was interrupted
2023-05-17 09:09:15,337 [grpc-default-executor-5] INFO  server.RaftServer$Division (RaftServerImpl.java:requestVote(1302)) - f1b6f36b-e7af-48b8-b739-38f78676889c@group-6A381084A931: receive requestVote(ELECTION, a82ad0ea-641b-4ac2-b933-a1a26b5fe742, group-6A381084A931, 1, (t:0, i:0))
2023-05-17 09:09:15,337 [grpc-default-executor-5] INFO  impl.VoteContext (VoteContext.java:log(49)) - f1b6f36b-e7af-48b8-b739-38f78676889c@group-6A381084A931-FOLLOWER: accept ELECTION from a82ad0ea-641b-4ac2-b933-a1a26b5fe742: our priority 0 <= candidate's priority 1
2023-05-17 09:09:15,338 [grpc-default-executor-5] INFO  server.RaftServer$Division (RaftServerImpl.java:setRole(329)) - f1b6f36b-e7af-48b8-b739-38f78676889c@group-6A381084A931: changes role from  FOLLOWER to FOLLOWER at term 1 for candidate:a82ad0ea-641b-4ac2-b933-a1a26b5fe742
2023-05-17 09:09:15,338 [grpc-default-executor-5] INFO  impl.RoleInfo (RoleInfo.java:shutdownFollowerState(110)) - f1b6f36b-e7af-48b8-b739-38f78676889c: shutdown f1b6f36b-e7af-48b8-b739-38f78676889c@group-6A381084A931-FollowerState
2023-05-17 09:09:15,338 [grpc-default-executor-5] INFO  impl.RoleInfo (RoleInfo.java:updateAndGet(139)) - f1b6f36b-e7af-48b8-b739-38f78676889c: start f1b6f36b-e7af-48b8-b739-38f78676889c@group-6A381084A931-FollowerState
2023-05-17 09:09:15,338 [f1b6f36b-e7af-48b8-b739-38f78676889c@group-6A381084A931-FollowerState] INFO  impl.FollowerState (FollowerState.java:run(152)) - f1b6f36b-e7af-48b8-b739-38f78676889c@group-6A381084A931-FollowerState was interrupted
2023-05-17 09:09:15,339 [grpc-default-executor-3] INFO  server.RaftServer$Division (RaftServerImpl.java:requestVote(1335)) - 4ea9b805-d843-4364-8f91-0c3c20e3ed71@group-6A381084A931 replies to ELECTION vote request: a82ad0ea-641b-4ac2-b933-a1a26b5fe742<-4ea9b805-d843-4364-8f91-0c3c20e3ed71#0:OK-t1. Peer's state: 4ea9b805-d843-4364-8f91-0c3c20e3ed71@group-6A381084A931:t1, leader=null, voted=a82ad0ea-641b-4ac2-b933-a1a26b5fe742, raftlog=Memoized:4ea9b805-d843-4364-8f91-0c3c20e3ed71@group-6A381084A931-SegmentedRaftLog:OPENED:c-1, conf=-1: peers:[4ea9b805-d843-4364-8f91-0c3c20e3ed71|rpc:10.1.0.64:15101|admin:10.1.0.64:15100|client:10.1.0.64:15099|dataStream:10.1.0.64:15102|priority:0|startupRole:FOLLOWER, f1b6f36b-e7af-48b8-b739-38f78676889c|rpc:10.1.0.64:15093|admin:10.1.0.64:15092|client:10.1.0.64:15091|dataStream:10.1.0.64:15094|priority:0|startupRole:FOLLOWER, a82ad0ea-641b-4ac2-b933-a1a26b5fe742|rpc:10.1.0.64:15085|admin:10.1.0.64:15084|client:10.1.0.64:15083|dataStream:10.1.0.64:15086|priority:1|startupRole:FOLLOWER]|listeners:[], old=null
2023-05-17 09:09:15,339 [grpc-default-executor-5] INFO  server.RaftServer$Division (RaftServerImpl.java:requestVote(1335)) - f1b6f36b-e7af-48b8-b739-38f78676889c@group-6A381084A931 replies to ELECTION vote request: a82ad0ea-641b-4ac2-b933-a1a26b5fe742<-f1b6f36b-e7af-48b8-b739-38f78676889c#0:OK-t1. Peer's state: f1b6f36b-e7af-48b8-b739-38f78676889c@group-6A381084A931:t1, leader=null, voted=a82ad0ea-641b-4ac2-b933-a1a26b5fe742, raftlog=Memoized:f1b6f36b-e7af-48b8-b739-38f78676889c@group-6A381084A931-SegmentedRaftLog:OPENED:c-1, conf=-1: peers:[4ea9b805-d843-4364-8f91-0c3c20e3ed71|rpc:10.1.0.64:15101|admin:10.1.0.64:15100|client:10.1.0.64:15099|dataStream:10.1.0.64:15102|priority:0|startupRole:FOLLOWER, f1b6f36b-e7af-48b8-b739-38f78676889c|rpc:10.1.0.64:15093|admin:10.1.0.64:15092|client:10.1.0.64:15091|dataStream:10.1.0.64:15094|priority:0|startupRole:FOLLOWER, a82ad0ea-641b-4ac2-b933-a1a26b5fe742|rpc:10.1.0.64:15085|admin:10.1.0.64:15084|client:10.1.0.64:15083|dataStream:10.1.0.64:15086|priority:1|startupRole:FOLLOWER]|listeners:[], old=null
2023-05-17 09:09:15,340 [a82ad0ea-641b-4ac2-b933-a1a26b5fe742@group-6A381084A931-LeaderElection24] INFO  impl.LeaderElection (LeaderElection.java:logAndReturn(90)) - a82ad0ea-641b-4ac2-b933-a1a26b5fe742@group-6A381084A931-LeaderElection24: ELECTION PASSED received 1 response(s) and 0 exception(s):
2023-05-17 09:09:15,340 [a82ad0ea-641b-4ac2-b933-a1a26b5fe742@group-6A381084A931-LeaderElection24] INFO  impl.LeaderElection (LeaderElection.java:logAndReturn(94)) -   Response 0: a82ad0ea-641b-4ac2-b933-a1a26b5fe742<-f1b6f36b-e7af-48b8-b739-38f78676889c#0:OK-t1
2023-05-17 09:09:15,341 [a82ad0ea-641b-4ac2-b933-a1a26b5fe742@group-6A381084A931-LeaderElection24] INFO  impl.LeaderElection (LeaderElection.java:askForVotes(323)) - a82ad0ea-641b-4ac2-b933-a1a26b5fe742@group-6A381084A931-LeaderElection24 ELECTION round 0: result PASSED
2023-05-17 09:09:15,341 [a82ad0ea-641b-4ac2-b933-a1a26b5fe742@group-6A381084A931-LeaderElection24] INFO  impl.RoleInfo (RoleInfo.java:shutdownLeaderElection(130)) - a82ad0ea-641b-4ac2-b933-a1a26b5fe742: shutdown a82ad0ea-641b-4ac2-b933-a1a26b5fe742@group-6A381084A931-LeaderElection24
2023-05-17 09:09:15,341 [a82ad0ea-641b-4ac2-b933-a1a26b5fe742@group-6A381084A931-LeaderElection24] INFO  server.RaftServer$Division (RaftServerImpl.java:setRole(329)) - a82ad0ea-641b-4ac2-b933-a1a26b5fe742@group-6A381084A931: changes role from CANDIDATE to LEADER at term 1 for changeToLeader
2023-05-17 09:09:15,341 [a82ad0ea-641b-4ac2-b933-a1a26b5fe742@group-6A381084A931-LeaderElection24] INFO  ratis.XceiverServerRatis (XceiverServerRatis.java:handleLeaderChangedNotification(904)) - Leader change notification received for group: group-6A381084A931 with new leaderId: a82ad0ea-641b-4ac2-b933-a1a26b5fe742
2023-05-17 09:09:15,341 [a82ad0ea-641b-4ac2-b933-a1a26b5fe742@group-6A381084A931-LeaderElection24] INFO  server.RaftServer$Division (ServerState.java:setLeader(317)) - a82ad0ea-641b-4ac2-b933-a1a26b5fe742@group-6A381084A931: change Leader from null to a82ad0ea-641b-4ac2-b933-a1a26b5fe742 at term 1 for becomeLeader, leader elected after 5110ms
2023-05-17 09:09:15,341 [a82ad0ea-641b-4ac2-b933-a1a26b5fe742@group-6A381084A931-LeaderElection24] INFO  server.RaftServerConfigKeys (ConfUtils.java:logGet(46)) - raft.server.staging.catchup.gap = 1000 (default)
2023-05-17 09:09:15,341 [a82ad0ea-641b-4ac2-b933-a1a26b5fe742@group-6A381084A931-LeaderElection24] INFO  server.RaftServerConfigKeys (ConfUtils.java:logGet(46)) - raft.server.write.element-limit = 1024 (custom)
2023-05-17 09:09:15,341 [a82ad0ea-641b-4ac2-b933-a1a26b5fe742@group-6A381084A931-LeaderElection24] INFO  server.RaftServerConfigKeys (ConfUtils.java:logGet(46)) - raft.server.write.byte-limit = 1024 M (=1073741824) (custom)
2023-05-17 09:09:15,342 [a82ad0ea-641b-4ac2-b933-a1a26b5fe742@group-6A381084A931-LeaderElection24] INFO  server.RaftServerConfigKeys (ConfUtils.java:logGet(46)) - raft.server.watch.timeout = 180s (custom)
2023-05-17 09:09:15,342 [a82ad0ea-641b-4ac2-b933-a1a26b5fe742@group-6A381084A931-LeaderElection24] INFO  server.RaftServerConfigKeys (ConfUtils.java:logGet(46)) - raft.server.watch.timeout.denomination = 1s (default)
2023-05-17 09:09:15,342 [a82ad0ea-641b-4ac2-b933-a1a26b5fe742@group-6A381084A931-LeaderElection24] INFO  server.RaftServerConfigKeys (ConfUtils.java:logGet(46)) - raft.server.watch.element-limit = 65536 (default)
2023-05-17 09:09:15,342 [a82ad0ea-641b-4ac2-b933-a1a26b5fe742@group-6A381084A931-LeaderElection24] INFO  server.RaftServerConfigKeys (ConfUtils.java:logGet(46)) - raft.server.write.element-limit = 1024 (custom)
2023-05-17 09:09:15,342 [a82ad0ea-641b-4ac2-b933-a1a26b5fe742@group-6A381084A931-LeaderElection24] INFO  server.RaftServerConfigKeys (ConfUtils.java:logGet(46)) - raft.server.write.follower.gap.ratio.max = -1.0 (default)
2023-05-17 09:09:15,342 [a82ad0ea-641b-4ac2-b933-a1a26b5fe742@group-6A381084A931-LeaderElection24] INFO  server.RaftServerConfigKeys (ConfUtils.java:logGet(46)) - raft.server.log.appender.snapshot.chunk.size.max = 16MB (=16777216) (default)
2023-05-17 09:09:15,342 [a82ad0ea-641b-4ac2-b933-a1a26b5fe742@group-6A381084A931-LeaderElection24] INFO  server.RaftServerConfigKeys (ConfUtils.java:logGet(46)) - raft.server.log.appender.buffer.byte-limit = 33554432 (custom)
2023-05-17 09:09:15,342 [a82ad0ea-641b-4ac2-b933-a1a26b5fe742@group-6A381084A931-LeaderElection24] INFO  server.RaftServerConfigKeys (ConfUtils.java:logGet(46)) - raft.server.log.appender.buffer.element-limit = 1 (custom)
2023-05-17 09:09:15,343 [a82ad0ea-641b-4ac2-b933-a1a26b5fe742@group-6A381084A931-LeaderElection24] INFO  server.RaftServerConfigKeys (ConfUtils.java:logGet(46)) - raft.server.log.appender.wait-time.min = 10ms (default)
2023-05-17 09:09:15,343 [a82ad0ea-641b-4ac2-b933-a1a26b5fe742@group-6A381084A931-LeaderElection24] INFO  grpc.GrpcConfigKeys (ConfUtils.java:logGet(46)) - raft.grpc.server.leader.outstanding.appends.max = 128 (default)
2023-05-17 09:09:15,343 [a82ad0ea-641b-4ac2-b933-a1a26b5fe742@group-6A381084A931-LeaderElection24] INFO  server.RaftServerConfigKeys (ConfUtils.java:logGet(46)) - raft.server.rpc.request.timeout = 60s (custom)
2023-05-17 09:09:15,343 [a82ad0ea-641b-4ac2-b933-a1a26b5fe742@group-6A381084A931-LeaderElection24] INFO  grpc.GrpcConfigKeys (ConfUtils.java:logGet(46)) - raft.grpc.server.install_snapshot.request.element-limit = 8 (default)
2023-05-17 09:09:15,343 [a82ad0ea-641b-4ac2-b933-a1a26b5fe742@group-6A381084A931-LeaderElection24] INFO  grpc.GrpcConfigKeys (ConfUtils.java:logGet(46)) - raft.grpc.server.install_snapshot.request.timeout = 3000ms (default)
2023-05-17 09:09:15,343 [a82ad0ea-641b-4ac2-b933-a1a26b5fe742@group-6A381084A931-LeaderElection24] INFO  server.RaftServerConfigKeys (ConfUtils.java:logGet(46)) - raft.server.log.appender.install.snapshot.enabled = false (custom)
2023-05-17 09:09:15,343 [a82ad0ea-641b-4ac2-b933-a1a26b5fe742@group-6A381084A931-LeaderElection24] INFO  grpc.GrpcConfigKeys (ConfUtils.java:logGet(46)) - raft.grpc.server.heartbeat.channel = true (default)
2023-05-17 09:09:15,344 [a82ad0ea-641b-4ac2-b933-a1a26b5fe742@group-6A381084A931-LeaderElection24] INFO  server.RaftServerConfigKeys (ConfUtils.java:logGet(46)) - raft.server.log.appender.snapshot.chunk.size.max = 16MB (=16777216) (default)
2023-05-17 09:09:15,344 [a82ad0ea-641b-4ac2-b933-a1a26b5fe742@group-6A381084A931-LeaderElection24] INFO  server.RaftServerConfigKeys (ConfUtils.java:logGet(46)) - raft.server.log.appender.buffer.byte-limit = 33554432 (custom)
2023-05-17 09:09:15,344 [a82ad0ea-641b-4ac2-b933-a1a26b5fe742@group-6A381084A931-LeaderElection24] INFO  server.RaftServerConfigKeys (ConfUtils.java:logGet(46)) - raft.server.log.appender.buffer.element-limit = 1 (custom)
2023-05-17 09:09:15,344 [a82ad0ea-641b-4ac2-b933-a1a26b5fe742@group-6A381084A931-LeaderElection24] INFO  server.RaftServerConfigKeys (ConfUtils.java:logGet(46)) - raft.server.log.appender.wait-time.min = 10ms (default)
2023-05-17 09:09:15,344 [a82ad0ea-641b-4ac2-b933-a1a26b5fe742@group-6A381084A931-LeaderElection24] INFO  grpc.GrpcConfigKeys (ConfUtils.java:logGet(46)) - raft.grpc.server.leader.outstanding.appends.max = 128 (default)
2023-05-17 09:09:15,344 [a82ad0ea-641b-4ac2-b933-a1a26b5fe742@group-6A381084A931-LeaderElection24] INFO  server.RaftServerConfigKeys (ConfUtils.java:logGet(46)) - raft.server.rpc.request.timeout = 60s (custom)
2023-05-17 09:09:15,344 [a82ad0ea-641b-4ac2-b933-a1a26b5fe742@group-6A381084A931-LeaderElection24] INFO  grpc.GrpcConfigKeys (ConfUtils.java:logGet(46)) - raft.grpc.server.install_snapshot.request.element-limit = 8 (default)
2023-05-17 09:09:15,344 [a82ad0ea-641b-4ac2-b933-a1a26b5fe742@group-6A381084A931-LeaderElection24] INFO  grpc.GrpcConfigKeys (ConfUtils.java:logGet(46)) - raft.grpc.server.install_snapshot.request.timeout = 3000ms (default)
2023-05-17 09:09:15,344 [a82ad0ea-641b-4ac2-b933-a1a26b5fe742@group-6A381084A931-LeaderElection24] INFO  server.RaftServerConfigKeys (ConfUtils.java:logGet(46)) - raft.server.log.appender.install.snapshot.enabled = false (custom)
2023-05-17 09:09:15,344 [a82ad0ea-641b-4ac2-b933-a1a26b5fe742@group-6A381084A931-LeaderElection24] INFO  grpc.GrpcConfigKeys (ConfUtils.java:logGet(46)) - raft.grpc.server.heartbeat.channel = true (default)
2023-05-17 09:09:15,344 [a82ad0ea-641b-4ac2-b933-a1a26b5fe742@group-6A381084A931-LeaderElection24] INFO  impl.RoleInfo (RoleInfo.java:updateAndGet(139)) - a82ad0ea-641b-4ac2-b933-a1a26b5fe742: start a82ad0ea-641b-4ac2-b933-a1a26b5fe742@group-6A381084A931-LeaderStateImpl
2023-05-17 09:09:15,344 [a82ad0ea-641b-4ac2-b933-a1a26b5fe742@group-6A381084A931-LeaderElection24] INFO  segmented.SegmentedRaftLogWorker (SegmentedRaftLogWorker.java:startLogSegment(447)) - a82ad0ea-641b-4ac2-b933-a1a26b5fe742@group-6A381084A931-SegmentedRaftLogWorker: Starting segment from index:0
2023-05-17 09:09:15,347 [EventQueue-PipelineReportForPipelineReportHandler] INFO  pipeline.PipelineManagerImpl (PipelineManagerImpl.java:openPipeline(367)) - Pipeline Pipeline[ Id: bcb7f622-48ef-4dfa-9e5a-6a381084a931, Nodes: f1b6f36b-e7af-48b8-b739-38f78676889c(fv-az41-747.zje5jq5y5x4uznwvdkgxk4wc2h.cx.internal.cloudapp.net/10.1.0.64)4ea9b805-d843-4364-8f91-0c3c20e3ed71(fv-az41-747.zje5jq5y5x4uznwvdkgxk4wc2h.cx.internal.cloudapp.net/10.1.0.64)a82ad0ea-641b-4ac2-b933-a1a26b5fe742(fv-az41-747.zje5jq5y5x4uznwvdkgxk4wc2h.cx.internal.cloudapp.net/10.1.0.64), ReplicationConfig: RATIS/THREE, State:ALLOCATED, leaderId:a82ad0ea-641b-4ac2-b933-a1a26b5fe742, CreationTimestamp2023-05-17T09:09:07.660Z[Etc/UTC]] moved to OPEN state
2023-05-17 09:09:15,348 [a82ad0ea-641b-4ac2-b933-a1a26b5fe742@group-6A381084A931-SegmentedRaftLogWorker] INFO  segmented.SegmentedRaftLogWorker (SegmentedRaftLogWorker.java:execute(651)) - a82ad0ea-641b-4ac2-b933-a1a26b5fe742@group-6A381084A931-SegmentedRaftLogWorker: created new log segment /home/runner/work/ozone/ozone/hadoop-ozone/integration-test/target/test-dir/MiniOzoneClusterImpl-21d14123-a168-44a2-bc0a-ee93e32dcc9b/datanode-9/data/ratis/bcb7f622-48ef-4dfa-9e5a-6a381084a931/current/log_inprogress_0
2023-05-17 09:09:15,349 [5b9fa8c3-08c3-43f9-b175-3119fbbe3900@group-4902C97A15D4-FollowerState] INFO  impl.FollowerState (FollowerState.java:run(143)) - 5b9fa8c3-08c3-43f9-b175-3119fbbe3900@group-4902C97A15D4-FollowerState: change to CANDIDATE, lastRpcElapsedTime:5201636609ns, electionTimeout:5190ms
2023-05-17 09:09:15,349 [5b9fa8c3-08c3-43f9-b175-3119fbbe3900@group-4902C97A15D4-FollowerState] INFO  impl.RoleInfo (RoleInfo.java:shutdownFollowerState(110)) - 5b9fa8c3-08c3-43f9-b175-3119fbbe3900: shutdown 5b9fa8c3-08c3-43f9-b175-3119fbbe3900@group-4902C97A15D4-FollowerState
2023-05-17 09:09:15,349 [5b9fa8c3-08c3-43f9-b175-3119fbbe3900@group-4902C97A15D4-FollowerState] INFO  server.RaftServer$Division (RaftServerImpl.java:setRole(329)) - 5b9fa8c3-08c3-43f9-b175-3119fbbe3900@group-4902C97A15D4: changes role from  FOLLOWER to CANDIDATE at term 0 for changeToCandidate
2023-05-17 09:09:15,359 [a82ad0ea-641b-4ac2-b933-a1a26b5fe742@group-6A381084A931-LeaderElection24] INFO  server.RaftServer$Division (ServerState.java:setRaftConf(434)) - a82ad0ea-641b-4ac2-b933-a1a26b5fe742@group-6A381084A931: set configuration 0: peers:[4ea9b805-d843-4364-8f91-0c3c20e3ed71|rpc:10.1.0.64:15101|admin:10.1.0.64:15100|client:10.1.0.64:15099|dataStream:10.1.0.64:15102|priority:0|startupRole:FOLLOWER, f1b6f36b-e7af-48b8-b739-38f78676889c|rpc:10.1.0.64:15093|admin:10.1.0.64:15092|client:10.1.0.64:15091|dataStream:10.1.0.64:15094|priority:0|startupRole:FOLLOWER, a82ad0ea-641b-4ac2-b933-a1a26b5fe742|rpc:10.1.0.64:15085|admin:10.1.0.64:15084|client:10.1.0.64:15083|dataStream:10.1.0.64:15086|priority:1|startupRole:FOLLOWER]|listeners:[], old=null
2023-05-17 09:09:15,360 [5b9fa8c3-08c3-43f9-b175-3119fbbe3900@group-4902C97A15D4-FollowerState] INFO  server.RaftServerConfigKeys (ConfUtils.java:logGet(46)) - raft.server.leaderelection.pre-vote = true (default)
2023-05-17 09:09:15,360 [5b9fa8c3-08c3-43f9-b175-3119fbbe3900@group-4902C97A15D4-FollowerState] INFO  impl.RoleInfo (RoleInfo.java:updateAndGet(139)) - 5b9fa8c3-08c3-43f9-b175-3119fbbe3900: start 5b9fa8c3-08c3-43f9-b175-3119fbbe3900@group-4902C97A15D4-LeaderElection25
2023-05-17 09:09:15,371 [f1b6f36b-e7af-48b8-b739-38f78676889c-server-thread1] INFO  ratis.XceiverServerRatis (XceiverServerRatis.java:handleLeaderChangedNotification(904)) - Leader change notification received for group: group-6A381084A931 with new leaderId: a82ad0ea-641b-4ac2-b933-a1a26b5fe742
2023-05-17 09:09:15,371 [f1b6f36b-e7af-48b8-b739-38f78676889c-server-thread1] INFO  server.RaftServer$Division (ServerState.java:setLeader(317)) - f1b6f36b-e7af-48b8-b739-38f78676889c@group-6A381084A931: change Leader from null to a82ad0ea-641b-4ac2-b933-a1a26b5fe742 at term 1 for appendEntries, leader elected after 5091ms
2023-05-17 09:09:15,374 [4ea9b805-d843-4364-8f91-0c3c20e3ed71-server-thread1] INFO  ratis.XceiverServerRatis (XceiverServerRatis.java:handleLeaderChangedNotification(904)) - Leader change notification received for group: group-6A381084A931 with new leaderId: a82ad0ea-641b-4ac2-b933-a1a26b5fe742
2023-05-17 09:09:15,375 [4ea9b805-d843-4364-8f91-0c3c20e3ed71-server-thread1] INFO  server.RaftServer$Division (ServerState.java:setLeader(317)) - 4ea9b805-d843-4364-8f91-0c3c20e3ed71@group-6A381084A931: change Leader from null to a82ad0ea-641b-4ac2-b933-a1a26b5fe742 at term 1 for appendEntries, leader elected after 5006ms
2023-05-17 09:09:15,384 [f1b6f36b-e7af-48b8-b739-38f78676889c-server-thread1] INFO  server.RaftServer$Division (ServerState.java:setRaftConf(434)) - f1b6f36b-e7af-48b8-b739-38f78676889c@group-6A381084A931: set configuration 0: peers:[4ea9b805-d843-4364-8f91-0c3c20e3ed71|rpc:10.1.0.64:15101|admin:10.1.0.64:15100|client:10.1.0.64:15099|dataStream:10.1.0.64:15102|priority:0|startupRole:FOLLOWER, f1b6f36b-e7af-48b8-b739-38f78676889c|rpc:10.1.0.64:15093|admin:10.1.0.64:15092|client:10.1.0.64:15091|dataStream:10.1.0.64:15094|priority:0|startupRole:FOLLOWER, a82ad0ea-641b-4ac2-b933-a1a26b5fe742|rpc:10.1.0.64:15085|admin:10.1.0.64:15084|client:10.1.0.64:15083|dataStream:10.1.0.64:15086|priority:1|startupRole:FOLLOWER]|listeners:[], old=null
2023-05-17 09:09:15,384 [4ea9b805-d843-4364-8f91-0c3c20e3ed71-server-thread2] INFO  server.RaftServer$Division (ServerState.java:setRaftConf(434)) - 4ea9b805-d843-4364-8f91-0c3c20e3ed71@group-6A381084A931: set configuration 0: peers:[4ea9b805-d843-4364-8f91-0c3c20e3ed71|rpc:10.1.0.64:15101|admin:10.1.0.64:15100|client:10.1.0.64:15099|dataStream:10.1.0.64:15102|priority:0|startupRole:FOLLOWER, f1b6f36b-e7af-48b8-b739-38f78676889c|rpc:10.1.0.64:15093|admin:10.1.0.64:15092|client:10.1.0.64:15091|dataStream:10.1.0.64:15094|priority:0|startupRole:FOLLOWER, a82ad0ea-641b-4ac2-b933-a1a26b5fe742|rpc:10.1.0.64:15085|admin:10.1.0.64:15084|client:10.1.0.64:15083|dataStream:10.1.0.64:15086|priority:1|startupRole:FOLLOWER]|listeners:[], old=null
2023-05-17 09:09:15,384 [f1b6f36b-e7af-48b8-b739-38f78676889c-server-thread1] INFO  segmented.SegmentedRaftLogWorker (SegmentedRaftLogWorker.java:startLogSegment(447)) - f1b6f36b-e7af-48b8-b739-38f78676889c@group-6A381084A931-SegmentedRaftLogWorker: Starting segment from index:0
2023-05-17 09:09:15,384 [4ea9b805-d843-4364-8f91-0c3c20e3ed71-server-thread2] INFO  segmented.SegmentedRaftLogWorker (SegmentedRaftLogWorker.java:startLogSegment(447)) - 4ea9b805-d843-4364-8f91-0c3c20e3ed71@group-6A381084A931-SegmentedRaftLogWorker: Starting segment from index:0
2023-05-17 09:09:15,388 [f1b6f36b-e7af-48b8-b739-38f78676889c@group-6A381084A931-SegmentedRaftLogWorker] INFO  segmented.SegmentedRaftLogWorker (SegmentedRaftLogWorker.java:execute(651)) - f1b6f36b-e7af-48b8-b739-38f78676889c@group-6A381084A931-SegmentedRaftLogWorker: created new log segment /home/runner/work/ozone/ozone/hadoop-ozone/integration-test/target/test-dir/MiniOzoneClusterImpl-21d14123-a168-44a2-bc0a-ee93e32dcc9b/datanode-10/data/ratis/bcb7f622-48ef-4dfa-9e5a-6a381084a931/current/log_inprogress_0
2023-05-17 09:09:15,389 [5b9fa8c3-08c3-43f9-b175-3119fbbe3900@group-4902C97A15D4-LeaderElection25] INFO  impl.LeaderElection (LeaderElection.java:askForVotes(321)) - 5b9fa8c3-08c3-43f9-b175-3119fbbe3900@group-4902C97A15D4-LeaderElection25 PRE_VOTE round 0: submit vote requests at term 0 for -1: peers:[5b9fa8c3-08c3-43f9-b175-3119fbbe3900|rpc:10.1.0.64:15077|admin:10.1.0.64:15076|client:10.1.0.64:15075|dataStream:10.1.0.64:15078|priority:1|startupRole:FOLLOWER]|listeners:[], old=null
2023-05-17 09:09:15,389 [5b9fa8c3-08c3-43f9-b175-3119fbbe3900@group-4902C97A15D4-LeaderElection25] INFO  impl.LeaderElection (LeaderElection.java:askForVotes(323)) - 5b9fa8c3-08c3-43f9-b175-3119fbbe3900@group-4902C97A15D4-LeaderElection25 PRE_VOTE round 0: result PASSED (term=0)
2023-05-17 09:09:15,391 [4ea9b805-d843-4364-8f91-0c3c20e3ed71@group-6A381084A931-SegmentedRaftLogWorker] INFO  segmented.SegmentedRaftLogWorker (SegmentedRaftLogWorker.java:execute(651)) - 4ea9b805-d843-4364-8f91-0c3c20e3ed71@group-6A381084A931-SegmentedRaftLogWorker: created new log segment /home/runner/work/ozone/ozone/hadoop-ozone/integration-test/target/test-dir/MiniOzoneClusterImpl-21d14123-a168-44a2-bc0a-ee93e32dcc9b/datanode-11/data/ratis/bcb7f622-48ef-4dfa-9e5a-6a381084a931/current/log_inprogress_0
2023-05-17 09:09:15,392 [5b9fa8c3-08c3-43f9-b175-3119fbbe3900@group-4902C97A15D4-LeaderElection25] INFO  impl.LeaderElection (LeaderElection.java:askForVotes(321)) - 5b9fa8c3-08c3-43f9-b175-3119fbbe3900@group-4902C97A15D4-LeaderElection25 ELECTION round 0: submit vote requests at term 1 for -1: peers:[5b9fa8c3-08c3-43f9-b175-3119fbbe3900|rpc:10.1.0.64:15077|admin:10.1.0.64:15076|client:10.1.0.64:15075|dataStream:10.1.0.64:15078|priority:1|startupRole:FOLLOWER]|listeners:[], old=null
2023-05-17 09:09:15,392 [5b9fa8c3-08c3-43f9-b175-3119fbbe3900@group-4902C97A15D4-LeaderElection25] INFO  impl.LeaderElection (LeaderElection.java:askForVotes(323)) - 5b9fa8c3-08c3-43f9-b175-3119fbbe3900@group-4902C97A15D4-LeaderElection25 ELECTION round 0: result PASSED (term=1)
2023-05-17 09:09:15,392 [5b9fa8c3-08c3-43f9-b175-3119fbbe3900@group-4902C97A15D4-LeaderElection25] INFO  impl.RoleInfo (RoleInfo.java:shutdownLeaderElection(130)) - 5b9fa8c3-08c3-43f9-b175-3119fbbe3900: shutdown 5b9fa8c3-08c3-43f9-b175-3119fbbe3900@group-4902C97A15D4-LeaderElection25
2023-05-17 09:09:15,392 [5b9fa8c3-08c3-43f9-b175-3119fbbe3900@group-4902C97A15D4-LeaderElection25] INFO  server.RaftServer$Division (RaftServerImpl.java:setRole(329)) - 5b9fa8c3-08c3-43f9-b175-3119fbbe3900@group-4902C97A15D4: changes role from CANDIDATE to LEADER at term 1 for changeToLeader
2023-05-17 09:09:15,392 [5b9fa8c3-08c3-43f9-b175-3119fbbe3900@group-4902C97A15D4-LeaderElection25] INFO  ratis.XceiverServerRatis (XceiverServerRatis.java:handleLeaderChangedNotification(904)) - Leader change notification received for group: group-4902C97A15D4 with new leaderId: 5b9fa8c3-08c3-43f9-b175-3119fbbe3900
2023-05-17 09:09:15,392 [5b9fa8c3-08c3-43f9-b175-3119fbbe3900@group-4902C97A15D4-LeaderElection25] INFO  server.RaftServer$Division (ServerState.java:setLeader(317)) - 5b9fa8c3-08c3-43f9-b175-3119fbbe3900@group-4902C97A15D4: change Leader from null to 5b9fa8c3-08c3-43f9-b175-3119fbbe3900 at term 1 for becomeLeader, leader elected after 5287ms
2023-05-17 09:09:15,392 [5b9fa8c3-08c3-43f9-b175-3119fbbe3900@group-4902C97A15D4-LeaderElection25] INFO  server.RaftServerConfigKeys (ConfUtils.java:logGet(46)) - raft.server.staging.catchup.gap = 1000 (default)
2023-05-17 09:09:15,395 [5b9fa8c3-08c3-43f9-b175-3119fbbe3900@group-4902C97A15D4-LeaderElection25] INFO  server.RaftServerConfigKeys (ConfUtils.java:logGet(46)) - raft.server.write.element-limit = 1024 (custom)
2023-05-17 09:09:15,395 [5b9fa8c3-08c3-43f9-b175-3119fbbe3900@group-4902C97A15D4-LeaderElection25] INFO  server.RaftServerConfigKeys (ConfUtils.java:logGet(46)) - raft.server.write.byte-limit = 1024 M (=1073741824) (custom)
2023-05-17 09:09:15,395 [5b9fa8c3-08c3-43f9-b175-3119fbbe3900@group-4902C97A15D4-LeaderElection25] INFO  server.RaftServerConfigKeys (ConfUtils.java:logGet(46)) - raft.server.watch.timeout = 180s (custom)
2023-05-17 09:09:15,395 [5b9fa8c3-08c3-43f9-b175-3119fbbe3900@group-4902C97A15D4-LeaderElection25] INFO  server.RaftServerConfigKeys (ConfUtils.java:logGet(46)) - raft.server.watch.timeout.denomination = 1s (default)
2023-05-17 09:09:15,396 [5b9fa8c3-08c3-43f9-b175-3119fbbe3900@group-4902C97A15D4-LeaderElection25] INFO  server.RaftServerConfigKeys (ConfUtils.java:logGet(46)) - raft.server.watch.element-limit = 65536 (default)
2023-05-17 09:09:15,396 [5b9fa8c3-08c3-43f9-b175-3119fbbe3900@group-4902C97A15D4-LeaderElection25] INFO  server.RaftServerConfigKeys (ConfUtils.java:logGet(46)) - raft.server.write.element-limit = 1024 (custom)
2023-05-17 09:09:15,396 [5b9fa8c3-08c3-43f9-b175-3119fbbe3900@group-4902C97A15D4-LeaderElection25] INFO  server.RaftServerConfigKeys (ConfUtils.java:logGet(46)) - raft.server.write.follower.gap.ratio.max = -1.0 (default)
2023-05-17 09:09:15,396 [5b9fa8c3-08c3-43f9-b175-3119fbbe3900@group-4902C97A15D4-LeaderElection25] INFO  impl.RoleInfo (RoleInfo.java:updateAndGet(139)) - 5b9fa8c3-08c3-43f9-b175-3119fbbe3900: start 5b9fa8c3-08c3-43f9-b175-3119fbbe3900@group-4902C97A15D4-LeaderStateImpl
2023-05-17 09:09:15,396 [5b9fa8c3-08c3-43f9-b175-3119fbbe3900@group-4902C97A15D4-LeaderElection25] INFO  segmented.SegmentedRaftLogWorker (SegmentedRaftLogWorker.java:startLogSegment(447)) - 5b9fa8c3-08c3-43f9-b175-3119fbbe3900@group-4902C97A15D4-SegmentedRaftLogWorker: Starting segment from index:0
2023-05-17 09:09:15,397 [5b9fa8c3-08c3-43f9-b175-3119fbbe3900@group-4902C97A15D4-LeaderElection25] INFO  server.RaftServer$Division (ServerState.java:setRaftConf(434)) - 5b9fa8c3-08c3-43f9-b175-3119fbbe3900@group-4902C97A15D4: set configuration 0: peers:[5b9fa8c3-08c3-43f9-b175-3119fbbe3900|rpc:10.1.0.64:15077|admin:10.1.0.64:15076|client:10.1.0.64:15075|dataStream:10.1.0.64:15078|priority:1|startupRole:FOLLOWER]|listeners:[], old=null
2023-05-17 09:09:15,397 [5b9fa8c3-08c3-43f9-b175-3119fbbe3900@group-4902C97A15D4-SegmentedRaftLogWorker] INFO  segmented.SegmentedRaftLogWorker (SegmentedRaftLogWorker.java:execute(651)) - 5b9fa8c3-08c3-43f9-b175-3119fbbe3900@group-4902C97A15D4-SegmentedRaftLogWorker: created new log segment /home/runner/work/ozone/ozone/hadoop-ozone/integration-test/target/test-dir/MiniOzoneClusterImpl-21d14123-a168-44a2-bc0a-ee93e32dcc9b/datanode-8/data/ratis/b0bff6a4-6f25-4e85-bba4-4902c97a15d4/current/log_inprogress_0
2023-05-17 09:09:15,444 [4ea9b805-d843-4364-8f91-0c3c20e3ed71@group-E694C42C06C7-FollowerState] INFO  impl.FollowerState (FollowerState.java:run(143)) - 4ea9b805-d843-4364-8f91-0c3c20e3ed71@group-E694C42C06C7-FollowerState: change to CANDIDATE, lastRpcElapsedTime:5197434358ns, electionTimeout:5196ms
2023-05-17 09:09:15,444 [4ea9b805-d843-4364-8f91-0c3c20e3ed71@group-E694C42C06C7-FollowerState] INFO  impl.RoleInfo (RoleInfo.java:shutdownFollowerState(110)) - 4ea9b805-d843-4364-8f91-0c3c20e3ed71: shutdown 4ea9b805-d843-4364-8f91-0c3c20e3ed71@group-E694C42C06C7-FollowerState
2023-05-17 09:09:15,444 [4ea9b805-d843-4364-8f91-0c3c20e3ed71@group-E694C42C06C7-FollowerState] INFO  server.RaftServer$Division (RaftServerImpl.java:setRole(329)) - 4ea9b805-d843-4364-8f91-0c3c20e3ed71@group-E694C42C06C7: changes role from  FOLLOWER to CANDIDATE at term 0 for changeToCandidate
2023-05-17 09:09:15,444 [4ea9b805-d843-4364-8f91-0c3c20e3ed71@group-E694C42C06C7-FollowerState] INFO  server.RaftServerConfigKeys (ConfUtils.java:logGet(46)) - raft.server.leaderelection.pre-vote = true (default)
2023-05-17 09:09:15,444 [4ea9b805-d843-4364-8f91-0c3c20e3ed71@group-E694C42C06C7-FollowerState] INFO  impl.RoleInfo (RoleInfo.java:updateAndGet(139)) - 4ea9b805-d843-4364-8f91-0c3c20e3ed71: start 4ea9b805-d843-4364-8f91-0c3c20e3ed71@group-E694C42C06C7-LeaderElection26
2023-05-17 09:09:15,445 [4ea9b805-d843-4364-8f91-0c3c20e3ed71@group-E694C42C06C7-LeaderElection26] INFO  impl.LeaderElection (LeaderElection.java:askForVotes(321)) - 4ea9b805-d843-4364-8f91-0c3c20e3ed71@group-E694C42C06C7-LeaderElection26 PRE_VOTE round 0: submit vote requests at term 0 for -1: peers:[4ea9b805-d843-4364-8f91-0c3c20e3ed71|rpc:10.1.0.64:15101|admin:10.1.0.64:15100|client:10.1.0.64:15099|dataStream:10.1.0.64:15102|priority:1|startupRole:FOLLOWER, f1b6f36b-e7af-48b8-b739-38f78676889c|rpc:10.1.0.64:15093|admin:10.1.0.64:15092|client:10.1.0.64:15091|dataStream:10.1.0.64:15094|priority:0|startupRole:FOLLOWER, a82ad0ea-641b-4ac2-b933-a1a26b5fe742|rpc:10.1.0.64:15085|admin:10.1.0.64:15084|client:10.1.0.64:15083|dataStream:10.1.0.64:15086|priority:0|startupRole:FOLLOWER]|listeners:[], old=null
2023-05-17 09:09:15,445 [4ea9b805-d843-4364-8f91-0c3c20e3ed71@group-E694C42C06C7-LeaderElection26-1] INFO  server.GrpcServerProtocolClient (GrpcServerProtocolClient.java:<init>(65)) - Build channel for f1b6f36b-e7af-48b8-b739-38f78676889c
2023-05-17 09:09:15,445 [4ea9b805-d843-4364-8f91-0c3c20e3ed71@group-E694C42C06C7-LeaderElection26] INFO  server.RaftServerConfigKeys (ConfUtils.java:logFallback(53)) - raft.server.rpc.first-election.timeout.min = 5s (fallback to raft.server.rpc.timeout.min)
2023-05-17 09:09:15,446 [4ea9b805-d843-4364-8f91-0c3c20e3ed71@group-E694C42C06C7-LeaderElection26] INFO  server.RaftServerConfigKeys (ConfUtils.java:logFallback(53)) - raft.server.rpc.first-election.timeout.max = 5200ms (fallback to raft.server.rpc.timeout.max)
2023-05-17 09:09:15,446 [4ea9b805-d843-4364-8f91-0c3c20e3ed71@group-E694C42C06C7-LeaderElection26-2] INFO  server.GrpcServerProtocolClient (GrpcServerProtocolClient.java:<init>(65)) - Build channel for a82ad0ea-641b-4ac2-b933-a1a26b5fe742
2023-05-17 09:09:15,455 [grpc-default-executor-2] INFO  server.RaftServer$Division (RaftServerImpl.java:requestVote(1302)) - a82ad0ea-641b-4ac2-b933-a1a26b5fe742@group-E694C42C06C7: receive requestVote(PRE_VOTE, 4ea9b805-d843-4364-8f91-0c3c20e3ed71, group-E694C42C06C7, 0, (t:0, i:0))
2023-05-17 09:09:15,455 [grpc-default-executor-2] INFO  impl.VoteContext (VoteContext.java:log(49)) - a82ad0ea-641b-4ac2-b933-a1a26b5fe742@group-E694C42C06C7-FOLLOWER: accept PRE_VOTE from 4ea9b805-d843-4364-8f91-0c3c20e3ed71: our priority 0 <= candidate's priority 1
2023-05-17 09:09:15,455 [grpc-default-executor-2] INFO  server.RaftServer$Division (RaftServerImpl.java:requestVote(1335)) - a82ad0ea-641b-4ac2-b933-a1a26b5fe742@group-E694C42C06C7 replies to PRE_VOTE vote request: 4ea9b805-d843-4364-8f91-0c3c20e3ed71<-a82ad0ea-641b-4ac2-b933-a1a26b5fe742#0:OK-t0. Peer's state: a82ad0ea-641b-4ac2-b933-a1a26b5fe742@group-E694C42C06C7:t0, leader=null, voted=, raftlog=Memoized:a82ad0ea-641b-4ac2-b933-a1a26b5fe742@group-E694C42C06C7-SegmentedRaftLog:OPENED:c-1, conf=-1: peers:[4ea9b805-d843-4364-8f91-0c3c20e3ed71|rpc:10.1.0.64:15101|admin:10.1.0.64:15100|client:10.1.0.64:15099|dataStream:10.1.0.64:15102|priority:1|startupRole:FOLLOWER, f1b6f36b-e7af-48b8-b739-38f78676889c|rpc:10.1.0.64:15093|admin:10.1.0.64:15092|client:10.1.0.64:15091|dataStream:10.1.0.64:15094|priority:0|startupRole:FOLLOWER, a82ad0ea-641b-4ac2-b933-a1a26b5fe742|rpc:10.1.0.64:15085|admin:10.1.0.64:15084|client:10.1.0.64:15083|dataStream:10.1.0.64:15086|priority:0|startupRole:FOLLOWER]|listeners:[], old=null
2023-05-17 09:09:15,456 [4ea9b805-d843-4364-8f91-0c3c20e3ed71@group-E694C42C06C7-LeaderElection26] INFO  impl.LeaderElection (LeaderElection.java:logAndReturn(90)) - 4ea9b805-d843-4364-8f91-0c3c20e3ed71@group-E694C42C06C7-LeaderElection26: PRE_VOTE PASSED received 1 response(s) and 0 exception(s):
2023-05-17 09:09:15,456 [4ea9b805-d843-4364-8f91-0c3c20e3ed71@group-E694C42C06C7-LeaderElection26] INFO  impl.LeaderElection (LeaderElection.java:logAndReturn(94)) -   Response 0: 4ea9b805-d843-4364-8f91-0c3c20e3ed71<-a82ad0ea-641b-4ac2-b933-a1a26b5fe742#0:OK-t0
2023-05-17 09:09:15,456 [4ea9b805-d843-4364-8f91-0c3c20e3ed71@group-E694C42C06C7-LeaderElection26] INFO  impl.LeaderElection (LeaderElection.java:askForVotes(323)) - 4ea9b805-d843-4364-8f91-0c3c20e3ed71@group-E694C42C06C7-LeaderElection26 PRE_VOTE round 0: result PASSED
2023-05-17 09:09:15,457 [4ea9b805-d843-4364-8f91-0c3c20e3ed71@group-E694C42C06C7-LeaderElection26] INFO  impl.LeaderElection (LeaderElection.java:askForVotes(321)) - 4ea9b805-d843-4364-8f91-0c3c20e3ed71@group-E694C42C06C7-LeaderElection26 ELECTION round 0: submit vote requests at term 1 for -1: peers:[4ea9b805-d843-4364-8f91-0c3c20e3ed71|rpc:10.1.0.64:15101|admin:10.1.0.64:15100|client:10.1.0.64:15099|dataStream:10.1.0.64:15102|priority:1|startupRole:FOLLOWER, f1b6f36b-e7af-48b8-b739-38f78676889c|rpc:10.1.0.64:15093|admin:10.1.0.64:15092|client:10.1.0.64:15091|dataStream:10.1.0.64:15094|priority:0|startupRole:FOLLOWER, a82ad0ea-641b-4ac2-b933-a1a26b5fe742|rpc:10.1.0.64:15085|admin:10.1.0.64:15084|client:10.1.0.64:15083|dataStream:10.1.0.64:15086|priority:0|startupRole:FOLLOWER]|listeners:[], old=null
2023-05-17 09:09:15,462 [4ea9b805-d843-4364-8f91-0c3c20e3ed71@group-E694C42C06C7-LeaderElection26] INFO  server.RaftServerConfigKeys (ConfUtils.java:logFallback(53)) - raft.server.rpc.first-election.timeout.min = 5s (fallback to raft.server.rpc.timeout.min)
2023-05-17 09:09:15,462 [4ea9b805-d843-4364-8f91-0c3c20e3ed71@group-E694C42C06C7-LeaderElection26] INFO  server.RaftServerConfigKeys (ConfUtils.java:logFallback(53)) - raft.server.rpc.first-election.timeout.max = 5200ms (fallback to raft.server.rpc.timeout.max)
2023-05-17 09:09:15,464 [grpc-default-executor-3] INFO  server.RaftServer$Division (RaftServerImpl.java:requestVote(1302)) - a82ad0ea-641b-4ac2-b933-a1a26b5fe742@group-E694C42C06C7: receive requestVote(ELECTION, 4ea9b805-d843-4364-8f91-0c3c20e3ed71, group-E694C42C06C7, 1, (t:0, i:0))
2023-05-17 09:09:15,464 [grpc-default-executor-3] INFO  impl.VoteContext (VoteContext.java:log(49)) - a82ad0ea-641b-4ac2-b933-a1a26b5fe742@group-E694C42C06C7-FOLLOWER: accept ELECTION from 4ea9b805-d843-4364-8f91-0c3c20e3ed71: our priority 0 <= candidate's priority 1
2023-05-17 09:09:15,464 [grpc-default-executor-3] INFO  server.RaftServer$Division (RaftServerImpl.java:setRole(329)) - a82ad0ea-641b-4ac2-b933-a1a26b5fe742@group-E694C42C06C7: changes role from  FOLLOWER to FOLLOWER at term 1 for candidate:4ea9b805-d843-4364-8f91-0c3c20e3ed71
2023-05-17 09:09:15,464 [grpc-default-executor-3] INFO  impl.RoleInfo (RoleInfo.java:shutdownFollowerState(110)) - a82ad0ea-641b-4ac2-b933-a1a26b5fe742: shutdown a82ad0ea-641b-4ac2-b933-a1a26b5fe742@group-E694C42C06C7-FollowerState
2023-05-17 09:09:15,464 [grpc-default-executor-3] INFO  impl.RoleInfo (RoleInfo.java:updateAndGet(139)) - a82ad0ea-641b-4ac2-b933-a1a26b5fe742: start a82ad0ea-641b-4ac2-b933-a1a26b5fe742@group-E694C42C06C7-FollowerState
2023-05-17 09:09:15,464 [a82ad0ea-641b-4ac2-b933-a1a26b5fe742@group-E694C42C06C7-FollowerState] INFO  impl.FollowerState (FollowerState.java:run(152)) - a82ad0ea-641b-4ac2-b933-a1a26b5fe742@group-E694C42C06C7-FollowerState was interrupted
2023-05-17 09:09:15,465 [grpc-default-executor-5] INFO  server.RaftServer$Division (RaftServerImpl.java:requestVote(1302)) - f1b6f36b-e7af-48b8-b739-38f78676889c@group-E694C42C06C7: receive requestVote(ELECTION, 4ea9b805-d843-4364-8f91-0c3c20e3ed71, group-E694C42C06C7, 1, (t:0, i:0))
2023-05-17 09:09:15,465 [grpc-default-executor-5] INFO  impl.VoteContext (VoteContext.java:log(49)) - f1b6f36b-e7af-48b8-b739-38f78676889c@group-E694C42C06C7-FOLLOWER: accept ELECTION from 4ea9b805-d843-4364-8f91-0c3c20e3ed71: our priority 0 <= candidate's priority 1
2023-05-17 09:09:15,466 [grpc-default-executor-5] INFO  server.RaftServer$Division (RaftServerImpl.java:setRole(329)) - f1b6f36b-e7af-48b8-b739-38f78676889c@group-E694C42C06C7: changes role from  FOLLOWER to FOLLOWER at term 1 for candidate:4ea9b805-d843-4364-8f91-0c3c20e3ed71
2023-05-17 09:09:15,466 [grpc-default-executor-5] INFO  impl.RoleInfo (RoleInfo.java:shutdownFollowerState(110)) - f1b6f36b-e7af-48b8-b739-38f78676889c: shutdown f1b6f36b-e7af-48b8-b739-38f78676889c@group-E694C42C06C7-FollowerState
2023-05-17 09:09:15,466 [grpc-default-executor-2] INFO  server.RaftServer$Division (RaftServerImpl.java:requestVote(1302)) - f1b6f36b-e7af-48b8-b739-38f78676889c@group-E694C42C06C7: receive requestVote(PRE_VOTE, 4ea9b805-d843-4364-8f91-0c3c20e3ed71, group-E694C42C06C7, 0, (t:0, i:0))
2023-05-17 09:09:15,475 [grpc-default-executor-3] INFO  server.RaftServer$Division (RaftServerImpl.java:requestVote(1335)) - a82ad0ea-641b-4ac2-b933-a1a26b5fe742@group-E694C42C06C7 replies to ELECTION vote request: 4ea9b805-d843-4364-8f91-0c3c20e3ed71<-a82ad0ea-641b-4ac2-b933-a1a26b5fe742#0:OK-t1. Peer's state: a82ad0ea-641b-4ac2-b933-a1a26b5fe742@group-E694C42C06C7:t1, leader=null, voted=4ea9b805-d843-4364-8f91-0c3c20e3ed71, raftlog=Memoized:a82ad0ea-641b-4ac2-b933-a1a26b5fe742@group-E694C42C06C7-SegmentedRaftLog:OPENED:c-1, conf=-1: peers:[4ea9b805-d843-4364-8f91-0c3c20e3ed71|rpc:10.1.0.64:15101|admin:10.1.0.64:15100|client:10.1.0.64:15099|dataStream:10.1.0.64:15102|priority:1|startupRole:FOLLOWER, f1b6f36b-e7af-48b8-b739-38f78676889c|rpc:10.1.0.64:15093|admin:10.1.0.64:15092|client:10.1.0.64:15091|dataStream:10.1.0.64:15094|priority:0|startupRole:FOLLOWER, a82ad0ea-641b-4ac2-b933-a1a26b5fe742|rpc:10.1.0.64:15085|admin:10.1.0.64:15084|client:10.1.0.64:15083|dataStream:10.1.0.64:15086|priority:0|startupRole:FOLLOWER]|listeners:[], old=null
2023-05-17 09:09:15,476 [4ea9b805-d843-4364-8f91-0c3c20e3ed71@group-E694C42C06C7-LeaderElection26] INFO  impl.LeaderElection (LeaderElection.java:logAndReturn(90)) - 4ea9b805-d843-4364-8f91-0c3c20e3ed71@group-E694C42C06C7-LeaderElection26: ELECTION PASSED received 1 response(s) and 0 exception(s):
2023-05-17 09:09:15,476 [4ea9b805-d843-4364-8f91-0c3c20e3ed71@group-E694C42C06C7-LeaderElection26] INFO  impl.LeaderElection (LeaderElection.java:logAndReturn(94)) -   Response 0: 4ea9b805-d843-4364-8f91-0c3c20e3ed71<-a82ad0ea-641b-4ac2-b933-a1a26b5fe742#0:OK-t1
2023-05-17 09:09:15,476 [4ea9b805-d843-4364-8f91-0c3c20e3ed71@group-E694C42C06C7-LeaderElection26] INFO  impl.LeaderElection (LeaderElection.java:askForVotes(323)) - 4ea9b805-d843-4364-8f91-0c3c20e3ed71@group-E694C42C06C7-LeaderElection26 ELECTION round 0: result PASSED
2023-05-17 09:09:15,476 [4ea9b805-d843-4364-8f91-0c3c20e3ed71@group-E694C42C06C7-LeaderElection26] INFO  impl.RoleInfo (RoleInfo.java:shutdownLeaderElection(130)) - 4ea9b805-d843-4364-8f91-0c3c20e3ed71: shutdown 4ea9b805-d843-4364-8f91-0c3c20e3ed71@group-E694C42C06C7-LeaderElection26
2023-05-17 09:09:15,476 [4ea9b805-d843-4364-8f91-0c3c20e3ed71@group-E694C42C06C7-LeaderElection26] INFO  server.RaftServer$Division (RaftServerImpl.java:setRole(329)) - 4ea9b805-d843-4364-8f91-0c3c20e3ed71@group-E694C42C06C7: changes role from CANDIDATE to LEADER at term 1 for changeToLeader
2023-05-17 09:09:15,476 [4ea9b805-d843-4364-8f91-0c3c20e3ed71@group-E694C42C06C7-LeaderElection26] INFO  ratis.XceiverServerRatis (XceiverServerRatis.java:handleLeaderChangedNotification(904)) - Leader change notification received for group: group-E694C42C06C7 with new leaderId: 4ea9b805-d843-4364-8f91-0c3c20e3ed71
2023-05-17 09:09:15,476 [4ea9b805-d843-4364-8f91-0c3c20e3ed71@group-E694C42C06C7-LeaderElection26] INFO  server.RaftServer$Division (ServerState.java:setLeader(317)) - 4ea9b805-d843-4364-8f91-0c3c20e3ed71@group-E694C42C06C7: change Leader from null to 4ea9b805-d843-4364-8f91-0c3c20e3ed71 at term 1 for becomeLeader, leader elected after 5282ms
2023-05-17 09:09:15,477 [4ea9b805-d843-4364-8f91-0c3c20e3ed71@group-E694C42C06C7-LeaderElection26] INFO  server.RaftServerConfigKeys (ConfUtils.java:logGet(46)) - raft.server.staging.catchup.gap = 1000 (default)
2023-05-17 09:09:15,477 [4ea9b805-d843-4364-8f91-0c3c20e3ed71@group-E694C42C06C7-LeaderElection26] INFO  server.RaftServerConfigKeys (ConfUtils.java:logGet(46)) - raft.server.write.element-limit = 1024 (custom)
2023-05-17 09:09:15,477 [4ea9b805-d843-4364-8f91-0c3c20e3ed71@group-E694C42C06C7-LeaderElection26] INFO  server.RaftServerConfigKeys (ConfUtils.java:logGet(46)) - raft.server.write.byte-limit = 1024 M (=1073741824) (custom)
2023-05-17 09:09:15,477 [4ea9b805-d843-4364-8f91-0c3c20e3ed71@group-E694C42C06C7-LeaderElection26] INFO  server.RaftServerConfigKeys (ConfUtils.java:logGet(46)) - raft.server.watch.timeout = 180s (custom)
2023-05-17 09:09:15,477 [4ea9b805-d843-4364-8f91-0c3c20e3ed71@group-E694C42C06C7-LeaderElection26] INFO  server.RaftServerConfigKeys (ConfUtils.java:logGet(46)) - raft.server.watch.timeout.denomination = 1s (default)
2023-05-17 09:09:15,477 [4ea9b805-d843-4364-8f91-0c3c20e3ed71@group-E694C42C06C7-LeaderElection26] INFO  server.RaftServerConfigKeys (ConfUtils.java:logGet(46)) - raft.server.watch.element-limit = 65536 (default)
2023-05-17 09:09:15,477 [4ea9b805-d843-4364-8f91-0c3c20e3ed71@group-E694C42C06C7-LeaderElection26] INFO  server.RaftServerConfigKeys (ConfUtils.java:logGet(46)) - raft.server.write.element-limit = 1024 (custom)
2023-05-17 09:09:15,478 [4ea9b805-d843-4364-8f91-0c3c20e3ed71@group-E694C42C06C7-LeaderElection26] INFO  server.RaftServerConfigKeys (ConfUtils.java:logGet(46)) - raft.server.write.follower.gap.ratio.max = -1.0 (default)
2023-05-17 09:09:15,478 [4ea9b805-d843-4364-8f91-0c3c20e3ed71@group-E694C42C06C7-LeaderElection26] INFO  server.RaftServerConfigKeys (ConfUtils.java:logGet(46)) - raft.server.log.appender.snapshot.chunk.size.max = 16MB (=16777216) (default)
2023-05-17 09:09:15,478 [4ea9b805-d843-4364-8f91-0c3c20e3ed71@group-E694C42C06C7-LeaderElection26] INFO  server.RaftServerConfigKeys (ConfUtils.java:logGet(46)) - raft.server.log.appender.buffer.byte-limit = 33554432 (custom)
2023-05-17 09:09:15,478 [4ea9b805-d843-4364-8f91-0c3c20e3ed71@group-E694C42C06C7-LeaderElection26] INFO  server.RaftServerConfigKeys (ConfUtils.java:logGet(46)) - raft.server.log.appender.buffer.element-limit = 1 (custom)
2023-05-17 09:09:15,478 [4ea9b805-d843-4364-8f91-0c3c20e3ed71@group-E694C42C06C7-LeaderElection26] INFO  server.RaftServerConfigKeys (ConfUtils.java:logGet(46)) - raft.server.log.appender.wait-time.min = 10ms (default)
2023-05-17 09:09:15,478 [4ea9b805-d843-4364-8f91-0c3c20e3ed71@group-E694C42C06C7-LeaderElection26] INFO  grpc.GrpcConfigKeys (ConfUtils.java:logGet(46)) - raft.grpc.server.leader.outstanding.appends.max = 128 (default)
2023-05-17 09:09:15,478 [4ea9b805-d843-4364-8f91-0c3c20e3ed71@group-E694C42C06C7-LeaderElection26] INFO  server.RaftServerConfigKeys (ConfUtils.java:logGet(46)) - raft.server.rpc.request.timeout = 60s (custom)
2023-05-17 09:09:15,478 [4ea9b805-d843-4364-8f91-0c3c20e3ed71@group-E694C42C06C7-LeaderElection26] INFO  grpc.GrpcConfigKeys (ConfUtils.java:logGet(46)) - raft.grpc.server.install_snapshot.request.element-limit = 8 (default)
2023-05-17 09:09:15,478 [4ea9b805-d843-4364-8f91-0c3c20e3ed71@group-E694C42C06C7-LeaderElection26] INFO  grpc.GrpcConfigKeys (ConfUtils.java:logGet(46)) - raft.grpc.server.install_snapshot.request.timeout = 3000ms (default)
2023-05-17 09:09:15,479 [4ea9b805-d843-4364-8f91-0c3c20e3ed71@group-E694C42C06C7-LeaderElection26] INFO  server.RaftServerConfigKeys (ConfUtils.java:logGet(46)) - raft.server.log.appender.install.snapshot.enabled = false (custom)
2023-05-17 09:09:15,479 [4ea9b805-d843-4364-8f91-0c3c20e3ed71@group-E694C42C06C7-LeaderElection26] INFO  grpc.GrpcConfigKeys (ConfUtils.java:logGet(46)) - raft.grpc.server.heartbeat.channel = true (default)
2023-05-17 09:09:15,479 [4ea9b805-d843-4364-8f91-0c3c20e3ed71@group-E694C42C06C7-LeaderElection26] INFO  server.RaftServerConfigKeys (ConfUtils.java:logGet(46)) - raft.server.log.appender.snapshot.chunk.size.max = 16MB (=16777216) (default)
2023-05-17 09:09:15,479 [4ea9b805-d843-4364-8f91-0c3c20e3ed71@group-E694C42C06C7-LeaderElection26] INFO  server.RaftServerConfigKeys (ConfUtils.java:logGet(46)) - raft.server.log.appender.buffer.byte-limit = 33554432 (custom)
2023-05-17 09:09:15,479 [4ea9b805-d843-4364-8f91-0c3c20e3ed71@group-E694C42C06C7-LeaderElection26] INFO  server.RaftServerConfigKeys (ConfUtils.java:logGet(46)) - raft.server.log.appender.buffer.element-limit = 1 (custom)
2023-05-17 09:09:15,479 [4ea9b805-d843-4364-8f91-0c3c20e3ed71@group-E694C42C06C7-LeaderElection26] INFO  server.RaftServerConfigKeys (ConfUtils.java:logGet(46)) - raft.server.log.appender.wait-time.min = 10ms (default)
2023-05-17 09:09:15,479 [4ea9b805-d843-4364-8f91-0c3c20e3ed71@group-E694C42C06C7-LeaderElection26] INFO  grpc.GrpcConfigKeys (ConfUtils.java:logGet(46)) - raft.grpc.server.leader.outstanding.appends.max = 128 (default)
2023-05-17 09:09:15,480 [4ea9b805-d843-4364-8f91-0c3c20e3ed71@group-E694C42C06C7-LeaderElection26] INFO  server.RaftServerConfigKeys (ConfUtils.java:logGet(46)) - raft.server.rpc.request.timeout = 60s (custom)
2023-05-17 09:09:15,480 [4ea9b805-d843-4364-8f91-0c3c20e3ed71@group-E694C42C06C7-LeaderElection26] INFO  grpc.GrpcConfigKeys (ConfUtils.java:logGet(46)) - raft.grpc.server.install_snapshot.request.element-limit = 8 (default)
2023-05-17 09:09:15,480 [4ea9b805-d843-4364-8f91-0c3c20e3ed71@group-E694C42C06C7-LeaderElection26] INFO  grpc.GrpcConfigKeys (ConfUtils.java:logGet(46)) - raft.grpc.server.install_snapshot.request.timeout = 3000ms (default)
2023-05-17 09:09:15,480 [4ea9b805-d843-4364-8f91-0c3c20e3ed71@group-E694C42C06C7-LeaderElection26] INFO  server.RaftServerConfigKeys (ConfUtils.java:logGet(46)) - raft.server.log.appender.install.snapshot.enabled = false (custom)
2023-05-17 09:09:15,480 [4ea9b805-d843-4364-8f91-0c3c20e3ed71@group-E694C42C06C7-LeaderElection26] INFO  grpc.GrpcConfigKeys (ConfUtils.java:logGet(46)) - raft.grpc.server.heartbeat.channel = true (default)
2023-05-17 09:09:15,480 [4ea9b805-d843-4364-8f91-0c3c20e3ed71@group-E694C42C06C7-LeaderElection26] INFO  impl.RoleInfo (RoleInfo.java:updateAndGet(139)) - 4ea9b805-d843-4364-8f91-0c3c20e3ed71: start 4ea9b805-d843-4364-8f91-0c3c20e3ed71@group-E694C42C06C7-LeaderStateImpl
2023-05-17 09:09:15,480 [grpc-default-executor-5] INFO  impl.RoleInfo (RoleInfo.java:updateAndGet(139)) - f1b6f36b-e7af-48b8-b739-38f78676889c: start f1b6f36b-e7af-48b8-b739-38f78676889c@group-E694C42C06C7-FollowerState
2023-05-17 09:09:15,480 [4ea9b805-d843-4364-8f91-0c3c20e3ed71@group-E694C42C06C7-LeaderElection26] INFO  segmented.SegmentedRaftLogWorker (SegmentedRaftLogWorker.java:startLogSegment(447)) - 4ea9b805-d843-4364-8f91-0c3c20e3ed71@group-E694C42C06C7-SegmentedRaftLogWorker: Starting segment from index:0
2023-05-17 09:09:15,480 [f1b6f36b-e7af-48b8-b739-38f78676889c@group-E694C42C06C7-FollowerState] INFO  impl.FollowerState (FollowerState.java:run(152)) - f1b6f36b-e7af-48b8-b739-38f78676889c@group-E694C42C06C7-FollowerState was interrupted
2023-05-17 09:09:15,481 [EventQueue-PipelineReportForPipelineReportHandler] INFO  pipeline.PipelineManagerImpl (PipelineManagerImpl.java:openPipeline(367)) - Pipeline Pipeline[ Id: 73870f87-6117-452d-ba11-e694c42c06c7, Nodes: f1b6f36b-e7af-48b8-b739-38f78676889c(fv-az41-747.zje5jq5y5x4uznwvdkgxk4wc2h.cx.internal.cloudapp.net/10.1.0.64)4ea9b805-d843-4364-8f91-0c3c20e3ed71(fv-az41-747.zje5jq5y5x4uznwvdkgxk4wc2h.cx.internal.cloudapp.net/10.1.0.64)a82ad0ea-641b-4ac2-b933-a1a26b5fe742(fv-az41-747.zje5jq5y5x4uznwvdkgxk4wc2h.cx.internal.cloudapp.net/10.1.0.64), ReplicationConfig: RATIS/THREE, State:ALLOCATED, leaderId:4ea9b805-d843-4364-8f91-0c3c20e3ed71, CreationTimestamp2023-05-17T09:09:07.658Z[Etc/UTC]] moved to OPEN state
2023-05-17 09:09:15,487 [4ea9b805-d843-4364-8f91-0c3c20e3ed71@group-E694C42C06C7-SegmentedRaftLogWorker] INFO  segmented.SegmentedRaftLogWorker (SegmentedRaftLogWorker.java:execute(651)) - 4ea9b805-d843-4364-8f91-0c3c20e3ed71@group-E694C42C06C7-SegmentedRaftLogWorker: created new log segment /home/runner/work/ozone/ozone/hadoop-ozone/integration-test/target/test-dir/MiniOzoneClusterImpl-21d14123-a168-44a2-bc0a-ee93e32dcc9b/datanode-11/data/ratis/73870f87-6117-452d-ba11-e694c42c06c7/current/log_inprogress_0
2023-05-17 09:09:15,489 [4ea9b805-d843-4364-8f91-0c3c20e3ed71@group-E694C42C06C7-LeaderElection26] INFO  server.RaftServer$Division (ServerState.java:setRaftConf(434)) - 4ea9b805-d843-4364-8f91-0c3c20e3ed71@group-E694C42C06C7: set configuration 0: peers:[4ea9b805-d843-4364-8f91-0c3c20e3ed71|rpc:10.1.0.64:15101|admin:10.1.0.64:15100|client:10.1.0.64:15099|dataStream:10.1.0.64:15102|priority:1|startupRole:FOLLOWER, f1b6f36b-e7af-48b8-b739-38f78676889c|rpc:10.1.0.64:15093|admin:10.1.0.64:15092|client:10.1.0.64:15091|dataStream:10.1.0.64:15094|priority:0|startupRole:FOLLOWER, a82ad0ea-641b-4ac2-b933-a1a26b5fe742|rpc:10.1.0.64:15085|admin:10.1.0.64:15084|client:10.1.0.64:15083|dataStream:10.1.0.64:15086|priority:0|startupRole:FOLLOWER]|listeners:[], old=null
2023-05-17 09:09:15,489 [grpc-default-executor-5] INFO  server.RaftServer$Division (RaftServerImpl.java:requestVote(1335)) - f1b6f36b-e7af-48b8-b739-38f78676889c@group-E694C42C06C7 replies to ELECTION vote request: 4ea9b805-d843-4364-8f91-0c3c20e3ed71<-f1b6f36b-e7af-48b8-b739-38f78676889c#0:OK-t1. Peer's state: f1b6f36b-e7af-48b8-b739-38f78676889c@group-E694C42C06C7:t1, leader=null, voted=4ea9b805-d843-4364-8f91-0c3c20e3ed71, raftlog=Memoized:f1b6f36b-e7af-48b8-b739-38f78676889c@group-E694C42C06C7-SegmentedRaftLog:OPENED:c-1, conf=-1: peers:[4ea9b805-d843-4364-8f91-0c3c20e3ed71|rpc:10.1.0.64:15101|admin:10.1.0.64:15100|client:10.1.0.64:15099|dataStream:10.1.0.64:15102|priority:1|startupRole:FOLLOWER, f1b6f36b-e7af-48b8-b739-38f78676889c|rpc:10.1.0.64:15093|admin:10.1.0.64:15092|client:10.1.0.64:15091|dataStream:10.1.0.64:15094|priority:0|startupRole:FOLLOWER, a82ad0ea-641b-4ac2-b933-a1a26b5fe742|rpc:10.1.0.64:15085|admin:10.1.0.64:15084|client:10.1.0.64:15083|dataStream:10.1.0.64:15086|priority:0|startupRole:FOLLOWER]|listeners:[], old=null
2023-05-17 09:09:15,490 [grpc-default-executor-2] INFO  impl.VoteContext (VoteContext.java:log(49)) - f1b6f36b-e7af-48b8-b739-38f78676889c@group-E694C42C06C7-FOLLOWER: accept PRE_VOTE from 4ea9b805-d843-4364-8f91-0c3c20e3ed71: our priority 0 <= candidate's priority 1
2023-05-17 09:09:15,490 [grpc-default-executor-2] INFO  server.RaftServer$Division (RaftServerImpl.java:requestVote(1335)) - f1b6f36b-e7af-48b8-b739-38f78676889c@group-E694C42C06C7 replies to PRE_VOTE vote request: 4ea9b805-d843-4364-8f91-0c3c20e3ed71<-f1b6f36b-e7af-48b8-b739-38f78676889c#0:OK-t1. Peer's state: f1b6f36b-e7af-48b8-b739-38f78676889c@group-E694C42C06C7:t1, leader=null, voted=4ea9b805-d843-4364-8f91-0c3c20e3ed71, raftlog=Memoized:f1b6f36b-e7af-48b8-b739-38f78676889c@group-E694C42C06C7-SegmentedRaftLog:OPENED:c-1, conf=-1: peers:[4ea9b805-d843-4364-8f91-0c3c20e3ed71|rpc:10.1.0.64:15101|admin:10.1.0.64:15100|client:10.1.0.64:15099|dataStream:10.1.0.64:15102|priority:1|startupRole:FOLLOWER, f1b6f36b-e7af-48b8-b739-38f78676889c|rpc:10.1.0.64:15093|admin:10.1.0.64:15092|client:10.1.0.64:15091|dataStream:10.1.0.64:15094|priority:0|startupRole:FOLLOWER, a82ad0ea-641b-4ac2-b933-a1a26b5fe742|rpc:10.1.0.64:15085|admin:10.1.0.64:15084|client:10.1.0.64:15083|dataStream:10.1.0.64:15086|priority:0|startupRole:FOLLOWER]|listeners:[], old=null
2023-05-17 09:09:15,510 [f1b6f36b-e7af-48b8-b739-38f78676889c-server-thread1] INFO  ratis.XceiverServerRatis (XceiverServerRatis.java:handleLeaderChangedNotification(904)) - Leader change notification received for group: group-E694C42C06C7 with new leaderId: 4ea9b805-d843-4364-8f91-0c3c20e3ed71
2023-05-17 09:09:15,510 [f1b6f36b-e7af-48b8-b739-38f78676889c-server-thread1] INFO  server.RaftServer$Division (ServerState.java:setLeader(317)) - f1b6f36b-e7af-48b8-b739-38f78676889c@group-E694C42C06C7: change Leader from null to 4ea9b805-d843-4364-8f91-0c3c20e3ed71 at term 1 for appendEntries, leader elected after 5435ms
2023-05-17 09:09:15,511 [f1b6f36b-e7af-48b8-b739-38f78676889c-server-thread2] INFO  server.RaftServer$Division (ServerState.java:setRaftConf(434)) - f1b6f36b-e7af-48b8-b739-38f78676889c@group-E694C42C06C7: set configuration 0: peers:[4ea9b805-d843-4364-8f91-0c3c20e3ed71|rpc:10.1.0.64:15101|admin:10.1.0.64:15100|client:10.1.0.64:15099|dataStream:10.1.0.64:15102|priority:1|startupRole:FOLLOWER, f1b6f36b-e7af-48b8-b739-38f78676889c|rpc:10.1.0.64:15093|admin:10.1.0.64:15092|client:10.1.0.64:15091|dataStream:10.1.0.64:15094|priority:0|startupRole:FOLLOWER, a82ad0ea-641b-4ac2-b933-a1a26b5fe742|rpc:10.1.0.64:15085|admin:10.1.0.64:15084|client:10.1.0.64:15083|dataStream:10.1.0.64:15086|priority:0|startupRole:FOLLOWER]|listeners:[], old=null
2023-05-17 09:09:15,511 [f1b6f36b-e7af-48b8-b739-38f78676889c-server-thread2] INFO  segmented.SegmentedRaftLogWorker (SegmentedRaftLogWorker.java:startLogSegment(447)) - f1b6f36b-e7af-48b8-b739-38f78676889c@group-E694C42C06C7-SegmentedRaftLogWorker: Starting segment from index:0
2023-05-17 09:09:15,512 [a82ad0ea-641b-4ac2-b933-a1a26b5fe742-server-thread1] INFO  ratis.XceiverServerRatis (XceiverServerRatis.java:handleLeaderChangedNotification(904)) - Leader change notification received for group: group-E694C42C06C7 with new leaderId: 4ea9b805-d843-4364-8f91-0c3c20e3ed71
2023-05-17 09:09:15,512 [a82ad0ea-641b-4ac2-b933-a1a26b5fe742-server-thread1] INFO  server.RaftServer$Division (ServerState.java:setLeader(317)) - a82ad0ea-641b-4ac2-b933-a1a26b5fe742@group-E694C42C06C7: change Leader from null to 4ea9b805-d843-4364-8f91-0c3c20e3ed71 at term 1 for appendEntries, leader elected after 5497ms
2023-05-17 09:09:15,515 [a82ad0ea-641b-4ac2-b933-a1a26b5fe742-server-thread1] INFO  server.RaftServer$Division (ServerState.java:setRaftConf(434)) - a82ad0ea-641b-4ac2-b933-a1a26b5fe742@group-E694C42C06C7: set configuration 0: peers:[4ea9b805-d843-4364-8f91-0c3c20e3ed71|rpc:10.1.0.64:15101|admin:10.1.0.64:15100|client:10.1.0.64:15099|dataStream:10.1.0.64:15102|priority:1|startupRole:FOLLOWER, f1b6f36b-e7af-48b8-b739-38f78676889c|rpc:10.1.0.64:15093|admin:10.1.0.64:15092|client:10.1.0.64:15091|dataStream:10.1.0.64:15094|priority:0|startupRole:FOLLOWER, a82ad0ea-641b-4ac2-b933-a1a26b5fe742|rpc:10.1.0.64:15085|admin:10.1.0.64:15084|client:10.1.0.64:15083|dataStream:10.1.0.64:15086|priority:0|startupRole:FOLLOWER]|listeners:[], old=null
2023-05-17 09:09:15,516 [a82ad0ea-641b-4ac2-b933-a1a26b5fe742-server-thread1] INFO  segmented.SegmentedRaftLogWorker (SegmentedRaftLogWorker.java:startLogSegment(447)) - a82ad0ea-641b-4ac2-b933-a1a26b5fe742@group-E694C42C06C7-SegmentedRaftLogWorker: Starting segment from index:0
2023-05-17 09:09:15,516 [f1b6f36b-e7af-48b8-b739-38f78676889c@group-E694C42C06C7-SegmentedRaftLogWorker] INFO  segmented.SegmentedRaftLogWorker (SegmentedRaftLogWorker.java:execute(651)) - f1b6f36b-e7af-48b8-b739-38f78676889c@group-E694C42C06C7-SegmentedRaftLogWorker: created new log segment /home/runner/work/ozone/ozone/hadoop-ozone/integration-test/target/test-dir/MiniOzoneClusterImpl-21d14123-a168-44a2-bc0a-ee93e32dcc9b/datanode-10/data/ratis/73870f87-6117-452d-ba11-e694c42c06c7/current/log_inprogress_0
2023-05-17 09:09:15,517 [a82ad0ea-641b-4ac2-b933-a1a26b5fe742@group-E694C42C06C7-SegmentedRaftLogWorker] INFO  segmented.SegmentedRaftLogWorker (SegmentedRaftLogWorker.java:execute(651)) - a82ad0ea-641b-4ac2-b933-a1a26b5fe742@group-E694C42C06C7-SegmentedRaftLogWorker: created new log segment /home/runner/work/ozone/ozone/hadoop-ozone/integration-test/target/test-dir/MiniOzoneClusterImpl-21d14123-a168-44a2-bc0a-ee93e32dcc9b/datanode-9/data/ratis/73870f87-6117-452d-ba11-e694c42c06c7/current/log_inprogress_0
2023-05-17 09:09:15,741 [4ea9b805-d843-4364-8f91-0c3c20e3ed71@group-8FB84FAB7D0D-FollowerState] INFO  impl.FollowerState (FollowerState.java:run(143)) - 4ea9b805-d843-4364-8f91-0c3c20e3ed71@group-8FB84FAB7D0D-FollowerState: change to CANDIDATE, lastRpcElapsedTime:5064910048ns, electionTimeout:5062ms
2023-05-17 09:09:15,741 [4ea9b805-d843-4364-8f91-0c3c20e3ed71@group-8FB84FAB7D0D-FollowerState] INFO  impl.RoleInfo (RoleInfo.java:shutdownFollowerState(110)) - 4ea9b805-d843-4364-8f91-0c3c20e3ed71: shutdown 4ea9b805-d843-4364-8f91-0c3c20e3ed71@group-8FB84FAB7D0D-FollowerState
2023-05-17 09:09:15,742 [4ea9b805-d843-4364-8f91-0c3c20e3ed71@group-8FB84FAB7D0D-FollowerState] INFO  server.RaftServer$Division (RaftServerImpl.java:setRole(329)) - 4ea9b805-d843-4364-8f91-0c3c20e3ed71@group-8FB84FAB7D0D: changes role from  FOLLOWER to CANDIDATE at term 0 for changeToCandidate
2023-05-17 09:09:15,742 [4ea9b805-d843-4364-8f91-0c3c20e3ed71@group-8FB84FAB7D0D-FollowerState] INFO  server.RaftServerConfigKeys (ConfUtils.java:logGet(46)) - raft.server.leaderelection.pre-vote = true (default)
2023-05-17 09:09:15,742 [4ea9b805-d843-4364-8f91-0c3c20e3ed71@group-8FB84FAB7D0D-FollowerState] INFO  impl.RoleInfo (RoleInfo.java:updateAndGet(139)) - 4ea9b805-d843-4364-8f91-0c3c20e3ed71: start 4ea9b805-d843-4364-8f91-0c3c20e3ed71@group-8FB84FAB7D0D-LeaderElection27
2023-05-17 09:09:15,744 [4ea9b805-d843-4364-8f91-0c3c20e3ed71@group-8FB84FAB7D0D-LeaderElection27] INFO  impl.LeaderElection (LeaderElection.java:askForVotes(321)) - 4ea9b805-d843-4364-8f91-0c3c20e3ed71@group-8FB84FAB7D0D-LeaderElection27 PRE_VOTE round 0: submit vote requests at term 0 for -1: peers:[4ea9b805-d843-4364-8f91-0c3c20e3ed71|rpc:10.1.0.64:15101|admin:10.1.0.64:15100|client:10.1.0.64:15099|dataStream:10.1.0.64:15102|priority:1|startupRole:FOLLOWER]|listeners:[], old=null
2023-05-17 09:09:15,744 [4ea9b805-d843-4364-8f91-0c3c20e3ed71@group-8FB84FAB7D0D-LeaderElection27] INFO  impl.LeaderElection (LeaderElection.java:askForVotes(323)) - 4ea9b805-d843-4364-8f91-0c3c20e3ed71@group-8FB84FAB7D0D-LeaderElection27 PRE_VOTE round 0: result PASSED (term=0)
2023-05-17 09:09:15,757 [4ea9b805-d843-4364-8f91-0c3c20e3ed71@group-8FB84FAB7D0D-LeaderElection27] INFO  impl.LeaderElection (LeaderElection.java:askForVotes(321)) - 4ea9b805-d843-4364-8f91-0c3c20e3ed71@group-8FB84FAB7D0D-LeaderElection27 ELECTION round 0: submit vote requests at term 1 for -1: peers:[4ea9b805-d843-4364-8f91-0c3c20e3ed71|rpc:10.1.0.64:15101|admin:10.1.0.64:15100|client:10.1.0.64:15099|dataStream:10.1.0.64:15102|priority:1|startupRole:FOLLOWER]|listeners:[], old=null
2023-05-17 09:09:15,758 [4ea9b805-d843-4364-8f91-0c3c20e3ed71@group-8FB84FAB7D0D-LeaderElection27] INFO  impl.LeaderElection (LeaderElection.java:askForVotes(323)) - 4ea9b805-d843-4364-8f91-0c3c20e3ed71@group-8FB84FAB7D0D-LeaderElection27 ELECTION round 0: result PASSED (term=1)
2023-05-17 09:09:15,758 [4ea9b805-d843-4364-8f91-0c3c20e3ed71@group-8FB84FAB7D0D-LeaderElection27] INFO  impl.RoleInfo (RoleInfo.java:shutdownLeaderElection(130)) - 4ea9b805-d843-4364-8f91-0c3c20e3ed71: shutdown 4ea9b805-d843-4364-8f91-0c3c20e3ed71@group-8FB84FAB7D0D-LeaderElection27
2023-05-17 09:09:15,758 [4ea9b805-d843-4364-8f91-0c3c20e3ed71@group-8FB84FAB7D0D-LeaderElection27] INFO  server.RaftServer$Division (RaftServerImpl.java:setRole(329)) - 4ea9b805-d843-4364-8f91-0c3c20e3ed71@group-8FB84FAB7D0D: changes role from CANDIDATE to LEADER at term 1 for changeToLeader
2023-05-17 09:09:15,758 [4ea9b805-d843-4364-8f91-0c3c20e3ed71@group-8FB84FAB7D0D-LeaderElection27] INFO  ratis.XceiverServerRatis (XceiverServerRatis.java:handleLeaderChangedNotification(904)) - Leader change notification received for group: group-8FB84FAB7D0D with new leaderId: 4ea9b805-d843-4364-8f91-0c3c20e3ed71
2023-05-17 09:09:15,758 [4ea9b805-d843-4364-8f91-0c3c20e3ed71@group-8FB84FAB7D0D-LeaderElection27] INFO  server.RaftServer$Division (ServerState.java:setLeader(317)) - 4ea9b805-d843-4364-8f91-0c3c20e3ed71@group-8FB84FAB7D0D: change Leader from null to 4ea9b805-d843-4364-8f91-0c3c20e3ed71 at term 1 for becomeLeader, leader elected after 5100ms
2023-05-17 09:09:15,762 [4ea9b805-d843-4364-8f91-0c3c20e3ed71@group-8FB84FAB7D0D-LeaderElection27] INFO  server.RaftServerConfigKeys (ConfUtils.java:logGet(46)) - raft.server.staging.catchup.gap = 1000 (default)
2023-05-17 09:09:15,762 [4ea9b805-d843-4364-8f91-0c3c20e3ed71@group-8FB84FAB7D0D-LeaderElection27] INFO  server.RaftServerConfigKeys (ConfUtils.java:logGet(46)) - raft.server.write.element-limit = 1024 (custom)
2023-05-17 09:09:15,762 [4ea9b805-d843-4364-8f91-0c3c20e3ed71@group-8FB84FAB7D0D-LeaderElection27] INFO  server.RaftServerConfigKeys (ConfUtils.java:logGet(46)) - raft.server.write.byte-limit = 1024 M (=1073741824) (custom)
2023-05-17 09:09:15,763 [4ea9b805-d843-4364-8f91-0c3c20e3ed71@group-8FB84FAB7D0D-LeaderElection27] INFO  server.RaftServerConfigKeys (ConfUtils.java:logGet(46)) - raft.server.watch.timeout = 180s (custom)
2023-05-17 09:09:15,763 [4ea9b805-d843-4364-8f91-0c3c20e3ed71@group-8FB84FAB7D0D-LeaderElection27] INFO  server.RaftServerConfigKeys (ConfUtils.java:logGet(46)) - raft.server.watch.timeout.denomination = 1s (default)
2023-05-17 09:09:15,765 [4ea9b805-d843-4364-8f91-0c3c20e3ed71@group-8FB84FAB7D0D-LeaderElection27] INFO  server.RaftServerConfigKeys (ConfUtils.java:logGet(46)) - raft.server.watch.element-limit = 65536 (default)
2023-05-17 09:09:15,765 [4ea9b805-d843-4364-8f91-0c3c20e3ed71@group-8FB84FAB7D0D-LeaderElection27] INFO  server.RaftServerConfigKeys (ConfUtils.java:logGet(46)) - raft.server.write.element-limit = 1024 (custom)
2023-05-17 09:09:15,765 [4ea9b805-d843-4364-8f91-0c3c20e3ed71@group-8FB84FAB7D0D-LeaderElection27] INFO  server.RaftServerConfigKeys (ConfUtils.java:logGet(46)) - raft.server.write.follower.gap.ratio.max = -1.0 (default)
2023-05-17 09:09:15,765 [4ea9b805-d843-4364-8f91-0c3c20e3ed71@group-8FB84FAB7D0D-LeaderElection27] INFO  impl.RoleInfo (RoleInfo.java:updateAndGet(139)) - 4ea9b805-d843-4364-8f91-0c3c20e3ed71: start 4ea9b805-d843-4364-8f91-0c3c20e3ed71@group-8FB84FAB7D0D-LeaderStateImpl
2023-05-17 09:09:15,765 [4ea9b805-d843-4364-8f91-0c3c20e3ed71@group-8FB84FAB7D0D-LeaderElection27] INFO  segmented.SegmentedRaftLogWorker (SegmentedRaftLogWorker.java:startLogSegment(447)) - 4ea9b805-d843-4364-8f91-0c3c20e3ed71@group-8FB84FAB7D0D-SegmentedRaftLogWorker: Starting segment from index:0
2023-05-17 09:09:15,766 [4ea9b805-d843-4364-8f91-0c3c20e3ed71@group-8FB84FAB7D0D-LeaderElection27] INFO  server.RaftServer$Division (ServerState.java:setRaftConf(434)) - 4ea9b805-d843-4364-8f91-0c3c20e3ed71@group-8FB84FAB7D0D: set configuration 0: peers:[4ea9b805-d843-4364-8f91-0c3c20e3ed71|rpc:10.1.0.64:15101|admin:10.1.0.64:15100|client:10.1.0.64:15099|dataStream:10.1.0.64:15102|priority:1|startupRole:FOLLOWER]|listeners:[], old=null
2023-05-17 09:09:15,767 [4ea9b805-d843-4364-8f91-0c3c20e3ed71@group-8FB84FAB7D0D-SegmentedRaftLogWorker] INFO  segmented.SegmentedRaftLogWorker (SegmentedRaftLogWorker.java:execute(651)) - 4ea9b805-d843-4364-8f91-0c3c20e3ed71@group-8FB84FAB7D0D-SegmentedRaftLogWorker: created new log segment /home/runner/work/ozone/ozone/hadoop-ozone/integration-test/target/test-dir/MiniOzoneClusterImpl-21d14123-a168-44a2-bc0a-ee93e32dcc9b/datanode-11/data/ratis/de5b0980-4904-4a94-9d72-8fb84fab7d0d/current/log_inprogress_0
2023-05-17 09:09:15,896 [84eda2eb-aea9-437c-8414-760cea80ce07@group-3DC33AB96AA1-FollowerState] INFO  impl.FollowerState (FollowerState.java:run(143)) - 84eda2eb-aea9-437c-8414-760cea80ce07@group-3DC33AB96AA1-FollowerState: change to CANDIDATE, lastRpcElapsedTime:5143676995ns, electionTimeout:5143ms
2023-05-17 09:09:15,896 [84eda2eb-aea9-437c-8414-760cea80ce07@group-3DC33AB96AA1-FollowerState] INFO  impl.RoleInfo (RoleInfo.java:shutdownFollowerState(110)) - 84eda2eb-aea9-437c-8414-760cea80ce07: shutdown 84eda2eb-aea9-437c-8414-760cea80ce07@group-3DC33AB96AA1-FollowerState
2023-05-17 09:09:15,896 [84eda2eb-aea9-437c-8414-760cea80ce07@group-3DC33AB96AA1-FollowerState] INFO  server.RaftServer$Division (RaftServerImpl.java:setRole(329)) - 84eda2eb-aea9-437c-8414-760cea80ce07@group-3DC33AB96AA1: changes role from  FOLLOWER to CANDIDATE at term 0 for changeToCandidate
2023-05-17 09:09:15,896 [84eda2eb-aea9-437c-8414-760cea80ce07@group-3DC33AB96AA1-FollowerState] INFO  server.RaftServerConfigKeys (ConfUtils.java:logGet(46)) - raft.server.leaderelection.pre-vote = true (default)
2023-05-17 09:09:15,896 [84eda2eb-aea9-437c-8414-760cea80ce07@group-3DC33AB96AA1-FollowerState] INFO  impl.RoleInfo (RoleInfo.java:updateAndGet(139)) - 84eda2eb-aea9-437c-8414-760cea80ce07: start 84eda2eb-aea9-437c-8414-760cea80ce07@group-3DC33AB96AA1-LeaderElection28
2023-05-17 09:09:15,900 [84eda2eb-aea9-437c-8414-760cea80ce07@group-3DC33AB96AA1-LeaderElection28] INFO  impl.LeaderElection (LeaderElection.java:askForVotes(321)) - 84eda2eb-aea9-437c-8414-760cea80ce07@group-3DC33AB96AA1-LeaderElection28 PRE_VOTE round 0: submit vote requests at term 0 for -1: peers:[84eda2eb-aea9-437c-8414-760cea80ce07|rpc:10.1.0.64:15109|admin:10.1.0.64:15108|client:10.1.0.64:15107|dataStream:10.1.0.64:15110|priority:1|startupRole:FOLLOWER]|listeners:[], old=null
2023-05-17 09:09:15,900 [84eda2eb-aea9-437c-8414-760cea80ce07@group-3DC33AB96AA1-LeaderElection28] INFO  impl.LeaderElection (LeaderElection.java:askForVotes(323)) - 84eda2eb-aea9-437c-8414-760cea80ce07@group-3DC33AB96AA1-LeaderElection28 PRE_VOTE round 0: result PASSED (term=0)
2023-05-17 09:09:15,902 [84eda2eb-aea9-437c-8414-760cea80ce07@group-3DC33AB96AA1-LeaderElection28] INFO  impl.LeaderElection (LeaderElection.java:askForVotes(321)) - 84eda2eb-aea9-437c-8414-760cea80ce07@group-3DC33AB96AA1-LeaderElection28 ELECTION round 0: submit vote requests at term 1 for -1: peers:[84eda2eb-aea9-437c-8414-760cea80ce07|rpc:10.1.0.64:15109|admin:10.1.0.64:15108|client:10.1.0.64:15107|dataStream:10.1.0.64:15110|priority:1|startupRole:FOLLOWER]|listeners:[], old=null
2023-05-17 09:09:15,902 [84eda2eb-aea9-437c-8414-760cea80ce07@group-3DC33AB96AA1-LeaderElection28] INFO  impl.LeaderElection (LeaderElection.java:askForVotes(323)) - 84eda2eb-aea9-437c-8414-760cea80ce07@group-3DC33AB96AA1-LeaderElection28 ELECTION round 0: result PASSED (term=1)
2023-05-17 09:09:15,902 [84eda2eb-aea9-437c-8414-760cea80ce07@group-3DC33AB96AA1-LeaderElection28] INFO  impl.RoleInfo (RoleInfo.java:shutdownLeaderElection(130)) - 84eda2eb-aea9-437c-8414-760cea80ce07: shutdown 84eda2eb-aea9-437c-8414-760cea80ce07@group-3DC33AB96AA1-LeaderElection28
2023-05-17 09:09:15,902 [84eda2eb-aea9-437c-8414-760cea80ce07@group-3DC33AB96AA1-LeaderElection28] INFO  server.RaftServer$Division (RaftServerImpl.java:setRole(329)) - 84eda2eb-aea9-437c-8414-760cea80ce07@group-3DC33AB96AA1: changes role from CANDIDATE to LEADER at term 1 for changeToLeader
2023-05-17 09:09:15,902 [84eda2eb-aea9-437c-8414-760cea80ce07@group-3DC33AB96AA1-LeaderElection28] INFO  ratis.XceiverServerRatis (XceiverServerRatis.java:handleLeaderChangedNotification(904)) - Leader change notification received for group: group-3DC33AB96AA1 with new leaderId: 84eda2eb-aea9-437c-8414-760cea80ce07
2023-05-17 09:09:15,903 [84eda2eb-aea9-437c-8414-760cea80ce07@group-3DC33AB96AA1-LeaderElection28] INFO  server.RaftServer$Division (ServerState.java:setLeader(317)) - 84eda2eb-aea9-437c-8414-760cea80ce07@group-3DC33AB96AA1: change Leader from null to 84eda2eb-aea9-437c-8414-760cea80ce07 at term 1 for becomeLeader, leader elected after 5170ms
2023-05-17 09:09:15,903 [84eda2eb-aea9-437c-8414-760cea80ce07@group-3DC33AB96AA1-LeaderElection28] INFO  server.RaftServerConfigKeys (ConfUtils.java:logGet(46)) - raft.server.staging.catchup.gap = 1000 (default)
2023-05-17 09:09:15,903 [84eda2eb-aea9-437c-8414-760cea80ce07@group-3DC33AB96AA1-LeaderElection28] INFO  server.RaftServerConfigKeys (ConfUtils.java:logGet(46)) - raft.server.write.element-limit = 1024 (custom)
2023-05-17 09:09:15,903 [84eda2eb-aea9-437c-8414-760cea80ce07@group-3DC33AB96AA1-LeaderElection28] INFO  server.RaftServerConfigKeys (ConfUtils.java:logGet(46)) - raft.server.write.byte-limit = 1024 M (=1073741824) (custom)
2023-05-17 09:09:15,904 [84eda2eb-aea9-437c-8414-760cea80ce07@group-3DC33AB96AA1-LeaderElection28] INFO  server.RaftServerConfigKeys (ConfUtils.java:logGet(46)) - raft.server.watch.timeout = 180s (custom)
2023-05-17 09:09:15,904 [84eda2eb-aea9-437c-8414-760cea80ce07@group-3DC33AB96AA1-LeaderElection28] INFO  server.RaftServerConfigKeys (ConfUtils.java:logGet(46)) - raft.server.watch.timeout.denomination = 1s (default)
2023-05-17 09:09:15,904 [84eda2eb-aea9-437c-8414-760cea80ce07@group-3DC33AB96AA1-LeaderElection28] INFO  server.RaftServerConfigKeys (ConfUtils.java:logGet(46)) - raft.server.watch.element-limit = 65536 (default)
2023-05-17 09:09:15,904 [84eda2eb-aea9-437c-8414-760cea80ce07@group-3DC33AB96AA1-LeaderElection28] INFO  server.RaftServerConfigKeys (ConfUtils.java:logGet(46)) - raft.server.write.element-limit = 1024 (custom)
2023-05-17 09:09:15,904 [84eda2eb-aea9-437c-8414-760cea80ce07@group-3DC33AB96AA1-LeaderElection28] INFO  server.RaftServerConfigKeys (ConfUtils.java:logGet(46)) - raft.server.write.follower.gap.ratio.max = -1.0 (default)
2023-05-17 09:09:15,904 [84eda2eb-aea9-437c-8414-760cea80ce07@group-3DC33AB96AA1-LeaderElection28] INFO  impl.RoleInfo (RoleInfo.java:updateAndGet(139)) - 84eda2eb-aea9-437c-8414-760cea80ce07: start 84eda2eb-aea9-437c-8414-760cea80ce07@group-3DC33AB96AA1-LeaderStateImpl
2023-05-17 09:09:15,904 [84eda2eb-aea9-437c-8414-760cea80ce07@group-3DC33AB96AA1-LeaderElection28] INFO  segmented.SegmentedRaftLogWorker (SegmentedRaftLogWorker.java:startLogSegment(447)) - 84eda2eb-aea9-437c-8414-760cea80ce07@group-3DC33AB96AA1-SegmentedRaftLogWorker: Starting segment from index:0
2023-05-17 09:09:15,905 [84eda2eb-aea9-437c-8414-760cea80ce07@group-3DC33AB96AA1-LeaderElection28] INFO  server.RaftServer$Division (ServerState.java:setRaftConf(434)) - 84eda2eb-aea9-437c-8414-760cea80ce07@group-3DC33AB96AA1: set configuration 0: peers:[84eda2eb-aea9-437c-8414-760cea80ce07|rpc:10.1.0.64:15109|admin:10.1.0.64:15108|client:10.1.0.64:15107|dataStream:10.1.0.64:15110|priority:1|startupRole:FOLLOWER]|listeners:[], old=null
2023-05-17 09:09:15,906 [84eda2eb-aea9-437c-8414-760cea80ce07@group-3DC33AB96AA1-SegmentedRaftLogWorker] INFO  segmented.SegmentedRaftLogWorker (SegmentedRaftLogWorker.java:execute(651)) - 84eda2eb-aea9-437c-8414-760cea80ce07@group-3DC33AB96AA1-SegmentedRaftLogWorker: created new log segment /home/runner/work/ozone/ozone/hadoop-ozone/integration-test/target/test-dir/MiniOzoneClusterImpl-21d14123-a168-44a2-bc0a-ee93e32dcc9b/datanode-12/data/ratis/4171af09-b793-421d-adf6-3dc33ab96aa1/current/log_inprogress_0
2023-05-17 09:09:16,788 [67f04e2a-34cd-4ea0-b74b-c8cb5d6f4ea5@group-2664BBECD281-FollowerState] INFO  impl.FollowerState (FollowerState.java:run(143)) - 67f04e2a-34cd-4ea0-b74b-c8cb5d6f4ea5@group-2664BBECD281-FollowerState: change to CANDIDATE, lastRpcElapsedTime:10544952362ns, electionTimeout:5048ms
2023-05-17 09:09:16,788 [67f04e2a-34cd-4ea0-b74b-c8cb5d6f4ea5@group-2664BBECD281-FollowerState] INFO  impl.RoleInfo (RoleInfo.java:shutdownFollowerState(110)) - 67f04e2a-34cd-4ea0-b74b-c8cb5d6f4ea5: shutdown 67f04e2a-34cd-4ea0-b74b-c8cb5d6f4ea5@group-2664BBECD281-FollowerState
2023-05-17 09:09:16,788 [67f04e2a-34cd-4ea0-b74b-c8cb5d6f4ea5@group-2664BBECD281-FollowerState] INFO  server.RaftServer$Division (RaftServerImpl.java:setRole(329)) - 67f04e2a-34cd-4ea0-b74b-c8cb5d6f4ea5@group-2664BBECD281: changes role from  FOLLOWER to CANDIDATE at term 0 for changeToCandidate
2023-05-17 09:09:16,789 [67f04e2a-34cd-4ea0-b74b-c8cb5d6f4ea5@group-2664BBECD281-FollowerState] INFO  server.RaftServerConfigKeys (ConfUtils.java:logGet(46)) - raft.server.leaderelection.pre-vote = true (default)
2023-05-17 09:09:16,789 [67f04e2a-34cd-4ea0-b74b-c8cb5d6f4ea5@group-2664BBECD281-FollowerState] INFO  impl.RoleInfo (RoleInfo.java:updateAndGet(139)) - 67f04e2a-34cd-4ea0-b74b-c8cb5d6f4ea5: start 67f04e2a-34cd-4ea0-b74b-c8cb5d6f4ea5@group-2664BBECD281-LeaderElection29
2023-05-17 09:09:16,795 [67f04e2a-34cd-4ea0-b74b-c8cb5d6f4ea5@group-2664BBECD281-LeaderElection29] INFO  impl.LeaderElection (LeaderElection.java:askForVotes(321)) - 67f04e2a-34cd-4ea0-b74b-c8cb5d6f4ea5@group-2664BBECD281-LeaderElection29 PRE_VOTE round 0: submit vote requests at term 0 for -1: peers:[67f04e2a-34cd-4ea0-b74b-c8cb5d6f4ea5|rpc:10.1.0.64:15013|admin:10.1.0.64:15012|client:10.1.0.64:15011|dataStream:10.1.0.64:15014|priority:1|startupRole:FOLLOWER]|listeners:[], old=null
2023-05-17 09:09:16,795 [67f04e2a-34cd-4ea0-b74b-c8cb5d6f4ea5@group-2664BBECD281-LeaderElection29] INFO  impl.LeaderElection (LeaderElection.java:askForVotes(323)) - 67f04e2a-34cd-4ea0-b74b-c8cb5d6f4ea5@group-2664BBECD281-LeaderElection29 PRE_VOTE round 0: result PASSED (term=0)
2023-05-17 09:09:16,797 [67f04e2a-34cd-4ea0-b74b-c8cb5d6f4ea5@group-2664BBECD281-LeaderElection29] INFO  impl.LeaderElection (LeaderElection.java:askForVotes(321)) - 67f04e2a-34cd-4ea0-b74b-c8cb5d6f4ea5@group-2664BBECD281-LeaderElection29 ELECTION round 0: submit vote requests at term 1 for -1: peers:[67f04e2a-34cd-4ea0-b74b-c8cb5d6f4ea5|rpc:10.1.0.64:15013|admin:10.1.0.64:15012|client:10.1.0.64:15011|dataStream:10.1.0.64:15014|priority:1|startupRole:FOLLOWER]|listeners:[], old=null
2023-05-17 09:09:16,797 [67f04e2a-34cd-4ea0-b74b-c8cb5d6f4ea5@group-2664BBECD281-LeaderElection29] INFO  impl.LeaderElection (LeaderElection.java:askForVotes(323)) - 67f04e2a-34cd-4ea0-b74b-c8cb5d6f4ea5@group-2664BBECD281-LeaderElection29 ELECTION round 0: result PASSED (term=1)
2023-05-17 09:09:16,797 [67f04e2a-34cd-4ea0-b74b-c8cb5d6f4ea5@group-2664BBECD281-LeaderElection29] INFO  impl.RoleInfo (RoleInfo.java:shutdownLeaderElection(130)) - 67f04e2a-34cd-4ea0-b74b-c8cb5d6f4ea5: shutdown 67f04e2a-34cd-4ea0-b74b-c8cb5d6f4ea5@group-2664BBECD281-LeaderElection29
2023-05-17 09:09:16,797 [67f04e2a-34cd-4ea0-b74b-c8cb5d6f4ea5@group-2664BBECD281-LeaderElection29] INFO  server.RaftServer$Division (RaftServerImpl.java:setRole(329)) - 67f04e2a-34cd-4ea0-b74b-c8cb5d6f4ea5@group-2664BBECD281: changes role from CANDIDATE to LEADER at term 1 for changeToLeader
2023-05-17 09:09:16,797 [67f04e2a-34cd-4ea0-b74b-c8cb5d6f4ea5@group-2664BBECD281-LeaderElection29] INFO  ratis.XceiverServerRatis (XceiverServerRatis.java:handleLeaderChangedNotification(904)) - Leader change notification received for group: group-2664BBECD281 with new leaderId: 67f04e2a-34cd-4ea0-b74b-c8cb5d6f4ea5
2023-05-17 09:09:16,797 [67f04e2a-34cd-4ea0-b74b-c8cb5d6f4ea5@group-2664BBECD281-LeaderElection29] INFO  server.RaftServer$Division (ServerState.java:setLeader(317)) - 67f04e2a-34cd-4ea0-b74b-c8cb5d6f4ea5@group-2664BBECD281: change Leader from null to 67f04e2a-34cd-4ea0-b74b-c8cb5d6f4ea5 at term 1 for becomeLeader, leader elected after 10644ms
2023-05-17 09:09:16,797 [67f04e2a-34cd-4ea0-b74b-c8cb5d6f4ea5@group-2664BBECD281-LeaderElection29] INFO  server.RaftServerConfigKeys (ConfUtils.java:logGet(46)) - raft.server.staging.catchup.gap = 1000 (default)
2023-05-17 09:09:16,797 [67f04e2a-34cd-4ea0-b74b-c8cb5d6f4ea5@group-2664BBECD281-LeaderElection29] INFO  server.RaftServerConfigKeys (ConfUtils.java:logGet(46)) - raft.server.write.element-limit = 1024 (custom)
2023-05-17 09:09:16,797 [67f04e2a-34cd-4ea0-b74b-c8cb5d6f4ea5@group-2664BBECD281-LeaderElection29] INFO  server.RaftServerConfigKeys (ConfUtils.java:logGet(46)) - raft.server.write.byte-limit = 1024 M (=1073741824) (custom)
2023-05-17 09:09:16,798 [67f04e2a-34cd-4ea0-b74b-c8cb5d6f4ea5@group-2664BBECD281-LeaderElection29] INFO  server.RaftServerConfigKeys (ConfUtils.java:logGet(46)) - raft.server.watch.timeout = 180s (custom)
2023-05-17 09:09:16,799 [67f04e2a-34cd-4ea0-b74b-c8cb5d6f4ea5@group-2664BBECD281-LeaderElection29] INFO  server.RaftServerConfigKeys (ConfUtils.java:logGet(46)) - raft.server.watch.timeout.denomination = 1s (default)
2023-05-17 09:09:16,799 [67f04e2a-34cd-4ea0-b74b-c8cb5d6f4ea5@group-2664BBECD281-LeaderElection29] INFO  server.RaftServerConfigKeys (ConfUtils.java:logGet(46)) - raft.server.watch.element-limit = 65536 (default)
2023-05-17 09:09:16,799 [67f04e2a-34cd-4ea0-b74b-c8cb5d6f4ea5@group-2664BBECD281-LeaderElection29] INFO  server.RaftServerConfigKeys (ConfUtils.java:logGet(46)) - raft.server.write.element-limit = 1024 (custom)
2023-05-17 09:09:16,799 [67f04e2a-34cd-4ea0-b74b-c8cb5d6f4ea5@group-2664BBECD281-LeaderElection29] INFO  server.RaftServerConfigKeys (ConfUtils.java:logGet(46)) - raft.server.write.follower.gap.ratio.max = -1.0 (default)
2023-05-17 09:09:16,799 [67f04e2a-34cd-4ea0-b74b-c8cb5d6f4ea5@group-2664BBECD281-LeaderElection29] INFO  impl.RoleInfo (RoleInfo.java:updateAndGet(139)) - 67f04e2a-34cd-4ea0-b74b-c8cb5d6f4ea5: start 67f04e2a-34cd-4ea0-b74b-c8cb5d6f4ea5@group-2664BBECD281-LeaderStateImpl
2023-05-17 09:09:16,799 [67f04e2a-34cd-4ea0-b74b-c8cb5d6f4ea5@group-2664BBECD281-LeaderElection29] INFO  segmented.SegmentedRaftLogWorker (SegmentedRaftLogWorker.java:startLogSegment(447)) - 67f04e2a-34cd-4ea0-b74b-c8cb5d6f4ea5@group-2664BBECD281-SegmentedRaftLogWorker: Starting segment from index:0
2023-05-17 09:09:16,800 [67f04e2a-34cd-4ea0-b74b-c8cb5d6f4ea5@group-2664BBECD281-LeaderElection29] INFO  server.RaftServer$Division (ServerState.java:setRaftConf(434)) - 67f04e2a-34cd-4ea0-b74b-c8cb5d6f4ea5@group-2664BBECD281: set configuration 0: peers:[67f04e2a-34cd-4ea0-b74b-c8cb5d6f4ea5|rpc:10.1.0.64:15013|admin:10.1.0.64:15012|client:10.1.0.64:15011|dataStream:10.1.0.64:15014|priority:1|startupRole:FOLLOWER]|listeners:[], old=null
2023-05-17 09:09:16,801 [67f04e2a-34cd-4ea0-b74b-c8cb5d6f4ea5@group-2664BBECD281-SegmentedRaftLogWorker] INFO  segmented.SegmentedRaftLogWorker (SegmentedRaftLogWorker.java:execute(651)) - 67f04e2a-34cd-4ea0-b74b-c8cb5d6f4ea5@group-2664BBECD281-SegmentedRaftLogWorker: created new log segment /home/runner/work/ozone/ozone/hadoop-ozone/integration-test/target/test-dir/MiniOzoneClusterImpl-21d14123-a168-44a2-bc0a-ee93e32dcc9b/datanode-0/data/ratis/51182364-abf3-40eb-b9a7-2664bbecd281/current/log_inprogress_0
2023-05-17 09:09:16,882 [5b11b4e3-e601-4d3f-be34-f92c0e1a86f6@group-C54F32ED35C2-FollowerState] INFO  impl.FollowerState (FollowerState.java:run(143)) - 5b11b4e3-e601-4d3f-be34-f92c0e1a86f6@group-C54F32ED35C2-FollowerState: change to CANDIDATE, lastRpcElapsedTime:5106594031ns, electionTimeout:5105ms
2023-05-17 09:09:16,883 [5b11b4e3-e601-4d3f-be34-f92c0e1a86f6@group-C54F32ED35C2-FollowerState] INFO  impl.RoleInfo (RoleInfo.java:shutdownFollowerState(110)) - 5b11b4e3-e601-4d3f-be34-f92c0e1a86f6: shutdown 5b11b4e3-e601-4d3f-be34-f92c0e1a86f6@group-C54F32ED35C2-FollowerState
2023-05-17 09:09:16,883 [5b11b4e3-e601-4d3f-be34-f92c0e1a86f6@group-C54F32ED35C2-FollowerState] INFO  server.RaftServer$Division (RaftServerImpl.java:setRole(329)) - 5b11b4e3-e601-4d3f-be34-f92c0e1a86f6@group-C54F32ED35C2: changes role from  FOLLOWER to CANDIDATE at term 0 for changeToCandidate
2023-05-17 09:09:16,883 [5b11b4e3-e601-4d3f-be34-f92c0e1a86f6@group-C54F32ED35C2-FollowerState] INFO  server.RaftServerConfigKeys (ConfUtils.java:logGet(46)) - raft.server.leaderelection.pre-vote = true (default)
2023-05-17 09:09:16,883 [5b11b4e3-e601-4d3f-be34-f92c0e1a86f6@group-C54F32ED35C2-FollowerState] INFO  impl.RoleInfo (RoleInfo.java:updateAndGet(139)) - 5b11b4e3-e601-4d3f-be34-f92c0e1a86f6: start 5b11b4e3-e601-4d3f-be34-f92c0e1a86f6@group-C54F32ED35C2-LeaderElection30
2023-05-17 09:09:16,883 [5b11b4e3-e601-4d3f-be34-f92c0e1a86f6@group-C54F32ED35C2-LeaderElection30] INFO  impl.LeaderElection (LeaderElection.java:askForVotes(321)) - 5b11b4e3-e601-4d3f-be34-f92c0e1a86f6@group-C54F32ED35C2-LeaderElection30 PRE_VOTE round 0: submit vote requests at term 0 for -1: peers:[5b11b4e3-e601-4d3f-be34-f92c0e1a86f6|rpc:10.1.0.64:15117|admin:10.1.0.64:15116|client:10.1.0.64:15115|dataStream:10.1.0.64:15118|priority:1|startupRole:FOLLOWER]|listeners:[], old=null
2023-05-17 09:09:16,883 [5b11b4e3-e601-4d3f-be34-f92c0e1a86f6@group-C54F32ED35C2-LeaderElection30] INFO  impl.LeaderElection (LeaderElection.java:askForVotes(323)) - 5b11b4e3-e601-4d3f-be34-f92c0e1a86f6@group-C54F32ED35C2-LeaderElection30 PRE_VOTE round 0: result PASSED (term=0)
2023-05-17 09:09:16,885 [5b11b4e3-e601-4d3f-be34-f92c0e1a86f6@group-C54F32ED35C2-LeaderElection30] INFO  impl.LeaderElection (LeaderElection.java:askForVotes(321)) - 5b11b4e3-e601-4d3f-be34-f92c0e1a86f6@group-C54F32ED35C2-LeaderElection30 ELECTION round 0: submit vote requests at term 1 for -1: peers:[5b11b4e3-e601-4d3f-be34-f92c0e1a86f6|rpc:10.1.0.64:15117|admin:10.1.0.64:15116|client:10.1.0.64:15115|dataStream:10.1.0.64:15118|priority:1|startupRole:FOLLOWER]|listeners:[], old=null
2023-05-17 09:09:16,885 [5b11b4e3-e601-4d3f-be34-f92c0e1a86f6@group-C54F32ED35C2-LeaderElection30] INFO  impl.LeaderElection (LeaderElection.java:askForVotes(323)) - 5b11b4e3-e601-4d3f-be34-f92c0e1a86f6@group-C54F32ED35C2-LeaderElection30 ELECTION round 0: result PASSED (term=1)
2023-05-17 09:09:16,885 [5b11b4e3-e601-4d3f-be34-f92c0e1a86f6@group-C54F32ED35C2-LeaderElection30] INFO  impl.RoleInfo (RoleInfo.java:shutdownLeaderElection(130)) - 5b11b4e3-e601-4d3f-be34-f92c0e1a86f6: shutdown 5b11b4e3-e601-4d3f-be34-f92c0e1a86f6@group-C54F32ED35C2-LeaderElection30
2023-05-17 09:09:16,885 [5b11b4e3-e601-4d3f-be34-f92c0e1a86f6@group-C54F32ED35C2-LeaderElection30] INFO  server.RaftServer$Division (RaftServerImpl.java:setRole(329)) - 5b11b4e3-e601-4d3f-be34-f92c0e1a86f6@group-C54F32ED35C2: changes role from CANDIDATE to LEADER at term 1 for changeToLeader
2023-05-17 09:09:16,885 [5b11b4e3-e601-4d3f-be34-f92c0e1a86f6@group-C54F32ED35C2-LeaderElection30] INFO  ratis.XceiverServerRatis (XceiverServerRatis.java:handleLeaderChangedNotification(904)) - Leader change notification received for group: group-C54F32ED35C2 with new leaderId: 5b11b4e3-e601-4d3f-be34-f92c0e1a86f6
2023-05-17 09:09:16,885 [5b11b4e3-e601-4d3f-be34-f92c0e1a86f6@group-C54F32ED35C2-LeaderElection30] INFO  server.RaftServer$Division (ServerState.java:setLeader(317)) - 5b11b4e3-e601-4d3f-be34-f92c0e1a86f6@group-C54F32ED35C2: change Leader from null to 5b11b4e3-e601-4d3f-be34-f92c0e1a86f6 at term 1 for becomeLeader, leader elected after 5787ms
2023-05-17 09:09:16,885 [5b11b4e3-e601-4d3f-be34-f92c0e1a86f6@group-C54F32ED35C2-LeaderElection30] INFO  server.RaftServerConfigKeys (ConfUtils.java:logGet(46)) - raft.server.staging.catchup.gap = 1000 (default)
2023-05-17 09:09:16,886 [5b11b4e3-e601-4d3f-be34-f92c0e1a86f6@group-C54F32ED35C2-LeaderElection30] INFO  server.RaftServerConfigKeys (ConfUtils.java:logGet(46)) - raft.server.write.element-limit = 1024 (custom)
2023-05-17 09:09:16,886 [5b11b4e3-e601-4d3f-be34-f92c0e1a86f6@group-C54F32ED35C2-LeaderElection30] INFO  server.RaftServerConfigKeys (ConfUtils.java:logGet(46)) - raft.server.write.byte-limit = 1024 M (=1073741824) (custom)
2023-05-17 09:09:16,886 [5b11b4e3-e601-4d3f-be34-f92c0e1a86f6@group-C54F32ED35C2-LeaderElection30] INFO  server.RaftServerConfigKeys (ConfUtils.java:logGet(46)) - raft.server.watch.timeout = 180s (custom)
2023-05-17 09:09:16,886 [5b11b4e3-e601-4d3f-be34-f92c0e1a86f6@group-C54F32ED35C2-LeaderElection30] INFO  server.RaftServerConfigKeys (ConfUtils.java:logGet(46)) - raft.server.watch.timeout.denomination = 1s (default)
2023-05-17 09:09:16,886 [5b11b4e3-e601-4d3f-be34-f92c0e1a86f6@group-C54F32ED35C2-LeaderElection30] INFO  server.RaftServerConfigKeys (ConfUtils.java:logGet(46)) - raft.server.watch.element-limit = 65536 (default)
2023-05-17 09:09:16,886 [5b11b4e3-e601-4d3f-be34-f92c0e1a86f6@group-C54F32ED35C2-LeaderElection30] INFO  server.RaftServerConfigKeys (ConfUtils.java:logGet(46)) - raft.server.write.element-limit = 1024 (custom)
2023-05-17 09:09:16,886 [5b11b4e3-e601-4d3f-be34-f92c0e1a86f6@group-C54F32ED35C2-LeaderElection30] INFO  server.RaftServerConfigKeys (ConfUtils.java:logGet(46)) - raft.server.write.follower.gap.ratio.max = -1.0 (default)
2023-05-17 09:09:16,886 [5b11b4e3-e601-4d3f-be34-f92c0e1a86f6@group-C54F32ED35C2-LeaderElection30] INFO  impl.RoleInfo (RoleInfo.java:updateAndGet(139)) - 5b11b4e3-e601-4d3f-be34-f92c0e1a86f6: start 5b11b4e3-e601-4d3f-be34-f92c0e1a86f6@group-C54F32ED35C2-LeaderStateImpl
2023-05-17 09:09:16,887 [5b11b4e3-e601-4d3f-be34-f92c0e1a86f6@group-C54F32ED35C2-LeaderElection30] INFO  segmented.SegmentedRaftLogWorker (SegmentedRaftLogWorker.java:startLogSegment(447)) - 5b11b4e3-e601-4d3f-be34-f92c0e1a86f6@group-C54F32ED35C2-SegmentedRaftLogWorker: Starting segment from index:0
2023-05-17 09:09:16,888 [5b11b4e3-e601-4d3f-be34-f92c0e1a86f6@group-C54F32ED35C2-LeaderElection30] INFO  server.RaftServer$Division (ServerState.java:setRaftConf(434)) - 5b11b4e3-e601-4d3f-be34-f92c0e1a86f6@group-C54F32ED35C2: set configuration 0: peers:[5b11b4e3-e601-4d3f-be34-f92c0e1a86f6|rpc:10.1.0.64:15117|admin:10.1.0.64:15116|client:10.1.0.64:15115|dataStream:10.1.0.64:15118|priority:1|startupRole:FOLLOWER]|listeners:[], old=null
2023-05-17 09:09:16,888 [5b11b4e3-e601-4d3f-be34-f92c0e1a86f6@group-C54F32ED35C2-SegmentedRaftLogWorker] INFO  segmented.SegmentedRaftLogWorker (SegmentedRaftLogWorker.java:execute(651)) - 5b11b4e3-e601-4d3f-be34-f92c0e1a86f6@group-C54F32ED35C2-SegmentedRaftLogWorker: created new log segment /home/runner/work/ozone/ozone/hadoop-ozone/integration-test/target/test-dir/MiniOzoneClusterImpl-21d14123-a168-44a2-bc0a-ee93e32dcc9b/datanode-13/data/ratis/33fa0edf-ed91-4038-93a3-c54f32ed35c2/current/log_inprogress_0
]]></system-out>
  </testcase>
  <testcase name="bucketUsedBytesOverWrite(BucketLayout)[3]" classname="org.apache.hadoop.ozone.client.rpc.TestSecureOzoneRpcClient" time="0.16">
    <system-out><![CDATA[2023-05-17 09:09:22,370 [Listener at 127.0.0.1/15004] INFO  rpc.RpcClient (RpcClient.java:createVolume(476)) - Creating Volume: 248a9db5-c0c1-4964-9cf8-510e883754c7, with runner as owner and space quota set to -1 bytes, counts quota set to -1
2023-05-17 09:09:22,374 [OM StateMachine ApplyTransaction Thread - 0] INFO  volume.OMVolumeCreateRequest (OMVolumeCreateRequest.java:validateAndUpdateCache(196)) - created volume:248a9db5-c0c1-4964-9cf8-510e883754c7 for user:runner
2023-05-17 09:09:22,377 [Listener at 127.0.0.1/15004] INFO  rpc.RpcClient (RpcClient.java:createBucket(698)) - Creating Bucket: 248a9db5-c0c1-4964-9cf8-510e883754c7/bbafa373-0f7b-4901-aa63-cce2ae82c30e, with bucket layout FILE_SYSTEM_OPTIMIZED, runner as owner, Versioning true, Storage Type set to DISK and Encryption set to false, Replication Type set to server-side default replication type, Namespace Quota set to -1, Space Quota set to -1 
2023-05-17 09:09:22,384 [OM StateMachine ApplyTransaction Thread - 0] INFO  bucket.OMBucketCreateRequest (OMBucketCreateRequest.java:validateAndUpdateCache(270)) - created bucket: bbafa373-0f7b-4901-aa63-cce2ae82c30e of layout FILE_SYSTEM_OPTIMIZED in volume: 248a9db5-c0c1-4964-9cf8-510e883754c7
]]></system-out>
  </testcase>
  <testcase name="testAbortUploadFail" classname="org.apache.hadoop.ozone.client.rpc.TestSecureOzoneRpcClient" time="0.049">
    <system-out><![CDATA[2023-05-17 09:09:22,532 [Listener at 127.0.0.1/15004] INFO  rpc.RpcClient (RpcClient.java:createVolume(476)) - Creating Volume: 765e2a45-6f82-45a6-9135-6419b348f546, with runner as owner and space quota set to -1 bytes, counts quota set to -1
2023-05-17 09:09:22,536 [OM StateMachine ApplyTransaction Thread - 0] INFO  volume.OMVolumeCreateRequest (OMVolumeCreateRequest.java:validateAndUpdateCache(196)) - created volume:765e2a45-6f82-45a6-9135-6419b348f546 for user:runner
2023-05-17 09:09:22,540 [Listener at 127.0.0.1/15004] INFO  rpc.RpcClient (RpcClient.java:createBucket(698)) - Creating Bucket: 765e2a45-6f82-45a6-9135-6419b348f546/3274b1ff-afdc-4678-8f89-7704da5123dd, with server-side default bucket layout, runner as owner, Versioning false, Storage Type set to DISK and Encryption set to false, Replication Type set to server-side default replication type, Namespace Quota set to -1, Space Quota set to -1 
2023-05-17 09:09:22,544 [OM StateMachine ApplyTransaction Thread - 0] INFO  bucket.OMBucketCreateRequest (OMBucketCreateRequest.java:validateAndUpdateCache(270)) - created bucket: 3274b1ff-afdc-4678-8f89-7704da5123dd of layout OBJECT_STORE in volume: 765e2a45-6f82-45a6-9135-6419b348f546
09:09:22.560 [OM StateMachine ApplyTransaction Thread - 0] ERROR OMAudit - user=runner | ip=127.0.0.1 | op=ABORT_MULTIPART_UPLOAD {volume=765e2a45-6f82-45a6-9135-6419b348f546, bucket=3274b1ff-afdc-4678-8f89-7704da5123dd, key=daab6727-3f28-4046-8cc5-785482f8e95c, dataSize=0, replicationType=NONE, replicationFactor=ZERO} | ret=FAILURE
org.apache.hadoop.ozone.om.exceptions.OMException: Abort Multipart Upload Failed: volume: 765e2a45-6f82-45a6-9135-6419b348f546bucket: 3274b1ff-afdc-4678-8f89-7704da5123ddkey: daab6727-3f28-4046-8cc5-785482f8e95c
	at org.apache.hadoop.ozone.om.request.s3.multipart.S3MultipartUploadAbortRequest.validateAndUpdateCache(S3MultipartUploadAbortRequest.java:160) ~[ozone-manager-1.4.0-SNAPSHOT.jar:?]
	at org.apache.hadoop.ozone.protocolPB.OzoneManagerRequestHandler.handleWriteRequest(OzoneManagerRequestHandler.java:337) ~[ozone-manager-1.4.0-SNAPSHOT.jar:?]
	at org.apache.hadoop.ozone.om.ratis.OzoneManagerStateMachine.runCommand(OzoneManagerStateMachine.java:567) ~[ozone-manager-1.4.0-SNAPSHOT.jar:?]
	at org.apache.hadoop.ozone.om.ratis.OzoneManagerStateMachine.lambda$1(OzoneManagerStateMachine.java:358) ~[ozone-manager-1.4.0-SNAPSHOT.jar:?]
	at java.util.concurrent.CompletableFuture$AsyncSupply.run(CompletableFuture.java:1604) [?:1.8.0_362]
	at java.util.concurrent.ThreadPoolExecutor.runWorker(ThreadPoolExecutor.java:1149) [?:1.8.0_362]
	at java.util.concurrent.ThreadPoolExecutor$Worker.run(ThreadPoolExecutor.java:624) [?:1.8.0_362]
	at java.lang.Thread.run(Thread.java:750) [?:1.8.0_362]
2023-05-17 09:09:22,578 [OM StateMachine ApplyTransaction Thread - 0] ERROR multipart.S3MultipartUploadAbortRequest (S3MultipartUploadAbortRequest.java:validateAndUpdateCache(223)) - Abort Multipart request is failed for KeyName daab6727-3f28-4046-8cc5-785482f8e95c in VolumeName/Bucket 765e2a45-6f82-45a6-9135-6419b348f546/3274b1ff-afdc-4678-8f89-7704da5123dd
NO_SUCH_MULTIPART_UPLOAD_ERROR org.apache.hadoop.ozone.om.exceptions.OMException: Abort Multipart Upload Failed: volume: 765e2a45-6f82-45a6-9135-6419b348f546bucket: 3274b1ff-afdc-4678-8f89-7704da5123ddkey: daab6727-3f28-4046-8cc5-785482f8e95c
	at org.apache.hadoop.ozone.om.request.s3.multipart.S3MultipartUploadAbortRequest.validateAndUpdateCache(S3MultipartUploadAbortRequest.java:160)
	at org.apache.hadoop.ozone.protocolPB.OzoneManagerRequestHandler.handleWriteRequest(OzoneManagerRequestHandler.java:337)
	at org.apache.hadoop.ozone.om.ratis.OzoneManagerStateMachine.runCommand(OzoneManagerStateMachine.java:567)
	at org.apache.hadoop.ozone.om.ratis.OzoneManagerStateMachine.lambda$1(OzoneManagerStateMachine.java:358)
	at java.util.concurrent.CompletableFuture$AsyncSupply.run(CompletableFuture.java:1604)
	at java.util.concurrent.ThreadPoolExecutor.runWorker(ThreadPoolExecutor.java:1149)
	at java.util.concurrent.ThreadPoolExecutor$Worker.run(ThreadPoolExecutor.java:624)
	at java.lang.Thread.run(Thread.java:750)
]]></system-out>
  </testcase>
  <testcase name="testAbortUploadFailWithInProgressPartUpload" classname="org.apache.hadoop.ozone.client.rpc.TestSecureOzoneRpcClient" time="0.153">
    <system-out><![CDATA[2023-05-17 09:09:22,582 [Listener at 127.0.0.1/15004] INFO  rpc.RpcClient (RpcClient.java:createVolume(476)) - Creating Volume: 35267096-fb64-4630-81ca-efe5c130bf92, with runner as owner and space quota set to -1 bytes, counts quota set to -1
2023-05-17 09:09:22,590 [OM StateMachine ApplyTransaction Thread - 0] INFO  volume.OMVolumeCreateRequest (OMVolumeCreateRequest.java:validateAndUpdateCache(196)) - created volume:35267096-fb64-4630-81ca-efe5c130bf92 for user:runner
2023-05-17 09:09:22,594 [Listener at 127.0.0.1/15004] INFO  rpc.RpcClient (RpcClient.java:createBucket(698)) - Creating Bucket: 35267096-fb64-4630-81ca-efe5c130bf92/551dc316-9abe-451b-a6ca-2fdda75d8424, with server-side default bucket layout, runner as owner, Versioning false, Storage Type set to DISK and Encryption set to false, Replication Type set to server-side default replication type, Namespace Quota set to -1, Space Quota set to -1 
2023-05-17 09:09:22,598 [OM StateMachine ApplyTransaction Thread - 0] INFO  bucket.OMBucketCreateRequest (OMBucketCreateRequest.java:validateAndUpdateCache(270)) - created bucket: 551dc316-9abe-451b-a6ca-2fdda75d8424 of layout OBJECT_STORE in volume: 35267096-fb64-4630-81ca-efe5c130bf92
09:09:22.729 [OM StateMachine ApplyTransaction Thread - 0] ERROR OMAudit - user=runner | ip=127.0.0.1 | op=COMMIT_MULTIPART_UPLOAD_PARTKEY {volume=35267096-fb64-4630-81ca-efe5c130bf92, bucket=551dc316-9abe-451b-a6ca-2fdda75d8424, key=5ba7bc66-6a03-4985-949d-a0c5a47824ac, dataSize=4, replicationType=NONE, replicationFactor=ZERO, partNumber=1, partName=/35267096-fb64-4630-81ca-efe5c130bf92/551dc316-9abe-451b-a6ca-2fdda75d8424/5ba7bc66-6a03-4985-949d-a0c5a47824ac-1dcb8153-6588-47a5-910a-4d6072f34276-110383239175077895-1} | ret=FAILURE
org.apache.hadoop.ozone.om.exceptions.OMException: No such Multipart upload is with specified uploadId 1dcb8153-6588-47a5-910a-4d6072f34276-110383239175077895
	at org.apache.hadoop.ozone.om.request.s3.multipart.S3MultipartUploadCommitPartRequest.validateAndUpdateCache(S3MultipartUploadCommitPartRequest.java:188) ~[ozone-manager-1.4.0-SNAPSHOT.jar:?]
	at org.apache.hadoop.ozone.protocolPB.OzoneManagerRequestHandler.handleWriteRequest(OzoneManagerRequestHandler.java:337) ~[ozone-manager-1.4.0-SNAPSHOT.jar:?]
	at org.apache.hadoop.ozone.om.ratis.OzoneManagerStateMachine.runCommand(OzoneManagerStateMachine.java:567) ~[ozone-manager-1.4.0-SNAPSHOT.jar:?]
	at org.apache.hadoop.ozone.om.ratis.OzoneManagerStateMachine.lambda$1(OzoneManagerStateMachine.java:358) ~[ozone-manager-1.4.0-SNAPSHOT.jar:?]
	at java.util.concurrent.CompletableFuture$AsyncSupply.run(CompletableFuture.java:1604) [?:1.8.0_362]
	at java.util.concurrent.ThreadPoolExecutor.runWorker(ThreadPoolExecutor.java:1149) [?:1.8.0_362]
	at java.util.concurrent.ThreadPoolExecutor$Worker.run(ThreadPoolExecutor.java:624) [?:1.8.0_362]
	at java.lang.Thread.run(Thread.java:750) [?:1.8.0_362]
2023-05-17 09:09:22,729 [OM StateMachine ApplyTransaction Thread - 0] ERROR multipart.S3MultipartUploadCommitPartRequest (S3MultipartUploadCommitPartRequest.java:logResult(327)) - MultipartUpload Commit is failed for Key:5ba7bc66-6a03-4985-949d-a0c5a47824ac in Volume/Bucket 35267096-fb64-4630-81ca-efe5c130bf92/551dc316-9abe-451b-a6ca-2fdda75d8424
NO_SUCH_MULTIPART_UPLOAD_ERROR org.apache.hadoop.ozone.om.exceptions.OMException: No such Multipart upload is with specified uploadId 1dcb8153-6588-47a5-910a-4d6072f34276-110383239175077895
	at org.apache.hadoop.ozone.om.request.s3.multipart.S3MultipartUploadCommitPartRequest.validateAndUpdateCache(S3MultipartUploadCommitPartRequest.java:188)
	at org.apache.hadoop.ozone.protocolPB.OzoneManagerRequestHandler.handleWriteRequest(OzoneManagerRequestHandler.java:337)
	at org.apache.hadoop.ozone.om.ratis.OzoneManagerStateMachine.runCommand(OzoneManagerStateMachine.java:567)
	at org.apache.hadoop.ozone.om.ratis.OzoneManagerStateMachine.lambda$1(OzoneManagerStateMachine.java:358)
	at java.util.concurrent.CompletableFuture$AsyncSupply.run(CompletableFuture.java:1604)
	at java.util.concurrent.ThreadPoolExecutor.runWorker(ThreadPoolExecutor.java:1149)
	at java.util.concurrent.ThreadPoolExecutor$Worker.run(ThreadPoolExecutor.java:624)
	at java.lang.Thread.run(Thread.java:750)
]]></system-out>
  </testcase>
  <testcase name="testAbortUploadSuccessWithOutAnyParts" classname="org.apache.hadoop.ozone.client.rpc.TestSecureOzoneRpcClient" time="0.024">
    <system-out><![CDATA[2023-05-17 09:09:22,735 [Listener at 127.0.0.1/15004] INFO  rpc.RpcClient (RpcClient.java:createVolume(476)) - Creating Volume: e2833642-004d-4e37-a412-661387b5548e, with runner as owner and space quota set to -1 bytes, counts quota set to -1
2023-05-17 09:09:22,740 [OM StateMachine ApplyTransaction Thread - 0] INFO  volume.OMVolumeCreateRequest (OMVolumeCreateRequest.java:validateAndUpdateCache(196)) - created volume:e2833642-004d-4e37-a412-661387b5548e for user:runner
2023-05-17 09:09:22,742 [Listener at 127.0.0.1/15004] INFO  rpc.RpcClient (RpcClient.java:createBucket(698)) - Creating Bucket: e2833642-004d-4e37-a412-661387b5548e/74e4cfd2-f7f8-4252-94c7-b142b7e56970, with server-side default bucket layout, runner as owner, Versioning false, Storage Type set to DISK and Encryption set to false, Replication Type set to server-side default replication type, Namespace Quota set to -1, Space Quota set to -1 
2023-05-17 09:09:22,747 [OM StateMachine ApplyTransaction Thread - 0] INFO  bucket.OMBucketCreateRequest (OMBucketCreateRequest.java:validateAndUpdateCache(270)) - created bucket: 74e4cfd2-f7f8-4252-94c7-b142b7e56970 of layout OBJECT_STORE in volume: e2833642-004d-4e37-a412-661387b5548e
]]></system-out>
  </testcase>
  <testcase name="testAbortUploadSuccessWithParts" classname="org.apache.hadoop.ozone.client.rpc.TestSecureOzoneRpcClient" time="0.099">
    <system-out><![CDATA[2023-05-17 09:09:22,760 [Listener at 127.0.0.1/15004] INFO  rpc.RpcClient (RpcClient.java:createVolume(476)) - Creating Volume: 351ea13c-55f4-4121-a258-242151749d11, with runner as owner and space quota set to -1 bytes, counts quota set to -1
2023-05-17 09:09:22,764 [OM StateMachine ApplyTransaction Thread - 0] INFO  volume.OMVolumeCreateRequest (OMVolumeCreateRequest.java:validateAndUpdateCache(196)) - created volume:351ea13c-55f4-4121-a258-242151749d11 for user:runner
2023-05-17 09:09:22,767 [Listener at 127.0.0.1/15004] INFO  rpc.RpcClient (RpcClient.java:createBucket(698)) - Creating Bucket: 351ea13c-55f4-4121-a258-242151749d11/a2134ab8-ee8d-45ff-aff7-cd0a307b7010, with server-side default bucket layout, runner as owner, Versioning false, Storage Type set to DISK and Encryption set to false, Replication Type set to server-side default replication type, Namespace Quota set to -1, Space Quota set to -1 
2023-05-17 09:09:22,770 [OM StateMachine ApplyTransaction Thread - 0] INFO  bucket.OMBucketCreateRequest (OMBucketCreateRequest.java:validateAndUpdateCache(270)) - created bucket: a2134ab8-ee8d-45ff-aff7-cd0a307b7010 of layout OBJECT_STORE in volume: 351ea13c-55f4-4121-a258-242151749d11
]]></system-out>
  </testcase>
  <testcase name="testAclsAfterCallingSetBucketProperty" classname="org.apache.hadoop.ozone.client.rpc.TestSecureOzoneRpcClient" time="0.05">
    <system-out><![CDATA[2023-05-17 09:09:22,859 [Listener at 127.0.0.1/15004] INFO  rpc.RpcClient (RpcClient.java:createVolume(476)) - Creating Volume: b8daafc4-eff9-4bf9-b42b-2d6943a6310f, with runner as owner and space quota set to -1 bytes, counts quota set to -1
2023-05-17 09:09:22,864 [OM StateMachine ApplyTransaction Thread - 0] INFO  volume.OMVolumeCreateRequest (OMVolumeCreateRequest.java:validateAndUpdateCache(196)) - created volume:b8daafc4-eff9-4bf9-b42b-2d6943a6310f for user:runner
2023-05-17 09:09:22,867 [Listener at 127.0.0.1/15004] INFO  rpc.RpcClient (RpcClient.java:createBucket(698)) - Creating Bucket: b8daafc4-eff9-4bf9-b42b-2d6943a6310f/518574b4-d5a3-4ef1-8f13-305f340bc3c3, with server-side default bucket layout, runner as owner, Versioning false, Storage Type set to DISK and Encryption set to false, Replication Type set to server-side default replication type, Namespace Quota set to -1, Space Quota set to -1 
2023-05-17 09:09:22,872 [OM StateMachine ApplyTransaction Thread - 0] INFO  bucket.OMBucketCreateRequest (OMBucketCreateRequest.java:validateAndUpdateCache(270)) - created bucket: 518574b4-d5a3-4ef1-8f13-305f340bc3c3 of layout OBJECT_STORE in volume: b8daafc4-eff9-4bf9-b42b-2d6943a6310f
]]></system-out>
  </testcase>
  <testcase name="testAddBucketAcl" classname="org.apache.hadoop.ozone.client.rpc.TestSecureOzoneRpcClient" time="0.029">
    <system-out><![CDATA[2023-05-17 09:09:22,911 [Listener at 127.0.0.1/15004] INFO  rpc.RpcClient (RpcClient.java:createVolume(476)) - Creating Volume: e1ec5120-eb4a-4ef1-b098-740d1c3774dd, with runner as owner and space quota set to -1 bytes, counts quota set to -1
2023-05-17 09:09:22,914 [OM StateMachine ApplyTransaction Thread - 0] INFO  volume.OMVolumeCreateRequest (OMVolumeCreateRequest.java:validateAndUpdateCache(196)) - created volume:e1ec5120-eb4a-4ef1-b098-740d1c3774dd for user:runner
2023-05-17 09:09:22,917 [Listener at 127.0.0.1/15004] INFO  rpc.RpcClient (RpcClient.java:createBucket(698)) - Creating Bucket: e1ec5120-eb4a-4ef1-b098-740d1c3774dd/4d9b2f92-7709-475e-9fac-6a1adf4bfbe0, with server-side default bucket layout, runner as owner, Versioning false, Storage Type set to DISK and Encryption set to false, Replication Type set to server-side default replication type, Namespace Quota set to -1, Space Quota set to -1 
2023-05-17 09:09:22,920 [OM StateMachine ApplyTransaction Thread - 0] INFO  bucket.OMBucketCreateRequest (OMBucketCreateRequest.java:validateAndUpdateCache(270)) - created bucket: 4d9b2f92-7709-475e-9fac-6a1adf4bfbe0 of layout OBJECT_STORE in volume: e1ec5120-eb4a-4ef1-b098-740d1c3774dd
]]></system-out>
  </testcase>
  <testcase name="testBucketQuota(ReplicationConfig)[1]" classname="org.apache.hadoop.ozone.client.rpc.TestSecureOzoneRpcClient" time="0.838">
    <system-out><![CDATA[2023-05-17 09:09:22,946 [Listener at 127.0.0.1/15004] INFO  rpc.RpcClient (RpcClient.java:createVolume(476)) - Creating Volume: 85064891-8cef-48e2-b50b-8ac432e1239c, with runner as owner and space quota set to -1 bytes, counts quota set to -1
2023-05-17 09:09:22,952 [OM StateMachine ApplyTransaction Thread - 0] INFO  volume.OMVolumeCreateRequest (OMVolumeCreateRequest.java:validateAndUpdateCache(196)) - created volume:85064891-8cef-48e2-b50b-8ac432e1239c for user:runner
2023-05-17 09:09:22,955 [Listener at 127.0.0.1/15004] INFO  rpc.RpcClient (RpcClient.java:createBucket(698)) - Creating Bucket: 85064891-8cef-48e2-b50b-8ac432e1239c/b41b2605-d71b-4fe5-99e3-2dc103b01c7f, with server-side default bucket layout, runner as owner, Versioning false, Storage Type set to DISK and Encryption set to false, Replication Type set to server-side default replication type, Namespace Quota set to -1, Space Quota set to -1 
2023-05-17 09:09:22,959 [OM StateMachine ApplyTransaction Thread - 0] INFO  bucket.OMBucketCreateRequest (OMBucketCreateRequest.java:validateAndUpdateCache(270)) - created bucket: b41b2605-d71b-4fe5-99e3-2dc103b01c7f of layout OBJECT_STORE in volume: 85064891-8cef-48e2-b50b-8ac432e1239c
2023-05-17 09:09:22,979 [OM StateMachine ApplyTransaction Thread - 0] INFO  key.OMKeyRequest (OMKeyRequest.java:wrapUncommittedBlocksAsPseudoKey(829)) - Detect allocated but uncommitted blocks [{blockID={containerID=8, localID=111677748019200009}, length=4194304, offset=0, token=null, pipeline=null, createVersion=0, partNumber=0}] in key 7239b06e-6d7a-4e0f-9c8b-b998b3e92cdf.
2023-05-17 09:09:23,004 [OM StateMachine ApplyTransaction Thread - 0] INFO  key.OMKeyRequest (OMKeyRequest.java:wrapUncommittedBlocksAsPseudoKey(829)) - Detect allocated but uncommitted blocks [{blockID={containerID=2, localID=111677748019200010}, length=4194304, offset=0, token=null, pipeline=null, createVersion=0, partNumber=0}] in key 7239b06e-6d7a-4e0f-9c8b-b998b3e92cdf.
2023-05-17 09:09:23,022 [Listener at 127.0.0.1/15004] INFO  rpc.RpcClient (RpcClient.java:createVolume(476)) - Creating Volume: d0b1bc67-7a90-4848-866d-257bfbfc8483, with runner as owner and space quota set to -1 bytes, counts quota set to -1
2023-05-17 09:09:23,026 [OM StateMachine ApplyTransaction Thread - 0] INFO  volume.OMVolumeCreateRequest (OMVolumeCreateRequest.java:validateAndUpdateCache(196)) - created volume:d0b1bc67-7a90-4848-866d-257bfbfc8483 for user:runner
2023-05-17 09:09:23,028 [Listener at 127.0.0.1/15004] INFO  rpc.RpcClient (RpcClient.java:createBucket(698)) - Creating Bucket: d0b1bc67-7a90-4848-866d-257bfbfc8483/671bc172-eac3-4b38-a4b6-c2139fa1e61b, with server-side default bucket layout, runner as owner, Versioning false, Storage Type set to DISK and Encryption set to false, Replication Type set to server-side default replication type, Namespace Quota set to -1, Space Quota set to -1 
2023-05-17 09:09:23,032 [OM StateMachine ApplyTransaction Thread - 0] INFO  bucket.OMBucketCreateRequest (OMBucketCreateRequest.java:validateAndUpdateCache(270)) - created bucket: 671bc172-eac3-4b38-a4b6-c2139fa1e61b of layout OBJECT_STORE in volume: d0b1bc67-7a90-4848-866d-257bfbfc8483
2023-05-17 09:09:23,147 [Listener at 127.0.0.1/15004] INFO  rpc.RpcClient (RpcClient.java:createVolume(476)) - Creating Volume: 5718fd62-8a27-47ef-bc8e-539bbf202634, with runner as owner and space quota set to -1 bytes, counts quota set to -1
2023-05-17 09:09:23,150 [OM StateMachine ApplyTransaction Thread - 0] INFO  volume.OMVolumeCreateRequest (OMVolumeCreateRequest.java:validateAndUpdateCache(196)) - created volume:5718fd62-8a27-47ef-bc8e-539bbf202634 for user:runner
2023-05-17 09:09:23,152 [Listener at 127.0.0.1/15004] INFO  rpc.RpcClient (RpcClient.java:createBucket(698)) - Creating Bucket: 5718fd62-8a27-47ef-bc8e-539bbf202634/d713b426-cb6b-468c-abb9-3c4afa607a8a, with server-side default bucket layout, runner as owner, Versioning false, Storage Type set to DISK and Encryption set to false, Replication Type set to server-side default replication type, Namespace Quota set to -1, Space Quota set to -1 
2023-05-17 09:09:23,155 [OM StateMachine ApplyTransaction Thread - 0] INFO  bucket.OMBucketCreateRequest (OMBucketCreateRequest.java:validateAndUpdateCache(270)) - created bucket: d713b426-cb6b-468c-abb9-3c4afa607a8a of layout OBJECT_STORE in volume: 5718fd62-8a27-47ef-bc8e-539bbf202634
2023-05-17 09:09:23,439 [Listener at 127.0.0.1/15004] INFO  rpc.RpcClient (RpcClient.java:createVolume(476)) - Creating Volume: faca4889-9674-488d-8fe9-36a3f37e8c87, with runner as owner and space quota set to -1 bytes, counts quota set to -1
2023-05-17 09:09:23,443 [OM StateMachine ApplyTransaction Thread - 0] INFO  volume.OMVolumeCreateRequest (OMVolumeCreateRequest.java:validateAndUpdateCache(196)) - created volume:faca4889-9674-488d-8fe9-36a3f37e8c87 for user:runner
2023-05-17 09:09:23,445 [Listener at 127.0.0.1/15004] INFO  rpc.RpcClient (RpcClient.java:createBucket(698)) - Creating Bucket: faca4889-9674-488d-8fe9-36a3f37e8c87/0e803e69-26f5-4bc8-92a0-4daadac7ae80, with server-side default bucket layout, runner as owner, Versioning false, Storage Type set to DISK and Encryption set to false, Replication Type set to server-side default replication type, Namespace Quota set to -1, Space Quota set to -1 
2023-05-17 09:09:23,448 [OM StateMachine ApplyTransaction Thread - 0] INFO  bucket.OMBucketCreateRequest (OMBucketCreateRequest.java:validateAndUpdateCache(270)) - created bucket: 0e803e69-26f5-4bc8-92a0-4daadac7ae80 of layout OBJECT_STORE in volume: faca4889-9674-488d-8fe9-36a3f37e8c87
]]></system-out>
  </testcase>
  <testcase name="testBucketQuota(ReplicationConfig)[2]" classname="org.apache.hadoop.ozone.client.rpc.TestSecureOzoneRpcClient" time="7.247">
    <system-out><![CDATA[2023-05-17 09:09:23,784 [Listener at 127.0.0.1/15004] INFO  rpc.RpcClient (RpcClient.java:createVolume(476)) - Creating Volume: 4bed15dd-62b7-46de-b664-2098469e22fa, with runner as owner and space quota set to -1 bytes, counts quota set to -1
2023-05-17 09:09:23,788 [OM StateMachine ApplyTransaction Thread - 0] INFO  volume.OMVolumeCreateRequest (OMVolumeCreateRequest.java:validateAndUpdateCache(196)) - created volume:4bed15dd-62b7-46de-b664-2098469e22fa for user:runner
2023-05-17 09:09:23,790 [Listener at 127.0.0.1/15004] INFO  rpc.RpcClient (RpcClient.java:createBucket(698)) - Creating Bucket: 4bed15dd-62b7-46de-b664-2098469e22fa/b159e563-f5bd-4369-97ad-4d005e650acc, with server-side default bucket layout, runner as owner, Versioning false, Storage Type set to DISK and Encryption set to false, Replication Type set to server-side default replication type, Namespace Quota set to -1, Space Quota set to -1 
2023-05-17 09:09:23,794 [OM StateMachine ApplyTransaction Thread - 0] INFO  bucket.OMBucketCreateRequest (OMBucketCreateRequest.java:validateAndUpdateCache(270)) - created bucket: b159e563-f5bd-4369-97ad-4d005e650acc of layout OBJECT_STORE in volume: 4bed15dd-62b7-46de-b664-2098469e22fa
2023-05-17 09:09:23,813 [OM StateMachine ApplyTransaction Thread - 0] INFO  key.OMKeyRequest (OMKeyRequest.java:wrapUncommittedBlocksAsPseudoKey(829)) - Detect allocated but uncommitted blocks [{blockID={containerID=11, localID=111677748019200019}, length=4194304, offset=0, token=null, pipeline=null, createVersion=0, partNumber=0}] in key 76a79d40-c17d-42ee-8bbc-8797c78bf859.
2023-05-17 09:09:23,843 [OM StateMachine ApplyTransaction Thread - 0] INFO  key.OMKeyRequest (OMKeyRequest.java:wrapUncommittedBlocksAsPseudoKey(829)) - Detect allocated but uncommitted blocks [{blockID={containerID=12, localID=111677748019200020}, length=4194304, offset=0, token=null, pipeline=null, createVersion=0, partNumber=0}] in key 76a79d40-c17d-42ee-8bbc-8797c78bf859.
2023-05-17 09:09:23,856 [Listener at 127.0.0.1/15004] INFO  rpc.RpcClient (RpcClient.java:createVolume(476)) - Creating Volume: ee710d77-c4c4-43d9-a217-0b29b3f3f833, with runner as owner and space quota set to -1 bytes, counts quota set to -1
2023-05-17 09:09:23,860 [OM StateMachine ApplyTransaction Thread - 0] INFO  volume.OMVolumeCreateRequest (OMVolumeCreateRequest.java:validateAndUpdateCache(196)) - created volume:ee710d77-c4c4-43d9-a217-0b29b3f3f833 for user:runner
2023-05-17 09:09:23,863 [Listener at 127.0.0.1/15004] INFO  rpc.RpcClient (RpcClient.java:createBucket(698)) - Creating Bucket: ee710d77-c4c4-43d9-a217-0b29b3f3f833/a61d61d9-e8ff-408f-99ff-edb47a625e0e, with server-side default bucket layout, runner as owner, Versioning false, Storage Type set to DISK and Encryption set to false, Replication Type set to server-side default replication type, Namespace Quota set to -1, Space Quota set to -1 
2023-05-17 09:09:23,866 [OM StateMachine ApplyTransaction Thread - 0] INFO  bucket.OMBucketCreateRequest (OMBucketCreateRequest.java:validateAndUpdateCache(270)) - created bucket: a61d61d9-e8ff-408f-99ff-edb47a625e0e of layout OBJECT_STORE in volume: ee710d77-c4c4-43d9-a217-0b29b3f3f833
2023-05-17 09:09:24,196 [Listener at 127.0.0.1/15004] INFO  rpc.RpcClient (RpcClient.java:createVolume(476)) - Creating Volume: f8b99ee4-365b-4f93-81a4-c73321203020, with runner as owner and space quota set to -1 bytes, counts quota set to -1
2023-05-17 09:09:24,200 [OM StateMachine ApplyTransaction Thread - 0] INFO  volume.OMVolumeCreateRequest (OMVolumeCreateRequest.java:validateAndUpdateCache(196)) - created volume:f8b99ee4-365b-4f93-81a4-c73321203020 for user:runner
2023-05-17 09:09:24,203 [Listener at 127.0.0.1/15004] INFO  rpc.RpcClient (RpcClient.java:createBucket(698)) - Creating Bucket: f8b99ee4-365b-4f93-81a4-c73321203020/5c7bddf6-a754-45bf-bc07-7df42f3f063e, with server-side default bucket layout, runner as owner, Versioning false, Storage Type set to DISK and Encryption set to false, Replication Type set to server-side default replication type, Namespace Quota set to -1, Space Quota set to -1 
2023-05-17 09:09:24,207 [OM StateMachine ApplyTransaction Thread - 0] INFO  bucket.OMBucketCreateRequest (OMBucketCreateRequest.java:validateAndUpdateCache(270)) - created bucket: 5c7bddf6-a754-45bf-bc07-7df42f3f063e of layout OBJECT_STORE in volume: f8b99ee4-365b-4f93-81a4-c73321203020
2023-05-17 09:09:24,972 [JvmPauseMonitor5] WARN  util.JvmPauseMonitor (JvmPauseMonitor.java:detectPause(124)) - JvmPauseMonitor-b98521b2-5644-4aab-8244-d2e66a88cd45: Detected pause in JVM or host machine approximately 0.220s with 0.599s GC time.
GC pool 'PS MarkSweep' had collection(s): count=1 time=427ms
GC pool 'PS Scavenge' had collection(s): count=1 time=172ms
2023-05-17 09:09:24,973 [JvmPauseMonitor9] WARN  util.JvmPauseMonitor (JvmPauseMonitor.java:detectPause(124)) - JvmPauseMonitor-5b9fa8c3-08c3-43f9-b175-3119fbbe3900: Detected pause in JVM or host machine approximately 0.220s with 0.599s GC time.
GC pool 'PS MarkSweep' had collection(s): count=1 time=427ms
GC pool 'PS Scavenge' had collection(s): count=1 time=172ms
2023-05-17 09:09:24,973 [JvmPauseMonitor10] WARN  util.JvmPauseMonitor (JvmPauseMonitor.java:detectPause(124)) - JvmPauseMonitor-a82ad0ea-641b-4ac2-b933-a1a26b5fe742: Detected pause in JVM or host machine approximately 0.220s with 0.599s GC time.
GC pool 'PS MarkSweep' had collection(s): count=1 time=427ms
GC pool 'PS Scavenge' had collection(s): count=1 time=172ms
2023-05-17 09:09:24,977 [JvmPauseMonitor12] WARN  util.JvmPauseMonitor (JvmPauseMonitor.java:detectPause(124)) - JvmPauseMonitor-4ea9b805-d843-4364-8f91-0c3c20e3ed71: Detected pause in JVM or host machine approximately 0.216s with 0.599s GC time.
GC pool 'PS MarkSweep' had collection(s): count=1 time=427ms
GC pool 'PS Scavenge' had collection(s): count=1 time=172ms
2023-05-17 09:09:24,977 [JvmPauseMonitor14] WARN  util.JvmPauseMonitor (JvmPauseMonitor.java:detectPause(124)) - JvmPauseMonitor-5b11b4e3-e601-4d3f-be34-f92c0e1a86f6: Detected pause in JVM or host machine approximately 0.213s with 0.599s GC time.
GC pool 'PS MarkSweep' had collection(s): count=1 time=427ms
GC pool 'PS Scavenge' had collection(s): count=1 time=172ms
2023-05-17 09:09:24,977 [JvmPauseMonitor0] WARN  util.JvmPauseMonitor (JvmPauseMonitor.java:detectPause(124)) - JvmPauseMonitor-om1: Detected pause in JVM or host machine approximately 0.213s with 0.599s GC time.
GC pool 'PS MarkSweep' had collection(s): count=1 time=427ms
GC pool 'PS Scavenge' had collection(s): count=1 time=172ms
2023-05-17 09:09:24,977 [JvmPauseMonitor13] WARN  util.JvmPauseMonitor (JvmPauseMonitor.java:detectPause(124)) - JvmPauseMonitor-84eda2eb-aea9-437c-8414-760cea80ce07: Detected pause in JVM or host machine approximately 0.213s with 0.599s GC time.
GC pool 'PS MarkSweep' had collection(s): count=1 time=427ms
GC pool 'PS Scavenge' had collection(s): count=1 time=172ms
2023-05-17 09:09:24,977 [JvmPauseMonitor7] WARN  util.JvmPauseMonitor (JvmPauseMonitor.java:detectPause(124)) - JvmPauseMonitor-bcbacd9a-ca93-42dd-bb1e-f9c21d91cd60: Detected pause in JVM or host machine approximately 0.213s with 0.599s GC time.
GC pool 'PS MarkSweep' had collection(s): count=1 time=427ms
GC pool 'PS Scavenge' had collection(s): count=1 time=172ms
2023-05-17 09:09:24,978 [JvmPauseMonitor4] WARN  util.JvmPauseMonitor (JvmPauseMonitor.java:detectPause(124)) - JvmPauseMonitor-57ed5fd8-a62b-44c8-9c66-83b6d5ca8b16: Detected pause in JVM or host machine approximately 0.209s with 0.599s GC time.
GC pool 'PS MarkSweep' had collection(s): count=1 time=427ms
GC pool 'PS Scavenge' had collection(s): count=1 time=172ms
2023-05-17 09:09:24,978 [JvmPauseMonitor6] WARN  util.JvmPauseMonitor (JvmPauseMonitor.java:detectPause(124)) - JvmPauseMonitor-b2b5d537-374d-472d-b9f1-d9543cb70a6b: Detected pause in JVM or host machine approximately 0.209s with 0.599s GC time.
GC pool 'PS MarkSweep' had collection(s): count=1 time=427ms
GC pool 'PS Scavenge' had collection(s): count=1 time=172ms
2023-05-17 09:09:24,978 [JvmPauseMonitor8] WARN  util.JvmPauseMonitor (JvmPauseMonitor.java:detectPause(124)) - JvmPauseMonitor-5b9af961-56be-4fa8-844e-3cefe1429416: Detected pause in JVM or host machine approximately 0.208s with 0.599s GC time.
GC pool 'PS MarkSweep' had collection(s): count=1 time=427ms
GC pool 'PS Scavenge' had collection(s): count=1 time=172ms
2023-05-17 09:09:24,977 [JvmPauseMonitor3] WARN  util.JvmPauseMonitor (JvmPauseMonitor.java:detectPause(124)) - JvmPauseMonitor-8889e818-58f8-49f9-ac5f-461eb7b79d1e: Detected pause in JVM or host machine approximately 0.213s with 0.599s GC time.
GC pool 'PS MarkSweep' had collection(s): count=1 time=427ms
GC pool 'PS Scavenge' had collection(s): count=1 time=172ms
2023-05-17 09:09:24,979 [JvmPauseMonitor1] WARN  util.JvmPauseMonitor (JvmPauseMonitor.java:detectPause(124)) - JvmPauseMonitor-b2525f4f-bdf5-4dd0-b826-cbccdc8ecebe: Detected pause in JVM or host machine approximately 0.222s with 0.599s GC time.
GC pool 'PS MarkSweep' had collection(s): count=1 time=427ms
GC pool 'PS Scavenge' had collection(s): count=1 time=172ms
2023-05-17 09:09:24,979 [JvmPauseMonitor11] WARN  util.JvmPauseMonitor (JvmPauseMonitor.java:detectPause(124)) - JvmPauseMonitor-f1b6f36b-e7af-48b8-b739-38f78676889c: Detected pause in JVM or host machine approximately 0.223s with 0.599s GC time.
GC pool 'PS MarkSweep' had collection(s): count=1 time=427ms
GC pool 'PS Scavenge' had collection(s): count=1 time=172ms
2023-05-17 09:09:24,979 [JvmPauseMonitor2] WARN  util.JvmPauseMonitor (JvmPauseMonitor.java:detectPause(124)) - JvmPauseMonitor-67f04e2a-34cd-4ea0-b74b-c8cb5d6f4ea5: Detected pause in JVM or host machine approximately 0.222s with 0.599s GC time.
GC pool 'PS MarkSweep' had collection(s): count=1 time=427ms
GC pool 'PS Scavenge' had collection(s): count=1 time=172ms
2023-05-17 09:09:25,599 [Listener at 127.0.0.1/15004] INFO  rpc.RpcClient (RpcClient.java:createVolume(476)) - Creating Volume: 9b9af50a-1b0c-47a6-8f1c-c8360f248356, with runner as owner and space quota set to -1 bytes, counts quota set to -1
2023-05-17 09:09:25,604 [OM StateMachine ApplyTransaction Thread - 0] INFO  volume.OMVolumeCreateRequest (OMVolumeCreateRequest.java:validateAndUpdateCache(196)) - created volume:9b9af50a-1b0c-47a6-8f1c-c8360f248356 for user:runner
2023-05-17 09:09:25,607 [Listener at 127.0.0.1/15004] INFO  rpc.RpcClient (RpcClient.java:createBucket(698)) - Creating Bucket: 9b9af50a-1b0c-47a6-8f1c-c8360f248356/8086cd9a-da80-4473-8108-535b0c05a381, with server-side default bucket layout, runner as owner, Versioning false, Storage Type set to DISK and Encryption set to false, Replication Type set to server-side default replication type, Namespace Quota set to -1, Space Quota set to -1 
2023-05-17 09:09:25,611 [OM StateMachine ApplyTransaction Thread - 0] INFO  bucket.OMBucketCreateRequest (OMBucketCreateRequest.java:validateAndUpdateCache(270)) - created bucket: 8086cd9a-da80-4473-8108-535b0c05a381 of layout OBJECT_STORE in volume: 9b9af50a-1b0c-47a6-8f1c-c8360f248356
2023-05-17 09:09:26,199 [Listener at 127.0.0.1/15004] INFO  rpc.RpcClient (RpcClient.java:createVolume(476)) - Creating Volume: 4b4867e7-6069-42e0-a696-ef610341e216, with runner as owner and space quota set to -1 bytes, counts quota set to -1
2023-05-17 09:09:26,203 [OM StateMachine ApplyTransaction Thread - 0] INFO  volume.OMVolumeCreateRequest (OMVolumeCreateRequest.java:validateAndUpdateCache(196)) - created volume:4b4867e7-6069-42e0-a696-ef610341e216 for user:runner
2023-05-17 09:09:26,205 [Listener at 127.0.0.1/15004] INFO  rpc.RpcClient (RpcClient.java:createBucket(698)) - Creating Bucket: 4b4867e7-6069-42e0-a696-ef610341e216/54dc72e9-1236-4808-92a5-967868f0ef12, with server-side default bucket layout, runner as owner, Versioning false, Storage Type set to DISK and Encryption set to false, Replication Type set to server-side default replication type, Namespace Quota set to -1, Space Quota set to -1 
2023-05-17 09:09:26,208 [OM StateMachine ApplyTransaction Thread - 0] INFO  bucket.OMBucketCreateRequest (OMBucketCreateRequest.java:validateAndUpdateCache(270)) - created bucket: 54dc72e9-1236-4808-92a5-967868f0ef12 of layout OBJECT_STORE in volume: 4b4867e7-6069-42e0-a696-ef610341e216
2023-05-17 09:09:27,195 [Listener at 127.0.0.1/15004] INFO  rpc.RpcClient (RpcClient.java:createVolume(476)) - Creating Volume: d7c3d838-a9d0-44e7-a470-c27791df685c, with runner as owner and space quota set to -1 bytes, counts quota set to -1
2023-05-17 09:09:27,197 [OM StateMachine ApplyTransaction Thread - 0] INFO  volume.OMVolumeCreateRequest (OMVolumeCreateRequest.java:validateAndUpdateCache(196)) - created volume:d7c3d838-a9d0-44e7-a470-c27791df685c for user:runner
2023-05-17 09:09:27,200 [Listener at 127.0.0.1/15004] INFO  rpc.RpcClient (RpcClient.java:createBucket(698)) - Creating Bucket: d7c3d838-a9d0-44e7-a470-c27791df685c/d709331d-4ca4-4b16-b49c-dc67104c25ed, with server-side default bucket layout, runner as owner, Versioning false, Storage Type set to DISK and Encryption set to false, Replication Type set to server-side default replication type, Namespace Quota set to -1, Space Quota set to -1 
2023-05-17 09:09:27,203 [OM StateMachine ApplyTransaction Thread - 0] INFO  bucket.OMBucketCreateRequest (OMBucketCreateRequest.java:validateAndUpdateCache(270)) - created bucket: d709331d-4ca4-4b16-b49c-dc67104c25ed of layout OBJECT_STORE in volume: d7c3d838-a9d0-44e7-a470-c27791df685c
2023-05-17 09:09:28,178 [Listener at 127.0.0.1/15004] INFO  rpc.RpcClient (RpcClient.java:createVolume(476)) - Creating Volume: 5a1c43ba-0ad6-418e-8159-ac680f707306, with runner as owner and space quota set to -1 bytes, counts quota set to -1
2023-05-17 09:09:28,181 [OM StateMachine ApplyTransaction Thread - 0] INFO  volume.OMVolumeCreateRequest (OMVolumeCreateRequest.java:validateAndUpdateCache(196)) - created volume:5a1c43ba-0ad6-418e-8159-ac680f707306 for user:runner
2023-05-17 09:09:28,183 [Listener at 127.0.0.1/15004] INFO  rpc.RpcClient (RpcClient.java:createBucket(698)) - Creating Bucket: 5a1c43ba-0ad6-418e-8159-ac680f707306/3bc8379b-0180-474a-a991-304af099eac0, with server-side default bucket layout, runner as owner, Versioning false, Storage Type set to DISK and Encryption set to false, Replication Type set to server-side default replication type, Namespace Quota set to -1, Space Quota set to -1 
2023-05-17 09:09:28,186 [OM StateMachine ApplyTransaction Thread - 0] INFO  bucket.OMBucketCreateRequest (OMBucketCreateRequest.java:validateAndUpdateCache(270)) - created bucket: 3bc8379b-0180-474a-a991-304af099eac0 of layout OBJECT_STORE in volume: 5a1c43ba-0ad6-418e-8159-ac680f707306
2023-05-17 09:09:29,740 [Listener at 127.0.0.1/15004] INFO  rpc.RpcClient (RpcClient.java:createVolume(476)) - Creating Volume: 3edbfc4c-7979-4189-b9c5-c351c9863623, with runner as owner and space quota set to -1 bytes, counts quota set to -1
2023-05-17 09:09:29,743 [OM StateMachine ApplyTransaction Thread - 0] INFO  volume.OMVolumeCreateRequest (OMVolumeCreateRequest.java:validateAndUpdateCache(196)) - created volume:3edbfc4c-7979-4189-b9c5-c351c9863623 for user:runner
2023-05-17 09:09:29,745 [Listener at 127.0.0.1/15004] INFO  rpc.RpcClient (RpcClient.java:createBucket(698)) - Creating Bucket: 3edbfc4c-7979-4189-b9c5-c351c9863623/65c4df8c-96e4-44a6-8e8b-f7430f5f8bb1, with server-side default bucket layout, runner as owner, Versioning false, Storage Type set to DISK and Encryption set to false, Replication Type set to server-side default replication type, Namespace Quota set to -1, Space Quota set to -1 
2023-05-17 09:09:29,748 [OM StateMachine ApplyTransaction Thread - 0] INFO  bucket.OMBucketCreateRequest (OMBucketCreateRequest.java:validateAndUpdateCache(270)) - created bucket: 65c4df8c-96e4-44a6-8e8b-f7430f5f8bb1 of layout OBJECT_STORE in volume: 3edbfc4c-7979-4189-b9c5-c351c9863623
]]></system-out>
  </testcase>
  <testcase name="testBucketQuota(ReplicationConfig)[3]" classname="org.apache.hadoop.ozone.client.rpc.TestSecureOzoneRpcClient" time="6.23">
    <system-out><![CDATA[2023-05-17 09:09:31,032 [Listener at 127.0.0.1/15004] INFO  rpc.RpcClient (RpcClient.java:createVolume(476)) - Creating Volume: ac731fb3-72b7-481b-b666-e465e9d5cb21, with runner as owner and space quota set to -1 bytes, counts quota set to -1
2023-05-17 09:09:31,035 [OM StateMachine ApplyTransaction Thread - 0] INFO  volume.OMVolumeCreateRequest (OMVolumeCreateRequest.java:validateAndUpdateCache(196)) - created volume:ac731fb3-72b7-481b-b666-e465e9d5cb21 for user:runner
2023-05-17 09:09:31,037 [Listener at 127.0.0.1/15004] INFO  rpc.RpcClient (RpcClient.java:createBucket(698)) - Creating Bucket: ac731fb3-72b7-481b-b666-e465e9d5cb21/c6970126-8dce-4f13-836d-743f0297800e, with server-side default bucket layout, runner as owner, Versioning false, Storage Type set to DISK and Encryption set to false, Replication Type set to server-side default replication type, Namespace Quota set to -1, Space Quota set to -1 
2023-05-17 09:09:31,040 [OM StateMachine ApplyTransaction Thread - 0] INFO  bucket.OMBucketCreateRequest (OMBucketCreateRequest.java:validateAndUpdateCache(270)) - created bucket: c6970126-8dce-4f13-836d-743f0297800e of layout OBJECT_STORE in volume: ac731fb3-72b7-481b-b666-e465e9d5cb21
2023-05-17 09:09:31,055 [IPC Server handler 13 on default port 15001] INFO  pipeline.PipelineStateManagerImpl (PipelineStateManagerImpl.java:addPipeline(103)) - Created pipeline Pipeline[ Id: d3a20acf-83df-407d-ad83-e01a5033426f, Nodes: 5b11b4e3-e601-4d3f-be34-f92c0e1a86f6(fv-az41-747.zje5jq5y5x4uznwvdkgxk4wc2h.cx.internal.cloudapp.net/10.1.0.64)bcbacd9a-ca93-42dd-bb1e-f9c21d91cd60(fv-az41-747.zje5jq5y5x4uznwvdkgxk4wc2h.cx.internal.cloudapp.net/10.1.0.64)67f04e2a-34cd-4ea0-b74b-c8cb5d6f4ea5(fv-az41-747.zje5jq5y5x4uznwvdkgxk4wc2h.cx.internal.cloudapp.net/10.1.0.64)f1b6f36b-e7af-48b8-b739-38f78676889c(fv-az41-747.zje5jq5y5x4uznwvdkgxk4wc2h.cx.internal.cloudapp.net/10.1.0.64)a82ad0ea-641b-4ac2-b933-a1a26b5fe742(fv-az41-747.zje5jq5y5x4uznwvdkgxk4wc2h.cx.internal.cloudapp.net/10.1.0.64), ReplicationConfig: EC{rs-3-2-1024k}, State:ALLOCATED, leaderId:, CreationTimestamp2023-05-17T09:09:31.051Z[Etc/UTC]].
2023-05-17 09:09:31,059 [IPC Server handler 13 on default port 15001] INFO  pipeline.PipelineManagerImpl (PipelineManagerImpl.java:openPipeline(367)) - Pipeline Pipeline[ Id: d3a20acf-83df-407d-ad83-e01a5033426f, Nodes: 5b11b4e3-e601-4d3f-be34-f92c0e1a86f6(fv-az41-747.zje5jq5y5x4uznwvdkgxk4wc2h.cx.internal.cloudapp.net/10.1.0.64)bcbacd9a-ca93-42dd-bb1e-f9c21d91cd60(fv-az41-747.zje5jq5y5x4uznwvdkgxk4wc2h.cx.internal.cloudapp.net/10.1.0.64)67f04e2a-34cd-4ea0-b74b-c8cb5d6f4ea5(fv-az41-747.zje5jq5y5x4uznwvdkgxk4wc2h.cx.internal.cloudapp.net/10.1.0.64)f1b6f36b-e7af-48b8-b739-38f78676889c(fv-az41-747.zje5jq5y5x4uznwvdkgxk4wc2h.cx.internal.cloudapp.net/10.1.0.64)a82ad0ea-641b-4ac2-b933-a1a26b5fe742(fv-az41-747.zje5jq5y5x4uznwvdkgxk4wc2h.cx.internal.cloudapp.net/10.1.0.64), ReplicationConfig: EC{rs-3-2-1024k}, State:ALLOCATED, leaderId:, CreationTimestamp2023-05-17T09:09:31.051Z[Etc/UTC]] moved to OPEN state
2023-05-17 09:09:31,114 [Listener at 127.0.0.1/15004] WARN  erasurecode.ErasureCodeNative (ErasureCodeNative.java:<clinit>(55)) - ISA-L support is not available in your platform... using builtin-java codec where applicable
2023-05-17 09:09:31,218 [OM StateMachine ApplyTransaction Thread - 0] INFO  key.OMKeyRequest (OMKeyRequest.java:wrapUncommittedBlocksAsPseudoKey(829)) - Detect allocated but uncommitted blocks [{blockID={containerID=19, localID=111677748019200053}, length=4194304, offset=0, token=null, pipeline=null, createVersion=0, partNumber=0}] in key c93fb735-05ab-4d6f-b749-cc7994ae4457.
2023-05-17 09:09:31,234 [IPC Server handler 11 on default port 15001] INFO  pipeline.PipelineStateManagerImpl (PipelineStateManagerImpl.java:addPipeline(103)) - Created pipeline Pipeline[ Id: b6cfcfc4-3009-4f1c-a0cb-e92ce652e8d7, Nodes: b2525f4f-bdf5-4dd0-b826-cbccdc8ecebe(fv-az41-747.zje5jq5y5x4uznwvdkgxk4wc2h.cx.internal.cloudapp.net/10.1.0.64)5b9af961-56be-4fa8-844e-3cefe1429416(fv-az41-747.zje5jq5y5x4uznwvdkgxk4wc2h.cx.internal.cloudapp.net/10.1.0.64)a82ad0ea-641b-4ac2-b933-a1a26b5fe742(fv-az41-747.zje5jq5y5x4uznwvdkgxk4wc2h.cx.internal.cloudapp.net/10.1.0.64)b98521b2-5644-4aab-8244-d2e66a88cd45(fv-az41-747.zje5jq5y5x4uznwvdkgxk4wc2h.cx.internal.cloudapp.net/10.1.0.64)5b11b4e3-e601-4d3f-be34-f92c0e1a86f6(fv-az41-747.zje5jq5y5x4uznwvdkgxk4wc2h.cx.internal.cloudapp.net/10.1.0.64), ReplicationConfig: EC{rs-3-2-1024k}, State:ALLOCATED, leaderId:, CreationTimestamp2023-05-17T09:09:31.234Z[Etc/UTC]].
2023-05-17 09:09:31,235 [IPC Server handler 11 on default port 15001] INFO  pipeline.PipelineManagerImpl (PipelineManagerImpl.java:openPipeline(367)) - Pipeline Pipeline[ Id: b6cfcfc4-3009-4f1c-a0cb-e92ce652e8d7, Nodes: b2525f4f-bdf5-4dd0-b826-cbccdc8ecebe(fv-az41-747.zje5jq5y5x4uznwvdkgxk4wc2h.cx.internal.cloudapp.net/10.1.0.64)5b9af961-56be-4fa8-844e-3cefe1429416(fv-az41-747.zje5jq5y5x4uznwvdkgxk4wc2h.cx.internal.cloudapp.net/10.1.0.64)a82ad0ea-641b-4ac2-b933-a1a26b5fe742(fv-az41-747.zje5jq5y5x4uznwvdkgxk4wc2h.cx.internal.cloudapp.net/10.1.0.64)b98521b2-5644-4aab-8244-d2e66a88cd45(fv-az41-747.zje5jq5y5x4uznwvdkgxk4wc2h.cx.internal.cloudapp.net/10.1.0.64)5b11b4e3-e601-4d3f-be34-f92c0e1a86f6(fv-az41-747.zje5jq5y5x4uznwvdkgxk4wc2h.cx.internal.cloudapp.net/10.1.0.64), ReplicationConfig: EC{rs-3-2-1024k}, State:ALLOCATED, leaderId:, CreationTimestamp2023-05-17T09:09:31.234Z[Etc/UTC]] moved to OPEN state
2023-05-17 09:09:31,276 [OM StateMachine ApplyTransaction Thread - 0] INFO  key.OMKeyRequest (OMKeyRequest.java:wrapUncommittedBlocksAsPseudoKey(829)) - Detect allocated but uncommitted blocks [{blockID={containerID=20, localID=111677748019200054}, length=4194304, offset=0, token=null, pipeline=null, createVersion=0, partNumber=0}] in key c93fb735-05ab-4d6f-b749-cc7994ae4457.
2023-05-17 09:09:31,291 [Listener at 127.0.0.1/15004] INFO  rpc.RpcClient (RpcClient.java:createVolume(476)) - Creating Volume: 36c3c7a5-328c-4069-9da6-d07f04368b80, with runner as owner and space quota set to -1 bytes, counts quota set to -1
2023-05-17 09:09:31,294 [OM StateMachine ApplyTransaction Thread - 0] INFO  volume.OMVolumeCreateRequest (OMVolumeCreateRequest.java:validateAndUpdateCache(196)) - created volume:36c3c7a5-328c-4069-9da6-d07f04368b80 for user:runner
2023-05-17 09:09:31,297 [Listener at 127.0.0.1/15004] INFO  rpc.RpcClient (RpcClient.java:createBucket(698)) - Creating Bucket: 36c3c7a5-328c-4069-9da6-d07f04368b80/a64c0a2f-112a-41db-b6fd-2086d1be9079, with server-side default bucket layout, runner as owner, Versioning false, Storage Type set to DISK and Encryption set to false, Replication Type set to server-side default replication type, Namespace Quota set to -1, Space Quota set to -1 
2023-05-17 09:09:31,301 [OM StateMachine ApplyTransaction Thread - 0] INFO  bucket.OMBucketCreateRequest (OMBucketCreateRequest.java:validateAndUpdateCache(270)) - created bucket: a64c0a2f-112a-41db-b6fd-2086d1be9079 of layout OBJECT_STORE in volume: 36c3c7a5-328c-4069-9da6-d07f04368b80
2023-05-17 09:09:31,306 [IPC Server handler 17 on default port 15001] INFO  pipeline.PipelineStateManagerImpl (PipelineStateManagerImpl.java:addPipeline(103)) - Created pipeline Pipeline[ Id: 493bfa6b-750c-463c-bfc5-d5ba5816f9a0, Nodes: 5b9af961-56be-4fa8-844e-3cefe1429416(fv-az41-747.zje5jq5y5x4uznwvdkgxk4wc2h.cx.internal.cloudapp.net/10.1.0.64)57ed5fd8-a62b-44c8-9c66-83b6d5ca8b16(fv-az41-747.zje5jq5y5x4uznwvdkgxk4wc2h.cx.internal.cloudapp.net/10.1.0.64)b98521b2-5644-4aab-8244-d2e66a88cd45(fv-az41-747.zje5jq5y5x4uznwvdkgxk4wc2h.cx.internal.cloudapp.net/10.1.0.64)f1b6f36b-e7af-48b8-b739-38f78676889c(fv-az41-747.zje5jq5y5x4uznwvdkgxk4wc2h.cx.internal.cloudapp.net/10.1.0.64)b2b5d537-374d-472d-b9f1-d9543cb70a6b(fv-az41-747.zje5jq5y5x4uznwvdkgxk4wc2h.cx.internal.cloudapp.net/10.1.0.64), ReplicationConfig: EC{rs-3-2-1024k}, State:ALLOCATED, leaderId:, CreationTimestamp2023-05-17T09:09:31.305Z[Etc/UTC]].
2023-05-17 09:09:31,306 [IPC Server handler 17 on default port 15001] INFO  pipeline.PipelineManagerImpl (PipelineManagerImpl.java:openPipeline(367)) - Pipeline Pipeline[ Id: 493bfa6b-750c-463c-bfc5-d5ba5816f9a0, Nodes: 5b9af961-56be-4fa8-844e-3cefe1429416(fv-az41-747.zje5jq5y5x4uznwvdkgxk4wc2h.cx.internal.cloudapp.net/10.1.0.64)57ed5fd8-a62b-44c8-9c66-83b6d5ca8b16(fv-az41-747.zje5jq5y5x4uznwvdkgxk4wc2h.cx.internal.cloudapp.net/10.1.0.64)b98521b2-5644-4aab-8244-d2e66a88cd45(fv-az41-747.zje5jq5y5x4uznwvdkgxk4wc2h.cx.internal.cloudapp.net/10.1.0.64)f1b6f36b-e7af-48b8-b739-38f78676889c(fv-az41-747.zje5jq5y5x4uznwvdkgxk4wc2h.cx.internal.cloudapp.net/10.1.0.64)b2b5d537-374d-472d-b9f1-d9543cb70a6b(fv-az41-747.zje5jq5y5x4uznwvdkgxk4wc2h.cx.internal.cloudapp.net/10.1.0.64), ReplicationConfig: EC{rs-3-2-1024k}, State:ALLOCATED, leaderId:, CreationTimestamp2023-05-17T09:09:31.305Z[Etc/UTC]] moved to OPEN state
2023-05-17 09:09:31,462 [IPC Server handler 6 on default port 15001] INFO  pipeline.PipelineStateManagerImpl (PipelineStateManagerImpl.java:addPipeline(103)) - Created pipeline Pipeline[ Id: cb5b9bd0-73c5-4cc4-9cd3-5dca32cc5b98, Nodes: b2525f4f-bdf5-4dd0-b826-cbccdc8ecebe(fv-az41-747.zje5jq5y5x4uznwvdkgxk4wc2h.cx.internal.cloudapp.net/10.1.0.64)5b11b4e3-e601-4d3f-be34-f92c0e1a86f6(fv-az41-747.zje5jq5y5x4uznwvdkgxk4wc2h.cx.internal.cloudapp.net/10.1.0.64)84eda2eb-aea9-437c-8414-760cea80ce07(fv-az41-747.zje5jq5y5x4uznwvdkgxk4wc2h.cx.internal.cloudapp.net/10.1.0.64)5b9fa8c3-08c3-43f9-b175-3119fbbe3900(fv-az41-747.zje5jq5y5x4uznwvdkgxk4wc2h.cx.internal.cloudapp.net/10.1.0.64)8889e818-58f8-49f9-ac5f-461eb7b79d1e(fv-az41-747.zje5jq5y5x4uznwvdkgxk4wc2h.cx.internal.cloudapp.net/10.1.0.64), ReplicationConfig: EC{rs-3-2-1024k}, State:ALLOCATED, leaderId:, CreationTimestamp2023-05-17T09:09:31.462Z[Etc/UTC]].
2023-05-17 09:09:31,463 [IPC Server handler 6 on default port 15001] INFO  pipeline.PipelineManagerImpl (PipelineManagerImpl.java:openPipeline(367)) - Pipeline Pipeline[ Id: cb5b9bd0-73c5-4cc4-9cd3-5dca32cc5b98, Nodes: b2525f4f-bdf5-4dd0-b826-cbccdc8ecebe(fv-az41-747.zje5jq5y5x4uznwvdkgxk4wc2h.cx.internal.cloudapp.net/10.1.0.64)5b11b4e3-e601-4d3f-be34-f92c0e1a86f6(fv-az41-747.zje5jq5y5x4uznwvdkgxk4wc2h.cx.internal.cloudapp.net/10.1.0.64)84eda2eb-aea9-437c-8414-760cea80ce07(fv-az41-747.zje5jq5y5x4uznwvdkgxk4wc2h.cx.internal.cloudapp.net/10.1.0.64)5b9fa8c3-08c3-43f9-b175-3119fbbe3900(fv-az41-747.zje5jq5y5x4uznwvdkgxk4wc2h.cx.internal.cloudapp.net/10.1.0.64)8889e818-58f8-49f9-ac5f-461eb7b79d1e(fv-az41-747.zje5jq5y5x4uznwvdkgxk4wc2h.cx.internal.cloudapp.net/10.1.0.64), ReplicationConfig: EC{rs-3-2-1024k}, State:ALLOCATED, leaderId:, CreationTimestamp2023-05-17T09:09:31.462Z[Etc/UTC]] moved to OPEN state
2023-05-17 09:09:31,613 [Listener at 127.0.0.1/15004] INFO  rpc.RpcClient (RpcClient.java:createVolume(476)) - Creating Volume: fb8769d3-f2bf-476c-b052-f0bc7f369962, with runner as owner and space quota set to -1 bytes, counts quota set to -1
2023-05-17 09:09:31,616 [OM StateMachine ApplyTransaction Thread - 0] INFO  volume.OMVolumeCreateRequest (OMVolumeCreateRequest.java:validateAndUpdateCache(196)) - created volume:fb8769d3-f2bf-476c-b052-f0bc7f369962 for user:runner
2023-05-17 09:09:31,618 [Listener at 127.0.0.1/15004] INFO  rpc.RpcClient (RpcClient.java:createBucket(698)) - Creating Bucket: fb8769d3-f2bf-476c-b052-f0bc7f369962/a6c5da3e-b766-4190-89e8-a9ae1ff3ac8a, with server-side default bucket layout, runner as owner, Versioning false, Storage Type set to DISK and Encryption set to false, Replication Type set to server-side default replication type, Namespace Quota set to -1, Space Quota set to -1 
2023-05-17 09:09:31,620 [OM StateMachine ApplyTransaction Thread - 0] INFO  bucket.OMBucketCreateRequest (OMBucketCreateRequest.java:validateAndUpdateCache(270)) - created bucket: a6c5da3e-b766-4190-89e8-a9ae1ff3ac8a of layout OBJECT_STORE in volume: fb8769d3-f2bf-476c-b052-f0bc7f369962
2023-05-17 09:09:31,625 [IPC Server handler 2 on default port 15001] INFO  pipeline.PipelineStateManagerImpl (PipelineStateManagerImpl.java:addPipeline(103)) - Created pipeline Pipeline[ Id: e428487a-844f-44c0-8cbe-912910411a2f, Nodes: 8889e818-58f8-49f9-ac5f-461eb7b79d1e(fv-az41-747.zje5jq5y5x4uznwvdkgxk4wc2h.cx.internal.cloudapp.net/10.1.0.64)b2525f4f-bdf5-4dd0-b826-cbccdc8ecebe(fv-az41-747.zje5jq5y5x4uznwvdkgxk4wc2h.cx.internal.cloudapp.net/10.1.0.64)f1b6f36b-e7af-48b8-b739-38f78676889c(fv-az41-747.zje5jq5y5x4uznwvdkgxk4wc2h.cx.internal.cloudapp.net/10.1.0.64)b98521b2-5644-4aab-8244-d2e66a88cd45(fv-az41-747.zje5jq5y5x4uznwvdkgxk4wc2h.cx.internal.cloudapp.net/10.1.0.64)a82ad0ea-641b-4ac2-b933-a1a26b5fe742(fv-az41-747.zje5jq5y5x4uznwvdkgxk4wc2h.cx.internal.cloudapp.net/10.1.0.64), ReplicationConfig: EC{rs-3-2-1024k}, State:ALLOCATED, leaderId:, CreationTimestamp2023-05-17T09:09:31.624Z[Etc/UTC]].
2023-05-17 09:09:31,625 [IPC Server handler 2 on default port 15001] INFO  pipeline.PipelineManagerImpl (PipelineManagerImpl.java:openPipeline(367)) - Pipeline Pipeline[ Id: e428487a-844f-44c0-8cbe-912910411a2f, Nodes: 8889e818-58f8-49f9-ac5f-461eb7b79d1e(fv-az41-747.zje5jq5y5x4uznwvdkgxk4wc2h.cx.internal.cloudapp.net/10.1.0.64)b2525f4f-bdf5-4dd0-b826-cbccdc8ecebe(fv-az41-747.zje5jq5y5x4uznwvdkgxk4wc2h.cx.internal.cloudapp.net/10.1.0.64)f1b6f36b-e7af-48b8-b739-38f78676889c(fv-az41-747.zje5jq5y5x4uznwvdkgxk4wc2h.cx.internal.cloudapp.net/10.1.0.64)b98521b2-5644-4aab-8244-d2e66a88cd45(fv-az41-747.zje5jq5y5x4uznwvdkgxk4wc2h.cx.internal.cloudapp.net/10.1.0.64)a82ad0ea-641b-4ac2-b933-a1a26b5fe742(fv-az41-747.zje5jq5y5x4uznwvdkgxk4wc2h.cx.internal.cloudapp.net/10.1.0.64), ReplicationConfig: EC{rs-3-2-1024k}, State:ALLOCATED, leaderId:, CreationTimestamp2023-05-17T09:09:31.624Z[Etc/UTC]] moved to OPEN state
2023-05-17 09:09:32,074 [Listener at 127.0.0.1/15004] INFO  rpc.RpcClient (RpcClient.java:createVolume(476)) - Creating Volume: 9043f7b9-f42b-4711-a4fa-44be3fa9b0b4, with runner as owner and space quota set to -1 bytes, counts quota set to -1
2023-05-17 09:09:32,076 [OM StateMachine ApplyTransaction Thread - 0] INFO  volume.OMVolumeCreateRequest (OMVolumeCreateRequest.java:validateAndUpdateCache(196)) - created volume:9043f7b9-f42b-4711-a4fa-44be3fa9b0b4 for user:runner
2023-05-17 09:09:32,077 [Listener at 127.0.0.1/15004] INFO  rpc.RpcClient (RpcClient.java:createBucket(698)) - Creating Bucket: 9043f7b9-f42b-4711-a4fa-44be3fa9b0b4/affd54ef-b56e-45ce-802d-c8b868c1269c, with server-side default bucket layout, runner as owner, Versioning false, Storage Type set to DISK and Encryption set to false, Replication Type set to server-side default replication type, Namespace Quota set to -1, Space Quota set to -1 
2023-05-17 09:09:32,080 [OM StateMachine ApplyTransaction Thread - 0] INFO  bucket.OMBucketCreateRequest (OMBucketCreateRequest.java:validateAndUpdateCache(270)) - created bucket: affd54ef-b56e-45ce-802d-c8b868c1269c of layout OBJECT_STORE in volume: 9043f7b9-f42b-4711-a4fa-44be3fa9b0b4
2023-05-17 09:09:32,376 [Listener at 127.0.0.1/15004] INFO  rpc.RpcClient (RpcClient.java:createVolume(476)) - Creating Volume: 289086a6-122a-4e2f-a517-732e2d1a68ad, with runner as owner and space quota set to -1 bytes, counts quota set to -1
2023-05-17 09:09:32,382 [OM StateMachine ApplyTransaction Thread - 0] INFO  volume.OMVolumeCreateRequest (OMVolumeCreateRequest.java:validateAndUpdateCache(196)) - created volume:289086a6-122a-4e2f-a517-732e2d1a68ad for user:runner
2023-05-17 09:09:32,384 [Listener at 127.0.0.1/15004] INFO  rpc.RpcClient (RpcClient.java:createBucket(698)) - Creating Bucket: 289086a6-122a-4e2f-a517-732e2d1a68ad/494815a8-4a4f-4722-83e9-e41b30e39cb6, with server-side default bucket layout, runner as owner, Versioning false, Storage Type set to DISK and Encryption set to false, Replication Type set to server-side default replication type, Namespace Quota set to -1, Space Quota set to -1 
2023-05-17 09:09:32,386 [OM StateMachine ApplyTransaction Thread - 0] INFO  bucket.OMBucketCreateRequest (OMBucketCreateRequest.java:validateAndUpdateCache(270)) - created bucket: 494815a8-4a4f-4722-83e9-e41b30e39cb6 of layout OBJECT_STORE in volume: 289086a6-122a-4e2f-a517-732e2d1a68ad
2023-05-17 09:09:32,829 [Listener at 127.0.0.1/15004] INFO  rpc.RpcClient (RpcClient.java:createVolume(476)) - Creating Volume: 049fb1a8-ebcb-412b-823a-821f75a76efc, with runner as owner and space quota set to -1 bytes, counts quota set to -1
2023-05-17 09:09:32,832 [OM StateMachine ApplyTransaction Thread - 0] INFO  volume.OMVolumeCreateRequest (OMVolumeCreateRequest.java:validateAndUpdateCache(196)) - created volume:049fb1a8-ebcb-412b-823a-821f75a76efc for user:runner
2023-05-17 09:09:32,833 [Listener at 127.0.0.1/15004] INFO  rpc.RpcClient (RpcClient.java:createBucket(698)) - Creating Bucket: 049fb1a8-ebcb-412b-823a-821f75a76efc/75cf780d-83aa-4847-b7fd-20963859792a, with server-side default bucket layout, runner as owner, Versioning false, Storage Type set to DISK and Encryption set to false, Replication Type set to server-side default replication type, Namespace Quota set to -1, Space Quota set to -1 
2023-05-17 09:09:32,835 [OM StateMachine ApplyTransaction Thread - 0] INFO  bucket.OMBucketCreateRequest (OMBucketCreateRequest.java:validateAndUpdateCache(270)) - created bucket: 75cf780d-83aa-4847-b7fd-20963859792a of layout OBJECT_STORE in volume: 049fb1a8-ebcb-412b-823a-821f75a76efc
2023-05-17 09:09:33,671 [Listener at 127.0.0.1/15004] INFO  rpc.RpcClient (RpcClient.java:createVolume(476)) - Creating Volume: 7b58caaa-d40b-47de-ba40-eb3bd50c880f, with runner as owner and space quota set to -1 bytes, counts quota set to -1
2023-05-17 09:09:33,674 [OM StateMachine ApplyTransaction Thread - 0] INFO  volume.OMVolumeCreateRequest (OMVolumeCreateRequest.java:validateAndUpdateCache(196)) - created volume:7b58caaa-d40b-47de-ba40-eb3bd50c880f for user:runner
2023-05-17 09:09:33,675 [Listener at 127.0.0.1/15004] INFO  rpc.RpcClient (RpcClient.java:createBucket(698)) - Creating Bucket: 7b58caaa-d40b-47de-ba40-eb3bd50c880f/5d12b894-74f7-4c5a-b945-0bdb85a9ee3c, with server-side default bucket layout, runner as owner, Versioning false, Storage Type set to DISK and Encryption set to false, Replication Type set to server-side default replication type, Namespace Quota set to -1, Space Quota set to -1 
2023-05-17 09:09:33,677 [OM StateMachine ApplyTransaction Thread - 0] INFO  bucket.OMBucketCreateRequest (OMBucketCreateRequest.java:validateAndUpdateCache(270)) - created bucket: 5d12b894-74f7-4c5a-b945-0bdb85a9ee3c of layout OBJECT_STORE in volume: 7b58caaa-d40b-47de-ba40-eb3bd50c880f
2023-05-17 09:09:34,114 [Listener at 127.0.0.1/15004] INFO  rpc.RpcClient (RpcClient.java:createVolume(476)) - Creating Volume: 8c5eaa61-9757-4ed3-b87e-bd2aeeab2aef, with runner as owner and space quota set to -1 bytes, counts quota set to -1
2023-05-17 09:09:34,117 [OM StateMachine ApplyTransaction Thread - 0] INFO  volume.OMVolumeCreateRequest (OMVolumeCreateRequest.java:validateAndUpdateCache(196)) - created volume:8c5eaa61-9757-4ed3-b87e-bd2aeeab2aef for user:runner
2023-05-17 09:09:34,119 [Listener at 127.0.0.1/15004] INFO  rpc.RpcClient (RpcClient.java:createBucket(698)) - Creating Bucket: 8c5eaa61-9757-4ed3-b87e-bd2aeeab2aef/41cd4e29-3938-45b2-9c48-f3b79f5c4c3b, with server-side default bucket layout, runner as owner, Versioning false, Storage Type set to DISK and Encryption set to false, Replication Type set to server-side default replication type, Namespace Quota set to -1, Space Quota set to -1 
2023-05-17 09:09:34,121 [OM StateMachine ApplyTransaction Thread - 0] INFO  bucket.OMBucketCreateRequest (OMBucketCreateRequest.java:validateAndUpdateCache(270)) - created bucket: 41cd4e29-3938-45b2-9c48-f3b79f5c4c3b of layout OBJECT_STORE in volume: 8c5eaa61-9757-4ed3-b87e-bd2aeeab2aef
2023-05-17 09:09:34,658 [Listener at 127.0.0.1/15004] INFO  rpc.RpcClient (RpcClient.java:createVolume(476)) - Creating Volume: 1ae3d68f-08cf-42c0-a674-b34cd7e84d52, with runner as owner and space quota set to -1 bytes, counts quota set to -1
2023-05-17 09:09:34,660 [OM StateMachine ApplyTransaction Thread - 0] INFO  volume.OMVolumeCreateRequest (OMVolumeCreateRequest.java:validateAndUpdateCache(196)) - created volume:1ae3d68f-08cf-42c0-a674-b34cd7e84d52 for user:runner
2023-05-17 09:09:34,662 [Listener at 127.0.0.1/15004] INFO  rpc.RpcClient (RpcClient.java:createBucket(698)) - Creating Bucket: 1ae3d68f-08cf-42c0-a674-b34cd7e84d52/bc0fadd7-1bb7-4893-a166-cfa0cb2b236e, with server-side default bucket layout, runner as owner, Versioning false, Storage Type set to DISK and Encryption set to false, Replication Type set to server-side default replication type, Namespace Quota set to -1, Space Quota set to -1 
2023-05-17 09:09:34,664 [OM StateMachine ApplyTransaction Thread - 0] INFO  bucket.OMBucketCreateRequest (OMBucketCreateRequest.java:validateAndUpdateCache(270)) - created bucket: bc0fadd7-1bb7-4893-a166-cfa0cb2b236e of layout OBJECT_STORE in volume: 1ae3d68f-08cf-42c0-a674-b34cd7e84d52
2023-05-17 09:09:35,157 [Listener at 127.0.0.1/15004] INFO  rpc.RpcClient (RpcClient.java:createVolume(476)) - Creating Volume: ebc74a24-05cd-40b5-a6e7-e966e431b3af, with runner as owner and space quota set to -1 bytes, counts quota set to -1
2023-05-17 09:09:35,159 [OM StateMachine ApplyTransaction Thread - 0] INFO  volume.OMVolumeCreateRequest (OMVolumeCreateRequest.java:validateAndUpdateCache(196)) - created volume:ebc74a24-05cd-40b5-a6e7-e966e431b3af for user:runner
2023-05-17 09:09:35,161 [Listener at 127.0.0.1/15004] INFO  rpc.RpcClient (RpcClient.java:createBucket(698)) - Creating Bucket: ebc74a24-05cd-40b5-a6e7-e966e431b3af/0b33d7dd-9b38-407c-bc48-8e811c426427, with server-side default bucket layout, runner as owner, Versioning false, Storage Type set to DISK and Encryption set to false, Replication Type set to server-side default replication type, Namespace Quota set to -1, Space Quota set to -1 
2023-05-17 09:09:35,163 [OM StateMachine ApplyTransaction Thread - 0] INFO  bucket.OMBucketCreateRequest (OMBucketCreateRequest.java:validateAndUpdateCache(270)) - created bucket: 0b33d7dd-9b38-407c-bc48-8e811c426427 of layout OBJECT_STORE in volume: ebc74a24-05cd-40b5-a6e7-e966e431b3af
2023-05-17 09:09:35,635 [Listener at 127.0.0.1/15004] INFO  rpc.RpcClient (RpcClient.java:createVolume(476)) - Creating Volume: d3bc230a-e291-4477-8e60-063a78246dc0, with runner as owner and space quota set to -1 bytes, counts quota set to -1
2023-05-17 09:09:35,637 [OM StateMachine ApplyTransaction Thread - 0] INFO  volume.OMVolumeCreateRequest (OMVolumeCreateRequest.java:validateAndUpdateCache(196)) - created volume:d3bc230a-e291-4477-8e60-063a78246dc0 for user:runner
2023-05-17 09:09:35,639 [Listener at 127.0.0.1/15004] INFO  rpc.RpcClient (RpcClient.java:createBucket(698)) - Creating Bucket: d3bc230a-e291-4477-8e60-063a78246dc0/632e937f-68ab-4053-a101-65f76ecf8457, with server-side default bucket layout, runner as owner, Versioning false, Storage Type set to DISK and Encryption set to false, Replication Type set to server-side default replication type, Namespace Quota set to -1, Space Quota set to -1 
2023-05-17 09:09:35,641 [OM StateMachine ApplyTransaction Thread - 0] INFO  bucket.OMBucketCreateRequest (OMBucketCreateRequest.java:validateAndUpdateCache(270)) - created bucket: 632e937f-68ab-4053-a101-65f76ecf8457 of layout OBJECT_STORE in volume: d3bc230a-e291-4477-8e60-063a78246dc0
2023-05-17 09:09:36,677 [Listener at 127.0.0.1/15004] INFO  rpc.RpcClient (RpcClient.java:createVolume(476)) - Creating Volume: 20c291c0-6181-41ff-9df3-c4446224704c, with runner as owner and space quota set to -1 bytes, counts quota set to -1
2023-05-17 09:09:36,679 [OM StateMachine ApplyTransaction Thread - 0] INFO  volume.OMVolumeCreateRequest (OMVolumeCreateRequest.java:validateAndUpdateCache(196)) - created volume:20c291c0-6181-41ff-9df3-c4446224704c for user:runner
2023-05-17 09:09:36,681 [Listener at 127.0.0.1/15004] INFO  rpc.RpcClient (RpcClient.java:createBucket(698)) - Creating Bucket: 20c291c0-6181-41ff-9df3-c4446224704c/a6709920-c333-44bd-ab65-4821ecae7be7, with server-side default bucket layout, runner as owner, Versioning false, Storage Type set to DISK and Encryption set to false, Replication Type set to server-side default replication type, Namespace Quota set to -1, Space Quota set to -1 
2023-05-17 09:09:36,683 [OM StateMachine ApplyTransaction Thread - 0] INFO  bucket.OMBucketCreateRequest (OMBucketCreateRequest.java:validateAndUpdateCache(270)) - created bucket: a6709920-c333-44bd-ab65-4821ecae7be7 of layout OBJECT_STORE in volume: 20c291c0-6181-41ff-9df3-c4446224704c
]]></system-out>
  </testcase>
  <testcase name="testBucketQuotaInNamespace" classname="org.apache.hadoop.ozone.client.rpc.TestSecureOzoneRpcClient" time="0.161">
    <system-out><![CDATA[2023-05-17 09:09:37,262 [Listener at 127.0.0.1/15004] INFO  rpc.RpcClient (RpcClient.java:createVolume(476)) - Creating Volume: 8b0dae8b-1d8e-4876-ab0e-b98e2e8861b1, with runner as owner and space quota set to -1 bytes, counts quota set to -1
2023-05-17 09:09:37,266 [OM StateMachine ApplyTransaction Thread - 0] INFO  volume.OMVolumeCreateRequest (OMVolumeCreateRequest.java:validateAndUpdateCache(196)) - created volume:8b0dae8b-1d8e-4876-ab0e-b98e2e8861b1 for user:runner
2023-05-17 09:09:37,268 [Listener at 127.0.0.1/15004] INFO  rpc.RpcClient (RpcClient.java:createBucket(698)) - Creating Bucket: 8b0dae8b-1d8e-4876-ab0e-b98e2e8861b1/5844a941-9a49-4ee9-8963-b98665727ca6, with server-side default bucket layout, runner as owner, Versioning false, Storage Type set to DISK and Encryption set to false, Replication Type set to server-side default replication type, Namespace Quota set to -1, Space Quota set to -1 
2023-05-17 09:09:37,271 [OM StateMachine ApplyTransaction Thread - 0] INFO  bucket.OMBucketCreateRequest (OMBucketCreateRequest.java:validateAndUpdateCache(270)) - created bucket: 5844a941-9a49-4ee9-8963-b98665727ca6 of layout OBJECT_STORE in volume: 8b0dae8b-1d8e-4876-ab0e-b98e2e8861b1
09:09:37.398 [OM StateMachine ApplyTransaction Thread - 0] ERROR OMAudit - user=runner | ip=127.0.0.1 | op=ALLOCATE_KEY {volume=8b0dae8b-1d8e-4876-ab0e-b98e2e8861b1, bucket=5844a941-9a49-4ee9-8963-b98665727ca6, key=e6cf2ff1-b6bd-409b-bcc2-f85722061c62, dataSize=12, replicationType=RATIS, replicationFactor=ONE} | ret=FAILURE
org.apache.hadoop.ozone.om.exceptions.OMException: The namespace quota of Bucket:5844a941-9a49-4ee9-8963-b98665727ca6 exceeded: quotaInNamespace: 2 but namespace consumed: 3.
	at org.apache.hadoop.ozone.om.request.key.OMKeyRequest.checkBucketQuotaInNamespace(OMKeyRequest.java:555) ~[ozone-manager-1.4.0-SNAPSHOT.jar:?]
	at org.apache.hadoop.ozone.om.request.key.OMKeyCreateRequest.validateAndUpdateCache(OMKeyCreateRequest.java:307) ~[ozone-manager-1.4.0-SNAPSHOT.jar:?]
	at org.apache.hadoop.ozone.protocolPB.OzoneManagerRequestHandler.handleWriteRequest(OzoneManagerRequestHandler.java:337) ~[ozone-manager-1.4.0-SNAPSHOT.jar:?]
	at org.apache.hadoop.ozone.om.ratis.OzoneManagerStateMachine.runCommand(OzoneManagerStateMachine.java:567) ~[ozone-manager-1.4.0-SNAPSHOT.jar:?]
	at org.apache.hadoop.ozone.om.ratis.OzoneManagerStateMachine.lambda$1(OzoneManagerStateMachine.java:358) ~[ozone-manager-1.4.0-SNAPSHOT.jar:?]
	at java.util.concurrent.CompletableFuture$AsyncSupply.run(CompletableFuture.java:1604) [?:1.8.0_362]
	at java.util.concurrent.ThreadPoolExecutor.runWorker(ThreadPoolExecutor.java:1149) [?:1.8.0_362]
	at java.util.concurrent.ThreadPoolExecutor$Worker.run(ThreadPoolExecutor.java:624) [?:1.8.0_362]
	at java.lang.Thread.run(Thread.java:750) [?:1.8.0_362]
2023-05-17 09:09:37,398 [OM StateMachine ApplyTransaction Thread - 0] ERROR key.OMKeyCreateRequest (OMKeyCreateRequest.java:logResult(379)) - Key creation failed. Volume:8b0dae8b-1d8e-4876-ab0e-b98e2e8861b1, Bucket:5844a941-9a49-4ee9-8963-b98665727ca6, Key:e6cf2ff1-b6bd-409b-bcc2-f85722061c62. 
QUOTA_EXCEEDED org.apache.hadoop.ozone.om.exceptions.OMException: The namespace quota of Bucket:5844a941-9a49-4ee9-8963-b98665727ca6 exceeded: quotaInNamespace: 2 but namespace consumed: 3.
	at org.apache.hadoop.ozone.om.request.key.OMKeyRequest.checkBucketQuotaInNamespace(OMKeyRequest.java:555)
	at org.apache.hadoop.ozone.om.request.key.OMKeyCreateRequest.validateAndUpdateCache(OMKeyCreateRequest.java:307)
	at org.apache.hadoop.ozone.protocolPB.OzoneManagerRequestHandler.handleWriteRequest(OzoneManagerRequestHandler.java:337)
	at org.apache.hadoop.ozone.om.ratis.OzoneManagerStateMachine.runCommand(OzoneManagerStateMachine.java:567)
	at org.apache.hadoop.ozone.om.ratis.OzoneManagerStateMachine.lambda$1(OzoneManagerStateMachine.java:358)
	at java.util.concurrent.CompletableFuture$AsyncSupply.run(CompletableFuture.java:1604)
	at java.util.concurrent.ThreadPoolExecutor.runWorker(ThreadPoolExecutor.java:1149)
	at java.util.concurrent.ThreadPoolExecutor$Worker.run(ThreadPoolExecutor.java:624)
	at java.lang.Thread.run(Thread.java:750)
]]></system-out>
  </testcase>
  <testcase name="testBucketSetOwner" classname="org.apache.hadoop.ozone.client.rpc.TestSecureOzoneRpcClient" time="0.038">
    <system-out><![CDATA[2023-05-17 09:09:37,424 [Listener at 127.0.0.1/15004] INFO  rpc.RpcClient (RpcClient.java:createVolume(476)) - Creating Volume: 55e503ea-0c15-45e6-bf2e-bacc47474b56, with runner as owner and space quota set to -1 bytes, counts quota set to -1
2023-05-17 09:09:37,427 [OM StateMachine ApplyTransaction Thread - 0] INFO  volume.OMVolumeCreateRequest (OMVolumeCreateRequest.java:validateAndUpdateCache(196)) - created volume:55e503ea-0c15-45e6-bf2e-bacc47474b56 for user:runner
2023-05-17 09:09:37,429 [Listener at 127.0.0.1/15004] INFO  rpc.RpcClient (RpcClient.java:createBucket(698)) - Creating Bucket: 55e503ea-0c15-45e6-bf2e-bacc47474b56/7690dd12-8eea-478e-85d5-158d2d2c57c6, with server-side default bucket layout, runner as owner, Versioning false, Storage Type set to DISK and Encryption set to false, Replication Type set to server-side default replication type, Namespace Quota set to -1, Space Quota set to -1 
2023-05-17 09:09:37,431 [OM StateMachine ApplyTransaction Thread - 0] INFO  bucket.OMBucketCreateRequest (OMBucketCreateRequest.java:validateAndUpdateCache(270)) - created bucket: 7690dd12-8eea-478e-85d5-158d2d2c57c6 of layout OBJECT_STORE in volume: 55e503ea-0c15-45e6-bf2e-bacc47474b56
]]></system-out>
  </testcase>
  <testcase name="testBucketUsedBytes" classname="org.apache.hadoop.ozone.client.rpc.TestSecureOzoneRpcClient" time="0.248">
    <system-out><![CDATA[2023-05-17 09:09:37,464 [Listener at 127.0.0.1/15004] INFO  rpc.RpcClient (RpcClient.java:createVolume(476)) - Creating Volume: b4b365ff-c778-410b-8848-d348bd724090, with runner as owner and space quota set to -1 bytes, counts quota set to -1
2023-05-17 09:09:37,467 [OM StateMachine ApplyTransaction Thread - 0] INFO  volume.OMVolumeCreateRequest (OMVolumeCreateRequest.java:validateAndUpdateCache(196)) - created volume:b4b365ff-c778-410b-8848-d348bd724090 for user:runner
2023-05-17 09:09:37,470 [Listener at 127.0.0.1/15004] INFO  rpc.RpcClient (RpcClient.java:createBucket(698)) - Creating Bucket: b4b365ff-c778-410b-8848-d348bd724090/cae1db5b-c8ed-41b4-b68c-83320f8d6fa5, with bucket layout OBJECT_STORE, runner as owner, Versioning false, Storage Type set to DISK and Encryption set to false, Replication Type set to server-side default replication type, Namespace Quota set to -1, Space Quota set to -1 
2023-05-17 09:09:37,473 [OM StateMachine ApplyTransaction Thread - 0] INFO  bucket.OMBucketCreateRequest (OMBucketCreateRequest.java:validateAndUpdateCache(270)) - created bucket: cae1db5b-c8ed-41b4-b68c-83320f8d6fa5 of layout OBJECT_STORE in volume: b4b365ff-c778-410b-8848-d348bd724090
2023-05-17 09:09:37,702 [OM StateMachine ApplyTransaction Thread - 0] INFO  key.OMKeyRequest (OMKeyRequest.java:wrapUncommittedBlocksAsPseudoKey(829)) - Detect allocated but uncommitted blocks [{blockID={containerID=3, localID=111677748019200093}, length=4194304, offset=0, token=null, pipeline=null, createVersion=0, partNumber=0}] in key 56c34b39-cf43-4f7e-a29c-554c14a0d210.
]]></system-out>
  </testcase>
  <testcase name="testBucketUsedNamespace(BucketLayout)[1]" classname="org.apache.hadoop.ozone.client.rpc.TestSecureOzoneRpcClient" time="0.224">
    <system-out><![CDATA[2023-05-17 09:09:37,714 [Listener at 127.0.0.1/15004] INFO  rpc.RpcClient (RpcClient.java:createVolume(476)) - Creating Volume: 21428ab6-e0cb-4f0c-9df0-5715df88e847, with runner as owner and space quota set to -1 bytes, counts quota set to -1
2023-05-17 09:09:37,716 [OM StateMachine ApplyTransaction Thread - 0] INFO  volume.OMVolumeCreateRequest (OMVolumeCreateRequest.java:validateAndUpdateCache(196)) - created volume:21428ab6-e0cb-4f0c-9df0-5715df88e847 for user:runner
2023-05-17 09:09:37,718 [Listener at 127.0.0.1/15004] INFO  rpc.RpcClient (RpcClient.java:createBucket(698)) - Creating Bucket: 21428ab6-e0cb-4f0c-9df0-5715df88e847/162eb93f-dfac-4d4b-9b4d-a1b7781560a0, with bucket layout OBJECT_STORE, runner as owner, Versioning false, Storage Type set to DISK and Encryption set to false, Replication Type set to server-side default replication type, Namespace Quota set to -1, Space Quota set to -1 
2023-05-17 09:09:37,721 [OM StateMachine ApplyTransaction Thread - 0] INFO  bucket.OMBucketCreateRequest (OMBucketCreateRequest.java:validateAndUpdateCache(270)) - created bucket: 162eb93f-dfac-4d4b-9b4d-a1b7781560a0 of layout OBJECT_STORE in volume: 21428ab6-e0cb-4f0c-9df0-5715df88e847
]]></system-out>
  </testcase>
  <testcase name="testBucketUsedNamespace(BucketLayout)[2]" classname="org.apache.hadoop.ozone.client.rpc.TestSecureOzoneRpcClient" time="0.214">
    <system-out><![CDATA[2023-05-17 09:09:37,938 [Listener at 127.0.0.1/15004] INFO  rpc.RpcClient (RpcClient.java:createVolume(476)) - Creating Volume: 160ee15d-b950-4e5e-87a6-5519f0176ead, with runner as owner and space quota set to -1 bytes, counts quota set to -1
2023-05-17 09:09:37,941 [OM StateMachine ApplyTransaction Thread - 0] INFO  volume.OMVolumeCreateRequest (OMVolumeCreateRequest.java:validateAndUpdateCache(196)) - created volume:160ee15d-b950-4e5e-87a6-5519f0176ead for user:runner
2023-05-17 09:09:37,943 [Listener at 127.0.0.1/15004] INFO  rpc.RpcClient (RpcClient.java:createBucket(698)) - Creating Bucket: 160ee15d-b950-4e5e-87a6-5519f0176ead/91c36367-02cd-4573-885e-1f6fd9edfab0, with bucket layout LEGACY, runner as owner, Versioning false, Storage Type set to DISK and Encryption set to false, Replication Type set to server-side default replication type, Namespace Quota set to -1, Space Quota set to -1 
2023-05-17 09:09:37,945 [OM StateMachine ApplyTransaction Thread - 0] INFO  bucket.OMBucketCreateRequest (OMBucketCreateRequest.java:validateAndUpdateCache(270)) - created bucket: 91c36367-02cd-4573-885e-1f6fd9edfab0 of layout LEGACY in volume: 160ee15d-b950-4e5e-87a6-5519f0176ead
]]></system-out>
  </testcase>
  <testcase name="testBucketUsedNamespace(BucketLayout)[3]" classname="org.apache.hadoop.ozone.client.rpc.TestSecureOzoneRpcClient" time="0.307">
    <system-out><![CDATA[2023-05-17 09:09:38,153 [Listener at 127.0.0.1/15004] INFO  rpc.RpcClient (RpcClient.java:createVolume(476)) - Creating Volume: 09cd12aa-f12f-41a7-a8c3-ae8f187ce4a8, with runner as owner and space quota set to -1 bytes, counts quota set to -1
2023-05-17 09:09:38,156 [OM StateMachine ApplyTransaction Thread - 0] INFO  volume.OMVolumeCreateRequest (OMVolumeCreateRequest.java:validateAndUpdateCache(196)) - created volume:09cd12aa-f12f-41a7-a8c3-ae8f187ce4a8 for user:runner
2023-05-17 09:09:38,160 [Listener at 127.0.0.1/15004] INFO  rpc.RpcClient (RpcClient.java:createBucket(698)) - Creating Bucket: 09cd12aa-f12f-41a7-a8c3-ae8f187ce4a8/78d9ee98-5d74-4261-8499-172cad3e4dc7, with bucket layout FILE_SYSTEM_OPTIMIZED, runner as owner, Versioning false, Storage Type set to DISK and Encryption set to false, Replication Type set to server-side default replication type, Namespace Quota set to -1, Space Quota set to -1 
2023-05-17 09:09:38,163 [OM StateMachine ApplyTransaction Thread - 0] INFO  bucket.OMBucketCreateRequest (OMBucketCreateRequest.java:validateAndUpdateCache(270)) - created bucket: 78d9ee98-5d74-4261-8499-172cad3e4dc7 of layout FILE_SYSTEM_OPTIMIZED in volume: 09cd12aa-f12f-41a7-a8c3-ae8f187ce4a8
]]></system-out>
  </testcase>
  <testcase name="testCheckUsedBytesQuota" classname="org.apache.hadoop.ozone.client.rpc.TestSecureOzoneRpcClient" time="0.866">
    <system-out><![CDATA[2023-05-17 09:09:38,462 [Listener at 127.0.0.1/15004] INFO  rpc.RpcClient (RpcClient.java:createVolume(476)) - Creating Volume: b5ed41e2-7f47-4a7b-9ec4-708458b7155d, with runner as owner and space quota set to -1 bytes, counts quota set to -1
2023-05-17 09:09:38,465 [OM StateMachine ApplyTransaction Thread - 0] INFO  volume.OMVolumeCreateRequest (OMVolumeCreateRequest.java:validateAndUpdateCache(196)) - created volume:b5ed41e2-7f47-4a7b-9ec4-708458b7155d for user:runner
2023-05-17 09:09:38,466 [Listener at 127.0.0.1/15004] INFO  rpc.RpcClient (RpcClient.java:createBucket(698)) - Creating Bucket: b5ed41e2-7f47-4a7b-9ec4-708458b7155d/14a610e3-7980-4b92-a1bd-dcfe22a2d241, with server-side default bucket layout, runner as owner, Versioning false, Storage Type set to DISK and Encryption set to false, Replication Type set to server-side default replication type, Namespace Quota set to -1, Space Quota set to -1 
2023-05-17 09:09:38,469 [OM StateMachine ApplyTransaction Thread - 0] INFO  bucket.OMBucketCreateRequest (OMBucketCreateRequest.java:validateAndUpdateCache(270)) - created bucket: 14a610e3-7980-4b92-a1bd-dcfe22a2d241 of layout OBJECT_STORE in volume: b5ed41e2-7f47-4a7b-9ec4-708458b7155d
2023-05-17 09:09:38,474 [Listener at 127.0.0.1/15004] INFO  rpc.RpcClient (RpcClient.java:createBucket(698)) - Creating Bucket: b5ed41e2-7f47-4a7b-9ec4-708458b7155d/e0b6bba7-ffdc-40f7-8c56-f19a8698790f, with server-side default bucket layout, runner as owner, Versioning false, Storage Type set to DISK and Encryption set to false, Replication Type set to server-side default replication type, Namespace Quota set to -1, Space Quota set to -1 
2023-05-17 09:09:38,476 [OM StateMachine ApplyTransaction Thread - 0] INFO  bucket.OMBucketCreateRequest (OMBucketCreateRequest.java:validateAndUpdateCache(270)) - created bucket: e0b6bba7-ffdc-40f7-8c56-f19a8698790f of layout OBJECT_STORE in volume: b5ed41e2-7f47-4a7b-9ec4-708458b7155d
09:09:38.498 [OM StateMachine ApplyTransaction Thread - 0] ERROR OMAudit - user=runner | ip=127.0.0.1 | op=ALLOCATE_KEY {volume=b5ed41e2-7f47-4a7b-9ec4-708458b7155d, bucket=e0b6bba7-ffdc-40f7-8c56-f19a8698790f, key=a7f9c73a-c6f8-4779-b4ad-0db37ff7fc6a, dataSize=12, replicationType=RATIS, replicationFactor=ONE} | ret=FAILURE
org.apache.hadoop.ozone.om.exceptions.OMException: The DiskSpace quota of bucket:e0b6bba7-ffdc-40f7-8c56-f19a8698790f exceeded quotaInBytes: 1 Bytes but diskspace consumed: 4194304 Bytes.
	at org.apache.hadoop.ozone.om.request.key.OMKeyRequest.checkBucketQuotaInBytes(OMKeyRequest.java:536) ~[ozone-manager-1.4.0-SNAPSHOT.jar:?]
	at org.apache.hadoop.ozone.om.request.key.OMKeyCreateRequest.validateAndUpdateCache(OMKeyCreateRequest.java:305) ~[ozone-manager-1.4.0-SNAPSHOT.jar:?]
	at org.apache.hadoop.ozone.protocolPB.OzoneManagerRequestHandler.handleWriteRequest(OzoneManagerRequestHandler.java:337) ~[ozone-manager-1.4.0-SNAPSHOT.jar:?]
	at org.apache.hadoop.ozone.om.ratis.OzoneManagerStateMachine.runCommand(OzoneManagerStateMachine.java:567) ~[ozone-manager-1.4.0-SNAPSHOT.jar:?]
	at org.apache.hadoop.ozone.om.ratis.OzoneManagerStateMachine.lambda$1(OzoneManagerStateMachine.java:358) ~[ozone-manager-1.4.0-SNAPSHOT.jar:?]
	at java.util.concurrent.CompletableFuture$AsyncSupply.run(CompletableFuture.java:1604) [?:1.8.0_362]
	at java.util.concurrent.ThreadPoolExecutor.runWorker(ThreadPoolExecutor.java:1149) [?:1.8.0_362]
	at java.util.concurrent.ThreadPoolExecutor$Worker.run(ThreadPoolExecutor.java:624) [?:1.8.0_362]
	at java.lang.Thread.run(Thread.java:750) [?:1.8.0_362]
2023-05-17 09:09:38,498 [OM StateMachine ApplyTransaction Thread - 0] ERROR key.OMKeyCreateRequest (OMKeyCreateRequest.java:logResult(379)) - Key creation failed. Volume:b5ed41e2-7f47-4a7b-9ec4-708458b7155d, Bucket:e0b6bba7-ffdc-40f7-8c56-f19a8698790f, Key:a7f9c73a-c6f8-4779-b4ad-0db37ff7fc6a. 
QUOTA_EXCEEDED org.apache.hadoop.ozone.om.exceptions.OMException: The DiskSpace quota of bucket:e0b6bba7-ffdc-40f7-8c56-f19a8698790f exceeded quotaInBytes: 1 Bytes but diskspace consumed: 4194304 Bytes.
	at org.apache.hadoop.ozone.om.request.key.OMKeyRequest.checkBucketQuotaInBytes(OMKeyRequest.java:536)
	at org.apache.hadoop.ozone.om.request.key.OMKeyCreateRequest.validateAndUpdateCache(OMKeyCreateRequest.java:305)
	at org.apache.hadoop.ozone.protocolPB.OzoneManagerRequestHandler.handleWriteRequest(OzoneManagerRequestHandler.java:337)
	at org.apache.hadoop.ozone.om.ratis.OzoneManagerStateMachine.runCommand(OzoneManagerStateMachine.java:567)
	at org.apache.hadoop.ozone.om.ratis.OzoneManagerStateMachine.lambda$1(OzoneManagerStateMachine.java:358)
	at java.util.concurrent.CompletableFuture$AsyncSupply.run(CompletableFuture.java:1604)
	at java.util.concurrent.ThreadPoolExecutor.runWorker(ThreadPoolExecutor.java:1149)
	at java.util.concurrent.ThreadPoolExecutor$Worker.run(ThreadPoolExecutor.java:624)
	at java.lang.Thread.run(Thread.java:750)
09:09:38.515 [OM StateMachine ApplyTransaction Thread - 0] ERROR OMAudit - user=runner | ip=127.0.0.1 | op=CREATE_FILE {volume=b5ed41e2-7f47-4a7b-9ec4-708458b7155d, bucket=e0b6bba7-ffdc-40f7-8c56-f19a8698790f, key=48350cc1-ddf6-4447-8580-f25dee8644b6, dataSize=4194304, replicationType=RATIS, replicationFactor=ONE} | ret=FAILURE
org.apache.hadoop.ozone.om.exceptions.OMException: The DiskSpace quota of bucket:e0b6bba7-ffdc-40f7-8c56-f19a8698790f exceeded quotaInBytes: 1 Bytes but diskspace consumed: 4194304 Bytes.
	at org.apache.hadoop.ozone.om.request.key.OMKeyRequest.checkBucketQuotaInBytes(OMKeyRequest.java:536) ~[ozone-manager-1.4.0-SNAPSHOT.jar:?]
	at org.apache.hadoop.ozone.om.request.file.OMFileCreateRequest.validateAndUpdateCache(OMFileCreateRequest.java:277) ~[ozone-manager-1.4.0-SNAPSHOT.jar:?]
	at org.apache.hadoop.ozone.protocolPB.OzoneManagerRequestHandler.handleWriteRequest(OzoneManagerRequestHandler.java:337) ~[ozone-manager-1.4.0-SNAPSHOT.jar:?]
	at org.apache.hadoop.ozone.om.ratis.OzoneManagerStateMachine.runCommand(OzoneManagerStateMachine.java:567) ~[ozone-manager-1.4.0-SNAPSHOT.jar:?]
	at org.apache.hadoop.ozone.om.ratis.OzoneManagerStateMachine.lambda$1(OzoneManagerStateMachine.java:358) ~[ozone-manager-1.4.0-SNAPSHOT.jar:?]
	at java.util.concurrent.CompletableFuture$AsyncSupply.run(CompletableFuture.java:1604) [?:1.8.0_362]
	at java.util.concurrent.ThreadPoolExecutor.runWorker(ThreadPoolExecutor.java:1149) [?:1.8.0_362]
	at java.util.concurrent.ThreadPoolExecutor$Worker.run(ThreadPoolExecutor.java:624) [?:1.8.0_362]
	at java.lang.Thread.run(Thread.java:750) [?:1.8.0_362]
2023-05-17 09:09:38,515 [OM StateMachine ApplyTransaction Thread - 0] ERROR file.OMFileCreateRequest (OMFileCreateRequest.java:validateAndUpdateCache(336)) - File create failed. Volume:b5ed41e2-7f47-4a7b-9ec4-708458b7155d, Bucket:e0b6bba7-ffdc-40f7-8c56-f19a8698790f, Key48350cc1-ddf6-4447-8580-f25dee8644b6.
QUOTA_EXCEEDED org.apache.hadoop.ozone.om.exceptions.OMException: The DiskSpace quota of bucket:e0b6bba7-ffdc-40f7-8c56-f19a8698790f exceeded quotaInBytes: 1 Bytes but diskspace consumed: 4194304 Bytes.
	at org.apache.hadoop.ozone.om.request.key.OMKeyRequest.checkBucketQuotaInBytes(OMKeyRequest.java:536)
	at org.apache.hadoop.ozone.om.request.file.OMFileCreateRequest.validateAndUpdateCache(OMFileCreateRequest.java:277)
	at org.apache.hadoop.ozone.protocolPB.OzoneManagerRequestHandler.handleWriteRequest(OzoneManagerRequestHandler.java:337)
	at org.apache.hadoop.ozone.om.ratis.OzoneManagerStateMachine.runCommand(OzoneManagerStateMachine.java:567)
	at org.apache.hadoop.ozone.om.ratis.OzoneManagerStateMachine.lambda$1(OzoneManagerStateMachine.java:358)
	at java.util.concurrent.CompletableFuture$AsyncSupply.run(CompletableFuture.java:1604)
	at java.util.concurrent.ThreadPoolExecutor.runWorker(ThreadPoolExecutor.java:1149)
	at java.util.concurrent.ThreadPoolExecutor$Worker.run(ThreadPoolExecutor.java:624)
	at java.lang.Thread.run(Thread.java:750)
2023-05-17 09:09:39,274 [OM StateMachine ApplyTransaction Thread - 0] ERROR key.OMAllocateBlockRequest (OMAllocateBlockRequest.java:validateAndUpdateCache(252)) - Allocate Block failed. Volume:b5ed41e2-7f47-4a7b-9ec4-708458b7155d, Bucket:e0b6bba7-ffdc-40f7-8c56-f19a8698790f, OpenKey:/b5ed41e2-7f47-4a7b-9ec4-708458b7155d/e0b6bba7-ffdc-40f7-8c56-f19a8698790f/b032337a-f20a-4a07-a989-5749004eed04/110383240218607693. Exception:{}
QUOTA_EXCEEDED org.apache.hadoop.ozone.om.exceptions.OMException: The DiskSpace quota of bucket:e0b6bba7-ffdc-40f7-8c56-f19a8698790f exceeded quotaInBytes: 16777216 Bytes but diskspace consumed: 20971520 Bytes.
	at org.apache.hadoop.ozone.om.request.key.OMKeyRequest.checkBucketQuotaInBytes(OMKeyRequest.java:536)
	at org.apache.hadoop.ozone.om.request.key.OMAllocateBlockRequest.validateAndUpdateCache(OMAllocateBlockRequest.java:224)
	at org.apache.hadoop.ozone.protocolPB.OzoneManagerRequestHandler.handleWriteRequest(OzoneManagerRequestHandler.java:337)
	at org.apache.hadoop.ozone.om.ratis.OzoneManagerStateMachine.runCommand(OzoneManagerStateMachine.java:567)
	at org.apache.hadoop.ozone.om.ratis.OzoneManagerStateMachine.lambda$1(OzoneManagerStateMachine.java:358)
	at java.util.concurrent.CompletableFuture$AsyncSupply.run(CompletableFuture.java:1604)
	at java.util.concurrent.ThreadPoolExecutor.runWorker(ThreadPoolExecutor.java:1149)
	at java.util.concurrent.ThreadPoolExecutor$Worker.run(ThreadPoolExecutor.java:624)
	at java.lang.Thread.run(Thread.java:750)
09:09:39.275 [OM StateMachine ApplyTransaction Thread - 0] ERROR OMAudit - user=runner | ip=127.0.0.1 | op=ALLOCATE_BLOCK {volume=b5ed41e2-7f47-4a7b-9ec4-708458b7155d, bucket=e0b6bba7-ffdc-40f7-8c56-f19a8698790f, key=b032337a-f20a-4a07-a989-5749004eed04, dataSize=12, replicationType=RATIS, replicationFactor=ONE, clientID=110383240218607693} | ret=FAILURE
org.apache.hadoop.ozone.om.exceptions.OMException: The DiskSpace quota of bucket:e0b6bba7-ffdc-40f7-8c56-f19a8698790f exceeded quotaInBytes: 16777216 Bytes but diskspace consumed: 20971520 Bytes.
	at org.apache.hadoop.ozone.om.request.key.OMKeyRequest.checkBucketQuotaInBytes(OMKeyRequest.java:536) ~[ozone-manager-1.4.0-SNAPSHOT.jar:?]
	at org.apache.hadoop.ozone.om.request.key.OMAllocateBlockRequest.validateAndUpdateCache(OMAllocateBlockRequest.java:224) ~[ozone-manager-1.4.0-SNAPSHOT.jar:?]
	at org.apache.hadoop.ozone.protocolPB.OzoneManagerRequestHandler.handleWriteRequest(OzoneManagerRequestHandler.java:337) ~[ozone-manager-1.4.0-SNAPSHOT.jar:?]
	at org.apache.hadoop.ozone.om.ratis.OzoneManagerStateMachine.runCommand(OzoneManagerStateMachine.java:567) ~[ozone-manager-1.4.0-SNAPSHOT.jar:?]
	at org.apache.hadoop.ozone.om.ratis.OzoneManagerStateMachine.lambda$1(OzoneManagerStateMachine.java:358) ~[ozone-manager-1.4.0-SNAPSHOT.jar:?]
	at java.util.concurrent.CompletableFuture$AsyncSupply.run(CompletableFuture.java:1604) [?:1.8.0_362]
	at java.util.concurrent.ThreadPoolExecutor.runWorker(ThreadPoolExecutor.java:1149) [?:1.8.0_362]
	at java.util.concurrent.ThreadPoolExecutor$Worker.run(ThreadPoolExecutor.java:624) [?:1.8.0_362]
	at java.lang.Thread.run(Thread.java:750) [?:1.8.0_362]
2023-05-17 09:09:39,299 [OM StateMachine ApplyTransaction Thread - 0] INFO  key.OMKeyRequest (OMKeyRequest.java:wrapUncommittedBlocksAsPseudoKey(829)) - Detect allocated but uncommitted blocks [{blockID={containerID=25, localID=111677748019200110}, length=4194304, offset=0, token=null, pipeline=null, createVersion=0, partNumber=0}] in key d4b91914-041a-4f50-8d87-e098813072e1.
]]></system-out>
  </testcase>
  <testcase name="testCommitPartAfterCompleteUpload" classname="org.apache.hadoop.ozone.client.rpc.TestSecureOzoneRpcClient" time="0.989">
    <system-out><![CDATA[2023-05-17 09:09:39,329 [Listener at 127.0.0.1/15004] INFO  rpc.RpcClient (RpcClient.java:createVolume(476)) - Creating Volume: 995abffc-25fb-49b6-bb85-8a4004740c35, with runner as owner and space quota set to -1 bytes, counts quota set to -1
2023-05-17 09:09:39,332 [OM StateMachine ApplyTransaction Thread - 0] INFO  volume.OMVolumeCreateRequest (OMVolumeCreateRequest.java:validateAndUpdateCache(196)) - created volume:995abffc-25fb-49b6-bb85-8a4004740c35 for user:runner
2023-05-17 09:09:39,333 [Listener at 127.0.0.1/15004] INFO  rpc.RpcClient (RpcClient.java:createBucket(698)) - Creating Bucket: 995abffc-25fb-49b6-bb85-8a4004740c35/62001bd2-d379-493c-8389-2368d489a122, with server-side default bucket layout, runner as owner, Versioning false, Storage Type set to DISK and Encryption set to false, Replication Type set to server-side default replication type, Namespace Quota set to -1, Space Quota set to -1 
2023-05-17 09:09:39,335 [OM StateMachine ApplyTransaction Thread - 0] INFO  bucket.OMBucketCreateRequest (OMBucketCreateRequest.java:validateAndUpdateCache(270)) - created bucket: 62001bd2-d379-493c-8389-2368d489a122 of layout OBJECT_STORE in volume: 995abffc-25fb-49b6-bb85-8a4004740c35
2023-05-17 09:09:39,770 [IPC Server handler 8 on default port 15001] WARN  node.SCMNodeManager (SCMNodeManager.java:getNodesByAddress(1372)) - Cannot find node for address 127.0.0.1
09:09:40.316 [OM StateMachine ApplyTransaction Thread - 0] ERROR OMAudit - user=runner | ip=127.0.0.1 | op=COMMIT_MULTIPART_UPLOAD_PARTKEY {volume=995abffc-25fb-49b6-bb85-8a4004740c35, bucket=62001bd2-d379-493c-8389-2368d489a122, key=0fb64292-d1e9-4151-8c78-c202915e34bf, dataSize=5242880, replicationType=NONE, replicationFactor=ZERO, partNumber=2, partName=/995abffc-25fb-49b6-bb85-8a4004740c35/62001bd2-d379-493c-8389-2368d489a122/0fb64292-d1e9-4151-8c78-c202915e34bf-779d97a4-8749-4a52-b561-0ce7d7b91069-110383240271495248-2} | ret=FAILURE
org.apache.hadoop.ozone.om.exceptions.OMException: No such Multipart upload is with specified uploadId 779d97a4-8749-4a52-b561-0ce7d7b91069-110383240271495248
	at org.apache.hadoop.ozone.om.request.s3.multipart.S3MultipartUploadCommitPartRequest.validateAndUpdateCache(S3MultipartUploadCommitPartRequest.java:188) ~[ozone-manager-1.4.0-SNAPSHOT.jar:?]
	at org.apache.hadoop.ozone.protocolPB.OzoneManagerRequestHandler.handleWriteRequest(OzoneManagerRequestHandler.java:337) ~[ozone-manager-1.4.0-SNAPSHOT.jar:?]
	at org.apache.hadoop.ozone.om.ratis.OzoneManagerStateMachine.runCommand(OzoneManagerStateMachine.java:567) ~[ozone-manager-1.4.0-SNAPSHOT.jar:?]
	at org.apache.hadoop.ozone.om.ratis.OzoneManagerStateMachine.lambda$1(OzoneManagerStateMachine.java:358) ~[ozone-manager-1.4.0-SNAPSHOT.jar:?]
	at java.util.concurrent.CompletableFuture$AsyncSupply.run(CompletableFuture.java:1604) [?:1.8.0_362]
	at java.util.concurrent.ThreadPoolExecutor.runWorker(ThreadPoolExecutor.java:1149) [?:1.8.0_362]
	at java.util.concurrent.ThreadPoolExecutor$Worker.run(ThreadPoolExecutor.java:624) [?:1.8.0_362]
	at java.lang.Thread.run(Thread.java:750) [?:1.8.0_362]
2023-05-17 09:09:40,316 [OM StateMachine ApplyTransaction Thread - 0] ERROR multipart.S3MultipartUploadCommitPartRequest (S3MultipartUploadCommitPartRequest.java:logResult(327)) - MultipartUpload Commit is failed for Key:0fb64292-d1e9-4151-8c78-c202915e34bf in Volume/Bucket 995abffc-25fb-49b6-bb85-8a4004740c35/62001bd2-d379-493c-8389-2368d489a122
NO_SUCH_MULTIPART_UPLOAD_ERROR org.apache.hadoop.ozone.om.exceptions.OMException: No such Multipart upload is with specified uploadId 779d97a4-8749-4a52-b561-0ce7d7b91069-110383240271495248
	at org.apache.hadoop.ozone.om.request.s3.multipart.S3MultipartUploadCommitPartRequest.validateAndUpdateCache(S3MultipartUploadCommitPartRequest.java:188)
	at org.apache.hadoop.ozone.protocolPB.OzoneManagerRequestHandler.handleWriteRequest(OzoneManagerRequestHandler.java:337)
	at org.apache.hadoop.ozone.om.ratis.OzoneManagerStateMachine.runCommand(OzoneManagerStateMachine.java:567)
	at org.apache.hadoop.ozone.om.ratis.OzoneManagerStateMachine.lambda$1(OzoneManagerStateMachine.java:358)
	at java.util.concurrent.CompletableFuture$AsyncSupply.run(CompletableFuture.java:1604)
	at java.util.concurrent.ThreadPoolExecutor.runWorker(ThreadPoolExecutor.java:1149)
	at java.util.concurrent.ThreadPoolExecutor$Worker.run(ThreadPoolExecutor.java:624)
	at java.lang.Thread.run(Thread.java:750)
]]></system-out>
  </testcase>
  <testcase name="testCreateBucket" classname="org.apache.hadoop.ozone.client.rpc.TestSecureOzoneRpcClient" time="0.009">
    <system-out><![CDATA[2023-05-17 09:09:40,318 [Listener at 127.0.0.1/15004] INFO  rpc.RpcClient (RpcClient.java:createVolume(476)) - Creating Volume: d7ce128f-efad-4df7-9d3d-bcc2847869b5, with runner as owner and space quota set to -1 bytes, counts quota set to -1
2023-05-17 09:09:40,321 [OM StateMachine ApplyTransaction Thread - 0] INFO  volume.OMVolumeCreateRequest (OMVolumeCreateRequest.java:validateAndUpdateCache(196)) - created volume:d7ce128f-efad-4df7-9d3d-bcc2847869b5 for user:runner
2023-05-17 09:09:40,323 [Listener at 127.0.0.1/15004] INFO  rpc.RpcClient (RpcClient.java:createBucket(698)) - Creating Bucket: d7ce128f-efad-4df7-9d3d-bcc2847869b5/ac27dfa8-5f46-4930-855f-89c1d3e4ca54, with server-side default bucket layout, runner as owner, Versioning false, Storage Type set to DISK and Encryption set to false, Replication Type set to server-side default replication type, Namespace Quota set to -1, Space Quota set to -1 
2023-05-17 09:09:40,325 [OM StateMachine ApplyTransaction Thread - 0] INFO  bucket.OMBucketCreateRequest (OMBucketCreateRequest.java:validateAndUpdateCache(270)) - created bucket: ac27dfa8-5f46-4930-855f-89c1d3e4ca54 of layout OBJECT_STORE in volume: d7ce128f-efad-4df7-9d3d-bcc2847869b5
]]></system-out>
  </testcase>
  <testcase name="testCreateBucketWithAcls" classname="org.apache.hadoop.ozone.client.rpc.TestSecureOzoneRpcClient" time="0.009">
    <system-out><![CDATA[2023-05-17 09:09:40,327 [Listener at 127.0.0.1/15004] INFO  rpc.RpcClient (RpcClient.java:createVolume(476)) - Creating Volume: 95483870-660d-48f8-aa79-8b7db0e0aac1, with runner as owner and space quota set to -1 bytes, counts quota set to -1
2023-05-17 09:09:40,330 [OM StateMachine ApplyTransaction Thread - 0] INFO  volume.OMVolumeCreateRequest (OMVolumeCreateRequest.java:validateAndUpdateCache(196)) - created volume:95483870-660d-48f8-aa79-8b7db0e0aac1 for user:runner
2023-05-17 09:09:40,331 [Listener at 127.0.0.1/15004] INFO  rpc.RpcClient (RpcClient.java:createBucket(698)) - Creating Bucket: 95483870-660d-48f8-aa79-8b7db0e0aac1/826149d3-93c0-47b8-8797-19b7d93f5573, with server-side default bucket layout, runner as owner, Versioning false, Storage Type set to DISK and Encryption set to false, Replication Type set to server-side default replication type, Namespace Quota set to -1, Space Quota set to -1 
2023-05-17 09:09:40,333 [OM StateMachine ApplyTransaction Thread - 0] INFO  bucket.OMBucketCreateRequest (OMBucketCreateRequest.java:validateAndUpdateCache(270)) - created bucket: 826149d3-93c0-47b8-8797-19b7d93f5573 of layout OBJECT_STORE in volume: 95483870-660d-48f8-aa79-8b7db0e0aac1
]]></system-out>
  </testcase>
  <testcase name="testCreateBucketWithAllArgument" classname="org.apache.hadoop.ozone.client.rpc.TestSecureOzoneRpcClient" time="0.014">
    <system-out><![CDATA[2023-05-17 09:09:40,339 [Listener at 127.0.0.1/15004] INFO  rpc.RpcClient (RpcClient.java:createVolume(476)) - Creating Volume: b4544138-3f56-4849-ab5a-d7f095b730e2, with runner as owner and space quota set to -1 bytes, counts quota set to -1
2023-05-17 09:09:40,341 [OM StateMachine ApplyTransaction Thread - 0] INFO  volume.OMVolumeCreateRequest (OMVolumeCreateRequest.java:validateAndUpdateCache(196)) - created volume:b4544138-3f56-4849-ab5a-d7f095b730e2 for user:runner
2023-05-17 09:09:40,344 [Listener at 127.0.0.1/15004] INFO  rpc.RpcClient (RpcClient.java:createBucket(698)) - Creating Bucket: b4544138-3f56-4849-ab5a-d7f095b730e2/7bfe6c37-936d-4e15-a16b-5f6b335ca6cb, with server-side default bucket layout, runner as owner, Versioning true, Storage Type set to SSD and Encryption set to false, Replication Type set to EC, Namespace Quota set to -1, Space Quota set to -1 
2023-05-17 09:09:40,348 [OM StateMachine ApplyTransaction Thread - 0] INFO  bucket.OMBucketCreateRequest (OMBucketCreateRequest.java:validateAndUpdateCache(270)) - created bucket: 7bfe6c37-936d-4e15-a16b-5f6b335ca6cb of layout OBJECT_STORE in volume: b4544138-3f56-4849-ab5a-d7f095b730e2
]]></system-out>
  </testcase>
  <testcase name="testCreateBucketWithMetadata" classname="org.apache.hadoop.ozone.client.rpc.TestSecureOzoneRpcClient" time="0.008">
    <system-out><![CDATA[2023-05-17 09:09:40,352 [Listener at 127.0.0.1/15004] INFO  rpc.RpcClient (RpcClient.java:createVolume(476)) - Creating Volume: f614af6d-c341-42c7-9256-5d1b21819723, with runner as owner and space quota set to -1 bytes, counts quota set to -1
2023-05-17 09:09:40,354 [OM StateMachine ApplyTransaction Thread - 0] INFO  volume.OMVolumeCreateRequest (OMVolumeCreateRequest.java:validateAndUpdateCache(196)) - created volume:f614af6d-c341-42c7-9256-5d1b21819723 for user:runner
2023-05-17 09:09:40,356 [Listener at 127.0.0.1/15004] INFO  rpc.RpcClient (RpcClient.java:createBucket(698)) - Creating Bucket: f614af6d-c341-42c7-9256-5d1b21819723/cb3ed891-7d6e-4df6-80ad-6e6a5af7c3c0, with server-side default bucket layout, runner as owner, Versioning false, Storage Type set to DISK and Encryption set to false, Replication Type set to server-side default replication type, Namespace Quota set to -1, Space Quota set to -1 
2023-05-17 09:09:40,358 [OM StateMachine ApplyTransaction Thread - 0] INFO  bucket.OMBucketCreateRequest (OMBucketCreateRequest.java:validateAndUpdateCache(270)) - created bucket: cb3ed891-7d6e-4df6-80ad-6e6a5af7c3c0 of layout OBJECT_STORE in volume: f614af6d-c341-42c7-9256-5d1b21819723
]]></system-out>
  </testcase>
  <testcase name="testCreateBucketWithReplicationConfig" classname="org.apache.hadoop.ozone.client.rpc.TestSecureOzoneRpcClient" time="0.008">
    <system-out><![CDATA[2023-05-17 09:09:40,361 [Listener at 127.0.0.1/15004] INFO  rpc.RpcClient (RpcClient.java:createVolume(476)) - Creating Volume: 4348cf58-edb1-4b95-8ffb-ba82416856ec, with runner as owner and space quota set to -1 bytes, counts quota set to -1
2023-05-17 09:09:40,363 [OM StateMachine ApplyTransaction Thread - 0] INFO  volume.OMVolumeCreateRequest (OMVolumeCreateRequest.java:validateAndUpdateCache(196)) - created volume:4348cf58-edb1-4b95-8ffb-ba82416856ec for user:runner
2023-05-17 09:09:40,365 [Listener at 127.0.0.1/15004] INFO  rpc.RpcClient (RpcClient.java:createBucket(698)) - Creating Bucket: 4348cf58-edb1-4b95-8ffb-ba82416856ec/05610950-c597-416c-9127-15f52627e916, with server-side default bucket layout, runner as owner, Versioning false, Storage Type set to DISK and Encryption set to false, Replication Type set to EC, Namespace Quota set to -1, Space Quota set to -1 
2023-05-17 09:09:40,367 [OM StateMachine ApplyTransaction Thread - 0] INFO  bucket.OMBucketCreateRequest (OMBucketCreateRequest.java:validateAndUpdateCache(270)) - created bucket: 05610950-c597-416c-9127-15f52627e916 of layout OBJECT_STORE in volume: 4348cf58-edb1-4b95-8ffb-ba82416856ec
]]></system-out>
  </testcase>
  <testcase name="testCreateBucketWithStorageType" classname="org.apache.hadoop.ozone.client.rpc.TestSecureOzoneRpcClient" time="0.009">
    <system-out><![CDATA[2023-05-17 09:09:40,375 [Listener at 127.0.0.1/15004] INFO  rpc.RpcClient (RpcClient.java:createVolume(476)) - Creating Volume: 627768ba-9e8a-4b82-9982-dd3ef106acec, with runner as owner and space quota set to -1 bytes, counts quota set to -1
2023-05-17 09:09:40,377 [OM StateMachine ApplyTransaction Thread - 0] INFO  volume.OMVolumeCreateRequest (OMVolumeCreateRequest.java:validateAndUpdateCache(196)) - created volume:627768ba-9e8a-4b82-9982-dd3ef106acec for user:runner
2023-05-17 09:09:40,379 [Listener at 127.0.0.1/15004] INFO  rpc.RpcClient (RpcClient.java:createBucket(698)) - Creating Bucket: 627768ba-9e8a-4b82-9982-dd3ef106acec/7ad10e32-e5a8-44a5-a115-7d2f5da39933, with server-side default bucket layout, runner as owner, Versioning false, Storage Type set to SSD and Encryption set to false, Replication Type set to server-side default replication type, Namespace Quota set to -1, Space Quota set to -1 
2023-05-17 09:09:40,381 [OM StateMachine ApplyTransaction Thread - 0] INFO  bucket.OMBucketCreateRequest (OMBucketCreateRequest.java:validateAndUpdateCache(270)) - created bucket: 7ad10e32-e5a8-44a5-a115-7d2f5da39933 of layout OBJECT_STORE in volume: 627768ba-9e8a-4b82-9982-dd3ef106acec
]]></system-out>
  </testcase>
  <testcase name="testCreateBucketWithVersioning" classname="org.apache.hadoop.ozone.client.rpc.TestSecureOzoneRpcClient" time="0.008">
    <system-out><![CDATA[2023-05-17 09:09:40,384 [Listener at 127.0.0.1/15004] INFO  rpc.RpcClient (RpcClient.java:createVolume(476)) - Creating Volume: 9aec6ee4-4062-47ea-84b1-ac2122198933, with runner as owner and space quota set to -1 bytes, counts quota set to -1
2023-05-17 09:09:40,386 [OM StateMachine ApplyTransaction Thread - 0] INFO  volume.OMVolumeCreateRequest (OMVolumeCreateRequest.java:validateAndUpdateCache(196)) - created volume:9aec6ee4-4062-47ea-84b1-ac2122198933 for user:runner
2023-05-17 09:09:40,388 [Listener at 127.0.0.1/15004] INFO  rpc.RpcClient (RpcClient.java:createBucket(698)) - Creating Bucket: 9aec6ee4-4062-47ea-84b1-ac2122198933/e31fcd06-ac8a-4bc5-9097-a4508494c168, with server-side default bucket layout, runner as owner, Versioning true, Storage Type set to DISK and Encryption set to false, Replication Type set to server-side default replication type, Namespace Quota set to -1, Space Quota set to -1 
2023-05-17 09:09:40,390 [OM StateMachine ApplyTransaction Thread - 0] INFO  bucket.OMBucketCreateRequest (OMBucketCreateRequest.java:validateAndUpdateCache(270)) - created bucket: e31fcd06-ac8a-4bc5-9097-a4508494c168 of layout OBJECT_STORE in volume: 9aec6ee4-4062-47ea-84b1-ac2122198933
]]></system-out>
  </testcase>
  <testcase name="testCreateS3Bucket" classname="org.apache.hadoop.ozone.client.rpc.TestSecureOzoneRpcClient" time="0.014">
    <system-out><![CDATA[2023-05-17 09:09:40,399 [Listener at 127.0.0.1/15004] INFO  rpc.RpcClient (RpcClient.java:createBucket(698)) - Creating Bucket: s3v/0b2610a3-ef7f-46c6-adae-4d6457433281, with bucket layout OBJECT_STORE, runner as owner, Versioning false, Storage Type set to DISK and Encryption set to false, Replication Type set to server-side default replication type, Namespace Quota set to -1, Space Quota set to -1 
2023-05-17 09:09:40,404 [OM StateMachine ApplyTransaction Thread - 0] INFO  bucket.OMBucketCreateRequest (OMBucketCreateRequest.java:validateAndUpdateCache(270)) - created bucket: 0b2610a3-ef7f-46c6-adae-4d6457433281 of layout OBJECT_STORE in volume: s3v
]]></system-out>
  </testcase>
  <testcase name="testCreateVolumeWithMetadata" classname="org.apache.hadoop.ozone.client.rpc.TestSecureOzoneRpcClient" time="0.007">
    <system-out><![CDATA[2023-05-17 09:09:40,408 [Listener at 127.0.0.1/15004] INFO  rpc.RpcClient (RpcClient.java:createVolume(476)) - Creating Volume: e7127752-b0c9-4ec0-b3a9-f768fc34f017, with runner as owner and space quota set to -1 bytes, counts quota set to -1
2023-05-17 09:09:40,410 [OM StateMachine ApplyTransaction Thread - 0] INFO  volume.OMVolumeCreateRequest (OMVolumeCreateRequest.java:validateAndUpdateCache(196)) - created volume:e7127752-b0c9-4ec0-b3a9-f768fc34f017 for user:runner
]]></system-out>
  </testcase>
  <testcase name="testDefaultS3GVolumeExists" classname="org.apache.hadoop.ozone.client.rpc.TestSecureOzoneRpcClient" time="0.002"/>
  <testcase name="testDeleteBucket" classname="org.apache.hadoop.ozone.client.rpc.TestSecureOzoneRpcClient" time="0.014">
    <system-out><![CDATA[2023-05-17 09:09:40,417 [Listener at 127.0.0.1/15004] INFO  rpc.RpcClient (RpcClient.java:createVolume(476)) - Creating Volume: 286770c7-47dd-4fd7-8ab9-8c6442eb620d, with runner as owner and space quota set to -1 bytes, counts quota set to -1
2023-05-17 09:09:40,419 [OM StateMachine ApplyTransaction Thread - 0] INFO  volume.OMVolumeCreateRequest (OMVolumeCreateRequest.java:validateAndUpdateCache(196)) - created volume:286770c7-47dd-4fd7-8ab9-8c6442eb620d for user:runner
2023-05-17 09:09:40,421 [Listener at 127.0.0.1/15004] INFO  rpc.RpcClient (RpcClient.java:createBucket(698)) - Creating Bucket: 286770c7-47dd-4fd7-8ab9-8c6442eb620d/1ecf380d-f4dd-4330-a341-f31dbd59f20f, with server-side default bucket layout, runner as owner, Versioning false, Storage Type set to DISK and Encryption set to false, Replication Type set to server-side default replication type, Namespace Quota set to -1, Space Quota set to -1 
2023-05-17 09:09:40,423 [OM StateMachine ApplyTransaction Thread - 0] INFO  bucket.OMBucketCreateRequest (OMBucketCreateRequest.java:validateAndUpdateCache(270)) - created bucket: 1ecf380d-f4dd-4330-a341-f31dbd59f20f of layout OBJECT_STORE in volume: 286770c7-47dd-4fd7-8ab9-8c6442eb620d
09:09:40.428 [IPC Server handler 18 on default port 15004] ERROR OMAudit - user=runner | ip=127.0.0.1 | op=READ_BUCKET {volume=286770c7-47dd-4fd7-8ab9-8c6442eb620d, bucket=1ecf380d-f4dd-4330-a341-f31dbd59f20f} | ret=FAILURE
org.apache.hadoop.ozone.om.exceptions.OMException: Bucket not found
	at org.apache.hadoop.ozone.om.OzoneManager.getBucketOwner(OzoneManager.java:2541) ~[ozone-manager-1.4.0-SNAPSHOT.jar:?]
	at org.apache.hadoop.ozone.om.OzoneManager.getBucketOwner(OzoneManager.java:2511) ~[ozone-manager-1.4.0-SNAPSHOT.jar:?]
	at org.apache.hadoop.ozone.om.OmMetadataReader.checkAcls(OmMetadataReader.java:436) ~[ozone-manager-1.4.0-SNAPSHOT.jar:?]
	at org.apache.hadoop.ozone.om.OzoneManager.getBucketInfo(OzoneManager.java:2802) ~[ozone-manager-1.4.0-SNAPSHOT.jar:?]
	at org.apache.hadoop.ozone.protocolPB.OzoneManagerRequestHandler.infoBucket(OzoneManagerRequestHandler.java:509) ~[ozone-manager-1.4.0-SNAPSHOT.jar:?]
	at org.apache.hadoop.ozone.protocolPB.OzoneManagerRequestHandler.handleReadRequest(OzoneManagerRequestHandler.java:188) ~[ozone-manager-1.4.0-SNAPSHOT.jar:?]
	at org.apache.hadoop.ozone.protocolPB.OzoneManagerProtocolServerSideTranslatorPB.submitReadRequestToOM(OzoneManagerProtocolServerSideTranslatorPB.java:223) ~[ozone-manager-1.4.0-SNAPSHOT.jar:?]
	at org.apache.hadoop.ozone.protocolPB.OzoneManagerProtocolServerSideTranslatorPB.processRequest(OzoneManagerProtocolServerSideTranslatorPB.java:177) ~[ozone-manager-1.4.0-SNAPSHOT.jar:?]
	at org.apache.hadoop.hdds.server.OzoneProtocolMessageDispatcher.processRequest(OzoneProtocolMessageDispatcher.java:87) [hdds-server-framework-1.4.0-SNAPSHOT.jar:?]
	at org.apache.hadoop.ozone.protocolPB.OzoneManagerProtocolServerSideTranslatorPB.submitRequest(OzoneManagerProtocolServerSideTranslatorPB.java:147) [ozone-manager-1.4.0-SNAPSHOT.jar:?]
	at org.apache.hadoop.ozone.protocol.proto.OzoneManagerProtocolProtos$OzoneManagerService$2.callBlockingMethod(OzoneManagerProtocolProtos.java) [ozone-interface-client-1.4.0-SNAPSHOT.jar:?]
	at org.apache.hadoop.ipc.ProtobufRpcEngine$Server.processCall(ProtobufRpcEngine.java:484) [hadoop-common-3.3.5.jar:?]
	at org.apache.hadoop.ipc.ProtobufRpcEngine2$Server$ProtoBufRpcInvoker.call(ProtobufRpcEngine2.java:595) [hadoop-common-3.3.5.jar:?]
	at org.apache.hadoop.ipc.ProtobufRpcEngine2$Server$ProtoBufRpcInvoker.call(ProtobufRpcEngine2.java:573) [hadoop-common-3.3.5.jar:?]
	at org.apache.hadoop.ipc.RPC$Server.call(RPC.java:1213) [hadoop-common-3.3.5.jar:?]
	at org.apache.hadoop.ipc.Server$RpcCall.run(Server.java:1089) [hadoop-common-3.3.5.jar:?]
	at org.apache.hadoop.ipc.Server$RpcCall.run(Server.java:1012) [hadoop-common-3.3.5.jar:?]
	at java.security.AccessController.doPrivileged(Native Method) ~[?:1.8.0_362]
	at javax.security.auth.Subject.doAs(Subject.java:422) [?:1.8.0_362]
	at org.apache.hadoop.security.UserGroupInformation.doAs(UserGroupInformation.java:1899) [hadoop-common-3.3.5.jar:?]
	at org.apache.hadoop.ipc.Server$Handler.run(Server.java:3026) [hadoop-common-3.3.5.jar:?]
]]></system-out>
  </testcase>
  <testcase name="testDeleteBucketWithTheSamePrefix(BucketLayout)[1]" classname="org.apache.hadoop.ozone.client.rpc.TestSecureOzoneRpcClient" time="0.03">
    <system-out><![CDATA[2023-05-17 09:09:40,435 [Listener at 127.0.0.1/15004] INFO  rpc.RpcClient (RpcClient.java:createVolume(476)) - Creating Volume: a0e0bd1f-6754-431f-9540-a1c4e7873727, with runner as owner and space quota set to -1 bytes, counts quota set to -1
2023-05-17 09:09:40,438 [OM StateMachine ApplyTransaction Thread - 0] INFO  volume.OMVolumeCreateRequest (OMVolumeCreateRequest.java:validateAndUpdateCache(196)) - created volume:a0e0bd1f-6754-431f-9540-a1c4e7873727 for user:runner
2023-05-17 09:09:40,439 [Listener at 127.0.0.1/15004] INFO  rpc.RpcClient (RpcClient.java:createBucket(698)) - Creating Bucket: a0e0bd1f-6754-431f-9540-a1c4e7873727/bucket1, with bucket layout OBJECT_STORE, runner as owner, Versioning false, Storage Type set to DISK and Encryption set to false, Replication Type set to server-side default replication type, Namespace Quota set to -1, Space Quota set to -1 
2023-05-17 09:09:40,441 [OM StateMachine ApplyTransaction Thread - 0] INFO  bucket.OMBucketCreateRequest (OMBucketCreateRequest.java:validateAndUpdateCache(270)) - created bucket: bucket1 of layout OBJECT_STORE in volume: a0e0bd1f-6754-431f-9540-a1c4e7873727
2023-05-17 09:09:40,442 [Listener at 127.0.0.1/15004] INFO  rpc.RpcClient (RpcClient.java:createBucket(698)) - Creating Bucket: a0e0bd1f-6754-431f-9540-a1c4e7873727/bucket11, with bucket layout OBJECT_STORE, runner as owner, Versioning false, Storage Type set to DISK and Encryption set to false, Replication Type set to server-side default replication type, Namespace Quota set to -1, Space Quota set to -1 
2023-05-17 09:09:40,445 [OM StateMachine ApplyTransaction Thread - 0] INFO  bucket.OMBucketCreateRequest (OMBucketCreateRequest.java:validateAndUpdateCache(270)) - created bucket: bucket11 of layout OBJECT_STORE in volume: a0e0bd1f-6754-431f-9540-a1c4e7873727
2023-05-17 09:09:40,456 [OM StateMachine ApplyTransaction Thread - 0] INFO  key.OMKeyRequest (OMKeyRequest.java:wrapUncommittedBlocksAsPseudoKey(829)) - Detect allocated but uncommitted blocks [{blockID={containerID=13, localID=111677748019200116}, length=4194304, offset=0, token=null, pipeline=null, createVersion=0, partNumber=0}] in key key.
09:09:40.461 [IPC Server handler 14 on default port 15004] ERROR OMAudit - user=runner | ip=127.0.0.1 | op=READ_BUCKET {volume=a0e0bd1f-6754-431f-9540-a1c4e7873727, bucket=bucket1} | ret=FAILURE
org.apache.hadoop.ozone.om.exceptions.OMException: Bucket not found
	at org.apache.hadoop.ozone.om.OzoneManager.getBucketOwner(OzoneManager.java:2541) ~[ozone-manager-1.4.0-SNAPSHOT.jar:?]
	at org.apache.hadoop.ozone.om.OzoneManager.getBucketOwner(OzoneManager.java:2511) ~[ozone-manager-1.4.0-SNAPSHOT.jar:?]
	at org.apache.hadoop.ozone.om.OmMetadataReader.checkAcls(OmMetadataReader.java:436) ~[ozone-manager-1.4.0-SNAPSHOT.jar:?]
	at org.apache.hadoop.ozone.om.OzoneManager.getBucketInfo(OzoneManager.java:2802) ~[ozone-manager-1.4.0-SNAPSHOT.jar:?]
	at org.apache.hadoop.ozone.protocolPB.OzoneManagerRequestHandler.infoBucket(OzoneManagerRequestHandler.java:509) ~[ozone-manager-1.4.0-SNAPSHOT.jar:?]
	at org.apache.hadoop.ozone.protocolPB.OzoneManagerRequestHandler.handleReadRequest(OzoneManagerRequestHandler.java:188) ~[ozone-manager-1.4.0-SNAPSHOT.jar:?]
	at org.apache.hadoop.ozone.protocolPB.OzoneManagerProtocolServerSideTranslatorPB.submitReadRequestToOM(OzoneManagerProtocolServerSideTranslatorPB.java:223) ~[ozone-manager-1.4.0-SNAPSHOT.jar:?]
	at org.apache.hadoop.ozone.protocolPB.OzoneManagerProtocolServerSideTranslatorPB.processRequest(OzoneManagerProtocolServerSideTranslatorPB.java:177) ~[ozone-manager-1.4.0-SNAPSHOT.jar:?]
	at org.apache.hadoop.hdds.server.OzoneProtocolMessageDispatcher.processRequest(OzoneProtocolMessageDispatcher.java:87) [hdds-server-framework-1.4.0-SNAPSHOT.jar:?]
	at org.apache.hadoop.ozone.protocolPB.OzoneManagerProtocolServerSideTranslatorPB.submitRequest(OzoneManagerProtocolServerSideTranslatorPB.java:147) [ozone-manager-1.4.0-SNAPSHOT.jar:?]
	at org.apache.hadoop.ozone.protocol.proto.OzoneManagerProtocolProtos$OzoneManagerService$2.callBlockingMethod(OzoneManagerProtocolProtos.java) [ozone-interface-client-1.4.0-SNAPSHOT.jar:?]
	at org.apache.hadoop.ipc.ProtobufRpcEngine$Server.processCall(ProtobufRpcEngine.java:484) [hadoop-common-3.3.5.jar:?]
	at org.apache.hadoop.ipc.ProtobufRpcEngine2$Server$ProtoBufRpcInvoker.call(ProtobufRpcEngine2.java:595) [hadoop-common-3.3.5.jar:?]
	at org.apache.hadoop.ipc.ProtobufRpcEngine2$Server$ProtoBufRpcInvoker.call(ProtobufRpcEngine2.java:573) [hadoop-common-3.3.5.jar:?]
	at org.apache.hadoop.ipc.RPC$Server.call(RPC.java:1213) [hadoop-common-3.3.5.jar:?]
	at org.apache.hadoop.ipc.Server$RpcCall.run(Server.java:1089) [hadoop-common-3.3.5.jar:?]
	at org.apache.hadoop.ipc.Server$RpcCall.run(Server.java:1012) [hadoop-common-3.3.5.jar:?]
	at java.security.AccessController.doPrivileged(Native Method) ~[?:1.8.0_362]
	at javax.security.auth.Subject.doAs(Subject.java:422) [?:1.8.0_362]
	at org.apache.hadoop.security.UserGroupInformation.doAs(UserGroupInformation.java:1899) [hadoop-common-3.3.5.jar:?]
	at org.apache.hadoop.ipc.Server$Handler.run(Server.java:3026) [hadoop-common-3.3.5.jar:?]
]]></system-out>
  </testcase>
  <testcase name="testDeleteBucketWithTheSamePrefix(BucketLayout)[2]" classname="org.apache.hadoop.ozone.client.rpc.TestSecureOzoneRpcClient" time="0.031">
    <system-out><![CDATA[2023-05-17 09:09:40,463 [Listener at 127.0.0.1/15004] INFO  rpc.RpcClient (RpcClient.java:createVolume(476)) - Creating Volume: c02b5071-134d-481b-af8b-657e167f665f, with runner as owner and space quota set to -1 bytes, counts quota set to -1
2023-05-17 09:09:40,468 [OM StateMachine ApplyTransaction Thread - 0] INFO  volume.OMVolumeCreateRequest (OMVolumeCreateRequest.java:validateAndUpdateCache(196)) - created volume:c02b5071-134d-481b-af8b-657e167f665f for user:runner
2023-05-17 09:09:40,469 [Listener at 127.0.0.1/15004] INFO  rpc.RpcClient (RpcClient.java:createBucket(698)) - Creating Bucket: c02b5071-134d-481b-af8b-657e167f665f/bucket1, with bucket layout LEGACY, runner as owner, Versioning false, Storage Type set to DISK and Encryption set to false, Replication Type set to server-side default replication type, Namespace Quota set to -1, Space Quota set to -1 
2023-05-17 09:09:40,472 [OM StateMachine ApplyTransaction Thread - 0] INFO  bucket.OMBucketCreateRequest (OMBucketCreateRequest.java:validateAndUpdateCache(270)) - created bucket: bucket1 of layout LEGACY in volume: c02b5071-134d-481b-af8b-657e167f665f
2023-05-17 09:09:40,473 [Listener at 127.0.0.1/15004] INFO  rpc.RpcClient (RpcClient.java:createBucket(698)) - Creating Bucket: c02b5071-134d-481b-af8b-657e167f665f/bucket11, with bucket layout LEGACY, runner as owner, Versioning false, Storage Type set to DISK and Encryption set to false, Replication Type set to server-side default replication type, Namespace Quota set to -1, Space Quota set to -1 
2023-05-17 09:09:40,475 [OM StateMachine ApplyTransaction Thread - 0] INFO  bucket.OMBucketCreateRequest (OMBucketCreateRequest.java:validateAndUpdateCache(270)) - created bucket: bucket11 of layout LEGACY in volume: c02b5071-134d-481b-af8b-657e167f665f
2023-05-17 09:09:40,489 [OM StateMachine ApplyTransaction Thread - 0] INFO  key.OMKeyRequest (OMKeyRequest.java:wrapUncommittedBlocksAsPseudoKey(829)) - Detect allocated but uncommitted blocks [{blockID={containerID=16, localID=111677748019200117}, length=4194304, offset=0, token=null, pipeline=null, createVersion=0, partNumber=0}] in key key.
09:09:40.494 [IPC Server handler 3 on default port 15004] ERROR OMAudit - user=runner | ip=127.0.0.1 | op=READ_BUCKET {volume=c02b5071-134d-481b-af8b-657e167f665f, bucket=bucket1} | ret=FAILURE
org.apache.hadoop.ozone.om.exceptions.OMException: Bucket not found
	at org.apache.hadoop.ozone.om.OzoneManager.getBucketOwner(OzoneManager.java:2541) ~[ozone-manager-1.4.0-SNAPSHOT.jar:?]
	at org.apache.hadoop.ozone.om.OzoneManager.getBucketOwner(OzoneManager.java:2511) ~[ozone-manager-1.4.0-SNAPSHOT.jar:?]
	at org.apache.hadoop.ozone.om.OmMetadataReader.checkAcls(OmMetadataReader.java:436) ~[ozone-manager-1.4.0-SNAPSHOT.jar:?]
	at org.apache.hadoop.ozone.om.OzoneManager.getBucketInfo(OzoneManager.java:2802) ~[ozone-manager-1.4.0-SNAPSHOT.jar:?]
	at org.apache.hadoop.ozone.protocolPB.OzoneManagerRequestHandler.infoBucket(OzoneManagerRequestHandler.java:509) ~[ozone-manager-1.4.0-SNAPSHOT.jar:?]
	at org.apache.hadoop.ozone.protocolPB.OzoneManagerRequestHandler.handleReadRequest(OzoneManagerRequestHandler.java:188) ~[ozone-manager-1.4.0-SNAPSHOT.jar:?]
	at org.apache.hadoop.ozone.protocolPB.OzoneManagerProtocolServerSideTranslatorPB.submitReadRequestToOM(OzoneManagerProtocolServerSideTranslatorPB.java:223) ~[ozone-manager-1.4.0-SNAPSHOT.jar:?]
	at org.apache.hadoop.ozone.protocolPB.OzoneManagerProtocolServerSideTranslatorPB.processRequest(OzoneManagerProtocolServerSideTranslatorPB.java:177) ~[ozone-manager-1.4.0-SNAPSHOT.jar:?]
	at org.apache.hadoop.hdds.server.OzoneProtocolMessageDispatcher.processRequest(OzoneProtocolMessageDispatcher.java:87) [hdds-server-framework-1.4.0-SNAPSHOT.jar:?]
	at org.apache.hadoop.ozone.protocolPB.OzoneManagerProtocolServerSideTranslatorPB.submitRequest(OzoneManagerProtocolServerSideTranslatorPB.java:147) [ozone-manager-1.4.0-SNAPSHOT.jar:?]
	at org.apache.hadoop.ozone.protocol.proto.OzoneManagerProtocolProtos$OzoneManagerService$2.callBlockingMethod(OzoneManagerProtocolProtos.java) [ozone-interface-client-1.4.0-SNAPSHOT.jar:?]
	at org.apache.hadoop.ipc.ProtobufRpcEngine$Server.processCall(ProtobufRpcEngine.java:484) [hadoop-common-3.3.5.jar:?]
	at org.apache.hadoop.ipc.ProtobufRpcEngine2$Server$ProtoBufRpcInvoker.call(ProtobufRpcEngine2.java:595) [hadoop-common-3.3.5.jar:?]
	at org.apache.hadoop.ipc.ProtobufRpcEngine2$Server$ProtoBufRpcInvoker.call(ProtobufRpcEngine2.java:573) [hadoop-common-3.3.5.jar:?]
	at org.apache.hadoop.ipc.RPC$Server.call(RPC.java:1213) [hadoop-common-3.3.5.jar:?]
	at org.apache.hadoop.ipc.Server$RpcCall.run(Server.java:1089) [hadoop-common-3.3.5.jar:?]
	at org.apache.hadoop.ipc.Server$RpcCall.run(Server.java:1012) [hadoop-common-3.3.5.jar:?]
	at java.security.AccessController.doPrivileged(Native Method) ~[?:1.8.0_362]
	at javax.security.auth.Subject.doAs(Subject.java:422) [?:1.8.0_362]
	at org.apache.hadoop.security.UserGroupInformation.doAs(UserGroupInformation.java:1899) [hadoop-common-3.3.5.jar:?]
	at org.apache.hadoop.ipc.Server$Handler.run(Server.java:3026) [hadoop-common-3.3.5.jar:?]
]]></system-out>
  </testcase>
  <testcase name="testDeleteBucketWithTheSamePrefix(BucketLayout)[3]" classname="org.apache.hadoop.ozone.client.rpc.TestSecureOzoneRpcClient" time="0.025">
    <system-out><![CDATA[2023-05-17 09:09:40,496 [Listener at 127.0.0.1/15004] INFO  rpc.RpcClient (RpcClient.java:createVolume(476)) - Creating Volume: 889ac0d1-5b70-48a0-9422-69438f160985, with runner as owner and space quota set to -1 bytes, counts quota set to -1
2023-05-17 09:09:40,498 [OM StateMachine ApplyTransaction Thread - 0] INFO  volume.OMVolumeCreateRequest (OMVolumeCreateRequest.java:validateAndUpdateCache(196)) - created volume:889ac0d1-5b70-48a0-9422-69438f160985 for user:runner
2023-05-17 09:09:40,500 [Listener at 127.0.0.1/15004] INFO  rpc.RpcClient (RpcClient.java:createBucket(698)) - Creating Bucket: 889ac0d1-5b70-48a0-9422-69438f160985/bucket1, with bucket layout FILE_SYSTEM_OPTIMIZED, runner as owner, Versioning false, Storage Type set to DISK and Encryption set to false, Replication Type set to server-side default replication type, Namespace Quota set to -1, Space Quota set to -1 
2023-05-17 09:09:40,502 [OM StateMachine ApplyTransaction Thread - 0] INFO  bucket.OMBucketCreateRequest (OMBucketCreateRequest.java:validateAndUpdateCache(270)) - created bucket: bucket1 of layout FILE_SYSTEM_OPTIMIZED in volume: 889ac0d1-5b70-48a0-9422-69438f160985
2023-05-17 09:09:40,502 [Listener at 127.0.0.1/15004] INFO  rpc.RpcClient (RpcClient.java:createBucket(698)) - Creating Bucket: 889ac0d1-5b70-48a0-9422-69438f160985/bucket11, with bucket layout FILE_SYSTEM_OPTIMIZED, runner as owner, Versioning false, Storage Type set to DISK and Encryption set to false, Replication Type set to server-side default replication type, Namespace Quota set to -1, Space Quota set to -1 
2023-05-17 09:09:40,504 [OM StateMachine ApplyTransaction Thread - 0] INFO  bucket.OMBucketCreateRequest (OMBucketCreateRequest.java:validateAndUpdateCache(270)) - created bucket: bucket11 of layout FILE_SYSTEM_OPTIMIZED in volume: 889ac0d1-5b70-48a0-9422-69438f160985
2023-05-17 09:09:40,515 [OM StateMachine ApplyTransaction Thread - 0] INFO  key.OMKeyRequest (OMKeyRequest.java:wrapUncommittedBlocksAsPseudoKey(829)) - Detect allocated but uncommitted blocks [{blockID={containerID=13, localID=111677748019200118}, length=4194304, offset=0, token=null, pipeline=null, createVersion=0, partNumber=0}] in key key.
09:09:40.519 [IPC Server handler 1 on default port 15004] ERROR OMAudit - user=runner | ip=127.0.0.1 | op=READ_BUCKET {volume=889ac0d1-5b70-48a0-9422-69438f160985, bucket=bucket1} | ret=FAILURE
org.apache.hadoop.ozone.om.exceptions.OMException: Bucket not found
	at org.apache.hadoop.ozone.om.OzoneManager.getBucketOwner(OzoneManager.java:2541) ~[ozone-manager-1.4.0-SNAPSHOT.jar:?]
	at org.apache.hadoop.ozone.om.OzoneManager.getBucketOwner(OzoneManager.java:2511) ~[ozone-manager-1.4.0-SNAPSHOT.jar:?]
	at org.apache.hadoop.ozone.om.OmMetadataReader.checkAcls(OmMetadataReader.java:436) ~[ozone-manager-1.4.0-SNAPSHOT.jar:?]
	at org.apache.hadoop.ozone.om.OzoneManager.getBucketInfo(OzoneManager.java:2802) ~[ozone-manager-1.4.0-SNAPSHOT.jar:?]
	at org.apache.hadoop.ozone.protocolPB.OzoneManagerRequestHandler.infoBucket(OzoneManagerRequestHandler.java:509) ~[ozone-manager-1.4.0-SNAPSHOT.jar:?]
	at org.apache.hadoop.ozone.protocolPB.OzoneManagerRequestHandler.handleReadRequest(OzoneManagerRequestHandler.java:188) ~[ozone-manager-1.4.0-SNAPSHOT.jar:?]
	at org.apache.hadoop.ozone.protocolPB.OzoneManagerProtocolServerSideTranslatorPB.submitReadRequestToOM(OzoneManagerProtocolServerSideTranslatorPB.java:223) ~[ozone-manager-1.4.0-SNAPSHOT.jar:?]
	at org.apache.hadoop.ozone.protocolPB.OzoneManagerProtocolServerSideTranslatorPB.processRequest(OzoneManagerProtocolServerSideTranslatorPB.java:177) ~[ozone-manager-1.4.0-SNAPSHOT.jar:?]
	at org.apache.hadoop.hdds.server.OzoneProtocolMessageDispatcher.processRequest(OzoneProtocolMessageDispatcher.java:87) [hdds-server-framework-1.4.0-SNAPSHOT.jar:?]
	at org.apache.hadoop.ozone.protocolPB.OzoneManagerProtocolServerSideTranslatorPB.submitRequest(OzoneManagerProtocolServerSideTranslatorPB.java:147) [ozone-manager-1.4.0-SNAPSHOT.jar:?]
	at org.apache.hadoop.ozone.protocol.proto.OzoneManagerProtocolProtos$OzoneManagerService$2.callBlockingMethod(OzoneManagerProtocolProtos.java) [ozone-interface-client-1.4.0-SNAPSHOT.jar:?]
	at org.apache.hadoop.ipc.ProtobufRpcEngine$Server.processCall(ProtobufRpcEngine.java:484) [hadoop-common-3.3.5.jar:?]
	at org.apache.hadoop.ipc.ProtobufRpcEngine2$Server$ProtoBufRpcInvoker.call(ProtobufRpcEngine2.java:595) [hadoop-common-3.3.5.jar:?]
	at org.apache.hadoop.ipc.ProtobufRpcEngine2$Server$ProtoBufRpcInvoker.call(ProtobufRpcEngine2.java:573) [hadoop-common-3.3.5.jar:?]
	at org.apache.hadoop.ipc.RPC$Server.call(RPC.java:1213) [hadoop-common-3.3.5.jar:?]
	at org.apache.hadoop.ipc.Server$RpcCall.run(Server.java:1089) [hadoop-common-3.3.5.jar:?]
	at org.apache.hadoop.ipc.Server$RpcCall.run(Server.java:1012) [hadoop-common-3.3.5.jar:?]
	at java.security.AccessController.doPrivileged(Native Method) ~[?:1.8.0_362]
	at javax.security.auth.Subject.doAs(Subject.java:422) [?:1.8.0_362]
	at org.apache.hadoop.security.UserGroupInformation.doAs(UserGroupInformation.java:1899) [hadoop-common-3.3.5.jar:?]
	at org.apache.hadoop.ipc.Server$Handler.run(Server.java:3026) [hadoop-common-3.3.5.jar:?]
]]></system-out>
  </testcase>
  <testcase name="testDeleteKey" classname="org.apache.hadoop.ozone.client.rpc.TestSecureOzoneRpcClient" time="0.05">
    <system-out><![CDATA[2023-05-17 09:09:40,521 [Listener at 127.0.0.1/15004] INFO  rpc.RpcClient (RpcClient.java:createVolume(476)) - Creating Volume: 998b1906-b043-40cd-a8a3-58d8dfac401c, with runner as owner and space quota set to -1 bytes, counts quota set to -1
2023-05-17 09:09:40,523 [OM StateMachine ApplyTransaction Thread - 0] INFO  volume.OMVolumeCreateRequest (OMVolumeCreateRequest.java:validateAndUpdateCache(196)) - created volume:998b1906-b043-40cd-a8a3-58d8dfac401c for user:runner
2023-05-17 09:09:40,525 [Listener at 127.0.0.1/15004] INFO  rpc.RpcClient (RpcClient.java:createBucket(698)) - Creating Bucket: 998b1906-b043-40cd-a8a3-58d8dfac401c/ac44d7ed-6a09-4b66-9663-02ad30cfdcf0, with server-side default bucket layout, runner as owner, Versioning false, Storage Type set to DISK and Encryption set to false, Replication Type set to server-side default replication type, Namespace Quota set to -1, Space Quota set to -1 
2023-05-17 09:09:40,527 [OM StateMachine ApplyTransaction Thread - 0] INFO  bucket.OMBucketCreateRequest (OMBucketCreateRequest.java:validateAndUpdateCache(270)) - created bucket: ac44d7ed-6a09-4b66-9663-02ad30cfdcf0 of layout OBJECT_STORE in volume: 998b1906-b043-40cd-a8a3-58d8dfac401c
2023-05-17 09:09:40,551 [IPC Server handler 0 on default port 15001] WARN  node.SCMNodeManager (SCMNodeManager.java:getNodesByAddress(1372)) - Cannot find node for address 127.0.0.1
09:09:40.570 [IPC Server handler 19 on default port 15004] ERROR OMAudit - user=runner | ip=127.0.0.1 | op=READ_KEY {volume=998b1906-b043-40cd-a8a3-58d8dfac401c, bucket=ac44d7ed-6a09-4b66-9663-02ad30cfdcf0, key=cae60dd7-0d4e-40c5-b1d0-7d7f9336f136, dataSize=0, replicationConfig=null} | ret=FAILURE
org.apache.hadoop.ozone.om.exceptions.OMException: Key:cae60dd7-0d4e-40c5-b1d0-7d7f9336f136 not found
	at org.apache.hadoop.ozone.om.KeyManagerImpl.readKeyInfo(KeyManagerImpl.java:437) ~[ozone-manager-1.4.0-SNAPSHOT.jar:?]
	at org.apache.hadoop.ozone.om.KeyManagerImpl.lambda$9(KeyManagerImpl.java:1926) ~[ozone-manager-1.4.0-SNAPSHOT.jar:?]
	at org.apache.hadoop.util.MetricUtil.captureLatencyNs(MetricUtil.java:37) ~[hdds-common-1.4.0-SNAPSHOT.jar:?]
	at org.apache.hadoop.ozone.om.KeyManagerImpl.getKeyInfo(KeyManagerImpl.java:1924) ~[ozone-manager-1.4.0-SNAPSHOT.jar:?]
	at org.apache.hadoop.ozone.om.OmMetadataReader.getKeyInfo(OmMetadataReader.java:212) ~[ozone-manager-1.4.0-SNAPSHOT.jar:?]
	at org.apache.hadoop.ozone.om.OzoneManager.getKeyInfo(OzoneManager.java:2840) ~[ozone-manager-1.4.0-SNAPSHOT.jar:?]
	at org.apache.hadoop.ozone.protocolPB.OzoneManagerRequestHandler.getKeyInfo(OzoneManagerRequestHandler.java:549) ~[ozone-manager-1.4.0-SNAPSHOT.jar:?]
	at org.apache.hadoop.ozone.protocolPB.OzoneManagerRequestHandler.handleReadRequest(OzoneManagerRequestHandler.java:292) ~[ozone-manager-1.4.0-SNAPSHOT.jar:?]
	at org.apache.hadoop.ozone.protocolPB.OzoneManagerProtocolServerSideTranslatorPB.submitReadRequestToOM(OzoneManagerProtocolServerSideTranslatorPB.java:223) ~[ozone-manager-1.4.0-SNAPSHOT.jar:?]
	at org.apache.hadoop.ozone.protocolPB.OzoneManagerProtocolServerSideTranslatorPB.processRequest(OzoneManagerProtocolServerSideTranslatorPB.java:177) ~[ozone-manager-1.4.0-SNAPSHOT.jar:?]
	at org.apache.hadoop.hdds.server.OzoneProtocolMessageDispatcher.processRequest(OzoneProtocolMessageDispatcher.java:87) [hdds-server-framework-1.4.0-SNAPSHOT.jar:?]
	at org.apache.hadoop.ozone.protocolPB.OzoneManagerProtocolServerSideTranslatorPB.submitRequest(OzoneManagerProtocolServerSideTranslatorPB.java:147) [ozone-manager-1.4.0-SNAPSHOT.jar:?]
	at org.apache.hadoop.ozone.protocol.proto.OzoneManagerProtocolProtos$OzoneManagerService$2.callBlockingMethod(OzoneManagerProtocolProtos.java) [ozone-interface-client-1.4.0-SNAPSHOT.jar:?]
	at org.apache.hadoop.ipc.ProtobufRpcEngine$Server.processCall(ProtobufRpcEngine.java:484) [hadoop-common-3.3.5.jar:?]
	at org.apache.hadoop.ipc.ProtobufRpcEngine2$Server$ProtoBufRpcInvoker.call(ProtobufRpcEngine2.java:595) [hadoop-common-3.3.5.jar:?]
	at org.apache.hadoop.ipc.ProtobufRpcEngine2$Server$ProtoBufRpcInvoker.call(ProtobufRpcEngine2.java:573) [hadoop-common-3.3.5.jar:?]
	at org.apache.hadoop.ipc.RPC$Server.call(RPC.java:1213) [hadoop-common-3.3.5.jar:?]
	at org.apache.hadoop.ipc.Server$RpcCall.run(Server.java:1089) [hadoop-common-3.3.5.jar:?]
	at org.apache.hadoop.ipc.Server$RpcCall.run(Server.java:1012) [hadoop-common-3.3.5.jar:?]
	at java.security.AccessController.doPrivileged(Native Method) ~[?:1.8.0_362]
	at javax.security.auth.Subject.doAs(Subject.java:422) [?:1.8.0_362]
	at org.apache.hadoop.security.UserGroupInformation.doAs(UserGroupInformation.java:1899) [hadoop-common-3.3.5.jar:?]
	at org.apache.hadoop.ipc.Server$Handler.run(Server.java:3026) [hadoop-common-3.3.5.jar:?]
]]></system-out>
  </testcase>
  <testcase name="testDeleteS3Bucket" classname="org.apache.hadoop.ozone.client.rpc.TestSecureOzoneRpcClient" time="0.011">
    <system-out><![CDATA[2023-05-17 09:09:40,574 [Listener at 127.0.0.1/15004] INFO  rpc.RpcClient (RpcClient.java:createBucket(698)) - Creating Bucket: s3v/6d732688-270b-42e6-baab-ad891097fe1e, with bucket layout OBJECT_STORE, runner as owner, Versioning false, Storage Type set to DISK and Encryption set to false, Replication Type set to server-side default replication type, Namespace Quota set to -1, Space Quota set to -1 
2023-05-17 09:09:40,577 [OM StateMachine ApplyTransaction Thread - 0] INFO  bucket.OMBucketCreateRequest (OMBucketCreateRequest.java:validateAndUpdateCache(270)) - created bucket: 6d732688-270b-42e6-baab-ad891097fe1e of layout OBJECT_STORE in volume: s3v
09:09:40.583 [IPC Server handler 16 on default port 15004] ERROR OMAudit - user=runner | ip=127.0.0.1 | op=READ_BUCKET {volume=s3v, bucket=6d732688-270b-42e6-baab-ad891097fe1e} | ret=FAILURE
org.apache.hadoop.ozone.om.exceptions.OMException: Bucket not found
	at org.apache.hadoop.ozone.om.OzoneManager.getBucketOwner(OzoneManager.java:2541) ~[ozone-manager-1.4.0-SNAPSHOT.jar:?]
	at org.apache.hadoop.ozone.om.OzoneManager.getBucketOwner(OzoneManager.java:2511) ~[ozone-manager-1.4.0-SNAPSHOT.jar:?]
	at org.apache.hadoop.ozone.om.OmMetadataReader.checkAcls(OmMetadataReader.java:436) ~[ozone-manager-1.4.0-SNAPSHOT.jar:?]
	at org.apache.hadoop.ozone.om.OzoneManager.getBucketInfo(OzoneManager.java:2802) ~[ozone-manager-1.4.0-SNAPSHOT.jar:?]
	at org.apache.hadoop.ozone.protocolPB.OzoneManagerRequestHandler.infoBucket(OzoneManagerRequestHandler.java:509) ~[ozone-manager-1.4.0-SNAPSHOT.jar:?]
	at org.apache.hadoop.ozone.protocolPB.OzoneManagerRequestHandler.handleReadRequest(OzoneManagerRequestHandler.java:188) ~[ozone-manager-1.4.0-SNAPSHOT.jar:?]
	at org.apache.hadoop.ozone.protocolPB.OzoneManagerProtocolServerSideTranslatorPB.submitReadRequestToOM(OzoneManagerProtocolServerSideTranslatorPB.java:223) ~[ozone-manager-1.4.0-SNAPSHOT.jar:?]
	at org.apache.hadoop.ozone.protocolPB.OzoneManagerProtocolServerSideTranslatorPB.processRequest(OzoneManagerProtocolServerSideTranslatorPB.java:177) ~[ozone-manager-1.4.0-SNAPSHOT.jar:?]
	at org.apache.hadoop.hdds.server.OzoneProtocolMessageDispatcher.processRequest(OzoneProtocolMessageDispatcher.java:87) [hdds-server-framework-1.4.0-SNAPSHOT.jar:?]
	at org.apache.hadoop.ozone.protocolPB.OzoneManagerProtocolServerSideTranslatorPB.submitRequest(OzoneManagerProtocolServerSideTranslatorPB.java:147) [ozone-manager-1.4.0-SNAPSHOT.jar:?]
	at org.apache.hadoop.ozone.protocol.proto.OzoneManagerProtocolProtos$OzoneManagerService$2.callBlockingMethod(OzoneManagerProtocolProtos.java) [ozone-interface-client-1.4.0-SNAPSHOT.jar:?]
	at org.apache.hadoop.ipc.ProtobufRpcEngine$Server.processCall(ProtobufRpcEngine.java:484) [hadoop-common-3.3.5.jar:?]
	at org.apache.hadoop.ipc.ProtobufRpcEngine2$Server$ProtoBufRpcInvoker.call(ProtobufRpcEngine2.java:595) [hadoop-common-3.3.5.jar:?]
	at org.apache.hadoop.ipc.ProtobufRpcEngine2$Server$ProtoBufRpcInvoker.call(ProtobufRpcEngine2.java:573) [hadoop-common-3.3.5.jar:?]
	at org.apache.hadoop.ipc.RPC$Server.call(RPC.java:1213) [hadoop-common-3.3.5.jar:?]
	at org.apache.hadoop.ipc.Server$RpcCall.run(Server.java:1089) [hadoop-common-3.3.5.jar:?]
	at org.apache.hadoop.ipc.Server$RpcCall.run(Server.java:1012) [hadoop-common-3.3.5.jar:?]
	at java.security.AccessController.doPrivileged(Native Method) ~[?:1.8.0_362]
	at javax.security.auth.Subject.doAs(Subject.java:422) [?:1.8.0_362]
	at org.apache.hadoop.security.UserGroupInformation.doAs(UserGroupInformation.java:1899) [hadoop-common-3.3.5.jar:?]
	at org.apache.hadoop.ipc.Server$Handler.run(Server.java:3026) [hadoop-common-3.3.5.jar:?]
]]></system-out>
  </testcase>
  <testcase name="testDeleteS3NonExistingBucket" classname="org.apache.hadoop.ozone.client.rpc.TestSecureOzoneRpcClient" time="0.004">
    <system-out><![CDATA[09:09:40.587 [OM StateMachine ApplyTransaction Thread - 0] ERROR OMAudit - user=runner | ip=127.0.0.1 | op=DELETE_BUCKET {volume=s3v, bucket=4b691c5b-1157-4948-9cbc-34ca8b1ff5cf} | ret=FAILURE
org.apache.hadoop.ozone.om.exceptions.OMException: Bucket not found
	at org.apache.hadoop.ozone.om.OzoneManager.getBucketOwner(OzoneManager.java:2541) ~[ozone-manager-1.4.0-SNAPSHOT.jar:?]
	at org.apache.hadoop.ozone.om.OzoneManager.getBucketOwner(OzoneManager.java:2511) ~[ozone-manager-1.4.0-SNAPSHOT.jar:?]
	at org.apache.hadoop.ozone.om.request.OMClientRequest.checkAcls(OMClientRequest.java:217) ~[ozone-manager-1.4.0-SNAPSHOT.jar:?]
	at org.apache.hadoop.ozone.om.request.bucket.OMBucketDeleteRequest.validateAndUpdateCache(OMBucketDeleteRequest.java:112) ~[ozone-manager-1.4.0-SNAPSHOT.jar:?]
	at org.apache.hadoop.ozone.protocolPB.OzoneManagerRequestHandler.handleWriteRequest(OzoneManagerRequestHandler.java:337) ~[ozone-manager-1.4.0-SNAPSHOT.jar:?]
	at org.apache.hadoop.ozone.om.ratis.OzoneManagerStateMachine.runCommand(OzoneManagerStateMachine.java:567) ~[ozone-manager-1.4.0-SNAPSHOT.jar:?]
	at org.apache.hadoop.ozone.om.ratis.OzoneManagerStateMachine.lambda$1(OzoneManagerStateMachine.java:358) ~[ozone-manager-1.4.0-SNAPSHOT.jar:?]
	at java.util.concurrent.CompletableFuture$AsyncSupply.run(CompletableFuture.java:1604) [?:1.8.0_362]
	at java.util.concurrent.ThreadPoolExecutor.runWorker(ThreadPoolExecutor.java:1149) [?:1.8.0_362]
	at java.util.concurrent.ThreadPoolExecutor$Worker.run(ThreadPoolExecutor.java:624) [?:1.8.0_362]
	at java.lang.Thread.run(Thread.java:750) [?:1.8.0_362]
2023-05-17 09:09:40,588 [OM StateMachine ApplyTransaction Thread - 0] ERROR bucket.OMBucketDeleteRequest (OMBucketDeleteRequest.java:validateAndUpdateCache(212)) - Delete bucket failed for bucket:4b691c5b-1157-4948-9cbc-34ca8b1ff5cf in volume:s3v
BUCKET_NOT_FOUND org.apache.hadoop.ozone.om.exceptions.OMException: Bucket not found
	at org.apache.hadoop.ozone.om.OzoneManager.getBucketOwner(OzoneManager.java:2541)
	at org.apache.hadoop.ozone.om.OzoneManager.getBucketOwner(OzoneManager.java:2511)
	at org.apache.hadoop.ozone.om.request.OMClientRequest.checkAcls(OMClientRequest.java:217)
	at org.apache.hadoop.ozone.om.request.bucket.OMBucketDeleteRequest.validateAndUpdateCache(OMBucketDeleteRequest.java:112)
	at org.apache.hadoop.ozone.protocolPB.OzoneManagerRequestHandler.handleWriteRequest(OzoneManagerRequestHandler.java:337)
	at org.apache.hadoop.ozone.om.ratis.OzoneManagerStateMachine.runCommand(OzoneManagerStateMachine.java:567)
	at org.apache.hadoop.ozone.om.ratis.OzoneManagerStateMachine.lambda$1(OzoneManagerStateMachine.java:358)
	at java.util.concurrent.CompletableFuture$AsyncSupply.run(CompletableFuture.java:1604)
	at java.util.concurrent.ThreadPoolExecutor.runWorker(ThreadPoolExecutor.java:1149)
	at java.util.concurrent.ThreadPoolExecutor$Worker.run(ThreadPoolExecutor.java:624)
	at java.lang.Thread.run(Thread.java:750)
]]></system-out>
  </testcase>
  <testcase name="testDeleteVolume" classname="org.apache.hadoop.ozone.client.rpc.TestSecureOzoneRpcClient" time="0.008">
    <system-out><![CDATA[2023-05-17 09:09:40,591 [Listener at 127.0.0.1/15004] INFO  rpc.RpcClient (RpcClient.java:createVolume(476)) - Creating Volume: f762d581-cb91-40ef-ae5d-d9668e696e59, with runner as owner and space quota set to -1 bytes, counts quota set to -1
2023-05-17 09:09:40,593 [OM StateMachine ApplyTransaction Thread - 0] INFO  volume.OMVolumeCreateRequest (OMVolumeCreateRequest.java:validateAndUpdateCache(196)) - created volume:f762d581-cb91-40ef-ae5d-d9668e696e59 for user:runner
09:09:40.598 [IPC Server handler 5 on default port 15004] ERROR OMAudit - user=runner | ip=127.0.0.1 | op=READ_VOLUME {volume=f762d581-cb91-40ef-ae5d-d9668e696e59} | ret=FAILURE
org.apache.hadoop.ozone.om.exceptions.OMException: Volume f762d581-cb91-40ef-ae5d-d9668e696e59 is not found
	at org.apache.hadoop.ozone.om.OzoneManager.getVolumeOwner(OzoneManager.java:2496) ~[ozone-manager-1.4.0-SNAPSHOT.jar:?]
	at org.apache.hadoop.ozone.om.OzoneManager.getVolumeOwner(OzoneManager.java:2469) ~[ozone-manager-1.4.0-SNAPSHOT.jar:?]
	at org.apache.hadoop.ozone.om.OmMetadataReader.checkAcls(OmMetadataReader.java:435) ~[ozone-manager-1.4.0-SNAPSHOT.jar:?]
	at org.apache.hadoop.ozone.om.OzoneManager.getVolumeInfo(OzoneManager.java:2617) ~[ozone-manager-1.4.0-SNAPSHOT.jar:?]
	at org.apache.hadoop.ozone.protocolPB.OzoneManagerRequestHandler.infoVolume(OzoneManagerRequestHandler.java:435) ~[ozone-manager-1.4.0-SNAPSHOT.jar:?]
	at org.apache.hadoop.ozone.protocolPB.OzoneManagerRequestHandler.handleReadRequest(OzoneManagerRequestHandler.java:178) ~[ozone-manager-1.4.0-SNAPSHOT.jar:?]
	at org.apache.hadoop.ozone.protocolPB.OzoneManagerProtocolServerSideTranslatorPB.submitReadRequestToOM(OzoneManagerProtocolServerSideTranslatorPB.java:223) ~[ozone-manager-1.4.0-SNAPSHOT.jar:?]
	at org.apache.hadoop.ozone.protocolPB.OzoneManagerProtocolServerSideTranslatorPB.processRequest(OzoneManagerProtocolServerSideTranslatorPB.java:177) ~[ozone-manager-1.4.0-SNAPSHOT.jar:?]
	at org.apache.hadoop.hdds.server.OzoneProtocolMessageDispatcher.processRequest(OzoneProtocolMessageDispatcher.java:87) [hdds-server-framework-1.4.0-SNAPSHOT.jar:?]
	at org.apache.hadoop.ozone.protocolPB.OzoneManagerProtocolServerSideTranslatorPB.submitRequest(OzoneManagerProtocolServerSideTranslatorPB.java:147) [ozone-manager-1.4.0-SNAPSHOT.jar:?]
	at org.apache.hadoop.ozone.protocol.proto.OzoneManagerProtocolProtos$OzoneManagerService$2.callBlockingMethod(OzoneManagerProtocolProtos.java) [ozone-interface-client-1.4.0-SNAPSHOT.jar:?]
	at org.apache.hadoop.ipc.ProtobufRpcEngine$Server.processCall(ProtobufRpcEngine.java:484) [hadoop-common-3.3.5.jar:?]
	at org.apache.hadoop.ipc.ProtobufRpcEngine2$Server$ProtoBufRpcInvoker.call(ProtobufRpcEngine2.java:595) [hadoop-common-3.3.5.jar:?]
	at org.apache.hadoop.ipc.ProtobufRpcEngine2$Server$ProtoBufRpcInvoker.call(ProtobufRpcEngine2.java:573) [hadoop-common-3.3.5.jar:?]
	at org.apache.hadoop.ipc.RPC$Server.call(RPC.java:1213) [hadoop-common-3.3.5.jar:?]
	at org.apache.hadoop.ipc.Server$RpcCall.run(Server.java:1089) [hadoop-common-3.3.5.jar:?]
	at org.apache.hadoop.ipc.Server$RpcCall.run(Server.java:1012) [hadoop-common-3.3.5.jar:?]
	at java.security.AccessController.doPrivileged(Native Method) ~[?:1.8.0_362]
	at javax.security.auth.Subject.doAs(Subject.java:422) [?:1.8.0_362]
	at org.apache.hadoop.security.UserGroupInformation.doAs(UserGroupInformation.java:1899) [hadoop-common-3.3.5.jar:?]
	at org.apache.hadoop.ipc.Server$Handler.run(Server.java:3026) [hadoop-common-3.3.5.jar:?]
]]></system-out>
  </testcase>
  <testcase name="testDeletedKeyForGDPR" classname="org.apache.hadoop.ozone.client.rpc.TestSecureOzoneRpcClient" time="0.12">
    <system-out><![CDATA[2023-05-17 09:09:40,600 [Listener at 127.0.0.1/15004] INFO  rpc.RpcClient (RpcClient.java:createVolume(476)) - Creating Volume: bd4c73b2-c887-42cd-86c9-bdf57bcf98e1, with runner as owner and space quota set to -1 bytes, counts quota set to -1
2023-05-17 09:09:40,602 [OM StateMachine ApplyTransaction Thread - 0] INFO  volume.OMVolumeCreateRequest (OMVolumeCreateRequest.java:validateAndUpdateCache(196)) - created volume:bd4c73b2-c887-42cd-86c9-bdf57bcf98e1 for user:runner
2023-05-17 09:09:40,604 [Listener at 127.0.0.1/15004] INFO  rpc.RpcClient (RpcClient.java:createBucket(698)) - Creating Bucket: bd4c73b2-c887-42cd-86c9-bdf57bcf98e1/6ccb5e31-6b0f-4f5a-9c3a-5b54e21d799f, with server-side default bucket layout, runner as owner, Versioning false, Storage Type set to DISK and Encryption set to false, Replication Type set to server-side default replication type, Namespace Quota set to -1, Space Quota set to -1 
2023-05-17 09:09:40,606 [OM StateMachine ApplyTransaction Thread - 0] INFO  bucket.OMBucketCreateRequest (OMBucketCreateRequest.java:validateAndUpdateCache(270)) - created bucket: 6ccb5e31-6b0f-4f5a-9c3a-5b54e21d799f of layout OBJECT_STORE in volume: bd4c73b2-c887-42cd-86c9-bdf57bcf98e1
2023-05-17 09:09:40,670 [IPC Server handler 19 on default port 15001] WARN  node.SCMNodeManager (SCMNodeManager.java:getNodesByAddress(1372)) - Cannot find node for address 127.0.0.1
2023-05-17 09:09:40,674 [IPC Server handler 16 on default port 15001] WARN  node.SCMNodeManager (SCMNodeManager.java:getNodesByAddress(1372)) - Cannot find node for address 127.0.0.1
]]></system-out>
  </testcase>
  <testcase name="testFSOBucketUsedBytes" classname="org.apache.hadoop.ozone.client.rpc.TestSecureOzoneRpcClient" time="0.085">
    <system-out><![CDATA[2023-05-17 09:09:40,721 [Listener at 127.0.0.1/15004] INFO  rpc.RpcClient (RpcClient.java:createVolume(476)) - Creating Volume: 78a019eb-2690-4bc3-8ab8-81aa55aec2da, with runner as owner and space quota set to -1 bytes, counts quota set to -1
2023-05-17 09:09:40,724 [OM StateMachine ApplyTransaction Thread - 0] INFO  volume.OMVolumeCreateRequest (OMVolumeCreateRequest.java:validateAndUpdateCache(196)) - created volume:78a019eb-2690-4bc3-8ab8-81aa55aec2da for user:runner
2023-05-17 09:09:40,726 [Listener at 127.0.0.1/15004] INFO  rpc.RpcClient (RpcClient.java:createBucket(698)) - Creating Bucket: 78a019eb-2690-4bc3-8ab8-81aa55aec2da/98468aea-5d8a-4159-9e81-4859d5044534, with bucket layout FILE_SYSTEM_OPTIMIZED, runner as owner, Versioning false, Storage Type set to DISK and Encryption set to false, Replication Type set to server-side default replication type, Namespace Quota set to -1, Space Quota set to -1 
2023-05-17 09:09:40,728 [OM StateMachine ApplyTransaction Thread - 0] INFO  bucket.OMBucketCreateRequest (OMBucketCreateRequest.java:validateAndUpdateCache(270)) - created bucket: 98468aea-5d8a-4159-9e81-4859d5044534 of layout FILE_SYSTEM_OPTIMIZED in volume: 78a019eb-2690-4bc3-8ab8-81aa55aec2da
2023-05-17 09:09:40,797 [OM StateMachine ApplyTransaction Thread - 0] INFO  key.OMKeyRequest (OMKeyRequest.java:wrapUncommittedBlocksAsPseudoKey(829)) - Detect allocated but uncommitted blocks [{blockID={containerID=25, localID=111677748019200124}, length=4194304, offset=0, token=null, pipeline=null, createVersion=0, partNumber=0}] in key 8aee4925-6ae3-4141-a934-3c07777ca8b8.
]]></system-out>
  </testcase>
  <testcase name="testGetKeyDetails" classname="org.apache.hadoop.ozone.client.rpc.TestSecureOzoneRpcClient" time="0.097">
    <system-out><![CDATA[2023-05-17 09:09:40,807 [Listener at 127.0.0.1/15004] INFO  rpc.RpcClient (RpcClient.java:createVolume(476)) - Creating Volume: 9539ca8b-d3d6-4b7e-a29e-bdc59d77b815, with runner as owner and space quota set to -1 bytes, counts quota set to -1
2023-05-17 09:09:40,809 [OM StateMachine ApplyTransaction Thread - 0] INFO  volume.OMVolumeCreateRequest (OMVolumeCreateRequest.java:validateAndUpdateCache(196)) - created volume:9539ca8b-d3d6-4b7e-a29e-bdc59d77b815 for user:runner
2023-05-17 09:09:40,811 [Listener at 127.0.0.1/15004] INFO  rpc.RpcClient (RpcClient.java:createBucket(698)) - Creating Bucket: 9539ca8b-d3d6-4b7e-a29e-bdc59d77b815/4a78a674-6d32-4774-9dae-2beb079bc9b2, with server-side default bucket layout, runner as owner, Versioning false, Storage Type set to DISK and Encryption set to false, Replication Type set to server-side default replication type, Namespace Quota set to -1, Space Quota set to -1 
2023-05-17 09:09:40,813 [OM StateMachine ApplyTransaction Thread - 0] INFO  bucket.OMBucketCreateRequest (OMBucketCreateRequest.java:validateAndUpdateCache(270)) - created bucket: 4a78a674-6d32-4774-9dae-2beb079bc9b2 of layout OBJECT_STORE in volume: 9539ca8b-d3d6-4b7e-a29e-bdc59d77b815
2023-05-17 09:09:40,855 [IPC Server handler 11 on default port 15001] WARN  node.SCMNodeManager (SCMNodeManager.java:getNodesByAddress(1372)) - Cannot find node for address 127.0.0.1
]]></system-out>
  </testcase>
  <testcase name="testHeadObject" classname="org.apache.hadoop.ozone.client.rpc.TestSecureOzoneRpcClient" time="0.101">
    <system-out><![CDATA[2023-05-17 09:09:40,904 [Listener at 127.0.0.1/15004] INFO  rpc.RpcClient (RpcClient.java:createVolume(476)) - Creating Volume: 99cfbe01-ec4d-4e0e-a165-9b83a5a4c970, with runner as owner and space quota set to -1 bytes, counts quota set to -1
2023-05-17 09:09:40,908 [OM StateMachine ApplyTransaction Thread - 0] INFO  volume.OMVolumeCreateRequest (OMVolumeCreateRequest.java:validateAndUpdateCache(196)) - created volume:99cfbe01-ec4d-4e0e-a165-9b83a5a4c970 for user:runner
2023-05-17 09:09:40,910 [Listener at 127.0.0.1/15004] INFO  rpc.RpcClient (RpcClient.java:createBucket(698)) - Creating Bucket: 99cfbe01-ec4d-4e0e-a165-9b83a5a4c970/f82abd86-5f98-4eed-a925-5aa21cd8786e, with server-side default bucket layout, runner as owner, Versioning false, Storage Type set to DISK and Encryption set to false, Replication Type set to server-side default replication type, Namespace Quota set to -1, Space Quota set to -1 
2023-05-17 09:09:40,914 [OM StateMachine ApplyTransaction Thread - 0] INFO  bucket.OMBucketCreateRequest (OMBucketCreateRequest.java:validateAndUpdateCache(270)) - created bucket: f82abd86-5f98-4eed-a925-5aa21cd8786e of layout OBJECT_STORE in volume: 99cfbe01-ec4d-4e0e-a165-9b83a5a4c970
09:09:41.004 [IPC Server handler 11 on default port 15004] ERROR OMAudit - user=runner | ip=127.0.0.1 | op=READ_KEY {volume=99cfbe01-ec4d-4e0e-a165-9b83a5a4c970, bucket=f82abd86-5f98-4eed-a925-5aa21cd8786e, key=afb1aaa7-c5b0-408e-8451-5875eeb96715, dataSize=0, replicationConfig=null} | ret=FAILURE
org.apache.hadoop.ozone.om.exceptions.OMException: Key:afb1aaa7-c5b0-408e-8451-5875eeb96715 not found
	at org.apache.hadoop.ozone.om.KeyManagerImpl.readKeyInfo(KeyManagerImpl.java:437) ~[ozone-manager-1.4.0-SNAPSHOT.jar:?]
	at org.apache.hadoop.ozone.om.KeyManagerImpl.lambda$9(KeyManagerImpl.java:1926) ~[ozone-manager-1.4.0-SNAPSHOT.jar:?]
	at org.apache.hadoop.util.MetricUtil.captureLatencyNs(MetricUtil.java:37) ~[hdds-common-1.4.0-SNAPSHOT.jar:?]
	at org.apache.hadoop.ozone.om.KeyManagerImpl.getKeyInfo(KeyManagerImpl.java:1924) ~[ozone-manager-1.4.0-SNAPSHOT.jar:?]
	at org.apache.hadoop.ozone.om.OmMetadataReader.getKeyInfo(OmMetadataReader.java:212) ~[ozone-manager-1.4.0-SNAPSHOT.jar:?]
	at org.apache.hadoop.ozone.om.OzoneManager.getKeyInfo(OzoneManager.java:2840) ~[ozone-manager-1.4.0-SNAPSHOT.jar:?]
	at org.apache.hadoop.ozone.protocolPB.OzoneManagerRequestHandler.getKeyInfo(OzoneManagerRequestHandler.java:549) ~[ozone-manager-1.4.0-SNAPSHOT.jar:?]
	at org.apache.hadoop.ozone.protocolPB.OzoneManagerRequestHandler.handleReadRequest(OzoneManagerRequestHandler.java:292) ~[ozone-manager-1.4.0-SNAPSHOT.jar:?]
	at org.apache.hadoop.ozone.protocolPB.OzoneManagerProtocolServerSideTranslatorPB.submitReadRequestToOM(OzoneManagerProtocolServerSideTranslatorPB.java:223) ~[ozone-manager-1.4.0-SNAPSHOT.jar:?]
	at org.apache.hadoop.ozone.protocolPB.OzoneManagerProtocolServerSideTranslatorPB.processRequest(OzoneManagerProtocolServerSideTranslatorPB.java:177) ~[ozone-manager-1.4.0-SNAPSHOT.jar:?]
	at org.apache.hadoop.hdds.server.OzoneProtocolMessageDispatcher.processRequest(OzoneProtocolMessageDispatcher.java:87) [hdds-server-framework-1.4.0-SNAPSHOT.jar:?]
	at org.apache.hadoop.ozone.protocolPB.OzoneManagerProtocolServerSideTranslatorPB.submitRequest(OzoneManagerProtocolServerSideTranslatorPB.java:147) [ozone-manager-1.4.0-SNAPSHOT.jar:?]
	at org.apache.hadoop.ozone.protocol.proto.OzoneManagerProtocolProtos$OzoneManagerService$2.callBlockingMethod(OzoneManagerProtocolProtos.java) [ozone-interface-client-1.4.0-SNAPSHOT.jar:?]
	at org.apache.hadoop.ipc.ProtobufRpcEngine$Server.processCall(ProtobufRpcEngine.java:484) [hadoop-common-3.3.5.jar:?]
	at org.apache.hadoop.ipc.ProtobufRpcEngine2$Server$ProtoBufRpcInvoker.call(ProtobufRpcEngine2.java:595) [hadoop-common-3.3.5.jar:?]
	at org.apache.hadoop.ipc.ProtobufRpcEngine2$Server$ProtoBufRpcInvoker.call(ProtobufRpcEngine2.java:573) [hadoop-common-3.3.5.jar:?]
	at org.apache.hadoop.ipc.RPC$Server.call(RPC.java:1213) [hadoop-common-3.3.5.jar:?]
	at org.apache.hadoop.ipc.Server$RpcCall.run(Server.java:1089) [hadoop-common-3.3.5.jar:?]
	at org.apache.hadoop.ipc.Server$RpcCall.run(Server.java:1012) [hadoop-common-3.3.5.jar:?]
	at java.security.AccessController.doPrivileged(Native Method) ~[?:1.8.0_362]
	at javax.security.auth.Subject.doAs(Subject.java:422) [?:1.8.0_362]
	at org.apache.hadoop.security.UserGroupInformation.doAs(UserGroupInformation.java:1899) [hadoop-common-3.3.5.jar:?]
	at org.apache.hadoop.ipc.Server$Handler.run(Server.java:3026) [hadoop-common-3.3.5.jar:?]
]]></system-out>
  </testcase>
  <testcase name="testInitiateMultipartUpload(ReplicationConfig)[1]" classname="org.apache.hadoop.ozone.client.rpc.TestSecureOzoneRpcClient" time="0.015">
    <system-out><![CDATA[2023-05-17 09:09:41,008 [Listener at 127.0.0.1/15004] INFO  rpc.RpcClient (RpcClient.java:createVolume(476)) - Creating Volume: df5bf868-6348-47ba-9e9b-e28ce1d4e234, with runner as owner and space quota set to -1 bytes, counts quota set to -1
2023-05-17 09:09:41,011 [OM StateMachine ApplyTransaction Thread - 0] INFO  volume.OMVolumeCreateRequest (OMVolumeCreateRequest.java:validateAndUpdateCache(196)) - created volume:df5bf868-6348-47ba-9e9b-e28ce1d4e234 for user:runner
2023-05-17 09:09:41,012 [Listener at 127.0.0.1/15004] INFO  rpc.RpcClient (RpcClient.java:createBucket(698)) - Creating Bucket: df5bf868-6348-47ba-9e9b-e28ce1d4e234/272e2169-31e0-4a42-b638-e12b9fb9ced9, with server-side default bucket layout, runner as owner, Versioning false, Storage Type set to DISK and Encryption set to false, Replication Type set to server-side default replication type, Namespace Quota set to -1, Space Quota set to -1 
2023-05-17 09:09:41,015 [OM StateMachine ApplyTransaction Thread - 0] INFO  bucket.OMBucketCreateRequest (OMBucketCreateRequest.java:validateAndUpdateCache(270)) - created bucket: 272e2169-31e0-4a42-b638-e12b9fb9ced9 of layout OBJECT_STORE in volume: df5bf868-6348-47ba-9e9b-e28ce1d4e234
]]></system-out>
  </testcase>
  <testcase name="testInitiateMultipartUpload(ReplicationConfig)[2]" classname="org.apache.hadoop.ozone.client.rpc.TestSecureOzoneRpcClient" time="0.014">
    <system-out><![CDATA[2023-05-17 09:09:41,024 [Listener at 127.0.0.1/15004] INFO  rpc.RpcClient (RpcClient.java:createVolume(476)) - Creating Volume: 12bc2f43-351c-4a35-ab16-6c22c8cd0b52, with runner as owner and space quota set to -1 bytes, counts quota set to -1
2023-05-17 09:09:41,026 [OM StateMachine ApplyTransaction Thread - 0] INFO  volume.OMVolumeCreateRequest (OMVolumeCreateRequest.java:validateAndUpdateCache(196)) - created volume:12bc2f43-351c-4a35-ab16-6c22c8cd0b52 for user:runner
2023-05-17 09:09:41,028 [Listener at 127.0.0.1/15004] INFO  rpc.RpcClient (RpcClient.java:createBucket(698)) - Creating Bucket: 12bc2f43-351c-4a35-ab16-6c22c8cd0b52/32befbdd-c1e9-420a-9ef3-8f9b0bf997ba, with server-side default bucket layout, runner as owner, Versioning false, Storage Type set to DISK and Encryption set to false, Replication Type set to server-side default replication type, Namespace Quota set to -1, Space Quota set to -1 
2023-05-17 09:09:41,030 [OM StateMachine ApplyTransaction Thread - 0] INFO  bucket.OMBucketCreateRequest (OMBucketCreateRequest.java:validateAndUpdateCache(270)) - created bucket: 32befbdd-c1e9-420a-9ef3-8f9b0bf997ba of layout OBJECT_STORE in volume: 12bc2f43-351c-4a35-ab16-6c22c8cd0b52
]]></system-out>
  </testcase>
  <testcase name="testInitiateMultipartUpload(ReplicationConfig)[3]" classname="org.apache.hadoop.ozone.client.rpc.TestSecureOzoneRpcClient" time="0.015">
    <system-out><![CDATA[2023-05-17 09:09:41,039 [Listener at 127.0.0.1/15004] INFO  rpc.RpcClient (RpcClient.java:createVolume(476)) - Creating Volume: 9ec44497-abcc-4029-bbb8-5f6678d20e0f, with runner as owner and space quota set to -1 bytes, counts quota set to -1
2023-05-17 09:09:41,041 [OM StateMachine ApplyTransaction Thread - 0] INFO  volume.OMVolumeCreateRequest (OMVolumeCreateRequest.java:validateAndUpdateCache(196)) - created volume:9ec44497-abcc-4029-bbb8-5f6678d20e0f for user:runner
2023-05-17 09:09:41,043 [Listener at 127.0.0.1/15004] INFO  rpc.RpcClient (RpcClient.java:createBucket(698)) - Creating Bucket: 9ec44497-abcc-4029-bbb8-5f6678d20e0f/81477cd0-3a55-41ab-af92-1c4a999476a2, with server-side default bucket layout, runner as owner, Versioning false, Storage Type set to DISK and Encryption set to false, Replication Type set to server-side default replication type, Namespace Quota set to -1, Space Quota set to -1 
2023-05-17 09:09:41,045 [OM StateMachine ApplyTransaction Thread - 0] INFO  bucket.OMBucketCreateRequest (OMBucketCreateRequest.java:validateAndUpdateCache(270)) - created bucket: 81477cd0-3a55-41ab-af92-1c4a999476a2 of layout OBJECT_STORE in volume: 9ec44497-abcc-4029-bbb8-5f6678d20e0f
]]></system-out>
  </testcase>
  <testcase name="testInitiateMultipartUploadWithDefaultReplication" classname="org.apache.hadoop.ozone.client.rpc.TestSecureOzoneRpcClient" time="0.013">
    <system-out><![CDATA[2023-05-17 09:09:41,054 [Listener at 127.0.0.1/15004] INFO  rpc.RpcClient (RpcClient.java:createVolume(476)) - Creating Volume: 0af1e02e-9e97-4e87-9137-ad37bf2c6ed8, with runner as owner and space quota set to -1 bytes, counts quota set to -1
2023-05-17 09:09:41,056 [OM StateMachine ApplyTransaction Thread - 0] INFO  volume.OMVolumeCreateRequest (OMVolumeCreateRequest.java:validateAndUpdateCache(196)) - created volume:0af1e02e-9e97-4e87-9137-ad37bf2c6ed8 for user:runner
2023-05-17 09:09:41,058 [Listener at 127.0.0.1/15004] INFO  rpc.RpcClient (RpcClient.java:createBucket(698)) - Creating Bucket: 0af1e02e-9e97-4e87-9137-ad37bf2c6ed8/2e279967-c216-4703-92b5-c00822362eb4, with server-side default bucket layout, runner as owner, Versioning false, Storage Type set to DISK and Encryption set to false, Replication Type set to server-side default replication type, Namespace Quota set to -1, Space Quota set to -1 
2023-05-17 09:09:41,060 [OM StateMachine ApplyTransaction Thread - 0] INFO  bucket.OMBucketCreateRequest (OMBucketCreateRequest.java:validateAndUpdateCache(270)) - created bucket: 2e279967-c216-4703-92b5-c00822362eb4 of layout OBJECT_STORE in volume: 0af1e02e-9e97-4e87-9137-ad37bf2c6ed8
]]></system-out>
  </testcase>
  <testcase name="testInvalidBucketCreation" classname="org.apache.hadoop.ozone.client.rpc.TestSecureOzoneRpcClient" time="0.007">
    <system-out><![CDATA[2023-05-17 09:09:41,068 [Listener at 127.0.0.1/15004] INFO  rpc.RpcClient (RpcClient.java:createVolume(476)) - Creating Volume: dff3e40e-fbc5-4453-9eec-7e94a13220a9, with runner as owner and space quota set to -1 bytes, counts quota set to -1
2023-05-17 09:09:41,070 [OM StateMachine ApplyTransaction Thread - 0] INFO  volume.OMVolumeCreateRequest (OMVolumeCreateRequest.java:validateAndUpdateCache(196)) - created volume:dff3e40e-fbc5-4453-9eec-7e94a13220a9 for user:runner
]]></system-out>
  </testcase>
  <testcase name="testKeyOpFailureWithoutBlockToken" classname="org.apache.hadoop.ozone.client.rpc.TestSecureOzoneRpcClient" time="0">
    <skipped message="Needs to be moved out of this class as  client setup is static"/>
  </testcase>
  <testcase name="testKeyReadWriteForGDPR" classname="org.apache.hadoop.ozone.client.rpc.TestSecureOzoneRpcClient" time="0.073">
    <system-out><![CDATA[2023-05-17 09:09:41,081 [Listener at 127.0.0.1/15004] INFO  rpc.RpcClient (RpcClient.java:createVolume(476)) - Creating Volume: 0da75a0c-1bcc-4073-b3fb-7e3621cf8bd0, with runner as owner and space quota set to -1 bytes, counts quota set to -1
2023-05-17 09:09:41,084 [OM StateMachine ApplyTransaction Thread - 0] INFO  volume.OMVolumeCreateRequest (OMVolumeCreateRequest.java:validateAndUpdateCache(196)) - created volume:0da75a0c-1bcc-4073-b3fb-7e3621cf8bd0 for user:runner
2023-05-17 09:09:41,086 [Listener at 127.0.0.1/15004] INFO  rpc.RpcClient (RpcClient.java:createBucket(698)) - Creating Bucket: 0da75a0c-1bcc-4073-b3fb-7e3621cf8bd0/3db9e6e2-9764-4119-95d6-a58c7f789d6f, with bucket layout OBJECT_STORE, runner as owner, Versioning false, Storage Type set to DISK and Encryption set to false, Replication Type set to server-side default replication type, Namespace Quota set to -1, Space Quota set to -1 
2023-05-17 09:09:41,088 [OM StateMachine ApplyTransaction Thread - 0] INFO  bucket.OMBucketCreateRequest (OMBucketCreateRequest.java:validateAndUpdateCache(270)) - created bucket: 3db9e6e2-9764-4119-95d6-a58c7f789d6f of layout OBJECT_STORE in volume: 0da75a0c-1bcc-4073-b3fb-7e3621cf8bd0
2023-05-17 09:09:41,118 [IPC Server handler 2 on default port 15001] WARN  node.SCMNodeManager (SCMNodeManager.java:getNodesByAddress(1372)) - Cannot find node for address 127.0.0.1
2023-05-17 09:09:41,122 [IPC Server handler 3 on default port 15001] WARN  node.SCMNodeManager (SCMNodeManager.java:getNodesByAddress(1372)) - Cannot find node for address 127.0.0.1
2023-05-17 09:09:41,143 [IPC Server handler 7 on default port 15001] WARN  node.SCMNodeManager (SCMNodeManager.java:getNodesByAddress(1372)) - Cannot find node for address 127.0.0.1
2023-05-17 09:09:41,147 [IPC Server handler 14 on default port 15001] WARN  node.SCMNodeManager (SCMNodeManager.java:getNodesByAddress(1372)) - Cannot find node for address 127.0.0.1
]]></system-out>
  </testcase>
  <testcase name="testKeysRename" classname="org.apache.hadoop.ozone.client.rpc.TestSecureOzoneRpcClient" time="0.094">
    <system-out><![CDATA[2023-05-17 09:09:41,154 [Listener at 127.0.0.1/15004] INFO  rpc.RpcClient (RpcClient.java:createVolume(476)) - Creating Volume: 7ed3cae0-4496-40a7-a83f-71cd6fc02a56, with runner as owner and space quota set to -1 bytes, counts quota set to -1
2023-05-17 09:09:41,157 [OM StateMachine ApplyTransaction Thread - 0] INFO  volume.OMVolumeCreateRequest (OMVolumeCreateRequest.java:validateAndUpdateCache(196)) - created volume:7ed3cae0-4496-40a7-a83f-71cd6fc02a56 for user:runner
2023-05-17 09:09:41,158 [Listener at 127.0.0.1/15004] INFO  rpc.RpcClient (RpcClient.java:createBucket(698)) - Creating Bucket: 7ed3cae0-4496-40a7-a83f-71cd6fc02a56/319e5f78-75a9-4968-9b20-012e61b33865, with bucket layout OBJECT_STORE, runner as owner, Versioning false, Storage Type set to DISK and Encryption set to false, Replication Type set to server-side default replication type, Namespace Quota set to -1, Space Quota set to -1 
2023-05-17 09:09:41,160 [OM StateMachine ApplyTransaction Thread - 0] INFO  bucket.OMBucketCreateRequest (OMBucketCreateRequest.java:validateAndUpdateCache(270)) - created bucket: 319e5f78-75a9-4968-9b20-012e61b33865 of layout OBJECT_STORE in volume: 7ed3cae0-4496-40a7-a83f-71cd6fc02a56
2023-05-17 09:09:41,191 [IPC Server handler 1 on default port 15001] WARN  node.SCMNodeManager (SCMNodeManager.java:getNodesByAddress(1372)) - Cannot find node for address 127.0.0.1
2023-05-17 09:09:41,216 [IPC Server handler 8 on default port 15001] WARN  node.SCMNodeManager (SCMNodeManager.java:getNodesByAddress(1372)) - Cannot find node for address 127.0.0.1
2023-05-17 09:09:41,236 [IPC Server handler 4 on default port 15001] WARN  node.SCMNodeManager (SCMNodeManager.java:getNodesByAddress(1372)) - Cannot find node for address 127.0.0.1
2023-05-17 09:09:41,240 [IPC Server handler 0 on default port 15001] WARN  node.SCMNodeManager (SCMNodeManager.java:getNodesByAddress(1372)) - Cannot find node for address 127.0.0.1
09:09:41.245 [IPC Server handler 6 on default port 15004] ERROR OMAudit - user=runner | ip=127.0.0.1 | op=READ_KEY {volume=7ed3cae0-4496-40a7-a83f-71cd6fc02a56, bucket=319e5f78-75a9-4968-9b20-012e61b33865, key=dir/file1, dataSize=0, replicationConfig=null} | ret=FAILURE
org.apache.hadoop.ozone.om.exceptions.OMException: Key:dir/file1 not found
	at org.apache.hadoop.ozone.om.KeyManagerImpl.readKeyInfo(KeyManagerImpl.java:437) ~[ozone-manager-1.4.0-SNAPSHOT.jar:?]
	at org.apache.hadoop.ozone.om.KeyManagerImpl.lambda$9(KeyManagerImpl.java:1926) ~[ozone-manager-1.4.0-SNAPSHOT.jar:?]
	at org.apache.hadoop.util.MetricUtil.captureLatencyNs(MetricUtil.java:37) ~[hdds-common-1.4.0-SNAPSHOT.jar:?]
	at org.apache.hadoop.ozone.om.KeyManagerImpl.getKeyInfo(KeyManagerImpl.java:1924) ~[ozone-manager-1.4.0-SNAPSHOT.jar:?]
	at org.apache.hadoop.ozone.om.OmMetadataReader.getKeyInfo(OmMetadataReader.java:212) ~[ozone-manager-1.4.0-SNAPSHOT.jar:?]
	at org.apache.hadoop.ozone.om.OzoneManager.getKeyInfo(OzoneManager.java:2840) ~[ozone-manager-1.4.0-SNAPSHOT.jar:?]
	at org.apache.hadoop.ozone.protocolPB.OzoneManagerRequestHandler.getKeyInfo(OzoneManagerRequestHandler.java:549) ~[ozone-manager-1.4.0-SNAPSHOT.jar:?]
	at org.apache.hadoop.ozone.protocolPB.OzoneManagerRequestHandler.handleReadRequest(OzoneManagerRequestHandler.java:292) ~[ozone-manager-1.4.0-SNAPSHOT.jar:?]
	at org.apache.hadoop.ozone.protocolPB.OzoneManagerProtocolServerSideTranslatorPB.submitReadRequestToOM(OzoneManagerProtocolServerSideTranslatorPB.java:223) ~[ozone-manager-1.4.0-SNAPSHOT.jar:?]
	at org.apache.hadoop.ozone.protocolPB.OzoneManagerProtocolServerSideTranslatorPB.processRequest(OzoneManagerProtocolServerSideTranslatorPB.java:177) ~[ozone-manager-1.4.0-SNAPSHOT.jar:?]
	at org.apache.hadoop.hdds.server.OzoneProtocolMessageDispatcher.processRequest(OzoneProtocolMessageDispatcher.java:87) [hdds-server-framework-1.4.0-SNAPSHOT.jar:?]
	at org.apache.hadoop.ozone.protocolPB.OzoneManagerProtocolServerSideTranslatorPB.submitRequest(OzoneManagerProtocolServerSideTranslatorPB.java:147) [ozone-manager-1.4.0-SNAPSHOT.jar:?]
	at org.apache.hadoop.ozone.protocol.proto.OzoneManagerProtocolProtos$OzoneManagerService$2.callBlockingMethod(OzoneManagerProtocolProtos.java) [ozone-interface-client-1.4.0-SNAPSHOT.jar:?]
	at org.apache.hadoop.ipc.ProtobufRpcEngine$Server.processCall(ProtobufRpcEngine.java:484) [hadoop-common-3.3.5.jar:?]
	at org.apache.hadoop.ipc.ProtobufRpcEngine2$Server$ProtoBufRpcInvoker.call(ProtobufRpcEngine2.java:595) [hadoop-common-3.3.5.jar:?]
	at org.apache.hadoop.ipc.ProtobufRpcEngine2$Server$ProtoBufRpcInvoker.call(ProtobufRpcEngine2.java:573) [hadoop-common-3.3.5.jar:?]
	at org.apache.hadoop.ipc.RPC$Server.call(RPC.java:1213) [hadoop-common-3.3.5.jar:?]
	at org.apache.hadoop.ipc.Server$RpcCall.run(Server.java:1089) [hadoop-common-3.3.5.jar:?]
	at org.apache.hadoop.ipc.Server$RpcCall.run(Server.java:1012) [hadoop-common-3.3.5.jar:?]
	at java.security.AccessController.doPrivileged(Native Method) ~[?:1.8.0_362]
	at javax.security.auth.Subject.doAs(Subject.java:422) [?:1.8.0_362]
	at org.apache.hadoop.security.UserGroupInformation.doAs(UserGroupInformation.java:1899) [hadoop-common-3.3.5.jar:?]
	at org.apache.hadoop.ipc.Server$Handler.run(Server.java:3026) [hadoop-common-3.3.5.jar:?]
09:09:41.247 [IPC Server handler 16 on default port 15004] ERROR OMAudit - user=runner | ip=127.0.0.1 | op=READ_KEY {volume=7ed3cae0-4496-40a7-a83f-71cd6fc02a56, bucket=319e5f78-75a9-4968-9b20-012e61b33865, key=dir/file2, dataSize=0, replicationConfig=null} | ret=FAILURE
org.apache.hadoop.ozone.om.exceptions.OMException: Key:dir/file2 not found
	at org.apache.hadoop.ozone.om.KeyManagerImpl.readKeyInfo(KeyManagerImpl.java:437) ~[ozone-manager-1.4.0-SNAPSHOT.jar:?]
	at org.apache.hadoop.ozone.om.KeyManagerImpl.lambda$9(KeyManagerImpl.java:1926) ~[ozone-manager-1.4.0-SNAPSHOT.jar:?]
	at org.apache.hadoop.util.MetricUtil.captureLatencyNs(MetricUtil.java:37) ~[hdds-common-1.4.0-SNAPSHOT.jar:?]
	at org.apache.hadoop.ozone.om.KeyManagerImpl.getKeyInfo(KeyManagerImpl.java:1924) ~[ozone-manager-1.4.0-SNAPSHOT.jar:?]
	at org.apache.hadoop.ozone.om.OmMetadataReader.getKeyInfo(OmMetadataReader.java:212) ~[ozone-manager-1.4.0-SNAPSHOT.jar:?]
	at org.apache.hadoop.ozone.om.OzoneManager.getKeyInfo(OzoneManager.java:2840) ~[ozone-manager-1.4.0-SNAPSHOT.jar:?]
	at org.apache.hadoop.ozone.protocolPB.OzoneManagerRequestHandler.getKeyInfo(OzoneManagerRequestHandler.java:549) ~[ozone-manager-1.4.0-SNAPSHOT.jar:?]
	at org.apache.hadoop.ozone.protocolPB.OzoneManagerRequestHandler.handleReadRequest(OzoneManagerRequestHandler.java:292) ~[ozone-manager-1.4.0-SNAPSHOT.jar:?]
	at org.apache.hadoop.ozone.protocolPB.OzoneManagerProtocolServerSideTranslatorPB.submitReadRequestToOM(OzoneManagerProtocolServerSideTranslatorPB.java:223) ~[ozone-manager-1.4.0-SNAPSHOT.jar:?]
	at org.apache.hadoop.ozone.protocolPB.OzoneManagerProtocolServerSideTranslatorPB.processRequest(OzoneManagerProtocolServerSideTranslatorPB.java:177) ~[ozone-manager-1.4.0-SNAPSHOT.jar:?]
	at org.apache.hadoop.hdds.server.OzoneProtocolMessageDispatcher.processRequest(OzoneProtocolMessageDispatcher.java:87) [hdds-server-framework-1.4.0-SNAPSHOT.jar:?]
	at org.apache.hadoop.ozone.protocolPB.OzoneManagerProtocolServerSideTranslatorPB.submitRequest(OzoneManagerProtocolServerSideTranslatorPB.java:147) [ozone-manager-1.4.0-SNAPSHOT.jar:?]
	at org.apache.hadoop.ozone.protocol.proto.OzoneManagerProtocolProtos$OzoneManagerService$2.callBlockingMethod(OzoneManagerProtocolProtos.java) [ozone-interface-client-1.4.0-SNAPSHOT.jar:?]
	at org.apache.hadoop.ipc.ProtobufRpcEngine$Server.processCall(ProtobufRpcEngine.java:484) [hadoop-common-3.3.5.jar:?]
	at org.apache.hadoop.ipc.ProtobufRpcEngine2$Server$ProtoBufRpcInvoker.call(ProtobufRpcEngine2.java:595) [hadoop-common-3.3.5.jar:?]
	at org.apache.hadoop.ipc.ProtobufRpcEngine2$Server$ProtoBufRpcInvoker.call(ProtobufRpcEngine2.java:573) [hadoop-common-3.3.5.jar:?]
	at org.apache.hadoop.ipc.RPC$Server.call(RPC.java:1213) [hadoop-common-3.3.5.jar:?]
	at org.apache.hadoop.ipc.Server$RpcCall.run(Server.java:1089) [hadoop-common-3.3.5.jar:?]
	at org.apache.hadoop.ipc.Server$RpcCall.run(Server.java:1012) [hadoop-common-3.3.5.jar:?]
	at java.security.AccessController.doPrivileged(Native Method) ~[?:1.8.0_362]
	at javax.security.auth.Subject.doAs(Subject.java:422) [?:1.8.0_362]
	at org.apache.hadoop.security.UserGroupInformation.doAs(UserGroupInformation.java:1899) [hadoop-common-3.3.5.jar:?]
	at org.apache.hadoop.ipc.Server$Handler.run(Server.java:3026) [hadoop-common-3.3.5.jar:?]
]]></system-out>
  </testcase>
  <testcase name="testKeysRenameFail" classname="org.apache.hadoop.ozone.client.rpc.TestSecureOzoneRpcClient" time="0.054">
    <system-out><![CDATA[2023-05-17 09:09:41,250 [Listener at 127.0.0.1/15004] INFO  rpc.RpcClient (RpcClient.java:createVolume(476)) - Creating Volume: f8965180-4a64-43c7-80de-7922e16ff2e9, with runner as owner and space quota set to -1 bytes, counts quota set to -1
2023-05-17 09:09:41,265 [OM StateMachine ApplyTransaction Thread - 0] INFO  volume.OMVolumeCreateRequest (OMVolumeCreateRequest.java:validateAndUpdateCache(196)) - created volume:f8965180-4a64-43c7-80de-7922e16ff2e9 for user:runner
2023-05-17 09:09:41,267 [Listener at 127.0.0.1/15004] INFO  rpc.RpcClient (RpcClient.java:createBucket(698)) - Creating Bucket: f8965180-4a64-43c7-80de-7922e16ff2e9/79a05959-99cb-4121-b411-dd6436960356, with bucket layout OBJECT_STORE, runner as owner, Versioning false, Storage Type set to DISK and Encryption set to false, Replication Type set to server-side default replication type, Namespace Quota set to -1, Space Quota set to -1 
2023-05-17 09:09:41,269 [OM StateMachine ApplyTransaction Thread - 0] INFO  bucket.OMBucketCreateRequest (OMBucketCreateRequest.java:validateAndUpdateCache(270)) - created bucket: 79a05959-99cb-4121-b411-dd6436960356 of layout OBJECT_STORE in volume: f8965180-4a64-43c7-80de-7922e16ff2e9
2023-05-17 09:09:41,292 [IPC Server handler 19 on default port 15001] WARN  node.SCMNodeManager (SCMNodeManager.java:getNodesByAddress(1372)) - Cannot find node for address 127.0.0.1
2023-05-17 09:09:41,296 [OM StateMachine ApplyTransaction Thread - 0] ERROR key.OMKeysRenameRequest (OMKeysRenameRequest.java:validateAndUpdateCache(190)) - Received a request to rename a Key does not exist /f8965180-4a64-43c7-80de-7922e16ff2e9/79a05959-99cb-4121-b411-dd6436960356/dir/file2
2023-05-17 09:09:41,300 [IPC Server handler 16 on default port 15001] WARN  node.SCMNodeManager (SCMNodeManager.java:getNodesByAddress(1372)) - Cannot find node for address 127.0.0.1
09:09:41.303 [IPC Server handler 17 on default port 15004] ERROR OMAudit - user=runner | ip=127.0.0.1 | op=READ_KEY {volume=f8965180-4a64-43c7-80de-7922e16ff2e9, bucket=79a05959-99cb-4121-b411-dd6436960356, key=dir/file2, dataSize=0, replicationConfig=null} | ret=FAILURE
org.apache.hadoop.ozone.om.exceptions.OMException: Key:dir/file2 not found
	at org.apache.hadoop.ozone.om.KeyManagerImpl.readKeyInfo(KeyManagerImpl.java:437) ~[ozone-manager-1.4.0-SNAPSHOT.jar:?]
	at org.apache.hadoop.ozone.om.KeyManagerImpl.lambda$9(KeyManagerImpl.java:1926) ~[ozone-manager-1.4.0-SNAPSHOT.jar:?]
	at org.apache.hadoop.util.MetricUtil.captureLatencyNs(MetricUtil.java:37) ~[hdds-common-1.4.0-SNAPSHOT.jar:?]
	at org.apache.hadoop.ozone.om.KeyManagerImpl.getKeyInfo(KeyManagerImpl.java:1924) ~[ozone-manager-1.4.0-SNAPSHOT.jar:?]
	at org.apache.hadoop.ozone.om.OmMetadataReader.getKeyInfo(OmMetadataReader.java:212) ~[ozone-manager-1.4.0-SNAPSHOT.jar:?]
	at org.apache.hadoop.ozone.om.OzoneManager.getKeyInfo(OzoneManager.java:2840) ~[ozone-manager-1.4.0-SNAPSHOT.jar:?]
	at org.apache.hadoop.ozone.protocolPB.OzoneManagerRequestHandler.getKeyInfo(OzoneManagerRequestHandler.java:549) ~[ozone-manager-1.4.0-SNAPSHOT.jar:?]
	at org.apache.hadoop.ozone.protocolPB.OzoneManagerRequestHandler.handleReadRequest(OzoneManagerRequestHandler.java:292) ~[ozone-manager-1.4.0-SNAPSHOT.jar:?]
	at org.apache.hadoop.ozone.protocolPB.OzoneManagerProtocolServerSideTranslatorPB.submitReadRequestToOM(OzoneManagerProtocolServerSideTranslatorPB.java:223) ~[ozone-manager-1.4.0-SNAPSHOT.jar:?]
	at org.apache.hadoop.ozone.protocolPB.OzoneManagerProtocolServerSideTranslatorPB.processRequest(OzoneManagerProtocolServerSideTranslatorPB.java:177) ~[ozone-manager-1.4.0-SNAPSHOT.jar:?]
	at org.apache.hadoop.hdds.server.OzoneProtocolMessageDispatcher.processRequest(OzoneProtocolMessageDispatcher.java:87) [hdds-server-framework-1.4.0-SNAPSHOT.jar:?]
	at org.apache.hadoop.ozone.protocolPB.OzoneManagerProtocolServerSideTranslatorPB.submitRequest(OzoneManagerProtocolServerSideTranslatorPB.java:147) [ozone-manager-1.4.0-SNAPSHOT.jar:?]
	at org.apache.hadoop.ozone.protocol.proto.OzoneManagerProtocolProtos$OzoneManagerService$2.callBlockingMethod(OzoneManagerProtocolProtos.java) [ozone-interface-client-1.4.0-SNAPSHOT.jar:?]
	at org.apache.hadoop.ipc.ProtobufRpcEngine$Server.processCall(ProtobufRpcEngine.java:484) [hadoop-common-3.3.5.jar:?]
	at org.apache.hadoop.ipc.ProtobufRpcEngine2$Server$ProtoBufRpcInvoker.call(ProtobufRpcEngine2.java:595) [hadoop-common-3.3.5.jar:?]
	at org.apache.hadoop.ipc.ProtobufRpcEngine2$Server$ProtoBufRpcInvoker.call(ProtobufRpcEngine2.java:573) [hadoop-common-3.3.5.jar:?]
	at org.apache.hadoop.ipc.RPC$Server.call(RPC.java:1213) [hadoop-common-3.3.5.jar:?]
	at org.apache.hadoop.ipc.Server$RpcCall.run(Server.java:1089) [hadoop-common-3.3.5.jar:?]
	at org.apache.hadoop.ipc.Server$RpcCall.run(Server.java:1012) [hadoop-common-3.3.5.jar:?]
	at java.security.AccessController.doPrivileged(Native Method) ~[?:1.8.0_362]
	at javax.security.auth.Subject.doAs(Subject.java:422) [?:1.8.0_362]
	at org.apache.hadoop.security.UserGroupInformation.doAs(UserGroupInformation.java:1899) [hadoop-common-3.3.5.jar:?]
	at org.apache.hadoop.ipc.Server$Handler.run(Server.java:3026) [hadoop-common-3.3.5.jar:?]
]]></system-out>
  </testcase>
  <testcase name="testListBucket" classname="org.apache.hadoop.ozone.client.rpc.TestSecureOzoneRpcClient" time="0.128">
    <system-out><![CDATA[2023-05-17 09:09:41,307 [Listener at 127.0.0.1/15004] INFO  rpc.RpcClient (RpcClient.java:createVolume(476)) - Creating Volume: vol-a-99091, with runner as owner and space quota set to -1 bytes, counts quota set to -1
2023-05-17 09:09:41,311 [OM StateMachine ApplyTransaction Thread - 0] INFO  volume.OMVolumeCreateRequest (OMVolumeCreateRequest.java:validateAndUpdateCache(196)) - created volume:vol-a-99091 for user:runner
2023-05-17 09:09:41,312 [Listener at 127.0.0.1/15004] INFO  rpc.RpcClient (RpcClient.java:createVolume(476)) - Creating Volume: vol-b-91321, with runner as owner and space quota set to -1 bytes, counts quota set to -1
2023-05-17 09:09:41,314 [OM StateMachine ApplyTransaction Thread - 0] INFO  volume.OMVolumeCreateRequest (OMVolumeCreateRequest.java:validateAndUpdateCache(196)) - created volume:vol-b-91321 for user:runner
2023-05-17 09:09:41,316 [Listener at 127.0.0.1/15004] INFO  rpc.RpcClient (RpcClient.java:createBucket(698)) - Creating Bucket: vol-a-99091/bucket-a-0-53745, with server-side default bucket layout, runner as owner, Versioning false, Storage Type set to DISK and Encryption set to false, Replication Type set to server-side default replication type, Namespace Quota set to -1, Space Quota set to -1 
2023-05-17 09:09:41,318 [OM StateMachine ApplyTransaction Thread - 0] INFO  bucket.OMBucketCreateRequest (OMBucketCreateRequest.java:validateAndUpdateCache(270)) - created bucket: bucket-a-0-53745 of layout OBJECT_STORE in volume: vol-a-99091
2023-05-17 09:09:41,319 [Listener at 127.0.0.1/15004] INFO  rpc.RpcClient (RpcClient.java:createBucket(698)) - Creating Bucket: vol-b-91321/bucket-a-0-86938, with server-side default bucket layout, runner as owner, Versioning false, Storage Type set to DISK and Encryption set to false, Replication Type set to server-side default replication type, Namespace Quota set to -1, Space Quota set to -1 
2023-05-17 09:09:41,321 [OM StateMachine ApplyTransaction Thread - 0] INFO  bucket.OMBucketCreateRequest (OMBucketCreateRequest.java:validateAndUpdateCache(270)) - created bucket: bucket-a-0-86938 of layout OBJECT_STORE in volume: vol-b-91321
2023-05-17 09:09:41,322 [Listener at 127.0.0.1/15004] INFO  rpc.RpcClient (RpcClient.java:createBucket(698)) - Creating Bucket: vol-a-99091/bucket-a-1-44787, with server-side default bucket layout, runner as owner, Versioning false, Storage Type set to DISK and Encryption set to false, Replication Type set to server-side default replication type, Namespace Quota set to -1, Space Quota set to -1 
2023-05-17 09:09:41,323 [OM StateMachine ApplyTransaction Thread - 0] INFO  bucket.OMBucketCreateRequest (OMBucketCreateRequest.java:validateAndUpdateCache(270)) - created bucket: bucket-a-1-44787 of layout OBJECT_STORE in volume: vol-a-99091
2023-05-17 09:09:41,324 [Listener at 127.0.0.1/15004] INFO  rpc.RpcClient (RpcClient.java:createBucket(698)) - Creating Bucket: vol-b-91321/bucket-a-1-38054, with server-side default bucket layout, runner as owner, Versioning false, Storage Type set to DISK and Encryption set to false, Replication Type set to server-side default replication type, Namespace Quota set to -1, Space Quota set to -1 
2023-05-17 09:09:41,326 [OM StateMachine ApplyTransaction Thread - 0] INFO  bucket.OMBucketCreateRequest (OMBucketCreateRequest.java:validateAndUpdateCache(270)) - created bucket: bucket-a-1-38054 of layout OBJECT_STORE in volume: vol-b-91321
2023-05-17 09:09:41,326 [Listener at 127.0.0.1/15004] INFO  rpc.RpcClient (RpcClient.java:createBucket(698)) - Creating Bucket: vol-a-99091/bucket-a-2-65713, with server-side default bucket layout, runner as owner, Versioning false, Storage Type set to DISK and Encryption set to false, Replication Type set to server-side default replication type, Namespace Quota set to -1, Space Quota set to -1 
2023-05-17 09:09:41,328 [OM StateMachine ApplyTransaction Thread - 0] INFO  bucket.OMBucketCreateRequest (OMBucketCreateRequest.java:validateAndUpdateCache(270)) - created bucket: bucket-a-2-65713 of layout OBJECT_STORE in volume: vol-a-99091
2023-05-17 09:09:41,329 [Listener at 127.0.0.1/15004] INFO  rpc.RpcClient (RpcClient.java:createBucket(698)) - Creating Bucket: vol-b-91321/bucket-a-2-04589, with server-side default bucket layout, runner as owner, Versioning false, Storage Type set to DISK and Encryption set to false, Replication Type set to server-side default replication type, Namespace Quota set to -1, Space Quota set to -1 
2023-05-17 09:09:41,330 [OM StateMachine ApplyTransaction Thread - 0] INFO  bucket.OMBucketCreateRequest (OMBucketCreateRequest.java:validateAndUpdateCache(270)) - created bucket: bucket-a-2-04589 of layout OBJECT_STORE in volume: vol-b-91321
2023-05-17 09:09:41,331 [Listener at 127.0.0.1/15004] INFO  rpc.RpcClient (RpcClient.java:createBucket(698)) - Creating Bucket: vol-a-99091/bucket-a-3-11075, with server-side default bucket layout, runner as owner, Versioning false, Storage Type set to DISK and Encryption set to false, Replication Type set to server-side default replication type, Namespace Quota set to -1, Space Quota set to -1 
2023-05-17 09:09:41,333 [OM StateMachine ApplyTransaction Thread - 0] INFO  bucket.OMBucketCreateRequest (OMBucketCreateRequest.java:validateAndUpdateCache(270)) - created bucket: bucket-a-3-11075 of layout OBJECT_STORE in volume: vol-a-99091
2023-05-17 09:09:41,333 [Listener at 127.0.0.1/15004] INFO  rpc.RpcClient (RpcClient.java:createBucket(698)) - Creating Bucket: vol-b-91321/bucket-a-3-54393, with server-side default bucket layout, runner as owner, Versioning false, Storage Type set to DISK and Encryption set to false, Replication Type set to server-side default replication type, Namespace Quota set to -1, Space Quota set to -1 
2023-05-17 09:09:41,335 [OM StateMachine ApplyTransaction Thread - 0] INFO  bucket.OMBucketCreateRequest (OMBucketCreateRequest.java:validateAndUpdateCache(270)) - created bucket: bucket-a-3-54393 of layout OBJECT_STORE in volume: vol-b-91321
2023-05-17 09:09:41,336 [Listener at 127.0.0.1/15004] INFO  rpc.RpcClient (RpcClient.java:createBucket(698)) - Creating Bucket: vol-a-99091/bucket-a-4-87431, with server-side default bucket layout, runner as owner, Versioning false, Storage Type set to DISK and Encryption set to false, Replication Type set to server-side default replication type, Namespace Quota set to -1, Space Quota set to -1 
2023-05-17 09:09:41,337 [OM StateMachine ApplyTransaction Thread - 0] INFO  bucket.OMBucketCreateRequest (OMBucketCreateRequest.java:validateAndUpdateCache(270)) - created bucket: bucket-a-4-87431 of layout OBJECT_STORE in volume: vol-a-99091
2023-05-17 09:09:41,338 [Listener at 127.0.0.1/15004] INFO  rpc.RpcClient (RpcClient.java:createBucket(698)) - Creating Bucket: vol-b-91321/bucket-a-4-57884, with server-side default bucket layout, runner as owner, Versioning false, Storage Type set to DISK and Encryption set to false, Replication Type set to server-side default replication type, Namespace Quota set to -1, Space Quota set to -1 
2023-05-17 09:09:41,340 [OM StateMachine ApplyTransaction Thread - 0] INFO  bucket.OMBucketCreateRequest (OMBucketCreateRequest.java:validateAndUpdateCache(270)) - created bucket: bucket-a-4-57884 of layout OBJECT_STORE in volume: vol-b-91321
2023-05-17 09:09:41,340 [Listener at 127.0.0.1/15004] INFO  rpc.RpcClient (RpcClient.java:createBucket(698)) - Creating Bucket: vol-a-99091/bucket-a-5-71010, with server-side default bucket layout, runner as owner, Versioning false, Storage Type set to DISK and Encryption set to false, Replication Type set to server-side default replication type, Namespace Quota set to -1, Space Quota set to -1 
2023-05-17 09:09:41,342 [OM StateMachine ApplyTransaction Thread - 0] INFO  bucket.OMBucketCreateRequest (OMBucketCreateRequest.java:validateAndUpdateCache(270)) - created bucket: bucket-a-5-71010 of layout OBJECT_STORE in volume: vol-a-99091
2023-05-17 09:09:41,343 [Listener at 127.0.0.1/15004] INFO  rpc.RpcClient (RpcClient.java:createBucket(698)) - Creating Bucket: vol-b-91321/bucket-a-5-45579, with server-side default bucket layout, runner as owner, Versioning false, Storage Type set to DISK and Encryption set to false, Replication Type set to server-side default replication type, Namespace Quota set to -1, Space Quota set to -1 
2023-05-17 09:09:41,345 [OM StateMachine ApplyTransaction Thread - 0] INFO  bucket.OMBucketCreateRequest (OMBucketCreateRequest.java:validateAndUpdateCache(270)) - created bucket: bucket-a-5-45579 of layout OBJECT_STORE in volume: vol-b-91321
2023-05-17 09:09:41,345 [Listener at 127.0.0.1/15004] INFO  rpc.RpcClient (RpcClient.java:createBucket(698)) - Creating Bucket: vol-a-99091/bucket-a-6-41374, with server-side default bucket layout, runner as owner, Versioning false, Storage Type set to DISK and Encryption set to false, Replication Type set to server-side default replication type, Namespace Quota set to -1, Space Quota set to -1 
2023-05-17 09:09:41,347 [OM StateMachine ApplyTransaction Thread - 0] INFO  bucket.OMBucketCreateRequest (OMBucketCreateRequest.java:validateAndUpdateCache(270)) - created bucket: bucket-a-6-41374 of layout OBJECT_STORE in volume: vol-a-99091
2023-05-17 09:09:41,348 [Listener at 127.0.0.1/15004] INFO  rpc.RpcClient (RpcClient.java:createBucket(698)) - Creating Bucket: vol-b-91321/bucket-a-6-58607, with server-side default bucket layout, runner as owner, Versioning false, Storage Type set to DISK and Encryption set to false, Replication Type set to server-side default replication type, Namespace Quota set to -1, Space Quota set to -1 
2023-05-17 09:09:41,349 [OM StateMachine ApplyTransaction Thread - 0] INFO  bucket.OMBucketCreateRequest (OMBucketCreateRequest.java:validateAndUpdateCache(270)) - created bucket: bucket-a-6-58607 of layout OBJECT_STORE in volume: vol-b-91321
2023-05-17 09:09:41,350 [Listener at 127.0.0.1/15004] INFO  rpc.RpcClient (RpcClient.java:createBucket(698)) - Creating Bucket: vol-a-99091/bucket-a-7-24697, with server-side default bucket layout, runner as owner, Versioning false, Storage Type set to DISK and Encryption set to false, Replication Type set to server-side default replication type, Namespace Quota set to -1, Space Quota set to -1 
2023-05-17 09:09:41,352 [OM StateMachine ApplyTransaction Thread - 0] INFO  bucket.OMBucketCreateRequest (OMBucketCreateRequest.java:validateAndUpdateCache(270)) - created bucket: bucket-a-7-24697 of layout OBJECT_STORE in volume: vol-a-99091
2023-05-17 09:09:41,352 [Listener at 127.0.0.1/15004] INFO  rpc.RpcClient (RpcClient.java:createBucket(698)) - Creating Bucket: vol-b-91321/bucket-a-7-84975, with server-side default bucket layout, runner as owner, Versioning false, Storage Type set to DISK and Encryption set to false, Replication Type set to server-side default replication type, Namespace Quota set to -1, Space Quota set to -1 
2023-05-17 09:09:41,354 [OM StateMachine ApplyTransaction Thread - 0] INFO  bucket.OMBucketCreateRequest (OMBucketCreateRequest.java:validateAndUpdateCache(270)) - created bucket: bucket-a-7-84975 of layout OBJECT_STORE in volume: vol-b-91321
2023-05-17 09:09:41,354 [Listener at 127.0.0.1/15004] INFO  rpc.RpcClient (RpcClient.java:createBucket(698)) - Creating Bucket: vol-a-99091/bucket-a-8-14163, with server-side default bucket layout, runner as owner, Versioning false, Storage Type set to DISK and Encryption set to false, Replication Type set to server-side default replication type, Namespace Quota set to -1, Space Quota set to -1 
2023-05-17 09:09:41,356 [OM StateMachine ApplyTransaction Thread - 0] INFO  bucket.OMBucketCreateRequest (OMBucketCreateRequest.java:validateAndUpdateCache(270)) - created bucket: bucket-a-8-14163 of layout OBJECT_STORE in volume: vol-a-99091
2023-05-17 09:09:41,356 [Listener at 127.0.0.1/15004] INFO  rpc.RpcClient (RpcClient.java:createBucket(698)) - Creating Bucket: vol-b-91321/bucket-a-8-21084, with server-side default bucket layout, runner as owner, Versioning false, Storage Type set to DISK and Encryption set to false, Replication Type set to server-side default replication type, Namespace Quota set to -1, Space Quota set to -1 
2023-05-17 09:09:41,358 [OM StateMachine ApplyTransaction Thread - 0] INFO  bucket.OMBucketCreateRequest (OMBucketCreateRequest.java:validateAndUpdateCache(270)) - created bucket: bucket-a-8-21084 of layout OBJECT_STORE in volume: vol-b-91321
2023-05-17 09:09:41,358 [Listener at 127.0.0.1/15004] INFO  rpc.RpcClient (RpcClient.java:createBucket(698)) - Creating Bucket: vol-a-99091/bucket-a-9-56936, with server-side default bucket layout, runner as owner, Versioning false, Storage Type set to DISK and Encryption set to false, Replication Type set to server-side default replication type, Namespace Quota set to -1, Space Quota set to -1 
2023-05-17 09:09:41,360 [OM StateMachine ApplyTransaction Thread - 0] INFO  bucket.OMBucketCreateRequest (OMBucketCreateRequest.java:validateAndUpdateCache(270)) - created bucket: bucket-a-9-56936 of layout OBJECT_STORE in volume: vol-a-99091
2023-05-17 09:09:41,361 [Listener at 127.0.0.1/15004] INFO  rpc.RpcClient (RpcClient.java:createBucket(698)) - Creating Bucket: vol-b-91321/bucket-a-9-73838, with server-side default bucket layout, runner as owner, Versioning false, Storage Type set to DISK and Encryption set to false, Replication Type set to server-side default replication type, Namespace Quota set to -1, Space Quota set to -1 
2023-05-17 09:09:41,363 [OM StateMachine ApplyTransaction Thread - 0] INFO  bucket.OMBucketCreateRequest (OMBucketCreateRequest.java:validateAndUpdateCache(270)) - created bucket: bucket-a-9-73838 of layout OBJECT_STORE in volume: vol-b-91321
2023-05-17 09:09:41,364 [Listener at 127.0.0.1/15004] INFO  rpc.RpcClient (RpcClient.java:createBucket(698)) - Creating Bucket: vol-a-99091/bucket-b-0-59667, with server-side default bucket layout, runner as owner, Versioning false, Storage Type set to DISK and Encryption set to false, Replication Type set to server-side default replication type, Namespace Quota set to -1, Space Quota set to -1 
2023-05-17 09:09:41,365 [OM StateMachine ApplyTransaction Thread - 0] INFO  bucket.OMBucketCreateRequest (OMBucketCreateRequest.java:validateAndUpdateCache(270)) - created bucket: bucket-b-0-59667 of layout OBJECT_STORE in volume: vol-a-99091
2023-05-17 09:09:41,366 [Listener at 127.0.0.1/15004] INFO  rpc.RpcClient (RpcClient.java:createBucket(698)) - Creating Bucket: vol-b-91321/bucket-b-0-25125, with server-side default bucket layout, runner as owner, Versioning false, Storage Type set to DISK and Encryption set to false, Replication Type set to server-side default replication type, Namespace Quota set to -1, Space Quota set to -1 
2023-05-17 09:09:41,368 [OM StateMachine ApplyTransaction Thread - 0] INFO  bucket.OMBucketCreateRequest (OMBucketCreateRequest.java:validateAndUpdateCache(270)) - created bucket: bucket-b-0-25125 of layout OBJECT_STORE in volume: vol-b-91321
2023-05-17 09:09:41,369 [Listener at 127.0.0.1/15004] INFO  rpc.RpcClient (RpcClient.java:createBucket(698)) - Creating Bucket: vol-a-99091/bucket-b-1-02587, with server-side default bucket layout, runner as owner, Versioning false, Storage Type set to DISK and Encryption set to false, Replication Type set to server-side default replication type, Namespace Quota set to -1, Space Quota set to -1 
2023-05-17 09:09:41,370 [OM StateMachine ApplyTransaction Thread - 0] INFO  bucket.OMBucketCreateRequest (OMBucketCreateRequest.java:validateAndUpdateCache(270)) - created bucket: bucket-b-1-02587 of layout OBJECT_STORE in volume: vol-a-99091
2023-05-17 09:09:41,371 [Listener at 127.0.0.1/15004] INFO  rpc.RpcClient (RpcClient.java:createBucket(698)) - Creating Bucket: vol-b-91321/bucket-b-1-40651, with server-side default bucket layout, runner as owner, Versioning false, Storage Type set to DISK and Encryption set to false, Replication Type set to server-side default replication type, Namespace Quota set to -1, Space Quota set to -1 
2023-05-17 09:09:41,373 [OM StateMachine ApplyTransaction Thread - 0] INFO  bucket.OMBucketCreateRequest (OMBucketCreateRequest.java:validateAndUpdateCache(270)) - created bucket: bucket-b-1-40651 of layout OBJECT_STORE in volume: vol-b-91321
2023-05-17 09:09:41,374 [Listener at 127.0.0.1/15004] INFO  rpc.RpcClient (RpcClient.java:createBucket(698)) - Creating Bucket: vol-a-99091/bucket-b-2-63186, with server-side default bucket layout, runner as owner, Versioning false, Storage Type set to DISK and Encryption set to false, Replication Type set to server-side default replication type, Namespace Quota set to -1, Space Quota set to -1 
2023-05-17 09:09:41,375 [OM StateMachine ApplyTransaction Thread - 0] INFO  bucket.OMBucketCreateRequest (OMBucketCreateRequest.java:validateAndUpdateCache(270)) - created bucket: bucket-b-2-63186 of layout OBJECT_STORE in volume: vol-a-99091
2023-05-17 09:09:41,376 [Listener at 127.0.0.1/15004] INFO  rpc.RpcClient (RpcClient.java:createBucket(698)) - Creating Bucket: vol-b-91321/bucket-b-2-75076, with server-side default bucket layout, runner as owner, Versioning false, Storage Type set to DISK and Encryption set to false, Replication Type set to server-side default replication type, Namespace Quota set to -1, Space Quota set to -1 
2023-05-17 09:09:41,378 [OM StateMachine ApplyTransaction Thread - 0] INFO  bucket.OMBucketCreateRequest (OMBucketCreateRequest.java:validateAndUpdateCache(270)) - created bucket: bucket-b-2-75076 of layout OBJECT_STORE in volume: vol-b-91321
2023-05-17 09:09:41,379 [Listener at 127.0.0.1/15004] INFO  rpc.RpcClient (RpcClient.java:createBucket(698)) - Creating Bucket: vol-a-99091/bucket-b-3-14277, with server-side default bucket layout, runner as owner, Versioning false, Storage Type set to DISK and Encryption set to false, Replication Type set to server-side default replication type, Namespace Quota set to -1, Space Quota set to -1 
2023-05-17 09:09:41,380 [OM StateMachine ApplyTransaction Thread - 0] INFO  bucket.OMBucketCreateRequest (OMBucketCreateRequest.java:validateAndUpdateCache(270)) - created bucket: bucket-b-3-14277 of layout OBJECT_STORE in volume: vol-a-99091
2023-05-17 09:09:41,381 [Listener at 127.0.0.1/15004] INFO  rpc.RpcClient (RpcClient.java:createBucket(698)) - Creating Bucket: vol-b-91321/bucket-b-3-24274, with server-side default bucket layout, runner as owner, Versioning false, Storage Type set to DISK and Encryption set to false, Replication Type set to server-side default replication type, Namespace Quota set to -1, Space Quota set to -1 
2023-05-17 09:09:41,383 [OM StateMachine ApplyTransaction Thread - 0] INFO  bucket.OMBucketCreateRequest (OMBucketCreateRequest.java:validateAndUpdateCache(270)) - created bucket: bucket-b-3-24274 of layout OBJECT_STORE in volume: vol-b-91321
2023-05-17 09:09:41,384 [Listener at 127.0.0.1/15004] INFO  rpc.RpcClient (RpcClient.java:createBucket(698)) - Creating Bucket: vol-a-99091/bucket-b-4-20665, with server-side default bucket layout, runner as owner, Versioning false, Storage Type set to DISK and Encryption set to false, Replication Type set to server-side default replication type, Namespace Quota set to -1, Space Quota set to -1 
2023-05-17 09:09:41,385 [OM StateMachine ApplyTransaction Thread - 0] INFO  bucket.OMBucketCreateRequest (OMBucketCreateRequest.java:validateAndUpdateCache(270)) - created bucket: bucket-b-4-20665 of layout OBJECT_STORE in volume: vol-a-99091
2023-05-17 09:09:41,386 [Listener at 127.0.0.1/15004] INFO  rpc.RpcClient (RpcClient.java:createBucket(698)) - Creating Bucket: vol-b-91321/bucket-b-4-84487, with server-side default bucket layout, runner as owner, Versioning false, Storage Type set to DISK and Encryption set to false, Replication Type set to server-side default replication type, Namespace Quota set to -1, Space Quota set to -1 
2023-05-17 09:09:41,388 [OM StateMachine ApplyTransaction Thread - 0] INFO  bucket.OMBucketCreateRequest (OMBucketCreateRequest.java:validateAndUpdateCache(270)) - created bucket: bucket-b-4-84487 of layout OBJECT_STORE in volume: vol-b-91321
2023-05-17 09:09:41,388 [Listener at 127.0.0.1/15004] INFO  rpc.RpcClient (RpcClient.java:createBucket(698)) - Creating Bucket: vol-a-99091/bucket-b-5-39445, with server-side default bucket layout, runner as owner, Versioning false, Storage Type set to DISK and Encryption set to false, Replication Type set to server-side default replication type, Namespace Quota set to -1, Space Quota set to -1 
2023-05-17 09:09:41,394 [OM StateMachine ApplyTransaction Thread - 0] INFO  bucket.OMBucketCreateRequest (OMBucketCreateRequest.java:validateAndUpdateCache(270)) - created bucket: bucket-b-5-39445 of layout OBJECT_STORE in volume: vol-a-99091
2023-05-17 09:09:41,395 [Listener at 127.0.0.1/15004] INFO  rpc.RpcClient (RpcClient.java:createBucket(698)) - Creating Bucket: vol-b-91321/bucket-b-5-78016, with server-side default bucket layout, runner as owner, Versioning false, Storage Type set to DISK and Encryption set to false, Replication Type set to server-side default replication type, Namespace Quota set to -1, Space Quota set to -1 
2023-05-17 09:09:41,396 [OM StateMachine ApplyTransaction Thread - 0] INFO  bucket.OMBucketCreateRequest (OMBucketCreateRequest.java:validateAndUpdateCache(270)) - created bucket: bucket-b-5-78016 of layout OBJECT_STORE in volume: vol-b-91321
2023-05-17 09:09:41,397 [Listener at 127.0.0.1/15004] INFO  rpc.RpcClient (RpcClient.java:createBucket(698)) - Creating Bucket: vol-a-99091/bucket-b-6-43562, with server-side default bucket layout, runner as owner, Versioning false, Storage Type set to DISK and Encryption set to false, Replication Type set to server-side default replication type, Namespace Quota set to -1, Space Quota set to -1 
2023-05-17 09:09:41,400 [OM StateMachine ApplyTransaction Thread - 0] INFO  bucket.OMBucketCreateRequest (OMBucketCreateRequest.java:validateAndUpdateCache(270)) - created bucket: bucket-b-6-43562 of layout OBJECT_STORE in volume: vol-a-99091
2023-05-17 09:09:41,400 [Listener at 127.0.0.1/15004] INFO  rpc.RpcClient (RpcClient.java:createBucket(698)) - Creating Bucket: vol-b-91321/bucket-b-6-40191, with server-side default bucket layout, runner as owner, Versioning false, Storage Type set to DISK and Encryption set to false, Replication Type set to server-side default replication type, Namespace Quota set to -1, Space Quota set to -1 
2023-05-17 09:09:41,402 [OM StateMachine ApplyTransaction Thread - 0] INFO  bucket.OMBucketCreateRequest (OMBucketCreateRequest.java:validateAndUpdateCache(270)) - created bucket: bucket-b-6-40191 of layout OBJECT_STORE in volume: vol-b-91321
2023-05-17 09:09:41,403 [Listener at 127.0.0.1/15004] INFO  rpc.RpcClient (RpcClient.java:createBucket(698)) - Creating Bucket: vol-a-99091/bucket-b-7-10746, with server-side default bucket layout, runner as owner, Versioning false, Storage Type set to DISK and Encryption set to false, Replication Type set to server-side default replication type, Namespace Quota set to -1, Space Quota set to -1 
2023-05-17 09:09:41,404 [OM StateMachine ApplyTransaction Thread - 0] INFO  bucket.OMBucketCreateRequest (OMBucketCreateRequest.java:validateAndUpdateCache(270)) - created bucket: bucket-b-7-10746 of layout OBJECT_STORE in volume: vol-a-99091
2023-05-17 09:09:41,405 [Listener at 127.0.0.1/15004] INFO  rpc.RpcClient (RpcClient.java:createBucket(698)) - Creating Bucket: vol-b-91321/bucket-b-7-63276, with server-side default bucket layout, runner as owner, Versioning false, Storage Type set to DISK and Encryption set to false, Replication Type set to server-side default replication type, Namespace Quota set to -1, Space Quota set to -1 
2023-05-17 09:09:41,407 [OM StateMachine ApplyTransaction Thread - 0] INFO  bucket.OMBucketCreateRequest (OMBucketCreateRequest.java:validateAndUpdateCache(270)) - created bucket: bucket-b-7-63276 of layout OBJECT_STORE in volume: vol-b-91321
2023-05-17 09:09:41,407 [Listener at 127.0.0.1/15004] INFO  rpc.RpcClient (RpcClient.java:createBucket(698)) - Creating Bucket: vol-a-99091/bucket-b-8-68736, with server-side default bucket layout, runner as owner, Versioning false, Storage Type set to DISK and Encryption set to false, Replication Type set to server-side default replication type, Namespace Quota set to -1, Space Quota set to -1 
2023-05-17 09:09:41,409 [OM StateMachine ApplyTransaction Thread - 0] INFO  bucket.OMBucketCreateRequest (OMBucketCreateRequest.java:validateAndUpdateCache(270)) - created bucket: bucket-b-8-68736 of layout OBJECT_STORE in volume: vol-a-99091
2023-05-17 09:09:41,409 [Listener at 127.0.0.1/15004] INFO  rpc.RpcClient (RpcClient.java:createBucket(698)) - Creating Bucket: vol-b-91321/bucket-b-8-52691, with server-side default bucket layout, runner as owner, Versioning false, Storage Type set to DISK and Encryption set to false, Replication Type set to server-side default replication type, Namespace Quota set to -1, Space Quota set to -1 
2023-05-17 09:09:41,411 [OM StateMachine ApplyTransaction Thread - 0] INFO  bucket.OMBucketCreateRequest (OMBucketCreateRequest.java:validateAndUpdateCache(270)) - created bucket: bucket-b-8-52691 of layout OBJECT_STORE in volume: vol-b-91321
2023-05-17 09:09:41,412 [Listener at 127.0.0.1/15004] INFO  rpc.RpcClient (RpcClient.java:createBucket(698)) - Creating Bucket: vol-a-99091/bucket-b-9-60139, with server-side default bucket layout, runner as owner, Versioning false, Storage Type set to DISK and Encryption set to false, Replication Type set to server-side default replication type, Namespace Quota set to -1, Space Quota set to -1 
2023-05-17 09:09:41,414 [OM StateMachine ApplyTransaction Thread - 0] INFO  bucket.OMBucketCreateRequest (OMBucketCreateRequest.java:validateAndUpdateCache(270)) - created bucket: bucket-b-9-60139 of layout OBJECT_STORE in volume: vol-a-99091
2023-05-17 09:09:41,415 [Listener at 127.0.0.1/15004] INFO  rpc.RpcClient (RpcClient.java:createBucket(698)) - Creating Bucket: vol-b-91321/bucket-b-9-73158, with server-side default bucket layout, runner as owner, Versioning false, Storage Type set to DISK and Encryption set to false, Replication Type set to server-side default replication type, Namespace Quota set to -1, Space Quota set to -1 
2023-05-17 09:09:41,417 [OM StateMachine ApplyTransaction Thread - 0] INFO  bucket.OMBucketCreateRequest (OMBucketCreateRequest.java:validateAndUpdateCache(270)) - created bucket: bucket-b-9-73158 of layout OBJECT_STORE in volume: vol-b-91321
]]></system-out>
  </testcase>
  <testcase name="testListBucketsOnEmptyVolume" classname="org.apache.hadoop.ozone.client.rpc.TestSecureOzoneRpcClient" time="0.006">
    <system-out><![CDATA[2023-05-17 09:09:41,442 [Listener at 127.0.0.1/15004] INFO  rpc.RpcClient (RpcClient.java:createVolume(476)) - Creating Volume: vol-empty, with runner as owner and space quota set to -1 bytes, counts quota set to -1
2023-05-17 09:09:41,444 [OM StateMachine ApplyTransaction Thread - 0] INFO  volume.OMVolumeCreateRequest (OMVolumeCreateRequest.java:validateAndUpdateCache(196)) - created volume:vol-empty for user:runner
]]></system-out>
  </testcase>
  <testcase name="testListBucketsReplicationConfig" classname="org.apache.hadoop.ozone.client.rpc.TestSecureOzoneRpcClient" time="0.016">
    <system-out><![CDATA[2023-05-17 09:09:41,447 [Listener at 127.0.0.1/15004] INFO  rpc.RpcClient (RpcClient.java:createVolume(476)) - Creating Volume: d5f32cf0-56e4-4c5d-9ee1-92bf2dee1956, with runner as owner and space quota set to -1 bytes, counts quota set to -1
2023-05-17 09:09:41,450 [OM StateMachine ApplyTransaction Thread - 0] INFO  volume.OMVolumeCreateRequest (OMVolumeCreateRequest.java:validateAndUpdateCache(196)) - created volume:d5f32cf0-56e4-4c5d-9ee1-92bf2dee1956 for user:runner
2023-05-17 09:09:41,451 [Listener at 127.0.0.1/15004] INFO  rpc.RpcClient (RpcClient.java:createBucket(698)) - Creating Bucket: d5f32cf0-56e4-4c5d-9ee1-92bf2dee1956/22c87c05-de9e-42b1-8540-3a6b953b8d4d, with server-side default bucket layout, runner as owner, Versioning false, Storage Type set to DISK and Encryption set to false, Replication Type set to server-side default replication type, Namespace Quota set to -1, Space Quota set to -1 
2023-05-17 09:09:41,453 [OM StateMachine ApplyTransaction Thread - 0] INFO  bucket.OMBucketCreateRequest (OMBucketCreateRequest.java:validateAndUpdateCache(270)) - created bucket: 22c87c05-de9e-42b1-8540-3a6b953b8d4d of layout OBJECT_STORE in volume: d5f32cf0-56e4-4c5d-9ee1-92bf2dee1956
2023-05-17 09:09:41,455 [Listener at 127.0.0.1/15004] INFO  rpc.RpcClient (RpcClient.java:createBucket(698)) - Creating Bucket: d5f32cf0-56e4-4c5d-9ee1-92bf2dee1956/6d1f2fc4-1bba-4207-8f48-cc42862f7c26, with server-side default bucket layout, runner as owner, Versioning false, Storage Type set to DISK and Encryption set to false, Replication Type set to EC, Namespace Quota set to -1, Space Quota set to -1 
2023-05-17 09:09:41,457 [OM StateMachine ApplyTransaction Thread - 0] INFO  bucket.OMBucketCreateRequest (OMBucketCreateRequest.java:validateAndUpdateCache(270)) - created bucket: 6d1f2fc4-1bba-4207-8f48-cc42862f7c26 of layout OBJECT_STORE in volume: d5f32cf0-56e4-4c5d-9ee1-92bf2dee1956
2023-05-17 09:09:41,459 [Listener at 127.0.0.1/15004] INFO  rpc.RpcClient (RpcClient.java:createBucket(698)) - Creating Bucket: d5f32cf0-56e4-4c5d-9ee1-92bf2dee1956/f83c9b47-3aed-4cdf-b9fc-34cf326dee0f, with server-side default bucket layout, runner as owner, Versioning false, Storage Type set to DISK and Encryption set to false, Replication Type set to RATIS, Namespace Quota set to -1, Space Quota set to -1 
2023-05-17 09:09:41,462 [OM StateMachine ApplyTransaction Thread - 0] INFO  bucket.OMBucketCreateRequest (OMBucketCreateRequest.java:validateAndUpdateCache(270)) - created bucket: f83c9b47-3aed-4cdf-b9fc-34cf326dee0f of layout OBJECT_STORE in volume: d5f32cf0-56e4-4c5d-9ee1-92bf2dee1956
]]></system-out>
  </testcase>
  <testcase name="testListKey" classname="org.apache.hadoop.ozone.client.rpc.TestSecureOzoneRpcClient" time="1.615">
    <system-out><![CDATA[2023-05-17 09:09:41,464 [Listener at 127.0.0.1/15004] INFO  rpc.RpcClient (RpcClient.java:createVolume(476)) - Creating Volume: vol-a-30460, with runner as owner and space quota set to -1 bytes, counts quota set to -1
2023-05-17 09:09:41,466 [OM StateMachine ApplyTransaction Thread - 0] INFO  volume.OMVolumeCreateRequest (OMVolumeCreateRequest.java:validateAndUpdateCache(196)) - created volume:vol-a-30460 for user:runner
2023-05-17 09:09:41,467 [Listener at 127.0.0.1/15004] INFO  rpc.RpcClient (RpcClient.java:createVolume(476)) - Creating Volume: vol-b-65612, with runner as owner and space quota set to -1 bytes, counts quota set to -1
2023-05-17 09:09:41,469 [OM StateMachine ApplyTransaction Thread - 0] INFO  volume.OMVolumeCreateRequest (OMVolumeCreateRequest.java:validateAndUpdateCache(196)) - created volume:vol-b-65612 for user:runner
2023-05-17 09:09:41,471 [Listener at 127.0.0.1/15004] INFO  rpc.RpcClient (RpcClient.java:createBucket(698)) - Creating Bucket: vol-a-30460/buc-a-94821, with server-side default bucket layout, runner as owner, Versioning false, Storage Type set to DISK and Encryption set to false, Replication Type set to server-side default replication type, Namespace Quota set to -1, Space Quota set to -1 
2023-05-17 09:09:41,473 [OM StateMachine ApplyTransaction Thread - 0] INFO  bucket.OMBucketCreateRequest (OMBucketCreateRequest.java:validateAndUpdateCache(270)) - created bucket: buc-a-94821 of layout OBJECT_STORE in volume: vol-a-30460
2023-05-17 09:09:41,474 [Listener at 127.0.0.1/15004] INFO  rpc.RpcClient (RpcClient.java:createBucket(698)) - Creating Bucket: vol-a-30460/buc-b-95943, with server-side default bucket layout, runner as owner, Versioning false, Storage Type set to DISK and Encryption set to false, Replication Type set to server-side default replication type, Namespace Quota set to -1, Space Quota set to -1 
2023-05-17 09:09:41,475 [OM StateMachine ApplyTransaction Thread - 0] INFO  bucket.OMBucketCreateRequest (OMBucketCreateRequest.java:validateAndUpdateCache(270)) - created bucket: buc-b-95943 of layout OBJECT_STORE in volume: vol-a-30460
2023-05-17 09:09:41,476 [Listener at 127.0.0.1/15004] INFO  rpc.RpcClient (RpcClient.java:createBucket(698)) - Creating Bucket: vol-b-65612/buc-a-94821, with server-side default bucket layout, runner as owner, Versioning false, Storage Type set to DISK and Encryption set to false, Replication Type set to server-side default replication type, Namespace Quota set to -1, Space Quota set to -1 
2023-05-17 09:09:41,478 [OM StateMachine ApplyTransaction Thread - 0] INFO  bucket.OMBucketCreateRequest (OMBucketCreateRequest.java:validateAndUpdateCache(270)) - created bucket: buc-a-94821 of layout OBJECT_STORE in volume: vol-b-65612
2023-05-17 09:09:41,478 [Listener at 127.0.0.1/15004] INFO  rpc.RpcClient (RpcClient.java:createBucket(698)) - Creating Bucket: vol-b-65612/buc-b-95943, with server-side default bucket layout, runner as owner, Versioning false, Storage Type set to DISK and Encryption set to false, Replication Type set to server-side default replication type, Namespace Quota set to -1, Space Quota set to -1 
2023-05-17 09:09:41,480 [OM StateMachine ApplyTransaction Thread - 0] INFO  bucket.OMBucketCreateRequest (OMBucketCreateRequest.java:validateAndUpdateCache(270)) - created bucket: buc-b-95943 of layout OBJECT_STORE in volume: vol-b-65612
]]></system-out>
  </testcase>
  <testcase name="testListKeyOnEmptyBucket" classname="org.apache.hadoop.ozone.client.rpc.TestSecureOzoneRpcClient" time="0.011">
    <system-out><![CDATA[2023-05-17 09:09:43,080 [Listener at 127.0.0.1/15004] INFO  rpc.RpcClient (RpcClient.java:createVolume(476)) - Creating Volume: vol-38999, with runner as owner and space quota set to -1 bytes, counts quota set to -1
2023-05-17 09:09:43,082 [OM StateMachine ApplyTransaction Thread - 0] INFO  volume.OMVolumeCreateRequest (OMVolumeCreateRequest.java:validateAndUpdateCache(196)) - created volume:vol-38999 for user:runner
2023-05-17 09:09:43,085 [Listener at 127.0.0.1/15004] INFO  rpc.RpcClient (RpcClient.java:createBucket(698)) - Creating Bucket: vol-38999/buc-75595, with server-side default bucket layout, runner as owner, Versioning false, Storage Type set to DISK and Encryption set to false, Replication Type set to server-side default replication type, Namespace Quota set to -1, Space Quota set to -1 
2023-05-17 09:09:43,087 [OM StateMachine ApplyTransaction Thread - 0] INFO  bucket.OMBucketCreateRequest (OMBucketCreateRequest.java:validateAndUpdateCache(270)) - created bucket: buc-75595 of layout OBJECT_STORE in volume: vol-38999
]]></system-out>
  </testcase>
  <testcase name="testListMultipartUploadParts(ReplicationConfig)[1]" classname="org.apache.hadoop.ozone.client.rpc.TestSecureOzoneRpcClient" time="0.246">
    <system-out><![CDATA[2023-05-17 09:09:43,095 [Listener at 127.0.0.1/15004] INFO  rpc.RpcClient (RpcClient.java:createVolume(476)) - Creating Volume: 418233fd-7cee-42b5-b4bf-f4ee7be2b290, with runner as owner and space quota set to -1 bytes, counts quota set to -1
2023-05-17 09:09:43,099 [OM StateMachine ApplyTransaction Thread - 0] INFO  volume.OMVolumeCreateRequest (OMVolumeCreateRequest.java:validateAndUpdateCache(196)) - created volume:418233fd-7cee-42b5-b4bf-f4ee7be2b290 for user:runner
2023-05-17 09:09:43,101 [Listener at 127.0.0.1/15004] INFO  rpc.RpcClient (RpcClient.java:createBucket(698)) - Creating Bucket: 418233fd-7cee-42b5-b4bf-f4ee7be2b290/46dc35e6-0220-4b11-b66a-533e985eb926, with server-side default bucket layout, runner as owner, Versioning false, Storage Type set to DISK and Encryption set to false, Replication Type set to server-side default replication type, Namespace Quota set to -1, Space Quota set to -1 
2023-05-17 09:09:43,104 [OM StateMachine ApplyTransaction Thread - 0] INFO  bucket.OMBucketCreateRequest (OMBucketCreateRequest.java:validateAndUpdateCache(270)) - created bucket: 46dc35e6-0220-4b11-b66a-533e985eb926 of layout OBJECT_STORE in volume: 418233fd-7cee-42b5-b4bf-f4ee7be2b290
]]></system-out>
  </testcase>
  <testcase name="testListMultipartUploadParts(ReplicationConfig)[2]" classname="org.apache.hadoop.ozone.client.rpc.TestSecureOzoneRpcClient" time="0.905">
    <system-out><![CDATA[2023-05-17 09:09:43,342 [Listener at 127.0.0.1/15004] INFO  rpc.RpcClient (RpcClient.java:createVolume(476)) - Creating Volume: b8710e65-3345-4d88-b218-d07df23c52ef, with runner as owner and space quota set to -1 bytes, counts quota set to -1
2023-05-17 09:09:43,344 [OM StateMachine ApplyTransaction Thread - 0] INFO  volume.OMVolumeCreateRequest (OMVolumeCreateRequest.java:validateAndUpdateCache(196)) - created volume:b8710e65-3345-4d88-b218-d07df23c52ef for user:runner
2023-05-17 09:09:43,346 [Listener at 127.0.0.1/15004] INFO  rpc.RpcClient (RpcClient.java:createBucket(698)) - Creating Bucket: b8710e65-3345-4d88-b218-d07df23c52ef/f240db3e-0ee0-4265-9eef-fcee85548513, with server-side default bucket layout, runner as owner, Versioning false, Storage Type set to DISK and Encryption set to false, Replication Type set to server-side default replication type, Namespace Quota set to -1, Space Quota set to -1 
2023-05-17 09:09:43,348 [OM StateMachine ApplyTransaction Thread - 0] INFO  bucket.OMBucketCreateRequest (OMBucketCreateRequest.java:validateAndUpdateCache(270)) - created bucket: f240db3e-0ee0-4265-9eef-fcee85548513 of layout OBJECT_STORE in volume: b8710e65-3345-4d88-b218-d07df23c52ef
]]></system-out>
  </testcase>
  <testcase name="testListMultipartUploadParts(ReplicationConfig)[3]" classname="org.apache.hadoop.ozone.client.rpc.TestSecureOzoneRpcClient" time="0.375">
    <system-out><![CDATA[2023-05-17 09:09:44,248 [Listener at 127.0.0.1/15004] INFO  rpc.RpcClient (RpcClient.java:createVolume(476)) - Creating Volume: 88b76dc9-c82c-4c18-97de-c61b017b30c1, with runner as owner and space quota set to -1 bytes, counts quota set to -1
2023-05-17 09:09:44,253 [OM StateMachine ApplyTransaction Thread - 0] INFO  volume.OMVolumeCreateRequest (OMVolumeCreateRequest.java:validateAndUpdateCache(196)) - created volume:88b76dc9-c82c-4c18-97de-c61b017b30c1 for user:runner
2023-05-17 09:09:44,257 [Listener at 127.0.0.1/15004] INFO  rpc.RpcClient (RpcClient.java:createBucket(698)) - Creating Bucket: 88b76dc9-c82c-4c18-97de-c61b017b30c1/f8e2796c-f4ef-4bda-8c48-9f8455be5419, with server-side default bucket layout, runner as owner, Versioning false, Storage Type set to DISK and Encryption set to false, Replication Type set to server-side default replication type, Namespace Quota set to -1, Space Quota set to -1 
2023-05-17 09:09:44,259 [OM StateMachine ApplyTransaction Thread - 0] INFO  bucket.OMBucketCreateRequest (OMBucketCreateRequest.java:validateAndUpdateCache(270)) - created bucket: f8e2796c-f4ef-4bda-8c48-9f8455be5419 of layout OBJECT_STORE in volume: 88b76dc9-c82c-4c18-97de-c61b017b30c1
]]></system-out>
  </testcase>
  <testcase name="testListMultipartUploadPartsWithContinuation(ReplicationConfig)[1]" classname="org.apache.hadoop.ozone.client.rpc.TestSecureOzoneRpcClient" time="0.197">
    <system-out><![CDATA[2023-05-17 09:09:44,626 [Listener at 127.0.0.1/15004] INFO  rpc.RpcClient (RpcClient.java:createVolume(476)) - Creating Volume: 31398336-a540-4d08-b613-55c109714847, with runner as owner and space quota set to -1 bytes, counts quota set to -1
2023-05-17 09:09:44,628 [OM StateMachine ApplyTransaction Thread - 0] INFO  volume.OMVolumeCreateRequest (OMVolumeCreateRequest.java:validateAndUpdateCache(196)) - created volume:31398336-a540-4d08-b613-55c109714847 for user:runner
2023-05-17 09:09:44,630 [Listener at 127.0.0.1/15004] INFO  rpc.RpcClient (RpcClient.java:createBucket(698)) - Creating Bucket: 31398336-a540-4d08-b613-55c109714847/647b7c0b-6b1c-4b4e-bf3e-2c35a3837d52, with server-side default bucket layout, runner as owner, Versioning false, Storage Type set to DISK and Encryption set to false, Replication Type set to server-side default replication type, Namespace Quota set to -1, Space Quota set to -1 
2023-05-17 09:09:44,632 [OM StateMachine ApplyTransaction Thread - 0] INFO  bucket.OMBucketCreateRequest (OMBucketCreateRequest.java:validateAndUpdateCache(270)) - created bucket: 647b7c0b-6b1c-4b4e-bf3e-2c35a3837d52 of layout OBJECT_STORE in volume: 31398336-a540-4d08-b613-55c109714847
]]></system-out>
  </testcase>
  <testcase name="testListMultipartUploadPartsWithContinuation(ReplicationConfig)[2]" classname="org.apache.hadoop.ozone.client.rpc.TestSecureOzoneRpcClient" time="0.792">
    <system-out><![CDATA[2023-05-17 09:09:44,824 [Listener at 127.0.0.1/15004] INFO  rpc.RpcClient (RpcClient.java:createVolume(476)) - Creating Volume: aa4f3495-b736-4921-a4cc-6f3f20e4e8d9, with runner as owner and space quota set to -1 bytes, counts quota set to -1
2023-05-17 09:09:44,826 [OM StateMachine ApplyTransaction Thread - 0] INFO  volume.OMVolumeCreateRequest (OMVolumeCreateRequest.java:validateAndUpdateCache(196)) - created volume:aa4f3495-b736-4921-a4cc-6f3f20e4e8d9 for user:runner
2023-05-17 09:09:44,827 [Listener at 127.0.0.1/15004] INFO  rpc.RpcClient (RpcClient.java:createBucket(698)) - Creating Bucket: aa4f3495-b736-4921-a4cc-6f3f20e4e8d9/f846607b-f300-4e57-b91d-1c3f4f80b696, with server-side default bucket layout, runner as owner, Versioning false, Storage Type set to DISK and Encryption set to false, Replication Type set to server-side default replication type, Namespace Quota set to -1, Space Quota set to -1 
2023-05-17 09:09:44,829 [OM StateMachine ApplyTransaction Thread - 0] INFO  bucket.OMBucketCreateRequest (OMBucketCreateRequest.java:validateAndUpdateCache(270)) - created bucket: f846607b-f300-4e57-b91d-1c3f4f80b696 of layout OBJECT_STORE in volume: aa4f3495-b736-4921-a4cc-6f3f20e4e8d9
]]></system-out>
  </testcase>
  <testcase name="testListMultipartUploadPartsWithContinuation(ReplicationConfig)[3]" classname="org.apache.hadoop.ozone.client.rpc.TestSecureOzoneRpcClient" time="0.359">
    <system-out><![CDATA[2023-05-17 09:09:45,616 [Listener at 127.0.0.1/15004] INFO  rpc.RpcClient (RpcClient.java:createVolume(476)) - Creating Volume: da0a9d19-89a2-44e6-8661-c1dcea8179b5, with runner as owner and space quota set to -1 bytes, counts quota set to -1
2023-05-17 09:09:45,619 [OM StateMachine ApplyTransaction Thread - 0] INFO  volume.OMVolumeCreateRequest (OMVolumeCreateRequest.java:validateAndUpdateCache(196)) - created volume:da0a9d19-89a2-44e6-8661-c1dcea8179b5 for user:runner
2023-05-17 09:09:45,623 [Listener at 127.0.0.1/15004] INFO  rpc.RpcClient (RpcClient.java:createBucket(698)) - Creating Bucket: da0a9d19-89a2-44e6-8661-c1dcea8179b5/f3e42af3-175f-43a5-9773-1108a64781f1, with server-side default bucket layout, runner as owner, Versioning false, Storage Type set to DISK and Encryption set to false, Replication Type set to server-side default replication type, Namespace Quota set to -1, Space Quota set to -1 
2023-05-17 09:09:45,625 [OM StateMachine ApplyTransaction Thread - 0] INFO  bucket.OMBucketCreateRequest (OMBucketCreateRequest.java:validateAndUpdateCache(270)) - created bucket: f3e42af3-175f-43a5-9773-1108a64781f1 of layout OBJECT_STORE in volume: da0a9d19-89a2-44e6-8661-c1dcea8179b5
]]></system-out>
  </testcase>
  <testcase name="testListPartsInvalidMaxParts" classname="org.apache.hadoop.ozone.client.rpc.TestSecureOzoneRpcClient" time="0.01">
    <system-out><![CDATA[2023-05-17 09:09:45,976 [Listener at 127.0.0.1/15004] INFO  rpc.RpcClient (RpcClient.java:createVolume(476)) - Creating Volume: d90d2c49-1cfc-48c6-9e77-a798322227e8, with runner as owner and space quota set to -1 bytes, counts quota set to -1
2023-05-17 09:09:45,980 [OM StateMachine ApplyTransaction Thread - 0] INFO  volume.OMVolumeCreateRequest (OMVolumeCreateRequest.java:validateAndUpdateCache(196)) - created volume:d90d2c49-1cfc-48c6-9e77-a798322227e8 for user:runner
2023-05-17 09:09:45,981 [Listener at 127.0.0.1/15004] INFO  rpc.RpcClient (RpcClient.java:createBucket(698)) - Creating Bucket: d90d2c49-1cfc-48c6-9e77-a798322227e8/5ed84478-193d-4af9-b006-fbf73a8c996d, with server-side default bucket layout, runner as owner, Versioning false, Storage Type set to DISK and Encryption set to false, Replication Type set to server-side default replication type, Namespace Quota set to -1, Space Quota set to -1 
2023-05-17 09:09:45,984 [OM StateMachine ApplyTransaction Thread - 0] INFO  bucket.OMBucketCreateRequest (OMBucketCreateRequest.java:validateAndUpdateCache(270)) - created bucket: 5ed84478-193d-4af9-b006-fbf73a8c996d of layout OBJECT_STORE in volume: d90d2c49-1cfc-48c6-9e77-a798322227e8
]]></system-out>
  </testcase>
  <testcase name="testListPartsInvalidPartMarker" classname="org.apache.hadoop.ozone.client.rpc.TestSecureOzoneRpcClient" time="0.011">
    <system-out><![CDATA[2023-05-17 09:09:45,989 [Listener at 127.0.0.1/15004] INFO  rpc.RpcClient (RpcClient.java:createVolume(476)) - Creating Volume: e7a49d9d-03a1-48ac-8ea8-76ba9b0ffcd6, with runner as owner and space quota set to -1 bytes, counts quota set to -1
2023-05-17 09:09:45,991 [OM StateMachine ApplyTransaction Thread - 0] INFO  volume.OMVolumeCreateRequest (OMVolumeCreateRequest.java:validateAndUpdateCache(196)) - created volume:e7a49d9d-03a1-48ac-8ea8-76ba9b0ffcd6 for user:runner
2023-05-17 09:09:45,992 [Listener at 127.0.0.1/15004] INFO  rpc.RpcClient (RpcClient.java:createBucket(698)) - Creating Bucket: e7a49d9d-03a1-48ac-8ea8-76ba9b0ffcd6/36ee25ca-6749-4f80-b8ab-f60d8930893e, with server-side default bucket layout, runner as owner, Versioning false, Storage Type set to DISK and Encryption set to false, Replication Type set to server-side default replication type, Namespace Quota set to -1, Space Quota set to -1 
2023-05-17 09:09:45,994 [OM StateMachine ApplyTransaction Thread - 0] INFO  bucket.OMBucketCreateRequest (OMBucketCreateRequest.java:validateAndUpdateCache(270)) - created bucket: 36ee25ca-6749-4f80-b8ab-f60d8930893e of layout OBJECT_STORE in volume: e7a49d9d-03a1-48ac-8ea8-76ba9b0ffcd6
]]></system-out>
  </testcase>
  <testcase name="testListPartsWithInvalidUploadID" classname="org.apache.hadoop.ozone.client.rpc.TestSecureOzoneRpcClient" time="0.009">
    <system-out><![CDATA[2023-05-17 09:09:45,999 [Listener at 127.0.0.1/15004] INFO  rpc.RpcClient (RpcClient.java:createVolume(476)) - Creating Volume: 19743580-f01f-46ee-8253-0fb5d9beedca, with runner as owner and space quota set to -1 bytes, counts quota set to -1
2023-05-17 09:09:46,001 [OM StateMachine ApplyTransaction Thread - 0] INFO  volume.OMVolumeCreateRequest (OMVolumeCreateRequest.java:validateAndUpdateCache(196)) - created volume:19743580-f01f-46ee-8253-0fb5d9beedca for user:runner
2023-05-17 09:09:46,003 [Listener at 127.0.0.1/15004] INFO  rpc.RpcClient (RpcClient.java:createBucket(698)) - Creating Bucket: 19743580-f01f-46ee-8253-0fb5d9beedca/7ad53e86-ca28-4bdd-93c2-3aa41829fcef, with server-side default bucket layout, runner as owner, Versioning false, Storage Type set to DISK and Encryption set to false, Replication Type set to server-side default replication type, Namespace Quota set to -1, Space Quota set to -1 
2023-05-17 09:09:46,004 [OM StateMachine ApplyTransaction Thread - 0] INFO  bucket.OMBucketCreateRequest (OMBucketCreateRequest.java:validateAndUpdateCache(270)) - created bucket: 7ad53e86-ca28-4bdd-93c2-3aa41829fcef of layout OBJECT_STORE in volume: 19743580-f01f-46ee-8253-0fb5d9beedca
09:09:46.006 [IPC Server handler 5 on default port 15004] ERROR OMAudit - user=runner | ip=127.0.0.1 | op=LIST_MULTIPART_UPLOAD_PARTS {volume=19743580-f01f-46ee-8253-0fb5d9beedca, bucket=7ad53e86-ca28-4bdd-93c2-3aa41829fcef, key=8d53e488-af98-4fab-9608-8b9bfa97fe0f, uploadID=random, partNumberMarker=100, maxParts=2} | ret=FAILURE
org.apache.hadoop.ozone.om.exceptions.OMException: No Such Multipart upload exists for this key.
	at org.apache.hadoop.ozone.om.KeyManagerImpl.listParts(KeyManagerImpl.java:732) ~[ozone-manager-1.4.0-SNAPSHOT.jar:?]
	at org.apache.hadoop.ozone.om.OzoneManager.listParts(OzoneManager.java:3491) ~[ozone-manager-1.4.0-SNAPSHOT.jar:?]
	at org.apache.hadoop.ozone.protocolPB.OzoneManagerRequestHandler.listParts(OzoneManagerRequestHandler.java:846) ~[ozone-manager-1.4.0-SNAPSHOT.jar:?]
	at org.apache.hadoop.ozone.protocolPB.OzoneManagerRequestHandler.handleReadRequest(OzoneManagerRequestHandler.java:214) ~[ozone-manager-1.4.0-SNAPSHOT.jar:?]
	at org.apache.hadoop.ozone.protocolPB.OzoneManagerProtocolServerSideTranslatorPB.submitReadRequestToOM(OzoneManagerProtocolServerSideTranslatorPB.java:223) ~[ozone-manager-1.4.0-SNAPSHOT.jar:?]
	at org.apache.hadoop.ozone.protocolPB.OzoneManagerProtocolServerSideTranslatorPB.processRequest(OzoneManagerProtocolServerSideTranslatorPB.java:177) ~[ozone-manager-1.4.0-SNAPSHOT.jar:?]
	at org.apache.hadoop.hdds.server.OzoneProtocolMessageDispatcher.processRequest(OzoneProtocolMessageDispatcher.java:87) [hdds-server-framework-1.4.0-SNAPSHOT.jar:?]
	at org.apache.hadoop.ozone.protocolPB.OzoneManagerProtocolServerSideTranslatorPB.submitRequest(OzoneManagerProtocolServerSideTranslatorPB.java:147) [ozone-manager-1.4.0-SNAPSHOT.jar:?]
	at org.apache.hadoop.ozone.protocol.proto.OzoneManagerProtocolProtos$OzoneManagerService$2.callBlockingMethod(OzoneManagerProtocolProtos.java) [ozone-interface-client-1.4.0-SNAPSHOT.jar:?]
	at org.apache.hadoop.ipc.ProtobufRpcEngine$Server.processCall(ProtobufRpcEngine.java:484) [hadoop-common-3.3.5.jar:?]
	at org.apache.hadoop.ipc.ProtobufRpcEngine2$Server$ProtoBufRpcInvoker.call(ProtobufRpcEngine2.java:595) [hadoop-common-3.3.5.jar:?]
	at org.apache.hadoop.ipc.ProtobufRpcEngine2$Server$ProtoBufRpcInvoker.call(ProtobufRpcEngine2.java:573) [hadoop-common-3.3.5.jar:?]
	at org.apache.hadoop.ipc.RPC$Server.call(RPC.java:1213) [hadoop-common-3.3.5.jar:?]
	at org.apache.hadoop.ipc.Server$RpcCall.run(Server.java:1089) [hadoop-common-3.3.5.jar:?]
	at org.apache.hadoop.ipc.Server$RpcCall.run(Server.java:1012) [hadoop-common-3.3.5.jar:?]
	at java.security.AccessController.doPrivileged(Native Method) ~[?:1.8.0_362]
	at javax.security.auth.Subject.doAs(Subject.java:422) [?:1.8.0_362]
	at org.apache.hadoop.security.UserGroupInformation.doAs(UserGroupInformation.java:1899) [hadoop-common-3.3.5.jar:?]
	at org.apache.hadoop.ipc.Server$Handler.run(Server.java:3026) [hadoop-common-3.3.5.jar:?]
]]></system-out>
  </testcase>
  <testcase name="testListPartsWithPartMarkerGreaterThanPartCount" classname="org.apache.hadoop.ozone.client.rpc.TestSecureOzoneRpcClient" time="0.084">
    <system-out><![CDATA[2023-05-17 09:09:46,009 [Listener at 127.0.0.1/15004] INFO  rpc.RpcClient (RpcClient.java:createVolume(476)) - Creating Volume: f7794df6-b1b8-4493-8c3b-53aee8dc3e90, with runner as owner and space quota set to -1 bytes, counts quota set to -1
2023-05-17 09:09:46,011 [OM StateMachine ApplyTransaction Thread - 0] INFO  volume.OMVolumeCreateRequest (OMVolumeCreateRequest.java:validateAndUpdateCache(196)) - created volume:f7794df6-b1b8-4493-8c3b-53aee8dc3e90 for user:runner
2023-05-17 09:09:46,015 [Listener at 127.0.0.1/15004] INFO  rpc.RpcClient (RpcClient.java:createBucket(698)) - Creating Bucket: f7794df6-b1b8-4493-8c3b-53aee8dc3e90/74f1248d-550d-4868-b6ab-92002115daea, with server-side default bucket layout, runner as owner, Versioning false, Storage Type set to DISK and Encryption set to false, Replication Type set to server-side default replication type, Namespace Quota set to -1, Space Quota set to -1 
2023-05-17 09:09:46,017 [OM StateMachine ApplyTransaction Thread - 0] INFO  bucket.OMBucketCreateRequest (OMBucketCreateRequest.java:validateAndUpdateCache(270)) - created bucket: 74f1248d-550d-4868-b6ab-92002115daea of layout OBJECT_STORE in volume: f7794df6-b1b8-4493-8c3b-53aee8dc3e90
]]></system-out>
  </testcase>
  <testcase name="testListVolume" classname="org.apache.hadoop.ozone.client.rpc.TestSecureOzoneRpcClient" time="0.122">
    <system-out><![CDATA[2023-05-17 09:09:46,094 [Listener at 127.0.0.1/15004] INFO  rpc.RpcClient (RpcClient.java:createVolume(476)) - Creating Volume: vol-list-a-0-05072, with runner as owner and space quota set to -1 bytes, counts quota set to -1
2023-05-17 09:09:46,096 [OM StateMachine ApplyTransaction Thread - 0] INFO  volume.OMVolumeCreateRequest (OMVolumeCreateRequest.java:validateAndUpdateCache(196)) - created volume:vol-list-a-0-05072 for user:runner
2023-05-17 09:09:46,097 [Listener at 127.0.0.1/15004] INFO  rpc.RpcClient (RpcClient.java:createVolume(476)) - Creating Volume: vol-list-a-1-58918, with runner as owner and space quota set to -1 bytes, counts quota set to -1
2023-05-17 09:09:46,158 [OM StateMachine ApplyTransaction Thread - 0] INFO  volume.OMVolumeCreateRequest (OMVolumeCreateRequest.java:validateAndUpdateCache(196)) - created volume:vol-list-a-1-58918 for user:runner
2023-05-17 09:09:46,159 [Listener at 127.0.0.1/15004] INFO  rpc.RpcClient (RpcClient.java:createVolume(476)) - Creating Volume: vol-list-a-2-10218, with runner as owner and space quota set to -1 bytes, counts quota set to -1
2023-05-17 09:09:46,161 [OM StateMachine ApplyTransaction Thread - 0] INFO  volume.OMVolumeCreateRequest (OMVolumeCreateRequest.java:validateAndUpdateCache(196)) - created volume:vol-list-a-2-10218 for user:runner
2023-05-17 09:09:46,162 [Listener at 127.0.0.1/15004] INFO  rpc.RpcClient (RpcClient.java:createVolume(476)) - Creating Volume: vol-list-a-3-90507, with runner as owner and space quota set to -1 bytes, counts quota set to -1
2023-05-17 09:09:46,164 [OM StateMachine ApplyTransaction Thread - 0] INFO  volume.OMVolumeCreateRequest (OMVolumeCreateRequest.java:validateAndUpdateCache(196)) - created volume:vol-list-a-3-90507 for user:runner
2023-05-17 09:09:46,164 [Listener at 127.0.0.1/15004] INFO  rpc.RpcClient (RpcClient.java:createVolume(476)) - Creating Volume: vol-list-a-4-43778, with runner as owner and space quota set to -1 bytes, counts quota set to -1
2023-05-17 09:09:46,166 [OM StateMachine ApplyTransaction Thread - 0] INFO  volume.OMVolumeCreateRequest (OMVolumeCreateRequest.java:validateAndUpdateCache(196)) - created volume:vol-list-a-4-43778 for user:runner
2023-05-17 09:09:46,167 [Listener at 127.0.0.1/15004] INFO  rpc.RpcClient (RpcClient.java:createVolume(476)) - Creating Volume: vol-list-a-5-30099, with runner as owner and space quota set to -1 bytes, counts quota set to -1
2023-05-17 09:09:46,168 [OM StateMachine ApplyTransaction Thread - 0] INFO  volume.OMVolumeCreateRequest (OMVolumeCreateRequest.java:validateAndUpdateCache(196)) - created volume:vol-list-a-5-30099 for user:runner
2023-05-17 09:09:46,169 [Listener at 127.0.0.1/15004] INFO  rpc.RpcClient (RpcClient.java:createVolume(476)) - Creating Volume: vol-list-a-6-37921, with runner as owner and space quota set to -1 bytes, counts quota set to -1
2023-05-17 09:09:46,171 [OM StateMachine ApplyTransaction Thread - 0] INFO  volume.OMVolumeCreateRequest (OMVolumeCreateRequest.java:validateAndUpdateCache(196)) - created volume:vol-list-a-6-37921 for user:runner
2023-05-17 09:09:46,171 [Listener at 127.0.0.1/15004] INFO  rpc.RpcClient (RpcClient.java:createVolume(476)) - Creating Volume: vol-list-a-7-53981, with runner as owner and space quota set to -1 bytes, counts quota set to -1
2023-05-17 09:09:46,173 [OM StateMachine ApplyTransaction Thread - 0] INFO  volume.OMVolumeCreateRequest (OMVolumeCreateRequest.java:validateAndUpdateCache(196)) - created volume:vol-list-a-7-53981 for user:runner
2023-05-17 09:09:46,173 [Listener at 127.0.0.1/15004] INFO  rpc.RpcClient (RpcClient.java:createVolume(476)) - Creating Volume: vol-list-a-8-87772, with runner as owner and space quota set to -1 bytes, counts quota set to -1
2023-05-17 09:09:46,176 [OM StateMachine ApplyTransaction Thread - 0] INFO  volume.OMVolumeCreateRequest (OMVolumeCreateRequest.java:validateAndUpdateCache(196)) - created volume:vol-list-a-8-87772 for user:runner
2023-05-17 09:09:46,176 [Listener at 127.0.0.1/15004] INFO  rpc.RpcClient (RpcClient.java:createVolume(476)) - Creating Volume: vol-list-a-9-86099, with runner as owner and space quota set to -1 bytes, counts quota set to -1
2023-05-17 09:09:46,178 [OM StateMachine ApplyTransaction Thread - 0] INFO  volume.OMVolumeCreateRequest (OMVolumeCreateRequest.java:validateAndUpdateCache(196)) - created volume:vol-list-a-9-86099 for user:runner
2023-05-17 09:09:46,179 [Listener at 127.0.0.1/15004] INFO  rpc.RpcClient (RpcClient.java:createVolume(476)) - Creating Volume: vol-list-b-0-94396, with runner as owner and space quota set to -1 bytes, counts quota set to -1
2023-05-17 09:09:46,180 [OM StateMachine ApplyTransaction Thread - 0] INFO  volume.OMVolumeCreateRequest (OMVolumeCreateRequest.java:validateAndUpdateCache(196)) - created volume:vol-list-b-0-94396 for user:runner
2023-05-17 09:09:46,181 [Listener at 127.0.0.1/15004] INFO  rpc.RpcClient (RpcClient.java:createVolume(476)) - Creating Volume: vol-list-b-1-91723, with runner as owner and space quota set to -1 bytes, counts quota set to -1
2023-05-17 09:09:46,183 [OM StateMachine ApplyTransaction Thread - 0] INFO  volume.OMVolumeCreateRequest (OMVolumeCreateRequest.java:validateAndUpdateCache(196)) - created volume:vol-list-b-1-91723 for user:runner
2023-05-17 09:09:46,184 [Listener at 127.0.0.1/15004] INFO  rpc.RpcClient (RpcClient.java:createVolume(476)) - Creating Volume: vol-list-b-2-47194, with runner as owner and space quota set to -1 bytes, counts quota set to -1
2023-05-17 09:09:46,185 [OM StateMachine ApplyTransaction Thread - 0] INFO  volume.OMVolumeCreateRequest (OMVolumeCreateRequest.java:validateAndUpdateCache(196)) - created volume:vol-list-b-2-47194 for user:runner
2023-05-17 09:09:46,186 [Listener at 127.0.0.1/15004] INFO  rpc.RpcClient (RpcClient.java:createVolume(476)) - Creating Volume: vol-list-b-3-24179, with runner as owner and space quota set to -1 bytes, counts quota set to -1
2023-05-17 09:09:46,187 [OM StateMachine ApplyTransaction Thread - 0] INFO  volume.OMVolumeCreateRequest (OMVolumeCreateRequest.java:validateAndUpdateCache(196)) - created volume:vol-list-b-3-24179 for user:runner
2023-05-17 09:09:46,188 [Listener at 127.0.0.1/15004] INFO  rpc.RpcClient (RpcClient.java:createVolume(476)) - Creating Volume: vol-list-b-4-71298, with runner as owner and space quota set to -1 bytes, counts quota set to -1
2023-05-17 09:09:46,189 [OM StateMachine ApplyTransaction Thread - 0] INFO  volume.OMVolumeCreateRequest (OMVolumeCreateRequest.java:validateAndUpdateCache(196)) - created volume:vol-list-b-4-71298 for user:runner
2023-05-17 09:09:46,190 [Listener at 127.0.0.1/15004] INFO  rpc.RpcClient (RpcClient.java:createVolume(476)) - Creating Volume: vol-list-b-5-15726, with runner as owner and space quota set to -1 bytes, counts quota set to -1
2023-05-17 09:09:46,192 [OM StateMachine ApplyTransaction Thread - 0] INFO  volume.OMVolumeCreateRequest (OMVolumeCreateRequest.java:validateAndUpdateCache(196)) - created volume:vol-list-b-5-15726 for user:runner
2023-05-17 09:09:46,192 [Listener at 127.0.0.1/15004] INFO  rpc.RpcClient (RpcClient.java:createVolume(476)) - Creating Volume: vol-list-b-6-62312, with runner as owner and space quota set to -1 bytes, counts quota set to -1
2023-05-17 09:09:46,194 [OM StateMachine ApplyTransaction Thread - 0] INFO  volume.OMVolumeCreateRequest (OMVolumeCreateRequest.java:validateAndUpdateCache(196)) - created volume:vol-list-b-6-62312 for user:runner
2023-05-17 09:09:46,194 [Listener at 127.0.0.1/15004] INFO  rpc.RpcClient (RpcClient.java:createVolume(476)) - Creating Volume: vol-list-b-7-75036, with runner as owner and space quota set to -1 bytes, counts quota set to -1
2023-05-17 09:09:46,196 [OM StateMachine ApplyTransaction Thread - 0] INFO  volume.OMVolumeCreateRequest (OMVolumeCreateRequest.java:validateAndUpdateCache(196)) - created volume:vol-list-b-7-75036 for user:runner
2023-05-17 09:09:46,197 [Listener at 127.0.0.1/15004] INFO  rpc.RpcClient (RpcClient.java:createVolume(476)) - Creating Volume: vol-list-b-8-18128, with runner as owner and space quota set to -1 bytes, counts quota set to -1
2023-05-17 09:09:46,199 [OM StateMachine ApplyTransaction Thread - 0] INFO  volume.OMVolumeCreateRequest (OMVolumeCreateRequest.java:validateAndUpdateCache(196)) - created volume:vol-list-b-8-18128 for user:runner
2023-05-17 09:09:46,200 [Listener at 127.0.0.1/15004] INFO  rpc.RpcClient (RpcClient.java:createVolume(476)) - Creating Volume: vol-list-b-9-68116, with runner as owner and space quota set to -1 bytes, counts quota set to -1
2023-05-17 09:09:46,202 [OM StateMachine ApplyTransaction Thread - 0] INFO  volume.OMVolumeCreateRequest (OMVolumeCreateRequest.java:validateAndUpdateCache(196)) - created volume:vol-list-b-9-68116 for user:runner
]]></system-out>
  </testcase>
  <testcase name="testMissingParentBucketUsedNamespace(BucketLayout)[1]" classname="org.apache.hadoop.ozone.client.rpc.TestSecureOzoneRpcClient" time="0.025">
    <system-out><![CDATA[2023-05-17 09:09:46,218 [Listener at 127.0.0.1/15004] INFO  rpc.RpcClient (RpcClient.java:createVolume(476)) - Creating Volume: 439026f5-6567-4b22-aea1-dcb24432924c, with runner as owner and space quota set to -1 bytes, counts quota set to -1
2023-05-17 09:09:46,221 [OM StateMachine ApplyTransaction Thread - 0] INFO  volume.OMVolumeCreateRequest (OMVolumeCreateRequest.java:validateAndUpdateCache(196)) - created volume:439026f5-6567-4b22-aea1-dcb24432924c for user:runner
2023-05-17 09:09:46,223 [Listener at 127.0.0.1/15004] INFO  rpc.RpcClient (RpcClient.java:createBucket(698)) - Creating Bucket: 439026f5-6567-4b22-aea1-dcb24432924c/c9050971-399c-4db2-9803-322656cf8042, with bucket layout OBJECT_STORE, runner as owner, Versioning false, Storage Type set to DISK and Encryption set to false, Replication Type set to server-side default replication type, Namespace Quota set to -1, Space Quota set to -1 
2023-05-17 09:09:46,225 [OM StateMachine ApplyTransaction Thread - 0] INFO  bucket.OMBucketCreateRequest (OMBucketCreateRequest.java:validateAndUpdateCache(270)) - created bucket: c9050971-399c-4db2-9803-322656cf8042 of layout OBJECT_STORE in volume: 439026f5-6567-4b22-aea1-dcb24432924c
]]></system-out>
  </testcase>
  <testcase name="testMissingParentBucketUsedNamespace(BucketLayout)[2]" classname="org.apache.hadoop.ozone.client.rpc.TestSecureOzoneRpcClient" time="0.033">
    <system-out><![CDATA[2023-05-17 09:09:46,245 [Listener at 127.0.0.1/15004] INFO  rpc.RpcClient (RpcClient.java:createVolume(476)) - Creating Volume: 42c32f13-fde5-425b-b948-d4e718c0c792, with runner as owner and space quota set to -1 bytes, counts quota set to -1
2023-05-17 09:09:46,252 [OM StateMachine ApplyTransaction Thread - 0] INFO  volume.OMVolumeCreateRequest (OMVolumeCreateRequest.java:validateAndUpdateCache(196)) - created volume:42c32f13-fde5-425b-b948-d4e718c0c792 for user:runner
2023-05-17 09:09:46,253 [Listener at 127.0.0.1/15004] INFO  rpc.RpcClient (RpcClient.java:createBucket(698)) - Creating Bucket: 42c32f13-fde5-425b-b948-d4e718c0c792/6a1afa49-34f1-4840-a14b-6cee14442d4c, with bucket layout LEGACY, runner as owner, Versioning false, Storage Type set to DISK and Encryption set to false, Replication Type set to server-side default replication type, Namespace Quota set to -1, Space Quota set to -1 
2023-05-17 09:09:46,255 [OM StateMachine ApplyTransaction Thread - 0] INFO  bucket.OMBucketCreateRequest (OMBucketCreateRequest.java:validateAndUpdateCache(270)) - created bucket: 6a1afa49-34f1-4840-a14b-6cee14442d4c of layout LEGACY in volume: 42c32f13-fde5-425b-b948-d4e718c0c792
]]></system-out>
  </testcase>
  <testcase name="testMissingParentBucketUsedNamespace(BucketLayout)[3]" classname="org.apache.hadoop.ozone.client.rpc.TestSecureOzoneRpcClient" time="0.034">
    <system-out><![CDATA[2023-05-17 09:09:46,286 [Listener at 127.0.0.1/15004] INFO  rpc.RpcClient (RpcClient.java:createVolume(476)) - Creating Volume: cca1425d-16e6-4b24-855a-9c18afd2de69, with runner as owner and space quota set to -1 bytes, counts quota set to -1
2023-05-17 09:09:46,289 [OM StateMachine ApplyTransaction Thread - 0] INFO  volume.OMVolumeCreateRequest (OMVolumeCreateRequest.java:validateAndUpdateCache(196)) - created volume:cca1425d-16e6-4b24-855a-9c18afd2de69 for user:runner
2023-05-17 09:09:46,291 [Listener at 127.0.0.1/15004] INFO  rpc.RpcClient (RpcClient.java:createBucket(698)) - Creating Bucket: cca1425d-16e6-4b24-855a-9c18afd2de69/84a87600-d836-4561-8285-18c93be3aa92, with bucket layout FILE_SYSTEM_OPTIMIZED, runner as owner, Versioning false, Storage Type set to DISK and Encryption set to false, Replication Type set to server-side default replication type, Namespace Quota set to -1, Space Quota set to -1 
2023-05-17 09:09:46,293 [OM StateMachine ApplyTransaction Thread - 0] INFO  bucket.OMBucketCreateRequest (OMBucketCreateRequest.java:validateAndUpdateCache(270)) - created bucket: 84a87600-d836-4561-8285-18c93be3aa92 of layout FILE_SYSTEM_OPTIMIZED in volume: cca1425d-16e6-4b24-855a-9c18afd2de69
]]></system-out>
  </testcase>
  <testcase name="testMultipartUploadOverride(ReplicationConfig)[1]" classname="org.apache.hadoop.ozone.client.rpc.TestSecureOzoneRpcClient" time="1.337">
    <system-out><![CDATA[2023-05-17 09:09:46,321 [Listener at 127.0.0.1/15004] INFO  rpc.RpcClient (RpcClient.java:createVolume(476)) - Creating Volume: 3f0b9721-afc1-4731-97bf-c97800aafc4a, with runner as owner and space quota set to -1 bytes, counts quota set to -1
2023-05-17 09:09:46,323 [OM StateMachine ApplyTransaction Thread - 0] INFO  volume.OMVolumeCreateRequest (OMVolumeCreateRequest.java:validateAndUpdateCache(196)) - created volume:3f0b9721-afc1-4731-97bf-c97800aafc4a for user:runner
2023-05-17 09:09:46,324 [Listener at 127.0.0.1/15004] INFO  rpc.RpcClient (RpcClient.java:createBucket(698)) - Creating Bucket: 3f0b9721-afc1-4731-97bf-c97800aafc4a/0a508e81-f639-4113-ab2a-7f720557a640, with server-side default bucket layout, runner as owner, Versioning false, Storage Type set to DISK and Encryption set to false, Replication Type set to server-side default replication type, Namespace Quota set to -1, Space Quota set to -1 
2023-05-17 09:09:46,326 [OM StateMachine ApplyTransaction Thread - 0] INFO  bucket.OMBucketCreateRequest (OMBucketCreateRequest.java:validateAndUpdateCache(270)) - created bucket: 0a508e81-f639-4113-ab2a-7f720557a640 of layout OBJECT_STORE in volume: 3f0b9721-afc1-4731-97bf-c97800aafc4a
2023-05-17 09:09:47,132 [IPC Server handler 11 on default port 15001] WARN  node.SCMNodeManager (SCMNodeManager.java:getNodesByAddress(1372)) - Cannot find node for address 127.0.0.1
2023-05-17 09:09:47,133 [IPC Server handler 17 on default port 15001] WARN  node.SCMNodeManager (SCMNodeManager.java:getNodesByAddress(1372)) - Cannot find node for address 127.0.0.1
2023-05-17 09:09:47,134 [IPC Server handler 6 on default port 15001] WARN  node.SCMNodeManager (SCMNodeManager.java:getNodesByAddress(1372)) - Cannot find node for address 127.0.0.1
2023-05-17 09:09:47,134 [IPC Server handler 2 on default port 15001] WARN  node.SCMNodeManager (SCMNodeManager.java:getNodesByAddress(1372)) - Cannot find node for address 127.0.0.1
2023-05-17 09:09:47,135 [IPC Server handler 3 on default port 15001] WARN  node.SCMNodeManager (SCMNodeManager.java:getNodesByAddress(1372)) - Cannot find node for address 127.0.0.1
2023-05-17 09:09:47,485 [IPC Server handler 8 on default port 15001] WARN  node.SCMNodeManager (SCMNodeManager.java:getNodesByAddress(1372)) - Cannot find node for address 127.0.0.1
2023-05-17 09:09:47,486 [IPC Server handler 4 on default port 15001] WARN  node.SCMNodeManager (SCMNodeManager.java:getNodesByAddress(1372)) - Cannot find node for address 127.0.0.1
2023-05-17 09:09:47,487 [IPC Server handler 0 on default port 15001] WARN  node.SCMNodeManager (SCMNodeManager.java:getNodesByAddress(1372)) - Cannot find node for address 127.0.0.1
2023-05-17 09:09:47,487 [IPC Server handler 15 on default port 15001] WARN  node.SCMNodeManager (SCMNodeManager.java:getNodesByAddress(1372)) - Cannot find node for address 127.0.0.1
2023-05-17 09:09:47,488 [IPC Server handler 19 on default port 15001] WARN  node.SCMNodeManager (SCMNodeManager.java:getNodesByAddress(1372)) - Cannot find node for address 127.0.0.1
]]></system-out>
  </testcase>
  <testcase name="testMultipartUploadOverride(ReplicationConfig)[2]" classname="org.apache.hadoop.ozone.client.rpc.TestSecureOzoneRpcClient" time="1.412">
    <system-out><![CDATA[2023-05-17 09:09:47,658 [Listener at 127.0.0.1/15004] INFO  rpc.RpcClient (RpcClient.java:createVolume(476)) - Creating Volume: 0a4cf4a1-fac6-43fb-9328-1a8ee1732557, with runner as owner and space quota set to -1 bytes, counts quota set to -1
2023-05-17 09:09:47,661 [OM StateMachine ApplyTransaction Thread - 0] INFO  volume.OMVolumeCreateRequest (OMVolumeCreateRequest.java:validateAndUpdateCache(196)) - created volume:0a4cf4a1-fac6-43fb-9328-1a8ee1732557 for user:runner
2023-05-17 09:09:47,663 [Listener at 127.0.0.1/15004] INFO  rpc.RpcClient (RpcClient.java:createBucket(698)) - Creating Bucket: 0a4cf4a1-fac6-43fb-9328-1a8ee1732557/7ee68f59-d08b-4bf2-b506-80c20a4af588, with server-side default bucket layout, runner as owner, Versioning false, Storage Type set to DISK and Encryption set to false, Replication Type set to server-side default replication type, Namespace Quota set to -1, Space Quota set to -1 
2023-05-17 09:09:47,665 [OM StateMachine ApplyTransaction Thread - 0] INFO  bucket.OMBucketCreateRequest (OMBucketCreateRequest.java:validateAndUpdateCache(270)) - created bucket: 7ee68f59-d08b-4bf2-b506-80c20a4af588 of layout OBJECT_STORE in volume: 0a4cf4a1-fac6-43fb-9328-1a8ee1732557
2023-05-17 09:09:48,225 [IPC Server handler 14 on default port 15001] WARN  node.SCMNodeManager (SCMNodeManager.java:getNodesByAddress(1372)) - Cannot find node for address 127.0.0.1
2023-05-17 09:09:48,226 [IPC Server handler 18 on default port 15001] WARN  node.SCMNodeManager (SCMNodeManager.java:getNodesByAddress(1372)) - Cannot find node for address 127.0.0.1
2023-05-17 09:09:48,226 [IPC Server handler 1 on default port 15001] WARN  node.SCMNodeManager (SCMNodeManager.java:getNodesByAddress(1372)) - Cannot find node for address 127.0.0.1
2023-05-17 09:09:48,227 [IPC Server handler 12 on default port 15001] WARN  node.SCMNodeManager (SCMNodeManager.java:getNodesByAddress(1372)) - Cannot find node for address 127.0.0.1
2023-05-17 09:09:48,935 [IPC Server handler 5 on default port 15001] WARN  node.SCMNodeManager (SCMNodeManager.java:getNodesByAddress(1372)) - Cannot find node for address 127.0.0.1
2023-05-17 09:09:48,936 [IPC Server handler 11 on default port 15001] WARN  node.SCMNodeManager (SCMNodeManager.java:getNodesByAddress(1372)) - Cannot find node for address 127.0.0.1
2023-05-17 09:09:48,937 [IPC Server handler 17 on default port 15001] WARN  node.SCMNodeManager (SCMNodeManager.java:getNodesByAddress(1372)) - Cannot find node for address 127.0.0.1
2023-05-17 09:09:48,937 [IPC Server handler 6 on default port 15001] WARN  node.SCMNodeManager (SCMNodeManager.java:getNodesByAddress(1372)) - Cannot find node for address 127.0.0.1
]]></system-out>
  </testcase>
  <testcase name="testMultipartUploadOverride(ReplicationConfig)[3]" classname="org.apache.hadoop.ozone.client.rpc.TestSecureOzoneRpcClient" time="0.961">
    <system-out><![CDATA[2023-05-17 09:09:49,072 [Listener at 127.0.0.1/15004] INFO  rpc.RpcClient (RpcClient.java:createVolume(476)) - Creating Volume: a6f8d6e1-0906-44d8-95d7-d9431ca69d23, with runner as owner and space quota set to -1 bytes, counts quota set to -1
2023-05-17 09:09:49,075 [OM StateMachine ApplyTransaction Thread - 0] INFO  volume.OMVolumeCreateRequest (OMVolumeCreateRequest.java:validateAndUpdateCache(196)) - created volume:a6f8d6e1-0906-44d8-95d7-d9431ca69d23 for user:runner
2023-05-17 09:09:49,077 [Listener at 127.0.0.1/15004] INFO  rpc.RpcClient (RpcClient.java:createBucket(698)) - Creating Bucket: a6f8d6e1-0906-44d8-95d7-d9431ca69d23/7bc77568-d218-457b-bd69-a5703c10602d, with server-side default bucket layout, runner as owner, Versioning false, Storage Type set to DISK and Encryption set to false, Replication Type set to server-side default replication type, Namespace Quota set to -1, Space Quota set to -1 
2023-05-17 09:09:49,079 [OM StateMachine ApplyTransaction Thread - 0] INFO  bucket.OMBucketCreateRequest (OMBucketCreateRequest.java:validateAndUpdateCache(270)) - created bucket: 7bc77568-d218-457b-bd69-a5703c10602d of layout OBJECT_STORE in volume: a6f8d6e1-0906-44d8-95d7-d9431ca69d23
2023-05-17 09:09:49,346 [IPC Server handler 4 on default port 15001] WARN  node.SCMNodeManager (SCMNodeManager.java:getNodesByAddress(1372)) - Cannot find node for address 127.0.0.1
2023-05-17 09:09:49,348 [IPC Server handler 0 on default port 15001] WARN  node.SCMNodeManager (SCMNodeManager.java:getNodesByAddress(1372)) - Cannot find node for address 127.0.0.1
2023-05-17 09:09:49,349 [IPC Server handler 15 on default port 15001] WARN  node.SCMNodeManager (SCMNodeManager.java:getNodesByAddress(1372)) - Cannot find node for address 127.0.0.1
2023-05-17 09:09:49,638 [JvmPauseMonitor5] WARN  util.JvmPauseMonitor (JvmPauseMonitor.java:detectPause(124)) - JvmPauseMonitor-b98521b2-5644-4aab-8244-d2e66a88cd45: Detected pause in JVM or host machine approximately 0.125s with 0.128s GC time.
GC pool 'PS Scavenge' had collection(s): count=1 time=128ms
2023-05-17 09:09:49,638 [JvmPauseMonitor0] WARN  util.JvmPauseMonitor (JvmPauseMonitor.java:detectPause(124)) - JvmPauseMonitor-om1: Detected pause in JVM or host machine approximately 0.125s with 0.128s GC time.
GC pool 'PS Scavenge' had collection(s): count=1 time=128ms
2023-05-17 09:09:49,638 [JvmPauseMonitor14] WARN  util.JvmPauseMonitor (JvmPauseMonitor.java:detectPause(124)) - JvmPauseMonitor-5b11b4e3-e601-4d3f-be34-f92c0e1a86f6: Detected pause in JVM or host machine approximately 0.126s with 0.128s GC time.
GC pool 'PS Scavenge' had collection(s): count=1 time=128ms
2023-05-17 09:09:49,638 [JvmPauseMonitor12] WARN  util.JvmPauseMonitor (JvmPauseMonitor.java:detectPause(124)) - JvmPauseMonitor-4ea9b805-d843-4364-8f91-0c3c20e3ed71: Detected pause in JVM or host machine approximately 0.127s with 0.128s GC time.
GC pool 'PS Scavenge' had collection(s): count=1 time=128ms
2023-05-17 09:09:49,639 [JvmPauseMonitor9] WARN  util.JvmPauseMonitor (JvmPauseMonitor.java:detectPause(124)) - JvmPauseMonitor-5b9fa8c3-08c3-43f9-b175-3119fbbe3900: Detected pause in JVM or host machine approximately 0.130s with 0.128s GC time.
GC pool 'PS Scavenge' had collection(s): count=1 time=128ms
2023-05-17 09:09:49,639 [JvmPauseMonitor10] WARN  util.JvmPauseMonitor (JvmPauseMonitor.java:detectPause(124)) - JvmPauseMonitor-a82ad0ea-641b-4ac2-b933-a1a26b5fe742: Detected pause in JVM or host machine approximately 0.134s with 0.128s GC time.
GC pool 'PS Scavenge' had collection(s): count=1 time=128ms
2023-05-17 09:09:49,867 [IPC Server handler 11 on default port 15001] WARN  node.SCMNodeManager (SCMNodeManager.java:getNodesByAddress(1372)) - Cannot find node for address 127.0.0.1
2023-05-17 09:09:49,868 [IPC Server handler 17 on default port 15001] WARN  node.SCMNodeManager (SCMNodeManager.java:getNodesByAddress(1372)) - Cannot find node for address 127.0.0.1
2023-05-17 09:09:49,869 [IPC Server handler 6 on default port 15001] WARN  node.SCMNodeManager (SCMNodeManager.java:getNodesByAddress(1372)) - Cannot find node for address 127.0.0.1
]]></system-out>
  </testcase>
  <testcase name="testMultipartUploadWithACL" classname="org.apache.hadoop.ozone.client.rpc.TestSecureOzoneRpcClient" time="0.469">
    <system-out><![CDATA[2023-05-17 09:09:50,035 [Listener at 127.0.0.1/15004] INFO  rpc.RpcClient (RpcClient.java:createVolume(476)) - Creating Volume: 80419aae-3627-4b3b-8665-91df7bb5fd0a, with runner as owner and space quota set to -1 bytes, counts quota set to -1
2023-05-17 09:09:50,037 [OM StateMachine ApplyTransaction Thread - 0] INFO  volume.OMVolumeCreateRequest (OMVolumeCreateRequest.java:validateAndUpdateCache(196)) - created volume:80419aae-3627-4b3b-8665-91df7bb5fd0a for user:runner
2023-05-17 09:09:50,039 [Listener at 127.0.0.1/15004] INFO  rpc.RpcClient (RpcClient.java:createBucket(698)) - Creating Bucket: 80419aae-3627-4b3b-8665-91df7bb5fd0a/4539fdd2-4648-49d0-8d89-9c54edd4a813, with bucket layout OBJECT_STORE, runner as owner, Versioning false, Storage Type set to DISK and Encryption set to false, Replication Type set to server-side default replication type, Namespace Quota set to -1, Space Quota set to -1 
2023-05-17 09:09:50,041 [OM StateMachine ApplyTransaction Thread - 0] INFO  bucket.OMBucketCreateRequest (OMBucketCreateRequest.java:validateAndUpdateCache(270)) - created bucket: 4539fdd2-4648-49d0-8d89-9c54edd4a813 of layout OBJECT_STORE in volume: 80419aae-3627-4b3b-8665-91df7bb5fd0a
2023-05-17 09:09:50,216 [IPC Server handler 1 on default port 15001] WARN  node.SCMNodeManager (SCMNodeManager.java:getNodesByAddress(1372)) - Cannot find node for address 127.0.0.1
2023-05-17 09:09:50,217 [IPC Server handler 12 on default port 15001] WARN  node.SCMNodeManager (SCMNodeManager.java:getNodesByAddress(1372)) - Cannot find node for address 127.0.0.1
2023-05-17 09:09:50,218 [IPC Server handler 8 on default port 15001] WARN  node.SCMNodeManager (SCMNodeManager.java:getNodesByAddress(1372)) - Cannot find node for address 127.0.0.1
2023-05-17 09:09:50,218 [IPC Server handler 4 on default port 15001] WARN  node.SCMNodeManager (SCMNodeManager.java:getNodesByAddress(1372)) - Cannot find node for address 127.0.0.1
2023-05-17 09:09:50,424 [OM StateMachine ApplyTransaction Thread - 0] WARN  om.OzoneManager (OmMetadataReader.java:checkAcls(498)) - User test-user doesn't have CREATE permission to access key Volume:80419aae-3627-4b3b-8665-91df7bb5fd0a Bucket:4539fdd2-4648-49d0-8d89-9c54edd4a813 Key:a7d4b68d-5574-4021-b823-3b1373bf6133
09:09:50.424 [OM StateMachine ApplyTransaction Thread - 0] ERROR OMAudit - user=test-user | ip=127.0.0.1 | op=INITIATE_MULTIPART_UPLOAD {volume=80419aae-3627-4b3b-8665-91df7bb5fd0a, bucket=4539fdd2-4648-49d0-8d89-9c54edd4a813, key=a7d4b68d-5574-4021-b823-3b1373bf6133, dataSize=0, replicationType=RATIS, replicationFactor=ONE} | ret=FAILURE
org.apache.hadoop.ozone.om.exceptions.OMException: User test-user doesn't have CREATE permission to access key Volume:80419aae-3627-4b3b-8665-91df7bb5fd0a Bucket:4539fdd2-4648-49d0-8d89-9c54edd4a813 Key:a7d4b68d-5574-4021-b823-3b1373bf6133
	at org.apache.hadoop.ozone.om.OmMetadataReader.checkAcls(OmMetadataReader.java:501) ~[ozone-manager-1.4.0-SNAPSHOT.jar:?]
	at org.apache.hadoop.ozone.om.OmMetadataReader.checkAcls(OmMetadataReader.java:476) ~[ozone-manager-1.4.0-SNAPSHOT.jar:?]
	at org.apache.hadoop.ozone.om.OzoneAclUtils.checkAllAcls(OzoneAclUtils.java:121) ~[ozone-manager-1.4.0-SNAPSHOT.jar:?]
	at org.apache.hadoop.ozone.om.request.OMClientRequest.checkAcls(OMClientRequest.java:364) ~[ozone-manager-1.4.0-SNAPSHOT.jar:?]
	at org.apache.hadoop.ozone.om.request.OMClientRequest.checkAcls(OMClientRequest.java:215) ~[ozone-manager-1.4.0-SNAPSHOT.jar:?]
	at org.apache.hadoop.ozone.om.request.key.OMKeyRequest.checkKeyAcls(OMKeyRequest.java:343) ~[ozone-manager-1.4.0-SNAPSHOT.jar:?]
	at org.apache.hadoop.ozone.om.request.s3.multipart.S3InitiateMultipartUploadRequest.validateAndUpdateCache(S3InitiateMultipartUploadRequest.java:146) ~[ozone-manager-1.4.0-SNAPSHOT.jar:?]
	at org.apache.hadoop.ozone.protocolPB.OzoneManagerRequestHandler.handleWriteRequest(OzoneManagerRequestHandler.java:337) ~[ozone-manager-1.4.0-SNAPSHOT.jar:?]
	at org.apache.hadoop.ozone.om.ratis.OzoneManagerStateMachine.runCommand(OzoneManagerStateMachine.java:567) ~[ozone-manager-1.4.0-SNAPSHOT.jar:?]
	at org.apache.hadoop.ozone.om.ratis.OzoneManagerStateMachine.lambda$1(OzoneManagerStateMachine.java:358) ~[ozone-manager-1.4.0-SNAPSHOT.jar:?]
	at java.util.concurrent.CompletableFuture$AsyncSupply.run(CompletableFuture.java:1604) [?:1.8.0_362]
	at java.util.concurrent.ThreadPoolExecutor.runWorker(ThreadPoolExecutor.java:1149) [?:1.8.0_362]
	at java.util.concurrent.ThreadPoolExecutor$Worker.run(ThreadPoolExecutor.java:624) [?:1.8.0_362]
	at java.lang.Thread.run(Thread.java:750) [?:1.8.0_362]
2023-05-17 09:09:50,424 [OM StateMachine ApplyTransaction Thread - 0] ERROR multipart.S3InitiateMultipartUploadRequest (S3InitiateMultipartUploadRequest.java:logResult(269)) - S3 InitiateMultipart Upload request for Key a7d4b68d-5574-4021-b823-3b1373bf6133 in Volume/Bucket 80419aae-3627-4b3b-8665-91df7bb5fd0a/4539fdd2-4648-49d0-8d89-9c54edd4a813 is failed
PERMISSION_DENIED org.apache.hadoop.ozone.om.exceptions.OMException: User test-user doesn't have CREATE permission to access key Volume:80419aae-3627-4b3b-8665-91df7bb5fd0a Bucket:4539fdd2-4648-49d0-8d89-9c54edd4a813 Key:a7d4b68d-5574-4021-b823-3b1373bf6133
	at org.apache.hadoop.ozone.om.OmMetadataReader.checkAcls(OmMetadataReader.java:501)
	at org.apache.hadoop.ozone.om.OmMetadataReader.checkAcls(OmMetadataReader.java:476)
	at org.apache.hadoop.ozone.om.OzoneAclUtils.checkAllAcls(OzoneAclUtils.java:121)
	at org.apache.hadoop.ozone.om.request.OMClientRequest.checkAcls(OMClientRequest.java:364)
	at org.apache.hadoop.ozone.om.request.OMClientRequest.checkAcls(OMClientRequest.java:215)
	at org.apache.hadoop.ozone.om.request.key.OMKeyRequest.checkKeyAcls(OMKeyRequest.java:343)
	at org.apache.hadoop.ozone.om.request.s3.multipart.S3InitiateMultipartUploadRequest.validateAndUpdateCache(S3InitiateMultipartUploadRequest.java:146)
	at org.apache.hadoop.ozone.protocolPB.OzoneManagerRequestHandler.handleWriteRequest(OzoneManagerRequestHandler.java:337)
	at org.apache.hadoop.ozone.om.ratis.OzoneManagerStateMachine.runCommand(OzoneManagerStateMachine.java:567)
	at org.apache.hadoop.ozone.om.ratis.OzoneManagerStateMachine.lambda$1(OzoneManagerStateMachine.java:358)
	at java.util.concurrent.CompletableFuture$AsyncSupply.run(CompletableFuture.java:1604)
	at java.util.concurrent.ThreadPoolExecutor.runWorker(ThreadPoolExecutor.java:1149)
	at java.util.concurrent.ThreadPoolExecutor$Worker.run(ThreadPoolExecutor.java:624)
	at java.lang.Thread.run(Thread.java:750)
2023-05-17 09:09:50,501 [IPC Server handler 10 on default port 15004] WARN  om.OzoneManager (OmMetadataReader.java:checkAcls(498)) - User test-user doesn't have READ permission to access key Volume:80419aae-3627-4b3b-8665-91df7bb5fd0a Bucket:4539fdd2-4648-49d0-8d89-9c54edd4a813 Key:e9f7ea0c-acf0-4d6d-848b-707d0ce28b06
09:09:50.502 [IPC Server handler 10 on default port 15004] ERROR OMAudit - user=test-user | ip=127.0.0.1 | op=READ_KEY {volume=80419aae-3627-4b3b-8665-91df7bb5fd0a, bucket=4539fdd2-4648-49d0-8d89-9c54edd4a813, key=e9f7ea0c-acf0-4d6d-848b-707d0ce28b06, dataSize=0, replicationConfig=null} | ret=FAILURE
org.apache.hadoop.ozone.om.exceptions.OMException: User test-user doesn't have READ permission to access key Volume:80419aae-3627-4b3b-8665-91df7bb5fd0a Bucket:4539fdd2-4648-49d0-8d89-9c54edd4a813 Key:e9f7ea0c-acf0-4d6d-848b-707d0ce28b06
	at org.apache.hadoop.ozone.om.OmMetadataReader.checkAcls(OmMetadataReader.java:501) ~[ozone-manager-1.4.0-SNAPSHOT.jar:?]
	at org.apache.hadoop.ozone.om.OmMetadataReader.checkAcls(OmMetadataReader.java:476) ~[ozone-manager-1.4.0-SNAPSHOT.jar:?]
	at org.apache.hadoop.ozone.om.OzoneAclUtils.checkAllAcls(OzoneAclUtils.java:121) ~[ozone-manager-1.4.0-SNAPSHOT.jar:?]
	at org.apache.hadoop.ozone.om.OmMetadataReader.checkAcls(OmMetadataReader.java:438) ~[ozone-manager-1.4.0-SNAPSHOT.jar:?]
	at org.apache.hadoop.ozone.om.OmMetadataReader.lambda$3(OmMetadataReader.java:204) ~[ozone-manager-1.4.0-SNAPSHOT.jar:?]
	at org.apache.hadoop.util.MetricUtil.captureLatencyNs(MetricUtil.java:48) ~[hdds-common-1.4.0-SNAPSHOT.jar:?]
	at org.apache.hadoop.ozone.om.OmMetadataReader.getKeyInfo(OmMetadataReader.java:203) ~[ozone-manager-1.4.0-SNAPSHOT.jar:?]
	at org.apache.hadoop.ozone.om.OzoneManager.getKeyInfo(OzoneManager.java:2840) ~[ozone-manager-1.4.0-SNAPSHOT.jar:?]
	at org.apache.hadoop.ozone.protocolPB.OzoneManagerRequestHandler.getKeyInfo(OzoneManagerRequestHandler.java:549) ~[ozone-manager-1.4.0-SNAPSHOT.jar:?]
	at org.apache.hadoop.ozone.protocolPB.OzoneManagerRequestHandler.handleReadRequest(OzoneManagerRequestHandler.java:292) ~[ozone-manager-1.4.0-SNAPSHOT.jar:?]
	at org.apache.hadoop.ozone.protocolPB.OzoneManagerProtocolServerSideTranslatorPB.submitReadRequestToOM(OzoneManagerProtocolServerSideTranslatorPB.java:223) ~[ozone-manager-1.4.0-SNAPSHOT.jar:?]
	at org.apache.hadoop.ozone.protocolPB.OzoneManagerProtocolServerSideTranslatorPB.processRequest(OzoneManagerProtocolServerSideTranslatorPB.java:177) ~[ozone-manager-1.4.0-SNAPSHOT.jar:?]
	at org.apache.hadoop.hdds.server.OzoneProtocolMessageDispatcher.processRequest(OzoneProtocolMessageDispatcher.java:87) [hdds-server-framework-1.4.0-SNAPSHOT.jar:?]
	at org.apache.hadoop.ozone.protocolPB.OzoneManagerProtocolServerSideTranslatorPB.submitRequest(OzoneManagerProtocolServerSideTranslatorPB.java:147) [ozone-manager-1.4.0-SNAPSHOT.jar:?]
	at org.apache.hadoop.ozone.protocol.proto.OzoneManagerProtocolProtos$OzoneManagerService$2.callBlockingMethod(OzoneManagerProtocolProtos.java) [ozone-interface-client-1.4.0-SNAPSHOT.jar:?]
	at org.apache.hadoop.ipc.ProtobufRpcEngine$Server.processCall(ProtobufRpcEngine.java:484) [hadoop-common-3.3.5.jar:?]
	at org.apache.hadoop.ipc.ProtobufRpcEngine2$Server$ProtoBufRpcInvoker.call(ProtobufRpcEngine2.java:595) [hadoop-common-3.3.5.jar:?]
	at org.apache.hadoop.ipc.ProtobufRpcEngine2$Server$ProtoBufRpcInvoker.call(ProtobufRpcEngine2.java:573) [hadoop-common-3.3.5.jar:?]
	at org.apache.hadoop.ipc.RPC$Server.call(RPC.java:1213) [hadoop-common-3.3.5.jar:?]
	at org.apache.hadoop.ipc.Server$RpcCall.run(Server.java:1089) [hadoop-common-3.3.5.jar:?]
	at org.apache.hadoop.ipc.Server$RpcCall.run(Server.java:1012) [hadoop-common-3.3.5.jar:?]
	at java.security.AccessController.doPrivileged(Native Method) ~[?:1.8.0_362]
	at javax.security.auth.Subject.doAs(Subject.java:422) [?:1.8.0_362]
	at org.apache.hadoop.security.UserGroupInformation.doAs(UserGroupInformation.java:1899) [hadoop-common-3.3.5.jar:?]
	at org.apache.hadoop.ipc.Server$Handler.run(Server.java:3026) [hadoop-common-3.3.5.jar:?]
]]></system-out>
  </testcase>
  <testcase name="testMultipartUploadWithMissingParts" classname="org.apache.hadoop.ozone.client.rpc.TestSecureOzoneRpcClient" time="0.034">
    <system-out><![CDATA[2023-05-17 09:09:50,503 [Listener at 127.0.0.1/15004] INFO  rpc.RpcClient (RpcClient.java:createVolume(476)) - Creating Volume: aaf6dda0-6e01-411a-a48c-5e27d06dd129, with runner as owner and space quota set to -1 bytes, counts quota set to -1
2023-05-17 09:09:50,506 [OM StateMachine ApplyTransaction Thread - 0] INFO  volume.OMVolumeCreateRequest (OMVolumeCreateRequest.java:validateAndUpdateCache(196)) - created volume:aaf6dda0-6e01-411a-a48c-5e27d06dd129 for user:runner
2023-05-17 09:09:50,507 [Listener at 127.0.0.1/15004] INFO  rpc.RpcClient (RpcClient.java:createBucket(698)) - Creating Bucket: aaf6dda0-6e01-411a-a48c-5e27d06dd129/dc370b85-1095-43be-81d3-976d3872100e, with server-side default bucket layout, runner as owner, Versioning false, Storage Type set to DISK and Encryption set to false, Replication Type set to server-side default replication type, Namespace Quota set to -1, Space Quota set to -1 
2023-05-17 09:09:50,509 [OM StateMachine ApplyTransaction Thread - 0] INFO  bucket.OMBucketCreateRequest (OMBucketCreateRequest.java:validateAndUpdateCache(270)) - created bucket: dc370b85-1095-43be-81d3-976d3872100e of layout OBJECT_STORE in volume: aaf6dda0-6e01-411a-a48c-5e27d06dd129
09:09:50.536 [OM StateMachine ApplyTransaction Thread - 0] ERROR OMAudit - user=runner | ip=127.0.0.1 | op=COMPLETE_MULTIPART_UPLOAD {volume=aaf6dda0-6e01-411a-a48c-5e27d06dd129, bucket=dc370b85-1095-43be-81d3-976d3872100e, key=a15dfaf6-3bde-4ea0-8db9-14d01d5541ef, dataSize=0, replicationType=NONE, replicationFactor=ZERO, multipartList=[partNumber: 3 partName: "random" ]} | ret=FAILURE
org.apache.hadoop.ozone.om.exceptions.OMException: Complete Multipart Upload Failed: volume: aaf6dda0-6e01-411a-a48c-5e27d06dd129 bucket: dc370b85-1095-43be-81d3-976d3872100e key: a15dfaf6-3bde-4ea0-8db9-14d01d5541ef. Provided Part info is { random, 3}, whereas OM has partName null
	at org.apache.hadoop.ozone.om.request.s3.multipart.S3MultipartUploadCompleteRequest.getMultipartDataSize(S3MultipartUploadCompleteRequest.java:504) ~[ozone-manager-1.4.0-SNAPSHOT.jar:?]
	at org.apache.hadoop.ozone.om.request.s3.multipart.S3MultipartUploadCompleteRequest.validateAndUpdateCache(S3MultipartUploadCompleteRequest.java:196) ~[ozone-manager-1.4.0-SNAPSHOT.jar:?]
	at org.apache.hadoop.ozone.protocolPB.OzoneManagerRequestHandler.handleWriteRequest(OzoneManagerRequestHandler.java:337) ~[ozone-manager-1.4.0-SNAPSHOT.jar:?]
	at org.apache.hadoop.ozone.om.ratis.OzoneManagerStateMachine.runCommand(OzoneManagerStateMachine.java:567) ~[ozone-manager-1.4.0-SNAPSHOT.jar:?]
	at org.apache.hadoop.ozone.om.ratis.OzoneManagerStateMachine.lambda$1(OzoneManagerStateMachine.java:358) ~[ozone-manager-1.4.0-SNAPSHOT.jar:?]
	at java.util.concurrent.CompletableFuture$AsyncSupply.run(CompletableFuture.java:1604) [?:1.8.0_362]
	at java.util.concurrent.ThreadPoolExecutor.runWorker(ThreadPoolExecutor.java:1149) [?:1.8.0_362]
	at java.util.concurrent.ThreadPoolExecutor$Worker.run(ThreadPoolExecutor.java:624) [?:1.8.0_362]
	at java.lang.Thread.run(Thread.java:750) [?:1.8.0_362]
2023-05-17 09:09:50,536 [OM StateMachine ApplyTransaction Thread - 0] ERROR multipart.S3MultipartUploadCompleteRequest (S3MultipartUploadCompleteRequest.java:logResult(348)) - MultipartUpload Complete request failed for Key: a15dfaf6-3bde-4ea0-8db9-14d01d5541ef in Volume/Bucket aaf6dda0-6e01-411a-a48c-5e27d06dd129/dc370b85-1095-43be-81d3-976d3872100e
INVALID_PART org.apache.hadoop.ozone.om.exceptions.OMException: Complete Multipart Upload Failed: volume: aaf6dda0-6e01-411a-a48c-5e27d06dd129 bucket: dc370b85-1095-43be-81d3-976d3872100e key: a15dfaf6-3bde-4ea0-8db9-14d01d5541ef. Provided Part info is { random, 3}, whereas OM has partName null
	at org.apache.hadoop.ozone.om.request.s3.multipart.S3MultipartUploadCompleteRequest.getMultipartDataSize(S3MultipartUploadCompleteRequest.java:504)
	at org.apache.hadoop.ozone.om.request.s3.multipart.S3MultipartUploadCompleteRequest.validateAndUpdateCache(S3MultipartUploadCompleteRequest.java:196)
	at org.apache.hadoop.ozone.protocolPB.OzoneManagerRequestHandler.handleWriteRequest(OzoneManagerRequestHandler.java:337)
	at org.apache.hadoop.ozone.om.ratis.OzoneManagerStateMachine.runCommand(OzoneManagerStateMachine.java:567)
	at org.apache.hadoop.ozone.om.ratis.OzoneManagerStateMachine.lambda$1(OzoneManagerStateMachine.java:358)
	at java.util.concurrent.CompletableFuture$AsyncSupply.run(CompletableFuture.java:1604)
	at java.util.concurrent.ThreadPoolExecutor.runWorker(ThreadPoolExecutor.java:1149)
	at java.util.concurrent.ThreadPoolExecutor$Worker.run(ThreadPoolExecutor.java:624)
	at java.lang.Thread.run(Thread.java:750)
]]></system-out>
  </testcase>
  <testcase name="testMultipartUploadWithPartsLessThanMinSize" classname="org.apache.hadoop.ozone.client.rpc.TestSecureOzoneRpcClient" time="0.055">
    <system-out><![CDATA[2023-05-17 09:09:50,538 [Listener at 127.0.0.1/15004] INFO  rpc.RpcClient (RpcClient.java:createVolume(476)) - Creating Volume: 48e217cc-5469-434a-8ba8-ddf06a22bbb1, with runner as owner and space quota set to -1 bytes, counts quota set to -1
2023-05-17 09:09:50,539 [OM StateMachine ApplyTransaction Thread - 0] INFO  volume.OMVolumeCreateRequest (OMVolumeCreateRequest.java:validateAndUpdateCache(196)) - created volume:48e217cc-5469-434a-8ba8-ddf06a22bbb1 for user:runner
2023-05-17 09:09:50,541 [Listener at 127.0.0.1/15004] INFO  rpc.RpcClient (RpcClient.java:createBucket(698)) - Creating Bucket: 48e217cc-5469-434a-8ba8-ddf06a22bbb1/fc74cbca-771e-4721-82a5-1985caae7fc0, with server-side default bucket layout, runner as owner, Versioning false, Storage Type set to DISK and Encryption set to false, Replication Type set to server-side default replication type, Namespace Quota set to -1, Space Quota set to -1 
2023-05-17 09:09:50,543 [OM StateMachine ApplyTransaction Thread - 0] INFO  bucket.OMBucketCreateRequest (OMBucketCreateRequest.java:validateAndUpdateCache(270)) - created bucket: fc74cbca-771e-4721-82a5-1985caae7fc0 of layout OBJECT_STORE in volume: 48e217cc-5469-434a-8ba8-ddf06a22bbb1
2023-05-17 09:09:50,591 [OM StateMachine ApplyTransaction Thread - 0] ERROR multipart.S3MultipartUploadCompleteRequest (S3MultipartUploadCompleteRequest.java:getMultipartDataSize(523)) - MultipartUpload: /48e217cc-5469-434a-8ba8-ddf06a22bbb1/fc74cbca-771e-4721-82a5-1985caae7fc0/e8d0273a-9a41-4917-8d29-baf9eafe3764 Part number: 1 size 4  is less than minimum part size 5242880
09:09:50.591 [OM StateMachine ApplyTransaction Thread - 0] ERROR OMAudit - user=runner | ip=127.0.0.1 | op=COMPLETE_MULTIPART_UPLOAD {volume=48e217cc-5469-434a-8ba8-ddf06a22bbb1, bucket=fc74cbca-771e-4721-82a5-1985caae7fc0, key=e8d0273a-9a41-4917-8d29-baf9eafe3764, dataSize=0, replicationType=NONE, replicationFactor=ZERO, multipartList=[partNumber: 1 partName: "/48e217cc-5469-434a-8ba8-ddf06a22bbb1/fc74cbca-771e-4721-82a5-1985caae7fc0/e8d0273a-9a41-4917-8d29-baf9eafe3764-ba2901fe-4058-4ab4-a32f-e12d53da938b-110383241005957367-1" , partNumber: 2 partName: "/48e217cc-5469-434a-8ba8-ddf06a22bbb1/fc74cbca-771e-4721-82a5-1985caae7fc0/e8d0273a-9a41-4917-8d29-baf9eafe3764-ba2901fe-4058-4ab4-a32f-e12d53da938b-110383241005957367-2" ]} | ret=FAILURE
org.apache.hadoop.ozone.om.exceptions.OMException: Complete Multipart Upload Failed: volume: 48e217cc-5469-434a-8ba8-ddf06a22bbb1 bucket: fc74cbca-771e-4721-82a5-1985caae7fc0 key: e8d0273a-9a41-4917-8d29-baf9eafe3764. Entity too small.
	at org.apache.hadoop.ozone.om.request.s3.multipart.S3MultipartUploadCompleteRequest.getMultipartDataSize(S3MultipartUploadCompleteRequest.java:527) ~[ozone-manager-1.4.0-SNAPSHOT.jar:?]
	at org.apache.hadoop.ozone.om.request.s3.multipart.S3MultipartUploadCompleteRequest.validateAndUpdateCache(S3MultipartUploadCompleteRequest.java:196) ~[ozone-manager-1.4.0-SNAPSHOT.jar:?]
	at org.apache.hadoop.ozone.protocolPB.OzoneManagerRequestHandler.handleWriteRequest(OzoneManagerRequestHandler.java:337) ~[ozone-manager-1.4.0-SNAPSHOT.jar:?]
	at org.apache.hadoop.ozone.om.ratis.OzoneManagerStateMachine.runCommand(OzoneManagerStateMachine.java:567) ~[ozone-manager-1.4.0-SNAPSHOT.jar:?]
	at org.apache.hadoop.ozone.om.ratis.OzoneManagerStateMachine.lambda$1(OzoneManagerStateMachine.java:358) ~[ozone-manager-1.4.0-SNAPSHOT.jar:?]
	at java.util.concurrent.CompletableFuture$AsyncSupply.run(CompletableFuture.java:1604) [?:1.8.0_362]
	at java.util.concurrent.ThreadPoolExecutor.runWorker(ThreadPoolExecutor.java:1149) [?:1.8.0_362]
	at java.util.concurrent.ThreadPoolExecutor$Worker.run(ThreadPoolExecutor.java:624) [?:1.8.0_362]
	at java.lang.Thread.run(Thread.java:750) [?:1.8.0_362]
2023-05-17 09:09:50,591 [OM StateMachine ApplyTransaction Thread - 0] ERROR multipart.S3MultipartUploadCompleteRequest (S3MultipartUploadCompleteRequest.java:logResult(348)) - MultipartUpload Complete request failed for Key: e8d0273a-9a41-4917-8d29-baf9eafe3764 in Volume/Bucket 48e217cc-5469-434a-8ba8-ddf06a22bbb1/fc74cbca-771e-4721-82a5-1985caae7fc0
ENTITY_TOO_SMALL org.apache.hadoop.ozone.om.exceptions.OMException: Complete Multipart Upload Failed: volume: 48e217cc-5469-434a-8ba8-ddf06a22bbb1 bucket: fc74cbca-771e-4721-82a5-1985caae7fc0 key: e8d0273a-9a41-4917-8d29-baf9eafe3764. Entity too small.
	at org.apache.hadoop.ozone.om.request.s3.multipart.S3MultipartUploadCompleteRequest.getMultipartDataSize(S3MultipartUploadCompleteRequest.java:527)
	at org.apache.hadoop.ozone.om.request.s3.multipart.S3MultipartUploadCompleteRequest.validateAndUpdateCache(S3MultipartUploadCompleteRequest.java:196)
	at org.apache.hadoop.ozone.protocolPB.OzoneManagerRequestHandler.handleWriteRequest(OzoneManagerRequestHandler.java:337)
	at org.apache.hadoop.ozone.om.ratis.OzoneManagerStateMachine.runCommand(OzoneManagerStateMachine.java:567)
	at org.apache.hadoop.ozone.om.ratis.OzoneManagerStateMachine.lambda$1(OzoneManagerStateMachine.java:358)
	at java.util.concurrent.CompletableFuture$AsyncSupply.run(CompletableFuture.java:1604)
	at java.util.concurrent.ThreadPoolExecutor.runWorker(ThreadPoolExecutor.java:1149)
	at java.util.concurrent.ThreadPoolExecutor$Worker.run(ThreadPoolExecutor.java:624)
	at java.lang.Thread.run(Thread.java:750)
]]></system-out>
  </testcase>
  <testcase name="testMultipartUploadWithPartsMisMatchWithIncorrectPartName" classname="org.apache.hadoop.ozone.client.rpc.TestSecureOzoneRpcClient" time="0.03">
    <system-out><![CDATA[2023-05-17 09:09:50,593 [Listener at 127.0.0.1/15004] INFO  rpc.RpcClient (RpcClient.java:createVolume(476)) - Creating Volume: 876af1f2-a81a-448f-94ae-c077252492db, with runner as owner and space quota set to -1 bytes, counts quota set to -1
2023-05-17 09:09:50,595 [OM StateMachine ApplyTransaction Thread - 0] INFO  volume.OMVolumeCreateRequest (OMVolumeCreateRequest.java:validateAndUpdateCache(196)) - created volume:876af1f2-a81a-448f-94ae-c077252492db for user:runner
2023-05-17 09:09:50,596 [Listener at 127.0.0.1/15004] INFO  rpc.RpcClient (RpcClient.java:createBucket(698)) - Creating Bucket: 876af1f2-a81a-448f-94ae-c077252492db/014aff29-5f33-4056-9b8a-ff5f4b52108c, with server-side default bucket layout, runner as owner, Versioning false, Storage Type set to DISK and Encryption set to false, Replication Type set to server-side default replication type, Namespace Quota set to -1, Space Quota set to -1 
2023-05-17 09:09:50,598 [OM StateMachine ApplyTransaction Thread - 0] INFO  bucket.OMBucketCreateRequest (OMBucketCreateRequest.java:validateAndUpdateCache(270)) - created bucket: 014aff29-5f33-4056-9b8a-ff5f4b52108c of layout OBJECT_STORE in volume: 876af1f2-a81a-448f-94ae-c077252492db
09:09:50.621 [OM StateMachine ApplyTransaction Thread - 0] ERROR OMAudit - user=runner | ip=127.0.0.1 | op=COMPLETE_MULTIPART_UPLOAD {volume=876af1f2-a81a-448f-94ae-c077252492db, bucket=014aff29-5f33-4056-9b8a-ff5f4b52108c, key=b87347aa-c8fa-4a59-b360-cfe1fc969a13, dataSize=0, replicationType=NONE, replicationFactor=ZERO, multipartList=[partNumber: 1 partName: "4307ccb1-bcf3-4784-a71b-02a6737a6873" ]} | ret=FAILURE
org.apache.hadoop.ozone.om.exceptions.OMException: Complete Multipart Upload Failed: volume: 876af1f2-a81a-448f-94ae-c077252492db bucket: 014aff29-5f33-4056-9b8a-ff5f4b52108c key: b87347aa-c8fa-4a59-b360-cfe1fc969a13. Provided Part info is { 4307ccb1-bcf3-4784-a71b-02a6737a6873, 1}, whereas OM has partName /876af1f2-a81a-448f-94ae-c077252492db/014aff29-5f33-4056-9b8a-ff5f4b52108c/b87347aa-c8fa-4a59-b360-cfe1fc969a13-7d475d9b-8479-4caf-ac30-1081ca3c9e90-110383241009561850-1
	at org.apache.hadoop.ozone.om.request.s3.multipart.S3MultipartUploadCompleteRequest.getMultipartDataSize(S3MultipartUploadCompleteRequest.java:504) ~[ozone-manager-1.4.0-SNAPSHOT.jar:?]
	at org.apache.hadoop.ozone.om.request.s3.multipart.S3MultipartUploadCompleteRequest.validateAndUpdateCache(S3MultipartUploadCompleteRequest.java:196) ~[ozone-manager-1.4.0-SNAPSHOT.jar:?]
	at org.apache.hadoop.ozone.protocolPB.OzoneManagerRequestHandler.handleWriteRequest(OzoneManagerRequestHandler.java:337) ~[ozone-manager-1.4.0-SNAPSHOT.jar:?]
	at org.apache.hadoop.ozone.om.ratis.OzoneManagerStateMachine.runCommand(OzoneManagerStateMachine.java:567) ~[ozone-manager-1.4.0-SNAPSHOT.jar:?]
	at org.apache.hadoop.ozone.om.ratis.OzoneManagerStateMachine.lambda$1(OzoneManagerStateMachine.java:358) ~[ozone-manager-1.4.0-SNAPSHOT.jar:?]
	at java.util.concurrent.CompletableFuture$AsyncSupply.run(CompletableFuture.java:1604) [?:1.8.0_362]
	at java.util.concurrent.ThreadPoolExecutor.runWorker(ThreadPoolExecutor.java:1149) [?:1.8.0_362]
	at java.util.concurrent.ThreadPoolExecutor$Worker.run(ThreadPoolExecutor.java:624) [?:1.8.0_362]
	at java.lang.Thread.run(Thread.java:750) [?:1.8.0_362]
2023-05-17 09:09:50,622 [OM StateMachine ApplyTransaction Thread - 0] ERROR multipart.S3MultipartUploadCompleteRequest (S3MultipartUploadCompleteRequest.java:logResult(348)) - MultipartUpload Complete request failed for Key: b87347aa-c8fa-4a59-b360-cfe1fc969a13 in Volume/Bucket 876af1f2-a81a-448f-94ae-c077252492db/014aff29-5f33-4056-9b8a-ff5f4b52108c
INVALID_PART org.apache.hadoop.ozone.om.exceptions.OMException: Complete Multipart Upload Failed: volume: 876af1f2-a81a-448f-94ae-c077252492db bucket: 014aff29-5f33-4056-9b8a-ff5f4b52108c key: b87347aa-c8fa-4a59-b360-cfe1fc969a13. Provided Part info is { 4307ccb1-bcf3-4784-a71b-02a6737a6873, 1}, whereas OM has partName /876af1f2-a81a-448f-94ae-c077252492db/014aff29-5f33-4056-9b8a-ff5f4b52108c/b87347aa-c8fa-4a59-b360-cfe1fc969a13-7d475d9b-8479-4caf-ac30-1081ca3c9e90-110383241009561850-1
	at org.apache.hadoop.ozone.om.request.s3.multipart.S3MultipartUploadCompleteRequest.getMultipartDataSize(S3MultipartUploadCompleteRequest.java:504)
	at org.apache.hadoop.ozone.om.request.s3.multipart.S3MultipartUploadCompleteRequest.validateAndUpdateCache(S3MultipartUploadCompleteRequest.java:196)
	at org.apache.hadoop.ozone.protocolPB.OzoneManagerRequestHandler.handleWriteRequest(OzoneManagerRequestHandler.java:337)
	at org.apache.hadoop.ozone.om.ratis.OzoneManagerStateMachine.runCommand(OzoneManagerStateMachine.java:567)
	at org.apache.hadoop.ozone.om.ratis.OzoneManagerStateMachine.lambda$1(OzoneManagerStateMachine.java:358)
	at java.util.concurrent.CompletableFuture$AsyncSupply.run(CompletableFuture.java:1604)
	at java.util.concurrent.ThreadPoolExecutor.runWorker(ThreadPoolExecutor.java:1149)
	at java.util.concurrent.ThreadPoolExecutor$Worker.run(ThreadPoolExecutor.java:624)
	at java.lang.Thread.run(Thread.java:750)
]]></system-out>
  </testcase>
  <testcase name="testMultipartUploadWithPartsMisMatchWithListSizeDifferent" classname="org.apache.hadoop.ozone.client.rpc.TestSecureOzoneRpcClient" time="0.012">
    <system-out><![CDATA[2023-05-17 09:09:50,623 [Listener at 127.0.0.1/15004] INFO  rpc.RpcClient (RpcClient.java:createVolume(476)) - Creating Volume: 78f557a8-195f-4a3b-9965-15fabbe12a0c, with runner as owner and space quota set to -1 bytes, counts quota set to -1
2023-05-17 09:09:50,625 [OM StateMachine ApplyTransaction Thread - 0] INFO  volume.OMVolumeCreateRequest (OMVolumeCreateRequest.java:validateAndUpdateCache(196)) - created volume:78f557a8-195f-4a3b-9965-15fabbe12a0c for user:runner
2023-05-17 09:09:50,626 [Listener at 127.0.0.1/15004] INFO  rpc.RpcClient (RpcClient.java:createBucket(698)) - Creating Bucket: 78f557a8-195f-4a3b-9965-15fabbe12a0c/058c42f4-7b1a-470a-9a1c-d8aae0f6ff1a, with server-side default bucket layout, runner as owner, Versioning false, Storage Type set to DISK and Encryption set to false, Replication Type set to server-side default replication type, Namespace Quota set to -1, Space Quota set to -1 
2023-05-17 09:09:50,628 [OM StateMachine ApplyTransaction Thread - 0] INFO  bucket.OMBucketCreateRequest (OMBucketCreateRequest.java:validateAndUpdateCache(270)) - created bucket: 058c42f4-7b1a-470a-9a1c-d8aae0f6ff1a of layout OBJECT_STORE in volume: 78f557a8-195f-4a3b-9965-15fabbe12a0c
2023-05-17 09:09:50,634 [OM StateMachine ApplyTransaction Thread - 0] ERROR multipart.S3MultipartUploadCompleteRequest (S3MultipartUploadCompleteRequest.java:validateAndUpdateCache(182)) - Complete MultipartUpload failed for key /78f557a8-195f-4a3b-9965-15fabbe12a0c/058c42f4-7b1a-470a-9a1c-d8aae0f6ff1a/d7a36b8f-aa34-44d6-a9ee-1894dddf3366 , MPU Key has no parts in OM, parts given to upload are [partNumber: 1
partName: "b64937de-5d0e-4925-bc4c-93326ba5cb25"
]
09:09:50.634 [OM StateMachine ApplyTransaction Thread - 0] ERROR OMAudit - user=runner | ip=127.0.0.1 | op=COMPLETE_MULTIPART_UPLOAD {volume=78f557a8-195f-4a3b-9965-15fabbe12a0c, bucket=058c42f4-7b1a-470a-9a1c-d8aae0f6ff1a, key=d7a36b8f-aa34-44d6-a9ee-1894dddf3366, dataSize=0, replicationType=NONE, replicationFactor=ZERO, multipartList=[partNumber: 1 partName: "b64937de-5d0e-4925-bc4c-93326ba5cb25" ]} | ret=FAILURE
org.apache.hadoop.ozone.om.exceptions.OMException: Complete Multipart Upload Failed: volume: 78f557a8-195f-4a3b-9965-15fabbe12a0c bucket: 058c42f4-7b1a-470a-9a1c-d8aae0f6ff1a key: d7a36b8f-aa34-44d6-a9ee-1894dddf3366
	at org.apache.hadoop.ozone.om.request.s3.multipart.S3MultipartUploadCompleteRequest.validateAndUpdateCache(S3MultipartUploadCompleteRequest.java:185) ~[ozone-manager-1.4.0-SNAPSHOT.jar:?]
	at org.apache.hadoop.ozone.protocolPB.OzoneManagerRequestHandler.handleWriteRequest(OzoneManagerRequestHandler.java:337) ~[ozone-manager-1.4.0-SNAPSHOT.jar:?]
	at org.apache.hadoop.ozone.om.ratis.OzoneManagerStateMachine.runCommand(OzoneManagerStateMachine.java:567) ~[ozone-manager-1.4.0-SNAPSHOT.jar:?]
	at org.apache.hadoop.ozone.om.ratis.OzoneManagerStateMachine.lambda$1(OzoneManagerStateMachine.java:358) ~[ozone-manager-1.4.0-SNAPSHOT.jar:?]
	at java.util.concurrent.CompletableFuture$AsyncSupply.run(CompletableFuture.java:1604) [?:1.8.0_362]
	at java.util.concurrent.ThreadPoolExecutor.runWorker(ThreadPoolExecutor.java:1149) [?:1.8.0_362]
	at java.util.concurrent.ThreadPoolExecutor$Worker.run(ThreadPoolExecutor.java:624) [?:1.8.0_362]
	at java.lang.Thread.run(Thread.java:750) [?:1.8.0_362]
2023-05-17 09:09:50,634 [OM StateMachine ApplyTransaction Thread - 0] ERROR multipart.S3MultipartUploadCompleteRequest (S3MultipartUploadCompleteRequest.java:logResult(348)) - MultipartUpload Complete request failed for Key: d7a36b8f-aa34-44d6-a9ee-1894dddf3366 in Volume/Bucket 78f557a8-195f-4a3b-9965-15fabbe12a0c/058c42f4-7b1a-470a-9a1c-d8aae0f6ff1a
INVALID_PART org.apache.hadoop.ozone.om.exceptions.OMException: Complete Multipart Upload Failed: volume: 78f557a8-195f-4a3b-9965-15fabbe12a0c bucket: 058c42f4-7b1a-470a-9a1c-d8aae0f6ff1a key: d7a36b8f-aa34-44d6-a9ee-1894dddf3366
	at org.apache.hadoop.ozone.om.request.s3.multipart.S3MultipartUploadCompleteRequest.validateAndUpdateCache(S3MultipartUploadCompleteRequest.java:185)
	at org.apache.hadoop.ozone.protocolPB.OzoneManagerRequestHandler.handleWriteRequest(OzoneManagerRequestHandler.java:337)
	at org.apache.hadoop.ozone.om.ratis.OzoneManagerStateMachine.runCommand(OzoneManagerStateMachine.java:567)
	at org.apache.hadoop.ozone.om.ratis.OzoneManagerStateMachine.lambda$1(OzoneManagerStateMachine.java:358)
	at java.util.concurrent.CompletableFuture$AsyncSupply.run(CompletableFuture.java:1604)
	at java.util.concurrent.ThreadPoolExecutor.runWorker(ThreadPoolExecutor.java:1149)
	at java.util.concurrent.ThreadPoolExecutor$Worker.run(ThreadPoolExecutor.java:624)
	at java.lang.Thread.run(Thread.java:750)
]]></system-out>
  </testcase>
  <testcase name="testNativeAclsForBucket" classname="org.apache.hadoop.ozone.client.rpc.TestSecureOzoneRpcClient" time="0.104">
    <system-out><![CDATA[2023-05-17 09:09:50,636 [Listener at 127.0.0.1/15004] INFO  rpc.RpcClient (RpcClient.java:createVolume(476)) - Creating Volume: 8aef5d12-3cbf-46e8-a0cd-d513865b3422, with runner as owner and space quota set to -1 bytes, counts quota set to -1
2023-05-17 09:09:50,638 [OM StateMachine ApplyTransaction Thread - 0] INFO  volume.OMVolumeCreateRequest (OMVolumeCreateRequest.java:validateAndUpdateCache(196)) - created volume:8aef5d12-3cbf-46e8-a0cd-d513865b3422 for user:runner
2023-05-17 09:09:50,639 [Listener at 127.0.0.1/15004] INFO  rpc.RpcClient (RpcClient.java:createBucket(698)) - Creating Bucket: 8aef5d12-3cbf-46e8-a0cd-d513865b3422/672ce1de-4369-426b-92ac-5c166f83ecad, with server-side default bucket layout, runner as owner, Versioning false, Storage Type set to DISK and Encryption set to false, Replication Type set to server-side default replication type, Namespace Quota set to -1, Space Quota set to -1 
2023-05-17 09:09:50,641 [OM StateMachine ApplyTransaction Thread - 0] INFO  bucket.OMBucketCreateRequest (OMBucketCreateRequest.java:validateAndUpdateCache(270)) - created bucket: 672ce1de-4369-426b-92ac-5c166f83ecad of layout OBJECT_STORE in volume: 8aef5d12-3cbf-46e8-a0cd-d513865b3422
2023-05-17 09:09:50,720 [Listener at 127.0.0.1/15004] INFO  rpc.RpcClient (RpcClient.java:createBucket(698)) - Creating Bucket: 8aef5d12-3cbf-46e8-a0cd-d513865b3422/672ce1de-4369-426b-92ac-5c166f83ecad, with server-side default bucket layout, runner as owner, Versioning false, Storage Type set to DISK and Encryption set to false, Replication Type set to server-side default replication type, Namespace Quota set to -1, Space Quota set to -1 
2023-05-17 09:09:50,737 [OM StateMachine ApplyTransaction Thread - 0] INFO  bucket.OMBucketCreateRequest (OMBucketCreateRequest.java:validateAndUpdateCache(270)) - created bucket: 672ce1de-4369-426b-92ac-5c166f83ecad of layout OBJECT_STORE in volume: 8aef5d12-3cbf-46e8-a0cd-d513865b3422
]]></system-out>
  </testcase>
  <testcase name="testNativeAclsForKey" classname="org.apache.hadoop.ozone.client.rpc.TestSecureOzoneRpcClient" time="0.201">
    <system-out><![CDATA[2023-05-17 09:09:50,740 [Listener at 127.0.0.1/15004] INFO  rpc.RpcClient (RpcClient.java:createVolume(476)) - Creating Volume: c636c8e2-a3ad-4ad0-9c99-78b104493000, with runner as owner and space quota set to -1 bytes, counts quota set to -1
2023-05-17 09:09:50,743 [OM StateMachine ApplyTransaction Thread - 0] INFO  volume.OMVolumeCreateRequest (OMVolumeCreateRequest.java:validateAndUpdateCache(196)) - created volume:c636c8e2-a3ad-4ad0-9c99-78b104493000 for user:runner
2023-05-17 09:09:50,744 [Listener at 127.0.0.1/15004] INFO  rpc.RpcClient (RpcClient.java:createBucket(698)) - Creating Bucket: c636c8e2-a3ad-4ad0-9c99-78b104493000/d9b80a87-c2b0-4c64-9207-df072a8c06b5, with server-side default bucket layout, runner as owner, Versioning false, Storage Type set to DISK and Encryption set to false, Replication Type set to server-side default replication type, Namespace Quota set to -1, Space Quota set to -1 
2023-05-17 09:09:50,746 [OM StateMachine ApplyTransaction Thread - 0] INFO  bucket.OMBucketCreateRequest (OMBucketCreateRequest.java:validateAndUpdateCache(270)) - created bucket: d9b80a87-c2b0-4c64-9207-df072a8c06b5 of layout OBJECT_STORE in volume: c636c8e2-a3ad-4ad0-9c99-78b104493000
]]></system-out>
  </testcase>
  <testcase name="testNativeAclsForPrefix" classname="org.apache.hadoop.ozone.client.rpc.TestSecureOzoneRpcClient" time="0.48">
    <system-out><![CDATA[2023-05-17 09:09:50,942 [Listener at 127.0.0.1/15004] INFO  rpc.RpcClient (RpcClient.java:createVolume(476)) - Creating Volume: 91ed9b28-b09c-4800-9525-6dc864594bfe, with runner as owner and space quota set to -1 bytes, counts quota set to -1
2023-05-17 09:09:50,944 [OM StateMachine ApplyTransaction Thread - 0] INFO  volume.OMVolumeCreateRequest (OMVolumeCreateRequest.java:validateAndUpdateCache(196)) - created volume:91ed9b28-b09c-4800-9525-6dc864594bfe for user:runner
2023-05-17 09:09:50,945 [Listener at 127.0.0.1/15004] INFO  rpc.RpcClient (RpcClient.java:createBucket(698)) - Creating Bucket: 91ed9b28-b09c-4800-9525-6dc864594bfe/93d84adc-9205-4b53-bb6a-fbbf44421172, with server-side default bucket layout, runner as owner, Versioning false, Storage Type set to DISK and Encryption set to false, Replication Type set to server-side default replication type, Namespace Quota set to -1, Space Quota set to -1 
2023-05-17 09:09:50,947 [OM StateMachine ApplyTransaction Thread - 0] INFO  bucket.OMBucketCreateRequest (OMBucketCreateRequest.java:validateAndUpdateCache(270)) - created bucket: 93d84adc-9205-4b53-bb6a-fbbf44421172 of layout OBJECT_STORE in volume: 91ed9b28-b09c-4800-9525-6dc864594bfe
]]></system-out>
  </testcase>
  <testcase name="testNativeAclsForVolume" classname="org.apache.hadoop.ozone.client.rpc.TestSecureOzoneRpcClient" time="0.065">
    <system-out><![CDATA[2023-05-17 09:09:51,423 [Listener at 127.0.0.1/15004] INFO  rpc.RpcClient (RpcClient.java:createVolume(476)) - Creating Volume: 89a5a78d-6d5a-4863-86c7-3db048169fd2, with runner as owner and space quota set to -1 bytes, counts quota set to -1
2023-05-17 09:09:51,425 [OM StateMachine ApplyTransaction Thread - 0] INFO  volume.OMVolumeCreateRequest (OMVolumeCreateRequest.java:validateAndUpdateCache(196)) - created volume:89a5a78d-6d5a-4863-86c7-3db048169fd2 for user:runner
]]></system-out>
  </testcase>
  <testcase name="testNoSuchUploadError" classname="org.apache.hadoop.ozone.client.rpc.TestSecureOzoneRpcClient" time="0.009">
    <system-out><![CDATA[2023-05-17 09:09:51,489 [Listener at 127.0.0.1/15004] INFO  rpc.RpcClient (RpcClient.java:createVolume(476)) - Creating Volume: 78c5c546-6a85-42d5-b16e-0d8a5c9616d5, with runner as owner and space quota set to -1 bytes, counts quota set to -1
2023-05-17 09:09:51,491 [OM StateMachine ApplyTransaction Thread - 0] INFO  volume.OMVolumeCreateRequest (OMVolumeCreateRequest.java:validateAndUpdateCache(196)) - created volume:78c5c546-6a85-42d5-b16e-0d8a5c9616d5 for user:runner
2023-05-17 09:09:51,492 [Listener at 127.0.0.1/15004] INFO  rpc.RpcClient (RpcClient.java:createBucket(698)) - Creating Bucket: 78c5c546-6a85-42d5-b16e-0d8a5c9616d5/ed894ce3-be8e-4e12-935d-8d8e6a401751, with server-side default bucket layout, runner as owner, Versioning false, Storage Type set to DISK and Encryption set to false, Replication Type set to server-side default replication type, Namespace Quota set to -1, Space Quota set to -1 
2023-05-17 09:09:51,494 [OM StateMachine ApplyTransaction Thread - 0] INFO  bucket.OMBucketCreateRequest (OMBucketCreateRequest.java:validateAndUpdateCache(270)) - created bucket: ed894ce3-be8e-4e12-935d-8d8e6a401751 of layout OBJECT_STORE in volume: 78c5c546-6a85-42d5-b16e-0d8a5c9616d5
09:09:51.497 [OM StateMachine ApplyTransaction Thread - 0] ERROR OMAudit - user=runner | ip=127.0.0.1 | op=ALLOCATE_KEY {volume=78c5c546-6a85-42d5-b16e-0d8a5c9616d5, bucket=ed894ce3-be8e-4e12-935d-8d8e6a401751, key=c2d52d74-d60b-488f-b3e1-0a9cafd96da7, dataSize=12, replicationType=NONE, replicationFactor=ZERO} | ret=FAILURE
org.apache.hadoop.ozone.om.exceptions.OMException: No such Multipart upload is with specified uploadId random
	at org.apache.hadoop.ozone.om.request.key.OMKeyRequest.prepareMultipartFileInfo(OMKeyRequest.java:765) ~[ozone-manager-1.4.0-SNAPSHOT.jar:?]
	at org.apache.hadoop.ozone.om.request.key.OMKeyRequest.prepareFileInfo(OMKeyRequest.java:652) ~[ozone-manager-1.4.0-SNAPSHOT.jar:?]
	at org.apache.hadoop.ozone.om.request.key.OMKeyRequest.prepareKeyInfo(OMKeyRequest.java:629) ~[ozone-manager-1.4.0-SNAPSHOT.jar:?]
	at org.apache.hadoop.ozone.om.request.key.OMKeyCreateRequest.validateAndUpdateCache(OMKeyCreateRequest.java:276) ~[ozone-manager-1.4.0-SNAPSHOT.jar:?]
	at org.apache.hadoop.ozone.protocolPB.OzoneManagerRequestHandler.handleWriteRequest(OzoneManagerRequestHandler.java:337) ~[ozone-manager-1.4.0-SNAPSHOT.jar:?]
	at org.apache.hadoop.ozone.om.ratis.OzoneManagerStateMachine.runCommand(OzoneManagerStateMachine.java:567) ~[ozone-manager-1.4.0-SNAPSHOT.jar:?]
	at org.apache.hadoop.ozone.om.ratis.OzoneManagerStateMachine.lambda$1(OzoneManagerStateMachine.java:358) ~[ozone-manager-1.4.0-SNAPSHOT.jar:?]
	at java.util.concurrent.CompletableFuture$AsyncSupply.run(CompletableFuture.java:1604) [?:1.8.0_362]
	at java.util.concurrent.ThreadPoolExecutor.runWorker(ThreadPoolExecutor.java:1149) [?:1.8.0_362]
	at java.util.concurrent.ThreadPoolExecutor$Worker.run(ThreadPoolExecutor.java:624) [?:1.8.0_362]
	at java.lang.Thread.run(Thread.java:750) [?:1.8.0_362]
2023-05-17 09:09:51,498 [OM StateMachine ApplyTransaction Thread - 0] ERROR key.OMKeyCreateRequest (OMKeyCreateRequest.java:logResult(379)) - Key creation failed. Volume:78c5c546-6a85-42d5-b16e-0d8a5c9616d5, Bucket:ed894ce3-be8e-4e12-935d-8d8e6a401751, Key:c2d52d74-d60b-488f-b3e1-0a9cafd96da7. 
NO_SUCH_MULTIPART_UPLOAD_ERROR org.apache.hadoop.ozone.om.exceptions.OMException: No such Multipart upload is with specified uploadId random
	at org.apache.hadoop.ozone.om.request.key.OMKeyRequest.prepareMultipartFileInfo(OMKeyRequest.java:765)
	at org.apache.hadoop.ozone.om.request.key.OMKeyRequest.prepareFileInfo(OMKeyRequest.java:652)
	at org.apache.hadoop.ozone.om.request.key.OMKeyRequest.prepareKeyInfo(OMKeyRequest.java:629)
	at org.apache.hadoop.ozone.om.request.key.OMKeyCreateRequest.validateAndUpdateCache(OMKeyCreateRequest.java:276)
	at org.apache.hadoop.ozone.protocolPB.OzoneManagerRequestHandler.handleWriteRequest(OzoneManagerRequestHandler.java:337)
	at org.apache.hadoop.ozone.om.ratis.OzoneManagerStateMachine.runCommand(OzoneManagerStateMachine.java:567)
	at org.apache.hadoop.ozone.om.ratis.OzoneManagerStateMachine.lambda$1(OzoneManagerStateMachine.java:358)
	at java.util.concurrent.CompletableFuture$AsyncSupply.run(CompletableFuture.java:1604)
	at java.util.concurrent.ThreadPoolExecutor.runWorker(ThreadPoolExecutor.java:1149)
	at java.util.concurrent.ThreadPoolExecutor$Worker.run(ThreadPoolExecutor.java:624)
	at java.lang.Thread.run(Thread.java:750)
]]></system-out>
  </testcase>
  <testcase name="testOMClientProxyProvider" classname="org.apache.hadoop.ozone.client.rpc.TestSecureOzoneRpcClient" time="0.003"/>
  <testcase name="testOverWriteKeyWithAndWithOutVersioning" classname="org.apache.hadoop.ozone.client.rpc.TestSecureOzoneRpcClient" time="1.188">
    <system-out><![CDATA[2023-05-17 09:09:51,508 [Listener at 127.0.0.1/15004] INFO  rpc.RpcClient (RpcClient.java:createVolume(476)) - Creating Volume: 0359681a-010e-4990-8f53-868cd2f848f0, with runner as owner and space quota set to -1 bytes, counts quota set to -1
2023-05-17 09:09:51,510 [OM StateMachine ApplyTransaction Thread - 0] INFO  volume.OMVolumeCreateRequest (OMVolumeCreateRequest.java:validateAndUpdateCache(196)) - created volume:0359681a-010e-4990-8f53-868cd2f848f0 for user:runner
2023-05-17 09:09:51,512 [Listener at 127.0.0.1/15004] INFO  rpc.RpcClient (RpcClient.java:createBucket(698)) - Creating Bucket: 0359681a-010e-4990-8f53-868cd2f848f0/a4eeeffb-5e10-4b3b-b38f-5b8d94d29c6a, with bucket layout OBJECT_STORE, runner as owner, Versioning false, Storage Type set to DISK and Encryption set to false, Replication Type set to server-side default replication type, Namespace Quota set to -1, Space Quota set to -1 
2023-05-17 09:09:51,513 [OM StateMachine ApplyTransaction Thread - 0] INFO  bucket.OMBucketCreateRequest (OMBucketCreateRequest.java:validateAndUpdateCache(270)) - created bucket: a4eeeffb-5e10-4b3b-b38f-5b8d94d29c6a of layout OBJECT_STORE in volume: 0359681a-010e-4990-8f53-868cd2f848f0
2023-05-17 09:09:51,603 [Listener at 127.0.0.1/15004] INFO  rpc.RpcClient (RpcClient.java:createVolume(476)) - Creating Volume: 2a353751-ce6c-40fe-be60-929d060175c4, with runner as owner and space quota set to -1 bytes, counts quota set to -1
2023-05-17 09:09:51,606 [OM StateMachine ApplyTransaction Thread - 0] INFO  volume.OMVolumeCreateRequest (OMVolumeCreateRequest.java:validateAndUpdateCache(196)) - created volume:2a353751-ce6c-40fe-be60-929d060175c4 for user:runner
2023-05-17 09:09:51,607 [Listener at 127.0.0.1/15004] INFO  rpc.RpcClient (RpcClient.java:createBucket(698)) - Creating Bucket: 2a353751-ce6c-40fe-be60-929d060175c4/bdc94a46-7052-46eb-b217-f87a00c88339, with bucket layout OBJECT_STORE, runner as owner, Versioning true, Storage Type set to DISK and Encryption set to false, Replication Type set to server-side default replication type, Namespace Quota set to -1, Space Quota set to -1 
2023-05-17 09:09:51,609 [OM StateMachine ApplyTransaction Thread - 0] INFO  bucket.OMBucketCreateRequest (OMBucketCreateRequest.java:validateAndUpdateCache(270)) - created bucket: bdc94a46-7052-46eb-b217-f87a00c88339 of layout OBJECT_STORE in volume: 2a353751-ce6c-40fe-be60-929d060175c4
]]></system-out>
  </testcase>
  <testcase name="testPutKey" classname="org.apache.hadoop.ozone.client.rpc.TestSecureOzoneRpcClient" time="0.38">
    <system-out><![CDATA[2023-05-17 09:09:52,696 [Listener at 127.0.0.1/15004] INFO  rpc.RpcClient (RpcClient.java:createVolume(476)) - Creating Volume: d22d3461-7034-44cb-844d-3a1f63293e9f, with runner as owner and space quota set to -1 bytes, counts quota set to -1
2023-05-17 09:09:52,699 [OM StateMachine ApplyTransaction Thread - 0] INFO  volume.OMVolumeCreateRequest (OMVolumeCreateRequest.java:validateAndUpdateCache(196)) - created volume:d22d3461-7034-44cb-844d-3a1f63293e9f for user:runner
2023-05-17 09:09:52,700 [Listener at 127.0.0.1/15004] INFO  rpc.RpcClient (RpcClient.java:createBucket(698)) - Creating Bucket: d22d3461-7034-44cb-844d-3a1f63293e9f/7f63c69c-8129-4ce8-9b42-a6beab634654, with server-side default bucket layout, runner as owner, Versioning false, Storage Type set to DISK and Encryption set to false, Replication Type set to server-side default replication type, Namespace Quota set to -1, Space Quota set to -1 
2023-05-17 09:09:52,703 [OM StateMachine ApplyTransaction Thread - 0] INFO  bucket.OMBucketCreateRequest (OMBucketCreateRequest.java:validateAndUpdateCache(270)) - created bucket: 7f63c69c-8129-4ce8-9b42-a6beab634654 of layout OBJECT_STORE in volume: d22d3461-7034-44cb-844d-3a1f63293e9f
2023-05-17 09:09:52,723 [IPC Server handler 2 on default port 15001] WARN  node.SCMNodeManager (SCMNodeManager.java:getNodesByAddress(1372)) - Cannot find node for address 127.0.0.1
2023-05-17 09:09:52,728 [IPC Server handler 3 on default port 15001] WARN  node.SCMNodeManager (SCMNodeManager.java:getNodesByAddress(1372)) - Cannot find node for address 127.0.0.1
2023-05-17 09:09:52,760 [IPC Server handler 14 on default port 15001] WARN  node.SCMNodeManager (SCMNodeManager.java:getNodesByAddress(1372)) - Cannot find node for address 127.0.0.1
2023-05-17 09:09:52,763 [IPC Server handler 18 on default port 15001] WARN  node.SCMNodeManager (SCMNodeManager.java:getNodesByAddress(1372)) - Cannot find node for address 127.0.0.1
2023-05-17 09:09:52,788 [IPC Server handler 12 on default port 15001] WARN  node.SCMNodeManager (SCMNodeManager.java:getNodesByAddress(1372)) - Cannot find node for address 127.0.0.1
2023-05-17 09:09:52,791 [IPC Server handler 8 on default port 15001] WARN  node.SCMNodeManager (SCMNodeManager.java:getNodesByAddress(1372)) - Cannot find node for address 127.0.0.1
2023-05-17 09:09:52,833 [IPC Server handler 0 on default port 15001] WARN  node.SCMNodeManager (SCMNodeManager.java:getNodesByAddress(1372)) - Cannot find node for address 127.0.0.1
2023-05-17 09:09:52,837 [IPC Server handler 15 on default port 15001] WARN  node.SCMNodeManager (SCMNodeManager.java:getNodesByAddress(1372)) - Cannot find node for address 127.0.0.1
2023-05-17 09:09:52,873 [IPC Server handler 19 on default port 15001] WARN  node.SCMNodeManager (SCMNodeManager.java:getNodesByAddress(1372)) - Cannot find node for address 127.0.0.1
2023-05-17 09:09:52,880 [IPC Server handler 13 on default port 15001] WARN  node.SCMNodeManager (SCMNodeManager.java:getNodesByAddress(1372)) - Cannot find node for address 127.0.0.1
2023-05-17 09:09:52,916 [IPC Server handler 10 on default port 15001] WARN  node.SCMNodeManager (SCMNodeManager.java:getNodesByAddress(1372)) - Cannot find node for address 127.0.0.1
2023-05-17 09:09:52,919 [IPC Server handler 5 on default port 15001] WARN  node.SCMNodeManager (SCMNodeManager.java:getNodesByAddress(1372)) - Cannot find node for address 127.0.0.1
2023-05-17 09:09:52,951 [IPC Server handler 17 on default port 15001] WARN  node.SCMNodeManager (SCMNodeManager.java:getNodesByAddress(1372)) - Cannot find node for address 127.0.0.1
2023-05-17 09:09:52,955 [IPC Server handler 6 on default port 15001] WARN  node.SCMNodeManager (SCMNodeManager.java:getNodesByAddress(1372)) - Cannot find node for address 127.0.0.1
2023-05-17 09:09:52,990 [IPC Server handler 3 on default port 15001] WARN  node.SCMNodeManager (SCMNodeManager.java:getNodesByAddress(1372)) - Cannot find node for address 127.0.0.1
2023-05-17 09:09:52,993 [IPC Server handler 7 on default port 15001] WARN  node.SCMNodeManager (SCMNodeManager.java:getNodesByAddress(1372)) - Cannot find node for address 127.0.0.1
2023-05-17 09:09:53,018 [IPC Server handler 18 on default port 15001] WARN  node.SCMNodeManager (SCMNodeManager.java:getNodesByAddress(1372)) - Cannot find node for address 127.0.0.1
2023-05-17 09:09:53,022 [IPC Server handler 1 on default port 15001] WARN  node.SCMNodeManager (SCMNodeManager.java:getNodesByAddress(1372)) - Cannot find node for address 127.0.0.1
2023-05-17 09:09:53,049 [IPC Server handler 8 on default port 15001] WARN  node.SCMNodeManager (SCMNodeManager.java:getNodesByAddress(1372)) - Cannot find node for address 127.0.0.1
2023-05-17 09:09:53,053 [IPC Server handler 4 on default port 15001] WARN  node.SCMNodeManager (SCMNodeManager.java:getNodesByAddress(1372)) - Cannot find node for address 127.0.0.1
]]></system-out>
  </testcase>
  <testcase name="testPutKeyRatisOneNode" classname="org.apache.hadoop.ozone.client.rpc.TestSecureOzoneRpcClient" time="0.345">
    <system-out><![CDATA[2023-05-17 09:09:53,077 [Listener at 127.0.0.1/15004] INFO  rpc.RpcClient (RpcClient.java:createVolume(476)) - Creating Volume: 081818cd-2e4f-41c3-bd42-ab04da21c955, with runner as owner and space quota set to -1 bytes, counts quota set to -1
2023-05-17 09:09:53,081 [OM StateMachine ApplyTransaction Thread - 0] INFO  volume.OMVolumeCreateRequest (OMVolumeCreateRequest.java:validateAndUpdateCache(196)) - created volume:081818cd-2e4f-41c3-bd42-ab04da21c955 for user:runner
2023-05-17 09:09:53,082 [Listener at 127.0.0.1/15004] INFO  rpc.RpcClient (RpcClient.java:createBucket(698)) - Creating Bucket: 081818cd-2e4f-41c3-bd42-ab04da21c955/8a1ae35f-fec7-4665-8bb2-60bebdbc759d, with server-side default bucket layout, runner as owner, Versioning false, Storage Type set to DISK and Encryption set to false, Replication Type set to server-side default replication type, Namespace Quota set to -1, Space Quota set to -1 
2023-05-17 09:09:53,084 [OM StateMachine ApplyTransaction Thread - 0] INFO  bucket.OMBucketCreateRequest (OMBucketCreateRequest.java:validateAndUpdateCache(270)) - created bucket: 8a1ae35f-fec7-4665-8bb2-60bebdbc759d of layout OBJECT_STORE in volume: 081818cd-2e4f-41c3-bd42-ab04da21c955
2023-05-17 09:09:53,103 [IPC Server handler 15 on default port 15001] WARN  node.SCMNodeManager (SCMNodeManager.java:getNodesByAddress(1372)) - Cannot find node for address 127.0.0.1
2023-05-17 09:09:53,107 [IPC Server handler 16 on default port 15001] WARN  node.SCMNodeManager (SCMNodeManager.java:getNodesByAddress(1372)) - Cannot find node for address 127.0.0.1
2023-05-17 09:09:53,135 [IPC Server handler 13 on default port 15001] WARN  node.SCMNodeManager (SCMNodeManager.java:getNodesByAddress(1372)) - Cannot find node for address 127.0.0.1
2023-05-17 09:09:53,139 [IPC Server handler 9 on default port 15001] WARN  node.SCMNodeManager (SCMNodeManager.java:getNodesByAddress(1372)) - Cannot find node for address 127.0.0.1
2023-05-17 09:09:53,164 [IPC Server handler 5 on default port 15001] WARN  node.SCMNodeManager (SCMNodeManager.java:getNodesByAddress(1372)) - Cannot find node for address 127.0.0.1
2023-05-17 09:09:53,168 [IPC Server handler 11 on default port 15001] WARN  node.SCMNodeManager (SCMNodeManager.java:getNodesByAddress(1372)) - Cannot find node for address 127.0.0.1
2023-05-17 09:09:53,194 [IPC Server handler 6 on default port 15001] WARN  node.SCMNodeManager (SCMNodeManager.java:getNodesByAddress(1372)) - Cannot find node for address 127.0.0.1
2023-05-17 09:09:53,197 [IPC Server handler 2 on default port 15001] WARN  node.SCMNodeManager (SCMNodeManager.java:getNodesByAddress(1372)) - Cannot find node for address 127.0.0.1
2023-05-17 09:09:53,238 [IPC Server handler 7 on default port 15001] WARN  node.SCMNodeManager (SCMNodeManager.java:getNodesByAddress(1372)) - Cannot find node for address 127.0.0.1
2023-05-17 09:09:53,242 [IPC Server handler 14 on default port 15001] WARN  node.SCMNodeManager (SCMNodeManager.java:getNodesByAddress(1372)) - Cannot find node for address 127.0.0.1
2023-05-17 09:09:53,275 [IPC Server handler 1 on default port 15001] WARN  node.SCMNodeManager (SCMNodeManager.java:getNodesByAddress(1372)) - Cannot find node for address 127.0.0.1
2023-05-17 09:09:53,279 [IPC Server handler 12 on default port 15001] WARN  node.SCMNodeManager (SCMNodeManager.java:getNodesByAddress(1372)) - Cannot find node for address 127.0.0.1
2023-05-17 09:09:53,315 [IPC Server handler 4 on default port 15001] WARN  node.SCMNodeManager (SCMNodeManager.java:getNodesByAddress(1372)) - Cannot find node for address 127.0.0.1
2023-05-17 09:09:53,319 [IPC Server handler 0 on default port 15001] WARN  node.SCMNodeManager (SCMNodeManager.java:getNodesByAddress(1372)) - Cannot find node for address 127.0.0.1
2023-05-17 09:09:53,348 [IPC Server handler 16 on default port 15001] WARN  node.SCMNodeManager (SCMNodeManager.java:getNodesByAddress(1372)) - Cannot find node for address 127.0.0.1
2023-05-17 09:09:53,351 [IPC Server handler 19 on default port 15001] WARN  node.SCMNodeManager (SCMNodeManager.java:getNodesByAddress(1372)) - Cannot find node for address 127.0.0.1
2023-05-17 09:09:53,375 [IPC Server handler 9 on default port 15001] WARN  node.SCMNodeManager (SCMNodeManager.java:getNodesByAddress(1372)) - Cannot find node for address 127.0.0.1
2023-05-17 09:09:53,380 [IPC Server handler 10 on default port 15001] WARN  node.SCMNodeManager (SCMNodeManager.java:getNodesByAddress(1372)) - Cannot find node for address 127.0.0.1
2023-05-17 09:09:53,408 [IPC Server handler 11 on default port 15001] WARN  node.SCMNodeManager (SCMNodeManager.java:getNodesByAddress(1372)) - Cannot find node for address 127.0.0.1
2023-05-17 09:09:53,412 [IPC Server handler 17 on default port 15001] WARN  node.SCMNodeManager (SCMNodeManager.java:getNodesByAddress(1372)) - Cannot find node for address 127.0.0.1
]]></system-out>
  </testcase>
  <testcase name="testPutKeyRatisThreeNodes" classname="org.apache.hadoop.ozone.client.rpc.TestSecureOzoneRpcClient" time="0.651">
    <system-out><![CDATA[2023-05-17 09:09:53,423 [Listener at 127.0.0.1/15004] INFO  rpc.RpcClient (RpcClient.java:createVolume(476)) - Creating Volume: 32953c26-82d9-4b12-85d8-b4f687945e44, with runner as owner and space quota set to -1 bytes, counts quota set to -1
2023-05-17 09:09:53,425 [OM StateMachine ApplyTransaction Thread - 0] INFO  volume.OMVolumeCreateRequest (OMVolumeCreateRequest.java:validateAndUpdateCache(196)) - created volume:32953c26-82d9-4b12-85d8-b4f687945e44 for user:runner
2023-05-17 09:09:53,427 [Listener at 127.0.0.1/15004] INFO  rpc.RpcClient (RpcClient.java:createBucket(698)) - Creating Bucket: 32953c26-82d9-4b12-85d8-b4f687945e44/5e71638b-04e8-49e5-a31b-a19d7b331cfc, with server-side default bucket layout, runner as owner, Versioning false, Storage Type set to DISK and Encryption set to false, Replication Type set to server-side default replication type, Namespace Quota set to -1, Space Quota set to -1 
2023-05-17 09:09:53,429 [OM StateMachine ApplyTransaction Thread - 0] INFO  bucket.OMBucketCreateRequest (OMBucketCreateRequest.java:validateAndUpdateCache(270)) - created bucket: 5e71638b-04e8-49e5-a31b-a19d7b331cfc of layout OBJECT_STORE in volume: 32953c26-82d9-4b12-85d8-b4f687945e44
2023-05-17 09:09:53,477 [IPC Server handler 2 on default port 15001] WARN  node.SCMNodeManager (SCMNodeManager.java:getNodesByAddress(1372)) - Cannot find node for address 127.0.0.1
2023-05-17 09:09:53,482 [IPC Server handler 3 on default port 15001] WARN  node.SCMNodeManager (SCMNodeManager.java:getNodesByAddress(1372)) - Cannot find node for address 127.0.0.1
2023-05-17 09:09:53,545 [IPC Server handler 14 on default port 15001] WARN  node.SCMNodeManager (SCMNodeManager.java:getNodesByAddress(1372)) - Cannot find node for address 127.0.0.1
2023-05-17 09:09:53,550 [IPC Server handler 18 on default port 15001] WARN  node.SCMNodeManager (SCMNodeManager.java:getNodesByAddress(1372)) - Cannot find node for address 127.0.0.1
2023-05-17 09:09:53,616 [IPC Server handler 12 on default port 15001] WARN  node.SCMNodeManager (SCMNodeManager.java:getNodesByAddress(1372)) - Cannot find node for address 127.0.0.1
2023-05-17 09:09:53,620 [IPC Server handler 8 on default port 15001] WARN  node.SCMNodeManager (SCMNodeManager.java:getNodesByAddress(1372)) - Cannot find node for address 127.0.0.1
2023-05-17 09:09:53,686 [IPC Server handler 0 on default port 15001] WARN  node.SCMNodeManager (SCMNodeManager.java:getNodesByAddress(1372)) - Cannot find node for address 127.0.0.1
2023-05-17 09:09:53,691 [IPC Server handler 15 on default port 15001] WARN  node.SCMNodeManager (SCMNodeManager.java:getNodesByAddress(1372)) - Cannot find node for address 127.0.0.1
2023-05-17 09:09:53,746 [IPC Server handler 19 on default port 15001] WARN  node.SCMNodeManager (SCMNodeManager.java:getNodesByAddress(1372)) - Cannot find node for address 127.0.0.1
2023-05-17 09:09:53,750 [IPC Server handler 13 on default port 15001] WARN  node.SCMNodeManager (SCMNodeManager.java:getNodesByAddress(1372)) - Cannot find node for address 127.0.0.1
2023-05-17 09:09:53,815 [IPC Server handler 10 on default port 15001] WARN  node.SCMNodeManager (SCMNodeManager.java:getNodesByAddress(1372)) - Cannot find node for address 127.0.0.1
2023-05-17 09:09:53,821 [IPC Server handler 5 on default port 15001] WARN  node.SCMNodeManager (SCMNodeManager.java:getNodesByAddress(1372)) - Cannot find node for address 127.0.0.1
2023-05-17 09:09:53,877 [IPC Server handler 17 on default port 15001] WARN  node.SCMNodeManager (SCMNodeManager.java:getNodesByAddress(1372)) - Cannot find node for address 127.0.0.1
2023-05-17 09:09:53,882 [IPC Server handler 6 on default port 15001] WARN  node.SCMNodeManager (SCMNodeManager.java:getNodesByAddress(1372)) - Cannot find node for address 127.0.0.1
2023-05-17 09:09:53,939 [IPC Server handler 3 on default port 15001] WARN  node.SCMNodeManager (SCMNodeManager.java:getNodesByAddress(1372)) - Cannot find node for address 127.0.0.1
2023-05-17 09:09:53,943 [IPC Server handler 7 on default port 15001] WARN  node.SCMNodeManager (SCMNodeManager.java:getNodesByAddress(1372)) - Cannot find node for address 127.0.0.1
2023-05-17 09:09:53,991 [IPC Server handler 18 on default port 15001] WARN  node.SCMNodeManager (SCMNodeManager.java:getNodesByAddress(1372)) - Cannot find node for address 127.0.0.1
2023-05-17 09:09:53,996 [IPC Server handler 1 on default port 15001] WARN  node.SCMNodeManager (SCMNodeManager.java:getNodesByAddress(1372)) - Cannot find node for address 127.0.0.1
2023-05-17 09:09:54,062 [IPC Server handler 8 on default port 15001] WARN  node.SCMNodeManager (SCMNodeManager.java:getNodesByAddress(1372)) - Cannot find node for address 127.0.0.1
2023-05-17 09:09:54,066 [IPC Server handler 4 on default port 15001] WARN  node.SCMNodeManager (SCMNodeManager.java:getNodesByAddress(1372)) - Cannot find node for address 127.0.0.1
]]></system-out>
  </testcase>
  <testcase name="testPutKeyRatisThreeNodesParallel" classname="org.apache.hadoop.ozone.client.rpc.TestSecureOzoneRpcClient" time="7.49">
    <system-out><![CDATA[2023-05-17 09:09:54,076 [Listener at 127.0.0.1/15004] INFO  rpc.RpcClient (RpcClient.java:createVolume(476)) - Creating Volume: caf3034c-1628-4d50-bc8c-b61efad845b7, with runner as owner and space quota set to -1 bytes, counts quota set to -1
2023-05-17 09:09:54,078 [OM StateMachine ApplyTransaction Thread - 0] INFO  volume.OMVolumeCreateRequest (OMVolumeCreateRequest.java:validateAndUpdateCache(196)) - created volume:caf3034c-1628-4d50-bc8c-b61efad845b7 for user:runner
2023-05-17 09:09:54,080 [Listener at 127.0.0.1/15004] INFO  rpc.RpcClient (RpcClient.java:createBucket(698)) - Creating Bucket: caf3034c-1628-4d50-bc8c-b61efad845b7/e3fcaae2-7d03-437c-8d28-3f9f9c295dfe, with server-side default bucket layout, runner as owner, Versioning false, Storage Type set to DISK and Encryption set to false, Replication Type set to server-side default replication type, Namespace Quota set to -1, Space Quota set to -1 
2023-05-17 09:09:54,082 [OM StateMachine ApplyTransaction Thread - 0] INFO  bucket.OMBucketCreateRequest (OMBucketCreateRequest.java:validateAndUpdateCache(270)) - created bucket: e3fcaae2-7d03-437c-8d28-3f9f9c295dfe of layout OBJECT_STORE in volume: caf3034c-1628-4d50-bc8c-b61efad845b7
2023-05-17 09:09:55,290 [IPC Server handler 15 on default port 15001] WARN  node.SCMNodeManager (SCMNodeManager.java:getNodesByAddress(1372)) - Cannot find node for address 127.0.0.1
2023-05-17 09:09:55,291 [IPC Server handler 16 on default port 15001] WARN  node.SCMNodeManager (SCMNodeManager.java:getNodesByAddress(1372)) - Cannot find node for address 127.0.0.1
2023-05-17 09:09:55,310 [IPC Server handler 19 on default port 15001] WARN  node.SCMNodeManager (SCMNodeManager.java:getNodesByAddress(1372)) - Cannot find node for address 127.0.0.1
2023-05-17 09:09:55,310 [IPC Server handler 13 on default port 15001] WARN  node.SCMNodeManager (SCMNodeManager.java:getNodesByAddress(1372)) - Cannot find node for address 127.0.0.1
2023-05-17 09:09:55,311 [IPC Server handler 9 on default port 15001] WARN  node.SCMNodeManager (SCMNodeManager.java:getNodesByAddress(1372)) - Cannot find node for address 127.0.0.1
2023-05-17 09:09:55,311 [IPC Server handler 10 on default port 15001] WARN  node.SCMNodeManager (SCMNodeManager.java:getNodesByAddress(1372)) - Cannot find node for address 127.0.0.1
2023-05-17 09:09:55,317 [IPC Server handler 5 on default port 15001] WARN  node.SCMNodeManager (SCMNodeManager.java:getNodesByAddress(1372)) - Cannot find node for address 127.0.0.1
2023-05-17 09:09:55,323 [IPC Server handler 11 on default port 15001] WARN  node.SCMNodeManager (SCMNodeManager.java:getNodesByAddress(1372)) - Cannot find node for address 127.0.0.1
2023-05-17 09:09:55,324 [IPC Server handler 17 on default port 15001] WARN  node.SCMNodeManager (SCMNodeManager.java:getNodesByAddress(1372)) - Cannot find node for address 127.0.0.1
2023-05-17 09:09:55,325 [IPC Server handler 6 on default port 15001] WARN  node.SCMNodeManager (SCMNodeManager.java:getNodesByAddress(1372)) - Cannot find node for address 127.0.0.1
2023-05-17 09:09:55,329 [IPC Server handler 2 on default port 15001] WARN  node.SCMNodeManager (SCMNodeManager.java:getNodesByAddress(1372)) - Cannot find node for address 127.0.0.1
2023-05-17 09:09:55,330 [IPC Server handler 3 on default port 15001] WARN  node.SCMNodeManager (SCMNodeManager.java:getNodesByAddress(1372)) - Cannot find node for address 127.0.0.1
2023-05-17 09:09:56,638 [IPC Server handler 7 on default port 15001] WARN  node.SCMNodeManager (SCMNodeManager.java:getNodesByAddress(1372)) - Cannot find node for address 127.0.0.1
2023-05-17 09:09:56,639 [IPC Server handler 14 on default port 15001] WARN  node.SCMNodeManager (SCMNodeManager.java:getNodesByAddress(1372)) - Cannot find node for address 127.0.0.1
2023-05-17 09:09:56,640 [IPC Server handler 18 on default port 15001] WARN  node.SCMNodeManager (SCMNodeManager.java:getNodesByAddress(1372)) - Cannot find node for address 127.0.0.1
2023-05-17 09:09:56,652 [IPC Server handler 1 on default port 15001] WARN  node.SCMNodeManager (SCMNodeManager.java:getNodesByAddress(1372)) - Cannot find node for address 127.0.0.1
2023-05-17 09:09:56,653 [IPC Server handler 12 on default port 15001] WARN  node.SCMNodeManager (SCMNodeManager.java:getNodesByAddress(1372)) - Cannot find node for address 127.0.0.1
2023-05-17 09:09:56,655 [IPC Server handler 8 on default port 15001] WARN  node.SCMNodeManager (SCMNodeManager.java:getNodesByAddress(1372)) - Cannot find node for address 127.0.0.1
2023-05-17 09:09:56,666 [IPC Server handler 4 on default port 15001] WARN  node.SCMNodeManager (SCMNodeManager.java:getNodesByAddress(1372)) - Cannot find node for address 127.0.0.1
2023-05-17 09:09:56,667 [IPC Server handler 0 on default port 15001] WARN  node.SCMNodeManager (SCMNodeManager.java:getNodesByAddress(1372)) - Cannot find node for address 127.0.0.1
2023-05-17 09:09:56,679 [IPC Server handler 15 on default port 15001] WARN  node.SCMNodeManager (SCMNodeManager.java:getNodesByAddress(1372)) - Cannot find node for address 127.0.0.1
2023-05-17 09:09:56,680 [IPC Server handler 16 on default port 15001] WARN  node.SCMNodeManager (SCMNodeManager.java:getNodesByAddress(1372)) - Cannot find node for address 127.0.0.1
2023-05-17 09:09:57,359 [KeyDeletingService#0] INFO  utils.BackgroundService (AbstractKeyDeletingService.java:optimizeDirDeletesAndSubmitRequest(391)) - Number of dirs deleted: 2, Number of sub-dir deleted: 0, Number of sub-files moved: 0 to DeletedTable, Number of sub-dirs moved 0 to DeletedDirectoryTable, iteration elapsed: 16ms, totalRunCount: 1
2023-05-17 09:09:57,381 [IPC Server handler 7 on default port 15001] INFO  ha.SequenceIdGenerator (SequenceIdGenerator.java:getNextId(128)) - Allocate a batch for delTxnId, change lastId from 0 to 1000.
2023-05-17 09:09:58,353 [IPC Server handler 7 on default port 15001] WARN  node.SCMNodeManager (SCMNodeManager.java:getNodesByAddress(1372)) - Cannot find node for address 127.0.0.1
2023-05-17 09:09:58,354 [IPC Server handler 14 on default port 15001] WARN  node.SCMNodeManager (SCMNodeManager.java:getNodesByAddress(1372)) - Cannot find node for address 127.0.0.1
2023-05-17 09:09:58,375 [IPC Server handler 18 on default port 15001] WARN  node.SCMNodeManager (SCMNodeManager.java:getNodesByAddress(1372)) - Cannot find node for address 127.0.0.1
2023-05-17 09:09:58,379 [IPC Server handler 1 on default port 15001] WARN  node.SCMNodeManager (SCMNodeManager.java:getNodesByAddress(1372)) - Cannot find node for address 127.0.0.1
2023-05-17 09:09:58,489 [IPC Server handler 12 on default port 15001] WARN  node.SCMNodeManager (SCMNodeManager.java:getNodesByAddress(1372)) - Cannot find node for address 127.0.0.1
2023-05-17 09:09:58,490 [IPC Server handler 8 on default port 15001] WARN  node.SCMNodeManager (SCMNodeManager.java:getNodesByAddress(1372)) - Cannot find node for address 127.0.0.1
2023-05-17 09:09:58,501 [IPC Server handler 4 on default port 15001] WARN  node.SCMNodeManager (SCMNodeManager.java:getNodesByAddress(1372)) - Cannot find node for address 127.0.0.1
2023-05-17 09:09:58,502 [IPC Server handler 0 on default port 15001] WARN  node.SCMNodeManager (SCMNodeManager.java:getNodesByAddress(1372)) - Cannot find node for address 127.0.0.1
2023-05-17 09:09:59,583 [IPC Server handler 15 on default port 15001] WARN  node.SCMNodeManager (SCMNodeManager.java:getNodesByAddress(1372)) - Cannot find node for address 127.0.0.1
2023-05-17 09:09:59,585 [IPC Server handler 16 on default port 15001] WARN  node.SCMNodeManager (SCMNodeManager.java:getNodesByAddress(1372)) - Cannot find node for address 127.0.0.1
2023-05-17 09:09:59,590 [IPC Server handler 19 on default port 15001] WARN  node.SCMNodeManager (SCMNodeManager.java:getNodesByAddress(1372)) - Cannot find node for address 127.0.0.1
2023-05-17 09:09:59,602 [IPC Server handler 13 on default port 15001] WARN  node.SCMNodeManager (SCMNodeManager.java:getNodesByAddress(1372)) - Cannot find node for address 127.0.0.1
2023-05-17 09:09:59,603 [IPC Server handler 9 on default port 15001] WARN  node.SCMNodeManager (SCMNodeManager.java:getNodesByAddress(1372)) - Cannot find node for address 127.0.0.1
2023-05-17 09:09:59,603 [IPC Server handler 10 on default port 15001] WARN  node.SCMNodeManager (SCMNodeManager.java:getNodesByAddress(1372)) - Cannot find node for address 127.0.0.1
2023-05-17 09:09:59,604 [IPC Server handler 5 on default port 15001] WARN  node.SCMNodeManager (SCMNodeManager.java:getNodesByAddress(1372)) - Cannot find node for address 127.0.0.1
2023-05-17 09:09:59,604 [IPC Server handler 11 on default port 15001] WARN  node.SCMNodeManager (SCMNodeManager.java:getNodesByAddress(1372)) - Cannot find node for address 127.0.0.1
2023-05-17 09:09:59,604 [IPC Server handler 17 on default port 15001] WARN  node.SCMNodeManager (SCMNodeManager.java:getNodesByAddress(1372)) - Cannot find node for address 127.0.0.1
2023-05-17 09:09:59,614 [IPC Server handler 6 on default port 15001] WARN  node.SCMNodeManager (SCMNodeManager.java:getNodesByAddress(1372)) - Cannot find node for address 127.0.0.1
2023-05-17 09:09:59,615 [IPC Server handler 2 on default port 15001] WARN  node.SCMNodeManager (SCMNodeManager.java:getNodesByAddress(1372)) - Cannot find node for address 127.0.0.1
2023-05-17 09:09:59,615 [IPC Server handler 3 on default port 15001] WARN  node.SCMNodeManager (SCMNodeManager.java:getNodesByAddress(1372)) - Cannot find node for address 127.0.0.1
2023-05-17 09:10:01,280 [IPC Server handler 18 on default port 15001] WARN  node.SCMNodeManager (SCMNodeManager.java:getNodesByAddress(1372)) - Cannot find node for address 127.0.0.1
2023-05-17 09:10:01,281 [IPC Server handler 1 on default port 15001] WARN  node.SCMNodeManager (SCMNodeManager.java:getNodesByAddress(1372)) - Cannot find node for address 127.0.0.1
2023-05-17 09:10:01,282 [IPC Server handler 12 on default port 15001] WARN  node.SCMNodeManager (SCMNodeManager.java:getNodesByAddress(1372)) - Cannot find node for address 127.0.0.1
2023-05-17 09:10:01,290 [IPC Server handler 8 on default port 15001] WARN  node.SCMNodeManager (SCMNodeManager.java:getNodesByAddress(1372)) - Cannot find node for address 127.0.0.1
2023-05-17 09:10:01,291 [IPC Server handler 4 on default port 15001] WARN  node.SCMNodeManager (SCMNodeManager.java:getNodesByAddress(1372)) - Cannot find node for address 127.0.0.1
2023-05-17 09:10:01,292 [IPC Server handler 0 on default port 15001] WARN  node.SCMNodeManager (SCMNodeManager.java:getNodesByAddress(1372)) - Cannot find node for address 127.0.0.1
2023-05-17 09:10:01,394 [IPC Server handler 15 on default port 15001] WARN  node.SCMNodeManager (SCMNodeManager.java:getNodesByAddress(1372)) - Cannot find node for address 127.0.0.1
2023-05-17 09:10:01,397 [IPC Server handler 16 on default port 15001] WARN  node.SCMNodeManager (SCMNodeManager.java:getNodesByAddress(1372)) - Cannot find node for address 127.0.0.1
2023-05-17 09:10:01,410 [IPC Server handler 19 on default port 15001] WARN  node.SCMNodeManager (SCMNodeManager.java:getNodesByAddress(1372)) - Cannot find node for address 127.0.0.1
2023-05-17 09:10:01,410 [IPC Server handler 13 on default port 15001] WARN  node.SCMNodeManager (SCMNodeManager.java:getNodesByAddress(1372)) - Cannot find node for address 127.0.0.1
]]></system-out>
  </testcase>
  <testcase name="testPutKeySuccessWithBlockToken" classname="org.apache.hadoop.ozone.client.rpc.TestSecureOzoneRpcClient" time="0.794">
    <system-out><![CDATA[2023-05-17 09:10:01,567 [Listener at 127.0.0.1/15004] INFO  rpc.RpcClient (RpcClient.java:createVolume(476)) - Creating Volume: dac414c2-0d59-41f6-9f9b-c7291086dfc4, with runner as owner and space quota set to -1 bytes, counts quota set to -1
2023-05-17 09:10:01,574 [OM StateMachine ApplyTransaction Thread - 0] INFO  volume.OMVolumeCreateRequest (OMVolumeCreateRequest.java:validateAndUpdateCache(196)) - created volume:dac414c2-0d59-41f6-9f9b-c7291086dfc4 for user:runner
2023-05-17 09:10:01,576 [Listener at 127.0.0.1/15004] INFO  rpc.RpcClient (RpcClient.java:createBucket(698)) - Creating Bucket: dac414c2-0d59-41f6-9f9b-c7291086dfc4/af4bc8f7-1485-48c1-9c43-0fe7031c5106, with bucket layout OBJECT_STORE, runner as owner, Versioning false, Storage Type set to DISK and Encryption set to false, Replication Type set to server-side default replication type, Namespace Quota set to -1, Space Quota set to -1 
2023-05-17 09:10:01,577 [OM StateMachine ApplyTransaction Thread - 0] INFO  bucket.OMBucketCreateRequest (OMBucketCreateRequest.java:validateAndUpdateCache(270)) - created bucket: af4bc8f7-1485-48c1-9c43-0fe7031c5106 of layout OBJECT_STORE in volume: dac414c2-0d59-41f6-9f9b-c7291086dfc4
2023-05-17 09:10:01,597 [IPC Server handler 10 on default port 15001] WARN  node.SCMNodeManager (SCMNodeManager.java:getNodesByAddress(1372)) - Cannot find node for address 127.0.0.1
2023-05-17 09:10:01,602 [IPC Server handler 5 on default port 15001] WARN  node.SCMNodeManager (SCMNodeManager.java:getNodesByAddress(1372)) - Cannot find node for address 127.0.0.1
2023-05-17 09:10:01,636 [IPC Server handler 7 on default port 15001] WARN  node.SCMNodeManager (SCMNodeManager.java:getNodesByAddress(1372)) - Cannot find node for address 127.0.0.1
2023-05-17 09:10:01,640 [IPC Server handler 14 on default port 15001] WARN  node.SCMNodeManager (SCMNodeManager.java:getNodesByAddress(1372)) - Cannot find node for address 127.0.0.1
2023-05-17 09:10:01,644 [BlockDeletingService#0] INFO  interfaces.ContainerDeletionChoosingPolicyTemplate (ContainerDeletionChoosingPolicyTemplate.java:chooseContainerForBlockDeletion(83)) - Chosen 0/5000 blocks from 0 candidate containers.
2023-05-17 09:10:01,652 [BlockDeletingService#0] INFO  interfaces.ContainerDeletionChoosingPolicyTemplate (ContainerDeletionChoosingPolicyTemplate.java:chooseContainerForBlockDeletion(83)) - Chosen 0/5000 blocks from 0 candidate containers.
2023-05-17 09:10:01,700 [IPC Server handler 1 on default port 15001] WARN  node.SCMNodeManager (SCMNodeManager.java:getNodesByAddress(1372)) - Cannot find node for address 127.0.0.1
2023-05-17 09:10:01,704 [IPC Server handler 12 on default port 15001] WARN  node.SCMNodeManager (SCMNodeManager.java:getNodesByAddress(1372)) - Cannot find node for address 127.0.0.1
2023-05-17 09:10:01,760 [IPC Server handler 4 on default port 15001] WARN  node.SCMNodeManager (SCMNodeManager.java:getNodesByAddress(1372)) - Cannot find node for address 127.0.0.1
2023-05-17 09:10:01,764 [IPC Server handler 0 on default port 15001] WARN  node.SCMNodeManager (SCMNodeManager.java:getNodesByAddress(1372)) - Cannot find node for address 127.0.0.1
2023-05-17 09:10:01,796 [IPC Server handler 16 on default port 15001] WARN  node.SCMNodeManager (SCMNodeManager.java:getNodesByAddress(1372)) - Cannot find node for address 127.0.0.1
2023-05-17 09:10:01,799 [IPC Server handler 19 on default port 15001] WARN  node.SCMNodeManager (SCMNodeManager.java:getNodesByAddress(1372)) - Cannot find node for address 127.0.0.1
2023-05-17 09:10:01,830 [IPC Server handler 9 on default port 15001] WARN  node.SCMNodeManager (SCMNodeManager.java:getNodesByAddress(1372)) - Cannot find node for address 127.0.0.1
2023-05-17 09:10:01,833 [IPC Server handler 10 on default port 15001] WARN  node.SCMNodeManager (SCMNodeManager.java:getNodesByAddress(1372)) - Cannot find node for address 127.0.0.1
2023-05-17 09:10:01,858 [IPC Server handler 11 on default port 15001] WARN  node.SCMNodeManager (SCMNodeManager.java:getNodesByAddress(1372)) - Cannot find node for address 127.0.0.1
2023-05-17 09:10:01,862 [IPC Server handler 17 on default port 15001] WARN  node.SCMNodeManager (SCMNodeManager.java:getNodesByAddress(1372)) - Cannot find node for address 127.0.0.1
2023-05-17 09:10:01,909 [IPC Server handler 3 on default port 15001] WARN  node.SCMNodeManager (SCMNodeManager.java:getNodesByAddress(1372)) - Cannot find node for address 127.0.0.1
2023-05-17 09:10:01,913 [IPC Server handler 2 on default port 15001] WARN  node.SCMNodeManager (SCMNodeManager.java:getNodesByAddress(1372)) - Cannot find node for address 127.0.0.1
2023-05-17 09:10:01,948 [IPC Server handler 14 on default port 15001] WARN  node.SCMNodeManager (SCMNodeManager.java:getNodesByAddress(1372)) - Cannot find node for address 127.0.0.1
2023-05-17 09:10:01,952 [IPC Server handler 18 on default port 15001] WARN  node.SCMNodeManager (SCMNodeManager.java:getNodesByAddress(1372)) - Cannot find node for address 127.0.0.1
2023-05-17 09:10:01,977 [BlockDeletingService#0] INFO  interfaces.ContainerDeletionChoosingPolicyTemplate (ContainerDeletionChoosingPolicyTemplate.java:chooseContainerForBlockDeletion(83)) - Chosen 0/5000 blocks from 0 candidate containers.
2023-05-17 09:10:01,978 [IPC Server handler 12 on default port 15001] WARN  node.SCMNodeManager (SCMNodeManager.java:getNodesByAddress(1372)) - Cannot find node for address 127.0.0.1
2023-05-17 09:10:01,983 [IPC Server handler 8 on default port 15001] WARN  node.SCMNodeManager (SCMNodeManager.java:getNodesByAddress(1372)) - Cannot find node for address 127.0.0.1
2023-05-17 09:10:01,992 [Listener at 127.0.0.1/15004] INFO  rpc.RpcClient (RpcClient.java:createVolume(476)) - Creating Volume: 28e11e85-1260-4620-b119-979ae5bf717c, with runner as owner and space quota set to -1 bytes, counts quota set to -1
2023-05-17 09:10:01,994 [OM StateMachine ApplyTransaction Thread - 0] INFO  volume.OMVolumeCreateRequest (OMVolumeCreateRequest.java:validateAndUpdateCache(196)) - created volume:28e11e85-1260-4620-b119-979ae5bf717c for user:runner
2023-05-17 09:10:01,996 [Listener at 127.0.0.1/15004] INFO  rpc.RpcClient (RpcClient.java:createBucket(698)) - Creating Bucket: 28e11e85-1260-4620-b119-979ae5bf717c/6dfa2de4-112d-43df-b2ab-f3e6d922fc76, with bucket layout FILE_SYSTEM_OPTIMIZED, runner as owner, Versioning false, Storage Type set to DISK and Encryption set to false, Replication Type set to server-side default replication type, Namespace Quota set to -1, Space Quota set to -1 
2023-05-17 09:10:01,997 [OM StateMachine ApplyTransaction Thread - 0] INFO  bucket.OMBucketCreateRequest (OMBucketCreateRequest.java:validateAndUpdateCache(270)) - created bucket: 6dfa2de4-112d-43df-b2ab-f3e6d922fc76 of layout FILE_SYSTEM_OPTIMIZED in volume: 28e11e85-1260-4620-b119-979ae5bf717c
2023-05-17 09:10:02,016 [IPC Server handler 0 on default port 15001] WARN  node.SCMNodeManager (SCMNodeManager.java:getNodesByAddress(1372)) - Cannot find node for address 127.0.0.1
2023-05-17 09:10:02,020 [IPC Server handler 15 on default port 15001] WARN  node.SCMNodeManager (SCMNodeManager.java:getNodesByAddress(1372)) - Cannot find node for address 127.0.0.1
2023-05-17 09:10:02,074 [IPC Server handler 19 on default port 15001] WARN  node.SCMNodeManager (SCMNodeManager.java:getNodesByAddress(1372)) - Cannot find node for address 127.0.0.1
2023-05-17 09:10:02,077 [IPC Server handler 13 on default port 15001] WARN  node.SCMNodeManager (SCMNodeManager.java:getNodesByAddress(1372)) - Cannot find node for address 127.0.0.1
2023-05-17 09:10:02,115 [IPC Server handler 10 on default port 15001] WARN  node.SCMNodeManager (SCMNodeManager.java:getNodesByAddress(1372)) - Cannot find node for address 127.0.0.1
2023-05-17 09:10:02,119 [IPC Server handler 5 on default port 15001] WARN  node.SCMNodeManager (SCMNodeManager.java:getNodesByAddress(1372)) - Cannot find node for address 127.0.0.1
2023-05-17 09:10:02,148 [IPC Server handler 17 on default port 15001] WARN  node.SCMNodeManager (SCMNodeManager.java:getNodesByAddress(1372)) - Cannot find node for address 127.0.0.1
2023-05-17 09:10:02,152 [IPC Server handler 6 on default port 15001] WARN  node.SCMNodeManager (SCMNodeManager.java:getNodesByAddress(1372)) - Cannot find node for address 127.0.0.1
2023-05-17 09:10:02,182 [IPC Server handler 2 on default port 15001] WARN  node.SCMNodeManager (SCMNodeManager.java:getNodesByAddress(1372)) - Cannot find node for address 127.0.0.1
2023-05-17 09:10:02,187 [IPC Server handler 7 on default port 15001] WARN  node.SCMNodeManager (SCMNodeManager.java:getNodesByAddress(1372)) - Cannot find node for address 127.0.0.1
2023-05-17 09:10:02,215 [IPC Server handler 18 on default port 15001] WARN  node.SCMNodeManager (SCMNodeManager.java:getNodesByAddress(1372)) - Cannot find node for address 127.0.0.1
2023-05-17 09:10:02,219 [IPC Server handler 1 on default port 15001] WARN  node.SCMNodeManager (SCMNodeManager.java:getNodesByAddress(1372)) - Cannot find node for address 127.0.0.1
2023-05-17 09:10:02,246 [IPC Server handler 8 on default port 15001] WARN  node.SCMNodeManager (SCMNodeManager.java:getNodesByAddress(1372)) - Cannot find node for address 127.0.0.1
2023-05-17 09:10:02,250 [IPC Server handler 4 on default port 15001] WARN  node.SCMNodeManager (SCMNodeManager.java:getNodesByAddress(1372)) - Cannot find node for address 127.0.0.1
2023-05-17 09:10:02,266 [BlockDeletingService#0] INFO  interfaces.ContainerDeletionChoosingPolicyTemplate (ContainerDeletionChoosingPolicyTemplate.java:chooseContainerForBlockDeletion(83)) - Chosen 0/5000 blocks from 0 candidate containers.
2023-05-17 09:10:02,277 [IPC Server handler 15 on default port 15001] WARN  node.SCMNodeManager (SCMNodeManager.java:getNodesByAddress(1372)) - Cannot find node for address 127.0.0.1
2023-05-17 09:10:02,282 [IPC Server handler 16 on default port 15001] WARN  node.SCMNodeManager (SCMNodeManager.java:getNodesByAddress(1372)) - Cannot find node for address 127.0.0.1
2023-05-17 09:10:02,311 [IPC Server handler 13 on default port 15001] WARN  node.SCMNodeManager (SCMNodeManager.java:getNodesByAddress(1372)) - Cannot find node for address 127.0.0.1
2023-05-17 09:10:02,315 [IPC Server handler 9 on default port 15001] WARN  node.SCMNodeManager (SCMNodeManager.java:getNodesByAddress(1372)) - Cannot find node for address 127.0.0.1
2023-05-17 09:10:02,349 [IPC Server handler 5 on default port 15001] WARN  node.SCMNodeManager (SCMNodeManager.java:getNodesByAddress(1372)) - Cannot find node for address 127.0.0.1
2023-05-17 09:10:02,353 [IPC Server handler 11 on default port 15001] WARN  node.SCMNodeManager (SCMNodeManager.java:getNodesByAddress(1372)) - Cannot find node for address 127.0.0.1
]]></system-out>
  </testcase>
  <testcase name="testPutKeyWithReplicationConfig(String, boolean)[1]" classname="org.apache.hadoop.ozone.client.rpc.TestSecureOzoneRpcClient" time="0.013">
    <system-out><![CDATA[2023-05-17 09:10:02,414 [Listener at 127.0.0.1/15004] INFO  rpc.RpcClient (RpcClient.java:createVolume(476)) - Creating Volume: c051804b-034f-4561-a7d1-7bf6027d815e, with runner as owner and space quota set to -1 bytes, counts quota set to -1
2023-05-17 09:10:02,416 [OM StateMachine ApplyTransaction Thread - 0] INFO  volume.OMVolumeCreateRequest (OMVolumeCreateRequest.java:validateAndUpdateCache(196)) - created volume:c051804b-034f-4561-a7d1-7bf6027d815e for user:runner
2023-05-17 09:10:02,419 [Listener at 127.0.0.1/15004] INFO  rpc.RpcClient (RpcClient.java:createBucket(698)) - Creating Bucket: c051804b-034f-4561-a7d1-7bf6027d815e/711299c5-daea-4f07-b8a5-9e38f2150dff, with server-side default bucket layout, runner as owner, Versioning false, Storage Type set to DISK and Encryption set to false, Replication Type set to server-side default replication type, Namespace Quota set to -1, Space Quota set to -1 
2023-05-17 09:10:02,421 [OM StateMachine ApplyTransaction Thread - 0] INFO  bucket.OMBucketCreateRequest (OMBucketCreateRequest.java:validateAndUpdateCache(270)) - created bucket: 711299c5-daea-4f07-b8a5-9e38f2150dff of layout OBJECT_STORE in volume: c051804b-034f-4561-a7d1-7bf6027d815e
]]></system-out>
  </testcase>
  <testcase name="testPutKeyWithReplicationConfig(String, boolean)[2]" classname="org.apache.hadoop.ozone.client.rpc.TestSecureOzoneRpcClient" time="0.008">
    <system-out><![CDATA[2023-05-17 09:10:02,430 [Listener at 127.0.0.1/15004] INFO  rpc.RpcClient (RpcClient.java:createVolume(476)) - Creating Volume: 98c8945f-d3c0-4b71-8ef4-f48c1109325d, with runner as owner and space quota set to -1 bytes, counts quota set to -1
2023-05-17 09:10:02,432 [OM StateMachine ApplyTransaction Thread - 0] INFO  volume.OMVolumeCreateRequest (OMVolumeCreateRequest.java:validateAndUpdateCache(196)) - created volume:98c8945f-d3c0-4b71-8ef4-f48c1109325d for user:runner
2023-05-17 09:10:02,434 [Listener at 127.0.0.1/15004] INFO  rpc.RpcClient (RpcClient.java:createBucket(698)) - Creating Bucket: 98c8945f-d3c0-4b71-8ef4-f48c1109325d/8ee96ef0-9fd2-4d66-8a9b-4c0fe46595e7, with server-side default bucket layout, runner as owner, Versioning false, Storage Type set to DISK and Encryption set to false, Replication Type set to server-side default replication type, Namespace Quota set to -1, Space Quota set to -1 
2023-05-17 09:10:02,436 [OM StateMachine ApplyTransaction Thread - 0] INFO  bucket.OMBucketCreateRequest (OMBucketCreateRequest.java:validateAndUpdateCache(270)) - created bucket: 8ee96ef0-9fd2-4d66-8a9b-4c0fe46595e7 of layout OBJECT_STORE in volume: 98c8945f-d3c0-4b71-8ef4-f48c1109325d
]]></system-out>
  </testcase>
  <testcase name="testPutKeyWithReplicationConfig(String, boolean)[3]" classname="org.apache.hadoop.ozone.client.rpc.TestSecureOzoneRpcClient" time="0.115">
    <system-out><![CDATA[2023-05-17 09:10:02,441 [Listener at 127.0.0.1/15004] INFO  rpc.RpcClient (RpcClient.java:createVolume(476)) - Creating Volume: 0c428bec-f395-4cec-8dbb-4d6c3faabb06, with runner as owner and space quota set to -1 bytes, counts quota set to -1
2023-05-17 09:10:02,444 [OM StateMachine ApplyTransaction Thread - 0] INFO  volume.OMVolumeCreateRequest (OMVolumeCreateRequest.java:validateAndUpdateCache(196)) - created volume:0c428bec-f395-4cec-8dbb-4d6c3faabb06 for user:runner
2023-05-17 09:10:02,445 [Listener at 127.0.0.1/15004] INFO  rpc.RpcClient (RpcClient.java:createBucket(698)) - Creating Bucket: 0c428bec-f395-4cec-8dbb-4d6c3faabb06/0c550f9f-e97e-4417-b9d5-def17be2db15, with server-side default bucket layout, runner as owner, Versioning false, Storage Type set to DISK and Encryption set to false, Replication Type set to server-side default replication type, Namespace Quota set to -1, Space Quota set to -1 
2023-05-17 09:10:02,447 [OM StateMachine ApplyTransaction Thread - 0] INFO  bucket.OMBucketCreateRequest (OMBucketCreateRequest.java:validateAndUpdateCache(270)) - created bucket: 0c550f9f-e97e-4417-b9d5-def17be2db15 of layout OBJECT_STORE in volume: 0c428bec-f395-4cec-8dbb-4d6c3faabb06
2023-05-17 09:10:02,537 [IPC Server handler 6 on default port 15001] WARN  node.SCMNodeManager (SCMNodeManager.java:getNodesByAddress(1372)) - Cannot find node for address 127.0.0.1
2023-05-17 09:10:02,543 [IPC Server handler 3 on default port 15001] WARN  node.SCMNodeManager (SCMNodeManager.java:getNodesByAddress(1372)) - Cannot find node for address 127.0.0.1
]]></system-out>
  </testcase>
  <testcase name="testPutKeyWithReplicationConfig(String, boolean)[4]" classname="org.apache.hadoop.ozone.client.rpc.TestSecureOzoneRpcClient" time="0.172">
    <system-out><![CDATA[2023-05-17 09:10:02,555 [Listener at 127.0.0.1/15004] INFO  rpc.RpcClient (RpcClient.java:createVolume(476)) - Creating Volume: 7a8e98ee-9ae4-4e0c-8d02-ce9d39824d84, with runner as owner and space quota set to -1 bytes, counts quota set to -1
2023-05-17 09:10:02,558 [OM StateMachine ApplyTransaction Thread - 0] INFO  volume.OMVolumeCreateRequest (OMVolumeCreateRequest.java:validateAndUpdateCache(196)) - created volume:7a8e98ee-9ae4-4e0c-8d02-ce9d39824d84 for user:runner
2023-05-17 09:10:02,559 [Listener at 127.0.0.1/15004] INFO  rpc.RpcClient (RpcClient.java:createBucket(698)) - Creating Bucket: 7a8e98ee-9ae4-4e0c-8d02-ce9d39824d84/c13973f6-9a08-463b-889f-9e6fb8b75a7a, with server-side default bucket layout, runner as owner, Versioning false, Storage Type set to DISK and Encryption set to false, Replication Type set to server-side default replication type, Namespace Quota set to -1, Space Quota set to -1 
2023-05-17 09:10:02,561 [OM StateMachine ApplyTransaction Thread - 0] INFO  bucket.OMBucketCreateRequest (OMBucketCreateRequest.java:validateAndUpdateCache(270)) - created bucket: c13973f6-9a08-463b-889f-9e6fb8b75a7a of layout OBJECT_STORE in volume: 7a8e98ee-9ae4-4e0c-8d02-ce9d39824d84
2023-05-17 09:10:02,564 [IPC Server handler 2 on default port 15001] INFO  pipeline.PipelineStateManagerImpl (PipelineStateManagerImpl.java:addPipeline(103)) - Created pipeline Pipeline[ Id: a5424cfb-f8b1-42ee-9b0a-9ea930b5430d, Nodes: b2525f4f-bdf5-4dd0-b826-cbccdc8ecebe(fv-az41-747.zje5jq5y5x4uznwvdkgxk4wc2h.cx.internal.cloudapp.net/10.1.0.64)8889e818-58f8-49f9-ac5f-461eb7b79d1e(fv-az41-747.zje5jq5y5x4uznwvdkgxk4wc2h.cx.internal.cloudapp.net/10.1.0.64)5b9af961-56be-4fa8-844e-3cefe1429416(fv-az41-747.zje5jq5y5x4uznwvdkgxk4wc2h.cx.internal.cloudapp.net/10.1.0.64)bcbacd9a-ca93-42dd-bb1e-f9c21d91cd60(fv-az41-747.zje5jq5y5x4uznwvdkgxk4wc2h.cx.internal.cloudapp.net/10.1.0.64)57ed5fd8-a62b-44c8-9c66-83b6d5ca8b16(fv-az41-747.zje5jq5y5x4uznwvdkgxk4wc2h.cx.internal.cloudapp.net/10.1.0.64)b2b5d537-374d-472d-b9f1-d9543cb70a6b(fv-az41-747.zje5jq5y5x4uznwvdkgxk4wc2h.cx.internal.cloudapp.net/10.1.0.64)5b11b4e3-e601-4d3f-be34-f92c0e1a86f6(fv-az41-747.zje5jq5y5x4uznwvdkgxk4wc2h.cx.internal.cloudapp.net/10.1.0.64)a82ad0ea-641b-4ac2-b933-a1a26b5fe742(fv-az41-747.zje5jq5y5x4uznwvdkgxk4wc2h.cx.internal.cloudapp.net/10.1.0.64)f1b6f36b-e7af-48b8-b739-38f78676889c(fv-az41-747.zje5jq5y5x4uznwvdkgxk4wc2h.cx.internal.cloudapp.net/10.1.0.64), ReplicationConfig: EC{rs-6-3-1024k}, State:ALLOCATED, leaderId:, CreationTimestamp2023-05-17T09:10:02.563Z[Etc/UTC]].
2023-05-17 09:10:02,564 [IPC Server handler 2 on default port 15001] INFO  pipeline.PipelineManagerImpl (PipelineManagerImpl.java:openPipeline(367)) - Pipeline Pipeline[ Id: a5424cfb-f8b1-42ee-9b0a-9ea930b5430d, Nodes: b2525f4f-bdf5-4dd0-b826-cbccdc8ecebe(fv-az41-747.zje5jq5y5x4uznwvdkgxk4wc2h.cx.internal.cloudapp.net/10.1.0.64)8889e818-58f8-49f9-ac5f-461eb7b79d1e(fv-az41-747.zje5jq5y5x4uznwvdkgxk4wc2h.cx.internal.cloudapp.net/10.1.0.64)5b9af961-56be-4fa8-844e-3cefe1429416(fv-az41-747.zje5jq5y5x4uznwvdkgxk4wc2h.cx.internal.cloudapp.net/10.1.0.64)bcbacd9a-ca93-42dd-bb1e-f9c21d91cd60(fv-az41-747.zje5jq5y5x4uznwvdkgxk4wc2h.cx.internal.cloudapp.net/10.1.0.64)57ed5fd8-a62b-44c8-9c66-83b6d5ca8b16(fv-az41-747.zje5jq5y5x4uznwvdkgxk4wc2h.cx.internal.cloudapp.net/10.1.0.64)b2b5d537-374d-472d-b9f1-d9543cb70a6b(fv-az41-747.zje5jq5y5x4uznwvdkgxk4wc2h.cx.internal.cloudapp.net/10.1.0.64)5b11b4e3-e601-4d3f-be34-f92c0e1a86f6(fv-az41-747.zje5jq5y5x4uznwvdkgxk4wc2h.cx.internal.cloudapp.net/10.1.0.64)a82ad0ea-641b-4ac2-b933-a1a26b5fe742(fv-az41-747.zje5jq5y5x4uznwvdkgxk4wc2h.cx.internal.cloudapp.net/10.1.0.64)f1b6f36b-e7af-48b8-b739-38f78676889c(fv-az41-747.zje5jq5y5x4uznwvdkgxk4wc2h.cx.internal.cloudapp.net/10.1.0.64), ReplicationConfig: EC{rs-6-3-1024k}, State:ALLOCATED, leaderId:, CreationTimestamp2023-05-17T09:10:02.563Z[Etc/UTC]] moved to OPEN state
2023-05-17 09:10:02,625 [BlockDeletingService#0] INFO  interfaces.ContainerDeletionChoosingPolicyTemplate (ContainerDeletionChoosingPolicyTemplate.java:chooseContainerForBlockDeletion(83)) - Chosen 0/5000 blocks from 0 candidate containers.
2023-05-17 09:10:02,716 [IPC Server handler 7 on default port 15001] WARN  node.SCMNodeManager (SCMNodeManager.java:getNodesByAddress(1372)) - Cannot find node for address 127.0.0.1
2023-05-17 09:10:02,720 [IPC Server handler 14 on default port 15001] WARN  node.SCMNodeManager (SCMNodeManager.java:getNodesByAddress(1372)) - Cannot find node for address 127.0.0.1
]]></system-out>
  </testcase>
  <testcase name="testPutKeyWithReplicationConfig(String, boolean)[5]" classname="org.apache.hadoop.ozone.client.rpc.TestSecureOzoneRpcClient" time="0.191">
    <system-out><![CDATA[2023-05-17 09:10:02,728 [Listener at 127.0.0.1/15004] INFO  rpc.RpcClient (RpcClient.java:createVolume(476)) - Creating Volume: acf38e70-243e-4ebd-992b-19f860e47f6f, with runner as owner and space quota set to -1 bytes, counts quota set to -1
2023-05-17 09:10:02,730 [OM StateMachine ApplyTransaction Thread - 0] INFO  volume.OMVolumeCreateRequest (OMVolumeCreateRequest.java:validateAndUpdateCache(196)) - created volume:acf38e70-243e-4ebd-992b-19f860e47f6f for user:runner
2023-05-17 09:10:02,733 [Listener at 127.0.0.1/15004] INFO  rpc.RpcClient (RpcClient.java:createBucket(698)) - Creating Bucket: acf38e70-243e-4ebd-992b-19f860e47f6f/d9329863-50b3-4cb1-af18-e0e4951ede61, with server-side default bucket layout, runner as owner, Versioning false, Storage Type set to DISK and Encryption set to false, Replication Type set to server-side default replication type, Namespace Quota set to -1, Space Quota set to -1 
2023-05-17 09:10:02,734 [OM StateMachine ApplyTransaction Thread - 0] INFO  bucket.OMBucketCreateRequest (OMBucketCreateRequest.java:validateAndUpdateCache(270)) - created bucket: d9329863-50b3-4cb1-af18-e0e4951ede61 of layout OBJECT_STORE in volume: acf38e70-243e-4ebd-992b-19f860e47f6f
2023-05-17 09:10:02,738 [IPC Server handler 18 on default port 15001] INFO  pipeline.PipelineStateManagerImpl (PipelineStateManagerImpl.java:addPipeline(103)) - Created pipeline Pipeline[ Id: ccc2ea84-2016-47e2-8927-86ff24760fc0, Nodes: 4ea9b805-d843-4364-8f91-0c3c20e3ed71(fv-az41-747.zje5jq5y5x4uznwvdkgxk4wc2h.cx.internal.cloudapp.net/10.1.0.64)b2b5d537-374d-472d-b9f1-d9543cb70a6b(fv-az41-747.zje5jq5y5x4uznwvdkgxk4wc2h.cx.internal.cloudapp.net/10.1.0.64)57ed5fd8-a62b-44c8-9c66-83b6d5ca8b16(fv-az41-747.zje5jq5y5x4uznwvdkgxk4wc2h.cx.internal.cloudapp.net/10.1.0.64)8889e818-58f8-49f9-ac5f-461eb7b79d1e(fv-az41-747.zje5jq5y5x4uznwvdkgxk4wc2h.cx.internal.cloudapp.net/10.1.0.64)b98521b2-5644-4aab-8244-d2e66a88cd45(fv-az41-747.zje5jq5y5x4uznwvdkgxk4wc2h.cx.internal.cloudapp.net/10.1.0.64)84eda2eb-aea9-437c-8414-760cea80ce07(fv-az41-747.zje5jq5y5x4uznwvdkgxk4wc2h.cx.internal.cloudapp.net/10.1.0.64)a82ad0ea-641b-4ac2-b933-a1a26b5fe742(fv-az41-747.zje5jq5y5x4uznwvdkgxk4wc2h.cx.internal.cloudapp.net/10.1.0.64)b2525f4f-bdf5-4dd0-b826-cbccdc8ecebe(fv-az41-747.zje5jq5y5x4uznwvdkgxk4wc2h.cx.internal.cloudapp.net/10.1.0.64)5b9fa8c3-08c3-43f9-b175-3119fbbe3900(fv-az41-747.zje5jq5y5x4uznwvdkgxk4wc2h.cx.internal.cloudapp.net/10.1.0.64)67f04e2a-34cd-4ea0-b74b-c8cb5d6f4ea5(fv-az41-747.zje5jq5y5x4uznwvdkgxk4wc2h.cx.internal.cloudapp.net/10.1.0.64)5b11b4e3-e601-4d3f-be34-f92c0e1a86f6(fv-az41-747.zje5jq5y5x4uznwvdkgxk4wc2h.cx.internal.cloudapp.net/10.1.0.64)f1b6f36b-e7af-48b8-b739-38f78676889c(fv-az41-747.zje5jq5y5x4uznwvdkgxk4wc2h.cx.internal.cloudapp.net/10.1.0.64)5b9af961-56be-4fa8-844e-3cefe1429416(fv-az41-747.zje5jq5y5x4uznwvdkgxk4wc2h.cx.internal.cloudapp.net/10.1.0.64)bcbacd9a-ca93-42dd-bb1e-f9c21d91cd60(fv-az41-747.zje5jq5y5x4uznwvdkgxk4wc2h.cx.internal.cloudapp.net/10.1.0.64), ReplicationConfig: EC{rs-10-4-1024k}, State:ALLOCATED, leaderId:, CreationTimestamp2023-05-17T09:10:02.738Z[Etc/UTC]].
2023-05-17 09:10:02,739 [IPC Server handler 18 on default port 15001] INFO  pipeline.PipelineManagerImpl (PipelineManagerImpl.java:openPipeline(367)) - Pipeline Pipeline[ Id: ccc2ea84-2016-47e2-8927-86ff24760fc0, Nodes: 4ea9b805-d843-4364-8f91-0c3c20e3ed71(fv-az41-747.zje5jq5y5x4uznwvdkgxk4wc2h.cx.internal.cloudapp.net/10.1.0.64)b2b5d537-374d-472d-b9f1-d9543cb70a6b(fv-az41-747.zje5jq5y5x4uznwvdkgxk4wc2h.cx.internal.cloudapp.net/10.1.0.64)57ed5fd8-a62b-44c8-9c66-83b6d5ca8b16(fv-az41-747.zje5jq5y5x4uznwvdkgxk4wc2h.cx.internal.cloudapp.net/10.1.0.64)8889e818-58f8-49f9-ac5f-461eb7b79d1e(fv-az41-747.zje5jq5y5x4uznwvdkgxk4wc2h.cx.internal.cloudapp.net/10.1.0.64)b98521b2-5644-4aab-8244-d2e66a88cd45(fv-az41-747.zje5jq5y5x4uznwvdkgxk4wc2h.cx.internal.cloudapp.net/10.1.0.64)84eda2eb-aea9-437c-8414-760cea80ce07(fv-az41-747.zje5jq5y5x4uznwvdkgxk4wc2h.cx.internal.cloudapp.net/10.1.0.64)a82ad0ea-641b-4ac2-b933-a1a26b5fe742(fv-az41-747.zje5jq5y5x4uznwvdkgxk4wc2h.cx.internal.cloudapp.net/10.1.0.64)b2525f4f-bdf5-4dd0-b826-cbccdc8ecebe(fv-az41-747.zje5jq5y5x4uznwvdkgxk4wc2h.cx.internal.cloudapp.net/10.1.0.64)5b9fa8c3-08c3-43f9-b175-3119fbbe3900(fv-az41-747.zje5jq5y5x4uznwvdkgxk4wc2h.cx.internal.cloudapp.net/10.1.0.64)67f04e2a-34cd-4ea0-b74b-c8cb5d6f4ea5(fv-az41-747.zje5jq5y5x4uznwvdkgxk4wc2h.cx.internal.cloudapp.net/10.1.0.64)5b11b4e3-e601-4d3f-be34-f92c0e1a86f6(fv-az41-747.zje5jq5y5x4uznwvdkgxk4wc2h.cx.internal.cloudapp.net/10.1.0.64)f1b6f36b-e7af-48b8-b739-38f78676889c(fv-az41-747.zje5jq5y5x4uznwvdkgxk4wc2h.cx.internal.cloudapp.net/10.1.0.64)5b9af961-56be-4fa8-844e-3cefe1429416(fv-az41-747.zje5jq5y5x4uznwvdkgxk4wc2h.cx.internal.cloudapp.net/10.1.0.64)bcbacd9a-ca93-42dd-bb1e-f9c21d91cd60(fv-az41-747.zje5jq5y5x4uznwvdkgxk4wc2h.cx.internal.cloudapp.net/10.1.0.64), ReplicationConfig: EC{rs-10-4-1024k}, State:ALLOCATED, leaderId:, CreationTimestamp2023-05-17T09:10:02.738Z[Etc/UTC]] moved to OPEN state
2023-05-17 09:10:02,890 [BlockDeletingService#0] INFO  interfaces.ContainerDeletionChoosingPolicyTemplate (ContainerDeletionChoosingPolicyTemplate.java:chooseContainerForBlockDeletion(83)) - Chosen 0/5000 blocks from 0 candidate containers.
2023-05-17 09:10:02,906 [IPC Server handler 1 on default port 15001] WARN  node.SCMNodeManager (SCMNodeManager.java:getNodesByAddress(1372)) - Cannot find node for address 127.0.0.1
2023-05-17 09:10:02,910 [IPC Server handler 12 on default port 15001] WARN  node.SCMNodeManager (SCMNodeManager.java:getNodesByAddress(1372)) - Cannot find node for address 127.0.0.1
]]></system-out>
  </testcase>
  <testcase name="testReadKeyWithCorruptedData" classname="org.apache.hadoop.ozone.client.rpc.TestSecureOzoneRpcClient" time="0.059">
    <system-out><![CDATA[2023-05-17 09:10:02,920 [Listener at 127.0.0.1/15004] INFO  rpc.RpcClient (RpcClient.java:createVolume(476)) - Creating Volume: 50781163-349e-428d-960d-6e954bdd26ff, with runner as owner and space quota set to -1 bytes, counts quota set to -1
2023-05-17 09:10:02,924 [OM StateMachine ApplyTransaction Thread - 0] INFO  volume.OMVolumeCreateRequest (OMVolumeCreateRequest.java:validateAndUpdateCache(196)) - created volume:50781163-349e-428d-960d-6e954bdd26ff for user:runner
2023-05-17 09:10:02,926 [Listener at 127.0.0.1/15004] INFO  rpc.RpcClient (RpcClient.java:createBucket(698)) - Creating Bucket: 50781163-349e-428d-960d-6e954bdd26ff/637f2718-3e94-4d7f-b272-a2d5834764e9, with server-side default bucket layout, runner as owner, Versioning false, Storage Type set to DISK and Encryption set to false, Replication Type set to server-side default replication type, Namespace Quota set to -1, Space Quota set to -1 
2023-05-17 09:10:02,928 [OM StateMachine ApplyTransaction Thread - 0] INFO  bucket.OMBucketCreateRequest (OMBucketCreateRequest.java:validateAndUpdateCache(270)) - created bucket: 637f2718-3e94-4d7f-b272-a2d5834764e9 of layout OBJECT_STORE in volume: 50781163-349e-428d-960d-6e954bdd26ff
2023-05-17 09:10:02,946 [IPC Server handler 4 on default port 15001] WARN  node.SCMNodeManager (SCMNodeManager.java:getNodesByAddress(1372)) - Cannot find node for address 127.0.0.1
2023-05-17 09:10:02,968 [IPC Server handler 0 on default port 15001] WARN  node.SCMNodeManager (SCMNodeManager.java:getNodesByAddress(1372)) - Cannot find node for address 127.0.0.1
2023-05-17 09:10:02,973 [Listener at 127.0.0.1/15004] ERROR scm.XceiverClientGrpc (XceiverClientGrpc.java:sendCommandWithRetry(453)) - Failed to execute command ReadChunk on the pipeline Pipeline[ Id: 4171af09-b793-421d-adf6-3dc33ab96aa1, Nodes: 84eda2eb-aea9-437c-8414-760cea80ce07(fv-az41-747.zje5jq5y5x4uznwvdkgxk4wc2h.cx.internal.cloudapp.net/10.1.0.64), ReplicationConfig: STANDALONE/ONE, State:OPEN, leaderId:84eda2eb-aea9-437c-8414-760cea80ce07, CreationTimestamp2023-05-17T09:09:07.730Z[Etc/UTC]].
2023-05-17 09:10:02,976 [Listener at 127.0.0.1/15004] ERROR scm.XceiverClientGrpc (XceiverClientGrpc.java:sendCommandWithRetry(453)) - Failed to execute command ReadChunk on the pipeline Pipeline[ Id: 4171af09-b793-421d-adf6-3dc33ab96aa1, Nodes: 84eda2eb-aea9-437c-8414-760cea80ce07(fv-az41-747.zje5jq5y5x4uznwvdkgxk4wc2h.cx.internal.cloudapp.net/10.1.0.64), ReplicationConfig: STANDALONE/ONE, State:OPEN, leaderId:84eda2eb-aea9-437c-8414-760cea80ce07, CreationTimestamp2023-05-17T09:09:07.730Z[Etc/UTC]].
2023-05-17 09:10:02,978 [Listener at 127.0.0.1/15004] ERROR scm.XceiverClientGrpc (XceiverClientGrpc.java:sendCommandWithRetry(453)) - Failed to execute command ReadChunk on the pipeline Pipeline[ Id: 4171af09-b793-421d-adf6-3dc33ab96aa1, Nodes: 84eda2eb-aea9-437c-8414-760cea80ce07(fv-az41-747.zje5jq5y5x4uznwvdkgxk4wc2h.cx.internal.cloudapp.net/10.1.0.64), ReplicationConfig: STANDALONE/ONE, State:OPEN, leaderId:84eda2eb-aea9-437c-8414-760cea80ce07, CreationTimestamp2023-05-17T09:09:07.730Z[Etc/UTC]].
]]></system-out>
  </testcase>
  <testcase name="testReadKeyWithCorruptedDataWithMutiNodes" classname="org.apache.hadoop.ozone.client.rpc.TestSecureOzoneRpcClient" time="0.167">
    <system-out><![CDATA[2023-05-17 09:10:02,979 [Listener at 127.0.0.1/15004] INFO  rpc.RpcClient (RpcClient.java:createVolume(476)) - Creating Volume: b976da15-0458-4507-8e6c-c2d800ddde09, with runner as owner and space quota set to -1 bytes, counts quota set to -1
2023-05-17 09:10:02,983 [OM StateMachine ApplyTransaction Thread - 0] INFO  volume.OMVolumeCreateRequest (OMVolumeCreateRequest.java:validateAndUpdateCache(196)) - created volume:b976da15-0458-4507-8e6c-c2d800ddde09 for user:runner
2023-05-17 09:10:02,984 [Listener at 127.0.0.1/15004] INFO  rpc.RpcClient (RpcClient.java:createBucket(698)) - Creating Bucket: b976da15-0458-4507-8e6c-c2d800ddde09/22777760-ccb3-4b65-ae2f-c9dbc02719d0, with server-side default bucket layout, runner as owner, Versioning false, Storage Type set to DISK and Encryption set to false, Replication Type set to server-side default replication type, Namespace Quota set to -1, Space Quota set to -1 
2023-05-17 09:10:02,986 [OM StateMachine ApplyTransaction Thread - 0] INFO  bucket.OMBucketCreateRequest (OMBucketCreateRequest.java:validateAndUpdateCache(270)) - created bucket: 22777760-ccb3-4b65-ae2f-c9dbc02719d0 of layout OBJECT_STORE in volume: b976da15-0458-4507-8e6c-c2d800ddde09
2023-05-17 09:10:03,035 [IPC Server handler 16 on default port 15001] WARN  node.SCMNodeManager (SCMNodeManager.java:getNodesByAddress(1372)) - Cannot find node for address 127.0.0.1
2023-05-17 09:10:03,044 [IPC Server handler 19 on default port 15001] WARN  node.SCMNodeManager (SCMNodeManager.java:getNodesByAddress(1372)) - Cannot find node for address 127.0.0.1
2023-05-17 09:10:03,066 [IPC Server handler 13 on default port 15001] WARN  node.SCMNodeManager (SCMNodeManager.java:getNodesByAddress(1372)) - Cannot find node for address 127.0.0.1
2023-05-17 09:10:03,088 [IPC Server handler 9 on default port 15001] WARN  node.SCMNodeManager (SCMNodeManager.java:getNodesByAddress(1372)) - Cannot find node for address 127.0.0.1
2023-05-17 09:10:03,095 [Listener at 127.0.0.1/15004] ERROR scm.XceiverClientGrpc (XceiverClientGrpc.java:sendCommandWithRetry(453)) - Failed to execute command ReadChunk on the pipeline Pipeline[ Id: 198e1bf6-3ffb-4307-8ad0-a7669f4b16a5, Nodes: bcbacd9a-ca93-42dd-bb1e-f9c21d91cd60(fv-az41-747.zje5jq5y5x4uznwvdkgxk4wc2h.cx.internal.cloudapp.net/10.1.0.64)5b9af961-56be-4fa8-844e-3cefe1429416(fv-az41-747.zje5jq5y5x4uznwvdkgxk4wc2h.cx.internal.cloudapp.net/10.1.0.64)5b9fa8c3-08c3-43f9-b175-3119fbbe3900(fv-az41-747.zje5jq5y5x4uznwvdkgxk4wc2h.cx.internal.cloudapp.net/10.1.0.64), ReplicationConfig: STANDALONE/THREE, State:OPEN, leaderId:bcbacd9a-ca93-42dd-bb1e-f9c21d91cd60, CreationTimestamp2023-05-17T09:09:06.186Z[Etc/UTC]].
2023-05-17 09:10:03,096 [Listener at 127.0.0.1/15004] WARN  storage.ContainerProtocolCalls (ContainerProtocolCalls.java:tryEachDatanode(147)) - Failed to read chunk 111677748019200389_chunk_1 (len=12) conID: 18 locID: 111677748019200389 bcsId: 167 from bcbacd9a-ca93-42dd-bb1e-f9c21d91cd60(fv-az41-747.zje5jq5y5x4uznwvdkgxk4wc2h.cx.internal.cloudapp.net/10.1.0.64); will try another datanode.
org.apache.hadoop.ozone.common.OzoneChecksumException: Checksum mismatch at index 0
	at org.apache.hadoop.ozone.common.ChecksumData.verifyChecksumDataMatches(ChecksumData.java:139)
	at org.apache.hadoop.ozone.common.Checksum.verifyChecksum(Checksum.java:295)
	at org.apache.hadoop.hdds.scm.storage.ChunkInputStream.lambda$new$0(ChunkInputStream.java:492)
	at org.apache.hadoop.hdds.scm.XceiverClientGrpc.sendCommandWithRetry(XceiverClientGrpc.java:410)
	at org.apache.hadoop.hdds.scm.XceiverClientGrpc.lambda$sendCommandWithTraceIDAndRetry$0(XceiverClientGrpc.java:349)
	at org.apache.hadoop.hdds.tracing.TracingUtil.executeInSpan(TracingUtil.java:196)
	at org.apache.hadoop.hdds.tracing.TracingUtil.executeInNewSpan(TracingUtil.java:170)
	at org.apache.hadoop.hdds.scm.XceiverClientGrpc.sendCommandWithTraceIDAndRetry(XceiverClientGrpc.java:343)
	at org.apache.hadoop.hdds.scm.XceiverClientGrpc.sendCommand(XceiverClientGrpc.java:324)
	at org.apache.hadoop.hdds.scm.storage.ContainerProtocolCalls.readChunk(ContainerProtocolCalls.java:355)
	at org.apache.hadoop.hdds.scm.storage.ContainerProtocolCalls.lambda$readChunk$2(ContainerProtocolCalls.java:342)
	at org.apache.hadoop.hdds.scm.storage.ContainerProtocolCalls.tryEachDatanode(ContainerProtocolCalls.java:143)
	at org.apache.hadoop.hdds.scm.storage.ContainerProtocolCalls.readChunk(ContainerProtocolCalls.java:341)
	at org.apache.hadoop.hdds.scm.storage.ChunkInputStream.readChunk(ChunkInputStream.java:430)
	at org.apache.hadoop.hdds.scm.storage.ChunkInputStream.readChunkDataIntoBuffers(ChunkInputStream.java:404)
	at org.apache.hadoop.hdds.scm.storage.ChunkInputStream.readChunkFromContainer(ChunkInputStream.java:389)
	at org.apache.hadoop.hdds.scm.storage.ChunkInputStream.prepareRead(ChunkInputStream.java:331)
	at org.apache.hadoop.hdds.scm.storage.ChunkInputStream.read(ChunkInputStream.java:175)
	at org.apache.hadoop.hdds.scm.storage.ByteArrayReader.readFromBlock(ByteArrayReader.java:57)
	at org.apache.hadoop.hdds.scm.storage.BlockInputStream.readWithStrategy(BlockInputStream.java:327)
	at org.apache.hadoop.hdds.scm.storage.ExtendedInputStream.read(ExtendedInputStream.java:56)
	at org.apache.hadoop.hdds.scm.storage.ByteArrayReader.readFromBlock(ByteArrayReader.java:57)
	at org.apache.hadoop.hdds.scm.storage.MultipartInputStream.readWithStrategy(MultipartInputStream.java:96)
	at org.apache.hadoop.hdds.scm.storage.ExtendedInputStream.read(ExtendedInputStream.java:56)
	at org.apache.hadoop.ozone.client.io.OzoneInputStream.read(OzoneInputStream.java:56)
	at java.io.InputStream.read(InputStream.java:101)
	at org.apache.hadoop.ozone.client.rpc.TestOzoneRpcClientAbstract.testReadKeyWithCorruptedDataWithMutiNodes(TestOzoneRpcClientAbstract.java:2044)
	at sun.reflect.NativeMethodAccessorImpl.invoke0(Native Method)
	at sun.reflect.NativeMethodAccessorImpl.invoke(NativeMethodAccessorImpl.java:62)
	at sun.reflect.DelegatingMethodAccessorImpl.invoke(DelegatingMethodAccessorImpl.java:43)
	at java.lang.reflect.Method.invoke(Method.java:498)
	at org.junit.platform.commons.util.ReflectionUtils.invokeMethod(ReflectionUtils.java:725)
	at org.junit.jupiter.engine.execution.MethodInvocation.proceed(MethodInvocation.java:60)
	at org.junit.jupiter.engine.execution.InvocationInterceptorChain$ValidatingInvocation.proceed(InvocationInterceptorChain.java:131)
	at org.junit.jupiter.engine.extension.TimeoutInvocation.proceed(TimeoutInvocation.java:46)
	at org.junit.jupiter.engine.extension.TimeoutExtension.intercept(TimeoutExtension.java:149)
	at org.junit.jupiter.engine.extension.TimeoutExtension.interceptTestableMethod(TimeoutExtension.java:140)
	at org.junit.jupiter.engine.extension.TimeoutExtension.interceptTestMethod(TimeoutExtension.java:84)
	at org.junit.jupiter.engine.execution.ExecutableInvoker$ReflectiveInterceptorCall.lambda$ofVoidMethod$0(ExecutableInvoker.java:115)
	at org.junit.jupiter.engine.execution.ExecutableInvoker.lambda$invoke$0(ExecutableInvoker.java:105)
	at org.junit.jupiter.engine.execution.InvocationInterceptorChain$InterceptedInvocation.proceed(InvocationInterceptorChain.java:106)
	at org.junit.jupiter.engine.execution.InvocationInterceptorChain.proceed(InvocationInterceptorChain.java:64)
	at org.junit.jupiter.engine.execution.InvocationInterceptorChain.chainAndInvoke(InvocationInterceptorChain.java:45)
	at org.junit.jupiter.engine.execution.InvocationInterceptorChain.invoke(InvocationInterceptorChain.java:37)
	at org.junit.jupiter.engine.execution.ExecutableInvoker.invoke(ExecutableInvoker.java:104)
	at org.junit.jupiter.engine.execution.ExecutableInvoker.invoke(ExecutableInvoker.java:98)
	at org.junit.jupiter.engine.descriptor.TestMethodTestDescriptor.lambda$invokeTestMethod$7(TestMethodTestDescriptor.java:214)
	at org.junit.platform.engine.support.hierarchical.ThrowableCollector.execute(ThrowableCollector.java:73)
	at org.junit.jupiter.engine.descriptor.TestMethodTestDescriptor.invokeTestMethod(TestMethodTestDescriptor.java:210)
	at org.junit.jupiter.engine.descriptor.TestMethodTestDescriptor.execute(TestMethodTestDescriptor.java:135)
	at org.junit.jupiter.engine.descriptor.TestMethodTestDescriptor.execute(TestMethodTestDescriptor.java:66)
	at org.junit.platform.engine.support.hierarchical.NodeTestTask.lambda$executeRecursively$6(NodeTestTask.java:151)
	at org.junit.platform.engine.support.hierarchical.ThrowableCollector.execute(ThrowableCollector.java:73)
	at org.junit.platform.engine.support.hierarchical.NodeTestTask.lambda$executeRecursively$8(NodeTestTask.java:141)
	at org.junit.platform.engine.support.hierarchical.Node.around(Node.java:137)
	at org.junit.platform.engine.support.hierarchical.NodeTestTask.lambda$executeRecursively$9(NodeTestTask.java:139)
	at org.junit.platform.engine.support.hierarchical.ThrowableCollector.execute(ThrowableCollector.java:73)
	at org.junit.platform.engine.support.hierarchical.NodeTestTask.executeRecursively(NodeTestTask.java:138)
	at org.junit.platform.engine.support.hierarchical.NodeTestTask.execute(NodeTestTask.java:95)
	at java.util.ArrayList.forEach(ArrayList.java:1259)
	at org.junit.platform.engine.support.hierarchical.SameThreadHierarchicalTestExecutorService.invokeAll(SameThreadHierarchicalTestExecutorService.java:41)
	at org.junit.platform.engine.support.hierarchical.NodeTestTask.lambda$executeRecursively$6(NodeTestTask.java:155)
	at org.junit.platform.engine.support.hierarchical.ThrowableCollector.execute(ThrowableCollector.java:73)
	at org.junit.platform.engine.support.hierarchical.NodeTestTask.lambda$executeRecursively$8(NodeTestTask.java:141)
	at org.junit.platform.engine.support.hierarchical.Node.around(Node.java:137)
	at org.junit.platform.engine.support.hierarchical.NodeTestTask.lambda$executeRecursively$9(NodeTestTask.java:139)
	at org.junit.platform.engine.support.hierarchical.ThrowableCollector.execute(ThrowableCollector.java:73)
	at org.junit.platform.engine.support.hierarchical.NodeTestTask.executeRecursively(NodeTestTask.java:138)
	at org.junit.platform.engine.support.hierarchical.NodeTestTask.execute(NodeTestTask.java:95)
	at java.util.ArrayList.forEach(ArrayList.java:1259)
	at org.junit.platform.engine.support.hierarchical.SameThreadHierarchicalTestExecutorService.invokeAll(SameThreadHierarchicalTestExecutorService.java:41)
	at org.junit.platform.engine.support.hierarchical.NodeTestTask.lambda$executeRecursively$6(NodeTestTask.java:155)
	at org.junit.platform.engine.support.hierarchical.ThrowableCollector.execute(ThrowableCollector.java:73)
	at org.junit.platform.engine.support.hierarchical.NodeTestTask.lambda$executeRecursively$8(NodeTestTask.java:141)
	at org.junit.platform.engine.support.hierarchical.Node.around(Node.java:137)
	at org.junit.platform.engine.support.hierarchical.NodeTestTask.lambda$executeRecursively$9(NodeTestTask.java:139)
	at org.junit.platform.engine.support.hierarchical.ThrowableCollector.execute(ThrowableCollector.java:73)
	at org.junit.platform.engine.support.hierarchical.NodeTestTask.executeRecursively(NodeTestTask.java:138)
	at org.junit.platform.engine.support.hierarchical.NodeTestTask.execute(NodeTestTask.java:95)
	at org.junit.platform.engine.support.hierarchical.SameThreadHierarchicalTestExecutorService.submit(SameThreadHierarchicalTestExecutorService.java:35)
	at org.junit.platform.engine.support.hierarchical.HierarchicalTestExecutor.execute(HierarchicalTestExecutor.java:57)
	at org.junit.platform.engine.support.hierarchical.HierarchicalTestEngine.execute(HierarchicalTestEngine.java:54)
	at org.junit.platform.launcher.core.EngineExecutionOrchestrator.execute(EngineExecutionOrchestrator.java:107)
	at org.junit.platform.launcher.core.EngineExecutionOrchestrator.execute(EngineExecutionOrchestrator.java:88)
	at org.junit.platform.launcher.core.EngineExecutionOrchestrator.lambda$execute$0(EngineExecutionOrchestrator.java:54)
	at org.junit.platform.launcher.core.EngineExecutionOrchestrator.withInterceptedStreams(EngineExecutionOrchestrator.java:67)
	at org.junit.platform.launcher.core.EngineExecutionOrchestrator.execute(EngineExecutionOrchestrator.java:52)
	at org.junit.platform.launcher.core.DefaultLauncher.execute(DefaultLauncher.java:114)
	at org.junit.platform.launcher.core.DefaultLauncher.execute(DefaultLauncher.java:86)
	at org.junit.platform.launcher.core.DefaultLauncherSession$DelegatingLauncher.execute(DefaultLauncherSession.java:86)
	at org.junit.platform.launcher.core.SessionPerRequestLauncher.execute(SessionPerRequestLauncher.java:53)
	at org.apache.maven.surefire.junitplatform.JUnitPlatformProvider.execute(JUnitPlatformProvider.java:188)
	at org.apache.maven.surefire.junitplatform.JUnitPlatformProvider.invokeAllTests(JUnitPlatformProvider.java:154)
	at org.apache.maven.surefire.junitplatform.JUnitPlatformProvider.invoke(JUnitPlatformProvider.java:124)
	at org.apache.maven.surefire.booter.ForkedBooter.runSuitesInProcess(ForkedBooter.java:428)
	at org.apache.maven.surefire.booter.ForkedBooter.execute(ForkedBooter.java:162)
	at org.apache.maven.surefire.booter.ForkedBooter.run(ForkedBooter.java:562)
	at org.apache.maven.surefire.booter.ForkedBooter.main(ForkedBooter.java:548)
2023-05-17 09:10:03,103 [Listener at 127.0.0.1/15004] ERROR scm.XceiverClientGrpc (XceiverClientGrpc.java:sendCommandWithRetry(453)) - Failed to execute command ReadChunk on the pipeline Pipeline[ Id: 198e1bf6-3ffb-4307-8ad0-a7669f4b16a5, Nodes: bcbacd9a-ca93-42dd-bb1e-f9c21d91cd60(fv-az41-747.zje5jq5y5x4uznwvdkgxk4wc2h.cx.internal.cloudapp.net/10.1.0.64)5b9af961-56be-4fa8-844e-3cefe1429416(fv-az41-747.zje5jq5y5x4uznwvdkgxk4wc2h.cx.internal.cloudapp.net/10.1.0.64)5b9fa8c3-08c3-43f9-b175-3119fbbe3900(fv-az41-747.zje5jq5y5x4uznwvdkgxk4wc2h.cx.internal.cloudapp.net/10.1.0.64), ReplicationConfig: STANDALONE/THREE, State:OPEN, leaderId:bcbacd9a-ca93-42dd-bb1e-f9c21d91cd60, CreationTimestamp2023-05-17T09:09:06.186Z[Etc/UTC]].
2023-05-17 09:10:03,104 [Listener at 127.0.0.1/15004] WARN  storage.ContainerProtocolCalls (ContainerProtocolCalls.java:tryEachDatanode(147)) - Failed to read chunk 111677748019200389_chunk_1 (len=12) conID: 18 locID: 111677748019200389 bcsId: 167 from 5b9af961-56be-4fa8-844e-3cefe1429416(fv-az41-747.zje5jq5y5x4uznwvdkgxk4wc2h.cx.internal.cloudapp.net/10.1.0.64); will try another datanode.
org.apache.hadoop.ozone.common.OzoneChecksumException: Checksum mismatch at index 0
	at org.apache.hadoop.ozone.common.ChecksumData.verifyChecksumDataMatches(ChecksumData.java:139)
	at org.apache.hadoop.ozone.common.Checksum.verifyChecksum(Checksum.java:295)
	at org.apache.hadoop.hdds.scm.storage.ChunkInputStream.lambda$new$0(ChunkInputStream.java:492)
	at org.apache.hadoop.hdds.scm.XceiverClientGrpc.sendCommandWithRetry(XceiverClientGrpc.java:410)
	at org.apache.hadoop.hdds.scm.XceiverClientGrpc.lambda$sendCommandWithTraceIDAndRetry$0(XceiverClientGrpc.java:349)
	at org.apache.hadoop.hdds.tracing.TracingUtil.executeInSpan(TracingUtil.java:196)
	at org.apache.hadoop.hdds.tracing.TracingUtil.executeInNewSpan(TracingUtil.java:170)
	at org.apache.hadoop.hdds.scm.XceiverClientGrpc.sendCommandWithTraceIDAndRetry(XceiverClientGrpc.java:343)
	at org.apache.hadoop.hdds.scm.XceiverClientGrpc.sendCommand(XceiverClientGrpc.java:324)
	at org.apache.hadoop.hdds.scm.storage.ContainerProtocolCalls.readChunk(ContainerProtocolCalls.java:355)
	at org.apache.hadoop.hdds.scm.storage.ContainerProtocolCalls.lambda$readChunk$2(ContainerProtocolCalls.java:342)
	at org.apache.hadoop.hdds.scm.storage.ContainerProtocolCalls.tryEachDatanode(ContainerProtocolCalls.java:143)
	at org.apache.hadoop.hdds.scm.storage.ContainerProtocolCalls.readChunk(ContainerProtocolCalls.java:341)
	at org.apache.hadoop.hdds.scm.storage.ChunkInputStream.readChunk(ChunkInputStream.java:430)
	at org.apache.hadoop.hdds.scm.storage.ChunkInputStream.readChunkDataIntoBuffers(ChunkInputStream.java:404)
	at org.apache.hadoop.hdds.scm.storage.ChunkInputStream.readChunkFromContainer(ChunkInputStream.java:389)
	at org.apache.hadoop.hdds.scm.storage.ChunkInputStream.prepareRead(ChunkInputStream.java:331)
	at org.apache.hadoop.hdds.scm.storage.ChunkInputStream.read(ChunkInputStream.java:175)
	at org.apache.hadoop.hdds.scm.storage.ByteArrayReader.readFromBlock(ByteArrayReader.java:57)
	at org.apache.hadoop.hdds.scm.storage.BlockInputStream.readWithStrategy(BlockInputStream.java:327)
	at org.apache.hadoop.hdds.scm.storage.ExtendedInputStream.read(ExtendedInputStream.java:56)
	at org.apache.hadoop.hdds.scm.storage.ByteArrayReader.readFromBlock(ByteArrayReader.java:57)
	at org.apache.hadoop.hdds.scm.storage.MultipartInputStream.readWithStrategy(MultipartInputStream.java:96)
	at org.apache.hadoop.hdds.scm.storage.ExtendedInputStream.read(ExtendedInputStream.java:56)
	at org.apache.hadoop.ozone.client.io.OzoneInputStream.read(OzoneInputStream.java:56)
	at java.io.InputStream.read(InputStream.java:101)
	at org.apache.hadoop.ozone.client.rpc.TestOzoneRpcClientAbstract.testReadKeyWithCorruptedDataWithMutiNodes(TestOzoneRpcClientAbstract.java:2044)
	at sun.reflect.NativeMethodAccessorImpl.invoke0(Native Method)
	at sun.reflect.NativeMethodAccessorImpl.invoke(NativeMethodAccessorImpl.java:62)
	at sun.reflect.DelegatingMethodAccessorImpl.invoke(DelegatingMethodAccessorImpl.java:43)
	at java.lang.reflect.Method.invoke(Method.java:498)
	at org.junit.platform.commons.util.ReflectionUtils.invokeMethod(ReflectionUtils.java:725)
	at org.junit.jupiter.engine.execution.MethodInvocation.proceed(MethodInvocation.java:60)
	at org.junit.jupiter.engine.execution.InvocationInterceptorChain$ValidatingInvocation.proceed(InvocationInterceptorChain.java:131)
	at org.junit.jupiter.engine.extension.TimeoutInvocation.proceed(TimeoutInvocation.java:46)
	at org.junit.jupiter.engine.extension.TimeoutExtension.intercept(TimeoutExtension.java:149)
	at org.junit.jupiter.engine.extension.TimeoutExtension.interceptTestableMethod(TimeoutExtension.java:140)
	at org.junit.jupiter.engine.extension.TimeoutExtension.interceptTestMethod(TimeoutExtension.java:84)
	at org.junit.jupiter.engine.execution.ExecutableInvoker$ReflectiveInterceptorCall.lambda$ofVoidMethod$0(ExecutableInvoker.java:115)
	at org.junit.jupiter.engine.execution.ExecutableInvoker.lambda$invoke$0(ExecutableInvoker.java:105)
	at org.junit.jupiter.engine.execution.InvocationInterceptorChain$InterceptedInvocation.proceed(InvocationInterceptorChain.java:106)
	at org.junit.jupiter.engine.execution.InvocationInterceptorChain.proceed(InvocationInterceptorChain.java:64)
	at org.junit.jupiter.engine.execution.InvocationInterceptorChain.chainAndInvoke(InvocationInterceptorChain.java:45)
	at org.junit.jupiter.engine.execution.InvocationInterceptorChain.invoke(InvocationInterceptorChain.java:37)
	at org.junit.jupiter.engine.execution.ExecutableInvoker.invoke(ExecutableInvoker.java:104)
	at org.junit.jupiter.engine.execution.ExecutableInvoker.invoke(ExecutableInvoker.java:98)
	at org.junit.jupiter.engine.descriptor.TestMethodTestDescriptor.lambda$invokeTestMethod$7(TestMethodTestDescriptor.java:214)
	at org.junit.platform.engine.support.hierarchical.ThrowableCollector.execute(ThrowableCollector.java:73)
	at org.junit.jupiter.engine.descriptor.TestMethodTestDescriptor.invokeTestMethod(TestMethodTestDescriptor.java:210)
	at org.junit.jupiter.engine.descriptor.TestMethodTestDescriptor.execute(TestMethodTestDescriptor.java:135)
	at org.junit.jupiter.engine.descriptor.TestMethodTestDescriptor.execute(TestMethodTestDescriptor.java:66)
	at org.junit.platform.engine.support.hierarchical.NodeTestTask.lambda$executeRecursively$6(NodeTestTask.java:151)
	at org.junit.platform.engine.support.hierarchical.ThrowableCollector.execute(ThrowableCollector.java:73)
	at org.junit.platform.engine.support.hierarchical.NodeTestTask.lambda$executeRecursively$8(NodeTestTask.java:141)
	at org.junit.platform.engine.support.hierarchical.Node.around(Node.java:137)
	at org.junit.platform.engine.support.hierarchical.NodeTestTask.lambda$executeRecursively$9(NodeTestTask.java:139)
	at org.junit.platform.engine.support.hierarchical.ThrowableCollector.execute(ThrowableCollector.java:73)
	at org.junit.platform.engine.support.hierarchical.NodeTestTask.executeRecursively(NodeTestTask.java:138)
	at org.junit.platform.engine.support.hierarchical.NodeTestTask.execute(NodeTestTask.java:95)
	at java.util.ArrayList.forEach(ArrayList.java:1259)
	at org.junit.platform.engine.support.hierarchical.SameThreadHierarchicalTestExecutorService.invokeAll(SameThreadHierarchicalTestExecutorService.java:41)
	at org.junit.platform.engine.support.hierarchical.NodeTestTask.lambda$executeRecursively$6(NodeTestTask.java:155)
	at org.junit.platform.engine.support.hierarchical.ThrowableCollector.execute(ThrowableCollector.java:73)
	at org.junit.platform.engine.support.hierarchical.NodeTestTask.lambda$executeRecursively$8(NodeTestTask.java:141)
	at org.junit.platform.engine.support.hierarchical.Node.around(Node.java:137)
	at org.junit.platform.engine.support.hierarchical.NodeTestTask.lambda$executeRecursively$9(NodeTestTask.java:139)
	at org.junit.platform.engine.support.hierarchical.ThrowableCollector.execute(ThrowableCollector.java:73)
	at org.junit.platform.engine.support.hierarchical.NodeTestTask.executeRecursively(NodeTestTask.java:138)
	at org.junit.platform.engine.support.hierarchical.NodeTestTask.execute(NodeTestTask.java:95)
	at java.util.ArrayList.forEach(ArrayList.java:1259)
	at org.junit.platform.engine.support.hierarchical.SameThreadHierarchicalTestExecutorService.invokeAll(SameThreadHierarchicalTestExecutorService.java:41)
	at org.junit.platform.engine.support.hierarchical.NodeTestTask.lambda$executeRecursively$6(NodeTestTask.java:155)
	at org.junit.platform.engine.support.hierarchical.ThrowableCollector.execute(ThrowableCollector.java:73)
	at org.junit.platform.engine.support.hierarchical.NodeTestTask.lambda$executeRecursively$8(NodeTestTask.java:141)
	at org.junit.platform.engine.support.hierarchical.Node.around(Node.java:137)
	at org.junit.platform.engine.support.hierarchical.NodeTestTask.lambda$executeRecursively$9(NodeTestTask.java:139)
	at org.junit.platform.engine.support.hierarchical.ThrowableCollector.execute(ThrowableCollector.java:73)
	at org.junit.platform.engine.support.hierarchical.NodeTestTask.executeRecursively(NodeTestTask.java:138)
	at org.junit.platform.engine.support.hierarchical.NodeTestTask.execute(NodeTestTask.java:95)
	at org.junit.platform.engine.support.hierarchical.SameThreadHierarchicalTestExecutorService.submit(SameThreadHierarchicalTestExecutorService.java:35)
	at org.junit.platform.engine.support.hierarchical.HierarchicalTestExecutor.execute(HierarchicalTestExecutor.java:57)
	at org.junit.platform.engine.support.hierarchical.HierarchicalTestEngine.execute(HierarchicalTestEngine.java:54)
	at org.junit.platform.launcher.core.EngineExecutionOrchestrator.execute(EngineExecutionOrchestrator.java:107)
	at org.junit.platform.launcher.core.EngineExecutionOrchestrator.execute(EngineExecutionOrchestrator.java:88)
	at org.junit.platform.launcher.core.EngineExecutionOrchestrator.lambda$execute$0(EngineExecutionOrchestrator.java:54)
	at org.junit.platform.launcher.core.EngineExecutionOrchestrator.withInterceptedStreams(EngineExecutionOrchestrator.java:67)
	at org.junit.platform.launcher.core.EngineExecutionOrchestrator.execute(EngineExecutionOrchestrator.java:52)
	at org.junit.platform.launcher.core.DefaultLauncher.execute(DefaultLauncher.java:114)
	at org.junit.platform.launcher.core.DefaultLauncher.execute(DefaultLauncher.java:86)
	at org.junit.platform.launcher.core.DefaultLauncherSession$DelegatingLauncher.execute(DefaultLauncherSession.java:86)
	at org.junit.platform.launcher.core.SessionPerRequestLauncher.execute(SessionPerRequestLauncher.java:53)
	at org.apache.maven.surefire.junitplatform.JUnitPlatformProvider.execute(JUnitPlatformProvider.java:188)
	at org.apache.maven.surefire.junitplatform.JUnitPlatformProvider.invokeAllTests(JUnitPlatformProvider.java:154)
	at org.apache.maven.surefire.junitplatform.JUnitPlatformProvider.invoke(JUnitPlatformProvider.java:124)
	at org.apache.maven.surefire.booter.ForkedBooter.runSuitesInProcess(ForkedBooter.java:428)
	at org.apache.maven.surefire.booter.ForkedBooter.execute(ForkedBooter.java:162)
	at org.apache.maven.surefire.booter.ForkedBooter.run(ForkedBooter.java:562)
	at org.apache.maven.surefire.booter.ForkedBooter.main(ForkedBooter.java:548)
2023-05-17 09:10:03,109 [Listener at 127.0.0.1/15004] ERROR scm.XceiverClientGrpc (XceiverClientGrpc.java:sendCommandWithRetry(453)) - Failed to execute command ReadChunk on the pipeline Pipeline[ Id: 198e1bf6-3ffb-4307-8ad0-a7669f4b16a5, Nodes: bcbacd9a-ca93-42dd-bb1e-f9c21d91cd60(fv-az41-747.zje5jq5y5x4uznwvdkgxk4wc2h.cx.internal.cloudapp.net/10.1.0.64)5b9af961-56be-4fa8-844e-3cefe1429416(fv-az41-747.zje5jq5y5x4uznwvdkgxk4wc2h.cx.internal.cloudapp.net/10.1.0.64)5b9fa8c3-08c3-43f9-b175-3119fbbe3900(fv-az41-747.zje5jq5y5x4uznwvdkgxk4wc2h.cx.internal.cloudapp.net/10.1.0.64), ReplicationConfig: STANDALONE/THREE, State:OPEN, leaderId:bcbacd9a-ca93-42dd-bb1e-f9c21d91cd60, CreationTimestamp2023-05-17T09:09:06.186Z[Etc/UTC]].
2023-05-17 09:10:03,113 [Listener at 127.0.0.1/15004] ERROR scm.XceiverClientGrpc (XceiverClientGrpc.java:sendCommandWithRetry(453)) - Failed to execute command ReadChunk on the pipeline Pipeline[ Id: 198e1bf6-3ffb-4307-8ad0-a7669f4b16a5, Nodes: bcbacd9a-ca93-42dd-bb1e-f9c21d91cd60(fv-az41-747.zje5jq5y5x4uznwvdkgxk4wc2h.cx.internal.cloudapp.net/10.1.0.64)5b9af961-56be-4fa8-844e-3cefe1429416(fv-az41-747.zje5jq5y5x4uznwvdkgxk4wc2h.cx.internal.cloudapp.net/10.1.0.64)5b9fa8c3-08c3-43f9-b175-3119fbbe3900(fv-az41-747.zje5jq5y5x4uznwvdkgxk4wc2h.cx.internal.cloudapp.net/10.1.0.64), ReplicationConfig: STANDALONE/THREE, State:OPEN, leaderId:bcbacd9a-ca93-42dd-bb1e-f9c21d91cd60, CreationTimestamp2023-05-17T09:09:06.186Z[Etc/UTC]].
2023-05-17 09:10:03,113 [Listener at 127.0.0.1/15004] WARN  storage.ContainerProtocolCalls (ContainerProtocolCalls.java:tryEachDatanode(147)) - Failed to read chunk 111677748019200389_chunk_1 (len=12) conID: 18 locID: 111677748019200389 bcsId: 167 from bcbacd9a-ca93-42dd-bb1e-f9c21d91cd60(fv-az41-747.zje5jq5y5x4uznwvdkgxk4wc2h.cx.internal.cloudapp.net/10.1.0.64); will try another datanode.
org.apache.hadoop.ozone.common.OzoneChecksumException: Checksum mismatch at index 0
	at org.apache.hadoop.ozone.common.ChecksumData.verifyChecksumDataMatches(ChecksumData.java:139)
	at org.apache.hadoop.ozone.common.Checksum.verifyChecksum(Checksum.java:295)
	at org.apache.hadoop.hdds.scm.storage.ChunkInputStream.lambda$new$0(ChunkInputStream.java:492)
	at org.apache.hadoop.hdds.scm.XceiverClientGrpc.sendCommandWithRetry(XceiverClientGrpc.java:410)
	at org.apache.hadoop.hdds.scm.XceiverClientGrpc.lambda$sendCommandWithTraceIDAndRetry$0(XceiverClientGrpc.java:349)
	at org.apache.hadoop.hdds.tracing.TracingUtil.executeInSpan(TracingUtil.java:196)
	at org.apache.hadoop.hdds.tracing.TracingUtil.executeInNewSpan(TracingUtil.java:170)
	at org.apache.hadoop.hdds.scm.XceiverClientGrpc.sendCommandWithTraceIDAndRetry(XceiverClientGrpc.java:343)
	at org.apache.hadoop.hdds.scm.XceiverClientGrpc.sendCommand(XceiverClientGrpc.java:324)
	at org.apache.hadoop.hdds.scm.storage.ContainerProtocolCalls.readChunk(ContainerProtocolCalls.java:355)
	at org.apache.hadoop.hdds.scm.storage.ContainerProtocolCalls.lambda$readChunk$2(ContainerProtocolCalls.java:342)
	at org.apache.hadoop.hdds.scm.storage.ContainerProtocolCalls.tryEachDatanode(ContainerProtocolCalls.java:143)
	at org.apache.hadoop.hdds.scm.storage.ContainerProtocolCalls.readChunk(ContainerProtocolCalls.java:341)
	at org.apache.hadoop.hdds.scm.storage.ChunkInputStream.readChunk(ChunkInputStream.java:430)
	at org.apache.hadoop.hdds.scm.storage.ChunkInputStream.readChunkDataIntoBuffers(ChunkInputStream.java:404)
	at org.apache.hadoop.hdds.scm.storage.ChunkInputStream.readChunkFromContainer(ChunkInputStream.java:389)
	at org.apache.hadoop.hdds.scm.storage.ChunkInputStream.prepareRead(ChunkInputStream.java:321)
	at org.apache.hadoop.hdds.scm.storage.ChunkInputStream.read(ChunkInputStream.java:175)
	at org.apache.hadoop.hdds.scm.storage.ByteArrayReader.readFromBlock(ByteArrayReader.java:57)
	at org.apache.hadoop.hdds.scm.storage.BlockInputStream.readWithStrategy(BlockInputStream.java:327)
	at org.apache.hadoop.hdds.scm.storage.ExtendedInputStream.read(ExtendedInputStream.java:56)
	at org.apache.hadoop.hdds.scm.storage.ByteArrayReader.readFromBlock(ByteArrayReader.java:57)
	at org.apache.hadoop.hdds.scm.storage.MultipartInputStream.readWithStrategy(MultipartInputStream.java:96)
	at org.apache.hadoop.hdds.scm.storage.ExtendedInputStream.read(ExtendedInputStream.java:56)
	at org.apache.hadoop.ozone.client.io.OzoneInputStream.read(OzoneInputStream.java:56)
	at java.io.InputStream.read(InputStream.java:101)
	at org.apache.hadoop.ozone.client.rpc.TestOzoneRpcClientAbstract.testReadKeyWithCorruptedDataWithMutiNodes(TestOzoneRpcClientAbstract.java:2044)
	at sun.reflect.NativeMethodAccessorImpl.invoke0(Native Method)
	at sun.reflect.NativeMethodAccessorImpl.invoke(NativeMethodAccessorImpl.java:62)
	at sun.reflect.DelegatingMethodAccessorImpl.invoke(DelegatingMethodAccessorImpl.java:43)
	at java.lang.reflect.Method.invoke(Method.java:498)
	at org.junit.platform.commons.util.ReflectionUtils.invokeMethod(ReflectionUtils.java:725)
	at org.junit.jupiter.engine.execution.MethodInvocation.proceed(MethodInvocation.java:60)
	at org.junit.jupiter.engine.execution.InvocationInterceptorChain$ValidatingInvocation.proceed(InvocationInterceptorChain.java:131)
	at org.junit.jupiter.engine.extension.TimeoutInvocation.proceed(TimeoutInvocation.java:46)
	at org.junit.jupiter.engine.extension.TimeoutExtension.intercept(TimeoutExtension.java:149)
	at org.junit.jupiter.engine.extension.TimeoutExtension.interceptTestableMethod(TimeoutExtension.java:140)
	at org.junit.jupiter.engine.extension.TimeoutExtension.interceptTestMethod(TimeoutExtension.java:84)
	at org.junit.jupiter.engine.execution.ExecutableInvoker$ReflectiveInterceptorCall.lambda$ofVoidMethod$0(ExecutableInvoker.java:115)
	at org.junit.jupiter.engine.execution.ExecutableInvoker.lambda$invoke$0(ExecutableInvoker.java:105)
	at org.junit.jupiter.engine.execution.InvocationInterceptorChain$InterceptedInvocation.proceed(InvocationInterceptorChain.java:106)
	at org.junit.jupiter.engine.execution.InvocationInterceptorChain.proceed(InvocationInterceptorChain.java:64)
	at org.junit.jupiter.engine.execution.InvocationInterceptorChain.chainAndInvoke(InvocationInterceptorChain.java:45)
	at org.junit.jupiter.engine.execution.InvocationInterceptorChain.invoke(InvocationInterceptorChain.java:37)
	at org.junit.jupiter.engine.execution.ExecutableInvoker.invoke(ExecutableInvoker.java:104)
	at org.junit.jupiter.engine.execution.ExecutableInvoker.invoke(ExecutableInvoker.java:98)
	at org.junit.jupiter.engine.descriptor.TestMethodTestDescriptor.lambda$invokeTestMethod$7(TestMethodTestDescriptor.java:214)
	at org.junit.platform.engine.support.hierarchical.ThrowableCollector.execute(ThrowableCollector.java:73)
	at org.junit.jupiter.engine.descriptor.TestMethodTestDescriptor.invokeTestMethod(TestMethodTestDescriptor.java:210)
	at org.junit.jupiter.engine.descriptor.TestMethodTestDescriptor.execute(TestMethodTestDescriptor.java:135)
	at org.junit.jupiter.engine.descriptor.TestMethodTestDescriptor.execute(TestMethodTestDescriptor.java:66)
	at org.junit.platform.engine.support.hierarchical.NodeTestTask.lambda$executeRecursively$6(NodeTestTask.java:151)
	at org.junit.platform.engine.support.hierarchical.ThrowableCollector.execute(ThrowableCollector.java:73)
	at org.junit.platform.engine.support.hierarchical.NodeTestTask.lambda$executeRecursively$8(NodeTestTask.java:141)
	at org.junit.platform.engine.support.hierarchical.Node.around(Node.java:137)
	at org.junit.platform.engine.support.hierarchical.NodeTestTask.lambda$executeRecursively$9(NodeTestTask.java:139)
	at org.junit.platform.engine.support.hierarchical.ThrowableCollector.execute(ThrowableCollector.java:73)
	at org.junit.platform.engine.support.hierarchical.NodeTestTask.executeRecursively(NodeTestTask.java:138)
	at org.junit.platform.engine.support.hierarchical.NodeTestTask.execute(NodeTestTask.java:95)
	at java.util.ArrayList.forEach(ArrayList.java:1259)
	at org.junit.platform.engine.support.hierarchical.SameThreadHierarchicalTestExecutorService.invokeAll(SameThreadHierarchicalTestExecutorService.java:41)
	at org.junit.platform.engine.support.hierarchical.NodeTestTask.lambda$executeRecursively$6(NodeTestTask.java:155)
	at org.junit.platform.engine.support.hierarchical.ThrowableCollector.execute(ThrowableCollector.java:73)
	at org.junit.platform.engine.support.hierarchical.NodeTestTask.lambda$executeRecursively$8(NodeTestTask.java:141)
	at org.junit.platform.engine.support.hierarchical.Node.around(Node.java:137)
	at org.junit.platform.engine.support.hierarchical.NodeTestTask.lambda$executeRecursively$9(NodeTestTask.java:139)
	at org.junit.platform.engine.support.hierarchical.ThrowableCollector.execute(ThrowableCollector.java:73)
	at org.junit.platform.engine.support.hierarchical.NodeTestTask.executeRecursively(NodeTestTask.java:138)
	at org.junit.platform.engine.support.hierarchical.NodeTestTask.execute(NodeTestTask.java:95)
	at java.util.ArrayList.forEach(ArrayList.java:1259)
	at org.junit.platform.engine.support.hierarchical.SameThreadHierarchicalTestExecutorService.invokeAll(SameThreadHierarchicalTestExecutorService.java:41)
	at org.junit.platform.engine.support.hierarchical.NodeTestTask.lambda$executeRecursively$6(NodeTestTask.java:155)
	at org.junit.platform.engine.support.hierarchical.ThrowableCollector.execute(ThrowableCollector.java:73)
	at org.junit.platform.engine.support.hierarchical.NodeTestTask.lambda$executeRecursively$8(NodeTestTask.java:141)
	at org.junit.platform.engine.support.hierarchical.Node.around(Node.java:137)
	at org.junit.platform.engine.support.hierarchical.NodeTestTask.lambda$executeRecursively$9(NodeTestTask.java:139)
	at org.junit.platform.engine.support.hierarchical.ThrowableCollector.execute(ThrowableCollector.java:73)
	at org.junit.platform.engine.support.hierarchical.NodeTestTask.executeRecursively(NodeTestTask.java:138)
	at org.junit.platform.engine.support.hierarchical.NodeTestTask.execute(NodeTestTask.java:95)
	at org.junit.platform.engine.support.hierarchical.SameThreadHierarchicalTestExecutorService.submit(SameThreadHierarchicalTestExecutorService.java:35)
	at org.junit.platform.engine.support.hierarchical.HierarchicalTestExecutor.execute(HierarchicalTestExecutor.java:57)
	at org.junit.platform.engine.support.hierarchical.HierarchicalTestEngine.execute(HierarchicalTestEngine.java:54)
	at org.junit.platform.launcher.core.EngineExecutionOrchestrator.execute(EngineExecutionOrchestrator.java:107)
	at org.junit.platform.launcher.core.EngineExecutionOrchestrator.execute(EngineExecutionOrchestrator.java:88)
	at org.junit.platform.launcher.core.EngineExecutionOrchestrator.lambda$execute$0(EngineExecutionOrchestrator.java:54)
	at org.junit.platform.launcher.core.EngineExecutionOrchestrator.withInterceptedStreams(EngineExecutionOrchestrator.java:67)
	at org.junit.platform.launcher.core.EngineExecutionOrchestrator.execute(EngineExecutionOrchestrator.java:52)
	at org.junit.platform.launcher.core.DefaultLauncher.execute(DefaultLauncher.java:114)
	at org.junit.platform.launcher.core.DefaultLauncher.execute(DefaultLauncher.java:86)
	at org.junit.platform.launcher.core.DefaultLauncherSession$DelegatingLauncher.execute(DefaultLauncherSession.java:86)
	at org.junit.platform.launcher.core.SessionPerRequestLauncher.execute(SessionPerRequestLauncher.java:53)
	at org.apache.maven.surefire.junitplatform.JUnitPlatformProvider.execute(JUnitPlatformProvider.java:188)
	at org.apache.maven.surefire.junitplatform.JUnitPlatformProvider.invokeAllTests(JUnitPlatformProvider.java:154)
	at org.apache.maven.surefire.junitplatform.JUnitPlatformProvider.invoke(JUnitPlatformProvider.java:124)
	at org.apache.maven.surefire.booter.ForkedBooter.runSuitesInProcess(ForkedBooter.java:428)
	at org.apache.maven.surefire.booter.ForkedBooter.execute(ForkedBooter.java:162)
	at org.apache.maven.surefire.booter.ForkedBooter.run(ForkedBooter.java:562)
	at org.apache.maven.surefire.booter.ForkedBooter.main(ForkedBooter.java:548)
2023-05-17 09:10:03,122 [Listener at 127.0.0.1/15004] ERROR scm.XceiverClientGrpc (XceiverClientGrpc.java:sendCommandWithRetry(453)) - Failed to execute command ReadChunk on the pipeline Pipeline[ Id: 198e1bf6-3ffb-4307-8ad0-a7669f4b16a5, Nodes: bcbacd9a-ca93-42dd-bb1e-f9c21d91cd60(fv-az41-747.zje5jq5y5x4uznwvdkgxk4wc2h.cx.internal.cloudapp.net/10.1.0.64)5b9af961-56be-4fa8-844e-3cefe1429416(fv-az41-747.zje5jq5y5x4uznwvdkgxk4wc2h.cx.internal.cloudapp.net/10.1.0.64)5b9fa8c3-08c3-43f9-b175-3119fbbe3900(fv-az41-747.zje5jq5y5x4uznwvdkgxk4wc2h.cx.internal.cloudapp.net/10.1.0.64), ReplicationConfig: STANDALONE/THREE, State:OPEN, leaderId:bcbacd9a-ca93-42dd-bb1e-f9c21d91cd60, CreationTimestamp2023-05-17T09:09:06.186Z[Etc/UTC]].
2023-05-17 09:10:03,123 [Listener at 127.0.0.1/15004] WARN  storage.ContainerProtocolCalls (ContainerProtocolCalls.java:tryEachDatanode(147)) - Failed to read chunk 111677748019200389_chunk_1 (len=12) conID: 18 locID: 111677748019200389 bcsId: 167 from 5b9af961-56be-4fa8-844e-3cefe1429416(fv-az41-747.zje5jq5y5x4uznwvdkgxk4wc2h.cx.internal.cloudapp.net/10.1.0.64); will try another datanode.
org.apache.hadoop.ozone.common.OzoneChecksumException: Checksum mismatch at index 0
	at org.apache.hadoop.ozone.common.ChecksumData.verifyChecksumDataMatches(ChecksumData.java:139)
	at org.apache.hadoop.ozone.common.Checksum.verifyChecksum(Checksum.java:295)
	at org.apache.hadoop.hdds.scm.storage.ChunkInputStream.lambda$new$0(ChunkInputStream.java:492)
	at org.apache.hadoop.hdds.scm.XceiverClientGrpc.sendCommandWithRetry(XceiverClientGrpc.java:410)
	at org.apache.hadoop.hdds.scm.XceiverClientGrpc.lambda$sendCommandWithTraceIDAndRetry$0(XceiverClientGrpc.java:349)
	at org.apache.hadoop.hdds.tracing.TracingUtil.executeInSpan(TracingUtil.java:196)
	at org.apache.hadoop.hdds.tracing.TracingUtil.executeInNewSpan(TracingUtil.java:170)
	at org.apache.hadoop.hdds.scm.XceiverClientGrpc.sendCommandWithTraceIDAndRetry(XceiverClientGrpc.java:343)
	at org.apache.hadoop.hdds.scm.XceiverClientGrpc.sendCommand(XceiverClientGrpc.java:324)
	at org.apache.hadoop.hdds.scm.storage.ContainerProtocolCalls.readChunk(ContainerProtocolCalls.java:355)
	at org.apache.hadoop.hdds.scm.storage.ContainerProtocolCalls.lambda$readChunk$2(ContainerProtocolCalls.java:342)
	at org.apache.hadoop.hdds.scm.storage.ContainerProtocolCalls.tryEachDatanode(ContainerProtocolCalls.java:143)
	at org.apache.hadoop.hdds.scm.storage.ContainerProtocolCalls.readChunk(ContainerProtocolCalls.java:341)
	at org.apache.hadoop.hdds.scm.storage.ChunkInputStream.readChunk(ChunkInputStream.java:430)
	at org.apache.hadoop.hdds.scm.storage.ChunkInputStream.readChunkDataIntoBuffers(ChunkInputStream.java:404)
	at org.apache.hadoop.hdds.scm.storage.ChunkInputStream.readChunkFromContainer(ChunkInputStream.java:389)
	at org.apache.hadoop.hdds.scm.storage.ChunkInputStream.prepareRead(ChunkInputStream.java:321)
	at org.apache.hadoop.hdds.scm.storage.ChunkInputStream.read(ChunkInputStream.java:175)
	at org.apache.hadoop.hdds.scm.storage.ByteArrayReader.readFromBlock(ByteArrayReader.java:57)
	at org.apache.hadoop.hdds.scm.storage.BlockInputStream.readWithStrategy(BlockInputStream.java:327)
	at org.apache.hadoop.hdds.scm.storage.ExtendedInputStream.read(ExtendedInputStream.java:56)
	at org.apache.hadoop.hdds.scm.storage.ByteArrayReader.readFromBlock(ByteArrayReader.java:57)
	at org.apache.hadoop.hdds.scm.storage.MultipartInputStream.readWithStrategy(MultipartInputStream.java:96)
	at org.apache.hadoop.hdds.scm.storage.ExtendedInputStream.read(ExtendedInputStream.java:56)
	at org.apache.hadoop.ozone.client.io.OzoneInputStream.read(OzoneInputStream.java:56)
	at java.io.InputStream.read(InputStream.java:101)
	at org.apache.hadoop.ozone.client.rpc.TestOzoneRpcClientAbstract.testReadKeyWithCorruptedDataWithMutiNodes(TestOzoneRpcClientAbstract.java:2044)
	at sun.reflect.NativeMethodAccessorImpl.invoke0(Native Method)
	at sun.reflect.NativeMethodAccessorImpl.invoke(NativeMethodAccessorImpl.java:62)
	at sun.reflect.DelegatingMethodAccessorImpl.invoke(DelegatingMethodAccessorImpl.java:43)
	at java.lang.reflect.Method.invoke(Method.java:498)
	at org.junit.platform.commons.util.ReflectionUtils.invokeMethod(ReflectionUtils.java:725)
	at org.junit.jupiter.engine.execution.MethodInvocation.proceed(MethodInvocation.java:60)
	at org.junit.jupiter.engine.execution.InvocationInterceptorChain$ValidatingInvocation.proceed(InvocationInterceptorChain.java:131)
	at org.junit.jupiter.engine.extension.TimeoutInvocation.proceed(TimeoutInvocation.java:46)
	at org.junit.jupiter.engine.extension.TimeoutExtension.intercept(TimeoutExtension.java:149)
	at org.junit.jupiter.engine.extension.TimeoutExtension.interceptTestableMethod(TimeoutExtension.java:140)
	at org.junit.jupiter.engine.extension.TimeoutExtension.interceptTestMethod(TimeoutExtension.java:84)
	at org.junit.jupiter.engine.execution.ExecutableInvoker$ReflectiveInterceptorCall.lambda$ofVoidMethod$0(ExecutableInvoker.java:115)
	at org.junit.jupiter.engine.execution.ExecutableInvoker.lambda$invoke$0(ExecutableInvoker.java:105)
	at org.junit.jupiter.engine.execution.InvocationInterceptorChain$InterceptedInvocation.proceed(InvocationInterceptorChain.java:106)
	at org.junit.jupiter.engine.execution.InvocationInterceptorChain.proceed(InvocationInterceptorChain.java:64)
	at org.junit.jupiter.engine.execution.InvocationInterceptorChain.chainAndInvoke(InvocationInterceptorChain.java:45)
	at org.junit.jupiter.engine.execution.InvocationInterceptorChain.invoke(InvocationInterceptorChain.java:37)
	at org.junit.jupiter.engine.execution.ExecutableInvoker.invoke(ExecutableInvoker.java:104)
	at org.junit.jupiter.engine.execution.ExecutableInvoker.invoke(ExecutableInvoker.java:98)
	at org.junit.jupiter.engine.descriptor.TestMethodTestDescriptor.lambda$invokeTestMethod$7(TestMethodTestDescriptor.java:214)
	at org.junit.platform.engine.support.hierarchical.ThrowableCollector.execute(ThrowableCollector.java:73)
	at org.junit.jupiter.engine.descriptor.TestMethodTestDescriptor.invokeTestMethod(TestMethodTestDescriptor.java:210)
	at org.junit.jupiter.engine.descriptor.TestMethodTestDescriptor.execute(TestMethodTestDescriptor.java:135)
	at org.junit.jupiter.engine.descriptor.TestMethodTestDescriptor.execute(TestMethodTestDescriptor.java:66)
	at org.junit.platform.engine.support.hierarchical.NodeTestTask.lambda$executeRecursively$6(NodeTestTask.java:151)
	at org.junit.platform.engine.support.hierarchical.ThrowableCollector.execute(ThrowableCollector.java:73)
	at org.junit.platform.engine.support.hierarchical.NodeTestTask.lambda$executeRecursively$8(NodeTestTask.java:141)
	at org.junit.platform.engine.support.hierarchical.Node.around(Node.java:137)
	at org.junit.platform.engine.support.hierarchical.NodeTestTask.lambda$executeRecursively$9(NodeTestTask.java:139)
	at org.junit.platform.engine.support.hierarchical.ThrowableCollector.execute(ThrowableCollector.java:73)
	at org.junit.platform.engine.support.hierarchical.NodeTestTask.executeRecursively(NodeTestTask.java:138)
	at org.junit.platform.engine.support.hierarchical.NodeTestTask.execute(NodeTestTask.java:95)
	at java.util.ArrayList.forEach(ArrayList.java:1259)
	at org.junit.platform.engine.support.hierarchical.SameThreadHierarchicalTestExecutorService.invokeAll(SameThreadHierarchicalTestExecutorService.java:41)
	at org.junit.platform.engine.support.hierarchical.NodeTestTask.lambda$executeRecursively$6(NodeTestTask.java:155)
	at org.junit.platform.engine.support.hierarchical.ThrowableCollector.execute(ThrowableCollector.java:73)
	at org.junit.platform.engine.support.hierarchical.NodeTestTask.lambda$executeRecursively$8(NodeTestTask.java:141)
	at org.junit.platform.engine.support.hierarchical.Node.around(Node.java:137)
	at org.junit.platform.engine.support.hierarchical.NodeTestTask.lambda$executeRecursively$9(NodeTestTask.java:139)
	at org.junit.platform.engine.support.hierarchical.ThrowableCollector.execute(ThrowableCollector.java:73)
	at org.junit.platform.engine.support.hierarchical.NodeTestTask.executeRecursively(NodeTestTask.java:138)
	at org.junit.platform.engine.support.hierarchical.NodeTestTask.execute(NodeTestTask.java:95)
	at java.util.ArrayList.forEach(ArrayList.java:1259)
	at org.junit.platform.engine.support.hierarchical.SameThreadHierarchicalTestExecutorService.invokeAll(SameThreadHierarchicalTestExecutorService.java:41)
	at org.junit.platform.engine.support.hierarchical.NodeTestTask.lambda$executeRecursively$6(NodeTestTask.java:155)
	at org.junit.platform.engine.support.hierarchical.ThrowableCollector.execute(ThrowableCollector.java:73)
	at org.junit.platform.engine.support.hierarchical.NodeTestTask.lambda$executeRecursively$8(NodeTestTask.java:141)
	at org.junit.platform.engine.support.hierarchical.Node.around(Node.java:137)
	at org.junit.platform.engine.support.hierarchical.NodeTestTask.lambda$executeRecursively$9(NodeTestTask.java:139)
	at org.junit.platform.engine.support.hierarchical.ThrowableCollector.execute(ThrowableCollector.java:73)
	at org.junit.platform.engine.support.hierarchical.NodeTestTask.executeRecursively(NodeTestTask.java:138)
	at org.junit.platform.engine.support.hierarchical.NodeTestTask.execute(NodeTestTask.java:95)
	at org.junit.platform.engine.support.hierarchical.SameThreadHierarchicalTestExecutorService.submit(SameThreadHierarchicalTestExecutorService.java:35)
	at org.junit.platform.engine.support.hierarchical.HierarchicalTestExecutor.execute(HierarchicalTestExecutor.java:57)
	at org.junit.platform.engine.support.hierarchical.HierarchicalTestEngine.execute(HierarchicalTestEngine.java:54)
	at org.junit.platform.launcher.core.EngineExecutionOrchestrator.execute(EngineExecutionOrchestrator.java:107)
	at org.junit.platform.launcher.core.EngineExecutionOrchestrator.execute(EngineExecutionOrchestrator.java:88)
	at org.junit.platform.launcher.core.EngineExecutionOrchestrator.lambda$execute$0(EngineExecutionOrchestrator.java:54)
	at org.junit.platform.launcher.core.EngineExecutionOrchestrator.withInterceptedStreams(EngineExecutionOrchestrator.java:67)
	at org.junit.platform.launcher.core.EngineExecutionOrchestrator.execute(EngineExecutionOrchestrator.java:52)
	at org.junit.platform.launcher.core.DefaultLauncher.execute(DefaultLauncher.java:114)
	at org.junit.platform.launcher.core.DefaultLauncher.execute(DefaultLauncher.java:86)
	at org.junit.platform.launcher.core.DefaultLauncherSession$DelegatingLauncher.execute(DefaultLauncherSession.java:86)
	at org.junit.platform.launcher.core.SessionPerRequestLauncher.execute(SessionPerRequestLauncher.java:53)
	at org.apache.maven.surefire.junitplatform.JUnitPlatformProvider.execute(JUnitPlatformProvider.java:188)
	at org.apache.maven.surefire.junitplatform.JUnitPlatformProvider.invokeAllTests(JUnitPlatformProvider.java:154)
	at org.apache.maven.surefire.junitplatform.JUnitPlatformProvider.invoke(JUnitPlatformProvider.java:124)
	at org.apache.maven.surefire.booter.ForkedBooter.runSuitesInProcess(ForkedBooter.java:428)
	at org.apache.maven.surefire.booter.ForkedBooter.execute(ForkedBooter.java:162)
	at org.apache.maven.surefire.booter.ForkedBooter.run(ForkedBooter.java:562)
	at org.apache.maven.surefire.booter.ForkedBooter.main(ForkedBooter.java:548)
2023-05-17 09:10:03,127 [Listener at 127.0.0.1/15004] ERROR scm.XceiverClientGrpc (XceiverClientGrpc.java:sendCommandWithRetry(453)) - Failed to execute command ReadChunk on the pipeline Pipeline[ Id: 198e1bf6-3ffb-4307-8ad0-a7669f4b16a5, Nodes: bcbacd9a-ca93-42dd-bb1e-f9c21d91cd60(fv-az41-747.zje5jq5y5x4uznwvdkgxk4wc2h.cx.internal.cloudapp.net/10.1.0.64)5b9af961-56be-4fa8-844e-3cefe1429416(fv-az41-747.zje5jq5y5x4uznwvdkgxk4wc2h.cx.internal.cloudapp.net/10.1.0.64)5b9fa8c3-08c3-43f9-b175-3119fbbe3900(fv-az41-747.zje5jq5y5x4uznwvdkgxk4wc2h.cx.internal.cloudapp.net/10.1.0.64), ReplicationConfig: STANDALONE/THREE, State:OPEN, leaderId:bcbacd9a-ca93-42dd-bb1e-f9c21d91cd60, CreationTimestamp2023-05-17T09:09:06.186Z[Etc/UTC]].
2023-05-17 09:10:03,132 [Listener at 127.0.0.1/15004] ERROR scm.XceiverClientGrpc (XceiverClientGrpc.java:sendCommandWithRetry(453)) - Failed to execute command ReadChunk on the pipeline Pipeline[ Id: 198e1bf6-3ffb-4307-8ad0-a7669f4b16a5, Nodes: bcbacd9a-ca93-42dd-bb1e-f9c21d91cd60(fv-az41-747.zje5jq5y5x4uznwvdkgxk4wc2h.cx.internal.cloudapp.net/10.1.0.64)5b9af961-56be-4fa8-844e-3cefe1429416(fv-az41-747.zje5jq5y5x4uznwvdkgxk4wc2h.cx.internal.cloudapp.net/10.1.0.64)5b9fa8c3-08c3-43f9-b175-3119fbbe3900(fv-az41-747.zje5jq5y5x4uznwvdkgxk4wc2h.cx.internal.cloudapp.net/10.1.0.64), ReplicationConfig: STANDALONE/THREE, State:OPEN, leaderId:bcbacd9a-ca93-42dd-bb1e-f9c21d91cd60, CreationTimestamp2023-05-17T09:09:06.186Z[Etc/UTC]].
2023-05-17 09:10:03,132 [Listener at 127.0.0.1/15004] WARN  storage.ContainerProtocolCalls (ContainerProtocolCalls.java:tryEachDatanode(147)) - Failed to read chunk 111677748019200389_chunk_1 (len=12) conID: 18 locID: 111677748019200389 bcsId: 167 from bcbacd9a-ca93-42dd-bb1e-f9c21d91cd60(fv-az41-747.zje5jq5y5x4uznwvdkgxk4wc2h.cx.internal.cloudapp.net/10.1.0.64); will try another datanode.
org.apache.hadoop.ozone.common.OzoneChecksumException: Checksum mismatch at index 0
	at org.apache.hadoop.ozone.common.ChecksumData.verifyChecksumDataMatches(ChecksumData.java:139)
	at org.apache.hadoop.ozone.common.Checksum.verifyChecksum(Checksum.java:295)
	at org.apache.hadoop.hdds.scm.storage.ChunkInputStream.lambda$new$0(ChunkInputStream.java:492)
	at org.apache.hadoop.hdds.scm.XceiverClientGrpc.sendCommandWithRetry(XceiverClientGrpc.java:410)
	at org.apache.hadoop.hdds.scm.XceiverClientGrpc.lambda$sendCommandWithTraceIDAndRetry$0(XceiverClientGrpc.java:349)
	at org.apache.hadoop.hdds.tracing.TracingUtil.executeInSpan(TracingUtil.java:196)
	at org.apache.hadoop.hdds.tracing.TracingUtil.executeInNewSpan(TracingUtil.java:170)
	at org.apache.hadoop.hdds.scm.XceiverClientGrpc.sendCommandWithTraceIDAndRetry(XceiverClientGrpc.java:343)
	at org.apache.hadoop.hdds.scm.XceiverClientGrpc.sendCommand(XceiverClientGrpc.java:324)
	at org.apache.hadoop.hdds.scm.storage.ContainerProtocolCalls.readChunk(ContainerProtocolCalls.java:355)
	at org.apache.hadoop.hdds.scm.storage.ContainerProtocolCalls.lambda$readChunk$2(ContainerProtocolCalls.java:342)
	at org.apache.hadoop.hdds.scm.storage.ContainerProtocolCalls.tryEachDatanode(ContainerProtocolCalls.java:143)
	at org.apache.hadoop.hdds.scm.storage.ContainerProtocolCalls.readChunk(ContainerProtocolCalls.java:341)
	at org.apache.hadoop.hdds.scm.storage.ChunkInputStream.readChunk(ChunkInputStream.java:430)
	at org.apache.hadoop.hdds.scm.storage.ChunkInputStream.readChunkDataIntoBuffers(ChunkInputStream.java:404)
	at org.apache.hadoop.hdds.scm.storage.ChunkInputStream.readChunkFromContainer(ChunkInputStream.java:389)
	at org.apache.hadoop.hdds.scm.storage.ChunkInputStream.prepareRead(ChunkInputStream.java:321)
	at org.apache.hadoop.hdds.scm.storage.ChunkInputStream.read(ChunkInputStream.java:175)
	at org.apache.hadoop.hdds.scm.storage.ByteArrayReader.readFromBlock(ByteArrayReader.java:57)
	at org.apache.hadoop.hdds.scm.storage.BlockInputStream.readWithStrategy(BlockInputStream.java:327)
	at org.apache.hadoop.hdds.scm.storage.ExtendedInputStream.read(ExtendedInputStream.java:56)
	at org.apache.hadoop.hdds.scm.storage.ByteArrayReader.readFromBlock(ByteArrayReader.java:57)
	at org.apache.hadoop.hdds.scm.storage.MultipartInputStream.readWithStrategy(MultipartInputStream.java:96)
	at org.apache.hadoop.hdds.scm.storage.ExtendedInputStream.read(ExtendedInputStream.java:56)
	at org.apache.hadoop.ozone.client.io.OzoneInputStream.read(OzoneInputStream.java:56)
	at java.io.InputStream.read(InputStream.java:101)
	at org.apache.hadoop.ozone.client.rpc.TestOzoneRpcClientAbstract.testReadKeyWithCorruptedDataWithMutiNodes(TestOzoneRpcClientAbstract.java:2044)
	at sun.reflect.NativeMethodAccessorImpl.invoke0(Native Method)
	at sun.reflect.NativeMethodAccessorImpl.invoke(NativeMethodAccessorImpl.java:62)
	at sun.reflect.DelegatingMethodAccessorImpl.invoke(DelegatingMethodAccessorImpl.java:43)
	at java.lang.reflect.Method.invoke(Method.java:498)
	at org.junit.platform.commons.util.ReflectionUtils.invokeMethod(ReflectionUtils.java:725)
	at org.junit.jupiter.engine.execution.MethodInvocation.proceed(MethodInvocation.java:60)
	at org.junit.jupiter.engine.execution.InvocationInterceptorChain$ValidatingInvocation.proceed(InvocationInterceptorChain.java:131)
	at org.junit.jupiter.engine.extension.TimeoutInvocation.proceed(TimeoutInvocation.java:46)
	at org.junit.jupiter.engine.extension.TimeoutExtension.intercept(TimeoutExtension.java:149)
	at org.junit.jupiter.engine.extension.TimeoutExtension.interceptTestableMethod(TimeoutExtension.java:140)
	at org.junit.jupiter.engine.extension.TimeoutExtension.interceptTestMethod(TimeoutExtension.java:84)
	at org.junit.jupiter.engine.execution.ExecutableInvoker$ReflectiveInterceptorCall.lambda$ofVoidMethod$0(ExecutableInvoker.java:115)
	at org.junit.jupiter.engine.execution.ExecutableInvoker.lambda$invoke$0(ExecutableInvoker.java:105)
	at org.junit.jupiter.engine.execution.InvocationInterceptorChain$InterceptedInvocation.proceed(InvocationInterceptorChain.java:106)
	at org.junit.jupiter.engine.execution.InvocationInterceptorChain.proceed(InvocationInterceptorChain.java:64)
	at org.junit.jupiter.engine.execution.InvocationInterceptorChain.chainAndInvoke(InvocationInterceptorChain.java:45)
	at org.junit.jupiter.engine.execution.InvocationInterceptorChain.invoke(InvocationInterceptorChain.java:37)
	at org.junit.jupiter.engine.execution.ExecutableInvoker.invoke(ExecutableInvoker.java:104)
	at org.junit.jupiter.engine.execution.ExecutableInvoker.invoke(ExecutableInvoker.java:98)
	at org.junit.jupiter.engine.descriptor.TestMethodTestDescriptor.lambda$invokeTestMethod$7(TestMethodTestDescriptor.java:214)
	at org.junit.platform.engine.support.hierarchical.ThrowableCollector.execute(ThrowableCollector.java:73)
	at org.junit.jupiter.engine.descriptor.TestMethodTestDescriptor.invokeTestMethod(TestMethodTestDescriptor.java:210)
	at org.junit.jupiter.engine.descriptor.TestMethodTestDescriptor.execute(TestMethodTestDescriptor.java:135)
	at org.junit.jupiter.engine.descriptor.TestMethodTestDescriptor.execute(TestMethodTestDescriptor.java:66)
	at org.junit.platform.engine.support.hierarchical.NodeTestTask.lambda$executeRecursively$6(NodeTestTask.java:151)
	at org.junit.platform.engine.support.hierarchical.ThrowableCollector.execute(ThrowableCollector.java:73)
	at org.junit.platform.engine.support.hierarchical.NodeTestTask.lambda$executeRecursively$8(NodeTestTask.java:141)
	at org.junit.platform.engine.support.hierarchical.Node.around(Node.java:137)
	at org.junit.platform.engine.support.hierarchical.NodeTestTask.lambda$executeRecursively$9(NodeTestTask.java:139)
	at org.junit.platform.engine.support.hierarchical.ThrowableCollector.execute(ThrowableCollector.java:73)
	at org.junit.platform.engine.support.hierarchical.NodeTestTask.executeRecursively(NodeTestTask.java:138)
	at org.junit.platform.engine.support.hierarchical.NodeTestTask.execute(NodeTestTask.java:95)
	at java.util.ArrayList.forEach(ArrayList.java:1259)
	at org.junit.platform.engine.support.hierarchical.SameThreadHierarchicalTestExecutorService.invokeAll(SameThreadHierarchicalTestExecutorService.java:41)
	at org.junit.platform.engine.support.hierarchical.NodeTestTask.lambda$executeRecursively$6(NodeTestTask.java:155)
	at org.junit.platform.engine.support.hierarchical.ThrowableCollector.execute(ThrowableCollector.java:73)
	at org.junit.platform.engine.support.hierarchical.NodeTestTask.lambda$executeRecursively$8(NodeTestTask.java:141)
	at org.junit.platform.engine.support.hierarchical.Node.around(Node.java:137)
	at org.junit.platform.engine.support.hierarchical.NodeTestTask.lambda$executeRecursively$9(NodeTestTask.java:139)
	at org.junit.platform.engine.support.hierarchical.ThrowableCollector.execute(ThrowableCollector.java:73)
	at org.junit.platform.engine.support.hierarchical.NodeTestTask.executeRecursively(NodeTestTask.java:138)
	at org.junit.platform.engine.support.hierarchical.NodeTestTask.execute(NodeTestTask.java:95)
	at java.util.ArrayList.forEach(ArrayList.java:1259)
	at org.junit.platform.engine.support.hierarchical.SameThreadHierarchicalTestExecutorService.invokeAll(SameThreadHierarchicalTestExecutorService.java:41)
	at org.junit.platform.engine.support.hierarchical.NodeTestTask.lambda$executeRecursively$6(NodeTestTask.java:155)
	at org.junit.platform.engine.support.hierarchical.ThrowableCollector.execute(ThrowableCollector.java:73)
	at org.junit.platform.engine.support.hierarchical.NodeTestTask.lambda$executeRecursively$8(NodeTestTask.java:141)
	at org.junit.platform.engine.support.hierarchical.Node.around(Node.java:137)
	at org.junit.platform.engine.support.hierarchical.NodeTestTask.lambda$executeRecursively$9(NodeTestTask.java:139)
	at org.junit.platform.engine.support.hierarchical.ThrowableCollector.execute(ThrowableCollector.java:73)
	at org.junit.platform.engine.support.hierarchical.NodeTestTask.executeRecursively(NodeTestTask.java:138)
	at org.junit.platform.engine.support.hierarchical.NodeTestTask.execute(NodeTestTask.java:95)
	at org.junit.platform.engine.support.hierarchical.SameThreadHierarchicalTestExecutorService.submit(SameThreadHierarchicalTestExecutorService.java:35)
	at org.junit.platform.engine.support.hierarchical.HierarchicalTestExecutor.execute(HierarchicalTestExecutor.java:57)
	at org.junit.platform.engine.support.hierarchical.HierarchicalTestEngine.execute(HierarchicalTestEngine.java:54)
	at org.junit.platform.launcher.core.EngineExecutionOrchestrator.execute(EngineExecutionOrchestrator.java:107)
	at org.junit.platform.launcher.core.EngineExecutionOrchestrator.execute(EngineExecutionOrchestrator.java:88)
	at org.junit.platform.launcher.core.EngineExecutionOrchestrator.lambda$execute$0(EngineExecutionOrchestrator.java:54)
	at org.junit.platform.launcher.core.EngineExecutionOrchestrator.withInterceptedStreams(EngineExecutionOrchestrator.java:67)
	at org.junit.platform.launcher.core.EngineExecutionOrchestrator.execute(EngineExecutionOrchestrator.java:52)
	at org.junit.platform.launcher.core.DefaultLauncher.execute(DefaultLauncher.java:114)
	at org.junit.platform.launcher.core.DefaultLauncher.execute(DefaultLauncher.java:86)
	at org.junit.platform.launcher.core.DefaultLauncherSession$DelegatingLauncher.execute(DefaultLauncherSession.java:86)
	at org.junit.platform.launcher.core.SessionPerRequestLauncher.execute(SessionPerRequestLauncher.java:53)
	at org.apache.maven.surefire.junitplatform.JUnitPlatformProvider.execute(JUnitPlatformProvider.java:188)
	at org.apache.maven.surefire.junitplatform.JUnitPlatformProvider.invokeAllTests(JUnitPlatformProvider.java:154)
	at org.apache.maven.surefire.junitplatform.JUnitPlatformProvider.invoke(JUnitPlatformProvider.java:124)
	at org.apache.maven.surefire.booter.ForkedBooter.runSuitesInProcess(ForkedBooter.java:428)
	at org.apache.maven.surefire.booter.ForkedBooter.execute(ForkedBooter.java:162)
	at org.apache.maven.surefire.booter.ForkedBooter.run(ForkedBooter.java:562)
	at org.apache.maven.surefire.booter.ForkedBooter.main(ForkedBooter.java:548)
2023-05-17 09:10:03,136 [Listener at 127.0.0.1/15004] ERROR scm.XceiverClientGrpc (XceiverClientGrpc.java:sendCommandWithRetry(453)) - Failed to execute command ReadChunk on the pipeline Pipeline[ Id: 198e1bf6-3ffb-4307-8ad0-a7669f4b16a5, Nodes: bcbacd9a-ca93-42dd-bb1e-f9c21d91cd60(fv-az41-747.zje5jq5y5x4uznwvdkgxk4wc2h.cx.internal.cloudapp.net/10.1.0.64)5b9af961-56be-4fa8-844e-3cefe1429416(fv-az41-747.zje5jq5y5x4uznwvdkgxk4wc2h.cx.internal.cloudapp.net/10.1.0.64)5b9fa8c3-08c3-43f9-b175-3119fbbe3900(fv-az41-747.zje5jq5y5x4uznwvdkgxk4wc2h.cx.internal.cloudapp.net/10.1.0.64), ReplicationConfig: STANDALONE/THREE, State:OPEN, leaderId:bcbacd9a-ca93-42dd-bb1e-f9c21d91cd60, CreationTimestamp2023-05-17T09:09:06.186Z[Etc/UTC]].
2023-05-17 09:10:03,137 [Listener at 127.0.0.1/15004] WARN  storage.ContainerProtocolCalls (ContainerProtocolCalls.java:tryEachDatanode(147)) - Failed to read chunk 111677748019200389_chunk_1 (len=12) conID: 18 locID: 111677748019200389 bcsId: 167 from 5b9af961-56be-4fa8-844e-3cefe1429416(fv-az41-747.zje5jq5y5x4uznwvdkgxk4wc2h.cx.internal.cloudapp.net/10.1.0.64); will try another datanode.
org.apache.hadoop.ozone.common.OzoneChecksumException: Checksum mismatch at index 0
	at org.apache.hadoop.ozone.common.ChecksumData.verifyChecksumDataMatches(ChecksumData.java:139)
	at org.apache.hadoop.ozone.common.Checksum.verifyChecksum(Checksum.java:295)
	at org.apache.hadoop.hdds.scm.storage.ChunkInputStream.lambda$new$0(ChunkInputStream.java:492)
	at org.apache.hadoop.hdds.scm.XceiverClientGrpc.sendCommandWithRetry(XceiverClientGrpc.java:410)
	at org.apache.hadoop.hdds.scm.XceiverClientGrpc.lambda$sendCommandWithTraceIDAndRetry$0(XceiverClientGrpc.java:349)
	at org.apache.hadoop.hdds.tracing.TracingUtil.executeInSpan(TracingUtil.java:196)
	at org.apache.hadoop.hdds.tracing.TracingUtil.executeInNewSpan(TracingUtil.java:170)
	at org.apache.hadoop.hdds.scm.XceiverClientGrpc.sendCommandWithTraceIDAndRetry(XceiverClientGrpc.java:343)
	at org.apache.hadoop.hdds.scm.XceiverClientGrpc.sendCommand(XceiverClientGrpc.java:324)
	at org.apache.hadoop.hdds.scm.storage.ContainerProtocolCalls.readChunk(ContainerProtocolCalls.java:355)
	at org.apache.hadoop.hdds.scm.storage.ContainerProtocolCalls.lambda$readChunk$2(ContainerProtocolCalls.java:342)
	at org.apache.hadoop.hdds.scm.storage.ContainerProtocolCalls.tryEachDatanode(ContainerProtocolCalls.java:143)
	at org.apache.hadoop.hdds.scm.storage.ContainerProtocolCalls.readChunk(ContainerProtocolCalls.java:341)
	at org.apache.hadoop.hdds.scm.storage.ChunkInputStream.readChunk(ChunkInputStream.java:430)
	at org.apache.hadoop.hdds.scm.storage.ChunkInputStream.readChunkDataIntoBuffers(ChunkInputStream.java:404)
	at org.apache.hadoop.hdds.scm.storage.ChunkInputStream.readChunkFromContainer(ChunkInputStream.java:389)
	at org.apache.hadoop.hdds.scm.storage.ChunkInputStream.prepareRead(ChunkInputStream.java:321)
	at org.apache.hadoop.hdds.scm.storage.ChunkInputStream.read(ChunkInputStream.java:175)
	at org.apache.hadoop.hdds.scm.storage.ByteArrayReader.readFromBlock(ByteArrayReader.java:57)
	at org.apache.hadoop.hdds.scm.storage.BlockInputStream.readWithStrategy(BlockInputStream.java:327)
	at org.apache.hadoop.hdds.scm.storage.ExtendedInputStream.read(ExtendedInputStream.java:56)
	at org.apache.hadoop.hdds.scm.storage.ByteArrayReader.readFromBlock(ByteArrayReader.java:57)
	at org.apache.hadoop.hdds.scm.storage.MultipartInputStream.readWithStrategy(MultipartInputStream.java:96)
	at org.apache.hadoop.hdds.scm.storage.ExtendedInputStream.read(ExtendedInputStream.java:56)
	at org.apache.hadoop.ozone.client.io.OzoneInputStream.read(OzoneInputStream.java:56)
	at java.io.InputStream.read(InputStream.java:101)
	at org.apache.hadoop.ozone.client.rpc.TestOzoneRpcClientAbstract.testReadKeyWithCorruptedDataWithMutiNodes(TestOzoneRpcClientAbstract.java:2044)
	at sun.reflect.NativeMethodAccessorImpl.invoke0(Native Method)
	at sun.reflect.NativeMethodAccessorImpl.invoke(NativeMethodAccessorImpl.java:62)
	at sun.reflect.DelegatingMethodAccessorImpl.invoke(DelegatingMethodAccessorImpl.java:43)
	at java.lang.reflect.Method.invoke(Method.java:498)
	at org.junit.platform.commons.util.ReflectionUtils.invokeMethod(ReflectionUtils.java:725)
	at org.junit.jupiter.engine.execution.MethodInvocation.proceed(MethodInvocation.java:60)
	at org.junit.jupiter.engine.execution.InvocationInterceptorChain$ValidatingInvocation.proceed(InvocationInterceptorChain.java:131)
	at org.junit.jupiter.engine.extension.TimeoutInvocation.proceed(TimeoutInvocation.java:46)
	at org.junit.jupiter.engine.extension.TimeoutExtension.intercept(TimeoutExtension.java:149)
	at org.junit.jupiter.engine.extension.TimeoutExtension.interceptTestableMethod(TimeoutExtension.java:140)
	at org.junit.jupiter.engine.extension.TimeoutExtension.interceptTestMethod(TimeoutExtension.java:84)
	at org.junit.jupiter.engine.execution.ExecutableInvoker$ReflectiveInterceptorCall.lambda$ofVoidMethod$0(ExecutableInvoker.java:115)
	at org.junit.jupiter.engine.execution.ExecutableInvoker.lambda$invoke$0(ExecutableInvoker.java:105)
	at org.junit.jupiter.engine.execution.InvocationInterceptorChain$InterceptedInvocation.proceed(InvocationInterceptorChain.java:106)
	at org.junit.jupiter.engine.execution.InvocationInterceptorChain.proceed(InvocationInterceptorChain.java:64)
	at org.junit.jupiter.engine.execution.InvocationInterceptorChain.chainAndInvoke(InvocationInterceptorChain.java:45)
	at org.junit.jupiter.engine.execution.InvocationInterceptorChain.invoke(InvocationInterceptorChain.java:37)
	at org.junit.jupiter.engine.execution.ExecutableInvoker.invoke(ExecutableInvoker.java:104)
	at org.junit.jupiter.engine.execution.ExecutableInvoker.invoke(ExecutableInvoker.java:98)
	at org.junit.jupiter.engine.descriptor.TestMethodTestDescriptor.lambda$invokeTestMethod$7(TestMethodTestDescriptor.java:214)
	at org.junit.platform.engine.support.hierarchical.ThrowableCollector.execute(ThrowableCollector.java:73)
	at org.junit.jupiter.engine.descriptor.TestMethodTestDescriptor.invokeTestMethod(TestMethodTestDescriptor.java:210)
	at org.junit.jupiter.engine.descriptor.TestMethodTestDescriptor.execute(TestMethodTestDescriptor.java:135)
	at org.junit.jupiter.engine.descriptor.TestMethodTestDescriptor.execute(TestMethodTestDescriptor.java:66)
	at org.junit.platform.engine.support.hierarchical.NodeTestTask.lambda$executeRecursively$6(NodeTestTask.java:151)
	at org.junit.platform.engine.support.hierarchical.ThrowableCollector.execute(ThrowableCollector.java:73)
	at org.junit.platform.engine.support.hierarchical.NodeTestTask.lambda$executeRecursively$8(NodeTestTask.java:141)
	at org.junit.platform.engine.support.hierarchical.Node.around(Node.java:137)
	at org.junit.platform.engine.support.hierarchical.NodeTestTask.lambda$executeRecursively$9(NodeTestTask.java:139)
	at org.junit.platform.engine.support.hierarchical.ThrowableCollector.execute(ThrowableCollector.java:73)
	at org.junit.platform.engine.support.hierarchical.NodeTestTask.executeRecursively(NodeTestTask.java:138)
	at org.junit.platform.engine.support.hierarchical.NodeTestTask.execute(NodeTestTask.java:95)
	at java.util.ArrayList.forEach(ArrayList.java:1259)
	at org.junit.platform.engine.support.hierarchical.SameThreadHierarchicalTestExecutorService.invokeAll(SameThreadHierarchicalTestExecutorService.java:41)
	at org.junit.platform.engine.support.hierarchical.NodeTestTask.lambda$executeRecursively$6(NodeTestTask.java:155)
	at org.junit.platform.engine.support.hierarchical.ThrowableCollector.execute(ThrowableCollector.java:73)
	at org.junit.platform.engine.support.hierarchical.NodeTestTask.lambda$executeRecursively$8(NodeTestTask.java:141)
	at org.junit.platform.engine.support.hierarchical.Node.around(Node.java:137)
	at org.junit.platform.engine.support.hierarchical.NodeTestTask.lambda$executeRecursively$9(NodeTestTask.java:139)
	at org.junit.platform.engine.support.hierarchical.ThrowableCollector.execute(ThrowableCollector.java:73)
	at org.junit.platform.engine.support.hierarchical.NodeTestTask.executeRecursively(NodeTestTask.java:138)
	at org.junit.platform.engine.support.hierarchical.NodeTestTask.execute(NodeTestTask.java:95)
	at java.util.ArrayList.forEach(ArrayList.java:1259)
	at org.junit.platform.engine.support.hierarchical.SameThreadHierarchicalTestExecutorService.invokeAll(SameThreadHierarchicalTestExecutorService.java:41)
	at org.junit.platform.engine.support.hierarchical.NodeTestTask.lambda$executeRecursively$6(NodeTestTask.java:155)
	at org.junit.platform.engine.support.hierarchical.ThrowableCollector.execute(ThrowableCollector.java:73)
	at org.junit.platform.engine.support.hierarchical.NodeTestTask.lambda$executeRecursively$8(NodeTestTask.java:141)
	at org.junit.platform.engine.support.hierarchical.Node.around(Node.java:137)
	at org.junit.platform.engine.support.hierarchical.NodeTestTask.lambda$executeRecursively$9(NodeTestTask.java:139)
	at org.junit.platform.engine.support.hierarchical.ThrowableCollector.execute(ThrowableCollector.java:73)
	at org.junit.platform.engine.support.hierarchical.NodeTestTask.executeRecursively(NodeTestTask.java:138)
	at org.junit.platform.engine.support.hierarchical.NodeTestTask.execute(NodeTestTask.java:95)
	at org.junit.platform.engine.support.hierarchical.SameThreadHierarchicalTestExecutorService.submit(SameThreadHierarchicalTestExecutorService.java:35)
	at org.junit.platform.engine.support.hierarchical.HierarchicalTestExecutor.execute(HierarchicalTestExecutor.java:57)
	at org.junit.platform.engine.support.hierarchical.HierarchicalTestEngine.execute(HierarchicalTestEngine.java:54)
	at org.junit.platform.launcher.core.EngineExecutionOrchestrator.execute(EngineExecutionOrchestrator.java:107)
	at org.junit.platform.launcher.core.EngineExecutionOrchestrator.execute(EngineExecutionOrchestrator.java:88)
	at org.junit.platform.launcher.core.EngineExecutionOrchestrator.lambda$execute$0(EngineExecutionOrchestrator.java:54)
	at org.junit.platform.launcher.core.EngineExecutionOrchestrator.withInterceptedStreams(EngineExecutionOrchestrator.java:67)
	at org.junit.platform.launcher.core.EngineExecutionOrchestrator.execute(EngineExecutionOrchestrator.java:52)
	at org.junit.platform.launcher.core.DefaultLauncher.execute(DefaultLauncher.java:114)
	at org.junit.platform.launcher.core.DefaultLauncher.execute(DefaultLauncher.java:86)
	at org.junit.platform.launcher.core.DefaultLauncherSession$DelegatingLauncher.execute(DefaultLauncherSession.java:86)
	at org.junit.platform.launcher.core.SessionPerRequestLauncher.execute(SessionPerRequestLauncher.java:53)
	at org.apache.maven.surefire.junitplatform.JUnitPlatformProvider.execute(JUnitPlatformProvider.java:188)
	at org.apache.maven.surefire.junitplatform.JUnitPlatformProvider.invokeAllTests(JUnitPlatformProvider.java:154)
	at org.apache.maven.surefire.junitplatform.JUnitPlatformProvider.invoke(JUnitPlatformProvider.java:124)
	at org.apache.maven.surefire.booter.ForkedBooter.runSuitesInProcess(ForkedBooter.java:428)
	at org.apache.maven.surefire.booter.ForkedBooter.execute(ForkedBooter.java:162)
	at org.apache.maven.surefire.booter.ForkedBooter.run(ForkedBooter.java:562)
	at org.apache.maven.surefire.booter.ForkedBooter.main(ForkedBooter.java:548)
2023-05-17 09:10:03,145 [Listener at 127.0.0.1/15004] ERROR scm.XceiverClientGrpc (XceiverClientGrpc.java:sendCommandWithRetry(453)) - Failed to execute command ReadChunk on the pipeline Pipeline[ Id: 198e1bf6-3ffb-4307-8ad0-a7669f4b16a5, Nodes: bcbacd9a-ca93-42dd-bb1e-f9c21d91cd60(fv-az41-747.zje5jq5y5x4uznwvdkgxk4wc2h.cx.internal.cloudapp.net/10.1.0.64)5b9af961-56be-4fa8-844e-3cefe1429416(fv-az41-747.zje5jq5y5x4uznwvdkgxk4wc2h.cx.internal.cloudapp.net/10.1.0.64)5b9fa8c3-08c3-43f9-b175-3119fbbe3900(fv-az41-747.zje5jq5y5x4uznwvdkgxk4wc2h.cx.internal.cloudapp.net/10.1.0.64), ReplicationConfig: STANDALONE/THREE, State:OPEN, leaderId:bcbacd9a-ca93-42dd-bb1e-f9c21d91cd60, CreationTimestamp2023-05-17T09:09:06.186Z[Etc/UTC]].
]]></system-out>
  </testcase>
  <testcase name="testReadKeyWithVerifyChecksumFlagDisable" classname="org.apache.hadoop.ozone.client.rpc.TestSecureOzoneRpcClient" time="0.074">
    <system-out><![CDATA[2023-05-17 09:10:03,148 [Listener at 127.0.0.1/15004] INFO  rpc.RpcClient (RpcClient.java:createVolume(476)) - Creating Volume: 9b586339-3a73-4ec4-9923-2fccad0b550b, with runner as owner and space quota set to -1 bytes, counts quota set to -1
2023-05-17 09:10:03,150 [OM StateMachine ApplyTransaction Thread - 0] INFO  volume.OMVolumeCreateRequest (OMVolumeCreateRequest.java:validateAndUpdateCache(196)) - created volume:9b586339-3a73-4ec4-9923-2fccad0b550b for user:runner
2023-05-17 09:10:03,151 [Listener at 127.0.0.1/15004] INFO  rpc.RpcClient (RpcClient.java:createBucket(698)) - Creating Bucket: 9b586339-3a73-4ec4-9923-2fccad0b550b/76f82f32-5c6a-440c-83ab-7533491dcf23, with server-side default bucket layout, runner as owner, Versioning false, Storage Type set to DISK and Encryption set to false, Replication Type set to server-side default replication type, Namespace Quota set to -1, Space Quota set to -1 
2023-05-17 09:10:03,153 [OM StateMachine ApplyTransaction Thread - 0] INFO  bucket.OMBucketCreateRequest (OMBucketCreateRequest.java:validateAndUpdateCache(270)) - created bucket: 76f82f32-5c6a-440c-83ab-7533491dcf23 of layout OBJECT_STORE in volume: 9b586339-3a73-4ec4-9923-2fccad0b550b
2023-05-17 09:10:03,175 [IPC Server handler 5 on default port 15001] WARN  node.SCMNodeManager (SCMNodeManager.java:getNodesByAddress(1372)) - Cannot find node for address 127.0.0.1
2023-05-17 09:10:03,204 [IPC Server handler 11 on default port 15001] WARN  node.SCMNodeManager (SCMNodeManager.java:getNodesByAddress(1372)) - Cannot find node for address 127.0.0.1
]]></system-out>
  </testcase>
  <testcase name="testReadKeyWithVerifyChecksumFlagEnable" classname="org.apache.hadoop.ozone.client.rpc.TestSecureOzoneRpcClient" time="0.132">
    <system-out><![CDATA[2023-05-17 09:10:03,222 [Listener at 127.0.0.1/15004] INFO  rpc.RpcClient (RpcClient.java:createVolume(476)) - Creating Volume: d0af2f70-ff93-48cd-aaeb-46fce108a2e1, with runner as owner and space quota set to -1 bytes, counts quota set to -1
2023-05-17 09:10:03,224 [OM StateMachine ApplyTransaction Thread - 0] INFO  volume.OMVolumeCreateRequest (OMVolumeCreateRequest.java:validateAndUpdateCache(196)) - created volume:d0af2f70-ff93-48cd-aaeb-46fce108a2e1 for user:runner
2023-05-17 09:10:03,226 [Listener at 127.0.0.1/15004] INFO  rpc.RpcClient (RpcClient.java:createBucket(698)) - Creating Bucket: d0af2f70-ff93-48cd-aaeb-46fce108a2e1/5c56ac19-2689-40f3-a4eb-033633340256, with server-side default bucket layout, runner as owner, Versioning false, Storage Type set to DISK and Encryption set to false, Replication Type set to server-side default replication type, Namespace Quota set to -1, Space Quota set to -1 
2023-05-17 09:10:03,228 [OM StateMachine ApplyTransaction Thread - 0] INFO  bucket.OMBucketCreateRequest (OMBucketCreateRequest.java:validateAndUpdateCache(270)) - created bucket: 5c56ac19-2689-40f3-a4eb-033633340256 of layout OBJECT_STORE in volume: d0af2f70-ff93-48cd-aaeb-46fce108a2e1
2023-05-17 09:10:03,245 [IPC Server handler 6 on default port 15001] WARN  node.SCMNodeManager (SCMNodeManager.java:getNodesByAddress(1372)) - Cannot find node for address 127.0.0.1
2023-05-17 09:10:03,319 [BlockDeletingService#0] INFO  interfaces.ContainerDeletionChoosingPolicyTemplate (ContainerDeletionChoosingPolicyTemplate.java:chooseContainerForBlockDeletion(83)) - Chosen 0/5000 blocks from 0 candidate containers.
2023-05-17 09:10:03,327 [IPC Server handler 3 on default port 15001] WARN  node.SCMNodeManager (SCMNodeManager.java:getNodesByAddress(1372)) - Cannot find node for address 127.0.0.1
2023-05-17 09:10:03,343 [Listener at 127.0.0.1/15004] ERROR scm.XceiverClientGrpc (XceiverClientGrpc.java:sendCommandWithRetry(453)) - Failed to execute command ReadChunk on the pipeline Pipeline[ Id: 8d49c4f6-b2ef-40cf-bdb9-9a9143d8a2c4, Nodes: 5b9af961-56be-4fa8-844e-3cefe1429416(fv-az41-747.zje5jq5y5x4uznwvdkgxk4wc2h.cx.internal.cloudapp.net/10.1.0.64), ReplicationConfig: STANDALONE/ONE, State:OPEN, leaderId:5b9af961-56be-4fa8-844e-3cefe1429416, CreationTimestamp2023-05-17T09:09:05.796Z[Etc/UTC]].
2023-05-17 09:10:03,345 [Listener at 127.0.0.1/15004] ERROR scm.XceiverClientGrpc (XceiverClientGrpc.java:sendCommandWithRetry(453)) - Failed to execute command ReadChunk on the pipeline Pipeline[ Id: 8d49c4f6-b2ef-40cf-bdb9-9a9143d8a2c4, Nodes: 5b9af961-56be-4fa8-844e-3cefe1429416(fv-az41-747.zje5jq5y5x4uznwvdkgxk4wc2h.cx.internal.cloudapp.net/10.1.0.64), ReplicationConfig: STANDALONE/ONE, State:OPEN, leaderId:5b9af961-56be-4fa8-844e-3cefe1429416, CreationTimestamp2023-05-17T09:09:05.796Z[Etc/UTC]].
2023-05-17 09:10:03,348 [Listener at 127.0.0.1/15004] ERROR scm.XceiverClientGrpc (XceiverClientGrpc.java:sendCommandWithRetry(453)) - Failed to execute command ReadChunk on the pipeline Pipeline[ Id: 8d49c4f6-b2ef-40cf-bdb9-9a9143d8a2c4, Nodes: 5b9af961-56be-4fa8-844e-3cefe1429416(fv-az41-747.zje5jq5y5x4uznwvdkgxk4wc2h.cx.internal.cloudapp.net/10.1.0.64), ReplicationConfig: STANDALONE/ONE, State:OPEN, leaderId:5b9af961-56be-4fa8-844e-3cefe1429416, CreationTimestamp2023-05-17T09:09:05.796Z[Etc/UTC]].
]]></system-out>
  </testcase>
  <testcase name="testRemoveBucketAcl" classname="org.apache.hadoop.ozone.client.rpc.TestSecureOzoneRpcClient" time="0.015">
    <system-out><![CDATA[2023-05-17 09:10:03,355 [Listener at 127.0.0.1/15004] INFO  rpc.RpcClient (RpcClient.java:createVolume(476)) - Creating Volume: deefb495-f70c-4a49-850d-6bb35937faae, with runner as owner and space quota set to -1 bytes, counts quota set to -1
2023-05-17 09:10:03,357 [OM StateMachine ApplyTransaction Thread - 0] INFO  volume.OMVolumeCreateRequest (OMVolumeCreateRequest.java:validateAndUpdateCache(196)) - created volume:deefb495-f70c-4a49-850d-6bb35937faae for user:runner
2023-05-17 09:10:03,359 [Listener at 127.0.0.1/15004] INFO  rpc.RpcClient (RpcClient.java:createBucket(698)) - Creating Bucket: deefb495-f70c-4a49-850d-6bb35937faae/e208046c-fc03-4dec-a972-a57e0e46d64a, with server-side default bucket layout, runner as owner, Versioning false, Storage Type set to DISK and Encryption set to false, Replication Type set to server-side default replication type, Namespace Quota set to -1, Space Quota set to -1 
2023-05-17 09:10:03,360 [OM StateMachine ApplyTransaction Thread - 0] INFO  bucket.OMBucketCreateRequest (OMBucketCreateRequest.java:validateAndUpdateCache(270)) - created bucket: e208046c-fc03-4dec-a972-a57e0e46d64a of layout OBJECT_STORE in volume: deefb495-f70c-4a49-850d-6bb35937faae
]]></system-out>
  </testcase>
  <testcase name="testRemoveBucketAclUsingRpcClientRemoveAcl" classname="org.apache.hadoop.ozone.client.rpc.TestSecureOzoneRpcClient" time="0.01">
    <system-out><![CDATA[2023-05-17 09:10:03,369 [Listener at 127.0.0.1/15004] INFO  rpc.RpcClient (RpcClient.java:createVolume(476)) - Creating Volume: 27b22b11-9527-4018-9dd8-470efe3360fb, with runner as owner and space quota set to -1 bytes, counts quota set to -1
2023-05-17 09:10:03,371 [OM StateMachine ApplyTransaction Thread - 0] INFO  volume.OMVolumeCreateRequest (OMVolumeCreateRequest.java:validateAndUpdateCache(196)) - created volume:27b22b11-9527-4018-9dd8-470efe3360fb for user:runner
2023-05-17 09:10:03,372 [Listener at 127.0.0.1/15004] INFO  rpc.RpcClient (RpcClient.java:createBucket(698)) - Creating Bucket: 27b22b11-9527-4018-9dd8-470efe3360fb/5acbebcd-e6ff-4a56-95f9-a6cf21762f0a, with server-side default bucket layout, runner as owner, Versioning false, Storage Type set to DISK and Encryption set to false, Replication Type set to server-side default replication type, Namespace Quota set to -1, Space Quota set to -1 
2023-05-17 09:10:03,374 [OM StateMachine ApplyTransaction Thread - 0] INFO  bucket.OMBucketCreateRequest (OMBucketCreateRequest.java:validateAndUpdateCache(270)) - created bucket: 5acbebcd-e6ff-4a56-95f9-a6cf21762f0a of layout OBJECT_STORE in volume: 27b22b11-9527-4018-9dd8-470efe3360fb
]]></system-out>
  </testcase>
  <testcase name="testRenameKey" classname="org.apache.hadoop.ozone.client.rpc.TestSecureOzoneRpcClient" time="0.039">
    <system-out><![CDATA[2023-05-17 09:10:03,381 [Listener at 127.0.0.1/15004] INFO  rpc.RpcClient (RpcClient.java:createVolume(476)) - Creating Volume: 55f35d82-b849-4523-b343-bbf068a0b679, with runner as owner and space quota set to -1 bytes, counts quota set to -1
2023-05-17 09:10:03,383 [OM StateMachine ApplyTransaction Thread - 0] INFO  volume.OMVolumeCreateRequest (OMVolumeCreateRequest.java:validateAndUpdateCache(196)) - created volume:55f35d82-b849-4523-b343-bbf068a0b679 for user:runner
2023-05-17 09:10:03,384 [Listener at 127.0.0.1/15004] INFO  rpc.RpcClient (RpcClient.java:createBucket(698)) - Creating Bucket: 55f35d82-b849-4523-b343-bbf068a0b679/909ac48c-75b1-4ef8-81dd-5718c51f6e6d, with server-side default bucket layout, runner as owner, Versioning false, Storage Type set to DISK and Encryption set to false, Replication Type set to server-side default replication type, Namespace Quota set to -1, Space Quota set to -1 
2023-05-17 09:10:03,386 [OM StateMachine ApplyTransaction Thread - 0] INFO  bucket.OMBucketCreateRequest (OMBucketCreateRequest.java:validateAndUpdateCache(270)) - created bucket: 909ac48c-75b1-4ef8-81dd-5718c51f6e6d of layout OBJECT_STORE in volume: 55f35d82-b849-4523-b343-bbf068a0b679
2023-05-17 09:10:03,402 [IPC Server handler 7 on default port 15001] WARN  node.SCMNodeManager (SCMNodeManager.java:getNodesByAddress(1372)) - Cannot find node for address 127.0.0.1
09:10:03.408 [OM StateMachine ApplyTransaction Thread - 0] ERROR OMAudit - user=runner | ip=127.0.0.1 | op=RENAME_KEY {volume=55f35d82-b849-4523-b343-bbf068a0b679, bucket=909ac48c-75b1-4ef8-81dd-5718c51f6e6d, dataSize=0, replicationType=NONE, replicationFactor=ZERO, srcKey=1039cc78-9ef9-4d28-b9da-766e6f49b362, dstKey=} | ret=FAILURE
org.apache.hadoop.ozone.om.exceptions.OMException: Key name is empty
	at org.apache.hadoop.ozone.om.request.key.OMKeyRenameRequest.validateAndUpdateCache(OMKeyRenameRequest.java:142) ~[ozone-manager-1.4.0-SNAPSHOT.jar:?]
	at org.apache.hadoop.ozone.protocolPB.OzoneManagerRequestHandler.handleWriteRequest(OzoneManagerRequestHandler.java:337) ~[ozone-manager-1.4.0-SNAPSHOT.jar:?]
	at org.apache.hadoop.ozone.om.ratis.OzoneManagerStateMachine.runCommand(OzoneManagerStateMachine.java:567) ~[ozone-manager-1.4.0-SNAPSHOT.jar:?]
	at org.apache.hadoop.ozone.om.ratis.OzoneManagerStateMachine.lambda$1(OzoneManagerStateMachine.java:358) ~[ozone-manager-1.4.0-SNAPSHOT.jar:?]
	at java.util.concurrent.CompletableFuture$AsyncSupply.run(CompletableFuture.java:1604) [?:1.8.0_362]
	at java.util.concurrent.ThreadPoolExecutor.runWorker(ThreadPoolExecutor.java:1149) [?:1.8.0_362]
	at java.util.concurrent.ThreadPoolExecutor$Worker.run(ThreadPoolExecutor.java:624) [?:1.8.0_362]
	at java.lang.Thread.run(Thread.java:750) [?:1.8.0_362]
2023-05-17 09:10:03,408 [OM StateMachine ApplyTransaction Thread - 0] ERROR key.OMKeyRenameRequest (OMKeyRenameRequest.java:validateAndUpdateCache(232)) - Rename key failed for volume:55f35d82-b849-4523-b343-bbf068a0b679 bucket:909ac48c-75b1-4ef8-81dd-5718c51f6e6d fromKey:1039cc78-9ef9-4d28-b9da-766e6f49b362 toKey:. Key: 1039cc78-9ef9-4d28-b9da-766e6f49b362 not found.
09:10:03.414 [IPC Server handler 10 on default port 15004] ERROR OMAudit - user=runner | ip=127.0.0.1 | op=READ_KEY {volume=55f35d82-b849-4523-b343-bbf068a0b679, bucket=909ac48c-75b1-4ef8-81dd-5718c51f6e6d, key=1039cc78-9ef9-4d28-b9da-766e6f49b362, dataSize=0, replicationConfig=null} | ret=FAILURE
org.apache.hadoop.ozone.om.exceptions.OMException: Key:1039cc78-9ef9-4d28-b9da-766e6f49b362 not found
	at org.apache.hadoop.ozone.om.KeyManagerImpl.readKeyInfo(KeyManagerImpl.java:437) ~[ozone-manager-1.4.0-SNAPSHOT.jar:?]
	at org.apache.hadoop.ozone.om.KeyManagerImpl.lambda$9(KeyManagerImpl.java:1926) ~[ozone-manager-1.4.0-SNAPSHOT.jar:?]
	at org.apache.hadoop.util.MetricUtil.captureLatencyNs(MetricUtil.java:37) ~[hdds-common-1.4.0-SNAPSHOT.jar:?]
	at org.apache.hadoop.ozone.om.KeyManagerImpl.getKeyInfo(KeyManagerImpl.java:1924) ~[ozone-manager-1.4.0-SNAPSHOT.jar:?]
	at org.apache.hadoop.ozone.om.OmMetadataReader.getKeyInfo(OmMetadataReader.java:212) ~[ozone-manager-1.4.0-SNAPSHOT.jar:?]
	at org.apache.hadoop.ozone.om.OzoneManager.getKeyInfo(OzoneManager.java:2840) ~[ozone-manager-1.4.0-SNAPSHOT.jar:?]
	at org.apache.hadoop.ozone.protocolPB.OzoneManagerRequestHandler.getKeyInfo(OzoneManagerRequestHandler.java:549) ~[ozone-manager-1.4.0-SNAPSHOT.jar:?]
	at org.apache.hadoop.ozone.protocolPB.OzoneManagerRequestHandler.handleReadRequest(OzoneManagerRequestHandler.java:292) ~[ozone-manager-1.4.0-SNAPSHOT.jar:?]
	at org.apache.hadoop.ozone.protocolPB.OzoneManagerProtocolServerSideTranslatorPB.submitReadRequestToOM(OzoneManagerProtocolServerSideTranslatorPB.java:223) ~[ozone-manager-1.4.0-SNAPSHOT.jar:?]
	at org.apache.hadoop.ozone.protocolPB.OzoneManagerProtocolServerSideTranslatorPB.processRequest(OzoneManagerProtocolServerSideTranslatorPB.java:177) ~[ozone-manager-1.4.0-SNAPSHOT.jar:?]
	at org.apache.hadoop.hdds.server.OzoneProtocolMessageDispatcher.processRequest(OzoneProtocolMessageDispatcher.java:87) [hdds-server-framework-1.4.0-SNAPSHOT.jar:?]
	at org.apache.hadoop.ozone.protocolPB.OzoneManagerProtocolServerSideTranslatorPB.submitRequest(OzoneManagerProtocolServerSideTranslatorPB.java:147) [ozone-manager-1.4.0-SNAPSHOT.jar:?]
	at org.apache.hadoop.ozone.protocol.proto.OzoneManagerProtocolProtos$OzoneManagerService$2.callBlockingMethod(OzoneManagerProtocolProtos.java) [ozone-interface-client-1.4.0-SNAPSHOT.jar:?]
	at org.apache.hadoop.ipc.ProtobufRpcEngine$Server.processCall(ProtobufRpcEngine.java:484) [hadoop-common-3.3.5.jar:?]
	at org.apache.hadoop.ipc.ProtobufRpcEngine2$Server$ProtoBufRpcInvoker.call(ProtobufRpcEngine2.java:595) [hadoop-common-3.3.5.jar:?]
	at org.apache.hadoop.ipc.ProtobufRpcEngine2$Server$ProtoBufRpcInvoker.call(ProtobufRpcEngine2.java:573) [hadoop-common-3.3.5.jar:?]
	at org.apache.hadoop.ipc.RPC$Server.call(RPC.java:1213) [hadoop-common-3.3.5.jar:?]
	at org.apache.hadoop.ipc.Server$RpcCall.run(Server.java:1089) [hadoop-common-3.3.5.jar:?]
	at org.apache.hadoop.ipc.Server$RpcCall.run(Server.java:1012) [hadoop-common-3.3.5.jar:?]
	at java.security.AccessController.doPrivileged(Native Method) ~[?:1.8.0_362]
	at javax.security.auth.Subject.doAs(Subject.java:422) [?:1.8.0_362]
	at org.apache.hadoop.security.UserGroupInformation.doAs(UserGroupInformation.java:1899) [hadoop-common-3.3.5.jar:?]
	at org.apache.hadoop.ipc.Server$Handler.run(Server.java:3026) [hadoop-common-3.3.5.jar:?]
2023-05-17 09:10:03,418 [IPC Server handler 14 on default port 15001] WARN  node.SCMNodeManager (SCMNodeManager.java:getNodesByAddress(1372)) - Cannot find node for address 127.0.0.1
]]></system-out>
  </testcase>
  <testcase name="testS3Auth" classname="org.apache.hadoop.ozone.client.rpc.TestSecureOzoneRpcClient" time="0.021">
    <system-out><![CDATA[2023-05-17 09:10:03,434 [OM StateMachine ApplyTransaction Thread - 0] INFO  volume.OMVolumeCreateRequest (OMVolumeCreateRequest.java:validateAndUpdateCache(196)) - created volume:16793b11-77bd-4048-a58a-92b2e34f5390 for user:runner
2023-05-17 09:10:03,438 [Listener at 127.0.0.1/15004] ERROR protocolPB.OzoneManagerProtocolServerSideTranslatorPB (S3SecurityUtil.java:validateS3Credential(70)) - signatures do NOT match for S3 identifier:OzoneToken owner=runner, renewer=, realUser=, issueDate=1970-01-01T00:00:00Z, maxDate=1970-01-01T00:00:00Z, sequenceNumber=0, masterKeyId=0, strToSign=AWS4-HMAC-SHA256
20150830T123600Z
20150830/us-east-1/iam/aws4_request
f536975d06c0309214f805bb90ccff089219ecd68b2577efef23edd43b7e1a59, signature=5d672d79c15b13162d9279b0855cfba6789a8edb4c82c400e06b5924a6f2b5d7, awsAccessKeyId=runner, omServiceId=null, omCertSerialId=null
org.apache.hadoop.security.token.SecretManager$InvalidToken: Invalid S3 identifier:OzoneToken owner=runner, renewer=, realUser=, issueDate=1970-01-01T00:00:00Z, maxDate=1970-01-01T00:00:00Z, sequenceNumber=0, masterKeyId=0, strToSign=AWS4-HMAC-SHA256
20150830T123600Z
20150830/us-east-1/iam/aws4_request
f536975d06c0309214f805bb90ccff089219ecd68b2577efef23edd43b7e1a59, signature=5d672d79c15b13162d9279b0855cfba6789a8edb4c82c400e06b5924a6f2b5d7, awsAccessKeyId=runner, omServiceId=null, omCertSerialId=null
	at org.apache.hadoop.ozone.security.OzoneDelegationTokenSecretManager.validateS3AuthInfo(OzoneDelegationTokenSecretManager.java:523)
	at org.apache.hadoop.ozone.security.OzoneDelegationTokenSecretManager.retrievePassword(OzoneDelegationTokenSecretManager.java:419)
	at org.apache.hadoop.ozone.security.S3SecurityUtil.validateS3Credential(S3SecurityUtil.java:61)
	at org.apache.hadoop.ozone.protocolPB.OzoneManagerProtocolServerSideTranslatorPB.processRequest(OzoneManagerProtocolServerSideTranslatorPB.java:166)
	at org.apache.hadoop.hdds.server.OzoneProtocolMessageDispatcher.processRequest(OzoneProtocolMessageDispatcher.java:87)
	at org.apache.hadoop.ozone.protocolPB.OzoneManagerProtocolServerSideTranslatorPB.submitRequest(OzoneManagerProtocolServerSideTranslatorPB.java:147)
	at org.apache.hadoop.ozone.client.rpc.TestSecureOzoneRpcClient.testS3Auth(TestSecureOzoneRpcClient.java:358)
	at sun.reflect.NativeMethodAccessorImpl.invoke0(Native Method)
	at sun.reflect.NativeMethodAccessorImpl.invoke(NativeMethodAccessorImpl.java:62)
	at sun.reflect.DelegatingMethodAccessorImpl.invoke(DelegatingMethodAccessorImpl.java:43)
	at java.lang.reflect.Method.invoke(Method.java:498)
	at org.junit.platform.commons.util.ReflectionUtils.invokeMethod(ReflectionUtils.java:725)
	at org.junit.jupiter.engine.execution.MethodInvocation.proceed(MethodInvocation.java:60)
	at org.junit.jupiter.engine.execution.InvocationInterceptorChain$ValidatingInvocation.proceed(InvocationInterceptorChain.java:131)
	at org.junit.jupiter.engine.extension.TimeoutInvocation.proceed(TimeoutInvocation.java:46)
	at org.junit.jupiter.engine.extension.TimeoutExtension.intercept(TimeoutExtension.java:149)
	at org.junit.jupiter.engine.extension.TimeoutExtension.interceptTestableMethod(TimeoutExtension.java:140)
	at org.junit.jupiter.engine.extension.TimeoutExtension.interceptTestMethod(TimeoutExtension.java:84)
	at org.junit.jupiter.engine.execution.ExecutableInvoker$ReflectiveInterceptorCall.lambda$ofVoidMethod$0(ExecutableInvoker.java:115)
	at org.junit.jupiter.engine.execution.ExecutableInvoker.lambda$invoke$0(ExecutableInvoker.java:105)
	at org.junit.jupiter.engine.execution.InvocationInterceptorChain$InterceptedInvocation.proceed(InvocationInterceptorChain.java:106)
	at org.junit.jupiter.engine.execution.InvocationInterceptorChain.proceed(InvocationInterceptorChain.java:64)
	at org.junit.jupiter.engine.execution.InvocationInterceptorChain.chainAndInvoke(InvocationInterceptorChain.java:45)
	at org.junit.jupiter.engine.execution.InvocationInterceptorChain.invoke(InvocationInterceptorChain.java:37)
	at org.junit.jupiter.engine.execution.ExecutableInvoker.invoke(ExecutableInvoker.java:104)
	at org.junit.jupiter.engine.execution.ExecutableInvoker.invoke(ExecutableInvoker.java:98)
	at org.junit.jupiter.engine.descriptor.TestMethodTestDescriptor.lambda$invokeTestMethod$7(TestMethodTestDescriptor.java:214)
	at org.junit.platform.engine.support.hierarchical.ThrowableCollector.execute(ThrowableCollector.java:73)
	at org.junit.jupiter.engine.descriptor.TestMethodTestDescriptor.invokeTestMethod(TestMethodTestDescriptor.java:210)
	at org.junit.jupiter.engine.descriptor.TestMethodTestDescriptor.execute(TestMethodTestDescriptor.java:135)
	at org.junit.jupiter.engine.descriptor.TestMethodTestDescriptor.execute(TestMethodTestDescriptor.java:66)
	at org.junit.platform.engine.support.hierarchical.NodeTestTask.lambda$executeRecursively$6(NodeTestTask.java:151)
	at org.junit.platform.engine.support.hierarchical.ThrowableCollector.execute(ThrowableCollector.java:73)
	at org.junit.platform.engine.support.hierarchical.NodeTestTask.lambda$executeRecursively$8(NodeTestTask.java:141)
	at org.junit.platform.engine.support.hierarchical.Node.around(Node.java:137)
	at org.junit.platform.engine.support.hierarchical.NodeTestTask.lambda$executeRecursively$9(NodeTestTask.java:139)
	at org.junit.platform.engine.support.hierarchical.ThrowableCollector.execute(ThrowableCollector.java:73)
	at org.junit.platform.engine.support.hierarchical.NodeTestTask.executeRecursively(NodeTestTask.java:138)
	at org.junit.platform.engine.support.hierarchical.NodeTestTask.execute(NodeTestTask.java:95)
	at java.util.ArrayList.forEach(ArrayList.java:1259)
	at org.junit.platform.engine.support.hierarchical.SameThreadHierarchicalTestExecutorService.invokeAll(SameThreadHierarchicalTestExecutorService.java:41)
	at org.junit.platform.engine.support.hierarchical.NodeTestTask.lambda$executeRecursively$6(NodeTestTask.java:155)
	at org.junit.platform.engine.support.hierarchical.ThrowableCollector.execute(ThrowableCollector.java:73)
	at org.junit.platform.engine.support.hierarchical.NodeTestTask.lambda$executeRecursively$8(NodeTestTask.java:141)
	at org.junit.platform.engine.support.hierarchical.Node.around(Node.java:137)
	at org.junit.platform.engine.support.hierarchical.NodeTestTask.lambda$executeRecursively$9(NodeTestTask.java:139)
	at org.junit.platform.engine.support.hierarchical.ThrowableCollector.execute(ThrowableCollector.java:73)
	at org.junit.platform.engine.support.hierarchical.NodeTestTask.executeRecursively(NodeTestTask.java:138)
	at org.junit.platform.engine.support.hierarchical.NodeTestTask.execute(NodeTestTask.java:95)
	at java.util.ArrayList.forEach(ArrayList.java:1259)
	at org.junit.platform.engine.support.hierarchical.SameThreadHierarchicalTestExecutorService.invokeAll(SameThreadHierarchicalTestExecutorService.java:41)
	at org.junit.platform.engine.support.hierarchical.NodeTestTask.lambda$executeRecursively$6(NodeTestTask.java:155)
	at org.junit.platform.engine.support.hierarchical.ThrowableCollector.execute(ThrowableCollector.java:73)
	at org.junit.platform.engine.support.hierarchical.NodeTestTask.lambda$executeRecursively$8(NodeTestTask.java:141)
	at org.junit.platform.engine.support.hierarchical.Node.around(Node.java:137)
	at org.junit.platform.engine.support.hierarchical.NodeTestTask.lambda$executeRecursively$9(NodeTestTask.java:139)
	at org.junit.platform.engine.support.hierarchical.ThrowableCollector.execute(ThrowableCollector.java:73)
	at org.junit.platform.engine.support.hierarchical.NodeTestTask.executeRecursively(NodeTestTask.java:138)
	at org.junit.platform.engine.support.hierarchical.NodeTestTask.execute(NodeTestTask.java:95)
	at org.junit.platform.engine.support.hierarchical.SameThreadHierarchicalTestExecutorService.submit(SameThreadHierarchicalTestExecutorService.java:35)
	at org.junit.platform.engine.support.hierarchical.HierarchicalTestExecutor.execute(HierarchicalTestExecutor.java:57)
	at org.junit.platform.engine.support.hierarchical.HierarchicalTestEngine.execute(HierarchicalTestEngine.java:54)
	at org.junit.platform.launcher.core.EngineExecutionOrchestrator.execute(EngineExecutionOrchestrator.java:107)
	at org.junit.platform.launcher.core.EngineExecutionOrchestrator.execute(EngineExecutionOrchestrator.java:88)
	at org.junit.platform.launcher.core.EngineExecutionOrchestrator.lambda$execute$0(EngineExecutionOrchestrator.java:54)
	at org.junit.platform.launcher.core.EngineExecutionOrchestrator.withInterceptedStreams(EngineExecutionOrchestrator.java:67)
	at org.junit.platform.launcher.core.EngineExecutionOrchestrator.execute(EngineExecutionOrchestrator.java:52)
	at org.junit.platform.launcher.core.DefaultLauncher.execute(DefaultLauncher.java:114)
	at org.junit.platform.launcher.core.DefaultLauncher.execute(DefaultLauncher.java:86)
	at org.junit.platform.launcher.core.DefaultLauncherSession$DelegatingLauncher.execute(DefaultLauncherSession.java:86)
	at org.junit.platform.launcher.core.SessionPerRequestLauncher.execute(SessionPerRequestLauncher.java:53)
	at org.apache.maven.surefire.junitplatform.JUnitPlatformProvider.execute(JUnitPlatformProvider.java:188)
	at org.apache.maven.surefire.junitplatform.JUnitPlatformProvider.invokeAllTests(JUnitPlatformProvider.java:154)
	at org.apache.maven.surefire.junitplatform.JUnitPlatformProvider.invoke(JUnitPlatformProvider.java:124)
	at org.apache.maven.surefire.booter.ForkedBooter.runSuitesInProcess(ForkedBooter.java:428)
	at org.apache.maven.surefire.booter.ForkedBooter.execute(ForkedBooter.java:162)
	at org.apache.maven.surefire.booter.ForkedBooter.run(ForkedBooter.java:562)
	at org.apache.maven.surefire.booter.ForkedBooter.main(ForkedBooter.java:548)
2023-05-17 09:10:03,439 [Listener at 127.0.0.1/15004] ERROR protocolPB.OzoneManagerProtocolServerSideTranslatorPB (S3SecurityUtil.java:validateS3Credential(70)) - signatures do NOT match for S3 identifier:OzoneToken owner=runner, renewer=, realUser=, issueDate=1970-01-01T00:00:00Z, maxDate=1970-01-01T00:00:00Z, sequenceNumber=0, masterKeyId=0, strToSign=AWS4-HMAC-SHA256
20150830T123600Z
20150830/us-east-1/iam/aws4_request
f536975d06c0309214f805bb90ccff089219ecd68b2577efef23edd43b7e1a59, signature=5d672d79c15b13162d9279b0855cfba6789a8edb4c82c400e06b5924a6f2b5d7, awsAccessKeyId=runner, omServiceId=null, omCertSerialId=null
org.apache.hadoop.security.token.SecretManager$InvalidToken: Invalid S3 identifier:OzoneToken owner=runner, renewer=, realUser=, issueDate=1970-01-01T00:00:00Z, maxDate=1970-01-01T00:00:00Z, sequenceNumber=0, masterKeyId=0, strToSign=AWS4-HMAC-SHA256
20150830T123600Z
20150830/us-east-1/iam/aws4_request
f536975d06c0309214f805bb90ccff089219ecd68b2577efef23edd43b7e1a59, signature=5d672d79c15b13162d9279b0855cfba6789a8edb4c82c400e06b5924a6f2b5d7, awsAccessKeyId=runner, omServiceId=null, omCertSerialId=null
	at org.apache.hadoop.ozone.security.OzoneDelegationTokenSecretManager.validateS3AuthInfo(OzoneDelegationTokenSecretManager.java:523)
	at org.apache.hadoop.ozone.security.OzoneDelegationTokenSecretManager.retrievePassword(OzoneDelegationTokenSecretManager.java:419)
	at org.apache.hadoop.ozone.security.S3SecurityUtil.validateS3Credential(S3SecurityUtil.java:61)
	at org.apache.hadoop.ozone.protocolPB.OzoneManagerProtocolServerSideTranslatorPB.processRequest(OzoneManagerProtocolServerSideTranslatorPB.java:166)
	at org.apache.hadoop.hdds.server.OzoneProtocolMessageDispatcher.processRequest(OzoneProtocolMessageDispatcher.java:87)
	at org.apache.hadoop.ozone.protocolPB.OzoneManagerProtocolServerSideTranslatorPB.submitRequest(OzoneManagerProtocolServerSideTranslatorPB.java:147)
	at org.apache.hadoop.ozone.client.rpc.TestSecureOzoneRpcClient.testS3Auth(TestSecureOzoneRpcClient.java:363)
	at sun.reflect.NativeMethodAccessorImpl.invoke0(Native Method)
	at sun.reflect.NativeMethodAccessorImpl.invoke(NativeMethodAccessorImpl.java:62)
	at sun.reflect.DelegatingMethodAccessorImpl.invoke(DelegatingMethodAccessorImpl.java:43)
	at java.lang.reflect.Method.invoke(Method.java:498)
	at org.junit.platform.commons.util.ReflectionUtils.invokeMethod(ReflectionUtils.java:725)
	at org.junit.jupiter.engine.execution.MethodInvocation.proceed(MethodInvocation.java:60)
	at org.junit.jupiter.engine.execution.InvocationInterceptorChain$ValidatingInvocation.proceed(InvocationInterceptorChain.java:131)
	at org.junit.jupiter.engine.extension.TimeoutInvocation.proceed(TimeoutInvocation.java:46)
	at org.junit.jupiter.engine.extension.TimeoutExtension.intercept(TimeoutExtension.java:149)
	at org.junit.jupiter.engine.extension.TimeoutExtension.interceptTestableMethod(TimeoutExtension.java:140)
	at org.junit.jupiter.engine.extension.TimeoutExtension.interceptTestMethod(TimeoutExtension.java:84)
	at org.junit.jupiter.engine.execution.ExecutableInvoker$ReflectiveInterceptorCall.lambda$ofVoidMethod$0(ExecutableInvoker.java:115)
	at org.junit.jupiter.engine.execution.ExecutableInvoker.lambda$invoke$0(ExecutableInvoker.java:105)
	at org.junit.jupiter.engine.execution.InvocationInterceptorChain$InterceptedInvocation.proceed(InvocationInterceptorChain.java:106)
	at org.junit.jupiter.engine.execution.InvocationInterceptorChain.proceed(InvocationInterceptorChain.java:64)
	at org.junit.jupiter.engine.execution.InvocationInterceptorChain.chainAndInvoke(InvocationInterceptorChain.java:45)
	at org.junit.jupiter.engine.execution.InvocationInterceptorChain.invoke(InvocationInterceptorChain.java:37)
	at org.junit.jupiter.engine.execution.ExecutableInvoker.invoke(ExecutableInvoker.java:104)
	at org.junit.jupiter.engine.execution.ExecutableInvoker.invoke(ExecutableInvoker.java:98)
	at org.junit.jupiter.engine.descriptor.TestMethodTestDescriptor.lambda$invokeTestMethod$7(TestMethodTestDescriptor.java:214)
	at org.junit.platform.engine.support.hierarchical.ThrowableCollector.execute(ThrowableCollector.java:73)
	at org.junit.jupiter.engine.descriptor.TestMethodTestDescriptor.invokeTestMethod(TestMethodTestDescriptor.java:210)
	at org.junit.jupiter.engine.descriptor.TestMethodTestDescriptor.execute(TestMethodTestDescriptor.java:135)
	at org.junit.jupiter.engine.descriptor.TestMethodTestDescriptor.execute(TestMethodTestDescriptor.java:66)
	at org.junit.platform.engine.support.hierarchical.NodeTestTask.lambda$executeRecursively$6(NodeTestTask.java:151)
	at org.junit.platform.engine.support.hierarchical.ThrowableCollector.execute(ThrowableCollector.java:73)
	at org.junit.platform.engine.support.hierarchical.NodeTestTask.lambda$executeRecursively$8(NodeTestTask.java:141)
	at org.junit.platform.engine.support.hierarchical.Node.around(Node.java:137)
	at org.junit.platform.engine.support.hierarchical.NodeTestTask.lambda$executeRecursively$9(NodeTestTask.java:139)
	at org.junit.platform.engine.support.hierarchical.ThrowableCollector.execute(ThrowableCollector.java:73)
	at org.junit.platform.engine.support.hierarchical.NodeTestTask.executeRecursively(NodeTestTask.java:138)
	at org.junit.platform.engine.support.hierarchical.NodeTestTask.execute(NodeTestTask.java:95)
	at java.util.ArrayList.forEach(ArrayList.java:1259)
	at org.junit.platform.engine.support.hierarchical.SameThreadHierarchicalTestExecutorService.invokeAll(SameThreadHierarchicalTestExecutorService.java:41)
	at org.junit.platform.engine.support.hierarchical.NodeTestTask.lambda$executeRecursively$6(NodeTestTask.java:155)
	at org.junit.platform.engine.support.hierarchical.ThrowableCollector.execute(ThrowableCollector.java:73)
	at org.junit.platform.engine.support.hierarchical.NodeTestTask.lambda$executeRecursively$8(NodeTestTask.java:141)
	at org.junit.platform.engine.support.hierarchical.Node.around(Node.java:137)
	at org.junit.platform.engine.support.hierarchical.NodeTestTask.lambda$executeRecursively$9(NodeTestTask.java:139)
	at org.junit.platform.engine.support.hierarchical.ThrowableCollector.execute(ThrowableCollector.java:73)
	at org.junit.platform.engine.support.hierarchical.NodeTestTask.executeRecursively(NodeTestTask.java:138)
	at org.junit.platform.engine.support.hierarchical.NodeTestTask.execute(NodeTestTask.java:95)
	at java.util.ArrayList.forEach(ArrayList.java:1259)
	at org.junit.platform.engine.support.hierarchical.SameThreadHierarchicalTestExecutorService.invokeAll(SameThreadHierarchicalTestExecutorService.java:41)
	at org.junit.platform.engine.support.hierarchical.NodeTestTask.lambda$executeRecursively$6(NodeTestTask.java:155)
	at org.junit.platform.engine.support.hierarchical.ThrowableCollector.execute(ThrowableCollector.java:73)
	at org.junit.platform.engine.support.hierarchical.NodeTestTask.lambda$executeRecursively$8(NodeTestTask.java:141)
	at org.junit.platform.engine.support.hierarchical.Node.around(Node.java:137)
	at org.junit.platform.engine.support.hierarchical.NodeTestTask.lambda$executeRecursively$9(NodeTestTask.java:139)
	at org.junit.platform.engine.support.hierarchical.ThrowableCollector.execute(ThrowableCollector.java:73)
	at org.junit.platform.engine.support.hierarchical.NodeTestTask.executeRecursively(NodeTestTask.java:138)
	at org.junit.platform.engine.support.hierarchical.NodeTestTask.execute(NodeTestTask.java:95)
	at org.junit.platform.engine.support.hierarchical.SameThreadHierarchicalTestExecutorService.submit(SameThreadHierarchicalTestExecutorService.java:35)
	at org.junit.platform.engine.support.hierarchical.HierarchicalTestExecutor.execute(HierarchicalTestExecutor.java:57)
	at org.junit.platform.engine.support.hierarchical.HierarchicalTestEngine.execute(HierarchicalTestEngine.java:54)
	at org.junit.platform.launcher.core.EngineExecutionOrchestrator.execute(EngineExecutionOrchestrator.java:107)
	at org.junit.platform.launcher.core.EngineExecutionOrchestrator.execute(EngineExecutionOrchestrator.java:88)
	at org.junit.platform.launcher.core.EngineExecutionOrchestrator.lambda$execute$0(EngineExecutionOrchestrator.java:54)
	at org.junit.platform.launcher.core.EngineExecutionOrchestrator.withInterceptedStreams(EngineExecutionOrchestrator.java:67)
	at org.junit.platform.launcher.core.EngineExecutionOrchestrator.execute(EngineExecutionOrchestrator.java:52)
	at org.junit.platform.launcher.core.DefaultLauncher.execute(DefaultLauncher.java:114)
	at org.junit.platform.launcher.core.DefaultLauncher.execute(DefaultLauncher.java:86)
	at org.junit.platform.launcher.core.DefaultLauncherSession$DelegatingLauncher.execute(DefaultLauncherSession.java:86)
	at org.junit.platform.launcher.core.SessionPerRequestLauncher.execute(SessionPerRequestLauncher.java:53)
	at org.apache.maven.surefire.junitplatform.JUnitPlatformProvider.execute(JUnitPlatformProvider.java:188)
	at org.apache.maven.surefire.junitplatform.JUnitPlatformProvider.invokeAllTests(JUnitPlatformProvider.java:154)
	at org.apache.maven.surefire.junitplatform.JUnitPlatformProvider.invoke(JUnitPlatformProvider.java:124)
	at org.apache.maven.surefire.booter.ForkedBooter.runSuitesInProcess(ForkedBooter.java:428)
	at org.apache.maven.surefire.booter.ForkedBooter.execute(ForkedBooter.java:162)
	at org.apache.maven.surefire.booter.ForkedBooter.run(ForkedBooter.java:562)
	at org.apache.maven.surefire.booter.ForkedBooter.main(ForkedBooter.java:548)
]]></system-out>
  </testcase>
  <testcase name="testSetAndClrQuota" classname="org.apache.hadoop.ozone.client.rpc.TestSecureOzoneRpcClient" time="0.081">
    <system-out><![CDATA[2023-05-17 09:10:03,442 [Listener at 127.0.0.1/15004] INFO  rpc.RpcClient (RpcClient.java:createVolume(476)) - Creating Volume: 425bffeb-f4ad-482b-a5af-0a1d5dc77c4e, with runner as owner and space quota set to -1 bytes, counts quota set to -1
2023-05-17 09:10:03,445 [OM StateMachine ApplyTransaction Thread - 0] INFO  volume.OMVolumeCreateRequest (OMVolumeCreateRequest.java:validateAndUpdateCache(196)) - created volume:425bffeb-f4ad-482b-a5af-0a1d5dc77c4e for user:runner
2023-05-17 09:10:03,446 [Listener at 127.0.0.1/15004] INFO  rpc.RpcClient (RpcClient.java:createBucket(698)) - Creating Bucket: 425bffeb-f4ad-482b-a5af-0a1d5dc77c4e/b62f3721-bce7-457a-b531-0834cf41738e, with server-side default bucket layout, runner as owner, Versioning false, Storage Type set to DISK and Encryption set to false, Replication Type set to server-side default replication type, Namespace Quota set to -1, Space Quota set to -1 
2023-05-17 09:10:03,448 [OM StateMachine ApplyTransaction Thread - 0] INFO  bucket.OMBucketCreateRequest (OMBucketCreateRequest.java:validateAndUpdateCache(270)) - created bucket: b62f3721-bce7-457a-b531-0834cf41738e of layout OBJECT_STORE in volume: 425bffeb-f4ad-482b-a5af-0a1d5dc77c4e
2023-05-17 09:10:03,465 [Listener at 127.0.0.1/15004] INFO  rpc.RpcClient (RpcClient.java:createBucket(698)) - Creating Bucket: 425bffeb-f4ad-482b-a5af-0a1d5dc77c4e/9116affe-54fb-4d27-802e-d817c51658fb, with server-side default bucket layout, runner as owner, Versioning false, Storage Type set to DISK and Encryption set to false, Replication Type set to server-side default replication type, Namespace Quota set to -1, Space Quota set to -1 
2023-05-17 09:10:03,467 [OM StateMachine ApplyTransaction Thread - 0] INFO  bucket.OMBucketCreateRequest (OMBucketCreateRequest.java:validateAndUpdateCache(270)) - created bucket: 9116affe-54fb-4d27-802e-d817c51658fb of layout OBJECT_STORE in volume: 425bffeb-f4ad-482b-a5af-0a1d5dc77c4e
09:10:03.482 [OM StateMachine ApplyTransaction Thread - 0] ERROR OMAudit - user=runner | ip=127.0.0.1 | op=UPDATE_BUCKET {volume=425bffeb-f4ad-482b-a5af-0a1d5dc77c4e, bucket=b62f3721-bce7-457a-b531-0834cf41738e, gdprEnabled=null, isVersionEnabled=null} | ret=FAILURE
org.apache.hadoop.ozone.om.exceptions.OMException: Can not clear bucket spaceQuota because volume spaceQuota is not cleared.
	at org.apache.hadoop.ozone.om.request.bucket.OMBucketSetPropertyRequest.checkQuotaBytesValid(OMBucketSetPropertyRequest.java:303) ~[ozone-manager-1.4.0-SNAPSHOT.jar:?]
	at org.apache.hadoop.ozone.om.request.bucket.OMBucketSetPropertyRequest.validateAndUpdateCache(OMBucketSetPropertyRequest.java:184) ~[ozone-manager-1.4.0-SNAPSHOT.jar:?]
	at org.apache.hadoop.ozone.protocolPB.OzoneManagerRequestHandler.handleWriteRequest(OzoneManagerRequestHandler.java:337) ~[ozone-manager-1.4.0-SNAPSHOT.jar:?]
	at org.apache.hadoop.ozone.om.ratis.OzoneManagerStateMachine.runCommand(OzoneManagerStateMachine.java:567) ~[ozone-manager-1.4.0-SNAPSHOT.jar:?]
	at org.apache.hadoop.ozone.om.ratis.OzoneManagerStateMachine.lambda$1(OzoneManagerStateMachine.java:358) ~[ozone-manager-1.4.0-SNAPSHOT.jar:?]
	at java.util.concurrent.CompletableFuture$AsyncSupply.run(CompletableFuture.java:1604) [?:1.8.0_362]
	at java.util.concurrent.ThreadPoolExecutor.runWorker(ThreadPoolExecutor.java:1149) [?:1.8.0_362]
	at java.util.concurrent.ThreadPoolExecutor$Worker.run(ThreadPoolExecutor.java:624) [?:1.8.0_362]
	at java.lang.Thread.run(Thread.java:750) [?:1.8.0_362]
2023-05-17 09:10:03,482 [OM StateMachine ApplyTransaction Thread - 0] ERROR bucket.OMBucketSetPropertyRequest (OMBucketSetPropertyRequest.java:validateAndUpdateCache(263)) - Setting bucket property failed for bucket:b62f3721-bce7-457a-b531-0834cf41738e in volume:425bffeb-f4ad-482b-a5af-0a1d5dc77c4e
QUOTA_ERROR org.apache.hadoop.ozone.om.exceptions.OMException: Can not clear bucket spaceQuota because volume spaceQuota is not cleared.
	at org.apache.hadoop.ozone.om.request.bucket.OMBucketSetPropertyRequest.checkQuotaBytesValid(OMBucketSetPropertyRequest.java:303)
	at org.apache.hadoop.ozone.om.request.bucket.OMBucketSetPropertyRequest.validateAndUpdateCache(OMBucketSetPropertyRequest.java:184)
	at org.apache.hadoop.ozone.protocolPB.OzoneManagerRequestHandler.handleWriteRequest(OzoneManagerRequestHandler.java:337)
	at org.apache.hadoop.ozone.om.ratis.OzoneManagerStateMachine.runCommand(OzoneManagerStateMachine.java:567)
	at org.apache.hadoop.ozone.om.ratis.OzoneManagerStateMachine.lambda$1(OzoneManagerStateMachine.java:358)
	at java.util.concurrent.CompletableFuture$AsyncSupply.run(CompletableFuture.java:1604)
	at java.util.concurrent.ThreadPoolExecutor.runWorker(ThreadPoolExecutor.java:1149)
	at java.util.concurrent.ThreadPoolExecutor$Worker.run(ThreadPoolExecutor.java:624)
	at java.lang.Thread.run(Thread.java:750)
]]></system-out>
  </testcase>
  <testcase name="testSetBucketQuotaIllegal" classname="org.apache.hadoop.ozone.client.rpc.TestSecureOzoneRpcClient" time="0.017">
    <system-out><![CDATA[2023-05-17 09:10:03,522 [Listener at 127.0.0.1/15004] INFO  rpc.RpcClient (RpcClient.java:createVolume(476)) - Creating Volume: 84121829-0c4b-49a5-9a86-3ec28ae3f5cb, with runner as owner and space quota set to -1 bytes, counts quota set to -1
2023-05-17 09:10:03,525 [OM StateMachine ApplyTransaction Thread - 0] INFO  volume.OMVolumeCreateRequest (OMVolumeCreateRequest.java:validateAndUpdateCache(196)) - created volume:84121829-0c4b-49a5-9a86-3ec28ae3f5cb for user:runner
2023-05-17 09:10:03,526 [Listener at 127.0.0.1/15004] INFO  rpc.RpcClient (RpcClient.java:createBucket(698)) - Creating Bucket: 84121829-0c4b-49a5-9a86-3ec28ae3f5cb/09983406-cdbb-4b35-b204-4bacd8c4098c, with server-side default bucket layout, runner as owner, Versioning false, Storage Type set to DISK and Encryption set to false, Replication Type set to server-side default replication type, Namespace Quota set to -1, Space Quota set to -1 
2023-05-17 09:10:03,528 [OM StateMachine ApplyTransaction Thread - 0] INFO  bucket.OMBucketCreateRequest (OMBucketCreateRequest.java:validateAndUpdateCache(270)) - created bucket: 09983406-cdbb-4b35-b204-4bacd8c4098c of layout OBJECT_STORE in volume: 84121829-0c4b-49a5-9a86-3ec28ae3f5cb
]]></system-out>
  </testcase>
  <testcase name="testSetBucketStorageType" classname="org.apache.hadoop.ozone.client.rpc.TestSecureOzoneRpcClient" time="0.012">
    <system-out><![CDATA[2023-05-17 09:10:03,539 [Listener at 127.0.0.1/15004] INFO  rpc.RpcClient (RpcClient.java:createVolume(476)) - Creating Volume: 51bca082-a980-4afc-a3b7-424563d3edd0, with runner as owner and space quota set to -1 bytes, counts quota set to -1
2023-05-17 09:10:03,542 [OM StateMachine ApplyTransaction Thread - 0] INFO  volume.OMVolumeCreateRequest (OMVolumeCreateRequest.java:validateAndUpdateCache(196)) - created volume:51bca082-a980-4afc-a3b7-424563d3edd0 for user:runner
2023-05-17 09:10:03,544 [Listener at 127.0.0.1/15004] INFO  rpc.RpcClient (RpcClient.java:createBucket(698)) - Creating Bucket: 51bca082-a980-4afc-a3b7-424563d3edd0/0e9de74e-fbd4-4fc1-9cf6-f7b0467e2cc5, with server-side default bucket layout, runner as owner, Versioning false, Storage Type set to DISK and Encryption set to false, Replication Type set to server-side default replication type, Namespace Quota set to -1, Space Quota set to -1 
2023-05-17 09:10:03,545 [OM StateMachine ApplyTransaction Thread - 0] INFO  bucket.OMBucketCreateRequest (OMBucketCreateRequest.java:validateAndUpdateCache(270)) - created bucket: 0e9de74e-fbd4-4fc1-9cf6-f7b0467e2cc5 of layout OBJECT_STORE in volume: 51bca082-a980-4afc-a3b7-424563d3edd0
]]></system-out>
  </testcase>
  <testcase name="testSetBucketVersioning" classname="org.apache.hadoop.ozone.client.rpc.TestSecureOzoneRpcClient" time="0.009">
    <system-out><![CDATA[2023-05-17 09:10:03,552 [Listener at 127.0.0.1/15004] INFO  rpc.RpcClient (RpcClient.java:createVolume(476)) - Creating Volume: 87e7be37-4e59-46b3-82ad-63abf2387722, with runner as owner and space quota set to -1 bytes, counts quota set to -1
2023-05-17 09:10:03,553 [OM StateMachine ApplyTransaction Thread - 0] INFO  volume.OMVolumeCreateRequest (OMVolumeCreateRequest.java:validateAndUpdateCache(196)) - created volume:87e7be37-4e59-46b3-82ad-63abf2387722 for user:runner
2023-05-17 09:10:03,555 [Listener at 127.0.0.1/15004] INFO  rpc.RpcClient (RpcClient.java:createBucket(698)) - Creating Bucket: 87e7be37-4e59-46b3-82ad-63abf2387722/ff8db6c0-0631-4fb7-87dc-1c00365b6bd5, with server-side default bucket layout, runner as owner, Versioning false, Storage Type set to DISK and Encryption set to false, Replication Type set to server-side default replication type, Namespace Quota set to -1, Space Quota set to -1 
2023-05-17 09:10:03,556 [OM StateMachine ApplyTransaction Thread - 0] INFO  bucket.OMBucketCreateRequest (OMBucketCreateRequest.java:validateAndUpdateCache(270)) - created bucket: ff8db6c0-0631-4fb7-87dc-1c00365b6bd5 of layout OBJECT_STORE in volume: 87e7be37-4e59-46b3-82ad-63abf2387722
]]></system-out>
  </testcase>
  <testcase name="testSetECReplicationConfigOnBucket" classname="org.apache.hadoop.ozone.client.rpc.TestSecureOzoneRpcClient" time="0.018">
    <system-out><![CDATA[2023-05-17 09:10:03,561 [Listener at 127.0.0.1/15004] INFO  rpc.RpcClient (RpcClient.java:createVolume(476)) - Creating Volume: ee1dad55-2402-4462-989a-b92ce45c941d, with runner as owner and space quota set to -1 bytes, counts quota set to -1
2023-05-17 09:10:03,562 [OM StateMachine ApplyTransaction Thread - 0] INFO  volume.OMVolumeCreateRequest (OMVolumeCreateRequest.java:validateAndUpdateCache(196)) - created volume:ee1dad55-2402-4462-989a-b92ce45c941d for user:runner
2023-05-17 09:10:03,564 [Listener at 127.0.0.1/15004] INFO  rpc.RpcClient (RpcClient.java:createBucket(698)) - Creating Bucket: ee1dad55-2402-4462-989a-b92ce45c941d/6dfa5719-9f0f-47b7-96dd-3c25ffdc2a09, with server-side default bucket layout, runner as owner, Versioning true, Storage Type set to DISK and Encryption set to false, Replication Type set to STAND_ALONE, Namespace Quota set to -1, Space Quota set to -1 
2023-05-17 09:10:03,566 [OM StateMachine ApplyTransaction Thread - 0] INFO  bucket.OMBucketCreateRequest (OMBucketCreateRequest.java:validateAndUpdateCache(270)) - created bucket: 6dfa5719-9f0f-47b7-96dd-3c25ffdc2a09 of layout OBJECT_STORE in volume: ee1dad55-2402-4462-989a-b92ce45c941d
]]></system-out>
  </testcase>
  <testcase name="testSetS3VolumeAcl" classname="org.apache.hadoop.ozone.client.rpc.TestSecureOzoneRpcClient" time="0.004"/>
  <testcase name="testSetVolumeQuota" classname="org.apache.hadoop.ozone.client.rpc.TestSecureOzoneRpcClient" time="0.01">
    <system-out><![CDATA[2023-05-17 09:10:03,584 [Listener at 127.0.0.1/15004] INFO  rpc.RpcClient (RpcClient.java:createVolume(476)) - Creating Volume: 24d2ee9a-6d9f-4ecf-a096-6bebc90839be, with runner as owner and space quota set to -1 bytes, counts quota set to -1
2023-05-17 09:10:03,586 [OM StateMachine ApplyTransaction Thread - 0] INFO  volume.OMVolumeCreateRequest (OMVolumeCreateRequest.java:validateAndUpdateCache(196)) - created volume:24d2ee9a-6d9f-4ecf-a096-6bebc90839be for user:runner
]]></system-out>
  </testcase>
  <testcase name="testSetVolumeQuotaIllegal" classname="org.apache.hadoop.ozone.client.rpc.TestSecureOzoneRpcClient" time="0.011">
    <system-out><![CDATA[2023-05-17 09:10:03,596 [Listener at 127.0.0.1/15004] INFO  rpc.RpcClient (RpcClient.java:createVolume(476)) - Creating Volume: 9f202074-9a3b-447e-8d4c-ff458f9a5f04, with runner as owner and space quota set to -1 bytes, counts quota set to -1
2023-05-17 09:10:03,598 [OM StateMachine ApplyTransaction Thread - 0] INFO  volume.OMVolumeCreateRequest (OMVolumeCreateRequest.java:validateAndUpdateCache(196)) - created volume:9f202074-9a3b-447e-8d4c-ff458f9a5f04 for user:runner
]]></system-out>
  </testcase>
  <testcase name="testUploadPartOverride(ReplicationConfig)[1]" classname="org.apache.hadoop.ozone.client.rpc.TestSecureOzoneRpcClient" time="0.07">
    <system-out><![CDATA[2023-05-17 09:10:03,608 [Listener at 127.0.0.1/15004] INFO  rpc.RpcClient (RpcClient.java:createVolume(476)) - Creating Volume: aaf811fa-503f-4857-ab25-131f547a484b, with runner as owner and space quota set to -1 bytes, counts quota set to -1
2023-05-17 09:10:03,611 [OM StateMachine ApplyTransaction Thread - 0] INFO  volume.OMVolumeCreateRequest (OMVolumeCreateRequest.java:validateAndUpdateCache(196)) - created volume:aaf811fa-503f-4857-ab25-131f547a484b for user:runner
2023-05-17 09:10:03,613 [Listener at 127.0.0.1/15004] INFO  rpc.RpcClient (RpcClient.java:createBucket(698)) - Creating Bucket: aaf811fa-503f-4857-ab25-131f547a484b/5c219145-56c6-4d39-8964-60c47ad80079, with server-side default bucket layout, runner as owner, Versioning false, Storage Type set to DISK and Encryption set to false, Replication Type set to server-side default replication type, Namespace Quota set to -1, Space Quota set to -1 
2023-05-17 09:10:03,615 [OM StateMachine ApplyTransaction Thread - 0] INFO  bucket.OMBucketCreateRequest (OMBucketCreateRequest.java:validateAndUpdateCache(270)) - created bucket: 5c219145-56c6-4d39-8964-60c47ad80079 of layout OBJECT_STORE in volume: aaf811fa-503f-4857-ab25-131f547a484b
]]></system-out>
  </testcase>
  <testcase name="testUploadPartOverride(ReplicationConfig)[2]" classname="org.apache.hadoop.ozone.client.rpc.TestSecureOzoneRpcClient" time="0.105">
    <system-out><![CDATA[2023-05-17 09:10:03,680 [Listener at 127.0.0.1/15004] INFO  rpc.RpcClient (RpcClient.java:createVolume(476)) - Creating Volume: 9317802e-26f8-459a-9d3b-2b82d1df33d8, with runner as owner and space quota set to -1 bytes, counts quota set to -1
2023-05-17 09:10:03,682 [OM StateMachine ApplyTransaction Thread - 0] INFO  volume.OMVolumeCreateRequest (OMVolumeCreateRequest.java:validateAndUpdateCache(196)) - created volume:9317802e-26f8-459a-9d3b-2b82d1df33d8 for user:runner
2023-05-17 09:10:03,683 [Listener at 127.0.0.1/15004] INFO  rpc.RpcClient (RpcClient.java:createBucket(698)) - Creating Bucket: 9317802e-26f8-459a-9d3b-2b82d1df33d8/20f6d463-60c5-4001-8f76-906f6bbd7c26, with server-side default bucket layout, runner as owner, Versioning false, Storage Type set to DISK and Encryption set to false, Replication Type set to server-side default replication type, Namespace Quota set to -1, Space Quota set to -1 
2023-05-17 09:10:03,685 [OM StateMachine ApplyTransaction Thread - 0] INFO  bucket.OMBucketCreateRequest (OMBucketCreateRequest.java:validateAndUpdateCache(270)) - created bucket: 20f6d463-60c5-4001-8f76-906f6bbd7c26 of layout OBJECT_STORE in volume: 9317802e-26f8-459a-9d3b-2b82d1df33d8
]]></system-out>
  </testcase>
  <testcase name="testUploadPartOverride(ReplicationConfig)[3]" classname="org.apache.hadoop.ozone.client.rpc.TestSecureOzoneRpcClient" time="0.165">
    <system-out><![CDATA[2023-05-17 09:10:03,785 [Listener at 127.0.0.1/15004] INFO  rpc.RpcClient (RpcClient.java:createVolume(476)) - Creating Volume: 2b9baae2-d017-47af-8ac3-99f2fc0c3460, with runner as owner and space quota set to -1 bytes, counts quota set to -1
2023-05-17 09:10:03,787 [OM StateMachine ApplyTransaction Thread - 0] INFO  volume.OMVolumeCreateRequest (OMVolumeCreateRequest.java:validateAndUpdateCache(196)) - created volume:2b9baae2-d017-47af-8ac3-99f2fc0c3460 for user:runner
2023-05-17 09:10:03,789 [Listener at 127.0.0.1/15004] INFO  rpc.RpcClient (RpcClient.java:createBucket(698)) - Creating Bucket: 2b9baae2-d017-47af-8ac3-99f2fc0c3460/8cf93313-e219-464b-8305-50b16711a96b, with server-side default bucket layout, runner as owner, Versioning false, Storage Type set to DISK and Encryption set to false, Replication Type set to server-side default replication type, Namespace Quota set to -1, Space Quota set to -1 
2023-05-17 09:10:03,791 [OM StateMachine ApplyTransaction Thread - 0] INFO  bucket.OMBucketCreateRequest (OMBucketCreateRequest.java:validateAndUpdateCache(270)) - created bucket: 8cf93313-e219-464b-8305-50b16711a96b of layout OBJECT_STORE in volume: 2b9baae2-d017-47af-8ac3-99f2fc0c3460
2023-05-17 09:10:03,903 [BlockDeletingService#0] INFO  interfaces.ContainerDeletionChoosingPolicyTemplate (ContainerDeletionChoosingPolicyTemplate.java:chooseContainerForBlockDeletion(83)) - Chosen 0/5000 blocks from 0 candidate containers.
]]></system-out>
  </testcase>
  <testcase name="testUploadPartWithNoOverride(ReplicationConfig)[1]" classname="org.apache.hadoop.ozone.client.rpc.TestSecureOzoneRpcClient" time="0.031">
    <system-out><![CDATA[2023-05-17 09:10:03,952 [Listener at 127.0.0.1/15004] INFO  rpc.RpcClient (RpcClient.java:createVolume(476)) - Creating Volume: 437bc6f7-432d-4298-8225-fc7bca446913, with runner as owner and space quota set to -1 bytes, counts quota set to -1
2023-05-17 09:10:03,955 [OM StateMachine ApplyTransaction Thread - 0] INFO  volume.OMVolumeCreateRequest (OMVolumeCreateRequest.java:validateAndUpdateCache(196)) - created volume:437bc6f7-432d-4298-8225-fc7bca446913 for user:runner
2023-05-17 09:10:03,956 [Listener at 127.0.0.1/15004] INFO  rpc.RpcClient (RpcClient.java:createBucket(698)) - Creating Bucket: 437bc6f7-432d-4298-8225-fc7bca446913/57dad964-0f0c-4a47-b044-fe1b8d6928cd, with server-side default bucket layout, runner as owner, Versioning false, Storage Type set to DISK and Encryption set to false, Replication Type set to server-side default replication type, Namespace Quota set to -1, Space Quota set to -1 
2023-05-17 09:10:03,958 [OM StateMachine ApplyTransaction Thread - 0] INFO  bucket.OMBucketCreateRequest (OMBucketCreateRequest.java:validateAndUpdateCache(270)) - created bucket: 57dad964-0f0c-4a47-b044-fe1b8d6928cd of layout OBJECT_STORE in volume: 437bc6f7-432d-4298-8225-fc7bca446913
]]></system-out>
  </testcase>
  <testcase name="testUploadPartWithNoOverride(ReplicationConfig)[2]" classname="org.apache.hadoop.ozone.client.rpc.TestSecureOzoneRpcClient" time="0.055">
    <system-out><![CDATA[2023-05-17 09:10:03,984 [Listener at 127.0.0.1/15004] INFO  rpc.RpcClient (RpcClient.java:createVolume(476)) - Creating Volume: 029a94b7-b71e-40cf-9778-04000ac3ae6d, with runner as owner and space quota set to -1 bytes, counts quota set to -1
2023-05-17 09:10:03,986 [OM StateMachine ApplyTransaction Thread - 0] INFO  volume.OMVolumeCreateRequest (OMVolumeCreateRequest.java:validateAndUpdateCache(196)) - created volume:029a94b7-b71e-40cf-9778-04000ac3ae6d for user:runner
2023-05-17 09:10:03,988 [Listener at 127.0.0.1/15004] INFO  rpc.RpcClient (RpcClient.java:createBucket(698)) - Creating Bucket: 029a94b7-b71e-40cf-9778-04000ac3ae6d/718659eb-68c6-4afc-bf22-3de9b8ea52db, with server-side default bucket layout, runner as owner, Versioning false, Storage Type set to DISK and Encryption set to false, Replication Type set to server-side default replication type, Namespace Quota set to -1, Space Quota set to -1 
2023-05-17 09:10:03,989 [OM StateMachine ApplyTransaction Thread - 0] INFO  bucket.OMBucketCreateRequest (OMBucketCreateRequest.java:validateAndUpdateCache(270)) - created bucket: 718659eb-68c6-4afc-bf22-3de9b8ea52db of layout OBJECT_STORE in volume: 029a94b7-b71e-40cf-9778-04000ac3ae6d
]]></system-out>
  </testcase>
  <testcase name="testUploadPartWithNoOverride(ReplicationConfig)[3]" classname="org.apache.hadoop.ozone.client.rpc.TestSecureOzoneRpcClient" time="0.074">
    <system-out><![CDATA[2023-05-17 09:10:04,041 [Listener at 127.0.0.1/15004] INFO  rpc.RpcClient (RpcClient.java:createVolume(476)) - Creating Volume: 7336cf33-7a9b-4ac6-8843-5c36abd62a95, with runner as owner and space quota set to -1 bytes, counts quota set to -1
2023-05-17 09:10:04,044 [OM StateMachine ApplyTransaction Thread - 0] INFO  volume.OMVolumeCreateRequest (OMVolumeCreateRequest.java:validateAndUpdateCache(196)) - created volume:7336cf33-7a9b-4ac6-8843-5c36abd62a95 for user:runner
2023-05-17 09:10:04,045 [Listener at 127.0.0.1/15004] INFO  rpc.RpcClient (RpcClient.java:createBucket(698)) - Creating Bucket: 7336cf33-7a9b-4ac6-8843-5c36abd62a95/9d541a3e-fda6-4482-b979-a7e57521a380, with server-side default bucket layout, runner as owner, Versioning false, Storage Type set to DISK and Encryption set to false, Replication Type set to server-side default replication type, Namespace Quota set to -1, Space Quota set to -1 
2023-05-17 09:10:04,047 [OM StateMachine ApplyTransaction Thread - 0] INFO  bucket.OMBucketCreateRequest (OMBucketCreateRequest.java:validateAndUpdateCache(270)) - created bucket: 9d541a3e-fda6-4482-b979-a7e57521a380 of layout OBJECT_STORE in volume: 7336cf33-7a9b-4ac6-8843-5c36abd62a95
]]></system-out>
  </testcase>
  <testcase name="testUsedBytesWithUploadPart" classname="org.apache.hadoop.ozone.client.rpc.TestSecureOzoneRpcClient" time="0.251">
    <system-out><![CDATA[2023-05-17 09:10:04,209 [Listener at 127.0.0.1/15004] INFO  rpc.RpcClient (RpcClient.java:createVolume(476)) - Creating Volume: 13fc1966-e42e-429a-8d9b-4e30ffc00a87, with runner as owner and space quota set to -1 bytes, counts quota set to -1
2023-05-17 09:10:04,212 [OM StateMachine ApplyTransaction Thread - 0] INFO  volume.OMVolumeCreateRequest (OMVolumeCreateRequest.java:validateAndUpdateCache(196)) - created volume:13fc1966-e42e-429a-8d9b-4e30ffc00a87 for user:runner
2023-05-17 09:10:04,214 [Listener at 127.0.0.1/15004] INFO  rpc.RpcClient (RpcClient.java:createBucket(698)) - Creating Bucket: 13fc1966-e42e-429a-8d9b-4e30ffc00a87/9dd9b9ce-42b1-4cca-82f3-095f5f2b1515, with server-side default bucket layout, runner as owner, Versioning false, Storage Type set to DISK and Encryption set to false, Replication Type set to server-side default replication type, Namespace Quota set to -1, Space Quota set to -1 
2023-05-17 09:10:04,215 [OM StateMachine ApplyTransaction Thread - 0] INFO  bucket.OMBucketCreateRequest (OMBucketCreateRequest.java:validateAndUpdateCache(270)) - created bucket: 9dd9b9ce-42b1-4cca-82f3-095f5f2b1515 of layout OBJECT_STORE in volume: 13fc1966-e42e-429a-8d9b-4e30ffc00a87
2023-05-17 09:10:04,247 [BlockDeletingService#0] INFO  interfaces.ContainerDeletionChoosingPolicyTemplate (ContainerDeletionChoosingPolicyTemplate.java:chooseContainerForBlockDeletion(83)) - Chosen 0/5000 blocks from 0 candidate containers.
]]></system-out>
  </testcase>
  <testcase name="testValidateBlockLengthWithCommitKey" classname="org.apache.hadoop.ozone.client.rpc.TestSecureOzoneRpcClient" time="0.032">
    <system-out><![CDATA[2023-05-17 09:10:04,367 [Listener at 127.0.0.1/15004] INFO  rpc.RpcClient (RpcClient.java:createVolume(476)) - Creating Volume: ced74f5a-b080-4224-a372-9a7e4a19d221, with runner as owner and space quota set to -1 bytes, counts quota set to -1
2023-05-17 09:10:04,369 [OM StateMachine ApplyTransaction Thread - 0] INFO  volume.OMVolumeCreateRequest (OMVolumeCreateRequest.java:validateAndUpdateCache(196)) - created volume:ced74f5a-b080-4224-a372-9a7e4a19d221 for user:runner
2023-05-17 09:10:04,370 [Listener at 127.0.0.1/15004] INFO  rpc.RpcClient (RpcClient.java:createBucket(698)) - Creating Bucket: ced74f5a-b080-4224-a372-9a7e4a19d221/6ac59f70-1f03-48ed-af19-bb42ae7c43da, with server-side default bucket layout, runner as owner, Versioning false, Storage Type set to DISK and Encryption set to false, Replication Type set to server-side default replication type, Namespace Quota set to -1, Space Quota set to -1 
2023-05-17 09:10:04,372 [OM StateMachine ApplyTransaction Thread - 0] INFO  bucket.OMBucketCreateRequest (OMBucketCreateRequest.java:validateAndUpdateCache(270)) - created bucket: 6ac59f70-1f03-48ed-af19-bb42ae7c43da of layout OBJECT_STORE in volume: ced74f5a-b080-4224-a372-9a7e4a19d221
]]></system-out>
  </testcase>
  <testcase name="testVolumeSetOwner" classname="org.apache.hadoop.ozone.client.rpc.TestSecureOzoneRpcClient" time="0.01">
    <system-out><![CDATA[2023-05-17 09:10:04,399 [Listener at 127.0.0.1/15004] INFO  rpc.RpcClient (RpcClient.java:createVolume(476)) - Creating Volume: 383f5dc7-e3bf-47f2-a730-b3959db68b27, with runner as owner and space quota set to -1 bytes, counts quota set to -1
2023-05-17 09:10:04,402 [OM StateMachine ApplyTransaction Thread - 0] INFO  volume.OMVolumeCreateRequest (OMVolumeCreateRequest.java:validateAndUpdateCache(196)) - created volume:383f5dc7-e3bf-47f2-a730-b3959db68b27 for user:runner
2023-05-17 09:10:04,408 [OM StateMachine ApplyTransaction Thread - 0] WARN  volume.OMVolumeSetOwnerRequest (OMVolumeSetOwnerRequest.java:validateAndUpdateCache(132)) - Volume '383f5dc7-e3bf-47f2-a730-b3959db68b27' owner is already user 'someRandomUser1'.
]]></system-out>
  </testcase>
  <testcase name="testVolumeUsedNamespace" classname="org.apache.hadoop.ozone.client.rpc.TestSecureOzoneRpcClient" time="0.021">
    <system-out><![CDATA[2023-05-17 09:10:04,410 [Listener at 127.0.0.1/15004] INFO  rpc.RpcClient (RpcClient.java:createVolume(476)) - Creating Volume: e037e943-15ac-4535-9b1e-47c9739dd65a, with runner as owner and space quota set to -1 bytes, counts quota set to 1
2023-05-17 09:10:04,412 [OM StateMachine ApplyTransaction Thread - 0] INFO  volume.OMVolumeCreateRequest (OMVolumeCreateRequest.java:validateAndUpdateCache(196)) - created volume:e037e943-15ac-4535-9b1e-47c9739dd65a for user:runner
2023-05-17 09:10:04,413 [Listener at 127.0.0.1/15004] INFO  rpc.RpcClient (RpcClient.java:createBucket(698)) - Creating Bucket: e037e943-15ac-4535-9b1e-47c9739dd65a/e808fe31-ce45-4db5-b84b-132115419de8, with server-side default bucket layout, runner as owner, Versioning false, Storage Type set to DISK and Encryption set to false, Replication Type set to server-side default replication type, Namespace Quota set to -1, Space Quota set to -1 
2023-05-17 09:10:04,415 [OM StateMachine ApplyTransaction Thread - 0] INFO  bucket.OMBucketCreateRequest (OMBucketCreateRequest.java:validateAndUpdateCache(270)) - created bucket: e808fe31-ce45-4db5-b84b-132115419de8 of layout OBJECT_STORE in volume: e037e943-15ac-4535-9b1e-47c9739dd65a
2023-05-17 09:10:04,416 [Listener at 127.0.0.1/15004] INFO  rpc.RpcClient (RpcClient.java:createBucket(698)) - Creating Bucket: e037e943-15ac-4535-9b1e-47c9739dd65a/945ba975-be9f-49f3-8541-86ae936df056, with server-side default bucket layout, runner as owner, Versioning false, Storage Type set to DISK and Encryption set to false, Replication Type set to server-side default replication type, Namespace Quota set to -1, Space Quota set to -1 
09:10:04.418 [OM StateMachine ApplyTransaction Thread - 0] ERROR OMAudit - user=runner | ip=127.0.0.1 | op=CREATE_BUCKET {volume=e037e943-15ac-4535-9b1e-47c9739dd65a, bucket=945ba975-be9f-49f3-8541-86ae936df056, bucketLayout=OBJECT_STORE, gdprEnabled=null, acls=[user:runner:a[ACCESS], group:docker:a[ACCESS], group:adm:a[ACCESS], group:systemd-journal:a[ACCESS]], isVersionEnabled=false, storageType=DISK, creationTime=1684314604417, bucketEncryptionKey=null, modificationTime=1684314604417, usedBytes=0, usedNamespace=0} | ret=FAILURE
org.apache.hadoop.ozone.om.exceptions.OMException: The namespace quota of Volume:e037e943-15ac-4535-9b1e-47c9739dd65a exceeded: quotaInNamespace: 1 but namespace consumed: 2.
	at org.apache.hadoop.ozone.om.request.bucket.OMBucketCreateRequest.checkQuotaInNamespace(OMBucketCreateRequest.java:357) ~[ozone-manager-1.4.0-SNAPSHOT.jar:?]
	at org.apache.hadoop.ozone.om.request.bucket.OMBucketCreateRequest.validateAndUpdateCache(OMBucketCreateRequest.java:233) ~[ozone-manager-1.4.0-SNAPSHOT.jar:?]
	at org.apache.hadoop.ozone.protocolPB.OzoneManagerRequestHandler.handleWriteRequest(OzoneManagerRequestHandler.java:337) ~[ozone-manager-1.4.0-SNAPSHOT.jar:?]
	at org.apache.hadoop.ozone.om.ratis.OzoneManagerStateMachine.runCommand(OzoneManagerStateMachine.java:567) ~[ozone-manager-1.4.0-SNAPSHOT.jar:?]
	at org.apache.hadoop.ozone.om.ratis.OzoneManagerStateMachine.lambda$1(OzoneManagerStateMachine.java:358) ~[ozone-manager-1.4.0-SNAPSHOT.jar:?]
	at java.util.concurrent.CompletableFuture$AsyncSupply.run(CompletableFuture.java:1604) [?:1.8.0_362]
	at java.util.concurrent.ThreadPoolExecutor.runWorker(ThreadPoolExecutor.java:1149) [?:1.8.0_362]
	at java.util.concurrent.ThreadPoolExecutor$Worker.run(ThreadPoolExecutor.java:624) [?:1.8.0_362]
	at java.lang.Thread.run(Thread.java:750) [?:1.8.0_362]
2023-05-17 09:10:04,419 [OM StateMachine ApplyTransaction Thread - 0] ERROR bucket.OMBucketCreateRequest (OMBucketCreateRequest.java:validateAndUpdateCache(282)) - Bucket creation failed for bucket:945ba975-be9f-49f3-8541-86ae936df056 in volume:e037e943-15ac-4535-9b1e-47c9739dd65a
QUOTA_EXCEEDED org.apache.hadoop.ozone.om.exceptions.OMException: The namespace quota of Volume:e037e943-15ac-4535-9b1e-47c9739dd65a exceeded: quotaInNamespace: 1 but namespace consumed: 2.
	at org.apache.hadoop.ozone.om.request.bucket.OMBucketCreateRequest.checkQuotaInNamespace(OMBucketCreateRequest.java:357)
	at org.apache.hadoop.ozone.om.request.bucket.OMBucketCreateRequest.validateAndUpdateCache(OMBucketCreateRequest.java:233)
	at org.apache.hadoop.ozone.protocolPB.OzoneManagerRequestHandler.handleWriteRequest(OzoneManagerRequestHandler.java:337)
	at org.apache.hadoop.ozone.om.ratis.OzoneManagerStateMachine.runCommand(OzoneManagerStateMachine.java:567)
	at org.apache.hadoop.ozone.om.ratis.OzoneManagerStateMachine.lambda$1(OzoneManagerStateMachine.java:358)
	at java.util.concurrent.CompletableFuture$AsyncSupply.run(CompletableFuture.java:1604)
	at java.util.concurrent.ThreadPoolExecutor.runWorker(ThreadPoolExecutor.java:1149)
	at java.util.concurrent.ThreadPoolExecutor$Worker.run(ThreadPoolExecutor.java:624)
	at java.lang.Thread.run(Thread.java:750)
2023-05-17 09:10:04,419 [Listener at 127.0.0.1/15004] INFO  rpc.RpcClient (RpcClient.java:createVolume(476)) - Creating Volume: 2168b1ae-9ccf-46aa-aae2-d12543db9181, with runner as owner and space quota set to -1 bytes, counts quota set to -1
2023-05-17 09:10:04,421 [OM StateMachine ApplyTransaction Thread - 0] INFO  volume.OMVolumeCreateRequest (OMVolumeCreateRequest.java:validateAndUpdateCache(196)) - created volume:2168b1ae-9ccf-46aa-aae2-d12543db9181 for user:runner
2023-05-17 09:10:04,422 [Listener at 127.0.0.1/15004] INFO  rpc.RpcClient (RpcClient.java:createBucket(698)) - Creating Bucket: 2168b1ae-9ccf-46aa-aae2-d12543db9181/a0e0e629-6d02-42dc-865d-dc02b2c0a017, with server-side default bucket layout, runner as owner, Versioning false, Storage Type set to DISK and Encryption set to false, Replication Type set to server-side default replication type, Namespace Quota set to -1, Space Quota set to -1 
2023-05-17 09:10:04,424 [OM StateMachine ApplyTransaction Thread - 0] INFO  bucket.OMBucketCreateRequest (OMBucketCreateRequest.java:validateAndUpdateCache(270)) - created bucket: a0e0e629-6d02-42dc-865d-dc02b2c0a017 of layout OBJECT_STORE in volume: 2168b1ae-9ccf-46aa-aae2-d12543db9181
]]></system-out>
  </testcase>
  <testcase name="testZReadKeyWithUnhealthyContainerReplica" classname="org.apache.hadoop.ozone.client.rpc.TestSecureOzoneRpcClient" time="0"/>
  <testcase name="" classname="org.apache.hadoop.ozone.client.rpc.TestSecureOzoneRpcClient" time="84.469">
    <failure type="java.lang.AssertionError"><![CDATA[java.lang.AssertionError: Found 3 leaked objects, check logs
	at org.apache.hadoop.hdds.utils.db.managed.ManagedRocksObjectMetrics.assertNoLeaks(ManagedRocksObjectMetrics.java:60)
	at org.apache.hadoop.ozone.MiniOzoneClusterImpl.shutdown(MiniOzoneClusterImpl.java:449)
	at org.apache.hadoop.ozone.client.rpc.TestSecureOzoneRpcClient.shutdown(TestSecureOzoneRpcClient.java:415)
	at sun.reflect.NativeMethodAccessorImpl.invoke0(Native Method)
	at sun.reflect.NativeMethodAccessorImpl.invoke(NativeMethodAccessorImpl.java:62)
	at sun.reflect.DelegatingMethodAccessorImpl.invoke(DelegatingMethodAccessorImpl.java:43)
	at java.lang.reflect.Method.invoke(Method.java:498)
	at org.junit.platform.commons.util.ReflectionUtils.invokeMethod(ReflectionUtils.java:725)
	at org.junit.jupiter.engine.execution.MethodInvocation.proceed(MethodInvocation.java:60)
	at org.junit.jupiter.engine.execution.InvocationInterceptorChain$ValidatingInvocation.proceed(InvocationInterceptorChain.java:131)
	at org.junit.jupiter.engine.extension.TimeoutExtension.intercept(TimeoutExtension.java:149)
	at org.junit.jupiter.engine.extension.TimeoutExtension.interceptLifecycleMethod(TimeoutExtension.java:126)
	at org.junit.jupiter.engine.extension.TimeoutExtension.interceptAfterAllMethod(TimeoutExtension.java:116)
	at org.junit.jupiter.engine.execution.ExecutableInvoker$ReflectiveInterceptorCall.lambda$ofVoidMethod$0(ExecutableInvoker.java:115)
	at org.junit.jupiter.engine.execution.ExecutableInvoker.lambda$invoke$0(ExecutableInvoker.java:105)
	at org.junit.jupiter.engine.execution.InvocationInterceptorChain$InterceptedInvocation.proceed(InvocationInterceptorChain.java:106)
	at org.junit.jupiter.engine.execution.InvocationInterceptorChain.proceed(InvocationInterceptorChain.java:64)
	at org.junit.jupiter.engine.execution.InvocationInterceptorChain.chainAndInvoke(InvocationInterceptorChain.java:45)
	at org.junit.jupiter.engine.execution.InvocationInterceptorChain.invoke(InvocationInterceptorChain.java:37)
	at org.junit.jupiter.engine.execution.ExecutableInvoker.invoke(ExecutableInvoker.java:104)
	at org.junit.jupiter.engine.execution.ExecutableInvoker.invoke(ExecutableInvoker.java:98)
	at org.junit.jupiter.engine.descriptor.ClassBasedTestDescriptor.lambda$invokeAfterAllMethods$13(ClassBasedTestDescriptor.java:425)
	at org.junit.platform.engine.support.hierarchical.ThrowableCollector.execute(ThrowableCollector.java:73)
	at org.junit.jupiter.engine.descriptor.ClassBasedTestDescriptor.lambda$invokeAfterAllMethods$14(ClassBasedTestDescriptor.java:423)
	at java.util.ArrayList.forEach(ArrayList.java:1259)
	at java.util.Collections$UnmodifiableCollection.forEach(Collections.java:1082)
	at org.junit.jupiter.engine.descriptor.ClassBasedTestDescriptor.invokeAfterAllMethods(ClassBasedTestDescriptor.java:423)
	at org.junit.jupiter.engine.descriptor.ClassBasedTestDescriptor.after(ClassBasedTestDescriptor.java:225)
	at org.junit.jupiter.engine.descriptor.ClassBasedTestDescriptor.after(ClassBasedTestDescriptor.java:80)
	at org.junit.platform.engine.support.hierarchical.NodeTestTask.lambda$executeRecursively$7(NodeTestTask.java:161)
	at org.junit.platform.engine.support.hierarchical.ThrowableCollector.execute(ThrowableCollector.java:73)
	at org.junit.platform.engine.support.hierarchical.NodeTestTask.lambda$executeRecursively$8(NodeTestTask.java:161)
	at org.junit.platform.engine.support.hierarchical.Node.around(Node.java:137)
	at org.junit.platform.engine.support.hierarchical.NodeTestTask.lambda$executeRecursively$9(NodeTestTask.java:139)
	at org.junit.platform.engine.support.hierarchical.ThrowableCollector.execute(ThrowableCollector.java:73)
	at org.junit.platform.engine.support.hierarchical.NodeTestTask.executeRecursively(NodeTestTask.java:138)
	at org.junit.platform.engine.support.hierarchical.NodeTestTask.execute(NodeTestTask.java:95)
	at java.util.ArrayList.forEach(ArrayList.java:1259)
	at org.junit.platform.engine.support.hierarchical.SameThreadHierarchicalTestExecutorService.invokeAll(SameThreadHierarchicalTestExecutorService.java:41)
	at org.junit.platform.engine.support.hierarchical.NodeTestTask.lambda$executeRecursively$6(NodeTestTask.java:155)
	at org.junit.platform.engine.support.hierarchical.ThrowableCollector.execute(ThrowableCollector.java:73)
	at org.junit.platform.engine.support.hierarchical.NodeTestTask.lambda$executeRecursively$8(NodeTestTask.java:141)
	at org.junit.platform.engine.support.hierarchical.Node.around(Node.java:137)
	at org.junit.platform.engine.support.hierarchical.NodeTestTask.lambda$executeRecursively$9(NodeTestTask.java:139)
	at org.junit.platform.engine.support.hierarchical.ThrowableCollector.execute(ThrowableCollector.java:73)
	at org.junit.platform.engine.support.hierarchical.NodeTestTask.executeRecursively(NodeTestTask.java:138)
	at org.junit.platform.engine.support.hierarchical.NodeTestTask.execute(NodeTestTask.java:95)
	at org.junit.platform.engine.support.hierarchical.SameThreadHierarchicalTestExecutorService.submit(SameThreadHierarchicalTestExecutorService.java:35)
	at org.junit.platform.engine.support.hierarchical.HierarchicalTestExecutor.execute(HierarchicalTestExecutor.java:57)
	at org.junit.platform.engine.support.hierarchical.HierarchicalTestEngine.execute(HierarchicalTestEngine.java:54)
	at org.junit.platform.launcher.core.EngineExecutionOrchestrator.execute(EngineExecutionOrchestrator.java:107)
	at org.junit.platform.launcher.core.EngineExecutionOrchestrator.execute(EngineExecutionOrchestrator.java:88)
	at org.junit.platform.launcher.core.EngineExecutionOrchestrator.lambda$execute$0(EngineExecutionOrchestrator.java:54)
	at org.junit.platform.launcher.core.EngineExecutionOrchestrator.withInterceptedStreams(EngineExecutionOrchestrator.java:67)
	at org.junit.platform.launcher.core.EngineExecutionOrchestrator.execute(EngineExecutionOrchestrator.java:52)
	at org.junit.platform.launcher.core.DefaultLauncher.execute(DefaultLauncher.java:114)
	at org.junit.platform.launcher.core.DefaultLauncher.execute(DefaultLauncher.java:86)
	at org.junit.platform.launcher.core.DefaultLauncherSession$DelegatingLauncher.execute(DefaultLauncherSession.java:86)
	at org.junit.platform.launcher.core.SessionPerRequestLauncher.execute(SessionPerRequestLauncher.java:53)
	at org.apache.maven.surefire.junitplatform.JUnitPlatformProvider.execute(JUnitPlatformProvider.java:188)
	at org.apache.maven.surefire.junitplatform.JUnitPlatformProvider.invokeAllTests(JUnitPlatformProvider.java:154)
	at org.apache.maven.surefire.junitplatform.JUnitPlatformProvider.invoke(JUnitPlatformProvider.java:124)
	at org.apache.maven.surefire.booter.ForkedBooter.runSuitesInProcess(ForkedBooter.java:428)
	at org.apache.maven.surefire.booter.ForkedBooter.execute(ForkedBooter.java:162)
	at org.apache.maven.surefire.booter.ForkedBooter.run(ForkedBooter.java:562)
	at org.apache.maven.surefire.booter.ForkedBooter.main(ForkedBooter.java:548)
]]></failure>
    <system-out><![CDATA[2023-05-17 09:10:04,605 [BlockDeletingService#0] INFO  interfaces.ContainerDeletionChoosingPolicyTemplate (ContainerDeletionChoosingPolicyTemplate.java:chooseContainerForBlockDeletion(83)) - Chosen 0/5000 blocks from 0 candidate containers.
2023-05-17 09:10:04,776 [Listener at 127.0.0.1/15004] INFO  ozone.MiniOzoneClusterImpl (MiniOzoneClusterImpl.java:shutdown(441)) - Shutting down the Mini Ozone Cluster
2023-05-17 09:10:04,777 [Listener at 127.0.0.1/15004] INFO  ozone.MiniOzoneClusterImpl (MiniOzoneClusterImpl.java:stop(458)) - Stopping the Mini Ozone Cluster
2023-05-17 09:10:04,777 [Listener at 127.0.0.1/15004] INFO  ozone.MiniOzoneClusterImpl (MiniOzoneClusterImpl.java:stopOM(544)) - Stopping the OzoneManager
2023-05-17 09:10:04,777 [Listener at 127.0.0.1/15004] INFO  om.OzoneManager (OzoneManager.java:stop(2196)) - om1[localhost:15004]: Stopping Ozone Manager
2023-05-17 09:10:04,777 [Listener at 127.0.0.1/15004] INFO  ipc.Server (Server.java:stop(3501)) - Stopping server on 15004
2023-05-17 09:10:04,791 [IPC Server Responder] INFO  ipc.Server (Server.java:run(1563)) - Stopping IPC Server Responder
2023-05-17 09:10:04,791 [IPC Server listener on 15004] INFO  ipc.Server (Server.java:run(1430)) - Stopping IPC Server listener on 15004
2023-05-17 09:10:04,793 [Listener at 127.0.0.1/15004] INFO  server.RaftServer (RaftServerProxy.java:lambda$close$6(416)) - om1: close
2023-05-17 09:10:04,795 [Listener at 127.0.0.1/15004] INFO  server.GrpcService (GrpcService.java:closeImpl(311)) - om1: shutdown server GrpcServerProtocolService now
2023-05-17 09:10:04,810 [om1-impl-thread2] INFO  server.RaftServer$Division (RaftServerImpl.java:lambda$close$4(466)) - om1@group-C5BA1605619E: shutdown
2023-05-17 09:10:04,811 [om1-impl-thread2] INFO  util.JmxRegister (JmxRegister.java:unregister(73)) - Successfully un-registered JMX Bean with object name Ratis:service=RaftServer,group=group-C5BA1605619E,id=om1
2023-05-17 09:10:04,811 [om1-impl-thread2] INFO  impl.RoleInfo (RoleInfo.java:shutdownLeaderState(93)) - om1: shutdown om1@group-C5BA1605619E-LeaderStateImpl
2023-05-17 09:10:04,811 [om1-impl-thread2] INFO  impl.PendingRequests (PendingRequests.java:sendNotLeaderResponses(289)) - om1@group-C5BA1605619E-PendingRequests: sendNotLeaderResponses
2023-05-17 09:10:04,826 [om1-impl-thread2] INFO  impl.StateMachineUpdater (StateMachineUpdater.java:stopAndJoin(155)) - om1@group-C5BA1605619E-StateMachineUpdater: set stopIndex = 2556
2023-05-17 09:10:04,827 [om1@group-C5BA1605619E-StateMachineUpdater] INFO  ratis.OzoneManagerStateMachine (OzoneManagerStateMachine.java:takeSnapshot(479)) - Current Snapshot Index (t:1, i:2556)
2023-05-17 09:10:04,840 [Listener at 127.0.0.1/15004] INFO  server.GrpcService (GrpcService.java:closeImpl(320)) - om1: shutdown server GrpcServerProtocolService successfully
2023-05-17 09:10:04,905 [om1@group-C5BA1605619E-StateMachineUpdater] INFO  impl.StateMachineUpdater (StateMachineUpdater.java:takeSnapshot(291)) - om1@group-C5BA1605619E-StateMachineUpdater: Took a snapshot at index 2556
2023-05-17 09:10:04,908 [om1@group-C5BA1605619E-StateMachineUpdater] INFO  impl.StateMachineUpdater (StateMachineUpdater.java:lambda$new$0(97)) - om1@group-C5BA1605619E-StateMachineUpdater: snapshotIndex: updateIncreasingly -1 -> 2556
2023-05-17 09:10:04,908 [om1@group-C5BA1605619E-StateMachineUpdater] INFO  ratis.OzoneManagerStateMachine (OzoneManagerStateMachine.java:close(533)) - StateMachine has shutdown. Shutdown OzoneManager if not already shutdown.
2023-05-17 09:10:04,908 [om1@group-C5BA1605619E-StateMachineUpdater] INFO  ratis.OzoneManagerDoubleBuffer (OzoneManagerDoubleBuffer.java:stopDaemon(559)) - Stopping OMDoubleBuffer flush thread
2023-05-17 09:10:04,912 [OMDoubleBufferFlushThread] INFO  ratis.OzoneManagerDoubleBuffer (OzoneManagerDoubleBuffer.java:canFlush(648)) - OMDoubleBuffer flush thread OMDoubleBufferFlushThread is interrupted and will exit.
2023-05-17 09:10:04,917 [om1-impl-thread2] INFO  server.RaftServer$Division (ServerState.java:close(472)) - om1@group-C5BA1605619E: closes. applyIndex: 2556
2023-05-17 09:10:04,978 [BlockDeletingService#0] INFO  interfaces.ContainerDeletionChoosingPolicyTemplate (ContainerDeletionChoosingPolicyTemplate.java:chooseContainerForBlockDeletion(83)) - Chosen 0/5000 blocks from 0 candidate containers.
2023-05-17 09:10:05,423 [BlockDeletingService#0] INFO  interfaces.ContainerDeletionChoosingPolicyTemplate (ContainerDeletionChoosingPolicyTemplate.java:chooseContainerForBlockDeletion(83)) - Chosen 0/5000 blocks from 0 candidate containers.
2023-05-17 09:10:05,430 [om1-impl-thread2] INFO  segmented.SegmentedRaftLogWorker (SegmentedRaftLogWorker.java:close(252)) - om1@group-C5BA1605619E-SegmentedRaftLogWorker close()
2023-05-17 09:10:05,434 [JvmPauseMonitor0] INFO  util.JvmPauseMonitor (JvmPauseMonitor.java:run(109)) - JvmPauseMonitor-om1: Stopped
2023-05-17 09:10:05,434 [Listener at 127.0.0.1/15004] INFO  ratis.OzoneManagerStateMachine (OzoneManagerStateMachine.java:close(533)) - StateMachine has shutdown. Shutdown OzoneManager if not already shutdown.
2023-05-17 09:10:05,434 [Listener at 127.0.0.1/15004] INFO  ratis.OzoneManagerDoubleBuffer (OzoneManagerDoubleBuffer.java:stopDaemon(568)) - OMDoubleBuffer flush thread is not running.
2023-05-17 09:10:05,437 [Listener at 127.0.0.1/15004] INFO  utils.BackgroundService (BackgroundService.java:shutdown(141)) - Shutting down service KeyDeletingService
2023-05-17 09:10:05,440 [Listener at 127.0.0.1/15004] INFO  utils.BackgroundService (BackgroundService.java:shutdown(141)) - Shutting down service KeyDeletingService
2023-05-17 09:10:05,440 [Listener at 127.0.0.1/15004] INFO  utils.BackgroundService (BackgroundService.java:shutdown(141)) - Shutting down service OpenKeyCleanupService
2023-05-17 09:10:05,440 [Listener at 127.0.0.1/15004] INFO  utils.BackgroundService (BackgroundService.java:shutdown(141)) - Shutting down service SstFilteringService
2023-05-17 09:10:05,441 [Listener at 127.0.0.1/15004] INFO  utils.BackgroundService (BackgroundService.java:shutdown(141)) - Shutting down service SnapshotDeletingService
2023-05-17 09:10:05,441 [Listener at 127.0.0.1/15004] INFO  om.OzoneManager (OzoneManager.java:stopSecretManager(1063)) - Stopping OM block token manager.
2023-05-17 09:10:05,441 [Listener at 127.0.0.1/15004] INFO  om.OzoneManager (OzoneManager.java:stopSecretManager(1072)) - Stopping OM delegation token secret manager.
2023-05-17 09:10:05,441 [Thread[Thread-385,5,main]] INFO  security.OzoneDelegationTokenSecretManager (OzoneDelegationTokenSecretManager.java:run(653)) - ExpiredTokenRemover was interrupted.
java.lang.InterruptedException: sleep interrupted
	at java.lang.Thread.sleep(Native Method)
	at org.apache.hadoop.ozone.security.OzoneDelegationTokenSecretManager$ExpiredTokenRemover.run(OzoneDelegationTokenSecretManager.java:649)
	at java.lang.Thread.run(Thread.java:750)
2023-05-17 09:10:05,443 [Listener at 127.0.0.1/15004] INFO  handler.ContextHandler (ContextHandler.java:doStop(1159)) - Stopped o.e.j.w.WebAppContext@e207342{ozoneManager,/,null,STOPPED}{file:/home/runner/work/ozone/ozone/hadoop-ozone/integration-test/target/test-classes/webapps/ozoneManager}
2023-05-17 09:10:05,447 [Listener at 127.0.0.1/15004] INFO  server.AbstractConnector (AbstractConnector.java:doStop(383)) - Stopped ServerConnector@4ac8c723{HTTP/1.1, (http/1.1)}{0.0.0.0:15005}
2023-05-17 09:10:05,447 [Listener at 127.0.0.1/15004] INFO  server.session (HouseKeeper.java:stopScavenging(149)) - node0 Stopped scavenging
2023-05-17 09:10:05,447 [Listener at 127.0.0.1/15004] INFO  handler.ContextHandler (ContextHandler.java:doStop(1159)) - Stopped o.e.j.s.ServletContextHandler@60357655{static,/static,file:///home/runner/work/ozone/ozone/hadoop-ozone/integration-test/target/test-classes/webapps/static,STOPPED}
2023-05-17 09:10:05,447 [Listener at 127.0.0.1/15004] INFO  handler.ContextHandler (ContextHandler.java:doStop(1159)) - Stopped o.e.j.s.ServletContextHandler@71d0240d{logs,/logs,file:///home/runner/work/ozone/ozone/hadoop-ozone/integration-test/target/log,STOPPED}
2023-05-17 09:10:05,461 [Listener at 127.0.0.1/15004] INFO  utils.BackgroundService (BackgroundService.java:shutdown(141)) - Shutting down service SnapshotDiffCleanupService
2023-05-17 09:10:05,472 [Listener at 127.0.0.1/15004] INFO  ozone.MiniOzoneClusterImpl (MiniOzoneClusterImpl.java:stopDatanodes(521)) - Stopping the HddsDatanodes
2023-05-17 09:10:05,488 [ForkJoinPool.commonPool-worker-1] INFO  ozoneimpl.OzoneContainer (OzoneContainer.java:stop(419)) - Attempting to stop container services.
2023-05-17 09:10:05,494 [Listener at 127.0.0.1/15004] INFO  ozoneimpl.OzoneContainer (OzoneContainer.java:stop(419)) - Attempting to stop container services.
2023-05-17 09:10:05,495 [ForkJoinPool.commonPool-worker-1] INFO  server.RaftServer (RaftServerProxy.java:lambda$close$6(416)) - 57ed5fd8-a62b-44c8-9c66-83b6d5ca8b16: close
2023-05-17 09:10:05,495 [57ed5fd8-a62b-44c8-9c66-83b6d5ca8b16-impl-thread2] INFO  server.RaftServer$Division (RaftServerImpl.java:lambda$close$4(466)) - 57ed5fd8-a62b-44c8-9c66-83b6d5ca8b16@group-CDB51B945669: shutdown
2023-05-17 09:10:05,495 [57ed5fd8-a62b-44c8-9c66-83b6d5ca8b16-impl-thread2] INFO  util.JmxRegister (JmxRegister.java:unregister(73)) - Successfully un-registered JMX Bean with object name Ratis:service=RaftServer,group=group-CDB51B945669,id=57ed5fd8-a62b-44c8-9c66-83b6d5ca8b16
2023-05-17 09:10:05,495 [57ed5fd8-a62b-44c8-9c66-83b6d5ca8b16-impl-thread2] INFO  impl.RoleInfo (RoleInfo.java:shutdownLeaderState(93)) - 57ed5fd8-a62b-44c8-9c66-83b6d5ca8b16: shutdown 57ed5fd8-a62b-44c8-9c66-83b6d5ca8b16@group-CDB51B945669-LeaderStateImpl
2023-05-17 09:10:05,499 [57ed5fd8-a62b-44c8-9c66-83b6d5ca8b16@group-CDB51B945669->b2b5d537-374d-472d-b9f1-d9543cb70a6b-GrpcLogAppender-LogAppenderDaemon] WARN  server.GrpcLogAppender (GrpcLogAppender.java:mayWait(199)) - 57ed5fd8-a62b-44c8-9c66-83b6d5ca8b16@group-CDB51B945669->b2b5d537-374d-472d-b9f1-d9543cb70a6b-GrpcLogAppender: Wait interrupted by java.lang.InterruptedException
2023-05-17 09:10:05,499 [57ed5fd8-a62b-44c8-9c66-83b6d5ca8b16-impl-thread3] INFO  server.RaftServer$Division (RaftServerImpl.java:lambda$close$4(466)) - 57ed5fd8-a62b-44c8-9c66-83b6d5ca8b16@group-5E59B8286B96: shutdown
2023-05-17 09:10:05,500 [57ed5fd8-a62b-44c8-9c66-83b6d5ca8b16-impl-thread3] INFO  util.JmxRegister (JmxRegister.java:unregister(73)) - Successfully un-registered JMX Bean with object name Ratis:service=RaftServer,group=group-5E59B8286B96,id=57ed5fd8-a62b-44c8-9c66-83b6d5ca8b16
2023-05-17 09:10:05,500 [57ed5fd8-a62b-44c8-9c66-83b6d5ca8b16-impl-thread3] INFO  impl.RoleInfo (RoleInfo.java:shutdownLeaderState(93)) - 57ed5fd8-a62b-44c8-9c66-83b6d5ca8b16: shutdown 57ed5fd8-a62b-44c8-9c66-83b6d5ca8b16@group-5E59B8286B96-LeaderStateImpl
2023-05-17 09:10:05,501 [grpc-default-executor-5] INFO  server.GrpcServerProtocolService (GrpcServerProtocolService.java:onCompleted(155)) - b2b5d537-374d-472d-b9f1-d9543cb70a6b: Completed APPEND_ENTRIES, lastRequest: 57ed5fd8-a62b-44c8-9c66-83b6d5ca8b16->b2b5d537-374d-472d-b9f1-d9543cb70a6b#237-t1,previous=(t:1, i:168),leaderCommit=168,initializing? true,entries: size=1, first=(t:1, i:169), METADATAENTRY(c:168)
2023-05-17 09:10:05,501 [grpc-default-executor-5] INFO  server.GrpcServerProtocolService (GrpcServerProtocolService.java:lambda$onCompleted$5(157)) - b2b5d537-374d-472d-b9f1-d9543cb70a6b: Completed APPEND_ENTRIES, lastReply: null
2023-05-17 09:10:05,502 [Listener at 127.0.0.1/15004] INFO  server.RaftServer (RaftServerProxy.java:lambda$close$6(416)) - 5b9af961-56be-4fa8-844e-3cefe1429416: close
2023-05-17 09:10:05,502 [ForkJoinPool.commonPool-worker-1] INFO  server.GrpcService (GrpcService.java:closeImpl(311)) - 57ed5fd8-a62b-44c8-9c66-83b6d5ca8b16: shutdown server org.apache.ratis.grpc.server.GrpcClientProtocolService now
2023-05-17 09:10:05,502 [57ed5fd8-a62b-44c8-9c66-83b6d5ca8b16-impl-thread4] INFO  server.RaftServer$Division (RaftServerImpl.java:lambda$close$4(466)) - 57ed5fd8-a62b-44c8-9c66-83b6d5ca8b16@group-2EE872F2B0F0: shutdown
2023-05-17 09:10:05,503 [57ed5fd8-a62b-44c8-9c66-83b6d5ca8b16-impl-thread4] INFO  util.JmxRegister (JmxRegister.java:unregister(73)) - Successfully un-registered JMX Bean with object name Ratis:service=RaftServer,group=group-2EE872F2B0F0,id=57ed5fd8-a62b-44c8-9c66-83b6d5ca8b16
2023-05-17 09:10:05,503 [57ed5fd8-a62b-44c8-9c66-83b6d5ca8b16-impl-thread4] INFO  impl.RoleInfo (RoleInfo.java:shutdownFollowerState(110)) - 57ed5fd8-a62b-44c8-9c66-83b6d5ca8b16: shutdown 57ed5fd8-a62b-44c8-9c66-83b6d5ca8b16@group-2EE872F2B0F0-FollowerState
2023-05-17 09:10:05,503 [57ed5fd8-a62b-44c8-9c66-83b6d5ca8b16@group-2EE872F2B0F0-FollowerState] INFO  impl.FollowerState (FollowerState.java:run(152)) - 57ed5fd8-a62b-44c8-9c66-83b6d5ca8b16@group-2EE872F2B0F0-FollowerState was interrupted
2023-05-17 09:10:05,503 [57ed5fd8-a62b-44c8-9c66-83b6d5ca8b16@group-2EE872F2B0F0-StateMachineUpdater] INFO  ratis.ContainerStateMachine (ContainerStateMachine.java:takeSnapshot(330)) - group-2EE872F2B0F0: Taking a snapshot at:(t:1, i:216) file /home/runner/work/ozone/ozone/hadoop-ozone/integration-test/target/test-dir/MiniOzoneClusterImpl-21d14123-a168-44a2-bc0a-ee93e32dcc9b/datanode-3/data/ratis/aa48e33c-f708-467c-8cb5-2ee872f2b0f0/sm/snapshot.1_216
2023-05-17 09:10:05,506 [57ed5fd8-a62b-44c8-9c66-83b6d5ca8b16-impl-thread4] INFO  impl.StateMachineUpdater (StateMachineUpdater.java:stopAndJoin(155)) - 57ed5fd8-a62b-44c8-9c66-83b6d5ca8b16@group-2EE872F2B0F0-StateMachineUpdater: set stopIndex = 216
2023-05-17 09:10:05,509 [Thread-1218] INFO  server.GrpcServerProtocolClient (GrpcServerProtocolClient.java:close(103)) - b2b5d537-374d-472d-b9f1-d9543cb70a6b Close channels
2023-05-17 09:10:05,500 [57ed5fd8-a62b-44c8-9c66-83b6d5ca8b16-impl-thread3] INFO  impl.PendingRequests (PendingRequests.java:sendNotLeaderResponses(289)) - 57ed5fd8-a62b-44c8-9c66-83b6d5ca8b16@group-5E59B8286B96-PendingRequests: sendNotLeaderResponses
2023-05-17 09:10:05,502 [grpc-default-executor-6] INFO  server.GrpcLogAppender (GrpcLogAppender.java:onCompleted(428)) - 57ed5fd8-a62b-44c8-9c66-83b6d5ca8b16@group-CDB51B945669->b2b5d537-374d-472d-b9f1-d9543cb70a6b-AppendLogResponseHandler: follower responses appendEntries COMPLETED
2023-05-17 09:10:05,502 [grpc-default-executor-10] INFO  server.GrpcServerProtocolService (GrpcServerProtocolService.java:onCompleted(155)) - b2b5d537-374d-472d-b9f1-d9543cb70a6b: Completed APPEND_ENTRIES, lastRequest: null
2023-05-17 09:10:05,503 [57ed5fd8-a62b-44c8-9c66-83b6d5ca8b16-impl-thread2] INFO  impl.PendingRequests (PendingRequests.java:sendNotLeaderResponses(289)) - 57ed5fd8-a62b-44c8-9c66-83b6d5ca8b16@group-CDB51B945669-PendingRequests: sendNotLeaderResponses
2023-05-17 09:10:05,503 [57ed5fd8-a62b-44c8-9c66-83b6d5ca8b16@group-CDB51B945669->b98521b2-5644-4aab-8244-d2e66a88cd45-GrpcLogAppender-LogAppenderDaemon] WARN  server.GrpcLogAppender (GrpcLogAppender.java:mayWait(199)) - 57ed5fd8-a62b-44c8-9c66-83b6d5ca8b16@group-CDB51B945669->b98521b2-5644-4aab-8244-d2e66a88cd45-GrpcLogAppender: Wait interrupted by java.lang.InterruptedException
2023-05-17 09:10:05,521 [5b9af961-56be-4fa8-844e-3cefe1429416-impl-thread2] INFO  server.RaftServer$Division (RaftServerImpl.java:lambda$close$4(466)) - 5b9af961-56be-4fa8-844e-3cefe1429416@group-F19CF75F4C85: shutdown
2023-05-17 09:10:05,521 [5b9af961-56be-4fa8-844e-3cefe1429416-impl-thread2] INFO  util.JmxRegister (JmxRegister.java:unregister(73)) - Successfully un-registered JMX Bean with object name Ratis:service=RaftServer,group=group-F19CF75F4C85,id=5b9af961-56be-4fa8-844e-3cefe1429416
2023-05-17 09:10:05,521 [5b9af961-56be-4fa8-844e-3cefe1429416-impl-thread2] INFO  impl.RoleInfo (RoleInfo.java:shutdownFollowerState(110)) - 5b9af961-56be-4fa8-844e-3cefe1429416: shutdown 5b9af961-56be-4fa8-844e-3cefe1429416@group-F19CF75F4C85-FollowerState
2023-05-17 09:10:05,521 [grpc-default-executor-5] INFO  server.GrpcServerProtocolService (GrpcServerProtocolService.java:onCompleted(155)) - b98521b2-5644-4aab-8244-d2e66a88cd45: Completed APPEND_ENTRIES, lastRequest: 57ed5fd8-a62b-44c8-9c66-83b6d5ca8b16->b98521b2-5644-4aab-8244-d2e66a88cd45#229-t1,previous=(t:1, i:168),leaderCommit=168,initializing? true,entries: size=1, first=(t:1, i:169), METADATAENTRY(c:168)
2023-05-17 09:10:05,522 [grpc-default-executor-5] INFO  server.GrpcServerProtocolService (GrpcServerProtocolService.java:lambda$onCompleted$5(157)) - b98521b2-5644-4aab-8244-d2e66a88cd45: Completed APPEND_ENTRIES, lastReply: null
2023-05-17 09:10:05,522 [5b9af961-56be-4fa8-844e-3cefe1429416-impl-thread3] INFO  server.RaftServer$Division (RaftServerImpl.java:lambda$close$4(466)) - 5b9af961-56be-4fa8-844e-3cefe1429416@group-9A9143D8A2C4: shutdown
2023-05-17 09:10:05,522 [5b9af961-56be-4fa8-844e-3cefe1429416-impl-thread3] INFO  util.JmxRegister (JmxRegister.java:unregister(73)) - Successfully un-registered JMX Bean with object name Ratis:service=RaftServer,group=group-9A9143D8A2C4,id=5b9af961-56be-4fa8-844e-3cefe1429416
2023-05-17 09:10:05,522 [5b9af961-56be-4fa8-844e-3cefe1429416-impl-thread3] INFO  impl.RoleInfo (RoleInfo.java:shutdownLeaderState(93)) - 5b9af961-56be-4fa8-844e-3cefe1429416: shutdown 5b9af961-56be-4fa8-844e-3cefe1429416@group-9A9143D8A2C4-LeaderStateImpl
2023-05-17 09:10:05,528 [grpc-default-executor-10] INFO  server.GrpcServerProtocolService (GrpcServerProtocolService.java:lambda$onCompleted$5(157)) - b2b5d537-374d-472d-b9f1-d9543cb70a6b: Completed APPEND_ENTRIES, lastReply: serverReply {
  requestorId: "57ed5fd8-a62b-44c8-9c66-83b6d5ca8b16"
  replyId: "b2b5d537-374d-472d-b9f1-d9543cb70a6b"
  raftGroupId {
    id: " \003\366HCcJ\363\255S\315\265\033\224Vi"
  }
  callId: 242
  success: true
}
term: 1
nextIndex: 170
followerCommit: 169
matchIndex: 18446744073709551615
isHearbeat: true

2023-05-17 09:10:05,531 [grpc-default-executor-5] INFO  server.GrpcLogAppender (GrpcLogAppender.java:onCompleted(428)) - 57ed5fd8-a62b-44c8-9c66-83b6d5ca8b16@group-CDB51B945669->b2b5d537-374d-472d-b9f1-d9543cb70a6b-AppendLogResponseHandler: follower responses appendEntries COMPLETED
2023-05-17 09:10:05,525 [Thread-1219] INFO  server.GrpcServerProtocolClient (GrpcServerProtocolClient.java:close(103)) - b98521b2-5644-4aab-8244-d2e66a88cd45 Close channels
2023-05-17 09:10:05,524 [5b9af961-56be-4fa8-844e-3cefe1429416-impl-thread4] INFO  server.RaftServer$Division (RaftServerImpl.java:lambda$close$4(466)) - 5b9af961-56be-4fa8-844e-3cefe1429416@group-A7669F4B16A5: shutdown
2023-05-17 09:10:05,524 [Listener at 127.0.0.1/15004] INFO  server.GrpcService (GrpcService.java:closeImpl(311)) - 5b9af961-56be-4fa8-844e-3cefe1429416: shutdown server org.apache.ratis.grpc.server.GrpcClientProtocolService now
2023-05-17 09:10:05,522 [grpc-default-executor-2] INFO  server.GrpcLogAppender (GrpcLogAppender.java:onCompleted(428)) - 57ed5fd8-a62b-44c8-9c66-83b6d5ca8b16@group-CDB51B945669->b98521b2-5644-4aab-8244-d2e66a88cd45-AppendLogResponseHandler: follower responses appendEntries COMPLETED
2023-05-17 09:10:05,522 [grpc-default-executor-13] INFO  server.GrpcServerProtocolService (GrpcServerProtocolService.java:onCompleted(155)) - b98521b2-5644-4aab-8244-d2e66a88cd45: Completed APPEND_ENTRIES, lastRequest: null
2023-05-17 09:10:05,532 [grpc-default-executor-13] INFO  server.GrpcServerProtocolService (GrpcServerProtocolService.java:lambda$onCompleted$5(157)) - b98521b2-5644-4aab-8244-d2e66a88cd45: Completed APPEND_ENTRIES, lastReply: serverReply {
  requestorId: "57ed5fd8-a62b-44c8-9c66-83b6d5ca8b16"
  replyId: "b98521b2-5644-4aab-8244-d2e66a88cd45"
  raftGroupId {
    id: " \003\366HCcJ\363\255S\315\265\033\224Vi"
  }
  callId: 232
  success: true
}
term: 1
nextIndex: 170
followerCommit: 169
matchIndex: 18446744073709551615
isHearbeat: true

2023-05-17 09:10:05,532 [5b9af961-56be-4fa8-844e-3cefe1429416-impl-thread4] INFO  util.JmxRegister (JmxRegister.java:unregister(73)) - Successfully un-registered JMX Bean with object name Ratis:service=RaftServer,group=group-A7669F4B16A5,id=5b9af961-56be-4fa8-844e-3cefe1429416
2023-05-17 09:10:05,532 [5b9af961-56be-4fa8-844e-3cefe1429416-impl-thread4] INFO  impl.RoleInfo (RoleInfo.java:shutdownFollowerState(110)) - 5b9af961-56be-4fa8-844e-3cefe1429416: shutdown 5b9af961-56be-4fa8-844e-3cefe1429416@group-A7669F4B16A5-FollowerState
2023-05-17 09:10:05,533 [5b9af961-56be-4fa8-844e-3cefe1429416-impl-thread3] INFO  impl.PendingRequests (PendingRequests.java:sendNotLeaderResponses(289)) - 5b9af961-56be-4fa8-844e-3cefe1429416@group-9A9143D8A2C4-PendingRequests: sendNotLeaderResponses
2023-05-17 09:10:05,533 [57ed5fd8-a62b-44c8-9c66-83b6d5ca8b16@group-2EE872F2B0F0-StateMachineUpdater] INFO  ratis.ContainerStateMachine (ContainerStateMachine.java:takeSnapshot(341)) - group-2EE872F2B0F0: Finished taking a snapshot at:(t:1, i:216) file:/home/runner/work/ozone/ozone/hadoop-ozone/integration-test/target/test-dir/MiniOzoneClusterImpl-21d14123-a168-44a2-bc0a-ee93e32dcc9b/datanode-3/data/ratis/aa48e33c-f708-467c-8cb5-2ee872f2b0f0/sm/snapshot.1_216 took: 30 ms
2023-05-17 09:10:05,535 [57ed5fd8-a62b-44c8-9c66-83b6d5ca8b16@group-2EE872F2B0F0-StateMachineUpdater] INFO  impl.StateMachineUpdater (StateMachineUpdater.java:takeSnapshot(291)) - 57ed5fd8-a62b-44c8-9c66-83b6d5ca8b16@group-2EE872F2B0F0-StateMachineUpdater: Took a snapshot at index 216
2023-05-17 09:10:05,535 [57ed5fd8-a62b-44c8-9c66-83b6d5ca8b16@group-2EE872F2B0F0-StateMachineUpdater] INFO  impl.StateMachineUpdater (StateMachineUpdater.java:lambda$new$0(97)) - 57ed5fd8-a62b-44c8-9c66-83b6d5ca8b16@group-2EE872F2B0F0-StateMachineUpdater: snapshotIndex: updateIncreasingly -1 -> 216
2023-05-17 09:10:05,535 [5b9af961-56be-4fa8-844e-3cefe1429416-impl-thread4] INFO  impl.StateMachineUpdater (StateMachineUpdater.java:stopAndJoin(155)) - 5b9af961-56be-4fa8-844e-3cefe1429416@group-A7669F4B16A5-StateMachineUpdater: set stopIndex = 167
2023-05-17 09:10:05,536 [5b9af961-56be-4fa8-844e-3cefe1429416@group-A7669F4B16A5-FollowerState] INFO  impl.FollowerState (FollowerState.java:run(152)) - 5b9af961-56be-4fa8-844e-3cefe1429416@group-A7669F4B16A5-FollowerState was interrupted
2023-05-17 09:10:05,536 [5b9af961-56be-4fa8-844e-3cefe1429416@group-A7669F4B16A5-StateMachineUpdater] INFO  ratis.ContainerStateMachine (ContainerStateMachine.java:takeSnapshot(330)) - group-A7669F4B16A5: Taking a snapshot at:(t:1, i:167) file /home/runner/work/ozone/ozone/hadoop-ozone/integration-test/target/test-dir/MiniOzoneClusterImpl-21d14123-a168-44a2-bc0a-ee93e32dcc9b/datanode-7/data/ratis/198e1bf6-3ffb-4307-8ad0-a7669f4b16a5/sm/snapshot.1_167
2023-05-17 09:10:05,537 [Thread-1223] INFO  server.GrpcServerProtocolClient (GrpcServerProtocolClient.java:close(103)) - 5b9fa8c3-08c3-43f9-b175-3119fbbe3900 Close channels
2023-05-17 09:10:05,537 [5b9af961-56be-4fa8-844e-3cefe1429416@group-A7669F4B16A5-StateMachineUpdater] INFO  ratis.ContainerStateMachine (ContainerStateMachine.java:takeSnapshot(341)) - group-A7669F4B16A5: Finished taking a snapshot at:(t:1, i:167) file:/home/runner/work/ozone/ozone/hadoop-ozone/integration-test/target/test-dir/MiniOzoneClusterImpl-21d14123-a168-44a2-bc0a-ee93e32dcc9b/datanode-7/data/ratis/198e1bf6-3ffb-4307-8ad0-a7669f4b16a5/sm/snapshot.1_167 took: 1 ms
2023-05-17 09:10:05,537 [5b9af961-56be-4fa8-844e-3cefe1429416@group-A7669F4B16A5-StateMachineUpdater] INFO  impl.StateMachineUpdater (StateMachineUpdater.java:takeSnapshot(291)) - 5b9af961-56be-4fa8-844e-3cefe1429416@group-A7669F4B16A5-StateMachineUpdater: Took a snapshot at index 167
2023-05-17 09:10:05,537 [5b9af961-56be-4fa8-844e-3cefe1429416@group-A7669F4B16A5-StateMachineUpdater] INFO  impl.StateMachineUpdater (StateMachineUpdater.java:lambda$new$0(97)) - 5b9af961-56be-4fa8-844e-3cefe1429416@group-A7669F4B16A5-StateMachineUpdater: snapshotIndex: updateIncreasingly -1 -> 167
2023-05-17 09:10:05,538 [5b9af961-56be-4fa8-844e-3cefe1429416-impl-thread2] INFO  impl.StateMachineUpdater (StateMachineUpdater.java:stopAndJoin(155)) - 5b9af961-56be-4fa8-844e-3cefe1429416@group-F19CF75F4C85-StateMachineUpdater: set stopIndex = 248
2023-05-17 09:10:05,546 [grpc-default-executor-6] WARN  server.GrpcLogAppender (GrpcLogAppender.java:resetClient(137)) - 57ed5fd8-a62b-44c8-9c66-83b6d5ca8b16@group-CDB51B945669->b2b5d537-374d-472d-b9f1-d9543cb70a6b-GrpcLogAppender: Failed to getClient for b2b5d537-374d-472d-b9f1-d9543cb70a6b
org.apache.ratis.protocol.exceptions.AlreadyClosedException: 57ed5fd8-a62b-44c8-9c66-83b6d5ca8b16 is already CLOSED
	at org.apache.ratis.util.PeerProxyMap$PeerAndProxy.getProxy(PeerProxyMap.java:61)
	at org.apache.ratis.util.PeerProxyMap.getProxy(PeerProxyMap.java:115)
	at org.apache.ratis.grpc.server.GrpcLogAppender.getClient(GrpcLogAppender.java:112)
	at org.apache.ratis.grpc.server.GrpcLogAppender.resetClient(GrpcLogAppender.java:117)
	at org.apache.ratis.grpc.server.GrpcLogAppender.access$500(GrpcLogAppender.java:56)
	at org.apache.ratis.grpc.server.GrpcLogAppender$AppendLogResponseHandler.onCompleted(GrpcLogAppender.java:429)
	at org.apache.ratis.thirdparty.io.grpc.stub.ClientCalls$StreamObserverToCallListenerAdapter.onClose(ClientCalls.java:485)
	at org.apache.ratis.thirdparty.io.grpc.internal.ClientCallImpl.closeObserver(ClientCallImpl.java:563)
	at org.apache.ratis.thirdparty.io.grpc.internal.ClientCallImpl.access$300(ClientCallImpl.java:70)
	at org.apache.ratis.thirdparty.io.grpc.internal.ClientCallImpl$ClientStreamListenerImpl$1StreamClosed.runInternal(ClientCallImpl.java:744)
	at org.apache.ratis.thirdparty.io.grpc.internal.ClientCallImpl$ClientStreamListenerImpl$1StreamClosed.runInContext(ClientCallImpl.java:723)
	at org.apache.ratis.thirdparty.io.grpc.internal.ContextRunnable.run(ContextRunnable.java:37)
	at org.apache.ratis.thirdparty.io.grpc.internal.SerializingExecutor.run(SerializingExecutor.java:133)
	at java.util.concurrent.ThreadPoolExecutor.runWorker(ThreadPoolExecutor.java:1149)
	at java.util.concurrent.ThreadPoolExecutor$Worker.run(ThreadPoolExecutor.java:624)
	at java.lang.Thread.run(Thread.java:750)
2023-05-17 09:10:05,546 [57ed5fd8-a62b-44c8-9c66-83b6d5ca8b16-impl-thread2] INFO  impl.StateMachineUpdater (StateMachineUpdater.java:stopAndJoin(155)) - 57ed5fd8-a62b-44c8-9c66-83b6d5ca8b16@group-CDB51B945669-StateMachineUpdater: set stopIndex = 169
2023-05-17 09:10:05,547 [grpc-default-executor-5] WARN  server.GrpcLogAppender (GrpcLogAppender.java:resetClient(137)) - 57ed5fd8-a62b-44c8-9c66-83b6d5ca8b16@group-CDB51B945669->b2b5d537-374d-472d-b9f1-d9543cb70a6b-GrpcLogAppender: Failed to getClient for b2b5d537-374d-472d-b9f1-d9543cb70a6b
org.apache.ratis.protocol.exceptions.AlreadyClosedException: 57ed5fd8-a62b-44c8-9c66-83b6d5ca8b16 is already CLOSED
	at org.apache.ratis.util.PeerProxyMap$PeerAndProxy.getProxy(PeerProxyMap.java:61)
	at org.apache.ratis.util.PeerProxyMap.getProxy(PeerProxyMap.java:115)
	at org.apache.ratis.grpc.server.GrpcLogAppender.getClient(GrpcLogAppender.java:112)
	at org.apache.ratis.grpc.server.GrpcLogAppender.resetClient(GrpcLogAppender.java:117)
	at org.apache.ratis.grpc.server.GrpcLogAppender.access$500(GrpcLogAppender.java:56)
	at org.apache.ratis.grpc.server.GrpcLogAppender$AppendLogResponseHandler.onCompleted(GrpcLogAppender.java:429)
	at org.apache.ratis.thirdparty.io.grpc.stub.ClientCalls$StreamObserverToCallListenerAdapter.onClose(ClientCalls.java:485)
	at org.apache.ratis.thirdparty.io.grpc.internal.ClientCallImpl.closeObserver(ClientCallImpl.java:563)
	at org.apache.ratis.thirdparty.io.grpc.internal.ClientCallImpl.access$300(ClientCallImpl.java:70)
	at org.apache.ratis.thirdparty.io.grpc.internal.ClientCallImpl$ClientStreamListenerImpl$1StreamClosed.runInternal(ClientCallImpl.java:744)
	at org.apache.ratis.thirdparty.io.grpc.internal.ClientCallImpl$ClientStreamListenerImpl$1StreamClosed.runInContext(ClientCallImpl.java:723)
	at org.apache.ratis.thirdparty.io.grpc.internal.ContextRunnable.run(ContextRunnable.java:37)
	at org.apache.ratis.thirdparty.io.grpc.internal.SerializingExecutor.run(SerializingExecutor.java:133)
	at java.util.concurrent.ThreadPoolExecutor.runWorker(ThreadPoolExecutor.java:1149)
	at java.util.concurrent.ThreadPoolExecutor$Worker.run(ThreadPoolExecutor.java:624)
	at java.lang.Thread.run(Thread.java:750)
2023-05-17 09:10:05,547 [57ed5fd8-a62b-44c8-9c66-83b6d5ca8b16@group-CDB51B945669-StateMachineUpdater] INFO  ratis.ContainerStateMachine (ContainerStateMachine.java:takeSnapshot(330)) - group-CDB51B945669: Taking a snapshot at:(t:1, i:169) file /home/runner/work/ozone/ozone/hadoop-ozone/integration-test/target/test-dir/MiniOzoneClusterImpl-21d14123-a168-44a2-bc0a-ee93e32dcc9b/datanode-3/data/ratis/2003f648-4363-4af3-ad53-cdb51b945669/sm/snapshot.1_169
2023-05-17 09:10:05,547 [grpc-default-executor-2] WARN  server.GrpcLogAppender (GrpcLogAppender.java:resetClient(137)) - 57ed5fd8-a62b-44c8-9c66-83b6d5ca8b16@group-CDB51B945669->b98521b2-5644-4aab-8244-d2e66a88cd45-GrpcLogAppender: Failed to getClient for b98521b2-5644-4aab-8244-d2e66a88cd45
org.apache.ratis.protocol.exceptions.AlreadyClosedException: 57ed5fd8-a62b-44c8-9c66-83b6d5ca8b16 is already CLOSED
	at org.apache.ratis.util.PeerProxyMap$PeerAndProxy.getProxy(PeerProxyMap.java:61)
	at org.apache.ratis.util.PeerProxyMap.getProxy(PeerProxyMap.java:115)
	at org.apache.ratis.grpc.server.GrpcLogAppender.getClient(GrpcLogAppender.java:112)
	at org.apache.ratis.grpc.server.GrpcLogAppender.resetClient(GrpcLogAppender.java:117)
	at org.apache.ratis.grpc.server.GrpcLogAppender.access$500(GrpcLogAppender.java:56)
	at org.apache.ratis.grpc.server.GrpcLogAppender$AppendLogResponseHandler.onCompleted(GrpcLogAppender.java:429)
	at org.apache.ratis.thirdparty.io.grpc.stub.ClientCalls$StreamObserverToCallListenerAdapter.onClose(ClientCalls.java:485)
	at org.apache.ratis.thirdparty.io.grpc.internal.ClientCallImpl.closeObserver(ClientCallImpl.java:563)
	at org.apache.ratis.thirdparty.io.grpc.internal.ClientCallImpl.access$300(ClientCallImpl.java:70)
	at org.apache.ratis.thirdparty.io.grpc.internal.ClientCallImpl$ClientStreamListenerImpl$1StreamClosed.runInternal(ClientCallImpl.java:744)
	at org.apache.ratis.thirdparty.io.grpc.internal.ClientCallImpl$ClientStreamListenerImpl$1StreamClosed.runInContext(ClientCallImpl.java:723)
	at org.apache.ratis.thirdparty.io.grpc.internal.ContextRunnable.run(ContextRunnable.java:37)
	at org.apache.ratis.thirdparty.io.grpc.internal.SerializingExecutor.run(SerializingExecutor.java:133)
	at java.util.concurrent.ThreadPoolExecutor.runWorker(ThreadPoolExecutor.java:1149)
	at java.util.concurrent.ThreadPoolExecutor$Worker.run(ThreadPoolExecutor.java:624)
	at java.lang.Thread.run(Thread.java:750)
2023-05-17 09:10:05,550 [Thread-1225] INFO  server.GrpcServerProtocolClient (GrpcServerProtocolClient.java:close(103)) - bcbacd9a-ca93-42dd-bb1e-f9c21d91cd60 Close channels
2023-05-17 09:10:05,552 [ForkJoinPool.commonPool-worker-1] INFO  server.GrpcService (GrpcService.java:closeImpl(320)) - 57ed5fd8-a62b-44c8-9c66-83b6d5ca8b16: shutdown server org.apache.ratis.grpc.server.GrpcClientProtocolService successfully
2023-05-17 09:10:05,552 [ForkJoinPool.commonPool-worker-1] INFO  server.GrpcService (GrpcService.java:closeImpl(311)) - 57ed5fd8-a62b-44c8-9c66-83b6d5ca8b16: shutdown server GrpcServerProtocolService now
2023-05-17 09:10:05,551 [grpc-default-executor-13] INFO  server.GrpcLogAppender (GrpcLogAppender.java:onCompleted(428)) - 57ed5fd8-a62b-44c8-9c66-83b6d5ca8b16@group-CDB51B945669->b98521b2-5644-4aab-8244-d2e66a88cd45-AppendLogResponseHandler: follower responses appendEntries COMPLETED
2023-05-17 09:10:05,552 [grpc-default-executor-13] WARN  server.GrpcLogAppender (GrpcLogAppender.java:resetClient(137)) - 57ed5fd8-a62b-44c8-9c66-83b6d5ca8b16@group-CDB51B945669->b98521b2-5644-4aab-8244-d2e66a88cd45-GrpcLogAppender: Failed to getClient for b98521b2-5644-4aab-8244-d2e66a88cd45
org.apache.ratis.protocol.exceptions.AlreadyClosedException: 57ed5fd8-a62b-44c8-9c66-83b6d5ca8b16 is already CLOSED
	at org.apache.ratis.util.PeerProxyMap$PeerAndProxy.getProxy(PeerProxyMap.java:61)
	at org.apache.ratis.util.PeerProxyMap.getProxy(PeerProxyMap.java:115)
	at org.apache.ratis.grpc.server.GrpcLogAppender.getClient(GrpcLogAppender.java:112)
	at org.apache.ratis.grpc.server.GrpcLogAppender.resetClient(GrpcLogAppender.java:117)
	at org.apache.ratis.grpc.server.GrpcLogAppender.access$500(GrpcLogAppender.java:56)
	at org.apache.ratis.grpc.server.GrpcLogAppender$AppendLogResponseHandler.onCompleted(GrpcLogAppender.java:429)
	at org.apache.ratis.thirdparty.io.grpc.stub.ClientCalls$StreamObserverToCallListenerAdapter.onClose(ClientCalls.java:485)
	at org.apache.ratis.thirdparty.io.grpc.internal.DelayedClientCall$DelayedListener$3.run(DelayedClientCall.java:471)
	at org.apache.ratis.thirdparty.io.grpc.internal.DelayedClientCall$DelayedListener.delayOrExecute(DelayedClientCall.java:435)
	at org.apache.ratis.thirdparty.io.grpc.internal.DelayedClientCall$DelayedListener.onClose(DelayedClientCall.java:468)
	at org.apache.ratis.thirdparty.io.grpc.internal.ClientCallImpl.closeObserver(ClientCallImpl.java:563)
	at org.apache.ratis.thirdparty.io.grpc.internal.ClientCallImpl.access$300(ClientCallImpl.java:70)
	at org.apache.ratis.thirdparty.io.grpc.internal.ClientCallImpl$ClientStreamListenerImpl$1StreamClosed.runInternal(ClientCallImpl.java:744)
	at org.apache.ratis.thirdparty.io.grpc.internal.ClientCallImpl$ClientStreamListenerImpl$1StreamClosed.runInContext(ClientCallImpl.java:723)
	at org.apache.ratis.thirdparty.io.grpc.internal.ContextRunnable.run(ContextRunnable.java:37)
	at org.apache.ratis.thirdparty.io.grpc.internal.SerializingExecutor.run(SerializingExecutor.java:133)
	at java.util.concurrent.ThreadPoolExecutor.runWorker(ThreadPoolExecutor.java:1149)
	at java.util.concurrent.ThreadPoolExecutor$Worker.run(ThreadPoolExecutor.java:624)
	at java.lang.Thread.run(Thread.java:750)
2023-05-17 09:10:05,551 [5b9af961-56be-4fa8-844e-3cefe1429416@group-F19CF75F4C85-FollowerState] INFO  impl.FollowerState (FollowerState.java:run(152)) - 5b9af961-56be-4fa8-844e-3cefe1429416@group-F19CF75F4C85-FollowerState was interrupted
2023-05-17 09:10:05,550 [5b9af961-56be-4fa8-844e-3cefe1429416@group-F19CF75F4C85-StateMachineUpdater] INFO  ratis.ContainerStateMachine (ContainerStateMachine.java:takeSnapshot(330)) - group-F19CF75F4C85: Taking a snapshot at:(t:1, i:248) file /home/runner/work/ozone/ozone/hadoop-ozone/integration-test/target/test-dir/MiniOzoneClusterImpl-21d14123-a168-44a2-bc0a-ee93e32dcc9b/datanode-7/data/ratis/a870d4e5-2afa-42e0-ae48-f19cf75f4c85/sm/snapshot.1_248
2023-05-17 09:10:05,554 [Listener at 127.0.0.1/15004] INFO  server.GrpcService (GrpcService.java:closeImpl(320)) - 5b9af961-56be-4fa8-844e-3cefe1429416: shutdown server org.apache.ratis.grpc.server.GrpcClientProtocolService successfully
2023-05-17 09:10:05,554 [Listener at 127.0.0.1/15004] INFO  server.GrpcService (GrpcService.java:closeImpl(311)) - 5b9af961-56be-4fa8-844e-3cefe1429416: shutdown server GrpcServerProtocolService now
2023-05-17 09:10:05,554 [5b9af961-56be-4fa8-844e-3cefe1429416@group-F19CF75F4C85-StateMachineUpdater] INFO  ratis.ContainerStateMachine (ContainerStateMachine.java:takeSnapshot(341)) - group-F19CF75F4C85: Finished taking a snapshot at:(t:1, i:248) file:/home/runner/work/ozone/ozone/hadoop-ozone/integration-test/target/test-dir/MiniOzoneClusterImpl-21d14123-a168-44a2-bc0a-ee93e32dcc9b/datanode-7/data/ratis/a870d4e5-2afa-42e0-ae48-f19cf75f4c85/sm/snapshot.1_248 took: 3 ms
2023-05-17 09:10:05,554 [5b9af961-56be-4fa8-844e-3cefe1429416@group-F19CF75F4C85-StateMachineUpdater] INFO  impl.StateMachineUpdater (StateMachineUpdater.java:takeSnapshot(291)) - 5b9af961-56be-4fa8-844e-3cefe1429416@group-F19CF75F4C85-StateMachineUpdater: Took a snapshot at index 248
2023-05-17 09:10:05,554 [5b9af961-56be-4fa8-844e-3cefe1429416@group-F19CF75F4C85-StateMachineUpdater] INFO  impl.StateMachineUpdater (StateMachineUpdater.java:lambda$new$0(97)) - 5b9af961-56be-4fa8-844e-3cefe1429416@group-F19CF75F4C85-StateMachineUpdater: snapshotIndex: updateIncreasingly -1 -> 248
2023-05-17 09:10:05,555 [57ed5fd8-a62b-44c8-9c66-83b6d5ca8b16@group-CDB51B945669-StateMachineUpdater] INFO  ratis.ContainerStateMachine (ContainerStateMachine.java:takeSnapshot(341)) - group-CDB51B945669: Finished taking a snapshot at:(t:1, i:169) file:/home/runner/work/ozone/ozone/hadoop-ozone/integration-test/target/test-dir/MiniOzoneClusterImpl-21d14123-a168-44a2-bc0a-ee93e32dcc9b/datanode-3/data/ratis/2003f648-4363-4af3-ad53-cdb51b945669/sm/snapshot.1_169 took: 8 ms
2023-05-17 09:10:05,555 [57ed5fd8-a62b-44c8-9c66-83b6d5ca8b16@group-CDB51B945669-StateMachineUpdater] INFO  impl.StateMachineUpdater (StateMachineUpdater.java:takeSnapshot(291)) - 57ed5fd8-a62b-44c8-9c66-83b6d5ca8b16@group-CDB51B945669-StateMachineUpdater: Took a snapshot at index 169
2023-05-17 09:10:05,555 [57ed5fd8-a62b-44c8-9c66-83b6d5ca8b16@group-CDB51B945669-StateMachineUpdater] INFO  impl.StateMachineUpdater (StateMachineUpdater.java:lambda$new$0(97)) - 57ed5fd8-a62b-44c8-9c66-83b6d5ca8b16@group-CDB51B945669-StateMachineUpdater: snapshotIndex: updateIncreasingly -1 -> 169
2023-05-17 09:10:05,559 [ForkJoinPool.commonPool-worker-2] INFO  ozoneimpl.OzoneContainer (OzoneContainer.java:stop(419)) - Attempting to stop container services.
2023-05-17 09:10:05,560 [ForkJoinPool.commonPool-worker-0] INFO  ozoneimpl.OzoneContainer (OzoneContainer.java:stop(419)) - Attempting to stop container services.
2023-05-17 09:10:05,570 [ForkJoinPool.commonPool-worker-0] INFO  server.RaftServer (RaftServerProxy.java:lambda$close$6(416)) - 84eda2eb-aea9-437c-8414-760cea80ce07: close
2023-05-17 09:10:05,571 [ForkJoinPool.commonPool-worker-0] INFO  server.GrpcService (GrpcService.java:closeImpl(311)) - 84eda2eb-aea9-437c-8414-760cea80ce07: shutdown server org.apache.ratis.grpc.server.GrpcClientProtocolService now
2023-05-17 09:10:05,571 [84eda2eb-aea9-437c-8414-760cea80ce07-impl-thread2] INFO  server.RaftServer$Division (RaftServerImpl.java:lambda$close$4(466)) - 84eda2eb-aea9-437c-8414-760cea80ce07@group-3DC33AB96AA1: shutdown
2023-05-17 09:10:05,572 [84eda2eb-aea9-437c-8414-760cea80ce07-impl-thread2] INFO  util.JmxRegister (JmxRegister.java:unregister(73)) - Successfully un-registered JMX Bean with object name Ratis:service=RaftServer,group=group-3DC33AB96AA1,id=84eda2eb-aea9-437c-8414-760cea80ce07
2023-05-17 09:10:05,572 [84eda2eb-aea9-437c-8414-760cea80ce07-impl-thread2] INFO  impl.RoleInfo (RoleInfo.java:shutdownLeaderState(93)) - 84eda2eb-aea9-437c-8414-760cea80ce07: shutdown 84eda2eb-aea9-437c-8414-760cea80ce07@group-3DC33AB96AA1-LeaderStateImpl
2023-05-17 09:10:05,572 [84eda2eb-aea9-437c-8414-760cea80ce07-impl-thread2] INFO  impl.PendingRequests (PendingRequests.java:sendNotLeaderResponses(289)) - 84eda2eb-aea9-437c-8414-760cea80ce07@group-3DC33AB96AA1-PendingRequests: sendNotLeaderResponses
2023-05-17 09:10:05,581 [grpc-default-executor-2] WARN  server.GrpcServerProtocolService (LogUtils.java:warn(122)) - 57ed5fd8-a62b-44c8-9c66-83b6d5ca8b16: APPEND_ENTRIES onError, lastRequest: b98521b2-5644-4aab-8244-d2e66a88cd45->57ed5fd8-a62b-44c8-9c66-83b6d5ca8b16#286-t1,previous=(t:1, i:217),leaderCommit=216,initializing? true,entries: size=1, first=(t:1, i:218), METADATAENTRY(c:216): org.apache.ratis.thirdparty.io.grpc.StatusRuntimeException: CANCELLED: client cancelled
2023-05-17 09:10:05,581 [grpc-default-executor-13] WARN  server.GrpcServerProtocolService (LogUtils.java:warn(122)) - 57ed5fd8-a62b-44c8-9c66-83b6d5ca8b16: APPEND_ENTRIES onError, lastRequest: null: org.apache.ratis.thirdparty.io.grpc.StatusRuntimeException: CANCELLED: client cancelled
2023-05-17 09:10:05,581 [ForkJoinPool.commonPool-worker-1] INFO  server.GrpcService (GrpcService.java:closeImpl(320)) - 57ed5fd8-a62b-44c8-9c66-83b6d5ca8b16: shutdown server GrpcServerProtocolService successfully
2023-05-17 09:10:05,582 [ForkJoinPool.commonPool-worker-1] INFO  server.GrpcService (GrpcService.java:closeImpl(311)) - 57ed5fd8-a62b-44c8-9c66-83b6d5ca8b16: shutdown server org.apache.ratis.grpc.server.GrpcAdminProtocolService now
2023-05-17 09:10:05,584 [grpc-default-executor-13] WARN  server.GrpcLogAppender (LogUtils.java:warn(122)) - b98521b2-5644-4aab-8244-d2e66a88cd45@group-2EE872F2B0F0->57ed5fd8-a62b-44c8-9c66-83b6d5ca8b16-AppendLogResponseHandler: Failed appendEntries: org.apache.ratis.thirdparty.io.grpc.StatusRuntimeException: CANCELLED: RST_STREAM closed stream. HTTP/2 error code: CANCEL
2023-05-17 09:10:05,586 [grpc-default-executor-13] INFO  leader.FollowerInfo (FollowerInfoImpl.java:lambda$new$0(52)) - b98521b2-5644-4aab-8244-d2e66a88cd45@group-2EE872F2B0F0->57ed5fd8-a62b-44c8-9c66-83b6d5ca8b16: decreaseNextIndex nextIndex: updateUnconditionally 219 -> 218
2023-05-17 09:10:05,587 [ForkJoinPool.commonPool-worker-2] INFO  server.RaftServer (RaftServerProxy.java:lambda$close$6(416)) - f1b6f36b-e7af-48b8-b739-38f78676889c: close
2023-05-17 09:10:05,588 [ForkJoinPool.commonPool-worker-0] INFO  server.GrpcService (GrpcService.java:closeImpl(320)) - 84eda2eb-aea9-437c-8414-760cea80ce07: shutdown server org.apache.ratis.grpc.server.GrpcClientProtocolService successfully
2023-05-17 09:10:05,589 [ForkJoinPool.commonPool-worker-0] INFO  server.GrpcService (GrpcService.java:closeImpl(311)) - 84eda2eb-aea9-437c-8414-760cea80ce07: shutdown server GrpcServerProtocolService now
2023-05-17 09:10:05,590 [ForkJoinPool.commonPool-worker-1] INFO  server.GrpcService (GrpcService.java:closeImpl(320)) - 57ed5fd8-a62b-44c8-9c66-83b6d5ca8b16: shutdown server org.apache.ratis.grpc.server.GrpcAdminProtocolService successfully
2023-05-17 09:10:05,590 [57ed5fd8-a62b-44c8-9c66-83b6d5ca8b16-NettyServerStreamRpc-bossGroup--thread1] INFO  logging.LoggingHandler (AbstractInternalLogger.java:log(148)) - [id: 0x138dde6b, L:/0:0:0:0:0:0:0:0:15038] CLOSE
2023-05-17 09:10:05,590 [grpc-default-executor-13] WARN  server.GrpcServerProtocolService (LogUtils.java:warn(122)) - 5b9af961-56be-4fa8-844e-3cefe1429416: APPEND_ENTRIES onError, lastRequest: 5b9fa8c3-08c3-43f9-b175-3119fbbe3900->5b9af961-56be-4fa8-844e-3cefe1429416#303-t1,previous=(t:1, i:247),leaderCommit=248,initializing? true,entries: size=1, first=(t:1, i:248), METADATAENTRY(c:247): org.apache.ratis.thirdparty.io.grpc.StatusRuntimeException: CANCELLED: client cancelled
2023-05-17 09:10:05,594 [5b9af961-56be-4fa8-844e-3cefe1429416-impl-thread2] INFO  server.RaftServer$Division (ServerState.java:close(472)) - 5b9af961-56be-4fa8-844e-3cefe1429416@group-F19CF75F4C85: closes. applyIndex: 248
2023-05-17 09:10:05,594 [5b9af961-56be-4fa8-844e-3cefe1429416-impl-thread4] INFO  server.RaftServer$Division (ServerState.java:close(472)) - 5b9af961-56be-4fa8-844e-3cefe1429416@group-A7669F4B16A5: closes. applyIndex: 167
2023-05-17 09:10:05,595 [57ed5fd8-a62b-44c8-9c66-83b6d5ca8b16-impl-thread2] INFO  server.RaftServer$Division (ServerState.java:close(472)) - 57ed5fd8-a62b-44c8-9c66-83b6d5ca8b16@group-CDB51B945669: closes. applyIndex: 169
2023-05-17 09:10:05,595 [57ed5fd8-a62b-44c8-9c66-83b6d5ca8b16-impl-thread4] INFO  server.RaftServer$Division (ServerState.java:close(472)) - 57ed5fd8-a62b-44c8-9c66-83b6d5ca8b16@group-2EE872F2B0F0: closes. applyIndex: 216
2023-05-17 09:10:05,598 [57ed5fd8-a62b-44c8-9c66-83b6d5ca8b16-NettyServerStreamRpc-bossGroup--thread1] INFO  logging.LoggingHandler (AbstractInternalLogger.java:log(148)) - [id: 0x138dde6b, L:/0:0:0:0:0:0:0:0:15038] INACTIVE
2023-05-17 09:10:05,598 [57ed5fd8-a62b-44c8-9c66-83b6d5ca8b16-NettyServerStreamRpc-bossGroup--thread1] INFO  logging.LoggingHandler (AbstractInternalLogger.java:log(148)) - [id: 0x138dde6b, L:/0:0:0:0:0:0:0:0:15038] UNREGISTERED
2023-05-17 09:10:05,600 [grpc-default-executor-5] WARN  server.GrpcLogAppender (LogUtils.java:warn(122)) - 5b9fa8c3-08c3-43f9-b175-3119fbbe3900@group-F19CF75F4C85->5b9af961-56be-4fa8-844e-3cefe1429416-AppendLogResponseHandler: Failed appendEntries: org.apache.ratis.thirdparty.io.grpc.StatusRuntimeException: CANCELLED: RST_STREAM closed stream. HTTP/2 error code: CANCEL
2023-05-17 09:10:05,600 [grpc-default-executor-13] WARN  server.GrpcServerProtocolService (LogUtils.java:warn(122)) - 5b9af961-56be-4fa8-844e-3cefe1429416: APPEND_ENTRIES onError, lastRequest: null: org.apache.ratis.thirdparty.io.grpc.StatusRuntimeException: CANCELLED: client cancelled
2023-05-17 09:10:05,600 [grpc-default-executor-13] WARN  server.GrpcServerProtocolService (LogUtils.java:warn(122)) - 5b9af961-56be-4fa8-844e-3cefe1429416: APPEND_ENTRIES onError, lastRequest: null: org.apache.ratis.thirdparty.io.grpc.StatusRuntimeException: CANCELLED: client cancelled
2023-05-17 09:10:05,601 [grpc-default-executor-13] WARN  server.GrpcServerProtocolService (LogUtils.java:warn(122)) - 5b9af961-56be-4fa8-844e-3cefe1429416: APPEND_ENTRIES onError, lastRequest: bcbacd9a-ca93-42dd-bb1e-f9c21d91cd60->5b9af961-56be-4fa8-844e-3cefe1429416#220-t1,previous=(t:1, i:167),leaderCommit=167,initializing? true,entries: size=1, first=(t:1, i:168), METADATAENTRY(c:167): org.apache.ratis.thirdparty.io.grpc.StatusRuntimeException: CANCELLED: client cancelled
2023-05-17 09:10:05,601 [Listener at 127.0.0.1/15004] INFO  server.GrpcService (GrpcService.java:closeImpl(320)) - 5b9af961-56be-4fa8-844e-3cefe1429416: shutdown server GrpcServerProtocolService successfully
2023-05-17 09:10:05,616 [Listener at 127.0.0.1/15004] INFO  server.GrpcService (GrpcService.java:closeImpl(311)) - 5b9af961-56be-4fa8-844e-3cefe1429416: shutdown server org.apache.ratis.grpc.server.GrpcAdminProtocolService now
2023-05-17 09:10:05,616 [grpc-default-executor-2] WARN  server.GrpcLogAppender (LogUtils.java:warn(122)) - bcbacd9a-ca93-42dd-bb1e-f9c21d91cd60@group-A7669F4B16A5->5b9af961-56be-4fa8-844e-3cefe1429416-AppendLogResponseHandler: Failed appendEntries: org.apache.ratis.thirdparty.io.grpc.StatusRuntimeException: CANCELLED: RST_STREAM closed stream. HTTP/2 error code: CANCEL
2023-05-17 09:10:05,617 [grpc-default-executor-2] INFO  leader.FollowerInfo (FollowerInfoImpl.java:lambda$new$0(52)) - bcbacd9a-ca93-42dd-bb1e-f9c21d91cd60@group-A7669F4B16A5->5b9af961-56be-4fa8-844e-3cefe1429416: decreaseNextIndex nextIndex: updateUnconditionally 169 -> 168
2023-05-17 09:10:05,600 [grpc-default-executor-5] INFO  leader.FollowerInfo (FollowerInfoImpl.java:lambda$new$0(52)) - 5b9fa8c3-08c3-43f9-b175-3119fbbe3900@group-F19CF75F4C85->5b9af961-56be-4fa8-844e-3cefe1429416: decreaseNextIndex nextIndex: updateUnconditionally 249 -> 248
2023-05-17 09:10:05,617 [ForkJoinPool.commonPool-worker-3] INFO  ozoneimpl.OzoneContainer (OzoneContainer.java:stop(419)) - Attempting to stop container services.
2023-05-17 09:10:05,618 [5b9af961-56be-4fa8-844e-3cefe1429416-impl-thread3] INFO  impl.StateMachineUpdater (StateMachineUpdater.java:stopAndJoin(155)) - 5b9af961-56be-4fa8-844e-3cefe1429416@group-9A9143D8A2C4-StateMachineUpdater: set stopIndex = 98
2023-05-17 09:10:05,618 [ForkJoinPool.commonPool-worker-3] INFO  server.RaftServer (RaftServerProxy.java:lambda$close$6(416)) - 67f04e2a-34cd-4ea0-b74b-c8cb5d6f4ea5: close
2023-05-17 09:10:05,618 [5b9af961-56be-4fa8-844e-3cefe1429416@group-9A9143D8A2C4-StateMachineUpdater] INFO  ratis.ContainerStateMachine (ContainerStateMachine.java:takeSnapshot(330)) - group-9A9143D8A2C4: Taking a snapshot at:(t:1, i:98) file /home/runner/work/ozone/ozone/hadoop-ozone/integration-test/target/test-dir/MiniOzoneClusterImpl-21d14123-a168-44a2-bc0a-ee93e32dcc9b/datanode-7/data/ratis/8d49c4f6-b2ef-40cf-bdb9-9a9143d8a2c4/sm/snapshot.1_98
2023-05-17 09:10:05,616 [grpc-default-executor-14] WARN  server.GrpcLogAppender (LogUtils.java:warn(122)) - b98521b2-5644-4aab-8244-d2e66a88cd45@group-2EE872F2B0F0->57ed5fd8-a62b-44c8-9c66-83b6d5ca8b16-AppendLogResponseHandler: Failed appendEntries: org.apache.ratis.thirdparty.io.grpc.StatusRuntimeException: CANCELLED: RST_STREAM closed stream. HTTP/2 error code: CANCEL
2023-05-17 09:10:05,615 [grpc-default-executor-4] WARN  server.GrpcLogAppender (LogUtils.java:warn(122)) - bcbacd9a-ca93-42dd-bb1e-f9c21d91cd60@group-A7669F4B16A5->5b9af961-56be-4fa8-844e-3cefe1429416-AppendLogResponseHandler: Failed appendEntries: org.apache.ratis.thirdparty.io.grpc.StatusRuntimeException: CANCELLED: RST_STREAM closed stream. HTTP/2 error code: CANCEL
2023-05-17 09:10:05,619 [grpc-default-executor-14] INFO  leader.FollowerInfo (FollowerInfoImpl.java:lambda$new$0(52)) - b98521b2-5644-4aab-8244-d2e66a88cd45@group-2EE872F2B0F0->57ed5fd8-a62b-44c8-9c66-83b6d5ca8b16: decreaseNextIndex nextIndex: updateUnconditionally 218 -> 217
2023-05-17 09:10:05,619 [grpc-default-executor-4] INFO  leader.FollowerInfo (FollowerInfoImpl.java:lambda$new$0(52)) - bcbacd9a-ca93-42dd-bb1e-f9c21d91cd60@group-A7669F4B16A5->5b9af961-56be-4fa8-844e-3cefe1429416: decreaseNextIndex nextIndex: updateUnconditionally 168 -> 167
2023-05-17 09:10:05,614 [f1b6f36b-e7af-48b8-b739-38f78676889c-impl-thread4] INFO  server.RaftServer$Division (RaftServerImpl.java:lambda$close$4(466)) - f1b6f36b-e7af-48b8-b739-38f78676889c@group-6A381084A931: shutdown
2023-05-17 09:10:05,613 [ForkJoinPool.commonPool-worker-2] INFO  server.GrpcService (GrpcService.java:closeImpl(311)) - f1b6f36b-e7af-48b8-b739-38f78676889c: shutdown server org.apache.ratis.grpc.server.GrpcClientProtocolService now
2023-05-17 09:10:05,619 [67f04e2a-34cd-4ea0-b74b-c8cb5d6f4ea5-impl-thread2] INFO  server.RaftServer$Division (RaftServerImpl.java:lambda$close$4(466)) - 67f04e2a-34cd-4ea0-b74b-c8cb5d6f4ea5@group-C26195CFC82B: shutdown
2023-05-17 09:10:05,619 [67f04e2a-34cd-4ea0-b74b-c8cb5d6f4ea5-impl-thread2] INFO  util.JmxRegister (JmxRegister.java:unregister(73)) - Successfully un-registered JMX Bean with object name Ratis:service=RaftServer,group=group-C26195CFC82B,id=67f04e2a-34cd-4ea0-b74b-c8cb5d6f4ea5
2023-05-17 09:10:05,613 [f1b6f36b-e7af-48b8-b739-38f78676889c-impl-thread3] INFO  server.RaftServer$Division (RaftServerImpl.java:lambda$close$4(466)) - f1b6f36b-e7af-48b8-b739-38f78676889c@group-E694C42C06C7: shutdown
2023-05-17 09:10:05,613 [f1b6f36b-e7af-48b8-b739-38f78676889c-impl-thread2] INFO  server.RaftServer$Division (RaftServerImpl.java:lambda$close$4(466)) - f1b6f36b-e7af-48b8-b739-38f78676889c@group-B9930BA1EF93: shutdown
2023-05-17 09:10:05,619 [67f04e2a-34cd-4ea0-b74b-c8cb5d6f4ea5-impl-thread3] INFO  server.RaftServer$Division (RaftServerImpl.java:lambda$close$4(466)) - 67f04e2a-34cd-4ea0-b74b-c8cb5d6f4ea5@group-1563067D893C: shutdown
2023-05-17 09:10:05,613 [ForkJoinPool.commonPool-worker-0] INFO  server.GrpcService (GrpcService.java:closeImpl(320)) - 84eda2eb-aea9-437c-8414-760cea80ce07: shutdown server GrpcServerProtocolService successfully
2023-05-17 09:10:05,610 [grpc-default-executor-6] WARN  server.GrpcLogAppender (LogUtils.java:warn(122)) - 5b9fa8c3-08c3-43f9-b175-3119fbbe3900@group-F19CF75F4C85->5b9af961-56be-4fa8-844e-3cefe1429416-AppendLogResponseHandler: Failed appendEntries: org.apache.ratis.thirdparty.io.grpc.StatusRuntimeException: CANCELLED: RST_STREAM closed stream. HTTP/2 error code: CANCEL
2023-05-17 09:10:05,625 [57ed5fd8-a62b-44c8-9c66-83b6d5ca8b16-impl-thread3] INFO  impl.StateMachineUpdater (StateMachineUpdater.java:stopAndJoin(155)) - 57ed5fd8-a62b-44c8-9c66-83b6d5ca8b16@group-5E59B8286B96-StateMachineUpdater: set stopIndex = 73
2023-05-17 09:10:05,620 [ForkJoinPool.commonPool-worker-0] INFO  server.GrpcService (GrpcService.java:closeImpl(311)) - 84eda2eb-aea9-437c-8414-760cea80ce07: shutdown server org.apache.ratis.grpc.server.GrpcAdminProtocolService now
2023-05-17 09:10:05,619 [ForkJoinPool.commonPool-worker-3] INFO  server.GrpcService (GrpcService.java:closeImpl(311)) - 67f04e2a-34cd-4ea0-b74b-c8cb5d6f4ea5: shutdown server org.apache.ratis.grpc.server.GrpcClientProtocolService now
2023-05-17 09:10:05,619 [67f04e2a-34cd-4ea0-b74b-c8cb5d6f4ea5-impl-thread3] INFO  util.JmxRegister (JmxRegister.java:unregister(73)) - Successfully un-registered JMX Bean with object name Ratis:service=RaftServer,group=group-1563067D893C,id=67f04e2a-34cd-4ea0-b74b-c8cb5d6f4ea5
2023-05-17 09:10:05,637 [67f04e2a-34cd-4ea0-b74b-c8cb5d6f4ea5-impl-thread3] INFO  impl.RoleInfo (RoleInfo.java:shutdownFollowerState(110)) - 67f04e2a-34cd-4ea0-b74b-c8cb5d6f4ea5: shutdown 67f04e2a-34cd-4ea0-b74b-c8cb5d6f4ea5@group-1563067D893C-FollowerState
2023-05-17 09:10:05,637 [67f04e2a-34cd-4ea0-b74b-c8cb5d6f4ea5-impl-thread3] INFO  impl.StateMachineUpdater (StateMachineUpdater.java:stopAndJoin(155)) - 67f04e2a-34cd-4ea0-b74b-c8cb5d6f4ea5@group-1563067D893C-StateMachineUpdater: set stopIndex = 146
2023-05-17 09:10:05,637 [67f04e2a-34cd-4ea0-b74b-c8cb5d6f4ea5@group-1563067D893C-FollowerState] INFO  impl.FollowerState (FollowerState.java:run(152)) - 67f04e2a-34cd-4ea0-b74b-c8cb5d6f4ea5@group-1563067D893C-FollowerState was interrupted
2023-05-17 09:10:05,619 [f1b6f36b-e7af-48b8-b739-38f78676889c-impl-thread2] INFO  util.JmxRegister (JmxRegister.java:unregister(73)) - Successfully un-registered JMX Bean with object name Ratis:service=RaftServer,group=group-B9930BA1EF93,id=f1b6f36b-e7af-48b8-b739-38f78676889c
2023-05-17 09:10:05,637 [f1b6f36b-e7af-48b8-b739-38f78676889c-impl-thread2] INFO  impl.RoleInfo (RoleInfo.java:shutdownLeaderState(93)) - f1b6f36b-e7af-48b8-b739-38f78676889c: shutdown f1b6f36b-e7af-48b8-b739-38f78676889c@group-B9930BA1EF93-LeaderStateImpl
2023-05-17 09:10:05,637 [f1b6f36b-e7af-48b8-b739-38f78676889c-impl-thread2] INFO  impl.PendingRequests (PendingRequests.java:sendNotLeaderResponses(289)) - f1b6f36b-e7af-48b8-b739-38f78676889c@group-B9930BA1EF93-PendingRequests: sendNotLeaderResponses
2023-05-17 09:10:05,619 [67f04e2a-34cd-4ea0-b74b-c8cb5d6f4ea5-impl-thread2] INFO  impl.RoleInfo (RoleInfo.java:shutdownFollowerState(110)) - 67f04e2a-34cd-4ea0-b74b-c8cb5d6f4ea5: shutdown 67f04e2a-34cd-4ea0-b74b-c8cb5d6f4ea5@group-C26195CFC82B-FollowerState
2023-05-17 09:10:05,637 [grpc-default-executor-6] INFO  leader.FollowerInfo (FollowerInfoImpl.java:lambda$new$0(52)) - 5b9fa8c3-08c3-43f9-b175-3119fbbe3900@group-F19CF75F4C85->5b9af961-56be-4fa8-844e-3cefe1429416: decreaseNextIndex nextIndex: updateUnconditionally 248 -> 247
2023-05-17 09:10:05,639 [67f04e2a-34cd-4ea0-b74b-c8cb5d6f4ea5-impl-thread2] INFO  impl.StateMachineUpdater (StateMachineUpdater.java:stopAndJoin(155)) - 67f04e2a-34cd-4ea0-b74b-c8cb5d6f4ea5@group-C26195CFC82B-StateMachineUpdater: set stopIndex = 194
2023-05-17 09:10:05,634 [67f04e2a-34cd-4ea0-b74b-c8cb5d6f4ea5-impl-thread4] INFO  server.RaftServer$Division (RaftServerImpl.java:lambda$close$4(466)) - 67f04e2a-34cd-4ea0-b74b-c8cb5d6f4ea5@group-2664BBECD281: shutdown
2023-05-17 09:10:05,634 [Thread-1271] INFO  server.GrpcServerProtocolClient (GrpcServerProtocolClient.java:close(103)) - 4ea9b805-d843-4364-8f91-0c3c20e3ed71 Close channels
2023-05-17 09:10:05,633 [5b9af961-56be-4fa8-844e-3cefe1429416@group-9A9143D8A2C4-StateMachineUpdater] INFO  ratis.ContainerStateMachine (ContainerStateMachine.java:takeSnapshot(341)) - group-9A9143D8A2C4: Finished taking a snapshot at:(t:1, i:98) file:/home/runner/work/ozone/ozone/hadoop-ozone/integration-test/target/test-dir/MiniOzoneClusterImpl-21d14123-a168-44a2-bc0a-ee93e32dcc9b/datanode-7/data/ratis/8d49c4f6-b2ef-40cf-bdb9-9a9143d8a2c4/sm/snapshot.1_98 took: 15 ms
2023-05-17 09:10:05,645 [Thread-1275] INFO  server.GrpcServerProtocolClient (GrpcServerProtocolClient.java:close(103)) - a82ad0ea-641b-4ac2-b933-a1a26b5fe742 Close channels
2023-05-17 09:10:05,662 [5b9af961-56be-4fa8-844e-3cefe1429416@group-9A9143D8A2C4-StateMachineUpdater] INFO  impl.StateMachineUpdater (StateMachineUpdater.java:takeSnapshot(291)) - 5b9af961-56be-4fa8-844e-3cefe1429416@group-9A9143D8A2C4-StateMachineUpdater: Took a snapshot at index 98
2023-05-17 09:10:05,642 [ForkJoinPool.commonPool-worker-0] INFO  server.GrpcService (GrpcService.java:closeImpl(320)) - 84eda2eb-aea9-437c-8414-760cea80ce07: shutdown server org.apache.ratis.grpc.server.GrpcAdminProtocolService successfully
2023-05-17 09:10:05,639 [67f04e2a-34cd-4ea0-b74b-c8cb5d6f4ea5@group-C26195CFC82B-FollowerState] INFO  impl.FollowerState (FollowerState.java:run(152)) - 67f04e2a-34cd-4ea0-b74b-c8cb5d6f4ea5@group-C26195CFC82B-FollowerState was interrupted
2023-05-17 09:10:05,639 [f1b6f36b-e7af-48b8-b739-38f78676889c-impl-thread3] INFO  util.JmxRegister (JmxRegister.java:unregister(73)) - Successfully un-registered JMX Bean with object name Ratis:service=RaftServer,group=group-E694C42C06C7,id=f1b6f36b-e7af-48b8-b739-38f78676889c
2023-05-17 09:10:05,662 [f1b6f36b-e7af-48b8-b739-38f78676889c-impl-thread3] INFO  impl.RoleInfo (RoleInfo.java:shutdownFollowerState(110)) - f1b6f36b-e7af-48b8-b739-38f78676889c: shutdown f1b6f36b-e7af-48b8-b739-38f78676889c@group-E694C42C06C7-FollowerState
2023-05-17 09:10:05,662 [f1b6f36b-e7af-48b8-b739-38f78676889c-impl-thread3] INFO  impl.StateMachineUpdater (StateMachineUpdater.java:stopAndJoin(155)) - f1b6f36b-e7af-48b8-b739-38f78676889c@group-E694C42C06C7-StateMachineUpdater: set stopIndex = 133
2023-05-17 09:10:05,639 [f1b6f36b-e7af-48b8-b739-38f78676889c-impl-thread4] INFO  util.JmxRegister (JmxRegister.java:unregister(73)) - Successfully un-registered JMX Bean with object name Ratis:service=RaftServer,group=group-6A381084A931,id=f1b6f36b-e7af-48b8-b739-38f78676889c
2023-05-17 09:10:05,662 [f1b6f36b-e7af-48b8-b739-38f78676889c-impl-thread4] INFO  impl.RoleInfo (RoleInfo.java:shutdownFollowerState(110)) - f1b6f36b-e7af-48b8-b739-38f78676889c: shutdown f1b6f36b-e7af-48b8-b739-38f78676889c@group-6A381084A931-FollowerState
2023-05-17 09:10:05,662 [f1b6f36b-e7af-48b8-b739-38f78676889c-impl-thread4] INFO  impl.StateMachineUpdater (StateMachineUpdater.java:stopAndJoin(155)) - f1b6f36b-e7af-48b8-b739-38f78676889c@group-6A381084A931-StateMachineUpdater: set stopIndex = 182
2023-05-17 09:10:05,662 [f1b6f36b-e7af-48b8-b739-38f78676889c@group-6A381084A931-FollowerState] INFO  impl.FollowerState (FollowerState.java:run(152)) - f1b6f36b-e7af-48b8-b739-38f78676889c@group-6A381084A931-FollowerState was interrupted
2023-05-17 09:10:05,662 [5b9af961-56be-4fa8-844e-3cefe1429416@group-9A9143D8A2C4-StateMachineUpdater] INFO  impl.StateMachineUpdater (StateMachineUpdater.java:lambda$new$0(97)) - 5b9af961-56be-4fa8-844e-3cefe1429416@group-9A9143D8A2C4-StateMachineUpdater: snapshotIndex: updateIncreasingly -1 -> 98
2023-05-17 09:10:05,667 [5b9af961-56be-4fa8-844e-3cefe1429416-impl-thread3] INFO  server.RaftServer$Division (ServerState.java:close(472)) - 5b9af961-56be-4fa8-844e-3cefe1429416@group-9A9143D8A2C4: closes. applyIndex: 98
2023-05-17 09:10:05,667 [67f04e2a-34cd-4ea0-b74b-c8cb5d6f4ea5-impl-thread4] INFO  util.JmxRegister (JmxRegister.java:unregister(73)) - Successfully un-registered JMX Bean with object name Ratis:service=RaftServer,group=group-2664BBECD281,id=67f04e2a-34cd-4ea0-b74b-c8cb5d6f4ea5
2023-05-17 09:10:05,667 [f1b6f36b-e7af-48b8-b739-38f78676889c@group-E694C42C06C7-FollowerState] INFO  impl.FollowerState (FollowerState.java:run(152)) - f1b6f36b-e7af-48b8-b739-38f78676889c@group-E694C42C06C7-FollowerState was interrupted
2023-05-17 09:10:05,667 [57ed5fd8-a62b-44c8-9c66-83b6d5ca8b16@group-5E59B8286B96-StateMachineUpdater] INFO  ratis.ContainerStateMachine (ContainerStateMachine.java:takeSnapshot(330)) - group-5E59B8286B96: Taking a snapshot at:(t:1, i:73) file /home/runner/work/ozone/ozone/hadoop-ozone/integration-test/target/test-dir/MiniOzoneClusterImpl-21d14123-a168-44a2-bc0a-ee93e32dcc9b/datanode-3/data/ratis/96e9a40c-93a0-405d-a024-5e59b8286b96/sm/snapshot.1_73
2023-05-17 09:10:05,668 [84eda2eb-aea9-437c-8414-760cea80ce07-NettyServerStreamRpc-bossGroup--thread1] INFO  logging.LoggingHandler (AbstractInternalLogger.java:log(148)) - [id: 0x5dbb8758, L:/0:0:0:0:0:0:0:0:15110] CLOSE
2023-05-17 09:10:05,668 [84eda2eb-aea9-437c-8414-760cea80ce07-NettyServerStreamRpc-bossGroup--thread1] INFO  logging.LoggingHandler (AbstractInternalLogger.java:log(148)) - [id: 0x5dbb8758, L:/0:0:0:0:0:0:0:0:15110] INACTIVE
2023-05-17 09:10:05,668 [ForkJoinPool.commonPool-worker-2] INFO  server.GrpcService (GrpcService.java:closeImpl(320)) - f1b6f36b-e7af-48b8-b739-38f78676889c: shutdown server org.apache.ratis.grpc.server.GrpcClientProtocolService successfully
2023-05-17 09:10:05,668 [ForkJoinPool.commonPool-worker-2] INFO  server.GrpcService (GrpcService.java:closeImpl(311)) - f1b6f36b-e7af-48b8-b739-38f78676889c: shutdown server GrpcServerProtocolService now
2023-05-17 09:10:05,666 [Thread-1277] INFO  server.GrpcServerProtocolClient (GrpcServerProtocolClient.java:close(103)) - 8889e818-58f8-49f9-ac5f-461eb7b79d1e Close channels
2023-05-17 09:10:05,669 [84eda2eb-aea9-437c-8414-760cea80ce07-NettyServerStreamRpc-bossGroup--thread1] INFO  logging.LoggingHandler (AbstractInternalLogger.java:log(148)) - [id: 0x5dbb8758, L:/0:0:0:0:0:0:0:0:15110] UNREGISTERED
2023-05-17 09:10:05,669 [57ed5fd8-a62b-44c8-9c66-83b6d5ca8b16@group-5E59B8286B96-StateMachineUpdater] INFO  ratis.ContainerStateMachine (ContainerStateMachine.java:takeSnapshot(341)) - group-5E59B8286B96: Finished taking a snapshot at:(t:1, i:73) file:/home/runner/work/ozone/ozone/hadoop-ozone/integration-test/target/test-dir/MiniOzoneClusterImpl-21d14123-a168-44a2-bc0a-ee93e32dcc9b/datanode-3/data/ratis/96e9a40c-93a0-405d-a024-5e59b8286b96/sm/snapshot.1_73 took: 3 ms
2023-05-17 09:10:05,666 [Thread-1279] INFO  server.GrpcServerProtocolClient (GrpcServerProtocolClient.java:close(103)) - b2525f4f-bdf5-4dd0-b826-cbccdc8ecebe Close channels
2023-05-17 09:10:05,670 [57ed5fd8-a62b-44c8-9c66-83b6d5ca8b16@group-5E59B8286B96-StateMachineUpdater] INFO  impl.StateMachineUpdater (StateMachineUpdater.java:takeSnapshot(291)) - 57ed5fd8-a62b-44c8-9c66-83b6d5ca8b16@group-5E59B8286B96-StateMachineUpdater: Took a snapshot at index 73
2023-05-17 09:10:05,670 [57ed5fd8-a62b-44c8-9c66-83b6d5ca8b16@group-5E59B8286B96-StateMachineUpdater] INFO  impl.StateMachineUpdater (StateMachineUpdater.java:lambda$new$0(97)) - 57ed5fd8-a62b-44c8-9c66-83b6d5ca8b16@group-5E59B8286B96-StateMachineUpdater: snapshotIndex: updateIncreasingly -1 -> 73
2023-05-17 09:10:05,668 [Listener at 127.0.0.1/15004] INFO  server.GrpcService (GrpcService.java:closeImpl(320)) - 5b9af961-56be-4fa8-844e-3cefe1429416: shutdown server org.apache.ratis.grpc.server.GrpcAdminProtocolService successfully
2023-05-17 09:10:05,667 [67f04e2a-34cd-4ea0-b74b-c8cb5d6f4ea5-impl-thread4] INFO  impl.RoleInfo (RoleInfo.java:shutdownLeaderState(93)) - 67f04e2a-34cd-4ea0-b74b-c8cb5d6f4ea5: shutdown 67f04e2a-34cd-4ea0-b74b-c8cb5d6f4ea5@group-2664BBECD281-LeaderStateImpl
2023-05-17 09:10:05,670 [67f04e2a-34cd-4ea0-b74b-c8cb5d6f4ea5-impl-thread4] INFO  impl.PendingRequests (PendingRequests.java:sendNotLeaderResponses(289)) - 67f04e2a-34cd-4ea0-b74b-c8cb5d6f4ea5@group-2664BBECD281-PendingRequests: sendNotLeaderResponses
2023-05-17 09:10:05,673 [57ed5fd8-a62b-44c8-9c66-83b6d5ca8b16-impl-thread3] INFO  server.RaftServer$Division (ServerState.java:close(472)) - 57ed5fd8-a62b-44c8-9c66-83b6d5ca8b16@group-5E59B8286B96: closes. applyIndex: 73
2023-05-17 09:10:05,683 [grpc-default-executor-4] WARN  server.GrpcServerProtocolService (LogUtils.java:warn(122)) - f1b6f36b-e7af-48b8-b739-38f78676889c: APPEND_ENTRIES onError, lastRequest: null: org.apache.ratis.thirdparty.io.grpc.StatusRuntimeException: CANCELLED: client cancelled
2023-05-17 09:10:05,683 [grpc-default-executor-5] WARN  server.GrpcServerProtocolService (LogUtils.java:warn(122)) - f1b6f36b-e7af-48b8-b739-38f78676889c: APPEND_ENTRIES onError, lastRequest: a82ad0ea-641b-4ac2-b933-a1a26b5fe742->f1b6f36b-e7af-48b8-b739-38f78676889c#236-t1,previous=(t:1, i:181),leaderCommit=181,initializing? true,entries: size=1, first=(t:1, i:182), METADATAENTRY(c:181): org.apache.ratis.thirdparty.io.grpc.StatusRuntimeException: CANCELLED: client cancelled
2023-05-17 09:10:05,685 [grpc-default-executor-13] WARN  server.GrpcLogAppender (LogUtils.java:warn(122)) - a82ad0ea-641b-4ac2-b933-a1a26b5fe742@group-6A381084A931->f1b6f36b-e7af-48b8-b739-38f78676889c-AppendLogResponseHandler: Failed appendEntries: org.apache.ratis.thirdparty.io.grpc.StatusRuntimeException: CANCELLED: RST_STREAM closed stream. HTTP/2 error code: CANCEL
2023-05-17 09:10:05,685 [grpc-default-executor-11] WARN  server.GrpcServerProtocolService (LogUtils.java:warn(122)) - f1b6f36b-e7af-48b8-b739-38f78676889c: APPEND_ENTRIES onError, lastRequest: null: org.apache.ratis.thirdparty.io.grpc.StatusRuntimeException: CANCELLED: client cancelled
2023-05-17 09:10:05,685 [grpc-default-executor-12] WARN  server.GrpcLogAppender (LogUtils.java:warn(122)) - 4ea9b805-d843-4364-8f91-0c3c20e3ed71@group-E694C42C06C7->f1b6f36b-e7af-48b8-b739-38f78676889c-AppendLogResponseHandler: Failed appendEntries: org.apache.ratis.thirdparty.io.grpc.StatusRuntimeException: CANCELLED: RST_STREAM closed stream. HTTP/2 error code: CANCEL
2023-05-17 09:10:05,685 [grpc-default-executor-5] WARN  server.GrpcLogAppender (LogUtils.java:warn(122)) - a82ad0ea-641b-4ac2-b933-a1a26b5fe742@group-6A381084A931->f1b6f36b-e7af-48b8-b739-38f78676889c-AppendLogResponseHandler: Failed appendEntries: org.apache.ratis.thirdparty.io.grpc.StatusRuntimeException: CANCELLED: RST_STREAM closed stream. HTTP/2 error code: CANCEL
2023-05-17 09:10:05,685 [grpc-default-executor-0] WARN  server.GrpcServerProtocolService (LogUtils.java:warn(122)) - f1b6f36b-e7af-48b8-b739-38f78676889c: APPEND_ENTRIES onError, lastRequest: 4ea9b805-d843-4364-8f91-0c3c20e3ed71->f1b6f36b-e7af-48b8-b739-38f78676889c#175-t1,previous=(t:1, i:133),leaderCommit=133,initializing? true,entries: size=1, first=(t:1, i:134), METADATAENTRY(c:133): org.apache.ratis.thirdparty.io.grpc.StatusRuntimeException: CANCELLED: client cancelled
2023-05-17 09:10:05,685 [grpc-default-executor-5] INFO  leader.FollowerInfo (FollowerInfoImpl.java:lambda$new$0(52)) - a82ad0ea-641b-4ac2-b933-a1a26b5fe742@group-6A381084A931->f1b6f36b-e7af-48b8-b739-38f78676889c: decreaseNextIndex nextIndex: updateUnconditionally 183 -> 182
2023-05-17 09:10:05,685 [grpc-default-executor-3] WARN  server.GrpcLogAppender (LogUtils.java:warn(122)) - 4ea9b805-d843-4364-8f91-0c3c20e3ed71@group-E694C42C06C7->f1b6f36b-e7af-48b8-b739-38f78676889c-AppendLogResponseHandler: Failed appendEntries: org.apache.ratis.thirdparty.io.grpc.StatusRuntimeException: CANCELLED: RST_STREAM closed stream. HTTP/2 error code: CANCEL
2023-05-17 09:10:05,685 [grpc-default-executor-3] INFO  leader.FollowerInfo (FollowerInfoImpl.java:lambda$new$0(52)) - 4ea9b805-d843-4364-8f91-0c3c20e3ed71@group-E694C42C06C7->f1b6f36b-e7af-48b8-b739-38f78676889c: decreaseNextIndex nextIndex: updateUnconditionally 135 -> 134
2023-05-17 09:10:05,686 [ForkJoinPool.commonPool-worker-3] INFO  server.GrpcService (GrpcService.java:closeImpl(320)) - 67f04e2a-34cd-4ea0-b74b-c8cb5d6f4ea5: shutdown server org.apache.ratis.grpc.server.GrpcClientProtocolService successfully
2023-05-17 09:10:05,686 [ForkJoinPool.commonPool-worker-3] INFO  server.GrpcService (GrpcService.java:closeImpl(311)) - 67f04e2a-34cd-4ea0-b74b-c8cb5d6f4ea5: shutdown server GrpcServerProtocolService now
2023-05-17 09:10:05,691 [grpc-default-executor-5] WARN  server.GrpcServerProtocolService (LogUtils.java:warn(122)) - 67f04e2a-34cd-4ea0-b74b-c8cb5d6f4ea5: APPEND_ENTRIES onError, lastRequest: null: org.apache.ratis.thirdparty.io.grpc.StatusRuntimeException: CANCELLED: client cancelled
2023-05-17 09:10:05,691 [grpc-default-executor-14] WARN  server.GrpcServerProtocolService (LogUtils.java:warn(122)) - 67f04e2a-34cd-4ea0-b74b-c8cb5d6f4ea5: APPEND_ENTRIES onError, lastRequest: null: org.apache.ratis.thirdparty.io.grpc.StatusRuntimeException: CANCELLED: client cancelled
2023-05-17 09:10:05,692 [grpc-default-executor-2] WARN  server.GrpcServerProtocolService (LogUtils.java:warn(122)) - 67f04e2a-34cd-4ea0-b74b-c8cb5d6f4ea5: APPEND_ENTRIES onError, lastRequest: b2525f4f-bdf5-4dd0-b826-cbccdc8ecebe->67f04e2a-34cd-4ea0-b74b-c8cb5d6f4ea5#250-t1,previous=(t:1, i:194),leaderCommit=194,initializing? true,entries: size=1, first=(t:1, i:195), METADATAENTRY(c:193): org.apache.ratis.thirdparty.io.grpc.StatusRuntimeException: CANCELLED: client cancelled
2023-05-17 09:10:05,692 [grpc-default-executor-10] WARN  server.GrpcServerProtocolService (LogUtils.java:warn(122)) - 67f04e2a-34cd-4ea0-b74b-c8cb5d6f4ea5: APPEND_ENTRIES onError, lastRequest: 8889e818-58f8-49f9-ac5f-461eb7b79d1e->67f04e2a-34cd-4ea0-b74b-c8cb5d6f4ea5#200-t1,previous=(t:1, i:145),leaderCommit=145,initializing? true,entries: size=1, first=(t:1, i:146), METADATAENTRY(c:145): org.apache.ratis.thirdparty.io.grpc.StatusRuntimeException: CANCELLED: client cancelled
2023-05-17 09:10:05,692 [grpc-default-executor-10] WARN  server.GrpcLogAppender (LogUtils.java:warn(122)) - b2525f4f-bdf5-4dd0-b826-cbccdc8ecebe@group-C26195CFC82B->67f04e2a-34cd-4ea0-b74b-c8cb5d6f4ea5-AppendLogResponseHandler: Failed appendEntries: org.apache.ratis.thirdparty.io.grpc.StatusRuntimeException: CANCELLED: RST_STREAM closed stream. HTTP/2 error code: CANCEL
2023-05-17 09:10:05,693 [grpc-default-executor-11] WARN  server.GrpcLogAppender (LogUtils.java:warn(122)) - 8889e818-58f8-49f9-ac5f-461eb7b79d1e@group-1563067D893C->67f04e2a-34cd-4ea0-b74b-c8cb5d6f4ea5-AppendLogResponseHandler: Failed appendEntries: org.apache.ratis.thirdparty.io.grpc.StatusRuntimeException: CANCELLED: RST_STREAM closed stream. HTTP/2 error code: CANCEL
2023-05-17 09:10:05,693 [grpc-default-executor-5] WARN  server.GrpcLogAppender (LogUtils.java:warn(122)) - 8889e818-58f8-49f9-ac5f-461eb7b79d1e@group-1563067D893C->67f04e2a-34cd-4ea0-b74b-c8cb5d6f4ea5-AppendLogResponseHandler: Failed appendEntries: org.apache.ratis.thirdparty.io.grpc.StatusRuntimeException: CANCELLED: RST_STREAM closed stream. HTTP/2 error code: CANCEL
2023-05-17 09:10:05,693 [grpc-default-executor-5] INFO  leader.FollowerInfo (FollowerInfoImpl.java:lambda$new$0(52)) - 8889e818-58f8-49f9-ac5f-461eb7b79d1e@group-1563067D893C->67f04e2a-34cd-4ea0-b74b-c8cb5d6f4ea5: decreaseNextIndex nextIndex: updateUnconditionally 147 -> 146
2023-05-17 09:10:05,693 [grpc-default-executor-0] WARN  server.GrpcLogAppender (LogUtils.java:warn(122)) - b2525f4f-bdf5-4dd0-b826-cbccdc8ecebe@group-C26195CFC82B->67f04e2a-34cd-4ea0-b74b-c8cb5d6f4ea5-AppendLogResponseHandler: Failed appendEntries: org.apache.ratis.thirdparty.io.grpc.StatusRuntimeException: CANCELLED: RST_STREAM closed stream. HTTP/2 error code: CANCEL
2023-05-17 09:10:05,693 [grpc-default-executor-0] INFO  leader.FollowerInfo (FollowerInfoImpl.java:lambda$new$0(52)) - b2525f4f-bdf5-4dd0-b826-cbccdc8ecebe@group-C26195CFC82B->67f04e2a-34cd-4ea0-b74b-c8cb5d6f4ea5: decreaseNextIndex nextIndex: updateUnconditionally 196 -> 195
2023-05-17 09:10:05,694 [5b9af961-56be-4fa8-844e-3cefe1429416-NettyServerStreamRpc-bossGroup--thread1] INFO  logging.LoggingHandler (AbstractInternalLogger.java:log(148)) - [id: 0xe4a72c89, L:/0:0:0:0:0:0:0:0:15070] CLOSE
2023-05-17 09:10:05,694 [5b9af961-56be-4fa8-844e-3cefe1429416-NettyServerStreamRpc-bossGroup--thread1] INFO  logging.LoggingHandler (AbstractInternalLogger.java:log(148)) - [id: 0xe4a72c89, L:/0:0:0:0:0:0:0:0:15070] INACTIVE
2023-05-17 09:10:05,694 [5b9af961-56be-4fa8-844e-3cefe1429416-NettyServerStreamRpc-bossGroup--thread1] INFO  logging.LoggingHandler (AbstractInternalLogger.java:log(148)) - [id: 0xe4a72c89, L:/0:0:0:0:0:0:0:0:15070] UNREGISTERED
2023-05-17 09:10:05,695 [67f04e2a-34cd-4ea0-b74b-c8cb5d6f4ea5@group-1563067D893C-StateMachineUpdater] INFO  ratis.ContainerStateMachine (ContainerStateMachine.java:takeSnapshot(330)) - group-1563067D893C: Taking a snapshot at:(t:1, i:146) file /home/runner/work/ozone/ozone/hadoop-ozone/integration-test/target/test-dir/MiniOzoneClusterImpl-21d14123-a168-44a2-bc0a-ee93e32dcc9b/datanode-0/data/ratis/013071ba-bc44-452e-b620-1563067d893c/sm/snapshot.1_146
2023-05-17 09:10:05,696 [67f04e2a-34cd-4ea0-b74b-c8cb5d6f4ea5@group-1563067D893C-StateMachineUpdater] INFO  ratis.ContainerStateMachine (ContainerStateMachine.java:takeSnapshot(341)) - group-1563067D893C: Finished taking a snapshot at:(t:1, i:146) file:/home/runner/work/ozone/ozone/hadoop-ozone/integration-test/target/test-dir/MiniOzoneClusterImpl-21d14123-a168-44a2-bc0a-ee93e32dcc9b/datanode-0/data/ratis/013071ba-bc44-452e-b620-1563067d893c/sm/snapshot.1_146 took: 1 ms
2023-05-17 09:10:05,696 [67f04e2a-34cd-4ea0-b74b-c8cb5d6f4ea5@group-1563067D893C-StateMachineUpdater] INFO  impl.StateMachineUpdater (StateMachineUpdater.java:takeSnapshot(291)) - 67f04e2a-34cd-4ea0-b74b-c8cb5d6f4ea5@group-1563067D893C-StateMachineUpdater: Took a snapshot at index 146
2023-05-17 09:10:05,696 [67f04e2a-34cd-4ea0-b74b-c8cb5d6f4ea5@group-1563067D893C-StateMachineUpdater] INFO  impl.StateMachineUpdater (StateMachineUpdater.java:lambda$new$0(97)) - 67f04e2a-34cd-4ea0-b74b-c8cb5d6f4ea5@group-1563067D893C-StateMachineUpdater: snapshotIndex: updateIncreasingly -1 -> 146
2023-05-17 09:10:05,696 [67f04e2a-34cd-4ea0-b74b-c8cb5d6f4ea5@group-C26195CFC82B-StateMachineUpdater] INFO  ratis.ContainerStateMachine (ContainerStateMachine.java:takeSnapshot(330)) - group-C26195CFC82B: Taking a snapshot at:(t:1, i:194) file /home/runner/work/ozone/ozone/hadoop-ozone/integration-test/target/test-dir/MiniOzoneClusterImpl-21d14123-a168-44a2-bc0a-ee93e32dcc9b/datanode-0/data/ratis/7fc61ef2-e189-43e0-95c9-c26195cfc82b/sm/snapshot.1_194
2023-05-17 09:10:05,697 [f1b6f36b-e7af-48b8-b739-38f78676889c@group-E694C42C06C7-StateMachineUpdater] INFO  ratis.ContainerStateMachine (ContainerStateMachine.java:takeSnapshot(330)) - group-E694C42C06C7: Taking a snapshot at:(t:1, i:133) file /home/runner/work/ozone/ozone/hadoop-ozone/integration-test/target/test-dir/MiniOzoneClusterImpl-21d14123-a168-44a2-bc0a-ee93e32dcc9b/datanode-10/data/ratis/73870f87-6117-452d-ba11-e694c42c06c7/sm/snapshot.1_133
2023-05-17 09:10:05,697 [f1b6f36b-e7af-48b8-b739-38f78676889c@group-6A381084A931-StateMachineUpdater] INFO  ratis.ContainerStateMachine (ContainerStateMachine.java:takeSnapshot(330)) - group-6A381084A931: Taking a snapshot at:(t:1, i:182) file /home/runner/work/ozone/ozone/hadoop-ozone/integration-test/target/test-dir/MiniOzoneClusterImpl-21d14123-a168-44a2-bc0a-ee93e32dcc9b/datanode-10/data/ratis/bcb7f622-48ef-4dfa-9e5a-6a381084a931/sm/snapshot.1_182
2023-05-17 09:10:05,698 [67f04e2a-34cd-4ea0-b74b-c8cb5d6f4ea5@group-C26195CFC82B-StateMachineUpdater] INFO  ratis.ContainerStateMachine (ContainerStateMachine.java:takeSnapshot(341)) - group-C26195CFC82B: Finished taking a snapshot at:(t:1, i:194) file:/home/runner/work/ozone/ozone/hadoop-ozone/integration-test/target/test-dir/MiniOzoneClusterImpl-21d14123-a168-44a2-bc0a-ee93e32dcc9b/datanode-0/data/ratis/7fc61ef2-e189-43e0-95c9-c26195cfc82b/sm/snapshot.1_194 took: 1 ms
2023-05-17 09:10:05,698 [f1b6f36b-e7af-48b8-b739-38f78676889c@group-E694C42C06C7-StateMachineUpdater] INFO  ratis.ContainerStateMachine (ContainerStateMachine.java:takeSnapshot(341)) - group-E694C42C06C7: Finished taking a snapshot at:(t:1, i:133) file:/home/runner/work/ozone/ozone/hadoop-ozone/integration-test/target/test-dir/MiniOzoneClusterImpl-21d14123-a168-44a2-bc0a-ee93e32dcc9b/datanode-10/data/ratis/73870f87-6117-452d-ba11-e694c42c06c7/sm/snapshot.1_133 took: 1 ms
2023-05-17 09:10:05,698 [f1b6f36b-e7af-48b8-b739-38f78676889c@group-E694C42C06C7-StateMachineUpdater] INFO  impl.StateMachineUpdater (StateMachineUpdater.java:takeSnapshot(291)) - f1b6f36b-e7af-48b8-b739-38f78676889c@group-E694C42C06C7-StateMachineUpdater: Took a snapshot at index 133
2023-05-17 09:10:05,698 [f1b6f36b-e7af-48b8-b739-38f78676889c@group-E694C42C06C7-StateMachineUpdater] INFO  impl.StateMachineUpdater (StateMachineUpdater.java:lambda$new$0(97)) - f1b6f36b-e7af-48b8-b739-38f78676889c@group-E694C42C06C7-StateMachineUpdater: snapshotIndex: updateIncreasingly -1 -> 133
2023-05-17 09:10:05,699 [67f04e2a-34cd-4ea0-b74b-c8cb5d6f4ea5@group-C26195CFC82B-StateMachineUpdater] INFO  impl.StateMachineUpdater (StateMachineUpdater.java:takeSnapshot(291)) - 67f04e2a-34cd-4ea0-b74b-c8cb5d6f4ea5@group-C26195CFC82B-StateMachineUpdater: Took a snapshot at index 194
2023-05-17 09:10:05,699 [67f04e2a-34cd-4ea0-b74b-c8cb5d6f4ea5@group-C26195CFC82B-StateMachineUpdater] INFO  impl.StateMachineUpdater (StateMachineUpdater.java:lambda$new$0(97)) - 67f04e2a-34cd-4ea0-b74b-c8cb5d6f4ea5@group-C26195CFC82B-StateMachineUpdater: snapshotIndex: updateIncreasingly -1 -> 194
2023-05-17 09:10:05,699 [grpc-default-executor-12] INFO  leader.FollowerInfo (FollowerInfoImpl.java:lambda$new$0(52)) - 4ea9b805-d843-4364-8f91-0c3c20e3ed71@group-E694C42C06C7->f1b6f36b-e7af-48b8-b739-38f78676889c: decreaseNextIndex nextIndex: updateUnconditionally 134 -> 133
2023-05-17 09:10:05,699 [f1b6f36b-e7af-48b8-b739-38f78676889c@group-6A381084A931-StateMachineUpdater] INFO  ratis.ContainerStateMachine (ContainerStateMachine.java:takeSnapshot(341)) - group-6A381084A931: Finished taking a snapshot at:(t:1, i:182) file:/home/runner/work/ozone/ozone/hadoop-ozone/integration-test/target/test-dir/MiniOzoneClusterImpl-21d14123-a168-44a2-bc0a-ee93e32dcc9b/datanode-10/data/ratis/bcb7f622-48ef-4dfa-9e5a-6a381084a931/sm/snapshot.1_182 took: 2 ms
2023-05-17 09:10:05,699 [grpc-default-executor-10] INFO  leader.FollowerInfo (FollowerInfoImpl.java:lambda$new$0(52)) - b2525f4f-bdf5-4dd0-b826-cbccdc8ecebe@group-C26195CFC82B->67f04e2a-34cd-4ea0-b74b-c8cb5d6f4ea5: decreaseNextIndex nextIndex: updateUnconditionally 195 -> 194
2023-05-17 09:10:05,699 [f1b6f36b-e7af-48b8-b739-38f78676889c@group-6A381084A931-StateMachineUpdater] INFO  impl.StateMachineUpdater (StateMachineUpdater.java:takeSnapshot(291)) - f1b6f36b-e7af-48b8-b739-38f78676889c@group-6A381084A931-StateMachineUpdater: Took a snapshot at index 182
2023-05-17 09:10:05,699 [f1b6f36b-e7af-48b8-b739-38f78676889c@group-6A381084A931-StateMachineUpdater] INFO  impl.StateMachineUpdater (StateMachineUpdater.java:lambda$new$0(97)) - f1b6f36b-e7af-48b8-b739-38f78676889c@group-6A381084A931-StateMachineUpdater: snapshotIndex: updateIncreasingly -1 -> 182
2023-05-17 09:10:05,699 [grpc-default-executor-13] INFO  leader.FollowerInfo (FollowerInfoImpl.java:lambda$new$0(52)) - a82ad0ea-641b-4ac2-b933-a1a26b5fe742@group-6A381084A931->f1b6f36b-e7af-48b8-b739-38f78676889c: decreaseNextIndex nextIndex: updateUnconditionally 182 -> 181
2023-05-17 09:10:05,699 [grpc-default-executor-11] INFO  leader.FollowerInfo (FollowerInfoImpl.java:lambda$new$0(52)) - 8889e818-58f8-49f9-ac5f-461eb7b79d1e@group-1563067D893C->67f04e2a-34cd-4ea0-b74b-c8cb5d6f4ea5: decreaseNextIndex nextIndex: updateUnconditionally 146 -> 145
2023-05-17 09:10:05,700 [84eda2eb-aea9-437c-8414-760cea80ce07-impl-thread2] INFO  impl.StateMachineUpdater (StateMachineUpdater.java:stopAndJoin(155)) - 84eda2eb-aea9-437c-8414-760cea80ce07@group-3DC33AB96AA1-StateMachineUpdater: set stopIndex = 96
2023-05-17 09:10:05,700 [f1b6f36b-e7af-48b8-b739-38f78676889c-impl-thread2] INFO  impl.StateMachineUpdater (StateMachineUpdater.java:stopAndJoin(155)) - f1b6f36b-e7af-48b8-b739-38f78676889c@group-B9930BA1EF93-StateMachineUpdater: set stopIndex = 57
2023-05-17 09:10:05,702 [67f04e2a-34cd-4ea0-b74b-c8cb5d6f4ea5-impl-thread4] INFO  impl.StateMachineUpdater (StateMachineUpdater.java:stopAndJoin(155)) - 67f04e2a-34cd-4ea0-b74b-c8cb5d6f4ea5@group-2664BBECD281-StateMachineUpdater: set stopIndex = 102
2023-05-17 09:10:05,702 [84eda2eb-aea9-437c-8414-760cea80ce07@group-3DC33AB96AA1-StateMachineUpdater] INFO  ratis.ContainerStateMachine (ContainerStateMachine.java:takeSnapshot(330)) - group-3DC33AB96AA1: Taking a snapshot at:(t:1, i:96) file /home/runner/work/ozone/ozone/hadoop-ozone/integration-test/target/test-dir/MiniOzoneClusterImpl-21d14123-a168-44a2-bc0a-ee93e32dcc9b/datanode-12/data/ratis/4171af09-b793-421d-adf6-3dc33ab96aa1/sm/snapshot.1_96
2023-05-17 09:10:05,702 [f1b6f36b-e7af-48b8-b739-38f78676889c@group-B9930BA1EF93-StateMachineUpdater] INFO  ratis.ContainerStateMachine (ContainerStateMachine.java:takeSnapshot(330)) - group-B9930BA1EF93: Taking a snapshot at:(t:1, i:57) file /home/runner/work/ozone/ozone/hadoop-ozone/integration-test/target/test-dir/MiniOzoneClusterImpl-21d14123-a168-44a2-bc0a-ee93e32dcc9b/datanode-10/data/ratis/0637c11d-1f02-47ea-8bd1-b9930ba1ef93/sm/snapshot.1_57
2023-05-17 09:10:05,714 [ForkJoinPool.commonPool-worker-6] INFO  ozoneimpl.OzoneContainer (OzoneContainer.java:stop(419)) - Attempting to stop container services.
2023-05-17 09:10:05,715 [ForkJoinPool.commonPool-worker-2] INFO  server.GrpcService (GrpcService.java:closeImpl(320)) - f1b6f36b-e7af-48b8-b739-38f78676889c: shutdown server GrpcServerProtocolService successfully
2023-05-17 09:10:05,715 [ForkJoinPool.commonPool-worker-2] INFO  server.GrpcService (GrpcService.java:closeImpl(311)) - f1b6f36b-e7af-48b8-b739-38f78676889c: shutdown server org.apache.ratis.grpc.server.GrpcAdminProtocolService now
2023-05-17 09:10:05,715 [67f04e2a-34cd-4ea0-b74b-c8cb5d6f4ea5@group-2664BBECD281-StateMachineUpdater] INFO  ratis.ContainerStateMachine (ContainerStateMachine.java:takeSnapshot(330)) - group-2664BBECD281: Taking a snapshot at:(t:1, i:102) file /home/runner/work/ozone/ozone/hadoop-ozone/integration-test/target/test-dir/MiniOzoneClusterImpl-21d14123-a168-44a2-bc0a-ee93e32dcc9b/datanode-0/data/ratis/51182364-abf3-40eb-b9a7-2664bbecd281/sm/snapshot.1_102
2023-05-17 09:10:05,715 [84eda2eb-aea9-437c-8414-760cea80ce07@group-3DC33AB96AA1-StateMachineUpdater] INFO  ratis.ContainerStateMachine (ContainerStateMachine.java:takeSnapshot(341)) - group-3DC33AB96AA1: Finished taking a snapshot at:(t:1, i:96) file:/home/runner/work/ozone/ozone/hadoop-ozone/integration-test/target/test-dir/MiniOzoneClusterImpl-21d14123-a168-44a2-bc0a-ee93e32dcc9b/datanode-12/data/ratis/4171af09-b793-421d-adf6-3dc33ab96aa1/sm/snapshot.1_96 took: 14 ms
2023-05-17 09:10:05,716 [84eda2eb-aea9-437c-8414-760cea80ce07@group-3DC33AB96AA1-StateMachineUpdater] INFO  impl.StateMachineUpdater (StateMachineUpdater.java:takeSnapshot(291)) - 84eda2eb-aea9-437c-8414-760cea80ce07@group-3DC33AB96AA1-StateMachineUpdater: Took a snapshot at index 96
2023-05-17 09:10:05,716 [84eda2eb-aea9-437c-8414-760cea80ce07@group-3DC33AB96AA1-StateMachineUpdater] INFO  impl.StateMachineUpdater (StateMachineUpdater.java:lambda$new$0(97)) - 84eda2eb-aea9-437c-8414-760cea80ce07@group-3DC33AB96AA1-StateMachineUpdater: snapshotIndex: updateIncreasingly -1 -> 96
2023-05-17 09:10:05,716 [84eda2eb-aea9-437c-8414-760cea80ce07-impl-thread2] INFO  server.RaftServer$Division (ServerState.java:close(472)) - 84eda2eb-aea9-437c-8414-760cea80ce07@group-3DC33AB96AA1: closes. applyIndex: 96
2023-05-17 09:10:05,717 [f1b6f36b-e7af-48b8-b739-38f78676889c@group-B9930BA1EF93-StateMachineUpdater] INFO  ratis.ContainerStateMachine (ContainerStateMachine.java:takeSnapshot(341)) - group-B9930BA1EF93: Finished taking a snapshot at:(t:1, i:57) file:/home/runner/work/ozone/ozone/hadoop-ozone/integration-test/target/test-dir/MiniOzoneClusterImpl-21d14123-a168-44a2-bc0a-ee93e32dcc9b/datanode-10/data/ratis/0637c11d-1f02-47ea-8bd1-b9930ba1ef93/sm/snapshot.1_57 took: 15 ms
2023-05-17 09:10:05,717 [67f04e2a-34cd-4ea0-b74b-c8cb5d6f4ea5@group-2664BBECD281-StateMachineUpdater] INFO  ratis.ContainerStateMachine (ContainerStateMachine.java:takeSnapshot(341)) - group-2664BBECD281: Finished taking a snapshot at:(t:1, i:102) file:/home/runner/work/ozone/ozone/hadoop-ozone/integration-test/target/test-dir/MiniOzoneClusterImpl-21d14123-a168-44a2-bc0a-ee93e32dcc9b/datanode-0/data/ratis/51182364-abf3-40eb-b9a7-2664bbecd281/sm/snapshot.1_102 took: 2 ms
2023-05-17 09:10:05,717 [f1b6f36b-e7af-48b8-b739-38f78676889c@group-B9930BA1EF93-StateMachineUpdater] INFO  impl.StateMachineUpdater (StateMachineUpdater.java:takeSnapshot(291)) - f1b6f36b-e7af-48b8-b739-38f78676889c@group-B9930BA1EF93-StateMachineUpdater: Took a snapshot at index 57
2023-05-17 09:10:05,717 [f1b6f36b-e7af-48b8-b739-38f78676889c@group-B9930BA1EF93-StateMachineUpdater] INFO  impl.StateMachineUpdater (StateMachineUpdater.java:lambda$new$0(97)) - f1b6f36b-e7af-48b8-b739-38f78676889c@group-B9930BA1EF93-StateMachineUpdater: snapshotIndex: updateIncreasingly -1 -> 57
2023-05-17 09:10:05,717 [67f04e2a-34cd-4ea0-b74b-c8cb5d6f4ea5@group-2664BBECD281-StateMachineUpdater] INFO  impl.StateMachineUpdater (StateMachineUpdater.java:takeSnapshot(291)) - 67f04e2a-34cd-4ea0-b74b-c8cb5d6f4ea5@group-2664BBECD281-StateMachineUpdater: Took a snapshot at index 102
2023-05-17 09:10:05,717 [67f04e2a-34cd-4ea0-b74b-c8cb5d6f4ea5@group-2664BBECD281-StateMachineUpdater] INFO  impl.StateMachineUpdater (StateMachineUpdater.java:lambda$new$0(97)) - 67f04e2a-34cd-4ea0-b74b-c8cb5d6f4ea5@group-2664BBECD281-StateMachineUpdater: snapshotIndex: updateIncreasingly -1 -> 102
2023-05-17 09:10:05,722 [f1b6f36b-e7af-48b8-b739-38f78676889c-impl-thread4] INFO  server.RaftServer$Division (ServerState.java:close(472)) - f1b6f36b-e7af-48b8-b739-38f78676889c@group-6A381084A931: closes. applyIndex: 182
2023-05-17 09:10:05,723 [f1b6f36b-e7af-48b8-b739-38f78676889c-impl-thread3] INFO  server.RaftServer$Division (ServerState.java:close(472)) - f1b6f36b-e7af-48b8-b739-38f78676889c@group-E694C42C06C7: closes. applyIndex: 133
2023-05-17 09:10:05,723 [67f04e2a-34cd-4ea0-b74b-c8cb5d6f4ea5-impl-thread2] INFO  server.RaftServer$Division (ServerState.java:close(472)) - 67f04e2a-34cd-4ea0-b74b-c8cb5d6f4ea5@group-C26195CFC82B: closes. applyIndex: 194
2023-05-17 09:10:05,723 [67f04e2a-34cd-4ea0-b74b-c8cb5d6f4ea5-impl-thread3] INFO  server.RaftServer$Division (ServerState.java:close(472)) - 67f04e2a-34cd-4ea0-b74b-c8cb5d6f4ea5@group-1563067D893C: closes. applyIndex: 146
2023-05-17 09:10:05,724 [ForkJoinPool.commonPool-worker-3] INFO  server.GrpcService (GrpcService.java:closeImpl(320)) - 67f04e2a-34cd-4ea0-b74b-c8cb5d6f4ea5: shutdown server GrpcServerProtocolService successfully
2023-05-17 09:10:05,724 [ForkJoinPool.commonPool-worker-3] INFO  server.GrpcService (GrpcService.java:closeImpl(311)) - 67f04e2a-34cd-4ea0-b74b-c8cb5d6f4ea5: shutdown server org.apache.ratis.grpc.server.GrpcAdminProtocolService now
2023-05-17 09:10:05,725 [67f04e2a-34cd-4ea0-b74b-c8cb5d6f4ea5-impl-thread4] INFO  server.RaftServer$Division (ServerState.java:close(472)) - 67f04e2a-34cd-4ea0-b74b-c8cb5d6f4ea5@group-2664BBECD281: closes. applyIndex: 102
2023-05-17 09:10:05,726 [f1b6f36b-e7af-48b8-b739-38f78676889c-impl-thread2] INFO  server.RaftServer$Division (ServerState.java:close(472)) - f1b6f36b-e7af-48b8-b739-38f78676889c@group-B9930BA1EF93: closes. applyIndex: 57
2023-05-17 09:10:05,729 [ForkJoinPool.commonPool-worker-6] INFO  server.RaftServer (RaftServerProxy.java:lambda$close$6(416)) - b2b5d537-374d-472d-b9f1-d9543cb70a6b: close
2023-05-17 09:10:05,734 [ForkJoinPool.commonPool-worker-3] INFO  server.GrpcService (GrpcService.java:closeImpl(320)) - 67f04e2a-34cd-4ea0-b74b-c8cb5d6f4ea5: shutdown server org.apache.ratis.grpc.server.GrpcAdminProtocolService successfully
2023-05-17 09:10:05,736 [b2b5d537-374d-472d-b9f1-d9543cb70a6b-impl-thread2] INFO  server.RaftServer$Division (RaftServerImpl.java:lambda$close$4(466)) - b2b5d537-374d-472d-b9f1-d9543cb70a6b@group-CDB51B945669: shutdown
2023-05-17 09:10:05,736 [b2b5d537-374d-472d-b9f1-d9543cb70a6b-impl-thread2] INFO  util.JmxRegister (JmxRegister.java:unregister(73)) - Successfully un-registered JMX Bean with object name Ratis:service=RaftServer,group=group-CDB51B945669,id=b2b5d537-374d-472d-b9f1-d9543cb70a6b
2023-05-17 09:10:05,736 [b2b5d537-374d-472d-b9f1-d9543cb70a6b-impl-thread2] INFO  impl.RoleInfo (RoleInfo.java:shutdownFollowerState(110)) - b2b5d537-374d-472d-b9f1-d9543cb70a6b: shutdown b2b5d537-374d-472d-b9f1-d9543cb70a6b@group-CDB51B945669-FollowerState
2023-05-17 09:10:05,736 [b2b5d537-374d-472d-b9f1-d9543cb70a6b-impl-thread4] INFO  server.RaftServer$Division (RaftServerImpl.java:lambda$close$4(466)) - b2b5d537-374d-472d-b9f1-d9543cb70a6b@group-2EE872F2B0F0: shutdown
2023-05-17 09:10:05,736 [ForkJoinPool.commonPool-worker-6] INFO  server.GrpcService (GrpcService.java:closeImpl(311)) - b2b5d537-374d-472d-b9f1-d9543cb70a6b: shutdown server org.apache.ratis.grpc.server.GrpcClientProtocolService now
2023-05-17 09:10:05,736 [ForkJoinPool.commonPool-worker-2] INFO  server.GrpcService (GrpcService.java:closeImpl(320)) - f1b6f36b-e7af-48b8-b739-38f78676889c: shutdown server org.apache.ratis.grpc.server.GrpcAdminProtocolService successfully
2023-05-17 09:10:05,736 [b2b5d537-374d-472d-b9f1-d9543cb70a6b-impl-thread3] INFO  server.RaftServer$Division (RaftServerImpl.java:lambda$close$4(466)) - b2b5d537-374d-472d-b9f1-d9543cb70a6b@group-B75AFB471175: shutdown
2023-05-17 09:10:05,737 [b2b5d537-374d-472d-b9f1-d9543cb70a6b@group-CDB51B945669-FollowerState] INFO  impl.FollowerState (FollowerState.java:run(152)) - b2b5d537-374d-472d-b9f1-d9543cb70a6b@group-CDB51B945669-FollowerState was interrupted
2023-05-17 09:10:05,737 [b2b5d537-374d-472d-b9f1-d9543cb70a6b-impl-thread2] INFO  impl.StateMachineUpdater (StateMachineUpdater.java:stopAndJoin(155)) - b2b5d537-374d-472d-b9f1-d9543cb70a6b@group-CDB51B945669-StateMachineUpdater: set stopIndex = 169
2023-05-17 09:10:05,737 [b2b5d537-374d-472d-b9f1-d9543cb70a6b@group-CDB51B945669-StateMachineUpdater] INFO  ratis.ContainerStateMachine (ContainerStateMachine.java:takeSnapshot(330)) - group-CDB51B945669: Taking a snapshot at:(t:1, i:169) file /home/runner/work/ozone/ozone/hadoop-ozone/integration-test/target/test-dir/MiniOzoneClusterImpl-21d14123-a168-44a2-bc0a-ee93e32dcc9b/datanode-5/data/ratis/2003f648-4363-4af3-ad53-cdb51b945669/sm/snapshot.1_169
2023-05-17 09:10:05,737 [b2b5d537-374d-472d-b9f1-d9543cb70a6b-impl-thread3] INFO  util.JmxRegister (JmxRegister.java:unregister(73)) - Successfully un-registered JMX Bean with object name Ratis:service=RaftServer,group=group-B75AFB471175,id=b2b5d537-374d-472d-b9f1-d9543cb70a6b
2023-05-17 09:10:05,737 [b2b5d537-374d-472d-b9f1-d9543cb70a6b-impl-thread3] INFO  impl.RoleInfo (RoleInfo.java:shutdownLeaderState(93)) - b2b5d537-374d-472d-b9f1-d9543cb70a6b: shutdown b2b5d537-374d-472d-b9f1-d9543cb70a6b@group-B75AFB471175-LeaderStateImpl
2023-05-17 09:10:05,737 [b2b5d537-374d-472d-b9f1-d9543cb70a6b-impl-thread3] INFO  impl.PendingRequests (PendingRequests.java:sendNotLeaderResponses(289)) - b2b5d537-374d-472d-b9f1-d9543cb70a6b@group-B75AFB471175-PendingRequests: sendNotLeaderResponses
2023-05-17 09:10:05,739 [b2b5d537-374d-472d-b9f1-d9543cb70a6b@group-CDB51B945669-StateMachineUpdater] INFO  ratis.ContainerStateMachine (ContainerStateMachine.java:takeSnapshot(341)) - group-CDB51B945669: Finished taking a snapshot at:(t:1, i:169) file:/home/runner/work/ozone/ozone/hadoop-ozone/integration-test/target/test-dir/MiniOzoneClusterImpl-21d14123-a168-44a2-bc0a-ee93e32dcc9b/datanode-5/data/ratis/2003f648-4363-4af3-ad53-cdb51b945669/sm/snapshot.1_169 took: 2 ms
2023-05-17 09:10:05,739 [b2b5d537-374d-472d-b9f1-d9543cb70a6b@group-CDB51B945669-StateMachineUpdater] INFO  impl.StateMachineUpdater (StateMachineUpdater.java:takeSnapshot(291)) - b2b5d537-374d-472d-b9f1-d9543cb70a6b@group-CDB51B945669-StateMachineUpdater: Took a snapshot at index 169
2023-05-17 09:10:05,739 [b2b5d537-374d-472d-b9f1-d9543cb70a6b@group-CDB51B945669-StateMachineUpdater] INFO  impl.StateMachineUpdater (StateMachineUpdater.java:lambda$new$0(97)) - b2b5d537-374d-472d-b9f1-d9543cb70a6b@group-CDB51B945669-StateMachineUpdater: snapshotIndex: updateIncreasingly -1 -> 169
2023-05-17 09:10:05,741 [b2b5d537-374d-472d-b9f1-d9543cb70a6b-impl-thread4] INFO  util.JmxRegister (JmxRegister.java:unregister(73)) - Successfully un-registered JMX Bean with object name Ratis:service=RaftServer,group=group-2EE872F2B0F0,id=b2b5d537-374d-472d-b9f1-d9543cb70a6b
2023-05-17 09:10:05,741 [b2b5d537-374d-472d-b9f1-d9543cb70a6b-impl-thread4] INFO  impl.RoleInfo (RoleInfo.java:shutdownFollowerState(110)) - b2b5d537-374d-472d-b9f1-d9543cb70a6b: shutdown b2b5d537-374d-472d-b9f1-d9543cb70a6b@group-2EE872F2B0F0-FollowerState
2023-05-17 09:10:05,744 [f1b6f36b-e7af-48b8-b739-38f78676889c-NettyServerStreamRpc-bossGroup--thread1] INFO  logging.LoggingHandler (AbstractInternalLogger.java:log(148)) - [id: 0xdd454cd4, L:/0:0:0:0:0:0:0:0:15094] CLOSE
2023-05-17 09:10:05,744 [f1b6f36b-e7af-48b8-b739-38f78676889c-NettyServerStreamRpc-bossGroup--thread1] INFO  logging.LoggingHandler (AbstractInternalLogger.java:log(148)) - [id: 0xdd454cd4, L:/0:0:0:0:0:0:0:0:15094] INACTIVE
2023-05-17 09:10:05,745 [f1b6f36b-e7af-48b8-b739-38f78676889c-NettyServerStreamRpc-bossGroup--thread1] INFO  logging.LoggingHandler (AbstractInternalLogger.java:log(148)) - [id: 0xdd454cd4, L:/0:0:0:0:0:0:0:0:15094] UNREGISTERED
2023-05-17 09:10:05,746 [b2b5d537-374d-472d-b9f1-d9543cb70a6b-impl-thread3] INFO  impl.StateMachineUpdater (StateMachineUpdater.java:stopAndJoin(155)) - b2b5d537-374d-472d-b9f1-d9543cb70a6b@group-B75AFB471175-StateMachineUpdater: set stopIndex = 60
2023-05-17 09:10:05,747 [b2b5d537-374d-472d-b9f1-d9543cb70a6b@group-B75AFB471175-StateMachineUpdater] INFO  ratis.ContainerStateMachine (ContainerStateMachine.java:takeSnapshot(330)) - group-B75AFB471175: Taking a snapshot at:(t:1, i:60) file /home/runner/work/ozone/ozone/hadoop-ozone/integration-test/target/test-dir/MiniOzoneClusterImpl-21d14123-a168-44a2-bc0a-ee93e32dcc9b/datanode-5/data/ratis/0f07eb2f-4376-4576-958c-b75afb471175/sm/snapshot.1_60
2023-05-17 09:10:05,752 [b2b5d537-374d-472d-b9f1-d9543cb70a6b@group-B75AFB471175-StateMachineUpdater] INFO  ratis.ContainerStateMachine (ContainerStateMachine.java:takeSnapshot(341)) - group-B75AFB471175: Finished taking a snapshot at:(t:1, i:60) file:/home/runner/work/ozone/ozone/hadoop-ozone/integration-test/target/test-dir/MiniOzoneClusterImpl-21d14123-a168-44a2-bc0a-ee93e32dcc9b/datanode-5/data/ratis/0f07eb2f-4376-4576-958c-b75afb471175/sm/snapshot.1_60 took: 5 ms
2023-05-17 09:10:05,752 [b2b5d537-374d-472d-b9f1-d9543cb70a6b@group-B75AFB471175-StateMachineUpdater] INFO  impl.StateMachineUpdater (StateMachineUpdater.java:takeSnapshot(291)) - b2b5d537-374d-472d-b9f1-d9543cb70a6b@group-B75AFB471175-StateMachineUpdater: Took a snapshot at index 60
2023-05-17 09:10:05,752 [b2b5d537-374d-472d-b9f1-d9543cb70a6b@group-B75AFB471175-StateMachineUpdater] INFO  impl.StateMachineUpdater (StateMachineUpdater.java:lambda$new$0(97)) - b2b5d537-374d-472d-b9f1-d9543cb70a6b@group-B75AFB471175-StateMachineUpdater: snapshotIndex: updateIncreasingly -1 -> 60
2023-05-17 09:10:05,753 [57ed5fd8-a62b-44c8-9c66-83b6d5ca8b16-impl-thread4] INFO  segmented.SegmentedRaftLogWorker (SegmentedRaftLogWorker.java:close(252)) - 57ed5fd8-a62b-44c8-9c66-83b6d5ca8b16@group-2EE872F2B0F0-SegmentedRaftLogWorker close()
2023-05-17 09:10:05,765 [Thread-1316] INFO  server.GrpcServerProtocolClient (GrpcServerProtocolClient.java:close(103)) - b98521b2-5644-4aab-8244-d2e66a88cd45 Close channels
2023-05-17 09:10:05,767 [b2b5d537-374d-472d-b9f1-d9543cb70a6b@group-2EE872F2B0F0-StateMachineUpdater] INFO  ratis.ContainerStateMachine (ContainerStateMachine.java:takeSnapshot(330)) - group-2EE872F2B0F0: Taking a snapshot at:(t:1, i:217) file /home/runner/work/ozone/ozone/hadoop-ozone/integration-test/target/test-dir/MiniOzoneClusterImpl-21d14123-a168-44a2-bc0a-ee93e32dcc9b/datanode-5/data/ratis/aa48e33c-f708-467c-8cb5-2ee872f2b0f0/sm/snapshot.1_217
2023-05-17 09:10:05,767 [b2b5d537-374d-472d-b9f1-d9543cb70a6b-impl-thread2] INFO  server.RaftServer$Division (ServerState.java:close(472)) - b2b5d537-374d-472d-b9f1-d9543cb70a6b@group-CDB51B945669: closes. applyIndex: 169
2023-05-17 09:10:05,767 [b2b5d537-374d-472d-b9f1-d9543cb70a6b@group-2EE872F2B0F0-FollowerState] INFO  impl.FollowerState (FollowerState.java:run(152)) - b2b5d537-374d-472d-b9f1-d9543cb70a6b@group-2EE872F2B0F0-FollowerState was interrupted
2023-05-17 09:10:05,767 [b2b5d537-374d-472d-b9f1-d9543cb70a6b-impl-thread4] INFO  impl.StateMachineUpdater (StateMachineUpdater.java:stopAndJoin(155)) - b2b5d537-374d-472d-b9f1-d9543cb70a6b@group-2EE872F2B0F0-StateMachineUpdater: set stopIndex = 217
2023-05-17 09:10:05,769 [Thread-1330] INFO  server.GrpcServerProtocolClient (GrpcServerProtocolClient.java:close(103)) - 57ed5fd8-a62b-44c8-9c66-83b6d5ca8b16 Close channels
2023-05-17 09:10:05,770 [BlockDeletingService#0] INFO  interfaces.ContainerDeletionChoosingPolicyTemplate (ContainerDeletionChoosingPolicyTemplate.java:chooseContainerForBlockDeletion(83)) - Chosen 0/5000 blocks from 0 candidate containers.
2023-05-17 09:10:05,771 [ForkJoinPool.commonPool-worker-6] INFO  server.GrpcService (GrpcService.java:closeImpl(320)) - b2b5d537-374d-472d-b9f1-d9543cb70a6b: shutdown server org.apache.ratis.grpc.server.GrpcClientProtocolService successfully
2023-05-17 09:10:05,771 [ForkJoinPool.commonPool-worker-6] INFO  server.GrpcService (GrpcService.java:closeImpl(311)) - b2b5d537-374d-472d-b9f1-d9543cb70a6b: shutdown server GrpcServerProtocolService now
2023-05-17 09:10:05,771 [b2b5d537-374d-472d-b9f1-d9543cb70a6b@group-2EE872F2B0F0-StateMachineUpdater] INFO  ratis.ContainerStateMachine (ContainerStateMachine.java:takeSnapshot(341)) - group-2EE872F2B0F0: Finished taking a snapshot at:(t:1, i:217) file:/home/runner/work/ozone/ozone/hadoop-ozone/integration-test/target/test-dir/MiniOzoneClusterImpl-21d14123-a168-44a2-bc0a-ee93e32dcc9b/datanode-5/data/ratis/aa48e33c-f708-467c-8cb5-2ee872f2b0f0/sm/snapshot.1_217 took: 4 ms
2023-05-17 09:10:05,771 [b2b5d537-374d-472d-b9f1-d9543cb70a6b@group-2EE872F2B0F0-StateMachineUpdater] INFO  impl.StateMachineUpdater (StateMachineUpdater.java:takeSnapshot(291)) - b2b5d537-374d-472d-b9f1-d9543cb70a6b@group-2EE872F2B0F0-StateMachineUpdater: Took a snapshot at index 217
2023-05-17 09:10:05,771 [b2b5d537-374d-472d-b9f1-d9543cb70a6b@group-2EE872F2B0F0-StateMachineUpdater] INFO  impl.StateMachineUpdater (StateMachineUpdater.java:lambda$new$0(97)) - b2b5d537-374d-472d-b9f1-d9543cb70a6b@group-2EE872F2B0F0-StateMachineUpdater: snapshotIndex: updateIncreasingly -1 -> 217
2023-05-17 09:10:05,772 [grpc-default-executor-13] WARN  server.GrpcServerProtocolService (LogUtils.java:warn(122)) - b2b5d537-374d-472d-b9f1-d9543cb70a6b: APPEND_ENTRIES onError, lastRequest: b98521b2-5644-4aab-8244-d2e66a88cd45->b2b5d537-374d-472d-b9f1-d9543cb70a6b#271-t1,previous=(t:1, i:217),leaderCommit=217,initializing? true,entries: size=1, first=(t:1, i:218), METADATAENTRY(c:216): org.apache.ratis.thirdparty.io.grpc.StatusRuntimeException: CANCELLED: client cancelled
2023-05-17 09:10:05,772 [grpc-default-executor-10] WARN  server.GrpcServerProtocolService (LogUtils.java:warn(122)) - b2b5d537-374d-472d-b9f1-d9543cb70a6b: APPEND_ENTRIES onError, lastRequest: null: org.apache.ratis.thirdparty.io.grpc.StatusRuntimeException: CANCELLED: client cancelled
2023-05-17 09:10:05,772 [grpc-default-executor-11] WARN  server.GrpcLogAppender (LogUtils.java:warn(122)) - b98521b2-5644-4aab-8244-d2e66a88cd45@group-2EE872F2B0F0->b2b5d537-374d-472d-b9f1-d9543cb70a6b-AppendLogResponseHandler: Failed appendEntries: org.apache.ratis.thirdparty.io.grpc.StatusRuntimeException: CANCELLED: RST_STREAM closed stream. HTTP/2 error code: CANCEL
2023-05-17 09:10:05,772 [grpc-default-executor-11] INFO  leader.FollowerInfo (FollowerInfoImpl.java:lambda$new$0(52)) - b98521b2-5644-4aab-8244-d2e66a88cd45@group-2EE872F2B0F0->b2b5d537-374d-472d-b9f1-d9543cb70a6b: decreaseNextIndex nextIndex: updateUnconditionally 219 -> 218
2023-05-17 09:10:05,773 [grpc-default-executor-12] WARN  server.GrpcLogAppender (LogUtils.java:warn(122)) - b98521b2-5644-4aab-8244-d2e66a88cd45@group-2EE872F2B0F0->b2b5d537-374d-472d-b9f1-d9543cb70a6b-AppendLogResponseHandler: Failed appendEntries: org.apache.ratis.thirdparty.io.grpc.StatusRuntimeException: CANCELLED: RST_STREAM closed stream. HTTP/2 error code: CANCEL
2023-05-17 09:10:05,773 [grpc-default-executor-12] INFO  leader.FollowerInfo (FollowerInfoImpl.java:lambda$new$0(52)) - b98521b2-5644-4aab-8244-d2e66a88cd45@group-2EE872F2B0F0->b2b5d537-374d-472d-b9f1-d9543cb70a6b: decreaseNextIndex nextIndex: updateUnconditionally 218 -> 217
2023-05-17 09:10:05,777 [b2b5d537-374d-472d-b9f1-d9543cb70a6b-impl-thread3] INFO  server.RaftServer$Division (ServerState.java:close(472)) - b2b5d537-374d-472d-b9f1-d9543cb70a6b@group-B75AFB471175: closes. applyIndex: 60
2023-05-17 09:10:05,781 [67f04e2a-34cd-4ea0-b74b-c8cb5d6f4ea5-NettyServerStreamRpc-bossGroup--thread1] INFO  logging.LoggingHandler (AbstractInternalLogger.java:log(148)) - [id: 0x012c1520, L:/0:0:0:0:0:0:0:0:15014] CLOSE
2023-05-17 09:10:05,781 [67f04e2a-34cd-4ea0-b74b-c8cb5d6f4ea5-NettyServerStreamRpc-bossGroup--thread1] INFO  logging.LoggingHandler (AbstractInternalLogger.java:log(148)) - [id: 0x012c1520, L:/0:0:0:0:0:0:0:0:15014] INACTIVE
2023-05-17 09:10:05,781 [67f04e2a-34cd-4ea0-b74b-c8cb5d6f4ea5-NettyServerStreamRpc-bossGroup--thread1] INFO  logging.LoggingHandler (AbstractInternalLogger.java:log(148)) - [id: 0x012c1520, L:/0:0:0:0:0:0:0:0:15014] UNREGISTERED
2023-05-17 09:10:05,787 [b2b5d537-374d-472d-b9f1-d9543cb70a6b-impl-thread4] INFO  server.RaftServer$Division (ServerState.java:close(472)) - b2b5d537-374d-472d-b9f1-d9543cb70a6b@group-2EE872F2B0F0: closes. applyIndex: 217
2023-05-17 09:10:05,795 [ForkJoinPool.commonPool-worker-6] INFO  server.GrpcService (GrpcService.java:closeImpl(320)) - b2b5d537-374d-472d-b9f1-d9543cb70a6b: shutdown server GrpcServerProtocolService successfully
2023-05-17 09:10:05,795 [ForkJoinPool.commonPool-worker-6] INFO  server.GrpcService (GrpcService.java:closeImpl(311)) - b2b5d537-374d-472d-b9f1-d9543cb70a6b: shutdown server org.apache.ratis.grpc.server.GrpcAdminProtocolService now
2023-05-17 09:10:05,796 [67f04e2a-34cd-4ea0-b74b-c8cb5d6f4ea5-impl-thread2] INFO  segmented.SegmentedRaftLogWorker (SegmentedRaftLogWorker.java:close(252)) - 67f04e2a-34cd-4ea0-b74b-c8cb5d6f4ea5@group-C26195CFC82B-SegmentedRaftLogWorker close()
2023-05-17 09:10:05,819 [ForkJoinPool.commonPool-worker-6] INFO  server.GrpcService (GrpcService.java:closeImpl(320)) - b2b5d537-374d-472d-b9f1-d9543cb70a6b: shutdown server org.apache.ratis.grpc.server.GrpcAdminProtocolService successfully
2023-05-17 09:10:05,825 [b2b5d537-374d-472d-b9f1-d9543cb70a6b-NettyServerStreamRpc-bossGroup--thread1] INFO  logging.LoggingHandler (AbstractInternalLogger.java:log(148)) - [id: 0x1ab8aabb, L:/0:0:0:0:0:0:0:0:15054] CLOSE
2023-05-17 09:10:05,831 [b2b5d537-374d-472d-b9f1-d9543cb70a6b-NettyServerStreamRpc-bossGroup--thread1] INFO  logging.LoggingHandler (AbstractInternalLogger.java:log(148)) - [id: 0x1ab8aabb, L:/0:0:0:0:0:0:0:0:15054] INACTIVE
2023-05-17 09:10:05,831 [b2b5d537-374d-472d-b9f1-d9543cb70a6b-NettyServerStreamRpc-bossGroup--thread1] INFO  logging.LoggingHandler (AbstractInternalLogger.java:log(148)) - [id: 0x1ab8aabb, L:/0:0:0:0:0:0:0:0:15054] UNREGISTERED
2023-05-17 09:10:05,857 [57ed5fd8-a62b-44c8-9c66-83b6d5ca8b16-impl-thread2] INFO  segmented.SegmentedRaftLogWorker (SegmentedRaftLogWorker.java:close(252)) - 57ed5fd8-a62b-44c8-9c66-83b6d5ca8b16@group-CDB51B945669-SegmentedRaftLogWorker close()
2023-05-17 09:10:05,860 [b2b5d537-374d-472d-b9f1-d9543cb70a6b-impl-thread2] INFO  segmented.SegmentedRaftLogWorker (SegmentedRaftLogWorker.java:close(252)) - b2b5d537-374d-472d-b9f1-d9543cb70a6b@group-CDB51B945669-SegmentedRaftLogWorker close()
2023-05-17 09:10:05,976 [grpc-default-executor-12] WARN  server.GrpcLogAppender (LogUtils.java:warn(122)) - 8889e818-58f8-49f9-ac5f-461eb7b79d1e@group-1563067D893C->67f04e2a-34cd-4ea0-b74b-c8cb5d6f4ea5-AppendLogResponseHandler: Failed appendEntries: org.apache.ratis.thirdparty.io.grpc.StatusRuntimeException: UNAVAILABLE: io exception
2023-05-17 09:10:05,977 [grpc-default-executor-12] INFO  leader.FollowerInfo (FollowerInfoImpl.java:lambda$new$0(52)) - 8889e818-58f8-49f9-ac5f-461eb7b79d1e@group-1563067D893C->67f04e2a-34cd-4ea0-b74b-c8cb5d6f4ea5: decreaseNextIndex nextIndex: updateUnconditionally 145 -> 144
2023-05-17 09:10:05,977 [grpc-default-executor-10] WARN  server.GrpcLogAppender (LogUtils.java:warn(122)) - 8889e818-58f8-49f9-ac5f-461eb7b79d1e@group-1563067D893C->67f04e2a-34cd-4ea0-b74b-c8cb5d6f4ea5-AppendLogResponseHandler: Failed appendEntries: org.apache.ratis.thirdparty.io.grpc.StatusRuntimeException: UNAVAILABLE: io exception
2023-05-17 09:10:05,978 [grpc-default-executor-10] INFO  leader.FollowerInfo (FollowerInfoImpl.java:lambda$new$0(52)) - 8889e818-58f8-49f9-ac5f-461eb7b79d1e@group-1563067D893C->67f04e2a-34cd-4ea0-b74b-c8cb5d6f4ea5: decreaseNextIndex nextIndex: updateUnconditionally 144 -> 143
2023-05-17 09:10:05,981 [grpc-default-executor-10] WARN  server.GrpcLogAppender (LogUtils.java:warn(122)) - 8889e818-58f8-49f9-ac5f-461eb7b79d1e@group-1563067D893C->67f04e2a-34cd-4ea0-b74b-c8cb5d6f4ea5-AppendLogResponseHandler: Failed appendEntries: org.apache.ratis.thirdparty.io.grpc.StatusRuntimeException: UNAVAILABLE: io exception
2023-05-17 09:10:05,981 [grpc-default-executor-10] INFO  leader.FollowerInfo (FollowerInfoImpl.java:lambda$new$0(52)) - 8889e818-58f8-49f9-ac5f-461eb7b79d1e@group-1563067D893C->67f04e2a-34cd-4ea0-b74b-c8cb5d6f4ea5: decreaseNextIndex nextIndex: updateUnconditionally 144 -> 143
2023-05-17 09:10:05,982 [grpc-default-executor-12] WARN  server.GrpcLogAppender (LogUtils.java:warn(122)) - 8889e818-58f8-49f9-ac5f-461eb7b79d1e@group-1563067D893C->67f04e2a-34cd-4ea0-b74b-c8cb5d6f4ea5-AppendLogResponseHandler: Failed appendEntries: org.apache.ratis.thirdparty.io.grpc.StatusRuntimeException: UNAVAILABLE: io exception
2023-05-17 09:10:05,982 [grpc-default-executor-12] INFO  leader.FollowerInfo (FollowerInfoImpl.java:lambda$new$0(52)) - 8889e818-58f8-49f9-ac5f-461eb7b79d1e@group-1563067D893C->67f04e2a-34cd-4ea0-b74b-c8cb5d6f4ea5: decreaseNextIndex nextIndex: updateUnconditionally 143 -> 142
2023-05-17 09:10:06,028 [5b9af961-56be-4fa8-844e-3cefe1429416-impl-thread4] INFO  segmented.SegmentedRaftLogWorker (SegmentedRaftLogWorker.java:close(252)) - 5b9af961-56be-4fa8-844e-3cefe1429416@group-A7669F4B16A5-SegmentedRaftLogWorker close()
2023-05-17 09:10:06,034 [f1b6f36b-e7af-48b8-b739-38f78676889c-impl-thread3] INFO  segmented.SegmentedRaftLogWorker (SegmentedRaftLogWorker.java:close(252)) - f1b6f36b-e7af-48b8-b739-38f78676889c@group-E694C42C06C7-SegmentedRaftLogWorker close()
2023-05-17 09:10:06,209 [b2b5d537-374d-472d-b9f1-d9543cb70a6b-impl-thread3] INFO  segmented.SegmentedRaftLogWorker (SegmentedRaftLogWorker.java:close(252)) - b2b5d537-374d-472d-b9f1-d9543cb70a6b@group-B75AFB471175-SegmentedRaftLogWorker close()
2023-05-17 09:10:06,222 [BlockDeletingService#0] INFO  interfaces.ContainerDeletionChoosingPolicyTemplate (ContainerDeletionChoosingPolicyTemplate.java:chooseContainerForBlockDeletion(83)) - Chosen 0/5000 blocks from 0 candidate containers.
2023-05-17 09:10:06,238 [57ed5fd8-a62b-44c8-9c66-83b6d5ca8b16-impl-thread3] INFO  segmented.SegmentedRaftLogWorker (SegmentedRaftLogWorker.java:close(252)) - 57ed5fd8-a62b-44c8-9c66-83b6d5ca8b16@group-5E59B8286B96-SegmentedRaftLogWorker close()
2023-05-17 09:10:06,242 [JvmPauseMonitor4] INFO  util.JvmPauseMonitor (JvmPauseMonitor.java:run(109)) - JvmPauseMonitor-57ed5fd8-a62b-44c8-9c66-83b6d5ca8b16: Stopped
2023-05-17 09:10:06,251 [grpc-default-executor-13] WARN  server.GrpcLogAppender (LogUtils.java:warn(122)) - b98521b2-5644-4aab-8244-d2e66a88cd45@group-2EE872F2B0F0->b2b5d537-374d-472d-b9f1-d9543cb70a6b-AppendLogResponseHandler: Failed appendEntries: org.apache.ratis.thirdparty.io.grpc.StatusRuntimeException: UNAVAILABLE: io exception
2023-05-17 09:10:06,251 [grpc-default-executor-13] INFO  leader.FollowerInfo (FollowerInfoImpl.java:lambda$new$0(52)) - b98521b2-5644-4aab-8244-d2e66a88cd45@group-2EE872F2B0F0->b2b5d537-374d-472d-b9f1-d9543cb70a6b: decreaseNextIndex nextIndex: updateUnconditionally 217 -> 216
2023-05-17 09:10:06,251 [grpc-default-executor-11] WARN  server.GrpcLogAppender (LogUtils.java:warn(122)) - b98521b2-5644-4aab-8244-d2e66a88cd45@group-2EE872F2B0F0->b2b5d537-374d-472d-b9f1-d9543cb70a6b-AppendLogResponseHandler: Failed appendEntries: org.apache.ratis.thirdparty.io.grpc.StatusRuntimeException: UNAVAILABLE: io exception
2023-05-17 09:10:06,251 [grpc-default-executor-11] INFO  leader.FollowerInfo (FollowerInfoImpl.java:lambda$new$0(52)) - b98521b2-5644-4aab-8244-d2e66a88cd45@group-2EE872F2B0F0->b2b5d537-374d-472d-b9f1-d9543cb70a6b: decreaseNextIndex nextIndex: updateUnconditionally 216 -> 215
2023-05-17 09:10:06,252 [grpc-default-executor-10] WARN  server.GrpcLogAppender (LogUtils.java:warn(122)) - b98521b2-5644-4aab-8244-d2e66a88cd45@group-2EE872F2B0F0->57ed5fd8-a62b-44c8-9c66-83b6d5ca8b16-AppendLogResponseHandler: Failed appendEntries: org.apache.ratis.thirdparty.io.grpc.StatusRuntimeException: UNAVAILABLE: io exception
2023-05-17 09:10:06,252 [grpc-default-executor-10] INFO  leader.FollowerInfo (FollowerInfoImpl.java:lambda$new$0(52)) - b98521b2-5644-4aab-8244-d2e66a88cd45@group-2EE872F2B0F0->57ed5fd8-a62b-44c8-9c66-83b6d5ca8b16: decreaseNextIndex nextIndex: updateUnconditionally 217 -> 216
2023-05-17 09:10:06,251 [grpc-default-executor-14] WARN  server.GrpcLogAppender (LogUtils.java:warn(122)) - b98521b2-5644-4aab-8244-d2e66a88cd45@group-2EE872F2B0F0->57ed5fd8-a62b-44c8-9c66-83b6d5ca8b16-AppendLogResponseHandler: Failed appendEntries: org.apache.ratis.thirdparty.io.grpc.StatusRuntimeException: UNAVAILABLE: io exception
2023-05-17 09:10:06,254 [grpc-default-executor-14] INFO  leader.FollowerInfo (FollowerInfoImpl.java:lambda$new$0(52)) - b98521b2-5644-4aab-8244-d2e66a88cd45@group-2EE872F2B0F0->57ed5fd8-a62b-44c8-9c66-83b6d5ca8b16: decreaseNextIndex nextIndex: updateUnconditionally 216 -> 215
2023-05-17 09:10:06,262 [grpc-default-executor-14] WARN  server.GrpcLogAppender (LogUtils.java:warn(122)) - b98521b2-5644-4aab-8244-d2e66a88cd45@group-2EE872F2B0F0->b2b5d537-374d-472d-b9f1-d9543cb70a6b-AppendLogResponseHandler: Failed appendEntries: org.apache.ratis.thirdparty.io.grpc.StatusRuntimeException: UNAVAILABLE: io exception
2023-05-17 09:10:06,263 [grpc-default-executor-14] INFO  leader.FollowerInfo (FollowerInfoImpl.java:lambda$new$0(52)) - b98521b2-5644-4aab-8244-d2e66a88cd45@group-2EE872F2B0F0->b2b5d537-374d-472d-b9f1-d9543cb70a6b: decreaseNextIndex nextIndex: updateUnconditionally 216 -> 215
2023-05-17 09:10:06,263 [grpc-default-executor-11] WARN  server.GrpcLogAppender (LogUtils.java:warn(122)) - b98521b2-5644-4aab-8244-d2e66a88cd45@group-2EE872F2B0F0->57ed5fd8-a62b-44c8-9c66-83b6d5ca8b16-AppendLogResponseHandler: Failed appendEntries: org.apache.ratis.thirdparty.io.grpc.StatusRuntimeException: UNAVAILABLE: io exception
2023-05-17 09:10:06,264 [grpc-default-executor-11] INFO  leader.FollowerInfo (FollowerInfoImpl.java:lambda$new$0(52)) - b98521b2-5644-4aab-8244-d2e66a88cd45@group-2EE872F2B0F0->57ed5fd8-a62b-44c8-9c66-83b6d5ca8b16: decreaseNextIndex nextIndex: updateUnconditionally 216 -> 215
2023-05-17 09:10:06,264 [grpc-default-executor-10] WARN  server.GrpcLogAppender (LogUtils.java:warn(122)) - b98521b2-5644-4aab-8244-d2e66a88cd45@group-2EE872F2B0F0->b2b5d537-374d-472d-b9f1-d9543cb70a6b-AppendLogResponseHandler: Failed appendEntries: org.apache.ratis.thirdparty.io.grpc.StatusRuntimeException: UNAVAILABLE: io exception
2023-05-17 09:10:06,264 [grpc-default-executor-10] INFO  leader.FollowerInfo (FollowerInfoImpl.java:lambda$new$0(52)) - b98521b2-5644-4aab-8244-d2e66a88cd45@group-2EE872F2B0F0->b2b5d537-374d-472d-b9f1-d9543cb70a6b: decreaseNextIndex nextIndex: updateUnconditionally 215 -> 214
2023-05-17 09:10:06,264 [grpc-default-executor-13] WARN  server.GrpcLogAppender (LogUtils.java:warn(122)) - b98521b2-5644-4aab-8244-d2e66a88cd45@group-2EE872F2B0F0->57ed5fd8-a62b-44c8-9c66-83b6d5ca8b16-AppendLogResponseHandler: Failed appendEntries: org.apache.ratis.thirdparty.io.grpc.StatusRuntimeException: UNAVAILABLE: io exception
2023-05-17 09:10:06,264 [grpc-default-executor-13] INFO  leader.FollowerInfo (FollowerInfoImpl.java:lambda$new$0(52)) - b98521b2-5644-4aab-8244-d2e66a88cd45@group-2EE872F2B0F0->57ed5fd8-a62b-44c8-9c66-83b6d5ca8b16: decreaseNextIndex nextIndex: updateUnconditionally 215 -> 214
2023-05-17 09:10:06,272 [f1b6f36b-e7af-48b8-b739-38f78676889c-impl-thread4] INFO  segmented.SegmentedRaftLogWorker (SegmentedRaftLogWorker.java:close(252)) - f1b6f36b-e7af-48b8-b739-38f78676889c@group-6A381084A931-SegmentedRaftLogWorker close()
2023-05-17 09:10:06,291 [grpc-default-executor-10] WARN  server.GrpcLogAppender (LogUtils.java:warn(122)) - b2525f4f-bdf5-4dd0-b826-cbccdc8ecebe@group-C26195CFC82B->67f04e2a-34cd-4ea0-b74b-c8cb5d6f4ea5-AppendLogResponseHandler: Failed appendEntries: org.apache.ratis.thirdparty.io.grpc.StatusRuntimeException: UNAVAILABLE: io exception
2023-05-17 09:10:06,291 [grpc-default-executor-10] INFO  leader.FollowerInfo (FollowerInfoImpl.java:lambda$new$0(52)) - b2525f4f-bdf5-4dd0-b826-cbccdc8ecebe@group-C26195CFC82B->67f04e2a-34cd-4ea0-b74b-c8cb5d6f4ea5: decreaseNextIndex nextIndex: updateUnconditionally 194 -> 193
2023-05-17 09:10:06,292 [grpc-default-executor-10] WARN  server.GrpcLogAppender (LogUtils.java:warn(122)) - b2525f4f-bdf5-4dd0-b826-cbccdc8ecebe@group-C26195CFC82B->67f04e2a-34cd-4ea0-b74b-c8cb5d6f4ea5-AppendLogResponseHandler: Failed appendEntries: org.apache.ratis.thirdparty.io.grpc.StatusRuntimeException: UNAVAILABLE: io exception
2023-05-17 09:10:06,292 [grpc-default-executor-10] INFO  leader.FollowerInfo (FollowerInfoImpl.java:lambda$new$0(52)) - b2525f4f-bdf5-4dd0-b826-cbccdc8ecebe@group-C26195CFC82B->67f04e2a-34cd-4ea0-b74b-c8cb5d6f4ea5: decreaseNextIndex nextIndex: updateUnconditionally 193 -> 192
2023-05-17 09:10:06,293 [grpc-default-executor-13] WARN  server.GrpcLogAppender (LogUtils.java:warn(122)) - b2525f4f-bdf5-4dd0-b826-cbccdc8ecebe@group-C26195CFC82B->67f04e2a-34cd-4ea0-b74b-c8cb5d6f4ea5-AppendLogResponseHandler: Failed appendEntries: org.apache.ratis.thirdparty.io.grpc.StatusRuntimeException: UNAVAILABLE: io exception
2023-05-17 09:10:06,294 [grpc-default-executor-13] INFO  leader.FollowerInfo (FollowerInfoImpl.java:lambda$new$0(52)) - b2525f4f-bdf5-4dd0-b826-cbccdc8ecebe@group-C26195CFC82B->67f04e2a-34cd-4ea0-b74b-c8cb5d6f4ea5: decreaseNextIndex nextIndex: updateUnconditionally 193 -> 192
2023-05-17 09:10:06,294 [grpc-default-executor-10] WARN  server.GrpcLogAppender (LogUtils.java:warn(122)) - b2525f4f-bdf5-4dd0-b826-cbccdc8ecebe@group-C26195CFC82B->67f04e2a-34cd-4ea0-b74b-c8cb5d6f4ea5-AppendLogResponseHandler: Failed appendEntries: org.apache.ratis.thirdparty.io.grpc.StatusRuntimeException: UNAVAILABLE: io exception
2023-05-17 09:10:06,294 [grpc-default-executor-10] INFO  leader.FollowerInfo (FollowerInfoImpl.java:lambda$new$0(52)) - b2525f4f-bdf5-4dd0-b826-cbccdc8ecebe@group-C26195CFC82B->67f04e2a-34cd-4ea0-b74b-c8cb5d6f4ea5: decreaseNextIndex nextIndex: updateUnconditionally 192 -> 191
2023-05-17 09:10:06,301 [grpc-default-executor-13] WARN  server.GrpcLogAppender (LogUtils.java:warn(122)) - b2525f4f-bdf5-4dd0-b826-cbccdc8ecebe@group-C26195CFC82B->67f04e2a-34cd-4ea0-b74b-c8cb5d6f4ea5-AppendLogResponseHandler: Failed appendEntries: org.apache.ratis.thirdparty.io.grpc.StatusRuntimeException: UNAVAILABLE: io exception
2023-05-17 09:10:06,302 [grpc-default-executor-13] INFO  leader.FollowerInfo (FollowerInfoImpl.java:lambda$new$0(52)) - b2525f4f-bdf5-4dd0-b826-cbccdc8ecebe@group-C26195CFC82B->67f04e2a-34cd-4ea0-b74b-c8cb5d6f4ea5: decreaseNextIndex nextIndex: updateUnconditionally 192 -> 191
2023-05-17 09:10:06,302 [grpc-default-executor-10] WARN  server.GrpcLogAppender (LogUtils.java:warn(122)) - b2525f4f-bdf5-4dd0-b826-cbccdc8ecebe@group-C26195CFC82B->67f04e2a-34cd-4ea0-b74b-c8cb5d6f4ea5-AppendLogResponseHandler: Failed appendEntries: org.apache.ratis.thirdparty.io.grpc.StatusRuntimeException: UNAVAILABLE: io exception
2023-05-17 09:10:06,302 [grpc-default-executor-10] INFO  leader.FollowerInfo (FollowerInfoImpl.java:lambda$new$0(52)) - b2525f4f-bdf5-4dd0-b826-cbccdc8ecebe@group-C26195CFC82B->67f04e2a-34cd-4ea0-b74b-c8cb5d6f4ea5: decreaseNextIndex nextIndex: updateUnconditionally 191 -> 190
2023-05-17 09:10:06,319 [67f04e2a-34cd-4ea0-b74b-c8cb5d6f4ea5-impl-thread4] INFO  segmented.SegmentedRaftLogWorker (SegmentedRaftLogWorker.java:close(252)) - 67f04e2a-34cd-4ea0-b74b-c8cb5d6f4ea5@group-2664BBECD281-SegmentedRaftLogWorker close()
2023-05-17 09:10:06,355 [84eda2eb-aea9-437c-8414-760cea80ce07-impl-thread2] INFO  segmented.SegmentedRaftLogWorker (SegmentedRaftLogWorker.java:close(252)) - 84eda2eb-aea9-437c-8414-760cea80ce07@group-3DC33AB96AA1-SegmentedRaftLogWorker close()
2023-05-17 09:10:06,358 [JvmPauseMonitor13] INFO  util.JvmPauseMonitor (JvmPauseMonitor.java:run(109)) - JvmPauseMonitor-84eda2eb-aea9-437c-8414-760cea80ce07: Stopped
2023-05-17 09:10:06,397 [5b9af961-56be-4fa8-844e-3cefe1429416-impl-thread2] INFO  segmented.SegmentedRaftLogWorker (SegmentedRaftLogWorker.java:close(252)) - 5b9af961-56be-4fa8-844e-3cefe1429416@group-F19CF75F4C85-SegmentedRaftLogWorker close()
2023-05-17 09:10:06,401 [grpc-default-executor-13] WARN  server.GrpcLogAppender (LogUtils.java:warn(122)) - 5b9fa8c3-08c3-43f9-b175-3119fbbe3900@group-F19CF75F4C85->5b9af961-56be-4fa8-844e-3cefe1429416-AppendLogResponseHandler: Failed appendEntries: org.apache.ratis.thirdparty.io.grpc.StatusRuntimeException: UNAVAILABLE: io exception
2023-05-17 09:10:06,402 [grpc-default-executor-13] INFO  leader.FollowerInfo (FollowerInfoImpl.java:lambda$new$0(52)) - 5b9fa8c3-08c3-43f9-b175-3119fbbe3900@group-F19CF75F4C85->5b9af961-56be-4fa8-844e-3cefe1429416: decreaseNextIndex nextIndex: updateUnconditionally 247 -> 246
2023-05-17 09:10:06,402 [grpc-default-executor-10] WARN  server.GrpcLogAppender (LogUtils.java:warn(122)) - 5b9fa8c3-08c3-43f9-b175-3119fbbe3900@group-F19CF75F4C85->5b9af961-56be-4fa8-844e-3cefe1429416-AppendLogResponseHandler: Failed appendEntries: org.apache.ratis.thirdparty.io.grpc.StatusRuntimeException: UNAVAILABLE: io exception
2023-05-17 09:10:06,402 [grpc-default-executor-10] INFO  leader.FollowerInfo (FollowerInfoImpl.java:lambda$new$0(52)) - 5b9fa8c3-08c3-43f9-b175-3119fbbe3900@group-F19CF75F4C85->5b9af961-56be-4fa8-844e-3cefe1429416: decreaseNextIndex nextIndex: updateUnconditionally 246 -> 245
2023-05-17 09:10:06,411 [grpc-default-executor-10] WARN  server.GrpcLogAppender (LogUtils.java:warn(122)) - 5b9fa8c3-08c3-43f9-b175-3119fbbe3900@group-F19CF75F4C85->5b9af961-56be-4fa8-844e-3cefe1429416-AppendLogResponseHandler: Failed appendEntries: org.apache.ratis.thirdparty.io.grpc.StatusRuntimeException: UNAVAILABLE: io exception
2023-05-17 09:10:06,412 [grpc-default-executor-10] INFO  leader.FollowerInfo (FollowerInfoImpl.java:lambda$new$0(52)) - 5b9fa8c3-08c3-43f9-b175-3119fbbe3900@group-F19CF75F4C85->5b9af961-56be-4fa8-844e-3cefe1429416: decreaseNextIndex nextIndex: updateUnconditionally 246 -> 245
2023-05-17 09:10:06,412 [grpc-default-executor-13] WARN  server.GrpcLogAppender (LogUtils.java:warn(122)) - 5b9fa8c3-08c3-43f9-b175-3119fbbe3900@group-F19CF75F4C85->5b9af961-56be-4fa8-844e-3cefe1429416-AppendLogResponseHandler: Failed appendEntries: org.apache.ratis.thirdparty.io.grpc.StatusRuntimeException: UNAVAILABLE: io exception
2023-05-17 09:10:06,412 [grpc-default-executor-13] INFO  leader.FollowerInfo (FollowerInfoImpl.java:lambda$new$0(52)) - 5b9fa8c3-08c3-43f9-b175-3119fbbe3900@group-F19CF75F4C85->5b9af961-56be-4fa8-844e-3cefe1429416: decreaseNextIndex nextIndex: updateUnconditionally 245 -> 244
2023-05-17 09:10:06,480 [67f04e2a-34cd-4ea0-b74b-c8cb5d6f4ea5-impl-thread3] INFO  segmented.SegmentedRaftLogWorker (SegmentedRaftLogWorker.java:close(252)) - 67f04e2a-34cd-4ea0-b74b-c8cb5d6f4ea5@group-1563067D893C-SegmentedRaftLogWorker close()
2023-05-17 09:10:06,483 [JvmPauseMonitor2] INFO  util.JvmPauseMonitor (JvmPauseMonitor.java:run(109)) - JvmPauseMonitor-67f04e2a-34cd-4ea0-b74b-c8cb5d6f4ea5: Stopped
2023-05-17 09:10:06,537 [grpc-default-executor-10] WARN  server.GrpcLogAppender (LogUtils.java:warn(122)) - 4ea9b805-d843-4364-8f91-0c3c20e3ed71@group-E694C42C06C7->f1b6f36b-e7af-48b8-b739-38f78676889c-AppendLogResponseHandler: Failed appendEntries: org.apache.ratis.thirdparty.io.grpc.StatusRuntimeException: UNAVAILABLE: io exception
2023-05-17 09:10:06,537 [grpc-default-executor-10] INFO  leader.FollowerInfo (FollowerInfoImpl.java:lambda$new$0(52)) - 4ea9b805-d843-4364-8f91-0c3c20e3ed71@group-E694C42C06C7->f1b6f36b-e7af-48b8-b739-38f78676889c: decreaseNextIndex nextIndex: updateUnconditionally 133 -> 132
2023-05-17 09:10:06,541 [grpc-default-executor-10] WARN  server.GrpcLogAppender (LogUtils.java:warn(122)) - 4ea9b805-d843-4364-8f91-0c3c20e3ed71@group-E694C42C06C7->f1b6f36b-e7af-48b8-b739-38f78676889c-AppendLogResponseHandler: Failed appendEntries: org.apache.ratis.thirdparty.io.grpc.StatusRuntimeException: UNAVAILABLE: io exception
2023-05-17 09:10:06,541 [grpc-default-executor-10] INFO  leader.FollowerInfo (FollowerInfoImpl.java:lambda$new$0(52)) - 4ea9b805-d843-4364-8f91-0c3c20e3ed71@group-E694C42C06C7->f1b6f36b-e7af-48b8-b739-38f78676889c: decreaseNextIndex nextIndex: updateUnconditionally 132 -> 131
2023-05-17 09:10:06,543 [grpc-default-executor-10] WARN  server.GrpcLogAppender (LogUtils.java:warn(122)) - 4ea9b805-d843-4364-8f91-0c3c20e3ed71@group-E694C42C06C7->f1b6f36b-e7af-48b8-b739-38f78676889c-AppendLogResponseHandler: Failed appendEntries: org.apache.ratis.thirdparty.io.grpc.StatusRuntimeException: UNAVAILABLE: io exception
2023-05-17 09:10:06,544 [grpc-default-executor-10] INFO  leader.FollowerInfo (FollowerInfoImpl.java:lambda$new$0(52)) - 4ea9b805-d843-4364-8f91-0c3c20e3ed71@group-E694C42C06C7->f1b6f36b-e7af-48b8-b739-38f78676889c: decreaseNextIndex nextIndex: updateUnconditionally 132 -> 131
2023-05-17 09:10:06,544 [grpc-default-executor-13] WARN  server.GrpcLogAppender (LogUtils.java:warn(122)) - 4ea9b805-d843-4364-8f91-0c3c20e3ed71@group-E694C42C06C7->f1b6f36b-e7af-48b8-b739-38f78676889c-AppendLogResponseHandler: Failed appendEntries: org.apache.ratis.thirdparty.io.grpc.StatusRuntimeException: UNAVAILABLE: io exception
2023-05-17 09:10:06,544 [grpc-default-executor-13] INFO  leader.FollowerInfo (FollowerInfoImpl.java:lambda$new$0(52)) - 4ea9b805-d843-4364-8f91-0c3c20e3ed71@group-E694C42C06C7->f1b6f36b-e7af-48b8-b739-38f78676889c: decreaseNextIndex nextIndex: updateUnconditionally 131 -> 130
2023-05-17 09:10:06,548 [grpc-default-executor-13] WARN  server.GrpcLogAppender (LogUtils.java:warn(122)) - 4ea9b805-d843-4364-8f91-0c3c20e3ed71@group-E694C42C06C7->f1b6f36b-e7af-48b8-b739-38f78676889c-AppendLogResponseHandler: Failed appendEntries: org.apache.ratis.thirdparty.io.grpc.StatusRuntimeException: UNAVAILABLE: io exception
2023-05-17 09:10:06,548 [grpc-default-executor-13] INFO  leader.FollowerInfo (FollowerInfoImpl.java:lambda$new$0(52)) - 4ea9b805-d843-4364-8f91-0c3c20e3ed71@group-E694C42C06C7->f1b6f36b-e7af-48b8-b739-38f78676889c: decreaseNextIndex nextIndex: updateUnconditionally 131 -> 130
2023-05-17 09:10:06,548 [grpc-default-executor-10] WARN  server.GrpcLogAppender (LogUtils.java:warn(122)) - 4ea9b805-d843-4364-8f91-0c3c20e3ed71@group-E694C42C06C7->f1b6f36b-e7af-48b8-b739-38f78676889c-AppendLogResponseHandler: Failed appendEntries: org.apache.ratis.thirdparty.io.grpc.StatusRuntimeException: UNAVAILABLE: io exception
2023-05-17 09:10:06,548 [grpc-default-executor-10] INFO  leader.FollowerInfo (FollowerInfoImpl.java:lambda$new$0(52)) - 4ea9b805-d843-4364-8f91-0c3c20e3ed71@group-E694C42C06C7->f1b6f36b-e7af-48b8-b739-38f78676889c: decreaseNextIndex nextIndex: updateUnconditionally 130 -> 129
2023-05-17 09:10:06,634 [5b9af961-56be-4fa8-844e-3cefe1429416-impl-thread3] INFO  segmented.SegmentedRaftLogWorker (SegmentedRaftLogWorker.java:close(252)) - 5b9af961-56be-4fa8-844e-3cefe1429416@group-9A9143D8A2C4-SegmentedRaftLogWorker close()
2023-05-17 09:10:06,638 [JvmPauseMonitor8] INFO  util.JvmPauseMonitor (JvmPauseMonitor.java:run(109)) - JvmPauseMonitor-5b9af961-56be-4fa8-844e-3cefe1429416: Stopped
2023-05-17 09:10:06,694 [f1b6f36b-e7af-48b8-b739-38f78676889c-impl-thread2] INFO  segmented.SegmentedRaftLogWorker (SegmentedRaftLogWorker.java:close(252)) - f1b6f36b-e7af-48b8-b739-38f78676889c@group-B9930BA1EF93-SegmentedRaftLogWorker close()
2023-05-17 09:10:06,697 [JvmPauseMonitor11] INFO  util.JvmPauseMonitor (JvmPauseMonitor.java:run(109)) - JvmPauseMonitor-f1b6f36b-e7af-48b8-b739-38f78676889c: Stopped
2023-05-17 09:10:06,751 [b2b5d537-374d-472d-b9f1-d9543cb70a6b-impl-thread4] INFO  segmented.SegmentedRaftLogWorker (SegmentedRaftLogWorker.java:close(252)) - b2b5d537-374d-472d-b9f1-d9543cb70a6b@group-2EE872F2B0F0-SegmentedRaftLogWorker close()
2023-05-17 09:10:06,755 [JvmPauseMonitor6] INFO  util.JvmPauseMonitor (JvmPauseMonitor.java:run(109)) - JvmPauseMonitor-b2b5d537-374d-472d-b9f1-d9543cb70a6b: Stopped
2023-05-17 09:10:06,781 [grpc-default-executor-13] WARN  server.GrpcLogAppender (LogUtils.java:warn(122)) - bcbacd9a-ca93-42dd-bb1e-f9c21d91cd60@group-A7669F4B16A5->5b9af961-56be-4fa8-844e-3cefe1429416-AppendLogResponseHandler: Failed appendEntries: org.apache.ratis.thirdparty.io.grpc.StatusRuntimeException: UNAVAILABLE: io exception
2023-05-17 09:10:06,781 [grpc-default-executor-13] INFO  leader.FollowerInfo (FollowerInfoImpl.java:lambda$new$0(52)) - bcbacd9a-ca93-42dd-bb1e-f9c21d91cd60@group-A7669F4B16A5->5b9af961-56be-4fa8-844e-3cefe1429416: decreaseNextIndex nextIndex: updateUnconditionally 167 -> 166
2023-05-17 09:10:06,782 [grpc-default-executor-14] WARN  server.GrpcLogAppender (LogUtils.java:warn(122)) - a82ad0ea-641b-4ac2-b933-a1a26b5fe742@group-6A381084A931->f1b6f36b-e7af-48b8-b739-38f78676889c-AppendLogResponseHandler: Failed appendEntries: org.apache.ratis.thirdparty.io.grpc.StatusRuntimeException: UNAVAILABLE: io exception
2023-05-17 09:10:06,783 [grpc-default-executor-11] WARN  server.GrpcLogAppender (LogUtils.java:warn(122)) - a82ad0ea-641b-4ac2-b933-a1a26b5fe742@group-6A381084A931->f1b6f36b-e7af-48b8-b739-38f78676889c-AppendLogResponseHandler: Failed appendEntries: org.apache.ratis.thirdparty.io.grpc.StatusRuntimeException: UNAVAILABLE: io exception
2023-05-17 09:10:06,783 [grpc-default-executor-10] WARN  server.GrpcLogAppender (LogUtils.java:warn(122)) - bcbacd9a-ca93-42dd-bb1e-f9c21d91cd60@group-A7669F4B16A5->5b9af961-56be-4fa8-844e-3cefe1429416-AppendLogResponseHandler: Failed appendEntries: org.apache.ratis.thirdparty.io.grpc.StatusRuntimeException: UNAVAILABLE: io exception
2023-05-17 09:10:06,783 [grpc-default-executor-14] INFO  leader.FollowerInfo (FollowerInfoImpl.java:lambda$new$0(52)) - a82ad0ea-641b-4ac2-b933-a1a26b5fe742@group-6A381084A931->f1b6f36b-e7af-48b8-b739-38f78676889c: decreaseNextIndex nextIndex: updateUnconditionally 181 -> 180
2023-05-17 09:10:06,783 [grpc-default-executor-10] INFO  leader.FollowerInfo (FollowerInfoImpl.java:lambda$new$0(52)) - bcbacd9a-ca93-42dd-bb1e-f9c21d91cd60@group-A7669F4B16A5->5b9af961-56be-4fa8-844e-3cefe1429416: decreaseNextIndex nextIndex: updateUnconditionally 166 -> 165
2023-05-17 09:10:06,783 [grpc-default-executor-11] INFO  leader.FollowerInfo (FollowerInfoImpl.java:lambda$new$0(52)) - a82ad0ea-641b-4ac2-b933-a1a26b5fe742@group-6A381084A931->f1b6f36b-e7af-48b8-b739-38f78676889c: decreaseNextIndex nextIndex: updateUnconditionally 180 -> 179
2023-05-17 09:10:06,792 [grpc-default-executor-11] WARN  server.GrpcLogAppender (LogUtils.java:warn(122)) - a82ad0ea-641b-4ac2-b933-a1a26b5fe742@group-6A381084A931->f1b6f36b-e7af-48b8-b739-38f78676889c-AppendLogResponseHandler: Failed appendEntries: org.apache.ratis.thirdparty.io.grpc.StatusRuntimeException: UNAVAILABLE: io exception
2023-05-17 09:10:06,792 [grpc-default-executor-10] WARN  server.GrpcLogAppender (LogUtils.java:warn(122)) - a82ad0ea-641b-4ac2-b933-a1a26b5fe742@group-6A381084A931->f1b6f36b-e7af-48b8-b739-38f78676889c-AppendLogResponseHandler: Failed appendEntries: org.apache.ratis.thirdparty.io.grpc.StatusRuntimeException: UNAVAILABLE: io exception
2023-05-17 09:10:06,793 [grpc-default-executor-11] INFO  leader.FollowerInfo (FollowerInfoImpl.java:lambda$new$0(52)) - a82ad0ea-641b-4ac2-b933-a1a26b5fe742@group-6A381084A931->f1b6f36b-e7af-48b8-b739-38f78676889c: decreaseNextIndex nextIndex: updateUnconditionally 180 -> 179
2023-05-17 09:10:06,793 [grpc-default-executor-10] INFO  leader.FollowerInfo (FollowerInfoImpl.java:lambda$new$0(52)) - a82ad0ea-641b-4ac2-b933-a1a26b5fe742@group-6A381084A931->f1b6f36b-e7af-48b8-b739-38f78676889c: decreaseNextIndex nextIndex: updateUnconditionally 179 -> 178
2023-05-17 09:10:06,793 [grpc-default-executor-10] WARN  server.GrpcLogAppender (LogUtils.java:warn(122)) - bcbacd9a-ca93-42dd-bb1e-f9c21d91cd60@group-A7669F4B16A5->5b9af961-56be-4fa8-844e-3cefe1429416-AppendLogResponseHandler: Failed appendEntries: org.apache.ratis.thirdparty.io.grpc.StatusRuntimeException: UNAVAILABLE: io exception
2023-05-17 09:10:06,794 [grpc-default-executor-10] INFO  leader.FollowerInfo (FollowerInfoImpl.java:lambda$new$0(52)) - bcbacd9a-ca93-42dd-bb1e-f9c21d91cd60@group-A7669F4B16A5->5b9af961-56be-4fa8-844e-3cefe1429416: decreaseNextIndex nextIndex: updateUnconditionally 166 -> 165
2023-05-17 09:10:06,794 [grpc-default-executor-11] WARN  server.GrpcLogAppender (LogUtils.java:warn(122)) - bcbacd9a-ca93-42dd-bb1e-f9c21d91cd60@group-A7669F4B16A5->5b9af961-56be-4fa8-844e-3cefe1429416-AppendLogResponseHandler: Failed appendEntries: org.apache.ratis.thirdparty.io.grpc.StatusRuntimeException: UNAVAILABLE: io exception
2023-05-17 09:10:06,794 [grpc-default-executor-11] INFO  leader.FollowerInfo (FollowerInfoImpl.java:lambda$new$0(52)) - bcbacd9a-ca93-42dd-bb1e-f9c21d91cd60@group-A7669F4B16A5->5b9af961-56be-4fa8-844e-3cefe1429416: decreaseNextIndex nextIndex: updateUnconditionally 165 -> 164
2023-05-17 09:10:07,221 [grpc-default-executor-11] WARN  server.GrpcLogAppender (LogUtils.java:warn(122)) - 8889e818-58f8-49f9-ac5f-461eb7b79d1e@group-1563067D893C->67f04e2a-34cd-4ea0-b74b-c8cb5d6f4ea5-AppendLogResponseHandler: Failed appendEntries: org.apache.ratis.thirdparty.io.grpc.StatusRuntimeException: UNAVAILABLE: io exception
2023-05-17 09:10:07,221 [grpc-default-executor-10] WARN  server.GrpcLogAppender (LogUtils.java:warn(122)) - 8889e818-58f8-49f9-ac5f-461eb7b79d1e@group-1563067D893C->67f04e2a-34cd-4ea0-b74b-c8cb5d6f4ea5-AppendLogResponseHandler: Failed appendEntries: org.apache.ratis.thirdparty.io.grpc.StatusRuntimeException: UNAVAILABLE: io exception
2023-05-17 09:10:07,222 [grpc-default-executor-11] INFO  leader.FollowerInfo (FollowerInfoImpl.java:lambda$new$0(52)) - 8889e818-58f8-49f9-ac5f-461eb7b79d1e@group-1563067D893C->67f04e2a-34cd-4ea0-b74b-c8cb5d6f4ea5: decreaseNextIndex nextIndex: updateUnconditionally 142 -> 141
2023-05-17 09:10:07,222 [grpc-default-executor-10] INFO  leader.FollowerInfo (FollowerInfoImpl.java:lambda$new$0(52)) - 8889e818-58f8-49f9-ac5f-461eb7b79d1e@group-1563067D893C->67f04e2a-34cd-4ea0-b74b-c8cb5d6f4ea5: decreaseNextIndex nextIndex: updateUnconditionally 141 -> 140
2023-05-17 09:10:07,231 [grpc-default-executor-10] WARN  server.GrpcLogAppender (LogUtils.java:warn(122)) - 8889e818-58f8-49f9-ac5f-461eb7b79d1e@group-1563067D893C->67f04e2a-34cd-4ea0-b74b-c8cb5d6f4ea5-AppendLogResponseHandler: Failed appendEntries: org.apache.ratis.thirdparty.io.grpc.StatusRuntimeException: UNAVAILABLE: io exception
2023-05-17 09:10:07,232 [grpc-default-executor-10] INFO  leader.FollowerInfo (FollowerInfoImpl.java:lambda$new$0(52)) - 8889e818-58f8-49f9-ac5f-461eb7b79d1e@group-1563067D893C->67f04e2a-34cd-4ea0-b74b-c8cb5d6f4ea5: decreaseNextIndex nextIndex: updateUnconditionally 141 -> 140
2023-05-17 09:10:07,233 [grpc-default-executor-11] WARN  server.GrpcLogAppender (LogUtils.java:warn(122)) - 8889e818-58f8-49f9-ac5f-461eb7b79d1e@group-1563067D893C->67f04e2a-34cd-4ea0-b74b-c8cb5d6f4ea5-AppendLogResponseHandler: Failed appendEntries: org.apache.ratis.thirdparty.io.grpc.StatusRuntimeException: UNAVAILABLE: io exception
2023-05-17 09:10:07,234 [grpc-default-executor-11] INFO  leader.FollowerInfo (FollowerInfoImpl.java:lambda$new$0(52)) - 8889e818-58f8-49f9-ac5f-461eb7b79d1e@group-1563067D893C->67f04e2a-34cd-4ea0-b74b-c8cb5d6f4ea5: decreaseNextIndex nextIndex: updateUnconditionally 140 -> 139
2023-05-17 09:10:07,501 [grpc-default-executor-14] WARN  server.GrpcLogAppender (LogUtils.java:warn(122)) - b98521b2-5644-4aab-8244-d2e66a88cd45@group-2EE872F2B0F0->57ed5fd8-a62b-44c8-9c66-83b6d5ca8b16-AppendLogResponseHandler: Failed appendEntries: org.apache.ratis.thirdparty.io.grpc.StatusRuntimeException: UNAVAILABLE: io exception
2023-05-17 09:10:07,501 [grpc-default-executor-13] WARN  server.GrpcLogAppender (LogUtils.java:warn(122)) - b98521b2-5644-4aab-8244-d2e66a88cd45@group-2EE872F2B0F0->57ed5fd8-a62b-44c8-9c66-83b6d5ca8b16-AppendLogResponseHandler: Failed appendEntries: org.apache.ratis.thirdparty.io.grpc.StatusRuntimeException: UNAVAILABLE: io exception
2023-05-17 09:10:07,501 [grpc-default-executor-10] WARN  server.GrpcLogAppender (LogUtils.java:warn(122)) - b98521b2-5644-4aab-8244-d2e66a88cd45@group-2EE872F2B0F0->b2b5d537-374d-472d-b9f1-d9543cb70a6b-AppendLogResponseHandler: Failed appendEntries: org.apache.ratis.thirdparty.io.grpc.StatusRuntimeException: UNAVAILABLE: io exception
2023-05-17 09:10:07,502 [grpc-default-executor-14] INFO  leader.FollowerInfo (FollowerInfoImpl.java:lambda$new$0(52)) - b98521b2-5644-4aab-8244-d2e66a88cd45@group-2EE872F2B0F0->57ed5fd8-a62b-44c8-9c66-83b6d5ca8b16: decreaseNextIndex nextIndex: updateUnconditionally 214 -> 213
2023-05-17 09:10:07,502 [grpc-default-executor-11] WARN  server.GrpcLogAppender (LogUtils.java:warn(122)) - b98521b2-5644-4aab-8244-d2e66a88cd45@group-2EE872F2B0F0->b2b5d537-374d-472d-b9f1-d9543cb70a6b-AppendLogResponseHandler: Failed appendEntries: org.apache.ratis.thirdparty.io.grpc.StatusRuntimeException: UNAVAILABLE: io exception
2023-05-17 09:10:07,502 [grpc-default-executor-10] INFO  leader.FollowerInfo (FollowerInfoImpl.java:lambda$new$0(52)) - b98521b2-5644-4aab-8244-d2e66a88cd45@group-2EE872F2B0F0->b2b5d537-374d-472d-b9f1-d9543cb70a6b: decreaseNextIndex nextIndex: updateUnconditionally 214 -> 213
2023-05-17 09:10:07,502 [grpc-default-executor-13] INFO  leader.FollowerInfo (FollowerInfoImpl.java:lambda$new$0(52)) - b98521b2-5644-4aab-8244-d2e66a88cd45@group-2EE872F2B0F0->57ed5fd8-a62b-44c8-9c66-83b6d5ca8b16: decreaseNextIndex nextIndex: updateUnconditionally 213 -> 212
2023-05-17 09:10:07,503 [grpc-default-executor-11] INFO  leader.FollowerInfo (FollowerInfoImpl.java:lambda$new$0(52)) - b98521b2-5644-4aab-8244-d2e66a88cd45@group-2EE872F2B0F0->b2b5d537-374d-472d-b9f1-d9543cb70a6b: decreaseNextIndex nextIndex: updateUnconditionally 213 -> 212
2023-05-17 09:10:07,511 [grpc-default-executor-11] WARN  server.GrpcLogAppender (LogUtils.java:warn(122)) - b98521b2-5644-4aab-8244-d2e66a88cd45@group-2EE872F2B0F0->b2b5d537-374d-472d-b9f1-d9543cb70a6b-AppendLogResponseHandler: Failed appendEntries: org.apache.ratis.thirdparty.io.grpc.StatusRuntimeException: UNAVAILABLE: io exception
2023-05-17 09:10:07,511 [grpc-default-executor-13] WARN  server.GrpcLogAppender (LogUtils.java:warn(122)) - b98521b2-5644-4aab-8244-d2e66a88cd45@group-2EE872F2B0F0->57ed5fd8-a62b-44c8-9c66-83b6d5ca8b16-AppendLogResponseHandler: Failed appendEntries: org.apache.ratis.thirdparty.io.grpc.StatusRuntimeException: UNAVAILABLE: io exception
2023-05-17 09:10:07,511 [grpc-default-executor-10] WARN  server.GrpcLogAppender (LogUtils.java:warn(122)) - b98521b2-5644-4aab-8244-d2e66a88cd45@group-2EE872F2B0F0->57ed5fd8-a62b-44c8-9c66-83b6d5ca8b16-AppendLogResponseHandler: Failed appendEntries: org.apache.ratis.thirdparty.io.grpc.StatusRuntimeException: UNAVAILABLE: io exception
2023-05-17 09:10:07,512 [grpc-default-executor-13] INFO  leader.FollowerInfo (FollowerInfoImpl.java:lambda$new$0(52)) - b98521b2-5644-4aab-8244-d2e66a88cd45@group-2EE872F2B0F0->57ed5fd8-a62b-44c8-9c66-83b6d5ca8b16: decreaseNextIndex nextIndex: updateUnconditionally 213 -> 212
2023-05-17 09:10:07,512 [grpc-default-executor-14] WARN  server.GrpcLogAppender (LogUtils.java:warn(122)) - b98521b2-5644-4aab-8244-d2e66a88cd45@group-2EE872F2B0F0->b2b5d537-374d-472d-b9f1-d9543cb70a6b-AppendLogResponseHandler: Failed appendEntries: org.apache.ratis.thirdparty.io.grpc.StatusRuntimeException: UNAVAILABLE: io exception
2023-05-17 09:10:07,512 [grpc-default-executor-11] INFO  leader.FollowerInfo (FollowerInfoImpl.java:lambda$new$0(52)) - b98521b2-5644-4aab-8244-d2e66a88cd45@group-2EE872F2B0F0->b2b5d537-374d-472d-b9f1-d9543cb70a6b: decreaseNextIndex nextIndex: updateUnconditionally 213 -> 212
2023-05-17 09:10:07,512 [grpc-default-executor-14] INFO  leader.FollowerInfo (FollowerInfoImpl.java:lambda$new$0(52)) - b98521b2-5644-4aab-8244-d2e66a88cd45@group-2EE872F2B0F0->b2b5d537-374d-472d-b9f1-d9543cb70a6b: decreaseNextIndex nextIndex: updateUnconditionally 212 -> 211
2023-05-17 09:10:07,512 [grpc-default-executor-10] INFO  leader.FollowerInfo (FollowerInfoImpl.java:lambda$new$0(52)) - b98521b2-5644-4aab-8244-d2e66a88cd45@group-2EE872F2B0F0->57ed5fd8-a62b-44c8-9c66-83b6d5ca8b16: decreaseNextIndex nextIndex: updateUnconditionally 212 -> 211
2023-05-17 09:10:07,541 [grpc-default-executor-10] WARN  server.GrpcLogAppender (LogUtils.java:warn(122)) - b2525f4f-bdf5-4dd0-b826-cbccdc8ecebe@group-C26195CFC82B->67f04e2a-34cd-4ea0-b74b-c8cb5d6f4ea5-AppendLogResponseHandler: Failed appendEntries: org.apache.ratis.thirdparty.io.grpc.StatusRuntimeException: UNAVAILABLE: io exception
2023-05-17 09:10:07,541 [grpc-default-executor-14] WARN  server.GrpcLogAppender (LogUtils.java:warn(122)) - b2525f4f-bdf5-4dd0-b826-cbccdc8ecebe@group-C26195CFC82B->67f04e2a-34cd-4ea0-b74b-c8cb5d6f4ea5-AppendLogResponseHandler: Failed appendEntries: org.apache.ratis.thirdparty.io.grpc.StatusRuntimeException: UNAVAILABLE: io exception
2023-05-17 09:10:07,542 [grpc-default-executor-10] INFO  leader.FollowerInfo (FollowerInfoImpl.java:lambda$new$0(52)) - b2525f4f-bdf5-4dd0-b826-cbccdc8ecebe@group-C26195CFC82B->67f04e2a-34cd-4ea0-b74b-c8cb5d6f4ea5: decreaseNextIndex nextIndex: updateUnconditionally 190 -> 189
2023-05-17 09:10:07,542 [grpc-default-executor-14] INFO  leader.FollowerInfo (FollowerInfoImpl.java:lambda$new$0(52)) - b2525f4f-bdf5-4dd0-b826-cbccdc8ecebe@group-C26195CFC82B->67f04e2a-34cd-4ea0-b74b-c8cb5d6f4ea5: decreaseNextIndex nextIndex: updateUnconditionally 189 -> 188
2023-05-17 09:10:07,551 [grpc-default-executor-14] WARN  server.GrpcLogAppender (LogUtils.java:warn(122)) - b2525f4f-bdf5-4dd0-b826-cbccdc8ecebe@group-C26195CFC82B->67f04e2a-34cd-4ea0-b74b-c8cb5d6f4ea5-AppendLogResponseHandler: Failed appendEntries: org.apache.ratis.thirdparty.io.grpc.StatusRuntimeException: UNAVAILABLE: io exception
2023-05-17 09:10:07,551 [grpc-default-executor-14] INFO  leader.FollowerInfo (FollowerInfoImpl.java:lambda$new$0(52)) - b2525f4f-bdf5-4dd0-b826-cbccdc8ecebe@group-C26195CFC82B->67f04e2a-34cd-4ea0-b74b-c8cb5d6f4ea5: decreaseNextIndex nextIndex: updateUnconditionally 189 -> 188
2023-05-17 09:10:07,552 [grpc-default-executor-10] WARN  server.GrpcLogAppender (LogUtils.java:warn(122)) - b2525f4f-bdf5-4dd0-b826-cbccdc8ecebe@group-C26195CFC82B->67f04e2a-34cd-4ea0-b74b-c8cb5d6f4ea5-AppendLogResponseHandler: Failed appendEntries: org.apache.ratis.thirdparty.io.grpc.StatusRuntimeException: UNAVAILABLE: io exception
2023-05-17 09:10:07,552 [grpc-default-executor-10] INFO  leader.FollowerInfo (FollowerInfoImpl.java:lambda$new$0(52)) - b2525f4f-bdf5-4dd0-b826-cbccdc8ecebe@group-C26195CFC82B->67f04e2a-34cd-4ea0-b74b-c8cb5d6f4ea5: decreaseNextIndex nextIndex: updateUnconditionally 188 -> 187
2023-05-17 09:10:07,651 [grpc-default-executor-10] WARN  server.GrpcLogAppender (LogUtils.java:warn(122)) - 5b9fa8c3-08c3-43f9-b175-3119fbbe3900@group-F19CF75F4C85->5b9af961-56be-4fa8-844e-3cefe1429416-AppendLogResponseHandler: Failed appendEntries: org.apache.ratis.thirdparty.io.grpc.StatusRuntimeException: UNAVAILABLE: io exception
2023-05-17 09:10:07,651 [grpc-default-executor-14] WARN  server.GrpcLogAppender (LogUtils.java:warn(122)) - 5b9fa8c3-08c3-43f9-b175-3119fbbe3900@group-F19CF75F4C85->5b9af961-56be-4fa8-844e-3cefe1429416-AppendLogResponseHandler: Failed appendEntries: org.apache.ratis.thirdparty.io.grpc.StatusRuntimeException: UNAVAILABLE: io exception
2023-05-17 09:10:07,652 [grpc-default-executor-10] INFO  leader.FollowerInfo (FollowerInfoImpl.java:lambda$new$0(52)) - 5b9fa8c3-08c3-43f9-b175-3119fbbe3900@group-F19CF75F4C85->5b9af961-56be-4fa8-844e-3cefe1429416: decreaseNextIndex nextIndex: updateUnconditionally 244 -> 243
2023-05-17 09:10:07,653 [grpc-default-executor-14] INFO  leader.FollowerInfo (FollowerInfoImpl.java:lambda$new$0(52)) - 5b9fa8c3-08c3-43f9-b175-3119fbbe3900@group-F19CF75F4C85->5b9af961-56be-4fa8-844e-3cefe1429416: decreaseNextIndex nextIndex: updateUnconditionally 243 -> 242
2023-05-17 09:10:07,663 [grpc-default-executor-14] WARN  server.GrpcLogAppender (LogUtils.java:warn(122)) - 5b9fa8c3-08c3-43f9-b175-3119fbbe3900@group-F19CF75F4C85->5b9af961-56be-4fa8-844e-3cefe1429416-AppendLogResponseHandler: Failed appendEntries: org.apache.ratis.thirdparty.io.grpc.StatusRuntimeException: UNAVAILABLE: io exception
2023-05-17 09:10:07,663 [grpc-default-executor-10] WARN  server.GrpcLogAppender (LogUtils.java:warn(122)) - 5b9fa8c3-08c3-43f9-b175-3119fbbe3900@group-F19CF75F4C85->5b9af961-56be-4fa8-844e-3cefe1429416-AppendLogResponseHandler: Failed appendEntries: org.apache.ratis.thirdparty.io.grpc.StatusRuntimeException: UNAVAILABLE: io exception
2023-05-17 09:10:07,664 [grpc-default-executor-14] INFO  leader.FollowerInfo (FollowerInfoImpl.java:lambda$new$0(52)) - 5b9fa8c3-08c3-43f9-b175-3119fbbe3900@group-F19CF75F4C85->5b9af961-56be-4fa8-844e-3cefe1429416: decreaseNextIndex nextIndex: updateUnconditionally 243 -> 242
2023-05-17 09:10:07,664 [grpc-default-executor-10] INFO  leader.FollowerInfo (FollowerInfoImpl.java:lambda$new$0(52)) - 5b9fa8c3-08c3-43f9-b175-3119fbbe3900@group-F19CF75F4C85->5b9af961-56be-4fa8-844e-3cefe1429416: decreaseNextIndex nextIndex: updateUnconditionally 242 -> 241
2023-05-17 09:10:07,787 [grpc-default-executor-10] WARN  server.GrpcLogAppender (LogUtils.java:warn(122)) - 4ea9b805-d843-4364-8f91-0c3c20e3ed71@group-E694C42C06C7->f1b6f36b-e7af-48b8-b739-38f78676889c-AppendLogResponseHandler: Failed appendEntries: org.apache.ratis.thirdparty.io.grpc.StatusRuntimeException: UNAVAILABLE: io exception
2023-05-17 09:10:07,787 [grpc-default-executor-14] WARN  server.GrpcLogAppender (LogUtils.java:warn(122)) - 4ea9b805-d843-4364-8f91-0c3c20e3ed71@group-E694C42C06C7->f1b6f36b-e7af-48b8-b739-38f78676889c-AppendLogResponseHandler: Failed appendEntries: org.apache.ratis.thirdparty.io.grpc.StatusRuntimeException: UNAVAILABLE: io exception
2023-05-17 09:10:07,788 [grpc-default-executor-10] INFO  leader.FollowerInfo (FollowerInfoImpl.java:lambda$new$0(52)) - 4ea9b805-d843-4364-8f91-0c3c20e3ed71@group-E694C42C06C7->f1b6f36b-e7af-48b8-b739-38f78676889c: decreaseNextIndex nextIndex: updateUnconditionally 129 -> 128
2023-05-17 09:10:07,789 [grpc-default-executor-14] INFO  leader.FollowerInfo (FollowerInfoImpl.java:lambda$new$0(52)) - 4ea9b805-d843-4364-8f91-0c3c20e3ed71@group-E694C42C06C7->f1b6f36b-e7af-48b8-b739-38f78676889c: decreaseNextIndex nextIndex: updateUnconditionally 128 -> 127
2023-05-17 09:10:07,797 [grpc-default-executor-14] WARN  server.GrpcLogAppender (LogUtils.java:warn(122)) - 4ea9b805-d843-4364-8f91-0c3c20e3ed71@group-E694C42C06C7->f1b6f36b-e7af-48b8-b739-38f78676889c-AppendLogResponseHandler: Failed appendEntries: org.apache.ratis.thirdparty.io.grpc.StatusRuntimeException: UNAVAILABLE: io exception
2023-05-17 09:10:07,798 [grpc-default-executor-14] INFO  leader.FollowerInfo (FollowerInfoImpl.java:lambda$new$0(52)) - 4ea9b805-d843-4364-8f91-0c3c20e3ed71@group-E694C42C06C7->f1b6f36b-e7af-48b8-b739-38f78676889c: decreaseNextIndex nextIndex: updateUnconditionally 128 -> 127
2023-05-17 09:10:07,799 [grpc-default-executor-10] WARN  server.GrpcLogAppender (LogUtils.java:warn(122)) - 4ea9b805-d843-4364-8f91-0c3c20e3ed71@group-E694C42C06C7->f1b6f36b-e7af-48b8-b739-38f78676889c-AppendLogResponseHandler: Failed appendEntries: org.apache.ratis.thirdparty.io.grpc.StatusRuntimeException: UNAVAILABLE: io exception
2023-05-17 09:10:07,799 [grpc-default-executor-10] INFO  leader.FollowerInfo (FollowerInfoImpl.java:lambda$new$0(52)) - 4ea9b805-d843-4364-8f91-0c3c20e3ed71@group-E694C42C06C7->f1b6f36b-e7af-48b8-b739-38f78676889c: decreaseNextIndex nextIndex: updateUnconditionally 127 -> 126
2023-05-17 09:10:08,032 [grpc-default-executor-10] WARN  server.GrpcLogAppender (LogUtils.java:warn(122)) - bcbacd9a-ca93-42dd-bb1e-f9c21d91cd60@group-A7669F4B16A5->5b9af961-56be-4fa8-844e-3cefe1429416-AppendLogResponseHandler: Failed appendEntries: org.apache.ratis.thirdparty.io.grpc.StatusRuntimeException: UNAVAILABLE: io exception
2023-05-17 09:10:08,032 [grpc-default-executor-10] INFO  leader.FollowerInfo (FollowerInfoImpl.java:lambda$new$0(52)) - bcbacd9a-ca93-42dd-bb1e-f9c21d91cd60@group-A7669F4B16A5->5b9af961-56be-4fa8-844e-3cefe1429416: decreaseNextIndex nextIndex: updateUnconditionally 164 -> 163
2023-05-17 09:10:08,033 [grpc-default-executor-11] WARN  server.GrpcLogAppender (LogUtils.java:warn(122)) - a82ad0ea-641b-4ac2-b933-a1a26b5fe742@group-6A381084A931->f1b6f36b-e7af-48b8-b739-38f78676889c-AppendLogResponseHandler: Failed appendEntries: org.apache.ratis.thirdparty.io.grpc.StatusRuntimeException: UNAVAILABLE: io exception
2023-05-17 09:10:08,033 [grpc-default-executor-11] INFO  leader.FollowerInfo (FollowerInfoImpl.java:lambda$new$0(52)) - a82ad0ea-641b-4ac2-b933-a1a26b5fe742@group-6A381084A931->f1b6f36b-e7af-48b8-b739-38f78676889c: decreaseNextIndex nextIndex: updateUnconditionally 178 -> 177
2023-05-17 09:10:08,032 [grpc-default-executor-14] WARN  server.GrpcLogAppender (LogUtils.java:warn(122)) - bcbacd9a-ca93-42dd-bb1e-f9c21d91cd60@group-A7669F4B16A5->5b9af961-56be-4fa8-844e-3cefe1429416-AppendLogResponseHandler: Failed appendEntries: org.apache.ratis.thirdparty.io.grpc.StatusRuntimeException: UNAVAILABLE: io exception
2023-05-17 09:10:08,033 [grpc-default-executor-14] INFO  leader.FollowerInfo (FollowerInfoImpl.java:lambda$new$0(52)) - bcbacd9a-ca93-42dd-bb1e-f9c21d91cd60@group-A7669F4B16A5->5b9af961-56be-4fa8-844e-3cefe1429416: decreaseNextIndex nextIndex: updateUnconditionally 163 -> 162
2023-05-17 09:10:08,035 [grpc-default-executor-10] WARN  server.GrpcLogAppender (LogUtils.java:warn(122)) - a82ad0ea-641b-4ac2-b933-a1a26b5fe742@group-6A381084A931->f1b6f36b-e7af-48b8-b739-38f78676889c-AppendLogResponseHandler: Failed appendEntries: org.apache.ratis.thirdparty.io.grpc.StatusRuntimeException: UNAVAILABLE: io exception
2023-05-17 09:10:08,035 [grpc-default-executor-10] INFO  leader.FollowerInfo (FollowerInfoImpl.java:lambda$new$0(52)) - a82ad0ea-641b-4ac2-b933-a1a26b5fe742@group-6A381084A931->f1b6f36b-e7af-48b8-b739-38f78676889c: decreaseNextIndex nextIndex: updateUnconditionally 177 -> 176
2023-05-17 09:10:08,042 [grpc-default-executor-10] WARN  server.GrpcLogAppender (LogUtils.java:warn(122)) - bcbacd9a-ca93-42dd-bb1e-f9c21d91cd60@group-A7669F4B16A5->5b9af961-56be-4fa8-844e-3cefe1429416-AppendLogResponseHandler: Failed appendEntries: org.apache.ratis.thirdparty.io.grpc.StatusRuntimeException: UNAVAILABLE: io exception
2023-05-17 09:10:08,042 [grpc-default-executor-14] WARN  server.GrpcLogAppender (LogUtils.java:warn(122)) - bcbacd9a-ca93-42dd-bb1e-f9c21d91cd60@group-A7669F4B16A5->5b9af961-56be-4fa8-844e-3cefe1429416-AppendLogResponseHandler: Failed appendEntries: org.apache.ratis.thirdparty.io.grpc.StatusRuntimeException: UNAVAILABLE: io exception
2023-05-17 09:10:08,042 [grpc-default-executor-10] INFO  leader.FollowerInfo (FollowerInfoImpl.java:lambda$new$0(52)) - bcbacd9a-ca93-42dd-bb1e-f9c21d91cd60@group-A7669F4B16A5->5b9af961-56be-4fa8-844e-3cefe1429416: decreaseNextIndex nextIndex: updateUnconditionally 163 -> 162
2023-05-17 09:10:08,042 [grpc-default-executor-14] INFO  leader.FollowerInfo (FollowerInfoImpl.java:lambda$new$0(52)) - bcbacd9a-ca93-42dd-bb1e-f9c21d91cd60@group-A7669F4B16A5->5b9af961-56be-4fa8-844e-3cefe1429416: decreaseNextIndex nextIndex: updateUnconditionally 162 -> 161
2023-05-17 09:10:08,043 [grpc-default-executor-14] WARN  server.GrpcLogAppender (LogUtils.java:warn(122)) - a82ad0ea-641b-4ac2-b933-a1a26b5fe742@group-6A381084A931->f1b6f36b-e7af-48b8-b739-38f78676889c-AppendLogResponseHandler: Failed appendEntries: org.apache.ratis.thirdparty.io.grpc.StatusRuntimeException: UNAVAILABLE: io exception
2023-05-17 09:10:08,043 [grpc-default-executor-14] INFO  leader.FollowerInfo (FollowerInfoImpl.java:lambda$new$0(52)) - a82ad0ea-641b-4ac2-b933-a1a26b5fe742@group-6A381084A931->f1b6f36b-e7af-48b8-b739-38f78676889c: decreaseNextIndex nextIndex: updateUnconditionally 177 -> 176
2023-05-17 09:10:08,048 [grpc-default-executor-10] WARN  server.GrpcLogAppender (LogUtils.java:warn(122)) - a82ad0ea-641b-4ac2-b933-a1a26b5fe742@group-6A381084A931->f1b6f36b-e7af-48b8-b739-38f78676889c-AppendLogResponseHandler: Failed appendEntries: org.apache.ratis.thirdparty.io.grpc.StatusRuntimeException: UNAVAILABLE: io exception
2023-05-17 09:10:08,048 [grpc-default-executor-10] INFO  leader.FollowerInfo (FollowerInfoImpl.java:lambda$new$0(52)) - a82ad0ea-641b-4ac2-b933-a1a26b5fe742@group-6A381084A931->f1b6f36b-e7af-48b8-b739-38f78676889c: decreaseNextIndex nextIndex: updateUnconditionally 176 -> 175
2023-05-17 09:10:08,268 [ForkJoinPool.commonPool-worker-1] INFO  utils.DatanodeStoreCache (DatanodeStoreCache.java:shutdownCache(110)) - Skip clearing cache in mini cluster mode. Entries left: [/home/runner/work/ozone/ozone/hadoop-ozone/integration-test/target/test-dir/MiniOzoneClusterImpl-21d14123-a168-44a2-bc0a-ee93e32dcc9b/datanode-0/data-0/containers/hdds/21d14123-a168-44a2-bc0a-ee93e32dcc9b/DS-7615df3b-fd03-44b6-9081-52c05dff015c/container.db, /home/runner/work/ozone/ozone/hadoop-ozone/integration-test/target/test-dir/MiniOzoneClusterImpl-21d14123-a168-44a2-bc0a-ee93e32dcc9b/datanode-1/data-0/containers/hdds/21d14123-a168-44a2-bc0a-ee93e32dcc9b/DS-75573b26-bbc5-41aa-b498-c98da6c079d0/container.db, /home/runner/work/ozone/ozone/hadoop-ozone/integration-test/target/test-dir/MiniOzoneClusterImpl-21d14123-a168-44a2-bc0a-ee93e32dcc9b/datanode-10/data-0/containers/hdds/21d14123-a168-44a2-bc0a-ee93e32dcc9b/DS-233eabbb-a58c-4f05-ba46-cc5ca12d4c84/container.db, /home/runner/work/ozone/ozone/hadoop-ozone/integration-test/target/test-dir/MiniOzoneClusterImpl-21d14123-a168-44a2-bc0a-ee93e32dcc9b/datanode-11/data-0/containers/hdds/21d14123-a168-44a2-bc0a-ee93e32dcc9b/DS-654292e4-cba6-49f8-9303-4f376585f7ba/container.db, /home/runner/work/ozone/ozone/hadoop-ozone/integration-test/target/test-dir/MiniOzoneClusterImpl-21d14123-a168-44a2-bc0a-ee93e32dcc9b/datanode-12/data-0/containers/hdds/21d14123-a168-44a2-bc0a-ee93e32dcc9b/DS-b3c402c5-d221-4291-b208-7a2723ace35e/container.db, /home/runner/work/ozone/ozone/hadoop-ozone/integration-test/target/test-dir/MiniOzoneClusterImpl-21d14123-a168-44a2-bc0a-ee93e32dcc9b/datanode-13/data-0/containers/hdds/21d14123-a168-44a2-bc0a-ee93e32dcc9b/DS-ccdd6bfe-6239-4ba1-ad61-45d66ca46ddd/container.db, /home/runner/work/ozone/ozone/hadoop-ozone/integration-test/target/test-dir/MiniOzoneClusterImpl-21d14123-a168-44a2-bc0a-ee93e32dcc9b/datanode-2/data-0/containers/hdds/21d14123-a168-44a2-bc0a-ee93e32dcc9b/DS-813ee51c-fe06-4b3d-9da0-281f4df98916/container.db, /home/runner/work/ozone/ozone/hadoop-ozone/integration-test/target/test-dir/MiniOzoneClusterImpl-21d14123-a168-44a2-bc0a-ee93e32dcc9b/datanode-3/data-0/containers/hdds/21d14123-a168-44a2-bc0a-ee93e32dcc9b/DS-32c9d5e5-5cc3-4f2f-925e-dcb6da0b4428/container.db, /home/runner/work/ozone/ozone/hadoop-ozone/integration-test/target/test-dir/MiniOzoneClusterImpl-21d14123-a168-44a2-bc0a-ee93e32dcc9b/datanode-4/data-0/containers/hdds/21d14123-a168-44a2-bc0a-ee93e32dcc9b/DS-eb8a5b14-3ceb-4412-bc88-7c7afa5b4695/container.db, /home/runner/work/ozone/ozone/hadoop-ozone/integration-test/target/test-dir/MiniOzoneClusterImpl-21d14123-a168-44a2-bc0a-ee93e32dcc9b/datanode-5/data-0/containers/hdds/21d14123-a168-44a2-bc0a-ee93e32dcc9b/DS-69b7d735-4ef4-4d4a-bf03-5b7828e5017a/container.db, /home/runner/work/ozone/ozone/hadoop-ozone/integration-test/target/test-dir/MiniOzoneClusterImpl-21d14123-a168-44a2-bc0a-ee93e32dcc9b/datanode-6/data-0/containers/hdds/21d14123-a168-44a2-bc0a-ee93e32dcc9b/DS-e6fd543f-4499-4b15-9a4b-898f106d3433/container.db, /home/runner/work/ozone/ozone/hadoop-ozone/integration-test/target/test-dir/MiniOzoneClusterImpl-21d14123-a168-44a2-bc0a-ee93e32dcc9b/datanode-7/data-0/containers/hdds/21d14123-a168-44a2-bc0a-ee93e32dcc9b/DS-0a831935-107a-482b-9101-be815bd1c879/container.db, /home/runner/work/ozone/ozone/hadoop-ozone/integration-test/target/test-dir/MiniOzoneClusterImpl-21d14123-a168-44a2-bc0a-ee93e32dcc9b/datanode-8/data-0/containers/hdds/21d14123-a168-44a2-bc0a-ee93e32dcc9b/DS-e94b1d01-c5b8-4897-95eb-dd43dff24a02/container.db, /home/runner/work/ozone/ozone/hadoop-ozone/integration-test/target/test-dir/MiniOzoneClusterImpl-21d14123-a168-44a2-bc0a-ee93e32dcc9b/datanode-9/data-0/containers/hdds/21d14123-a168-44a2-bc0a-ee93e32dcc9b/DS-60ea85da-57d1-4a0a-ae19-1b89393ebde5/container.db]
2023-05-17 09:10:08,280 [ForkJoinPool.commonPool-worker-1] INFO  utils.DatanodeStoreCache (DatanodeStoreCache.java:removeDB(104)) - Removed db /home/runner/work/ozone/ozone/hadoop-ozone/integration-test/target/test-dir/MiniOzoneClusterImpl-21d14123-a168-44a2-bc0a-ee93e32dcc9b/datanode-3/data-0/containers/hdds/21d14123-a168-44a2-bc0a-ee93e32dcc9b/DS-32c9d5e5-5cc3-4f2f-925e-dcb6da0b4428/container.db from cache
2023-05-17 09:10:08,280 [ForkJoinPool.commonPool-worker-1] INFO  volume.HddsVolume (HddsVolume.java:closeDbStore(437)) - SchemaV3 db is stopped at /home/runner/work/ozone/ozone/hadoop-ozone/integration-test/target/test-dir/MiniOzoneClusterImpl-21d14123-a168-44a2-bc0a-ee93e32dcc9b/datanode-3/data-0/containers/hdds/21d14123-a168-44a2-bc0a-ee93e32dcc9b/DS-32c9d5e5-5cc3-4f2f-925e-dcb6da0b4428/container.db for volume DS-32c9d5e5-5cc3-4f2f-925e-dcb6da0b4428
2023-05-17 09:10:08,281 [ForkJoinPool.commonPool-worker-1] INFO  utils.BackgroundService (BackgroundService.java:shutdown(141)) - Shutting down service BlockDeletingService
2023-05-17 09:10:08,282 [ForkJoinPool.commonPool-worker-1] INFO  utils.BackgroundService (BackgroundService.java:shutdown(141)) - Shutting down service StaleRecoveringContainerScrubbingService
2023-05-17 09:10:08,290 [ForkJoinPool.commonPool-worker-1] INFO  statemachine.DatanodeStateMachine (DatanodeStateMachine.java:stopDaemon(608)) - Ozone container server stopped.
2023-05-17 09:10:08,328 [ForkJoinPool.commonPool-worker-1] INFO  handler.ContextHandler (ContextHandler.java:doStop(1159)) - Stopped o.e.j.w.WebAppContext@44851ef1{hddsDatanode,/,null,STOPPED}{jar:file:/home/runner/.m2/repository/org/apache/ozone/hdds-container-service/1.4.0-SNAPSHOT/hdds-container-service-1.4.0-SNAPSHOT.jar!/webapps/hddsDatanode}
2023-05-17 09:10:08,332 [ForkJoinPool.commonPool-worker-1] INFO  server.AbstractConnector (AbstractConnector.java:doStop(383)) - Stopped ServerConnector@7300db1c{HTTP/1.1, (http/1.1)}{0.0.0.0:15033}
2023-05-17 09:10:08,334 [ForkJoinPool.commonPool-worker-1] INFO  server.session (HouseKeeper.java:stopScavenging(149)) - node0 Stopped scavenging
2023-05-17 09:10:08,338 [ForkJoinPool.commonPool-worker-1] INFO  handler.ContextHandler (ContextHandler.java:doStop(1159)) - Stopped o.e.j.s.ServletContextHandler@7467b8ee{static,/static,jar:file:/home/runner/.m2/repository/org/apache/ozone/hdds-container-service/1.4.0-SNAPSHOT/hdds-container-service-1.4.0-SNAPSHOT.jar!/webapps/static,STOPPED}
2023-05-17 09:10:08,340 [ForkJoinPool.commonPool-worker-1] INFO  handler.ContextHandler (ContextHandler.java:doStop(1159)) - Stopped o.e.j.s.ServletContextHandler@27fc70e2{logs,/logs,file:///home/runner/work/ozone/ozone/hadoop-ozone/integration-test/target/log,STOPPED}
2023-05-17 09:10:08,348 [ForkJoinPool.commonPool-worker-1] INFO  ozoneimpl.OzoneContainer (OzoneContainer.java:stop(419)) - Attempting to stop container services.
2023-05-17 09:10:08,350 [ForkJoinPool.commonPool-worker-1] INFO  server.RaftServer (RaftServerProxy.java:lambda$close$6(416)) - b98521b2-5644-4aab-8244-d2e66a88cd45: close
2023-05-17 09:10:08,351 [b98521b2-5644-4aab-8244-d2e66a88cd45-impl-thread2] INFO  server.RaftServer$Division (RaftServerImpl.java:lambda$close$4(466)) - b98521b2-5644-4aab-8244-d2e66a88cd45@group-CDB51B945669: shutdown
2023-05-17 09:10:08,351 [b98521b2-5644-4aab-8244-d2e66a88cd45-impl-thread2] INFO  util.JmxRegister (JmxRegister.java:unregister(73)) - Successfully un-registered JMX Bean with object name Ratis:service=RaftServer,group=group-CDB51B945669,id=b98521b2-5644-4aab-8244-d2e66a88cd45
2023-05-17 09:10:08,351 [b98521b2-5644-4aab-8244-d2e66a88cd45-impl-thread2] INFO  impl.RoleInfo (RoleInfo.java:shutdownFollowerState(110)) - b98521b2-5644-4aab-8244-d2e66a88cd45: shutdown b98521b2-5644-4aab-8244-d2e66a88cd45@group-CDB51B945669-FollowerState
2023-05-17 09:10:08,353 [b98521b2-5644-4aab-8244-d2e66a88cd45-impl-thread3] INFO  server.RaftServer$Division (RaftServerImpl.java:lambda$close$4(466)) - b98521b2-5644-4aab-8244-d2e66a88cd45@group-A280B7ADF8E8: shutdown
2023-05-17 09:10:08,353 [b98521b2-5644-4aab-8244-d2e66a88cd45@group-CDB51B945669-StateMachineUpdater] INFO  ratis.ContainerStateMachine (ContainerStateMachine.java:takeSnapshot(330)) - group-CDB51B945669: Taking a snapshot at:(t:1, i:169) file /home/runner/work/ozone/ozone/hadoop-ozone/integration-test/target/test-dir/MiniOzoneClusterImpl-21d14123-a168-44a2-bc0a-ee93e32dcc9b/datanode-4/data/ratis/2003f648-4363-4af3-ad53-cdb51b945669/sm/snapshot.1_169
2023-05-17 09:10:08,353 [b98521b2-5644-4aab-8244-d2e66a88cd45-impl-thread4] INFO  server.RaftServer$Division (RaftServerImpl.java:lambda$close$4(466)) - b98521b2-5644-4aab-8244-d2e66a88cd45@group-2EE872F2B0F0: shutdown
2023-05-17 09:10:08,354 [b98521b2-5644-4aab-8244-d2e66a88cd45-impl-thread4] INFO  util.JmxRegister (JmxRegister.java:unregister(73)) - Successfully un-registered JMX Bean with object name Ratis:service=RaftServer,group=group-2EE872F2B0F0,id=b98521b2-5644-4aab-8244-d2e66a88cd45
2023-05-17 09:10:08,354 [b98521b2-5644-4aab-8244-d2e66a88cd45-impl-thread4] INFO  impl.RoleInfo (RoleInfo.java:shutdownLeaderState(93)) - b98521b2-5644-4aab-8244-d2e66a88cd45: shutdown b98521b2-5644-4aab-8244-d2e66a88cd45@group-2EE872F2B0F0-LeaderStateImpl
2023-05-17 09:10:08,353 [b98521b2-5644-4aab-8244-d2e66a88cd45@group-CDB51B945669-FollowerState] INFO  impl.FollowerState (FollowerState.java:run(152)) - b98521b2-5644-4aab-8244-d2e66a88cd45@group-CDB51B945669-FollowerState was interrupted
2023-05-17 09:10:08,354 [b98521b2-5644-4aab-8244-d2e66a88cd45@group-2EE872F2B0F0->b2b5d537-374d-472d-b9f1-d9543cb70a6b-GrpcLogAppender-LogAppenderDaemon] WARN  server.GrpcLogAppender (GrpcLogAppender.java:mayWait(199)) - b98521b2-5644-4aab-8244-d2e66a88cd45@group-2EE872F2B0F0->b2b5d537-374d-472d-b9f1-d9543cb70a6b-GrpcLogAppender: Wait interrupted by java.lang.InterruptedException
2023-05-17 09:10:08,354 [b98521b2-5644-4aab-8244-d2e66a88cd45-impl-thread3] INFO  util.JmxRegister (JmxRegister.java:unregister(73)) - Successfully un-registered JMX Bean with object name Ratis:service=RaftServer,group=group-A280B7ADF8E8,id=b98521b2-5644-4aab-8244-d2e66a88cd45
2023-05-17 09:10:08,353 [b98521b2-5644-4aab-8244-d2e66a88cd45-impl-thread2] INFO  impl.StateMachineUpdater (StateMachineUpdater.java:stopAndJoin(155)) - b98521b2-5644-4aab-8244-d2e66a88cd45@group-CDB51B945669-StateMachineUpdater: set stopIndex = 169
2023-05-17 09:10:08,353 [ForkJoinPool.commonPool-worker-1] INFO  server.GrpcService (GrpcService.java:closeImpl(311)) - b98521b2-5644-4aab-8244-d2e66a88cd45: shutdown server org.apache.ratis.grpc.server.GrpcClientProtocolService now
2023-05-17 09:10:08,354 [b98521b2-5644-4aab-8244-d2e66a88cd45-impl-thread3] INFO  impl.RoleInfo (RoleInfo.java:shutdownLeaderState(93)) - b98521b2-5644-4aab-8244-d2e66a88cd45: shutdown b98521b2-5644-4aab-8244-d2e66a88cd45@group-A280B7ADF8E8-LeaderStateImpl
2023-05-17 09:10:08,356 [b98521b2-5644-4aab-8244-d2e66a88cd45-impl-thread3] INFO  impl.PendingRequests (PendingRequests.java:sendNotLeaderResponses(289)) - b98521b2-5644-4aab-8244-d2e66a88cd45@group-A280B7ADF8E8-PendingRequests: sendNotLeaderResponses
2023-05-17 09:10:08,356 [b98521b2-5644-4aab-8244-d2e66a88cd45@group-2EE872F2B0F0->57ed5fd8-a62b-44c8-9c66-83b6d5ca8b16-GrpcLogAppender-LogAppenderDaemon] WARN  server.GrpcLogAppender (GrpcLogAppender.java:mayWait(199)) - b98521b2-5644-4aab-8244-d2e66a88cd45@group-2EE872F2B0F0->57ed5fd8-a62b-44c8-9c66-83b6d5ca8b16-GrpcLogAppender: Wait interrupted by java.lang.InterruptedException
2023-05-17 09:10:08,356 [b98521b2-5644-4aab-8244-d2e66a88cd45@group-CDB51B945669-StateMachineUpdater] INFO  ratis.ContainerStateMachine (ContainerStateMachine.java:takeSnapshot(341)) - group-CDB51B945669: Finished taking a snapshot at:(t:1, i:169) file:/home/runner/work/ozone/ozone/hadoop-ozone/integration-test/target/test-dir/MiniOzoneClusterImpl-21d14123-a168-44a2-bc0a-ee93e32dcc9b/datanode-4/data/ratis/2003f648-4363-4af3-ad53-cdb51b945669/sm/snapshot.1_169 took: 3 ms
2023-05-17 09:10:08,356 [b98521b2-5644-4aab-8244-d2e66a88cd45-impl-thread4] INFO  impl.PendingRequests (PendingRequests.java:sendNotLeaderResponses(289)) - b98521b2-5644-4aab-8244-d2e66a88cd45@group-2EE872F2B0F0-PendingRequests: sendNotLeaderResponses
2023-05-17 09:10:08,357 [b98521b2-5644-4aab-8244-d2e66a88cd45@group-CDB51B945669-StateMachineUpdater] INFO  impl.StateMachineUpdater (StateMachineUpdater.java:takeSnapshot(291)) - b98521b2-5644-4aab-8244-d2e66a88cd45@group-CDB51B945669-StateMachineUpdater: Took a snapshot at index 169
2023-05-17 09:10:08,357 [b98521b2-5644-4aab-8244-d2e66a88cd45@group-CDB51B945669-StateMachineUpdater] INFO  impl.StateMachineUpdater (StateMachineUpdater.java:lambda$new$0(97)) - b98521b2-5644-4aab-8244-d2e66a88cd45@group-CDB51B945669-StateMachineUpdater: snapshotIndex: updateIncreasingly -1 -> 169
2023-05-17 09:10:08,357 [b98521b2-5644-4aab-8244-d2e66a88cd45-impl-thread4] INFO  impl.StateMachineUpdater (StateMachineUpdater.java:stopAndJoin(155)) - b98521b2-5644-4aab-8244-d2e66a88cd45@group-2EE872F2B0F0-StateMachineUpdater: set stopIndex = 218
2023-05-17 09:10:08,357 [b98521b2-5644-4aab-8244-d2e66a88cd45@group-2EE872F2B0F0-StateMachineUpdater] INFO  ratis.ContainerStateMachine (ContainerStateMachine.java:takeSnapshot(330)) - group-2EE872F2B0F0: Taking a snapshot at:(t:1, i:218) file /home/runner/work/ozone/ozone/hadoop-ozone/integration-test/target/test-dir/MiniOzoneClusterImpl-21d14123-a168-44a2-bc0a-ee93e32dcc9b/datanode-4/data/ratis/aa48e33c-f708-467c-8cb5-2ee872f2b0f0/sm/snapshot.1_218
2023-05-17 09:10:08,357 [Thread-1427] INFO  server.GrpcServerProtocolClient (GrpcServerProtocolClient.java:close(103)) - b2b5d537-374d-472d-b9f1-d9543cb70a6b Close channels
2023-05-17 09:10:08,358 [b98521b2-5644-4aab-8244-d2e66a88cd45@group-2EE872F2B0F0-StateMachineUpdater] INFO  ratis.ContainerStateMachine (ContainerStateMachine.java:takeSnapshot(341)) - group-2EE872F2B0F0: Finished taking a snapshot at:(t:1, i:218) file:/home/runner/work/ozone/ozone/hadoop-ozone/integration-test/target/test-dir/MiniOzoneClusterImpl-21d14123-a168-44a2-bc0a-ee93e32dcc9b/datanode-4/data/ratis/aa48e33c-f708-467c-8cb5-2ee872f2b0f0/sm/snapshot.1_218 took: 1 ms
2023-05-17 09:10:08,358 [b98521b2-5644-4aab-8244-d2e66a88cd45@group-2EE872F2B0F0-StateMachineUpdater] INFO  impl.StateMachineUpdater (StateMachineUpdater.java:takeSnapshot(291)) - b98521b2-5644-4aab-8244-d2e66a88cd45@group-2EE872F2B0F0-StateMachineUpdater: Took a snapshot at index 218
2023-05-17 09:10:08,358 [b98521b2-5644-4aab-8244-d2e66a88cd45@group-2EE872F2B0F0-StateMachineUpdater] INFO  impl.StateMachineUpdater (StateMachineUpdater.java:lambda$new$0(97)) - b98521b2-5644-4aab-8244-d2e66a88cd45@group-2EE872F2B0F0-StateMachineUpdater: snapshotIndex: updateIncreasingly -1 -> 218
2023-05-17 09:10:08,364 [b98521b2-5644-4aab-8244-d2e66a88cd45@group-A280B7ADF8E8-StateMachineUpdater] INFO  ratis.ContainerStateMachine (ContainerStateMachine.java:takeSnapshot(330)) - group-A280B7ADF8E8: Taking a snapshot at:(t:1, i:75) file /home/runner/work/ozone/ozone/hadoop-ozone/integration-test/target/test-dir/MiniOzoneClusterImpl-21d14123-a168-44a2-bc0a-ee93e32dcc9b/datanode-4/data/ratis/d47b2150-c1eb-4d01-a4a9-a280b7adf8e8/sm/snapshot.1_75
2023-05-17 09:10:08,365 [b98521b2-5644-4aab-8244-d2e66a88cd45-impl-thread3] INFO  impl.StateMachineUpdater (StateMachineUpdater.java:stopAndJoin(155)) - b98521b2-5644-4aab-8244-d2e66a88cd45@group-A280B7ADF8E8-StateMachineUpdater: set stopIndex = 75
2023-05-17 09:10:08,365 [b98521b2-5644-4aab-8244-d2e66a88cd45@group-A280B7ADF8E8-StateMachineUpdater] INFO  ratis.ContainerStateMachine (ContainerStateMachine.java:takeSnapshot(341)) - group-A280B7ADF8E8: Finished taking a snapshot at:(t:1, i:75) file:/home/runner/work/ozone/ozone/hadoop-ozone/integration-test/target/test-dir/MiniOzoneClusterImpl-21d14123-a168-44a2-bc0a-ee93e32dcc9b/datanode-4/data/ratis/d47b2150-c1eb-4d01-a4a9-a280b7adf8e8/sm/snapshot.1_75 took: 1 ms
2023-05-17 09:10:08,366 [b98521b2-5644-4aab-8244-d2e66a88cd45@group-A280B7ADF8E8-StateMachineUpdater] INFO  impl.StateMachineUpdater (StateMachineUpdater.java:takeSnapshot(291)) - b98521b2-5644-4aab-8244-d2e66a88cd45@group-A280B7ADF8E8-StateMachineUpdater: Took a snapshot at index 75
2023-05-17 09:10:08,366 [b98521b2-5644-4aab-8244-d2e66a88cd45@group-A280B7ADF8E8-StateMachineUpdater] INFO  impl.StateMachineUpdater (StateMachineUpdater.java:lambda$new$0(97)) - b98521b2-5644-4aab-8244-d2e66a88cd45@group-A280B7ADF8E8-StateMachineUpdater: snapshotIndex: updateIncreasingly -1 -> 75
2023-05-17 09:10:08,366 [b98521b2-5644-4aab-8244-d2e66a88cd45-impl-thread2] INFO  server.RaftServer$Division (ServerState.java:close(472)) - b98521b2-5644-4aab-8244-d2e66a88cd45@group-CDB51B945669: closes. applyIndex: 169
2023-05-17 09:10:08,367 [b98521b2-5644-4aab-8244-d2e66a88cd45-impl-thread4] INFO  server.RaftServer$Division (ServerState.java:close(472)) - b98521b2-5644-4aab-8244-d2e66a88cd45@group-2EE872F2B0F0: closes. applyIndex: 218
2023-05-17 09:10:08,368 [Thread-1429] INFO  server.GrpcServerProtocolClient (GrpcServerProtocolClient.java:close(103)) - 57ed5fd8-a62b-44c8-9c66-83b6d5ca8b16 Close channels
2023-05-17 09:10:08,368 [ForkJoinPool.commonPool-worker-1] INFO  server.GrpcService (GrpcService.java:closeImpl(320)) - b98521b2-5644-4aab-8244-d2e66a88cd45: shutdown server org.apache.ratis.grpc.server.GrpcClientProtocolService successfully
2023-05-17 09:10:08,368 [ForkJoinPool.commonPool-worker-1] INFO  server.GrpcService (GrpcService.java:closeImpl(311)) - b98521b2-5644-4aab-8244-d2e66a88cd45: shutdown server GrpcServerProtocolService now
2023-05-17 09:10:08,369 [b98521b2-5644-4aab-8244-d2e66a88cd45-impl-thread3] INFO  server.RaftServer$Division (ServerState.java:close(472)) - b98521b2-5644-4aab-8244-d2e66a88cd45@group-A280B7ADF8E8: closes. applyIndex: 75
2023-05-17 09:10:08,377 [ForkJoinPool.commonPool-worker-0] INFO  utils.DatanodeStoreCache (DatanodeStoreCache.java:shutdownCache(110)) - Skip clearing cache in mini cluster mode. Entries left: [/home/runner/work/ozone/ozone/hadoop-ozone/integration-test/target/test-dir/MiniOzoneClusterImpl-21d14123-a168-44a2-bc0a-ee93e32dcc9b/datanode-0/data-0/containers/hdds/21d14123-a168-44a2-bc0a-ee93e32dcc9b/DS-7615df3b-fd03-44b6-9081-52c05dff015c/container.db, /home/runner/work/ozone/ozone/hadoop-ozone/integration-test/target/test-dir/MiniOzoneClusterImpl-21d14123-a168-44a2-bc0a-ee93e32dcc9b/datanode-1/data-0/containers/hdds/21d14123-a168-44a2-bc0a-ee93e32dcc9b/DS-75573b26-bbc5-41aa-b498-c98da6c079d0/container.db, /home/runner/work/ozone/ozone/hadoop-ozone/integration-test/target/test-dir/MiniOzoneClusterImpl-21d14123-a168-44a2-bc0a-ee93e32dcc9b/datanode-10/data-0/containers/hdds/21d14123-a168-44a2-bc0a-ee93e32dcc9b/DS-233eabbb-a58c-4f05-ba46-cc5ca12d4c84/container.db, /home/runner/work/ozone/ozone/hadoop-ozone/integration-test/target/test-dir/MiniOzoneClusterImpl-21d14123-a168-44a2-bc0a-ee93e32dcc9b/datanode-11/data-0/containers/hdds/21d14123-a168-44a2-bc0a-ee93e32dcc9b/DS-654292e4-cba6-49f8-9303-4f376585f7ba/container.db, /home/runner/work/ozone/ozone/hadoop-ozone/integration-test/target/test-dir/MiniOzoneClusterImpl-21d14123-a168-44a2-bc0a-ee93e32dcc9b/datanode-12/data-0/containers/hdds/21d14123-a168-44a2-bc0a-ee93e32dcc9b/DS-b3c402c5-d221-4291-b208-7a2723ace35e/container.db, /home/runner/work/ozone/ozone/hadoop-ozone/integration-test/target/test-dir/MiniOzoneClusterImpl-21d14123-a168-44a2-bc0a-ee93e32dcc9b/datanode-13/data-0/containers/hdds/21d14123-a168-44a2-bc0a-ee93e32dcc9b/DS-ccdd6bfe-6239-4ba1-ad61-45d66ca46ddd/container.db, /home/runner/work/ozone/ozone/hadoop-ozone/integration-test/target/test-dir/MiniOzoneClusterImpl-21d14123-a168-44a2-bc0a-ee93e32dcc9b/datanode-2/data-0/containers/hdds/21d14123-a168-44a2-bc0a-ee93e32dcc9b/DS-813ee51c-fe06-4b3d-9da0-281f4df98916/container.db, /home/runner/work/ozone/ozone/hadoop-ozone/integration-test/target/test-dir/MiniOzoneClusterImpl-21d14123-a168-44a2-bc0a-ee93e32dcc9b/datanode-4/data-0/containers/hdds/21d14123-a168-44a2-bc0a-ee93e32dcc9b/DS-eb8a5b14-3ceb-4412-bc88-7c7afa5b4695/container.db, /home/runner/work/ozone/ozone/hadoop-ozone/integration-test/target/test-dir/MiniOzoneClusterImpl-21d14123-a168-44a2-bc0a-ee93e32dcc9b/datanode-5/data-0/containers/hdds/21d14123-a168-44a2-bc0a-ee93e32dcc9b/DS-69b7d735-4ef4-4d4a-bf03-5b7828e5017a/container.db, /home/runner/work/ozone/ozone/hadoop-ozone/integration-test/target/test-dir/MiniOzoneClusterImpl-21d14123-a168-44a2-bc0a-ee93e32dcc9b/datanode-6/data-0/containers/hdds/21d14123-a168-44a2-bc0a-ee93e32dcc9b/DS-e6fd543f-4499-4b15-9a4b-898f106d3433/container.db, /home/runner/work/ozone/ozone/hadoop-ozone/integration-test/target/test-dir/MiniOzoneClusterImpl-21d14123-a168-44a2-bc0a-ee93e32dcc9b/datanode-7/data-0/containers/hdds/21d14123-a168-44a2-bc0a-ee93e32dcc9b/DS-0a831935-107a-482b-9101-be815bd1c879/container.db, /home/runner/work/ozone/ozone/hadoop-ozone/integration-test/target/test-dir/MiniOzoneClusterImpl-21d14123-a168-44a2-bc0a-ee93e32dcc9b/datanode-8/data-0/containers/hdds/21d14123-a168-44a2-bc0a-ee93e32dcc9b/DS-e94b1d01-c5b8-4897-95eb-dd43dff24a02/container.db, /home/runner/work/ozone/ozone/hadoop-ozone/integration-test/target/test-dir/MiniOzoneClusterImpl-21d14123-a168-44a2-bc0a-ee93e32dcc9b/datanode-9/data-0/containers/hdds/21d14123-a168-44a2-bc0a-ee93e32dcc9b/DS-60ea85da-57d1-4a0a-ae19-1b89393ebde5/container.db]
2023-05-17 09:10:08,379 [ForkJoinPool.commonPool-worker-1] INFO  server.GrpcService (GrpcService.java:closeImpl(320)) - b98521b2-5644-4aab-8244-d2e66a88cd45: shutdown server GrpcServerProtocolService successfully
2023-05-17 09:10:08,380 [ForkJoinPool.commonPool-worker-1] INFO  server.GrpcService (GrpcService.java:closeImpl(311)) - b98521b2-5644-4aab-8244-d2e66a88cd45: shutdown server org.apache.ratis.grpc.server.GrpcAdminProtocolService now
2023-05-17 09:10:08,392 [ForkJoinPool.commonPool-worker-1] INFO  server.GrpcService (GrpcService.java:closeImpl(320)) - b98521b2-5644-4aab-8244-d2e66a88cd45: shutdown server org.apache.ratis.grpc.server.GrpcAdminProtocolService successfully
2023-05-17 09:10:08,393 [b98521b2-5644-4aab-8244-d2e66a88cd45-NettyServerStreamRpc-bossGroup--thread1] INFO  logging.LoggingHandler (AbstractInternalLogger.java:log(148)) - [id: 0x09358fd1, L:/0:0:0:0:0:0:0:0:15046] CLOSE
2023-05-17 09:10:08,393 [b98521b2-5644-4aab-8244-d2e66a88cd45-NettyServerStreamRpc-bossGroup--thread1] INFO  logging.LoggingHandler (AbstractInternalLogger.java:log(148)) - [id: 0x09358fd1, L:/0:0:0:0:0:0:0:0:15046] INACTIVE
2023-05-17 09:10:08,393 [b98521b2-5644-4aab-8244-d2e66a88cd45-NettyServerStreamRpc-bossGroup--thread1] INFO  logging.LoggingHandler (AbstractInternalLogger.java:log(148)) - [id: 0x09358fd1, L:/0:0:0:0:0:0:0:0:15046] UNREGISTERED
2023-05-17 09:10:08,418 [ForkJoinPool.commonPool-worker-0] INFO  utils.DatanodeStoreCache (DatanodeStoreCache.java:removeDB(104)) - Removed db /home/runner/work/ozone/ozone/hadoop-ozone/integration-test/target/test-dir/MiniOzoneClusterImpl-21d14123-a168-44a2-bc0a-ee93e32dcc9b/datanode-12/data-0/containers/hdds/21d14123-a168-44a2-bc0a-ee93e32dcc9b/DS-b3c402c5-d221-4291-b208-7a2723ace35e/container.db from cache
2023-05-17 09:10:08,419 [ForkJoinPool.commonPool-worker-0] INFO  volume.HddsVolume (HddsVolume.java:closeDbStore(437)) - SchemaV3 db is stopped at /home/runner/work/ozone/ozone/hadoop-ozone/integration-test/target/test-dir/MiniOzoneClusterImpl-21d14123-a168-44a2-bc0a-ee93e32dcc9b/datanode-12/data-0/containers/hdds/21d14123-a168-44a2-bc0a-ee93e32dcc9b/DS-b3c402c5-d221-4291-b208-7a2723ace35e/container.db for volume DS-b3c402c5-d221-4291-b208-7a2723ace35e
2023-05-17 09:10:08,423 [ForkJoinPool.commonPool-worker-0] INFO  utils.BackgroundService (BackgroundService.java:shutdown(141)) - Shutting down service BlockDeletingService
2023-05-17 09:10:08,423 [ForkJoinPool.commonPool-worker-0] INFO  utils.BackgroundService (BackgroundService.java:shutdown(141)) - Shutting down service StaleRecoveringContainerScrubbingService
2023-05-17 09:10:08,430 [ForkJoinPool.commonPool-worker-0] INFO  statemachine.DatanodeStateMachine (DatanodeStateMachine.java:stopDaemon(608)) - Ozone container server stopped.
2023-05-17 09:10:08,445 [ForkJoinPool.commonPool-worker-0] INFO  handler.ContextHandler (ContextHandler.java:doStop(1159)) - Stopped o.e.j.w.WebAppContext@10a3c1f4{hddsDatanode,/,null,STOPPED}{jar:file:/home/runner/.m2/repository/org/apache/ozone/hdds-container-service/1.4.0-SNAPSHOT/hdds-container-service-1.4.0-SNAPSHOT.jar!/webapps/hddsDatanode}
2023-05-17 09:10:08,449 [ForkJoinPool.commonPool-worker-0] INFO  server.AbstractConnector (AbstractConnector.java:doStop(383)) - Stopped ServerConnector@750aab4d{HTTP/1.1, (http/1.1)}{0.0.0.0:15105}
2023-05-17 09:10:08,449 [ForkJoinPool.commonPool-worker-0] INFO  server.session (HouseKeeper.java:stopScavenging(149)) - node0 Stopped scavenging
2023-05-17 09:10:08,451 [ForkJoinPool.commonPool-worker-0] INFO  handler.ContextHandler (ContextHandler.java:doStop(1159)) - Stopped o.e.j.s.ServletContextHandler@2c6c0165{static,/static,jar:file:/home/runner/.m2/repository/org/apache/ozone/hdds-container-service/1.4.0-SNAPSHOT/hdds-container-service-1.4.0-SNAPSHOT.jar!/webapps/static,STOPPED}
2023-05-17 09:10:08,454 [ForkJoinPool.commonPool-worker-0] INFO  handler.ContextHandler (ContextHandler.java:doStop(1159)) - Stopped o.e.j.s.ServletContextHandler@5fb5faea{logs,/logs,file:///home/runner/work/ozone/ozone/hadoop-ozone/integration-test/target/log,STOPPED}
2023-05-17 09:10:08,464 [ForkJoinPool.commonPool-worker-0] INFO  ozoneimpl.OzoneContainer (OzoneContainer.java:stop(419)) - Attempting to stop container services.
2023-05-17 09:10:08,469 [ForkJoinPool.commonPool-worker-0] INFO  server.RaftServer (RaftServerProxy.java:lambda$close$6(416)) - 5b11b4e3-e601-4d3f-be34-f92c0e1a86f6: close
2023-05-17 09:10:08,472 [grpc-default-executor-10] WARN  server.GrpcLogAppender (LogUtils.java:warn(122)) - 8889e818-58f8-49f9-ac5f-461eb7b79d1e@group-1563067D893C->67f04e2a-34cd-4ea0-b74b-c8cb5d6f4ea5-AppendLogResponseHandler: Failed appendEntries: org.apache.ratis.thirdparty.io.grpc.StatusRuntimeException: UNAVAILABLE: io exception
2023-05-17 09:10:08,472 [grpc-default-executor-10] INFO  leader.FollowerInfo (FollowerInfoImpl.java:lambda$new$0(52)) - 8889e818-58f8-49f9-ac5f-461eb7b79d1e@group-1563067D893C->67f04e2a-34cd-4ea0-b74b-c8cb5d6f4ea5: decreaseNextIndex nextIndex: updateUnconditionally 139 -> 138
2023-05-17 09:10:08,473 [grpc-default-executor-14] WARN  server.GrpcLogAppender (LogUtils.java:warn(122)) - 8889e818-58f8-49f9-ac5f-461eb7b79d1e@group-1563067D893C->67f04e2a-34cd-4ea0-b74b-c8cb5d6f4ea5-AppendLogResponseHandler: Failed appendEntries: org.apache.ratis.thirdparty.io.grpc.StatusRuntimeException: UNAVAILABLE: io exception
2023-05-17 09:10:08,473 [grpc-default-executor-14] INFO  leader.FollowerInfo (FollowerInfoImpl.java:lambda$new$0(52)) - 8889e818-58f8-49f9-ac5f-461eb7b79d1e@group-1563067D893C->67f04e2a-34cd-4ea0-b74b-c8cb5d6f4ea5: decreaseNextIndex nextIndex: updateUnconditionally 138 -> 137
2023-05-17 09:10:08,481 [ForkJoinPool.commonPool-worker-0] INFO  server.GrpcService (GrpcService.java:closeImpl(311)) - 5b11b4e3-e601-4d3f-be34-f92c0e1a86f6: shutdown server org.apache.ratis.grpc.server.GrpcClientProtocolService now
2023-05-17 09:10:08,488 [5b11b4e3-e601-4d3f-be34-f92c0e1a86f6-impl-thread2] INFO  server.RaftServer$Division (RaftServerImpl.java:lambda$close$4(466)) - 5b11b4e3-e601-4d3f-be34-f92c0e1a86f6@group-C54F32ED35C2: shutdown
2023-05-17 09:10:08,488 [5b11b4e3-e601-4d3f-be34-f92c0e1a86f6-impl-thread2] INFO  util.JmxRegister (JmxRegister.java:unregister(73)) - Successfully un-registered JMX Bean with object name Ratis:service=RaftServer,group=group-C54F32ED35C2,id=5b11b4e3-e601-4d3f-be34-f92c0e1a86f6
2023-05-17 09:10:08,488 [5b11b4e3-e601-4d3f-be34-f92c0e1a86f6-impl-thread2] INFO  impl.RoleInfo (RoleInfo.java:shutdownLeaderState(93)) - 5b11b4e3-e601-4d3f-be34-f92c0e1a86f6: shutdown 5b11b4e3-e601-4d3f-be34-f92c0e1a86f6@group-C54F32ED35C2-LeaderStateImpl
2023-05-17 09:10:08,488 [5b11b4e3-e601-4d3f-be34-f92c0e1a86f6-impl-thread2] INFO  impl.PendingRequests (PendingRequests.java:sendNotLeaderResponses(289)) - 5b11b4e3-e601-4d3f-be34-f92c0e1a86f6@group-C54F32ED35C2-PendingRequests: sendNotLeaderResponses
2023-05-17 09:10:08,490 [ForkJoinPool.commonPool-worker-0] INFO  server.GrpcService (GrpcService.java:closeImpl(320)) - 5b11b4e3-e601-4d3f-be34-f92c0e1a86f6: shutdown server org.apache.ratis.grpc.server.GrpcClientProtocolService successfully
2023-05-17 09:10:08,491 [ForkJoinPool.commonPool-worker-0] INFO  server.GrpcService (GrpcService.java:closeImpl(311)) - 5b11b4e3-e601-4d3f-be34-f92c0e1a86f6: shutdown server GrpcServerProtocolService now
2023-05-17 09:10:08,491 [5b11b4e3-e601-4d3f-be34-f92c0e1a86f6-impl-thread2] INFO  impl.StateMachineUpdater (StateMachineUpdater.java:stopAndJoin(155)) - 5b11b4e3-e601-4d3f-be34-f92c0e1a86f6@group-C54F32ED35C2-StateMachineUpdater: set stopIndex = 61
2023-05-17 09:10:08,493 [5b11b4e3-e601-4d3f-be34-f92c0e1a86f6@group-C54F32ED35C2-StateMachineUpdater] INFO  ratis.ContainerStateMachine (ContainerStateMachine.java:takeSnapshot(330)) - group-C54F32ED35C2: Taking a snapshot at:(t:1, i:61) file /home/runner/work/ozone/ozone/hadoop-ozone/integration-test/target/test-dir/MiniOzoneClusterImpl-21d14123-a168-44a2-bc0a-ee93e32dcc9b/datanode-13/data/ratis/33fa0edf-ed91-4038-93a3-c54f32ed35c2/sm/snapshot.1_61
2023-05-17 09:10:08,493 [ForkJoinPool.commonPool-worker-3] INFO  utils.DatanodeStoreCache (DatanodeStoreCache.java:shutdownCache(110)) - Skip clearing cache in mini cluster mode. Entries left: [/home/runner/work/ozone/ozone/hadoop-ozone/integration-test/target/test-dir/MiniOzoneClusterImpl-21d14123-a168-44a2-bc0a-ee93e32dcc9b/datanode-0/data-0/containers/hdds/21d14123-a168-44a2-bc0a-ee93e32dcc9b/DS-7615df3b-fd03-44b6-9081-52c05dff015c/container.db, /home/runner/work/ozone/ozone/hadoop-ozone/integration-test/target/test-dir/MiniOzoneClusterImpl-21d14123-a168-44a2-bc0a-ee93e32dcc9b/datanode-1/data-0/containers/hdds/21d14123-a168-44a2-bc0a-ee93e32dcc9b/DS-75573b26-bbc5-41aa-b498-c98da6c079d0/container.db, /home/runner/work/ozone/ozone/hadoop-ozone/integration-test/target/test-dir/MiniOzoneClusterImpl-21d14123-a168-44a2-bc0a-ee93e32dcc9b/datanode-10/data-0/containers/hdds/21d14123-a168-44a2-bc0a-ee93e32dcc9b/DS-233eabbb-a58c-4f05-ba46-cc5ca12d4c84/container.db, /home/runner/work/ozone/ozone/hadoop-ozone/integration-test/target/test-dir/MiniOzoneClusterImpl-21d14123-a168-44a2-bc0a-ee93e32dcc9b/datanode-11/data-0/containers/hdds/21d14123-a168-44a2-bc0a-ee93e32dcc9b/DS-654292e4-cba6-49f8-9303-4f376585f7ba/container.db, /home/runner/work/ozone/ozone/hadoop-ozone/integration-test/target/test-dir/MiniOzoneClusterImpl-21d14123-a168-44a2-bc0a-ee93e32dcc9b/datanode-13/data-0/containers/hdds/21d14123-a168-44a2-bc0a-ee93e32dcc9b/DS-ccdd6bfe-6239-4ba1-ad61-45d66ca46ddd/container.db, /home/runner/work/ozone/ozone/hadoop-ozone/integration-test/target/test-dir/MiniOzoneClusterImpl-21d14123-a168-44a2-bc0a-ee93e32dcc9b/datanode-2/data-0/containers/hdds/21d14123-a168-44a2-bc0a-ee93e32dcc9b/DS-813ee51c-fe06-4b3d-9da0-281f4df98916/container.db, /home/runner/work/ozone/ozone/hadoop-ozone/integration-test/target/test-dir/MiniOzoneClusterImpl-21d14123-a168-44a2-bc0a-ee93e32dcc9b/datanode-4/data-0/containers/hdds/21d14123-a168-44a2-bc0a-ee93e32dcc9b/DS-eb8a5b14-3ceb-4412-bc88-7c7afa5b4695/container.db, /home/runner/work/ozone/ozone/hadoop-ozone/integration-test/target/test-dir/MiniOzoneClusterImpl-21d14123-a168-44a2-bc0a-ee93e32dcc9b/datanode-5/data-0/containers/hdds/21d14123-a168-44a2-bc0a-ee93e32dcc9b/DS-69b7d735-4ef4-4d4a-bf03-5b7828e5017a/container.db, /home/runner/work/ozone/ozone/hadoop-ozone/integration-test/target/test-dir/MiniOzoneClusterImpl-21d14123-a168-44a2-bc0a-ee93e32dcc9b/datanode-6/data-0/containers/hdds/21d14123-a168-44a2-bc0a-ee93e32dcc9b/DS-e6fd543f-4499-4b15-9a4b-898f106d3433/container.db, /home/runner/work/ozone/ozone/hadoop-ozone/integration-test/target/test-dir/MiniOzoneClusterImpl-21d14123-a168-44a2-bc0a-ee93e32dcc9b/datanode-7/data-0/containers/hdds/21d14123-a168-44a2-bc0a-ee93e32dcc9b/DS-0a831935-107a-482b-9101-be815bd1c879/container.db, /home/runner/work/ozone/ozone/hadoop-ozone/integration-test/target/test-dir/MiniOzoneClusterImpl-21d14123-a168-44a2-bc0a-ee93e32dcc9b/datanode-8/data-0/containers/hdds/21d14123-a168-44a2-bc0a-ee93e32dcc9b/DS-e94b1d01-c5b8-4897-95eb-dd43dff24a02/container.db, /home/runner/work/ozone/ozone/hadoop-ozone/integration-test/target/test-dir/MiniOzoneClusterImpl-21d14123-a168-44a2-bc0a-ee93e32dcc9b/datanode-9/data-0/containers/hdds/21d14123-a168-44a2-bc0a-ee93e32dcc9b/DS-60ea85da-57d1-4a0a-ae19-1b89393ebde5/container.db]
2023-05-17 09:10:08,494 [grpc-default-executor-11] WARN  server.GrpcLogAppender (LogUtils.java:warn(122)) - 8889e818-58f8-49f9-ac5f-461eb7b79d1e@group-1563067D893C->67f04e2a-34cd-4ea0-b74b-c8cb5d6f4ea5-AppendLogResponseHandler: Failed appendEntries: org.apache.ratis.thirdparty.io.grpc.StatusRuntimeException: UNAVAILABLE: io exception
2023-05-17 09:10:08,494 [grpc-default-executor-10] WARN  server.GrpcLogAppender (LogUtils.java:warn(122)) - 8889e818-58f8-49f9-ac5f-461eb7b79d1e@group-1563067D893C->67f04e2a-34cd-4ea0-b74b-c8cb5d6f4ea5-AppendLogResponseHandler: Failed appendEntries: org.apache.ratis.thirdparty.io.grpc.StatusRuntimeException: UNAVAILABLE: io exception
2023-05-17 09:10:08,495 [grpc-default-executor-11] INFO  leader.FollowerInfo (FollowerInfoImpl.java:lambda$new$0(52)) - 8889e818-58f8-49f9-ac5f-461eb7b79d1e@group-1563067D893C->67f04e2a-34cd-4ea0-b74b-c8cb5d6f4ea5: decreaseNextIndex nextIndex: updateUnconditionally 138 -> 137
2023-05-17 09:10:08,495 [grpc-default-executor-10] INFO  leader.FollowerInfo (FollowerInfoImpl.java:lambda$new$0(52)) - 8889e818-58f8-49f9-ac5f-461eb7b79d1e@group-1563067D893C->67f04e2a-34cd-4ea0-b74b-c8cb5d6f4ea5: decreaseNextIndex nextIndex: updateUnconditionally 137 -> 136
2023-05-17 09:10:08,496 [5b11b4e3-e601-4d3f-be34-f92c0e1a86f6@group-C54F32ED35C2-StateMachineUpdater] INFO  ratis.ContainerStateMachine (ContainerStateMachine.java:takeSnapshot(341)) - group-C54F32ED35C2: Finished taking a snapshot at:(t:1, i:61) file:/home/runner/work/ozone/ozone/hadoop-ozone/integration-test/target/test-dir/MiniOzoneClusterImpl-21d14123-a168-44a2-bc0a-ee93e32dcc9b/datanode-13/data/ratis/33fa0edf-ed91-4038-93a3-c54f32ed35c2/sm/snapshot.1_61 took: 3 ms
2023-05-17 09:10:08,496 [5b11b4e3-e601-4d3f-be34-f92c0e1a86f6@group-C54F32ED35C2-StateMachineUpdater] INFO  impl.StateMachineUpdater (StateMachineUpdater.java:takeSnapshot(291)) - 5b11b4e3-e601-4d3f-be34-f92c0e1a86f6@group-C54F32ED35C2-StateMachineUpdater: Took a snapshot at index 61
2023-05-17 09:10:08,496 [5b11b4e3-e601-4d3f-be34-f92c0e1a86f6@group-C54F32ED35C2-StateMachineUpdater] INFO  impl.StateMachineUpdater (StateMachineUpdater.java:lambda$new$0(97)) - 5b11b4e3-e601-4d3f-be34-f92c0e1a86f6@group-C54F32ED35C2-StateMachineUpdater: snapshotIndex: updateIncreasingly -1 -> 61
2023-05-17 09:10:08,497 [5b11b4e3-e601-4d3f-be34-f92c0e1a86f6-impl-thread2] INFO  server.RaftServer$Division (ServerState.java:close(472)) - 5b11b4e3-e601-4d3f-be34-f92c0e1a86f6@group-C54F32ED35C2: closes. applyIndex: 61
2023-05-17 09:10:08,498 [ForkJoinPool.commonPool-worker-0] INFO  server.GrpcService (GrpcService.java:closeImpl(320)) - 5b11b4e3-e601-4d3f-be34-f92c0e1a86f6: shutdown server GrpcServerProtocolService successfully
2023-05-17 09:10:08,498 [ForkJoinPool.commonPool-worker-0] INFO  server.GrpcService (GrpcService.java:closeImpl(311)) - 5b11b4e3-e601-4d3f-be34-f92c0e1a86f6: shutdown server org.apache.ratis.grpc.server.GrpcAdminProtocolService now
2023-05-17 09:10:08,509 [ForkJoinPool.commonPool-worker-0] INFO  server.GrpcService (GrpcService.java:closeImpl(320)) - 5b11b4e3-e601-4d3f-be34-f92c0e1a86f6: shutdown server org.apache.ratis.grpc.server.GrpcAdminProtocolService successfully
2023-05-17 09:10:08,513 [5b11b4e3-e601-4d3f-be34-f92c0e1a86f6-NettyServerStreamRpc-bossGroup--thread1] INFO  logging.LoggingHandler (AbstractInternalLogger.java:log(148)) - [id: 0x2385f24b, L:/0:0:0:0:0:0:0:0:15118] CLOSE
2023-05-17 09:10:08,513 [5b11b4e3-e601-4d3f-be34-f92c0e1a86f6-NettyServerStreamRpc-bossGroup--thread1] INFO  logging.LoggingHandler (AbstractInternalLogger.java:log(148)) - [id: 0x2385f24b, L:/0:0:0:0:0:0:0:0:15118] INACTIVE
2023-05-17 09:10:08,513 [5b11b4e3-e601-4d3f-be34-f92c0e1a86f6-NettyServerStreamRpc-bossGroup--thread1] INFO  logging.LoggingHandler (AbstractInternalLogger.java:log(148)) - [id: 0x2385f24b, L:/0:0:0:0:0:0:0:0:15118] UNREGISTERED
2023-05-17 09:10:08,517 [ForkJoinPool.commonPool-worker-3] INFO  utils.DatanodeStoreCache (DatanodeStoreCache.java:removeDB(104)) - Removed db /home/runner/work/ozone/ozone/hadoop-ozone/integration-test/target/test-dir/MiniOzoneClusterImpl-21d14123-a168-44a2-bc0a-ee93e32dcc9b/datanode-0/data-0/containers/hdds/21d14123-a168-44a2-bc0a-ee93e32dcc9b/DS-7615df3b-fd03-44b6-9081-52c05dff015c/container.db from cache
2023-05-17 09:10:08,517 [ForkJoinPool.commonPool-worker-3] INFO  volume.HddsVolume (HddsVolume.java:closeDbStore(437)) - SchemaV3 db is stopped at /home/runner/work/ozone/ozone/hadoop-ozone/integration-test/target/test-dir/MiniOzoneClusterImpl-21d14123-a168-44a2-bc0a-ee93e32dcc9b/datanode-0/data-0/containers/hdds/21d14123-a168-44a2-bc0a-ee93e32dcc9b/DS-7615df3b-fd03-44b6-9081-52c05dff015c/container.db for volume DS-7615df3b-fd03-44b6-9081-52c05dff015c
2023-05-17 09:10:08,523 [ForkJoinPool.commonPool-worker-3] INFO  utils.BackgroundService (BackgroundService.java:shutdown(141)) - Shutting down service BlockDeletingService
2023-05-17 09:10:08,523 [ForkJoinPool.commonPool-worker-3] INFO  utils.BackgroundService (BackgroundService.java:shutdown(141)) - Shutting down service StaleRecoveringContainerScrubbingService
2023-05-17 09:10:08,532 [ForkJoinPool.commonPool-worker-3] INFO  statemachine.DatanodeStateMachine (DatanodeStateMachine.java:stopDaemon(608)) - Ozone container server stopped.
2023-05-17 09:10:08,545 [ForkJoinPool.commonPool-worker-3] INFO  handler.ContextHandler (ContextHandler.java:doStop(1159)) - Stopped o.e.j.w.WebAppContext@5f8c60f0{hddsDatanode,/,null,STOPPED}{jar:file:/home/runner/.m2/repository/org/apache/ozone/hdds-container-service/1.4.0-SNAPSHOT/hdds-container-service-1.4.0-SNAPSHOT.jar!/webapps/hddsDatanode}
2023-05-17 09:10:08,546 [ForkJoinPool.commonPool-worker-3] INFO  server.AbstractConnector (AbstractConnector.java:doStop(383)) - Stopped ServerConnector@52abfdca{HTTP/1.1, (http/1.1)}{0.0.0.0:15009}
2023-05-17 09:10:08,546 [ForkJoinPool.commonPool-worker-3] INFO  server.session (HouseKeeper.java:stopScavenging(149)) - node0 Stopped scavenging
2023-05-17 09:10:08,548 [ForkJoinPool.commonPool-worker-3] INFO  handler.ContextHandler (ContextHandler.java:doStop(1159)) - Stopped o.e.j.s.ServletContextHandler@3edafdc3{static,/static,jar:file:/home/runner/.m2/repository/org/apache/ozone/hdds-container-service/1.4.0-SNAPSHOT/hdds-container-service-1.4.0-SNAPSHOT.jar!/webapps/static,STOPPED}
2023-05-17 09:10:08,550 [ForkJoinPool.commonPool-worker-3] INFO  handler.ContextHandler (ContextHandler.java:doStop(1159)) - Stopped o.e.j.s.ServletContextHandler@4f86f4f4{logs,/logs,file:///home/runner/work/ozone/ozone/hadoop-ozone/integration-test/target/log,STOPPED}
2023-05-17 09:10:08,556 [ForkJoinPool.commonPool-worker-3] INFO  ozoneimpl.OzoneContainer (OzoneContainer.java:stop(419)) - Attempting to stop container services.
2023-05-17 09:10:08,556 [ForkJoinPool.commonPool-worker-3] INFO  server.RaftServer (RaftServerProxy.java:lambda$close$6(416)) - b2525f4f-bdf5-4dd0-b826-cbccdc8ecebe: close
2023-05-17 09:10:08,557 [b2525f4f-bdf5-4dd0-b826-cbccdc8ecebe-impl-thread2] INFO  server.RaftServer$Division (RaftServerImpl.java:lambda$close$4(466)) - b2525f4f-bdf5-4dd0-b826-cbccdc8ecebe@group-C26195CFC82B: shutdown
2023-05-17 09:10:08,557 [b2525f4f-bdf5-4dd0-b826-cbccdc8ecebe-impl-thread2] INFO  util.JmxRegister (JmxRegister.java:unregister(73)) - Successfully un-registered JMX Bean with object name Ratis:service=RaftServer,group=group-C26195CFC82B,id=b2525f4f-bdf5-4dd0-b826-cbccdc8ecebe
2023-05-17 09:10:08,557 [b2525f4f-bdf5-4dd0-b826-cbccdc8ecebe-impl-thread2] INFO  impl.RoleInfo (RoleInfo.java:shutdownLeaderState(93)) - b2525f4f-bdf5-4dd0-b826-cbccdc8ecebe: shutdown b2525f4f-bdf5-4dd0-b826-cbccdc8ecebe@group-C26195CFC82B-LeaderStateImpl
2023-05-17 09:10:08,557 [ForkJoinPool.commonPool-worker-3] INFO  server.GrpcService (GrpcService.java:closeImpl(311)) - b2525f4f-bdf5-4dd0-b826-cbccdc8ecebe: shutdown server org.apache.ratis.grpc.server.GrpcClientProtocolService now
2023-05-17 09:10:08,557 [b2525f4f-bdf5-4dd0-b826-cbccdc8ecebe@group-C26195CFC82B->67f04e2a-34cd-4ea0-b74b-c8cb5d6f4ea5-GrpcLogAppender-LogAppenderDaemon] WARN  server.GrpcLogAppender (GrpcLogAppender.java:mayWait(199)) - b2525f4f-bdf5-4dd0-b826-cbccdc8ecebe@group-C26195CFC82B->67f04e2a-34cd-4ea0-b74b-c8cb5d6f4ea5-GrpcLogAppender: Wait interrupted by java.lang.InterruptedException
2023-05-17 09:10:08,557 [b2525f4f-bdf5-4dd0-b826-cbccdc8ecebe@group-C26195CFC82B->8889e818-58f8-49f9-ac5f-461eb7b79d1e-GrpcLogAppender-LogAppenderDaemon] WARN  server.GrpcLogAppender (GrpcLogAppender.java:mayWait(199)) - b2525f4f-bdf5-4dd0-b826-cbccdc8ecebe@group-C26195CFC82B->8889e818-58f8-49f9-ac5f-461eb7b79d1e-GrpcLogAppender: Wait interrupted by java.lang.InterruptedException
2023-05-17 09:10:08,557 [b2525f4f-bdf5-4dd0-b826-cbccdc8ecebe-impl-thread2] INFO  impl.PendingRequests (PendingRequests.java:sendNotLeaderResponses(289)) - b2525f4f-bdf5-4dd0-b826-cbccdc8ecebe@group-C26195CFC82B-PendingRequests: sendNotLeaderResponses
2023-05-17 09:10:08,567 [b2525f4f-bdf5-4dd0-b826-cbccdc8ecebe-impl-thread4] INFO  server.RaftServer$Division (RaftServerImpl.java:lambda$close$4(466)) - b2525f4f-bdf5-4dd0-b826-cbccdc8ecebe@group-9F3DE9A29F23: shutdown
2023-05-17 09:10:08,567 [b2525f4f-bdf5-4dd0-b826-cbccdc8ecebe-impl-thread4] INFO  util.JmxRegister (JmxRegister.java:unregister(73)) - Successfully un-registered JMX Bean with object name Ratis:service=RaftServer,group=group-9F3DE9A29F23,id=b2525f4f-bdf5-4dd0-b826-cbccdc8ecebe
2023-05-17 09:10:08,567 [b2525f4f-bdf5-4dd0-b826-cbccdc8ecebe-impl-thread4] INFO  impl.RoleInfo (RoleInfo.java:shutdownLeaderState(93)) - b2525f4f-bdf5-4dd0-b826-cbccdc8ecebe: shutdown b2525f4f-bdf5-4dd0-b826-cbccdc8ecebe@group-9F3DE9A29F23-LeaderStateImpl
2023-05-17 09:10:08,567 [b2525f4f-bdf5-4dd0-b826-cbccdc8ecebe-impl-thread4] INFO  impl.PendingRequests (PendingRequests.java:sendNotLeaderResponses(289)) - b2525f4f-bdf5-4dd0-b826-cbccdc8ecebe@group-9F3DE9A29F23-PendingRequests: sendNotLeaderResponses
2023-05-17 09:10:08,567 [b2525f4f-bdf5-4dd0-b826-cbccdc8ecebe@group-C26195CFC82B-StateMachineUpdater] INFO  ratis.ContainerStateMachine (ContainerStateMachine.java:takeSnapshot(330)) - group-C26195CFC82B: Taking a snapshot at:(t:1, i:195) file /home/runner/work/ozone/ozone/hadoop-ozone/integration-test/target/test-dir/MiniOzoneClusterImpl-21d14123-a168-44a2-bc0a-ee93e32dcc9b/datanode-1/data/ratis/7fc61ef2-e189-43e0-95c9-c26195cfc82b/sm/snapshot.1_195
2023-05-17 09:10:08,567 [b2525f4f-bdf5-4dd0-b826-cbccdc8ecebe-impl-thread3] INFO  server.RaftServer$Division (RaftServerImpl.java:lambda$close$4(466)) - b2525f4f-bdf5-4dd0-b826-cbccdc8ecebe@group-1563067D893C: shutdown
2023-05-17 09:10:08,567 [b2525f4f-bdf5-4dd0-b826-cbccdc8ecebe-impl-thread3] INFO  util.JmxRegister (JmxRegister.java:unregister(73)) - Successfully un-registered JMX Bean with object name Ratis:service=RaftServer,group=group-1563067D893C,id=b2525f4f-bdf5-4dd0-b826-cbccdc8ecebe
2023-05-17 09:10:08,568 [b2525f4f-bdf5-4dd0-b826-cbccdc8ecebe-impl-thread3] INFO  impl.RoleInfo (RoleInfo.java:shutdownFollowerState(110)) - b2525f4f-bdf5-4dd0-b826-cbccdc8ecebe: shutdown b2525f4f-bdf5-4dd0-b826-cbccdc8ecebe@group-1563067D893C-FollowerState
2023-05-17 09:10:08,567 [b2525f4f-bdf5-4dd0-b826-cbccdc8ecebe-impl-thread2] INFO  impl.StateMachineUpdater (StateMachineUpdater.java:stopAndJoin(155)) - b2525f4f-bdf5-4dd0-b826-cbccdc8ecebe@group-C26195CFC82B-StateMachineUpdater: set stopIndex = 195
2023-05-17 09:10:08,568 [Thread-1477] INFO  server.GrpcServerProtocolClient (GrpcServerProtocolClient.java:close(103)) - 8889e818-58f8-49f9-ac5f-461eb7b79d1e Close channels
2023-05-17 09:10:08,568 [Thread-1479] INFO  server.GrpcServerProtocolClient (GrpcServerProtocolClient.java:close(103)) - 67f04e2a-34cd-4ea0-b74b-c8cb5d6f4ea5 Close channels
2023-05-17 09:10:08,572 [b2525f4f-bdf5-4dd0-b826-cbccdc8ecebe@group-C26195CFC82B-StateMachineUpdater] INFO  ratis.ContainerStateMachine (ContainerStateMachine.java:takeSnapshot(341)) - group-C26195CFC82B: Finished taking a snapshot at:(t:1, i:195) file:/home/runner/work/ozone/ozone/hadoop-ozone/integration-test/target/test-dir/MiniOzoneClusterImpl-21d14123-a168-44a2-bc0a-ee93e32dcc9b/datanode-1/data/ratis/7fc61ef2-e189-43e0-95c9-c26195cfc82b/sm/snapshot.1_195 took: 5 ms
2023-05-17 09:10:08,572 [b2525f4f-bdf5-4dd0-b826-cbccdc8ecebe@group-1563067D893C-FollowerState] INFO  impl.FollowerState (FollowerState.java:run(152)) - b2525f4f-bdf5-4dd0-b826-cbccdc8ecebe@group-1563067D893C-FollowerState was interrupted
2023-05-17 09:10:08,572 [grpc-default-executor-11] INFO  server.GrpcServerProtocolService (GrpcServerProtocolService.java:onCompleted(155)) - 8889e818-58f8-49f9-ac5f-461eb7b79d1e: Completed APPEND_ENTRIES, lastRequest: null
2023-05-17 09:10:08,572 [b2525f4f-bdf5-4dd0-b826-cbccdc8ecebe@group-C26195CFC82B-StateMachineUpdater] INFO  impl.StateMachineUpdater (StateMachineUpdater.java:takeSnapshot(291)) - b2525f4f-bdf5-4dd0-b826-cbccdc8ecebe@group-C26195CFC82B-StateMachineUpdater: Took a snapshot at index 195
2023-05-17 09:10:08,572 [b2525f4f-bdf5-4dd0-b826-cbccdc8ecebe@group-C26195CFC82B-StateMachineUpdater] INFO  impl.StateMachineUpdater (StateMachineUpdater.java:lambda$new$0(97)) - b2525f4f-bdf5-4dd0-b826-cbccdc8ecebe@group-C26195CFC82B-StateMachineUpdater: snapshotIndex: updateIncreasingly -1 -> 195
2023-05-17 09:10:08,572 [grpc-default-executor-10] INFO  server.GrpcServerProtocolService (GrpcServerProtocolService.java:onCompleted(155)) - 8889e818-58f8-49f9-ac5f-461eb7b79d1e: Completed APPEND_ENTRIES, lastRequest: b2525f4f-bdf5-4dd0-b826-cbccdc8ecebe->8889e818-58f8-49f9-ac5f-461eb7b79d1e#243-t1,previous=(t:1, i:194),leaderCommit=194,initializing? true,entries: size=1, first=(t:1, i:195), METADATAENTRY(c:193)
2023-05-17 09:10:08,573 [grpc-default-executor-10] INFO  server.GrpcServerProtocolService (GrpcServerProtocolService.java:lambda$onCompleted$5(157)) - 8889e818-58f8-49f9-ac5f-461eb7b79d1e: Completed APPEND_ENTRIES, lastReply: null
2023-05-17 09:10:08,573 [b2525f4f-bdf5-4dd0-b826-cbccdc8ecebe-impl-thread2] INFO  server.RaftServer$Division (ServerState.java:close(472)) - b2525f4f-bdf5-4dd0-b826-cbccdc8ecebe@group-C26195CFC82B: closes. applyIndex: 195
2023-05-17 09:10:08,572 [b2525f4f-bdf5-4dd0-b826-cbccdc8ecebe@group-1563067D893C-StateMachineUpdater] INFO  ratis.ContainerStateMachine (ContainerStateMachine.java:takeSnapshot(330)) - group-1563067D893C: Taking a snapshot at:(t:1, i:146) file /home/runner/work/ozone/ozone/hadoop-ozone/integration-test/target/test-dir/MiniOzoneClusterImpl-21d14123-a168-44a2-bc0a-ee93e32dcc9b/datanode-1/data/ratis/013071ba-bc44-452e-b620-1563067d893c/sm/snapshot.1_146
2023-05-17 09:10:08,575 [grpc-default-executor-14] INFO  server.GrpcLogAppender (GrpcLogAppender.java:onCompleted(428)) - b2525f4f-bdf5-4dd0-b826-cbccdc8ecebe@group-C26195CFC82B->8889e818-58f8-49f9-ac5f-461eb7b79d1e-AppendLogResponseHandler: follower responses appendEntries COMPLETED
2023-05-17 09:10:08,575 [grpc-default-executor-14] WARN  server.GrpcLogAppender (GrpcLogAppender.java:resetClient(137)) - b2525f4f-bdf5-4dd0-b826-cbccdc8ecebe@group-C26195CFC82B->8889e818-58f8-49f9-ac5f-461eb7b79d1e-GrpcLogAppender: Failed to getClient for 8889e818-58f8-49f9-ac5f-461eb7b79d1e
org.apache.ratis.protocol.exceptions.AlreadyClosedException: b2525f4f-bdf5-4dd0-b826-cbccdc8ecebe is already CLOSED
	at org.apache.ratis.util.PeerProxyMap$PeerAndProxy.getProxy(PeerProxyMap.java:61)
	at org.apache.ratis.util.PeerProxyMap.getProxy(PeerProxyMap.java:115)
	at org.apache.ratis.grpc.server.GrpcLogAppender.getClient(GrpcLogAppender.java:112)
	at org.apache.ratis.grpc.server.GrpcLogAppender.resetClient(GrpcLogAppender.java:117)
	at org.apache.ratis.grpc.server.GrpcLogAppender.access$500(GrpcLogAppender.java:56)
	at org.apache.ratis.grpc.server.GrpcLogAppender$AppendLogResponseHandler.onCompleted(GrpcLogAppender.java:429)
	at org.apache.ratis.thirdparty.io.grpc.stub.ClientCalls$StreamObserverToCallListenerAdapter.onClose(ClientCalls.java:485)
	at org.apache.ratis.thirdparty.io.grpc.internal.ClientCallImpl.closeObserver(ClientCallImpl.java:563)
	at org.apache.ratis.thirdparty.io.grpc.internal.ClientCallImpl.access$300(ClientCallImpl.java:70)
	at org.apache.ratis.thirdparty.io.grpc.internal.ClientCallImpl$ClientStreamListenerImpl$1StreamClosed.runInternal(ClientCallImpl.java:744)
	at org.apache.ratis.thirdparty.io.grpc.internal.ClientCallImpl$ClientStreamListenerImpl$1StreamClosed.runInContext(ClientCallImpl.java:723)
	at org.apache.ratis.thirdparty.io.grpc.internal.ContextRunnable.run(ContextRunnable.java:37)
	at org.apache.ratis.thirdparty.io.grpc.internal.SerializingExecutor.run(SerializingExecutor.java:133)
	at java.util.concurrent.ThreadPoolExecutor.runWorker(ThreadPoolExecutor.java:1149)
	at java.util.concurrent.ThreadPoolExecutor$Worker.run(ThreadPoolExecutor.java:624)
	at java.lang.Thread.run(Thread.java:750)
2023-05-17 09:10:08,575 [grpc-default-executor-11] INFO  server.GrpcServerProtocolService (GrpcServerProtocolService.java:lambda$onCompleted$5(157)) - 8889e818-58f8-49f9-ac5f-461eb7b79d1e: Completed APPEND_ENTRIES, lastReply: serverReply {
  requestorId: "b2525f4f-bdf5-4dd0-b826-cbccdc8ecebe"
  replyId: "8889e818-58f8-49f9-ac5f-461eb7b79d1e"
  raftGroupId {
    id: "\177\306\036\362\341\211C\340\225\311\302a\225\317\310+"
  }
  callId: 246
  success: true
}
term: 1
nextIndex: 196
followerCommit: 195
matchIndex: 18446744073709551615
isHearbeat: true

2023-05-17 09:10:08,576 [b2525f4f-bdf5-4dd0-b826-cbccdc8ecebe-impl-thread3] INFO  impl.StateMachineUpdater (StateMachineUpdater.java:stopAndJoin(155)) - b2525f4f-bdf5-4dd0-b826-cbccdc8ecebe@group-1563067D893C-StateMachineUpdater: set stopIndex = 146
2023-05-17 09:10:08,576 [b2525f4f-bdf5-4dd0-b826-cbccdc8ecebe@group-1563067D893C-StateMachineUpdater] INFO  ratis.ContainerStateMachine (ContainerStateMachine.java:takeSnapshot(341)) - group-1563067D893C: Finished taking a snapshot at:(t:1, i:146) file:/home/runner/work/ozone/ozone/hadoop-ozone/integration-test/target/test-dir/MiniOzoneClusterImpl-21d14123-a168-44a2-bc0a-ee93e32dcc9b/datanode-1/data/ratis/013071ba-bc44-452e-b620-1563067d893c/sm/snapshot.1_146 took: 5 ms
2023-05-17 09:10:08,577 [b2525f4f-bdf5-4dd0-b826-cbccdc8ecebe@group-1563067D893C-StateMachineUpdater] INFO  impl.StateMachineUpdater (StateMachineUpdater.java:takeSnapshot(291)) - b2525f4f-bdf5-4dd0-b826-cbccdc8ecebe@group-1563067D893C-StateMachineUpdater: Took a snapshot at index 146
2023-05-17 09:10:08,577 [b2525f4f-bdf5-4dd0-b826-cbccdc8ecebe@group-1563067D893C-StateMachineUpdater] INFO  impl.StateMachineUpdater (StateMachineUpdater.java:lambda$new$0(97)) - b2525f4f-bdf5-4dd0-b826-cbccdc8ecebe@group-1563067D893C-StateMachineUpdater: snapshotIndex: updateIncreasingly -1 -> 146
2023-05-17 09:10:08,577 [ForkJoinPool.commonPool-worker-3] INFO  server.GrpcService (GrpcService.java:closeImpl(320)) - b2525f4f-bdf5-4dd0-b826-cbccdc8ecebe: shutdown server org.apache.ratis.grpc.server.GrpcClientProtocolService successfully
2023-05-17 09:10:08,578 [ForkJoinPool.commonPool-worker-3] INFO  server.GrpcService (GrpcService.java:closeImpl(311)) - b2525f4f-bdf5-4dd0-b826-cbccdc8ecebe: shutdown server GrpcServerProtocolService now
2023-05-17 09:10:08,576 [grpc-default-executor-10] INFO  server.GrpcLogAppender (GrpcLogAppender.java:onCompleted(428)) - b2525f4f-bdf5-4dd0-b826-cbccdc8ecebe@group-C26195CFC82B->8889e818-58f8-49f9-ac5f-461eb7b79d1e-AppendLogResponseHandler: follower responses appendEntries COMPLETED
2023-05-17 09:10:08,578 [grpc-default-executor-10] WARN  server.GrpcLogAppender (GrpcLogAppender.java:resetClient(137)) - b2525f4f-bdf5-4dd0-b826-cbccdc8ecebe@group-C26195CFC82B->8889e818-58f8-49f9-ac5f-461eb7b79d1e-GrpcLogAppender: Failed to getClient for 8889e818-58f8-49f9-ac5f-461eb7b79d1e
org.apache.ratis.protocol.exceptions.AlreadyClosedException: b2525f4f-bdf5-4dd0-b826-cbccdc8ecebe is already CLOSED
	at org.apache.ratis.util.PeerProxyMap$PeerAndProxy.getProxy(PeerProxyMap.java:61)
	at org.apache.ratis.util.PeerProxyMap.getProxy(PeerProxyMap.java:115)
	at org.apache.ratis.grpc.server.GrpcLogAppender.getClient(GrpcLogAppender.java:112)
	at org.apache.ratis.grpc.server.GrpcLogAppender.resetClient(GrpcLogAppender.java:117)
	at org.apache.ratis.grpc.server.GrpcLogAppender.access$500(GrpcLogAppender.java:56)
	at org.apache.ratis.grpc.server.GrpcLogAppender$AppendLogResponseHandler.onCompleted(GrpcLogAppender.java:429)
	at org.apache.ratis.thirdparty.io.grpc.stub.ClientCalls$StreamObserverToCallListenerAdapter.onClose(ClientCalls.java:485)
	at org.apache.ratis.thirdparty.io.grpc.internal.ClientCallImpl.closeObserver(ClientCallImpl.java:563)
	at org.apache.ratis.thirdparty.io.grpc.internal.ClientCallImpl.access$300(ClientCallImpl.java:70)
	at org.apache.ratis.thirdparty.io.grpc.internal.ClientCallImpl$ClientStreamListenerImpl$1StreamClosed.runInternal(ClientCallImpl.java:744)
	at org.apache.ratis.thirdparty.io.grpc.internal.ClientCallImpl$ClientStreamListenerImpl$1StreamClosed.runInContext(ClientCallImpl.java:723)
	at org.apache.ratis.thirdparty.io.grpc.internal.ContextRunnable.run(ContextRunnable.java:37)
	at org.apache.ratis.thirdparty.io.grpc.internal.SerializingExecutor.run(SerializingExecutor.java:133)
	at java.util.concurrent.ThreadPoolExecutor.runWorker(ThreadPoolExecutor.java:1149)
	at java.util.concurrent.ThreadPoolExecutor$Worker.run(ThreadPoolExecutor.java:624)
	at java.lang.Thread.run(Thread.java:750)
2023-05-17 09:10:08,579 [grpc-default-executor-11] WARN  server.GrpcServerProtocolService (LogUtils.java:warn(122)) - b2525f4f-bdf5-4dd0-b826-cbccdc8ecebe: APPEND_ENTRIES onError, lastRequest: null: org.apache.ratis.thirdparty.io.grpc.StatusRuntimeException: CANCELLED: client cancelled
2023-05-17 09:10:08,580 [grpc-default-executor-13] WARN  server.GrpcServerProtocolService (LogUtils.java:warn(122)) - b2525f4f-bdf5-4dd0-b826-cbccdc8ecebe: APPEND_ENTRIES onError, lastRequest: 8889e818-58f8-49f9-ac5f-461eb7b79d1e->b2525f4f-bdf5-4dd0-b826-cbccdc8ecebe#201-t1,previous=(t:1, i:145),leaderCommit=145,initializing? true,entries: size=1, first=(t:1, i:146), METADATAENTRY(c:145): org.apache.ratis.thirdparty.io.grpc.StatusRuntimeException: CANCELLED: client cancelled
2023-05-17 09:10:08,580 [grpc-default-executor-3] WARN  server.GrpcLogAppender (LogUtils.java:warn(122)) - 8889e818-58f8-49f9-ac5f-461eb7b79d1e@group-1563067D893C->b2525f4f-bdf5-4dd0-b826-cbccdc8ecebe-AppendLogResponseHandler: Failed appendEntries: org.apache.ratis.thirdparty.io.grpc.StatusRuntimeException: CANCELLED: RST_STREAM closed stream. HTTP/2 error code: CANCEL
2023-05-17 09:10:08,580 [grpc-default-executor-3] INFO  leader.FollowerInfo (FollowerInfoImpl.java:lambda$new$0(52)) - 8889e818-58f8-49f9-ac5f-461eb7b79d1e@group-1563067D893C->b2525f4f-bdf5-4dd0-b826-cbccdc8ecebe: decreaseNextIndex nextIndex: updateUnconditionally 147 -> 146
2023-05-17 09:10:08,580 [grpc-default-executor-11] WARN  server.GrpcLogAppender (LogUtils.java:warn(122)) - 8889e818-58f8-49f9-ac5f-461eb7b79d1e@group-1563067D893C->b2525f4f-bdf5-4dd0-b826-cbccdc8ecebe-AppendLogResponseHandler: Failed appendEntries: org.apache.ratis.thirdparty.io.grpc.StatusRuntimeException: CANCELLED: RST_STREAM closed stream. HTTP/2 error code: CANCEL
2023-05-17 09:10:08,580 [grpc-default-executor-11] INFO  leader.FollowerInfo (FollowerInfoImpl.java:lambda$new$0(52)) - 8889e818-58f8-49f9-ac5f-461eb7b79d1e@group-1563067D893C->b2525f4f-bdf5-4dd0-b826-cbccdc8ecebe: decreaseNextIndex nextIndex: updateUnconditionally 146 -> 145
2023-05-17 09:10:08,580 [b2525f4f-bdf5-4dd0-b826-cbccdc8ecebe-impl-thread3] INFO  server.RaftServer$Division (ServerState.java:close(472)) - b2525f4f-bdf5-4dd0-b826-cbccdc8ecebe@group-1563067D893C: closes. applyIndex: 146
2023-05-17 09:10:08,581 [b2525f4f-bdf5-4dd0-b826-cbccdc8ecebe@group-9F3DE9A29F23-StateMachineUpdater] INFO  ratis.ContainerStateMachine (ContainerStateMachine.java:takeSnapshot(330)) - group-9F3DE9A29F23: Taking a snapshot at:(t:1, i:95) file /home/runner/work/ozone/ozone/hadoop-ozone/integration-test/target/test-dir/MiniOzoneClusterImpl-21d14123-a168-44a2-bc0a-ee93e32dcc9b/datanode-1/data/ratis/5de00e95-171e-4300-abc9-9f3de9a29f23/sm/snapshot.1_95
2023-05-17 09:10:08,581 [b2525f4f-bdf5-4dd0-b826-cbccdc8ecebe-impl-thread4] INFO  impl.StateMachineUpdater (StateMachineUpdater.java:stopAndJoin(155)) - b2525f4f-bdf5-4dd0-b826-cbccdc8ecebe@group-9F3DE9A29F23-StateMachineUpdater: set stopIndex = 95
2023-05-17 09:10:08,582 [b2525f4f-bdf5-4dd0-b826-cbccdc8ecebe@group-9F3DE9A29F23-StateMachineUpdater] INFO  ratis.ContainerStateMachine (ContainerStateMachine.java:takeSnapshot(341)) - group-9F3DE9A29F23: Finished taking a snapshot at:(t:1, i:95) file:/home/runner/work/ozone/ozone/hadoop-ozone/integration-test/target/test-dir/MiniOzoneClusterImpl-21d14123-a168-44a2-bc0a-ee93e32dcc9b/datanode-1/data/ratis/5de00e95-171e-4300-abc9-9f3de9a29f23/sm/snapshot.1_95 took: 1 ms
2023-05-17 09:10:08,582 [b2525f4f-bdf5-4dd0-b826-cbccdc8ecebe@group-9F3DE9A29F23-StateMachineUpdater] INFO  impl.StateMachineUpdater (StateMachineUpdater.java:takeSnapshot(291)) - b2525f4f-bdf5-4dd0-b826-cbccdc8ecebe@group-9F3DE9A29F23-StateMachineUpdater: Took a snapshot at index 95
2023-05-17 09:10:08,582 [b2525f4f-bdf5-4dd0-b826-cbccdc8ecebe@group-9F3DE9A29F23-StateMachineUpdater] INFO  impl.StateMachineUpdater (StateMachineUpdater.java:lambda$new$0(97)) - b2525f4f-bdf5-4dd0-b826-cbccdc8ecebe@group-9F3DE9A29F23-StateMachineUpdater: snapshotIndex: updateIncreasingly -1 -> 95
2023-05-17 09:10:08,583 [b2525f4f-bdf5-4dd0-b826-cbccdc8ecebe-impl-thread4] INFO  server.RaftServer$Division (ServerState.java:close(472)) - b2525f4f-bdf5-4dd0-b826-cbccdc8ecebe@group-9F3DE9A29F23: closes. applyIndex: 95
2023-05-17 09:10:08,584 [ForkJoinPool.commonPool-worker-3] INFO  server.GrpcService (GrpcService.java:closeImpl(320)) - b2525f4f-bdf5-4dd0-b826-cbccdc8ecebe: shutdown server GrpcServerProtocolService successfully
2023-05-17 09:10:08,584 [ForkJoinPool.commonPool-worker-3] INFO  server.GrpcService (GrpcService.java:closeImpl(311)) - b2525f4f-bdf5-4dd0-b826-cbccdc8ecebe: shutdown server org.apache.ratis.grpc.server.GrpcAdminProtocolService now
2023-05-17 09:10:08,584 [ForkJoinPool.commonPool-worker-3] INFO  server.GrpcService (GrpcService.java:closeImpl(320)) - b2525f4f-bdf5-4dd0-b826-cbccdc8ecebe: shutdown server org.apache.ratis.grpc.server.GrpcAdminProtocolService successfully
2023-05-17 09:10:08,585 [b2525f4f-bdf5-4dd0-b826-cbccdc8ecebe-NettyServerStreamRpc-bossGroup--thread1] INFO  logging.LoggingHandler (AbstractInternalLogger.java:log(148)) - [id: 0x0d2356ea, L:/0:0:0:0:0:0:0:0:15022] CLOSE
2023-05-17 09:10:08,585 [b2525f4f-bdf5-4dd0-b826-cbccdc8ecebe-NettyServerStreamRpc-bossGroup--thread1] INFO  logging.LoggingHandler (AbstractInternalLogger.java:log(148)) - [id: 0x0d2356ea, L:/0:0:0:0:0:0:0:0:15022] INACTIVE
2023-05-17 09:10:08,585 [b2525f4f-bdf5-4dd0-b826-cbccdc8ecebe-NettyServerStreamRpc-bossGroup--thread1] INFO  logging.LoggingHandler (AbstractInternalLogger.java:log(148)) - [id: 0x0d2356ea, L:/0:0:0:0:0:0:0:0:15022] UNREGISTERED
2023-05-17 09:10:08,646 [Listener at 127.0.0.1/15004] INFO  utils.DatanodeStoreCache (DatanodeStoreCache.java:shutdownCache(110)) - Skip clearing cache in mini cluster mode. Entries left: [/home/runner/work/ozone/ozone/hadoop-ozone/integration-test/target/test-dir/MiniOzoneClusterImpl-21d14123-a168-44a2-bc0a-ee93e32dcc9b/datanode-1/data-0/containers/hdds/21d14123-a168-44a2-bc0a-ee93e32dcc9b/DS-75573b26-bbc5-41aa-b498-c98da6c079d0/container.db, /home/runner/work/ozone/ozone/hadoop-ozone/integration-test/target/test-dir/MiniOzoneClusterImpl-21d14123-a168-44a2-bc0a-ee93e32dcc9b/datanode-10/data-0/containers/hdds/21d14123-a168-44a2-bc0a-ee93e32dcc9b/DS-233eabbb-a58c-4f05-ba46-cc5ca12d4c84/container.db, /home/runner/work/ozone/ozone/hadoop-ozone/integration-test/target/test-dir/MiniOzoneClusterImpl-21d14123-a168-44a2-bc0a-ee93e32dcc9b/datanode-11/data-0/containers/hdds/21d14123-a168-44a2-bc0a-ee93e32dcc9b/DS-654292e4-cba6-49f8-9303-4f376585f7ba/container.db, /home/runner/work/ozone/ozone/hadoop-ozone/integration-test/target/test-dir/MiniOzoneClusterImpl-21d14123-a168-44a2-bc0a-ee93e32dcc9b/datanode-13/data-0/containers/hdds/21d14123-a168-44a2-bc0a-ee93e32dcc9b/DS-ccdd6bfe-6239-4ba1-ad61-45d66ca46ddd/container.db, /home/runner/work/ozone/ozone/hadoop-ozone/integration-test/target/test-dir/MiniOzoneClusterImpl-21d14123-a168-44a2-bc0a-ee93e32dcc9b/datanode-2/data-0/containers/hdds/21d14123-a168-44a2-bc0a-ee93e32dcc9b/DS-813ee51c-fe06-4b3d-9da0-281f4df98916/container.db, /home/runner/work/ozone/ozone/hadoop-ozone/integration-test/target/test-dir/MiniOzoneClusterImpl-21d14123-a168-44a2-bc0a-ee93e32dcc9b/datanode-4/data-0/containers/hdds/21d14123-a168-44a2-bc0a-ee93e32dcc9b/DS-eb8a5b14-3ceb-4412-bc88-7c7afa5b4695/container.db, /home/runner/work/ozone/ozone/hadoop-ozone/integration-test/target/test-dir/MiniOzoneClusterImpl-21d14123-a168-44a2-bc0a-ee93e32dcc9b/datanode-5/data-0/containers/hdds/21d14123-a168-44a2-bc0a-ee93e32dcc9b/DS-69b7d735-4ef4-4d4a-bf03-5b7828e5017a/container.db, /home/runner/work/ozone/ozone/hadoop-ozone/integration-test/target/test-dir/MiniOzoneClusterImpl-21d14123-a168-44a2-bc0a-ee93e32dcc9b/datanode-6/data-0/containers/hdds/21d14123-a168-44a2-bc0a-ee93e32dcc9b/DS-e6fd543f-4499-4b15-9a4b-898f106d3433/container.db, /home/runner/work/ozone/ozone/hadoop-ozone/integration-test/target/test-dir/MiniOzoneClusterImpl-21d14123-a168-44a2-bc0a-ee93e32dcc9b/datanode-7/data-0/containers/hdds/21d14123-a168-44a2-bc0a-ee93e32dcc9b/DS-0a831935-107a-482b-9101-be815bd1c879/container.db, /home/runner/work/ozone/ozone/hadoop-ozone/integration-test/target/test-dir/MiniOzoneClusterImpl-21d14123-a168-44a2-bc0a-ee93e32dcc9b/datanode-8/data-0/containers/hdds/21d14123-a168-44a2-bc0a-ee93e32dcc9b/DS-e94b1d01-c5b8-4897-95eb-dd43dff24a02/container.db, /home/runner/work/ozone/ozone/hadoop-ozone/integration-test/target/test-dir/MiniOzoneClusterImpl-21d14123-a168-44a2-bc0a-ee93e32dcc9b/datanode-9/data-0/containers/hdds/21d14123-a168-44a2-bc0a-ee93e32dcc9b/DS-60ea85da-57d1-4a0a-ae19-1b89393ebde5/container.db]
2023-05-17 09:10:08,651 [Listener at 127.0.0.1/15004] INFO  utils.DatanodeStoreCache (DatanodeStoreCache.java:removeDB(104)) - Removed db /home/runner/work/ozone/ozone/hadoop-ozone/integration-test/target/test-dir/MiniOzoneClusterImpl-21d14123-a168-44a2-bc0a-ee93e32dcc9b/datanode-7/data-0/containers/hdds/21d14123-a168-44a2-bc0a-ee93e32dcc9b/DS-0a831935-107a-482b-9101-be815bd1c879/container.db from cache
2023-05-17 09:10:08,651 [Listener at 127.0.0.1/15004] INFO  volume.HddsVolume (HddsVolume.java:closeDbStore(437)) - SchemaV3 db is stopped at /home/runner/work/ozone/ozone/hadoop-ozone/integration-test/target/test-dir/MiniOzoneClusterImpl-21d14123-a168-44a2-bc0a-ee93e32dcc9b/datanode-7/data-0/containers/hdds/21d14123-a168-44a2-bc0a-ee93e32dcc9b/DS-0a831935-107a-482b-9101-be815bd1c879/container.db for volume DS-0a831935-107a-482b-9101-be815bd1c879
2023-05-17 09:10:08,651 [Listener at 127.0.0.1/15004] INFO  utils.BackgroundService (BackgroundService.java:shutdown(141)) - Shutting down service BlockDeletingService
2023-05-17 09:10:08,652 [Listener at 127.0.0.1/15004] INFO  utils.BackgroundService (BackgroundService.java:shutdown(141)) - Shutting down service StaleRecoveringContainerScrubbingService
2023-05-17 09:10:08,658 [Listener at 127.0.0.1/15004] INFO  statemachine.DatanodeStateMachine (DatanodeStateMachine.java:stopDaemon(608)) - Ozone container server stopped.
2023-05-17 09:10:08,665 [Listener at 127.0.0.1/15004] INFO  handler.ContextHandler (ContextHandler.java:doStop(1159)) - Stopped o.e.j.w.WebAppContext@11908095{hddsDatanode,/,null,STOPPED}{jar:file:/home/runner/.m2/repository/org/apache/ozone/hdds-container-service/1.4.0-SNAPSHOT/hdds-container-service-1.4.0-SNAPSHOT.jar!/webapps/hddsDatanode}
2023-05-17 09:10:08,666 [Listener at 127.0.0.1/15004] INFO  server.AbstractConnector (AbstractConnector.java:doStop(383)) - Stopped ServerConnector@2685b654{HTTP/1.1, (http/1.1)}{0.0.0.0:15065}
2023-05-17 09:10:08,666 [Listener at 127.0.0.1/15004] INFO  server.session (HouseKeeper.java:stopScavenging(149)) - node0 Stopped scavenging
2023-05-17 09:10:08,666 [Listener at 127.0.0.1/15004] INFO  handler.ContextHandler (ContextHandler.java:doStop(1159)) - Stopped o.e.j.s.ServletContextHandler@45f668da{static,/static,jar:file:/home/runner/.m2/repository/org/apache/ozone/hdds-container-service/1.4.0-SNAPSHOT/hdds-container-service-1.4.0-SNAPSHOT.jar!/webapps/static,STOPPED}
2023-05-17 09:10:08,667 [Listener at 127.0.0.1/15004] INFO  handler.ContextHandler (ContextHandler.java:doStop(1159)) - Stopped o.e.j.s.ServletContextHandler@768c521{logs,/logs,file:///home/runner/work/ozone/ozone/hadoop-ozone/integration-test/target/log,STOPPED}
2023-05-17 09:10:08,674 [Listener at 127.0.0.1/15004] INFO  ozoneimpl.OzoneContainer (OzoneContainer.java:stop(419)) - Attempting to stop container services.
2023-05-17 09:10:08,675 [Listener at 127.0.0.1/15004] INFO  server.RaftServer (RaftServerProxy.java:lambda$close$6(416)) - 5b9fa8c3-08c3-43f9-b175-3119fbbe3900: close
2023-05-17 09:10:08,675 [5b9fa8c3-08c3-43f9-b175-3119fbbe3900-impl-thread2] INFO  server.RaftServer$Division (RaftServerImpl.java:lambda$close$4(466)) - 5b9fa8c3-08c3-43f9-b175-3119fbbe3900@group-F19CF75F4C85: shutdown
2023-05-17 09:10:08,675 [5b9fa8c3-08c3-43f9-b175-3119fbbe3900-impl-thread2] INFO  util.JmxRegister (JmxRegister.java:unregister(73)) - Successfully un-registered JMX Bean with object name Ratis:service=RaftServer,group=group-F19CF75F4C85,id=5b9fa8c3-08c3-43f9-b175-3119fbbe3900
2023-05-17 09:10:08,675 [5b9fa8c3-08c3-43f9-b175-3119fbbe3900-impl-thread2] INFO  impl.RoleInfo (RoleInfo.java:shutdownLeaderState(93)) - 5b9fa8c3-08c3-43f9-b175-3119fbbe3900: shutdown 5b9fa8c3-08c3-43f9-b175-3119fbbe3900@group-F19CF75F4C85-LeaderStateImpl
2023-05-17 09:10:08,677 [5b9fa8c3-08c3-43f9-b175-3119fbbe3900-impl-thread3] INFO  server.RaftServer$Division (RaftServerImpl.java:lambda$close$4(466)) - 5b9fa8c3-08c3-43f9-b175-3119fbbe3900@group-4902C97A15D4: shutdown
2023-05-17 09:10:08,677 [5b9fa8c3-08c3-43f9-b175-3119fbbe3900-impl-thread3] INFO  util.JmxRegister (JmxRegister.java:unregister(73)) - Successfully un-registered JMX Bean with object name Ratis:service=RaftServer,group=group-4902C97A15D4,id=5b9fa8c3-08c3-43f9-b175-3119fbbe3900
2023-05-17 09:10:08,677 [5b9fa8c3-08c3-43f9-b175-3119fbbe3900-impl-thread3] INFO  impl.RoleInfo (RoleInfo.java:shutdownLeaderState(93)) - 5b9fa8c3-08c3-43f9-b175-3119fbbe3900: shutdown 5b9fa8c3-08c3-43f9-b175-3119fbbe3900@group-4902C97A15D4-LeaderStateImpl
2023-05-17 09:10:08,677 [5b9fa8c3-08c3-43f9-b175-3119fbbe3900-impl-thread3] INFO  impl.PendingRequests (PendingRequests.java:sendNotLeaderResponses(289)) - 5b9fa8c3-08c3-43f9-b175-3119fbbe3900@group-4902C97A15D4-PendingRequests: sendNotLeaderResponses
2023-05-17 09:10:08,683 [Listener at 127.0.0.1/15004] INFO  server.GrpcService (GrpcService.java:closeImpl(311)) - 5b9fa8c3-08c3-43f9-b175-3119fbbe3900: shutdown server org.apache.ratis.grpc.server.GrpcClientProtocolService now
2023-05-17 09:10:08,684 [5b9fa8c3-08c3-43f9-b175-3119fbbe3900-impl-thread4] INFO  server.RaftServer$Division (RaftServerImpl.java:lambda$close$4(466)) - 5b9fa8c3-08c3-43f9-b175-3119fbbe3900@group-A7669F4B16A5: shutdown
2023-05-17 09:10:08,684 [5b9fa8c3-08c3-43f9-b175-3119fbbe3900-impl-thread4] INFO  util.JmxRegister (JmxRegister.java:unregister(73)) - Successfully un-registered JMX Bean with object name Ratis:service=RaftServer,group=group-A7669F4B16A5,id=5b9fa8c3-08c3-43f9-b175-3119fbbe3900
2023-05-17 09:10:08,684 [5b9fa8c3-08c3-43f9-b175-3119fbbe3900-impl-thread4] INFO  impl.RoleInfo (RoleInfo.java:shutdownFollowerState(110)) - 5b9fa8c3-08c3-43f9-b175-3119fbbe3900: shutdown 5b9fa8c3-08c3-43f9-b175-3119fbbe3900@group-A7669F4B16A5-FollowerState
2023-05-17 09:10:08,689 [Thread-1517] INFO  server.GrpcServerProtocolClient (GrpcServerProtocolClient.java:close(103)) - 5b9af961-56be-4fa8-844e-3cefe1429416 Close channels
2023-05-17 09:10:08,690 [5b9fa8c3-08c3-43f9-b175-3119fbbe3900@group-F19CF75F4C85->bcbacd9a-ca93-42dd-bb1e-f9c21d91cd60-GrpcLogAppender-LogAppenderDaemon] WARN  server.GrpcLogAppender (GrpcLogAppender.java:mayWait(199)) - 5b9fa8c3-08c3-43f9-b175-3119fbbe3900@group-F19CF75F4C85->bcbacd9a-ca93-42dd-bb1e-f9c21d91cd60-GrpcLogAppender: Wait interrupted by java.lang.InterruptedException
2023-05-17 09:10:08,692 [grpc-default-executor-10] INFO  server.GrpcServerProtocolService (GrpcServerProtocolService.java:onCompleted(155)) - bcbacd9a-ca93-42dd-bb1e-f9c21d91cd60: Completed APPEND_ENTRIES, lastRequest: 5b9fa8c3-08c3-43f9-b175-3119fbbe3900->bcbacd9a-ca93-42dd-bb1e-f9c21d91cd60#305-t1,previous=(t:1, i:247),leaderCommit=247,initializing? true,entries: size=1, first=(t:1, i:248), METADATAENTRY(c:247)
2023-05-17 09:10:08,693 [grpc-default-executor-10] INFO  server.GrpcServerProtocolService (GrpcServerProtocolService.java:lambda$onCompleted$5(157)) - bcbacd9a-ca93-42dd-bb1e-f9c21d91cd60: Completed APPEND_ENTRIES, lastReply: null
2023-05-17 09:10:08,693 [5b9fa8c3-08c3-43f9-b175-3119fbbe3900-impl-thread3] INFO  impl.StateMachineUpdater (StateMachineUpdater.java:stopAndJoin(155)) - 5b9fa8c3-08c3-43f9-b175-3119fbbe3900@group-4902C97A15D4-StateMachineUpdater: set stopIndex = 94
2023-05-17 09:10:08,689 [Thread-1518] INFO  server.GrpcServerProtocolClient (GrpcServerProtocolClient.java:close(103)) - bcbacd9a-ca93-42dd-bb1e-f9c21d91cd60 Close channels
2023-05-17 09:10:08,689 [5b9fa8c3-08c3-43f9-b175-3119fbbe3900@group-F19CF75F4C85->5b9af961-56be-4fa8-844e-3cefe1429416-GrpcLogAppender-LogAppenderDaemon] WARN  server.GrpcLogAppender (GrpcLogAppender.java:mayWait(199)) - 5b9fa8c3-08c3-43f9-b175-3119fbbe3900@group-F19CF75F4C85->5b9af961-56be-4fa8-844e-3cefe1429416-GrpcLogAppender: Wait interrupted by java.lang.InterruptedException
2023-05-17 09:10:08,689 [5b9fa8c3-08c3-43f9-b175-3119fbbe3900-impl-thread2] INFO  impl.PendingRequests (PendingRequests.java:sendNotLeaderResponses(289)) - 5b9fa8c3-08c3-43f9-b175-3119fbbe3900@group-F19CF75F4C85-PendingRequests: sendNotLeaderResponses
2023-05-17 09:10:08,699 [5b9fa8c3-08c3-43f9-b175-3119fbbe3900@group-A7669F4B16A5-FollowerState] INFO  impl.FollowerState (FollowerState.java:run(152)) - 5b9fa8c3-08c3-43f9-b175-3119fbbe3900@group-A7669F4B16A5-FollowerState was interrupted
2023-05-17 09:10:08,699 [5b9fa8c3-08c3-43f9-b175-3119fbbe3900-impl-thread4] INFO  impl.StateMachineUpdater (StateMachineUpdater.java:stopAndJoin(155)) - 5b9fa8c3-08c3-43f9-b175-3119fbbe3900@group-A7669F4B16A5-StateMachineUpdater: set stopIndex = 168
2023-05-17 09:10:08,699 [5b9fa8c3-08c3-43f9-b175-3119fbbe3900-impl-thread2] INFO  impl.StateMachineUpdater (StateMachineUpdater.java:stopAndJoin(155)) - 5b9fa8c3-08c3-43f9-b175-3119fbbe3900@group-F19CF75F4C85-StateMachineUpdater: set stopIndex = 248
2023-05-17 09:10:08,699 [5b9fa8c3-08c3-43f9-b175-3119fbbe3900@group-A7669F4B16A5-StateMachineUpdater] INFO  ratis.ContainerStateMachine (ContainerStateMachine.java:takeSnapshot(330)) - group-A7669F4B16A5: Taking a snapshot at:(t:1, i:168) file /home/runner/work/ozone/ozone/hadoop-ozone/integration-test/target/test-dir/MiniOzoneClusterImpl-21d14123-a168-44a2-bc0a-ee93e32dcc9b/datanode-8/data/ratis/198e1bf6-3ffb-4307-8ad0-a7669f4b16a5/sm/snapshot.1_168
2023-05-17 09:10:08,700 [5b9fa8c3-08c3-43f9-b175-3119fbbe3900@group-F19CF75F4C85-StateMachineUpdater] INFO  ratis.ContainerStateMachine (ContainerStateMachine.java:takeSnapshot(330)) - group-F19CF75F4C85: Taking a snapshot at:(t:1, i:248) file /home/runner/work/ozone/ozone/hadoop-ozone/integration-test/target/test-dir/MiniOzoneClusterImpl-21d14123-a168-44a2-bc0a-ee93e32dcc9b/datanode-8/data/ratis/a870d4e5-2afa-42e0-ae48-f19cf75f4c85/sm/snapshot.1_248
2023-05-17 09:10:08,703 [grpc-default-executor-11] INFO  server.GrpcServerProtocolService (GrpcServerProtocolService.java:onCompleted(155)) - bcbacd9a-ca93-42dd-bb1e-f9c21d91cd60: Completed APPEND_ENTRIES, lastRequest: null
2023-05-17 09:10:08,703 [grpc-default-executor-11] INFO  server.GrpcServerProtocolService (GrpcServerProtocolService.java:lambda$onCompleted$5(157)) - bcbacd9a-ca93-42dd-bb1e-f9c21d91cd60: Completed APPEND_ENTRIES, lastReply: serverReply {
  requestorId: "5b9fa8c3-08c3-43f9-b175-3119fbbe3900"
  replyId: "bcbacd9a-ca93-42dd-bb1e-f9c21d91cd60"
  raftGroupId {
    id: "\250p\324\345*\372B\340\256H\361\234\367_L\205"
  }
  callId: 309
  success: true
}
term: 1
nextIndex: 249
followerCommit: 248
matchIndex: 18446744073709551615
isHearbeat: true

2023-05-17 09:10:08,703 [grpc-default-executor-14] INFO  server.GrpcLogAppender (GrpcLogAppender.java:onCompleted(428)) - 5b9fa8c3-08c3-43f9-b175-3119fbbe3900@group-F19CF75F4C85->bcbacd9a-ca93-42dd-bb1e-f9c21d91cd60-AppendLogResponseHandler: follower responses appendEntries COMPLETED
2023-05-17 09:10:08,703 [grpc-default-executor-14] WARN  server.GrpcLogAppender (GrpcLogAppender.java:resetClient(137)) - 5b9fa8c3-08c3-43f9-b175-3119fbbe3900@group-F19CF75F4C85->bcbacd9a-ca93-42dd-bb1e-f9c21d91cd60-GrpcLogAppender: Failed to getClient for bcbacd9a-ca93-42dd-bb1e-f9c21d91cd60
org.apache.ratis.protocol.exceptions.AlreadyClosedException: 5b9fa8c3-08c3-43f9-b175-3119fbbe3900 is already CLOSED
	at org.apache.ratis.util.PeerProxyMap$PeerAndProxy.getProxy(PeerProxyMap.java:61)
	at org.apache.ratis.util.PeerProxyMap.getProxy(PeerProxyMap.java:115)
	at org.apache.ratis.grpc.server.GrpcLogAppender.getClient(GrpcLogAppender.java:112)
	at org.apache.ratis.grpc.server.GrpcLogAppender.resetClient(GrpcLogAppender.java:117)
	at org.apache.ratis.grpc.server.GrpcLogAppender.access$500(GrpcLogAppender.java:56)
	at org.apache.ratis.grpc.server.GrpcLogAppender$AppendLogResponseHandler.onCompleted(GrpcLogAppender.java:429)
	at org.apache.ratis.thirdparty.io.grpc.stub.ClientCalls$StreamObserverToCallListenerAdapter.onClose(ClientCalls.java:485)
	at org.apache.ratis.thirdparty.io.grpc.internal.ClientCallImpl.closeObserver(ClientCallImpl.java:563)
	at org.apache.ratis.thirdparty.io.grpc.internal.ClientCallImpl.access$300(ClientCallImpl.java:70)
	at org.apache.ratis.thirdparty.io.grpc.internal.ClientCallImpl$ClientStreamListenerImpl$1StreamClosed.runInternal(ClientCallImpl.java:744)
	at org.apache.ratis.thirdparty.io.grpc.internal.ClientCallImpl$ClientStreamListenerImpl$1StreamClosed.runInContext(ClientCallImpl.java:723)
	at org.apache.ratis.thirdparty.io.grpc.internal.ContextRunnable.run(ContextRunnable.java:37)
	at org.apache.ratis.thirdparty.io.grpc.internal.SerializingExecutor.run(SerializingExecutor.java:133)
	at java.util.concurrent.ThreadPoolExecutor.runWorker(ThreadPoolExecutor.java:1149)
	at java.util.concurrent.ThreadPoolExecutor$Worker.run(ThreadPoolExecutor.java:624)
	at java.lang.Thread.run(Thread.java:750)
2023-05-17 09:10:08,704 [5b9fa8c3-08c3-43f9-b175-3119fbbe3900@group-4902C97A15D4-StateMachineUpdater] INFO  ratis.ContainerStateMachine (ContainerStateMachine.java:takeSnapshot(330)) - group-4902C97A15D4: Taking a snapshot at:(t:1, i:94) file /home/runner/work/ozone/ozone/hadoop-ozone/integration-test/target/test-dir/MiniOzoneClusterImpl-21d14123-a168-44a2-bc0a-ee93e32dcc9b/datanode-8/data/ratis/b0bff6a4-6f25-4e85-bba4-4902c97a15d4/sm/snapshot.1_94
2023-05-17 09:10:08,704 [ForkJoinPool.commonPool-worker-2] INFO  utils.DatanodeStoreCache (DatanodeStoreCache.java:shutdownCache(110)) - Skip clearing cache in mini cluster mode. Entries left: [/home/runner/work/ozone/ozone/hadoop-ozone/integration-test/target/test-dir/MiniOzoneClusterImpl-21d14123-a168-44a2-bc0a-ee93e32dcc9b/datanode-1/data-0/containers/hdds/21d14123-a168-44a2-bc0a-ee93e32dcc9b/DS-75573b26-bbc5-41aa-b498-c98da6c079d0/container.db, /home/runner/work/ozone/ozone/hadoop-ozone/integration-test/target/test-dir/MiniOzoneClusterImpl-21d14123-a168-44a2-bc0a-ee93e32dcc9b/datanode-10/data-0/containers/hdds/21d14123-a168-44a2-bc0a-ee93e32dcc9b/DS-233eabbb-a58c-4f05-ba46-cc5ca12d4c84/container.db, /home/runner/work/ozone/ozone/hadoop-ozone/integration-test/target/test-dir/MiniOzoneClusterImpl-21d14123-a168-44a2-bc0a-ee93e32dcc9b/datanode-11/data-0/containers/hdds/21d14123-a168-44a2-bc0a-ee93e32dcc9b/DS-654292e4-cba6-49f8-9303-4f376585f7ba/container.db, /home/runner/work/ozone/ozone/hadoop-ozone/integration-test/target/test-dir/MiniOzoneClusterImpl-21d14123-a168-44a2-bc0a-ee93e32dcc9b/datanode-13/data-0/containers/hdds/21d14123-a168-44a2-bc0a-ee93e32dcc9b/DS-ccdd6bfe-6239-4ba1-ad61-45d66ca46ddd/container.db, /home/runner/work/ozone/ozone/hadoop-ozone/integration-test/target/test-dir/MiniOzoneClusterImpl-21d14123-a168-44a2-bc0a-ee93e32dcc9b/datanode-2/data-0/containers/hdds/21d14123-a168-44a2-bc0a-ee93e32dcc9b/DS-813ee51c-fe06-4b3d-9da0-281f4df98916/container.db, /home/runner/work/ozone/ozone/hadoop-ozone/integration-test/target/test-dir/MiniOzoneClusterImpl-21d14123-a168-44a2-bc0a-ee93e32dcc9b/datanode-4/data-0/containers/hdds/21d14123-a168-44a2-bc0a-ee93e32dcc9b/DS-eb8a5b14-3ceb-4412-bc88-7c7afa5b4695/container.db, /home/runner/work/ozone/ozone/hadoop-ozone/integration-test/target/test-dir/MiniOzoneClusterImpl-21d14123-a168-44a2-bc0a-ee93e32dcc9b/datanode-5/data-0/containers/hdds/21d14123-a168-44a2-bc0a-ee93e32dcc9b/DS-69b7d735-4ef4-4d4a-bf03-5b7828e5017a/container.db, /home/runner/work/ozone/ozone/hadoop-ozone/integration-test/target/test-dir/MiniOzoneClusterImpl-21d14123-a168-44a2-bc0a-ee93e32dcc9b/datanode-6/data-0/containers/hdds/21d14123-a168-44a2-bc0a-ee93e32dcc9b/DS-e6fd543f-4499-4b15-9a4b-898f106d3433/container.db, /home/runner/work/ozone/ozone/hadoop-ozone/integration-test/target/test-dir/MiniOzoneClusterImpl-21d14123-a168-44a2-bc0a-ee93e32dcc9b/datanode-8/data-0/containers/hdds/21d14123-a168-44a2-bc0a-ee93e32dcc9b/DS-e94b1d01-c5b8-4897-95eb-dd43dff24a02/container.db, /home/runner/work/ozone/ozone/hadoop-ozone/integration-test/target/test-dir/MiniOzoneClusterImpl-21d14123-a168-44a2-bc0a-ee93e32dcc9b/datanode-9/data-0/containers/hdds/21d14123-a168-44a2-bc0a-ee93e32dcc9b/DS-60ea85da-57d1-4a0a-ae19-1b89393ebde5/container.db]
2023-05-17 09:10:08,707 [5b9fa8c3-08c3-43f9-b175-3119fbbe3900@group-F19CF75F4C85-StateMachineUpdater] INFO  ratis.ContainerStateMachine (ContainerStateMachine.java:takeSnapshot(341)) - group-F19CF75F4C85: Finished taking a snapshot at:(t:1, i:248) file:/home/runner/work/ozone/ozone/hadoop-ozone/integration-test/target/test-dir/MiniOzoneClusterImpl-21d14123-a168-44a2-bc0a-ee93e32dcc9b/datanode-8/data/ratis/a870d4e5-2afa-42e0-ae48-f19cf75f4c85/sm/snapshot.1_248 took: 7 ms
2023-05-17 09:10:08,707 [5b9fa8c3-08c3-43f9-b175-3119fbbe3900@group-F19CF75F4C85-StateMachineUpdater] INFO  impl.StateMachineUpdater (StateMachineUpdater.java:takeSnapshot(291)) - 5b9fa8c3-08c3-43f9-b175-3119fbbe3900@group-F19CF75F4C85-StateMachineUpdater: Took a snapshot at index 248
2023-05-17 09:10:08,707 [5b9fa8c3-08c3-43f9-b175-3119fbbe3900@group-F19CF75F4C85-StateMachineUpdater] INFO  impl.StateMachineUpdater (StateMachineUpdater.java:lambda$new$0(97)) - 5b9fa8c3-08c3-43f9-b175-3119fbbe3900@group-F19CF75F4C85-StateMachineUpdater: snapshotIndex: updateIncreasingly -1 -> 248
2023-05-17 09:10:08,708 [5b9fa8c3-08c3-43f9-b175-3119fbbe3900@group-A7669F4B16A5-StateMachineUpdater] INFO  ratis.ContainerStateMachine (ContainerStateMachine.java:takeSnapshot(341)) - group-A7669F4B16A5: Finished taking a snapshot at:(t:1, i:168) file:/home/runner/work/ozone/ozone/hadoop-ozone/integration-test/target/test-dir/MiniOzoneClusterImpl-21d14123-a168-44a2-bc0a-ee93e32dcc9b/datanode-8/data/ratis/198e1bf6-3ffb-4307-8ad0-a7669f4b16a5/sm/snapshot.1_168 took: 9 ms
2023-05-17 09:10:08,708 [5b9fa8c3-08c3-43f9-b175-3119fbbe3900@group-A7669F4B16A5-StateMachineUpdater] INFO  impl.StateMachineUpdater (StateMachineUpdater.java:takeSnapshot(291)) - 5b9fa8c3-08c3-43f9-b175-3119fbbe3900@group-A7669F4B16A5-StateMachineUpdater: Took a snapshot at index 168
2023-05-17 09:10:08,708 [5b9fa8c3-08c3-43f9-b175-3119fbbe3900@group-A7669F4B16A5-StateMachineUpdater] INFO  impl.StateMachineUpdater (StateMachineUpdater.java:lambda$new$0(97)) - 5b9fa8c3-08c3-43f9-b175-3119fbbe3900@group-A7669F4B16A5-StateMachineUpdater: snapshotIndex: updateIncreasingly -1 -> 168
2023-05-17 09:10:08,708 [5b9fa8c3-08c3-43f9-b175-3119fbbe3900@group-4902C97A15D4-StateMachineUpdater] INFO  ratis.ContainerStateMachine (ContainerStateMachine.java:takeSnapshot(341)) - group-4902C97A15D4: Finished taking a snapshot at:(t:1, i:94) file:/home/runner/work/ozone/ozone/hadoop-ozone/integration-test/target/test-dir/MiniOzoneClusterImpl-21d14123-a168-44a2-bc0a-ee93e32dcc9b/datanode-8/data/ratis/b0bff6a4-6f25-4e85-bba4-4902c97a15d4/sm/snapshot.1_94 took: 4 ms
2023-05-17 09:10:08,708 [5b9fa8c3-08c3-43f9-b175-3119fbbe3900@group-4902C97A15D4-StateMachineUpdater] INFO  impl.StateMachineUpdater (StateMachineUpdater.java:takeSnapshot(291)) - 5b9fa8c3-08c3-43f9-b175-3119fbbe3900@group-4902C97A15D4-StateMachineUpdater: Took a snapshot at index 94
2023-05-17 09:10:08,708 [5b9fa8c3-08c3-43f9-b175-3119fbbe3900@group-4902C97A15D4-StateMachineUpdater] INFO  impl.StateMachineUpdater (StateMachineUpdater.java:lambda$new$0(97)) - 5b9fa8c3-08c3-43f9-b175-3119fbbe3900@group-4902C97A15D4-StateMachineUpdater: snapshotIndex: updateIncreasingly -1 -> 94
2023-05-17 09:10:08,708 [5b9fa8c3-08c3-43f9-b175-3119fbbe3900-impl-thread2] INFO  server.RaftServer$Division (ServerState.java:close(472)) - 5b9fa8c3-08c3-43f9-b175-3119fbbe3900@group-F19CF75F4C85: closes. applyIndex: 248
2023-05-17 09:10:08,709 [5b9fa8c3-08c3-43f9-b175-3119fbbe3900-impl-thread3] INFO  server.RaftServer$Division (ServerState.java:close(472)) - 5b9fa8c3-08c3-43f9-b175-3119fbbe3900@group-4902C97A15D4: closes. applyIndex: 94
2023-05-17 09:10:08,709 [5b9fa8c3-08c3-43f9-b175-3119fbbe3900-impl-thread4] INFO  server.RaftServer$Division (ServerState.java:close(472)) - 5b9fa8c3-08c3-43f9-b175-3119fbbe3900@group-A7669F4B16A5: closes. applyIndex: 168
2023-05-17 09:10:08,717 [grpc-default-executor-11] INFO  server.GrpcLogAppender (GrpcLogAppender.java:onCompleted(428)) - 5b9fa8c3-08c3-43f9-b175-3119fbbe3900@group-F19CF75F4C85->bcbacd9a-ca93-42dd-bb1e-f9c21d91cd60-AppendLogResponseHandler: follower responses appendEntries COMPLETED
2023-05-17 09:10:08,717 [grpc-default-executor-11] WARN  server.GrpcLogAppender (GrpcLogAppender.java:resetClient(137)) - 5b9fa8c3-08c3-43f9-b175-3119fbbe3900@group-F19CF75F4C85->bcbacd9a-ca93-42dd-bb1e-f9c21d91cd60-GrpcLogAppender: Failed to getClient for bcbacd9a-ca93-42dd-bb1e-f9c21d91cd60
org.apache.ratis.protocol.exceptions.AlreadyClosedException: 5b9fa8c3-08c3-43f9-b175-3119fbbe3900 is already CLOSED
	at org.apache.ratis.util.PeerProxyMap$PeerAndProxy.getProxy(PeerProxyMap.java:61)
	at org.apache.ratis.util.PeerProxyMap.getProxy(PeerProxyMap.java:115)
	at org.apache.ratis.grpc.server.GrpcLogAppender.getClient(GrpcLogAppender.java:112)
	at org.apache.ratis.grpc.server.GrpcLogAppender.resetClient(GrpcLogAppender.java:117)
	at org.apache.ratis.grpc.server.GrpcLogAppender.access$500(GrpcLogAppender.java:56)
	at org.apache.ratis.grpc.server.GrpcLogAppender$AppendLogResponseHandler.onCompleted(GrpcLogAppender.java:429)
	at org.apache.ratis.thirdparty.io.grpc.stub.ClientCalls$StreamObserverToCallListenerAdapter.onClose(ClientCalls.java:485)
	at org.apache.ratis.thirdparty.io.grpc.internal.ClientCallImpl.closeObserver(ClientCallImpl.java:563)
	at org.apache.ratis.thirdparty.io.grpc.internal.ClientCallImpl.access$300(ClientCallImpl.java:70)
	at org.apache.ratis.thirdparty.io.grpc.internal.ClientCallImpl$ClientStreamListenerImpl$1StreamClosed.runInternal(ClientCallImpl.java:744)
	at org.apache.ratis.thirdparty.io.grpc.internal.ClientCallImpl$ClientStreamListenerImpl$1StreamClosed.runInContext(ClientCallImpl.java:723)
	at org.apache.ratis.thirdparty.io.grpc.internal.ContextRunnable.run(ContextRunnable.java:37)
	at org.apache.ratis.thirdparty.io.grpc.internal.SerializingExecutor.run(SerializingExecutor.java:133)
	at java.util.concurrent.ThreadPoolExecutor.runWorker(ThreadPoolExecutor.java:1149)
	at java.util.concurrent.ThreadPoolExecutor$Worker.run(ThreadPoolExecutor.java:624)
	at java.lang.Thread.run(Thread.java:750)
2023-05-17 09:10:08,718 [ForkJoinPool.commonPool-worker-2] INFO  utils.DatanodeStoreCache (DatanodeStoreCache.java:removeDB(104)) - Removed db /home/runner/work/ozone/ozone/hadoop-ozone/integration-test/target/test-dir/MiniOzoneClusterImpl-21d14123-a168-44a2-bc0a-ee93e32dcc9b/datanode-10/data-0/containers/hdds/21d14123-a168-44a2-bc0a-ee93e32dcc9b/DS-233eabbb-a58c-4f05-ba46-cc5ca12d4c84/container.db from cache
2023-05-17 09:10:08,718 [ForkJoinPool.commonPool-worker-2] INFO  volume.HddsVolume (HddsVolume.java:closeDbStore(437)) - SchemaV3 db is stopped at /home/runner/work/ozone/ozone/hadoop-ozone/integration-test/target/test-dir/MiniOzoneClusterImpl-21d14123-a168-44a2-bc0a-ee93e32dcc9b/datanode-10/data-0/containers/hdds/21d14123-a168-44a2-bc0a-ee93e32dcc9b/DS-233eabbb-a58c-4f05-ba46-cc5ca12d4c84/container.db for volume DS-233eabbb-a58c-4f05-ba46-cc5ca12d4c84
2023-05-17 09:10:08,720 [ForkJoinPool.commonPool-worker-2] INFO  utils.BackgroundService (BackgroundService.java:shutdown(141)) - Shutting down service BlockDeletingService
2023-05-17 09:10:08,721 [ForkJoinPool.commonPool-worker-2] INFO  utils.BackgroundService (BackgroundService.java:shutdown(141)) - Shutting down service StaleRecoveringContainerScrubbingService
2023-05-17 09:10:08,722 [Listener at 127.0.0.1/15004] INFO  server.GrpcService (GrpcService.java:closeImpl(320)) - 5b9fa8c3-08c3-43f9-b175-3119fbbe3900: shutdown server org.apache.ratis.grpc.server.GrpcClientProtocolService successfully
2023-05-17 09:10:08,730 [Listener at 127.0.0.1/15004] INFO  server.GrpcService (GrpcService.java:closeImpl(311)) - 5b9fa8c3-08c3-43f9-b175-3119fbbe3900: shutdown server GrpcServerProtocolService now
2023-05-17 09:10:08,730 [ForkJoinPool.commonPool-worker-2] INFO  statemachine.DatanodeStateMachine (DatanodeStateMachine.java:stopDaemon(608)) - Ozone container server stopped.
2023-05-17 09:10:08,730 [b98521b2-5644-4aab-8244-d2e66a88cd45-impl-thread4] INFO  segmented.SegmentedRaftLogWorker (SegmentedRaftLogWorker.java:close(252)) - b98521b2-5644-4aab-8244-d2e66a88cd45@group-2EE872F2B0F0-SegmentedRaftLogWorker close()
2023-05-17 09:10:08,737 [grpc-default-executor-5] WARN  server.GrpcLogAppender (LogUtils.java:warn(122)) - bcbacd9a-ca93-42dd-bb1e-f9c21d91cd60@group-A7669F4B16A5->5b9fa8c3-08c3-43f9-b175-3119fbbe3900-AppendLogResponseHandler: Failed appendEntries: org.apache.ratis.thirdparty.io.grpc.StatusRuntimeException: CANCELLED: RST_STREAM closed stream. HTTP/2 error code: CANCEL
2023-05-17 09:10:08,737 [grpc-default-executor-5] INFO  leader.FollowerInfo (FollowerInfoImpl.java:lambda$new$0(52)) - bcbacd9a-ca93-42dd-bb1e-f9c21d91cd60@group-A7669F4B16A5->5b9fa8c3-08c3-43f9-b175-3119fbbe3900: decreaseNextIndex nextIndex: updateUnconditionally 169 -> 168
2023-05-17 09:10:08,737 [grpc-default-executor-10] WARN  server.GrpcServerProtocolService (LogUtils.java:warn(122)) - 5b9fa8c3-08c3-43f9-b175-3119fbbe3900: APPEND_ENTRIES onError, lastRequest: bcbacd9a-ca93-42dd-bb1e-f9c21d91cd60->5b9fa8c3-08c3-43f9-b175-3119fbbe3900#234-t1,previous=(t:1, i:167),leaderCommit=167,initializing? true,entries: size=1, first=(t:1, i:168), METADATAENTRY(c:167): org.apache.ratis.thirdparty.io.grpc.StatusRuntimeException: CANCELLED: client cancelled
2023-05-17 09:10:08,737 [grpc-default-executor-13] WARN  server.GrpcLogAppender (LogUtils.java:warn(122)) - bcbacd9a-ca93-42dd-bb1e-f9c21d91cd60@group-A7669F4B16A5->5b9fa8c3-08c3-43f9-b175-3119fbbe3900-AppendLogResponseHandler: Failed appendEntries: org.apache.ratis.thirdparty.io.grpc.StatusRuntimeException: CANCELLED: RST_STREAM closed stream. HTTP/2 error code: CANCEL
2023-05-17 09:10:08,737 [grpc-default-executor-13] INFO  leader.FollowerInfo (FollowerInfoImpl.java:lambda$new$0(52)) - bcbacd9a-ca93-42dd-bb1e-f9c21d91cd60@group-A7669F4B16A5->5b9fa8c3-08c3-43f9-b175-3119fbbe3900: decreaseNextIndex nextIndex: updateUnconditionally 168 -> 167
2023-05-17 09:10:08,737 [grpc-default-executor-3] WARN  server.GrpcServerProtocolService (LogUtils.java:warn(122)) - 5b9fa8c3-08c3-43f9-b175-3119fbbe3900: APPEND_ENTRIES onError, lastRequest: null: org.apache.ratis.thirdparty.io.grpc.StatusRuntimeException: CANCELLED: client cancelled
2023-05-17 09:10:08,738 [Listener at 127.0.0.1/15004] INFO  server.GrpcService (GrpcService.java:closeImpl(320)) - 5b9fa8c3-08c3-43f9-b175-3119fbbe3900: shutdown server GrpcServerProtocolService successfully
2023-05-17 09:10:08,738 [Listener at 127.0.0.1/15004] INFO  server.GrpcService (GrpcService.java:closeImpl(311)) - 5b9fa8c3-08c3-43f9-b175-3119fbbe3900: shutdown server org.apache.ratis.grpc.server.GrpcAdminProtocolService now
2023-05-17 09:10:08,745 [Listener at 127.0.0.1/15004] INFO  server.GrpcService (GrpcService.java:closeImpl(320)) - 5b9fa8c3-08c3-43f9-b175-3119fbbe3900: shutdown server org.apache.ratis.grpc.server.GrpcAdminProtocolService successfully
2023-05-17 09:10:08,745 [ForkJoinPool.commonPool-worker-2] INFO  handler.ContextHandler (ContextHandler.java:doStop(1159)) - Stopped o.e.j.w.WebAppContext@2e01a901{hddsDatanode,/,null,STOPPED}{jar:file:/home/runner/.m2/repository/org/apache/ozone/hdds-container-service/1.4.0-SNAPSHOT/hdds-container-service-1.4.0-SNAPSHOT.jar!/webapps/hddsDatanode}
2023-05-17 09:10:08,746 [5b9fa8c3-08c3-43f9-b175-3119fbbe3900-NettyServerStreamRpc-bossGroup--thread1] INFO  logging.LoggingHandler (AbstractInternalLogger.java:log(148)) - [id: 0xa22bea88, L:/0:0:0:0:0:0:0:0:15078] CLOSE
2023-05-17 09:10:08,746 [5b9fa8c3-08c3-43f9-b175-3119fbbe3900-NettyServerStreamRpc-bossGroup--thread1] INFO  logging.LoggingHandler (AbstractInternalLogger.java:log(148)) - [id: 0xa22bea88, L:/0:0:0:0:0:0:0:0:15078] INACTIVE
2023-05-17 09:10:08,746 [5b9fa8c3-08c3-43f9-b175-3119fbbe3900-NettyServerStreamRpc-bossGroup--thread1] INFO  logging.LoggingHandler (AbstractInternalLogger.java:log(148)) - [id: 0xa22bea88, L:/0:0:0:0:0:0:0:0:15078] UNREGISTERED
2023-05-17 09:10:08,747 [ForkJoinPool.commonPool-worker-2] INFO  server.AbstractConnector (AbstractConnector.java:doStop(383)) - Stopped ServerConnector@dae0597{HTTP/1.1, (http/1.1)}{0.0.0.0:15089}
2023-05-17 09:10:08,748 [ForkJoinPool.commonPool-worker-2] INFO  server.session (HouseKeeper.java:stopScavenging(149)) - node0 Stopped scavenging
2023-05-17 09:10:08,755 [ForkJoinPool.commonPool-worker-2] INFO  handler.ContextHandler (ContextHandler.java:doStop(1159)) - Stopped o.e.j.s.ServletContextHandler@230e894{static,/static,jar:file:/home/runner/.m2/repository/org/apache/ozone/hdds-container-service/1.4.0-SNAPSHOT/hdds-container-service-1.4.0-SNAPSHOT.jar!/webapps/static,STOPPED}
2023-05-17 09:10:08,757 [ForkJoinPool.commonPool-worker-2] INFO  handler.ContextHandler (ContextHandler.java:doStop(1159)) - Stopped o.e.j.s.ServletContextHandler@3c26a536{logs,/logs,file:///home/runner/work/ozone/ozone/hadoop-ozone/integration-test/target/log,STOPPED}
2023-05-17 09:10:08,761 [ForkJoinPool.commonPool-worker-2] INFO  ozoneimpl.OzoneContainer (OzoneContainer.java:stop(419)) - Attempting to stop container services.
2023-05-17 09:10:08,762 [ForkJoinPool.commonPool-worker-2] INFO  server.RaftServer (RaftServerProxy.java:lambda$close$6(416)) - 4ea9b805-d843-4364-8f91-0c3c20e3ed71: close
2023-05-17 09:10:08,765 [4ea9b805-d843-4364-8f91-0c3c20e3ed71-impl-thread2] INFO  server.RaftServer$Division (RaftServerImpl.java:lambda$close$4(466)) - 4ea9b805-d843-4364-8f91-0c3c20e3ed71@group-E694C42C06C7: shutdown
2023-05-17 09:10:08,765 [4ea9b805-d843-4364-8f91-0c3c20e3ed71-impl-thread2] INFO  util.JmxRegister (JmxRegister.java:unregister(73)) - Successfully un-registered JMX Bean with object name Ratis:service=RaftServer,group=group-E694C42C06C7,id=4ea9b805-d843-4364-8f91-0c3c20e3ed71
2023-05-17 09:10:08,765 [4ea9b805-d843-4364-8f91-0c3c20e3ed71-impl-thread2] INFO  impl.RoleInfo (RoleInfo.java:shutdownLeaderState(93)) - 4ea9b805-d843-4364-8f91-0c3c20e3ed71: shutdown 4ea9b805-d843-4364-8f91-0c3c20e3ed71@group-E694C42C06C7-LeaderStateImpl
2023-05-17 09:10:08,766 [4ea9b805-d843-4364-8f91-0c3c20e3ed71-impl-thread3] INFO  server.RaftServer$Division (RaftServerImpl.java:lambda$close$4(466)) - 4ea9b805-d843-4364-8f91-0c3c20e3ed71@group-6A381084A931: shutdown
2023-05-17 09:10:08,766 [4ea9b805-d843-4364-8f91-0c3c20e3ed71-impl-thread3] INFO  util.JmxRegister (JmxRegister.java:unregister(73)) - Successfully un-registered JMX Bean with object name Ratis:service=RaftServer,group=group-6A381084A931,id=4ea9b805-d843-4364-8f91-0c3c20e3ed71
2023-05-17 09:10:08,766 [4ea9b805-d843-4364-8f91-0c3c20e3ed71-impl-thread3] INFO  impl.RoleInfo (RoleInfo.java:shutdownFollowerState(110)) - 4ea9b805-d843-4364-8f91-0c3c20e3ed71: shutdown 4ea9b805-d843-4364-8f91-0c3c20e3ed71@group-6A381084A931-FollowerState
2023-05-17 09:10:08,766 [ForkJoinPool.commonPool-worker-2] INFO  server.GrpcService (GrpcService.java:closeImpl(311)) - 4ea9b805-d843-4364-8f91-0c3c20e3ed71: shutdown server org.apache.ratis.grpc.server.GrpcClientProtocolService now
2023-05-17 09:10:08,766 [4ea9b805-d843-4364-8f91-0c3c20e3ed71-impl-thread4] INFO  server.RaftServer$Division (RaftServerImpl.java:lambda$close$4(466)) - 4ea9b805-d843-4364-8f91-0c3c20e3ed71@group-8FB84FAB7D0D: shutdown
2023-05-17 09:10:08,766 [4ea9b805-d843-4364-8f91-0c3c20e3ed71-impl-thread4] INFO  util.JmxRegister (JmxRegister.java:unregister(73)) - Successfully un-registered JMX Bean with object name Ratis:service=RaftServer,group=group-8FB84FAB7D0D,id=4ea9b805-d843-4364-8f91-0c3c20e3ed71
2023-05-17 09:10:08,766 [4ea9b805-d843-4364-8f91-0c3c20e3ed71-impl-thread4] INFO  impl.RoleInfo (RoleInfo.java:shutdownLeaderState(93)) - 4ea9b805-d843-4364-8f91-0c3c20e3ed71: shutdown 4ea9b805-d843-4364-8f91-0c3c20e3ed71@group-8FB84FAB7D0D-LeaderStateImpl
2023-05-17 09:10:08,769 [4ea9b805-d843-4364-8f91-0c3c20e3ed71-impl-thread4] INFO  impl.PendingRequests (PendingRequests.java:sendNotLeaderResponses(289)) - 4ea9b805-d843-4364-8f91-0c3c20e3ed71@group-8FB84FAB7D0D-PendingRequests: sendNotLeaderResponses
2023-05-17 09:10:08,769 [Thread-1540] INFO  server.GrpcServerProtocolClient (GrpcServerProtocolClient.java:close(103)) - a82ad0ea-641b-4ac2-b933-a1a26b5fe742 Close channels
2023-05-17 09:10:08,769 [4ea9b805-d843-4364-8f91-0c3c20e3ed71-impl-thread3] INFO  impl.StateMachineUpdater (StateMachineUpdater.java:stopAndJoin(155)) - 4ea9b805-d843-4364-8f91-0c3c20e3ed71@group-6A381084A931-StateMachineUpdater: set stopIndex = 182
2023-05-17 09:10:08,769 [4ea9b805-d843-4364-8f91-0c3c20e3ed71@group-6A381084A931-FollowerState] INFO  impl.FollowerState (FollowerState.java:run(152)) - 4ea9b805-d843-4364-8f91-0c3c20e3ed71@group-6A381084A931-FollowerState was interrupted
2023-05-17 09:10:08,769 [4ea9b805-d843-4364-8f91-0c3c20e3ed71-impl-thread4] INFO  impl.StateMachineUpdater (StateMachineUpdater.java:stopAndJoin(155)) - 4ea9b805-d843-4364-8f91-0c3c20e3ed71@group-8FB84FAB7D0D-StateMachineUpdater: set stopIndex = 65
2023-05-17 09:10:08,775 [4ea9b805-d843-4364-8f91-0c3c20e3ed71@group-E694C42C06C7->a82ad0ea-641b-4ac2-b933-a1a26b5fe742-GrpcLogAppender-LogAppenderDaemon] WARN  server.GrpcLogAppender (GrpcLogAppender.java:mayWait(199)) - 4ea9b805-d843-4364-8f91-0c3c20e3ed71@group-E694C42C06C7->a82ad0ea-641b-4ac2-b933-a1a26b5fe742-GrpcLogAppender: Wait interrupted by java.lang.InterruptedException
2023-05-17 09:10:08,775 [4ea9b805-d843-4364-8f91-0c3c20e3ed71@group-E694C42C06C7->f1b6f36b-e7af-48b8-b739-38f78676889c-GrpcLogAppender-LogAppenderDaemon] WARN  server.GrpcLogAppender (GrpcLogAppender.java:mayWait(199)) - 4ea9b805-d843-4364-8f91-0c3c20e3ed71@group-E694C42C06C7->f1b6f36b-e7af-48b8-b739-38f78676889c-GrpcLogAppender: Wait interrupted by java.lang.InterruptedException
2023-05-17 09:10:08,775 [grpc-default-executor-3] INFO  server.GrpcServerProtocolService (GrpcServerProtocolService.java:onCompleted(155)) - a82ad0ea-641b-4ac2-b933-a1a26b5fe742: Completed APPEND_ENTRIES, lastRequest: 4ea9b805-d843-4364-8f91-0c3c20e3ed71->a82ad0ea-641b-4ac2-b933-a1a26b5fe742#182-t1,previous=(t:1, i:133),leaderCommit=133,initializing? true,entries: size=1, first=(t:1, i:134), METADATAENTRY(c:133)
2023-05-17 09:10:08,775 [grpc-default-executor-3] INFO  server.GrpcServerProtocolService (GrpcServerProtocolService.java:lambda$onCompleted$5(157)) - a82ad0ea-641b-4ac2-b933-a1a26b5fe742: Completed APPEND_ENTRIES, lastReply: null
2023-05-17 09:10:08,775 [Thread-1539] INFO  server.GrpcServerProtocolClient (GrpcServerProtocolClient.java:close(103)) - f1b6f36b-e7af-48b8-b739-38f78676889c Close channels
2023-05-17 09:10:08,775 [grpc-default-executor-0] INFO  server.GrpcServerProtocolService (GrpcServerProtocolService.java:onCompleted(155)) - a82ad0ea-641b-4ac2-b933-a1a26b5fe742: Completed APPEND_ENTRIES, lastRequest: null
2023-05-17 09:10:08,776 [grpc-default-executor-0] INFO  server.GrpcServerProtocolService (GrpcServerProtocolService.java:lambda$onCompleted$5(157)) - a82ad0ea-641b-4ac2-b933-a1a26b5fe742: Completed APPEND_ENTRIES, lastReply: serverReply {
  requestorId: "4ea9b805-d843-4364-8f91-0c3c20e3ed71"
  replyId: "a82ad0ea-641b-4ac2-b933-a1a26b5fe742"
  raftGroupId {
    id: "s\207\017\207a\027E-\272\021\346\224\304,\006\307"
  }
  callId: 184
  success: true
}
term: 1
nextIndex: 135
followerCommit: 134
matchIndex: 18446744073709551615
isHearbeat: true

2023-05-17 09:10:08,777 [grpc-default-executor-13] INFO  server.GrpcLogAppender (GrpcLogAppender.java:onCompleted(428)) - 4ea9b805-d843-4364-8f91-0c3c20e3ed71@group-E694C42C06C7->a82ad0ea-641b-4ac2-b933-a1a26b5fe742-AppendLogResponseHandler: follower responses appendEntries COMPLETED
2023-05-17 09:10:08,775 [4ea9b805-d843-4364-8f91-0c3c20e3ed71-impl-thread2] INFO  impl.PendingRequests (PendingRequests.java:sendNotLeaderResponses(289)) - 4ea9b805-d843-4364-8f91-0c3c20e3ed71@group-E694C42C06C7-PendingRequests: sendNotLeaderResponses
2023-05-17 09:10:08,777 [grpc-default-executor-13] WARN  server.GrpcLogAppender (GrpcLogAppender.java:resetClient(137)) - 4ea9b805-d843-4364-8f91-0c3c20e3ed71@group-E694C42C06C7->a82ad0ea-641b-4ac2-b933-a1a26b5fe742-GrpcLogAppender: Failed to getClient for a82ad0ea-641b-4ac2-b933-a1a26b5fe742
org.apache.ratis.protocol.exceptions.AlreadyClosedException: 4ea9b805-d843-4364-8f91-0c3c20e3ed71 is already CLOSED
	at org.apache.ratis.util.PeerProxyMap$PeerAndProxy.getProxy(PeerProxyMap.java:61)
	at org.apache.ratis.util.PeerProxyMap.getProxy(PeerProxyMap.java:115)
	at org.apache.ratis.grpc.server.GrpcLogAppender.getClient(GrpcLogAppender.java:112)
	at org.apache.ratis.grpc.server.GrpcLogAppender.resetClient(GrpcLogAppender.java:117)
	at org.apache.ratis.grpc.server.GrpcLogAppender.access$500(GrpcLogAppender.java:56)
	at org.apache.ratis.grpc.server.GrpcLogAppender$AppendLogResponseHandler.onCompleted(GrpcLogAppender.java:429)
	at org.apache.ratis.thirdparty.io.grpc.stub.ClientCalls$StreamObserverToCallListenerAdapter.onClose(ClientCalls.java:485)
	at org.apache.ratis.thirdparty.io.grpc.internal.ClientCallImpl.closeObserver(ClientCallImpl.java:563)
	at org.apache.ratis.thirdparty.io.grpc.internal.ClientCallImpl.access$300(ClientCallImpl.java:70)
	at org.apache.ratis.thirdparty.io.grpc.internal.ClientCallImpl$ClientStreamListenerImpl$1StreamClosed.runInternal(ClientCallImpl.java:744)
	at org.apache.ratis.thirdparty.io.grpc.internal.ClientCallImpl$ClientStreamListenerImpl$1StreamClosed.runInContext(ClientCallImpl.java:723)
	at org.apache.ratis.thirdparty.io.grpc.internal.ContextRunnable.run(ContextRunnable.java:37)
	at org.apache.ratis.thirdparty.io.grpc.internal.SerializingExecutor.run(SerializingExecutor.java:133)
	at java.util.concurrent.ThreadPoolExecutor.runWorker(ThreadPoolExecutor.java:1149)
	at java.util.concurrent.ThreadPoolExecutor$Worker.run(ThreadPoolExecutor.java:624)
	at java.lang.Thread.run(Thread.java:750)
2023-05-17 09:10:08,784 [ForkJoinPool.commonPool-worker-6] INFO  utils.DatanodeStoreCache (DatanodeStoreCache.java:shutdownCache(110)) - Skip clearing cache in mini cluster mode. Entries left: [/home/runner/work/ozone/ozone/hadoop-ozone/integration-test/target/test-dir/MiniOzoneClusterImpl-21d14123-a168-44a2-bc0a-ee93e32dcc9b/datanode-1/data-0/containers/hdds/21d14123-a168-44a2-bc0a-ee93e32dcc9b/DS-75573b26-bbc5-41aa-b498-c98da6c079d0/container.db, /home/runner/work/ozone/ozone/hadoop-ozone/integration-test/target/test-dir/MiniOzoneClusterImpl-21d14123-a168-44a2-bc0a-ee93e32dcc9b/datanode-11/data-0/containers/hdds/21d14123-a168-44a2-bc0a-ee93e32dcc9b/DS-654292e4-cba6-49f8-9303-4f376585f7ba/container.db, /home/runner/work/ozone/ozone/hadoop-ozone/integration-test/target/test-dir/MiniOzoneClusterImpl-21d14123-a168-44a2-bc0a-ee93e32dcc9b/datanode-13/data-0/containers/hdds/21d14123-a168-44a2-bc0a-ee93e32dcc9b/DS-ccdd6bfe-6239-4ba1-ad61-45d66ca46ddd/container.db, /home/runner/work/ozone/ozone/hadoop-ozone/integration-test/target/test-dir/MiniOzoneClusterImpl-21d14123-a168-44a2-bc0a-ee93e32dcc9b/datanode-2/data-0/containers/hdds/21d14123-a168-44a2-bc0a-ee93e32dcc9b/DS-813ee51c-fe06-4b3d-9da0-281f4df98916/container.db, /home/runner/work/ozone/ozone/hadoop-ozone/integration-test/target/test-dir/MiniOzoneClusterImpl-21d14123-a168-44a2-bc0a-ee93e32dcc9b/datanode-4/data-0/containers/hdds/21d14123-a168-44a2-bc0a-ee93e32dcc9b/DS-eb8a5b14-3ceb-4412-bc88-7c7afa5b4695/container.db, /home/runner/work/ozone/ozone/hadoop-ozone/integration-test/target/test-dir/MiniOzoneClusterImpl-21d14123-a168-44a2-bc0a-ee93e32dcc9b/datanode-5/data-0/containers/hdds/21d14123-a168-44a2-bc0a-ee93e32dcc9b/DS-69b7d735-4ef4-4d4a-bf03-5b7828e5017a/container.db, /home/runner/work/ozone/ozone/hadoop-ozone/integration-test/target/test-dir/MiniOzoneClusterImpl-21d14123-a168-44a2-bc0a-ee93e32dcc9b/datanode-6/data-0/containers/hdds/21d14123-a168-44a2-bc0a-ee93e32dcc9b/DS-e6fd543f-4499-4b15-9a4b-898f106d3433/container.db, /home/runner/work/ozone/ozone/hadoop-ozone/integration-test/target/test-dir/MiniOzoneClusterImpl-21d14123-a168-44a2-bc0a-ee93e32dcc9b/datanode-8/data-0/containers/hdds/21d14123-a168-44a2-bc0a-ee93e32dcc9b/DS-e94b1d01-c5b8-4897-95eb-dd43dff24a02/container.db, /home/runner/work/ozone/ozone/hadoop-ozone/integration-test/target/test-dir/MiniOzoneClusterImpl-21d14123-a168-44a2-bc0a-ee93e32dcc9b/datanode-9/data-0/containers/hdds/21d14123-a168-44a2-bc0a-ee93e32dcc9b/DS-60ea85da-57d1-4a0a-ae19-1b89393ebde5/container.db]
2023-05-17 09:10:08,784 [b2525f4f-bdf5-4dd0-b826-cbccdc8ecebe-impl-thread2] INFO  segmented.SegmentedRaftLogWorker (SegmentedRaftLogWorker.java:close(252)) - b2525f4f-bdf5-4dd0-b826-cbccdc8ecebe@group-C26195CFC82B-SegmentedRaftLogWorker close()
2023-05-17 09:10:08,797 [b98521b2-5644-4aab-8244-d2e66a88cd45-impl-thread3] INFO  segmented.SegmentedRaftLogWorker (SegmentedRaftLogWorker.java:close(252)) - b98521b2-5644-4aab-8244-d2e66a88cd45@group-A280B7ADF8E8-SegmentedRaftLogWorker close()
2023-05-17 09:10:08,805 [ForkJoinPool.commonPool-worker-6] INFO  utils.DatanodeStoreCache (DatanodeStoreCache.java:removeDB(104)) - Removed db /home/runner/work/ozone/ozone/hadoop-ozone/integration-test/target/test-dir/MiniOzoneClusterImpl-21d14123-a168-44a2-bc0a-ee93e32dcc9b/datanode-5/data-0/containers/hdds/21d14123-a168-44a2-bc0a-ee93e32dcc9b/DS-69b7d735-4ef4-4d4a-bf03-5b7828e5017a/container.db from cache
2023-05-17 09:10:08,805 [ForkJoinPool.commonPool-worker-6] INFO  volume.HddsVolume (HddsVolume.java:closeDbStore(437)) - SchemaV3 db is stopped at /home/runner/work/ozone/ozone/hadoop-ozone/integration-test/target/test-dir/MiniOzoneClusterImpl-21d14123-a168-44a2-bc0a-ee93e32dcc9b/datanode-5/data-0/containers/hdds/21d14123-a168-44a2-bc0a-ee93e32dcc9b/DS-69b7d735-4ef4-4d4a-bf03-5b7828e5017a/container.db for volume DS-69b7d735-4ef4-4d4a-bf03-5b7828e5017a
2023-05-17 09:10:08,808 [ForkJoinPool.commonPool-worker-6] INFO  utils.BackgroundService (BackgroundService.java:shutdown(141)) - Shutting down service BlockDeletingService
2023-05-17 09:10:08,808 [4ea9b805-d843-4364-8f91-0c3c20e3ed71@group-6A381084A931-StateMachineUpdater] INFO  ratis.ContainerStateMachine (ContainerStateMachine.java:takeSnapshot(330)) - group-6A381084A931: Taking a snapshot at:(t:1, i:182) file /home/runner/work/ozone/ozone/hadoop-ozone/integration-test/target/test-dir/MiniOzoneClusterImpl-21d14123-a168-44a2-bc0a-ee93e32dcc9b/datanode-11/data/ratis/bcb7f622-48ef-4dfa-9e5a-6a381084a931/sm/snapshot.1_182
2023-05-17 09:10:08,809 [grpc-default-executor-13] INFO  server.GrpcLogAppender (GrpcLogAppender.java:onCompleted(428)) - 4ea9b805-d843-4364-8f91-0c3c20e3ed71@group-E694C42C06C7->a82ad0ea-641b-4ac2-b933-a1a26b5fe742-AppendLogResponseHandler: follower responses appendEntries COMPLETED
2023-05-17 09:10:08,809 [grpc-default-executor-13] WARN  server.GrpcLogAppender (GrpcLogAppender.java:resetClient(137)) - 4ea9b805-d843-4364-8f91-0c3c20e3ed71@group-E694C42C06C7->a82ad0ea-641b-4ac2-b933-a1a26b5fe742-GrpcLogAppender: Failed to getClient for a82ad0ea-641b-4ac2-b933-a1a26b5fe742
org.apache.ratis.protocol.exceptions.AlreadyClosedException: 4ea9b805-d843-4364-8f91-0c3c20e3ed71 is already CLOSED
	at org.apache.ratis.util.PeerProxyMap$PeerAndProxy.getProxy(PeerProxyMap.java:61)
	at org.apache.ratis.util.PeerProxyMap.getProxy(PeerProxyMap.java:115)
	at org.apache.ratis.grpc.server.GrpcLogAppender.getClient(GrpcLogAppender.java:112)
	at org.apache.ratis.grpc.server.GrpcLogAppender.resetClient(GrpcLogAppender.java:117)
	at org.apache.ratis.grpc.server.GrpcLogAppender.access$500(GrpcLogAppender.java:56)
	at org.apache.ratis.grpc.server.GrpcLogAppender$AppendLogResponseHandler.onCompleted(GrpcLogAppender.java:429)
	at org.apache.ratis.thirdparty.io.grpc.stub.ClientCalls$StreamObserverToCallListenerAdapter.onClose(ClientCalls.java:485)
	at org.apache.ratis.thirdparty.io.grpc.internal.ClientCallImpl.closeObserver(ClientCallImpl.java:563)
	at org.apache.ratis.thirdparty.io.grpc.internal.ClientCallImpl.access$300(ClientCallImpl.java:70)
	at org.apache.ratis.thirdparty.io.grpc.internal.ClientCallImpl$ClientStreamListenerImpl$1StreamClosed.runInternal(ClientCallImpl.java:744)
	at org.apache.ratis.thirdparty.io.grpc.internal.ClientCallImpl$ClientStreamListenerImpl$1StreamClosed.runInContext(ClientCallImpl.java:723)
	at org.apache.ratis.thirdparty.io.grpc.internal.ContextRunnable.run(ContextRunnable.java:37)
	at org.apache.ratis.thirdparty.io.grpc.internal.SerializingExecutor.run(SerializingExecutor.java:133)
	at java.util.concurrent.ThreadPoolExecutor.runWorker(ThreadPoolExecutor.java:1149)
	at java.util.concurrent.ThreadPoolExecutor$Worker.run(ThreadPoolExecutor.java:624)
	at java.lang.Thread.run(Thread.java:750)
2023-05-17 09:10:08,809 [ForkJoinPool.commonPool-worker-6] INFO  utils.BackgroundService (BackgroundService.java:shutdown(141)) - Shutting down service StaleRecoveringContainerScrubbingService
2023-05-17 09:10:08,809 [ForkJoinPool.commonPool-worker-2] INFO  server.GrpcService (GrpcService.java:closeImpl(320)) - 4ea9b805-d843-4364-8f91-0c3c20e3ed71: shutdown server org.apache.ratis.grpc.server.GrpcClientProtocolService successfully
2023-05-17 09:10:08,810 [ForkJoinPool.commonPool-worker-2] INFO  server.GrpcService (GrpcService.java:closeImpl(311)) - 4ea9b805-d843-4364-8f91-0c3c20e3ed71: shutdown server GrpcServerProtocolService now
2023-05-17 09:10:08,810 [4ea9b805-d843-4364-8f91-0c3c20e3ed71@group-8FB84FAB7D0D-StateMachineUpdater] INFO  ratis.ContainerStateMachine (ContainerStateMachine.java:takeSnapshot(330)) - group-8FB84FAB7D0D: Taking a snapshot at:(t:1, i:65) file /home/runner/work/ozone/ozone/hadoop-ozone/integration-test/target/test-dir/MiniOzoneClusterImpl-21d14123-a168-44a2-bc0a-ee93e32dcc9b/datanode-11/data/ratis/de5b0980-4904-4a94-9d72-8fb84fab7d0d/sm/snapshot.1_65
2023-05-17 09:10:08,811 [4ea9b805-d843-4364-8f91-0c3c20e3ed71@group-6A381084A931-StateMachineUpdater] INFO  ratis.ContainerStateMachine (ContainerStateMachine.java:takeSnapshot(341)) - group-6A381084A931: Finished taking a snapshot at:(t:1, i:182) file:/home/runner/work/ozone/ozone/hadoop-ozone/integration-test/target/test-dir/MiniOzoneClusterImpl-21d14123-a168-44a2-bc0a-ee93e32dcc9b/datanode-11/data/ratis/bcb7f622-48ef-4dfa-9e5a-6a381084a931/sm/snapshot.1_182 took: 3 ms
2023-05-17 09:10:08,811 [4ea9b805-d843-4364-8f91-0c3c20e3ed71@group-6A381084A931-StateMachineUpdater] INFO  impl.StateMachineUpdater (StateMachineUpdater.java:takeSnapshot(291)) - 4ea9b805-d843-4364-8f91-0c3c20e3ed71@group-6A381084A931-StateMachineUpdater: Took a snapshot at index 182
2023-05-17 09:10:08,811 [4ea9b805-d843-4364-8f91-0c3c20e3ed71@group-6A381084A931-StateMachineUpdater] INFO  impl.StateMachineUpdater (StateMachineUpdater.java:lambda$new$0(97)) - 4ea9b805-d843-4364-8f91-0c3c20e3ed71@group-6A381084A931-StateMachineUpdater: snapshotIndex: updateIncreasingly -1 -> 182
2023-05-17 09:10:08,812 [4ea9b805-d843-4364-8f91-0c3c20e3ed71-impl-thread2] INFO  impl.StateMachineUpdater (StateMachineUpdater.java:stopAndJoin(155)) - 4ea9b805-d843-4364-8f91-0c3c20e3ed71@group-E694C42C06C7-StateMachineUpdater: set stopIndex = 134
2023-05-17 09:10:08,813 [4ea9b805-d843-4364-8f91-0c3c20e3ed71@group-8FB84FAB7D0D-StateMachineUpdater] INFO  ratis.ContainerStateMachine (ContainerStateMachine.java:takeSnapshot(341)) - group-8FB84FAB7D0D: Finished taking a snapshot at:(t:1, i:65) file:/home/runner/work/ozone/ozone/hadoop-ozone/integration-test/target/test-dir/MiniOzoneClusterImpl-21d14123-a168-44a2-bc0a-ee93e32dcc9b/datanode-11/data/ratis/de5b0980-4904-4a94-9d72-8fb84fab7d0d/sm/snapshot.1_65 took: 3 ms
2023-05-17 09:10:08,813 [4ea9b805-d843-4364-8f91-0c3c20e3ed71@group-8FB84FAB7D0D-StateMachineUpdater] INFO  impl.StateMachineUpdater (StateMachineUpdater.java:takeSnapshot(291)) - 4ea9b805-d843-4364-8f91-0c3c20e3ed71@group-8FB84FAB7D0D-StateMachineUpdater: Took a snapshot at index 65
2023-05-17 09:10:08,813 [4ea9b805-d843-4364-8f91-0c3c20e3ed71@group-8FB84FAB7D0D-StateMachineUpdater] INFO  impl.StateMachineUpdater (StateMachineUpdater.java:lambda$new$0(97)) - 4ea9b805-d843-4364-8f91-0c3c20e3ed71@group-8FB84FAB7D0D-StateMachineUpdater: snapshotIndex: updateIncreasingly -1 -> 65
2023-05-17 09:10:08,813 [4ea9b805-d843-4364-8f91-0c3c20e3ed71@group-E694C42C06C7-StateMachineUpdater] INFO  ratis.ContainerStateMachine (ContainerStateMachine.java:takeSnapshot(330)) - group-E694C42C06C7: Taking a snapshot at:(t:1, i:134) file /home/runner/work/ozone/ozone/hadoop-ozone/integration-test/target/test-dir/MiniOzoneClusterImpl-21d14123-a168-44a2-bc0a-ee93e32dcc9b/datanode-11/data/ratis/73870f87-6117-452d-ba11-e694c42c06c7/sm/snapshot.1_134
2023-05-17 09:10:08,814 [grpc-default-executor-13] WARN  server.GrpcServerProtocolService (LogUtils.java:warn(122)) - 4ea9b805-d843-4364-8f91-0c3c20e3ed71: APPEND_ENTRIES onError, lastRequest: null: org.apache.ratis.thirdparty.io.grpc.StatusRuntimeException: CANCELLED: client cancelled
2023-05-17 09:10:08,814 [grpc-default-executor-0] WARN  server.GrpcServerProtocolService (LogUtils.java:warn(122)) - 4ea9b805-d843-4364-8f91-0c3c20e3ed71: APPEND_ENTRIES onError, lastRequest: a82ad0ea-641b-4ac2-b933-a1a26b5fe742->4ea9b805-d843-4364-8f91-0c3c20e3ed71#241-t1,previous=(t:1, i:181),leaderCommit=181,initializing? true,entries: size=1, first=(t:1, i:182), METADATAENTRY(c:181): org.apache.ratis.thirdparty.io.grpc.StatusRuntimeException: CANCELLED: client cancelled
2023-05-17 09:10:08,814 [4ea9b805-d843-4364-8f91-0c3c20e3ed71@group-E694C42C06C7-StateMachineUpdater] INFO  ratis.ContainerStateMachine (ContainerStateMachine.java:takeSnapshot(341)) - group-E694C42C06C7: Finished taking a snapshot at:(t:1, i:134) file:/home/runner/work/ozone/ozone/hadoop-ozone/integration-test/target/test-dir/MiniOzoneClusterImpl-21d14123-a168-44a2-bc0a-ee93e32dcc9b/datanode-11/data/ratis/73870f87-6117-452d-ba11-e694c42c06c7/sm/snapshot.1_134 took: 1 ms
2023-05-17 09:10:08,814 [4ea9b805-d843-4364-8f91-0c3c20e3ed71@group-E694C42C06C7-StateMachineUpdater] INFO  impl.StateMachineUpdater (StateMachineUpdater.java:takeSnapshot(291)) - 4ea9b805-d843-4364-8f91-0c3c20e3ed71@group-E694C42C06C7-StateMachineUpdater: Took a snapshot at index 134
2023-05-17 09:10:08,814 [4ea9b805-d843-4364-8f91-0c3c20e3ed71@group-E694C42C06C7-StateMachineUpdater] INFO  impl.StateMachineUpdater (StateMachineUpdater.java:lambda$new$0(97)) - 4ea9b805-d843-4364-8f91-0c3c20e3ed71@group-E694C42C06C7-StateMachineUpdater: snapshotIndex: updateIncreasingly -1 -> 134
2023-05-17 09:10:08,816 [grpc-default-executor-0] WARN  server.GrpcLogAppender (LogUtils.java:warn(122)) - a82ad0ea-641b-4ac2-b933-a1a26b5fe742@group-6A381084A931->4ea9b805-d843-4364-8f91-0c3c20e3ed71-AppendLogResponseHandler: Failed appendEntries: org.apache.ratis.thirdparty.io.grpc.StatusRuntimeException: CANCELLED: RST_STREAM closed stream. HTTP/2 error code: CANCEL
2023-05-17 09:10:08,817 [grpc-default-executor-0] INFO  leader.FollowerInfo (FollowerInfoImpl.java:lambda$new$0(52)) - a82ad0ea-641b-4ac2-b933-a1a26b5fe742@group-6A381084A931->4ea9b805-d843-4364-8f91-0c3c20e3ed71: decreaseNextIndex nextIndex: updateUnconditionally 183 -> 182
2023-05-17 09:10:08,817 [grpc-default-executor-13] WARN  server.GrpcLogAppender (LogUtils.java:warn(122)) - a82ad0ea-641b-4ac2-b933-a1a26b5fe742@group-6A381084A931->4ea9b805-d843-4364-8f91-0c3c20e3ed71-AppendLogResponseHandler: Failed appendEntries: org.apache.ratis.thirdparty.io.grpc.StatusRuntimeException: CANCELLED: RST_STREAM closed stream. HTTP/2 error code: CANCEL
2023-05-17 09:10:08,817 [grpc-default-executor-13] INFO  leader.FollowerInfo (FollowerInfoImpl.java:lambda$new$0(52)) - a82ad0ea-641b-4ac2-b933-a1a26b5fe742@group-6A381084A931->4ea9b805-d843-4364-8f91-0c3c20e3ed71: decreaseNextIndex nextIndex: updateUnconditionally 182 -> 181
2023-05-17 09:10:08,824 [4ea9b805-d843-4364-8f91-0c3c20e3ed71-impl-thread3] INFO  server.RaftServer$Division (ServerState.java:close(472)) - 4ea9b805-d843-4364-8f91-0c3c20e3ed71@group-6A381084A931: closes. applyIndex: 182
2023-05-17 09:10:08,824 [ForkJoinPool.commonPool-worker-2] INFO  server.GrpcService (GrpcService.java:closeImpl(320)) - 4ea9b805-d843-4364-8f91-0c3c20e3ed71: shutdown server GrpcServerProtocolService successfully
2023-05-17 09:10:08,824 [ForkJoinPool.commonPool-worker-2] INFO  server.GrpcService (GrpcService.java:closeImpl(311)) - 4ea9b805-d843-4364-8f91-0c3c20e3ed71: shutdown server org.apache.ratis.grpc.server.GrpcAdminProtocolService now
2023-05-17 09:10:08,827 [ForkJoinPool.commonPool-worker-6] INFO  statemachine.DatanodeStateMachine (DatanodeStateMachine.java:stopDaemon(608)) - Ozone container server stopped.
2023-05-17 09:10:08,828 [ForkJoinPool.commonPool-worker-2] INFO  server.GrpcService (GrpcService.java:closeImpl(320)) - 4ea9b805-d843-4364-8f91-0c3c20e3ed71: shutdown server org.apache.ratis.grpc.server.GrpcAdminProtocolService successfully
2023-05-17 09:10:08,829 [4ea9b805-d843-4364-8f91-0c3c20e3ed71-NettyServerStreamRpc-bossGroup--thread1] INFO  logging.LoggingHandler (AbstractInternalLogger.java:log(148)) - [id: 0x5c727357, L:/0:0:0:0:0:0:0:0:15102] CLOSE
2023-05-17 09:10:08,829 [4ea9b805-d843-4364-8f91-0c3c20e3ed71-impl-thread2] INFO  server.RaftServer$Division (ServerState.java:close(472)) - 4ea9b805-d843-4364-8f91-0c3c20e3ed71@group-E694C42C06C7: closes. applyIndex: 134
2023-05-17 09:10:08,829 [4ea9b805-d843-4364-8f91-0c3c20e3ed71-NettyServerStreamRpc-bossGroup--thread1] INFO  logging.LoggingHandler (AbstractInternalLogger.java:log(148)) - [id: 0x5c727357, L:/0:0:0:0:0:0:0:0:15102] INACTIVE
2023-05-17 09:10:08,829 [4ea9b805-d843-4364-8f91-0c3c20e3ed71-NettyServerStreamRpc-bossGroup--thread1] INFO  logging.LoggingHandler (AbstractInternalLogger.java:log(148)) - [id: 0x5c727357, L:/0:0:0:0:0:0:0:0:15102] UNREGISTERED
2023-05-17 09:10:08,829 [4ea9b805-d843-4364-8f91-0c3c20e3ed71-impl-thread4] INFO  server.RaftServer$Division (ServerState.java:close(472)) - 4ea9b805-d843-4364-8f91-0c3c20e3ed71@group-8FB84FAB7D0D: closes. applyIndex: 65
2023-05-17 09:10:08,857 [ForkJoinPool.commonPool-worker-6] INFO  handler.ContextHandler (ContextHandler.java:doStop(1159)) - Stopped o.e.j.w.WebAppContext@4560f8dc{hddsDatanode,/,null,STOPPED}{jar:file:/home/runner/.m2/repository/org/apache/ozone/hdds-container-service/1.4.0-SNAPSHOT/hdds-container-service-1.4.0-SNAPSHOT.jar!/webapps/hddsDatanode}
2023-05-17 09:10:08,858 [ForkJoinPool.commonPool-worker-6] INFO  server.AbstractConnector (AbstractConnector.java:doStop(383)) - Stopped ServerConnector@96f0630{HTTP/1.1, (http/1.1)}{0.0.0.0:15049}
2023-05-17 09:10:08,858 [ForkJoinPool.commonPool-worker-6] INFO  server.session (HouseKeeper.java:stopScavenging(149)) - node0 Stopped scavenging
2023-05-17 09:10:08,861 [ForkJoinPool.commonPool-worker-6] INFO  handler.ContextHandler (ContextHandler.java:doStop(1159)) - Stopped o.e.j.s.ServletContextHandler@546bdc1a{static,/static,jar:file:/home/runner/.m2/repository/org/apache/ozone/hdds-container-service/1.4.0-SNAPSHOT/hdds-container-service-1.4.0-SNAPSHOT.jar!/webapps/static,STOPPED}
2023-05-17 09:10:08,870 [ForkJoinPool.commonPool-worker-6] INFO  handler.ContextHandler (ContextHandler.java:doStop(1159)) - Stopped o.e.j.s.ServletContextHandler@579e065f{logs,/logs,file:///home/runner/work/ozone/ozone/hadoop-ozone/integration-test/target/log,STOPPED}
2023-05-17 09:10:08,870 [b98521b2-5644-4aab-8244-d2e66a88cd45-impl-thread2] INFO  segmented.SegmentedRaftLogWorker (SegmentedRaftLogWorker.java:close(252)) - b98521b2-5644-4aab-8244-d2e66a88cd45@group-CDB51B945669-SegmentedRaftLogWorker close()
2023-05-17 09:10:08,874 [JvmPauseMonitor5] INFO  util.JvmPauseMonitor (JvmPauseMonitor.java:run(109)) - JvmPauseMonitor-b98521b2-5644-4aab-8244-d2e66a88cd45: Stopped
2023-05-17 09:10:08,882 [ForkJoinPool.commonPool-worker-6] INFO  ozoneimpl.OzoneContainer (OzoneContainer.java:stop(419)) - Attempting to stop container services.
2023-05-17 09:10:08,883 [ForkJoinPool.commonPool-worker-6] INFO  server.RaftServer (RaftServerProxy.java:lambda$close$6(416)) - bcbacd9a-ca93-42dd-bb1e-f9c21d91cd60: close
2023-05-17 09:10:08,884 [bcbacd9a-ca93-42dd-bb1e-f9c21d91cd60-impl-thread2] INFO  server.RaftServer$Division (RaftServerImpl.java:lambda$close$4(466)) - bcbacd9a-ca93-42dd-bb1e-f9c21d91cd60@group-BD49330F06D5: shutdown
2023-05-17 09:10:08,884 [bcbacd9a-ca93-42dd-bb1e-f9c21d91cd60-impl-thread2] INFO  util.JmxRegister (JmxRegister.java:unregister(73)) - Successfully un-registered JMX Bean with object name Ratis:service=RaftServer,group=group-BD49330F06D5,id=bcbacd9a-ca93-42dd-bb1e-f9c21d91cd60
2023-05-17 09:10:08,884 [bcbacd9a-ca93-42dd-bb1e-f9c21d91cd60-impl-thread2] INFO  impl.RoleInfo (RoleInfo.java:shutdownLeaderState(93)) - bcbacd9a-ca93-42dd-bb1e-f9c21d91cd60: shutdown bcbacd9a-ca93-42dd-bb1e-f9c21d91cd60@group-BD49330F06D5-LeaderStateImpl
2023-05-17 09:10:08,884 [bcbacd9a-ca93-42dd-bb1e-f9c21d91cd60-impl-thread2] INFO  impl.PendingRequests (PendingRequests.java:sendNotLeaderResponses(289)) - bcbacd9a-ca93-42dd-bb1e-f9c21d91cd60@group-BD49330F06D5-PendingRequests: sendNotLeaderResponses
2023-05-17 09:10:08,884 [bcbacd9a-ca93-42dd-bb1e-f9c21d91cd60-impl-thread2] INFO  impl.StateMachineUpdater (StateMachineUpdater.java:stopAndJoin(155)) - bcbacd9a-ca93-42dd-bb1e-f9c21d91cd60@group-BD49330F06D5-StateMachineUpdater: set stopIndex = 56
2023-05-17 09:10:08,884 [bcbacd9a-ca93-42dd-bb1e-f9c21d91cd60-impl-thread3] INFO  server.RaftServer$Division (RaftServerImpl.java:lambda$close$4(466)) - bcbacd9a-ca93-42dd-bb1e-f9c21d91cd60@group-F19CF75F4C85: shutdown
2023-05-17 09:10:08,884 [bcbacd9a-ca93-42dd-bb1e-f9c21d91cd60@group-BD49330F06D5-StateMachineUpdater] INFO  ratis.ContainerStateMachine (ContainerStateMachine.java:takeSnapshot(330)) - group-BD49330F06D5: Taking a snapshot at:(t:1, i:56) file /home/runner/work/ozone/ozone/hadoop-ozone/integration-test/target/test-dir/MiniOzoneClusterImpl-21d14123-a168-44a2-bc0a-ee93e32dcc9b/datanode-6/data/ratis/ae65ac58-6be7-4552-909a-bd49330f06d5/sm/snapshot.1_56
2023-05-17 09:10:08,884 [ForkJoinPool.commonPool-worker-6] INFO  server.GrpcService (GrpcService.java:closeImpl(311)) - bcbacd9a-ca93-42dd-bb1e-f9c21d91cd60: shutdown server org.apache.ratis.grpc.server.GrpcClientProtocolService now
2023-05-17 09:10:08,884 [bcbacd9a-ca93-42dd-bb1e-f9c21d91cd60-impl-thread3] INFO  util.JmxRegister (JmxRegister.java:unregister(73)) - Successfully un-registered JMX Bean with object name Ratis:service=RaftServer,group=group-F19CF75F4C85,id=bcbacd9a-ca93-42dd-bb1e-f9c21d91cd60
2023-05-17 09:10:08,885 [bcbacd9a-ca93-42dd-bb1e-f9c21d91cd60-impl-thread3] INFO  impl.RoleInfo (RoleInfo.java:shutdownFollowerState(110)) - bcbacd9a-ca93-42dd-bb1e-f9c21d91cd60: shutdown bcbacd9a-ca93-42dd-bb1e-f9c21d91cd60@group-F19CF75F4C85-FollowerState
2023-05-17 09:10:08,885 [bcbacd9a-ca93-42dd-bb1e-f9c21d91cd60@group-F19CF75F4C85-FollowerState] INFO  impl.FollowerState (FollowerState.java:run(152)) - bcbacd9a-ca93-42dd-bb1e-f9c21d91cd60@group-F19CF75F4C85-FollowerState was interrupted
2023-05-17 09:10:08,885 [bcbacd9a-ca93-42dd-bb1e-f9c21d91cd60@group-F19CF75F4C85-StateMachineUpdater] INFO  ratis.ContainerStateMachine (ContainerStateMachine.java:takeSnapshot(330)) - group-F19CF75F4C85: Taking a snapshot at:(t:1, i:248) file /home/runner/work/ozone/ozone/hadoop-ozone/integration-test/target/test-dir/MiniOzoneClusterImpl-21d14123-a168-44a2-bc0a-ee93e32dcc9b/datanode-6/data/ratis/a870d4e5-2afa-42e0-ae48-f19cf75f4c85/sm/snapshot.1_248
2023-05-17 09:10:08,885 [bcbacd9a-ca93-42dd-bb1e-f9c21d91cd60-impl-thread3] INFO  impl.StateMachineUpdater (StateMachineUpdater.java:stopAndJoin(155)) - bcbacd9a-ca93-42dd-bb1e-f9c21d91cd60@group-F19CF75F4C85-StateMachineUpdater: set stopIndex = 248
2023-05-17 09:10:08,886 [bcbacd9a-ca93-42dd-bb1e-f9c21d91cd60-impl-thread4] INFO  server.RaftServer$Division (RaftServerImpl.java:lambda$close$4(466)) - bcbacd9a-ca93-42dd-bb1e-f9c21d91cd60@group-A7669F4B16A5: shutdown
2023-05-17 09:10:08,886 [bcbacd9a-ca93-42dd-bb1e-f9c21d91cd60-impl-thread4] INFO  util.JmxRegister (JmxRegister.java:unregister(73)) - Successfully un-registered JMX Bean with object name Ratis:service=RaftServer,group=group-A7669F4B16A5,id=bcbacd9a-ca93-42dd-bb1e-f9c21d91cd60
2023-05-17 09:10:08,886 [bcbacd9a-ca93-42dd-bb1e-f9c21d91cd60-impl-thread4] INFO  impl.RoleInfo (RoleInfo.java:shutdownLeaderState(93)) - bcbacd9a-ca93-42dd-bb1e-f9c21d91cd60: shutdown bcbacd9a-ca93-42dd-bb1e-f9c21d91cd60@group-A7669F4B16A5-LeaderStateImpl
2023-05-17 09:10:08,886 [bcbacd9a-ca93-42dd-bb1e-f9c21d91cd60-impl-thread4] INFO  impl.PendingRequests (PendingRequests.java:sendNotLeaderResponses(289)) - bcbacd9a-ca93-42dd-bb1e-f9c21d91cd60@group-A7669F4B16A5-PendingRequests: sendNotLeaderResponses
2023-05-17 09:10:08,886 [bcbacd9a-ca93-42dd-bb1e-f9c21d91cd60@group-BD49330F06D5-StateMachineUpdater] INFO  ratis.ContainerStateMachine (ContainerStateMachine.java:takeSnapshot(341)) - group-BD49330F06D5: Finished taking a snapshot at:(t:1, i:56) file:/home/runner/work/ozone/ozone/hadoop-ozone/integration-test/target/test-dir/MiniOzoneClusterImpl-21d14123-a168-44a2-bc0a-ee93e32dcc9b/datanode-6/data/ratis/ae65ac58-6be7-4552-909a-bd49330f06d5/sm/snapshot.1_56 took: 2 ms
2023-05-17 09:10:08,886 [bcbacd9a-ca93-42dd-bb1e-f9c21d91cd60@group-F19CF75F4C85-StateMachineUpdater] INFO  ratis.ContainerStateMachine (ContainerStateMachine.java:takeSnapshot(341)) - group-F19CF75F4C85: Finished taking a snapshot at:(t:1, i:248) file:/home/runner/work/ozone/ozone/hadoop-ozone/integration-test/target/test-dir/MiniOzoneClusterImpl-21d14123-a168-44a2-bc0a-ee93e32dcc9b/datanode-6/data/ratis/a870d4e5-2afa-42e0-ae48-f19cf75f4c85/sm/snapshot.1_248 took: 2 ms
2023-05-17 09:10:08,887 [bcbacd9a-ca93-42dd-bb1e-f9c21d91cd60@group-F19CF75F4C85-StateMachineUpdater] INFO  impl.StateMachineUpdater (StateMachineUpdater.java:takeSnapshot(291)) - bcbacd9a-ca93-42dd-bb1e-f9c21d91cd60@group-F19CF75F4C85-StateMachineUpdater: Took a snapshot at index 248
2023-05-17 09:10:08,887 [bcbacd9a-ca93-42dd-bb1e-f9c21d91cd60@group-BD49330F06D5-StateMachineUpdater] INFO  impl.StateMachineUpdater (StateMachineUpdater.java:takeSnapshot(291)) - bcbacd9a-ca93-42dd-bb1e-f9c21d91cd60@group-BD49330F06D5-StateMachineUpdater: Took a snapshot at index 56
2023-05-17 09:10:08,887 [bcbacd9a-ca93-42dd-bb1e-f9c21d91cd60@group-BD49330F06D5-StateMachineUpdater] INFO  impl.StateMachineUpdater (StateMachineUpdater.java:lambda$new$0(97)) - bcbacd9a-ca93-42dd-bb1e-f9c21d91cd60@group-BD49330F06D5-StateMachineUpdater: snapshotIndex: updateIncreasingly -1 -> 56
2023-05-17 09:10:08,887 [bcbacd9a-ca93-42dd-bb1e-f9c21d91cd60@group-F19CF75F4C85-StateMachineUpdater] INFO  impl.StateMachineUpdater (StateMachineUpdater.java:lambda$new$0(97)) - bcbacd9a-ca93-42dd-bb1e-f9c21d91cd60@group-F19CF75F4C85-StateMachineUpdater: snapshotIndex: updateIncreasingly -1 -> 248
2023-05-17 09:10:08,887 [bcbacd9a-ca93-42dd-bb1e-f9c21d91cd60@group-A7669F4B16A5->5b9fa8c3-08c3-43f9-b175-3119fbbe3900-GrpcLogAppender-LogAppenderDaemon] WARN  server.GrpcLogAppender (GrpcLogAppender.java:mayWait(199)) - bcbacd9a-ca93-42dd-bb1e-f9c21d91cd60@group-A7669F4B16A5->5b9fa8c3-08c3-43f9-b175-3119fbbe3900-GrpcLogAppender: Wait interrupted by java.lang.InterruptedException
2023-05-17 09:10:08,887 [bcbacd9a-ca93-42dd-bb1e-f9c21d91cd60@group-A7669F4B16A5->5b9af961-56be-4fa8-844e-3cefe1429416-GrpcLogAppender-LogAppenderDaemon] WARN  server.GrpcLogAppender (GrpcLogAppender.java:mayWait(199)) - bcbacd9a-ca93-42dd-bb1e-f9c21d91cd60@group-A7669F4B16A5->5b9af961-56be-4fa8-844e-3cefe1429416-GrpcLogAppender: Wait interrupted by java.lang.InterruptedException
2023-05-17 09:10:08,888 [bcbacd9a-ca93-42dd-bb1e-f9c21d91cd60-impl-thread3] INFO  server.RaftServer$Division (ServerState.java:close(472)) - bcbacd9a-ca93-42dd-bb1e-f9c21d91cd60@group-F19CF75F4C85: closes. applyIndex: 248
2023-05-17 09:10:08,888 [bcbacd9a-ca93-42dd-bb1e-f9c21d91cd60-impl-thread4] INFO  impl.StateMachineUpdater (StateMachineUpdater.java:stopAndJoin(155)) - bcbacd9a-ca93-42dd-bb1e-f9c21d91cd60@group-A7669F4B16A5-StateMachineUpdater: set stopIndex = 168
2023-05-17 09:10:08,888 [Thread-1591] INFO  server.GrpcServerProtocolClient (GrpcServerProtocolClient.java:close(103)) - 5b9fa8c3-08c3-43f9-b175-3119fbbe3900 Close channels
2023-05-17 09:10:08,889 [bcbacd9a-ca93-42dd-bb1e-f9c21d91cd60@group-A7669F4B16A5-StateMachineUpdater] INFO  ratis.ContainerStateMachine (ContainerStateMachine.java:takeSnapshot(330)) - group-A7669F4B16A5: Taking a snapshot at:(t:1, i:168) file /home/runner/work/ozone/ozone/hadoop-ozone/integration-test/target/test-dir/MiniOzoneClusterImpl-21d14123-a168-44a2-bc0a-ee93e32dcc9b/datanode-6/data/ratis/198e1bf6-3ffb-4307-8ad0-a7669f4b16a5/sm/snapshot.1_168
2023-05-17 09:10:08,890 [bcbacd9a-ca93-42dd-bb1e-f9c21d91cd60@group-A7669F4B16A5-StateMachineUpdater] INFO  ratis.ContainerStateMachine (ContainerStateMachine.java:takeSnapshot(341)) - group-A7669F4B16A5: Finished taking a snapshot at:(t:1, i:168) file:/home/runner/work/ozone/ozone/hadoop-ozone/integration-test/target/test-dir/MiniOzoneClusterImpl-21d14123-a168-44a2-bc0a-ee93e32dcc9b/datanode-6/data/ratis/198e1bf6-3ffb-4307-8ad0-a7669f4b16a5/sm/snapshot.1_168 took: 1 ms
2023-05-17 09:10:08,890 [bcbacd9a-ca93-42dd-bb1e-f9c21d91cd60@group-A7669F4B16A5-StateMachineUpdater] INFO  impl.StateMachineUpdater (StateMachineUpdater.java:takeSnapshot(291)) - bcbacd9a-ca93-42dd-bb1e-f9c21d91cd60@group-A7669F4B16A5-StateMachineUpdater: Took a snapshot at index 168
2023-05-17 09:10:08,890 [bcbacd9a-ca93-42dd-bb1e-f9c21d91cd60@group-A7669F4B16A5-StateMachineUpdater] INFO  impl.StateMachineUpdater (StateMachineUpdater.java:lambda$new$0(97)) - bcbacd9a-ca93-42dd-bb1e-f9c21d91cd60@group-A7669F4B16A5-StateMachineUpdater: snapshotIndex: updateIncreasingly -1 -> 168
2023-05-17 09:10:08,891 [Thread-1592] INFO  server.GrpcServerProtocolClient (GrpcServerProtocolClient.java:close(103)) - 5b9af961-56be-4fa8-844e-3cefe1429416 Close channels
2023-05-17 09:10:08,892 [bcbacd9a-ca93-42dd-bb1e-f9c21d91cd60-impl-thread2] INFO  server.RaftServer$Division (ServerState.java:close(472)) - bcbacd9a-ca93-42dd-bb1e-f9c21d91cd60@group-BD49330F06D5: closes. applyIndex: 56
2023-05-17 09:10:08,895 [bcbacd9a-ca93-42dd-bb1e-f9c21d91cd60-impl-thread4] INFO  server.RaftServer$Division (ServerState.java:close(472)) - bcbacd9a-ca93-42dd-bb1e-f9c21d91cd60@group-A7669F4B16A5: closes. applyIndex: 168
2023-05-17 09:10:08,897 [ForkJoinPool.commonPool-worker-6] INFO  server.GrpcService (GrpcService.java:closeImpl(320)) - bcbacd9a-ca93-42dd-bb1e-f9c21d91cd60: shutdown server org.apache.ratis.grpc.server.GrpcClientProtocolService successfully
2023-05-17 09:10:08,897 [ForkJoinPool.commonPool-worker-6] INFO  server.GrpcService (GrpcService.java:closeImpl(311)) - bcbacd9a-ca93-42dd-bb1e-f9c21d91cd60: shutdown server GrpcServerProtocolService now
2023-05-17 09:10:08,898 [ForkJoinPool.commonPool-worker-6] INFO  server.GrpcService (GrpcService.java:closeImpl(320)) - bcbacd9a-ca93-42dd-bb1e-f9c21d91cd60: shutdown server GrpcServerProtocolService successfully
2023-05-17 09:10:08,898 [ForkJoinPool.commonPool-worker-6] INFO  server.GrpcService (GrpcService.java:closeImpl(311)) - bcbacd9a-ca93-42dd-bb1e-f9c21d91cd60: shutdown server org.apache.ratis.grpc.server.GrpcAdminProtocolService now
2023-05-17 09:10:08,899 [ForkJoinPool.commonPool-worker-6] INFO  server.GrpcService (GrpcService.java:closeImpl(320)) - bcbacd9a-ca93-42dd-bb1e-f9c21d91cd60: shutdown server org.apache.ratis.grpc.server.GrpcAdminProtocolService successfully
2023-05-17 09:10:08,899 [bcbacd9a-ca93-42dd-bb1e-f9c21d91cd60-NettyServerStreamRpc-bossGroup--thread1] INFO  logging.LoggingHandler (AbstractInternalLogger.java:log(148)) - [id: 0x73959952, L:/0:0:0:0:0:0:0:0:15062] CLOSE
2023-05-17 09:10:08,899 [bcbacd9a-ca93-42dd-bb1e-f9c21d91cd60-NettyServerStreamRpc-bossGroup--thread1] INFO  logging.LoggingHandler (AbstractInternalLogger.java:log(148)) - [id: 0x73959952, L:/0:0:0:0:0:0:0:0:15062] INACTIVE
2023-05-17 09:10:08,899 [bcbacd9a-ca93-42dd-bb1e-f9c21d91cd60-NettyServerStreamRpc-bossGroup--thread1] INFO  logging.LoggingHandler (AbstractInternalLogger.java:log(148)) - [id: 0x73959952, L:/0:0:0:0:0:0:0:0:15062] UNREGISTERED
2023-05-17 09:10:08,903 [4ea9b805-d843-4364-8f91-0c3c20e3ed71-impl-thread4] INFO  segmented.SegmentedRaftLogWorker (SegmentedRaftLogWorker.java:close(252)) - 4ea9b805-d843-4364-8f91-0c3c20e3ed71@group-8FB84FAB7D0D-SegmentedRaftLogWorker close()
2023-05-17 09:10:09,020 [bcbacd9a-ca93-42dd-bb1e-f9c21d91cd60-impl-thread4] INFO  segmented.SegmentedRaftLogWorker (SegmentedRaftLogWorker.java:close(252)) - bcbacd9a-ca93-42dd-bb1e-f9c21d91cd60@group-A7669F4B16A5-SegmentedRaftLogWorker close()
2023-05-17 09:10:09,025 [4ea9b805-d843-4364-8f91-0c3c20e3ed71-impl-thread2] INFO  segmented.SegmentedRaftLogWorker (SegmentedRaftLogWorker.java:close(252)) - 4ea9b805-d843-4364-8f91-0c3c20e3ed71@group-E694C42C06C7-SegmentedRaftLogWorker close()
2023-05-17 09:10:09,032 [5b9fa8c3-08c3-43f9-b175-3119fbbe3900-impl-thread4] INFO  segmented.SegmentedRaftLogWorker (SegmentedRaftLogWorker.java:close(252)) - 5b9fa8c3-08c3-43f9-b175-3119fbbe3900@group-A7669F4B16A5-SegmentedRaftLogWorker close()
2023-05-17 09:10:09,169 [5b9fa8c3-08c3-43f9-b175-3119fbbe3900-impl-thread3] INFO  segmented.SegmentedRaftLogWorker (SegmentedRaftLogWorker.java:close(252)) - 5b9fa8c3-08c3-43f9-b175-3119fbbe3900@group-4902C97A15D4-SegmentedRaftLogWorker close()
2023-05-17 09:10:09,171 [5b11b4e3-e601-4d3f-be34-f92c0e1a86f6-impl-thread2] INFO  segmented.SegmentedRaftLogWorker (SegmentedRaftLogWorker.java:close(252)) - 5b11b4e3-e601-4d3f-be34-f92c0e1a86f6@group-C54F32ED35C2-SegmentedRaftLogWorker close()
2023-05-17 09:10:09,172 [JvmPauseMonitor14] INFO  util.JvmPauseMonitor (JvmPauseMonitor.java:run(109)) - JvmPauseMonitor-5b11b4e3-e601-4d3f-be34-f92c0e1a86f6: Stopped
2023-05-17 09:10:09,274 [4ea9b805-d843-4364-8f91-0c3c20e3ed71-impl-thread3] INFO  segmented.SegmentedRaftLogWorker (SegmentedRaftLogWorker.java:close(252)) - 4ea9b805-d843-4364-8f91-0c3c20e3ed71@group-6A381084A931-SegmentedRaftLogWorker close()
2023-05-17 09:10:09,274 [JvmPauseMonitor12] INFO  util.JvmPauseMonitor (JvmPauseMonitor.java:run(109)) - JvmPauseMonitor-4ea9b805-d843-4364-8f91-0c3c20e3ed71: Stopped
2023-05-17 09:10:09,279 [grpc-default-executor-0] WARN  server.GrpcLogAppender (LogUtils.java:warn(122)) - a82ad0ea-641b-4ac2-b933-a1a26b5fe742@group-6A381084A931->4ea9b805-d843-4364-8f91-0c3c20e3ed71-AppendLogResponseHandler: Failed appendEntries: org.apache.ratis.thirdparty.io.grpc.StatusRuntimeException: UNAVAILABLE: io exception
2023-05-17 09:10:09,279 [grpc-default-executor-0] INFO  leader.FollowerInfo (FollowerInfoImpl.java:lambda$new$0(52)) - a82ad0ea-641b-4ac2-b933-a1a26b5fe742@group-6A381084A931->4ea9b805-d843-4364-8f91-0c3c20e3ed71: decreaseNextIndex nextIndex: updateUnconditionally 181 -> 180
2023-05-17 09:10:09,280 [grpc-default-executor-13] WARN  server.GrpcLogAppender (LogUtils.java:warn(122)) - a82ad0ea-641b-4ac2-b933-a1a26b5fe742@group-6A381084A931->4ea9b805-d843-4364-8f91-0c3c20e3ed71-AppendLogResponseHandler: Failed appendEntries: org.apache.ratis.thirdparty.io.grpc.StatusRuntimeException: UNAVAILABLE: io exception
2023-05-17 09:10:09,281 [grpc-default-executor-13] INFO  leader.FollowerInfo (FollowerInfoImpl.java:lambda$new$0(52)) - a82ad0ea-641b-4ac2-b933-a1a26b5fe742@group-6A381084A931->4ea9b805-d843-4364-8f91-0c3c20e3ed71: decreaseNextIndex nextIndex: updateUnconditionally 180 -> 179
2023-05-17 09:10:09,283 [grpc-default-executor-13] WARN  server.GrpcLogAppender (LogUtils.java:warn(122)) - a82ad0ea-641b-4ac2-b933-a1a26b5fe742@group-6A381084A931->f1b6f36b-e7af-48b8-b739-38f78676889c-AppendLogResponseHandler: Failed appendEntries: org.apache.ratis.thirdparty.io.grpc.StatusRuntimeException: UNAVAILABLE: io exception
2023-05-17 09:10:09,283 [grpc-default-executor-0] WARN  server.GrpcLogAppender (LogUtils.java:warn(122)) - a82ad0ea-641b-4ac2-b933-a1a26b5fe742@group-6A381084A931->f1b6f36b-e7af-48b8-b739-38f78676889c-AppendLogResponseHandler: Failed appendEntries: org.apache.ratis.thirdparty.io.grpc.StatusRuntimeException: UNAVAILABLE: io exception
2023-05-17 09:10:09,284 [grpc-default-executor-13] INFO  leader.FollowerInfo (FollowerInfoImpl.java:lambda$new$0(52)) - a82ad0ea-641b-4ac2-b933-a1a26b5fe742@group-6A381084A931->f1b6f36b-e7af-48b8-b739-38f78676889c: decreaseNextIndex nextIndex: updateUnconditionally 175 -> 174
2023-05-17 09:10:09,284 [grpc-default-executor-0] INFO  leader.FollowerInfo (FollowerInfoImpl.java:lambda$new$0(52)) - a82ad0ea-641b-4ac2-b933-a1a26b5fe742@group-6A381084A931->f1b6f36b-e7af-48b8-b739-38f78676889c: decreaseNextIndex nextIndex: updateUnconditionally 174 -> 173
2023-05-17 09:10:09,288 [grpc-default-executor-0] WARN  server.GrpcLogAppender (LogUtils.java:warn(122)) - a82ad0ea-641b-4ac2-b933-a1a26b5fe742@group-6A381084A931->4ea9b805-d843-4364-8f91-0c3c20e3ed71-AppendLogResponseHandler: Failed appendEntries: org.apache.ratis.thirdparty.io.grpc.StatusRuntimeException: UNAVAILABLE: io exception
2023-05-17 09:10:09,289 [grpc-default-executor-0] INFO  leader.FollowerInfo (FollowerInfoImpl.java:lambda$new$0(52)) - a82ad0ea-641b-4ac2-b933-a1a26b5fe742@group-6A381084A931->4ea9b805-d843-4364-8f91-0c3c20e3ed71: decreaseNextIndex nextIndex: updateUnconditionally 180 -> 179
2023-05-17 09:10:09,289 [grpc-default-executor-13] WARN  server.GrpcLogAppender (LogUtils.java:warn(122)) - a82ad0ea-641b-4ac2-b933-a1a26b5fe742@group-6A381084A931->4ea9b805-d843-4364-8f91-0c3c20e3ed71-AppendLogResponseHandler: Failed appendEntries: org.apache.ratis.thirdparty.io.grpc.StatusRuntimeException: UNAVAILABLE: io exception
2023-05-17 09:10:09,289 [grpc-default-executor-13] INFO  leader.FollowerInfo (FollowerInfoImpl.java:lambda$new$0(52)) - a82ad0ea-641b-4ac2-b933-a1a26b5fe742@group-6A381084A931->4ea9b805-d843-4364-8f91-0c3c20e3ed71: decreaseNextIndex nextIndex: updateUnconditionally 179 -> 178
2023-05-17 09:10:09,295 [grpc-default-executor-13] WARN  server.GrpcLogAppender (LogUtils.java:warn(122)) - a82ad0ea-641b-4ac2-b933-a1a26b5fe742@group-6A381084A931->f1b6f36b-e7af-48b8-b739-38f78676889c-AppendLogResponseHandler: Failed appendEntries: org.apache.ratis.thirdparty.io.grpc.StatusRuntimeException: UNAVAILABLE: io exception
2023-05-17 09:10:09,295 [grpc-default-executor-13] INFO  leader.FollowerInfo (FollowerInfoImpl.java:lambda$new$0(52)) - a82ad0ea-641b-4ac2-b933-a1a26b5fe742@group-6A381084A931->f1b6f36b-e7af-48b8-b739-38f78676889c: decreaseNextIndex nextIndex: updateUnconditionally 174 -> 173
2023-05-17 09:10:09,295 [grpc-default-executor-0] WARN  server.GrpcLogAppender (LogUtils.java:warn(122)) - a82ad0ea-641b-4ac2-b933-a1a26b5fe742@group-6A381084A931->f1b6f36b-e7af-48b8-b739-38f78676889c-AppendLogResponseHandler: Failed appendEntries: org.apache.ratis.thirdparty.io.grpc.StatusRuntimeException: UNAVAILABLE: io exception
2023-05-17 09:10:09,296 [grpc-default-executor-0] INFO  leader.FollowerInfo (FollowerInfoImpl.java:lambda$new$0(52)) - a82ad0ea-641b-4ac2-b933-a1a26b5fe742@group-6A381084A931->f1b6f36b-e7af-48b8-b739-38f78676889c: decreaseNextIndex nextIndex: updateUnconditionally 173 -> 172
2023-05-17 09:10:09,322 [bcbacd9a-ca93-42dd-bb1e-f9c21d91cd60-impl-thread2] INFO  segmented.SegmentedRaftLogWorker (SegmentedRaftLogWorker.java:close(252)) - bcbacd9a-ca93-42dd-bb1e-f9c21d91cd60@group-BD49330F06D5-SegmentedRaftLogWorker close()
2023-05-17 09:10:09,377 [5b9fa8c3-08c3-43f9-b175-3119fbbe3900-impl-thread2] INFO  segmented.SegmentedRaftLogWorker (SegmentedRaftLogWorker.java:close(252)) - 5b9fa8c3-08c3-43f9-b175-3119fbbe3900@group-F19CF75F4C85-SegmentedRaftLogWorker close()
2023-05-17 09:10:09,378 [JvmPauseMonitor9] INFO  util.JvmPauseMonitor (JvmPauseMonitor.java:run(109)) - JvmPauseMonitor-5b9fa8c3-08c3-43f9-b175-3119fbbe3900: Stopped
2023-05-17 09:10:09,386 [b2525f4f-bdf5-4dd0-b826-cbccdc8ecebe-impl-thread4] INFO  segmented.SegmentedRaftLogWorker (SegmentedRaftLogWorker.java:close(252)) - b2525f4f-bdf5-4dd0-b826-cbccdc8ecebe@group-9F3DE9A29F23-SegmentedRaftLogWorker close()
2023-05-17 09:10:09,387 [bcbacd9a-ca93-42dd-bb1e-f9c21d91cd60-impl-thread3] INFO  segmented.SegmentedRaftLogWorker (SegmentedRaftLogWorker.java:close(252)) - bcbacd9a-ca93-42dd-bb1e-f9c21d91cd60@group-F19CF75F4C85-SegmentedRaftLogWorker close()
2023-05-17 09:10:09,387 [JvmPauseMonitor7] INFO  util.JvmPauseMonitor (JvmPauseMonitor.java:run(109)) - JvmPauseMonitor-bcbacd9a-ca93-42dd-bb1e-f9c21d91cd60: Stopped
2023-05-17 09:10:09,480 [b2525f4f-bdf5-4dd0-b826-cbccdc8ecebe-impl-thread3] INFO  segmented.SegmentedRaftLogWorker (SegmentedRaftLogWorker.java:close(252)) - b2525f4f-bdf5-4dd0-b826-cbccdc8ecebe@group-1563067D893C-SegmentedRaftLogWorker close()
2023-05-17 09:10:09,481 [JvmPauseMonitor1] INFO  util.JvmPauseMonitor (JvmPauseMonitor.java:run(109)) - JvmPauseMonitor-b2525f4f-bdf5-4dd0-b826-cbccdc8ecebe: Stopped
2023-05-17 09:10:09,722 [grpc-default-executor-0] WARN  server.GrpcLogAppender (LogUtils.java:warn(122)) - 8889e818-58f8-49f9-ac5f-461eb7b79d1e@group-1563067D893C->67f04e2a-34cd-4ea0-b74b-c8cb5d6f4ea5-AppendLogResponseHandler: Failed appendEntries: org.apache.ratis.thirdparty.io.grpc.StatusRuntimeException: UNAVAILABLE: io exception
2023-05-17 09:10:09,722 [grpc-default-executor-13] WARN  server.GrpcLogAppender (LogUtils.java:warn(122)) - 8889e818-58f8-49f9-ac5f-461eb7b79d1e@group-1563067D893C->67f04e2a-34cd-4ea0-b74b-c8cb5d6f4ea5-AppendLogResponseHandler: Failed appendEntries: org.apache.ratis.thirdparty.io.grpc.StatusRuntimeException: UNAVAILABLE: io exception
2023-05-17 09:10:09,723 [grpc-default-executor-0] INFO  leader.FollowerInfo (FollowerInfoImpl.java:lambda$new$0(52)) - 8889e818-58f8-49f9-ac5f-461eb7b79d1e@group-1563067D893C->67f04e2a-34cd-4ea0-b74b-c8cb5d6f4ea5: decreaseNextIndex nextIndex: updateUnconditionally 136 -> 135
2023-05-17 09:10:09,724 [grpc-default-executor-13] INFO  leader.FollowerInfo (FollowerInfoImpl.java:lambda$new$0(52)) - 8889e818-58f8-49f9-ac5f-461eb7b79d1e@group-1563067D893C->67f04e2a-34cd-4ea0-b74b-c8cb5d6f4ea5: decreaseNextIndex nextIndex: updateUnconditionally 135 -> 134
2023-05-17 09:10:09,733 [grpc-default-executor-13] WARN  server.GrpcLogAppender (LogUtils.java:warn(122)) - 8889e818-58f8-49f9-ac5f-461eb7b79d1e@group-1563067D893C->67f04e2a-34cd-4ea0-b74b-c8cb5d6f4ea5-AppendLogResponseHandler: Failed appendEntries: org.apache.ratis.thirdparty.io.grpc.StatusRuntimeException: UNAVAILABLE: io exception
2023-05-17 09:10:09,733 [grpc-default-executor-0] WARN  server.GrpcLogAppender (LogUtils.java:warn(122)) - 8889e818-58f8-49f9-ac5f-461eb7b79d1e@group-1563067D893C->67f04e2a-34cd-4ea0-b74b-c8cb5d6f4ea5-AppendLogResponseHandler: Failed appendEntries: org.apache.ratis.thirdparty.io.grpc.StatusRuntimeException: UNAVAILABLE: io exception
2023-05-17 09:10:09,733 [grpc-default-executor-13] INFO  leader.FollowerInfo (FollowerInfoImpl.java:lambda$new$0(52)) - 8889e818-58f8-49f9-ac5f-461eb7b79d1e@group-1563067D893C->67f04e2a-34cd-4ea0-b74b-c8cb5d6f4ea5: decreaseNextIndex nextIndex: updateUnconditionally 135 -> 134
2023-05-17 09:10:09,734 [grpc-default-executor-0] INFO  leader.FollowerInfo (FollowerInfoImpl.java:lambda$new$0(52)) - 8889e818-58f8-49f9-ac5f-461eb7b79d1e@group-1563067D893C->67f04e2a-34cd-4ea0-b74b-c8cb5d6f4ea5: decreaseNextIndex nextIndex: updateUnconditionally 134 -> 133
2023-05-17 09:10:10,529 [grpc-default-executor-0] WARN  server.GrpcLogAppender (LogUtils.java:warn(122)) - a82ad0ea-641b-4ac2-b933-a1a26b5fe742@group-6A381084A931->4ea9b805-d843-4364-8f91-0c3c20e3ed71-AppendLogResponseHandler: Failed appendEntries: org.apache.ratis.thirdparty.io.grpc.StatusRuntimeException: UNAVAILABLE: io exception
2023-05-17 09:10:10,529 [grpc-default-executor-13] WARN  server.GrpcLogAppender (LogUtils.java:warn(122)) - a82ad0ea-641b-4ac2-b933-a1a26b5fe742@group-6A381084A931->4ea9b805-d843-4364-8f91-0c3c20e3ed71-AppendLogResponseHandler: Failed appendEntries: org.apache.ratis.thirdparty.io.grpc.StatusRuntimeException: UNAVAILABLE: io exception
2023-05-17 09:10:10,530 [grpc-default-executor-0] INFO  leader.FollowerInfo (FollowerInfoImpl.java:lambda$new$0(52)) - a82ad0ea-641b-4ac2-b933-a1a26b5fe742@group-6A381084A931->4ea9b805-d843-4364-8f91-0c3c20e3ed71: decreaseNextIndex nextIndex: updateUnconditionally 178 -> 177
2023-05-17 09:10:10,530 [grpc-default-executor-13] INFO  leader.FollowerInfo (FollowerInfoImpl.java:lambda$new$0(52)) - a82ad0ea-641b-4ac2-b933-a1a26b5fe742@group-6A381084A931->4ea9b805-d843-4364-8f91-0c3c20e3ed71: decreaseNextIndex nextIndex: updateUnconditionally 177 -> 176
2023-05-17 09:10:10,534 [grpc-default-executor-13] WARN  server.GrpcLogAppender (LogUtils.java:warn(122)) - a82ad0ea-641b-4ac2-b933-a1a26b5fe742@group-6A381084A931->f1b6f36b-e7af-48b8-b739-38f78676889c-AppendLogResponseHandler: Failed appendEntries: org.apache.ratis.thirdparty.io.grpc.StatusRuntimeException: UNAVAILABLE: io exception
2023-05-17 09:10:10,534 [grpc-default-executor-0] WARN  server.GrpcLogAppender (LogUtils.java:warn(122)) - a82ad0ea-641b-4ac2-b933-a1a26b5fe742@group-6A381084A931->f1b6f36b-e7af-48b8-b739-38f78676889c-AppendLogResponseHandler: Failed appendEntries: org.apache.ratis.thirdparty.io.grpc.StatusRuntimeException: UNAVAILABLE: io exception
2023-05-17 09:10:10,535 [grpc-default-executor-13] INFO  leader.FollowerInfo (FollowerInfoImpl.java:lambda$new$0(52)) - a82ad0ea-641b-4ac2-b933-a1a26b5fe742@group-6A381084A931->f1b6f36b-e7af-48b8-b739-38f78676889c: decreaseNextIndex nextIndex: updateUnconditionally 172 -> 171
2023-05-17 09:10:10,535 [grpc-default-executor-0] INFO  leader.FollowerInfo (FollowerInfoImpl.java:lambda$new$0(52)) - a82ad0ea-641b-4ac2-b933-a1a26b5fe742@group-6A381084A931->f1b6f36b-e7af-48b8-b739-38f78676889c: decreaseNextIndex nextIndex: updateUnconditionally 171 -> 170
2023-05-17 09:10:10,539 [grpc-default-executor-0] WARN  server.GrpcLogAppender (LogUtils.java:warn(122)) - a82ad0ea-641b-4ac2-b933-a1a26b5fe742@group-6A381084A931->4ea9b805-d843-4364-8f91-0c3c20e3ed71-AppendLogResponseHandler: Failed appendEntries: org.apache.ratis.thirdparty.io.grpc.StatusRuntimeException: UNAVAILABLE: io exception
2023-05-17 09:10:10,540 [grpc-default-executor-0] INFO  leader.FollowerInfo (FollowerInfoImpl.java:lambda$new$0(52)) - a82ad0ea-641b-4ac2-b933-a1a26b5fe742@group-6A381084A931->4ea9b805-d843-4364-8f91-0c3c20e3ed71: decreaseNextIndex nextIndex: updateUnconditionally 177 -> 176
2023-05-17 09:10:10,540 [grpc-default-executor-13] WARN  server.GrpcLogAppender (LogUtils.java:warn(122)) - a82ad0ea-641b-4ac2-b933-a1a26b5fe742@group-6A381084A931->4ea9b805-d843-4364-8f91-0c3c20e3ed71-AppendLogResponseHandler: Failed appendEntries: org.apache.ratis.thirdparty.io.grpc.StatusRuntimeException: UNAVAILABLE: io exception
2023-05-17 09:10:10,541 [grpc-default-executor-13] INFO  leader.FollowerInfo (FollowerInfoImpl.java:lambda$new$0(52)) - a82ad0ea-641b-4ac2-b933-a1a26b5fe742@group-6A381084A931->4ea9b805-d843-4364-8f91-0c3c20e3ed71: decreaseNextIndex nextIndex: updateUnconditionally 176 -> 175
2023-05-17 09:10:10,544 [grpc-default-executor-13] WARN  server.GrpcLogAppender (LogUtils.java:warn(122)) - a82ad0ea-641b-4ac2-b933-a1a26b5fe742@group-6A381084A931->f1b6f36b-e7af-48b8-b739-38f78676889c-AppendLogResponseHandler: Failed appendEntries: org.apache.ratis.thirdparty.io.grpc.StatusRuntimeException: UNAVAILABLE: io exception
2023-05-17 09:10:10,544 [grpc-default-executor-0] WARN  server.GrpcLogAppender (LogUtils.java:warn(122)) - a82ad0ea-641b-4ac2-b933-a1a26b5fe742@group-6A381084A931->f1b6f36b-e7af-48b8-b739-38f78676889c-AppendLogResponseHandler: Failed appendEntries: org.apache.ratis.thirdparty.io.grpc.StatusRuntimeException: UNAVAILABLE: io exception
2023-05-17 09:10:10,545 [grpc-default-executor-13] INFO  leader.FollowerInfo (FollowerInfoImpl.java:lambda$new$0(52)) - a82ad0ea-641b-4ac2-b933-a1a26b5fe742@group-6A381084A931->f1b6f36b-e7af-48b8-b739-38f78676889c: decreaseNextIndex nextIndex: updateUnconditionally 171 -> 170
2023-05-17 09:10:10,545 [grpc-default-executor-0] INFO  leader.FollowerInfo (FollowerInfoImpl.java:lambda$new$0(52)) - a82ad0ea-641b-4ac2-b933-a1a26b5fe742@group-6A381084A931->f1b6f36b-e7af-48b8-b739-38f78676889c: decreaseNextIndex nextIndex: updateUnconditionally 170 -> 169
2023-05-17 09:10:10,880 [ForkJoinPool.commonPool-worker-1] INFO  utils.DatanodeStoreCache (DatanodeStoreCache.java:shutdownCache(110)) - Skip clearing cache in mini cluster mode. Entries left: [/home/runner/work/ozone/ozone/hadoop-ozone/integration-test/target/test-dir/MiniOzoneClusterImpl-21d14123-a168-44a2-bc0a-ee93e32dcc9b/datanode-1/data-0/containers/hdds/21d14123-a168-44a2-bc0a-ee93e32dcc9b/DS-75573b26-bbc5-41aa-b498-c98da6c079d0/container.db, /home/runner/work/ozone/ozone/hadoop-ozone/integration-test/target/test-dir/MiniOzoneClusterImpl-21d14123-a168-44a2-bc0a-ee93e32dcc9b/datanode-11/data-0/containers/hdds/21d14123-a168-44a2-bc0a-ee93e32dcc9b/DS-654292e4-cba6-49f8-9303-4f376585f7ba/container.db, /home/runner/work/ozone/ozone/hadoop-ozone/integration-test/target/test-dir/MiniOzoneClusterImpl-21d14123-a168-44a2-bc0a-ee93e32dcc9b/datanode-13/data-0/containers/hdds/21d14123-a168-44a2-bc0a-ee93e32dcc9b/DS-ccdd6bfe-6239-4ba1-ad61-45d66ca46ddd/container.db, /home/runner/work/ozone/ozone/hadoop-ozone/integration-test/target/test-dir/MiniOzoneClusterImpl-21d14123-a168-44a2-bc0a-ee93e32dcc9b/datanode-2/data-0/containers/hdds/21d14123-a168-44a2-bc0a-ee93e32dcc9b/DS-813ee51c-fe06-4b3d-9da0-281f4df98916/container.db, /home/runner/work/ozone/ozone/hadoop-ozone/integration-test/target/test-dir/MiniOzoneClusterImpl-21d14123-a168-44a2-bc0a-ee93e32dcc9b/datanode-4/data-0/containers/hdds/21d14123-a168-44a2-bc0a-ee93e32dcc9b/DS-eb8a5b14-3ceb-4412-bc88-7c7afa5b4695/container.db, /home/runner/work/ozone/ozone/hadoop-ozone/integration-test/target/test-dir/MiniOzoneClusterImpl-21d14123-a168-44a2-bc0a-ee93e32dcc9b/datanode-6/data-0/containers/hdds/21d14123-a168-44a2-bc0a-ee93e32dcc9b/DS-e6fd543f-4499-4b15-9a4b-898f106d3433/container.db, /home/runner/work/ozone/ozone/hadoop-ozone/integration-test/target/test-dir/MiniOzoneClusterImpl-21d14123-a168-44a2-bc0a-ee93e32dcc9b/datanode-8/data-0/containers/hdds/21d14123-a168-44a2-bc0a-ee93e32dcc9b/DS-e94b1d01-c5b8-4897-95eb-dd43dff24a02/container.db, /home/runner/work/ozone/ozone/hadoop-ozone/integration-test/target/test-dir/MiniOzoneClusterImpl-21d14123-a168-44a2-bc0a-ee93e32dcc9b/datanode-9/data-0/containers/hdds/21d14123-a168-44a2-bc0a-ee93e32dcc9b/DS-60ea85da-57d1-4a0a-ae19-1b89393ebde5/container.db]
2023-05-17 09:10:10,887 [ForkJoinPool.commonPool-worker-1] INFO  utils.DatanodeStoreCache (DatanodeStoreCache.java:removeDB(104)) - Removed db /home/runner/work/ozone/ozone/hadoop-ozone/integration-test/target/test-dir/MiniOzoneClusterImpl-21d14123-a168-44a2-bc0a-ee93e32dcc9b/datanode-4/data-0/containers/hdds/21d14123-a168-44a2-bc0a-ee93e32dcc9b/DS-eb8a5b14-3ceb-4412-bc88-7c7afa5b4695/container.db from cache
2023-05-17 09:10:10,887 [ForkJoinPool.commonPool-worker-1] INFO  volume.HddsVolume (HddsVolume.java:closeDbStore(437)) - SchemaV3 db is stopped at /home/runner/work/ozone/ozone/hadoop-ozone/integration-test/target/test-dir/MiniOzoneClusterImpl-21d14123-a168-44a2-bc0a-ee93e32dcc9b/datanode-4/data-0/containers/hdds/21d14123-a168-44a2-bc0a-ee93e32dcc9b/DS-eb8a5b14-3ceb-4412-bc88-7c7afa5b4695/container.db for volume DS-eb8a5b14-3ceb-4412-bc88-7c7afa5b4695
2023-05-17 09:10:10,889 [ForkJoinPool.commonPool-worker-1] INFO  utils.BackgroundService (BackgroundService.java:shutdown(141)) - Shutting down service BlockDeletingService
2023-05-17 09:10:10,889 [ForkJoinPool.commonPool-worker-1] INFO  utils.BackgroundService (BackgroundService.java:shutdown(141)) - Shutting down service StaleRecoveringContainerScrubbingService
2023-05-17 09:10:10,892 [ForkJoinPool.commonPool-worker-1] INFO  statemachine.DatanodeStateMachine (DatanodeStateMachine.java:stopDaemon(608)) - Ozone container server stopped.
2023-05-17 09:10:10,902 [ForkJoinPool.commonPool-worker-1] INFO  handler.ContextHandler (ContextHandler.java:doStop(1159)) - Stopped o.e.j.w.WebAppContext@1d77a5e8{hddsDatanode,/,null,STOPPED}{jar:file:/home/runner/.m2/repository/org/apache/ozone/hdds-container-service/1.4.0-SNAPSHOT/hdds-container-service-1.4.0-SNAPSHOT.jar!/webapps/hddsDatanode}
2023-05-17 09:10:10,904 [ForkJoinPool.commonPool-worker-1] INFO  server.AbstractConnector (AbstractConnector.java:doStop(383)) - Stopped ServerConnector@581b72a5{HTTP/1.1, (http/1.1)}{0.0.0.0:15041}
2023-05-17 09:10:10,904 [ForkJoinPool.commonPool-worker-1] INFO  server.session (HouseKeeper.java:stopScavenging(149)) - node0 Stopped scavenging
2023-05-17 09:10:10,907 [ForkJoinPool.commonPool-worker-1] INFO  handler.ContextHandler (ContextHandler.java:doStop(1159)) - Stopped o.e.j.s.ServletContextHandler@3376b5ca{static,/static,jar:file:/home/runner/.m2/repository/org/apache/ozone/hdds-container-service/1.4.0-SNAPSHOT/hdds-container-service-1.4.0-SNAPSHOT.jar!/webapps/static,STOPPED}
2023-05-17 09:10:10,908 [ForkJoinPool.commonPool-worker-1] INFO  handler.ContextHandler (ContextHandler.java:doStop(1159)) - Stopped o.e.j.s.ServletContextHandler@145f5e4c{logs,/logs,file:///home/runner/work/ozone/ozone/hadoop-ozone/integration-test/target/log,STOPPED}
2023-05-17 09:10:10,973 [grpc-default-executor-0] WARN  server.GrpcLogAppender (LogUtils.java:warn(122)) - 8889e818-58f8-49f9-ac5f-461eb7b79d1e@group-1563067D893C->67f04e2a-34cd-4ea0-b74b-c8cb5d6f4ea5-AppendLogResponseHandler: Failed appendEntries: org.apache.ratis.thirdparty.io.grpc.StatusRuntimeException: UNAVAILABLE: io exception
2023-05-17 09:10:10,973 [grpc-default-executor-13] WARN  server.GrpcLogAppender (LogUtils.java:warn(122)) - 8889e818-58f8-49f9-ac5f-461eb7b79d1e@group-1563067D893C->67f04e2a-34cd-4ea0-b74b-c8cb5d6f4ea5-AppendLogResponseHandler: Failed appendEntries: org.apache.ratis.thirdparty.io.grpc.StatusRuntimeException: UNAVAILABLE: io exception
2023-05-17 09:10:10,974 [grpc-default-executor-0] INFO  leader.FollowerInfo (FollowerInfoImpl.java:lambda$new$0(52)) - 8889e818-58f8-49f9-ac5f-461eb7b79d1e@group-1563067D893C->67f04e2a-34cd-4ea0-b74b-c8cb5d6f4ea5: decreaseNextIndex nextIndex: updateUnconditionally 133 -> 132
2023-05-17 09:10:10,975 [grpc-default-executor-13] INFO  leader.FollowerInfo (FollowerInfoImpl.java:lambda$new$0(52)) - 8889e818-58f8-49f9-ac5f-461eb7b79d1e@group-1563067D893C->67f04e2a-34cd-4ea0-b74b-c8cb5d6f4ea5: decreaseNextIndex nextIndex: updateUnconditionally 132 -> 131
2023-05-17 09:10:10,983 [grpc-default-executor-13] WARN  server.GrpcLogAppender (LogUtils.java:warn(122)) - 8889e818-58f8-49f9-ac5f-461eb7b79d1e@group-1563067D893C->67f04e2a-34cd-4ea0-b74b-c8cb5d6f4ea5-AppendLogResponseHandler: Failed appendEntries: org.apache.ratis.thirdparty.io.grpc.StatusRuntimeException: UNAVAILABLE: io exception
2023-05-17 09:10:10,983 [grpc-default-executor-0] WARN  server.GrpcLogAppender (LogUtils.java:warn(122)) - 8889e818-58f8-49f9-ac5f-461eb7b79d1e@group-1563067D893C->67f04e2a-34cd-4ea0-b74b-c8cb5d6f4ea5-AppendLogResponseHandler: Failed appendEntries: org.apache.ratis.thirdparty.io.grpc.StatusRuntimeException: UNAVAILABLE: io exception
2023-05-17 09:10:10,984 [grpc-default-executor-13] INFO  leader.FollowerInfo (FollowerInfoImpl.java:lambda$new$0(52)) - 8889e818-58f8-49f9-ac5f-461eb7b79d1e@group-1563067D893C->67f04e2a-34cd-4ea0-b74b-c8cb5d6f4ea5: decreaseNextIndex nextIndex: updateUnconditionally 132 -> 131
2023-05-17 09:10:10,985 [grpc-default-executor-0] INFO  leader.FollowerInfo (FollowerInfoImpl.java:lambda$new$0(52)) - 8889e818-58f8-49f9-ac5f-461eb7b79d1e@group-1563067D893C->67f04e2a-34cd-4ea0-b74b-c8cb5d6f4ea5: decreaseNextIndex nextIndex: updateUnconditionally 131 -> 130
2023-05-17 09:10:10,997 [grpc-default-executor-3] WARN  server.GrpcLogAppender (LogUtils.java:warn(122)) - 8889e818-58f8-49f9-ac5f-461eb7b79d1e@group-1563067D893C->b2525f4f-bdf5-4dd0-b826-cbccdc8ecebe-AppendLogResponseHandler: Failed appendEntries: org.apache.ratis.thirdparty.io.grpc.StatusRuntimeException: UNAVAILABLE: io exception
2023-05-17 09:10:10,997 [grpc-default-executor-3] INFO  leader.FollowerInfo (FollowerInfoImpl.java:lambda$new$0(52)) - 8889e818-58f8-49f9-ac5f-461eb7b79d1e@group-1563067D893C->b2525f4f-bdf5-4dd0-b826-cbccdc8ecebe: decreaseNextIndex nextIndex: updateUnconditionally 145 -> 144
2023-05-17 09:10:10,998 [grpc-default-executor-13] WARN  server.GrpcLogAppender (LogUtils.java:warn(122)) - 8889e818-58f8-49f9-ac5f-461eb7b79d1e@group-1563067D893C->b2525f4f-bdf5-4dd0-b826-cbccdc8ecebe-AppendLogResponseHandler: Failed appendEntries: org.apache.ratis.thirdparty.io.grpc.StatusRuntimeException: UNAVAILABLE: io exception
2023-05-17 09:10:10,998 [grpc-default-executor-13] INFO  leader.FollowerInfo (FollowerInfoImpl.java:lambda$new$0(52)) - 8889e818-58f8-49f9-ac5f-461eb7b79d1e@group-1563067D893C->b2525f4f-bdf5-4dd0-b826-cbccdc8ecebe: decreaseNextIndex nextIndex: updateUnconditionally 144 -> 143
2023-05-17 09:10:11,007 [grpc-default-executor-13] WARN  server.GrpcLogAppender (LogUtils.java:warn(122)) - 8889e818-58f8-49f9-ac5f-461eb7b79d1e@group-1563067D893C->b2525f4f-bdf5-4dd0-b826-cbccdc8ecebe-AppendLogResponseHandler: Failed appendEntries: org.apache.ratis.thirdparty.io.grpc.StatusRuntimeException: UNAVAILABLE: io exception
2023-05-17 09:10:11,007 [grpc-default-executor-3] WARN  server.GrpcLogAppender (LogUtils.java:warn(122)) - 8889e818-58f8-49f9-ac5f-461eb7b79d1e@group-1563067D893C->b2525f4f-bdf5-4dd0-b826-cbccdc8ecebe-AppendLogResponseHandler: Failed appendEntries: org.apache.ratis.thirdparty.io.grpc.StatusRuntimeException: UNAVAILABLE: io exception
2023-05-17 09:10:11,007 [grpc-default-executor-13] INFO  leader.FollowerInfo (FollowerInfoImpl.java:lambda$new$0(52)) - 8889e818-58f8-49f9-ac5f-461eb7b79d1e@group-1563067D893C->b2525f4f-bdf5-4dd0-b826-cbccdc8ecebe: decreaseNextIndex nextIndex: updateUnconditionally 144 -> 143
2023-05-17 09:10:11,008 [grpc-default-executor-3] INFO  leader.FollowerInfo (FollowerInfoImpl.java:lambda$new$0(52)) - 8889e818-58f8-49f9-ac5f-461eb7b79d1e@group-1563067D893C->b2525f4f-bdf5-4dd0-b826-cbccdc8ecebe: decreaseNextIndex nextIndex: updateUnconditionally 143 -> 142
2023-05-17 09:10:11,176 [ForkJoinPool.commonPool-worker-0] INFO  utils.DatanodeStoreCache (DatanodeStoreCache.java:shutdownCache(110)) - Skip clearing cache in mini cluster mode. Entries left: [/home/runner/work/ozone/ozone/hadoop-ozone/integration-test/target/test-dir/MiniOzoneClusterImpl-21d14123-a168-44a2-bc0a-ee93e32dcc9b/datanode-1/data-0/containers/hdds/21d14123-a168-44a2-bc0a-ee93e32dcc9b/DS-75573b26-bbc5-41aa-b498-c98da6c079d0/container.db, /home/runner/work/ozone/ozone/hadoop-ozone/integration-test/target/test-dir/MiniOzoneClusterImpl-21d14123-a168-44a2-bc0a-ee93e32dcc9b/datanode-11/data-0/containers/hdds/21d14123-a168-44a2-bc0a-ee93e32dcc9b/DS-654292e4-cba6-49f8-9303-4f376585f7ba/container.db, /home/runner/work/ozone/ozone/hadoop-ozone/integration-test/target/test-dir/MiniOzoneClusterImpl-21d14123-a168-44a2-bc0a-ee93e32dcc9b/datanode-13/data-0/containers/hdds/21d14123-a168-44a2-bc0a-ee93e32dcc9b/DS-ccdd6bfe-6239-4ba1-ad61-45d66ca46ddd/container.db, /home/runner/work/ozone/ozone/hadoop-ozone/integration-test/target/test-dir/MiniOzoneClusterImpl-21d14123-a168-44a2-bc0a-ee93e32dcc9b/datanode-2/data-0/containers/hdds/21d14123-a168-44a2-bc0a-ee93e32dcc9b/DS-813ee51c-fe06-4b3d-9da0-281f4df98916/container.db, /home/runner/work/ozone/ozone/hadoop-ozone/integration-test/target/test-dir/MiniOzoneClusterImpl-21d14123-a168-44a2-bc0a-ee93e32dcc9b/datanode-6/data-0/containers/hdds/21d14123-a168-44a2-bc0a-ee93e32dcc9b/DS-e6fd543f-4499-4b15-9a4b-898f106d3433/container.db, /home/runner/work/ozone/ozone/hadoop-ozone/integration-test/target/test-dir/MiniOzoneClusterImpl-21d14123-a168-44a2-bc0a-ee93e32dcc9b/datanode-8/data-0/containers/hdds/21d14123-a168-44a2-bc0a-ee93e32dcc9b/DS-e94b1d01-c5b8-4897-95eb-dd43dff24a02/container.db, /home/runner/work/ozone/ozone/hadoop-ozone/integration-test/target/test-dir/MiniOzoneClusterImpl-21d14123-a168-44a2-bc0a-ee93e32dcc9b/datanode-9/data-0/containers/hdds/21d14123-a168-44a2-bc0a-ee93e32dcc9b/DS-60ea85da-57d1-4a0a-ae19-1b89393ebde5/container.db]
2023-05-17 09:10:11,180 [ForkJoinPool.commonPool-worker-0] INFO  utils.DatanodeStoreCache (DatanodeStoreCache.java:removeDB(104)) - Removed db /home/runner/work/ozone/ozone/hadoop-ozone/integration-test/target/test-dir/MiniOzoneClusterImpl-21d14123-a168-44a2-bc0a-ee93e32dcc9b/datanode-13/data-0/containers/hdds/21d14123-a168-44a2-bc0a-ee93e32dcc9b/DS-ccdd6bfe-6239-4ba1-ad61-45d66ca46ddd/container.db from cache
2023-05-17 09:10:11,180 [ForkJoinPool.commonPool-worker-0] INFO  volume.HddsVolume (HddsVolume.java:closeDbStore(437)) - SchemaV3 db is stopped at /home/runner/work/ozone/ozone/hadoop-ozone/integration-test/target/test-dir/MiniOzoneClusterImpl-21d14123-a168-44a2-bc0a-ee93e32dcc9b/datanode-13/data-0/containers/hdds/21d14123-a168-44a2-bc0a-ee93e32dcc9b/DS-ccdd6bfe-6239-4ba1-ad61-45d66ca46ddd/container.db for volume DS-ccdd6bfe-6239-4ba1-ad61-45d66ca46ddd
2023-05-17 09:10:11,181 [ForkJoinPool.commonPool-worker-0] INFO  utils.BackgroundService (BackgroundService.java:shutdown(141)) - Shutting down service BlockDeletingService
2023-05-17 09:10:11,182 [ForkJoinPool.commonPool-worker-0] INFO  utils.BackgroundService (BackgroundService.java:shutdown(141)) - Shutting down service StaleRecoveringContainerScrubbingService
2023-05-17 09:10:11,185 [ForkJoinPool.commonPool-worker-0] INFO  statemachine.DatanodeStateMachine (DatanodeStateMachine.java:stopDaemon(608)) - Ozone container server stopped.
2023-05-17 09:10:11,194 [ForkJoinPool.commonPool-worker-0] INFO  handler.ContextHandler (ContextHandler.java:doStop(1159)) - Stopped o.e.j.w.WebAppContext@2530e0d6{hddsDatanode,/,null,STOPPED}{jar:file:/home/runner/.m2/repository/org/apache/ozone/hdds-container-service/1.4.0-SNAPSHOT/hdds-container-service-1.4.0-SNAPSHOT.jar!/webapps/hddsDatanode}
2023-05-17 09:10:11,196 [ForkJoinPool.commonPool-worker-0] INFO  server.AbstractConnector (AbstractConnector.java:doStop(383)) - Stopped ServerConnector@386af679{HTTP/1.1, (http/1.1)}{0.0.0.0:15113}
2023-05-17 09:10:11,197 [ForkJoinPool.commonPool-worker-0] INFO  server.session (HouseKeeper.java:stopScavenging(149)) - node0 Stopped scavenging
2023-05-17 09:10:11,199 [ForkJoinPool.commonPool-worker-0] INFO  handler.ContextHandler (ContextHandler.java:doStop(1159)) - Stopped o.e.j.s.ServletContextHandler@42294ce4{static,/static,jar:file:/home/runner/.m2/repository/org/apache/ozone/hdds-container-service/1.4.0-SNAPSHOT/hdds-container-service-1.4.0-SNAPSHOT.jar!/webapps/static,STOPPED}
2023-05-17 09:10:11,200 [ForkJoinPool.commonPool-worker-0] INFO  handler.ContextHandler (ContextHandler.java:doStop(1159)) - Stopped o.e.j.s.ServletContextHandler@426b205{logs,/logs,file:///home/runner/work/ozone/ozone/hadoop-ozone/integration-test/target/log,STOPPED}
2023-05-17 09:10:11,278 [ForkJoinPool.commonPool-worker-2] INFO  utils.DatanodeStoreCache (DatanodeStoreCache.java:shutdownCache(110)) - Skip clearing cache in mini cluster mode. Entries left: [/home/runner/work/ozone/ozone/hadoop-ozone/integration-test/target/test-dir/MiniOzoneClusterImpl-21d14123-a168-44a2-bc0a-ee93e32dcc9b/datanode-1/data-0/containers/hdds/21d14123-a168-44a2-bc0a-ee93e32dcc9b/DS-75573b26-bbc5-41aa-b498-c98da6c079d0/container.db, /home/runner/work/ozone/ozone/hadoop-ozone/integration-test/target/test-dir/MiniOzoneClusterImpl-21d14123-a168-44a2-bc0a-ee93e32dcc9b/datanode-11/data-0/containers/hdds/21d14123-a168-44a2-bc0a-ee93e32dcc9b/DS-654292e4-cba6-49f8-9303-4f376585f7ba/container.db, /home/runner/work/ozone/ozone/hadoop-ozone/integration-test/target/test-dir/MiniOzoneClusterImpl-21d14123-a168-44a2-bc0a-ee93e32dcc9b/datanode-2/data-0/containers/hdds/21d14123-a168-44a2-bc0a-ee93e32dcc9b/DS-813ee51c-fe06-4b3d-9da0-281f4df98916/container.db, /home/runner/work/ozone/ozone/hadoop-ozone/integration-test/target/test-dir/MiniOzoneClusterImpl-21d14123-a168-44a2-bc0a-ee93e32dcc9b/datanode-6/data-0/containers/hdds/21d14123-a168-44a2-bc0a-ee93e32dcc9b/DS-e6fd543f-4499-4b15-9a4b-898f106d3433/container.db, /home/runner/work/ozone/ozone/hadoop-ozone/integration-test/target/test-dir/MiniOzoneClusterImpl-21d14123-a168-44a2-bc0a-ee93e32dcc9b/datanode-8/data-0/containers/hdds/21d14123-a168-44a2-bc0a-ee93e32dcc9b/DS-e94b1d01-c5b8-4897-95eb-dd43dff24a02/container.db, /home/runner/work/ozone/ozone/hadoop-ozone/integration-test/target/test-dir/MiniOzoneClusterImpl-21d14123-a168-44a2-bc0a-ee93e32dcc9b/datanode-9/data-0/containers/hdds/21d14123-a168-44a2-bc0a-ee93e32dcc9b/DS-60ea85da-57d1-4a0a-ae19-1b89393ebde5/container.db]
2023-05-17 09:10:11,282 [ForkJoinPool.commonPool-worker-2] INFO  utils.DatanodeStoreCache (DatanodeStoreCache.java:removeDB(104)) - Removed db /home/runner/work/ozone/ozone/hadoop-ozone/integration-test/target/test-dir/MiniOzoneClusterImpl-21d14123-a168-44a2-bc0a-ee93e32dcc9b/datanode-11/data-0/containers/hdds/21d14123-a168-44a2-bc0a-ee93e32dcc9b/DS-654292e4-cba6-49f8-9303-4f376585f7ba/container.db from cache
2023-05-17 09:10:11,282 [ForkJoinPool.commonPool-worker-2] INFO  volume.HddsVolume (HddsVolume.java:closeDbStore(437)) - SchemaV3 db is stopped at /home/runner/work/ozone/ozone/hadoop-ozone/integration-test/target/test-dir/MiniOzoneClusterImpl-21d14123-a168-44a2-bc0a-ee93e32dcc9b/datanode-11/data-0/containers/hdds/21d14123-a168-44a2-bc0a-ee93e32dcc9b/DS-654292e4-cba6-49f8-9303-4f376585f7ba/container.db for volume DS-654292e4-cba6-49f8-9303-4f376585f7ba
2023-05-17 09:10:11,283 [ForkJoinPool.commonPool-worker-2] INFO  utils.BackgroundService (BackgroundService.java:shutdown(141)) - Shutting down service BlockDeletingService
2023-05-17 09:10:11,284 [ForkJoinPool.commonPool-worker-2] INFO  utils.BackgroundService (BackgroundService.java:shutdown(141)) - Shutting down service StaleRecoveringContainerScrubbingService
2023-05-17 09:10:11,286 [ForkJoinPool.commonPool-worker-2] INFO  statemachine.DatanodeStateMachine (DatanodeStateMachine.java:stopDaemon(608)) - Ozone container server stopped.
2023-05-17 09:10:11,295 [ForkJoinPool.commonPool-worker-2] INFO  handler.ContextHandler (ContextHandler.java:doStop(1159)) - Stopped o.e.j.w.WebAppContext@54ccb107{hddsDatanode,/,null,STOPPED}{jar:file:/home/runner/.m2/repository/org/apache/ozone/hdds-container-service/1.4.0-SNAPSHOT/hdds-container-service-1.4.0-SNAPSHOT.jar!/webapps/hddsDatanode}
2023-05-17 09:10:11,295 [ForkJoinPool.commonPool-worker-2] INFO  server.AbstractConnector (AbstractConnector.java:doStop(383)) - Stopped ServerConnector@657bc95{HTTP/1.1, (http/1.1)}{0.0.0.0:15097}
2023-05-17 09:10:11,295 [ForkJoinPool.commonPool-worker-2] INFO  server.session (HouseKeeper.java:stopScavenging(149)) - node0 Stopped scavenging
2023-05-17 09:10:11,296 [ForkJoinPool.commonPool-worker-2] INFO  handler.ContextHandler (ContextHandler.java:doStop(1159)) - Stopped o.e.j.s.ServletContextHandler@15c5d50e{static,/static,jar:file:/home/runner/.m2/repository/org/apache/ozone/hdds-container-service/1.4.0-SNAPSHOT/hdds-container-service-1.4.0-SNAPSHOT.jar!/webapps/static,STOPPED}
2023-05-17 09:10:11,296 [ForkJoinPool.commonPool-worker-2] INFO  handler.ContextHandler (ContextHandler.java:doStop(1159)) - Stopped o.e.j.s.ServletContextHandler@32aca0cd{logs,/logs,file:///home/runner/work/ozone/ozone/hadoop-ozone/integration-test/target/log,STOPPED}
2023-05-17 09:10:11,382 [Listener at 127.0.0.1/15004] INFO  utils.DatanodeStoreCache (DatanodeStoreCache.java:shutdownCache(110)) - Skip clearing cache in mini cluster mode. Entries left: [/home/runner/work/ozone/ozone/hadoop-ozone/integration-test/target/test-dir/MiniOzoneClusterImpl-21d14123-a168-44a2-bc0a-ee93e32dcc9b/datanode-1/data-0/containers/hdds/21d14123-a168-44a2-bc0a-ee93e32dcc9b/DS-75573b26-bbc5-41aa-b498-c98da6c079d0/container.db, /home/runner/work/ozone/ozone/hadoop-ozone/integration-test/target/test-dir/MiniOzoneClusterImpl-21d14123-a168-44a2-bc0a-ee93e32dcc9b/datanode-2/data-0/containers/hdds/21d14123-a168-44a2-bc0a-ee93e32dcc9b/DS-813ee51c-fe06-4b3d-9da0-281f4df98916/container.db, /home/runner/work/ozone/ozone/hadoop-ozone/integration-test/target/test-dir/MiniOzoneClusterImpl-21d14123-a168-44a2-bc0a-ee93e32dcc9b/datanode-6/data-0/containers/hdds/21d14123-a168-44a2-bc0a-ee93e32dcc9b/DS-e6fd543f-4499-4b15-9a4b-898f106d3433/container.db, /home/runner/work/ozone/ozone/hadoop-ozone/integration-test/target/test-dir/MiniOzoneClusterImpl-21d14123-a168-44a2-bc0a-ee93e32dcc9b/datanode-8/data-0/containers/hdds/21d14123-a168-44a2-bc0a-ee93e32dcc9b/DS-e94b1d01-c5b8-4897-95eb-dd43dff24a02/container.db, /home/runner/work/ozone/ozone/hadoop-ozone/integration-test/target/test-dir/MiniOzoneClusterImpl-21d14123-a168-44a2-bc0a-ee93e32dcc9b/datanode-9/data-0/containers/hdds/21d14123-a168-44a2-bc0a-ee93e32dcc9b/DS-60ea85da-57d1-4a0a-ae19-1b89393ebde5/container.db]
2023-05-17 09:10:11,385 [Listener at 127.0.0.1/15004] INFO  utils.DatanodeStoreCache (DatanodeStoreCache.java:removeDB(104)) - Removed db /home/runner/work/ozone/ozone/hadoop-ozone/integration-test/target/test-dir/MiniOzoneClusterImpl-21d14123-a168-44a2-bc0a-ee93e32dcc9b/datanode-8/data-0/containers/hdds/21d14123-a168-44a2-bc0a-ee93e32dcc9b/DS-e94b1d01-c5b8-4897-95eb-dd43dff24a02/container.db from cache
2023-05-17 09:10:11,385 [Listener at 127.0.0.1/15004] INFO  volume.HddsVolume (HddsVolume.java:closeDbStore(437)) - SchemaV3 db is stopped at /home/runner/work/ozone/ozone/hadoop-ozone/integration-test/target/test-dir/MiniOzoneClusterImpl-21d14123-a168-44a2-bc0a-ee93e32dcc9b/datanode-8/data-0/containers/hdds/21d14123-a168-44a2-bc0a-ee93e32dcc9b/DS-e94b1d01-c5b8-4897-95eb-dd43dff24a02/container.db for volume DS-e94b1d01-c5b8-4897-95eb-dd43dff24a02
2023-05-17 09:10:11,385 [Listener at 127.0.0.1/15004] INFO  utils.BackgroundService (BackgroundService.java:shutdown(141)) - Shutting down service BlockDeletingService
2023-05-17 09:10:11,386 [Listener at 127.0.0.1/15004] INFO  utils.BackgroundService (BackgroundService.java:shutdown(141)) - Shutting down service StaleRecoveringContainerScrubbingService
2023-05-17 09:10:11,389 [Listener at 127.0.0.1/15004] INFO  statemachine.DatanodeStateMachine (DatanodeStateMachine.java:stopDaemon(608)) - Ozone container server stopped.
2023-05-17 09:10:11,393 [ForkJoinPool.commonPool-worker-6] INFO  utils.DatanodeStoreCache (DatanodeStoreCache.java:shutdownCache(110)) - Skip clearing cache in mini cluster mode. Entries left: [/home/runner/work/ozone/ozone/hadoop-ozone/integration-test/target/test-dir/MiniOzoneClusterImpl-21d14123-a168-44a2-bc0a-ee93e32dcc9b/datanode-1/data-0/containers/hdds/21d14123-a168-44a2-bc0a-ee93e32dcc9b/DS-75573b26-bbc5-41aa-b498-c98da6c079d0/container.db, /home/runner/work/ozone/ozone/hadoop-ozone/integration-test/target/test-dir/MiniOzoneClusterImpl-21d14123-a168-44a2-bc0a-ee93e32dcc9b/datanode-2/data-0/containers/hdds/21d14123-a168-44a2-bc0a-ee93e32dcc9b/DS-813ee51c-fe06-4b3d-9da0-281f4df98916/container.db, /home/runner/work/ozone/ozone/hadoop-ozone/integration-test/target/test-dir/MiniOzoneClusterImpl-21d14123-a168-44a2-bc0a-ee93e32dcc9b/datanode-6/data-0/containers/hdds/21d14123-a168-44a2-bc0a-ee93e32dcc9b/DS-e6fd543f-4499-4b15-9a4b-898f106d3433/container.db, /home/runner/work/ozone/ozone/hadoop-ozone/integration-test/target/test-dir/MiniOzoneClusterImpl-21d14123-a168-44a2-bc0a-ee93e32dcc9b/datanode-9/data-0/containers/hdds/21d14123-a168-44a2-bc0a-ee93e32dcc9b/DS-60ea85da-57d1-4a0a-ae19-1b89393ebde5/container.db]
2023-05-17 09:10:11,398 [ForkJoinPool.commonPool-worker-6] INFO  utils.DatanodeStoreCache (DatanodeStoreCache.java:removeDB(104)) - Removed db /home/runner/work/ozone/ozone/hadoop-ozone/integration-test/target/test-dir/MiniOzoneClusterImpl-21d14123-a168-44a2-bc0a-ee93e32dcc9b/datanode-6/data-0/containers/hdds/21d14123-a168-44a2-bc0a-ee93e32dcc9b/DS-e6fd543f-4499-4b15-9a4b-898f106d3433/container.db from cache
2023-05-17 09:10:11,398 [ForkJoinPool.commonPool-worker-6] INFO  volume.HddsVolume (HddsVolume.java:closeDbStore(437)) - SchemaV3 db is stopped at /home/runner/work/ozone/ozone/hadoop-ozone/integration-test/target/test-dir/MiniOzoneClusterImpl-21d14123-a168-44a2-bc0a-ee93e32dcc9b/datanode-6/data-0/containers/hdds/21d14123-a168-44a2-bc0a-ee93e32dcc9b/DS-e6fd543f-4499-4b15-9a4b-898f106d3433/container.db for volume DS-e6fd543f-4499-4b15-9a4b-898f106d3433
2023-05-17 09:10:11,399 [ForkJoinPool.commonPool-worker-6] INFO  utils.BackgroundService (BackgroundService.java:shutdown(141)) - Shutting down service BlockDeletingService
2023-05-17 09:10:11,400 [ForkJoinPool.commonPool-worker-6] INFO  utils.BackgroundService (BackgroundService.java:shutdown(141)) - Shutting down service StaleRecoveringContainerScrubbingService
2023-05-17 09:10:11,402 [Listener at 127.0.0.1/15004] INFO  handler.ContextHandler (ContextHandler.java:doStop(1159)) - Stopped o.e.j.w.WebAppContext@1ffae821{hddsDatanode,/,null,STOPPED}{jar:file:/home/runner/.m2/repository/org/apache/ozone/hdds-container-service/1.4.0-SNAPSHOT/hdds-container-service-1.4.0-SNAPSHOT.jar!/webapps/hddsDatanode}
2023-05-17 09:10:11,404 [ForkJoinPool.commonPool-worker-6] INFO  statemachine.DatanodeStateMachine (DatanodeStateMachine.java:stopDaemon(608)) - Ozone container server stopped.
2023-05-17 09:10:11,414 [Listener at 127.0.0.1/15004] INFO  server.AbstractConnector (AbstractConnector.java:doStop(383)) - Stopped ServerConnector@2eedf598{HTTP/1.1, (http/1.1)}{0.0.0.0:15073}
2023-05-17 09:10:11,414 [Listener at 127.0.0.1/15004] INFO  server.session (HouseKeeper.java:stopScavenging(149)) - node0 Stopped scavenging
2023-05-17 09:10:11,414 [Listener at 127.0.0.1/15004] INFO  handler.ContextHandler (ContextHandler.java:doStop(1159)) - Stopped o.e.j.s.ServletContextHandler@2bd813b4{static,/static,jar:file:/home/runner/.m2/repository/org/apache/ozone/hdds-container-service/1.4.0-SNAPSHOT/hdds-container-service-1.4.0-SNAPSHOT.jar!/webapps/static,STOPPED}
2023-05-17 09:10:11,414 [Listener at 127.0.0.1/15004] INFO  handler.ContextHandler (ContextHandler.java:doStop(1159)) - Stopped o.e.j.s.ServletContextHandler@6b8abde9{logs,/logs,file:///home/runner/work/ozone/ozone/hadoop-ozone/integration-test/target/log,STOPPED}
2023-05-17 09:10:11,414 [ForkJoinPool.commonPool-worker-6] INFO  handler.ContextHandler (ContextHandler.java:doStop(1159)) - Stopped o.e.j.w.WebAppContext@5a69d594{hddsDatanode,/,null,STOPPED}{jar:file:/home/runner/.m2/repository/org/apache/ozone/hdds-container-service/1.4.0-SNAPSHOT/hdds-container-service-1.4.0-SNAPSHOT.jar!/webapps/hddsDatanode}
2023-05-17 09:10:11,415 [ForkJoinPool.commonPool-worker-6] INFO  server.AbstractConnector (AbstractConnector.java:doStop(383)) - Stopped ServerConnector@2d2bb545{HTTP/1.1, (http/1.1)}{0.0.0.0:15057}
2023-05-17 09:10:11,416 [ForkJoinPool.commonPool-worker-6] INFO  server.session (HouseKeeper.java:stopScavenging(149)) - node0 Stopped scavenging
2023-05-17 09:10:11,416 [ForkJoinPool.commonPool-worker-6] INFO  handler.ContextHandler (ContextHandler.java:doStop(1159)) - Stopped o.e.j.s.ServletContextHandler@14b26bc2{static,/static,jar:file:/home/runner/.m2/repository/org/apache/ozone/hdds-container-service/1.4.0-SNAPSHOT/hdds-container-service-1.4.0-SNAPSHOT.jar!/webapps/static,STOPPED}
2023-05-17 09:10:11,416 [ForkJoinPool.commonPool-worker-6] INFO  handler.ContextHandler (ContextHandler.java:doStop(1159)) - Stopped o.e.j.s.ServletContextHandler@3b1bdab9{logs,/logs,file:///home/runner/work/ozone/ozone/hadoop-ozone/integration-test/target/log,STOPPED}
2023-05-17 09:10:11,419 [Listener at 127.0.0.1/15004] INFO  ozoneimpl.OzoneContainer (OzoneContainer.java:stop(419)) - Attempting to stop container services.
2023-05-17 09:10:11,419 [Listener at 127.0.0.1/15004] INFO  server.RaftServer (RaftServerProxy.java:lambda$close$6(416)) - a82ad0ea-641b-4ac2-b933-a1a26b5fe742: close
2023-05-17 09:10:11,420 [a82ad0ea-641b-4ac2-b933-a1a26b5fe742-impl-thread2] INFO  server.RaftServer$Division (RaftServerImpl.java:lambda$close$4(466)) - a82ad0ea-641b-4ac2-b933-a1a26b5fe742@group-E694C42C06C7: shutdown
2023-05-17 09:10:11,420 [a82ad0ea-641b-4ac2-b933-a1a26b5fe742-impl-thread2] INFO  util.JmxRegister (JmxRegister.java:unregister(73)) - Successfully un-registered JMX Bean with object name Ratis:service=RaftServer,group=group-E694C42C06C7,id=a82ad0ea-641b-4ac2-b933-a1a26b5fe742
2023-05-17 09:10:11,420 [a82ad0ea-641b-4ac2-b933-a1a26b5fe742-impl-thread3] INFO  server.RaftServer$Division (RaftServerImpl.java:lambda$close$4(466)) - a82ad0ea-641b-4ac2-b933-a1a26b5fe742@group-6A381084A931: shutdown
2023-05-17 09:10:11,420 [a82ad0ea-641b-4ac2-b933-a1a26b5fe742-impl-thread2] INFO  impl.RoleInfo (RoleInfo.java:shutdownFollowerState(110)) - a82ad0ea-641b-4ac2-b933-a1a26b5fe742: shutdown a82ad0ea-641b-4ac2-b933-a1a26b5fe742@group-E694C42C06C7-FollowerState
2023-05-17 09:10:11,420 [a82ad0ea-641b-4ac2-b933-a1a26b5fe742-impl-thread3] INFO  util.JmxRegister (JmxRegister.java:unregister(73)) - Successfully un-registered JMX Bean with object name Ratis:service=RaftServer,group=group-6A381084A931,id=a82ad0ea-641b-4ac2-b933-a1a26b5fe742
2023-05-17 09:10:11,420 [a82ad0ea-641b-4ac2-b933-a1a26b5fe742-impl-thread3] INFO  impl.RoleInfo (RoleInfo.java:shutdownLeaderState(93)) - a82ad0ea-641b-4ac2-b933-a1a26b5fe742: shutdown a82ad0ea-641b-4ac2-b933-a1a26b5fe742@group-6A381084A931-LeaderStateImpl
2023-05-17 09:10:11,420 [Listener at 127.0.0.1/15004] INFO  server.GrpcService (GrpcService.java:closeImpl(311)) - a82ad0ea-641b-4ac2-b933-a1a26b5fe742: shutdown server org.apache.ratis.grpc.server.GrpcClientProtocolService now
2023-05-17 09:10:11,420 [a82ad0ea-641b-4ac2-b933-a1a26b5fe742-impl-thread4] INFO  server.RaftServer$Division (RaftServerImpl.java:lambda$close$4(466)) - a82ad0ea-641b-4ac2-b933-a1a26b5fe742@group-566D16F8D095: shutdown
2023-05-17 09:10:11,420 [a82ad0ea-641b-4ac2-b933-a1a26b5fe742-impl-thread3] INFO  impl.PendingRequests (PendingRequests.java:sendNotLeaderResponses(289)) - a82ad0ea-641b-4ac2-b933-a1a26b5fe742@group-6A381084A931-PendingRequests: sendNotLeaderResponses
2023-05-17 09:10:11,422 [a82ad0ea-641b-4ac2-b933-a1a26b5fe742@group-E694C42C06C7-StateMachineUpdater] INFO  ratis.ContainerStateMachine (ContainerStateMachine.java:takeSnapshot(330)) - group-E694C42C06C7: Taking a snapshot at:(t:1, i:134) file /home/runner/work/ozone/ozone/hadoop-ozone/integration-test/target/test-dir/MiniOzoneClusterImpl-21d14123-a168-44a2-bc0a-ee93e32dcc9b/datanode-9/data/ratis/73870f87-6117-452d-ba11-e694c42c06c7/sm/snapshot.1_134
2023-05-17 09:10:11,422 [a82ad0ea-641b-4ac2-b933-a1a26b5fe742@group-E694C42C06C7-FollowerState] INFO  impl.FollowerState (FollowerState.java:run(152)) - a82ad0ea-641b-4ac2-b933-a1a26b5fe742@group-E694C42C06C7-FollowerState was interrupted
2023-05-17 09:10:11,422 [a82ad0ea-641b-4ac2-b933-a1a26b5fe742@group-6A381084A931->f1b6f36b-e7af-48b8-b739-38f78676889c-GrpcLogAppender-LogAppenderDaemon] WARN  server.GrpcLogAppender (GrpcLogAppender.java:mayWait(199)) - a82ad0ea-641b-4ac2-b933-a1a26b5fe742@group-6A381084A931->f1b6f36b-e7af-48b8-b739-38f78676889c-GrpcLogAppender: Wait interrupted by java.lang.InterruptedException
2023-05-17 09:10:11,421 [a82ad0ea-641b-4ac2-b933-a1a26b5fe742@group-6A381084A931->4ea9b805-d843-4364-8f91-0c3c20e3ed71-GrpcLogAppender-LogAppenderDaemon] WARN  server.GrpcLogAppender (GrpcLogAppender.java:mayWait(199)) - a82ad0ea-641b-4ac2-b933-a1a26b5fe742@group-6A381084A931->4ea9b805-d843-4364-8f91-0c3c20e3ed71-GrpcLogAppender: Wait interrupted by java.lang.InterruptedException
2023-05-17 09:10:11,422 [a82ad0ea-641b-4ac2-b933-a1a26b5fe742-impl-thread2] INFO  impl.StateMachineUpdater (StateMachineUpdater.java:stopAndJoin(155)) - a82ad0ea-641b-4ac2-b933-a1a26b5fe742@group-E694C42C06C7-StateMachineUpdater: set stopIndex = 134
2023-05-17 09:10:11,422 [a82ad0ea-641b-4ac2-b933-a1a26b5fe742-impl-thread4] INFO  util.JmxRegister (JmxRegister.java:unregister(73)) - Successfully un-registered JMX Bean with object name Ratis:service=RaftServer,group=group-566D16F8D095,id=a82ad0ea-641b-4ac2-b933-a1a26b5fe742
2023-05-17 09:10:11,422 [a82ad0ea-641b-4ac2-b933-a1a26b5fe742-impl-thread3] INFO  impl.StateMachineUpdater (StateMachineUpdater.java:stopAndJoin(155)) - a82ad0ea-641b-4ac2-b933-a1a26b5fe742@group-6A381084A931-StateMachineUpdater: set stopIndex = 182
2023-05-17 09:10:11,422 [a82ad0ea-641b-4ac2-b933-a1a26b5fe742@group-6A381084A931-StateMachineUpdater] INFO  ratis.ContainerStateMachine (ContainerStateMachine.java:takeSnapshot(330)) - group-6A381084A931: Taking a snapshot at:(t:1, i:182) file /home/runner/work/ozone/ozone/hadoop-ozone/integration-test/target/test-dir/MiniOzoneClusterImpl-21d14123-a168-44a2-bc0a-ee93e32dcc9b/datanode-9/data/ratis/bcb7f622-48ef-4dfa-9e5a-6a381084a931/sm/snapshot.1_182
2023-05-17 09:10:11,422 [Thread-1633] INFO  server.GrpcServerProtocolClient (GrpcServerProtocolClient.java:close(103)) - 4ea9b805-d843-4364-8f91-0c3c20e3ed71 Close channels
2023-05-17 09:10:11,423 [a82ad0ea-641b-4ac2-b933-a1a26b5fe742-impl-thread4] INFO  impl.RoleInfo (RoleInfo.java:shutdownLeaderState(93)) - a82ad0ea-641b-4ac2-b933-a1a26b5fe742: shutdown a82ad0ea-641b-4ac2-b933-a1a26b5fe742@group-566D16F8D095-LeaderStateImpl
2023-05-17 09:10:11,423 [a82ad0ea-641b-4ac2-b933-a1a26b5fe742-impl-thread4] INFO  impl.PendingRequests (PendingRequests.java:sendNotLeaderResponses(289)) - a82ad0ea-641b-4ac2-b933-a1a26b5fe742@group-566D16F8D095-PendingRequests: sendNotLeaderResponses
2023-05-17 09:10:11,423 [a82ad0ea-641b-4ac2-b933-a1a26b5fe742-impl-thread4] INFO  impl.StateMachineUpdater (StateMachineUpdater.java:stopAndJoin(155)) - a82ad0ea-641b-4ac2-b933-a1a26b5fe742@group-566D16F8D095-StateMachineUpdater: set stopIndex = 168
2023-05-17 09:10:11,424 [a82ad0ea-641b-4ac2-b933-a1a26b5fe742@group-566D16F8D095-StateMachineUpdater] INFO  ratis.ContainerStateMachine (ContainerStateMachine.java:takeSnapshot(330)) - group-566D16F8D095: Taking a snapshot at:(t:1, i:168) file /home/runner/work/ozone/ozone/hadoop-ozone/integration-test/target/test-dir/MiniOzoneClusterImpl-21d14123-a168-44a2-bc0a-ee93e32dcc9b/datanode-9/data/ratis/da127891-4df6-49b5-829d-566d16f8d095/sm/snapshot.1_168
2023-05-17 09:10:11,424 [Thread-1634] INFO  server.GrpcServerProtocolClient (GrpcServerProtocolClient.java:close(103)) - f1b6f36b-e7af-48b8-b739-38f78676889c Close channels
2023-05-17 09:10:11,424 [Listener at 127.0.0.1/15004] INFO  server.GrpcService (GrpcService.java:closeImpl(320)) - a82ad0ea-641b-4ac2-b933-a1a26b5fe742: shutdown server org.apache.ratis.grpc.server.GrpcClientProtocolService successfully
2023-05-17 09:10:11,425 [Listener at 127.0.0.1/15004] INFO  server.GrpcService (GrpcService.java:closeImpl(311)) - a82ad0ea-641b-4ac2-b933-a1a26b5fe742: shutdown server GrpcServerProtocolService now
2023-05-17 09:10:11,426 [a82ad0ea-641b-4ac2-b933-a1a26b5fe742@group-6A381084A931-StateMachineUpdater] INFO  ratis.ContainerStateMachine (ContainerStateMachine.java:takeSnapshot(341)) - group-6A381084A931: Finished taking a snapshot at:(t:1, i:182) file:/home/runner/work/ozone/ozone/hadoop-ozone/integration-test/target/test-dir/MiniOzoneClusterImpl-21d14123-a168-44a2-bc0a-ee93e32dcc9b/datanode-9/data/ratis/bcb7f622-48ef-4dfa-9e5a-6a381084a931/sm/snapshot.1_182 took: 4 ms
2023-05-17 09:10:11,426 [a82ad0ea-641b-4ac2-b933-a1a26b5fe742@group-E694C42C06C7-StateMachineUpdater] INFO  ratis.ContainerStateMachine (ContainerStateMachine.java:takeSnapshot(341)) - group-E694C42C06C7: Finished taking a snapshot at:(t:1, i:134) file:/home/runner/work/ozone/ozone/hadoop-ozone/integration-test/target/test-dir/MiniOzoneClusterImpl-21d14123-a168-44a2-bc0a-ee93e32dcc9b/datanode-9/data/ratis/73870f87-6117-452d-ba11-e694c42c06c7/sm/snapshot.1_134 took: 4 ms
2023-05-17 09:10:11,426 [a82ad0ea-641b-4ac2-b933-a1a26b5fe742@group-6A381084A931-StateMachineUpdater] INFO  impl.StateMachineUpdater (StateMachineUpdater.java:takeSnapshot(291)) - a82ad0ea-641b-4ac2-b933-a1a26b5fe742@group-6A381084A931-StateMachineUpdater: Took a snapshot at index 182
2023-05-17 09:10:11,426 [a82ad0ea-641b-4ac2-b933-a1a26b5fe742@group-6A381084A931-StateMachineUpdater] INFO  impl.StateMachineUpdater (StateMachineUpdater.java:lambda$new$0(97)) - a82ad0ea-641b-4ac2-b933-a1a26b5fe742@group-6A381084A931-StateMachineUpdater: snapshotIndex: updateIncreasingly -1 -> 182
2023-05-17 09:10:11,426 [a82ad0ea-641b-4ac2-b933-a1a26b5fe742@group-E694C42C06C7-StateMachineUpdater] INFO  impl.StateMachineUpdater (StateMachineUpdater.java:takeSnapshot(291)) - a82ad0ea-641b-4ac2-b933-a1a26b5fe742@group-E694C42C06C7-StateMachineUpdater: Took a snapshot at index 134
2023-05-17 09:10:11,426 [a82ad0ea-641b-4ac2-b933-a1a26b5fe742@group-E694C42C06C7-StateMachineUpdater] INFO  impl.StateMachineUpdater (StateMachineUpdater.java:lambda$new$0(97)) - a82ad0ea-641b-4ac2-b933-a1a26b5fe742@group-E694C42C06C7-StateMachineUpdater: snapshotIndex: updateIncreasingly -1 -> 134
2023-05-17 09:10:11,426 [a82ad0ea-641b-4ac2-b933-a1a26b5fe742-impl-thread3] INFO  server.RaftServer$Division (ServerState.java:close(472)) - a82ad0ea-641b-4ac2-b933-a1a26b5fe742@group-6A381084A931: closes. applyIndex: 182
2023-05-17 09:10:11,428 [a82ad0ea-641b-4ac2-b933-a1a26b5fe742@group-566D16F8D095-StateMachineUpdater] INFO  ratis.ContainerStateMachine (ContainerStateMachine.java:takeSnapshot(341)) - group-566D16F8D095: Finished taking a snapshot at:(t:1, i:168) file:/home/runner/work/ozone/ozone/hadoop-ozone/integration-test/target/test-dir/MiniOzoneClusterImpl-21d14123-a168-44a2-bc0a-ee93e32dcc9b/datanode-9/data/ratis/da127891-4df6-49b5-829d-566d16f8d095/sm/snapshot.1_168 took: 4 ms
2023-05-17 09:10:11,428 [a82ad0ea-641b-4ac2-b933-a1a26b5fe742@group-566D16F8D095-StateMachineUpdater] INFO  impl.StateMachineUpdater (StateMachineUpdater.java:takeSnapshot(291)) - a82ad0ea-641b-4ac2-b933-a1a26b5fe742@group-566D16F8D095-StateMachineUpdater: Took a snapshot at index 168
2023-05-17 09:10:11,428 [a82ad0ea-641b-4ac2-b933-a1a26b5fe742@group-566D16F8D095-StateMachineUpdater] INFO  impl.StateMachineUpdater (StateMachineUpdater.java:lambda$new$0(97)) - a82ad0ea-641b-4ac2-b933-a1a26b5fe742@group-566D16F8D095-StateMachineUpdater: snapshotIndex: updateIncreasingly -1 -> 168
2023-05-17 09:10:11,429 [Listener at 127.0.0.1/15004] INFO  server.GrpcService (GrpcService.java:closeImpl(320)) - a82ad0ea-641b-4ac2-b933-a1a26b5fe742: shutdown server GrpcServerProtocolService successfully
2023-05-17 09:10:11,429 [a82ad0ea-641b-4ac2-b933-a1a26b5fe742-impl-thread4] INFO  server.RaftServer$Division (ServerState.java:close(472)) - a82ad0ea-641b-4ac2-b933-a1a26b5fe742@group-566D16F8D095: closes. applyIndex: 168
2023-05-17 09:10:11,429 [Listener at 127.0.0.1/15004] INFO  server.GrpcService (GrpcService.java:closeImpl(311)) - a82ad0ea-641b-4ac2-b933-a1a26b5fe742: shutdown server org.apache.ratis.grpc.server.GrpcAdminProtocolService now
2023-05-17 09:10:11,430 [a82ad0ea-641b-4ac2-b933-a1a26b5fe742-impl-thread2] INFO  server.RaftServer$Division (ServerState.java:close(472)) - a82ad0ea-641b-4ac2-b933-a1a26b5fe742@group-E694C42C06C7: closes. applyIndex: 134
2023-05-17 09:10:11,431 [Listener at 127.0.0.1/15004] INFO  server.GrpcService (GrpcService.java:closeImpl(320)) - a82ad0ea-641b-4ac2-b933-a1a26b5fe742: shutdown server org.apache.ratis.grpc.server.GrpcAdminProtocolService successfully
2023-05-17 09:10:11,431 [a82ad0ea-641b-4ac2-b933-a1a26b5fe742-NettyServerStreamRpc-bossGroup--thread1] INFO  logging.LoggingHandler (AbstractInternalLogger.java:log(148)) - [id: 0x81693559, L:/0:0:0:0:0:0:0:0:15086] CLOSE
2023-05-17 09:10:11,431 [a82ad0ea-641b-4ac2-b933-a1a26b5fe742-NettyServerStreamRpc-bossGroup--thread1] INFO  logging.LoggingHandler (AbstractInternalLogger.java:log(148)) - [id: 0x81693559, L:/0:0:0:0:0:0:0:0:15086] INACTIVE
2023-05-17 09:10:11,431 [a82ad0ea-641b-4ac2-b933-a1a26b5fe742-NettyServerStreamRpc-bossGroup--thread1] INFO  logging.LoggingHandler (AbstractInternalLogger.java:log(148)) - [id: 0x81693559, L:/0:0:0:0:0:0:0:0:15086] UNREGISTERED
2023-05-17 09:10:11,487 [ForkJoinPool.commonPool-worker-3] INFO  utils.DatanodeStoreCache (DatanodeStoreCache.java:shutdownCache(110)) - Skip clearing cache in mini cluster mode. Entries left: [/home/runner/work/ozone/ozone/hadoop-ozone/integration-test/target/test-dir/MiniOzoneClusterImpl-21d14123-a168-44a2-bc0a-ee93e32dcc9b/datanode-1/data-0/containers/hdds/21d14123-a168-44a2-bc0a-ee93e32dcc9b/DS-75573b26-bbc5-41aa-b498-c98da6c079d0/container.db, /home/runner/work/ozone/ozone/hadoop-ozone/integration-test/target/test-dir/MiniOzoneClusterImpl-21d14123-a168-44a2-bc0a-ee93e32dcc9b/datanode-2/data-0/containers/hdds/21d14123-a168-44a2-bc0a-ee93e32dcc9b/DS-813ee51c-fe06-4b3d-9da0-281f4df98916/container.db, /home/runner/work/ozone/ozone/hadoop-ozone/integration-test/target/test-dir/MiniOzoneClusterImpl-21d14123-a168-44a2-bc0a-ee93e32dcc9b/datanode-9/data-0/containers/hdds/21d14123-a168-44a2-bc0a-ee93e32dcc9b/DS-60ea85da-57d1-4a0a-ae19-1b89393ebde5/container.db]
2023-05-17 09:10:11,490 [ForkJoinPool.commonPool-worker-3] INFO  utils.DatanodeStoreCache (DatanodeStoreCache.java:removeDB(104)) - Removed db /home/runner/work/ozone/ozone/hadoop-ozone/integration-test/target/test-dir/MiniOzoneClusterImpl-21d14123-a168-44a2-bc0a-ee93e32dcc9b/datanode-1/data-0/containers/hdds/21d14123-a168-44a2-bc0a-ee93e32dcc9b/DS-75573b26-bbc5-41aa-b498-c98da6c079d0/container.db from cache
2023-05-17 09:10:11,490 [ForkJoinPool.commonPool-worker-3] INFO  volume.HddsVolume (HddsVolume.java:closeDbStore(437)) - SchemaV3 db is stopped at /home/runner/work/ozone/ozone/hadoop-ozone/integration-test/target/test-dir/MiniOzoneClusterImpl-21d14123-a168-44a2-bc0a-ee93e32dcc9b/datanode-1/data-0/containers/hdds/21d14123-a168-44a2-bc0a-ee93e32dcc9b/DS-75573b26-bbc5-41aa-b498-c98da6c079d0/container.db for volume DS-75573b26-bbc5-41aa-b498-c98da6c079d0
2023-05-17 09:10:11,493 [ForkJoinPool.commonPool-worker-3] INFO  utils.BackgroundService (BackgroundService.java:shutdown(141)) - Shutting down service BlockDeletingService
2023-05-17 09:10:11,493 [ForkJoinPool.commonPool-worker-3] INFO  utils.BackgroundService (BackgroundService.java:shutdown(141)) - Shutting down service StaleRecoveringContainerScrubbingService
2023-05-17 09:10:11,495 [ForkJoinPool.commonPool-worker-3] INFO  statemachine.DatanodeStateMachine (DatanodeStateMachine.java:stopDaemon(608)) - Ozone container server stopped.
2023-05-17 09:10:11,503 [ForkJoinPool.commonPool-worker-3] INFO  handler.ContextHandler (ContextHandler.java:doStop(1159)) - Stopped o.e.j.w.WebAppContext@3e0b3dde{hddsDatanode,/,null,STOPPED}{jar:file:/home/runner/.m2/repository/org/apache/ozone/hdds-container-service/1.4.0-SNAPSHOT/hdds-container-service-1.4.0-SNAPSHOT.jar!/webapps/hddsDatanode}
2023-05-17 09:10:11,504 [ForkJoinPool.commonPool-worker-3] INFO  server.AbstractConnector (AbstractConnector.java:doStop(383)) - Stopped ServerConnector@2596a640{HTTP/1.1, (http/1.1)}{0.0.0.0:15017}
2023-05-17 09:10:11,504 [ForkJoinPool.commonPool-worker-3] INFO  server.session (HouseKeeper.java:stopScavenging(149)) - node0 Stopped scavenging
2023-05-17 09:10:11,505 [ForkJoinPool.commonPool-worker-3] INFO  handler.ContextHandler (ContextHandler.java:doStop(1159)) - Stopped o.e.j.s.ServletContextHandler@2d2689dc{static,/static,jar:file:/home/runner/.m2/repository/org/apache/ozone/hdds-container-service/1.4.0-SNAPSHOT/hdds-container-service-1.4.0-SNAPSHOT.jar!/webapps/static,STOPPED}
2023-05-17 09:10:11,505 [ForkJoinPool.commonPool-worker-3] INFO  handler.ContextHandler (ContextHandler.java:doStop(1159)) - Stopped o.e.j.s.ServletContextHandler@71ff6f39{logs,/logs,file:///home/runner/work/ozone/ozone/hadoop-ozone/integration-test/target/log,STOPPED}
2023-05-17 09:10:11,508 [ForkJoinPool.commonPool-worker-3] INFO  ozoneimpl.OzoneContainer (OzoneContainer.java:stop(419)) - Attempting to stop container services.
2023-05-17 09:10:11,508 [ForkJoinPool.commonPool-worker-3] INFO  server.RaftServer (RaftServerProxy.java:lambda$close$6(416)) - 8889e818-58f8-49f9-ac5f-461eb7b79d1e: close
2023-05-17 09:10:11,509 [8889e818-58f8-49f9-ac5f-461eb7b79d1e-impl-thread2] INFO  server.RaftServer$Division (RaftServerImpl.java:lambda$close$4(466)) - 8889e818-58f8-49f9-ac5f-461eb7b79d1e@group-C26195CFC82B: shutdown
2023-05-17 09:10:11,509 [8889e818-58f8-49f9-ac5f-461eb7b79d1e-impl-thread3] INFO  server.RaftServer$Division (RaftServerImpl.java:lambda$close$4(466)) - 8889e818-58f8-49f9-ac5f-461eb7b79d1e@group-1563067D893C: shutdown
2023-05-17 09:10:11,509 [8889e818-58f8-49f9-ac5f-461eb7b79d1e-impl-thread2] INFO  util.JmxRegister (JmxRegister.java:unregister(73)) - Successfully un-registered JMX Bean with object name Ratis:service=RaftServer,group=group-C26195CFC82B,id=8889e818-58f8-49f9-ac5f-461eb7b79d1e
2023-05-17 09:10:11,509 [8889e818-58f8-49f9-ac5f-461eb7b79d1e-impl-thread3] INFO  util.JmxRegister (JmxRegister.java:unregister(73)) - Successfully un-registered JMX Bean with object name Ratis:service=RaftServer,group=group-1563067D893C,id=8889e818-58f8-49f9-ac5f-461eb7b79d1e
2023-05-17 09:10:11,509 [8889e818-58f8-49f9-ac5f-461eb7b79d1e-impl-thread2] INFO  impl.RoleInfo (RoleInfo.java:shutdownFollowerState(110)) - 8889e818-58f8-49f9-ac5f-461eb7b79d1e: shutdown 8889e818-58f8-49f9-ac5f-461eb7b79d1e@group-C26195CFC82B-FollowerState
2023-05-17 09:10:11,509 [ForkJoinPool.commonPool-worker-3] INFO  server.GrpcService (GrpcService.java:closeImpl(311)) - 8889e818-58f8-49f9-ac5f-461eb7b79d1e: shutdown server org.apache.ratis.grpc.server.GrpcClientProtocolService now
2023-05-17 09:10:11,509 [8889e818-58f8-49f9-ac5f-461eb7b79d1e@group-C26195CFC82B-FollowerState] INFO  impl.FollowerState (FollowerState.java:run(152)) - 8889e818-58f8-49f9-ac5f-461eb7b79d1e@group-C26195CFC82B-FollowerState was interrupted
2023-05-17 09:10:11,509 [8889e818-58f8-49f9-ac5f-461eb7b79d1e-impl-thread3] INFO  impl.RoleInfo (RoleInfo.java:shutdownLeaderState(93)) - 8889e818-58f8-49f9-ac5f-461eb7b79d1e: shutdown 8889e818-58f8-49f9-ac5f-461eb7b79d1e@group-1563067D893C-LeaderStateImpl
2023-05-17 09:10:11,509 [8889e818-58f8-49f9-ac5f-461eb7b79d1e-impl-thread4] INFO  server.RaftServer$Division (RaftServerImpl.java:lambda$close$4(466)) - 8889e818-58f8-49f9-ac5f-461eb7b79d1e@group-2016E4EFE846: shutdown
2023-05-17 09:10:11,509 [8889e818-58f8-49f9-ac5f-461eb7b79d1e-impl-thread4] INFO  util.JmxRegister (JmxRegister.java:unregister(73)) - Successfully un-registered JMX Bean with object name Ratis:service=RaftServer,group=group-2016E4EFE846,id=8889e818-58f8-49f9-ac5f-461eb7b79d1e
2023-05-17 09:10:11,509 [8889e818-58f8-49f9-ac5f-461eb7b79d1e-impl-thread4] INFO  impl.RoleInfo (RoleInfo.java:shutdownLeaderState(93)) - 8889e818-58f8-49f9-ac5f-461eb7b79d1e: shutdown 8889e818-58f8-49f9-ac5f-461eb7b79d1e@group-2016E4EFE846-LeaderStateImpl
2023-05-17 09:10:11,509 [8889e818-58f8-49f9-ac5f-461eb7b79d1e-impl-thread4] INFO  impl.PendingRequests (PendingRequests.java:sendNotLeaderResponses(289)) - 8889e818-58f8-49f9-ac5f-461eb7b79d1e@group-2016E4EFE846-PendingRequests: sendNotLeaderResponses
2023-05-17 09:10:11,509 [8889e818-58f8-49f9-ac5f-461eb7b79d1e@group-C26195CFC82B-StateMachineUpdater] INFO  ratis.ContainerStateMachine (ContainerStateMachine.java:takeSnapshot(330)) - group-C26195CFC82B: Taking a snapshot at:(t:1, i:195) file /home/runner/work/ozone/ozone/hadoop-ozone/integration-test/target/test-dir/MiniOzoneClusterImpl-21d14123-a168-44a2-bc0a-ee93e32dcc9b/datanode-2/data/ratis/7fc61ef2-e189-43e0-95c9-c26195cfc82b/sm/snapshot.1_195
2023-05-17 09:10:11,510 [8889e818-58f8-49f9-ac5f-461eb7b79d1e-impl-thread2] INFO  impl.StateMachineUpdater (StateMachineUpdater.java:stopAndJoin(155)) - 8889e818-58f8-49f9-ac5f-461eb7b79d1e@group-C26195CFC82B-StateMachineUpdater: set stopIndex = 195
2023-05-17 09:10:11,510 [8889e818-58f8-49f9-ac5f-461eb7b79d1e@group-2016E4EFE846-StateMachineUpdater] INFO  ratis.ContainerStateMachine (ContainerStateMachine.java:takeSnapshot(330)) - group-2016E4EFE846: Taking a snapshot at:(t:1, i:90) file /home/runner/work/ozone/ozone/hadoop-ozone/integration-test/target/test-dir/MiniOzoneClusterImpl-21d14123-a168-44a2-bc0a-ee93e32dcc9b/datanode-2/data/ratis/ea7df653-4449-4e32-8b1e-2016e4efe846/sm/snapshot.1_90
2023-05-17 09:10:11,510 [8889e818-58f8-49f9-ac5f-461eb7b79d1e-impl-thread4] INFO  impl.StateMachineUpdater (StateMachineUpdater.java:stopAndJoin(155)) - 8889e818-58f8-49f9-ac5f-461eb7b79d1e@group-2016E4EFE846-StateMachineUpdater: set stopIndex = 90
2023-05-17 09:10:11,510 [Thread-1672] INFO  server.GrpcServerProtocolClient (GrpcServerProtocolClient.java:close(103)) - b2525f4f-bdf5-4dd0-b826-cbccdc8ecebe Close channels
2023-05-17 09:10:11,511 [8889e818-58f8-49f9-ac5f-461eb7b79d1e@group-1563067D893C->b2525f4f-bdf5-4dd0-b826-cbccdc8ecebe-GrpcLogAppender-LogAppenderDaemon] WARN  server.GrpcLogAppender (GrpcLogAppender.java:mayWait(199)) - 8889e818-58f8-49f9-ac5f-461eb7b79d1e@group-1563067D893C->b2525f4f-bdf5-4dd0-b826-cbccdc8ecebe-GrpcLogAppender: Wait interrupted by java.lang.InterruptedException
2023-05-17 09:10:11,511 [8889e818-58f8-49f9-ac5f-461eb7b79d1e-impl-thread3] INFO  impl.PendingRequests (PendingRequests.java:sendNotLeaderResponses(289)) - 8889e818-58f8-49f9-ac5f-461eb7b79d1e@group-1563067D893C-PendingRequests: sendNotLeaderResponses
2023-05-17 09:10:11,511 [8889e818-58f8-49f9-ac5f-461eb7b79d1e@group-1563067D893C->67f04e2a-34cd-4ea0-b74b-c8cb5d6f4ea5-GrpcLogAppender-LogAppenderDaemon] WARN  server.GrpcLogAppender (GrpcLogAppender.java:mayWait(199)) - 8889e818-58f8-49f9-ac5f-461eb7b79d1e@group-1563067D893C->67f04e2a-34cd-4ea0-b74b-c8cb5d6f4ea5-GrpcLogAppender: Wait interrupted by java.lang.InterruptedException
2023-05-17 09:10:11,511 [8889e818-58f8-49f9-ac5f-461eb7b79d1e-impl-thread3] INFO  impl.StateMachineUpdater (StateMachineUpdater.java:stopAndJoin(155)) - 8889e818-58f8-49f9-ac5f-461eb7b79d1e@group-1563067D893C-StateMachineUpdater: set stopIndex = 146
2023-05-17 09:10:11,514 [Thread-1674] INFO  server.GrpcServerProtocolClient (GrpcServerProtocolClient.java:close(103)) - 67f04e2a-34cd-4ea0-b74b-c8cb5d6f4ea5 Close channels
2023-05-17 09:10:11,514 [8889e818-58f8-49f9-ac5f-461eb7b79d1e@group-C26195CFC82B-StateMachineUpdater] INFO  ratis.ContainerStateMachine (ContainerStateMachine.java:takeSnapshot(341)) - group-C26195CFC82B: Finished taking a snapshot at:(t:1, i:195) file:/home/runner/work/ozone/ozone/hadoop-ozone/integration-test/target/test-dir/MiniOzoneClusterImpl-21d14123-a168-44a2-bc0a-ee93e32dcc9b/datanode-2/data/ratis/7fc61ef2-e189-43e0-95c9-c26195cfc82b/sm/snapshot.1_195 took: 4 ms
2023-05-17 09:10:11,514 [ForkJoinPool.commonPool-worker-3] INFO  server.GrpcService (GrpcService.java:closeImpl(320)) - 8889e818-58f8-49f9-ac5f-461eb7b79d1e: shutdown server org.apache.ratis.grpc.server.GrpcClientProtocolService successfully
2023-05-17 09:10:11,514 [ForkJoinPool.commonPool-worker-3] INFO  server.GrpcService (GrpcService.java:closeImpl(311)) - 8889e818-58f8-49f9-ac5f-461eb7b79d1e: shutdown server GrpcServerProtocolService now
2023-05-17 09:10:11,514 [8889e818-58f8-49f9-ac5f-461eb7b79d1e@group-1563067D893C-StateMachineUpdater] INFO  ratis.ContainerStateMachine (ContainerStateMachine.java:takeSnapshot(330)) - group-1563067D893C: Taking a snapshot at:(t:1, i:146) file /home/runner/work/ozone/ozone/hadoop-ozone/integration-test/target/test-dir/MiniOzoneClusterImpl-21d14123-a168-44a2-bc0a-ee93e32dcc9b/datanode-2/data/ratis/013071ba-bc44-452e-b620-1563067d893c/sm/snapshot.1_146
2023-05-17 09:10:11,514 [8889e818-58f8-49f9-ac5f-461eb7b79d1e@group-C26195CFC82B-StateMachineUpdater] INFO  impl.StateMachineUpdater (StateMachineUpdater.java:takeSnapshot(291)) - 8889e818-58f8-49f9-ac5f-461eb7b79d1e@group-C26195CFC82B-StateMachineUpdater: Took a snapshot at index 195
2023-05-17 09:10:11,515 [8889e818-58f8-49f9-ac5f-461eb7b79d1e@group-C26195CFC82B-StateMachineUpdater] INFO  impl.StateMachineUpdater (StateMachineUpdater.java:lambda$new$0(97)) - 8889e818-58f8-49f9-ac5f-461eb7b79d1e@group-C26195CFC82B-StateMachineUpdater: snapshotIndex: updateIncreasingly -1 -> 195
2023-05-17 09:10:11,516 [ForkJoinPool.commonPool-worker-3] INFO  server.GrpcService (GrpcService.java:closeImpl(320)) - 8889e818-58f8-49f9-ac5f-461eb7b79d1e: shutdown server GrpcServerProtocolService successfully
2023-05-17 09:10:11,516 [8889e818-58f8-49f9-ac5f-461eb7b79d1e@group-1563067D893C-StateMachineUpdater] INFO  ratis.ContainerStateMachine (ContainerStateMachine.java:takeSnapshot(341)) - group-1563067D893C: Finished taking a snapshot at:(t:1, i:146) file:/home/runner/work/ozone/ozone/hadoop-ozone/integration-test/target/test-dir/MiniOzoneClusterImpl-21d14123-a168-44a2-bc0a-ee93e32dcc9b/datanode-2/data/ratis/013071ba-bc44-452e-b620-1563067d893c/sm/snapshot.1_146 took: 1 ms
2023-05-17 09:10:11,516 [8889e818-58f8-49f9-ac5f-461eb7b79d1e@group-1563067D893C-StateMachineUpdater] INFO  impl.StateMachineUpdater (StateMachineUpdater.java:takeSnapshot(291)) - 8889e818-58f8-49f9-ac5f-461eb7b79d1e@group-1563067D893C-StateMachineUpdater: Took a snapshot at index 146
2023-05-17 09:10:11,516 [8889e818-58f8-49f9-ac5f-461eb7b79d1e@group-1563067D893C-StateMachineUpdater] INFO  impl.StateMachineUpdater (StateMachineUpdater.java:lambda$new$0(97)) - 8889e818-58f8-49f9-ac5f-461eb7b79d1e@group-1563067D893C-StateMachineUpdater: snapshotIndex: updateIncreasingly -1 -> 146
2023-05-17 09:10:11,517 [ForkJoinPool.commonPool-worker-3] INFO  server.GrpcService (GrpcService.java:closeImpl(311)) - 8889e818-58f8-49f9-ac5f-461eb7b79d1e: shutdown server org.apache.ratis.grpc.server.GrpcAdminProtocolService now
2023-05-17 09:10:11,518 [8889e818-58f8-49f9-ac5f-461eb7b79d1e@group-2016E4EFE846-StateMachineUpdater] INFO  ratis.ContainerStateMachine (ContainerStateMachine.java:takeSnapshot(341)) - group-2016E4EFE846: Finished taking a snapshot at:(t:1, i:90) file:/home/runner/work/ozone/ozone/hadoop-ozone/integration-test/target/test-dir/MiniOzoneClusterImpl-21d14123-a168-44a2-bc0a-ee93e32dcc9b/datanode-2/data/ratis/ea7df653-4449-4e32-8b1e-2016e4efe846/sm/snapshot.1_90 took: 8 ms
2023-05-17 09:10:11,518 [8889e818-58f8-49f9-ac5f-461eb7b79d1e-impl-thread3] INFO  server.RaftServer$Division (ServerState.java:close(472)) - 8889e818-58f8-49f9-ac5f-461eb7b79d1e@group-1563067D893C: closes. applyIndex: 146
2023-05-17 09:10:11,519 [8889e818-58f8-49f9-ac5f-461eb7b79d1e@group-2016E4EFE846-StateMachineUpdater] INFO  impl.StateMachineUpdater (StateMachineUpdater.java:takeSnapshot(291)) - 8889e818-58f8-49f9-ac5f-461eb7b79d1e@group-2016E4EFE846-StateMachineUpdater: Took a snapshot at index 90
2023-05-17 09:10:11,519 [8889e818-58f8-49f9-ac5f-461eb7b79d1e@group-2016E4EFE846-StateMachineUpdater] INFO  impl.StateMachineUpdater (StateMachineUpdater.java:lambda$new$0(97)) - 8889e818-58f8-49f9-ac5f-461eb7b79d1e@group-2016E4EFE846-StateMachineUpdater: snapshotIndex: updateIncreasingly -1 -> 90
2023-05-17 09:10:11,520 [8889e818-58f8-49f9-ac5f-461eb7b79d1e-impl-thread2] INFO  server.RaftServer$Division (ServerState.java:close(472)) - 8889e818-58f8-49f9-ac5f-461eb7b79d1e@group-C26195CFC82B: closes. applyIndex: 195
2023-05-17 09:10:11,520 [8889e818-58f8-49f9-ac5f-461eb7b79d1e-impl-thread4] INFO  server.RaftServer$Division (ServerState.java:close(472)) - 8889e818-58f8-49f9-ac5f-461eb7b79d1e@group-2016E4EFE846: closes. applyIndex: 90
2023-05-17 09:10:11,521 [ForkJoinPool.commonPool-worker-3] INFO  server.GrpcService (GrpcService.java:closeImpl(320)) - 8889e818-58f8-49f9-ac5f-461eb7b79d1e: shutdown server org.apache.ratis.grpc.server.GrpcAdminProtocolService successfully
2023-05-17 09:10:11,521 [8889e818-58f8-49f9-ac5f-461eb7b79d1e-NettyServerStreamRpc-bossGroup--thread1] INFO  logging.LoggingHandler (AbstractInternalLogger.java:log(148)) - [id: 0x84522989, L:/0:0:0:0:0:0:0:0:15030] CLOSE
2023-05-17 09:10:11,522 [8889e818-58f8-49f9-ac5f-461eb7b79d1e-NettyServerStreamRpc-bossGroup--thread1] INFO  logging.LoggingHandler (AbstractInternalLogger.java:log(148)) - [id: 0x84522989, L:/0:0:0:0:0:0:0:0:15030] INACTIVE
2023-05-17 09:10:11,522 [8889e818-58f8-49f9-ac5f-461eb7b79d1e-NettyServerStreamRpc-bossGroup--thread1] INFO  logging.LoggingHandler (AbstractInternalLogger.java:log(148)) - [id: 0x84522989, L:/0:0:0:0:0:0:0:0:15030] UNREGISTERED
2023-05-17 09:10:11,797 [8889e818-58f8-49f9-ac5f-461eb7b79d1e-impl-thread2] INFO  segmented.SegmentedRaftLogWorker (SegmentedRaftLogWorker.java:close(252)) - 8889e818-58f8-49f9-ac5f-461eb7b79d1e@group-C26195CFC82B-SegmentedRaftLogWorker close()
2023-05-17 09:10:11,981 [8889e818-58f8-49f9-ac5f-461eb7b79d1e-impl-thread4] INFO  segmented.SegmentedRaftLogWorker (SegmentedRaftLogWorker.java:close(252)) - 8889e818-58f8-49f9-ac5f-461eb7b79d1e@group-2016E4EFE846-SegmentedRaftLogWorker close()
2023-05-17 09:10:12,035 [a82ad0ea-641b-4ac2-b933-a1a26b5fe742-impl-thread2] INFO  segmented.SegmentedRaftLogWorker (SegmentedRaftLogWorker.java:close(252)) - a82ad0ea-641b-4ac2-b933-a1a26b5fe742@group-E694C42C06C7-SegmentedRaftLogWorker close()
2023-05-17 09:10:12,258 [a82ad0ea-641b-4ac2-b933-a1a26b5fe742-impl-thread3] INFO  segmented.SegmentedRaftLogWorker (SegmentedRaftLogWorker.java:close(252)) - a82ad0ea-641b-4ac2-b933-a1a26b5fe742@group-6A381084A931-SegmentedRaftLogWorker close()
2023-05-17 09:10:12,340 [a82ad0ea-641b-4ac2-b933-a1a26b5fe742-impl-thread4] INFO  segmented.SegmentedRaftLogWorker (SegmentedRaftLogWorker.java:close(252)) - a82ad0ea-641b-4ac2-b933-a1a26b5fe742@group-566D16F8D095-SegmentedRaftLogWorker close()
2023-05-17 09:10:12,341 [JvmPauseMonitor10] INFO  util.JvmPauseMonitor (JvmPauseMonitor.java:run(109)) - JvmPauseMonitor-a82ad0ea-641b-4ac2-b933-a1a26b5fe742: Stopped
2023-05-17 09:10:12,458 [8889e818-58f8-49f9-ac5f-461eb7b79d1e-impl-thread3] INFO  segmented.SegmentedRaftLogWorker (SegmentedRaftLogWorker.java:close(252)) - 8889e818-58f8-49f9-ac5f-461eb7b79d1e@group-1563067D893C-SegmentedRaftLogWorker close()
2023-05-17 09:10:12,458 [JvmPauseMonitor3] INFO  util.JvmPauseMonitor (JvmPauseMonitor.java:run(109)) - JvmPauseMonitor-8889e818-58f8-49f9-ac5f-461eb7b79d1e: Stopped
2023-05-17 09:10:14,359 [Listener at 127.0.0.1/15004] INFO  utils.DatanodeStoreCache (DatanodeStoreCache.java:shutdownCache(110)) - Skip clearing cache in mini cluster mode. Entries left: [/home/runner/work/ozone/ozone/hadoop-ozone/integration-test/target/test-dir/MiniOzoneClusterImpl-21d14123-a168-44a2-bc0a-ee93e32dcc9b/datanode-2/data-0/containers/hdds/21d14123-a168-44a2-bc0a-ee93e32dcc9b/DS-813ee51c-fe06-4b3d-9da0-281f4df98916/container.db, /home/runner/work/ozone/ozone/hadoop-ozone/integration-test/target/test-dir/MiniOzoneClusterImpl-21d14123-a168-44a2-bc0a-ee93e32dcc9b/datanode-9/data-0/containers/hdds/21d14123-a168-44a2-bc0a-ee93e32dcc9b/DS-60ea85da-57d1-4a0a-ae19-1b89393ebde5/container.db]
2023-05-17 09:10:14,361 [Listener at 127.0.0.1/15004] INFO  utils.DatanodeStoreCache (DatanodeStoreCache.java:removeDB(104)) - Removed db /home/runner/work/ozone/ozone/hadoop-ozone/integration-test/target/test-dir/MiniOzoneClusterImpl-21d14123-a168-44a2-bc0a-ee93e32dcc9b/datanode-9/data-0/containers/hdds/21d14123-a168-44a2-bc0a-ee93e32dcc9b/DS-60ea85da-57d1-4a0a-ae19-1b89393ebde5/container.db from cache
2023-05-17 09:10:14,361 [Listener at 127.0.0.1/15004] INFO  volume.HddsVolume (HddsVolume.java:closeDbStore(437)) - SchemaV3 db is stopped at /home/runner/work/ozone/ozone/hadoop-ozone/integration-test/target/test-dir/MiniOzoneClusterImpl-21d14123-a168-44a2-bc0a-ee93e32dcc9b/datanode-9/data-0/containers/hdds/21d14123-a168-44a2-bc0a-ee93e32dcc9b/DS-60ea85da-57d1-4a0a-ae19-1b89393ebde5/container.db for volume DS-60ea85da-57d1-4a0a-ae19-1b89393ebde5
2023-05-17 09:10:14,362 [Listener at 127.0.0.1/15004] INFO  utils.BackgroundService (BackgroundService.java:shutdown(141)) - Shutting down service BlockDeletingService
2023-05-17 09:10:14,362 [Listener at 127.0.0.1/15004] INFO  utils.BackgroundService (BackgroundService.java:shutdown(141)) - Shutting down service StaleRecoveringContainerScrubbingService
2023-05-17 09:10:14,364 [Listener at 127.0.0.1/15004] INFO  statemachine.DatanodeStateMachine (DatanodeStateMachine.java:stopDaemon(608)) - Ozone container server stopped.
2023-05-17 09:10:14,376 [Listener at 127.0.0.1/15004] INFO  handler.ContextHandler (ContextHandler.java:doStop(1159)) - Stopped o.e.j.w.WebAppContext@7d0ddcf0{hddsDatanode,/,null,STOPPED}{jar:file:/home/runner/.m2/repository/org/apache/ozone/hdds-container-service/1.4.0-SNAPSHOT/hdds-container-service-1.4.0-SNAPSHOT.jar!/webapps/hddsDatanode}
2023-05-17 09:10:14,378 [Listener at 127.0.0.1/15004] INFO  server.AbstractConnector (AbstractConnector.java:doStop(383)) - Stopped ServerConnector@1ecb9068{HTTP/1.1, (http/1.1)}{0.0.0.0:15081}
2023-05-17 09:10:14,378 [Listener at 127.0.0.1/15004] INFO  server.session (HouseKeeper.java:stopScavenging(149)) - node0 Stopped scavenging
2023-05-17 09:10:14,378 [Listener at 127.0.0.1/15004] INFO  handler.ContextHandler (ContextHandler.java:doStop(1159)) - Stopped o.e.j.s.ServletContextHandler@ee55f69{static,/static,jar:file:/home/runner/.m2/repository/org/apache/ozone/hdds-container-service/1.4.0-SNAPSHOT/hdds-container-service-1.4.0-SNAPSHOT.jar!/webapps/static,STOPPED}
2023-05-17 09:10:14,379 [Listener at 127.0.0.1/15004] INFO  handler.ContextHandler (ContextHandler.java:doStop(1159)) - Stopped o.e.j.s.ServletContextHandler@74d7c00a{logs,/logs,file:///home/runner/work/ozone/ozone/hadoop-ozone/integration-test/target/log,STOPPED}
2023-05-17 09:10:14,462 [ForkJoinPool.commonPool-worker-3] INFO  utils.DatanodeStoreCache (DatanodeStoreCache.java:shutdownCache(110)) - Skip clearing cache in mini cluster mode. Entries left: [/home/runner/work/ozone/ozone/hadoop-ozone/integration-test/target/test-dir/MiniOzoneClusterImpl-21d14123-a168-44a2-bc0a-ee93e32dcc9b/datanode-2/data-0/containers/hdds/21d14123-a168-44a2-bc0a-ee93e32dcc9b/DS-813ee51c-fe06-4b3d-9da0-281f4df98916/container.db]
2023-05-17 09:10:14,464 [ForkJoinPool.commonPool-worker-3] INFO  utils.DatanodeStoreCache (DatanodeStoreCache.java:removeDB(104)) - Removed db /home/runner/work/ozone/ozone/hadoop-ozone/integration-test/target/test-dir/MiniOzoneClusterImpl-21d14123-a168-44a2-bc0a-ee93e32dcc9b/datanode-2/data-0/containers/hdds/21d14123-a168-44a2-bc0a-ee93e32dcc9b/DS-813ee51c-fe06-4b3d-9da0-281f4df98916/container.db from cache
2023-05-17 09:10:14,464 [ForkJoinPool.commonPool-worker-3] INFO  volume.HddsVolume (HddsVolume.java:closeDbStore(437)) - SchemaV3 db is stopped at /home/runner/work/ozone/ozone/hadoop-ozone/integration-test/target/test-dir/MiniOzoneClusterImpl-21d14123-a168-44a2-bc0a-ee93e32dcc9b/datanode-2/data-0/containers/hdds/21d14123-a168-44a2-bc0a-ee93e32dcc9b/DS-813ee51c-fe06-4b3d-9da0-281f4df98916/container.db for volume DS-813ee51c-fe06-4b3d-9da0-281f4df98916
2023-05-17 09:10:14,464 [ForkJoinPool.commonPool-worker-3] INFO  utils.BackgroundService (BackgroundService.java:shutdown(141)) - Shutting down service BlockDeletingService
2023-05-17 09:10:14,465 [ForkJoinPool.commonPool-worker-3] INFO  utils.BackgroundService (BackgroundService.java:shutdown(141)) - Shutting down service StaleRecoveringContainerScrubbingService
2023-05-17 09:10:14,467 [ForkJoinPool.commonPool-worker-3] INFO  statemachine.DatanodeStateMachine (DatanodeStateMachine.java:stopDaemon(608)) - Ozone container server stopped.
2023-05-17 09:10:14,476 [ForkJoinPool.commonPool-worker-3] INFO  handler.ContextHandler (ContextHandler.java:doStop(1159)) - Stopped o.e.j.w.WebAppContext@7480b7cd{hddsDatanode,/,null,STOPPED}{jar:file:/home/runner/.m2/repository/org/apache/ozone/hdds-container-service/1.4.0-SNAPSHOT/hdds-container-service-1.4.0-SNAPSHOT.jar!/webapps/hddsDatanode}
2023-05-17 09:10:14,477 [ForkJoinPool.commonPool-worker-3] INFO  server.AbstractConnector (AbstractConnector.java:doStop(383)) - Stopped ServerConnector@1d059b5c{HTTP/1.1, (http/1.1)}{0.0.0.0:15025}
2023-05-17 09:10:14,477 [ForkJoinPool.commonPool-worker-3] INFO  server.session (HouseKeeper.java:stopScavenging(149)) - node0 Stopped scavenging
2023-05-17 09:10:14,477 [ForkJoinPool.commonPool-worker-3] INFO  handler.ContextHandler (ContextHandler.java:doStop(1159)) - Stopped o.e.j.s.ServletContextHandler@17abf9bb{static,/static,jar:file:/home/runner/.m2/repository/org/apache/ozone/hdds-container-service/1.4.0-SNAPSHOT/hdds-container-service-1.4.0-SNAPSHOT.jar!/webapps/static,STOPPED}
2023-05-17 09:10:14,478 [ForkJoinPool.commonPool-worker-3] INFO  handler.ContextHandler (ContextHandler.java:doStop(1159)) - Stopped o.e.j.s.ServletContextHandler@3d8c8ca2{logs,/logs,file:///home/runner/work/ozone/ozone/hadoop-ozone/integration-test/target/log,STOPPED}
2023-05-17 09:10:14,482 [Listener at 127.0.0.1/15004] INFO  ozone.MiniOzoneClusterImpl (MiniOzoneClusterImpl.java:stopSCM(536)) - Stopping the StorageContainerManager
2023-05-17 09:10:14,482 [Listener at 127.0.0.1/15004] INFO  server.StorageContainerManager (StorageContainerManager.java:stop(1578)) - Container Balancer is not running.
2023-05-17 09:10:14,482 [Listener at 127.0.0.1/15004] INFO  server.StorageContainerManager (StorageContainerManager.java:stopReplicationManager(1709)) - Stopping Replication Manager Service.
2023-05-17 09:10:14,482 [Listener at 127.0.0.1/15004] INFO  replication.ReplicationManager (ReplicationManager.java:stop(333)) - Stopping Replication Monitor Thread.
2023-05-17 09:10:14,482 [Listener at 127.0.0.1/15004] INFO  server.StorageContainerManager (StorageContainerManager.java:stop(1587)) - Stopping the Datanode Admin Monitor.
2023-05-17 09:10:14,482 [Listener at 127.0.0.1/15004] INFO  server.StorageContainerManager (StorageContainerManager.java:stop(1594)) - Stopping datanode service RPC server
2023-05-17 09:10:14,482 [Listener at 127.0.0.1/15004] INFO  server.SCMDatanodeProtocolServer (SCMDatanodeProtocolServer.java:stop(424)) - Stopping the RPC server for DataNodes
2023-05-17 09:10:14,482 [Listener at 127.0.0.1/15004] INFO  ipc.Server (Server.java:stop(3501)) - Stopping server on 15002
2023-05-17 09:10:14,483 [Under Replicated Processor] WARN  replication.UnhealthyReplicationProcessor (UnhealthyReplicationProcessor.java:run(167)) - Under Replicated Processor interrupted. Exiting...
2023-05-17 09:10:14,483 [ReplicationMonitor] INFO  replication.ReplicationManager (ReplicationManager.java:run(944)) - Replication Monitor Thread is stopped
2023-05-17 09:10:14,483 [Over Replicated Processor] WARN  replication.UnhealthyReplicationProcessor (UnhealthyReplicationProcessor.java:run(167)) - Over Replicated Processor interrupted. Exiting...
2023-05-17 09:10:14,486 [IPC Server Responder] INFO  ipc.Server (Server.java:run(1563)) - Stopping IPC Server Responder
2023-05-17 09:10:14,486 [IPC Server listener on 15002] INFO  ipc.Server (Server.java:run(1430)) - Stopping IPC Server listener on 15002
2023-05-17 09:10:14,565 [SCM Heartbeat Processing Thread - 0] WARN  node.NodeStateManager (NodeStateManager.java:scheduleNextHealthCheck(870)) - Current Thread is interrupted, shutting down HB processing thread for Node Manager.
2023-05-17 09:10:14,565 [Listener at 127.0.0.1/15004] INFO  server.StorageContainerManager (StorageContainerManager.java:stop(1602)) - Stopping block service RPC server
2023-05-17 09:10:14,566 [Listener at 127.0.0.1/15004] INFO  server.SCMBlockProtocolServer (SCMBlockProtocolServer.java:stop(161)) - Stopping the RPC server for Block Protocol
2023-05-17 09:10:14,566 [Listener at 127.0.0.1/15004] INFO  ipc.Server (Server.java:stop(3501)) - Stopping server on 15001
2023-05-17 09:10:14,570 [IPC Server listener on 15001] INFO  ipc.Server (Server.java:run(1430)) - Stopping IPC Server listener on 15001
2023-05-17 09:10:14,570 [IPC Server Responder] INFO  ipc.Server (Server.java:run(1563)) - Stopping IPC Server Responder
2023-05-17 09:10:14,571 [Listener at 127.0.0.1/15004] INFO  server.StorageContainerManager (StorageContainerManager.java:stop(1609)) - Stopping the StorageContainerLocationProtocol RPC server
2023-05-17 09:10:14,571 [Listener at 127.0.0.1/15004] INFO  server.SCMClientProtocolServer (SCMClientProtocolServer.java:stop(208)) - Stopping the RPC server for Client Protocol
2023-05-17 09:10:14,571 [Listener at 127.0.0.1/15004] INFO  ipc.Server (Server.java:stop(3501)) - Stopping server on 15000
2023-05-17 09:10:14,572 [IPC Server listener on 15000] INFO  ipc.Server (Server.java:run(1430)) - Stopping IPC Server listener on 15000
2023-05-17 09:10:14,573 [IPC Server Responder] INFO  ipc.Server (Server.java:run(1563)) - Stopping IPC Server Responder
2023-05-17 09:10:14,573 [Listener at 127.0.0.1/15004] INFO  server.StorageContainerManager (StorageContainerManager.java:stop(1616)) - Stopping Storage Container Manager HTTP server.
2023-05-17 09:10:14,574 [Listener at 127.0.0.1/15004] INFO  handler.ContextHandler (ContextHandler.java:doStop(1159)) - Stopped o.e.j.w.WebAppContext@26652743{scm,/,null,STOPPED}{file:/home/runner/work/ozone/ozone/hadoop-ozone/integration-test/target/test-classes/webapps/scm}
2023-05-17 09:10:14,576 [Listener at 127.0.0.1/15004] INFO  server.AbstractConnector (AbstractConnector.java:doStop(383)) - Stopped ServerConnector@6b1cc2fb{HTTP/1.1, (http/1.1)}{0.0.0.0:15003}
2023-05-17 09:10:14,576 [Listener at 127.0.0.1/15004] INFO  server.session (HouseKeeper.java:stopScavenging(149)) - node0 Stopped scavenging
2023-05-17 09:10:14,576 [Listener at 127.0.0.1/15004] INFO  handler.ContextHandler (ContextHandler.java:doStop(1159)) - Stopped o.e.j.s.ServletContextHandler@7985c32f{static,/static,file:///home/runner/work/ozone/ozone/hadoop-ozone/integration-test/target/test-classes/webapps/static,STOPPED}
2023-05-17 09:10:14,576 [Listener at 127.0.0.1/15004] INFO  handler.ContextHandler (ContextHandler.java:doStop(1159)) - Stopped o.e.j.s.ServletContextHandler@e8bd42f{logs,/logs,file:///home/runner/work/ozone/ozone/hadoop-ozone/integration-test/target/log,STOPPED}
2023-05-17 09:10:14,578 [Listener at 127.0.0.1/15004] INFO  server.StorageContainerManager (StorageContainerManager.java:stop(1624)) - Stopping SCM LayoutVersionManager Service.
2023-05-17 09:10:14,578 [Listener at 127.0.0.1/15004] INFO  server.StorageContainerManager (StorageContainerManager.java:stop(1632)) - Stopping Block Manager Service.
2023-05-17 09:10:14,578 [Listener at 127.0.0.1/15004] INFO  utils.BackgroundService (BackgroundService.java:shutdown(141)) - Shutting down service SCMBlockDeletingService
2023-05-17 09:10:14,578 [Listener at 127.0.0.1/15004] INFO  utils.BackgroundService (BackgroundService.java:shutdown(141)) - Shutting down service SCMBlockDeletingService
2023-05-17 09:10:14,579 [Listener at 127.0.0.1/15004] INFO  server.StorageContainerManager (StorageContainerManager.java:stop(1654)) - Stopping SCM Event Queue.
2023-05-17 09:10:14,582 [Listener at 127.0.0.1/15004] INFO  server.StorageContainerManager (StorageContainerManager.java:stop(1665)) - Stopping SCM HA services.
2023-05-17 09:10:14,583 [Listener at 127.0.0.1/15004] INFO  pipeline.BackgroundPipelineCreator (BackgroundPipelineCreator.java:stop(149)) - Stopping RatisPipelineUtilsThread.
2023-05-17 09:10:14,583 [RatisPipelineUtilsThread - 0] WARN  pipeline.BackgroundPipelineCreator (BackgroundPipelineCreator.java:run(180)) - RatisPipelineUtilsThread is interrupted.
2023-05-17 09:10:14,583 [BackgroundPipelineScrubberThread] WARN  BackgroundPipelineScrubber (BackgroundSCMService.java:run(115)) - BackgroundPipelineScrubber is interrupted, exit
2023-05-17 09:10:14,583 [Listener at 127.0.0.1/15004] INFO  BackgroundPipelineScrubber (BackgroundSCMService.java:stop(131)) - Stopping BackgroundPipelineScrubber Service.
2023-05-17 09:10:14,584 [Listener at 127.0.0.1/15004] INFO  impl.MetricsSystemImpl (MetricsSystemImpl.java:stop(210)) - Stopping XceiverClientMetrics metrics system...
2023-05-17 09:10:14,586 [prometheus] INFO  impl.MetricsSinkAdapter (MetricsSinkAdapter.java:publishMetricsFromQueue(141)) - prometheus thread interrupted.
2023-05-17 09:10:14,586 [Listener at 127.0.0.1/15004] INFO  impl.MetricsSystemImpl (MetricsSystemImpl.java:stop(216)) - XceiverClientMetrics metrics system stopped.
2023-05-17 09:10:14,587 [Listener at 127.0.0.1/15004] WARN  pipeline.BackgroundPipelineCreator (BackgroundPipelineCreator.java:stop(145)) - RatisPipelineUtilsThread is not running, just ignore.
2023-05-17 09:10:14,587 [Listener at 127.0.0.1/15004] INFO  BackgroundPipelineScrubber (BackgroundSCMService.java:stop(126)) - BackgroundPipelineScrubber Service is not running, skip stop.
2023-05-17 09:10:14,587 [ExpiredContainerReplicaOpScrubberThread] WARN  ExpiredContainerReplicaOpScrubber (BackgroundSCMService.java:run(115)) - ExpiredContainerReplicaOpScrubber is interrupted, exit
2023-05-17 09:10:14,594 [Listener at 127.0.0.1/15004] INFO  ExpiredContainerReplicaOpScrubber (BackgroundSCMService.java:stop(131)) - Stopping ExpiredContainerReplicaOpScrubber Service.
2023-05-17 09:10:14,594 [Listener at 127.0.0.1/15004] INFO  utils.BackgroundService (BackgroundService.java:shutdown(141)) - Shutting down service SCMBlockDeletingService
2023-05-17 09:10:14,594 [Listener at 127.0.0.1/15004] INFO  replication.ReplicationManager (ReplicationManager.java:stop(343)) - Replication Monitor Thread is not running.
2023-05-17 09:10:14,594 [Listener at 127.0.0.1/15004] WARN  balancer.ContainerBalancer (ContainerBalancer.java:stop(324)) - Cannot stop Container Balancer because it's not running or stopping
2023-05-17 09:10:14,595 [Listener at 127.0.0.1/15004] INFO  server.StorageContainerManager (StorageContainerManager.java:stop(1700)) - Stopping SCM MetadataStore.
]]></system-out>
  </testcase>
</testsuite>