<?xml version="1.0" encoding="UTF-8"?>
<testsuite xmlns:xsi="http://www.w3.org/2001/XMLSchema-instance" xsi:noNamespaceSchemaLocation="https://maven.apache.org/surefire/maven-surefire-plugin/xsd/surefire-test-report-3.0.xsd" version="3.0" name="org.apache.hadoop.ozone.client.rpc.TestOzoneAtRestEncryption" time="53.108" tests="25" errors="1" skipped="0" failures="0">
  <properties>
    <property name="log4j.configuration" value="kms-log4j.properties"/>
    <property name="java.specification.version" value="17"/>
    <property name="sun.jnu.encoding" value="UTF-8"/>
    <property name="gradle.enterprise.listener.surefire.forkId" value="1"/>
    <property name="java.class.path" value="/home/runner/work/ozone/ozone/hadoop-ozone/integration-test/target/test-classes:/home/runner/work/ozone/ozone/hadoop-ozone/integration-test/target/classes:/home/runner/work/ozone/ozone/hadoop-ozone/common/target/classes:/home/runner/.m2/repository/io/grpc/grpc-netty/1.58.0/grpc-netty-1.58.0.jar:/home/runner/.m2/repository/io/grpc/grpc-core/1.58.0/grpc-core-1.58.0.jar:/home/runner/.m2/repository/com/google/android/annotations/4.1.1.4/annotations-4.1.1.4.jar:/home/runner/.m2/repository/org/codehaus/mojo/animal-sniffer-annotations/1.23/animal-sniffer-annotations-1.23.jar:/home/runner/.m2/repository/io/grpc/grpc-context/1.58.0/grpc-context-1.58.0.jar:/home/runner/.m2/repository/io/grpc/grpc-util/1.58.0/grpc-util-1.58.0.jar:/home/runner/.m2/repository/com/google/errorprone/error_prone_annotations/2.2.0/error_prone_annotations-2.2.0.jar:/home/runner/.m2/repository/io/perfmark/perfmark-api/0.26.0/perfmark-api-0.26.0.jar:/home/runner/.m2/repository/io/netty/netty-codec-http2/4.1.109.Final/netty-codec-http2-4.1.109.Final.jar:/home/runner/.m2/repository/io/netty/netty-common/4.1.109.Final/netty-common-4.1.109.Final.jar:/home/runner/.m2/repository/io/netty/netty-buffer/4.1.109.Final/netty-buffer-4.1.109.Final.jar:/home/runner/.m2/repository/io/netty/netty-codec-http/4.1.109.Final/netty-codec-http-4.1.109.Final.jar:/home/runner/.m2/repository/io/netty/netty-handler-proxy/4.1.109.Final/netty-handler-proxy-4.1.109.Final.jar:/home/runner/.m2/repository/io/netty/netty-codec-socks/4.1.109.Final/netty-codec-socks-4.1.109.Final.jar:/home/runner/.m2/repository/io/netty/netty-tcnative-boringssl-static/2.0.65.Final/netty-tcnative-boringssl-static-2.0.65.Final.jar:/home/runner/.m2/repository/io/netty/netty-tcnative-classes/2.0.65.Final/netty-tcnative-classes-2.0.65.Final.jar:/home/runner/.m2/repository/io/netty/netty-tcnative-boringssl-static/2.0.65.Final/netty-tcnative-boringssl-static-2.0.65.Final-linux-x86_64.jar:/home/runner/.m2/repository/io/netty/netty-tcnative-boringssl-static/2.0.65.Final/netty-tcnative-boringssl-static-2.0.65.Final-linux-aarch_64.jar:/home/runner/.m2/repository/io/netty/netty-tcnative-boringssl-static/2.0.65.Final/netty-tcnative-boringssl-static-2.0.65.Final-osx-x86_64.jar:/home/runner/.m2/repository/io/netty/netty-tcnative-boringssl-static/2.0.65.Final/netty-tcnative-boringssl-static-2.0.65.Final-osx-aarch_64.jar:/home/runner/.m2/repository/io/netty/netty-tcnative-boringssl-static/2.0.65.Final/netty-tcnative-boringssl-static-2.0.65.Final-windows-x86_64.jar:/home/runner/.m2/repository/org/apache/commons/commons-compress/1.26.0/commons-compress-1.26.0.jar:/home/runner/work/ozone/ozone/hadoop-hdds/common/target/classes:/home/runner/work/ozone/ozone/hadoop-hdds/client/target/classes:/home/runner/work/ozone/ozone/hadoop-ozone/interface-client/target/classes:/home/runner/.m2/repository/org/apache/hadoop/hadoop-hdfs-client/3.3.6/hadoop-hdfs-client-3.3.6.jar:/home/runner/.m2/repository/com/squareup/okhttp3/okhttp/4.12.0/okhttp-4.12.0.jar:/home/runner/.m2/repository/com/squareup/okio/okio/3.6.0/okio-3.6.0.jar:/home/runner/.m2/repository/com/squareup/okio/okio-jvm/3.6.0/okio-jvm-3.6.0.jar:/home/runner/.m2/repository/org/jetbrains/kotlin/kotlin-stdlib-jdk8/1.9.24/kotlin-stdlib-jdk8-1.9.24.jar:/home/runner/.m2/repository/org/jetbrains/kotlin/kotlin-stdlib-jdk7/1.9.24/kotlin-stdlib-jdk7-1.9.24.jar:/home/runner/.m2/repository/org/jetbrains/kotlin/kotlin-stdlib-common/1.9.24/kotlin-stdlib-common-1.9.24.jar:/home/runner/work/ozone/ozone/hadoop-hdds/test-utils/target/classes:/home/runner/.m2/repository/org/assertj/assertj-core/3.12.2/assertj-core-3.12.2.jar:/home/runner/.m2/repository/com/google/guava/guava/32.1.3-jre/guava-32.1.3-jre.jar:/home/runner/.m2/repository/com/google/guava/failureaccess/1.0.1/failureaccess-1.0.1.jar:/home/runner/.m2/repository/com/google/guava/listenablefuture/9999.0-empty-to-avoid-conflict-with-guava/listenablefuture-9999.0-empty-to-avoid-conflict-with-guava.jar:/home/runner/.m2/repository/org/checkerframework/checker-qual/3.37.0/checker-qual-3.37.0.jar:/home/runner/.m2/repository/com/google/j2objc/j2objc-annotations/2.8/j2objc-annotations-2.8.jar:/home/runner/.m2/repository/commons-io/commons-io/2.16.1/commons-io-2.16.1.jar:/home/runner/.m2/repository/commons-logging/commons-logging/1.2/commons-logging-1.2.jar:/home/runner/.m2/repository/org/junit/jupiter/junit-jupiter-api/5.10.2/junit-jupiter-api-5.10.2.jar:/home/runner/.m2/repository/org/opentest4j/opentest4j/1.3.0/opentest4j-1.3.0.jar:/home/runner/.m2/repository/org/junit/platform/junit-platform-commons/1.10.2/junit-platform-commons-1.10.2.jar:/home/runner/.m2/repository/ch/qos/reload4j/reload4j/1.2.25/reload4j-1.2.25.jar:/home/runner/.m2/repository/jakarta/annotation/jakarta.annotation-api/2.1.1/jakarta.annotation-api-2.1.1.jar:/home/runner/.m2/repository/org/slf4j/slf4j-api/2.0.13/slf4j-api-2.0.13.jar:/home/runner/.m2/repository/org/apache/logging/log4j/log4j-api/2.17.1/log4j-api-2.17.1.jar:/home/runner/work/ozone/ozone/hadoop-hdds/server-scm/target/classes:/home/runner/.m2/repository/com/google/protobuf/protobuf-java/2.5.0/protobuf-java-2.5.0.jar:/home/runner/work/ozone/ozone/hadoop-hdds/container-service/target/classes:/home/runner/work/ozone/ozone/hadoop-hdds/hadoop-dependency-server/target/classes:/home/runner/.m2/repository/com/nimbusds/nimbus-jose-jwt/9.37.2/nimbus-jose-jwt-9.37.2.jar:/home/runner/.m2/repository/com/github/stephenc/jcip/jcip-annotations/1.0-1/jcip-annotations-1.0-1.jar:/home/runner/.m2/repository/org/apache/hadoop/hadoop-hdfs/3.3.6/hadoop-hdfs-3.3.6.jar:/home/runner/.m2/repository/commons-daemon/commons-daemon/1.3.4/commons-daemon-1.3.4.jar:/home/runner/.m2/repository/org/apache/kerby/kerb-core/1.0.1/kerb-core-1.0.1.jar:/home/runner/.m2/repository/org/apache/kerby/kerby-pkix/1.0.1/kerby-pkix-1.0.1.jar:/home/runner/.m2/repository/org/apache/kerby/kerby-asn1/1.0.1/kerby-asn1-1.0.1.jar:/home/runner/.m2/repository/org/apache/kerby/kerby-util/1.0.1/kerby-util-1.0.1.jar:/home/runner/.m2/repository/org/apache/kerby/kerb-util/1.0.1/kerb-util-1.0.1.jar:/home/runner/.m2/repository/org/apache/kerby/kerby-config/1.0.1/kerby-config-1.0.1.jar:/home/runner/.m2/repository/org/apache/kerby/kerb-crypto/1.0.1/kerb-crypto-1.0.1.jar:/home/runner/.m2/repository/org/xerial/snappy/snappy-java/1.1.10.5/snappy-java-1.1.10.5.jar:/home/runner/work/ozone/ozone/hadoop-hdds/framework/target/classes:/home/runner/.m2/repository/org/bouncycastle/bcprov-jdk18on/1.78.1/bcprov-jdk18on-1.78.1.jar:/home/runner/.m2/repository/io/dropwizard/metrics/metrics-core/3.2.6/metrics-core-3.2.6.jar:/home/runner/.m2/repository/org/apache/commons/commons-text/1.11.0/commons-text-1.11.0.jar:/home/runner/work/ozone/ozone/hadoop-hdds/framework/target/test-classes:/home/runner/work/ozone/ozone/hadoop-hdds/interface-server/target/classes:/home/runner/work/ozone/ozone/hadoop-hdds/interface-admin/target/classes:/home/runner/work/ozone/ozone/hadoop-hdds/managed-rocksdb/target/classes:/home/runner/.m2/repository/org/rocksdb/rocksdbjni/7.7.3/rocksdbjni-7.7.3.jar:/home/runner/.m2/repository/org/slf4j/slf4j-reload4j/2.0.13/slf4j-reload4j-2.0.13.jar:/home/runner/.m2/repository/org/apache/commons/commons-configuration2/2.10.1/commons-configuration2-2.10.1.jar:/home/runner/.m2/repository/commons-fileupload/commons-fileupload/1.5/commons-fileupload-1.5.jar:/home/runner/.m2/repository/org/apache/logging/log4j/log4j-core/2.17.1/log4j-core-2.17.1.jar:/home/runner/.m2/repository/com/lmax/disruptor/3.4.4/disruptor-3.4.4.jar:/home/runner/.m2/repository/org/eclipse/jetty/jetty-util/9.4.54.v20240208/jetty-util-9.4.54.v20240208.jar:/home/runner/.m2/repository/org/eclipse/jetty/jetty-server/9.4.54.v20240208/jetty-server-9.4.54.v20240208.jar:/home/runner/.m2/repository/org/eclipse/jetty/jetty-http/9.4.54.v20240208/jetty-http-9.4.54.v20240208.jar:/home/runner/.m2/repository/org/eclipse/jetty/jetty-io/9.4.54.v20240208/jetty-io-9.4.54.v20240208.jar:/home/runner/.m2/repository/org/eclipse/jetty/jetty-servlet/9.4.54.v20240208/jetty-servlet-9.4.54.v20240208.jar:/home/runner/.m2/repository/org/eclipse/jetty/jetty-security/9.4.54.v20240208/jetty-security-9.4.54.v20240208.jar:/home/runner/.m2/repository/org/eclipse/jetty/jetty-util-ajax/9.4.54.v20240208/jetty-util-ajax-9.4.54.v20240208.jar:/home/runner/.m2/repository/org/eclipse/jetty/jetty-webapp/9.4.54.v20240208/jetty-webapp-9.4.54.v20240208.jar:/home/runner/.m2/repository/org/eclipse/jetty/jetty-xml/9.4.54.v20240208/jetty-xml-9.4.54.v20240208.jar:/home/runner/.m2/repository/org/apache/ratis/ratis-server/3.0.1/ratis-server-3.0.1.jar:/home/runner/.m2/repository/org/apache/ratis/ratis-thirdparty-misc/1.0.5/ratis-thirdparty-misc-1.0.5.jar:/home/runner/.m2/repository/org/apache/ratis/ratis-proto/3.0.1/ratis-proto-3.0.1.jar:/home/runner/.m2/repository/org/apache/ratis/ratis-common/3.0.1/ratis-common-3.0.1.jar:/home/runner/.m2/repository/org/apache/ratis/ratis-client/3.0.1/ratis-client-3.0.1.jar:/home/runner/.m2/repository/org/apache/ratis/ratis-server-api/3.0.1/ratis-server-api-3.0.1.jar:/home/runner/.m2/repository/org/apache/ratis/ratis-metrics-api/3.0.1/ratis-metrics-api-3.0.1.jar:/home/runner/.m2/repository/org/apache/ratis/ratis-metrics-dropwizard3/3.0.1/ratis-metrics-dropwizard3-3.0.1.jar:/home/runner/.m2/repository/io/prometheus/simpleclient_dropwizard/0.16.0/simpleclient_dropwizard-0.16.0.jar:/home/runner/.m2/repository/io/prometheus/simpleclient/0.16.0/simpleclient-0.16.0.jar:/home/runner/.m2/repository/io/prometheus/simpleclient_common/0.16.0/simpleclient_common-0.16.0.jar:/home/runner/.m2/repository/com/fasterxml/jackson/datatype/jackson-datatype-jsr310/2.16.2/jackson-datatype-jsr310-2.16.2.jar:/home/runner/.m2/repository/com/fasterxml/jackson/core/jackson-core/2.16.2/jackson-core-2.16.2.jar:/home/runner/work/ozone/ozone/hadoop-hdds/rocksdb-checkpoint-differ/target/classes:/home/runner/.m2/repository/org/jgrapht/jgrapht-core/1.4.0/jgrapht-core-1.4.0.jar:/home/runner/.m2/repository/org/jheaps/jheaps/0.11/jheaps-0.11.jar:/home/runner/.m2/repository/org/jgrapht/jgrapht-ext/1.4.0/jgrapht-ext-1.4.0.jar:/home/runner/.m2/repository/com/github/vlsi/mxgraph/jgraphx/3.9.8.1/jgraphx-3.9.8.1.jar:/home/runner/work/ozone/ozone/hadoop-ozone/ozone-manager/target/classes:/home/runner/.m2/repository/org/aspectj/aspectjrt/1.9.7/aspectjrt-1.9.7.jar:/home/runner/.m2/repository/org/aspectj/aspectjweaver/1.9.7/aspectjweaver-1.9.7.jar:/home/runner/work/ozone/ozone/hadoop-hdds/interface-client/target/classes:/home/runner/.m2/repository/org/apache/hadoop/thirdparty/hadoop-shaded-protobuf_3_7/1.1.1/hadoop-shaded-protobuf_3_7-1.1.1.jar:/home/runner/work/ozone/ozone/hadoop-ozone/interface-storage/target/classes:/home/runner/.m2/repository/org/reflections/reflections/0.10.2/reflections-0.10.2.jar:/home/runner/.m2/repository/com/sun/jersey/jersey-client/1.19.4/jersey-client-1.19.4.jar:/home/runner/.m2/repository/org/codehaus/jackson/jackson-core-asl/1.9.13/jackson-core-asl-1.9.13.jar:/home/runner/.m2/repository/org/codehaus/jackson/jackson-mapper-asl/1.9.13/jackson-mapper-asl-1.9.13.jar:/home/runner/.m2/repository/org/codehaus/jackson/jackson-jaxrs/1.9.13/jackson-jaxrs-1.9.13.jar:/home/runner/.m2/repository/org/apache/ranger/ranger-intg/2.3.0/ranger-intg-2.3.0.jar:/home/runner/.m2/repository/org/apache/ranger/ranger-plugins-common/2.3.0/ranger-plugins-common-2.3.0.jar:/home/runner/.m2/repository/commons-lang/commons-lang/2.6/commons-lang-2.6.jar:/home/runner/.m2/repository/org/apache/ranger/ranger-plugins-cred/2.3.0/ranger-plugins-cred-2.3.0.jar:/home/runner/.m2/repository/org/apache/ranger/ranger-plugins-audit/2.3.0/ranger-plugins-audit-2.3.0.jar:/home/runner/.m2/repository/org/eclipse/jetty/jetty-client/9.4.54.v20240208/jetty-client-9.4.54.v20240208.jar:/home/runner/.m2/repository/org/apache/httpcomponents/httpmime/4.5.6/httpmime-4.5.6.jar:/home/runner/.m2/repository/org/apache/httpcomponents/httpcore-nio/4.4.16/httpcore-nio-4.4.16.jar:/home/runner/.m2/repository/org/apache/httpcomponents/httpasyncclient/4.1.3/httpasyncclient-4.1.3.jar:/home/runner/.m2/repository/com/carrotsearch/hppc/0.8.0/hppc-0.8.0.jar:/home/runner/.m2/repository/org/apache/orc/orc-core/1.5.8/orc-core-1.5.8.jar:/home/runner/.m2/repository/net/java/dev/jna/jna/5.2.0/jna-5.2.0.jar:/home/runner/.m2/repository/net/java/dev/jna/jna-platform/5.2.0/jna-platform-5.2.0.jar:/home/runner/.m2/repository/com/kstruct/gethostname4j/0.0.2/gethostname4j-0.0.2.jar:/home/runner/.m2/repository/org/apache/ranger/ranger-plugin-classloader/2.3.0/ranger-plugin-classloader-2.3.0.jar:/home/runner/work/ozone/ozone/hadoop-hdds/rocks-native/target/classes:/home/runner/.m2/repository/org/apache/hadoop/hadoop-minikdc/3.3.6/hadoop-minikdc-3.3.6.jar:/home/runner/.m2/repository/org/apache/kerby/kerb-simplekdc/1.0.1/kerb-simplekdc-1.0.1.jar:/home/runner/.m2/repository/org/apache/kerby/kerb-client/1.0.1/kerb-client-1.0.1.jar:/home/runner/.m2/repository/org/apache/kerby/kerb-common/1.0.1/kerb-common-1.0.1.jar:/home/runner/.m2/repository/org/apache/kerby/token-provider/1.0.1/token-provider-1.0.1.jar:/home/runner/.m2/repository/org/apache/kerby/kerb-admin/1.0.1/kerb-admin-1.0.1.jar:/home/runner/.m2/repository/org/apache/kerby/kerb-server/1.0.1/kerb-server-1.0.1.jar:/home/runner/.m2/repository/org/apache/kerby/kerb-identity/1.0.1/kerb-identity-1.0.1.jar:/home/runner/.m2/repository/org/apache/kerby/kerby-xdr/1.0.1/kerby-xdr-1.0.1.jar:/home/runner/.m2/repository/junit/junit/4.13.2/junit-4.13.2.jar:/home/runner/.m2/repository/org/hamcrest/hamcrest-core/1.3/hamcrest-core-1.3.jar:/home/runner/work/ozone/ozone/hadoop-ozone/s3gateway/target/classes:/home/runner/.m2/repository/org/javassist/javassist/3.30.2-GA/javassist-3.30.2-GA.jar:/home/runner/.m2/repository/org/jboss/weld/servlet/weld-servlet-shaded/3.1.9.Final/weld-servlet-shaded-3.1.9.Final.jar:/home/runner/.m2/repository/org/glassfish/jersey/containers/jersey-container-servlet-core/2.42/jersey-container-servlet-core-2.42.jar:/home/runner/.m2/repository/org/glassfish/hk2/external/jakarta.inject/2.6.1/jakarta.inject-2.6.1.jar:/home/runner/.m2/repository/org/glassfish/jersey/core/jersey-common/2.42/jersey-common-2.42.jar:/home/runner/.m2/repository/jakarta/ws/rs/jakarta.ws.rs-api/2.1.6/jakarta.ws.rs-api-2.1.6.jar:/home/runner/.m2/repository/org/glassfish/jersey/ext/cdi/jersey-cdi1x/2.42/jersey-cdi1x-2.42.jar:/home/runner/.m2/repository/org/glassfish/jersey/inject/jersey-hk2/2.42/jersey-hk2-2.42.jar:/home/runner/.m2/repository/org/glassfish/hk2/hk2-locator/2.6.1/hk2-locator-2.6.1.jar:/home/runner/.m2/repository/org/glassfish/jersey/media/jersey-media-jaxb/2.42/jersey-media-jaxb-2.42.jar:/home/runner/.m2/repository/org/glassfish/hk2/osgi-resource-locator/1.0.3/osgi-resource-locator-1.0.3.jar:/home/runner/.m2/repository/org/glassfish/hk2/hk2-api/2.6.1/hk2-api-2.6.1.jar:/home/runner/.m2/repository/org/glassfish/hk2/hk2-utils/2.6.1/hk2-utils-2.6.1.jar:/home/runner/.m2/repository/org/glassfish/hk2/external/aopalliance-repackaged/2.6.1/aopalliance-repackaged-2.6.1.jar:/home/runner/.m2/repository/com/fasterxml/jackson/dataformat/jackson-dataformat-xml/2.16.2/jackson-dataformat-xml-2.16.2.jar:/home/runner/.m2/repository/org/codehaus/woodstox/stax2-api/4.2.2/stax2-api-4.2.2.jar:/home/runner/.m2/repository/com/fasterxml/woodstox/woodstox-core/5.4.0/woodstox-core-5.4.0.jar:/home/runner/.m2/repository/com/fasterxml/jackson/module/jackson-module-jaxb-annotations/2.16.2/jackson-module-jaxb-annotations-2.16.2.jar:/home/runner/.m2/repository/javax/enterprise/cdi-api/2.0/cdi-api-2.0.jar:/home/runner/.m2/repository/javax/el/javax.el-api/3.0.0/javax.el-api-3.0.0.jar:/home/runner/.m2/repository/javax/interceptor/javax.interceptor-api/1.2/javax.interceptor-api-1.2.jar:/home/runner/.m2/repository/javax/inject/javax.inject/1/javax.inject-1.jar:/home/runner/.m2/repository/jakarta/xml/bind/jakarta.xml.bind-api/2.3.3/jakarta.xml.bind-api-2.3.3.jar:/home/runner/.m2/repository/org/glassfish/jaxb/jaxb-runtime/2.3.9/jaxb-runtime-2.3.9.jar:/home/runner/.m2/repository/org/glassfish/jaxb/txw2/2.3.9/txw2-2.3.9.jar:/home/runner/.m2/repository/com/sun/istack/istack-commons-runtime/3.0.12/istack-commons-runtime-3.0.12.jar:/home/runner/.m2/repository/com/sun/activation/jakarta.activation/1.2.2/jakarta.activation-1.2.2.jar:/home/runner/.m2/repository/jakarta/activation/jakarta.activation-api/1.2.2/jakarta.activation-api-1.2.2.jar:/home/runner/.m2/repository/io/grpc/grpc-protobuf/1.58.0/grpc-protobuf-1.58.0.jar:/home/runner/.m2/repository/com/google/api/grpc/proto-google-common-protos/2.22.0/proto-google-common-protos-2.22.0.jar:/home/runner/.m2/repository/io/grpc/grpc-protobuf-lite/1.58.0/grpc-protobuf-lite-1.58.0.jar:/home/runner/.m2/repository/io/grpc/grpc-stub/1.58.0/grpc-stub-1.58.0.jar:/home/runner/.m2/repository/io/netty/netty-transport/4.1.109.Final/netty-transport-4.1.109.Final.jar:/home/runner/.m2/repository/io/netty/netty-resolver/4.1.109.Final/netty-resolver-4.1.109.Final.jar:/home/runner/work/ozone/ozone/hadoop-ozone/csi/target/classes:/home/runner/.m2/repository/com/google/protobuf/protobuf-java-util/3.19.6/protobuf-java-util-3.19.6.jar:/home/runner/.m2/repository/com/google/code/gson/gson/2.10.1/gson-2.10.1.jar:/home/runner/work/ozone/ozone/hadoop-hdds/config/target/classes:/home/runner/.m2/repository/io/netty/netty-transport-native-epoll/4.1.109.Final/netty-transport-native-epoll-4.1.109.Final-linux-x86_64.jar:/home/runner/.m2/repository/io/netty/netty-transport-classes-epoll/4.1.109.Final/netty-transport-classes-epoll-4.1.109.Final.jar:/home/runner/.m2/repository/io/netty/netty-transport-native-unix-common/4.1.109.Final/netty-transport-native-unix-common-4.1.109.Final.jar:/home/runner/work/ozone/ozone/hadoop-ozone/recon/target/classes:/home/runner/work/ozone/ozone/hadoop-ozone/recon-codegen/target/classes:/home/runner/.m2/repository/com/google/inject/guice/6.0.0/guice-6.0.0.jar:/home/runner/.m2/repository/jakarta/inject/jakarta.inject-api/2.0.1/jakarta.inject-api-2.0.1.jar:/home/runner/.m2/repository/aopalliance/aopalliance/1.0/aopalliance-1.0.jar:/home/runner/.m2/repository/com/google/inject/extensions/guice-assistedinject/6.0.0/guice-assistedinject-6.0.0.jar:/home/runner/.m2/repository/com/google/inject/extensions/guice-servlet/6.0.0/guice-servlet-6.0.0.jar:/home/runner/.m2/repository/org/glassfish/jersey/containers/jersey-container-servlet/2.42/jersey-container-servlet-2.42.jar:/home/runner/.m2/repository/org/glassfish/hk2/guice-bridge/2.6.1/guice-bridge-2.6.1.jar:/home/runner/.m2/repository/org/glassfish/jersey/core/jersey-server/2.42/jersey-server-2.42.jar:/home/runner/.m2/repository/org/glassfish/jersey/core/jersey-client/2.42/jersey-client-2.42.jar:/home/runner/.m2/repository/jakarta/validation/jakarta.validation-api/2.0.2/jakarta.validation-api-2.0.2.jar:/home/runner/.m2/repository/org/glassfish/jersey/media/jersey-media-json-jackson/2.42/jersey-media-json-jackson-2.42.jar:/home/runner/.m2/repository/org/glassfish/jersey/ext/jersey-entity-filtering/2.42/jersey-entity-filtering-2.42.jar:/home/runner/.m2/repository/org/jooq/jooq/3.11.10/jooq-3.11.10.jar:/home/runner/.m2/repository/org/jooq/jooq-meta/3.11.10/jooq-meta-3.11.10.jar:/home/runner/.m2/repository/org/jooq/jooq-codegen/3.11.10/jooq-codegen-3.11.10.jar:/home/runner/.m2/repository/com/jolbox/bonecp/0.8.0.RELEASE/bonecp-0.8.0.RELEASE.jar:/home/runner/.m2/repository/org/apache/derby/derby/10.14.2.0/derby-10.14.2.0.jar:/home/runner/.m2/repository/org/xerial/sqlite-jdbc/3.44.1.0/sqlite-jdbc-3.44.1.0.jar:/home/runner/.m2/repository/org/springframework/spring-jdbc/5.3.34/spring-jdbc-5.3.34.jar:/home/runner/.m2/repository/org/springframework/spring-beans/5.3.34/spring-beans-5.3.34.jar:/home/runner/.m2/repository/org/springframework/spring-core/5.3.34/spring-core-5.3.34.jar:/home/runner/.m2/repository/org/springframework/spring-tx/5.3.34/spring-tx-5.3.34.jar:/home/runner/work/ozone/ozone/hadoop-ozone/client/target/classes:/home/runner/work/ozone/ozone/hadoop-hdds/erasurecode/target/classes:/home/runner/work/ozone/ozone/hadoop-ozone/ozonefs/target/classes:/home/runner/work/ozone/ozone/hadoop-ozone/ozonefs-common/target/classes:/home/runner/work/ozone/ozone/hadoop-ozone/tools/target/classes:/home/runner/.m2/repository/com/amazonaws/aws-java-sdk-core/1.12.661/aws-java-sdk-core-1.12.661.jar:/home/runner/.m2/repository/org/apache/httpcomponents/httpclient/4.5.14/httpclient-4.5.14.jar:/home/runner/.m2/repository/org/apache/httpcomponents/httpcore/4.4.16/httpcore-4.4.16.jar:/home/runner/.m2/repository/com/fasterxml/jackson/dataformat/jackson-dataformat-cbor/2.16.2/jackson-dataformat-cbor-2.16.2.jar:/home/runner/.m2/repository/joda-time/joda-time/2.12.7/joda-time-2.12.7.jar:/home/runner/.m2/repository/com/amazonaws/aws-java-sdk-s3/1.12.661/aws-java-sdk-s3-1.12.661.jar:/home/runner/.m2/repository/com/amazonaws/aws-java-sdk-kms/1.12.661/aws-java-sdk-kms-1.12.661.jar:/home/runner/.m2/repository/com/amazonaws/jmespath-java/1.12.661/jmespath-java-1.12.661.jar:/home/runner/.m2/repository/org/kohsuke/metainf-services/metainf-services/1.11/metainf-services-1.11.jar:/home/runner/work/ozone/ozone/hadoop-hdds/tools/target/classes:/home/runner/.m2/repository/org/apache/ratis/ratis-tools/3.0.1/ratis-tools-3.0.1.jar:/home/runner/.m2/repository/commons-cli/commons-cli/1.6.0/commons-cli-1.6.0.jar:/home/runner/.m2/repository/org/apache/commons/commons-lang3/3.14.0/commons-lang3-3.14.0.jar:/home/runner/work/ozone/ozone/hadoop-ozone/ozone-manager/target/test-classes:/home/runner/work/ozone/ozone/hadoop-hdds/common/target/test-classes:/home/runner/work/ozone/ozone/hadoop-hdds/hadoop-dependency-client/target/classes:/home/runner/.m2/repository/info/picocli/picocli/4.7.5/picocli-4.7.5.jar:/home/runner/.m2/repository/com/fasterxml/jackson/core/jackson-annotations/2.16.2/jackson-annotations-2.16.2.jar:/home/runner/work/ozone/ozone/hadoop-hdds/annotations/target/classes:/home/runner/.m2/repository/javax/annotation/javax.annotation-api/1.3.2/javax.annotation-api-1.3.2.jar:/home/runner/.m2/repository/org/apache/ratis/ratis-netty/3.0.1/ratis-netty-3.0.1.jar:/home/runner/.m2/repository/org/apache/ratis/ratis-grpc/3.0.1/ratis-grpc-3.0.1.jar:/home/runner/.m2/repository/org/bouncycastle/bcpkix-jdk18on/1.78.1/bcpkix-jdk18on-1.78.1.jar:/home/runner/.m2/repository/org/bouncycastle/bcutil-jdk18on/1.78.1/bcutil-jdk18on-1.78.1.jar:/home/runner/.m2/repository/commons-validator/commons-validator/1.6/commons-validator-1.6.jar:/home/runner/.m2/repository/commons-beanutils/commons-beanutils/1.9.4/commons-beanutils-1.9.4.jar:/home/runner/.m2/repository/commons-digester/commons-digester/1.8.1/commons-digester-1.8.1.jar:/home/runner/.m2/repository/commons-collections/commons-collections/3.2.2/commons-collections-3.2.2.jar:/home/runner/.m2/repository/io/jaegertracing/jaeger-client/1.8.1/jaeger-client-1.8.1.jar:/home/runner/.m2/repository/io/jaegertracing/jaeger-thrift/1.8.1/jaeger-thrift-1.8.1.jar:/home/runner/.m2/repository/org/apache/thrift/libthrift/0.15.0/libthrift-0.15.0.jar:/home/runner/.m2/repository/io/jaegertracing/jaeger-core/1.8.1/jaeger-core-1.8.1.jar:/home/runner/.m2/repository/io/jaegertracing/jaeger-tracerresolver/1.8.1/jaeger-tracerresolver-1.8.1.jar:/home/runner/.m2/repository/io/opentracing/contrib/opentracing-tracerresolver/0.1.8/opentracing-tracerresolver-0.1.8.jar:/home/runner/.m2/repository/org/jetbrains/kotlin/kotlin-stdlib/1.9.24/kotlin-stdlib-1.9.24.jar:/home/runner/.m2/repository/org/jetbrains/annotations/13.0/annotations-13.0.jar:/home/runner/.m2/repository/io/opentracing/opentracing-util/0.33.0/opentracing-util-0.33.0.jar:/home/runner/.m2/repository/io/opentracing/opentracing-api/0.33.0/opentracing-api-0.33.0.jar:/home/runner/.m2/repository/io/opentracing/opentracing-noop/0.33.0/opentracing-noop-0.33.0.jar:/home/runner/.m2/repository/org/yaml/snakeyaml/2.0/snakeyaml-2.0.jar:/home/runner/.m2/repository/io/grpc/grpc-api/1.58.0/grpc-api-1.58.0.jar:/home/runner/.m2/repository/org/junit/platform/junit-platform-launcher/1.10.2/junit-platform-launcher-1.10.2.jar:/home/runner/.m2/repository/org/junit/platform/junit-platform-engine/1.10.2/junit-platform-engine-1.10.2.jar:/home/runner/.m2/repository/org/apiguardian/apiguardian-api/1.1.2/apiguardian-api-1.1.2.jar:/home/runner/.m2/repository/org/apache/hadoop/hadoop-kms/3.3.6/hadoop-kms-3.3.6.jar:/home/runner/.m2/repository/org/apache/hadoop/hadoop-auth/3.3.6/hadoop-auth-3.3.6.jar:/home/runner/.m2/repository/org/apache/zookeeper/zookeeper/3.8.4/zookeeper-3.8.4.jar:/home/runner/.m2/repository/org/apache/zookeeper/zookeeper-jute/3.8.4/zookeeper-jute-3.8.4.jar:/home/runner/.m2/repository/org/apache/yetus/audience-annotations/0.12.0/audience-annotations-0.12.0.jar:/home/runner/.m2/repository/org/apache/curator/curator-framework/4.2.0/curator-framework-4.2.0.jar:/home/runner/.m2/repository/org/apache/hadoop/thirdparty/hadoop-shaded-guava/1.2.0/hadoop-shaded-guava-1.2.0.jar:/home/runner/.m2/repository/com/sun/jersey/jersey-core/1.19.4/jersey-core-1.19.4.jar:/home/runner/.m2/repository/javax/ws/rs/jsr311-api/1.1.1/jsr311-api-1.1.1.jar:/home/runner/.m2/repository/com/sun/jersey/jersey-server/1.19.4/jersey-server-1.19.4.jar:/home/runner/.m2/repository/javax/servlet/javax.servlet-api/3.1.0/javax.servlet-api-3.1.0.jar:/home/runner/.m2/repository/org/apache/hadoop/hadoop-common/3.3.6/hadoop-common-3.3.6.jar:/home/runner/.m2/repository/org/apache/commons/commons-math3/3.6.1/commons-math3-3.6.1.jar:/home/runner/.m2/repository/commons-net/commons-net/3.10.0/commons-net-3.10.0.jar:/home/runner/.m2/repository/com/sun/jersey/jersey-servlet/1.19.4/jersey-servlet-1.19.4.jar:/home/runner/.m2/repository/com/github/pjfanning/jersey-json/1.20/jersey-json-1.20.jar:/home/runner/.m2/repository/org/codehaus/jettison/jettison/1.1/jettison-1.1.jar:/home/runner/.m2/repository/com/sun/xml/bind/jaxb-impl/2.2.3-1/jaxb-impl-2.2.3-1.jar:/home/runner/.m2/repository/com/google/re2j/re2j/1.7/re2j-1.7.jar:/home/runner/.m2/repository/com/jcraft/jsch/0.1.55/jsch-0.1.55.jar:/home/runner/.m2/repository/org/apache/curator/curator-client/4.2.0/curator-client-4.2.0.jar:/home/runner/.m2/repository/org/apache/curator/curator-recipes/5.2.0/curator-recipes-5.2.0.jar:/home/runner/.m2/repository/com/google/code/findbugs/jsr305/3.0.2/jsr305-3.0.2.jar:/home/runner/.m2/repository/dnsjava/dnsjava/2.1.9/dnsjava-2.1.9.jar:/home/runner/.m2/repository/com/fasterxml/jackson/core/jackson-databind/2.16.2/jackson-databind-2.16.2.jar:/home/runner/.m2/repository/org/apache/hadoop/hadoop-kms/3.3.6/hadoop-kms-3.3.6-tests.jar:/home/runner/work/ozone/ozone/hadoop-hdds/server-scm/target/test-classes:/home/runner/work/ozone/ozone/hadoop-hdds/container-service/target/test-classes:/home/runner/.m2/repository/com/github/luben/zstd-jni/1.5.6-3/zstd-jni-1.5.6-3.jar:/home/runner/.m2/repository/commons-codec/commons-codec/1.17.0/commons-codec-1.17.0.jar:/home/runner/.m2/repository/io/netty/netty-codec/4.1.109.Final/netty-codec-4.1.109.Final.jar:/home/runner/.m2/repository/io/netty/netty-handler/4.1.109.Final/netty-handler-4.1.109.Final.jar:/home/runner/work/ozone/ozone/hadoop-hdds/hadoop-dependency-test/target/classes:/home/runner/.m2/repository/org/apache/hadoop/hadoop-common/3.3.6/hadoop-common-3.3.6-tests.jar:/home/runner/.m2/repository/org/apache/hadoop/hadoop-hdfs/3.3.6/hadoop-hdfs-3.3.6-tests.jar:/home/runner/.m2/repository/org/junit/jupiter/junit-jupiter-engine/5.10.2/junit-jupiter-engine-5.10.2.jar:/home/runner/.m2/repository/org/junit/jupiter/junit-jupiter-params/5.10.2/junit-jupiter-params-5.10.2.jar:/home/runner/.m2/repository/org/mockito/mockito-core/4.11.0/mockito-core-4.11.0.jar:/home/runner/.m2/repository/net/bytebuddy/byte-buddy/1.12.19/byte-buddy-1.12.19.jar:/home/runner/.m2/repository/net/bytebuddy/byte-buddy-agent/1.12.19/byte-buddy-agent-1.12.19.jar:/home/runner/.m2/repository/org/objenesis/objenesis/3.3/objenesis-3.3.jar:/home/runner/.m2/repository/org/mockito/mockito-inline/4.11.0/mockito-inline-4.11.0.jar:/home/runner/.m2/repository/org/mockito/mockito-junit-jupiter/4.11.0/mockito-junit-jupiter-4.11.0.jar:/home/runner/.m2/repository/org/apache/hadoop/hadoop-distcp/3.3.6/hadoop-distcp-3.3.6.jar:/home/runner/.m2/repository/org/apache/hadoop/hadoop-mapreduce-client-jobclient/3.3.6/hadoop-mapreduce-client-jobclient-3.3.6.jar:/home/runner/.m2/repository/org/apache/hadoop/hadoop-mapreduce-client-common/3.3.6/hadoop-mapreduce-client-common-3.3.6.jar:/home/runner/.m2/repository/org/apache/hadoop/hadoop-yarn-common/3.3.6/hadoop-yarn-common-3.3.6.jar:/home/runner/.m2/repository/org/apache/hadoop/hadoop-yarn-api/3.3.6/hadoop-yarn-api-3.3.6.jar:/home/runner/.m2/repository/javax/xml/bind/jaxb-api/2.2.11/jaxb-api-2.2.11.jar:/home/runner/.m2/repository/com/sun/jersey/contribs/jersey-guice/1.19.4/jersey-guice-1.19.4.jar:/home/runner/.m2/repository/com/fasterxml/jackson/jaxrs/jackson-jaxrs-json-provider/2.16.2/jackson-jaxrs-json-provider-2.16.2.jar:/home/runner/.m2/repository/com/fasterxml/jackson/jaxrs/jackson-jaxrs-base/2.16.2/jackson-jaxrs-base-2.16.2.jar:/home/runner/.m2/repository/org/apache/hadoop/hadoop-yarn-client/3.3.6/hadoop-yarn-client-3.3.6.jar:/home/runner/.m2/repository/org/eclipse/jetty/websocket/websocket-client/9.4.51.v20230217/websocket-client-9.4.51.v20230217.jar:/home/runner/.m2/repository/org/eclipse/jetty/websocket/websocket-common/9.4.51.v20230217/websocket-common-9.4.51.v20230217.jar:/home/runner/.m2/repository/org/eclipse/jetty/websocket/websocket-api/9.4.51.v20230217/websocket-api-9.4.51.v20230217.jar:/home/runner/.m2/repository/org/jline/jline/3.9.0/jline-3.9.0.jar:/home/runner/.m2/repository/org/apache/hadoop/hadoop-mapreduce-client-core/3.3.6/hadoop-mapreduce-client-core-3.3.6.jar:/home/runner/.m2/repository/org/apache/avro/avro/1.7.7/avro-1.7.7.jar:/home/runner/.m2/repository/com/thoughtworks/paranamer/paranamer/2.3/paranamer-2.3.jar:/home/runner/.m2/repository/org/apache/hadoop/hadoop-annotations/3.3.6/hadoop-annotations-3.3.6.jar:/home/runner/.m2/repository/io/netty/netty/3.10.6.Final/netty-3.10.6.Final.jar:/home/runner/.m2/repository/org/apache/hadoop/hadoop-distcp/3.3.6/hadoop-distcp-3.3.6-tests.jar:/home/runner/.m2/repository/org/hamcrest/hamcrest/2.2/hamcrest-2.2.jar:/home/runner/.m2/repository/org/slf4j/jul-to-slf4j/2.0.13/jul-to-slf4j-2.0.13.jar:/home/runner/work/ozone/ozone/hadoop-ozone/integration-test/target/gradle-enterprise/test-listeners.jar:"/>
    <property name="java.vm.vendor" value="Eclipse Adoptium"/>
    <property name="sun.arch.data.model" value="64"/>
    <property name="jceks.key.serialFilter" value="java.lang.Enum;java.security.KeyRep;java.security.KeyRep$Type;javax.crypto.spec.SecretKeySpec;org.apache.hadoop.crypto.key.JavaKeyStoreProvider$KeyMetadata;!*"/>
    <property name="test.build.dir" value="/home/runner/work/ozone/ozone/hadoop-ozone/integration-test/target/test-dir"/>
    <property name="test.cache.data" value=""/>
    <property name="java.vendor.url" value="https://adoptium.net/"/>
    <property name="user.timezone" value="Etc/UTC"/>
    <property name="maven-surefire-plugin.argLineAccessArgs" value=" --add-opens java.management/com.sun.jmx.mbeanserver=ALL-UNNAMED --add-exports java.management/com.sun.jmx.mbeanserver=ALL-UNNAMED --add-opens java.base/java.nio=ALL-UNNAMED --add-opens java.base/java.lang=ALL-UNNAMED --add-opens java.base/java.lang.reflect=ALL-UNNAMED"/>
    <property name="java.vm.specification.version" value="17"/>
    <property name="os.name" value="Linux"/>
    <property name="test.build.data" value="/home/runner/work/ozone/ozone/hadoop-ozone/integration-test/target/test-dir"/>
    <property name="sun.java.launcher" value="SUN_STANDARD"/>
    <property name="sun.boot.library.path" value="/usr/lib/jvm/temurin-17-jdk-amd64/lib"/>
    <property name="sun.java.command" value="/home/runner/work/ozone/ozone/hadoop-ozone/integration-test/target/surefire/surefirebooter12554616440669299915.jar /home/runner/work/ozone/ozone/hadoop-ozone/integration-test/target/surefire 2024-05-24T07-35-06_685-jvmRun1 surefire2801381225797421627tmp surefire_196597984524814047848tmp"/>
    <property name="jdk.debug" value="release"/>
    <property name="native.lib.tmp.dir" value="/tmp"/>
    <property name="surefire.test.class.path" value="/home/runner/work/ozone/ozone/hadoop-ozone/integration-test/target/test-classes:/home/runner/work/ozone/ozone/hadoop-ozone/integration-test/target/classes:/home/runner/work/ozone/ozone/hadoop-ozone/common/target/classes:/home/runner/.m2/repository/io/grpc/grpc-netty/1.58.0/grpc-netty-1.58.0.jar:/home/runner/.m2/repository/io/grpc/grpc-core/1.58.0/grpc-core-1.58.0.jar:/home/runner/.m2/repository/com/google/android/annotations/4.1.1.4/annotations-4.1.1.4.jar:/home/runner/.m2/repository/org/codehaus/mojo/animal-sniffer-annotations/1.23/animal-sniffer-annotations-1.23.jar:/home/runner/.m2/repository/io/grpc/grpc-context/1.58.0/grpc-context-1.58.0.jar:/home/runner/.m2/repository/io/grpc/grpc-util/1.58.0/grpc-util-1.58.0.jar:/home/runner/.m2/repository/com/google/errorprone/error_prone_annotations/2.2.0/error_prone_annotations-2.2.0.jar:/home/runner/.m2/repository/io/perfmark/perfmark-api/0.26.0/perfmark-api-0.26.0.jar:/home/runner/.m2/repository/io/netty/netty-codec-http2/4.1.109.Final/netty-codec-http2-4.1.109.Final.jar:/home/runner/.m2/repository/io/netty/netty-common/4.1.109.Final/netty-common-4.1.109.Final.jar:/home/runner/.m2/repository/io/netty/netty-buffer/4.1.109.Final/netty-buffer-4.1.109.Final.jar:/home/runner/.m2/repository/io/netty/netty-codec-http/4.1.109.Final/netty-codec-http-4.1.109.Final.jar:/home/runner/.m2/repository/io/netty/netty-handler-proxy/4.1.109.Final/netty-handler-proxy-4.1.109.Final.jar:/home/runner/.m2/repository/io/netty/netty-codec-socks/4.1.109.Final/netty-codec-socks-4.1.109.Final.jar:/home/runner/.m2/repository/io/netty/netty-tcnative-boringssl-static/2.0.65.Final/netty-tcnative-boringssl-static-2.0.65.Final.jar:/home/runner/.m2/repository/io/netty/netty-tcnative-classes/2.0.65.Final/netty-tcnative-classes-2.0.65.Final.jar:/home/runner/.m2/repository/io/netty/netty-tcnative-boringssl-static/2.0.65.Final/netty-tcnative-boringssl-static-2.0.65.Final-linux-x86_64.jar:/home/runner/.m2/repository/io/netty/netty-tcnative-boringssl-static/2.0.65.Final/netty-tcnative-boringssl-static-2.0.65.Final-linux-aarch_64.jar:/home/runner/.m2/repository/io/netty/netty-tcnative-boringssl-static/2.0.65.Final/netty-tcnative-boringssl-static-2.0.65.Final-osx-x86_64.jar:/home/runner/.m2/repository/io/netty/netty-tcnative-boringssl-static/2.0.65.Final/netty-tcnative-boringssl-static-2.0.65.Final-osx-aarch_64.jar:/home/runner/.m2/repository/io/netty/netty-tcnative-boringssl-static/2.0.65.Final/netty-tcnative-boringssl-static-2.0.65.Final-windows-x86_64.jar:/home/runner/.m2/repository/org/apache/commons/commons-compress/1.26.0/commons-compress-1.26.0.jar:/home/runner/work/ozone/ozone/hadoop-hdds/common/target/classes:/home/runner/work/ozone/ozone/hadoop-hdds/client/target/classes:/home/runner/work/ozone/ozone/hadoop-ozone/interface-client/target/classes:/home/runner/.m2/repository/org/apache/hadoop/hadoop-hdfs-client/3.3.6/hadoop-hdfs-client-3.3.6.jar:/home/runner/.m2/repository/com/squareup/okhttp3/okhttp/4.12.0/okhttp-4.12.0.jar:/home/runner/.m2/repository/com/squareup/okio/okio/3.6.0/okio-3.6.0.jar:/home/runner/.m2/repository/com/squareup/okio/okio-jvm/3.6.0/okio-jvm-3.6.0.jar:/home/runner/.m2/repository/org/jetbrains/kotlin/kotlin-stdlib-jdk8/1.9.24/kotlin-stdlib-jdk8-1.9.24.jar:/home/runner/.m2/repository/org/jetbrains/kotlin/kotlin-stdlib-jdk7/1.9.24/kotlin-stdlib-jdk7-1.9.24.jar:/home/runner/.m2/repository/org/jetbrains/kotlin/kotlin-stdlib-common/1.9.24/kotlin-stdlib-common-1.9.24.jar:/home/runner/work/ozone/ozone/hadoop-hdds/test-utils/target/classes:/home/runner/.m2/repository/org/assertj/assertj-core/3.12.2/assertj-core-3.12.2.jar:/home/runner/.m2/repository/com/google/guava/guava/32.1.3-jre/guava-32.1.3-jre.jar:/home/runner/.m2/repository/com/google/guava/failureaccess/1.0.1/failureaccess-1.0.1.jar:/home/runner/.m2/repository/com/google/guava/listenablefuture/9999.0-empty-to-avoid-conflict-with-guava/listenablefuture-9999.0-empty-to-avoid-conflict-with-guava.jar:/home/runner/.m2/repository/org/checkerframework/checker-qual/3.37.0/checker-qual-3.37.0.jar:/home/runner/.m2/repository/com/google/j2objc/j2objc-annotations/2.8/j2objc-annotations-2.8.jar:/home/runner/.m2/repository/commons-io/commons-io/2.16.1/commons-io-2.16.1.jar:/home/runner/.m2/repository/commons-logging/commons-logging/1.2/commons-logging-1.2.jar:/home/runner/.m2/repository/org/junit/jupiter/junit-jupiter-api/5.10.2/junit-jupiter-api-5.10.2.jar:/home/runner/.m2/repository/org/opentest4j/opentest4j/1.3.0/opentest4j-1.3.0.jar:/home/runner/.m2/repository/org/junit/platform/junit-platform-commons/1.10.2/junit-platform-commons-1.10.2.jar:/home/runner/.m2/repository/ch/qos/reload4j/reload4j/1.2.25/reload4j-1.2.25.jar:/home/runner/.m2/repository/jakarta/annotation/jakarta.annotation-api/2.1.1/jakarta.annotation-api-2.1.1.jar:/home/runner/.m2/repository/org/slf4j/slf4j-api/2.0.13/slf4j-api-2.0.13.jar:/home/runner/.m2/repository/org/apache/logging/log4j/log4j-api/2.17.1/log4j-api-2.17.1.jar:/home/runner/work/ozone/ozone/hadoop-hdds/server-scm/target/classes:/home/runner/.m2/repository/com/google/protobuf/protobuf-java/2.5.0/protobuf-java-2.5.0.jar:/home/runner/work/ozone/ozone/hadoop-hdds/container-service/target/classes:/home/runner/work/ozone/ozone/hadoop-hdds/hadoop-dependency-server/target/classes:/home/runner/.m2/repository/com/nimbusds/nimbus-jose-jwt/9.37.2/nimbus-jose-jwt-9.37.2.jar:/home/runner/.m2/repository/com/github/stephenc/jcip/jcip-annotations/1.0-1/jcip-annotations-1.0-1.jar:/home/runner/.m2/repository/org/apache/hadoop/hadoop-hdfs/3.3.6/hadoop-hdfs-3.3.6.jar:/home/runner/.m2/repository/commons-daemon/commons-daemon/1.3.4/commons-daemon-1.3.4.jar:/home/runner/.m2/repository/org/apache/kerby/kerb-core/1.0.1/kerb-core-1.0.1.jar:/home/runner/.m2/repository/org/apache/kerby/kerby-pkix/1.0.1/kerby-pkix-1.0.1.jar:/home/runner/.m2/repository/org/apache/kerby/kerby-asn1/1.0.1/kerby-asn1-1.0.1.jar:/home/runner/.m2/repository/org/apache/kerby/kerby-util/1.0.1/kerby-util-1.0.1.jar:/home/runner/.m2/repository/org/apache/kerby/kerb-util/1.0.1/kerb-util-1.0.1.jar:/home/runner/.m2/repository/org/apache/kerby/kerby-config/1.0.1/kerby-config-1.0.1.jar:/home/runner/.m2/repository/org/apache/kerby/kerb-crypto/1.0.1/kerb-crypto-1.0.1.jar:/home/runner/.m2/repository/org/xerial/snappy/snappy-java/1.1.10.5/snappy-java-1.1.10.5.jar:/home/runner/work/ozone/ozone/hadoop-hdds/framework/target/classes:/home/runner/.m2/repository/org/bouncycastle/bcprov-jdk18on/1.78.1/bcprov-jdk18on-1.78.1.jar:/home/runner/.m2/repository/io/dropwizard/metrics/metrics-core/3.2.6/metrics-core-3.2.6.jar:/home/runner/.m2/repository/org/apache/commons/commons-text/1.11.0/commons-text-1.11.0.jar:/home/runner/work/ozone/ozone/hadoop-hdds/framework/target/test-classes:/home/runner/work/ozone/ozone/hadoop-hdds/interface-server/target/classes:/home/runner/work/ozone/ozone/hadoop-hdds/interface-admin/target/classes:/home/runner/work/ozone/ozone/hadoop-hdds/managed-rocksdb/target/classes:/home/runner/.m2/repository/org/rocksdb/rocksdbjni/7.7.3/rocksdbjni-7.7.3.jar:/home/runner/.m2/repository/org/slf4j/slf4j-reload4j/2.0.13/slf4j-reload4j-2.0.13.jar:/home/runner/.m2/repository/org/apache/commons/commons-configuration2/2.10.1/commons-configuration2-2.10.1.jar:/home/runner/.m2/repository/commons-fileupload/commons-fileupload/1.5/commons-fileupload-1.5.jar:/home/runner/.m2/repository/org/apache/logging/log4j/log4j-core/2.17.1/log4j-core-2.17.1.jar:/home/runner/.m2/repository/com/lmax/disruptor/3.4.4/disruptor-3.4.4.jar:/home/runner/.m2/repository/org/eclipse/jetty/jetty-util/9.4.54.v20240208/jetty-util-9.4.54.v20240208.jar:/home/runner/.m2/repository/org/eclipse/jetty/jetty-server/9.4.54.v20240208/jetty-server-9.4.54.v20240208.jar:/home/runner/.m2/repository/org/eclipse/jetty/jetty-http/9.4.54.v20240208/jetty-http-9.4.54.v20240208.jar:/home/runner/.m2/repository/org/eclipse/jetty/jetty-io/9.4.54.v20240208/jetty-io-9.4.54.v20240208.jar:/home/runner/.m2/repository/org/eclipse/jetty/jetty-servlet/9.4.54.v20240208/jetty-servlet-9.4.54.v20240208.jar:/home/runner/.m2/repository/org/eclipse/jetty/jetty-security/9.4.54.v20240208/jetty-security-9.4.54.v20240208.jar:/home/runner/.m2/repository/org/eclipse/jetty/jetty-util-ajax/9.4.54.v20240208/jetty-util-ajax-9.4.54.v20240208.jar:/home/runner/.m2/repository/org/eclipse/jetty/jetty-webapp/9.4.54.v20240208/jetty-webapp-9.4.54.v20240208.jar:/home/runner/.m2/repository/org/eclipse/jetty/jetty-xml/9.4.54.v20240208/jetty-xml-9.4.54.v20240208.jar:/home/runner/.m2/repository/org/apache/ratis/ratis-server/3.0.1/ratis-server-3.0.1.jar:/home/runner/.m2/repository/org/apache/ratis/ratis-thirdparty-misc/1.0.5/ratis-thirdparty-misc-1.0.5.jar:/home/runner/.m2/repository/org/apache/ratis/ratis-proto/3.0.1/ratis-proto-3.0.1.jar:/home/runner/.m2/repository/org/apache/ratis/ratis-common/3.0.1/ratis-common-3.0.1.jar:/home/runner/.m2/repository/org/apache/ratis/ratis-client/3.0.1/ratis-client-3.0.1.jar:/home/runner/.m2/repository/org/apache/ratis/ratis-server-api/3.0.1/ratis-server-api-3.0.1.jar:/home/runner/.m2/repository/org/apache/ratis/ratis-metrics-api/3.0.1/ratis-metrics-api-3.0.1.jar:/home/runner/.m2/repository/org/apache/ratis/ratis-metrics-dropwizard3/3.0.1/ratis-metrics-dropwizard3-3.0.1.jar:/home/runner/.m2/repository/io/prometheus/simpleclient_dropwizard/0.16.0/simpleclient_dropwizard-0.16.0.jar:/home/runner/.m2/repository/io/prometheus/simpleclient/0.16.0/simpleclient-0.16.0.jar:/home/runner/.m2/repository/io/prometheus/simpleclient_common/0.16.0/simpleclient_common-0.16.0.jar:/home/runner/.m2/repository/com/fasterxml/jackson/datatype/jackson-datatype-jsr310/2.16.2/jackson-datatype-jsr310-2.16.2.jar:/home/runner/.m2/repository/com/fasterxml/jackson/core/jackson-core/2.16.2/jackson-core-2.16.2.jar:/home/runner/work/ozone/ozone/hadoop-hdds/rocksdb-checkpoint-differ/target/classes:/home/runner/.m2/repository/org/jgrapht/jgrapht-core/1.4.0/jgrapht-core-1.4.0.jar:/home/runner/.m2/repository/org/jheaps/jheaps/0.11/jheaps-0.11.jar:/home/runner/.m2/repository/org/jgrapht/jgrapht-ext/1.4.0/jgrapht-ext-1.4.0.jar:/home/runner/.m2/repository/com/github/vlsi/mxgraph/jgraphx/3.9.8.1/jgraphx-3.9.8.1.jar:/home/runner/work/ozone/ozone/hadoop-ozone/ozone-manager/target/classes:/home/runner/.m2/repository/org/aspectj/aspectjrt/1.9.7/aspectjrt-1.9.7.jar:/home/runner/.m2/repository/org/aspectj/aspectjweaver/1.9.7/aspectjweaver-1.9.7.jar:/home/runner/work/ozone/ozone/hadoop-hdds/interface-client/target/classes:/home/runner/.m2/repository/org/apache/hadoop/thirdparty/hadoop-shaded-protobuf_3_7/1.1.1/hadoop-shaded-protobuf_3_7-1.1.1.jar:/home/runner/work/ozone/ozone/hadoop-ozone/interface-storage/target/classes:/home/runner/.m2/repository/org/reflections/reflections/0.10.2/reflections-0.10.2.jar:/home/runner/.m2/repository/com/sun/jersey/jersey-client/1.19.4/jersey-client-1.19.4.jar:/home/runner/.m2/repository/org/codehaus/jackson/jackson-core-asl/1.9.13/jackson-core-asl-1.9.13.jar:/home/runner/.m2/repository/org/codehaus/jackson/jackson-mapper-asl/1.9.13/jackson-mapper-asl-1.9.13.jar:/home/runner/.m2/repository/org/codehaus/jackson/jackson-jaxrs/1.9.13/jackson-jaxrs-1.9.13.jar:/home/runner/.m2/repository/org/apache/ranger/ranger-intg/2.3.0/ranger-intg-2.3.0.jar:/home/runner/.m2/repository/org/apache/ranger/ranger-plugins-common/2.3.0/ranger-plugins-common-2.3.0.jar:/home/runner/.m2/repository/commons-lang/commons-lang/2.6/commons-lang-2.6.jar:/home/runner/.m2/repository/org/apache/ranger/ranger-plugins-cred/2.3.0/ranger-plugins-cred-2.3.0.jar:/home/runner/.m2/repository/org/apache/ranger/ranger-plugins-audit/2.3.0/ranger-plugins-audit-2.3.0.jar:/home/runner/.m2/repository/org/eclipse/jetty/jetty-client/9.4.54.v20240208/jetty-client-9.4.54.v20240208.jar:/home/runner/.m2/repository/org/apache/httpcomponents/httpmime/4.5.6/httpmime-4.5.6.jar:/home/runner/.m2/repository/org/apache/httpcomponents/httpcore-nio/4.4.16/httpcore-nio-4.4.16.jar:/home/runner/.m2/repository/org/apache/httpcomponents/httpasyncclient/4.1.3/httpasyncclient-4.1.3.jar:/home/runner/.m2/repository/com/carrotsearch/hppc/0.8.0/hppc-0.8.0.jar:/home/runner/.m2/repository/org/apache/orc/orc-core/1.5.8/orc-core-1.5.8.jar:/home/runner/.m2/repository/net/java/dev/jna/jna/5.2.0/jna-5.2.0.jar:/home/runner/.m2/repository/net/java/dev/jna/jna-platform/5.2.0/jna-platform-5.2.0.jar:/home/runner/.m2/repository/com/kstruct/gethostname4j/0.0.2/gethostname4j-0.0.2.jar:/home/runner/.m2/repository/org/apache/ranger/ranger-plugin-classloader/2.3.0/ranger-plugin-classloader-2.3.0.jar:/home/runner/work/ozone/ozone/hadoop-hdds/rocks-native/target/classes:/home/runner/.m2/repository/org/apache/hadoop/hadoop-minikdc/3.3.6/hadoop-minikdc-3.3.6.jar:/home/runner/.m2/repository/org/apache/kerby/kerb-simplekdc/1.0.1/kerb-simplekdc-1.0.1.jar:/home/runner/.m2/repository/org/apache/kerby/kerb-client/1.0.1/kerb-client-1.0.1.jar:/home/runner/.m2/repository/org/apache/kerby/kerb-common/1.0.1/kerb-common-1.0.1.jar:/home/runner/.m2/repository/org/apache/kerby/token-provider/1.0.1/token-provider-1.0.1.jar:/home/runner/.m2/repository/org/apache/kerby/kerb-admin/1.0.1/kerb-admin-1.0.1.jar:/home/runner/.m2/repository/org/apache/kerby/kerb-server/1.0.1/kerb-server-1.0.1.jar:/home/runner/.m2/repository/org/apache/kerby/kerb-identity/1.0.1/kerb-identity-1.0.1.jar:/home/runner/.m2/repository/org/apache/kerby/kerby-xdr/1.0.1/kerby-xdr-1.0.1.jar:/home/runner/.m2/repository/junit/junit/4.13.2/junit-4.13.2.jar:/home/runner/.m2/repository/org/hamcrest/hamcrest-core/1.3/hamcrest-core-1.3.jar:/home/runner/work/ozone/ozone/hadoop-ozone/s3gateway/target/classes:/home/runner/.m2/repository/org/javassist/javassist/3.30.2-GA/javassist-3.30.2-GA.jar:/home/runner/.m2/repository/org/jboss/weld/servlet/weld-servlet-shaded/3.1.9.Final/weld-servlet-shaded-3.1.9.Final.jar:/home/runner/.m2/repository/org/glassfish/jersey/containers/jersey-container-servlet-core/2.42/jersey-container-servlet-core-2.42.jar:/home/runner/.m2/repository/org/glassfish/hk2/external/jakarta.inject/2.6.1/jakarta.inject-2.6.1.jar:/home/runner/.m2/repository/org/glassfish/jersey/core/jersey-common/2.42/jersey-common-2.42.jar:/home/runner/.m2/repository/jakarta/ws/rs/jakarta.ws.rs-api/2.1.6/jakarta.ws.rs-api-2.1.6.jar:/home/runner/.m2/repository/org/glassfish/jersey/ext/cdi/jersey-cdi1x/2.42/jersey-cdi1x-2.42.jar:/home/runner/.m2/repository/org/glassfish/jersey/inject/jersey-hk2/2.42/jersey-hk2-2.42.jar:/home/runner/.m2/repository/org/glassfish/hk2/hk2-locator/2.6.1/hk2-locator-2.6.1.jar:/home/runner/.m2/repository/org/glassfish/jersey/media/jersey-media-jaxb/2.42/jersey-media-jaxb-2.42.jar:/home/runner/.m2/repository/org/glassfish/hk2/osgi-resource-locator/1.0.3/osgi-resource-locator-1.0.3.jar:/home/runner/.m2/repository/org/glassfish/hk2/hk2-api/2.6.1/hk2-api-2.6.1.jar:/home/runner/.m2/repository/org/glassfish/hk2/hk2-utils/2.6.1/hk2-utils-2.6.1.jar:/home/runner/.m2/repository/org/glassfish/hk2/external/aopalliance-repackaged/2.6.1/aopalliance-repackaged-2.6.1.jar:/home/runner/.m2/repository/com/fasterxml/jackson/dataformat/jackson-dataformat-xml/2.16.2/jackson-dataformat-xml-2.16.2.jar:/home/runner/.m2/repository/org/codehaus/woodstox/stax2-api/4.2.2/stax2-api-4.2.2.jar:/home/runner/.m2/repository/com/fasterxml/woodstox/woodstox-core/5.4.0/woodstox-core-5.4.0.jar:/home/runner/.m2/repository/com/fasterxml/jackson/module/jackson-module-jaxb-annotations/2.16.2/jackson-module-jaxb-annotations-2.16.2.jar:/home/runner/.m2/repository/javax/enterprise/cdi-api/2.0/cdi-api-2.0.jar:/home/runner/.m2/repository/javax/el/javax.el-api/3.0.0/javax.el-api-3.0.0.jar:/home/runner/.m2/repository/javax/interceptor/javax.interceptor-api/1.2/javax.interceptor-api-1.2.jar:/home/runner/.m2/repository/javax/inject/javax.inject/1/javax.inject-1.jar:/home/runner/.m2/repository/jakarta/xml/bind/jakarta.xml.bind-api/2.3.3/jakarta.xml.bind-api-2.3.3.jar:/home/runner/.m2/repository/org/glassfish/jaxb/jaxb-runtime/2.3.9/jaxb-runtime-2.3.9.jar:/home/runner/.m2/repository/org/glassfish/jaxb/txw2/2.3.9/txw2-2.3.9.jar:/home/runner/.m2/repository/com/sun/istack/istack-commons-runtime/3.0.12/istack-commons-runtime-3.0.12.jar:/home/runner/.m2/repository/com/sun/activation/jakarta.activation/1.2.2/jakarta.activation-1.2.2.jar:/home/runner/.m2/repository/jakarta/activation/jakarta.activation-api/1.2.2/jakarta.activation-api-1.2.2.jar:/home/runner/.m2/repository/io/grpc/grpc-protobuf/1.58.0/grpc-protobuf-1.58.0.jar:/home/runner/.m2/repository/com/google/api/grpc/proto-google-common-protos/2.22.0/proto-google-common-protos-2.22.0.jar:/home/runner/.m2/repository/io/grpc/grpc-protobuf-lite/1.58.0/grpc-protobuf-lite-1.58.0.jar:/home/runner/.m2/repository/io/grpc/grpc-stub/1.58.0/grpc-stub-1.58.0.jar:/home/runner/.m2/repository/io/netty/netty-transport/4.1.109.Final/netty-transport-4.1.109.Final.jar:/home/runner/.m2/repository/io/netty/netty-resolver/4.1.109.Final/netty-resolver-4.1.109.Final.jar:/home/runner/work/ozone/ozone/hadoop-ozone/csi/target/classes:/home/runner/.m2/repository/com/google/protobuf/protobuf-java-util/3.19.6/protobuf-java-util-3.19.6.jar:/home/runner/.m2/repository/com/google/code/gson/gson/2.10.1/gson-2.10.1.jar:/home/runner/work/ozone/ozone/hadoop-hdds/config/target/classes:/home/runner/.m2/repository/io/netty/netty-transport-native-epoll/4.1.109.Final/netty-transport-native-epoll-4.1.109.Final-linux-x86_64.jar:/home/runner/.m2/repository/io/netty/netty-transport-classes-epoll/4.1.109.Final/netty-transport-classes-epoll-4.1.109.Final.jar:/home/runner/.m2/repository/io/netty/netty-transport-native-unix-common/4.1.109.Final/netty-transport-native-unix-common-4.1.109.Final.jar:/home/runner/work/ozone/ozone/hadoop-ozone/recon/target/classes:/home/runner/work/ozone/ozone/hadoop-ozone/recon-codegen/target/classes:/home/runner/.m2/repository/com/google/inject/guice/6.0.0/guice-6.0.0.jar:/home/runner/.m2/repository/jakarta/inject/jakarta.inject-api/2.0.1/jakarta.inject-api-2.0.1.jar:/home/runner/.m2/repository/aopalliance/aopalliance/1.0/aopalliance-1.0.jar:/home/runner/.m2/repository/com/google/inject/extensions/guice-assistedinject/6.0.0/guice-assistedinject-6.0.0.jar:/home/runner/.m2/repository/com/google/inject/extensions/guice-servlet/6.0.0/guice-servlet-6.0.0.jar:/home/runner/.m2/repository/org/glassfish/jersey/containers/jersey-container-servlet/2.42/jersey-container-servlet-2.42.jar:/home/runner/.m2/repository/org/glassfish/hk2/guice-bridge/2.6.1/guice-bridge-2.6.1.jar:/home/runner/.m2/repository/org/glassfish/jersey/core/jersey-server/2.42/jersey-server-2.42.jar:/home/runner/.m2/repository/org/glassfish/jersey/core/jersey-client/2.42/jersey-client-2.42.jar:/home/runner/.m2/repository/jakarta/validation/jakarta.validation-api/2.0.2/jakarta.validation-api-2.0.2.jar:/home/runner/.m2/repository/org/glassfish/jersey/media/jersey-media-json-jackson/2.42/jersey-media-json-jackson-2.42.jar:/home/runner/.m2/repository/org/glassfish/jersey/ext/jersey-entity-filtering/2.42/jersey-entity-filtering-2.42.jar:/home/runner/.m2/repository/org/jooq/jooq/3.11.10/jooq-3.11.10.jar:/home/runner/.m2/repository/org/jooq/jooq-meta/3.11.10/jooq-meta-3.11.10.jar:/home/runner/.m2/repository/org/jooq/jooq-codegen/3.11.10/jooq-codegen-3.11.10.jar:/home/runner/.m2/repository/com/jolbox/bonecp/0.8.0.RELEASE/bonecp-0.8.0.RELEASE.jar:/home/runner/.m2/repository/org/apache/derby/derby/10.14.2.0/derby-10.14.2.0.jar:/home/runner/.m2/repository/org/xerial/sqlite-jdbc/3.44.1.0/sqlite-jdbc-3.44.1.0.jar:/home/runner/.m2/repository/org/springframework/spring-jdbc/5.3.34/spring-jdbc-5.3.34.jar:/home/runner/.m2/repository/org/springframework/spring-beans/5.3.34/spring-beans-5.3.34.jar:/home/runner/.m2/repository/org/springframework/spring-core/5.3.34/spring-core-5.3.34.jar:/home/runner/.m2/repository/org/springframework/spring-tx/5.3.34/spring-tx-5.3.34.jar:/home/runner/work/ozone/ozone/hadoop-ozone/client/target/classes:/home/runner/work/ozone/ozone/hadoop-hdds/erasurecode/target/classes:/home/runner/work/ozone/ozone/hadoop-ozone/ozonefs/target/classes:/home/runner/work/ozone/ozone/hadoop-ozone/ozonefs-common/target/classes:/home/runner/work/ozone/ozone/hadoop-ozone/tools/target/classes:/home/runner/.m2/repository/com/amazonaws/aws-java-sdk-core/1.12.661/aws-java-sdk-core-1.12.661.jar:/home/runner/.m2/repository/org/apache/httpcomponents/httpclient/4.5.14/httpclient-4.5.14.jar:/home/runner/.m2/repository/org/apache/httpcomponents/httpcore/4.4.16/httpcore-4.4.16.jar:/home/runner/.m2/repository/com/fasterxml/jackson/dataformat/jackson-dataformat-cbor/2.16.2/jackson-dataformat-cbor-2.16.2.jar:/home/runner/.m2/repository/joda-time/joda-time/2.12.7/joda-time-2.12.7.jar:/home/runner/.m2/repository/com/amazonaws/aws-java-sdk-s3/1.12.661/aws-java-sdk-s3-1.12.661.jar:/home/runner/.m2/repository/com/amazonaws/aws-java-sdk-kms/1.12.661/aws-java-sdk-kms-1.12.661.jar:/home/runner/.m2/repository/com/amazonaws/jmespath-java/1.12.661/jmespath-java-1.12.661.jar:/home/runner/.m2/repository/org/kohsuke/metainf-services/metainf-services/1.11/metainf-services-1.11.jar:/home/runner/work/ozone/ozone/hadoop-hdds/tools/target/classes:/home/runner/.m2/repository/org/apache/ratis/ratis-tools/3.0.1/ratis-tools-3.0.1.jar:/home/runner/.m2/repository/commons-cli/commons-cli/1.6.0/commons-cli-1.6.0.jar:/home/runner/.m2/repository/org/apache/commons/commons-lang3/3.14.0/commons-lang3-3.14.0.jar:/home/runner/work/ozone/ozone/hadoop-ozone/ozone-manager/target/test-classes:/home/runner/work/ozone/ozone/hadoop-hdds/common/target/test-classes:/home/runner/work/ozone/ozone/hadoop-hdds/hadoop-dependency-client/target/classes:/home/runner/.m2/repository/info/picocli/picocli/4.7.5/picocli-4.7.5.jar:/home/runner/.m2/repository/com/fasterxml/jackson/core/jackson-annotations/2.16.2/jackson-annotations-2.16.2.jar:/home/runner/work/ozone/ozone/hadoop-hdds/annotations/target/classes:/home/runner/.m2/repository/javax/annotation/javax.annotation-api/1.3.2/javax.annotation-api-1.3.2.jar:/home/runner/.m2/repository/org/apache/ratis/ratis-netty/3.0.1/ratis-netty-3.0.1.jar:/home/runner/.m2/repository/org/apache/ratis/ratis-grpc/3.0.1/ratis-grpc-3.0.1.jar:/home/runner/.m2/repository/org/bouncycastle/bcpkix-jdk18on/1.78.1/bcpkix-jdk18on-1.78.1.jar:/home/runner/.m2/repository/org/bouncycastle/bcutil-jdk18on/1.78.1/bcutil-jdk18on-1.78.1.jar:/home/runner/.m2/repository/commons-validator/commons-validator/1.6/commons-validator-1.6.jar:/home/runner/.m2/repository/commons-beanutils/commons-beanutils/1.9.4/commons-beanutils-1.9.4.jar:/home/runner/.m2/repository/commons-digester/commons-digester/1.8.1/commons-digester-1.8.1.jar:/home/runner/.m2/repository/commons-collections/commons-collections/3.2.2/commons-collections-3.2.2.jar:/home/runner/.m2/repository/io/jaegertracing/jaeger-client/1.8.1/jaeger-client-1.8.1.jar:/home/runner/.m2/repository/io/jaegertracing/jaeger-thrift/1.8.1/jaeger-thrift-1.8.1.jar:/home/runner/.m2/repository/org/apache/thrift/libthrift/0.15.0/libthrift-0.15.0.jar:/home/runner/.m2/repository/io/jaegertracing/jaeger-core/1.8.1/jaeger-core-1.8.1.jar:/home/runner/.m2/repository/io/jaegertracing/jaeger-tracerresolver/1.8.1/jaeger-tracerresolver-1.8.1.jar:/home/runner/.m2/repository/io/opentracing/contrib/opentracing-tracerresolver/0.1.8/opentracing-tracerresolver-0.1.8.jar:/home/runner/.m2/repository/org/jetbrains/kotlin/kotlin-stdlib/1.9.24/kotlin-stdlib-1.9.24.jar:/home/runner/.m2/repository/org/jetbrains/annotations/13.0/annotations-13.0.jar:/home/runner/.m2/repository/io/opentracing/opentracing-util/0.33.0/opentracing-util-0.33.0.jar:/home/runner/.m2/repository/io/opentracing/opentracing-api/0.33.0/opentracing-api-0.33.0.jar:/home/runner/.m2/repository/io/opentracing/opentracing-noop/0.33.0/opentracing-noop-0.33.0.jar:/home/runner/.m2/repository/org/yaml/snakeyaml/2.0/snakeyaml-2.0.jar:/home/runner/.m2/repository/io/grpc/grpc-api/1.58.0/grpc-api-1.58.0.jar:/home/runner/.m2/repository/org/junit/platform/junit-platform-launcher/1.10.2/junit-platform-launcher-1.10.2.jar:/home/runner/.m2/repository/org/junit/platform/junit-platform-engine/1.10.2/junit-platform-engine-1.10.2.jar:/home/runner/.m2/repository/org/apiguardian/apiguardian-api/1.1.2/apiguardian-api-1.1.2.jar:/home/runner/.m2/repository/org/apache/hadoop/hadoop-kms/3.3.6/hadoop-kms-3.3.6.jar:/home/runner/.m2/repository/org/apache/hadoop/hadoop-auth/3.3.6/hadoop-auth-3.3.6.jar:/home/runner/.m2/repository/org/apache/zookeeper/zookeeper/3.8.4/zookeeper-3.8.4.jar:/home/runner/.m2/repository/org/apache/zookeeper/zookeeper-jute/3.8.4/zookeeper-jute-3.8.4.jar:/home/runner/.m2/repository/org/apache/yetus/audience-annotations/0.12.0/audience-annotations-0.12.0.jar:/home/runner/.m2/repository/org/apache/curator/curator-framework/4.2.0/curator-framework-4.2.0.jar:/home/runner/.m2/repository/org/apache/hadoop/thirdparty/hadoop-shaded-guava/1.2.0/hadoop-shaded-guava-1.2.0.jar:/home/runner/.m2/repository/com/sun/jersey/jersey-core/1.19.4/jersey-core-1.19.4.jar:/home/runner/.m2/repository/javax/ws/rs/jsr311-api/1.1.1/jsr311-api-1.1.1.jar:/home/runner/.m2/repository/com/sun/jersey/jersey-server/1.19.4/jersey-server-1.19.4.jar:/home/runner/.m2/repository/javax/servlet/javax.servlet-api/3.1.0/javax.servlet-api-3.1.0.jar:/home/runner/.m2/repository/org/apache/hadoop/hadoop-common/3.3.6/hadoop-common-3.3.6.jar:/home/runner/.m2/repository/org/apache/commons/commons-math3/3.6.1/commons-math3-3.6.1.jar:/home/runner/.m2/repository/commons-net/commons-net/3.10.0/commons-net-3.10.0.jar:/home/runner/.m2/repository/com/sun/jersey/jersey-servlet/1.19.4/jersey-servlet-1.19.4.jar:/home/runner/.m2/repository/com/github/pjfanning/jersey-json/1.20/jersey-json-1.20.jar:/home/runner/.m2/repository/org/codehaus/jettison/jettison/1.1/jettison-1.1.jar:/home/runner/.m2/repository/com/sun/xml/bind/jaxb-impl/2.2.3-1/jaxb-impl-2.2.3-1.jar:/home/runner/.m2/repository/com/google/re2j/re2j/1.7/re2j-1.7.jar:/home/runner/.m2/repository/com/jcraft/jsch/0.1.55/jsch-0.1.55.jar:/home/runner/.m2/repository/org/apache/curator/curator-client/4.2.0/curator-client-4.2.0.jar:/home/runner/.m2/repository/org/apache/curator/curator-recipes/5.2.0/curator-recipes-5.2.0.jar:/home/runner/.m2/repository/com/google/code/findbugs/jsr305/3.0.2/jsr305-3.0.2.jar:/home/runner/.m2/repository/dnsjava/dnsjava/2.1.9/dnsjava-2.1.9.jar:/home/runner/.m2/repository/com/fasterxml/jackson/core/jackson-databind/2.16.2/jackson-databind-2.16.2.jar:/home/runner/.m2/repository/org/apache/hadoop/hadoop-kms/3.3.6/hadoop-kms-3.3.6-tests.jar:/home/runner/work/ozone/ozone/hadoop-hdds/server-scm/target/test-classes:/home/runner/work/ozone/ozone/hadoop-hdds/container-service/target/test-classes:/home/runner/.m2/repository/com/github/luben/zstd-jni/1.5.6-3/zstd-jni-1.5.6-3.jar:/home/runner/.m2/repository/commons-codec/commons-codec/1.17.0/commons-codec-1.17.0.jar:/home/runner/.m2/repository/io/netty/netty-codec/4.1.109.Final/netty-codec-4.1.109.Final.jar:/home/runner/.m2/repository/io/netty/netty-handler/4.1.109.Final/netty-handler-4.1.109.Final.jar:/home/runner/work/ozone/ozone/hadoop-hdds/hadoop-dependency-test/target/classes:/home/runner/.m2/repository/org/apache/hadoop/hadoop-common/3.3.6/hadoop-common-3.3.6-tests.jar:/home/runner/.m2/repository/org/apache/hadoop/hadoop-hdfs/3.3.6/hadoop-hdfs-3.3.6-tests.jar:/home/runner/.m2/repository/org/junit/jupiter/junit-jupiter-engine/5.10.2/junit-jupiter-engine-5.10.2.jar:/home/runner/.m2/repository/org/junit/jupiter/junit-jupiter-params/5.10.2/junit-jupiter-params-5.10.2.jar:/home/runner/.m2/repository/org/mockito/mockito-core/4.11.0/mockito-core-4.11.0.jar:/home/runner/.m2/repository/net/bytebuddy/byte-buddy/1.12.19/byte-buddy-1.12.19.jar:/home/runner/.m2/repository/net/bytebuddy/byte-buddy-agent/1.12.19/byte-buddy-agent-1.12.19.jar:/home/runner/.m2/repository/org/objenesis/objenesis/3.3/objenesis-3.3.jar:/home/runner/.m2/repository/org/mockito/mockito-inline/4.11.0/mockito-inline-4.11.0.jar:/home/runner/.m2/repository/org/mockito/mockito-junit-jupiter/4.11.0/mockito-junit-jupiter-4.11.0.jar:/home/runner/.m2/repository/org/apache/hadoop/hadoop-distcp/3.3.6/hadoop-distcp-3.3.6.jar:/home/runner/.m2/repository/org/apache/hadoop/hadoop-mapreduce-client-jobclient/3.3.6/hadoop-mapreduce-client-jobclient-3.3.6.jar:/home/runner/.m2/repository/org/apache/hadoop/hadoop-mapreduce-client-common/3.3.6/hadoop-mapreduce-client-common-3.3.6.jar:/home/runner/.m2/repository/org/apache/hadoop/hadoop-yarn-common/3.3.6/hadoop-yarn-common-3.3.6.jar:/home/runner/.m2/repository/org/apache/hadoop/hadoop-yarn-api/3.3.6/hadoop-yarn-api-3.3.6.jar:/home/runner/.m2/repository/javax/xml/bind/jaxb-api/2.2.11/jaxb-api-2.2.11.jar:/home/runner/.m2/repository/com/sun/jersey/contribs/jersey-guice/1.19.4/jersey-guice-1.19.4.jar:/home/runner/.m2/repository/com/fasterxml/jackson/jaxrs/jackson-jaxrs-json-provider/2.16.2/jackson-jaxrs-json-provider-2.16.2.jar:/home/runner/.m2/repository/com/fasterxml/jackson/jaxrs/jackson-jaxrs-base/2.16.2/jackson-jaxrs-base-2.16.2.jar:/home/runner/.m2/repository/org/apache/hadoop/hadoop-yarn-client/3.3.6/hadoop-yarn-client-3.3.6.jar:/home/runner/.m2/repository/org/eclipse/jetty/websocket/websocket-client/9.4.51.v20230217/websocket-client-9.4.51.v20230217.jar:/home/runner/.m2/repository/org/eclipse/jetty/websocket/websocket-common/9.4.51.v20230217/websocket-common-9.4.51.v20230217.jar:/home/runner/.m2/repository/org/eclipse/jetty/websocket/websocket-api/9.4.51.v20230217/websocket-api-9.4.51.v20230217.jar:/home/runner/.m2/repository/org/jline/jline/3.9.0/jline-3.9.0.jar:/home/runner/.m2/repository/org/apache/hadoop/hadoop-mapreduce-client-core/3.3.6/hadoop-mapreduce-client-core-3.3.6.jar:/home/runner/.m2/repository/org/apache/avro/avro/1.7.7/avro-1.7.7.jar:/home/runner/.m2/repository/com/thoughtworks/paranamer/paranamer/2.3/paranamer-2.3.jar:/home/runner/.m2/repository/org/apache/hadoop/hadoop-annotations/3.3.6/hadoop-annotations-3.3.6.jar:/home/runner/.m2/repository/io/netty/netty/3.10.6.Final/netty-3.10.6.Final.jar:/home/runner/.m2/repository/org/apache/hadoop/hadoop-distcp/3.3.6/hadoop-distcp-3.3.6-tests.jar:/home/runner/.m2/repository/org/hamcrest/hamcrest/2.2/hamcrest-2.2.jar:/home/runner/.m2/repository/org/slf4j/jul-to-slf4j/2.0.13/jul-to-slf4j-2.0.13.jar:/home/runner/work/ozone/ozone/hadoop-ozone/integration-test/target/gradle-enterprise/test-listeners.jar:"/>
    <property name="sun.cpu.endian" value="little"/>
    <property name="user.home" value="/home/runner"/>
    <property name="user.language" value="en"/>
    <property name="java.specification.vendor" value="Oracle Corporation"/>
    <property name="java.version.date" value="2024-04-16"/>
    <property name="java.home" value="/usr/lib/jvm/temurin-17-jdk-amd64"/>
    <property name="java.security.krb5.conf" value="/home/runner/work/ozone/ozone/hadoop-ozone/integration-test/target/test-classes/krb5.conf"/>
    <property name="file.separator" value="/"/>
    <property name="basedir" value="/home/runner/work/ozone/ozone/hadoop-ozone/integration-test"/>
    <property name="java.vm.compressedOopsMode" value="Zero based"/>
    <property name="line.separator" value="&#10;"/>
    <property name="java.vm.specification.vendor" value="Oracle Corporation"/>
    <property name="java.specification.name" value="Java Platform API Specification"/>
    <property name="skip.installnpx" value="true"/>
    <property name="surefire.real.class.path" value="/home/runner/work/ozone/ozone/hadoop-ozone/integration-test/target/surefire/surefirebooter12554616440669299915.jar"/>
    <property name="hadoop.log.dir" value="/home/runner/work/ozone/ozone/hadoop-ozone/integration-test/target/log"/>
    <property name="sun.management.compiler" value="HotSpot 64-Bit Tiered Compilers"/>
    <property name="java.runtime.version" value="17.0.11+9"/>
    <property name="skip.npx" value="true"/>
    <property name="user.name" value="runner"/>
    <property name="java.net.preferIPv4Stack" value="true"/>
    <property name="path.separator" value=":"/>
    <property name="java.security.egd" value="file:///dev/urandom"/>
    <property name="os.version" value="5.15.0-1064-azure"/>
    <property name="java.runtime.name" value="OpenJDK Runtime Environment"/>
    <property name="com.gradle.maven.scan.extension.test.listener.junitplatform.NestedExecutionSafeDelegatingTestExecutionListener" value="71238fc2"/>
    <property name="file.encoding" value="UTF-8"/>
    <property name="java.vm.name" value="OpenJDK 64-Bit Server VM"/>
    <property name="java.vendor.version" value="Temurin-17.0.11+9"/>
    <property name="test.build.webapps" value=""/>
    <property name="log4j1.compatibility" value="true"/>
    <property name="gradle.enterprise.listener.port" value="38535"/>
    <property name="localRepository" value="/home/runner/.m2/repository"/>
    <property name="java.vendor.url.bug" value="https://github.com/adoptium/adoptium-support/issues"/>
    <property name="jetty.git.hash" value="cef3fbd6d736a21e7d541a5db490381d95a2047d"/>
    <property name="java.io.tmpdir" value="/tmp"/>
    <property name="require.test.libhadoop" value=""/>
    <property name="java.version" value="17.0.11"/>
    <property name="user.dir" value="/home/runner/work/ozone/ozone/hadoop-ozone/integration-test"/>
    <property name="os.arch" value="amd64"/>
    <property name="java.vm.specification.name" value="Java Virtual Machine Specification"/>
    <property name="test.build.classes" value="/home/runner/work/ozone/ozone/hadoop-ozone/integration-test/target/test-classes"/>
    <property name="org.apache.ratis.thirdparty.io.netty.allocator.useCacheForAllThreads" value="false"/>
    <property name="native.encoding" value="UTF-8"/>
    <property name="hadoop.tmp.dir" value="/home/runner/work/ozone/ozone/hadoop-ozone/integration-test/target/tmp"/>
    <property name="java.library.path" value="/usr/java/packages/lib:/usr/lib64:/lib64:/lib:/usr/lib"/>
    <property name="java.vm.info" value="mixed mode, sharing"/>
    <property name="java.vendor" value="Eclipse Adoptium"/>
    <property name="java.vm.version" value="17.0.11+9"/>
    <property name="sun.io.unicode.encoding" value="UnicodeLittle"/>
    <property name="java.class.version" value="61.0"/>
    <property name="kms.config.dir" value="/home/runner/work/ozone/ozone/hadoop-ozone/integration-test/target/test-dir/TestSecureOzoneRpcClient/c55eb437-cc81-4611-ba50-27cacb919808"/>
  </properties>
  <testcase name="testPutKeyWithEncryption(BucketLayout)[1]" classname="org.apache.hadoop.ozone.client.rpc.TestOzoneAtRestEncryption" time="1.546">
    <error type="org.apache.hadoop.hdds.scm.container.common.helpers.StorageContainerException"><![CDATA[org.apache.hadoop.hdds.scm.container.common.helpers.StorageContainerException: Unable to find the block with bcsID 3. Container 3 bcsId is 1.
	at org.apache.hadoop.hdds.scm.storage.ContainerProtocolCalls.validateContainerResponse(ContainerProtocolCalls.java:746)
	at org.apache.hadoop.hdds.scm.storage.ContainerProtocolCalls.lambda$createValidators$4(ContainerProtocolCalls.java:757)
	at org.apache.hadoop.hdds.scm.XceiverClientGrpc.sendCommandWithRetry(XceiverClientGrpc.java:409)
	at org.apache.hadoop.hdds.scm.XceiverClientGrpc.lambda$sendCommandWithTraceIDAndRetry$0(XceiverClientGrpc.java:343)
	at org.apache.hadoop.hdds.tracing.TracingUtil.executeInSpan(TracingUtil.java:169)
	at org.apache.hadoop.hdds.tracing.TracingUtil.executeInNewSpan(TracingUtil.java:159)
	at org.apache.hadoop.hdds.scm.XceiverClientGrpc.sendCommandWithTraceIDAndRetry(XceiverClientGrpc.java:338)
	at org.apache.hadoop.hdds.scm.XceiverClientGrpc.sendCommand(XceiverClientGrpc.java:319)
	at org.apache.hadoop.hdds.scm.storage.ContainerProtocolCalls.getBlock(ContainerProtocolCalls.java:234)
	at org.apache.hadoop.hdds.scm.storage.ContainerProtocolCalls.lambda$getBlock$0(ContainerProtocolCalls.java:208)
	at org.apache.hadoop.hdds.scm.storage.ContainerProtocolCalls.tryEachDatanode(ContainerProtocolCalls.java:157)
	at org.apache.hadoop.hdds.scm.storage.ContainerProtocolCalls.getBlock(ContainerProtocolCalls.java:207)
	at org.apache.hadoop.hdds.scm.storage.BlockInputStream.getChunkInfoListUsingClient(BlockInputStream.java:264)
	at org.apache.hadoop.hdds.scm.storage.BlockInputStream.getChunkInfoList(BlockInputStream.java:239)
	at org.apache.hadoop.hdds.scm.storage.BlockInputStream.initialize(BlockInputStream.java:155)
	at org.apache.hadoop.hdds.scm.storage.BlockInputStream.readWithStrategy(BlockInputStream.java:347)
	at org.apache.hadoop.hdds.scm.storage.ExtendedInputStream.read(ExtendedInputStream.java:66)
	at org.apache.hadoop.hdds.scm.storage.ByteBufferReader.readFromBlock(ByteBufferReader.java:56)
	at org.apache.hadoop.hdds.scm.storage.MultipartInputStream.readWithStrategy(MultipartInputStream.java:96)
	at org.apache.hadoop.hdds.scm.storage.ExtendedInputStream.read(ExtendedInputStream.java:66)
	at org.apache.hadoop.crypto.CryptoInputStream.read(CryptoInputStream.java:189)
	at org.apache.hadoop.ozone.client.io.OzoneInputStream.read(OzoneInputStream.java:56)
	at java.base/java.io.InputStream.read(InputStream.java:218)
	at org.apache.hadoop.ozone.client.rpc.TestOzoneAtRestEncryption.verifyKeyData(TestOzoneAtRestEncryption.java:336)
	at org.apache.hadoop.ozone.client.rpc.TestOzoneAtRestEncryption.createAndVerifyStreamKeyData(TestOzoneAtRestEncryption.java:273)
	at org.apache.hadoop.ozone.client.rpc.TestOzoneAtRestEncryption.testPutKeyWithEncryption(TestOzoneAtRestEncryption.java:239)
	at java.base/java.lang.reflect.Method.invoke(Method.java:568)
	at java.base/java.util.stream.ForEachOps$ForEachOp$OfRef.accept(ForEachOps.java:183)
	at java.base/java.util.stream.ReferencePipeline$3$1.accept(ReferencePipeline.java:197)
	at java.base/java.util.stream.ReferencePipeline$2$1.accept(ReferencePipeline.java:179)
	at java.base/java.util.stream.ReferencePipeline$3$1.accept(ReferencePipeline.java:197)
	at java.base/java.util.stream.ForEachOps$ForEachOp$OfRef.accept(ForEachOps.java:183)
	at java.base/java.util.stream.ReferencePipeline$3$1.accept(ReferencePipeline.java:197)
	at java.base/java.util.stream.ReferencePipeline$3$1.accept(ReferencePipeline.java:197)
	at java.base/java.util.stream.ReferencePipeline$3$1.accept(ReferencePipeline.java:197)
	at java.base/java.util.stream.ForEachOps$ForEachOp$OfRef.accept(ForEachOps.java:183)
	at java.base/java.util.stream.ReferencePipeline$3$1.accept(ReferencePipeline.java:197)
	at java.base/java.util.Iterator.forEachRemaining(Iterator.java:133)
	at java.base/java.util.Spliterators$IteratorSpliterator.forEachRemaining(Spliterators.java:1845)
	at java.base/java.util.stream.AbstractPipeline.copyInto(AbstractPipeline.java:509)
	at java.base/java.util.stream.AbstractPipeline.wrapAndCopyInto(AbstractPipeline.java:499)
	at java.base/java.util.stream.ForEachOps$ForEachOp.evaluateSequential(ForEachOps.java:150)
	at java.base/java.util.stream.ForEachOps$ForEachOp$OfRef.evaluateSequential(ForEachOps.java:173)
	at java.base/java.util.stream.AbstractPipeline.evaluate(AbstractPipeline.java:234)
	at java.base/java.util.stream.ReferencePipeline.forEach(ReferencePipeline.java:596)
	at java.base/java.util.stream.ReferencePipeline$7$1.accept(ReferencePipeline.java:276)
	at java.base/java.util.stream.ReferencePipeline$3$1.accept(ReferencePipeline.java:197)
	at java.base/java.util.stream.ReferencePipeline$3$1.accept(ReferencePipeline.java:197)
	at java.base/java.util.stream.ReferencePipeline$3$1.accept(ReferencePipeline.java:197)
	at java.base/java.util.ArrayList$ArrayListSpliterator.forEachRemaining(ArrayList.java:1625)
	at java.base/java.util.stream.AbstractPipeline.copyInto(AbstractPipeline.java:509)
	at java.base/java.util.stream.AbstractPipeline.wrapAndCopyInto(AbstractPipeline.java:499)
	at java.base/java.util.stream.ForEachOps$ForEachOp.evaluateSequential(ForEachOps.java:150)
	at java.base/java.util.stream.ForEachOps$ForEachOp$OfRef.evaluateSequential(ForEachOps.java:173)
	at java.base/java.util.stream.AbstractPipeline.evaluate(AbstractPipeline.java:234)
	at java.base/java.util.stream.ReferencePipeline.forEach(ReferencePipeline.java:596)
	at java.base/java.util.stream.ReferencePipeline$7$1.accept(ReferencePipeline.java:276)
	at java.base/java.util.ArrayList$ArrayListSpliterator.forEachRemaining(ArrayList.java:1625)
	at java.base/java.util.stream.AbstractPipeline.copyInto(AbstractPipeline.java:509)
	at java.base/java.util.stream.AbstractPipeline.wrapAndCopyInto(AbstractPipeline.java:499)
	at java.base/java.util.stream.ForEachOps$ForEachOp.evaluateSequential(ForEachOps.java:150)
	at java.base/java.util.stream.ForEachOps$ForEachOp$OfRef.evaluateSequential(ForEachOps.java:173)
	at java.base/java.util.stream.AbstractPipeline.evaluate(AbstractPipeline.java:234)
	at java.base/java.util.stream.ReferencePipeline.forEach(ReferencePipeline.java:596)
	at java.base/java.util.ArrayList.forEach(ArrayList.java:1511)
	at java.base/java.util.ArrayList.forEach(ArrayList.java:1511)
]]></error>
    <system-out><![CDATA[2024-05-24 07:48:38,506 [main] INFO  util.log (Log.java:initialized(170)) - Logging initialized @1586ms to org.eclipse.jetty.util.log.Slf4jLog
2024-05-24 07:48:38,637 [main] INFO  http.HttpRequestLog (HttpRequestLog.java:getRequestLog(82)) - Http request log for http.requests.kms is not defined
2024-05-24 07:48:38,645 [main] INFO  http.HttpServer2 (HttpServer2.java:addGlobalFilter(1124)) - Added global filter 'safety' (class=org.apache.hadoop.http.HttpServer2$QuotingInputFilter)
2024-05-24 07:48:38,649 [main] INFO  http.HttpServer2 (HttpServer2.java:addFilter(1097)) - Added filter static_user_filter (class=org.apache.hadoop.http.lib.StaticUserWebFilter$StaticUserFilter) to context kms
2024-05-24 07:48:38,650 [main] INFO  http.HttpServer2 (HttpServer2.java:addFilter(1107)) - Added filter static_user_filter (class=org.apache.hadoop.http.lib.StaticUserWebFilter$StaticUserFilter) to context logs
2024-05-24 07:48:38,651 [main] INFO  http.HttpServer2 (HttpServer2.java:addFilter(1107)) - Added filter static_user_filter (class=org.apache.hadoop.http.lib.StaticUserWebFilter$StaticUserFilter) to context static
2024-05-24 07:48:38,676 [main] INFO  http.HttpServer2 (HttpServer2.java:bindListener(1357)) - Jetty bound to port 45691
2024-05-24 07:48:38,678 [main] INFO  server.Server (Server.java:doStart(375)) - jetty-9.4.54.v20240208; built: 2024-02-08T19:42:39.027Z; git: cef3fbd6d736a21e7d541a5db490381d95a2047d; jvm 17.0.11+9
2024-05-24 07:48:38,700 [main] INFO  server.session (DefaultSessionIdManager.java:doStart(334)) - DefaultSessionIdManager workerName=node0
2024-05-24 07:48:38,701 [main] INFO  server.session (DefaultSessionIdManager.java:doStart(339)) - No SessionScavenger set, using defaults
2024-05-24 07:48:38,703 [main] INFO  server.session (HouseKeeper.java:startScavenging(132)) - node0 Scavenging every 660000ms
2024-05-24 07:48:38,711 [main] INFO  handler.ContextHandler (ContextHandler.java:doStart(921)) - Started o.e.j.s.ServletContextHandler@6f7e336b{logs,/logs,file:///home/runner/work/ozone/ozone/hadoop-ozone/integration-test/target/log,AVAILABLE}
2024-05-24 07:48:38,713 [main] INFO  handler.ContextHandler (ContextHandler.java:doStart(921)) - Started o.e.j.s.ServletContextHandler@7428de63{static,/static,jar:file:/home/runner/.m2/repository/org/apache/hadoop/hadoop-kms/3.3.6/hadoop-kms-3.3.6.jar!/webapps/static,AVAILABLE}
2024-05-24 07:48:38,800 [main] INFO  server.KMSWebApp (KMSWebApp.java:contextInitialized(94)) - -------------------------------------------------------------
2024-05-24 07:48:38,801 [main] INFO  server.KMSWebApp (KMSWebApp.java:contextInitialized(95)) -   Java runtime version : 17.0.11+9
2024-05-24 07:48:38,801 [main] INFO  server.KMSWebApp (KMSWebApp.java:contextInitialized(97)) -   User: runner
2024-05-24 07:48:38,805 [main] INFO  server.KMSWebApp (KMSWebApp.java:contextInitialized(98)) -   KMS Hadoop Version: 3.3.6
2024-05-24 07:48:38,805 [main] INFO  server.KMSWebApp (KMSWebApp.java:contextInitialized(99)) - -------------------------------------------------------------
2024-05-24 07:48:38,826 [main] INFO  server.KMSACLs (KMSACLs.java:setKMSACLs(107)) - 'CREATE' ACL '*'
2024-05-24 07:48:38,826 [main] INFO  server.KMSACLs (KMSACLs.java:setKMSACLs(107)) - 'DELETE' ACL '*'
2024-05-24 07:48:38,827 [main] INFO  server.KMSACLs (KMSACLs.java:setKMSACLs(107)) - 'ROLLOVER' ACL '*'
2024-05-24 07:48:38,827 [main] INFO  server.KMSACLs (KMSACLs.java:setKMSACLs(107)) - 'GET' ACL '*'
2024-05-24 07:48:38,828 [main] INFO  server.KMSACLs (KMSACLs.java:setKMSACLs(107)) - 'GET_KEYS' ACL '*'
2024-05-24 07:48:38,828 [main] INFO  server.KMSACLs (KMSACLs.java:setKMSACLs(107)) - 'GET_METADATA' ACL '*'
2024-05-24 07:48:38,829 [main] INFO  server.KMSACLs (KMSACLs.java:setKMSACLs(107)) - 'SET_KEY_MATERIAL' ACL '*'
2024-05-24 07:48:38,830 [main] INFO  server.KMSACLs (KMSACLs.java:setKMSACLs(107)) - 'GENERATE_EEK' ACL '*'
2024-05-24 07:48:38,830 [main] INFO  server.KMSACLs (KMSACLs.java:setKMSACLs(107)) - 'DECRYPT_EEK' ACL '*'
2024-05-24 07:48:38,832 [main] INFO  server.KMSACLs (KMSACLs.java:parseAclsWithPrefix(185)) - default.key.acl. for KEY_OP 'READ' is set to '*'
2024-05-24 07:48:38,832 [main] INFO  server.KMSACLs (KMSACLs.java:parseAclsWithPrefix(185)) - default.key.acl. for KEY_OP 'MANAGEMENT' is set to '*'
2024-05-24 07:48:38,833 [main] INFO  server.KMSACLs (KMSACLs.java:parseAclsWithPrefix(185)) - default.key.acl. for KEY_OP 'GENERATE_EEK' is set to '*'
2024-05-24 07:48:38,833 [main] INFO  server.KMSACLs (KMSACLs.java:parseAclsWithPrefix(185)) - default.key.acl. for KEY_OP 'DECRYPT_EEK' is set to '*'
2024-05-24 07:48:38,910 [main] INFO  server.KMSAudit (KMSAudit.java:initializeAuditLoggers(157)) - Initializing audit logger class org.apache.hadoop.crypto.key.kms.server.SimpleKMSAuditLogger
2024-05-24 07:48:39,052 [main] INFO  server.KMSWebApp (KMSWebApp.java:contextInitialized(149)) - Initialized KeyProvider CachingKeyProvider: jceks://file@/home/runner/work/ozone/ozone/hadoop-ozone/integration-test/target/test-dir/TestSecureOzoneRpcClient/c55eb437-cc81-4611-ba50-27cacb919808/kms.keystore
2024-05-24 07:48:39,059 [main] INFO  server.KMSWebApp (KMSWebApp.java:contextInitialized(163)) - Initialized KeyProviderCryptoExtension org.apache.hadoop.crypto.key.kms.server.KeyAuthorizationKeyProvider: EagerKeyGeneratorKeyProviderCryptoExtension: KeyProviderCryptoExtension: CachingKeyProvider: jceks://file@/home/runner/work/ozone/ozone/hadoop-ozone/integration-test/target/test-dir/TestSecureOzoneRpcClient/c55eb437-cc81-4611-ba50-27cacb919808/kms.keystore
2024-05-24 07:48:39,060 [main] INFO  server.KMSWebApp (KMSWebApp.java:contextInitialized(168)) - Default key bitlength is 128
2024-05-24 07:48:39,060 [main] INFO  server.KMSWebApp (KMSWebApp.java:contextInitialized(169)) - KMS Started
2024-05-24 07:48:39,091 [main] INFO  delegation.AbstractDelegationTokenSecretManager (AbstractDelegationTokenSecretManager.java:updateCurrentKey(415)) - Updating the current master key for generating delegation tokens
2024-05-24 07:48:39,104 [Thread[Thread-13,5,main]] INFO  delegation.AbstractDelegationTokenSecretManager (AbstractDelegationTokenSecretManager.java:run(797)) - Starting expired delegation token remover thread, tokenRemoverScanInterval=60 min(s)
2024-05-24 07:48:39,105 [Thread[Thread-13,5,main]] INFO  delegation.AbstractDelegationTokenSecretManager (AbstractDelegationTokenSecretManager.java:updateCurrentKey(415)) - Updating the current master key for generating delegation tokens
2024-05-24 07:48:39,143 [main] INFO  core.PackagesResourceConfig (PackagesResourceConfig.java:init(101)) - Scanning for root resource and provider classes in the packages:
  org.apache.hadoop.crypto.key.kms.server
2024-05-24 07:48:39,182 [main] INFO  core.ScanningResourceConfig (ScanningResourceConfig.java:logClasses(153)) - Root resource classes found:
  class org.apache.hadoop.crypto.key.kms.server.KMS
2024-05-24 07:48:39,183 [main] INFO  core.ScanningResourceConfig (ScanningResourceConfig.java:logClasses(153)) - Provider classes found:
  class org.apache.hadoop.crypto.key.kms.server.KMSJSONWriter
  class org.apache.hadoop.crypto.key.kms.server.KMSExceptionsProvider
  class org.apache.hadoop.crypto.key.kms.server.KMSJSONReader
2024-05-24 07:48:39,280 [main] INFO  application.WebApplicationImpl (WebApplicationImpl.java:_initiate(815)) - Initiating Jersey application, version 'Jersey: 1.19.4 05/24/2017 03:20 PM'
2024-05-24 07:48:39,889 [main] INFO  handler.ContextHandler (ContextHandler.java:doStart(921)) - Started o.e.j.w.WebAppContext@6aae0e6f{kms,/,file:///home/runner/work/ozone/ozone/hadoop-ozone/integration-test/target/tmp/kms/webapp/,AVAILABLE}{jar:file:/home/runner/.m2/repository/org/apache/hadoop/hadoop-kms/3.3.6/hadoop-kms-3.3.6.jar!/webapps/kms}
2024-05-24 07:48:39,896 [main] INFO  server.AbstractConnector (AbstractConnector.java:doStart(333)) - Started ServerConnector@460510aa{HTTP/1.1, (http/1.1)}{localhost:45691}
2024-05-24 07:48:39,897 [main] INFO  server.Server (Server.java:doStart(415)) - Started @2978ms
2024-05-24 07:48:39,936 [main] WARN  impl.MetricsConfig (MetricsConfig.java:loadFirst(136)) - Cannot locate configuration: tried hadoop-metrics2-kms.properties,hadoop-metrics2.properties
2024-05-24 07:48:39,945 [main] INFO  impl.MetricsSystemImpl (MetricsSystemImpl.java:startTimer(378)) - Scheduled Metric snapshot period at 10 second(s).
2024-05-24 07:48:39,946 [main] INFO  impl.MetricsSystemImpl (MetricsSystemImpl.java:start(191)) - KMS metrics system started
2024-05-24 07:48:39,963 [org.apache.hadoop.util.JvmPauseMonitor$Monitor@716f94c1] INFO  util.JvmPauseMonitor (JvmPauseMonitor.java:run(188)) - Starting JVM pause monitor
2024-05-24 07:48:40,166 [main] INFO  audit.AuditLogger (AuditLogger.java:refreshDebugCmdSet(135)) - Refresh DebugCmdSet for OMAudit to [].
2024-05-24 07:48:41,248 [main] INFO  utils.SelfSignedCertificate (SelfSignedCertificate.java:generateCertificate(157)) - Certificate 1 is issued by CN=rootCA@localhost,OU=scm1,O=cluster1,SERIALNUMBER=1 to CN=rootCA@localhost,OU=scm1,O=cluster1,SERIALNUMBER=1, valid from Fri May 24 07:48:41 UTC 2024 to Mon Jul 02 07:48:41 UTC 2029
2024-05-24 07:48:41,272 [main] INFO  authority.DefaultApprover (DefaultApprover.java:sign(157)) - Extensions in CSR: 2.5.29.15
2024-05-24 07:48:41,273 [main] INFO  authority.DefaultApprover (DefaultApprover.java:sign(161)) - Extensions to add to the certificate if they present in CSR: 2.5.29.15, 2.5.29.17, 2.5.29.35, 2.5.29.37, 1.3.6.1.5.5.7.1.12
2024-05-24 07:48:41,314 [main] INFO  ssl.ReloadingX509KeyManager (ReloadingX509KeyManager.java:loadKeyManager(222)) - Key manager is loaded with certificate chain
2024-05-24 07:48:41,317 [main] INFO  ssl.ReloadingX509KeyManager (ReloadingX509KeyManager.java:loadKeyManager(224)) - [
[
  Version: V3
  Subject: SERIALNUMBER=1048288029488, O=cluster1, OU=scm1, CN=localhost
  Signature Algorithm: SHA256withRSA, OID = 1.2.840.113549.1.1.11

  Key:  Sun RSA public key, 2048 bits
  params: null
  modulus: 22961803944732927431711542135734604892794296789389076497681511837723601553442823354670788378293930341928077815196349630335566630139920416078100552418339687317664662160194653302396332043037195165810997161404169172763361135629013557991509411659084006530159948928516313950733021195038470097670476801142014537028538070447373735830968517090218341606719241302036235507251457905771446604721603163375251721641217589319230214043931069192380293119176673156378493273012668049042515380839320658448750115479920345975708802890528330046540056137069697940442959827637809067426406296611732537152725560389235069047136297256589773888391
  public exponent: 65537
  Validity: [From: Fri May 24 07:48:41 UTC 2024,
               To: Sat May 24 07:48:41 UTC 2025]
  Issuer: SERIALNUMBER=1, O=cluster1, OU=scm1, CN=rootCA@localhost
  SerialNumber: [    f412d5eb 30]

Certificate Extensions: 1
[1]: ObjectId: 2.5.29.15 Criticality=true
KeyUsage [
  DigitalSignature
  Key_Encipherment
  Data_Encipherment
  Key_Agreement
]

]
  Algorithm: [SHA256withRSA]
  Signature:
0000: 1C 44 AF D0 54 B9 D1 1A   04 2F D0 2C 9A 66 B7 F0  .D..T..../.,.f..
0010: 0C 1F EF 4D 92 93 BB 27   2E 11 E7 32 31 61 8C 4D  ...M...'...21a.M
0020: 77 35 AA 0F 17 F6 B6 34   57 91 DC EA FF 3F 64 78  w5.....4W....?dx
0030: 7C 57 51 1B 73 C7 25 F8   3D ED CB 8F 2B 06 3B 27  .WQ.s.%.=...+.;'
0040: 6A 4E 22 E8 73 A2 E1 1D   75 4F EE AD 46 3E 5F 15  jN".s...uO..F>_.
0050: 26 D5 14 43 EC E6 2F 22   A0 79 6B 4B DA 95 CA 83  &..C../".ykK....
0060: F9 94 2F CC 6E 7A 06 07   7A 15 72 AD 28 AB 0B 49  ../.nz..z.r.(..I
0070: 41 59 AE E6 B2 FC 8C A9   2C 1B 50 E3 3B 7D F6 64  AY......,.P.;..d
0080: 02 A7 26 82 50 E8 2B 46   E9 2C AB 12 27 D4 97 F7  ..&.P.+F.,..'...
0090: 95 5F DF 9D 0F 07 C1 8E   8F D8 5E DB 3C 04 64 CC  ._........^.<.d.
00A0: 79 76 DC 48 C2 60 B8 54   F0 E7 E0 07 1D 42 CF B1  yv.H.`.T.....B..
00B0: 24 63 9D D0 2C 10 27 1F   0A 34 C0 DE 4D 9D 49 2E  $c..,.'..4..M.I.
00C0: A5 FE 3E A4 31 E7 E6 86   13 09 47 0F C7 56 8E 27  ..>.1.....G..V.'
00D0: B0 2E B4 6A 3E C8 A4 A0   54 3B 37 05 F0 89 01 24  ...j>...T;7....$
00E0: A2 CA 31 B5 55 EC C7 C5   18 14 9A 68 1E F6 DE 11  ..1.U......h....
00F0: 4D EC CB 1D 77 08 8F 18   6F 9A 56 7F D2 77 FA CD  M...w...o.V..w..

]
2024-05-24 07:48:41,319 [main] INFO  ssl.ReloadingX509KeyManager (ReloadingX509KeyManager.java:loadKeyManager(224)) - [
[
  Version: V3
  Subject: SERIALNUMBER=1, O=cluster1, OU=scm1, CN=rootCA@localhost
  Signature Algorithm: SHA256withRSA, OID = 1.2.840.113549.1.1.11

  Key:  Sun RSA public key, 2048 bits
  params: null
  modulus: 20810383900058787323332528548399708146103172224951008982911703516950829902988023568794737112446688113859121134983267811306983397825558268106756715545206298819572074183252060840925703178750543914638504803336836464230803386312180681772991525734360260428273973421140545122349549743560050026660209143546747788412349824609591239539198998707254396230823345601395269725118037100186133380053421423009847369535937797294043645547216029867365662424413860748781386742469342789721515041943766670098047249662530136303465681937387899688807344662225343177099595362172875232570596512828528875944745731023684869188307573947761474955733
  public exponent: 65537
  Validity: [From: Fri May 24 07:48:41 UTC 2024,
               To: Mon Jul 02 07:48:41 UTC 2029]
  Issuer: SERIALNUMBER=1, O=cluster1, OU=scm1, CN=rootCA@localhost
  SerialNumber: [    01]

Certificate Extensions: 2
[1]: ObjectId: 2.5.29.19 Criticality=true
BasicConstraints:[
  CA:true
  PathLen: no limit
]

[2]: ObjectId: 2.5.29.15 Criticality=true
KeyUsage [
  Key_CertSign
  Crl_Sign
]

]
  Algorithm: [SHA256withRSA]
  Signature:
0000: 9F 4E 14 22 E4 6C 4D EA   BC 89 14 BE 6A FE 79 53  .N.".lM.....j.yS
0010: 10 E8 B5 1D 12 11 96 7A   C4 08 82 68 C6 DB C1 B4  .......z...h....
0020: BD DC DA E4 7E 45 C3 A0   5B 16 48 41 C2 18 BD 71  .....E..[.HA...q
0030: 31 97 9F 46 60 27 8A 8B   6A 38 57 8C CD 43 CE 27  1..F`'..j8W..C.'
0040: FA FC 44 B7 11 A4 8D BF   7B B4 CD 32 98 3B 1E C0  ..D........2.;..
0050: 0D B6 62 C5 9E 88 88 DD   10 8B BE 18 01 FC B3 06  ..b.............
0060: 6D BC E1 CE FB D9 C4 18   35 0D D1 A7 60 78 21 F8  m.......5...`x!.
0070: B4 DA AC 9D 57 6B 1A 41   03 BF 2F BC 0E 58 E4 BC  ....Wk.A../..X..
0080: D0 0F C4 6A F6 12 EB E5   48 E3 A8 93 54 30 08 8F  ...j....H...T0..
0090: E6 47 C1 E4 2B 79 1F 75   8D 30 1F FD DB 0F 92 34  .G..+y.u.0.....4
00A0: 80 C8 34 DF B7 FB 62 83   9A 16 1C DB 06 8E 01 0A  ..4...b.........
00B0: F8 6F C0 21 74 66 CD AA   6E E5 7F 52 4E A7 E0 F7  .o.!tf..n..RN...
00C0: 31 B1 AF 06 9C 76 92 CA   9A 9F 22 55 DA 4E AC CA  1....v...."U.N..
00D0: 5F 3B 7C 82 82 A2 21 DA   C6 5B AC 18 BA 88 1A B8  _;....!..[......
00E0: F2 96 02 C9 8D FB CB D7   ED 27 A6 87 B9 D8 A3 C9  .........'......
00F0: F1 F1 39 F5 F6 1F 13 86   1B D0 7E 78 18 3B FA 81  ..9........x.;..

]
2024-05-24 07:48:41,331 [main] INFO  ssl.ReloadingX509TrustManager (ReloadingX509TrustManager.java:insertCertsToKeystore(188)) - Trust manager is loaded with certificates
2024-05-24 07:48:41,332 [main] INFO  ssl.ReloadingX509TrustManager (ReloadingX509TrustManager.java:insertCertsToKeystore(192)) - [
[
  Version: V3
  Subject: SERIALNUMBER=1, O=cluster1, OU=scm1, CN=rootCA@localhost
  Signature Algorithm: SHA256withRSA, OID = 1.2.840.113549.1.1.11

  Key:  Sun RSA public key, 2048 bits
  params: null
  modulus: 20810383900058787323332528548399708146103172224951008982911703516950829902988023568794737112446688113859121134983267811306983397825558268106756715545206298819572074183252060840925703178750543914638504803336836464230803386312180681772991525734360260428273973421140545122349549743560050026660209143546747788412349824609591239539198998707254396230823345601395269725118037100186133380053421423009847369535937797294043645547216029867365662424413860748781386742469342789721515041943766670098047249662530136303465681937387899688807344662225343177099595362172875232570596512828528875944745731023684869188307573947761474955733
  public exponent: 65537
  Validity: [From: Fri May 24 07:48:41 UTC 2024,
               To: Mon Jul 02 07:48:41 UTC 2029]
  Issuer: SERIALNUMBER=1, O=cluster1, OU=scm1, CN=rootCA@localhost
  SerialNumber: [    01]

Certificate Extensions: 2
[1]: ObjectId: 2.5.29.19 Criticality=true
BasicConstraints:[
  CA:true
  PathLen: no limit
]

[2]: ObjectId: 2.5.29.15 Criticality=true
KeyUsage [
  Key_CertSign
  Crl_Sign
]

]
  Algorithm: [SHA256withRSA]
  Signature:
0000: 9F 4E 14 22 E4 6C 4D EA   BC 89 14 BE 6A FE 79 53  .N.".lM.....j.yS
0010: 10 E8 B5 1D 12 11 96 7A   C4 08 82 68 C6 DB C1 B4  .......z...h....
0020: BD DC DA E4 7E 45 C3 A0   5B 16 48 41 C2 18 BD 71  .....E..[.HA...q
0030: 31 97 9F 46 60 27 8A 8B   6A 38 57 8C CD 43 CE 27  1..F`'..j8W..C.'
0040: FA FC 44 B7 11 A4 8D BF   7B B4 CD 32 98 3B 1E C0  ..D........2.;..
0050: 0D B6 62 C5 9E 88 88 DD   10 8B BE 18 01 FC B3 06  ..b.............
0060: 6D BC E1 CE FB D9 C4 18   35 0D D1 A7 60 78 21 F8  m.......5...`x!.
0070: B4 DA AC 9D 57 6B 1A 41   03 BF 2F BC 0E 58 E4 BC  ....Wk.A../..X..
0080: D0 0F C4 6A F6 12 EB E5   48 E3 A8 93 54 30 08 8F  ...j....H...T0..
0090: E6 47 C1 E4 2B 79 1F 75   8D 30 1F FD DB 0F 92 34  .G..+y.u.0.....4
00A0: 80 C8 34 DF B7 FB 62 83   9A 16 1C DB 06 8E 01 0A  ..4...b.........
00B0: F8 6F C0 21 74 66 CD AA   6E E5 7F 52 4E A7 E0 F7  .o.!tf..n..RN...
00C0: 31 B1 AF 06 9C 76 92 CA   9A 9F 22 55 DA 4E AC CA  1....v...."U.N..
00D0: 5F 3B 7C 82 82 A2 21 DA   C6 5B AC 18 BA 88 1A B8  _;....!..[......
00E0: F2 96 02 C9 8D FB CB D7   ED 27 A6 87 B9 D8 A3 C9  .........'......
00F0: F1 F1 39 F5 F6 1F 13 86   1B D0 7E 78 18 3B FA 81  ..9........x.;..

]
2024-05-24 07:48:41,341 [main] INFO  ssl.ReloadingX509KeyManager (ReloadingX509KeyManager.java:loadKeyManager(222)) - Key manager is loaded with certificate chain
2024-05-24 07:48:41,342 [main] INFO  ssl.ReloadingX509KeyManager (ReloadingX509KeyManager.java:loadKeyManager(224)) - [
[
  Version: V3
  Subject: SERIALNUMBER=1048288029488, O=cluster1, OU=scm1, CN=localhost
  Signature Algorithm: SHA256withRSA, OID = 1.2.840.113549.1.1.11

  Key:  Sun RSA public key, 2048 bits
  params: null
  modulus: 22961803944732927431711542135734604892794296789389076497681511837723601553442823354670788378293930341928077815196349630335566630139920416078100552418339687317664662160194653302396332043037195165810997161404169172763361135629013557991509411659084006530159948928516313950733021195038470097670476801142014537028538070447373735830968517090218341606719241302036235507251457905771446604721603163375251721641217589319230214043931069192380293119176673156378493273012668049042515380839320658448750115479920345975708802890528330046540056137069697940442959827637809067426406296611732537152725560389235069047136297256589773888391
  public exponent: 65537
  Validity: [From: Fri May 24 07:48:41 UTC 2024,
               To: Sat May 24 07:48:41 UTC 2025]
  Issuer: SERIALNUMBER=1, O=cluster1, OU=scm1, CN=rootCA@localhost
  SerialNumber: [    f412d5eb 30]

Certificate Extensions: 1
[1]: ObjectId: 2.5.29.15 Criticality=true
KeyUsage [
  DigitalSignature
  Key_Encipherment
  Data_Encipherment
  Key_Agreement
]

]
  Algorithm: [SHA256withRSA]
  Signature:
0000: 1C 44 AF D0 54 B9 D1 1A   04 2F D0 2C 9A 66 B7 F0  .D..T..../.,.f..
0010: 0C 1F EF 4D 92 93 BB 27   2E 11 E7 32 31 61 8C 4D  ...M...'...21a.M
0020: 77 35 AA 0F 17 F6 B6 34   57 91 DC EA FF 3F 64 78  w5.....4W....?dx
0030: 7C 57 51 1B 73 C7 25 F8   3D ED CB 8F 2B 06 3B 27  .WQ.s.%.=...+.;'
0040: 6A 4E 22 E8 73 A2 E1 1D   75 4F EE AD 46 3E 5F 15  jN".s...uO..F>_.
0050: 26 D5 14 43 EC E6 2F 22   A0 79 6B 4B DA 95 CA 83  &..C../".ykK....
0060: F9 94 2F CC 6E 7A 06 07   7A 15 72 AD 28 AB 0B 49  ../.nz..z.r.(..I
0070: 41 59 AE E6 B2 FC 8C A9   2C 1B 50 E3 3B 7D F6 64  AY......,.P.;..d
0080: 02 A7 26 82 50 E8 2B 46   E9 2C AB 12 27 D4 97 F7  ..&.P.+F.,..'...
0090: 95 5F DF 9D 0F 07 C1 8E   8F D8 5E DB 3C 04 64 CC  ._........^.<.d.
00A0: 79 76 DC 48 C2 60 B8 54   F0 E7 E0 07 1D 42 CF B1  yv.H.`.T.....B..
00B0: 24 63 9D D0 2C 10 27 1F   0A 34 C0 DE 4D 9D 49 2E  $c..,.'..4..M.I.
00C0: A5 FE 3E A4 31 E7 E6 86   13 09 47 0F C7 56 8E 27  ..>.1.....G..V.'
00D0: B0 2E B4 6A 3E C8 A4 A0   54 3B 37 05 F0 89 01 24  ...j>...T;7....$
00E0: A2 CA 31 B5 55 EC C7 C5   18 14 9A 68 1E F6 DE 11  ..1.U......h....
00F0: 4D EC CB 1D 77 08 8F 18   6F 9A 56 7F D2 77 FA CD  M...w...o.V..w..

]
2024-05-24 07:48:41,342 [main] INFO  ssl.ReloadingX509KeyManager (ReloadingX509KeyManager.java:loadKeyManager(224)) - [
[
  Version: V3
  Subject: SERIALNUMBER=1, O=cluster1, OU=scm1, CN=rootCA@localhost
  Signature Algorithm: SHA256withRSA, OID = 1.2.840.113549.1.1.11

  Key:  Sun RSA public key, 2048 bits
  params: null
  modulus: 20810383900058787323332528548399708146103172224951008982911703516950829902988023568794737112446688113859121134983267811306983397825558268106756715545206298819572074183252060840925703178750543914638504803336836464230803386312180681772991525734360260428273973421140545122349549743560050026660209143546747788412349824609591239539198998707254396230823345601395269725118037100186133380053421423009847369535937797294043645547216029867365662424413860748781386742469342789721515041943766670098047249662530136303465681937387899688807344662225343177099595362172875232570596512828528875944745731023684869188307573947761474955733
  public exponent: 65537
  Validity: [From: Fri May 24 07:48:41 UTC 2024,
               To: Mon Jul 02 07:48:41 UTC 2029]
  Issuer: SERIALNUMBER=1, O=cluster1, OU=scm1, CN=rootCA@localhost
  SerialNumber: [    01]

Certificate Extensions: 2
[1]: ObjectId: 2.5.29.19 Criticality=true
BasicConstraints:[
  CA:true
  PathLen: no limit
]

[2]: ObjectId: 2.5.29.15 Criticality=true
KeyUsage [
  Key_CertSign
  Crl_Sign
]

]
  Algorithm: [SHA256withRSA]
  Signature:
0000: 9F 4E 14 22 E4 6C 4D EA   BC 89 14 BE 6A FE 79 53  .N.".lM.....j.yS
0010: 10 E8 B5 1D 12 11 96 7A   C4 08 82 68 C6 DB C1 B4  .......z...h....
0020: BD DC DA E4 7E 45 C3 A0   5B 16 48 41 C2 18 BD 71  .....E..[.HA...q
0030: 31 97 9F 46 60 27 8A 8B   6A 38 57 8C CD 43 CE 27  1..F`'..j8W..C.'
0040: FA FC 44 B7 11 A4 8D BF   7B B4 CD 32 98 3B 1E C0  ..D........2.;..
0050: 0D B6 62 C5 9E 88 88 DD   10 8B BE 18 01 FC B3 06  ..b.............
0060: 6D BC E1 CE FB D9 C4 18   35 0D D1 A7 60 78 21 F8  m.......5...`x!.
0070: B4 DA AC 9D 57 6B 1A 41   03 BF 2F BC 0E 58 E4 BC  ....Wk.A../..X..
0080: D0 0F C4 6A F6 12 EB E5   48 E3 A8 93 54 30 08 8F  ...j....H...T0..
0090: E6 47 C1 E4 2B 79 1F 75   8D 30 1F FD DB 0F 92 34  .G..+y.u.0.....4
00A0: 80 C8 34 DF B7 FB 62 83   9A 16 1C DB 06 8E 01 0A  ..4...b.........
00B0: F8 6F C0 21 74 66 CD AA   6E E5 7F 52 4E A7 E0 F7  .o.!tf..n..RN...
00C0: 31 B1 AF 06 9C 76 92 CA   9A 9F 22 55 DA 4E AC CA  1....v...."U.N..
00D0: 5F 3B 7C 82 82 A2 21 DA   C6 5B AC 18 BA 88 1A B8  _;....!..[......
00E0: F2 96 02 C9 8D FB CB D7   ED 27 A6 87 B9 D8 A3 C9  .........'......
00F0: F1 F1 39 F5 F6 1F 13 86   1B D0 7E 78 18 3B FA 81  ..9........x.;..

]
2024-05-24 07:48:41,349 [main] INFO  ssl.ReloadingX509TrustManager (ReloadingX509TrustManager.java:insertCertsToKeystore(188)) - Trust manager is loaded with certificates
2024-05-24 07:48:41,350 [main] INFO  ssl.ReloadingX509TrustManager (ReloadingX509TrustManager.java:insertCertsToKeystore(192)) - [
[
  Version: V3
  Subject: SERIALNUMBER=1, O=cluster1, OU=scm1, CN=rootCA@localhost
  Signature Algorithm: SHA256withRSA, OID = 1.2.840.113549.1.1.11

  Key:  Sun RSA public key, 2048 bits
  params: null
  modulus: 20810383900058787323332528548399708146103172224951008982911703516950829902988023568794737112446688113859121134983267811306983397825558268106756715545206298819572074183252060840925703178750543914638504803336836464230803386312180681772991525734360260428273973421140545122349549743560050026660209143546747788412349824609591239539198998707254396230823345601395269725118037100186133380053421423009847369535937797294043645547216029867365662424413860748781386742469342789721515041943766670098047249662530136303465681937387899688807344662225343177099595362172875232570596512828528875944745731023684869188307573947761474955733
  public exponent: 65537
  Validity: [From: Fri May 24 07:48:41 UTC 2024,
               To: Mon Jul 02 07:48:41 UTC 2029]
  Issuer: SERIALNUMBER=1, O=cluster1, OU=scm1, CN=rootCA@localhost
  SerialNumber: [    01]

Certificate Extensions: 2
[1]: ObjectId: 2.5.29.19 Criticality=true
BasicConstraints:[
  CA:true
  PathLen: no limit
]

[2]: ObjectId: 2.5.29.15 Criticality=true
KeyUsage [
  Key_CertSign
  Crl_Sign
]

]
  Algorithm: [SHA256withRSA]
  Signature:
0000: 9F 4E 14 22 E4 6C 4D EA   BC 89 14 BE 6A FE 79 53  .N.".lM.....j.yS
0010: 10 E8 B5 1D 12 11 96 7A   C4 08 82 68 C6 DB C1 B4  .......z...h....
0020: BD DC DA E4 7E 45 C3 A0   5B 16 48 41 C2 18 BD 71  .....E..[.HA...q
0030: 31 97 9F 46 60 27 8A 8B   6A 38 57 8C CD 43 CE 27  1..F`'..j8W..C.'
0040: FA FC 44 B7 11 A4 8D BF   7B B4 CD 32 98 3B 1E C0  ..D........2.;..
0050: 0D B6 62 C5 9E 88 88 DD   10 8B BE 18 01 FC B3 06  ..b.............
0060: 6D BC E1 CE FB D9 C4 18   35 0D D1 A7 60 78 21 F8  m.......5...`x!.
0070: B4 DA AC 9D 57 6B 1A 41   03 BF 2F BC 0E 58 E4 BC  ....Wk.A../..X..
0080: D0 0F C4 6A F6 12 EB E5   48 E3 A8 93 54 30 08 8F  ...j....H...T0..
0090: E6 47 C1 E4 2B 79 1F 75   8D 30 1F FD DB 0F 92 34  .G..+y.u.0.....4
00A0: 80 C8 34 DF B7 FB 62 83   9A 16 1C DB 06 8E 01 0A  ..4...b.........
00B0: F8 6F C0 21 74 66 CD AA   6E E5 7F 52 4E A7 E0 F7  .o.!tf..n..RN...
00C0: 31 B1 AF 06 9C 76 92 CA   9A 9F 22 55 DA 4E AC CA  1....v...."U.N..
00D0: 5F 3B 7C 82 82 A2 21 DA   C6 5B AC 18 BA 88 1A B8  _;....!..[......
00E0: F2 96 02 C9 8D FB CB D7   ED 27 A6 87 B9 D8 A3 C9  .........'......
00F0: F1 F1 39 F5 F6 1F 13 86   1B D0 7E 78 18 3B FA 81  ..9........x.;..

]
2024-05-24 07:48:41,392 [main] WARN  server.ServerUtils (ServerUtils.java:getScmDbDir(143)) - ozone.scm.db.dirs is not configured. We recommend adding this setting. Falling back to ozone.metadata.dirs instead.
2024-05-24 07:48:41,546 [main] INFO  reflections.Reflections (Reflections.java:scan(219)) - Reflections took 137 ms to scan 7 urls, producing 158 keys and 372 values
2024-05-24 07:48:41,637 [main] WARN  server.ServerUtils (ServerUtils.java:getScmDbDir(143)) - ozone.scm.db.dirs is not configured. We recommend adding this setting. Falling back to ozone.metadata.dirs instead.
2024-05-24 07:48:41,641 [main] INFO  ha.SCMHANodeDetails (SCMHANodeDetails.java:loadSCMHAConfig(207)) - ServiceID for StorageContainerManager is null
2024-05-24 07:48:41,646 [main] WARN  ha.SCMHANodeDetails (SCMHANodeDetails.java:validateSCMHAConfig(180)) - Default/Configured value of config ozone.scm.ratis.enable conflicts with the expected value. Default/Configured: true. Expected: false. Falling back to the expected value. Current State of SCM: SCM is running without Ratis. Ratis SCM -> Non Ratis SCM is not supported.
2024-05-24 07:48:41,647 [main] INFO  ha.SCMHANodeDetails (SCMHANodeDetails.java:loadSCMHAConfig(212)) - ozone.scm.default.service.id is not defined, falling back to ozone.scm.service.ids to find serviceID for StorageContainerManager if it is HA enabled cluster
2024-05-24 07:48:41,760 [main] WARN  utils.HAUtils (HAUtils.java:getMetaDir(339)) - ozone.scm.db.dirs is not configured. We recommend adding this setting. Falling back to ozone.metadata.dirs instead.
2024-05-24 07:48:41,857 [main] WARN  db.DBStoreBuilder (DBStoreBuilder.java:applyDBDefinition(171)) - ozone.scm.db.dirs is not configured. We recommend adding this setting. Falling back to ozone.metadata.dirs instead.
2024-05-24 07:48:41,863 [main] INFO  utils.LeakDetector (LeakDetector.java:start(73)) - Starting leak detector thread ManagedRocksObject0.
2024-05-24 07:48:42,064 [main] INFO  net.NodeSchemaLoader (NodeSchemaLoader.java:loadSchemaFromFile(129)) - Loading schema from [file:/home/runner/work/ozone/ozone/hadoop-hdds/common/target/classes/network-topology-default.xml]
2024-05-24 07:48:42,066 [main] INFO  net.NodeSchemaLoader (NodeSchemaLoader.java:loadSchema(176)) - Loading network topology layer schema file
2024-05-24 07:48:42,085 [main] INFO  metrics.MetricRegistries (MetricRegistriesLoader.java:load(64)) - Loaded MetricRegistries class org.apache.ratis.metrics.dropwizard3.Dm3MetricRegistriesImpl
2024-05-24 07:48:42,094 [main] INFO  upgrade.AbstractLayoutVersionManager (AbstractLayoutVersionManager.java:init(83)) - Initializing Layout version manager with metadata layout = HADOOP_PRC_PORTS_IN_DATANODEDETAILS (version = 7), software layout = HADOOP_PRC_PORTS_IN_DATANODEDETAILS (version = 7)
2024-05-24 07:48:42,199 [main] INFO  ha.SequenceIdGenerator (SequenceIdGenerator.java:upgradeToSequenceId(370)) - upgrade localId to 113750153625600000
2024-05-24 07:48:42,201 [main] INFO  ha.SequenceIdGenerator (SequenceIdGenerator.java:upgradeToSequenceId(380)) - upgrade delTxnId to 0
2024-05-24 07:48:42,206 [main] INFO  ha.SequenceIdGenerator (SequenceIdGenerator.java:upgradeToSequenceId(397)) - upgrade containerId to 0
2024-05-24 07:48:42,209 [main] INFO  ha.SequenceIdGenerator (SequenceIdGenerator.java:upgradeToCertificateSequenceId(444)) - upgrade CertificateId to 2
2024-05-24 07:48:42,211 [main] INFO  ha.SequenceIdGenerator (SequenceIdGenerator.java:<init>(241)) - Init the HA SequenceIdGenerator.
2024-05-24 07:48:42,259 [main] WARN  server.ServerUtils (ServerUtils.java:sanitizeUserArgs(79)) - ozone.scm.stale.node.interval value = 300000 is larger than max = 100000 based on the key value of ozone.scm.heartbeat.thread.interval, reset to the max value 100000.
2024-05-24 07:48:42,260 [main] WARN  server.ServerUtils (ServerUtils.java:sanitizeUserArgs(79)) - ozone.scm.stale.node.interval value = 300000 is larger than max = 100000 based on the key value of ozone.scm.heartbeat.thread.interval, reset to the max value 100000.
2024-05-24 07:48:42,265 [main] INFO  node.SCMNodeManager (SCMNodeManager.java:<init>(177)) - Entering startup safe mode.
2024-05-24 07:48:42,278 [main] INFO  algorithms.ContainerPlacementPolicyFactory (ContainerPlacementPolicyFactory.java:getPolicyInternal(86)) - Create container placement policy of type org.apache.hadoop.hdds.scm.container.placement.algorithms.SCMContainerPlacementRackAware
2024-05-24 07:48:42,281 [main] INFO  algorithms.ContainerPlacementPolicyFactory (ContainerPlacementPolicyFactory.java:getPolicyInternal(86)) - Create container placement policy of type org.apache.hadoop.hdds.scm.container.placement.algorithms.SCMContainerPlacementRackScatter
2024-05-24 07:48:42,289 [main] INFO  pipeline.PipelineStateManagerImpl (PipelineStateManagerImpl.java:initialize(78)) - No pipeline exists in current db
2024-05-24 07:48:42,301 [main] INFO  algorithms.LeaderChoosePolicyFactory (LeaderChoosePolicyFactory.java:getPolicy(57)) - Create leader choose policy of type org.apache.hadoop.hdds.scm.pipeline.leader.choose.algorithms.MinLeaderCountChoosePolicy
2024-05-24 07:48:42,302 [main] INFO  algorithms.ContainerPlacementPolicyFactory (ContainerPlacementPolicyFactory.java:getPolicyInternal(86)) - Create container placement policy of type org.apache.hadoop.hdds.scm.container.placement.algorithms.SCMContainerPlacementRackScatter
2024-05-24 07:48:42,308 [main] INFO  ha.SCMServiceManager (SCMServiceManager.java:register(42)) - Registering service BackgroundPipelineCreator.
2024-05-24 07:48:42,308 [main] INFO  pipeline.BackgroundPipelineCreator (BackgroundPipelineCreator.java:start(127)) - Starting RatisPipelineUtilsThread.
2024-05-24 07:48:42,311 [main] INFO  BackgroundPipelineScrubber (BackgroundSCMService.java:start(65)) - Starting BackgroundPipelineScrubber Service.
2024-05-24 07:48:42,312 [main] INFO  ha.SCMServiceManager (SCMServiceManager.java:register(42)) - Registering service BackgroundPipelineScrubber.
2024-05-24 07:48:42,317 [main] INFO  ExpiredContainerReplicaOpScrubber (BackgroundSCMService.java:start(65)) - Starting ExpiredContainerReplicaOpScrubber Service.
2024-05-24 07:48:42,318 [main] INFO  ha.SCMServiceManager (SCMServiceManager.java:register(42)) - Registering service ExpiredContainerReplicaOpScrubber.
2024-05-24 07:48:42,338 [main] INFO  algorithms.PipelineChoosePolicyFactory (PipelineChoosePolicyFactory.java:createPipelineChoosePolicyFromClass(80)) - Create pipeline choose policy of type org.apache.hadoop.hdds.scm.pipeline.choose.algorithms.RandomPipelineChoosePolicy
2024-05-24 07:48:42,338 [main] INFO  algorithms.PipelineChoosePolicyFactory (PipelineChoosePolicyFactory.java:createPipelineChoosePolicyFromClass(80)) - Create pipeline choose policy of type org.apache.hadoop.hdds.scm.pipeline.choose.algorithms.RandomPipelineChoosePolicy
2024-05-24 07:48:42,360 [main] INFO  ha.SCMServiceManager (SCMServiceManager.java:register(42)) - Registering service SCMBlockDeletingService.
2024-05-24 07:48:42,420 [main] INFO  replication.ReplicationManager (ReplicationManager.java:start(296)) - Starting Replication Monitor Thread.
2024-05-24 07:48:42,423 [ReplicationMonitor] INFO  replication.ReplicationManager (ReplicationManager.java:processAll(373)) - Replication Manager is not ready to run until 3000ms after safemode exit
2024-05-24 07:48:42,423 [main] INFO  ha.SCMServiceManager (SCMServiceManager.java:register(42)) - Registering service ReplicationManager.
2024-05-24 07:48:42,432 [main] INFO  safemode.ContainerSafeModeRule (ContainerSafeModeRule.java:<init>(91)) - containers with one replica threshold count 0
2024-05-24 07:48:42,436 [main] INFO  safemode.HealthyPipelineSafeModeRule (HealthyPipelineSafeModeRule.java:initializeRule(176)) - Total pipeline count is 0, healthy pipeline threshold count is 1
2024-05-24 07:48:42,438 [main] INFO  safemode.OneReplicaPipelineSafeModeRule (OneReplicaPipelineSafeModeRule.java:initializeRule(193)) - Total pipeline count is 0, pipeline's with at least one datanode reported threshold count is 0
2024-05-24 07:48:42,449 [main] INFO  server.StorageContainerManager (StorageContainerManager.java:<init>(440)) - SCM start with adminUsers: [runner]
2024-05-24 07:48:42,473 [main] INFO  audit.AuditLogger (AuditLogger.java:refreshDebugCmdSet(135)) - Refresh DebugCmdSet for SCMAudit to [].
2024-05-24 07:48:42,501 [main] INFO  ipc.CallQueueManager (CallQueueManager.java:<init>(90)) - Using callQueue: class java.util.concurrent.LinkedBlockingQueue, queueCapacity: 10000, scheduler: class org.apache.hadoop.ipc.DefaultRpcScheduler, ipcBackoff: false.
2024-05-24 07:48:42,522 [main] INFO  ipc.Server (Server.java:<init>(1287)) - Listener at 0.0.0.0:15002
2024-05-24 07:48:42,523 [Socket Reader #1 for port 15002] INFO  ipc.Server (Server.java:run(1323)) - Starting Socket Reader #1 for port 15002
2024-05-24 07:48:42,568 [main] INFO  audit.AuditLogger (AuditLogger.java:refreshDebugCmdSet(135)) - Refresh DebugCmdSet for SCMAudit to [].
2024-05-24 07:48:42,571 [main] INFO  ipc.CallQueueManager (CallQueueManager.java:<init>(90)) - Using callQueue: class java.util.concurrent.LinkedBlockingQueue, queueCapacity: 10000, scheduler: class org.apache.hadoop.ipc.DefaultRpcScheduler, ipcBackoff: false.
2024-05-24 07:48:42,572 [main] INFO  ipc.Server (Server.java:<init>(1287)) - Listener at 0.0.0.0:15001
2024-05-24 07:48:42,572 [Socket Reader #1 for port 15001] INFO  ipc.Server (Server.java:run(1323)) - Starting Socket Reader #1 for port 15001
2024-05-24 07:48:42,604 [main] INFO  audit.AuditLogger (AuditLogger.java:refreshDebugCmdSet(135)) - Refresh DebugCmdSet for SCMAudit to [].
2024-05-24 07:48:42,614 [main] INFO  ipc.CallQueueManager (CallQueueManager.java:<init>(90)) - Using callQueue: class java.util.concurrent.LinkedBlockingQueue, queueCapacity: 10000, scheduler: class org.apache.hadoop.ipc.DefaultRpcScheduler, ipcBackoff: false.
2024-05-24 07:48:42,614 [main] INFO  ipc.Server (Server.java:<init>(1287)) - Listener at 0.0.0.0:15000
2024-05-24 07:48:42,615 [Socket Reader #1 for port 15000] INFO  ipc.Server (Server.java:run(1323)) - Starting Socket Reader #1 for port 15000
2024-05-24 07:48:42,671 [main] INFO  ha.SCMServiceManager (SCMServiceManager.java:register(42)) - Registering service ContainerBalancer.
2024-05-24 07:48:42,672 [main] INFO  ha.SCMContext (SCMContext.java:updateSafeModeStatus(225)) - Update SafeModeStatus from SafeModeStatus{safeModeStatus=true, preCheckPassed=false} to SafeModeStatus{safeModeStatus=true, preCheckPassed=false}.
2024-05-24 07:48:42,676 [main] INFO  server.StorageContainerManager (StorageContainerManager.java:start(1545)) - StorageContainerLocationProtocol RPC server is listening at /0.0.0.0:15000
2024-05-24 07:48:42,676 [main] INFO  impl.MetricsSystemImpl (MetricsSystemImpl.java:init(158)) - StorageContainerManager metrics system started (again)
2024-05-24 07:48:42,708 [main] INFO  server.SCMClientProtocolServer (SCMClientProtocolServer.java:start(204)) - RPC server for Client  is listening at /0.0.0.0:15000
2024-05-24 07:48:42,708 [IPC Server Responder] INFO  ipc.Server (Server.java:run(1562)) - IPC Server Responder: starting
2024-05-24 07:48:42,710 [IPC Server listener on 15000] INFO  ipc.Server (Server.java:run(1402)) - IPC Server listener on 15000: starting
2024-05-24 07:48:42,760 [main] INFO  server.StorageContainerManager (StorageContainerManager.java:start(1558)) - ScmBlockLocationProtocol RPC server is listening at /0.0.0.0:15001
2024-05-24 07:48:42,760 [main] INFO  server.SCMBlockProtocolServer (SCMBlockProtocolServer.java:start(162)) - RPC server for Block Protocol is listening at /0.0.0.0:15001
2024-05-24 07:48:42,762 [IPC Server Responder] INFO  ipc.Server (Server.java:run(1562)) - IPC Server Responder: starting
2024-05-24 07:48:42,763 [IPC Server listener on 15001] INFO  ipc.Server (Server.java:run(1402)) - IPC Server listener on 15001: starting
2024-05-24 07:48:42,788 [main] INFO  server.SCMDatanodeProtocolServer (SCMDatanodeProtocolServer.java:start(194)) - ScmDatanodeProtocol RPC server for DataNodes is listening at /0.0.0.0:15002
2024-05-24 07:48:42,793 [IPC Server Responder] INFO  ipc.Server (Server.java:run(1562)) - IPC Server Responder: starting
2024-05-24 07:48:42,794 [IPC Server listener on 15002] INFO  ipc.Server (Server.java:run(1402)) - IPC Server listener on 15002: starting
2024-05-24 07:48:42,813 [JvmPauseMonitor0] INFO  util.JvmPauseMonitor (JvmPauseMonitor.java:run(146)) - JvmPauseMonitor-3964e8a6-dc89-499d-8529-65c0a0f690e0: Started
2024-05-24 07:48:42,818 [main] INFO  http.BaseHttpServer (BaseHttpServer.java:newHttpServer2BuilderForOzone(223)) - Starting Web-server for scm at: http://0.0.0.0:15003
2024-05-24 07:48:42,818 [main] INFO  http.BaseHttpServer (BaseHttpServer.java:<init>(110)) - Hadoop Security Enabled: false Ozone Security Enabled: false Ozone HTTP Security Enabled: false 
2024-05-24 07:48:42,830 [main] WARN  server.AuthenticationFilter (AuthenticationFilter.java:constructSecretProvider(240)) - Unable to initialize FileSignerSecretProvider, falling back to use random secrets. Reason: Could not read signature secret file: /home/runner/hadoop-http-auth-signature-secret
2024-05-24 07:48:42,834 [main] INFO  http.HttpRequestLog (HttpRequestLog.java:getRequestLog(86)) - Http request log for http.requests.scm is not defined
2024-05-24 07:48:42,837 [main] INFO  http.HttpServer2 (HttpServer2.java:addGlobalFilter(1036)) - Added global filter 'safety' (class=org.apache.hadoop.hdds.server.http.HttpServer2$QuotingInputFilter)
2024-05-24 07:48:42,838 [main] INFO  http.HttpServer2 (HttpServer2.java:addFilter(1012)) - Added filter static_user_filter (class=org.apache.hadoop.http.lib.StaticUserWebFilter$StaticUserFilter) to context scm
2024-05-24 07:48:42,838 [main] INFO  http.HttpServer2 (HttpServer2.java:addFilter(1020)) - Added filter static_user_filter (class=org.apache.hadoop.http.lib.StaticUserWebFilter$StaticUserFilter) to context static
2024-05-24 07:48:42,838 [main] INFO  http.HttpServer2 (HttpServer2.java:addFilter(1020)) - Added filter static_user_filter (class=org.apache.hadoop.http.lib.StaticUserWebFilter$StaticUserFilter) to context logs
2024-05-24 07:48:42,843 [main] INFO  http.BaseHttpServer (BaseHttpServer.java:<init>(189)) - HTTP server of scm uses base directory /home/runner/work/ozone/ozone/hadoop-ozone/integration-test/target/test-dir/MiniOzoneClusterImpl-b501fab0-540e-4575-af6e-dde2336b059e/ozone-meta/webserver
2024-05-24 07:48:42,843 [main] INFO  http.HttpServer2 (HttpServer2.java:bindListener(1236)) - Jetty bound to port 15003
2024-05-24 07:48:42,844 [main] INFO  server.Server (Server.java:doStart(375)) - jetty-9.4.54.v20240208; built: 2024-02-08T19:42:39.027Z; git: cef3fbd6d736a21e7d541a5db490381d95a2047d; jvm 17.0.11+9
2024-05-24 07:48:42,849 [main] INFO  server.session (DefaultSessionIdManager.java:doStart(334)) - DefaultSessionIdManager workerName=node0
2024-05-24 07:48:42,849 [main] INFO  server.session (DefaultSessionIdManager.java:doStart(339)) - No SessionScavenger set, using defaults
2024-05-24 07:48:42,849 [main] INFO  server.session (HouseKeeper.java:startScavenging(132)) - node0 Scavenging every 600000ms
2024-05-24 07:48:42,851 [main] INFO  handler.ContextHandler (ContextHandler.java:doStart(921)) - Started o.e.j.s.ServletContextHandler@409b1740{logs,/logs,file:///home/runner/work/ozone/ozone/hadoop-ozone/integration-test/target/log,AVAILABLE}
2024-05-24 07:48:42,852 [main] INFO  handler.ContextHandler (ContextHandler.java:doStart(921)) - Started o.e.j.s.ServletContextHandler@59e9ba7{static,/static,file:///home/runner/work/ozone/ozone/hadoop-ozone/integration-test/target/test-classes/webapps/static,AVAILABLE}
2024-05-24 07:48:42,864 [main] INFO  handler.ContextHandler (ContextHandler.java:doStart(921)) - Started o.e.j.w.WebAppContext@628af295{scm,/,file:///home/runner/work/ozone/ozone/hadoop-ozone/integration-test/target/test-classes/webapps/scm/,AVAILABLE}{file:/home/runner/work/ozone/ozone/hadoop-ozone/integration-test/target/test-classes/webapps/scm}
2024-05-24 07:48:42,865 [main] INFO  server.AbstractConnector (AbstractConnector.java:doStart(333)) - Started ServerConnector@3b24fb6f{HTTP/1.1, (http/1.1)}{0.0.0.0:15003}
2024-05-24 07:48:42,865 [main] INFO  server.Server (Server.java:doStart(415)) - Started @5947ms
2024-05-24 07:48:42,867 [main] INFO  impl.MetricsSinkAdapter (MetricsSinkAdapter.java:start(204)) - Sink prometheus started
2024-05-24 07:48:42,867 [main] INFO  impl.MetricsSystemImpl (MetricsSystemImpl.java:registerSink(305)) - Registered sink prometheus
2024-05-24 07:48:42,869 [main] INFO  http.BaseHttpServer (BaseHttpServer.java:updateConnectorAddress(354)) - HTTP server of scm listening at http://0.0.0.0:15003
2024-05-24 07:48:42,870 [main] WARN  server.ServerUtils (ServerUtils.java:getDBPath(299)) - ozone.om.db.dirs is not configured. We recommend adding this setting. Falling back to ozone.metadata.dirs instead.
2024-05-24 07:48:42,877 [main] INFO  ha.OMHANodeDetails (OMHANodeDetails.java:loadOMHAConfig(115)) - ozone.om.internal.service.id is not defined, falling back to ozone.om.service.ids to find serviceID for OzoneManager if it is HA enabled cluster
2024-05-24 07:48:42,880 [main] INFO  ha.OMHANodeDetails (OMHANodeDetails.java:loadOMHAConfig(226)) - Configuration does not have ozone.om.address set. Falling back to the default OM address /127.0.0.1:15004
2024-05-24 07:48:42,880 [main] INFO  ha.OMHANodeDetails (OMHANodeDetails.java:getOMNodeDetailsForNonHA(254)) - OM Service ID is not set. Setting it to the default ID: omServiceIdDefault
2024-05-24 07:48:42,880 [main] INFO  ha.OMHANodeDetails (OMHANodeDetails.java:getOMNodeDetailsForNonHA(261)) - OM Node ID is not set. Setting it to the default ID: om1
2024-05-24 07:48:42,884 [main] WARN  server.ServerUtils (ServerUtils.java:getDBPath(299)) - ozone.om.db.dirs is not configured. We recommend adding this setting. Falling back to ozone.metadata.dirs instead.
2024-05-24 07:48:42,887 [main] INFO  upgrade.AbstractLayoutVersionManager (AbstractLayoutVersionManager.java:init(83)) - Initializing Layout version manager with metadata layout = QUOTA (version = 6), software layout = QUOTA (version = 6)
2024-05-24 07:48:42,964 [main] INFO  reflections.Reflections (Reflections.java:scan(219)) - Reflections took 76 ms to scan 2 urls, producing 188 keys and 545 values
2024-05-24 07:48:42,967 [main] INFO  upgrade.OMLayoutVersionManager (OMLayoutVersionManager.java:lambda$0(113)) - Skipping Upgrade Action QuotaRepairUpgradeAction since it has been finalized.
2024-05-24 07:48:42,969 [main] INFO  upgrade.OMLayoutVersionManager (OMLayoutVersionManager.java:lambda$0(113)) - Skipping Upgrade Action MockOmUpgradeAction since it has been finalized.
2024-05-24 07:48:42,971 [main] WARN  server.ServerUtils (ServerUtils.java:getDBPath(299)) - ozone.om.db.dirs is not configured. We recommend adding this setting. Falling back to ozone.metadata.dirs instead.
2024-05-24 07:48:43,105 [main] INFO  proxy.SCMBlockLocationFailoverProxyProvider (SCMBlockLocationFailoverProxyProvider.java:<init>(115)) - Created block location fail-over proxy with 1 nodes: [nodeId=scmNodeId,nodeAddress=/0.0.0.0:15001]
2024-05-24 07:48:43,161 [main] INFO  om.OzoneManager (OzoneManager.java:<init>(677)) - OM start with adminUsers: [runner]
2024-05-24 07:48:43,177 [main] WARN  server.ServerUtils (ServerUtils.java:getDBPath(299)) - ozone.om.db.dirs is not configured. We recommend adding this setting. Falling back to ozone.metadata.dirs instead.
2024-05-24 07:48:43,202 [main] INFO  helpers.OmKeyInfo (OmKeyInfo.java:getCodec(72)) - OmKeyInfo.getCodec ignorePipeline = true
2024-05-24 07:48:43,500 [main] INFO  om.OzoneManager (OzoneManager.java:instantiateServices(811)) - S3 Multi-Tenancy is disabled
2024-05-24 07:48:43,507 [main] INFO  security.OzoneSecretStore (OzoneSecretStore.java:loadState(69)) - Loaded 0 tokens
2024-05-24 07:48:43,508 [main] INFO  security.OzoneDelegationTokenSecretManager (OzoneDelegationTokenSecretManager.java:loadTokenSecretState(516)) - Loading token state into token manager.
2024-05-24 07:48:43,546 [main] INFO  om.OmSnapshotManager (OmSnapshotManager.java:<init>(179)) - Ozone filesystem snapshot feature is enabled.
2024-05-24 07:48:43,552 [main] WARN  server.ServerUtils (ServerUtils.java:getDBPath(299)) - ozone.om.snapshot.diff.db.dir is not configured. We recommend adding this setting. Falling back to ozone.metadata.dirs instead.
2024-05-24 07:48:43,599 [main] INFO  utils.NativeLibraryLoader (NativeLibraryLoader.java:loadLibrary(111)) - Loading Library: ozone_rocksdb_tools
2024-05-24 07:48:43,601 [main] ERROR snapshot.SnapshotDiffManager (SnapshotDiffManager.java:initNativeLibraryForEfficientDiff(287)) - Native Library for raw sst file reading loading failed.
org.apache.hadoop.hdds.utils.NativeLibraryNotLoadedException: Unable to load library ozone_rocksdb_tools from both java.library.path & resource file libozone_rocksdb_tools.so from jar.
	at org.apache.hadoop.hdds.utils.db.managed.ManagedRawSSTFileReader.loadLibrary(ManagedRawSSTFileReader.java:40)
	at org.apache.hadoop.ozone.om.snapshot.SnapshotDiffManager.initNativeLibraryForEfficientDiff(SnapshotDiffManager.java:285)
	at org.apache.hadoop.ozone.om.snapshot.SnapshotDiffManager.<init>(SnapshotDiffManager.java:259)
	at org.apache.hadoop.ozone.om.OmSnapshotManager.<init>(OmSnapshotManager.java:286)
	at org.apache.hadoop.ozone.om.OzoneManager.instantiateServices(OzoneManager.java:863)
	at org.apache.hadoop.ozone.om.OzoneManager.<init>(OzoneManager.java:687)
	at org.apache.hadoop.ozone.om.OzoneManager.createOm(OzoneManager.java:774)
	at org.apache.hadoop.ozone.MiniOzoneClusterImpl$Builder.createOM(MiniOzoneClusterImpl.java:689)
	at org.apache.hadoop.ozone.MiniOzoneClusterImpl$Builder.createAndStartSingleOM(MiniOzoneClusterImpl.java:673)
	at org.apache.hadoop.ozone.MiniOzoneClusterImpl$Builder.build(MiniOzoneClusterImpl.java:535)
	at org.apache.hadoop.ozone.client.rpc.TestOzoneAtRestEncryption.init(TestOzoneAtRestEncryption.java:171)
	at java.base/jdk.internal.reflect.NativeMethodAccessorImpl.invoke0(Native Method)
	at java.base/jdk.internal.reflect.NativeMethodAccessorImpl.invoke(NativeMethodAccessorImpl.java:77)
	at java.base/jdk.internal.reflect.DelegatingMethodAccessorImpl.invoke(DelegatingMethodAccessorImpl.java:43)
	at java.base/java.lang.reflect.Method.invoke(Method.java:568)
	at org.junit.platform.commons.util.ReflectionUtils.invokeMethod(ReflectionUtils.java:728)
	at org.junit.jupiter.engine.execution.MethodInvocation.proceed(MethodInvocation.java:60)
	at org.junit.jupiter.engine.execution.InvocationInterceptorChain$ValidatingInvocation.proceed(InvocationInterceptorChain.java:131)
	at org.junit.jupiter.engine.extension.TimeoutExtension.intercept(TimeoutExtension.java:156)
	at org.junit.jupiter.engine.extension.TimeoutExtension.interceptLifecycleMethod(TimeoutExtension.java:128)
	at org.junit.jupiter.engine.extension.TimeoutExtension.interceptBeforeAllMethod(TimeoutExtension.java:70)
	at org.junit.jupiter.engine.execution.InterceptingExecutableInvoker$ReflectiveInterceptorCall.lambda$ofVoidMethod$0(InterceptingExecutableInvoker.java:103)
	at org.junit.jupiter.engine.execution.InterceptingExecutableInvoker.lambda$invoke$0(InterceptingExecutableInvoker.java:93)
	at org.junit.jupiter.engine.execution.InvocationInterceptorChain$InterceptedInvocation.proceed(InvocationInterceptorChain.java:106)
	at org.junit.jupiter.engine.execution.InvocationInterceptorChain.proceed(InvocationInterceptorChain.java:64)
	at org.junit.jupiter.engine.execution.InvocationInterceptorChain.chainAndInvoke(InvocationInterceptorChain.java:45)
	at org.junit.jupiter.engine.execution.InvocationInterceptorChain.invoke(InvocationInterceptorChain.java:37)
	at org.junit.jupiter.engine.execution.InterceptingExecutableInvoker.invoke(InterceptingExecutableInvoker.java:92)
	at org.junit.jupiter.engine.execution.InterceptingExecutableInvoker.invoke(InterceptingExecutableInvoker.java:86)
	at org.junit.jupiter.engine.descriptor.ClassBasedTestDescriptor.lambda$invokeBeforeAllMethods$13(ClassBasedTestDescriptor.java:412)
	at org.junit.platform.engine.support.hierarchical.ThrowableCollector.execute(ThrowableCollector.java:73)
	at org.junit.jupiter.engine.descriptor.ClassBasedTestDescriptor.invokeBeforeAllMethods(ClassBasedTestDescriptor.java:410)
	at org.junit.jupiter.engine.descriptor.ClassBasedTestDescriptor.before(ClassBasedTestDescriptor.java:216)
	at org.junit.jupiter.engine.descriptor.ClassBasedTestDescriptor.before(ClassBasedTestDescriptor.java:85)
	at org.junit.platform.engine.support.hierarchical.NodeTestTask.lambda$executeRecursively$6(NodeTestTask.java:148)
	at org.junit.platform.engine.support.hierarchical.ThrowableCollector.execute(ThrowableCollector.java:73)
	at org.junit.platform.engine.support.hierarchical.NodeTestTask.lambda$executeRecursively$8(NodeTestTask.java:141)
	at org.junit.platform.engine.support.hierarchical.Node.around(Node.java:137)
	at org.junit.platform.engine.support.hierarchical.NodeTestTask.lambda$executeRecursively$9(NodeTestTask.java:139)
	at org.junit.platform.engine.support.hierarchical.ThrowableCollector.execute(ThrowableCollector.java:73)
	at org.junit.platform.engine.support.hierarchical.NodeTestTask.executeRecursively(NodeTestTask.java:138)
	at org.junit.platform.engine.support.hierarchical.NodeTestTask.execute(NodeTestTask.java:95)
	at java.base/java.util.ArrayList.forEach(ArrayList.java:1511)
	at org.junit.platform.engine.support.hierarchical.SameThreadHierarchicalTestExecutorService.invokeAll(SameThreadHierarchicalTestExecutorService.java:41)
	at org.junit.platform.engine.support.hierarchical.NodeTestTask.lambda$executeRecursively$6(NodeTestTask.java:155)
	at org.junit.platform.engine.support.hierarchical.ThrowableCollector.execute(ThrowableCollector.java:73)
	at org.junit.platform.engine.support.hierarchical.NodeTestTask.lambda$executeRecursively$8(NodeTestTask.java:141)
	at org.junit.platform.engine.support.hierarchical.Node.around(Node.java:137)
	at org.junit.platform.engine.support.hierarchical.NodeTestTask.lambda$executeRecursively$9(NodeTestTask.java:139)
	at org.junit.platform.engine.support.hierarchical.ThrowableCollector.execute(ThrowableCollector.java:73)
	at org.junit.platform.engine.support.hierarchical.NodeTestTask.executeRecursively(NodeTestTask.java:138)
	at org.junit.platform.engine.support.hierarchical.NodeTestTask.execute(NodeTestTask.java:95)
	at org.junit.platform.engine.support.hierarchical.SameThreadHierarchicalTestExecutorService.submit(SameThreadHierarchicalTestExecutorService.java:35)
	at org.junit.platform.engine.support.hierarchical.HierarchicalTestExecutor.execute(HierarchicalTestExecutor.java:57)
	at org.junit.platform.engine.support.hierarchical.HierarchicalTestEngine.execute(HierarchicalTestEngine.java:54)
	at org.junit.platform.launcher.core.EngineExecutionOrchestrator.execute(EngineExecutionOrchestrator.java:198)
	at org.junit.platform.launcher.core.EngineExecutionOrchestrator.execute(EngineExecutionOrchestrator.java:169)
	at org.junit.platform.launcher.core.EngineExecutionOrchestrator.execute(EngineExecutionOrchestrator.java:93)
	at org.junit.platform.launcher.core.EngineExecutionOrchestrator.lambda$execute$0(EngineExecutionOrchestrator.java:58)
	at org.junit.platform.launcher.core.EngineExecutionOrchestrator.withInterceptedStreams(EngineExecutionOrchestrator.java:141)
	at org.junit.platform.launcher.core.EngineExecutionOrchestrator.execute(EngineExecutionOrchestrator.java:57)
	at org.junit.platform.launcher.core.DefaultLauncher.execute(DefaultLauncher.java:103)
	at org.junit.platform.launcher.core.DefaultLauncher.execute(DefaultLauncher.java:85)
	at org.junit.platform.launcher.core.DelegatingLauncher.execute(DelegatingLauncher.java:47)
	at org.junit.platform.launcher.core.SessionPerRequestLauncher.execute(SessionPerRequestLauncher.java:63)
	at org.apache.maven.surefire.junitplatform.JUnitPlatformProvider.invokeAllTests(JUnitPlatformProvider.java:154)
	at org.apache.maven.surefire.junitplatform.JUnitPlatformProvider.invoke(JUnitPlatformProvider.java:123)
	at org.apache.maven.surefire.booter.ForkedBooter.runSuitesInProcess(ForkedBooter.java:377)
	at org.apache.maven.surefire.booter.ForkedBooter.execute(ForkedBooter.java:138)
	at org.apache.maven.surefire.booter.ForkedBooter.run(ForkedBooter.java:465)
	at org.apache.maven.surefire.booter.ForkedBooter.main(ForkedBooter.java:451)
2024-05-24 07:48:43,659 [main] INFO  om.OzoneManager (OzoneManager.java:addS3GVolumeToDB(4463)) - Created Volume s3v With Owner runner required for S3Gateway operations.
2024-05-24 07:48:43,716 [main] WARN  server.ServerUtils (ServerUtils.java:getDefaultRatisDirectory(311)) - Storage directory for Ratis is not configured. It is a good idea to map this to an SSD disk. Falling back to ozone.metadata.dirs
2024-05-24 07:48:43,717 [main] WARN  utils.OzoneManagerRatisUtils (OzoneManagerRatisUtils.java:getOMRatisSnapshotDirectory(476)) - ozone.om.ratis.snapshot.dir is not configured. Falling back to ozone.metadata.dirs config
2024-05-24 07:48:43,729 [main] WARN  server.ServerUtils (ServerUtils.java:getDefaultRatisDirectory(311)) - Storage directory for Ratis is not configured. It is a good idea to map this to an SSD disk. Falling back to ozone.metadata.dirs
2024-05-24 07:48:43,747 [main] INFO  ratis.OzoneManagerRatisServer (OzoneManagerRatisServer.java:<init>(167)) - Instantiating OM Ratis server with groupID: omServiceIdDefault and peers: localhost:15007
2024-05-24 07:48:43,755 [main] INFO  ratis.OzoneManagerStateMachine (OzoneManagerStateMachine.java:loadSnapshotInfoFromDB(589)) - TransactionInfo not found in OM DB.
2024-05-24 07:48:43,803 [main] INFO  server.RaftServer (ConfUtils.java:logGet(46)) - raft.rpc.type = GRPC (default)
2024-05-24 07:48:43,811 [main] INFO  grpc.GrpcConfigKeys (ConfUtils.java:logFallback(53)) - raft.grpc.admin.host = null (fallback to raft.grpc.server.host)
2024-05-24 07:48:43,811 [main] INFO  grpc.GrpcConfigKeys (ConfUtils.java:logFallback(53)) - raft.grpc.admin.port = 15007 (fallback to raft.grpc.server.port)
2024-05-24 07:48:43,812 [main] INFO  grpc.GrpcConfigKeys (ConfUtils.java:logFallback(53)) - raft.grpc.client.host = null (fallback to raft.grpc.server.host)
2024-05-24 07:48:43,812 [main] INFO  grpc.GrpcConfigKeys (ConfUtils.java:logFallback(53)) - raft.grpc.client.port = 15007 (fallback to raft.grpc.server.port)
2024-05-24 07:48:43,812 [main] INFO  grpc.GrpcConfigKeys (ConfUtils.java:logGet(46)) - raft.grpc.server.host = null (default)
2024-05-24 07:48:43,813 [main] INFO  grpc.GrpcConfigKeys (ConfUtils.java:logGet(46)) - raft.grpc.server.port = 15007 (custom)
2024-05-24 07:48:43,813 [main] INFO  server.GrpcService (ConfUtils.java:logGet(46)) - raft.grpc.message.size.max = 4194304 (custom)
2024-05-24 07:48:43,814 [main] INFO  server.RaftServerConfigKeys (ConfUtils.java:logGet(46)) - raft.server.log.appender.buffer.byte-limit = 4194304 (custom)
2024-05-24 07:48:43,815 [main] INFO  server.GrpcService (ConfUtils.java:logGet(46)) - raft.grpc.flow.control.window = 1MB (=1048576) (default)
2024-05-24 07:48:43,815 [main] INFO  server.RaftServerConfigKeys (ConfUtils.java:logGet(46)) - raft.server.rpc.request.timeout = 3000ms (default)
2024-05-24 07:48:43,823 [main] INFO  grpc.GrpcConfigKeys (ConfUtils.java:logGet(46)) - raft.grpc.server.heartbeat.channel = true (default)
2024-05-24 07:48:43,826 [main] INFO  grpc.GrpcConfigKeys (ConfUtils.java:logGet(46)) - raft.grpc.server.async.request.thread.pool.cached = true (default)
2024-05-24 07:48:43,826 [main] INFO  grpc.GrpcConfigKeys (ConfUtils.java:logGet(46)) - raft.grpc.server.async.request.thread.pool.size = 32 (default)
2024-05-24 07:48:44,006 [main] INFO  impl.DataStreamServerImpl (ConfUtils.java:logGet(46)) - raft.datastream.type = DISABLED (default)
2024-05-24 07:48:44,008 [main] INFO  server.RaftServerConfigKeys (ConfUtils.java:logGet(46)) - raft.server.sleep.deviation.threshold = 300ms (default)
2024-05-24 07:48:44,008 [main] INFO  server.RaftServerConfigKeys (ConfUtils.java:logGet(46)) - raft.server.close.threshold = 60s (default)
2024-05-24 07:48:44,008 [main] INFO  server.RaftServerConfigKeys (ConfUtils.java:logGet(46)) - raft.server.leaderelection.leader.step-down.wait-time = 10s (default)
2024-05-24 07:48:44,010 [main] INFO  server.RaftServerConfigKeys (ConfUtils.java:logGet(46)) - raft.server.storage.dir = [/home/runner/work/ozone/ozone/hadoop-ozone/integration-test/target/test-dir/MiniOzoneClusterImpl-b501fab0-540e-4575-af6e-dde2336b059e/ozone-meta/ratis] (custom)
2024-05-24 07:48:44,011 [main] INFO  server.RaftServerConfigKeys (ConfUtils.java:logGet(46)) - raft.server.threadpool.proxy.cached = true (default)
2024-05-24 07:48:44,011 [main] INFO  server.RaftServerConfigKeys (ConfUtils.java:logGet(46)) - raft.server.threadpool.proxy.size = 0 (default)
2024-05-24 07:48:44,017 [main] INFO  server.RaftServer (RaftServerProxy.java:addNew(100)) - om1: addNew group-C5BA1605619E:[om1|localhost:15007] returns group-C5BA1605619E:java.util.concurrent.CompletableFuture@4fe9a720[Not completed]
2024-05-24 07:48:44,017 [main] INFO  om.OzoneManager (OzoneManager.java:initializeRatisServer(2168)) - OzoneManager Ratis server initialized at port 15007
2024-05-24 07:48:44,019 [main] INFO  om.OzoneManager (OzoneManager.java:getRpcServer(1227)) - Creating RPC Server
2024-05-24 07:48:44,045 [om1-groupManagement] INFO  server.RaftServer$Division (RaftServerImpl.java:<init>(256)) - om1: new RaftServerImpl for group-C5BA1605619E:[om1|localhost:15007] with OzoneManagerStateMachine:uninitialized
2024-05-24 07:48:44,047 [om1-groupManagement] INFO  server.RaftServerConfigKeys (ConfUtils.java:logGet(46)) - raft.server.rpc.timeout.min = 1s (custom)
2024-05-24 07:48:44,047 [om1-groupManagement] INFO  server.RaftServerConfigKeys (ConfUtils.java:logGet(46)) - raft.server.rpc.timeout.max = 1200ms (custom)
2024-05-24 07:48:44,048 [om1-groupManagement] INFO  server.RaftServerConfigKeys (ConfUtils.java:logGet(46)) - raft.server.rpc.sleep.time = 25ms (default)
2024-05-24 07:48:44,048 [om1-groupManagement] INFO  server.RaftServerConfigKeys (ConfUtils.java:logGet(46)) - raft.server.rpc.slowness.timeout = 120s (custom)
2024-05-24 07:48:44,049 [om1-groupManagement] INFO  server.RaftServerConfigKeys (ConfUtils.java:logGet(46)) - raft.server.leaderelection.leader.step-down.wait-time = 10s (default)
2024-05-24 07:48:44,049 [om1-groupManagement] INFO  server.RaftServerConfigKeys (ConfUtils.java:logGet(46)) - raft.server.leaderelection.member.majority-add = false (default)
2024-05-24 07:48:44,050 [om1-groupManagement] INFO  server.RaftServerConfigKeys (ConfUtils.java:logGet(46)) - raft.server.sleep.deviation.threshold = 300ms (default)
2024-05-24 07:48:44,056 [om1-groupManagement] INFO  server.RaftServer$Division (ServerState.java:<init>(113)) - om1@group-C5BA1605619E: ConfigurationManager, init=-1: peers:[om1|localhost:15007]|listeners:[], old=null, confs=<EMPTY_MAP>
2024-05-24 07:48:44,061 [om1-groupManagement] INFO  server.RaftServerConfigKeys (ConfUtils.java:logGet(46)) - raft.server.notification.no-leader.timeout = 120s (custom)
2024-05-24 07:48:44,064 [om1-groupManagement] INFO  server.RaftServerConfigKeys (ConfUtils.java:logGet(46)) - raft.server.read.timeout = 10s (default)
2024-05-24 07:48:44,068 [om1-groupManagement] INFO  server.RaftServerConfigKeys (ConfUtils.java:logGet(46)) - raft.server.retrycache.expirytime = 300s (custom)
2024-05-24 07:48:44,068 [om1-groupManagement] INFO  server.RaftServerConfigKeys (ConfUtils.java:logGet(46)) - raft.server.retrycache.statistics.expirytime = 100ms (default)
2024-05-24 07:48:44,072 [om1-groupManagement] INFO  server.RaftServerConfigKeys (ConfUtils.java:logGet(46)) - raft.server.read.option = DEFAULT (default)
2024-05-24 07:48:44,073 [om1-groupManagement] INFO  server.RaftServerConfigKeys (ConfUtils.java:logGet(46)) - raft.server.read.read-after-write-consistent.write-index-cache.expiry-time = 60s (default)
2024-05-24 07:48:44,101 [om1-groupManagement] INFO  server.RaftServerConfigKeys (ConfUtils.java:logGet(46)) - raft.server.rpc.request.timeout = 3000ms (default)
2024-05-24 07:48:44,104 [om1-groupManagement] INFO  server.RaftServerConfigKeys (ConfUtils.java:logGet(46)) - raft.server.log.appender.install.snapshot.enabled = false (custom)
2024-05-24 07:48:44,105 [om1-groupManagement] INFO  server.RaftServerConfigKeys (ConfUtils.java:logGet(46)) - raft.server.threadpool.server.cached = true (default)
2024-05-24 07:48:44,105 [om1-groupManagement] INFO  server.RaftServerConfigKeys (ConfUtils.java:logGet(46)) - raft.server.threadpool.server.size = 0 (default)
2024-05-24 07:48:44,106 [om1-groupManagement] INFO  server.RaftServerConfigKeys (ConfUtils.java:logGet(46)) - raft.server.threadpool.client.cached = true (default)
2024-05-24 07:48:44,107 [om1-groupManagement] INFO  server.RaftServerConfigKeys (ConfUtils.java:logGet(46)) - raft.server.threadpool.client.size = 0 (default)
2024-05-24 07:48:44,804 [main] INFO  reflections.Reflections (Reflections.java:scan(219)) - Reflections took 741 ms to scan 20 urls, producing 58 keys and 6605 values
2024-05-24 07:48:44,931 [main] INFO  ipc.CallQueueManager (CallQueueManager.java:<init>(90)) - Using callQueue: class java.util.concurrent.LinkedBlockingQueue, queueCapacity: 2000, scheduler: class org.apache.hadoop.ipc.DefaultRpcScheduler, ipcBackoff: false.
2024-05-24 07:48:44,935 [main] INFO  ipc.Server (Server.java:<init>(1287)) - Listener at 127.0.0.1:15004
2024-05-24 07:48:44,936 [Socket Reader #1 for port 15004] INFO  ipc.Server (Server.java:run(1323)) - Starting Socket Reader #1 for port 15004
2024-05-24 07:48:44,970 [main] INFO  impl.MetricsSystemImpl (MetricsSystemImpl.java:init(158)) - OzoneManager metrics system started (again)
2024-05-24 07:48:44,984 [main] INFO  om.OzoneManager (OzoneManager.java:start(1649)) - OzoneManager RPC server is listening at localhost/127.0.0.1:15004
2024-05-24 07:48:44,985 [main] INFO  ratis.OzoneManagerRatisServer (OzoneManagerRatisServer.java:start(588)) - Starting OzoneManagerRatisServer om1 at port 15007
2024-05-24 07:48:44,988 [om1-impl-thread1] INFO  server.RaftServerConfigKeys (ConfUtils.java:logGet(46)) - raft.server.storage.free-space.min = 0MB (=0) (default)
2024-05-24 07:48:44,988 [om1-impl-thread1] INFO  server.RaftServerConfigKeys (ConfUtils.java:logGet(46)) - raft.server.log.corruption.policy = EXCEPTION (default)
2024-05-24 07:48:44,988 [om1-impl-thread1] INFO  server.RaftServerConfigKeys (ConfUtils.java:logGet(46)) - raft.server.storage.dir = [/home/runner/work/ozone/ozone/hadoop-ozone/integration-test/target/test-dir/MiniOzoneClusterImpl-b501fab0-540e-4575-af6e-dde2336b059e/ozone-meta/ratis] (custom)
2024-05-24 07:48:44,995 [om1-impl-thread1] INFO  storage.RaftStorageDirectory (RaftStorageDirectoryImpl.java:analyzeStorage(138)) - The storage directory /home/runner/work/ozone/ozone/hadoop-ozone/integration-test/target/test-dir/MiniOzoneClusterImpl-b501fab0-540e-4575-af6e-dde2336b059e/ozone-meta/ratis/bf265839-605b-3f16-9796-c5ba1605619e does not exist. Creating ...
2024-05-24 07:48:44,999 [om1-impl-thread1] INFO  storage.RaftStorageDirectory (RaftStorageDirectoryImpl.java:tryLock(228)) - Lock on /home/runner/work/ozone/ozone/hadoop-ozone/integration-test/target/test-dir/MiniOzoneClusterImpl-b501fab0-540e-4575-af6e-dde2336b059e/ozone-meta/ratis/bf265839-605b-3f16-9796-c5ba1605619e/in_use.lock acquired by nodename 29770@fv-az779-985
2024-05-24 07:48:45,005 [om1-impl-thread1] INFO  storage.RaftStorage (RaftStorageImpl.java:format(99)) - Storage directory /home/runner/work/ozone/ozone/hadoop-ozone/integration-test/target/test-dir/MiniOzoneClusterImpl-b501fab0-540e-4575-af6e-dde2336b059e/ozone-meta/ratis/bf265839-605b-3f16-9796-c5ba1605619e has been successfully formatted.
2024-05-24 07:48:45,006 [om1-impl-thread1] WARN  util.FileUtils (LogUtils.java:supplyAndLog(63)) - Failed to Files.newInputStream /home/runner/work/ozone/ozone/hadoop-ozone/integration-test/target/test-dir/MiniOzoneClusterImpl-b501fab0-540e-4575-af6e-dde2336b059e/ozone-meta/ratis/bf265839-605b-3f16-9796-c5ba1605619e/current/raft-meta.conf with options []: java.nio.file.NoSuchFileException: /home/runner/work/ozone/ozone/hadoop-ozone/integration-test/target/test-dir/MiniOzoneClusterImpl-b501fab0-540e-4575-af6e-dde2336b059e/ozone-meta/ratis/bf265839-605b-3f16-9796-c5ba1605619e/current/raft-meta.conf
2024-05-24 07:48:45,009 [om1-impl-thread1] INFO  server.RaftServerConfigKeys (ConfUtils.java:logGet(46)) - raft.server.log.use.memory = false (default)
2024-05-24 07:48:45,017 [om1-impl-thread1] INFO  server.RaftServerConfigKeys (ConfUtils.java:logGet(46)) - raft.server.log.purge.gap = 1000000 (custom)
2024-05-24 07:48:45,017 [om1-impl-thread1] INFO  server.RaftServerConfigKeys (ConfUtils.java:logGet(46)) - raft.server.log.appender.buffer.byte-limit = 4194304 (custom)
2024-05-24 07:48:45,019 [om1-impl-thread1] INFO  server.RaftServerConfigKeys (ConfUtils.java:logGet(46)) - raft.server.log.statemachine.data.read.timeout = 1000ms (default)
2024-05-24 07:48:45,020 [om1-impl-thread1] INFO  server.RaftServerConfigKeys (ConfUtils.java:logGet(46)) - raft.server.log.purge.preservation.log.num = 0 (default)
2024-05-24 07:48:45,024 [om1-impl-thread1] INFO  server.RaftServerConfigKeys (ConfUtils.java:logGet(46)) - raft.server.log.segment.size.max = 4194304 (custom)
2024-05-24 07:48:45,029 [om1-impl-thread1] INFO  server.RaftServerConfigKeys (ConfUtils.java:logGet(46)) - raft.server.log.segment.cache.num.max = 2 (custom)
2024-05-24 07:48:45,029 [om1-impl-thread1] INFO  server.RaftServerConfigKeys (ConfUtils.java:logGet(46)) - raft.server.log.segment.cache.size.max = 200MB (=209715200) (default)
2024-05-24 07:48:45,030 [om1-impl-thread1] INFO  server.RaftServerConfigKeys (ConfUtils.java:logGet(46)) - raft.server.log.appender.buffer.byte-limit = 4194304 (custom)
2024-05-24 07:48:45,032 [om1-impl-thread1] INFO  util.AwaitToRun (AwaitToRun.java:start(81)) - Thread[om1@group-C5BA1605619E-cacheEviction-AwaitToRun,5,main] started
2024-05-24 07:48:45,038 [om1-impl-thread1] INFO  segmented.SegmentedRaftLogWorker (SegmentedRaftLogWorker.java:<init>(182)) - new om1@group-C5BA1605619E-SegmentedRaftLogWorker for RaftStorageImpl:Storage Directory /home/runner/work/ozone/ozone/hadoop-ozone/integration-test/target/test-dir/MiniOzoneClusterImpl-b501fab0-540e-4575-af6e-dde2336b059e/ozone-meta/ratis/bf265839-605b-3f16-9796-c5ba1605619e
2024-05-24 07:48:45,041 [om1-impl-thread1] INFO  server.RaftServerConfigKeys (ConfUtils.java:logGet(46)) - raft.server.log.queue.byte-limit = 64MB (=67108864) (default)
2024-05-24 07:48:45,042 [om1-impl-thread1] INFO  server.RaftServerConfigKeys (ConfUtils.java:logGet(46)) - raft.server.log.queue.element-limit = 4096 (default)
2024-05-24 07:48:45,047 [om1-impl-thread1] INFO  server.RaftServerConfigKeys (ConfUtils.java:logGet(46)) - raft.server.log.segment.size.max = 4194304 (custom)
2024-05-24 07:48:45,051 [om1-impl-thread1] INFO  server.RaftServerConfigKeys (ConfUtils.java:logGet(46)) - raft.server.log.preallocated.size = 4194304 (custom)
2024-05-24 07:48:45,052 [om1-impl-thread1] INFO  server.RaftServerConfigKeys (ConfUtils.java:logGet(46)) - raft.server.log.force.sync.num = 128 (default)
2024-05-24 07:48:45,052 [om1-impl-thread1] INFO  server.RaftServerConfigKeys (ConfUtils.java:logGet(46)) - raft.server.log.statemachine.data.sync = true (default)
2024-05-24 07:48:45,053 [om1-impl-thread1] INFO  server.RaftServerConfigKeys (ConfUtils.java:logGet(46)) - raft.server.log.statemachine.data.sync.timeout = 10s (default)
2024-05-24 07:48:45,053 [om1-impl-thread1] INFO  server.RaftServerConfigKeys (ConfUtils.java:logGet(46)) - raft.server.log.statemachine.data.sync.timeout.retry = -1 (default)
2024-05-24 07:48:45,056 [om1-impl-thread1] INFO  server.RaftServerConfigKeys (ConfUtils.java:logGet(46)) - raft.server.log.write.buffer.size = 4194312 (custom)
2024-05-24 07:48:45,057 [om1-impl-thread1] INFO  server.RaftServerConfigKeys (ConfUtils.java:logGet(46)) - raft.server.log.appender.buffer.byte-limit = 4194304 (custom)
2024-05-24 07:48:45,058 [om1-impl-thread1] INFO  server.RaftServerConfigKeys (ConfUtils.java:logGet(46)) - raft.server.log.unsafe-flush.enabled = false (default)
2024-05-24 07:48:45,059 [om1-impl-thread1] INFO  server.RaftServerConfigKeys (ConfUtils.java:logGet(46)) - raft.server.log.async-flush.enabled = false (default)
2024-05-24 07:48:45,059 [om1-impl-thread1] INFO  server.RaftServerConfigKeys (ConfUtils.java:logGet(46)) - raft.server.log.statemachine.data.caching.enabled = false (default)
2024-05-24 07:48:45,063 [om1-impl-thread1] INFO  segmented.SegmentedRaftLogWorker (SegmentedRaftLogWorker.java:lambda$new$0(134)) - om1@group-C5BA1605619E-SegmentedRaftLogWorker: flushIndex: setUnconditionally 0 -> -1
2024-05-24 07:48:45,063 [om1-impl-thread1] INFO  segmented.SegmentedRaftLogWorker (SegmentedRaftLogWorker.java:lambda$new$0(134)) - om1@group-C5BA1605619E-SegmentedRaftLogWorker: safeCacheEvictIndex: setUnconditionally 0 -> -1
2024-05-24 07:48:45,065 [om1-impl-thread1] INFO  server.RaftServer$Division (RaftServerImpl.java:start(396)) - om1@group-C5BA1605619E: start as a follower, conf=-1: peers:[om1|localhost:15007]|listeners:[], old=null
2024-05-24 07:48:45,065 [om1-impl-thread1] INFO  server.RaftServer$Division (RaftServerImpl.java:setRole(383)) - om1@group-C5BA1605619E: changes role from      null to FOLLOWER at term 0 for startAsFollower
2024-05-24 07:48:45,066 [om1-impl-thread1] INFO  impl.RoleInfo (RoleInfo.java:updateAndGet(139)) - om1: start om1@group-C5BA1605619E-FollowerState
2024-05-24 07:48:45,068 [om1@group-C5BA1605619E-FollowerState] INFO  server.RaftServerConfigKeys (ConfUtils.java:logFallback(53)) - raft.server.rpc.first-election.timeout.min = 1s (fallback to raft.server.rpc.timeout.min)
2024-05-24 07:48:45,069 [om1@group-C5BA1605619E-FollowerState] INFO  server.RaftServerConfigKeys (ConfUtils.java:logFallback(53)) - raft.server.rpc.first-election.timeout.max = 1200ms (fallback to raft.server.rpc.timeout.max)
2024-05-24 07:48:45,069 [om1-impl-thread1] INFO  util.JmxRegister (JmxRegister.java:tryRegister(44)) - Successfully registered JMX Bean with object name Ratis:service=RaftServer,group=group-C5BA1605619E,id=om1
2024-05-24 07:48:45,071 [om1-impl-thread1] INFO  server.RaftServerConfigKeys (ConfUtils.java:logGet(46)) - raft.server.snapshot.trigger-when-stop.enabled = true (default)
2024-05-24 07:48:45,071 [om1-impl-thread1] INFO  server.RaftServerConfigKeys (ConfUtils.java:logGet(46)) - raft.server.snapshot.auto.trigger.enabled = true (custom)
2024-05-24 07:48:45,071 [om1-impl-thread1] INFO  server.RaftServerConfigKeys (ConfUtils.java:logGet(46)) - raft.server.snapshot.auto.trigger.threshold = 400000 (default)
2024-05-24 07:48:45,071 [om1-impl-thread1] INFO  server.RaftServerConfigKeys (ConfUtils.java:logGet(46)) - raft.server.snapshot.retention.file.num = -1 (default)
2024-05-24 07:48:45,072 [om1-impl-thread1] INFO  server.RaftServerConfigKeys (ConfUtils.java:logGet(46)) - raft.server.log.purge.upto.snapshot.index = true (custom)
2024-05-24 07:48:45,076 [main] INFO  server.RaftServer (RaftServerProxy.java:startImpl(406)) - om1: start RPC server
2024-05-24 07:48:45,112 [main] INFO  server.GrpcService (GrpcService.java:startImpl(302)) - om1: GrpcService started, listening on 15007
2024-05-24 07:48:45,113 [JvmPauseMonitor1] INFO  util.JvmPauseMonitor (JvmPauseMonitor.java:run(146)) - JvmPauseMonitor-om1: Started
2024-05-24 07:48:45,114 [main] INFO  om.OzoneManager (OzoneManager.java:start(1665)) - Version File has different layout version (6) than OM DB (null). That is expected if this OM has never been finalized to a newer layout version.
2024-05-24 07:48:45,270 [main] INFO  client.ScmTopologyClient (ScmTopologyClient.java:start(72)) - Initial network topology fetched from SCM: /.
2024-05-24 07:48:45,271 [main] INFO  net.NodeSchemaLoader (NodeSchemaLoader.java:loadSchemaFromFile(129)) - Loading schema from [file:/home/runner/work/ozone/ozone/hadoop-hdds/common/target/classes/network-topology-default.xml]
2024-05-24 07:48:45,271 [main] INFO  net.NodeSchemaLoader (NodeSchemaLoader.java:loadSchema(176)) - Loading network topology layer schema file
2024-05-24 07:48:45,297 [main] INFO  http.BaseHttpServer (BaseHttpServer.java:newHttpServer2BuilderForOzone(223)) - Starting Web-server for ozoneManager at: http://0.0.0.0:15005
2024-05-24 07:48:45,297 [main] INFO  http.BaseHttpServer (BaseHttpServer.java:<init>(110)) - Hadoop Security Enabled: false Ozone Security Enabled: false Ozone HTTP Security Enabled: false 
2024-05-24 07:48:45,299 [main] WARN  server.AuthenticationFilter (AuthenticationFilter.java:constructSecretProvider(240)) - Unable to initialize FileSignerSecretProvider, falling back to use random secrets. Reason: Could not read signature secret file: /home/runner/hadoop-http-auth-signature-secret
2024-05-24 07:48:45,304 [main] INFO  http.HttpRequestLog (HttpRequestLog.java:getRequestLog(86)) - Http request log for http.requests.ozoneManager is not defined
2024-05-24 07:48:45,306 [main] INFO  http.HttpServer2 (HttpServer2.java:addGlobalFilter(1036)) - Added global filter 'safety' (class=org.apache.hadoop.hdds.server.http.HttpServer2$QuotingInputFilter)
2024-05-24 07:48:45,307 [main] INFO  http.HttpServer2 (HttpServer2.java:addFilter(1012)) - Added filter static_user_filter (class=org.apache.hadoop.http.lib.StaticUserWebFilter$StaticUserFilter) to context ozoneManager
2024-05-24 07:48:45,308 [main] INFO  http.HttpServer2 (HttpServer2.java:addFilter(1020)) - Added filter static_user_filter (class=org.apache.hadoop.http.lib.StaticUserWebFilter$StaticUserFilter) to context logs
2024-05-24 07:48:45,308 [main] INFO  http.HttpServer2 (HttpServer2.java:addFilter(1020)) - Added filter static_user_filter (class=org.apache.hadoop.http.lib.StaticUserWebFilter$StaticUserFilter) to context static
2024-05-24 07:48:45,310 [main] INFO  http.BaseHttpServer (BaseHttpServer.java:<init>(189)) - HTTP server of ozoneManager uses base directory /home/runner/work/ozone/ozone/hadoop-ozone/integration-test/target/test-dir/MiniOzoneClusterImpl-b501fab0-540e-4575-af6e-dde2336b059e/ozone-meta/webserver
2024-05-24 07:48:45,314 [main] INFO  http.HttpServer2 (HttpServer2.java:bindListener(1236)) - Jetty bound to port 15005
2024-05-24 07:48:45,314 [main] INFO  server.Server (Server.java:doStart(375)) - jetty-9.4.54.v20240208; built: 2024-02-08T19:42:39.027Z; git: cef3fbd6d736a21e7d541a5db490381d95a2047d; jvm 17.0.11+9
2024-05-24 07:48:45,329 [main] INFO  server.session (DefaultSessionIdManager.java:doStart(334)) - DefaultSessionIdManager workerName=node0
2024-05-24 07:48:45,329 [main] INFO  server.session (DefaultSessionIdManager.java:doStart(339)) - No SessionScavenger set, using defaults
2024-05-24 07:48:45,329 [main] INFO  server.session (HouseKeeper.java:startScavenging(132)) - node0 Scavenging every 600000ms
2024-05-24 07:48:45,330 [main] INFO  handler.ContextHandler (ContextHandler.java:doStart(921)) - Started o.e.j.s.ServletContextHandler@28704c3{logs,/logs,file:///home/runner/work/ozone/ozone/hadoop-ozone/integration-test/target/log,AVAILABLE}
2024-05-24 07:48:45,331 [main] INFO  handler.ContextHandler (ContextHandler.java:doStart(921)) - Started o.e.j.s.ServletContextHandler@498876f2{static,/static,file:///home/runner/work/ozone/ozone/hadoop-ozone/integration-test/target/test-classes/webapps/static,AVAILABLE}
2024-05-24 07:48:45,338 [main] INFO  handler.ContextHandler (ContextHandler.java:doStart(921)) - Started o.e.j.w.WebAppContext@1a343d3e{ozoneManager,/,file:///home/runner/work/ozone/ozone/hadoop-ozone/integration-test/target/test-classes/webapps/ozoneManager/,AVAILABLE}{file:/home/runner/work/ozone/ozone/hadoop-ozone/integration-test/target/test-classes/webapps/ozoneManager}
2024-05-24 07:48:45,339 [main] INFO  server.AbstractConnector (AbstractConnector.java:doStart(333)) - Started ServerConnector@554bb231{HTTP/1.1, (http/1.1)}{0.0.0.0:15005}
2024-05-24 07:48:45,342 [main] INFO  server.Server (Server.java:doStart(415)) - Started @8421ms
2024-05-24 07:48:45,342 [main] WARN  impl.MetricsSystemImpl (MetricsSystemImpl.java:register(279)) - Sink prometheus already exists!
2024-05-24 07:48:45,343 [main] INFO  http.BaseHttpServer (BaseHttpServer.java:updateConnectorAddress(354)) - HTTP server of ozoneManager listening at http://0.0.0.0:15005
2024-05-24 07:48:45,344 [IPC Server Responder] INFO  ipc.Server (Server.java:run(1562)) - IPC Server Responder: starting
2024-05-24 07:48:45,352 [IPC Server listener on 15004] INFO  ipc.Server (Server.java:run(1402)) - IPC Server listener on 15004: starting
2024-05-24 07:48:45,396 [main] INFO  om.OzoneManager (OzoneManager.java:startTrashEmptier(2121)) - Trash Interval set to 0. Files deleted won't move to trash
2024-05-24 07:48:45,403 [main] INFO  db.CodecBuffer (CodecBuffer.java:set(63)) - Successfully set constructor to org.apache.hadoop.hdds.utils.db.CodecBuffer$$Lambda$1214/0x00007fb7108966f8@13e59265
2024-05-24 07:48:45,525 [main] WARN  dropwizard3.Dm3MetricRegistriesImpl (Dm3MetricRegistriesImpl.java:addReporterRegistration(113)) - New reporters are added after registries were created. Some metrics will be missing from the reporter. Please add reporter before adding any new registry.
2024-05-24 07:48:45,525 [main] WARN  dropwizard3.Dm3MetricRegistriesImpl (Dm3MetricRegistriesImpl.java:addReporterRegistration(113)) - New reporters are added after registries were created. Some metrics will be missing from the reporter. Please add reporter before adding any new registry.
2024-05-24 07:48:45,526 [main] INFO  impl.MetricsSystemImpl (MetricsSystemImpl.java:init(158)) - HddsDatanode metrics system started (again)
2024-05-24 07:48:45,549 [main] INFO  ozone.HddsDatanodeService (HddsDatanodeService.java:start(240)) - HddsDatanodeService host:fv-az779-985.k0faouyluq4u1aavuapgg5xmpb.cx.internal.cloudapp.net ip:10.1.0.15
2024-05-24 07:48:45,577 [main] INFO  upgrade.AbstractLayoutVersionManager (AbstractLayoutVersionManager.java:init(83)) - Initializing Layout version manager with metadata layout = HADOOP_PRC_PORTS_IN_DATANODEDETAILS (version = 7), software layout = HADOOP_PRC_PORTS_IN_DATANODEDETAILS (version = 7)
2024-05-24 07:48:45,579 [main] INFO  statemachine.DatanodeStateMachine (DatanodeStateMachine.java:getEndPointTaskThreadPoolSize(299)) - Datanode State Machine Task Thread Pool size 2
2024-05-24 07:48:45,622 [main] INFO  volume.HddsVolume (HddsVolume.java:<init>(126)) - Creating HddsVolume: /home/runner/work/ozone/ozone/hadoop-ozone/integration-test/target/test-dir/MiniOzoneClusterImpl-b501fab0-540e-4575-af6e-dde2336b059e/ozone-meta/datanode-1/data-0/hdds of storage type : DISK capacity : 9222449699674390527
2024-05-24 07:48:45,624 [main] INFO  volume.MutableVolumeSet (MutableVolumeSet.java:initializeVolumeSet(173)) - Added Volume : /home/runner/work/ozone/ozone/hadoop-ozone/integration-test/target/test-dir/MiniOzoneClusterImpl-b501fab0-540e-4575-af6e-dde2336b059e/ozone-meta/datanode-1/data-0/hdds to VolumeSet
2024-05-24 07:48:45,627 [main] INFO  volume.MutableVolumeSet (MutableVolumeSet.java:initializeVolumeSet(173)) - Added Volume : /home/runner/work/ozone/ozone/hadoop-ozone/integration-test/target/test-dir/MiniOzoneClusterImpl-b501fab0-540e-4575-af6e-dde2336b059e/ozone-meta/datanode-1/ratis to VolumeSet
2024-05-24 07:48:45,629 [main] INFO  ozoneimpl.OzoneContainer (HddsVolumeUtil.java:loadAllHddsVolumeDbStore(103)) - Load 1 volumes DbStore cost: 0ms
2024-05-24 07:48:45,683 [main] INFO  audit.AuditLogger (AuditLogger.java:refreshDebugCmdSet(135)) - Refresh DebugCmdSet for DNAudit to [].
2024-05-24 07:48:45,715 [main] INFO  server.RaftServer (ConfUtils.java:logGet(46)) - raft.rpc.type = GRPC (default)
2024-05-24 07:48:45,715 [main] INFO  grpc.GrpcConfigKeys (ConfUtils.java:logFallback(53)) - raft.grpc.admin.host = null (fallback to raft.grpc.server.host)
2024-05-24 07:48:45,715 [main] INFO  grpc.GrpcConfigKeys (ConfUtils.java:logGet(46)) - raft.grpc.admin.port = 15013 (custom)
2024-05-24 07:48:45,715 [main] INFO  grpc.GrpcConfigKeys (ConfUtils.java:logFallback(53)) - raft.grpc.client.host = null (fallback to raft.grpc.server.host)
2024-05-24 07:48:45,715 [main] INFO  grpc.GrpcConfigKeys (ConfUtils.java:logGet(46)) - raft.grpc.client.port = 15012 (custom)
2024-05-24 07:48:45,716 [main] INFO  grpc.GrpcConfigKeys (ConfUtils.java:logGet(46)) - raft.grpc.server.host = null (default)
2024-05-24 07:48:45,716 [main] INFO  grpc.GrpcConfigKeys (ConfUtils.java:logGet(46)) - raft.grpc.server.port = 15014 (custom)
2024-05-24 07:48:45,716 [main] INFO  server.GrpcService (ConfUtils.java:logGet(46)) - raft.grpc.message.size.max = 32MB (=33554432) (custom)
2024-05-24 07:48:45,716 [main] INFO  server.RaftServerConfigKeys (ConfUtils.java:logGet(46)) - raft.server.log.appender.buffer.byte-limit = 8388608 (custom)
2024-05-24 07:48:45,716 [main] INFO  server.GrpcService (ConfUtils.java:logGet(46)) - raft.grpc.flow.control.window = 5MB (=5242880) (custom)
2024-05-24 07:48:45,716 [main] INFO  server.RaftServerConfigKeys (ConfUtils.java:logGet(46)) - raft.server.rpc.request.timeout = 60s (custom)
2024-05-24 07:48:45,717 [main] INFO  grpc.GrpcConfigKeys (ConfUtils.java:logGet(46)) - raft.grpc.server.heartbeat.channel = true (default)
2024-05-24 07:48:45,717 [main] INFO  grpc.GrpcConfigKeys (ConfUtils.java:logGet(46)) - raft.grpc.server.async.request.thread.pool.cached = true (default)
2024-05-24 07:48:45,717 [main] INFO  grpc.GrpcConfigKeys (ConfUtils.java:logGet(46)) - raft.grpc.server.async.request.thread.pool.size = 32 (default)
2024-05-24 07:48:45,719 [main] INFO  impl.DataStreamServerImpl (ConfUtils.java:logGet(46)) - raft.datastream.type = NETTY (custom)
2024-05-24 07:48:45,730 [main] INFO  server.RaftServerConfigKeys (ConfUtils.java:logGet(46)) - raft.server.data-stream.async.request.thread.pool.cached = false (default)
2024-05-24 07:48:45,731 [main] INFO  server.RaftServerConfigKeys (ConfUtils.java:logGet(46)) - raft.server.data-stream.async.request.thread.pool.size = 20 (custom)
2024-05-24 07:48:45,731 [main] INFO  server.RaftServerConfigKeys (ConfUtils.java:logGet(46)) - raft.server.data-stream.async.write.thread.pool.size = 16 (default)
2024-05-24 07:48:45,732 [main] INFO  netty.NettyConfigKeys$DataStream (ConfUtils.java:logGet(46)) - raft.netty.dataStream.server.channel.inactive.grace-period = 10min (default)
2024-05-24 07:48:45,733 [main] INFO  server.RaftServerConfigKeys (ConfUtils.java:logGet(46)) - raft.server.data-stream.client.pool.size = 10 (default)
2024-05-24 07:48:45,734 [main] INFO  netty.NettyConfigKeys$DataStream (ConfUtils.java:logGet(46)) - raft.netty.dataStream.server.use-epoll = true (default)
2024-05-24 07:48:45,735 [main] INFO  netty.NettyConfigKeys$DataStream (ConfUtils.java:logGet(46)) - raft.netty.dataStream.server.boss-group.size = 0 (default)
2024-05-24 07:48:45,735 [main] INFO  netty.NettyUtils (NettyUtils.java:newEventLoopGroup(69)) - Create EpollEventLoopGroup for 5319acd4-0e99-4000-a29b-b8c741da6a3d-NettyServerStreamRpc-bossGroup; Thread size is 0.
2024-05-24 07:48:45,736 [main] INFO  netty.NettyConfigKeys$DataStream (ConfUtils.java:logGet(46)) - raft.netty.dataStream.server.worker-group.size = 0 (default)
2024-05-24 07:48:45,736 [main] INFO  netty.NettyUtils (NettyUtils.java:newEventLoopGroup(69)) - Create EpollEventLoopGroup for 5319acd4-0e99-4000-a29b-b8c741da6a3d-NettyServerStreamRpc-workerGroup; Thread size is 0.
2024-05-24 07:48:45,738 [main] INFO  netty.NettyConfigKeys$DataStream (ConfUtils.java:logGet(46)) - raft.netty.dataStream.server.tls.conf = null (default)
2024-05-24 07:48:45,739 [main] INFO  netty.NettyConfigKeys$DataStream (ConfUtils.java:logGet(46)) - raft.netty.dataStream.host = null (default)
2024-05-24 07:48:45,739 [main] INFO  netty.NettyConfigKeys$DataStream (ConfUtils.java:logGet(46)) - raft.netty.dataStream.port = 15015 (custom)
2024-05-24 07:48:45,742 [main] INFO  server.RaftServerConfigKeys (ConfUtils.java:logGet(46)) - raft.server.sleep.deviation.threshold = 300ms (default)
2024-05-24 07:48:45,743 [main] INFO  server.RaftServerConfigKeys (ConfUtils.java:logGet(46)) - raft.server.close.threshold = 60s (default)
2024-05-24 07:48:45,743 [main] INFO  server.RaftServerConfigKeys (ConfUtils.java:logGet(46)) - raft.server.leaderelection.leader.step-down.wait-time = 10s (default)
2024-05-24 07:48:45,743 [main] INFO  server.RaftServerConfigKeys (ConfUtils.java:logGet(46)) - raft.server.storage.dir = [/home/runner/work/ozone/ozone/hadoop-ozone/integration-test/target/test-dir/MiniOzoneClusterImpl-b501fab0-540e-4575-af6e-dde2336b059e/ozone-meta/datanode-1/ratis] (custom)
2024-05-24 07:48:45,743 [main] INFO  server.RaftServerConfigKeys (ConfUtils.java:logGet(46)) - raft.server.threadpool.proxy.cached = true (default)
2024-05-24 07:48:45,744 [main] INFO  server.RaftServerConfigKeys (ConfUtils.java:logGet(46)) - raft.server.threadpool.proxy.size = 0 (default)
2024-05-24 07:48:45,744 [5319acd4-0e99-4000-a29b-b8c741da6a3d-impl-thread1] INFO  server.RaftServer (RaftServerProxy.java:initGroupDir(264)) - 5319acd4-0e99-4000-a29b-b8c741da6a3d: found a subdirectory /home/runner/work/ozone/ozone/hadoop-ozone/integration-test/target/test-dir/MiniOzoneClusterImpl-b501fab0-540e-4575-af6e-dde2336b059e/ozone-meta/datanode-1/ratis/tmp
2024-05-24 07:48:45,744 [5319acd4-0e99-4000-a29b-b8c741da6a3d-impl-thread1] INFO  server.RaftServer (RaftServerProxy.java:initGroupDir(269)) - 5319acd4-0e99-4000-a29b-b8c741da6a3d: The directory /home/runner/work/ozone/ozone/hadoop-ozone/integration-test/target/test-dir/MiniOzoneClusterImpl-b501fab0-540e-4575-af6e-dde2336b059e/ozone-meta/datanode-1/ratis/tmp is not a group directory; ignoring it. 
2024-05-24 07:48:45,747 [main] INFO  replication.ReplicationServer (ReplicationServer.java:<init>(86)) - Initializing replication server with thread count = 10 queue length = 4096
2024-05-24 07:48:45,752 [5319acd4-0e99-4000-a29b-b8c741da6a3d-NettyServerStreamRpc-bossGroup--thread1] INFO  logging.LoggingHandler (AbstractInternalLogger.java:log(148)) - [id: 0xe3b8cf70] REGISTERED
2024-05-24 07:48:45,752 [5319acd4-0e99-4000-a29b-b8c741da6a3d-NettyServerStreamRpc-bossGroup--thread1] INFO  logging.LoggingHandler (AbstractInternalLogger.java:log(148)) - [id: 0xe3b8cf70] BIND: 0.0.0.0/0.0.0.0:15015
2024-05-24 07:48:45,753 [5319acd4-0e99-4000-a29b-b8c741da6a3d-NettyServerStreamRpc-bossGroup--thread1] INFO  logging.LoggingHandler (AbstractInternalLogger.java:log(148)) - [id: 0xe3b8cf70, L:/0.0.0.0:15015] ACTIVE
2024-05-24 07:48:45,769 [main] INFO  server.XceiverServerGrpc (XceiverServerGrpc.java:<init>(141)) - GrpcServer channel type EpollServerSocketChannel
2024-05-24 07:48:45,805 [main] INFO  replication.ReplicationSupervisor (ReplicationSupervisor.java:build(157)) - Initializing replication supervisor with thread count = 10
2024-05-24 07:48:45,806 [main] INFO  replication.ReplicationSupervisor (ReplicationSupervisor.java:nodeStateUpdated(312)) - Node state updated to IN_SERVICE, scaling executor pool size to 10
2024-05-24 07:48:45,856 [main] INFO  http.BaseHttpServer (BaseHttpServer.java:newHttpServer2BuilderForOzone(223)) - Starting Web-server for hddsDatanode at: http://0.0.0.0:15009
2024-05-24 07:48:45,856 [main] INFO  http.BaseHttpServer (BaseHttpServer.java:<init>(110)) - Hadoop Security Enabled: false Ozone Security Enabled: false Ozone HTTP Security Enabled: false 
2024-05-24 07:48:45,858 [main] WARN  server.AuthenticationFilter (AuthenticationFilter.java:constructSecretProvider(240)) - Unable to initialize FileSignerSecretProvider, falling back to use random secrets. Reason: Could not read signature secret file: /home/runner/hadoop-http-auth-signature-secret
2024-05-24 07:48:45,860 [main] INFO  http.HttpRequestLog (HttpRequestLog.java:getRequestLog(86)) - Http request log for http.requests.hddsDatanode is not defined
2024-05-24 07:48:45,862 [main] INFO  http.HttpServer2 (HttpServer2.java:addGlobalFilter(1036)) - Added global filter 'safety' (class=org.apache.hadoop.hdds.server.http.HttpServer2$QuotingInputFilter)
2024-05-24 07:48:45,863 [main] INFO  http.HttpServer2 (HttpServer2.java:addFilter(1012)) - Added filter static_user_filter (class=org.apache.hadoop.http.lib.StaticUserWebFilter$StaticUserFilter) to context hddsDatanode
2024-05-24 07:48:45,864 [main] INFO  http.HttpServer2 (HttpServer2.java:addFilter(1020)) - Added filter static_user_filter (class=org.apache.hadoop.http.lib.StaticUserWebFilter$StaticUserFilter) to context static
2024-05-24 07:48:45,864 [main] INFO  http.HttpServer2 (HttpServer2.java:addFilter(1020)) - Added filter static_user_filter (class=org.apache.hadoop.http.lib.StaticUserWebFilter$StaticUserFilter) to context logs
2024-05-24 07:48:45,865 [main] INFO  http.BaseHttpServer (BaseHttpServer.java:<init>(189)) - HTTP server of hddsDatanode uses base directory /home/runner/work/ozone/ozone/hadoop-ozone/integration-test/target/test-dir/MiniOzoneClusterImpl-b501fab0-540e-4575-af6e-dde2336b059e/ozone-meta/datanode-1/meta/webserver
2024-05-24 07:48:45,865 [main] INFO  http.HttpServer2 (HttpServer2.java:bindListener(1236)) - Jetty bound to port 15009
2024-05-24 07:48:45,865 [main] INFO  server.Server (Server.java:doStart(375)) - jetty-9.4.54.v20240208; built: 2024-02-08T19:42:39.027Z; git: cef3fbd6d736a21e7d541a5db490381d95a2047d; jvm 17.0.11+9
2024-05-24 07:48:45,876 [main] INFO  server.session (DefaultSessionIdManager.java:doStart(334)) - DefaultSessionIdManager workerName=node0
2024-05-24 07:48:45,877 [main] INFO  server.session (DefaultSessionIdManager.java:doStart(339)) - No SessionScavenger set, using defaults
2024-05-24 07:48:45,877 [main] INFO  server.session (HouseKeeper.java:startScavenging(132)) - node0 Scavenging every 600000ms
2024-05-24 07:48:45,879 [main] INFO  handler.ContextHandler (ContextHandler.java:doStart(921)) - Started o.e.j.s.ServletContextHandler@7755382a{logs,/logs,file:///home/runner/work/ozone/ozone/hadoop-ozone/integration-test/target/log,AVAILABLE}
2024-05-24 07:48:45,879 [main] INFO  handler.ContextHandler (ContextHandler.java:doStart(921)) - Started o.e.j.s.ServletContextHandler@270741c2{static,/static,file:///home/runner/work/ozone/ozone/hadoop-hdds/container-service/target/classes/webapps/static,AVAILABLE}
2024-05-24 07:48:45,886 [main] INFO  handler.ContextHandler (ContextHandler.java:doStart(921)) - Started o.e.j.w.WebAppContext@58c02b7f{hddsDatanode,/,file:///home/runner/work/ozone/ozone/hadoop-hdds/container-service/target/classes/webapps/hddsDatanode/,AVAILABLE}{file:/home/runner/work/ozone/ozone/hadoop-hdds/container-service/target/classes/webapps/hddsDatanode}
2024-05-24 07:48:45,887 [main] INFO  server.AbstractConnector (AbstractConnector.java:doStart(333)) - Started ServerConnector@68f1b06b{HTTP/1.1, (http/1.1)}{0.0.0.0:15009}
2024-05-24 07:48:45,890 [main] INFO  server.Server (Server.java:doStart(415)) - Started @8972ms
2024-05-24 07:48:45,891 [main] WARN  impl.MetricsSystemImpl (MetricsSystemImpl.java:register(279)) - Sink prometheus already exists!
2024-05-24 07:48:45,892 [main] INFO  http.BaseHttpServer (BaseHttpServer.java:updateConnectorAddress(354)) - HTTP server of hddsDatanode listening at http://0.0.0.0:15009
2024-05-24 07:48:45,896 [main] INFO  ipc.CallQueueManager (CallQueueManager.java:<init>(90)) - Using callQueue: class java.util.concurrent.LinkedBlockingQueue, queueCapacity: 100, scheduler: class org.apache.hadoop.ipc.DefaultRpcScheduler, ipcBackoff: false.
2024-05-24 07:48:45,896 [main] INFO  ipc.Server (Server.java:<init>(1287)) - Listener at 0.0.0.0:15010
2024-05-24 07:48:45,897 [Socket Reader #1 for port 15010] INFO  ipc.Server (Server.java:run(1323)) - Starting Socket Reader #1 for port 15010
2024-05-24 07:48:45,902 [main] INFO  ozone.HddsDatanodeService (HddsDatanodeService.java:start(327)) - Datanode start with admins: [runner]
2024-05-24 07:48:45,902 [main] INFO  ozone.HddsDatanodeClientProtocolServer (HddsDatanodeClientProtocolServer.java:start(77)) - RPC server for Client /0.0.0.0:15010
2024-05-24 07:48:45,908 [IPC Server Responder] INFO  ipc.Server (Server.java:run(1562)) - IPC Server Responder: starting
2024-05-24 07:48:45,908 [IPC Server listener on 15010] INFO  ipc.Server (Server.java:run(1402)) - IPC Server listener on 15010: starting
2024-05-24 07:48:45,914 [main] WARN  dropwizard3.Dm3MetricRegistriesImpl (Dm3MetricRegistriesImpl.java:addReporterRegistration(113)) - New reporters are added after registries were created. Some metrics will be missing from the reporter. Please add reporter before adding any new registry.
2024-05-24 07:48:45,914 [main] WARN  dropwizard3.Dm3MetricRegistriesImpl (Dm3MetricRegistriesImpl.java:addReporterRegistration(113)) - New reporters are added after registries were created. Some metrics will be missing from the reporter. Please add reporter before adding any new registry.
2024-05-24 07:48:45,914 [main] INFO  impl.MetricsSystemImpl (MetricsSystemImpl.java:init(158)) - HddsDatanode metrics system started (again)
2024-05-24 07:48:45,914 [5319acd4-0e99-4000-a29b-b8c741da6a3d-DatanodeStateMachineDaemonThread] INFO  statemachine.DatanodeStateMachine (DatanodeStateMachine.java:lambda$startDaemon$1(555)) - Ozone container server started.
2024-05-24 07:48:45,929 [main] INFO  ozone.HddsDatanodeService (HddsDatanodeService.java:start(240)) - HddsDatanodeService host:fv-az779-985.k0faouyluq4u1aavuapgg5xmpb.cx.internal.cloudapp.net ip:10.1.0.15
2024-05-24 07:48:45,958 [main] INFO  upgrade.AbstractLayoutVersionManager (AbstractLayoutVersionManager.java:init(83)) - Initializing Layout version manager with metadata layout = HADOOP_PRC_PORTS_IN_DATANODEDETAILS (version = 7), software layout = HADOOP_PRC_PORTS_IN_DATANODEDETAILS (version = 7)
2024-05-24 07:48:45,959 [main] INFO  statemachine.DatanodeStateMachine (DatanodeStateMachine.java:getEndPointTaskThreadPoolSize(299)) - Datanode State Machine Task Thread Pool size 2
2024-05-24 07:48:45,971 [main] INFO  volume.HddsVolume (HddsVolume.java:<init>(126)) - Creating HddsVolume: /home/runner/work/ozone/ozone/hadoop-ozone/integration-test/target/test-dir/MiniOzoneClusterImpl-b501fab0-540e-4575-af6e-dde2336b059e/ozone-meta/datanode-2/data-0/hdds of storage type : DISK capacity : 9222449699674390527
2024-05-24 07:48:45,972 [main] INFO  volume.MutableVolumeSet (MutableVolumeSet.java:initializeVolumeSet(173)) - Added Volume : /home/runner/work/ozone/ozone/hadoop-ozone/integration-test/target/test-dir/MiniOzoneClusterImpl-b501fab0-540e-4575-af6e-dde2336b059e/ozone-meta/datanode-2/data-0/hdds to VolumeSet
2024-05-24 07:48:45,975 [main] INFO  volume.MutableVolumeSet (MutableVolumeSet.java:initializeVolumeSet(173)) - Added Volume : /home/runner/work/ozone/ozone/hadoop-ozone/integration-test/target/test-dir/MiniOzoneClusterImpl-b501fab0-540e-4575-af6e-dde2336b059e/ozone-meta/datanode-2/ratis to VolumeSet
2024-05-24 07:48:45,977 [main] INFO  ozoneimpl.OzoneContainer (HddsVolumeUtil.java:loadAllHddsVolumeDbStore(103)) - Load 1 volumes DbStore cost: 2ms
2024-05-24 07:48:45,987 [main] INFO  server.RaftServer (ConfUtils.java:logGet(46)) - raft.rpc.type = GRPC (default)
2024-05-24 07:48:45,988 [main] INFO  grpc.GrpcConfigKeys (ConfUtils.java:logFallback(53)) - raft.grpc.admin.host = null (fallback to raft.grpc.server.host)
2024-05-24 07:48:45,988 [main] INFO  grpc.GrpcConfigKeys (ConfUtils.java:logGet(46)) - raft.grpc.admin.port = 15022 (custom)
2024-05-24 07:48:45,988 [main] INFO  grpc.GrpcConfigKeys (ConfUtils.java:logFallback(53)) - raft.grpc.client.host = null (fallback to raft.grpc.server.host)
2024-05-24 07:48:45,988 [main] INFO  grpc.GrpcConfigKeys (ConfUtils.java:logGet(46)) - raft.grpc.client.port = 15021 (custom)
2024-05-24 07:48:45,988 [main] INFO  grpc.GrpcConfigKeys (ConfUtils.java:logGet(46)) - raft.grpc.server.host = null (default)
2024-05-24 07:48:45,988 [main] INFO  grpc.GrpcConfigKeys (ConfUtils.java:logGet(46)) - raft.grpc.server.port = 15023 (custom)
2024-05-24 07:48:45,989 [main] INFO  server.GrpcService (ConfUtils.java:logGet(46)) - raft.grpc.message.size.max = 32MB (=33554432) (custom)
2024-05-24 07:48:45,989 [main] INFO  server.RaftServerConfigKeys (ConfUtils.java:logGet(46)) - raft.server.log.appender.buffer.byte-limit = 8388608 (custom)
2024-05-24 07:48:45,989 [main] INFO  server.GrpcService (ConfUtils.java:logGet(46)) - raft.grpc.flow.control.window = 5MB (=5242880) (custom)
2024-05-24 07:48:45,989 [main] INFO  server.RaftServerConfigKeys (ConfUtils.java:logGet(46)) - raft.server.rpc.request.timeout = 60s (custom)
2024-05-24 07:48:45,989 [main] INFO  grpc.GrpcConfigKeys (ConfUtils.java:logGet(46)) - raft.grpc.server.heartbeat.channel = true (default)
2024-05-24 07:48:45,989 [main] INFO  grpc.GrpcConfigKeys (ConfUtils.java:logGet(46)) - raft.grpc.server.async.request.thread.pool.cached = true (default)
2024-05-24 07:48:45,989 [main] INFO  grpc.GrpcConfigKeys (ConfUtils.java:logGet(46)) - raft.grpc.server.async.request.thread.pool.size = 32 (default)
2024-05-24 07:48:45,992 [main] INFO  impl.DataStreamServerImpl (ConfUtils.java:logGet(46)) - raft.datastream.type = NETTY (custom)
2024-05-24 07:48:45,993 [main] INFO  server.RaftServerConfigKeys (ConfUtils.java:logGet(46)) - raft.server.data-stream.async.request.thread.pool.cached = false (default)
2024-05-24 07:48:45,995 [main] INFO  server.RaftServerConfigKeys (ConfUtils.java:logGet(46)) - raft.server.data-stream.async.request.thread.pool.size = 20 (custom)
2024-05-24 07:48:45,995 [main] INFO  server.RaftServerConfigKeys (ConfUtils.java:logGet(46)) - raft.server.data-stream.async.write.thread.pool.size = 16 (default)
2024-05-24 07:48:45,995 [main] INFO  netty.NettyConfigKeys$DataStream (ConfUtils.java:logGet(46)) - raft.netty.dataStream.server.channel.inactive.grace-period = 10min (default)
2024-05-24 07:48:45,995 [main] INFO  server.RaftServerConfigKeys (ConfUtils.java:logGet(46)) - raft.server.data-stream.client.pool.size = 10 (default)
2024-05-24 07:48:45,996 [main] INFO  netty.NettyConfigKeys$DataStream (ConfUtils.java:logGet(46)) - raft.netty.dataStream.server.use-epoll = true (default)
2024-05-24 07:48:45,996 [main] INFO  netty.NettyConfigKeys$DataStream (ConfUtils.java:logGet(46)) - raft.netty.dataStream.server.boss-group.size = 0 (default)
2024-05-24 07:48:45,996 [main] INFO  netty.NettyUtils (NettyUtils.java:newEventLoopGroup(69)) - Create EpollEventLoopGroup for 5de18b20-4c2d-46f3-add3-84b533bc57c8-NettyServerStreamRpc-bossGroup; Thread size is 0.
2024-05-24 07:48:46,025 [main] INFO  netty.NettyConfigKeys$DataStream (ConfUtils.java:logGet(46)) - raft.netty.dataStream.server.worker-group.size = 0 (default)
2024-05-24 07:48:46,026 [main] INFO  netty.NettyUtils (NettyUtils.java:newEventLoopGroup(69)) - Create EpollEventLoopGroup for 5de18b20-4c2d-46f3-add3-84b533bc57c8-NettyServerStreamRpc-workerGroup; Thread size is 0.
2024-05-24 07:48:46,027 [main] INFO  netty.NettyConfigKeys$DataStream (ConfUtils.java:logGet(46)) - raft.netty.dataStream.server.tls.conf = null (default)
2024-05-24 07:48:46,027 [main] INFO  netty.NettyConfigKeys$DataStream (ConfUtils.java:logGet(46)) - raft.netty.dataStream.host = null (default)
2024-05-24 07:48:46,028 [main] INFO  netty.NettyConfigKeys$DataStream (ConfUtils.java:logGet(46)) - raft.netty.dataStream.port = 15024 (custom)
2024-05-24 07:48:46,028 [main] INFO  server.RaftServerConfigKeys (ConfUtils.java:logGet(46)) - raft.server.sleep.deviation.threshold = 300ms (default)
2024-05-24 07:48:46,029 [main] INFO  server.RaftServerConfigKeys (ConfUtils.java:logGet(46)) - raft.server.close.threshold = 60s (default)
2024-05-24 07:48:46,029 [main] INFO  server.RaftServerConfigKeys (ConfUtils.java:logGet(46)) - raft.server.leaderelection.leader.step-down.wait-time = 10s (default)
2024-05-24 07:48:46,029 [main] INFO  server.RaftServerConfigKeys (ConfUtils.java:logGet(46)) - raft.server.storage.dir = [/home/runner/work/ozone/ozone/hadoop-ozone/integration-test/target/test-dir/MiniOzoneClusterImpl-b501fab0-540e-4575-af6e-dde2336b059e/ozone-meta/datanode-2/ratis] (custom)
2024-05-24 07:48:46,029 [main] INFO  server.RaftServerConfigKeys (ConfUtils.java:logGet(46)) - raft.server.threadpool.proxy.cached = true (default)
2024-05-24 07:48:46,029 [main] INFO  server.RaftServerConfigKeys (ConfUtils.java:logGet(46)) - raft.server.threadpool.proxy.size = 0 (default)
2024-05-24 07:48:46,030 [5de18b20-4c2d-46f3-add3-84b533bc57c8-NettyServerStreamRpc-bossGroup--thread1] INFO  logging.LoggingHandler (AbstractInternalLogger.java:log(148)) - [id: 0x63154830] REGISTERED
2024-05-24 07:48:46,034 [5de18b20-4c2d-46f3-add3-84b533bc57c8-NettyServerStreamRpc-bossGroup--thread1] INFO  logging.LoggingHandler (AbstractInternalLogger.java:log(148)) - [id: 0x63154830] BIND: 0.0.0.0/0.0.0.0:15024
2024-05-24 07:48:46,034 [5de18b20-4c2d-46f3-add3-84b533bc57c8-NettyServerStreamRpc-bossGroup--thread1] INFO  logging.LoggingHandler (AbstractInternalLogger.java:log(148)) - [id: 0x63154830, L:/0.0.0.0:15024] ACTIVE
2024-05-24 07:48:46,032 [5de18b20-4c2d-46f3-add3-84b533bc57c8-impl-thread1] INFO  server.RaftServer (RaftServerProxy.java:initGroupDir(264)) - 5de18b20-4c2d-46f3-add3-84b533bc57c8: found a subdirectory /home/runner/work/ozone/ozone/hadoop-ozone/integration-test/target/test-dir/MiniOzoneClusterImpl-b501fab0-540e-4575-af6e-dde2336b059e/ozone-meta/datanode-2/ratis/tmp
2024-05-24 07:48:46,036 [5de18b20-4c2d-46f3-add3-84b533bc57c8-impl-thread1] INFO  server.RaftServer (RaftServerProxy.java:initGroupDir(269)) - 5de18b20-4c2d-46f3-add3-84b533bc57c8: The directory /home/runner/work/ozone/ozone/hadoop-ozone/integration-test/target/test-dir/MiniOzoneClusterImpl-b501fab0-540e-4575-af6e-dde2336b059e/ozone-meta/datanode-2/ratis/tmp is not a group directory; ignoring it. 
2024-05-24 07:48:46,037 [main] INFO  replication.ReplicationServer (ReplicationServer.java:<init>(86)) - Initializing replication server with thread count = 10 queue length = 4096
2024-05-24 07:48:46,039 [main] INFO  server.XceiverServerGrpc (XceiverServerGrpc.java:<init>(141)) - GrpcServer channel type EpollServerSocketChannel
2024-05-24 07:48:46,047 [main] INFO  replication.ReplicationSupervisor (ReplicationSupervisor.java:build(157)) - Initializing replication supervisor with thread count = 10
2024-05-24 07:48:46,047 [main] INFO  replication.ReplicationSupervisor (ReplicationSupervisor.java:nodeStateUpdated(312)) - Node state updated to IN_SERVICE, scaling executor pool size to 10
2024-05-24 07:48:46,052 [5319acd4-0e99-4000-a29b-b8c741da6a3d-DatanodeStateMachineTaskThread-0] INFO  datanode.InitDatanodeState (InitDatanodeState.java:persistContainerDatanodeDetails(139)) - DatanodeDetails is persisted to /home/runner/work/ozone/ozone/hadoop-ozone/integration-test/target/test-dir/MiniOzoneClusterImpl-b501fab0-540e-4575-af6e-dde2336b059e/ozone-meta/datanode-1/meta/datanode.id
2024-05-24 07:48:46,054 [main] INFO  http.BaseHttpServer (BaseHttpServer.java:newHttpServer2BuilderForOzone(223)) - Starting Web-server for hddsDatanode at: http://0.0.0.0:15018
2024-05-24 07:48:46,054 [main] INFO  http.BaseHttpServer (BaseHttpServer.java:<init>(110)) - Hadoop Security Enabled: false Ozone Security Enabled: false Ozone HTTP Security Enabled: false 
2024-05-24 07:48:46,055 [main] WARN  server.AuthenticationFilter (AuthenticationFilter.java:constructSecretProvider(240)) - Unable to initialize FileSignerSecretProvider, falling back to use random secrets. Reason: Could not read signature secret file: /home/runner/hadoop-http-auth-signature-secret
2024-05-24 07:48:46,057 [main] INFO  http.HttpRequestLog (HttpRequestLog.java:getRequestLog(86)) - Http request log for http.requests.hddsDatanode is not defined
2024-05-24 07:48:46,059 [main] INFO  http.HttpServer2 (HttpServer2.java:addGlobalFilter(1036)) - Added global filter 'safety' (class=org.apache.hadoop.hdds.server.http.HttpServer2$QuotingInputFilter)
2024-05-24 07:48:46,060 [main] INFO  http.HttpServer2 (HttpServer2.java:addFilter(1012)) - Added filter static_user_filter (class=org.apache.hadoop.http.lib.StaticUserWebFilter$StaticUserFilter) to context hddsDatanode
2024-05-24 07:48:46,060 [main] INFO  http.HttpServer2 (HttpServer2.java:addFilter(1020)) - Added filter static_user_filter (class=org.apache.hadoop.http.lib.StaticUserWebFilter$StaticUserFilter) to context static
2024-05-24 07:48:46,060 [main] INFO  http.HttpServer2 (HttpServer2.java:addFilter(1020)) - Added filter static_user_filter (class=org.apache.hadoop.http.lib.StaticUserWebFilter$StaticUserFilter) to context logs
2024-05-24 07:48:46,061 [main] INFO  http.BaseHttpServer (BaseHttpServer.java:<init>(189)) - HTTP server of hddsDatanode uses base directory /home/runner/work/ozone/ozone/hadoop-ozone/integration-test/target/test-dir/MiniOzoneClusterImpl-b501fab0-540e-4575-af6e-dde2336b059e/ozone-meta/datanode-2/meta/webserver
2024-05-24 07:48:46,061 [main] INFO  http.HttpServer2 (HttpServer2.java:bindListener(1236)) - Jetty bound to port 15018
2024-05-24 07:48:46,061 [main] INFO  server.Server (Server.java:doStart(375)) - jetty-9.4.54.v20240208; built: 2024-02-08T19:42:39.027Z; git: cef3fbd6d736a21e7d541a5db490381d95a2047d; jvm 17.0.11+9
2024-05-24 07:48:46,063 [main] INFO  server.session (DefaultSessionIdManager.java:doStart(334)) - DefaultSessionIdManager workerName=node0
2024-05-24 07:48:46,063 [main] INFO  server.session (DefaultSessionIdManager.java:doStart(339)) - No SessionScavenger set, using defaults
2024-05-24 07:48:46,063 [main] INFO  server.session (HouseKeeper.java:startScavenging(132)) - node0 Scavenging every 600000ms
2024-05-24 07:48:46,067 [main] INFO  handler.ContextHandler (ContextHandler.java:doStart(921)) - Started o.e.j.s.ServletContextHandler@314f929{logs,/logs,file:///home/runner/work/ozone/ozone/hadoop-ozone/integration-test/target/log,AVAILABLE}
2024-05-24 07:48:46,068 [main] INFO  handler.ContextHandler (ContextHandler.java:doStart(921)) - Started o.e.j.s.ServletContextHandler@577269f{static,/static,file:///home/runner/work/ozone/ozone/hadoop-hdds/container-service/target/classes/webapps/static,AVAILABLE}
2024-05-24 07:48:46,074 [main] INFO  handler.ContextHandler (ContextHandler.java:doStart(921)) - Started o.e.j.w.WebAppContext@47046907{hddsDatanode,/,file:///home/runner/work/ozone/ozone/hadoop-hdds/container-service/target/classes/webapps/hddsDatanode/,AVAILABLE}{file:/home/runner/work/ozone/ozone/hadoop-hdds/container-service/target/classes/webapps/hddsDatanode}
2024-05-24 07:48:46,075 [main] INFO  server.AbstractConnector (AbstractConnector.java:doStart(333)) - Started ServerConnector@575e8860{HTTP/1.1, (http/1.1)}{0.0.0.0:15018}
2024-05-24 07:48:46,076 [main] INFO  server.Server (Server.java:doStart(415)) - Started @9157ms
2024-05-24 07:48:46,076 [main] WARN  impl.MetricsSystemImpl (MetricsSystemImpl.java:register(279)) - Sink prometheus already exists!
2024-05-24 07:48:46,077 [main] INFO  http.BaseHttpServer (BaseHttpServer.java:updateConnectorAddress(354)) - HTTP server of hddsDatanode listening at http://0.0.0.0:15018
2024-05-24 07:48:46,078 [main] INFO  ipc.CallQueueManager (CallQueueManager.java:<init>(90)) - Using callQueue: class java.util.concurrent.LinkedBlockingQueue, queueCapacity: 100, scheduler: class org.apache.hadoop.ipc.DefaultRpcScheduler, ipcBackoff: false.
2024-05-24 07:48:46,078 [main] INFO  ipc.Server (Server.java:<init>(1287)) - Listener at 0.0.0.0:15019
2024-05-24 07:48:46,079 [Socket Reader #1 for port 15019] INFO  ipc.Server (Server.java:run(1323)) - Starting Socket Reader #1 for port 15019
2024-05-24 07:48:46,084 [main] INFO  ozone.HddsDatanodeService (HddsDatanodeService.java:start(327)) - Datanode start with admins: [runner]
2024-05-24 07:48:46,084 [main] INFO  ozone.HddsDatanodeClientProtocolServer (HddsDatanodeClientProtocolServer.java:start(77)) - RPC server for Client /0.0.0.0:15019
2024-05-24 07:48:46,085 [IPC Server Responder] INFO  ipc.Server (Server.java:run(1562)) - IPC Server Responder: starting
2024-05-24 07:48:46,085 [IPC Server listener on 15019] INFO  ipc.Server (Server.java:run(1402)) - IPC Server listener on 15019: starting
2024-05-24 07:48:46,086 [main] WARN  dropwizard3.Dm3MetricRegistriesImpl (Dm3MetricRegistriesImpl.java:addReporterRegistration(113)) - New reporters are added after registries were created. Some metrics will be missing from the reporter. Please add reporter before adding any new registry.
2024-05-24 07:48:46,086 [main] WARN  dropwizard3.Dm3MetricRegistriesImpl (Dm3MetricRegistriesImpl.java:addReporterRegistration(113)) - New reporters are added after registries were created. Some metrics will be missing from the reporter. Please add reporter before adding any new registry.
2024-05-24 07:48:46,086 [main] INFO  impl.MetricsSystemImpl (MetricsSystemImpl.java:init(158)) - HddsDatanode metrics system started (again)
2024-05-24 07:48:46,088 [5de18b20-4c2d-46f3-add3-84b533bc57c8-DatanodeStateMachineDaemonThread] INFO  statemachine.DatanodeStateMachine (DatanodeStateMachine.java:lambda$startDaemon$1(555)) - Ozone container server started.
2024-05-24 07:48:46,098 [main] INFO  ozone.HddsDatanodeService (HddsDatanodeService.java:start(240)) - HddsDatanodeService host:fv-az779-985.k0faouyluq4u1aavuapgg5xmpb.cx.internal.cloudapp.net ip:10.1.0.15
2024-05-24 07:48:46,108 [5de18b20-4c2d-46f3-add3-84b533bc57c8-DatanodeStateMachineTaskThread-0] INFO  datanode.InitDatanodeState (InitDatanodeState.java:persistContainerDatanodeDetails(139)) - DatanodeDetails is persisted to /home/runner/work/ozone/ozone/hadoop-ozone/integration-test/target/test-dir/MiniOzoneClusterImpl-b501fab0-540e-4575-af6e-dde2336b059e/ozone-meta/datanode-2/meta/datanode.id
2024-05-24 07:48:46,126 [main] INFO  upgrade.AbstractLayoutVersionManager (AbstractLayoutVersionManager.java:init(83)) - Initializing Layout version manager with metadata layout = HADOOP_PRC_PORTS_IN_DATANODEDETAILS (version = 7), software layout = HADOOP_PRC_PORTS_IN_DATANODEDETAILS (version = 7)
2024-05-24 07:48:46,127 [main] INFO  statemachine.DatanodeStateMachine (DatanodeStateMachine.java:getEndPointTaskThreadPoolSize(299)) - Datanode State Machine Task Thread Pool size 2
2024-05-24 07:48:46,130 [main] INFO  volume.HddsVolume (HddsVolume.java:<init>(126)) - Creating HddsVolume: /home/runner/work/ozone/ozone/hadoop-ozone/integration-test/target/test-dir/MiniOzoneClusterImpl-b501fab0-540e-4575-af6e-dde2336b059e/ozone-meta/datanode-3/data-0/hdds of storage type : DISK capacity : 9222449699674390527
2024-05-24 07:48:46,131 [main] INFO  volume.MutableVolumeSet (MutableVolumeSet.java:initializeVolumeSet(173)) - Added Volume : /home/runner/work/ozone/ozone/hadoop-ozone/integration-test/target/test-dir/MiniOzoneClusterImpl-b501fab0-540e-4575-af6e-dde2336b059e/ozone-meta/datanode-3/data-0/hdds to VolumeSet
2024-05-24 07:48:46,132 [main] INFO  volume.MutableVolumeSet (MutableVolumeSet.java:initializeVolumeSet(173)) - Added Volume : /home/runner/work/ozone/ozone/hadoop-ozone/integration-test/target/test-dir/MiniOzoneClusterImpl-b501fab0-540e-4575-af6e-dde2336b059e/ozone-meta/datanode-3/ratis to VolumeSet
2024-05-24 07:48:46,133 [main] INFO  ozoneimpl.OzoneContainer (HddsVolumeUtil.java:loadAllHddsVolumeDbStore(103)) - Load 1 volumes DbStore cost: 0ms
2024-05-24 07:48:46,137 [main] INFO  server.RaftServer (ConfUtils.java:logGet(46)) - raft.rpc.type = GRPC (default)
2024-05-24 07:48:46,138 [main] INFO  grpc.GrpcConfigKeys (ConfUtils.java:logFallback(53)) - raft.grpc.admin.host = null (fallback to raft.grpc.server.host)
2024-05-24 07:48:46,138 [main] INFO  grpc.GrpcConfigKeys (ConfUtils.java:logGet(46)) - raft.grpc.admin.port = 15031 (custom)
2024-05-24 07:48:46,138 [main] INFO  grpc.GrpcConfigKeys (ConfUtils.java:logFallback(53)) - raft.grpc.client.host = null (fallback to raft.grpc.server.host)
2024-05-24 07:48:46,139 [main] INFO  grpc.GrpcConfigKeys (ConfUtils.java:logGet(46)) - raft.grpc.client.port = 15030 (custom)
2024-05-24 07:48:46,139 [main] INFO  grpc.GrpcConfigKeys (ConfUtils.java:logGet(46)) - raft.grpc.server.host = null (default)
2024-05-24 07:48:46,139 [main] INFO  grpc.GrpcConfigKeys (ConfUtils.java:logGet(46)) - raft.grpc.server.port = 15032 (custom)
2024-05-24 07:48:46,140 [main] INFO  server.GrpcService (ConfUtils.java:logGet(46)) - raft.grpc.message.size.max = 32MB (=33554432) (custom)
2024-05-24 07:48:46,140 [main] INFO  server.RaftServerConfigKeys (ConfUtils.java:logGet(46)) - raft.server.log.appender.buffer.byte-limit = 8388608 (custom)
2024-05-24 07:48:46,140 [main] INFO  server.GrpcService (ConfUtils.java:logGet(46)) - raft.grpc.flow.control.window = 5MB (=5242880) (custom)
2024-05-24 07:48:46,140 [main] INFO  server.RaftServerConfigKeys (ConfUtils.java:logGet(46)) - raft.server.rpc.request.timeout = 60s (custom)
2024-05-24 07:48:46,140 [main] INFO  grpc.GrpcConfigKeys (ConfUtils.java:logGet(46)) - raft.grpc.server.heartbeat.channel = true (default)
2024-05-24 07:48:46,140 [main] INFO  grpc.GrpcConfigKeys (ConfUtils.java:logGet(46)) - raft.grpc.server.async.request.thread.pool.cached = true (default)
2024-05-24 07:48:46,141 [main] INFO  grpc.GrpcConfigKeys (ConfUtils.java:logGet(46)) - raft.grpc.server.async.request.thread.pool.size = 32 (default)
2024-05-24 07:48:46,143 [main] INFO  impl.DataStreamServerImpl (ConfUtils.java:logGet(46)) - raft.datastream.type = NETTY (custom)
2024-05-24 07:48:46,143 [main] INFO  server.RaftServerConfigKeys (ConfUtils.java:logGet(46)) - raft.server.data-stream.async.request.thread.pool.cached = false (default)
2024-05-24 07:48:46,143 [main] INFO  server.RaftServerConfigKeys (ConfUtils.java:logGet(46)) - raft.server.data-stream.async.request.thread.pool.size = 20 (custom)
2024-05-24 07:48:46,143 [main] INFO  server.RaftServerConfigKeys (ConfUtils.java:logGet(46)) - raft.server.data-stream.async.write.thread.pool.size = 16 (default)
2024-05-24 07:48:46,144 [main] INFO  netty.NettyConfigKeys$DataStream (ConfUtils.java:logGet(46)) - raft.netty.dataStream.server.channel.inactive.grace-period = 10min (default)
2024-05-24 07:48:46,144 [main] INFO  server.RaftServerConfigKeys (ConfUtils.java:logGet(46)) - raft.server.data-stream.client.pool.size = 10 (default)
2024-05-24 07:48:46,145 [main] INFO  netty.NettyConfigKeys$DataStream (ConfUtils.java:logGet(46)) - raft.netty.dataStream.server.use-epoll = true (default)
2024-05-24 07:48:46,145 [main] INFO  netty.NettyConfigKeys$DataStream (ConfUtils.java:logGet(46)) - raft.netty.dataStream.server.boss-group.size = 0 (default)
2024-05-24 07:48:46,146 [main] INFO  netty.NettyUtils (NettyUtils.java:newEventLoopGroup(69)) - Create EpollEventLoopGroup for 0f6129c7-dda1-4d42-8d75-6a3ef1e9116c-NettyServerStreamRpc-bossGroup; Thread size is 0.
2024-05-24 07:48:46,146 [main] INFO  netty.NettyConfigKeys$DataStream (ConfUtils.java:logGet(46)) - raft.netty.dataStream.server.worker-group.size = 0 (default)
2024-05-24 07:48:46,147 [main] INFO  netty.NettyUtils (NettyUtils.java:newEventLoopGroup(69)) - Create EpollEventLoopGroup for 0f6129c7-dda1-4d42-8d75-6a3ef1e9116c-NettyServerStreamRpc-workerGroup; Thread size is 0.
2024-05-24 07:48:46,147 [main] INFO  netty.NettyConfigKeys$DataStream (ConfUtils.java:logGet(46)) - raft.netty.dataStream.server.tls.conf = null (default)
2024-05-24 07:48:46,148 [main] INFO  netty.NettyConfigKeys$DataStream (ConfUtils.java:logGet(46)) - raft.netty.dataStream.host = null (default)
2024-05-24 07:48:46,148 [main] INFO  netty.NettyConfigKeys$DataStream (ConfUtils.java:logGet(46)) - raft.netty.dataStream.port = 15033 (custom)
2024-05-24 07:48:46,149 [main] INFO  server.RaftServerConfigKeys (ConfUtils.java:logGet(46)) - raft.server.sleep.deviation.threshold = 300ms (default)
2024-05-24 07:48:46,149 [main] INFO  server.RaftServerConfigKeys (ConfUtils.java:logGet(46)) - raft.server.close.threshold = 60s (default)
2024-05-24 07:48:46,149 [main] INFO  server.RaftServerConfigKeys (ConfUtils.java:logGet(46)) - raft.server.leaderelection.leader.step-down.wait-time = 10s (default)
2024-05-24 07:48:46,149 [0f6129c7-dda1-4d42-8d75-6a3ef1e9116c-NettyServerStreamRpc-bossGroup--thread1] INFO  logging.LoggingHandler (AbstractInternalLogger.java:log(148)) - [id: 0x3d44b5cf] REGISTERED
2024-05-24 07:48:46,149 [main] INFO  server.RaftServerConfigKeys (ConfUtils.java:logGet(46)) - raft.server.storage.dir = [/home/runner/work/ozone/ozone/hadoop-ozone/integration-test/target/test-dir/MiniOzoneClusterImpl-b501fab0-540e-4575-af6e-dde2336b059e/ozone-meta/datanode-3/ratis] (custom)
2024-05-24 07:48:46,149 [0f6129c7-dda1-4d42-8d75-6a3ef1e9116c-NettyServerStreamRpc-bossGroup--thread1] INFO  logging.LoggingHandler (AbstractInternalLogger.java:log(148)) - [id: 0x3d44b5cf] BIND: 0.0.0.0/0.0.0.0:15033
2024-05-24 07:48:46,149 [main] INFO  server.RaftServerConfigKeys (ConfUtils.java:logGet(46)) - raft.server.threadpool.proxy.cached = true (default)
2024-05-24 07:48:46,149 [main] INFO  server.RaftServerConfigKeys (ConfUtils.java:logGet(46)) - raft.server.threadpool.proxy.size = 0 (default)
2024-05-24 07:48:46,149 [0f6129c7-dda1-4d42-8d75-6a3ef1e9116c-NettyServerStreamRpc-bossGroup--thread1] INFO  logging.LoggingHandler (AbstractInternalLogger.java:log(148)) - [id: 0x3d44b5cf, L:/0.0.0.0:15033] ACTIVE
2024-05-24 07:48:46,153 [0f6129c7-dda1-4d42-8d75-6a3ef1e9116c-impl-thread1] INFO  server.RaftServer (RaftServerProxy.java:initGroupDir(264)) - 0f6129c7-dda1-4d42-8d75-6a3ef1e9116c: found a subdirectory /home/runner/work/ozone/ozone/hadoop-ozone/integration-test/target/test-dir/MiniOzoneClusterImpl-b501fab0-540e-4575-af6e-dde2336b059e/ozone-meta/datanode-3/ratis/tmp
2024-05-24 07:48:46,153 [0f6129c7-dda1-4d42-8d75-6a3ef1e9116c-impl-thread1] INFO  server.RaftServer (RaftServerProxy.java:initGroupDir(269)) - 0f6129c7-dda1-4d42-8d75-6a3ef1e9116c: The directory /home/runner/work/ozone/ozone/hadoop-ozone/integration-test/target/test-dir/MiniOzoneClusterImpl-b501fab0-540e-4575-af6e-dde2336b059e/ozone-meta/datanode-3/ratis/tmp is not a group directory; ignoring it. 
2024-05-24 07:48:46,153 [main] INFO  replication.ReplicationServer (ReplicationServer.java:<init>(86)) - Initializing replication server with thread count = 10 queue length = 4096
2024-05-24 07:48:46,155 [main] INFO  server.XceiverServerGrpc (XceiverServerGrpc.java:<init>(141)) - GrpcServer channel type EpollServerSocketChannel
2024-05-24 07:48:46,158 [main] INFO  replication.ReplicationSupervisor (ReplicationSupervisor.java:build(157)) - Initializing replication supervisor with thread count = 10
2024-05-24 07:48:46,159 [main] INFO  replication.ReplicationSupervisor (ReplicationSupervisor.java:nodeStateUpdated(312)) - Node state updated to IN_SERVICE, scaling executor pool size to 10
2024-05-24 07:48:46,170 [om1@group-C5BA1605619E-FollowerState] INFO  impl.FollowerState (FollowerState.java:run(143)) - om1@group-C5BA1605619E-FollowerState: change to CANDIDATE, lastRpcElapsedTime:1103908184ns, electionTimeout:1095ms
2024-05-24 07:48:46,170 [om1@group-C5BA1605619E-FollowerState] INFO  impl.RoleInfo (RoleInfo.java:shutdownFollowerState(110)) - om1: shutdown om1@group-C5BA1605619E-FollowerState
2024-05-24 07:48:46,170 [om1@group-C5BA1605619E-FollowerState] INFO  server.RaftServer$Division (RaftServerImpl.java:setRole(383)) - om1@group-C5BA1605619E: changes role from  FOLLOWER to CANDIDATE at term 0 for changeToCandidate
2024-05-24 07:48:46,172 [om1@group-C5BA1605619E-FollowerState] INFO  server.RaftServerConfigKeys (ConfUtils.java:logGet(46)) - raft.server.leaderelection.pre-vote = true (default)
2024-05-24 07:48:46,173 [om1@group-C5BA1605619E-FollowerState] INFO  impl.RoleInfo (RoleInfo.java:updateAndGet(139)) - om1: start om1@group-C5BA1605619E-LeaderElection1
2024-05-24 07:48:46,179 [om1@group-C5BA1605619E-LeaderElection1] INFO  impl.LeaderElection (LeaderElection.java:askForVotes(321)) - om1@group-C5BA1605619E-LeaderElection1 PRE_VOTE round 0: submit vote requests at term 0 for -1: peers:[om1|localhost:15007]|listeners:[], old=null
2024-05-24 07:48:46,180 [om1@group-C5BA1605619E-LeaderElection1] INFO  impl.LeaderElection (LeaderElection.java:askForVotes(323)) - om1@group-C5BA1605619E-LeaderElection1 PRE_VOTE round 0: result PASSED (term=0)
2024-05-24 07:48:46,182 [main] INFO  http.BaseHttpServer (BaseHttpServer.java:newHttpServer2BuilderForOzone(223)) - Starting Web-server for hddsDatanode at: http://0.0.0.0:15027
2024-05-24 07:48:46,182 [main] INFO  http.BaseHttpServer (BaseHttpServer.java:<init>(110)) - Hadoop Security Enabled: false Ozone Security Enabled: false Ozone HTTP Security Enabled: false 
2024-05-24 07:48:46,183 [om1@group-C5BA1605619E-LeaderElection1] INFO  impl.LeaderElection (LeaderElection.java:askForVotes(321)) - om1@group-C5BA1605619E-LeaderElection1 ELECTION round 0: submit vote requests at term 1 for -1: peers:[om1|localhost:15007]|listeners:[], old=null
2024-05-24 07:48:46,183 [om1@group-C5BA1605619E-LeaderElection1] INFO  impl.LeaderElection (LeaderElection.java:askForVotes(323)) - om1@group-C5BA1605619E-LeaderElection1 ELECTION round 0: result PASSED (term=1)
2024-05-24 07:48:46,183 [om1@group-C5BA1605619E-LeaderElection1] INFO  impl.RoleInfo (RoleInfo.java:shutdownLeaderElection(130)) - om1: shutdown om1@group-C5BA1605619E-LeaderElection1
2024-05-24 07:48:46,184 [om1@group-C5BA1605619E-LeaderElection1] INFO  server.RaftServer$Division (RaftServerImpl.java:setRole(383)) - om1@group-C5BA1605619E: changes role from CANDIDATE to LEADER at term 1 for changeToLeader
2024-05-24 07:48:46,185 [main] WARN  server.AuthenticationFilter (AuthenticationFilter.java:constructSecretProvider(240)) - Unable to initialize FileSignerSecretProvider, falling back to use random secrets. Reason: Could not read signature secret file: /home/runner/hadoop-http-auth-signature-secret
2024-05-24 07:48:46,187 [main] INFO  http.HttpRequestLog (HttpRequestLog.java:getRequestLog(86)) - Http request log for http.requests.hddsDatanode is not defined
2024-05-24 07:48:46,189 [om1@group-C5BA1605619E-LeaderElection1] INFO  server.RaftServerConfigKeys (ConfUtils.java:logGet(46)) - raft.server.staging.catchup.gap = 1000 (default)
2024-05-24 07:48:46,189 [main] INFO  http.HttpServer2 (HttpServer2.java:addGlobalFilter(1036)) - Added global filter 'safety' (class=org.apache.hadoop.hdds.server.http.HttpServer2$QuotingInputFilter)
2024-05-24 07:48:46,190 [main] INFO  http.HttpServer2 (HttpServer2.java:addFilter(1012)) - Added filter static_user_filter (class=org.apache.hadoop.http.lib.StaticUserWebFilter$StaticUserFilter) to context hddsDatanode
2024-05-24 07:48:46,191 [main] INFO  http.HttpServer2 (HttpServer2.java:addFilter(1020)) - Added filter static_user_filter (class=org.apache.hadoop.http.lib.StaticUserWebFilter$StaticUserFilter) to context logs
2024-05-24 07:48:46,191 [main] INFO  http.HttpServer2 (HttpServer2.java:addFilter(1020)) - Added filter static_user_filter (class=org.apache.hadoop.http.lib.StaticUserWebFilter$StaticUserFilter) to context static
2024-05-24 07:48:46,191 [main] INFO  http.BaseHttpServer (BaseHttpServer.java:<init>(189)) - HTTP server of hddsDatanode uses base directory /home/runner/work/ozone/ozone/hadoop-ozone/integration-test/target/test-dir/MiniOzoneClusterImpl-b501fab0-540e-4575-af6e-dde2336b059e/ozone-meta/datanode-3/meta/webserver
2024-05-24 07:48:46,192 [main] INFO  http.HttpServer2 (HttpServer2.java:bindListener(1236)) - Jetty bound to port 15027
2024-05-24 07:48:46,192 [main] INFO  server.Server (Server.java:doStart(375)) - jetty-9.4.54.v20240208; built: 2024-02-08T19:42:39.027Z; git: cef3fbd6d736a21e7d541a5db490381d95a2047d; jvm 17.0.11+9
2024-05-24 07:48:46,192 [om1@group-C5BA1605619E-LeaderElection1] INFO  server.RaftServerConfigKeys (ConfUtils.java:logGet(46)) - raft.server.write.element-limit = 4096 (default)
2024-05-24 07:48:46,193 [om1@group-C5BA1605619E-LeaderElection1] INFO  server.RaftServerConfigKeys (ConfUtils.java:logGet(46)) - raft.server.write.byte-limit = 64MB (=67108864) (default)
2024-05-24 07:48:46,196 [om1@group-C5BA1605619E-LeaderElection1] INFO  server.RaftServerConfigKeys (ConfUtils.java:logGet(46)) - raft.server.watch.timeout = 10s (default)
2024-05-24 07:48:46,196 [om1@group-C5BA1605619E-LeaderElection1] INFO  server.RaftServerConfigKeys (ConfUtils.java:logGet(46)) - raft.server.watch.timeout.denomination = 1s (default)
2024-05-24 07:48:46,197 [om1@group-C5BA1605619E-LeaderElection1] INFO  server.RaftServerConfigKeys (ConfUtils.java:logGet(46)) - raft.server.watch.element-limit = 65536 (default)
2024-05-24 07:48:46,200 [main] INFO  server.session (DefaultSessionIdManager.java:doStart(334)) - DefaultSessionIdManager workerName=node0
2024-05-24 07:48:46,200 [main] INFO  server.session (DefaultSessionIdManager.java:doStart(339)) - No SessionScavenger set, using defaults
2024-05-24 07:48:46,200 [main] INFO  server.session (HouseKeeper.java:startScavenging(132)) - node0 Scavenging every 660000ms
2024-05-24 07:48:46,203 [om1@group-C5BA1605619E-LeaderElection1] INFO  server.RaftServerConfigKeys (ConfUtils.java:logGet(46)) - raft.server.read.leader.lease.enabled = false (default)
2024-05-24 07:48:46,204 [main] INFO  handler.ContextHandler (ContextHandler.java:doStart(921)) - Started o.e.j.s.ServletContextHandler@50629a46{logs,/logs,file:///home/runner/work/ozone/ozone/hadoop-ozone/integration-test/target/log,AVAILABLE}
2024-05-24 07:48:46,205 [main] INFO  handler.ContextHandler (ContextHandler.java:doStart(921)) - Started o.e.j.s.ServletContextHandler@599ad726{static,/static,file:///home/runner/work/ozone/ozone/hadoop-hdds/container-service/target/classes/webapps/static,AVAILABLE}
2024-05-24 07:48:46,206 [om1@group-C5BA1605619E-LeaderElection1] INFO  server.RaftServerConfigKeys (ConfUtils.java:logGet(46)) - raft.server.read.leader.lease.timeout.ratio = 0.9 (default)
2024-05-24 07:48:46,206 [om1@group-C5BA1605619E-LeaderElection1] INFO  server.RaftServerConfigKeys (ConfUtils.java:logGet(46)) - raft.server.rpc.timeout.min = 1s (custom)
2024-05-24 07:48:46,207 [om1@group-C5BA1605619E-LeaderElection1] INFO  server.RaftServerConfigKeys (ConfUtils.java:logGet(46)) - raft.server.write.element-limit = 4096 (default)
2024-05-24 07:48:46,207 [om1@group-C5BA1605619E-LeaderElection1] INFO  server.RaftServerConfigKeys (ConfUtils.java:logGet(46)) - raft.server.write.follower.gap.ratio.max = -1.0 (default)
2024-05-24 07:48:46,210 [om1@group-C5BA1605619E-LeaderElection1] INFO  impl.RoleInfo (RoleInfo.java:updateAndGet(139)) - om1: start om1@group-C5BA1605619E-LeaderStateImpl
2024-05-24 07:48:46,210 [om1@group-C5BA1605619E-LeaderElection1] INFO  server.RaftServer$Division (RaftServerImpl.java:setFirstElection(574)) - om1@group-C5BA1605619E: set firstElectionSinceStartup to false for becomeLeader
2024-05-24 07:48:46,213 [om1@group-C5BA1605619E-LeaderElection1] INFO  server.RaftServer$Division (ServerState.java:setLeader(269)) - om1@group-C5BA1605619E: change Leader from null to om1 at term 1 for becomeLeader, leader elected after 2149ms
2024-05-24 07:48:46,210 [main] INFO  handler.ContextHandler (ContextHandler.java:doStart(921)) - Started o.e.j.w.WebAppContext@3c090ae5{hddsDatanode,/,file:///home/runner/work/ozone/ozone/hadoop-hdds/container-service/target/classes/webapps/hddsDatanode/,AVAILABLE}{file:/home/runner/work/ozone/ozone/hadoop-hdds/container-service/target/classes/webapps/hddsDatanode}
2024-05-24 07:48:46,219 [main] INFO  server.AbstractConnector (AbstractConnector.java:doStart(333)) - Started ServerConnector@18444e11{HTTP/1.1, (http/1.1)}{0.0.0.0:15027}
2024-05-24 07:48:46,219 [main] INFO  server.Server (Server.java:doStart(415)) - Started @9300ms
2024-05-24 07:48:46,219 [main] WARN  impl.MetricsSystemImpl (MetricsSystemImpl.java:register(279)) - Sink prometheus already exists!
2024-05-24 07:48:46,220 [main] INFO  http.BaseHttpServer (BaseHttpServer.java:updateConnectorAddress(354)) - HTTP server of hddsDatanode listening at http://0.0.0.0:15027
2024-05-24 07:48:46,221 [main] INFO  ipc.CallQueueManager (CallQueueManager.java:<init>(90)) - Using callQueue: class java.util.concurrent.LinkedBlockingQueue, queueCapacity: 100, scheduler: class org.apache.hadoop.ipc.DefaultRpcScheduler, ipcBackoff: false.
2024-05-24 07:48:46,221 [main] INFO  ipc.Server (Server.java:<init>(1287)) - Listener at 0.0.0.0:15028
2024-05-24 07:48:46,224 [Socket Reader #1 for port 15028] INFO  ipc.Server (Server.java:run(1323)) - Starting Socket Reader #1 for port 15028
2024-05-24 07:48:46,230 [main] INFO  ozone.HddsDatanodeService (HddsDatanodeService.java:start(327)) - Datanode start with admins: [runner]
2024-05-24 07:48:46,230 [main] INFO  ozone.HddsDatanodeClientProtocolServer (HddsDatanodeClientProtocolServer.java:start(77)) - RPC server for Client /0.0.0.0:15028
2024-05-24 07:48:46,231 [IPC Server Responder] INFO  ipc.Server (Server.java:run(1562)) - IPC Server Responder: starting
2024-05-24 07:48:46,231 [IPC Server listener on 15028] INFO  ipc.Server (Server.java:run(1402)) - IPC Server listener on 15028: starting
2024-05-24 07:48:46,231 [main] WARN  dropwizard3.Dm3MetricRegistriesImpl (Dm3MetricRegistriesImpl.java:addReporterRegistration(113)) - New reporters are added after registries were created. Some metrics will be missing from the reporter. Please add reporter before adding any new registry.
2024-05-24 07:48:46,232 [main] WARN  dropwizard3.Dm3MetricRegistriesImpl (Dm3MetricRegistriesImpl.java:addReporterRegistration(113)) - New reporters are added after registries were created. Some metrics will be missing from the reporter. Please add reporter before adding any new registry.
2024-05-24 07:48:46,232 [main] INFO  impl.MetricsSystemImpl (MetricsSystemImpl.java:init(158)) - HddsDatanode metrics system started (again)
2024-05-24 07:48:46,237 [om1@group-C5BA1605619E-LeaderElection1] INFO  segmented.SegmentedRaftLogWorker (SegmentedRaftLogWorker.java:startLogSegment(430)) - om1@group-C5BA1605619E-SegmentedRaftLogWorker: Starting segment from index:0
2024-05-24 07:48:46,248 [0f6129c7-dda1-4d42-8d75-6a3ef1e9116c-DatanodeStateMachineDaemonThread] INFO  statemachine.DatanodeStateMachine (DatanodeStateMachine.java:lambda$startDaemon$1(555)) - Ozone container server started.
2024-05-24 07:48:46,250 [main] INFO  ozone.HddsDatanodeService (HddsDatanodeService.java:start(240)) - HddsDatanodeService host:fv-az779-985.k0faouyluq4u1aavuapgg5xmpb.cx.internal.cloudapp.net ip:10.1.0.15
2024-05-24 07:48:46,256 [0f6129c7-dda1-4d42-8d75-6a3ef1e9116c-DatanodeStateMachineTaskThread-0] INFO  datanode.InitDatanodeState (InitDatanodeState.java:persistContainerDatanodeDetails(139)) - DatanodeDetails is persisted to /home/runner/work/ozone/ozone/hadoop-ozone/integration-test/target/test-dir/MiniOzoneClusterImpl-b501fab0-540e-4575-af6e-dde2336b059e/ozone-meta/datanode-3/meta/datanode.id
2024-05-24 07:48:46,261 [om1@group-C5BA1605619E-SegmentedRaftLogWorker] INFO  segmented.BufferedWriteChannel (BufferedWriteChannel.java:open(62)) - open log_inprogress_0 at position 0
2024-05-24 07:48:46,279 [om1@group-C5BA1605619E-SegmentedRaftLogWorker] INFO  segmented.SegmentedRaftLogWorker (SegmentedRaftLogWorker.java:execute(634)) - om1@group-C5BA1605619E-SegmentedRaftLogWorker: created new log segment /home/runner/work/ozone/ozone/hadoop-ozone/integration-test/target/test-dir/MiniOzoneClusterImpl-b501fab0-540e-4575-af6e-dde2336b059e/ozone-meta/ratis/bf265839-605b-3f16-9796-c5ba1605619e/current/log_inprogress_0
2024-05-24 07:48:46,280 [om1@group-C5BA1605619E-LeaderElection1] INFO  server.RaftServer$Division (ServerState.java:setRaftConf(386)) - om1@group-C5BA1605619E: set configuration 0: peers:[om1|localhost:15007]|listeners:[], old=null
2024-05-24 07:48:46,284 [main] INFO  upgrade.AbstractLayoutVersionManager (AbstractLayoutVersionManager.java:init(83)) - Initializing Layout version manager with metadata layout = HADOOP_PRC_PORTS_IN_DATANODEDETAILS (version = 7), software layout = HADOOP_PRC_PORTS_IN_DATANODEDETAILS (version = 7)
2024-05-24 07:48:46,285 [main] INFO  statemachine.DatanodeStateMachine (DatanodeStateMachine.java:getEndPointTaskThreadPoolSize(299)) - Datanode State Machine Task Thread Pool size 2
2024-05-24 07:48:46,290 [main] INFO  volume.HddsVolume (HddsVolume.java:<init>(126)) - Creating HddsVolume: /home/runner/work/ozone/ozone/hadoop-ozone/integration-test/target/test-dir/MiniOzoneClusterImpl-b501fab0-540e-4575-af6e-dde2336b059e/ozone-meta/datanode-4/data-0/hdds of storage type : DISK capacity : 9222449699674390527
2024-05-24 07:48:46,290 [main] INFO  volume.MutableVolumeSet (MutableVolumeSet.java:initializeVolumeSet(173)) - Added Volume : /home/runner/work/ozone/ozone/hadoop-ozone/integration-test/target/test-dir/MiniOzoneClusterImpl-b501fab0-540e-4575-af6e-dde2336b059e/ozone-meta/datanode-4/data-0/hdds to VolumeSet
2024-05-24 07:48:46,291 [main] INFO  volume.MutableVolumeSet (MutableVolumeSet.java:initializeVolumeSet(173)) - Added Volume : /home/runner/work/ozone/ozone/hadoop-ozone/integration-test/target/test-dir/MiniOzoneClusterImpl-b501fab0-540e-4575-af6e-dde2336b059e/ozone-meta/datanode-4/ratis to VolumeSet
2024-05-24 07:48:46,292 [main] INFO  ozoneimpl.OzoneContainer (HddsVolumeUtil.java:loadAllHddsVolumeDbStore(103)) - Load 1 volumes DbStore cost: 0ms
2024-05-24 07:48:46,296 [main] INFO  server.RaftServer (ConfUtils.java:logGet(46)) - raft.rpc.type = GRPC (default)
2024-05-24 07:48:46,296 [main] INFO  grpc.GrpcConfigKeys (ConfUtils.java:logFallback(53)) - raft.grpc.admin.host = null (fallback to raft.grpc.server.host)
2024-05-24 07:48:46,297 [main] INFO  grpc.GrpcConfigKeys (ConfUtils.java:logGet(46)) - raft.grpc.admin.port = 15040 (custom)
2024-05-24 07:48:46,297 [main] INFO  grpc.GrpcConfigKeys (ConfUtils.java:logFallback(53)) - raft.grpc.client.host = null (fallback to raft.grpc.server.host)
2024-05-24 07:48:46,297 [main] INFO  grpc.GrpcConfigKeys (ConfUtils.java:logGet(46)) - raft.grpc.client.port = 15039 (custom)
2024-05-24 07:48:46,297 [main] INFO  grpc.GrpcConfigKeys (ConfUtils.java:logGet(46)) - raft.grpc.server.host = null (default)
2024-05-24 07:48:46,297 [main] INFO  grpc.GrpcConfigKeys (ConfUtils.java:logGet(46)) - raft.grpc.server.port = 15041 (custom)
2024-05-24 07:48:46,297 [main] INFO  server.GrpcService (ConfUtils.java:logGet(46)) - raft.grpc.message.size.max = 32MB (=33554432) (custom)
2024-05-24 07:48:46,298 [main] INFO  server.RaftServerConfigKeys (ConfUtils.java:logGet(46)) - raft.server.log.appender.buffer.byte-limit = 8388608 (custom)
2024-05-24 07:48:46,298 [main] INFO  server.GrpcService (ConfUtils.java:logGet(46)) - raft.grpc.flow.control.window = 5MB (=5242880) (custom)
2024-05-24 07:48:46,298 [main] INFO  server.RaftServerConfigKeys (ConfUtils.java:logGet(46)) - raft.server.rpc.request.timeout = 60s (custom)
2024-05-24 07:48:46,298 [main] INFO  grpc.GrpcConfigKeys (ConfUtils.java:logGet(46)) - raft.grpc.server.heartbeat.channel = true (default)
2024-05-24 07:48:46,299 [main] INFO  grpc.GrpcConfigKeys (ConfUtils.java:logGet(46)) - raft.grpc.server.async.request.thread.pool.cached = true (default)
2024-05-24 07:48:46,299 [main] INFO  grpc.GrpcConfigKeys (ConfUtils.java:logGet(46)) - raft.grpc.server.async.request.thread.pool.size = 32 (default)
2024-05-24 07:48:46,301 [main] INFO  impl.DataStreamServerImpl (ConfUtils.java:logGet(46)) - raft.datastream.type = NETTY (custom)
2024-05-24 07:48:46,302 [main] INFO  server.RaftServerConfigKeys (ConfUtils.java:logGet(46)) - raft.server.data-stream.async.request.thread.pool.cached = false (default)
2024-05-24 07:48:46,302 [main] INFO  server.RaftServerConfigKeys (ConfUtils.java:logGet(46)) - raft.server.data-stream.async.request.thread.pool.size = 20 (custom)
2024-05-24 07:48:46,302 [main] INFO  server.RaftServerConfigKeys (ConfUtils.java:logGet(46)) - raft.server.data-stream.async.write.thread.pool.size = 16 (default)
2024-05-24 07:48:46,302 [main] INFO  netty.NettyConfigKeys$DataStream (ConfUtils.java:logGet(46)) - raft.netty.dataStream.server.channel.inactive.grace-period = 10min (default)
2024-05-24 07:48:46,303 [main] INFO  server.RaftServerConfigKeys (ConfUtils.java:logGet(46)) - raft.server.data-stream.client.pool.size = 10 (default)
2024-05-24 07:48:46,303 [main] INFO  netty.NettyConfigKeys$DataStream (ConfUtils.java:logGet(46)) - raft.netty.dataStream.server.use-epoll = true (default)
2024-05-24 07:48:46,303 [main] INFO  netty.NettyConfigKeys$DataStream (ConfUtils.java:logGet(46)) - raft.netty.dataStream.server.boss-group.size = 0 (default)
2024-05-24 07:48:46,303 [main] INFO  netty.NettyUtils (NettyUtils.java:newEventLoopGroup(69)) - Create EpollEventLoopGroup for db578ef5-4e1f-4da7-abbd-ff28012a31de-NettyServerStreamRpc-bossGroup; Thread size is 0.
2024-05-24 07:48:46,304 [main] INFO  netty.NettyConfigKeys$DataStream (ConfUtils.java:logGet(46)) - raft.netty.dataStream.server.worker-group.size = 0 (default)
2024-05-24 07:48:46,304 [main] INFO  netty.NettyUtils (NettyUtils.java:newEventLoopGroup(69)) - Create EpollEventLoopGroup for db578ef5-4e1f-4da7-abbd-ff28012a31de-NettyServerStreamRpc-workerGroup; Thread size is 0.
2024-05-24 07:48:46,305 [main] INFO  netty.NettyConfigKeys$DataStream (ConfUtils.java:logGet(46)) - raft.netty.dataStream.server.tls.conf = null (default)
2024-05-24 07:48:46,305 [main] INFO  netty.NettyConfigKeys$DataStream (ConfUtils.java:logGet(46)) - raft.netty.dataStream.host = null (default)
2024-05-24 07:48:46,305 [main] INFO  netty.NettyConfigKeys$DataStream (ConfUtils.java:logGet(46)) - raft.netty.dataStream.port = 15042 (custom)
2024-05-24 07:48:46,308 [main] INFO  server.RaftServerConfigKeys (ConfUtils.java:logGet(46)) - raft.server.sleep.deviation.threshold = 300ms (default)
2024-05-24 07:48:46,308 [main] INFO  server.RaftServerConfigKeys (ConfUtils.java:logGet(46)) - raft.server.close.threshold = 60s (default)
2024-05-24 07:48:46,309 [main] INFO  server.RaftServerConfigKeys (ConfUtils.java:logGet(46)) - raft.server.leaderelection.leader.step-down.wait-time = 10s (default)
2024-05-24 07:48:46,309 [main] INFO  server.RaftServerConfigKeys (ConfUtils.java:logGet(46)) - raft.server.storage.dir = [/home/runner/work/ozone/ozone/hadoop-ozone/integration-test/target/test-dir/MiniOzoneClusterImpl-b501fab0-540e-4575-af6e-dde2336b059e/ozone-meta/datanode-4/ratis] (custom)
2024-05-24 07:48:46,309 [main] INFO  server.RaftServerConfigKeys (ConfUtils.java:logGet(46)) - raft.server.threadpool.proxy.cached = true (default)
2024-05-24 07:48:46,309 [main] INFO  server.RaftServerConfigKeys (ConfUtils.java:logGet(46)) - raft.server.threadpool.proxy.size = 0 (default)
2024-05-24 07:48:46,310 [db578ef5-4e1f-4da7-abbd-ff28012a31de-NettyServerStreamRpc-bossGroup--thread1] INFO  logging.LoggingHandler (AbstractInternalLogger.java:log(148)) - [id: 0x3dc0fa31] REGISTERED
2024-05-24 07:48:46,310 [db578ef5-4e1f-4da7-abbd-ff28012a31de-NettyServerStreamRpc-bossGroup--thread1] INFO  logging.LoggingHandler (AbstractInternalLogger.java:log(148)) - [id: 0x3dc0fa31] BIND: 0.0.0.0/0.0.0.0:15042
2024-05-24 07:48:46,310 [db578ef5-4e1f-4da7-abbd-ff28012a31de-NettyServerStreamRpc-bossGroup--thread1] INFO  logging.LoggingHandler (AbstractInternalLogger.java:log(148)) - [id: 0x3dc0fa31, L:/0.0.0.0:15042] ACTIVE
2024-05-24 07:48:46,310 [db578ef5-4e1f-4da7-abbd-ff28012a31de-impl-thread1] INFO  server.RaftServer (RaftServerProxy.java:initGroupDir(264)) - db578ef5-4e1f-4da7-abbd-ff28012a31de: found a subdirectory /home/runner/work/ozone/ozone/hadoop-ozone/integration-test/target/test-dir/MiniOzoneClusterImpl-b501fab0-540e-4575-af6e-dde2336b059e/ozone-meta/datanode-4/ratis/tmp
2024-05-24 07:48:46,311 [db578ef5-4e1f-4da7-abbd-ff28012a31de-impl-thread1] INFO  server.RaftServer (RaftServerProxy.java:initGroupDir(269)) - db578ef5-4e1f-4da7-abbd-ff28012a31de: The directory /home/runner/work/ozone/ozone/hadoop-ozone/integration-test/target/test-dir/MiniOzoneClusterImpl-b501fab0-540e-4575-af6e-dde2336b059e/ozone-meta/datanode-4/ratis/tmp is not a group directory; ignoring it. 
2024-05-24 07:48:46,311 [main] INFO  replication.ReplicationServer (ReplicationServer.java:<init>(86)) - Initializing replication server with thread count = 10 queue length = 4096
2024-05-24 07:48:46,313 [main] INFO  server.XceiverServerGrpc (XceiverServerGrpc.java:<init>(141)) - GrpcServer channel type EpollServerSocketChannel
2024-05-24 07:48:46,316 [main] INFO  replication.ReplicationSupervisor (ReplicationSupervisor.java:build(157)) - Initializing replication supervisor with thread count = 10
2024-05-24 07:48:46,316 [main] INFO  replication.ReplicationSupervisor (ReplicationSupervisor.java:nodeStateUpdated(312)) - Node state updated to IN_SERVICE, scaling executor pool size to 10
2024-05-24 07:48:46,322 [main] INFO  http.BaseHttpServer (BaseHttpServer.java:newHttpServer2BuilderForOzone(223)) - Starting Web-server for hddsDatanode at: http://0.0.0.0:15036
2024-05-24 07:48:46,322 [main] INFO  http.BaseHttpServer (BaseHttpServer.java:<init>(110)) - Hadoop Security Enabled: false Ozone Security Enabled: false Ozone HTTP Security Enabled: false 
2024-05-24 07:48:46,324 [main] WARN  server.AuthenticationFilter (AuthenticationFilter.java:constructSecretProvider(240)) - Unable to initialize FileSignerSecretProvider, falling back to use random secrets. Reason: Could not read signature secret file: /home/runner/hadoop-http-auth-signature-secret
2024-05-24 07:48:46,328 [main] INFO  http.HttpRequestLog (HttpRequestLog.java:getRequestLog(86)) - Http request log for http.requests.hddsDatanode is not defined
2024-05-24 07:48:46,330 [main] INFO  http.HttpServer2 (HttpServer2.java:addGlobalFilter(1036)) - Added global filter 'safety' (class=org.apache.hadoop.hdds.server.http.HttpServer2$QuotingInputFilter)
2024-05-24 07:48:46,331 [main] INFO  http.HttpServer2 (HttpServer2.java:addFilter(1012)) - Added filter static_user_filter (class=org.apache.hadoop.http.lib.StaticUserWebFilter$StaticUserFilter) to context hddsDatanode
2024-05-24 07:48:46,332 [main] INFO  http.HttpServer2 (HttpServer2.java:addFilter(1020)) - Added filter static_user_filter (class=org.apache.hadoop.http.lib.StaticUserWebFilter$StaticUserFilter) to context logs
2024-05-24 07:48:46,332 [main] INFO  http.HttpServer2 (HttpServer2.java:addFilter(1020)) - Added filter static_user_filter (class=org.apache.hadoop.http.lib.StaticUserWebFilter$StaticUserFilter) to context static
2024-05-24 07:48:46,333 [main] INFO  http.BaseHttpServer (BaseHttpServer.java:<init>(189)) - HTTP server of hddsDatanode uses base directory /home/runner/work/ozone/ozone/hadoop-ozone/integration-test/target/test-dir/MiniOzoneClusterImpl-b501fab0-540e-4575-af6e-dde2336b059e/ozone-meta/datanode-4/meta/webserver
2024-05-24 07:48:46,334 [main] INFO  http.HttpServer2 (HttpServer2.java:bindListener(1236)) - Jetty bound to port 15036
2024-05-24 07:48:46,334 [main] INFO  server.Server (Server.java:doStart(375)) - jetty-9.4.54.v20240208; built: 2024-02-08T19:42:39.027Z; git: cef3fbd6d736a21e7d541a5db490381d95a2047d; jvm 17.0.11+9
2024-05-24 07:48:46,336 [main] INFO  server.session (DefaultSessionIdManager.java:doStart(334)) - DefaultSessionIdManager workerName=node0
2024-05-24 07:48:46,336 [main] INFO  server.session (DefaultSessionIdManager.java:doStart(339)) - No SessionScavenger set, using defaults
2024-05-24 07:48:46,336 [main] INFO  server.session (HouseKeeper.java:startScavenging(132)) - node0 Scavenging every 660000ms
2024-05-24 07:48:46,337 [main] INFO  handler.ContextHandler (ContextHandler.java:doStart(921)) - Started o.e.j.s.ServletContextHandler@82560b6{logs,/logs,file:///home/runner/work/ozone/ozone/hadoop-ozone/integration-test/target/log,AVAILABLE}
2024-05-24 07:48:46,338 [main] INFO  handler.ContextHandler (ContextHandler.java:doStart(921)) - Started o.e.j.s.ServletContextHandler@5686f018{static,/static,file:///home/runner/work/ozone/ozone/hadoop-hdds/container-service/target/classes/webapps/static,AVAILABLE}
2024-05-24 07:48:46,346 [main] INFO  handler.ContextHandler (ContextHandler.java:doStart(921)) - Started o.e.j.w.WebAppContext@6e12352d{hddsDatanode,/,file:///home/runner/work/ozone/ozone/hadoop-hdds/container-service/target/classes/webapps/hddsDatanode/,AVAILABLE}{file:/home/runner/work/ozone/ozone/hadoop-hdds/container-service/target/classes/webapps/hddsDatanode}
2024-05-24 07:48:46,347 [main] INFO  server.AbstractConnector (AbstractConnector.java:doStart(333)) - Started ServerConnector@1cd3ec2d{HTTP/1.1, (http/1.1)}{0.0.0.0:15036}
2024-05-24 07:48:46,347 [main] INFO  server.Server (Server.java:doStart(415)) - Started @9428ms
2024-05-24 07:48:46,347 [main] WARN  impl.MetricsSystemImpl (MetricsSystemImpl.java:register(279)) - Sink prometheus already exists!
2024-05-24 07:48:46,349 [main] INFO  http.BaseHttpServer (BaseHttpServer.java:updateConnectorAddress(354)) - HTTP server of hddsDatanode listening at http://0.0.0.0:15036
2024-05-24 07:48:46,349 [main] INFO  ipc.CallQueueManager (CallQueueManager.java:<init>(90)) - Using callQueue: class java.util.concurrent.LinkedBlockingQueue, queueCapacity: 100, scheduler: class org.apache.hadoop.ipc.DefaultRpcScheduler, ipcBackoff: false.
2024-05-24 07:48:46,349 [main] INFO  ipc.Server (Server.java:<init>(1287)) - Listener at 0.0.0.0:15037
2024-05-24 07:48:46,350 [Socket Reader #1 for port 15037] INFO  ipc.Server (Server.java:run(1323)) - Starting Socket Reader #1 for port 15037
2024-05-24 07:48:46,354 [main] INFO  ozone.HddsDatanodeService (HddsDatanodeService.java:start(327)) - Datanode start with admins: [runner]
2024-05-24 07:48:46,354 [main] INFO  ozone.HddsDatanodeClientProtocolServer (HddsDatanodeClientProtocolServer.java:start(77)) - RPC server for Client /0.0.0.0:15037
2024-05-24 07:48:46,357 [IPC Server Responder] INFO  ipc.Server (Server.java:run(1562)) - IPC Server Responder: starting
2024-05-24 07:48:46,358 [IPC Server listener on 15037] INFO  ipc.Server (Server.java:run(1402)) - IPC Server listener on 15037: starting
2024-05-24 07:48:46,358 [main] WARN  dropwizard3.Dm3MetricRegistriesImpl (Dm3MetricRegistriesImpl.java:addReporterRegistration(113)) - New reporters are added after registries were created. Some metrics will be missing from the reporter. Please add reporter before adding any new registry.
2024-05-24 07:48:46,359 [main] WARN  dropwizard3.Dm3MetricRegistriesImpl (Dm3MetricRegistriesImpl.java:addReporterRegistration(113)) - New reporters are added after registries were created. Some metrics will be missing from the reporter. Please add reporter before adding any new registry.
2024-05-24 07:48:46,359 [main] INFO  impl.MetricsSystemImpl (MetricsSystemImpl.java:init(158)) - HddsDatanode metrics system started (again)
2024-05-24 07:48:46,365 [db578ef5-4e1f-4da7-abbd-ff28012a31de-DatanodeStateMachineDaemonThread] INFO  statemachine.DatanodeStateMachine (DatanodeStateMachine.java:lambda$startDaemon$1(555)) - Ozone container server started.
2024-05-24 07:48:46,375 [main] INFO  ozone.HddsDatanodeService (HddsDatanodeService.java:start(240)) - HddsDatanodeService host:fv-az779-985.k0faouyluq4u1aavuapgg5xmpb.cx.internal.cloudapp.net ip:10.1.0.15
2024-05-24 07:48:46,383 [db578ef5-4e1f-4da7-abbd-ff28012a31de-DatanodeStateMachineTaskThread-0] INFO  datanode.InitDatanodeState (InitDatanodeState.java:persistContainerDatanodeDetails(139)) - DatanodeDetails is persisted to /home/runner/work/ozone/ozone/hadoop-ozone/integration-test/target/test-dir/MiniOzoneClusterImpl-b501fab0-540e-4575-af6e-dde2336b059e/ozone-meta/datanode-4/meta/datanode.id
2024-05-24 07:48:46,390 [om1@group-C5BA1605619E-StateMachineUpdater] INFO  ratis.OzoneManagerStateMachine (OzoneManagerStateMachine.java:notifyConfigurationChanged(212)) - Received Configuration change notification from Ratis. New Peer list:
[id: "om1"
address: "localhost:15007"
startupRole: FOLLOWER
]
2024-05-24 07:48:46,392 [om1@group-C5BA1605619E-StateMachineUpdater] INFO  server.RaftServer$Division (LeaderStateImpl.java:isApplied(320)) - leader is ready since appliedIndex == 0 >= startIndex == 0
2024-05-24 07:48:46,406 [main] INFO  upgrade.AbstractLayoutVersionManager (AbstractLayoutVersionManager.java:init(83)) - Initializing Layout version manager with metadata layout = HADOOP_PRC_PORTS_IN_DATANODEDETAILS (version = 7), software layout = HADOOP_PRC_PORTS_IN_DATANODEDETAILS (version = 7)
2024-05-24 07:48:46,407 [main] INFO  statemachine.DatanodeStateMachine (DatanodeStateMachine.java:getEndPointTaskThreadPoolSize(299)) - Datanode State Machine Task Thread Pool size 2
2024-05-24 07:48:46,409 [main] INFO  volume.HddsVolume (HddsVolume.java:<init>(126)) - Creating HddsVolume: /home/runner/work/ozone/ozone/hadoop-ozone/integration-test/target/test-dir/MiniOzoneClusterImpl-b501fab0-540e-4575-af6e-dde2336b059e/ozone-meta/datanode-5/data-0/hdds of storage type : DISK capacity : 9222449699674390527
2024-05-24 07:48:46,409 [main] INFO  volume.MutableVolumeSet (MutableVolumeSet.java:initializeVolumeSet(173)) - Added Volume : /home/runner/work/ozone/ozone/hadoop-ozone/integration-test/target/test-dir/MiniOzoneClusterImpl-b501fab0-540e-4575-af6e-dde2336b059e/ozone-meta/datanode-5/data-0/hdds to VolumeSet
2024-05-24 07:48:46,410 [main] INFO  volume.MutableVolumeSet (MutableVolumeSet.java:initializeVolumeSet(173)) - Added Volume : /home/runner/work/ozone/ozone/hadoop-ozone/integration-test/target/test-dir/MiniOzoneClusterImpl-b501fab0-540e-4575-af6e-dde2336b059e/ozone-meta/datanode-5/ratis to VolumeSet
2024-05-24 07:48:46,411 [main] INFO  ozoneimpl.OzoneContainer (HddsVolumeUtil.java:loadAllHddsVolumeDbStore(103)) - Load 1 volumes DbStore cost: 0ms
2024-05-24 07:48:46,414 [main] INFO  server.RaftServer (ConfUtils.java:logGet(46)) - raft.rpc.type = GRPC (default)
2024-05-24 07:48:46,415 [main] INFO  grpc.GrpcConfigKeys (ConfUtils.java:logFallback(53)) - raft.grpc.admin.host = null (fallback to raft.grpc.server.host)
2024-05-24 07:48:46,415 [main] INFO  grpc.GrpcConfigKeys (ConfUtils.java:logGet(46)) - raft.grpc.admin.port = 15049 (custom)
2024-05-24 07:48:46,415 [main] INFO  grpc.GrpcConfigKeys (ConfUtils.java:logFallback(53)) - raft.grpc.client.host = null (fallback to raft.grpc.server.host)
2024-05-24 07:48:46,415 [main] INFO  grpc.GrpcConfigKeys (ConfUtils.java:logGet(46)) - raft.grpc.client.port = 15048 (custom)
2024-05-24 07:48:46,415 [main] INFO  grpc.GrpcConfigKeys (ConfUtils.java:logGet(46)) - raft.grpc.server.host = null (default)
2024-05-24 07:48:46,415 [main] INFO  grpc.GrpcConfigKeys (ConfUtils.java:logGet(46)) - raft.grpc.server.port = 15050 (custom)
2024-05-24 07:48:46,415 [main] INFO  server.GrpcService (ConfUtils.java:logGet(46)) - raft.grpc.message.size.max = 32MB (=33554432) (custom)
2024-05-24 07:48:46,415 [main] INFO  server.RaftServerConfigKeys (ConfUtils.java:logGet(46)) - raft.server.log.appender.buffer.byte-limit = 8388608 (custom)
2024-05-24 07:48:46,415 [main] INFO  server.GrpcService (ConfUtils.java:logGet(46)) - raft.grpc.flow.control.window = 5MB (=5242880) (custom)
2024-05-24 07:48:46,416 [main] INFO  server.RaftServerConfigKeys (ConfUtils.java:logGet(46)) - raft.server.rpc.request.timeout = 60s (custom)
2024-05-24 07:48:46,416 [main] INFO  grpc.GrpcConfigKeys (ConfUtils.java:logGet(46)) - raft.grpc.server.heartbeat.channel = true (default)
2024-05-24 07:48:46,416 [main] INFO  grpc.GrpcConfigKeys (ConfUtils.java:logGet(46)) - raft.grpc.server.async.request.thread.pool.cached = true (default)
2024-05-24 07:48:46,416 [main] INFO  grpc.GrpcConfigKeys (ConfUtils.java:logGet(46)) - raft.grpc.server.async.request.thread.pool.size = 32 (default)
2024-05-24 07:48:46,418 [main] INFO  impl.DataStreamServerImpl (ConfUtils.java:logGet(46)) - raft.datastream.type = NETTY (custom)
2024-05-24 07:48:46,419 [main] INFO  server.RaftServerConfigKeys (ConfUtils.java:logGet(46)) - raft.server.data-stream.async.request.thread.pool.cached = false (default)
2024-05-24 07:48:46,419 [main] INFO  server.RaftServerConfigKeys (ConfUtils.java:logGet(46)) - raft.server.data-stream.async.request.thread.pool.size = 20 (custom)
2024-05-24 07:48:46,419 [main] INFO  server.RaftServerConfigKeys (ConfUtils.java:logGet(46)) - raft.server.data-stream.async.write.thread.pool.size = 16 (default)
2024-05-24 07:48:46,419 [main] INFO  netty.NettyConfigKeys$DataStream (ConfUtils.java:logGet(46)) - raft.netty.dataStream.server.channel.inactive.grace-period = 10min (default)
2024-05-24 07:48:46,419 [main] INFO  server.RaftServerConfigKeys (ConfUtils.java:logGet(46)) - raft.server.data-stream.client.pool.size = 10 (default)
2024-05-24 07:48:46,420 [main] INFO  netty.NettyConfigKeys$DataStream (ConfUtils.java:logGet(46)) - raft.netty.dataStream.server.use-epoll = true (default)
2024-05-24 07:48:46,420 [main] INFO  netty.NettyConfigKeys$DataStream (ConfUtils.java:logGet(46)) - raft.netty.dataStream.server.boss-group.size = 0 (default)
2024-05-24 07:48:46,420 [main] INFO  netty.NettyUtils (NettyUtils.java:newEventLoopGroup(69)) - Create EpollEventLoopGroup for 713fd2b4-03fd-4bcc-8950-4119d378f2ca-NettyServerStreamRpc-bossGroup; Thread size is 0.
2024-05-24 07:48:46,420 [main] INFO  netty.NettyConfigKeys$DataStream (ConfUtils.java:logGet(46)) - raft.netty.dataStream.server.worker-group.size = 0 (default)
2024-05-24 07:48:46,420 [main] INFO  netty.NettyUtils (NettyUtils.java:newEventLoopGroup(69)) - Create EpollEventLoopGroup for 713fd2b4-03fd-4bcc-8950-4119d378f2ca-NettyServerStreamRpc-workerGroup; Thread size is 0.
2024-05-24 07:48:46,421 [main] INFO  netty.NettyConfigKeys$DataStream (ConfUtils.java:logGet(46)) - raft.netty.dataStream.server.tls.conf = null (default)
2024-05-24 07:48:46,421 [main] INFO  netty.NettyConfigKeys$DataStream (ConfUtils.java:logGet(46)) - raft.netty.dataStream.host = null (default)
2024-05-24 07:48:46,421 [main] INFO  netty.NettyConfigKeys$DataStream (ConfUtils.java:logGet(46)) - raft.netty.dataStream.port = 15051 (custom)
2024-05-24 07:48:46,426 [main] INFO  server.RaftServerConfigKeys (ConfUtils.java:logGet(46)) - raft.server.sleep.deviation.threshold = 300ms (default)
2024-05-24 07:48:46,426 [main] INFO  server.RaftServerConfigKeys (ConfUtils.java:logGet(46)) - raft.server.close.threshold = 60s (default)
2024-05-24 07:48:46,426 [main] INFO  server.RaftServerConfigKeys (ConfUtils.java:logGet(46)) - raft.server.leaderelection.leader.step-down.wait-time = 10s (default)
2024-05-24 07:48:46,427 [main] INFO  server.RaftServerConfigKeys (ConfUtils.java:logGet(46)) - raft.server.storage.dir = [/home/runner/work/ozone/ozone/hadoop-ozone/integration-test/target/test-dir/MiniOzoneClusterImpl-b501fab0-540e-4575-af6e-dde2336b059e/ozone-meta/datanode-5/ratis] (custom)
2024-05-24 07:48:46,427 [main] INFO  server.RaftServerConfigKeys (ConfUtils.java:logGet(46)) - raft.server.threadpool.proxy.cached = true (default)
2024-05-24 07:48:46,427 [main] INFO  server.RaftServerConfigKeys (ConfUtils.java:logGet(46)) - raft.server.threadpool.proxy.size = 0 (default)
2024-05-24 07:48:46,426 [713fd2b4-03fd-4bcc-8950-4119d378f2ca-NettyServerStreamRpc-bossGroup--thread1] INFO  logging.LoggingHandler (AbstractInternalLogger.java:log(148)) - [id: 0xcde1d519] REGISTERED
2024-05-24 07:48:46,427 [713fd2b4-03fd-4bcc-8950-4119d378f2ca-NettyServerStreamRpc-bossGroup--thread1] INFO  logging.LoggingHandler (AbstractInternalLogger.java:log(148)) - [id: 0xcde1d519] BIND: 0.0.0.0/0.0.0.0:15051
2024-05-24 07:48:46,428 [713fd2b4-03fd-4bcc-8950-4119d378f2ca-NettyServerStreamRpc-bossGroup--thread1] INFO  logging.LoggingHandler (AbstractInternalLogger.java:log(148)) - [id: 0xcde1d519, L:/0.0.0.0:15051] ACTIVE
2024-05-24 07:48:46,428 [713fd2b4-03fd-4bcc-8950-4119d378f2ca-impl-thread1] INFO  server.RaftServer (RaftServerProxy.java:initGroupDir(264)) - 713fd2b4-03fd-4bcc-8950-4119d378f2ca: found a subdirectory /home/runner/work/ozone/ozone/hadoop-ozone/integration-test/target/test-dir/MiniOzoneClusterImpl-b501fab0-540e-4575-af6e-dde2336b059e/ozone-meta/datanode-5/ratis/tmp
2024-05-24 07:48:46,428 [713fd2b4-03fd-4bcc-8950-4119d378f2ca-impl-thread1] INFO  server.RaftServer (RaftServerProxy.java:initGroupDir(269)) - 713fd2b4-03fd-4bcc-8950-4119d378f2ca: The directory /home/runner/work/ozone/ozone/hadoop-ozone/integration-test/target/test-dir/MiniOzoneClusterImpl-b501fab0-540e-4575-af6e-dde2336b059e/ozone-meta/datanode-5/ratis/tmp is not a group directory; ignoring it. 
2024-05-24 07:48:46,429 [main] INFO  replication.ReplicationServer (ReplicationServer.java:<init>(86)) - Initializing replication server with thread count = 10 queue length = 4096
2024-05-24 07:48:46,430 [main] INFO  server.XceiverServerGrpc (XceiverServerGrpc.java:<init>(141)) - GrpcServer channel type EpollServerSocketChannel
2024-05-24 07:48:46,432 [main] INFO  replication.ReplicationSupervisor (ReplicationSupervisor.java:build(157)) - Initializing replication supervisor with thread count = 10
2024-05-24 07:48:46,433 [main] INFO  replication.ReplicationSupervisor (ReplicationSupervisor.java:nodeStateUpdated(312)) - Node state updated to IN_SERVICE, scaling executor pool size to 10
2024-05-24 07:48:46,435 [main] INFO  http.BaseHttpServer (BaseHttpServer.java:newHttpServer2BuilderForOzone(223)) - Starting Web-server for hddsDatanode at: http://0.0.0.0:15045
2024-05-24 07:48:46,436 [main] INFO  http.BaseHttpServer (BaseHttpServer.java:<init>(110)) - Hadoop Security Enabled: false Ozone Security Enabled: false Ozone HTTP Security Enabled: false 
2024-05-24 07:48:46,437 [main] WARN  server.AuthenticationFilter (AuthenticationFilter.java:constructSecretProvider(240)) - Unable to initialize FileSignerSecretProvider, falling back to use random secrets. Reason: Could not read signature secret file: /home/runner/hadoop-http-auth-signature-secret
2024-05-24 07:48:46,438 [main] INFO  http.HttpRequestLog (HttpRequestLog.java:getRequestLog(86)) - Http request log for http.requests.hddsDatanode is not defined
2024-05-24 07:48:46,439 [main] INFO  http.HttpServer2 (HttpServer2.java:addGlobalFilter(1036)) - Added global filter 'safety' (class=org.apache.hadoop.hdds.server.http.HttpServer2$QuotingInputFilter)
2024-05-24 07:48:46,441 [main] INFO  http.HttpServer2 (HttpServer2.java:addFilter(1012)) - Added filter static_user_filter (class=org.apache.hadoop.http.lib.StaticUserWebFilter$StaticUserFilter) to context hddsDatanode
2024-05-24 07:48:46,441 [main] INFO  http.HttpServer2 (HttpServer2.java:addFilter(1020)) - Added filter static_user_filter (class=org.apache.hadoop.http.lib.StaticUserWebFilter$StaticUserFilter) to context logs
2024-05-24 07:48:46,441 [main] INFO  http.HttpServer2 (HttpServer2.java:addFilter(1020)) - Added filter static_user_filter (class=org.apache.hadoop.http.lib.StaticUserWebFilter$StaticUserFilter) to context static
2024-05-24 07:48:46,442 [main] INFO  http.BaseHttpServer (BaseHttpServer.java:<init>(189)) - HTTP server of hddsDatanode uses base directory /home/runner/work/ozone/ozone/hadoop-ozone/integration-test/target/test-dir/MiniOzoneClusterImpl-b501fab0-540e-4575-af6e-dde2336b059e/ozone-meta/datanode-5/meta/webserver
2024-05-24 07:48:46,442 [main] INFO  http.HttpServer2 (HttpServer2.java:bindListener(1236)) - Jetty bound to port 15045
2024-05-24 07:48:46,442 [main] INFO  server.Server (Server.java:doStart(375)) - jetty-9.4.54.v20240208; built: 2024-02-08T19:42:39.027Z; git: cef3fbd6d736a21e7d541a5db490381d95a2047d; jvm 17.0.11+9
2024-05-24 07:48:46,452 [main] INFO  server.session (DefaultSessionIdManager.java:doStart(334)) - DefaultSessionIdManager workerName=node0
2024-05-24 07:48:46,453 [main] INFO  server.session (DefaultSessionIdManager.java:doStart(339)) - No SessionScavenger set, using defaults
2024-05-24 07:48:46,454 [main] INFO  server.session (HouseKeeper.java:startScavenging(132)) - node0 Scavenging every 660000ms
2024-05-24 07:48:46,455 [main] INFO  handler.ContextHandler (ContextHandler.java:doStart(921)) - Started o.e.j.s.ServletContextHandler@438e1537{logs,/logs,file:///home/runner/work/ozone/ozone/hadoop-ozone/integration-test/target/log,AVAILABLE}
2024-05-24 07:48:46,456 [main] INFO  handler.ContextHandler (ContextHandler.java:doStart(921)) - Started o.e.j.s.ServletContextHandler@45566129{static,/static,file:///home/runner/work/ozone/ozone/hadoop-hdds/container-service/target/classes/webapps/static,AVAILABLE}
2024-05-24 07:48:46,461 [main] INFO  handler.ContextHandler (ContextHandler.java:doStart(921)) - Started o.e.j.w.WebAppContext@2da82b00{hddsDatanode,/,file:///home/runner/work/ozone/ozone/hadoop-hdds/container-service/target/classes/webapps/hddsDatanode/,AVAILABLE}{file:/home/runner/work/ozone/ozone/hadoop-hdds/container-service/target/classes/webapps/hddsDatanode}
2024-05-24 07:48:46,462 [main] INFO  server.AbstractConnector (AbstractConnector.java:doStart(333)) - Started ServerConnector@2cc1fdb1{HTTP/1.1, (http/1.1)}{0.0.0.0:15045}
2024-05-24 07:48:46,463 [main] INFO  server.Server (Server.java:doStart(415)) - Started @9544ms
2024-05-24 07:48:46,463 [main] WARN  impl.MetricsSystemImpl (MetricsSystemImpl.java:register(279)) - Sink prometheus already exists!
2024-05-24 07:48:46,464 [main] INFO  http.BaseHttpServer (BaseHttpServer.java:updateConnectorAddress(354)) - HTTP server of hddsDatanode listening at http://0.0.0.0:15045
2024-05-24 07:48:46,465 [main] INFO  ipc.CallQueueManager (CallQueueManager.java:<init>(90)) - Using callQueue: class java.util.concurrent.LinkedBlockingQueue, queueCapacity: 100, scheduler: class org.apache.hadoop.ipc.DefaultRpcScheduler, ipcBackoff: false.
2024-05-24 07:48:46,465 [main] INFO  ipc.Server (Server.java:<init>(1287)) - Listener at 0.0.0.0:15046
2024-05-24 07:48:46,466 [Socket Reader #1 for port 15046] INFO  ipc.Server (Server.java:run(1323)) - Starting Socket Reader #1 for port 15046
2024-05-24 07:48:46,471 [main] INFO  ozone.HddsDatanodeService (HddsDatanodeService.java:start(327)) - Datanode start with admins: [runner]
2024-05-24 07:48:46,471 [main] INFO  ozone.HddsDatanodeClientProtocolServer (HddsDatanodeClientProtocolServer.java:start(77)) - RPC server for Client /0.0.0.0:15046
2024-05-24 07:48:46,471 [IPC Server Responder] INFO  ipc.Server (Server.java:run(1562)) - IPC Server Responder: starting
2024-05-24 07:48:46,471 [IPC Server listener on 15046] INFO  ipc.Server (Server.java:run(1402)) - IPC Server listener on 15046: starting
2024-05-24 07:48:46,473 [main] WARN  dropwizard3.Dm3MetricRegistriesImpl (Dm3MetricRegistriesImpl.java:addReporterRegistration(113)) - New reporters are added after registries were created. Some metrics will be missing from the reporter. Please add reporter before adding any new registry.
2024-05-24 07:48:46,473 [main] WARN  dropwizard3.Dm3MetricRegistriesImpl (Dm3MetricRegistriesImpl.java:addReporterRegistration(113)) - New reporters are added after registries were created. Some metrics will be missing from the reporter. Please add reporter before adding any new registry.
2024-05-24 07:48:46,473 [main] INFO  impl.MetricsSystemImpl (MetricsSystemImpl.java:init(158)) - HddsDatanode metrics system started (again)
2024-05-24 07:48:46,476 [713fd2b4-03fd-4bcc-8950-4119d378f2ca-DatanodeStateMachineDaemonThread] INFO  statemachine.DatanodeStateMachine (DatanodeStateMachine.java:lambda$startDaemon$1(555)) - Ozone container server started.
2024-05-24 07:48:46,487 [main] INFO  ozone.HddsDatanodeService (HddsDatanodeService.java:start(240)) - HddsDatanodeService host:fv-az779-985.k0faouyluq4u1aavuapgg5xmpb.cx.internal.cloudapp.net ip:10.1.0.15
2024-05-24 07:48:46,494 [713fd2b4-03fd-4bcc-8950-4119d378f2ca-DatanodeStateMachineTaskThread-0] INFO  datanode.InitDatanodeState (InitDatanodeState.java:persistContainerDatanodeDetails(139)) - DatanodeDetails is persisted to /home/runner/work/ozone/ozone/hadoop-ozone/integration-test/target/test-dir/MiniOzoneClusterImpl-b501fab0-540e-4575-af6e-dde2336b059e/ozone-meta/datanode-5/meta/datanode.id
2024-05-24 07:48:46,512 [main] INFO  upgrade.AbstractLayoutVersionManager (AbstractLayoutVersionManager.java:init(83)) - Initializing Layout version manager with metadata layout = HADOOP_PRC_PORTS_IN_DATANODEDETAILS (version = 7), software layout = HADOOP_PRC_PORTS_IN_DATANODEDETAILS (version = 7)
2024-05-24 07:48:46,513 [main] INFO  statemachine.DatanodeStateMachine (DatanodeStateMachine.java:getEndPointTaskThreadPoolSize(299)) - Datanode State Machine Task Thread Pool size 2
2024-05-24 07:48:46,519 [main] INFO  volume.HddsVolume (HddsVolume.java:<init>(126)) - Creating HddsVolume: /home/runner/work/ozone/ozone/hadoop-ozone/integration-test/target/test-dir/MiniOzoneClusterImpl-b501fab0-540e-4575-af6e-dde2336b059e/ozone-meta/datanode-6/data-0/hdds of storage type : DISK capacity : 9222449699674390527
2024-05-24 07:48:46,520 [main] INFO  volume.MutableVolumeSet (MutableVolumeSet.java:initializeVolumeSet(173)) - Added Volume : /home/runner/work/ozone/ozone/hadoop-ozone/integration-test/target/test-dir/MiniOzoneClusterImpl-b501fab0-540e-4575-af6e-dde2336b059e/ozone-meta/datanode-6/data-0/hdds to VolumeSet
2024-05-24 07:48:46,522 [main] INFO  volume.MutableVolumeSet (MutableVolumeSet.java:initializeVolumeSet(173)) - Added Volume : /home/runner/work/ozone/ozone/hadoop-ozone/integration-test/target/test-dir/MiniOzoneClusterImpl-b501fab0-540e-4575-af6e-dde2336b059e/ozone-meta/datanode-6/ratis to VolumeSet
2024-05-24 07:48:46,522 [main] INFO  ozoneimpl.OzoneContainer (HddsVolumeUtil.java:loadAllHddsVolumeDbStore(103)) - Load 1 volumes DbStore cost: 0ms
2024-05-24 07:48:46,532 [main] INFO  server.RaftServer (ConfUtils.java:logGet(46)) - raft.rpc.type = GRPC (default)
2024-05-24 07:48:46,532 [main] INFO  grpc.GrpcConfigKeys (ConfUtils.java:logFallback(53)) - raft.grpc.admin.host = null (fallback to raft.grpc.server.host)
2024-05-24 07:48:46,533 [main] INFO  grpc.GrpcConfigKeys (ConfUtils.java:logGet(46)) - raft.grpc.admin.port = 15058 (custom)
2024-05-24 07:48:46,533 [main] INFO  grpc.GrpcConfigKeys (ConfUtils.java:logFallback(53)) - raft.grpc.client.host = null (fallback to raft.grpc.server.host)
2024-05-24 07:48:46,533 [main] INFO  grpc.GrpcConfigKeys (ConfUtils.java:logGet(46)) - raft.grpc.client.port = 15057 (custom)
2024-05-24 07:48:46,534 [main] INFO  grpc.GrpcConfigKeys (ConfUtils.java:logGet(46)) - raft.grpc.server.host = null (default)
2024-05-24 07:48:46,534 [main] INFO  grpc.GrpcConfigKeys (ConfUtils.java:logGet(46)) - raft.grpc.server.port = 15059 (custom)
2024-05-24 07:48:46,535 [main] INFO  server.GrpcService (ConfUtils.java:logGet(46)) - raft.grpc.message.size.max = 32MB (=33554432) (custom)
2024-05-24 07:48:46,535 [main] INFO  server.RaftServerConfigKeys (ConfUtils.java:logGet(46)) - raft.server.log.appender.buffer.byte-limit = 8388608 (custom)
2024-05-24 07:48:46,536 [main] INFO  server.GrpcService (ConfUtils.java:logGet(46)) - raft.grpc.flow.control.window = 5MB (=5242880) (custom)
2024-05-24 07:48:46,536 [main] INFO  server.RaftServerConfigKeys (ConfUtils.java:logGet(46)) - raft.server.rpc.request.timeout = 60s (custom)
2024-05-24 07:48:46,536 [main] INFO  grpc.GrpcConfigKeys (ConfUtils.java:logGet(46)) - raft.grpc.server.heartbeat.channel = true (default)
2024-05-24 07:48:46,537 [main] INFO  grpc.GrpcConfigKeys (ConfUtils.java:logGet(46)) - raft.grpc.server.async.request.thread.pool.cached = true (default)
2024-05-24 07:48:46,537 [main] INFO  grpc.GrpcConfigKeys (ConfUtils.java:logGet(46)) - raft.grpc.server.async.request.thread.pool.size = 32 (default)
2024-05-24 07:48:46,541 [main] INFO  impl.DataStreamServerImpl (ConfUtils.java:logGet(46)) - raft.datastream.type = NETTY (custom)
2024-05-24 07:48:46,541 [main] INFO  server.RaftServerConfigKeys (ConfUtils.java:logGet(46)) - raft.server.data-stream.async.request.thread.pool.cached = false (default)
2024-05-24 07:48:46,542 [main] INFO  server.RaftServerConfigKeys (ConfUtils.java:logGet(46)) - raft.server.data-stream.async.request.thread.pool.size = 20 (custom)
2024-05-24 07:48:46,542 [main] INFO  server.RaftServerConfigKeys (ConfUtils.java:logGet(46)) - raft.server.data-stream.async.write.thread.pool.size = 16 (default)
2024-05-24 07:48:46,542 [main] INFO  netty.NettyConfigKeys$DataStream (ConfUtils.java:logGet(46)) - raft.netty.dataStream.server.channel.inactive.grace-period = 10min (default)
2024-05-24 07:48:46,542 [main] INFO  server.RaftServerConfigKeys (ConfUtils.java:logGet(46)) - raft.server.data-stream.client.pool.size = 10 (default)
2024-05-24 07:48:46,543 [main] INFO  netty.NettyConfigKeys$DataStream (ConfUtils.java:logGet(46)) - raft.netty.dataStream.server.use-epoll = true (default)
2024-05-24 07:48:46,543 [main] INFO  netty.NettyConfigKeys$DataStream (ConfUtils.java:logGet(46)) - raft.netty.dataStream.server.boss-group.size = 0 (default)
2024-05-24 07:48:46,543 [main] INFO  netty.NettyUtils (NettyUtils.java:newEventLoopGroup(69)) - Create EpollEventLoopGroup for e689b99c-fc0b-4611-bf51-e78d9991fc84-NettyServerStreamRpc-bossGroup; Thread size is 0.
2024-05-24 07:48:46,544 [main] INFO  netty.NettyConfigKeys$DataStream (ConfUtils.java:logGet(46)) - raft.netty.dataStream.server.worker-group.size = 0 (default)
2024-05-24 07:48:46,544 [main] INFO  netty.NettyUtils (NettyUtils.java:newEventLoopGroup(69)) - Create EpollEventLoopGroup for e689b99c-fc0b-4611-bf51-e78d9991fc84-NettyServerStreamRpc-workerGroup; Thread size is 0.
2024-05-24 07:48:46,545 [main] INFO  netty.NettyConfigKeys$DataStream (ConfUtils.java:logGet(46)) - raft.netty.dataStream.server.tls.conf = null (default)
2024-05-24 07:48:46,545 [main] INFO  netty.NettyConfigKeys$DataStream (ConfUtils.java:logGet(46)) - raft.netty.dataStream.host = null (default)
2024-05-24 07:48:46,545 [main] INFO  netty.NettyConfigKeys$DataStream (ConfUtils.java:logGet(46)) - raft.netty.dataStream.port = 15060 (custom)
2024-05-24 07:48:46,546 [main] INFO  server.RaftServerConfigKeys (ConfUtils.java:logGet(46)) - raft.server.sleep.deviation.threshold = 300ms (default)
2024-05-24 07:48:46,546 [main] INFO  server.RaftServerConfigKeys (ConfUtils.java:logGet(46)) - raft.server.close.threshold = 60s (default)
2024-05-24 07:48:46,546 [main] INFO  server.RaftServerConfigKeys (ConfUtils.java:logGet(46)) - raft.server.leaderelection.leader.step-down.wait-time = 10s (default)
2024-05-24 07:48:46,547 [main] INFO  server.RaftServerConfigKeys (ConfUtils.java:logGet(46)) - raft.server.storage.dir = [/home/runner/work/ozone/ozone/hadoop-ozone/integration-test/target/test-dir/MiniOzoneClusterImpl-b501fab0-540e-4575-af6e-dde2336b059e/ozone-meta/datanode-6/ratis] (custom)
2024-05-24 07:48:46,547 [main] INFO  server.RaftServerConfigKeys (ConfUtils.java:logGet(46)) - raft.server.threadpool.proxy.cached = true (default)
2024-05-24 07:48:46,547 [main] INFO  server.RaftServerConfigKeys (ConfUtils.java:logGet(46)) - raft.server.threadpool.proxy.size = 0 (default)
2024-05-24 07:48:46,548 [e689b99c-fc0b-4611-bf51-e78d9991fc84-impl-thread1] INFO  server.RaftServer (RaftServerProxy.java:initGroupDir(264)) - e689b99c-fc0b-4611-bf51-e78d9991fc84: found a subdirectory /home/runner/work/ozone/ozone/hadoop-ozone/integration-test/target/test-dir/MiniOzoneClusterImpl-b501fab0-540e-4575-af6e-dde2336b059e/ozone-meta/datanode-6/ratis/tmp
2024-05-24 07:48:46,548 [e689b99c-fc0b-4611-bf51-e78d9991fc84-impl-thread1] INFO  server.RaftServer (RaftServerProxy.java:initGroupDir(269)) - e689b99c-fc0b-4611-bf51-e78d9991fc84: The directory /home/runner/work/ozone/ozone/hadoop-ozone/integration-test/target/test-dir/MiniOzoneClusterImpl-b501fab0-540e-4575-af6e-dde2336b059e/ozone-meta/datanode-6/ratis/tmp is not a group directory; ignoring it. 
2024-05-24 07:48:46,548 [main] INFO  replication.ReplicationServer (ReplicationServer.java:<init>(86)) - Initializing replication server with thread count = 10 queue length = 4096
2024-05-24 07:48:46,550 [e689b99c-fc0b-4611-bf51-e78d9991fc84-NettyServerStreamRpc-bossGroup--thread1] INFO  logging.LoggingHandler (AbstractInternalLogger.java:log(148)) - [id: 0x7dcc1cb8] REGISTERED
2024-05-24 07:48:46,550 [main] INFO  server.XceiverServerGrpc (XceiverServerGrpc.java:<init>(141)) - GrpcServer channel type EpollServerSocketChannel
2024-05-24 07:48:46,552 [e689b99c-fc0b-4611-bf51-e78d9991fc84-NettyServerStreamRpc-bossGroup--thread1] INFO  logging.LoggingHandler (AbstractInternalLogger.java:log(148)) - [id: 0x7dcc1cb8] BIND: 0.0.0.0/0.0.0.0:15060
2024-05-24 07:48:46,552 [main] INFO  replication.ReplicationSupervisor (ReplicationSupervisor.java:build(157)) - Initializing replication supervisor with thread count = 10
2024-05-24 07:48:46,553 [main] INFO  replication.ReplicationSupervisor (ReplicationSupervisor.java:nodeStateUpdated(312)) - Node state updated to IN_SERVICE, scaling executor pool size to 10
2024-05-24 07:48:46,552 [e689b99c-fc0b-4611-bf51-e78d9991fc84-NettyServerStreamRpc-bossGroup--thread1] INFO  logging.LoggingHandler (AbstractInternalLogger.java:log(148)) - [id: 0x7dcc1cb8, L:/0.0.0.0:15060] ACTIVE
2024-05-24 07:48:46,555 [main] INFO  http.BaseHttpServer (BaseHttpServer.java:newHttpServer2BuilderForOzone(223)) - Starting Web-server for hddsDatanode at: http://0.0.0.0:15054
2024-05-24 07:48:46,556 [main] INFO  http.BaseHttpServer (BaseHttpServer.java:<init>(110)) - Hadoop Security Enabled: false Ozone Security Enabled: false Ozone HTTP Security Enabled: false 
2024-05-24 07:48:46,557 [main] WARN  server.AuthenticationFilter (AuthenticationFilter.java:constructSecretProvider(240)) - Unable to initialize FileSignerSecretProvider, falling back to use random secrets. Reason: Could not read signature secret file: /home/runner/hadoop-http-auth-signature-secret
2024-05-24 07:48:46,558 [main] INFO  http.HttpRequestLog (HttpRequestLog.java:getRequestLog(86)) - Http request log for http.requests.hddsDatanode is not defined
2024-05-24 07:48:46,559 [main] INFO  http.HttpServer2 (HttpServer2.java:addGlobalFilter(1036)) - Added global filter 'safety' (class=org.apache.hadoop.hdds.server.http.HttpServer2$QuotingInputFilter)
2024-05-24 07:48:46,560 [main] INFO  http.HttpServer2 (HttpServer2.java:addFilter(1012)) - Added filter static_user_filter (class=org.apache.hadoop.http.lib.StaticUserWebFilter$StaticUserFilter) to context hddsDatanode
2024-05-24 07:48:46,561 [main] INFO  http.HttpServer2 (HttpServer2.java:addFilter(1020)) - Added filter static_user_filter (class=org.apache.hadoop.http.lib.StaticUserWebFilter$StaticUserFilter) to context logs
2024-05-24 07:48:46,561 [main] INFO  http.HttpServer2 (HttpServer2.java:addFilter(1020)) - Added filter static_user_filter (class=org.apache.hadoop.http.lib.StaticUserWebFilter$StaticUserFilter) to context static
2024-05-24 07:48:46,561 [main] INFO  http.BaseHttpServer (BaseHttpServer.java:<init>(189)) - HTTP server of hddsDatanode uses base directory /home/runner/work/ozone/ozone/hadoop-ozone/integration-test/target/test-dir/MiniOzoneClusterImpl-b501fab0-540e-4575-af6e-dde2336b059e/ozone-meta/datanode-6/meta/webserver
2024-05-24 07:48:46,562 [main] INFO  http.HttpServer2 (HttpServer2.java:bindListener(1236)) - Jetty bound to port 15054
2024-05-24 07:48:46,562 [main] INFO  server.Server (Server.java:doStart(375)) - jetty-9.4.54.v20240208; built: 2024-02-08T19:42:39.027Z; git: cef3fbd6d736a21e7d541a5db490381d95a2047d; jvm 17.0.11+9
2024-05-24 07:48:46,572 [main] INFO  server.session (DefaultSessionIdManager.java:doStart(334)) - DefaultSessionIdManager workerName=node0
2024-05-24 07:48:46,573 [main] INFO  server.session (DefaultSessionIdManager.java:doStart(339)) - No SessionScavenger set, using defaults
2024-05-24 07:48:46,573 [main] INFO  server.session (HouseKeeper.java:startScavenging(132)) - node0 Scavenging every 600000ms
2024-05-24 07:48:46,574 [main] INFO  handler.ContextHandler (ContextHandler.java:doStart(921)) - Started o.e.j.s.ServletContextHandler@3ae47f4f{logs,/logs,file:///home/runner/work/ozone/ozone/hadoop-ozone/integration-test/target/log,AVAILABLE}
2024-05-24 07:48:46,574 [main] INFO  handler.ContextHandler (ContextHandler.java:doStart(921)) - Started o.e.j.s.ServletContextHandler@116b7837{static,/static,file:///home/runner/work/ozone/ozone/hadoop-hdds/container-service/target/classes/webapps/static,AVAILABLE}
2024-05-24 07:48:46,583 [main] INFO  handler.ContextHandler (ContextHandler.java:doStart(921)) - Started o.e.j.w.WebAppContext@2fe6a72d{hddsDatanode,/,file:///home/runner/work/ozone/ozone/hadoop-hdds/container-service/target/classes/webapps/hddsDatanode/,AVAILABLE}{file:/home/runner/work/ozone/ozone/hadoop-hdds/container-service/target/classes/webapps/hddsDatanode}
2024-05-24 07:48:46,585 [main] INFO  server.AbstractConnector (AbstractConnector.java:doStart(333)) - Started ServerConnector@26364268{HTTP/1.1, (http/1.1)}{0.0.0.0:15054}
2024-05-24 07:48:46,585 [main] INFO  server.Server (Server.java:doStart(415)) - Started @9667ms
2024-05-24 07:48:46,585 [main] WARN  impl.MetricsSystemImpl (MetricsSystemImpl.java:register(279)) - Sink prometheus already exists!
2024-05-24 07:48:46,586 [main] INFO  http.BaseHttpServer (BaseHttpServer.java:updateConnectorAddress(354)) - HTTP server of hddsDatanode listening at http://0.0.0.0:15054
2024-05-24 07:48:46,586 [main] INFO  ipc.CallQueueManager (CallQueueManager.java:<init>(90)) - Using callQueue: class java.util.concurrent.LinkedBlockingQueue, queueCapacity: 100, scheduler: class org.apache.hadoop.ipc.DefaultRpcScheduler, ipcBackoff: false.
2024-05-24 07:48:46,587 [main] INFO  ipc.Server (Server.java:<init>(1287)) - Listener at 0.0.0.0:15055
2024-05-24 07:48:46,588 [Socket Reader #1 for port 15055] INFO  ipc.Server (Server.java:run(1323)) - Starting Socket Reader #1 for port 15055
2024-05-24 07:48:46,590 [main] INFO  ozone.HddsDatanodeService (HddsDatanodeService.java:start(327)) - Datanode start with admins: [runner]
2024-05-24 07:48:46,590 [main] INFO  ozone.HddsDatanodeClientProtocolServer (HddsDatanodeClientProtocolServer.java:start(77)) - RPC server for Client /0.0.0.0:15055
2024-05-24 07:48:46,590 [IPC Server Responder] INFO  ipc.Server (Server.java:run(1562)) - IPC Server Responder: starting
2024-05-24 07:48:46,590 [IPC Server listener on 15055] INFO  ipc.Server (Server.java:run(1402)) - IPC Server listener on 15055: starting
2024-05-24 07:48:46,591 [e689b99c-fc0b-4611-bf51-e78d9991fc84-DatanodeStateMachineDaemonThread] INFO  statemachine.DatanodeStateMachine (DatanodeStateMachine.java:lambda$startDaemon$1(555)) - Ozone container server started.
2024-05-24 07:48:46,591 [main] WARN  dropwizard3.Dm3MetricRegistriesImpl (Dm3MetricRegistriesImpl.java:addReporterRegistration(113)) - New reporters are added after registries were created. Some metrics will be missing from the reporter. Please add reporter before adding any new registry.
2024-05-24 07:48:46,591 [main] WARN  dropwizard3.Dm3MetricRegistriesImpl (Dm3MetricRegistriesImpl.java:addReporterRegistration(113)) - New reporters are added after registries were created. Some metrics will be missing from the reporter. Please add reporter before adding any new registry.
2024-05-24 07:48:46,591 [main] INFO  impl.MetricsSystemImpl (MetricsSystemImpl.java:init(158)) - HddsDatanode metrics system started (again)
2024-05-24 07:48:46,602 [main] INFO  ozone.HddsDatanodeService (HddsDatanodeService.java:start(240)) - HddsDatanodeService host:fv-az779-985.k0faouyluq4u1aavuapgg5xmpb.cx.internal.cloudapp.net ip:10.1.0.15
2024-05-24 07:48:46,616 [e689b99c-fc0b-4611-bf51-e78d9991fc84-DatanodeStateMachineTaskThread-0] INFO  datanode.InitDatanodeState (InitDatanodeState.java:persistContainerDatanodeDetails(139)) - DatanodeDetails is persisted to /home/runner/work/ozone/ozone/hadoop-ozone/integration-test/target/test-dir/MiniOzoneClusterImpl-b501fab0-540e-4575-af6e-dde2336b059e/ozone-meta/datanode-6/meta/datanode.id
2024-05-24 07:48:46,624 [main] INFO  upgrade.AbstractLayoutVersionManager (AbstractLayoutVersionManager.java:init(83)) - Initializing Layout version manager with metadata layout = HADOOP_PRC_PORTS_IN_DATANODEDETAILS (version = 7), software layout = HADOOP_PRC_PORTS_IN_DATANODEDETAILS (version = 7)
2024-05-24 07:48:46,625 [main] INFO  statemachine.DatanodeStateMachine (DatanodeStateMachine.java:getEndPointTaskThreadPoolSize(299)) - Datanode State Machine Task Thread Pool size 2
2024-05-24 07:48:46,627 [main] INFO  volume.HddsVolume (HddsVolume.java:<init>(126)) - Creating HddsVolume: /home/runner/work/ozone/ozone/hadoop-ozone/integration-test/target/test-dir/MiniOzoneClusterImpl-b501fab0-540e-4575-af6e-dde2336b059e/ozone-meta/datanode-7/data-0/hdds of storage type : DISK capacity : 9222449699674390527
2024-05-24 07:48:46,627 [main] INFO  volume.MutableVolumeSet (MutableVolumeSet.java:initializeVolumeSet(173)) - Added Volume : /home/runner/work/ozone/ozone/hadoop-ozone/integration-test/target/test-dir/MiniOzoneClusterImpl-b501fab0-540e-4575-af6e-dde2336b059e/ozone-meta/datanode-7/data-0/hdds to VolumeSet
2024-05-24 07:48:46,628 [main] INFO  volume.MutableVolumeSet (MutableVolumeSet.java:initializeVolumeSet(173)) - Added Volume : /home/runner/work/ozone/ozone/hadoop-ozone/integration-test/target/test-dir/MiniOzoneClusterImpl-b501fab0-540e-4575-af6e-dde2336b059e/ozone-meta/datanode-7/ratis to VolumeSet
2024-05-24 07:48:46,629 [main] INFO  ozoneimpl.OzoneContainer (HddsVolumeUtil.java:loadAllHddsVolumeDbStore(103)) - Load 1 volumes DbStore cost: 0ms
2024-05-24 07:48:46,632 [main] INFO  server.RaftServer (ConfUtils.java:logGet(46)) - raft.rpc.type = GRPC (default)
2024-05-24 07:48:46,632 [main] INFO  grpc.GrpcConfigKeys (ConfUtils.java:logFallback(53)) - raft.grpc.admin.host = null (fallback to raft.grpc.server.host)
2024-05-24 07:48:46,632 [main] INFO  grpc.GrpcConfigKeys (ConfUtils.java:logGet(46)) - raft.grpc.admin.port = 15067 (custom)
2024-05-24 07:48:46,632 [main] INFO  grpc.GrpcConfigKeys (ConfUtils.java:logFallback(53)) - raft.grpc.client.host = null (fallback to raft.grpc.server.host)
2024-05-24 07:48:46,633 [main] INFO  grpc.GrpcConfigKeys (ConfUtils.java:logGet(46)) - raft.grpc.client.port = 15066 (custom)
2024-05-24 07:48:46,633 [main] INFO  grpc.GrpcConfigKeys (ConfUtils.java:logGet(46)) - raft.grpc.server.host = null (default)
2024-05-24 07:48:46,633 [main] INFO  grpc.GrpcConfigKeys (ConfUtils.java:logGet(46)) - raft.grpc.server.port = 15068 (custom)
2024-05-24 07:48:46,633 [main] INFO  server.GrpcService (ConfUtils.java:logGet(46)) - raft.grpc.message.size.max = 32MB (=33554432) (custom)
2024-05-24 07:48:46,633 [main] INFO  server.RaftServerConfigKeys (ConfUtils.java:logGet(46)) - raft.server.log.appender.buffer.byte-limit = 8388608 (custom)
2024-05-24 07:48:46,633 [main] INFO  server.GrpcService (ConfUtils.java:logGet(46)) - raft.grpc.flow.control.window = 5MB (=5242880) (custom)
2024-05-24 07:48:46,633 [main] INFO  server.RaftServerConfigKeys (ConfUtils.java:logGet(46)) - raft.server.rpc.request.timeout = 60s (custom)
2024-05-24 07:48:46,633 [main] INFO  grpc.GrpcConfigKeys (ConfUtils.java:logGet(46)) - raft.grpc.server.heartbeat.channel = true (default)
2024-05-24 07:48:46,634 [main] INFO  grpc.GrpcConfigKeys (ConfUtils.java:logGet(46)) - raft.grpc.server.async.request.thread.pool.cached = true (default)
2024-05-24 07:48:46,634 [main] INFO  grpc.GrpcConfigKeys (ConfUtils.java:logGet(46)) - raft.grpc.server.async.request.thread.pool.size = 32 (default)
2024-05-24 07:48:46,636 [main] INFO  impl.DataStreamServerImpl (ConfUtils.java:logGet(46)) - raft.datastream.type = NETTY (custom)
2024-05-24 07:48:46,636 [main] INFO  server.RaftServerConfigKeys (ConfUtils.java:logGet(46)) - raft.server.data-stream.async.request.thread.pool.cached = false (default)
2024-05-24 07:48:46,636 [main] INFO  server.RaftServerConfigKeys (ConfUtils.java:logGet(46)) - raft.server.data-stream.async.request.thread.pool.size = 20 (custom)
2024-05-24 07:48:46,637 [main] INFO  server.RaftServerConfigKeys (ConfUtils.java:logGet(46)) - raft.server.data-stream.async.write.thread.pool.size = 16 (default)
2024-05-24 07:48:46,637 [main] INFO  netty.NettyConfigKeys$DataStream (ConfUtils.java:logGet(46)) - raft.netty.dataStream.server.channel.inactive.grace-period = 10min (default)
2024-05-24 07:48:46,637 [main] INFO  server.RaftServerConfigKeys (ConfUtils.java:logGet(46)) - raft.server.data-stream.client.pool.size = 10 (default)
2024-05-24 07:48:46,637 [main] INFO  netty.NettyConfigKeys$DataStream (ConfUtils.java:logGet(46)) - raft.netty.dataStream.server.use-epoll = true (default)
2024-05-24 07:48:46,637 [main] INFO  netty.NettyConfigKeys$DataStream (ConfUtils.java:logGet(46)) - raft.netty.dataStream.server.boss-group.size = 0 (default)
2024-05-24 07:48:46,637 [main] INFO  netty.NettyUtils (NettyUtils.java:newEventLoopGroup(69)) - Create EpollEventLoopGroup for 26f71362-a48a-41de-9ada-52ca0d6b3643-NettyServerStreamRpc-bossGroup; Thread size is 0.
2024-05-24 07:48:46,638 [main] INFO  netty.NettyConfigKeys$DataStream (ConfUtils.java:logGet(46)) - raft.netty.dataStream.server.worker-group.size = 0 (default)
2024-05-24 07:48:46,638 [main] INFO  netty.NettyUtils (NettyUtils.java:newEventLoopGroup(69)) - Create EpollEventLoopGroup for 26f71362-a48a-41de-9ada-52ca0d6b3643-NettyServerStreamRpc-workerGroup; Thread size is 0.
2024-05-24 07:48:46,638 [main] INFO  netty.NettyConfigKeys$DataStream (ConfUtils.java:logGet(46)) - raft.netty.dataStream.server.tls.conf = null (default)
2024-05-24 07:48:46,639 [main] INFO  netty.NettyConfigKeys$DataStream (ConfUtils.java:logGet(46)) - raft.netty.dataStream.host = null (default)
2024-05-24 07:48:46,639 [main] INFO  netty.NettyConfigKeys$DataStream (ConfUtils.java:logGet(46)) - raft.netty.dataStream.port = 15069 (custom)
2024-05-24 07:48:46,639 [main] INFO  server.RaftServerConfigKeys (ConfUtils.java:logGet(46)) - raft.server.sleep.deviation.threshold = 300ms (default)
2024-05-24 07:48:46,639 [main] INFO  server.RaftServerConfigKeys (ConfUtils.java:logGet(46)) - raft.server.close.threshold = 60s (default)
2024-05-24 07:48:46,639 [main] INFO  server.RaftServerConfigKeys (ConfUtils.java:logGet(46)) - raft.server.leaderelection.leader.step-down.wait-time = 10s (default)
2024-05-24 07:48:46,640 [main] INFO  server.RaftServerConfigKeys (ConfUtils.java:logGet(46)) - raft.server.storage.dir = [/home/runner/work/ozone/ozone/hadoop-ozone/integration-test/target/test-dir/MiniOzoneClusterImpl-b501fab0-540e-4575-af6e-dde2336b059e/ozone-meta/datanode-7/ratis] (custom)
2024-05-24 07:48:46,640 [26f71362-a48a-41de-9ada-52ca0d6b3643-NettyServerStreamRpc-bossGroup--thread1] INFO  logging.LoggingHandler (AbstractInternalLogger.java:log(148)) - [id: 0x29f9b6f9] REGISTERED
2024-05-24 07:48:46,640 [main] INFO  server.RaftServerConfigKeys (ConfUtils.java:logGet(46)) - raft.server.threadpool.proxy.cached = true (default)
2024-05-24 07:48:46,641 [26f71362-a48a-41de-9ada-52ca0d6b3643-NettyServerStreamRpc-bossGroup--thread1] INFO  logging.LoggingHandler (AbstractInternalLogger.java:log(148)) - [id: 0x29f9b6f9] BIND: 0.0.0.0/0.0.0.0:15069
2024-05-24 07:48:46,641 [main] INFO  server.RaftServerConfigKeys (ConfUtils.java:logGet(46)) - raft.server.threadpool.proxy.size = 0 (default)
2024-05-24 07:48:46,641 [26f71362-a48a-41de-9ada-52ca0d6b3643-NettyServerStreamRpc-bossGroup--thread1] INFO  logging.LoggingHandler (AbstractInternalLogger.java:log(148)) - [id: 0x29f9b6f9, L:/0.0.0.0:15069] ACTIVE
2024-05-24 07:48:46,642 [26f71362-a48a-41de-9ada-52ca0d6b3643-impl-thread1] INFO  server.RaftServer (RaftServerProxy.java:initGroupDir(264)) - 26f71362-a48a-41de-9ada-52ca0d6b3643: found a subdirectory /home/runner/work/ozone/ozone/hadoop-ozone/integration-test/target/test-dir/MiniOzoneClusterImpl-b501fab0-540e-4575-af6e-dde2336b059e/ozone-meta/datanode-7/ratis/tmp
2024-05-24 07:48:46,642 [26f71362-a48a-41de-9ada-52ca0d6b3643-impl-thread1] INFO  server.RaftServer (RaftServerProxy.java:initGroupDir(269)) - 26f71362-a48a-41de-9ada-52ca0d6b3643: The directory /home/runner/work/ozone/ozone/hadoop-ozone/integration-test/target/test-dir/MiniOzoneClusterImpl-b501fab0-540e-4575-af6e-dde2336b059e/ozone-meta/datanode-7/ratis/tmp is not a group directory; ignoring it. 
2024-05-24 07:48:46,642 [main] INFO  replication.ReplicationServer (ReplicationServer.java:<init>(86)) - Initializing replication server with thread count = 10 queue length = 4096
2024-05-24 07:48:46,645 [main] INFO  server.XceiverServerGrpc (XceiverServerGrpc.java:<init>(141)) - GrpcServer channel type EpollServerSocketChannel
2024-05-24 07:48:46,648 [main] INFO  replication.ReplicationSupervisor (ReplicationSupervisor.java:build(157)) - Initializing replication supervisor with thread count = 10
2024-05-24 07:48:46,648 [main] INFO  replication.ReplicationSupervisor (ReplicationSupervisor.java:nodeStateUpdated(312)) - Node state updated to IN_SERVICE, scaling executor pool size to 10
2024-05-24 07:48:46,653 [main] INFO  http.BaseHttpServer (BaseHttpServer.java:newHttpServer2BuilderForOzone(223)) - Starting Web-server for hddsDatanode at: http://0.0.0.0:15063
2024-05-24 07:48:46,653 [main] INFO  http.BaseHttpServer (BaseHttpServer.java:<init>(110)) - Hadoop Security Enabled: false Ozone Security Enabled: false Ozone HTTP Security Enabled: false 
2024-05-24 07:48:46,655 [main] WARN  server.AuthenticationFilter (AuthenticationFilter.java:constructSecretProvider(240)) - Unable to initialize FileSignerSecretProvider, falling back to use random secrets. Reason: Could not read signature secret file: /home/runner/hadoop-http-auth-signature-secret
2024-05-24 07:48:46,656 [main] INFO  http.HttpRequestLog (HttpRequestLog.java:getRequestLog(86)) - Http request log for http.requests.hddsDatanode is not defined
2024-05-24 07:48:46,658 [main] INFO  http.HttpServer2 (HttpServer2.java:addGlobalFilter(1036)) - Added global filter 'safety' (class=org.apache.hadoop.hdds.server.http.HttpServer2$QuotingInputFilter)
2024-05-24 07:48:46,659 [main] INFO  http.HttpServer2 (HttpServer2.java:addFilter(1012)) - Added filter static_user_filter (class=org.apache.hadoop.http.lib.StaticUserWebFilter$StaticUserFilter) to context hddsDatanode
2024-05-24 07:48:46,659 [main] INFO  http.HttpServer2 (HttpServer2.java:addFilter(1020)) - Added filter static_user_filter (class=org.apache.hadoop.http.lib.StaticUserWebFilter$StaticUserFilter) to context static
2024-05-24 07:48:46,659 [main] INFO  http.HttpServer2 (HttpServer2.java:addFilter(1020)) - Added filter static_user_filter (class=org.apache.hadoop.http.lib.StaticUserWebFilter$StaticUserFilter) to context logs
2024-05-24 07:48:46,660 [main] INFO  http.BaseHttpServer (BaseHttpServer.java:<init>(189)) - HTTP server of hddsDatanode uses base directory /home/runner/work/ozone/ozone/hadoop-ozone/integration-test/target/test-dir/MiniOzoneClusterImpl-b501fab0-540e-4575-af6e-dde2336b059e/ozone-meta/datanode-7/meta/webserver
2024-05-24 07:48:46,660 [main] INFO  http.HttpServer2 (HttpServer2.java:bindListener(1236)) - Jetty bound to port 15063
2024-05-24 07:48:46,660 [main] INFO  server.Server (Server.java:doStart(375)) - jetty-9.4.54.v20240208; built: 2024-02-08T19:42:39.027Z; git: cef3fbd6d736a21e7d541a5db490381d95a2047d; jvm 17.0.11+9
2024-05-24 07:48:46,665 [main] INFO  server.session (DefaultSessionIdManager.java:doStart(334)) - DefaultSessionIdManager workerName=node0
2024-05-24 07:48:46,665 [main] INFO  server.session (DefaultSessionIdManager.java:doStart(339)) - No SessionScavenger set, using defaults
2024-05-24 07:48:46,665 [main] INFO  server.session (HouseKeeper.java:startScavenging(132)) - node0 Scavenging every 600000ms
2024-05-24 07:48:46,668 [main] INFO  handler.ContextHandler (ContextHandler.java:doStart(921)) - Started o.e.j.s.ServletContextHandler@22ecb321{logs,/logs,file:///home/runner/work/ozone/ozone/hadoop-ozone/integration-test/target/log,AVAILABLE}
2024-05-24 07:48:46,669 [main] INFO  handler.ContextHandler (ContextHandler.java:doStart(921)) - Started o.e.j.s.ServletContextHandler@5fbd0979{static,/static,file:///home/runner/work/ozone/ozone/hadoop-hdds/container-service/target/classes/webapps/static,AVAILABLE}
2024-05-24 07:48:46,672 [main] INFO  handler.ContextHandler (ContextHandler.java:doStart(921)) - Started o.e.j.w.WebAppContext@160a3238{hddsDatanode,/,file:///home/runner/work/ozone/ozone/hadoop-hdds/container-service/target/classes/webapps/hddsDatanode/,AVAILABLE}{file:/home/runner/work/ozone/ozone/hadoop-hdds/container-service/target/classes/webapps/hddsDatanode}
2024-05-24 07:48:46,673 [main] INFO  server.AbstractConnector (AbstractConnector.java:doStart(333)) - Started ServerConnector@42e08ff1{HTTP/1.1, (http/1.1)}{0.0.0.0:15063}
2024-05-24 07:48:46,673 [main] INFO  server.Server (Server.java:doStart(415)) - Started @9755ms
2024-05-24 07:48:46,674 [main] WARN  impl.MetricsSystemImpl (MetricsSystemImpl.java:register(279)) - Sink prometheus already exists!
2024-05-24 07:48:46,674 [main] INFO  http.BaseHttpServer (BaseHttpServer.java:updateConnectorAddress(354)) - HTTP server of hddsDatanode listening at http://0.0.0.0:15063
2024-05-24 07:48:46,675 [main] INFO  ipc.CallQueueManager (CallQueueManager.java:<init>(90)) - Using callQueue: class java.util.concurrent.LinkedBlockingQueue, queueCapacity: 100, scheduler: class org.apache.hadoop.ipc.DefaultRpcScheduler, ipcBackoff: false.
2024-05-24 07:48:46,675 [main] INFO  ipc.Server (Server.java:<init>(1287)) - Listener at 0.0.0.0:15064
2024-05-24 07:48:46,676 [Socket Reader #1 for port 15064] INFO  ipc.Server (Server.java:run(1323)) - Starting Socket Reader #1 for port 15064
2024-05-24 07:48:46,680 [main] INFO  ozone.HddsDatanodeService (HddsDatanodeService.java:start(327)) - Datanode start with admins: [runner]
2024-05-24 07:48:46,680 [main] INFO  ozone.HddsDatanodeClientProtocolServer (HddsDatanodeClientProtocolServer.java:start(77)) - RPC server for Client /0.0.0.0:15064
2024-05-24 07:48:46,681 [IPC Server Responder] INFO  ipc.Server (Server.java:run(1562)) - IPC Server Responder: starting
2024-05-24 07:48:46,681 [IPC Server listener on 15064] INFO  ipc.Server (Server.java:run(1402)) - IPC Server listener on 15064: starting
2024-05-24 07:48:46,682 [main] WARN  dropwizard3.Dm3MetricRegistriesImpl (Dm3MetricRegistriesImpl.java:addReporterRegistration(113)) - New reporters are added after registries were created. Some metrics will be missing from the reporter. Please add reporter before adding any new registry.
2024-05-24 07:48:46,682 [main] WARN  dropwizard3.Dm3MetricRegistriesImpl (Dm3MetricRegistriesImpl.java:addReporterRegistration(113)) - New reporters are added after registries were created. Some metrics will be missing from the reporter. Please add reporter before adding any new registry.
2024-05-24 07:48:46,682 [main] INFO  impl.MetricsSystemImpl (MetricsSystemImpl.java:init(158)) - HddsDatanode metrics system started (again)
2024-05-24 07:48:46,684 [26f71362-a48a-41de-9ada-52ca0d6b3643-DatanodeStateMachineDaemonThread] INFO  statemachine.DatanodeStateMachine (DatanodeStateMachine.java:lambda$startDaemon$1(555)) - Ozone container server started.
2024-05-24 07:48:46,693 [main] INFO  ozone.HddsDatanodeService (HddsDatanodeService.java:start(240)) - HddsDatanodeService host:fv-az779-985.k0faouyluq4u1aavuapgg5xmpb.cx.internal.cloudapp.net ip:10.1.0.15
2024-05-24 07:48:46,698 [26f71362-a48a-41de-9ada-52ca0d6b3643-DatanodeStateMachineTaskThread-0] INFO  datanode.InitDatanodeState (InitDatanodeState.java:persistContainerDatanodeDetails(139)) - DatanodeDetails is persisted to /home/runner/work/ozone/ozone/hadoop-ozone/integration-test/target/test-dir/MiniOzoneClusterImpl-b501fab0-540e-4575-af6e-dde2336b059e/ozone-meta/datanode-7/meta/datanode.id
2024-05-24 07:48:46,745 [main] INFO  upgrade.AbstractLayoutVersionManager (AbstractLayoutVersionManager.java:init(83)) - Initializing Layout version manager with metadata layout = HADOOP_PRC_PORTS_IN_DATANODEDETAILS (version = 7), software layout = HADOOP_PRC_PORTS_IN_DATANODEDETAILS (version = 7)
2024-05-24 07:48:46,746 [main] INFO  statemachine.DatanodeStateMachine (DatanodeStateMachine.java:getEndPointTaskThreadPoolSize(299)) - Datanode State Machine Task Thread Pool size 2
2024-05-24 07:48:46,748 [main] INFO  volume.HddsVolume (HddsVolume.java:<init>(126)) - Creating HddsVolume: /home/runner/work/ozone/ozone/hadoop-ozone/integration-test/target/test-dir/MiniOzoneClusterImpl-b501fab0-540e-4575-af6e-dde2336b059e/ozone-meta/datanode-8/data-0/hdds of storage type : DISK capacity : 9222449699674390527
2024-05-24 07:48:46,748 [main] INFO  volume.MutableVolumeSet (MutableVolumeSet.java:initializeVolumeSet(173)) - Added Volume : /home/runner/work/ozone/ozone/hadoop-ozone/integration-test/target/test-dir/MiniOzoneClusterImpl-b501fab0-540e-4575-af6e-dde2336b059e/ozone-meta/datanode-8/data-0/hdds to VolumeSet
2024-05-24 07:48:46,750 [main] INFO  volume.MutableVolumeSet (MutableVolumeSet.java:initializeVolumeSet(173)) - Added Volume : /home/runner/work/ozone/ozone/hadoop-ozone/integration-test/target/test-dir/MiniOzoneClusterImpl-b501fab0-540e-4575-af6e-dde2336b059e/ozone-meta/datanode-8/ratis to VolumeSet
2024-05-24 07:48:46,750 [main] INFO  ozoneimpl.OzoneContainer (HddsVolumeUtil.java:loadAllHddsVolumeDbStore(103)) - Load 1 volumes DbStore cost: 0ms
2024-05-24 07:48:46,754 [main] INFO  server.RaftServer (ConfUtils.java:logGet(46)) - raft.rpc.type = GRPC (default)
2024-05-24 07:48:46,754 [main] INFO  grpc.GrpcConfigKeys (ConfUtils.java:logFallback(53)) - raft.grpc.admin.host = null (fallback to raft.grpc.server.host)
2024-05-24 07:48:46,754 [main] INFO  grpc.GrpcConfigKeys (ConfUtils.java:logGet(46)) - raft.grpc.admin.port = 15076 (custom)
2024-05-24 07:48:46,754 [main] INFO  grpc.GrpcConfigKeys (ConfUtils.java:logFallback(53)) - raft.grpc.client.host = null (fallback to raft.grpc.server.host)
2024-05-24 07:48:46,754 [main] INFO  grpc.GrpcConfigKeys (ConfUtils.java:logGet(46)) - raft.grpc.client.port = 15075 (custom)
2024-05-24 07:48:46,754 [main] INFO  grpc.GrpcConfigKeys (ConfUtils.java:logGet(46)) - raft.grpc.server.host = null (default)
2024-05-24 07:48:46,754 [main] INFO  grpc.GrpcConfigKeys (ConfUtils.java:logGet(46)) - raft.grpc.server.port = 15077 (custom)
2024-05-24 07:48:46,755 [main] INFO  server.GrpcService (ConfUtils.java:logGet(46)) - raft.grpc.message.size.max = 32MB (=33554432) (custom)
2024-05-24 07:48:46,755 [main] INFO  server.RaftServerConfigKeys (ConfUtils.java:logGet(46)) - raft.server.log.appender.buffer.byte-limit = 8388608 (custom)
2024-05-24 07:48:46,755 [main] INFO  server.GrpcService (ConfUtils.java:logGet(46)) - raft.grpc.flow.control.window = 5MB (=5242880) (custom)
2024-05-24 07:48:46,755 [main] INFO  server.RaftServerConfigKeys (ConfUtils.java:logGet(46)) - raft.server.rpc.request.timeout = 60s (custom)
2024-05-24 07:48:46,755 [main] INFO  grpc.GrpcConfigKeys (ConfUtils.java:logGet(46)) - raft.grpc.server.heartbeat.channel = true (default)
2024-05-24 07:48:46,755 [main] INFO  grpc.GrpcConfigKeys (ConfUtils.java:logGet(46)) - raft.grpc.server.async.request.thread.pool.cached = true (default)
2024-05-24 07:48:46,755 [main] INFO  grpc.GrpcConfigKeys (ConfUtils.java:logGet(46)) - raft.grpc.server.async.request.thread.pool.size = 32 (default)
2024-05-24 07:48:46,757 [main] INFO  impl.DataStreamServerImpl (ConfUtils.java:logGet(46)) - raft.datastream.type = NETTY (custom)
2024-05-24 07:48:46,758 [main] INFO  server.RaftServerConfigKeys (ConfUtils.java:logGet(46)) - raft.server.data-stream.async.request.thread.pool.cached = false (default)
2024-05-24 07:48:46,759 [main] INFO  server.RaftServerConfigKeys (ConfUtils.java:logGet(46)) - raft.server.data-stream.async.request.thread.pool.size = 20 (custom)
2024-05-24 07:48:46,759 [main] INFO  server.RaftServerConfigKeys (ConfUtils.java:logGet(46)) - raft.server.data-stream.async.write.thread.pool.size = 16 (default)
2024-05-24 07:48:46,759 [main] INFO  netty.NettyConfigKeys$DataStream (ConfUtils.java:logGet(46)) - raft.netty.dataStream.server.channel.inactive.grace-period = 10min (default)
2024-05-24 07:48:46,759 [main] INFO  server.RaftServerConfigKeys (ConfUtils.java:logGet(46)) - raft.server.data-stream.client.pool.size = 10 (default)
2024-05-24 07:48:46,759 [main] INFO  netty.NettyConfigKeys$DataStream (ConfUtils.java:logGet(46)) - raft.netty.dataStream.server.use-epoll = true (default)
2024-05-24 07:48:46,759 [main] INFO  netty.NettyConfigKeys$DataStream (ConfUtils.java:logGet(46)) - raft.netty.dataStream.server.boss-group.size = 0 (default)
2024-05-24 07:48:46,759 [main] INFO  netty.NettyUtils (NettyUtils.java:newEventLoopGroup(69)) - Create EpollEventLoopGroup for 9cef26bd-fad7-4006-851f-097a618c2ff8-NettyServerStreamRpc-bossGroup; Thread size is 0.
2024-05-24 07:48:46,760 [main] INFO  netty.NettyConfigKeys$DataStream (ConfUtils.java:logGet(46)) - raft.netty.dataStream.server.worker-group.size = 0 (default)
2024-05-24 07:48:46,760 [main] INFO  netty.NettyUtils (NettyUtils.java:newEventLoopGroup(69)) - Create EpollEventLoopGroup for 9cef26bd-fad7-4006-851f-097a618c2ff8-NettyServerStreamRpc-workerGroup; Thread size is 0.
2024-05-24 07:48:46,761 [main] INFO  netty.NettyConfigKeys$DataStream (ConfUtils.java:logGet(46)) - raft.netty.dataStream.server.tls.conf = null (default)
2024-05-24 07:48:46,761 [main] INFO  netty.NettyConfigKeys$DataStream (ConfUtils.java:logGet(46)) - raft.netty.dataStream.host = null (default)
2024-05-24 07:48:46,761 [main] INFO  netty.NettyConfigKeys$DataStream (ConfUtils.java:logGet(46)) - raft.netty.dataStream.port = 15078 (custom)
2024-05-24 07:48:46,761 [main] INFO  server.RaftServerConfigKeys (ConfUtils.java:logGet(46)) - raft.server.sleep.deviation.threshold = 300ms (default)
2024-05-24 07:48:46,761 [main] INFO  server.RaftServerConfigKeys (ConfUtils.java:logGet(46)) - raft.server.close.threshold = 60s (default)
2024-05-24 07:48:46,762 [main] INFO  server.RaftServerConfigKeys (ConfUtils.java:logGet(46)) - raft.server.leaderelection.leader.step-down.wait-time = 10s (default)
2024-05-24 07:48:46,762 [9cef26bd-fad7-4006-851f-097a618c2ff8-NettyServerStreamRpc-bossGroup--thread1] INFO  logging.LoggingHandler (AbstractInternalLogger.java:log(148)) - [id: 0x52767b10] REGISTERED
2024-05-24 07:48:46,762 [main] INFO  server.RaftServerConfigKeys (ConfUtils.java:logGet(46)) - raft.server.storage.dir = [/home/runner/work/ozone/ozone/hadoop-ozone/integration-test/target/test-dir/MiniOzoneClusterImpl-b501fab0-540e-4575-af6e-dde2336b059e/ozone-meta/datanode-8/ratis] (custom)
2024-05-24 07:48:46,762 [main] INFO  server.RaftServerConfigKeys (ConfUtils.java:logGet(46)) - raft.server.threadpool.proxy.cached = true (default)
2024-05-24 07:48:46,762 [main] INFO  server.RaftServerConfigKeys (ConfUtils.java:logGet(46)) - raft.server.threadpool.proxy.size = 0 (default)
2024-05-24 07:48:46,762 [9cef26bd-fad7-4006-851f-097a618c2ff8-NettyServerStreamRpc-bossGroup--thread1] INFO  logging.LoggingHandler (AbstractInternalLogger.java:log(148)) - [id: 0x52767b10] BIND: 0.0.0.0/0.0.0.0:15078
2024-05-24 07:48:46,762 [9cef26bd-fad7-4006-851f-097a618c2ff8-NettyServerStreamRpc-bossGroup--thread1] INFO  logging.LoggingHandler (AbstractInternalLogger.java:log(148)) - [id: 0x52767b10, L:/0.0.0.0:15078] ACTIVE
2024-05-24 07:48:46,763 [9cef26bd-fad7-4006-851f-097a618c2ff8-impl-thread1] INFO  server.RaftServer (RaftServerProxy.java:initGroupDir(264)) - 9cef26bd-fad7-4006-851f-097a618c2ff8: found a subdirectory /home/runner/work/ozone/ozone/hadoop-ozone/integration-test/target/test-dir/MiniOzoneClusterImpl-b501fab0-540e-4575-af6e-dde2336b059e/ozone-meta/datanode-8/ratis/tmp
2024-05-24 07:48:46,763 [9cef26bd-fad7-4006-851f-097a618c2ff8-impl-thread1] INFO  server.RaftServer (RaftServerProxy.java:initGroupDir(269)) - 9cef26bd-fad7-4006-851f-097a618c2ff8: The directory /home/runner/work/ozone/ozone/hadoop-ozone/integration-test/target/test-dir/MiniOzoneClusterImpl-b501fab0-540e-4575-af6e-dde2336b059e/ozone-meta/datanode-8/ratis/tmp is not a group directory; ignoring it. 
2024-05-24 07:48:46,764 [main] INFO  replication.ReplicationServer (ReplicationServer.java:<init>(86)) - Initializing replication server with thread count = 10 queue length = 4096
2024-05-24 07:48:46,765 [main] INFO  server.XceiverServerGrpc (XceiverServerGrpc.java:<init>(141)) - GrpcServer channel type EpollServerSocketChannel
2024-05-24 07:48:46,767 [main] INFO  replication.ReplicationSupervisor (ReplicationSupervisor.java:build(157)) - Initializing replication supervisor with thread count = 10
2024-05-24 07:48:46,767 [main] INFO  replication.ReplicationSupervisor (ReplicationSupervisor.java:nodeStateUpdated(312)) - Node state updated to IN_SERVICE, scaling executor pool size to 10
2024-05-24 07:48:46,770 [main] INFO  http.BaseHttpServer (BaseHttpServer.java:newHttpServer2BuilderForOzone(223)) - Starting Web-server for hddsDatanode at: http://0.0.0.0:15072
2024-05-24 07:48:46,770 [main] INFO  http.BaseHttpServer (BaseHttpServer.java:<init>(110)) - Hadoop Security Enabled: false Ozone Security Enabled: false Ozone HTTP Security Enabled: false 
2024-05-24 07:48:46,772 [main] WARN  server.AuthenticationFilter (AuthenticationFilter.java:constructSecretProvider(240)) - Unable to initialize FileSignerSecretProvider, falling back to use random secrets. Reason: Could not read signature secret file: /home/runner/hadoop-http-auth-signature-secret
2024-05-24 07:48:46,773 [main] INFO  http.HttpRequestLog (HttpRequestLog.java:getRequestLog(86)) - Http request log for http.requests.hddsDatanode is not defined
2024-05-24 07:48:46,774 [main] INFO  http.HttpServer2 (HttpServer2.java:addGlobalFilter(1036)) - Added global filter 'safety' (class=org.apache.hadoop.hdds.server.http.HttpServer2$QuotingInputFilter)
2024-05-24 07:48:46,775 [main] INFO  http.HttpServer2 (HttpServer2.java:addFilter(1012)) - Added filter static_user_filter (class=org.apache.hadoop.http.lib.StaticUserWebFilter$StaticUserFilter) to context hddsDatanode
2024-05-24 07:48:46,775 [main] INFO  http.HttpServer2 (HttpServer2.java:addFilter(1020)) - Added filter static_user_filter (class=org.apache.hadoop.http.lib.StaticUserWebFilter$StaticUserFilter) to context static
2024-05-24 07:48:46,775 [main] INFO  http.HttpServer2 (HttpServer2.java:addFilter(1020)) - Added filter static_user_filter (class=org.apache.hadoop.http.lib.StaticUserWebFilter$StaticUserFilter) to context logs
2024-05-24 07:48:46,776 [main] INFO  http.BaseHttpServer (BaseHttpServer.java:<init>(189)) - HTTP server of hddsDatanode uses base directory /home/runner/work/ozone/ozone/hadoop-ozone/integration-test/target/test-dir/MiniOzoneClusterImpl-b501fab0-540e-4575-af6e-dde2336b059e/ozone-meta/datanode-8/meta/webserver
2024-05-24 07:48:46,776 [main] INFO  http.HttpServer2 (HttpServer2.java:bindListener(1236)) - Jetty bound to port 15072
2024-05-24 07:48:46,776 [main] INFO  server.Server (Server.java:doStart(375)) - jetty-9.4.54.v20240208; built: 2024-02-08T19:42:39.027Z; git: cef3fbd6d736a21e7d541a5db490381d95a2047d; jvm 17.0.11+9
2024-05-24 07:48:46,796 [main] INFO  server.session (DefaultSessionIdManager.java:doStart(334)) - DefaultSessionIdManager workerName=node0
2024-05-24 07:48:46,797 [main] INFO  server.session (DefaultSessionIdManager.java:doStart(339)) - No SessionScavenger set, using defaults
2024-05-24 07:48:46,797 [main] INFO  server.session (HouseKeeper.java:startScavenging(132)) - node0 Scavenging every 600000ms
2024-05-24 07:48:46,798 [main] INFO  handler.ContextHandler (ContextHandler.java:doStart(921)) - Started o.e.j.s.ServletContextHandler@53e6f464{logs,/logs,file:///home/runner/work/ozone/ozone/hadoop-ozone/integration-test/target/log,AVAILABLE}
2024-05-24 07:48:46,799 [main] INFO  handler.ContextHandler (ContextHandler.java:doStart(921)) - Started o.e.j.s.ServletContextHandler@7d03ce92{static,/static,file:///home/runner/work/ozone/ozone/hadoop-hdds/container-service/target/classes/webapps/static,AVAILABLE}
2024-05-24 07:48:46,805 [main] INFO  handler.ContextHandler (ContextHandler.java:doStart(921)) - Started o.e.j.w.WebAppContext@4c6c2473{hddsDatanode,/,file:///home/runner/work/ozone/ozone/hadoop-hdds/container-service/target/classes/webapps/hddsDatanode/,AVAILABLE}{file:/home/runner/work/ozone/ozone/hadoop-hdds/container-service/target/classes/webapps/hddsDatanode}
2024-05-24 07:48:46,806 [main] INFO  server.AbstractConnector (AbstractConnector.java:doStart(333)) - Started ServerConnector@55d79f32{HTTP/1.1, (http/1.1)}{0.0.0.0:15072}
2024-05-24 07:48:46,806 [main] INFO  server.Server (Server.java:doStart(415)) - Started @9888ms
2024-05-24 07:48:46,806 [main] WARN  impl.MetricsSystemImpl (MetricsSystemImpl.java:register(279)) - Sink prometheus already exists!
2024-05-24 07:48:46,807 [main] INFO  http.BaseHttpServer (BaseHttpServer.java:updateConnectorAddress(354)) - HTTP server of hddsDatanode listening at http://0.0.0.0:15072
2024-05-24 07:48:46,807 [main] INFO  ipc.CallQueueManager (CallQueueManager.java:<init>(90)) - Using callQueue: class java.util.concurrent.LinkedBlockingQueue, queueCapacity: 100, scheduler: class org.apache.hadoop.ipc.DefaultRpcScheduler, ipcBackoff: false.
2024-05-24 07:48:46,807 [main] INFO  ipc.Server (Server.java:<init>(1287)) - Listener at 0.0.0.0:15073
2024-05-24 07:48:46,808 [Socket Reader #1 for port 15073] INFO  ipc.Server (Server.java:run(1323)) - Starting Socket Reader #1 for port 15073
2024-05-24 07:48:46,816 [main] INFO  ozone.HddsDatanodeService (HddsDatanodeService.java:start(327)) - Datanode start with admins: [runner]
2024-05-24 07:48:46,816 [main] INFO  ozone.HddsDatanodeClientProtocolServer (HddsDatanodeClientProtocolServer.java:start(77)) - RPC server for Client /0.0.0.0:15073
2024-05-24 07:48:46,816 [IPC Server Responder] INFO  ipc.Server (Server.java:run(1562)) - IPC Server Responder: starting
2024-05-24 07:48:46,817 [IPC Server listener on 15073] INFO  ipc.Server (Server.java:run(1402)) - IPC Server listener on 15073: starting
2024-05-24 07:48:46,819 [main] WARN  dropwizard3.Dm3MetricRegistriesImpl (Dm3MetricRegistriesImpl.java:addReporterRegistration(113)) - New reporters are added after registries were created. Some metrics will be missing from the reporter. Please add reporter before adding any new registry.
2024-05-24 07:48:46,819 [main] WARN  dropwizard3.Dm3MetricRegistriesImpl (Dm3MetricRegistriesImpl.java:addReporterRegistration(113)) - New reporters are added after registries were created. Some metrics will be missing from the reporter. Please add reporter before adding any new registry.
2024-05-24 07:48:46,819 [main] INFO  impl.MetricsSystemImpl (MetricsSystemImpl.java:init(158)) - HddsDatanode metrics system started (again)
2024-05-24 07:48:46,823 [9cef26bd-fad7-4006-851f-097a618c2ff8-DatanodeStateMachineDaemonThread] INFO  statemachine.DatanodeStateMachine (DatanodeStateMachine.java:lambda$startDaemon$1(555)) - Ozone container server started.
2024-05-24 07:48:46,831 [main] INFO  ozone.HddsDatanodeService (HddsDatanodeService.java:start(240)) - HddsDatanodeService host:fv-az779-985.k0faouyluq4u1aavuapgg5xmpb.cx.internal.cloudapp.net ip:10.1.0.15
2024-05-24 07:48:46,833 [9cef26bd-fad7-4006-851f-097a618c2ff8-DatanodeStateMachineTaskThread-0] INFO  datanode.InitDatanodeState (InitDatanodeState.java:persistContainerDatanodeDetails(139)) - DatanodeDetails is persisted to /home/runner/work/ozone/ozone/hadoop-ozone/integration-test/target/test-dir/MiniOzoneClusterImpl-b501fab0-540e-4575-af6e-dde2336b059e/ozone-meta/datanode-8/meta/datanode.id
2024-05-24 07:48:46,852 [main] INFO  upgrade.AbstractLayoutVersionManager (AbstractLayoutVersionManager.java:init(83)) - Initializing Layout version manager with metadata layout = HADOOP_PRC_PORTS_IN_DATANODEDETAILS (version = 7), software layout = HADOOP_PRC_PORTS_IN_DATANODEDETAILS (version = 7)
2024-05-24 07:48:46,853 [main] INFO  statemachine.DatanodeStateMachine (DatanodeStateMachine.java:getEndPointTaskThreadPoolSize(299)) - Datanode State Machine Task Thread Pool size 2
2024-05-24 07:48:46,857 [main] INFO  volume.HddsVolume (HddsVolume.java:<init>(126)) - Creating HddsVolume: /home/runner/work/ozone/ozone/hadoop-ozone/integration-test/target/test-dir/MiniOzoneClusterImpl-b501fab0-540e-4575-af6e-dde2336b059e/ozone-meta/datanode-9/data-0/hdds of storage type : DISK capacity : 9222449699674390527
2024-05-24 07:48:46,857 [main] INFO  volume.MutableVolumeSet (MutableVolumeSet.java:initializeVolumeSet(173)) - Added Volume : /home/runner/work/ozone/ozone/hadoop-ozone/integration-test/target/test-dir/MiniOzoneClusterImpl-b501fab0-540e-4575-af6e-dde2336b059e/ozone-meta/datanode-9/data-0/hdds to VolumeSet
2024-05-24 07:48:46,858 [main] INFO  volume.MutableVolumeSet (MutableVolumeSet.java:initializeVolumeSet(173)) - Added Volume : /home/runner/work/ozone/ozone/hadoop-ozone/integration-test/target/test-dir/MiniOzoneClusterImpl-b501fab0-540e-4575-af6e-dde2336b059e/ozone-meta/datanode-9/ratis to VolumeSet
2024-05-24 07:48:46,858 [main] INFO  ozoneimpl.OzoneContainer (HddsVolumeUtil.java:loadAllHddsVolumeDbStore(103)) - Load 1 volumes DbStore cost: 0ms
2024-05-24 07:48:46,862 [main] INFO  server.RaftServer (ConfUtils.java:logGet(46)) - raft.rpc.type = GRPC (default)
2024-05-24 07:48:46,862 [main] INFO  grpc.GrpcConfigKeys (ConfUtils.java:logFallback(53)) - raft.grpc.admin.host = null (fallback to raft.grpc.server.host)
2024-05-24 07:48:46,862 [main] INFO  grpc.GrpcConfigKeys (ConfUtils.java:logGet(46)) - raft.grpc.admin.port = 15085 (custom)
2024-05-24 07:48:46,862 [main] INFO  grpc.GrpcConfigKeys (ConfUtils.java:logFallback(53)) - raft.grpc.client.host = null (fallback to raft.grpc.server.host)
2024-05-24 07:48:46,863 [main] INFO  grpc.GrpcConfigKeys (ConfUtils.java:logGet(46)) - raft.grpc.client.port = 15084 (custom)
2024-05-24 07:48:46,863 [main] INFO  grpc.GrpcConfigKeys (ConfUtils.java:logGet(46)) - raft.grpc.server.host = null (default)
2024-05-24 07:48:46,863 [main] INFO  grpc.GrpcConfigKeys (ConfUtils.java:logGet(46)) - raft.grpc.server.port = 15086 (custom)
2024-05-24 07:48:46,863 [main] INFO  server.GrpcService (ConfUtils.java:logGet(46)) - raft.grpc.message.size.max = 32MB (=33554432) (custom)
2024-05-24 07:48:46,863 [main] INFO  server.RaftServerConfigKeys (ConfUtils.java:logGet(46)) - raft.server.log.appender.buffer.byte-limit = 8388608 (custom)
2024-05-24 07:48:46,863 [main] INFO  server.GrpcService (ConfUtils.java:logGet(46)) - raft.grpc.flow.control.window = 5MB (=5242880) (custom)
2024-05-24 07:48:46,863 [main] INFO  server.RaftServerConfigKeys (ConfUtils.java:logGet(46)) - raft.server.rpc.request.timeout = 60s (custom)
2024-05-24 07:48:46,864 [main] INFO  grpc.GrpcConfigKeys (ConfUtils.java:logGet(46)) - raft.grpc.server.heartbeat.channel = true (default)
2024-05-24 07:48:46,864 [main] INFO  grpc.GrpcConfigKeys (ConfUtils.java:logGet(46)) - raft.grpc.server.async.request.thread.pool.cached = true (default)
2024-05-24 07:48:46,864 [main] INFO  grpc.GrpcConfigKeys (ConfUtils.java:logGet(46)) - raft.grpc.server.async.request.thread.pool.size = 32 (default)
2024-05-24 07:48:46,866 [main] INFO  impl.DataStreamServerImpl (ConfUtils.java:logGet(46)) - raft.datastream.type = NETTY (custom)
2024-05-24 07:48:46,867 [main] INFO  server.RaftServerConfigKeys (ConfUtils.java:logGet(46)) - raft.server.data-stream.async.request.thread.pool.cached = false (default)
2024-05-24 07:48:46,867 [main] INFO  server.RaftServerConfigKeys (ConfUtils.java:logGet(46)) - raft.server.data-stream.async.request.thread.pool.size = 20 (custom)
2024-05-24 07:48:46,867 [main] INFO  server.RaftServerConfigKeys (ConfUtils.java:logGet(46)) - raft.server.data-stream.async.write.thread.pool.size = 16 (default)
2024-05-24 07:48:46,868 [main] INFO  netty.NettyConfigKeys$DataStream (ConfUtils.java:logGet(46)) - raft.netty.dataStream.server.channel.inactive.grace-period = 10min (default)
2024-05-24 07:48:46,868 [main] INFO  server.RaftServerConfigKeys (ConfUtils.java:logGet(46)) - raft.server.data-stream.client.pool.size = 10 (default)
2024-05-24 07:48:46,868 [main] INFO  netty.NettyConfigKeys$DataStream (ConfUtils.java:logGet(46)) - raft.netty.dataStream.server.use-epoll = true (default)
2024-05-24 07:48:46,868 [main] INFO  netty.NettyConfigKeys$DataStream (ConfUtils.java:logGet(46)) - raft.netty.dataStream.server.boss-group.size = 0 (default)
2024-05-24 07:48:46,868 [main] INFO  netty.NettyUtils (NettyUtils.java:newEventLoopGroup(69)) - Create EpollEventLoopGroup for b4e39294-6870-4830-abfa-7517d5dcbfab-NettyServerStreamRpc-bossGroup; Thread size is 0.
2024-05-24 07:48:46,884 [main] INFO  netty.NettyConfigKeys$DataStream (ConfUtils.java:logGet(46)) - raft.netty.dataStream.server.worker-group.size = 0 (default)
2024-05-24 07:48:46,885 [main] INFO  netty.NettyUtils (NettyUtils.java:newEventLoopGroup(69)) - Create EpollEventLoopGroup for b4e39294-6870-4830-abfa-7517d5dcbfab-NettyServerStreamRpc-workerGroup; Thread size is 0.
2024-05-24 07:48:46,886 [main] INFO  netty.NettyConfigKeys$DataStream (ConfUtils.java:logGet(46)) - raft.netty.dataStream.server.tls.conf = null (default)
2024-05-24 07:48:46,886 [main] INFO  netty.NettyConfigKeys$DataStream (ConfUtils.java:logGet(46)) - raft.netty.dataStream.host = null (default)
2024-05-24 07:48:46,886 [main] INFO  netty.NettyConfigKeys$DataStream (ConfUtils.java:logGet(46)) - raft.netty.dataStream.port = 15087 (custom)
2024-05-24 07:48:46,887 [main] INFO  server.RaftServerConfigKeys (ConfUtils.java:logGet(46)) - raft.server.sleep.deviation.threshold = 300ms (default)
2024-05-24 07:48:46,887 [main] INFO  server.RaftServerConfigKeys (ConfUtils.java:logGet(46)) - raft.server.close.threshold = 60s (default)
2024-05-24 07:48:46,887 [main] INFO  server.RaftServerConfigKeys (ConfUtils.java:logGet(46)) - raft.server.leaderelection.leader.step-down.wait-time = 10s (default)
2024-05-24 07:48:46,887 [main] INFO  server.RaftServerConfigKeys (ConfUtils.java:logGet(46)) - raft.server.storage.dir = [/home/runner/work/ozone/ozone/hadoop-ozone/integration-test/target/test-dir/MiniOzoneClusterImpl-b501fab0-540e-4575-af6e-dde2336b059e/ozone-meta/datanode-9/ratis] (custom)
2024-05-24 07:48:46,887 [main] INFO  server.RaftServerConfigKeys (ConfUtils.java:logGet(46)) - raft.server.threadpool.proxy.cached = true (default)
2024-05-24 07:48:46,887 [b4e39294-6870-4830-abfa-7517d5dcbfab-NettyServerStreamRpc-bossGroup--thread1] INFO  logging.LoggingHandler (AbstractInternalLogger.java:log(148)) - [id: 0xd1edbff4] REGISTERED
2024-05-24 07:48:46,887 [main] INFO  server.RaftServerConfigKeys (ConfUtils.java:logGet(46)) - raft.server.threadpool.proxy.size = 0 (default)
2024-05-24 07:48:46,888 [b4e39294-6870-4830-abfa-7517d5dcbfab-NettyServerStreamRpc-bossGroup--thread1] INFO  logging.LoggingHandler (AbstractInternalLogger.java:log(148)) - [id: 0xd1edbff4] BIND: 0.0.0.0/0.0.0.0:15087
2024-05-24 07:48:46,888 [b4e39294-6870-4830-abfa-7517d5dcbfab-NettyServerStreamRpc-bossGroup--thread1] INFO  logging.LoggingHandler (AbstractInternalLogger.java:log(148)) - [id: 0xd1edbff4, L:/0.0.0.0:15087] ACTIVE
2024-05-24 07:48:46,888 [b4e39294-6870-4830-abfa-7517d5dcbfab-impl-thread1] INFO  server.RaftServer (RaftServerProxy.java:initGroupDir(264)) - b4e39294-6870-4830-abfa-7517d5dcbfab: found a subdirectory /home/runner/work/ozone/ozone/hadoop-ozone/integration-test/target/test-dir/MiniOzoneClusterImpl-b501fab0-540e-4575-af6e-dde2336b059e/ozone-meta/datanode-9/ratis/tmp
2024-05-24 07:48:46,888 [b4e39294-6870-4830-abfa-7517d5dcbfab-impl-thread1] INFO  server.RaftServer (RaftServerProxy.java:initGroupDir(269)) - b4e39294-6870-4830-abfa-7517d5dcbfab: The directory /home/runner/work/ozone/ozone/hadoop-ozone/integration-test/target/test-dir/MiniOzoneClusterImpl-b501fab0-540e-4575-af6e-dde2336b059e/ozone-meta/datanode-9/ratis/tmp is not a group directory; ignoring it. 
2024-05-24 07:48:46,889 [main] INFO  replication.ReplicationServer (ReplicationServer.java:<init>(86)) - Initializing replication server with thread count = 10 queue length = 4096
2024-05-24 07:48:46,890 [main] INFO  server.XceiverServerGrpc (XceiverServerGrpc.java:<init>(141)) - GrpcServer channel type EpollServerSocketChannel
2024-05-24 07:48:46,892 [main] INFO  replication.ReplicationSupervisor (ReplicationSupervisor.java:build(157)) - Initializing replication supervisor with thread count = 10
2024-05-24 07:48:46,892 [main] INFO  replication.ReplicationSupervisor (ReplicationSupervisor.java:nodeStateUpdated(312)) - Node state updated to IN_SERVICE, scaling executor pool size to 10
2024-05-24 07:48:46,895 [main] INFO  http.BaseHttpServer (BaseHttpServer.java:newHttpServer2BuilderForOzone(223)) - Starting Web-server for hddsDatanode at: http://0.0.0.0:15081
2024-05-24 07:48:46,895 [main] INFO  http.BaseHttpServer (BaseHttpServer.java:<init>(110)) - Hadoop Security Enabled: false Ozone Security Enabled: false Ozone HTTP Security Enabled: false 
2024-05-24 07:48:46,897 [main] WARN  server.AuthenticationFilter (AuthenticationFilter.java:constructSecretProvider(240)) - Unable to initialize FileSignerSecretProvider, falling back to use random secrets. Reason: Could not read signature secret file: /home/runner/hadoop-http-auth-signature-secret
2024-05-24 07:48:46,898 [main] INFO  http.HttpRequestLog (HttpRequestLog.java:getRequestLog(86)) - Http request log for http.requests.hddsDatanode is not defined
2024-05-24 07:48:46,899 [main] INFO  http.HttpServer2 (HttpServer2.java:addGlobalFilter(1036)) - Added global filter 'safety' (class=org.apache.hadoop.hdds.server.http.HttpServer2$QuotingInputFilter)
2024-05-24 07:48:46,900 [main] INFO  http.HttpServer2 (HttpServer2.java:addFilter(1012)) - Added filter static_user_filter (class=org.apache.hadoop.http.lib.StaticUserWebFilter$StaticUserFilter) to context hddsDatanode
2024-05-24 07:48:46,900 [main] INFO  http.HttpServer2 (HttpServer2.java:addFilter(1020)) - Added filter static_user_filter (class=org.apache.hadoop.http.lib.StaticUserWebFilter$StaticUserFilter) to context logs
2024-05-24 07:48:46,900 [main] INFO  http.HttpServer2 (HttpServer2.java:addFilter(1020)) - Added filter static_user_filter (class=org.apache.hadoop.http.lib.StaticUserWebFilter$StaticUserFilter) to context static
2024-05-24 07:48:46,901 [main] INFO  http.BaseHttpServer (BaseHttpServer.java:<init>(189)) - HTTP server of hddsDatanode uses base directory /home/runner/work/ozone/ozone/hadoop-ozone/integration-test/target/test-dir/MiniOzoneClusterImpl-b501fab0-540e-4575-af6e-dde2336b059e/ozone-meta/datanode-9/meta/webserver
2024-05-24 07:48:46,901 [main] INFO  http.HttpServer2 (HttpServer2.java:bindListener(1236)) - Jetty bound to port 15081
2024-05-24 07:48:46,901 [main] INFO  server.Server (Server.java:doStart(375)) - jetty-9.4.54.v20240208; built: 2024-02-08T19:42:39.027Z; git: cef3fbd6d736a21e7d541a5db490381d95a2047d; jvm 17.0.11+9
2024-05-24 07:48:46,916 [main] INFO  server.session (DefaultSessionIdManager.java:doStart(334)) - DefaultSessionIdManager workerName=node0
2024-05-24 07:48:46,916 [main] INFO  server.session (DefaultSessionIdManager.java:doStart(339)) - No SessionScavenger set, using defaults
2024-05-24 07:48:46,916 [main] INFO  server.session (HouseKeeper.java:startScavenging(132)) - node0 Scavenging every 660000ms
2024-05-24 07:48:46,917 [main] INFO  handler.ContextHandler (ContextHandler.java:doStart(921)) - Started o.e.j.s.ServletContextHandler@14b810f9{logs,/logs,file:///home/runner/work/ozone/ozone/hadoop-ozone/integration-test/target/log,AVAILABLE}
2024-05-24 07:48:46,917 [main] INFO  handler.ContextHandler (ContextHandler.java:doStart(921)) - Started o.e.j.s.ServletContextHandler@6f4809ae{static,/static,file:///home/runner/work/ozone/ozone/hadoop-hdds/container-service/target/classes/webapps/static,AVAILABLE}
2024-05-24 07:48:46,922 [main] INFO  handler.ContextHandler (ContextHandler.java:doStart(921)) - Started o.e.j.w.WebAppContext@60355cc5{hddsDatanode,/,file:///home/runner/work/ozone/ozone/hadoop-hdds/container-service/target/classes/webapps/hddsDatanode/,AVAILABLE}{file:/home/runner/work/ozone/ozone/hadoop-hdds/container-service/target/classes/webapps/hddsDatanode}
2024-05-24 07:48:46,922 [main] INFO  server.AbstractConnector (AbstractConnector.java:doStart(333)) - Started ServerConnector@14decb0a{HTTP/1.1, (http/1.1)}{0.0.0.0:15081}
2024-05-24 07:48:46,922 [main] INFO  server.Server (Server.java:doStart(415)) - Started @10004ms
2024-05-24 07:48:46,922 [main] WARN  impl.MetricsSystemImpl (MetricsSystemImpl.java:register(279)) - Sink prometheus already exists!
2024-05-24 07:48:46,923 [main] INFO  http.BaseHttpServer (BaseHttpServer.java:updateConnectorAddress(354)) - HTTP server of hddsDatanode listening at http://0.0.0.0:15081
2024-05-24 07:48:46,923 [main] INFO  ipc.CallQueueManager (CallQueueManager.java:<init>(90)) - Using callQueue: class java.util.concurrent.LinkedBlockingQueue, queueCapacity: 100, scheduler: class org.apache.hadoop.ipc.DefaultRpcScheduler, ipcBackoff: false.
2024-05-24 07:48:46,923 [main] INFO  ipc.Server (Server.java:<init>(1287)) - Listener at 0.0.0.0:15082
2024-05-24 07:48:46,924 [Socket Reader #1 for port 15082] INFO  ipc.Server (Server.java:run(1323)) - Starting Socket Reader #1 for port 15082
2024-05-24 07:48:46,929 [main] INFO  ozone.HddsDatanodeService (HddsDatanodeService.java:start(327)) - Datanode start with admins: [runner]
2024-05-24 07:48:46,929 [main] INFO  ozone.HddsDatanodeClientProtocolServer (HddsDatanodeClientProtocolServer.java:start(77)) - RPC server for Client /0.0.0.0:15082
2024-05-24 07:48:46,930 [IPC Server Responder] INFO  ipc.Server (Server.java:run(1562)) - IPC Server Responder: starting
2024-05-24 07:48:46,930 [IPC Server listener on 15082] INFO  ipc.Server (Server.java:run(1402)) - IPC Server listener on 15082: starting
2024-05-24 07:48:46,931 [main] WARN  dropwizard3.Dm3MetricRegistriesImpl (Dm3MetricRegistriesImpl.java:addReporterRegistration(113)) - New reporters are added after registries were created. Some metrics will be missing from the reporter. Please add reporter before adding any new registry.
2024-05-24 07:48:46,931 [main] WARN  dropwizard3.Dm3MetricRegistriesImpl (Dm3MetricRegistriesImpl.java:addReporterRegistration(113)) - New reporters are added after registries were created. Some metrics will be missing from the reporter. Please add reporter before adding any new registry.
2024-05-24 07:48:46,931 [main] INFO  impl.MetricsSystemImpl (MetricsSystemImpl.java:init(158)) - HddsDatanode metrics system started (again)
2024-05-24 07:48:46,936 [b4e39294-6870-4830-abfa-7517d5dcbfab-DatanodeStateMachineDaemonThread] INFO  statemachine.DatanodeStateMachine (DatanodeStateMachine.java:lambda$startDaemon$1(555)) - Ozone container server started.
2024-05-24 07:48:46,940 [b4e39294-6870-4830-abfa-7517d5dcbfab-DatanodeStateMachineTaskThread-0] INFO  datanode.InitDatanodeState (InitDatanodeState.java:persistContainerDatanodeDetails(139)) - DatanodeDetails is persisted to /home/runner/work/ozone/ozone/hadoop-ozone/integration-test/target/test-dir/MiniOzoneClusterImpl-b501fab0-540e-4575-af6e-dde2336b059e/ozone-meta/datanode-9/meta/datanode.id
2024-05-24 07:48:46,943 [main] INFO  ozone.HddsDatanodeService (HddsDatanodeService.java:start(240)) - HddsDatanodeService host:fv-az779-985.k0faouyluq4u1aavuapgg5xmpb.cx.internal.cloudapp.net ip:10.1.0.15
2024-05-24 07:48:46,962 [main] INFO  upgrade.AbstractLayoutVersionManager (AbstractLayoutVersionManager.java:init(83)) - Initializing Layout version manager with metadata layout = HADOOP_PRC_PORTS_IN_DATANODEDETAILS (version = 7), software layout = HADOOP_PRC_PORTS_IN_DATANODEDETAILS (version = 7)
2024-05-24 07:48:46,963 [main] INFO  statemachine.DatanodeStateMachine (DatanodeStateMachine.java:getEndPointTaskThreadPoolSize(299)) - Datanode State Machine Task Thread Pool size 2
2024-05-24 07:48:46,966 [main] INFO  volume.HddsVolume (HddsVolume.java:<init>(126)) - Creating HddsVolume: /home/runner/work/ozone/ozone/hadoop-ozone/integration-test/target/test-dir/MiniOzoneClusterImpl-b501fab0-540e-4575-af6e-dde2336b059e/ozone-meta/datanode-10/data-0/hdds of storage type : DISK capacity : 9222449699674390527
2024-05-24 07:48:46,966 [main] INFO  volume.MutableVolumeSet (MutableVolumeSet.java:initializeVolumeSet(173)) - Added Volume : /home/runner/work/ozone/ozone/hadoop-ozone/integration-test/target/test-dir/MiniOzoneClusterImpl-b501fab0-540e-4575-af6e-dde2336b059e/ozone-meta/datanode-10/data-0/hdds to VolumeSet
2024-05-24 07:48:46,967 [main] INFO  volume.MutableVolumeSet (MutableVolumeSet.java:initializeVolumeSet(173)) - Added Volume : /home/runner/work/ozone/ozone/hadoop-ozone/integration-test/target/test-dir/MiniOzoneClusterImpl-b501fab0-540e-4575-af6e-dde2336b059e/ozone-meta/datanode-10/ratis to VolumeSet
2024-05-24 07:48:46,968 [main] INFO  ozoneimpl.OzoneContainer (HddsVolumeUtil.java:loadAllHddsVolumeDbStore(103)) - Load 1 volumes DbStore cost: 0ms
2024-05-24 07:48:46,971 [main] INFO  server.RaftServer (ConfUtils.java:logGet(46)) - raft.rpc.type = GRPC (default)
2024-05-24 07:48:46,971 [main] INFO  grpc.GrpcConfigKeys (ConfUtils.java:logFallback(53)) - raft.grpc.admin.host = null (fallback to raft.grpc.server.host)
2024-05-24 07:48:46,972 [main] INFO  grpc.GrpcConfigKeys (ConfUtils.java:logGet(46)) - raft.grpc.admin.port = 15094 (custom)
2024-05-24 07:48:46,972 [main] INFO  grpc.GrpcConfigKeys (ConfUtils.java:logFallback(53)) - raft.grpc.client.host = null (fallback to raft.grpc.server.host)
2024-05-24 07:48:46,972 [main] INFO  grpc.GrpcConfigKeys (ConfUtils.java:logGet(46)) - raft.grpc.client.port = 15093 (custom)
2024-05-24 07:48:46,972 [main] INFO  grpc.GrpcConfigKeys (ConfUtils.java:logGet(46)) - raft.grpc.server.host = null (default)
2024-05-24 07:48:46,972 [main] INFO  grpc.GrpcConfigKeys (ConfUtils.java:logGet(46)) - raft.grpc.server.port = 15095 (custom)
2024-05-24 07:48:46,972 [main] INFO  server.GrpcService (ConfUtils.java:logGet(46)) - raft.grpc.message.size.max = 32MB (=33554432) (custom)
2024-05-24 07:48:46,973 [main] INFO  server.RaftServerConfigKeys (ConfUtils.java:logGet(46)) - raft.server.log.appender.buffer.byte-limit = 8388608 (custom)
2024-05-24 07:48:46,973 [main] INFO  server.GrpcService (ConfUtils.java:logGet(46)) - raft.grpc.flow.control.window = 5MB (=5242880) (custom)
2024-05-24 07:48:46,973 [main] INFO  server.RaftServerConfigKeys (ConfUtils.java:logGet(46)) - raft.server.rpc.request.timeout = 60s (custom)
2024-05-24 07:48:46,973 [main] INFO  grpc.GrpcConfigKeys (ConfUtils.java:logGet(46)) - raft.grpc.server.heartbeat.channel = true (default)
2024-05-24 07:48:46,973 [main] INFO  grpc.GrpcConfigKeys (ConfUtils.java:logGet(46)) - raft.grpc.server.async.request.thread.pool.cached = true (default)
2024-05-24 07:48:46,974 [main] INFO  grpc.GrpcConfigKeys (ConfUtils.java:logGet(46)) - raft.grpc.server.async.request.thread.pool.size = 32 (default)
2024-05-24 07:48:46,976 [main] INFO  impl.DataStreamServerImpl (ConfUtils.java:logGet(46)) - raft.datastream.type = NETTY (custom)
2024-05-24 07:48:46,977 [main] INFO  server.RaftServerConfigKeys (ConfUtils.java:logGet(46)) - raft.server.data-stream.async.request.thread.pool.cached = false (default)
2024-05-24 07:48:46,977 [main] INFO  server.RaftServerConfigKeys (ConfUtils.java:logGet(46)) - raft.server.data-stream.async.request.thread.pool.size = 20 (custom)
2024-05-24 07:48:46,978 [main] INFO  server.RaftServerConfigKeys (ConfUtils.java:logGet(46)) - raft.server.data-stream.async.write.thread.pool.size = 16 (default)
2024-05-24 07:48:46,978 [main] INFO  netty.NettyConfigKeys$DataStream (ConfUtils.java:logGet(46)) - raft.netty.dataStream.server.channel.inactive.grace-period = 10min (default)
2024-05-24 07:48:46,978 [main] INFO  server.RaftServerConfigKeys (ConfUtils.java:logGet(46)) - raft.server.data-stream.client.pool.size = 10 (default)
2024-05-24 07:48:46,978 [main] INFO  netty.NettyConfigKeys$DataStream (ConfUtils.java:logGet(46)) - raft.netty.dataStream.server.use-epoll = true (default)
2024-05-24 07:48:46,978 [main] INFO  netty.NettyConfigKeys$DataStream (ConfUtils.java:logGet(46)) - raft.netty.dataStream.server.boss-group.size = 0 (default)
2024-05-24 07:48:46,978 [main] INFO  netty.NettyUtils (NettyUtils.java:newEventLoopGroup(69)) - Create EpollEventLoopGroup for 456fd1aa-12b1-4be7-a527-595ee8ec60c1-NettyServerStreamRpc-bossGroup; Thread size is 0.
2024-05-24 07:48:46,979 [main] INFO  netty.NettyConfigKeys$DataStream (ConfUtils.java:logGet(46)) - raft.netty.dataStream.server.worker-group.size = 0 (default)
2024-05-24 07:48:46,979 [main] INFO  netty.NettyUtils (NettyUtils.java:newEventLoopGroup(69)) - Create EpollEventLoopGroup for 456fd1aa-12b1-4be7-a527-595ee8ec60c1-NettyServerStreamRpc-workerGroup; Thread size is 0.
2024-05-24 07:48:46,979 [main] INFO  netty.NettyConfigKeys$DataStream (ConfUtils.java:logGet(46)) - raft.netty.dataStream.server.tls.conf = null (default)
2024-05-24 07:48:46,980 [main] INFO  netty.NettyConfigKeys$DataStream (ConfUtils.java:logGet(46)) - raft.netty.dataStream.host = null (default)
2024-05-24 07:48:46,980 [main] INFO  netty.NettyConfigKeys$DataStream (ConfUtils.java:logGet(46)) - raft.netty.dataStream.port = 15096 (custom)
2024-05-24 07:48:46,980 [main] INFO  server.RaftServerConfigKeys (ConfUtils.java:logGet(46)) - raft.server.sleep.deviation.threshold = 300ms (default)
2024-05-24 07:48:46,980 [main] INFO  server.RaftServerConfigKeys (ConfUtils.java:logGet(46)) - raft.server.close.threshold = 60s (default)
2024-05-24 07:48:46,980 [456fd1aa-12b1-4be7-a527-595ee8ec60c1-NettyServerStreamRpc-bossGroup--thread1] INFO  logging.LoggingHandler (AbstractInternalLogger.java:log(148)) - [id: 0xed9851e5] REGISTERED
2024-05-24 07:48:46,981 [456fd1aa-12b1-4be7-a527-595ee8ec60c1-NettyServerStreamRpc-bossGroup--thread1] INFO  logging.LoggingHandler (AbstractInternalLogger.java:log(148)) - [id: 0xed9851e5] BIND: 0.0.0.0/0.0.0.0:15096
2024-05-24 07:48:46,981 [456fd1aa-12b1-4be7-a527-595ee8ec60c1-NettyServerStreamRpc-bossGroup--thread1] INFO  logging.LoggingHandler (AbstractInternalLogger.java:log(148)) - [id: 0xed9851e5, L:/0.0.0.0:15096] ACTIVE
2024-05-24 07:48:46,980 [main] INFO  server.RaftServerConfigKeys (ConfUtils.java:logGet(46)) - raft.server.leaderelection.leader.step-down.wait-time = 10s (default)
2024-05-24 07:48:46,981 [main] INFO  server.RaftServerConfigKeys (ConfUtils.java:logGet(46)) - raft.server.storage.dir = [/home/runner/work/ozone/ozone/hadoop-ozone/integration-test/target/test-dir/MiniOzoneClusterImpl-b501fab0-540e-4575-af6e-dde2336b059e/ozone-meta/datanode-10/ratis] (custom)
2024-05-24 07:48:46,981 [main] INFO  server.RaftServerConfigKeys (ConfUtils.java:logGet(46)) - raft.server.threadpool.proxy.cached = true (default)
2024-05-24 07:48:46,981 [main] INFO  server.RaftServerConfigKeys (ConfUtils.java:logGet(46)) - raft.server.threadpool.proxy.size = 0 (default)
2024-05-24 07:48:46,981 [456fd1aa-12b1-4be7-a527-595ee8ec60c1-impl-thread1] INFO  server.RaftServer (RaftServerProxy.java:initGroupDir(264)) - 456fd1aa-12b1-4be7-a527-595ee8ec60c1: found a subdirectory /home/runner/work/ozone/ozone/hadoop-ozone/integration-test/target/test-dir/MiniOzoneClusterImpl-b501fab0-540e-4575-af6e-dde2336b059e/ozone-meta/datanode-10/ratis/tmp
2024-05-24 07:48:46,981 [456fd1aa-12b1-4be7-a527-595ee8ec60c1-impl-thread1] INFO  server.RaftServer (RaftServerProxy.java:initGroupDir(269)) - 456fd1aa-12b1-4be7-a527-595ee8ec60c1: The directory /home/runner/work/ozone/ozone/hadoop-ozone/integration-test/target/test-dir/MiniOzoneClusterImpl-b501fab0-540e-4575-af6e-dde2336b059e/ozone-meta/datanode-10/ratis/tmp is not a group directory; ignoring it. 
2024-05-24 07:48:46,982 [main] INFO  replication.ReplicationServer (ReplicationServer.java:<init>(86)) - Initializing replication server with thread count = 10 queue length = 4096
2024-05-24 07:48:46,983 [main] INFO  server.XceiverServerGrpc (XceiverServerGrpc.java:<init>(141)) - GrpcServer channel type EpollServerSocketChannel
2024-05-24 07:48:46,984 [main] INFO  replication.ReplicationSupervisor (ReplicationSupervisor.java:build(157)) - Initializing replication supervisor with thread count = 10
2024-05-24 07:48:46,984 [main] INFO  replication.ReplicationSupervisor (ReplicationSupervisor.java:nodeStateUpdated(312)) - Node state updated to IN_SERVICE, scaling executor pool size to 10
2024-05-24 07:48:46,987 [main] INFO  http.BaseHttpServer (BaseHttpServer.java:newHttpServer2BuilderForOzone(223)) - Starting Web-server for hddsDatanode at: http://0.0.0.0:15090
2024-05-24 07:48:46,987 [main] INFO  http.BaseHttpServer (BaseHttpServer.java:<init>(110)) - Hadoop Security Enabled: false Ozone Security Enabled: false Ozone HTTP Security Enabled: false 
2024-05-24 07:48:46,989 [main] WARN  server.AuthenticationFilter (AuthenticationFilter.java:constructSecretProvider(240)) - Unable to initialize FileSignerSecretProvider, falling back to use random secrets. Reason: Could not read signature secret file: /home/runner/hadoop-http-auth-signature-secret
2024-05-24 07:48:46,990 [main] INFO  http.HttpRequestLog (HttpRequestLog.java:getRequestLog(86)) - Http request log for http.requests.hddsDatanode is not defined
2024-05-24 07:48:46,991 [main] INFO  http.HttpServer2 (HttpServer2.java:addGlobalFilter(1036)) - Added global filter 'safety' (class=org.apache.hadoop.hdds.server.http.HttpServer2$QuotingInputFilter)
2024-05-24 07:48:46,991 [main] INFO  http.HttpServer2 (HttpServer2.java:addFilter(1012)) - Added filter static_user_filter (class=org.apache.hadoop.http.lib.StaticUserWebFilter$StaticUserFilter) to context hddsDatanode
2024-05-24 07:48:46,991 [main] INFO  http.HttpServer2 (HttpServer2.java:addFilter(1020)) - Added filter static_user_filter (class=org.apache.hadoop.http.lib.StaticUserWebFilter$StaticUserFilter) to context static
2024-05-24 07:48:46,992 [main] INFO  http.HttpServer2 (HttpServer2.java:addFilter(1020)) - Added filter static_user_filter (class=org.apache.hadoop.http.lib.StaticUserWebFilter$StaticUserFilter) to context logs
2024-05-24 07:48:46,992 [main] INFO  http.BaseHttpServer (BaseHttpServer.java:<init>(189)) - HTTP server of hddsDatanode uses base directory /home/runner/work/ozone/ozone/hadoop-ozone/integration-test/target/test-dir/MiniOzoneClusterImpl-b501fab0-540e-4575-af6e-dde2336b059e/ozone-meta/datanode-10/meta/webserver
2024-05-24 07:48:46,992 [main] INFO  http.HttpServer2 (HttpServer2.java:bindListener(1236)) - Jetty bound to port 15090
2024-05-24 07:48:46,993 [main] INFO  server.Server (Server.java:doStart(375)) - jetty-9.4.54.v20240208; built: 2024-02-08T19:42:39.027Z; git: cef3fbd6d736a21e7d541a5db490381d95a2047d; jvm 17.0.11+9
2024-05-24 07:48:46,994 [main] INFO  server.session (DefaultSessionIdManager.java:doStart(334)) - DefaultSessionIdManager workerName=node0
2024-05-24 07:48:46,994 [main] INFO  server.session (DefaultSessionIdManager.java:doStart(339)) - No SessionScavenger set, using defaults
2024-05-24 07:48:46,994 [main] INFO  server.session (HouseKeeper.java:startScavenging(132)) - node0 Scavenging every 660000ms
2024-05-24 07:48:46,995 [main] INFO  handler.ContextHandler (ContextHandler.java:doStart(921)) - Started o.e.j.s.ServletContextHandler@56062720{logs,/logs,file:///home/runner/work/ozone/ozone/hadoop-ozone/integration-test/target/log,AVAILABLE}
2024-05-24 07:48:46,995 [main] INFO  handler.ContextHandler (ContextHandler.java:doStart(921)) - Started o.e.j.s.ServletContextHandler@7493d2f0{static,/static,file:///home/runner/work/ozone/ozone/hadoop-hdds/container-service/target/classes/webapps/static,AVAILABLE}
2024-05-24 07:48:46,999 [main] INFO  handler.ContextHandler (ContextHandler.java:doStart(921)) - Started o.e.j.w.WebAppContext@4f598dfb{hddsDatanode,/,file:///home/runner/work/ozone/ozone/hadoop-hdds/container-service/target/classes/webapps/hddsDatanode/,AVAILABLE}{file:/home/runner/work/ozone/ozone/hadoop-hdds/container-service/target/classes/webapps/hddsDatanode}
2024-05-24 07:48:46,999 [main] INFO  server.AbstractConnector (AbstractConnector.java:doStart(333)) - Started ServerConnector@4460c723{HTTP/1.1, (http/1.1)}{0.0.0.0:15090}
2024-05-24 07:48:47,000 [main] INFO  server.Server (Server.java:doStart(415)) - Started @10081ms
2024-05-24 07:48:47,000 [main] WARN  impl.MetricsSystemImpl (MetricsSystemImpl.java:register(279)) - Sink prometheus already exists!
2024-05-24 07:48:47,000 [main] INFO  http.BaseHttpServer (BaseHttpServer.java:updateConnectorAddress(354)) - HTTP server of hddsDatanode listening at http://0.0.0.0:15090
2024-05-24 07:48:47,001 [main] INFO  ipc.CallQueueManager (CallQueueManager.java:<init>(90)) - Using callQueue: class java.util.concurrent.LinkedBlockingQueue, queueCapacity: 100, scheduler: class org.apache.hadoop.ipc.DefaultRpcScheduler, ipcBackoff: false.
2024-05-24 07:48:47,001 [main] INFO  ipc.Server (Server.java:<init>(1287)) - Listener at 0.0.0.0:15091
2024-05-24 07:48:47,002 [Socket Reader #1 for port 15091] INFO  ipc.Server (Server.java:run(1323)) - Starting Socket Reader #1 for port 15091
2024-05-24 07:48:47,009 [main] INFO  ozone.HddsDatanodeService (HddsDatanodeService.java:start(327)) - Datanode start with admins: [runner]
2024-05-24 07:48:47,010 [main] INFO  ozone.HddsDatanodeClientProtocolServer (HddsDatanodeClientProtocolServer.java:start(77)) - RPC server for Client /0.0.0.0:15091
2024-05-24 07:48:47,010 [IPC Server Responder] INFO  ipc.Server (Server.java:run(1562)) - IPC Server Responder: starting
2024-05-24 07:48:47,010 [IPC Server listener on 15091] INFO  ipc.Server (Server.java:run(1402)) - IPC Server listener on 15091: starting
2024-05-24 07:48:47,012 [main] INFO  om.OzoneManager (OzoneManager.java:startSecretManager(1112)) - Starting secret key client.
2024-05-24 07:48:47,011 [456fd1aa-12b1-4be7-a527-595ee8ec60c1-DatanodeStateMachineDaemonThread] INFO  statemachine.DatanodeStateMachine (DatanodeStateMachine.java:lambda$startDaemon$1(555)) - Ozone container server started.
2024-05-24 07:48:47,015 [main] INFO  om.OzoneManager (OzoneManager.java:startSecretManager(1123)) - Starting OM delegation token secret manager
2024-05-24 07:48:47,016 [main] INFO  security.OzoneDelegationTokenSecretManager (OzoneSecretManager.java:updateCurrentKey(175)) - Updating current master key for generating tokens. Cert id 1048288029488
2024-05-24 07:48:47,018 [main] INFO  ozone.MiniOzoneClusterImpl (MiniOzoneClusterImpl.java:lambda$waitForClusterToBeReady$0(194)) - Waiting for nodes to be ready. Got 0 of 10 DN Heartbeats.
2024-05-24 07:48:47,019 [main] INFO  ozone.MiniOzoneClusterImpl (MiniOzoneClusterImpl.java:lambda$waitForClusterToBeReady$0(197)) - Waiting for cluster to exit safe mode
2024-05-24 07:48:47,019 [main] INFO  ozone.MiniOzoneClusterImpl (MiniOzoneClusterImpl.java:lambda$waitForClusterToBeReady$0(199)) - SCM became leader
2024-05-24 07:48:47,019 [om1-ExpiredTokenRemover] INFO  security.OzoneDelegationTokenSecretManager (OzoneDelegationTokenSecretManager.java:run(623)) - Starting expired delegation token remover thread, tokenRemoverScanInterval=60 min(s)
2024-05-24 07:48:47,021 [456fd1aa-12b1-4be7-a527-595ee8ec60c1-DatanodeStateMachineTaskThread-0] INFO  datanode.InitDatanodeState (InitDatanodeState.java:persistContainerDatanodeDetails(139)) - DatanodeDetails is persisted to /home/runner/work/ozone/ozone/hadoop-ozone/integration-test/target/test-dir/MiniOzoneClusterImpl-b501fab0-540e-4575-af6e-dde2336b059e/ozone-meta/datanode-10/meta/datanode.id
2024-05-24 07:48:47,997 [5319acd4-0e99-4000-a29b-b8c741da6a3d-EndpointStateMachineTaskThread-/0.0.0.0:15002-0 ] INFO  utils.DatanodeStoreCache (DatanodeStoreCache.java:addDB(72)) - Added db /home/runner/work/ozone/ozone/hadoop-ozone/integration-test/target/test-dir/MiniOzoneClusterImpl-b501fab0-540e-4575-af6e-dde2336b059e/ozone-meta/datanode-1/data-0/hdds/b501fab0-540e-4575-af6e-dde2336b059e/DS-41eb2017-7f02-4c90-801e-cc2eabec6df0/container.db to cache
2024-05-24 07:48:47,997 [5319acd4-0e99-4000-a29b-b8c741da6a3d-EndpointStateMachineTaskThread-/0.0.0.0:15002-0 ] INFO  volume.HddsVolume (HddsVolume.java:createDbStore(437)) - SchemaV3 db is created and loaded at /home/runner/work/ozone/ozone/hadoop-ozone/integration-test/target/test-dir/MiniOzoneClusterImpl-b501fab0-540e-4575-af6e-dde2336b059e/ozone-meta/datanode-1/data-0/hdds/b501fab0-540e-4575-af6e-dde2336b059e/DS-41eb2017-7f02-4c90-801e-cc2eabec6df0/container.db for volume DS-41eb2017-7f02-4c90-801e-cc2eabec6df0
2024-05-24 07:48:48,003 [5319acd4-0e99-4000-a29b-b8c741da6a3d-ContainerReader-0] INFO  ozoneimpl.ContainerReader (ContainerReader.java:readVolume(148)) - Start to verify containers on volume /home/runner/work/ozone/ozone/hadoop-ozone/integration-test/target/test-dir/MiniOzoneClusterImpl-b501fab0-540e-4575-af6e-dde2336b059e/ozone-meta/datanode-1/data-0/hdds
2024-05-24 07:48:48,003 [5319acd4-0e99-4000-a29b-b8c741da6a3d-ContainerReader-0] INFO  ozoneimpl.ContainerReader (ContainerReader.java:readVolume(178)) - Finish verifying containers on volume /home/runner/work/ozone/ozone/hadoop-ozone/integration-test/target/test-dir/MiniOzoneClusterImpl-b501fab0-540e-4575-af6e-dde2336b059e/ozone-meta/datanode-1/data-0/hdds
2024-05-24 07:48:48,004 [5319acd4-0e99-4000-a29b-b8c741da6a3d-EndpointStateMachineTaskThread-/0.0.0.0:15002-0 ] INFO  ozoneimpl.OzoneContainer (OzoneContainer.java:buildContainerSet(328)) - Build ContainerSet costs 0s
2024-05-24 07:48:48,004 [5319acd4-0e99-4000-a29b-b8c741da6a3d-EndpointStateMachineTaskThread-/0.0.0.0:15002-0 ] INFO  volume.ThrottledAsyncChecker (ThrottledAsyncChecker.java:schedule(141)) - Scheduling a check for /home/runner/work/ozone/ozone/hadoop-ozone/integration-test/target/test-dir/MiniOzoneClusterImpl-b501fab0-540e-4575-af6e-dde2336b059e/ozone-meta/datanode-1/data-0/hdds
2024-05-24 07:48:48,009 [5319acd4-0e99-4000-a29b-b8c741da6a3d-EndpointStateMachineTaskThread-/0.0.0.0:15002-0 ] INFO  volume.StorageVolumeChecker (StorageVolumeChecker.java:checkAllVolumes(218)) - Scheduled health check for volume /home/runner/work/ozone/ozone/hadoop-ozone/integration-test/target/test-dir/MiniOzoneClusterImpl-b501fab0-540e-4575-af6e-dde2336b059e/ozone-meta/datanode-1/data-0/hdds
2024-05-24 07:48:48,012 [5319acd4-0e99-4000-a29b-b8c741da6a3d-EndpointStateMachineTaskThread-/0.0.0.0:15002-0 ] INFO  volume.ThrottledAsyncChecker (ThrottledAsyncChecker.java:schedule(141)) - Scheduling a check for /home/runner/work/ozone/ozone/hadoop-ozone/integration-test/target/test-dir/MiniOzoneClusterImpl-b501fab0-540e-4575-af6e-dde2336b059e/ozone-meta/datanode-1/ratis
2024-05-24 07:48:48,012 [5319acd4-0e99-4000-a29b-b8c741da6a3d-EndpointStateMachineTaskThread-/0.0.0.0:15002-0 ] INFO  volume.StorageVolumeChecker (StorageVolumeChecker.java:checkAllVolumes(218)) - Scheduled health check for volume /home/runner/work/ozone/ozone/hadoop-ozone/integration-test/target/test-dir/MiniOzoneClusterImpl-b501fab0-540e-4575-af6e-dde2336b059e/ozone-meta/datanode-1/ratis
2024-05-24 07:48:48,013 [5319acd4-0e99-4000-a29b-b8c741da6a3d-EndpointStateMachineTaskThread-/0.0.0.0:15002-0 ] INFO  ozoneimpl.OzoneContainer (OzoneContainer.java:start(459)) - Attempting to start container services.
2024-05-24 07:48:48,018 [ContainerMetadataScanner] INFO  ozoneimpl.AbstractBackgroundContainerScanner (AbstractBackgroundContainerScanner.java:runIteration(87)) - Completed an iteration in 0 minutes. Number of iterations (since the data-node restart) : 1, Number of containers scanned in this iteration : 0, Number of unhealthy containers found in this iteration : 0
2024-05-24 07:48:48,019 [main] INFO  ozone.MiniOzoneClusterImpl (MiniOzoneClusterImpl.java:lambda$waitForClusterToBeReady$0(194)) - Waiting for nodes to be ready. Got 0 of 10 DN Heartbeats.
2024-05-24 07:48:48,019 [main] INFO  ozone.MiniOzoneClusterImpl (MiniOzoneClusterImpl.java:lambda$waitForClusterToBeReady$0(197)) - Waiting for cluster to exit safe mode
2024-05-24 07:48:48,019 [main] INFO  ozone.MiniOzoneClusterImpl (MiniOzoneClusterImpl.java:lambda$waitForClusterToBeReady$0(199)) - SCM became leader
2024-05-24 07:48:48,021 [5319acd4-0e99-4000-a29b-b8c741da6a3d-EndpointStateMachineTaskThread-/0.0.0.0:15002-0 ] INFO  replication.ReplicationServer (ReplicationServer.java:start(142)) - ReplicationServer is started using port 15016
2024-05-24 07:48:48,021 [5319acd4-0e99-4000-a29b-b8c741da6a3d-EndpointStateMachineTaskThread-/0.0.0.0:15002-0 ] INFO  ratis.XceiverServerRatis (XceiverServerRatis.java:start(566)) - Starting XceiverServerRatis 5319acd4-0e99-4000-a29b-b8c741da6a3d
2024-05-24 07:48:48,021 [ContainerDataScanner(/home/runner/work/ozone/ozone/hadoop-ozone/integration-test/target/test-dir/MiniOzoneClusterImpl-b501fab0-540e-4575-af6e-dde2336b059e/ozone-meta/datanode-1/data-0/hdds)] INFO  ozoneimpl.AbstractBackgroundContainerScanner (AbstractBackgroundContainerScanner.java:runIteration(87)) - Completed an iteration in 0 minutes. Number of iterations (since the data-node restart) : 1, Number of containers scanned in this iteration : 0, Number of unhealthy containers found in this iteration : 0
2024-05-24 07:48:48,024 [5319acd4-0e99-4000-a29b-b8c741da6a3d-EndpointStateMachineTaskThread-/0.0.0.0:15002-0 ] INFO  server.RaftServer (RaftServerProxy.java:startImpl(406)) - 5319acd4-0e99-4000-a29b-b8c741da6a3d: start RPC server
2024-05-24 07:48:48,025 [5319acd4-0e99-4000-a29b-b8c741da6a3d-EndpointStateMachineTaskThread-/0.0.0.0:15002-0 ] INFO  server.GrpcService (GrpcService.java:startImpl(302)) - 5319acd4-0e99-4000-a29b-b8c741da6a3d: GrpcService started, listening on 15012
2024-05-24 07:48:48,026 [5319acd4-0e99-4000-a29b-b8c741da6a3d-EndpointStateMachineTaskThread-/0.0.0.0:15002-0 ] INFO  server.GrpcService (GrpcService.java:startImpl(302)) - 5319acd4-0e99-4000-a29b-b8c741da6a3d: GrpcService started, listening on 15014
2024-05-24 07:48:48,027 [5319acd4-0e99-4000-a29b-b8c741da6a3d-EndpointStateMachineTaskThread-/0.0.0.0:15002-0 ] INFO  server.GrpcService (GrpcService.java:startImpl(302)) - 5319acd4-0e99-4000-a29b-b8c741da6a3d: GrpcService started, listening on 15013
2024-05-24 07:48:48,028 [JvmPauseMonitor2] INFO  util.JvmPauseMonitor (JvmPauseMonitor.java:run(146)) - JvmPauseMonitor-5319acd4-0e99-4000-a29b-b8c741da6a3d: Started
2024-05-24 07:48:48,028 [5319acd4-0e99-4000-a29b-b8c741da6a3d-EndpointStateMachineTaskThread-/0.0.0.0:15002-0 ] INFO  ratis.XceiverServerRatis (XceiverServerRatis.java:getRealPort(592)) - XceiverServerRatis 5319acd4-0e99-4000-a29b-b8c741da6a3d is started using port 15012 for RATIS
2024-05-24 07:48:48,029 [5319acd4-0e99-4000-a29b-b8c741da6a3d-EndpointStateMachineTaskThread-/0.0.0.0:15002-0 ] INFO  ratis.XceiverServerRatis (XceiverServerRatis.java:getRealPort(592)) - XceiverServerRatis 5319acd4-0e99-4000-a29b-b8c741da6a3d is started using port 15013 for RATIS_ADMIN
2024-05-24 07:48:48,029 [5319acd4-0e99-4000-a29b-b8c741da6a3d-EndpointStateMachineTaskThread-/0.0.0.0:15002-0 ] INFO  ratis.XceiverServerRatis (XceiverServerRatis.java:getRealPort(592)) - XceiverServerRatis 5319acd4-0e99-4000-a29b-b8c741da6a3d is started using port 15014 for RATIS_SERVER
2024-05-24 07:48:48,029 [5319acd4-0e99-4000-a29b-b8c741da6a3d-EndpointStateMachineTaskThread-/0.0.0.0:15002-0 ] INFO  ratis.XceiverServerRatis (XceiverServerRatis.java:getRealPort(592)) - XceiverServerRatis 5319acd4-0e99-4000-a29b-b8c741da6a3d is started using port 15015 for RATIS_DATASTREAM
2024-05-24 07:48:48,037 [5319acd4-0e99-4000-a29b-b8c741da6a3d-BlockDeletingService#0] INFO  interfaces.ContainerDeletionChoosingPolicyTemplate (ContainerDeletionChoosingPolicyTemplate.java:chooseContainerForBlockDeletion(85)) - Chosen 0/5000 blocks from 0 candidate containers.
2024-05-24 07:48:48,129 [5de18b20-4c2d-46f3-add3-84b533bc57c8-EndpointStateMachineTaskThread-/0.0.0.0:15002-0 ] INFO  utils.DatanodeStoreCache (DatanodeStoreCache.java:addDB(72)) - Added db /home/runner/work/ozone/ozone/hadoop-ozone/integration-test/target/test-dir/MiniOzoneClusterImpl-b501fab0-540e-4575-af6e-dde2336b059e/ozone-meta/datanode-2/data-0/hdds/b501fab0-540e-4575-af6e-dde2336b059e/DS-c7d07da4-b183-4594-b59d-cb98b00b98b7/container.db to cache
2024-05-24 07:48:48,129 [5de18b20-4c2d-46f3-add3-84b533bc57c8-EndpointStateMachineTaskThread-/0.0.0.0:15002-0 ] INFO  volume.HddsVolume (HddsVolume.java:createDbStore(437)) - SchemaV3 db is created and loaded at /home/runner/work/ozone/ozone/hadoop-ozone/integration-test/target/test-dir/MiniOzoneClusterImpl-b501fab0-540e-4575-af6e-dde2336b059e/ozone-meta/datanode-2/data-0/hdds/b501fab0-540e-4575-af6e-dde2336b059e/DS-c7d07da4-b183-4594-b59d-cb98b00b98b7/container.db for volume DS-c7d07da4-b183-4594-b59d-cb98b00b98b7
2024-05-24 07:48:48,132 [5de18b20-4c2d-46f3-add3-84b533bc57c8-ContainerReader-0] INFO  ozoneimpl.ContainerReader (ContainerReader.java:readVolume(148)) - Start to verify containers on volume /home/runner/work/ozone/ozone/hadoop-ozone/integration-test/target/test-dir/MiniOzoneClusterImpl-b501fab0-540e-4575-af6e-dde2336b059e/ozone-meta/datanode-2/data-0/hdds
2024-05-24 07:48:48,132 [5de18b20-4c2d-46f3-add3-84b533bc57c8-ContainerReader-0] INFO  ozoneimpl.ContainerReader (ContainerReader.java:readVolume(178)) - Finish verifying containers on volume /home/runner/work/ozone/ozone/hadoop-ozone/integration-test/target/test-dir/MiniOzoneClusterImpl-b501fab0-540e-4575-af6e-dde2336b059e/ozone-meta/datanode-2/data-0/hdds
2024-05-24 07:48:48,132 [5de18b20-4c2d-46f3-add3-84b533bc57c8-EndpointStateMachineTaskThread-/0.0.0.0:15002-0 ] INFO  ozoneimpl.OzoneContainer (OzoneContainer.java:buildContainerSet(328)) - Build ContainerSet costs 0s
2024-05-24 07:48:48,133 [5de18b20-4c2d-46f3-add3-84b533bc57c8-EndpointStateMachineTaskThread-/0.0.0.0:15002-0 ] INFO  volume.ThrottledAsyncChecker (ThrottledAsyncChecker.java:schedule(141)) - Scheduling a check for /home/runner/work/ozone/ozone/hadoop-ozone/integration-test/target/test-dir/MiniOzoneClusterImpl-b501fab0-540e-4575-af6e-dde2336b059e/ozone-meta/datanode-2/data-0/hdds
2024-05-24 07:48:48,136 [5de18b20-4c2d-46f3-add3-84b533bc57c8-EndpointStateMachineTaskThread-/0.0.0.0:15002-0 ] INFO  volume.StorageVolumeChecker (StorageVolumeChecker.java:checkAllVolumes(218)) - Scheduled health check for volume /home/runner/work/ozone/ozone/hadoop-ozone/integration-test/target/test-dir/MiniOzoneClusterImpl-b501fab0-540e-4575-af6e-dde2336b059e/ozone-meta/datanode-2/data-0/hdds
2024-05-24 07:48:48,137 [5de18b20-4c2d-46f3-add3-84b533bc57c8-EndpointStateMachineTaskThread-/0.0.0.0:15002-0 ] INFO  volume.ThrottledAsyncChecker (ThrottledAsyncChecker.java:schedule(141)) - Scheduling a check for /home/runner/work/ozone/ozone/hadoop-ozone/integration-test/target/test-dir/MiniOzoneClusterImpl-b501fab0-540e-4575-af6e-dde2336b059e/ozone-meta/datanode-2/ratis
2024-05-24 07:48:48,138 [5de18b20-4c2d-46f3-add3-84b533bc57c8-EndpointStateMachineTaskThread-/0.0.0.0:15002-0 ] INFO  volume.StorageVolumeChecker (StorageVolumeChecker.java:checkAllVolumes(218)) - Scheduled health check for volume /home/runner/work/ozone/ozone/hadoop-ozone/integration-test/target/test-dir/MiniOzoneClusterImpl-b501fab0-540e-4575-af6e-dde2336b059e/ozone-meta/datanode-2/ratis
2024-05-24 07:48:48,139 [5de18b20-4c2d-46f3-add3-84b533bc57c8-EndpointStateMachineTaskThread-/0.0.0.0:15002-0 ] INFO  ozoneimpl.OzoneContainer (OzoneContainer.java:start(459)) - Attempting to start container services.
2024-05-24 07:48:48,139 [5de18b20-4c2d-46f3-add3-84b533bc57c8-EndpointStateMachineTaskThread-/0.0.0.0:15002-0 ] WARN  ozoneimpl.OnDemandContainerDataScanner (OnDemandContainerDataScanner.java:init(75)) - Trying to initialize on demand scanner a second time on a datanode.
2024-05-24 07:48:48,140 [ContainerMetadataScanner] INFO  ozoneimpl.AbstractBackgroundContainerScanner (AbstractBackgroundContainerScanner.java:runIteration(87)) - Completed an iteration in 0 minutes. Number of iterations (since the data-node restart) : 1, Number of containers scanned in this iteration : 0, Number of unhealthy containers found in this iteration : 0
2024-05-24 07:48:48,141 [5de18b20-4c2d-46f3-add3-84b533bc57c8-EndpointStateMachineTaskThread-/0.0.0.0:15002-0 ] INFO  replication.ReplicationServer (ReplicationServer.java:start(142)) - ReplicationServer is started using port 15025
2024-05-24 07:48:48,141 [5de18b20-4c2d-46f3-add3-84b533bc57c8-EndpointStateMachineTaskThread-/0.0.0.0:15002-0 ] INFO  ratis.XceiverServerRatis (XceiverServerRatis.java:start(566)) - Starting XceiverServerRatis 5de18b20-4c2d-46f3-add3-84b533bc57c8
2024-05-24 07:48:48,141 [ContainerDataScanner(/home/runner/work/ozone/ozone/hadoop-ozone/integration-test/target/test-dir/MiniOzoneClusterImpl-b501fab0-540e-4575-af6e-dde2336b059e/ozone-meta/datanode-2/data-0/hdds)] INFO  ozoneimpl.AbstractBackgroundContainerScanner (AbstractBackgroundContainerScanner.java:runIteration(87)) - Completed an iteration in 0 minutes. Number of iterations (since the data-node restart) : 1, Number of containers scanned in this iteration : 0, Number of unhealthy containers found in this iteration : 0
2024-05-24 07:48:48,152 [5de18b20-4c2d-46f3-add3-84b533bc57c8-EndpointStateMachineTaskThread-/0.0.0.0:15002-0 ] INFO  server.RaftServer (RaftServerProxy.java:startImpl(406)) - 5de18b20-4c2d-46f3-add3-84b533bc57c8: start RPC server
2024-05-24 07:48:48,167 [5de18b20-4c2d-46f3-add3-84b533bc57c8-EndpointStateMachineTaskThread-/0.0.0.0:15002-0 ] INFO  server.GrpcService (GrpcService.java:startImpl(302)) - 5de18b20-4c2d-46f3-add3-84b533bc57c8: GrpcService started, listening on 15021
2024-05-24 07:48:48,168 [5de18b20-4c2d-46f3-add3-84b533bc57c8-EndpointStateMachineTaskThread-/0.0.0.0:15002-0 ] INFO  server.GrpcService (GrpcService.java:startImpl(302)) - 5de18b20-4c2d-46f3-add3-84b533bc57c8: GrpcService started, listening on 15023
2024-05-24 07:48:48,168 [5de18b20-4c2d-46f3-add3-84b533bc57c8-EndpointStateMachineTaskThread-/0.0.0.0:15002-0 ] INFO  server.GrpcService (GrpcService.java:startImpl(302)) - 5de18b20-4c2d-46f3-add3-84b533bc57c8: GrpcService started, listening on 15022
2024-05-24 07:48:48,168 [5de18b20-4c2d-46f3-add3-84b533bc57c8-EndpointStateMachineTaskThread-/0.0.0.0:15002-0 ] INFO  ratis.XceiverServerRatis (XceiverServerRatis.java:getRealPort(592)) - XceiverServerRatis 5de18b20-4c2d-46f3-add3-84b533bc57c8 is started using port 15021 for RATIS
2024-05-24 07:48:48,168 [5de18b20-4c2d-46f3-add3-84b533bc57c8-EndpointStateMachineTaskThread-/0.0.0.0:15002-0 ] INFO  ratis.XceiverServerRatis (XceiverServerRatis.java:getRealPort(592)) - XceiverServerRatis 5de18b20-4c2d-46f3-add3-84b533bc57c8 is started using port 15022 for RATIS_ADMIN
2024-05-24 07:48:48,169 [5de18b20-4c2d-46f3-add3-84b533bc57c8-EndpointStateMachineTaskThread-/0.0.0.0:15002-0 ] INFO  ratis.XceiverServerRatis (XceiverServerRatis.java:getRealPort(592)) - XceiverServerRatis 5de18b20-4c2d-46f3-add3-84b533bc57c8 is started using port 15023 for RATIS_SERVER
2024-05-24 07:48:48,169 [5de18b20-4c2d-46f3-add3-84b533bc57c8-EndpointStateMachineTaskThread-/0.0.0.0:15002-0 ] INFO  ratis.XceiverServerRatis (XceiverServerRatis.java:getRealPort(592)) - XceiverServerRatis 5de18b20-4c2d-46f3-add3-84b533bc57c8 is started using port 15024 for RATIS_DATASTREAM
2024-05-24 07:48:48,169 [JvmPauseMonitor3] INFO  util.JvmPauseMonitor (JvmPauseMonitor.java:run(146)) - JvmPauseMonitor-5de18b20-4c2d-46f3-add3-84b533bc57c8: Started
2024-05-24 07:48:48,171 [5de18b20-4c2d-46f3-add3-84b533bc57c8-BlockDeletingService#0] INFO  interfaces.ContainerDeletionChoosingPolicyTemplate (ContainerDeletionChoosingPolicyTemplate.java:chooseContainerForBlockDeletion(85)) - Chosen 0/5000 blocks from 0 candidate containers.
2024-05-24 07:48:48,280 [0f6129c7-dda1-4d42-8d75-6a3ef1e9116c-EndpointStateMachineTaskThread-/0.0.0.0:15002-0 ] INFO  utils.DatanodeStoreCache (DatanodeStoreCache.java:addDB(72)) - Added db /home/runner/work/ozone/ozone/hadoop-ozone/integration-test/target/test-dir/MiniOzoneClusterImpl-b501fab0-540e-4575-af6e-dde2336b059e/ozone-meta/datanode-3/data-0/hdds/b501fab0-540e-4575-af6e-dde2336b059e/DS-4eceb6dd-14e7-4f0b-a391-acad9164cbde/container.db to cache
2024-05-24 07:48:48,280 [0f6129c7-dda1-4d42-8d75-6a3ef1e9116c-EndpointStateMachineTaskThread-/0.0.0.0:15002-0 ] INFO  volume.HddsVolume (HddsVolume.java:createDbStore(437)) - SchemaV3 db is created and loaded at /home/runner/work/ozone/ozone/hadoop-ozone/integration-test/target/test-dir/MiniOzoneClusterImpl-b501fab0-540e-4575-af6e-dde2336b059e/ozone-meta/datanode-3/data-0/hdds/b501fab0-540e-4575-af6e-dde2336b059e/DS-4eceb6dd-14e7-4f0b-a391-acad9164cbde/container.db for volume DS-4eceb6dd-14e7-4f0b-a391-acad9164cbde
2024-05-24 07:48:48,282 [0f6129c7-dda1-4d42-8d75-6a3ef1e9116c-ContainerReader-0] INFO  ozoneimpl.ContainerReader (ContainerReader.java:readVolume(148)) - Start to verify containers on volume /home/runner/work/ozone/ozone/hadoop-ozone/integration-test/target/test-dir/MiniOzoneClusterImpl-b501fab0-540e-4575-af6e-dde2336b059e/ozone-meta/datanode-3/data-0/hdds
2024-05-24 07:48:48,282 [0f6129c7-dda1-4d42-8d75-6a3ef1e9116c-ContainerReader-0] INFO  ozoneimpl.ContainerReader (ContainerReader.java:readVolume(178)) - Finish verifying containers on volume /home/runner/work/ozone/ozone/hadoop-ozone/integration-test/target/test-dir/MiniOzoneClusterImpl-b501fab0-540e-4575-af6e-dde2336b059e/ozone-meta/datanode-3/data-0/hdds
2024-05-24 07:48:48,282 [0f6129c7-dda1-4d42-8d75-6a3ef1e9116c-EndpointStateMachineTaskThread-/0.0.0.0:15002-0 ] INFO  ozoneimpl.OzoneContainer (OzoneContainer.java:buildContainerSet(328)) - Build ContainerSet costs 0s
2024-05-24 07:48:48,284 [0f6129c7-dda1-4d42-8d75-6a3ef1e9116c-EndpointStateMachineTaskThread-/0.0.0.0:15002-0 ] INFO  volume.ThrottledAsyncChecker (ThrottledAsyncChecker.java:schedule(141)) - Scheduling a check for /home/runner/work/ozone/ozone/hadoop-ozone/integration-test/target/test-dir/MiniOzoneClusterImpl-b501fab0-540e-4575-af6e-dde2336b059e/ozone-meta/datanode-3/data-0/hdds
2024-05-24 07:48:48,284 [0f6129c7-dda1-4d42-8d75-6a3ef1e9116c-EndpointStateMachineTaskThread-/0.0.0.0:15002-0 ] INFO  volume.StorageVolumeChecker (StorageVolumeChecker.java:checkAllVolumes(218)) - Scheduled health check for volume /home/runner/work/ozone/ozone/hadoop-ozone/integration-test/target/test-dir/MiniOzoneClusterImpl-b501fab0-540e-4575-af6e-dde2336b059e/ozone-meta/datanode-3/data-0/hdds
2024-05-24 07:48:48,285 [0f6129c7-dda1-4d42-8d75-6a3ef1e9116c-EndpointStateMachineTaskThread-/0.0.0.0:15002-0 ] INFO  volume.ThrottledAsyncChecker (ThrottledAsyncChecker.java:schedule(141)) - Scheduling a check for /home/runner/work/ozone/ozone/hadoop-ozone/integration-test/target/test-dir/MiniOzoneClusterImpl-b501fab0-540e-4575-af6e-dde2336b059e/ozone-meta/datanode-3/ratis
2024-05-24 07:48:48,285 [0f6129c7-dda1-4d42-8d75-6a3ef1e9116c-EndpointStateMachineTaskThread-/0.0.0.0:15002-0 ] INFO  volume.StorageVolumeChecker (StorageVolumeChecker.java:checkAllVolumes(218)) - Scheduled health check for volume /home/runner/work/ozone/ozone/hadoop-ozone/integration-test/target/test-dir/MiniOzoneClusterImpl-b501fab0-540e-4575-af6e-dde2336b059e/ozone-meta/datanode-3/ratis
2024-05-24 07:48:48,286 [0f6129c7-dda1-4d42-8d75-6a3ef1e9116c-EndpointStateMachineTaskThread-/0.0.0.0:15002-0 ] INFO  ozoneimpl.OzoneContainer (OzoneContainer.java:start(459)) - Attempting to start container services.
2024-05-24 07:48:48,286 [0f6129c7-dda1-4d42-8d75-6a3ef1e9116c-EndpointStateMachineTaskThread-/0.0.0.0:15002-0 ] WARN  ozoneimpl.OnDemandContainerDataScanner (OnDemandContainerDataScanner.java:init(75)) - Trying to initialize on demand scanner a second time on a datanode.
2024-05-24 07:48:48,286 [ContainerMetadataScanner] INFO  ozoneimpl.AbstractBackgroundContainerScanner (AbstractBackgroundContainerScanner.java:runIteration(87)) - Completed an iteration in 0 minutes. Number of iterations (since the data-node restart) : 1, Number of containers scanned in this iteration : 0, Number of unhealthy containers found in this iteration : 0
2024-05-24 07:48:48,287 [ContainerDataScanner(/home/runner/work/ozone/ozone/hadoop-ozone/integration-test/target/test-dir/MiniOzoneClusterImpl-b501fab0-540e-4575-af6e-dde2336b059e/ozone-meta/datanode-3/data-0/hdds)] INFO  ozoneimpl.AbstractBackgroundContainerScanner (AbstractBackgroundContainerScanner.java:runIteration(87)) - Completed an iteration in 0 minutes. Number of iterations (since the data-node restart) : 1, Number of containers scanned in this iteration : 0, Number of unhealthy containers found in this iteration : 0
2024-05-24 07:48:48,287 [0f6129c7-dda1-4d42-8d75-6a3ef1e9116c-EndpointStateMachineTaskThread-/0.0.0.0:15002-0 ] INFO  replication.ReplicationServer (ReplicationServer.java:start(142)) - ReplicationServer is started using port 15034
2024-05-24 07:48:48,287 [0f6129c7-dda1-4d42-8d75-6a3ef1e9116c-EndpointStateMachineTaskThread-/0.0.0.0:15002-0 ] INFO  ratis.XceiverServerRatis (XceiverServerRatis.java:start(566)) - Starting XceiverServerRatis 0f6129c7-dda1-4d42-8d75-6a3ef1e9116c
2024-05-24 07:48:48,288 [0f6129c7-dda1-4d42-8d75-6a3ef1e9116c-EndpointStateMachineTaskThread-/0.0.0.0:15002-0 ] INFO  server.RaftServer (RaftServerProxy.java:startImpl(406)) - 0f6129c7-dda1-4d42-8d75-6a3ef1e9116c: start RPC server
2024-05-24 07:48:48,289 [0f6129c7-dda1-4d42-8d75-6a3ef1e9116c-EndpointStateMachineTaskThread-/0.0.0.0:15002-0 ] INFO  server.GrpcService (GrpcService.java:startImpl(302)) - 0f6129c7-dda1-4d42-8d75-6a3ef1e9116c: GrpcService started, listening on 15030
2024-05-24 07:48:48,289 [0f6129c7-dda1-4d42-8d75-6a3ef1e9116c-EndpointStateMachineTaskThread-/0.0.0.0:15002-0 ] INFO  server.GrpcService (GrpcService.java:startImpl(302)) - 0f6129c7-dda1-4d42-8d75-6a3ef1e9116c: GrpcService started, listening on 15032
2024-05-24 07:48:48,289 [0f6129c7-dda1-4d42-8d75-6a3ef1e9116c-EndpointStateMachineTaskThread-/0.0.0.0:15002-0 ] INFO  server.GrpcService (GrpcService.java:startImpl(302)) - 0f6129c7-dda1-4d42-8d75-6a3ef1e9116c: GrpcService started, listening on 15031
2024-05-24 07:48:48,290 [0f6129c7-dda1-4d42-8d75-6a3ef1e9116c-EndpointStateMachineTaskThread-/0.0.0.0:15002-0 ] INFO  ratis.XceiverServerRatis (XceiverServerRatis.java:getRealPort(592)) - XceiverServerRatis 0f6129c7-dda1-4d42-8d75-6a3ef1e9116c is started using port 15030 for RATIS
2024-05-24 07:48:48,290 [JvmPauseMonitor4] INFO  util.JvmPauseMonitor (JvmPauseMonitor.java:run(146)) - JvmPauseMonitor-0f6129c7-dda1-4d42-8d75-6a3ef1e9116c: Started
2024-05-24 07:48:48,290 [0f6129c7-dda1-4d42-8d75-6a3ef1e9116c-EndpointStateMachineTaskThread-/0.0.0.0:15002-0 ] INFO  ratis.XceiverServerRatis (XceiverServerRatis.java:getRealPort(592)) - XceiverServerRatis 0f6129c7-dda1-4d42-8d75-6a3ef1e9116c is started using port 15031 for RATIS_ADMIN
2024-05-24 07:48:48,290 [0f6129c7-dda1-4d42-8d75-6a3ef1e9116c-EndpointStateMachineTaskThread-/0.0.0.0:15002-0 ] INFO  ratis.XceiverServerRatis (XceiverServerRatis.java:getRealPort(592)) - XceiverServerRatis 0f6129c7-dda1-4d42-8d75-6a3ef1e9116c is started using port 15032 for RATIS_SERVER
2024-05-24 07:48:48,290 [0f6129c7-dda1-4d42-8d75-6a3ef1e9116c-EndpointStateMachineTaskThread-/0.0.0.0:15002-0 ] INFO  ratis.XceiverServerRatis (XceiverServerRatis.java:getRealPort(592)) - XceiverServerRatis 0f6129c7-dda1-4d42-8d75-6a3ef1e9116c is started using port 15033 for RATIS_DATASTREAM
2024-05-24 07:48:48,291 [0f6129c7-dda1-4d42-8d75-6a3ef1e9116c-BlockDeletingService#0] INFO  interfaces.ContainerDeletionChoosingPolicyTemplate (ContainerDeletionChoosingPolicyTemplate.java:chooseContainerForBlockDeletion(85)) - Chosen 0/5000 blocks from 0 candidate containers.
2024-05-24 07:48:48,398 [db578ef5-4e1f-4da7-abbd-ff28012a31de-EndpointStateMachineTaskThread-/0.0.0.0:15002-0 ] INFO  utils.DatanodeStoreCache (DatanodeStoreCache.java:addDB(72)) - Added db /home/runner/work/ozone/ozone/hadoop-ozone/integration-test/target/test-dir/MiniOzoneClusterImpl-b501fab0-540e-4575-af6e-dde2336b059e/ozone-meta/datanode-4/data-0/hdds/b501fab0-540e-4575-af6e-dde2336b059e/DS-76fb6176-194b-4c8d-9587-04a73e6cb32a/container.db to cache
2024-05-24 07:48:48,398 [db578ef5-4e1f-4da7-abbd-ff28012a31de-EndpointStateMachineTaskThread-/0.0.0.0:15002-0 ] INFO  volume.HddsVolume (HddsVolume.java:createDbStore(437)) - SchemaV3 db is created and loaded at /home/runner/work/ozone/ozone/hadoop-ozone/integration-test/target/test-dir/MiniOzoneClusterImpl-b501fab0-540e-4575-af6e-dde2336b059e/ozone-meta/datanode-4/data-0/hdds/b501fab0-540e-4575-af6e-dde2336b059e/DS-76fb6176-194b-4c8d-9587-04a73e6cb32a/container.db for volume DS-76fb6176-194b-4c8d-9587-04a73e6cb32a
2024-05-24 07:48:48,399 [db578ef5-4e1f-4da7-abbd-ff28012a31de-ContainerReader-0] INFO  ozoneimpl.ContainerReader (ContainerReader.java:readVolume(148)) - Start to verify containers on volume /home/runner/work/ozone/ozone/hadoop-ozone/integration-test/target/test-dir/MiniOzoneClusterImpl-b501fab0-540e-4575-af6e-dde2336b059e/ozone-meta/datanode-4/data-0/hdds
2024-05-24 07:48:48,400 [db578ef5-4e1f-4da7-abbd-ff28012a31de-ContainerReader-0] INFO  ozoneimpl.ContainerReader (ContainerReader.java:readVolume(178)) - Finish verifying containers on volume /home/runner/work/ozone/ozone/hadoop-ozone/integration-test/target/test-dir/MiniOzoneClusterImpl-b501fab0-540e-4575-af6e-dde2336b059e/ozone-meta/datanode-4/data-0/hdds
2024-05-24 07:48:48,400 [db578ef5-4e1f-4da7-abbd-ff28012a31de-EndpointStateMachineTaskThread-/0.0.0.0:15002-0 ] INFO  ozoneimpl.OzoneContainer (OzoneContainer.java:buildContainerSet(328)) - Build ContainerSet costs 0s
2024-05-24 07:48:48,400 [db578ef5-4e1f-4da7-abbd-ff28012a31de-EndpointStateMachineTaskThread-/0.0.0.0:15002-0 ] INFO  volume.ThrottledAsyncChecker (ThrottledAsyncChecker.java:schedule(141)) - Scheduling a check for /home/runner/work/ozone/ozone/hadoop-ozone/integration-test/target/test-dir/MiniOzoneClusterImpl-b501fab0-540e-4575-af6e-dde2336b059e/ozone-meta/datanode-4/data-0/hdds
2024-05-24 07:48:48,401 [db578ef5-4e1f-4da7-abbd-ff28012a31de-EndpointStateMachineTaskThread-/0.0.0.0:15002-0 ] INFO  volume.StorageVolumeChecker (StorageVolumeChecker.java:checkAllVolumes(218)) - Scheduled health check for volume /home/runner/work/ozone/ozone/hadoop-ozone/integration-test/target/test-dir/MiniOzoneClusterImpl-b501fab0-540e-4575-af6e-dde2336b059e/ozone-meta/datanode-4/data-0/hdds
2024-05-24 07:48:48,402 [db578ef5-4e1f-4da7-abbd-ff28012a31de-EndpointStateMachineTaskThread-/0.0.0.0:15002-0 ] INFO  volume.ThrottledAsyncChecker (ThrottledAsyncChecker.java:schedule(141)) - Scheduling a check for /home/runner/work/ozone/ozone/hadoop-ozone/integration-test/target/test-dir/MiniOzoneClusterImpl-b501fab0-540e-4575-af6e-dde2336b059e/ozone-meta/datanode-4/ratis
2024-05-24 07:48:48,402 [db578ef5-4e1f-4da7-abbd-ff28012a31de-EndpointStateMachineTaskThread-/0.0.0.0:15002-0 ] INFO  volume.StorageVolumeChecker (StorageVolumeChecker.java:checkAllVolumes(218)) - Scheduled health check for volume /home/runner/work/ozone/ozone/hadoop-ozone/integration-test/target/test-dir/MiniOzoneClusterImpl-b501fab0-540e-4575-af6e-dde2336b059e/ozone-meta/datanode-4/ratis
2024-05-24 07:48:48,403 [db578ef5-4e1f-4da7-abbd-ff28012a31de-EndpointStateMachineTaskThread-/0.0.0.0:15002-0 ] INFO  ozoneimpl.OzoneContainer (OzoneContainer.java:start(459)) - Attempting to start container services.
2024-05-24 07:48:48,403 [db578ef5-4e1f-4da7-abbd-ff28012a31de-EndpointStateMachineTaskThread-/0.0.0.0:15002-0 ] WARN  ozoneimpl.OnDemandContainerDataScanner (OnDemandContainerDataScanner.java:init(75)) - Trying to initialize on demand scanner a second time on a datanode.
2024-05-24 07:48:48,404 [ContainerMetadataScanner] INFO  ozoneimpl.AbstractBackgroundContainerScanner (AbstractBackgroundContainerScanner.java:runIteration(87)) - Completed an iteration in 0 minutes. Number of iterations (since the data-node restart) : 1, Number of containers scanned in this iteration : 0, Number of unhealthy containers found in this iteration : 0
2024-05-24 07:48:48,404 [ContainerDataScanner(/home/runner/work/ozone/ozone/hadoop-ozone/integration-test/target/test-dir/MiniOzoneClusterImpl-b501fab0-540e-4575-af6e-dde2336b059e/ozone-meta/datanode-4/data-0/hdds)] INFO  ozoneimpl.AbstractBackgroundContainerScanner (AbstractBackgroundContainerScanner.java:runIteration(87)) - Completed an iteration in 0 minutes. Number of iterations (since the data-node restart) : 1, Number of containers scanned in this iteration : 0, Number of unhealthy containers found in this iteration : 0
2024-05-24 07:48:48,404 [db578ef5-4e1f-4da7-abbd-ff28012a31de-EndpointStateMachineTaskThread-/0.0.0.0:15002-0 ] INFO  replication.ReplicationServer (ReplicationServer.java:start(142)) - ReplicationServer is started using port 15043
2024-05-24 07:48:48,405 [db578ef5-4e1f-4da7-abbd-ff28012a31de-EndpointStateMachineTaskThread-/0.0.0.0:15002-0 ] INFO  ratis.XceiverServerRatis (XceiverServerRatis.java:start(566)) - Starting XceiverServerRatis db578ef5-4e1f-4da7-abbd-ff28012a31de
2024-05-24 07:48:48,405 [db578ef5-4e1f-4da7-abbd-ff28012a31de-EndpointStateMachineTaskThread-/0.0.0.0:15002-0 ] INFO  server.RaftServer (RaftServerProxy.java:startImpl(406)) - db578ef5-4e1f-4da7-abbd-ff28012a31de: start RPC server
2024-05-24 07:48:48,406 [db578ef5-4e1f-4da7-abbd-ff28012a31de-EndpointStateMachineTaskThread-/0.0.0.0:15002-0 ] INFO  server.GrpcService (GrpcService.java:startImpl(302)) - db578ef5-4e1f-4da7-abbd-ff28012a31de: GrpcService started, listening on 15039
2024-05-24 07:48:48,406 [db578ef5-4e1f-4da7-abbd-ff28012a31de-EndpointStateMachineTaskThread-/0.0.0.0:15002-0 ] INFO  server.GrpcService (GrpcService.java:startImpl(302)) - db578ef5-4e1f-4da7-abbd-ff28012a31de: GrpcService started, listening on 15041
2024-05-24 07:48:48,407 [db578ef5-4e1f-4da7-abbd-ff28012a31de-EndpointStateMachineTaskThread-/0.0.0.0:15002-0 ] INFO  server.GrpcService (GrpcService.java:startImpl(302)) - db578ef5-4e1f-4da7-abbd-ff28012a31de: GrpcService started, listening on 15040
2024-05-24 07:48:48,407 [db578ef5-4e1f-4da7-abbd-ff28012a31de-EndpointStateMachineTaskThread-/0.0.0.0:15002-0 ] INFO  ratis.XceiverServerRatis (XceiverServerRatis.java:getRealPort(592)) - XceiverServerRatis db578ef5-4e1f-4da7-abbd-ff28012a31de is started using port 15039 for RATIS
2024-05-24 07:48:48,407 [db578ef5-4e1f-4da7-abbd-ff28012a31de-EndpointStateMachineTaskThread-/0.0.0.0:15002-0 ] INFO  ratis.XceiverServerRatis (XceiverServerRatis.java:getRealPort(592)) - XceiverServerRatis db578ef5-4e1f-4da7-abbd-ff28012a31de is started using port 15040 for RATIS_ADMIN
2024-05-24 07:48:48,407 [JvmPauseMonitor5] INFO  util.JvmPauseMonitor (JvmPauseMonitor.java:run(146)) - JvmPauseMonitor-db578ef5-4e1f-4da7-abbd-ff28012a31de: Started
2024-05-24 07:48:48,408 [db578ef5-4e1f-4da7-abbd-ff28012a31de-EndpointStateMachineTaskThread-/0.0.0.0:15002-0 ] INFO  ratis.XceiverServerRatis (XceiverServerRatis.java:getRealPort(592)) - XceiverServerRatis db578ef5-4e1f-4da7-abbd-ff28012a31de is started using port 15041 for RATIS_SERVER
2024-05-24 07:48:48,408 [db578ef5-4e1f-4da7-abbd-ff28012a31de-EndpointStateMachineTaskThread-/0.0.0.0:15002-0 ] INFO  ratis.XceiverServerRatis (XceiverServerRatis.java:getRealPort(592)) - XceiverServerRatis db578ef5-4e1f-4da7-abbd-ff28012a31de is started using port 15042 for RATIS_DATASTREAM
2024-05-24 07:48:48,410 [db578ef5-4e1f-4da7-abbd-ff28012a31de-BlockDeletingService#0] INFO  interfaces.ContainerDeletionChoosingPolicyTemplate (ContainerDeletionChoosingPolicyTemplate.java:chooseContainerForBlockDeletion(85)) - Chosen 0/5000 blocks from 0 candidate containers.
2024-05-24 07:48:48,502 [713fd2b4-03fd-4bcc-8950-4119d378f2ca-EndpointStateMachineTaskThread-/0.0.0.0:15002-0 ] INFO  utils.DatanodeStoreCache (DatanodeStoreCache.java:addDB(72)) - Added db /home/runner/work/ozone/ozone/hadoop-ozone/integration-test/target/test-dir/MiniOzoneClusterImpl-b501fab0-540e-4575-af6e-dde2336b059e/ozone-meta/datanode-5/data-0/hdds/b501fab0-540e-4575-af6e-dde2336b059e/DS-78af6b6a-7ab1-4572-975d-5f8a93b40b64/container.db to cache
2024-05-24 07:48:48,502 [713fd2b4-03fd-4bcc-8950-4119d378f2ca-EndpointStateMachineTaskThread-/0.0.0.0:15002-0 ] INFO  volume.HddsVolume (HddsVolume.java:createDbStore(437)) - SchemaV3 db is created and loaded at /home/runner/work/ozone/ozone/hadoop-ozone/integration-test/target/test-dir/MiniOzoneClusterImpl-b501fab0-540e-4575-af6e-dde2336b059e/ozone-meta/datanode-5/data-0/hdds/b501fab0-540e-4575-af6e-dde2336b059e/DS-78af6b6a-7ab1-4572-975d-5f8a93b40b64/container.db for volume DS-78af6b6a-7ab1-4572-975d-5f8a93b40b64
2024-05-24 07:48:48,504 [713fd2b4-03fd-4bcc-8950-4119d378f2ca-ContainerReader-0] INFO  ozoneimpl.ContainerReader (ContainerReader.java:readVolume(148)) - Start to verify containers on volume /home/runner/work/ozone/ozone/hadoop-ozone/integration-test/target/test-dir/MiniOzoneClusterImpl-b501fab0-540e-4575-af6e-dde2336b059e/ozone-meta/datanode-5/data-0/hdds
2024-05-24 07:48:48,504 [713fd2b4-03fd-4bcc-8950-4119d378f2ca-ContainerReader-0] INFO  ozoneimpl.ContainerReader (ContainerReader.java:readVolume(178)) - Finish verifying containers on volume /home/runner/work/ozone/ozone/hadoop-ozone/integration-test/target/test-dir/MiniOzoneClusterImpl-b501fab0-540e-4575-af6e-dde2336b059e/ozone-meta/datanode-5/data-0/hdds
2024-05-24 07:48:48,504 [713fd2b4-03fd-4bcc-8950-4119d378f2ca-EndpointStateMachineTaskThread-/0.0.0.0:15002-0 ] INFO  ozoneimpl.OzoneContainer (OzoneContainer.java:buildContainerSet(328)) - Build ContainerSet costs 0s
2024-05-24 07:48:48,504 [713fd2b4-03fd-4bcc-8950-4119d378f2ca-EndpointStateMachineTaskThread-/0.0.0.0:15002-0 ] INFO  volume.ThrottledAsyncChecker (ThrottledAsyncChecker.java:schedule(141)) - Scheduling a check for /home/runner/work/ozone/ozone/hadoop-ozone/integration-test/target/test-dir/MiniOzoneClusterImpl-b501fab0-540e-4575-af6e-dde2336b059e/ozone-meta/datanode-5/data-0/hdds
2024-05-24 07:48:48,505 [713fd2b4-03fd-4bcc-8950-4119d378f2ca-EndpointStateMachineTaskThread-/0.0.0.0:15002-0 ] INFO  volume.StorageVolumeChecker (StorageVolumeChecker.java:checkAllVolumes(218)) - Scheduled health check for volume /home/runner/work/ozone/ozone/hadoop-ozone/integration-test/target/test-dir/MiniOzoneClusterImpl-b501fab0-540e-4575-af6e-dde2336b059e/ozone-meta/datanode-5/data-0/hdds
2024-05-24 07:48:48,505 [713fd2b4-03fd-4bcc-8950-4119d378f2ca-EndpointStateMachineTaskThread-/0.0.0.0:15002-0 ] INFO  volume.ThrottledAsyncChecker (ThrottledAsyncChecker.java:schedule(141)) - Scheduling a check for /home/runner/work/ozone/ozone/hadoop-ozone/integration-test/target/test-dir/MiniOzoneClusterImpl-b501fab0-540e-4575-af6e-dde2336b059e/ozone-meta/datanode-5/ratis
2024-05-24 07:48:48,505 [713fd2b4-03fd-4bcc-8950-4119d378f2ca-EndpointStateMachineTaskThread-/0.0.0.0:15002-0 ] INFO  volume.StorageVolumeChecker (StorageVolumeChecker.java:checkAllVolumes(218)) - Scheduled health check for volume /home/runner/work/ozone/ozone/hadoop-ozone/integration-test/target/test-dir/MiniOzoneClusterImpl-b501fab0-540e-4575-af6e-dde2336b059e/ozone-meta/datanode-5/ratis
2024-05-24 07:48:48,506 [713fd2b4-03fd-4bcc-8950-4119d378f2ca-EndpointStateMachineTaskThread-/0.0.0.0:15002-0 ] INFO  ozoneimpl.OzoneContainer (OzoneContainer.java:start(459)) - Attempting to start container services.
2024-05-24 07:48:48,506 [713fd2b4-03fd-4bcc-8950-4119d378f2ca-EndpointStateMachineTaskThread-/0.0.0.0:15002-0 ] WARN  ozoneimpl.OnDemandContainerDataScanner (OnDemandContainerDataScanner.java:init(75)) - Trying to initialize on demand scanner a second time on a datanode.
2024-05-24 07:48:48,507 [ContainerMetadataScanner] INFO  ozoneimpl.AbstractBackgroundContainerScanner (AbstractBackgroundContainerScanner.java:runIteration(87)) - Completed an iteration in 0 minutes. Number of iterations (since the data-node restart) : 1, Number of containers scanned in this iteration : 0, Number of unhealthy containers found in this iteration : 0
2024-05-24 07:48:48,507 [ContainerDataScanner(/home/runner/work/ozone/ozone/hadoop-ozone/integration-test/target/test-dir/MiniOzoneClusterImpl-b501fab0-540e-4575-af6e-dde2336b059e/ozone-meta/datanode-5/data-0/hdds)] INFO  ozoneimpl.AbstractBackgroundContainerScanner (AbstractBackgroundContainerScanner.java:runIteration(87)) - Completed an iteration in 0 minutes. Number of iterations (since the data-node restart) : 1, Number of containers scanned in this iteration : 0, Number of unhealthy containers found in this iteration : 0
2024-05-24 07:48:48,508 [713fd2b4-03fd-4bcc-8950-4119d378f2ca-EndpointStateMachineTaskThread-/0.0.0.0:15002-0 ] INFO  replication.ReplicationServer (ReplicationServer.java:start(142)) - ReplicationServer is started using port 15052
2024-05-24 07:48:48,508 [713fd2b4-03fd-4bcc-8950-4119d378f2ca-EndpointStateMachineTaskThread-/0.0.0.0:15002-0 ] INFO  ratis.XceiverServerRatis (XceiverServerRatis.java:start(566)) - Starting XceiverServerRatis 713fd2b4-03fd-4bcc-8950-4119d378f2ca
2024-05-24 07:48:48,508 [713fd2b4-03fd-4bcc-8950-4119d378f2ca-EndpointStateMachineTaskThread-/0.0.0.0:15002-0 ] INFO  server.RaftServer (RaftServerProxy.java:startImpl(406)) - 713fd2b4-03fd-4bcc-8950-4119d378f2ca: start RPC server
2024-05-24 07:48:48,509 [713fd2b4-03fd-4bcc-8950-4119d378f2ca-EndpointStateMachineTaskThread-/0.0.0.0:15002-0 ] INFO  server.GrpcService (GrpcService.java:startImpl(302)) - 713fd2b4-03fd-4bcc-8950-4119d378f2ca: GrpcService started, listening on 15048
2024-05-24 07:48:48,509 [713fd2b4-03fd-4bcc-8950-4119d378f2ca-EndpointStateMachineTaskThread-/0.0.0.0:15002-0 ] INFO  server.GrpcService (GrpcService.java:startImpl(302)) - 713fd2b4-03fd-4bcc-8950-4119d378f2ca: GrpcService started, listening on 15050
2024-05-24 07:48:48,509 [713fd2b4-03fd-4bcc-8950-4119d378f2ca-EndpointStateMachineTaskThread-/0.0.0.0:15002-0 ] INFO  server.GrpcService (GrpcService.java:startImpl(302)) - 713fd2b4-03fd-4bcc-8950-4119d378f2ca: GrpcService started, listening on 15049
2024-05-24 07:48:48,510 [713fd2b4-03fd-4bcc-8950-4119d378f2ca-EndpointStateMachineTaskThread-/0.0.0.0:15002-0 ] INFO  ratis.XceiverServerRatis (XceiverServerRatis.java:getRealPort(592)) - XceiverServerRatis 713fd2b4-03fd-4bcc-8950-4119d378f2ca is started using port 15048 for RATIS
2024-05-24 07:48:48,510 [JvmPauseMonitor6] INFO  util.JvmPauseMonitor (JvmPauseMonitor.java:run(146)) - JvmPauseMonitor-713fd2b4-03fd-4bcc-8950-4119d378f2ca: Started
2024-05-24 07:48:48,510 [713fd2b4-03fd-4bcc-8950-4119d378f2ca-EndpointStateMachineTaskThread-/0.0.0.0:15002-0 ] INFO  ratis.XceiverServerRatis (XceiverServerRatis.java:getRealPort(592)) - XceiverServerRatis 713fd2b4-03fd-4bcc-8950-4119d378f2ca is started using port 15049 for RATIS_ADMIN
2024-05-24 07:48:48,510 [713fd2b4-03fd-4bcc-8950-4119d378f2ca-EndpointStateMachineTaskThread-/0.0.0.0:15002-0 ] INFO  ratis.XceiverServerRatis (XceiverServerRatis.java:getRealPort(592)) - XceiverServerRatis 713fd2b4-03fd-4bcc-8950-4119d378f2ca is started using port 15050 for RATIS_SERVER
2024-05-24 07:48:48,511 [713fd2b4-03fd-4bcc-8950-4119d378f2ca-EndpointStateMachineTaskThread-/0.0.0.0:15002-0 ] INFO  ratis.XceiverServerRatis (XceiverServerRatis.java:getRealPort(592)) - XceiverServerRatis 713fd2b4-03fd-4bcc-8950-4119d378f2ca is started using port 15051 for RATIS_DATASTREAM
2024-05-24 07:48:48,512 [713fd2b4-03fd-4bcc-8950-4119d378f2ca-BlockDeletingService#0] INFO  interfaces.ContainerDeletionChoosingPolicyTemplate (ContainerDeletionChoosingPolicyTemplate.java:chooseContainerForBlockDeletion(85)) - Chosen 0/5000 blocks from 0 candidate containers.
2024-05-24 07:48:48,630 [e689b99c-fc0b-4611-bf51-e78d9991fc84-EndpointStateMachineTaskThread-/0.0.0.0:15002-0 ] INFO  utils.DatanodeStoreCache (DatanodeStoreCache.java:addDB(72)) - Added db /home/runner/work/ozone/ozone/hadoop-ozone/integration-test/target/test-dir/MiniOzoneClusterImpl-b501fab0-540e-4575-af6e-dde2336b059e/ozone-meta/datanode-6/data-0/hdds/b501fab0-540e-4575-af6e-dde2336b059e/DS-fc15ccee-7d83-47c4-95d6-8f9b835bc3db/container.db to cache
2024-05-24 07:48:48,630 [e689b99c-fc0b-4611-bf51-e78d9991fc84-EndpointStateMachineTaskThread-/0.0.0.0:15002-0 ] INFO  volume.HddsVolume (HddsVolume.java:createDbStore(437)) - SchemaV3 db is created and loaded at /home/runner/work/ozone/ozone/hadoop-ozone/integration-test/target/test-dir/MiniOzoneClusterImpl-b501fab0-540e-4575-af6e-dde2336b059e/ozone-meta/datanode-6/data-0/hdds/b501fab0-540e-4575-af6e-dde2336b059e/DS-fc15ccee-7d83-47c4-95d6-8f9b835bc3db/container.db for volume DS-fc15ccee-7d83-47c4-95d6-8f9b835bc3db
2024-05-24 07:48:48,632 [e689b99c-fc0b-4611-bf51-e78d9991fc84-ContainerReader-0] INFO  ozoneimpl.ContainerReader (ContainerReader.java:readVolume(148)) - Start to verify containers on volume /home/runner/work/ozone/ozone/hadoop-ozone/integration-test/target/test-dir/MiniOzoneClusterImpl-b501fab0-540e-4575-af6e-dde2336b059e/ozone-meta/datanode-6/data-0/hdds
2024-05-24 07:48:48,632 [e689b99c-fc0b-4611-bf51-e78d9991fc84-ContainerReader-0] INFO  ozoneimpl.ContainerReader (ContainerReader.java:readVolume(178)) - Finish verifying containers on volume /home/runner/work/ozone/ozone/hadoop-ozone/integration-test/target/test-dir/MiniOzoneClusterImpl-b501fab0-540e-4575-af6e-dde2336b059e/ozone-meta/datanode-6/data-0/hdds
2024-05-24 07:48:48,632 [e689b99c-fc0b-4611-bf51-e78d9991fc84-EndpointStateMachineTaskThread-/0.0.0.0:15002-0 ] INFO  ozoneimpl.OzoneContainer (OzoneContainer.java:buildContainerSet(328)) - Build ContainerSet costs 0s
2024-05-24 07:48:48,633 [e689b99c-fc0b-4611-bf51-e78d9991fc84-EndpointStateMachineTaskThread-/0.0.0.0:15002-0 ] INFO  volume.ThrottledAsyncChecker (ThrottledAsyncChecker.java:schedule(141)) - Scheduling a check for /home/runner/work/ozone/ozone/hadoop-ozone/integration-test/target/test-dir/MiniOzoneClusterImpl-b501fab0-540e-4575-af6e-dde2336b059e/ozone-meta/datanode-6/data-0/hdds
2024-05-24 07:48:48,633 [e689b99c-fc0b-4611-bf51-e78d9991fc84-EndpointStateMachineTaskThread-/0.0.0.0:15002-0 ] INFO  volume.StorageVolumeChecker (StorageVolumeChecker.java:checkAllVolumes(218)) - Scheduled health check for volume /home/runner/work/ozone/ozone/hadoop-ozone/integration-test/target/test-dir/MiniOzoneClusterImpl-b501fab0-540e-4575-af6e-dde2336b059e/ozone-meta/datanode-6/data-0/hdds
2024-05-24 07:48:48,634 [e689b99c-fc0b-4611-bf51-e78d9991fc84-EndpointStateMachineTaskThread-/0.0.0.0:15002-0 ] INFO  volume.ThrottledAsyncChecker (ThrottledAsyncChecker.java:schedule(141)) - Scheduling a check for /home/runner/work/ozone/ozone/hadoop-ozone/integration-test/target/test-dir/MiniOzoneClusterImpl-b501fab0-540e-4575-af6e-dde2336b059e/ozone-meta/datanode-6/ratis
2024-05-24 07:48:48,634 [e689b99c-fc0b-4611-bf51-e78d9991fc84-EndpointStateMachineTaskThread-/0.0.0.0:15002-0 ] INFO  volume.StorageVolumeChecker (StorageVolumeChecker.java:checkAllVolumes(218)) - Scheduled health check for volume /home/runner/work/ozone/ozone/hadoop-ozone/integration-test/target/test-dir/MiniOzoneClusterImpl-b501fab0-540e-4575-af6e-dde2336b059e/ozone-meta/datanode-6/ratis
2024-05-24 07:48:48,635 [e689b99c-fc0b-4611-bf51-e78d9991fc84-EndpointStateMachineTaskThread-/0.0.0.0:15002-0 ] INFO  ozoneimpl.OzoneContainer (OzoneContainer.java:start(459)) - Attempting to start container services.
2024-05-24 07:48:48,635 [e689b99c-fc0b-4611-bf51-e78d9991fc84-EndpointStateMachineTaskThread-/0.0.0.0:15002-0 ] WARN  ozoneimpl.OnDemandContainerDataScanner (OnDemandContainerDataScanner.java:init(75)) - Trying to initialize on demand scanner a second time on a datanode.
2024-05-24 07:48:48,636 [ContainerMetadataScanner] INFO  ozoneimpl.AbstractBackgroundContainerScanner (AbstractBackgroundContainerScanner.java:runIteration(87)) - Completed an iteration in 0 minutes. Number of iterations (since the data-node restart) : 1, Number of containers scanned in this iteration : 0, Number of unhealthy containers found in this iteration : 0
2024-05-24 07:48:48,636 [ContainerDataScanner(/home/runner/work/ozone/ozone/hadoop-ozone/integration-test/target/test-dir/MiniOzoneClusterImpl-b501fab0-540e-4575-af6e-dde2336b059e/ozone-meta/datanode-6/data-0/hdds)] INFO  ozoneimpl.AbstractBackgroundContainerScanner (AbstractBackgroundContainerScanner.java:runIteration(87)) - Completed an iteration in 0 minutes. Number of iterations (since the data-node restart) : 1, Number of containers scanned in this iteration : 0, Number of unhealthy containers found in this iteration : 0
2024-05-24 07:48:48,636 [e689b99c-fc0b-4611-bf51-e78d9991fc84-EndpointStateMachineTaskThread-/0.0.0.0:15002-0 ] INFO  replication.ReplicationServer (ReplicationServer.java:start(142)) - ReplicationServer is started using port 15061
2024-05-24 07:48:48,636 [e689b99c-fc0b-4611-bf51-e78d9991fc84-EndpointStateMachineTaskThread-/0.0.0.0:15002-0 ] INFO  ratis.XceiverServerRatis (XceiverServerRatis.java:start(566)) - Starting XceiverServerRatis e689b99c-fc0b-4611-bf51-e78d9991fc84
2024-05-24 07:48:48,637 [e689b99c-fc0b-4611-bf51-e78d9991fc84-EndpointStateMachineTaskThread-/0.0.0.0:15002-0 ] INFO  server.RaftServer (RaftServerProxy.java:startImpl(406)) - e689b99c-fc0b-4611-bf51-e78d9991fc84: start RPC server
2024-05-24 07:48:48,637 [e689b99c-fc0b-4611-bf51-e78d9991fc84-EndpointStateMachineTaskThread-/0.0.0.0:15002-0 ] INFO  server.GrpcService (GrpcService.java:startImpl(302)) - e689b99c-fc0b-4611-bf51-e78d9991fc84: GrpcService started, listening on 15057
2024-05-24 07:48:48,638 [e689b99c-fc0b-4611-bf51-e78d9991fc84-EndpointStateMachineTaskThread-/0.0.0.0:15002-0 ] INFO  server.GrpcService (GrpcService.java:startImpl(302)) - e689b99c-fc0b-4611-bf51-e78d9991fc84: GrpcService started, listening on 15059
2024-05-24 07:48:48,638 [e689b99c-fc0b-4611-bf51-e78d9991fc84-EndpointStateMachineTaskThread-/0.0.0.0:15002-0 ] INFO  server.GrpcService (GrpcService.java:startImpl(302)) - e689b99c-fc0b-4611-bf51-e78d9991fc84: GrpcService started, listening on 15058
2024-05-24 07:48:48,638 [e689b99c-fc0b-4611-bf51-e78d9991fc84-EndpointStateMachineTaskThread-/0.0.0.0:15002-0 ] INFO  ratis.XceiverServerRatis (XceiverServerRatis.java:getRealPort(592)) - XceiverServerRatis e689b99c-fc0b-4611-bf51-e78d9991fc84 is started using port 15057 for RATIS
2024-05-24 07:48:48,638 [JvmPauseMonitor7] INFO  util.JvmPauseMonitor (JvmPauseMonitor.java:run(146)) - JvmPauseMonitor-e689b99c-fc0b-4611-bf51-e78d9991fc84: Started
2024-05-24 07:48:48,638 [e689b99c-fc0b-4611-bf51-e78d9991fc84-EndpointStateMachineTaskThread-/0.0.0.0:15002-0 ] INFO  ratis.XceiverServerRatis (XceiverServerRatis.java:getRealPort(592)) - XceiverServerRatis e689b99c-fc0b-4611-bf51-e78d9991fc84 is started using port 15058 for RATIS_ADMIN
2024-05-24 07:48:48,639 [e689b99c-fc0b-4611-bf51-e78d9991fc84-EndpointStateMachineTaskThread-/0.0.0.0:15002-0 ] INFO  ratis.XceiverServerRatis (XceiverServerRatis.java:getRealPort(592)) - XceiverServerRatis e689b99c-fc0b-4611-bf51-e78d9991fc84 is started using port 15059 for RATIS_SERVER
2024-05-24 07:48:48,639 [e689b99c-fc0b-4611-bf51-e78d9991fc84-EndpointStateMachineTaskThread-/0.0.0.0:15002-0 ] INFO  ratis.XceiverServerRatis (XceiverServerRatis.java:getRealPort(592)) - XceiverServerRatis e689b99c-fc0b-4611-bf51-e78d9991fc84 is started using port 15060 for RATIS_DATASTREAM
2024-05-24 07:48:48,640 [e689b99c-fc0b-4611-bf51-e78d9991fc84-BlockDeletingService#0] INFO  interfaces.ContainerDeletionChoosingPolicyTemplate (ContainerDeletionChoosingPolicyTemplate.java:chooseContainerForBlockDeletion(85)) - Chosen 0/5000 blocks from 0 candidate containers.
2024-05-24 07:48:48,715 [26f71362-a48a-41de-9ada-52ca0d6b3643-EndpointStateMachineTaskThread-/0.0.0.0:15002-0 ] INFO  utils.DatanodeStoreCache (DatanodeStoreCache.java:addDB(72)) - Added db /home/runner/work/ozone/ozone/hadoop-ozone/integration-test/target/test-dir/MiniOzoneClusterImpl-b501fab0-540e-4575-af6e-dde2336b059e/ozone-meta/datanode-7/data-0/hdds/b501fab0-540e-4575-af6e-dde2336b059e/DS-213b0d30-2f2a-4131-93e5-687456b4903d/container.db to cache
2024-05-24 07:48:48,715 [26f71362-a48a-41de-9ada-52ca0d6b3643-EndpointStateMachineTaskThread-/0.0.0.0:15002-0 ] INFO  volume.HddsVolume (HddsVolume.java:createDbStore(437)) - SchemaV3 db is created and loaded at /home/runner/work/ozone/ozone/hadoop-ozone/integration-test/target/test-dir/MiniOzoneClusterImpl-b501fab0-540e-4575-af6e-dde2336b059e/ozone-meta/datanode-7/data-0/hdds/b501fab0-540e-4575-af6e-dde2336b059e/DS-213b0d30-2f2a-4131-93e5-687456b4903d/container.db for volume DS-213b0d30-2f2a-4131-93e5-687456b4903d
2024-05-24 07:48:48,717 [26f71362-a48a-41de-9ada-52ca0d6b3643-ContainerReader-0] INFO  ozoneimpl.ContainerReader (ContainerReader.java:readVolume(148)) - Start to verify containers on volume /home/runner/work/ozone/ozone/hadoop-ozone/integration-test/target/test-dir/MiniOzoneClusterImpl-b501fab0-540e-4575-af6e-dde2336b059e/ozone-meta/datanode-7/data-0/hdds
2024-05-24 07:48:48,717 [26f71362-a48a-41de-9ada-52ca0d6b3643-ContainerReader-0] INFO  ozoneimpl.ContainerReader (ContainerReader.java:readVolume(178)) - Finish verifying containers on volume /home/runner/work/ozone/ozone/hadoop-ozone/integration-test/target/test-dir/MiniOzoneClusterImpl-b501fab0-540e-4575-af6e-dde2336b059e/ozone-meta/datanode-7/data-0/hdds
2024-05-24 07:48:48,717 [26f71362-a48a-41de-9ada-52ca0d6b3643-EndpointStateMachineTaskThread-/0.0.0.0:15002-0 ] INFO  ozoneimpl.OzoneContainer (OzoneContainer.java:buildContainerSet(328)) - Build ContainerSet costs 0s
2024-05-24 07:48:48,717 [26f71362-a48a-41de-9ada-52ca0d6b3643-EndpointStateMachineTaskThread-/0.0.0.0:15002-0 ] INFO  volume.ThrottledAsyncChecker (ThrottledAsyncChecker.java:schedule(141)) - Scheduling a check for /home/runner/work/ozone/ozone/hadoop-ozone/integration-test/target/test-dir/MiniOzoneClusterImpl-b501fab0-540e-4575-af6e-dde2336b059e/ozone-meta/datanode-7/data-0/hdds
2024-05-24 07:48:48,718 [26f71362-a48a-41de-9ada-52ca0d6b3643-EndpointStateMachineTaskThread-/0.0.0.0:15002-0 ] INFO  volume.StorageVolumeChecker (StorageVolumeChecker.java:checkAllVolumes(218)) - Scheduled health check for volume /home/runner/work/ozone/ozone/hadoop-ozone/integration-test/target/test-dir/MiniOzoneClusterImpl-b501fab0-540e-4575-af6e-dde2336b059e/ozone-meta/datanode-7/data-0/hdds
2024-05-24 07:48:48,719 [26f71362-a48a-41de-9ada-52ca0d6b3643-EndpointStateMachineTaskThread-/0.0.0.0:15002-0 ] INFO  volume.ThrottledAsyncChecker (ThrottledAsyncChecker.java:schedule(141)) - Scheduling a check for /home/runner/work/ozone/ozone/hadoop-ozone/integration-test/target/test-dir/MiniOzoneClusterImpl-b501fab0-540e-4575-af6e-dde2336b059e/ozone-meta/datanode-7/ratis
2024-05-24 07:48:48,719 [26f71362-a48a-41de-9ada-52ca0d6b3643-EndpointStateMachineTaskThread-/0.0.0.0:15002-0 ] INFO  volume.StorageVolumeChecker (StorageVolumeChecker.java:checkAllVolumes(218)) - Scheduled health check for volume /home/runner/work/ozone/ozone/hadoop-ozone/integration-test/target/test-dir/MiniOzoneClusterImpl-b501fab0-540e-4575-af6e-dde2336b059e/ozone-meta/datanode-7/ratis
2024-05-24 07:48:48,720 [26f71362-a48a-41de-9ada-52ca0d6b3643-EndpointStateMachineTaskThread-/0.0.0.0:15002-0 ] INFO  ozoneimpl.OzoneContainer (OzoneContainer.java:start(459)) - Attempting to start container services.
2024-05-24 07:48:48,720 [26f71362-a48a-41de-9ada-52ca0d6b3643-EndpointStateMachineTaskThread-/0.0.0.0:15002-0 ] WARN  ozoneimpl.OnDemandContainerDataScanner (OnDemandContainerDataScanner.java:init(75)) - Trying to initialize on demand scanner a second time on a datanode.
2024-05-24 07:48:48,720 [ContainerMetadataScanner] INFO  ozoneimpl.AbstractBackgroundContainerScanner (AbstractBackgroundContainerScanner.java:runIteration(87)) - Completed an iteration in 0 minutes. Number of iterations (since the data-node restart) : 1, Number of containers scanned in this iteration : 0, Number of unhealthy containers found in this iteration : 0
2024-05-24 07:48:48,722 [ContainerDataScanner(/home/runner/work/ozone/ozone/hadoop-ozone/integration-test/target/test-dir/MiniOzoneClusterImpl-b501fab0-540e-4575-af6e-dde2336b059e/ozone-meta/datanode-7/data-0/hdds)] INFO  ozoneimpl.AbstractBackgroundContainerScanner (AbstractBackgroundContainerScanner.java:runIteration(87)) - Completed an iteration in 0 minutes. Number of iterations (since the data-node restart) : 1, Number of containers scanned in this iteration : 0, Number of unhealthy containers found in this iteration : 0
2024-05-24 07:48:48,722 [26f71362-a48a-41de-9ada-52ca0d6b3643-EndpointStateMachineTaskThread-/0.0.0.0:15002-0 ] INFO  replication.ReplicationServer (ReplicationServer.java:start(142)) - ReplicationServer is started using port 15070
2024-05-24 07:48:48,723 [26f71362-a48a-41de-9ada-52ca0d6b3643-EndpointStateMachineTaskThread-/0.0.0.0:15002-0 ] INFO  ratis.XceiverServerRatis (XceiverServerRatis.java:start(566)) - Starting XceiverServerRatis 26f71362-a48a-41de-9ada-52ca0d6b3643
2024-05-24 07:48:48,723 [26f71362-a48a-41de-9ada-52ca0d6b3643-EndpointStateMachineTaskThread-/0.0.0.0:15002-0 ] INFO  server.RaftServer (RaftServerProxy.java:startImpl(406)) - 26f71362-a48a-41de-9ada-52ca0d6b3643: start RPC server
2024-05-24 07:48:48,724 [26f71362-a48a-41de-9ada-52ca0d6b3643-EndpointStateMachineTaskThread-/0.0.0.0:15002-0 ] INFO  server.GrpcService (GrpcService.java:startImpl(302)) - 26f71362-a48a-41de-9ada-52ca0d6b3643: GrpcService started, listening on 15066
2024-05-24 07:48:48,724 [26f71362-a48a-41de-9ada-52ca0d6b3643-EndpointStateMachineTaskThread-/0.0.0.0:15002-0 ] INFO  server.GrpcService (GrpcService.java:startImpl(302)) - 26f71362-a48a-41de-9ada-52ca0d6b3643: GrpcService started, listening on 15068
2024-05-24 07:48:48,724 [26f71362-a48a-41de-9ada-52ca0d6b3643-EndpointStateMachineTaskThread-/0.0.0.0:15002-0 ] INFO  server.GrpcService (GrpcService.java:startImpl(302)) - 26f71362-a48a-41de-9ada-52ca0d6b3643: GrpcService started, listening on 15067
2024-05-24 07:48:48,724 [26f71362-a48a-41de-9ada-52ca0d6b3643-EndpointStateMachineTaskThread-/0.0.0.0:15002-0 ] INFO  ratis.XceiverServerRatis (XceiverServerRatis.java:getRealPort(592)) - XceiverServerRatis 26f71362-a48a-41de-9ada-52ca0d6b3643 is started using port 15066 for RATIS
2024-05-24 07:48:48,725 [26f71362-a48a-41de-9ada-52ca0d6b3643-EndpointStateMachineTaskThread-/0.0.0.0:15002-0 ] INFO  ratis.XceiverServerRatis (XceiverServerRatis.java:getRealPort(592)) - XceiverServerRatis 26f71362-a48a-41de-9ada-52ca0d6b3643 is started using port 15067 for RATIS_ADMIN
2024-05-24 07:48:48,725 [26f71362-a48a-41de-9ada-52ca0d6b3643-EndpointStateMachineTaskThread-/0.0.0.0:15002-0 ] INFO  ratis.XceiverServerRatis (XceiverServerRatis.java:getRealPort(592)) - XceiverServerRatis 26f71362-a48a-41de-9ada-52ca0d6b3643 is started using port 15068 for RATIS_SERVER
2024-05-24 07:48:48,725 [26f71362-a48a-41de-9ada-52ca0d6b3643-EndpointStateMachineTaskThread-/0.0.0.0:15002-0 ] INFO  ratis.XceiverServerRatis (XceiverServerRatis.java:getRealPort(592)) - XceiverServerRatis 26f71362-a48a-41de-9ada-52ca0d6b3643 is started using port 15069 for RATIS_DATASTREAM
2024-05-24 07:48:48,725 [JvmPauseMonitor8] INFO  util.JvmPauseMonitor (JvmPauseMonitor.java:run(146)) - JvmPauseMonitor-26f71362-a48a-41de-9ada-52ca0d6b3643: Started
2024-05-24 07:48:48,726 [26f71362-a48a-41de-9ada-52ca0d6b3643-BlockDeletingService#0] INFO  interfaces.ContainerDeletionChoosingPolicyTemplate (ContainerDeletionChoosingPolicyTemplate.java:chooseContainerForBlockDeletion(85)) - Chosen 0/5000 blocks from 0 candidate containers.
2024-05-24 07:48:48,851 [9cef26bd-fad7-4006-851f-097a618c2ff8-EndpointStateMachineTaskThread-/0.0.0.0:15002-0 ] INFO  utils.DatanodeStoreCache (DatanodeStoreCache.java:addDB(72)) - Added db /home/runner/work/ozone/ozone/hadoop-ozone/integration-test/target/test-dir/MiniOzoneClusterImpl-b501fab0-540e-4575-af6e-dde2336b059e/ozone-meta/datanode-8/data-0/hdds/b501fab0-540e-4575-af6e-dde2336b059e/DS-cbe84aab-e318-4ed6-9cf0-5ec45ed67f56/container.db to cache
2024-05-24 07:48:48,851 [9cef26bd-fad7-4006-851f-097a618c2ff8-EndpointStateMachineTaskThread-/0.0.0.0:15002-0 ] INFO  volume.HddsVolume (HddsVolume.java:createDbStore(437)) - SchemaV3 db is created and loaded at /home/runner/work/ozone/ozone/hadoop-ozone/integration-test/target/test-dir/MiniOzoneClusterImpl-b501fab0-540e-4575-af6e-dde2336b059e/ozone-meta/datanode-8/data-0/hdds/b501fab0-540e-4575-af6e-dde2336b059e/DS-cbe84aab-e318-4ed6-9cf0-5ec45ed67f56/container.db for volume DS-cbe84aab-e318-4ed6-9cf0-5ec45ed67f56
2024-05-24 07:48:48,853 [9cef26bd-fad7-4006-851f-097a618c2ff8-ContainerReader-0] INFO  ozoneimpl.ContainerReader (ContainerReader.java:readVolume(148)) - Start to verify containers on volume /home/runner/work/ozone/ozone/hadoop-ozone/integration-test/target/test-dir/MiniOzoneClusterImpl-b501fab0-540e-4575-af6e-dde2336b059e/ozone-meta/datanode-8/data-0/hdds
2024-05-24 07:48:48,853 [9cef26bd-fad7-4006-851f-097a618c2ff8-ContainerReader-0] INFO  ozoneimpl.ContainerReader (ContainerReader.java:readVolume(178)) - Finish verifying containers on volume /home/runner/work/ozone/ozone/hadoop-ozone/integration-test/target/test-dir/MiniOzoneClusterImpl-b501fab0-540e-4575-af6e-dde2336b059e/ozone-meta/datanode-8/data-0/hdds
2024-05-24 07:48:48,853 [9cef26bd-fad7-4006-851f-097a618c2ff8-EndpointStateMachineTaskThread-/0.0.0.0:15002-0 ] INFO  ozoneimpl.OzoneContainer (OzoneContainer.java:buildContainerSet(328)) - Build ContainerSet costs 0s
2024-05-24 07:48:48,853 [9cef26bd-fad7-4006-851f-097a618c2ff8-EndpointStateMachineTaskThread-/0.0.0.0:15002-0 ] INFO  volume.ThrottledAsyncChecker (ThrottledAsyncChecker.java:schedule(141)) - Scheduling a check for /home/runner/work/ozone/ozone/hadoop-ozone/integration-test/target/test-dir/MiniOzoneClusterImpl-b501fab0-540e-4575-af6e-dde2336b059e/ozone-meta/datanode-8/data-0/hdds
2024-05-24 07:48:48,854 [9cef26bd-fad7-4006-851f-097a618c2ff8-EndpointStateMachineTaskThread-/0.0.0.0:15002-0 ] INFO  volume.StorageVolumeChecker (StorageVolumeChecker.java:checkAllVolumes(218)) - Scheduled health check for volume /home/runner/work/ozone/ozone/hadoop-ozone/integration-test/target/test-dir/MiniOzoneClusterImpl-b501fab0-540e-4575-af6e-dde2336b059e/ozone-meta/datanode-8/data-0/hdds
2024-05-24 07:48:48,855 [9cef26bd-fad7-4006-851f-097a618c2ff8-EndpointStateMachineTaskThread-/0.0.0.0:15002-0 ] INFO  volume.ThrottledAsyncChecker (ThrottledAsyncChecker.java:schedule(141)) - Scheduling a check for /home/runner/work/ozone/ozone/hadoop-ozone/integration-test/target/test-dir/MiniOzoneClusterImpl-b501fab0-540e-4575-af6e-dde2336b059e/ozone-meta/datanode-8/ratis
2024-05-24 07:48:48,855 [9cef26bd-fad7-4006-851f-097a618c2ff8-EndpointStateMachineTaskThread-/0.0.0.0:15002-0 ] INFO  volume.StorageVolumeChecker (StorageVolumeChecker.java:checkAllVolumes(218)) - Scheduled health check for volume /home/runner/work/ozone/ozone/hadoop-ozone/integration-test/target/test-dir/MiniOzoneClusterImpl-b501fab0-540e-4575-af6e-dde2336b059e/ozone-meta/datanode-8/ratis
2024-05-24 07:48:48,855 [9cef26bd-fad7-4006-851f-097a618c2ff8-EndpointStateMachineTaskThread-/0.0.0.0:15002-0 ] INFO  ozoneimpl.OzoneContainer (OzoneContainer.java:start(459)) - Attempting to start container services.
2024-05-24 07:48:48,856 [9cef26bd-fad7-4006-851f-097a618c2ff8-EndpointStateMachineTaskThread-/0.0.0.0:15002-0 ] WARN  ozoneimpl.OnDemandContainerDataScanner (OnDemandContainerDataScanner.java:init(75)) - Trying to initialize on demand scanner a second time on a datanode.
2024-05-24 07:48:48,856 [ContainerMetadataScanner] INFO  ozoneimpl.AbstractBackgroundContainerScanner (AbstractBackgroundContainerScanner.java:runIteration(87)) - Completed an iteration in 0 minutes. Number of iterations (since the data-node restart) : 1, Number of containers scanned in this iteration : 0, Number of unhealthy containers found in this iteration : 0
2024-05-24 07:48:48,856 [ContainerDataScanner(/home/runner/work/ozone/ozone/hadoop-ozone/integration-test/target/test-dir/MiniOzoneClusterImpl-b501fab0-540e-4575-af6e-dde2336b059e/ozone-meta/datanode-8/data-0/hdds)] INFO  ozoneimpl.AbstractBackgroundContainerScanner (AbstractBackgroundContainerScanner.java:runIteration(87)) - Completed an iteration in 0 minutes. Number of iterations (since the data-node restart) : 1, Number of containers scanned in this iteration : 0, Number of unhealthy containers found in this iteration : 0
2024-05-24 07:48:48,857 [9cef26bd-fad7-4006-851f-097a618c2ff8-EndpointStateMachineTaskThread-/0.0.0.0:15002-0 ] INFO  replication.ReplicationServer (ReplicationServer.java:start(142)) - ReplicationServer is started using port 15079
2024-05-24 07:48:48,857 [9cef26bd-fad7-4006-851f-097a618c2ff8-EndpointStateMachineTaskThread-/0.0.0.0:15002-0 ] INFO  ratis.XceiverServerRatis (XceiverServerRatis.java:start(566)) - Starting XceiverServerRatis 9cef26bd-fad7-4006-851f-097a618c2ff8
2024-05-24 07:48:48,859 [9cef26bd-fad7-4006-851f-097a618c2ff8-EndpointStateMachineTaskThread-/0.0.0.0:15002-0 ] INFO  server.RaftServer (RaftServerProxy.java:startImpl(406)) - 9cef26bd-fad7-4006-851f-097a618c2ff8: start RPC server
2024-05-24 07:48:48,859 [9cef26bd-fad7-4006-851f-097a618c2ff8-EndpointStateMachineTaskThread-/0.0.0.0:15002-0 ] INFO  server.GrpcService (GrpcService.java:startImpl(302)) - 9cef26bd-fad7-4006-851f-097a618c2ff8: GrpcService started, listening on 15075
2024-05-24 07:48:48,860 [9cef26bd-fad7-4006-851f-097a618c2ff8-EndpointStateMachineTaskThread-/0.0.0.0:15002-0 ] INFO  server.GrpcService (GrpcService.java:startImpl(302)) - 9cef26bd-fad7-4006-851f-097a618c2ff8: GrpcService started, listening on 15077
2024-05-24 07:48:48,860 [9cef26bd-fad7-4006-851f-097a618c2ff8-EndpointStateMachineTaskThread-/0.0.0.0:15002-0 ] INFO  server.GrpcService (GrpcService.java:startImpl(302)) - 9cef26bd-fad7-4006-851f-097a618c2ff8: GrpcService started, listening on 15076
2024-05-24 07:48:48,860 [9cef26bd-fad7-4006-851f-097a618c2ff8-EndpointStateMachineTaskThread-/0.0.0.0:15002-0 ] INFO  ratis.XceiverServerRatis (XceiverServerRatis.java:getRealPort(592)) - XceiverServerRatis 9cef26bd-fad7-4006-851f-097a618c2ff8 is started using port 15075 for RATIS
2024-05-24 07:48:48,861 [JvmPauseMonitor9] INFO  util.JvmPauseMonitor (JvmPauseMonitor.java:run(146)) - JvmPauseMonitor-9cef26bd-fad7-4006-851f-097a618c2ff8: Started
2024-05-24 07:48:48,861 [9cef26bd-fad7-4006-851f-097a618c2ff8-EndpointStateMachineTaskThread-/0.0.0.0:15002-0 ] INFO  ratis.XceiverServerRatis (XceiverServerRatis.java:getRealPort(592)) - XceiverServerRatis 9cef26bd-fad7-4006-851f-097a618c2ff8 is started using port 15076 for RATIS_ADMIN
2024-05-24 07:48:48,861 [9cef26bd-fad7-4006-851f-097a618c2ff8-EndpointStateMachineTaskThread-/0.0.0.0:15002-0 ] INFO  ratis.XceiverServerRatis (XceiverServerRatis.java:getRealPort(592)) - XceiverServerRatis 9cef26bd-fad7-4006-851f-097a618c2ff8 is started using port 15077 for RATIS_SERVER
2024-05-24 07:48:48,861 [9cef26bd-fad7-4006-851f-097a618c2ff8-EndpointStateMachineTaskThread-/0.0.0.0:15002-0 ] INFO  ratis.XceiverServerRatis (XceiverServerRatis.java:getRealPort(592)) - XceiverServerRatis 9cef26bd-fad7-4006-851f-097a618c2ff8 is started using port 15078 for RATIS_DATASTREAM
2024-05-24 07:48:48,862 [9cef26bd-fad7-4006-851f-097a618c2ff8-BlockDeletingService#0] INFO  interfaces.ContainerDeletionChoosingPolicyTemplate (ContainerDeletionChoosingPolicyTemplate.java:chooseContainerForBlockDeletion(85)) - Chosen 0/5000 blocks from 0 candidate containers.
2024-05-24 07:48:48,956 [b4e39294-6870-4830-abfa-7517d5dcbfab-EndpointStateMachineTaskThread-/0.0.0.0:15002-0 ] INFO  utils.DatanodeStoreCache (DatanodeStoreCache.java:addDB(72)) - Added db /home/runner/work/ozone/ozone/hadoop-ozone/integration-test/target/test-dir/MiniOzoneClusterImpl-b501fab0-540e-4575-af6e-dde2336b059e/ozone-meta/datanode-9/data-0/hdds/b501fab0-540e-4575-af6e-dde2336b059e/DS-23308f3f-36aa-4ee2-ab1e-87a5a9ff3899/container.db to cache
2024-05-24 07:48:48,956 [b4e39294-6870-4830-abfa-7517d5dcbfab-EndpointStateMachineTaskThread-/0.0.0.0:15002-0 ] INFO  volume.HddsVolume (HddsVolume.java:createDbStore(437)) - SchemaV3 db is created and loaded at /home/runner/work/ozone/ozone/hadoop-ozone/integration-test/target/test-dir/MiniOzoneClusterImpl-b501fab0-540e-4575-af6e-dde2336b059e/ozone-meta/datanode-9/data-0/hdds/b501fab0-540e-4575-af6e-dde2336b059e/DS-23308f3f-36aa-4ee2-ab1e-87a5a9ff3899/container.db for volume DS-23308f3f-36aa-4ee2-ab1e-87a5a9ff3899
2024-05-24 07:48:48,957 [b4e39294-6870-4830-abfa-7517d5dcbfab-ContainerReader-0] INFO  ozoneimpl.ContainerReader (ContainerReader.java:readVolume(148)) - Start to verify containers on volume /home/runner/work/ozone/ozone/hadoop-ozone/integration-test/target/test-dir/MiniOzoneClusterImpl-b501fab0-540e-4575-af6e-dde2336b059e/ozone-meta/datanode-9/data-0/hdds
2024-05-24 07:48:48,958 [b4e39294-6870-4830-abfa-7517d5dcbfab-ContainerReader-0] INFO  ozoneimpl.ContainerReader (ContainerReader.java:readVolume(178)) - Finish verifying containers on volume /home/runner/work/ozone/ozone/hadoop-ozone/integration-test/target/test-dir/MiniOzoneClusterImpl-b501fab0-540e-4575-af6e-dde2336b059e/ozone-meta/datanode-9/data-0/hdds
2024-05-24 07:48:48,958 [b4e39294-6870-4830-abfa-7517d5dcbfab-EndpointStateMachineTaskThread-/0.0.0.0:15002-0 ] INFO  ozoneimpl.OzoneContainer (OzoneContainer.java:buildContainerSet(328)) - Build ContainerSet costs 0s
2024-05-24 07:48:48,958 [b4e39294-6870-4830-abfa-7517d5dcbfab-EndpointStateMachineTaskThread-/0.0.0.0:15002-0 ] INFO  volume.ThrottledAsyncChecker (ThrottledAsyncChecker.java:schedule(141)) - Scheduling a check for /home/runner/work/ozone/ozone/hadoop-ozone/integration-test/target/test-dir/MiniOzoneClusterImpl-b501fab0-540e-4575-af6e-dde2336b059e/ozone-meta/datanode-9/data-0/hdds
2024-05-24 07:48:48,958 [b4e39294-6870-4830-abfa-7517d5dcbfab-EndpointStateMachineTaskThread-/0.0.0.0:15002-0 ] INFO  volume.StorageVolumeChecker (StorageVolumeChecker.java:checkAllVolumes(218)) - Scheduled health check for volume /home/runner/work/ozone/ozone/hadoop-ozone/integration-test/target/test-dir/MiniOzoneClusterImpl-b501fab0-540e-4575-af6e-dde2336b059e/ozone-meta/datanode-9/data-0/hdds
2024-05-24 07:48:48,959 [b4e39294-6870-4830-abfa-7517d5dcbfab-EndpointStateMachineTaskThread-/0.0.0.0:15002-0 ] INFO  volume.ThrottledAsyncChecker (ThrottledAsyncChecker.java:schedule(141)) - Scheduling a check for /home/runner/work/ozone/ozone/hadoop-ozone/integration-test/target/test-dir/MiniOzoneClusterImpl-b501fab0-540e-4575-af6e-dde2336b059e/ozone-meta/datanode-9/ratis
2024-05-24 07:48:48,959 [b4e39294-6870-4830-abfa-7517d5dcbfab-EndpointStateMachineTaskThread-/0.0.0.0:15002-0 ] INFO  volume.StorageVolumeChecker (StorageVolumeChecker.java:checkAllVolumes(218)) - Scheduled health check for volume /home/runner/work/ozone/ozone/hadoop-ozone/integration-test/target/test-dir/MiniOzoneClusterImpl-b501fab0-540e-4575-af6e-dde2336b059e/ozone-meta/datanode-9/ratis
2024-05-24 07:48:48,960 [b4e39294-6870-4830-abfa-7517d5dcbfab-EndpointStateMachineTaskThread-/0.0.0.0:15002-0 ] INFO  ozoneimpl.OzoneContainer (OzoneContainer.java:start(459)) - Attempting to start container services.
2024-05-24 07:48:48,960 [b4e39294-6870-4830-abfa-7517d5dcbfab-EndpointStateMachineTaskThread-/0.0.0.0:15002-0 ] WARN  ozoneimpl.OnDemandContainerDataScanner (OnDemandContainerDataScanner.java:init(75)) - Trying to initialize on demand scanner a second time on a datanode.
2024-05-24 07:48:48,960 [ContainerMetadataScanner] INFO  ozoneimpl.AbstractBackgroundContainerScanner (AbstractBackgroundContainerScanner.java:runIteration(87)) - Completed an iteration in 0 minutes. Number of iterations (since the data-node restart) : 1, Number of containers scanned in this iteration : 0, Number of unhealthy containers found in this iteration : 0
2024-05-24 07:48:48,961 [ContainerDataScanner(/home/runner/work/ozone/ozone/hadoop-ozone/integration-test/target/test-dir/MiniOzoneClusterImpl-b501fab0-540e-4575-af6e-dde2336b059e/ozone-meta/datanode-9/data-0/hdds)] INFO  ozoneimpl.AbstractBackgroundContainerScanner (AbstractBackgroundContainerScanner.java:runIteration(87)) - Completed an iteration in 0 minutes. Number of iterations (since the data-node restart) : 1, Number of containers scanned in this iteration : 0, Number of unhealthy containers found in this iteration : 0
2024-05-24 07:48:48,961 [b4e39294-6870-4830-abfa-7517d5dcbfab-EndpointStateMachineTaskThread-/0.0.0.0:15002-0 ] INFO  replication.ReplicationServer (ReplicationServer.java:start(142)) - ReplicationServer is started using port 15088
2024-05-24 07:48:48,961 [b4e39294-6870-4830-abfa-7517d5dcbfab-EndpointStateMachineTaskThread-/0.0.0.0:15002-0 ] INFO  ratis.XceiverServerRatis (XceiverServerRatis.java:start(566)) - Starting XceiverServerRatis b4e39294-6870-4830-abfa-7517d5dcbfab
2024-05-24 07:48:48,962 [b4e39294-6870-4830-abfa-7517d5dcbfab-EndpointStateMachineTaskThread-/0.0.0.0:15002-0 ] INFO  server.RaftServer (RaftServerProxy.java:startImpl(406)) - b4e39294-6870-4830-abfa-7517d5dcbfab: start RPC server
2024-05-24 07:48:48,963 [b4e39294-6870-4830-abfa-7517d5dcbfab-EndpointStateMachineTaskThread-/0.0.0.0:15002-0 ] INFO  server.GrpcService (GrpcService.java:startImpl(302)) - b4e39294-6870-4830-abfa-7517d5dcbfab: GrpcService started, listening on 15084
2024-05-24 07:48:48,963 [b4e39294-6870-4830-abfa-7517d5dcbfab-EndpointStateMachineTaskThread-/0.0.0.0:15002-0 ] INFO  server.GrpcService (GrpcService.java:startImpl(302)) - b4e39294-6870-4830-abfa-7517d5dcbfab: GrpcService started, listening on 15086
2024-05-24 07:48:48,963 [b4e39294-6870-4830-abfa-7517d5dcbfab-EndpointStateMachineTaskThread-/0.0.0.0:15002-0 ] INFO  server.GrpcService (GrpcService.java:startImpl(302)) - b4e39294-6870-4830-abfa-7517d5dcbfab: GrpcService started, listening on 15085
2024-05-24 07:48:48,964 [b4e39294-6870-4830-abfa-7517d5dcbfab-EndpointStateMachineTaskThread-/0.0.0.0:15002-0 ] INFO  ratis.XceiverServerRatis (XceiverServerRatis.java:getRealPort(592)) - XceiverServerRatis b4e39294-6870-4830-abfa-7517d5dcbfab is started using port 15084 for RATIS
2024-05-24 07:48:48,964 [JvmPauseMonitor10] INFO  util.JvmPauseMonitor (JvmPauseMonitor.java:run(146)) - JvmPauseMonitor-b4e39294-6870-4830-abfa-7517d5dcbfab: Started
2024-05-24 07:48:48,964 [b4e39294-6870-4830-abfa-7517d5dcbfab-EndpointStateMachineTaskThread-/0.0.0.0:15002-0 ] INFO  ratis.XceiverServerRatis (XceiverServerRatis.java:getRealPort(592)) - XceiverServerRatis b4e39294-6870-4830-abfa-7517d5dcbfab is started using port 15085 for RATIS_ADMIN
2024-05-24 07:48:48,964 [b4e39294-6870-4830-abfa-7517d5dcbfab-EndpointStateMachineTaskThread-/0.0.0.0:15002-0 ] INFO  ratis.XceiverServerRatis (XceiverServerRatis.java:getRealPort(592)) - XceiverServerRatis b4e39294-6870-4830-abfa-7517d5dcbfab is started using port 15086 for RATIS_SERVER
2024-05-24 07:48:48,964 [b4e39294-6870-4830-abfa-7517d5dcbfab-EndpointStateMachineTaskThread-/0.0.0.0:15002-0 ] INFO  ratis.XceiverServerRatis (XceiverServerRatis.java:getRealPort(592)) - XceiverServerRatis b4e39294-6870-4830-abfa-7517d5dcbfab is started using port 15087 for RATIS_DATASTREAM
2024-05-24 07:48:48,965 [b4e39294-6870-4830-abfa-7517d5dcbfab-BlockDeletingService#0] INFO  interfaces.ContainerDeletionChoosingPolicyTemplate (ContainerDeletionChoosingPolicyTemplate.java:chooseContainerForBlockDeletion(85)) - Chosen 0/5000 blocks from 0 candidate containers.
2024-05-24 07:48:49,019 [main] INFO  ozone.MiniOzoneClusterImpl (MiniOzoneClusterImpl.java:lambda$waitForClusterToBeReady$0(194)) - Waiting for nodes to be ready. Got 0 of 10 DN Heartbeats.
2024-05-24 07:48:49,019 [main] INFO  ozone.MiniOzoneClusterImpl (MiniOzoneClusterImpl.java:lambda$waitForClusterToBeReady$0(197)) - Waiting for cluster to exit safe mode
2024-05-24 07:48:49,019 [main] INFO  ozone.MiniOzoneClusterImpl (MiniOzoneClusterImpl.java:lambda$waitForClusterToBeReady$0(199)) - SCM became leader
2024-05-24 07:48:49,037 [456fd1aa-12b1-4be7-a527-595ee8ec60c1-EndpointStateMachineTaskThread-/0.0.0.0:15002-0 ] INFO  utils.DatanodeStoreCache (DatanodeStoreCache.java:addDB(72)) - Added db /home/runner/work/ozone/ozone/hadoop-ozone/integration-test/target/test-dir/MiniOzoneClusterImpl-b501fab0-540e-4575-af6e-dde2336b059e/ozone-meta/datanode-10/data-0/hdds/b501fab0-540e-4575-af6e-dde2336b059e/DS-0d0d7ebc-98cc-4eeb-acc5-99e63f8a7b17/container.db to cache
2024-05-24 07:48:49,037 [456fd1aa-12b1-4be7-a527-595ee8ec60c1-EndpointStateMachineTaskThread-/0.0.0.0:15002-0 ] INFO  volume.HddsVolume (HddsVolume.java:createDbStore(437)) - SchemaV3 db is created and loaded at /home/runner/work/ozone/ozone/hadoop-ozone/integration-test/target/test-dir/MiniOzoneClusterImpl-b501fab0-540e-4575-af6e-dde2336b059e/ozone-meta/datanode-10/data-0/hdds/b501fab0-540e-4575-af6e-dde2336b059e/DS-0d0d7ebc-98cc-4eeb-acc5-99e63f8a7b17/container.db for volume DS-0d0d7ebc-98cc-4eeb-acc5-99e63f8a7b17
2024-05-24 07:48:49,038 [456fd1aa-12b1-4be7-a527-595ee8ec60c1-ContainerReader-0] INFO  ozoneimpl.ContainerReader (ContainerReader.java:readVolume(148)) - Start to verify containers on volume /home/runner/work/ozone/ozone/hadoop-ozone/integration-test/target/test-dir/MiniOzoneClusterImpl-b501fab0-540e-4575-af6e-dde2336b059e/ozone-meta/datanode-10/data-0/hdds
2024-05-24 07:48:49,038 [456fd1aa-12b1-4be7-a527-595ee8ec60c1-ContainerReader-0] INFO  ozoneimpl.ContainerReader (ContainerReader.java:readVolume(178)) - Finish verifying containers on volume /home/runner/work/ozone/ozone/hadoop-ozone/integration-test/target/test-dir/MiniOzoneClusterImpl-b501fab0-540e-4575-af6e-dde2336b059e/ozone-meta/datanode-10/data-0/hdds
2024-05-24 07:48:49,039 [456fd1aa-12b1-4be7-a527-595ee8ec60c1-EndpointStateMachineTaskThread-/0.0.0.0:15002-0 ] INFO  ozoneimpl.OzoneContainer (OzoneContainer.java:buildContainerSet(328)) - Build ContainerSet costs 0s
2024-05-24 07:48:49,039 [456fd1aa-12b1-4be7-a527-595ee8ec60c1-EndpointStateMachineTaskThread-/0.0.0.0:15002-0 ] INFO  volume.ThrottledAsyncChecker (ThrottledAsyncChecker.java:schedule(141)) - Scheduling a check for /home/runner/work/ozone/ozone/hadoop-ozone/integration-test/target/test-dir/MiniOzoneClusterImpl-b501fab0-540e-4575-af6e-dde2336b059e/ozone-meta/datanode-10/data-0/hdds
2024-05-24 07:48:49,039 [456fd1aa-12b1-4be7-a527-595ee8ec60c1-EndpointStateMachineTaskThread-/0.0.0.0:15002-0 ] INFO  volume.StorageVolumeChecker (StorageVolumeChecker.java:checkAllVolumes(218)) - Scheduled health check for volume /home/runner/work/ozone/ozone/hadoop-ozone/integration-test/target/test-dir/MiniOzoneClusterImpl-b501fab0-540e-4575-af6e-dde2336b059e/ozone-meta/datanode-10/data-0/hdds
2024-05-24 07:48:49,040 [456fd1aa-12b1-4be7-a527-595ee8ec60c1-EndpointStateMachineTaskThread-/0.0.0.0:15002-0 ] INFO  volume.ThrottledAsyncChecker (ThrottledAsyncChecker.java:schedule(141)) - Scheduling a check for /home/runner/work/ozone/ozone/hadoop-ozone/integration-test/target/test-dir/MiniOzoneClusterImpl-b501fab0-540e-4575-af6e-dde2336b059e/ozone-meta/datanode-10/ratis
2024-05-24 07:48:49,040 [456fd1aa-12b1-4be7-a527-595ee8ec60c1-EndpointStateMachineTaskThread-/0.0.0.0:15002-0 ] INFO  volume.StorageVolumeChecker (StorageVolumeChecker.java:checkAllVolumes(218)) - Scheduled health check for volume /home/runner/work/ozone/ozone/hadoop-ozone/integration-test/target/test-dir/MiniOzoneClusterImpl-b501fab0-540e-4575-af6e-dde2336b059e/ozone-meta/datanode-10/ratis
2024-05-24 07:48:49,041 [456fd1aa-12b1-4be7-a527-595ee8ec60c1-EndpointStateMachineTaskThread-/0.0.0.0:15002-0 ] INFO  ozoneimpl.OzoneContainer (OzoneContainer.java:start(459)) - Attempting to start container services.
2024-05-24 07:48:49,041 [456fd1aa-12b1-4be7-a527-595ee8ec60c1-EndpointStateMachineTaskThread-/0.0.0.0:15002-0 ] WARN  ozoneimpl.OnDemandContainerDataScanner (OnDemandContainerDataScanner.java:init(75)) - Trying to initialize on demand scanner a second time on a datanode.
2024-05-24 07:48:49,042 [ContainerMetadataScanner] INFO  ozoneimpl.AbstractBackgroundContainerScanner (AbstractBackgroundContainerScanner.java:runIteration(87)) - Completed an iteration in 0 minutes. Number of iterations (since the data-node restart) : 1, Number of containers scanned in this iteration : 0, Number of unhealthy containers found in this iteration : 0
2024-05-24 07:48:49,042 [ContainerDataScanner(/home/runner/work/ozone/ozone/hadoop-ozone/integration-test/target/test-dir/MiniOzoneClusterImpl-b501fab0-540e-4575-af6e-dde2336b059e/ozone-meta/datanode-10/data-0/hdds)] INFO  ozoneimpl.AbstractBackgroundContainerScanner (AbstractBackgroundContainerScanner.java:runIteration(87)) - Completed an iteration in 0 minutes. Number of iterations (since the data-node restart) : 1, Number of containers scanned in this iteration : 0, Number of unhealthy containers found in this iteration : 0
2024-05-24 07:48:49,042 [456fd1aa-12b1-4be7-a527-595ee8ec60c1-EndpointStateMachineTaskThread-/0.0.0.0:15002-0 ] INFO  replication.ReplicationServer (ReplicationServer.java:start(142)) - ReplicationServer is started using port 15097
2024-05-24 07:48:49,042 [456fd1aa-12b1-4be7-a527-595ee8ec60c1-EndpointStateMachineTaskThread-/0.0.0.0:15002-0 ] INFO  ratis.XceiverServerRatis (XceiverServerRatis.java:start(566)) - Starting XceiverServerRatis 456fd1aa-12b1-4be7-a527-595ee8ec60c1
2024-05-24 07:48:49,043 [456fd1aa-12b1-4be7-a527-595ee8ec60c1-EndpointStateMachineTaskThread-/0.0.0.0:15002-0 ] INFO  server.RaftServer (RaftServerProxy.java:startImpl(406)) - 456fd1aa-12b1-4be7-a527-595ee8ec60c1: start RPC server
2024-05-24 07:48:49,043 [456fd1aa-12b1-4be7-a527-595ee8ec60c1-EndpointStateMachineTaskThread-/0.0.0.0:15002-0 ] INFO  server.GrpcService (GrpcService.java:startImpl(302)) - 456fd1aa-12b1-4be7-a527-595ee8ec60c1: GrpcService started, listening on 15093
2024-05-24 07:48:49,044 [456fd1aa-12b1-4be7-a527-595ee8ec60c1-EndpointStateMachineTaskThread-/0.0.0.0:15002-0 ] INFO  server.GrpcService (GrpcService.java:startImpl(302)) - 456fd1aa-12b1-4be7-a527-595ee8ec60c1: GrpcService started, listening on 15095
2024-05-24 07:48:49,044 [456fd1aa-12b1-4be7-a527-595ee8ec60c1-EndpointStateMachineTaskThread-/0.0.0.0:15002-0 ] INFO  server.GrpcService (GrpcService.java:startImpl(302)) - 456fd1aa-12b1-4be7-a527-595ee8ec60c1: GrpcService started, listening on 15094
2024-05-24 07:48:49,044 [456fd1aa-12b1-4be7-a527-595ee8ec60c1-EndpointStateMachineTaskThread-/0.0.0.0:15002-0 ] INFO  ratis.XceiverServerRatis (XceiverServerRatis.java:getRealPort(592)) - XceiverServerRatis 456fd1aa-12b1-4be7-a527-595ee8ec60c1 is started using port 15093 for RATIS
2024-05-24 07:48:49,044 [456fd1aa-12b1-4be7-a527-595ee8ec60c1-EndpointStateMachineTaskThread-/0.0.0.0:15002-0 ] INFO  ratis.XceiverServerRatis (XceiverServerRatis.java:getRealPort(592)) - XceiverServerRatis 456fd1aa-12b1-4be7-a527-595ee8ec60c1 is started using port 15094 for RATIS_ADMIN
2024-05-24 07:48:49,044 [JvmPauseMonitor11] INFO  util.JvmPauseMonitor (JvmPauseMonitor.java:run(146)) - JvmPauseMonitor-456fd1aa-12b1-4be7-a527-595ee8ec60c1: Started
2024-05-24 07:48:49,044 [456fd1aa-12b1-4be7-a527-595ee8ec60c1-EndpointStateMachineTaskThread-/0.0.0.0:15002-0 ] INFO  ratis.XceiverServerRatis (XceiverServerRatis.java:getRealPort(592)) - XceiverServerRatis 456fd1aa-12b1-4be7-a527-595ee8ec60c1 is started using port 15095 for RATIS_SERVER
2024-05-24 07:48:49,045 [456fd1aa-12b1-4be7-a527-595ee8ec60c1-EndpointStateMachineTaskThread-/0.0.0.0:15002-0 ] INFO  ratis.XceiverServerRatis (XceiverServerRatis.java:getRealPort(592)) - XceiverServerRatis 456fd1aa-12b1-4be7-a527-595ee8ec60c1 is started using port 15096 for RATIS_DATASTREAM
2024-05-24 07:48:49,046 [456fd1aa-12b1-4be7-a527-595ee8ec60c1-BlockDeletingService#0] INFO  interfaces.ContainerDeletionChoosingPolicyTemplate (ContainerDeletionChoosingPolicyTemplate.java:chooseContainerForBlockDeletion(85)) - Chosen 0/5000 blocks from 0 candidate containers.
2024-05-24 07:48:49,946 [IPC Server handler 2 on default port 15002] INFO  net.NetworkTopologyImpl (NetworkTopologyImpl.java:add(134)) - Added a new node: /default-rack/5319acd4-0e99-4000-a29b-b8c741da6a3d
2024-05-24 07:48:49,948 [IPC Server handler 2 on default port 15002] INFO  node.SCMNodeManager (SCMNodeManager.java:register(421)) - Registered datanode: 5319acd4-0e99-4000-a29b-b8c741da6a3d{ip: 127.0.0.1, host: localhost, ports: [HTTP=15009, CLIENT_RPC=15010, REPLICATION=15016, RATIS=15012, RATIS_ADMIN=15013, RATIS_SERVER=15014, RATIS_DATASTREAM=15015, STANDALONE=15011], networkLocation: /default-rack, certSerialId: null, persistedOpState: null, persistedOpStateExpiryEpochSec: 0}
2024-05-24 07:48:49,951 [EventQueue-NewNodeForNewNodeHandler] INFO  pipeline.BackgroundPipelineCreator (BackgroundPipelineCreator.java:notifyEventTriggered(280)) - trigger a one-shot run on RatisPipelineUtilsThread.
2024-05-24 07:48:49,951 [EventQueue-NodeRegistrationContainerReportForDataNodeSafeModeRule] INFO  safemode.SCMSafeModeManager (DataNodeSafeModeRule.java:process(71)) - SCM in safe mode. 1 DataNodes registered, 3 required.
2024-05-24 07:48:49,952 [EventQueue-NodeRegistrationContainerReportForContainerSafeModeRule] INFO  safemode.SCMSafeModeManager (SCMSafeModeManager.java:validateSafeModeExitRules(203)) - ContainerSafeModeRule rule is successfully validated
2024-05-24 07:48:49,953 [EventQueue-PipelineReportForOneReplicaPipelineSafeModeRule] INFO  safemode.SCMSafeModeManager (SCMSafeModeManager.java:validateSafeModeExitRules(203)) - AtleastOneDatanodeReportedRule rule is successfully validated
2024-05-24 07:48:49,956 [RatisPipelineUtilsThread-0] INFO  pipeline.RatisPipelineProvider (RatisPipelineProvider.java:lambda$create$0(205)) - Sending CreatePipelineCommand for pipeline:PipelineID=f66052d6-492c-4182-89f9-ecf98fefc7d0 to datanode:5319acd4-0e99-4000-a29b-b8c741da6a3d
2024-05-24 07:48:49,978 [RatisPipelineUtilsThread-0] INFO  pipeline.BackgroundPipelineCreator (BackgroundPipelineCreator.java:createPipelines(236)) - Created new pipeline Pipeline[ Id: f66052d6-492c-4182-89f9-ecf98fefc7d0, Nodes: 5319acd4-0e99-4000-a29b-b8c741da6a3d(localhost/127.0.0.1), ReplicationConfig: RATIS/ONE, State:ALLOCATED, leaderId:, CreationTimestamp2024-05-24T07:48:49.955581303Z[Etc/UTC]]
2024-05-24 07:48:50,020 [main] INFO  ozone.MiniOzoneClusterImpl (MiniOzoneClusterImpl.java:lambda$waitForClusterToBeReady$0(194)) - Waiting for nodes to be ready. Got 1 of 10 DN Heartbeats.
2024-05-24 07:48:50,020 [main] INFO  ozone.MiniOzoneClusterImpl (MiniOzoneClusterImpl.java:lambda$waitForClusterToBeReady$0(197)) - Waiting for cluster to exit safe mode
2024-05-24 07:48:50,020 [main] INFO  ozone.MiniOzoneClusterImpl (MiniOzoneClusterImpl.java:lambda$waitForClusterToBeReady$0(199)) - SCM became leader
2024-05-24 07:48:50,107 [IPC Server handler 3 on default port 15002] INFO  net.NetworkTopologyImpl (NetworkTopologyImpl.java:add(134)) - Added a new node: /default-rack/5de18b20-4c2d-46f3-add3-84b533bc57c8
2024-05-24 07:48:50,107 [IPC Server handler 3 on default port 15002] INFO  node.SCMNodeManager (SCMNodeManager.java:register(421)) - Registered datanode: 5de18b20-4c2d-46f3-add3-84b533bc57c8{ip: 127.0.0.1, host: localhost, ports: [HTTP=15018, CLIENT_RPC=15019, REPLICATION=15025, RATIS=15021, RATIS_ADMIN=15022, RATIS_SERVER=15023, RATIS_DATASTREAM=15024, STANDALONE=15020], networkLocation: /default-rack, certSerialId: null, persistedOpState: null, persistedOpStateExpiryEpochSec: 0}
2024-05-24 07:48:50,107 [EventQueue-NodeRegistrationContainerReportForDataNodeSafeModeRule] INFO  safemode.SCMSafeModeManager (DataNodeSafeModeRule.java:process(71)) - SCM in safe mode. 2 DataNodes registered, 3 required.
2024-05-24 07:48:50,108 [EventQueue-NewNodeForNewNodeHandler] INFO  pipeline.BackgroundPipelineCreator (BackgroundPipelineCreator.java:notifyEventTriggered(280)) - trigger a one-shot run on RatisPipelineUtilsThread.
2024-05-24 07:48:50,108 [RatisPipelineUtilsThread-0] INFO  pipeline.RatisPipelineProvider (RatisPipelineProvider.java:lambda$create$0(205)) - Sending CreatePipelineCommand for pipeline:PipelineID=ce5d9c1a-b199-4f2c-bacd-3876656d7b98 to datanode:5de18b20-4c2d-46f3-add3-84b533bc57c8
2024-05-24 07:48:50,109 [RatisPipelineUtilsThread-0] INFO  pipeline.BackgroundPipelineCreator (BackgroundPipelineCreator.java:createPipelines(236)) - Created new pipeline Pipeline[ Id: ce5d9c1a-b199-4f2c-bacd-3876656d7b98, Nodes: 5de18b20-4c2d-46f3-add3-84b533bc57c8(localhost/127.0.0.1), ReplicationConfig: RATIS/ONE, State:ALLOCATED, leaderId:, CreationTimestamp2024-05-24T07:48:50.108488126Z[Etc/UTC]]
2024-05-24 07:48:50,254 [IPC Server handler 4 on default port 15002] INFO  net.NetworkTopologyImpl (NetworkTopologyImpl.java:add(134)) - Added a new node: /default-rack/0f6129c7-dda1-4d42-8d75-6a3ef1e9116c
2024-05-24 07:48:50,254 [IPC Server handler 4 on default port 15002] INFO  node.SCMNodeManager (SCMNodeManager.java:register(421)) - Registered datanode: 0f6129c7-dda1-4d42-8d75-6a3ef1e9116c{ip: 127.0.0.1, host: localhost, ports: [HTTP=15027, CLIENT_RPC=15028, REPLICATION=15034, RATIS=15030, RATIS_ADMIN=15031, RATIS_SERVER=15032, RATIS_DATASTREAM=15033, STANDALONE=15029], networkLocation: /default-rack, certSerialId: null, persistedOpState: null, persistedOpStateExpiryEpochSec: 0}
2024-05-24 07:48:50,254 [EventQueue-NodeRegistrationContainerReportForDataNodeSafeModeRule] INFO  safemode.SCMSafeModeManager (DataNodeSafeModeRule.java:process(71)) - SCM in safe mode. 3 DataNodes registered, 3 required.
2024-05-24 07:48:50,254 [EventQueue-NodeRegistrationContainerReportForDataNodeSafeModeRule] INFO  safemode.SCMSafeModeManager (SCMSafeModeManager.java:validateSafeModeExitRules(203)) - DataNodeSafeModeRule rule is successfully validated
2024-05-24 07:48:50,254 [EventQueue-NodeRegistrationContainerReportForDataNodeSafeModeRule] INFO  safemode.SCMSafeModeManager (SCMSafeModeManager.java:completePreCheck(232)) - All SCM safe mode pre check rules have passed
2024-05-24 07:48:50,255 [EventQueue-NodeRegistrationContainerReportForDataNodeSafeModeRule] INFO  ha.SCMContext (SCMContext.java:updateSafeModeStatus(225)) - Update SafeModeStatus from SafeModeStatus{safeModeStatus=true, preCheckPassed=false} to SafeModeStatus{safeModeStatus=true, preCheckPassed=true}.
2024-05-24 07:48:50,255 [EventQueue-NewNodeForNewNodeHandler] INFO  pipeline.BackgroundPipelineCreator (BackgroundPipelineCreator.java:notifyEventTriggered(280)) - trigger a one-shot run on RatisPipelineUtilsThread.
2024-05-24 07:48:50,255 [EventQueue-NodeRegistrationContainerReportForDataNodeSafeModeRule] INFO  pipeline.BackgroundPipelineCreator (BackgroundPipelineCreator.java:notifyEventTriggered(280)) - trigger a one-shot run on RatisPipelineUtilsThread.
2024-05-24 07:48:50,255 [RatisPipelineUtilsThread-0] INFO  pipeline.RatisPipelineProvider (RatisPipelineProvider.java:lambda$create$0(205)) - Sending CreatePipelineCommand for pipeline:PipelineID=a4b797f7-9373-458b-9b60-e9f133bd6d6f to datanode:0f6129c7-dda1-4d42-8d75-6a3ef1e9116c
2024-05-24 07:48:50,256 [RatisPipelineUtilsThread-0] INFO  pipeline.BackgroundPipelineCreator (BackgroundPipelineCreator.java:createPipelines(236)) - Created new pipeline Pipeline[ Id: a4b797f7-9373-458b-9b60-e9f133bd6d6f, Nodes: 0f6129c7-dda1-4d42-8d75-6a3ef1e9116c(localhost/127.0.0.1), ReplicationConfig: RATIS/ONE, State:ALLOCATED, leaderId:, CreationTimestamp2024-05-24T07:48:50.255598521Z[Etc/UTC]]
2024-05-24 07:48:50,259 [RatisPipelineUtilsThread-0] INFO  pipeline.RatisPipelineProvider (RatisPipelineProvider.java:lambda$create$0(205)) - Sending CreatePipelineCommand for pipeline:PipelineID=7028361f-0303-446a-8936-0f5cf8f748cf to datanode:5319acd4-0e99-4000-a29b-b8c741da6a3d
2024-05-24 07:48:50,259 [RatisPipelineUtilsThread-0] INFO  pipeline.RatisPipelineProvider (RatisPipelineProvider.java:lambda$create$0(205)) - Sending CreatePipelineCommand for pipeline:PipelineID=7028361f-0303-446a-8936-0f5cf8f748cf to datanode:5de18b20-4c2d-46f3-add3-84b533bc57c8
2024-05-24 07:48:50,259 [RatisPipelineUtilsThread-0] INFO  pipeline.RatisPipelineProvider (RatisPipelineProvider.java:lambda$create$0(205)) - Sending CreatePipelineCommand for pipeline:PipelineID=7028361f-0303-446a-8936-0f5cf8f748cf to datanode:0f6129c7-dda1-4d42-8d75-6a3ef1e9116c
2024-05-24 07:48:50,261 [RatisPipelineUtilsThread-0] INFO  pipeline.BackgroundPipelineCreator (BackgroundPipelineCreator.java:createPipelines(236)) - Created new pipeline Pipeline[ Id: 7028361f-0303-446a-8936-0f5cf8f748cf, Nodes: 5319acd4-0e99-4000-a29b-b8c741da6a3d(localhost/127.0.0.1)5de18b20-4c2d-46f3-add3-84b533bc57c8(localhost/127.0.0.1)0f6129c7-dda1-4d42-8d75-6a3ef1e9116c(localhost/127.0.0.1), ReplicationConfig: RATIS/THREE, State:ALLOCATED, leaderId:, CreationTimestamp2024-05-24T07:48:50.259571744Z[Etc/UTC]]
2024-05-24 07:48:50,262 [RatisPipelineUtilsThread-0] INFO  pipeline.RatisPipelineProvider (RatisPipelineProvider.java:lambda$create$0(205)) - Sending CreatePipelineCommand for pipeline:PipelineID=a57048c3-2bca-4495-b2d7-b173462f687e to datanode:0f6129c7-dda1-4d42-8d75-6a3ef1e9116c
2024-05-24 07:48:50,262 [RatisPipelineUtilsThread-0] INFO  pipeline.RatisPipelineProvider (RatisPipelineProvider.java:lambda$create$0(205)) - Sending CreatePipelineCommand for pipeline:PipelineID=a57048c3-2bca-4495-b2d7-b173462f687e to datanode:5319acd4-0e99-4000-a29b-b8c741da6a3d
2024-05-24 07:48:50,262 [RatisPipelineUtilsThread-0] INFO  pipeline.RatisPipelineProvider (RatisPipelineProvider.java:lambda$create$0(205)) - Sending CreatePipelineCommand for pipeline:PipelineID=a57048c3-2bca-4495-b2d7-b173462f687e to datanode:5de18b20-4c2d-46f3-add3-84b533bc57c8
2024-05-24 07:48:50,263 [RatisPipelineUtilsThread-0] INFO  pipeline.PipelineManagerImpl (PipelineManagerImpl.java:recordMetricsForPipeline(916)) - Pipeline: PipelineID=a57048c3-2bca-4495-b2d7-b173462f687e contains same datanodes as previous pipelines: PipelineID=7028361f-0303-446a-8936-0f5cf8f748cf nodeIds: 0f6129c7-dda1-4d42-8d75-6a3ef1e9116c, 5319acd4-0e99-4000-a29b-b8c741da6a3d, 5de18b20-4c2d-46f3-add3-84b533bc57c8
2024-05-24 07:48:50,263 [RatisPipelineUtilsThread-0] INFO  pipeline.BackgroundPipelineCreator (BackgroundPipelineCreator.java:createPipelines(236)) - Created new pipeline Pipeline[ Id: a57048c3-2bca-4495-b2d7-b173462f687e, Nodes: 0f6129c7-dda1-4d42-8d75-6a3ef1e9116c(localhost/127.0.0.1)5319acd4-0e99-4000-a29b-b8c741da6a3d(localhost/127.0.0.1)5de18b20-4c2d-46f3-add3-84b533bc57c8(localhost/127.0.0.1), ReplicationConfig: RATIS/THREE, State:ALLOCATED, leaderId:, CreationTimestamp2024-05-24T07:48:50.261995472Z[Etc/UTC]]
2024-05-24 07:48:50,380 [IPC Server handler 5 on default port 15002] INFO  net.NetworkTopologyImpl (NetworkTopologyImpl.java:add(134)) - Added a new node: /default-rack/db578ef5-4e1f-4da7-abbd-ff28012a31de
2024-05-24 07:48:50,380 [IPC Server handler 5 on default port 15002] INFO  node.SCMNodeManager (SCMNodeManager.java:register(421)) - Registered datanode: db578ef5-4e1f-4da7-abbd-ff28012a31de{ip: 127.0.0.1, host: localhost, ports: [HTTP=15036, CLIENT_RPC=15037, REPLICATION=15043, RATIS=15039, RATIS_ADMIN=15040, RATIS_SERVER=15041, RATIS_DATASTREAM=15042, STANDALONE=15038], networkLocation: /default-rack, certSerialId: null, persistedOpState: null, persistedOpStateExpiryEpochSec: 0}
2024-05-24 07:48:50,381 [EventQueue-NewNodeForNewNodeHandler] INFO  pipeline.BackgroundPipelineCreator (BackgroundPipelineCreator.java:notifyEventTriggered(280)) - trigger a one-shot run on RatisPipelineUtilsThread.
2024-05-24 07:48:50,381 [RatisPipelineUtilsThread-0] INFO  pipeline.RatisPipelineProvider (RatisPipelineProvider.java:lambda$create$0(205)) - Sending CreatePipelineCommand for pipeline:PipelineID=19fb7f9a-fab2-45a7-a966-fc6f4ee8b27e to datanode:db578ef5-4e1f-4da7-abbd-ff28012a31de
2024-05-24 07:48:50,383 [RatisPipelineUtilsThread-0] INFO  pipeline.BackgroundPipelineCreator (BackgroundPipelineCreator.java:createPipelines(236)) - Created new pipeline Pipeline[ Id: 19fb7f9a-fab2-45a7-a966-fc6f4ee8b27e, Nodes: db578ef5-4e1f-4da7-abbd-ff28012a31de(localhost/127.0.0.1), ReplicationConfig: RATIS/ONE, State:ALLOCATED, leaderId:, CreationTimestamp2024-05-24T07:48:50.381874713Z[Etc/UTC]]
2024-05-24 07:48:50,485 [IPC Server handler 6 on default port 15002] INFO  net.NetworkTopologyImpl (NetworkTopologyImpl.java:add(134)) - Added a new node: /default-rack/713fd2b4-03fd-4bcc-8950-4119d378f2ca
2024-05-24 07:48:50,486 [IPC Server handler 6 on default port 15002] INFO  node.SCMNodeManager (SCMNodeManager.java:register(421)) - Registered datanode: 713fd2b4-03fd-4bcc-8950-4119d378f2ca{ip: 127.0.0.1, host: localhost, ports: [HTTP=15045, CLIENT_RPC=15046, REPLICATION=15052, RATIS=15048, RATIS_ADMIN=15049, RATIS_SERVER=15050, RATIS_DATASTREAM=15051, STANDALONE=15047], networkLocation: /default-rack, certSerialId: null, persistedOpState: null, persistedOpStateExpiryEpochSec: 0}
2024-05-24 07:48:50,486 [EventQueue-NewNodeForNewNodeHandler] INFO  pipeline.BackgroundPipelineCreator (BackgroundPipelineCreator.java:notifyEventTriggered(280)) - trigger a one-shot run on RatisPipelineUtilsThread.
2024-05-24 07:48:50,486 [RatisPipelineUtilsThread-0] INFO  pipeline.RatisPipelineProvider (RatisPipelineProvider.java:lambda$create$0(205)) - Sending CreatePipelineCommand for pipeline:PipelineID=9cfd513b-6a01-4802-b4ad-42eb65381063 to datanode:713fd2b4-03fd-4bcc-8950-4119d378f2ca
2024-05-24 07:48:50,488 [RatisPipelineUtilsThread-0] INFO  pipeline.BackgroundPipelineCreator (BackgroundPipelineCreator.java:createPipelines(236)) - Created new pipeline Pipeline[ Id: 9cfd513b-6a01-4802-b4ad-42eb65381063, Nodes: 713fd2b4-03fd-4bcc-8950-4119d378f2ca(localhost/127.0.0.1), ReplicationConfig: RATIS/ONE, State:ALLOCATED, leaderId:, CreationTimestamp2024-05-24T07:48:50.486829075Z[Etc/UTC]]
2024-05-24 07:48:50,612 [IPC Server handler 7 on default port 15002] INFO  net.NetworkTopologyImpl (NetworkTopologyImpl.java:add(134)) - Added a new node: /default-rack/e689b99c-fc0b-4611-bf51-e78d9991fc84
2024-05-24 07:48:50,612 [IPC Server handler 7 on default port 15002] INFO  node.SCMNodeManager (SCMNodeManager.java:register(421)) - Registered datanode: e689b99c-fc0b-4611-bf51-e78d9991fc84{ip: 127.0.0.1, host: localhost, ports: [HTTP=15054, CLIENT_RPC=15055, REPLICATION=15061, RATIS=15057, RATIS_ADMIN=15058, RATIS_SERVER=15059, RATIS_DATASTREAM=15060, STANDALONE=15056], networkLocation: /default-rack, certSerialId: null, persistedOpState: null, persistedOpStateExpiryEpochSec: 0}
2024-05-24 07:48:50,613 [EventQueue-NewNodeForNewNodeHandler] INFO  pipeline.BackgroundPipelineCreator (BackgroundPipelineCreator.java:notifyEventTriggered(280)) - trigger a one-shot run on RatisPipelineUtilsThread.
2024-05-24 07:48:50,613 [RatisPipelineUtilsThread-0] INFO  pipeline.RatisPipelineProvider (RatisPipelineProvider.java:lambda$create$0(205)) - Sending CreatePipelineCommand for pipeline:PipelineID=bb2e7472-79c0-4ac8-bd55-83ecf5310756 to datanode:e689b99c-fc0b-4611-bf51-e78d9991fc84
2024-05-24 07:48:50,614 [RatisPipelineUtilsThread-0] INFO  pipeline.BackgroundPipelineCreator (BackgroundPipelineCreator.java:createPipelines(236)) - Created new pipeline Pipeline[ Id: bb2e7472-79c0-4ac8-bd55-83ecf5310756, Nodes: e689b99c-fc0b-4611-bf51-e78d9991fc84(localhost/127.0.0.1), ReplicationConfig: RATIS/ONE, State:ALLOCATED, leaderId:, CreationTimestamp2024-05-24T07:48:50.613691838Z[Etc/UTC]]
2024-05-24 07:48:50,615 [RatisPipelineUtilsThread-0] INFO  pipeline.RatisPipelineProvider (RatisPipelineProvider.java:lambda$create$0(205)) - Sending CreatePipelineCommand for pipeline:PipelineID=6091da91-ea71-4480-9c60-df8dc201cebc to datanode:713fd2b4-03fd-4bcc-8950-4119d378f2ca
2024-05-24 07:48:50,615 [RatisPipelineUtilsThread-0] INFO  pipeline.RatisPipelineProvider (RatisPipelineProvider.java:lambda$create$0(205)) - Sending CreatePipelineCommand for pipeline:PipelineID=6091da91-ea71-4480-9c60-df8dc201cebc to datanode:db578ef5-4e1f-4da7-abbd-ff28012a31de
2024-05-24 07:48:50,615 [RatisPipelineUtilsThread-0] INFO  pipeline.RatisPipelineProvider (RatisPipelineProvider.java:lambda$create$0(205)) - Sending CreatePipelineCommand for pipeline:PipelineID=6091da91-ea71-4480-9c60-df8dc201cebc to datanode:e689b99c-fc0b-4611-bf51-e78d9991fc84
2024-05-24 07:48:50,616 [RatisPipelineUtilsThread-0] INFO  pipeline.BackgroundPipelineCreator (BackgroundPipelineCreator.java:createPipelines(236)) - Created new pipeline Pipeline[ Id: 6091da91-ea71-4480-9c60-df8dc201cebc, Nodes: 713fd2b4-03fd-4bcc-8950-4119d378f2ca(localhost/127.0.0.1)db578ef5-4e1f-4da7-abbd-ff28012a31de(localhost/127.0.0.1)e689b99c-fc0b-4611-bf51-e78d9991fc84(localhost/127.0.0.1), ReplicationConfig: RATIS/THREE, State:ALLOCATED, leaderId:, CreationTimestamp2024-05-24T07:48:50.615262744Z[Etc/UTC]]
2024-05-24 07:48:50,617 [RatisPipelineUtilsThread-0] INFO  pipeline.RatisPipelineProvider (RatisPipelineProvider.java:lambda$create$0(205)) - Sending CreatePipelineCommand for pipeline:PipelineID=8878c401-de30-425e-a266-332c9e309ca1 to datanode:e689b99c-fc0b-4611-bf51-e78d9991fc84
2024-05-24 07:48:50,617 [RatisPipelineUtilsThread-0] INFO  pipeline.RatisPipelineProvider (RatisPipelineProvider.java:lambda$create$0(205)) - Sending CreatePipelineCommand for pipeline:PipelineID=8878c401-de30-425e-a266-332c9e309ca1 to datanode:db578ef5-4e1f-4da7-abbd-ff28012a31de
2024-05-24 07:48:50,617 [RatisPipelineUtilsThread-0] INFO  pipeline.RatisPipelineProvider (RatisPipelineProvider.java:lambda$create$0(205)) - Sending CreatePipelineCommand for pipeline:PipelineID=8878c401-de30-425e-a266-332c9e309ca1 to datanode:713fd2b4-03fd-4bcc-8950-4119d378f2ca
2024-05-24 07:48:50,618 [RatisPipelineUtilsThread-0] INFO  pipeline.PipelineManagerImpl (PipelineManagerImpl.java:recordMetricsForPipeline(916)) - Pipeline: PipelineID=8878c401-de30-425e-a266-332c9e309ca1 contains same datanodes as previous pipelines: PipelineID=6091da91-ea71-4480-9c60-df8dc201cebc nodeIds: e689b99c-fc0b-4611-bf51-e78d9991fc84, db578ef5-4e1f-4da7-abbd-ff28012a31de, 713fd2b4-03fd-4bcc-8950-4119d378f2ca
2024-05-24 07:48:50,618 [RatisPipelineUtilsThread-0] INFO  pipeline.BackgroundPipelineCreator (BackgroundPipelineCreator.java:createPipelines(236)) - Created new pipeline Pipeline[ Id: 8878c401-de30-425e-a266-332c9e309ca1, Nodes: e689b99c-fc0b-4611-bf51-e78d9991fc84(localhost/127.0.0.1)db578ef5-4e1f-4da7-abbd-ff28012a31de(localhost/127.0.0.1)713fd2b4-03fd-4bcc-8950-4119d378f2ca(localhost/127.0.0.1), ReplicationConfig: RATIS/THREE, State:ALLOCATED, leaderId:, CreationTimestamp2024-05-24T07:48:50.617531597Z[Etc/UTC]]
2024-05-24 07:48:50,694 [IPC Server handler 8 on default port 15002] INFO  net.NetworkTopologyImpl (NetworkTopologyImpl.java:add(134)) - Added a new node: /default-rack/26f71362-a48a-41de-9ada-52ca0d6b3643
2024-05-24 07:48:50,695 [IPC Server handler 8 on default port 15002] INFO  node.SCMNodeManager (SCMNodeManager.java:register(421)) - Registered datanode: 26f71362-a48a-41de-9ada-52ca0d6b3643{ip: 127.0.0.1, host: localhost, ports: [HTTP=15063, CLIENT_RPC=15064, REPLICATION=15070, RATIS=15066, RATIS_ADMIN=15067, RATIS_SERVER=15068, RATIS_DATASTREAM=15069, STANDALONE=15065], networkLocation: /default-rack, certSerialId: null, persistedOpState: null, persistedOpStateExpiryEpochSec: 0}
2024-05-24 07:48:50,695 [EventQueue-NewNodeForNewNodeHandler] INFO  pipeline.BackgroundPipelineCreator (BackgroundPipelineCreator.java:notifyEventTriggered(280)) - trigger a one-shot run on RatisPipelineUtilsThread.
2024-05-24 07:48:50,696 [RatisPipelineUtilsThread-0] INFO  pipeline.RatisPipelineProvider (RatisPipelineProvider.java:lambda$create$0(205)) - Sending CreatePipelineCommand for pipeline:PipelineID=206a06aa-c7c2-4e12-be68-22b4a15544e8 to datanode:26f71362-a48a-41de-9ada-52ca0d6b3643
2024-05-24 07:48:50,697 [RatisPipelineUtilsThread-0] INFO  pipeline.BackgroundPipelineCreator (BackgroundPipelineCreator.java:createPipelines(236)) - Created new pipeline Pipeline[ Id: 206a06aa-c7c2-4e12-be68-22b4a15544e8, Nodes: 26f71362-a48a-41de-9ada-52ca0d6b3643(localhost/127.0.0.1), ReplicationConfig: RATIS/ONE, State:ALLOCATED, leaderId:, CreationTimestamp2024-05-24T07:48:50.695983548Z[Etc/UTC]]
2024-05-24 07:48:50,833 [IPC Server handler 0 on default port 15002] INFO  net.NetworkTopologyImpl (NetworkTopologyImpl.java:add(134)) - Added a new node: /default-rack/9cef26bd-fad7-4006-851f-097a618c2ff8
2024-05-24 07:48:50,833 [IPC Server handler 0 on default port 15002] INFO  node.SCMNodeManager (SCMNodeManager.java:register(421)) - Registered datanode: 9cef26bd-fad7-4006-851f-097a618c2ff8{ip: 127.0.0.1, host: localhost, ports: [HTTP=15072, CLIENT_RPC=15073, REPLICATION=15079, RATIS=15075, RATIS_ADMIN=15076, RATIS_SERVER=15077, RATIS_DATASTREAM=15078, STANDALONE=15074], networkLocation: /default-rack, certSerialId: null, persistedOpState: null, persistedOpStateExpiryEpochSec: 0}
2024-05-24 07:48:50,834 [EventQueue-NewNodeForNewNodeHandler] INFO  pipeline.BackgroundPipelineCreator (BackgroundPipelineCreator.java:notifyEventTriggered(280)) - trigger a one-shot run on RatisPipelineUtilsThread.
2024-05-24 07:48:50,835 [RatisPipelineUtilsThread-0] INFO  pipeline.RatisPipelineProvider (RatisPipelineProvider.java:lambda$create$0(205)) - Sending CreatePipelineCommand for pipeline:PipelineID=690f895d-7d68-4613-bc2a-6af30226e65e to datanode:9cef26bd-fad7-4006-851f-097a618c2ff8
2024-05-24 07:48:50,837 [RatisPipelineUtilsThread-0] INFO  pipeline.BackgroundPipelineCreator (BackgroundPipelineCreator.java:createPipelines(236)) - Created new pipeline Pipeline[ Id: 690f895d-7d68-4613-bc2a-6af30226e65e, Nodes: 9cef26bd-fad7-4006-851f-097a618c2ff8(localhost/127.0.0.1), ReplicationConfig: RATIS/ONE, State:ALLOCATED, leaderId:, CreationTimestamp2024-05-24T07:48:50.835578207Z[Etc/UTC]]
2024-05-24 07:48:50,940 [IPC Server handler 1 on default port 15002] INFO  net.NetworkTopologyImpl (NetworkTopologyImpl.java:add(134)) - Added a new node: /default-rack/b4e39294-6870-4830-abfa-7517d5dcbfab
2024-05-24 07:48:50,940 [IPC Server handler 1 on default port 15002] INFO  node.SCMNodeManager (SCMNodeManager.java:register(421)) - Registered datanode: b4e39294-6870-4830-abfa-7517d5dcbfab{ip: 127.0.0.1, host: localhost, ports: [HTTP=15081, CLIENT_RPC=15082, REPLICATION=15088, RATIS=15084, RATIS_ADMIN=15085, RATIS_SERVER=15086, RATIS_DATASTREAM=15087, STANDALONE=15083], networkLocation: /default-rack, certSerialId: null, persistedOpState: null, persistedOpStateExpiryEpochSec: 0}
2024-05-24 07:48:50,941 [EventQueue-NewNodeForNewNodeHandler] INFO  pipeline.BackgroundPipelineCreator (BackgroundPipelineCreator.java:notifyEventTriggered(280)) - trigger a one-shot run on RatisPipelineUtilsThread.
2024-05-24 07:48:50,942 [RatisPipelineUtilsThread-0] INFO  pipeline.RatisPipelineProvider (RatisPipelineProvider.java:lambda$create$0(205)) - Sending CreatePipelineCommand for pipeline:PipelineID=590d062f-4e13-4cec-963a-007800fb2959 to datanode:b4e39294-6870-4830-abfa-7517d5dcbfab
2024-05-24 07:48:50,943 [RatisPipelineUtilsThread-0] INFO  pipeline.BackgroundPipelineCreator (BackgroundPipelineCreator.java:createPipelines(236)) - Created new pipeline Pipeline[ Id: 590d062f-4e13-4cec-963a-007800fb2959, Nodes: b4e39294-6870-4830-abfa-7517d5dcbfab(localhost/127.0.0.1), ReplicationConfig: RATIS/ONE, State:ALLOCATED, leaderId:, CreationTimestamp2024-05-24T07:48:50.942084744Z[Etc/UTC]]
2024-05-24 07:48:50,943 [RatisPipelineUtilsThread-0] INFO  pipeline.RatisPipelineProvider (RatisPipelineProvider.java:lambda$create$0(205)) - Sending CreatePipelineCommand for pipeline:PipelineID=e2199128-a7b8-43c5-8a50-3979f1bf2552 to datanode:b4e39294-6870-4830-abfa-7517d5dcbfab
2024-05-24 07:48:50,944 [RatisPipelineUtilsThread-0] INFO  pipeline.RatisPipelineProvider (RatisPipelineProvider.java:lambda$create$0(205)) - Sending CreatePipelineCommand for pipeline:PipelineID=e2199128-a7b8-43c5-8a50-3979f1bf2552 to datanode:9cef26bd-fad7-4006-851f-097a618c2ff8
2024-05-24 07:48:50,944 [RatisPipelineUtilsThread-0] INFO  pipeline.RatisPipelineProvider (RatisPipelineProvider.java:lambda$create$0(205)) - Sending CreatePipelineCommand for pipeline:PipelineID=e2199128-a7b8-43c5-8a50-3979f1bf2552 to datanode:26f71362-a48a-41de-9ada-52ca0d6b3643
2024-05-24 07:48:50,945 [RatisPipelineUtilsThread-0] INFO  pipeline.BackgroundPipelineCreator (BackgroundPipelineCreator.java:createPipelines(236)) - Created new pipeline Pipeline[ Id: e2199128-a7b8-43c5-8a50-3979f1bf2552, Nodes: b4e39294-6870-4830-abfa-7517d5dcbfab(localhost/127.0.0.1)9cef26bd-fad7-4006-851f-097a618c2ff8(localhost/127.0.0.1)26f71362-a48a-41de-9ada-52ca0d6b3643(localhost/127.0.0.1), ReplicationConfig: RATIS/THREE, State:ALLOCATED, leaderId:, CreationTimestamp2024-05-24T07:48:50.943943193Z[Etc/UTC]]
2024-05-24 07:48:50,946 [RatisPipelineUtilsThread-0] INFO  pipeline.RatisPipelineProvider (RatisPipelineProvider.java:lambda$create$0(205)) - Sending CreatePipelineCommand for pipeline:PipelineID=e447ea5f-fa66-4e37-a3b5-e715ce6d5264 to datanode:9cef26bd-fad7-4006-851f-097a618c2ff8
2024-05-24 07:48:50,947 [RatisPipelineUtilsThread-0] INFO  pipeline.RatisPipelineProvider (RatisPipelineProvider.java:lambda$create$0(205)) - Sending CreatePipelineCommand for pipeline:PipelineID=e447ea5f-fa66-4e37-a3b5-e715ce6d5264 to datanode:b4e39294-6870-4830-abfa-7517d5dcbfab
2024-05-24 07:48:50,947 [RatisPipelineUtilsThread-0] INFO  pipeline.RatisPipelineProvider (RatisPipelineProvider.java:lambda$create$0(205)) - Sending CreatePipelineCommand for pipeline:PipelineID=e447ea5f-fa66-4e37-a3b5-e715ce6d5264 to datanode:26f71362-a48a-41de-9ada-52ca0d6b3643
2024-05-24 07:48:50,948 [RatisPipelineUtilsThread-0] INFO  pipeline.PipelineManagerImpl (PipelineManagerImpl.java:recordMetricsForPipeline(916)) - Pipeline: PipelineID=e447ea5f-fa66-4e37-a3b5-e715ce6d5264 contains same datanodes as previous pipelines: PipelineID=e2199128-a7b8-43c5-8a50-3979f1bf2552 nodeIds: 9cef26bd-fad7-4006-851f-097a618c2ff8, b4e39294-6870-4830-abfa-7517d5dcbfab, 26f71362-a48a-41de-9ada-52ca0d6b3643
2024-05-24 07:48:50,948 [RatisPipelineUtilsThread-0] INFO  pipeline.BackgroundPipelineCreator (BackgroundPipelineCreator.java:createPipelines(236)) - Created new pipeline Pipeline[ Id: e447ea5f-fa66-4e37-a3b5-e715ce6d5264, Nodes: 9cef26bd-fad7-4006-851f-097a618c2ff8(localhost/127.0.0.1)b4e39294-6870-4830-abfa-7517d5dcbfab(localhost/127.0.0.1)26f71362-a48a-41de-9ada-52ca0d6b3643(localhost/127.0.0.1), ReplicationConfig: RATIS/THREE, State:ALLOCATED, leaderId:, CreationTimestamp2024-05-24T07:48:50.946870916Z[Etc/UTC]]
2024-05-24 07:48:51,019 [IPC Server handler 3 on default port 15002] INFO  net.NetworkTopologyImpl (NetworkTopologyImpl.java:add(134)) - Added a new node: /default-rack/456fd1aa-12b1-4be7-a527-595ee8ec60c1
2024-05-24 07:48:51,019 [IPC Server handler 3 on default port 15002] INFO  node.SCMNodeManager (SCMNodeManager.java:register(421)) - Registered datanode: 456fd1aa-12b1-4be7-a527-595ee8ec60c1{ip: 127.0.0.1, host: localhost, ports: [HTTP=15090, CLIENT_RPC=15091, REPLICATION=15097, RATIS=15093, RATIS_ADMIN=15094, RATIS_SERVER=15095, RATIS_DATASTREAM=15096, STANDALONE=15092], networkLocation: /default-rack, certSerialId: null, persistedOpState: null, persistedOpStateExpiryEpochSec: 0}
2024-05-24 07:48:51,019 [EventQueue-NewNodeForNewNodeHandler] INFO  pipeline.BackgroundPipelineCreator (BackgroundPipelineCreator.java:notifyEventTriggered(280)) - trigger a one-shot run on RatisPipelineUtilsThread.
2024-05-24 07:48:51,020 [RatisPipelineUtilsThread-0] INFO  pipeline.RatisPipelineProvider (RatisPipelineProvider.java:lambda$create$0(205)) - Sending CreatePipelineCommand for pipeline:PipelineID=e18d3a5a-7754-4a65-ada1-27db9aee457d to datanode:456fd1aa-12b1-4be7-a527-595ee8ec60c1
2024-05-24 07:48:51,020 [main] INFO  ozone.MiniOzoneClusterImpl (MiniOzoneClusterImpl.java:lambda$waitForClusterToBeReady$0(194)) - Nodes are ready. Got 10 of 10 DN Heartbeats.
2024-05-24 07:48:51,021 [main] INFO  ozone.MiniOzoneClusterImpl (MiniOzoneClusterImpl.java:lambda$waitForClusterToBeReady$0(197)) - Waiting for cluster to exit safe mode
2024-05-24 07:48:51,021 [main] INFO  ozone.MiniOzoneClusterImpl (MiniOzoneClusterImpl.java:lambda$waitForClusterToBeReady$0(199)) - SCM became leader
2024-05-24 07:48:51,022 [RatisPipelineUtilsThread-0] INFO  pipeline.BackgroundPipelineCreator (BackgroundPipelineCreator.java:createPipelines(236)) - Created new pipeline Pipeline[ Id: e18d3a5a-7754-4a65-ada1-27db9aee457d, Nodes: 456fd1aa-12b1-4be7-a527-595ee8ec60c1(localhost/127.0.0.1), ReplicationConfig: RATIS/ONE, State:ALLOCATED, leaderId:, CreationTimestamp2024-05-24T07:48:51.020614974Z[Etc/UTC]]
2024-05-24 07:48:52,021 [main] INFO  ozone.MiniOzoneClusterImpl (MiniOzoneClusterImpl.java:lambda$waitForClusterToBeReady$0(194)) - Nodes are ready. Got 10 of 10 DN Heartbeats.
2024-05-24 07:48:52,021 [main] INFO  ozone.MiniOzoneClusterImpl (MiniOzoneClusterImpl.java:lambda$waitForClusterToBeReady$0(197)) - Waiting for cluster to exit safe mode
2024-05-24 07:48:52,021 [main] INFO  ozone.MiniOzoneClusterImpl (MiniOzoneClusterImpl.java:lambda$waitForClusterToBeReady$0(199)) - SCM became leader
2024-05-24 07:48:52,945 [5319acd4-0e99-4000-a29b-b8c741da6a3d-PipelineCommandHandlerThread-0] INFO  server.RaftServer (RaftServerProxy.java:addNew(100)) - 5319acd4-0e99-4000-a29b-b8c741da6a3d: addNew group-ECF98FEFC7D0:[5319acd4-0e99-4000-a29b-b8c741da6a3d|127.0.0.1:15014] returns group-ECF98FEFC7D0:java.util.concurrent.CompletableFuture@4e2592bd[Not completed]
2024-05-24 07:48:52,948 [5319acd4-0e99-4000-a29b-b8c741da6a3d-groupManagement] INFO  lib.Interns (Interns.java:removeEldestEntry(50)) - Metrics intern cache overflow at 2011 for MetricsSystem={MetricsSystem=MetricsInfoImpl{name=MetricsSystem, description=MetricsSystem}, MetricsSystem record=MetricsInfoImpl{name=MetricsSystem, description=MetricsSystem record}}
2024-05-24 07:48:52,950 [5319acd4-0e99-4000-a29b-b8c741da6a3d-groupManagement] INFO  server.RaftServer$Division (RaftServerImpl.java:<init>(256)) - 5319acd4-0e99-4000-a29b-b8c741da6a3d: new RaftServerImpl for group-ECF98FEFC7D0:[5319acd4-0e99-4000-a29b-b8c741da6a3d|127.0.0.1:15014] with ContainerStateMachine:uninitialized
2024-05-24 07:48:52,951 [5319acd4-0e99-4000-a29b-b8c741da6a3d-groupManagement] INFO  server.RaftServerConfigKeys (ConfUtils.java:logGet(46)) - raft.server.rpc.timeout.min = 5s (custom)
2024-05-24 07:48:52,951 [5319acd4-0e99-4000-a29b-b8c741da6a3d-groupManagement] INFO  server.RaftServerConfigKeys (ConfUtils.java:logGet(46)) - raft.server.rpc.timeout.max = 5200ms (custom)
2024-05-24 07:48:52,951 [5319acd4-0e99-4000-a29b-b8c741da6a3d-groupManagement] INFO  server.RaftServerConfigKeys (ConfUtils.java:logGet(46)) - raft.server.rpc.sleep.time = 25ms (default)
2024-05-24 07:48:52,951 [5319acd4-0e99-4000-a29b-b8c741da6a3d-groupManagement] INFO  server.RaftServerConfigKeys (ConfUtils.java:logGet(46)) - raft.server.rpc.slowness.timeout = 300s (custom)
2024-05-24 07:48:52,951 [5319acd4-0e99-4000-a29b-b8c741da6a3d-groupManagement] INFO  server.RaftServerConfigKeys (ConfUtils.java:logGet(46)) - raft.server.leaderelection.leader.step-down.wait-time = 10s (default)
2024-05-24 07:48:52,952 [5319acd4-0e99-4000-a29b-b8c741da6a3d-groupManagement] INFO  server.RaftServerConfigKeys (ConfUtils.java:logGet(46)) - raft.server.leaderelection.member.majority-add = false (default)
2024-05-24 07:48:52,952 [5319acd4-0e99-4000-a29b-b8c741da6a3d-groupManagement] INFO  server.RaftServerConfigKeys (ConfUtils.java:logGet(46)) - raft.server.sleep.deviation.threshold = 300ms (default)
2024-05-24 07:48:52,952 [5319acd4-0e99-4000-a29b-b8c741da6a3d-groupManagement] INFO  server.RaftServer$Division (ServerState.java:<init>(113)) - 5319acd4-0e99-4000-a29b-b8c741da6a3d@group-ECF98FEFC7D0: ConfigurationManager, init=-1: peers:[5319acd4-0e99-4000-a29b-b8c741da6a3d|127.0.0.1:15014]|listeners:[], old=null, confs=<EMPTY_MAP>
2024-05-24 07:48:52,952 [5319acd4-0e99-4000-a29b-b8c741da6a3d-groupManagement] INFO  server.RaftServerConfigKeys (ConfUtils.java:logGet(46)) - raft.server.notification.no-leader.timeout = 300s (custom)
2024-05-24 07:48:52,952 [5319acd4-0e99-4000-a29b-b8c741da6a3d-groupManagement] INFO  server.RaftServerConfigKeys (ConfUtils.java:logGet(46)) - raft.server.read.timeout = 10s (default)
2024-05-24 07:48:52,952 [5319acd4-0e99-4000-a29b-b8c741da6a3d-groupManagement] INFO  server.RaftServerConfigKeys (ConfUtils.java:logGet(46)) - raft.server.retrycache.expirytime = 600000ms (custom)
2024-05-24 07:48:52,953 [5319acd4-0e99-4000-a29b-b8c741da6a3d-groupManagement] INFO  server.RaftServerConfigKeys (ConfUtils.java:logGet(46)) - raft.server.retrycache.statistics.expirytime = 100ms (default)
2024-05-24 07:48:52,953 [5319acd4-0e99-4000-a29b-b8c741da6a3d-groupManagement] INFO  server.RaftServerConfigKeys (ConfUtils.java:logGet(46)) - raft.server.read.option = DEFAULT (default)
2024-05-24 07:48:52,953 [5319acd4-0e99-4000-a29b-b8c741da6a3d-groupManagement] INFO  server.RaftServerConfigKeys (ConfUtils.java:logGet(46)) - raft.server.read.read-after-write-consistent.write-index-cache.expiry-time = 60s (default)
2024-05-24 07:48:52,966 [5319acd4-0e99-4000-a29b-b8c741da6a3d-groupManagement] INFO  server.RaftServerConfigKeys (ConfUtils.java:logGet(46)) - raft.server.rpc.request.timeout = 60s (custom)
2024-05-24 07:48:52,967 [5319acd4-0e99-4000-a29b-b8c741da6a3d-groupManagement] INFO  server.RaftServerConfigKeys (ConfUtils.java:logGet(46)) - raft.server.log.appender.install.snapshot.enabled = false (custom)
2024-05-24 07:48:52,967 [5319acd4-0e99-4000-a29b-b8c741da6a3d-groupManagement] INFO  server.RaftServerConfigKeys (ConfUtils.java:logGet(46)) - raft.server.threadpool.server.cached = true (default)
2024-05-24 07:48:52,967 [5319acd4-0e99-4000-a29b-b8c741da6a3d-groupManagement] INFO  server.RaftServerConfigKeys (ConfUtils.java:logGet(46)) - raft.server.threadpool.server.size = 0 (default)
2024-05-24 07:48:52,967 [5319acd4-0e99-4000-a29b-b8c741da6a3d-groupManagement] INFO  server.RaftServerConfigKeys (ConfUtils.java:logGet(46)) - raft.server.threadpool.client.cached = true (default)
2024-05-24 07:48:52,967 [5319acd4-0e99-4000-a29b-b8c741da6a3d-groupManagement] INFO  server.RaftServerConfigKeys (ConfUtils.java:logGet(46)) - raft.server.threadpool.client.size = 0 (default)
2024-05-24 07:48:52,967 [5319acd4-0e99-4000-a29b-b8c741da6a3d-groupManagement] INFO  server.RaftServerConfigKeys (ConfUtils.java:logGet(46)) - raft.server.storage.free-space.min = 0MB (=0) (default)
2024-05-24 07:48:52,967 [5319acd4-0e99-4000-a29b-b8c741da6a3d-groupManagement] INFO  server.RaftServerConfigKeys (ConfUtils.java:logGet(46)) - raft.server.log.corruption.policy = EXCEPTION (default)
2024-05-24 07:48:52,967 [5319acd4-0e99-4000-a29b-b8c741da6a3d-groupManagement] INFO  server.RaftServerConfigKeys (ConfUtils.java:logGet(46)) - raft.server.storage.dir = [/home/runner/work/ozone/ozone/hadoop-ozone/integration-test/target/test-dir/MiniOzoneClusterImpl-b501fab0-540e-4575-af6e-dde2336b059e/ozone-meta/datanode-1/ratis] (custom)
2024-05-24 07:48:52,968 [5319acd4-0e99-4000-a29b-b8c741da6a3d-groupManagement] INFO  storage.RaftStorageDirectory (RaftStorageDirectoryImpl.java:analyzeStorage(138)) - The storage directory /home/runner/work/ozone/ozone/hadoop-ozone/integration-test/target/test-dir/MiniOzoneClusterImpl-b501fab0-540e-4575-af6e-dde2336b059e/ozone-meta/datanode-1/ratis/f66052d6-492c-4182-89f9-ecf98fefc7d0 does not exist. Creating ...
2024-05-24 07:48:52,969 [5319acd4-0e99-4000-a29b-b8c741da6a3d-groupManagement] INFO  storage.RaftStorageDirectory (RaftStorageDirectoryImpl.java:tryLock(228)) - Lock on /home/runner/work/ozone/ozone/hadoop-ozone/integration-test/target/test-dir/MiniOzoneClusterImpl-b501fab0-540e-4575-af6e-dde2336b059e/ozone-meta/datanode-1/ratis/f66052d6-492c-4182-89f9-ecf98fefc7d0/in_use.lock acquired by nodename 29770@fv-az779-985
2024-05-24 07:48:52,971 [5319acd4-0e99-4000-a29b-b8c741da6a3d-groupManagement] INFO  storage.RaftStorage (RaftStorageImpl.java:format(99)) - Storage directory /home/runner/work/ozone/ozone/hadoop-ozone/integration-test/target/test-dir/MiniOzoneClusterImpl-b501fab0-540e-4575-af6e-dde2336b059e/ozone-meta/datanode-1/ratis/f66052d6-492c-4182-89f9-ecf98fefc7d0 has been successfully formatted.
2024-05-24 07:48:52,971 [5319acd4-0e99-4000-a29b-b8c741da6a3d-groupManagement] WARN  util.FileUtils (LogUtils.java:supplyAndLog(63)) - Failed to Files.newInputStream /home/runner/work/ozone/ozone/hadoop-ozone/integration-test/target/test-dir/MiniOzoneClusterImpl-b501fab0-540e-4575-af6e-dde2336b059e/ozone-meta/datanode-1/ratis/f66052d6-492c-4182-89f9-ecf98fefc7d0/current/raft-meta.conf with options []: java.nio.file.NoSuchFileException: /home/runner/work/ozone/ozone/hadoop-ozone/integration-test/target/test-dir/MiniOzoneClusterImpl-b501fab0-540e-4575-af6e-dde2336b059e/ozone-meta/datanode-1/ratis/f66052d6-492c-4182-89f9-ecf98fefc7d0/current/raft-meta.conf
2024-05-24 07:48:52,975 [5319acd4-0e99-4000-a29b-b8c741da6a3d-groupManagement] INFO  ratis.ContainerStateMachine (ContainerStateMachine.java:loadSnapshot(287)) - group-ECF98FEFC7D0: The snapshot info is null. Setting the last applied index to:(t:0, i:~)
2024-05-24 07:48:52,975 [5319acd4-0e99-4000-a29b-b8c741da6a3d-groupManagement] INFO  server.RaftServerConfigKeys (ConfUtils.java:logGet(46)) - raft.server.log.use.memory = false (default)
2024-05-24 07:48:52,975 [5319acd4-0e99-4000-a29b-b8c741da6a3d-groupManagement] INFO  server.RaftServerConfigKeys (ConfUtils.java:logGet(46)) - raft.server.log.purge.gap = 1000000 (custom)
2024-05-24 07:48:52,976 [5319acd4-0e99-4000-a29b-b8c741da6a3d-groupManagement] INFO  server.RaftServerConfigKeys (ConfUtils.java:logGet(46)) - raft.server.log.appender.buffer.byte-limit = 8388608 (custom)
2024-05-24 07:48:52,976 [5319acd4-0e99-4000-a29b-b8c741da6a3d-groupManagement] INFO  server.RaftServerConfigKeys (ConfUtils.java:logGet(46)) - raft.server.log.statemachine.data.read.timeout = 1000ms (default)
2024-05-24 07:48:52,976 [5319acd4-0e99-4000-a29b-b8c741da6a3d-groupManagement] INFO  server.RaftServerConfigKeys (ConfUtils.java:logGet(46)) - raft.server.log.purge.preservation.log.num = 0 (default)
2024-05-24 07:48:52,983 [5319acd4-0e99-4000-a29b-b8c741da6a3d-groupManagement] INFO  server.RaftServerConfigKeys (ConfUtils.java:logGet(46)) - raft.server.log.segment.size.max = 67108864 (custom)
2024-05-24 07:48:52,984 [5319acd4-0e99-4000-a29b-b8c741da6a3d-groupManagement] INFO  server.RaftServerConfigKeys (ConfUtils.java:logGet(46)) - raft.server.log.segment.cache.num.max = 2 (custom)
2024-05-24 07:48:52,984 [5319acd4-0e99-4000-a29b-b8c741da6a3d-groupManagement] INFO  server.RaftServerConfigKeys (ConfUtils.java:logGet(46)) - raft.server.log.segment.cache.size.max = 200MB (=209715200) (default)
2024-05-24 07:48:52,984 [5319acd4-0e99-4000-a29b-b8c741da6a3d-groupManagement] INFO  server.RaftServerConfigKeys (ConfUtils.java:logGet(46)) - raft.server.log.appender.buffer.byte-limit = 8388608 (custom)
2024-05-24 07:48:52,991 [EventQueue-PipelineReportForPipelineReportHandler] INFO  pipeline.PipelineReportHandler (PipelineReportHandler.java:processPipelineReport(136)) - Opened pipeline PipelineID=f66052d6-492c-4182-89f9-ecf98fefc7d0
2024-05-24 07:48:52,996 [5319acd4-0e99-4000-a29b-b8c741da6a3d-groupManagement] INFO  util.AwaitToRun (AwaitToRun.java:start(81)) - Thread[5319acd4-0e99-4000-a29b-b8c741da6a3d@group-ECF98FEFC7D0-cacheEviction-AwaitToRun,5,main] started
2024-05-24 07:48:52,996 [5319acd4-0e99-4000-a29b-b8c741da6a3d-groupManagement] INFO  segmented.SegmentedRaftLogWorker (SegmentedRaftLogWorker.java:<init>(182)) - new 5319acd4-0e99-4000-a29b-b8c741da6a3d@group-ECF98FEFC7D0-SegmentedRaftLogWorker for RaftStorageImpl:Storage Directory /home/runner/work/ozone/ozone/hadoop-ozone/integration-test/target/test-dir/MiniOzoneClusterImpl-b501fab0-540e-4575-af6e-dde2336b059e/ozone-meta/datanode-1/ratis/f66052d6-492c-4182-89f9-ecf98fefc7d0
2024-05-24 07:48:52,996 [EventQueue-OpenPipelineForHealthyPipelineSafeModeRule] INFO  safemode.SCMSafeModeManager (HealthyPipelineSafeModeRule.java:process(140)) - SCM in safe mode. Healthy pipelines reported count is 0, required healthy pipeline reported count is 1
2024-05-24 07:48:52,996 [5319acd4-0e99-4000-a29b-b8c741da6a3d-groupManagement] INFO  server.RaftServerConfigKeys (ConfUtils.java:logGet(46)) - raft.server.log.queue.byte-limit = 4294967296 (custom)
2024-05-24 07:48:52,996 [5319acd4-0e99-4000-a29b-b8c741da6a3d-groupManagement] INFO  server.RaftServerConfigKeys (ConfUtils.java:logGet(46)) - raft.server.log.queue.element-limit = 1024 (custom)
2024-05-24 07:48:52,997 [5319acd4-0e99-4000-a29b-b8c741da6a3d-groupManagement] INFO  server.RaftServerConfigKeys (ConfUtils.java:logGet(46)) - raft.server.log.segment.size.max = 67108864 (custom)
2024-05-24 07:48:52,997 [5319acd4-0e99-4000-a29b-b8c741da6a3d-groupManagement] INFO  server.RaftServerConfigKeys (ConfUtils.java:logGet(46)) - raft.server.log.preallocated.size = 4194304 (custom)
2024-05-24 07:48:52,997 [5319acd4-0e99-4000-a29b-b8c741da6a3d-groupManagement] INFO  server.RaftServerConfigKeys (ConfUtils.java:logGet(46)) - raft.server.log.force.sync.num = 128 (default)
2024-05-24 07:48:52,997 [5319acd4-0e99-4000-a29b-b8c741da6a3d-groupManagement] INFO  server.RaftServerConfigKeys (ConfUtils.java:logGet(46)) - raft.server.log.statemachine.data.sync = true (default)
2024-05-24 07:48:52,997 [5319acd4-0e99-4000-a29b-b8c741da6a3d-groupManagement] INFO  server.RaftServerConfigKeys (ConfUtils.java:logGet(46)) - raft.server.log.statemachine.data.sync.timeout = 10s (default)
2024-05-24 07:48:52,997 [5319acd4-0e99-4000-a29b-b8c741da6a3d-groupManagement] INFO  server.RaftServerConfigKeys (ConfUtils.java:logGet(46)) - raft.server.log.statemachine.data.sync.timeout.retry = 30 (custom)
2024-05-24 07:48:52,998 [5319acd4-0e99-4000-a29b-b8c741da6a3d-groupManagement] INFO  server.RaftServerConfigKeys (ConfUtils.java:logGet(46)) - raft.server.log.write.buffer.size = 8388616 (custom)
2024-05-24 07:48:53,001 [5319acd4-0e99-4000-a29b-b8c741da6a3d-groupManagement] INFO  server.RaftServerConfigKeys (ConfUtils.java:logGet(46)) - raft.server.log.appender.buffer.byte-limit = 8388608 (custom)
2024-05-24 07:48:53,001 [5319acd4-0e99-4000-a29b-b8c741da6a3d-groupManagement] INFO  server.RaftServerConfigKeys (ConfUtils.java:logGet(46)) - raft.server.log.unsafe-flush.enabled = false (default)
2024-05-24 07:48:53,001 [5319acd4-0e99-4000-a29b-b8c741da6a3d-groupManagement] INFO  server.RaftServerConfigKeys (ConfUtils.java:logGet(46)) - raft.server.log.async-flush.enabled = false (default)
2024-05-24 07:48:53,001 [5319acd4-0e99-4000-a29b-b8c741da6a3d-groupManagement] INFO  server.RaftServerConfigKeys (ConfUtils.java:logGet(46)) - raft.server.log.statemachine.data.caching.enabled = true (custom)
2024-05-24 07:48:53,001 [5319acd4-0e99-4000-a29b-b8c741da6a3d-groupManagement] INFO  segmented.SegmentedRaftLogWorker (SegmentedRaftLogWorker.java:lambda$new$0(134)) - 5319acd4-0e99-4000-a29b-b8c741da6a3d@group-ECF98FEFC7D0-SegmentedRaftLogWorker: flushIndex: setUnconditionally 0 -> -1
2024-05-24 07:48:53,001 [5319acd4-0e99-4000-a29b-b8c741da6a3d-groupManagement] INFO  segmented.SegmentedRaftLogWorker (SegmentedRaftLogWorker.java:lambda$new$0(134)) - 5319acd4-0e99-4000-a29b-b8c741da6a3d@group-ECF98FEFC7D0-SegmentedRaftLogWorker: safeCacheEvictIndex: setUnconditionally 0 -> -1
2024-05-24 07:48:53,002 [5319acd4-0e99-4000-a29b-b8c741da6a3d-groupManagement] INFO  server.RaftServer$Division (RaftServerImpl.java:start(396)) - 5319acd4-0e99-4000-a29b-b8c741da6a3d@group-ECF98FEFC7D0: start as a follower, conf=-1: peers:[5319acd4-0e99-4000-a29b-b8c741da6a3d|127.0.0.1:15014]|listeners:[], old=null
2024-05-24 07:48:53,002 [5319acd4-0e99-4000-a29b-b8c741da6a3d-groupManagement] INFO  server.RaftServer$Division (RaftServerImpl.java:setRole(383)) - 5319acd4-0e99-4000-a29b-b8c741da6a3d@group-ECF98FEFC7D0: changes role from      null to FOLLOWER at term 0 for startAsFollower
2024-05-24 07:48:53,002 [5319acd4-0e99-4000-a29b-b8c741da6a3d-groupManagement] INFO  impl.RoleInfo (RoleInfo.java:updateAndGet(139)) - 5319acd4-0e99-4000-a29b-b8c741da6a3d: start 5319acd4-0e99-4000-a29b-b8c741da6a3d@group-ECF98FEFC7D0-FollowerState
2024-05-24 07:48:53,002 [5319acd4-0e99-4000-a29b-b8c741da6a3d-groupManagement] INFO  util.JmxRegister (JmxRegister.java:tryRegister(44)) - Successfully registered JMX Bean with object name Ratis:service=RaftServer,group=group-ECF98FEFC7D0,id=5319acd4-0e99-4000-a29b-b8c741da6a3d
2024-05-24 07:48:53,002 [5319acd4-0e99-4000-a29b-b8c741da6a3d-groupManagement] INFO  server.RaftServerConfigKeys (ConfUtils.java:logGet(46)) - raft.server.snapshot.trigger-when-stop.enabled = true (default)
2024-05-24 07:48:53,003 [5319acd4-0e99-4000-a29b-b8c741da6a3d-groupManagement] INFO  server.RaftServerConfigKeys (ConfUtils.java:logGet(46)) - raft.server.snapshot.auto.trigger.enabled = true (custom)
2024-05-24 07:48:53,003 [5319acd4-0e99-4000-a29b-b8c741da6a3d-groupManagement] INFO  server.RaftServerConfigKeys (ConfUtils.java:logGet(46)) - raft.server.snapshot.auto.trigger.threshold = 10000 (custom)
2024-05-24 07:48:53,003 [5319acd4-0e99-4000-a29b-b8c741da6a3d-groupManagement] INFO  server.RaftServerConfigKeys (ConfUtils.java:logGet(46)) - raft.server.snapshot.retention.file.num = 5 (custom)
2024-05-24 07:48:53,003 [5319acd4-0e99-4000-a29b-b8c741da6a3d-groupManagement] INFO  server.RaftServerConfigKeys (ConfUtils.java:logGet(46)) - raft.server.log.purge.upto.snapshot.index = false (default)
2024-05-24 07:48:53,004 [5319acd4-0e99-4000-a29b-b8c741da6a3d@group-ECF98FEFC7D0-FollowerState] INFO  server.RaftServerConfigKeys (ConfUtils.java:logFallback(53)) - raft.server.rpc.first-election.timeout.min = 5s (fallback to raft.server.rpc.timeout.min)
2024-05-24 07:48:53,005 [5319acd4-0e99-4000-a29b-b8c741da6a3d@group-ECF98FEFC7D0-FollowerState] INFO  server.RaftServerConfigKeys (ConfUtils.java:logFallback(53)) - raft.server.rpc.first-election.timeout.max = 5200ms (fallback to raft.server.rpc.timeout.max)
2024-05-24 07:48:53,013 [5319acd4-0e99-4000-a29b-b8c741da6a3d-PipelineCommandHandlerThread-0] INFO  ratis.XceiverServerRatis (XceiverServerRatis.java:addGroup(864)) - Created group PipelineID=f66052d6-492c-4182-89f9-ecf98fefc7d0
2024-05-24 07:48:53,014 [5319acd4-0e99-4000-a29b-b8c741da6a3d-PipelineCommandHandlerThread-0] INFO  commandhandler.CreatePipelineCommandHandler (CreatePipelineCommandHandler.java:lambda$handle$2(124)) - Created Pipeline RATIS ONE PipelineID=f66052d6-492c-4182-89f9-ecf98fefc7d0.
2024-05-24 07:48:53,014 [5319acd4-0e99-4000-a29b-b8c741da6a3d-PipelineCommandHandlerThread-0] INFO  server.RaftServer (RaftServerProxy.java:addNew(100)) - 5319acd4-0e99-4000-a29b-b8c741da6a3d: addNew group-0F5CF8F748CF:[5de18b20-4c2d-46f3-add3-84b533bc57c8|127.0.0.1:15023, 5319acd4-0e99-4000-a29b-b8c741da6a3d|127.0.0.1:15014, 0f6129c7-dda1-4d42-8d75-6a3ef1e9116c|127.0.0.1:15032] returns group-0F5CF8F748CF:java.util.concurrent.CompletableFuture@465b6a07[Not completed]
2024-05-24 07:48:53,015 [5319acd4-0e99-4000-a29b-b8c741da6a3d-groupManagement] INFO  server.RaftServer$Division (RaftServerImpl.java:<init>(256)) - 5319acd4-0e99-4000-a29b-b8c741da6a3d: new RaftServerImpl for group-0F5CF8F748CF:[5de18b20-4c2d-46f3-add3-84b533bc57c8|127.0.0.1:15023, 5319acd4-0e99-4000-a29b-b8c741da6a3d|127.0.0.1:15014, 0f6129c7-dda1-4d42-8d75-6a3ef1e9116c|127.0.0.1:15032] with ContainerStateMachine:uninitialized
2024-05-24 07:48:53,015 [5319acd4-0e99-4000-a29b-b8c741da6a3d-groupManagement] INFO  server.RaftServerConfigKeys (ConfUtils.java:logGet(46)) - raft.server.rpc.timeout.min = 5s (custom)
2024-05-24 07:48:53,016 [5319acd4-0e99-4000-a29b-b8c741da6a3d-groupManagement] INFO  server.RaftServerConfigKeys (ConfUtils.java:logGet(46)) - raft.server.rpc.timeout.max = 5200ms (custom)
2024-05-24 07:48:53,016 [5319acd4-0e99-4000-a29b-b8c741da6a3d-groupManagement] INFO  server.RaftServerConfigKeys (ConfUtils.java:logGet(46)) - raft.server.rpc.sleep.time = 25ms (default)
2024-05-24 07:48:53,016 [5319acd4-0e99-4000-a29b-b8c741da6a3d-groupManagement] INFO  server.RaftServerConfigKeys (ConfUtils.java:logGet(46)) - raft.server.rpc.slowness.timeout = 300s (custom)
2024-05-24 07:48:53,016 [5319acd4-0e99-4000-a29b-b8c741da6a3d-groupManagement] INFO  server.RaftServerConfigKeys (ConfUtils.java:logGet(46)) - raft.server.leaderelection.leader.step-down.wait-time = 10s (default)
2024-05-24 07:48:53,016 [5319acd4-0e99-4000-a29b-b8c741da6a3d-groupManagement] INFO  server.RaftServerConfigKeys (ConfUtils.java:logGet(46)) - raft.server.leaderelection.member.majority-add = false (default)
2024-05-24 07:48:53,016 [5319acd4-0e99-4000-a29b-b8c741da6a3d-groupManagement] INFO  server.RaftServerConfigKeys (ConfUtils.java:logGet(46)) - raft.server.sleep.deviation.threshold = 300ms (default)
2024-05-24 07:48:53,016 [5319acd4-0e99-4000-a29b-b8c741da6a3d-groupManagement] INFO  server.RaftServer$Division (ServerState.java:<init>(113)) - 5319acd4-0e99-4000-a29b-b8c741da6a3d@group-0F5CF8F748CF: ConfigurationManager, init=-1: peers:[5de18b20-4c2d-46f3-add3-84b533bc57c8|127.0.0.1:15023, 5319acd4-0e99-4000-a29b-b8c741da6a3d|127.0.0.1:15014, 0f6129c7-dda1-4d42-8d75-6a3ef1e9116c|127.0.0.1:15032]|listeners:[], old=null, confs=<EMPTY_MAP>
2024-05-24 07:48:53,016 [5319acd4-0e99-4000-a29b-b8c741da6a3d-groupManagement] INFO  server.RaftServerConfigKeys (ConfUtils.java:logGet(46)) - raft.server.notification.no-leader.timeout = 300s (custom)
2024-05-24 07:48:53,016 [5319acd4-0e99-4000-a29b-b8c741da6a3d-groupManagement] INFO  server.RaftServerConfigKeys (ConfUtils.java:logGet(46)) - raft.server.read.timeout = 10s (default)
2024-05-24 07:48:53,016 [5319acd4-0e99-4000-a29b-b8c741da6a3d-groupManagement] INFO  server.RaftServerConfigKeys (ConfUtils.java:logGet(46)) - raft.server.retrycache.expirytime = 600000ms (custom)
2024-05-24 07:48:53,016 [5319acd4-0e99-4000-a29b-b8c741da6a3d-groupManagement] INFO  server.RaftServerConfigKeys (ConfUtils.java:logGet(46)) - raft.server.retrycache.statistics.expirytime = 100ms (default)
2024-05-24 07:48:53,016 [5319acd4-0e99-4000-a29b-b8c741da6a3d-groupManagement] INFO  server.RaftServerConfigKeys (ConfUtils.java:logGet(46)) - raft.server.read.option = DEFAULT (default)
2024-05-24 07:48:53,016 [5319acd4-0e99-4000-a29b-b8c741da6a3d-groupManagement] INFO  server.RaftServerConfigKeys (ConfUtils.java:logGet(46)) - raft.server.read.read-after-write-consistent.write-index-cache.expiry-time = 60s (default)
2024-05-24 07:48:53,021 [main] INFO  ozone.MiniOzoneClusterImpl (MiniOzoneClusterImpl.java:lambda$waitForClusterToBeReady$0(194)) - Nodes are ready. Got 10 of 10 DN Heartbeats.
2024-05-24 07:48:53,022 [main] INFO  ozone.MiniOzoneClusterImpl (MiniOzoneClusterImpl.java:lambda$waitForClusterToBeReady$0(197)) - Waiting for cluster to exit safe mode
2024-05-24 07:48:53,022 [main] INFO  ozone.MiniOzoneClusterImpl (MiniOzoneClusterImpl.java:lambda$waitForClusterToBeReady$0(199)) - SCM became leader
2024-05-24 07:48:53,023 [5319acd4-0e99-4000-a29b-b8c741da6a3d-groupManagement] INFO  server.RaftServerConfigKeys (ConfUtils.java:logGet(46)) - raft.server.rpc.request.timeout = 60s (custom)
2024-05-24 07:48:53,024 [5319acd4-0e99-4000-a29b-b8c741da6a3d-groupManagement] INFO  server.RaftServerConfigKeys (ConfUtils.java:logGet(46)) - raft.server.log.appender.install.snapshot.enabled = false (custom)
2024-05-24 07:48:53,024 [5319acd4-0e99-4000-a29b-b8c741da6a3d-groupManagement] INFO  server.RaftServerConfigKeys (ConfUtils.java:logGet(46)) - raft.server.threadpool.server.cached = true (default)
2024-05-24 07:48:53,024 [5319acd4-0e99-4000-a29b-b8c741da6a3d-groupManagement] INFO  server.RaftServerConfigKeys (ConfUtils.java:logGet(46)) - raft.server.threadpool.server.size = 0 (default)
2024-05-24 07:48:53,024 [5319acd4-0e99-4000-a29b-b8c741da6a3d-groupManagement] INFO  server.RaftServerConfigKeys (ConfUtils.java:logGet(46)) - raft.server.threadpool.client.cached = true (default)
2024-05-24 07:48:53,024 [5319acd4-0e99-4000-a29b-b8c741da6a3d-groupManagement] INFO  server.RaftServerConfigKeys (ConfUtils.java:logGet(46)) - raft.server.threadpool.client.size = 0 (default)
2024-05-24 07:48:53,024 [5319acd4-0e99-4000-a29b-b8c741da6a3d-groupManagement] INFO  server.RaftServerConfigKeys (ConfUtils.java:logGet(46)) - raft.server.storage.free-space.min = 0MB (=0) (default)
2024-05-24 07:48:53,024 [5319acd4-0e99-4000-a29b-b8c741da6a3d-groupManagement] INFO  server.RaftServerConfigKeys (ConfUtils.java:logGet(46)) - raft.server.log.corruption.policy = EXCEPTION (default)
2024-05-24 07:48:53,024 [5319acd4-0e99-4000-a29b-b8c741da6a3d-groupManagement] INFO  server.RaftServerConfigKeys (ConfUtils.java:logGet(46)) - raft.server.storage.dir = [/home/runner/work/ozone/ozone/hadoop-ozone/integration-test/target/test-dir/MiniOzoneClusterImpl-b501fab0-540e-4575-af6e-dde2336b059e/ozone-meta/datanode-1/ratis] (custom)
2024-05-24 07:48:53,024 [5319acd4-0e99-4000-a29b-b8c741da6a3d-groupManagement] INFO  storage.RaftStorageDirectory (RaftStorageDirectoryImpl.java:analyzeStorage(138)) - The storage directory /home/runner/work/ozone/ozone/hadoop-ozone/integration-test/target/test-dir/MiniOzoneClusterImpl-b501fab0-540e-4575-af6e-dde2336b059e/ozone-meta/datanode-1/ratis/7028361f-0303-446a-8936-0f5cf8f748cf does not exist. Creating ...
2024-05-24 07:48:53,025 [5319acd4-0e99-4000-a29b-b8c741da6a3d-groupManagement] INFO  storage.RaftStorageDirectory (RaftStorageDirectoryImpl.java:tryLock(228)) - Lock on /home/runner/work/ozone/ozone/hadoop-ozone/integration-test/target/test-dir/MiniOzoneClusterImpl-b501fab0-540e-4575-af6e-dde2336b059e/ozone-meta/datanode-1/ratis/7028361f-0303-446a-8936-0f5cf8f748cf/in_use.lock acquired by nodename 29770@fv-az779-985
2024-05-24 07:48:53,027 [5319acd4-0e99-4000-a29b-b8c741da6a3d-groupManagement] INFO  storage.RaftStorage (RaftStorageImpl.java:format(99)) - Storage directory /home/runner/work/ozone/ozone/hadoop-ozone/integration-test/target/test-dir/MiniOzoneClusterImpl-b501fab0-540e-4575-af6e-dde2336b059e/ozone-meta/datanode-1/ratis/7028361f-0303-446a-8936-0f5cf8f748cf has been successfully formatted.
2024-05-24 07:48:53,027 [5319acd4-0e99-4000-a29b-b8c741da6a3d-groupManagement] WARN  util.FileUtils (LogUtils.java:supplyAndLog(63)) - Failed to Files.newInputStream /home/runner/work/ozone/ozone/hadoop-ozone/integration-test/target/test-dir/MiniOzoneClusterImpl-b501fab0-540e-4575-af6e-dde2336b059e/ozone-meta/datanode-1/ratis/7028361f-0303-446a-8936-0f5cf8f748cf/current/raft-meta.conf with options []: java.nio.file.NoSuchFileException: /home/runner/work/ozone/ozone/hadoop-ozone/integration-test/target/test-dir/MiniOzoneClusterImpl-b501fab0-540e-4575-af6e-dde2336b059e/ozone-meta/datanode-1/ratis/7028361f-0303-446a-8936-0f5cf8f748cf/current/raft-meta.conf
2024-05-24 07:48:53,027 [5319acd4-0e99-4000-a29b-b8c741da6a3d-groupManagement] INFO  ratis.ContainerStateMachine (ContainerStateMachine.java:loadSnapshot(287)) - group-0F5CF8F748CF: The snapshot info is null. Setting the last applied index to:(t:0, i:~)
2024-05-24 07:48:53,027 [5319acd4-0e99-4000-a29b-b8c741da6a3d-groupManagement] INFO  server.RaftServerConfigKeys (ConfUtils.java:logGet(46)) - raft.server.log.use.memory = false (default)
2024-05-24 07:48:53,028 [5319acd4-0e99-4000-a29b-b8c741da6a3d-groupManagement] INFO  server.RaftServerConfigKeys (ConfUtils.java:logGet(46)) - raft.server.log.purge.gap = 1000000 (custom)
2024-05-24 07:48:53,028 [5319acd4-0e99-4000-a29b-b8c741da6a3d-groupManagement] INFO  server.RaftServerConfigKeys (ConfUtils.java:logGet(46)) - raft.server.log.appender.buffer.byte-limit = 8388608 (custom)
2024-05-24 07:48:53,028 [5319acd4-0e99-4000-a29b-b8c741da6a3d-groupManagement] INFO  server.RaftServerConfigKeys (ConfUtils.java:logGet(46)) - raft.server.log.statemachine.data.read.timeout = 1000ms (default)
2024-05-24 07:48:53,028 [5319acd4-0e99-4000-a29b-b8c741da6a3d-groupManagement] INFO  server.RaftServerConfigKeys (ConfUtils.java:logGet(46)) - raft.server.log.purge.preservation.log.num = 0 (default)
2024-05-24 07:48:53,029 [EventQueue-OpenPipelineForHealthyPipelineSafeModeRule] INFO  safemode.SCMSafeModeManager (HealthyPipelineSafeModeRule.java:process(140)) - SCM in safe mode. Healthy pipelines reported count is 0, required healthy pipeline reported count is 1
2024-05-24 07:48:53,033 [5319acd4-0e99-4000-a29b-b8c741da6a3d-groupManagement] INFO  server.RaftServerConfigKeys (ConfUtils.java:logGet(46)) - raft.server.log.segment.size.max = 67108864 (custom)
2024-05-24 07:48:53,033 [5319acd4-0e99-4000-a29b-b8c741da6a3d-groupManagement] INFO  server.RaftServerConfigKeys (ConfUtils.java:logGet(46)) - raft.server.log.segment.cache.num.max = 2 (custom)
2024-05-24 07:48:53,034 [5319acd4-0e99-4000-a29b-b8c741da6a3d-groupManagement] INFO  server.RaftServerConfigKeys (ConfUtils.java:logGet(46)) - raft.server.log.segment.cache.size.max = 200MB (=209715200) (default)
2024-05-24 07:48:53,034 [5319acd4-0e99-4000-a29b-b8c741da6a3d-groupManagement] INFO  server.RaftServerConfigKeys (ConfUtils.java:logGet(46)) - raft.server.log.appender.buffer.byte-limit = 8388608 (custom)
2024-05-24 07:48:53,037 [5319acd4-0e99-4000-a29b-b8c741da6a3d-groupManagement] INFO  util.AwaitToRun (AwaitToRun.java:start(81)) - Thread[5319acd4-0e99-4000-a29b-b8c741da6a3d@group-0F5CF8F748CF-cacheEviction-AwaitToRun,5,main] started
2024-05-24 07:48:53,037 [5319acd4-0e99-4000-a29b-b8c741da6a3d-groupManagement] INFO  segmented.SegmentedRaftLogWorker (SegmentedRaftLogWorker.java:<init>(182)) - new 5319acd4-0e99-4000-a29b-b8c741da6a3d@group-0F5CF8F748CF-SegmentedRaftLogWorker for RaftStorageImpl:Storage Directory /home/runner/work/ozone/ozone/hadoop-ozone/integration-test/target/test-dir/MiniOzoneClusterImpl-b501fab0-540e-4575-af6e-dde2336b059e/ozone-meta/datanode-1/ratis/7028361f-0303-446a-8936-0f5cf8f748cf
2024-05-24 07:48:53,037 [5319acd4-0e99-4000-a29b-b8c741da6a3d-groupManagement] INFO  server.RaftServerConfigKeys (ConfUtils.java:logGet(46)) - raft.server.log.queue.byte-limit = 4294967296 (custom)
2024-05-24 07:48:53,037 [5319acd4-0e99-4000-a29b-b8c741da6a3d-groupManagement] INFO  server.RaftServerConfigKeys (ConfUtils.java:logGet(46)) - raft.server.log.queue.element-limit = 1024 (custom)
2024-05-24 07:48:53,037 [5319acd4-0e99-4000-a29b-b8c741da6a3d-groupManagement] INFO  server.RaftServerConfigKeys (ConfUtils.java:logGet(46)) - raft.server.log.segment.size.max = 67108864 (custom)
2024-05-24 07:48:53,037 [5319acd4-0e99-4000-a29b-b8c741da6a3d-groupManagement] INFO  server.RaftServerConfigKeys (ConfUtils.java:logGet(46)) - raft.server.log.preallocated.size = 4194304 (custom)
2024-05-24 07:48:53,037 [5319acd4-0e99-4000-a29b-b8c741da6a3d-groupManagement] INFO  server.RaftServerConfigKeys (ConfUtils.java:logGet(46)) - raft.server.log.force.sync.num = 128 (default)
2024-05-24 07:48:53,038 [5319acd4-0e99-4000-a29b-b8c741da6a3d-groupManagement] INFO  server.RaftServerConfigKeys (ConfUtils.java:logGet(46)) - raft.server.log.statemachine.data.sync = true (default)
2024-05-24 07:48:53,038 [5319acd4-0e99-4000-a29b-b8c741da6a3d-groupManagement] INFO  server.RaftServerConfigKeys (ConfUtils.java:logGet(46)) - raft.server.log.statemachine.data.sync.timeout = 10s (default)
2024-05-24 07:48:53,038 [5319acd4-0e99-4000-a29b-b8c741da6a3d-groupManagement] INFO  server.RaftServerConfigKeys (ConfUtils.java:logGet(46)) - raft.server.log.statemachine.data.sync.timeout.retry = 30 (custom)
2024-05-24 07:48:53,039 [5319acd4-0e99-4000-a29b-b8c741da6a3d-groupManagement] INFO  server.RaftServerConfigKeys (ConfUtils.java:logGet(46)) - raft.server.log.write.buffer.size = 8388616 (custom)
2024-05-24 07:48:53,041 [5319acd4-0e99-4000-a29b-b8c741da6a3d-groupManagement] INFO  server.RaftServerConfigKeys (ConfUtils.java:logGet(46)) - raft.server.log.appender.buffer.byte-limit = 8388608 (custom)
2024-05-24 07:48:53,041 [5319acd4-0e99-4000-a29b-b8c741da6a3d-groupManagement] INFO  server.RaftServerConfigKeys (ConfUtils.java:logGet(46)) - raft.server.log.unsafe-flush.enabled = false (default)
2024-05-24 07:48:53,041 [5319acd4-0e99-4000-a29b-b8c741da6a3d-groupManagement] INFO  server.RaftServerConfigKeys (ConfUtils.java:logGet(46)) - raft.server.log.async-flush.enabled = false (default)
2024-05-24 07:48:53,041 [5319acd4-0e99-4000-a29b-b8c741da6a3d-groupManagement] INFO  server.RaftServerConfigKeys (ConfUtils.java:logGet(46)) - raft.server.log.statemachine.data.caching.enabled = true (custom)
2024-05-24 07:48:53,041 [5319acd4-0e99-4000-a29b-b8c741da6a3d-groupManagement] INFO  segmented.SegmentedRaftLogWorker (SegmentedRaftLogWorker.java:lambda$new$0(134)) - 5319acd4-0e99-4000-a29b-b8c741da6a3d@group-0F5CF8F748CF-SegmentedRaftLogWorker: flushIndex: setUnconditionally 0 -> -1
2024-05-24 07:48:53,041 [5319acd4-0e99-4000-a29b-b8c741da6a3d-groupManagement] INFO  segmented.SegmentedRaftLogWorker (SegmentedRaftLogWorker.java:lambda$new$0(134)) - 5319acd4-0e99-4000-a29b-b8c741da6a3d@group-0F5CF8F748CF-SegmentedRaftLogWorker: safeCacheEvictIndex: setUnconditionally 0 -> -1
2024-05-24 07:48:53,042 [5319acd4-0e99-4000-a29b-b8c741da6a3d-groupManagement] INFO  server.RaftServer$Division (RaftServerImpl.java:start(396)) - 5319acd4-0e99-4000-a29b-b8c741da6a3d@group-0F5CF8F748CF: start as a follower, conf=-1: peers:[5de18b20-4c2d-46f3-add3-84b533bc57c8|127.0.0.1:15023, 5319acd4-0e99-4000-a29b-b8c741da6a3d|127.0.0.1:15014, 0f6129c7-dda1-4d42-8d75-6a3ef1e9116c|127.0.0.1:15032]|listeners:[], old=null
2024-05-24 07:48:53,042 [5319acd4-0e99-4000-a29b-b8c741da6a3d-groupManagement] INFO  server.RaftServer$Division (RaftServerImpl.java:setRole(383)) - 5319acd4-0e99-4000-a29b-b8c741da6a3d@group-0F5CF8F748CF: changes role from      null to FOLLOWER at term 0 for startAsFollower
2024-05-24 07:48:53,042 [5319acd4-0e99-4000-a29b-b8c741da6a3d-groupManagement] INFO  impl.RoleInfo (RoleInfo.java:updateAndGet(139)) - 5319acd4-0e99-4000-a29b-b8c741da6a3d: start 5319acd4-0e99-4000-a29b-b8c741da6a3d@group-0F5CF8F748CF-FollowerState
2024-05-24 07:48:53,042 [5319acd4-0e99-4000-a29b-b8c741da6a3d-groupManagement] INFO  util.JmxRegister (JmxRegister.java:tryRegister(44)) - Successfully registered JMX Bean with object name Ratis:service=RaftServer,group=group-0F5CF8F748CF,id=5319acd4-0e99-4000-a29b-b8c741da6a3d
2024-05-24 07:48:53,042 [5319acd4-0e99-4000-a29b-b8c741da6a3d-groupManagement] INFO  server.RaftServerConfigKeys (ConfUtils.java:logGet(46)) - raft.server.snapshot.trigger-when-stop.enabled = true (default)
2024-05-24 07:48:53,042 [5319acd4-0e99-4000-a29b-b8c741da6a3d-groupManagement] INFO  server.RaftServerConfigKeys (ConfUtils.java:logGet(46)) - raft.server.snapshot.auto.trigger.enabled = true (custom)
2024-05-24 07:48:53,042 [5319acd4-0e99-4000-a29b-b8c741da6a3d-groupManagement] INFO  server.RaftServerConfigKeys (ConfUtils.java:logGet(46)) - raft.server.snapshot.auto.trigger.threshold = 10000 (custom)
2024-05-24 07:48:53,042 [5319acd4-0e99-4000-a29b-b8c741da6a3d-groupManagement] INFO  server.RaftServerConfigKeys (ConfUtils.java:logGet(46)) - raft.server.snapshot.retention.file.num = 5 (custom)
2024-05-24 07:48:53,043 [5319acd4-0e99-4000-a29b-b8c741da6a3d-groupManagement] INFO  server.RaftServerConfigKeys (ConfUtils.java:logGet(46)) - raft.server.log.purge.upto.snapshot.index = false (default)
2024-05-24 07:48:53,044 [5319acd4-0e99-4000-a29b-b8c741da6a3d@group-0F5CF8F748CF-FollowerState] INFO  server.RaftServerConfigKeys (ConfUtils.java:logFallback(53)) - raft.server.rpc.first-election.timeout.min = 5s (fallback to raft.server.rpc.timeout.min)
2024-05-24 07:48:53,044 [5319acd4-0e99-4000-a29b-b8c741da6a3d@group-0F5CF8F748CF-FollowerState] INFO  server.RaftServerConfigKeys (ConfUtils.java:logFallback(53)) - raft.server.rpc.first-election.timeout.max = 5200ms (fallback to raft.server.rpc.timeout.max)
2024-05-24 07:48:53,044 [5319acd4-0e99-4000-a29b-b8c741da6a3d-PipelineCommandHandlerThread-0] INFO  ratis.XceiverServerRatis (XceiverServerRatis.java:addGroup(864)) - Created group PipelineID=7028361f-0303-446a-8936-0f5cf8f748cf
2024-05-24 07:48:53,107 [5de18b20-4c2d-46f3-add3-84b533bc57c8-PipelineCommandHandlerThread-0] INFO  server.RaftServer (RaftServerProxy.java:addNew(100)) - 5de18b20-4c2d-46f3-add3-84b533bc57c8: addNew group-3876656D7B98:[5de18b20-4c2d-46f3-add3-84b533bc57c8|127.0.0.1:15023] returns group-3876656D7B98:java.util.concurrent.CompletableFuture@593ea312[Not completed]
2024-05-24 07:48:53,109 [5de18b20-4c2d-46f3-add3-84b533bc57c8-groupManagement] INFO  server.RaftServer$Division (RaftServerImpl.java:<init>(256)) - 5de18b20-4c2d-46f3-add3-84b533bc57c8: new RaftServerImpl for group-3876656D7B98:[5de18b20-4c2d-46f3-add3-84b533bc57c8|127.0.0.1:15023] with ContainerStateMachine:uninitialized
2024-05-24 07:48:53,109 [5de18b20-4c2d-46f3-add3-84b533bc57c8-groupManagement] INFO  server.RaftServerConfigKeys (ConfUtils.java:logGet(46)) - raft.server.rpc.timeout.min = 5s (custom)
2024-05-24 07:48:53,110 [5de18b20-4c2d-46f3-add3-84b533bc57c8-groupManagement] INFO  server.RaftServerConfigKeys (ConfUtils.java:logGet(46)) - raft.server.rpc.timeout.max = 5200ms (custom)
2024-05-24 07:48:53,110 [5de18b20-4c2d-46f3-add3-84b533bc57c8-groupManagement] INFO  server.RaftServerConfigKeys (ConfUtils.java:logGet(46)) - raft.server.rpc.sleep.time = 25ms (default)
2024-05-24 07:48:53,110 [5de18b20-4c2d-46f3-add3-84b533bc57c8-groupManagement] INFO  server.RaftServerConfigKeys (ConfUtils.java:logGet(46)) - raft.server.rpc.slowness.timeout = 300s (custom)
2024-05-24 07:48:53,110 [5de18b20-4c2d-46f3-add3-84b533bc57c8-groupManagement] INFO  server.RaftServerConfigKeys (ConfUtils.java:logGet(46)) - raft.server.leaderelection.leader.step-down.wait-time = 10s (default)
2024-05-24 07:48:53,110 [5de18b20-4c2d-46f3-add3-84b533bc57c8-groupManagement] INFO  server.RaftServerConfigKeys (ConfUtils.java:logGet(46)) - raft.server.leaderelection.member.majority-add = false (default)
2024-05-24 07:48:53,110 [5de18b20-4c2d-46f3-add3-84b533bc57c8-groupManagement] INFO  server.RaftServerConfigKeys (ConfUtils.java:logGet(46)) - raft.server.sleep.deviation.threshold = 300ms (default)
2024-05-24 07:48:53,110 [5de18b20-4c2d-46f3-add3-84b533bc57c8-groupManagement] INFO  server.RaftServer$Division (ServerState.java:<init>(113)) - 5de18b20-4c2d-46f3-add3-84b533bc57c8@group-3876656D7B98: ConfigurationManager, init=-1: peers:[5de18b20-4c2d-46f3-add3-84b533bc57c8|127.0.0.1:15023]|listeners:[], old=null, confs=<EMPTY_MAP>
2024-05-24 07:48:53,110 [5de18b20-4c2d-46f3-add3-84b533bc57c8-groupManagement] INFO  server.RaftServerConfigKeys (ConfUtils.java:logGet(46)) - raft.server.notification.no-leader.timeout = 300s (custom)
2024-05-24 07:48:53,110 [5de18b20-4c2d-46f3-add3-84b533bc57c8-groupManagement] INFO  server.RaftServerConfigKeys (ConfUtils.java:logGet(46)) - raft.server.read.timeout = 10s (default)
2024-05-24 07:48:53,110 [5de18b20-4c2d-46f3-add3-84b533bc57c8-groupManagement] INFO  server.RaftServerConfigKeys (ConfUtils.java:logGet(46)) - raft.server.retrycache.expirytime = 600000ms (custom)
2024-05-24 07:48:53,110 [5de18b20-4c2d-46f3-add3-84b533bc57c8-groupManagement] INFO  server.RaftServerConfigKeys (ConfUtils.java:logGet(46)) - raft.server.retrycache.statistics.expirytime = 100ms (default)
2024-05-24 07:48:53,110 [5de18b20-4c2d-46f3-add3-84b533bc57c8-groupManagement] INFO  server.RaftServerConfigKeys (ConfUtils.java:logGet(46)) - raft.server.read.option = DEFAULT (default)
2024-05-24 07:48:53,110 [5de18b20-4c2d-46f3-add3-84b533bc57c8-groupManagement] INFO  server.RaftServerConfigKeys (ConfUtils.java:logGet(46)) - raft.server.read.read-after-write-consistent.write-index-cache.expiry-time = 60s (default)
2024-05-24 07:48:53,123 [5de18b20-4c2d-46f3-add3-84b533bc57c8-groupManagement] INFO  server.RaftServerConfigKeys (ConfUtils.java:logGet(46)) - raft.server.rpc.request.timeout = 60s (custom)
2024-05-24 07:48:53,124 [5de18b20-4c2d-46f3-add3-84b533bc57c8-groupManagement] INFO  server.RaftServerConfigKeys (ConfUtils.java:logGet(46)) - raft.server.log.appender.install.snapshot.enabled = false (custom)
2024-05-24 07:48:53,124 [5de18b20-4c2d-46f3-add3-84b533bc57c8-groupManagement] INFO  server.RaftServerConfigKeys (ConfUtils.java:logGet(46)) - raft.server.threadpool.server.cached = true (default)
2024-05-24 07:48:53,124 [5de18b20-4c2d-46f3-add3-84b533bc57c8-groupManagement] INFO  server.RaftServerConfigKeys (ConfUtils.java:logGet(46)) - raft.server.threadpool.server.size = 0 (default)
2024-05-24 07:48:53,124 [5de18b20-4c2d-46f3-add3-84b533bc57c8-groupManagement] INFO  server.RaftServerConfigKeys (ConfUtils.java:logGet(46)) - raft.server.threadpool.client.cached = true (default)
2024-05-24 07:48:53,124 [5de18b20-4c2d-46f3-add3-84b533bc57c8-groupManagement] INFO  server.RaftServerConfigKeys (ConfUtils.java:logGet(46)) - raft.server.threadpool.client.size = 0 (default)
2024-05-24 07:48:53,124 [5de18b20-4c2d-46f3-add3-84b533bc57c8-groupManagement] INFO  server.RaftServerConfigKeys (ConfUtils.java:logGet(46)) - raft.server.storage.free-space.min = 0MB (=0) (default)
2024-05-24 07:48:53,124 [5de18b20-4c2d-46f3-add3-84b533bc57c8-groupManagement] INFO  server.RaftServerConfigKeys (ConfUtils.java:logGet(46)) - raft.server.log.corruption.policy = EXCEPTION (default)
2024-05-24 07:48:53,124 [5de18b20-4c2d-46f3-add3-84b533bc57c8-groupManagement] INFO  server.RaftServerConfigKeys (ConfUtils.java:logGet(46)) - raft.server.storage.dir = [/home/runner/work/ozone/ozone/hadoop-ozone/integration-test/target/test-dir/MiniOzoneClusterImpl-b501fab0-540e-4575-af6e-dde2336b059e/ozone-meta/datanode-2/ratis] (custom)
2024-05-24 07:48:53,124 [5de18b20-4c2d-46f3-add3-84b533bc57c8-groupManagement] INFO  storage.RaftStorageDirectory (RaftStorageDirectoryImpl.java:analyzeStorage(138)) - The storage directory /home/runner/work/ozone/ozone/hadoop-ozone/integration-test/target/test-dir/MiniOzoneClusterImpl-b501fab0-540e-4575-af6e-dde2336b059e/ozone-meta/datanode-2/ratis/ce5d9c1a-b199-4f2c-bacd-3876656d7b98 does not exist. Creating ...
2024-05-24 07:48:53,126 [5de18b20-4c2d-46f3-add3-84b533bc57c8-groupManagement] INFO  storage.RaftStorageDirectory (RaftStorageDirectoryImpl.java:tryLock(228)) - Lock on /home/runner/work/ozone/ozone/hadoop-ozone/integration-test/target/test-dir/MiniOzoneClusterImpl-b501fab0-540e-4575-af6e-dde2336b059e/ozone-meta/datanode-2/ratis/ce5d9c1a-b199-4f2c-bacd-3876656d7b98/in_use.lock acquired by nodename 29770@fv-az779-985
2024-05-24 07:48:53,127 [5de18b20-4c2d-46f3-add3-84b533bc57c8-groupManagement] INFO  storage.RaftStorage (RaftStorageImpl.java:format(99)) - Storage directory /home/runner/work/ozone/ozone/hadoop-ozone/integration-test/target/test-dir/MiniOzoneClusterImpl-b501fab0-540e-4575-af6e-dde2336b059e/ozone-meta/datanode-2/ratis/ce5d9c1a-b199-4f2c-bacd-3876656d7b98 has been successfully formatted.
2024-05-24 07:48:53,128 [5de18b20-4c2d-46f3-add3-84b533bc57c8-groupManagement] WARN  util.FileUtils (LogUtils.java:supplyAndLog(63)) - Failed to Files.newInputStream /home/runner/work/ozone/ozone/hadoop-ozone/integration-test/target/test-dir/MiniOzoneClusterImpl-b501fab0-540e-4575-af6e-dde2336b059e/ozone-meta/datanode-2/ratis/ce5d9c1a-b199-4f2c-bacd-3876656d7b98/current/raft-meta.conf with options []: java.nio.file.NoSuchFileException: /home/runner/work/ozone/ozone/hadoop-ozone/integration-test/target/test-dir/MiniOzoneClusterImpl-b501fab0-540e-4575-af6e-dde2336b059e/ozone-meta/datanode-2/ratis/ce5d9c1a-b199-4f2c-bacd-3876656d7b98/current/raft-meta.conf
2024-05-24 07:48:53,128 [5de18b20-4c2d-46f3-add3-84b533bc57c8-groupManagement] INFO  ratis.ContainerStateMachine (ContainerStateMachine.java:loadSnapshot(287)) - group-3876656D7B98: The snapshot info is null. Setting the last applied index to:(t:0, i:~)
2024-05-24 07:48:53,129 [5de18b20-4c2d-46f3-add3-84b533bc57c8-groupManagement] INFO  server.RaftServerConfigKeys (ConfUtils.java:logGet(46)) - raft.server.log.use.memory = false (default)
2024-05-24 07:48:53,129 [5de18b20-4c2d-46f3-add3-84b533bc57c8-groupManagement] INFO  server.RaftServerConfigKeys (ConfUtils.java:logGet(46)) - raft.server.log.purge.gap = 1000000 (custom)
2024-05-24 07:48:53,129 [5de18b20-4c2d-46f3-add3-84b533bc57c8-groupManagement] INFO  server.RaftServerConfigKeys (ConfUtils.java:logGet(46)) - raft.server.log.appender.buffer.byte-limit = 8388608 (custom)
2024-05-24 07:48:53,129 [5de18b20-4c2d-46f3-add3-84b533bc57c8-groupManagement] INFO  server.RaftServerConfigKeys (ConfUtils.java:logGet(46)) - raft.server.log.statemachine.data.read.timeout = 1000ms (default)
2024-05-24 07:48:53,129 [5de18b20-4c2d-46f3-add3-84b533bc57c8-groupManagement] INFO  server.RaftServerConfigKeys (ConfUtils.java:logGet(46)) - raft.server.log.purge.preservation.log.num = 0 (default)
2024-05-24 07:48:53,131 [EventQueue-PipelineReportForPipelineReportHandler] INFO  pipeline.PipelineReportHandler (PipelineReportHandler.java:processPipelineReport(136)) - Opened pipeline PipelineID=ce5d9c1a-b199-4f2c-bacd-3876656d7b98
2024-05-24 07:48:53,131 [EventQueue-OpenPipelineForHealthyPipelineSafeModeRule] INFO  safemode.SCMSafeModeManager (HealthyPipelineSafeModeRule.java:process(140)) - SCM in safe mode. Healthy pipelines reported count is 0, required healthy pipeline reported count is 1
2024-05-24 07:48:53,134 [5de18b20-4c2d-46f3-add3-84b533bc57c8-groupManagement] INFO  server.RaftServerConfigKeys (ConfUtils.java:logGet(46)) - raft.server.log.segment.size.max = 67108864 (custom)
2024-05-24 07:48:53,135 [5de18b20-4c2d-46f3-add3-84b533bc57c8-groupManagement] INFO  server.RaftServerConfigKeys (ConfUtils.java:logGet(46)) - raft.server.log.segment.cache.num.max = 2 (custom)
2024-05-24 07:48:53,136 [5de18b20-4c2d-46f3-add3-84b533bc57c8-groupManagement] INFO  server.RaftServerConfigKeys (ConfUtils.java:logGet(46)) - raft.server.log.segment.cache.size.max = 200MB (=209715200) (default)
2024-05-24 07:48:53,136 [5de18b20-4c2d-46f3-add3-84b533bc57c8-groupManagement] INFO  server.RaftServerConfigKeys (ConfUtils.java:logGet(46)) - raft.server.log.appender.buffer.byte-limit = 8388608 (custom)
2024-05-24 07:48:53,148 [5de18b20-4c2d-46f3-add3-84b533bc57c8-groupManagement] INFO  util.AwaitToRun (AwaitToRun.java:start(81)) - Thread[5de18b20-4c2d-46f3-add3-84b533bc57c8@group-3876656D7B98-cacheEviction-AwaitToRun,5,main] started
2024-05-24 07:48:53,148 [5de18b20-4c2d-46f3-add3-84b533bc57c8-groupManagement] INFO  segmented.SegmentedRaftLogWorker (SegmentedRaftLogWorker.java:<init>(182)) - new 5de18b20-4c2d-46f3-add3-84b533bc57c8@group-3876656D7B98-SegmentedRaftLogWorker for RaftStorageImpl:Storage Directory /home/runner/work/ozone/ozone/hadoop-ozone/integration-test/target/test-dir/MiniOzoneClusterImpl-b501fab0-540e-4575-af6e-dde2336b059e/ozone-meta/datanode-2/ratis/ce5d9c1a-b199-4f2c-bacd-3876656d7b98
2024-05-24 07:48:53,148 [5de18b20-4c2d-46f3-add3-84b533bc57c8-groupManagement] INFO  server.RaftServerConfigKeys (ConfUtils.java:logGet(46)) - raft.server.log.queue.byte-limit = 4294967296 (custom)
2024-05-24 07:48:53,148 [5de18b20-4c2d-46f3-add3-84b533bc57c8-groupManagement] INFO  server.RaftServerConfigKeys (ConfUtils.java:logGet(46)) - raft.server.log.queue.element-limit = 1024 (custom)
2024-05-24 07:48:53,148 [5de18b20-4c2d-46f3-add3-84b533bc57c8-groupManagement] INFO  server.RaftServerConfigKeys (ConfUtils.java:logGet(46)) - raft.server.log.segment.size.max = 67108864 (custom)
2024-05-24 07:48:53,149 [5de18b20-4c2d-46f3-add3-84b533bc57c8-groupManagement] INFO  server.RaftServerConfigKeys (ConfUtils.java:logGet(46)) - raft.server.log.preallocated.size = 4194304 (custom)
2024-05-24 07:48:53,149 [5de18b20-4c2d-46f3-add3-84b533bc57c8-groupManagement] INFO  server.RaftServerConfigKeys (ConfUtils.java:logGet(46)) - raft.server.log.force.sync.num = 128 (default)
2024-05-24 07:48:53,149 [5de18b20-4c2d-46f3-add3-84b533bc57c8-groupManagement] INFO  server.RaftServerConfigKeys (ConfUtils.java:logGet(46)) - raft.server.log.statemachine.data.sync = true (default)
2024-05-24 07:48:53,149 [5de18b20-4c2d-46f3-add3-84b533bc57c8-groupManagement] INFO  server.RaftServerConfigKeys (ConfUtils.java:logGet(46)) - raft.server.log.statemachine.data.sync.timeout = 10s (default)
2024-05-24 07:48:53,149 [5de18b20-4c2d-46f3-add3-84b533bc57c8-groupManagement] INFO  server.RaftServerConfigKeys (ConfUtils.java:logGet(46)) - raft.server.log.statemachine.data.sync.timeout.retry = 30 (custom)
2024-05-24 07:48:53,149 [5de18b20-4c2d-46f3-add3-84b533bc57c8-groupManagement] INFO  server.RaftServerConfigKeys (ConfUtils.java:logGet(46)) - raft.server.log.write.buffer.size = 8388616 (custom)
2024-05-24 07:48:53,152 [5de18b20-4c2d-46f3-add3-84b533bc57c8-groupManagement] INFO  server.RaftServerConfigKeys (ConfUtils.java:logGet(46)) - raft.server.log.appender.buffer.byte-limit = 8388608 (custom)
2024-05-24 07:48:53,152 [5de18b20-4c2d-46f3-add3-84b533bc57c8-groupManagement] INFO  server.RaftServerConfigKeys (ConfUtils.java:logGet(46)) - raft.server.log.unsafe-flush.enabled = false (default)
2024-05-24 07:48:53,152 [5de18b20-4c2d-46f3-add3-84b533bc57c8-groupManagement] INFO  server.RaftServerConfigKeys (ConfUtils.java:logGet(46)) - raft.server.log.async-flush.enabled = false (default)
2024-05-24 07:48:53,152 [5de18b20-4c2d-46f3-add3-84b533bc57c8-groupManagement] INFO  server.RaftServerConfigKeys (ConfUtils.java:logGet(46)) - raft.server.log.statemachine.data.caching.enabled = true (custom)
2024-05-24 07:48:53,152 [5de18b20-4c2d-46f3-add3-84b533bc57c8-groupManagement] INFO  segmented.SegmentedRaftLogWorker (SegmentedRaftLogWorker.java:lambda$new$0(134)) - 5de18b20-4c2d-46f3-add3-84b533bc57c8@group-3876656D7B98-SegmentedRaftLogWorker: flushIndex: setUnconditionally 0 -> -1
2024-05-24 07:48:53,152 [5de18b20-4c2d-46f3-add3-84b533bc57c8-groupManagement] INFO  segmented.SegmentedRaftLogWorker (SegmentedRaftLogWorker.java:lambda$new$0(134)) - 5de18b20-4c2d-46f3-add3-84b533bc57c8@group-3876656D7B98-SegmentedRaftLogWorker: safeCacheEvictIndex: setUnconditionally 0 -> -1
2024-05-24 07:48:53,156 [5de18b20-4c2d-46f3-add3-84b533bc57c8-groupManagement] INFO  server.RaftServer$Division (RaftServerImpl.java:start(396)) - 5de18b20-4c2d-46f3-add3-84b533bc57c8@group-3876656D7B98: start as a follower, conf=-1: peers:[5de18b20-4c2d-46f3-add3-84b533bc57c8|127.0.0.1:15023]|listeners:[], old=null
2024-05-24 07:48:53,156 [5de18b20-4c2d-46f3-add3-84b533bc57c8-groupManagement] INFO  server.RaftServer$Division (RaftServerImpl.java:setRole(383)) - 5de18b20-4c2d-46f3-add3-84b533bc57c8@group-3876656D7B98: changes role from      null to FOLLOWER at term 0 for startAsFollower
2024-05-24 07:48:53,156 [5de18b20-4c2d-46f3-add3-84b533bc57c8-groupManagement] INFO  impl.RoleInfo (RoleInfo.java:updateAndGet(139)) - 5de18b20-4c2d-46f3-add3-84b533bc57c8: start 5de18b20-4c2d-46f3-add3-84b533bc57c8@group-3876656D7B98-FollowerState
2024-05-24 07:48:53,172 [5de18b20-4c2d-46f3-add3-84b533bc57c8@group-3876656D7B98-FollowerState] INFO  server.RaftServerConfigKeys (ConfUtils.java:logFallback(53)) - raft.server.rpc.first-election.timeout.min = 5s (fallback to raft.server.rpc.timeout.min)
2024-05-24 07:48:53,172 [5de18b20-4c2d-46f3-add3-84b533bc57c8-groupManagement] INFO  util.JmxRegister (JmxRegister.java:tryRegister(44)) - Successfully registered JMX Bean with object name Ratis:service=RaftServer,group=group-3876656D7B98,id=5de18b20-4c2d-46f3-add3-84b533bc57c8
2024-05-24 07:48:53,172 [5de18b20-4c2d-46f3-add3-84b533bc57c8@group-3876656D7B98-FollowerState] INFO  server.RaftServerConfigKeys (ConfUtils.java:logFallback(53)) - raft.server.rpc.first-election.timeout.max = 5200ms (fallback to raft.server.rpc.timeout.max)
2024-05-24 07:48:53,172 [5de18b20-4c2d-46f3-add3-84b533bc57c8-groupManagement] INFO  server.RaftServerConfigKeys (ConfUtils.java:logGet(46)) - raft.server.snapshot.trigger-when-stop.enabled = true (default)
2024-05-24 07:48:53,172 [5de18b20-4c2d-46f3-add3-84b533bc57c8-groupManagement] INFO  server.RaftServerConfigKeys (ConfUtils.java:logGet(46)) - raft.server.snapshot.auto.trigger.enabled = true (custom)
2024-05-24 07:48:53,172 [5de18b20-4c2d-46f3-add3-84b533bc57c8-groupManagement] INFO  server.RaftServerConfigKeys (ConfUtils.java:logGet(46)) - raft.server.snapshot.auto.trigger.threshold = 10000 (custom)
2024-05-24 07:48:53,173 [5de18b20-4c2d-46f3-add3-84b533bc57c8-groupManagement] INFO  server.RaftServerConfigKeys (ConfUtils.java:logGet(46)) - raft.server.snapshot.retention.file.num = 5 (custom)
2024-05-24 07:48:53,173 [5de18b20-4c2d-46f3-add3-84b533bc57c8-groupManagement] INFO  server.RaftServerConfigKeys (ConfUtils.java:logGet(46)) - raft.server.log.purge.upto.snapshot.index = false (default)
2024-05-24 07:48:53,174 [5de18b20-4c2d-46f3-add3-84b533bc57c8-PipelineCommandHandlerThread-0] INFO  ratis.XceiverServerRatis (XceiverServerRatis.java:addGroup(864)) - Created group PipelineID=ce5d9c1a-b199-4f2c-bacd-3876656d7b98
2024-05-24 07:48:53,174 [5de18b20-4c2d-46f3-add3-84b533bc57c8-PipelineCommandHandlerThread-0] INFO  commandhandler.CreatePipelineCommandHandler (CreatePipelineCommandHandler.java:lambda$handle$2(124)) - Created Pipeline RATIS ONE PipelineID=ce5d9c1a-b199-4f2c-bacd-3876656d7b98.
2024-05-24 07:48:53,175 [5de18b20-4c2d-46f3-add3-84b533bc57c8-PipelineCommandHandlerThread-0] INFO  server.RaftServer (RaftServerProxy.java:addNew(100)) - 5de18b20-4c2d-46f3-add3-84b533bc57c8: addNew group-0F5CF8F748CF:[5de18b20-4c2d-46f3-add3-84b533bc57c8|127.0.0.1:15023, 5319acd4-0e99-4000-a29b-b8c741da6a3d|127.0.0.1:15014, 0f6129c7-dda1-4d42-8d75-6a3ef1e9116c|127.0.0.1:15032] returns group-0F5CF8F748CF:java.util.concurrent.CompletableFuture@5d012ced[Not completed]
2024-05-24 07:48:53,176 [5de18b20-4c2d-46f3-add3-84b533bc57c8-groupManagement] INFO  server.RaftServer$Division (RaftServerImpl.java:<init>(256)) - 5de18b20-4c2d-46f3-add3-84b533bc57c8: new RaftServerImpl for group-0F5CF8F748CF:[5de18b20-4c2d-46f3-add3-84b533bc57c8|127.0.0.1:15023, 5319acd4-0e99-4000-a29b-b8c741da6a3d|127.0.0.1:15014, 0f6129c7-dda1-4d42-8d75-6a3ef1e9116c|127.0.0.1:15032] with ContainerStateMachine:uninitialized
2024-05-24 07:48:53,176 [5de18b20-4c2d-46f3-add3-84b533bc57c8-groupManagement] INFO  server.RaftServerConfigKeys (ConfUtils.java:logGet(46)) - raft.server.rpc.timeout.min = 5s (custom)
2024-05-24 07:48:53,176 [5de18b20-4c2d-46f3-add3-84b533bc57c8-groupManagement] INFO  server.RaftServerConfigKeys (ConfUtils.java:logGet(46)) - raft.server.rpc.timeout.max = 5200ms (custom)
2024-05-24 07:48:53,176 [5de18b20-4c2d-46f3-add3-84b533bc57c8-groupManagement] INFO  server.RaftServerConfigKeys (ConfUtils.java:logGet(46)) - raft.server.rpc.sleep.time = 25ms (default)
2024-05-24 07:48:53,176 [5de18b20-4c2d-46f3-add3-84b533bc57c8-groupManagement] INFO  server.RaftServerConfigKeys (ConfUtils.java:logGet(46)) - raft.server.rpc.slowness.timeout = 300s (custom)
2024-05-24 07:48:53,176 [5de18b20-4c2d-46f3-add3-84b533bc57c8-groupManagement] INFO  server.RaftServerConfigKeys (ConfUtils.java:logGet(46)) - raft.server.leaderelection.leader.step-down.wait-time = 10s (default)
2024-05-24 07:48:53,176 [5de18b20-4c2d-46f3-add3-84b533bc57c8-groupManagement] INFO  server.RaftServerConfigKeys (ConfUtils.java:logGet(46)) - raft.server.leaderelection.member.majority-add = false (default)
2024-05-24 07:48:53,176 [5de18b20-4c2d-46f3-add3-84b533bc57c8-groupManagement] INFO  server.RaftServerConfigKeys (ConfUtils.java:logGet(46)) - raft.server.sleep.deviation.threshold = 300ms (default)
2024-05-24 07:48:53,176 [5de18b20-4c2d-46f3-add3-84b533bc57c8-groupManagement] INFO  server.RaftServer$Division (ServerState.java:<init>(113)) - 5de18b20-4c2d-46f3-add3-84b533bc57c8@group-0F5CF8F748CF: ConfigurationManager, init=-1: peers:[5de18b20-4c2d-46f3-add3-84b533bc57c8|127.0.0.1:15023, 5319acd4-0e99-4000-a29b-b8c741da6a3d|127.0.0.1:15014, 0f6129c7-dda1-4d42-8d75-6a3ef1e9116c|127.0.0.1:15032]|listeners:[], old=null, confs=<EMPTY_MAP>
2024-05-24 07:48:53,176 [5de18b20-4c2d-46f3-add3-84b533bc57c8-groupManagement] INFO  server.RaftServerConfigKeys (ConfUtils.java:logGet(46)) - raft.server.notification.no-leader.timeout = 300s (custom)
2024-05-24 07:48:53,176 [5de18b20-4c2d-46f3-add3-84b533bc57c8-groupManagement] INFO  server.RaftServerConfigKeys (ConfUtils.java:logGet(46)) - raft.server.read.timeout = 10s (default)
2024-05-24 07:48:53,176 [5de18b20-4c2d-46f3-add3-84b533bc57c8-groupManagement] INFO  server.RaftServerConfigKeys (ConfUtils.java:logGet(46)) - raft.server.retrycache.expirytime = 600000ms (custom)
2024-05-24 07:48:53,177 [5de18b20-4c2d-46f3-add3-84b533bc57c8-groupManagement] INFO  server.RaftServerConfigKeys (ConfUtils.java:logGet(46)) - raft.server.retrycache.statistics.expirytime = 100ms (default)
2024-05-24 07:48:53,177 [5de18b20-4c2d-46f3-add3-84b533bc57c8-groupManagement] INFO  server.RaftServerConfigKeys (ConfUtils.java:logGet(46)) - raft.server.read.option = DEFAULT (default)
2024-05-24 07:48:53,177 [5de18b20-4c2d-46f3-add3-84b533bc57c8-groupManagement] INFO  server.RaftServerConfigKeys (ConfUtils.java:logGet(46)) - raft.server.read.read-after-write-consistent.write-index-cache.expiry-time = 60s (default)
2024-05-24 07:48:53,183 [5de18b20-4c2d-46f3-add3-84b533bc57c8-groupManagement] INFO  server.RaftServerConfigKeys (ConfUtils.java:logGet(46)) - raft.server.rpc.request.timeout = 60s (custom)
2024-05-24 07:48:53,183 [5de18b20-4c2d-46f3-add3-84b533bc57c8-groupManagement] INFO  server.RaftServerConfigKeys (ConfUtils.java:logGet(46)) - raft.server.log.appender.install.snapshot.enabled = false (custom)
2024-05-24 07:48:53,183 [5de18b20-4c2d-46f3-add3-84b533bc57c8-groupManagement] INFO  server.RaftServerConfigKeys (ConfUtils.java:logGet(46)) - raft.server.threadpool.server.cached = true (default)
2024-05-24 07:48:53,183 [5de18b20-4c2d-46f3-add3-84b533bc57c8-groupManagement] INFO  server.RaftServerConfigKeys (ConfUtils.java:logGet(46)) - raft.server.threadpool.server.size = 0 (default)
2024-05-24 07:48:53,183 [5de18b20-4c2d-46f3-add3-84b533bc57c8-groupManagement] INFO  server.RaftServerConfigKeys (ConfUtils.java:logGet(46)) - raft.server.threadpool.client.cached = true (default)
2024-05-24 07:48:53,183 [5de18b20-4c2d-46f3-add3-84b533bc57c8-groupManagement] INFO  server.RaftServerConfigKeys (ConfUtils.java:logGet(46)) - raft.server.threadpool.client.size = 0 (default)
2024-05-24 07:48:53,183 [5de18b20-4c2d-46f3-add3-84b533bc57c8-groupManagement] INFO  server.RaftServerConfigKeys (ConfUtils.java:logGet(46)) - raft.server.storage.free-space.min = 0MB (=0) (default)
2024-05-24 07:48:53,183 [5de18b20-4c2d-46f3-add3-84b533bc57c8-groupManagement] INFO  server.RaftServerConfigKeys (ConfUtils.java:logGet(46)) - raft.server.log.corruption.policy = EXCEPTION (default)
2024-05-24 07:48:53,183 [5de18b20-4c2d-46f3-add3-84b533bc57c8-groupManagement] INFO  server.RaftServerConfigKeys (ConfUtils.java:logGet(46)) - raft.server.storage.dir = [/home/runner/work/ozone/ozone/hadoop-ozone/integration-test/target/test-dir/MiniOzoneClusterImpl-b501fab0-540e-4575-af6e-dde2336b059e/ozone-meta/datanode-2/ratis] (custom)
2024-05-24 07:48:53,184 [5de18b20-4c2d-46f3-add3-84b533bc57c8-groupManagement] INFO  storage.RaftStorageDirectory (RaftStorageDirectoryImpl.java:analyzeStorage(138)) - The storage directory /home/runner/work/ozone/ozone/hadoop-ozone/integration-test/target/test-dir/MiniOzoneClusterImpl-b501fab0-540e-4575-af6e-dde2336b059e/ozone-meta/datanode-2/ratis/7028361f-0303-446a-8936-0f5cf8f748cf does not exist. Creating ...
2024-05-24 07:48:53,185 [5de18b20-4c2d-46f3-add3-84b533bc57c8-groupManagement] INFO  storage.RaftStorageDirectory (RaftStorageDirectoryImpl.java:tryLock(228)) - Lock on /home/runner/work/ozone/ozone/hadoop-ozone/integration-test/target/test-dir/MiniOzoneClusterImpl-b501fab0-540e-4575-af6e-dde2336b059e/ozone-meta/datanode-2/ratis/7028361f-0303-446a-8936-0f5cf8f748cf/in_use.lock acquired by nodename 29770@fv-az779-985
2024-05-24 07:48:53,186 [5de18b20-4c2d-46f3-add3-84b533bc57c8-groupManagement] INFO  storage.RaftStorage (RaftStorageImpl.java:format(99)) - Storage directory /home/runner/work/ozone/ozone/hadoop-ozone/integration-test/target/test-dir/MiniOzoneClusterImpl-b501fab0-540e-4575-af6e-dde2336b059e/ozone-meta/datanode-2/ratis/7028361f-0303-446a-8936-0f5cf8f748cf has been successfully formatted.
2024-05-24 07:48:53,186 [5de18b20-4c2d-46f3-add3-84b533bc57c8-groupManagement] WARN  util.FileUtils (LogUtils.java:supplyAndLog(63)) - Failed to Files.newInputStream /home/runner/work/ozone/ozone/hadoop-ozone/integration-test/target/test-dir/MiniOzoneClusterImpl-b501fab0-540e-4575-af6e-dde2336b059e/ozone-meta/datanode-2/ratis/7028361f-0303-446a-8936-0f5cf8f748cf/current/raft-meta.conf with options []: java.nio.file.NoSuchFileException: /home/runner/work/ozone/ozone/hadoop-ozone/integration-test/target/test-dir/MiniOzoneClusterImpl-b501fab0-540e-4575-af6e-dde2336b059e/ozone-meta/datanode-2/ratis/7028361f-0303-446a-8936-0f5cf8f748cf/current/raft-meta.conf
2024-05-24 07:48:53,187 [5de18b20-4c2d-46f3-add3-84b533bc57c8-groupManagement] INFO  ratis.ContainerStateMachine (ContainerStateMachine.java:loadSnapshot(287)) - group-0F5CF8F748CF: The snapshot info is null. Setting the last applied index to:(t:0, i:~)
2024-05-24 07:48:53,187 [5de18b20-4c2d-46f3-add3-84b533bc57c8-groupManagement] INFO  server.RaftServerConfigKeys (ConfUtils.java:logGet(46)) - raft.server.log.use.memory = false (default)
2024-05-24 07:48:53,187 [5de18b20-4c2d-46f3-add3-84b533bc57c8-groupManagement] INFO  server.RaftServerConfigKeys (ConfUtils.java:logGet(46)) - raft.server.log.purge.gap = 1000000 (custom)
2024-05-24 07:48:53,187 [5de18b20-4c2d-46f3-add3-84b533bc57c8-groupManagement] INFO  server.RaftServerConfigKeys (ConfUtils.java:logGet(46)) - raft.server.log.appender.buffer.byte-limit = 8388608 (custom)
2024-05-24 07:48:53,188 [5de18b20-4c2d-46f3-add3-84b533bc57c8-groupManagement] INFO  server.RaftServerConfigKeys (ConfUtils.java:logGet(46)) - raft.server.log.statemachine.data.read.timeout = 1000ms (default)
2024-05-24 07:48:53,188 [5de18b20-4c2d-46f3-add3-84b533bc57c8-groupManagement] INFO  server.RaftServerConfigKeys (ConfUtils.java:logGet(46)) - raft.server.log.purge.preservation.log.num = 0 (default)
2024-05-24 07:48:53,188 [EventQueue-OpenPipelineForHealthyPipelineSafeModeRule] INFO  safemode.SCMSafeModeManager (HealthyPipelineSafeModeRule.java:process(140)) - SCM in safe mode. Healthy pipelines reported count is 0, required healthy pipeline reported count is 1
2024-05-24 07:48:53,190 [5de18b20-4c2d-46f3-add3-84b533bc57c8-groupManagement] INFO  server.RaftServerConfigKeys (ConfUtils.java:logGet(46)) - raft.server.log.segment.size.max = 67108864 (custom)
2024-05-24 07:48:53,191 [5de18b20-4c2d-46f3-add3-84b533bc57c8-groupManagement] INFO  server.RaftServerConfigKeys (ConfUtils.java:logGet(46)) - raft.server.log.segment.cache.num.max = 2 (custom)
2024-05-24 07:48:53,191 [5de18b20-4c2d-46f3-add3-84b533bc57c8-groupManagement] INFO  server.RaftServerConfigKeys (ConfUtils.java:logGet(46)) - raft.server.log.segment.cache.size.max = 200MB (=209715200) (default)
2024-05-24 07:48:53,191 [5de18b20-4c2d-46f3-add3-84b533bc57c8-groupManagement] INFO  server.RaftServerConfigKeys (ConfUtils.java:logGet(46)) - raft.server.log.appender.buffer.byte-limit = 8388608 (custom)
2024-05-24 07:48:53,204 [5de18b20-4c2d-46f3-add3-84b533bc57c8-groupManagement] INFO  util.AwaitToRun (AwaitToRun.java:start(81)) - Thread[5de18b20-4c2d-46f3-add3-84b533bc57c8@group-0F5CF8F748CF-cacheEviction-AwaitToRun,5,main] started
2024-05-24 07:48:53,204 [5de18b20-4c2d-46f3-add3-84b533bc57c8-groupManagement] INFO  segmented.SegmentedRaftLogWorker (SegmentedRaftLogWorker.java:<init>(182)) - new 5de18b20-4c2d-46f3-add3-84b533bc57c8@group-0F5CF8F748CF-SegmentedRaftLogWorker for RaftStorageImpl:Storage Directory /home/runner/work/ozone/ozone/hadoop-ozone/integration-test/target/test-dir/MiniOzoneClusterImpl-b501fab0-540e-4575-af6e-dde2336b059e/ozone-meta/datanode-2/ratis/7028361f-0303-446a-8936-0f5cf8f748cf
2024-05-24 07:48:53,204 [5de18b20-4c2d-46f3-add3-84b533bc57c8-groupManagement] INFO  server.RaftServerConfigKeys (ConfUtils.java:logGet(46)) - raft.server.log.queue.byte-limit = 4294967296 (custom)
2024-05-24 07:48:53,205 [5de18b20-4c2d-46f3-add3-84b533bc57c8-groupManagement] INFO  server.RaftServerConfigKeys (ConfUtils.java:logGet(46)) - raft.server.log.queue.element-limit = 1024 (custom)
2024-05-24 07:48:53,205 [5de18b20-4c2d-46f3-add3-84b533bc57c8-groupManagement] INFO  server.RaftServerConfigKeys (ConfUtils.java:logGet(46)) - raft.server.log.segment.size.max = 67108864 (custom)
2024-05-24 07:48:53,205 [5de18b20-4c2d-46f3-add3-84b533bc57c8-groupManagement] INFO  server.RaftServerConfigKeys (ConfUtils.java:logGet(46)) - raft.server.log.preallocated.size = 4194304 (custom)
2024-05-24 07:48:53,205 [5de18b20-4c2d-46f3-add3-84b533bc57c8-groupManagement] INFO  server.RaftServerConfigKeys (ConfUtils.java:logGet(46)) - raft.server.log.force.sync.num = 128 (default)
2024-05-24 07:48:53,205 [5de18b20-4c2d-46f3-add3-84b533bc57c8-groupManagement] INFO  server.RaftServerConfigKeys (ConfUtils.java:logGet(46)) - raft.server.log.statemachine.data.sync = true (default)
2024-05-24 07:48:53,205 [5de18b20-4c2d-46f3-add3-84b533bc57c8-groupManagement] INFO  server.RaftServerConfigKeys (ConfUtils.java:logGet(46)) - raft.server.log.statemachine.data.sync.timeout = 10s (default)
2024-05-24 07:48:53,205 [5de18b20-4c2d-46f3-add3-84b533bc57c8-groupManagement] INFO  server.RaftServerConfigKeys (ConfUtils.java:logGet(46)) - raft.server.log.statemachine.data.sync.timeout.retry = 30 (custom)
2024-05-24 07:48:53,207 [5de18b20-4c2d-46f3-add3-84b533bc57c8-groupManagement] INFO  server.RaftServerConfigKeys (ConfUtils.java:logGet(46)) - raft.server.log.write.buffer.size = 8388616 (custom)
2024-05-24 07:48:53,209 [5de18b20-4c2d-46f3-add3-84b533bc57c8-groupManagement] INFO  server.RaftServerConfigKeys (ConfUtils.java:logGet(46)) - raft.server.log.appender.buffer.byte-limit = 8388608 (custom)
2024-05-24 07:48:53,209 [5de18b20-4c2d-46f3-add3-84b533bc57c8-groupManagement] INFO  server.RaftServerConfigKeys (ConfUtils.java:logGet(46)) - raft.server.log.unsafe-flush.enabled = false (default)
2024-05-24 07:48:53,209 [5de18b20-4c2d-46f3-add3-84b533bc57c8-groupManagement] INFO  server.RaftServerConfigKeys (ConfUtils.java:logGet(46)) - raft.server.log.async-flush.enabled = false (default)
2024-05-24 07:48:53,209 [5de18b20-4c2d-46f3-add3-84b533bc57c8-groupManagement] INFO  server.RaftServerConfigKeys (ConfUtils.java:logGet(46)) - raft.server.log.statemachine.data.caching.enabled = true (custom)
2024-05-24 07:48:53,209 [5de18b20-4c2d-46f3-add3-84b533bc57c8-groupManagement] INFO  segmented.SegmentedRaftLogWorker (SegmentedRaftLogWorker.java:lambda$new$0(134)) - 5de18b20-4c2d-46f3-add3-84b533bc57c8@group-0F5CF8F748CF-SegmentedRaftLogWorker: flushIndex: setUnconditionally 0 -> -1
2024-05-24 07:48:53,209 [5de18b20-4c2d-46f3-add3-84b533bc57c8-groupManagement] INFO  segmented.SegmentedRaftLogWorker (SegmentedRaftLogWorker.java:lambda$new$0(134)) - 5de18b20-4c2d-46f3-add3-84b533bc57c8@group-0F5CF8F748CF-SegmentedRaftLogWorker: safeCacheEvictIndex: setUnconditionally 0 -> -1
2024-05-24 07:48:53,223 [5de18b20-4c2d-46f3-add3-84b533bc57c8-groupManagement] INFO  server.RaftServer$Division (RaftServerImpl.java:start(396)) - 5de18b20-4c2d-46f3-add3-84b533bc57c8@group-0F5CF8F748CF: start as a follower, conf=-1: peers:[5de18b20-4c2d-46f3-add3-84b533bc57c8|127.0.0.1:15023, 5319acd4-0e99-4000-a29b-b8c741da6a3d|127.0.0.1:15014, 0f6129c7-dda1-4d42-8d75-6a3ef1e9116c|127.0.0.1:15032]|listeners:[], old=null
2024-05-24 07:48:53,223 [5de18b20-4c2d-46f3-add3-84b533bc57c8-groupManagement] INFO  server.RaftServer$Division (RaftServerImpl.java:setRole(383)) - 5de18b20-4c2d-46f3-add3-84b533bc57c8@group-0F5CF8F748CF: changes role from      null to FOLLOWER at term 0 for startAsFollower
2024-05-24 07:48:53,223 [5de18b20-4c2d-46f3-add3-84b533bc57c8-groupManagement] INFO  impl.RoleInfo (RoleInfo.java:updateAndGet(139)) - 5de18b20-4c2d-46f3-add3-84b533bc57c8: start 5de18b20-4c2d-46f3-add3-84b533bc57c8@group-0F5CF8F748CF-FollowerState
2024-05-24 07:48:53,224 [5de18b20-4c2d-46f3-add3-84b533bc57c8-groupManagement] INFO  util.JmxRegister (JmxRegister.java:tryRegister(44)) - Successfully registered JMX Bean with object name Ratis:service=RaftServer,group=group-0F5CF8F748CF,id=5de18b20-4c2d-46f3-add3-84b533bc57c8
2024-05-24 07:48:53,224 [5de18b20-4c2d-46f3-add3-84b533bc57c8-groupManagement] INFO  server.RaftServerConfigKeys (ConfUtils.java:logGet(46)) - raft.server.snapshot.trigger-when-stop.enabled = true (default)
2024-05-24 07:48:53,224 [5de18b20-4c2d-46f3-add3-84b533bc57c8-groupManagement] INFO  server.RaftServerConfigKeys (ConfUtils.java:logGet(46)) - raft.server.snapshot.auto.trigger.enabled = true (custom)
2024-05-24 07:48:53,224 [5de18b20-4c2d-46f3-add3-84b533bc57c8-groupManagement] INFO  server.RaftServerConfigKeys (ConfUtils.java:logGet(46)) - raft.server.snapshot.auto.trigger.threshold = 10000 (custom)
2024-05-24 07:48:53,224 [5de18b20-4c2d-46f3-add3-84b533bc57c8-groupManagement] INFO  server.RaftServerConfigKeys (ConfUtils.java:logGet(46)) - raft.server.snapshot.retention.file.num = 5 (custom)
2024-05-24 07:48:53,224 [5de18b20-4c2d-46f3-add3-84b533bc57c8-groupManagement] INFO  server.RaftServerConfigKeys (ConfUtils.java:logGet(46)) - raft.server.log.purge.upto.snapshot.index = false (default)
2024-05-24 07:48:53,224 [5de18b20-4c2d-46f3-add3-84b533bc57c8@group-0F5CF8F748CF-FollowerState] INFO  server.RaftServerConfigKeys (ConfUtils.java:logFallback(53)) - raft.server.rpc.first-election.timeout.min = 5s (fallback to raft.server.rpc.timeout.min)
2024-05-24 07:48:53,225 [5de18b20-4c2d-46f3-add3-84b533bc57c8@group-0F5CF8F748CF-FollowerState] INFO  server.RaftServerConfigKeys (ConfUtils.java:logFallback(53)) - raft.server.rpc.first-election.timeout.max = 5200ms (fallback to raft.server.rpc.timeout.max)
2024-05-24 07:48:53,226 [5de18b20-4c2d-46f3-add3-84b533bc57c8-PipelineCommandHandlerThread-0] INFO  ratis.XceiverServerRatis (XceiverServerRatis.java:addGroup(864)) - Created group PipelineID=7028361f-0303-446a-8936-0f5cf8f748cf
2024-05-24 07:48:53,264 [0f6129c7-dda1-4d42-8d75-6a3ef1e9116c-PipelineCommandHandlerThread-0] INFO  server.RaftServer (RaftServerProxy.java:addNew(100)) - 0f6129c7-dda1-4d42-8d75-6a3ef1e9116c: addNew group-E9F133BD6D6F:[0f6129c7-dda1-4d42-8d75-6a3ef1e9116c|127.0.0.1:15032] returns group-E9F133BD6D6F:java.util.concurrent.CompletableFuture@6c2b0ffe[Not completed]
2024-05-24 07:48:53,266 [0f6129c7-dda1-4d42-8d75-6a3ef1e9116c-groupManagement] INFO  server.RaftServer$Division (RaftServerImpl.java:<init>(256)) - 0f6129c7-dda1-4d42-8d75-6a3ef1e9116c: new RaftServerImpl for group-E9F133BD6D6F:[0f6129c7-dda1-4d42-8d75-6a3ef1e9116c|127.0.0.1:15032] with ContainerStateMachine:uninitialized
2024-05-24 07:48:53,266 [0f6129c7-dda1-4d42-8d75-6a3ef1e9116c-groupManagement] INFO  server.RaftServerConfigKeys (ConfUtils.java:logGet(46)) - raft.server.rpc.timeout.min = 5s (custom)
2024-05-24 07:48:53,266 [0f6129c7-dda1-4d42-8d75-6a3ef1e9116c-groupManagement] INFO  server.RaftServerConfigKeys (ConfUtils.java:logGet(46)) - raft.server.rpc.timeout.max = 5200ms (custom)
2024-05-24 07:48:53,266 [0f6129c7-dda1-4d42-8d75-6a3ef1e9116c-groupManagement] INFO  server.RaftServerConfigKeys (ConfUtils.java:logGet(46)) - raft.server.rpc.sleep.time = 25ms (default)
2024-05-24 07:48:53,266 [0f6129c7-dda1-4d42-8d75-6a3ef1e9116c-groupManagement] INFO  server.RaftServerConfigKeys (ConfUtils.java:logGet(46)) - raft.server.rpc.slowness.timeout = 300s (custom)
2024-05-24 07:48:53,267 [0f6129c7-dda1-4d42-8d75-6a3ef1e9116c-groupManagement] INFO  server.RaftServerConfigKeys (ConfUtils.java:logGet(46)) - raft.server.leaderelection.leader.step-down.wait-time = 10s (default)
2024-05-24 07:48:53,267 [0f6129c7-dda1-4d42-8d75-6a3ef1e9116c-groupManagement] INFO  server.RaftServerConfigKeys (ConfUtils.java:logGet(46)) - raft.server.leaderelection.member.majority-add = false (default)
2024-05-24 07:48:53,267 [0f6129c7-dda1-4d42-8d75-6a3ef1e9116c-groupManagement] INFO  server.RaftServerConfigKeys (ConfUtils.java:logGet(46)) - raft.server.sleep.deviation.threshold = 300ms (default)
2024-05-24 07:48:53,268 [0f6129c7-dda1-4d42-8d75-6a3ef1e9116c-groupManagement] INFO  server.RaftServer$Division (ServerState.java:<init>(113)) - 0f6129c7-dda1-4d42-8d75-6a3ef1e9116c@group-E9F133BD6D6F: ConfigurationManager, init=-1: peers:[0f6129c7-dda1-4d42-8d75-6a3ef1e9116c|127.0.0.1:15032]|listeners:[], old=null, confs=<EMPTY_MAP>
2024-05-24 07:48:53,268 [0f6129c7-dda1-4d42-8d75-6a3ef1e9116c-groupManagement] INFO  server.RaftServerConfigKeys (ConfUtils.java:logGet(46)) - raft.server.notification.no-leader.timeout = 300s (custom)
2024-05-24 07:48:53,268 [0f6129c7-dda1-4d42-8d75-6a3ef1e9116c-groupManagement] INFO  server.RaftServerConfigKeys (ConfUtils.java:logGet(46)) - raft.server.read.timeout = 10s (default)
2024-05-24 07:48:53,268 [0f6129c7-dda1-4d42-8d75-6a3ef1e9116c-groupManagement] INFO  server.RaftServerConfigKeys (ConfUtils.java:logGet(46)) - raft.server.retrycache.expirytime = 600000ms (custom)
2024-05-24 07:48:53,268 [0f6129c7-dda1-4d42-8d75-6a3ef1e9116c-groupManagement] INFO  server.RaftServerConfigKeys (ConfUtils.java:logGet(46)) - raft.server.retrycache.statistics.expirytime = 100ms (default)
2024-05-24 07:48:53,268 [0f6129c7-dda1-4d42-8d75-6a3ef1e9116c-groupManagement] INFO  server.RaftServerConfigKeys (ConfUtils.java:logGet(46)) - raft.server.read.option = DEFAULT (default)
2024-05-24 07:48:53,268 [0f6129c7-dda1-4d42-8d75-6a3ef1e9116c-groupManagement] INFO  server.RaftServerConfigKeys (ConfUtils.java:logGet(46)) - raft.server.read.read-after-write-consistent.write-index-cache.expiry-time = 60s (default)
2024-05-24 07:48:53,275 [0f6129c7-dda1-4d42-8d75-6a3ef1e9116c-groupManagement] INFO  server.RaftServerConfigKeys (ConfUtils.java:logGet(46)) - raft.server.rpc.request.timeout = 60s (custom)
2024-05-24 07:48:53,276 [0f6129c7-dda1-4d42-8d75-6a3ef1e9116c-groupManagement] INFO  server.RaftServerConfigKeys (ConfUtils.java:logGet(46)) - raft.server.log.appender.install.snapshot.enabled = false (custom)
2024-05-24 07:48:53,276 [0f6129c7-dda1-4d42-8d75-6a3ef1e9116c-groupManagement] INFO  server.RaftServerConfigKeys (ConfUtils.java:logGet(46)) - raft.server.threadpool.server.cached = true (default)
2024-05-24 07:48:53,276 [0f6129c7-dda1-4d42-8d75-6a3ef1e9116c-groupManagement] INFO  server.RaftServerConfigKeys (ConfUtils.java:logGet(46)) - raft.server.threadpool.server.size = 0 (default)
2024-05-24 07:48:53,276 [0f6129c7-dda1-4d42-8d75-6a3ef1e9116c-groupManagement] INFO  server.RaftServerConfigKeys (ConfUtils.java:logGet(46)) - raft.server.threadpool.client.cached = true (default)
2024-05-24 07:48:53,277 [0f6129c7-dda1-4d42-8d75-6a3ef1e9116c-groupManagement] INFO  server.RaftServerConfigKeys (ConfUtils.java:logGet(46)) - raft.server.threadpool.client.size = 0 (default)
2024-05-24 07:48:53,277 [0f6129c7-dda1-4d42-8d75-6a3ef1e9116c-groupManagement] INFO  server.RaftServerConfigKeys (ConfUtils.java:logGet(46)) - raft.server.storage.free-space.min = 0MB (=0) (default)
2024-05-24 07:48:53,277 [0f6129c7-dda1-4d42-8d75-6a3ef1e9116c-groupManagement] INFO  server.RaftServerConfigKeys (ConfUtils.java:logGet(46)) - raft.server.log.corruption.policy = EXCEPTION (default)
2024-05-24 07:48:53,277 [0f6129c7-dda1-4d42-8d75-6a3ef1e9116c-groupManagement] INFO  server.RaftServerConfigKeys (ConfUtils.java:logGet(46)) - raft.server.storage.dir = [/home/runner/work/ozone/ozone/hadoop-ozone/integration-test/target/test-dir/MiniOzoneClusterImpl-b501fab0-540e-4575-af6e-dde2336b059e/ozone-meta/datanode-3/ratis] (custom)
2024-05-24 07:48:53,277 [0f6129c7-dda1-4d42-8d75-6a3ef1e9116c-groupManagement] INFO  storage.RaftStorageDirectory (RaftStorageDirectoryImpl.java:analyzeStorage(138)) - The storage directory /home/runner/work/ozone/ozone/hadoop-ozone/integration-test/target/test-dir/MiniOzoneClusterImpl-b501fab0-540e-4575-af6e-dde2336b059e/ozone-meta/datanode-3/ratis/a4b797f7-9373-458b-9b60-e9f133bd6d6f does not exist. Creating ...
2024-05-24 07:48:53,278 [0f6129c7-dda1-4d42-8d75-6a3ef1e9116c-groupManagement] INFO  storage.RaftStorageDirectory (RaftStorageDirectoryImpl.java:tryLock(228)) - Lock on /home/runner/work/ozone/ozone/hadoop-ozone/integration-test/target/test-dir/MiniOzoneClusterImpl-b501fab0-540e-4575-af6e-dde2336b059e/ozone-meta/datanode-3/ratis/a4b797f7-9373-458b-9b60-e9f133bd6d6f/in_use.lock acquired by nodename 29770@fv-az779-985
2024-05-24 07:48:53,280 [0f6129c7-dda1-4d42-8d75-6a3ef1e9116c-groupManagement] INFO  storage.RaftStorage (RaftStorageImpl.java:format(99)) - Storage directory /home/runner/work/ozone/ozone/hadoop-ozone/integration-test/target/test-dir/MiniOzoneClusterImpl-b501fab0-540e-4575-af6e-dde2336b059e/ozone-meta/datanode-3/ratis/a4b797f7-9373-458b-9b60-e9f133bd6d6f has been successfully formatted.
2024-05-24 07:48:53,280 [0f6129c7-dda1-4d42-8d75-6a3ef1e9116c-groupManagement] WARN  util.FileUtils (LogUtils.java:supplyAndLog(63)) - Failed to Files.newInputStream /home/runner/work/ozone/ozone/hadoop-ozone/integration-test/target/test-dir/MiniOzoneClusterImpl-b501fab0-540e-4575-af6e-dde2336b059e/ozone-meta/datanode-3/ratis/a4b797f7-9373-458b-9b60-e9f133bd6d6f/current/raft-meta.conf with options []: java.nio.file.NoSuchFileException: /home/runner/work/ozone/ozone/hadoop-ozone/integration-test/target/test-dir/MiniOzoneClusterImpl-b501fab0-540e-4575-af6e-dde2336b059e/ozone-meta/datanode-3/ratis/a4b797f7-9373-458b-9b60-e9f133bd6d6f/current/raft-meta.conf
2024-05-24 07:48:53,284 [EventQueue-PipelineReportForPipelineReportHandler] INFO  pipeline.PipelineReportHandler (PipelineReportHandler.java:processPipelineReport(136)) - Opened pipeline PipelineID=a4b797f7-9373-458b-9b60-e9f133bd6d6f
2024-05-24 07:48:53,284 [EventQueue-OpenPipelineForHealthyPipelineSafeModeRule] INFO  safemode.SCMSafeModeManager (HealthyPipelineSafeModeRule.java:process(140)) - SCM in safe mode. Healthy pipelines reported count is 0, required healthy pipeline reported count is 1
2024-05-24 07:48:53,285 [0f6129c7-dda1-4d42-8d75-6a3ef1e9116c-groupManagement] INFO  ratis.ContainerStateMachine (ContainerStateMachine.java:loadSnapshot(287)) - group-E9F133BD6D6F: The snapshot info is null. Setting the last applied index to:(t:0, i:~)
2024-05-24 07:48:53,285 [0f6129c7-dda1-4d42-8d75-6a3ef1e9116c-groupManagement] INFO  server.RaftServerConfigKeys (ConfUtils.java:logGet(46)) - raft.server.log.use.memory = false (default)
2024-05-24 07:48:53,285 [0f6129c7-dda1-4d42-8d75-6a3ef1e9116c-groupManagement] INFO  server.RaftServerConfigKeys (ConfUtils.java:logGet(46)) - raft.server.log.purge.gap = 1000000 (custom)
2024-05-24 07:48:53,285 [0f6129c7-dda1-4d42-8d75-6a3ef1e9116c-groupManagement] INFO  server.RaftServerConfigKeys (ConfUtils.java:logGet(46)) - raft.server.log.appender.buffer.byte-limit = 8388608 (custom)
2024-05-24 07:48:53,285 [0f6129c7-dda1-4d42-8d75-6a3ef1e9116c-groupManagement] INFO  server.RaftServerConfigKeys (ConfUtils.java:logGet(46)) - raft.server.log.statemachine.data.read.timeout = 1000ms (default)
2024-05-24 07:48:53,285 [0f6129c7-dda1-4d42-8d75-6a3ef1e9116c-groupManagement] INFO  server.RaftServerConfigKeys (ConfUtils.java:logGet(46)) - raft.server.log.purge.preservation.log.num = 0 (default)
2024-05-24 07:48:53,295 [0f6129c7-dda1-4d42-8d75-6a3ef1e9116c-groupManagement] INFO  server.RaftServerConfigKeys (ConfUtils.java:logGet(46)) - raft.server.log.segment.size.max = 67108864 (custom)
2024-05-24 07:48:53,296 [0f6129c7-dda1-4d42-8d75-6a3ef1e9116c-groupManagement] INFO  server.RaftServerConfigKeys (ConfUtils.java:logGet(46)) - raft.server.log.segment.cache.num.max = 2 (custom)
2024-05-24 07:48:53,296 [0f6129c7-dda1-4d42-8d75-6a3ef1e9116c-groupManagement] INFO  server.RaftServerConfigKeys (ConfUtils.java:logGet(46)) - raft.server.log.segment.cache.size.max = 200MB (=209715200) (default)
2024-05-24 07:48:53,297 [0f6129c7-dda1-4d42-8d75-6a3ef1e9116c-groupManagement] INFO  server.RaftServerConfigKeys (ConfUtils.java:logGet(46)) - raft.server.log.appender.buffer.byte-limit = 8388608 (custom)
2024-05-24 07:48:53,303 [0f6129c7-dda1-4d42-8d75-6a3ef1e9116c-groupManagement] INFO  util.AwaitToRun (AwaitToRun.java:start(81)) - Thread[0f6129c7-dda1-4d42-8d75-6a3ef1e9116c@group-E9F133BD6D6F-cacheEviction-AwaitToRun,5,main] started
2024-05-24 07:48:53,303 [0f6129c7-dda1-4d42-8d75-6a3ef1e9116c-groupManagement] INFO  segmented.SegmentedRaftLogWorker (SegmentedRaftLogWorker.java:<init>(182)) - new 0f6129c7-dda1-4d42-8d75-6a3ef1e9116c@group-E9F133BD6D6F-SegmentedRaftLogWorker for RaftStorageImpl:Storage Directory /home/runner/work/ozone/ozone/hadoop-ozone/integration-test/target/test-dir/MiniOzoneClusterImpl-b501fab0-540e-4575-af6e-dde2336b059e/ozone-meta/datanode-3/ratis/a4b797f7-9373-458b-9b60-e9f133bd6d6f
2024-05-24 07:48:53,303 [0f6129c7-dda1-4d42-8d75-6a3ef1e9116c-groupManagement] INFO  server.RaftServerConfigKeys (ConfUtils.java:logGet(46)) - raft.server.log.queue.byte-limit = 4294967296 (custom)
2024-05-24 07:48:53,303 [0f6129c7-dda1-4d42-8d75-6a3ef1e9116c-groupManagement] INFO  server.RaftServerConfigKeys (ConfUtils.java:logGet(46)) - raft.server.log.queue.element-limit = 1024 (custom)
2024-05-24 07:48:53,303 [0f6129c7-dda1-4d42-8d75-6a3ef1e9116c-groupManagement] INFO  server.RaftServerConfigKeys (ConfUtils.java:logGet(46)) - raft.server.log.segment.size.max = 67108864 (custom)
2024-05-24 07:48:53,303 [0f6129c7-dda1-4d42-8d75-6a3ef1e9116c-groupManagement] INFO  server.RaftServerConfigKeys (ConfUtils.java:logGet(46)) - raft.server.log.preallocated.size = 4194304 (custom)
2024-05-24 07:48:53,303 [0f6129c7-dda1-4d42-8d75-6a3ef1e9116c-groupManagement] INFO  server.RaftServerConfigKeys (ConfUtils.java:logGet(46)) - raft.server.log.force.sync.num = 128 (default)
2024-05-24 07:48:53,304 [0f6129c7-dda1-4d42-8d75-6a3ef1e9116c-groupManagement] INFO  server.RaftServerConfigKeys (ConfUtils.java:logGet(46)) - raft.server.log.statemachine.data.sync = true (default)
2024-05-24 07:48:53,304 [0f6129c7-dda1-4d42-8d75-6a3ef1e9116c-groupManagement] INFO  server.RaftServerConfigKeys (ConfUtils.java:logGet(46)) - raft.server.log.statemachine.data.sync.timeout = 10s (default)
2024-05-24 07:48:53,304 [0f6129c7-dda1-4d42-8d75-6a3ef1e9116c-groupManagement] INFO  server.RaftServerConfigKeys (ConfUtils.java:logGet(46)) - raft.server.log.statemachine.data.sync.timeout.retry = 30 (custom)
2024-05-24 07:48:53,304 [0f6129c7-dda1-4d42-8d75-6a3ef1e9116c-groupManagement] INFO  server.RaftServerConfigKeys (ConfUtils.java:logGet(46)) - raft.server.log.write.buffer.size = 8388616 (custom)
2024-05-24 07:48:53,307 [0f6129c7-dda1-4d42-8d75-6a3ef1e9116c-groupManagement] INFO  server.RaftServerConfigKeys (ConfUtils.java:logGet(46)) - raft.server.log.appender.buffer.byte-limit = 8388608 (custom)
2024-05-24 07:48:53,307 [0f6129c7-dda1-4d42-8d75-6a3ef1e9116c-groupManagement] INFO  server.RaftServerConfigKeys (ConfUtils.java:logGet(46)) - raft.server.log.unsafe-flush.enabled = false (default)
2024-05-24 07:48:53,307 [0f6129c7-dda1-4d42-8d75-6a3ef1e9116c-groupManagement] INFO  server.RaftServerConfigKeys (ConfUtils.java:logGet(46)) - raft.server.log.async-flush.enabled = false (default)
2024-05-24 07:48:53,307 [0f6129c7-dda1-4d42-8d75-6a3ef1e9116c-groupManagement] INFO  server.RaftServerConfigKeys (ConfUtils.java:logGet(46)) - raft.server.log.statemachine.data.caching.enabled = true (custom)
2024-05-24 07:48:53,307 [0f6129c7-dda1-4d42-8d75-6a3ef1e9116c-groupManagement] INFO  segmented.SegmentedRaftLogWorker (SegmentedRaftLogWorker.java:lambda$new$0(134)) - 0f6129c7-dda1-4d42-8d75-6a3ef1e9116c@group-E9F133BD6D6F-SegmentedRaftLogWorker: flushIndex: setUnconditionally 0 -> -1
2024-05-24 07:48:53,307 [0f6129c7-dda1-4d42-8d75-6a3ef1e9116c-groupManagement] INFO  segmented.SegmentedRaftLogWorker (SegmentedRaftLogWorker.java:lambda$new$0(134)) - 0f6129c7-dda1-4d42-8d75-6a3ef1e9116c@group-E9F133BD6D6F-SegmentedRaftLogWorker: safeCacheEvictIndex: setUnconditionally 0 -> -1
2024-05-24 07:48:53,311 [0f6129c7-dda1-4d42-8d75-6a3ef1e9116c-groupManagement] INFO  server.RaftServer$Division (RaftServerImpl.java:start(396)) - 0f6129c7-dda1-4d42-8d75-6a3ef1e9116c@group-E9F133BD6D6F: start as a follower, conf=-1: peers:[0f6129c7-dda1-4d42-8d75-6a3ef1e9116c|127.0.0.1:15032]|listeners:[], old=null
2024-05-24 07:48:53,311 [0f6129c7-dda1-4d42-8d75-6a3ef1e9116c-groupManagement] INFO  server.RaftServer$Division (RaftServerImpl.java:setRole(383)) - 0f6129c7-dda1-4d42-8d75-6a3ef1e9116c@group-E9F133BD6D6F: changes role from      null to FOLLOWER at term 0 for startAsFollower
2024-05-24 07:48:53,311 [0f6129c7-dda1-4d42-8d75-6a3ef1e9116c-groupManagement] INFO  impl.RoleInfo (RoleInfo.java:updateAndGet(139)) - 0f6129c7-dda1-4d42-8d75-6a3ef1e9116c: start 0f6129c7-dda1-4d42-8d75-6a3ef1e9116c@group-E9F133BD6D6F-FollowerState
2024-05-24 07:48:53,313 [0f6129c7-dda1-4d42-8d75-6a3ef1e9116c@group-E9F133BD6D6F-FollowerState] INFO  server.RaftServerConfigKeys (ConfUtils.java:logFallback(53)) - raft.server.rpc.first-election.timeout.min = 5s (fallback to raft.server.rpc.timeout.min)
2024-05-24 07:48:53,313 [0f6129c7-dda1-4d42-8d75-6a3ef1e9116c-groupManagement] INFO  util.JmxRegister (JmxRegister.java:tryRegister(44)) - Successfully registered JMX Bean with object name Ratis:service=RaftServer,group=group-E9F133BD6D6F,id=0f6129c7-dda1-4d42-8d75-6a3ef1e9116c
2024-05-24 07:48:53,313 [0f6129c7-dda1-4d42-8d75-6a3ef1e9116c-groupManagement] INFO  server.RaftServerConfigKeys (ConfUtils.java:logGet(46)) - raft.server.snapshot.trigger-when-stop.enabled = true (default)
2024-05-24 07:48:53,313 [0f6129c7-dda1-4d42-8d75-6a3ef1e9116c-groupManagement] INFO  server.RaftServerConfigKeys (ConfUtils.java:logGet(46)) - raft.server.snapshot.auto.trigger.enabled = true (custom)
2024-05-24 07:48:53,313 [0f6129c7-dda1-4d42-8d75-6a3ef1e9116c-groupManagement] INFO  server.RaftServerConfigKeys (ConfUtils.java:logGet(46)) - raft.server.snapshot.auto.trigger.threshold = 10000 (custom)
2024-05-24 07:48:53,313 [0f6129c7-dda1-4d42-8d75-6a3ef1e9116c-groupManagement] INFO  server.RaftServerConfigKeys (ConfUtils.java:logGet(46)) - raft.server.snapshot.retention.file.num = 5 (custom)
2024-05-24 07:48:53,313 [0f6129c7-dda1-4d42-8d75-6a3ef1e9116c-groupManagement] INFO  server.RaftServerConfigKeys (ConfUtils.java:logGet(46)) - raft.server.log.purge.upto.snapshot.index = false (default)
2024-05-24 07:48:53,314 [0f6129c7-dda1-4d42-8d75-6a3ef1e9116c@group-E9F133BD6D6F-FollowerState] INFO  server.RaftServerConfigKeys (ConfUtils.java:logFallback(53)) - raft.server.rpc.first-election.timeout.max = 5200ms (fallback to raft.server.rpc.timeout.max)
2024-05-24 07:48:53,316 [0f6129c7-dda1-4d42-8d75-6a3ef1e9116c-PipelineCommandHandlerThread-0] INFO  ratis.XceiverServerRatis (XceiverServerRatis.java:addGroup(864)) - Created group PipelineID=a4b797f7-9373-458b-9b60-e9f133bd6d6f
2024-05-24 07:48:53,316 [0f6129c7-dda1-4d42-8d75-6a3ef1e9116c-PipelineCommandHandlerThread-0] INFO  commandhandler.CreatePipelineCommandHandler (CreatePipelineCommandHandler.java:lambda$handle$2(124)) - Created Pipeline RATIS ONE PipelineID=a4b797f7-9373-458b-9b60-e9f133bd6d6f.
2024-05-24 07:48:53,317 [0f6129c7-dda1-4d42-8d75-6a3ef1e9116c-PipelineCommandHandlerThread-0] INFO  server.RaftServer (RaftServerProxy.java:addNew(100)) - 0f6129c7-dda1-4d42-8d75-6a3ef1e9116c: addNew group-0F5CF8F748CF:[5de18b20-4c2d-46f3-add3-84b533bc57c8|127.0.0.1:15023, 5319acd4-0e99-4000-a29b-b8c741da6a3d|127.0.0.1:15014, 0f6129c7-dda1-4d42-8d75-6a3ef1e9116c|127.0.0.1:15032] returns group-0F5CF8F748CF:java.util.concurrent.CompletableFuture@681496a3[Not completed]
2024-05-24 07:48:53,318 [0f6129c7-dda1-4d42-8d75-6a3ef1e9116c-groupManagement] INFO  server.RaftServer$Division (RaftServerImpl.java:<init>(256)) - 0f6129c7-dda1-4d42-8d75-6a3ef1e9116c: new RaftServerImpl for group-0F5CF8F748CF:[5de18b20-4c2d-46f3-add3-84b533bc57c8|127.0.0.1:15023, 5319acd4-0e99-4000-a29b-b8c741da6a3d|127.0.0.1:15014, 0f6129c7-dda1-4d42-8d75-6a3ef1e9116c|127.0.0.1:15032] with ContainerStateMachine:uninitialized
2024-05-24 07:48:53,318 [0f6129c7-dda1-4d42-8d75-6a3ef1e9116c-groupManagement] INFO  server.RaftServerConfigKeys (ConfUtils.java:logGet(46)) - raft.server.rpc.timeout.min = 5s (custom)
2024-05-24 07:48:53,318 [0f6129c7-dda1-4d42-8d75-6a3ef1e9116c-groupManagement] INFO  server.RaftServerConfigKeys (ConfUtils.java:logGet(46)) - raft.server.rpc.timeout.max = 5200ms (custom)
2024-05-24 07:48:53,318 [0f6129c7-dda1-4d42-8d75-6a3ef1e9116c-groupManagement] INFO  server.RaftServerConfigKeys (ConfUtils.java:logGet(46)) - raft.server.rpc.sleep.time = 25ms (default)
2024-05-24 07:48:53,318 [0f6129c7-dda1-4d42-8d75-6a3ef1e9116c-groupManagement] INFO  server.RaftServerConfigKeys (ConfUtils.java:logGet(46)) - raft.server.rpc.slowness.timeout = 300s (custom)
2024-05-24 07:48:53,318 [0f6129c7-dda1-4d42-8d75-6a3ef1e9116c-groupManagement] INFO  server.RaftServerConfigKeys (ConfUtils.java:logGet(46)) - raft.server.leaderelection.leader.step-down.wait-time = 10s (default)
2024-05-24 07:48:53,318 [0f6129c7-dda1-4d42-8d75-6a3ef1e9116c-groupManagement] INFO  server.RaftServerConfigKeys (ConfUtils.java:logGet(46)) - raft.server.leaderelection.member.majority-add = false (default)
2024-05-24 07:48:53,318 [0f6129c7-dda1-4d42-8d75-6a3ef1e9116c-groupManagement] INFO  server.RaftServerConfigKeys (ConfUtils.java:logGet(46)) - raft.server.sleep.deviation.threshold = 300ms (default)
2024-05-24 07:48:53,318 [0f6129c7-dda1-4d42-8d75-6a3ef1e9116c-groupManagement] INFO  server.RaftServer$Division (ServerState.java:<init>(113)) - 0f6129c7-dda1-4d42-8d75-6a3ef1e9116c@group-0F5CF8F748CF: ConfigurationManager, init=-1: peers:[5de18b20-4c2d-46f3-add3-84b533bc57c8|127.0.0.1:15023, 5319acd4-0e99-4000-a29b-b8c741da6a3d|127.0.0.1:15014, 0f6129c7-dda1-4d42-8d75-6a3ef1e9116c|127.0.0.1:15032]|listeners:[], old=null, confs=<EMPTY_MAP>
2024-05-24 07:48:53,318 [0f6129c7-dda1-4d42-8d75-6a3ef1e9116c-groupManagement] INFO  server.RaftServerConfigKeys (ConfUtils.java:logGet(46)) - raft.server.notification.no-leader.timeout = 300s (custom)
2024-05-24 07:48:53,318 [0f6129c7-dda1-4d42-8d75-6a3ef1e9116c-groupManagement] INFO  server.RaftServerConfigKeys (ConfUtils.java:logGet(46)) - raft.server.read.timeout = 10s (default)
2024-05-24 07:48:53,318 [0f6129c7-dda1-4d42-8d75-6a3ef1e9116c-groupManagement] INFO  server.RaftServerConfigKeys (ConfUtils.java:logGet(46)) - raft.server.retrycache.expirytime = 600000ms (custom)
2024-05-24 07:48:53,318 [0f6129c7-dda1-4d42-8d75-6a3ef1e9116c-groupManagement] INFO  server.RaftServerConfigKeys (ConfUtils.java:logGet(46)) - raft.server.retrycache.statistics.expirytime = 100ms (default)
2024-05-24 07:48:53,318 [0f6129c7-dda1-4d42-8d75-6a3ef1e9116c-groupManagement] INFO  server.RaftServerConfigKeys (ConfUtils.java:logGet(46)) - raft.server.read.option = DEFAULT (default)
2024-05-24 07:48:53,318 [0f6129c7-dda1-4d42-8d75-6a3ef1e9116c-groupManagement] INFO  server.RaftServerConfigKeys (ConfUtils.java:logGet(46)) - raft.server.read.read-after-write-consistent.write-index-cache.expiry-time = 60s (default)
2024-05-24 07:48:53,327 [0f6129c7-dda1-4d42-8d75-6a3ef1e9116c-groupManagement] INFO  server.RaftServerConfigKeys (ConfUtils.java:logGet(46)) - raft.server.rpc.request.timeout = 60s (custom)
2024-05-24 07:48:53,327 [0f6129c7-dda1-4d42-8d75-6a3ef1e9116c-groupManagement] INFO  server.RaftServerConfigKeys (ConfUtils.java:logGet(46)) - raft.server.log.appender.install.snapshot.enabled = false (custom)
2024-05-24 07:48:53,327 [0f6129c7-dda1-4d42-8d75-6a3ef1e9116c-groupManagement] INFO  server.RaftServerConfigKeys (ConfUtils.java:logGet(46)) - raft.server.threadpool.server.cached = true (default)
2024-05-24 07:48:53,327 [0f6129c7-dda1-4d42-8d75-6a3ef1e9116c-groupManagement] INFO  server.RaftServerConfigKeys (ConfUtils.java:logGet(46)) - raft.server.threadpool.server.size = 0 (default)
2024-05-24 07:48:53,328 [0f6129c7-dda1-4d42-8d75-6a3ef1e9116c-groupManagement] INFO  server.RaftServerConfigKeys (ConfUtils.java:logGet(46)) - raft.server.threadpool.client.cached = true (default)
2024-05-24 07:48:53,328 [0f6129c7-dda1-4d42-8d75-6a3ef1e9116c-groupManagement] INFO  server.RaftServerConfigKeys (ConfUtils.java:logGet(46)) - raft.server.threadpool.client.size = 0 (default)
2024-05-24 07:48:53,328 [0f6129c7-dda1-4d42-8d75-6a3ef1e9116c-groupManagement] INFO  server.RaftServerConfigKeys (ConfUtils.java:logGet(46)) - raft.server.storage.free-space.min = 0MB (=0) (default)
2024-05-24 07:48:53,328 [0f6129c7-dda1-4d42-8d75-6a3ef1e9116c-groupManagement] INFO  server.RaftServerConfigKeys (ConfUtils.java:logGet(46)) - raft.server.log.corruption.policy = EXCEPTION (default)
2024-05-24 07:48:53,328 [0f6129c7-dda1-4d42-8d75-6a3ef1e9116c-groupManagement] INFO  server.RaftServerConfigKeys (ConfUtils.java:logGet(46)) - raft.server.storage.dir = [/home/runner/work/ozone/ozone/hadoop-ozone/integration-test/target/test-dir/MiniOzoneClusterImpl-b501fab0-540e-4575-af6e-dde2336b059e/ozone-meta/datanode-3/ratis] (custom)
2024-05-24 07:48:53,328 [0f6129c7-dda1-4d42-8d75-6a3ef1e9116c-groupManagement] INFO  storage.RaftStorageDirectory (RaftStorageDirectoryImpl.java:analyzeStorage(138)) - The storage directory /home/runner/work/ozone/ozone/hadoop-ozone/integration-test/target/test-dir/MiniOzoneClusterImpl-b501fab0-540e-4575-af6e-dde2336b059e/ozone-meta/datanode-3/ratis/7028361f-0303-446a-8936-0f5cf8f748cf does not exist. Creating ...
2024-05-24 07:48:53,329 [0f6129c7-dda1-4d42-8d75-6a3ef1e9116c-groupManagement] INFO  storage.RaftStorageDirectory (RaftStorageDirectoryImpl.java:tryLock(228)) - Lock on /home/runner/work/ozone/ozone/hadoop-ozone/integration-test/target/test-dir/MiniOzoneClusterImpl-b501fab0-540e-4575-af6e-dde2336b059e/ozone-meta/datanode-3/ratis/7028361f-0303-446a-8936-0f5cf8f748cf/in_use.lock acquired by nodename 29770@fv-az779-985
2024-05-24 07:48:53,331 [0f6129c7-dda1-4d42-8d75-6a3ef1e9116c-groupManagement] INFO  storage.RaftStorage (RaftStorageImpl.java:format(99)) - Storage directory /home/runner/work/ozone/ozone/hadoop-ozone/integration-test/target/test-dir/MiniOzoneClusterImpl-b501fab0-540e-4575-af6e-dde2336b059e/ozone-meta/datanode-3/ratis/7028361f-0303-446a-8936-0f5cf8f748cf has been successfully formatted.
2024-05-24 07:48:53,332 [0f6129c7-dda1-4d42-8d75-6a3ef1e9116c-groupManagement] WARN  util.FileUtils (LogUtils.java:supplyAndLog(63)) - Failed to Files.newInputStream /home/runner/work/ozone/ozone/hadoop-ozone/integration-test/target/test-dir/MiniOzoneClusterImpl-b501fab0-540e-4575-af6e-dde2336b059e/ozone-meta/datanode-3/ratis/7028361f-0303-446a-8936-0f5cf8f748cf/current/raft-meta.conf with options []: java.nio.file.NoSuchFileException: /home/runner/work/ozone/ozone/hadoop-ozone/integration-test/target/test-dir/MiniOzoneClusterImpl-b501fab0-540e-4575-af6e-dde2336b059e/ozone-meta/datanode-3/ratis/7028361f-0303-446a-8936-0f5cf8f748cf/current/raft-meta.conf
2024-05-24 07:48:53,334 [0f6129c7-dda1-4d42-8d75-6a3ef1e9116c-groupManagement] INFO  ratis.ContainerStateMachine (ContainerStateMachine.java:loadSnapshot(287)) - group-0F5CF8F748CF: The snapshot info is null. Setting the last applied index to:(t:0, i:~)
2024-05-24 07:48:53,334 [0f6129c7-dda1-4d42-8d75-6a3ef1e9116c-groupManagement] INFO  server.RaftServerConfigKeys (ConfUtils.java:logGet(46)) - raft.server.log.use.memory = false (default)
2024-05-24 07:48:53,334 [0f6129c7-dda1-4d42-8d75-6a3ef1e9116c-groupManagement] INFO  server.RaftServerConfigKeys (ConfUtils.java:logGet(46)) - raft.server.log.purge.gap = 1000000 (custom)
2024-05-24 07:48:53,335 [0f6129c7-dda1-4d42-8d75-6a3ef1e9116c-groupManagement] INFO  server.RaftServerConfigKeys (ConfUtils.java:logGet(46)) - raft.server.log.appender.buffer.byte-limit = 8388608 (custom)
2024-05-24 07:48:53,335 [0f6129c7-dda1-4d42-8d75-6a3ef1e9116c-groupManagement] INFO  server.RaftServerConfigKeys (ConfUtils.java:logGet(46)) - raft.server.log.statemachine.data.read.timeout = 1000ms (default)
2024-05-24 07:48:53,336 [0f6129c7-dda1-4d42-8d75-6a3ef1e9116c-groupManagement] INFO  server.RaftServerConfigKeys (ConfUtils.java:logGet(46)) - raft.server.log.purge.preservation.log.num = 0 (default)
2024-05-24 07:48:53,336 [EventQueue-OpenPipelineForHealthyPipelineSafeModeRule] INFO  safemode.SCMSafeModeManager (HealthyPipelineSafeModeRule.java:process(140)) - SCM in safe mode. Healthy pipelines reported count is 0, required healthy pipeline reported count is 1
2024-05-24 07:48:53,342 [0f6129c7-dda1-4d42-8d75-6a3ef1e9116c-groupManagement] INFO  server.RaftServerConfigKeys (ConfUtils.java:logGet(46)) - raft.server.log.segment.size.max = 67108864 (custom)
2024-05-24 07:48:53,342 [0f6129c7-dda1-4d42-8d75-6a3ef1e9116c-groupManagement] INFO  server.RaftServerConfigKeys (ConfUtils.java:logGet(46)) - raft.server.log.segment.cache.num.max = 2 (custom)
2024-05-24 07:48:53,342 [0f6129c7-dda1-4d42-8d75-6a3ef1e9116c-groupManagement] INFO  server.RaftServerConfigKeys (ConfUtils.java:logGet(46)) - raft.server.log.segment.cache.size.max = 200MB (=209715200) (default)
2024-05-24 07:48:53,343 [0f6129c7-dda1-4d42-8d75-6a3ef1e9116c-groupManagement] INFO  server.RaftServerConfigKeys (ConfUtils.java:logGet(46)) - raft.server.log.appender.buffer.byte-limit = 8388608 (custom)
2024-05-24 07:48:53,344 [0f6129c7-dda1-4d42-8d75-6a3ef1e9116c-groupManagement] INFO  util.AwaitToRun (AwaitToRun.java:start(81)) - Thread[0f6129c7-dda1-4d42-8d75-6a3ef1e9116c@group-0F5CF8F748CF-cacheEviction-AwaitToRun,5,main] started
2024-05-24 07:48:53,344 [0f6129c7-dda1-4d42-8d75-6a3ef1e9116c-groupManagement] INFO  segmented.SegmentedRaftLogWorker (SegmentedRaftLogWorker.java:<init>(182)) - new 0f6129c7-dda1-4d42-8d75-6a3ef1e9116c@group-0F5CF8F748CF-SegmentedRaftLogWorker for RaftStorageImpl:Storage Directory /home/runner/work/ozone/ozone/hadoop-ozone/integration-test/target/test-dir/MiniOzoneClusterImpl-b501fab0-540e-4575-af6e-dde2336b059e/ozone-meta/datanode-3/ratis/7028361f-0303-446a-8936-0f5cf8f748cf
2024-05-24 07:48:53,344 [0f6129c7-dda1-4d42-8d75-6a3ef1e9116c-groupManagement] INFO  server.RaftServerConfigKeys (ConfUtils.java:logGet(46)) - raft.server.log.queue.byte-limit = 4294967296 (custom)
2024-05-24 07:48:53,344 [0f6129c7-dda1-4d42-8d75-6a3ef1e9116c-groupManagement] INFO  server.RaftServerConfigKeys (ConfUtils.java:logGet(46)) - raft.server.log.queue.element-limit = 1024 (custom)
2024-05-24 07:48:53,344 [0f6129c7-dda1-4d42-8d75-6a3ef1e9116c-groupManagement] INFO  server.RaftServerConfigKeys (ConfUtils.java:logGet(46)) - raft.server.log.segment.size.max = 67108864 (custom)
2024-05-24 07:48:53,344 [0f6129c7-dda1-4d42-8d75-6a3ef1e9116c-groupManagement] INFO  server.RaftServerConfigKeys (ConfUtils.java:logGet(46)) - raft.server.log.preallocated.size = 4194304 (custom)
2024-05-24 07:48:53,344 [0f6129c7-dda1-4d42-8d75-6a3ef1e9116c-groupManagement] INFO  server.RaftServerConfigKeys (ConfUtils.java:logGet(46)) - raft.server.log.force.sync.num = 128 (default)
2024-05-24 07:48:53,344 [0f6129c7-dda1-4d42-8d75-6a3ef1e9116c-groupManagement] INFO  server.RaftServerConfigKeys (ConfUtils.java:logGet(46)) - raft.server.log.statemachine.data.sync = true (default)
2024-05-24 07:48:53,345 [0f6129c7-dda1-4d42-8d75-6a3ef1e9116c-groupManagement] INFO  server.RaftServerConfigKeys (ConfUtils.java:logGet(46)) - raft.server.log.statemachine.data.sync.timeout = 10s (default)
2024-05-24 07:48:53,345 [0f6129c7-dda1-4d42-8d75-6a3ef1e9116c-groupManagement] INFO  server.RaftServerConfigKeys (ConfUtils.java:logGet(46)) - raft.server.log.statemachine.data.sync.timeout.retry = 30 (custom)
2024-05-24 07:48:53,345 [0f6129c7-dda1-4d42-8d75-6a3ef1e9116c-groupManagement] INFO  server.RaftServerConfigKeys (ConfUtils.java:logGet(46)) - raft.server.log.write.buffer.size = 8388616 (custom)
2024-05-24 07:48:53,350 [0f6129c7-dda1-4d42-8d75-6a3ef1e9116c-groupManagement] INFO  server.RaftServerConfigKeys (ConfUtils.java:logGet(46)) - raft.server.log.appender.buffer.byte-limit = 8388608 (custom)
2024-05-24 07:48:53,350 [0f6129c7-dda1-4d42-8d75-6a3ef1e9116c-groupManagement] INFO  server.RaftServerConfigKeys (ConfUtils.java:logGet(46)) - raft.server.log.unsafe-flush.enabled = false (default)
2024-05-24 07:48:53,350 [0f6129c7-dda1-4d42-8d75-6a3ef1e9116c-groupManagement] INFO  server.RaftServerConfigKeys (ConfUtils.java:logGet(46)) - raft.server.log.async-flush.enabled = false (default)
2024-05-24 07:48:53,350 [0f6129c7-dda1-4d42-8d75-6a3ef1e9116c-groupManagement] INFO  server.RaftServerConfigKeys (ConfUtils.java:logGet(46)) - raft.server.log.statemachine.data.caching.enabled = true (custom)
2024-05-24 07:48:53,351 [0f6129c7-dda1-4d42-8d75-6a3ef1e9116c-groupManagement] INFO  segmented.SegmentedRaftLogWorker (SegmentedRaftLogWorker.java:lambda$new$0(134)) - 0f6129c7-dda1-4d42-8d75-6a3ef1e9116c@group-0F5CF8F748CF-SegmentedRaftLogWorker: flushIndex: setUnconditionally 0 -> -1
2024-05-24 07:48:53,351 [0f6129c7-dda1-4d42-8d75-6a3ef1e9116c-groupManagement] INFO  segmented.SegmentedRaftLogWorker (SegmentedRaftLogWorker.java:lambda$new$0(134)) - 0f6129c7-dda1-4d42-8d75-6a3ef1e9116c@group-0F5CF8F748CF-SegmentedRaftLogWorker: safeCacheEvictIndex: setUnconditionally 0 -> -1
2024-05-24 07:48:53,352 [0f6129c7-dda1-4d42-8d75-6a3ef1e9116c-groupManagement] INFO  server.RaftServer$Division (RaftServerImpl.java:start(396)) - 0f6129c7-dda1-4d42-8d75-6a3ef1e9116c@group-0F5CF8F748CF: start as a follower, conf=-1: peers:[5de18b20-4c2d-46f3-add3-84b533bc57c8|127.0.0.1:15023, 5319acd4-0e99-4000-a29b-b8c741da6a3d|127.0.0.1:15014, 0f6129c7-dda1-4d42-8d75-6a3ef1e9116c|127.0.0.1:15032]|listeners:[], old=null
2024-05-24 07:48:53,352 [0f6129c7-dda1-4d42-8d75-6a3ef1e9116c-groupManagement] INFO  server.RaftServer$Division (RaftServerImpl.java:setRole(383)) - 0f6129c7-dda1-4d42-8d75-6a3ef1e9116c@group-0F5CF8F748CF: changes role from      null to FOLLOWER at term 0 for startAsFollower
2024-05-24 07:48:53,352 [0f6129c7-dda1-4d42-8d75-6a3ef1e9116c-groupManagement] INFO  impl.RoleInfo (RoleInfo.java:updateAndGet(139)) - 0f6129c7-dda1-4d42-8d75-6a3ef1e9116c: start 0f6129c7-dda1-4d42-8d75-6a3ef1e9116c@group-0F5CF8F748CF-FollowerState
2024-05-24 07:48:53,356 [0f6129c7-dda1-4d42-8d75-6a3ef1e9116c-groupManagement] INFO  util.JmxRegister (JmxRegister.java:tryRegister(44)) - Successfully registered JMX Bean with object name Ratis:service=RaftServer,group=group-0F5CF8F748CF,id=0f6129c7-dda1-4d42-8d75-6a3ef1e9116c
2024-05-24 07:48:53,356 [0f6129c7-dda1-4d42-8d75-6a3ef1e9116c-groupManagement] INFO  server.RaftServerConfigKeys (ConfUtils.java:logGet(46)) - raft.server.snapshot.trigger-when-stop.enabled = true (default)
2024-05-24 07:48:53,356 [0f6129c7-dda1-4d42-8d75-6a3ef1e9116c-groupManagement] INFO  server.RaftServerConfigKeys (ConfUtils.java:logGet(46)) - raft.server.snapshot.auto.trigger.enabled = true (custom)
2024-05-24 07:48:53,356 [0f6129c7-dda1-4d42-8d75-6a3ef1e9116c-groupManagement] INFO  server.RaftServerConfigKeys (ConfUtils.java:logGet(46)) - raft.server.snapshot.auto.trigger.threshold = 10000 (custom)
2024-05-24 07:48:53,356 [0f6129c7-dda1-4d42-8d75-6a3ef1e9116c-groupManagement] INFO  server.RaftServerConfigKeys (ConfUtils.java:logGet(46)) - raft.server.snapshot.retention.file.num = 5 (custom)
2024-05-24 07:48:53,356 [0f6129c7-dda1-4d42-8d75-6a3ef1e9116c-groupManagement] INFO  server.RaftServerConfigKeys (ConfUtils.java:logGet(46)) - raft.server.log.purge.upto.snapshot.index = false (default)
2024-05-24 07:48:53,358 [0f6129c7-dda1-4d42-8d75-6a3ef1e9116c@group-0F5CF8F748CF-FollowerState] INFO  server.RaftServerConfigKeys (ConfUtils.java:logFallback(53)) - raft.server.rpc.first-election.timeout.min = 5s (fallback to raft.server.rpc.timeout.min)
2024-05-24 07:48:53,358 [0f6129c7-dda1-4d42-8d75-6a3ef1e9116c@group-0F5CF8F748CF-FollowerState] INFO  server.RaftServerConfigKeys (ConfUtils.java:logFallback(53)) - raft.server.rpc.first-election.timeout.max = 5200ms (fallback to raft.server.rpc.timeout.max)
2024-05-24 07:48:53,360 [0f6129c7-dda1-4d42-8d75-6a3ef1e9116c-PipelineCommandHandlerThread-0] INFO  ratis.XceiverServerRatis (XceiverServerRatis.java:addGroup(864)) - Created group PipelineID=7028361f-0303-446a-8936-0f5cf8f748cf
2024-05-24 07:48:53,385 [db578ef5-4e1f-4da7-abbd-ff28012a31de-PipelineCommandHandlerThread-0] INFO  server.RaftServer (RaftServerProxy.java:addNew(100)) - db578ef5-4e1f-4da7-abbd-ff28012a31de: addNew group-FC6F4EE8B27E:[db578ef5-4e1f-4da7-abbd-ff28012a31de|127.0.0.1:15041] returns group-FC6F4EE8B27E:java.util.concurrent.CompletableFuture@6d9f142c[Not completed]
2024-05-24 07:48:53,387 [db578ef5-4e1f-4da7-abbd-ff28012a31de-groupManagement] INFO  server.RaftServer$Division (RaftServerImpl.java:<init>(256)) - db578ef5-4e1f-4da7-abbd-ff28012a31de: new RaftServerImpl for group-FC6F4EE8B27E:[db578ef5-4e1f-4da7-abbd-ff28012a31de|127.0.0.1:15041] with ContainerStateMachine:uninitialized
2024-05-24 07:48:53,387 [db578ef5-4e1f-4da7-abbd-ff28012a31de-groupManagement] INFO  server.RaftServerConfigKeys (ConfUtils.java:logGet(46)) - raft.server.rpc.timeout.min = 5s (custom)
2024-05-24 07:48:53,388 [db578ef5-4e1f-4da7-abbd-ff28012a31de-groupManagement] INFO  server.RaftServerConfigKeys (ConfUtils.java:logGet(46)) - raft.server.rpc.timeout.max = 5200ms (custom)
2024-05-24 07:48:53,388 [db578ef5-4e1f-4da7-abbd-ff28012a31de-groupManagement] INFO  server.RaftServerConfigKeys (ConfUtils.java:logGet(46)) - raft.server.rpc.sleep.time = 25ms (default)
2024-05-24 07:48:53,388 [db578ef5-4e1f-4da7-abbd-ff28012a31de-groupManagement] INFO  server.RaftServerConfigKeys (ConfUtils.java:logGet(46)) - raft.server.rpc.slowness.timeout = 300s (custom)
2024-05-24 07:48:53,388 [db578ef5-4e1f-4da7-abbd-ff28012a31de-groupManagement] INFO  server.RaftServerConfigKeys (ConfUtils.java:logGet(46)) - raft.server.leaderelection.leader.step-down.wait-time = 10s (default)
2024-05-24 07:48:53,388 [db578ef5-4e1f-4da7-abbd-ff28012a31de-groupManagement] INFO  server.RaftServerConfigKeys (ConfUtils.java:logGet(46)) - raft.server.leaderelection.member.majority-add = false (default)
2024-05-24 07:48:53,388 [db578ef5-4e1f-4da7-abbd-ff28012a31de-groupManagement] INFO  server.RaftServerConfigKeys (ConfUtils.java:logGet(46)) - raft.server.sleep.deviation.threshold = 300ms (default)
2024-05-24 07:48:53,388 [db578ef5-4e1f-4da7-abbd-ff28012a31de-groupManagement] INFO  server.RaftServer$Division (ServerState.java:<init>(113)) - db578ef5-4e1f-4da7-abbd-ff28012a31de@group-FC6F4EE8B27E: ConfigurationManager, init=-1: peers:[db578ef5-4e1f-4da7-abbd-ff28012a31de|127.0.0.1:15041]|listeners:[], old=null, confs=<EMPTY_MAP>
2024-05-24 07:48:53,388 [db578ef5-4e1f-4da7-abbd-ff28012a31de-groupManagement] INFO  server.RaftServerConfigKeys (ConfUtils.java:logGet(46)) - raft.server.notification.no-leader.timeout = 300s (custom)
2024-05-24 07:48:53,389 [db578ef5-4e1f-4da7-abbd-ff28012a31de-groupManagement] INFO  server.RaftServerConfigKeys (ConfUtils.java:logGet(46)) - raft.server.read.timeout = 10s (default)
2024-05-24 07:48:53,389 [db578ef5-4e1f-4da7-abbd-ff28012a31de-groupManagement] INFO  server.RaftServerConfigKeys (ConfUtils.java:logGet(46)) - raft.server.retrycache.expirytime = 600000ms (custom)
2024-05-24 07:48:53,389 [db578ef5-4e1f-4da7-abbd-ff28012a31de-groupManagement] INFO  server.RaftServerConfigKeys (ConfUtils.java:logGet(46)) - raft.server.retrycache.statistics.expirytime = 100ms (default)
2024-05-24 07:48:53,389 [db578ef5-4e1f-4da7-abbd-ff28012a31de-groupManagement] INFO  server.RaftServerConfigKeys (ConfUtils.java:logGet(46)) - raft.server.read.option = DEFAULT (default)
2024-05-24 07:48:53,389 [db578ef5-4e1f-4da7-abbd-ff28012a31de-groupManagement] INFO  server.RaftServerConfigKeys (ConfUtils.java:logGet(46)) - raft.server.read.read-after-write-consistent.write-index-cache.expiry-time = 60s (default)
2024-05-24 07:48:53,400 [db578ef5-4e1f-4da7-abbd-ff28012a31de-groupManagement] INFO  server.RaftServerConfigKeys (ConfUtils.java:logGet(46)) - raft.server.rpc.request.timeout = 60s (custom)
2024-05-24 07:48:53,401 [db578ef5-4e1f-4da7-abbd-ff28012a31de-groupManagement] INFO  server.RaftServerConfigKeys (ConfUtils.java:logGet(46)) - raft.server.log.appender.install.snapshot.enabled = false (custom)
2024-05-24 07:48:53,401 [db578ef5-4e1f-4da7-abbd-ff28012a31de-groupManagement] INFO  server.RaftServerConfigKeys (ConfUtils.java:logGet(46)) - raft.server.threadpool.server.cached = true (default)
2024-05-24 07:48:53,401 [db578ef5-4e1f-4da7-abbd-ff28012a31de-groupManagement] INFO  server.RaftServerConfigKeys (ConfUtils.java:logGet(46)) - raft.server.threadpool.server.size = 0 (default)
2024-05-24 07:48:53,401 [db578ef5-4e1f-4da7-abbd-ff28012a31de-groupManagement] INFO  server.RaftServerConfigKeys (ConfUtils.java:logGet(46)) - raft.server.threadpool.client.cached = true (default)
2024-05-24 07:48:53,401 [db578ef5-4e1f-4da7-abbd-ff28012a31de-groupManagement] INFO  server.RaftServerConfigKeys (ConfUtils.java:logGet(46)) - raft.server.threadpool.client.size = 0 (default)
2024-05-24 07:48:53,401 [db578ef5-4e1f-4da7-abbd-ff28012a31de-groupManagement] INFO  server.RaftServerConfigKeys (ConfUtils.java:logGet(46)) - raft.server.storage.free-space.min = 0MB (=0) (default)
2024-05-24 07:48:53,401 [db578ef5-4e1f-4da7-abbd-ff28012a31de-groupManagement] INFO  server.RaftServerConfigKeys (ConfUtils.java:logGet(46)) - raft.server.log.corruption.policy = EXCEPTION (default)
2024-05-24 07:48:53,401 [db578ef5-4e1f-4da7-abbd-ff28012a31de-groupManagement] INFO  server.RaftServerConfigKeys (ConfUtils.java:logGet(46)) - raft.server.storage.dir = [/home/runner/work/ozone/ozone/hadoop-ozone/integration-test/target/test-dir/MiniOzoneClusterImpl-b501fab0-540e-4575-af6e-dde2336b059e/ozone-meta/datanode-4/ratis] (custom)
2024-05-24 07:48:53,402 [db578ef5-4e1f-4da7-abbd-ff28012a31de-groupManagement] INFO  storage.RaftStorageDirectory (RaftStorageDirectoryImpl.java:analyzeStorage(138)) - The storage directory /home/runner/work/ozone/ozone/hadoop-ozone/integration-test/target/test-dir/MiniOzoneClusterImpl-b501fab0-540e-4575-af6e-dde2336b059e/ozone-meta/datanode-4/ratis/19fb7f9a-fab2-45a7-a966-fc6f4ee8b27e does not exist. Creating ...
2024-05-24 07:48:53,403 [db578ef5-4e1f-4da7-abbd-ff28012a31de-groupManagement] INFO  storage.RaftStorageDirectory (RaftStorageDirectoryImpl.java:tryLock(228)) - Lock on /home/runner/work/ozone/ozone/hadoop-ozone/integration-test/target/test-dir/MiniOzoneClusterImpl-b501fab0-540e-4575-af6e-dde2336b059e/ozone-meta/datanode-4/ratis/19fb7f9a-fab2-45a7-a966-fc6f4ee8b27e/in_use.lock acquired by nodename 29770@fv-az779-985
2024-05-24 07:48:53,405 [db578ef5-4e1f-4da7-abbd-ff28012a31de-groupManagement] INFO  storage.RaftStorage (RaftStorageImpl.java:format(99)) - Storage directory /home/runner/work/ozone/ozone/hadoop-ozone/integration-test/target/test-dir/MiniOzoneClusterImpl-b501fab0-540e-4575-af6e-dde2336b059e/ozone-meta/datanode-4/ratis/19fb7f9a-fab2-45a7-a966-fc6f4ee8b27e has been successfully formatted.
2024-05-24 07:48:53,406 [db578ef5-4e1f-4da7-abbd-ff28012a31de-groupManagement] WARN  util.FileUtils (LogUtils.java:supplyAndLog(63)) - Failed to Files.newInputStream /home/runner/work/ozone/ozone/hadoop-ozone/integration-test/target/test-dir/MiniOzoneClusterImpl-b501fab0-540e-4575-af6e-dde2336b059e/ozone-meta/datanode-4/ratis/19fb7f9a-fab2-45a7-a966-fc6f4ee8b27e/current/raft-meta.conf with options []: java.nio.file.NoSuchFileException: /home/runner/work/ozone/ozone/hadoop-ozone/integration-test/target/test-dir/MiniOzoneClusterImpl-b501fab0-540e-4575-af6e-dde2336b059e/ozone-meta/datanode-4/ratis/19fb7f9a-fab2-45a7-a966-fc6f4ee8b27e/current/raft-meta.conf
2024-05-24 07:48:53,406 [db578ef5-4e1f-4da7-abbd-ff28012a31de-groupManagement] INFO  ratis.ContainerStateMachine (ContainerStateMachine.java:loadSnapshot(287)) - group-FC6F4EE8B27E: The snapshot info is null. Setting the last applied index to:(t:0, i:~)
2024-05-24 07:48:53,406 [db578ef5-4e1f-4da7-abbd-ff28012a31de-groupManagement] INFO  server.RaftServerConfigKeys (ConfUtils.java:logGet(46)) - raft.server.log.use.memory = false (default)
2024-05-24 07:48:53,406 [db578ef5-4e1f-4da7-abbd-ff28012a31de-groupManagement] INFO  server.RaftServerConfigKeys (ConfUtils.java:logGet(46)) - raft.server.log.purge.gap = 1000000 (custom)
2024-05-24 07:48:53,407 [db578ef5-4e1f-4da7-abbd-ff28012a31de-groupManagement] INFO  server.RaftServerConfigKeys (ConfUtils.java:logGet(46)) - raft.server.log.appender.buffer.byte-limit = 8388608 (custom)
2024-05-24 07:48:53,407 [db578ef5-4e1f-4da7-abbd-ff28012a31de-groupManagement] INFO  server.RaftServerConfigKeys (ConfUtils.java:logGet(46)) - raft.server.log.statemachine.data.read.timeout = 1000ms (default)
2024-05-24 07:48:53,407 [db578ef5-4e1f-4da7-abbd-ff28012a31de-groupManagement] INFO  server.RaftServerConfigKeys (ConfUtils.java:logGet(46)) - raft.server.log.purge.preservation.log.num = 0 (default)
2024-05-24 07:48:53,410 [EventQueue-PipelineReportForPipelineReportHandler] INFO  pipeline.PipelineReportHandler (PipelineReportHandler.java:processPipelineReport(136)) - Opened pipeline PipelineID=19fb7f9a-fab2-45a7-a966-fc6f4ee8b27e
2024-05-24 07:48:53,410 [EventQueue-OpenPipelineForHealthyPipelineSafeModeRule] INFO  safemode.SCMSafeModeManager (HealthyPipelineSafeModeRule.java:process(140)) - SCM in safe mode. Healthy pipelines reported count is 0, required healthy pipeline reported count is 1
2024-05-24 07:48:53,411 [db578ef5-4e1f-4da7-abbd-ff28012a31de-groupManagement] INFO  server.RaftServerConfigKeys (ConfUtils.java:logGet(46)) - raft.server.log.segment.size.max = 67108864 (custom)
2024-05-24 07:48:53,412 [db578ef5-4e1f-4da7-abbd-ff28012a31de-groupManagement] INFO  server.RaftServerConfigKeys (ConfUtils.java:logGet(46)) - raft.server.log.segment.cache.num.max = 2 (custom)
2024-05-24 07:48:53,412 [db578ef5-4e1f-4da7-abbd-ff28012a31de-groupManagement] INFO  server.RaftServerConfigKeys (ConfUtils.java:logGet(46)) - raft.server.log.segment.cache.size.max = 200MB (=209715200) (default)
2024-05-24 07:48:53,412 [db578ef5-4e1f-4da7-abbd-ff28012a31de-groupManagement] INFO  server.RaftServerConfigKeys (ConfUtils.java:logGet(46)) - raft.server.log.appender.buffer.byte-limit = 8388608 (custom)
2024-05-24 07:48:53,426 [db578ef5-4e1f-4da7-abbd-ff28012a31de-groupManagement] INFO  util.AwaitToRun (AwaitToRun.java:start(81)) - Thread[db578ef5-4e1f-4da7-abbd-ff28012a31de@group-FC6F4EE8B27E-cacheEviction-AwaitToRun,5,main] started
2024-05-24 07:48:53,426 [db578ef5-4e1f-4da7-abbd-ff28012a31de-groupManagement] INFO  segmented.SegmentedRaftLogWorker (SegmentedRaftLogWorker.java:<init>(182)) - new db578ef5-4e1f-4da7-abbd-ff28012a31de@group-FC6F4EE8B27E-SegmentedRaftLogWorker for RaftStorageImpl:Storage Directory /home/runner/work/ozone/ozone/hadoop-ozone/integration-test/target/test-dir/MiniOzoneClusterImpl-b501fab0-540e-4575-af6e-dde2336b059e/ozone-meta/datanode-4/ratis/19fb7f9a-fab2-45a7-a966-fc6f4ee8b27e
2024-05-24 07:48:53,426 [db578ef5-4e1f-4da7-abbd-ff28012a31de-groupManagement] INFO  server.RaftServerConfigKeys (ConfUtils.java:logGet(46)) - raft.server.log.queue.byte-limit = 4294967296 (custom)
2024-05-24 07:48:53,426 [db578ef5-4e1f-4da7-abbd-ff28012a31de-groupManagement] INFO  server.RaftServerConfigKeys (ConfUtils.java:logGet(46)) - raft.server.log.queue.element-limit = 1024 (custom)
2024-05-24 07:48:53,427 [db578ef5-4e1f-4da7-abbd-ff28012a31de-groupManagement] INFO  server.RaftServerConfigKeys (ConfUtils.java:logGet(46)) - raft.server.log.segment.size.max = 67108864 (custom)
2024-05-24 07:48:53,427 [db578ef5-4e1f-4da7-abbd-ff28012a31de-groupManagement] INFO  server.RaftServerConfigKeys (ConfUtils.java:logGet(46)) - raft.server.log.preallocated.size = 4194304 (custom)
2024-05-24 07:48:53,427 [db578ef5-4e1f-4da7-abbd-ff28012a31de-groupManagement] INFO  server.RaftServerConfigKeys (ConfUtils.java:logGet(46)) - raft.server.log.force.sync.num = 128 (default)
2024-05-24 07:48:53,427 [db578ef5-4e1f-4da7-abbd-ff28012a31de-groupManagement] INFO  server.RaftServerConfigKeys (ConfUtils.java:logGet(46)) - raft.server.log.statemachine.data.sync = true (default)
2024-05-24 07:48:53,427 [db578ef5-4e1f-4da7-abbd-ff28012a31de-groupManagement] INFO  server.RaftServerConfigKeys (ConfUtils.java:logGet(46)) - raft.server.log.statemachine.data.sync.timeout = 10s (default)
2024-05-24 07:48:53,427 [db578ef5-4e1f-4da7-abbd-ff28012a31de-groupManagement] INFO  server.RaftServerConfigKeys (ConfUtils.java:logGet(46)) - raft.server.log.statemachine.data.sync.timeout.retry = 30 (custom)
2024-05-24 07:48:53,428 [db578ef5-4e1f-4da7-abbd-ff28012a31de-groupManagement] INFO  server.RaftServerConfigKeys (ConfUtils.java:logGet(46)) - raft.server.log.write.buffer.size = 8388616 (custom)
2024-05-24 07:48:53,430 [db578ef5-4e1f-4da7-abbd-ff28012a31de-groupManagement] INFO  server.RaftServerConfigKeys (ConfUtils.java:logGet(46)) - raft.server.log.appender.buffer.byte-limit = 8388608 (custom)
2024-05-24 07:48:53,430 [db578ef5-4e1f-4da7-abbd-ff28012a31de-groupManagement] INFO  server.RaftServerConfigKeys (ConfUtils.java:logGet(46)) - raft.server.log.unsafe-flush.enabled = false (default)
2024-05-24 07:48:53,430 [db578ef5-4e1f-4da7-abbd-ff28012a31de-groupManagement] INFO  server.RaftServerConfigKeys (ConfUtils.java:logGet(46)) - raft.server.log.async-flush.enabled = false (default)
2024-05-24 07:48:53,430 [db578ef5-4e1f-4da7-abbd-ff28012a31de-groupManagement] INFO  server.RaftServerConfigKeys (ConfUtils.java:logGet(46)) - raft.server.log.statemachine.data.caching.enabled = true (custom)
2024-05-24 07:48:53,431 [db578ef5-4e1f-4da7-abbd-ff28012a31de-groupManagement] INFO  segmented.SegmentedRaftLogWorker (SegmentedRaftLogWorker.java:lambda$new$0(134)) - db578ef5-4e1f-4da7-abbd-ff28012a31de@group-FC6F4EE8B27E-SegmentedRaftLogWorker: flushIndex: setUnconditionally 0 -> -1
2024-05-24 07:48:53,431 [db578ef5-4e1f-4da7-abbd-ff28012a31de-groupManagement] INFO  segmented.SegmentedRaftLogWorker (SegmentedRaftLogWorker.java:lambda$new$0(134)) - db578ef5-4e1f-4da7-abbd-ff28012a31de@group-FC6F4EE8B27E-SegmentedRaftLogWorker: safeCacheEvictIndex: setUnconditionally 0 -> -1
2024-05-24 07:48:53,431 [db578ef5-4e1f-4da7-abbd-ff28012a31de-groupManagement] INFO  server.RaftServer$Division (RaftServerImpl.java:start(396)) - db578ef5-4e1f-4da7-abbd-ff28012a31de@group-FC6F4EE8B27E: start as a follower, conf=-1: peers:[db578ef5-4e1f-4da7-abbd-ff28012a31de|127.0.0.1:15041]|listeners:[], old=null
2024-05-24 07:48:53,431 [db578ef5-4e1f-4da7-abbd-ff28012a31de-groupManagement] INFO  server.RaftServer$Division (RaftServerImpl.java:setRole(383)) - db578ef5-4e1f-4da7-abbd-ff28012a31de@group-FC6F4EE8B27E: changes role from      null to FOLLOWER at term 0 for startAsFollower
2024-05-24 07:48:53,431 [db578ef5-4e1f-4da7-abbd-ff28012a31de-groupManagement] INFO  impl.RoleInfo (RoleInfo.java:updateAndGet(139)) - db578ef5-4e1f-4da7-abbd-ff28012a31de: start db578ef5-4e1f-4da7-abbd-ff28012a31de@group-FC6F4EE8B27E-FollowerState
2024-05-24 07:48:53,432 [db578ef5-4e1f-4da7-abbd-ff28012a31de-groupManagement] INFO  util.JmxRegister (JmxRegister.java:tryRegister(44)) - Successfully registered JMX Bean with object name Ratis:service=RaftServer,group=group-FC6F4EE8B27E,id=db578ef5-4e1f-4da7-abbd-ff28012a31de
2024-05-24 07:48:53,432 [db578ef5-4e1f-4da7-abbd-ff28012a31de-groupManagement] INFO  server.RaftServerConfigKeys (ConfUtils.java:logGet(46)) - raft.server.snapshot.trigger-when-stop.enabled = true (default)
2024-05-24 07:48:53,432 [db578ef5-4e1f-4da7-abbd-ff28012a31de-groupManagement] INFO  server.RaftServerConfigKeys (ConfUtils.java:logGet(46)) - raft.server.snapshot.auto.trigger.enabled = true (custom)
2024-05-24 07:48:53,432 [db578ef5-4e1f-4da7-abbd-ff28012a31de-groupManagement] INFO  server.RaftServerConfigKeys (ConfUtils.java:logGet(46)) - raft.server.snapshot.auto.trigger.threshold = 10000 (custom)
2024-05-24 07:48:53,432 [db578ef5-4e1f-4da7-abbd-ff28012a31de-groupManagement] INFO  server.RaftServerConfigKeys (ConfUtils.java:logGet(46)) - raft.server.snapshot.retention.file.num = 5 (custom)
2024-05-24 07:48:53,432 [db578ef5-4e1f-4da7-abbd-ff28012a31de-groupManagement] INFO  server.RaftServerConfigKeys (ConfUtils.java:logGet(46)) - raft.server.log.purge.upto.snapshot.index = false (default)
2024-05-24 07:48:53,433 [db578ef5-4e1f-4da7-abbd-ff28012a31de@group-FC6F4EE8B27E-FollowerState] INFO  server.RaftServerConfigKeys (ConfUtils.java:logFallback(53)) - raft.server.rpc.first-election.timeout.min = 5s (fallback to raft.server.rpc.timeout.min)
2024-05-24 07:48:53,434 [db578ef5-4e1f-4da7-abbd-ff28012a31de@group-FC6F4EE8B27E-FollowerState] INFO  server.RaftServerConfigKeys (ConfUtils.java:logFallback(53)) - raft.server.rpc.first-election.timeout.max = 5200ms (fallback to raft.server.rpc.timeout.max)
2024-05-24 07:48:53,434 [db578ef5-4e1f-4da7-abbd-ff28012a31de-PipelineCommandHandlerThread-0] INFO  ratis.XceiverServerRatis (XceiverServerRatis.java:addGroup(864)) - Created group PipelineID=19fb7f9a-fab2-45a7-a966-fc6f4ee8b27e
2024-05-24 07:48:53,434 [db578ef5-4e1f-4da7-abbd-ff28012a31de-PipelineCommandHandlerThread-0] INFO  commandhandler.CreatePipelineCommandHandler (CreatePipelineCommandHandler.java:lambda$handle$2(124)) - Created Pipeline RATIS ONE PipelineID=19fb7f9a-fab2-45a7-a966-fc6f4ee8b27e.
2024-05-24 07:48:53,435 [db578ef5-4e1f-4da7-abbd-ff28012a31de-PipelineCommandHandlerThread-0] INFO  server.RaftServer (RaftServerProxy.java:addNew(100)) - db578ef5-4e1f-4da7-abbd-ff28012a31de: addNew group-DF8DC201CEBC:[713fd2b4-03fd-4bcc-8950-4119d378f2ca|127.0.0.1:15050, db578ef5-4e1f-4da7-abbd-ff28012a31de|127.0.0.1:15041, e689b99c-fc0b-4611-bf51-e78d9991fc84|127.0.0.1:15059] returns group-DF8DC201CEBC:java.util.concurrent.CompletableFuture@69a08d47[Not completed]
2024-05-24 07:48:53,436 [db578ef5-4e1f-4da7-abbd-ff28012a31de-groupManagement] INFO  server.RaftServer$Division (RaftServerImpl.java:<init>(256)) - db578ef5-4e1f-4da7-abbd-ff28012a31de: new RaftServerImpl for group-DF8DC201CEBC:[713fd2b4-03fd-4bcc-8950-4119d378f2ca|127.0.0.1:15050, db578ef5-4e1f-4da7-abbd-ff28012a31de|127.0.0.1:15041, e689b99c-fc0b-4611-bf51-e78d9991fc84|127.0.0.1:15059] with ContainerStateMachine:uninitialized
2024-05-24 07:48:53,437 [db578ef5-4e1f-4da7-abbd-ff28012a31de-groupManagement] INFO  server.RaftServerConfigKeys (ConfUtils.java:logGet(46)) - raft.server.rpc.timeout.min = 5s (custom)
2024-05-24 07:48:53,437 [db578ef5-4e1f-4da7-abbd-ff28012a31de-groupManagement] INFO  server.RaftServerConfigKeys (ConfUtils.java:logGet(46)) - raft.server.rpc.timeout.max = 5200ms (custom)
2024-05-24 07:48:53,437 [db578ef5-4e1f-4da7-abbd-ff28012a31de-groupManagement] INFO  server.RaftServerConfigKeys (ConfUtils.java:logGet(46)) - raft.server.rpc.sleep.time = 25ms (default)
2024-05-24 07:48:53,437 [db578ef5-4e1f-4da7-abbd-ff28012a31de-groupManagement] INFO  server.RaftServerConfigKeys (ConfUtils.java:logGet(46)) - raft.server.rpc.slowness.timeout = 300s (custom)
2024-05-24 07:48:53,437 [db578ef5-4e1f-4da7-abbd-ff28012a31de-groupManagement] INFO  server.RaftServerConfigKeys (ConfUtils.java:logGet(46)) - raft.server.leaderelection.leader.step-down.wait-time = 10s (default)
2024-05-24 07:48:53,437 [db578ef5-4e1f-4da7-abbd-ff28012a31de-groupManagement] INFO  server.RaftServerConfigKeys (ConfUtils.java:logGet(46)) - raft.server.leaderelection.member.majority-add = false (default)
2024-05-24 07:48:53,437 [db578ef5-4e1f-4da7-abbd-ff28012a31de-groupManagement] INFO  server.RaftServerConfigKeys (ConfUtils.java:logGet(46)) - raft.server.sleep.deviation.threshold = 300ms (default)
2024-05-24 07:48:53,437 [db578ef5-4e1f-4da7-abbd-ff28012a31de-groupManagement] INFO  server.RaftServer$Division (ServerState.java:<init>(113)) - db578ef5-4e1f-4da7-abbd-ff28012a31de@group-DF8DC201CEBC: ConfigurationManager, init=-1: peers:[713fd2b4-03fd-4bcc-8950-4119d378f2ca|127.0.0.1:15050, db578ef5-4e1f-4da7-abbd-ff28012a31de|127.0.0.1:15041, e689b99c-fc0b-4611-bf51-e78d9991fc84|127.0.0.1:15059]|listeners:[], old=null, confs=<EMPTY_MAP>
2024-05-24 07:48:53,437 [db578ef5-4e1f-4da7-abbd-ff28012a31de-groupManagement] INFO  server.RaftServerConfigKeys (ConfUtils.java:logGet(46)) - raft.server.notification.no-leader.timeout = 300s (custom)
2024-05-24 07:48:53,437 [db578ef5-4e1f-4da7-abbd-ff28012a31de-groupManagement] INFO  server.RaftServerConfigKeys (ConfUtils.java:logGet(46)) - raft.server.read.timeout = 10s (default)
2024-05-24 07:48:53,437 [db578ef5-4e1f-4da7-abbd-ff28012a31de-groupManagement] INFO  server.RaftServerConfigKeys (ConfUtils.java:logGet(46)) - raft.server.retrycache.expirytime = 600000ms (custom)
2024-05-24 07:48:53,437 [db578ef5-4e1f-4da7-abbd-ff28012a31de-groupManagement] INFO  server.RaftServerConfigKeys (ConfUtils.java:logGet(46)) - raft.server.retrycache.statistics.expirytime = 100ms (default)
2024-05-24 07:48:53,438 [db578ef5-4e1f-4da7-abbd-ff28012a31de-groupManagement] INFO  server.RaftServerConfigKeys (ConfUtils.java:logGet(46)) - raft.server.read.option = DEFAULT (default)
2024-05-24 07:48:53,438 [db578ef5-4e1f-4da7-abbd-ff28012a31de-groupManagement] INFO  server.RaftServerConfigKeys (ConfUtils.java:logGet(46)) - raft.server.read.read-after-write-consistent.write-index-cache.expiry-time = 60s (default)
2024-05-24 07:48:53,447 [db578ef5-4e1f-4da7-abbd-ff28012a31de-groupManagement] INFO  server.RaftServerConfigKeys (ConfUtils.java:logGet(46)) - raft.server.rpc.request.timeout = 60s (custom)
2024-05-24 07:48:53,447 [db578ef5-4e1f-4da7-abbd-ff28012a31de-groupManagement] INFO  server.RaftServerConfigKeys (ConfUtils.java:logGet(46)) - raft.server.log.appender.install.snapshot.enabled = false (custom)
2024-05-24 07:48:53,447 [db578ef5-4e1f-4da7-abbd-ff28012a31de-groupManagement] INFO  server.RaftServerConfigKeys (ConfUtils.java:logGet(46)) - raft.server.threadpool.server.cached = true (default)
2024-05-24 07:48:53,447 [db578ef5-4e1f-4da7-abbd-ff28012a31de-groupManagement] INFO  server.RaftServerConfigKeys (ConfUtils.java:logGet(46)) - raft.server.threadpool.server.size = 0 (default)
2024-05-24 07:48:53,447 [db578ef5-4e1f-4da7-abbd-ff28012a31de-groupManagement] INFO  server.RaftServerConfigKeys (ConfUtils.java:logGet(46)) - raft.server.threadpool.client.cached = true (default)
2024-05-24 07:48:53,447 [db578ef5-4e1f-4da7-abbd-ff28012a31de-groupManagement] INFO  server.RaftServerConfigKeys (ConfUtils.java:logGet(46)) - raft.server.threadpool.client.size = 0 (default)
2024-05-24 07:48:53,447 [db578ef5-4e1f-4da7-abbd-ff28012a31de-groupManagement] INFO  server.RaftServerConfigKeys (ConfUtils.java:logGet(46)) - raft.server.storage.free-space.min = 0MB (=0) (default)
2024-05-24 07:48:53,448 [db578ef5-4e1f-4da7-abbd-ff28012a31de-groupManagement] INFO  server.RaftServerConfigKeys (ConfUtils.java:logGet(46)) - raft.server.log.corruption.policy = EXCEPTION (default)
2024-05-24 07:48:53,448 [db578ef5-4e1f-4da7-abbd-ff28012a31de-groupManagement] INFO  server.RaftServerConfigKeys (ConfUtils.java:logGet(46)) - raft.server.storage.dir = [/home/runner/work/ozone/ozone/hadoop-ozone/integration-test/target/test-dir/MiniOzoneClusterImpl-b501fab0-540e-4575-af6e-dde2336b059e/ozone-meta/datanode-4/ratis] (custom)
2024-05-24 07:48:53,448 [db578ef5-4e1f-4da7-abbd-ff28012a31de-groupManagement] INFO  storage.RaftStorageDirectory (RaftStorageDirectoryImpl.java:analyzeStorage(138)) - The storage directory /home/runner/work/ozone/ozone/hadoop-ozone/integration-test/target/test-dir/MiniOzoneClusterImpl-b501fab0-540e-4575-af6e-dde2336b059e/ozone-meta/datanode-4/ratis/6091da91-ea71-4480-9c60-df8dc201cebc does not exist. Creating ...
2024-05-24 07:48:53,450 [db578ef5-4e1f-4da7-abbd-ff28012a31de-groupManagement] INFO  storage.RaftStorageDirectory (RaftStorageDirectoryImpl.java:tryLock(228)) - Lock on /home/runner/work/ozone/ozone/hadoop-ozone/integration-test/target/test-dir/MiniOzoneClusterImpl-b501fab0-540e-4575-af6e-dde2336b059e/ozone-meta/datanode-4/ratis/6091da91-ea71-4480-9c60-df8dc201cebc/in_use.lock acquired by nodename 29770@fv-az779-985
2024-05-24 07:48:53,451 [db578ef5-4e1f-4da7-abbd-ff28012a31de-groupManagement] INFO  storage.RaftStorage (RaftStorageImpl.java:format(99)) - Storage directory /home/runner/work/ozone/ozone/hadoop-ozone/integration-test/target/test-dir/MiniOzoneClusterImpl-b501fab0-540e-4575-af6e-dde2336b059e/ozone-meta/datanode-4/ratis/6091da91-ea71-4480-9c60-df8dc201cebc has been successfully formatted.
2024-05-24 07:48:53,452 [db578ef5-4e1f-4da7-abbd-ff28012a31de-groupManagement] WARN  util.FileUtils (LogUtils.java:supplyAndLog(63)) - Failed to Files.newInputStream /home/runner/work/ozone/ozone/hadoop-ozone/integration-test/target/test-dir/MiniOzoneClusterImpl-b501fab0-540e-4575-af6e-dde2336b059e/ozone-meta/datanode-4/ratis/6091da91-ea71-4480-9c60-df8dc201cebc/current/raft-meta.conf with options []: java.nio.file.NoSuchFileException: /home/runner/work/ozone/ozone/hadoop-ozone/integration-test/target/test-dir/MiniOzoneClusterImpl-b501fab0-540e-4575-af6e-dde2336b059e/ozone-meta/datanode-4/ratis/6091da91-ea71-4480-9c60-df8dc201cebc/current/raft-meta.conf
2024-05-24 07:48:53,453 [db578ef5-4e1f-4da7-abbd-ff28012a31de-groupManagement] INFO  ratis.ContainerStateMachine (ContainerStateMachine.java:loadSnapshot(287)) - group-DF8DC201CEBC: The snapshot info is null. Setting the last applied index to:(t:0, i:~)
2024-05-24 07:48:53,453 [db578ef5-4e1f-4da7-abbd-ff28012a31de-groupManagement] INFO  server.RaftServerConfigKeys (ConfUtils.java:logGet(46)) - raft.server.log.use.memory = false (default)
2024-05-24 07:48:53,454 [db578ef5-4e1f-4da7-abbd-ff28012a31de-groupManagement] INFO  server.RaftServerConfigKeys (ConfUtils.java:logGet(46)) - raft.server.log.purge.gap = 1000000 (custom)
2024-05-24 07:48:53,454 [db578ef5-4e1f-4da7-abbd-ff28012a31de-groupManagement] INFO  server.RaftServerConfigKeys (ConfUtils.java:logGet(46)) - raft.server.log.appender.buffer.byte-limit = 8388608 (custom)
2024-05-24 07:48:53,454 [EventQueue-OpenPipelineForHealthyPipelineSafeModeRule] INFO  safemode.SCMSafeModeManager (HealthyPipelineSafeModeRule.java:process(140)) - SCM in safe mode. Healthy pipelines reported count is 0, required healthy pipeline reported count is 1
2024-05-24 07:48:53,454 [db578ef5-4e1f-4da7-abbd-ff28012a31de-groupManagement] INFO  server.RaftServerConfigKeys (ConfUtils.java:logGet(46)) - raft.server.log.statemachine.data.read.timeout = 1000ms (default)
2024-05-24 07:48:53,455 [db578ef5-4e1f-4da7-abbd-ff28012a31de-groupManagement] INFO  server.RaftServerConfigKeys (ConfUtils.java:logGet(46)) - raft.server.log.purge.preservation.log.num = 0 (default)
2024-05-24 07:48:53,458 [db578ef5-4e1f-4da7-abbd-ff28012a31de-groupManagement] INFO  server.RaftServerConfigKeys (ConfUtils.java:logGet(46)) - raft.server.log.segment.size.max = 67108864 (custom)
2024-05-24 07:48:53,459 [db578ef5-4e1f-4da7-abbd-ff28012a31de-groupManagement] INFO  server.RaftServerConfigKeys (ConfUtils.java:logGet(46)) - raft.server.log.segment.cache.num.max = 2 (custom)
2024-05-24 07:48:53,459 [db578ef5-4e1f-4da7-abbd-ff28012a31de-groupManagement] INFO  server.RaftServerConfigKeys (ConfUtils.java:logGet(46)) - raft.server.log.segment.cache.size.max = 200MB (=209715200) (default)
2024-05-24 07:48:53,459 [db578ef5-4e1f-4da7-abbd-ff28012a31de-groupManagement] INFO  server.RaftServerConfigKeys (ConfUtils.java:logGet(46)) - raft.server.log.appender.buffer.byte-limit = 8388608 (custom)
2024-05-24 07:48:53,469 [db578ef5-4e1f-4da7-abbd-ff28012a31de-groupManagement] INFO  util.AwaitToRun (AwaitToRun.java:start(81)) - Thread[db578ef5-4e1f-4da7-abbd-ff28012a31de@group-DF8DC201CEBC-cacheEviction-AwaitToRun,5,main] started
2024-05-24 07:48:53,469 [db578ef5-4e1f-4da7-abbd-ff28012a31de-groupManagement] INFO  segmented.SegmentedRaftLogWorker (SegmentedRaftLogWorker.java:<init>(182)) - new db578ef5-4e1f-4da7-abbd-ff28012a31de@group-DF8DC201CEBC-SegmentedRaftLogWorker for RaftStorageImpl:Storage Directory /home/runner/work/ozone/ozone/hadoop-ozone/integration-test/target/test-dir/MiniOzoneClusterImpl-b501fab0-540e-4575-af6e-dde2336b059e/ozone-meta/datanode-4/ratis/6091da91-ea71-4480-9c60-df8dc201cebc
2024-05-24 07:48:53,469 [db578ef5-4e1f-4da7-abbd-ff28012a31de-groupManagement] INFO  server.RaftServerConfigKeys (ConfUtils.java:logGet(46)) - raft.server.log.queue.byte-limit = 4294967296 (custom)
2024-05-24 07:48:53,469 [db578ef5-4e1f-4da7-abbd-ff28012a31de-groupManagement] INFO  server.RaftServerConfigKeys (ConfUtils.java:logGet(46)) - raft.server.log.queue.element-limit = 1024 (custom)
2024-05-24 07:48:53,469 [db578ef5-4e1f-4da7-abbd-ff28012a31de-groupManagement] INFO  server.RaftServerConfigKeys (ConfUtils.java:logGet(46)) - raft.server.log.segment.size.max = 67108864 (custom)
2024-05-24 07:48:53,469 [db578ef5-4e1f-4da7-abbd-ff28012a31de-groupManagement] INFO  server.RaftServerConfigKeys (ConfUtils.java:logGet(46)) - raft.server.log.preallocated.size = 4194304 (custom)
2024-05-24 07:48:53,470 [db578ef5-4e1f-4da7-abbd-ff28012a31de-groupManagement] INFO  server.RaftServerConfigKeys (ConfUtils.java:logGet(46)) - raft.server.log.force.sync.num = 128 (default)
2024-05-24 07:48:53,470 [db578ef5-4e1f-4da7-abbd-ff28012a31de-groupManagement] INFO  server.RaftServerConfigKeys (ConfUtils.java:logGet(46)) - raft.server.log.statemachine.data.sync = true (default)
2024-05-24 07:48:53,470 [db578ef5-4e1f-4da7-abbd-ff28012a31de-groupManagement] INFO  server.RaftServerConfigKeys (ConfUtils.java:logGet(46)) - raft.server.log.statemachine.data.sync.timeout = 10s (default)
2024-05-24 07:48:53,470 [db578ef5-4e1f-4da7-abbd-ff28012a31de-groupManagement] INFO  server.RaftServerConfigKeys (ConfUtils.java:logGet(46)) - raft.server.log.statemachine.data.sync.timeout.retry = 30 (custom)
2024-05-24 07:48:53,470 [db578ef5-4e1f-4da7-abbd-ff28012a31de-groupManagement] INFO  server.RaftServerConfigKeys (ConfUtils.java:logGet(46)) - raft.server.log.write.buffer.size = 8388616 (custom)
2024-05-24 07:48:53,473 [db578ef5-4e1f-4da7-abbd-ff28012a31de-groupManagement] INFO  server.RaftServerConfigKeys (ConfUtils.java:logGet(46)) - raft.server.log.appender.buffer.byte-limit = 8388608 (custom)
2024-05-24 07:48:53,473 [db578ef5-4e1f-4da7-abbd-ff28012a31de-groupManagement] INFO  server.RaftServerConfigKeys (ConfUtils.java:logGet(46)) - raft.server.log.unsafe-flush.enabled = false (default)
2024-05-24 07:48:53,473 [db578ef5-4e1f-4da7-abbd-ff28012a31de-groupManagement] INFO  server.RaftServerConfigKeys (ConfUtils.java:logGet(46)) - raft.server.log.async-flush.enabled = false (default)
2024-05-24 07:48:53,473 [db578ef5-4e1f-4da7-abbd-ff28012a31de-groupManagement] INFO  server.RaftServerConfigKeys (ConfUtils.java:logGet(46)) - raft.server.log.statemachine.data.caching.enabled = true (custom)
2024-05-24 07:48:53,473 [db578ef5-4e1f-4da7-abbd-ff28012a31de-groupManagement] INFO  segmented.SegmentedRaftLogWorker (SegmentedRaftLogWorker.java:lambda$new$0(134)) - db578ef5-4e1f-4da7-abbd-ff28012a31de@group-DF8DC201CEBC-SegmentedRaftLogWorker: flushIndex: setUnconditionally 0 -> -1
2024-05-24 07:48:53,473 [db578ef5-4e1f-4da7-abbd-ff28012a31de-groupManagement] INFO  segmented.SegmentedRaftLogWorker (SegmentedRaftLogWorker.java:lambda$new$0(134)) - db578ef5-4e1f-4da7-abbd-ff28012a31de@group-DF8DC201CEBC-SegmentedRaftLogWorker: safeCacheEvictIndex: setUnconditionally 0 -> -1
2024-05-24 07:48:53,474 [db578ef5-4e1f-4da7-abbd-ff28012a31de-groupManagement] INFO  server.RaftServer$Division (RaftServerImpl.java:start(396)) - db578ef5-4e1f-4da7-abbd-ff28012a31de@group-DF8DC201CEBC: start as a follower, conf=-1: peers:[713fd2b4-03fd-4bcc-8950-4119d378f2ca|127.0.0.1:15050, db578ef5-4e1f-4da7-abbd-ff28012a31de|127.0.0.1:15041, e689b99c-fc0b-4611-bf51-e78d9991fc84|127.0.0.1:15059]|listeners:[], old=null
2024-05-24 07:48:53,474 [db578ef5-4e1f-4da7-abbd-ff28012a31de-groupManagement] INFO  server.RaftServer$Division (RaftServerImpl.java:setRole(383)) - db578ef5-4e1f-4da7-abbd-ff28012a31de@group-DF8DC201CEBC: changes role from      null to FOLLOWER at term 0 for startAsFollower
2024-05-24 07:48:53,474 [db578ef5-4e1f-4da7-abbd-ff28012a31de-groupManagement] INFO  impl.RoleInfo (RoleInfo.java:updateAndGet(139)) - db578ef5-4e1f-4da7-abbd-ff28012a31de: start db578ef5-4e1f-4da7-abbd-ff28012a31de@group-DF8DC201CEBC-FollowerState
2024-05-24 07:48:53,474 [db578ef5-4e1f-4da7-abbd-ff28012a31de-groupManagement] INFO  util.JmxRegister (JmxRegister.java:tryRegister(44)) - Successfully registered JMX Bean with object name Ratis:service=RaftServer,group=group-DF8DC201CEBC,id=db578ef5-4e1f-4da7-abbd-ff28012a31de
2024-05-24 07:48:53,474 [db578ef5-4e1f-4da7-abbd-ff28012a31de-groupManagement] INFO  server.RaftServerConfigKeys (ConfUtils.java:logGet(46)) - raft.server.snapshot.trigger-when-stop.enabled = true (default)
2024-05-24 07:48:53,474 [db578ef5-4e1f-4da7-abbd-ff28012a31de-groupManagement] INFO  server.RaftServerConfigKeys (ConfUtils.java:logGet(46)) - raft.server.snapshot.auto.trigger.enabled = true (custom)
2024-05-24 07:48:53,474 [db578ef5-4e1f-4da7-abbd-ff28012a31de-groupManagement] INFO  server.RaftServerConfigKeys (ConfUtils.java:logGet(46)) - raft.server.snapshot.auto.trigger.threshold = 10000 (custom)
2024-05-24 07:48:53,475 [db578ef5-4e1f-4da7-abbd-ff28012a31de-groupManagement] INFO  server.RaftServerConfigKeys (ConfUtils.java:logGet(46)) - raft.server.snapshot.retention.file.num = 5 (custom)
2024-05-24 07:48:53,475 [db578ef5-4e1f-4da7-abbd-ff28012a31de-groupManagement] INFO  server.RaftServerConfigKeys (ConfUtils.java:logGet(46)) - raft.server.log.purge.upto.snapshot.index = false (default)
2024-05-24 07:48:53,479 [db578ef5-4e1f-4da7-abbd-ff28012a31de@group-DF8DC201CEBC-FollowerState] INFO  server.RaftServerConfigKeys (ConfUtils.java:logFallback(53)) - raft.server.rpc.first-election.timeout.min = 5s (fallback to raft.server.rpc.timeout.min)
2024-05-24 07:48:53,481 [db578ef5-4e1f-4da7-abbd-ff28012a31de@group-DF8DC201CEBC-FollowerState] INFO  server.RaftServerConfigKeys (ConfUtils.java:logFallback(53)) - raft.server.rpc.first-election.timeout.max = 5200ms (fallback to raft.server.rpc.timeout.max)
2024-05-24 07:48:53,487 [db578ef5-4e1f-4da7-abbd-ff28012a31de-PipelineCommandHandlerThread-0] INFO  ratis.XceiverServerRatis (XceiverServerRatis.java:addGroup(864)) - Created group PipelineID=6091da91-ea71-4480-9c60-df8dc201cebc
2024-05-24 07:48:53,508 [5319acd4-0e99-4000-a29b-b8c741da6a3d-PipelineCommandHandlerThread-0] INFO  commandhandler.CreatePipelineCommandHandler (CreatePipelineCommandHandler.java:lambda$handle$2(124)) - Created Pipeline RATIS THREE PipelineID=7028361f-0303-446a-8936-0f5cf8f748cf.
2024-05-24 07:48:53,508 [grpc-default-executor-2] INFO  server.RaftServer (RaftServerProxy.java:addNew(100)) - 713fd2b4-03fd-4bcc-8950-4119d378f2ca: addNew group-DF8DC201CEBC:[713fd2b4-03fd-4bcc-8950-4119d378f2ca|127.0.0.1:15050, db578ef5-4e1f-4da7-abbd-ff28012a31de|127.0.0.1:15041, e689b99c-fc0b-4611-bf51-e78d9991fc84|127.0.0.1:15059] returns group-DF8DC201CEBC:java.util.concurrent.CompletableFuture@5ce615e3[Not completed]
2024-05-24 07:48:53,508 [5319acd4-0e99-4000-a29b-b8c741da6a3d-PipelineCommandHandlerThread-0] INFO  server.RaftServer (RaftServerProxy.java:addNew(100)) - 5319acd4-0e99-4000-a29b-b8c741da6a3d: addNew group-B173462F687E:[5de18b20-4c2d-46f3-add3-84b533bc57c8|127.0.0.1:15023, 5319acd4-0e99-4000-a29b-b8c741da6a3d|127.0.0.1:15014, 0f6129c7-dda1-4d42-8d75-6a3ef1e9116c|127.0.0.1:15032] returns group-B173462F687E:java.util.concurrent.CompletableFuture@1d572519[Not completed]
2024-05-24 07:48:53,509 [5319acd4-0e99-4000-a29b-b8c741da6a3d-groupManagement] INFO  server.RaftServer$Division (RaftServerImpl.java:<init>(256)) - 5319acd4-0e99-4000-a29b-b8c741da6a3d: new RaftServerImpl for group-B173462F687E:[5de18b20-4c2d-46f3-add3-84b533bc57c8|127.0.0.1:15023, 5319acd4-0e99-4000-a29b-b8c741da6a3d|127.0.0.1:15014, 0f6129c7-dda1-4d42-8d75-6a3ef1e9116c|127.0.0.1:15032] with ContainerStateMachine:uninitialized
2024-05-24 07:48:53,509 [5319acd4-0e99-4000-a29b-b8c741da6a3d-groupManagement] INFO  server.RaftServerConfigKeys (ConfUtils.java:logGet(46)) - raft.server.rpc.timeout.min = 5s (custom)
2024-05-24 07:48:53,509 [5319acd4-0e99-4000-a29b-b8c741da6a3d-groupManagement] INFO  server.RaftServerConfigKeys (ConfUtils.java:logGet(46)) - raft.server.rpc.timeout.max = 5200ms (custom)
2024-05-24 07:48:53,509 [5319acd4-0e99-4000-a29b-b8c741da6a3d-groupManagement] INFO  server.RaftServerConfigKeys (ConfUtils.java:logGet(46)) - raft.server.rpc.sleep.time = 25ms (default)
2024-05-24 07:48:53,510 [5319acd4-0e99-4000-a29b-b8c741da6a3d-groupManagement] INFO  server.RaftServerConfigKeys (ConfUtils.java:logGet(46)) - raft.server.rpc.slowness.timeout = 300s (custom)
2024-05-24 07:48:53,510 [5319acd4-0e99-4000-a29b-b8c741da6a3d-groupManagement] INFO  server.RaftServerConfigKeys (ConfUtils.java:logGet(46)) - raft.server.leaderelection.leader.step-down.wait-time = 10s (default)
2024-05-24 07:48:53,510 [5319acd4-0e99-4000-a29b-b8c741da6a3d-groupManagement] INFO  server.RaftServerConfigKeys (ConfUtils.java:logGet(46)) - raft.server.leaderelection.member.majority-add = false (default)
2024-05-24 07:48:53,510 [5319acd4-0e99-4000-a29b-b8c741da6a3d-groupManagement] INFO  server.RaftServerConfigKeys (ConfUtils.java:logGet(46)) - raft.server.sleep.deviation.threshold = 300ms (default)
2024-05-24 07:48:53,510 [5319acd4-0e99-4000-a29b-b8c741da6a3d-groupManagement] INFO  server.RaftServer$Division (ServerState.java:<init>(113)) - 5319acd4-0e99-4000-a29b-b8c741da6a3d@group-B173462F687E: ConfigurationManager, init=-1: peers:[5de18b20-4c2d-46f3-add3-84b533bc57c8|127.0.0.1:15023, 5319acd4-0e99-4000-a29b-b8c741da6a3d|127.0.0.1:15014, 0f6129c7-dda1-4d42-8d75-6a3ef1e9116c|127.0.0.1:15032]|listeners:[], old=null, confs=<EMPTY_MAP>
2024-05-24 07:48:53,510 [5319acd4-0e99-4000-a29b-b8c741da6a3d-groupManagement] INFO  server.RaftServerConfigKeys (ConfUtils.java:logGet(46)) - raft.server.notification.no-leader.timeout = 300s (custom)
2024-05-24 07:48:53,510 [5319acd4-0e99-4000-a29b-b8c741da6a3d-groupManagement] INFO  server.RaftServerConfigKeys (ConfUtils.java:logGet(46)) - raft.server.read.timeout = 10s (default)
2024-05-24 07:48:53,510 [5319acd4-0e99-4000-a29b-b8c741da6a3d-groupManagement] INFO  server.RaftServerConfigKeys (ConfUtils.java:logGet(46)) - raft.server.retrycache.expirytime = 600000ms (custom)
2024-05-24 07:48:53,510 [5319acd4-0e99-4000-a29b-b8c741da6a3d-groupManagement] INFO  server.RaftServerConfigKeys (ConfUtils.java:logGet(46)) - raft.server.retrycache.statistics.expirytime = 100ms (default)
2024-05-24 07:48:53,510 [5319acd4-0e99-4000-a29b-b8c741da6a3d-groupManagement] INFO  server.RaftServerConfigKeys (ConfUtils.java:logGet(46)) - raft.server.read.option = DEFAULT (default)
2024-05-24 07:48:53,510 [5319acd4-0e99-4000-a29b-b8c741da6a3d-groupManagement] INFO  server.RaftServerConfigKeys (ConfUtils.java:logGet(46)) - raft.server.read.read-after-write-consistent.write-index-cache.expiry-time = 60s (default)
2024-05-24 07:48:53,511 [713fd2b4-03fd-4bcc-8950-4119d378f2ca-PipelineCommandHandlerThread-0] INFO  server.RaftServer (RaftServerProxy.java:addNew(100)) - 713fd2b4-03fd-4bcc-8950-4119d378f2ca: addNew group-42EB65381063:[713fd2b4-03fd-4bcc-8950-4119d378f2ca|127.0.0.1:15050] returns group-42EB65381063:java.util.concurrent.CompletableFuture@3b1728b5[Not completed]
2024-05-24 07:48:53,512 [713fd2b4-03fd-4bcc-8950-4119d378f2ca-groupManagement] INFO  server.RaftServer$Division (RaftServerImpl.java:<init>(256)) - 713fd2b4-03fd-4bcc-8950-4119d378f2ca: new RaftServerImpl for group-DF8DC201CEBC:[713fd2b4-03fd-4bcc-8950-4119d378f2ca|127.0.0.1:15050, db578ef5-4e1f-4da7-abbd-ff28012a31de|127.0.0.1:15041, e689b99c-fc0b-4611-bf51-e78d9991fc84|127.0.0.1:15059] with ContainerStateMachine:uninitialized
2024-05-24 07:48:53,512 [713fd2b4-03fd-4bcc-8950-4119d378f2ca-groupManagement] INFO  server.RaftServerConfigKeys (ConfUtils.java:logGet(46)) - raft.server.rpc.timeout.min = 5s (custom)
2024-05-24 07:48:53,512 [713fd2b4-03fd-4bcc-8950-4119d378f2ca-groupManagement] INFO  server.RaftServerConfigKeys (ConfUtils.java:logGet(46)) - raft.server.rpc.timeout.max = 5200ms (custom)
2024-05-24 07:48:53,512 [713fd2b4-03fd-4bcc-8950-4119d378f2ca-groupManagement] INFO  server.RaftServerConfigKeys (ConfUtils.java:logGet(46)) - raft.server.rpc.sleep.time = 25ms (default)
2024-05-24 07:48:53,512 [713fd2b4-03fd-4bcc-8950-4119d378f2ca-groupManagement] INFO  server.RaftServerConfigKeys (ConfUtils.java:logGet(46)) - raft.server.rpc.slowness.timeout = 300s (custom)
2024-05-24 07:48:53,512 [713fd2b4-03fd-4bcc-8950-4119d378f2ca-groupManagement] INFO  server.RaftServerConfigKeys (ConfUtils.java:logGet(46)) - raft.server.leaderelection.leader.step-down.wait-time = 10s (default)
2024-05-24 07:48:53,512 [713fd2b4-03fd-4bcc-8950-4119d378f2ca-groupManagement] INFO  server.RaftServerConfigKeys (ConfUtils.java:logGet(46)) - raft.server.leaderelection.member.majority-add = false (default)
2024-05-24 07:48:53,512 [713fd2b4-03fd-4bcc-8950-4119d378f2ca-groupManagement] INFO  server.RaftServerConfigKeys (ConfUtils.java:logGet(46)) - raft.server.sleep.deviation.threshold = 300ms (default)
2024-05-24 07:48:53,512 [713fd2b4-03fd-4bcc-8950-4119d378f2ca-groupManagement] INFO  server.RaftServer$Division (ServerState.java:<init>(113)) - 713fd2b4-03fd-4bcc-8950-4119d378f2ca@group-DF8DC201CEBC: ConfigurationManager, init=-1: peers:[713fd2b4-03fd-4bcc-8950-4119d378f2ca|127.0.0.1:15050, db578ef5-4e1f-4da7-abbd-ff28012a31de|127.0.0.1:15041, e689b99c-fc0b-4611-bf51-e78d9991fc84|127.0.0.1:15059]|listeners:[], old=null, confs=<EMPTY_MAP>
2024-05-24 07:48:53,513 [713fd2b4-03fd-4bcc-8950-4119d378f2ca-groupManagement] INFO  server.RaftServerConfigKeys (ConfUtils.java:logGet(46)) - raft.server.notification.no-leader.timeout = 300s (custom)
2024-05-24 07:48:53,513 [713fd2b4-03fd-4bcc-8950-4119d378f2ca-groupManagement] INFO  server.RaftServerConfigKeys (ConfUtils.java:logGet(46)) - raft.server.read.timeout = 10s (default)
2024-05-24 07:48:53,513 [713fd2b4-03fd-4bcc-8950-4119d378f2ca-groupManagement] INFO  server.RaftServerConfigKeys (ConfUtils.java:logGet(46)) - raft.server.retrycache.expirytime = 600000ms (custom)
2024-05-24 07:48:53,513 [713fd2b4-03fd-4bcc-8950-4119d378f2ca-groupManagement] INFO  server.RaftServerConfigKeys (ConfUtils.java:logGet(46)) - raft.server.retrycache.statistics.expirytime = 100ms (default)
2024-05-24 07:48:53,513 [713fd2b4-03fd-4bcc-8950-4119d378f2ca-groupManagement] INFO  server.RaftServerConfigKeys (ConfUtils.java:logGet(46)) - raft.server.read.option = DEFAULT (default)
2024-05-24 07:48:53,513 [713fd2b4-03fd-4bcc-8950-4119d378f2ca-groupManagement] INFO  server.RaftServerConfigKeys (ConfUtils.java:logGet(46)) - raft.server.read.read-after-write-consistent.write-index-cache.expiry-time = 60s (default)
2024-05-24 07:48:53,514 [0f6129c7-dda1-4d42-8d75-6a3ef1e9116c-PipelineCommandHandlerThread-0] INFO  commandhandler.CreatePipelineCommandHandler (CreatePipelineCommandHandler.java:lambda$handle$2(124)) - Created Pipeline RATIS THREE PipelineID=7028361f-0303-446a-8936-0f5cf8f748cf.
2024-05-24 07:48:53,514 [0f6129c7-dda1-4d42-8d75-6a3ef1e9116c-PipelineCommandHandlerThread-0] INFO  server.RaftServer (RaftServerProxy.java:addNew(100)) - 0f6129c7-dda1-4d42-8d75-6a3ef1e9116c: addNew group-B173462F687E:[5de18b20-4c2d-46f3-add3-84b533bc57c8|127.0.0.1:15023, 5319acd4-0e99-4000-a29b-b8c741da6a3d|127.0.0.1:15014, 0f6129c7-dda1-4d42-8d75-6a3ef1e9116c|127.0.0.1:15032] returns group-B173462F687E:java.util.concurrent.CompletableFuture@74a0da5a[Not completed]
2024-05-24 07:48:53,519 [0f6129c7-dda1-4d42-8d75-6a3ef1e9116c-groupManagement] INFO  server.RaftServer$Division (RaftServerImpl.java:<init>(256)) - 0f6129c7-dda1-4d42-8d75-6a3ef1e9116c: new RaftServerImpl for group-B173462F687E:[5de18b20-4c2d-46f3-add3-84b533bc57c8|127.0.0.1:15023, 5319acd4-0e99-4000-a29b-b8c741da6a3d|127.0.0.1:15014, 0f6129c7-dda1-4d42-8d75-6a3ef1e9116c|127.0.0.1:15032] with ContainerStateMachine:uninitialized
2024-05-24 07:48:53,519 [0f6129c7-dda1-4d42-8d75-6a3ef1e9116c-groupManagement] INFO  server.RaftServerConfigKeys (ConfUtils.java:logGet(46)) - raft.server.rpc.timeout.min = 5s (custom)
2024-05-24 07:48:53,519 [0f6129c7-dda1-4d42-8d75-6a3ef1e9116c-groupManagement] INFO  server.RaftServerConfigKeys (ConfUtils.java:logGet(46)) - raft.server.rpc.timeout.max = 5200ms (custom)
2024-05-24 07:48:53,519 [0f6129c7-dda1-4d42-8d75-6a3ef1e9116c-groupManagement] INFO  server.RaftServerConfigKeys (ConfUtils.java:logGet(46)) - raft.server.rpc.sleep.time = 25ms (default)
2024-05-24 07:48:53,519 [0f6129c7-dda1-4d42-8d75-6a3ef1e9116c-groupManagement] INFO  server.RaftServerConfigKeys (ConfUtils.java:logGet(46)) - raft.server.rpc.slowness.timeout = 300s (custom)
2024-05-24 07:48:53,519 [0f6129c7-dda1-4d42-8d75-6a3ef1e9116c-groupManagement] INFO  server.RaftServerConfigKeys (ConfUtils.java:logGet(46)) - raft.server.leaderelection.leader.step-down.wait-time = 10s (default)
2024-05-24 07:48:53,519 [0f6129c7-dda1-4d42-8d75-6a3ef1e9116c-groupManagement] INFO  server.RaftServerConfigKeys (ConfUtils.java:logGet(46)) - raft.server.leaderelection.member.majority-add = false (default)
2024-05-24 07:48:53,519 [0f6129c7-dda1-4d42-8d75-6a3ef1e9116c-groupManagement] INFO  server.RaftServerConfigKeys (ConfUtils.java:logGet(46)) - raft.server.sleep.deviation.threshold = 300ms (default)
2024-05-24 07:48:53,520 [0f6129c7-dda1-4d42-8d75-6a3ef1e9116c-groupManagement] INFO  server.RaftServer$Division (ServerState.java:<init>(113)) - 0f6129c7-dda1-4d42-8d75-6a3ef1e9116c@group-B173462F687E: ConfigurationManager, init=-1: peers:[5de18b20-4c2d-46f3-add3-84b533bc57c8|127.0.0.1:15023, 5319acd4-0e99-4000-a29b-b8c741da6a3d|127.0.0.1:15014, 0f6129c7-dda1-4d42-8d75-6a3ef1e9116c|127.0.0.1:15032]|listeners:[], old=null, confs=<EMPTY_MAP>
2024-05-24 07:48:53,520 [0f6129c7-dda1-4d42-8d75-6a3ef1e9116c-groupManagement] INFO  server.RaftServerConfigKeys (ConfUtils.java:logGet(46)) - raft.server.notification.no-leader.timeout = 300s (custom)
2024-05-24 07:48:53,520 [0f6129c7-dda1-4d42-8d75-6a3ef1e9116c-groupManagement] INFO  server.RaftServerConfigKeys (ConfUtils.java:logGet(46)) - raft.server.read.timeout = 10s (default)
2024-05-24 07:48:53,520 [0f6129c7-dda1-4d42-8d75-6a3ef1e9116c-groupManagement] INFO  server.RaftServerConfigKeys (ConfUtils.java:logGet(46)) - raft.server.retrycache.expirytime = 600000ms (custom)
2024-05-24 07:48:53,520 [0f6129c7-dda1-4d42-8d75-6a3ef1e9116c-groupManagement] INFO  server.RaftServerConfigKeys (ConfUtils.java:logGet(46)) - raft.server.retrycache.statistics.expirytime = 100ms (default)
2024-05-24 07:48:53,520 [0f6129c7-dda1-4d42-8d75-6a3ef1e9116c-groupManagement] INFO  server.RaftServerConfigKeys (ConfUtils.java:logGet(46)) - raft.server.read.option = DEFAULT (default)
2024-05-24 07:48:53,520 [0f6129c7-dda1-4d42-8d75-6a3ef1e9116c-groupManagement] INFO  server.RaftServerConfigKeys (ConfUtils.java:logGet(46)) - raft.server.read.read-after-write-consistent.write-index-cache.expiry-time = 60s (default)
2024-05-24 07:48:53,525 [5de18b20-4c2d-46f3-add3-84b533bc57c8-PipelineCommandHandlerThread-0] INFO  commandhandler.CreatePipelineCommandHandler (CreatePipelineCommandHandler.java:lambda$handle$2(124)) - Created Pipeline RATIS THREE PipelineID=7028361f-0303-446a-8936-0f5cf8f748cf.
2024-05-24 07:48:53,527 [5de18b20-4c2d-46f3-add3-84b533bc57c8-groupManagement] INFO  server.RaftServer$Division (RaftServerImpl.java:<init>(256)) - 5de18b20-4c2d-46f3-add3-84b533bc57c8: new RaftServerImpl for group-B173462F687E:[5de18b20-4c2d-46f3-add3-84b533bc57c8|127.0.0.1:15023, 5319acd4-0e99-4000-a29b-b8c741da6a3d|127.0.0.1:15014, 0f6129c7-dda1-4d42-8d75-6a3ef1e9116c|127.0.0.1:15032] with ContainerStateMachine:uninitialized
2024-05-24 07:48:53,527 [5de18b20-4c2d-46f3-add3-84b533bc57c8-groupManagement] INFO  server.RaftServerConfigKeys (ConfUtils.java:logGet(46)) - raft.server.rpc.timeout.min = 5s (custom)
2024-05-24 07:48:53,527 [5de18b20-4c2d-46f3-add3-84b533bc57c8-groupManagement] INFO  server.RaftServerConfigKeys (ConfUtils.java:logGet(46)) - raft.server.rpc.timeout.max = 5200ms (custom)
2024-05-24 07:48:53,527 [5de18b20-4c2d-46f3-add3-84b533bc57c8-groupManagement] INFO  server.RaftServerConfigKeys (ConfUtils.java:logGet(46)) - raft.server.rpc.sleep.time = 25ms (default)
2024-05-24 07:48:53,527 [5de18b20-4c2d-46f3-add3-84b533bc57c8-groupManagement] INFO  server.RaftServerConfigKeys (ConfUtils.java:logGet(46)) - raft.server.rpc.slowness.timeout = 300s (custom)
2024-05-24 07:48:53,527 [5de18b20-4c2d-46f3-add3-84b533bc57c8-groupManagement] INFO  server.RaftServerConfigKeys (ConfUtils.java:logGet(46)) - raft.server.leaderelection.leader.step-down.wait-time = 10s (default)
2024-05-24 07:48:53,527 [5de18b20-4c2d-46f3-add3-84b533bc57c8-groupManagement] INFO  server.RaftServerConfigKeys (ConfUtils.java:logGet(46)) - raft.server.leaderelection.member.majority-add = false (default)
2024-05-24 07:48:53,528 [5de18b20-4c2d-46f3-add3-84b533bc57c8-groupManagement] INFO  server.RaftServerConfigKeys (ConfUtils.java:logGet(46)) - raft.server.sleep.deviation.threshold = 300ms (default)
2024-05-24 07:48:53,528 [5de18b20-4c2d-46f3-add3-84b533bc57c8-groupManagement] INFO  server.RaftServer$Division (ServerState.java:<init>(113)) - 5de18b20-4c2d-46f3-add3-84b533bc57c8@group-B173462F687E: ConfigurationManager, init=-1: peers:[5de18b20-4c2d-46f3-add3-84b533bc57c8|127.0.0.1:15023, 5319acd4-0e99-4000-a29b-b8c741da6a3d|127.0.0.1:15014, 0f6129c7-dda1-4d42-8d75-6a3ef1e9116c|127.0.0.1:15032]|listeners:[], old=null, confs=<EMPTY_MAP>
2024-05-24 07:48:53,528 [5de18b20-4c2d-46f3-add3-84b533bc57c8-groupManagement] INFO  server.RaftServerConfigKeys (ConfUtils.java:logGet(46)) - raft.server.notification.no-leader.timeout = 300s (custom)
2024-05-24 07:48:53,528 [5de18b20-4c2d-46f3-add3-84b533bc57c8-groupManagement] INFO  server.RaftServerConfigKeys (ConfUtils.java:logGet(46)) - raft.server.read.timeout = 10s (default)
2024-05-24 07:48:53,528 [5de18b20-4c2d-46f3-add3-84b533bc57c8-groupManagement] INFO  server.RaftServerConfigKeys (ConfUtils.java:logGet(46)) - raft.server.retrycache.expirytime = 600000ms (custom)
2024-05-24 07:48:53,528 [5de18b20-4c2d-46f3-add3-84b533bc57c8-groupManagement] INFO  server.RaftServerConfigKeys (ConfUtils.java:logGet(46)) - raft.server.retrycache.statistics.expirytime = 100ms (default)
2024-05-24 07:48:53,528 [5de18b20-4c2d-46f3-add3-84b533bc57c8-groupManagement] INFO  server.RaftServerConfigKeys (ConfUtils.java:logGet(46)) - raft.server.read.option = DEFAULT (default)
2024-05-24 07:48:53,528 [5de18b20-4c2d-46f3-add3-84b533bc57c8-groupManagement] INFO  server.RaftServerConfigKeys (ConfUtils.java:logGet(46)) - raft.server.read.read-after-write-consistent.write-index-cache.expiry-time = 60s (default)
2024-05-24 07:48:53,527 [5de18b20-4c2d-46f3-add3-84b533bc57c8-PipelineCommandHandlerThread-0] INFO  server.RaftServer (RaftServerProxy.java:addNew(100)) - 5de18b20-4c2d-46f3-add3-84b533bc57c8: addNew group-B173462F687E:[5de18b20-4c2d-46f3-add3-84b533bc57c8|127.0.0.1:15023, 5319acd4-0e99-4000-a29b-b8c741da6a3d|127.0.0.1:15014, 0f6129c7-dda1-4d42-8d75-6a3ef1e9116c|127.0.0.1:15032] returns group-B173462F687E:java.util.concurrent.CompletableFuture@5e07c151[Not completed]
2024-05-24 07:48:53,537 [5319acd4-0e99-4000-a29b-b8c741da6a3d-groupManagement] INFO  server.RaftServerConfigKeys (ConfUtils.java:logGet(46)) - raft.server.rpc.request.timeout = 60s (custom)
2024-05-24 07:48:53,537 [5319acd4-0e99-4000-a29b-b8c741da6a3d-groupManagement] INFO  server.RaftServerConfigKeys (ConfUtils.java:logGet(46)) - raft.server.log.appender.install.snapshot.enabled = false (custom)
2024-05-24 07:48:53,537 [5319acd4-0e99-4000-a29b-b8c741da6a3d-groupManagement] INFO  server.RaftServerConfigKeys (ConfUtils.java:logGet(46)) - raft.server.threadpool.server.cached = true (default)
2024-05-24 07:48:53,537 [5319acd4-0e99-4000-a29b-b8c741da6a3d-groupManagement] INFO  server.RaftServerConfigKeys (ConfUtils.java:logGet(46)) - raft.server.threadpool.server.size = 0 (default)
2024-05-24 07:48:53,537 [5319acd4-0e99-4000-a29b-b8c741da6a3d-groupManagement] INFO  server.RaftServerConfigKeys (ConfUtils.java:logGet(46)) - raft.server.threadpool.client.cached = true (default)
2024-05-24 07:48:53,537 [5319acd4-0e99-4000-a29b-b8c741da6a3d-groupManagement] INFO  server.RaftServerConfigKeys (ConfUtils.java:logGet(46)) - raft.server.threadpool.client.size = 0 (default)
2024-05-24 07:48:53,538 [5319acd4-0e99-4000-a29b-b8c741da6a3d-groupManagement] INFO  server.RaftServerConfigKeys (ConfUtils.java:logGet(46)) - raft.server.storage.free-space.min = 0MB (=0) (default)
2024-05-24 07:48:53,538 [5319acd4-0e99-4000-a29b-b8c741da6a3d-groupManagement] INFO  server.RaftServerConfigKeys (ConfUtils.java:logGet(46)) - raft.server.log.corruption.policy = EXCEPTION (default)
2024-05-24 07:48:53,538 [5319acd4-0e99-4000-a29b-b8c741da6a3d-groupManagement] INFO  server.RaftServerConfigKeys (ConfUtils.java:logGet(46)) - raft.server.storage.dir = [/home/runner/work/ozone/ozone/hadoop-ozone/integration-test/target/test-dir/MiniOzoneClusterImpl-b501fab0-540e-4575-af6e-dde2336b059e/ozone-meta/datanode-1/ratis] (custom)
2024-05-24 07:48:53,538 [5319acd4-0e99-4000-a29b-b8c741da6a3d-groupManagement] INFO  storage.RaftStorageDirectory (RaftStorageDirectoryImpl.java:analyzeStorage(138)) - The storage directory /home/runner/work/ozone/ozone/hadoop-ozone/integration-test/target/test-dir/MiniOzoneClusterImpl-b501fab0-540e-4575-af6e-dde2336b059e/ozone-meta/datanode-1/ratis/a57048c3-2bca-4495-b2d7-b173462f687e does not exist. Creating ...
2024-05-24 07:48:53,540 [713fd2b4-03fd-4bcc-8950-4119d378f2ca-groupManagement] INFO  server.RaftServerConfigKeys (ConfUtils.java:logGet(46)) - raft.server.rpc.request.timeout = 60s (custom)
2024-05-24 07:48:53,540 [713fd2b4-03fd-4bcc-8950-4119d378f2ca-groupManagement] INFO  server.RaftServerConfigKeys (ConfUtils.java:logGet(46)) - raft.server.log.appender.install.snapshot.enabled = false (custom)
2024-05-24 07:48:53,540 [713fd2b4-03fd-4bcc-8950-4119d378f2ca-groupManagement] INFO  server.RaftServerConfigKeys (ConfUtils.java:logGet(46)) - raft.server.threadpool.server.cached = true (default)
2024-05-24 07:48:53,540 [713fd2b4-03fd-4bcc-8950-4119d378f2ca-groupManagement] INFO  server.RaftServerConfigKeys (ConfUtils.java:logGet(46)) - raft.server.threadpool.server.size = 0 (default)
2024-05-24 07:48:53,540 [713fd2b4-03fd-4bcc-8950-4119d378f2ca-groupManagement] INFO  server.RaftServerConfigKeys (ConfUtils.java:logGet(46)) - raft.server.threadpool.client.cached = true (default)
2024-05-24 07:48:53,540 [713fd2b4-03fd-4bcc-8950-4119d378f2ca-groupManagement] INFO  server.RaftServerConfigKeys (ConfUtils.java:logGet(46)) - raft.server.threadpool.client.size = 0 (default)
2024-05-24 07:48:53,540 [5319acd4-0e99-4000-a29b-b8c741da6a3d-groupManagement] INFO  storage.RaftStorageDirectory (RaftStorageDirectoryImpl.java:tryLock(228)) - Lock on /home/runner/work/ozone/ozone/hadoop-ozone/integration-test/target/test-dir/MiniOzoneClusterImpl-b501fab0-540e-4575-af6e-dde2336b059e/ozone-meta/datanode-1/ratis/a57048c3-2bca-4495-b2d7-b173462f687e/in_use.lock acquired by nodename 29770@fv-az779-985
2024-05-24 07:48:53,543 [713fd2b4-03fd-4bcc-8950-4119d378f2ca-groupManagement] INFO  server.RaftServer$Division (RaftServerImpl.java:<init>(256)) - 713fd2b4-03fd-4bcc-8950-4119d378f2ca: new RaftServerImpl for group-42EB65381063:[713fd2b4-03fd-4bcc-8950-4119d378f2ca|127.0.0.1:15050] with ContainerStateMachine:uninitialized
2024-05-24 07:48:53,543 [5319acd4-0e99-4000-a29b-b8c741da6a3d-groupManagement] INFO  storage.RaftStorage (RaftStorageImpl.java:format(99)) - Storage directory /home/runner/work/ozone/ozone/hadoop-ozone/integration-test/target/test-dir/MiniOzoneClusterImpl-b501fab0-540e-4575-af6e-dde2336b059e/ozone-meta/datanode-1/ratis/a57048c3-2bca-4495-b2d7-b173462f687e has been successfully formatted.
2024-05-24 07:48:53,543 [5319acd4-0e99-4000-a29b-b8c741da6a3d-groupManagement] WARN  util.FileUtils (LogUtils.java:supplyAndLog(63)) - Failed to Files.newInputStream /home/runner/work/ozone/ozone/hadoop-ozone/integration-test/target/test-dir/MiniOzoneClusterImpl-b501fab0-540e-4575-af6e-dde2336b059e/ozone-meta/datanode-1/ratis/a57048c3-2bca-4495-b2d7-b173462f687e/current/raft-meta.conf with options []: java.nio.file.NoSuchFileException: /home/runner/work/ozone/ozone/hadoop-ozone/integration-test/target/test-dir/MiniOzoneClusterImpl-b501fab0-540e-4575-af6e-dde2336b059e/ozone-meta/datanode-1/ratis/a57048c3-2bca-4495-b2d7-b173462f687e/current/raft-meta.conf
2024-05-24 07:48:53,544 [0f6129c7-dda1-4d42-8d75-6a3ef1e9116c-groupManagement] INFO  server.RaftServerConfigKeys (ConfUtils.java:logGet(46)) - raft.server.rpc.request.timeout = 60s (custom)
2024-05-24 07:48:53,544 [0f6129c7-dda1-4d42-8d75-6a3ef1e9116c-groupManagement] INFO  server.RaftServerConfigKeys (ConfUtils.java:logGet(46)) - raft.server.log.appender.install.snapshot.enabled = false (custom)
2024-05-24 07:48:53,545 [0f6129c7-dda1-4d42-8d75-6a3ef1e9116c-groupManagement] INFO  server.RaftServerConfigKeys (ConfUtils.java:logGet(46)) - raft.server.threadpool.server.cached = true (default)
2024-05-24 07:48:53,545 [0f6129c7-dda1-4d42-8d75-6a3ef1e9116c-groupManagement] INFO  server.RaftServerConfigKeys (ConfUtils.java:logGet(46)) - raft.server.threadpool.server.size = 0 (default)
2024-05-24 07:48:53,545 [0f6129c7-dda1-4d42-8d75-6a3ef1e9116c-groupManagement] INFO  server.RaftServerConfigKeys (ConfUtils.java:logGet(46)) - raft.server.threadpool.client.cached = true (default)
2024-05-24 07:48:53,545 [0f6129c7-dda1-4d42-8d75-6a3ef1e9116c-groupManagement] INFO  server.RaftServerConfigKeys (ConfUtils.java:logGet(46)) - raft.server.threadpool.client.size = 0 (default)
2024-05-24 07:48:53,545 [0f6129c7-dda1-4d42-8d75-6a3ef1e9116c-groupManagement] INFO  server.RaftServerConfigKeys (ConfUtils.java:logGet(46)) - raft.server.storage.free-space.min = 0MB (=0) (default)
2024-05-24 07:48:53,545 [0f6129c7-dda1-4d42-8d75-6a3ef1e9116c-groupManagement] INFO  server.RaftServerConfigKeys (ConfUtils.java:logGet(46)) - raft.server.log.corruption.policy = EXCEPTION (default)
2024-05-24 07:48:53,545 [0f6129c7-dda1-4d42-8d75-6a3ef1e9116c-groupManagement] INFO  server.RaftServerConfigKeys (ConfUtils.java:logGet(46)) - raft.server.storage.dir = [/home/runner/work/ozone/ozone/hadoop-ozone/integration-test/target/test-dir/MiniOzoneClusterImpl-b501fab0-540e-4575-af6e-dde2336b059e/ozone-meta/datanode-3/ratis] (custom)
2024-05-24 07:48:53,545 [0f6129c7-dda1-4d42-8d75-6a3ef1e9116c-groupManagement] INFO  storage.RaftStorageDirectory (RaftStorageDirectoryImpl.java:analyzeStorage(138)) - The storage directory /home/runner/work/ozone/ozone/hadoop-ozone/integration-test/target/test-dir/MiniOzoneClusterImpl-b501fab0-540e-4575-af6e-dde2336b059e/ozone-meta/datanode-3/ratis/a57048c3-2bca-4495-b2d7-b173462f687e does not exist. Creating ...
2024-05-24 07:48:53,546 [EventQueue-OpenPipelineForHealthyPipelineSafeModeRule] INFO  safemode.SCMSafeModeManager (HealthyPipelineSafeModeRule.java:process(140)) - SCM in safe mode. Healthy pipelines reported count is 0, required healthy pipeline reported count is 1
2024-05-24 07:48:53,544 [5319acd4-0e99-4000-a29b-b8c741da6a3d-groupManagement] INFO  ratis.ContainerStateMachine (ContainerStateMachine.java:loadSnapshot(287)) - group-B173462F687E: The snapshot info is null. Setting the last applied index to:(t:0, i:~)
2024-05-24 07:48:53,546 [5319acd4-0e99-4000-a29b-b8c741da6a3d-groupManagement] INFO  server.RaftServerConfigKeys (ConfUtils.java:logGet(46)) - raft.server.log.use.memory = false (default)
2024-05-24 07:48:53,546 [5319acd4-0e99-4000-a29b-b8c741da6a3d-groupManagement] INFO  server.RaftServerConfigKeys (ConfUtils.java:logGet(46)) - raft.server.log.purge.gap = 1000000 (custom)
2024-05-24 07:48:53,546 [5319acd4-0e99-4000-a29b-b8c741da6a3d-groupManagement] INFO  server.RaftServerConfigKeys (ConfUtils.java:logGet(46)) - raft.server.log.appender.buffer.byte-limit = 8388608 (custom)
2024-05-24 07:48:53,546 [5319acd4-0e99-4000-a29b-b8c741da6a3d-groupManagement] INFO  server.RaftServerConfigKeys (ConfUtils.java:logGet(46)) - raft.server.log.statemachine.data.read.timeout = 1000ms (default)
2024-05-24 07:48:53,546 [5319acd4-0e99-4000-a29b-b8c741da6a3d-groupManagement] INFO  server.RaftServerConfigKeys (ConfUtils.java:logGet(46)) - raft.server.log.purge.preservation.log.num = 0 (default)
2024-05-24 07:48:53,544 [5de18b20-4c2d-46f3-add3-84b533bc57c8-groupManagement] INFO  server.RaftServerConfigKeys (ConfUtils.java:logGet(46)) - raft.server.rpc.request.timeout = 60s (custom)
2024-05-24 07:48:53,546 [5de18b20-4c2d-46f3-add3-84b533bc57c8-groupManagement] INFO  server.RaftServerConfigKeys (ConfUtils.java:logGet(46)) - raft.server.log.appender.install.snapshot.enabled = false (custom)
2024-05-24 07:48:53,546 [5de18b20-4c2d-46f3-add3-84b533bc57c8-groupManagement] INFO  server.RaftServerConfigKeys (ConfUtils.java:logGet(46)) - raft.server.threadpool.server.cached = true (default)
2024-05-24 07:48:53,546 [5de18b20-4c2d-46f3-add3-84b533bc57c8-groupManagement] INFO  server.RaftServerConfigKeys (ConfUtils.java:logGet(46)) - raft.server.threadpool.server.size = 0 (default)
2024-05-24 07:48:53,547 [5de18b20-4c2d-46f3-add3-84b533bc57c8-groupManagement] INFO  server.RaftServerConfigKeys (ConfUtils.java:logGet(46)) - raft.server.threadpool.client.cached = true (default)
2024-05-24 07:48:53,547 [5de18b20-4c2d-46f3-add3-84b533bc57c8-groupManagement] INFO  server.RaftServerConfigKeys (ConfUtils.java:logGet(46)) - raft.server.threadpool.client.size = 0 (default)
2024-05-24 07:48:53,547 [5de18b20-4c2d-46f3-add3-84b533bc57c8-groupManagement] INFO  server.RaftServerConfigKeys (ConfUtils.java:logGet(46)) - raft.server.storage.free-space.min = 0MB (=0) (default)
2024-05-24 07:48:53,547 [5de18b20-4c2d-46f3-add3-84b533bc57c8-groupManagement] INFO  server.RaftServerConfigKeys (ConfUtils.java:logGet(46)) - raft.server.log.corruption.policy = EXCEPTION (default)
2024-05-24 07:48:53,544 [713fd2b4-03fd-4bcc-8950-4119d378f2ca-groupManagement] INFO  server.RaftServerConfigKeys (ConfUtils.java:logGet(46)) - raft.server.rpc.timeout.min = 5s (custom)
2024-05-24 07:48:53,547 [713fd2b4-03fd-4bcc-8950-4119d378f2ca-groupManagement] INFO  server.RaftServerConfigKeys (ConfUtils.java:logGet(46)) - raft.server.rpc.timeout.max = 5200ms (custom)
2024-05-24 07:48:53,547 [713fd2b4-03fd-4bcc-8950-4119d378f2ca-groupManagement] INFO  server.RaftServerConfigKeys (ConfUtils.java:logGet(46)) - raft.server.rpc.sleep.time = 25ms (default)
2024-05-24 07:48:53,547 [713fd2b4-03fd-4bcc-8950-4119d378f2ca-groupManagement] INFO  server.RaftServerConfigKeys (ConfUtils.java:logGet(46)) - raft.server.rpc.slowness.timeout = 300s (custom)
2024-05-24 07:48:53,547 [713fd2b4-03fd-4bcc-8950-4119d378f2ca-groupManagement] INFO  server.RaftServerConfigKeys (ConfUtils.java:logGet(46)) - raft.server.leaderelection.leader.step-down.wait-time = 10s (default)
2024-05-24 07:48:53,547 [713fd2b4-03fd-4bcc-8950-4119d378f2ca-groupManagement] INFO  server.RaftServerConfigKeys (ConfUtils.java:logGet(46)) - raft.server.leaderelection.member.majority-add = false (default)
2024-05-24 07:48:53,547 [713fd2b4-03fd-4bcc-8950-4119d378f2ca-groupManagement] INFO  server.RaftServerConfigKeys (ConfUtils.java:logGet(46)) - raft.server.sleep.deviation.threshold = 300ms (default)
2024-05-24 07:48:53,547 [713fd2b4-03fd-4bcc-8950-4119d378f2ca-groupManagement] INFO  server.RaftServer$Division (ServerState.java:<init>(113)) - 713fd2b4-03fd-4bcc-8950-4119d378f2ca@group-42EB65381063: ConfigurationManager, init=-1: peers:[713fd2b4-03fd-4bcc-8950-4119d378f2ca|127.0.0.1:15050]|listeners:[], old=null, confs=<EMPTY_MAP>
2024-05-24 07:48:53,547 [713fd2b4-03fd-4bcc-8950-4119d378f2ca-groupManagement] INFO  server.RaftServerConfigKeys (ConfUtils.java:logGet(46)) - raft.server.notification.no-leader.timeout = 300s (custom)
2024-05-24 07:48:53,548 [713fd2b4-03fd-4bcc-8950-4119d378f2ca-groupManagement] INFO  server.RaftServerConfigKeys (ConfUtils.java:logGet(46)) - raft.server.read.timeout = 10s (default)
2024-05-24 07:48:53,548 [713fd2b4-03fd-4bcc-8950-4119d378f2ca-groupManagement] INFO  server.RaftServerConfigKeys (ConfUtils.java:logGet(46)) - raft.server.retrycache.expirytime = 600000ms (custom)
2024-05-24 07:48:53,548 [713fd2b4-03fd-4bcc-8950-4119d378f2ca-groupManagement] INFO  server.RaftServerConfigKeys (ConfUtils.java:logGet(46)) - raft.server.retrycache.statistics.expirytime = 100ms (default)
2024-05-24 07:48:53,548 [713fd2b4-03fd-4bcc-8950-4119d378f2ca-groupManagement] INFO  server.RaftServerConfigKeys (ConfUtils.java:logGet(46)) - raft.server.read.option = DEFAULT (default)
2024-05-24 07:48:53,548 [713fd2b4-03fd-4bcc-8950-4119d378f2ca-groupManagement] INFO  server.RaftServerConfigKeys (ConfUtils.java:logGet(46)) - raft.server.read.read-after-write-consistent.write-index-cache.expiry-time = 60s (default)
2024-05-24 07:48:53,549 [5de18b20-4c2d-46f3-add3-84b533bc57c8-groupManagement] INFO  server.RaftServerConfigKeys (ConfUtils.java:logGet(46)) - raft.server.storage.dir = [/home/runner/work/ozone/ozone/hadoop-ozone/integration-test/target/test-dir/MiniOzoneClusterImpl-b501fab0-540e-4575-af6e-dde2336b059e/ozone-meta/datanode-2/ratis] (custom)
2024-05-24 07:48:53,549 [5de18b20-4c2d-46f3-add3-84b533bc57c8-groupManagement] INFO  storage.RaftStorageDirectory (RaftStorageDirectoryImpl.java:analyzeStorage(138)) - The storage directory /home/runner/work/ozone/ozone/hadoop-ozone/integration-test/target/test-dir/MiniOzoneClusterImpl-b501fab0-540e-4575-af6e-dde2336b059e/ozone-meta/datanode-2/ratis/a57048c3-2bca-4495-b2d7-b173462f687e does not exist. Creating ...
2024-05-24 07:48:53,550 [0f6129c7-dda1-4d42-8d75-6a3ef1e9116c-groupManagement] INFO  storage.RaftStorageDirectory (RaftStorageDirectoryImpl.java:tryLock(228)) - Lock on /home/runner/work/ozone/ozone/hadoop-ozone/integration-test/target/test-dir/MiniOzoneClusterImpl-b501fab0-540e-4575-af6e-dde2336b059e/ozone-meta/datanode-3/ratis/a57048c3-2bca-4495-b2d7-b173462f687e/in_use.lock acquired by nodename 29770@fv-az779-985
2024-05-24 07:48:53,550 [5de18b20-4c2d-46f3-add3-84b533bc57c8-groupManagement] INFO  storage.RaftStorageDirectory (RaftStorageDirectoryImpl.java:tryLock(228)) - Lock on /home/runner/work/ozone/ozone/hadoop-ozone/integration-test/target/test-dir/MiniOzoneClusterImpl-b501fab0-540e-4575-af6e-dde2336b059e/ozone-meta/datanode-2/ratis/a57048c3-2bca-4495-b2d7-b173462f687e/in_use.lock acquired by nodename 29770@fv-az779-985
2024-05-24 07:48:53,551 [5de18b20-4c2d-46f3-add3-84b533bc57c8-groupManagement] INFO  storage.RaftStorage (RaftStorageImpl.java:format(99)) - Storage directory /home/runner/work/ozone/ozone/hadoop-ozone/integration-test/target/test-dir/MiniOzoneClusterImpl-b501fab0-540e-4575-af6e-dde2336b059e/ozone-meta/datanode-2/ratis/a57048c3-2bca-4495-b2d7-b173462f687e has been successfully formatted.
2024-05-24 07:48:53,551 [5de18b20-4c2d-46f3-add3-84b533bc57c8-groupManagement] WARN  util.FileUtils (LogUtils.java:supplyAndLog(63)) - Failed to Files.newInputStream /home/runner/work/ozone/ozone/hadoop-ozone/integration-test/target/test-dir/MiniOzoneClusterImpl-b501fab0-540e-4575-af6e-dde2336b059e/ozone-meta/datanode-2/ratis/a57048c3-2bca-4495-b2d7-b173462f687e/current/raft-meta.conf with options []: java.nio.file.NoSuchFileException: /home/runner/work/ozone/ozone/hadoop-ozone/integration-test/target/test-dir/MiniOzoneClusterImpl-b501fab0-540e-4575-af6e-dde2336b059e/ozone-meta/datanode-2/ratis/a57048c3-2bca-4495-b2d7-b173462f687e/current/raft-meta.conf
2024-05-24 07:48:53,554 [5319acd4-0e99-4000-a29b-b8c741da6a3d-groupManagement] INFO  server.RaftServerConfigKeys (ConfUtils.java:logGet(46)) - raft.server.log.segment.size.max = 67108864 (custom)
2024-05-24 07:48:53,554 [EventQueue-OpenPipelineForHealthyPipelineSafeModeRule] INFO  safemode.SCMSafeModeManager (HealthyPipelineSafeModeRule.java:process(140)) - SCM in safe mode. Healthy pipelines reported count is 0, required healthy pipeline reported count is 1
2024-05-24 07:48:53,554 [5de18b20-4c2d-46f3-add3-84b533bc57c8-groupManagement] INFO  ratis.ContainerStateMachine (ContainerStateMachine.java:loadSnapshot(287)) - group-B173462F687E: The snapshot info is null. Setting the last applied index to:(t:0, i:~)
2024-05-24 07:48:53,554 [5de18b20-4c2d-46f3-add3-84b533bc57c8-groupManagement] INFO  server.RaftServerConfigKeys (ConfUtils.java:logGet(46)) - raft.server.log.use.memory = false (default)
2024-05-24 07:48:53,554 [5de18b20-4c2d-46f3-add3-84b533bc57c8-groupManagement] INFO  server.RaftServerConfigKeys (ConfUtils.java:logGet(46)) - raft.server.log.purge.gap = 1000000 (custom)
2024-05-24 07:48:53,554 [0f6129c7-dda1-4d42-8d75-6a3ef1e9116c-groupManagement] INFO  storage.RaftStorage (RaftStorageImpl.java:format(99)) - Storage directory /home/runner/work/ozone/ozone/hadoop-ozone/integration-test/target/test-dir/MiniOzoneClusterImpl-b501fab0-540e-4575-af6e-dde2336b059e/ozone-meta/datanode-3/ratis/a57048c3-2bca-4495-b2d7-b173462f687e has been successfully formatted.
2024-05-24 07:48:53,555 [0f6129c7-dda1-4d42-8d75-6a3ef1e9116c-groupManagement] WARN  util.FileUtils (LogUtils.java:supplyAndLog(63)) - Failed to Files.newInputStream /home/runner/work/ozone/ozone/hadoop-ozone/integration-test/target/test-dir/MiniOzoneClusterImpl-b501fab0-540e-4575-af6e-dde2336b059e/ozone-meta/datanode-3/ratis/a57048c3-2bca-4495-b2d7-b173462f687e/current/raft-meta.conf with options []: java.nio.file.NoSuchFileException: /home/runner/work/ozone/ozone/hadoop-ozone/integration-test/target/test-dir/MiniOzoneClusterImpl-b501fab0-540e-4575-af6e-dde2336b059e/ozone-meta/datanode-3/ratis/a57048c3-2bca-4495-b2d7-b173462f687e/current/raft-meta.conf
2024-05-24 07:48:53,556 [EventQueue-OpenPipelineForHealthyPipelineSafeModeRule] INFO  safemode.SCMSafeModeManager (HealthyPipelineSafeModeRule.java:process(140)) - SCM in safe mode. Healthy pipelines reported count is 0, required healthy pipeline reported count is 1
2024-05-24 07:48:53,557 [0f6129c7-dda1-4d42-8d75-6a3ef1e9116c-groupManagement] INFO  ratis.ContainerStateMachine (ContainerStateMachine.java:loadSnapshot(287)) - group-B173462F687E: The snapshot info is null. Setting the last applied index to:(t:0, i:~)
2024-05-24 07:48:53,557 [0f6129c7-dda1-4d42-8d75-6a3ef1e9116c-groupManagement] INFO  server.RaftServerConfigKeys (ConfUtils.java:logGet(46)) - raft.server.log.use.memory = false (default)
2024-05-24 07:48:53,557 [0f6129c7-dda1-4d42-8d75-6a3ef1e9116c-groupManagement] INFO  server.RaftServerConfigKeys (ConfUtils.java:logGet(46)) - raft.server.log.purge.gap = 1000000 (custom)
2024-05-24 07:48:53,557 [0f6129c7-dda1-4d42-8d75-6a3ef1e9116c-groupManagement] INFO  server.RaftServerConfigKeys (ConfUtils.java:logGet(46)) - raft.server.log.appender.buffer.byte-limit = 8388608 (custom)
2024-05-24 07:48:53,557 [0f6129c7-dda1-4d42-8d75-6a3ef1e9116c-groupManagement] INFO  server.RaftServerConfigKeys (ConfUtils.java:logGet(46)) - raft.server.log.statemachine.data.read.timeout = 1000ms (default)
2024-05-24 07:48:53,557 [0f6129c7-dda1-4d42-8d75-6a3ef1e9116c-groupManagement] INFO  server.RaftServerConfigKeys (ConfUtils.java:logGet(46)) - raft.server.log.purge.preservation.log.num = 0 (default)
2024-05-24 07:48:53,558 [5de18b20-4c2d-46f3-add3-84b533bc57c8-groupManagement] INFO  server.RaftServerConfigKeys (ConfUtils.java:logGet(46)) - raft.server.log.appender.buffer.byte-limit = 8388608 (custom)
2024-05-24 07:48:53,558 [5319acd4-0e99-4000-a29b-b8c741da6a3d-groupManagement] INFO  server.RaftServerConfigKeys (ConfUtils.java:logGet(46)) - raft.server.log.segment.cache.num.max = 2 (custom)
2024-05-24 07:48:53,558 [5319acd4-0e99-4000-a29b-b8c741da6a3d-groupManagement] INFO  server.RaftServerConfigKeys (ConfUtils.java:logGet(46)) - raft.server.log.segment.cache.size.max = 200MB (=209715200) (default)
2024-05-24 07:48:53,558 [5319acd4-0e99-4000-a29b-b8c741da6a3d-groupManagement] INFO  server.RaftServerConfigKeys (ConfUtils.java:logGet(46)) - raft.server.log.appender.buffer.byte-limit = 8388608 (custom)
2024-05-24 07:48:53,558 [5de18b20-4c2d-46f3-add3-84b533bc57c8-groupManagement] INFO  server.RaftServerConfigKeys (ConfUtils.java:logGet(46)) - raft.server.log.statemachine.data.read.timeout = 1000ms (default)
2024-05-24 07:48:53,559 [5de18b20-4c2d-46f3-add3-84b533bc57c8-groupManagement] INFO  server.RaftServerConfigKeys (ConfUtils.java:logGet(46)) - raft.server.log.purge.preservation.log.num = 0 (default)
2024-05-24 07:48:53,560 [5319acd4-0e99-4000-a29b-b8c741da6a3d-groupManagement] INFO  util.AwaitToRun (AwaitToRun.java:start(81)) - Thread[5319acd4-0e99-4000-a29b-b8c741da6a3d@group-B173462F687E-cacheEviction-AwaitToRun,5,main] started
2024-05-24 07:48:53,560 [5319acd4-0e99-4000-a29b-b8c741da6a3d-groupManagement] INFO  segmented.SegmentedRaftLogWorker (SegmentedRaftLogWorker.java:<init>(182)) - new 5319acd4-0e99-4000-a29b-b8c741da6a3d@group-B173462F687E-SegmentedRaftLogWorker for RaftStorageImpl:Storage Directory /home/runner/work/ozone/ozone/hadoop-ozone/integration-test/target/test-dir/MiniOzoneClusterImpl-b501fab0-540e-4575-af6e-dde2336b059e/ozone-meta/datanode-1/ratis/a57048c3-2bca-4495-b2d7-b173462f687e
2024-05-24 07:48:53,560 [5319acd4-0e99-4000-a29b-b8c741da6a3d-groupManagement] INFO  server.RaftServerConfigKeys (ConfUtils.java:logGet(46)) - raft.server.log.queue.byte-limit = 4294967296 (custom)
2024-05-24 07:48:53,560 [5319acd4-0e99-4000-a29b-b8c741da6a3d-groupManagement] INFO  server.RaftServerConfigKeys (ConfUtils.java:logGet(46)) - raft.server.log.queue.element-limit = 1024 (custom)
2024-05-24 07:48:53,560 [5319acd4-0e99-4000-a29b-b8c741da6a3d-groupManagement] INFO  server.RaftServerConfigKeys (ConfUtils.java:logGet(46)) - raft.server.log.segment.size.max = 67108864 (custom)
2024-05-24 07:48:53,560 [5319acd4-0e99-4000-a29b-b8c741da6a3d-groupManagement] INFO  server.RaftServerConfigKeys (ConfUtils.java:logGet(46)) - raft.server.log.preallocated.size = 4194304 (custom)
2024-05-24 07:48:53,560 [5319acd4-0e99-4000-a29b-b8c741da6a3d-groupManagement] INFO  server.RaftServerConfigKeys (ConfUtils.java:logGet(46)) - raft.server.log.force.sync.num = 128 (default)
2024-05-24 07:48:53,560 [5319acd4-0e99-4000-a29b-b8c741da6a3d-groupManagement] INFO  server.RaftServerConfigKeys (ConfUtils.java:logGet(46)) - raft.server.log.statemachine.data.sync = true (default)
2024-05-24 07:48:53,561 [5319acd4-0e99-4000-a29b-b8c741da6a3d-groupManagement] INFO  server.RaftServerConfigKeys (ConfUtils.java:logGet(46)) - raft.server.log.statemachine.data.sync.timeout = 10s (default)
2024-05-24 07:48:53,561 [5319acd4-0e99-4000-a29b-b8c741da6a3d-groupManagement] INFO  server.RaftServerConfigKeys (ConfUtils.java:logGet(46)) - raft.server.log.statemachine.data.sync.timeout.retry = 30 (custom)
2024-05-24 07:48:53,565 [5319acd4-0e99-4000-a29b-b8c741da6a3d-groupManagement] INFO  server.RaftServerConfigKeys (ConfUtils.java:logGet(46)) - raft.server.log.write.buffer.size = 8388616 (custom)
2024-05-24 07:48:53,567 [5319acd4-0e99-4000-a29b-b8c741da6a3d-groupManagement] INFO  server.RaftServerConfigKeys (ConfUtils.java:logGet(46)) - raft.server.log.appender.buffer.byte-limit = 8388608 (custom)
2024-05-24 07:48:53,567 [5319acd4-0e99-4000-a29b-b8c741da6a3d-groupManagement] INFO  server.RaftServerConfigKeys (ConfUtils.java:logGet(46)) - raft.server.log.unsafe-flush.enabled = false (default)
2024-05-24 07:48:53,567 [5319acd4-0e99-4000-a29b-b8c741da6a3d-groupManagement] INFO  server.RaftServerConfigKeys (ConfUtils.java:logGet(46)) - raft.server.log.async-flush.enabled = false (default)
2024-05-24 07:48:53,567 [5319acd4-0e99-4000-a29b-b8c741da6a3d-groupManagement] INFO  server.RaftServerConfigKeys (ConfUtils.java:logGet(46)) - raft.server.log.statemachine.data.caching.enabled = true (custom)
2024-05-24 07:48:53,567 [5319acd4-0e99-4000-a29b-b8c741da6a3d-groupManagement] INFO  segmented.SegmentedRaftLogWorker (SegmentedRaftLogWorker.java:lambda$new$0(134)) - 5319acd4-0e99-4000-a29b-b8c741da6a3d@group-B173462F687E-SegmentedRaftLogWorker: flushIndex: setUnconditionally 0 -> -1
2024-05-24 07:48:53,567 [5319acd4-0e99-4000-a29b-b8c741da6a3d-groupManagement] INFO  segmented.SegmentedRaftLogWorker (SegmentedRaftLogWorker.java:lambda$new$0(134)) - 5319acd4-0e99-4000-a29b-b8c741da6a3d@group-B173462F687E-SegmentedRaftLogWorker: safeCacheEvictIndex: setUnconditionally 0 -> -1
2024-05-24 07:48:53,568 [5319acd4-0e99-4000-a29b-b8c741da6a3d-groupManagement] INFO  server.RaftServer$Division (RaftServerImpl.java:start(396)) - 5319acd4-0e99-4000-a29b-b8c741da6a3d@group-B173462F687E: start as a follower, conf=-1: peers:[5de18b20-4c2d-46f3-add3-84b533bc57c8|127.0.0.1:15023, 5319acd4-0e99-4000-a29b-b8c741da6a3d|127.0.0.1:15014, 0f6129c7-dda1-4d42-8d75-6a3ef1e9116c|127.0.0.1:15032]|listeners:[], old=null
2024-05-24 07:48:53,568 [5319acd4-0e99-4000-a29b-b8c741da6a3d-groupManagement] INFO  server.RaftServer$Division (RaftServerImpl.java:setRole(383)) - 5319acd4-0e99-4000-a29b-b8c741da6a3d@group-B173462F687E: changes role from      null to FOLLOWER at term 0 for startAsFollower
2024-05-24 07:48:53,568 [5319acd4-0e99-4000-a29b-b8c741da6a3d-groupManagement] INFO  impl.RoleInfo (RoleInfo.java:updateAndGet(139)) - 5319acd4-0e99-4000-a29b-b8c741da6a3d: start 5319acd4-0e99-4000-a29b-b8c741da6a3d@group-B173462F687E-FollowerState
2024-05-24 07:48:53,568 [5319acd4-0e99-4000-a29b-b8c741da6a3d-groupManagement] INFO  util.JmxRegister (JmxRegister.java:tryRegister(44)) - Successfully registered JMX Bean with object name Ratis:service=RaftServer,group=group-B173462F687E,id=5319acd4-0e99-4000-a29b-b8c741da6a3d
2024-05-24 07:48:53,568 [5319acd4-0e99-4000-a29b-b8c741da6a3d-groupManagement] INFO  server.RaftServerConfigKeys (ConfUtils.java:logGet(46)) - raft.server.snapshot.trigger-when-stop.enabled = true (default)
2024-05-24 07:48:53,568 [5319acd4-0e99-4000-a29b-b8c741da6a3d-groupManagement] INFO  server.RaftServerConfigKeys (ConfUtils.java:logGet(46)) - raft.server.snapshot.auto.trigger.enabled = true (custom)
2024-05-24 07:48:53,568 [5319acd4-0e99-4000-a29b-b8c741da6a3d-groupManagement] INFO  server.RaftServerConfigKeys (ConfUtils.java:logGet(46)) - raft.server.snapshot.auto.trigger.threshold = 10000 (custom)
2024-05-24 07:48:53,568 [5319acd4-0e99-4000-a29b-b8c741da6a3d-groupManagement] INFO  server.RaftServerConfigKeys (ConfUtils.java:logGet(46)) - raft.server.snapshot.retention.file.num = 5 (custom)
2024-05-24 07:48:53,569 [5319acd4-0e99-4000-a29b-b8c741da6a3d-groupManagement] INFO  server.RaftServerConfigKeys (ConfUtils.java:logGet(46)) - raft.server.log.purge.upto.snapshot.index = false (default)
2024-05-24 07:48:53,580 [5319acd4-0e99-4000-a29b-b8c741da6a3d-PipelineCommandHandlerThread-0] INFO  ratis.XceiverServerRatis (XceiverServerRatis.java:addGroup(864)) - Created group PipelineID=a57048c3-2bca-4495-b2d7-b173462f687e
2024-05-24 07:48:53,583 [713fd2b4-03fd-4bcc-8950-4119d378f2ca-groupManagement] INFO  server.RaftServerConfigKeys (ConfUtils.java:logGet(46)) - raft.server.rpc.request.timeout = 60s (custom)
2024-05-24 07:48:53,583 [713fd2b4-03fd-4bcc-8950-4119d378f2ca-groupManagement] INFO  server.RaftServerConfigKeys (ConfUtils.java:logGet(46)) - raft.server.log.appender.install.snapshot.enabled = false (custom)
2024-05-24 07:48:53,583 [713fd2b4-03fd-4bcc-8950-4119d378f2ca-groupManagement] INFO  server.RaftServerConfigKeys (ConfUtils.java:logGet(46)) - raft.server.threadpool.server.cached = true (default)
2024-05-24 07:48:53,583 [713fd2b4-03fd-4bcc-8950-4119d378f2ca-groupManagement] INFO  server.RaftServerConfigKeys (ConfUtils.java:logGet(46)) - raft.server.threadpool.server.size = 0 (default)
2024-05-24 07:48:53,583 [713fd2b4-03fd-4bcc-8950-4119d378f2ca-groupManagement] INFO  server.RaftServerConfigKeys (ConfUtils.java:logGet(46)) - raft.server.threadpool.client.cached = true (default)
2024-05-24 07:48:53,583 [713fd2b4-03fd-4bcc-8950-4119d378f2ca-groupManagement] INFO  server.RaftServerConfigKeys (ConfUtils.java:logGet(46)) - raft.server.threadpool.client.size = 0 (default)
2024-05-24 07:48:53,583 [713fd2b4-03fd-4bcc-8950-4119d378f2ca-groupManagement] INFO  server.RaftServerConfigKeys (ConfUtils.java:logGet(46)) - raft.server.storage.free-space.min = 0MB (=0) (default)
2024-05-24 07:48:53,583 [713fd2b4-03fd-4bcc-8950-4119d378f2ca-groupManagement] INFO  server.RaftServerConfigKeys (ConfUtils.java:logGet(46)) - raft.server.log.corruption.policy = EXCEPTION (default)
2024-05-24 07:48:53,584 [713fd2b4-03fd-4bcc-8950-4119d378f2ca-groupManagement] INFO  server.RaftServerConfigKeys (ConfUtils.java:logGet(46)) - raft.server.storage.dir = [/home/runner/work/ozone/ozone/hadoop-ozone/integration-test/target/test-dir/MiniOzoneClusterImpl-b501fab0-540e-4575-af6e-dde2336b059e/ozone-meta/datanode-5/ratis] (custom)
2024-05-24 07:48:53,584 [713fd2b4-03fd-4bcc-8950-4119d378f2ca-groupManagement] INFO  storage.RaftStorageDirectory (RaftStorageDirectoryImpl.java:analyzeStorage(138)) - The storage directory /home/runner/work/ozone/ozone/hadoop-ozone/integration-test/target/test-dir/MiniOzoneClusterImpl-b501fab0-540e-4575-af6e-dde2336b059e/ozone-meta/datanode-5/ratis/6091da91-ea71-4480-9c60-df8dc201cebc does not exist. Creating ...
2024-05-24 07:48:53,586 [5de18b20-4c2d-46f3-add3-84b533bc57c8-groupManagement] INFO  server.RaftServerConfigKeys (ConfUtils.java:logGet(46)) - raft.server.log.segment.size.max = 67108864 (custom)
2024-05-24 07:48:53,586 [0f6129c7-dda1-4d42-8d75-6a3ef1e9116c-groupManagement] INFO  server.RaftServerConfigKeys (ConfUtils.java:logGet(46)) - raft.server.log.segment.size.max = 67108864 (custom)
2024-05-24 07:48:53,587 [5de18b20-4c2d-46f3-add3-84b533bc57c8-groupManagement] INFO  server.RaftServerConfigKeys (ConfUtils.java:logGet(46)) - raft.server.log.segment.cache.num.max = 2 (custom)
2024-05-24 07:48:53,588 [5de18b20-4c2d-46f3-add3-84b533bc57c8-groupManagement] INFO  server.RaftServerConfigKeys (ConfUtils.java:logGet(46)) - raft.server.log.segment.cache.size.max = 200MB (=209715200) (default)
2024-05-24 07:48:53,588 [5de18b20-4c2d-46f3-add3-84b533bc57c8-groupManagement] INFO  server.RaftServerConfigKeys (ConfUtils.java:logGet(46)) - raft.server.log.appender.buffer.byte-limit = 8388608 (custom)
2024-05-24 07:48:53,588 [5319acd4-0e99-4000-a29b-b8c741da6a3d@group-B173462F687E-FollowerState] INFO  server.RaftServerConfigKeys (ConfUtils.java:logFallback(53)) - raft.server.rpc.first-election.timeout.min = 5s (fallback to raft.server.rpc.timeout.min)
2024-05-24 07:48:53,588 [0f6129c7-dda1-4d42-8d75-6a3ef1e9116c-groupManagement] INFO  server.RaftServerConfigKeys (ConfUtils.java:logGet(46)) - raft.server.log.segment.cache.num.max = 2 (custom)
2024-05-24 07:48:53,588 [0f6129c7-dda1-4d42-8d75-6a3ef1e9116c-groupManagement] INFO  server.RaftServerConfigKeys (ConfUtils.java:logGet(46)) - raft.server.log.segment.cache.size.max = 200MB (=209715200) (default)
2024-05-24 07:48:53,588 [5319acd4-0e99-4000-a29b-b8c741da6a3d@group-B173462F687E-FollowerState] INFO  server.RaftServerConfigKeys (ConfUtils.java:logFallback(53)) - raft.server.rpc.first-election.timeout.max = 5200ms (fallback to raft.server.rpc.timeout.max)
2024-05-24 07:48:53,588 [713fd2b4-03fd-4bcc-8950-4119d378f2ca-groupManagement] INFO  storage.RaftStorageDirectory (RaftStorageDirectoryImpl.java:tryLock(228)) - Lock on /home/runner/work/ozone/ozone/hadoop-ozone/integration-test/target/test-dir/MiniOzoneClusterImpl-b501fab0-540e-4575-af6e-dde2336b059e/ozone-meta/datanode-5/ratis/6091da91-ea71-4480-9c60-df8dc201cebc/in_use.lock acquired by nodename 29770@fv-az779-985
2024-05-24 07:48:53,588 [0f6129c7-dda1-4d42-8d75-6a3ef1e9116c-groupManagement] INFO  server.RaftServerConfigKeys (ConfUtils.java:logGet(46)) - raft.server.log.appender.buffer.byte-limit = 8388608 (custom)
2024-05-24 07:48:53,588 [5de18b20-4c2d-46f3-add3-84b533bc57c8-groupManagement] INFO  util.AwaitToRun (AwaitToRun.java:start(81)) - Thread[5de18b20-4c2d-46f3-add3-84b533bc57c8@group-B173462F687E-cacheEviction-AwaitToRun,5,main] started
2024-05-24 07:48:53,589 [5de18b20-4c2d-46f3-add3-84b533bc57c8-groupManagement] INFO  segmented.SegmentedRaftLogWorker (SegmentedRaftLogWorker.java:<init>(182)) - new 5de18b20-4c2d-46f3-add3-84b533bc57c8@group-B173462F687E-SegmentedRaftLogWorker for RaftStorageImpl:Storage Directory /home/runner/work/ozone/ozone/hadoop-ozone/integration-test/target/test-dir/MiniOzoneClusterImpl-b501fab0-540e-4575-af6e-dde2336b059e/ozone-meta/datanode-2/ratis/a57048c3-2bca-4495-b2d7-b173462f687e
2024-05-24 07:48:53,589 [5de18b20-4c2d-46f3-add3-84b533bc57c8-groupManagement] INFO  server.RaftServerConfigKeys (ConfUtils.java:logGet(46)) - raft.server.log.queue.byte-limit = 4294967296 (custom)
2024-05-24 07:48:53,589 [5de18b20-4c2d-46f3-add3-84b533bc57c8-groupManagement] INFO  server.RaftServerConfigKeys (ConfUtils.java:logGet(46)) - raft.server.log.queue.element-limit = 1024 (custom)
2024-05-24 07:48:53,589 [5de18b20-4c2d-46f3-add3-84b533bc57c8-groupManagement] INFO  server.RaftServerConfigKeys (ConfUtils.java:logGet(46)) - raft.server.log.segment.size.max = 67108864 (custom)
2024-05-24 07:48:53,589 [5de18b20-4c2d-46f3-add3-84b533bc57c8-groupManagement] INFO  server.RaftServerConfigKeys (ConfUtils.java:logGet(46)) - raft.server.log.preallocated.size = 4194304 (custom)
2024-05-24 07:48:53,589 [5de18b20-4c2d-46f3-add3-84b533bc57c8-groupManagement] INFO  server.RaftServerConfigKeys (ConfUtils.java:logGet(46)) - raft.server.log.force.sync.num = 128 (default)
2024-05-24 07:48:53,589 [5de18b20-4c2d-46f3-add3-84b533bc57c8-groupManagement] INFO  server.RaftServerConfigKeys (ConfUtils.java:logGet(46)) - raft.server.log.statemachine.data.sync = true (default)
2024-05-24 07:48:53,589 [5de18b20-4c2d-46f3-add3-84b533bc57c8-groupManagement] INFO  server.RaftServerConfigKeys (ConfUtils.java:logGet(46)) - raft.server.log.statemachine.data.sync.timeout = 10s (default)
2024-05-24 07:48:53,589 [5de18b20-4c2d-46f3-add3-84b533bc57c8-groupManagement] INFO  server.RaftServerConfigKeys (ConfUtils.java:logGet(46)) - raft.server.log.statemachine.data.sync.timeout.retry = 30 (custom)
2024-05-24 07:48:53,590 [713fd2b4-03fd-4bcc-8950-4119d378f2ca-groupManagement] INFO  storage.RaftStorage (RaftStorageImpl.java:format(99)) - Storage directory /home/runner/work/ozone/ozone/hadoop-ozone/integration-test/target/test-dir/MiniOzoneClusterImpl-b501fab0-540e-4575-af6e-dde2336b059e/ozone-meta/datanode-5/ratis/6091da91-ea71-4480-9c60-df8dc201cebc has been successfully formatted.
2024-05-24 07:48:53,590 [0f6129c7-dda1-4d42-8d75-6a3ef1e9116c-groupManagement] INFO  util.AwaitToRun (AwaitToRun.java:start(81)) - Thread[0f6129c7-dda1-4d42-8d75-6a3ef1e9116c@group-B173462F687E-cacheEviction-AwaitToRun,5,main] started
2024-05-24 07:48:53,590 [5de18b20-4c2d-46f3-add3-84b533bc57c8-groupManagement] INFO  server.RaftServerConfigKeys (ConfUtils.java:logGet(46)) - raft.server.log.write.buffer.size = 8388616 (custom)
2024-05-24 07:48:53,590 [713fd2b4-03fd-4bcc-8950-4119d378f2ca-groupManagement] WARN  util.FileUtils (LogUtils.java:supplyAndLog(63)) - Failed to Files.newInputStream /home/runner/work/ozone/ozone/hadoop-ozone/integration-test/target/test-dir/MiniOzoneClusterImpl-b501fab0-540e-4575-af6e-dde2336b059e/ozone-meta/datanode-5/ratis/6091da91-ea71-4480-9c60-df8dc201cebc/current/raft-meta.conf with options []: java.nio.file.NoSuchFileException: /home/runner/work/ozone/ozone/hadoop-ozone/integration-test/target/test-dir/MiniOzoneClusterImpl-b501fab0-540e-4575-af6e-dde2336b059e/ozone-meta/datanode-5/ratis/6091da91-ea71-4480-9c60-df8dc201cebc/current/raft-meta.conf
2024-05-24 07:48:53,590 [713fd2b4-03fd-4bcc-8950-4119d378f2ca-groupManagement] INFO  ratis.ContainerStateMachine (ContainerStateMachine.java:loadSnapshot(287)) - group-DF8DC201CEBC: The snapshot info is null. Setting the last applied index to:(t:0, i:~)
2024-05-24 07:48:53,590 [713fd2b4-03fd-4bcc-8950-4119d378f2ca-groupManagement] INFO  server.RaftServerConfigKeys (ConfUtils.java:logGet(46)) - raft.server.log.use.memory = false (default)
2024-05-24 07:48:53,590 [713fd2b4-03fd-4bcc-8950-4119d378f2ca-groupManagement] INFO  server.RaftServerConfigKeys (ConfUtils.java:logGet(46)) - raft.server.log.purge.gap = 1000000 (custom)
2024-05-24 07:48:53,591 [713fd2b4-03fd-4bcc-8950-4119d378f2ca-groupManagement] INFO  server.RaftServerConfigKeys (ConfUtils.java:logGet(46)) - raft.server.log.appender.buffer.byte-limit = 8388608 (custom)
2024-05-24 07:48:53,591 [713fd2b4-03fd-4bcc-8950-4119d378f2ca-groupManagement] INFO  server.RaftServerConfigKeys (ConfUtils.java:logGet(46)) - raft.server.log.statemachine.data.read.timeout = 1000ms (default)
2024-05-24 07:48:53,591 [713fd2b4-03fd-4bcc-8950-4119d378f2ca-groupManagement] INFO  server.RaftServerConfigKeys (ConfUtils.java:logGet(46)) - raft.server.log.purge.preservation.log.num = 0 (default)
2024-05-24 07:48:53,592 [0f6129c7-dda1-4d42-8d75-6a3ef1e9116c-groupManagement] INFO  segmented.SegmentedRaftLogWorker (SegmentedRaftLogWorker.java:<init>(182)) - new 0f6129c7-dda1-4d42-8d75-6a3ef1e9116c@group-B173462F687E-SegmentedRaftLogWorker for RaftStorageImpl:Storage Directory /home/runner/work/ozone/ozone/hadoop-ozone/integration-test/target/test-dir/MiniOzoneClusterImpl-b501fab0-540e-4575-af6e-dde2336b059e/ozone-meta/datanode-3/ratis/a57048c3-2bca-4495-b2d7-b173462f687e
2024-05-24 07:48:53,592 [0f6129c7-dda1-4d42-8d75-6a3ef1e9116c-groupManagement] INFO  server.RaftServerConfigKeys (ConfUtils.java:logGet(46)) - raft.server.log.queue.byte-limit = 4294967296 (custom)
2024-05-24 07:48:53,592 [0f6129c7-dda1-4d42-8d75-6a3ef1e9116c-groupManagement] INFO  server.RaftServerConfigKeys (ConfUtils.java:logGet(46)) - raft.server.log.queue.element-limit = 1024 (custom)
2024-05-24 07:48:53,592 [0f6129c7-dda1-4d42-8d75-6a3ef1e9116c-groupManagement] INFO  server.RaftServerConfigKeys (ConfUtils.java:logGet(46)) - raft.server.log.segment.size.max = 67108864 (custom)
2024-05-24 07:48:53,592 [0f6129c7-dda1-4d42-8d75-6a3ef1e9116c-groupManagement] INFO  server.RaftServerConfigKeys (ConfUtils.java:logGet(46)) - raft.server.log.preallocated.size = 4194304 (custom)
2024-05-24 07:48:53,592 [0f6129c7-dda1-4d42-8d75-6a3ef1e9116c-groupManagement] INFO  server.RaftServerConfigKeys (ConfUtils.java:logGet(46)) - raft.server.log.force.sync.num = 128 (default)
2024-05-24 07:48:53,592 [0f6129c7-dda1-4d42-8d75-6a3ef1e9116c-groupManagement] INFO  server.RaftServerConfigKeys (ConfUtils.java:logGet(46)) - raft.server.log.statemachine.data.sync = true (default)
2024-05-24 07:48:53,592 [5de18b20-4c2d-46f3-add3-84b533bc57c8-groupManagement] INFO  server.RaftServerConfigKeys (ConfUtils.java:logGet(46)) - raft.server.log.appender.buffer.byte-limit = 8388608 (custom)
2024-05-24 07:48:53,593 [5de18b20-4c2d-46f3-add3-84b533bc57c8-groupManagement] INFO  server.RaftServerConfigKeys (ConfUtils.java:logGet(46)) - raft.server.log.unsafe-flush.enabled = false (default)
2024-05-24 07:48:53,593 [5de18b20-4c2d-46f3-add3-84b533bc57c8-groupManagement] INFO  server.RaftServerConfigKeys (ConfUtils.java:logGet(46)) - raft.server.log.async-flush.enabled = false (default)
2024-05-24 07:48:53,593 [5de18b20-4c2d-46f3-add3-84b533bc57c8-groupManagement] INFO  server.RaftServerConfigKeys (ConfUtils.java:logGet(46)) - raft.server.log.statemachine.data.caching.enabled = true (custom)
2024-05-24 07:48:53,593 [0f6129c7-dda1-4d42-8d75-6a3ef1e9116c-groupManagement] INFO  server.RaftServerConfigKeys (ConfUtils.java:logGet(46)) - raft.server.log.statemachine.data.sync.timeout = 10s (default)
2024-05-24 07:48:53,593 [0f6129c7-dda1-4d42-8d75-6a3ef1e9116c-groupManagement] INFO  server.RaftServerConfigKeys (ConfUtils.java:logGet(46)) - raft.server.log.statemachine.data.sync.timeout.retry = 30 (custom)
2024-05-24 07:48:53,593 [5de18b20-4c2d-46f3-add3-84b533bc57c8-groupManagement] INFO  segmented.SegmentedRaftLogWorker (SegmentedRaftLogWorker.java:lambda$new$0(134)) - 5de18b20-4c2d-46f3-add3-84b533bc57c8@group-B173462F687E-SegmentedRaftLogWorker: flushIndex: setUnconditionally 0 -> -1
2024-05-24 07:48:53,593 [5de18b20-4c2d-46f3-add3-84b533bc57c8-groupManagement] INFO  segmented.SegmentedRaftLogWorker (SegmentedRaftLogWorker.java:lambda$new$0(134)) - 5de18b20-4c2d-46f3-add3-84b533bc57c8@group-B173462F687E-SegmentedRaftLogWorker: safeCacheEvictIndex: setUnconditionally 0 -> -1
2024-05-24 07:48:53,593 [5de18b20-4c2d-46f3-add3-84b533bc57c8-groupManagement] INFO  server.RaftServer$Division (RaftServerImpl.java:start(396)) - 5de18b20-4c2d-46f3-add3-84b533bc57c8@group-B173462F687E: start as a follower, conf=-1: peers:[5de18b20-4c2d-46f3-add3-84b533bc57c8|127.0.0.1:15023, 5319acd4-0e99-4000-a29b-b8c741da6a3d|127.0.0.1:15014, 0f6129c7-dda1-4d42-8d75-6a3ef1e9116c|127.0.0.1:15032]|listeners:[], old=null
2024-05-24 07:48:53,594 [5de18b20-4c2d-46f3-add3-84b533bc57c8-groupManagement] INFO  server.RaftServer$Division (RaftServerImpl.java:setRole(383)) - 5de18b20-4c2d-46f3-add3-84b533bc57c8@group-B173462F687E: changes role from      null to FOLLOWER at term 0 for startAsFollower
2024-05-24 07:48:53,594 [5de18b20-4c2d-46f3-add3-84b533bc57c8-groupManagement] INFO  impl.RoleInfo (RoleInfo.java:updateAndGet(139)) - 5de18b20-4c2d-46f3-add3-84b533bc57c8: start 5de18b20-4c2d-46f3-add3-84b533bc57c8@group-B173462F687E-FollowerState
2024-05-24 07:48:53,594 [5de18b20-4c2d-46f3-add3-84b533bc57c8-groupManagement] INFO  util.JmxRegister (JmxRegister.java:tryRegister(44)) - Successfully registered JMX Bean with object name Ratis:service=RaftServer,group=group-B173462F687E,id=5de18b20-4c2d-46f3-add3-84b533bc57c8
2024-05-24 07:48:53,594 [5de18b20-4c2d-46f3-add3-84b533bc57c8-groupManagement] INFO  server.RaftServerConfigKeys (ConfUtils.java:logGet(46)) - raft.server.snapshot.trigger-when-stop.enabled = true (default)
2024-05-24 07:48:53,594 [5de18b20-4c2d-46f3-add3-84b533bc57c8-groupManagement] INFO  server.RaftServerConfigKeys (ConfUtils.java:logGet(46)) - raft.server.snapshot.auto.trigger.enabled = true (custom)
2024-05-24 07:48:53,594 [5de18b20-4c2d-46f3-add3-84b533bc57c8-groupManagement] INFO  server.RaftServerConfigKeys (ConfUtils.java:logGet(46)) - raft.server.snapshot.auto.trigger.threshold = 10000 (custom)
2024-05-24 07:48:53,594 [5de18b20-4c2d-46f3-add3-84b533bc57c8-groupManagement] INFO  server.RaftServerConfigKeys (ConfUtils.java:logGet(46)) - raft.server.snapshot.retention.file.num = 5 (custom)
2024-05-24 07:48:53,594 [5de18b20-4c2d-46f3-add3-84b533bc57c8-groupManagement] INFO  server.RaftServerConfigKeys (ConfUtils.java:logGet(46)) - raft.server.log.purge.upto.snapshot.index = false (default)
2024-05-24 07:48:53,595 [EventQueue-PipelineReportForPipelineReportHandler] INFO  pipeline.PipelineReportHandler (PipelineReportHandler.java:processPipelineReport(136)) - Opened pipeline PipelineID=9cfd513b-6a01-4802-b4ad-42eb65381063
2024-05-24 07:48:53,595 [EventQueue-OpenPipelineForHealthyPipelineSafeModeRule] INFO  safemode.SCMSafeModeManager (HealthyPipelineSafeModeRule.java:process(140)) - SCM in safe mode. Healthy pipelines reported count is 0, required healthy pipeline reported count is 1
2024-05-24 07:48:53,595 [5de18b20-4c2d-46f3-add3-84b533bc57c8@group-B173462F687E-FollowerState] INFO  server.RaftServerConfigKeys (ConfUtils.java:logFallback(53)) - raft.server.rpc.first-election.timeout.min = 5s (fallback to raft.server.rpc.timeout.min)
2024-05-24 07:48:53,595 [5de18b20-4c2d-46f3-add3-84b533bc57c8@group-B173462F687E-FollowerState] INFO  server.RaftServerConfigKeys (ConfUtils.java:logFallback(53)) - raft.server.rpc.first-election.timeout.max = 5200ms (fallback to raft.server.rpc.timeout.max)
2024-05-24 07:48:53,596 [5de18b20-4c2d-46f3-add3-84b533bc57c8-PipelineCommandHandlerThread-0] INFO  ratis.XceiverServerRatis (XceiverServerRatis.java:addGroup(864)) - Created group PipelineID=a57048c3-2bca-4495-b2d7-b173462f687e
2024-05-24 07:48:53,600 [713fd2b4-03fd-4bcc-8950-4119d378f2ca-groupManagement] INFO  server.RaftServerConfigKeys (ConfUtils.java:logGet(46)) - raft.server.log.segment.size.max = 67108864 (custom)
2024-05-24 07:48:53,606 [713fd2b4-03fd-4bcc-8950-4119d378f2ca-groupManagement] INFO  server.RaftServerConfigKeys (ConfUtils.java:logGet(46)) - raft.server.log.segment.cache.num.max = 2 (custom)
2024-05-24 07:48:53,606 [713fd2b4-03fd-4bcc-8950-4119d378f2ca-groupManagement] INFO  server.RaftServerConfigKeys (ConfUtils.java:logGet(46)) - raft.server.log.segment.cache.size.max = 200MB (=209715200) (default)
2024-05-24 07:48:53,606 [713fd2b4-03fd-4bcc-8950-4119d378f2ca-groupManagement] INFO  server.RaftServerConfigKeys (ConfUtils.java:logGet(46)) - raft.server.log.appender.buffer.byte-limit = 8388608 (custom)
2024-05-24 07:48:53,607 [0f6129c7-dda1-4d42-8d75-6a3ef1e9116c-groupManagement] INFO  server.RaftServerConfigKeys (ConfUtils.java:logGet(46)) - raft.server.log.write.buffer.size = 8388616 (custom)
2024-05-24 07:48:53,609 [0f6129c7-dda1-4d42-8d75-6a3ef1e9116c-groupManagement] INFO  server.RaftServerConfigKeys (ConfUtils.java:logGet(46)) - raft.server.log.appender.buffer.byte-limit = 8388608 (custom)
2024-05-24 07:48:53,609 [0f6129c7-dda1-4d42-8d75-6a3ef1e9116c-groupManagement] INFO  server.RaftServerConfigKeys (ConfUtils.java:logGet(46)) - raft.server.log.unsafe-flush.enabled = false (default)
2024-05-24 07:48:53,609 [0f6129c7-dda1-4d42-8d75-6a3ef1e9116c-groupManagement] INFO  server.RaftServerConfigKeys (ConfUtils.java:logGet(46)) - raft.server.log.async-flush.enabled = false (default)
2024-05-24 07:48:53,609 [0f6129c7-dda1-4d42-8d75-6a3ef1e9116c-groupManagement] INFO  server.RaftServerConfigKeys (ConfUtils.java:logGet(46)) - raft.server.log.statemachine.data.caching.enabled = true (custom)
2024-05-24 07:48:53,610 [0f6129c7-dda1-4d42-8d75-6a3ef1e9116c-groupManagement] INFO  segmented.SegmentedRaftLogWorker (SegmentedRaftLogWorker.java:lambda$new$0(134)) - 0f6129c7-dda1-4d42-8d75-6a3ef1e9116c@group-B173462F687E-SegmentedRaftLogWorker: flushIndex: setUnconditionally 0 -> -1
2024-05-24 07:48:53,610 [0f6129c7-dda1-4d42-8d75-6a3ef1e9116c-groupManagement] INFO  segmented.SegmentedRaftLogWorker (SegmentedRaftLogWorker.java:lambda$new$0(134)) - 0f6129c7-dda1-4d42-8d75-6a3ef1e9116c@group-B173462F687E-SegmentedRaftLogWorker: safeCacheEvictIndex: setUnconditionally 0 -> -1
2024-05-24 07:48:53,613 [713fd2b4-03fd-4bcc-8950-4119d378f2ca-groupManagement] INFO  util.AwaitToRun (AwaitToRun.java:start(81)) - Thread[713fd2b4-03fd-4bcc-8950-4119d378f2ca@group-DF8DC201CEBC-cacheEviction-AwaitToRun,5,main] started
2024-05-24 07:48:53,613 [713fd2b4-03fd-4bcc-8950-4119d378f2ca-groupManagement] INFO  segmented.SegmentedRaftLogWorker (SegmentedRaftLogWorker.java:<init>(182)) - new 713fd2b4-03fd-4bcc-8950-4119d378f2ca@group-DF8DC201CEBC-SegmentedRaftLogWorker for RaftStorageImpl:Storage Directory /home/runner/work/ozone/ozone/hadoop-ozone/integration-test/target/test-dir/MiniOzoneClusterImpl-b501fab0-540e-4575-af6e-dde2336b059e/ozone-meta/datanode-5/ratis/6091da91-ea71-4480-9c60-df8dc201cebc
2024-05-24 07:48:53,613 [713fd2b4-03fd-4bcc-8950-4119d378f2ca-groupManagement] INFO  server.RaftServerConfigKeys (ConfUtils.java:logGet(46)) - raft.server.log.queue.byte-limit = 4294967296 (custom)
2024-05-24 07:48:53,614 [713fd2b4-03fd-4bcc-8950-4119d378f2ca-groupManagement] INFO  server.RaftServerConfigKeys (ConfUtils.java:logGet(46)) - raft.server.log.queue.element-limit = 1024 (custom)
2024-05-24 07:48:53,614 [713fd2b4-03fd-4bcc-8950-4119d378f2ca-groupManagement] INFO  server.RaftServerConfigKeys (ConfUtils.java:logGet(46)) - raft.server.log.segment.size.max = 67108864 (custom)
2024-05-24 07:48:53,614 [713fd2b4-03fd-4bcc-8950-4119d378f2ca-groupManagement] INFO  server.RaftServerConfigKeys (ConfUtils.java:logGet(46)) - raft.server.log.preallocated.size = 4194304 (custom)
2024-05-24 07:48:53,614 [713fd2b4-03fd-4bcc-8950-4119d378f2ca-groupManagement] INFO  server.RaftServerConfigKeys (ConfUtils.java:logGet(46)) - raft.server.log.force.sync.num = 128 (default)
2024-05-24 07:48:53,614 [713fd2b4-03fd-4bcc-8950-4119d378f2ca-groupManagement] INFO  server.RaftServerConfigKeys (ConfUtils.java:logGet(46)) - raft.server.log.statemachine.data.sync = true (default)
2024-05-24 07:48:53,614 [713fd2b4-03fd-4bcc-8950-4119d378f2ca-groupManagement] INFO  server.RaftServerConfigKeys (ConfUtils.java:logGet(46)) - raft.server.log.statemachine.data.sync.timeout = 10s (default)
2024-05-24 07:48:53,614 [713fd2b4-03fd-4bcc-8950-4119d378f2ca-groupManagement] INFO  server.RaftServerConfigKeys (ConfUtils.java:logGet(46)) - raft.server.log.statemachine.data.sync.timeout.retry = 30 (custom)
2024-05-24 07:48:53,615 [713fd2b4-03fd-4bcc-8950-4119d378f2ca-groupManagement] INFO  server.RaftServerConfigKeys (ConfUtils.java:logGet(46)) - raft.server.log.write.buffer.size = 8388616 (custom)
2024-05-24 07:48:53,617 [713fd2b4-03fd-4bcc-8950-4119d378f2ca-groupManagement] INFO  server.RaftServerConfigKeys (ConfUtils.java:logGet(46)) - raft.server.log.appender.buffer.byte-limit = 8388608 (custom)
2024-05-24 07:48:53,618 [713fd2b4-03fd-4bcc-8950-4119d378f2ca-groupManagement] INFO  server.RaftServerConfigKeys (ConfUtils.java:logGet(46)) - raft.server.log.unsafe-flush.enabled = false (default)
2024-05-24 07:48:53,618 [713fd2b4-03fd-4bcc-8950-4119d378f2ca-groupManagement] INFO  server.RaftServerConfigKeys (ConfUtils.java:logGet(46)) - raft.server.log.async-flush.enabled = false (default)
2024-05-24 07:48:53,618 [713fd2b4-03fd-4bcc-8950-4119d378f2ca-groupManagement] INFO  server.RaftServerConfigKeys (ConfUtils.java:logGet(46)) - raft.server.log.statemachine.data.caching.enabled = true (custom)
2024-05-24 07:48:53,618 [713fd2b4-03fd-4bcc-8950-4119d378f2ca-groupManagement] INFO  segmented.SegmentedRaftLogWorker (SegmentedRaftLogWorker.java:lambda$new$0(134)) - 713fd2b4-03fd-4bcc-8950-4119d378f2ca@group-DF8DC201CEBC-SegmentedRaftLogWorker: flushIndex: setUnconditionally 0 -> -1
2024-05-24 07:48:53,618 [713fd2b4-03fd-4bcc-8950-4119d378f2ca-groupManagement] INFO  segmented.SegmentedRaftLogWorker (SegmentedRaftLogWorker.java:lambda$new$0(134)) - 713fd2b4-03fd-4bcc-8950-4119d378f2ca@group-DF8DC201CEBC-SegmentedRaftLogWorker: safeCacheEvictIndex: setUnconditionally 0 -> -1
2024-05-24 07:48:53,620 [0f6129c7-dda1-4d42-8d75-6a3ef1e9116c-groupManagement] INFO  server.RaftServer$Division (RaftServerImpl.java:start(396)) - 0f6129c7-dda1-4d42-8d75-6a3ef1e9116c@group-B173462F687E: start as a follower, conf=-1: peers:[5de18b20-4c2d-46f3-add3-84b533bc57c8|127.0.0.1:15023, 5319acd4-0e99-4000-a29b-b8c741da6a3d|127.0.0.1:15014, 0f6129c7-dda1-4d42-8d75-6a3ef1e9116c|127.0.0.1:15032]|listeners:[], old=null
2024-05-24 07:48:53,620 [0f6129c7-dda1-4d42-8d75-6a3ef1e9116c-groupManagement] INFO  server.RaftServer$Division (RaftServerImpl.java:setRole(383)) - 0f6129c7-dda1-4d42-8d75-6a3ef1e9116c@group-B173462F687E: changes role from      null to FOLLOWER at term 0 for startAsFollower
2024-05-24 07:48:53,620 [0f6129c7-dda1-4d42-8d75-6a3ef1e9116c-groupManagement] INFO  impl.RoleInfo (RoleInfo.java:updateAndGet(139)) - 0f6129c7-dda1-4d42-8d75-6a3ef1e9116c: start 0f6129c7-dda1-4d42-8d75-6a3ef1e9116c@group-B173462F687E-FollowerState
2024-05-24 07:48:53,621 [0f6129c7-dda1-4d42-8d75-6a3ef1e9116c-groupManagement] INFO  util.JmxRegister (JmxRegister.java:tryRegister(44)) - Successfully registered JMX Bean with object name Ratis:service=RaftServer,group=group-B173462F687E,id=0f6129c7-dda1-4d42-8d75-6a3ef1e9116c
2024-05-24 07:48:53,621 [0f6129c7-dda1-4d42-8d75-6a3ef1e9116c-groupManagement] INFO  server.RaftServerConfigKeys (ConfUtils.java:logGet(46)) - raft.server.snapshot.trigger-when-stop.enabled = true (default)
2024-05-24 07:48:53,621 [0f6129c7-dda1-4d42-8d75-6a3ef1e9116c-groupManagement] INFO  server.RaftServerConfigKeys (ConfUtils.java:logGet(46)) - raft.server.snapshot.auto.trigger.enabled = true (custom)
2024-05-24 07:48:53,622 [0f6129c7-dda1-4d42-8d75-6a3ef1e9116c-groupManagement] INFO  server.RaftServerConfigKeys (ConfUtils.java:logGet(46)) - raft.server.snapshot.auto.trigger.threshold = 10000 (custom)
2024-05-24 07:48:53,622 [0f6129c7-dda1-4d42-8d75-6a3ef1e9116c-groupManagement] INFO  server.RaftServerConfigKeys (ConfUtils.java:logGet(46)) - raft.server.snapshot.retention.file.num = 5 (custom)
2024-05-24 07:48:53,622 [0f6129c7-dda1-4d42-8d75-6a3ef1e9116c-groupManagement] INFO  server.RaftServerConfigKeys (ConfUtils.java:logGet(46)) - raft.server.log.purge.upto.snapshot.index = false (default)
2024-05-24 07:48:53,623 [0f6129c7-dda1-4d42-8d75-6a3ef1e9116c@group-B173462F687E-FollowerState] INFO  server.RaftServerConfigKeys (ConfUtils.java:logFallback(53)) - raft.server.rpc.first-election.timeout.min = 5s (fallback to raft.server.rpc.timeout.min)
2024-05-24 07:48:53,623 [0f6129c7-dda1-4d42-8d75-6a3ef1e9116c@group-B173462F687E-FollowerState] INFO  server.RaftServerConfigKeys (ConfUtils.java:logFallback(53)) - raft.server.rpc.first-election.timeout.max = 5200ms (fallback to raft.server.rpc.timeout.max)
2024-05-24 07:48:53,626 [713fd2b4-03fd-4bcc-8950-4119d378f2ca-groupManagement] INFO  server.RaftServer$Division (RaftServerImpl.java:start(396)) - 713fd2b4-03fd-4bcc-8950-4119d378f2ca@group-DF8DC201CEBC: start as a follower, conf=-1: peers:[713fd2b4-03fd-4bcc-8950-4119d378f2ca|127.0.0.1:15050, db578ef5-4e1f-4da7-abbd-ff28012a31de|127.0.0.1:15041, e689b99c-fc0b-4611-bf51-e78d9991fc84|127.0.0.1:15059]|listeners:[], old=null
2024-05-24 07:48:53,626 [713fd2b4-03fd-4bcc-8950-4119d378f2ca-groupManagement] INFO  server.RaftServer$Division (RaftServerImpl.java:setRole(383)) - 713fd2b4-03fd-4bcc-8950-4119d378f2ca@group-DF8DC201CEBC: changes role from      null to FOLLOWER at term 0 for startAsFollower
2024-05-24 07:48:53,626 [713fd2b4-03fd-4bcc-8950-4119d378f2ca-groupManagement] INFO  impl.RoleInfo (RoleInfo.java:updateAndGet(139)) - 713fd2b4-03fd-4bcc-8950-4119d378f2ca: start 713fd2b4-03fd-4bcc-8950-4119d378f2ca@group-DF8DC201CEBC-FollowerState
2024-05-24 07:48:53,634 [713fd2b4-03fd-4bcc-8950-4119d378f2ca@group-DF8DC201CEBC-FollowerState] INFO  server.RaftServerConfigKeys (ConfUtils.java:logFallback(53)) - raft.server.rpc.first-election.timeout.min = 5s (fallback to raft.server.rpc.timeout.min)
2024-05-24 07:48:53,634 [713fd2b4-03fd-4bcc-8950-4119d378f2ca-groupManagement] INFO  util.JmxRegister (JmxRegister.java:tryRegister(44)) - Successfully registered JMX Bean with object name Ratis:service=RaftServer,group=group-DF8DC201CEBC,id=713fd2b4-03fd-4bcc-8950-4119d378f2ca
2024-05-24 07:48:53,635 [713fd2b4-03fd-4bcc-8950-4119d378f2ca-groupManagement] INFO  server.RaftServerConfigKeys (ConfUtils.java:logGet(46)) - raft.server.snapshot.trigger-when-stop.enabled = true (default)
2024-05-24 07:48:53,635 [713fd2b4-03fd-4bcc-8950-4119d378f2ca-groupManagement] INFO  server.RaftServerConfigKeys (ConfUtils.java:logGet(46)) - raft.server.snapshot.auto.trigger.enabled = true (custom)
2024-05-24 07:48:53,635 [713fd2b4-03fd-4bcc-8950-4119d378f2ca-groupManagement] INFO  server.RaftServerConfigKeys (ConfUtils.java:logGet(46)) - raft.server.snapshot.auto.trigger.threshold = 10000 (custom)
2024-05-24 07:48:53,635 [713fd2b4-03fd-4bcc-8950-4119d378f2ca-groupManagement] INFO  server.RaftServerConfigKeys (ConfUtils.java:logGet(46)) - raft.server.snapshot.retention.file.num = 5 (custom)
2024-05-24 07:48:53,635 [713fd2b4-03fd-4bcc-8950-4119d378f2ca-groupManagement] INFO  server.RaftServerConfigKeys (ConfUtils.java:logGet(46)) - raft.server.log.purge.upto.snapshot.index = false (default)
2024-05-24 07:48:53,636 [713fd2b4-03fd-4bcc-8950-4119d378f2ca@group-DF8DC201CEBC-FollowerState] INFO  server.RaftServerConfigKeys (ConfUtils.java:logFallback(53)) - raft.server.rpc.first-election.timeout.max = 5200ms (fallback to raft.server.rpc.timeout.max)
2024-05-24 07:48:53,648 [0f6129c7-dda1-4d42-8d75-6a3ef1e9116c-PipelineCommandHandlerThread-0] INFO  ratis.XceiverServerRatis (XceiverServerRatis.java:addGroup(864)) - Created group PipelineID=a57048c3-2bca-4495-b2d7-b173462f687e
2024-05-24 07:48:53,652 [e689b99c-fc0b-4611-bf51-e78d9991fc84-PipelineCommandHandlerThread-0] INFO  server.RaftServer (RaftServerProxy.java:addNew(100)) - e689b99c-fc0b-4611-bf51-e78d9991fc84: addNew group-83ECF5310756:[e689b99c-fc0b-4611-bf51-e78d9991fc84|127.0.0.1:15059] returns group-83ECF5310756:java.util.concurrent.CompletableFuture@6a116e35[Not completed]
2024-05-24 07:48:53,659 [e689b99c-fc0b-4611-bf51-e78d9991fc84-groupManagement] INFO  server.RaftServer$Division (RaftServerImpl.java:<init>(256)) - e689b99c-fc0b-4611-bf51-e78d9991fc84: new RaftServerImpl for group-83ECF5310756:[e689b99c-fc0b-4611-bf51-e78d9991fc84|127.0.0.1:15059] with ContainerStateMachine:uninitialized
2024-05-24 07:48:53,659 [e689b99c-fc0b-4611-bf51-e78d9991fc84-groupManagement] INFO  server.RaftServerConfigKeys (ConfUtils.java:logGet(46)) - raft.server.rpc.timeout.min = 5s (custom)
2024-05-24 07:48:53,659 [e689b99c-fc0b-4611-bf51-e78d9991fc84-groupManagement] INFO  server.RaftServerConfigKeys (ConfUtils.java:logGet(46)) - raft.server.rpc.timeout.max = 5200ms (custom)
2024-05-24 07:48:53,659 [e689b99c-fc0b-4611-bf51-e78d9991fc84-groupManagement] INFO  server.RaftServerConfigKeys (ConfUtils.java:logGet(46)) - raft.server.rpc.sleep.time = 25ms (default)
2024-05-24 07:48:53,659 [e689b99c-fc0b-4611-bf51-e78d9991fc84-groupManagement] INFO  server.RaftServerConfigKeys (ConfUtils.java:logGet(46)) - raft.server.rpc.slowness.timeout = 300s (custom)
2024-05-24 07:48:53,659 [e689b99c-fc0b-4611-bf51-e78d9991fc84-groupManagement] INFO  server.RaftServerConfigKeys (ConfUtils.java:logGet(46)) - raft.server.leaderelection.leader.step-down.wait-time = 10s (default)
2024-05-24 07:48:53,659 [e689b99c-fc0b-4611-bf51-e78d9991fc84-groupManagement] INFO  server.RaftServerConfigKeys (ConfUtils.java:logGet(46)) - raft.server.leaderelection.member.majority-add = false (default)
2024-05-24 07:48:53,659 [e689b99c-fc0b-4611-bf51-e78d9991fc84-groupManagement] INFO  server.RaftServerConfigKeys (ConfUtils.java:logGet(46)) - raft.server.sleep.deviation.threshold = 300ms (default)
2024-05-24 07:48:53,660 [e689b99c-fc0b-4611-bf51-e78d9991fc84-groupManagement] INFO  server.RaftServer$Division (ServerState.java:<init>(113)) - e689b99c-fc0b-4611-bf51-e78d9991fc84@group-83ECF5310756: ConfigurationManager, init=-1: peers:[e689b99c-fc0b-4611-bf51-e78d9991fc84|127.0.0.1:15059]|listeners:[], old=null, confs=<EMPTY_MAP>
2024-05-24 07:48:53,660 [e689b99c-fc0b-4611-bf51-e78d9991fc84-groupManagement] INFO  server.RaftServerConfigKeys (ConfUtils.java:logGet(46)) - raft.server.notification.no-leader.timeout = 300s (custom)
2024-05-24 07:48:53,660 [e689b99c-fc0b-4611-bf51-e78d9991fc84-groupManagement] INFO  server.RaftServerConfigKeys (ConfUtils.java:logGet(46)) - raft.server.read.timeout = 10s (default)
2024-05-24 07:48:53,660 [e689b99c-fc0b-4611-bf51-e78d9991fc84-groupManagement] INFO  server.RaftServerConfigKeys (ConfUtils.java:logGet(46)) - raft.server.retrycache.expirytime = 600000ms (custom)
2024-05-24 07:48:53,660 [e689b99c-fc0b-4611-bf51-e78d9991fc84-groupManagement] INFO  server.RaftServerConfigKeys (ConfUtils.java:logGet(46)) - raft.server.retrycache.statistics.expirytime = 100ms (default)
2024-05-24 07:48:53,660 [e689b99c-fc0b-4611-bf51-e78d9991fc84-groupManagement] INFO  server.RaftServerConfigKeys (ConfUtils.java:logGet(46)) - raft.server.read.option = DEFAULT (default)
2024-05-24 07:48:53,660 [e689b99c-fc0b-4611-bf51-e78d9991fc84-groupManagement] INFO  server.RaftServerConfigKeys (ConfUtils.java:logGet(46)) - raft.server.read.read-after-write-consistent.write-index-cache.expiry-time = 60s (default)
2024-05-24 07:48:53,662 [5319acd4-0e99-4000-a29b-b8c741da6a3d-PipelineCommandHandlerThread-0] INFO  commandhandler.CreatePipelineCommandHandler (CreatePipelineCommandHandler.java:lambda$handle$2(124)) - Created Pipeline RATIS THREE PipelineID=a57048c3-2bca-4495-b2d7-b173462f687e.
2024-05-24 07:48:53,674 [e689b99c-fc0b-4611-bf51-e78d9991fc84-groupManagement] INFO  server.RaftServerConfigKeys (ConfUtils.java:logGet(46)) - raft.server.rpc.request.timeout = 60s (custom)
2024-05-24 07:48:53,674 [e689b99c-fc0b-4611-bf51-e78d9991fc84-groupManagement] INFO  server.RaftServerConfigKeys (ConfUtils.java:logGet(46)) - raft.server.log.appender.install.snapshot.enabled = false (custom)
2024-05-24 07:48:53,674 [e689b99c-fc0b-4611-bf51-e78d9991fc84-groupManagement] INFO  server.RaftServerConfigKeys (ConfUtils.java:logGet(46)) - raft.server.threadpool.server.cached = true (default)
2024-05-24 07:48:53,674 [e689b99c-fc0b-4611-bf51-e78d9991fc84-groupManagement] INFO  server.RaftServerConfigKeys (ConfUtils.java:logGet(46)) - raft.server.threadpool.server.size = 0 (default)
2024-05-24 07:48:53,674 [e689b99c-fc0b-4611-bf51-e78d9991fc84-groupManagement] INFO  server.RaftServerConfigKeys (ConfUtils.java:logGet(46)) - raft.server.threadpool.client.cached = true (default)
2024-05-24 07:48:53,674 [e689b99c-fc0b-4611-bf51-e78d9991fc84-groupManagement] INFO  server.RaftServerConfigKeys (ConfUtils.java:logGet(46)) - raft.server.threadpool.client.size = 0 (default)
2024-05-24 07:48:53,674 [e689b99c-fc0b-4611-bf51-e78d9991fc84-groupManagement] INFO  server.RaftServerConfigKeys (ConfUtils.java:logGet(46)) - raft.server.storage.free-space.min = 0MB (=0) (default)
2024-05-24 07:48:53,674 [e689b99c-fc0b-4611-bf51-e78d9991fc84-groupManagement] INFO  server.RaftServerConfigKeys (ConfUtils.java:logGet(46)) - raft.server.log.corruption.policy = EXCEPTION (default)
2024-05-24 07:48:53,674 [e689b99c-fc0b-4611-bf51-e78d9991fc84-groupManagement] INFO  server.RaftServerConfigKeys (ConfUtils.java:logGet(46)) - raft.server.storage.dir = [/home/runner/work/ozone/ozone/hadoop-ozone/integration-test/target/test-dir/MiniOzoneClusterImpl-b501fab0-540e-4575-af6e-dde2336b059e/ozone-meta/datanode-6/ratis] (custom)
2024-05-24 07:48:53,675 [e689b99c-fc0b-4611-bf51-e78d9991fc84-groupManagement] INFO  storage.RaftStorageDirectory (RaftStorageDirectoryImpl.java:analyzeStorage(138)) - The storage directory /home/runner/work/ozone/ozone/hadoop-ozone/integration-test/target/test-dir/MiniOzoneClusterImpl-b501fab0-540e-4575-af6e-dde2336b059e/ozone-meta/datanode-6/ratis/bb2e7472-79c0-4ac8-bd55-83ecf5310756 does not exist. Creating ...
2024-05-24 07:48:53,676 [5de18b20-4c2d-46f3-add3-84b533bc57c8-PipelineCommandHandlerThread-0] INFO  commandhandler.CreatePipelineCommandHandler (CreatePipelineCommandHandler.java:lambda$handle$2(124)) - Created Pipeline RATIS THREE PipelineID=a57048c3-2bca-4495-b2d7-b173462f687e.
2024-05-24 07:48:53,676 [e689b99c-fc0b-4611-bf51-e78d9991fc84-groupManagement] INFO  storage.RaftStorageDirectory (RaftStorageDirectoryImpl.java:tryLock(228)) - Lock on /home/runner/work/ozone/ozone/hadoop-ozone/integration-test/target/test-dir/MiniOzoneClusterImpl-b501fab0-540e-4575-af6e-dde2336b059e/ozone-meta/datanode-6/ratis/bb2e7472-79c0-4ac8-bd55-83ecf5310756/in_use.lock acquired by nodename 29770@fv-az779-985
2024-05-24 07:48:53,678 [e689b99c-fc0b-4611-bf51-e78d9991fc84-groupManagement] INFO  storage.RaftStorage (RaftStorageImpl.java:format(99)) - Storage directory /home/runner/work/ozone/ozone/hadoop-ozone/integration-test/target/test-dir/MiniOzoneClusterImpl-b501fab0-540e-4575-af6e-dde2336b059e/ozone-meta/datanode-6/ratis/bb2e7472-79c0-4ac8-bd55-83ecf5310756 has been successfully formatted.
2024-05-24 07:48:53,678 [e689b99c-fc0b-4611-bf51-e78d9991fc84-groupManagement] WARN  util.FileUtils (LogUtils.java:supplyAndLog(63)) - Failed to Files.newInputStream /home/runner/work/ozone/ozone/hadoop-ozone/integration-test/target/test-dir/MiniOzoneClusterImpl-b501fab0-540e-4575-af6e-dde2336b059e/ozone-meta/datanode-6/ratis/bb2e7472-79c0-4ac8-bd55-83ecf5310756/current/raft-meta.conf with options []: java.nio.file.NoSuchFileException: /home/runner/work/ozone/ozone/hadoop-ozone/integration-test/target/test-dir/MiniOzoneClusterImpl-b501fab0-540e-4575-af6e-dde2336b059e/ozone-meta/datanode-6/ratis/bb2e7472-79c0-4ac8-bd55-83ecf5310756/current/raft-meta.conf
2024-05-24 07:48:53,679 [e689b99c-fc0b-4611-bf51-e78d9991fc84-groupManagement] INFO  ratis.ContainerStateMachine (ContainerStateMachine.java:loadSnapshot(287)) - group-83ECF5310756: The snapshot info is null. Setting the last applied index to:(t:0, i:~)
2024-05-24 07:48:53,680 [e689b99c-fc0b-4611-bf51-e78d9991fc84-groupManagement] INFO  server.RaftServerConfigKeys (ConfUtils.java:logGet(46)) - raft.server.log.use.memory = false (default)
2024-05-24 07:48:53,680 [e689b99c-fc0b-4611-bf51-e78d9991fc84-groupManagement] INFO  server.RaftServerConfigKeys (ConfUtils.java:logGet(46)) - raft.server.log.purge.gap = 1000000 (custom)
2024-05-24 07:48:53,680 [e689b99c-fc0b-4611-bf51-e78d9991fc84-groupManagement] INFO  server.RaftServerConfigKeys (ConfUtils.java:logGet(46)) - raft.server.log.appender.buffer.byte-limit = 8388608 (custom)
2024-05-24 07:48:53,680 [e689b99c-fc0b-4611-bf51-e78d9991fc84-groupManagement] INFO  server.RaftServerConfigKeys (ConfUtils.java:logGet(46)) - raft.server.log.statemachine.data.read.timeout = 1000ms (default)
2024-05-24 07:48:53,680 [e689b99c-fc0b-4611-bf51-e78d9991fc84-groupManagement] INFO  server.RaftServerConfigKeys (ConfUtils.java:logGet(46)) - raft.server.log.purge.preservation.log.num = 0 (default)
2024-05-24 07:48:53,681 [EventQueue-PipelineReportForPipelineReportHandler] INFO  pipeline.PipelineReportHandler (PipelineReportHandler.java:processPipelineReport(136)) - Opened pipeline PipelineID=bb2e7472-79c0-4ac8-bd55-83ecf5310756
2024-05-24 07:48:53,681 [EventQueue-OpenPipelineForHealthyPipelineSafeModeRule] INFO  safemode.SCMSafeModeManager (HealthyPipelineSafeModeRule.java:process(140)) - SCM in safe mode. Healthy pipelines reported count is 0, required healthy pipeline reported count is 1
2024-05-24 07:48:53,685 [e689b99c-fc0b-4611-bf51-e78d9991fc84-groupManagement] INFO  server.RaftServerConfigKeys (ConfUtils.java:logGet(46)) - raft.server.log.segment.size.max = 67108864 (custom)
2024-05-24 07:48:53,686 [e689b99c-fc0b-4611-bf51-e78d9991fc84-groupManagement] INFO  server.RaftServerConfigKeys (ConfUtils.java:logGet(46)) - raft.server.log.segment.cache.num.max = 2 (custom)
2024-05-24 07:48:53,686 [e689b99c-fc0b-4611-bf51-e78d9991fc84-groupManagement] INFO  server.RaftServerConfigKeys (ConfUtils.java:logGet(46)) - raft.server.log.segment.cache.size.max = 200MB (=209715200) (default)
2024-05-24 07:48:53,687 [e689b99c-fc0b-4611-bf51-e78d9991fc84-groupManagement] INFO  server.RaftServerConfigKeys (ConfUtils.java:logGet(46)) - raft.server.log.appender.buffer.byte-limit = 8388608 (custom)
2024-05-24 07:48:53,697 [713fd2b4-03fd-4bcc-8950-4119d378f2ca-groupManagement] INFO  server.RaftServerConfigKeys (ConfUtils.java:logGet(46)) - raft.server.storage.free-space.min = 0MB (=0) (default)
2024-05-24 07:48:53,701 [713fd2b4-03fd-4bcc-8950-4119d378f2ca-groupManagement] INFO  server.RaftServerConfigKeys (ConfUtils.java:logGet(46)) - raft.server.log.corruption.policy = EXCEPTION (default)
2024-05-24 07:48:53,701 [713fd2b4-03fd-4bcc-8950-4119d378f2ca-groupManagement] INFO  server.RaftServerConfigKeys (ConfUtils.java:logGet(46)) - raft.server.storage.dir = [/home/runner/work/ozone/ozone/hadoop-ozone/integration-test/target/test-dir/MiniOzoneClusterImpl-b501fab0-540e-4575-af6e-dde2336b059e/ozone-meta/datanode-5/ratis] (custom)
2024-05-24 07:48:53,702 [713fd2b4-03fd-4bcc-8950-4119d378f2ca-groupManagement] INFO  storage.RaftStorageDirectory (RaftStorageDirectoryImpl.java:analyzeStorage(138)) - The storage directory /home/runner/work/ozone/ozone/hadoop-ozone/integration-test/target/test-dir/MiniOzoneClusterImpl-b501fab0-540e-4575-af6e-dde2336b059e/ozone-meta/datanode-5/ratis/9cfd513b-6a01-4802-b4ad-42eb65381063 does not exist. Creating ...
2024-05-24 07:48:53,703 [e689b99c-fc0b-4611-bf51-e78d9991fc84-groupManagement] INFO  util.AwaitToRun (AwaitToRun.java:start(81)) - Thread[e689b99c-fc0b-4611-bf51-e78d9991fc84@group-83ECF5310756-cacheEviction-AwaitToRun,5,main] started
2024-05-24 07:48:53,703 [e689b99c-fc0b-4611-bf51-e78d9991fc84-groupManagement] INFO  segmented.SegmentedRaftLogWorker (SegmentedRaftLogWorker.java:<init>(182)) - new e689b99c-fc0b-4611-bf51-e78d9991fc84@group-83ECF5310756-SegmentedRaftLogWorker for RaftStorageImpl:Storage Directory /home/runner/work/ozone/ozone/hadoop-ozone/integration-test/target/test-dir/MiniOzoneClusterImpl-b501fab0-540e-4575-af6e-dde2336b059e/ozone-meta/datanode-6/ratis/bb2e7472-79c0-4ac8-bd55-83ecf5310756
2024-05-24 07:48:53,703 [e689b99c-fc0b-4611-bf51-e78d9991fc84-groupManagement] INFO  server.RaftServerConfigKeys (ConfUtils.java:logGet(46)) - raft.server.log.queue.byte-limit = 4294967296 (custom)
2024-05-24 07:48:53,703 [e689b99c-fc0b-4611-bf51-e78d9991fc84-groupManagement] INFO  server.RaftServerConfigKeys (ConfUtils.java:logGet(46)) - raft.server.log.queue.element-limit = 1024 (custom)
2024-05-24 07:48:53,703 [e689b99c-fc0b-4611-bf51-e78d9991fc84-groupManagement] INFO  server.RaftServerConfigKeys (ConfUtils.java:logGet(46)) - raft.server.log.segment.size.max = 67108864 (custom)
2024-05-24 07:48:53,703 [e689b99c-fc0b-4611-bf51-e78d9991fc84-groupManagement] INFO  server.RaftServerConfigKeys (ConfUtils.java:logGet(46)) - raft.server.log.preallocated.size = 4194304 (custom)
2024-05-24 07:48:53,704 [e689b99c-fc0b-4611-bf51-e78d9991fc84-groupManagement] INFO  server.RaftServerConfigKeys (ConfUtils.java:logGet(46)) - raft.server.log.force.sync.num = 128 (default)
2024-05-24 07:48:53,704 [e689b99c-fc0b-4611-bf51-e78d9991fc84-groupManagement] INFO  server.RaftServerConfigKeys (ConfUtils.java:logGet(46)) - raft.server.log.statemachine.data.sync = true (default)
2024-05-24 07:48:53,704 [e689b99c-fc0b-4611-bf51-e78d9991fc84-groupManagement] INFO  server.RaftServerConfigKeys (ConfUtils.java:logGet(46)) - raft.server.log.statemachine.data.sync.timeout = 10s (default)
2024-05-24 07:48:53,704 [e689b99c-fc0b-4611-bf51-e78d9991fc84-groupManagement] INFO  server.RaftServerConfigKeys (ConfUtils.java:logGet(46)) - raft.server.log.statemachine.data.sync.timeout.retry = 30 (custom)
2024-05-24 07:48:53,704 [e689b99c-fc0b-4611-bf51-e78d9991fc84-groupManagement] INFO  server.RaftServerConfigKeys (ConfUtils.java:logGet(46)) - raft.server.log.write.buffer.size = 8388616 (custom)
2024-05-24 07:48:53,705 [713fd2b4-03fd-4bcc-8950-4119d378f2ca-groupManagement] INFO  storage.RaftStorageDirectory (RaftStorageDirectoryImpl.java:tryLock(228)) - Lock on /home/runner/work/ozone/ozone/hadoop-ozone/integration-test/target/test-dir/MiniOzoneClusterImpl-b501fab0-540e-4575-af6e-dde2336b059e/ozone-meta/datanode-5/ratis/9cfd513b-6a01-4802-b4ad-42eb65381063/in_use.lock acquired by nodename 29770@fv-az779-985
2024-05-24 07:48:53,708 [713fd2b4-03fd-4bcc-8950-4119d378f2ca-groupManagement] INFO  storage.RaftStorage (RaftStorageImpl.java:format(99)) - Storage directory /home/runner/work/ozone/ozone/hadoop-ozone/integration-test/target/test-dir/MiniOzoneClusterImpl-b501fab0-540e-4575-af6e-dde2336b059e/ozone-meta/datanode-5/ratis/9cfd513b-6a01-4802-b4ad-42eb65381063 has been successfully formatted.
2024-05-24 07:48:53,708 [713fd2b4-03fd-4bcc-8950-4119d378f2ca-groupManagement] WARN  util.FileUtils (LogUtils.java:supplyAndLog(63)) - Failed to Files.newInputStream /home/runner/work/ozone/ozone/hadoop-ozone/integration-test/target/test-dir/MiniOzoneClusterImpl-b501fab0-540e-4575-af6e-dde2336b059e/ozone-meta/datanode-5/ratis/9cfd513b-6a01-4802-b4ad-42eb65381063/current/raft-meta.conf with options []: java.nio.file.NoSuchFileException: /home/runner/work/ozone/ozone/hadoop-ozone/integration-test/target/test-dir/MiniOzoneClusterImpl-b501fab0-540e-4575-af6e-dde2336b059e/ozone-meta/datanode-5/ratis/9cfd513b-6a01-4802-b4ad-42eb65381063/current/raft-meta.conf
2024-05-24 07:48:53,709 [713fd2b4-03fd-4bcc-8950-4119d378f2ca-groupManagement] INFO  ratis.ContainerStateMachine (ContainerStateMachine.java:loadSnapshot(287)) - group-42EB65381063: The snapshot info is null. Setting the last applied index to:(t:0, i:~)
2024-05-24 07:48:53,709 [713fd2b4-03fd-4bcc-8950-4119d378f2ca-groupManagement] INFO  server.RaftServerConfigKeys (ConfUtils.java:logGet(46)) - raft.server.log.use.memory = false (default)
2024-05-24 07:48:53,709 [713fd2b4-03fd-4bcc-8950-4119d378f2ca-groupManagement] INFO  server.RaftServerConfigKeys (ConfUtils.java:logGet(46)) - raft.server.log.purge.gap = 1000000 (custom)
2024-05-24 07:48:53,709 [713fd2b4-03fd-4bcc-8950-4119d378f2ca-groupManagement] INFO  server.RaftServerConfigKeys (ConfUtils.java:logGet(46)) - raft.server.log.appender.buffer.byte-limit = 8388608 (custom)
2024-05-24 07:48:53,709 [713fd2b4-03fd-4bcc-8950-4119d378f2ca-groupManagement] INFO  server.RaftServerConfigKeys (ConfUtils.java:logGet(46)) - raft.server.log.statemachine.data.read.timeout = 1000ms (default)
2024-05-24 07:48:53,709 [713fd2b4-03fd-4bcc-8950-4119d378f2ca-groupManagement] INFO  server.RaftServerConfigKeys (ConfUtils.java:logGet(46)) - raft.server.log.purge.preservation.log.num = 0 (default)
2024-05-24 07:48:53,710 [e689b99c-fc0b-4611-bf51-e78d9991fc84-groupManagement] INFO  server.RaftServerConfigKeys (ConfUtils.java:logGet(46)) - raft.server.log.appender.buffer.byte-limit = 8388608 (custom)
2024-05-24 07:48:53,711 [e689b99c-fc0b-4611-bf51-e78d9991fc84-groupManagement] INFO  server.RaftServerConfigKeys (ConfUtils.java:logGet(46)) - raft.server.log.unsafe-flush.enabled = false (default)
2024-05-24 07:48:53,711 [e689b99c-fc0b-4611-bf51-e78d9991fc84-groupManagement] INFO  server.RaftServerConfigKeys (ConfUtils.java:logGet(46)) - raft.server.log.async-flush.enabled = false (default)
2024-05-24 07:48:53,711 [e689b99c-fc0b-4611-bf51-e78d9991fc84-groupManagement] INFO  server.RaftServerConfigKeys (ConfUtils.java:logGet(46)) - raft.server.log.statemachine.data.caching.enabled = true (custom)
2024-05-24 07:48:53,712 [e689b99c-fc0b-4611-bf51-e78d9991fc84-groupManagement] INFO  segmented.SegmentedRaftLogWorker (SegmentedRaftLogWorker.java:lambda$new$0(134)) - e689b99c-fc0b-4611-bf51-e78d9991fc84@group-83ECF5310756-SegmentedRaftLogWorker: flushIndex: setUnconditionally 0 -> -1
2024-05-24 07:48:53,712 [e689b99c-fc0b-4611-bf51-e78d9991fc84-groupManagement] INFO  segmented.SegmentedRaftLogWorker (SegmentedRaftLogWorker.java:lambda$new$0(134)) - e689b99c-fc0b-4611-bf51-e78d9991fc84@group-83ECF5310756-SegmentedRaftLogWorker: safeCacheEvictIndex: setUnconditionally 0 -> -1
2024-05-24 07:48:53,713 [EventQueue-OpenPipelineForHealthyPipelineSafeModeRule] INFO  safemode.SCMSafeModeManager (HealthyPipelineSafeModeRule.java:process(140)) - SCM in safe mode. Healthy pipelines reported count is 0, required healthy pipeline reported count is 1
2024-05-24 07:48:53,715 [713fd2b4-03fd-4bcc-8950-4119d378f2ca-groupManagement] INFO  server.RaftServerConfigKeys (ConfUtils.java:logGet(46)) - raft.server.log.segment.size.max = 67108864 (custom)
2024-05-24 07:48:53,715 [713fd2b4-03fd-4bcc-8950-4119d378f2ca-groupManagement] INFO  server.RaftServerConfigKeys (ConfUtils.java:logGet(46)) - raft.server.log.segment.cache.num.max = 2 (custom)
2024-05-24 07:48:53,715 [713fd2b4-03fd-4bcc-8950-4119d378f2ca-groupManagement] INFO  server.RaftServerConfigKeys (ConfUtils.java:logGet(46)) - raft.server.log.segment.cache.size.max = 200MB (=209715200) (default)
2024-05-24 07:48:53,716 [713fd2b4-03fd-4bcc-8950-4119d378f2ca-groupManagement] INFO  server.RaftServerConfigKeys (ConfUtils.java:logGet(46)) - raft.server.log.appender.buffer.byte-limit = 8388608 (custom)
2024-05-24 07:48:53,716 [26f71362-a48a-41de-9ada-52ca0d6b3643-PipelineCommandHandlerThread-0] INFO  server.RaftServer (RaftServerProxy.java:addNew(100)) - 26f71362-a48a-41de-9ada-52ca0d6b3643: addNew group-22B4A15544E8:[26f71362-a48a-41de-9ada-52ca0d6b3643|127.0.0.1:15068] returns group-22B4A15544E8:java.util.concurrent.CompletableFuture@72289221[Not completed]
2024-05-24 07:48:53,717 [26f71362-a48a-41de-9ada-52ca0d6b3643-groupManagement] INFO  server.RaftServer$Division (RaftServerImpl.java:<init>(256)) - 26f71362-a48a-41de-9ada-52ca0d6b3643: new RaftServerImpl for group-22B4A15544E8:[26f71362-a48a-41de-9ada-52ca0d6b3643|127.0.0.1:15068] with ContainerStateMachine:uninitialized
2024-05-24 07:48:53,718 [26f71362-a48a-41de-9ada-52ca0d6b3643-groupManagement] INFO  server.RaftServerConfigKeys (ConfUtils.java:logGet(46)) - raft.server.rpc.timeout.min = 5s (custom)
2024-05-24 07:48:53,718 [26f71362-a48a-41de-9ada-52ca0d6b3643-groupManagement] INFO  server.RaftServerConfigKeys (ConfUtils.java:logGet(46)) - raft.server.rpc.timeout.max = 5200ms (custom)
2024-05-24 07:48:53,718 [26f71362-a48a-41de-9ada-52ca0d6b3643-groupManagement] INFO  server.RaftServerConfigKeys (ConfUtils.java:logGet(46)) - raft.server.rpc.sleep.time = 25ms (default)
2024-05-24 07:48:53,718 [26f71362-a48a-41de-9ada-52ca0d6b3643-groupManagement] INFO  server.RaftServerConfigKeys (ConfUtils.java:logGet(46)) - raft.server.rpc.slowness.timeout = 300s (custom)
2024-05-24 07:48:53,718 [26f71362-a48a-41de-9ada-52ca0d6b3643-groupManagement] INFO  server.RaftServerConfigKeys (ConfUtils.java:logGet(46)) - raft.server.leaderelection.leader.step-down.wait-time = 10s (default)
2024-05-24 07:48:53,718 [26f71362-a48a-41de-9ada-52ca0d6b3643-groupManagement] INFO  server.RaftServerConfigKeys (ConfUtils.java:logGet(46)) - raft.server.leaderelection.member.majority-add = false (default)
2024-05-24 07:48:53,718 [26f71362-a48a-41de-9ada-52ca0d6b3643-groupManagement] INFO  server.RaftServerConfigKeys (ConfUtils.java:logGet(46)) - raft.server.sleep.deviation.threshold = 300ms (default)
2024-05-24 07:48:53,718 [26f71362-a48a-41de-9ada-52ca0d6b3643-groupManagement] INFO  server.RaftServer$Division (ServerState.java:<init>(113)) - 26f71362-a48a-41de-9ada-52ca0d6b3643@group-22B4A15544E8: ConfigurationManager, init=-1: peers:[26f71362-a48a-41de-9ada-52ca0d6b3643|127.0.0.1:15068]|listeners:[], old=null, confs=<EMPTY_MAP>
2024-05-24 07:48:53,718 [26f71362-a48a-41de-9ada-52ca0d6b3643-groupManagement] INFO  server.RaftServerConfigKeys (ConfUtils.java:logGet(46)) - raft.server.notification.no-leader.timeout = 300s (custom)
2024-05-24 07:48:53,718 [26f71362-a48a-41de-9ada-52ca0d6b3643-groupManagement] INFO  server.RaftServerConfigKeys (ConfUtils.java:logGet(46)) - raft.server.read.timeout = 10s (default)
2024-05-24 07:48:53,718 [26f71362-a48a-41de-9ada-52ca0d6b3643-groupManagement] INFO  server.RaftServerConfigKeys (ConfUtils.java:logGet(46)) - raft.server.retrycache.expirytime = 600000ms (custom)
2024-05-24 07:48:53,718 [26f71362-a48a-41de-9ada-52ca0d6b3643-groupManagement] INFO  server.RaftServerConfigKeys (ConfUtils.java:logGet(46)) - raft.server.retrycache.statistics.expirytime = 100ms (default)
2024-05-24 07:48:53,718 [26f71362-a48a-41de-9ada-52ca0d6b3643-groupManagement] INFO  server.RaftServerConfigKeys (ConfUtils.java:logGet(46)) - raft.server.read.option = DEFAULT (default)
2024-05-24 07:48:53,718 [26f71362-a48a-41de-9ada-52ca0d6b3643-groupManagement] INFO  server.RaftServerConfigKeys (ConfUtils.java:logGet(46)) - raft.server.read.read-after-write-consistent.write-index-cache.expiry-time = 60s (default)
2024-05-24 07:48:53,722 [26f71362-a48a-41de-9ada-52ca0d6b3643-groupManagement] INFO  server.RaftServerConfigKeys (ConfUtils.java:logGet(46)) - raft.server.rpc.request.timeout = 60s (custom)
2024-05-24 07:48:53,722 [26f71362-a48a-41de-9ada-52ca0d6b3643-groupManagement] INFO  server.RaftServerConfigKeys (ConfUtils.java:logGet(46)) - raft.server.log.appender.install.snapshot.enabled = false (custom)
2024-05-24 07:48:53,722 [26f71362-a48a-41de-9ada-52ca0d6b3643-groupManagement] INFO  server.RaftServerConfigKeys (ConfUtils.java:logGet(46)) - raft.server.threadpool.server.cached = true (default)
2024-05-24 07:48:53,722 [26f71362-a48a-41de-9ada-52ca0d6b3643-groupManagement] INFO  server.RaftServerConfigKeys (ConfUtils.java:logGet(46)) - raft.server.threadpool.server.size = 0 (default)
2024-05-24 07:48:53,722 [26f71362-a48a-41de-9ada-52ca0d6b3643-groupManagement] INFO  server.RaftServerConfigKeys (ConfUtils.java:logGet(46)) - raft.server.threadpool.client.cached = true (default)
2024-05-24 07:48:53,722 [26f71362-a48a-41de-9ada-52ca0d6b3643-groupManagement] INFO  server.RaftServerConfigKeys (ConfUtils.java:logGet(46)) - raft.server.threadpool.client.size = 0 (default)
2024-05-24 07:48:53,722 [26f71362-a48a-41de-9ada-52ca0d6b3643-groupManagement] INFO  server.RaftServerConfigKeys (ConfUtils.java:logGet(46)) - raft.server.storage.free-space.min = 0MB (=0) (default)
2024-05-24 07:48:53,722 [26f71362-a48a-41de-9ada-52ca0d6b3643-groupManagement] INFO  server.RaftServerConfigKeys (ConfUtils.java:logGet(46)) - raft.server.log.corruption.policy = EXCEPTION (default)
2024-05-24 07:48:53,722 [26f71362-a48a-41de-9ada-52ca0d6b3643-groupManagement] INFO  server.RaftServerConfigKeys (ConfUtils.java:logGet(46)) - raft.server.storage.dir = [/home/runner/work/ozone/ozone/hadoop-ozone/integration-test/target/test-dir/MiniOzoneClusterImpl-b501fab0-540e-4575-af6e-dde2336b059e/ozone-meta/datanode-7/ratis] (custom)
2024-05-24 07:48:53,723 [26f71362-a48a-41de-9ada-52ca0d6b3643-groupManagement] INFO  storage.RaftStorageDirectory (RaftStorageDirectoryImpl.java:analyzeStorage(138)) - The storage directory /home/runner/work/ozone/ozone/hadoop-ozone/integration-test/target/test-dir/MiniOzoneClusterImpl-b501fab0-540e-4575-af6e-dde2336b059e/ozone-meta/datanode-7/ratis/206a06aa-c7c2-4e12-be68-22b4a15544e8 does not exist. Creating ...
2024-05-24 07:48:53,724 [26f71362-a48a-41de-9ada-52ca0d6b3643-groupManagement] INFO  storage.RaftStorageDirectory (RaftStorageDirectoryImpl.java:tryLock(228)) - Lock on /home/runner/work/ozone/ozone/hadoop-ozone/integration-test/target/test-dir/MiniOzoneClusterImpl-b501fab0-540e-4575-af6e-dde2336b059e/ozone-meta/datanode-7/ratis/206a06aa-c7c2-4e12-be68-22b4a15544e8/in_use.lock acquired by nodename 29770@fv-az779-985
2024-05-24 07:48:53,725 [713fd2b4-03fd-4bcc-8950-4119d378f2ca-groupManagement] INFO  util.AwaitToRun (AwaitToRun.java:start(81)) - Thread[713fd2b4-03fd-4bcc-8950-4119d378f2ca@group-42EB65381063-cacheEviction-AwaitToRun,5,main] started
2024-05-24 07:48:53,725 [713fd2b4-03fd-4bcc-8950-4119d378f2ca-groupManagement] INFO  segmented.SegmentedRaftLogWorker (SegmentedRaftLogWorker.java:<init>(182)) - new 713fd2b4-03fd-4bcc-8950-4119d378f2ca@group-42EB65381063-SegmentedRaftLogWorker for RaftStorageImpl:Storage Directory /home/runner/work/ozone/ozone/hadoop-ozone/integration-test/target/test-dir/MiniOzoneClusterImpl-b501fab0-540e-4575-af6e-dde2336b059e/ozone-meta/datanode-5/ratis/9cfd513b-6a01-4802-b4ad-42eb65381063
2024-05-24 07:48:53,725 [713fd2b4-03fd-4bcc-8950-4119d378f2ca-groupManagement] INFO  server.RaftServerConfigKeys (ConfUtils.java:logGet(46)) - raft.server.log.queue.byte-limit = 4294967296 (custom)
2024-05-24 07:48:53,725 [713fd2b4-03fd-4bcc-8950-4119d378f2ca-groupManagement] INFO  server.RaftServerConfigKeys (ConfUtils.java:logGet(46)) - raft.server.log.queue.element-limit = 1024 (custom)
2024-05-24 07:48:53,725 [713fd2b4-03fd-4bcc-8950-4119d378f2ca-groupManagement] INFO  server.RaftServerConfigKeys (ConfUtils.java:logGet(46)) - raft.server.log.segment.size.max = 67108864 (custom)
2024-05-24 07:48:53,725 [713fd2b4-03fd-4bcc-8950-4119d378f2ca-groupManagement] INFO  server.RaftServerConfigKeys (ConfUtils.java:logGet(46)) - raft.server.log.preallocated.size = 4194304 (custom)
2024-05-24 07:48:53,726 [713fd2b4-03fd-4bcc-8950-4119d378f2ca-groupManagement] INFO  server.RaftServerConfigKeys (ConfUtils.java:logGet(46)) - raft.server.log.force.sync.num = 128 (default)
2024-05-24 07:48:53,726 [713fd2b4-03fd-4bcc-8950-4119d378f2ca-groupManagement] INFO  server.RaftServerConfigKeys (ConfUtils.java:logGet(46)) - raft.server.log.statemachine.data.sync = true (default)
2024-05-24 07:48:53,726 [713fd2b4-03fd-4bcc-8950-4119d378f2ca-groupManagement] INFO  server.RaftServerConfigKeys (ConfUtils.java:logGet(46)) - raft.server.log.statemachine.data.sync.timeout = 10s (default)
2024-05-24 07:48:53,726 [713fd2b4-03fd-4bcc-8950-4119d378f2ca-groupManagement] INFO  server.RaftServerConfigKeys (ConfUtils.java:logGet(46)) - raft.server.log.statemachine.data.sync.timeout.retry = 30 (custom)
2024-05-24 07:48:53,726 [713fd2b4-03fd-4bcc-8950-4119d378f2ca-groupManagement] INFO  server.RaftServerConfigKeys (ConfUtils.java:logGet(46)) - raft.server.log.write.buffer.size = 8388616 (custom)
2024-05-24 07:48:53,728 [713fd2b4-03fd-4bcc-8950-4119d378f2ca-groupManagement] INFO  server.RaftServerConfigKeys (ConfUtils.java:logGet(46)) - raft.server.log.appender.buffer.byte-limit = 8388608 (custom)
2024-05-24 07:48:53,729 [713fd2b4-03fd-4bcc-8950-4119d378f2ca-groupManagement] INFO  server.RaftServerConfigKeys (ConfUtils.java:logGet(46)) - raft.server.log.unsafe-flush.enabled = false (default)
2024-05-24 07:48:53,729 [713fd2b4-03fd-4bcc-8950-4119d378f2ca-groupManagement] INFO  server.RaftServerConfigKeys (ConfUtils.java:logGet(46)) - raft.server.log.async-flush.enabled = false (default)
2024-05-24 07:48:53,729 [713fd2b4-03fd-4bcc-8950-4119d378f2ca-groupManagement] INFO  server.RaftServerConfigKeys (ConfUtils.java:logGet(46)) - raft.server.log.statemachine.data.caching.enabled = true (custom)
2024-05-24 07:48:53,729 [713fd2b4-03fd-4bcc-8950-4119d378f2ca-groupManagement] INFO  segmented.SegmentedRaftLogWorker (SegmentedRaftLogWorker.java:lambda$new$0(134)) - 713fd2b4-03fd-4bcc-8950-4119d378f2ca@group-42EB65381063-SegmentedRaftLogWorker: flushIndex: setUnconditionally 0 -> -1
2024-05-24 07:48:53,729 [713fd2b4-03fd-4bcc-8950-4119d378f2ca-groupManagement] INFO  segmented.SegmentedRaftLogWorker (SegmentedRaftLogWorker.java:lambda$new$0(134)) - 713fd2b4-03fd-4bcc-8950-4119d378f2ca@group-42EB65381063-SegmentedRaftLogWorker: safeCacheEvictIndex: setUnconditionally 0 -> -1
2024-05-24 07:48:53,729 [0f6129c7-dda1-4d42-8d75-6a3ef1e9116c-PipelineCommandHandlerThread-0] INFO  commandhandler.CreatePipelineCommandHandler (CreatePipelineCommandHandler.java:lambda$handle$2(124)) - Created Pipeline RATIS THREE PipelineID=a57048c3-2bca-4495-b2d7-b173462f687e.
2024-05-24 07:48:53,729 [e689b99c-fc0b-4611-bf51-e78d9991fc84-groupManagement] INFO  server.RaftServer$Division (RaftServerImpl.java:start(396)) - e689b99c-fc0b-4611-bf51-e78d9991fc84@group-83ECF5310756: start as a follower, conf=-1: peers:[e689b99c-fc0b-4611-bf51-e78d9991fc84|127.0.0.1:15059]|listeners:[], old=null
2024-05-24 07:48:53,729 [e689b99c-fc0b-4611-bf51-e78d9991fc84-groupManagement] INFO  server.RaftServer$Division (RaftServerImpl.java:setRole(383)) - e689b99c-fc0b-4611-bf51-e78d9991fc84@group-83ECF5310756: changes role from      null to FOLLOWER at term 0 for startAsFollower
2024-05-24 07:48:53,729 [e689b99c-fc0b-4611-bf51-e78d9991fc84-groupManagement] INFO  impl.RoleInfo (RoleInfo.java:updateAndGet(139)) - e689b99c-fc0b-4611-bf51-e78d9991fc84: start e689b99c-fc0b-4611-bf51-e78d9991fc84@group-83ECF5310756-FollowerState
2024-05-24 07:48:53,730 [e689b99c-fc0b-4611-bf51-e78d9991fc84-groupManagement] INFO  util.JmxRegister (JmxRegister.java:tryRegister(44)) - Successfully registered JMX Bean with object name Ratis:service=RaftServer,group=group-83ECF5310756,id=e689b99c-fc0b-4611-bf51-e78d9991fc84
2024-05-24 07:48:53,730 [e689b99c-fc0b-4611-bf51-e78d9991fc84-groupManagement] INFO  server.RaftServerConfigKeys (ConfUtils.java:logGet(46)) - raft.server.snapshot.trigger-when-stop.enabled = true (default)
2024-05-24 07:48:53,730 [e689b99c-fc0b-4611-bf51-e78d9991fc84-groupManagement] INFO  server.RaftServerConfigKeys (ConfUtils.java:logGet(46)) - raft.server.snapshot.auto.trigger.enabled = true (custom)
2024-05-24 07:48:53,730 [e689b99c-fc0b-4611-bf51-e78d9991fc84-groupManagement] INFO  server.RaftServerConfigKeys (ConfUtils.java:logGet(46)) - raft.server.snapshot.auto.trigger.threshold = 10000 (custom)
2024-05-24 07:48:53,730 [e689b99c-fc0b-4611-bf51-e78d9991fc84-groupManagement] INFO  server.RaftServerConfigKeys (ConfUtils.java:logGet(46)) - raft.server.snapshot.retention.file.num = 5 (custom)
2024-05-24 07:48:53,730 [e689b99c-fc0b-4611-bf51-e78d9991fc84-groupManagement] INFO  server.RaftServerConfigKeys (ConfUtils.java:logGet(46)) - raft.server.log.purge.upto.snapshot.index = false (default)
2024-05-24 07:48:53,730 [26f71362-a48a-41de-9ada-52ca0d6b3643-groupManagement] INFO  storage.RaftStorage (RaftStorageImpl.java:format(99)) - Storage directory /home/runner/work/ozone/ozone/hadoop-ozone/integration-test/target/test-dir/MiniOzoneClusterImpl-b501fab0-540e-4575-af6e-dde2336b059e/ozone-meta/datanode-7/ratis/206a06aa-c7c2-4e12-be68-22b4a15544e8 has been successfully formatted.
2024-05-24 07:48:53,730 [26f71362-a48a-41de-9ada-52ca0d6b3643-groupManagement] WARN  util.FileUtils (LogUtils.java:supplyAndLog(63)) - Failed to Files.newInputStream /home/runner/work/ozone/ozone/hadoop-ozone/integration-test/target/test-dir/MiniOzoneClusterImpl-b501fab0-540e-4575-af6e-dde2336b059e/ozone-meta/datanode-7/ratis/206a06aa-c7c2-4e12-be68-22b4a15544e8/current/raft-meta.conf with options []: java.nio.file.NoSuchFileException: /home/runner/work/ozone/ozone/hadoop-ozone/integration-test/target/test-dir/MiniOzoneClusterImpl-b501fab0-540e-4575-af6e-dde2336b059e/ozone-meta/datanode-7/ratis/206a06aa-c7c2-4e12-be68-22b4a15544e8/current/raft-meta.conf
2024-05-24 07:48:53,731 [26f71362-a48a-41de-9ada-52ca0d6b3643-groupManagement] INFO  ratis.ContainerStateMachine (ContainerStateMachine.java:loadSnapshot(287)) - group-22B4A15544E8: The snapshot info is null. Setting the last applied index to:(t:0, i:~)
2024-05-24 07:48:53,731 [26f71362-a48a-41de-9ada-52ca0d6b3643-groupManagement] INFO  server.RaftServerConfigKeys (ConfUtils.java:logGet(46)) - raft.server.log.use.memory = false (default)
2024-05-24 07:48:53,731 [26f71362-a48a-41de-9ada-52ca0d6b3643-groupManagement] INFO  server.RaftServerConfigKeys (ConfUtils.java:logGet(46)) - raft.server.log.purge.gap = 1000000 (custom)
2024-05-24 07:48:53,730 [e689b99c-fc0b-4611-bf51-e78d9991fc84@group-83ECF5310756-FollowerState] INFO  server.RaftServerConfigKeys (ConfUtils.java:logFallback(53)) - raft.server.rpc.first-election.timeout.min = 5s (fallback to raft.server.rpc.timeout.min)
2024-05-24 07:48:53,731 [26f71362-a48a-41de-9ada-52ca0d6b3643-groupManagement] INFO  server.RaftServerConfigKeys (ConfUtils.java:logGet(46)) - raft.server.log.appender.buffer.byte-limit = 8388608 (custom)
2024-05-24 07:48:53,731 [26f71362-a48a-41de-9ada-52ca0d6b3643-groupManagement] INFO  server.RaftServerConfigKeys (ConfUtils.java:logGet(46)) - raft.server.log.statemachine.data.read.timeout = 1000ms (default)
2024-05-24 07:48:53,731 [26f71362-a48a-41de-9ada-52ca0d6b3643-groupManagement] INFO  server.RaftServerConfigKeys (ConfUtils.java:logGet(46)) - raft.server.log.purge.preservation.log.num = 0 (default)
2024-05-24 07:48:53,733 [e689b99c-fc0b-4611-bf51-e78d9991fc84@group-83ECF5310756-FollowerState] INFO  server.RaftServerConfigKeys (ConfUtils.java:logFallback(53)) - raft.server.rpc.first-election.timeout.max = 5200ms (fallback to raft.server.rpc.timeout.max)
2024-05-24 07:48:53,733 [e689b99c-fc0b-4611-bf51-e78d9991fc84-PipelineCommandHandlerThread-0] INFO  ratis.XceiverServerRatis (XceiverServerRatis.java:addGroup(864)) - Created group PipelineID=bb2e7472-79c0-4ac8-bd55-83ecf5310756
2024-05-24 07:48:53,733 [e689b99c-fc0b-4611-bf51-e78d9991fc84-PipelineCommandHandlerThread-0] INFO  commandhandler.CreatePipelineCommandHandler (CreatePipelineCommandHandler.java:lambda$handle$2(124)) - Created Pipeline RATIS ONE PipelineID=bb2e7472-79c0-4ac8-bd55-83ecf5310756.
2024-05-24 07:48:53,734 [e689b99c-fc0b-4611-bf51-e78d9991fc84-PipelineCommandHandlerThread-0] INFO  server.RaftServer (RaftServerProxy.java:addNew(100)) - e689b99c-fc0b-4611-bf51-e78d9991fc84: addNew group-DF8DC201CEBC:[713fd2b4-03fd-4bcc-8950-4119d378f2ca|127.0.0.1:15050, db578ef5-4e1f-4da7-abbd-ff28012a31de|127.0.0.1:15041, e689b99c-fc0b-4611-bf51-e78d9991fc84|127.0.0.1:15059] returns group-DF8DC201CEBC:java.util.concurrent.CompletableFuture@6e2ee7af[Not completed]
2024-05-24 07:48:53,735 [EventQueue-PipelineReportForPipelineReportHandler] INFO  pipeline.PipelineReportHandler (PipelineReportHandler.java:processPipelineReport(136)) - Opened pipeline PipelineID=206a06aa-c7c2-4e12-be68-22b4a15544e8
2024-05-24 07:48:53,735 [EventQueue-OpenPipelineForHealthyPipelineSafeModeRule] INFO  safemode.SCMSafeModeManager (HealthyPipelineSafeModeRule.java:process(140)) - SCM in safe mode. Healthy pipelines reported count is 0, required healthy pipeline reported count is 1
2024-05-24 07:48:53,737 [e689b99c-fc0b-4611-bf51-e78d9991fc84-groupManagement] INFO  server.RaftServer$Division (RaftServerImpl.java:<init>(256)) - e689b99c-fc0b-4611-bf51-e78d9991fc84: new RaftServerImpl for group-DF8DC201CEBC:[713fd2b4-03fd-4bcc-8950-4119d378f2ca|127.0.0.1:15050, db578ef5-4e1f-4da7-abbd-ff28012a31de|127.0.0.1:15041, e689b99c-fc0b-4611-bf51-e78d9991fc84|127.0.0.1:15059] with ContainerStateMachine:uninitialized
2024-05-24 07:48:53,737 [e689b99c-fc0b-4611-bf51-e78d9991fc84-groupManagement] INFO  server.RaftServerConfigKeys (ConfUtils.java:logGet(46)) - raft.server.rpc.timeout.min = 5s (custom)
2024-05-24 07:48:53,737 [e689b99c-fc0b-4611-bf51-e78d9991fc84-groupManagement] INFO  server.RaftServerConfigKeys (ConfUtils.java:logGet(46)) - raft.server.rpc.timeout.max = 5200ms (custom)
2024-05-24 07:48:53,737 [e689b99c-fc0b-4611-bf51-e78d9991fc84-groupManagement] INFO  server.RaftServerConfigKeys (ConfUtils.java:logGet(46)) - raft.server.rpc.sleep.time = 25ms (default)
2024-05-24 07:48:53,737 [e689b99c-fc0b-4611-bf51-e78d9991fc84-groupManagement] INFO  server.RaftServerConfigKeys (ConfUtils.java:logGet(46)) - raft.server.rpc.slowness.timeout = 300s (custom)
2024-05-24 07:48:53,737 [e689b99c-fc0b-4611-bf51-e78d9991fc84-groupManagement] INFO  server.RaftServerConfigKeys (ConfUtils.java:logGet(46)) - raft.server.leaderelection.leader.step-down.wait-time = 10s (default)
2024-05-24 07:48:53,737 [e689b99c-fc0b-4611-bf51-e78d9991fc84-groupManagement] INFO  server.RaftServerConfigKeys (ConfUtils.java:logGet(46)) - raft.server.leaderelection.member.majority-add = false (default)
2024-05-24 07:48:53,737 [e689b99c-fc0b-4611-bf51-e78d9991fc84-groupManagement] INFO  server.RaftServerConfigKeys (ConfUtils.java:logGet(46)) - raft.server.sleep.deviation.threshold = 300ms (default)
2024-05-24 07:48:53,737 [713fd2b4-03fd-4bcc-8950-4119d378f2ca-groupManagement] INFO  server.RaftServer$Division (RaftServerImpl.java:start(396)) - 713fd2b4-03fd-4bcc-8950-4119d378f2ca@group-42EB65381063: start as a follower, conf=-1: peers:[713fd2b4-03fd-4bcc-8950-4119d378f2ca|127.0.0.1:15050]|listeners:[], old=null
2024-05-24 07:48:53,737 [713fd2b4-03fd-4bcc-8950-4119d378f2ca-groupManagement] INFO  server.RaftServer$Division (RaftServerImpl.java:setRole(383)) - 713fd2b4-03fd-4bcc-8950-4119d378f2ca@group-42EB65381063: changes role from      null to FOLLOWER at term 0 for startAsFollower
2024-05-24 07:48:53,738 [713fd2b4-03fd-4bcc-8950-4119d378f2ca-groupManagement] INFO  impl.RoleInfo (RoleInfo.java:updateAndGet(139)) - 713fd2b4-03fd-4bcc-8950-4119d378f2ca: start 713fd2b4-03fd-4bcc-8950-4119d378f2ca@group-42EB65381063-FollowerState
2024-05-24 07:48:53,738 [e689b99c-fc0b-4611-bf51-e78d9991fc84-groupManagement] INFO  server.RaftServer$Division (ServerState.java:<init>(113)) - e689b99c-fc0b-4611-bf51-e78d9991fc84@group-DF8DC201CEBC: ConfigurationManager, init=-1: peers:[713fd2b4-03fd-4bcc-8950-4119d378f2ca|127.0.0.1:15050, db578ef5-4e1f-4da7-abbd-ff28012a31de|127.0.0.1:15041, e689b99c-fc0b-4611-bf51-e78d9991fc84|127.0.0.1:15059]|listeners:[], old=null, confs=<EMPTY_MAP>
2024-05-24 07:48:53,738 [713fd2b4-03fd-4bcc-8950-4119d378f2ca@group-42EB65381063-FollowerState] INFO  server.RaftServerConfigKeys (ConfUtils.java:logFallback(53)) - raft.server.rpc.first-election.timeout.min = 5s (fallback to raft.server.rpc.timeout.min)
2024-05-24 07:48:53,738 [e689b99c-fc0b-4611-bf51-e78d9991fc84-groupManagement] INFO  server.RaftServerConfigKeys (ConfUtils.java:logGet(46)) - raft.server.notification.no-leader.timeout = 300s (custom)
2024-05-24 07:48:53,738 [e689b99c-fc0b-4611-bf51-e78d9991fc84-groupManagement] INFO  server.RaftServerConfigKeys (ConfUtils.java:logGet(46)) - raft.server.read.timeout = 10s (default)
2024-05-24 07:48:53,738 [e689b99c-fc0b-4611-bf51-e78d9991fc84-groupManagement] INFO  server.RaftServerConfigKeys (ConfUtils.java:logGet(46)) - raft.server.retrycache.expirytime = 600000ms (custom)
2024-05-24 07:48:53,738 [e689b99c-fc0b-4611-bf51-e78d9991fc84-groupManagement] INFO  server.RaftServerConfigKeys (ConfUtils.java:logGet(46)) - raft.server.retrycache.statistics.expirytime = 100ms (default)
2024-05-24 07:48:53,738 [e689b99c-fc0b-4611-bf51-e78d9991fc84-groupManagement] INFO  server.RaftServerConfigKeys (ConfUtils.java:logGet(46)) - raft.server.read.option = DEFAULT (default)
2024-05-24 07:48:53,738 [e689b99c-fc0b-4611-bf51-e78d9991fc84-groupManagement] INFO  server.RaftServerConfigKeys (ConfUtils.java:logGet(46)) - raft.server.read.read-after-write-consistent.write-index-cache.expiry-time = 60s (default)
2024-05-24 07:48:53,739 [713fd2b4-03fd-4bcc-8950-4119d378f2ca@group-42EB65381063-FollowerState] INFO  server.RaftServerConfigKeys (ConfUtils.java:logFallback(53)) - raft.server.rpc.first-election.timeout.max = 5200ms (fallback to raft.server.rpc.timeout.max)
2024-05-24 07:48:53,739 [713fd2b4-03fd-4bcc-8950-4119d378f2ca-groupManagement] INFO  util.JmxRegister (JmxRegister.java:tryRegister(44)) - Successfully registered JMX Bean with object name Ratis:service=RaftServer,group=group-42EB65381063,id=713fd2b4-03fd-4bcc-8950-4119d378f2ca
2024-05-24 07:48:53,739 [713fd2b4-03fd-4bcc-8950-4119d378f2ca-groupManagement] INFO  server.RaftServerConfigKeys (ConfUtils.java:logGet(46)) - raft.server.snapshot.trigger-when-stop.enabled = true (default)
2024-05-24 07:48:53,739 [713fd2b4-03fd-4bcc-8950-4119d378f2ca-groupManagement] INFO  server.RaftServerConfigKeys (ConfUtils.java:logGet(46)) - raft.server.snapshot.auto.trigger.enabled = true (custom)
2024-05-24 07:48:53,739 [713fd2b4-03fd-4bcc-8950-4119d378f2ca-groupManagement] INFO  server.RaftServerConfigKeys (ConfUtils.java:logGet(46)) - raft.server.snapshot.auto.trigger.threshold = 10000 (custom)
2024-05-24 07:48:53,739 [713fd2b4-03fd-4bcc-8950-4119d378f2ca-groupManagement] INFO  server.RaftServerConfigKeys (ConfUtils.java:logGet(46)) - raft.server.snapshot.retention.file.num = 5 (custom)
2024-05-24 07:48:53,739 [713fd2b4-03fd-4bcc-8950-4119d378f2ca-groupManagement] INFO  server.RaftServerConfigKeys (ConfUtils.java:logGet(46)) - raft.server.log.purge.upto.snapshot.index = false (default)
2024-05-24 07:48:53,745 [26f71362-a48a-41de-9ada-52ca0d6b3643-groupManagement] INFO  server.RaftServerConfigKeys (ConfUtils.java:logGet(46)) - raft.server.log.segment.size.max = 67108864 (custom)
2024-05-24 07:48:53,748 [713fd2b4-03fd-4bcc-8950-4119d378f2ca-PipelineCommandHandlerThread-0] INFO  ratis.XceiverServerRatis (XceiverServerRatis.java:addGroup(864)) - Created group PipelineID=9cfd513b-6a01-4802-b4ad-42eb65381063
2024-05-24 07:48:53,748 [713fd2b4-03fd-4bcc-8950-4119d378f2ca-PipelineCommandHandlerThread-0] INFO  commandhandler.CreatePipelineCommandHandler (CreatePipelineCommandHandler.java:lambda$handle$2(124)) - Created Pipeline RATIS ONE PipelineID=9cfd513b-6a01-4802-b4ad-42eb65381063.
2024-05-24 07:48:53,749 [713fd2b4-03fd-4bcc-8950-4119d378f2ca-PipelineCommandHandlerThread-0] INFO  server.RaftServer (RaftServerProxy.java:addNew(100)) - 713fd2b4-03fd-4bcc-8950-4119d378f2ca: addNew group-332C9E309CA1:[713fd2b4-03fd-4bcc-8950-4119d378f2ca|127.0.0.1:15050, db578ef5-4e1f-4da7-abbd-ff28012a31de|127.0.0.1:15041, e689b99c-fc0b-4611-bf51-e78d9991fc84|127.0.0.1:15059] returns group-332C9E309CA1:java.util.concurrent.CompletableFuture@35d0c1a7[Not completed]
2024-05-24 07:48:53,750 [db578ef5-4e1f-4da7-abbd-ff28012a31de-PipelineCommandHandlerThread-0] INFO  commandhandler.CreatePipelineCommandHandler (CreatePipelineCommandHandler.java:lambda$handle$2(124)) - Created Pipeline RATIS THREE PipelineID=6091da91-ea71-4480-9c60-df8dc201cebc.
2024-05-24 07:48:53,750 [db578ef5-4e1f-4da7-abbd-ff28012a31de-PipelineCommandHandlerThread-0] INFO  server.RaftServer (RaftServerProxy.java:addNew(100)) - db578ef5-4e1f-4da7-abbd-ff28012a31de: addNew group-332C9E309CA1:[713fd2b4-03fd-4bcc-8950-4119d378f2ca|127.0.0.1:15050, db578ef5-4e1f-4da7-abbd-ff28012a31de|127.0.0.1:15041, e689b99c-fc0b-4611-bf51-e78d9991fc84|127.0.0.1:15059] returns group-332C9E309CA1:java.util.concurrent.CompletableFuture@4f326327[Not completed]
2024-05-24 07:48:53,751 [713fd2b4-03fd-4bcc-8950-4119d378f2ca-groupManagement] INFO  server.RaftServer$Division (RaftServerImpl.java:<init>(256)) - 713fd2b4-03fd-4bcc-8950-4119d378f2ca: new RaftServerImpl for group-332C9E309CA1:[713fd2b4-03fd-4bcc-8950-4119d378f2ca|127.0.0.1:15050, db578ef5-4e1f-4da7-abbd-ff28012a31de|127.0.0.1:15041, e689b99c-fc0b-4611-bf51-e78d9991fc84|127.0.0.1:15059] with ContainerStateMachine:uninitialized
2024-05-24 07:48:53,751 [713fd2b4-03fd-4bcc-8950-4119d378f2ca-groupManagement] INFO  server.RaftServerConfigKeys (ConfUtils.java:logGet(46)) - raft.server.rpc.timeout.min = 5s (custom)
2024-05-24 07:48:53,751 [713fd2b4-03fd-4bcc-8950-4119d378f2ca-groupManagement] INFO  server.RaftServerConfigKeys (ConfUtils.java:logGet(46)) - raft.server.rpc.timeout.max = 5200ms (custom)
2024-05-24 07:48:53,751 [713fd2b4-03fd-4bcc-8950-4119d378f2ca-groupManagement] INFO  server.RaftServerConfigKeys (ConfUtils.java:logGet(46)) - raft.server.rpc.sleep.time = 25ms (default)
2024-05-24 07:48:53,751 [713fd2b4-03fd-4bcc-8950-4119d378f2ca-groupManagement] INFO  server.RaftServerConfigKeys (ConfUtils.java:logGet(46)) - raft.server.rpc.slowness.timeout = 300s (custom)
2024-05-24 07:48:53,751 [713fd2b4-03fd-4bcc-8950-4119d378f2ca-groupManagement] INFO  server.RaftServerConfigKeys (ConfUtils.java:logGet(46)) - raft.server.leaderelection.leader.step-down.wait-time = 10s (default)
2024-05-24 07:48:53,751 [713fd2b4-03fd-4bcc-8950-4119d378f2ca-groupManagement] INFO  server.RaftServerConfigKeys (ConfUtils.java:logGet(46)) - raft.server.leaderelection.member.majority-add = false (default)
2024-05-24 07:48:53,751 [713fd2b4-03fd-4bcc-8950-4119d378f2ca-groupManagement] INFO  server.RaftServerConfigKeys (ConfUtils.java:logGet(46)) - raft.server.sleep.deviation.threshold = 300ms (default)
2024-05-24 07:48:53,752 [713fd2b4-03fd-4bcc-8950-4119d378f2ca-groupManagement] INFO  server.RaftServer$Division (ServerState.java:<init>(113)) - 713fd2b4-03fd-4bcc-8950-4119d378f2ca@group-332C9E309CA1: ConfigurationManager, init=-1: peers:[713fd2b4-03fd-4bcc-8950-4119d378f2ca|127.0.0.1:15050, db578ef5-4e1f-4da7-abbd-ff28012a31de|127.0.0.1:15041, e689b99c-fc0b-4611-bf51-e78d9991fc84|127.0.0.1:15059]|listeners:[], old=null, confs=<EMPTY_MAP>
2024-05-24 07:48:53,752 [713fd2b4-03fd-4bcc-8950-4119d378f2ca-groupManagement] INFO  server.RaftServerConfigKeys (ConfUtils.java:logGet(46)) - raft.server.notification.no-leader.timeout = 300s (custom)
2024-05-24 07:48:53,752 [713fd2b4-03fd-4bcc-8950-4119d378f2ca-groupManagement] INFO  server.RaftServerConfigKeys (ConfUtils.java:logGet(46)) - raft.server.read.timeout = 10s (default)
2024-05-24 07:48:53,752 [713fd2b4-03fd-4bcc-8950-4119d378f2ca-groupManagement] INFO  server.RaftServerConfigKeys (ConfUtils.java:logGet(46)) - raft.server.retrycache.expirytime = 600000ms (custom)
2024-05-24 07:48:53,752 [713fd2b4-03fd-4bcc-8950-4119d378f2ca-groupManagement] INFO  server.RaftServerConfigKeys (ConfUtils.java:logGet(46)) - raft.server.retrycache.statistics.expirytime = 100ms (default)
2024-05-24 07:48:53,752 [713fd2b4-03fd-4bcc-8950-4119d378f2ca-groupManagement] INFO  server.RaftServerConfigKeys (ConfUtils.java:logGet(46)) - raft.server.read.option = DEFAULT (default)
2024-05-24 07:48:53,752 [713fd2b4-03fd-4bcc-8950-4119d378f2ca-groupManagement] INFO  server.RaftServerConfigKeys (ConfUtils.java:logGet(46)) - raft.server.read.read-after-write-consistent.write-index-cache.expiry-time = 60s (default)
2024-05-24 07:48:53,753 [db578ef5-4e1f-4da7-abbd-ff28012a31de-groupManagement] INFO  server.RaftServer$Division (RaftServerImpl.java:<init>(256)) - db578ef5-4e1f-4da7-abbd-ff28012a31de: new RaftServerImpl for group-332C9E309CA1:[713fd2b4-03fd-4bcc-8950-4119d378f2ca|127.0.0.1:15050, db578ef5-4e1f-4da7-abbd-ff28012a31de|127.0.0.1:15041, e689b99c-fc0b-4611-bf51-e78d9991fc84|127.0.0.1:15059] with ContainerStateMachine:uninitialized
2024-05-24 07:48:53,753 [db578ef5-4e1f-4da7-abbd-ff28012a31de-groupManagement] INFO  server.RaftServerConfigKeys (ConfUtils.java:logGet(46)) - raft.server.rpc.timeout.min = 5s (custom)
2024-05-24 07:48:53,753 [db578ef5-4e1f-4da7-abbd-ff28012a31de-groupManagement] INFO  server.RaftServerConfigKeys (ConfUtils.java:logGet(46)) - raft.server.rpc.timeout.max = 5200ms (custom)
2024-05-24 07:48:53,753 [db578ef5-4e1f-4da7-abbd-ff28012a31de-groupManagement] INFO  server.RaftServerConfigKeys (ConfUtils.java:logGet(46)) - raft.server.rpc.sleep.time = 25ms (default)
2024-05-24 07:48:53,753 [db578ef5-4e1f-4da7-abbd-ff28012a31de-groupManagement] INFO  server.RaftServerConfigKeys (ConfUtils.java:logGet(46)) - raft.server.rpc.slowness.timeout = 300s (custom)
2024-05-24 07:48:53,753 [db578ef5-4e1f-4da7-abbd-ff28012a31de-groupManagement] INFO  server.RaftServerConfigKeys (ConfUtils.java:logGet(46)) - raft.server.leaderelection.leader.step-down.wait-time = 10s (default)
2024-05-24 07:48:53,753 [db578ef5-4e1f-4da7-abbd-ff28012a31de-groupManagement] INFO  server.RaftServerConfigKeys (ConfUtils.java:logGet(46)) - raft.server.leaderelection.member.majority-add = false (default)
2024-05-24 07:48:53,753 [db578ef5-4e1f-4da7-abbd-ff28012a31de-groupManagement] INFO  server.RaftServerConfigKeys (ConfUtils.java:logGet(46)) - raft.server.sleep.deviation.threshold = 300ms (default)
2024-05-24 07:48:53,753 [db578ef5-4e1f-4da7-abbd-ff28012a31de-groupManagement] INFO  server.RaftServer$Division (ServerState.java:<init>(113)) - db578ef5-4e1f-4da7-abbd-ff28012a31de@group-332C9E309CA1: ConfigurationManager, init=-1: peers:[713fd2b4-03fd-4bcc-8950-4119d378f2ca|127.0.0.1:15050, db578ef5-4e1f-4da7-abbd-ff28012a31de|127.0.0.1:15041, e689b99c-fc0b-4611-bf51-e78d9991fc84|127.0.0.1:15059]|listeners:[], old=null, confs=<EMPTY_MAP>
2024-05-24 07:48:53,754 [db578ef5-4e1f-4da7-abbd-ff28012a31de-groupManagement] INFO  server.RaftServerConfigKeys (ConfUtils.java:logGet(46)) - raft.server.notification.no-leader.timeout = 300s (custom)
2024-05-24 07:48:53,754 [db578ef5-4e1f-4da7-abbd-ff28012a31de-groupManagement] INFO  server.RaftServerConfigKeys (ConfUtils.java:logGet(46)) - raft.server.read.timeout = 10s (default)
2024-05-24 07:48:53,754 [db578ef5-4e1f-4da7-abbd-ff28012a31de-groupManagement] INFO  server.RaftServerConfigKeys (ConfUtils.java:logGet(46)) - raft.server.retrycache.expirytime = 600000ms (custom)
2024-05-24 07:48:53,754 [db578ef5-4e1f-4da7-abbd-ff28012a31de-groupManagement] INFO  server.RaftServerConfigKeys (ConfUtils.java:logGet(46)) - raft.server.retrycache.statistics.expirytime = 100ms (default)
2024-05-24 07:48:53,754 [db578ef5-4e1f-4da7-abbd-ff28012a31de-groupManagement] INFO  server.RaftServerConfigKeys (ConfUtils.java:logGet(46)) - raft.server.read.option = DEFAULT (default)
2024-05-24 07:48:53,754 [db578ef5-4e1f-4da7-abbd-ff28012a31de-groupManagement] INFO  server.RaftServerConfigKeys (ConfUtils.java:logGet(46)) - raft.server.read.read-after-write-consistent.write-index-cache.expiry-time = 60s (default)
2024-05-24 07:48:53,757 [26f71362-a48a-41de-9ada-52ca0d6b3643-groupManagement] INFO  server.RaftServerConfigKeys (ConfUtils.java:logGet(46)) - raft.server.log.segment.cache.num.max = 2 (custom)
2024-05-24 07:48:53,757 [26f71362-a48a-41de-9ada-52ca0d6b3643-groupManagement] INFO  server.RaftServerConfigKeys (ConfUtils.java:logGet(46)) - raft.server.log.segment.cache.size.max = 200MB (=209715200) (default)
2024-05-24 07:48:53,758 [26f71362-a48a-41de-9ada-52ca0d6b3643-groupManagement] INFO  server.RaftServerConfigKeys (ConfUtils.java:logGet(46)) - raft.server.log.appender.buffer.byte-limit = 8388608 (custom)
2024-05-24 07:48:53,758 [26f71362-a48a-41de-9ada-52ca0d6b3643-groupManagement] INFO  util.AwaitToRun (AwaitToRun.java:start(81)) - Thread[26f71362-a48a-41de-9ada-52ca0d6b3643@group-22B4A15544E8-cacheEviction-AwaitToRun,5,main] started
2024-05-24 07:48:53,759 [26f71362-a48a-41de-9ada-52ca0d6b3643-groupManagement] INFO  segmented.SegmentedRaftLogWorker (SegmentedRaftLogWorker.java:<init>(182)) - new 26f71362-a48a-41de-9ada-52ca0d6b3643@group-22B4A15544E8-SegmentedRaftLogWorker for RaftStorageImpl:Storage Directory /home/runner/work/ozone/ozone/hadoop-ozone/integration-test/target/test-dir/MiniOzoneClusterImpl-b501fab0-540e-4575-af6e-dde2336b059e/ozone-meta/datanode-7/ratis/206a06aa-c7c2-4e12-be68-22b4a15544e8
2024-05-24 07:48:53,760 [26f71362-a48a-41de-9ada-52ca0d6b3643-groupManagement] INFO  server.RaftServerConfigKeys (ConfUtils.java:logGet(46)) - raft.server.log.queue.byte-limit = 4294967296 (custom)
2024-05-24 07:48:53,760 [26f71362-a48a-41de-9ada-52ca0d6b3643-groupManagement] INFO  server.RaftServerConfigKeys (ConfUtils.java:logGet(46)) - raft.server.log.queue.element-limit = 1024 (custom)
2024-05-24 07:48:53,760 [26f71362-a48a-41de-9ada-52ca0d6b3643-groupManagement] INFO  server.RaftServerConfigKeys (ConfUtils.java:logGet(46)) - raft.server.log.segment.size.max = 67108864 (custom)
2024-05-24 07:48:53,760 [26f71362-a48a-41de-9ada-52ca0d6b3643-groupManagement] INFO  server.RaftServerConfigKeys (ConfUtils.java:logGet(46)) - raft.server.log.preallocated.size = 4194304 (custom)
2024-05-24 07:48:53,760 [26f71362-a48a-41de-9ada-52ca0d6b3643-groupManagement] INFO  server.RaftServerConfigKeys (ConfUtils.java:logGet(46)) - raft.server.log.force.sync.num = 128 (default)
2024-05-24 07:48:53,760 [26f71362-a48a-41de-9ada-52ca0d6b3643-groupManagement] INFO  server.RaftServerConfigKeys (ConfUtils.java:logGet(46)) - raft.server.log.statemachine.data.sync = true (default)
2024-05-24 07:48:53,760 [26f71362-a48a-41de-9ada-52ca0d6b3643-groupManagement] INFO  server.RaftServerConfigKeys (ConfUtils.java:logGet(46)) - raft.server.log.statemachine.data.sync.timeout = 10s (default)
2024-05-24 07:48:53,760 [26f71362-a48a-41de-9ada-52ca0d6b3643-groupManagement] INFO  server.RaftServerConfigKeys (ConfUtils.java:logGet(46)) - raft.server.log.statemachine.data.sync.timeout.retry = 30 (custom)
2024-05-24 07:48:53,765 [26f71362-a48a-41de-9ada-52ca0d6b3643-groupManagement] INFO  server.RaftServerConfigKeys (ConfUtils.java:logGet(46)) - raft.server.log.write.buffer.size = 8388616 (custom)
2024-05-24 07:48:53,767 [26f71362-a48a-41de-9ada-52ca0d6b3643-groupManagement] INFO  server.RaftServerConfigKeys (ConfUtils.java:logGet(46)) - raft.server.log.appender.buffer.byte-limit = 8388608 (custom)
2024-05-24 07:48:53,768 [26f71362-a48a-41de-9ada-52ca0d6b3643-groupManagement] INFO  server.RaftServerConfigKeys (ConfUtils.java:logGet(46)) - raft.server.log.unsafe-flush.enabled = false (default)
2024-05-24 07:48:53,768 [26f71362-a48a-41de-9ada-52ca0d6b3643-groupManagement] INFO  server.RaftServerConfigKeys (ConfUtils.java:logGet(46)) - raft.server.log.async-flush.enabled = false (default)
2024-05-24 07:48:53,769 [26f71362-a48a-41de-9ada-52ca0d6b3643-groupManagement] INFO  server.RaftServerConfigKeys (ConfUtils.java:logGet(46)) - raft.server.log.statemachine.data.caching.enabled = true (custom)
2024-05-24 07:48:53,769 [26f71362-a48a-41de-9ada-52ca0d6b3643-groupManagement] INFO  segmented.SegmentedRaftLogWorker (SegmentedRaftLogWorker.java:lambda$new$0(134)) - 26f71362-a48a-41de-9ada-52ca0d6b3643@group-22B4A15544E8-SegmentedRaftLogWorker: flushIndex: setUnconditionally 0 -> -1
2024-05-24 07:48:53,770 [26f71362-a48a-41de-9ada-52ca0d6b3643-groupManagement] INFO  segmented.SegmentedRaftLogWorker (SegmentedRaftLogWorker.java:lambda$new$0(134)) - 26f71362-a48a-41de-9ada-52ca0d6b3643@group-22B4A15544E8-SegmentedRaftLogWorker: safeCacheEvictIndex: setUnconditionally 0 -> -1
2024-05-24 07:48:53,770 [26f71362-a48a-41de-9ada-52ca0d6b3643-groupManagement] INFO  server.RaftServer$Division (RaftServerImpl.java:start(396)) - 26f71362-a48a-41de-9ada-52ca0d6b3643@group-22B4A15544E8: start as a follower, conf=-1: peers:[26f71362-a48a-41de-9ada-52ca0d6b3643|127.0.0.1:15068]|listeners:[], old=null
2024-05-24 07:48:53,771 [26f71362-a48a-41de-9ada-52ca0d6b3643-groupManagement] INFO  server.RaftServer$Division (RaftServerImpl.java:setRole(383)) - 26f71362-a48a-41de-9ada-52ca0d6b3643@group-22B4A15544E8: changes role from      null to FOLLOWER at term 0 for startAsFollower
2024-05-24 07:48:53,771 [26f71362-a48a-41de-9ada-52ca0d6b3643-groupManagement] INFO  impl.RoleInfo (RoleInfo.java:updateAndGet(139)) - 26f71362-a48a-41de-9ada-52ca0d6b3643: start 26f71362-a48a-41de-9ada-52ca0d6b3643@group-22B4A15544E8-FollowerState
2024-05-24 07:48:53,771 [db578ef5-4e1f-4da7-abbd-ff28012a31de-groupManagement] INFO  server.RaftServerConfigKeys (ConfUtils.java:logGet(46)) - raft.server.rpc.request.timeout = 60s (custom)
2024-05-24 07:48:53,772 [db578ef5-4e1f-4da7-abbd-ff28012a31de-groupManagement] INFO  server.RaftServerConfigKeys (ConfUtils.java:logGet(46)) - raft.server.log.appender.install.snapshot.enabled = false (custom)
2024-05-24 07:48:53,772 [db578ef5-4e1f-4da7-abbd-ff28012a31de-groupManagement] INFO  server.RaftServerConfigKeys (ConfUtils.java:logGet(46)) - raft.server.threadpool.server.cached = true (default)
2024-05-24 07:48:53,772 [db578ef5-4e1f-4da7-abbd-ff28012a31de-groupManagement] INFO  server.RaftServerConfigKeys (ConfUtils.java:logGet(46)) - raft.server.threadpool.server.size = 0 (default)
2024-05-24 07:48:53,773 [db578ef5-4e1f-4da7-abbd-ff28012a31de-groupManagement] INFO  server.RaftServerConfigKeys (ConfUtils.java:logGet(46)) - raft.server.threadpool.client.cached = true (default)
2024-05-24 07:48:53,773 [db578ef5-4e1f-4da7-abbd-ff28012a31de-groupManagement] INFO  server.RaftServerConfigKeys (ConfUtils.java:logGet(46)) - raft.server.threadpool.client.size = 0 (default)
2024-05-24 07:48:53,773 [db578ef5-4e1f-4da7-abbd-ff28012a31de-groupManagement] INFO  server.RaftServerConfigKeys (ConfUtils.java:logGet(46)) - raft.server.storage.free-space.min = 0MB (=0) (default)
2024-05-24 07:48:53,774 [db578ef5-4e1f-4da7-abbd-ff28012a31de-groupManagement] INFO  server.RaftServerConfigKeys (ConfUtils.java:logGet(46)) - raft.server.log.corruption.policy = EXCEPTION (default)
2024-05-24 07:48:53,775 [db578ef5-4e1f-4da7-abbd-ff28012a31de-groupManagement] INFO  server.RaftServerConfigKeys (ConfUtils.java:logGet(46)) - raft.server.storage.dir = [/home/runner/work/ozone/ozone/hadoop-ozone/integration-test/target/test-dir/MiniOzoneClusterImpl-b501fab0-540e-4575-af6e-dde2336b059e/ozone-meta/datanode-4/ratis] (custom)
2024-05-24 07:48:53,775 [db578ef5-4e1f-4da7-abbd-ff28012a31de-groupManagement] INFO  storage.RaftStorageDirectory (RaftStorageDirectoryImpl.java:analyzeStorage(138)) - The storage directory /home/runner/work/ozone/ozone/hadoop-ozone/integration-test/target/test-dir/MiniOzoneClusterImpl-b501fab0-540e-4575-af6e-dde2336b059e/ozone-meta/datanode-4/ratis/8878c401-de30-425e-a266-332c9e309ca1 does not exist. Creating ...
2024-05-24 07:48:53,775 [713fd2b4-03fd-4bcc-8950-4119d378f2ca-groupManagement] INFO  server.RaftServerConfigKeys (ConfUtils.java:logGet(46)) - raft.server.rpc.request.timeout = 60s (custom)
2024-05-24 07:48:53,775 [713fd2b4-03fd-4bcc-8950-4119d378f2ca-groupManagement] INFO  server.RaftServerConfigKeys (ConfUtils.java:logGet(46)) - raft.server.log.appender.install.snapshot.enabled = false (custom)
2024-05-24 07:48:53,775 [713fd2b4-03fd-4bcc-8950-4119d378f2ca-groupManagement] INFO  server.RaftServerConfigKeys (ConfUtils.java:logGet(46)) - raft.server.threadpool.server.cached = true (default)
2024-05-24 07:48:53,776 [713fd2b4-03fd-4bcc-8950-4119d378f2ca-groupManagement] INFO  server.RaftServerConfigKeys (ConfUtils.java:logGet(46)) - raft.server.threadpool.server.size = 0 (default)
2024-05-24 07:48:53,776 [713fd2b4-03fd-4bcc-8950-4119d378f2ca-groupManagement] INFO  server.RaftServerConfigKeys (ConfUtils.java:logGet(46)) - raft.server.threadpool.client.cached = true (default)
2024-05-24 07:48:53,776 [713fd2b4-03fd-4bcc-8950-4119d378f2ca-groupManagement] INFO  server.RaftServerConfigKeys (ConfUtils.java:logGet(46)) - raft.server.threadpool.client.size = 0 (default)
2024-05-24 07:48:53,776 [713fd2b4-03fd-4bcc-8950-4119d378f2ca-groupManagement] INFO  server.RaftServerConfigKeys (ConfUtils.java:logGet(46)) - raft.server.storage.free-space.min = 0MB (=0) (default)
2024-05-24 07:48:53,776 [713fd2b4-03fd-4bcc-8950-4119d378f2ca-groupManagement] INFO  server.RaftServerConfigKeys (ConfUtils.java:logGet(46)) - raft.server.log.corruption.policy = EXCEPTION (default)
2024-05-24 07:48:53,776 [713fd2b4-03fd-4bcc-8950-4119d378f2ca-groupManagement] INFO  server.RaftServerConfigKeys (ConfUtils.java:logGet(46)) - raft.server.storage.dir = [/home/runner/work/ozone/ozone/hadoop-ozone/integration-test/target/test-dir/MiniOzoneClusterImpl-b501fab0-540e-4575-af6e-dde2336b059e/ozone-meta/datanode-5/ratis] (custom)
2024-05-24 07:48:53,776 [713fd2b4-03fd-4bcc-8950-4119d378f2ca-groupManagement] INFO  storage.RaftStorageDirectory (RaftStorageDirectoryImpl.java:analyzeStorage(138)) - The storage directory /home/runner/work/ozone/ozone/hadoop-ozone/integration-test/target/test-dir/MiniOzoneClusterImpl-b501fab0-540e-4575-af6e-dde2336b059e/ozone-meta/datanode-5/ratis/8878c401-de30-425e-a266-332c9e309ca1 does not exist. Creating ...
2024-05-24 07:48:53,777 [e689b99c-fc0b-4611-bf51-e78d9991fc84-groupManagement] INFO  server.RaftServerConfigKeys (ConfUtils.java:logGet(46)) - raft.server.rpc.request.timeout = 60s (custom)
2024-05-24 07:48:53,778 [e689b99c-fc0b-4611-bf51-e78d9991fc84-groupManagement] INFO  server.RaftServerConfigKeys (ConfUtils.java:logGet(46)) - raft.server.log.appender.install.snapshot.enabled = false (custom)
2024-05-24 07:48:53,778 [e689b99c-fc0b-4611-bf51-e78d9991fc84-groupManagement] INFO  server.RaftServerConfigKeys (ConfUtils.java:logGet(46)) - raft.server.threadpool.server.cached = true (default)
2024-05-24 07:48:53,778 [e689b99c-fc0b-4611-bf51-e78d9991fc84-groupManagement] INFO  server.RaftServerConfigKeys (ConfUtils.java:logGet(46)) - raft.server.threadpool.server.size = 0 (default)
2024-05-24 07:48:53,778 [e689b99c-fc0b-4611-bf51-e78d9991fc84-groupManagement] INFO  server.RaftServerConfigKeys (ConfUtils.java:logGet(46)) - raft.server.threadpool.client.cached = true (default)
2024-05-24 07:48:53,778 [e689b99c-fc0b-4611-bf51-e78d9991fc84-groupManagement] INFO  server.RaftServerConfigKeys (ConfUtils.java:logGet(46)) - raft.server.threadpool.client.size = 0 (default)
2024-05-24 07:48:53,778 [e689b99c-fc0b-4611-bf51-e78d9991fc84-groupManagement] INFO  server.RaftServerConfigKeys (ConfUtils.java:logGet(46)) - raft.server.storage.free-space.min = 0MB (=0) (default)
2024-05-24 07:48:53,779 [e689b99c-fc0b-4611-bf51-e78d9991fc84-groupManagement] INFO  server.RaftServerConfigKeys (ConfUtils.java:logGet(46)) - raft.server.log.corruption.policy = EXCEPTION (default)
2024-05-24 07:48:53,779 [e689b99c-fc0b-4611-bf51-e78d9991fc84-groupManagement] INFO  server.RaftServerConfigKeys (ConfUtils.java:logGet(46)) - raft.server.storage.dir = [/home/runner/work/ozone/ozone/hadoop-ozone/integration-test/target/test-dir/MiniOzoneClusterImpl-b501fab0-540e-4575-af6e-dde2336b059e/ozone-meta/datanode-6/ratis] (custom)
2024-05-24 07:48:53,779 [26f71362-a48a-41de-9ada-52ca0d6b3643-groupManagement] INFO  util.JmxRegister (JmxRegister.java:tryRegister(44)) - Successfully registered JMX Bean with object name Ratis:service=RaftServer,group=group-22B4A15544E8,id=26f71362-a48a-41de-9ada-52ca0d6b3643
2024-05-24 07:48:53,779 [26f71362-a48a-41de-9ada-52ca0d6b3643-groupManagement] INFO  server.RaftServerConfigKeys (ConfUtils.java:logGet(46)) - raft.server.snapshot.trigger-when-stop.enabled = true (default)
2024-05-24 07:48:53,780 [26f71362-a48a-41de-9ada-52ca0d6b3643-groupManagement] INFO  server.RaftServerConfigKeys (ConfUtils.java:logGet(46)) - raft.server.snapshot.auto.trigger.enabled = true (custom)
2024-05-24 07:48:53,780 [26f71362-a48a-41de-9ada-52ca0d6b3643-groupManagement] INFO  server.RaftServerConfigKeys (ConfUtils.java:logGet(46)) - raft.server.snapshot.auto.trigger.threshold = 10000 (custom)
2024-05-24 07:48:53,780 [26f71362-a48a-41de-9ada-52ca0d6b3643-groupManagement] INFO  server.RaftServerConfigKeys (ConfUtils.java:logGet(46)) - raft.server.snapshot.retention.file.num = 5 (custom)
2024-05-24 07:48:53,780 [26f71362-a48a-41de-9ada-52ca0d6b3643-groupManagement] INFO  server.RaftServerConfigKeys (ConfUtils.java:logGet(46)) - raft.server.log.purge.upto.snapshot.index = false (default)
2024-05-24 07:48:53,779 [26f71362-a48a-41de-9ada-52ca0d6b3643@group-22B4A15544E8-FollowerState] INFO  server.RaftServerConfigKeys (ConfUtils.java:logFallback(53)) - raft.server.rpc.first-election.timeout.min = 5s (fallback to raft.server.rpc.timeout.min)
2024-05-24 07:48:53,780 [26f71362-a48a-41de-9ada-52ca0d6b3643@group-22B4A15544E8-FollowerState] INFO  server.RaftServerConfigKeys (ConfUtils.java:logFallback(53)) - raft.server.rpc.first-election.timeout.max = 5200ms (fallback to raft.server.rpc.timeout.max)
2024-05-24 07:48:53,781 [e689b99c-fc0b-4611-bf51-e78d9991fc84-groupManagement] INFO  storage.RaftStorageDirectory (RaftStorageDirectoryImpl.java:analyzeStorage(138)) - The storage directory /home/runner/work/ozone/ozone/hadoop-ozone/integration-test/target/test-dir/MiniOzoneClusterImpl-b501fab0-540e-4575-af6e-dde2336b059e/ozone-meta/datanode-6/ratis/6091da91-ea71-4480-9c60-df8dc201cebc does not exist. Creating ...
2024-05-24 07:48:53,781 [db578ef5-4e1f-4da7-abbd-ff28012a31de-groupManagement] INFO  storage.RaftStorageDirectory (RaftStorageDirectoryImpl.java:tryLock(228)) - Lock on /home/runner/work/ozone/ozone/hadoop-ozone/integration-test/target/test-dir/MiniOzoneClusterImpl-b501fab0-540e-4575-af6e-dde2336b059e/ozone-meta/datanode-4/ratis/8878c401-de30-425e-a266-332c9e309ca1/in_use.lock acquired by nodename 29770@fv-az779-985
2024-05-24 07:48:53,781 [713fd2b4-03fd-4bcc-8950-4119d378f2ca-groupManagement] INFO  storage.RaftStorageDirectory (RaftStorageDirectoryImpl.java:tryLock(228)) - Lock on /home/runner/work/ozone/ozone/hadoop-ozone/integration-test/target/test-dir/MiniOzoneClusterImpl-b501fab0-540e-4575-af6e-dde2336b059e/ozone-meta/datanode-5/ratis/8878c401-de30-425e-a266-332c9e309ca1/in_use.lock acquired by nodename 29770@fv-az779-985
2024-05-24 07:48:53,782 [e689b99c-fc0b-4611-bf51-e78d9991fc84-groupManagement] INFO  storage.RaftStorageDirectory (RaftStorageDirectoryImpl.java:tryLock(228)) - Lock on /home/runner/work/ozone/ozone/hadoop-ozone/integration-test/target/test-dir/MiniOzoneClusterImpl-b501fab0-540e-4575-af6e-dde2336b059e/ozone-meta/datanode-6/ratis/6091da91-ea71-4480-9c60-df8dc201cebc/in_use.lock acquired by nodename 29770@fv-az779-985
2024-05-24 07:48:53,784 [26f71362-a48a-41de-9ada-52ca0d6b3643-PipelineCommandHandlerThread-0] INFO  ratis.XceiverServerRatis (XceiverServerRatis.java:addGroup(864)) - Created group PipelineID=206a06aa-c7c2-4e12-be68-22b4a15544e8
2024-05-24 07:48:53,784 [26f71362-a48a-41de-9ada-52ca0d6b3643-PipelineCommandHandlerThread-0] INFO  commandhandler.CreatePipelineCommandHandler (CreatePipelineCommandHandler.java:lambda$handle$2(124)) - Created Pipeline RATIS ONE PipelineID=206a06aa-c7c2-4e12-be68-22b4a15544e8.
2024-05-24 07:48:53,784 [e689b99c-fc0b-4611-bf51-e78d9991fc84-groupManagement] INFO  storage.RaftStorage (RaftStorageImpl.java:format(99)) - Storage directory /home/runner/work/ozone/ozone/hadoop-ozone/integration-test/target/test-dir/MiniOzoneClusterImpl-b501fab0-540e-4575-af6e-dde2336b059e/ozone-meta/datanode-6/ratis/6091da91-ea71-4480-9c60-df8dc201cebc has been successfully formatted.
2024-05-24 07:48:53,784 [26f71362-a48a-41de-9ada-52ca0d6b3643-PipelineCommandHandlerThread-0] INFO  server.RaftServer (RaftServerProxy.java:addNew(100)) - 26f71362-a48a-41de-9ada-52ca0d6b3643: addNew group-3979F1BF2552:[b4e39294-6870-4830-abfa-7517d5dcbfab|127.0.0.1:15086, 9cef26bd-fad7-4006-851f-097a618c2ff8|127.0.0.1:15077, 26f71362-a48a-41de-9ada-52ca0d6b3643|127.0.0.1:15068] returns group-3979F1BF2552:java.util.concurrent.CompletableFuture@761708bc[Not completed]
2024-05-24 07:48:53,785 [26f71362-a48a-41de-9ada-52ca0d6b3643-groupManagement] INFO  server.RaftServer$Division (RaftServerImpl.java:<init>(256)) - 26f71362-a48a-41de-9ada-52ca0d6b3643: new RaftServerImpl for group-3979F1BF2552:[b4e39294-6870-4830-abfa-7517d5dcbfab|127.0.0.1:15086, 9cef26bd-fad7-4006-851f-097a618c2ff8|127.0.0.1:15077, 26f71362-a48a-41de-9ada-52ca0d6b3643|127.0.0.1:15068] with ContainerStateMachine:uninitialized
2024-05-24 07:48:53,785 [26f71362-a48a-41de-9ada-52ca0d6b3643-groupManagement] INFO  server.RaftServerConfigKeys (ConfUtils.java:logGet(46)) - raft.server.rpc.timeout.min = 5s (custom)
2024-05-24 07:48:53,786 [26f71362-a48a-41de-9ada-52ca0d6b3643-groupManagement] INFO  server.RaftServerConfigKeys (ConfUtils.java:logGet(46)) - raft.server.rpc.timeout.max = 5200ms (custom)
2024-05-24 07:48:53,786 [26f71362-a48a-41de-9ada-52ca0d6b3643-groupManagement] INFO  server.RaftServerConfigKeys (ConfUtils.java:logGet(46)) - raft.server.rpc.sleep.time = 25ms (default)
2024-05-24 07:48:53,786 [26f71362-a48a-41de-9ada-52ca0d6b3643-groupManagement] INFO  server.RaftServerConfigKeys (ConfUtils.java:logGet(46)) - raft.server.rpc.slowness.timeout = 300s (custom)
2024-05-24 07:48:53,786 [26f71362-a48a-41de-9ada-52ca0d6b3643-groupManagement] INFO  server.RaftServerConfigKeys (ConfUtils.java:logGet(46)) - raft.server.leaderelection.leader.step-down.wait-time = 10s (default)
2024-05-24 07:48:53,786 [26f71362-a48a-41de-9ada-52ca0d6b3643-groupManagement] INFO  server.RaftServerConfigKeys (ConfUtils.java:logGet(46)) - raft.server.leaderelection.member.majority-add = false (default)
2024-05-24 07:48:53,786 [26f71362-a48a-41de-9ada-52ca0d6b3643-groupManagement] INFO  server.RaftServerConfigKeys (ConfUtils.java:logGet(46)) - raft.server.sleep.deviation.threshold = 300ms (default)
2024-05-24 07:48:53,786 [26f71362-a48a-41de-9ada-52ca0d6b3643-groupManagement] INFO  server.RaftServer$Division (ServerState.java:<init>(113)) - 26f71362-a48a-41de-9ada-52ca0d6b3643@group-3979F1BF2552: ConfigurationManager, init=-1: peers:[b4e39294-6870-4830-abfa-7517d5dcbfab|127.0.0.1:15086, 9cef26bd-fad7-4006-851f-097a618c2ff8|127.0.0.1:15077, 26f71362-a48a-41de-9ada-52ca0d6b3643|127.0.0.1:15068]|listeners:[], old=null, confs=<EMPTY_MAP>
2024-05-24 07:48:53,786 [26f71362-a48a-41de-9ada-52ca0d6b3643-groupManagement] INFO  server.RaftServerConfigKeys (ConfUtils.java:logGet(46)) - raft.server.notification.no-leader.timeout = 300s (custom)
2024-05-24 07:48:53,786 [26f71362-a48a-41de-9ada-52ca0d6b3643-groupManagement] INFO  server.RaftServerConfigKeys (ConfUtils.java:logGet(46)) - raft.server.read.timeout = 10s (default)
2024-05-24 07:48:53,786 [26f71362-a48a-41de-9ada-52ca0d6b3643-groupManagement] INFO  server.RaftServerConfigKeys (ConfUtils.java:logGet(46)) - raft.server.retrycache.expirytime = 600000ms (custom)
2024-05-24 07:48:53,786 [26f71362-a48a-41de-9ada-52ca0d6b3643-groupManagement] INFO  server.RaftServerConfigKeys (ConfUtils.java:logGet(46)) - raft.server.retrycache.statistics.expirytime = 100ms (default)
2024-05-24 07:48:53,786 [26f71362-a48a-41de-9ada-52ca0d6b3643-groupManagement] INFO  server.RaftServerConfigKeys (ConfUtils.java:logGet(46)) - raft.server.read.option = DEFAULT (default)
2024-05-24 07:48:53,786 [26f71362-a48a-41de-9ada-52ca0d6b3643-groupManagement] INFO  server.RaftServerConfigKeys (ConfUtils.java:logGet(46)) - raft.server.read.read-after-write-consistent.write-index-cache.expiry-time = 60s (default)
2024-05-24 07:48:53,784 [713fd2b4-03fd-4bcc-8950-4119d378f2ca-groupManagement] INFO  storage.RaftStorage (RaftStorageImpl.java:format(99)) - Storage directory /home/runner/work/ozone/ozone/hadoop-ozone/integration-test/target/test-dir/MiniOzoneClusterImpl-b501fab0-540e-4575-af6e-dde2336b059e/ozone-meta/datanode-5/ratis/8878c401-de30-425e-a266-332c9e309ca1 has been successfully formatted.
2024-05-24 07:48:53,788 [713fd2b4-03fd-4bcc-8950-4119d378f2ca-groupManagement] WARN  util.FileUtils (LogUtils.java:supplyAndLog(63)) - Failed to Files.newInputStream /home/runner/work/ozone/ozone/hadoop-ozone/integration-test/target/test-dir/MiniOzoneClusterImpl-b501fab0-540e-4575-af6e-dde2336b059e/ozone-meta/datanode-5/ratis/8878c401-de30-425e-a266-332c9e309ca1/current/raft-meta.conf with options []: java.nio.file.NoSuchFileException: /home/runner/work/ozone/ozone/hadoop-ozone/integration-test/target/test-dir/MiniOzoneClusterImpl-b501fab0-540e-4575-af6e-dde2336b059e/ozone-meta/datanode-5/ratis/8878c401-de30-425e-a266-332c9e309ca1/current/raft-meta.conf
2024-05-24 07:48:53,788 [713fd2b4-03fd-4bcc-8950-4119d378f2ca-groupManagement] INFO  ratis.ContainerStateMachine (ContainerStateMachine.java:loadSnapshot(287)) - group-332C9E309CA1: The snapshot info is null. Setting the last applied index to:(t:0, i:~)
2024-05-24 07:48:53,789 [713fd2b4-03fd-4bcc-8950-4119d378f2ca-groupManagement] INFO  server.RaftServerConfigKeys (ConfUtils.java:logGet(46)) - raft.server.log.use.memory = false (default)
2024-05-24 07:48:53,789 [713fd2b4-03fd-4bcc-8950-4119d378f2ca-groupManagement] INFO  server.RaftServerConfigKeys (ConfUtils.java:logGet(46)) - raft.server.log.purge.gap = 1000000 (custom)
2024-05-24 07:48:53,789 [713fd2b4-03fd-4bcc-8950-4119d378f2ca-groupManagement] INFO  server.RaftServerConfigKeys (ConfUtils.java:logGet(46)) - raft.server.log.appender.buffer.byte-limit = 8388608 (custom)
2024-05-24 07:48:53,789 [713fd2b4-03fd-4bcc-8950-4119d378f2ca-groupManagement] INFO  server.RaftServerConfigKeys (ConfUtils.java:logGet(46)) - raft.server.log.statemachine.data.read.timeout = 1000ms (default)
2024-05-24 07:48:53,789 [713fd2b4-03fd-4bcc-8950-4119d378f2ca-groupManagement] INFO  server.RaftServerConfigKeys (ConfUtils.java:logGet(46)) - raft.server.log.purge.preservation.log.num = 0 (default)
2024-05-24 07:48:53,784 [e689b99c-fc0b-4611-bf51-e78d9991fc84-groupManagement] WARN  util.FileUtils (LogUtils.java:supplyAndLog(63)) - Failed to Files.newInputStream /home/runner/work/ozone/ozone/hadoop-ozone/integration-test/target/test-dir/MiniOzoneClusterImpl-b501fab0-540e-4575-af6e-dde2336b059e/ozone-meta/datanode-6/ratis/6091da91-ea71-4480-9c60-df8dc201cebc/current/raft-meta.conf with options []: java.nio.file.NoSuchFileException: /home/runner/work/ozone/ozone/hadoop-ozone/integration-test/target/test-dir/MiniOzoneClusterImpl-b501fab0-540e-4575-af6e-dde2336b059e/ozone-meta/datanode-6/ratis/6091da91-ea71-4480-9c60-df8dc201cebc/current/raft-meta.conf
2024-05-24 07:48:53,784 [db578ef5-4e1f-4da7-abbd-ff28012a31de-groupManagement] INFO  storage.RaftStorage (RaftStorageImpl.java:format(99)) - Storage directory /home/runner/work/ozone/ozone/hadoop-ozone/integration-test/target/test-dir/MiniOzoneClusterImpl-b501fab0-540e-4575-af6e-dde2336b059e/ozone-meta/datanode-4/ratis/8878c401-de30-425e-a266-332c9e309ca1 has been successfully formatted.
2024-05-24 07:48:53,789 [e689b99c-fc0b-4611-bf51-e78d9991fc84-groupManagement] INFO  ratis.ContainerStateMachine (ContainerStateMachine.java:loadSnapshot(287)) - group-DF8DC201CEBC: The snapshot info is null. Setting the last applied index to:(t:0, i:~)
2024-05-24 07:48:53,789 [e689b99c-fc0b-4611-bf51-e78d9991fc84-groupManagement] INFO  server.RaftServerConfigKeys (ConfUtils.java:logGet(46)) - raft.server.log.use.memory = false (default)
2024-05-24 07:48:53,790 [e689b99c-fc0b-4611-bf51-e78d9991fc84-groupManagement] INFO  server.RaftServerConfigKeys (ConfUtils.java:logGet(46)) - raft.server.log.purge.gap = 1000000 (custom)
2024-05-24 07:48:53,790 [e689b99c-fc0b-4611-bf51-e78d9991fc84-groupManagement] INFO  server.RaftServerConfigKeys (ConfUtils.java:logGet(46)) - raft.server.log.appender.buffer.byte-limit = 8388608 (custom)
2024-05-24 07:48:53,790 [e689b99c-fc0b-4611-bf51-e78d9991fc84-groupManagement] INFO  server.RaftServerConfigKeys (ConfUtils.java:logGet(46)) - raft.server.log.statemachine.data.read.timeout = 1000ms (default)
2024-05-24 07:48:53,790 [e689b99c-fc0b-4611-bf51-e78d9991fc84-groupManagement] INFO  server.RaftServerConfigKeys (ConfUtils.java:logGet(46)) - raft.server.log.purge.preservation.log.num = 0 (default)
2024-05-24 07:48:53,790 [db578ef5-4e1f-4da7-abbd-ff28012a31de-groupManagement] WARN  util.FileUtils (LogUtils.java:supplyAndLog(63)) - Failed to Files.newInputStream /home/runner/work/ozone/ozone/hadoop-ozone/integration-test/target/test-dir/MiniOzoneClusterImpl-b501fab0-540e-4575-af6e-dde2336b059e/ozone-meta/datanode-4/ratis/8878c401-de30-425e-a266-332c9e309ca1/current/raft-meta.conf with options []: java.nio.file.NoSuchFileException: /home/runner/work/ozone/ozone/hadoop-ozone/integration-test/target/test-dir/MiniOzoneClusterImpl-b501fab0-540e-4575-af6e-dde2336b059e/ozone-meta/datanode-4/ratis/8878c401-de30-425e-a266-332c9e309ca1/current/raft-meta.conf
2024-05-24 07:48:53,791 [EventQueue-OpenPipelineForHealthyPipelineSafeModeRule] INFO  safemode.SCMSafeModeManager (HealthyPipelineSafeModeRule.java:process(140)) - SCM in safe mode. Healthy pipelines reported count is 0, required healthy pipeline reported count is 1
2024-05-24 07:48:53,792 [db578ef5-4e1f-4da7-abbd-ff28012a31de-groupManagement] INFO  ratis.ContainerStateMachine (ContainerStateMachine.java:loadSnapshot(287)) - group-332C9E309CA1: The snapshot info is null. Setting the last applied index to:(t:0, i:~)
2024-05-24 07:48:53,792 [db578ef5-4e1f-4da7-abbd-ff28012a31de-groupManagement] INFO  server.RaftServerConfigKeys (ConfUtils.java:logGet(46)) - raft.server.log.use.memory = false (default)
2024-05-24 07:48:53,792 [db578ef5-4e1f-4da7-abbd-ff28012a31de-groupManagement] INFO  server.RaftServerConfigKeys (ConfUtils.java:logGet(46)) - raft.server.log.purge.gap = 1000000 (custom)
2024-05-24 07:48:53,792 [db578ef5-4e1f-4da7-abbd-ff28012a31de-groupManagement] INFO  server.RaftServerConfigKeys (ConfUtils.java:logGet(46)) - raft.server.log.appender.buffer.byte-limit = 8388608 (custom)
2024-05-24 07:48:53,792 [db578ef5-4e1f-4da7-abbd-ff28012a31de-groupManagement] INFO  server.RaftServerConfigKeys (ConfUtils.java:logGet(46)) - raft.server.log.statemachine.data.read.timeout = 1000ms (default)
2024-05-24 07:48:53,792 [db578ef5-4e1f-4da7-abbd-ff28012a31de-groupManagement] INFO  server.RaftServerConfigKeys (ConfUtils.java:logGet(46)) - raft.server.log.purge.preservation.log.num = 0 (default)
2024-05-24 07:48:53,793 [EventQueue-OpenPipelineForHealthyPipelineSafeModeRule] INFO  safemode.SCMSafeModeManager (HealthyPipelineSafeModeRule.java:process(140)) - SCM in safe mode. Healthy pipelines reported count is 0, required healthy pipeline reported count is 1
2024-05-24 07:48:53,794 [EventQueue-OpenPipelineForHealthyPipelineSafeModeRule] INFO  safemode.SCMSafeModeManager (HealthyPipelineSafeModeRule.java:process(140)) - SCM in safe mode. Healthy pipelines reported count is 0, required healthy pipeline reported count is 1
2024-05-24 07:48:53,803 [e689b99c-fc0b-4611-bf51-e78d9991fc84-groupManagement] INFO  server.RaftServerConfigKeys (ConfUtils.java:logGet(46)) - raft.server.log.segment.size.max = 67108864 (custom)
2024-05-24 07:48:53,803 [713fd2b4-03fd-4bcc-8950-4119d378f2ca-groupManagement] INFO  server.RaftServerConfigKeys (ConfUtils.java:logGet(46)) - raft.server.log.segment.size.max = 67108864 (custom)
2024-05-24 07:48:53,807 [e689b99c-fc0b-4611-bf51-e78d9991fc84-groupManagement] INFO  server.RaftServerConfigKeys (ConfUtils.java:logGet(46)) - raft.server.log.segment.cache.num.max = 2 (custom)
2024-05-24 07:48:53,807 [e689b99c-fc0b-4611-bf51-e78d9991fc84-groupManagement] INFO  server.RaftServerConfigKeys (ConfUtils.java:logGet(46)) - raft.server.log.segment.cache.size.max = 200MB (=209715200) (default)
2024-05-24 07:48:53,807 [e689b99c-fc0b-4611-bf51-e78d9991fc84-groupManagement] INFO  server.RaftServerConfigKeys (ConfUtils.java:logGet(46)) - raft.server.log.appender.buffer.byte-limit = 8388608 (custom)
2024-05-24 07:48:53,807 [713fd2b4-03fd-4bcc-8950-4119d378f2ca-groupManagement] INFO  server.RaftServerConfigKeys (ConfUtils.java:logGet(46)) - raft.server.log.segment.cache.num.max = 2 (custom)
2024-05-24 07:48:53,807 [713fd2b4-03fd-4bcc-8950-4119d378f2ca-groupManagement] INFO  server.RaftServerConfigKeys (ConfUtils.java:logGet(46)) - raft.server.log.segment.cache.size.max = 200MB (=209715200) (default)
2024-05-24 07:48:53,809 [713fd2b4-03fd-4bcc-8950-4119d378f2ca-groupManagement] INFO  server.RaftServerConfigKeys (ConfUtils.java:logGet(46)) - raft.server.log.appender.buffer.byte-limit = 8388608 (custom)
2024-05-24 07:48:53,809 [26f71362-a48a-41de-9ada-52ca0d6b3643-groupManagement] INFO  server.RaftServerConfigKeys (ConfUtils.java:logGet(46)) - raft.server.rpc.request.timeout = 60s (custom)
2024-05-24 07:48:53,810 [26f71362-a48a-41de-9ada-52ca0d6b3643-groupManagement] INFO  server.RaftServerConfigKeys (ConfUtils.java:logGet(46)) - raft.server.log.appender.install.snapshot.enabled = false (custom)
2024-05-24 07:48:53,810 [26f71362-a48a-41de-9ada-52ca0d6b3643-groupManagement] INFO  server.RaftServerConfigKeys (ConfUtils.java:logGet(46)) - raft.server.threadpool.server.cached = true (default)
2024-05-24 07:48:53,810 [26f71362-a48a-41de-9ada-52ca0d6b3643-groupManagement] INFO  server.RaftServerConfigKeys (ConfUtils.java:logGet(46)) - raft.server.threadpool.server.size = 0 (default)
2024-05-24 07:48:53,810 [26f71362-a48a-41de-9ada-52ca0d6b3643-groupManagement] INFO  server.RaftServerConfigKeys (ConfUtils.java:logGet(46)) - raft.server.threadpool.client.cached = true (default)
2024-05-24 07:48:53,810 [26f71362-a48a-41de-9ada-52ca0d6b3643-groupManagement] INFO  server.RaftServerConfigKeys (ConfUtils.java:logGet(46)) - raft.server.threadpool.client.size = 0 (default)
2024-05-24 07:48:53,810 [26f71362-a48a-41de-9ada-52ca0d6b3643-groupManagement] INFO  server.RaftServerConfigKeys (ConfUtils.java:logGet(46)) - raft.server.storage.free-space.min = 0MB (=0) (default)
2024-05-24 07:48:53,810 [26f71362-a48a-41de-9ada-52ca0d6b3643-groupManagement] INFO  server.RaftServerConfigKeys (ConfUtils.java:logGet(46)) - raft.server.log.corruption.policy = EXCEPTION (default)
2024-05-24 07:48:53,810 [26f71362-a48a-41de-9ada-52ca0d6b3643-groupManagement] INFO  server.RaftServerConfigKeys (ConfUtils.java:logGet(46)) - raft.server.storage.dir = [/home/runner/work/ozone/ozone/hadoop-ozone/integration-test/target/test-dir/MiniOzoneClusterImpl-b501fab0-540e-4575-af6e-dde2336b059e/ozone-meta/datanode-7/ratis] (custom)
2024-05-24 07:48:53,810 [26f71362-a48a-41de-9ada-52ca0d6b3643-groupManagement] INFO  storage.RaftStorageDirectory (RaftStorageDirectoryImpl.java:analyzeStorage(138)) - The storage directory /home/runner/work/ozone/ozone/hadoop-ozone/integration-test/target/test-dir/MiniOzoneClusterImpl-b501fab0-540e-4575-af6e-dde2336b059e/ozone-meta/datanode-7/ratis/e2199128-a7b8-43c5-8a50-3979f1bf2552 does not exist. Creating ...
2024-05-24 07:48:53,811 [26f71362-a48a-41de-9ada-52ca0d6b3643-groupManagement] INFO  storage.RaftStorageDirectory (RaftStorageDirectoryImpl.java:tryLock(228)) - Lock on /home/runner/work/ozone/ozone/hadoop-ozone/integration-test/target/test-dir/MiniOzoneClusterImpl-b501fab0-540e-4575-af6e-dde2336b059e/ozone-meta/datanode-7/ratis/e2199128-a7b8-43c5-8a50-3979f1bf2552/in_use.lock acquired by nodename 29770@fv-az779-985
2024-05-24 07:48:53,812 [db578ef5-4e1f-4da7-abbd-ff28012a31de-groupManagement] INFO  server.RaftServerConfigKeys (ConfUtils.java:logGet(46)) - raft.server.log.segment.size.max = 67108864 (custom)
2024-05-24 07:48:53,813 [db578ef5-4e1f-4da7-abbd-ff28012a31de-groupManagement] INFO  server.RaftServerConfigKeys (ConfUtils.java:logGet(46)) - raft.server.log.segment.cache.num.max = 2 (custom)
2024-05-24 07:48:53,813 [26f71362-a48a-41de-9ada-52ca0d6b3643-groupManagement] INFO  storage.RaftStorage (RaftStorageImpl.java:format(99)) - Storage directory /home/runner/work/ozone/ozone/hadoop-ozone/integration-test/target/test-dir/MiniOzoneClusterImpl-b501fab0-540e-4575-af6e-dde2336b059e/ozone-meta/datanode-7/ratis/e2199128-a7b8-43c5-8a50-3979f1bf2552 has been successfully formatted.
2024-05-24 07:48:53,813 [db578ef5-4e1f-4da7-abbd-ff28012a31de-groupManagement] INFO  server.RaftServerConfigKeys (ConfUtils.java:logGet(46)) - raft.server.log.segment.cache.size.max = 200MB (=209715200) (default)
2024-05-24 07:48:53,813 [db578ef5-4e1f-4da7-abbd-ff28012a31de-groupManagement] INFO  server.RaftServerConfigKeys (ConfUtils.java:logGet(46)) - raft.server.log.appender.buffer.byte-limit = 8388608 (custom)
2024-05-24 07:48:53,814 [e689b99c-fc0b-4611-bf51-e78d9991fc84-groupManagement] INFO  util.AwaitToRun (AwaitToRun.java:start(81)) - Thread[e689b99c-fc0b-4611-bf51-e78d9991fc84@group-DF8DC201CEBC-cacheEviction-AwaitToRun,5,main] started
2024-05-24 07:48:53,814 [e689b99c-fc0b-4611-bf51-e78d9991fc84-groupManagement] INFO  segmented.SegmentedRaftLogWorker (SegmentedRaftLogWorker.java:<init>(182)) - new e689b99c-fc0b-4611-bf51-e78d9991fc84@group-DF8DC201CEBC-SegmentedRaftLogWorker for RaftStorageImpl:Storage Directory /home/runner/work/ozone/ozone/hadoop-ozone/integration-test/target/test-dir/MiniOzoneClusterImpl-b501fab0-540e-4575-af6e-dde2336b059e/ozone-meta/datanode-6/ratis/6091da91-ea71-4480-9c60-df8dc201cebc
2024-05-24 07:48:53,814 [e689b99c-fc0b-4611-bf51-e78d9991fc84-groupManagement] INFO  server.RaftServerConfigKeys (ConfUtils.java:logGet(46)) - raft.server.log.queue.byte-limit = 4294967296 (custom)
2024-05-24 07:48:53,814 [e689b99c-fc0b-4611-bf51-e78d9991fc84-groupManagement] INFO  server.RaftServerConfigKeys (ConfUtils.java:logGet(46)) - raft.server.log.queue.element-limit = 1024 (custom)
2024-05-24 07:48:53,814 [e689b99c-fc0b-4611-bf51-e78d9991fc84-groupManagement] INFO  server.RaftServerConfigKeys (ConfUtils.java:logGet(46)) - raft.server.log.segment.size.max = 67108864 (custom)
2024-05-24 07:48:53,814 [e689b99c-fc0b-4611-bf51-e78d9991fc84-groupManagement] INFO  server.RaftServerConfigKeys (ConfUtils.java:logGet(46)) - raft.server.log.preallocated.size = 4194304 (custom)
2024-05-24 07:48:53,814 [e689b99c-fc0b-4611-bf51-e78d9991fc84-groupManagement] INFO  server.RaftServerConfigKeys (ConfUtils.java:logGet(46)) - raft.server.log.force.sync.num = 128 (default)
2024-05-24 07:48:53,814 [e689b99c-fc0b-4611-bf51-e78d9991fc84-groupManagement] INFO  server.RaftServerConfigKeys (ConfUtils.java:logGet(46)) - raft.server.log.statemachine.data.sync = true (default)
2024-05-24 07:48:53,814 [e689b99c-fc0b-4611-bf51-e78d9991fc84-groupManagement] INFO  server.RaftServerConfigKeys (ConfUtils.java:logGet(46)) - raft.server.log.statemachine.data.sync.timeout = 10s (default)
2024-05-24 07:48:53,814 [e689b99c-fc0b-4611-bf51-e78d9991fc84-groupManagement] INFO  server.RaftServerConfigKeys (ConfUtils.java:logGet(46)) - raft.server.log.statemachine.data.sync.timeout.retry = 30 (custom)
2024-05-24 07:48:53,815 [713fd2b4-03fd-4bcc-8950-4119d378f2ca-groupManagement] INFO  util.AwaitToRun (AwaitToRun.java:start(81)) - Thread[713fd2b4-03fd-4bcc-8950-4119d378f2ca@group-332C9E309CA1-cacheEviction-AwaitToRun,5,main] started
2024-05-24 07:48:53,815 [713fd2b4-03fd-4bcc-8950-4119d378f2ca-groupManagement] INFO  segmented.SegmentedRaftLogWorker (SegmentedRaftLogWorker.java:<init>(182)) - new 713fd2b4-03fd-4bcc-8950-4119d378f2ca@group-332C9E309CA1-SegmentedRaftLogWorker for RaftStorageImpl:Storage Directory /home/runner/work/ozone/ozone/hadoop-ozone/integration-test/target/test-dir/MiniOzoneClusterImpl-b501fab0-540e-4575-af6e-dde2336b059e/ozone-meta/datanode-5/ratis/8878c401-de30-425e-a266-332c9e309ca1
2024-05-24 07:48:53,815 [713fd2b4-03fd-4bcc-8950-4119d378f2ca-groupManagement] INFO  server.RaftServerConfigKeys (ConfUtils.java:logGet(46)) - raft.server.log.queue.byte-limit = 4294967296 (custom)
2024-05-24 07:48:53,815 [713fd2b4-03fd-4bcc-8950-4119d378f2ca-groupManagement] INFO  server.RaftServerConfigKeys (ConfUtils.java:logGet(46)) - raft.server.log.queue.element-limit = 1024 (custom)
2024-05-24 07:48:53,815 [713fd2b4-03fd-4bcc-8950-4119d378f2ca-groupManagement] INFO  server.RaftServerConfigKeys (ConfUtils.java:logGet(46)) - raft.server.log.segment.size.max = 67108864 (custom)
2024-05-24 07:48:53,815 [713fd2b4-03fd-4bcc-8950-4119d378f2ca-groupManagement] INFO  server.RaftServerConfigKeys (ConfUtils.java:logGet(46)) - raft.server.log.preallocated.size = 4194304 (custom)
2024-05-24 07:48:53,815 [713fd2b4-03fd-4bcc-8950-4119d378f2ca-groupManagement] INFO  server.RaftServerConfigKeys (ConfUtils.java:logGet(46)) - raft.server.log.force.sync.num = 128 (default)
2024-05-24 07:48:53,815 [713fd2b4-03fd-4bcc-8950-4119d378f2ca-groupManagement] INFO  server.RaftServerConfigKeys (ConfUtils.java:logGet(46)) - raft.server.log.statemachine.data.sync = true (default)
2024-05-24 07:48:53,815 [713fd2b4-03fd-4bcc-8950-4119d378f2ca-groupManagement] INFO  server.RaftServerConfigKeys (ConfUtils.java:logGet(46)) - raft.server.log.statemachine.data.sync.timeout = 10s (default)
2024-05-24 07:48:53,815 [713fd2b4-03fd-4bcc-8950-4119d378f2ca-groupManagement] INFO  server.RaftServerConfigKeys (ConfUtils.java:logGet(46)) - raft.server.log.statemachine.data.sync.timeout.retry = 30 (custom)
2024-05-24 07:48:53,816 [713fd2b4-03fd-4bcc-8950-4119d378f2ca-groupManagement] INFO  server.RaftServerConfigKeys (ConfUtils.java:logGet(46)) - raft.server.log.write.buffer.size = 8388616 (custom)
2024-05-24 07:48:53,813 [26f71362-a48a-41de-9ada-52ca0d6b3643-groupManagement] WARN  util.FileUtils (LogUtils.java:supplyAndLog(63)) - Failed to Files.newInputStream /home/runner/work/ozone/ozone/hadoop-ozone/integration-test/target/test-dir/MiniOzoneClusterImpl-b501fab0-540e-4575-af6e-dde2336b059e/ozone-meta/datanode-7/ratis/e2199128-a7b8-43c5-8a50-3979f1bf2552/current/raft-meta.conf with options []: java.nio.file.NoSuchFileException: /home/runner/work/ozone/ozone/hadoop-ozone/integration-test/target/test-dir/MiniOzoneClusterImpl-b501fab0-540e-4575-af6e-dde2336b059e/ozone-meta/datanode-7/ratis/e2199128-a7b8-43c5-8a50-3979f1bf2552/current/raft-meta.conf
2024-05-24 07:48:53,815 [e689b99c-fc0b-4611-bf51-e78d9991fc84-groupManagement] INFO  server.RaftServerConfigKeys (ConfUtils.java:logGet(46)) - raft.server.log.write.buffer.size = 8388616 (custom)
2024-05-24 07:48:53,818 [713fd2b4-03fd-4bcc-8950-4119d378f2ca-groupManagement] INFO  server.RaftServerConfigKeys (ConfUtils.java:logGet(46)) - raft.server.log.appender.buffer.byte-limit = 8388608 (custom)
2024-05-24 07:48:53,818 [713fd2b4-03fd-4bcc-8950-4119d378f2ca-groupManagement] INFO  server.RaftServerConfigKeys (ConfUtils.java:logGet(46)) - raft.server.log.unsafe-flush.enabled = false (default)
2024-05-24 07:48:53,818 [713fd2b4-03fd-4bcc-8950-4119d378f2ca-groupManagement] INFO  server.RaftServerConfigKeys (ConfUtils.java:logGet(46)) - raft.server.log.async-flush.enabled = false (default)
2024-05-24 07:48:53,818 [713fd2b4-03fd-4bcc-8950-4119d378f2ca-groupManagement] INFO  server.RaftServerConfigKeys (ConfUtils.java:logGet(46)) - raft.server.log.statemachine.data.caching.enabled = true (custom)
2024-05-24 07:48:53,818 [713fd2b4-03fd-4bcc-8950-4119d378f2ca-groupManagement] INFO  segmented.SegmentedRaftLogWorker (SegmentedRaftLogWorker.java:lambda$new$0(134)) - 713fd2b4-03fd-4bcc-8950-4119d378f2ca@group-332C9E309CA1-SegmentedRaftLogWorker: flushIndex: setUnconditionally 0 -> -1
2024-05-24 07:48:53,818 [713fd2b4-03fd-4bcc-8950-4119d378f2ca-groupManagement] INFO  segmented.SegmentedRaftLogWorker (SegmentedRaftLogWorker.java:lambda$new$0(134)) - 713fd2b4-03fd-4bcc-8950-4119d378f2ca@group-332C9E309CA1-SegmentedRaftLogWorker: safeCacheEvictIndex: setUnconditionally 0 -> -1
2024-05-24 07:48:53,818 [EventQueue-OpenPipelineForHealthyPipelineSafeModeRule] INFO  safemode.SCMSafeModeManager (HealthyPipelineSafeModeRule.java:process(140)) - SCM in safe mode. Healthy pipelines reported count is 0, required healthy pipeline reported count is 1
2024-05-24 07:48:53,819 [26f71362-a48a-41de-9ada-52ca0d6b3643-groupManagement] INFO  ratis.ContainerStateMachine (ContainerStateMachine.java:loadSnapshot(287)) - group-3979F1BF2552: The snapshot info is null. Setting the last applied index to:(t:0, i:~)
2024-05-24 07:48:53,819 [26f71362-a48a-41de-9ada-52ca0d6b3643-groupManagement] INFO  server.RaftServerConfigKeys (ConfUtils.java:logGet(46)) - raft.server.log.use.memory = false (default)
2024-05-24 07:48:53,819 [26f71362-a48a-41de-9ada-52ca0d6b3643-groupManagement] INFO  server.RaftServerConfigKeys (ConfUtils.java:logGet(46)) - raft.server.log.purge.gap = 1000000 (custom)
2024-05-24 07:48:53,819 [26f71362-a48a-41de-9ada-52ca0d6b3643-groupManagement] INFO  server.RaftServerConfigKeys (ConfUtils.java:logGet(46)) - raft.server.log.appender.buffer.byte-limit = 8388608 (custom)
2024-05-24 07:48:53,819 [26f71362-a48a-41de-9ada-52ca0d6b3643-groupManagement] INFO  server.RaftServerConfigKeys (ConfUtils.java:logGet(46)) - raft.server.log.statemachine.data.read.timeout = 1000ms (default)
2024-05-24 07:48:53,819 [26f71362-a48a-41de-9ada-52ca0d6b3643-groupManagement] INFO  server.RaftServerConfigKeys (ConfUtils.java:logGet(46)) - raft.server.log.purge.preservation.log.num = 0 (default)
2024-05-24 07:48:53,820 [e689b99c-fc0b-4611-bf51-e78d9991fc84-groupManagement] INFO  server.RaftServerConfigKeys (ConfUtils.java:logGet(46)) - raft.server.log.appender.buffer.byte-limit = 8388608 (custom)
2024-05-24 07:48:53,820 [e689b99c-fc0b-4611-bf51-e78d9991fc84-groupManagement] INFO  server.RaftServerConfigKeys (ConfUtils.java:logGet(46)) - raft.server.log.unsafe-flush.enabled = false (default)
2024-05-24 07:48:53,821 [e689b99c-fc0b-4611-bf51-e78d9991fc84-groupManagement] INFO  server.RaftServerConfigKeys (ConfUtils.java:logGet(46)) - raft.server.log.async-flush.enabled = false (default)
2024-05-24 07:48:53,821 [e689b99c-fc0b-4611-bf51-e78d9991fc84-groupManagement] INFO  server.RaftServerConfigKeys (ConfUtils.java:logGet(46)) - raft.server.log.statemachine.data.caching.enabled = true (custom)
2024-05-24 07:48:53,821 [e689b99c-fc0b-4611-bf51-e78d9991fc84-groupManagement] INFO  segmented.SegmentedRaftLogWorker (SegmentedRaftLogWorker.java:lambda$new$0(134)) - e689b99c-fc0b-4611-bf51-e78d9991fc84@group-DF8DC201CEBC-SegmentedRaftLogWorker: flushIndex: setUnconditionally 0 -> -1
2024-05-24 07:48:53,821 [e689b99c-fc0b-4611-bf51-e78d9991fc84-groupManagement] INFO  segmented.SegmentedRaftLogWorker (SegmentedRaftLogWorker.java:lambda$new$0(134)) - e689b99c-fc0b-4611-bf51-e78d9991fc84@group-DF8DC201CEBC-SegmentedRaftLogWorker: safeCacheEvictIndex: setUnconditionally 0 -> -1
2024-05-24 07:48:53,824 [26f71362-a48a-41de-9ada-52ca0d6b3643-groupManagement] INFO  server.RaftServerConfigKeys (ConfUtils.java:logGet(46)) - raft.server.log.segment.size.max = 67108864 (custom)
2024-05-24 07:48:53,824 [26f71362-a48a-41de-9ada-52ca0d6b3643-groupManagement] INFO  server.RaftServerConfigKeys (ConfUtils.java:logGet(46)) - raft.server.log.segment.cache.num.max = 2 (custom)
2024-05-24 07:48:53,824 [26f71362-a48a-41de-9ada-52ca0d6b3643-groupManagement] INFO  server.RaftServerConfigKeys (ConfUtils.java:logGet(46)) - raft.server.log.segment.cache.size.max = 200MB (=209715200) (default)
2024-05-24 07:48:53,824 [26f71362-a48a-41de-9ada-52ca0d6b3643-groupManagement] INFO  server.RaftServerConfigKeys (ConfUtils.java:logGet(46)) - raft.server.log.appender.buffer.byte-limit = 8388608 (custom)
2024-05-24 07:48:53,827 [713fd2b4-03fd-4bcc-8950-4119d378f2ca-groupManagement] INFO  server.RaftServer$Division (RaftServerImpl.java:start(396)) - 713fd2b4-03fd-4bcc-8950-4119d378f2ca@group-332C9E309CA1: start as a follower, conf=-1: peers:[713fd2b4-03fd-4bcc-8950-4119d378f2ca|127.0.0.1:15050, db578ef5-4e1f-4da7-abbd-ff28012a31de|127.0.0.1:15041, e689b99c-fc0b-4611-bf51-e78d9991fc84|127.0.0.1:15059]|listeners:[], old=null
2024-05-24 07:48:53,827 [713fd2b4-03fd-4bcc-8950-4119d378f2ca-groupManagement] INFO  server.RaftServer$Division (RaftServerImpl.java:setRole(383)) - 713fd2b4-03fd-4bcc-8950-4119d378f2ca@group-332C9E309CA1: changes role from      null to FOLLOWER at term 0 for startAsFollower
2024-05-24 07:48:53,827 [713fd2b4-03fd-4bcc-8950-4119d378f2ca-groupManagement] INFO  impl.RoleInfo (RoleInfo.java:updateAndGet(139)) - 713fd2b4-03fd-4bcc-8950-4119d378f2ca: start 713fd2b4-03fd-4bcc-8950-4119d378f2ca@group-332C9E309CA1-FollowerState
2024-05-24 07:48:53,828 [713fd2b4-03fd-4bcc-8950-4119d378f2ca@group-332C9E309CA1-FollowerState] INFO  server.RaftServerConfigKeys (ConfUtils.java:logFallback(53)) - raft.server.rpc.first-election.timeout.min = 5s (fallback to raft.server.rpc.timeout.min)
2024-05-24 07:48:53,828 [713fd2b4-03fd-4bcc-8950-4119d378f2ca@group-332C9E309CA1-FollowerState] INFO  server.RaftServerConfigKeys (ConfUtils.java:logFallback(53)) - raft.server.rpc.first-election.timeout.max = 5200ms (fallback to raft.server.rpc.timeout.max)
2024-05-24 07:48:53,828 [713fd2b4-03fd-4bcc-8950-4119d378f2ca-groupManagement] INFO  util.JmxRegister (JmxRegister.java:tryRegister(44)) - Successfully registered JMX Bean with object name Ratis:service=RaftServer,group=group-332C9E309CA1,id=713fd2b4-03fd-4bcc-8950-4119d378f2ca
2024-05-24 07:48:53,828 [713fd2b4-03fd-4bcc-8950-4119d378f2ca-groupManagement] INFO  server.RaftServerConfigKeys (ConfUtils.java:logGet(46)) - raft.server.snapshot.trigger-when-stop.enabled = true (default)
2024-05-24 07:48:53,829 [713fd2b4-03fd-4bcc-8950-4119d378f2ca-groupManagement] INFO  server.RaftServerConfigKeys (ConfUtils.java:logGet(46)) - raft.server.snapshot.auto.trigger.enabled = true (custom)
2024-05-24 07:48:53,829 [713fd2b4-03fd-4bcc-8950-4119d378f2ca-groupManagement] INFO  server.RaftServerConfigKeys (ConfUtils.java:logGet(46)) - raft.server.snapshot.auto.trigger.threshold = 10000 (custom)
2024-05-24 07:48:53,829 [713fd2b4-03fd-4bcc-8950-4119d378f2ca-groupManagement] INFO  server.RaftServerConfigKeys (ConfUtils.java:logGet(46)) - raft.server.snapshot.retention.file.num = 5 (custom)
2024-05-24 07:48:53,829 [713fd2b4-03fd-4bcc-8950-4119d378f2ca-groupManagement] INFO  server.RaftServerConfigKeys (ConfUtils.java:logGet(46)) - raft.server.log.purge.upto.snapshot.index = false (default)
2024-05-24 07:48:53,835 [e689b99c-fc0b-4611-bf51-e78d9991fc84-groupManagement] INFO  server.RaftServer$Division (RaftServerImpl.java:start(396)) - e689b99c-fc0b-4611-bf51-e78d9991fc84@group-DF8DC201CEBC: start as a follower, conf=-1: peers:[713fd2b4-03fd-4bcc-8950-4119d378f2ca|127.0.0.1:15050, db578ef5-4e1f-4da7-abbd-ff28012a31de|127.0.0.1:15041, e689b99c-fc0b-4611-bf51-e78d9991fc84|127.0.0.1:15059]|listeners:[], old=null
2024-05-24 07:48:53,835 [e689b99c-fc0b-4611-bf51-e78d9991fc84-groupManagement] INFO  server.RaftServer$Division (RaftServerImpl.java:setRole(383)) - e689b99c-fc0b-4611-bf51-e78d9991fc84@group-DF8DC201CEBC: changes role from      null to FOLLOWER at term 0 for startAsFollower
2024-05-24 07:48:53,836 [e689b99c-fc0b-4611-bf51-e78d9991fc84-groupManagement] INFO  impl.RoleInfo (RoleInfo.java:updateAndGet(139)) - e689b99c-fc0b-4611-bf51-e78d9991fc84: start e689b99c-fc0b-4611-bf51-e78d9991fc84@group-DF8DC201CEBC-FollowerState
2024-05-24 07:48:53,836 [26f71362-a48a-41de-9ada-52ca0d6b3643-groupManagement] INFO  util.AwaitToRun (AwaitToRun.java:start(81)) - Thread[26f71362-a48a-41de-9ada-52ca0d6b3643@group-3979F1BF2552-cacheEviction-AwaitToRun,5,main] started
2024-05-24 07:48:53,836 [26f71362-a48a-41de-9ada-52ca0d6b3643-groupManagement] INFO  segmented.SegmentedRaftLogWorker (SegmentedRaftLogWorker.java:<init>(182)) - new 26f71362-a48a-41de-9ada-52ca0d6b3643@group-3979F1BF2552-SegmentedRaftLogWorker for RaftStorageImpl:Storage Directory /home/runner/work/ozone/ozone/hadoop-ozone/integration-test/target/test-dir/MiniOzoneClusterImpl-b501fab0-540e-4575-af6e-dde2336b059e/ozone-meta/datanode-7/ratis/e2199128-a7b8-43c5-8a50-3979f1bf2552
2024-05-24 07:48:53,836 [26f71362-a48a-41de-9ada-52ca0d6b3643-groupManagement] INFO  server.RaftServerConfigKeys (ConfUtils.java:logGet(46)) - raft.server.log.queue.byte-limit = 4294967296 (custom)
2024-05-24 07:48:53,836 [26f71362-a48a-41de-9ada-52ca0d6b3643-groupManagement] INFO  server.RaftServerConfigKeys (ConfUtils.java:logGet(46)) - raft.server.log.queue.element-limit = 1024 (custom)
2024-05-24 07:48:53,836 [26f71362-a48a-41de-9ada-52ca0d6b3643-groupManagement] INFO  server.RaftServerConfigKeys (ConfUtils.java:logGet(46)) - raft.server.log.segment.size.max = 67108864 (custom)
2024-05-24 07:48:53,836 [26f71362-a48a-41de-9ada-52ca0d6b3643-groupManagement] INFO  server.RaftServerConfigKeys (ConfUtils.java:logGet(46)) - raft.server.log.preallocated.size = 4194304 (custom)
2024-05-24 07:48:53,836 [26f71362-a48a-41de-9ada-52ca0d6b3643-groupManagement] INFO  server.RaftServerConfigKeys (ConfUtils.java:logGet(46)) - raft.server.log.force.sync.num = 128 (default)
2024-05-24 07:48:53,836 [26f71362-a48a-41de-9ada-52ca0d6b3643-groupManagement] INFO  server.RaftServerConfigKeys (ConfUtils.java:logGet(46)) - raft.server.log.statemachine.data.sync = true (default)
2024-05-24 07:48:53,837 [26f71362-a48a-41de-9ada-52ca0d6b3643-groupManagement] INFO  server.RaftServerConfigKeys (ConfUtils.java:logGet(46)) - raft.server.log.statemachine.data.sync.timeout = 10s (default)
2024-05-24 07:48:53,837 [26f71362-a48a-41de-9ada-52ca0d6b3643-groupManagement] INFO  server.RaftServerConfigKeys (ConfUtils.java:logGet(46)) - raft.server.log.statemachine.data.sync.timeout.retry = 30 (custom)
2024-05-24 07:48:53,837 [26f71362-a48a-41de-9ada-52ca0d6b3643-groupManagement] INFO  server.RaftServerConfigKeys (ConfUtils.java:logGet(46)) - raft.server.log.write.buffer.size = 8388616 (custom)
2024-05-24 07:48:53,839 [db578ef5-4e1f-4da7-abbd-ff28012a31de-groupManagement] INFO  util.AwaitToRun (AwaitToRun.java:start(81)) - Thread[db578ef5-4e1f-4da7-abbd-ff28012a31de@group-332C9E309CA1-cacheEviction-AwaitToRun,5,main] started
2024-05-24 07:48:53,839 [db578ef5-4e1f-4da7-abbd-ff28012a31de-groupManagement] INFO  segmented.SegmentedRaftLogWorker (SegmentedRaftLogWorker.java:<init>(182)) - new db578ef5-4e1f-4da7-abbd-ff28012a31de@group-332C9E309CA1-SegmentedRaftLogWorker for RaftStorageImpl:Storage Directory /home/runner/work/ozone/ozone/hadoop-ozone/integration-test/target/test-dir/MiniOzoneClusterImpl-b501fab0-540e-4575-af6e-dde2336b059e/ozone-meta/datanode-4/ratis/8878c401-de30-425e-a266-332c9e309ca1
2024-05-24 07:48:53,839 [db578ef5-4e1f-4da7-abbd-ff28012a31de-groupManagement] INFO  server.RaftServerConfigKeys (ConfUtils.java:logGet(46)) - raft.server.log.queue.byte-limit = 4294967296 (custom)
2024-05-24 07:48:53,839 [db578ef5-4e1f-4da7-abbd-ff28012a31de-groupManagement] INFO  server.RaftServerConfigKeys (ConfUtils.java:logGet(46)) - raft.server.log.queue.element-limit = 1024 (custom)
2024-05-24 07:48:53,839 [db578ef5-4e1f-4da7-abbd-ff28012a31de-groupManagement] INFO  server.RaftServerConfigKeys (ConfUtils.java:logGet(46)) - raft.server.log.segment.size.max = 67108864 (custom)
2024-05-24 07:48:53,839 [db578ef5-4e1f-4da7-abbd-ff28012a31de-groupManagement] INFO  server.RaftServerConfigKeys (ConfUtils.java:logGet(46)) - raft.server.log.preallocated.size = 4194304 (custom)
2024-05-24 07:48:53,839 [db578ef5-4e1f-4da7-abbd-ff28012a31de-groupManagement] INFO  server.RaftServerConfigKeys (ConfUtils.java:logGet(46)) - raft.server.log.force.sync.num = 128 (default)
2024-05-24 07:48:53,839 [db578ef5-4e1f-4da7-abbd-ff28012a31de-groupManagement] INFO  server.RaftServerConfigKeys (ConfUtils.java:logGet(46)) - raft.server.log.statemachine.data.sync = true (default)
2024-05-24 07:48:53,839 [db578ef5-4e1f-4da7-abbd-ff28012a31de-groupManagement] INFO  server.RaftServerConfigKeys (ConfUtils.java:logGet(46)) - raft.server.log.statemachine.data.sync.timeout = 10s (default)
2024-05-24 07:48:53,839 [db578ef5-4e1f-4da7-abbd-ff28012a31de-groupManagement] INFO  server.RaftServerConfigKeys (ConfUtils.java:logGet(46)) - raft.server.log.statemachine.data.sync.timeout.retry = 30 (custom)
2024-05-24 07:48:53,840 [26f71362-a48a-41de-9ada-52ca0d6b3643-groupManagement] INFO  server.RaftServerConfigKeys (ConfUtils.java:logGet(46)) - raft.server.log.appender.buffer.byte-limit = 8388608 (custom)
2024-05-24 07:48:53,840 [db578ef5-4e1f-4da7-abbd-ff28012a31de-groupManagement] INFO  server.RaftServerConfigKeys (ConfUtils.java:logGet(46)) - raft.server.log.write.buffer.size = 8388616 (custom)
2024-05-24 07:48:53,841 [26f71362-a48a-41de-9ada-52ca0d6b3643-groupManagement] INFO  server.RaftServerConfigKeys (ConfUtils.java:logGet(46)) - raft.server.log.unsafe-flush.enabled = false (default)
2024-05-24 07:48:53,841 [26f71362-a48a-41de-9ada-52ca0d6b3643-groupManagement] INFO  server.RaftServerConfigKeys (ConfUtils.java:logGet(46)) - raft.server.log.async-flush.enabled = false (default)
2024-05-24 07:48:53,841 [26f71362-a48a-41de-9ada-52ca0d6b3643-groupManagement] INFO  server.RaftServerConfigKeys (ConfUtils.java:logGet(46)) - raft.server.log.statemachine.data.caching.enabled = true (custom)
2024-05-24 07:48:53,841 [26f71362-a48a-41de-9ada-52ca0d6b3643-groupManagement] INFO  segmented.SegmentedRaftLogWorker (SegmentedRaftLogWorker.java:lambda$new$0(134)) - 26f71362-a48a-41de-9ada-52ca0d6b3643@group-3979F1BF2552-SegmentedRaftLogWorker: flushIndex: setUnconditionally 0 -> -1
2024-05-24 07:48:53,841 [26f71362-a48a-41de-9ada-52ca0d6b3643-groupManagement] INFO  segmented.SegmentedRaftLogWorker (SegmentedRaftLogWorker.java:lambda$new$0(134)) - 26f71362-a48a-41de-9ada-52ca0d6b3643@group-3979F1BF2552-SegmentedRaftLogWorker: safeCacheEvictIndex: setUnconditionally 0 -> -1
2024-05-24 07:48:53,842 [db578ef5-4e1f-4da7-abbd-ff28012a31de-groupManagement] INFO  server.RaftServerConfigKeys (ConfUtils.java:logGet(46)) - raft.server.log.appender.buffer.byte-limit = 8388608 (custom)
2024-05-24 07:48:53,842 [db578ef5-4e1f-4da7-abbd-ff28012a31de-groupManagement] INFO  server.RaftServerConfigKeys (ConfUtils.java:logGet(46)) - raft.server.log.unsafe-flush.enabled = false (default)
2024-05-24 07:48:53,842 [db578ef5-4e1f-4da7-abbd-ff28012a31de-groupManagement] INFO  server.RaftServerConfigKeys (ConfUtils.java:logGet(46)) - raft.server.log.async-flush.enabled = false (default)
2024-05-24 07:48:53,842 [db578ef5-4e1f-4da7-abbd-ff28012a31de-groupManagement] INFO  server.RaftServerConfigKeys (ConfUtils.java:logGet(46)) - raft.server.log.statemachine.data.caching.enabled = true (custom)
2024-05-24 07:48:53,842 [db578ef5-4e1f-4da7-abbd-ff28012a31de-groupManagement] INFO  segmented.SegmentedRaftLogWorker (SegmentedRaftLogWorker.java:lambda$new$0(134)) - db578ef5-4e1f-4da7-abbd-ff28012a31de@group-332C9E309CA1-SegmentedRaftLogWorker: flushIndex: setUnconditionally 0 -> -1
2024-05-24 07:48:53,842 [db578ef5-4e1f-4da7-abbd-ff28012a31de-groupManagement] INFO  segmented.SegmentedRaftLogWorker (SegmentedRaftLogWorker.java:lambda$new$0(134)) - db578ef5-4e1f-4da7-abbd-ff28012a31de@group-332C9E309CA1-SegmentedRaftLogWorker: safeCacheEvictIndex: setUnconditionally 0 -> -1
2024-05-24 07:48:53,845 [713fd2b4-03fd-4bcc-8950-4119d378f2ca-PipelineCommandHandlerThread-0] INFO  ratis.XceiverServerRatis (XceiverServerRatis.java:addGroup(864)) - Created group PipelineID=8878c401-de30-425e-a266-332c9e309ca1
2024-05-24 07:48:53,846 [e689b99c-fc0b-4611-bf51-e78d9991fc84-groupManagement] INFO  util.JmxRegister (JmxRegister.java:tryRegister(44)) - Successfully registered JMX Bean with object name Ratis:service=RaftServer,group=group-DF8DC201CEBC,id=e689b99c-fc0b-4611-bf51-e78d9991fc84
2024-05-24 07:48:53,846 [e689b99c-fc0b-4611-bf51-e78d9991fc84-groupManagement] INFO  server.RaftServerConfigKeys (ConfUtils.java:logGet(46)) - raft.server.snapshot.trigger-when-stop.enabled = true (default)
2024-05-24 07:48:53,846 [e689b99c-fc0b-4611-bf51-e78d9991fc84-groupManagement] INFO  server.RaftServerConfigKeys (ConfUtils.java:logGet(46)) - raft.server.snapshot.auto.trigger.enabled = true (custom)
2024-05-24 07:48:53,846 [e689b99c-fc0b-4611-bf51-e78d9991fc84-groupManagement] INFO  server.RaftServerConfigKeys (ConfUtils.java:logGet(46)) - raft.server.snapshot.auto.trigger.threshold = 10000 (custom)
2024-05-24 07:48:53,846 [e689b99c-fc0b-4611-bf51-e78d9991fc84-groupManagement] INFO  server.RaftServerConfigKeys (ConfUtils.java:logGet(46)) - raft.server.snapshot.retention.file.num = 5 (custom)
2024-05-24 07:48:53,846 [e689b99c-fc0b-4611-bf51-e78d9991fc84-groupManagement] INFO  server.RaftServerConfigKeys (ConfUtils.java:logGet(46)) - raft.server.log.purge.upto.snapshot.index = false (default)
2024-05-24 07:48:53,848 [e689b99c-fc0b-4611-bf51-e78d9991fc84@group-DF8DC201CEBC-FollowerState] INFO  server.RaftServerConfigKeys (ConfUtils.java:logFallback(53)) - raft.server.rpc.first-election.timeout.min = 5s (fallback to raft.server.rpc.timeout.min)
2024-05-24 07:48:53,848 [e689b99c-fc0b-4611-bf51-e78d9991fc84@group-DF8DC201CEBC-FollowerState] INFO  server.RaftServerConfigKeys (ConfUtils.java:logFallback(53)) - raft.server.rpc.first-election.timeout.max = 5200ms (fallback to raft.server.rpc.timeout.max)
2024-05-24 07:48:53,852 [9cef26bd-fad7-4006-851f-097a618c2ff8-PipelineCommandHandlerThread-0] INFO  server.RaftServer (RaftServerProxy.java:addNew(100)) - 9cef26bd-fad7-4006-851f-097a618c2ff8: addNew group-6AF30226E65E:[9cef26bd-fad7-4006-851f-097a618c2ff8|127.0.0.1:15077] returns group-6AF30226E65E:java.util.concurrent.CompletableFuture@3b9449f3[Not completed]
2024-05-24 07:48:53,853 [9cef26bd-fad7-4006-851f-097a618c2ff8-groupManagement] INFO  server.RaftServer$Division (RaftServerImpl.java:<init>(256)) - 9cef26bd-fad7-4006-851f-097a618c2ff8: new RaftServerImpl for group-6AF30226E65E:[9cef26bd-fad7-4006-851f-097a618c2ff8|127.0.0.1:15077] with ContainerStateMachine:uninitialized
2024-05-24 07:48:53,853 [9cef26bd-fad7-4006-851f-097a618c2ff8-groupManagement] INFO  server.RaftServerConfigKeys (ConfUtils.java:logGet(46)) - raft.server.rpc.timeout.min = 5s (custom)
2024-05-24 07:48:53,853 [9cef26bd-fad7-4006-851f-097a618c2ff8-groupManagement] INFO  server.RaftServerConfigKeys (ConfUtils.java:logGet(46)) - raft.server.rpc.timeout.max = 5200ms (custom)
2024-05-24 07:48:53,853 [9cef26bd-fad7-4006-851f-097a618c2ff8-groupManagement] INFO  server.RaftServerConfigKeys (ConfUtils.java:logGet(46)) - raft.server.rpc.sleep.time = 25ms (default)
2024-05-24 07:48:53,853 [9cef26bd-fad7-4006-851f-097a618c2ff8-groupManagement] INFO  server.RaftServerConfigKeys (ConfUtils.java:logGet(46)) - raft.server.rpc.slowness.timeout = 300s (custom)
2024-05-24 07:48:53,853 [9cef26bd-fad7-4006-851f-097a618c2ff8-groupManagement] INFO  server.RaftServerConfigKeys (ConfUtils.java:logGet(46)) - raft.server.leaderelection.leader.step-down.wait-time = 10s (default)
2024-05-24 07:48:53,853 [9cef26bd-fad7-4006-851f-097a618c2ff8-groupManagement] INFO  server.RaftServerConfigKeys (ConfUtils.java:logGet(46)) - raft.server.leaderelection.member.majority-add = false (default)
2024-05-24 07:48:53,853 [9cef26bd-fad7-4006-851f-097a618c2ff8-groupManagement] INFO  server.RaftServerConfigKeys (ConfUtils.java:logGet(46)) - raft.server.sleep.deviation.threshold = 300ms (default)
2024-05-24 07:48:53,853 [9cef26bd-fad7-4006-851f-097a618c2ff8-groupManagement] INFO  server.RaftServer$Division (ServerState.java:<init>(113)) - 9cef26bd-fad7-4006-851f-097a618c2ff8@group-6AF30226E65E: ConfigurationManager, init=-1: peers:[9cef26bd-fad7-4006-851f-097a618c2ff8|127.0.0.1:15077]|listeners:[], old=null, confs=<EMPTY_MAP>
2024-05-24 07:48:53,853 [9cef26bd-fad7-4006-851f-097a618c2ff8-groupManagement] INFO  server.RaftServerConfigKeys (ConfUtils.java:logGet(46)) - raft.server.notification.no-leader.timeout = 300s (custom)
2024-05-24 07:48:53,853 [9cef26bd-fad7-4006-851f-097a618c2ff8-groupManagement] INFO  server.RaftServerConfigKeys (ConfUtils.java:logGet(46)) - raft.server.read.timeout = 10s (default)
2024-05-24 07:48:53,853 [9cef26bd-fad7-4006-851f-097a618c2ff8-groupManagement] INFO  server.RaftServerConfigKeys (ConfUtils.java:logGet(46)) - raft.server.retrycache.expirytime = 600000ms (custom)
2024-05-24 07:48:53,854 [9cef26bd-fad7-4006-851f-097a618c2ff8-groupManagement] INFO  server.RaftServerConfigKeys (ConfUtils.java:logGet(46)) - raft.server.retrycache.statistics.expirytime = 100ms (default)
2024-05-24 07:48:53,854 [9cef26bd-fad7-4006-851f-097a618c2ff8-groupManagement] INFO  server.RaftServerConfigKeys (ConfUtils.java:logGet(46)) - raft.server.read.option = DEFAULT (default)
2024-05-24 07:48:53,854 [9cef26bd-fad7-4006-851f-097a618c2ff8-groupManagement] INFO  server.RaftServerConfigKeys (ConfUtils.java:logGet(46)) - raft.server.read.read-after-write-consistent.write-index-cache.expiry-time = 60s (default)
2024-05-24 07:48:53,857 [grpc-default-executor-2] INFO  server.RaftServer (RaftServerProxy.java:addNew(100)) - e689b99c-fc0b-4611-bf51-e78d9991fc84: addNew group-332C9E309CA1:[713fd2b4-03fd-4bcc-8950-4119d378f2ca|127.0.0.1:15050, db578ef5-4e1f-4da7-abbd-ff28012a31de|127.0.0.1:15041, e689b99c-fc0b-4611-bf51-e78d9991fc84|127.0.0.1:15059] returns group-332C9E309CA1:java.util.concurrent.CompletableFuture@6c4ba568[Not completed]
2024-05-24 07:48:53,860 [9cef26bd-fad7-4006-851f-097a618c2ff8-groupManagement] INFO  server.RaftServerConfigKeys (ConfUtils.java:logGet(46)) - raft.server.rpc.request.timeout = 60s (custom)
2024-05-24 07:48:53,860 [db578ef5-4e1f-4da7-abbd-ff28012a31de-groupManagement] INFO  server.RaftServer$Division (RaftServerImpl.java:start(396)) - db578ef5-4e1f-4da7-abbd-ff28012a31de@group-332C9E309CA1: start as a follower, conf=-1: peers:[713fd2b4-03fd-4bcc-8950-4119d378f2ca|127.0.0.1:15050, db578ef5-4e1f-4da7-abbd-ff28012a31de|127.0.0.1:15041, e689b99c-fc0b-4611-bf51-e78d9991fc84|127.0.0.1:15059]|listeners:[], old=null
2024-05-24 07:48:53,860 [db578ef5-4e1f-4da7-abbd-ff28012a31de-groupManagement] INFO  server.RaftServer$Division (RaftServerImpl.java:setRole(383)) - db578ef5-4e1f-4da7-abbd-ff28012a31de@group-332C9E309CA1: changes role from      null to FOLLOWER at term 0 for startAsFollower
2024-05-24 07:48:53,860 [db578ef5-4e1f-4da7-abbd-ff28012a31de-groupManagement] INFO  impl.RoleInfo (RoleInfo.java:updateAndGet(139)) - db578ef5-4e1f-4da7-abbd-ff28012a31de: start db578ef5-4e1f-4da7-abbd-ff28012a31de@group-332C9E309CA1-FollowerState
2024-05-24 07:48:53,860 [9cef26bd-fad7-4006-851f-097a618c2ff8-groupManagement] INFO  server.RaftServerConfigKeys (ConfUtils.java:logGet(46)) - raft.server.log.appender.install.snapshot.enabled = false (custom)
2024-05-24 07:48:53,861 [9cef26bd-fad7-4006-851f-097a618c2ff8-groupManagement] INFO  server.RaftServerConfigKeys (ConfUtils.java:logGet(46)) - raft.server.threadpool.server.cached = true (default)
2024-05-24 07:48:53,862 [9cef26bd-fad7-4006-851f-097a618c2ff8-groupManagement] INFO  server.RaftServerConfigKeys (ConfUtils.java:logGet(46)) - raft.server.threadpool.server.size = 0 (default)
2024-05-24 07:48:53,862 [9cef26bd-fad7-4006-851f-097a618c2ff8-groupManagement] INFO  server.RaftServerConfigKeys (ConfUtils.java:logGet(46)) - raft.server.threadpool.client.cached = true (default)
2024-05-24 07:48:53,862 [9cef26bd-fad7-4006-851f-097a618c2ff8-groupManagement] INFO  server.RaftServerConfigKeys (ConfUtils.java:logGet(46)) - raft.server.threadpool.client.size = 0 (default)
2024-05-24 07:48:53,862 [9cef26bd-fad7-4006-851f-097a618c2ff8-groupManagement] INFO  server.RaftServerConfigKeys (ConfUtils.java:logGet(46)) - raft.server.storage.free-space.min = 0MB (=0) (default)
2024-05-24 07:48:53,862 [9cef26bd-fad7-4006-851f-097a618c2ff8-groupManagement] INFO  server.RaftServerConfigKeys (ConfUtils.java:logGet(46)) - raft.server.log.corruption.policy = EXCEPTION (default)
2024-05-24 07:48:53,862 [9cef26bd-fad7-4006-851f-097a618c2ff8-groupManagement] INFO  server.RaftServerConfigKeys (ConfUtils.java:logGet(46)) - raft.server.storage.dir = [/home/runner/work/ozone/ozone/hadoop-ozone/integration-test/target/test-dir/MiniOzoneClusterImpl-b501fab0-540e-4575-af6e-dde2336b059e/ozone-meta/datanode-8/ratis] (custom)
2024-05-24 07:48:53,863 [9cef26bd-fad7-4006-851f-097a618c2ff8-groupManagement] INFO  storage.RaftStorageDirectory (RaftStorageDirectoryImpl.java:analyzeStorage(138)) - The storage directory /home/runner/work/ozone/ozone/hadoop-ozone/integration-test/target/test-dir/MiniOzoneClusterImpl-b501fab0-540e-4575-af6e-dde2336b059e/ozone-meta/datanode-8/ratis/690f895d-7d68-4613-bc2a-6af30226e65e does not exist. Creating ...
2024-05-24 07:48:53,863 [db578ef5-4e1f-4da7-abbd-ff28012a31de-groupManagement] INFO  util.JmxRegister (JmxRegister.java:tryRegister(44)) - Successfully registered JMX Bean with object name Ratis:service=RaftServer,group=group-332C9E309CA1,id=db578ef5-4e1f-4da7-abbd-ff28012a31de
2024-05-24 07:48:53,863 [db578ef5-4e1f-4da7-abbd-ff28012a31de-groupManagement] INFO  server.RaftServerConfigKeys (ConfUtils.java:logGet(46)) - raft.server.snapshot.trigger-when-stop.enabled = true (default)
2024-05-24 07:48:53,863 [db578ef5-4e1f-4da7-abbd-ff28012a31de-groupManagement] INFO  server.RaftServerConfigKeys (ConfUtils.java:logGet(46)) - raft.server.snapshot.auto.trigger.enabled = true (custom)
2024-05-24 07:48:53,863 [db578ef5-4e1f-4da7-abbd-ff28012a31de-groupManagement] INFO  server.RaftServerConfigKeys (ConfUtils.java:logGet(46)) - raft.server.snapshot.auto.trigger.threshold = 10000 (custom)
2024-05-24 07:48:53,863 [db578ef5-4e1f-4da7-abbd-ff28012a31de-groupManagement] INFO  server.RaftServerConfigKeys (ConfUtils.java:logGet(46)) - raft.server.snapshot.retention.file.num = 5 (custom)
2024-05-24 07:48:53,863 [db578ef5-4e1f-4da7-abbd-ff28012a31de-groupManagement] INFO  server.RaftServerConfigKeys (ConfUtils.java:logGet(46)) - raft.server.log.purge.upto.snapshot.index = false (default)
2024-05-24 07:48:53,864 [db578ef5-4e1f-4da7-abbd-ff28012a31de@group-332C9E309CA1-FollowerState] INFO  server.RaftServerConfigKeys (ConfUtils.java:logFallback(53)) - raft.server.rpc.first-election.timeout.min = 5s (fallback to raft.server.rpc.timeout.min)
2024-05-24 07:48:53,864 [db578ef5-4e1f-4da7-abbd-ff28012a31de@group-332C9E309CA1-FollowerState] INFO  server.RaftServerConfigKeys (ConfUtils.java:logFallback(53)) - raft.server.rpc.first-election.timeout.max = 5200ms (fallback to raft.server.rpc.timeout.max)
2024-05-24 07:48:53,863 [26f71362-a48a-41de-9ada-52ca0d6b3643-groupManagement] INFO  server.RaftServer$Division (RaftServerImpl.java:start(396)) - 26f71362-a48a-41de-9ada-52ca0d6b3643@group-3979F1BF2552: start as a follower, conf=-1: peers:[b4e39294-6870-4830-abfa-7517d5dcbfab|127.0.0.1:15086, 9cef26bd-fad7-4006-851f-097a618c2ff8|127.0.0.1:15077, 26f71362-a48a-41de-9ada-52ca0d6b3643|127.0.0.1:15068]|listeners:[], old=null
2024-05-24 07:48:53,865 [26f71362-a48a-41de-9ada-52ca0d6b3643-groupManagement] INFO  server.RaftServer$Division (RaftServerImpl.java:setRole(383)) - 26f71362-a48a-41de-9ada-52ca0d6b3643@group-3979F1BF2552: changes role from      null to FOLLOWER at term 0 for startAsFollower
2024-05-24 07:48:53,865 [26f71362-a48a-41de-9ada-52ca0d6b3643-groupManagement] INFO  impl.RoleInfo (RoleInfo.java:updateAndGet(139)) - 26f71362-a48a-41de-9ada-52ca0d6b3643: start 26f71362-a48a-41de-9ada-52ca0d6b3643@group-3979F1BF2552-FollowerState
2024-05-24 07:48:53,865 [db578ef5-4e1f-4da7-abbd-ff28012a31de-PipelineCommandHandlerThread-0] INFO  ratis.XceiverServerRatis (XceiverServerRatis.java:addGroup(864)) - Created group PipelineID=8878c401-de30-425e-a266-332c9e309ca1
2024-05-24 07:48:53,866 [9cef26bd-fad7-4006-851f-097a618c2ff8-groupManagement] INFO  storage.RaftStorageDirectory (RaftStorageDirectoryImpl.java:tryLock(228)) - Lock on /home/runner/work/ozone/ozone/hadoop-ozone/integration-test/target/test-dir/MiniOzoneClusterImpl-b501fab0-540e-4575-af6e-dde2336b059e/ozone-meta/datanode-8/ratis/690f895d-7d68-4613-bc2a-6af30226e65e/in_use.lock acquired by nodename 29770@fv-az779-985
2024-05-24 07:48:53,866 [e689b99c-fc0b-4611-bf51-e78d9991fc84-groupManagement] INFO  server.RaftServer$Division (RaftServerImpl.java:<init>(256)) - e689b99c-fc0b-4611-bf51-e78d9991fc84: new RaftServerImpl for group-332C9E309CA1:[713fd2b4-03fd-4bcc-8950-4119d378f2ca|127.0.0.1:15050, db578ef5-4e1f-4da7-abbd-ff28012a31de|127.0.0.1:15041, e689b99c-fc0b-4611-bf51-e78d9991fc84|127.0.0.1:15059] with ContainerStateMachine:uninitialized
2024-05-24 07:48:53,866 [e689b99c-fc0b-4611-bf51-e78d9991fc84-groupManagement] INFO  server.RaftServerConfigKeys (ConfUtils.java:logGet(46)) - raft.server.rpc.timeout.min = 5s (custom)
2024-05-24 07:48:53,866 [e689b99c-fc0b-4611-bf51-e78d9991fc84-groupManagement] INFO  server.RaftServerConfigKeys (ConfUtils.java:logGet(46)) - raft.server.rpc.timeout.max = 5200ms (custom)
2024-05-24 07:48:53,866 [e689b99c-fc0b-4611-bf51-e78d9991fc84-groupManagement] INFO  server.RaftServerConfigKeys (ConfUtils.java:logGet(46)) - raft.server.rpc.sleep.time = 25ms (default)
2024-05-24 07:48:53,866 [e689b99c-fc0b-4611-bf51-e78d9991fc84-groupManagement] INFO  server.RaftServerConfigKeys (ConfUtils.java:logGet(46)) - raft.server.rpc.slowness.timeout = 300s (custom)
2024-05-24 07:48:53,867 [e689b99c-fc0b-4611-bf51-e78d9991fc84-groupManagement] INFO  server.RaftServerConfigKeys (ConfUtils.java:logGet(46)) - raft.server.leaderelection.leader.step-down.wait-time = 10s (default)
2024-05-24 07:48:53,867 [e689b99c-fc0b-4611-bf51-e78d9991fc84-groupManagement] INFO  server.RaftServerConfigKeys (ConfUtils.java:logGet(46)) - raft.server.leaderelection.member.majority-add = false (default)
2024-05-24 07:48:53,867 [e689b99c-fc0b-4611-bf51-e78d9991fc84-groupManagement] INFO  server.RaftServerConfigKeys (ConfUtils.java:logGet(46)) - raft.server.sleep.deviation.threshold = 300ms (default)
2024-05-24 07:48:53,867 [e689b99c-fc0b-4611-bf51-e78d9991fc84-groupManagement] INFO  server.RaftServer$Division (ServerState.java:<init>(113)) - e689b99c-fc0b-4611-bf51-e78d9991fc84@group-332C9E309CA1: ConfigurationManager, init=-1: peers:[713fd2b4-03fd-4bcc-8950-4119d378f2ca|127.0.0.1:15050, db578ef5-4e1f-4da7-abbd-ff28012a31de|127.0.0.1:15041, e689b99c-fc0b-4611-bf51-e78d9991fc84|127.0.0.1:15059]|listeners:[], old=null, confs=<EMPTY_MAP>
2024-05-24 07:48:53,867 [e689b99c-fc0b-4611-bf51-e78d9991fc84-groupManagement] INFO  server.RaftServerConfigKeys (ConfUtils.java:logGet(46)) - raft.server.notification.no-leader.timeout = 300s (custom)
2024-05-24 07:48:53,867 [e689b99c-fc0b-4611-bf51-e78d9991fc84-groupManagement] INFO  server.RaftServerConfigKeys (ConfUtils.java:logGet(46)) - raft.server.read.timeout = 10s (default)
2024-05-24 07:48:53,867 [e689b99c-fc0b-4611-bf51-e78d9991fc84-groupManagement] INFO  server.RaftServerConfigKeys (ConfUtils.java:logGet(46)) - raft.server.retrycache.expirytime = 600000ms (custom)
2024-05-24 07:48:53,867 [e689b99c-fc0b-4611-bf51-e78d9991fc84-groupManagement] INFO  server.RaftServerConfigKeys (ConfUtils.java:logGet(46)) - raft.server.retrycache.statistics.expirytime = 100ms (default)
2024-05-24 07:48:53,867 [e689b99c-fc0b-4611-bf51-e78d9991fc84-groupManagement] INFO  server.RaftServerConfigKeys (ConfUtils.java:logGet(46)) - raft.server.read.option = DEFAULT (default)
2024-05-24 07:48:53,867 [e689b99c-fc0b-4611-bf51-e78d9991fc84-PipelineCommandHandlerThread-0] INFO  ratis.XceiverServerRatis (XceiverServerRatis.java:addGroup(864)) - Created group PipelineID=6091da91-ea71-4480-9c60-df8dc201cebc
2024-05-24 07:48:53,867 [9cef26bd-fad7-4006-851f-097a618c2ff8-groupManagement] INFO  storage.RaftStorage (RaftStorageImpl.java:format(99)) - Storage directory /home/runner/work/ozone/ozone/hadoop-ozone/integration-test/target/test-dir/MiniOzoneClusterImpl-b501fab0-540e-4575-af6e-dde2336b059e/ozone-meta/datanode-8/ratis/690f895d-7d68-4613-bc2a-6af30226e65e has been successfully formatted.
2024-05-24 07:48:53,869 [9cef26bd-fad7-4006-851f-097a618c2ff8-groupManagement] WARN  util.FileUtils (LogUtils.java:supplyAndLog(63)) - Failed to Files.newInputStream /home/runner/work/ozone/ozone/hadoop-ozone/integration-test/target/test-dir/MiniOzoneClusterImpl-b501fab0-540e-4575-af6e-dde2336b059e/ozone-meta/datanode-8/ratis/690f895d-7d68-4613-bc2a-6af30226e65e/current/raft-meta.conf with options []: java.nio.file.NoSuchFileException: /home/runner/work/ozone/ozone/hadoop-ozone/integration-test/target/test-dir/MiniOzoneClusterImpl-b501fab0-540e-4575-af6e-dde2336b059e/ozone-meta/datanode-8/ratis/690f895d-7d68-4613-bc2a-6af30226e65e/current/raft-meta.conf
2024-05-24 07:48:53,869 [9cef26bd-fad7-4006-851f-097a618c2ff8-groupManagement] INFO  ratis.ContainerStateMachine (ContainerStateMachine.java:loadSnapshot(287)) - group-6AF30226E65E: The snapshot info is null. Setting the last applied index to:(t:0, i:~)
2024-05-24 07:48:53,870 [9cef26bd-fad7-4006-851f-097a618c2ff8-groupManagement] INFO  server.RaftServerConfigKeys (ConfUtils.java:logGet(46)) - raft.server.log.use.memory = false (default)
2024-05-24 07:48:53,870 [9cef26bd-fad7-4006-851f-097a618c2ff8-groupManagement] INFO  server.RaftServerConfigKeys (ConfUtils.java:logGet(46)) - raft.server.log.purge.gap = 1000000 (custom)
2024-05-24 07:48:53,870 [9cef26bd-fad7-4006-851f-097a618c2ff8-groupManagement] INFO  server.RaftServerConfigKeys (ConfUtils.java:logGet(46)) - raft.server.log.appender.buffer.byte-limit = 8388608 (custom)
2024-05-24 07:48:53,870 [9cef26bd-fad7-4006-851f-097a618c2ff8-groupManagement] INFO  server.RaftServerConfigKeys (ConfUtils.java:logGet(46)) - raft.server.log.statemachine.data.read.timeout = 1000ms (default)
2024-05-24 07:48:53,870 [9cef26bd-fad7-4006-851f-097a618c2ff8-groupManagement] INFO  server.RaftServerConfigKeys (ConfUtils.java:logGet(46)) - raft.server.log.purge.preservation.log.num = 0 (default)
2024-05-24 07:48:53,872 [26f71362-a48a-41de-9ada-52ca0d6b3643-groupManagement] INFO  util.JmxRegister (JmxRegister.java:tryRegister(44)) - Successfully registered JMX Bean with object name Ratis:service=RaftServer,group=group-3979F1BF2552,id=26f71362-a48a-41de-9ada-52ca0d6b3643
2024-05-24 07:48:53,872 [26f71362-a48a-41de-9ada-52ca0d6b3643-groupManagement] INFO  server.RaftServerConfigKeys (ConfUtils.java:logGet(46)) - raft.server.snapshot.trigger-when-stop.enabled = true (default)
2024-05-24 07:48:53,872 [26f71362-a48a-41de-9ada-52ca0d6b3643-groupManagement] INFO  server.RaftServerConfigKeys (ConfUtils.java:logGet(46)) - raft.server.snapshot.auto.trigger.enabled = true (custom)
2024-05-24 07:48:53,872 [26f71362-a48a-41de-9ada-52ca0d6b3643-groupManagement] INFO  server.RaftServerConfigKeys (ConfUtils.java:logGet(46)) - raft.server.snapshot.auto.trigger.threshold = 10000 (custom)
2024-05-24 07:48:53,872 [26f71362-a48a-41de-9ada-52ca0d6b3643-groupManagement] INFO  server.RaftServerConfigKeys (ConfUtils.java:logGet(46)) - raft.server.snapshot.retention.file.num = 5 (custom)
2024-05-24 07:48:53,872 [26f71362-a48a-41de-9ada-52ca0d6b3643-groupManagement] INFO  server.RaftServerConfigKeys (ConfUtils.java:logGet(46)) - raft.server.log.purge.upto.snapshot.index = false (default)
2024-05-24 07:48:53,874 [EventQueue-PipelineReportForPipelineReportHandler] INFO  pipeline.PipelineReportHandler (PipelineReportHandler.java:processPipelineReport(136)) - Opened pipeline PipelineID=690f895d-7d68-4613-bc2a-6af30226e65e
2024-05-24 07:48:53,874 [EventQueue-OpenPipelineForHealthyPipelineSafeModeRule] INFO  safemode.SCMSafeModeManager (HealthyPipelineSafeModeRule.java:process(140)) - SCM in safe mode. Healthy pipelines reported count is 0, required healthy pipeline reported count is 1
2024-05-24 07:48:53,875 [e689b99c-fc0b-4611-bf51-e78d9991fc84-groupManagement] INFO  server.RaftServerConfigKeys (ConfUtils.java:logGet(46)) - raft.server.read.read-after-write-consistent.write-index-cache.expiry-time = 60s (default)
2024-05-24 07:48:53,877 [9cef26bd-fad7-4006-851f-097a618c2ff8-groupManagement] INFO  server.RaftServerConfigKeys (ConfUtils.java:logGet(46)) - raft.server.log.segment.size.max = 67108864 (custom)
2024-05-24 07:48:53,881 [9cef26bd-fad7-4006-851f-097a618c2ff8-groupManagement] INFO  server.RaftServerConfigKeys (ConfUtils.java:logGet(46)) - raft.server.log.segment.cache.num.max = 2 (custom)
2024-05-24 07:48:53,881 [9cef26bd-fad7-4006-851f-097a618c2ff8-groupManagement] INFO  server.RaftServerConfigKeys (ConfUtils.java:logGet(46)) - raft.server.log.segment.cache.size.max = 200MB (=209715200) (default)
2024-05-24 07:48:53,881 [9cef26bd-fad7-4006-851f-097a618c2ff8-groupManagement] INFO  server.RaftServerConfigKeys (ConfUtils.java:logGet(46)) - raft.server.log.appender.buffer.byte-limit = 8388608 (custom)
2024-05-24 07:48:53,886 [e689b99c-fc0b-4611-bf51-e78d9991fc84-groupManagement] INFO  server.RaftServerConfigKeys (ConfUtils.java:logGet(46)) - raft.server.rpc.request.timeout = 60s (custom)
2024-05-24 07:48:53,886 [e689b99c-fc0b-4611-bf51-e78d9991fc84-groupManagement] INFO  server.RaftServerConfigKeys (ConfUtils.java:logGet(46)) - raft.server.log.appender.install.snapshot.enabled = false (custom)
2024-05-24 07:48:53,886 [e689b99c-fc0b-4611-bf51-e78d9991fc84-groupManagement] INFO  server.RaftServerConfigKeys (ConfUtils.java:logGet(46)) - raft.server.threadpool.server.cached = true (default)
2024-05-24 07:48:53,887 [e689b99c-fc0b-4611-bf51-e78d9991fc84-groupManagement] INFO  server.RaftServerConfigKeys (ConfUtils.java:logGet(46)) - raft.server.threadpool.server.size = 0 (default)
2024-05-24 07:48:53,887 [e689b99c-fc0b-4611-bf51-e78d9991fc84-groupManagement] INFO  server.RaftServerConfigKeys (ConfUtils.java:logGet(46)) - raft.server.threadpool.client.cached = true (default)
2024-05-24 07:48:53,887 [e689b99c-fc0b-4611-bf51-e78d9991fc84-groupManagement] INFO  server.RaftServerConfigKeys (ConfUtils.java:logGet(46)) - raft.server.threadpool.client.size = 0 (default)
2024-05-24 07:48:53,888 [e689b99c-fc0b-4611-bf51-e78d9991fc84-groupManagement] INFO  server.RaftServerConfigKeys (ConfUtils.java:logGet(46)) - raft.server.storage.free-space.min = 0MB (=0) (default)
2024-05-24 07:48:53,888 [e689b99c-fc0b-4611-bf51-e78d9991fc84-groupManagement] INFO  server.RaftServerConfigKeys (ConfUtils.java:logGet(46)) - raft.server.log.corruption.policy = EXCEPTION (default)
2024-05-24 07:48:53,889 [e689b99c-fc0b-4611-bf51-e78d9991fc84-groupManagement] INFO  server.RaftServerConfigKeys (ConfUtils.java:logGet(46)) - raft.server.storage.dir = [/home/runner/work/ozone/ozone/hadoop-ozone/integration-test/target/test-dir/MiniOzoneClusterImpl-b501fab0-540e-4575-af6e-dde2336b059e/ozone-meta/datanode-6/ratis] (custom)
2024-05-24 07:48:53,889 [e689b99c-fc0b-4611-bf51-e78d9991fc84-groupManagement] INFO  storage.RaftStorageDirectory (RaftStorageDirectoryImpl.java:analyzeStorage(138)) - The storage directory /home/runner/work/ozone/ozone/hadoop-ozone/integration-test/target/test-dir/MiniOzoneClusterImpl-b501fab0-540e-4575-af6e-dde2336b059e/ozone-meta/datanode-6/ratis/8878c401-de30-425e-a266-332c9e309ca1 does not exist. Creating ...
2024-05-24 07:48:53,890 [26f71362-a48a-41de-9ada-52ca0d6b3643@group-3979F1BF2552-FollowerState] INFO  server.RaftServerConfigKeys (ConfUtils.java:logFallback(53)) - raft.server.rpc.first-election.timeout.min = 5s (fallback to raft.server.rpc.timeout.min)
2024-05-24 07:48:53,890 [26f71362-a48a-41de-9ada-52ca0d6b3643-PipelineCommandHandlerThread-0] INFO  ratis.XceiverServerRatis (XceiverServerRatis.java:addGroup(864)) - Created group PipelineID=e2199128-a7b8-43c5-8a50-3979f1bf2552
2024-05-24 07:48:53,890 [9cef26bd-fad7-4006-851f-097a618c2ff8-groupManagement] INFO  util.AwaitToRun (AwaitToRun.java:start(81)) - Thread[9cef26bd-fad7-4006-851f-097a618c2ff8@group-6AF30226E65E-cacheEviction-AwaitToRun,5,main] started
2024-05-24 07:48:53,891 [9cef26bd-fad7-4006-851f-097a618c2ff8-groupManagement] INFO  segmented.SegmentedRaftLogWorker (SegmentedRaftLogWorker.java:<init>(182)) - new 9cef26bd-fad7-4006-851f-097a618c2ff8@group-6AF30226E65E-SegmentedRaftLogWorker for RaftStorageImpl:Storage Directory /home/runner/work/ozone/ozone/hadoop-ozone/integration-test/target/test-dir/MiniOzoneClusterImpl-b501fab0-540e-4575-af6e-dde2336b059e/ozone-meta/datanode-8/ratis/690f895d-7d68-4613-bc2a-6af30226e65e
2024-05-24 07:48:53,891 [9cef26bd-fad7-4006-851f-097a618c2ff8-groupManagement] INFO  server.RaftServerConfigKeys (ConfUtils.java:logGet(46)) - raft.server.log.queue.byte-limit = 4294967296 (custom)
2024-05-24 07:48:53,891 [9cef26bd-fad7-4006-851f-097a618c2ff8-groupManagement] INFO  server.RaftServerConfigKeys (ConfUtils.java:logGet(46)) - raft.server.log.queue.element-limit = 1024 (custom)
2024-05-24 07:48:53,891 [9cef26bd-fad7-4006-851f-097a618c2ff8-groupManagement] INFO  server.RaftServerConfigKeys (ConfUtils.java:logGet(46)) - raft.server.log.segment.size.max = 67108864 (custom)
2024-05-24 07:48:53,891 [9cef26bd-fad7-4006-851f-097a618c2ff8-groupManagement] INFO  server.RaftServerConfigKeys (ConfUtils.java:logGet(46)) - raft.server.log.preallocated.size = 4194304 (custom)
2024-05-24 07:48:53,891 [9cef26bd-fad7-4006-851f-097a618c2ff8-groupManagement] INFO  server.RaftServerConfigKeys (ConfUtils.java:logGet(46)) - raft.server.log.force.sync.num = 128 (default)
2024-05-24 07:48:53,891 [9cef26bd-fad7-4006-851f-097a618c2ff8-groupManagement] INFO  server.RaftServerConfigKeys (ConfUtils.java:logGet(46)) - raft.server.log.statemachine.data.sync = true (default)
2024-05-24 07:48:53,891 [9cef26bd-fad7-4006-851f-097a618c2ff8-groupManagement] INFO  server.RaftServerConfigKeys (ConfUtils.java:logGet(46)) - raft.server.log.statemachine.data.sync.timeout = 10s (default)
2024-05-24 07:48:53,891 [9cef26bd-fad7-4006-851f-097a618c2ff8-groupManagement] INFO  server.RaftServerConfigKeys (ConfUtils.java:logGet(46)) - raft.server.log.statemachine.data.sync.timeout.retry = 30 (custom)
2024-05-24 07:48:53,892 [9cef26bd-fad7-4006-851f-097a618c2ff8-groupManagement] INFO  server.RaftServerConfigKeys (ConfUtils.java:logGet(46)) - raft.server.log.write.buffer.size = 8388616 (custom)
2024-05-24 07:48:53,890 [26f71362-a48a-41de-9ada-52ca0d6b3643@group-3979F1BF2552-FollowerState] INFO  server.RaftServerConfigKeys (ConfUtils.java:logFallback(53)) - raft.server.rpc.first-election.timeout.max = 5200ms (fallback to raft.server.rpc.timeout.max)
2024-05-24 07:48:53,891 [e689b99c-fc0b-4611-bf51-e78d9991fc84-groupManagement] INFO  storage.RaftStorageDirectory (RaftStorageDirectoryImpl.java:tryLock(228)) - Lock on /home/runner/work/ozone/ozone/hadoop-ozone/integration-test/target/test-dir/MiniOzoneClusterImpl-b501fab0-540e-4575-af6e-dde2336b059e/ozone-meta/datanode-6/ratis/8878c401-de30-425e-a266-332c9e309ca1/in_use.lock acquired by nodename 29770@fv-az779-985
2024-05-24 07:48:53,894 [e689b99c-fc0b-4611-bf51-e78d9991fc84-groupManagement] INFO  storage.RaftStorage (RaftStorageImpl.java:format(99)) - Storage directory /home/runner/work/ozone/ozone/hadoop-ozone/integration-test/target/test-dir/MiniOzoneClusterImpl-b501fab0-540e-4575-af6e-dde2336b059e/ozone-meta/datanode-6/ratis/8878c401-de30-425e-a266-332c9e309ca1 has been successfully formatted.
2024-05-24 07:48:53,895 [e689b99c-fc0b-4611-bf51-e78d9991fc84-groupManagement] WARN  util.FileUtils (LogUtils.java:supplyAndLog(63)) - Failed to Files.newInputStream /home/runner/work/ozone/ozone/hadoop-ozone/integration-test/target/test-dir/MiniOzoneClusterImpl-b501fab0-540e-4575-af6e-dde2336b059e/ozone-meta/datanode-6/ratis/8878c401-de30-425e-a266-332c9e309ca1/current/raft-meta.conf with options []: java.nio.file.NoSuchFileException: /home/runner/work/ozone/ozone/hadoop-ozone/integration-test/target/test-dir/MiniOzoneClusterImpl-b501fab0-540e-4575-af6e-dde2336b059e/ozone-meta/datanode-6/ratis/8878c401-de30-425e-a266-332c9e309ca1/current/raft-meta.conf
2024-05-24 07:48:53,895 [e689b99c-fc0b-4611-bf51-e78d9991fc84-groupManagement] INFO  ratis.ContainerStateMachine (ContainerStateMachine.java:loadSnapshot(287)) - group-332C9E309CA1: The snapshot info is null. Setting the last applied index to:(t:0, i:~)
2024-05-24 07:48:53,895 [e689b99c-fc0b-4611-bf51-e78d9991fc84-groupManagement] INFO  server.RaftServerConfigKeys (ConfUtils.java:logGet(46)) - raft.server.log.use.memory = false (default)
2024-05-24 07:48:53,895 [e689b99c-fc0b-4611-bf51-e78d9991fc84-groupManagement] INFO  server.RaftServerConfigKeys (ConfUtils.java:logGet(46)) - raft.server.log.purge.gap = 1000000 (custom)
2024-05-24 07:48:53,895 [e689b99c-fc0b-4611-bf51-e78d9991fc84-groupManagement] INFO  server.RaftServerConfigKeys (ConfUtils.java:logGet(46)) - raft.server.log.appender.buffer.byte-limit = 8388608 (custom)
2024-05-24 07:48:53,895 [e689b99c-fc0b-4611-bf51-e78d9991fc84-groupManagement] INFO  server.RaftServerConfigKeys (ConfUtils.java:logGet(46)) - raft.server.log.statemachine.data.read.timeout = 1000ms (default)
2024-05-24 07:48:53,895 [e689b99c-fc0b-4611-bf51-e78d9991fc84-groupManagement] INFO  server.RaftServerConfigKeys (ConfUtils.java:logGet(46)) - raft.server.log.purge.preservation.log.num = 0 (default)
2024-05-24 07:48:53,896 [9cef26bd-fad7-4006-851f-097a618c2ff8-groupManagement] INFO  server.RaftServerConfigKeys (ConfUtils.java:logGet(46)) - raft.server.log.appender.buffer.byte-limit = 8388608 (custom)
2024-05-24 07:48:53,896 [9cef26bd-fad7-4006-851f-097a618c2ff8-groupManagement] INFO  server.RaftServerConfigKeys (ConfUtils.java:logGet(46)) - raft.server.log.unsafe-flush.enabled = false (default)
2024-05-24 07:48:53,896 [9cef26bd-fad7-4006-851f-097a618c2ff8-groupManagement] INFO  server.RaftServerConfigKeys (ConfUtils.java:logGet(46)) - raft.server.log.async-flush.enabled = false (default)
2024-05-24 07:48:53,896 [9cef26bd-fad7-4006-851f-097a618c2ff8-groupManagement] INFO  server.RaftServerConfigKeys (ConfUtils.java:logGet(46)) - raft.server.log.statemachine.data.caching.enabled = true (custom)
2024-05-24 07:48:53,897 [EventQueue-OpenPipelineForHealthyPipelineSafeModeRule] INFO  safemode.SCMSafeModeManager (HealthyPipelineSafeModeRule.java:process(140)) - SCM in safe mode. Healthy pipelines reported count is 0, required healthy pipeline reported count is 1
2024-05-24 07:48:53,897 [9cef26bd-fad7-4006-851f-097a618c2ff8-groupManagement] INFO  segmented.SegmentedRaftLogWorker (SegmentedRaftLogWorker.java:lambda$new$0(134)) - 9cef26bd-fad7-4006-851f-097a618c2ff8@group-6AF30226E65E-SegmentedRaftLogWorker: flushIndex: setUnconditionally 0 -> -1
2024-05-24 07:48:53,898 [9cef26bd-fad7-4006-851f-097a618c2ff8-groupManagement] INFO  segmented.SegmentedRaftLogWorker (SegmentedRaftLogWorker.java:lambda$new$0(134)) - 9cef26bd-fad7-4006-851f-097a618c2ff8@group-6AF30226E65E-SegmentedRaftLogWorker: safeCacheEvictIndex: setUnconditionally 0 -> -1
2024-05-24 07:48:53,901 [e689b99c-fc0b-4611-bf51-e78d9991fc84-groupManagement] INFO  server.RaftServerConfigKeys (ConfUtils.java:logGet(46)) - raft.server.log.segment.size.max = 67108864 (custom)
2024-05-24 07:48:53,902 [e689b99c-fc0b-4611-bf51-e78d9991fc84-groupManagement] INFO  server.RaftServerConfigKeys (ConfUtils.java:logGet(46)) - raft.server.log.segment.cache.num.max = 2 (custom)
2024-05-24 07:48:53,902 [e689b99c-fc0b-4611-bf51-e78d9991fc84-groupManagement] INFO  server.RaftServerConfigKeys (ConfUtils.java:logGet(46)) - raft.server.log.segment.cache.size.max = 200MB (=209715200) (default)
2024-05-24 07:48:53,902 [e689b99c-fc0b-4611-bf51-e78d9991fc84-groupManagement] INFO  server.RaftServerConfigKeys (ConfUtils.java:logGet(46)) - raft.server.log.appender.buffer.byte-limit = 8388608 (custom)
2024-05-24 07:48:53,903 [9cef26bd-fad7-4006-851f-097a618c2ff8-groupManagement] INFO  server.RaftServer$Division (RaftServerImpl.java:start(396)) - 9cef26bd-fad7-4006-851f-097a618c2ff8@group-6AF30226E65E: start as a follower, conf=-1: peers:[9cef26bd-fad7-4006-851f-097a618c2ff8|127.0.0.1:15077]|listeners:[], old=null
2024-05-24 07:48:53,903 [9cef26bd-fad7-4006-851f-097a618c2ff8-groupManagement] INFO  server.RaftServer$Division (RaftServerImpl.java:setRole(383)) - 9cef26bd-fad7-4006-851f-097a618c2ff8@group-6AF30226E65E: changes role from      null to FOLLOWER at term 0 for startAsFollower
2024-05-24 07:48:53,904 [9cef26bd-fad7-4006-851f-097a618c2ff8-groupManagement] INFO  impl.RoleInfo (RoleInfo.java:updateAndGet(139)) - 9cef26bd-fad7-4006-851f-097a618c2ff8: start 9cef26bd-fad7-4006-851f-097a618c2ff8@group-6AF30226E65E-FollowerState
2024-05-24 07:48:53,904 [grpc-default-executor-2] INFO  server.RaftServer (RaftServerProxy.java:addNew(100)) - b4e39294-6870-4830-abfa-7517d5dcbfab: addNew group-3979F1BF2552:[b4e39294-6870-4830-abfa-7517d5dcbfab|127.0.0.1:15086, 9cef26bd-fad7-4006-851f-097a618c2ff8|127.0.0.1:15077, 26f71362-a48a-41de-9ada-52ca0d6b3643|127.0.0.1:15068] returns group-3979F1BF2552:java.util.concurrent.CompletableFuture@10afa76a[Not completed]
2024-05-24 07:48:53,906 [b4e39294-6870-4830-abfa-7517d5dcbfab-groupManagement] INFO  server.RaftServer$Division (RaftServerImpl.java:<init>(256)) - b4e39294-6870-4830-abfa-7517d5dcbfab: new RaftServerImpl for group-3979F1BF2552:[b4e39294-6870-4830-abfa-7517d5dcbfab|127.0.0.1:15086, 9cef26bd-fad7-4006-851f-097a618c2ff8|127.0.0.1:15077, 26f71362-a48a-41de-9ada-52ca0d6b3643|127.0.0.1:15068] with ContainerStateMachine:uninitialized
2024-05-24 07:48:53,906 [b4e39294-6870-4830-abfa-7517d5dcbfab-groupManagement] INFO  server.RaftServerConfigKeys (ConfUtils.java:logGet(46)) - raft.server.rpc.timeout.min = 5s (custom)
2024-05-24 07:48:53,907 [b4e39294-6870-4830-abfa-7517d5dcbfab-groupManagement] INFO  server.RaftServerConfigKeys (ConfUtils.java:logGet(46)) - raft.server.rpc.timeout.max = 5200ms (custom)
2024-05-24 07:48:53,907 [b4e39294-6870-4830-abfa-7517d5dcbfab-groupManagement] INFO  server.RaftServerConfigKeys (ConfUtils.java:logGet(46)) - raft.server.rpc.sleep.time = 25ms (default)
2024-05-24 07:48:53,907 [b4e39294-6870-4830-abfa-7517d5dcbfab-groupManagement] INFO  server.RaftServerConfigKeys (ConfUtils.java:logGet(46)) - raft.server.rpc.slowness.timeout = 300s (custom)
2024-05-24 07:48:53,908 [b4e39294-6870-4830-abfa-7517d5dcbfab-groupManagement] INFO  server.RaftServerConfigKeys (ConfUtils.java:logGet(46)) - raft.server.leaderelection.leader.step-down.wait-time = 10s (default)
2024-05-24 07:48:53,908 [b4e39294-6870-4830-abfa-7517d5dcbfab-groupManagement] INFO  server.RaftServerConfigKeys (ConfUtils.java:logGet(46)) - raft.server.leaderelection.member.majority-add = false (default)
2024-05-24 07:48:53,908 [b4e39294-6870-4830-abfa-7517d5dcbfab-groupManagement] INFO  server.RaftServerConfigKeys (ConfUtils.java:logGet(46)) - raft.server.sleep.deviation.threshold = 300ms (default)
2024-05-24 07:48:53,909 [b4e39294-6870-4830-abfa-7517d5dcbfab-groupManagement] INFO  server.RaftServer$Division (ServerState.java:<init>(113)) - b4e39294-6870-4830-abfa-7517d5dcbfab@group-3979F1BF2552: ConfigurationManager, init=-1: peers:[b4e39294-6870-4830-abfa-7517d5dcbfab|127.0.0.1:15086, 9cef26bd-fad7-4006-851f-097a618c2ff8|127.0.0.1:15077, 26f71362-a48a-41de-9ada-52ca0d6b3643|127.0.0.1:15068]|listeners:[], old=null, confs=<EMPTY_MAP>
2024-05-24 07:48:53,909 [b4e39294-6870-4830-abfa-7517d5dcbfab-groupManagement] INFO  server.RaftServerConfigKeys (ConfUtils.java:logGet(46)) - raft.server.notification.no-leader.timeout = 300s (custom)
2024-05-24 07:48:53,909 [b4e39294-6870-4830-abfa-7517d5dcbfab-groupManagement] INFO  server.RaftServerConfigKeys (ConfUtils.java:logGet(46)) - raft.server.read.timeout = 10s (default)
2024-05-24 07:48:53,910 [b4e39294-6870-4830-abfa-7517d5dcbfab-groupManagement] INFO  server.RaftServerConfigKeys (ConfUtils.java:logGet(46)) - raft.server.retrycache.expirytime = 600000ms (custom)
2024-05-24 07:48:53,910 [b4e39294-6870-4830-abfa-7517d5dcbfab-groupManagement] INFO  server.RaftServerConfigKeys (ConfUtils.java:logGet(46)) - raft.server.retrycache.statistics.expirytime = 100ms (default)
2024-05-24 07:48:53,910 [b4e39294-6870-4830-abfa-7517d5dcbfab-groupManagement] INFO  server.RaftServerConfigKeys (ConfUtils.java:logGet(46)) - raft.server.read.option = DEFAULT (default)
2024-05-24 07:48:53,911 [b4e39294-6870-4830-abfa-7517d5dcbfab-groupManagement] INFO  server.RaftServerConfigKeys (ConfUtils.java:logGet(46)) - raft.server.read.read-after-write-consistent.write-index-cache.expiry-time = 60s (default)
2024-05-24 07:48:53,917 [b4e39294-6870-4830-abfa-7517d5dcbfab-groupManagement] INFO  server.RaftServerConfigKeys (ConfUtils.java:logGet(46)) - raft.server.rpc.request.timeout = 60s (custom)
2024-05-24 07:48:53,918 [b4e39294-6870-4830-abfa-7517d5dcbfab-groupManagement] INFO  server.RaftServerConfigKeys (ConfUtils.java:logGet(46)) - raft.server.log.appender.install.snapshot.enabled = false (custom)
2024-05-24 07:48:53,918 [b4e39294-6870-4830-abfa-7517d5dcbfab-groupManagement] INFO  server.RaftServerConfigKeys (ConfUtils.java:logGet(46)) - raft.server.threadpool.server.cached = true (default)
2024-05-24 07:48:53,918 [b4e39294-6870-4830-abfa-7517d5dcbfab-groupManagement] INFO  server.RaftServerConfigKeys (ConfUtils.java:logGet(46)) - raft.server.threadpool.server.size = 0 (default)
2024-05-24 07:48:53,919 [b4e39294-6870-4830-abfa-7517d5dcbfab-groupManagement] INFO  server.RaftServerConfigKeys (ConfUtils.java:logGet(46)) - raft.server.threadpool.client.cached = true (default)
2024-05-24 07:48:53,919 [b4e39294-6870-4830-abfa-7517d5dcbfab-groupManagement] INFO  server.RaftServerConfigKeys (ConfUtils.java:logGet(46)) - raft.server.threadpool.client.size = 0 (default)
2024-05-24 07:48:53,920 [b4e39294-6870-4830-abfa-7517d5dcbfab-groupManagement] INFO  server.RaftServerConfigKeys (ConfUtils.java:logGet(46)) - raft.server.storage.free-space.min = 0MB (=0) (default)
2024-05-24 07:48:53,920 [b4e39294-6870-4830-abfa-7517d5dcbfab-groupManagement] INFO  server.RaftServerConfigKeys (ConfUtils.java:logGet(46)) - raft.server.log.corruption.policy = EXCEPTION (default)
2024-05-24 07:48:53,920 [b4e39294-6870-4830-abfa-7517d5dcbfab-groupManagement] INFO  server.RaftServerConfigKeys (ConfUtils.java:logGet(46)) - raft.server.storage.dir = [/home/runner/work/ozone/ozone/hadoop-ozone/integration-test/target/test-dir/MiniOzoneClusterImpl-b501fab0-540e-4575-af6e-dde2336b059e/ozone-meta/datanode-9/ratis] (custom)
2024-05-24 07:48:53,921 [b4e39294-6870-4830-abfa-7517d5dcbfab-groupManagement] INFO  storage.RaftStorageDirectory (RaftStorageDirectoryImpl.java:analyzeStorage(138)) - The storage directory /home/runner/work/ozone/ozone/hadoop-ozone/integration-test/target/test-dir/MiniOzoneClusterImpl-b501fab0-540e-4575-af6e-dde2336b059e/ozone-meta/datanode-9/ratis/e2199128-a7b8-43c5-8a50-3979f1bf2552 does not exist. Creating ...
2024-05-24 07:48:53,922 [b4e39294-6870-4830-abfa-7517d5dcbfab-groupManagement] INFO  storage.RaftStorageDirectory (RaftStorageDirectoryImpl.java:tryLock(228)) - Lock on /home/runner/work/ozone/ozone/hadoop-ozone/integration-test/target/test-dir/MiniOzoneClusterImpl-b501fab0-540e-4575-af6e-dde2336b059e/ozone-meta/datanode-9/ratis/e2199128-a7b8-43c5-8a50-3979f1bf2552/in_use.lock acquired by nodename 29770@fv-az779-985
2024-05-24 07:48:53,923 [b4e39294-6870-4830-abfa-7517d5dcbfab-groupManagement] INFO  storage.RaftStorage (RaftStorageImpl.java:format(99)) - Storage directory /home/runner/work/ozone/ozone/hadoop-ozone/integration-test/target/test-dir/MiniOzoneClusterImpl-b501fab0-540e-4575-af6e-dde2336b059e/ozone-meta/datanode-9/ratis/e2199128-a7b8-43c5-8a50-3979f1bf2552 has been successfully formatted.
2024-05-24 07:48:53,924 [b4e39294-6870-4830-abfa-7517d5dcbfab-groupManagement] WARN  util.FileUtils (LogUtils.java:supplyAndLog(63)) - Failed to Files.newInputStream /home/runner/work/ozone/ozone/hadoop-ozone/integration-test/target/test-dir/MiniOzoneClusterImpl-b501fab0-540e-4575-af6e-dde2336b059e/ozone-meta/datanode-9/ratis/e2199128-a7b8-43c5-8a50-3979f1bf2552/current/raft-meta.conf with options []: java.nio.file.NoSuchFileException: /home/runner/work/ozone/ozone/hadoop-ozone/integration-test/target/test-dir/MiniOzoneClusterImpl-b501fab0-540e-4575-af6e-dde2336b059e/ozone-meta/datanode-9/ratis/e2199128-a7b8-43c5-8a50-3979f1bf2552/current/raft-meta.conf
2024-05-24 07:48:53,925 [b4e39294-6870-4830-abfa-7517d5dcbfab-groupManagement] INFO  ratis.ContainerStateMachine (ContainerStateMachine.java:loadSnapshot(287)) - group-3979F1BF2552: The snapshot info is null. Setting the last applied index to:(t:0, i:~)
2024-05-24 07:48:53,925 [b4e39294-6870-4830-abfa-7517d5dcbfab-groupManagement] INFO  server.RaftServerConfigKeys (ConfUtils.java:logGet(46)) - raft.server.log.use.memory = false (default)
2024-05-24 07:48:53,925 [b4e39294-6870-4830-abfa-7517d5dcbfab-groupManagement] INFO  server.RaftServerConfigKeys (ConfUtils.java:logGet(46)) - raft.server.log.purge.gap = 1000000 (custom)
2024-05-24 07:48:53,926 [b4e39294-6870-4830-abfa-7517d5dcbfab-groupManagement] INFO  server.RaftServerConfigKeys (ConfUtils.java:logGet(46)) - raft.server.log.appender.buffer.byte-limit = 8388608 (custom)
2024-05-24 07:48:53,926 [b4e39294-6870-4830-abfa-7517d5dcbfab-groupManagement] INFO  server.RaftServerConfigKeys (ConfUtils.java:logGet(46)) - raft.server.log.statemachine.data.read.timeout = 1000ms (default)
2024-05-24 07:48:53,926 [b4e39294-6870-4830-abfa-7517d5dcbfab-groupManagement] INFO  server.RaftServerConfigKeys (ConfUtils.java:logGet(46)) - raft.server.log.purge.preservation.log.num = 0 (default)
2024-05-24 07:48:53,929 [b4e39294-6870-4830-abfa-7517d5dcbfab-groupManagement] INFO  server.RaftServerConfigKeys (ConfUtils.java:logGet(46)) - raft.server.log.segment.size.max = 67108864 (custom)
2024-05-24 07:48:53,930 [b4e39294-6870-4830-abfa-7517d5dcbfab-groupManagement] INFO  server.RaftServerConfigKeys (ConfUtils.java:logGet(46)) - raft.server.log.segment.cache.num.max = 2 (custom)
2024-05-24 07:48:53,931 [b4e39294-6870-4830-abfa-7517d5dcbfab-groupManagement] INFO  server.RaftServerConfigKeys (ConfUtils.java:logGet(46)) - raft.server.log.segment.cache.size.max = 200MB (=209715200) (default)
2024-05-24 07:48:53,931 [b4e39294-6870-4830-abfa-7517d5dcbfab-groupManagement] INFO  server.RaftServerConfigKeys (ConfUtils.java:logGet(46)) - raft.server.log.appender.buffer.byte-limit = 8388608 (custom)
2024-05-24 07:48:53,937 [b4e39294-6870-4830-abfa-7517d5dcbfab-groupManagement] INFO  util.AwaitToRun (AwaitToRun.java:start(81)) - Thread[b4e39294-6870-4830-abfa-7517d5dcbfab@group-3979F1BF2552-cacheEviction-AwaitToRun,5,main] started
2024-05-24 07:48:53,937 [b4e39294-6870-4830-abfa-7517d5dcbfab-groupManagement] INFO  segmented.SegmentedRaftLogWorker (SegmentedRaftLogWorker.java:<init>(182)) - new b4e39294-6870-4830-abfa-7517d5dcbfab@group-3979F1BF2552-SegmentedRaftLogWorker for RaftStorageImpl:Storage Directory /home/runner/work/ozone/ozone/hadoop-ozone/integration-test/target/test-dir/MiniOzoneClusterImpl-b501fab0-540e-4575-af6e-dde2336b059e/ozone-meta/datanode-9/ratis/e2199128-a7b8-43c5-8a50-3979f1bf2552
2024-05-24 07:48:53,937 [b4e39294-6870-4830-abfa-7517d5dcbfab-groupManagement] INFO  server.RaftServerConfigKeys (ConfUtils.java:logGet(46)) - raft.server.log.queue.byte-limit = 4294967296 (custom)
2024-05-24 07:48:53,937 [b4e39294-6870-4830-abfa-7517d5dcbfab-groupManagement] INFO  server.RaftServerConfigKeys (ConfUtils.java:logGet(46)) - raft.server.log.queue.element-limit = 1024 (custom)
2024-05-24 07:48:53,937 [b4e39294-6870-4830-abfa-7517d5dcbfab-groupManagement] INFO  server.RaftServerConfigKeys (ConfUtils.java:logGet(46)) - raft.server.log.segment.size.max = 67108864 (custom)
2024-05-24 07:48:53,937 [b4e39294-6870-4830-abfa-7517d5dcbfab-groupManagement] INFO  server.RaftServerConfigKeys (ConfUtils.java:logGet(46)) - raft.server.log.preallocated.size = 4194304 (custom)
2024-05-24 07:48:53,937 [b4e39294-6870-4830-abfa-7517d5dcbfab-groupManagement] INFO  server.RaftServerConfigKeys (ConfUtils.java:logGet(46)) - raft.server.log.force.sync.num = 128 (default)
2024-05-24 07:48:53,938 [b4e39294-6870-4830-abfa-7517d5dcbfab-groupManagement] INFO  server.RaftServerConfigKeys (ConfUtils.java:logGet(46)) - raft.server.log.statemachine.data.sync = true (default)
2024-05-24 07:48:53,938 [b4e39294-6870-4830-abfa-7517d5dcbfab-groupManagement] INFO  server.RaftServerConfigKeys (ConfUtils.java:logGet(46)) - raft.server.log.statemachine.data.sync.timeout = 10s (default)
2024-05-24 07:48:53,938 [b4e39294-6870-4830-abfa-7517d5dcbfab-groupManagement] INFO  server.RaftServerConfigKeys (ConfUtils.java:logGet(46)) - raft.server.log.statemachine.data.sync.timeout.retry = 30 (custom)
2024-05-24 07:48:53,938 [b4e39294-6870-4830-abfa-7517d5dcbfab-groupManagement] INFO  server.RaftServerConfigKeys (ConfUtils.java:logGet(46)) - raft.server.log.write.buffer.size = 8388616 (custom)
2024-05-24 07:48:53,938 [e689b99c-fc0b-4611-bf51-e78d9991fc84-PipelineCommandHandlerThread-0] INFO  commandhandler.CreatePipelineCommandHandler (CreatePipelineCommandHandler.java:lambda$handle$2(124)) - Created Pipeline RATIS THREE PipelineID=6091da91-ea71-4480-9c60-df8dc201cebc.
2024-05-24 07:48:53,941 [b4e39294-6870-4830-abfa-7517d5dcbfab-groupManagement] INFO  server.RaftServerConfigKeys (ConfUtils.java:logGet(46)) - raft.server.log.appender.buffer.byte-limit = 8388608 (custom)
2024-05-24 07:48:53,941 [b4e39294-6870-4830-abfa-7517d5dcbfab-groupManagement] INFO  server.RaftServerConfigKeys (ConfUtils.java:logGet(46)) - raft.server.log.unsafe-flush.enabled = false (default)
2024-05-24 07:48:53,941 [b4e39294-6870-4830-abfa-7517d5dcbfab-groupManagement] INFO  server.RaftServerConfigKeys (ConfUtils.java:logGet(46)) - raft.server.log.async-flush.enabled = false (default)
2024-05-24 07:48:53,941 [b4e39294-6870-4830-abfa-7517d5dcbfab-groupManagement] INFO  server.RaftServerConfigKeys (ConfUtils.java:logGet(46)) - raft.server.log.statemachine.data.caching.enabled = true (custom)
2024-05-24 07:48:53,941 [b4e39294-6870-4830-abfa-7517d5dcbfab-groupManagement] INFO  segmented.SegmentedRaftLogWorker (SegmentedRaftLogWorker.java:lambda$new$0(134)) - b4e39294-6870-4830-abfa-7517d5dcbfab@group-3979F1BF2552-SegmentedRaftLogWorker: flushIndex: setUnconditionally 0 -> -1
2024-05-24 07:48:53,941 [b4e39294-6870-4830-abfa-7517d5dcbfab-groupManagement] INFO  segmented.SegmentedRaftLogWorker (SegmentedRaftLogWorker.java:lambda$new$0(134)) - b4e39294-6870-4830-abfa-7517d5dcbfab@group-3979F1BF2552-SegmentedRaftLogWorker: safeCacheEvictIndex: setUnconditionally 0 -> -1
2024-05-24 07:48:53,946 [b4e39294-6870-4830-abfa-7517d5dcbfab-PipelineCommandHandlerThread-0] INFO  server.RaftServer (RaftServerProxy.java:addNew(100)) - b4e39294-6870-4830-abfa-7517d5dcbfab: addNew group-007800FB2959:[b4e39294-6870-4830-abfa-7517d5dcbfab|127.0.0.1:15086] returns group-007800FB2959:java.util.concurrent.CompletableFuture@5b006478[Not completed]
2024-05-24 07:48:53,946 [9cef26bd-fad7-4006-851f-097a618c2ff8-groupManagement] INFO  util.JmxRegister (JmxRegister.java:tryRegister(44)) - Successfully registered JMX Bean with object name Ratis:service=RaftServer,group=group-6AF30226E65E,id=9cef26bd-fad7-4006-851f-097a618c2ff8
2024-05-24 07:48:53,946 [9cef26bd-fad7-4006-851f-097a618c2ff8-groupManagement] INFO  server.RaftServerConfigKeys (ConfUtils.java:logGet(46)) - raft.server.snapshot.trigger-when-stop.enabled = true (default)
2024-05-24 07:48:53,946 [9cef26bd-fad7-4006-851f-097a618c2ff8-groupManagement] INFO  server.RaftServerConfigKeys (ConfUtils.java:logGet(46)) - raft.server.snapshot.auto.trigger.enabled = true (custom)
2024-05-24 07:48:53,947 [9cef26bd-fad7-4006-851f-097a618c2ff8-groupManagement] INFO  server.RaftServerConfigKeys (ConfUtils.java:logGet(46)) - raft.server.snapshot.auto.trigger.threshold = 10000 (custom)
2024-05-24 07:48:53,947 [9cef26bd-fad7-4006-851f-097a618c2ff8-groupManagement] INFO  server.RaftServerConfigKeys (ConfUtils.java:logGet(46)) - raft.server.snapshot.retention.file.num = 5 (custom)
2024-05-24 07:48:53,947 [9cef26bd-fad7-4006-851f-097a618c2ff8-groupManagement] INFO  server.RaftServerConfigKeys (ConfUtils.java:logGet(46)) - raft.server.log.purge.upto.snapshot.index = false (default)
2024-05-24 07:48:53,948 [9cef26bd-fad7-4006-851f-097a618c2ff8@group-6AF30226E65E-FollowerState] INFO  server.RaftServerConfigKeys (ConfUtils.java:logFallback(53)) - raft.server.rpc.first-election.timeout.min = 5s (fallback to raft.server.rpc.timeout.min)
2024-05-24 07:48:53,948 [9cef26bd-fad7-4006-851f-097a618c2ff8@group-6AF30226E65E-FollowerState] INFO  server.RaftServerConfigKeys (ConfUtils.java:logFallback(53)) - raft.server.rpc.first-election.timeout.max = 5200ms (fallback to raft.server.rpc.timeout.max)
2024-05-24 07:48:53,948 [9cef26bd-fad7-4006-851f-097a618c2ff8-PipelineCommandHandlerThread-0] INFO  ratis.XceiverServerRatis (XceiverServerRatis.java:addGroup(864)) - Created group PipelineID=690f895d-7d68-4613-bc2a-6af30226e65e
2024-05-24 07:48:53,948 [9cef26bd-fad7-4006-851f-097a618c2ff8-PipelineCommandHandlerThread-0] INFO  commandhandler.CreatePipelineCommandHandler (CreatePipelineCommandHandler.java:lambda$handle$2(124)) - Created Pipeline RATIS ONE PipelineID=690f895d-7d68-4613-bc2a-6af30226e65e.
2024-05-24 07:48:53,948 [9cef26bd-fad7-4006-851f-097a618c2ff8-PipelineCommandHandlerThread-0] INFO  server.RaftServer (RaftServerProxy.java:addNew(100)) - 9cef26bd-fad7-4006-851f-097a618c2ff8: addNew group-3979F1BF2552:[b4e39294-6870-4830-abfa-7517d5dcbfab|127.0.0.1:15086, 9cef26bd-fad7-4006-851f-097a618c2ff8|127.0.0.1:15077, 26f71362-a48a-41de-9ada-52ca0d6b3643|127.0.0.1:15068] returns group-3979F1BF2552:java.util.concurrent.CompletableFuture@3fabda59[Not completed]
2024-05-24 07:48:53,950 [9cef26bd-fad7-4006-851f-097a618c2ff8-groupManagement] INFO  server.RaftServer$Division (RaftServerImpl.java:<init>(256)) - 9cef26bd-fad7-4006-851f-097a618c2ff8: new RaftServerImpl for group-3979F1BF2552:[b4e39294-6870-4830-abfa-7517d5dcbfab|127.0.0.1:15086, 9cef26bd-fad7-4006-851f-097a618c2ff8|127.0.0.1:15077, 26f71362-a48a-41de-9ada-52ca0d6b3643|127.0.0.1:15068] with ContainerStateMachine:uninitialized
2024-05-24 07:48:53,950 [9cef26bd-fad7-4006-851f-097a618c2ff8-groupManagement] INFO  server.RaftServerConfigKeys (ConfUtils.java:logGet(46)) - raft.server.rpc.timeout.min = 5s (custom)
2024-05-24 07:48:53,950 [9cef26bd-fad7-4006-851f-097a618c2ff8-groupManagement] INFO  server.RaftServerConfigKeys (ConfUtils.java:logGet(46)) - raft.server.rpc.timeout.max = 5200ms (custom)
2024-05-24 07:48:53,950 [9cef26bd-fad7-4006-851f-097a618c2ff8-groupManagement] INFO  server.RaftServerConfigKeys (ConfUtils.java:logGet(46)) - raft.server.rpc.sleep.time = 25ms (default)
2024-05-24 07:48:53,951 [9cef26bd-fad7-4006-851f-097a618c2ff8-groupManagement] INFO  server.RaftServerConfigKeys (ConfUtils.java:logGet(46)) - raft.server.rpc.slowness.timeout = 300s (custom)
2024-05-24 07:48:53,951 [9cef26bd-fad7-4006-851f-097a618c2ff8-groupManagement] INFO  server.RaftServerConfigKeys (ConfUtils.java:logGet(46)) - raft.server.leaderelection.leader.step-down.wait-time = 10s (default)
2024-05-24 07:48:53,951 [9cef26bd-fad7-4006-851f-097a618c2ff8-groupManagement] INFO  server.RaftServerConfigKeys (ConfUtils.java:logGet(46)) - raft.server.leaderelection.member.majority-add = false (default)
2024-05-24 07:48:53,951 [9cef26bd-fad7-4006-851f-097a618c2ff8-groupManagement] INFO  server.RaftServerConfigKeys (ConfUtils.java:logGet(46)) - raft.server.sleep.deviation.threshold = 300ms (default)
2024-05-24 07:48:53,951 [9cef26bd-fad7-4006-851f-097a618c2ff8-groupManagement] INFO  server.RaftServer$Division (ServerState.java:<init>(113)) - 9cef26bd-fad7-4006-851f-097a618c2ff8@group-3979F1BF2552: ConfigurationManager, init=-1: peers:[b4e39294-6870-4830-abfa-7517d5dcbfab|127.0.0.1:15086, 9cef26bd-fad7-4006-851f-097a618c2ff8|127.0.0.1:15077, 26f71362-a48a-41de-9ada-52ca0d6b3643|127.0.0.1:15068]|listeners:[], old=null, confs=<EMPTY_MAP>
2024-05-24 07:48:53,951 [9cef26bd-fad7-4006-851f-097a618c2ff8-groupManagement] INFO  server.RaftServerConfigKeys (ConfUtils.java:logGet(46)) - raft.server.notification.no-leader.timeout = 300s (custom)
2024-05-24 07:48:53,951 [9cef26bd-fad7-4006-851f-097a618c2ff8-groupManagement] INFO  server.RaftServerConfigKeys (ConfUtils.java:logGet(46)) - raft.server.read.timeout = 10s (default)
2024-05-24 07:48:53,951 [9cef26bd-fad7-4006-851f-097a618c2ff8-groupManagement] INFO  server.RaftServerConfigKeys (ConfUtils.java:logGet(46)) - raft.server.retrycache.expirytime = 600000ms (custom)
2024-05-24 07:48:53,951 [9cef26bd-fad7-4006-851f-097a618c2ff8-groupManagement] INFO  server.RaftServerConfigKeys (ConfUtils.java:logGet(46)) - raft.server.retrycache.statistics.expirytime = 100ms (default)
2024-05-24 07:48:53,951 [9cef26bd-fad7-4006-851f-097a618c2ff8-groupManagement] INFO  server.RaftServerConfigKeys (ConfUtils.java:logGet(46)) - raft.server.read.option = DEFAULT (default)
2024-05-24 07:48:53,951 [9cef26bd-fad7-4006-851f-097a618c2ff8-groupManagement] INFO  server.RaftServerConfigKeys (ConfUtils.java:logGet(46)) - raft.server.read.read-after-write-consistent.write-index-cache.expiry-time = 60s (default)
2024-05-24 07:48:53,950 [e689b99c-fc0b-4611-bf51-e78d9991fc84-groupManagement] INFO  util.AwaitToRun (AwaitToRun.java:start(81)) - Thread[e689b99c-fc0b-4611-bf51-e78d9991fc84@group-332C9E309CA1-cacheEviction-AwaitToRun,5,main] started
2024-05-24 07:48:53,972 [e689b99c-fc0b-4611-bf51-e78d9991fc84-groupManagement] INFO  segmented.SegmentedRaftLogWorker (SegmentedRaftLogWorker.java:<init>(182)) - new e689b99c-fc0b-4611-bf51-e78d9991fc84@group-332C9E309CA1-SegmentedRaftLogWorker for RaftStorageImpl:Storage Directory /home/runner/work/ozone/ozone/hadoop-ozone/integration-test/target/test-dir/MiniOzoneClusterImpl-b501fab0-540e-4575-af6e-dde2336b059e/ozone-meta/datanode-6/ratis/8878c401-de30-425e-a266-332c9e309ca1
2024-05-24 07:48:53,972 [e689b99c-fc0b-4611-bf51-e78d9991fc84-groupManagement] INFO  server.RaftServerConfigKeys (ConfUtils.java:logGet(46)) - raft.server.log.queue.byte-limit = 4294967296 (custom)
2024-05-24 07:48:53,972 [e689b99c-fc0b-4611-bf51-e78d9991fc84-groupManagement] INFO  server.RaftServerConfigKeys (ConfUtils.java:logGet(46)) - raft.server.log.queue.element-limit = 1024 (custom)
2024-05-24 07:48:53,972 [e689b99c-fc0b-4611-bf51-e78d9991fc84-groupManagement] INFO  server.RaftServerConfigKeys (ConfUtils.java:logGet(46)) - raft.server.log.segment.size.max = 67108864 (custom)
2024-05-24 07:48:53,972 [e689b99c-fc0b-4611-bf51-e78d9991fc84-groupManagement] INFO  server.RaftServerConfigKeys (ConfUtils.java:logGet(46)) - raft.server.log.preallocated.size = 4194304 (custom)
2024-05-24 07:48:53,972 [e689b99c-fc0b-4611-bf51-e78d9991fc84-groupManagement] INFO  server.RaftServerConfigKeys (ConfUtils.java:logGet(46)) - raft.server.log.force.sync.num = 128 (default)
2024-05-24 07:48:53,972 [e689b99c-fc0b-4611-bf51-e78d9991fc84-groupManagement] INFO  server.RaftServerConfigKeys (ConfUtils.java:logGet(46)) - raft.server.log.statemachine.data.sync = true (default)
2024-05-24 07:48:53,972 [e689b99c-fc0b-4611-bf51-e78d9991fc84-groupManagement] INFO  server.RaftServerConfigKeys (ConfUtils.java:logGet(46)) - raft.server.log.statemachine.data.sync.timeout = 10s (default)
2024-05-24 07:48:53,973 [e689b99c-fc0b-4611-bf51-e78d9991fc84-groupManagement] INFO  server.RaftServerConfigKeys (ConfUtils.java:logGet(46)) - raft.server.log.statemachine.data.sync.timeout.retry = 30 (custom)
2024-05-24 07:48:53,973 [e689b99c-fc0b-4611-bf51-e78d9991fc84-groupManagement] INFO  server.RaftServerConfigKeys (ConfUtils.java:logGet(46)) - raft.server.log.write.buffer.size = 8388616 (custom)
2024-05-24 07:48:53,974 [e689b99c-fc0b-4611-bf51-e78d9991fc84-groupManagement] INFO  server.RaftServerConfigKeys (ConfUtils.java:logGet(46)) - raft.server.log.appender.buffer.byte-limit = 8388608 (custom)
2024-05-24 07:48:53,974 [e689b99c-fc0b-4611-bf51-e78d9991fc84-groupManagement] INFO  server.RaftServerConfigKeys (ConfUtils.java:logGet(46)) - raft.server.log.unsafe-flush.enabled = false (default)
2024-05-24 07:48:53,974 [e689b99c-fc0b-4611-bf51-e78d9991fc84-groupManagement] INFO  server.RaftServerConfigKeys (ConfUtils.java:logGet(46)) - raft.server.log.async-flush.enabled = false (default)
2024-05-24 07:48:53,975 [e689b99c-fc0b-4611-bf51-e78d9991fc84-groupManagement] INFO  server.RaftServerConfigKeys (ConfUtils.java:logGet(46)) - raft.server.log.statemachine.data.caching.enabled = true (custom)
2024-05-24 07:48:53,975 [e689b99c-fc0b-4611-bf51-e78d9991fc84-groupManagement] INFO  segmented.SegmentedRaftLogWorker (SegmentedRaftLogWorker.java:lambda$new$0(134)) - e689b99c-fc0b-4611-bf51-e78d9991fc84@group-332C9E309CA1-SegmentedRaftLogWorker: flushIndex: setUnconditionally 0 -> -1
2024-05-24 07:48:53,975 [e689b99c-fc0b-4611-bf51-e78d9991fc84-groupManagement] INFO  segmented.SegmentedRaftLogWorker (SegmentedRaftLogWorker.java:lambda$new$0(134)) - e689b99c-fc0b-4611-bf51-e78d9991fc84@group-332C9E309CA1-SegmentedRaftLogWorker: safeCacheEvictIndex: setUnconditionally 0 -> -1
2024-05-24 07:48:53,972 [9cef26bd-fad7-4006-851f-097a618c2ff8-groupManagement] INFO  server.RaftServerConfigKeys (ConfUtils.java:logGet(46)) - raft.server.rpc.request.timeout = 60s (custom)
2024-05-24 07:48:53,970 [db578ef5-4e1f-4da7-abbd-ff28012a31de-PipelineCommandHandlerThread-0] INFO  commandhandler.CreatePipelineCommandHandler (CreatePipelineCommandHandler.java:lambda$handle$2(124)) - Created Pipeline RATIS THREE PipelineID=8878c401-de30-425e-a266-332c9e309ca1.
2024-05-24 07:48:53,950 [b4e39294-6870-4830-abfa-7517d5dcbfab-groupManagement] INFO  server.RaftServer$Division (RaftServerImpl.java:start(396)) - b4e39294-6870-4830-abfa-7517d5dcbfab@group-3979F1BF2552: start as a follower, conf=-1: peers:[b4e39294-6870-4830-abfa-7517d5dcbfab|127.0.0.1:15086, 9cef26bd-fad7-4006-851f-097a618c2ff8|127.0.0.1:15077, 26f71362-a48a-41de-9ada-52ca0d6b3643|127.0.0.1:15068]|listeners:[], old=null
2024-05-24 07:48:53,975 [e689b99c-fc0b-4611-bf51-e78d9991fc84-groupManagement] INFO  server.RaftServer$Division (RaftServerImpl.java:start(396)) - e689b99c-fc0b-4611-bf51-e78d9991fc84@group-332C9E309CA1: start as a follower, conf=-1: peers:[713fd2b4-03fd-4bcc-8950-4119d378f2ca|127.0.0.1:15050, db578ef5-4e1f-4da7-abbd-ff28012a31de|127.0.0.1:15041, e689b99c-fc0b-4611-bf51-e78d9991fc84|127.0.0.1:15059]|listeners:[], old=null
2024-05-24 07:48:53,976 [e689b99c-fc0b-4611-bf51-e78d9991fc84-groupManagement] INFO  server.RaftServer$Division (RaftServerImpl.java:setRole(383)) - e689b99c-fc0b-4611-bf51-e78d9991fc84@group-332C9E309CA1: changes role from      null to FOLLOWER at term 0 for startAsFollower
2024-05-24 07:48:53,976 [e689b99c-fc0b-4611-bf51-e78d9991fc84-groupManagement] INFO  impl.RoleInfo (RoleInfo.java:updateAndGet(139)) - e689b99c-fc0b-4611-bf51-e78d9991fc84: start e689b99c-fc0b-4611-bf51-e78d9991fc84@group-332C9E309CA1-FollowerState
2024-05-24 07:48:53,975 [9cef26bd-fad7-4006-851f-097a618c2ff8-groupManagement] INFO  server.RaftServerConfigKeys (ConfUtils.java:logGet(46)) - raft.server.log.appender.install.snapshot.enabled = false (custom)
2024-05-24 07:48:53,976 [9cef26bd-fad7-4006-851f-097a618c2ff8-groupManagement] INFO  server.RaftServerConfigKeys (ConfUtils.java:logGet(46)) - raft.server.threadpool.server.cached = true (default)
2024-05-24 07:48:53,976 [9cef26bd-fad7-4006-851f-097a618c2ff8-groupManagement] INFO  server.RaftServerConfigKeys (ConfUtils.java:logGet(46)) - raft.server.threadpool.server.size = 0 (default)
2024-05-24 07:48:53,976 [9cef26bd-fad7-4006-851f-097a618c2ff8-groupManagement] INFO  server.RaftServerConfigKeys (ConfUtils.java:logGet(46)) - raft.server.threadpool.client.cached = true (default)
2024-05-24 07:48:53,976 [9cef26bd-fad7-4006-851f-097a618c2ff8-groupManagement] INFO  server.RaftServerConfigKeys (ConfUtils.java:logGet(46)) - raft.server.threadpool.client.size = 0 (default)
2024-05-24 07:48:53,976 [9cef26bd-fad7-4006-851f-097a618c2ff8-groupManagement] INFO  server.RaftServerConfigKeys (ConfUtils.java:logGet(46)) - raft.server.storage.free-space.min = 0MB (=0) (default)
2024-05-24 07:48:53,976 [9cef26bd-fad7-4006-851f-097a618c2ff8-groupManagement] INFO  server.RaftServerConfigKeys (ConfUtils.java:logGet(46)) - raft.server.log.corruption.policy = EXCEPTION (default)
2024-05-24 07:48:53,976 [9cef26bd-fad7-4006-851f-097a618c2ff8-groupManagement] INFO  server.RaftServerConfigKeys (ConfUtils.java:logGet(46)) - raft.server.storage.dir = [/home/runner/work/ozone/ozone/hadoop-ozone/integration-test/target/test-dir/MiniOzoneClusterImpl-b501fab0-540e-4575-af6e-dde2336b059e/ozone-meta/datanode-8/ratis] (custom)
2024-05-24 07:48:53,976 [b4e39294-6870-4830-abfa-7517d5dcbfab-groupManagement] INFO  server.RaftServer$Division (RaftServerImpl.java:setRole(383)) - b4e39294-6870-4830-abfa-7517d5dcbfab@group-3979F1BF2552: changes role from      null to FOLLOWER at term 0 for startAsFollower
2024-05-24 07:48:53,977 [b4e39294-6870-4830-abfa-7517d5dcbfab-groupManagement] INFO  impl.RoleInfo (RoleInfo.java:updateAndGet(139)) - b4e39294-6870-4830-abfa-7517d5dcbfab: start b4e39294-6870-4830-abfa-7517d5dcbfab@group-3979F1BF2552-FollowerState
2024-05-24 07:48:53,977 [9cef26bd-fad7-4006-851f-097a618c2ff8-groupManagement] INFO  storage.RaftStorageDirectory (RaftStorageDirectoryImpl.java:analyzeStorage(138)) - The storage directory /home/runner/work/ozone/ozone/hadoop-ozone/integration-test/target/test-dir/MiniOzoneClusterImpl-b501fab0-540e-4575-af6e-dde2336b059e/ozone-meta/datanode-8/ratis/e2199128-a7b8-43c5-8a50-3979f1bf2552 does not exist. Creating ...
2024-05-24 07:48:53,977 [e689b99c-fc0b-4611-bf51-e78d9991fc84-groupManagement] INFO  util.JmxRegister (JmxRegister.java:tryRegister(44)) - Successfully registered JMX Bean with object name Ratis:service=RaftServer,group=group-332C9E309CA1,id=e689b99c-fc0b-4611-bf51-e78d9991fc84
2024-05-24 07:48:53,977 [e689b99c-fc0b-4611-bf51-e78d9991fc84-groupManagement] INFO  server.RaftServerConfigKeys (ConfUtils.java:logGet(46)) - raft.server.snapshot.trigger-when-stop.enabled = true (default)
2024-05-24 07:48:53,978 [e689b99c-fc0b-4611-bf51-e78d9991fc84-groupManagement] INFO  server.RaftServerConfigKeys (ConfUtils.java:logGet(46)) - raft.server.snapshot.auto.trigger.enabled = true (custom)
2024-05-24 07:48:53,978 [e689b99c-fc0b-4611-bf51-e78d9991fc84-groupManagement] INFO  server.RaftServerConfigKeys (ConfUtils.java:logGet(46)) - raft.server.snapshot.auto.trigger.threshold = 10000 (custom)
2024-05-24 07:48:53,978 [e689b99c-fc0b-4611-bf51-e78d9991fc84-groupManagement] INFO  server.RaftServerConfigKeys (ConfUtils.java:logGet(46)) - raft.server.snapshot.retention.file.num = 5 (custom)
2024-05-24 07:48:53,978 [e689b99c-fc0b-4611-bf51-e78d9991fc84-groupManagement] INFO  server.RaftServerConfigKeys (ConfUtils.java:logGet(46)) - raft.server.log.purge.upto.snapshot.index = false (default)
2024-05-24 07:48:53,982 [9cef26bd-fad7-4006-851f-097a618c2ff8-groupManagement] INFO  storage.RaftStorageDirectory (RaftStorageDirectoryImpl.java:tryLock(228)) - Lock on /home/runner/work/ozone/ozone/hadoop-ozone/integration-test/target/test-dir/MiniOzoneClusterImpl-b501fab0-540e-4575-af6e-dde2336b059e/ozone-meta/datanode-8/ratis/e2199128-a7b8-43c5-8a50-3979f1bf2552/in_use.lock acquired by nodename 29770@fv-az779-985
2024-05-24 07:48:53,983 [e689b99c-fc0b-4611-bf51-e78d9991fc84@group-332C9E309CA1-FollowerState] INFO  server.RaftServerConfigKeys (ConfUtils.java:logFallback(53)) - raft.server.rpc.first-election.timeout.min = 5s (fallback to raft.server.rpc.timeout.min)
2024-05-24 07:48:53,983 [e689b99c-fc0b-4611-bf51-e78d9991fc84@group-332C9E309CA1-FollowerState] INFO  server.RaftServerConfigKeys (ConfUtils.java:logFallback(53)) - raft.server.rpc.first-election.timeout.max = 5200ms (fallback to raft.server.rpc.timeout.max)
2024-05-24 07:48:53,984 [b4e39294-6870-4830-abfa-7517d5dcbfab-groupManagement] INFO  util.JmxRegister (JmxRegister.java:tryRegister(44)) - Successfully registered JMX Bean with object name Ratis:service=RaftServer,group=group-3979F1BF2552,id=b4e39294-6870-4830-abfa-7517d5dcbfab
2024-05-24 07:48:53,984 [b4e39294-6870-4830-abfa-7517d5dcbfab-groupManagement] INFO  server.RaftServerConfigKeys (ConfUtils.java:logGet(46)) - raft.server.snapshot.trigger-when-stop.enabled = true (default)
2024-05-24 07:48:53,984 [b4e39294-6870-4830-abfa-7517d5dcbfab-groupManagement] INFO  server.RaftServerConfigKeys (ConfUtils.java:logGet(46)) - raft.server.snapshot.auto.trigger.enabled = true (custom)
2024-05-24 07:48:53,984 [b4e39294-6870-4830-abfa-7517d5dcbfab-groupManagement] INFO  server.RaftServerConfigKeys (ConfUtils.java:logGet(46)) - raft.server.snapshot.auto.trigger.threshold = 10000 (custom)
2024-05-24 07:48:53,984 [b4e39294-6870-4830-abfa-7517d5dcbfab-groupManagement] INFO  server.RaftServerConfigKeys (ConfUtils.java:logGet(46)) - raft.server.snapshot.retention.file.num = 5 (custom)
2024-05-24 07:48:53,984 [b4e39294-6870-4830-abfa-7517d5dcbfab-groupManagement] INFO  server.RaftServerConfigKeys (ConfUtils.java:logGet(46)) - raft.server.log.purge.upto.snapshot.index = false (default)
2024-05-24 07:48:53,985 [9cef26bd-fad7-4006-851f-097a618c2ff8-groupManagement] INFO  storage.RaftStorage (RaftStorageImpl.java:format(99)) - Storage directory /home/runner/work/ozone/ozone/hadoop-ozone/integration-test/target/test-dir/MiniOzoneClusterImpl-b501fab0-540e-4575-af6e-dde2336b059e/ozone-meta/datanode-8/ratis/e2199128-a7b8-43c5-8a50-3979f1bf2552 has been successfully formatted.
2024-05-24 07:48:53,985 [9cef26bd-fad7-4006-851f-097a618c2ff8-groupManagement] WARN  util.FileUtils (LogUtils.java:supplyAndLog(63)) - Failed to Files.newInputStream /home/runner/work/ozone/ozone/hadoop-ozone/integration-test/target/test-dir/MiniOzoneClusterImpl-b501fab0-540e-4575-af6e-dde2336b059e/ozone-meta/datanode-8/ratis/e2199128-a7b8-43c5-8a50-3979f1bf2552/current/raft-meta.conf with options []: java.nio.file.NoSuchFileException: /home/runner/work/ozone/ozone/hadoop-ozone/integration-test/target/test-dir/MiniOzoneClusterImpl-b501fab0-540e-4575-af6e-dde2336b059e/ozone-meta/datanode-8/ratis/e2199128-a7b8-43c5-8a50-3979f1bf2552/current/raft-meta.conf
2024-05-24 07:48:53,986 [9cef26bd-fad7-4006-851f-097a618c2ff8-groupManagement] INFO  ratis.ContainerStateMachine (ContainerStateMachine.java:loadSnapshot(287)) - group-3979F1BF2552: The snapshot info is null. Setting the last applied index to:(t:0, i:~)
2024-05-24 07:48:53,986 [9cef26bd-fad7-4006-851f-097a618c2ff8-groupManagement] INFO  server.RaftServerConfigKeys (ConfUtils.java:logGet(46)) - raft.server.log.use.memory = false (default)
2024-05-24 07:48:53,986 [9cef26bd-fad7-4006-851f-097a618c2ff8-groupManagement] INFO  server.RaftServerConfigKeys (ConfUtils.java:logGet(46)) - raft.server.log.purge.gap = 1000000 (custom)
2024-05-24 07:48:53,986 [9cef26bd-fad7-4006-851f-097a618c2ff8-groupManagement] INFO  server.RaftServerConfigKeys (ConfUtils.java:logGet(46)) - raft.server.log.appender.buffer.byte-limit = 8388608 (custom)
2024-05-24 07:48:53,986 [9cef26bd-fad7-4006-851f-097a618c2ff8-groupManagement] INFO  server.RaftServerConfigKeys (ConfUtils.java:logGet(46)) - raft.server.log.statemachine.data.read.timeout = 1000ms (default)
2024-05-24 07:48:53,986 [9cef26bd-fad7-4006-851f-097a618c2ff8-groupManagement] INFO  server.RaftServerConfigKeys (ConfUtils.java:logGet(46)) - raft.server.log.purge.preservation.log.num = 0 (default)
2024-05-24 07:48:53,988 [EventQueue-OpenPipelineForHealthyPipelineSafeModeRule] INFO  safemode.SCMSafeModeManager (HealthyPipelineSafeModeRule.java:process(140)) - SCM in safe mode. Healthy pipelines reported count is 0, required healthy pipeline reported count is 1
2024-05-24 07:48:53,991 [9cef26bd-fad7-4006-851f-097a618c2ff8-groupManagement] INFO  server.RaftServerConfigKeys (ConfUtils.java:logGet(46)) - raft.server.log.segment.size.max = 67108864 (custom)
2024-05-24 07:48:53,991 [9cef26bd-fad7-4006-851f-097a618c2ff8-groupManagement] INFO  server.RaftServerConfigKeys (ConfUtils.java:logGet(46)) - raft.server.log.segment.cache.num.max = 2 (custom)
2024-05-24 07:48:53,991 [9cef26bd-fad7-4006-851f-097a618c2ff8-groupManagement] INFO  server.RaftServerConfigKeys (ConfUtils.java:logGet(46)) - raft.server.log.segment.cache.size.max = 200MB (=209715200) (default)
2024-05-24 07:48:53,992 [9cef26bd-fad7-4006-851f-097a618c2ff8-groupManagement] INFO  server.RaftServerConfigKeys (ConfUtils.java:logGet(46)) - raft.server.log.appender.buffer.byte-limit = 8388608 (custom)
2024-05-24 07:48:53,992 [b4e39294-6870-4830-abfa-7517d5dcbfab@group-3979F1BF2552-FollowerState] INFO  server.RaftServerConfigKeys (ConfUtils.java:logFallback(53)) - raft.server.rpc.first-election.timeout.min = 5s (fallback to raft.server.rpc.timeout.min)
2024-05-24 07:48:53,992 [b4e39294-6870-4830-abfa-7517d5dcbfab@group-3979F1BF2552-FollowerState] INFO  server.RaftServerConfigKeys (ConfUtils.java:logFallback(53)) - raft.server.rpc.first-election.timeout.max = 5200ms (fallback to raft.server.rpc.timeout.max)
2024-05-24 07:48:53,992 [9cef26bd-fad7-4006-851f-097a618c2ff8-groupManagement] INFO  util.AwaitToRun (AwaitToRun.java:start(81)) - Thread[9cef26bd-fad7-4006-851f-097a618c2ff8@group-3979F1BF2552-cacheEviction-AwaitToRun,5,main] started
2024-05-24 07:48:53,993 [9cef26bd-fad7-4006-851f-097a618c2ff8-groupManagement] INFO  segmented.SegmentedRaftLogWorker (SegmentedRaftLogWorker.java:<init>(182)) - new 9cef26bd-fad7-4006-851f-097a618c2ff8@group-3979F1BF2552-SegmentedRaftLogWorker for RaftStorageImpl:Storage Directory /home/runner/work/ozone/ozone/hadoop-ozone/integration-test/target/test-dir/MiniOzoneClusterImpl-b501fab0-540e-4575-af6e-dde2336b059e/ozone-meta/datanode-8/ratis/e2199128-a7b8-43c5-8a50-3979f1bf2552
2024-05-24 07:48:53,993 [9cef26bd-fad7-4006-851f-097a618c2ff8-groupManagement] INFO  server.RaftServerConfigKeys (ConfUtils.java:logGet(46)) - raft.server.log.queue.byte-limit = 4294967296 (custom)
2024-05-24 07:48:53,993 [9cef26bd-fad7-4006-851f-097a618c2ff8-groupManagement] INFO  server.RaftServerConfigKeys (ConfUtils.java:logGet(46)) - raft.server.log.queue.element-limit = 1024 (custom)
2024-05-24 07:48:53,993 [9cef26bd-fad7-4006-851f-097a618c2ff8-groupManagement] INFO  server.RaftServerConfigKeys (ConfUtils.java:logGet(46)) - raft.server.log.segment.size.max = 67108864 (custom)
2024-05-24 07:48:53,993 [9cef26bd-fad7-4006-851f-097a618c2ff8-groupManagement] INFO  server.RaftServerConfigKeys (ConfUtils.java:logGet(46)) - raft.server.log.preallocated.size = 4194304 (custom)
2024-05-24 07:48:53,993 [9cef26bd-fad7-4006-851f-097a618c2ff8-groupManagement] INFO  server.RaftServerConfigKeys (ConfUtils.java:logGet(46)) - raft.server.log.force.sync.num = 128 (default)
2024-05-24 07:48:53,993 [9cef26bd-fad7-4006-851f-097a618c2ff8-groupManagement] INFO  server.RaftServerConfigKeys (ConfUtils.java:logGet(46)) - raft.server.log.statemachine.data.sync = true (default)
2024-05-24 07:48:53,993 [9cef26bd-fad7-4006-851f-097a618c2ff8-groupManagement] INFO  server.RaftServerConfigKeys (ConfUtils.java:logGet(46)) - raft.server.log.statemachine.data.sync.timeout = 10s (default)
2024-05-24 07:48:53,993 [9cef26bd-fad7-4006-851f-097a618c2ff8-groupManagement] INFO  server.RaftServerConfigKeys (ConfUtils.java:logGet(46)) - raft.server.log.statemachine.data.sync.timeout.retry = 30 (custom)
2024-05-24 07:48:53,994 [9cef26bd-fad7-4006-851f-097a618c2ff8-groupManagement] INFO  server.RaftServerConfigKeys (ConfUtils.java:logGet(46)) - raft.server.log.write.buffer.size = 8388616 (custom)
2024-05-24 07:48:53,996 [9cef26bd-fad7-4006-851f-097a618c2ff8-groupManagement] INFO  server.RaftServerConfigKeys (ConfUtils.java:logGet(46)) - raft.server.log.appender.buffer.byte-limit = 8388608 (custom)
2024-05-24 07:48:53,997 [9cef26bd-fad7-4006-851f-097a618c2ff8-groupManagement] INFO  server.RaftServerConfigKeys (ConfUtils.java:logGet(46)) - raft.server.log.unsafe-flush.enabled = false (default)
2024-05-24 07:48:53,997 [9cef26bd-fad7-4006-851f-097a618c2ff8-groupManagement] INFO  server.RaftServerConfigKeys (ConfUtils.java:logGet(46)) - raft.server.log.async-flush.enabled = false (default)
2024-05-24 07:48:53,997 [9cef26bd-fad7-4006-851f-097a618c2ff8-groupManagement] INFO  server.RaftServerConfigKeys (ConfUtils.java:logGet(46)) - raft.server.log.statemachine.data.caching.enabled = true (custom)
2024-05-24 07:48:53,997 [9cef26bd-fad7-4006-851f-097a618c2ff8-groupManagement] INFO  segmented.SegmentedRaftLogWorker (SegmentedRaftLogWorker.java:lambda$new$0(134)) - 9cef26bd-fad7-4006-851f-097a618c2ff8@group-3979F1BF2552-SegmentedRaftLogWorker: flushIndex: setUnconditionally 0 -> -1
2024-05-24 07:48:53,997 [9cef26bd-fad7-4006-851f-097a618c2ff8-groupManagement] INFO  segmented.SegmentedRaftLogWorker (SegmentedRaftLogWorker.java:lambda$new$0(134)) - 9cef26bd-fad7-4006-851f-097a618c2ff8@group-3979F1BF2552-SegmentedRaftLogWorker: safeCacheEvictIndex: setUnconditionally 0 -> -1
2024-05-24 07:48:54,000 [b4e39294-6870-4830-abfa-7517d5dcbfab-groupManagement] INFO  server.RaftServer$Division (RaftServerImpl.java:<init>(256)) - b4e39294-6870-4830-abfa-7517d5dcbfab: new RaftServerImpl for group-007800FB2959:[b4e39294-6870-4830-abfa-7517d5dcbfab|127.0.0.1:15086] with ContainerStateMachine:uninitialized
2024-05-24 07:48:54,001 [b4e39294-6870-4830-abfa-7517d5dcbfab-groupManagement] INFO  server.RaftServerConfigKeys (ConfUtils.java:logGet(46)) - raft.server.rpc.timeout.min = 5s (custom)
2024-05-24 07:48:54,001 [b4e39294-6870-4830-abfa-7517d5dcbfab-groupManagement] INFO  server.RaftServerConfigKeys (ConfUtils.java:logGet(46)) - raft.server.rpc.timeout.max = 5200ms (custom)
2024-05-24 07:48:54,001 [b4e39294-6870-4830-abfa-7517d5dcbfab-groupManagement] INFO  server.RaftServerConfigKeys (ConfUtils.java:logGet(46)) - raft.server.rpc.sleep.time = 25ms (default)
2024-05-24 07:48:54,001 [b4e39294-6870-4830-abfa-7517d5dcbfab-groupManagement] INFO  server.RaftServerConfigKeys (ConfUtils.java:logGet(46)) - raft.server.rpc.slowness.timeout = 300s (custom)
2024-05-24 07:48:54,001 [b4e39294-6870-4830-abfa-7517d5dcbfab-groupManagement] INFO  server.RaftServerConfigKeys (ConfUtils.java:logGet(46)) - raft.server.leaderelection.leader.step-down.wait-time = 10s (default)
2024-05-24 07:48:54,001 [b4e39294-6870-4830-abfa-7517d5dcbfab-groupManagement] INFO  server.RaftServerConfigKeys (ConfUtils.java:logGet(46)) - raft.server.leaderelection.member.majority-add = false (default)
2024-05-24 07:48:54,001 [b4e39294-6870-4830-abfa-7517d5dcbfab-groupManagement] INFO  server.RaftServerConfigKeys (ConfUtils.java:logGet(46)) - raft.server.sleep.deviation.threshold = 300ms (default)
2024-05-24 07:48:54,001 [b4e39294-6870-4830-abfa-7517d5dcbfab-groupManagement] INFO  server.RaftServer$Division (ServerState.java:<init>(113)) - b4e39294-6870-4830-abfa-7517d5dcbfab@group-007800FB2959: ConfigurationManager, init=-1: peers:[b4e39294-6870-4830-abfa-7517d5dcbfab|127.0.0.1:15086]|listeners:[], old=null, confs=<EMPTY_MAP>
2024-05-24 07:48:54,001 [b4e39294-6870-4830-abfa-7517d5dcbfab-groupManagement] INFO  server.RaftServerConfigKeys (ConfUtils.java:logGet(46)) - raft.server.notification.no-leader.timeout = 300s (custom)
2024-05-24 07:48:54,001 [b4e39294-6870-4830-abfa-7517d5dcbfab-groupManagement] INFO  server.RaftServerConfigKeys (ConfUtils.java:logGet(46)) - raft.server.read.timeout = 10s (default)
2024-05-24 07:48:54,001 [b4e39294-6870-4830-abfa-7517d5dcbfab-groupManagement] INFO  server.RaftServerConfigKeys (ConfUtils.java:logGet(46)) - raft.server.retrycache.expirytime = 600000ms (custom)
2024-05-24 07:48:54,001 [b4e39294-6870-4830-abfa-7517d5dcbfab-groupManagement] INFO  server.RaftServerConfigKeys (ConfUtils.java:logGet(46)) - raft.server.retrycache.statistics.expirytime = 100ms (default)
2024-05-24 07:48:54,002 [b4e39294-6870-4830-abfa-7517d5dcbfab-groupManagement] INFO  server.RaftServerConfigKeys (ConfUtils.java:logGet(46)) - raft.server.read.option = DEFAULT (default)
2024-05-24 07:48:54,002 [b4e39294-6870-4830-abfa-7517d5dcbfab-groupManagement] INFO  server.RaftServerConfigKeys (ConfUtils.java:logGet(46)) - raft.server.read.read-after-write-consistent.write-index-cache.expiry-time = 60s (default)
2024-05-24 07:48:54,006 [b4e39294-6870-4830-abfa-7517d5dcbfab-groupManagement] INFO  server.RaftServerConfigKeys (ConfUtils.java:logGet(46)) - raft.server.rpc.request.timeout = 60s (custom)
2024-05-24 07:48:54,006 [b4e39294-6870-4830-abfa-7517d5dcbfab-groupManagement] INFO  server.RaftServerConfigKeys (ConfUtils.java:logGet(46)) - raft.server.log.appender.install.snapshot.enabled = false (custom)
2024-05-24 07:48:54,006 [b4e39294-6870-4830-abfa-7517d5dcbfab-groupManagement] INFO  server.RaftServerConfigKeys (ConfUtils.java:logGet(46)) - raft.server.threadpool.server.cached = true (default)
2024-05-24 07:48:54,006 [b4e39294-6870-4830-abfa-7517d5dcbfab-groupManagement] INFO  server.RaftServerConfigKeys (ConfUtils.java:logGet(46)) - raft.server.threadpool.server.size = 0 (default)
2024-05-24 07:48:54,006 [b4e39294-6870-4830-abfa-7517d5dcbfab-groupManagement] INFO  server.RaftServerConfigKeys (ConfUtils.java:logGet(46)) - raft.server.threadpool.client.cached = true (default)
2024-05-24 07:48:54,006 [b4e39294-6870-4830-abfa-7517d5dcbfab-groupManagement] INFO  server.RaftServerConfigKeys (ConfUtils.java:logGet(46)) - raft.server.threadpool.client.size = 0 (default)
2024-05-24 07:48:54,006 [b4e39294-6870-4830-abfa-7517d5dcbfab-groupManagement] INFO  server.RaftServerConfigKeys (ConfUtils.java:logGet(46)) - raft.server.storage.free-space.min = 0MB (=0) (default)
2024-05-24 07:48:54,007 [b4e39294-6870-4830-abfa-7517d5dcbfab-groupManagement] INFO  server.RaftServerConfigKeys (ConfUtils.java:logGet(46)) - raft.server.log.corruption.policy = EXCEPTION (default)
2024-05-24 07:48:54,007 [b4e39294-6870-4830-abfa-7517d5dcbfab-groupManagement] INFO  server.RaftServerConfigKeys (ConfUtils.java:logGet(46)) - raft.server.storage.dir = [/home/runner/work/ozone/ozone/hadoop-ozone/integration-test/target/test-dir/MiniOzoneClusterImpl-b501fab0-540e-4575-af6e-dde2336b059e/ozone-meta/datanode-9/ratis] (custom)
2024-05-24 07:48:54,007 [b4e39294-6870-4830-abfa-7517d5dcbfab-groupManagement] INFO  storage.RaftStorageDirectory (RaftStorageDirectoryImpl.java:analyzeStorage(138)) - The storage directory /home/runner/work/ozone/ozone/hadoop-ozone/integration-test/target/test-dir/MiniOzoneClusterImpl-b501fab0-540e-4575-af6e-dde2336b059e/ozone-meta/datanode-9/ratis/590d062f-4e13-4cec-963a-007800fb2959 does not exist. Creating ...
2024-05-24 07:48:54,008 [b4e39294-6870-4830-abfa-7517d5dcbfab-groupManagement] INFO  storage.RaftStorageDirectory (RaftStorageDirectoryImpl.java:tryLock(228)) - Lock on /home/runner/work/ozone/ozone/hadoop-ozone/integration-test/target/test-dir/MiniOzoneClusterImpl-b501fab0-540e-4575-af6e-dde2336b059e/ozone-meta/datanode-9/ratis/590d062f-4e13-4cec-963a-007800fb2959/in_use.lock acquired by nodename 29770@fv-az779-985
2024-05-24 07:48:54,009 [b4e39294-6870-4830-abfa-7517d5dcbfab-groupManagement] INFO  storage.RaftStorage (RaftStorageImpl.java:format(99)) - Storage directory /home/runner/work/ozone/ozone/hadoop-ozone/integration-test/target/test-dir/MiniOzoneClusterImpl-b501fab0-540e-4575-af6e-dde2336b059e/ozone-meta/datanode-9/ratis/590d062f-4e13-4cec-963a-007800fb2959 has been successfully formatted.
2024-05-24 07:48:54,010 [b4e39294-6870-4830-abfa-7517d5dcbfab-groupManagement] WARN  util.FileUtils (LogUtils.java:supplyAndLog(63)) - Failed to Files.newInputStream /home/runner/work/ozone/ozone/hadoop-ozone/integration-test/target/test-dir/MiniOzoneClusterImpl-b501fab0-540e-4575-af6e-dde2336b059e/ozone-meta/datanode-9/ratis/590d062f-4e13-4cec-963a-007800fb2959/current/raft-meta.conf with options []: java.nio.file.NoSuchFileException: /home/runner/work/ozone/ozone/hadoop-ozone/integration-test/target/test-dir/MiniOzoneClusterImpl-b501fab0-540e-4575-af6e-dde2336b059e/ozone-meta/datanode-9/ratis/590d062f-4e13-4cec-963a-007800fb2959/current/raft-meta.conf
2024-05-24 07:48:54,010 [b4e39294-6870-4830-abfa-7517d5dcbfab-groupManagement] INFO  ratis.ContainerStateMachine (ContainerStateMachine.java:loadSnapshot(287)) - group-007800FB2959: The snapshot info is null. Setting the last applied index to:(t:0, i:~)
2024-05-24 07:48:54,010 [b4e39294-6870-4830-abfa-7517d5dcbfab-groupManagement] INFO  server.RaftServerConfigKeys (ConfUtils.java:logGet(46)) - raft.server.log.use.memory = false (default)
2024-05-24 07:48:54,010 [b4e39294-6870-4830-abfa-7517d5dcbfab-groupManagement] INFO  server.RaftServerConfigKeys (ConfUtils.java:logGet(46)) - raft.server.log.purge.gap = 1000000 (custom)
2024-05-24 07:48:54,010 [b4e39294-6870-4830-abfa-7517d5dcbfab-groupManagement] INFO  server.RaftServerConfigKeys (ConfUtils.java:logGet(46)) - raft.server.log.appender.buffer.byte-limit = 8388608 (custom)
2024-05-24 07:48:54,010 [b4e39294-6870-4830-abfa-7517d5dcbfab-groupManagement] INFO  server.RaftServerConfigKeys (ConfUtils.java:logGet(46)) - raft.server.log.statemachine.data.read.timeout = 1000ms (default)
2024-05-24 07:48:54,010 [b4e39294-6870-4830-abfa-7517d5dcbfab-groupManagement] INFO  server.RaftServerConfigKeys (ConfUtils.java:logGet(46)) - raft.server.log.purge.preservation.log.num = 0 (default)
2024-05-24 07:48:54,013 [EventQueue-PipelineReportForPipelineReportHandler] INFO  pipeline.PipelineReportHandler (PipelineReportHandler.java:processPipelineReport(136)) - Opened pipeline PipelineID=590d062f-4e13-4cec-963a-007800fb2959
2024-05-24 07:48:54,013 [EventQueue-OpenPipelineForHealthyPipelineSafeModeRule] INFO  safemode.SCMSafeModeManager (HealthyPipelineSafeModeRule.java:process(140)) - SCM in safe mode. Healthy pipelines reported count is 0, required healthy pipeline reported count is 1
2024-05-24 07:48:54,013 [b4e39294-6870-4830-abfa-7517d5dcbfab-groupManagement] INFO  server.RaftServerConfigKeys (ConfUtils.java:logGet(46)) - raft.server.log.segment.size.max = 67108864 (custom)
2024-05-24 07:48:54,014 [b4e39294-6870-4830-abfa-7517d5dcbfab-groupManagement] INFO  server.RaftServerConfigKeys (ConfUtils.java:logGet(46)) - raft.server.log.segment.cache.num.max = 2 (custom)
2024-05-24 07:48:54,014 [b4e39294-6870-4830-abfa-7517d5dcbfab-groupManagement] INFO  server.RaftServerConfigKeys (ConfUtils.java:logGet(46)) - raft.server.log.segment.cache.size.max = 200MB (=209715200) (default)
2024-05-24 07:48:54,014 [b4e39294-6870-4830-abfa-7517d5dcbfab-groupManagement] INFO  server.RaftServerConfigKeys (ConfUtils.java:logGet(46)) - raft.server.log.appender.buffer.byte-limit = 8388608 (custom)
2024-05-24 07:48:54,021 [9cef26bd-fad7-4006-851f-097a618c2ff8-groupManagement] INFO  server.RaftServer$Division (RaftServerImpl.java:start(396)) - 9cef26bd-fad7-4006-851f-097a618c2ff8@group-3979F1BF2552: start as a follower, conf=-1: peers:[b4e39294-6870-4830-abfa-7517d5dcbfab|127.0.0.1:15086, 9cef26bd-fad7-4006-851f-097a618c2ff8|127.0.0.1:15077, 26f71362-a48a-41de-9ada-52ca0d6b3643|127.0.0.1:15068]|listeners:[], old=null
2024-05-24 07:48:54,022 [9cef26bd-fad7-4006-851f-097a618c2ff8-groupManagement] INFO  server.RaftServer$Division (RaftServerImpl.java:setRole(383)) - 9cef26bd-fad7-4006-851f-097a618c2ff8@group-3979F1BF2552: changes role from      null to FOLLOWER at term 0 for startAsFollower
2024-05-24 07:48:54,022 [9cef26bd-fad7-4006-851f-097a618c2ff8-groupManagement] INFO  impl.RoleInfo (RoleInfo.java:updateAndGet(139)) - 9cef26bd-fad7-4006-851f-097a618c2ff8: start 9cef26bd-fad7-4006-851f-097a618c2ff8@group-3979F1BF2552-FollowerState
2024-05-24 07:48:54,022 [main] INFO  ozone.MiniOzoneClusterImpl (MiniOzoneClusterImpl.java:lambda$waitForClusterToBeReady$0(194)) - Nodes are ready. Got 10 of 10 DN Heartbeats.
2024-05-24 07:48:54,022 [main] INFO  ozone.MiniOzoneClusterImpl (MiniOzoneClusterImpl.java:lambda$waitForClusterToBeReady$0(197)) - Waiting for cluster to exit safe mode
2024-05-24 07:48:54,022 [main] INFO  ozone.MiniOzoneClusterImpl (MiniOzoneClusterImpl.java:lambda$waitForClusterToBeReady$0(199)) - SCM became leader
2024-05-24 07:48:54,029 [9cef26bd-fad7-4006-851f-097a618c2ff8-groupManagement] INFO  util.JmxRegister (JmxRegister.java:tryRegister(44)) - Successfully registered JMX Bean with object name Ratis:service=RaftServer,group=group-3979F1BF2552,id=9cef26bd-fad7-4006-851f-097a618c2ff8
2024-05-24 07:48:54,029 [9cef26bd-fad7-4006-851f-097a618c2ff8-groupManagement] INFO  server.RaftServerConfigKeys (ConfUtils.java:logGet(46)) - raft.server.snapshot.trigger-when-stop.enabled = true (default)
2024-05-24 07:48:54,029 [9cef26bd-fad7-4006-851f-097a618c2ff8-groupManagement] INFO  server.RaftServerConfigKeys (ConfUtils.java:logGet(46)) - raft.server.snapshot.auto.trigger.enabled = true (custom)
2024-05-24 07:48:54,029 [9cef26bd-fad7-4006-851f-097a618c2ff8-groupManagement] INFO  server.RaftServerConfigKeys (ConfUtils.java:logGet(46)) - raft.server.snapshot.auto.trigger.threshold = 10000 (custom)
2024-05-24 07:48:54,029 [9cef26bd-fad7-4006-851f-097a618c2ff8-groupManagement] INFO  server.RaftServerConfigKeys (ConfUtils.java:logGet(46)) - raft.server.snapshot.retention.file.num = 5 (custom)
2024-05-24 07:48:54,029 [9cef26bd-fad7-4006-851f-097a618c2ff8-groupManagement] INFO  server.RaftServerConfigKeys (ConfUtils.java:logGet(46)) - raft.server.log.purge.upto.snapshot.index = false (default)
2024-05-24 07:48:54,030 [9cef26bd-fad7-4006-851f-097a618c2ff8@group-3979F1BF2552-FollowerState] INFO  server.RaftServerConfigKeys (ConfUtils.java:logFallback(53)) - raft.server.rpc.first-election.timeout.min = 5s (fallback to raft.server.rpc.timeout.min)
2024-05-24 07:48:54,031 [9cef26bd-fad7-4006-851f-097a618c2ff8@group-3979F1BF2552-FollowerState] INFO  server.RaftServerConfigKeys (ConfUtils.java:logFallback(53)) - raft.server.rpc.first-election.timeout.max = 5200ms (fallback to raft.server.rpc.timeout.max)
2024-05-24 07:48:54,033 [9cef26bd-fad7-4006-851f-097a618c2ff8-PipelineCommandHandlerThread-0] INFO  ratis.XceiverServerRatis (XceiverServerRatis.java:addGroup(864)) - Created group PipelineID=e2199128-a7b8-43c5-8a50-3979f1bf2552
2024-05-24 07:48:54,035 [b4e39294-6870-4830-abfa-7517d5dcbfab-groupManagement] INFO  util.AwaitToRun (AwaitToRun.java:start(81)) - Thread[b4e39294-6870-4830-abfa-7517d5dcbfab@group-007800FB2959-cacheEviction-AwaitToRun,5,main] started
2024-05-24 07:48:54,035 [b4e39294-6870-4830-abfa-7517d5dcbfab-groupManagement] INFO  segmented.SegmentedRaftLogWorker (SegmentedRaftLogWorker.java:<init>(182)) - new b4e39294-6870-4830-abfa-7517d5dcbfab@group-007800FB2959-SegmentedRaftLogWorker for RaftStorageImpl:Storage Directory /home/runner/work/ozone/ozone/hadoop-ozone/integration-test/target/test-dir/MiniOzoneClusterImpl-b501fab0-540e-4575-af6e-dde2336b059e/ozone-meta/datanode-9/ratis/590d062f-4e13-4cec-963a-007800fb2959
2024-05-24 07:48:54,035 [b4e39294-6870-4830-abfa-7517d5dcbfab-groupManagement] INFO  server.RaftServerConfigKeys (ConfUtils.java:logGet(46)) - raft.server.log.queue.byte-limit = 4294967296 (custom)
2024-05-24 07:48:54,035 [b4e39294-6870-4830-abfa-7517d5dcbfab-groupManagement] INFO  server.RaftServerConfigKeys (ConfUtils.java:logGet(46)) - raft.server.log.queue.element-limit = 1024 (custom)
2024-05-24 07:48:54,035 [b4e39294-6870-4830-abfa-7517d5dcbfab-groupManagement] INFO  server.RaftServerConfigKeys (ConfUtils.java:logGet(46)) - raft.server.log.segment.size.max = 67108864 (custom)
2024-05-24 07:48:54,035 [b4e39294-6870-4830-abfa-7517d5dcbfab-groupManagement] INFO  server.RaftServerConfigKeys (ConfUtils.java:logGet(46)) - raft.server.log.preallocated.size = 4194304 (custom)
2024-05-24 07:48:54,036 [b4e39294-6870-4830-abfa-7517d5dcbfab-groupManagement] INFO  server.RaftServerConfigKeys (ConfUtils.java:logGet(46)) - raft.server.log.force.sync.num = 128 (default)
2024-05-24 07:48:54,036 [b4e39294-6870-4830-abfa-7517d5dcbfab-groupManagement] INFO  server.RaftServerConfigKeys (ConfUtils.java:logGet(46)) - raft.server.log.statemachine.data.sync = true (default)
2024-05-24 07:48:54,036 [b4e39294-6870-4830-abfa-7517d5dcbfab-groupManagement] INFO  server.RaftServerConfigKeys (ConfUtils.java:logGet(46)) - raft.server.log.statemachine.data.sync.timeout = 10s (default)
2024-05-24 07:48:54,036 [b4e39294-6870-4830-abfa-7517d5dcbfab-groupManagement] INFO  server.RaftServerConfigKeys (ConfUtils.java:logGet(46)) - raft.server.log.statemachine.data.sync.timeout.retry = 30 (custom)
2024-05-24 07:48:54,036 [b4e39294-6870-4830-abfa-7517d5dcbfab-groupManagement] INFO  server.RaftServerConfigKeys (ConfUtils.java:logGet(46)) - raft.server.log.write.buffer.size = 8388616 (custom)
2024-05-24 07:48:54,040 [b4e39294-6870-4830-abfa-7517d5dcbfab-groupManagement] INFO  server.RaftServerConfigKeys (ConfUtils.java:logGet(46)) - raft.server.log.appender.buffer.byte-limit = 8388608 (custom)
2024-05-24 07:48:54,040 [b4e39294-6870-4830-abfa-7517d5dcbfab-groupManagement] INFO  server.RaftServerConfigKeys (ConfUtils.java:logGet(46)) - raft.server.log.unsafe-flush.enabled = false (default)
2024-05-24 07:48:54,041 [b4e39294-6870-4830-abfa-7517d5dcbfab-groupManagement] INFO  server.RaftServerConfigKeys (ConfUtils.java:logGet(46)) - raft.server.log.async-flush.enabled = false (default)
2024-05-24 07:48:54,041 [b4e39294-6870-4830-abfa-7517d5dcbfab-groupManagement] INFO  server.RaftServerConfigKeys (ConfUtils.java:logGet(46)) - raft.server.log.statemachine.data.caching.enabled = true (custom)
2024-05-24 07:48:54,042 [b4e39294-6870-4830-abfa-7517d5dcbfab-groupManagement] INFO  segmented.SegmentedRaftLogWorker (SegmentedRaftLogWorker.java:lambda$new$0(134)) - b4e39294-6870-4830-abfa-7517d5dcbfab@group-007800FB2959-SegmentedRaftLogWorker: flushIndex: setUnconditionally 0 -> -1
2024-05-24 07:48:54,042 [b4e39294-6870-4830-abfa-7517d5dcbfab-groupManagement] INFO  segmented.SegmentedRaftLogWorker (SegmentedRaftLogWorker.java:lambda$new$0(134)) - b4e39294-6870-4830-abfa-7517d5dcbfab@group-007800FB2959-SegmentedRaftLogWorker: safeCacheEvictIndex: setUnconditionally 0 -> -1
2024-05-24 07:48:54,045 [456fd1aa-12b1-4be7-a527-595ee8ec60c1-PipelineCommandHandlerThread-0] INFO  server.RaftServer (RaftServerProxy.java:addNew(100)) - 456fd1aa-12b1-4be7-a527-595ee8ec60c1: addNew group-27DB9AEE457D:[456fd1aa-12b1-4be7-a527-595ee8ec60c1|127.0.0.1:15095] returns group-27DB9AEE457D:java.util.concurrent.CompletableFuture@ea9420b[Not completed]
2024-05-24 07:48:54,048 [456fd1aa-12b1-4be7-a527-595ee8ec60c1-groupManagement] INFO  server.RaftServer$Division (RaftServerImpl.java:<init>(256)) - 456fd1aa-12b1-4be7-a527-595ee8ec60c1: new RaftServerImpl for group-27DB9AEE457D:[456fd1aa-12b1-4be7-a527-595ee8ec60c1|127.0.0.1:15095] with ContainerStateMachine:uninitialized
2024-05-24 07:48:54,049 [456fd1aa-12b1-4be7-a527-595ee8ec60c1-groupManagement] INFO  server.RaftServerConfigKeys (ConfUtils.java:logGet(46)) - raft.server.rpc.timeout.min = 5s (custom)
2024-05-24 07:48:54,050 [456fd1aa-12b1-4be7-a527-595ee8ec60c1-groupManagement] INFO  server.RaftServerConfigKeys (ConfUtils.java:logGet(46)) - raft.server.rpc.timeout.max = 5200ms (custom)
2024-05-24 07:48:54,050 [456fd1aa-12b1-4be7-a527-595ee8ec60c1-groupManagement] INFO  server.RaftServerConfigKeys (ConfUtils.java:logGet(46)) - raft.server.rpc.sleep.time = 25ms (default)
2024-05-24 07:48:54,050 [456fd1aa-12b1-4be7-a527-595ee8ec60c1-groupManagement] INFO  server.RaftServerConfigKeys (ConfUtils.java:logGet(46)) - raft.server.rpc.slowness.timeout = 300s (custom)
2024-05-24 07:48:54,050 [456fd1aa-12b1-4be7-a527-595ee8ec60c1-groupManagement] INFO  server.RaftServerConfigKeys (ConfUtils.java:logGet(46)) - raft.server.leaderelection.leader.step-down.wait-time = 10s (default)
2024-05-24 07:48:54,050 [456fd1aa-12b1-4be7-a527-595ee8ec60c1-groupManagement] INFO  server.RaftServerConfigKeys (ConfUtils.java:logGet(46)) - raft.server.leaderelection.member.majority-add = false (default)
2024-05-24 07:48:54,050 [456fd1aa-12b1-4be7-a527-595ee8ec60c1-groupManagement] INFO  server.RaftServerConfigKeys (ConfUtils.java:logGet(46)) - raft.server.sleep.deviation.threshold = 300ms (default)
2024-05-24 07:48:54,050 [456fd1aa-12b1-4be7-a527-595ee8ec60c1-groupManagement] INFO  server.RaftServer$Division (ServerState.java:<init>(113)) - 456fd1aa-12b1-4be7-a527-595ee8ec60c1@group-27DB9AEE457D: ConfigurationManager, init=-1: peers:[456fd1aa-12b1-4be7-a527-595ee8ec60c1|127.0.0.1:15095]|listeners:[], old=null, confs=<EMPTY_MAP>
2024-05-24 07:48:54,050 [456fd1aa-12b1-4be7-a527-595ee8ec60c1-groupManagement] INFO  server.RaftServerConfigKeys (ConfUtils.java:logGet(46)) - raft.server.notification.no-leader.timeout = 300s (custom)
2024-05-24 07:48:54,050 [456fd1aa-12b1-4be7-a527-595ee8ec60c1-groupManagement] INFO  server.RaftServerConfigKeys (ConfUtils.java:logGet(46)) - raft.server.read.timeout = 10s (default)
2024-05-24 07:48:54,050 [456fd1aa-12b1-4be7-a527-595ee8ec60c1-groupManagement] INFO  server.RaftServerConfigKeys (ConfUtils.java:logGet(46)) - raft.server.retrycache.expirytime = 600000ms (custom)
2024-05-24 07:48:54,050 [456fd1aa-12b1-4be7-a527-595ee8ec60c1-groupManagement] INFO  server.RaftServerConfigKeys (ConfUtils.java:logGet(46)) - raft.server.retrycache.statistics.expirytime = 100ms (default)
2024-05-24 07:48:54,050 [456fd1aa-12b1-4be7-a527-595ee8ec60c1-groupManagement] INFO  server.RaftServerConfigKeys (ConfUtils.java:logGet(46)) - raft.server.read.option = DEFAULT (default)
2024-05-24 07:48:54,050 [456fd1aa-12b1-4be7-a527-595ee8ec60c1-groupManagement] INFO  server.RaftServerConfigKeys (ConfUtils.java:logGet(46)) - raft.server.read.read-after-write-consistent.write-index-cache.expiry-time = 60s (default)
2024-05-24 07:48:54,055 [26f71362-a48a-41de-9ada-52ca0d6b3643-PipelineCommandHandlerThread-0] INFO  commandhandler.CreatePipelineCommandHandler (CreatePipelineCommandHandler.java:lambda$handle$2(124)) - Created Pipeline RATIS THREE PipelineID=e2199128-a7b8-43c5-8a50-3979f1bf2552.
2024-05-24 07:48:54,055 [26f71362-a48a-41de-9ada-52ca0d6b3643-PipelineCommandHandlerThread-0] INFO  server.RaftServer (RaftServerProxy.java:addNew(100)) - 26f71362-a48a-41de-9ada-52ca0d6b3643: addNew group-E715CE6D5264:[b4e39294-6870-4830-abfa-7517d5dcbfab|127.0.0.1:15086, 9cef26bd-fad7-4006-851f-097a618c2ff8|127.0.0.1:15077, 26f71362-a48a-41de-9ada-52ca0d6b3643|127.0.0.1:15068] returns group-E715CE6D5264:java.util.concurrent.CompletableFuture@224e6e25[Not completed]
2024-05-24 07:48:54,056 [26f71362-a48a-41de-9ada-52ca0d6b3643-groupManagement] INFO  server.RaftServer$Division (RaftServerImpl.java:<init>(256)) - 26f71362-a48a-41de-9ada-52ca0d6b3643: new RaftServerImpl for group-E715CE6D5264:[b4e39294-6870-4830-abfa-7517d5dcbfab|127.0.0.1:15086, 9cef26bd-fad7-4006-851f-097a618c2ff8|127.0.0.1:15077, 26f71362-a48a-41de-9ada-52ca0d6b3643|127.0.0.1:15068] with ContainerStateMachine:uninitialized
2024-05-24 07:48:54,057 [26f71362-a48a-41de-9ada-52ca0d6b3643-groupManagement] INFO  server.RaftServerConfigKeys (ConfUtils.java:logGet(46)) - raft.server.rpc.timeout.min = 5s (custom)
2024-05-24 07:48:54,057 [26f71362-a48a-41de-9ada-52ca0d6b3643-groupManagement] INFO  server.RaftServerConfigKeys (ConfUtils.java:logGet(46)) - raft.server.rpc.timeout.max = 5200ms (custom)
2024-05-24 07:48:54,057 [26f71362-a48a-41de-9ada-52ca0d6b3643-groupManagement] INFO  server.RaftServerConfigKeys (ConfUtils.java:logGet(46)) - raft.server.rpc.sleep.time = 25ms (default)
2024-05-24 07:48:54,057 [26f71362-a48a-41de-9ada-52ca0d6b3643-groupManagement] INFO  server.RaftServerConfigKeys (ConfUtils.java:logGet(46)) - raft.server.rpc.slowness.timeout = 300s (custom)
2024-05-24 07:48:54,057 [26f71362-a48a-41de-9ada-52ca0d6b3643-groupManagement] INFO  server.RaftServerConfigKeys (ConfUtils.java:logGet(46)) - raft.server.leaderelection.leader.step-down.wait-time = 10s (default)
2024-05-24 07:48:54,057 [26f71362-a48a-41de-9ada-52ca0d6b3643-groupManagement] INFO  server.RaftServerConfigKeys (ConfUtils.java:logGet(46)) - raft.server.leaderelection.member.majority-add = false (default)
2024-05-24 07:48:54,057 [26f71362-a48a-41de-9ada-52ca0d6b3643-groupManagement] INFO  server.RaftServerConfigKeys (ConfUtils.java:logGet(46)) - raft.server.sleep.deviation.threshold = 300ms (default)
2024-05-24 07:48:54,057 [26f71362-a48a-41de-9ada-52ca0d6b3643-groupManagement] INFO  server.RaftServer$Division (ServerState.java:<init>(113)) - 26f71362-a48a-41de-9ada-52ca0d6b3643@group-E715CE6D5264: ConfigurationManager, init=-1: peers:[b4e39294-6870-4830-abfa-7517d5dcbfab|127.0.0.1:15086, 9cef26bd-fad7-4006-851f-097a618c2ff8|127.0.0.1:15077, 26f71362-a48a-41de-9ada-52ca0d6b3643|127.0.0.1:15068]|listeners:[], old=null, confs=<EMPTY_MAP>
2024-05-24 07:48:54,057 [26f71362-a48a-41de-9ada-52ca0d6b3643-groupManagement] INFO  server.RaftServerConfigKeys (ConfUtils.java:logGet(46)) - raft.server.notification.no-leader.timeout = 300s (custom)
2024-05-24 07:48:54,057 [26f71362-a48a-41de-9ada-52ca0d6b3643-groupManagement] INFO  server.RaftServerConfigKeys (ConfUtils.java:logGet(46)) - raft.server.read.timeout = 10s (default)
2024-05-24 07:48:54,057 [26f71362-a48a-41de-9ada-52ca0d6b3643-groupManagement] INFO  server.RaftServerConfigKeys (ConfUtils.java:logGet(46)) - raft.server.retrycache.expirytime = 600000ms (custom)
2024-05-24 07:48:54,057 [26f71362-a48a-41de-9ada-52ca0d6b3643-groupManagement] INFO  server.RaftServerConfigKeys (ConfUtils.java:logGet(46)) - raft.server.retrycache.statistics.expirytime = 100ms (default)
2024-05-24 07:48:54,057 [26f71362-a48a-41de-9ada-52ca0d6b3643-groupManagement] INFO  server.RaftServerConfigKeys (ConfUtils.java:logGet(46)) - raft.server.read.option = DEFAULT (default)
2024-05-24 07:48:54,057 [26f71362-a48a-41de-9ada-52ca0d6b3643-groupManagement] INFO  server.RaftServerConfigKeys (ConfUtils.java:logGet(46)) - raft.server.read.read-after-write-consistent.write-index-cache.expiry-time = 60s (default)
2024-05-24 07:48:54,059 [713fd2b4-03fd-4bcc-8950-4119d378f2ca-PipelineCommandHandlerThread-0] INFO  commandhandler.CreatePipelineCommandHandler (CreatePipelineCommandHandler.java:lambda$handle$2(124)) - Created Pipeline RATIS THREE PipelineID=8878c401-de30-425e-a266-332c9e309ca1.
2024-05-24 07:48:54,057 [456fd1aa-12b1-4be7-a527-595ee8ec60c1-groupManagement] INFO  server.RaftServerConfigKeys (ConfUtils.java:logGet(46)) - raft.server.rpc.request.timeout = 60s (custom)
2024-05-24 07:48:54,059 [456fd1aa-12b1-4be7-a527-595ee8ec60c1-groupManagement] INFO  server.RaftServerConfigKeys (ConfUtils.java:logGet(46)) - raft.server.log.appender.install.snapshot.enabled = false (custom)
2024-05-24 07:48:54,059 [456fd1aa-12b1-4be7-a527-595ee8ec60c1-groupManagement] INFO  server.RaftServerConfigKeys (ConfUtils.java:logGet(46)) - raft.server.threadpool.server.cached = true (default)
2024-05-24 07:48:54,060 [456fd1aa-12b1-4be7-a527-595ee8ec60c1-groupManagement] INFO  server.RaftServerConfigKeys (ConfUtils.java:logGet(46)) - raft.server.threadpool.server.size = 0 (default)
2024-05-24 07:48:54,060 [456fd1aa-12b1-4be7-a527-595ee8ec60c1-groupManagement] INFO  server.RaftServerConfigKeys (ConfUtils.java:logGet(46)) - raft.server.threadpool.client.cached = true (default)
2024-05-24 07:48:54,061 [456fd1aa-12b1-4be7-a527-595ee8ec60c1-groupManagement] INFO  server.RaftServerConfigKeys (ConfUtils.java:logGet(46)) - raft.server.threadpool.client.size = 0 (default)
2024-05-24 07:48:54,061 [456fd1aa-12b1-4be7-a527-595ee8ec60c1-groupManagement] INFO  server.RaftServerConfigKeys (ConfUtils.java:logGet(46)) - raft.server.storage.free-space.min = 0MB (=0) (default)
2024-05-24 07:48:54,061 [456fd1aa-12b1-4be7-a527-595ee8ec60c1-groupManagement] INFO  server.RaftServerConfigKeys (ConfUtils.java:logGet(46)) - raft.server.log.corruption.policy = EXCEPTION (default)
2024-05-24 07:48:54,062 [456fd1aa-12b1-4be7-a527-595ee8ec60c1-groupManagement] INFO  server.RaftServerConfigKeys (ConfUtils.java:logGet(46)) - raft.server.storage.dir = [/home/runner/work/ozone/ozone/hadoop-ozone/integration-test/target/test-dir/MiniOzoneClusterImpl-b501fab0-540e-4575-af6e-dde2336b059e/ozone-meta/datanode-10/ratis] (custom)
2024-05-24 07:48:54,062 [456fd1aa-12b1-4be7-a527-595ee8ec60c1-groupManagement] INFO  storage.RaftStorageDirectory (RaftStorageDirectoryImpl.java:analyzeStorage(138)) - The storage directory /home/runner/work/ozone/ozone/hadoop-ozone/integration-test/target/test-dir/MiniOzoneClusterImpl-b501fab0-540e-4575-af6e-dde2336b059e/ozone-meta/datanode-10/ratis/e18d3a5a-7754-4a65-ada1-27db9aee457d does not exist. Creating ...
2024-05-24 07:48:54,062 [26f71362-a48a-41de-9ada-52ca0d6b3643-groupManagement] INFO  server.RaftServerConfigKeys (ConfUtils.java:logGet(46)) - raft.server.rpc.request.timeout = 60s (custom)
2024-05-24 07:48:54,062 [26f71362-a48a-41de-9ada-52ca0d6b3643-groupManagement] INFO  server.RaftServerConfigKeys (ConfUtils.java:logGet(46)) - raft.server.log.appender.install.snapshot.enabled = false (custom)
2024-05-24 07:48:54,062 [26f71362-a48a-41de-9ada-52ca0d6b3643-groupManagement] INFO  server.RaftServerConfigKeys (ConfUtils.java:logGet(46)) - raft.server.threadpool.server.cached = true (default)
2024-05-24 07:48:54,063 [26f71362-a48a-41de-9ada-52ca0d6b3643-groupManagement] INFO  server.RaftServerConfigKeys (ConfUtils.java:logGet(46)) - raft.server.threadpool.server.size = 0 (default)
2024-05-24 07:48:54,063 [26f71362-a48a-41de-9ada-52ca0d6b3643-groupManagement] INFO  server.RaftServerConfigKeys (ConfUtils.java:logGet(46)) - raft.server.threadpool.client.cached = true (default)
2024-05-24 07:48:54,063 [26f71362-a48a-41de-9ada-52ca0d6b3643-groupManagement] INFO  server.RaftServerConfigKeys (ConfUtils.java:logGet(46)) - raft.server.threadpool.client.size = 0 (default)
2024-05-24 07:48:54,063 [26f71362-a48a-41de-9ada-52ca0d6b3643-groupManagement] INFO  server.RaftServerConfigKeys (ConfUtils.java:logGet(46)) - raft.server.storage.free-space.min = 0MB (=0) (default)
2024-05-24 07:48:54,063 [26f71362-a48a-41de-9ada-52ca0d6b3643-groupManagement] INFO  server.RaftServerConfigKeys (ConfUtils.java:logGet(46)) - raft.server.log.corruption.policy = EXCEPTION (default)
2024-05-24 07:48:54,063 [26f71362-a48a-41de-9ada-52ca0d6b3643-groupManagement] INFO  server.RaftServerConfigKeys (ConfUtils.java:logGet(46)) - raft.server.storage.dir = [/home/runner/work/ozone/ozone/hadoop-ozone/integration-test/target/test-dir/MiniOzoneClusterImpl-b501fab0-540e-4575-af6e-dde2336b059e/ozone-meta/datanode-7/ratis] (custom)
2024-05-24 07:48:54,063 [26f71362-a48a-41de-9ada-52ca0d6b3643-groupManagement] INFO  storage.RaftStorageDirectory (RaftStorageDirectoryImpl.java:analyzeStorage(138)) - The storage directory /home/runner/work/ozone/ozone/hadoop-ozone/integration-test/target/test-dir/MiniOzoneClusterImpl-b501fab0-540e-4575-af6e-dde2336b059e/ozone-meta/datanode-7/ratis/e447ea5f-fa66-4e37-a3b5-e715ce6d5264 does not exist. Creating ...
2024-05-24 07:48:54,063 [b4e39294-6870-4830-abfa-7517d5dcbfab-groupManagement] INFO  server.RaftServer$Division (RaftServerImpl.java:start(396)) - b4e39294-6870-4830-abfa-7517d5dcbfab@group-007800FB2959: start as a follower, conf=-1: peers:[b4e39294-6870-4830-abfa-7517d5dcbfab|127.0.0.1:15086]|listeners:[], old=null
2024-05-24 07:48:54,064 [b4e39294-6870-4830-abfa-7517d5dcbfab-groupManagement] INFO  server.RaftServer$Division (RaftServerImpl.java:setRole(383)) - b4e39294-6870-4830-abfa-7517d5dcbfab@group-007800FB2959: changes role from      null to FOLLOWER at term 0 for startAsFollower
2024-05-24 07:48:54,064 [b4e39294-6870-4830-abfa-7517d5dcbfab-groupManagement] INFO  impl.RoleInfo (RoleInfo.java:updateAndGet(139)) - b4e39294-6870-4830-abfa-7517d5dcbfab: start b4e39294-6870-4830-abfa-7517d5dcbfab@group-007800FB2959-FollowerState
2024-05-24 07:48:54,064 [b4e39294-6870-4830-abfa-7517d5dcbfab-groupManagement] INFO  util.JmxRegister (JmxRegister.java:tryRegister(44)) - Successfully registered JMX Bean with object name Ratis:service=RaftServer,group=group-007800FB2959,id=b4e39294-6870-4830-abfa-7517d5dcbfab
2024-05-24 07:48:54,064 [b4e39294-6870-4830-abfa-7517d5dcbfab-groupManagement] INFO  server.RaftServerConfigKeys (ConfUtils.java:logGet(46)) - raft.server.snapshot.trigger-when-stop.enabled = true (default)
2024-05-24 07:48:54,064 [b4e39294-6870-4830-abfa-7517d5dcbfab-groupManagement] INFO  server.RaftServerConfigKeys (ConfUtils.java:logGet(46)) - raft.server.snapshot.auto.trigger.enabled = true (custom)
2024-05-24 07:48:54,064 [b4e39294-6870-4830-abfa-7517d5dcbfab-groupManagement] INFO  server.RaftServerConfigKeys (ConfUtils.java:logGet(46)) - raft.server.snapshot.auto.trigger.threshold = 10000 (custom)
2024-05-24 07:48:54,064 [b4e39294-6870-4830-abfa-7517d5dcbfab-groupManagement] INFO  server.RaftServerConfigKeys (ConfUtils.java:logGet(46)) - raft.server.snapshot.retention.file.num = 5 (custom)
2024-05-24 07:48:54,064 [b4e39294-6870-4830-abfa-7517d5dcbfab-groupManagement] INFO  server.RaftServerConfigKeys (ConfUtils.java:logGet(46)) - raft.server.log.purge.upto.snapshot.index = false (default)
2024-05-24 07:48:54,065 [b4e39294-6870-4830-abfa-7517d5dcbfab@group-007800FB2959-FollowerState] INFO  server.RaftServerConfigKeys (ConfUtils.java:logFallback(53)) - raft.server.rpc.first-election.timeout.min = 5s (fallback to raft.server.rpc.timeout.min)
2024-05-24 07:48:54,065 [b4e39294-6870-4830-abfa-7517d5dcbfab@group-007800FB2959-FollowerState] INFO  server.RaftServerConfigKeys (ConfUtils.java:logFallback(53)) - raft.server.rpc.first-election.timeout.max = 5200ms (fallback to raft.server.rpc.timeout.max)
2024-05-24 07:48:54,065 [26f71362-a48a-41de-9ada-52ca0d6b3643-groupManagement] INFO  storage.RaftStorageDirectory (RaftStorageDirectoryImpl.java:tryLock(228)) - Lock on /home/runner/work/ozone/ozone/hadoop-ozone/integration-test/target/test-dir/MiniOzoneClusterImpl-b501fab0-540e-4575-af6e-dde2336b059e/ozone-meta/datanode-7/ratis/e447ea5f-fa66-4e37-a3b5-e715ce6d5264/in_use.lock acquired by nodename 29770@fv-az779-985
2024-05-24 07:48:54,066 [456fd1aa-12b1-4be7-a527-595ee8ec60c1-groupManagement] INFO  storage.RaftStorageDirectory (RaftStorageDirectoryImpl.java:tryLock(228)) - Lock on /home/runner/work/ozone/ozone/hadoop-ozone/integration-test/target/test-dir/MiniOzoneClusterImpl-b501fab0-540e-4575-af6e-dde2336b059e/ozone-meta/datanode-10/ratis/e18d3a5a-7754-4a65-ada1-27db9aee457d/in_use.lock acquired by nodename 29770@fv-az779-985
2024-05-24 07:48:54,066 [b4e39294-6870-4830-abfa-7517d5dcbfab-PipelineCommandHandlerThread-0] INFO  ratis.XceiverServerRatis (XceiverServerRatis.java:addGroup(864)) - Created group PipelineID=590d062f-4e13-4cec-963a-007800fb2959
2024-05-24 07:48:54,066 [b4e39294-6870-4830-abfa-7517d5dcbfab-PipelineCommandHandlerThread-0] INFO  commandhandler.CreatePipelineCommandHandler (CreatePipelineCommandHandler.java:lambda$handle$2(124)) - Created Pipeline RATIS ONE PipelineID=590d062f-4e13-4cec-963a-007800fb2959.
2024-05-24 07:48:54,066 [b4e39294-6870-4830-abfa-7517d5dcbfab-PipelineCommandHandlerThread-0] INFO  server.RaftServer (RaftServerProxy.java:addNew(100)) - b4e39294-6870-4830-abfa-7517d5dcbfab: addNew group-E715CE6D5264:[b4e39294-6870-4830-abfa-7517d5dcbfab|127.0.0.1:15086, 9cef26bd-fad7-4006-851f-097a618c2ff8|127.0.0.1:15077, 26f71362-a48a-41de-9ada-52ca0d6b3643|127.0.0.1:15068] returns group-E715CE6D5264:java.util.concurrent.CompletableFuture@55c78168[Not completed]
2024-05-24 07:48:54,067 [b4e39294-6870-4830-abfa-7517d5dcbfab-groupManagement] INFO  server.RaftServer$Division (RaftServerImpl.java:<init>(256)) - b4e39294-6870-4830-abfa-7517d5dcbfab: new RaftServerImpl for group-E715CE6D5264:[b4e39294-6870-4830-abfa-7517d5dcbfab|127.0.0.1:15086, 9cef26bd-fad7-4006-851f-097a618c2ff8|127.0.0.1:15077, 26f71362-a48a-41de-9ada-52ca0d6b3643|127.0.0.1:15068] with ContainerStateMachine:uninitialized
2024-05-24 07:48:54,068 [b4e39294-6870-4830-abfa-7517d5dcbfab-groupManagement] INFO  server.RaftServerConfigKeys (ConfUtils.java:logGet(46)) - raft.server.rpc.timeout.min = 5s (custom)
2024-05-24 07:48:54,068 [b4e39294-6870-4830-abfa-7517d5dcbfab-groupManagement] INFO  server.RaftServerConfigKeys (ConfUtils.java:logGet(46)) - raft.server.rpc.timeout.max = 5200ms (custom)
2024-05-24 07:48:54,068 [b4e39294-6870-4830-abfa-7517d5dcbfab-groupManagement] INFO  server.RaftServerConfigKeys (ConfUtils.java:logGet(46)) - raft.server.rpc.sleep.time = 25ms (default)
2024-05-24 07:48:54,068 [b4e39294-6870-4830-abfa-7517d5dcbfab-groupManagement] INFO  server.RaftServerConfigKeys (ConfUtils.java:logGet(46)) - raft.server.rpc.slowness.timeout = 300s (custom)
2024-05-24 07:48:54,068 [456fd1aa-12b1-4be7-a527-595ee8ec60c1-groupManagement] INFO  storage.RaftStorage (RaftStorageImpl.java:format(99)) - Storage directory /home/runner/work/ozone/ozone/hadoop-ozone/integration-test/target/test-dir/MiniOzoneClusterImpl-b501fab0-540e-4575-af6e-dde2336b059e/ozone-meta/datanode-10/ratis/e18d3a5a-7754-4a65-ada1-27db9aee457d has been successfully formatted.
2024-05-24 07:48:54,068 [b4e39294-6870-4830-abfa-7517d5dcbfab-groupManagement] INFO  server.RaftServerConfigKeys (ConfUtils.java:logGet(46)) - raft.server.leaderelection.leader.step-down.wait-time = 10s (default)
2024-05-24 07:48:54,068 [b4e39294-6870-4830-abfa-7517d5dcbfab-groupManagement] INFO  server.RaftServerConfigKeys (ConfUtils.java:logGet(46)) - raft.server.leaderelection.member.majority-add = false (default)
2024-05-24 07:48:54,068 [b4e39294-6870-4830-abfa-7517d5dcbfab-groupManagement] INFO  server.RaftServerConfigKeys (ConfUtils.java:logGet(46)) - raft.server.sleep.deviation.threshold = 300ms (default)
2024-05-24 07:48:54,068 [b4e39294-6870-4830-abfa-7517d5dcbfab-groupManagement] INFO  server.RaftServer$Division (ServerState.java:<init>(113)) - b4e39294-6870-4830-abfa-7517d5dcbfab@group-E715CE6D5264: ConfigurationManager, init=-1: peers:[b4e39294-6870-4830-abfa-7517d5dcbfab|127.0.0.1:15086, 9cef26bd-fad7-4006-851f-097a618c2ff8|127.0.0.1:15077, 26f71362-a48a-41de-9ada-52ca0d6b3643|127.0.0.1:15068]|listeners:[], old=null, confs=<EMPTY_MAP>
2024-05-24 07:48:54,068 [b4e39294-6870-4830-abfa-7517d5dcbfab-groupManagement] INFO  server.RaftServerConfigKeys (ConfUtils.java:logGet(46)) - raft.server.notification.no-leader.timeout = 300s (custom)
2024-05-24 07:48:54,068 [b4e39294-6870-4830-abfa-7517d5dcbfab-groupManagement] INFO  server.RaftServerConfigKeys (ConfUtils.java:logGet(46)) - raft.server.read.timeout = 10s (default)
2024-05-24 07:48:54,068 [b4e39294-6870-4830-abfa-7517d5dcbfab-groupManagement] INFO  server.RaftServerConfigKeys (ConfUtils.java:logGet(46)) - raft.server.retrycache.expirytime = 600000ms (custom)
2024-05-24 07:48:54,068 [b4e39294-6870-4830-abfa-7517d5dcbfab-groupManagement] INFO  server.RaftServerConfigKeys (ConfUtils.java:logGet(46)) - raft.server.retrycache.statistics.expirytime = 100ms (default)
2024-05-24 07:48:54,068 [b4e39294-6870-4830-abfa-7517d5dcbfab-groupManagement] INFO  server.RaftServerConfigKeys (ConfUtils.java:logGet(46)) - raft.server.read.option = DEFAULT (default)
2024-05-24 07:48:54,069 [b4e39294-6870-4830-abfa-7517d5dcbfab-groupManagement] INFO  server.RaftServerConfigKeys (ConfUtils.java:logGet(46)) - raft.server.read.read-after-write-consistent.write-index-cache.expiry-time = 60s (default)
2024-05-24 07:48:54,069 [26f71362-a48a-41de-9ada-52ca0d6b3643-groupManagement] INFO  storage.RaftStorage (RaftStorageImpl.java:format(99)) - Storage directory /home/runner/work/ozone/ozone/hadoop-ozone/integration-test/target/test-dir/MiniOzoneClusterImpl-b501fab0-540e-4575-af6e-dde2336b059e/ozone-meta/datanode-7/ratis/e447ea5f-fa66-4e37-a3b5-e715ce6d5264 has been successfully formatted.
2024-05-24 07:48:54,069 [26f71362-a48a-41de-9ada-52ca0d6b3643-groupManagement] WARN  util.FileUtils (LogUtils.java:supplyAndLog(63)) - Failed to Files.newInputStream /home/runner/work/ozone/ozone/hadoop-ozone/integration-test/target/test-dir/MiniOzoneClusterImpl-b501fab0-540e-4575-af6e-dde2336b059e/ozone-meta/datanode-7/ratis/e447ea5f-fa66-4e37-a3b5-e715ce6d5264/current/raft-meta.conf with options []: java.nio.file.NoSuchFileException: /home/runner/work/ozone/ozone/hadoop-ozone/integration-test/target/test-dir/MiniOzoneClusterImpl-b501fab0-540e-4575-af6e-dde2336b059e/ozone-meta/datanode-7/ratis/e447ea5f-fa66-4e37-a3b5-e715ce6d5264/current/raft-meta.conf
2024-05-24 07:48:54,069 [26f71362-a48a-41de-9ada-52ca0d6b3643-groupManagement] INFO  ratis.ContainerStateMachine (ContainerStateMachine.java:loadSnapshot(287)) - group-E715CE6D5264: The snapshot info is null. Setting the last applied index to:(t:0, i:~)
2024-05-24 07:48:54,069 [26f71362-a48a-41de-9ada-52ca0d6b3643-groupManagement] INFO  server.RaftServerConfigKeys (ConfUtils.java:logGet(46)) - raft.server.log.use.memory = false (default)
2024-05-24 07:48:54,069 [26f71362-a48a-41de-9ada-52ca0d6b3643-groupManagement] INFO  server.RaftServerConfigKeys (ConfUtils.java:logGet(46)) - raft.server.log.purge.gap = 1000000 (custom)
2024-05-24 07:48:54,069 [26f71362-a48a-41de-9ada-52ca0d6b3643-groupManagement] INFO  server.RaftServerConfigKeys (ConfUtils.java:logGet(46)) - raft.server.log.appender.buffer.byte-limit = 8388608 (custom)
2024-05-24 07:48:54,069 [26f71362-a48a-41de-9ada-52ca0d6b3643-groupManagement] INFO  server.RaftServerConfigKeys (ConfUtils.java:logGet(46)) - raft.server.log.statemachine.data.read.timeout = 1000ms (default)
2024-05-24 07:48:54,070 [26f71362-a48a-41de-9ada-52ca0d6b3643-groupManagement] INFO  server.RaftServerConfigKeys (ConfUtils.java:logGet(46)) - raft.server.log.purge.preservation.log.num = 0 (default)
2024-05-24 07:48:54,070 [456fd1aa-12b1-4be7-a527-595ee8ec60c1-groupManagement] WARN  util.FileUtils (LogUtils.java:supplyAndLog(63)) - Failed to Files.newInputStream /home/runner/work/ozone/ozone/hadoop-ozone/integration-test/target/test-dir/MiniOzoneClusterImpl-b501fab0-540e-4575-af6e-dde2336b059e/ozone-meta/datanode-10/ratis/e18d3a5a-7754-4a65-ada1-27db9aee457d/current/raft-meta.conf with options []: java.nio.file.NoSuchFileException: /home/runner/work/ozone/ozone/hadoop-ozone/integration-test/target/test-dir/MiniOzoneClusterImpl-b501fab0-540e-4575-af6e-dde2336b059e/ozone-meta/datanode-10/ratis/e18d3a5a-7754-4a65-ada1-27db9aee457d/current/raft-meta.conf
2024-05-24 07:48:54,071 [456fd1aa-12b1-4be7-a527-595ee8ec60c1-groupManagement] INFO  ratis.ContainerStateMachine (ContainerStateMachine.java:loadSnapshot(287)) - group-27DB9AEE457D: The snapshot info is null. Setting the last applied index to:(t:0, i:~)
2024-05-24 07:48:54,071 [456fd1aa-12b1-4be7-a527-595ee8ec60c1-groupManagement] INFO  server.RaftServerConfigKeys (ConfUtils.java:logGet(46)) - raft.server.log.use.memory = false (default)
2024-05-24 07:48:54,071 [456fd1aa-12b1-4be7-a527-595ee8ec60c1-groupManagement] INFO  server.RaftServerConfigKeys (ConfUtils.java:logGet(46)) - raft.server.log.purge.gap = 1000000 (custom)
2024-05-24 07:48:54,071 [456fd1aa-12b1-4be7-a527-595ee8ec60c1-groupManagement] INFO  server.RaftServerConfigKeys (ConfUtils.java:logGet(46)) - raft.server.log.appender.buffer.byte-limit = 8388608 (custom)
2024-05-24 07:48:54,072 [456fd1aa-12b1-4be7-a527-595ee8ec60c1-groupManagement] INFO  server.RaftServerConfigKeys (ConfUtils.java:logGet(46)) - raft.server.log.statemachine.data.read.timeout = 1000ms (default)
2024-05-24 07:48:54,072 [456fd1aa-12b1-4be7-a527-595ee8ec60c1-groupManagement] INFO  server.RaftServerConfigKeys (ConfUtils.java:logGet(46)) - raft.server.log.purge.preservation.log.num = 0 (default)
2024-05-24 07:48:54,073 [EventQueue-PipelineReportForPipelineReportHandler] INFO  pipeline.PipelineReportHandler (PipelineReportHandler.java:processPipelineReport(136)) - Opened pipeline PipelineID=e18d3a5a-7754-4a65-ada1-27db9aee457d
2024-05-24 07:48:54,073 [EventQueue-OpenPipelineForHealthyPipelineSafeModeRule] INFO  safemode.SCMSafeModeManager (HealthyPipelineSafeModeRule.java:process(140)) - SCM in safe mode. Healthy pipelines reported count is 0, required healthy pipeline reported count is 1
2024-05-24 07:48:54,073 [EventQueue-OpenPipelineForHealthyPipelineSafeModeRule] INFO  safemode.SCMSafeModeManager (HealthyPipelineSafeModeRule.java:process(140)) - SCM in safe mode. Healthy pipelines reported count is 0, required healthy pipeline reported count is 1
2024-05-24 07:48:54,078 [26f71362-a48a-41de-9ada-52ca0d6b3643-groupManagement] INFO  server.RaftServerConfigKeys (ConfUtils.java:logGet(46)) - raft.server.log.segment.size.max = 67108864 (custom)
2024-05-24 07:48:54,079 [26f71362-a48a-41de-9ada-52ca0d6b3643-groupManagement] INFO  server.RaftServerConfigKeys (ConfUtils.java:logGet(46)) - raft.server.log.segment.cache.num.max = 2 (custom)
2024-05-24 07:48:54,079 [26f71362-a48a-41de-9ada-52ca0d6b3643-groupManagement] INFO  server.RaftServerConfigKeys (ConfUtils.java:logGet(46)) - raft.server.log.segment.cache.size.max = 200MB (=209715200) (default)
2024-05-24 07:48:54,079 [26f71362-a48a-41de-9ada-52ca0d6b3643-groupManagement] INFO  server.RaftServerConfigKeys (ConfUtils.java:logGet(46)) - raft.server.log.appender.buffer.byte-limit = 8388608 (custom)
2024-05-24 07:48:54,081 [26f71362-a48a-41de-9ada-52ca0d6b3643-groupManagement] INFO  util.AwaitToRun (AwaitToRun.java:start(81)) - Thread[26f71362-a48a-41de-9ada-52ca0d6b3643@group-E715CE6D5264-cacheEviction-AwaitToRun,5,main] started
2024-05-24 07:48:54,081 [26f71362-a48a-41de-9ada-52ca0d6b3643-groupManagement] INFO  segmented.SegmentedRaftLogWorker (SegmentedRaftLogWorker.java:<init>(182)) - new 26f71362-a48a-41de-9ada-52ca0d6b3643@group-E715CE6D5264-SegmentedRaftLogWorker for RaftStorageImpl:Storage Directory /home/runner/work/ozone/ozone/hadoop-ozone/integration-test/target/test-dir/MiniOzoneClusterImpl-b501fab0-540e-4575-af6e-dde2336b059e/ozone-meta/datanode-7/ratis/e447ea5f-fa66-4e37-a3b5-e715ce6d5264
2024-05-24 07:48:54,082 [26f71362-a48a-41de-9ada-52ca0d6b3643-groupManagement] INFO  server.RaftServerConfigKeys (ConfUtils.java:logGet(46)) - raft.server.log.queue.byte-limit = 4294967296 (custom)
2024-05-24 07:48:54,082 [26f71362-a48a-41de-9ada-52ca0d6b3643-groupManagement] INFO  server.RaftServerConfigKeys (ConfUtils.java:logGet(46)) - raft.server.log.queue.element-limit = 1024 (custom)
2024-05-24 07:48:54,082 [26f71362-a48a-41de-9ada-52ca0d6b3643-groupManagement] INFO  server.RaftServerConfigKeys (ConfUtils.java:logGet(46)) - raft.server.log.segment.size.max = 67108864 (custom)
2024-05-24 07:48:54,082 [26f71362-a48a-41de-9ada-52ca0d6b3643-groupManagement] INFO  server.RaftServerConfigKeys (ConfUtils.java:logGet(46)) - raft.server.log.preallocated.size = 4194304 (custom)
2024-05-24 07:48:54,082 [26f71362-a48a-41de-9ada-52ca0d6b3643-groupManagement] INFO  server.RaftServerConfigKeys (ConfUtils.java:logGet(46)) - raft.server.log.force.sync.num = 128 (default)
2024-05-24 07:48:54,082 [26f71362-a48a-41de-9ada-52ca0d6b3643-groupManagement] INFO  server.RaftServerConfigKeys (ConfUtils.java:logGet(46)) - raft.server.log.statemachine.data.sync = true (default)
2024-05-24 07:48:54,082 [26f71362-a48a-41de-9ada-52ca0d6b3643-groupManagement] INFO  server.RaftServerConfigKeys (ConfUtils.java:logGet(46)) - raft.server.log.statemachine.data.sync.timeout = 10s (default)
2024-05-24 07:48:54,082 [26f71362-a48a-41de-9ada-52ca0d6b3643-groupManagement] INFO  server.RaftServerConfigKeys (ConfUtils.java:logGet(46)) - raft.server.log.statemachine.data.sync.timeout.retry = 30 (custom)
2024-05-24 07:48:54,084 [26f71362-a48a-41de-9ada-52ca0d6b3643-groupManagement] INFO  server.RaftServerConfigKeys (ConfUtils.java:logGet(46)) - raft.server.log.write.buffer.size = 8388616 (custom)
2024-05-24 07:48:54,086 [26f71362-a48a-41de-9ada-52ca0d6b3643-groupManagement] INFO  server.RaftServerConfigKeys (ConfUtils.java:logGet(46)) - raft.server.log.appender.buffer.byte-limit = 8388608 (custom)
2024-05-24 07:48:54,086 [26f71362-a48a-41de-9ada-52ca0d6b3643-groupManagement] INFO  server.RaftServerConfigKeys (ConfUtils.java:logGet(46)) - raft.server.log.unsafe-flush.enabled = false (default)
2024-05-24 07:48:54,086 [26f71362-a48a-41de-9ada-52ca0d6b3643-groupManagement] INFO  server.RaftServerConfigKeys (ConfUtils.java:logGet(46)) - raft.server.log.async-flush.enabled = false (default)
2024-05-24 07:48:54,086 [26f71362-a48a-41de-9ada-52ca0d6b3643-groupManagement] INFO  server.RaftServerConfigKeys (ConfUtils.java:logGet(46)) - raft.server.log.statemachine.data.caching.enabled = true (custom)
2024-05-24 07:48:54,086 [26f71362-a48a-41de-9ada-52ca0d6b3643-groupManagement] INFO  segmented.SegmentedRaftLogWorker (SegmentedRaftLogWorker.java:lambda$new$0(134)) - 26f71362-a48a-41de-9ada-52ca0d6b3643@group-E715CE6D5264-SegmentedRaftLogWorker: flushIndex: setUnconditionally 0 -> -1
2024-05-24 07:48:54,086 [26f71362-a48a-41de-9ada-52ca0d6b3643-groupManagement] INFO  segmented.SegmentedRaftLogWorker (SegmentedRaftLogWorker.java:lambda$new$0(134)) - 26f71362-a48a-41de-9ada-52ca0d6b3643@group-E715CE6D5264-SegmentedRaftLogWorker: safeCacheEvictIndex: setUnconditionally 0 -> -1
2024-05-24 07:48:54,089 [b4e39294-6870-4830-abfa-7517d5dcbfab-groupManagement] INFO  server.RaftServerConfigKeys (ConfUtils.java:logGet(46)) - raft.server.rpc.request.timeout = 60s (custom)
2024-05-24 07:48:54,090 [b4e39294-6870-4830-abfa-7517d5dcbfab-groupManagement] INFO  server.RaftServerConfigKeys (ConfUtils.java:logGet(46)) - raft.server.log.appender.install.snapshot.enabled = false (custom)
2024-05-24 07:48:54,090 [b4e39294-6870-4830-abfa-7517d5dcbfab-groupManagement] INFO  server.RaftServerConfigKeys (ConfUtils.java:logGet(46)) - raft.server.threadpool.server.cached = true (default)
2024-05-24 07:48:54,090 [b4e39294-6870-4830-abfa-7517d5dcbfab-groupManagement] INFO  server.RaftServerConfigKeys (ConfUtils.java:logGet(46)) - raft.server.threadpool.server.size = 0 (default)
2024-05-24 07:48:54,090 [26f71362-a48a-41de-9ada-52ca0d6b3643-groupManagement] INFO  server.RaftServer$Division (RaftServerImpl.java:start(396)) - 26f71362-a48a-41de-9ada-52ca0d6b3643@group-E715CE6D5264: start as a follower, conf=-1: peers:[b4e39294-6870-4830-abfa-7517d5dcbfab|127.0.0.1:15086, 9cef26bd-fad7-4006-851f-097a618c2ff8|127.0.0.1:15077, 26f71362-a48a-41de-9ada-52ca0d6b3643|127.0.0.1:15068]|listeners:[], old=null
2024-05-24 07:48:54,091 [26f71362-a48a-41de-9ada-52ca0d6b3643-groupManagement] INFO  server.RaftServer$Division (RaftServerImpl.java:setRole(383)) - 26f71362-a48a-41de-9ada-52ca0d6b3643@group-E715CE6D5264: changes role from      null to FOLLOWER at term 0 for startAsFollower
2024-05-24 07:48:54,091 [26f71362-a48a-41de-9ada-52ca0d6b3643-groupManagement] INFO  impl.RoleInfo (RoleInfo.java:updateAndGet(139)) - 26f71362-a48a-41de-9ada-52ca0d6b3643: start 26f71362-a48a-41de-9ada-52ca0d6b3643@group-E715CE6D5264-FollowerState
2024-05-24 07:48:54,092 [b4e39294-6870-4830-abfa-7517d5dcbfab-groupManagement] INFO  server.RaftServerConfigKeys (ConfUtils.java:logGet(46)) - raft.server.threadpool.client.cached = true (default)
2024-05-24 07:48:54,092 [b4e39294-6870-4830-abfa-7517d5dcbfab-groupManagement] INFO  server.RaftServerConfigKeys (ConfUtils.java:logGet(46)) - raft.server.threadpool.client.size = 0 (default)
2024-05-24 07:48:54,093 [b4e39294-6870-4830-abfa-7517d5dcbfab-groupManagement] INFO  server.RaftServerConfigKeys (ConfUtils.java:logGet(46)) - raft.server.storage.free-space.min = 0MB (=0) (default)
2024-05-24 07:48:54,093 [b4e39294-6870-4830-abfa-7517d5dcbfab-groupManagement] INFO  server.RaftServerConfigKeys (ConfUtils.java:logGet(46)) - raft.server.log.corruption.policy = EXCEPTION (default)
2024-05-24 07:48:54,093 [b4e39294-6870-4830-abfa-7517d5dcbfab-groupManagement] INFO  server.RaftServerConfigKeys (ConfUtils.java:logGet(46)) - raft.server.storage.dir = [/home/runner/work/ozone/ozone/hadoop-ozone/integration-test/target/test-dir/MiniOzoneClusterImpl-b501fab0-540e-4575-af6e-dde2336b059e/ozone-meta/datanode-9/ratis] (custom)
2024-05-24 07:48:54,094 [b4e39294-6870-4830-abfa-7517d5dcbfab-groupManagement] INFO  storage.RaftStorageDirectory (RaftStorageDirectoryImpl.java:analyzeStorage(138)) - The storage directory /home/runner/work/ozone/ozone/hadoop-ozone/integration-test/target/test-dir/MiniOzoneClusterImpl-b501fab0-540e-4575-af6e-dde2336b059e/ozone-meta/datanode-9/ratis/e447ea5f-fa66-4e37-a3b5-e715ce6d5264 does not exist. Creating ...
2024-05-24 07:48:54,094 [456fd1aa-12b1-4be7-a527-595ee8ec60c1-groupManagement] INFO  server.RaftServerConfigKeys (ConfUtils.java:logGet(46)) - raft.server.log.segment.size.max = 67108864 (custom)
2024-05-24 07:48:54,095 [26f71362-a48a-41de-9ada-52ca0d6b3643-groupManagement] INFO  util.JmxRegister (JmxRegister.java:tryRegister(44)) - Successfully registered JMX Bean with object name Ratis:service=RaftServer,group=group-E715CE6D5264,id=26f71362-a48a-41de-9ada-52ca0d6b3643
2024-05-24 07:48:54,095 [26f71362-a48a-41de-9ada-52ca0d6b3643-groupManagement] INFO  server.RaftServerConfigKeys (ConfUtils.java:logGet(46)) - raft.server.snapshot.trigger-when-stop.enabled = true (default)
2024-05-24 07:48:54,095 [26f71362-a48a-41de-9ada-52ca0d6b3643-groupManagement] INFO  server.RaftServerConfigKeys (ConfUtils.java:logGet(46)) - raft.server.snapshot.auto.trigger.enabled = true (custom)
2024-05-24 07:48:54,095 [26f71362-a48a-41de-9ada-52ca0d6b3643-groupManagement] INFO  server.RaftServerConfigKeys (ConfUtils.java:logGet(46)) - raft.server.snapshot.auto.trigger.threshold = 10000 (custom)
2024-05-24 07:48:54,096 [26f71362-a48a-41de-9ada-52ca0d6b3643-groupManagement] INFO  server.RaftServerConfigKeys (ConfUtils.java:logGet(46)) - raft.server.snapshot.retention.file.num = 5 (custom)
2024-05-24 07:48:54,095 [b4e39294-6870-4830-abfa-7517d5dcbfab-groupManagement] INFO  storage.RaftStorageDirectory (RaftStorageDirectoryImpl.java:tryLock(228)) - Lock on /home/runner/work/ozone/ozone/hadoop-ozone/integration-test/target/test-dir/MiniOzoneClusterImpl-b501fab0-540e-4575-af6e-dde2336b059e/ozone-meta/datanode-9/ratis/e447ea5f-fa66-4e37-a3b5-e715ce6d5264/in_use.lock acquired by nodename 29770@fv-az779-985
2024-05-24 07:48:54,096 [26f71362-a48a-41de-9ada-52ca0d6b3643-groupManagement] INFO  server.RaftServerConfigKeys (ConfUtils.java:logGet(46)) - raft.server.log.purge.upto.snapshot.index = false (default)
2024-05-24 07:48:54,097 [b4e39294-6870-4830-abfa-7517d5dcbfab-groupManagement] INFO  storage.RaftStorage (RaftStorageImpl.java:format(99)) - Storage directory /home/runner/work/ozone/ozone/hadoop-ozone/integration-test/target/test-dir/MiniOzoneClusterImpl-b501fab0-540e-4575-af6e-dde2336b059e/ozone-meta/datanode-9/ratis/e447ea5f-fa66-4e37-a3b5-e715ce6d5264 has been successfully formatted.
2024-05-24 07:48:54,097 [b4e39294-6870-4830-abfa-7517d5dcbfab-groupManagement] WARN  util.FileUtils (LogUtils.java:supplyAndLog(63)) - Failed to Files.newInputStream /home/runner/work/ozone/ozone/hadoop-ozone/integration-test/target/test-dir/MiniOzoneClusterImpl-b501fab0-540e-4575-af6e-dde2336b059e/ozone-meta/datanode-9/ratis/e447ea5f-fa66-4e37-a3b5-e715ce6d5264/current/raft-meta.conf with options []: java.nio.file.NoSuchFileException: /home/runner/work/ozone/ozone/hadoop-ozone/integration-test/target/test-dir/MiniOzoneClusterImpl-b501fab0-540e-4575-af6e-dde2336b059e/ozone-meta/datanode-9/ratis/e447ea5f-fa66-4e37-a3b5-e715ce6d5264/current/raft-meta.conf
2024-05-24 07:48:54,098 [b4e39294-6870-4830-abfa-7517d5dcbfab-groupManagement] INFO  ratis.ContainerStateMachine (ContainerStateMachine.java:loadSnapshot(287)) - group-E715CE6D5264: The snapshot info is null. Setting the last applied index to:(t:0, i:~)
2024-05-24 07:48:54,098 [b4e39294-6870-4830-abfa-7517d5dcbfab-groupManagement] INFO  server.RaftServerConfigKeys (ConfUtils.java:logGet(46)) - raft.server.log.use.memory = false (default)
2024-05-24 07:48:54,098 [b4e39294-6870-4830-abfa-7517d5dcbfab-groupManagement] INFO  server.RaftServerConfigKeys (ConfUtils.java:logGet(46)) - raft.server.log.purge.gap = 1000000 (custom)
2024-05-24 07:48:54,098 [b4e39294-6870-4830-abfa-7517d5dcbfab-groupManagement] INFO  server.RaftServerConfigKeys (ConfUtils.java:logGet(46)) - raft.server.log.appender.buffer.byte-limit = 8388608 (custom)
2024-05-24 07:48:54,098 [b4e39294-6870-4830-abfa-7517d5dcbfab-groupManagement] INFO  server.RaftServerConfigKeys (ConfUtils.java:logGet(46)) - raft.server.log.statemachine.data.read.timeout = 1000ms (default)
2024-05-24 07:48:54,098 [b4e39294-6870-4830-abfa-7517d5dcbfab-groupManagement] INFO  server.RaftServerConfigKeys (ConfUtils.java:logGet(46)) - raft.server.log.purge.preservation.log.num = 0 (default)
2024-05-24 07:48:54,096 [26f71362-a48a-41de-9ada-52ca0d6b3643@group-E715CE6D5264-FollowerState] INFO  server.RaftServerConfigKeys (ConfUtils.java:logFallback(53)) - raft.server.rpc.first-election.timeout.min = 5s (fallback to raft.server.rpc.timeout.min)
2024-05-24 07:48:54,100 [26f71362-a48a-41de-9ada-52ca0d6b3643@group-E715CE6D5264-FollowerState] INFO  server.RaftServerConfigKeys (ConfUtils.java:logFallback(53)) - raft.server.rpc.first-election.timeout.max = 5200ms (fallback to raft.server.rpc.timeout.max)
2024-05-24 07:48:54,095 [456fd1aa-12b1-4be7-a527-595ee8ec60c1-groupManagement] INFO  server.RaftServerConfigKeys (ConfUtils.java:logGet(46)) - raft.server.log.segment.cache.num.max = 2 (custom)
2024-05-24 07:48:54,101 [456fd1aa-12b1-4be7-a527-595ee8ec60c1-groupManagement] INFO  server.RaftServerConfigKeys (ConfUtils.java:logGet(46)) - raft.server.log.segment.cache.size.max = 200MB (=209715200) (default)
2024-05-24 07:48:54,101 [456fd1aa-12b1-4be7-a527-595ee8ec60c1-groupManagement] INFO  server.RaftServerConfigKeys (ConfUtils.java:logGet(46)) - raft.server.log.appender.buffer.byte-limit = 8388608 (custom)
2024-05-24 07:48:54,102 [b4e39294-6870-4830-abfa-7517d5dcbfab-groupManagement] INFO  server.RaftServerConfigKeys (ConfUtils.java:logGet(46)) - raft.server.log.segment.size.max = 67108864 (custom)
2024-05-24 07:48:54,102 [EventQueue-OpenPipelineForHealthyPipelineSafeModeRule] INFO  safemode.SCMSafeModeManager (HealthyPipelineSafeModeRule.java:process(140)) - SCM in safe mode. Healthy pipelines reported count is 0, required healthy pipeline reported count is 1
2024-05-24 07:48:54,102 [b4e39294-6870-4830-abfa-7517d5dcbfab-groupManagement] INFO  server.RaftServerConfigKeys (ConfUtils.java:logGet(46)) - raft.server.log.segment.cache.num.max = 2 (custom)
2024-05-24 07:48:54,102 [b4e39294-6870-4830-abfa-7517d5dcbfab-groupManagement] INFO  server.RaftServerConfigKeys (ConfUtils.java:logGet(46)) - raft.server.log.segment.cache.size.max = 200MB (=209715200) (default)
2024-05-24 07:48:54,102 [b4e39294-6870-4830-abfa-7517d5dcbfab-groupManagement] INFO  server.RaftServerConfigKeys (ConfUtils.java:logGet(46)) - raft.server.log.appender.buffer.byte-limit = 8388608 (custom)
2024-05-24 07:48:54,103 [26f71362-a48a-41de-9ada-52ca0d6b3643-PipelineCommandHandlerThread-0] INFO  ratis.XceiverServerRatis (XceiverServerRatis.java:addGroup(864)) - Created group PipelineID=e447ea5f-fa66-4e37-a3b5-e715ce6d5264
2024-05-24 07:48:54,103 [9cef26bd-fad7-4006-851f-097a618c2ff8-PipelineCommandHandlerThread-0] INFO  commandhandler.CreatePipelineCommandHandler (CreatePipelineCommandHandler.java:lambda$handle$2(124)) - Created Pipeline RATIS THREE PipelineID=e2199128-a7b8-43c5-8a50-3979f1bf2552.
2024-05-24 07:48:54,104 [9cef26bd-fad7-4006-851f-097a618c2ff8-PipelineCommandHandlerThread-0] INFO  server.RaftServer (RaftServerProxy.java:addNew(100)) - 9cef26bd-fad7-4006-851f-097a618c2ff8: addNew group-E715CE6D5264:[b4e39294-6870-4830-abfa-7517d5dcbfab|127.0.0.1:15086, 9cef26bd-fad7-4006-851f-097a618c2ff8|127.0.0.1:15077, 26f71362-a48a-41de-9ada-52ca0d6b3643|127.0.0.1:15068] returns group-E715CE6D5264:java.util.concurrent.CompletableFuture@44836323[Not completed]
2024-05-24 07:48:54,105 [9cef26bd-fad7-4006-851f-097a618c2ff8-groupManagement] INFO  server.RaftServer$Division (RaftServerImpl.java:<init>(256)) - 9cef26bd-fad7-4006-851f-097a618c2ff8: new RaftServerImpl for group-E715CE6D5264:[b4e39294-6870-4830-abfa-7517d5dcbfab|127.0.0.1:15086, 9cef26bd-fad7-4006-851f-097a618c2ff8|127.0.0.1:15077, 26f71362-a48a-41de-9ada-52ca0d6b3643|127.0.0.1:15068] with ContainerStateMachine:uninitialized
2024-05-24 07:48:54,105 [9cef26bd-fad7-4006-851f-097a618c2ff8-groupManagement] INFO  server.RaftServerConfigKeys (ConfUtils.java:logGet(46)) - raft.server.rpc.timeout.min = 5s (custom)
2024-05-24 07:48:54,105 [9cef26bd-fad7-4006-851f-097a618c2ff8-groupManagement] INFO  server.RaftServerConfigKeys (ConfUtils.java:logGet(46)) - raft.server.rpc.timeout.max = 5200ms (custom)
2024-05-24 07:48:54,105 [9cef26bd-fad7-4006-851f-097a618c2ff8-groupManagement] INFO  server.RaftServerConfigKeys (ConfUtils.java:logGet(46)) - raft.server.rpc.sleep.time = 25ms (default)
2024-05-24 07:48:54,105 [9cef26bd-fad7-4006-851f-097a618c2ff8-groupManagement] INFO  server.RaftServerConfigKeys (ConfUtils.java:logGet(46)) - raft.server.rpc.slowness.timeout = 300s (custom)
2024-05-24 07:48:54,105 [9cef26bd-fad7-4006-851f-097a618c2ff8-groupManagement] INFO  server.RaftServerConfigKeys (ConfUtils.java:logGet(46)) - raft.server.leaderelection.leader.step-down.wait-time = 10s (default)
2024-05-24 07:48:54,105 [9cef26bd-fad7-4006-851f-097a618c2ff8-groupManagement] INFO  server.RaftServerConfigKeys (ConfUtils.java:logGet(46)) - raft.server.leaderelection.member.majority-add = false (default)
2024-05-24 07:48:54,105 [9cef26bd-fad7-4006-851f-097a618c2ff8-groupManagement] INFO  server.RaftServerConfigKeys (ConfUtils.java:logGet(46)) - raft.server.sleep.deviation.threshold = 300ms (default)
2024-05-24 07:48:54,105 [9cef26bd-fad7-4006-851f-097a618c2ff8-groupManagement] INFO  server.RaftServer$Division (ServerState.java:<init>(113)) - 9cef26bd-fad7-4006-851f-097a618c2ff8@group-E715CE6D5264: ConfigurationManager, init=-1: peers:[b4e39294-6870-4830-abfa-7517d5dcbfab|127.0.0.1:15086, 9cef26bd-fad7-4006-851f-097a618c2ff8|127.0.0.1:15077, 26f71362-a48a-41de-9ada-52ca0d6b3643|127.0.0.1:15068]|listeners:[], old=null, confs=<EMPTY_MAP>
2024-05-24 07:48:54,105 [9cef26bd-fad7-4006-851f-097a618c2ff8-groupManagement] INFO  server.RaftServerConfigKeys (ConfUtils.java:logGet(46)) - raft.server.notification.no-leader.timeout = 300s (custom)
2024-05-24 07:48:54,105 [9cef26bd-fad7-4006-851f-097a618c2ff8-groupManagement] INFO  server.RaftServerConfigKeys (ConfUtils.java:logGet(46)) - raft.server.read.timeout = 10s (default)
2024-05-24 07:48:54,105 [9cef26bd-fad7-4006-851f-097a618c2ff8-groupManagement] INFO  server.RaftServerConfigKeys (ConfUtils.java:logGet(46)) - raft.server.retrycache.expirytime = 600000ms (custom)
2024-05-24 07:48:54,105 [9cef26bd-fad7-4006-851f-097a618c2ff8-groupManagement] INFO  server.RaftServerConfigKeys (ConfUtils.java:logGet(46)) - raft.server.retrycache.statistics.expirytime = 100ms (default)
2024-05-24 07:48:54,105 [9cef26bd-fad7-4006-851f-097a618c2ff8-groupManagement] INFO  server.RaftServerConfigKeys (ConfUtils.java:logGet(46)) - raft.server.read.option = DEFAULT (default)
2024-05-24 07:48:54,105 [9cef26bd-fad7-4006-851f-097a618c2ff8-groupManagement] INFO  server.RaftServerConfigKeys (ConfUtils.java:logGet(46)) - raft.server.read.read-after-write-consistent.write-index-cache.expiry-time = 60s (default)
2024-05-24 07:48:54,110 [456fd1aa-12b1-4be7-a527-595ee8ec60c1-groupManagement] INFO  util.AwaitToRun (AwaitToRun.java:start(81)) - Thread[456fd1aa-12b1-4be7-a527-595ee8ec60c1@group-27DB9AEE457D-cacheEviction-AwaitToRun,5,main] started
2024-05-24 07:48:54,110 [456fd1aa-12b1-4be7-a527-595ee8ec60c1-groupManagement] INFO  segmented.SegmentedRaftLogWorker (SegmentedRaftLogWorker.java:<init>(182)) - new 456fd1aa-12b1-4be7-a527-595ee8ec60c1@group-27DB9AEE457D-SegmentedRaftLogWorker for RaftStorageImpl:Storage Directory /home/runner/work/ozone/ozone/hadoop-ozone/integration-test/target/test-dir/MiniOzoneClusterImpl-b501fab0-540e-4575-af6e-dde2336b059e/ozone-meta/datanode-10/ratis/e18d3a5a-7754-4a65-ada1-27db9aee457d
2024-05-24 07:48:54,110 [456fd1aa-12b1-4be7-a527-595ee8ec60c1-groupManagement] INFO  server.RaftServerConfigKeys (ConfUtils.java:logGet(46)) - raft.server.log.queue.byte-limit = 4294967296 (custom)
2024-05-24 07:48:54,110 [456fd1aa-12b1-4be7-a527-595ee8ec60c1-groupManagement] INFO  server.RaftServerConfigKeys (ConfUtils.java:logGet(46)) - raft.server.log.queue.element-limit = 1024 (custom)
2024-05-24 07:48:54,110 [456fd1aa-12b1-4be7-a527-595ee8ec60c1-groupManagement] INFO  server.RaftServerConfigKeys (ConfUtils.java:logGet(46)) - raft.server.log.segment.size.max = 67108864 (custom)
2024-05-24 07:48:54,110 [456fd1aa-12b1-4be7-a527-595ee8ec60c1-groupManagement] INFO  server.RaftServerConfigKeys (ConfUtils.java:logGet(46)) - raft.server.log.preallocated.size = 4194304 (custom)
2024-05-24 07:48:54,110 [456fd1aa-12b1-4be7-a527-595ee8ec60c1-groupManagement] INFO  server.RaftServerConfigKeys (ConfUtils.java:logGet(46)) - raft.server.log.force.sync.num = 128 (default)
2024-05-24 07:48:54,110 [456fd1aa-12b1-4be7-a527-595ee8ec60c1-groupManagement] INFO  server.RaftServerConfigKeys (ConfUtils.java:logGet(46)) - raft.server.log.statemachine.data.sync = true (default)
2024-05-24 07:48:54,110 [456fd1aa-12b1-4be7-a527-595ee8ec60c1-groupManagement] INFO  server.RaftServerConfigKeys (ConfUtils.java:logGet(46)) - raft.server.log.statemachine.data.sync.timeout = 10s (default)
2024-05-24 07:48:54,111 [456fd1aa-12b1-4be7-a527-595ee8ec60c1-groupManagement] INFO  server.RaftServerConfigKeys (ConfUtils.java:logGet(46)) - raft.server.log.statemachine.data.sync.timeout.retry = 30 (custom)
2024-05-24 07:48:54,112 [456fd1aa-12b1-4be7-a527-595ee8ec60c1-groupManagement] INFO  server.RaftServerConfigKeys (ConfUtils.java:logGet(46)) - raft.server.log.write.buffer.size = 8388616 (custom)
2024-05-24 07:48:54,114 [456fd1aa-12b1-4be7-a527-595ee8ec60c1-groupManagement] INFO  server.RaftServerConfigKeys (ConfUtils.java:logGet(46)) - raft.server.log.appender.buffer.byte-limit = 8388608 (custom)
2024-05-24 07:48:54,115 [456fd1aa-12b1-4be7-a527-595ee8ec60c1-groupManagement] INFO  server.RaftServerConfigKeys (ConfUtils.java:logGet(46)) - raft.server.log.unsafe-flush.enabled = false (default)
2024-05-24 07:48:54,115 [456fd1aa-12b1-4be7-a527-595ee8ec60c1-groupManagement] INFO  server.RaftServerConfigKeys (ConfUtils.java:logGet(46)) - raft.server.log.async-flush.enabled = false (default)
2024-05-24 07:48:54,115 [456fd1aa-12b1-4be7-a527-595ee8ec60c1-groupManagement] INFO  server.RaftServerConfigKeys (ConfUtils.java:logGet(46)) - raft.server.log.statemachine.data.caching.enabled = true (custom)
2024-05-24 07:48:54,115 [456fd1aa-12b1-4be7-a527-595ee8ec60c1-groupManagement] INFO  segmented.SegmentedRaftLogWorker (SegmentedRaftLogWorker.java:lambda$new$0(134)) - 456fd1aa-12b1-4be7-a527-595ee8ec60c1@group-27DB9AEE457D-SegmentedRaftLogWorker: flushIndex: setUnconditionally 0 -> -1
2024-05-24 07:48:54,115 [456fd1aa-12b1-4be7-a527-595ee8ec60c1-groupManagement] INFO  segmented.SegmentedRaftLogWorker (SegmentedRaftLogWorker.java:lambda$new$0(134)) - 456fd1aa-12b1-4be7-a527-595ee8ec60c1@group-27DB9AEE457D-SegmentedRaftLogWorker: safeCacheEvictIndex: setUnconditionally 0 -> -1
2024-05-24 07:48:54,117 [b4e39294-6870-4830-abfa-7517d5dcbfab-groupManagement] INFO  util.AwaitToRun (AwaitToRun.java:start(81)) - Thread[b4e39294-6870-4830-abfa-7517d5dcbfab@group-E715CE6D5264-cacheEviction-AwaitToRun,5,main] started
2024-05-24 07:48:54,117 [b4e39294-6870-4830-abfa-7517d5dcbfab-groupManagement] INFO  segmented.SegmentedRaftLogWorker (SegmentedRaftLogWorker.java:<init>(182)) - new b4e39294-6870-4830-abfa-7517d5dcbfab@group-E715CE6D5264-SegmentedRaftLogWorker for RaftStorageImpl:Storage Directory /home/runner/work/ozone/ozone/hadoop-ozone/integration-test/target/test-dir/MiniOzoneClusterImpl-b501fab0-540e-4575-af6e-dde2336b059e/ozone-meta/datanode-9/ratis/e447ea5f-fa66-4e37-a3b5-e715ce6d5264
2024-05-24 07:48:54,117 [b4e39294-6870-4830-abfa-7517d5dcbfab-groupManagement] INFO  server.RaftServerConfigKeys (ConfUtils.java:logGet(46)) - raft.server.log.queue.byte-limit = 4294967296 (custom)
2024-05-24 07:48:54,117 [b4e39294-6870-4830-abfa-7517d5dcbfab-groupManagement] INFO  server.RaftServerConfigKeys (ConfUtils.java:logGet(46)) - raft.server.log.queue.element-limit = 1024 (custom)
2024-05-24 07:48:54,117 [b4e39294-6870-4830-abfa-7517d5dcbfab-groupManagement] INFO  server.RaftServerConfigKeys (ConfUtils.java:logGet(46)) - raft.server.log.segment.size.max = 67108864 (custom)
2024-05-24 07:48:54,117 [b4e39294-6870-4830-abfa-7517d5dcbfab-groupManagement] INFO  server.RaftServerConfigKeys (ConfUtils.java:logGet(46)) - raft.server.log.preallocated.size = 4194304 (custom)
2024-05-24 07:48:54,117 [b4e39294-6870-4830-abfa-7517d5dcbfab-groupManagement] INFO  server.RaftServerConfigKeys (ConfUtils.java:logGet(46)) - raft.server.log.force.sync.num = 128 (default)
2024-05-24 07:48:54,117 [b4e39294-6870-4830-abfa-7517d5dcbfab-groupManagement] INFO  server.RaftServerConfigKeys (ConfUtils.java:logGet(46)) - raft.server.log.statemachine.data.sync = true (default)
2024-05-24 07:48:54,117 [b4e39294-6870-4830-abfa-7517d5dcbfab-groupManagement] INFO  server.RaftServerConfigKeys (ConfUtils.java:logGet(46)) - raft.server.log.statemachine.data.sync.timeout = 10s (default)
2024-05-24 07:48:54,117 [b4e39294-6870-4830-abfa-7517d5dcbfab-groupManagement] INFO  server.RaftServerConfigKeys (ConfUtils.java:logGet(46)) - raft.server.log.statemachine.data.sync.timeout.retry = 30 (custom)
2024-05-24 07:48:54,118 [b4e39294-6870-4830-abfa-7517d5dcbfab-groupManagement] INFO  server.RaftServerConfigKeys (ConfUtils.java:logGet(46)) - raft.server.log.write.buffer.size = 8388616 (custom)
2024-05-24 07:48:54,119 [9cef26bd-fad7-4006-851f-097a618c2ff8-groupManagement] INFO  server.RaftServerConfigKeys (ConfUtils.java:logGet(46)) - raft.server.rpc.request.timeout = 60s (custom)
2024-05-24 07:48:54,119 [9cef26bd-fad7-4006-851f-097a618c2ff8-groupManagement] INFO  server.RaftServerConfigKeys (ConfUtils.java:logGet(46)) - raft.server.log.appender.install.snapshot.enabled = false (custom)
2024-05-24 07:48:54,119 [9cef26bd-fad7-4006-851f-097a618c2ff8-groupManagement] INFO  server.RaftServerConfigKeys (ConfUtils.java:logGet(46)) - raft.server.threadpool.server.cached = true (default)
2024-05-24 07:48:54,119 [9cef26bd-fad7-4006-851f-097a618c2ff8-groupManagement] INFO  server.RaftServerConfigKeys (ConfUtils.java:logGet(46)) - raft.server.threadpool.server.size = 0 (default)
2024-05-24 07:48:54,119 [9cef26bd-fad7-4006-851f-097a618c2ff8-groupManagement] INFO  server.RaftServerConfigKeys (ConfUtils.java:logGet(46)) - raft.server.threadpool.client.cached = true (default)
2024-05-24 07:48:54,120 [9cef26bd-fad7-4006-851f-097a618c2ff8-groupManagement] INFO  server.RaftServerConfigKeys (ConfUtils.java:logGet(46)) - raft.server.threadpool.client.size = 0 (default)
2024-05-24 07:48:54,120 [9cef26bd-fad7-4006-851f-097a618c2ff8-groupManagement] INFO  server.RaftServerConfigKeys (ConfUtils.java:logGet(46)) - raft.server.storage.free-space.min = 0MB (=0) (default)
2024-05-24 07:48:54,120 [b4e39294-6870-4830-abfa-7517d5dcbfab-groupManagement] INFO  server.RaftServerConfigKeys (ConfUtils.java:logGet(46)) - raft.server.log.appender.buffer.byte-limit = 8388608 (custom)
2024-05-24 07:48:54,120 [b4e39294-6870-4830-abfa-7517d5dcbfab-groupManagement] INFO  server.RaftServerConfigKeys (ConfUtils.java:logGet(46)) - raft.server.log.unsafe-flush.enabled = false (default)
2024-05-24 07:48:54,120 [b4e39294-6870-4830-abfa-7517d5dcbfab-groupManagement] INFO  server.RaftServerConfigKeys (ConfUtils.java:logGet(46)) - raft.server.log.async-flush.enabled = false (default)
2024-05-24 07:48:54,120 [b4e39294-6870-4830-abfa-7517d5dcbfab-groupManagement] INFO  server.RaftServerConfigKeys (ConfUtils.java:logGet(46)) - raft.server.log.statemachine.data.caching.enabled = true (custom)
2024-05-24 07:48:54,120 [b4e39294-6870-4830-abfa-7517d5dcbfab-groupManagement] INFO  segmented.SegmentedRaftLogWorker (SegmentedRaftLogWorker.java:lambda$new$0(134)) - b4e39294-6870-4830-abfa-7517d5dcbfab@group-E715CE6D5264-SegmentedRaftLogWorker: flushIndex: setUnconditionally 0 -> -1
2024-05-24 07:48:54,120 [b4e39294-6870-4830-abfa-7517d5dcbfab-groupManagement] INFO  segmented.SegmentedRaftLogWorker (SegmentedRaftLogWorker.java:lambda$new$0(134)) - b4e39294-6870-4830-abfa-7517d5dcbfab@group-E715CE6D5264-SegmentedRaftLogWorker: safeCacheEvictIndex: setUnconditionally 0 -> -1
2024-05-24 07:48:54,120 [9cef26bd-fad7-4006-851f-097a618c2ff8-groupManagement] INFO  server.RaftServerConfigKeys (ConfUtils.java:logGet(46)) - raft.server.log.corruption.policy = EXCEPTION (default)
2024-05-24 07:48:54,121 [9cef26bd-fad7-4006-851f-097a618c2ff8-groupManagement] INFO  server.RaftServerConfigKeys (ConfUtils.java:logGet(46)) - raft.server.storage.dir = [/home/runner/work/ozone/ozone/hadoop-ozone/integration-test/target/test-dir/MiniOzoneClusterImpl-b501fab0-540e-4575-af6e-dde2336b059e/ozone-meta/datanode-8/ratis] (custom)
2024-05-24 07:48:54,122 [9cef26bd-fad7-4006-851f-097a618c2ff8-groupManagement] INFO  storage.RaftStorageDirectory (RaftStorageDirectoryImpl.java:analyzeStorage(138)) - The storage directory /home/runner/work/ozone/ozone/hadoop-ozone/integration-test/target/test-dir/MiniOzoneClusterImpl-b501fab0-540e-4575-af6e-dde2336b059e/ozone-meta/datanode-8/ratis/e447ea5f-fa66-4e37-a3b5-e715ce6d5264 does not exist. Creating ...
2024-05-24 07:48:54,122 [456fd1aa-12b1-4be7-a527-595ee8ec60c1-groupManagement] INFO  server.RaftServer$Division (RaftServerImpl.java:start(396)) - 456fd1aa-12b1-4be7-a527-595ee8ec60c1@group-27DB9AEE457D: start as a follower, conf=-1: peers:[456fd1aa-12b1-4be7-a527-595ee8ec60c1|127.0.0.1:15095]|listeners:[], old=null
2024-05-24 07:48:54,122 [456fd1aa-12b1-4be7-a527-595ee8ec60c1-groupManagement] INFO  server.RaftServer$Division (RaftServerImpl.java:setRole(383)) - 456fd1aa-12b1-4be7-a527-595ee8ec60c1@group-27DB9AEE457D: changes role from      null to FOLLOWER at term 0 for startAsFollower
2024-05-24 07:48:54,122 [456fd1aa-12b1-4be7-a527-595ee8ec60c1-groupManagement] INFO  impl.RoleInfo (RoleInfo.java:updateAndGet(139)) - 456fd1aa-12b1-4be7-a527-595ee8ec60c1: start 456fd1aa-12b1-4be7-a527-595ee8ec60c1@group-27DB9AEE457D-FollowerState
2024-05-24 07:48:54,123 [456fd1aa-12b1-4be7-a527-595ee8ec60c1-groupManagement] INFO  util.JmxRegister (JmxRegister.java:tryRegister(44)) - Successfully registered JMX Bean with object name Ratis:service=RaftServer,group=group-27DB9AEE457D,id=456fd1aa-12b1-4be7-a527-595ee8ec60c1
2024-05-24 07:48:54,123 [456fd1aa-12b1-4be7-a527-595ee8ec60c1-groupManagement] INFO  server.RaftServerConfigKeys (ConfUtils.java:logGet(46)) - raft.server.snapshot.trigger-when-stop.enabled = true (default)
2024-05-24 07:48:54,123 [456fd1aa-12b1-4be7-a527-595ee8ec60c1-groupManagement] INFO  server.RaftServerConfigKeys (ConfUtils.java:logGet(46)) - raft.server.snapshot.auto.trigger.enabled = true (custom)
2024-05-24 07:48:54,124 [456fd1aa-12b1-4be7-a527-595ee8ec60c1-groupManagement] INFO  server.RaftServerConfigKeys (ConfUtils.java:logGet(46)) - raft.server.snapshot.auto.trigger.threshold = 10000 (custom)
2024-05-24 07:48:54,124 [456fd1aa-12b1-4be7-a527-595ee8ec60c1-groupManagement] INFO  server.RaftServerConfigKeys (ConfUtils.java:logGet(46)) - raft.server.snapshot.retention.file.num = 5 (custom)
2024-05-24 07:48:54,124 [456fd1aa-12b1-4be7-a527-595ee8ec60c1-groupManagement] INFO  server.RaftServerConfigKeys (ConfUtils.java:logGet(46)) - raft.server.log.purge.upto.snapshot.index = false (default)
2024-05-24 07:48:54,123 [9cef26bd-fad7-4006-851f-097a618c2ff8-groupManagement] INFO  storage.RaftStorageDirectory (RaftStorageDirectoryImpl.java:tryLock(228)) - Lock on /home/runner/work/ozone/ozone/hadoop-ozone/integration-test/target/test-dir/MiniOzoneClusterImpl-b501fab0-540e-4575-af6e-dde2336b059e/ozone-meta/datanode-8/ratis/e447ea5f-fa66-4e37-a3b5-e715ce6d5264/in_use.lock acquired by nodename 29770@fv-az779-985
2024-05-24 07:48:54,125 [456fd1aa-12b1-4be7-a527-595ee8ec60c1@group-27DB9AEE457D-FollowerState] INFO  server.RaftServerConfigKeys (ConfUtils.java:logFallback(53)) - raft.server.rpc.first-election.timeout.min = 5s (fallback to raft.server.rpc.timeout.min)
2024-05-24 07:48:54,125 [456fd1aa-12b1-4be7-a527-595ee8ec60c1@group-27DB9AEE457D-FollowerState] INFO  server.RaftServerConfigKeys (ConfUtils.java:logFallback(53)) - raft.server.rpc.first-election.timeout.max = 5200ms (fallback to raft.server.rpc.timeout.max)
2024-05-24 07:48:54,126 [9cef26bd-fad7-4006-851f-097a618c2ff8-groupManagement] INFO  storage.RaftStorage (RaftStorageImpl.java:format(99)) - Storage directory /home/runner/work/ozone/ozone/hadoop-ozone/integration-test/target/test-dir/MiniOzoneClusterImpl-b501fab0-540e-4575-af6e-dde2336b059e/ozone-meta/datanode-8/ratis/e447ea5f-fa66-4e37-a3b5-e715ce6d5264 has been successfully formatted.
2024-05-24 07:48:54,126 [9cef26bd-fad7-4006-851f-097a618c2ff8-groupManagement] WARN  util.FileUtils (LogUtils.java:supplyAndLog(63)) - Failed to Files.newInputStream /home/runner/work/ozone/ozone/hadoop-ozone/integration-test/target/test-dir/MiniOzoneClusterImpl-b501fab0-540e-4575-af6e-dde2336b059e/ozone-meta/datanode-8/ratis/e447ea5f-fa66-4e37-a3b5-e715ce6d5264/current/raft-meta.conf with options []: java.nio.file.NoSuchFileException: /home/runner/work/ozone/ozone/hadoop-ozone/integration-test/target/test-dir/MiniOzoneClusterImpl-b501fab0-540e-4575-af6e-dde2336b059e/ozone-meta/datanode-8/ratis/e447ea5f-fa66-4e37-a3b5-e715ce6d5264/current/raft-meta.conf
2024-05-24 07:48:54,126 [9cef26bd-fad7-4006-851f-097a618c2ff8-groupManagement] INFO  ratis.ContainerStateMachine (ContainerStateMachine.java:loadSnapshot(287)) - group-E715CE6D5264: The snapshot info is null. Setting the last applied index to:(t:0, i:~)
2024-05-24 07:48:54,126 [9cef26bd-fad7-4006-851f-097a618c2ff8-groupManagement] INFO  server.RaftServerConfigKeys (ConfUtils.java:logGet(46)) - raft.server.log.use.memory = false (default)
2024-05-24 07:48:54,126 [9cef26bd-fad7-4006-851f-097a618c2ff8-groupManagement] INFO  server.RaftServerConfigKeys (ConfUtils.java:logGet(46)) - raft.server.log.purge.gap = 1000000 (custom)
2024-05-24 07:48:54,126 [9cef26bd-fad7-4006-851f-097a618c2ff8-groupManagement] INFO  server.RaftServerConfigKeys (ConfUtils.java:logGet(46)) - raft.server.log.appender.buffer.byte-limit = 8388608 (custom)
2024-05-24 07:48:54,126 [9cef26bd-fad7-4006-851f-097a618c2ff8-groupManagement] INFO  server.RaftServerConfigKeys (ConfUtils.java:logGet(46)) - raft.server.log.statemachine.data.read.timeout = 1000ms (default)
2024-05-24 07:48:54,126 [9cef26bd-fad7-4006-851f-097a618c2ff8-groupManagement] INFO  server.RaftServerConfigKeys (ConfUtils.java:logGet(46)) - raft.server.log.purge.preservation.log.num = 0 (default)
2024-05-24 07:48:54,128 [b4e39294-6870-4830-abfa-7517d5dcbfab-groupManagement] INFO  server.RaftServer$Division (RaftServerImpl.java:start(396)) - b4e39294-6870-4830-abfa-7517d5dcbfab@group-E715CE6D5264: start as a follower, conf=-1: peers:[b4e39294-6870-4830-abfa-7517d5dcbfab|127.0.0.1:15086, 9cef26bd-fad7-4006-851f-097a618c2ff8|127.0.0.1:15077, 26f71362-a48a-41de-9ada-52ca0d6b3643|127.0.0.1:15068]|listeners:[], old=null
2024-05-24 07:48:54,129 [b4e39294-6870-4830-abfa-7517d5dcbfab-groupManagement] INFO  server.RaftServer$Division (RaftServerImpl.java:setRole(383)) - b4e39294-6870-4830-abfa-7517d5dcbfab@group-E715CE6D5264: changes role from      null to FOLLOWER at term 0 for startAsFollower
2024-05-24 07:48:54,129 [b4e39294-6870-4830-abfa-7517d5dcbfab-groupManagement] INFO  impl.RoleInfo (RoleInfo.java:updateAndGet(139)) - b4e39294-6870-4830-abfa-7517d5dcbfab: start b4e39294-6870-4830-abfa-7517d5dcbfab@group-E715CE6D5264-FollowerState
2024-05-24 07:48:54,130 [EventQueue-OpenPipelineForHealthyPipelineSafeModeRule] INFO  safemode.SCMSafeModeManager (HealthyPipelineSafeModeRule.java:process(140)) - SCM in safe mode. Healthy pipelines reported count is 0, required healthy pipeline reported count is 1
2024-05-24 07:48:54,132 [9cef26bd-fad7-4006-851f-097a618c2ff8-groupManagement] INFO  server.RaftServerConfigKeys (ConfUtils.java:logGet(46)) - raft.server.log.segment.size.max = 67108864 (custom)
2024-05-24 07:48:54,132 [9cef26bd-fad7-4006-851f-097a618c2ff8-groupManagement] INFO  server.RaftServerConfigKeys (ConfUtils.java:logGet(46)) - raft.server.log.segment.cache.num.max = 2 (custom)
2024-05-24 07:48:54,133 [9cef26bd-fad7-4006-851f-097a618c2ff8-groupManagement] INFO  server.RaftServerConfigKeys (ConfUtils.java:logGet(46)) - raft.server.log.segment.cache.size.max = 200MB (=209715200) (default)
2024-05-24 07:48:54,133 [9cef26bd-fad7-4006-851f-097a618c2ff8-groupManagement] INFO  server.RaftServerConfigKeys (ConfUtils.java:logGet(46)) - raft.server.log.appender.buffer.byte-limit = 8388608 (custom)
2024-05-24 07:48:54,134 [b4e39294-6870-4830-abfa-7517d5dcbfab-groupManagement] INFO  util.JmxRegister (JmxRegister.java:tryRegister(44)) - Successfully registered JMX Bean with object name Ratis:service=RaftServer,group=group-E715CE6D5264,id=b4e39294-6870-4830-abfa-7517d5dcbfab
2024-05-24 07:48:54,134 [b4e39294-6870-4830-abfa-7517d5dcbfab-groupManagement] INFO  server.RaftServerConfigKeys (ConfUtils.java:logGet(46)) - raft.server.snapshot.trigger-when-stop.enabled = true (default)
2024-05-24 07:48:54,134 [b4e39294-6870-4830-abfa-7517d5dcbfab-groupManagement] INFO  server.RaftServerConfigKeys (ConfUtils.java:logGet(46)) - raft.server.snapshot.auto.trigger.enabled = true (custom)
2024-05-24 07:48:54,134 [b4e39294-6870-4830-abfa-7517d5dcbfab-groupManagement] INFO  server.RaftServerConfigKeys (ConfUtils.java:logGet(46)) - raft.server.snapshot.auto.trigger.threshold = 10000 (custom)
2024-05-24 07:48:54,134 [b4e39294-6870-4830-abfa-7517d5dcbfab-groupManagement] INFO  server.RaftServerConfigKeys (ConfUtils.java:logGet(46)) - raft.server.snapshot.retention.file.num = 5 (custom)
2024-05-24 07:48:54,134 [b4e39294-6870-4830-abfa-7517d5dcbfab-groupManagement] INFO  server.RaftServerConfigKeys (ConfUtils.java:logGet(46)) - raft.server.log.purge.upto.snapshot.index = false (default)
2024-05-24 07:48:54,135 [b4e39294-6870-4830-abfa-7517d5dcbfab@group-E715CE6D5264-FollowerState] INFO  server.RaftServerConfigKeys (ConfUtils.java:logFallback(53)) - raft.server.rpc.first-election.timeout.min = 5s (fallback to raft.server.rpc.timeout.min)
2024-05-24 07:48:54,136 [b4e39294-6870-4830-abfa-7517d5dcbfab@group-E715CE6D5264-FollowerState] INFO  server.RaftServerConfigKeys (ConfUtils.java:logFallback(53)) - raft.server.rpc.first-election.timeout.max = 5200ms (fallback to raft.server.rpc.timeout.max)
2024-05-24 07:48:54,136 [456fd1aa-12b1-4be7-a527-595ee8ec60c1-PipelineCommandHandlerThread-0] INFO  ratis.XceiverServerRatis (XceiverServerRatis.java:addGroup(864)) - Created group PipelineID=e18d3a5a-7754-4a65-ada1-27db9aee457d
2024-05-24 07:48:54,136 [456fd1aa-12b1-4be7-a527-595ee8ec60c1-PipelineCommandHandlerThread-0] INFO  commandhandler.CreatePipelineCommandHandler (CreatePipelineCommandHandler.java:lambda$handle$2(124)) - Created Pipeline RATIS ONE PipelineID=e18d3a5a-7754-4a65-ada1-27db9aee457d.
2024-05-24 07:48:54,138 [9cef26bd-fad7-4006-851f-097a618c2ff8-groupManagement] INFO  util.AwaitToRun (AwaitToRun.java:start(81)) - Thread[9cef26bd-fad7-4006-851f-097a618c2ff8@group-E715CE6D5264-cacheEviction-AwaitToRun,5,main] started
2024-05-24 07:48:54,138 [9cef26bd-fad7-4006-851f-097a618c2ff8-groupManagement] INFO  segmented.SegmentedRaftLogWorker (SegmentedRaftLogWorker.java:<init>(182)) - new 9cef26bd-fad7-4006-851f-097a618c2ff8@group-E715CE6D5264-SegmentedRaftLogWorker for RaftStorageImpl:Storage Directory /home/runner/work/ozone/ozone/hadoop-ozone/integration-test/target/test-dir/MiniOzoneClusterImpl-b501fab0-540e-4575-af6e-dde2336b059e/ozone-meta/datanode-8/ratis/e447ea5f-fa66-4e37-a3b5-e715ce6d5264
2024-05-24 07:48:54,138 [9cef26bd-fad7-4006-851f-097a618c2ff8-groupManagement] INFO  server.RaftServerConfigKeys (ConfUtils.java:logGet(46)) - raft.server.log.queue.byte-limit = 4294967296 (custom)
2024-05-24 07:48:54,138 [9cef26bd-fad7-4006-851f-097a618c2ff8-groupManagement] INFO  server.RaftServerConfigKeys (ConfUtils.java:logGet(46)) - raft.server.log.queue.element-limit = 1024 (custom)
2024-05-24 07:48:54,138 [9cef26bd-fad7-4006-851f-097a618c2ff8-groupManagement] INFO  server.RaftServerConfigKeys (ConfUtils.java:logGet(46)) - raft.server.log.segment.size.max = 67108864 (custom)
2024-05-24 07:48:54,138 [9cef26bd-fad7-4006-851f-097a618c2ff8-groupManagement] INFO  server.RaftServerConfigKeys (ConfUtils.java:logGet(46)) - raft.server.log.preallocated.size = 4194304 (custom)
2024-05-24 07:48:54,138 [9cef26bd-fad7-4006-851f-097a618c2ff8-groupManagement] INFO  server.RaftServerConfigKeys (ConfUtils.java:logGet(46)) - raft.server.log.force.sync.num = 128 (default)
2024-05-24 07:48:54,138 [9cef26bd-fad7-4006-851f-097a618c2ff8-groupManagement] INFO  server.RaftServerConfigKeys (ConfUtils.java:logGet(46)) - raft.server.log.statemachine.data.sync = true (default)
2024-05-24 07:48:54,138 [9cef26bd-fad7-4006-851f-097a618c2ff8-groupManagement] INFO  server.RaftServerConfigKeys (ConfUtils.java:logGet(46)) - raft.server.log.statemachine.data.sync.timeout = 10s (default)
2024-05-24 07:48:54,138 [9cef26bd-fad7-4006-851f-097a618c2ff8-groupManagement] INFO  server.RaftServerConfigKeys (ConfUtils.java:logGet(46)) - raft.server.log.statemachine.data.sync.timeout.retry = 30 (custom)
2024-05-24 07:48:54,139 [9cef26bd-fad7-4006-851f-097a618c2ff8-groupManagement] INFO  server.RaftServerConfigKeys (ConfUtils.java:logGet(46)) - raft.server.log.write.buffer.size = 8388616 (custom)
2024-05-24 07:48:54,141 [9cef26bd-fad7-4006-851f-097a618c2ff8-groupManagement] INFO  server.RaftServerConfigKeys (ConfUtils.java:logGet(46)) - raft.server.log.appender.buffer.byte-limit = 8388608 (custom)
2024-05-24 07:48:54,141 [9cef26bd-fad7-4006-851f-097a618c2ff8-groupManagement] INFO  server.RaftServerConfigKeys (ConfUtils.java:logGet(46)) - raft.server.log.unsafe-flush.enabled = false (default)
2024-05-24 07:48:54,141 [9cef26bd-fad7-4006-851f-097a618c2ff8-groupManagement] INFO  server.RaftServerConfigKeys (ConfUtils.java:logGet(46)) - raft.server.log.async-flush.enabled = false (default)
2024-05-24 07:48:54,141 [9cef26bd-fad7-4006-851f-097a618c2ff8-groupManagement] INFO  server.RaftServerConfigKeys (ConfUtils.java:logGet(46)) - raft.server.log.statemachine.data.caching.enabled = true (custom)
2024-05-24 07:48:54,141 [9cef26bd-fad7-4006-851f-097a618c2ff8-groupManagement] INFO  segmented.SegmentedRaftLogWorker (SegmentedRaftLogWorker.java:lambda$new$0(134)) - 9cef26bd-fad7-4006-851f-097a618c2ff8@group-E715CE6D5264-SegmentedRaftLogWorker: flushIndex: setUnconditionally 0 -> -1
2024-05-24 07:48:54,141 [9cef26bd-fad7-4006-851f-097a618c2ff8-groupManagement] INFO  segmented.SegmentedRaftLogWorker (SegmentedRaftLogWorker.java:lambda$new$0(134)) - 9cef26bd-fad7-4006-851f-097a618c2ff8@group-E715CE6D5264-SegmentedRaftLogWorker: safeCacheEvictIndex: setUnconditionally 0 -> -1
2024-05-24 07:48:54,142 [b4e39294-6870-4830-abfa-7517d5dcbfab-PipelineCommandHandlerThread-0] INFO  ratis.XceiverServerRatis (XceiverServerRatis.java:addGroup(864)) - Created group PipelineID=e447ea5f-fa66-4e37-a3b5-e715ce6d5264
2024-05-24 07:48:54,145 [9cef26bd-fad7-4006-851f-097a618c2ff8-groupManagement] INFO  server.RaftServer$Division (RaftServerImpl.java:start(396)) - 9cef26bd-fad7-4006-851f-097a618c2ff8@group-E715CE6D5264: start as a follower, conf=-1: peers:[b4e39294-6870-4830-abfa-7517d5dcbfab|127.0.0.1:15086, 9cef26bd-fad7-4006-851f-097a618c2ff8|127.0.0.1:15077, 26f71362-a48a-41de-9ada-52ca0d6b3643|127.0.0.1:15068]|listeners:[], old=null
2024-05-24 07:48:54,145 [9cef26bd-fad7-4006-851f-097a618c2ff8-groupManagement] INFO  server.RaftServer$Division (RaftServerImpl.java:setRole(383)) - 9cef26bd-fad7-4006-851f-097a618c2ff8@group-E715CE6D5264: changes role from      null to FOLLOWER at term 0 for startAsFollower
2024-05-24 07:48:54,145 [9cef26bd-fad7-4006-851f-097a618c2ff8-groupManagement] INFO  impl.RoleInfo (RoleInfo.java:updateAndGet(139)) - 9cef26bd-fad7-4006-851f-097a618c2ff8: start 9cef26bd-fad7-4006-851f-097a618c2ff8@group-E715CE6D5264-FollowerState
2024-05-24 07:48:54,155 [26f71362-a48a-41de-9ada-52ca0d6b3643-PipelineCommandHandlerThread-0] INFO  commandhandler.CreatePipelineCommandHandler (CreatePipelineCommandHandler.java:lambda$handle$2(124)) - Created Pipeline RATIS THREE PipelineID=e447ea5f-fa66-4e37-a3b5-e715ce6d5264.
2024-05-24 07:48:54,159 [9cef26bd-fad7-4006-851f-097a618c2ff8-groupManagement] INFO  util.JmxRegister (JmxRegister.java:tryRegister(44)) - Successfully registered JMX Bean with object name Ratis:service=RaftServer,group=group-E715CE6D5264,id=9cef26bd-fad7-4006-851f-097a618c2ff8
2024-05-24 07:48:54,160 [9cef26bd-fad7-4006-851f-097a618c2ff8-groupManagement] INFO  server.RaftServerConfigKeys (ConfUtils.java:logGet(46)) - raft.server.snapshot.trigger-when-stop.enabled = true (default)
2024-05-24 07:48:54,160 [9cef26bd-fad7-4006-851f-097a618c2ff8-groupManagement] INFO  server.RaftServerConfigKeys (ConfUtils.java:logGet(46)) - raft.server.snapshot.auto.trigger.enabled = true (custom)
2024-05-24 07:48:54,160 [9cef26bd-fad7-4006-851f-097a618c2ff8-groupManagement] INFO  server.RaftServerConfigKeys (ConfUtils.java:logGet(46)) - raft.server.snapshot.auto.trigger.threshold = 10000 (custom)
2024-05-24 07:48:54,161 [9cef26bd-fad7-4006-851f-097a618c2ff8-groupManagement] INFO  server.RaftServerConfigKeys (ConfUtils.java:logGet(46)) - raft.server.snapshot.retention.file.num = 5 (custom)
2024-05-24 07:48:54,161 [9cef26bd-fad7-4006-851f-097a618c2ff8-groupManagement] INFO  server.RaftServerConfigKeys (ConfUtils.java:logGet(46)) - raft.server.log.purge.upto.snapshot.index = false (default)
2024-05-24 07:48:54,163 [9cef26bd-fad7-4006-851f-097a618c2ff8@group-E715CE6D5264-FollowerState] INFO  server.RaftServerConfigKeys (ConfUtils.java:logFallback(53)) - raft.server.rpc.first-election.timeout.min = 5s (fallback to raft.server.rpc.timeout.min)
2024-05-24 07:48:54,165 [9cef26bd-fad7-4006-851f-097a618c2ff8@group-E715CE6D5264-FollowerState] INFO  server.RaftServerConfigKeys (ConfUtils.java:logFallback(53)) - raft.server.rpc.first-election.timeout.max = 5200ms (fallback to raft.server.rpc.timeout.max)
2024-05-24 07:48:54,166 [9cef26bd-fad7-4006-851f-097a618c2ff8-PipelineCommandHandlerThread-0] INFO  ratis.XceiverServerRatis (XceiverServerRatis.java:addGroup(864)) - Created group PipelineID=e447ea5f-fa66-4e37-a3b5-e715ce6d5264
2024-05-24 07:48:54,180 [b4e39294-6870-4830-abfa-7517d5dcbfab-PipelineCommandHandlerThread-0] INFO  commandhandler.CreatePipelineCommandHandler (CreatePipelineCommandHandler.java:lambda$handle$2(124)) - Created Pipeline RATIS THREE PipelineID=e447ea5f-fa66-4e37-a3b5-e715ce6d5264.
2024-05-24 07:48:54,206 [9cef26bd-fad7-4006-851f-097a618c2ff8-PipelineCommandHandlerThread-0] INFO  commandhandler.CreatePipelineCommandHandler (CreatePipelineCommandHandler.java:lambda$handle$2(124)) - Created Pipeline RATIS THREE PipelineID=e447ea5f-fa66-4e37-a3b5-e715ce6d5264.
2024-05-24 07:48:55,022 [main] INFO  ozone.MiniOzoneClusterImpl (MiniOzoneClusterImpl.java:lambda$waitForClusterToBeReady$0(194)) - Nodes are ready. Got 10 of 10 DN Heartbeats.
2024-05-24 07:48:55,023 [main] INFO  ozone.MiniOzoneClusterImpl (MiniOzoneClusterImpl.java:lambda$waitForClusterToBeReady$0(197)) - Waiting for cluster to exit safe mode
2024-05-24 07:48:55,023 [main] INFO  ozone.MiniOzoneClusterImpl (MiniOzoneClusterImpl.java:lambda$waitForClusterToBeReady$0(199)) - SCM became leader
2024-05-24 07:48:56,023 [main] INFO  ozone.MiniOzoneClusterImpl (MiniOzoneClusterImpl.java:lambda$waitForClusterToBeReady$0(194)) - Nodes are ready. Got 10 of 10 DN Heartbeats.
2024-05-24 07:48:56,023 [main] INFO  ozone.MiniOzoneClusterImpl (MiniOzoneClusterImpl.java:lambda$waitForClusterToBeReady$0(197)) - Waiting for cluster to exit safe mode
2024-05-24 07:48:56,023 [main] INFO  ozone.MiniOzoneClusterImpl (MiniOzoneClusterImpl.java:lambda$waitForClusterToBeReady$0(199)) - SCM became leader
2024-05-24 07:48:57,024 [main] INFO  ozone.MiniOzoneClusterImpl (MiniOzoneClusterImpl.java:lambda$waitForClusterToBeReady$0(194)) - Nodes are ready. Got 10 of 10 DN Heartbeats.
2024-05-24 07:48:57,024 [main] INFO  ozone.MiniOzoneClusterImpl (MiniOzoneClusterImpl.java:lambda$waitForClusterToBeReady$0(197)) - Waiting for cluster to exit safe mode
2024-05-24 07:48:57,024 [main] INFO  ozone.MiniOzoneClusterImpl (MiniOzoneClusterImpl.java:lambda$waitForClusterToBeReady$0(199)) - SCM became leader
2024-05-24 07:48:58,024 [main] INFO  ozone.MiniOzoneClusterImpl (MiniOzoneClusterImpl.java:lambda$waitForClusterToBeReady$0(194)) - Nodes are ready. Got 10 of 10 DN Heartbeats.
2024-05-24 07:48:58,024 [main] INFO  ozone.MiniOzoneClusterImpl (MiniOzoneClusterImpl.java:lambda$waitForClusterToBeReady$0(197)) - Waiting for cluster to exit safe mode
2024-05-24 07:48:58,024 [main] INFO  ozone.MiniOzoneClusterImpl (MiniOzoneClusterImpl.java:lambda$waitForClusterToBeReady$0(199)) - SCM became leader
2024-05-24 07:48:58,026 [5319acd4-0e99-4000-a29b-b8c741da6a3d@group-ECF98FEFC7D0-FollowerState] INFO  impl.FollowerState (FollowerState.java:run(143)) - 5319acd4-0e99-4000-a29b-b8c741da6a3d@group-ECF98FEFC7D0-FollowerState: change to CANDIDATE, lastRpcElapsedTime:5023922692ns, electionTimeout:5021ms
2024-05-24 07:48:58,026 [5319acd4-0e99-4000-a29b-b8c741da6a3d@group-ECF98FEFC7D0-FollowerState] INFO  impl.RoleInfo (RoleInfo.java:shutdownFollowerState(110)) - 5319acd4-0e99-4000-a29b-b8c741da6a3d: shutdown 5319acd4-0e99-4000-a29b-b8c741da6a3d@group-ECF98FEFC7D0-FollowerState
2024-05-24 07:48:58,026 [5319acd4-0e99-4000-a29b-b8c741da6a3d@group-ECF98FEFC7D0-FollowerState] INFO  server.RaftServer$Division (RaftServerImpl.java:setRole(383)) - 5319acd4-0e99-4000-a29b-b8c741da6a3d@group-ECF98FEFC7D0: changes role from  FOLLOWER to CANDIDATE at term 0 for changeToCandidate
2024-05-24 07:48:58,026 [5319acd4-0e99-4000-a29b-b8c741da6a3d@group-ECF98FEFC7D0-FollowerState] INFO  server.RaftServerConfigKeys (ConfUtils.java:logGet(46)) - raft.server.leaderelection.pre-vote = true (default)
2024-05-24 07:48:58,026 [5319acd4-0e99-4000-a29b-b8c741da6a3d@group-ECF98FEFC7D0-FollowerState] INFO  impl.RoleInfo (RoleInfo.java:updateAndGet(139)) - 5319acd4-0e99-4000-a29b-b8c741da6a3d: start 5319acd4-0e99-4000-a29b-b8c741da6a3d@group-ECF98FEFC7D0-LeaderElection2
2024-05-24 07:48:58,027 [5319acd4-0e99-4000-a29b-b8c741da6a3d@group-ECF98FEFC7D0-LeaderElection2] INFO  impl.LeaderElection (LeaderElection.java:askForVotes(321)) - 5319acd4-0e99-4000-a29b-b8c741da6a3d@group-ECF98FEFC7D0-LeaderElection2 PRE_VOTE round 0: submit vote requests at term 0 for -1: peers:[5319acd4-0e99-4000-a29b-b8c741da6a3d|127.0.0.1:15014]|listeners:[], old=null
2024-05-24 07:48:58,027 [5319acd4-0e99-4000-a29b-b8c741da6a3d@group-ECF98FEFC7D0-LeaderElection2] INFO  impl.LeaderElection (LeaderElection.java:askForVotes(323)) - 5319acd4-0e99-4000-a29b-b8c741da6a3d@group-ECF98FEFC7D0-LeaderElection2 PRE_VOTE round 0: result PASSED (term=0)
2024-05-24 07:48:58,028 [5319acd4-0e99-4000-a29b-b8c741da6a3d@group-ECF98FEFC7D0-LeaderElection2] INFO  impl.LeaderElection (LeaderElection.java:askForVotes(321)) - 5319acd4-0e99-4000-a29b-b8c741da6a3d@group-ECF98FEFC7D0-LeaderElection2 ELECTION round 0: submit vote requests at term 1 for -1: peers:[5319acd4-0e99-4000-a29b-b8c741da6a3d|127.0.0.1:15014]|listeners:[], old=null
2024-05-24 07:48:58,028 [5319acd4-0e99-4000-a29b-b8c741da6a3d@group-ECF98FEFC7D0-LeaderElection2] INFO  impl.LeaderElection (LeaderElection.java:askForVotes(323)) - 5319acd4-0e99-4000-a29b-b8c741da6a3d@group-ECF98FEFC7D0-LeaderElection2 ELECTION round 0: result PASSED (term=1)
2024-05-24 07:48:58,029 [5319acd4-0e99-4000-a29b-b8c741da6a3d@group-ECF98FEFC7D0-LeaderElection2] INFO  impl.RoleInfo (RoleInfo.java:shutdownLeaderElection(130)) - 5319acd4-0e99-4000-a29b-b8c741da6a3d: shutdown 5319acd4-0e99-4000-a29b-b8c741da6a3d@group-ECF98FEFC7D0-LeaderElection2
2024-05-24 07:48:58,029 [5319acd4-0e99-4000-a29b-b8c741da6a3d@group-ECF98FEFC7D0-LeaderElection2] INFO  server.RaftServer$Division (RaftServerImpl.java:setRole(383)) - 5319acd4-0e99-4000-a29b-b8c741da6a3d@group-ECF98FEFC7D0: changes role from CANDIDATE to LEADER at term 1 for changeToLeader
2024-05-24 07:48:58,029 [5319acd4-0e99-4000-a29b-b8c741da6a3d@group-ECF98FEFC7D0-LeaderElection2] INFO  server.RaftServerConfigKeys (ConfUtils.java:logGet(46)) - raft.server.staging.catchup.gap = 1000 (default)
2024-05-24 07:48:58,029 [5319acd4-0e99-4000-a29b-b8c741da6a3d@group-ECF98FEFC7D0-LeaderElection2] INFO  server.RaftServerConfigKeys (ConfUtils.java:logGet(46)) - raft.server.write.element-limit = 1024 (custom)
2024-05-24 07:48:58,029 [5319acd4-0e99-4000-a29b-b8c741da6a3d@group-ECF98FEFC7D0-LeaderElection2] INFO  server.RaftServerConfigKeys (ConfUtils.java:logGet(46)) - raft.server.write.byte-limit = 1024 M (=1073741824) (custom)
2024-05-24 07:48:58,030 [5319acd4-0e99-4000-a29b-b8c741da6a3d@group-ECF98FEFC7D0-LeaderElection2] INFO  server.RaftServerConfigKeys (ConfUtils.java:logGet(46)) - raft.server.watch.timeout = 180s (custom)
2024-05-24 07:48:58,030 [5319acd4-0e99-4000-a29b-b8c741da6a3d@group-ECF98FEFC7D0-LeaderElection2] INFO  server.RaftServerConfigKeys (ConfUtils.java:logGet(46)) - raft.server.watch.timeout.denomination = 1s (default)
2024-05-24 07:48:58,030 [5319acd4-0e99-4000-a29b-b8c741da6a3d@group-ECF98FEFC7D0-LeaderElection2] INFO  server.RaftServerConfigKeys (ConfUtils.java:logGet(46)) - raft.server.watch.element-limit = 65536 (default)
2024-05-24 07:48:58,030 [5319acd4-0e99-4000-a29b-b8c741da6a3d@group-ECF98FEFC7D0-LeaderElection2] INFO  server.RaftServerConfigKeys (ConfUtils.java:logGet(46)) - raft.server.read.leader.lease.enabled = false (default)
2024-05-24 07:48:58,030 [5319acd4-0e99-4000-a29b-b8c741da6a3d@group-ECF98FEFC7D0-LeaderElection2] INFO  server.RaftServerConfigKeys (ConfUtils.java:logGet(46)) - raft.server.read.leader.lease.timeout.ratio = 0.9 (default)
2024-05-24 07:48:58,030 [5319acd4-0e99-4000-a29b-b8c741da6a3d@group-ECF98FEFC7D0-LeaderElection2] INFO  server.RaftServerConfigKeys (ConfUtils.java:logGet(46)) - raft.server.rpc.timeout.min = 5s (custom)
2024-05-24 07:48:58,030 [5319acd4-0e99-4000-a29b-b8c741da6a3d@group-ECF98FEFC7D0-LeaderElection2] INFO  server.RaftServerConfigKeys (ConfUtils.java:logGet(46)) - raft.server.write.element-limit = 1024 (custom)
2024-05-24 07:48:58,030 [5319acd4-0e99-4000-a29b-b8c741da6a3d@group-ECF98FEFC7D0-LeaderElection2] INFO  server.RaftServerConfigKeys (ConfUtils.java:logGet(46)) - raft.server.write.follower.gap.ratio.max = -1.0 (default)
2024-05-24 07:48:58,030 [5319acd4-0e99-4000-a29b-b8c741da6a3d@group-ECF98FEFC7D0-LeaderElection2] INFO  impl.RoleInfo (RoleInfo.java:updateAndGet(139)) - 5319acd4-0e99-4000-a29b-b8c741da6a3d: start 5319acd4-0e99-4000-a29b-b8c741da6a3d@group-ECF98FEFC7D0-LeaderStateImpl
2024-05-24 07:48:58,030 [5319acd4-0e99-4000-a29b-b8c741da6a3d@group-ECF98FEFC7D0-LeaderElection2] INFO  server.RaftServer$Division (RaftServerImpl.java:setFirstElection(574)) - 5319acd4-0e99-4000-a29b-b8c741da6a3d@group-ECF98FEFC7D0: set firstElectionSinceStartup to false for becomeLeader
2024-05-24 07:48:58,031 [5319acd4-0e99-4000-a29b-b8c741da6a3d@group-ECF98FEFC7D0-LeaderElection2] INFO  ratis.XceiverServerRatis (XceiverServerRatis.java:handleLeaderChangedNotification(966)) - Leader change notification received for group: group-ECF98FEFC7D0 with new leaderId: 5319acd4-0e99-4000-a29b-b8c741da6a3d
2024-05-24 07:48:58,031 [5319acd4-0e99-4000-a29b-b8c741da6a3d@group-ECF98FEFC7D0-LeaderElection2] INFO  server.RaftServer$Division (ServerState.java:setLeader(269)) - 5319acd4-0e99-4000-a29b-b8c741da6a3d@group-ECF98FEFC7D0: change Leader from null to 5319acd4-0e99-4000-a29b-b8c741da6a3d at term 1 for becomeLeader, leader elected after 5078ms
2024-05-24 07:48:58,032 [5319acd4-0e99-4000-a29b-b8c741da6a3d@group-ECF98FEFC7D0-LeaderElection2] INFO  segmented.SegmentedRaftLogWorker (SegmentedRaftLogWorker.java:startLogSegment(430)) - 5319acd4-0e99-4000-a29b-b8c741da6a3d@group-ECF98FEFC7D0-SegmentedRaftLogWorker: Starting segment from index:0
2024-05-24 07:48:58,032 [5319acd4-0e99-4000-a29b-b8c741da6a3d@group-ECF98FEFC7D0-LeaderElection2] INFO  server.RaftServer$Division (ServerState.java:setRaftConf(386)) - 5319acd4-0e99-4000-a29b-b8c741da6a3d@group-ECF98FEFC7D0: set configuration 0: peers:[5319acd4-0e99-4000-a29b-b8c741da6a3d|127.0.0.1:15014]|listeners:[], old=null
2024-05-24 07:48:58,033 [5319acd4-0e99-4000-a29b-b8c741da6a3d@group-ECF98FEFC7D0-SegmentedRaftLogWorker] INFO  segmented.BufferedWriteChannel (BufferedWriteChannel.java:open(62)) - open log_inprogress_0 at position 0
2024-05-24 07:48:58,037 [EventQueue-OpenPipelineForHealthyPipelineSafeModeRule] INFO  safemode.SCMSafeModeManager (HealthyPipelineSafeModeRule.java:process(140)) - SCM in safe mode. Healthy pipelines reported count is 0, required healthy pipeline reported count is 1
2024-05-24 07:48:58,040 [5319acd4-0e99-4000-a29b-b8c741da6a3d@group-ECF98FEFC7D0-SegmentedRaftLogWorker] INFO  segmented.SegmentedRaftLogWorker (SegmentedRaftLogWorker.java:execute(634)) - 5319acd4-0e99-4000-a29b-b8c741da6a3d@group-ECF98FEFC7D0-SegmentedRaftLogWorker: created new log segment /home/runner/work/ozone/ozone/hadoop-ozone/integration-test/target/test-dir/MiniOzoneClusterImpl-b501fab0-540e-4575-af6e-dde2336b059e/ozone-meta/datanode-1/ratis/f66052d6-492c-4182-89f9-ecf98fefc7d0/current/log_inprogress_0
2024-05-24 07:48:58,043 [5319acd4-0e99-4000-a29b-b8c741da6a3d@group-ECF98FEFC7D0-StateMachineUpdater] INFO  server.RaftServer$Division (LeaderStateImpl.java:isApplied(320)) - leader is ready since appliedIndex == 0 >= startIndex == 0
2024-05-24 07:48:58,168 [5319acd4-0e99-4000-a29b-b8c741da6a3d@group-0F5CF8F748CF-FollowerState] INFO  impl.FollowerState (FollowerState.java:run(143)) - 5319acd4-0e99-4000-a29b-b8c741da6a3d@group-0F5CF8F748CF-FollowerState: change to CANDIDATE, lastRpcElapsedTime:5126529198ns, electionTimeout:5124ms
2024-05-24 07:48:58,169 [5319acd4-0e99-4000-a29b-b8c741da6a3d@group-0F5CF8F748CF-FollowerState] INFO  impl.RoleInfo (RoleInfo.java:shutdownFollowerState(110)) - 5319acd4-0e99-4000-a29b-b8c741da6a3d: shutdown 5319acd4-0e99-4000-a29b-b8c741da6a3d@group-0F5CF8F748CF-FollowerState
2024-05-24 07:48:58,169 [5319acd4-0e99-4000-a29b-b8c741da6a3d@group-0F5CF8F748CF-FollowerState] INFO  server.RaftServer$Division (RaftServerImpl.java:setRole(383)) - 5319acd4-0e99-4000-a29b-b8c741da6a3d@group-0F5CF8F748CF: changes role from  FOLLOWER to CANDIDATE at term 0 for changeToCandidate
2024-05-24 07:48:58,169 [5319acd4-0e99-4000-a29b-b8c741da6a3d@group-0F5CF8F748CF-FollowerState] INFO  server.RaftServerConfigKeys (ConfUtils.java:logGet(46)) - raft.server.leaderelection.pre-vote = true (default)
2024-05-24 07:48:58,169 [5319acd4-0e99-4000-a29b-b8c741da6a3d@group-0F5CF8F748CF-FollowerState] INFO  impl.RoleInfo (RoleInfo.java:updateAndGet(139)) - 5319acd4-0e99-4000-a29b-b8c741da6a3d: start 5319acd4-0e99-4000-a29b-b8c741da6a3d@group-0F5CF8F748CF-LeaderElection3
2024-05-24 07:48:58,169 [5319acd4-0e99-4000-a29b-b8c741da6a3d@group-0F5CF8F748CF-LeaderElection3] INFO  impl.LeaderElection (LeaderElection.java:askForVotes(321)) - 5319acd4-0e99-4000-a29b-b8c741da6a3d@group-0F5CF8F748CF-LeaderElection3 PRE_VOTE round 0: submit vote requests at term 0 for -1: peers:[5de18b20-4c2d-46f3-add3-84b533bc57c8|127.0.0.1:15023, 5319acd4-0e99-4000-a29b-b8c741da6a3d|127.0.0.1:15014, 0f6129c7-dda1-4d42-8d75-6a3ef1e9116c|127.0.0.1:15032]|listeners:[], old=null
2024-05-24 07:48:58,173 [5319acd4-0e99-4000-a29b-b8c741da6a3d@group-0F5CF8F748CF-LeaderElection3] INFO  server.RaftServerConfigKeys (ConfUtils.java:logFallback(53)) - raft.server.rpc.first-election.timeout.min = 5s (fallback to raft.server.rpc.timeout.min)
2024-05-24 07:48:58,173 [5319acd4-0e99-4000-a29b-b8c741da6a3d@group-0F5CF8F748CF-LeaderElection3-1] INFO  server.GrpcServerProtocolClient (GrpcServerProtocolClient.java:<init>(65)) - Build channel for 5de18b20-4c2d-46f3-add3-84b533bc57c8|127.0.0.1:15023
2024-05-24 07:48:58,173 [5319acd4-0e99-4000-a29b-b8c741da6a3d@group-0F5CF8F748CF-LeaderElection3-2] INFO  server.GrpcServerProtocolClient (GrpcServerProtocolClient.java:<init>(65)) - Build channel for 0f6129c7-dda1-4d42-8d75-6a3ef1e9116c|127.0.0.1:15032
2024-05-24 07:48:58,173 [5319acd4-0e99-4000-a29b-b8c741da6a3d@group-0F5CF8F748CF-LeaderElection3] INFO  server.RaftServerConfigKeys (ConfUtils.java:logFallback(53)) - raft.server.rpc.first-election.timeout.max = 5200ms (fallback to raft.server.rpc.timeout.max)
2024-05-24 07:48:58,181 [grpc-default-executor-2] INFO  server.RaftServer$Division (RaftServerImpl.java:requestVote(1389)) - 0f6129c7-dda1-4d42-8d75-6a3ef1e9116c@group-0F5CF8F748CF: receive requestVote(PRE_VOTE, 5319acd4-0e99-4000-a29b-b8c741da6a3d, group-0F5CF8F748CF, 0, (t:0, i:0))
2024-05-24 07:48:58,183 [grpc-default-executor-2] INFO  impl.VoteContext (VoteContext.java:log(49)) - 0f6129c7-dda1-4d42-8d75-6a3ef1e9116c@group-0F5CF8F748CF-FOLLOWER: reject PRE_VOTE from 5319acd4-0e99-4000-a29b-b8c741da6a3d: our priority 1 > candidate's priority 0
2024-05-24 07:48:58,185 [grpc-default-executor-2] INFO  server.RaftServer$Division (RaftServerImpl.java:requestVote(1422)) - 0f6129c7-dda1-4d42-8d75-6a3ef1e9116c@group-0F5CF8F748CF replies to PRE_VOTE vote request: 5319acd4-0e99-4000-a29b-b8c741da6a3d<-0f6129c7-dda1-4d42-8d75-6a3ef1e9116c#0:FAIL-t0. Peer's state: 0f6129c7-dda1-4d42-8d75-6a3ef1e9116c@group-0F5CF8F748CF:t0, leader=null, voted=, raftlog=Memoized:0f6129c7-dda1-4d42-8d75-6a3ef1e9116c@group-0F5CF8F748CF-SegmentedRaftLog:OPENED:c-1, conf=-1: peers:[5de18b20-4c2d-46f3-add3-84b533bc57c8|127.0.0.1:15023, 5319acd4-0e99-4000-a29b-b8c741da6a3d|127.0.0.1:15014, 0f6129c7-dda1-4d42-8d75-6a3ef1e9116c|127.0.0.1:15032]|listeners:[], old=null
2024-05-24 07:48:58,188 [grpc-default-executor-2] INFO  server.RaftServer$Division (RaftServerImpl.java:requestVote(1389)) - 5de18b20-4c2d-46f3-add3-84b533bc57c8@group-0F5CF8F748CF: receive requestVote(PRE_VOTE, 5319acd4-0e99-4000-a29b-b8c741da6a3d, group-0F5CF8F748CF, 0, (t:0, i:0))
2024-05-24 07:48:58,188 [grpc-default-executor-2] INFO  impl.VoteContext (VoteContext.java:log(49)) - 5de18b20-4c2d-46f3-add3-84b533bc57c8@group-0F5CF8F748CF-FOLLOWER: accept PRE_VOTE from 5319acd4-0e99-4000-a29b-b8c741da6a3d: our priority 0 <= candidate's priority 0
2024-05-24 07:48:58,188 [5319acd4-0e99-4000-a29b-b8c741da6a3d@group-0F5CF8F748CF-LeaderElection3] INFO  impl.LeaderElection (LeaderElection.java:logAndReturn(89)) - 5319acd4-0e99-4000-a29b-b8c741da6a3d@group-0F5CF8F748CF-LeaderElection3: PRE_VOTE REJECTED received 1 response(s) and 0 exception(s):
2024-05-24 07:48:58,189 [5319acd4-0e99-4000-a29b-b8c741da6a3d@group-0F5CF8F748CF-LeaderElection3] INFO  impl.LeaderElection (LeaderElection.java:logAndReturn(93)) -   Response 0: 5319acd4-0e99-4000-a29b-b8c741da6a3d<-0f6129c7-dda1-4d42-8d75-6a3ef1e9116c#0:FAIL-t0
2024-05-24 07:48:58,189 [5319acd4-0e99-4000-a29b-b8c741da6a3d@group-0F5CF8F748CF-LeaderElection3] INFO  impl.LeaderElection (LeaderElection.java:askForVotes(323)) - 5319acd4-0e99-4000-a29b-b8c741da6a3d@group-0F5CF8F748CF-LeaderElection3 PRE_VOTE round 0: result REJECTED
2024-05-24 07:48:58,189 [5319acd4-0e99-4000-a29b-b8c741da6a3d@group-0F5CF8F748CF-LeaderElection3] INFO  server.RaftServer$Division (RaftServerImpl.java:setRole(383)) - 5319acd4-0e99-4000-a29b-b8c741da6a3d@group-0F5CF8F748CF: changes role from CANDIDATE to FOLLOWER at term 0 for REJECTED
2024-05-24 07:48:58,191 [grpc-default-executor-2] INFO  server.RaftServer$Division (RaftServerImpl.java:requestVote(1422)) - 5de18b20-4c2d-46f3-add3-84b533bc57c8@group-0F5CF8F748CF replies to PRE_VOTE vote request: 5319acd4-0e99-4000-a29b-b8c741da6a3d<-5de18b20-4c2d-46f3-add3-84b533bc57c8#0:OK-t0. Peer's state: 5de18b20-4c2d-46f3-add3-84b533bc57c8@group-0F5CF8F748CF:t0, leader=null, voted=, raftlog=Memoized:5de18b20-4c2d-46f3-add3-84b533bc57c8@group-0F5CF8F748CF-SegmentedRaftLog:OPENED:c-1, conf=-1: peers:[5de18b20-4c2d-46f3-add3-84b533bc57c8|127.0.0.1:15023, 5319acd4-0e99-4000-a29b-b8c741da6a3d|127.0.0.1:15014, 0f6129c7-dda1-4d42-8d75-6a3ef1e9116c|127.0.0.1:15032]|listeners:[], old=null
2024-05-24 07:48:58,197 [5319acd4-0e99-4000-a29b-b8c741da6a3d@group-0F5CF8F748CF-LeaderElection3] INFO  impl.RoleInfo (RoleInfo.java:shutdownLeaderElection(130)) - 5319acd4-0e99-4000-a29b-b8c741da6a3d: shutdown 5319acd4-0e99-4000-a29b-b8c741da6a3d@group-0F5CF8F748CF-LeaderElection3
2024-05-24 07:48:58,197 [5319acd4-0e99-4000-a29b-b8c741da6a3d@group-0F5CF8F748CF-LeaderElection3] INFO  impl.RoleInfo (RoleInfo.java:updateAndGet(139)) - 5319acd4-0e99-4000-a29b-b8c741da6a3d: start 5319acd4-0e99-4000-a29b-b8c741da6a3d@group-0F5CF8F748CF-FollowerState
2024-05-24 07:48:58,198 [5319acd4-0e99-4000-a29b-b8c741da6a3d@group-0F5CF8F748CF-LeaderElection3] INFO  server.RaftServer$Division (RaftServerImpl.java:setFirstElection(574)) - 5319acd4-0e99-4000-a29b-b8c741da6a3d@group-0F5CF8F748CF: set firstElectionSinceStartup to false for REJECTED
2024-05-24 07:48:58,288 [5de18b20-4c2d-46f3-add3-84b533bc57c8@group-3876656D7B98-FollowerState] INFO  impl.FollowerState (FollowerState.java:run(143)) - 5de18b20-4c2d-46f3-add3-84b533bc57c8@group-3876656D7B98-FollowerState: change to CANDIDATE, lastRpcElapsedTime:5132249562ns, electionTimeout:5116ms
2024-05-24 07:48:58,289 [5de18b20-4c2d-46f3-add3-84b533bc57c8@group-3876656D7B98-FollowerState] INFO  impl.RoleInfo (RoleInfo.java:shutdownFollowerState(110)) - 5de18b20-4c2d-46f3-add3-84b533bc57c8: shutdown 5de18b20-4c2d-46f3-add3-84b533bc57c8@group-3876656D7B98-FollowerState
2024-05-24 07:48:58,289 [5de18b20-4c2d-46f3-add3-84b533bc57c8@group-3876656D7B98-FollowerState] INFO  server.RaftServer$Division (RaftServerImpl.java:setRole(383)) - 5de18b20-4c2d-46f3-add3-84b533bc57c8@group-3876656D7B98: changes role from  FOLLOWER to CANDIDATE at term 0 for changeToCandidate
2024-05-24 07:48:58,289 [5de18b20-4c2d-46f3-add3-84b533bc57c8@group-3876656D7B98-FollowerState] INFO  server.RaftServerConfigKeys (ConfUtils.java:logGet(46)) - raft.server.leaderelection.pre-vote = true (default)
2024-05-24 07:48:58,289 [5de18b20-4c2d-46f3-add3-84b533bc57c8@group-3876656D7B98-FollowerState] INFO  impl.RoleInfo (RoleInfo.java:updateAndGet(139)) - 5de18b20-4c2d-46f3-add3-84b533bc57c8: start 5de18b20-4c2d-46f3-add3-84b533bc57c8@group-3876656D7B98-LeaderElection4
2024-05-24 07:48:58,289 [5de18b20-4c2d-46f3-add3-84b533bc57c8@group-3876656D7B98-LeaderElection4] INFO  impl.LeaderElection (LeaderElection.java:askForVotes(321)) - 5de18b20-4c2d-46f3-add3-84b533bc57c8@group-3876656D7B98-LeaderElection4 PRE_VOTE round 0: submit vote requests at term 0 for -1: peers:[5de18b20-4c2d-46f3-add3-84b533bc57c8|127.0.0.1:15023]|listeners:[], old=null
2024-05-24 07:48:58,290 [5de18b20-4c2d-46f3-add3-84b533bc57c8@group-3876656D7B98-LeaderElection4] INFO  impl.LeaderElection (LeaderElection.java:askForVotes(323)) - 5de18b20-4c2d-46f3-add3-84b533bc57c8@group-3876656D7B98-LeaderElection4 PRE_VOTE round 0: result PASSED (term=0)
2024-05-24 07:48:58,291 [5de18b20-4c2d-46f3-add3-84b533bc57c8@group-3876656D7B98-LeaderElection4] INFO  impl.LeaderElection (LeaderElection.java:askForVotes(321)) - 5de18b20-4c2d-46f3-add3-84b533bc57c8@group-3876656D7B98-LeaderElection4 ELECTION round 0: submit vote requests at term 1 for -1: peers:[5de18b20-4c2d-46f3-add3-84b533bc57c8|127.0.0.1:15023]|listeners:[], old=null
2024-05-24 07:48:58,291 [5de18b20-4c2d-46f3-add3-84b533bc57c8@group-3876656D7B98-LeaderElection4] INFO  impl.LeaderElection (LeaderElection.java:askForVotes(323)) - 5de18b20-4c2d-46f3-add3-84b533bc57c8@group-3876656D7B98-LeaderElection4 ELECTION round 0: result PASSED (term=1)
2024-05-24 07:48:58,291 [5de18b20-4c2d-46f3-add3-84b533bc57c8@group-3876656D7B98-LeaderElection4] INFO  impl.RoleInfo (RoleInfo.java:shutdownLeaderElection(130)) - 5de18b20-4c2d-46f3-add3-84b533bc57c8: shutdown 5de18b20-4c2d-46f3-add3-84b533bc57c8@group-3876656D7B98-LeaderElection4
2024-05-24 07:48:58,291 [5de18b20-4c2d-46f3-add3-84b533bc57c8@group-3876656D7B98-LeaderElection4] INFO  server.RaftServer$Division (RaftServerImpl.java:setRole(383)) - 5de18b20-4c2d-46f3-add3-84b533bc57c8@group-3876656D7B98: changes role from CANDIDATE to LEADER at term 1 for changeToLeader
2024-05-24 07:48:58,291 [5de18b20-4c2d-46f3-add3-84b533bc57c8@group-3876656D7B98-LeaderElection4] INFO  server.RaftServerConfigKeys (ConfUtils.java:logGet(46)) - raft.server.staging.catchup.gap = 1000 (default)
2024-05-24 07:48:58,291 [5de18b20-4c2d-46f3-add3-84b533bc57c8@group-3876656D7B98-LeaderElection4] INFO  server.RaftServerConfigKeys (ConfUtils.java:logGet(46)) - raft.server.write.element-limit = 1024 (custom)
2024-05-24 07:48:58,292 [5de18b20-4c2d-46f3-add3-84b533bc57c8@group-3876656D7B98-LeaderElection4] INFO  server.RaftServerConfigKeys (ConfUtils.java:logGet(46)) - raft.server.write.byte-limit = 1024 M (=1073741824) (custom)
2024-05-24 07:48:58,292 [5de18b20-4c2d-46f3-add3-84b533bc57c8@group-3876656D7B98-LeaderElection4] INFO  server.RaftServerConfigKeys (ConfUtils.java:logGet(46)) - raft.server.watch.timeout = 180s (custom)
2024-05-24 07:48:58,292 [5de18b20-4c2d-46f3-add3-84b533bc57c8@group-3876656D7B98-LeaderElection4] INFO  server.RaftServerConfigKeys (ConfUtils.java:logGet(46)) - raft.server.watch.timeout.denomination = 1s (default)
2024-05-24 07:48:58,292 [5de18b20-4c2d-46f3-add3-84b533bc57c8@group-3876656D7B98-LeaderElection4] INFO  server.RaftServerConfigKeys (ConfUtils.java:logGet(46)) - raft.server.watch.element-limit = 65536 (default)
2024-05-24 07:48:58,292 [5de18b20-4c2d-46f3-add3-84b533bc57c8@group-3876656D7B98-LeaderElection4] INFO  server.RaftServerConfigKeys (ConfUtils.java:logGet(46)) - raft.server.read.leader.lease.enabled = false (default)
2024-05-24 07:48:58,292 [5de18b20-4c2d-46f3-add3-84b533bc57c8@group-3876656D7B98-LeaderElection4] INFO  server.RaftServerConfigKeys (ConfUtils.java:logGet(46)) - raft.server.read.leader.lease.timeout.ratio = 0.9 (default)
2024-05-24 07:48:58,292 [5de18b20-4c2d-46f3-add3-84b533bc57c8@group-3876656D7B98-LeaderElection4] INFO  server.RaftServerConfigKeys (ConfUtils.java:logGet(46)) - raft.server.rpc.timeout.min = 5s (custom)
2024-05-24 07:48:58,292 [5de18b20-4c2d-46f3-add3-84b533bc57c8@group-3876656D7B98-LeaderElection4] INFO  server.RaftServerConfigKeys (ConfUtils.java:logGet(46)) - raft.server.write.element-limit = 1024 (custom)
2024-05-24 07:48:58,293 [5de18b20-4c2d-46f3-add3-84b533bc57c8@group-3876656D7B98-LeaderElection4] INFO  server.RaftServerConfigKeys (ConfUtils.java:logGet(46)) - raft.server.write.follower.gap.ratio.max = -1.0 (default)
2024-05-24 07:48:58,293 [5de18b20-4c2d-46f3-add3-84b533bc57c8@group-3876656D7B98-LeaderElection4] INFO  impl.RoleInfo (RoleInfo.java:updateAndGet(139)) - 5de18b20-4c2d-46f3-add3-84b533bc57c8: start 5de18b20-4c2d-46f3-add3-84b533bc57c8@group-3876656D7B98-LeaderStateImpl
2024-05-24 07:48:58,293 [5de18b20-4c2d-46f3-add3-84b533bc57c8@group-3876656D7B98-LeaderElection4] INFO  server.RaftServer$Division (RaftServerImpl.java:setFirstElection(574)) - 5de18b20-4c2d-46f3-add3-84b533bc57c8@group-3876656D7B98: set firstElectionSinceStartup to false for becomeLeader
2024-05-24 07:48:58,293 [5de18b20-4c2d-46f3-add3-84b533bc57c8@group-3876656D7B98-LeaderElection4] INFO  ratis.XceiverServerRatis (XceiverServerRatis.java:handleLeaderChangedNotification(966)) - Leader change notification received for group: group-3876656D7B98 with new leaderId: 5de18b20-4c2d-46f3-add3-84b533bc57c8
2024-05-24 07:48:58,293 [5de18b20-4c2d-46f3-add3-84b533bc57c8@group-3876656D7B98-LeaderElection4] INFO  server.RaftServer$Division (ServerState.java:setLeader(269)) - 5de18b20-4c2d-46f3-add3-84b533bc57c8@group-3876656D7B98: change Leader from null to 5de18b20-4c2d-46f3-add3-84b533bc57c8 at term 1 for becomeLeader, leader elected after 5182ms
2024-05-24 07:48:58,294 [5de18b20-4c2d-46f3-add3-84b533bc57c8@group-3876656D7B98-LeaderElection4] INFO  segmented.SegmentedRaftLogWorker (SegmentedRaftLogWorker.java:startLogSegment(430)) - 5de18b20-4c2d-46f3-add3-84b533bc57c8@group-3876656D7B98-SegmentedRaftLogWorker: Starting segment from index:0
2024-05-24 07:48:58,295 [5de18b20-4c2d-46f3-add3-84b533bc57c8@group-3876656D7B98-SegmentedRaftLogWorker] INFO  segmented.BufferedWriteChannel (BufferedWriteChannel.java:open(62)) - open log_inprogress_0 at position 0
2024-05-24 07:48:58,295 [EventQueue-OpenPipelineForHealthyPipelineSafeModeRule] INFO  safemode.SCMSafeModeManager (HealthyPipelineSafeModeRule.java:process(140)) - SCM in safe mode. Healthy pipelines reported count is 0, required healthy pipeline reported count is 1
2024-05-24 07:48:58,298 [5de18b20-4c2d-46f3-add3-84b533bc57c8@group-3876656D7B98-LeaderElection4] INFO  server.RaftServer$Division (ServerState.java:setRaftConf(386)) - 5de18b20-4c2d-46f3-add3-84b533bc57c8@group-3876656D7B98: set configuration 0: peers:[5de18b20-4c2d-46f3-add3-84b533bc57c8|127.0.0.1:15023]|listeners:[], old=null
2024-05-24 07:48:58,302 [5de18b20-4c2d-46f3-add3-84b533bc57c8@group-3876656D7B98-SegmentedRaftLogWorker] INFO  segmented.SegmentedRaftLogWorker (SegmentedRaftLogWorker.java:execute(634)) - 5de18b20-4c2d-46f3-add3-84b533bc57c8@group-3876656D7B98-SegmentedRaftLogWorker: created new log segment /home/runner/work/ozone/ozone/hadoop-ozone/integration-test/target/test-dir/MiniOzoneClusterImpl-b501fab0-540e-4575-af6e-dde2336b059e/ozone-meta/datanode-2/ratis/ce5d9c1a-b199-4f2c-bacd-3876656d7b98/current/log_inprogress_0
2024-05-24 07:48:58,305 [5de18b20-4c2d-46f3-add3-84b533bc57c8@group-3876656D7B98-StateMachineUpdater] INFO  server.RaftServer$Division (LeaderStateImpl.java:isApplied(320)) - leader is ready since appliedIndex == 0 >= startIndex == 0
2024-05-24 07:48:58,310 [5de18b20-4c2d-46f3-add3-84b533bc57c8@group-0F5CF8F748CF-FollowerState] INFO  server.RaftServerConfigKeys (ConfUtils.java:logFallback(53)) - raft.server.rpc.first-election.timeout.min = 5s (fallback to raft.server.rpc.timeout.min)
2024-05-24 07:48:58,310 [5de18b20-4c2d-46f3-add3-84b533bc57c8@group-0F5CF8F748CF-FollowerState] INFO  server.RaftServerConfigKeys (ConfUtils.java:logFallback(53)) - raft.server.rpc.first-election.timeout.max = 5200ms (fallback to raft.server.rpc.timeout.max)
2024-05-24 07:48:58,356 [0f6129c7-dda1-4d42-8d75-6a3ef1e9116c@group-E9F133BD6D6F-FollowerState] INFO  impl.FollowerState (FollowerState.java:run(143)) - 0f6129c7-dda1-4d42-8d75-6a3ef1e9116c@group-E9F133BD6D6F-FollowerState: change to CANDIDATE, lastRpcElapsedTime:5045414355ns, electionTimeout:5042ms
2024-05-24 07:48:58,357 [0f6129c7-dda1-4d42-8d75-6a3ef1e9116c@group-E9F133BD6D6F-FollowerState] INFO  impl.RoleInfo (RoleInfo.java:shutdownFollowerState(110)) - 0f6129c7-dda1-4d42-8d75-6a3ef1e9116c: shutdown 0f6129c7-dda1-4d42-8d75-6a3ef1e9116c@group-E9F133BD6D6F-FollowerState
2024-05-24 07:48:58,357 [0f6129c7-dda1-4d42-8d75-6a3ef1e9116c@group-E9F133BD6D6F-FollowerState] INFO  server.RaftServer$Division (RaftServerImpl.java:setRole(383)) - 0f6129c7-dda1-4d42-8d75-6a3ef1e9116c@group-E9F133BD6D6F: changes role from  FOLLOWER to CANDIDATE at term 0 for changeToCandidate
2024-05-24 07:48:58,357 [0f6129c7-dda1-4d42-8d75-6a3ef1e9116c@group-E9F133BD6D6F-FollowerState] INFO  server.RaftServerConfigKeys (ConfUtils.java:logGet(46)) - raft.server.leaderelection.pre-vote = true (default)
2024-05-24 07:48:58,357 [0f6129c7-dda1-4d42-8d75-6a3ef1e9116c@group-E9F133BD6D6F-FollowerState] INFO  impl.RoleInfo (RoleInfo.java:updateAndGet(139)) - 0f6129c7-dda1-4d42-8d75-6a3ef1e9116c: start 0f6129c7-dda1-4d42-8d75-6a3ef1e9116c@group-E9F133BD6D6F-LeaderElection5
2024-05-24 07:48:58,357 [0f6129c7-dda1-4d42-8d75-6a3ef1e9116c@group-E9F133BD6D6F-LeaderElection5] INFO  impl.LeaderElection (LeaderElection.java:askForVotes(321)) - 0f6129c7-dda1-4d42-8d75-6a3ef1e9116c@group-E9F133BD6D6F-LeaderElection5 PRE_VOTE round 0: submit vote requests at term 0 for -1: peers:[0f6129c7-dda1-4d42-8d75-6a3ef1e9116c|127.0.0.1:15032]|listeners:[], old=null
2024-05-24 07:48:58,357 [0f6129c7-dda1-4d42-8d75-6a3ef1e9116c@group-E9F133BD6D6F-LeaderElection5] INFO  impl.LeaderElection (LeaderElection.java:askForVotes(323)) - 0f6129c7-dda1-4d42-8d75-6a3ef1e9116c@group-E9F133BD6D6F-LeaderElection5 PRE_VOTE round 0: result PASSED (term=0)
2024-05-24 07:48:58,359 [0f6129c7-dda1-4d42-8d75-6a3ef1e9116c@group-E9F133BD6D6F-LeaderElection5] INFO  impl.LeaderElection (LeaderElection.java:askForVotes(321)) - 0f6129c7-dda1-4d42-8d75-6a3ef1e9116c@group-E9F133BD6D6F-LeaderElection5 ELECTION round 0: submit vote requests at term 1 for -1: peers:[0f6129c7-dda1-4d42-8d75-6a3ef1e9116c|127.0.0.1:15032]|listeners:[], old=null
2024-05-24 07:48:58,359 [0f6129c7-dda1-4d42-8d75-6a3ef1e9116c@group-E9F133BD6D6F-LeaderElection5] INFO  impl.LeaderElection (LeaderElection.java:askForVotes(323)) - 0f6129c7-dda1-4d42-8d75-6a3ef1e9116c@group-E9F133BD6D6F-LeaderElection5 ELECTION round 0: result PASSED (term=1)
2024-05-24 07:48:58,359 [0f6129c7-dda1-4d42-8d75-6a3ef1e9116c@group-E9F133BD6D6F-LeaderElection5] INFO  impl.RoleInfo (RoleInfo.java:shutdownLeaderElection(130)) - 0f6129c7-dda1-4d42-8d75-6a3ef1e9116c: shutdown 0f6129c7-dda1-4d42-8d75-6a3ef1e9116c@group-E9F133BD6D6F-LeaderElection5
2024-05-24 07:48:58,359 [0f6129c7-dda1-4d42-8d75-6a3ef1e9116c@group-E9F133BD6D6F-LeaderElection5] INFO  server.RaftServer$Division (RaftServerImpl.java:setRole(383)) - 0f6129c7-dda1-4d42-8d75-6a3ef1e9116c@group-E9F133BD6D6F: changes role from CANDIDATE to LEADER at term 1 for changeToLeader
2024-05-24 07:48:58,359 [0f6129c7-dda1-4d42-8d75-6a3ef1e9116c@group-E9F133BD6D6F-LeaderElection5] INFO  server.RaftServerConfigKeys (ConfUtils.java:logGet(46)) - raft.server.staging.catchup.gap = 1000 (default)
2024-05-24 07:48:58,359 [0f6129c7-dda1-4d42-8d75-6a3ef1e9116c@group-E9F133BD6D6F-LeaderElection5] INFO  server.RaftServerConfigKeys (ConfUtils.java:logGet(46)) - raft.server.write.element-limit = 1024 (custom)
2024-05-24 07:48:58,359 [0f6129c7-dda1-4d42-8d75-6a3ef1e9116c@group-E9F133BD6D6F-LeaderElection5] INFO  server.RaftServerConfigKeys (ConfUtils.java:logGet(46)) - raft.server.write.byte-limit = 1024 M (=1073741824) (custom)
2024-05-24 07:48:58,360 [0f6129c7-dda1-4d42-8d75-6a3ef1e9116c@group-E9F133BD6D6F-LeaderElection5] INFO  server.RaftServerConfigKeys (ConfUtils.java:logGet(46)) - raft.server.watch.timeout = 180s (custom)
2024-05-24 07:48:58,360 [0f6129c7-dda1-4d42-8d75-6a3ef1e9116c@group-E9F133BD6D6F-LeaderElection5] INFO  server.RaftServerConfigKeys (ConfUtils.java:logGet(46)) - raft.server.watch.timeout.denomination = 1s (default)
2024-05-24 07:48:58,360 [0f6129c7-dda1-4d42-8d75-6a3ef1e9116c@group-E9F133BD6D6F-LeaderElection5] INFO  server.RaftServerConfigKeys (ConfUtils.java:logGet(46)) - raft.server.watch.element-limit = 65536 (default)
2024-05-24 07:48:58,360 [0f6129c7-dda1-4d42-8d75-6a3ef1e9116c@group-E9F133BD6D6F-LeaderElection5] INFO  server.RaftServerConfigKeys (ConfUtils.java:logGet(46)) - raft.server.read.leader.lease.enabled = false (default)
2024-05-24 07:48:58,360 [0f6129c7-dda1-4d42-8d75-6a3ef1e9116c@group-E9F133BD6D6F-LeaderElection5] INFO  server.RaftServerConfigKeys (ConfUtils.java:logGet(46)) - raft.server.read.leader.lease.timeout.ratio = 0.9 (default)
2024-05-24 07:48:58,360 [0f6129c7-dda1-4d42-8d75-6a3ef1e9116c@group-E9F133BD6D6F-LeaderElection5] INFO  server.RaftServerConfigKeys (ConfUtils.java:logGet(46)) - raft.server.rpc.timeout.min = 5s (custom)
2024-05-24 07:48:58,360 [0f6129c7-dda1-4d42-8d75-6a3ef1e9116c@group-E9F133BD6D6F-LeaderElection5] INFO  server.RaftServerConfigKeys (ConfUtils.java:logGet(46)) - raft.server.write.element-limit = 1024 (custom)
2024-05-24 07:48:58,360 [0f6129c7-dda1-4d42-8d75-6a3ef1e9116c@group-E9F133BD6D6F-LeaderElection5] INFO  server.RaftServerConfigKeys (ConfUtils.java:logGet(46)) - raft.server.write.follower.gap.ratio.max = -1.0 (default)
2024-05-24 07:48:58,360 [0f6129c7-dda1-4d42-8d75-6a3ef1e9116c@group-E9F133BD6D6F-LeaderElection5] INFO  impl.RoleInfo (RoleInfo.java:updateAndGet(139)) - 0f6129c7-dda1-4d42-8d75-6a3ef1e9116c: start 0f6129c7-dda1-4d42-8d75-6a3ef1e9116c@group-E9F133BD6D6F-LeaderStateImpl
2024-05-24 07:48:58,360 [0f6129c7-dda1-4d42-8d75-6a3ef1e9116c@group-E9F133BD6D6F-LeaderElection5] INFO  server.RaftServer$Division (RaftServerImpl.java:setFirstElection(574)) - 0f6129c7-dda1-4d42-8d75-6a3ef1e9116c@group-E9F133BD6D6F: set firstElectionSinceStartup to false for becomeLeader
2024-05-24 07:48:58,360 [0f6129c7-dda1-4d42-8d75-6a3ef1e9116c@group-E9F133BD6D6F-LeaderElection5] INFO  ratis.XceiverServerRatis (XceiverServerRatis.java:handleLeaderChangedNotification(966)) - Leader change notification received for group: group-E9F133BD6D6F with new leaderId: 0f6129c7-dda1-4d42-8d75-6a3ef1e9116c
2024-05-24 07:48:58,361 [0f6129c7-dda1-4d42-8d75-6a3ef1e9116c@group-E9F133BD6D6F-LeaderElection5] INFO  server.RaftServer$Division (ServerState.java:setLeader(269)) - 0f6129c7-dda1-4d42-8d75-6a3ef1e9116c@group-E9F133BD6D6F: change Leader from null to 0f6129c7-dda1-4d42-8d75-6a3ef1e9116c at term 1 for becomeLeader, leader elected after 5092ms
2024-05-24 07:48:58,361 [0f6129c7-dda1-4d42-8d75-6a3ef1e9116c@group-E9F133BD6D6F-LeaderElection5] INFO  segmented.SegmentedRaftLogWorker (SegmentedRaftLogWorker.java:startLogSegment(430)) - 0f6129c7-dda1-4d42-8d75-6a3ef1e9116c@group-E9F133BD6D6F-SegmentedRaftLogWorker: Starting segment from index:0
2024-05-24 07:48:58,361 [0f6129c7-dda1-4d42-8d75-6a3ef1e9116c@group-E9F133BD6D6F-LeaderElection5] INFO  server.RaftServer$Division (ServerState.java:setRaftConf(386)) - 0f6129c7-dda1-4d42-8d75-6a3ef1e9116c@group-E9F133BD6D6F: set configuration 0: peers:[0f6129c7-dda1-4d42-8d75-6a3ef1e9116c|127.0.0.1:15032]|listeners:[], old=null
2024-05-24 07:48:58,362 [0f6129c7-dda1-4d42-8d75-6a3ef1e9116c@group-E9F133BD6D6F-SegmentedRaftLogWorker] INFO  segmented.BufferedWriteChannel (BufferedWriteChannel.java:open(62)) - open log_inprogress_0 at position 0
2024-05-24 07:48:58,365 [EventQueue-OpenPipelineForHealthyPipelineSafeModeRule] INFO  safemode.SCMSafeModeManager (HealthyPipelineSafeModeRule.java:process(140)) - SCM in safe mode. Healthy pipelines reported count is 0, required healthy pipeline reported count is 1
2024-05-24 07:48:58,370 [0f6129c7-dda1-4d42-8d75-6a3ef1e9116c@group-E9F133BD6D6F-SegmentedRaftLogWorker] INFO  segmented.SegmentedRaftLogWorker (SegmentedRaftLogWorker.java:execute(634)) - 0f6129c7-dda1-4d42-8d75-6a3ef1e9116c@group-E9F133BD6D6F-SegmentedRaftLogWorker: created new log segment /home/runner/work/ozone/ozone/hadoop-ozone/integration-test/target/test-dir/MiniOzoneClusterImpl-b501fab0-540e-4575-af6e-dde2336b059e/ozone-meta/datanode-3/ratis/a4b797f7-9373-458b-9b60-e9f133bd6d6f/current/log_inprogress_0
2024-05-24 07:48:58,372 [0f6129c7-dda1-4d42-8d75-6a3ef1e9116c@group-E9F133BD6D6F-StateMachineUpdater] INFO  server.RaftServer$Division (LeaderStateImpl.java:isApplied(320)) - leader is ready since appliedIndex == 0 >= startIndex == 0
2024-05-24 07:48:58,398 [0f6129c7-dda1-4d42-8d75-6a3ef1e9116c@group-0F5CF8F748CF-FollowerState] INFO  impl.FollowerState (FollowerState.java:run(143)) - 0f6129c7-dda1-4d42-8d75-6a3ef1e9116c@group-0F5CF8F748CF-FollowerState: change to CANDIDATE, lastRpcElapsedTime:5045882408ns, electionTimeout:5040ms
2024-05-24 07:48:58,398 [0f6129c7-dda1-4d42-8d75-6a3ef1e9116c@group-0F5CF8F748CF-FollowerState] INFO  impl.RoleInfo (RoleInfo.java:shutdownFollowerState(110)) - 0f6129c7-dda1-4d42-8d75-6a3ef1e9116c: shutdown 0f6129c7-dda1-4d42-8d75-6a3ef1e9116c@group-0F5CF8F748CF-FollowerState
2024-05-24 07:48:58,398 [0f6129c7-dda1-4d42-8d75-6a3ef1e9116c@group-0F5CF8F748CF-FollowerState] INFO  server.RaftServer$Division (RaftServerImpl.java:setRole(383)) - 0f6129c7-dda1-4d42-8d75-6a3ef1e9116c@group-0F5CF8F748CF: changes role from  FOLLOWER to CANDIDATE at term 0 for changeToCandidate
2024-05-24 07:48:58,399 [0f6129c7-dda1-4d42-8d75-6a3ef1e9116c@group-0F5CF8F748CF-FollowerState] INFO  server.RaftServerConfigKeys (ConfUtils.java:logGet(46)) - raft.server.leaderelection.pre-vote = true (default)
2024-05-24 07:48:58,399 [0f6129c7-dda1-4d42-8d75-6a3ef1e9116c@group-0F5CF8F748CF-FollowerState] INFO  impl.RoleInfo (RoleInfo.java:updateAndGet(139)) - 0f6129c7-dda1-4d42-8d75-6a3ef1e9116c: start 0f6129c7-dda1-4d42-8d75-6a3ef1e9116c@group-0F5CF8F748CF-LeaderElection6
2024-05-24 07:48:58,399 [0f6129c7-dda1-4d42-8d75-6a3ef1e9116c@group-0F5CF8F748CF-LeaderElection6] INFO  impl.LeaderElection (LeaderElection.java:askForVotes(321)) - 0f6129c7-dda1-4d42-8d75-6a3ef1e9116c@group-0F5CF8F748CF-LeaderElection6 PRE_VOTE round 0: submit vote requests at term 0 for -1: peers:[5de18b20-4c2d-46f3-add3-84b533bc57c8|127.0.0.1:15023, 5319acd4-0e99-4000-a29b-b8c741da6a3d|127.0.0.1:15014, 0f6129c7-dda1-4d42-8d75-6a3ef1e9116c|127.0.0.1:15032]|listeners:[], old=null
2024-05-24 07:48:58,399 [0f6129c7-dda1-4d42-8d75-6a3ef1e9116c@group-0F5CF8F748CF-LeaderElection6-1] INFO  server.GrpcServerProtocolClient (GrpcServerProtocolClient.java:<init>(65)) - Build channel for 5de18b20-4c2d-46f3-add3-84b533bc57c8|127.0.0.1:15023
2024-05-24 07:48:58,400 [0f6129c7-dda1-4d42-8d75-6a3ef1e9116c@group-0F5CF8F748CF-LeaderElection6-2] INFO  server.GrpcServerProtocolClient (GrpcServerProtocolClient.java:<init>(65)) - Build channel for 5319acd4-0e99-4000-a29b-b8c741da6a3d|127.0.0.1:15014
2024-05-24 07:48:58,399 [0f6129c7-dda1-4d42-8d75-6a3ef1e9116c@group-0F5CF8F748CF-LeaderElection6] INFO  server.RaftServerConfigKeys (ConfUtils.java:logFallback(53)) - raft.server.rpc.first-election.timeout.min = 5s (fallback to raft.server.rpc.timeout.min)
2024-05-24 07:48:58,400 [0f6129c7-dda1-4d42-8d75-6a3ef1e9116c@group-0F5CF8F748CF-LeaderElection6] INFO  server.RaftServerConfigKeys (ConfUtils.java:logFallback(53)) - raft.server.rpc.first-election.timeout.max = 5200ms (fallback to raft.server.rpc.timeout.max)
2024-05-24 07:48:58,404 [grpc-default-executor-1] INFO  server.RaftServer$Division (RaftServerImpl.java:requestVote(1389)) - 5319acd4-0e99-4000-a29b-b8c741da6a3d@group-0F5CF8F748CF: receive requestVote(PRE_VOTE, 0f6129c7-dda1-4d42-8d75-6a3ef1e9116c, group-0F5CF8F748CF, 0, (t:0, i:0))
2024-05-24 07:48:58,405 [grpc-default-executor-1] INFO  impl.VoteContext (VoteContext.java:log(49)) - 5319acd4-0e99-4000-a29b-b8c741da6a3d@group-0F5CF8F748CF-FOLLOWER: accept PRE_VOTE from 0f6129c7-dda1-4d42-8d75-6a3ef1e9116c: our priority 0 <= candidate's priority 1
2024-05-24 07:48:58,405 [grpc-default-executor-1] INFO  server.RaftServer$Division (RaftServerImpl.java:requestVote(1422)) - 5319acd4-0e99-4000-a29b-b8c741da6a3d@group-0F5CF8F748CF replies to PRE_VOTE vote request: 0f6129c7-dda1-4d42-8d75-6a3ef1e9116c<-5319acd4-0e99-4000-a29b-b8c741da6a3d#0:OK-t0. Peer's state: 5319acd4-0e99-4000-a29b-b8c741da6a3d@group-0F5CF8F748CF:t0, leader=null, voted=, raftlog=Memoized:5319acd4-0e99-4000-a29b-b8c741da6a3d@group-0F5CF8F748CF-SegmentedRaftLog:OPENED:c-1, conf=-1: peers:[5de18b20-4c2d-46f3-add3-84b533bc57c8|127.0.0.1:15023, 5319acd4-0e99-4000-a29b-b8c741da6a3d|127.0.0.1:15014, 0f6129c7-dda1-4d42-8d75-6a3ef1e9116c|127.0.0.1:15032]|listeners:[], old=null
2024-05-24 07:48:58,406 [grpc-default-executor-1] INFO  server.RaftServer$Division (RaftServerImpl.java:requestVote(1389)) - 5de18b20-4c2d-46f3-add3-84b533bc57c8@group-0F5CF8F748CF: receive requestVote(PRE_VOTE, 0f6129c7-dda1-4d42-8d75-6a3ef1e9116c, group-0F5CF8F748CF, 0, (t:0, i:0))
2024-05-24 07:48:58,406 [grpc-default-executor-1] INFO  impl.VoteContext (VoteContext.java:log(49)) - 5de18b20-4c2d-46f3-add3-84b533bc57c8@group-0F5CF8F748CF-FOLLOWER: accept PRE_VOTE from 0f6129c7-dda1-4d42-8d75-6a3ef1e9116c: our priority 0 <= candidate's priority 1
2024-05-24 07:48:58,406 [grpc-default-executor-1] INFO  server.RaftServer$Division (RaftServerImpl.java:requestVote(1422)) - 5de18b20-4c2d-46f3-add3-84b533bc57c8@group-0F5CF8F748CF replies to PRE_VOTE vote request: 0f6129c7-dda1-4d42-8d75-6a3ef1e9116c<-5de18b20-4c2d-46f3-add3-84b533bc57c8#0:OK-t0. Peer's state: 5de18b20-4c2d-46f3-add3-84b533bc57c8@group-0F5CF8F748CF:t0, leader=null, voted=, raftlog=Memoized:5de18b20-4c2d-46f3-add3-84b533bc57c8@group-0F5CF8F748CF-SegmentedRaftLog:OPENED:c-1, conf=-1: peers:[5de18b20-4c2d-46f3-add3-84b533bc57c8|127.0.0.1:15023, 5319acd4-0e99-4000-a29b-b8c741da6a3d|127.0.0.1:15014, 0f6129c7-dda1-4d42-8d75-6a3ef1e9116c|127.0.0.1:15032]|listeners:[], old=null
2024-05-24 07:48:58,407 [0f6129c7-dda1-4d42-8d75-6a3ef1e9116c@group-0F5CF8F748CF-LeaderElection6] INFO  impl.LeaderElection (LeaderElection.java:logAndReturn(89)) - 0f6129c7-dda1-4d42-8d75-6a3ef1e9116c@group-0F5CF8F748CF-LeaderElection6: PRE_VOTE PASSED received 1 response(s) and 0 exception(s):
2024-05-24 07:48:58,407 [0f6129c7-dda1-4d42-8d75-6a3ef1e9116c@group-0F5CF8F748CF-LeaderElection6] INFO  impl.LeaderElection (LeaderElection.java:logAndReturn(93)) -   Response 0: 0f6129c7-dda1-4d42-8d75-6a3ef1e9116c<-5319acd4-0e99-4000-a29b-b8c741da6a3d#0:OK-t0
2024-05-24 07:48:58,407 [0f6129c7-dda1-4d42-8d75-6a3ef1e9116c@group-0F5CF8F748CF-LeaderElection6] INFO  impl.LeaderElection (LeaderElection.java:askForVotes(323)) - 0f6129c7-dda1-4d42-8d75-6a3ef1e9116c@group-0F5CF8F748CF-LeaderElection6 PRE_VOTE round 0: result PASSED
2024-05-24 07:48:58,408 [0f6129c7-dda1-4d42-8d75-6a3ef1e9116c@group-0F5CF8F748CF-LeaderElection6] INFO  impl.LeaderElection (LeaderElection.java:askForVotes(321)) - 0f6129c7-dda1-4d42-8d75-6a3ef1e9116c@group-0F5CF8F748CF-LeaderElection6 ELECTION round 0: submit vote requests at term 1 for -1: peers:[5de18b20-4c2d-46f3-add3-84b533bc57c8|127.0.0.1:15023, 5319acd4-0e99-4000-a29b-b8c741da6a3d|127.0.0.1:15014, 0f6129c7-dda1-4d42-8d75-6a3ef1e9116c|127.0.0.1:15032]|listeners:[], old=null
2024-05-24 07:48:58,409 [0f6129c7-dda1-4d42-8d75-6a3ef1e9116c@group-0F5CF8F748CF-LeaderElection6] INFO  server.RaftServerConfigKeys (ConfUtils.java:logFallback(53)) - raft.server.rpc.first-election.timeout.min = 5s (fallback to raft.server.rpc.timeout.min)
2024-05-24 07:48:58,409 [0f6129c7-dda1-4d42-8d75-6a3ef1e9116c@group-0F5CF8F748CF-LeaderElection6] INFO  server.RaftServerConfigKeys (ConfUtils.java:logFallback(53)) - raft.server.rpc.first-election.timeout.max = 5200ms (fallback to raft.server.rpc.timeout.max)
2024-05-24 07:48:58,411 [grpc-default-executor-1] INFO  server.RaftServer$Division (RaftServerImpl.java:requestVote(1389)) - 5de18b20-4c2d-46f3-add3-84b533bc57c8@group-0F5CF8F748CF: receive requestVote(ELECTION, 0f6129c7-dda1-4d42-8d75-6a3ef1e9116c, group-0F5CF8F748CF, 1, (t:0, i:0))
2024-05-24 07:48:58,411 [grpc-default-executor-1] INFO  impl.VoteContext (VoteContext.java:log(49)) - 5de18b20-4c2d-46f3-add3-84b533bc57c8@group-0F5CF8F748CF-FOLLOWER: accept ELECTION from 0f6129c7-dda1-4d42-8d75-6a3ef1e9116c: our priority 0 <= candidate's priority 1
2024-05-24 07:48:58,411 [grpc-default-executor-1] INFO  server.RaftServer$Division (RaftServerImpl.java:setRole(383)) - 5de18b20-4c2d-46f3-add3-84b533bc57c8@group-0F5CF8F748CF: changes role from  FOLLOWER to FOLLOWER at term 1 for candidate:0f6129c7-dda1-4d42-8d75-6a3ef1e9116c
2024-05-24 07:48:58,411 [grpc-default-executor-1] INFO  impl.RoleInfo (RoleInfo.java:shutdownFollowerState(110)) - 5de18b20-4c2d-46f3-add3-84b533bc57c8: shutdown 5de18b20-4c2d-46f3-add3-84b533bc57c8@group-0F5CF8F748CF-FollowerState
2024-05-24 07:48:58,411 [grpc-default-executor-1] INFO  impl.RoleInfo (RoleInfo.java:updateAndGet(139)) - 5de18b20-4c2d-46f3-add3-84b533bc57c8: start 5de18b20-4c2d-46f3-add3-84b533bc57c8@group-0F5CF8F748CF-FollowerState
2024-05-24 07:48:58,411 [5de18b20-4c2d-46f3-add3-84b533bc57c8@group-0F5CF8F748CF-FollowerState] INFO  impl.FollowerState (FollowerState.java:run(152)) - 5de18b20-4c2d-46f3-add3-84b533bc57c8@group-0F5CF8F748CF-FollowerState was interrupted
2024-05-24 07:48:58,412 [grpc-default-executor-2] INFO  server.RaftServer$Division (RaftServerImpl.java:requestVote(1389)) - 5319acd4-0e99-4000-a29b-b8c741da6a3d@group-0F5CF8F748CF: receive requestVote(ELECTION, 0f6129c7-dda1-4d42-8d75-6a3ef1e9116c, group-0F5CF8F748CF, 1, (t:0, i:0))
2024-05-24 07:48:58,412 [grpc-default-executor-1] INFO  server.RaftServer$Division (RaftServerImpl.java:setFirstElection(574)) - 5de18b20-4c2d-46f3-add3-84b533bc57c8@group-0F5CF8F748CF: set firstElectionSinceStartup to false for candidate:0f6129c7-dda1-4d42-8d75-6a3ef1e9116c
2024-05-24 07:48:58,412 [grpc-default-executor-2] INFO  impl.VoteContext (VoteContext.java:log(49)) - 5319acd4-0e99-4000-a29b-b8c741da6a3d@group-0F5CF8F748CF-FOLLOWER: accept ELECTION from 0f6129c7-dda1-4d42-8d75-6a3ef1e9116c: our priority 0 <= candidate's priority 1
2024-05-24 07:48:58,412 [grpc-default-executor-2] INFO  server.RaftServer$Division (RaftServerImpl.java:setRole(383)) - 5319acd4-0e99-4000-a29b-b8c741da6a3d@group-0F5CF8F748CF: changes role from  FOLLOWER to FOLLOWER at term 1 for candidate:0f6129c7-dda1-4d42-8d75-6a3ef1e9116c
2024-05-24 07:48:58,412 [grpc-default-executor-2] INFO  impl.RoleInfo (RoleInfo.java:shutdownFollowerState(110)) - 5319acd4-0e99-4000-a29b-b8c741da6a3d: shutdown 5319acd4-0e99-4000-a29b-b8c741da6a3d@group-0F5CF8F748CF-FollowerState
2024-05-24 07:48:58,412 [grpc-default-executor-2] INFO  impl.RoleInfo (RoleInfo.java:updateAndGet(139)) - 5319acd4-0e99-4000-a29b-b8c741da6a3d: start 5319acd4-0e99-4000-a29b-b8c741da6a3d@group-0F5CF8F748CF-FollowerState
2024-05-24 07:48:58,412 [5319acd4-0e99-4000-a29b-b8c741da6a3d@group-0F5CF8F748CF-FollowerState] INFO  impl.FollowerState (FollowerState.java:run(152)) - 5319acd4-0e99-4000-a29b-b8c741da6a3d@group-0F5CF8F748CF-FollowerState was interrupted
2024-05-24 07:48:58,414 [grpc-default-executor-1] INFO  server.RaftServer$Division (RaftServerImpl.java:requestVote(1422)) - 5de18b20-4c2d-46f3-add3-84b533bc57c8@group-0F5CF8F748CF replies to ELECTION vote request: 0f6129c7-dda1-4d42-8d75-6a3ef1e9116c<-5de18b20-4c2d-46f3-add3-84b533bc57c8#0:OK-t1. Peer's state: 5de18b20-4c2d-46f3-add3-84b533bc57c8@group-0F5CF8F748CF:t1, leader=null, voted=0f6129c7-dda1-4d42-8d75-6a3ef1e9116c, raftlog=Memoized:5de18b20-4c2d-46f3-add3-84b533bc57c8@group-0F5CF8F748CF-SegmentedRaftLog:OPENED:c-1, conf=-1: peers:[5de18b20-4c2d-46f3-add3-84b533bc57c8|127.0.0.1:15023, 5319acd4-0e99-4000-a29b-b8c741da6a3d|127.0.0.1:15014, 0f6129c7-dda1-4d42-8d75-6a3ef1e9116c|127.0.0.1:15032]|listeners:[], old=null
2024-05-24 07:48:58,415 [grpc-default-executor-2] INFO  server.RaftServer$Division (RaftServerImpl.java:requestVote(1422)) - 5319acd4-0e99-4000-a29b-b8c741da6a3d@group-0F5CF8F748CF replies to ELECTION vote request: 0f6129c7-dda1-4d42-8d75-6a3ef1e9116c<-5319acd4-0e99-4000-a29b-b8c741da6a3d#0:OK-t1. Peer's state: 5319acd4-0e99-4000-a29b-b8c741da6a3d@group-0F5CF8F748CF:t1, leader=null, voted=0f6129c7-dda1-4d42-8d75-6a3ef1e9116c, raftlog=Memoized:5319acd4-0e99-4000-a29b-b8c741da6a3d@group-0F5CF8F748CF-SegmentedRaftLog:OPENED:c-1, conf=-1: peers:[5de18b20-4c2d-46f3-add3-84b533bc57c8|127.0.0.1:15023, 5319acd4-0e99-4000-a29b-b8c741da6a3d|127.0.0.1:15014, 0f6129c7-dda1-4d42-8d75-6a3ef1e9116c|127.0.0.1:15032]|listeners:[], old=null
2024-05-24 07:48:58,416 [0f6129c7-dda1-4d42-8d75-6a3ef1e9116c@group-0F5CF8F748CF-LeaderElection6] INFO  impl.LeaderElection (LeaderElection.java:logAndReturn(89)) - 0f6129c7-dda1-4d42-8d75-6a3ef1e9116c@group-0F5CF8F748CF-LeaderElection6: ELECTION PASSED received 1 response(s) and 0 exception(s):
2024-05-24 07:48:58,416 [0f6129c7-dda1-4d42-8d75-6a3ef1e9116c@group-0F5CF8F748CF-LeaderElection6] INFO  impl.LeaderElection (LeaderElection.java:logAndReturn(93)) -   Response 0: 0f6129c7-dda1-4d42-8d75-6a3ef1e9116c<-5319acd4-0e99-4000-a29b-b8c741da6a3d#0:OK-t1
2024-05-24 07:48:58,417 [0f6129c7-dda1-4d42-8d75-6a3ef1e9116c@group-0F5CF8F748CF-LeaderElection6] INFO  impl.LeaderElection (LeaderElection.java:askForVotes(323)) - 0f6129c7-dda1-4d42-8d75-6a3ef1e9116c@group-0F5CF8F748CF-LeaderElection6 ELECTION round 0: result PASSED
2024-05-24 07:48:58,417 [0f6129c7-dda1-4d42-8d75-6a3ef1e9116c@group-0F5CF8F748CF-LeaderElection6] INFO  impl.RoleInfo (RoleInfo.java:shutdownLeaderElection(130)) - 0f6129c7-dda1-4d42-8d75-6a3ef1e9116c: shutdown 0f6129c7-dda1-4d42-8d75-6a3ef1e9116c@group-0F5CF8F748CF-LeaderElection6
2024-05-24 07:48:58,417 [0f6129c7-dda1-4d42-8d75-6a3ef1e9116c@group-0F5CF8F748CF-LeaderElection6] INFO  server.RaftServer$Division (RaftServerImpl.java:setRole(383)) - 0f6129c7-dda1-4d42-8d75-6a3ef1e9116c@group-0F5CF8F748CF: changes role from CANDIDATE to LEADER at term 1 for changeToLeader
2024-05-24 07:48:58,417 [0f6129c7-dda1-4d42-8d75-6a3ef1e9116c@group-0F5CF8F748CF-LeaderElection6] INFO  server.RaftServerConfigKeys (ConfUtils.java:logGet(46)) - raft.server.staging.catchup.gap = 1000 (default)
2024-05-24 07:48:58,417 [0f6129c7-dda1-4d42-8d75-6a3ef1e9116c@group-0F5CF8F748CF-LeaderElection6] INFO  server.RaftServerConfigKeys (ConfUtils.java:logGet(46)) - raft.server.write.element-limit = 1024 (custom)
2024-05-24 07:48:58,417 [0f6129c7-dda1-4d42-8d75-6a3ef1e9116c@group-0F5CF8F748CF-LeaderElection6] INFO  server.RaftServerConfigKeys (ConfUtils.java:logGet(46)) - raft.server.write.byte-limit = 1024 M (=1073741824) (custom)
2024-05-24 07:48:58,417 [0f6129c7-dda1-4d42-8d75-6a3ef1e9116c@group-0F5CF8F748CF-LeaderElection6] INFO  server.RaftServerConfigKeys (ConfUtils.java:logGet(46)) - raft.server.watch.timeout = 180s (custom)
2024-05-24 07:48:58,417 [0f6129c7-dda1-4d42-8d75-6a3ef1e9116c@group-0F5CF8F748CF-LeaderElection6] INFO  server.RaftServerConfigKeys (ConfUtils.java:logGet(46)) - raft.server.watch.timeout.denomination = 1s (default)
2024-05-24 07:48:58,418 [0f6129c7-dda1-4d42-8d75-6a3ef1e9116c@group-0F5CF8F748CF-LeaderElection6] INFO  server.RaftServerConfigKeys (ConfUtils.java:logGet(46)) - raft.server.watch.element-limit = 65536 (default)
2024-05-24 07:48:58,418 [0f6129c7-dda1-4d42-8d75-6a3ef1e9116c@group-0F5CF8F748CF-LeaderElection6] INFO  server.RaftServerConfigKeys (ConfUtils.java:logGet(46)) - raft.server.read.leader.lease.enabled = false (default)
2024-05-24 07:48:58,418 [0f6129c7-dda1-4d42-8d75-6a3ef1e9116c@group-0F5CF8F748CF-LeaderElection6] INFO  server.RaftServerConfigKeys (ConfUtils.java:logGet(46)) - raft.server.read.leader.lease.timeout.ratio = 0.9 (default)
2024-05-24 07:48:58,418 [0f6129c7-dda1-4d42-8d75-6a3ef1e9116c@group-0F5CF8F748CF-LeaderElection6] INFO  server.RaftServerConfigKeys (ConfUtils.java:logGet(46)) - raft.server.rpc.timeout.min = 5s (custom)
2024-05-24 07:48:58,418 [0f6129c7-dda1-4d42-8d75-6a3ef1e9116c@group-0F5CF8F748CF-LeaderElection6] INFO  server.RaftServerConfigKeys (ConfUtils.java:logGet(46)) - raft.server.write.element-limit = 1024 (custom)
2024-05-24 07:48:58,418 [0f6129c7-dda1-4d42-8d75-6a3ef1e9116c@group-0F5CF8F748CF-LeaderElection6] INFO  server.RaftServerConfigKeys (ConfUtils.java:logGet(46)) - raft.server.write.follower.gap.ratio.max = -1.0 (default)
2024-05-24 07:48:58,426 [0f6129c7-dda1-4d42-8d75-6a3ef1e9116c@group-0F5CF8F748CF-LeaderElection6] INFO  server.RaftServerConfigKeys (ConfUtils.java:logGet(46)) - raft.server.log.appender.snapshot.chunk.size.max = 16MB (=16777216) (default)
2024-05-24 07:48:58,426 [0f6129c7-dda1-4d42-8d75-6a3ef1e9116c@group-0F5CF8F748CF-LeaderElection6] INFO  server.RaftServerConfigKeys (ConfUtils.java:logGet(46)) - raft.server.log.appender.buffer.byte-limit = 8388608 (custom)
2024-05-24 07:48:58,426 [0f6129c7-dda1-4d42-8d75-6a3ef1e9116c@group-0F5CF8F748CF-LeaderElection6] INFO  server.RaftServerConfigKeys (ConfUtils.java:logGet(46)) - raft.server.log.appender.buffer.element-limit = 1024 (custom)
2024-05-24 07:48:58,428 [0f6129c7-dda1-4d42-8d75-6a3ef1e9116c@group-0F5CF8F748CF-LeaderElection6] INFO  server.RaftServerConfigKeys (ConfUtils.java:logGet(46)) - raft.server.log.appender.wait-time.min = 0μs (custom)
2024-05-24 07:48:58,430 [0f6129c7-dda1-4d42-8d75-6a3ef1e9116c@group-0F5CF8F748CF-LeaderElection6] INFO  grpc.GrpcConfigKeys (ConfUtils.java:logGet(46)) - raft.grpc.server.leader.outstanding.appends.max = 8 (default)
2024-05-24 07:48:58,430 [0f6129c7-dda1-4d42-8d75-6a3ef1e9116c@group-0F5CF8F748CF-LeaderElection6] INFO  server.RaftServerConfigKeys (ConfUtils.java:logGet(46)) - raft.server.rpc.request.timeout = 60s (custom)
2024-05-24 07:48:58,431 [0f6129c7-dda1-4d42-8d75-6a3ef1e9116c@group-0F5CF8F748CF-LeaderElection6] INFO  grpc.GrpcConfigKeys (ConfUtils.java:logGet(46)) - raft.grpc.server.install_snapshot.request.element-limit = 8 (default)
2024-05-24 07:48:58,431 [0f6129c7-dda1-4d42-8d75-6a3ef1e9116c@group-0F5CF8F748CF-LeaderElection6] INFO  grpc.GrpcConfigKeys (ConfUtils.java:logGet(46)) - raft.grpc.server.install_snapshot.request.timeout = 3000ms (default)
2024-05-24 07:48:58,432 [0f6129c7-dda1-4d42-8d75-6a3ef1e9116c@group-0F5CF8F748CF-LeaderElection6] INFO  grpc.GrpcConfigKeys (ConfUtils.java:logGet(46)) - raft.grpc.server.log-message.batch.duration = 5s (default)
2024-05-24 07:48:58,432 [0f6129c7-dda1-4d42-8d75-6a3ef1e9116c@group-0F5CF8F748CF-LeaderElection6] INFO  server.RaftServerConfigKeys (ConfUtils.java:logGet(46)) - raft.server.log.appender.install.snapshot.enabled = false (custom)
2024-05-24 07:48:58,432 [0f6129c7-dda1-4d42-8d75-6a3ef1e9116c@group-0F5CF8F748CF-LeaderElection6] INFO  grpc.GrpcConfigKeys (ConfUtils.java:logGet(46)) - raft.grpc.server.heartbeat.channel = true (default)
2024-05-24 07:48:58,436 [0f6129c7-dda1-4d42-8d75-6a3ef1e9116c@group-0F5CF8F748CF-LeaderElection6] INFO  server.RaftServerConfigKeys (ConfUtils.java:logGet(46)) - raft.server.log.appender.snapshot.chunk.size.max = 16MB (=16777216) (default)
2024-05-24 07:48:58,436 [0f6129c7-dda1-4d42-8d75-6a3ef1e9116c@group-0F5CF8F748CF-LeaderElection6] INFO  server.RaftServerConfigKeys (ConfUtils.java:logGet(46)) - raft.server.log.appender.buffer.byte-limit = 8388608 (custom)
2024-05-24 07:48:58,437 [0f6129c7-dda1-4d42-8d75-6a3ef1e9116c@group-0F5CF8F748CF-LeaderElection6] INFO  server.RaftServerConfigKeys (ConfUtils.java:logGet(46)) - raft.server.log.appender.buffer.element-limit = 1024 (custom)
2024-05-24 07:48:58,437 [0f6129c7-dda1-4d42-8d75-6a3ef1e9116c@group-0F5CF8F748CF-LeaderElection6] INFO  server.RaftServerConfigKeys (ConfUtils.java:logGet(46)) - raft.server.log.appender.wait-time.min = 0μs (custom)
2024-05-24 07:48:58,438 [0f6129c7-dda1-4d42-8d75-6a3ef1e9116c@group-0F5CF8F748CF-LeaderElection6] INFO  grpc.GrpcConfigKeys (ConfUtils.java:logGet(46)) - raft.grpc.server.leader.outstanding.appends.max = 8 (default)
2024-05-24 07:48:58,438 [0f6129c7-dda1-4d42-8d75-6a3ef1e9116c@group-0F5CF8F748CF-LeaderElection6] INFO  server.RaftServerConfigKeys (ConfUtils.java:logGet(46)) - raft.server.rpc.request.timeout = 60s (custom)
2024-05-24 07:48:58,438 [0f6129c7-dda1-4d42-8d75-6a3ef1e9116c@group-0F5CF8F748CF-LeaderElection6] INFO  grpc.GrpcConfigKeys (ConfUtils.java:logGet(46)) - raft.grpc.server.install_snapshot.request.element-limit = 8 (default)
2024-05-24 07:48:58,439 [0f6129c7-dda1-4d42-8d75-6a3ef1e9116c@group-0F5CF8F748CF-LeaderElection6] INFO  grpc.GrpcConfigKeys (ConfUtils.java:logGet(46)) - raft.grpc.server.install_snapshot.request.timeout = 3000ms (default)
2024-05-24 07:48:58,439 [0f6129c7-dda1-4d42-8d75-6a3ef1e9116c@group-0F5CF8F748CF-LeaderElection6] INFO  grpc.GrpcConfigKeys (ConfUtils.java:logGet(46)) - raft.grpc.server.log-message.batch.duration = 5s (default)
2024-05-24 07:48:58,439 [0f6129c7-dda1-4d42-8d75-6a3ef1e9116c@group-0F5CF8F748CF-LeaderElection6] INFO  server.RaftServerConfigKeys (ConfUtils.java:logGet(46)) - raft.server.log.appender.install.snapshot.enabled = false (custom)
2024-05-24 07:48:58,439 [0f6129c7-dda1-4d42-8d75-6a3ef1e9116c@group-0F5CF8F748CF-LeaderElection6] INFO  grpc.GrpcConfigKeys (ConfUtils.java:logGet(46)) - raft.grpc.server.heartbeat.channel = true (default)
2024-05-24 07:48:58,441 [0f6129c7-dda1-4d42-8d75-6a3ef1e9116c@group-0F5CF8F748CF-LeaderElection6] INFO  impl.RoleInfo (RoleInfo.java:updateAndGet(139)) - 0f6129c7-dda1-4d42-8d75-6a3ef1e9116c: start 0f6129c7-dda1-4d42-8d75-6a3ef1e9116c@group-0F5CF8F748CF-LeaderStateImpl
2024-05-24 07:48:58,441 [0f6129c7-dda1-4d42-8d75-6a3ef1e9116c@group-0F5CF8F748CF-LeaderElection6] INFO  server.RaftServer$Division (RaftServerImpl.java:setFirstElection(574)) - 0f6129c7-dda1-4d42-8d75-6a3ef1e9116c@group-0F5CF8F748CF: set firstElectionSinceStartup to false for becomeLeader
2024-05-24 07:48:58,441 [0f6129c7-dda1-4d42-8d75-6a3ef1e9116c@group-0F5CF8F748CF-LeaderElection6] INFO  ratis.XceiverServerRatis (XceiverServerRatis.java:handleLeaderChangedNotification(966)) - Leader change notification received for group: group-0F5CF8F748CF with new leaderId: 0f6129c7-dda1-4d42-8d75-6a3ef1e9116c
2024-05-24 07:48:58,442 [0f6129c7-dda1-4d42-8d75-6a3ef1e9116c@group-0F5CF8F748CF-LeaderElection6] INFO  server.RaftServer$Division (ServerState.java:setLeader(269)) - 0f6129c7-dda1-4d42-8d75-6a3ef1e9116c@group-0F5CF8F748CF: change Leader from null to 0f6129c7-dda1-4d42-8d75-6a3ef1e9116c at term 1 for becomeLeader, leader elected after 5122ms
2024-05-24 07:48:58,443 [0f6129c7-dda1-4d42-8d75-6a3ef1e9116c@group-0F5CF8F748CF-LeaderElection6] INFO  segmented.SegmentedRaftLogWorker (SegmentedRaftLogWorker.java:startLogSegment(430)) - 0f6129c7-dda1-4d42-8d75-6a3ef1e9116c@group-0F5CF8F748CF-SegmentedRaftLogWorker: Starting segment from index:0
2024-05-24 07:48:58,443 [0f6129c7-dda1-4d42-8d75-6a3ef1e9116c@group-0F5CF8F748CF-LeaderElection6] INFO  server.RaftServer$Division (ServerState.java:setRaftConf(386)) - 0f6129c7-dda1-4d42-8d75-6a3ef1e9116c@group-0F5CF8F748CF: set configuration 0: peers:[5de18b20-4c2d-46f3-add3-84b533bc57c8|127.0.0.1:15023, 5319acd4-0e99-4000-a29b-b8c741da6a3d|127.0.0.1:15014, 0f6129c7-dda1-4d42-8d75-6a3ef1e9116c|127.0.0.1:15032]|listeners:[], old=null
2024-05-24 07:48:58,444 [0f6129c7-dda1-4d42-8d75-6a3ef1e9116c@group-0F5CF8F748CF-SegmentedRaftLogWorker] INFO  segmented.BufferedWriteChannel (BufferedWriteChannel.java:open(62)) - open log_inprogress_0 at position 0
2024-05-24 07:48:58,445 [EventQueue-PipelineReportForPipelineReportHandler] INFO  pipeline.PipelineReportHandler (PipelineReportHandler.java:processPipelineReport(136)) - Opened pipeline PipelineID=7028361f-0303-446a-8936-0f5cf8f748cf
2024-05-24 07:48:58,445 [EventQueue-OpenPipelineForHealthyPipelineSafeModeRule] INFO  safemode.SCMSafeModeManager (HealthyPipelineSafeModeRule.java:process(140)) - SCM in safe mode. Healthy pipelines reported count is 0, required healthy pipeline reported count is 1
2024-05-24 07:48:58,445 [EventQueue-OpenPipelineForHealthyPipelineSafeModeRule] INFO  safemode.SCMSafeModeManager (HealthyPipelineSafeModeRule.java:process(140)) - SCM in safe mode. Healthy pipelines reported count is 1, required healthy pipeline reported count is 1
2024-05-24 07:48:58,445 [EventQueue-OpenPipelineForHealthyPipelineSafeModeRule] INFO  safemode.SCMSafeModeManager (SCMSafeModeManager.java:validateSafeModeExitRules(203)) - HealthyPipelineSafeModeRule rule is successfully validated
2024-05-24 07:48:58,445 [EventQueue-OpenPipelineForHealthyPipelineSafeModeRule] INFO  safemode.SCMSafeModeManager (SCMSafeModeManager.java:validateSafeModeExitRules(218)) - ScmSafeModeManager, all rules are successfully validated
2024-05-24 07:48:58,445 [EventQueue-OpenPipelineForHealthyPipelineSafeModeRule] INFO  safemode.SCMSafeModeManager (SCMSafeModeManager.java:exitSafeMode(248)) - SCM exiting safe mode.
2024-05-24 07:48:58,445 [EventQueue-OpenPipelineForHealthyPipelineSafeModeRule] INFO  ha.SCMContext (SCMContext.java:updateSafeModeStatus(225)) - Update SafeModeStatus from SafeModeStatus{safeModeStatus=true, preCheckPassed=true} to SafeModeStatus{safeModeStatus=false, preCheckPassed=true}.
2024-05-24 07:48:58,445 [EventQueue-OpenPipelineForHealthyPipelineSafeModeRule] INFO  pipeline.BackgroundPipelineCreator (BackgroundPipelineCreator.java:notifyStatusChanged(258)) - Service BackgroundPipelineCreator transitions to RUNNING.
2024-05-24 07:48:58,445 [EventQueue-OpenPipelineForHealthyPipelineSafeModeRule] INFO  BackgroundPipelineScrubber (BackgroundSCMService.java:notifyStatusChanged(79)) - Service BackgroundPipelineScrubber transitions to RUNNING.
2024-05-24 07:48:58,445 [EventQueue-OpenPipelineForHealthyPipelineSafeModeRule] INFO  ExpiredContainerReplicaOpScrubber (BackgroundSCMService.java:notifyStatusChanged(79)) - Service ExpiredContainerReplicaOpScrubber transitions to RUNNING.
2024-05-24 07:48:58,445 [EventQueue-OpenPipelineForHealthyPipelineSafeModeRule] INFO  block.SCMBlockDeletingService (SCMBlockDeletingService.java:notifyStatusChanged(247)) - notifyStatusChanged:RUNNING
2024-05-24 07:48:58,445 [EventQueue-OpenPipelineForHealthyPipelineSafeModeRule] INFO  replication.ReplicationManager (ReplicationManager.java:notifyStatusChanged(1406)) - Service ReplicationManager transitions to RUNNING.
2024-05-24 07:48:58,449 [EventQueue-OpenPipelineForHealthyPipelineSafeModeRule] WARN  balancer.ContainerBalancer (ContainerBalancer.java:shouldRun(134)) - Could not find persisted configuration for ContainerBalancer when checking if ContainerBalancer should run. ContainerBalancer should not run now.
2024-05-24 07:48:58,452 [0f6129c7-dda1-4d42-8d75-6a3ef1e9116c@group-0F5CF8F748CF-SegmentedRaftLogWorker] INFO  segmented.SegmentedRaftLogWorker (SegmentedRaftLogWorker.java:execute(634)) - 0f6129c7-dda1-4d42-8d75-6a3ef1e9116c@group-0F5CF8F748CF-SegmentedRaftLogWorker: created new log segment /home/runner/work/ozone/ozone/hadoop-ozone/integration-test/target/test-dir/MiniOzoneClusterImpl-b501fab0-540e-4575-af6e-dde2336b059e/ozone-meta/datanode-3/ratis/7028361f-0303-446a-8936-0f5cf8f748cf/current/log_inprogress_0
2024-05-24 07:48:58,490 [5de18b20-4c2d-46f3-add3-84b533bc57c8-server-thread1] INFO  ratis.XceiverServerRatis (XceiverServerRatis.java:handleLeaderChangedNotification(966)) - Leader change notification received for group: group-0F5CF8F748CF with new leaderId: 0f6129c7-dda1-4d42-8d75-6a3ef1e9116c
2024-05-24 07:48:58,490 [5de18b20-4c2d-46f3-add3-84b533bc57c8-server-thread1] INFO  server.RaftServer$Division (ServerState.java:setLeader(269)) - 5de18b20-4c2d-46f3-add3-84b533bc57c8@group-0F5CF8F748CF: change Leader from null to 0f6129c7-dda1-4d42-8d75-6a3ef1e9116c at term 1 for appendEntries, leader elected after 5313ms
2024-05-24 07:48:58,491 [5319acd4-0e99-4000-a29b-b8c741da6a3d-server-thread1] INFO  ratis.XceiverServerRatis (XceiverServerRatis.java:handleLeaderChangedNotification(966)) - Leader change notification received for group: group-0F5CF8F748CF with new leaderId: 0f6129c7-dda1-4d42-8d75-6a3ef1e9116c
2024-05-24 07:48:58,491 [5319acd4-0e99-4000-a29b-b8c741da6a3d-server-thread1] INFO  server.RaftServer$Division (ServerState.java:setLeader(269)) - 5319acd4-0e99-4000-a29b-b8c741da6a3d@group-0F5CF8F748CF: change Leader from null to 0f6129c7-dda1-4d42-8d75-6a3ef1e9116c at term 1 for appendEntries, leader elected after 5474ms
2024-05-24 07:48:58,492 [5de18b20-4c2d-46f3-add3-84b533bc57c8-server-thread2] INFO  server.RaftServer$Division (ServerState.java:setRaftConf(386)) - 5de18b20-4c2d-46f3-add3-84b533bc57c8@group-0F5CF8F748CF: set configuration 0: peers:[5de18b20-4c2d-46f3-add3-84b533bc57c8|127.0.0.1:15023, 5319acd4-0e99-4000-a29b-b8c741da6a3d|127.0.0.1:15014, 0f6129c7-dda1-4d42-8d75-6a3ef1e9116c|127.0.0.1:15032]|listeners:[], old=null
2024-05-24 07:48:58,494 [5de18b20-4c2d-46f3-add3-84b533bc57c8-server-thread2] INFO  segmented.SegmentedRaftLogWorker (SegmentedRaftLogWorker.java:startLogSegment(430)) - 5de18b20-4c2d-46f3-add3-84b533bc57c8@group-0F5CF8F748CF-SegmentedRaftLogWorker: Starting segment from index:0
2024-05-24 07:48:58,494 [5319acd4-0e99-4000-a29b-b8c741da6a3d-server-thread2] INFO  server.RaftServer$Division (ServerState.java:setRaftConf(386)) - 5319acd4-0e99-4000-a29b-b8c741da6a3d@group-0F5CF8F748CF: set configuration 0: peers:[5de18b20-4c2d-46f3-add3-84b533bc57c8|127.0.0.1:15023, 5319acd4-0e99-4000-a29b-b8c741da6a3d|127.0.0.1:15014, 0f6129c7-dda1-4d42-8d75-6a3ef1e9116c|127.0.0.1:15032]|listeners:[], old=null
2024-05-24 07:48:58,496 [5319acd4-0e99-4000-a29b-b8c741da6a3d-server-thread2] INFO  segmented.SegmentedRaftLogWorker (SegmentedRaftLogWorker.java:startLogSegment(430)) - 5319acd4-0e99-4000-a29b-b8c741da6a3d@group-0F5CF8F748CF-SegmentedRaftLogWorker: Starting segment from index:0
2024-05-24 07:48:58,496 [5de18b20-4c2d-46f3-add3-84b533bc57c8@group-0F5CF8F748CF-SegmentedRaftLogWorker] INFO  segmented.BufferedWriteChannel (BufferedWriteChannel.java:open(62)) - open log_inprogress_0 at position 0
2024-05-24 07:48:58,496 [5319acd4-0e99-4000-a29b-b8c741da6a3d@group-0F5CF8F748CF-SegmentedRaftLogWorker] INFO  segmented.BufferedWriteChannel (BufferedWriteChannel.java:open(62)) - open log_inprogress_0 at position 0
2024-05-24 07:48:58,507 [5319acd4-0e99-4000-a29b-b8c741da6a3d@group-0F5CF8F748CF-SegmentedRaftLogWorker] INFO  segmented.SegmentedRaftLogWorker (SegmentedRaftLogWorker.java:execute(634)) - 5319acd4-0e99-4000-a29b-b8c741da6a3d@group-0F5CF8F748CF-SegmentedRaftLogWorker: created new log segment /home/runner/work/ozone/ozone/hadoop-ozone/integration-test/target/test-dir/MiniOzoneClusterImpl-b501fab0-540e-4575-af6e-dde2336b059e/ozone-meta/datanode-1/ratis/7028361f-0303-446a-8936-0f5cf8f748cf/current/log_inprogress_0
2024-05-24 07:48:58,507 [5de18b20-4c2d-46f3-add3-84b533bc57c8@group-0F5CF8F748CF-SegmentedRaftLogWorker] INFO  segmented.SegmentedRaftLogWorker (SegmentedRaftLogWorker.java:execute(634)) - 5de18b20-4c2d-46f3-add3-84b533bc57c8@group-0F5CF8F748CF-SegmentedRaftLogWorker: created new log segment /home/runner/work/ozone/ozone/hadoop-ozone/integration-test/target/test-dir/MiniOzoneClusterImpl-b501fab0-540e-4575-af6e-dde2336b059e/ozone-meta/datanode-2/ratis/7028361f-0303-446a-8936-0f5cf8f748cf/current/log_inprogress_0
2024-05-24 07:48:58,512 [0f6129c7-dda1-4d42-8d75-6a3ef1e9116c@group-0F5CF8F748CF-StateMachineUpdater] INFO  server.RaftServer$Division (LeaderStateImpl.java:isApplied(320)) - leader is ready since appliedIndex == 0 >= startIndex == 0
2024-05-24 07:48:58,604 [db578ef5-4e1f-4da7-abbd-ff28012a31de@group-DF8DC201CEBC-FollowerState] INFO  impl.FollowerState (FollowerState.java:run(143)) - db578ef5-4e1f-4da7-abbd-ff28012a31de@group-DF8DC201CEBC-FollowerState: change to CANDIDATE, lastRpcElapsedTime:5130253680ns, electionTimeout:5123ms
2024-05-24 07:48:58,604 [db578ef5-4e1f-4da7-abbd-ff28012a31de@group-DF8DC201CEBC-FollowerState] INFO  impl.RoleInfo (RoleInfo.java:shutdownFollowerState(110)) - db578ef5-4e1f-4da7-abbd-ff28012a31de: shutdown db578ef5-4e1f-4da7-abbd-ff28012a31de@group-DF8DC201CEBC-FollowerState
2024-05-24 07:48:58,604 [db578ef5-4e1f-4da7-abbd-ff28012a31de@group-DF8DC201CEBC-FollowerState] INFO  server.RaftServer$Division (RaftServerImpl.java:setRole(383)) - db578ef5-4e1f-4da7-abbd-ff28012a31de@group-DF8DC201CEBC: changes role from  FOLLOWER to CANDIDATE at term 0 for changeToCandidate
2024-05-24 07:48:58,605 [db578ef5-4e1f-4da7-abbd-ff28012a31de@group-DF8DC201CEBC-FollowerState] INFO  server.RaftServerConfigKeys (ConfUtils.java:logGet(46)) - raft.server.leaderelection.pre-vote = true (default)
2024-05-24 07:48:58,605 [db578ef5-4e1f-4da7-abbd-ff28012a31de@group-DF8DC201CEBC-FollowerState] INFO  impl.RoleInfo (RoleInfo.java:updateAndGet(139)) - db578ef5-4e1f-4da7-abbd-ff28012a31de: start db578ef5-4e1f-4da7-abbd-ff28012a31de@group-DF8DC201CEBC-LeaderElection7
2024-05-24 07:48:58,605 [db578ef5-4e1f-4da7-abbd-ff28012a31de@group-DF8DC201CEBC-LeaderElection7] INFO  impl.LeaderElection (LeaderElection.java:askForVotes(321)) - db578ef5-4e1f-4da7-abbd-ff28012a31de@group-DF8DC201CEBC-LeaderElection7 PRE_VOTE round 0: submit vote requests at term 0 for -1: peers:[713fd2b4-03fd-4bcc-8950-4119d378f2ca|127.0.0.1:15050, db578ef5-4e1f-4da7-abbd-ff28012a31de|127.0.0.1:15041, e689b99c-fc0b-4611-bf51-e78d9991fc84|127.0.0.1:15059]|listeners:[], old=null
2024-05-24 07:48:58,606 [db578ef5-4e1f-4da7-abbd-ff28012a31de@group-DF8DC201CEBC-LeaderElection7-1] INFO  server.GrpcServerProtocolClient (GrpcServerProtocolClient.java:<init>(65)) - Build channel for 713fd2b4-03fd-4bcc-8950-4119d378f2ca|127.0.0.1:15050
2024-05-24 07:48:58,606 [db578ef5-4e1f-4da7-abbd-ff28012a31de@group-DF8DC201CEBC-LeaderElection7-2] INFO  server.GrpcServerProtocolClient (GrpcServerProtocolClient.java:<init>(65)) - Build channel for e689b99c-fc0b-4611-bf51-e78d9991fc84|127.0.0.1:15059
2024-05-24 07:48:58,606 [db578ef5-4e1f-4da7-abbd-ff28012a31de@group-DF8DC201CEBC-LeaderElection7] INFO  server.RaftServerConfigKeys (ConfUtils.java:logFallback(53)) - raft.server.rpc.first-election.timeout.min = 5s (fallback to raft.server.rpc.timeout.min)
2024-05-24 07:48:58,606 [db578ef5-4e1f-4da7-abbd-ff28012a31de@group-DF8DC201CEBC-LeaderElection7] INFO  server.RaftServerConfigKeys (ConfUtils.java:logFallback(53)) - raft.server.rpc.first-election.timeout.max = 5200ms (fallback to raft.server.rpc.timeout.max)
2024-05-24 07:48:58,615 [grpc-default-executor-1] INFO  server.RaftServer$Division (RaftServerImpl.java:requestVote(1389)) - e689b99c-fc0b-4611-bf51-e78d9991fc84@group-DF8DC201CEBC: receive requestVote(PRE_VOTE, db578ef5-4e1f-4da7-abbd-ff28012a31de, group-DF8DC201CEBC, 0, (t:0, i:0))
2024-05-24 07:48:58,615 [grpc-default-executor-1] INFO  impl.VoteContext (VoteContext.java:log(49)) - e689b99c-fc0b-4611-bf51-e78d9991fc84@group-DF8DC201CEBC-FOLLOWER: accept PRE_VOTE from db578ef5-4e1f-4da7-abbd-ff28012a31de: our priority 0 <= candidate's priority 0
2024-05-24 07:48:58,615 [grpc-default-executor-1] INFO  server.RaftServer$Division (RaftServerImpl.java:requestVote(1422)) - e689b99c-fc0b-4611-bf51-e78d9991fc84@group-DF8DC201CEBC replies to PRE_VOTE vote request: db578ef5-4e1f-4da7-abbd-ff28012a31de<-e689b99c-fc0b-4611-bf51-e78d9991fc84#0:OK-t0. Peer's state: e689b99c-fc0b-4611-bf51-e78d9991fc84@group-DF8DC201CEBC:t0, leader=null, voted=, raftlog=Memoized:e689b99c-fc0b-4611-bf51-e78d9991fc84@group-DF8DC201CEBC-SegmentedRaftLog:OPENED:c-1, conf=-1: peers:[713fd2b4-03fd-4bcc-8950-4119d378f2ca|127.0.0.1:15050, db578ef5-4e1f-4da7-abbd-ff28012a31de|127.0.0.1:15041, e689b99c-fc0b-4611-bf51-e78d9991fc84|127.0.0.1:15059]|listeners:[], old=null
2024-05-24 07:48:58,622 [grpc-default-executor-1] INFO  server.RaftServer$Division (RaftServerImpl.java:requestVote(1389)) - 713fd2b4-03fd-4bcc-8950-4119d378f2ca@group-DF8DC201CEBC: receive requestVote(PRE_VOTE, db578ef5-4e1f-4da7-abbd-ff28012a31de, group-DF8DC201CEBC, 0, (t:0, i:0))
2024-05-24 07:48:58,623 [grpc-default-executor-1] INFO  impl.VoteContext (VoteContext.java:log(49)) - 713fd2b4-03fd-4bcc-8950-4119d378f2ca@group-DF8DC201CEBC-FOLLOWER: reject PRE_VOTE from db578ef5-4e1f-4da7-abbd-ff28012a31de: our priority 1 > candidate's priority 0
2024-05-24 07:48:58,623 [grpc-default-executor-1] INFO  server.RaftServer$Division (RaftServerImpl.java:requestVote(1422)) - 713fd2b4-03fd-4bcc-8950-4119d378f2ca@group-DF8DC201CEBC replies to PRE_VOTE vote request: db578ef5-4e1f-4da7-abbd-ff28012a31de<-713fd2b4-03fd-4bcc-8950-4119d378f2ca#0:FAIL-t0. Peer's state: 713fd2b4-03fd-4bcc-8950-4119d378f2ca@group-DF8DC201CEBC:t0, leader=null, voted=, raftlog=Memoized:713fd2b4-03fd-4bcc-8950-4119d378f2ca@group-DF8DC201CEBC-SegmentedRaftLog:OPENED:c-1, conf=-1: peers:[713fd2b4-03fd-4bcc-8950-4119d378f2ca|127.0.0.1:15050, db578ef5-4e1f-4da7-abbd-ff28012a31de|127.0.0.1:15041, e689b99c-fc0b-4611-bf51-e78d9991fc84|127.0.0.1:15059]|listeners:[], old=null
2024-05-24 07:48:58,625 [db578ef5-4e1f-4da7-abbd-ff28012a31de@group-FC6F4EE8B27E-FollowerState] INFO  impl.FollowerState (FollowerState.java:run(143)) - db578ef5-4e1f-4da7-abbd-ff28012a31de@group-FC6F4EE8B27E-FollowerState: change to CANDIDATE, lastRpcElapsedTime:5193422123ns, electionTimeout:5191ms
2024-05-24 07:48:58,625 [db578ef5-4e1f-4da7-abbd-ff28012a31de@group-FC6F4EE8B27E-FollowerState] INFO  impl.RoleInfo (RoleInfo.java:shutdownFollowerState(110)) - db578ef5-4e1f-4da7-abbd-ff28012a31de: shutdown db578ef5-4e1f-4da7-abbd-ff28012a31de@group-FC6F4EE8B27E-FollowerState
2024-05-24 07:48:58,625 [db578ef5-4e1f-4da7-abbd-ff28012a31de@group-FC6F4EE8B27E-FollowerState] INFO  server.RaftServer$Division (RaftServerImpl.java:setRole(383)) - db578ef5-4e1f-4da7-abbd-ff28012a31de@group-FC6F4EE8B27E: changes role from  FOLLOWER to CANDIDATE at term 0 for changeToCandidate
2024-05-24 07:48:58,625 [db578ef5-4e1f-4da7-abbd-ff28012a31de@group-FC6F4EE8B27E-FollowerState] INFO  server.RaftServerConfigKeys (ConfUtils.java:logGet(46)) - raft.server.leaderelection.pre-vote = true (default)
2024-05-24 07:48:58,625 [db578ef5-4e1f-4da7-abbd-ff28012a31de@group-FC6F4EE8B27E-FollowerState] INFO  impl.RoleInfo (RoleInfo.java:updateAndGet(139)) - db578ef5-4e1f-4da7-abbd-ff28012a31de: start db578ef5-4e1f-4da7-abbd-ff28012a31de@group-FC6F4EE8B27E-LeaderElection8
2024-05-24 07:48:58,626 [db578ef5-4e1f-4da7-abbd-ff28012a31de@group-FC6F4EE8B27E-LeaderElection8] INFO  impl.LeaderElection (LeaderElection.java:askForVotes(321)) - db578ef5-4e1f-4da7-abbd-ff28012a31de@group-FC6F4EE8B27E-LeaderElection8 PRE_VOTE round 0: submit vote requests at term 0 for -1: peers:[db578ef5-4e1f-4da7-abbd-ff28012a31de|127.0.0.1:15041]|listeners:[], old=null
2024-05-24 07:48:58,626 [db578ef5-4e1f-4da7-abbd-ff28012a31de@group-FC6F4EE8B27E-LeaderElection8] INFO  impl.LeaderElection (LeaderElection.java:askForVotes(323)) - db578ef5-4e1f-4da7-abbd-ff28012a31de@group-FC6F4EE8B27E-LeaderElection8 PRE_VOTE round 0: result PASSED (term=0)
2024-05-24 07:48:58,627 [db578ef5-4e1f-4da7-abbd-ff28012a31de@group-DF8DC201CEBC-LeaderElection7] INFO  impl.LeaderElection (LeaderElection.java:logAndReturn(89)) - db578ef5-4e1f-4da7-abbd-ff28012a31de@group-DF8DC201CEBC-LeaderElection7: PRE_VOTE REJECTED received 2 response(s) and 0 exception(s):
2024-05-24 07:48:58,627 [db578ef5-4e1f-4da7-abbd-ff28012a31de@group-DF8DC201CEBC-LeaderElection7] INFO  impl.LeaderElection (LeaderElection.java:logAndReturn(93)) -   Response 0: db578ef5-4e1f-4da7-abbd-ff28012a31de<-713fd2b4-03fd-4bcc-8950-4119d378f2ca#0:FAIL-t0
2024-05-24 07:48:58,627 [db578ef5-4e1f-4da7-abbd-ff28012a31de@group-DF8DC201CEBC-LeaderElection7] INFO  impl.LeaderElection (LeaderElection.java:logAndReturn(93)) -   Response 1: db578ef5-4e1f-4da7-abbd-ff28012a31de<-e689b99c-fc0b-4611-bf51-e78d9991fc84#0:OK-t0
2024-05-24 07:48:58,627 [db578ef5-4e1f-4da7-abbd-ff28012a31de@group-DF8DC201CEBC-LeaderElection7] INFO  impl.LeaderElection (LeaderElection.java:askForVotes(323)) - db578ef5-4e1f-4da7-abbd-ff28012a31de@group-DF8DC201CEBC-LeaderElection7 PRE_VOTE round 0: result REJECTED
2024-05-24 07:48:58,627 [db578ef5-4e1f-4da7-abbd-ff28012a31de@group-DF8DC201CEBC-LeaderElection7] INFO  server.RaftServer$Division (RaftServerImpl.java:setRole(383)) - db578ef5-4e1f-4da7-abbd-ff28012a31de@group-DF8DC201CEBC: changes role from CANDIDATE to FOLLOWER at term 0 for REJECTED
2024-05-24 07:48:58,627 [db578ef5-4e1f-4da7-abbd-ff28012a31de@group-DF8DC201CEBC-LeaderElection7] INFO  impl.RoleInfo (RoleInfo.java:shutdownLeaderElection(130)) - db578ef5-4e1f-4da7-abbd-ff28012a31de: shutdown db578ef5-4e1f-4da7-abbd-ff28012a31de@group-DF8DC201CEBC-LeaderElection7
2024-05-24 07:48:58,627 [db578ef5-4e1f-4da7-abbd-ff28012a31de@group-DF8DC201CEBC-LeaderElection7] INFO  impl.RoleInfo (RoleInfo.java:updateAndGet(139)) - db578ef5-4e1f-4da7-abbd-ff28012a31de: start db578ef5-4e1f-4da7-abbd-ff28012a31de@group-DF8DC201CEBC-FollowerState
2024-05-24 07:48:58,628 [db578ef5-4e1f-4da7-abbd-ff28012a31de@group-DF8DC201CEBC-LeaderElection7] INFO  server.RaftServer$Division (RaftServerImpl.java:setFirstElection(574)) - db578ef5-4e1f-4da7-abbd-ff28012a31de@group-DF8DC201CEBC: set firstElectionSinceStartup to false for REJECTED
2024-05-24 07:48:58,628 [db578ef5-4e1f-4da7-abbd-ff28012a31de@group-FC6F4EE8B27E-LeaderElection8] INFO  impl.LeaderElection (LeaderElection.java:askForVotes(321)) - db578ef5-4e1f-4da7-abbd-ff28012a31de@group-FC6F4EE8B27E-LeaderElection8 ELECTION round 0: submit vote requests at term 1 for -1: peers:[db578ef5-4e1f-4da7-abbd-ff28012a31de|127.0.0.1:15041]|listeners:[], old=null
2024-05-24 07:48:58,636 [db578ef5-4e1f-4da7-abbd-ff28012a31de@group-FC6F4EE8B27E-LeaderElection8] INFO  impl.LeaderElection (LeaderElection.java:askForVotes(323)) - db578ef5-4e1f-4da7-abbd-ff28012a31de@group-FC6F4EE8B27E-LeaderElection8 ELECTION round 0: result PASSED (term=1)
2024-05-24 07:48:58,636 [db578ef5-4e1f-4da7-abbd-ff28012a31de@group-FC6F4EE8B27E-LeaderElection8] INFO  impl.RoleInfo (RoleInfo.java:shutdownLeaderElection(130)) - db578ef5-4e1f-4da7-abbd-ff28012a31de: shutdown db578ef5-4e1f-4da7-abbd-ff28012a31de@group-FC6F4EE8B27E-LeaderElection8
2024-05-24 07:48:58,636 [db578ef5-4e1f-4da7-abbd-ff28012a31de@group-FC6F4EE8B27E-LeaderElection8] INFO  server.RaftServer$Division (RaftServerImpl.java:setRole(383)) - db578ef5-4e1f-4da7-abbd-ff28012a31de@group-FC6F4EE8B27E: changes role from CANDIDATE to LEADER at term 1 for changeToLeader
2024-05-24 07:48:58,637 [db578ef5-4e1f-4da7-abbd-ff28012a31de@group-FC6F4EE8B27E-LeaderElection8] INFO  server.RaftServerConfigKeys (ConfUtils.java:logGet(46)) - raft.server.staging.catchup.gap = 1000 (default)
2024-05-24 07:48:58,640 [db578ef5-4e1f-4da7-abbd-ff28012a31de@group-FC6F4EE8B27E-LeaderElection8] INFO  server.RaftServerConfigKeys (ConfUtils.java:logGet(46)) - raft.server.write.element-limit = 1024 (custom)
2024-05-24 07:48:58,640 [db578ef5-4e1f-4da7-abbd-ff28012a31de@group-FC6F4EE8B27E-LeaderElection8] INFO  server.RaftServerConfigKeys (ConfUtils.java:logGet(46)) - raft.server.write.byte-limit = 1024 M (=1073741824) (custom)
2024-05-24 07:48:58,642 [db578ef5-4e1f-4da7-abbd-ff28012a31de@group-FC6F4EE8B27E-LeaderElection8] INFO  server.RaftServerConfigKeys (ConfUtils.java:logGet(46)) - raft.server.watch.timeout = 180s (custom)
2024-05-24 07:48:58,642 [db578ef5-4e1f-4da7-abbd-ff28012a31de@group-FC6F4EE8B27E-LeaderElection8] INFO  server.RaftServerConfigKeys (ConfUtils.java:logGet(46)) - raft.server.watch.timeout.denomination = 1s (default)
2024-05-24 07:48:58,642 [db578ef5-4e1f-4da7-abbd-ff28012a31de@group-FC6F4EE8B27E-LeaderElection8] INFO  server.RaftServerConfigKeys (ConfUtils.java:logGet(46)) - raft.server.watch.element-limit = 65536 (default)
2024-05-24 07:48:58,642 [db578ef5-4e1f-4da7-abbd-ff28012a31de@group-FC6F4EE8B27E-LeaderElection8] INFO  server.RaftServerConfigKeys (ConfUtils.java:logGet(46)) - raft.server.read.leader.lease.enabled = false (default)
2024-05-24 07:48:58,642 [db578ef5-4e1f-4da7-abbd-ff28012a31de@group-FC6F4EE8B27E-LeaderElection8] INFO  server.RaftServerConfigKeys (ConfUtils.java:logGet(46)) - raft.server.read.leader.lease.timeout.ratio = 0.9 (default)
2024-05-24 07:48:58,642 [db578ef5-4e1f-4da7-abbd-ff28012a31de@group-FC6F4EE8B27E-LeaderElection8] INFO  server.RaftServerConfigKeys (ConfUtils.java:logGet(46)) - raft.server.rpc.timeout.min = 5s (custom)
2024-05-24 07:48:58,642 [db578ef5-4e1f-4da7-abbd-ff28012a31de@group-FC6F4EE8B27E-LeaderElection8] INFO  server.RaftServerConfigKeys (ConfUtils.java:logGet(46)) - raft.server.write.element-limit = 1024 (custom)
2024-05-24 07:48:58,642 [db578ef5-4e1f-4da7-abbd-ff28012a31de@group-FC6F4EE8B27E-LeaderElection8] INFO  server.RaftServerConfigKeys (ConfUtils.java:logGet(46)) - raft.server.write.follower.gap.ratio.max = -1.0 (default)
2024-05-24 07:48:58,642 [db578ef5-4e1f-4da7-abbd-ff28012a31de@group-FC6F4EE8B27E-LeaderElection8] INFO  impl.RoleInfo (RoleInfo.java:updateAndGet(139)) - db578ef5-4e1f-4da7-abbd-ff28012a31de: start db578ef5-4e1f-4da7-abbd-ff28012a31de@group-FC6F4EE8B27E-LeaderStateImpl
2024-05-24 07:48:58,642 [db578ef5-4e1f-4da7-abbd-ff28012a31de@group-FC6F4EE8B27E-LeaderElection8] INFO  server.RaftServer$Division (RaftServerImpl.java:setFirstElection(574)) - db578ef5-4e1f-4da7-abbd-ff28012a31de@group-FC6F4EE8B27E: set firstElectionSinceStartup to false for becomeLeader
2024-05-24 07:48:58,642 [db578ef5-4e1f-4da7-abbd-ff28012a31de@group-FC6F4EE8B27E-LeaderElection8] INFO  ratis.XceiverServerRatis (XceiverServerRatis.java:handleLeaderChangedNotification(966)) - Leader change notification received for group: group-FC6F4EE8B27E with new leaderId: db578ef5-4e1f-4da7-abbd-ff28012a31de
2024-05-24 07:48:58,646 [db578ef5-4e1f-4da7-abbd-ff28012a31de@group-FC6F4EE8B27E-LeaderElection8] INFO  server.RaftServer$Division (ServerState.java:setLeader(269)) - db578ef5-4e1f-4da7-abbd-ff28012a31de@group-FC6F4EE8B27E: change Leader from null to db578ef5-4e1f-4da7-abbd-ff28012a31de at term 1 for becomeLeader, leader elected after 5253ms
2024-05-24 07:48:58,646 [db578ef5-4e1f-4da7-abbd-ff28012a31de@group-FC6F4EE8B27E-LeaderElection8] INFO  segmented.SegmentedRaftLogWorker (SegmentedRaftLogWorker.java:startLogSegment(430)) - db578ef5-4e1f-4da7-abbd-ff28012a31de@group-FC6F4EE8B27E-SegmentedRaftLogWorker: Starting segment from index:0
2024-05-24 07:48:58,647 [db578ef5-4e1f-4da7-abbd-ff28012a31de@group-FC6F4EE8B27E-SegmentedRaftLogWorker] INFO  segmented.BufferedWriteChannel (BufferedWriteChannel.java:open(62)) - open log_inprogress_0 at position 0
2024-05-24 07:48:58,648 [db578ef5-4e1f-4da7-abbd-ff28012a31de@group-FC6F4EE8B27E-LeaderElection8] INFO  server.RaftServer$Division (ServerState.java:setRaftConf(386)) - db578ef5-4e1f-4da7-abbd-ff28012a31de@group-FC6F4EE8B27E: set configuration 0: peers:[db578ef5-4e1f-4da7-abbd-ff28012a31de|127.0.0.1:15041]|listeners:[], old=null
2024-05-24 07:48:58,656 [db578ef5-4e1f-4da7-abbd-ff28012a31de@group-FC6F4EE8B27E-SegmentedRaftLogWorker] INFO  segmented.SegmentedRaftLogWorker (SegmentedRaftLogWorker.java:execute(634)) - db578ef5-4e1f-4da7-abbd-ff28012a31de@group-FC6F4EE8B27E-SegmentedRaftLogWorker: created new log segment /home/runner/work/ozone/ozone/hadoop-ozone/integration-test/target/test-dir/MiniOzoneClusterImpl-b501fab0-540e-4575-af6e-dde2336b059e/ozone-meta/datanode-4/ratis/19fb7f9a-fab2-45a7-a966-fc6f4ee8b27e/current/log_inprogress_0
2024-05-24 07:48:58,658 [db578ef5-4e1f-4da7-abbd-ff28012a31de@group-FC6F4EE8B27E-StateMachineUpdater] INFO  server.RaftServer$Division (LeaderStateImpl.java:isApplied(320)) - leader is ready since appliedIndex == 0 >= startIndex == 0
2024-05-24 07:48:58,686 [5319acd4-0e99-4000-a29b-b8c741da6a3d@group-B173462F687E-FollowerState] INFO  impl.FollowerState (FollowerState.java:run(143)) - 5319acd4-0e99-4000-a29b-b8c741da6a3d@group-B173462F687E-FollowerState: change to CANDIDATE, lastRpcElapsedTime:5118296816ns, electionTimeout:5097ms
2024-05-24 07:48:58,686 [5319acd4-0e99-4000-a29b-b8c741da6a3d@group-B173462F687E-FollowerState] INFO  impl.RoleInfo (RoleInfo.java:shutdownFollowerState(110)) - 5319acd4-0e99-4000-a29b-b8c741da6a3d: shutdown 5319acd4-0e99-4000-a29b-b8c741da6a3d@group-B173462F687E-FollowerState
2024-05-24 07:48:58,687 [5319acd4-0e99-4000-a29b-b8c741da6a3d@group-B173462F687E-FollowerState] INFO  server.RaftServer$Division (RaftServerImpl.java:setRole(383)) - 5319acd4-0e99-4000-a29b-b8c741da6a3d@group-B173462F687E: changes role from  FOLLOWER to CANDIDATE at term 0 for changeToCandidate
2024-05-24 07:48:58,687 [5319acd4-0e99-4000-a29b-b8c741da6a3d@group-B173462F687E-FollowerState] INFO  server.RaftServerConfigKeys (ConfUtils.java:logGet(46)) - raft.server.leaderelection.pre-vote = true (default)
2024-05-24 07:48:58,687 [5319acd4-0e99-4000-a29b-b8c741da6a3d@group-B173462F687E-FollowerState] INFO  impl.RoleInfo (RoleInfo.java:updateAndGet(139)) - 5319acd4-0e99-4000-a29b-b8c741da6a3d: start 5319acd4-0e99-4000-a29b-b8c741da6a3d@group-B173462F687E-LeaderElection9
2024-05-24 07:48:58,688 [5319acd4-0e99-4000-a29b-b8c741da6a3d@group-B173462F687E-LeaderElection9] INFO  impl.LeaderElection (LeaderElection.java:askForVotes(321)) - 5319acd4-0e99-4000-a29b-b8c741da6a3d@group-B173462F687E-LeaderElection9 PRE_VOTE round 0: submit vote requests at term 0 for -1: peers:[5de18b20-4c2d-46f3-add3-84b533bc57c8|127.0.0.1:15023, 5319acd4-0e99-4000-a29b-b8c741da6a3d|127.0.0.1:15014, 0f6129c7-dda1-4d42-8d75-6a3ef1e9116c|127.0.0.1:15032]|listeners:[], old=null
2024-05-24 07:48:58,688 [5319acd4-0e99-4000-a29b-b8c741da6a3d@group-B173462F687E-LeaderElection9] INFO  server.RaftServerConfigKeys (ConfUtils.java:logFallback(53)) - raft.server.rpc.first-election.timeout.min = 5s (fallback to raft.server.rpc.timeout.min)
2024-05-24 07:48:58,689 [5319acd4-0e99-4000-a29b-b8c741da6a3d@group-B173462F687E-LeaderElection9] INFO  server.RaftServerConfigKeys (ConfUtils.java:logFallback(53)) - raft.server.rpc.first-election.timeout.max = 5200ms (fallback to raft.server.rpc.timeout.max)
2024-05-24 07:48:58,690 [grpc-default-executor-1] INFO  server.RaftServer$Division (RaftServerImpl.java:requestVote(1389)) - 5de18b20-4c2d-46f3-add3-84b533bc57c8@group-B173462F687E: receive requestVote(PRE_VOTE, 5319acd4-0e99-4000-a29b-b8c741da6a3d, group-B173462F687E, 0, (t:0, i:0))
2024-05-24 07:48:58,690 [grpc-default-executor-2] INFO  server.RaftServer$Division (RaftServerImpl.java:requestVote(1389)) - 0f6129c7-dda1-4d42-8d75-6a3ef1e9116c@group-B173462F687E: receive requestVote(PRE_VOTE, 5319acd4-0e99-4000-a29b-b8c741da6a3d, group-B173462F687E, 0, (t:0, i:0))
2024-05-24 07:48:58,690 [grpc-default-executor-1] INFO  impl.VoteContext (VoteContext.java:log(49)) - 5de18b20-4c2d-46f3-add3-84b533bc57c8@group-B173462F687E-FOLLOWER: reject PRE_VOTE from 5319acd4-0e99-4000-a29b-b8c741da6a3d: our priority 1 > candidate's priority 0
2024-05-24 07:48:58,690 [grpc-default-executor-2] INFO  impl.VoteContext (VoteContext.java:log(49)) - 0f6129c7-dda1-4d42-8d75-6a3ef1e9116c@group-B173462F687E-FOLLOWER: accept PRE_VOTE from 5319acd4-0e99-4000-a29b-b8c741da6a3d: our priority 0 <= candidate's priority 0
2024-05-24 07:48:58,691 [grpc-default-executor-2] INFO  server.RaftServer$Division (RaftServerImpl.java:requestVote(1422)) - 0f6129c7-dda1-4d42-8d75-6a3ef1e9116c@group-B173462F687E replies to PRE_VOTE vote request: 5319acd4-0e99-4000-a29b-b8c741da6a3d<-0f6129c7-dda1-4d42-8d75-6a3ef1e9116c#0:OK-t0. Peer's state: 0f6129c7-dda1-4d42-8d75-6a3ef1e9116c@group-B173462F687E:t0, leader=null, voted=, raftlog=Memoized:0f6129c7-dda1-4d42-8d75-6a3ef1e9116c@group-B173462F687E-SegmentedRaftLog:OPENED:c-1, conf=-1: peers:[5de18b20-4c2d-46f3-add3-84b533bc57c8|127.0.0.1:15023, 5319acd4-0e99-4000-a29b-b8c741da6a3d|127.0.0.1:15014, 0f6129c7-dda1-4d42-8d75-6a3ef1e9116c|127.0.0.1:15032]|listeners:[], old=null
2024-05-24 07:48:58,691 [grpc-default-executor-1] INFO  server.RaftServer$Division (RaftServerImpl.java:requestVote(1422)) - 5de18b20-4c2d-46f3-add3-84b533bc57c8@group-B173462F687E replies to PRE_VOTE vote request: 5319acd4-0e99-4000-a29b-b8c741da6a3d<-5de18b20-4c2d-46f3-add3-84b533bc57c8#0:FAIL-t0. Peer's state: 5de18b20-4c2d-46f3-add3-84b533bc57c8@group-B173462F687E:t0, leader=null, voted=, raftlog=Memoized:5de18b20-4c2d-46f3-add3-84b533bc57c8@group-B173462F687E-SegmentedRaftLog:OPENED:c-1, conf=-1: peers:[5de18b20-4c2d-46f3-add3-84b533bc57c8|127.0.0.1:15023, 5319acd4-0e99-4000-a29b-b8c741da6a3d|127.0.0.1:15014, 0f6129c7-dda1-4d42-8d75-6a3ef1e9116c|127.0.0.1:15032]|listeners:[], old=null
2024-05-24 07:48:58,693 [5319acd4-0e99-4000-a29b-b8c741da6a3d@group-B173462F687E-LeaderElection9] INFO  impl.LeaderElection (LeaderElection.java:logAndReturn(89)) - 5319acd4-0e99-4000-a29b-b8c741da6a3d@group-B173462F687E-LeaderElection9: PRE_VOTE REJECTED received 2 response(s) and 0 exception(s):
2024-05-24 07:48:58,693 [5319acd4-0e99-4000-a29b-b8c741da6a3d@group-B173462F687E-LeaderElection9] INFO  impl.LeaderElection (LeaderElection.java:logAndReturn(93)) -   Response 0: 5319acd4-0e99-4000-a29b-b8c741da6a3d<-5de18b20-4c2d-46f3-add3-84b533bc57c8#0:FAIL-t0
2024-05-24 07:48:58,693 [5319acd4-0e99-4000-a29b-b8c741da6a3d@group-B173462F687E-LeaderElection9] INFO  impl.LeaderElection (LeaderElection.java:logAndReturn(93)) -   Response 1: 5319acd4-0e99-4000-a29b-b8c741da6a3d<-0f6129c7-dda1-4d42-8d75-6a3ef1e9116c#0:OK-t0
2024-05-24 07:48:58,693 [5319acd4-0e99-4000-a29b-b8c741da6a3d@group-B173462F687E-LeaderElection9] INFO  impl.LeaderElection (LeaderElection.java:askForVotes(323)) - 5319acd4-0e99-4000-a29b-b8c741da6a3d@group-B173462F687E-LeaderElection9 PRE_VOTE round 0: result REJECTED
2024-05-24 07:48:58,694 [5319acd4-0e99-4000-a29b-b8c741da6a3d@group-B173462F687E-LeaderElection9] INFO  server.RaftServer$Division (RaftServerImpl.java:setRole(383)) - 5319acd4-0e99-4000-a29b-b8c741da6a3d@group-B173462F687E: changes role from CANDIDATE to FOLLOWER at term 0 for REJECTED
2024-05-24 07:48:58,694 [5319acd4-0e99-4000-a29b-b8c741da6a3d@group-B173462F687E-LeaderElection9] INFO  impl.RoleInfo (RoleInfo.java:shutdownLeaderElection(130)) - 5319acd4-0e99-4000-a29b-b8c741da6a3d: shutdown 5319acd4-0e99-4000-a29b-b8c741da6a3d@group-B173462F687E-LeaderElection9
2024-05-24 07:48:58,694 [5319acd4-0e99-4000-a29b-b8c741da6a3d@group-B173462F687E-LeaderElection9] INFO  impl.RoleInfo (RoleInfo.java:updateAndGet(139)) - 5319acd4-0e99-4000-a29b-b8c741da6a3d: start 5319acd4-0e99-4000-a29b-b8c741da6a3d@group-B173462F687E-FollowerState
2024-05-24 07:48:58,694 [5319acd4-0e99-4000-a29b-b8c741da6a3d@group-B173462F687E-LeaderElection9] INFO  server.RaftServer$Division (RaftServerImpl.java:setFirstElection(574)) - 5319acd4-0e99-4000-a29b-b8c741da6a3d@group-B173462F687E: set firstElectionSinceStartup to false for REJECTED
2024-05-24 07:48:58,710 [5de18b20-4c2d-46f3-add3-84b533bc57c8@group-B173462F687E-FollowerState] INFO  impl.FollowerState (FollowerState.java:run(143)) - 5de18b20-4c2d-46f3-add3-84b533bc57c8@group-B173462F687E-FollowerState: change to CANDIDATE, lastRpcElapsedTime:5116706615ns, electionTimeout:5115ms
2024-05-24 07:48:58,711 [5de18b20-4c2d-46f3-add3-84b533bc57c8@group-B173462F687E-FollowerState] INFO  impl.RoleInfo (RoleInfo.java:shutdownFollowerState(110)) - 5de18b20-4c2d-46f3-add3-84b533bc57c8: shutdown 5de18b20-4c2d-46f3-add3-84b533bc57c8@group-B173462F687E-FollowerState
2024-05-24 07:48:58,711 [5de18b20-4c2d-46f3-add3-84b533bc57c8@group-B173462F687E-FollowerState] INFO  server.RaftServer$Division (RaftServerImpl.java:setRole(383)) - 5de18b20-4c2d-46f3-add3-84b533bc57c8@group-B173462F687E: changes role from  FOLLOWER to CANDIDATE at term 0 for changeToCandidate
2024-05-24 07:48:58,711 [5de18b20-4c2d-46f3-add3-84b533bc57c8@group-B173462F687E-FollowerState] INFO  server.RaftServerConfigKeys (ConfUtils.java:logGet(46)) - raft.server.leaderelection.pre-vote = true (default)
2024-05-24 07:48:58,711 [5de18b20-4c2d-46f3-add3-84b533bc57c8@group-B173462F687E-FollowerState] INFO  impl.RoleInfo (RoleInfo.java:updateAndGet(139)) - 5de18b20-4c2d-46f3-add3-84b533bc57c8: start 5de18b20-4c2d-46f3-add3-84b533bc57c8@group-B173462F687E-LeaderElection10
2024-05-24 07:48:58,711 [5de18b20-4c2d-46f3-add3-84b533bc57c8@group-B173462F687E-LeaderElection10] INFO  impl.LeaderElection (LeaderElection.java:askForVotes(321)) - 5de18b20-4c2d-46f3-add3-84b533bc57c8@group-B173462F687E-LeaderElection10 PRE_VOTE round 0: submit vote requests at term 0 for -1: peers:[5de18b20-4c2d-46f3-add3-84b533bc57c8|127.0.0.1:15023, 5319acd4-0e99-4000-a29b-b8c741da6a3d|127.0.0.1:15014, 0f6129c7-dda1-4d42-8d75-6a3ef1e9116c|127.0.0.1:15032]|listeners:[], old=null
2024-05-24 07:48:58,712 [5de18b20-4c2d-46f3-add3-84b533bc57c8@group-B173462F687E-LeaderElection10-1] INFO  server.GrpcServerProtocolClient (GrpcServerProtocolClient.java:<init>(65)) - Build channel for 5319acd4-0e99-4000-a29b-b8c741da6a3d|127.0.0.1:15014
2024-05-24 07:48:58,712 [5de18b20-4c2d-46f3-add3-84b533bc57c8@group-B173462F687E-LeaderElection10-2] INFO  server.GrpcServerProtocolClient (GrpcServerProtocolClient.java:<init>(65)) - Build channel for 0f6129c7-dda1-4d42-8d75-6a3ef1e9116c|127.0.0.1:15032
2024-05-24 07:48:58,712 [5de18b20-4c2d-46f3-add3-84b533bc57c8@group-B173462F687E-LeaderElection10] INFO  server.RaftServerConfigKeys (ConfUtils.java:logFallback(53)) - raft.server.rpc.first-election.timeout.min = 5s (fallback to raft.server.rpc.timeout.min)
2024-05-24 07:48:58,712 [5de18b20-4c2d-46f3-add3-84b533bc57c8@group-B173462F687E-LeaderElection10] INFO  server.RaftServerConfigKeys (ConfUtils.java:logFallback(53)) - raft.server.rpc.first-election.timeout.max = 5200ms (fallback to raft.server.rpc.timeout.max)
2024-05-24 07:48:58,715 [0f6129c7-dda1-4d42-8d75-6a3ef1e9116c@group-B173462F687E-FollowerState] INFO  server.RaftServerConfigKeys (ConfUtils.java:logFallback(53)) - raft.server.rpc.first-election.timeout.min = 5s (fallback to raft.server.rpc.timeout.min)
2024-05-24 07:48:58,715 [0f6129c7-dda1-4d42-8d75-6a3ef1e9116c@group-B173462F687E-FollowerState] INFO  server.RaftServerConfigKeys (ConfUtils.java:logFallback(53)) - raft.server.rpc.first-election.timeout.max = 5200ms (fallback to raft.server.rpc.timeout.max)
2024-05-24 07:48:58,719 [grpc-default-executor-2] INFO  server.RaftServer$Division (RaftServerImpl.java:requestVote(1389)) - 5319acd4-0e99-4000-a29b-b8c741da6a3d@group-B173462F687E: receive requestVote(PRE_VOTE, 5de18b20-4c2d-46f3-add3-84b533bc57c8, group-B173462F687E, 0, (t:0, i:0))
2024-05-24 07:48:58,719 [grpc-default-executor-1] INFO  server.RaftServer$Division (RaftServerImpl.java:requestVote(1389)) - 0f6129c7-dda1-4d42-8d75-6a3ef1e9116c@group-B173462F687E: receive requestVote(PRE_VOTE, 5de18b20-4c2d-46f3-add3-84b533bc57c8, group-B173462F687E, 0, (t:0, i:0))
2024-05-24 07:48:58,719 [grpc-default-executor-2] INFO  impl.VoteContext (VoteContext.java:log(49)) - 5319acd4-0e99-4000-a29b-b8c741da6a3d@group-B173462F687E-FOLLOWER: accept PRE_VOTE from 5de18b20-4c2d-46f3-add3-84b533bc57c8: our priority 0 <= candidate's priority 1
2024-05-24 07:48:58,719 [grpc-default-executor-1] INFO  impl.VoteContext (VoteContext.java:log(49)) - 0f6129c7-dda1-4d42-8d75-6a3ef1e9116c@group-B173462F687E-FOLLOWER: accept PRE_VOTE from 5de18b20-4c2d-46f3-add3-84b533bc57c8: our priority 0 <= candidate's priority 1
2024-05-24 07:48:58,719 [grpc-default-executor-2] INFO  server.RaftServer$Division (RaftServerImpl.java:requestVote(1422)) - 5319acd4-0e99-4000-a29b-b8c741da6a3d@group-B173462F687E replies to PRE_VOTE vote request: 5de18b20-4c2d-46f3-add3-84b533bc57c8<-5319acd4-0e99-4000-a29b-b8c741da6a3d#0:OK-t0. Peer's state: 5319acd4-0e99-4000-a29b-b8c741da6a3d@group-B173462F687E:t0, leader=null, voted=, raftlog=Memoized:5319acd4-0e99-4000-a29b-b8c741da6a3d@group-B173462F687E-SegmentedRaftLog:OPENED:c-1, conf=-1: peers:[5de18b20-4c2d-46f3-add3-84b533bc57c8|127.0.0.1:15023, 5319acd4-0e99-4000-a29b-b8c741da6a3d|127.0.0.1:15014, 0f6129c7-dda1-4d42-8d75-6a3ef1e9116c|127.0.0.1:15032]|listeners:[], old=null
2024-05-24 07:48:58,719 [grpc-default-executor-1] INFO  server.RaftServer$Division (RaftServerImpl.java:requestVote(1422)) - 0f6129c7-dda1-4d42-8d75-6a3ef1e9116c@group-B173462F687E replies to PRE_VOTE vote request: 5de18b20-4c2d-46f3-add3-84b533bc57c8<-0f6129c7-dda1-4d42-8d75-6a3ef1e9116c#0:OK-t0. Peer's state: 0f6129c7-dda1-4d42-8d75-6a3ef1e9116c@group-B173462F687E:t0, leader=null, voted=, raftlog=Memoized:0f6129c7-dda1-4d42-8d75-6a3ef1e9116c@group-B173462F687E-SegmentedRaftLog:OPENED:c-1, conf=-1: peers:[5de18b20-4c2d-46f3-add3-84b533bc57c8|127.0.0.1:15023, 5319acd4-0e99-4000-a29b-b8c741da6a3d|127.0.0.1:15014, 0f6129c7-dda1-4d42-8d75-6a3ef1e9116c|127.0.0.1:15032]|listeners:[], old=null
2024-05-24 07:48:58,721 [5de18b20-4c2d-46f3-add3-84b533bc57c8@group-B173462F687E-LeaderElection10] INFO  impl.LeaderElection (LeaderElection.java:logAndReturn(89)) - 5de18b20-4c2d-46f3-add3-84b533bc57c8@group-B173462F687E-LeaderElection10: PRE_VOTE PASSED received 1 response(s) and 0 exception(s):
2024-05-24 07:48:58,721 [5de18b20-4c2d-46f3-add3-84b533bc57c8@group-B173462F687E-LeaderElection10] INFO  impl.LeaderElection (LeaderElection.java:logAndReturn(93)) -   Response 0: 5de18b20-4c2d-46f3-add3-84b533bc57c8<-5319acd4-0e99-4000-a29b-b8c741da6a3d#0:OK-t0
2024-05-24 07:48:58,721 [5de18b20-4c2d-46f3-add3-84b533bc57c8@group-B173462F687E-LeaderElection10] INFO  impl.LeaderElection (LeaderElection.java:askForVotes(323)) - 5de18b20-4c2d-46f3-add3-84b533bc57c8@group-B173462F687E-LeaderElection10 PRE_VOTE round 0: result PASSED
2024-05-24 07:48:58,723 [5de18b20-4c2d-46f3-add3-84b533bc57c8@group-B173462F687E-LeaderElection10] INFO  impl.LeaderElection (LeaderElection.java:askForVotes(321)) - 5de18b20-4c2d-46f3-add3-84b533bc57c8@group-B173462F687E-LeaderElection10 ELECTION round 0: submit vote requests at term 1 for -1: peers:[5de18b20-4c2d-46f3-add3-84b533bc57c8|127.0.0.1:15023, 5319acd4-0e99-4000-a29b-b8c741da6a3d|127.0.0.1:15014, 0f6129c7-dda1-4d42-8d75-6a3ef1e9116c|127.0.0.1:15032]|listeners:[], old=null
2024-05-24 07:48:58,723 [5de18b20-4c2d-46f3-add3-84b533bc57c8@group-B173462F687E-LeaderElection10] INFO  server.RaftServerConfigKeys (ConfUtils.java:logFallback(53)) - raft.server.rpc.first-election.timeout.min = 5s (fallback to raft.server.rpc.timeout.min)
2024-05-24 07:48:58,723 [5de18b20-4c2d-46f3-add3-84b533bc57c8@group-B173462F687E-LeaderElection10] INFO  server.RaftServerConfigKeys (ConfUtils.java:logFallback(53)) - raft.server.rpc.first-election.timeout.max = 5200ms (fallback to raft.server.rpc.timeout.max)
2024-05-24 07:48:58,725 [grpc-default-executor-1] INFO  server.RaftServer$Division (RaftServerImpl.java:requestVote(1389)) - 5319acd4-0e99-4000-a29b-b8c741da6a3d@group-B173462F687E: receive requestVote(ELECTION, 5de18b20-4c2d-46f3-add3-84b533bc57c8, group-B173462F687E, 1, (t:0, i:0))
2024-05-24 07:48:58,725 [grpc-default-executor-1] INFO  impl.VoteContext (VoteContext.java:log(49)) - 5319acd4-0e99-4000-a29b-b8c741da6a3d@group-B173462F687E-FOLLOWER: accept ELECTION from 5de18b20-4c2d-46f3-add3-84b533bc57c8: our priority 0 <= candidate's priority 1
2024-05-24 07:48:58,725 [grpc-default-executor-1] INFO  server.RaftServer$Division (RaftServerImpl.java:setRole(383)) - 5319acd4-0e99-4000-a29b-b8c741da6a3d@group-B173462F687E: changes role from  FOLLOWER to FOLLOWER at term 1 for candidate:5de18b20-4c2d-46f3-add3-84b533bc57c8
2024-05-24 07:48:58,725 [grpc-default-executor-1] INFO  impl.RoleInfo (RoleInfo.java:shutdownFollowerState(110)) - 5319acd4-0e99-4000-a29b-b8c741da6a3d: shutdown 5319acd4-0e99-4000-a29b-b8c741da6a3d@group-B173462F687E-FollowerState
2024-05-24 07:48:58,725 [grpc-default-executor-1] INFO  impl.RoleInfo (RoleInfo.java:updateAndGet(139)) - 5319acd4-0e99-4000-a29b-b8c741da6a3d: start 5319acd4-0e99-4000-a29b-b8c741da6a3d@group-B173462F687E-FollowerState
2024-05-24 07:48:58,725 [grpc-default-executor-2] INFO  server.RaftServer$Division (RaftServerImpl.java:requestVote(1389)) - 0f6129c7-dda1-4d42-8d75-6a3ef1e9116c@group-B173462F687E: receive requestVote(ELECTION, 5de18b20-4c2d-46f3-add3-84b533bc57c8, group-B173462F687E, 1, (t:0, i:0))
2024-05-24 07:48:58,726 [grpc-default-executor-2] INFO  impl.VoteContext (VoteContext.java:log(49)) - 0f6129c7-dda1-4d42-8d75-6a3ef1e9116c@group-B173462F687E-FOLLOWER: accept ELECTION from 5de18b20-4c2d-46f3-add3-84b533bc57c8: our priority 0 <= candidate's priority 1
2024-05-24 07:48:58,726 [grpc-default-executor-2] INFO  server.RaftServer$Division (RaftServerImpl.java:setRole(383)) - 0f6129c7-dda1-4d42-8d75-6a3ef1e9116c@group-B173462F687E: changes role from  FOLLOWER to FOLLOWER at term 1 for candidate:5de18b20-4c2d-46f3-add3-84b533bc57c8
2024-05-24 07:48:58,726 [grpc-default-executor-2] INFO  impl.RoleInfo (RoleInfo.java:shutdownFollowerState(110)) - 0f6129c7-dda1-4d42-8d75-6a3ef1e9116c: shutdown 0f6129c7-dda1-4d42-8d75-6a3ef1e9116c@group-B173462F687E-FollowerState
2024-05-24 07:48:58,726 [grpc-default-executor-2] INFO  impl.RoleInfo (RoleInfo.java:updateAndGet(139)) - 0f6129c7-dda1-4d42-8d75-6a3ef1e9116c: start 0f6129c7-dda1-4d42-8d75-6a3ef1e9116c@group-B173462F687E-FollowerState
2024-05-24 07:48:58,726 [5319acd4-0e99-4000-a29b-b8c741da6a3d@group-B173462F687E-FollowerState] INFO  impl.FollowerState (FollowerState.java:run(152)) - 5319acd4-0e99-4000-a29b-b8c741da6a3d@group-B173462F687E-FollowerState was interrupted
2024-05-24 07:48:58,726 [0f6129c7-dda1-4d42-8d75-6a3ef1e9116c@group-B173462F687E-FollowerState] INFO  impl.FollowerState (FollowerState.java:run(152)) - 0f6129c7-dda1-4d42-8d75-6a3ef1e9116c@group-B173462F687E-FollowerState was interrupted
2024-05-24 07:48:58,728 [grpc-default-executor-1] INFO  server.RaftServer$Division (RaftServerImpl.java:requestVote(1422)) - 5319acd4-0e99-4000-a29b-b8c741da6a3d@group-B173462F687E replies to ELECTION vote request: 5de18b20-4c2d-46f3-add3-84b533bc57c8<-5319acd4-0e99-4000-a29b-b8c741da6a3d#0:OK-t1. Peer's state: 5319acd4-0e99-4000-a29b-b8c741da6a3d@group-B173462F687E:t1, leader=null, voted=5de18b20-4c2d-46f3-add3-84b533bc57c8, raftlog=Memoized:5319acd4-0e99-4000-a29b-b8c741da6a3d@group-B173462F687E-SegmentedRaftLog:OPENED:c-1, conf=-1: peers:[5de18b20-4c2d-46f3-add3-84b533bc57c8|127.0.0.1:15023, 5319acd4-0e99-4000-a29b-b8c741da6a3d|127.0.0.1:15014, 0f6129c7-dda1-4d42-8d75-6a3ef1e9116c|127.0.0.1:15032]|listeners:[], old=null
2024-05-24 07:48:58,730 [5de18b20-4c2d-46f3-add3-84b533bc57c8@group-B173462F687E-LeaderElection10] INFO  impl.LeaderElection (LeaderElection.java:logAndReturn(89)) - 5de18b20-4c2d-46f3-add3-84b533bc57c8@group-B173462F687E-LeaderElection10: ELECTION PASSED received 1 response(s) and 0 exception(s):
2024-05-24 07:48:58,730 [5de18b20-4c2d-46f3-add3-84b533bc57c8@group-B173462F687E-LeaderElection10] INFO  impl.LeaderElection (LeaderElection.java:logAndReturn(93)) -   Response 0: 5de18b20-4c2d-46f3-add3-84b533bc57c8<-5319acd4-0e99-4000-a29b-b8c741da6a3d#0:OK-t1
2024-05-24 07:48:58,730 [5de18b20-4c2d-46f3-add3-84b533bc57c8@group-B173462F687E-LeaderElection10] INFO  impl.LeaderElection (LeaderElection.java:askForVotes(323)) - 5de18b20-4c2d-46f3-add3-84b533bc57c8@group-B173462F687E-LeaderElection10 ELECTION round 0: result PASSED
2024-05-24 07:48:58,730 [5de18b20-4c2d-46f3-add3-84b533bc57c8@group-B173462F687E-LeaderElection10] INFO  impl.RoleInfo (RoleInfo.java:shutdownLeaderElection(130)) - 5de18b20-4c2d-46f3-add3-84b533bc57c8: shutdown 5de18b20-4c2d-46f3-add3-84b533bc57c8@group-B173462F687E-LeaderElection10
2024-05-24 07:48:58,730 [5de18b20-4c2d-46f3-add3-84b533bc57c8@group-B173462F687E-LeaderElection10] INFO  server.RaftServer$Division (RaftServerImpl.java:setRole(383)) - 5de18b20-4c2d-46f3-add3-84b533bc57c8@group-B173462F687E: changes role from CANDIDATE to LEADER at term 1 for changeToLeader
2024-05-24 07:48:58,730 [5de18b20-4c2d-46f3-add3-84b533bc57c8@group-B173462F687E-LeaderElection10] INFO  server.RaftServerConfigKeys (ConfUtils.java:logGet(46)) - raft.server.staging.catchup.gap = 1000 (default)
2024-05-24 07:48:58,731 [5de18b20-4c2d-46f3-add3-84b533bc57c8@group-B173462F687E-LeaderElection10] INFO  server.RaftServerConfigKeys (ConfUtils.java:logGet(46)) - raft.server.write.element-limit = 1024 (custom)
2024-05-24 07:48:58,731 [5de18b20-4c2d-46f3-add3-84b533bc57c8@group-B173462F687E-LeaderElection10] INFO  server.RaftServerConfigKeys (ConfUtils.java:logGet(46)) - raft.server.write.byte-limit = 1024 M (=1073741824) (custom)
2024-05-24 07:48:58,732 [5de18b20-4c2d-46f3-add3-84b533bc57c8@group-B173462F687E-LeaderElection10] INFO  server.RaftServerConfigKeys (ConfUtils.java:logGet(46)) - raft.server.watch.timeout = 180s (custom)
2024-05-24 07:48:58,732 [5de18b20-4c2d-46f3-add3-84b533bc57c8@group-B173462F687E-LeaderElection10] INFO  server.RaftServerConfigKeys (ConfUtils.java:logGet(46)) - raft.server.watch.timeout.denomination = 1s (default)
2024-05-24 07:48:58,732 [5de18b20-4c2d-46f3-add3-84b533bc57c8@group-B173462F687E-LeaderElection10] INFO  server.RaftServerConfigKeys (ConfUtils.java:logGet(46)) - raft.server.watch.element-limit = 65536 (default)
2024-05-24 07:48:58,732 [5de18b20-4c2d-46f3-add3-84b533bc57c8@group-B173462F687E-LeaderElection10] INFO  server.RaftServerConfigKeys (ConfUtils.java:logGet(46)) - raft.server.read.leader.lease.enabled = false (default)
2024-05-24 07:48:58,732 [5de18b20-4c2d-46f3-add3-84b533bc57c8@group-B173462F687E-LeaderElection10] INFO  server.RaftServerConfigKeys (ConfUtils.java:logGet(46)) - raft.server.read.leader.lease.timeout.ratio = 0.9 (default)
2024-05-24 07:48:58,732 [5de18b20-4c2d-46f3-add3-84b533bc57c8@group-B173462F687E-LeaderElection10] INFO  server.RaftServerConfigKeys (ConfUtils.java:logGet(46)) - raft.server.rpc.timeout.min = 5s (custom)
2024-05-24 07:48:58,732 [5de18b20-4c2d-46f3-add3-84b533bc57c8@group-B173462F687E-LeaderElection10] INFO  server.RaftServerConfigKeys (ConfUtils.java:logGet(46)) - raft.server.write.element-limit = 1024 (custom)
2024-05-24 07:48:58,732 [5de18b20-4c2d-46f3-add3-84b533bc57c8@group-B173462F687E-LeaderElection10] INFO  server.RaftServerConfigKeys (ConfUtils.java:logGet(46)) - raft.server.write.follower.gap.ratio.max = -1.0 (default)
2024-05-24 07:48:58,733 [5de18b20-4c2d-46f3-add3-84b533bc57c8@group-B173462F687E-LeaderElection10] INFO  server.RaftServerConfigKeys (ConfUtils.java:logGet(46)) - raft.server.log.appender.snapshot.chunk.size.max = 16MB (=16777216) (default)
2024-05-24 07:48:58,733 [5de18b20-4c2d-46f3-add3-84b533bc57c8@group-B173462F687E-LeaderElection10] INFO  server.RaftServerConfigKeys (ConfUtils.java:logGet(46)) - raft.server.log.appender.buffer.byte-limit = 8388608 (custom)
2024-05-24 07:48:58,733 [5de18b20-4c2d-46f3-add3-84b533bc57c8@group-B173462F687E-LeaderElection10] INFO  server.RaftServerConfigKeys (ConfUtils.java:logGet(46)) - raft.server.log.appender.buffer.element-limit = 1024 (custom)
2024-05-24 07:48:58,733 [5de18b20-4c2d-46f3-add3-84b533bc57c8@group-B173462F687E-LeaderElection10] INFO  server.RaftServerConfigKeys (ConfUtils.java:logGet(46)) - raft.server.log.appender.wait-time.min = 0μs (custom)
2024-05-24 07:48:58,734 [5de18b20-4c2d-46f3-add3-84b533bc57c8@group-B173462F687E-LeaderElection10] INFO  grpc.GrpcConfigKeys (ConfUtils.java:logGet(46)) - raft.grpc.server.leader.outstanding.appends.max = 8 (default)
2024-05-24 07:48:58,734 [5de18b20-4c2d-46f3-add3-84b533bc57c8@group-B173462F687E-LeaderElection10] INFO  server.RaftServerConfigKeys (ConfUtils.java:logGet(46)) - raft.server.rpc.request.timeout = 60s (custom)
2024-05-24 07:48:58,734 [5de18b20-4c2d-46f3-add3-84b533bc57c8@group-B173462F687E-LeaderElection10] INFO  grpc.GrpcConfigKeys (ConfUtils.java:logGet(46)) - raft.grpc.server.install_snapshot.request.element-limit = 8 (default)
2024-05-24 07:48:58,734 [5de18b20-4c2d-46f3-add3-84b533bc57c8@group-B173462F687E-LeaderElection10] INFO  grpc.GrpcConfigKeys (ConfUtils.java:logGet(46)) - raft.grpc.server.install_snapshot.request.timeout = 3000ms (default)
2024-05-24 07:48:58,734 [5de18b20-4c2d-46f3-add3-84b533bc57c8@group-B173462F687E-LeaderElection10] INFO  grpc.GrpcConfigKeys (ConfUtils.java:logGet(46)) - raft.grpc.server.log-message.batch.duration = 5s (default)
2024-05-24 07:48:58,734 [5de18b20-4c2d-46f3-add3-84b533bc57c8@group-B173462F687E-LeaderElection10] INFO  server.RaftServerConfigKeys (ConfUtils.java:logGet(46)) - raft.server.log.appender.install.snapshot.enabled = false (custom)
2024-05-24 07:48:58,734 [5de18b20-4c2d-46f3-add3-84b533bc57c8@group-B173462F687E-LeaderElection10] INFO  grpc.GrpcConfigKeys (ConfUtils.java:logGet(46)) - raft.grpc.server.heartbeat.channel = true (default)
2024-05-24 07:48:58,735 [5de18b20-4c2d-46f3-add3-84b533bc57c8@group-B173462F687E-LeaderElection10] INFO  server.RaftServerConfigKeys (ConfUtils.java:logGet(46)) - raft.server.log.appender.snapshot.chunk.size.max = 16MB (=16777216) (default)
2024-05-24 07:48:58,736 [5de18b20-4c2d-46f3-add3-84b533bc57c8@group-B173462F687E-LeaderElection10] INFO  server.RaftServerConfigKeys (ConfUtils.java:logGet(46)) - raft.server.log.appender.buffer.byte-limit = 8388608 (custom)
2024-05-24 07:48:58,736 [5de18b20-4c2d-46f3-add3-84b533bc57c8@group-B173462F687E-LeaderElection10] INFO  server.RaftServerConfigKeys (ConfUtils.java:logGet(46)) - raft.server.log.appender.buffer.element-limit = 1024 (custom)
2024-05-24 07:48:58,736 [5de18b20-4c2d-46f3-add3-84b533bc57c8@group-B173462F687E-LeaderElection10] INFO  server.RaftServerConfigKeys (ConfUtils.java:logGet(46)) - raft.server.log.appender.wait-time.min = 0μs (custom)
2024-05-24 07:48:58,736 [5de18b20-4c2d-46f3-add3-84b533bc57c8@group-B173462F687E-LeaderElection10] INFO  grpc.GrpcConfigKeys (ConfUtils.java:logGet(46)) - raft.grpc.server.leader.outstanding.appends.max = 8 (default)
2024-05-24 07:48:58,736 [5de18b20-4c2d-46f3-add3-84b533bc57c8@group-B173462F687E-LeaderElection10] INFO  server.RaftServerConfigKeys (ConfUtils.java:logGet(46)) - raft.server.rpc.request.timeout = 60s (custom)
2024-05-24 07:48:58,736 [5de18b20-4c2d-46f3-add3-84b533bc57c8@group-B173462F687E-LeaderElection10] INFO  grpc.GrpcConfigKeys (ConfUtils.java:logGet(46)) - raft.grpc.server.install_snapshot.request.element-limit = 8 (default)
2024-05-24 07:48:58,736 [5de18b20-4c2d-46f3-add3-84b533bc57c8@group-B173462F687E-LeaderElection10] INFO  grpc.GrpcConfigKeys (ConfUtils.java:logGet(46)) - raft.grpc.server.install_snapshot.request.timeout = 3000ms (default)
2024-05-24 07:48:58,736 [5de18b20-4c2d-46f3-add3-84b533bc57c8@group-B173462F687E-LeaderElection10] INFO  grpc.GrpcConfigKeys (ConfUtils.java:logGet(46)) - raft.grpc.server.log-message.batch.duration = 5s (default)
2024-05-24 07:48:58,736 [5de18b20-4c2d-46f3-add3-84b533bc57c8@group-B173462F687E-LeaderElection10] INFO  server.RaftServerConfigKeys (ConfUtils.java:logGet(46)) - raft.server.log.appender.install.snapshot.enabled = false (custom)
2024-05-24 07:48:58,736 [5de18b20-4c2d-46f3-add3-84b533bc57c8@group-B173462F687E-LeaderElection10] INFO  grpc.GrpcConfigKeys (ConfUtils.java:logGet(46)) - raft.grpc.server.heartbeat.channel = true (default)
2024-05-24 07:48:58,737 [5de18b20-4c2d-46f3-add3-84b533bc57c8@group-B173462F687E-LeaderElection10] INFO  impl.RoleInfo (RoleInfo.java:updateAndGet(139)) - 5de18b20-4c2d-46f3-add3-84b533bc57c8: start 5de18b20-4c2d-46f3-add3-84b533bc57c8@group-B173462F687E-LeaderStateImpl
2024-05-24 07:48:58,737 [5de18b20-4c2d-46f3-add3-84b533bc57c8@group-B173462F687E-LeaderElection10] INFO  server.RaftServer$Division (RaftServerImpl.java:setFirstElection(574)) - 5de18b20-4c2d-46f3-add3-84b533bc57c8@group-B173462F687E: set firstElectionSinceStartup to false for becomeLeader
2024-05-24 07:48:58,737 [5de18b20-4c2d-46f3-add3-84b533bc57c8@group-B173462F687E-LeaderElection10] INFO  ratis.XceiverServerRatis (XceiverServerRatis.java:handleLeaderChangedNotification(966)) - Leader change notification received for group: group-B173462F687E with new leaderId: 5de18b20-4c2d-46f3-add3-84b533bc57c8
2024-05-24 07:48:58,737 [5de18b20-4c2d-46f3-add3-84b533bc57c8@group-B173462F687E-LeaderElection10] INFO  server.RaftServer$Division (ServerState.java:setLeader(269)) - 5de18b20-4c2d-46f3-add3-84b533bc57c8@group-B173462F687E: change Leader from null to 5de18b20-4c2d-46f3-add3-84b533bc57c8 at term 1 for becomeLeader, leader elected after 5209ms
2024-05-24 07:48:58,738 [5de18b20-4c2d-46f3-add3-84b533bc57c8@group-B173462F687E-LeaderElection10] INFO  segmented.SegmentedRaftLogWorker (SegmentedRaftLogWorker.java:startLogSegment(430)) - 5de18b20-4c2d-46f3-add3-84b533bc57c8@group-B173462F687E-SegmentedRaftLogWorker: Starting segment from index:0
2024-05-24 07:48:58,738 [5de18b20-4c2d-46f3-add3-84b533bc57c8@group-B173462F687E-SegmentedRaftLogWorker] INFO  segmented.BufferedWriteChannel (BufferedWriteChannel.java:open(62)) - open log_inprogress_0 at position 0
2024-05-24 07:48:58,739 [grpc-default-executor-2] INFO  server.RaftServer$Division (RaftServerImpl.java:setFirstElection(574)) - 0f6129c7-dda1-4d42-8d75-6a3ef1e9116c@group-B173462F687E: set firstElectionSinceStartup to false for candidate:5de18b20-4c2d-46f3-add3-84b533bc57c8
2024-05-24 07:48:58,741 [grpc-default-executor-2] INFO  server.RaftServer$Division (RaftServerImpl.java:requestVote(1422)) - 0f6129c7-dda1-4d42-8d75-6a3ef1e9116c@group-B173462F687E replies to ELECTION vote request: 5de18b20-4c2d-46f3-add3-84b533bc57c8<-0f6129c7-dda1-4d42-8d75-6a3ef1e9116c#0:OK-t1. Peer's state: 0f6129c7-dda1-4d42-8d75-6a3ef1e9116c@group-B173462F687E:t1, leader=null, voted=5de18b20-4c2d-46f3-add3-84b533bc57c8, raftlog=Memoized:0f6129c7-dda1-4d42-8d75-6a3ef1e9116c@group-B173462F687E-SegmentedRaftLog:OPENED:c-1, conf=-1: peers:[5de18b20-4c2d-46f3-add3-84b533bc57c8|127.0.0.1:15023, 5319acd4-0e99-4000-a29b-b8c741da6a3d|127.0.0.1:15014, 0f6129c7-dda1-4d42-8d75-6a3ef1e9116c|127.0.0.1:15032]|listeners:[], old=null
2024-05-24 07:48:58,741 [EventQueue-PipelineReportForPipelineReportHandler] INFO  pipeline.PipelineReportHandler (PipelineReportHandler.java:processPipelineReport(136)) - Opened pipeline PipelineID=a57048c3-2bca-4495-b2d7-b173462f687e
2024-05-24 07:48:58,746 [5de18b20-4c2d-46f3-add3-84b533bc57c8@group-B173462F687E-LeaderElection10] INFO  server.RaftServer$Division (ServerState.java:setRaftConf(386)) - 5de18b20-4c2d-46f3-add3-84b533bc57c8@group-B173462F687E: set configuration 0: peers:[5de18b20-4c2d-46f3-add3-84b533bc57c8|127.0.0.1:15023, 5319acd4-0e99-4000-a29b-b8c741da6a3d|127.0.0.1:15014, 0f6129c7-dda1-4d42-8d75-6a3ef1e9116c|127.0.0.1:15032]|listeners:[], old=null
2024-05-24 07:48:58,749 [5de18b20-4c2d-46f3-add3-84b533bc57c8@group-B173462F687E-SegmentedRaftLogWorker] INFO  segmented.SegmentedRaftLogWorker (SegmentedRaftLogWorker.java:execute(634)) - 5de18b20-4c2d-46f3-add3-84b533bc57c8@group-B173462F687E-SegmentedRaftLogWorker: created new log segment /home/runner/work/ozone/ozone/hadoop-ozone/integration-test/target/test-dir/MiniOzoneClusterImpl-b501fab0-540e-4575-af6e-dde2336b059e/ozone-meta/datanode-2/ratis/a57048c3-2bca-4495-b2d7-b173462f687e/current/log_inprogress_0
2024-05-24 07:48:58,769 [5319acd4-0e99-4000-a29b-b8c741da6a3d-server-thread1] INFO  ratis.XceiverServerRatis (XceiverServerRatis.java:handleLeaderChangedNotification(966)) - Leader change notification received for group: group-B173462F687E with new leaderId: 5de18b20-4c2d-46f3-add3-84b533bc57c8
2024-05-24 07:48:58,770 [5319acd4-0e99-4000-a29b-b8c741da6a3d-server-thread1] INFO  server.RaftServer$Division (ServerState.java:setLeader(269)) - 5319acd4-0e99-4000-a29b-b8c741da6a3d@group-B173462F687E: change Leader from null to 5de18b20-4c2d-46f3-add3-84b533bc57c8 at term 1 for appendEntries, leader elected after 5259ms
2024-05-24 07:48:58,771 [713fd2b4-03fd-4bcc-8950-4119d378f2ca@group-DF8DC201CEBC-FollowerState] INFO  impl.FollowerState (FollowerState.java:run(143)) - 713fd2b4-03fd-4bcc-8950-4119d378f2ca@group-DF8DC201CEBC-FollowerState: change to CANDIDATE, lastRpcElapsedTime:5144283632ns, electionTimeout:5135ms
2024-05-24 07:48:58,771 [713fd2b4-03fd-4bcc-8950-4119d378f2ca@group-DF8DC201CEBC-FollowerState] INFO  impl.RoleInfo (RoleInfo.java:shutdownFollowerState(110)) - 713fd2b4-03fd-4bcc-8950-4119d378f2ca: shutdown 713fd2b4-03fd-4bcc-8950-4119d378f2ca@group-DF8DC201CEBC-FollowerState
2024-05-24 07:48:58,771 [713fd2b4-03fd-4bcc-8950-4119d378f2ca@group-DF8DC201CEBC-FollowerState] INFO  server.RaftServer$Division (RaftServerImpl.java:setRole(383)) - 713fd2b4-03fd-4bcc-8950-4119d378f2ca@group-DF8DC201CEBC: changes role from  FOLLOWER to CANDIDATE at term 0 for changeToCandidate
2024-05-24 07:48:58,771 [713fd2b4-03fd-4bcc-8950-4119d378f2ca@group-DF8DC201CEBC-FollowerState] INFO  server.RaftServerConfigKeys (ConfUtils.java:logGet(46)) - raft.server.leaderelection.pre-vote = true (default)
2024-05-24 07:48:58,771 [713fd2b4-03fd-4bcc-8950-4119d378f2ca@group-DF8DC201CEBC-FollowerState] INFO  impl.RoleInfo (RoleInfo.java:updateAndGet(139)) - 713fd2b4-03fd-4bcc-8950-4119d378f2ca: start 713fd2b4-03fd-4bcc-8950-4119d378f2ca@group-DF8DC201CEBC-LeaderElection11
2024-05-24 07:48:58,778 [0f6129c7-dda1-4d42-8d75-6a3ef1e9116c-server-thread2] INFO  ratis.XceiverServerRatis (XceiverServerRatis.java:handleLeaderChangedNotification(966)) - Leader change notification received for group: group-B173462F687E with new leaderId: 5de18b20-4c2d-46f3-add3-84b533bc57c8
2024-05-24 07:48:58,779 [0f6129c7-dda1-4d42-8d75-6a3ef1e9116c-server-thread2] INFO  server.RaftServer$Division (ServerState.java:setLeader(269)) - 0f6129c7-dda1-4d42-8d75-6a3ef1e9116c@group-B173462F687E: change Leader from null to 5de18b20-4c2d-46f3-add3-84b533bc57c8 at term 1 for appendEntries, leader elected after 5258ms
2024-05-24 07:48:58,779 [0f6129c7-dda1-4d42-8d75-6a3ef1e9116c-server-thread2] INFO  server.RaftServer$Division (ServerState.java:setRaftConf(386)) - 0f6129c7-dda1-4d42-8d75-6a3ef1e9116c@group-B173462F687E: set configuration 0: peers:[5de18b20-4c2d-46f3-add3-84b533bc57c8|127.0.0.1:15023, 5319acd4-0e99-4000-a29b-b8c741da6a3d|127.0.0.1:15014, 0f6129c7-dda1-4d42-8d75-6a3ef1e9116c|127.0.0.1:15032]|listeners:[], old=null
2024-05-24 07:48:58,779 [0f6129c7-dda1-4d42-8d75-6a3ef1e9116c-server-thread2] INFO  segmented.SegmentedRaftLogWorker (SegmentedRaftLogWorker.java:startLogSegment(430)) - 0f6129c7-dda1-4d42-8d75-6a3ef1e9116c@group-B173462F687E-SegmentedRaftLogWorker: Starting segment from index:0
2024-05-24 07:48:58,780 [0f6129c7-dda1-4d42-8d75-6a3ef1e9116c@group-B173462F687E-SegmentedRaftLogWorker] INFO  segmented.BufferedWriteChannel (BufferedWriteChannel.java:open(62)) - open log_inprogress_0 at position 0
2024-05-24 07:48:58,787 [0f6129c7-dda1-4d42-8d75-6a3ef1e9116c@group-B173462F687E-SegmentedRaftLogWorker] INFO  segmented.SegmentedRaftLogWorker (SegmentedRaftLogWorker.java:execute(634)) - 0f6129c7-dda1-4d42-8d75-6a3ef1e9116c@group-B173462F687E-SegmentedRaftLogWorker: created new log segment /home/runner/work/ozone/ozone/hadoop-ozone/integration-test/target/test-dir/MiniOzoneClusterImpl-b501fab0-540e-4575-af6e-dde2336b059e/ozone-meta/datanode-3/ratis/a57048c3-2bca-4495-b2d7-b173462f687e/current/log_inprogress_0
2024-05-24 07:48:58,788 [713fd2b4-03fd-4bcc-8950-4119d378f2ca@group-DF8DC201CEBC-LeaderElection11] INFO  impl.LeaderElection (LeaderElection.java:askForVotes(321)) - 713fd2b4-03fd-4bcc-8950-4119d378f2ca@group-DF8DC201CEBC-LeaderElection11 PRE_VOTE round 0: submit vote requests at term 0 for -1: peers:[713fd2b4-03fd-4bcc-8950-4119d378f2ca|127.0.0.1:15050, db578ef5-4e1f-4da7-abbd-ff28012a31de|127.0.0.1:15041, e689b99c-fc0b-4611-bf51-e78d9991fc84|127.0.0.1:15059]|listeners:[], old=null
2024-05-24 07:48:58,792 [5de18b20-4c2d-46f3-add3-84b533bc57c8@group-B173462F687E-StateMachineUpdater] INFO  server.RaftServer$Division (LeaderStateImpl.java:isApplied(320)) - leader is ready since appliedIndex == 0 >= startIndex == 0
2024-05-24 07:48:58,800 [5319acd4-0e99-4000-a29b-b8c741da6a3d-server-thread3] INFO  server.RaftServer$Division (ServerState.java:setRaftConf(386)) - 5319acd4-0e99-4000-a29b-b8c741da6a3d@group-B173462F687E: set configuration 0: peers:[5de18b20-4c2d-46f3-add3-84b533bc57c8|127.0.0.1:15023, 5319acd4-0e99-4000-a29b-b8c741da6a3d|127.0.0.1:15014, 0f6129c7-dda1-4d42-8d75-6a3ef1e9116c|127.0.0.1:15032]|listeners:[], old=null
2024-05-24 07:48:58,801 [5319acd4-0e99-4000-a29b-b8c741da6a3d-server-thread3] INFO  segmented.SegmentedRaftLogWorker (SegmentedRaftLogWorker.java:startLogSegment(430)) - 5319acd4-0e99-4000-a29b-b8c741da6a3d@group-B173462F687E-SegmentedRaftLogWorker: Starting segment from index:0
2024-05-24 07:48:58,802 [5319acd4-0e99-4000-a29b-b8c741da6a3d@group-B173462F687E-SegmentedRaftLogWorker] INFO  segmented.BufferedWriteChannel (BufferedWriteChannel.java:open(62)) - open log_inprogress_0 at position 0
2024-05-24 07:48:58,804 [713fd2b4-03fd-4bcc-8950-4119d378f2ca@group-DF8DC201CEBC-LeaderElection11-1] INFO  server.GrpcServerProtocolClient (GrpcServerProtocolClient.java:<init>(65)) - Build channel for db578ef5-4e1f-4da7-abbd-ff28012a31de|127.0.0.1:15041
2024-05-24 07:48:58,809 [5319acd4-0e99-4000-a29b-b8c741da6a3d@group-B173462F687E-SegmentedRaftLogWorker] INFO  segmented.SegmentedRaftLogWorker (SegmentedRaftLogWorker.java:execute(634)) - 5319acd4-0e99-4000-a29b-b8c741da6a3d@group-B173462F687E-SegmentedRaftLogWorker: created new log segment /home/runner/work/ozone/ozone/hadoop-ozone/integration-test/target/test-dir/MiniOzoneClusterImpl-b501fab0-540e-4575-af6e-dde2336b059e/ozone-meta/datanode-1/ratis/a57048c3-2bca-4495-b2d7-b173462f687e/current/log_inprogress_0
2024-05-24 07:48:58,812 [grpc-default-executor-0] INFO  server.RaftServer$Division (RaftServerImpl.java:requestVote(1389)) - db578ef5-4e1f-4da7-abbd-ff28012a31de@group-DF8DC201CEBC: receive requestVote(PRE_VOTE, 713fd2b4-03fd-4bcc-8950-4119d378f2ca, group-DF8DC201CEBC, 0, (t:0, i:0))
2024-05-24 07:48:58,812 [grpc-default-executor-0] INFO  impl.VoteContext (VoteContext.java:log(49)) - db578ef5-4e1f-4da7-abbd-ff28012a31de@group-DF8DC201CEBC-FOLLOWER: accept PRE_VOTE from 713fd2b4-03fd-4bcc-8950-4119d378f2ca: our priority 0 <= candidate's priority 1
2024-05-24 07:48:58,812 [grpc-default-executor-0] INFO  server.RaftServer$Division (RaftServerImpl.java:requestVote(1422)) - db578ef5-4e1f-4da7-abbd-ff28012a31de@group-DF8DC201CEBC replies to PRE_VOTE vote request: 713fd2b4-03fd-4bcc-8950-4119d378f2ca<-db578ef5-4e1f-4da7-abbd-ff28012a31de#0:OK-t0. Peer's state: db578ef5-4e1f-4da7-abbd-ff28012a31de@group-DF8DC201CEBC:t0, leader=null, voted=, raftlog=Memoized:db578ef5-4e1f-4da7-abbd-ff28012a31de@group-DF8DC201CEBC-SegmentedRaftLog:OPENED:c-1, conf=-1: peers:[713fd2b4-03fd-4bcc-8950-4119d378f2ca|127.0.0.1:15050, db578ef5-4e1f-4da7-abbd-ff28012a31de|127.0.0.1:15041, e689b99c-fc0b-4611-bf51-e78d9991fc84|127.0.0.1:15059]|listeners:[], old=null
2024-05-24 07:48:58,814 [713fd2b4-03fd-4bcc-8950-4119d378f2ca@group-DF8DC201CEBC-LeaderElection11] INFO  server.RaftServerConfigKeys (ConfUtils.java:logFallback(53)) - raft.server.rpc.first-election.timeout.min = 5s (fallback to raft.server.rpc.timeout.min)
2024-05-24 07:48:58,814 [713fd2b4-03fd-4bcc-8950-4119d378f2ca@group-DF8DC201CEBC-LeaderElection11] INFO  server.RaftServerConfigKeys (ConfUtils.java:logFallback(53)) - raft.server.rpc.first-election.timeout.max = 5200ms (fallback to raft.server.rpc.timeout.max)
2024-05-24 07:48:58,814 [713fd2b4-03fd-4bcc-8950-4119d378f2ca@group-DF8DC201CEBC-LeaderElection11] INFO  impl.LeaderElection (LeaderElection.java:logAndReturn(89)) - 713fd2b4-03fd-4bcc-8950-4119d378f2ca@group-DF8DC201CEBC-LeaderElection11: PRE_VOTE PASSED received 1 response(s) and 0 exception(s):
2024-05-24 07:48:58,814 [713fd2b4-03fd-4bcc-8950-4119d378f2ca@group-DF8DC201CEBC-LeaderElection11] INFO  impl.LeaderElection (LeaderElection.java:logAndReturn(93)) -   Response 0: 713fd2b4-03fd-4bcc-8950-4119d378f2ca<-db578ef5-4e1f-4da7-abbd-ff28012a31de#0:OK-t0
2024-05-24 07:48:58,814 [713fd2b4-03fd-4bcc-8950-4119d378f2ca@group-DF8DC201CEBC-LeaderElection11] INFO  impl.LeaderElection (LeaderElection.java:askForVotes(323)) - 713fd2b4-03fd-4bcc-8950-4119d378f2ca@group-DF8DC201CEBC-LeaderElection11 PRE_VOTE round 0: result PASSED
2024-05-24 07:48:58,814 [713fd2b4-03fd-4bcc-8950-4119d378f2ca@group-DF8DC201CEBC-LeaderElection11-2] INFO  server.GrpcServerProtocolClient (GrpcServerProtocolClient.java:<init>(65)) - Build channel for e689b99c-fc0b-4611-bf51-e78d9991fc84|127.0.0.1:15059
2024-05-24 07:48:58,815 [713fd2b4-03fd-4bcc-8950-4119d378f2ca@group-DF8DC201CEBC-LeaderElection11] INFO  impl.LeaderElection (LeaderElection.java:askForVotes(321)) - 713fd2b4-03fd-4bcc-8950-4119d378f2ca@group-DF8DC201CEBC-LeaderElection11 ELECTION round 0: submit vote requests at term 1 for -1: peers:[713fd2b4-03fd-4bcc-8950-4119d378f2ca|127.0.0.1:15050, db578ef5-4e1f-4da7-abbd-ff28012a31de|127.0.0.1:15041, e689b99c-fc0b-4611-bf51-e78d9991fc84|127.0.0.1:15059]|listeners:[], old=null
2024-05-24 07:48:58,816 [713fd2b4-03fd-4bcc-8950-4119d378f2ca@group-DF8DC201CEBC-LeaderElection11] INFO  server.RaftServerConfigKeys (ConfUtils.java:logFallback(53)) - raft.server.rpc.first-election.timeout.min = 5s (fallback to raft.server.rpc.timeout.min)
2024-05-24 07:48:58,816 [713fd2b4-03fd-4bcc-8950-4119d378f2ca@group-DF8DC201CEBC-LeaderElection11] INFO  server.RaftServerConfigKeys (ConfUtils.java:logFallback(53)) - raft.server.rpc.first-election.timeout.max = 5200ms (fallback to raft.server.rpc.timeout.max)
2024-05-24 07:48:58,817 [grpc-default-executor-0] INFO  server.RaftServer$Division (RaftServerImpl.java:requestVote(1389)) - db578ef5-4e1f-4da7-abbd-ff28012a31de@group-DF8DC201CEBC: receive requestVote(ELECTION, 713fd2b4-03fd-4bcc-8950-4119d378f2ca, group-DF8DC201CEBC, 1, (t:0, i:0))
2024-05-24 07:48:58,817 [grpc-default-executor-0] INFO  impl.VoteContext (VoteContext.java:log(49)) - db578ef5-4e1f-4da7-abbd-ff28012a31de@group-DF8DC201CEBC-FOLLOWER: accept ELECTION from 713fd2b4-03fd-4bcc-8950-4119d378f2ca: our priority 0 <= candidate's priority 1
2024-05-24 07:48:58,817 [grpc-default-executor-0] INFO  server.RaftServer$Division (RaftServerImpl.java:setRole(383)) - db578ef5-4e1f-4da7-abbd-ff28012a31de@group-DF8DC201CEBC: changes role from  FOLLOWER to FOLLOWER at term 1 for candidate:713fd2b4-03fd-4bcc-8950-4119d378f2ca
2024-05-24 07:48:58,817 [grpc-default-executor-0] INFO  impl.RoleInfo (RoleInfo.java:shutdownFollowerState(110)) - db578ef5-4e1f-4da7-abbd-ff28012a31de: shutdown db578ef5-4e1f-4da7-abbd-ff28012a31de@group-DF8DC201CEBC-FollowerState
2024-05-24 07:48:58,817 [grpc-default-executor-0] INFO  impl.RoleInfo (RoleInfo.java:updateAndGet(139)) - db578ef5-4e1f-4da7-abbd-ff28012a31de: start db578ef5-4e1f-4da7-abbd-ff28012a31de@group-DF8DC201CEBC-FollowerState
2024-05-24 07:48:58,818 [db578ef5-4e1f-4da7-abbd-ff28012a31de@group-DF8DC201CEBC-FollowerState] INFO  impl.FollowerState (FollowerState.java:run(152)) - db578ef5-4e1f-4da7-abbd-ff28012a31de@group-DF8DC201CEBC-FollowerState was interrupted
2024-05-24 07:48:58,824 [grpc-default-executor-2] INFO  server.RaftServer$Division (RaftServerImpl.java:requestVote(1389)) - e689b99c-fc0b-4611-bf51-e78d9991fc84@group-DF8DC201CEBC: receive requestVote(ELECTION, 713fd2b4-03fd-4bcc-8950-4119d378f2ca, group-DF8DC201CEBC, 1, (t:0, i:0))
2024-05-24 07:48:58,824 [grpc-default-executor-2] INFO  impl.VoteContext (VoteContext.java:log(49)) - e689b99c-fc0b-4611-bf51-e78d9991fc84@group-DF8DC201CEBC-FOLLOWER: accept ELECTION from 713fd2b4-03fd-4bcc-8950-4119d378f2ca: our priority 0 <= candidate's priority 1
2024-05-24 07:48:58,825 [grpc-default-executor-2] INFO  server.RaftServer$Division (RaftServerImpl.java:setRole(383)) - e689b99c-fc0b-4611-bf51-e78d9991fc84@group-DF8DC201CEBC: changes role from  FOLLOWER to FOLLOWER at term 1 for candidate:713fd2b4-03fd-4bcc-8950-4119d378f2ca
2024-05-24 07:48:58,825 [grpc-default-executor-2] INFO  impl.RoleInfo (RoleInfo.java:shutdownFollowerState(110)) - e689b99c-fc0b-4611-bf51-e78d9991fc84: shutdown e689b99c-fc0b-4611-bf51-e78d9991fc84@group-DF8DC201CEBC-FollowerState
2024-05-24 07:48:58,825 [grpc-default-executor-2] INFO  impl.RoleInfo (RoleInfo.java:updateAndGet(139)) - e689b99c-fc0b-4611-bf51-e78d9991fc84: start e689b99c-fc0b-4611-bf51-e78d9991fc84@group-DF8DC201CEBC-FollowerState
2024-05-24 07:48:58,825 [e689b99c-fc0b-4611-bf51-e78d9991fc84@group-DF8DC201CEBC-FollowerState] INFO  impl.FollowerState (FollowerState.java:run(152)) - e689b99c-fc0b-4611-bf51-e78d9991fc84@group-DF8DC201CEBC-FollowerState was interrupted
2024-05-24 07:48:58,826 [grpc-default-executor-1] INFO  server.RaftServer$Division (RaftServerImpl.java:requestVote(1389)) - e689b99c-fc0b-4611-bf51-e78d9991fc84@group-DF8DC201CEBC: receive requestVote(PRE_VOTE, 713fd2b4-03fd-4bcc-8950-4119d378f2ca, group-DF8DC201CEBC, 0, (t:0, i:0))
2024-05-24 07:48:58,828 [grpc-default-executor-2] INFO  server.RaftServer$Division (RaftServerImpl.java:setFirstElection(574)) - e689b99c-fc0b-4611-bf51-e78d9991fc84@group-DF8DC201CEBC: set firstElectionSinceStartup to false for candidate:713fd2b4-03fd-4bcc-8950-4119d378f2ca
2024-05-24 07:48:58,829 [grpc-default-executor-2] INFO  server.RaftServer$Division (RaftServerImpl.java:requestVote(1422)) - e689b99c-fc0b-4611-bf51-e78d9991fc84@group-DF8DC201CEBC replies to ELECTION vote request: 713fd2b4-03fd-4bcc-8950-4119d378f2ca<-e689b99c-fc0b-4611-bf51-e78d9991fc84#0:OK-t1. Peer's state: e689b99c-fc0b-4611-bf51-e78d9991fc84@group-DF8DC201CEBC:t1, leader=null, voted=713fd2b4-03fd-4bcc-8950-4119d378f2ca, raftlog=Memoized:e689b99c-fc0b-4611-bf51-e78d9991fc84@group-DF8DC201CEBC-SegmentedRaftLog:OPENED:c-1, conf=-1: peers:[713fd2b4-03fd-4bcc-8950-4119d378f2ca|127.0.0.1:15050, db578ef5-4e1f-4da7-abbd-ff28012a31de|127.0.0.1:15041, e689b99c-fc0b-4611-bf51-e78d9991fc84|127.0.0.1:15059]|listeners:[], old=null
2024-05-24 07:48:58,829 [grpc-default-executor-0] INFO  server.RaftServer$Division (RaftServerImpl.java:requestVote(1422)) - db578ef5-4e1f-4da7-abbd-ff28012a31de@group-DF8DC201CEBC replies to ELECTION vote request: 713fd2b4-03fd-4bcc-8950-4119d378f2ca<-db578ef5-4e1f-4da7-abbd-ff28012a31de#0:OK-t1. Peer's state: db578ef5-4e1f-4da7-abbd-ff28012a31de@group-DF8DC201CEBC:t1, leader=null, voted=713fd2b4-03fd-4bcc-8950-4119d378f2ca, raftlog=Memoized:db578ef5-4e1f-4da7-abbd-ff28012a31de@group-DF8DC201CEBC-SegmentedRaftLog:OPENED:c-1, conf=-1: peers:[713fd2b4-03fd-4bcc-8950-4119d378f2ca|127.0.0.1:15050, db578ef5-4e1f-4da7-abbd-ff28012a31de|127.0.0.1:15041, e689b99c-fc0b-4611-bf51-e78d9991fc84|127.0.0.1:15059]|listeners:[], old=null
2024-05-24 07:48:58,830 [grpc-default-executor-1] INFO  impl.VoteContext (VoteContext.java:log(49)) - e689b99c-fc0b-4611-bf51-e78d9991fc84@group-DF8DC201CEBC-FOLLOWER: accept PRE_VOTE from 713fd2b4-03fd-4bcc-8950-4119d378f2ca: our priority 0 <= candidate's priority 1
2024-05-24 07:48:58,830 [grpc-default-executor-1] INFO  server.RaftServer$Division (RaftServerImpl.java:requestVote(1422)) - e689b99c-fc0b-4611-bf51-e78d9991fc84@group-DF8DC201CEBC replies to PRE_VOTE vote request: 713fd2b4-03fd-4bcc-8950-4119d378f2ca<-e689b99c-fc0b-4611-bf51-e78d9991fc84#0:OK-t1. Peer's state: e689b99c-fc0b-4611-bf51-e78d9991fc84@group-DF8DC201CEBC:t1, leader=null, voted=713fd2b4-03fd-4bcc-8950-4119d378f2ca, raftlog=Memoized:e689b99c-fc0b-4611-bf51-e78d9991fc84@group-DF8DC201CEBC-SegmentedRaftLog:OPENED:c-1, conf=-1: peers:[713fd2b4-03fd-4bcc-8950-4119d378f2ca|127.0.0.1:15050, db578ef5-4e1f-4da7-abbd-ff28012a31de|127.0.0.1:15041, e689b99c-fc0b-4611-bf51-e78d9991fc84|127.0.0.1:15059]|listeners:[], old=null
2024-05-24 07:48:58,831 [713fd2b4-03fd-4bcc-8950-4119d378f2ca@group-DF8DC201CEBC-LeaderElection11] INFO  impl.LeaderElection (LeaderElection.java:logAndReturn(89)) - 713fd2b4-03fd-4bcc-8950-4119d378f2ca@group-DF8DC201CEBC-LeaderElection11: ELECTION PASSED received 1 response(s) and 0 exception(s):
2024-05-24 07:48:58,831 [713fd2b4-03fd-4bcc-8950-4119d378f2ca@group-DF8DC201CEBC-LeaderElection11] INFO  impl.LeaderElection (LeaderElection.java:logAndReturn(93)) -   Response 0: 713fd2b4-03fd-4bcc-8950-4119d378f2ca<-db578ef5-4e1f-4da7-abbd-ff28012a31de#0:OK-t1
2024-05-24 07:48:58,831 [713fd2b4-03fd-4bcc-8950-4119d378f2ca@group-DF8DC201CEBC-LeaderElection11] INFO  impl.LeaderElection (LeaderElection.java:askForVotes(323)) - 713fd2b4-03fd-4bcc-8950-4119d378f2ca@group-DF8DC201CEBC-LeaderElection11 ELECTION round 0: result PASSED
2024-05-24 07:48:58,831 [713fd2b4-03fd-4bcc-8950-4119d378f2ca@group-DF8DC201CEBC-LeaderElection11] INFO  impl.RoleInfo (RoleInfo.java:shutdownLeaderElection(130)) - 713fd2b4-03fd-4bcc-8950-4119d378f2ca: shutdown 713fd2b4-03fd-4bcc-8950-4119d378f2ca@group-DF8DC201CEBC-LeaderElection11
2024-05-24 07:48:58,831 [713fd2b4-03fd-4bcc-8950-4119d378f2ca@group-DF8DC201CEBC-LeaderElection11] INFO  server.RaftServer$Division (RaftServerImpl.java:setRole(383)) - 713fd2b4-03fd-4bcc-8950-4119d378f2ca@group-DF8DC201CEBC: changes role from CANDIDATE to LEADER at term 1 for changeToLeader
2024-05-24 07:48:58,831 [713fd2b4-03fd-4bcc-8950-4119d378f2ca@group-DF8DC201CEBC-LeaderElection11] INFO  server.RaftServerConfigKeys (ConfUtils.java:logGet(46)) - raft.server.staging.catchup.gap = 1000 (default)
2024-05-24 07:48:58,831 [713fd2b4-03fd-4bcc-8950-4119d378f2ca@group-DF8DC201CEBC-LeaderElection11] INFO  server.RaftServerConfigKeys (ConfUtils.java:logGet(46)) - raft.server.write.element-limit = 1024 (custom)
2024-05-24 07:48:58,831 [713fd2b4-03fd-4bcc-8950-4119d378f2ca@group-DF8DC201CEBC-LeaderElection11] INFO  server.RaftServerConfigKeys (ConfUtils.java:logGet(46)) - raft.server.write.byte-limit = 1024 M (=1073741824) (custom)
2024-05-24 07:48:58,832 [e689b99c-fc0b-4611-bf51-e78d9991fc84@group-83ECF5310756-FollowerState] INFO  impl.FollowerState (FollowerState.java:run(143)) - e689b99c-fc0b-4611-bf51-e78d9991fc84@group-83ECF5310756-FollowerState: change to CANDIDATE, lastRpcElapsedTime:5102519026ns, electionTimeout:5099ms
2024-05-24 07:48:58,832 [e689b99c-fc0b-4611-bf51-e78d9991fc84@group-83ECF5310756-FollowerState] INFO  impl.RoleInfo (RoleInfo.java:shutdownFollowerState(110)) - e689b99c-fc0b-4611-bf51-e78d9991fc84: shutdown e689b99c-fc0b-4611-bf51-e78d9991fc84@group-83ECF5310756-FollowerState
2024-05-24 07:48:58,832 [713fd2b4-03fd-4bcc-8950-4119d378f2ca@group-DF8DC201CEBC-LeaderElection11] INFO  server.RaftServerConfigKeys (ConfUtils.java:logGet(46)) - raft.server.watch.timeout = 180s (custom)
2024-05-24 07:48:58,832 [713fd2b4-03fd-4bcc-8950-4119d378f2ca@group-DF8DC201CEBC-LeaderElection11] INFO  server.RaftServerConfigKeys (ConfUtils.java:logGet(46)) - raft.server.watch.timeout.denomination = 1s (default)
2024-05-24 07:48:58,832 [713fd2b4-03fd-4bcc-8950-4119d378f2ca@group-DF8DC201CEBC-LeaderElection11] INFO  server.RaftServerConfigKeys (ConfUtils.java:logGet(46)) - raft.server.watch.element-limit = 65536 (default)
2024-05-24 07:48:58,832 [713fd2b4-03fd-4bcc-8950-4119d378f2ca@group-DF8DC201CEBC-LeaderElection11] INFO  server.RaftServerConfigKeys (ConfUtils.java:logGet(46)) - raft.server.read.leader.lease.enabled = false (default)
2024-05-24 07:48:58,832 [713fd2b4-03fd-4bcc-8950-4119d378f2ca@group-DF8DC201CEBC-LeaderElection11] INFO  server.RaftServerConfigKeys (ConfUtils.java:logGet(46)) - raft.server.read.leader.lease.timeout.ratio = 0.9 (default)
2024-05-24 07:48:58,833 [713fd2b4-03fd-4bcc-8950-4119d378f2ca@group-DF8DC201CEBC-LeaderElection11] INFO  server.RaftServerConfigKeys (ConfUtils.java:logGet(46)) - raft.server.rpc.timeout.min = 5s (custom)
2024-05-24 07:48:58,833 [713fd2b4-03fd-4bcc-8950-4119d378f2ca@group-DF8DC201CEBC-LeaderElection11] INFO  server.RaftServerConfigKeys (ConfUtils.java:logGet(46)) - raft.server.write.element-limit = 1024 (custom)
2024-05-24 07:48:58,833 [713fd2b4-03fd-4bcc-8950-4119d378f2ca@group-DF8DC201CEBC-LeaderElection11] INFO  server.RaftServerConfigKeys (ConfUtils.java:logGet(46)) - raft.server.write.follower.gap.ratio.max = -1.0 (default)
2024-05-24 07:48:58,833 [713fd2b4-03fd-4bcc-8950-4119d378f2ca@group-DF8DC201CEBC-LeaderElection11] INFO  server.RaftServerConfigKeys (ConfUtils.java:logGet(46)) - raft.server.log.appender.snapshot.chunk.size.max = 16MB (=16777216) (default)
2024-05-24 07:48:58,833 [713fd2b4-03fd-4bcc-8950-4119d378f2ca@group-DF8DC201CEBC-LeaderElection11] INFO  server.RaftServerConfigKeys (ConfUtils.java:logGet(46)) - raft.server.log.appender.buffer.byte-limit = 8388608 (custom)
2024-05-24 07:48:58,834 [713fd2b4-03fd-4bcc-8950-4119d378f2ca@group-DF8DC201CEBC-LeaderElection11] INFO  server.RaftServerConfigKeys (ConfUtils.java:logGet(46)) - raft.server.log.appender.buffer.element-limit = 1024 (custom)
2024-05-24 07:48:58,834 [713fd2b4-03fd-4bcc-8950-4119d378f2ca@group-DF8DC201CEBC-LeaderElection11] INFO  server.RaftServerConfigKeys (ConfUtils.java:logGet(46)) - raft.server.log.appender.wait-time.min = 0μs (custom)
2024-05-24 07:48:58,834 [713fd2b4-03fd-4bcc-8950-4119d378f2ca@group-DF8DC201CEBC-LeaderElection11] INFO  grpc.GrpcConfigKeys (ConfUtils.java:logGet(46)) - raft.grpc.server.leader.outstanding.appends.max = 8 (default)
2024-05-24 07:48:58,834 [713fd2b4-03fd-4bcc-8950-4119d378f2ca@group-DF8DC201CEBC-LeaderElection11] INFO  server.RaftServerConfigKeys (ConfUtils.java:logGet(46)) - raft.server.rpc.request.timeout = 60s (custom)
2024-05-24 07:48:58,834 [713fd2b4-03fd-4bcc-8950-4119d378f2ca@group-DF8DC201CEBC-LeaderElection11] INFO  grpc.GrpcConfigKeys (ConfUtils.java:logGet(46)) - raft.grpc.server.install_snapshot.request.element-limit = 8 (default)
2024-05-24 07:48:58,834 [713fd2b4-03fd-4bcc-8950-4119d378f2ca@group-DF8DC201CEBC-LeaderElection11] INFO  grpc.GrpcConfigKeys (ConfUtils.java:logGet(46)) - raft.grpc.server.install_snapshot.request.timeout = 3000ms (default)
2024-05-24 07:48:58,834 [713fd2b4-03fd-4bcc-8950-4119d378f2ca@group-DF8DC201CEBC-LeaderElection11] INFO  grpc.GrpcConfigKeys (ConfUtils.java:logGet(46)) - raft.grpc.server.log-message.batch.duration = 5s (default)
2024-05-24 07:48:58,834 [713fd2b4-03fd-4bcc-8950-4119d378f2ca@group-DF8DC201CEBC-LeaderElection11] INFO  server.RaftServerConfigKeys (ConfUtils.java:logGet(46)) - raft.server.log.appender.install.snapshot.enabled = false (custom)
2024-05-24 07:48:58,834 [713fd2b4-03fd-4bcc-8950-4119d378f2ca@group-DF8DC201CEBC-LeaderElection11] INFO  grpc.GrpcConfigKeys (ConfUtils.java:logGet(46)) - raft.grpc.server.heartbeat.channel = true (default)
2024-05-24 07:48:58,835 [26f71362-a48a-41de-9ada-52ca0d6b3643@group-22B4A15544E8-FollowerState] INFO  impl.FollowerState (FollowerState.java:run(143)) - 26f71362-a48a-41de-9ada-52ca0d6b3643@group-22B4A15544E8-FollowerState: change to CANDIDATE, lastRpcElapsedTime:5063820730ns, electionTimeout:5052ms
2024-05-24 07:48:58,835 [26f71362-a48a-41de-9ada-52ca0d6b3643@group-22B4A15544E8-FollowerState] INFO  impl.RoleInfo (RoleInfo.java:shutdownFollowerState(110)) - 26f71362-a48a-41de-9ada-52ca0d6b3643: shutdown 26f71362-a48a-41de-9ada-52ca0d6b3643@group-22B4A15544E8-FollowerState
2024-05-24 07:48:58,835 [26f71362-a48a-41de-9ada-52ca0d6b3643@group-22B4A15544E8-FollowerState] INFO  server.RaftServer$Division (RaftServerImpl.java:setRole(383)) - 26f71362-a48a-41de-9ada-52ca0d6b3643@group-22B4A15544E8: changes role from  FOLLOWER to CANDIDATE at term 0 for changeToCandidate
2024-05-24 07:48:58,835 [26f71362-a48a-41de-9ada-52ca0d6b3643@group-22B4A15544E8-FollowerState] INFO  server.RaftServerConfigKeys (ConfUtils.java:logGet(46)) - raft.server.leaderelection.pre-vote = true (default)
2024-05-24 07:48:58,835 [26f71362-a48a-41de-9ada-52ca0d6b3643@group-22B4A15544E8-FollowerState] INFO  impl.RoleInfo (RoleInfo.java:updateAndGet(139)) - 26f71362-a48a-41de-9ada-52ca0d6b3643: start 26f71362-a48a-41de-9ada-52ca0d6b3643@group-22B4A15544E8-LeaderElection12
2024-05-24 07:48:58,832 [e689b99c-fc0b-4611-bf51-e78d9991fc84@group-83ECF5310756-FollowerState] INFO  server.RaftServer$Division (RaftServerImpl.java:setRole(383)) - e689b99c-fc0b-4611-bf51-e78d9991fc84@group-83ECF5310756: changes role from  FOLLOWER to CANDIDATE at term 0 for changeToCandidate
2024-05-24 07:48:58,836 [e689b99c-fc0b-4611-bf51-e78d9991fc84@group-83ECF5310756-FollowerState] INFO  server.RaftServerConfigKeys (ConfUtils.java:logGet(46)) - raft.server.leaderelection.pre-vote = true (default)
2024-05-24 07:48:58,836 [e689b99c-fc0b-4611-bf51-e78d9991fc84@group-83ECF5310756-FollowerState] INFO  impl.RoleInfo (RoleInfo.java:updateAndGet(139)) - e689b99c-fc0b-4611-bf51-e78d9991fc84: start e689b99c-fc0b-4611-bf51-e78d9991fc84@group-83ECF5310756-LeaderElection13
2024-05-24 07:48:58,836 [26f71362-a48a-41de-9ada-52ca0d6b3643@group-22B4A15544E8-LeaderElection12] INFO  impl.LeaderElection (LeaderElection.java:askForVotes(321)) - 26f71362-a48a-41de-9ada-52ca0d6b3643@group-22B4A15544E8-LeaderElection12 PRE_VOTE round 0: submit vote requests at term 0 for -1: peers:[26f71362-a48a-41de-9ada-52ca0d6b3643|127.0.0.1:15068]|listeners:[], old=null
2024-05-24 07:48:58,836 [26f71362-a48a-41de-9ada-52ca0d6b3643@group-22B4A15544E8-LeaderElection12] INFO  impl.LeaderElection (LeaderElection.java:askForVotes(323)) - 26f71362-a48a-41de-9ada-52ca0d6b3643@group-22B4A15544E8-LeaderElection12 PRE_VOTE round 0: result PASSED (term=0)
2024-05-24 07:48:58,836 [713fd2b4-03fd-4bcc-8950-4119d378f2ca@group-DF8DC201CEBC-LeaderElection11] INFO  server.RaftServerConfigKeys (ConfUtils.java:logGet(46)) - raft.server.log.appender.snapshot.chunk.size.max = 16MB (=16777216) (default)
2024-05-24 07:48:58,836 [713fd2b4-03fd-4bcc-8950-4119d378f2ca@group-DF8DC201CEBC-LeaderElection11] INFO  server.RaftServerConfigKeys (ConfUtils.java:logGet(46)) - raft.server.log.appender.buffer.byte-limit = 8388608 (custom)
2024-05-24 07:48:58,836 [713fd2b4-03fd-4bcc-8950-4119d378f2ca@group-DF8DC201CEBC-LeaderElection11] INFO  server.RaftServerConfigKeys (ConfUtils.java:logGet(46)) - raft.server.log.appender.buffer.element-limit = 1024 (custom)
2024-05-24 07:48:58,837 [713fd2b4-03fd-4bcc-8950-4119d378f2ca@group-DF8DC201CEBC-LeaderElection11] INFO  server.RaftServerConfigKeys (ConfUtils.java:logGet(46)) - raft.server.log.appender.wait-time.min = 0μs (custom)
2024-05-24 07:48:58,837 [713fd2b4-03fd-4bcc-8950-4119d378f2ca@group-DF8DC201CEBC-LeaderElection11] INFO  grpc.GrpcConfigKeys (ConfUtils.java:logGet(46)) - raft.grpc.server.leader.outstanding.appends.max = 8 (default)
2024-05-24 07:48:58,837 [713fd2b4-03fd-4bcc-8950-4119d378f2ca@group-DF8DC201CEBC-LeaderElection11] INFO  server.RaftServerConfigKeys (ConfUtils.java:logGet(46)) - raft.server.rpc.request.timeout = 60s (custom)
2024-05-24 07:48:58,837 [713fd2b4-03fd-4bcc-8950-4119d378f2ca@group-DF8DC201CEBC-LeaderElection11] INFO  grpc.GrpcConfigKeys (ConfUtils.java:logGet(46)) - raft.grpc.server.install_snapshot.request.element-limit = 8 (default)
2024-05-24 07:48:58,837 [713fd2b4-03fd-4bcc-8950-4119d378f2ca@group-DF8DC201CEBC-LeaderElection11] INFO  grpc.GrpcConfigKeys (ConfUtils.java:logGet(46)) - raft.grpc.server.install_snapshot.request.timeout = 3000ms (default)
2024-05-24 07:48:58,837 [713fd2b4-03fd-4bcc-8950-4119d378f2ca@group-DF8DC201CEBC-LeaderElection11] INFO  grpc.GrpcConfigKeys (ConfUtils.java:logGet(46)) - raft.grpc.server.log-message.batch.duration = 5s (default)
2024-05-24 07:48:58,838 [26f71362-a48a-41de-9ada-52ca0d6b3643@group-22B4A15544E8-LeaderElection12] INFO  impl.LeaderElection (LeaderElection.java:askForVotes(321)) - 26f71362-a48a-41de-9ada-52ca0d6b3643@group-22B4A15544E8-LeaderElection12 ELECTION round 0: submit vote requests at term 1 for -1: peers:[26f71362-a48a-41de-9ada-52ca0d6b3643|127.0.0.1:15068]|listeners:[], old=null
2024-05-24 07:48:58,838 [26f71362-a48a-41de-9ada-52ca0d6b3643@group-22B4A15544E8-LeaderElection12] INFO  impl.LeaderElection (LeaderElection.java:askForVotes(323)) - 26f71362-a48a-41de-9ada-52ca0d6b3643@group-22B4A15544E8-LeaderElection12 ELECTION round 0: result PASSED (term=1)
2024-05-24 07:48:58,838 [26f71362-a48a-41de-9ada-52ca0d6b3643@group-22B4A15544E8-LeaderElection12] INFO  impl.RoleInfo (RoleInfo.java:shutdownLeaderElection(130)) - 26f71362-a48a-41de-9ada-52ca0d6b3643: shutdown 26f71362-a48a-41de-9ada-52ca0d6b3643@group-22B4A15544E8-LeaderElection12
2024-05-24 07:48:58,838 [26f71362-a48a-41de-9ada-52ca0d6b3643@group-22B4A15544E8-LeaderElection12] INFO  server.RaftServer$Division (RaftServerImpl.java:setRole(383)) - 26f71362-a48a-41de-9ada-52ca0d6b3643@group-22B4A15544E8: changes role from CANDIDATE to LEADER at term 1 for changeToLeader
2024-05-24 07:48:58,838 [26f71362-a48a-41de-9ada-52ca0d6b3643@group-22B4A15544E8-LeaderElection12] INFO  server.RaftServerConfigKeys (ConfUtils.java:logGet(46)) - raft.server.staging.catchup.gap = 1000 (default)
2024-05-24 07:48:58,838 [713fd2b4-03fd-4bcc-8950-4119d378f2ca@group-DF8DC201CEBC-LeaderElection11] INFO  server.RaftServerConfigKeys (ConfUtils.java:logGet(46)) - raft.server.log.appender.install.snapshot.enabled = false (custom)
2024-05-24 07:48:58,838 [713fd2b4-03fd-4bcc-8950-4119d378f2ca@group-DF8DC201CEBC-LeaderElection11] INFO  grpc.GrpcConfigKeys (ConfUtils.java:logGet(46)) - raft.grpc.server.heartbeat.channel = true (default)
2024-05-24 07:48:58,838 [26f71362-a48a-41de-9ada-52ca0d6b3643@group-22B4A15544E8-LeaderElection12] INFO  server.RaftServerConfigKeys (ConfUtils.java:logGet(46)) - raft.server.write.element-limit = 1024 (custom)
2024-05-24 07:48:58,838 [26f71362-a48a-41de-9ada-52ca0d6b3643@group-22B4A15544E8-LeaderElection12] INFO  server.RaftServerConfigKeys (ConfUtils.java:logGet(46)) - raft.server.write.byte-limit = 1024 M (=1073741824) (custom)
2024-05-24 07:48:58,838 [713fd2b4-03fd-4bcc-8950-4119d378f2ca@group-DF8DC201CEBC-LeaderElection11] INFO  impl.RoleInfo (RoleInfo.java:updateAndGet(139)) - 713fd2b4-03fd-4bcc-8950-4119d378f2ca: start 713fd2b4-03fd-4bcc-8950-4119d378f2ca@group-DF8DC201CEBC-LeaderStateImpl
2024-05-24 07:48:58,839 [713fd2b4-03fd-4bcc-8950-4119d378f2ca@group-DF8DC201CEBC-LeaderElection11] INFO  server.RaftServer$Division (RaftServerImpl.java:setFirstElection(574)) - 713fd2b4-03fd-4bcc-8950-4119d378f2ca@group-DF8DC201CEBC: set firstElectionSinceStartup to false for becomeLeader
2024-05-24 07:48:58,839 [713fd2b4-03fd-4bcc-8950-4119d378f2ca@group-DF8DC201CEBC-LeaderElection11] INFO  ratis.XceiverServerRatis (XceiverServerRatis.java:handleLeaderChangedNotification(966)) - Leader change notification received for group: group-DF8DC201CEBC with new leaderId: 713fd2b4-03fd-4bcc-8950-4119d378f2ca
2024-05-24 07:48:58,839 [26f71362-a48a-41de-9ada-52ca0d6b3643@group-22B4A15544E8-LeaderElection12] INFO  server.RaftServerConfigKeys (ConfUtils.java:logGet(46)) - raft.server.watch.timeout = 180s (custom)
2024-05-24 07:48:58,839 [26f71362-a48a-41de-9ada-52ca0d6b3643@group-22B4A15544E8-LeaderElection12] INFO  server.RaftServerConfigKeys (ConfUtils.java:logGet(46)) - raft.server.watch.timeout.denomination = 1s (default)
2024-05-24 07:48:58,839 [26f71362-a48a-41de-9ada-52ca0d6b3643@group-22B4A15544E8-LeaderElection12] INFO  server.RaftServerConfigKeys (ConfUtils.java:logGet(46)) - raft.server.watch.element-limit = 65536 (default)
2024-05-24 07:48:58,839 [26f71362-a48a-41de-9ada-52ca0d6b3643@group-22B4A15544E8-LeaderElection12] INFO  server.RaftServerConfigKeys (ConfUtils.java:logGet(46)) - raft.server.read.leader.lease.enabled = false (default)
2024-05-24 07:48:58,839 [26f71362-a48a-41de-9ada-52ca0d6b3643@group-22B4A15544E8-LeaderElection12] INFO  server.RaftServerConfigKeys (ConfUtils.java:logGet(46)) - raft.server.read.leader.lease.timeout.ratio = 0.9 (default)
2024-05-24 07:48:58,839 [26f71362-a48a-41de-9ada-52ca0d6b3643@group-22B4A15544E8-LeaderElection12] INFO  server.RaftServerConfigKeys (ConfUtils.java:logGet(46)) - raft.server.rpc.timeout.min = 5s (custom)
2024-05-24 07:48:58,840 [26f71362-a48a-41de-9ada-52ca0d6b3643@group-22B4A15544E8-LeaderElection12] INFO  server.RaftServerConfigKeys (ConfUtils.java:logGet(46)) - raft.server.write.element-limit = 1024 (custom)
2024-05-24 07:48:58,840 [26f71362-a48a-41de-9ada-52ca0d6b3643@group-22B4A15544E8-LeaderElection12] INFO  server.RaftServerConfigKeys (ConfUtils.java:logGet(46)) - raft.server.write.follower.gap.ratio.max = -1.0 (default)
2024-05-24 07:48:58,840 [26f71362-a48a-41de-9ada-52ca0d6b3643@group-22B4A15544E8-LeaderElection12] INFO  impl.RoleInfo (RoleInfo.java:updateAndGet(139)) - 26f71362-a48a-41de-9ada-52ca0d6b3643: start 26f71362-a48a-41de-9ada-52ca0d6b3643@group-22B4A15544E8-LeaderStateImpl
2024-05-24 07:48:58,840 [26f71362-a48a-41de-9ada-52ca0d6b3643@group-22B4A15544E8-LeaderElection12] INFO  server.RaftServer$Division (RaftServerImpl.java:setFirstElection(574)) - 26f71362-a48a-41de-9ada-52ca0d6b3643@group-22B4A15544E8: set firstElectionSinceStartup to false for becomeLeader
2024-05-24 07:48:58,840 [26f71362-a48a-41de-9ada-52ca0d6b3643@group-22B4A15544E8-LeaderElection12] INFO  ratis.XceiverServerRatis (XceiverServerRatis.java:handleLeaderChangedNotification(966)) - Leader change notification received for group: group-22B4A15544E8 with new leaderId: 26f71362-a48a-41de-9ada-52ca0d6b3643
2024-05-24 07:48:58,840 [713fd2b4-03fd-4bcc-8950-4119d378f2ca@group-DF8DC201CEBC-LeaderElection11] INFO  server.RaftServer$Division (ServerState.java:setLeader(269)) - 713fd2b4-03fd-4bcc-8950-4119d378f2ca@group-DF8DC201CEBC: change Leader from null to 713fd2b4-03fd-4bcc-8950-4119d378f2ca at term 1 for becomeLeader, leader elected after 5326ms
2024-05-24 07:48:58,840 [26f71362-a48a-41de-9ada-52ca0d6b3643@group-22B4A15544E8-LeaderElection12] INFO  server.RaftServer$Division (ServerState.java:setLeader(269)) - 26f71362-a48a-41de-9ada-52ca0d6b3643@group-22B4A15544E8: change Leader from null to 26f71362-a48a-41de-9ada-52ca0d6b3643 at term 1 for becomeLeader, leader elected after 5121ms
2024-05-24 07:48:58,840 [713fd2b4-03fd-4bcc-8950-4119d378f2ca@group-DF8DC201CEBC-LeaderElection11] INFO  segmented.SegmentedRaftLogWorker (SegmentedRaftLogWorker.java:startLogSegment(430)) - 713fd2b4-03fd-4bcc-8950-4119d378f2ca@group-DF8DC201CEBC-SegmentedRaftLogWorker: Starting segment from index:0
2024-05-24 07:48:58,841 [26f71362-a48a-41de-9ada-52ca0d6b3643@group-22B4A15544E8-LeaderElection12] INFO  segmented.SegmentedRaftLogWorker (SegmentedRaftLogWorker.java:startLogSegment(430)) - 26f71362-a48a-41de-9ada-52ca0d6b3643@group-22B4A15544E8-SegmentedRaftLogWorker: Starting segment from index:0
2024-05-24 07:48:58,841 [26f71362-a48a-41de-9ada-52ca0d6b3643@group-22B4A15544E8-LeaderElection12] INFO  server.RaftServer$Division (ServerState.java:setRaftConf(386)) - 26f71362-a48a-41de-9ada-52ca0d6b3643@group-22B4A15544E8: set configuration 0: peers:[26f71362-a48a-41de-9ada-52ca0d6b3643|127.0.0.1:15068]|listeners:[], old=null
2024-05-24 07:48:58,841 [713fd2b4-03fd-4bcc-8950-4119d378f2ca@group-DF8DC201CEBC-SegmentedRaftLogWorker] INFO  segmented.BufferedWriteChannel (BufferedWriteChannel.java:open(62)) - open log_inprogress_0 at position 0
2024-05-24 07:48:58,841 [26f71362-a48a-41de-9ada-52ca0d6b3643@group-22B4A15544E8-SegmentedRaftLogWorker] INFO  segmented.BufferedWriteChannel (BufferedWriteChannel.java:open(62)) - open log_inprogress_0 at position 0
2024-05-24 07:48:58,841 [EventQueue-PipelineReportForPipelineReportHandler] INFO  pipeline.PipelineReportHandler (PipelineReportHandler.java:processPipelineReport(136)) - Opened pipeline PipelineID=6091da91-ea71-4480-9c60-df8dc201cebc
2024-05-24 07:48:58,846 [713fd2b4-03fd-4bcc-8950-4119d378f2ca@group-DF8DC201CEBC-LeaderElection11] INFO  server.RaftServer$Division (ServerState.java:setRaftConf(386)) - 713fd2b4-03fd-4bcc-8950-4119d378f2ca@group-DF8DC201CEBC: set configuration 0: peers:[713fd2b4-03fd-4bcc-8950-4119d378f2ca|127.0.0.1:15050, db578ef5-4e1f-4da7-abbd-ff28012a31de|127.0.0.1:15041, e689b99c-fc0b-4611-bf51-e78d9991fc84|127.0.0.1:15059]|listeners:[], old=null
2024-05-24 07:48:58,848 [e689b99c-fc0b-4611-bf51-e78d9991fc84@group-83ECF5310756-LeaderElection13] INFO  impl.LeaderElection (LeaderElection.java:askForVotes(321)) - e689b99c-fc0b-4611-bf51-e78d9991fc84@group-83ECF5310756-LeaderElection13 PRE_VOTE round 0: submit vote requests at term 0 for -1: peers:[e689b99c-fc0b-4611-bf51-e78d9991fc84|127.0.0.1:15059]|listeners:[], old=null
2024-05-24 07:48:58,848 [e689b99c-fc0b-4611-bf51-e78d9991fc84@group-83ECF5310756-LeaderElection13] INFO  impl.LeaderElection (LeaderElection.java:askForVotes(323)) - e689b99c-fc0b-4611-bf51-e78d9991fc84@group-83ECF5310756-LeaderElection13 PRE_VOTE round 0: result PASSED (term=0)
2024-05-24 07:48:58,851 [26f71362-a48a-41de-9ada-52ca0d6b3643@group-22B4A15544E8-SegmentedRaftLogWorker] INFO  segmented.SegmentedRaftLogWorker (SegmentedRaftLogWorker.java:execute(634)) - 26f71362-a48a-41de-9ada-52ca0d6b3643@group-22B4A15544E8-SegmentedRaftLogWorker: created new log segment /home/runner/work/ozone/ozone/hadoop-ozone/integration-test/target/test-dir/MiniOzoneClusterImpl-b501fab0-540e-4575-af6e-dde2336b059e/ozone-meta/datanode-7/ratis/206a06aa-c7c2-4e12-be68-22b4a15544e8/current/log_inprogress_0
2024-05-24 07:48:58,852 [713fd2b4-03fd-4bcc-8950-4119d378f2ca@group-DF8DC201CEBC-SegmentedRaftLogWorker] INFO  segmented.SegmentedRaftLogWorker (SegmentedRaftLogWorker.java:execute(634)) - 713fd2b4-03fd-4bcc-8950-4119d378f2ca@group-DF8DC201CEBC-SegmentedRaftLogWorker: created new log segment /home/runner/work/ozone/ozone/hadoop-ozone/integration-test/target/test-dir/MiniOzoneClusterImpl-b501fab0-540e-4575-af6e-dde2336b059e/ozone-meta/datanode-5/ratis/6091da91-ea71-4480-9c60-df8dc201cebc/current/log_inprogress_0
2024-05-24 07:48:58,854 [26f71362-a48a-41de-9ada-52ca0d6b3643@group-22B4A15544E8-StateMachineUpdater] INFO  server.RaftServer$Division (LeaderStateImpl.java:isApplied(320)) - leader is ready since appliedIndex == 0 >= startIndex == 0
2024-05-24 07:48:58,856 [db578ef5-4e1f-4da7-abbd-ff28012a31de-server-thread1] INFO  ratis.XceiverServerRatis (XceiverServerRatis.java:handleLeaderChangedNotification(966)) - Leader change notification received for group: group-DF8DC201CEBC with new leaderId: 713fd2b4-03fd-4bcc-8950-4119d378f2ca
2024-05-24 07:48:58,856 [db578ef5-4e1f-4da7-abbd-ff28012a31de-server-thread1] INFO  server.RaftServer$Division (ServerState.java:setLeader(269)) - db578ef5-4e1f-4da7-abbd-ff28012a31de@group-DF8DC201CEBC: change Leader from null to 713fd2b4-03fd-4bcc-8950-4119d378f2ca at term 1 for appendEntries, leader elected after 5418ms
2024-05-24 07:48:58,856 [e689b99c-fc0b-4611-bf51-e78d9991fc84-server-thread1] INFO  ratis.XceiverServerRatis (XceiverServerRatis.java:handleLeaderChangedNotification(966)) - Leader change notification received for group: group-DF8DC201CEBC with new leaderId: 713fd2b4-03fd-4bcc-8950-4119d378f2ca
2024-05-24 07:48:58,856 [e689b99c-fc0b-4611-bf51-e78d9991fc84-server-thread1] INFO  server.RaftServer$Division (ServerState.java:setLeader(269)) - e689b99c-fc0b-4611-bf51-e78d9991fc84@group-DF8DC201CEBC: change Leader from null to 713fd2b4-03fd-4bcc-8950-4119d378f2ca at term 1 for appendEntries, leader elected after 5118ms
2024-05-24 07:48:58,862 [e689b99c-fc0b-4611-bf51-e78d9991fc84@group-83ECF5310756-LeaderElection13] INFO  impl.LeaderElection (LeaderElection.java:askForVotes(321)) - e689b99c-fc0b-4611-bf51-e78d9991fc84@group-83ECF5310756-LeaderElection13 ELECTION round 0: submit vote requests at term 1 for -1: peers:[e689b99c-fc0b-4611-bf51-e78d9991fc84|127.0.0.1:15059]|listeners:[], old=null
2024-05-24 07:48:58,862 [e689b99c-fc0b-4611-bf51-e78d9991fc84@group-83ECF5310756-LeaderElection13] INFO  impl.LeaderElection (LeaderElection.java:askForVotes(323)) - e689b99c-fc0b-4611-bf51-e78d9991fc84@group-83ECF5310756-LeaderElection13 ELECTION round 0: result PASSED (term=1)
2024-05-24 07:48:58,862 [e689b99c-fc0b-4611-bf51-e78d9991fc84@group-83ECF5310756-LeaderElection13] INFO  impl.RoleInfo (RoleInfo.java:shutdownLeaderElection(130)) - e689b99c-fc0b-4611-bf51-e78d9991fc84: shutdown e689b99c-fc0b-4611-bf51-e78d9991fc84@group-83ECF5310756-LeaderElection13
2024-05-24 07:48:58,862 [e689b99c-fc0b-4611-bf51-e78d9991fc84@group-83ECF5310756-LeaderElection13] INFO  server.RaftServer$Division (RaftServerImpl.java:setRole(383)) - e689b99c-fc0b-4611-bf51-e78d9991fc84@group-83ECF5310756: changes role from CANDIDATE to LEADER at term 1 for changeToLeader
2024-05-24 07:48:58,862 [e689b99c-fc0b-4611-bf51-e78d9991fc84@group-83ECF5310756-LeaderElection13] INFO  server.RaftServerConfigKeys (ConfUtils.java:logGet(46)) - raft.server.staging.catchup.gap = 1000 (default)
2024-05-24 07:48:58,862 [e689b99c-fc0b-4611-bf51-e78d9991fc84@group-83ECF5310756-LeaderElection13] INFO  server.RaftServerConfigKeys (ConfUtils.java:logGet(46)) - raft.server.write.element-limit = 1024 (custom)
2024-05-24 07:48:58,862 [e689b99c-fc0b-4611-bf51-e78d9991fc84@group-83ECF5310756-LeaderElection13] INFO  server.RaftServerConfigKeys (ConfUtils.java:logGet(46)) - raft.server.write.byte-limit = 1024 M (=1073741824) (custom)
2024-05-24 07:48:58,863 [e689b99c-fc0b-4611-bf51-e78d9991fc84@group-83ECF5310756-LeaderElection13] INFO  server.RaftServerConfigKeys (ConfUtils.java:logGet(46)) - raft.server.watch.timeout = 180s (custom)
2024-05-24 07:48:58,863 [e689b99c-fc0b-4611-bf51-e78d9991fc84@group-83ECF5310756-LeaderElection13] INFO  server.RaftServerConfigKeys (ConfUtils.java:logGet(46)) - raft.server.watch.timeout.denomination = 1s (default)
2024-05-24 07:48:58,863 [e689b99c-fc0b-4611-bf51-e78d9991fc84@group-83ECF5310756-LeaderElection13] INFO  server.RaftServerConfigKeys (ConfUtils.java:logGet(46)) - raft.server.watch.element-limit = 65536 (default)
2024-05-24 07:48:58,863 [e689b99c-fc0b-4611-bf51-e78d9991fc84@group-83ECF5310756-LeaderElection13] INFO  server.RaftServerConfigKeys (ConfUtils.java:logGet(46)) - raft.server.read.leader.lease.enabled = false (default)
2024-05-24 07:48:58,863 [e689b99c-fc0b-4611-bf51-e78d9991fc84@group-83ECF5310756-LeaderElection13] INFO  server.RaftServerConfigKeys (ConfUtils.java:logGet(46)) - raft.server.read.leader.lease.timeout.ratio = 0.9 (default)
2024-05-24 07:48:58,863 [e689b99c-fc0b-4611-bf51-e78d9991fc84@group-83ECF5310756-LeaderElection13] INFO  server.RaftServerConfigKeys (ConfUtils.java:logGet(46)) - raft.server.rpc.timeout.min = 5s (custom)
2024-05-24 07:48:58,863 [e689b99c-fc0b-4611-bf51-e78d9991fc84@group-83ECF5310756-LeaderElection13] INFO  server.RaftServerConfigKeys (ConfUtils.java:logGet(46)) - raft.server.write.element-limit = 1024 (custom)
2024-05-24 07:48:58,863 [e689b99c-fc0b-4611-bf51-e78d9991fc84@group-83ECF5310756-LeaderElection13] INFO  server.RaftServerConfigKeys (ConfUtils.java:logGet(46)) - raft.server.write.follower.gap.ratio.max = -1.0 (default)
2024-05-24 07:48:58,863 [e689b99c-fc0b-4611-bf51-e78d9991fc84@group-83ECF5310756-LeaderElection13] INFO  impl.RoleInfo (RoleInfo.java:updateAndGet(139)) - e689b99c-fc0b-4611-bf51-e78d9991fc84: start e689b99c-fc0b-4611-bf51-e78d9991fc84@group-83ECF5310756-LeaderStateImpl
2024-05-24 07:48:58,864 [e689b99c-fc0b-4611-bf51-e78d9991fc84@group-83ECF5310756-LeaderElection13] INFO  server.RaftServer$Division (RaftServerImpl.java:setFirstElection(574)) - e689b99c-fc0b-4611-bf51-e78d9991fc84@group-83ECF5310756: set firstElectionSinceStartup to false for becomeLeader
2024-05-24 07:48:58,864 [e689b99c-fc0b-4611-bf51-e78d9991fc84@group-83ECF5310756-LeaderElection13] INFO  ratis.XceiverServerRatis (XceiverServerRatis.java:handleLeaderChangedNotification(966)) - Leader change notification received for group: group-83ECF5310756 with new leaderId: e689b99c-fc0b-4611-bf51-e78d9991fc84
2024-05-24 07:48:58,864 [e689b99c-fc0b-4611-bf51-e78d9991fc84@group-83ECF5310756-LeaderElection13] INFO  server.RaftServer$Division (ServerState.java:setLeader(269)) - e689b99c-fc0b-4611-bf51-e78d9991fc84@group-83ECF5310756: change Leader from null to e689b99c-fc0b-4611-bf51-e78d9991fc84 at term 1 for becomeLeader, leader elected after 5203ms
2024-05-24 07:48:58,864 [e689b99c-fc0b-4611-bf51-e78d9991fc84@group-83ECF5310756-LeaderElection13] INFO  segmented.SegmentedRaftLogWorker (SegmentedRaftLogWorker.java:startLogSegment(430)) - e689b99c-fc0b-4611-bf51-e78d9991fc84@group-83ECF5310756-SegmentedRaftLogWorker: Starting segment from index:0
2024-05-24 07:48:58,866 [e689b99c-fc0b-4611-bf51-e78d9991fc84-server-thread3] INFO  server.RaftServer$Division (ServerState.java:setRaftConf(386)) - e689b99c-fc0b-4611-bf51-e78d9991fc84@group-DF8DC201CEBC: set configuration 0: peers:[713fd2b4-03fd-4bcc-8950-4119d378f2ca|127.0.0.1:15050, db578ef5-4e1f-4da7-abbd-ff28012a31de|127.0.0.1:15041, e689b99c-fc0b-4611-bf51-e78d9991fc84|127.0.0.1:15059]|listeners:[], old=null
2024-05-24 07:48:58,868 [e689b99c-fc0b-4611-bf51-e78d9991fc84-server-thread3] INFO  segmented.SegmentedRaftLogWorker (SegmentedRaftLogWorker.java:startLogSegment(430)) - e689b99c-fc0b-4611-bf51-e78d9991fc84@group-DF8DC201CEBC-SegmentedRaftLogWorker: Starting segment from index:0
2024-05-24 07:48:58,868 [e689b99c-fc0b-4611-bf51-e78d9991fc84@group-83ECF5310756-LeaderElection13] INFO  server.RaftServer$Division (ServerState.java:setRaftConf(386)) - e689b99c-fc0b-4611-bf51-e78d9991fc84@group-83ECF5310756: set configuration 0: peers:[e689b99c-fc0b-4611-bf51-e78d9991fc84|127.0.0.1:15059]|listeners:[], old=null
2024-05-24 07:48:58,868 [e689b99c-fc0b-4611-bf51-e78d9991fc84@group-DF8DC201CEBC-SegmentedRaftLogWorker] INFO  segmented.BufferedWriteChannel (BufferedWriteChannel.java:open(62)) - open log_inprogress_0 at position 0
2024-05-24 07:48:58,866 [db578ef5-4e1f-4da7-abbd-ff28012a31de-server-thread3] INFO  server.RaftServer$Division (ServerState.java:setRaftConf(386)) - db578ef5-4e1f-4da7-abbd-ff28012a31de@group-DF8DC201CEBC: set configuration 0: peers:[713fd2b4-03fd-4bcc-8950-4119d378f2ca|127.0.0.1:15050, db578ef5-4e1f-4da7-abbd-ff28012a31de|127.0.0.1:15041, e689b99c-fc0b-4611-bf51-e78d9991fc84|127.0.0.1:15059]|listeners:[], old=null
2024-05-24 07:48:58,868 [e689b99c-fc0b-4611-bf51-e78d9991fc84@group-83ECF5310756-SegmentedRaftLogWorker] INFO  segmented.BufferedWriteChannel (BufferedWriteChannel.java:open(62)) - open log_inprogress_0 at position 0
2024-05-24 07:48:58,872 [db578ef5-4e1f-4da7-abbd-ff28012a31de-server-thread3] INFO  segmented.SegmentedRaftLogWorker (SegmentedRaftLogWorker.java:startLogSegment(430)) - db578ef5-4e1f-4da7-abbd-ff28012a31de@group-DF8DC201CEBC-SegmentedRaftLogWorker: Starting segment from index:0
2024-05-24 07:48:58,873 [db578ef5-4e1f-4da7-abbd-ff28012a31de@group-DF8DC201CEBC-SegmentedRaftLogWorker] INFO  segmented.BufferedWriteChannel (BufferedWriteChannel.java:open(62)) - open log_inprogress_0 at position 0
2024-05-24 07:48:58,882 [e689b99c-fc0b-4611-bf51-e78d9991fc84@group-DF8DC201CEBC-SegmentedRaftLogWorker] INFO  segmented.SegmentedRaftLogWorker (SegmentedRaftLogWorker.java:execute(634)) - e689b99c-fc0b-4611-bf51-e78d9991fc84@group-DF8DC201CEBC-SegmentedRaftLogWorker: created new log segment /home/runner/work/ozone/ozone/hadoop-ozone/integration-test/target/test-dir/MiniOzoneClusterImpl-b501fab0-540e-4575-af6e-dde2336b059e/ozone-meta/datanode-6/ratis/6091da91-ea71-4480-9c60-df8dc201cebc/current/log_inprogress_0
2024-05-24 07:48:58,883 [e689b99c-fc0b-4611-bf51-e78d9991fc84@group-83ECF5310756-SegmentedRaftLogWorker] INFO  segmented.SegmentedRaftLogWorker (SegmentedRaftLogWorker.java:execute(634)) - e689b99c-fc0b-4611-bf51-e78d9991fc84@group-83ECF5310756-SegmentedRaftLogWorker: created new log segment /home/runner/work/ozone/ozone/hadoop-ozone/integration-test/target/test-dir/MiniOzoneClusterImpl-b501fab0-540e-4575-af6e-dde2336b059e/ozone-meta/datanode-6/ratis/bb2e7472-79c0-4ac8-bd55-83ecf5310756/current/log_inprogress_0
2024-05-24 07:48:58,883 [db578ef5-4e1f-4da7-abbd-ff28012a31de@group-DF8DC201CEBC-SegmentedRaftLogWorker] INFO  segmented.SegmentedRaftLogWorker (SegmentedRaftLogWorker.java:execute(634)) - db578ef5-4e1f-4da7-abbd-ff28012a31de@group-DF8DC201CEBC-SegmentedRaftLogWorker: created new log segment /home/runner/work/ozone/ozone/hadoop-ozone/integration-test/target/test-dir/MiniOzoneClusterImpl-b501fab0-540e-4575-af6e-dde2336b059e/ozone-meta/datanode-4/ratis/6091da91-ea71-4480-9c60-df8dc201cebc/current/log_inprogress_0
2024-05-24 07:48:58,887 [713fd2b4-03fd-4bcc-8950-4119d378f2ca@group-DF8DC201CEBC-StateMachineUpdater] INFO  server.RaftServer$Division (LeaderStateImpl.java:isApplied(320)) - leader is ready since appliedIndex == 0 >= startIndex == 0
2024-05-24 07:48:58,887 [e689b99c-fc0b-4611-bf51-e78d9991fc84@group-83ECF5310756-StateMachineUpdater] INFO  server.RaftServer$Division (LeaderStateImpl.java:isApplied(320)) - leader is ready since appliedIndex == 0 >= startIndex == 0
2024-05-24 07:48:58,891 [713fd2b4-03fd-4bcc-8950-4119d378f2ca@group-42EB65381063-FollowerState] INFO  impl.FollowerState (FollowerState.java:run(143)) - 713fd2b4-03fd-4bcc-8950-4119d378f2ca@group-42EB65381063-FollowerState: change to CANDIDATE, lastRpcElapsedTime:5153299494ns, electionTimeout:5152ms
2024-05-24 07:48:58,891 [713fd2b4-03fd-4bcc-8950-4119d378f2ca@group-42EB65381063-FollowerState] INFO  impl.RoleInfo (RoleInfo.java:shutdownFollowerState(110)) - 713fd2b4-03fd-4bcc-8950-4119d378f2ca: shutdown 713fd2b4-03fd-4bcc-8950-4119d378f2ca@group-42EB65381063-FollowerState
2024-05-24 07:48:58,891 [713fd2b4-03fd-4bcc-8950-4119d378f2ca@group-42EB65381063-FollowerState] INFO  server.RaftServer$Division (RaftServerImpl.java:setRole(383)) - 713fd2b4-03fd-4bcc-8950-4119d378f2ca@group-42EB65381063: changes role from  FOLLOWER to CANDIDATE at term 0 for changeToCandidate
2024-05-24 07:48:58,891 [713fd2b4-03fd-4bcc-8950-4119d378f2ca@group-42EB65381063-FollowerState] INFO  server.RaftServerConfigKeys (ConfUtils.java:logGet(46)) - raft.server.leaderelection.pre-vote = true (default)
2024-05-24 07:48:58,891 [713fd2b4-03fd-4bcc-8950-4119d378f2ca@group-42EB65381063-FollowerState] INFO  impl.RoleInfo (RoleInfo.java:updateAndGet(139)) - 713fd2b4-03fd-4bcc-8950-4119d378f2ca: start 713fd2b4-03fd-4bcc-8950-4119d378f2ca@group-42EB65381063-LeaderElection14
2024-05-24 07:48:58,892 [713fd2b4-03fd-4bcc-8950-4119d378f2ca@group-42EB65381063-LeaderElection14] INFO  impl.LeaderElection (LeaderElection.java:askForVotes(321)) - 713fd2b4-03fd-4bcc-8950-4119d378f2ca@group-42EB65381063-LeaderElection14 PRE_VOTE round 0: submit vote requests at term 0 for -1: peers:[713fd2b4-03fd-4bcc-8950-4119d378f2ca|127.0.0.1:15050]|listeners:[], old=null
2024-05-24 07:48:58,892 [713fd2b4-03fd-4bcc-8950-4119d378f2ca@group-42EB65381063-LeaderElection14] INFO  impl.LeaderElection (LeaderElection.java:askForVotes(323)) - 713fd2b4-03fd-4bcc-8950-4119d378f2ca@group-42EB65381063-LeaderElection14 PRE_VOTE round 0: result PASSED (term=0)
2024-05-24 07:48:58,893 [713fd2b4-03fd-4bcc-8950-4119d378f2ca@group-42EB65381063-LeaderElection14] INFO  impl.LeaderElection (LeaderElection.java:askForVotes(321)) - 713fd2b4-03fd-4bcc-8950-4119d378f2ca@group-42EB65381063-LeaderElection14 ELECTION round 0: submit vote requests at term 1 for -1: peers:[713fd2b4-03fd-4bcc-8950-4119d378f2ca|127.0.0.1:15050]|listeners:[], old=null
2024-05-24 07:48:58,893 [713fd2b4-03fd-4bcc-8950-4119d378f2ca@group-42EB65381063-LeaderElection14] INFO  impl.LeaderElection (LeaderElection.java:askForVotes(323)) - 713fd2b4-03fd-4bcc-8950-4119d378f2ca@group-42EB65381063-LeaderElection14 ELECTION round 0: result PASSED (term=1)
2024-05-24 07:48:58,893 [713fd2b4-03fd-4bcc-8950-4119d378f2ca@group-42EB65381063-LeaderElection14] INFO  impl.RoleInfo (RoleInfo.java:shutdownLeaderElection(130)) - 713fd2b4-03fd-4bcc-8950-4119d378f2ca: shutdown 713fd2b4-03fd-4bcc-8950-4119d378f2ca@group-42EB65381063-LeaderElection14
2024-05-24 07:48:58,893 [713fd2b4-03fd-4bcc-8950-4119d378f2ca@group-42EB65381063-LeaderElection14] INFO  server.RaftServer$Division (RaftServerImpl.java:setRole(383)) - 713fd2b4-03fd-4bcc-8950-4119d378f2ca@group-42EB65381063: changes role from CANDIDATE to LEADER at term 1 for changeToLeader
2024-05-24 07:48:58,894 [713fd2b4-03fd-4bcc-8950-4119d378f2ca@group-42EB65381063-LeaderElection14] INFO  server.RaftServerConfigKeys (ConfUtils.java:logGet(46)) - raft.server.staging.catchup.gap = 1000 (default)
2024-05-24 07:48:58,894 [713fd2b4-03fd-4bcc-8950-4119d378f2ca@group-42EB65381063-LeaderElection14] INFO  server.RaftServerConfigKeys (ConfUtils.java:logGet(46)) - raft.server.write.element-limit = 1024 (custom)
2024-05-24 07:48:58,894 [713fd2b4-03fd-4bcc-8950-4119d378f2ca@group-42EB65381063-LeaderElection14] INFO  server.RaftServerConfigKeys (ConfUtils.java:logGet(46)) - raft.server.write.byte-limit = 1024 M (=1073741824) (custom)
2024-05-24 07:48:58,894 [713fd2b4-03fd-4bcc-8950-4119d378f2ca@group-42EB65381063-LeaderElection14] INFO  server.RaftServerConfigKeys (ConfUtils.java:logGet(46)) - raft.server.watch.timeout = 180s (custom)
2024-05-24 07:48:58,894 [713fd2b4-03fd-4bcc-8950-4119d378f2ca@group-42EB65381063-LeaderElection14] INFO  server.RaftServerConfigKeys (ConfUtils.java:logGet(46)) - raft.server.watch.timeout.denomination = 1s (default)
2024-05-24 07:48:58,894 [713fd2b4-03fd-4bcc-8950-4119d378f2ca@group-42EB65381063-LeaderElection14] INFO  server.RaftServerConfigKeys (ConfUtils.java:logGet(46)) - raft.server.watch.element-limit = 65536 (default)
2024-05-24 07:48:58,895 [713fd2b4-03fd-4bcc-8950-4119d378f2ca@group-42EB65381063-LeaderElection14] INFO  server.RaftServerConfigKeys (ConfUtils.java:logGet(46)) - raft.server.read.leader.lease.enabled = false (default)
2024-05-24 07:48:58,895 [713fd2b4-03fd-4bcc-8950-4119d378f2ca@group-42EB65381063-LeaderElection14] INFO  server.RaftServerConfigKeys (ConfUtils.java:logGet(46)) - raft.server.read.leader.lease.timeout.ratio = 0.9 (default)
2024-05-24 07:48:58,895 [713fd2b4-03fd-4bcc-8950-4119d378f2ca@group-42EB65381063-LeaderElection14] INFO  server.RaftServerConfigKeys (ConfUtils.java:logGet(46)) - raft.server.rpc.timeout.min = 5s (custom)
2024-05-24 07:48:58,896 [713fd2b4-03fd-4bcc-8950-4119d378f2ca@group-42EB65381063-LeaderElection14] INFO  server.RaftServerConfigKeys (ConfUtils.java:logGet(46)) - raft.server.write.element-limit = 1024 (custom)
2024-05-24 07:48:58,896 [713fd2b4-03fd-4bcc-8950-4119d378f2ca@group-42EB65381063-LeaderElection14] INFO  server.RaftServerConfigKeys (ConfUtils.java:logGet(46)) - raft.server.write.follower.gap.ratio.max = -1.0 (default)
2024-05-24 07:48:58,896 [713fd2b4-03fd-4bcc-8950-4119d378f2ca@group-42EB65381063-LeaderElection14] INFO  impl.RoleInfo (RoleInfo.java:updateAndGet(139)) - 713fd2b4-03fd-4bcc-8950-4119d378f2ca: start 713fd2b4-03fd-4bcc-8950-4119d378f2ca@group-42EB65381063-LeaderStateImpl
2024-05-24 07:48:58,896 [713fd2b4-03fd-4bcc-8950-4119d378f2ca@group-42EB65381063-LeaderElection14] INFO  server.RaftServer$Division (RaftServerImpl.java:setFirstElection(574)) - 713fd2b4-03fd-4bcc-8950-4119d378f2ca@group-42EB65381063: set firstElectionSinceStartup to false for becomeLeader
2024-05-24 07:48:58,896 [713fd2b4-03fd-4bcc-8950-4119d378f2ca@group-42EB65381063-LeaderElection14] INFO  ratis.XceiverServerRatis (XceiverServerRatis.java:handleLeaderChangedNotification(966)) - Leader change notification received for group: group-42EB65381063 with new leaderId: 713fd2b4-03fd-4bcc-8950-4119d378f2ca
2024-05-24 07:48:58,896 [713fd2b4-03fd-4bcc-8950-4119d378f2ca@group-42EB65381063-LeaderElection14] INFO  server.RaftServer$Division (ServerState.java:setLeader(269)) - 713fd2b4-03fd-4bcc-8950-4119d378f2ca@group-42EB65381063: change Leader from null to 713fd2b4-03fd-4bcc-8950-4119d378f2ca at term 1 for becomeLeader, leader elected after 5348ms
2024-05-24 07:48:58,896 [713fd2b4-03fd-4bcc-8950-4119d378f2ca@group-42EB65381063-LeaderElection14] INFO  segmented.SegmentedRaftLogWorker (SegmentedRaftLogWorker.java:startLogSegment(430)) - 713fd2b4-03fd-4bcc-8950-4119d378f2ca@group-42EB65381063-SegmentedRaftLogWorker: Starting segment from index:0
2024-05-24 07:48:58,897 [713fd2b4-03fd-4bcc-8950-4119d378f2ca@group-42EB65381063-LeaderElection14] INFO  server.RaftServer$Division (ServerState.java:setRaftConf(386)) - 713fd2b4-03fd-4bcc-8950-4119d378f2ca@group-42EB65381063: set configuration 0: peers:[713fd2b4-03fd-4bcc-8950-4119d378f2ca|127.0.0.1:15050]|listeners:[], old=null
2024-05-24 07:48:58,897 [713fd2b4-03fd-4bcc-8950-4119d378f2ca@group-42EB65381063-SegmentedRaftLogWorker] INFO  segmented.BufferedWriteChannel (BufferedWriteChannel.java:open(62)) - open log_inprogress_0 at position 0
2024-05-24 07:48:58,903 [db578ef5-4e1f-4da7-abbd-ff28012a31de@group-332C9E309CA1-FollowerState] INFO  impl.FollowerState (FollowerState.java:run(143)) - db578ef5-4e1f-4da7-abbd-ff28012a31de@group-332C9E309CA1-FollowerState: change to CANDIDATE, lastRpcElapsedTime:5042295335ns, electionTimeout:5038ms
2024-05-24 07:48:58,903 [db578ef5-4e1f-4da7-abbd-ff28012a31de@group-332C9E309CA1-FollowerState] INFO  impl.RoleInfo (RoleInfo.java:shutdownFollowerState(110)) - db578ef5-4e1f-4da7-abbd-ff28012a31de: shutdown db578ef5-4e1f-4da7-abbd-ff28012a31de@group-332C9E309CA1-FollowerState
2024-05-24 07:48:58,903 [db578ef5-4e1f-4da7-abbd-ff28012a31de@group-332C9E309CA1-FollowerState] INFO  server.RaftServer$Division (RaftServerImpl.java:setRole(383)) - db578ef5-4e1f-4da7-abbd-ff28012a31de@group-332C9E309CA1: changes role from  FOLLOWER to CANDIDATE at term 0 for changeToCandidate
2024-05-24 07:48:58,903 [db578ef5-4e1f-4da7-abbd-ff28012a31de@group-332C9E309CA1-FollowerState] INFO  server.RaftServerConfigKeys (ConfUtils.java:logGet(46)) - raft.server.leaderelection.pre-vote = true (default)
2024-05-24 07:48:58,903 [db578ef5-4e1f-4da7-abbd-ff28012a31de@group-332C9E309CA1-FollowerState] INFO  impl.RoleInfo (RoleInfo.java:updateAndGet(139)) - db578ef5-4e1f-4da7-abbd-ff28012a31de: start db578ef5-4e1f-4da7-abbd-ff28012a31de@group-332C9E309CA1-LeaderElection15
2024-05-24 07:48:58,903 [db578ef5-4e1f-4da7-abbd-ff28012a31de@group-332C9E309CA1-LeaderElection15] INFO  impl.LeaderElection (LeaderElection.java:askForVotes(321)) - db578ef5-4e1f-4da7-abbd-ff28012a31de@group-332C9E309CA1-LeaderElection15 PRE_VOTE round 0: submit vote requests at term 0 for -1: peers:[713fd2b4-03fd-4bcc-8950-4119d378f2ca|127.0.0.1:15050, db578ef5-4e1f-4da7-abbd-ff28012a31de|127.0.0.1:15041, e689b99c-fc0b-4611-bf51-e78d9991fc84|127.0.0.1:15059]|listeners:[], old=null
2024-05-24 07:48:58,904 [713fd2b4-03fd-4bcc-8950-4119d378f2ca@group-42EB65381063-SegmentedRaftLogWorker] INFO  segmented.SegmentedRaftLogWorker (SegmentedRaftLogWorker.java:execute(634)) - 713fd2b4-03fd-4bcc-8950-4119d378f2ca@group-42EB65381063-SegmentedRaftLogWorker: created new log segment /home/runner/work/ozone/ozone/hadoop-ozone/integration-test/target/test-dir/MiniOzoneClusterImpl-b501fab0-540e-4575-af6e-dde2336b059e/ozone-meta/datanode-5/ratis/9cfd513b-6a01-4802-b4ad-42eb65381063/current/log_inprogress_0
2024-05-24 07:48:58,904 [db578ef5-4e1f-4da7-abbd-ff28012a31de@group-332C9E309CA1-LeaderElection15] INFO  server.RaftServerConfigKeys (ConfUtils.java:logFallback(53)) - raft.server.rpc.first-election.timeout.min = 5s (fallback to raft.server.rpc.timeout.min)
2024-05-24 07:48:58,904 [db578ef5-4e1f-4da7-abbd-ff28012a31de@group-332C9E309CA1-LeaderElection15] INFO  server.RaftServerConfigKeys (ConfUtils.java:logFallback(53)) - raft.server.rpc.first-election.timeout.max = 5200ms (fallback to raft.server.rpc.timeout.max)
2024-05-24 07:48:58,905 [grpc-default-executor-0] INFO  server.RaftServer$Division (RaftServerImpl.java:requestVote(1389)) - 713fd2b4-03fd-4bcc-8950-4119d378f2ca@group-332C9E309CA1: receive requestVote(PRE_VOTE, db578ef5-4e1f-4da7-abbd-ff28012a31de, group-332C9E309CA1, 0, (t:0, i:0))
2024-05-24 07:48:58,906 [grpc-default-executor-0] INFO  impl.VoteContext (VoteContext.java:log(49)) - 713fd2b4-03fd-4bcc-8950-4119d378f2ca@group-332C9E309CA1-FOLLOWER: accept PRE_VOTE from db578ef5-4e1f-4da7-abbd-ff28012a31de: our priority 0 <= candidate's priority 0
2024-05-24 07:48:58,906 [grpc-default-executor-0] INFO  server.RaftServer$Division (RaftServerImpl.java:requestVote(1422)) - 713fd2b4-03fd-4bcc-8950-4119d378f2ca@group-332C9E309CA1 replies to PRE_VOTE vote request: db578ef5-4e1f-4da7-abbd-ff28012a31de<-713fd2b4-03fd-4bcc-8950-4119d378f2ca#0:OK-t0. Peer's state: 713fd2b4-03fd-4bcc-8950-4119d378f2ca@group-332C9E309CA1:t0, leader=null, voted=, raftlog=Memoized:713fd2b4-03fd-4bcc-8950-4119d378f2ca@group-332C9E309CA1-SegmentedRaftLog:OPENED:c-1, conf=-1: peers:[713fd2b4-03fd-4bcc-8950-4119d378f2ca|127.0.0.1:15050, db578ef5-4e1f-4da7-abbd-ff28012a31de|127.0.0.1:15041, e689b99c-fc0b-4611-bf51-e78d9991fc84|127.0.0.1:15059]|listeners:[], old=null
2024-05-24 07:48:58,906 [grpc-default-executor-1] INFO  server.RaftServer$Division (RaftServerImpl.java:requestVote(1389)) - e689b99c-fc0b-4611-bf51-e78d9991fc84@group-332C9E309CA1: receive requestVote(PRE_VOTE, db578ef5-4e1f-4da7-abbd-ff28012a31de, group-332C9E309CA1, 0, (t:0, i:0))
2024-05-24 07:48:58,906 [grpc-default-executor-1] INFO  impl.VoteContext (VoteContext.java:log(49)) - e689b99c-fc0b-4611-bf51-e78d9991fc84@group-332C9E309CA1-FOLLOWER: reject PRE_VOTE from db578ef5-4e1f-4da7-abbd-ff28012a31de: our priority 1 > candidate's priority 0
2024-05-24 07:48:58,906 [grpc-default-executor-1] INFO  server.RaftServer$Division (RaftServerImpl.java:requestVote(1422)) - e689b99c-fc0b-4611-bf51-e78d9991fc84@group-332C9E309CA1 replies to PRE_VOTE vote request: db578ef5-4e1f-4da7-abbd-ff28012a31de<-e689b99c-fc0b-4611-bf51-e78d9991fc84#0:FAIL-t0. Peer's state: e689b99c-fc0b-4611-bf51-e78d9991fc84@group-332C9E309CA1:t0, leader=null, voted=, raftlog=Memoized:e689b99c-fc0b-4611-bf51-e78d9991fc84@group-332C9E309CA1-SegmentedRaftLog:OPENED:c-1, conf=-1: peers:[713fd2b4-03fd-4bcc-8950-4119d378f2ca|127.0.0.1:15050, db578ef5-4e1f-4da7-abbd-ff28012a31de|127.0.0.1:15041, e689b99c-fc0b-4611-bf51-e78d9991fc84|127.0.0.1:15059]|listeners:[], old=null
2024-05-24 07:48:58,908 [db578ef5-4e1f-4da7-abbd-ff28012a31de@group-332C9E309CA1-LeaderElection15] INFO  impl.LeaderElection (LeaderElection.java:logAndReturn(89)) - db578ef5-4e1f-4da7-abbd-ff28012a31de@group-332C9E309CA1-LeaderElection15: PRE_VOTE REJECTED received 1 response(s) and 0 exception(s):
2024-05-24 07:48:58,908 [db578ef5-4e1f-4da7-abbd-ff28012a31de@group-332C9E309CA1-LeaderElection15] INFO  impl.LeaderElection (LeaderElection.java:logAndReturn(93)) -   Response 0: db578ef5-4e1f-4da7-abbd-ff28012a31de<-e689b99c-fc0b-4611-bf51-e78d9991fc84#0:FAIL-t0
2024-05-24 07:48:58,908 [713fd2b4-03fd-4bcc-8950-4119d378f2ca@group-42EB65381063-StateMachineUpdater] INFO  server.RaftServer$Division (LeaderStateImpl.java:isApplied(320)) - leader is ready since appliedIndex == 0 >= startIndex == 0
2024-05-24 07:48:58,908 [db578ef5-4e1f-4da7-abbd-ff28012a31de@group-332C9E309CA1-LeaderElection15] INFO  impl.LeaderElection (LeaderElection.java:askForVotes(323)) - db578ef5-4e1f-4da7-abbd-ff28012a31de@group-332C9E309CA1-LeaderElection15 PRE_VOTE round 0: result REJECTED
2024-05-24 07:48:58,908 [db578ef5-4e1f-4da7-abbd-ff28012a31de@group-332C9E309CA1-LeaderElection15] INFO  server.RaftServer$Division (RaftServerImpl.java:setRole(383)) - db578ef5-4e1f-4da7-abbd-ff28012a31de@group-332C9E309CA1: changes role from CANDIDATE to FOLLOWER at term 0 for REJECTED
2024-05-24 07:48:58,909 [db578ef5-4e1f-4da7-abbd-ff28012a31de@group-332C9E309CA1-LeaderElection15] INFO  impl.RoleInfo (RoleInfo.java:shutdownLeaderElection(130)) - db578ef5-4e1f-4da7-abbd-ff28012a31de: shutdown db578ef5-4e1f-4da7-abbd-ff28012a31de@group-332C9E309CA1-LeaderElection15
2024-05-24 07:48:58,909 [db578ef5-4e1f-4da7-abbd-ff28012a31de@group-332C9E309CA1-LeaderElection15] INFO  impl.RoleInfo (RoleInfo.java:updateAndGet(139)) - db578ef5-4e1f-4da7-abbd-ff28012a31de: start db578ef5-4e1f-4da7-abbd-ff28012a31de@group-332C9E309CA1-FollowerState
2024-05-24 07:48:58,909 [db578ef5-4e1f-4da7-abbd-ff28012a31de@group-332C9E309CA1-LeaderElection15] INFO  server.RaftServer$Division (RaftServerImpl.java:setFirstElection(574)) - db578ef5-4e1f-4da7-abbd-ff28012a31de@group-332C9E309CA1: set firstElectionSinceStartup to false for REJECTED
2024-05-24 07:48:58,945 [713fd2b4-03fd-4bcc-8950-4119d378f2ca@group-332C9E309CA1-FollowerState] INFO  server.RaftServerConfigKeys (ConfUtils.java:logFallback(53)) - raft.server.rpc.first-election.timeout.min = 5s (fallback to raft.server.rpc.timeout.min)
2024-05-24 07:48:58,945 [713fd2b4-03fd-4bcc-8950-4119d378f2ca@group-332C9E309CA1-FollowerState] INFO  server.RaftServerConfigKeys (ConfUtils.java:logFallback(53)) - raft.server.rpc.first-election.timeout.max = 5200ms (fallback to raft.server.rpc.timeout.max)
2024-05-24 07:48:58,997 [26f71362-a48a-41de-9ada-52ca0d6b3643@group-3979F1BF2552-FollowerState] INFO  impl.FollowerState (FollowerState.java:run(143)) - 26f71362-a48a-41de-9ada-52ca0d6b3643@group-3979F1BF2552-FollowerState: change to CANDIDATE, lastRpcElapsedTime:5132134457ns, electionTimeout:5103ms
2024-05-24 07:48:58,997 [26f71362-a48a-41de-9ada-52ca0d6b3643@group-3979F1BF2552-FollowerState] INFO  impl.RoleInfo (RoleInfo.java:shutdownFollowerState(110)) - 26f71362-a48a-41de-9ada-52ca0d6b3643: shutdown 26f71362-a48a-41de-9ada-52ca0d6b3643@group-3979F1BF2552-FollowerState
2024-05-24 07:48:58,997 [26f71362-a48a-41de-9ada-52ca0d6b3643@group-3979F1BF2552-FollowerState] INFO  server.RaftServer$Division (RaftServerImpl.java:setRole(383)) - 26f71362-a48a-41de-9ada-52ca0d6b3643@group-3979F1BF2552: changes role from  FOLLOWER to CANDIDATE at term 0 for changeToCandidate
2024-05-24 07:48:58,997 [26f71362-a48a-41de-9ada-52ca0d6b3643@group-3979F1BF2552-FollowerState] INFO  server.RaftServerConfigKeys (ConfUtils.java:logGet(46)) - raft.server.leaderelection.pre-vote = true (default)
2024-05-24 07:48:58,997 [26f71362-a48a-41de-9ada-52ca0d6b3643@group-3979F1BF2552-FollowerState] INFO  impl.RoleInfo (RoleInfo.java:updateAndGet(139)) - 26f71362-a48a-41de-9ada-52ca0d6b3643: start 26f71362-a48a-41de-9ada-52ca0d6b3643@group-3979F1BF2552-LeaderElection16
2024-05-24 07:48:58,998 [26f71362-a48a-41de-9ada-52ca0d6b3643@group-3979F1BF2552-LeaderElection16] INFO  impl.LeaderElection (LeaderElection.java:askForVotes(321)) - 26f71362-a48a-41de-9ada-52ca0d6b3643@group-3979F1BF2552-LeaderElection16 PRE_VOTE round 0: submit vote requests at term 0 for -1: peers:[b4e39294-6870-4830-abfa-7517d5dcbfab|127.0.0.1:15086, 9cef26bd-fad7-4006-851f-097a618c2ff8|127.0.0.1:15077, 26f71362-a48a-41de-9ada-52ca0d6b3643|127.0.0.1:15068]|listeners:[], old=null
2024-05-24 07:48:58,998 [26f71362-a48a-41de-9ada-52ca0d6b3643@group-3979F1BF2552-LeaderElection16-1] INFO  server.GrpcServerProtocolClient (GrpcServerProtocolClient.java:<init>(65)) - Build channel for b4e39294-6870-4830-abfa-7517d5dcbfab|127.0.0.1:15086
2024-05-24 07:48:58,998 [26f71362-a48a-41de-9ada-52ca0d6b3643@group-3979F1BF2552-LeaderElection16] INFO  server.RaftServerConfigKeys (ConfUtils.java:logFallback(53)) - raft.server.rpc.first-election.timeout.min = 5s (fallback to raft.server.rpc.timeout.min)
2024-05-24 07:48:58,999 [26f71362-a48a-41de-9ada-52ca0d6b3643@group-3979F1BF2552-LeaderElection16] INFO  server.RaftServerConfigKeys (ConfUtils.java:logFallback(53)) - raft.server.rpc.first-election.timeout.max = 5200ms (fallback to raft.server.rpc.timeout.max)
2024-05-24 07:48:58,999 [26f71362-a48a-41de-9ada-52ca0d6b3643@group-3979F1BF2552-LeaderElection16-2] INFO  server.GrpcServerProtocolClient (GrpcServerProtocolClient.java:<init>(65)) - Build channel for 9cef26bd-fad7-4006-851f-097a618c2ff8|127.0.0.1:15077
2024-05-24 07:48:59,004 [grpc-default-executor-1] INFO  server.RaftServer$Division (RaftServerImpl.java:requestVote(1389)) - b4e39294-6870-4830-abfa-7517d5dcbfab@group-3979F1BF2552: receive requestVote(PRE_VOTE, 26f71362-a48a-41de-9ada-52ca0d6b3643, group-3979F1BF2552, 0, (t:0, i:0))
2024-05-24 07:48:59,004 [grpc-default-executor-0] INFO  server.RaftServer$Division (RaftServerImpl.java:requestVote(1389)) - 9cef26bd-fad7-4006-851f-097a618c2ff8@group-3979F1BF2552: receive requestVote(PRE_VOTE, 26f71362-a48a-41de-9ada-52ca0d6b3643, group-3979F1BF2552, 0, (t:0, i:0))
2024-05-24 07:48:59,004 [grpc-default-executor-1] INFO  impl.VoteContext (VoteContext.java:log(49)) - b4e39294-6870-4830-abfa-7517d5dcbfab@group-3979F1BF2552-FOLLOWER: accept PRE_VOTE from 26f71362-a48a-41de-9ada-52ca0d6b3643: our priority 0 <= candidate's priority 0
2024-05-24 07:48:59,004 [grpc-default-executor-0] INFO  impl.VoteContext (VoteContext.java:log(49)) - 9cef26bd-fad7-4006-851f-097a618c2ff8@group-3979F1BF2552-FOLLOWER: reject PRE_VOTE from 26f71362-a48a-41de-9ada-52ca0d6b3643: our priority 1 > candidate's priority 0
2024-05-24 07:48:59,004 [grpc-default-executor-0] INFO  server.RaftServer$Division (RaftServerImpl.java:requestVote(1422)) - 9cef26bd-fad7-4006-851f-097a618c2ff8@group-3979F1BF2552 replies to PRE_VOTE vote request: 26f71362-a48a-41de-9ada-52ca0d6b3643<-9cef26bd-fad7-4006-851f-097a618c2ff8#0:FAIL-t0. Peer's state: 9cef26bd-fad7-4006-851f-097a618c2ff8@group-3979F1BF2552:t0, leader=null, voted=, raftlog=Memoized:9cef26bd-fad7-4006-851f-097a618c2ff8@group-3979F1BF2552-SegmentedRaftLog:OPENED:c-1, conf=-1: peers:[b4e39294-6870-4830-abfa-7517d5dcbfab|127.0.0.1:15086, 9cef26bd-fad7-4006-851f-097a618c2ff8|127.0.0.1:15077, 26f71362-a48a-41de-9ada-52ca0d6b3643|127.0.0.1:15068]|listeners:[], old=null
2024-05-24 07:48:59,004 [grpc-default-executor-1] INFO  server.RaftServer$Division (RaftServerImpl.java:requestVote(1422)) - b4e39294-6870-4830-abfa-7517d5dcbfab@group-3979F1BF2552 replies to PRE_VOTE vote request: 26f71362-a48a-41de-9ada-52ca0d6b3643<-b4e39294-6870-4830-abfa-7517d5dcbfab#0:OK-t0. Peer's state: b4e39294-6870-4830-abfa-7517d5dcbfab@group-3979F1BF2552:t0, leader=null, voted=, raftlog=Memoized:b4e39294-6870-4830-abfa-7517d5dcbfab@group-3979F1BF2552-SegmentedRaftLog:OPENED:c-1, conf=-1: peers:[b4e39294-6870-4830-abfa-7517d5dcbfab|127.0.0.1:15086, 9cef26bd-fad7-4006-851f-097a618c2ff8|127.0.0.1:15077, 26f71362-a48a-41de-9ada-52ca0d6b3643|127.0.0.1:15068]|listeners:[], old=null
2024-05-24 07:48:59,006 [26f71362-a48a-41de-9ada-52ca0d6b3643@group-3979F1BF2552-LeaderElection16] INFO  impl.LeaderElection (LeaderElection.java:logAndReturn(89)) - 26f71362-a48a-41de-9ada-52ca0d6b3643@group-3979F1BF2552-LeaderElection16: PRE_VOTE REJECTED received 2 response(s) and 0 exception(s):
2024-05-24 07:48:59,006 [26f71362-a48a-41de-9ada-52ca0d6b3643@group-3979F1BF2552-LeaderElection16] INFO  impl.LeaderElection (LeaderElection.java:logAndReturn(93)) -   Response 0: 26f71362-a48a-41de-9ada-52ca0d6b3643<-b4e39294-6870-4830-abfa-7517d5dcbfab#0:OK-t0
2024-05-24 07:48:59,006 [26f71362-a48a-41de-9ada-52ca0d6b3643@group-3979F1BF2552-LeaderElection16] INFO  impl.LeaderElection (LeaderElection.java:logAndReturn(93)) -   Response 1: 26f71362-a48a-41de-9ada-52ca0d6b3643<-9cef26bd-fad7-4006-851f-097a618c2ff8#0:FAIL-t0
2024-05-24 07:48:59,006 [26f71362-a48a-41de-9ada-52ca0d6b3643@group-3979F1BF2552-LeaderElection16] INFO  impl.LeaderElection (LeaderElection.java:askForVotes(323)) - 26f71362-a48a-41de-9ada-52ca0d6b3643@group-3979F1BF2552-LeaderElection16 PRE_VOTE round 0: result REJECTED
2024-05-24 07:48:59,006 [26f71362-a48a-41de-9ada-52ca0d6b3643@group-3979F1BF2552-LeaderElection16] INFO  server.RaftServer$Division (RaftServerImpl.java:setRole(383)) - 26f71362-a48a-41de-9ada-52ca0d6b3643@group-3979F1BF2552: changes role from CANDIDATE to FOLLOWER at term 0 for REJECTED
2024-05-24 07:48:59,006 [26f71362-a48a-41de-9ada-52ca0d6b3643@group-3979F1BF2552-LeaderElection16] INFO  impl.RoleInfo (RoleInfo.java:shutdownLeaderElection(130)) - 26f71362-a48a-41de-9ada-52ca0d6b3643: shutdown 26f71362-a48a-41de-9ada-52ca0d6b3643@group-3979F1BF2552-LeaderElection16
2024-05-24 07:48:59,007 [26f71362-a48a-41de-9ada-52ca0d6b3643@group-3979F1BF2552-LeaderElection16] INFO  impl.RoleInfo (RoleInfo.java:updateAndGet(139)) - 26f71362-a48a-41de-9ada-52ca0d6b3643: start 26f71362-a48a-41de-9ada-52ca0d6b3643@group-3979F1BF2552-FollowerState
2024-05-24 07:48:59,007 [26f71362-a48a-41de-9ada-52ca0d6b3643@group-3979F1BF2552-LeaderElection16] INFO  server.RaftServer$Division (RaftServerImpl.java:setFirstElection(574)) - 26f71362-a48a-41de-9ada-52ca0d6b3643@group-3979F1BF2552: set firstElectionSinceStartup to false for REJECTED
2024-05-24 07:48:59,025 [main] INFO  ozone.MiniOzoneClusterImpl (MiniOzoneClusterImpl.java:lambda$waitForClusterToBeReady$0(194)) - Nodes are ready. Got 10 of 10 DN Heartbeats.
2024-05-24 07:48:59,025 [main] INFO  ozone.MiniOzoneClusterImpl (MiniOzoneClusterImpl.java:lambda$waitForClusterToBeReady$0(197)) - Cluster exits safe mode
2024-05-24 07:48:59,025 [main] INFO  ozone.MiniOzoneClusterImpl (MiniOzoneClusterImpl.java:lambda$waitForClusterToBeReady$0(199)) - SCM became leader
2024-05-24 07:48:59,058 [9cef26bd-fad7-4006-851f-097a618c2ff8@group-6AF30226E65E-FollowerState] INFO  impl.FollowerState (FollowerState.java:run(143)) - 9cef26bd-fad7-4006-851f-097a618c2ff8@group-6AF30226E65E-FollowerState: change to CANDIDATE, lastRpcElapsedTime:5154211944ns, electionTimeout:5110ms
2024-05-24 07:48:59,058 [9cef26bd-fad7-4006-851f-097a618c2ff8@group-6AF30226E65E-FollowerState] INFO  impl.RoleInfo (RoleInfo.java:shutdownFollowerState(110)) - 9cef26bd-fad7-4006-851f-097a618c2ff8: shutdown 9cef26bd-fad7-4006-851f-097a618c2ff8@group-6AF30226E65E-FollowerState
2024-05-24 07:48:59,058 [9cef26bd-fad7-4006-851f-097a618c2ff8@group-6AF30226E65E-FollowerState] INFO  server.RaftServer$Division (RaftServerImpl.java:setRole(383)) - 9cef26bd-fad7-4006-851f-097a618c2ff8@group-6AF30226E65E: changes role from  FOLLOWER to CANDIDATE at term 0 for changeToCandidate
2024-05-24 07:48:59,058 [9cef26bd-fad7-4006-851f-097a618c2ff8@group-6AF30226E65E-FollowerState] INFO  server.RaftServerConfigKeys (ConfUtils.java:logGet(46)) - raft.server.leaderelection.pre-vote = true (default)
2024-05-24 07:48:59,058 [9cef26bd-fad7-4006-851f-097a618c2ff8@group-6AF30226E65E-FollowerState] INFO  impl.RoleInfo (RoleInfo.java:updateAndGet(139)) - 9cef26bd-fad7-4006-851f-097a618c2ff8: start 9cef26bd-fad7-4006-851f-097a618c2ff8@group-6AF30226E65E-LeaderElection17
2024-05-24 07:48:59,059 [9cef26bd-fad7-4006-851f-097a618c2ff8@group-6AF30226E65E-LeaderElection17] INFO  impl.LeaderElection (LeaderElection.java:askForVotes(321)) - 9cef26bd-fad7-4006-851f-097a618c2ff8@group-6AF30226E65E-LeaderElection17 PRE_VOTE round 0: submit vote requests at term 0 for -1: peers:[9cef26bd-fad7-4006-851f-097a618c2ff8|127.0.0.1:15077]|listeners:[], old=null
2024-05-24 07:48:59,059 [9cef26bd-fad7-4006-851f-097a618c2ff8@group-6AF30226E65E-LeaderElection17] INFO  impl.LeaderElection (LeaderElection.java:askForVotes(323)) - 9cef26bd-fad7-4006-851f-097a618c2ff8@group-6AF30226E65E-LeaderElection17 PRE_VOTE round 0: result PASSED (term=0)
2024-05-24 07:48:59,060 [9cef26bd-fad7-4006-851f-097a618c2ff8@group-6AF30226E65E-LeaderElection17] INFO  impl.LeaderElection (LeaderElection.java:askForVotes(321)) - 9cef26bd-fad7-4006-851f-097a618c2ff8@group-6AF30226E65E-LeaderElection17 ELECTION round 0: submit vote requests at term 1 for -1: peers:[9cef26bd-fad7-4006-851f-097a618c2ff8|127.0.0.1:15077]|listeners:[], old=null
2024-05-24 07:48:59,060 [9cef26bd-fad7-4006-851f-097a618c2ff8@group-6AF30226E65E-LeaderElection17] INFO  impl.LeaderElection (LeaderElection.java:askForVotes(323)) - 9cef26bd-fad7-4006-851f-097a618c2ff8@group-6AF30226E65E-LeaderElection17 ELECTION round 0: result PASSED (term=1)
2024-05-24 07:48:59,060 [9cef26bd-fad7-4006-851f-097a618c2ff8@group-6AF30226E65E-LeaderElection17] INFO  impl.RoleInfo (RoleInfo.java:shutdownLeaderElection(130)) - 9cef26bd-fad7-4006-851f-097a618c2ff8: shutdown 9cef26bd-fad7-4006-851f-097a618c2ff8@group-6AF30226E65E-LeaderElection17
2024-05-24 07:48:59,061 [9cef26bd-fad7-4006-851f-097a618c2ff8@group-6AF30226E65E-LeaderElection17] INFO  server.RaftServer$Division (RaftServerImpl.java:setRole(383)) - 9cef26bd-fad7-4006-851f-097a618c2ff8@group-6AF30226E65E: changes role from CANDIDATE to LEADER at term 1 for changeToLeader
2024-05-24 07:48:59,061 [9cef26bd-fad7-4006-851f-097a618c2ff8@group-6AF30226E65E-LeaderElection17] INFO  server.RaftServerConfigKeys (ConfUtils.java:logGet(46)) - raft.server.staging.catchup.gap = 1000 (default)
2024-05-24 07:48:59,061 [9cef26bd-fad7-4006-851f-097a618c2ff8@group-6AF30226E65E-LeaderElection17] INFO  server.RaftServerConfigKeys (ConfUtils.java:logGet(46)) - raft.server.write.element-limit = 1024 (custom)
2024-05-24 07:48:59,061 [9cef26bd-fad7-4006-851f-097a618c2ff8@group-6AF30226E65E-LeaderElection17] INFO  server.RaftServerConfigKeys (ConfUtils.java:logGet(46)) - raft.server.write.byte-limit = 1024 M (=1073741824) (custom)
2024-05-24 07:48:59,061 [9cef26bd-fad7-4006-851f-097a618c2ff8@group-6AF30226E65E-LeaderElection17] INFO  server.RaftServerConfigKeys (ConfUtils.java:logGet(46)) - raft.server.watch.timeout = 180s (custom)
2024-05-24 07:48:59,061 [9cef26bd-fad7-4006-851f-097a618c2ff8@group-6AF30226E65E-LeaderElection17] INFO  server.RaftServerConfigKeys (ConfUtils.java:logGet(46)) - raft.server.watch.timeout.denomination = 1s (default)
2024-05-24 07:48:59,061 [9cef26bd-fad7-4006-851f-097a618c2ff8@group-6AF30226E65E-LeaderElection17] INFO  server.RaftServerConfigKeys (ConfUtils.java:logGet(46)) - raft.server.watch.element-limit = 65536 (default)
2024-05-24 07:48:59,061 [9cef26bd-fad7-4006-851f-097a618c2ff8@group-6AF30226E65E-LeaderElection17] INFO  server.RaftServerConfigKeys (ConfUtils.java:logGet(46)) - raft.server.read.leader.lease.enabled = false (default)
2024-05-24 07:48:59,062 [9cef26bd-fad7-4006-851f-097a618c2ff8@group-6AF30226E65E-LeaderElection17] INFO  server.RaftServerConfigKeys (ConfUtils.java:logGet(46)) - raft.server.read.leader.lease.timeout.ratio = 0.9 (default)
2024-05-24 07:48:59,062 [9cef26bd-fad7-4006-851f-097a618c2ff8@group-6AF30226E65E-LeaderElection17] INFO  server.RaftServerConfigKeys (ConfUtils.java:logGet(46)) - raft.server.rpc.timeout.min = 5s (custom)
2024-05-24 07:48:59,062 [9cef26bd-fad7-4006-851f-097a618c2ff8@group-6AF30226E65E-LeaderElection17] INFO  server.RaftServerConfigKeys (ConfUtils.java:logGet(46)) - raft.server.write.element-limit = 1024 (custom)
2024-05-24 07:48:59,062 [9cef26bd-fad7-4006-851f-097a618c2ff8@group-6AF30226E65E-LeaderElection17] INFO  server.RaftServerConfigKeys (ConfUtils.java:logGet(46)) - raft.server.write.follower.gap.ratio.max = -1.0 (default)
2024-05-24 07:48:59,062 [9cef26bd-fad7-4006-851f-097a618c2ff8@group-6AF30226E65E-LeaderElection17] INFO  impl.RoleInfo (RoleInfo.java:updateAndGet(139)) - 9cef26bd-fad7-4006-851f-097a618c2ff8: start 9cef26bd-fad7-4006-851f-097a618c2ff8@group-6AF30226E65E-LeaderStateImpl
2024-05-24 07:48:59,062 [9cef26bd-fad7-4006-851f-097a618c2ff8@group-6AF30226E65E-LeaderElection17] INFO  server.RaftServer$Division (RaftServerImpl.java:setFirstElection(574)) - 9cef26bd-fad7-4006-851f-097a618c2ff8@group-6AF30226E65E: set firstElectionSinceStartup to false for becomeLeader
2024-05-24 07:48:59,062 [9cef26bd-fad7-4006-851f-097a618c2ff8@group-6AF30226E65E-LeaderElection17] INFO  ratis.XceiverServerRatis (XceiverServerRatis.java:handleLeaderChangedNotification(966)) - Leader change notification received for group: group-6AF30226E65E with new leaderId: 9cef26bd-fad7-4006-851f-097a618c2ff8
2024-05-24 07:48:59,063 [9cef26bd-fad7-4006-851f-097a618c2ff8@group-6AF30226E65E-LeaderElection17] INFO  server.RaftServer$Division (ServerState.java:setLeader(269)) - 9cef26bd-fad7-4006-851f-097a618c2ff8@group-6AF30226E65E: change Leader from null to 9cef26bd-fad7-4006-851f-097a618c2ff8 at term 1 for becomeLeader, leader elected after 5208ms
2024-05-24 07:48:59,063 [9cef26bd-fad7-4006-851f-097a618c2ff8@group-6AF30226E65E-LeaderElection17] INFO  segmented.SegmentedRaftLogWorker (SegmentedRaftLogWorker.java:startLogSegment(430)) - 9cef26bd-fad7-4006-851f-097a618c2ff8@group-6AF30226E65E-SegmentedRaftLogWorker: Starting segment from index:0
2024-05-24 07:48:59,063 [9cef26bd-fad7-4006-851f-097a618c2ff8@group-6AF30226E65E-SegmentedRaftLogWorker] INFO  segmented.BufferedWriteChannel (BufferedWriteChannel.java:open(62)) - open log_inprogress_0 at position 0
2024-05-24 07:48:59,066 [9cef26bd-fad7-4006-851f-097a618c2ff8@group-6AF30226E65E-LeaderElection17] INFO  server.RaftServer$Division (ServerState.java:setRaftConf(386)) - 9cef26bd-fad7-4006-851f-097a618c2ff8@group-6AF30226E65E: set configuration 0: peers:[9cef26bd-fad7-4006-851f-097a618c2ff8|127.0.0.1:15077]|listeners:[], old=null
2024-05-24 07:48:59,070 [9cef26bd-fad7-4006-851f-097a618c2ff8@group-6AF30226E65E-SegmentedRaftLogWorker] INFO  segmented.SegmentedRaftLogWorker (SegmentedRaftLogWorker.java:execute(634)) - 9cef26bd-fad7-4006-851f-097a618c2ff8@group-6AF30226E65E-SegmentedRaftLogWorker: created new log segment /home/runner/work/ozone/ozone/hadoop-ozone/integration-test/target/test-dir/MiniOzoneClusterImpl-b501fab0-540e-4575-af6e-dde2336b059e/ozone-meta/datanode-8/ratis/690f895d-7d68-4613-bc2a-6af30226e65e/current/log_inprogress_0
2024-05-24 07:48:59,072 [9cef26bd-fad7-4006-851f-097a618c2ff8@group-6AF30226E65E-StateMachineUpdater] INFO  server.RaftServer$Division (LeaderStateImpl.java:isApplied(320)) - leader is ready since appliedIndex == 0 >= startIndex == 0
2024-05-24 07:48:59,077 [9cef26bd-fad7-4006-851f-097a618c2ff8@group-3979F1BF2552-FollowerState] INFO  impl.FollowerState (FollowerState.java:run(143)) - 9cef26bd-fad7-4006-851f-097a618c2ff8@group-3979F1BF2552-FollowerState: change to CANDIDATE, lastRpcElapsedTime:5054996869ns, electionTimeout:5045ms
2024-05-24 07:48:59,077 [9cef26bd-fad7-4006-851f-097a618c2ff8@group-3979F1BF2552-FollowerState] INFO  impl.RoleInfo (RoleInfo.java:shutdownFollowerState(110)) - 9cef26bd-fad7-4006-851f-097a618c2ff8: shutdown 9cef26bd-fad7-4006-851f-097a618c2ff8@group-3979F1BF2552-FollowerState
2024-05-24 07:48:59,077 [9cef26bd-fad7-4006-851f-097a618c2ff8@group-3979F1BF2552-FollowerState] INFO  server.RaftServer$Division (RaftServerImpl.java:setRole(383)) - 9cef26bd-fad7-4006-851f-097a618c2ff8@group-3979F1BF2552: changes role from  FOLLOWER to CANDIDATE at term 0 for changeToCandidate
2024-05-24 07:48:59,077 [9cef26bd-fad7-4006-851f-097a618c2ff8@group-3979F1BF2552-FollowerState] INFO  server.RaftServerConfigKeys (ConfUtils.java:logGet(46)) - raft.server.leaderelection.pre-vote = true (default)
2024-05-24 07:48:59,077 [9cef26bd-fad7-4006-851f-097a618c2ff8@group-3979F1BF2552-FollowerState] INFO  impl.RoleInfo (RoleInfo.java:updateAndGet(139)) - 9cef26bd-fad7-4006-851f-097a618c2ff8: start 9cef26bd-fad7-4006-851f-097a618c2ff8@group-3979F1BF2552-LeaderElection18
2024-05-24 07:48:59,077 [9cef26bd-fad7-4006-851f-097a618c2ff8@group-3979F1BF2552-LeaderElection18] INFO  impl.LeaderElection (LeaderElection.java:askForVotes(321)) - 9cef26bd-fad7-4006-851f-097a618c2ff8@group-3979F1BF2552-LeaderElection18 PRE_VOTE round 0: submit vote requests at term 0 for -1: peers:[b4e39294-6870-4830-abfa-7517d5dcbfab|127.0.0.1:15086, 9cef26bd-fad7-4006-851f-097a618c2ff8|127.0.0.1:15077, 26f71362-a48a-41de-9ada-52ca0d6b3643|127.0.0.1:15068]|listeners:[], old=null
2024-05-24 07:48:59,078 [9cef26bd-fad7-4006-851f-097a618c2ff8@group-3979F1BF2552-LeaderElection18-1] INFO  server.GrpcServerProtocolClient (GrpcServerProtocolClient.java:<init>(65)) - Build channel for b4e39294-6870-4830-abfa-7517d5dcbfab|127.0.0.1:15086
2024-05-24 07:48:59,078 [9cef26bd-fad7-4006-851f-097a618c2ff8@group-3979F1BF2552-LeaderElection18-2] INFO  server.GrpcServerProtocolClient (GrpcServerProtocolClient.java:<init>(65)) - Build channel for 26f71362-a48a-41de-9ada-52ca0d6b3643|127.0.0.1:15068
2024-05-24 07:48:59,078 [9cef26bd-fad7-4006-851f-097a618c2ff8@group-3979F1BF2552-LeaderElection18] INFO  server.RaftServerConfigKeys (ConfUtils.java:logFallback(53)) - raft.server.rpc.first-election.timeout.min = 5s (fallback to raft.server.rpc.timeout.min)
2024-05-24 07:48:59,078 [9cef26bd-fad7-4006-851f-097a618c2ff8@group-3979F1BF2552-LeaderElection18] INFO  server.RaftServerConfigKeys (ConfUtils.java:logFallback(53)) - raft.server.rpc.first-election.timeout.max = 5200ms (fallback to raft.server.rpc.timeout.max)
2024-05-24 07:48:59,085 [grpc-default-executor-0] INFO  server.RaftServer$Division (RaftServerImpl.java:requestVote(1389)) - b4e39294-6870-4830-abfa-7517d5dcbfab@group-3979F1BF2552: receive requestVote(PRE_VOTE, 9cef26bd-fad7-4006-851f-097a618c2ff8, group-3979F1BF2552, 0, (t:0, i:0))
2024-05-24 07:48:59,085 [grpc-default-executor-1] INFO  server.RaftServer$Division (RaftServerImpl.java:requestVote(1389)) - 26f71362-a48a-41de-9ada-52ca0d6b3643@group-3979F1BF2552: receive requestVote(PRE_VOTE, 9cef26bd-fad7-4006-851f-097a618c2ff8, group-3979F1BF2552, 0, (t:0, i:0))
2024-05-24 07:48:59,085 [grpc-default-executor-0] INFO  impl.VoteContext (VoteContext.java:log(49)) - b4e39294-6870-4830-abfa-7517d5dcbfab@group-3979F1BF2552-FOLLOWER: accept PRE_VOTE from 9cef26bd-fad7-4006-851f-097a618c2ff8: our priority 0 <= candidate's priority 1
2024-05-24 07:48:59,086 [grpc-default-executor-1] INFO  impl.VoteContext (VoteContext.java:log(49)) - 26f71362-a48a-41de-9ada-52ca0d6b3643@group-3979F1BF2552-FOLLOWER: accept PRE_VOTE from 9cef26bd-fad7-4006-851f-097a618c2ff8: our priority 0 <= candidate's priority 1
2024-05-24 07:48:59,086 [grpc-default-executor-0] INFO  server.RaftServer$Division (RaftServerImpl.java:requestVote(1422)) - b4e39294-6870-4830-abfa-7517d5dcbfab@group-3979F1BF2552 replies to PRE_VOTE vote request: 9cef26bd-fad7-4006-851f-097a618c2ff8<-b4e39294-6870-4830-abfa-7517d5dcbfab#0:OK-t0. Peer's state: b4e39294-6870-4830-abfa-7517d5dcbfab@group-3979F1BF2552:t0, leader=null, voted=, raftlog=Memoized:b4e39294-6870-4830-abfa-7517d5dcbfab@group-3979F1BF2552-SegmentedRaftLog:OPENED:c-1, conf=-1: peers:[b4e39294-6870-4830-abfa-7517d5dcbfab|127.0.0.1:15086, 9cef26bd-fad7-4006-851f-097a618c2ff8|127.0.0.1:15077, 26f71362-a48a-41de-9ada-52ca0d6b3643|127.0.0.1:15068]|listeners:[], old=null
2024-05-24 07:48:59,086 [grpc-default-executor-1] INFO  server.RaftServer$Division (RaftServerImpl.java:requestVote(1422)) - 26f71362-a48a-41de-9ada-52ca0d6b3643@group-3979F1BF2552 replies to PRE_VOTE vote request: 9cef26bd-fad7-4006-851f-097a618c2ff8<-26f71362-a48a-41de-9ada-52ca0d6b3643#0:OK-t0. Peer's state: 26f71362-a48a-41de-9ada-52ca0d6b3643@group-3979F1BF2552:t0, leader=null, voted=, raftlog=Memoized:26f71362-a48a-41de-9ada-52ca0d6b3643@group-3979F1BF2552-SegmentedRaftLog:OPENED:c-1, conf=-1: peers:[b4e39294-6870-4830-abfa-7517d5dcbfab|127.0.0.1:15086, 9cef26bd-fad7-4006-851f-097a618c2ff8|127.0.0.1:15077, 26f71362-a48a-41de-9ada-52ca0d6b3643|127.0.0.1:15068]|listeners:[], old=null
2024-05-24 07:48:59,088 [9cef26bd-fad7-4006-851f-097a618c2ff8@group-3979F1BF2552-LeaderElection18] INFO  impl.LeaderElection (LeaderElection.java:logAndReturn(89)) - 9cef26bd-fad7-4006-851f-097a618c2ff8@group-3979F1BF2552-LeaderElection18: PRE_VOTE PASSED received 1 response(s) and 0 exception(s):
2024-05-24 07:48:59,088 [9cef26bd-fad7-4006-851f-097a618c2ff8@group-3979F1BF2552-LeaderElection18] INFO  impl.LeaderElection (LeaderElection.java:logAndReturn(93)) -   Response 0: 9cef26bd-fad7-4006-851f-097a618c2ff8<-b4e39294-6870-4830-abfa-7517d5dcbfab#0:OK-t0
2024-05-24 07:48:59,088 [9cef26bd-fad7-4006-851f-097a618c2ff8@group-3979F1BF2552-LeaderElection18] INFO  impl.LeaderElection (LeaderElection.java:askForVotes(323)) - 9cef26bd-fad7-4006-851f-097a618c2ff8@group-3979F1BF2552-LeaderElection18 PRE_VOTE round 0: result PASSED
2024-05-24 07:48:59,090 [9cef26bd-fad7-4006-851f-097a618c2ff8@group-3979F1BF2552-LeaderElection18] INFO  impl.LeaderElection (LeaderElection.java:askForVotes(321)) - 9cef26bd-fad7-4006-851f-097a618c2ff8@group-3979F1BF2552-LeaderElection18 ELECTION round 0: submit vote requests at term 1 for -1: peers:[b4e39294-6870-4830-abfa-7517d5dcbfab|127.0.0.1:15086, 9cef26bd-fad7-4006-851f-097a618c2ff8|127.0.0.1:15077, 26f71362-a48a-41de-9ada-52ca0d6b3643|127.0.0.1:15068]|listeners:[], old=null
2024-05-24 07:48:59,092 [9cef26bd-fad7-4006-851f-097a618c2ff8@group-3979F1BF2552-LeaderElection18] INFO  server.RaftServerConfigKeys (ConfUtils.java:logFallback(53)) - raft.server.rpc.first-election.timeout.min = 5s (fallback to raft.server.rpc.timeout.min)
2024-05-24 07:48:59,092 [9cef26bd-fad7-4006-851f-097a618c2ff8@group-3979F1BF2552-LeaderElection18] INFO  server.RaftServerConfigKeys (ConfUtils.java:logFallback(53)) - raft.server.rpc.first-election.timeout.max = 5200ms (fallback to raft.server.rpc.timeout.max)
2024-05-24 07:48:59,092 [grpc-default-executor-1] INFO  server.RaftServer$Division (RaftServerImpl.java:requestVote(1389)) - b4e39294-6870-4830-abfa-7517d5dcbfab@group-3979F1BF2552: receive requestVote(ELECTION, 9cef26bd-fad7-4006-851f-097a618c2ff8, group-3979F1BF2552, 1, (t:0, i:0))
2024-05-24 07:48:59,092 [grpc-default-executor-1] INFO  impl.VoteContext (VoteContext.java:log(49)) - b4e39294-6870-4830-abfa-7517d5dcbfab@group-3979F1BF2552-FOLLOWER: accept ELECTION from 9cef26bd-fad7-4006-851f-097a618c2ff8: our priority 0 <= candidate's priority 1
2024-05-24 07:48:59,092 [grpc-default-executor-1] INFO  server.RaftServer$Division (RaftServerImpl.java:setRole(383)) - b4e39294-6870-4830-abfa-7517d5dcbfab@group-3979F1BF2552: changes role from  FOLLOWER to FOLLOWER at term 1 for candidate:9cef26bd-fad7-4006-851f-097a618c2ff8
2024-05-24 07:48:59,092 [grpc-default-executor-1] INFO  impl.RoleInfo (RoleInfo.java:shutdownFollowerState(110)) - b4e39294-6870-4830-abfa-7517d5dcbfab: shutdown b4e39294-6870-4830-abfa-7517d5dcbfab@group-3979F1BF2552-FollowerState
2024-05-24 07:48:59,092 [grpc-default-executor-1] INFO  impl.RoleInfo (RoleInfo.java:updateAndGet(139)) - b4e39294-6870-4830-abfa-7517d5dcbfab: start b4e39294-6870-4830-abfa-7517d5dcbfab@group-3979F1BF2552-FollowerState
2024-05-24 07:48:59,093 [grpc-default-executor-1] INFO  server.RaftServer$Division (RaftServerImpl.java:setFirstElection(574)) - b4e39294-6870-4830-abfa-7517d5dcbfab@group-3979F1BF2552: set firstElectionSinceStartup to false for candidate:9cef26bd-fad7-4006-851f-097a618c2ff8
2024-05-24 07:48:59,092 [b4e39294-6870-4830-abfa-7517d5dcbfab@group-3979F1BF2552-FollowerState] INFO  impl.FollowerState (FollowerState.java:run(152)) - b4e39294-6870-4830-abfa-7517d5dcbfab@group-3979F1BF2552-FollowerState was interrupted
2024-05-24 07:48:59,093 [grpc-default-executor-0] INFO  server.RaftServer$Division (RaftServerImpl.java:requestVote(1389)) - 26f71362-a48a-41de-9ada-52ca0d6b3643@group-3979F1BF2552: receive requestVote(ELECTION, 9cef26bd-fad7-4006-851f-097a618c2ff8, group-3979F1BF2552, 1, (t:0, i:0))
2024-05-24 07:48:59,093 [grpc-default-executor-0] INFO  impl.VoteContext (VoteContext.java:log(49)) - 26f71362-a48a-41de-9ada-52ca0d6b3643@group-3979F1BF2552-FOLLOWER: accept ELECTION from 9cef26bd-fad7-4006-851f-097a618c2ff8: our priority 0 <= candidate's priority 1
2024-05-24 07:48:59,093 [grpc-default-executor-0] INFO  server.RaftServer$Division (RaftServerImpl.java:setRole(383)) - 26f71362-a48a-41de-9ada-52ca0d6b3643@group-3979F1BF2552: changes role from  FOLLOWER to FOLLOWER at term 1 for candidate:9cef26bd-fad7-4006-851f-097a618c2ff8
2024-05-24 07:48:59,094 [grpc-default-executor-0] INFO  impl.RoleInfo (RoleInfo.java:shutdownFollowerState(110)) - 26f71362-a48a-41de-9ada-52ca0d6b3643: shutdown 26f71362-a48a-41de-9ada-52ca0d6b3643@group-3979F1BF2552-FollowerState
2024-05-24 07:48:59,094 [grpc-default-executor-0] INFO  impl.RoleInfo (RoleInfo.java:updateAndGet(139)) - 26f71362-a48a-41de-9ada-52ca0d6b3643: start 26f71362-a48a-41de-9ada-52ca0d6b3643@group-3979F1BF2552-FollowerState
2024-05-24 07:48:59,094 [grpc-default-executor-1] INFO  server.RaftServer$Division (RaftServerImpl.java:requestVote(1422)) - b4e39294-6870-4830-abfa-7517d5dcbfab@group-3979F1BF2552 replies to ELECTION vote request: 9cef26bd-fad7-4006-851f-097a618c2ff8<-b4e39294-6870-4830-abfa-7517d5dcbfab#0:OK-t1. Peer's state: b4e39294-6870-4830-abfa-7517d5dcbfab@group-3979F1BF2552:t1, leader=null, voted=9cef26bd-fad7-4006-851f-097a618c2ff8, raftlog=Memoized:b4e39294-6870-4830-abfa-7517d5dcbfab@group-3979F1BF2552-SegmentedRaftLog:OPENED:c-1, conf=-1: peers:[b4e39294-6870-4830-abfa-7517d5dcbfab|127.0.0.1:15086, 9cef26bd-fad7-4006-851f-097a618c2ff8|127.0.0.1:15077, 26f71362-a48a-41de-9ada-52ca0d6b3643|127.0.0.1:15068]|listeners:[], old=null
2024-05-24 07:48:59,095 [9cef26bd-fad7-4006-851f-097a618c2ff8@group-3979F1BF2552-LeaderElection18] INFO  impl.LeaderElection (LeaderElection.java:logAndReturn(89)) - 9cef26bd-fad7-4006-851f-097a618c2ff8@group-3979F1BF2552-LeaderElection18: ELECTION PASSED received 1 response(s) and 0 exception(s):
2024-05-24 07:48:59,095 [9cef26bd-fad7-4006-851f-097a618c2ff8@group-3979F1BF2552-LeaderElection18] INFO  impl.LeaderElection (LeaderElection.java:logAndReturn(93)) -   Response 0: 9cef26bd-fad7-4006-851f-097a618c2ff8<-b4e39294-6870-4830-abfa-7517d5dcbfab#0:OK-t1
2024-05-24 07:48:59,095 [9cef26bd-fad7-4006-851f-097a618c2ff8@group-3979F1BF2552-LeaderElection18] INFO  impl.LeaderElection (LeaderElection.java:askForVotes(323)) - 9cef26bd-fad7-4006-851f-097a618c2ff8@group-3979F1BF2552-LeaderElection18 ELECTION round 0: result PASSED
2024-05-24 07:48:59,095 [9cef26bd-fad7-4006-851f-097a618c2ff8@group-3979F1BF2552-LeaderElection18] INFO  impl.RoleInfo (RoleInfo.java:shutdownLeaderElection(130)) - 9cef26bd-fad7-4006-851f-097a618c2ff8: shutdown 9cef26bd-fad7-4006-851f-097a618c2ff8@group-3979F1BF2552-LeaderElection18
2024-05-24 07:48:59,095 [9cef26bd-fad7-4006-851f-097a618c2ff8@group-3979F1BF2552-LeaderElection18] INFO  server.RaftServer$Division (RaftServerImpl.java:setRole(383)) - 9cef26bd-fad7-4006-851f-097a618c2ff8@group-3979F1BF2552: changes role from CANDIDATE to LEADER at term 1 for changeToLeader
2024-05-24 07:48:59,095 [9cef26bd-fad7-4006-851f-097a618c2ff8@group-3979F1BF2552-LeaderElection18] INFO  server.RaftServerConfigKeys (ConfUtils.java:logGet(46)) - raft.server.staging.catchup.gap = 1000 (default)
2024-05-24 07:48:59,095 [9cef26bd-fad7-4006-851f-097a618c2ff8@group-3979F1BF2552-LeaderElection18] INFO  server.RaftServerConfigKeys (ConfUtils.java:logGet(46)) - raft.server.write.element-limit = 1024 (custom)
2024-05-24 07:48:59,096 [9cef26bd-fad7-4006-851f-097a618c2ff8@group-3979F1BF2552-LeaderElection18] INFO  server.RaftServerConfigKeys (ConfUtils.java:logGet(46)) - raft.server.write.byte-limit = 1024 M (=1073741824) (custom)
2024-05-24 07:48:59,096 [9cef26bd-fad7-4006-851f-097a618c2ff8@group-3979F1BF2552-LeaderElection18] INFO  server.RaftServerConfigKeys (ConfUtils.java:logGet(46)) - raft.server.watch.timeout = 180s (custom)
2024-05-24 07:48:59,096 [9cef26bd-fad7-4006-851f-097a618c2ff8@group-3979F1BF2552-LeaderElection18] INFO  server.RaftServerConfigKeys (ConfUtils.java:logGet(46)) - raft.server.watch.timeout.denomination = 1s (default)
2024-05-24 07:48:59,096 [9cef26bd-fad7-4006-851f-097a618c2ff8@group-3979F1BF2552-LeaderElection18] INFO  server.RaftServerConfigKeys (ConfUtils.java:logGet(46)) - raft.server.watch.element-limit = 65536 (default)
2024-05-24 07:48:59,096 [9cef26bd-fad7-4006-851f-097a618c2ff8@group-3979F1BF2552-LeaderElection18] INFO  server.RaftServerConfigKeys (ConfUtils.java:logGet(46)) - raft.server.read.leader.lease.enabled = false (default)
2024-05-24 07:48:59,096 [9cef26bd-fad7-4006-851f-097a618c2ff8@group-3979F1BF2552-LeaderElection18] INFO  server.RaftServerConfigKeys (ConfUtils.java:logGet(46)) - raft.server.read.leader.lease.timeout.ratio = 0.9 (default)
2024-05-24 07:48:59,096 [9cef26bd-fad7-4006-851f-097a618c2ff8@group-3979F1BF2552-LeaderElection18] INFO  server.RaftServerConfigKeys (ConfUtils.java:logGet(46)) - raft.server.rpc.timeout.min = 5s (custom)
2024-05-24 07:48:59,096 [9cef26bd-fad7-4006-851f-097a618c2ff8@group-3979F1BF2552-LeaderElection18] INFO  server.RaftServerConfigKeys (ConfUtils.java:logGet(46)) - raft.server.write.element-limit = 1024 (custom)
2024-05-24 07:48:59,096 [9cef26bd-fad7-4006-851f-097a618c2ff8@group-3979F1BF2552-LeaderElection18] INFO  server.RaftServerConfigKeys (ConfUtils.java:logGet(46)) - raft.server.write.follower.gap.ratio.max = -1.0 (default)
2024-05-24 07:48:59,097 [9cef26bd-fad7-4006-851f-097a618c2ff8@group-3979F1BF2552-LeaderElection18] INFO  server.RaftServerConfigKeys (ConfUtils.java:logGet(46)) - raft.server.log.appender.snapshot.chunk.size.max = 16MB (=16777216) (default)
2024-05-24 07:48:59,097 [9cef26bd-fad7-4006-851f-097a618c2ff8@group-3979F1BF2552-LeaderElection18] INFO  server.RaftServerConfigKeys (ConfUtils.java:logGet(46)) - raft.server.log.appender.buffer.byte-limit = 8388608 (custom)
2024-05-24 07:48:59,097 [9cef26bd-fad7-4006-851f-097a618c2ff8@group-3979F1BF2552-LeaderElection18] INFO  server.RaftServerConfigKeys (ConfUtils.java:logGet(46)) - raft.server.log.appender.buffer.element-limit = 1024 (custom)
2024-05-24 07:48:59,097 [26f71362-a48a-41de-9ada-52ca0d6b3643@group-3979F1BF2552-FollowerState] INFO  impl.FollowerState (FollowerState.java:run(152)) - 26f71362-a48a-41de-9ada-52ca0d6b3643@group-3979F1BF2552-FollowerState was interrupted
2024-05-24 07:48:59,097 [9cef26bd-fad7-4006-851f-097a618c2ff8@group-3979F1BF2552-LeaderElection18] INFO  server.RaftServerConfigKeys (ConfUtils.java:logGet(46)) - raft.server.log.appender.wait-time.min = 0μs (custom)
2024-05-24 07:48:59,098 [9cef26bd-fad7-4006-851f-097a618c2ff8@group-3979F1BF2552-LeaderElection18] INFO  grpc.GrpcConfigKeys (ConfUtils.java:logGet(46)) - raft.grpc.server.leader.outstanding.appends.max = 8 (default)
2024-05-24 07:48:59,098 [9cef26bd-fad7-4006-851f-097a618c2ff8@group-3979F1BF2552-LeaderElection18] INFO  server.RaftServerConfigKeys (ConfUtils.java:logGet(46)) - raft.server.rpc.request.timeout = 60s (custom)
2024-05-24 07:48:59,098 [9cef26bd-fad7-4006-851f-097a618c2ff8@group-3979F1BF2552-LeaderElection18] INFO  grpc.GrpcConfigKeys (ConfUtils.java:logGet(46)) - raft.grpc.server.install_snapshot.request.element-limit = 8 (default)
2024-05-24 07:48:59,098 [9cef26bd-fad7-4006-851f-097a618c2ff8@group-3979F1BF2552-LeaderElection18] INFO  grpc.GrpcConfigKeys (ConfUtils.java:logGet(46)) - raft.grpc.server.install_snapshot.request.timeout = 3000ms (default)
2024-05-24 07:48:59,098 [9cef26bd-fad7-4006-851f-097a618c2ff8@group-3979F1BF2552-LeaderElection18] INFO  grpc.GrpcConfigKeys (ConfUtils.java:logGet(46)) - raft.grpc.server.log-message.batch.duration = 5s (default)
2024-05-24 07:48:59,098 [9cef26bd-fad7-4006-851f-097a618c2ff8@group-3979F1BF2552-LeaderElection18] INFO  server.RaftServerConfigKeys (ConfUtils.java:logGet(46)) - raft.server.log.appender.install.snapshot.enabled = false (custom)
2024-05-24 07:48:59,098 [9cef26bd-fad7-4006-851f-097a618c2ff8@group-3979F1BF2552-LeaderElection18] INFO  grpc.GrpcConfigKeys (ConfUtils.java:logGet(46)) - raft.grpc.server.heartbeat.channel = true (default)
2024-05-24 07:48:59,098 [grpc-default-executor-0] INFO  server.RaftServer$Division (RaftServerImpl.java:requestVote(1422)) - 26f71362-a48a-41de-9ada-52ca0d6b3643@group-3979F1BF2552 replies to ELECTION vote request: 9cef26bd-fad7-4006-851f-097a618c2ff8<-26f71362-a48a-41de-9ada-52ca0d6b3643#0:OK-t1. Peer's state: 26f71362-a48a-41de-9ada-52ca0d6b3643@group-3979F1BF2552:t1, leader=null, voted=9cef26bd-fad7-4006-851f-097a618c2ff8, raftlog=Memoized:26f71362-a48a-41de-9ada-52ca0d6b3643@group-3979F1BF2552-SegmentedRaftLog:OPENED:c-1, conf=-1: peers:[b4e39294-6870-4830-abfa-7517d5dcbfab|127.0.0.1:15086, 9cef26bd-fad7-4006-851f-097a618c2ff8|127.0.0.1:15077, 26f71362-a48a-41de-9ada-52ca0d6b3643|127.0.0.1:15068]|listeners:[], old=null
2024-05-24 07:48:59,100 [9cef26bd-fad7-4006-851f-097a618c2ff8@group-3979F1BF2552-LeaderElection18] INFO  server.RaftServerConfigKeys (ConfUtils.java:logGet(46)) - raft.server.log.appender.snapshot.chunk.size.max = 16MB (=16777216) (default)
2024-05-24 07:48:59,100 [9cef26bd-fad7-4006-851f-097a618c2ff8@group-3979F1BF2552-LeaderElection18] INFO  server.RaftServerConfigKeys (ConfUtils.java:logGet(46)) - raft.server.log.appender.buffer.byte-limit = 8388608 (custom)
2024-05-24 07:48:59,100 [9cef26bd-fad7-4006-851f-097a618c2ff8@group-3979F1BF2552-LeaderElection18] INFO  server.RaftServerConfigKeys (ConfUtils.java:logGet(46)) - raft.server.log.appender.buffer.element-limit = 1024 (custom)
2024-05-24 07:48:59,100 [9cef26bd-fad7-4006-851f-097a618c2ff8@group-3979F1BF2552-LeaderElection18] INFO  server.RaftServerConfigKeys (ConfUtils.java:logGet(46)) - raft.server.log.appender.wait-time.min = 0μs (custom)
2024-05-24 07:48:59,101 [9cef26bd-fad7-4006-851f-097a618c2ff8@group-3979F1BF2552-LeaderElection18] INFO  grpc.GrpcConfigKeys (ConfUtils.java:logGet(46)) - raft.grpc.server.leader.outstanding.appends.max = 8 (default)
2024-05-24 07:48:59,101 [9cef26bd-fad7-4006-851f-097a618c2ff8@group-3979F1BF2552-LeaderElection18] INFO  server.RaftServerConfigKeys (ConfUtils.java:logGet(46)) - raft.server.rpc.request.timeout = 60s (custom)
2024-05-24 07:48:59,101 [9cef26bd-fad7-4006-851f-097a618c2ff8@group-3979F1BF2552-LeaderElection18] INFO  grpc.GrpcConfigKeys (ConfUtils.java:logGet(46)) - raft.grpc.server.install_snapshot.request.element-limit = 8 (default)
2024-05-24 07:48:59,101 [9cef26bd-fad7-4006-851f-097a618c2ff8@group-3979F1BF2552-LeaderElection18] INFO  grpc.GrpcConfigKeys (ConfUtils.java:logGet(46)) - raft.grpc.server.install_snapshot.request.timeout = 3000ms (default)
2024-05-24 07:48:59,101 [9cef26bd-fad7-4006-851f-097a618c2ff8@group-3979F1BF2552-LeaderElection18] INFO  grpc.GrpcConfigKeys (ConfUtils.java:logGet(46)) - raft.grpc.server.log-message.batch.duration = 5s (default)
2024-05-24 07:48:59,101 [9cef26bd-fad7-4006-851f-097a618c2ff8@group-3979F1BF2552-LeaderElection18] INFO  server.RaftServerConfigKeys (ConfUtils.java:logGet(46)) - raft.server.log.appender.install.snapshot.enabled = false (custom)
2024-05-24 07:48:59,101 [9cef26bd-fad7-4006-851f-097a618c2ff8@group-3979F1BF2552-LeaderElection18] INFO  grpc.GrpcConfigKeys (ConfUtils.java:logGet(46)) - raft.grpc.server.heartbeat.channel = true (default)
2024-05-24 07:48:59,101 [9cef26bd-fad7-4006-851f-097a618c2ff8@group-3979F1BF2552-LeaderElection18] INFO  impl.RoleInfo (RoleInfo.java:updateAndGet(139)) - 9cef26bd-fad7-4006-851f-097a618c2ff8: start 9cef26bd-fad7-4006-851f-097a618c2ff8@group-3979F1BF2552-LeaderStateImpl
2024-05-24 07:48:59,101 [9cef26bd-fad7-4006-851f-097a618c2ff8@group-3979F1BF2552-LeaderElection18] INFO  server.RaftServer$Division (RaftServerImpl.java:setFirstElection(574)) - 9cef26bd-fad7-4006-851f-097a618c2ff8@group-3979F1BF2552: set firstElectionSinceStartup to false for becomeLeader
2024-05-24 07:48:59,101 [9cef26bd-fad7-4006-851f-097a618c2ff8@group-3979F1BF2552-LeaderElection18] INFO  ratis.XceiverServerRatis (XceiverServerRatis.java:handleLeaderChangedNotification(966)) - Leader change notification received for group: group-3979F1BF2552 with new leaderId: 9cef26bd-fad7-4006-851f-097a618c2ff8
2024-05-24 07:48:59,102 [9cef26bd-fad7-4006-851f-097a618c2ff8@group-3979F1BF2552-LeaderElection18] INFO  server.RaftServer$Division (ServerState.java:setLeader(269)) - 9cef26bd-fad7-4006-851f-097a618c2ff8@group-3979F1BF2552: change Leader from null to 9cef26bd-fad7-4006-851f-097a618c2ff8 at term 1 for becomeLeader, leader elected after 5150ms
2024-05-24 07:48:59,102 [9cef26bd-fad7-4006-851f-097a618c2ff8@group-3979F1BF2552-LeaderElection18] INFO  segmented.SegmentedRaftLogWorker (SegmentedRaftLogWorker.java:startLogSegment(430)) - 9cef26bd-fad7-4006-851f-097a618c2ff8@group-3979F1BF2552-SegmentedRaftLogWorker: Starting segment from index:0
2024-05-24 07:48:59,102 [9cef26bd-fad7-4006-851f-097a618c2ff8@group-3979F1BF2552-SegmentedRaftLogWorker] INFO  segmented.BufferedWriteChannel (BufferedWriteChannel.java:open(62)) - open log_inprogress_0 at position 0
2024-05-24 07:48:59,108 [EventQueue-PipelineReportForPipelineReportHandler] INFO  pipeline.PipelineReportHandler (PipelineReportHandler.java:processPipelineReport(136)) - Opened pipeline PipelineID=e2199128-a7b8-43c5-8a50-3979f1bf2552
2024-05-24 07:48:59,109 [9cef26bd-fad7-4006-851f-097a618c2ff8@group-3979F1BF2552-LeaderElection18] INFO  server.RaftServer$Division (ServerState.java:setRaftConf(386)) - 9cef26bd-fad7-4006-851f-097a618c2ff8@group-3979F1BF2552: set configuration 0: peers:[b4e39294-6870-4830-abfa-7517d5dcbfab|127.0.0.1:15086, 9cef26bd-fad7-4006-851f-097a618c2ff8|127.0.0.1:15077, 26f71362-a48a-41de-9ada-52ca0d6b3643|127.0.0.1:15068]|listeners:[], old=null
2024-05-24 07:48:59,111 [9cef26bd-fad7-4006-851f-097a618c2ff8@group-3979F1BF2552-SegmentedRaftLogWorker] INFO  segmented.SegmentedRaftLogWorker (SegmentedRaftLogWorker.java:execute(634)) - 9cef26bd-fad7-4006-851f-097a618c2ff8@group-3979F1BF2552-SegmentedRaftLogWorker: created new log segment /home/runner/work/ozone/ozone/hadoop-ozone/integration-test/target/test-dir/MiniOzoneClusterImpl-b501fab0-540e-4575-af6e-dde2336b059e/ozone-meta/datanode-8/ratis/e2199128-a7b8-43c5-8a50-3979f1bf2552/current/log_inprogress_0
2024-05-24 07:48:59,136 [b4e39294-6870-4830-abfa-7517d5dcbfab-server-thread1] INFO  ratis.XceiverServerRatis (XceiverServerRatis.java:handleLeaderChangedNotification(966)) - Leader change notification received for group: group-3979F1BF2552 with new leaderId: 9cef26bd-fad7-4006-851f-097a618c2ff8
2024-05-24 07:48:59,136 [b4e39294-6870-4830-abfa-7517d5dcbfab-server-thread1] INFO  server.RaftServer$Division (ServerState.java:setLeader(269)) - b4e39294-6870-4830-abfa-7517d5dcbfab@group-3979F1BF2552: change Leader from null to 9cef26bd-fad7-4006-851f-097a618c2ff8 at term 1 for appendEntries, leader elected after 5226ms
2024-05-24 07:48:59,136 [b4e39294-6870-4830-abfa-7517d5dcbfab-server-thread2] INFO  server.RaftServer$Division (ServerState.java:setRaftConf(386)) - b4e39294-6870-4830-abfa-7517d5dcbfab@group-3979F1BF2552: set configuration 0: peers:[b4e39294-6870-4830-abfa-7517d5dcbfab|127.0.0.1:15086, 9cef26bd-fad7-4006-851f-097a618c2ff8|127.0.0.1:15077, 26f71362-a48a-41de-9ada-52ca0d6b3643|127.0.0.1:15068]|listeners:[], old=null
2024-05-24 07:48:59,136 [b4e39294-6870-4830-abfa-7517d5dcbfab-server-thread2] INFO  segmented.SegmentedRaftLogWorker (SegmentedRaftLogWorker.java:startLogSegment(430)) - b4e39294-6870-4830-abfa-7517d5dcbfab@group-3979F1BF2552-SegmentedRaftLogWorker: Starting segment from index:0
2024-05-24 07:48:59,137 [b4e39294-6870-4830-abfa-7517d5dcbfab@group-3979F1BF2552-SegmentedRaftLogWorker] INFO  segmented.BufferedWriteChannel (BufferedWriteChannel.java:open(62)) - open log_inprogress_0 at position 0
2024-05-24 07:48:59,142 [26f71362-a48a-41de-9ada-52ca0d6b3643-server-thread1] INFO  ratis.XceiverServerRatis (XceiverServerRatis.java:handleLeaderChangedNotification(966)) - Leader change notification received for group: group-3979F1BF2552 with new leaderId: 9cef26bd-fad7-4006-851f-097a618c2ff8
2024-05-24 07:48:59,143 [26f71362-a48a-41de-9ada-52ca0d6b3643-server-thread1] INFO  server.RaftServer$Division (ServerState.java:setLeader(269)) - 26f71362-a48a-41de-9ada-52ca0d6b3643@group-3979F1BF2552: change Leader from null to 9cef26bd-fad7-4006-851f-097a618c2ff8 at term 1 for appendEntries, leader elected after 5356ms
2024-05-24 07:48:59,145 [b4e39294-6870-4830-abfa-7517d5dcbfab@group-3979F1BF2552-SegmentedRaftLogWorker] INFO  segmented.SegmentedRaftLogWorker (SegmentedRaftLogWorker.java:execute(634)) - b4e39294-6870-4830-abfa-7517d5dcbfab@group-3979F1BF2552-SegmentedRaftLogWorker: created new log segment /home/runner/work/ozone/ozone/hadoop-ozone/integration-test/target/test-dir/MiniOzoneClusterImpl-b501fab0-540e-4575-af6e-dde2336b059e/ozone-meta/datanode-9/ratis/e2199128-a7b8-43c5-8a50-3979f1bf2552/current/log_inprogress_0
2024-05-24 07:48:59,152 [9cef26bd-fad7-4006-851f-097a618c2ff8@group-3979F1BF2552-StateMachineUpdater] INFO  server.RaftServer$Division (LeaderStateImpl.java:isApplied(320)) - leader is ready since appliedIndex == 0 >= startIndex == 0
2024-05-24 07:48:59,157 [26f71362-a48a-41de-9ada-52ca0d6b3643-server-thread3] INFO  server.RaftServer$Division (ServerState.java:setRaftConf(386)) - 26f71362-a48a-41de-9ada-52ca0d6b3643@group-3979F1BF2552: set configuration 0: peers:[b4e39294-6870-4830-abfa-7517d5dcbfab|127.0.0.1:15086, 9cef26bd-fad7-4006-851f-097a618c2ff8|127.0.0.1:15077, 26f71362-a48a-41de-9ada-52ca0d6b3643|127.0.0.1:15068]|listeners:[], old=null
2024-05-24 07:48:59,157 [26f71362-a48a-41de-9ada-52ca0d6b3643-server-thread3] INFO  segmented.SegmentedRaftLogWorker (SegmentedRaftLogWorker.java:startLogSegment(430)) - 26f71362-a48a-41de-9ada-52ca0d6b3643@group-3979F1BF2552-SegmentedRaftLogWorker: Starting segment from index:0
2024-05-24 07:48:59,158 [26f71362-a48a-41de-9ada-52ca0d6b3643@group-3979F1BF2552-SegmentedRaftLogWorker] INFO  segmented.BufferedWriteChannel (BufferedWriteChannel.java:open(62)) - open log_inprogress_0 at position 0
2024-05-24 07:48:59,166 [26f71362-a48a-41de-9ada-52ca0d6b3643@group-3979F1BF2552-SegmentedRaftLogWorker] INFO  segmented.SegmentedRaftLogWorker (SegmentedRaftLogWorker.java:execute(634)) - 26f71362-a48a-41de-9ada-52ca0d6b3643@group-3979F1BF2552-SegmentedRaftLogWorker: created new log segment /home/runner/work/ozone/ozone/hadoop-ozone/integration-test/target/test-dir/MiniOzoneClusterImpl-b501fab0-540e-4575-af6e-dde2336b059e/ozone-meta/datanode-7/ratis/e2199128-a7b8-43c5-8a50-3979f1bf2552/current/log_inprogress_0
2024-05-24 07:48:59,187 [9cef26bd-fad7-4006-851f-097a618c2ff8@group-E715CE6D5264-FollowerState] INFO  impl.FollowerState (FollowerState.java:run(143)) - 9cef26bd-fad7-4006-851f-097a618c2ff8@group-E715CE6D5264-FollowerState: change to CANDIDATE, lastRpcElapsedTime:5042215887ns, electionTimeout:5010ms
2024-05-24 07:48:59,187 [9cef26bd-fad7-4006-851f-097a618c2ff8@group-E715CE6D5264-FollowerState] INFO  impl.RoleInfo (RoleInfo.java:shutdownFollowerState(110)) - 9cef26bd-fad7-4006-851f-097a618c2ff8: shutdown 9cef26bd-fad7-4006-851f-097a618c2ff8@group-E715CE6D5264-FollowerState
2024-05-24 07:48:59,187 [9cef26bd-fad7-4006-851f-097a618c2ff8@group-E715CE6D5264-FollowerState] INFO  server.RaftServer$Division (RaftServerImpl.java:setRole(383)) - 9cef26bd-fad7-4006-851f-097a618c2ff8@group-E715CE6D5264: changes role from  FOLLOWER to CANDIDATE at term 0 for changeToCandidate
2024-05-24 07:48:59,188 [9cef26bd-fad7-4006-851f-097a618c2ff8@group-E715CE6D5264-FollowerState] INFO  server.RaftServerConfigKeys (ConfUtils.java:logGet(46)) - raft.server.leaderelection.pre-vote = true (default)
2024-05-24 07:48:59,188 [9cef26bd-fad7-4006-851f-097a618c2ff8@group-E715CE6D5264-FollowerState] INFO  impl.RoleInfo (RoleInfo.java:updateAndGet(139)) - 9cef26bd-fad7-4006-851f-097a618c2ff8: start 9cef26bd-fad7-4006-851f-097a618c2ff8@group-E715CE6D5264-LeaderElection19
2024-05-24 07:48:59,188 [e689b99c-fc0b-4611-bf51-e78d9991fc84@group-332C9E309CA1-FollowerState] INFO  impl.FollowerState (FollowerState.java:run(143)) - e689b99c-fc0b-4611-bf51-e78d9991fc84@group-332C9E309CA1-FollowerState: change to CANDIDATE, lastRpcElapsedTime:5212207769ns, electionTimeout:5197ms
2024-05-24 07:48:59,188 [e689b99c-fc0b-4611-bf51-e78d9991fc84@group-332C9E309CA1-FollowerState] INFO  impl.RoleInfo (RoleInfo.java:shutdownFollowerState(110)) - e689b99c-fc0b-4611-bf51-e78d9991fc84: shutdown e689b99c-fc0b-4611-bf51-e78d9991fc84@group-332C9E309CA1-FollowerState
2024-05-24 07:48:59,188 [e689b99c-fc0b-4611-bf51-e78d9991fc84@group-332C9E309CA1-FollowerState] INFO  server.RaftServer$Division (RaftServerImpl.java:setRole(383)) - e689b99c-fc0b-4611-bf51-e78d9991fc84@group-332C9E309CA1: changes role from  FOLLOWER to CANDIDATE at term 0 for changeToCandidate
2024-05-24 07:48:59,188 [e689b99c-fc0b-4611-bf51-e78d9991fc84@group-332C9E309CA1-FollowerState] INFO  server.RaftServerConfigKeys (ConfUtils.java:logGet(46)) - raft.server.leaderelection.pre-vote = true (default)
2024-05-24 07:48:59,188 [e689b99c-fc0b-4611-bf51-e78d9991fc84@group-332C9E309CA1-FollowerState] INFO  impl.RoleInfo (RoleInfo.java:updateAndGet(139)) - e689b99c-fc0b-4611-bf51-e78d9991fc84: start e689b99c-fc0b-4611-bf51-e78d9991fc84@group-332C9E309CA1-LeaderElection20
2024-05-24 07:48:59,189 [e689b99c-fc0b-4611-bf51-e78d9991fc84@group-332C9E309CA1-LeaderElection20] INFO  impl.LeaderElection (LeaderElection.java:askForVotes(321)) - e689b99c-fc0b-4611-bf51-e78d9991fc84@group-332C9E309CA1-LeaderElection20 PRE_VOTE round 0: submit vote requests at term 0 for -1: peers:[713fd2b4-03fd-4bcc-8950-4119d378f2ca|127.0.0.1:15050, db578ef5-4e1f-4da7-abbd-ff28012a31de|127.0.0.1:15041, e689b99c-fc0b-4611-bf51-e78d9991fc84|127.0.0.1:15059]|listeners:[], old=null
2024-05-24 07:48:59,189 [9cef26bd-fad7-4006-851f-097a618c2ff8@group-E715CE6D5264-LeaderElection19] INFO  impl.LeaderElection (LeaderElection.java:askForVotes(321)) - 9cef26bd-fad7-4006-851f-097a618c2ff8@group-E715CE6D5264-LeaderElection19 PRE_VOTE round 0: submit vote requests at term 0 for -1: peers:[b4e39294-6870-4830-abfa-7517d5dcbfab|127.0.0.1:15086, 9cef26bd-fad7-4006-851f-097a618c2ff8|127.0.0.1:15077, 26f71362-a48a-41de-9ada-52ca0d6b3643|127.0.0.1:15068]|listeners:[], old=null
2024-05-24 07:48:59,192 [e689b99c-fc0b-4611-bf51-e78d9991fc84@group-332C9E309CA1-LeaderElection20-1] INFO  server.GrpcServerProtocolClient (GrpcServerProtocolClient.java:<init>(65)) - Build channel for 713fd2b4-03fd-4bcc-8950-4119d378f2ca|127.0.0.1:15050
2024-05-24 07:48:59,199 [grpc-default-executor-4] INFO  server.RaftServer$Division (RaftServerImpl.java:requestVote(1389)) - 713fd2b4-03fd-4bcc-8950-4119d378f2ca@group-332C9E309CA1: receive requestVote(PRE_VOTE, e689b99c-fc0b-4611-bf51-e78d9991fc84, group-332C9E309CA1, 0, (t:0, i:0))
2024-05-24 07:48:59,199 [grpc-default-executor-4] INFO  impl.VoteContext (VoteContext.java:log(49)) - 713fd2b4-03fd-4bcc-8950-4119d378f2ca@group-332C9E309CA1-FOLLOWER: accept PRE_VOTE from e689b99c-fc0b-4611-bf51-e78d9991fc84: our priority 0 <= candidate's priority 1
2024-05-24 07:48:59,199 [grpc-default-executor-4] INFO  server.RaftServer$Division (RaftServerImpl.java:requestVote(1422)) - 713fd2b4-03fd-4bcc-8950-4119d378f2ca@group-332C9E309CA1 replies to PRE_VOTE vote request: e689b99c-fc0b-4611-bf51-e78d9991fc84<-713fd2b4-03fd-4bcc-8950-4119d378f2ca#0:OK-t0. Peer's state: 713fd2b4-03fd-4bcc-8950-4119d378f2ca@group-332C9E309CA1:t0, leader=null, voted=, raftlog=Memoized:713fd2b4-03fd-4bcc-8950-4119d378f2ca@group-332C9E309CA1-SegmentedRaftLog:OPENED:c-1, conf=-1: peers:[713fd2b4-03fd-4bcc-8950-4119d378f2ca|127.0.0.1:15050, db578ef5-4e1f-4da7-abbd-ff28012a31de|127.0.0.1:15041, e689b99c-fc0b-4611-bf51-e78d9991fc84|127.0.0.1:15059]|listeners:[], old=null
2024-05-24 07:48:59,200 [e689b99c-fc0b-4611-bf51-e78d9991fc84@group-332C9E309CA1-LeaderElection20] INFO  server.RaftServerConfigKeys (ConfUtils.java:logFallback(53)) - raft.server.rpc.first-election.timeout.min = 5s (fallback to raft.server.rpc.timeout.min)
2024-05-24 07:48:59,200 [e689b99c-fc0b-4611-bf51-e78d9991fc84@group-332C9E309CA1-LeaderElection20] INFO  server.RaftServerConfigKeys (ConfUtils.java:logFallback(53)) - raft.server.rpc.first-election.timeout.max = 5200ms (fallback to raft.server.rpc.timeout.max)
2024-05-24 07:48:59,201 [e689b99c-fc0b-4611-bf51-e78d9991fc84@group-332C9E309CA1-LeaderElection20-2] INFO  server.GrpcServerProtocolClient (GrpcServerProtocolClient.java:<init>(65)) - Build channel for db578ef5-4e1f-4da7-abbd-ff28012a31de|127.0.0.1:15041
2024-05-24 07:48:59,201 [e689b99c-fc0b-4611-bf51-e78d9991fc84@group-332C9E309CA1-LeaderElection20] INFO  impl.LeaderElection (LeaderElection.java:logAndReturn(89)) - e689b99c-fc0b-4611-bf51-e78d9991fc84@group-332C9E309CA1-LeaderElection20: PRE_VOTE PASSED received 1 response(s) and 0 exception(s):
2024-05-24 07:48:59,201 [e689b99c-fc0b-4611-bf51-e78d9991fc84@group-332C9E309CA1-LeaderElection20] INFO  impl.LeaderElection (LeaderElection.java:logAndReturn(93)) -   Response 0: e689b99c-fc0b-4611-bf51-e78d9991fc84<-713fd2b4-03fd-4bcc-8950-4119d378f2ca#0:OK-t0
2024-05-24 07:48:59,201 [e689b99c-fc0b-4611-bf51-e78d9991fc84@group-332C9E309CA1-LeaderElection20] INFO  impl.LeaderElection (LeaderElection.java:askForVotes(323)) - e689b99c-fc0b-4611-bf51-e78d9991fc84@group-332C9E309CA1-LeaderElection20 PRE_VOTE round 0: result PASSED
2024-05-24 07:48:59,203 [e689b99c-fc0b-4611-bf51-e78d9991fc84@group-332C9E309CA1-LeaderElection20] INFO  impl.LeaderElection (LeaderElection.java:askForVotes(321)) - e689b99c-fc0b-4611-bf51-e78d9991fc84@group-332C9E309CA1-LeaderElection20 ELECTION round 0: submit vote requests at term 1 for -1: peers:[713fd2b4-03fd-4bcc-8950-4119d378f2ca|127.0.0.1:15050, db578ef5-4e1f-4da7-abbd-ff28012a31de|127.0.0.1:15041, e689b99c-fc0b-4611-bf51-e78d9991fc84|127.0.0.1:15059]|listeners:[], old=null
2024-05-24 07:48:59,206 [grpc-default-executor-4] INFO  server.RaftServer$Division (RaftServerImpl.java:requestVote(1389)) - b4e39294-6870-4830-abfa-7517d5dcbfab@group-E715CE6D5264: receive requestVote(PRE_VOTE, 9cef26bd-fad7-4006-851f-097a618c2ff8, group-E715CE6D5264, 0, (t:0, i:0))
2024-05-24 07:48:59,206 [grpc-default-executor-4] INFO  impl.VoteContext (VoteContext.java:log(49)) - b4e39294-6870-4830-abfa-7517d5dcbfab@group-E715CE6D5264-FOLLOWER: accept PRE_VOTE from 9cef26bd-fad7-4006-851f-097a618c2ff8: our priority 0 <= candidate's priority 0
2024-05-24 07:48:59,206 [grpc-default-executor-4] INFO  server.RaftServer$Division (RaftServerImpl.java:requestVote(1422)) - b4e39294-6870-4830-abfa-7517d5dcbfab@group-E715CE6D5264 replies to PRE_VOTE vote request: 9cef26bd-fad7-4006-851f-097a618c2ff8<-b4e39294-6870-4830-abfa-7517d5dcbfab#0:OK-t0. Peer's state: b4e39294-6870-4830-abfa-7517d5dcbfab@group-E715CE6D5264:t0, leader=null, voted=, raftlog=Memoized:b4e39294-6870-4830-abfa-7517d5dcbfab@group-E715CE6D5264-SegmentedRaftLog:OPENED:c-1, conf=-1: peers:[b4e39294-6870-4830-abfa-7517d5dcbfab|127.0.0.1:15086, 9cef26bd-fad7-4006-851f-097a618c2ff8|127.0.0.1:15077, 26f71362-a48a-41de-9ada-52ca0d6b3643|127.0.0.1:15068]|listeners:[], old=null
2024-05-24 07:48:59,208 [grpc-default-executor-1] INFO  server.RaftServer$Division (RaftServerImpl.java:requestVote(1389)) - 713fd2b4-03fd-4bcc-8950-4119d378f2ca@group-332C9E309CA1: receive requestVote(ELECTION, e689b99c-fc0b-4611-bf51-e78d9991fc84, group-332C9E309CA1, 1, (t:0, i:0))
2024-05-24 07:48:59,208 [grpc-default-executor-1] INFO  impl.VoteContext (VoteContext.java:log(49)) - 713fd2b4-03fd-4bcc-8950-4119d378f2ca@group-332C9E309CA1-FOLLOWER: accept ELECTION from e689b99c-fc0b-4611-bf51-e78d9991fc84: our priority 0 <= candidate's priority 1
2024-05-24 07:48:59,208 [grpc-default-executor-1] INFO  server.RaftServer$Division (RaftServerImpl.java:setRole(383)) - 713fd2b4-03fd-4bcc-8950-4119d378f2ca@group-332C9E309CA1: changes role from  FOLLOWER to FOLLOWER at term 1 for candidate:e689b99c-fc0b-4611-bf51-e78d9991fc84
2024-05-24 07:48:59,208 [grpc-default-executor-1] INFO  impl.RoleInfo (RoleInfo.java:shutdownFollowerState(110)) - 713fd2b4-03fd-4bcc-8950-4119d378f2ca: shutdown 713fd2b4-03fd-4bcc-8950-4119d378f2ca@group-332C9E309CA1-FollowerState
2024-05-24 07:48:59,208 [grpc-default-executor-1] INFO  impl.RoleInfo (RoleInfo.java:updateAndGet(139)) - 713fd2b4-03fd-4bcc-8950-4119d378f2ca: start 713fd2b4-03fd-4bcc-8950-4119d378f2ca@group-332C9E309CA1-FollowerState
2024-05-24 07:48:59,208 [713fd2b4-03fd-4bcc-8950-4119d378f2ca@group-332C9E309CA1-FollowerState] INFO  impl.FollowerState (FollowerState.java:run(152)) - 713fd2b4-03fd-4bcc-8950-4119d378f2ca@group-332C9E309CA1-FollowerState was interrupted
2024-05-24 07:48:59,209 [e689b99c-fc0b-4611-bf51-e78d9991fc84@group-332C9E309CA1-LeaderElection20] INFO  server.RaftServerConfigKeys (ConfUtils.java:logFallback(53)) - raft.server.rpc.first-election.timeout.min = 5s (fallback to raft.server.rpc.timeout.min)
2024-05-24 07:48:59,209 [e689b99c-fc0b-4611-bf51-e78d9991fc84@group-332C9E309CA1-LeaderElection20] INFO  server.RaftServerConfigKeys (ConfUtils.java:logFallback(53)) - raft.server.rpc.first-election.timeout.max = 5200ms (fallback to raft.server.rpc.timeout.max)
2024-05-24 07:48:59,212 [grpc-default-executor-4] INFO  server.RaftServer$Division (RaftServerImpl.java:requestVote(1389)) - db578ef5-4e1f-4da7-abbd-ff28012a31de@group-332C9E309CA1: receive requestVote(PRE_VOTE, e689b99c-fc0b-4611-bf51-e78d9991fc84, group-332C9E309CA1, 0, (t:0, i:0))
2024-05-24 07:48:59,212 [grpc-default-executor-2] INFO  server.RaftServer$Division (RaftServerImpl.java:requestVote(1389)) - db578ef5-4e1f-4da7-abbd-ff28012a31de@group-332C9E309CA1: receive requestVote(ELECTION, e689b99c-fc0b-4611-bf51-e78d9991fc84, group-332C9E309CA1, 1, (t:0, i:0))
2024-05-24 07:48:59,212 [grpc-default-executor-4] INFO  impl.VoteContext (VoteContext.java:log(49)) - db578ef5-4e1f-4da7-abbd-ff28012a31de@group-332C9E309CA1-FOLLOWER: accept PRE_VOTE from e689b99c-fc0b-4611-bf51-e78d9991fc84: our priority 0 <= candidate's priority 1
2024-05-24 07:48:59,213 [grpc-default-executor-4] INFO  server.RaftServer$Division (RaftServerImpl.java:requestVote(1422)) - db578ef5-4e1f-4da7-abbd-ff28012a31de@group-332C9E309CA1 replies to PRE_VOTE vote request: e689b99c-fc0b-4611-bf51-e78d9991fc84<-db578ef5-4e1f-4da7-abbd-ff28012a31de#0:OK-t0. Peer's state: db578ef5-4e1f-4da7-abbd-ff28012a31de@group-332C9E309CA1:t0, leader=null, voted=, raftlog=Memoized:db578ef5-4e1f-4da7-abbd-ff28012a31de@group-332C9E309CA1-SegmentedRaftLog:OPENED:c-1, conf=-1: peers:[713fd2b4-03fd-4bcc-8950-4119d378f2ca|127.0.0.1:15050, db578ef5-4e1f-4da7-abbd-ff28012a31de|127.0.0.1:15041, e689b99c-fc0b-4611-bf51-e78d9991fc84|127.0.0.1:15059]|listeners:[], old=null
2024-05-24 07:48:59,213 [grpc-default-executor-2] INFO  impl.VoteContext (VoteContext.java:log(49)) - db578ef5-4e1f-4da7-abbd-ff28012a31de@group-332C9E309CA1-FOLLOWER: accept ELECTION from e689b99c-fc0b-4611-bf51-e78d9991fc84: our priority 0 <= candidate's priority 1
2024-05-24 07:48:59,213 [grpc-default-executor-2] INFO  server.RaftServer$Division (RaftServerImpl.java:setRole(383)) - db578ef5-4e1f-4da7-abbd-ff28012a31de@group-332C9E309CA1: changes role from  FOLLOWER to FOLLOWER at term 1 for candidate:e689b99c-fc0b-4611-bf51-e78d9991fc84
2024-05-24 07:48:59,213 [grpc-default-executor-2] INFO  impl.RoleInfo (RoleInfo.java:shutdownFollowerState(110)) - db578ef5-4e1f-4da7-abbd-ff28012a31de: shutdown db578ef5-4e1f-4da7-abbd-ff28012a31de@group-332C9E309CA1-FollowerState
2024-05-24 07:48:59,213 [grpc-default-executor-2] INFO  impl.RoleInfo (RoleInfo.java:updateAndGet(139)) - db578ef5-4e1f-4da7-abbd-ff28012a31de: start db578ef5-4e1f-4da7-abbd-ff28012a31de@group-332C9E309CA1-FollowerState
2024-05-24 07:48:59,213 [db578ef5-4e1f-4da7-abbd-ff28012a31de@group-332C9E309CA1-FollowerState] INFO  impl.FollowerState (FollowerState.java:run(152)) - db578ef5-4e1f-4da7-abbd-ff28012a31de@group-332C9E309CA1-FollowerState was interrupted
2024-05-24 07:48:59,216 [9cef26bd-fad7-4006-851f-097a618c2ff8@group-E715CE6D5264-LeaderElection19] INFO  server.RaftServerConfigKeys (ConfUtils.java:logFallback(53)) - raft.server.rpc.first-election.timeout.min = 5s (fallback to raft.server.rpc.timeout.min)
2024-05-24 07:48:59,216 [9cef26bd-fad7-4006-851f-097a618c2ff8@group-E715CE6D5264-LeaderElection19] INFO  server.RaftServerConfigKeys (ConfUtils.java:logFallback(53)) - raft.server.rpc.first-election.timeout.max = 5200ms (fallback to raft.server.rpc.timeout.max)
2024-05-24 07:48:59,216 [grpc-default-executor-1] INFO  server.RaftServer$Division (RaftServerImpl.java:setFirstElection(574)) - 713fd2b4-03fd-4bcc-8950-4119d378f2ca@group-332C9E309CA1: set firstElectionSinceStartup to false for candidate:e689b99c-fc0b-4611-bf51-e78d9991fc84
2024-05-24 07:48:59,219 [grpc-default-executor-1] INFO  server.RaftServer$Division (RaftServerImpl.java:requestVote(1422)) - 713fd2b4-03fd-4bcc-8950-4119d378f2ca@group-332C9E309CA1 replies to ELECTION vote request: e689b99c-fc0b-4611-bf51-e78d9991fc84<-713fd2b4-03fd-4bcc-8950-4119d378f2ca#0:OK-t1. Peer's state: 713fd2b4-03fd-4bcc-8950-4119d378f2ca@group-332C9E309CA1:t1, leader=null, voted=e689b99c-fc0b-4611-bf51-e78d9991fc84, raftlog=Memoized:713fd2b4-03fd-4bcc-8950-4119d378f2ca@group-332C9E309CA1-SegmentedRaftLog:OPENED:c-1, conf=-1: peers:[713fd2b4-03fd-4bcc-8950-4119d378f2ca|127.0.0.1:15050, db578ef5-4e1f-4da7-abbd-ff28012a31de|127.0.0.1:15041, e689b99c-fc0b-4611-bf51-e78d9991fc84|127.0.0.1:15059]|listeners:[], old=null
2024-05-24 07:48:59,219 [grpc-default-executor-2] INFO  server.RaftServer$Division (RaftServerImpl.java:requestVote(1422)) - db578ef5-4e1f-4da7-abbd-ff28012a31de@group-332C9E309CA1 replies to ELECTION vote request: e689b99c-fc0b-4611-bf51-e78d9991fc84<-db578ef5-4e1f-4da7-abbd-ff28012a31de#0:OK-t1. Peer's state: db578ef5-4e1f-4da7-abbd-ff28012a31de@group-332C9E309CA1:t1, leader=null, voted=e689b99c-fc0b-4611-bf51-e78d9991fc84, raftlog=Memoized:db578ef5-4e1f-4da7-abbd-ff28012a31de@group-332C9E309CA1-SegmentedRaftLog:OPENED:c-1, conf=-1: peers:[713fd2b4-03fd-4bcc-8950-4119d378f2ca|127.0.0.1:15050, db578ef5-4e1f-4da7-abbd-ff28012a31de|127.0.0.1:15041, e689b99c-fc0b-4611-bf51-e78d9991fc84|127.0.0.1:15059]|listeners:[], old=null
2024-05-24 07:48:59,220 [b4e39294-6870-4830-abfa-7517d5dcbfab@group-007800FB2959-FollowerState] INFO  impl.FollowerState (FollowerState.java:run(143)) - b4e39294-6870-4830-abfa-7517d5dcbfab@group-007800FB2959-FollowerState: change to CANDIDATE, lastRpcElapsedTime:5156030877ns, electionTimeout:5154ms
2024-05-24 07:48:59,220 [b4e39294-6870-4830-abfa-7517d5dcbfab@group-007800FB2959-FollowerState] INFO  impl.RoleInfo (RoleInfo.java:shutdownFollowerState(110)) - b4e39294-6870-4830-abfa-7517d5dcbfab: shutdown b4e39294-6870-4830-abfa-7517d5dcbfab@group-007800FB2959-FollowerState
2024-05-24 07:48:59,220 [b4e39294-6870-4830-abfa-7517d5dcbfab@group-007800FB2959-FollowerState] INFO  server.RaftServer$Division (RaftServerImpl.java:setRole(383)) - b4e39294-6870-4830-abfa-7517d5dcbfab@group-007800FB2959: changes role from  FOLLOWER to CANDIDATE at term 0 for changeToCandidate
2024-05-24 07:48:59,220 [b4e39294-6870-4830-abfa-7517d5dcbfab@group-007800FB2959-FollowerState] INFO  server.RaftServerConfigKeys (ConfUtils.java:logGet(46)) - raft.server.leaderelection.pre-vote = true (default)
2024-05-24 07:48:59,220 [b4e39294-6870-4830-abfa-7517d5dcbfab@group-007800FB2959-FollowerState] INFO  impl.RoleInfo (RoleInfo.java:updateAndGet(139)) - b4e39294-6870-4830-abfa-7517d5dcbfab: start b4e39294-6870-4830-abfa-7517d5dcbfab@group-007800FB2959-LeaderElection21
2024-05-24 07:48:59,220 [b4e39294-6870-4830-abfa-7517d5dcbfab@group-007800FB2959-LeaderElection21] INFO  impl.LeaderElection (LeaderElection.java:askForVotes(321)) - b4e39294-6870-4830-abfa-7517d5dcbfab@group-007800FB2959-LeaderElection21 PRE_VOTE round 0: submit vote requests at term 0 for -1: peers:[b4e39294-6870-4830-abfa-7517d5dcbfab|127.0.0.1:15086]|listeners:[], old=null
2024-05-24 07:48:59,220 [b4e39294-6870-4830-abfa-7517d5dcbfab@group-007800FB2959-LeaderElection21] INFO  impl.LeaderElection (LeaderElection.java:askForVotes(323)) - b4e39294-6870-4830-abfa-7517d5dcbfab@group-007800FB2959-LeaderElection21 PRE_VOTE round 0: result PASSED (term=0)
2024-05-24 07:48:59,221 [e689b99c-fc0b-4611-bf51-e78d9991fc84@group-332C9E309CA1-LeaderElection20] INFO  impl.LeaderElection (LeaderElection.java:logAndReturn(89)) - e689b99c-fc0b-4611-bf51-e78d9991fc84@group-332C9E309CA1-LeaderElection20: ELECTION PASSED received 1 response(s) and 0 exception(s):
2024-05-24 07:48:59,221 [e689b99c-fc0b-4611-bf51-e78d9991fc84@group-332C9E309CA1-LeaderElection20] INFO  impl.LeaderElection (LeaderElection.java:logAndReturn(93)) -   Response 0: e689b99c-fc0b-4611-bf51-e78d9991fc84<-713fd2b4-03fd-4bcc-8950-4119d378f2ca#0:OK-t1
2024-05-24 07:48:59,221 [e689b99c-fc0b-4611-bf51-e78d9991fc84@group-332C9E309CA1-LeaderElection20] INFO  impl.LeaderElection (LeaderElection.java:askForVotes(323)) - e689b99c-fc0b-4611-bf51-e78d9991fc84@group-332C9E309CA1-LeaderElection20 ELECTION round 0: result PASSED
2024-05-24 07:48:59,221 [e689b99c-fc0b-4611-bf51-e78d9991fc84@group-332C9E309CA1-LeaderElection20] INFO  impl.RoleInfo (RoleInfo.java:shutdownLeaderElection(130)) - e689b99c-fc0b-4611-bf51-e78d9991fc84: shutdown e689b99c-fc0b-4611-bf51-e78d9991fc84@group-332C9E309CA1-LeaderElection20
2024-05-24 07:48:59,222 [e689b99c-fc0b-4611-bf51-e78d9991fc84@group-332C9E309CA1-LeaderElection20] INFO  server.RaftServer$Division (RaftServerImpl.java:setRole(383)) - e689b99c-fc0b-4611-bf51-e78d9991fc84@group-332C9E309CA1: changes role from CANDIDATE to LEADER at term 1 for changeToLeader
2024-05-24 07:48:59,222 [e689b99c-fc0b-4611-bf51-e78d9991fc84@group-332C9E309CA1-LeaderElection20] INFO  server.RaftServerConfigKeys (ConfUtils.java:logGet(46)) - raft.server.staging.catchup.gap = 1000 (default)
2024-05-24 07:48:59,222 [e689b99c-fc0b-4611-bf51-e78d9991fc84@group-332C9E309CA1-LeaderElection20] INFO  server.RaftServerConfigKeys (ConfUtils.java:logGet(46)) - raft.server.write.element-limit = 1024 (custom)
2024-05-24 07:48:59,222 [e689b99c-fc0b-4611-bf51-e78d9991fc84@group-332C9E309CA1-LeaderElection20] INFO  server.RaftServerConfigKeys (ConfUtils.java:logGet(46)) - raft.server.write.byte-limit = 1024 M (=1073741824) (custom)
2024-05-24 07:48:59,222 [e689b99c-fc0b-4611-bf51-e78d9991fc84@group-332C9E309CA1-LeaderElection20] INFO  server.RaftServerConfigKeys (ConfUtils.java:logGet(46)) - raft.server.watch.timeout = 180s (custom)
2024-05-24 07:48:59,223 [e689b99c-fc0b-4611-bf51-e78d9991fc84@group-332C9E309CA1-LeaderElection20] INFO  server.RaftServerConfigKeys (ConfUtils.java:logGet(46)) - raft.server.watch.timeout.denomination = 1s (default)
2024-05-24 07:48:59,223 [e689b99c-fc0b-4611-bf51-e78d9991fc84@group-332C9E309CA1-LeaderElection20] INFO  server.RaftServerConfigKeys (ConfUtils.java:logGet(46)) - raft.server.watch.element-limit = 65536 (default)
2024-05-24 07:48:59,223 [e689b99c-fc0b-4611-bf51-e78d9991fc84@group-332C9E309CA1-LeaderElection20] INFO  server.RaftServerConfigKeys (ConfUtils.java:logGet(46)) - raft.server.read.leader.lease.enabled = false (default)
2024-05-24 07:48:59,223 [e689b99c-fc0b-4611-bf51-e78d9991fc84@group-332C9E309CA1-LeaderElection20] INFO  server.RaftServerConfigKeys (ConfUtils.java:logGet(46)) - raft.server.read.leader.lease.timeout.ratio = 0.9 (default)
2024-05-24 07:48:59,223 [b4e39294-6870-4830-abfa-7517d5dcbfab@group-007800FB2959-LeaderElection21] INFO  impl.LeaderElection (LeaderElection.java:askForVotes(321)) - b4e39294-6870-4830-abfa-7517d5dcbfab@group-007800FB2959-LeaderElection21 ELECTION round 0: submit vote requests at term 1 for -1: peers:[b4e39294-6870-4830-abfa-7517d5dcbfab|127.0.0.1:15086]|listeners:[], old=null
2024-05-24 07:48:59,223 [b4e39294-6870-4830-abfa-7517d5dcbfab@group-007800FB2959-LeaderElection21] INFO  impl.LeaderElection (LeaderElection.java:askForVotes(323)) - b4e39294-6870-4830-abfa-7517d5dcbfab@group-007800FB2959-LeaderElection21 ELECTION round 0: result PASSED (term=1)
2024-05-24 07:48:59,223 [b4e39294-6870-4830-abfa-7517d5dcbfab@group-007800FB2959-LeaderElection21] INFO  impl.RoleInfo (RoleInfo.java:shutdownLeaderElection(130)) - b4e39294-6870-4830-abfa-7517d5dcbfab: shutdown b4e39294-6870-4830-abfa-7517d5dcbfab@group-007800FB2959-LeaderElection21
2024-05-24 07:48:59,223 [b4e39294-6870-4830-abfa-7517d5dcbfab@group-007800FB2959-LeaderElection21] INFO  server.RaftServer$Division (RaftServerImpl.java:setRole(383)) - b4e39294-6870-4830-abfa-7517d5dcbfab@group-007800FB2959: changes role from CANDIDATE to LEADER at term 1 for changeToLeader
2024-05-24 07:48:59,223 [b4e39294-6870-4830-abfa-7517d5dcbfab@group-007800FB2959-LeaderElection21] INFO  server.RaftServerConfigKeys (ConfUtils.java:logGet(46)) - raft.server.staging.catchup.gap = 1000 (default)
2024-05-24 07:48:59,223 [e689b99c-fc0b-4611-bf51-e78d9991fc84@group-332C9E309CA1-LeaderElection20] INFO  server.RaftServerConfigKeys (ConfUtils.java:logGet(46)) - raft.server.rpc.timeout.min = 5s (custom)
2024-05-24 07:48:59,224 [e689b99c-fc0b-4611-bf51-e78d9991fc84@group-332C9E309CA1-LeaderElection20] INFO  server.RaftServerConfigKeys (ConfUtils.java:logGet(46)) - raft.server.write.element-limit = 1024 (custom)
2024-05-24 07:48:59,224 [e689b99c-fc0b-4611-bf51-e78d9991fc84@group-332C9E309CA1-LeaderElection20] INFO  server.RaftServerConfigKeys (ConfUtils.java:logGet(46)) - raft.server.write.follower.gap.ratio.max = -1.0 (default)
2024-05-24 07:48:59,224 [b4e39294-6870-4830-abfa-7517d5dcbfab@group-007800FB2959-LeaderElection21] INFO  server.RaftServerConfigKeys (ConfUtils.java:logGet(46)) - raft.server.write.element-limit = 1024 (custom)
2024-05-24 07:48:59,224 [b4e39294-6870-4830-abfa-7517d5dcbfab@group-007800FB2959-LeaderElection21] INFO  server.RaftServerConfigKeys (ConfUtils.java:logGet(46)) - raft.server.write.byte-limit = 1024 M (=1073741824) (custom)
2024-05-24 07:48:59,224 [e689b99c-fc0b-4611-bf51-e78d9991fc84@group-332C9E309CA1-LeaderElection20] INFO  server.RaftServerConfigKeys (ConfUtils.java:logGet(46)) - raft.server.log.appender.snapshot.chunk.size.max = 16MB (=16777216) (default)
2024-05-24 07:48:59,224 [e689b99c-fc0b-4611-bf51-e78d9991fc84@group-332C9E309CA1-LeaderElection20] INFO  server.RaftServerConfigKeys (ConfUtils.java:logGet(46)) - raft.server.log.appender.buffer.byte-limit = 8388608 (custom)
2024-05-24 07:48:59,225 [e689b99c-fc0b-4611-bf51-e78d9991fc84@group-332C9E309CA1-LeaderElection20] INFO  server.RaftServerConfigKeys (ConfUtils.java:logGet(46)) - raft.server.log.appender.buffer.element-limit = 1024 (custom)
2024-05-24 07:48:59,225 [b4e39294-6870-4830-abfa-7517d5dcbfab@group-007800FB2959-LeaderElection21] INFO  server.RaftServerConfigKeys (ConfUtils.java:logGet(46)) - raft.server.watch.timeout = 180s (custom)
2024-05-24 07:48:59,225 [b4e39294-6870-4830-abfa-7517d5dcbfab@group-007800FB2959-LeaderElection21] INFO  server.RaftServerConfigKeys (ConfUtils.java:logGet(46)) - raft.server.watch.timeout.denomination = 1s (default)
2024-05-24 07:48:59,225 [b4e39294-6870-4830-abfa-7517d5dcbfab@group-007800FB2959-LeaderElection21] INFO  server.RaftServerConfigKeys (ConfUtils.java:logGet(46)) - raft.server.watch.element-limit = 65536 (default)
2024-05-24 07:48:59,225 [b4e39294-6870-4830-abfa-7517d5dcbfab@group-007800FB2959-LeaderElection21] INFO  server.RaftServerConfigKeys (ConfUtils.java:logGet(46)) - raft.server.read.leader.lease.enabled = false (default)
2024-05-24 07:48:59,225 [b4e39294-6870-4830-abfa-7517d5dcbfab@group-007800FB2959-LeaderElection21] INFO  server.RaftServerConfigKeys (ConfUtils.java:logGet(46)) - raft.server.read.leader.lease.timeout.ratio = 0.9 (default)
2024-05-24 07:48:59,225 [e689b99c-fc0b-4611-bf51-e78d9991fc84@group-332C9E309CA1-LeaderElection20] INFO  server.RaftServerConfigKeys (ConfUtils.java:logGet(46)) - raft.server.log.appender.wait-time.min = 0μs (custom)
2024-05-24 07:48:59,227 [b4e39294-6870-4830-abfa-7517d5dcbfab@group-007800FB2959-LeaderElection21] INFO  server.RaftServerConfigKeys (ConfUtils.java:logGet(46)) - raft.server.rpc.timeout.min = 5s (custom)
2024-05-24 07:48:59,227 [e689b99c-fc0b-4611-bf51-e78d9991fc84@group-332C9E309CA1-LeaderElection20] INFO  grpc.GrpcConfigKeys (ConfUtils.java:logGet(46)) - raft.grpc.server.leader.outstanding.appends.max = 8 (default)
2024-05-24 07:48:59,227 [b4e39294-6870-4830-abfa-7517d5dcbfab@group-007800FB2959-LeaderElection21] INFO  server.RaftServerConfigKeys (ConfUtils.java:logGet(46)) - raft.server.write.element-limit = 1024 (custom)
2024-05-24 07:48:59,227 [e689b99c-fc0b-4611-bf51-e78d9991fc84@group-332C9E309CA1-LeaderElection20] INFO  server.RaftServerConfigKeys (ConfUtils.java:logGet(46)) - raft.server.rpc.request.timeout = 60s (custom)
2024-05-24 07:48:59,227 [b4e39294-6870-4830-abfa-7517d5dcbfab@group-007800FB2959-LeaderElection21] INFO  server.RaftServerConfigKeys (ConfUtils.java:logGet(46)) - raft.server.write.follower.gap.ratio.max = -1.0 (default)
2024-05-24 07:48:59,227 [e689b99c-fc0b-4611-bf51-e78d9991fc84@group-332C9E309CA1-LeaderElection20] INFO  grpc.GrpcConfigKeys (ConfUtils.java:logGet(46)) - raft.grpc.server.install_snapshot.request.element-limit = 8 (default)
2024-05-24 07:48:59,227 [b4e39294-6870-4830-abfa-7517d5dcbfab@group-007800FB2959-LeaderElection21] INFO  impl.RoleInfo (RoleInfo.java:updateAndGet(139)) - b4e39294-6870-4830-abfa-7517d5dcbfab: start b4e39294-6870-4830-abfa-7517d5dcbfab@group-007800FB2959-LeaderStateImpl
2024-05-24 07:48:59,227 [e689b99c-fc0b-4611-bf51-e78d9991fc84@group-332C9E309CA1-LeaderElection20] INFO  grpc.GrpcConfigKeys (ConfUtils.java:logGet(46)) - raft.grpc.server.install_snapshot.request.timeout = 3000ms (default)
2024-05-24 07:48:59,227 [b4e39294-6870-4830-abfa-7517d5dcbfab@group-007800FB2959-LeaderElection21] INFO  server.RaftServer$Division (RaftServerImpl.java:setFirstElection(574)) - b4e39294-6870-4830-abfa-7517d5dcbfab@group-007800FB2959: set firstElectionSinceStartup to false for becomeLeader
2024-05-24 07:48:59,227 [e689b99c-fc0b-4611-bf51-e78d9991fc84@group-332C9E309CA1-LeaderElection20] INFO  grpc.GrpcConfigKeys (ConfUtils.java:logGet(46)) - raft.grpc.server.log-message.batch.duration = 5s (default)
2024-05-24 07:48:59,227 [26f71362-a48a-41de-9ada-52ca0d6b3643@group-E715CE6D5264-FollowerState] INFO  impl.FollowerState (FollowerState.java:run(143)) - 26f71362-a48a-41de-9ada-52ca0d6b3643@group-E715CE6D5264-FollowerState: change to CANDIDATE, lastRpcElapsedTime:5136359671ns, electionTimeout:5127ms
2024-05-24 07:48:59,228 [26f71362-a48a-41de-9ada-52ca0d6b3643@group-E715CE6D5264-FollowerState] INFO  impl.RoleInfo (RoleInfo.java:shutdownFollowerState(110)) - 26f71362-a48a-41de-9ada-52ca0d6b3643: shutdown 26f71362-a48a-41de-9ada-52ca0d6b3643@group-E715CE6D5264-FollowerState
2024-05-24 07:48:59,228 [26f71362-a48a-41de-9ada-52ca0d6b3643@group-E715CE6D5264-FollowerState] INFO  server.RaftServer$Division (RaftServerImpl.java:setRole(383)) - 26f71362-a48a-41de-9ada-52ca0d6b3643@group-E715CE6D5264: changes role from  FOLLOWER to CANDIDATE at term 0 for changeToCandidate
2024-05-24 07:48:59,228 [26f71362-a48a-41de-9ada-52ca0d6b3643@group-E715CE6D5264-FollowerState] INFO  server.RaftServerConfigKeys (ConfUtils.java:logGet(46)) - raft.server.leaderelection.pre-vote = true (default)
2024-05-24 07:48:59,228 [26f71362-a48a-41de-9ada-52ca0d6b3643@group-E715CE6D5264-FollowerState] INFO  impl.RoleInfo (RoleInfo.java:updateAndGet(139)) - 26f71362-a48a-41de-9ada-52ca0d6b3643: start 26f71362-a48a-41de-9ada-52ca0d6b3643@group-E715CE6D5264-LeaderElection22
2024-05-24 07:48:59,228 [26f71362-a48a-41de-9ada-52ca0d6b3643@group-E715CE6D5264-LeaderElection22] INFO  impl.LeaderElection (LeaderElection.java:askForVotes(321)) - 26f71362-a48a-41de-9ada-52ca0d6b3643@group-E715CE6D5264-LeaderElection22 PRE_VOTE round 0: submit vote requests at term 0 for -1: peers:[b4e39294-6870-4830-abfa-7517d5dcbfab|127.0.0.1:15086, 9cef26bd-fad7-4006-851f-097a618c2ff8|127.0.0.1:15077, 26f71362-a48a-41de-9ada-52ca0d6b3643|127.0.0.1:15068]|listeners:[], old=null
2024-05-24 07:48:59,227 [b4e39294-6870-4830-abfa-7517d5dcbfab@group-007800FB2959-LeaderElection21] INFO  ratis.XceiverServerRatis (XceiverServerRatis.java:handleLeaderChangedNotification(966)) - Leader change notification received for group: group-007800FB2959 with new leaderId: b4e39294-6870-4830-abfa-7517d5dcbfab
2024-05-24 07:48:59,229 [grpc-default-executor-2] INFO  server.RaftServer$Division (RaftServerImpl.java:requestVote(1389)) - 26f71362-a48a-41de-9ada-52ca0d6b3643@group-E715CE6D5264: receive requestVote(PRE_VOTE, 9cef26bd-fad7-4006-851f-097a618c2ff8, group-E715CE6D5264, 0, (t:0, i:0))
2024-05-24 07:48:59,229 [grpc-default-executor-2] INFO  impl.VoteContext (VoteContext.java:log(49)) - 26f71362-a48a-41de-9ada-52ca0d6b3643@group-E715CE6D5264-CANDIDATE: reject PRE_VOTE from 9cef26bd-fad7-4006-851f-097a618c2ff8: our priority 1 > candidate's priority 0
2024-05-24 07:48:59,229 [b4e39294-6870-4830-abfa-7517d5dcbfab@group-007800FB2959-LeaderElection21] INFO  server.RaftServer$Division (ServerState.java:setLeader(269)) - b4e39294-6870-4830-abfa-7517d5dcbfab@group-007800FB2959: change Leader from null to b4e39294-6870-4830-abfa-7517d5dcbfab at term 1 for becomeLeader, leader elected after 5226ms
2024-05-24 07:48:59,230 [b4e39294-6870-4830-abfa-7517d5dcbfab@group-007800FB2959-LeaderElection21] INFO  segmented.SegmentedRaftLogWorker (SegmentedRaftLogWorker.java:startLogSegment(430)) - b4e39294-6870-4830-abfa-7517d5dcbfab@group-007800FB2959-SegmentedRaftLogWorker: Starting segment from index:0
2024-05-24 07:48:59,231 [b4e39294-6870-4830-abfa-7517d5dcbfab@group-007800FB2959-LeaderElection21] INFO  server.RaftServer$Division (ServerState.java:setRaftConf(386)) - b4e39294-6870-4830-abfa-7517d5dcbfab@group-007800FB2959: set configuration 0: peers:[b4e39294-6870-4830-abfa-7517d5dcbfab|127.0.0.1:15086]|listeners:[], old=null
2024-05-24 07:48:59,227 [e689b99c-fc0b-4611-bf51-e78d9991fc84@group-332C9E309CA1-LeaderElection20] INFO  server.RaftServerConfigKeys (ConfUtils.java:logGet(46)) - raft.server.log.appender.install.snapshot.enabled = false (custom)
2024-05-24 07:48:59,232 [b4e39294-6870-4830-abfa-7517d5dcbfab@group-007800FB2959-SegmentedRaftLogWorker] INFO  segmented.BufferedWriteChannel (BufferedWriteChannel.java:open(62)) - open log_inprogress_0 at position 0
2024-05-24 07:48:59,229 [grpc-default-executor-2] INFO  server.RaftServer$Division (RaftServerImpl.java:requestVote(1422)) - 26f71362-a48a-41de-9ada-52ca0d6b3643@group-E715CE6D5264 replies to PRE_VOTE vote request: 9cef26bd-fad7-4006-851f-097a618c2ff8<-26f71362-a48a-41de-9ada-52ca0d6b3643#0:FAIL-t0. Peer's state: 26f71362-a48a-41de-9ada-52ca0d6b3643@group-E715CE6D5264:t0, leader=null, voted=, raftlog=Memoized:26f71362-a48a-41de-9ada-52ca0d6b3643@group-E715CE6D5264-SegmentedRaftLog:OPENED:c-1, conf=-1: peers:[b4e39294-6870-4830-abfa-7517d5dcbfab|127.0.0.1:15086, 9cef26bd-fad7-4006-851f-097a618c2ff8|127.0.0.1:15077, 26f71362-a48a-41de-9ada-52ca0d6b3643|127.0.0.1:15068]|listeners:[], old=null
2024-05-24 07:48:59,235 [e689b99c-fc0b-4611-bf51-e78d9991fc84@group-332C9E309CA1-LeaderElection20] INFO  grpc.GrpcConfigKeys (ConfUtils.java:logGet(46)) - raft.grpc.server.heartbeat.channel = true (default)
2024-05-24 07:48:59,236 [e689b99c-fc0b-4611-bf51-e78d9991fc84@group-332C9E309CA1-LeaderElection20] INFO  server.RaftServerConfigKeys (ConfUtils.java:logGet(46)) - raft.server.log.appender.snapshot.chunk.size.max = 16MB (=16777216) (default)
2024-05-24 07:48:59,236 [9cef26bd-fad7-4006-851f-097a618c2ff8@group-E715CE6D5264-LeaderElection19] INFO  impl.LeaderElection (LeaderElection.java:logAndReturn(89)) - 9cef26bd-fad7-4006-851f-097a618c2ff8@group-E715CE6D5264-LeaderElection19: PRE_VOTE REJECTED received 2 response(s) and 0 exception(s):
2024-05-24 07:48:59,236 [9cef26bd-fad7-4006-851f-097a618c2ff8@group-E715CE6D5264-LeaderElection19] INFO  impl.LeaderElection (LeaderElection.java:logAndReturn(93)) -   Response 0: 9cef26bd-fad7-4006-851f-097a618c2ff8<-b4e39294-6870-4830-abfa-7517d5dcbfab#0:OK-t0
2024-05-24 07:48:59,236 [9cef26bd-fad7-4006-851f-097a618c2ff8@group-E715CE6D5264-LeaderElection19] INFO  impl.LeaderElection (LeaderElection.java:logAndReturn(93)) -   Response 1: 9cef26bd-fad7-4006-851f-097a618c2ff8<-26f71362-a48a-41de-9ada-52ca0d6b3643#0:FAIL-t0
2024-05-24 07:48:59,236 [e689b99c-fc0b-4611-bf51-e78d9991fc84@group-332C9E309CA1-LeaderElection20] INFO  server.RaftServerConfigKeys (ConfUtils.java:logGet(46)) - raft.server.log.appender.buffer.byte-limit = 8388608 (custom)
2024-05-24 07:48:59,236 [9cef26bd-fad7-4006-851f-097a618c2ff8@group-E715CE6D5264-LeaderElection19] INFO  impl.LeaderElection (LeaderElection.java:askForVotes(323)) - 9cef26bd-fad7-4006-851f-097a618c2ff8@group-E715CE6D5264-LeaderElection19 PRE_VOTE round 0: result REJECTED
2024-05-24 07:48:59,237 [9cef26bd-fad7-4006-851f-097a618c2ff8@group-E715CE6D5264-LeaderElection19] INFO  server.RaftServer$Division (RaftServerImpl.java:setRole(383)) - 9cef26bd-fad7-4006-851f-097a618c2ff8@group-E715CE6D5264: changes role from CANDIDATE to FOLLOWER at term 0 for REJECTED
2024-05-24 07:48:59,237 [9cef26bd-fad7-4006-851f-097a618c2ff8@group-E715CE6D5264-LeaderElection19] INFO  impl.RoleInfo (RoleInfo.java:shutdownLeaderElection(130)) - 9cef26bd-fad7-4006-851f-097a618c2ff8: shutdown 9cef26bd-fad7-4006-851f-097a618c2ff8@group-E715CE6D5264-LeaderElection19
2024-05-24 07:48:59,237 [9cef26bd-fad7-4006-851f-097a618c2ff8@group-E715CE6D5264-LeaderElection19] INFO  impl.RoleInfo (RoleInfo.java:updateAndGet(139)) - 9cef26bd-fad7-4006-851f-097a618c2ff8: start 9cef26bd-fad7-4006-851f-097a618c2ff8@group-E715CE6D5264-FollowerState
2024-05-24 07:48:59,236 [e689b99c-fc0b-4611-bf51-e78d9991fc84@group-332C9E309CA1-LeaderElection20] INFO  server.RaftServerConfigKeys (ConfUtils.java:logGet(46)) - raft.server.log.appender.buffer.element-limit = 1024 (custom)
2024-05-24 07:48:59,237 [e689b99c-fc0b-4611-bf51-e78d9991fc84@group-332C9E309CA1-LeaderElection20] INFO  server.RaftServerConfigKeys (ConfUtils.java:logGet(46)) - raft.server.log.appender.wait-time.min = 0μs (custom)
2024-05-24 07:48:59,237 [e689b99c-fc0b-4611-bf51-e78d9991fc84@group-332C9E309CA1-LeaderElection20] INFO  grpc.GrpcConfigKeys (ConfUtils.java:logGet(46)) - raft.grpc.server.leader.outstanding.appends.max = 8 (default)
2024-05-24 07:48:59,238 [e689b99c-fc0b-4611-bf51-e78d9991fc84@group-332C9E309CA1-LeaderElection20] INFO  server.RaftServerConfigKeys (ConfUtils.java:logGet(46)) - raft.server.rpc.request.timeout = 60s (custom)
2024-05-24 07:48:59,238 [e689b99c-fc0b-4611-bf51-e78d9991fc84@group-332C9E309CA1-LeaderElection20] INFO  grpc.GrpcConfigKeys (ConfUtils.java:logGet(46)) - raft.grpc.server.install_snapshot.request.element-limit = 8 (default)
2024-05-24 07:48:59,238 [e689b99c-fc0b-4611-bf51-e78d9991fc84@group-332C9E309CA1-LeaderElection20] INFO  grpc.GrpcConfigKeys (ConfUtils.java:logGet(46)) - raft.grpc.server.install_snapshot.request.timeout = 3000ms (default)
2024-05-24 07:48:59,238 [e689b99c-fc0b-4611-bf51-e78d9991fc84@group-332C9E309CA1-LeaderElection20] INFO  grpc.GrpcConfigKeys (ConfUtils.java:logGet(46)) - raft.grpc.server.log-message.batch.duration = 5s (default)
2024-05-24 07:48:59,238 [e689b99c-fc0b-4611-bf51-e78d9991fc84@group-332C9E309CA1-LeaderElection20] INFO  server.RaftServerConfigKeys (ConfUtils.java:logGet(46)) - raft.server.log.appender.install.snapshot.enabled = false (custom)
2024-05-24 07:48:59,238 [e689b99c-fc0b-4611-bf51-e78d9991fc84@group-332C9E309CA1-LeaderElection20] INFO  grpc.GrpcConfigKeys (ConfUtils.java:logGet(46)) - raft.grpc.server.heartbeat.channel = true (default)
2024-05-24 07:48:59,238 [e689b99c-fc0b-4611-bf51-e78d9991fc84@group-332C9E309CA1-LeaderElection20] INFO  impl.RoleInfo (RoleInfo.java:updateAndGet(139)) - e689b99c-fc0b-4611-bf51-e78d9991fc84: start e689b99c-fc0b-4611-bf51-e78d9991fc84@group-332C9E309CA1-LeaderStateImpl
2024-05-24 07:48:59,239 [e689b99c-fc0b-4611-bf51-e78d9991fc84@group-332C9E309CA1-LeaderElection20] INFO  server.RaftServer$Division (RaftServerImpl.java:setFirstElection(574)) - e689b99c-fc0b-4611-bf51-e78d9991fc84@group-332C9E309CA1: set firstElectionSinceStartup to false for becomeLeader
2024-05-24 07:48:59,239 [e689b99c-fc0b-4611-bf51-e78d9991fc84@group-332C9E309CA1-LeaderElection20] INFO  ratis.XceiverServerRatis (XceiverServerRatis.java:handleLeaderChangedNotification(966)) - Leader change notification received for group: group-332C9E309CA1 with new leaderId: e689b99c-fc0b-4611-bf51-e78d9991fc84
2024-05-24 07:48:59,239 [b4e39294-6870-4830-abfa-7517d5dcbfab@group-007800FB2959-SegmentedRaftLogWorker] INFO  segmented.SegmentedRaftLogWorker (SegmentedRaftLogWorker.java:execute(634)) - b4e39294-6870-4830-abfa-7517d5dcbfab@group-007800FB2959-SegmentedRaftLogWorker: created new log segment /home/runner/work/ozone/ozone/hadoop-ozone/integration-test/target/test-dir/MiniOzoneClusterImpl-b501fab0-540e-4575-af6e-dde2336b059e/ozone-meta/datanode-9/ratis/590d062f-4e13-4cec-963a-007800fb2959/current/log_inprogress_0
2024-05-24 07:48:59,240 [e689b99c-fc0b-4611-bf51-e78d9991fc84@group-332C9E309CA1-LeaderElection20] INFO  server.RaftServer$Division (ServerState.java:setLeader(269)) - e689b99c-fc0b-4611-bf51-e78d9991fc84@group-332C9E309CA1: change Leader from null to e689b99c-fc0b-4611-bf51-e78d9991fc84 at term 1 for becomeLeader, leader elected after 5371ms
2024-05-24 07:48:59,240 [e689b99c-fc0b-4611-bf51-e78d9991fc84@group-332C9E309CA1-LeaderElection20] INFO  segmented.SegmentedRaftLogWorker (SegmentedRaftLogWorker.java:startLogSegment(430)) - e689b99c-fc0b-4611-bf51-e78d9991fc84@group-332C9E309CA1-SegmentedRaftLogWorker: Starting segment from index:0
2024-05-24 07:48:59,241 [e689b99c-fc0b-4611-bf51-e78d9991fc84@group-332C9E309CA1-SegmentedRaftLogWorker] INFO  segmented.BufferedWriteChannel (BufferedWriteChannel.java:open(62)) - open log_inprogress_0 at position 0
2024-05-24 07:48:59,241 [EventQueue-PipelineReportForPipelineReportHandler] INFO  pipeline.PipelineReportHandler (PipelineReportHandler.java:processPipelineReport(136)) - Opened pipeline PipelineID=8878c401-de30-425e-a266-332c9e309ca1
2024-05-24 07:48:59,243 [grpc-default-executor-2] INFO  server.RaftServer$Division (RaftServerImpl.java:requestVote(1389)) - b4e39294-6870-4830-abfa-7517d5dcbfab@group-E715CE6D5264: receive requestVote(PRE_VOTE, 26f71362-a48a-41de-9ada-52ca0d6b3643, group-E715CE6D5264, 0, (t:0, i:0))
2024-05-24 07:48:59,243 [grpc-default-executor-2] INFO  impl.VoteContext (VoteContext.java:log(49)) - b4e39294-6870-4830-abfa-7517d5dcbfab@group-E715CE6D5264-FOLLOWER: accept PRE_VOTE from 26f71362-a48a-41de-9ada-52ca0d6b3643: our priority 0 <= candidate's priority 1
2024-05-24 07:48:59,243 [grpc-default-executor-2] INFO  server.RaftServer$Division (RaftServerImpl.java:requestVote(1422)) - b4e39294-6870-4830-abfa-7517d5dcbfab@group-E715CE6D5264 replies to PRE_VOTE vote request: 26f71362-a48a-41de-9ada-52ca0d6b3643<-b4e39294-6870-4830-abfa-7517d5dcbfab#0:OK-t0. Peer's state: b4e39294-6870-4830-abfa-7517d5dcbfab@group-E715CE6D5264:t0, leader=null, voted=, raftlog=Memoized:b4e39294-6870-4830-abfa-7517d5dcbfab@group-E715CE6D5264-SegmentedRaftLog:OPENED:c-1, conf=-1: peers:[b4e39294-6870-4830-abfa-7517d5dcbfab|127.0.0.1:15086, 9cef26bd-fad7-4006-851f-097a618c2ff8|127.0.0.1:15077, 26f71362-a48a-41de-9ada-52ca0d6b3643|127.0.0.1:15068]|listeners:[], old=null
2024-05-24 07:48:59,246 [e689b99c-fc0b-4611-bf51-e78d9991fc84@group-332C9E309CA1-LeaderElection20] INFO  server.RaftServer$Division (ServerState.java:setRaftConf(386)) - e689b99c-fc0b-4611-bf51-e78d9991fc84@group-332C9E309CA1: set configuration 0: peers:[713fd2b4-03fd-4bcc-8950-4119d378f2ca|127.0.0.1:15050, db578ef5-4e1f-4da7-abbd-ff28012a31de|127.0.0.1:15041, e689b99c-fc0b-4611-bf51-e78d9991fc84|127.0.0.1:15059]|listeners:[], old=null
2024-05-24 07:48:59,247 [26f71362-a48a-41de-9ada-52ca0d6b3643@group-E715CE6D5264-LeaderElection22] INFO  server.RaftServerConfigKeys (ConfUtils.java:logFallback(53)) - raft.server.rpc.first-election.timeout.min = 5s (fallback to raft.server.rpc.timeout.min)
2024-05-24 07:48:59,247 [9cef26bd-fad7-4006-851f-097a618c2ff8@group-E715CE6D5264-LeaderElection19] INFO  server.RaftServer$Division (RaftServerImpl.java:setFirstElection(574)) - 9cef26bd-fad7-4006-851f-097a618c2ff8@group-E715CE6D5264: set firstElectionSinceStartup to false for REJECTED
2024-05-24 07:48:59,248 [26f71362-a48a-41de-9ada-52ca0d6b3643@group-E715CE6D5264-LeaderElection22] INFO  server.RaftServerConfigKeys (ConfUtils.java:logFallback(53)) - raft.server.rpc.first-election.timeout.max = 5200ms (fallback to raft.server.rpc.timeout.max)
2024-05-24 07:48:59,248 [26f71362-a48a-41de-9ada-52ca0d6b3643@group-E715CE6D5264-LeaderElection22] INFO  impl.LeaderElection (LeaderElection.java:logAndReturn(89)) - 26f71362-a48a-41de-9ada-52ca0d6b3643@group-E715CE6D5264-LeaderElection22: PRE_VOTE PASSED received 1 response(s) and 0 exception(s):
2024-05-24 07:48:59,249 [26f71362-a48a-41de-9ada-52ca0d6b3643@group-E715CE6D5264-LeaderElection22] INFO  impl.LeaderElection (LeaderElection.java:logAndReturn(93)) -   Response 0: 26f71362-a48a-41de-9ada-52ca0d6b3643<-b4e39294-6870-4830-abfa-7517d5dcbfab#0:OK-t0
2024-05-24 07:48:59,249 [26f71362-a48a-41de-9ada-52ca0d6b3643@group-E715CE6D5264-LeaderElection22] INFO  impl.LeaderElection (LeaderElection.java:askForVotes(323)) - 26f71362-a48a-41de-9ada-52ca0d6b3643@group-E715CE6D5264-LeaderElection22 PRE_VOTE round 0: result PASSED
2024-05-24 07:48:59,250 [e689b99c-fc0b-4611-bf51-e78d9991fc84@group-332C9E309CA1-SegmentedRaftLogWorker] INFO  segmented.SegmentedRaftLogWorker (SegmentedRaftLogWorker.java:execute(634)) - e689b99c-fc0b-4611-bf51-e78d9991fc84@group-332C9E309CA1-SegmentedRaftLogWorker: created new log segment /home/runner/work/ozone/ozone/hadoop-ozone/integration-test/target/test-dir/MiniOzoneClusterImpl-b501fab0-540e-4575-af6e-dde2336b059e/ozone-meta/datanode-6/ratis/8878c401-de30-425e-a266-332c9e309ca1/current/log_inprogress_0
2024-05-24 07:48:59,252 [26f71362-a48a-41de-9ada-52ca0d6b3643@group-E715CE6D5264-LeaderElection22] INFO  impl.LeaderElection (LeaderElection.java:askForVotes(321)) - 26f71362-a48a-41de-9ada-52ca0d6b3643@group-E715CE6D5264-LeaderElection22 ELECTION round 0: submit vote requests at term 1 for -1: peers:[b4e39294-6870-4830-abfa-7517d5dcbfab|127.0.0.1:15086, 9cef26bd-fad7-4006-851f-097a618c2ff8|127.0.0.1:15077, 26f71362-a48a-41de-9ada-52ca0d6b3643|127.0.0.1:15068]|listeners:[], old=null
2024-05-24 07:48:59,253 [grpc-default-executor-2] INFO  server.RaftServer$Division (RaftServerImpl.java:requestVote(1389)) - 9cef26bd-fad7-4006-851f-097a618c2ff8@group-E715CE6D5264: receive requestVote(PRE_VOTE, 26f71362-a48a-41de-9ada-52ca0d6b3643, group-E715CE6D5264, 0, (t:0, i:0))
2024-05-24 07:48:59,254 [grpc-default-executor-2] INFO  impl.VoteContext (VoteContext.java:log(49)) - 9cef26bd-fad7-4006-851f-097a618c2ff8@group-E715CE6D5264-FOLLOWER: accept PRE_VOTE from 26f71362-a48a-41de-9ada-52ca0d6b3643: our priority 0 <= candidate's priority 1
2024-05-24 07:48:59,254 [grpc-default-executor-2] INFO  server.RaftServer$Division (RaftServerImpl.java:requestVote(1422)) - 9cef26bd-fad7-4006-851f-097a618c2ff8@group-E715CE6D5264 replies to PRE_VOTE vote request: 26f71362-a48a-41de-9ada-52ca0d6b3643<-9cef26bd-fad7-4006-851f-097a618c2ff8#0:OK-t0. Peer's state: 9cef26bd-fad7-4006-851f-097a618c2ff8@group-E715CE6D5264:t0, leader=null, voted=, raftlog=Memoized:9cef26bd-fad7-4006-851f-097a618c2ff8@group-E715CE6D5264-SegmentedRaftLog:OPENED:c-1, conf=-1: peers:[b4e39294-6870-4830-abfa-7517d5dcbfab|127.0.0.1:15086, 9cef26bd-fad7-4006-851f-097a618c2ff8|127.0.0.1:15077, 26f71362-a48a-41de-9ada-52ca0d6b3643|127.0.0.1:15068]|listeners:[], old=null
2024-05-24 07:48:59,259 [26f71362-a48a-41de-9ada-52ca0d6b3643@group-E715CE6D5264-LeaderElection22] INFO  server.RaftServerConfigKeys (ConfUtils.java:logFallback(53)) - raft.server.rpc.first-election.timeout.min = 5s (fallback to raft.server.rpc.timeout.min)
2024-05-24 07:48:59,259 [26f71362-a48a-41de-9ada-52ca0d6b3643@group-E715CE6D5264-LeaderElection22] INFO  server.RaftServerConfigKeys (ConfUtils.java:logFallback(53)) - raft.server.rpc.first-election.timeout.max = 5200ms (fallback to raft.server.rpc.timeout.max)
2024-05-24 07:48:59,263 [b4e39294-6870-4830-abfa-7517d5dcbfab@group-007800FB2959-StateMachineUpdater] INFO  server.RaftServer$Division (LeaderStateImpl.java:isApplied(320)) - leader is ready since appliedIndex == 0 >= startIndex == 0
2024-05-24 07:48:59,266 [grpc-default-executor-2] INFO  server.RaftServer$Division (RaftServerImpl.java:requestVote(1389)) - b4e39294-6870-4830-abfa-7517d5dcbfab@group-E715CE6D5264: receive requestVote(ELECTION, 26f71362-a48a-41de-9ada-52ca0d6b3643, group-E715CE6D5264, 1, (t:0, i:0))
2024-05-24 07:48:59,266 [grpc-default-executor-2] INFO  impl.VoteContext (VoteContext.java:log(49)) - b4e39294-6870-4830-abfa-7517d5dcbfab@group-E715CE6D5264-FOLLOWER: accept ELECTION from 26f71362-a48a-41de-9ada-52ca0d6b3643: our priority 0 <= candidate's priority 1
2024-05-24 07:48:59,266 [grpc-default-executor-2] INFO  server.RaftServer$Division (RaftServerImpl.java:setRole(383)) - b4e39294-6870-4830-abfa-7517d5dcbfab@group-E715CE6D5264: changes role from  FOLLOWER to FOLLOWER at term 1 for candidate:26f71362-a48a-41de-9ada-52ca0d6b3643
2024-05-24 07:48:59,266 [grpc-default-executor-2] INFO  impl.RoleInfo (RoleInfo.java:shutdownFollowerState(110)) - b4e39294-6870-4830-abfa-7517d5dcbfab: shutdown b4e39294-6870-4830-abfa-7517d5dcbfab@group-E715CE6D5264-FollowerState
2024-05-24 07:48:59,266 [grpc-default-executor-2] INFO  impl.RoleInfo (RoleInfo.java:updateAndGet(139)) - b4e39294-6870-4830-abfa-7517d5dcbfab: start b4e39294-6870-4830-abfa-7517d5dcbfab@group-E715CE6D5264-FollowerState
2024-05-24 07:48:59,266 [b4e39294-6870-4830-abfa-7517d5dcbfab@group-E715CE6D5264-FollowerState] INFO  impl.FollowerState (FollowerState.java:run(152)) - b4e39294-6870-4830-abfa-7517d5dcbfab@group-E715CE6D5264-FollowerState was interrupted
2024-05-24 07:48:59,267 [grpc-default-executor-2] INFO  server.RaftServer$Division (RaftServerImpl.java:setFirstElection(574)) - b4e39294-6870-4830-abfa-7517d5dcbfab@group-E715CE6D5264: set firstElectionSinceStartup to false for candidate:26f71362-a48a-41de-9ada-52ca0d6b3643
2024-05-24 07:48:59,268 [713fd2b4-03fd-4bcc-8950-4119d378f2ca-server-thread1] INFO  ratis.XceiverServerRatis (XceiverServerRatis.java:handleLeaderChangedNotification(966)) - Leader change notification received for group: group-332C9E309CA1 with new leaderId: e689b99c-fc0b-4611-bf51-e78d9991fc84
2024-05-24 07:48:59,268 [713fd2b4-03fd-4bcc-8950-4119d378f2ca-server-thread1] INFO  server.RaftServer$Division (ServerState.java:setLeader(269)) - 713fd2b4-03fd-4bcc-8950-4119d378f2ca@group-332C9E309CA1: change Leader from null to e689b99c-fc0b-4611-bf51-e78d9991fc84 at term 1 for appendEntries, leader elected after 5516ms
2024-05-24 07:48:59,268 [713fd2b4-03fd-4bcc-8950-4119d378f2ca-server-thread1] INFO  server.RaftServer$Division (ServerState.java:setRaftConf(386)) - 713fd2b4-03fd-4bcc-8950-4119d378f2ca@group-332C9E309CA1: set configuration 0: peers:[713fd2b4-03fd-4bcc-8950-4119d378f2ca|127.0.0.1:15050, db578ef5-4e1f-4da7-abbd-ff28012a31de|127.0.0.1:15041, e689b99c-fc0b-4611-bf51-e78d9991fc84|127.0.0.1:15059]|listeners:[], old=null
2024-05-24 07:48:59,269 [713fd2b4-03fd-4bcc-8950-4119d378f2ca-server-thread1] INFO  segmented.SegmentedRaftLogWorker (SegmentedRaftLogWorker.java:startLogSegment(430)) - 713fd2b4-03fd-4bcc-8950-4119d378f2ca@group-332C9E309CA1-SegmentedRaftLogWorker: Starting segment from index:0
2024-05-24 07:48:59,269 [713fd2b4-03fd-4bcc-8950-4119d378f2ca@group-332C9E309CA1-SegmentedRaftLogWorker] INFO  segmented.BufferedWriteChannel (BufferedWriteChannel.java:open(62)) - open log_inprogress_0 at position 0
2024-05-24 07:48:59,271 [db578ef5-4e1f-4da7-abbd-ff28012a31de-server-thread1] INFO  ratis.XceiverServerRatis (XceiverServerRatis.java:handleLeaderChangedNotification(966)) - Leader change notification received for group: group-332C9E309CA1 with new leaderId: e689b99c-fc0b-4611-bf51-e78d9991fc84
2024-05-24 07:48:59,271 [db578ef5-4e1f-4da7-abbd-ff28012a31de-server-thread1] INFO  server.RaftServer$Division (ServerState.java:setLeader(269)) - db578ef5-4e1f-4da7-abbd-ff28012a31de@group-332C9E309CA1: change Leader from null to e689b99c-fc0b-4611-bf51-e78d9991fc84 at term 1 for appendEntries, leader elected after 5517ms
2024-05-24 07:48:59,271 [db578ef5-4e1f-4da7-abbd-ff28012a31de-server-thread1] INFO  server.RaftServer$Division (ServerState.java:setRaftConf(386)) - db578ef5-4e1f-4da7-abbd-ff28012a31de@group-332C9E309CA1: set configuration 0: peers:[713fd2b4-03fd-4bcc-8950-4119d378f2ca|127.0.0.1:15050, db578ef5-4e1f-4da7-abbd-ff28012a31de|127.0.0.1:15041, e689b99c-fc0b-4611-bf51-e78d9991fc84|127.0.0.1:15059]|listeners:[], old=null
2024-05-24 07:48:59,272 [db578ef5-4e1f-4da7-abbd-ff28012a31de-server-thread1] INFO  segmented.SegmentedRaftLogWorker (SegmentedRaftLogWorker.java:startLogSegment(430)) - db578ef5-4e1f-4da7-abbd-ff28012a31de@group-332C9E309CA1-SegmentedRaftLogWorker: Starting segment from index:0
2024-05-24 07:48:59,272 [db578ef5-4e1f-4da7-abbd-ff28012a31de@group-332C9E309CA1-SegmentedRaftLogWorker] INFO  segmented.BufferedWriteChannel (BufferedWriteChannel.java:open(62)) - open log_inprogress_0 at position 0
2024-05-24 07:48:59,271 [grpc-default-executor-2] INFO  server.RaftServer$Division (RaftServerImpl.java:requestVote(1422)) - b4e39294-6870-4830-abfa-7517d5dcbfab@group-E715CE6D5264 replies to ELECTION vote request: 26f71362-a48a-41de-9ada-52ca0d6b3643<-b4e39294-6870-4830-abfa-7517d5dcbfab#0:OK-t1. Peer's state: b4e39294-6870-4830-abfa-7517d5dcbfab@group-E715CE6D5264:t1, leader=null, voted=26f71362-a48a-41de-9ada-52ca0d6b3643, raftlog=Memoized:b4e39294-6870-4830-abfa-7517d5dcbfab@group-E715CE6D5264-SegmentedRaftLog:OPENED:c-1, conf=-1: peers:[b4e39294-6870-4830-abfa-7517d5dcbfab|127.0.0.1:15086, 9cef26bd-fad7-4006-851f-097a618c2ff8|127.0.0.1:15077, 26f71362-a48a-41de-9ada-52ca0d6b3643|127.0.0.1:15068]|listeners:[], old=null
2024-05-24 07:48:59,276 [grpc-default-executor-5] INFO  server.RaftServer$Division (RaftServerImpl.java:requestVote(1389)) - 9cef26bd-fad7-4006-851f-097a618c2ff8@group-E715CE6D5264: receive requestVote(ELECTION, 26f71362-a48a-41de-9ada-52ca0d6b3643, group-E715CE6D5264, 1, (t:0, i:0))
2024-05-24 07:48:59,276 [grpc-default-executor-5] INFO  impl.VoteContext (VoteContext.java:log(49)) - 9cef26bd-fad7-4006-851f-097a618c2ff8@group-E715CE6D5264-FOLLOWER: accept ELECTION from 26f71362-a48a-41de-9ada-52ca0d6b3643: our priority 0 <= candidate's priority 1
2024-05-24 07:48:59,277 [grpc-default-executor-5] INFO  server.RaftServer$Division (RaftServerImpl.java:setRole(383)) - 9cef26bd-fad7-4006-851f-097a618c2ff8@group-E715CE6D5264: changes role from  FOLLOWER to FOLLOWER at term 1 for candidate:26f71362-a48a-41de-9ada-52ca0d6b3643
2024-05-24 07:48:59,277 [grpc-default-executor-5] INFO  impl.RoleInfo (RoleInfo.java:shutdownFollowerState(110)) - 9cef26bd-fad7-4006-851f-097a618c2ff8: shutdown 9cef26bd-fad7-4006-851f-097a618c2ff8@group-E715CE6D5264-FollowerState
2024-05-24 07:48:59,277 [9cef26bd-fad7-4006-851f-097a618c2ff8@group-E715CE6D5264-FollowerState] INFO  impl.FollowerState (FollowerState.java:run(152)) - 9cef26bd-fad7-4006-851f-097a618c2ff8@group-E715CE6D5264-FollowerState was interrupted
2024-05-24 07:48:59,279 [grpc-default-executor-5] INFO  impl.RoleInfo (RoleInfo.java:updateAndGet(139)) - 9cef26bd-fad7-4006-851f-097a618c2ff8: start 9cef26bd-fad7-4006-851f-097a618c2ff8@group-E715CE6D5264-FollowerState
2024-05-24 07:48:59,280 [26f71362-a48a-41de-9ada-52ca0d6b3643@group-E715CE6D5264-LeaderElection22] INFO  impl.LeaderElection (LeaderElection.java:logAndReturn(89)) - 26f71362-a48a-41de-9ada-52ca0d6b3643@group-E715CE6D5264-LeaderElection22: ELECTION PASSED received 1 response(s) and 0 exception(s):
2024-05-24 07:48:59,280 [26f71362-a48a-41de-9ada-52ca0d6b3643@group-E715CE6D5264-LeaderElection22] INFO  impl.LeaderElection (LeaderElection.java:logAndReturn(93)) -   Response 0: 26f71362-a48a-41de-9ada-52ca0d6b3643<-b4e39294-6870-4830-abfa-7517d5dcbfab#0:OK-t1
2024-05-24 07:48:59,280 [26f71362-a48a-41de-9ada-52ca0d6b3643@group-E715CE6D5264-LeaderElection22] INFO  impl.LeaderElection (LeaderElection.java:askForVotes(323)) - 26f71362-a48a-41de-9ada-52ca0d6b3643@group-E715CE6D5264-LeaderElection22 ELECTION round 0: result PASSED
2024-05-24 07:48:59,280 [26f71362-a48a-41de-9ada-52ca0d6b3643@group-E715CE6D5264-LeaderElection22] INFO  impl.RoleInfo (RoleInfo.java:shutdownLeaderElection(130)) - 26f71362-a48a-41de-9ada-52ca0d6b3643: shutdown 26f71362-a48a-41de-9ada-52ca0d6b3643@group-E715CE6D5264-LeaderElection22
2024-05-24 07:48:59,280 [26f71362-a48a-41de-9ada-52ca0d6b3643@group-E715CE6D5264-LeaderElection22] INFO  server.RaftServer$Division (RaftServerImpl.java:setRole(383)) - 26f71362-a48a-41de-9ada-52ca0d6b3643@group-E715CE6D5264: changes role from CANDIDATE to LEADER at term 1 for changeToLeader
2024-05-24 07:48:59,280 [26f71362-a48a-41de-9ada-52ca0d6b3643@group-E715CE6D5264-LeaderElection22] INFO  server.RaftServerConfigKeys (ConfUtils.java:logGet(46)) - raft.server.staging.catchup.gap = 1000 (default)
2024-05-24 07:48:59,281 [26f71362-a48a-41de-9ada-52ca0d6b3643@group-E715CE6D5264-LeaderElection22] INFO  server.RaftServerConfigKeys (ConfUtils.java:logGet(46)) - raft.server.write.element-limit = 1024 (custom)
2024-05-24 07:48:59,281 [26f71362-a48a-41de-9ada-52ca0d6b3643@group-E715CE6D5264-LeaderElection22] INFO  server.RaftServerConfigKeys (ConfUtils.java:logGet(46)) - raft.server.write.byte-limit = 1024 M (=1073741824) (custom)
2024-05-24 07:48:59,281 [26f71362-a48a-41de-9ada-52ca0d6b3643@group-E715CE6D5264-LeaderElection22] INFO  server.RaftServerConfigKeys (ConfUtils.java:logGet(46)) - raft.server.watch.timeout = 180s (custom)
2024-05-24 07:48:59,281 [26f71362-a48a-41de-9ada-52ca0d6b3643@group-E715CE6D5264-LeaderElection22] INFO  server.RaftServerConfigKeys (ConfUtils.java:logGet(46)) - raft.server.watch.timeout.denomination = 1s (default)
2024-05-24 07:48:59,281 [26f71362-a48a-41de-9ada-52ca0d6b3643@group-E715CE6D5264-LeaderElection22] INFO  server.RaftServerConfigKeys (ConfUtils.java:logGet(46)) - raft.server.watch.element-limit = 65536 (default)
2024-05-24 07:48:59,281 [26f71362-a48a-41de-9ada-52ca0d6b3643@group-E715CE6D5264-LeaderElection22] INFO  server.RaftServerConfigKeys (ConfUtils.java:logGet(46)) - raft.server.read.leader.lease.enabled = false (default)
2024-05-24 07:48:59,281 [26f71362-a48a-41de-9ada-52ca0d6b3643@group-E715CE6D5264-LeaderElection22] INFO  server.RaftServerConfigKeys (ConfUtils.java:logGet(46)) - raft.server.read.leader.lease.timeout.ratio = 0.9 (default)
2024-05-24 07:48:59,282 [26f71362-a48a-41de-9ada-52ca0d6b3643@group-E715CE6D5264-LeaderElection22] INFO  server.RaftServerConfigKeys (ConfUtils.java:logGet(46)) - raft.server.rpc.timeout.min = 5s (custom)
2024-05-24 07:48:59,282 [26f71362-a48a-41de-9ada-52ca0d6b3643@group-E715CE6D5264-LeaderElection22] INFO  server.RaftServerConfigKeys (ConfUtils.java:logGet(46)) - raft.server.write.element-limit = 1024 (custom)
2024-05-24 07:48:59,282 [26f71362-a48a-41de-9ada-52ca0d6b3643@group-E715CE6D5264-LeaderElection22] INFO  server.RaftServerConfigKeys (ConfUtils.java:logGet(46)) - raft.server.write.follower.gap.ratio.max = -1.0 (default)
2024-05-24 07:48:59,283 [db578ef5-4e1f-4da7-abbd-ff28012a31de@group-332C9E309CA1-SegmentedRaftLogWorker] INFO  segmented.SegmentedRaftLogWorker (SegmentedRaftLogWorker.java:execute(634)) - db578ef5-4e1f-4da7-abbd-ff28012a31de@group-332C9E309CA1-SegmentedRaftLogWorker: created new log segment /home/runner/work/ozone/ozone/hadoop-ozone/integration-test/target/test-dir/MiniOzoneClusterImpl-b501fab0-540e-4575-af6e-dde2336b059e/ozone-meta/datanode-4/ratis/8878c401-de30-425e-a266-332c9e309ca1/current/log_inprogress_0
2024-05-24 07:48:59,283 [26f71362-a48a-41de-9ada-52ca0d6b3643@group-E715CE6D5264-LeaderElection22] INFO  server.RaftServerConfigKeys (ConfUtils.java:logGet(46)) - raft.server.log.appender.snapshot.chunk.size.max = 16MB (=16777216) (default)
2024-05-24 07:48:59,283 [26f71362-a48a-41de-9ada-52ca0d6b3643@group-E715CE6D5264-LeaderElection22] INFO  server.RaftServerConfigKeys (ConfUtils.java:logGet(46)) - raft.server.log.appender.buffer.byte-limit = 8388608 (custom)
2024-05-24 07:48:59,283 [26f71362-a48a-41de-9ada-52ca0d6b3643@group-E715CE6D5264-LeaderElection22] INFO  server.RaftServerConfigKeys (ConfUtils.java:logGet(46)) - raft.server.log.appender.buffer.element-limit = 1024 (custom)
2024-05-24 07:48:59,283 [26f71362-a48a-41de-9ada-52ca0d6b3643@group-E715CE6D5264-LeaderElection22] INFO  server.RaftServerConfigKeys (ConfUtils.java:logGet(46)) - raft.server.log.appender.wait-time.min = 0μs (custom)
2024-05-24 07:48:59,283 [26f71362-a48a-41de-9ada-52ca0d6b3643@group-E715CE6D5264-LeaderElection22] INFO  grpc.GrpcConfigKeys (ConfUtils.java:logGet(46)) - raft.grpc.server.leader.outstanding.appends.max = 8 (default)
2024-05-24 07:48:59,283 [26f71362-a48a-41de-9ada-52ca0d6b3643@group-E715CE6D5264-LeaderElection22] INFO  server.RaftServerConfigKeys (ConfUtils.java:logGet(46)) - raft.server.rpc.request.timeout = 60s (custom)
2024-05-24 07:48:59,283 [26f71362-a48a-41de-9ada-52ca0d6b3643@group-E715CE6D5264-LeaderElection22] INFO  grpc.GrpcConfigKeys (ConfUtils.java:logGet(46)) - raft.grpc.server.install_snapshot.request.element-limit = 8 (default)
2024-05-24 07:48:59,283 [26f71362-a48a-41de-9ada-52ca0d6b3643@group-E715CE6D5264-LeaderElection22] INFO  grpc.GrpcConfigKeys (ConfUtils.java:logGet(46)) - raft.grpc.server.install_snapshot.request.timeout = 3000ms (default)
2024-05-24 07:48:59,283 [26f71362-a48a-41de-9ada-52ca0d6b3643@group-E715CE6D5264-LeaderElection22] INFO  grpc.GrpcConfigKeys (ConfUtils.java:logGet(46)) - raft.grpc.server.log-message.batch.duration = 5s (default)
2024-05-24 07:48:59,283 [26f71362-a48a-41de-9ada-52ca0d6b3643@group-E715CE6D5264-LeaderElection22] INFO  server.RaftServerConfigKeys (ConfUtils.java:logGet(46)) - raft.server.log.appender.install.snapshot.enabled = false (custom)
2024-05-24 07:48:59,284 [26f71362-a48a-41de-9ada-52ca0d6b3643@group-E715CE6D5264-LeaderElection22] INFO  grpc.GrpcConfigKeys (ConfUtils.java:logGet(46)) - raft.grpc.server.heartbeat.channel = true (default)
2024-05-24 07:48:59,284 [713fd2b4-03fd-4bcc-8950-4119d378f2ca@group-332C9E309CA1-SegmentedRaftLogWorker] INFO  segmented.SegmentedRaftLogWorker (SegmentedRaftLogWorker.java:execute(634)) - 713fd2b4-03fd-4bcc-8950-4119d378f2ca@group-332C9E309CA1-SegmentedRaftLogWorker: created new log segment /home/runner/work/ozone/ozone/hadoop-ozone/integration-test/target/test-dir/MiniOzoneClusterImpl-b501fab0-540e-4575-af6e-dde2336b059e/ozone-meta/datanode-5/ratis/8878c401-de30-425e-a266-332c9e309ca1/current/log_inprogress_0
2024-05-24 07:48:59,285 [26f71362-a48a-41de-9ada-52ca0d6b3643@group-E715CE6D5264-LeaderElection22] INFO  server.RaftServerConfigKeys (ConfUtils.java:logGet(46)) - raft.server.log.appender.snapshot.chunk.size.max = 16MB (=16777216) (default)
2024-05-24 07:48:59,285 [26f71362-a48a-41de-9ada-52ca0d6b3643@group-E715CE6D5264-LeaderElection22] INFO  server.RaftServerConfigKeys (ConfUtils.java:logGet(46)) - raft.server.log.appender.buffer.byte-limit = 8388608 (custom)
2024-05-24 07:48:59,286 [26f71362-a48a-41de-9ada-52ca0d6b3643@group-E715CE6D5264-LeaderElection22] INFO  server.RaftServerConfigKeys (ConfUtils.java:logGet(46)) - raft.server.log.appender.buffer.element-limit = 1024 (custom)
2024-05-24 07:48:59,286 [26f71362-a48a-41de-9ada-52ca0d6b3643@group-E715CE6D5264-LeaderElection22] INFO  server.RaftServerConfigKeys (ConfUtils.java:logGet(46)) - raft.server.log.appender.wait-time.min = 0μs (custom)
2024-05-24 07:48:59,286 [26f71362-a48a-41de-9ada-52ca0d6b3643@group-E715CE6D5264-LeaderElection22] INFO  grpc.GrpcConfigKeys (ConfUtils.java:logGet(46)) - raft.grpc.server.leader.outstanding.appends.max = 8 (default)
2024-05-24 07:48:59,287 [26f71362-a48a-41de-9ada-52ca0d6b3643@group-E715CE6D5264-LeaderElection22] INFO  server.RaftServerConfigKeys (ConfUtils.java:logGet(46)) - raft.server.rpc.request.timeout = 60s (custom)
2024-05-24 07:48:59,287 [26f71362-a48a-41de-9ada-52ca0d6b3643@group-E715CE6D5264-LeaderElection22] INFO  grpc.GrpcConfigKeys (ConfUtils.java:logGet(46)) - raft.grpc.server.install_snapshot.request.element-limit = 8 (default)
2024-05-24 07:48:59,287 [26f71362-a48a-41de-9ada-52ca0d6b3643@group-E715CE6D5264-LeaderElection22] INFO  grpc.GrpcConfigKeys (ConfUtils.java:logGet(46)) - raft.grpc.server.install_snapshot.request.timeout = 3000ms (default)
2024-05-24 07:48:59,287 [26f71362-a48a-41de-9ada-52ca0d6b3643@group-E715CE6D5264-LeaderElection22] INFO  grpc.GrpcConfigKeys (ConfUtils.java:logGet(46)) - raft.grpc.server.log-message.batch.duration = 5s (default)
2024-05-24 07:48:59,287 [26f71362-a48a-41de-9ada-52ca0d6b3643@group-E715CE6D5264-LeaderElection22] INFO  server.RaftServerConfigKeys (ConfUtils.java:logGet(46)) - raft.server.log.appender.install.snapshot.enabled = false (custom)
2024-05-24 07:48:59,288 [26f71362-a48a-41de-9ada-52ca0d6b3643@group-E715CE6D5264-LeaderElection22] INFO  grpc.GrpcConfigKeys (ConfUtils.java:logGet(46)) - raft.grpc.server.heartbeat.channel = true (default)
2024-05-24 07:48:59,288 [e689b99c-fc0b-4611-bf51-e78d9991fc84@group-332C9E309CA1-StateMachineUpdater] INFO  server.RaftServer$Division (LeaderStateImpl.java:isApplied(320)) - leader is ready since appliedIndex == 0 >= startIndex == 0
2024-05-24 07:48:59,289 [26f71362-a48a-41de-9ada-52ca0d6b3643@group-E715CE6D5264-LeaderElection22] INFO  impl.RoleInfo (RoleInfo.java:updateAndGet(139)) - 26f71362-a48a-41de-9ada-52ca0d6b3643: start 26f71362-a48a-41de-9ada-52ca0d6b3643@group-E715CE6D5264-LeaderStateImpl
2024-05-24 07:48:59,289 [26f71362-a48a-41de-9ada-52ca0d6b3643@group-E715CE6D5264-LeaderElection22] INFO  server.RaftServer$Division (RaftServerImpl.java:setFirstElection(574)) - 26f71362-a48a-41de-9ada-52ca0d6b3643@group-E715CE6D5264: set firstElectionSinceStartup to false for becomeLeader
2024-05-24 07:48:59,289 [26f71362-a48a-41de-9ada-52ca0d6b3643@group-E715CE6D5264-LeaderElection22] INFO  ratis.XceiverServerRatis (XceiverServerRatis.java:handleLeaderChangedNotification(966)) - Leader change notification received for group: group-E715CE6D5264 with new leaderId: 26f71362-a48a-41de-9ada-52ca0d6b3643
2024-05-24 07:48:59,290 [26f71362-a48a-41de-9ada-52ca0d6b3643@group-E715CE6D5264-LeaderElection22] INFO  server.RaftServer$Division (ServerState.java:setLeader(269)) - 26f71362-a48a-41de-9ada-52ca0d6b3643@group-E715CE6D5264: change Leader from null to 26f71362-a48a-41de-9ada-52ca0d6b3643 at term 1 for becomeLeader, leader elected after 5231ms
2024-05-24 07:48:59,290 [26f71362-a48a-41de-9ada-52ca0d6b3643@group-E715CE6D5264-LeaderElection22] INFO  segmented.SegmentedRaftLogWorker (SegmentedRaftLogWorker.java:startLogSegment(430)) - 26f71362-a48a-41de-9ada-52ca0d6b3643@group-E715CE6D5264-SegmentedRaftLogWorker: Starting segment from index:0
2024-05-24 07:48:59,291 [26f71362-a48a-41de-9ada-52ca0d6b3643@group-E715CE6D5264-SegmentedRaftLogWorker] INFO  segmented.BufferedWriteChannel (BufferedWriteChannel.java:open(62)) - open log_inprogress_0 at position 0
2024-05-24 07:48:59,289 [grpc-default-executor-5] INFO  server.RaftServer$Division (RaftServerImpl.java:requestVote(1422)) - 9cef26bd-fad7-4006-851f-097a618c2ff8@group-E715CE6D5264 replies to ELECTION vote request: 26f71362-a48a-41de-9ada-52ca0d6b3643<-9cef26bd-fad7-4006-851f-097a618c2ff8#0:OK-t1. Peer's state: 9cef26bd-fad7-4006-851f-097a618c2ff8@group-E715CE6D5264:t1, leader=null, voted=26f71362-a48a-41de-9ada-52ca0d6b3643, raftlog=Memoized:9cef26bd-fad7-4006-851f-097a618c2ff8@group-E715CE6D5264-SegmentedRaftLog:OPENED:c-1, conf=-1: peers:[b4e39294-6870-4830-abfa-7517d5dcbfab|127.0.0.1:15086, 9cef26bd-fad7-4006-851f-097a618c2ff8|127.0.0.1:15077, 26f71362-a48a-41de-9ada-52ca0d6b3643|127.0.0.1:15068]|listeners:[], old=null
2024-05-24 07:48:59,293 [EventQueue-PipelineReportForPipelineReportHandler] INFO  pipeline.PipelineReportHandler (PipelineReportHandler.java:processPipelineReport(136)) - Opened pipeline PipelineID=e447ea5f-fa66-4e37-a3b5-e715ce6d5264
2024-05-24 07:48:59,293 [26f71362-a48a-41de-9ada-52ca0d6b3643@group-E715CE6D5264-LeaderElection22] INFO  server.RaftServer$Division (ServerState.java:setRaftConf(386)) - 26f71362-a48a-41de-9ada-52ca0d6b3643@group-E715CE6D5264: set configuration 0: peers:[b4e39294-6870-4830-abfa-7517d5dcbfab|127.0.0.1:15086, 9cef26bd-fad7-4006-851f-097a618c2ff8|127.0.0.1:15077, 26f71362-a48a-41de-9ada-52ca0d6b3643|127.0.0.1:15068]|listeners:[], old=null
2024-05-24 07:48:59,298 [26f71362-a48a-41de-9ada-52ca0d6b3643@group-E715CE6D5264-SegmentedRaftLogWorker] INFO  segmented.SegmentedRaftLogWorker (SegmentedRaftLogWorker.java:execute(634)) - 26f71362-a48a-41de-9ada-52ca0d6b3643@group-E715CE6D5264-SegmentedRaftLogWorker: created new log segment /home/runner/work/ozone/ozone/hadoop-ozone/integration-test/target/test-dir/MiniOzoneClusterImpl-b501fab0-540e-4575-af6e-dde2336b059e/ozone-meta/datanode-7/ratis/e447ea5f-fa66-4e37-a3b5-e715ce6d5264/current/log_inprogress_0
2024-05-24 07:48:59,312 [456fd1aa-12b1-4be7-a527-595ee8ec60c1@group-27DB9AEE457D-FollowerState] INFO  impl.FollowerState (FollowerState.java:run(143)) - 456fd1aa-12b1-4be7-a527-595ee8ec60c1@group-27DB9AEE457D-FollowerState: change to CANDIDATE, lastRpcElapsedTime:5189697104ns, electionTimeout:5187ms
2024-05-24 07:48:59,312 [456fd1aa-12b1-4be7-a527-595ee8ec60c1@group-27DB9AEE457D-FollowerState] INFO  impl.RoleInfo (RoleInfo.java:shutdownFollowerState(110)) - 456fd1aa-12b1-4be7-a527-595ee8ec60c1: shutdown 456fd1aa-12b1-4be7-a527-595ee8ec60c1@group-27DB9AEE457D-FollowerState
2024-05-24 07:48:59,312 [456fd1aa-12b1-4be7-a527-595ee8ec60c1@group-27DB9AEE457D-FollowerState] INFO  server.RaftServer$Division (RaftServerImpl.java:setRole(383)) - 456fd1aa-12b1-4be7-a527-595ee8ec60c1@group-27DB9AEE457D: changes role from  FOLLOWER to CANDIDATE at term 0 for changeToCandidate
2024-05-24 07:48:59,313 [456fd1aa-12b1-4be7-a527-595ee8ec60c1@group-27DB9AEE457D-FollowerState] INFO  server.RaftServerConfigKeys (ConfUtils.java:logGet(46)) - raft.server.leaderelection.pre-vote = true (default)
2024-05-24 07:48:59,313 [456fd1aa-12b1-4be7-a527-595ee8ec60c1@group-27DB9AEE457D-FollowerState] INFO  impl.RoleInfo (RoleInfo.java:updateAndGet(139)) - 456fd1aa-12b1-4be7-a527-595ee8ec60c1: start 456fd1aa-12b1-4be7-a527-595ee8ec60c1@group-27DB9AEE457D-LeaderElection23
2024-05-24 07:48:59,322 [456fd1aa-12b1-4be7-a527-595ee8ec60c1@group-27DB9AEE457D-LeaderElection23] INFO  impl.LeaderElection (LeaderElection.java:askForVotes(321)) - 456fd1aa-12b1-4be7-a527-595ee8ec60c1@group-27DB9AEE457D-LeaderElection23 PRE_VOTE round 0: submit vote requests at term 0 for -1: peers:[456fd1aa-12b1-4be7-a527-595ee8ec60c1|127.0.0.1:15095]|listeners:[], old=null
2024-05-24 07:48:59,325 [9cef26bd-fad7-4006-851f-097a618c2ff8-server-thread1] INFO  ratis.XceiverServerRatis (XceiverServerRatis.java:handleLeaderChangedNotification(966)) - Leader change notification received for group: group-E715CE6D5264 with new leaderId: 26f71362-a48a-41de-9ada-52ca0d6b3643
2024-05-24 07:48:59,324 [b4e39294-6870-4830-abfa-7517d5dcbfab-server-thread1] INFO  ratis.XceiverServerRatis (XceiverServerRatis.java:handleLeaderChangedNotification(966)) - Leader change notification received for group: group-E715CE6D5264 with new leaderId: 26f71362-a48a-41de-9ada-52ca0d6b3643
2024-05-24 07:48:59,325 [b4e39294-6870-4830-abfa-7517d5dcbfab-server-thread1] INFO  server.RaftServer$Division (ServerState.java:setLeader(269)) - b4e39294-6870-4830-abfa-7517d5dcbfab@group-E715CE6D5264: change Leader from null to 26f71362-a48a-41de-9ada-52ca0d6b3643 at term 1 for appendEntries, leader elected after 5255ms
2024-05-24 07:48:59,325 [456fd1aa-12b1-4be7-a527-595ee8ec60c1@group-27DB9AEE457D-LeaderElection23] INFO  impl.LeaderElection (LeaderElection.java:askForVotes(323)) - 456fd1aa-12b1-4be7-a527-595ee8ec60c1@group-27DB9AEE457D-LeaderElection23 PRE_VOTE round 0: result PASSED (term=0)
2024-05-24 07:48:59,326 [b4e39294-6870-4830-abfa-7517d5dcbfab-server-thread2] INFO  server.RaftServer$Division (ServerState.java:setRaftConf(386)) - b4e39294-6870-4830-abfa-7517d5dcbfab@group-E715CE6D5264: set configuration 0: peers:[b4e39294-6870-4830-abfa-7517d5dcbfab|127.0.0.1:15086, 9cef26bd-fad7-4006-851f-097a618c2ff8|127.0.0.1:15077, 26f71362-a48a-41de-9ada-52ca0d6b3643|127.0.0.1:15068]|listeners:[], old=null
2024-05-24 07:48:59,326 [b4e39294-6870-4830-abfa-7517d5dcbfab-server-thread2] INFO  segmented.SegmentedRaftLogWorker (SegmentedRaftLogWorker.java:startLogSegment(430)) - b4e39294-6870-4830-abfa-7517d5dcbfab@group-E715CE6D5264-SegmentedRaftLogWorker: Starting segment from index:0
2024-05-24 07:48:59,326 [b4e39294-6870-4830-abfa-7517d5dcbfab@group-E715CE6D5264-SegmentedRaftLogWorker] INFO  segmented.BufferedWriteChannel (BufferedWriteChannel.java:open(62)) - open log_inprogress_0 at position 0
2024-05-24 07:48:59,330 [9cef26bd-fad7-4006-851f-097a618c2ff8-server-thread1] INFO  server.RaftServer$Division (ServerState.java:setLeader(269)) - 9cef26bd-fad7-4006-851f-097a618c2ff8@group-E715CE6D5264: change Leader from null to 26f71362-a48a-41de-9ada-52ca0d6b3643 at term 1 for appendEntries, leader elected after 5219ms
2024-05-24 07:48:59,330 [456fd1aa-12b1-4be7-a527-595ee8ec60c1@group-27DB9AEE457D-LeaderElection23] INFO  impl.LeaderElection (LeaderElection.java:askForVotes(321)) - 456fd1aa-12b1-4be7-a527-595ee8ec60c1@group-27DB9AEE457D-LeaderElection23 ELECTION round 0: submit vote requests at term 1 for -1: peers:[456fd1aa-12b1-4be7-a527-595ee8ec60c1|127.0.0.1:15095]|listeners:[], old=null
2024-05-24 07:48:59,330 [456fd1aa-12b1-4be7-a527-595ee8ec60c1@group-27DB9AEE457D-LeaderElection23] INFO  impl.LeaderElection (LeaderElection.java:askForVotes(323)) - 456fd1aa-12b1-4be7-a527-595ee8ec60c1@group-27DB9AEE457D-LeaderElection23 ELECTION round 0: result PASSED (term=1)
2024-05-24 07:48:59,330 [456fd1aa-12b1-4be7-a527-595ee8ec60c1@group-27DB9AEE457D-LeaderElection23] INFO  impl.RoleInfo (RoleInfo.java:shutdownLeaderElection(130)) - 456fd1aa-12b1-4be7-a527-595ee8ec60c1: shutdown 456fd1aa-12b1-4be7-a527-595ee8ec60c1@group-27DB9AEE457D-LeaderElection23
2024-05-24 07:48:59,330 [456fd1aa-12b1-4be7-a527-595ee8ec60c1@group-27DB9AEE457D-LeaderElection23] INFO  server.RaftServer$Division (RaftServerImpl.java:setRole(383)) - 456fd1aa-12b1-4be7-a527-595ee8ec60c1@group-27DB9AEE457D: changes role from CANDIDATE to LEADER at term 1 for changeToLeader
2024-05-24 07:48:59,330 [456fd1aa-12b1-4be7-a527-595ee8ec60c1@group-27DB9AEE457D-LeaderElection23] INFO  server.RaftServerConfigKeys (ConfUtils.java:logGet(46)) - raft.server.staging.catchup.gap = 1000 (default)
2024-05-24 07:48:59,331 [9cef26bd-fad7-4006-851f-097a618c2ff8-server-thread2] INFO  server.RaftServer$Division (ServerState.java:setRaftConf(386)) - 9cef26bd-fad7-4006-851f-097a618c2ff8@group-E715CE6D5264: set configuration 0: peers:[b4e39294-6870-4830-abfa-7517d5dcbfab|127.0.0.1:15086, 9cef26bd-fad7-4006-851f-097a618c2ff8|127.0.0.1:15077, 26f71362-a48a-41de-9ada-52ca0d6b3643|127.0.0.1:15068]|listeners:[], old=null
2024-05-24 07:48:59,331 [456fd1aa-12b1-4be7-a527-595ee8ec60c1@group-27DB9AEE457D-LeaderElection23] INFO  server.RaftServerConfigKeys (ConfUtils.java:logGet(46)) - raft.server.write.element-limit = 1024 (custom)
2024-05-24 07:48:59,331 [456fd1aa-12b1-4be7-a527-595ee8ec60c1@group-27DB9AEE457D-LeaderElection23] INFO  server.RaftServerConfigKeys (ConfUtils.java:logGet(46)) - raft.server.write.byte-limit = 1024 M (=1073741824) (custom)
2024-05-24 07:48:59,331 [9cef26bd-fad7-4006-851f-097a618c2ff8-server-thread2] INFO  segmented.SegmentedRaftLogWorker (SegmentedRaftLogWorker.java:startLogSegment(430)) - 9cef26bd-fad7-4006-851f-097a618c2ff8@group-E715CE6D5264-SegmentedRaftLogWorker: Starting segment from index:0
2024-05-24 07:48:59,331 [456fd1aa-12b1-4be7-a527-595ee8ec60c1@group-27DB9AEE457D-LeaderElection23] INFO  server.RaftServerConfigKeys (ConfUtils.java:logGet(46)) - raft.server.watch.timeout = 180s (custom)
2024-05-24 07:48:59,331 [456fd1aa-12b1-4be7-a527-595ee8ec60c1@group-27DB9AEE457D-LeaderElection23] INFO  server.RaftServerConfigKeys (ConfUtils.java:logGet(46)) - raft.server.watch.timeout.denomination = 1s (default)
2024-05-24 07:48:59,331 [456fd1aa-12b1-4be7-a527-595ee8ec60c1@group-27DB9AEE457D-LeaderElection23] INFO  server.RaftServerConfigKeys (ConfUtils.java:logGet(46)) - raft.server.watch.element-limit = 65536 (default)
2024-05-24 07:48:59,331 [9cef26bd-fad7-4006-851f-097a618c2ff8@group-E715CE6D5264-SegmentedRaftLogWorker] INFO  segmented.BufferedWriteChannel (BufferedWriteChannel.java:open(62)) - open log_inprogress_0 at position 0
2024-05-24 07:48:59,332 [456fd1aa-12b1-4be7-a527-595ee8ec60c1@group-27DB9AEE457D-LeaderElection23] INFO  server.RaftServerConfigKeys (ConfUtils.java:logGet(46)) - raft.server.read.leader.lease.enabled = false (default)
2024-05-24 07:48:59,332 [456fd1aa-12b1-4be7-a527-595ee8ec60c1@group-27DB9AEE457D-LeaderElection23] INFO  server.RaftServerConfigKeys (ConfUtils.java:logGet(46)) - raft.server.read.leader.lease.timeout.ratio = 0.9 (default)
2024-05-24 07:48:59,332 [456fd1aa-12b1-4be7-a527-595ee8ec60c1@group-27DB9AEE457D-LeaderElection23] INFO  server.RaftServerConfigKeys (ConfUtils.java:logGet(46)) - raft.server.rpc.timeout.min = 5s (custom)
2024-05-24 07:48:59,332 [456fd1aa-12b1-4be7-a527-595ee8ec60c1@group-27DB9AEE457D-LeaderElection23] INFO  server.RaftServerConfigKeys (ConfUtils.java:logGet(46)) - raft.server.write.element-limit = 1024 (custom)
2024-05-24 07:48:59,332 [456fd1aa-12b1-4be7-a527-595ee8ec60c1@group-27DB9AEE457D-LeaderElection23] INFO  server.RaftServerConfigKeys (ConfUtils.java:logGet(46)) - raft.server.write.follower.gap.ratio.max = -1.0 (default)
2024-05-24 07:48:59,332 [456fd1aa-12b1-4be7-a527-595ee8ec60c1@group-27DB9AEE457D-LeaderElection23] INFO  impl.RoleInfo (RoleInfo.java:updateAndGet(139)) - 456fd1aa-12b1-4be7-a527-595ee8ec60c1: start 456fd1aa-12b1-4be7-a527-595ee8ec60c1@group-27DB9AEE457D-LeaderStateImpl
2024-05-24 07:48:59,332 [456fd1aa-12b1-4be7-a527-595ee8ec60c1@group-27DB9AEE457D-LeaderElection23] INFO  server.RaftServer$Division (RaftServerImpl.java:setFirstElection(574)) - 456fd1aa-12b1-4be7-a527-595ee8ec60c1@group-27DB9AEE457D: set firstElectionSinceStartup to false for becomeLeader
2024-05-24 07:48:59,332 [456fd1aa-12b1-4be7-a527-595ee8ec60c1@group-27DB9AEE457D-LeaderElection23] INFO  ratis.XceiverServerRatis (XceiverServerRatis.java:handleLeaderChangedNotification(966)) - Leader change notification received for group: group-27DB9AEE457D with new leaderId: 456fd1aa-12b1-4be7-a527-595ee8ec60c1
2024-05-24 07:48:59,333 [456fd1aa-12b1-4be7-a527-595ee8ec60c1@group-27DB9AEE457D-LeaderElection23] INFO  server.RaftServer$Division (ServerState.java:setLeader(269)) - 456fd1aa-12b1-4be7-a527-595ee8ec60c1@group-27DB9AEE457D: change Leader from null to 456fd1aa-12b1-4be7-a527-595ee8ec60c1 at term 1 for becomeLeader, leader elected after 5281ms
2024-05-24 07:48:59,334 [456fd1aa-12b1-4be7-a527-595ee8ec60c1@group-27DB9AEE457D-LeaderElection23] INFO  segmented.SegmentedRaftLogWorker (SegmentedRaftLogWorker.java:startLogSegment(430)) - 456fd1aa-12b1-4be7-a527-595ee8ec60c1@group-27DB9AEE457D-SegmentedRaftLogWorker: Starting segment from index:0
2024-05-24 07:48:59,334 [456fd1aa-12b1-4be7-a527-595ee8ec60c1@group-27DB9AEE457D-SegmentedRaftLogWorker] INFO  segmented.BufferedWriteChannel (BufferedWriteChannel.java:open(62)) - open log_inprogress_0 at position 0
2024-05-24 07:48:59,338 [456fd1aa-12b1-4be7-a527-595ee8ec60c1@group-27DB9AEE457D-LeaderElection23] INFO  server.RaftServer$Division (ServerState.java:setRaftConf(386)) - 456fd1aa-12b1-4be7-a527-595ee8ec60c1@group-27DB9AEE457D: set configuration 0: peers:[456fd1aa-12b1-4be7-a527-595ee8ec60c1|127.0.0.1:15095]|listeners:[], old=null
2024-05-24 07:48:59,350 [9cef26bd-fad7-4006-851f-097a618c2ff8@group-E715CE6D5264-SegmentedRaftLogWorker] INFO  segmented.SegmentedRaftLogWorker (SegmentedRaftLogWorker.java:execute(634)) - 9cef26bd-fad7-4006-851f-097a618c2ff8@group-E715CE6D5264-SegmentedRaftLogWorker: created new log segment /home/runner/work/ozone/ozone/hadoop-ozone/integration-test/target/test-dir/MiniOzoneClusterImpl-b501fab0-540e-4575-af6e-dde2336b059e/ozone-meta/datanode-8/ratis/e447ea5f-fa66-4e37-a3b5-e715ce6d5264/current/log_inprogress_0
2024-05-24 07:48:59,351 [456fd1aa-12b1-4be7-a527-595ee8ec60c1@group-27DB9AEE457D-SegmentedRaftLogWorker] INFO  segmented.SegmentedRaftLogWorker (SegmentedRaftLogWorker.java:execute(634)) - 456fd1aa-12b1-4be7-a527-595ee8ec60c1@group-27DB9AEE457D-SegmentedRaftLogWorker: created new log segment /home/runner/work/ozone/ozone/hadoop-ozone/integration-test/target/test-dir/MiniOzoneClusterImpl-b501fab0-540e-4575-af6e-dde2336b059e/ozone-meta/datanode-10/ratis/e18d3a5a-7754-4a65-ada1-27db9aee457d/current/log_inprogress_0
2024-05-24 07:48:59,351 [b4e39294-6870-4830-abfa-7517d5dcbfab@group-E715CE6D5264-SegmentedRaftLogWorker] INFO  segmented.SegmentedRaftLogWorker (SegmentedRaftLogWorker.java:execute(634)) - b4e39294-6870-4830-abfa-7517d5dcbfab@group-E715CE6D5264-SegmentedRaftLogWorker: created new log segment /home/runner/work/ozone/ozone/hadoop-ozone/integration-test/target/test-dir/MiniOzoneClusterImpl-b501fab0-540e-4575-af6e-dde2336b059e/ozone-meta/datanode-9/ratis/e447ea5f-fa66-4e37-a3b5-e715ce6d5264/current/log_inprogress_0
2024-05-24 07:48:59,354 [456fd1aa-12b1-4be7-a527-595ee8ec60c1@group-27DB9AEE457D-StateMachineUpdater] INFO  server.RaftServer$Division (LeaderStateImpl.java:isApplied(320)) - leader is ready since appliedIndex == 0 >= startIndex == 0
2024-05-24 07:48:59,357 [26f71362-a48a-41de-9ada-52ca0d6b3643@group-E715CE6D5264-StateMachineUpdater] INFO  server.RaftServer$Division (LeaderStateImpl.java:isApplied(320)) - leader is ready since appliedIndex == 0 >= startIndex == 0
2024-05-24 07:48:59,565 [qtp1885927370-23] ERROR generators.WadlGeneratorJAXBGrammarGenerator (WadlGeneratorJAXBGrammarGenerator.java:buildModelAndSchemas(207)) - Failed to generate the schema for the JAX-B elements
com.sun.xml.bind.v2.runtime.IllegalAnnotationsException: 1 counts of IllegalAnnotationExceptions
java.util.Map is an interface, and JAXB can't handle interfaces.
	this problem is related to the following location:
		at java.util.Map

	at com.sun.xml.bind.v2.runtime.IllegalAnnotationsException$Builder.check(IllegalAnnotationsException.java:76)
	at com.sun.xml.bind.v2.runtime.JAXBContextImpl.getTypeInfoSet(JAXBContextImpl.java:450)
	at com.sun.xml.bind.v2.runtime.JAXBContextImpl.<init>(JAXBContextImpl.java:282)
	at com.sun.xml.bind.v2.runtime.JAXBContextImpl.<init>(JAXBContextImpl.java:109)
	at com.sun.xml.bind.v2.runtime.JAXBContextImpl$JAXBContextBuilder.build(JAXBContextImpl.java:1142)
	at com.sun.xml.bind.v2.ContextFactory.createContext(ContextFactory.java:144)
	at java.base/jdk.internal.reflect.NativeMethodAccessorImpl.invoke0(Native Method)
	at java.base/jdk.internal.reflect.NativeMethodAccessorImpl.invoke(NativeMethodAccessorImpl.java:77)
	at java.base/jdk.internal.reflect.DelegatingMethodAccessorImpl.invoke(DelegatingMethodAccessorImpl.java:43)
	at java.base/java.lang.reflect.Method.invoke(Method.java:568)
	at javax.xml.bind.ContextFinder.newInstance(ContextFinder.java:251)
	at javax.xml.bind.ContextFinder.newInstance(ContextFinder.java:240)
	at javax.xml.bind.ContextFinder.find(ContextFinder.java:363)
	at javax.xml.bind.JAXBContext.newInstance(JAXBContext.java:691)
	at javax.xml.bind.JAXBContext.newInstance(JAXBContext.java:632)
	at com.sun.jersey.server.wadl.generators.WadlGeneratorJAXBGrammarGenerator.buildModelAndSchemas(WadlGeneratorJAXBGrammarGenerator.java:169)
	at com.sun.jersey.server.wadl.generators.AbstractWadlGeneratorGrammarGenerator.createExternalGrammar(AbstractWadlGeneratorGrammarGenerator.java:405)
	at com.sun.jersey.server.wadl.WadlBuilder.generate(WadlBuilder.java:149)
	at com.sun.jersey.server.impl.wadl.WadlApplicationContextImpl.getApplication(WadlApplicationContextImpl.java:119)
	at com.sun.jersey.server.impl.wadl.WadlApplicationContextImpl.getApplication(WadlApplicationContextImpl.java:138)
	at com.sun.jersey.server.impl.wadl.WadlMethodFactory$WadlOptionsMethodDispatcher.dispatch(WadlMethodFactory.java:110)
	at com.sun.jersey.server.impl.uri.rules.HttpMethodRule.accept(HttpMethodRule.java:302)
	at com.sun.jersey.server.impl.uri.rules.RightHandPathRule.accept(RightHandPathRule.java:147)
	at com.sun.jersey.server.impl.uri.rules.ResourceClassRule.accept(ResourceClassRule.java:108)
	at com.sun.jersey.server.impl.uri.rules.RightHandPathRule.accept(RightHandPathRule.java:147)
	at com.sun.jersey.server.impl.uri.rules.RootResourceClassesRule.accept(RootResourceClassesRule.java:84)
	at com.sun.jersey.server.impl.application.WebApplicationImpl._handleRequest(WebApplicationImpl.java:1542)
	at com.sun.jersey.server.impl.application.WebApplicationImpl._handleRequest(WebApplicationImpl.java:1473)
	at com.sun.jersey.server.impl.application.WebApplicationImpl.handleRequest(WebApplicationImpl.java:1419)
	at com.sun.jersey.server.impl.application.WebApplicationImpl.handleRequest(WebApplicationImpl.java:1409)
	at com.sun.jersey.spi.container.servlet.WebComponent.service(WebComponent.java:409)
	at com.sun.jersey.spi.container.servlet.ServletContainer.service(ServletContainer.java:558)
	at com.sun.jersey.spi.container.servlet.ServletContainer.service(ServletContainer.java:733)
	at javax.servlet.http.HttpServlet.service(HttpServlet.java:590)
	at org.eclipse.jetty.servlet.ServletHolder$NotAsync.service(ServletHolder.java:1459)
	at org.eclipse.jetty.servlet.ServletHolder.handle(ServletHolder.java:799)
	at org.eclipse.jetty.servlet.ServletHandler$ChainEnd.doFilter(ServletHandler.java:1656)
	at org.apache.hadoop.crypto.key.kms.server.KMSMDCFilter.doFilter(KMSMDCFilter.java:98)
	at org.eclipse.jetty.servlet.FilterHolder.doFilter(FilterHolder.java:193)
	at org.eclipse.jetty.servlet.ServletHandler$Chain.doFilter(ServletHandler.java:1626)
	at org.apache.hadoop.security.authentication.server.AuthenticationFilter.doFilter(AuthenticationFilter.java:650)
	at org.apache.hadoop.security.token.delegation.web.DelegationTokenAuthenticationFilter.doFilter(DelegationTokenAuthenticationFilter.java:305)
	at org.apache.hadoop.security.authentication.server.AuthenticationFilter.doFilter(AuthenticationFilter.java:592)
	at org.apache.hadoop.crypto.key.kms.server.KMSAuthenticationFilter.doFilter(KMSAuthenticationFilter.java:162)
	at org.eclipse.jetty.servlet.FilterHolder.doFilter(FilterHolder.java:201)
	at org.eclipse.jetty.servlet.ServletHandler$Chain.doFilter(ServletHandler.java:1626)
	at org.apache.hadoop.http.lib.StaticUserWebFilter$StaticUserFilter.doFilter(StaticUserWebFilter.java:110)
	at org.eclipse.jetty.servlet.FilterHolder.doFilter(FilterHolder.java:193)
	at org.eclipse.jetty.servlet.ServletHandler$Chain.doFilter(ServletHandler.java:1626)
	at org.apache.hadoop.http.HttpServer2$QuotingInputFilter.doFilter(HttpServer2.java:1794)
	at org.eclipse.jetty.servlet.FilterHolder.doFilter(FilterHolder.java:193)
	at org.eclipse.jetty.servlet.ServletHandler$Chain.doFilter(ServletHandler.java:1626)
	at org.apache.hadoop.http.NoCacheFilter.doFilter(NoCacheFilter.java:45)
	at org.eclipse.jetty.servlet.FilterHolder.doFilter(FilterHolder.java:193)
	at org.eclipse.jetty.servlet.ServletHandler$Chain.doFilter(ServletHandler.java:1626)
	at org.eclipse.jetty.servlet.ServletHandler.doHandle(ServletHandler.java:552)
	at org.eclipse.jetty.server.handler.ScopedHandler.handle(ScopedHandler.java:143)
	at org.eclipse.jetty.security.SecurityHandler.handle(SecurityHandler.java:600)
	at org.eclipse.jetty.server.handler.HandlerWrapper.handle(HandlerWrapper.java:127)
	at org.eclipse.jetty.server.handler.ScopedHandler.nextHandle(ScopedHandler.java:235)
	at org.eclipse.jetty.server.session.SessionHandler.doHandle(SessionHandler.java:1624)
	at org.eclipse.jetty.server.handler.ScopedHandler.nextHandle(ScopedHandler.java:233)
	at org.eclipse.jetty.server.handler.ContextHandler.doHandle(ContextHandler.java:1440)
	at org.eclipse.jetty.server.handler.ScopedHandler.nextScope(ScopedHandler.java:188)
	at org.eclipse.jetty.servlet.ServletHandler.doScope(ServletHandler.java:505)
	at org.eclipse.jetty.server.session.SessionHandler.doScope(SessionHandler.java:1594)
	at org.eclipse.jetty.server.handler.ScopedHandler.nextScope(ScopedHandler.java:186)
	at org.eclipse.jetty.server.handler.ContextHandler.doScope(ContextHandler.java:1355)
	at org.eclipse.jetty.server.handler.ScopedHandler.handle(ScopedHandler.java:141)
	at org.eclipse.jetty.server.handler.HandlerCollection.handle(HandlerCollection.java:146)
	at org.eclipse.jetty.server.handler.HandlerWrapper.handle(HandlerWrapper.java:127)
	at org.eclipse.jetty.server.Server.handle(Server.java:512)
	at org.eclipse.jetty.server.HttpChannel.lambda$handle$1(HttpChannel.java:487)
	at org.eclipse.jetty.server.HttpChannel.dispatch(HttpChannel.java:732)
	at org.eclipse.jetty.server.HttpChannel.handle(HttpChannel.java:479)
	at org.eclipse.jetty.server.HttpConnection.onFillable(HttpConnection.java:277)
	at org.eclipse.jetty.io.AbstractConnection$ReadCallback.succeeded(AbstractConnection.java:311)
	at org.eclipse.jetty.io.FillInterest.fillable(FillInterest.java:105)
	at org.eclipse.jetty.io.ChannelEndPoint$1.run(ChannelEndPoint.java:104)
	at org.eclipse.jetty.util.thread.strategy.EatWhatYouKill.runTask(EatWhatYouKill.java:338)
	at org.eclipse.jetty.util.thread.strategy.EatWhatYouKill.doProduce(EatWhatYouKill.java:315)
	at org.eclipse.jetty.util.thread.strategy.EatWhatYouKill.tryProduce(EatWhatYouKill.java:173)
	at org.eclipse.jetty.util.thread.strategy.EatWhatYouKill.produce(EatWhatYouKill.java:137)
	at org.eclipse.jetty.util.thread.QueuedThreadPool.runJob(QueuedThreadPool.java:883)
	at org.eclipse.jetty.util.thread.QueuedThreadPool$Runner.run(QueuedThreadPool.java:1034)
	at java.base/java.lang.Thread.run(Thread.java:840)
2024-05-24 07:48:59,567 [qtp1885927370-23] INFO  generators.AbstractWadlGeneratorGrammarGenerator (AbstractWadlGeneratorGrammarGenerator.java:attachTypes(479)) - Couldn't find grammar element for class javax.ws.rs.core.Response
2024-05-24 07:48:59,567 [qtp1885927370-23] INFO  generators.AbstractWadlGeneratorGrammarGenerator (AbstractWadlGeneratorGrammarGenerator.java:attachTypes(479)) - Couldn't find grammar element for class javax.ws.rs.core.Response
2024-05-24 07:48:59,567 [qtp1885927370-23] INFO  generators.AbstractWadlGeneratorGrammarGenerator (AbstractWadlGeneratorGrammarGenerator.java:attachTypes(479)) - Couldn't find grammar element for class java.util.Map
2024-05-24 07:48:59,567 [qtp1885927370-23] INFO  generators.AbstractWadlGeneratorGrammarGenerator (AbstractWadlGeneratorGrammarGenerator.java:attachTypes(479)) - Couldn't find grammar element for class java.util.Map
2024-05-24 07:48:59,567 [qtp1885927370-23] INFO  generators.AbstractWadlGeneratorGrammarGenerator (AbstractWadlGeneratorGrammarGenerator.java:attachTypes(479)) - Couldn't find grammar element for class javax.ws.rs.core.Response
2024-05-24 07:48:59,567 [qtp1885927370-23] INFO  generators.AbstractWadlGeneratorGrammarGenerator (AbstractWadlGeneratorGrammarGenerator.java:attachTypes(479)) - Couldn't find grammar element for class java.util.Map
2024-05-24 07:48:59,568 [qtp1885927370-23] INFO  generators.AbstractWadlGeneratorGrammarGenerator (AbstractWadlGeneratorGrammarGenerator.java:attachTypes(479)) - Couldn't find grammar element for class java.util.Map
2024-05-24 07:48:59,568 [qtp1885927370-23] INFO  generators.AbstractWadlGeneratorGrammarGenerator (AbstractWadlGeneratorGrammarGenerator.java:attachTypes(479)) - Couldn't find grammar element for class java.util.Map
2024-05-24 07:48:59,915 [qtp1885927370-28] INFO  kms-audit (SimpleKMSAuditLogger.java:logAuditSimpleFormat(93)) - OK[op=CREATE_KEY, key=key1, user=runner] UserProvidedMaterial:false Description:key1
2024-05-24 07:48:59,975 [main] INFO  rpc.RpcClient (RpcClient.java:createVolume(471)) - Creating Volume: a5bba7c3-50bc-4210-9046-23d97e61c5f7, with runner as owner and space quota set to -1 bytes, counts quota set to -1
2024-05-24 07:49:00,024 [om1-OMStateMachineApplyTransactionThread - 0] INFO  volume.OMVolumeCreateRequest (OMVolumeCreateRequest.java:validateAndUpdateCache(198)) - created volume:a5bba7c3-50bc-4210-9046-23d97e61c5f7 for user:runner
2024-05-24 07:49:00,031 [om1-OMDoubleBufferFlushThread] INFO  helpers.OmKeyInfo (OmKeyInfo.java:getCodec(72)) - OmKeyInfo.getCodec ignorePipeline = true
2024-05-24 07:49:00,032 [om1-OMDoubleBufferFlushThread] INFO  helpers.OmKeyInfo (OmKeyInfo.java:getCodec(72)) - OmKeyInfo.getCodec ignorePipeline = true
2024-05-24 07:49:00,033 [om1-OMDoubleBufferFlushThread] INFO  helpers.OmKeyInfo (OmKeyInfo.java:getCodec(72)) - OmKeyInfo.getCodec ignorePipeline = true
2024-05-24 07:49:00,036 [om1-OMDoubleBufferFlushThread] INFO  helpers.OmKeyInfo (OmKeyInfo.java:getCodec(72)) - OmKeyInfo.getCodec ignorePipeline = true
2024-05-24 07:49:00,037 [om1-OMDoubleBufferFlushThread] INFO  helpers.OmKeyInfo (OmKeyInfo.java:getCodec(72)) - OmKeyInfo.getCodec ignorePipeline = true
2024-05-24 07:49:00,045 [main] INFO  rpc.RpcClient (RpcClient.java:createBucket(697)) - Creating Bucket: a5bba7c3-50bc-4210-9046-23d97e61c5f7/09ec29ae-f98c-4613-b423-f9a942592763, with bucket layout FILE_SYSTEM_OPTIMIZED, runner as owner, Versioning false, Storage Type set to DISK and Encryption set to true, Replication Type set to server-side default replication type, Namespace Quota set to -1, Space Quota set to -1 
2024-05-24 07:49:00,060 [qtp1885927370-25] INFO  kms-audit (SimpleKMSAuditLogger.java:logAuditSimpleFormat(93)) - OK[op=GET_METADATA, key=key1, user=runner] 
2024-05-24 07:49:00,313 [qtp1885927370-26] INFO  kms-audit (SimpleKMSAuditLogger.java:logAuditEvent(59)) - OK[op=GENERATE_EEK, key=key1, user=runner, accessCount=1, interval=0ms] 
2024-05-24 07:49:00,348 [om1-OMStateMachineApplyTransactionThread - 0] INFO  bucket.OMBucketCreateRequest (OMBucketCreateRequest.java:validateAndUpdateCache(293)) - created bucket: 09ec29ae-f98c-4613-b423-f9a942592763 of layout FILE_SYSTEM_OPTIMIZED in volume: a5bba7c3-50bc-4210-9046-23d97e61c5f7
2024-05-24 07:49:00,386 [IPC Server handler 1 on default port 15001] INFO  ha.SequenceIdGenerator (SequenceIdGenerator.java:getNextId(145)) - Allocate a batch for containerId, change lastId from 0 to 1000.
2024-05-24 07:49:00,394 [IPC Server handler 1 on default port 15001] WARN  ha.SequenceIdGenerator (SequenceIdGenerator.java:allocateBatch(258)) - Failed to allocate a batch for localId, expected lastId is 0, actual lastId is 113750153625600000.
2024-05-24 07:49:00,394 [IPC Server handler 1 on default port 15001] INFO  ha.SequenceIdGenerator (SequenceIdGenerator.java:getNextId(145)) - Allocate a batch for localId, change lastId from 113750153625600000 to 113750153625601000.
2024-05-24 07:49:00,491 [qtp1885927370-25] ERROR generators.WadlGeneratorJAXBGrammarGenerator (WadlGeneratorJAXBGrammarGenerator.java:buildModelAndSchemas(207)) - Failed to generate the schema for the JAX-B elements
com.sun.xml.bind.v2.runtime.IllegalAnnotationsException: 1 counts of IllegalAnnotationExceptions
java.util.Map is an interface, and JAXB can't handle interfaces.
	this problem is related to the following location:
		at java.util.Map

	at com.sun.xml.bind.v2.runtime.IllegalAnnotationsException$Builder.check(IllegalAnnotationsException.java:76)
	at com.sun.xml.bind.v2.runtime.JAXBContextImpl.getTypeInfoSet(JAXBContextImpl.java:450)
	at com.sun.xml.bind.v2.runtime.JAXBContextImpl.<init>(JAXBContextImpl.java:282)
	at com.sun.xml.bind.v2.runtime.JAXBContextImpl.<init>(JAXBContextImpl.java:109)
	at com.sun.xml.bind.v2.runtime.JAXBContextImpl$JAXBContextBuilder.build(JAXBContextImpl.java:1142)
	at com.sun.xml.bind.v2.ContextFactory.createContext(ContextFactory.java:144)
	at java.base/jdk.internal.reflect.NativeMethodAccessorImpl.invoke0(Native Method)
	at java.base/jdk.internal.reflect.NativeMethodAccessorImpl.invoke(NativeMethodAccessorImpl.java:77)
	at java.base/jdk.internal.reflect.DelegatingMethodAccessorImpl.invoke(DelegatingMethodAccessorImpl.java:43)
	at java.base/java.lang.reflect.Method.invoke(Method.java:568)
	at javax.xml.bind.ContextFinder.newInstance(ContextFinder.java:251)
	at javax.xml.bind.ContextFinder.newInstance(ContextFinder.java:240)
	at javax.xml.bind.ContextFinder.find(ContextFinder.java:363)
	at javax.xml.bind.JAXBContext.newInstance(JAXBContext.java:691)
	at javax.xml.bind.JAXBContext.newInstance(JAXBContext.java:632)
	at com.sun.jersey.server.wadl.generators.WadlGeneratorJAXBGrammarGenerator.buildModelAndSchemas(WadlGeneratorJAXBGrammarGenerator.java:169)
	at com.sun.jersey.server.wadl.generators.AbstractWadlGeneratorGrammarGenerator.createExternalGrammar(AbstractWadlGeneratorGrammarGenerator.java:405)
	at com.sun.jersey.server.wadl.WadlBuilder.generate(WadlBuilder.java:149)
	at com.sun.jersey.server.impl.wadl.WadlApplicationContextImpl.getApplication(WadlApplicationContextImpl.java:119)
	at com.sun.jersey.server.impl.wadl.WadlApplicationContextImpl.getApplication(WadlApplicationContextImpl.java:138)
	at com.sun.jersey.server.impl.wadl.WadlMethodFactory$WadlOptionsMethodDispatcher.dispatch(WadlMethodFactory.java:110)
	at com.sun.jersey.server.impl.uri.rules.HttpMethodRule.accept(HttpMethodRule.java:302)
	at com.sun.jersey.server.impl.uri.rules.RightHandPathRule.accept(RightHandPathRule.java:147)
	at com.sun.jersey.server.impl.uri.rules.ResourceClassRule.accept(ResourceClassRule.java:108)
	at com.sun.jersey.server.impl.uri.rules.RightHandPathRule.accept(RightHandPathRule.java:147)
	at com.sun.jersey.server.impl.uri.rules.RootResourceClassesRule.accept(RootResourceClassesRule.java:84)
	at com.sun.jersey.server.impl.application.WebApplicationImpl._handleRequest(WebApplicationImpl.java:1542)
	at com.sun.jersey.server.impl.application.WebApplicationImpl._handleRequest(WebApplicationImpl.java:1473)
	at com.sun.jersey.server.impl.application.WebApplicationImpl.handleRequest(WebApplicationImpl.java:1419)
	at com.sun.jersey.server.impl.application.WebApplicationImpl.handleRequest(WebApplicationImpl.java:1409)
	at com.sun.jersey.spi.container.servlet.WebComponent.service(WebComponent.java:409)
	at com.sun.jersey.spi.container.servlet.ServletContainer.service(ServletContainer.java:558)
	at com.sun.jersey.spi.container.servlet.ServletContainer.service(ServletContainer.java:733)
	at javax.servlet.http.HttpServlet.service(HttpServlet.java:590)
	at org.eclipse.jetty.servlet.ServletHolder$NotAsync.service(ServletHolder.java:1459)
	at org.eclipse.jetty.servlet.ServletHolder.handle(ServletHolder.java:799)
	at org.eclipse.jetty.servlet.ServletHandler$ChainEnd.doFilter(ServletHandler.java:1656)
	at org.apache.hadoop.crypto.key.kms.server.KMSMDCFilter.doFilter(KMSMDCFilter.java:98)
	at org.eclipse.jetty.servlet.FilterHolder.doFilter(FilterHolder.java:193)
	at org.eclipse.jetty.servlet.ServletHandler$Chain.doFilter(ServletHandler.java:1626)
	at org.apache.hadoop.security.authentication.server.AuthenticationFilter.doFilter(AuthenticationFilter.java:650)
	at org.apache.hadoop.security.token.delegation.web.DelegationTokenAuthenticationFilter.doFilter(DelegationTokenAuthenticationFilter.java:305)
	at org.apache.hadoop.security.authentication.server.AuthenticationFilter.doFilter(AuthenticationFilter.java:592)
	at org.apache.hadoop.crypto.key.kms.server.KMSAuthenticationFilter.doFilter(KMSAuthenticationFilter.java:162)
	at org.eclipse.jetty.servlet.FilterHolder.doFilter(FilterHolder.java:201)
	at org.eclipse.jetty.servlet.ServletHandler$Chain.doFilter(ServletHandler.java:1626)
	at org.apache.hadoop.http.lib.StaticUserWebFilter$StaticUserFilter.doFilter(StaticUserWebFilter.java:110)
	at org.eclipse.jetty.servlet.FilterHolder.doFilter(FilterHolder.java:193)
	at org.eclipse.jetty.servlet.ServletHandler$Chain.doFilter(ServletHandler.java:1626)
	at org.apache.hadoop.http.HttpServer2$QuotingInputFilter.doFilter(HttpServer2.java:1794)
	at org.eclipse.jetty.servlet.FilterHolder.doFilter(FilterHolder.java:193)
	at org.eclipse.jetty.servlet.ServletHandler$Chain.doFilter(ServletHandler.java:1626)
	at org.apache.hadoop.http.NoCacheFilter.doFilter(NoCacheFilter.java:45)
	at org.eclipse.jetty.servlet.FilterHolder.doFilter(FilterHolder.java:193)
	at org.eclipse.jetty.servlet.ServletHandler$Chain.doFilter(ServletHandler.java:1626)
	at org.eclipse.jetty.servlet.ServletHandler.doHandle(ServletHandler.java:552)
	at org.eclipse.jetty.server.handler.ScopedHandler.handle(ScopedHandler.java:143)
	at org.eclipse.jetty.security.SecurityHandler.handle(SecurityHandler.java:600)
	at org.eclipse.jetty.server.handler.HandlerWrapper.handle(HandlerWrapper.java:127)
	at org.eclipse.jetty.server.handler.ScopedHandler.nextHandle(ScopedHandler.java:235)
	at org.eclipse.jetty.server.session.SessionHandler.doHandle(SessionHandler.java:1624)
	at org.eclipse.jetty.server.handler.ScopedHandler.nextHandle(ScopedHandler.java:233)
	at org.eclipse.jetty.server.handler.ContextHandler.doHandle(ContextHandler.java:1440)
	at org.eclipse.jetty.server.handler.ScopedHandler.nextScope(ScopedHandler.java:188)
	at org.eclipse.jetty.servlet.ServletHandler.doScope(ServletHandler.java:505)
	at org.eclipse.jetty.server.session.SessionHandler.doScope(SessionHandler.java:1594)
	at org.eclipse.jetty.server.handler.ScopedHandler.nextScope(ScopedHandler.java:186)
	at org.eclipse.jetty.server.handler.ContextHandler.doScope(ContextHandler.java:1355)
	at org.eclipse.jetty.server.handler.ScopedHandler.handle(ScopedHandler.java:141)
	at org.eclipse.jetty.server.handler.HandlerCollection.handle(HandlerCollection.java:146)
	at org.eclipse.jetty.server.handler.HandlerWrapper.handle(HandlerWrapper.java:127)
	at org.eclipse.jetty.server.Server.handle(Server.java:512)
	at org.eclipse.jetty.server.HttpChannel.lambda$handle$1(HttpChannel.java:487)
	at org.eclipse.jetty.server.HttpChannel.dispatch(HttpChannel.java:732)
	at org.eclipse.jetty.server.HttpChannel.handle(HttpChannel.java:479)
	at org.eclipse.jetty.server.HttpConnection.onFillable(HttpConnection.java:277)
	at org.eclipse.jetty.io.AbstractConnection$ReadCallback.succeeded(AbstractConnection.java:311)
	at org.eclipse.jetty.io.FillInterest.fillable(FillInterest.java:105)
	at org.eclipse.jetty.io.ChannelEndPoint$1.run(ChannelEndPoint.java:104)
	at org.eclipse.jetty.util.thread.strategy.EatWhatYouKill.runTask(EatWhatYouKill.java:338)
	at org.eclipse.jetty.util.thread.strategy.EatWhatYouKill.doProduce(EatWhatYouKill.java:315)
	at org.eclipse.jetty.util.thread.strategy.EatWhatYouKill.tryProduce(EatWhatYouKill.java:173)
	at org.eclipse.jetty.util.thread.strategy.EatWhatYouKill.run(EatWhatYouKill.java:131)
	at org.eclipse.jetty.util.thread.ReservedThreadExecutor$ReservedThread.run(ReservedThreadExecutor.java:409)
	at org.eclipse.jetty.util.thread.QueuedThreadPool.runJob(QueuedThreadPool.java:883)
	at org.eclipse.jetty.util.thread.QueuedThreadPool$Runner.run(QueuedThreadPool.java:1034)
	at java.base/java.lang.Thread.run(Thread.java:840)
2024-05-24 07:49:00,492 [qtp1885927370-25] INFO  generators.AbstractWadlGeneratorGrammarGenerator (AbstractWadlGeneratorGrammarGenerator.java:attachTypes(479)) - Couldn't find grammar element for class javax.ws.rs.core.Response
2024-05-24 07:49:00,493 [qtp1885927370-25] INFO  generators.AbstractWadlGeneratorGrammarGenerator (AbstractWadlGeneratorGrammarGenerator.java:attachTypes(479)) - Couldn't find grammar element for class javax.ws.rs.core.Response
2024-05-24 07:49:00,493 [qtp1885927370-25] INFO  generators.AbstractWadlGeneratorGrammarGenerator (AbstractWadlGeneratorGrammarGenerator.java:attachTypes(479)) - Couldn't find grammar element for class java.util.Map
2024-05-24 07:49:00,493 [qtp1885927370-25] INFO  generators.AbstractWadlGeneratorGrammarGenerator (AbstractWadlGeneratorGrammarGenerator.java:attachTypes(479)) - Couldn't find grammar element for class java.util.Map
2024-05-24 07:49:00,493 [qtp1885927370-25] INFO  generators.AbstractWadlGeneratorGrammarGenerator (AbstractWadlGeneratorGrammarGenerator.java:attachTypes(479)) - Couldn't find grammar element for class javax.ws.rs.core.Response
2024-05-24 07:49:00,494 [qtp1885927370-25] INFO  generators.AbstractWadlGeneratorGrammarGenerator (AbstractWadlGeneratorGrammarGenerator.java:attachTypes(479)) - Couldn't find grammar element for class java.util.Map
2024-05-24 07:49:00,494 [qtp1885927370-25] INFO  generators.AbstractWadlGeneratorGrammarGenerator (AbstractWadlGeneratorGrammarGenerator.java:attachTypes(479)) - Couldn't find grammar element for class java.util.Map
2024-05-24 07:49:00,494 [qtp1885927370-25] INFO  generators.AbstractWadlGeneratorGrammarGenerator (AbstractWadlGeneratorGrammarGenerator.java:attachTypes(479)) - Couldn't find grammar element for class java.util.Map
2024-05-24 07:49:00,600 [qtp1885927370-26] INFO  kms-audit (SimpleKMSAuditLogger.java:logAuditEvent(59)) - OK[op=DECRYPT_EEK, key=key1, user=runner, accessCount=1, interval=0ms] 
2024-05-24 07:49:00,621 [main] INFO  impl.MetricsSystemImpl (MetricsSystemImpl.java:init(158)) - XceiverClientMetrics metrics system started (again)
2024-05-24 07:49:01,258 [main] INFO  client.DataStreamClient (ConfUtils.java:logGet(46)) - raft.datastream.type = NETTY (custom)
2024-05-24 07:49:01,263 [main] INFO  netty.NettyConfigKeys$DataStream (ConfUtils.java:logGet(46)) - raft.netty.dataStream.client.tls.conf = null (default)
2024-05-24 07:49:01,266 [main] INFO  netty.NettyConfigKeys$DataStream (ConfUtils.java:logGet(46)) - raft.netty.dataStream.client.worker-group.share = true (default)
2024-05-24 07:49:01,267 [main] INFO  netty.NettyConfigKeys$DataStream (ConfUtils.java:logGet(46)) - raft.netty.dataStream.client.worker-group.size = 8 (default)
2024-05-24 07:49:01,267 [main] INFO  netty.NettyConfigKeys$DataStream (ConfUtils.java:logGet(46)) - raft.netty.dataStream.client.use-epoll = true (default)
2024-05-24 07:49:01,267 [main] INFO  netty.NettyUtils (NettyUtils.java:newEventLoopGroup(69)) - Create EpollEventLoopGroup for NettyClientStreamRpc-workerGroup; Thread size is 8.
2024-05-24 07:49:01,271 [main] INFO  impl.DataStreamClientImpl (ConfUtils.java:logGet(46)) - raft.datastream.skip.send-forward = false (default)
2024-05-24 07:49:01,282 [5319acd4-0e99-4000-a29b-b8c741da6a3d-NettyServerStreamRpc-bossGroup--thread1] INFO  logging.LoggingHandler (AbstractInternalLogger.java:log(148)) - [id: 0xe3b8cf70, L:/0.0.0.0:15015] READ: [id: 0xe5f4275e, L:/127.0.0.1:15015 - R:/127.0.0.1:60394]
2024-05-24 07:49:01,283 [5319acd4-0e99-4000-a29b-b8c741da6a3d-NettyServerStreamRpc-bossGroup--thread1] INFO  logging.LoggingHandler (AbstractInternalLogger.java:log(148)) - [id: 0xe3b8cf70, L:/0.0.0.0:15015] READ COMPLETE
2024-05-24 07:49:01,433 [5319acd4-0e99-4000-a29b-b8c741da6a3d-ChunkReader-1] WARN  keyvalue.KeyValueHandler (ContainerUtils.java:logAndReturnError(97)) - Operation: GetBlock , Trace ID:  , Message: Unable to find the block with bcsID 3. Container 3 bcsId is 1. , Result: UNKNOWN_BCSID , StorageContainerException Occurred.
org.apache.hadoop.hdds.scm.container.common.helpers.StorageContainerException: Unable to find the block with bcsID 3. Container 3 bcsId is 1.
	at org.apache.hadoop.ozone.container.keyvalue.impl.BlockManagerImpl.getBlock(BlockManagerImpl.java:225)
	at org.apache.hadoop.ozone.container.keyvalue.KeyValueHandler.handleGetBlock(KeyValueHandler.java:591)
	at org.apache.hadoop.ozone.container.keyvalue.KeyValueHandler.dispatchRequest(KeyValueHandler.java:254)
	at org.apache.hadoop.ozone.container.keyvalue.KeyValueHandler.handle(KeyValueHandler.java:223)
	at org.apache.hadoop.ozone.container.common.impl.HddsDispatcher.dispatchRequest(HddsDispatcher.java:344)
	at org.apache.hadoop.ozone.container.common.impl.HddsDispatcher.lambda$dispatch$0(HddsDispatcher.java:192)
	at org.apache.hadoop.hdds.server.OzoneProtocolMessageDispatcher.processRequest(OzoneProtocolMessageDispatcher.java:89)
	at org.apache.hadoop.ozone.container.common.impl.HddsDispatcher.dispatch(HddsDispatcher.java:191)
	at org.apache.hadoop.ozone.container.common.transport.server.GrpcXceiverService$1.onNext(GrpcXceiverService.java:112)
	at org.apache.hadoop.ozone.container.common.transport.server.GrpcXceiverService$1.onNext(GrpcXceiverService.java:105)
	at org.apache.ratis.thirdparty.io.grpc.stub.ServerCalls$StreamingServerCallHandler$StreamingServerCallListener.onMessage(ServerCalls.java:262)
	at org.apache.ratis.thirdparty.io.grpc.ForwardingServerCallListener.onMessage(ForwardingServerCallListener.java:33)
	at org.apache.hadoop.hdds.tracing.GrpcServerInterceptor$1.onMessage(GrpcServerInterceptor.java:49)
	at org.apache.ratis.thirdparty.io.grpc.internal.ServerCallImpl$ServerStreamListenerImpl.messagesAvailableInternal(ServerCallImpl.java:329)
	at org.apache.ratis.thirdparty.io.grpc.internal.ServerCallImpl$ServerStreamListenerImpl.messagesAvailable(ServerCallImpl.java:314)
	at org.apache.ratis.thirdparty.io.grpc.internal.ServerImpl$JumpToApplicationThreadServerStreamListener$1MessagesAvailable.runInContext(ServerImpl.java:833)
	at org.apache.ratis.thirdparty.io.grpc.internal.ContextRunnable.run(ContextRunnable.java:37)
	at org.apache.ratis.thirdparty.io.grpc.internal.SerializingExecutor.run(SerializingExecutor.java:133)
	at java.base/java.util.concurrent.ThreadPoolExecutor.runWorker(ThreadPoolExecutor.java:1136)
	at java.base/java.util.concurrent.ThreadPoolExecutor$Worker.run(ThreadPoolExecutor.java:635)
	at java.base/java.lang.Thread.run(Thread.java:840)
07:49:01.446 [5319acd4-0e99-4000-a29b-b8c741da6a3d-ChunkReader-1] ERROR DNAudit - user=null | ip=null | op=GET_BLOCK {blockData=conID: 3 locID: 113750153625600003 bcsId: 3} | ret=FAILURE
java.lang.Exception: Unable to find the block with bcsID 3. Container 3 bcsId is 1.
	at org.apache.hadoop.ozone.container.common.impl.HddsDispatcher.dispatchRequest(HddsDispatcher.java:418) ~[classes/:?]
	at org.apache.hadoop.ozone.container.common.impl.HddsDispatcher.lambda$dispatch$0(HddsDispatcher.java:192) ~[classes/:?]
	at org.apache.hadoop.hdds.server.OzoneProtocolMessageDispatcher.processRequest(OzoneProtocolMessageDispatcher.java:89) [classes/:?]
	at org.apache.hadoop.ozone.container.common.impl.HddsDispatcher.dispatch(HddsDispatcher.java:191) [classes/:?]
	at org.apache.hadoop.ozone.container.common.transport.server.GrpcXceiverService$1.onNext(GrpcXceiverService.java:112) [classes/:?]
	at org.apache.hadoop.ozone.container.common.transport.server.GrpcXceiverService$1.onNext(GrpcXceiverService.java:105) [classes/:?]
	at org.apache.ratis.thirdparty.io.grpc.stub.ServerCalls$StreamingServerCallHandler$StreamingServerCallListener.onMessage(ServerCalls.java:262) [ratis-thirdparty-misc-1.0.5.jar:1.0.5]
	at org.apache.ratis.thirdparty.io.grpc.ForwardingServerCallListener.onMessage(ForwardingServerCallListener.java:33) [ratis-thirdparty-misc-1.0.5.jar:1.0.5]
	at org.apache.hadoop.hdds.tracing.GrpcServerInterceptor$1.onMessage(GrpcServerInterceptor.java:49) [classes/:?]
	at org.apache.ratis.thirdparty.io.grpc.internal.ServerCallImpl$ServerStreamListenerImpl.messagesAvailableInternal(ServerCallImpl.java:329) [ratis-thirdparty-misc-1.0.5.jar:1.0.5]
	at org.apache.ratis.thirdparty.io.grpc.internal.ServerCallImpl$ServerStreamListenerImpl.messagesAvailable(ServerCallImpl.java:314) [ratis-thirdparty-misc-1.0.5.jar:1.0.5]
	at org.apache.ratis.thirdparty.io.grpc.internal.ServerImpl$JumpToApplicationThreadServerStreamListener$1MessagesAvailable.runInContext(ServerImpl.java:833) [ratis-thirdparty-misc-1.0.5.jar:1.0.5]
	at org.apache.ratis.thirdparty.io.grpc.internal.ContextRunnable.run(ContextRunnable.java:37) [ratis-thirdparty-misc-1.0.5.jar:1.0.5]
	at org.apache.ratis.thirdparty.io.grpc.internal.SerializingExecutor.run(SerializingExecutor.java:133) [ratis-thirdparty-misc-1.0.5.jar:1.0.5]
	at java.util.concurrent.ThreadPoolExecutor.runWorker(ThreadPoolExecutor.java:1136) [?:?]
	at java.util.concurrent.ThreadPoolExecutor$Worker.run(ThreadPoolExecutor.java:635) [?:?]
	at java.lang.Thread.run(Thread.java:840) [?:?]
2024-05-24 07:49:01,454 [main] ERROR scm.XceiverClientGrpc (XceiverClientGrpc.java:sendCommandWithRetry(452)) - Failed to execute command GetBlock on the pipeline Pipeline[ Id: f66052d6-492c-4182-89f9-ecf98fefc7d0, Nodes: 5319acd4-0e99-4000-a29b-b8c741da6a3d(localhost/127.0.0.1), ReplicationConfig: STANDALONE/ONE, State:OPEN, leaderId:5319acd4-0e99-4000-a29b-b8c741da6a3d, CreationTimestamp2024-05-24T07:48:49.955Z[Etc/UTC]].
2024-05-24 07:49:01,455 [main] INFO  storage.BlockInputStream (BlockInputStream.java:refreshBlockInfo(214)) - Unable to read information for block conID: 3 locID: 113750153625600003 bcsId: 3 from pipeline PipelineID=f66052d6-492c-4182-89f9-ecf98fefc7d0: Unable to find the block with bcsID 3. Container 3 bcsId is 1.
2024-05-24 07:49:01,467 [5319acd4-0e99-4000-a29b-b8c741da6a3d-ChunkReader-4] WARN  keyvalue.KeyValueHandler (ContainerUtils.java:logAndReturnError(97)) - Operation: GetBlock , Trace ID:  , Message: Unable to find the block with bcsID 3. Container 3 bcsId is 1. , Result: UNKNOWN_BCSID , StorageContainerException Occurred.
org.apache.hadoop.hdds.scm.container.common.helpers.StorageContainerException: Unable to find the block with bcsID 3. Container 3 bcsId is 1.
	at org.apache.hadoop.ozone.container.keyvalue.impl.BlockManagerImpl.getBlock(BlockManagerImpl.java:225)
	at org.apache.hadoop.ozone.container.keyvalue.KeyValueHandler.handleGetBlock(KeyValueHandler.java:591)
	at org.apache.hadoop.ozone.container.keyvalue.KeyValueHandler.dispatchRequest(KeyValueHandler.java:254)
	at org.apache.hadoop.ozone.container.keyvalue.KeyValueHandler.handle(KeyValueHandler.java:223)
	at org.apache.hadoop.ozone.container.common.impl.HddsDispatcher.dispatchRequest(HddsDispatcher.java:344)
	at org.apache.hadoop.ozone.container.common.impl.HddsDispatcher.lambda$dispatch$0(HddsDispatcher.java:192)
	at org.apache.hadoop.hdds.server.OzoneProtocolMessageDispatcher.processRequest(OzoneProtocolMessageDispatcher.java:89)
	at org.apache.hadoop.ozone.container.common.impl.HddsDispatcher.dispatch(HddsDispatcher.java:191)
	at org.apache.hadoop.ozone.container.common.transport.server.GrpcXceiverService$1.onNext(GrpcXceiverService.java:112)
	at org.apache.hadoop.ozone.container.common.transport.server.GrpcXceiverService$1.onNext(GrpcXceiverService.java:105)
	at org.apache.ratis.thirdparty.io.grpc.stub.ServerCalls$StreamingServerCallHandler$StreamingServerCallListener.onMessage(ServerCalls.java:262)
	at org.apache.ratis.thirdparty.io.grpc.ForwardingServerCallListener.onMessage(ForwardingServerCallListener.java:33)
	at org.apache.hadoop.hdds.tracing.GrpcServerInterceptor$1.onMessage(GrpcServerInterceptor.java:49)
	at org.apache.ratis.thirdparty.io.grpc.internal.ServerCallImpl$ServerStreamListenerImpl.messagesAvailableInternal(ServerCallImpl.java:329)
	at org.apache.ratis.thirdparty.io.grpc.internal.ServerCallImpl$ServerStreamListenerImpl.messagesAvailable(ServerCallImpl.java:314)
	at org.apache.ratis.thirdparty.io.grpc.internal.ServerImpl$JumpToApplicationThreadServerStreamListener$1MessagesAvailable.runInContext(ServerImpl.java:833)
	at org.apache.ratis.thirdparty.io.grpc.internal.ContextRunnable.run(ContextRunnable.java:37)
	at org.apache.ratis.thirdparty.io.grpc.internal.SerializingExecutor.run(SerializingExecutor.java:133)
	at java.base/java.util.concurrent.ThreadPoolExecutor.runWorker(ThreadPoolExecutor.java:1136)
	at java.base/java.util.concurrent.ThreadPoolExecutor$Worker.run(ThreadPoolExecutor.java:635)
	at java.base/java.lang.Thread.run(Thread.java:840)
07:49:01.467 [5319acd4-0e99-4000-a29b-b8c741da6a3d-ChunkReader-4] ERROR DNAudit - user=null | ip=null | op=GET_BLOCK {blockData=conID: 3 locID: 113750153625600003 bcsId: 3} | ret=FAILURE
java.lang.Exception: Unable to find the block with bcsID 3. Container 3 bcsId is 1.
	at org.apache.hadoop.ozone.container.common.impl.HddsDispatcher.dispatchRequest(HddsDispatcher.java:418) ~[classes/:?]
	at org.apache.hadoop.ozone.container.common.impl.HddsDispatcher.lambda$dispatch$0(HddsDispatcher.java:192) ~[classes/:?]
	at org.apache.hadoop.hdds.server.OzoneProtocolMessageDispatcher.processRequest(OzoneProtocolMessageDispatcher.java:89) [classes/:?]
	at org.apache.hadoop.ozone.container.common.impl.HddsDispatcher.dispatch(HddsDispatcher.java:191) [classes/:?]
	at org.apache.hadoop.ozone.container.common.transport.server.GrpcXceiverService$1.onNext(GrpcXceiverService.java:112) [classes/:?]
	at org.apache.hadoop.ozone.container.common.transport.server.GrpcXceiverService$1.onNext(GrpcXceiverService.java:105) [classes/:?]
	at org.apache.ratis.thirdparty.io.grpc.stub.ServerCalls$StreamingServerCallHandler$StreamingServerCallListener.onMessage(ServerCalls.java:262) [ratis-thirdparty-misc-1.0.5.jar:1.0.5]
	at org.apache.ratis.thirdparty.io.grpc.ForwardingServerCallListener.onMessage(ForwardingServerCallListener.java:33) [ratis-thirdparty-misc-1.0.5.jar:1.0.5]
	at org.apache.hadoop.hdds.tracing.GrpcServerInterceptor$1.onMessage(GrpcServerInterceptor.java:49) [classes/:?]
	at org.apache.ratis.thirdparty.io.grpc.internal.ServerCallImpl$ServerStreamListenerImpl.messagesAvailableInternal(ServerCallImpl.java:329) [ratis-thirdparty-misc-1.0.5.jar:1.0.5]
	at org.apache.ratis.thirdparty.io.grpc.internal.ServerCallImpl$ServerStreamListenerImpl.messagesAvailable(ServerCallImpl.java:314) [ratis-thirdparty-misc-1.0.5.jar:1.0.5]
	at org.apache.ratis.thirdparty.io.grpc.internal.ServerImpl$JumpToApplicationThreadServerStreamListener$1MessagesAvailable.runInContext(ServerImpl.java:833) [ratis-thirdparty-misc-1.0.5.jar:1.0.5]
	at org.apache.ratis.thirdparty.io.grpc.internal.ContextRunnable.run(ContextRunnable.java:37) [ratis-thirdparty-misc-1.0.5.jar:1.0.5]
	at org.apache.ratis.thirdparty.io.grpc.internal.SerializingExecutor.run(SerializingExecutor.java:133) [ratis-thirdparty-misc-1.0.5.jar:1.0.5]
	at java.util.concurrent.ThreadPoolExecutor.runWorker(ThreadPoolExecutor.java:1136) [?:?]
	at java.util.concurrent.ThreadPoolExecutor$Worker.run(ThreadPoolExecutor.java:635) [?:?]
	at java.lang.Thread.run(Thread.java:840) [?:?]
2024-05-24 07:49:01,469 [main] ERROR scm.XceiverClientGrpc (XceiverClientGrpc.java:sendCommandWithRetry(452)) - Failed to execute command GetBlock on the pipeline Pipeline[ Id: f66052d6-492c-4182-89f9-ecf98fefc7d0, Nodes: 5319acd4-0e99-4000-a29b-b8c741da6a3d(localhost/127.0.0.1), ReplicationConfig: STANDALONE/ONE, State:OPEN, leaderId:5319acd4-0e99-4000-a29b-b8c741da6a3d, CreationTimestamp2024-05-24T07:48:49.955Z[Etc/UTC]].
2024-05-24 07:49:01,469 [main] INFO  storage.BlockInputStream (BlockInputStream.java:refreshBlockInfo(214)) - Unable to read information for block conID: 3 locID: 113750153625600003 bcsId: 3 from pipeline PipelineID=f66052d6-492c-4182-89f9-ecf98fefc7d0: Unable to find the block with bcsID 3. Container 3 bcsId is 1.
2024-05-24 07:49:01,479 [5319acd4-0e99-4000-a29b-b8c741da6a3d-ChunkReader-7] WARN  keyvalue.KeyValueHandler (ContainerUtils.java:logAndReturnError(97)) - Operation: GetBlock , Trace ID:  , Message: Unable to find the block with bcsID 3. Container 3 bcsId is 1. , Result: UNKNOWN_BCSID , StorageContainerException Occurred.
org.apache.hadoop.hdds.scm.container.common.helpers.StorageContainerException: Unable to find the block with bcsID 3. Container 3 bcsId is 1.
	at org.apache.hadoop.ozone.container.keyvalue.impl.BlockManagerImpl.getBlock(BlockManagerImpl.java:225)
	at org.apache.hadoop.ozone.container.keyvalue.KeyValueHandler.handleGetBlock(KeyValueHandler.java:591)
	at org.apache.hadoop.ozone.container.keyvalue.KeyValueHandler.dispatchRequest(KeyValueHandler.java:254)
	at org.apache.hadoop.ozone.container.keyvalue.KeyValueHandler.handle(KeyValueHandler.java:223)
	at org.apache.hadoop.ozone.container.common.impl.HddsDispatcher.dispatchRequest(HddsDispatcher.java:344)
	at org.apache.hadoop.ozone.container.common.impl.HddsDispatcher.lambda$dispatch$0(HddsDispatcher.java:192)
	at org.apache.hadoop.hdds.server.OzoneProtocolMessageDispatcher.processRequest(OzoneProtocolMessageDispatcher.java:89)
	at org.apache.hadoop.ozone.container.common.impl.HddsDispatcher.dispatch(HddsDispatcher.java:191)
	at org.apache.hadoop.ozone.container.common.transport.server.GrpcXceiverService$1.onNext(GrpcXceiverService.java:112)
	at org.apache.hadoop.ozone.container.common.transport.server.GrpcXceiverService$1.onNext(GrpcXceiverService.java:105)
	at org.apache.ratis.thirdparty.io.grpc.stub.ServerCalls$StreamingServerCallHandler$StreamingServerCallListener.onMessage(ServerCalls.java:262)
	at org.apache.ratis.thirdparty.io.grpc.ForwardingServerCallListener.onMessage(ForwardingServerCallListener.java:33)
	at org.apache.hadoop.hdds.tracing.GrpcServerInterceptor$1.onMessage(GrpcServerInterceptor.java:49)
	at org.apache.ratis.thirdparty.io.grpc.internal.ServerCallImpl$ServerStreamListenerImpl.messagesAvailableInternal(ServerCallImpl.java:329)
	at org.apache.ratis.thirdparty.io.grpc.internal.ServerCallImpl$ServerStreamListenerImpl.messagesAvailable(ServerCallImpl.java:314)
	at org.apache.ratis.thirdparty.io.grpc.internal.ServerImpl$JumpToApplicationThreadServerStreamListener$1MessagesAvailable.runInContext(ServerImpl.java:833)
	at org.apache.ratis.thirdparty.io.grpc.internal.ContextRunnable.run(ContextRunnable.java:37)
	at org.apache.ratis.thirdparty.io.grpc.internal.SerializingExecutor.run(SerializingExecutor.java:133)
	at java.base/java.util.concurrent.ThreadPoolExecutor.runWorker(ThreadPoolExecutor.java:1136)
	at java.base/java.util.concurrent.ThreadPoolExecutor$Worker.run(ThreadPoolExecutor.java:635)
	at java.base/java.lang.Thread.run(Thread.java:840)
07:49:01.479 [5319acd4-0e99-4000-a29b-b8c741da6a3d-ChunkReader-7] ERROR DNAudit - user=null | ip=null | op=GET_BLOCK {blockData=conID: 3 locID: 113750153625600003 bcsId: 3} | ret=FAILURE
java.lang.Exception: Unable to find the block with bcsID 3. Container 3 bcsId is 1.
	at org.apache.hadoop.ozone.container.common.impl.HddsDispatcher.dispatchRequest(HddsDispatcher.java:418) ~[classes/:?]
	at org.apache.hadoop.ozone.container.common.impl.HddsDispatcher.lambda$dispatch$0(HddsDispatcher.java:192) ~[classes/:?]
	at org.apache.hadoop.hdds.server.OzoneProtocolMessageDispatcher.processRequest(OzoneProtocolMessageDispatcher.java:89) [classes/:?]
	at org.apache.hadoop.ozone.container.common.impl.HddsDispatcher.dispatch(HddsDispatcher.java:191) [classes/:?]
	at org.apache.hadoop.ozone.container.common.transport.server.GrpcXceiverService$1.onNext(GrpcXceiverService.java:112) [classes/:?]
	at org.apache.hadoop.ozone.container.common.transport.server.GrpcXceiverService$1.onNext(GrpcXceiverService.java:105) [classes/:?]
	at org.apache.ratis.thirdparty.io.grpc.stub.ServerCalls$StreamingServerCallHandler$StreamingServerCallListener.onMessage(ServerCalls.java:262) [ratis-thirdparty-misc-1.0.5.jar:1.0.5]
	at org.apache.ratis.thirdparty.io.grpc.ForwardingServerCallListener.onMessage(ForwardingServerCallListener.java:33) [ratis-thirdparty-misc-1.0.5.jar:1.0.5]
	at org.apache.hadoop.hdds.tracing.GrpcServerInterceptor$1.onMessage(GrpcServerInterceptor.java:49) [classes/:?]
	at org.apache.ratis.thirdparty.io.grpc.internal.ServerCallImpl$ServerStreamListenerImpl.messagesAvailableInternal(ServerCallImpl.java:329) [ratis-thirdparty-misc-1.0.5.jar:1.0.5]
	at org.apache.ratis.thirdparty.io.grpc.internal.ServerCallImpl$ServerStreamListenerImpl.messagesAvailable(ServerCallImpl.java:314) [ratis-thirdparty-misc-1.0.5.jar:1.0.5]
	at org.apache.ratis.thirdparty.io.grpc.internal.ServerImpl$JumpToApplicationThreadServerStreamListener$1MessagesAvailable.runInContext(ServerImpl.java:833) [ratis-thirdparty-misc-1.0.5.jar:1.0.5]
	at org.apache.ratis.thirdparty.io.grpc.internal.ContextRunnable.run(ContextRunnable.java:37) [ratis-thirdparty-misc-1.0.5.jar:1.0.5]
	at org.apache.ratis.thirdparty.io.grpc.internal.SerializingExecutor.run(SerializingExecutor.java:133) [ratis-thirdparty-misc-1.0.5.jar:1.0.5]
	at java.util.concurrent.ThreadPoolExecutor.runWorker(ThreadPoolExecutor.java:1136) [?:?]
	at java.util.concurrent.ThreadPoolExecutor$Worker.run(ThreadPoolExecutor.java:635) [?:?]
	at java.lang.Thread.run(Thread.java:840) [?:?]
2024-05-24 07:49:01,481 [main] ERROR scm.XceiverClientGrpc (XceiverClientGrpc.java:sendCommandWithRetry(452)) - Failed to execute command GetBlock on the pipeline Pipeline[ Id: f66052d6-492c-4182-89f9-ecf98fefc7d0, Nodes: 5319acd4-0e99-4000-a29b-b8c741da6a3d(localhost/127.0.0.1), ReplicationConfig: STANDALONE/ONE, State:OPEN, leaderId:5319acd4-0e99-4000-a29b-b8c741da6a3d, CreationTimestamp2024-05-24T07:48:49.955Z[Etc/UTC]].
2024-05-24 07:49:01,481 [main] INFO  storage.BlockInputStream (BlockInputStream.java:refreshBlockInfo(214)) - Unable to read information for block conID: 3 locID: 113750153625600003 bcsId: 3 from pipeline PipelineID=f66052d6-492c-4182-89f9-ecf98fefc7d0: Unable to find the block with bcsID 3. Container 3 bcsId is 1.
]]></system-out>
    <system-err><![CDATA[ERROR StatusLogger Reconfiguration failed: No configuration found for '1dbd16a6' at 'null' in 'null'
]]></system-err>
  </testcase>
  <testcase name="testPutKeyWithEncryption(BucketLayout)[2]" classname="org.apache.hadoop.ozone.client.rpc.TestOzoneAtRestEncryption" time="0.317"/>
  <testcase name="testPutKeyWithEncryption(BucketLayout)[3]" classname="org.apache.hadoop.ozone.client.rpc.TestOzoneAtRestEncryption" time="0.377"/>
  <testcase name="mpuWithLink(BucketLayout)[1]" classname="org.apache.hadoop.ozone.client.rpc.TestOzoneAtRestEncryption" time="1.569"/>
  <testcase name="mpuWithLink(BucketLayout)[2]" classname="org.apache.hadoop.ozone.client.rpc.TestOzoneAtRestEncryption" time="1.256"/>
  <testcase name="mpuWithLink(BucketLayout)[3]" classname="org.apache.hadoop.ozone.client.rpc.TestOzoneAtRestEncryption" time="0.896"/>
  <testcase name="testLinkEncryptedBuckets(BucketLayout)[1]" classname="org.apache.hadoop.ozone.client.rpc.TestOzoneAtRestEncryption" time="0.177"/>
  <testcase name="testLinkEncryptedBuckets(BucketLayout)[2]" classname="org.apache.hadoop.ozone.client.rpc.TestOzoneAtRestEncryption" time="0.17"/>
  <testcase name="testLinkEncryptedBuckets(BucketLayout)[3]" classname="org.apache.hadoop.ozone.client.rpc.TestOzoneAtRestEncryption" time="0.168"/>
  <testcase name="testGetKeyProvider" classname="org.apache.hadoop.ozone.client.rpc.TestOzoneAtRestEncryption" time="1.436"/>
  <testcase name="mpuThreePartsOverride(BucketLayout)[1]" classname="org.apache.hadoop.ozone.client.rpc.TestOzoneAtRestEncryption" time="4.737"/>
  <testcase name="mpuThreePartsOverride(BucketLayout)[2]" classname="org.apache.hadoop.ozone.client.rpc.TestOzoneAtRestEncryption" time="2.838"/>
  <testcase name="mpuThreePartsOverride(BucketLayout)[3]" classname="org.apache.hadoop.ozone.client.rpc.TestOzoneAtRestEncryption" time="2.205"/>
  <testcase name="testKeyWithEncryptionAndGdpr(BucketLayout)[1]" classname="org.apache.hadoop.ozone.client.rpc.TestOzoneAtRestEncryption" time="0.172"/>
  <testcase name="testKeyWithEncryptionAndGdpr(BucketLayout)[2]" classname="org.apache.hadoop.ozone.client.rpc.TestOzoneAtRestEncryption" time="0.068"/>
  <testcase name="testKeyWithEncryptionAndGdpr(BucketLayout)[3]" classname="org.apache.hadoop.ozone.client.rpc.TestOzoneAtRestEncryption" time="0.555"/>
  <testcase name="mpuOnePart(BucketLayout)[1]" classname="org.apache.hadoop.ozone.client.rpc.TestOzoneAtRestEncryption" time="0.306"/>
  <testcase name="mpuOnePart(BucketLayout)[2]" classname="org.apache.hadoop.ozone.client.rpc.TestOzoneAtRestEncryption" time="0.32"/>
  <testcase name="mpuOnePart(BucketLayout)[3]" classname="org.apache.hadoop.ozone.client.rpc.TestOzoneAtRestEncryption" time="0.257"/>
  <testcase name="mpuTwoParts(BucketLayout)[1]" classname="org.apache.hadoop.ozone.client.rpc.TestOzoneAtRestEncryption" time="0.712"/>
  <testcase name="mpuTwoParts(BucketLayout)[2]" classname="org.apache.hadoop.ozone.client.rpc.TestOzoneAtRestEncryption" time="0.648"/>
  <testcase name="mpuTwoParts(BucketLayout)[3]" classname="org.apache.hadoop.ozone.client.rpc.TestOzoneAtRestEncryption" time="0.525"/>
  <testcase name="mpuOnePartInvalidUploadID(BucketLayout)[1]" classname="org.apache.hadoop.ozone.client.rpc.TestOzoneAtRestEncryption" time="0.033"/>
  <testcase name="mpuOnePartInvalidUploadID(BucketLayout)[2]" classname="org.apache.hadoop.ozone.client.rpc.TestOzoneAtRestEncryption" time="0.02"/>
  <testcase name="mpuOnePartInvalidUploadID(BucketLayout)[3]" classname="org.apache.hadoop.ozone.client.rpc.TestOzoneAtRestEncryption" time="0.018"/>
</testsuite>