<?xml version="1.0" encoding="UTF-8"?>
<testsuite xmlns:xsi="http://www.w3.org/2001/XMLSchema-instance" xsi:noNamespaceSchemaLocation="https://maven.apache.org/surefire/maven-surefire-plugin/xsd/surefire-test-report.xsd" name="org.apache.hadoop.ozone.TestMiniOzoneCluster" time="229.888" tests="5" errors="1" skipped="0" failures="0">
  <properties>
    <property name="awt.toolkit" value="sun.awt.X11.XToolkit"/>
    <property name="file.encoding.pkg" value="sun.io"/>
    <property name="java.specification.version" value="1.8"/>
    <property name="sun.cpu.isalist" value=""/>
    <property name="sun.jnu.encoding" value="UTF-8"/>
    <property name="java.class.path" value="/home/runner/work/ozone/ozone/hadoop-ozone/integration-test/target/test-classes:/home/runner/work/ozone/ozone/hadoop-ozone/integration-test/target/classes:/home/runner/.m2/repository/org/apache/ozone/ozone-common/1.3.0-SNAPSHOT/ozone-common-1.3.0-SNAPSHOT.jar:/home/runner/.m2/repository/org/apache/commons/commons-compress/1.21/commons-compress-1.21.jar:/home/runner/.m2/repository/org/apache/ozone/hdds-common/1.3.0-SNAPSHOT/hdds-common-1.3.0-SNAPSHOT.jar:/home/runner/.m2/repository/org/apache/ozone/hdds-client/1.3.0-SNAPSHOT/hdds-client-1.3.0-SNAPSHOT.jar:/home/runner/.m2/repository/org/apache/ozone/ozone-interface-client/1.3.0-SNAPSHOT/ozone-interface-client-1.3.0-SNAPSHOT.jar:/home/runner/.m2/repository/org/apache/ozone/hdds-test-utils/1.3.0-SNAPSHOT/hdds-test-utils-1.3.0-SNAPSHOT.jar:/home/runner/.m2/repository/com/google/guava/guava/30.1.1-jre/guava-30.1.1-jre.jar:/home/runner/.m2/repository/com/google/guava/failureaccess/1.0.1/failureaccess-1.0.1.jar:/home/runner/.m2/repository/com/google/guava/listenablefuture/9999.0-empty-to-avoid-conflict-with-guava/listenablefuture-9999.0-empty-to-avoid-conflict-with-guava.jar:/home/runner/.m2/repository/com/google/code/findbugs/jsr305/3.0.0/jsr305-3.0.0.jar:/home/runner/.m2/repository/org/checkerframework/checker-qual/3.8.0/checker-qual-3.8.0.jar:/home/runner/.m2/repository/com/google/errorprone/error_prone_annotations/2.2.0/error_prone_annotations-2.2.0.jar:/home/runner/.m2/repository/com/google/j2objc/j2objc-annotations/1.3/j2objc-annotations-1.3.jar:/home/runner/.m2/repository/commons-io/commons-io/2.11.0/commons-io-2.11.0.jar:/home/runner/.m2/repository/commons-logging/commons-logging/1.2/commons-logging-1.2.jar:/home/runner/.m2/repository/log4j/log4j/1.2.17/log4j-1.2.17.jar:/home/runner/.m2/repository/org/slf4j/slf4j-api/1.7.30/slf4j-api-1.7.30.jar:/home/runner/.m2/repository/org/apache/ozone/hdds-server-scm/1.3.0-SNAPSHOT/hdds-server-scm-1.3.0-SNAPSHOT.jar:/home/runner/.m2/repository/org/apache/ozone/hdds-container-service/1.3.0-SNAPSHOT/hdds-container-service-1.3.0-SNAPSHOT.jar:/home/runner/.m2/repository/org/apache/ozone/hdds-hadoop-dependency-server/1.3.0-SNAPSHOT/hdds-hadoop-dependency-server-1.3.0-SNAPSHOT.jar:/home/runner/.m2/repository/org/apache/hadoop/hadoop-hdfs/3.3.1/hadoop-hdfs-3.3.1.jar:/home/runner/.m2/repository/org/apache/ozone/hdds-server-framework/1.3.0-SNAPSHOT/hdds-server-framework-1.3.0-SNAPSHOT.jar:/home/runner/.m2/repository/org/apache/ozone/hdds-interface-server/1.3.0-SNAPSHOT/hdds-interface-server-1.3.0-SNAPSHOT.jar:/home/runner/.m2/repository/org/eclipse/jetty/jetty-servlet/9.4.43.v20210629/jetty-servlet-9.4.43.v20210629.jar:/home/runner/.m2/repository/org/eclipse/jetty/jetty-security/9.4.43.v20210629/jetty-security-9.4.43.v20210629.jar:/home/runner/.m2/repository/org/rocksdb/rocksdbjni/6.25.3/rocksdbjni-6.25.3.jar:/home/runner/.m2/repository/io/prometheus/simpleclient_dropwizard/0.7.0/simpleclient_dropwizard-0.7.0.jar:/home/runner/.m2/repository/io/prometheus/simpleclient/0.7.0/simpleclient-0.7.0.jar:/home/runner/.m2/repository/io/prometheus/simpleclient_common/0.7.0/simpleclient_common-0.7.0.jar:/home/runner/.m2/repository/com/fasterxml/jackson/datatype/jackson-datatype-jsr310/2.12.1/jackson-datatype-jsr310-2.12.1.jar:/home/runner/.m2/repository/io/dropwizard/metrics/metrics-core/3.2.4/metrics-core-3.2.4.jar:/home/runner/.m2/repository/org/apache/hadoop/hadoop-hdfs-client/3.3.1/hadoop-hdfs-client-3.3.1.jar:/home/runner/.m2/repository/org/bouncycastle/bcprov-jdk15on/1.67/bcprov-jdk15on-1.67.jar:/home/runner/.m2/repository/com/google/protobuf/protobuf-java/2.5.0/protobuf-java-2.5.0.jar:/home/runner/.m2/repository/org/apache/ozone/ozone-manager/1.3.0-SNAPSHOT/ozone-manager-1.3.0-SNAPSHOT.jar:/home/runner/.m2/repository/org/aspectj/aspectjrt/1.9.7/aspectjrt-1.9.7.jar:/home/runner/.m2/repository/org/aspectj/aspectjweaver/1.9.7/aspectjweaver-1.9.7.jar:/home/runner/.m2/repository/org/apache/ozone/hdds-interface-client/1.3.0-SNAPSHOT/hdds-interface-client-1.3.0-SNAPSHOT.jar:/home/runner/.m2/repository/org/apache/hadoop/thirdparty/hadoop-shaded-protobuf_3_7/1.1.1/hadoop-shaded-protobuf_3_7-1.1.1.jar:/home/runner/.m2/repository/org/apache/ozone/ozone-interface-storage/1.3.0-SNAPSHOT/ozone-interface-storage-1.3.0-SNAPSHOT.jar:/home/runner/.m2/repository/org/reflections/reflections/0.9.11/reflections-0.9.11.jar:/home/runner/.m2/repository/org/apache/hadoop/hadoop-minikdc/3.3.1/hadoop-minikdc-3.3.1.jar:/home/runner/.m2/repository/org/apache/kerby/kerb-simplekdc/1.0.1/kerb-simplekdc-1.0.1.jar:/home/runner/.m2/repository/org/apache/kerby/kerb-client/1.0.1/kerb-client-1.0.1.jar:/home/runner/.m2/repository/org/apache/kerby/kerby-config/1.0.1/kerby-config-1.0.1.jar:/home/runner/.m2/repository/org/apache/kerby/kerb-common/1.0.1/kerb-common-1.0.1.jar:/home/runner/.m2/repository/org/apache/kerby/kerb-crypto/1.0.1/kerb-crypto-1.0.1.jar:/home/runner/.m2/repository/org/apache/kerby/kerb-util/1.0.1/kerb-util-1.0.1.jar:/home/runner/.m2/repository/org/apache/kerby/token-provider/1.0.1/token-provider-1.0.1.jar:/home/runner/.m2/repository/org/apache/kerby/kerb-admin/1.0.1/kerb-admin-1.0.1.jar:/home/runner/.m2/repository/org/apache/kerby/kerb-server/1.0.1/kerb-server-1.0.1.jar:/home/runner/.m2/repository/org/apache/kerby/kerb-identity/1.0.1/kerb-identity-1.0.1.jar:/home/runner/.m2/repository/org/apache/kerby/kerby-xdr/1.0.1/kerby-xdr-1.0.1.jar:/home/runner/.m2/repository/org/slf4j/slf4j-log4j12/1.7.30/slf4j-log4j12-1.7.30.jar:/home/runner/.m2/repository/org/apache/ozone/ozone-s3gateway/1.3.0-SNAPSHOT/ozone-s3gateway-1.3.0-SNAPSHOT.jar:/home/runner/.m2/repository/org/javassist/javassist/3.21.0-GA/javassist-3.21.0-GA.jar:/home/runner/.m2/repository/org/jboss/weld/servlet/weld-servlet/2.4.7.Final/weld-servlet-2.4.7.Final.jar:/home/runner/.m2/repository/org/glassfish/jersey/containers/jersey-container-servlet-core/2.33/jersey-container-servlet-core-2.33.jar:/home/runner/.m2/repository/org/glassfish/hk2/external/jakarta.inject/2.6.1/jakarta.inject-2.6.1.jar:/home/runner/.m2/repository/org/glassfish/jersey/core/jersey-common/2.33/jersey-common-2.33.jar:/home/runner/.m2/repository/jakarta/ws/rs/jakarta.ws.rs-api/2.1.6/jakarta.ws.rs-api-2.1.6.jar:/home/runner/.m2/repository/org/glassfish/jersey/ext/cdi/jersey-cdi1x/2.33/jersey-cdi1x-2.33.jar:/home/runner/.m2/repository/org/glassfish/jersey/inject/jersey-hk2/2.33/jersey-hk2-2.33.jar:/home/runner/.m2/repository/org/glassfish/hk2/hk2-locator/2.6.1/hk2-locator-2.6.1.jar:/home/runner/.m2/repository/org/glassfish/jersey/media/jersey-media-jaxb/2.33/jersey-media-jaxb-2.33.jar:/home/runner/.m2/repository/org/glassfish/hk2/osgi-resource-locator/1.0.3/osgi-resource-locator-1.0.3.jar:/home/runner/.m2/repository/org/glassfish/hk2/hk2-api/2.5.0/hk2-api-2.5.0.jar:/home/runner/.m2/repository/org/glassfish/hk2/hk2-utils/2.5.0/hk2-utils-2.5.0.jar:/home/runner/.m2/repository/org/glassfish/hk2/external/aopalliance-repackaged/2.5.0/aopalliance-repackaged-2.5.0.jar:/home/runner/.m2/repository/com/fasterxml/jackson/dataformat/jackson-dataformat-xml/2.12.1/jackson-dataformat-xml-2.12.1.jar:/home/runner/.m2/repository/com/fasterxml/jackson/core/jackson-core/2.12.1/jackson-core-2.12.1.jar:/home/runner/.m2/repository/com/fasterxml/jackson/module/jackson-module-jaxb-annotations/2.12.1/jackson-module-jaxb-annotations-2.12.1.jar:/home/runner/.m2/repository/jakarta/xml/bind/jakarta.xml.bind-api/2.3.2/jakarta.xml.bind-api-2.3.2.jar:/home/runner/.m2/repository/org/codehaus/woodstox/stax2-api/3.1.4/stax2-api-3.1.4.jar:/home/runner/.m2/repository/com/fasterxml/woodstox/woodstox-core/5.0.3/woodstox-core-5.0.3.jar:/home/runner/.m2/repository/javax/enterprise/cdi-api/1.2/cdi-api-1.2.jar:/home/runner/.m2/repository/javax/el/javax.el-api/3.0.0/javax.el-api-3.0.0.jar:/home/runner/.m2/repository/javax/interceptor/javax.interceptor-api/1.2/javax.interceptor-api-1.2.jar:/home/runner/.m2/repository/javax/inject/javax.inject/1/javax.inject-1.jar:/home/runner/.m2/repository/javax/xml/bind/jaxb-api/2.3.0/jaxb-api-2.3.0.jar:/home/runner/.m2/repository/org/glassfish/jaxb/jaxb-runtime/2.3.0.1/jaxb-runtime-2.3.0.1.jar:/home/runner/.m2/repository/org/glassfish/jaxb/jaxb-core/2.3.0.1/jaxb-core-2.3.0.1.jar:/home/runner/.m2/repository/org/glassfish/jaxb/txw2/2.3.0.1/txw2-2.3.0.1.jar:/home/runner/.m2/repository/com/sun/istack/istack-commons-runtime/3.0.5/istack-commons-runtime-3.0.5.jar:/home/runner/.m2/repository/org/jvnet/staxex/stax-ex/1.7.8/stax-ex-1.7.8.jar:/home/runner/.m2/repository/com/sun/xml/fastinfoset/FastInfoset/1.2.13/FastInfoset-1.2.13.jar:/home/runner/.m2/repository/javax/activation/activation/1.1.1/activation-1.1.1.jar:/home/runner/.m2/repository/org/apache/ozone/ozone-csi/1.3.0-SNAPSHOT/ozone-csi-1.3.0-SNAPSHOT.jar:/home/runner/.m2/repository/com/google/protobuf/protobuf-java-util/3.12.0/protobuf-java-util-3.12.0.jar:/home/runner/.m2/repository/com/google/code/gson/gson/2.2.4/gson-2.2.4.jar:/home/runner/.m2/repository/org/apache/ozone/hdds-config/1.3.0-SNAPSHOT/hdds-config-1.3.0-SNAPSHOT.jar:/home/runner/.m2/repository/io/grpc/grpc-netty/1.33.0/grpc-netty-1.33.0.jar:/home/runner/.m2/repository/io/grpc/grpc-core/1.33.0/grpc-core-1.33.0.jar:/home/runner/.m2/repository/com/google/android/annotations/4.1.1.4/annotations-4.1.1.4.jar:/home/runner/.m2/repository/io/netty/netty-codec-http2/4.1.63.Final/netty-codec-http2-4.1.63.Final.jar:/home/runner/.m2/repository/io/netty/netty-codec-http/4.1.63.Final/netty-codec-http-4.1.63.Final.jar:/home/runner/.m2/repository/io/netty/netty-handler-proxy/4.1.63.Final/netty-handler-proxy-4.1.63.Final.jar:/home/runner/.m2/repository/io/netty/netty-codec-socks/4.1.63.Final/netty-codec-socks-4.1.63.Final.jar:/home/runner/.m2/repository/io/perfmark/perfmark-api/0.19.0/perfmark-api-0.19.0.jar:/home/runner/.m2/repository/org/codehaus/mojo/animal-sniffer-annotations/1.18/animal-sniffer-annotations-1.18.jar:/home/runner/.m2/repository/io/netty/netty-transport-native-epoll/4.1.63.Final/netty-transport-native-epoll-4.1.63.Final.jar:/home/runner/.m2/repository/io/netty/netty-common/4.1.63.Final/netty-common-4.1.63.Final.jar:/home/runner/.m2/repository/io/netty/netty-buffer/4.1.63.Final/netty-buffer-4.1.63.Final.jar:/home/runner/.m2/repository/io/netty/netty-transport-native-unix-common/4.1.63.Final/netty-transport-native-unix-common-4.1.63.Final.jar:/home/runner/.m2/repository/io/grpc/grpc-protobuf/1.33.0/grpc-protobuf-1.33.0.jar:/home/runner/.m2/repository/io/grpc/grpc-api/1.33.0/grpc-api-1.33.0.jar:/home/runner/.m2/repository/io/grpc/grpc-context/1.33.0/grpc-context-1.33.0.jar:/home/runner/.m2/repository/com/google/api/grpc/proto-google-common-protos/1.17.0/proto-google-common-protos-1.17.0.jar:/home/runner/.m2/repository/io/grpc/grpc-protobuf-lite/1.33.0/grpc-protobuf-lite-1.33.0.jar:/home/runner/.m2/repository/io/grpc/grpc-stub/1.33.0/grpc-stub-1.33.0.jar:/home/runner/.m2/repository/org/apache/ozone/ozone-recon/1.3.0-SNAPSHOT/ozone-recon-1.3.0-SNAPSHOT.jar:/home/runner/.m2/repository/org/apache/ozone/ozone-reconcodegen/1.3.0-SNAPSHOT/ozone-reconcodegen-1.3.0-SNAPSHOT.jar:/home/runner/.m2/repository/com/google/inject/extensions/guice-multibindings/4.0/guice-multibindings-4.0.jar:/home/runner/.m2/repository/com/google/inject/guice/4.0/guice-4.0.jar:/home/runner/.m2/repository/aopalliance/aopalliance/1.0/aopalliance-1.0.jar:/home/runner/.m2/repository/com/google/inject/extensions/guice-assistedinject/4.0/guice-assistedinject-4.0.jar:/home/runner/.m2/repository/com/google/inject/extensions/guice-servlet/4.0/guice-servlet-4.0.jar:/home/runner/.m2/repository/org/glassfish/jersey/containers/jersey-container-servlet/2.33/jersey-container-servlet-2.33.jar:/home/runner/.m2/repository/org/glassfish/hk2/guice-bridge/2.5.0/guice-bridge-2.5.0.jar:/home/runner/.m2/repository/org/glassfish/jersey/core/jersey-server/2.33/jersey-server-2.33.jar:/home/runner/.m2/repository/org/glassfish/jersey/core/jersey-client/2.33/jersey-client-2.33.jar:/home/runner/.m2/repository/jakarta/annotation/jakarta.annotation-api/1.3.5/jakarta.annotation-api-1.3.5.jar:/home/runner/.m2/repository/jakarta/validation/jakarta.validation-api/2.0.2/jakarta.validation-api-2.0.2.jar:/home/runner/.m2/repository/org/glassfish/jersey/media/jersey-media-json-jackson/2.33/jersey-media-json-jackson-2.33.jar:/home/runner/.m2/repository/org/glassfish/jersey/ext/jersey-entity-filtering/2.33/jersey-entity-filtering-2.33.jar:/home/runner/.m2/repository/org/jooq/jooq/3.11.10/jooq-3.11.10.jar:/home/runner/.m2/repository/org/jooq/jooq-meta/3.11.10/jooq-meta-3.11.10.jar:/home/runner/.m2/repository/org/jooq/jooq-codegen/3.11.10/jooq-codegen-3.11.10.jar:/home/runner/.m2/repository/com/jolbox/bonecp/0.8.0.RELEASE/bonecp-0.8.0.RELEASE.jar:/home/runner/.m2/repository/org/apache/derby/derby/10.14.2.0/derby-10.14.2.0.jar:/home/runner/.m2/repository/org/xerial/sqlite-jdbc/3.25.2/sqlite-jdbc-3.25.2.jar:/home/runner/.m2/repository/org/springframework/spring-jdbc/5.2.18.RELEASE/spring-jdbc-5.2.18.RELEASE.jar:/home/runner/.m2/repository/org/springframework/spring-beans/5.2.18.RELEASE/spring-beans-5.2.18.RELEASE.jar:/home/runner/.m2/repository/org/springframework/spring-core/5.2.18.RELEASE/spring-core-5.2.18.RELEASE.jar:/home/runner/.m2/repository/org/springframework/spring-jcl/5.2.18.RELEASE/spring-jcl-5.2.18.RELEASE.jar:/home/runner/.m2/repository/org/springframework/spring-tx/5.2.18.RELEASE/spring-tx-5.2.18.RELEASE.jar:/home/runner/.m2/repository/org/apache/ozone/ozone-client/1.3.0-SNAPSHOT/ozone-client-1.3.0-SNAPSHOT.jar:/home/runner/.m2/repository/org/apache/ozone/ozone-filesystem/1.3.0-SNAPSHOT/ozone-filesystem-1.3.0-SNAPSHOT.jar:/home/runner/.m2/repository/org/apache/ozone/ozone-filesystem-common/1.3.0-SNAPSHOT/ozone-filesystem-common-1.3.0-SNAPSHOT.jar:/home/runner/.m2/repository/org/apache/ozone/ozone-tools/1.3.0-SNAPSHOT/ozone-tools-1.3.0-SNAPSHOT.jar:/home/runner/.m2/repository/org/apache/ratis/ratis-tools/2.2.0/ratis-tools-2.2.0.jar:/home/runner/.m2/repository/com/amazonaws/aws-java-sdk-core/1.12.124/aws-java-sdk-core-1.12.124.jar:/home/runner/.m2/repository/org/apache/httpcomponents/httpclient/4.5.13/httpclient-4.5.13.jar:/home/runner/.m2/repository/org/apache/httpcomponents/httpcore/4.4.13/httpcore-4.4.13.jar:/home/runner/.m2/repository/software/amazon/ion/ion-java/1.0.2/ion-java-1.0.2.jar:/home/runner/.m2/repository/com/fasterxml/jackson/dataformat/jackson-dataformat-cbor/2.12.1/jackson-dataformat-cbor-2.12.1.jar:/home/runner/.m2/repository/joda-time/joda-time/2.8.1/joda-time-2.8.1.jar:/home/runner/.m2/repository/com/amazonaws/aws-java-sdk-s3/1.12.124/aws-java-sdk-s3-1.12.124.jar:/home/runner/.m2/repository/com/amazonaws/aws-java-sdk-kms/1.12.124/aws-java-sdk-kms-1.12.124.jar:/home/runner/.m2/repository/com/amazonaws/jmespath-java/1.12.124/jmespath-java-1.12.124.jar:/home/runner/.m2/repository/org/kohsuke/metainf-services/metainf-services/1.8/metainf-services-1.8.jar:/home/runner/.m2/repository/org/apache/ozone/hdds-tools/1.3.0-SNAPSHOT/hdds-tools-1.3.0-SNAPSHOT.jar:/home/runner/.m2/repository/commons-cli/commons-cli/1.2/commons-cli-1.2.jar:/home/runner/.m2/repository/org/apache/commons/commons-lang3/3.7/commons-lang3-3.7.jar:/home/runner/.m2/repository/org/apache/ozone/ozone-manager/1.3.0-SNAPSHOT/ozone-manager-1.3.0-SNAPSHOT-tests.jar:/home/runner/.m2/repository/org/apache/ozone/hdds-common/1.3.0-SNAPSHOT/hdds-common-1.3.0-SNAPSHOT-tests.jar:/home/runner/.m2/repository/org/apache/ozone/hdds-hadoop-dependency-client/1.3.0-SNAPSHOT/hdds-hadoop-dependency-client-1.3.0-SNAPSHOT.jar:/home/runner/.m2/repository/info/picocli/picocli/4.6.1/picocli-4.6.1.jar:/home/runner/.m2/repository/com/fasterxml/jackson/core/jackson-annotations/2.12.1/jackson-annotations-2.12.1.jar:/home/runner/.m2/repository/javax/annotation/javax.annotation-api/1.2/javax.annotation-api-1.2.jar:/home/runner/.m2/repository/org/apache/ratis/ratis-server/2.2.0/ratis-server-2.2.0.jar:/home/runner/.m2/repository/org/apache/ratis/ratis-client/2.2.0/ratis-client-2.2.0.jar:/home/runner/.m2/repository/org/apache/ratis/ratis-server-api/2.2.0/ratis-server-api-2.2.0.jar:/home/runner/.m2/repository/org/apache/ratis/ratis-metrics/2.2.0/ratis-metrics-2.2.0.jar:/home/runner/.m2/repository/org/apache/ratis/ratis-netty/2.2.0/ratis-netty-2.2.0.jar:/home/runner/.m2/repository/org/apache/ratis/ratis-grpc/2.2.0/ratis-grpc-2.2.0.jar:/home/runner/.m2/repository/org/apache/logging/log4j/log4j-api/2.17.1/log4j-api-2.17.1.jar:/home/runner/.m2/repository/org/apache/logging/log4j/log4j-core/2.17.1/log4j-core-2.17.1.jar:/home/runner/.m2/repository/com/lmax/disruptor/3.4.2/disruptor-3.4.2.jar:/home/runner/.m2/repository/org/apache/commons/commons-pool2/2.6.0/commons-pool2-2.6.0.jar:/home/runner/.m2/repository/org/bouncycastle/bcpkix-jdk15on/1.67/bcpkix-jdk15on-1.67.jar:/home/runner/.m2/repository/commons-validator/commons-validator/1.6/commons-validator-1.6.jar:/home/runner/.m2/repository/commons-beanutils/commons-beanutils/1.9.4/commons-beanutils-1.9.4.jar:/home/runner/.m2/repository/commons-digester/commons-digester/1.8.1/commons-digester-1.8.1.jar:/home/runner/.m2/repository/commons-collections/commons-collections/3.2.2/commons-collections-3.2.2.jar:/home/runner/.m2/repository/io/jaegertracing/jaeger-client/1.6.0/jaeger-client-1.6.0.jar:/home/runner/.m2/repository/io/jaegertracing/jaeger-thrift/1.6.0/jaeger-thrift-1.6.0.jar:/home/runner/.m2/repository/org/apache/thrift/libthrift/0.14.1/libthrift-0.14.1.jar:/home/runner/.m2/repository/com/squareup/okhttp3/okhttp/4.9.0/okhttp-4.9.0.jar:/home/runner/.m2/repository/com/squareup/okio/okio/2.8.0/okio-2.8.0.jar:/home/runner/.m2/repository/io/jaegertracing/jaeger-core/1.6.0/jaeger-core-1.6.0.jar:/home/runner/.m2/repository/io/jaegertracing/jaeger-tracerresolver/1.6.0/jaeger-tracerresolver-1.6.0.jar:/home/runner/.m2/repository/io/opentracing/contrib/opentracing-tracerresolver/0.1.8/opentracing-tracerresolver-0.1.8.jar:/home/runner/.m2/repository/org/jetbrains/kotlin/kotlin-stdlib/1.4.31/kotlin-stdlib-1.4.31.jar:/home/runner/.m2/repository/org/jetbrains/kotlin/kotlin-stdlib-common/1.4.31/kotlin-stdlib-common-1.4.31.jar:/home/runner/.m2/repository/org/jetbrains/annotations/13.0/annotations-13.0.jar:/home/runner/.m2/repository/io/opentracing/opentracing-util/0.33.0/opentracing-util-0.33.0.jar:/home/runner/.m2/repository/io/opentracing/opentracing-api/0.33.0/opentracing-api-0.33.0.jar:/home/runner/.m2/repository/io/opentracing/opentracing-noop/0.33.0/opentracing-noop-0.33.0.jar:/home/runner/.m2/repository/org/yaml/snakeyaml/1.26/snakeyaml-1.26.jar:/home/runner/.m2/repository/org/apache/ozone/hdds-interface-admin/1.3.0-SNAPSHOT/hdds-interface-admin-1.3.0-SNAPSHOT.jar:/home/runner/.m2/repository/junit/junit/4.13.1/junit-4.13.1.jar:/home/runner/.m2/repository/org/hamcrest/hamcrest-core/1.3/hamcrest-core-1.3.jar:/home/runner/.m2/repository/org/junit/jupiter/junit-jupiter-api/5.7.0/junit-jupiter-api-5.7.0.jar:/home/runner/.m2/repository/org/apiguardian/apiguardian-api/1.1.0/apiguardian-api-1.1.0.jar:/home/runner/.m2/repository/org/opentest4j/opentest4j/1.2.0/opentest4j-1.2.0.jar:/home/runner/.m2/repository/org/junit/platform/junit-platform-commons/1.7.0/junit-platform-commons-1.7.0.jar:/home/runner/.m2/repository/org/junit/jupiter/junit-jupiter-engine/5.7.0/junit-jupiter-engine-5.7.0.jar:/home/runner/.m2/repository/org/junit/platform/junit-platform-engine/1.7.0/junit-platform-engine-1.7.0.jar:/home/runner/.m2/repository/org/junit/vintage/junit-vintage-engine/5.7.0/junit-vintage-engine-5.7.0.jar:/home/runner/.m2/repository/org/junit/platform/junit-platform-launcher/1.7.0/junit-platform-launcher-1.7.0.jar:/home/runner/.m2/repository/org/mockito/mockito-core/2.28.2/mockito-core-2.28.2.jar:/home/runner/.m2/repository/net/bytebuddy/byte-buddy/1.9.10/byte-buddy-1.9.10.jar:/home/runner/.m2/repository/net/bytebuddy/byte-buddy-agent/1.9.10/byte-buddy-agent-1.9.10.jar:/home/runner/.m2/repository/org/objenesis/objenesis/1.0/objenesis-1.0.jar:/home/runner/.m2/repository/org/apache/hadoop/hadoop-kms/3.3.1/hadoop-kms-3.3.1.jar:/home/runner/.m2/repository/org/apache/hadoop/hadoop-auth/3.3.1/hadoop-auth-3.3.1.jar:/home/runner/.m2/repository/com/nimbusds/nimbus-jose-jwt/7.9/nimbus-jose-jwt-7.9.jar:/home/runner/.m2/repository/com/github/stephenc/jcip/jcip-annotations/1.0-1/jcip-annotations-1.0-1.jar:/home/runner/.m2/repository/net/minidev/json-smart/2.4.7/json-smart-2.4.7.jar:/home/runner/.m2/repository/net/minidev/accessors-smart/2.4.7/accessors-smart-2.4.7.jar:/home/runner/.m2/repository/org/ow2/asm/asm/5.0.4/asm-5.0.4.jar:/home/runner/.m2/repository/org/apache/zookeeper/zookeeper/3.5.6/zookeeper-3.5.6.jar:/home/runner/.m2/repository/org/apache/zookeeper/zookeeper-jute/3.5.6/zookeeper-jute-3.5.6.jar:/home/runner/.m2/repository/org/apache/yetus/audience-annotations/0.5.0/audience-annotations-0.5.0.jar:/home/runner/.m2/repository/org/apache/curator/curator-framework/4.2.0/curator-framework-4.2.0.jar:/home/runner/.m2/repository/org/apache/hadoop/thirdparty/hadoop-shaded-guava/1.1.1/hadoop-shaded-guava-1.1.1.jar:/home/runner/.m2/repository/com/sun/jersey/jersey-core/1.19/jersey-core-1.19.jar:/home/runner/.m2/repository/javax/ws/rs/jsr311-api/1.1.1/jsr311-api-1.1.1.jar:/home/runner/.m2/repository/com/sun/jersey/jersey-server/1.19/jersey-server-1.19.jar:/home/runner/.m2/repository/javax/servlet/javax.servlet-api/3.1.0/javax.servlet-api-3.1.0.jar:/home/runner/.m2/repository/org/eclipse/jetty/jetty-server/9.4.43.v20210629/jetty-server-9.4.43.v20210629.jar:/home/runner/.m2/repository/org/eclipse/jetty/jetty-http/9.4.43.v20210629/jetty-http-9.4.43.v20210629.jar:/home/runner/.m2/repository/org/eclipse/jetty/jetty-io/9.4.43.v20210629/jetty-io-9.4.43.v20210629.jar:/home/runner/.m2/repository/org/eclipse/jetty/jetty-webapp/9.4.43.v20210629/jetty-webapp-9.4.43.v20210629.jar:/home/runner/.m2/repository/org/eclipse/jetty/jetty-xml/9.4.43.v20210629/jetty-xml-9.4.43.v20210629.jar:/home/runner/.m2/repository/org/apache/hadoop/hadoop-common/3.3.1/hadoop-common-3.3.1.jar:/home/runner/.m2/repository/org/apache/commons/commons-math3/3.1.1/commons-math3-3.1.1.jar:/home/runner/.m2/repository/commons-net/commons-net/3.6/commons-net-3.6.jar:/home/runner/.m2/repository/jakarta/activation/jakarta.activation-api/1.2.1/jakarta.activation-api-1.2.1.jar:/home/runner/.m2/repository/com/sun/jersey/jersey-servlet/1.19/jersey-servlet-1.19.jar:/home/runner/.m2/repository/com/sun/jersey/jersey-json/1.19/jersey-json-1.19.jar:/home/runner/.m2/repository/org/codehaus/jettison/jettison/1.1/jettison-1.1.jar:/home/runner/.m2/repository/com/sun/xml/bind/jaxb-impl/2.2.3-1/jaxb-impl-2.2.3-1.jar:/home/runner/.m2/repository/org/codehaus/jackson/jackson-jaxrs/1.9.2/jackson-jaxrs-1.9.2.jar:/home/runner/.m2/repository/org/codehaus/jackson/jackson-xc/1.9.2/jackson-xc-1.9.2.jar:/home/runner/.m2/repository/org/apache/commons/commons-configuration2/2.1.1/commons-configuration2-2.1.1.jar:/home/runner/.m2/repository/org/apache/commons/commons-text/1.4/commons-text-1.4.jar:/home/runner/.m2/repository/com/google/re2j/re2j/1.1/re2j-1.1.jar:/home/runner/.m2/repository/com/jcraft/jsch/0.1.54/jsch-0.1.54.jar:/home/runner/.m2/repository/org/apache/curator/curator-client/4.2.0/curator-client-4.2.0.jar:/home/runner/.m2/repository/org/apache/curator/curator-recipes/4.2.0/curator-recipes-4.2.0.jar:/home/runner/.m2/repository/org/apache/kerby/kerb-core/1.0.1/kerb-core-1.0.1.jar:/home/runner/.m2/repository/org/apache/kerby/kerby-pkix/1.0.1/kerby-pkix-1.0.1.jar:/home/runner/.m2/repository/org/apache/kerby/kerby-asn1/1.0.1/kerby-asn1-1.0.1.jar:/home/runner/.m2/repository/org/apache/kerby/kerby-util/1.0.1/kerby-util-1.0.1.jar:/home/runner/.m2/repository/dnsjava/dnsjava/2.1.7/dnsjava-2.1.7.jar:/home/runner/.m2/repository/org/xerial/snappy/snappy-java/1.1.8.2/snappy-java-1.1.8.2.jar:/home/runner/.m2/repository/org/slf4j/jul-to-slf4j/1.7.30/jul-to-slf4j-1.7.30.jar:/home/runner/.m2/repository/org/eclipse/jetty/jetty-util/9.4.43.v20210629/jetty-util-9.4.43.v20210629.jar:/home/runner/.m2/repository/com/fasterxml/jackson/core/jackson-databind/2.12.1/jackson-databind-2.12.1.jar:/home/runner/.m2/repository/org/apache/hadoop/hadoop-kms/3.3.1/hadoop-kms-3.3.1-tests.jar:/home/runner/.m2/repository/org/apache/ozone/hdds-server-scm/1.3.0-SNAPSHOT/hdds-server-scm-1.3.0-SNAPSHOT-tests.jar:/home/runner/.m2/repository/org/apache/ozone/hdds-container-service/1.3.0-SNAPSHOT/hdds-container-service-1.3.0-SNAPSHOT-tests.jar:/home/runner/.m2/repository/commons-codec/commons-codec/1.11/commons-codec-1.11.jar:/home/runner/.m2/repository/io/netty/netty-transport/4.1.63.Final/netty-transport-4.1.63.Final.jar:/home/runner/.m2/repository/io/netty/netty-resolver/4.1.63.Final/netty-resolver-4.1.63.Final.jar:/home/runner/.m2/repository/io/netty/netty-codec/4.1.63.Final/netty-codec-4.1.63.Final.jar:/home/runner/.m2/repository/io/netty/netty-handler/4.1.63.Final/netty-handler-4.1.63.Final.jar:/home/runner/.m2/repository/org/apache/ozone/hdds-hadoop-dependency-test/1.3.0-SNAPSHOT/hdds-hadoop-dependency-test-1.3.0-SNAPSHOT.jar:/home/runner/.m2/repository/org/apache/hadoop/hadoop-common/3.3.1/hadoop-common-3.3.1-tests.jar:/home/runner/.m2/repository/org/assertj/assertj-core/3.12.2/assertj-core-3.12.2.jar:/home/runner/.m2/repository/org/apache/hadoop/hadoop-hdfs/3.3.1/hadoop-hdfs-3.3.1-tests.jar:/home/runner/.m2/repository/org/eclipse/jetty/jetty-util-ajax/9.4.43.v20210629/jetty-util-ajax-9.4.43.v20210629.jar:/home/runner/.m2/repository/commons-daemon/commons-daemon/1.0.13/commons-daemon-1.0.13.jar:/home/runner/.m2/repository/io/netty/netty/3.10.6.Final/netty-3.10.6.Final.jar:/home/runner/.m2/repository/io/netty/netty-all/4.1.63.Final/netty-all-4.1.63.Final.jar:/home/runner/.m2/repository/org/apache/htrace/htrace-core4/4.1.0-incubating/htrace-core4-4.1.0-incubating.jar:/home/runner/.m2/repository/org/fusesource/leveldbjni/leveldbjni-all/1.8/leveldbjni-all-1.8.jar:/home/runner/.m2/repository/org/apache/hadoop/hadoop-distcp/3.3.1/hadoop-distcp-3.3.1.jar:/home/runner/.m2/repository/org/apache/hadoop/hadoop-mapreduce-client-jobclient/3.3.1/hadoop-mapreduce-client-jobclient-3.3.1.jar:/home/runner/.m2/repository/org/apache/hadoop/hadoop-mapreduce-client-common/3.3.1/hadoop-mapreduce-client-common-3.3.1.jar:/home/runner/.m2/repository/org/apache/hadoop/hadoop-yarn-common/3.3.1/hadoop-yarn-common-3.3.1.jar:/home/runner/.m2/repository/org/apache/hadoop/hadoop-yarn-api/3.3.1/hadoop-yarn-api-3.3.1.jar:/home/runner/.m2/repository/com/sun/jersey/jersey-client/1.19/jersey-client-1.19.jar:/home/runner/.m2/repository/com/sun/jersey/contribs/jersey-guice/1.19/jersey-guice-1.19.jar:/home/runner/.m2/repository/com/fasterxml/jackson/jaxrs/jackson-jaxrs-json-provider/2.12.1/jackson-jaxrs-json-provider-2.12.1.jar:/home/runner/.m2/repository/com/fasterxml/jackson/jaxrs/jackson-jaxrs-base/2.12.1/jackson-jaxrs-base-2.12.1.jar:/home/runner/.m2/repository/org/apache/hadoop/hadoop-yarn-client/3.3.1/hadoop-yarn-client-3.3.1.jar:/home/runner/.m2/repository/org/eclipse/jetty/websocket/websocket-client/9.4.40.v20210413/websocket-client-9.4.40.v20210413.jar:/home/runner/.m2/repository/org/eclipse/jetty/jetty-client/9.4.40.v20210413/jetty-client-9.4.40.v20210413.jar:/home/runner/.m2/repository/org/eclipse/jetty/websocket/websocket-common/9.4.40.v20210413/websocket-common-9.4.40.v20210413.jar:/home/runner/.m2/repository/org/eclipse/jetty/websocket/websocket-api/9.4.40.v20210413/websocket-api-9.4.40.v20210413.jar:/home/runner/.m2/repository/org/jline/jline/3.9.0/jline-3.9.0.jar:/home/runner/.m2/repository/org/apache/hadoop/hadoop-mapreduce-client-core/3.3.1/hadoop-mapreduce-client-core-3.3.1.jar:/home/runner/.m2/repository/org/apache/avro/avro/1.7.7/avro-1.7.7.jar:/home/runner/.m2/repository/org/codehaus/jackson/jackson-core-asl/1.9.13/jackson-core-asl-1.9.13.jar:/home/runner/.m2/repository/org/codehaus/jackson/jackson-mapper-asl/1.9.13/jackson-mapper-asl-1.9.13.jar:/home/runner/.m2/repository/com/thoughtworks/paranamer/paranamer/2.3/paranamer-2.3.jar:/home/runner/.m2/repository/org/apache/hadoop/hadoop-annotations/3.3.1/hadoop-annotations-3.3.1.jar:/usr/lib/jvm/temurin-8-jdk-amd64/jre/../lib/tools.jar:/home/runner/.m2/repository/org/apache/hadoop/hadoop-distcp/3.3.1/hadoop-distcp-3.3.1-tests.jar:/home/runner/.m2/repository/org/apache/ratis/ratis-common/2.2.0/ratis-common-2.2.0.jar:/home/runner/.m2/repository/org/apache/ratis/ratis-thirdparty-misc/0.7.0/ratis-thirdparty-misc-0.7.0.jar:/home/runner/.m2/repository/org/apache/ratis/ratis-proto/2.2.0/ratis-proto-2.2.0.jar:"/>
    <property name="java.vm.vendor" value="Temurin"/>
    <property name="sun.arch.data.model" value="64"/>
    <property name="test.build.dir" value="/home/runner/work/ozone/ozone/hadoop-ozone/integration-test/target/test-dir"/>
    <property name="test.cache.data" value=""/>
    <property name="java.vendor.url" value="https://adoptium.net/"/>
    <property name="user.timezone" value=""/>
    <property name="java.vm.specification.version" value="1.8"/>
    <property name="os.name" value="Linux"/>
    <property name="test.build.data" value="/home/runner/work/ozone/ozone/hadoop-ozone/integration-test/target/test-dir"/>
    <property name="sun.java.launcher" value="SUN_STANDARD"/>
    <property name="sun.boot.library.path" value="/usr/lib/jvm/temurin-8-jdk-amd64/jre/lib/amd64"/>
    <property name="sun.java.command" value="/home/runner/work/ozone/ozone/hadoop-ozone/integration-test/target/surefire/surefirebooter6922567611202969050.jar /home/runner/work/ozone/ozone/hadoop-ozone/integration-test/target/surefire 2022-03-06T21-48-38_651-jvmRun1 surefire6048172112599191375tmp surefire_90770511116087261225tmp"/>
    <property name="surefire.test.class.path" value="/home/runner/work/ozone/ozone/hadoop-ozone/integration-test/target/test-classes:/home/runner/work/ozone/ozone/hadoop-ozone/integration-test/target/classes:/home/runner/.m2/repository/org/apache/ozone/ozone-common/1.3.0-SNAPSHOT/ozone-common-1.3.0-SNAPSHOT.jar:/home/runner/.m2/repository/org/apache/commons/commons-compress/1.21/commons-compress-1.21.jar:/home/runner/.m2/repository/org/apache/ozone/hdds-common/1.3.0-SNAPSHOT/hdds-common-1.3.0-SNAPSHOT.jar:/home/runner/.m2/repository/org/apache/ozone/hdds-client/1.3.0-SNAPSHOT/hdds-client-1.3.0-SNAPSHOT.jar:/home/runner/.m2/repository/org/apache/ozone/ozone-interface-client/1.3.0-SNAPSHOT/ozone-interface-client-1.3.0-SNAPSHOT.jar:/home/runner/.m2/repository/org/apache/ozone/hdds-test-utils/1.3.0-SNAPSHOT/hdds-test-utils-1.3.0-SNAPSHOT.jar:/home/runner/.m2/repository/com/google/guava/guava/30.1.1-jre/guava-30.1.1-jre.jar:/home/runner/.m2/repository/com/google/guava/failureaccess/1.0.1/failureaccess-1.0.1.jar:/home/runner/.m2/repository/com/google/guava/listenablefuture/9999.0-empty-to-avoid-conflict-with-guava/listenablefuture-9999.0-empty-to-avoid-conflict-with-guava.jar:/home/runner/.m2/repository/com/google/code/findbugs/jsr305/3.0.0/jsr305-3.0.0.jar:/home/runner/.m2/repository/org/checkerframework/checker-qual/3.8.0/checker-qual-3.8.0.jar:/home/runner/.m2/repository/com/google/errorprone/error_prone_annotations/2.2.0/error_prone_annotations-2.2.0.jar:/home/runner/.m2/repository/com/google/j2objc/j2objc-annotations/1.3/j2objc-annotations-1.3.jar:/home/runner/.m2/repository/commons-io/commons-io/2.11.0/commons-io-2.11.0.jar:/home/runner/.m2/repository/commons-logging/commons-logging/1.2/commons-logging-1.2.jar:/home/runner/.m2/repository/log4j/log4j/1.2.17/log4j-1.2.17.jar:/home/runner/.m2/repository/org/slf4j/slf4j-api/1.7.30/slf4j-api-1.7.30.jar:/home/runner/.m2/repository/org/apache/ozone/hdds-server-scm/1.3.0-SNAPSHOT/hdds-server-scm-1.3.0-SNAPSHOT.jar:/home/runner/.m2/repository/org/apache/ozone/hdds-container-service/1.3.0-SNAPSHOT/hdds-container-service-1.3.0-SNAPSHOT.jar:/home/runner/.m2/repository/org/apache/ozone/hdds-hadoop-dependency-server/1.3.0-SNAPSHOT/hdds-hadoop-dependency-server-1.3.0-SNAPSHOT.jar:/home/runner/.m2/repository/org/apache/hadoop/hadoop-hdfs/3.3.1/hadoop-hdfs-3.3.1.jar:/home/runner/.m2/repository/org/apache/ozone/hdds-server-framework/1.3.0-SNAPSHOT/hdds-server-framework-1.3.0-SNAPSHOT.jar:/home/runner/.m2/repository/org/apache/ozone/hdds-interface-server/1.3.0-SNAPSHOT/hdds-interface-server-1.3.0-SNAPSHOT.jar:/home/runner/.m2/repository/org/eclipse/jetty/jetty-servlet/9.4.43.v20210629/jetty-servlet-9.4.43.v20210629.jar:/home/runner/.m2/repository/org/eclipse/jetty/jetty-security/9.4.43.v20210629/jetty-security-9.4.43.v20210629.jar:/home/runner/.m2/repository/org/rocksdb/rocksdbjni/6.25.3/rocksdbjni-6.25.3.jar:/home/runner/.m2/repository/io/prometheus/simpleclient_dropwizard/0.7.0/simpleclient_dropwizard-0.7.0.jar:/home/runner/.m2/repository/io/prometheus/simpleclient/0.7.0/simpleclient-0.7.0.jar:/home/runner/.m2/repository/io/prometheus/simpleclient_common/0.7.0/simpleclient_common-0.7.0.jar:/home/runner/.m2/repository/com/fasterxml/jackson/datatype/jackson-datatype-jsr310/2.12.1/jackson-datatype-jsr310-2.12.1.jar:/home/runner/.m2/repository/io/dropwizard/metrics/metrics-core/3.2.4/metrics-core-3.2.4.jar:/home/runner/.m2/repository/org/apache/hadoop/hadoop-hdfs-client/3.3.1/hadoop-hdfs-client-3.3.1.jar:/home/runner/.m2/repository/org/bouncycastle/bcprov-jdk15on/1.67/bcprov-jdk15on-1.67.jar:/home/runner/.m2/repository/com/google/protobuf/protobuf-java/2.5.0/protobuf-java-2.5.0.jar:/home/runner/.m2/repository/org/apache/ozone/ozone-manager/1.3.0-SNAPSHOT/ozone-manager-1.3.0-SNAPSHOT.jar:/home/runner/.m2/repository/org/aspectj/aspectjrt/1.9.7/aspectjrt-1.9.7.jar:/home/runner/.m2/repository/org/aspectj/aspectjweaver/1.9.7/aspectjweaver-1.9.7.jar:/home/runner/.m2/repository/org/apache/ozone/hdds-interface-client/1.3.0-SNAPSHOT/hdds-interface-client-1.3.0-SNAPSHOT.jar:/home/runner/.m2/repository/org/apache/hadoop/thirdparty/hadoop-shaded-protobuf_3_7/1.1.1/hadoop-shaded-protobuf_3_7-1.1.1.jar:/home/runner/.m2/repository/org/apache/ozone/ozone-interface-storage/1.3.0-SNAPSHOT/ozone-interface-storage-1.3.0-SNAPSHOT.jar:/home/runner/.m2/repository/org/reflections/reflections/0.9.11/reflections-0.9.11.jar:/home/runner/.m2/repository/org/apache/hadoop/hadoop-minikdc/3.3.1/hadoop-minikdc-3.3.1.jar:/home/runner/.m2/repository/org/apache/kerby/kerb-simplekdc/1.0.1/kerb-simplekdc-1.0.1.jar:/home/runner/.m2/repository/org/apache/kerby/kerb-client/1.0.1/kerb-client-1.0.1.jar:/home/runner/.m2/repository/org/apache/kerby/kerby-config/1.0.1/kerby-config-1.0.1.jar:/home/runner/.m2/repository/org/apache/kerby/kerb-common/1.0.1/kerb-common-1.0.1.jar:/home/runner/.m2/repository/org/apache/kerby/kerb-crypto/1.0.1/kerb-crypto-1.0.1.jar:/home/runner/.m2/repository/org/apache/kerby/kerb-util/1.0.1/kerb-util-1.0.1.jar:/home/runner/.m2/repository/org/apache/kerby/token-provider/1.0.1/token-provider-1.0.1.jar:/home/runner/.m2/repository/org/apache/kerby/kerb-admin/1.0.1/kerb-admin-1.0.1.jar:/home/runner/.m2/repository/org/apache/kerby/kerb-server/1.0.1/kerb-server-1.0.1.jar:/home/runner/.m2/repository/org/apache/kerby/kerb-identity/1.0.1/kerb-identity-1.0.1.jar:/home/runner/.m2/repository/org/apache/kerby/kerby-xdr/1.0.1/kerby-xdr-1.0.1.jar:/home/runner/.m2/repository/org/slf4j/slf4j-log4j12/1.7.30/slf4j-log4j12-1.7.30.jar:/home/runner/.m2/repository/org/apache/ozone/ozone-s3gateway/1.3.0-SNAPSHOT/ozone-s3gateway-1.3.0-SNAPSHOT.jar:/home/runner/.m2/repository/org/javassist/javassist/3.21.0-GA/javassist-3.21.0-GA.jar:/home/runner/.m2/repository/org/jboss/weld/servlet/weld-servlet/2.4.7.Final/weld-servlet-2.4.7.Final.jar:/home/runner/.m2/repository/org/glassfish/jersey/containers/jersey-container-servlet-core/2.33/jersey-container-servlet-core-2.33.jar:/home/runner/.m2/repository/org/glassfish/hk2/external/jakarta.inject/2.6.1/jakarta.inject-2.6.1.jar:/home/runner/.m2/repository/org/glassfish/jersey/core/jersey-common/2.33/jersey-common-2.33.jar:/home/runner/.m2/repository/jakarta/ws/rs/jakarta.ws.rs-api/2.1.6/jakarta.ws.rs-api-2.1.6.jar:/home/runner/.m2/repository/org/glassfish/jersey/ext/cdi/jersey-cdi1x/2.33/jersey-cdi1x-2.33.jar:/home/runner/.m2/repository/org/glassfish/jersey/inject/jersey-hk2/2.33/jersey-hk2-2.33.jar:/home/runner/.m2/repository/org/glassfish/hk2/hk2-locator/2.6.1/hk2-locator-2.6.1.jar:/home/runner/.m2/repository/org/glassfish/jersey/media/jersey-media-jaxb/2.33/jersey-media-jaxb-2.33.jar:/home/runner/.m2/repository/org/glassfish/hk2/osgi-resource-locator/1.0.3/osgi-resource-locator-1.0.3.jar:/home/runner/.m2/repository/org/glassfish/hk2/hk2-api/2.5.0/hk2-api-2.5.0.jar:/home/runner/.m2/repository/org/glassfish/hk2/hk2-utils/2.5.0/hk2-utils-2.5.0.jar:/home/runner/.m2/repository/org/glassfish/hk2/external/aopalliance-repackaged/2.5.0/aopalliance-repackaged-2.5.0.jar:/home/runner/.m2/repository/com/fasterxml/jackson/dataformat/jackson-dataformat-xml/2.12.1/jackson-dataformat-xml-2.12.1.jar:/home/runner/.m2/repository/com/fasterxml/jackson/core/jackson-core/2.12.1/jackson-core-2.12.1.jar:/home/runner/.m2/repository/com/fasterxml/jackson/module/jackson-module-jaxb-annotations/2.12.1/jackson-module-jaxb-annotations-2.12.1.jar:/home/runner/.m2/repository/jakarta/xml/bind/jakarta.xml.bind-api/2.3.2/jakarta.xml.bind-api-2.3.2.jar:/home/runner/.m2/repository/org/codehaus/woodstox/stax2-api/3.1.4/stax2-api-3.1.4.jar:/home/runner/.m2/repository/com/fasterxml/woodstox/woodstox-core/5.0.3/woodstox-core-5.0.3.jar:/home/runner/.m2/repository/javax/enterprise/cdi-api/1.2/cdi-api-1.2.jar:/home/runner/.m2/repository/javax/el/javax.el-api/3.0.0/javax.el-api-3.0.0.jar:/home/runner/.m2/repository/javax/interceptor/javax.interceptor-api/1.2/javax.interceptor-api-1.2.jar:/home/runner/.m2/repository/javax/inject/javax.inject/1/javax.inject-1.jar:/home/runner/.m2/repository/javax/xml/bind/jaxb-api/2.3.0/jaxb-api-2.3.0.jar:/home/runner/.m2/repository/org/glassfish/jaxb/jaxb-runtime/2.3.0.1/jaxb-runtime-2.3.0.1.jar:/home/runner/.m2/repository/org/glassfish/jaxb/jaxb-core/2.3.0.1/jaxb-core-2.3.0.1.jar:/home/runner/.m2/repository/org/glassfish/jaxb/txw2/2.3.0.1/txw2-2.3.0.1.jar:/home/runner/.m2/repository/com/sun/istack/istack-commons-runtime/3.0.5/istack-commons-runtime-3.0.5.jar:/home/runner/.m2/repository/org/jvnet/staxex/stax-ex/1.7.8/stax-ex-1.7.8.jar:/home/runner/.m2/repository/com/sun/xml/fastinfoset/FastInfoset/1.2.13/FastInfoset-1.2.13.jar:/home/runner/.m2/repository/javax/activation/activation/1.1.1/activation-1.1.1.jar:/home/runner/.m2/repository/org/apache/ozone/ozone-csi/1.3.0-SNAPSHOT/ozone-csi-1.3.0-SNAPSHOT.jar:/home/runner/.m2/repository/com/google/protobuf/protobuf-java-util/3.12.0/protobuf-java-util-3.12.0.jar:/home/runner/.m2/repository/com/google/code/gson/gson/2.2.4/gson-2.2.4.jar:/home/runner/.m2/repository/org/apache/ozone/hdds-config/1.3.0-SNAPSHOT/hdds-config-1.3.0-SNAPSHOT.jar:/home/runner/.m2/repository/io/grpc/grpc-netty/1.33.0/grpc-netty-1.33.0.jar:/home/runner/.m2/repository/io/grpc/grpc-core/1.33.0/grpc-core-1.33.0.jar:/home/runner/.m2/repository/com/google/android/annotations/4.1.1.4/annotations-4.1.1.4.jar:/home/runner/.m2/repository/io/netty/netty-codec-http2/4.1.63.Final/netty-codec-http2-4.1.63.Final.jar:/home/runner/.m2/repository/io/netty/netty-codec-http/4.1.63.Final/netty-codec-http-4.1.63.Final.jar:/home/runner/.m2/repository/io/netty/netty-handler-proxy/4.1.63.Final/netty-handler-proxy-4.1.63.Final.jar:/home/runner/.m2/repository/io/netty/netty-codec-socks/4.1.63.Final/netty-codec-socks-4.1.63.Final.jar:/home/runner/.m2/repository/io/perfmark/perfmark-api/0.19.0/perfmark-api-0.19.0.jar:/home/runner/.m2/repository/org/codehaus/mojo/animal-sniffer-annotations/1.18/animal-sniffer-annotations-1.18.jar:/home/runner/.m2/repository/io/netty/netty-transport-native-epoll/4.1.63.Final/netty-transport-native-epoll-4.1.63.Final.jar:/home/runner/.m2/repository/io/netty/netty-common/4.1.63.Final/netty-common-4.1.63.Final.jar:/home/runner/.m2/repository/io/netty/netty-buffer/4.1.63.Final/netty-buffer-4.1.63.Final.jar:/home/runner/.m2/repository/io/netty/netty-transport-native-unix-common/4.1.63.Final/netty-transport-native-unix-common-4.1.63.Final.jar:/home/runner/.m2/repository/io/grpc/grpc-protobuf/1.33.0/grpc-protobuf-1.33.0.jar:/home/runner/.m2/repository/io/grpc/grpc-api/1.33.0/grpc-api-1.33.0.jar:/home/runner/.m2/repository/io/grpc/grpc-context/1.33.0/grpc-context-1.33.0.jar:/home/runner/.m2/repository/com/google/api/grpc/proto-google-common-protos/1.17.0/proto-google-common-protos-1.17.0.jar:/home/runner/.m2/repository/io/grpc/grpc-protobuf-lite/1.33.0/grpc-protobuf-lite-1.33.0.jar:/home/runner/.m2/repository/io/grpc/grpc-stub/1.33.0/grpc-stub-1.33.0.jar:/home/runner/.m2/repository/org/apache/ozone/ozone-recon/1.3.0-SNAPSHOT/ozone-recon-1.3.0-SNAPSHOT.jar:/home/runner/.m2/repository/org/apache/ozone/ozone-reconcodegen/1.3.0-SNAPSHOT/ozone-reconcodegen-1.3.0-SNAPSHOT.jar:/home/runner/.m2/repository/com/google/inject/extensions/guice-multibindings/4.0/guice-multibindings-4.0.jar:/home/runner/.m2/repository/com/google/inject/guice/4.0/guice-4.0.jar:/home/runner/.m2/repository/aopalliance/aopalliance/1.0/aopalliance-1.0.jar:/home/runner/.m2/repository/com/google/inject/extensions/guice-assistedinject/4.0/guice-assistedinject-4.0.jar:/home/runner/.m2/repository/com/google/inject/extensions/guice-servlet/4.0/guice-servlet-4.0.jar:/home/runner/.m2/repository/org/glassfish/jersey/containers/jersey-container-servlet/2.33/jersey-container-servlet-2.33.jar:/home/runner/.m2/repository/org/glassfish/hk2/guice-bridge/2.5.0/guice-bridge-2.5.0.jar:/home/runner/.m2/repository/org/glassfish/jersey/core/jersey-server/2.33/jersey-server-2.33.jar:/home/runner/.m2/repository/org/glassfish/jersey/core/jersey-client/2.33/jersey-client-2.33.jar:/home/runner/.m2/repository/jakarta/annotation/jakarta.annotation-api/1.3.5/jakarta.annotation-api-1.3.5.jar:/home/runner/.m2/repository/jakarta/validation/jakarta.validation-api/2.0.2/jakarta.validation-api-2.0.2.jar:/home/runner/.m2/repository/org/glassfish/jersey/media/jersey-media-json-jackson/2.33/jersey-media-json-jackson-2.33.jar:/home/runner/.m2/repository/org/glassfish/jersey/ext/jersey-entity-filtering/2.33/jersey-entity-filtering-2.33.jar:/home/runner/.m2/repository/org/jooq/jooq/3.11.10/jooq-3.11.10.jar:/home/runner/.m2/repository/org/jooq/jooq-meta/3.11.10/jooq-meta-3.11.10.jar:/home/runner/.m2/repository/org/jooq/jooq-codegen/3.11.10/jooq-codegen-3.11.10.jar:/home/runner/.m2/repository/com/jolbox/bonecp/0.8.0.RELEASE/bonecp-0.8.0.RELEASE.jar:/home/runner/.m2/repository/org/apache/derby/derby/10.14.2.0/derby-10.14.2.0.jar:/home/runner/.m2/repository/org/xerial/sqlite-jdbc/3.25.2/sqlite-jdbc-3.25.2.jar:/home/runner/.m2/repository/org/springframework/spring-jdbc/5.2.18.RELEASE/spring-jdbc-5.2.18.RELEASE.jar:/home/runner/.m2/repository/org/springframework/spring-beans/5.2.18.RELEASE/spring-beans-5.2.18.RELEASE.jar:/home/runner/.m2/repository/org/springframework/spring-core/5.2.18.RELEASE/spring-core-5.2.18.RELEASE.jar:/home/runner/.m2/repository/org/springframework/spring-jcl/5.2.18.RELEASE/spring-jcl-5.2.18.RELEASE.jar:/home/runner/.m2/repository/org/springframework/spring-tx/5.2.18.RELEASE/spring-tx-5.2.18.RELEASE.jar:/home/runner/.m2/repository/org/apache/ozone/ozone-client/1.3.0-SNAPSHOT/ozone-client-1.3.0-SNAPSHOT.jar:/home/runner/.m2/repository/org/apache/ozone/ozone-filesystem/1.3.0-SNAPSHOT/ozone-filesystem-1.3.0-SNAPSHOT.jar:/home/runner/.m2/repository/org/apache/ozone/ozone-filesystem-common/1.3.0-SNAPSHOT/ozone-filesystem-common-1.3.0-SNAPSHOT.jar:/home/runner/.m2/repository/org/apache/ozone/ozone-tools/1.3.0-SNAPSHOT/ozone-tools-1.3.0-SNAPSHOT.jar:/home/runner/.m2/repository/org/apache/ratis/ratis-tools/2.2.0/ratis-tools-2.2.0.jar:/home/runner/.m2/repository/com/amazonaws/aws-java-sdk-core/1.12.124/aws-java-sdk-core-1.12.124.jar:/home/runner/.m2/repository/org/apache/httpcomponents/httpclient/4.5.13/httpclient-4.5.13.jar:/home/runner/.m2/repository/org/apache/httpcomponents/httpcore/4.4.13/httpcore-4.4.13.jar:/home/runner/.m2/repository/software/amazon/ion/ion-java/1.0.2/ion-java-1.0.2.jar:/home/runner/.m2/repository/com/fasterxml/jackson/dataformat/jackson-dataformat-cbor/2.12.1/jackson-dataformat-cbor-2.12.1.jar:/home/runner/.m2/repository/joda-time/joda-time/2.8.1/joda-time-2.8.1.jar:/home/runner/.m2/repository/com/amazonaws/aws-java-sdk-s3/1.12.124/aws-java-sdk-s3-1.12.124.jar:/home/runner/.m2/repository/com/amazonaws/aws-java-sdk-kms/1.12.124/aws-java-sdk-kms-1.12.124.jar:/home/runner/.m2/repository/com/amazonaws/jmespath-java/1.12.124/jmespath-java-1.12.124.jar:/home/runner/.m2/repository/org/kohsuke/metainf-services/metainf-services/1.8/metainf-services-1.8.jar:/home/runner/.m2/repository/org/apache/ozone/hdds-tools/1.3.0-SNAPSHOT/hdds-tools-1.3.0-SNAPSHOT.jar:/home/runner/.m2/repository/commons-cli/commons-cli/1.2/commons-cli-1.2.jar:/home/runner/.m2/repository/org/apache/commons/commons-lang3/3.7/commons-lang3-3.7.jar:/home/runner/.m2/repository/org/apache/ozone/ozone-manager/1.3.0-SNAPSHOT/ozone-manager-1.3.0-SNAPSHOT-tests.jar:/home/runner/.m2/repository/org/apache/ozone/hdds-common/1.3.0-SNAPSHOT/hdds-common-1.3.0-SNAPSHOT-tests.jar:/home/runner/.m2/repository/org/apache/ozone/hdds-hadoop-dependency-client/1.3.0-SNAPSHOT/hdds-hadoop-dependency-client-1.3.0-SNAPSHOT.jar:/home/runner/.m2/repository/info/picocli/picocli/4.6.1/picocli-4.6.1.jar:/home/runner/.m2/repository/com/fasterxml/jackson/core/jackson-annotations/2.12.1/jackson-annotations-2.12.1.jar:/home/runner/.m2/repository/javax/annotation/javax.annotation-api/1.2/javax.annotation-api-1.2.jar:/home/runner/.m2/repository/org/apache/ratis/ratis-server/2.2.0/ratis-server-2.2.0.jar:/home/runner/.m2/repository/org/apache/ratis/ratis-client/2.2.0/ratis-client-2.2.0.jar:/home/runner/.m2/repository/org/apache/ratis/ratis-server-api/2.2.0/ratis-server-api-2.2.0.jar:/home/runner/.m2/repository/org/apache/ratis/ratis-metrics/2.2.0/ratis-metrics-2.2.0.jar:/home/runner/.m2/repository/org/apache/ratis/ratis-netty/2.2.0/ratis-netty-2.2.0.jar:/home/runner/.m2/repository/org/apache/ratis/ratis-grpc/2.2.0/ratis-grpc-2.2.0.jar:/home/runner/.m2/repository/org/apache/logging/log4j/log4j-api/2.17.1/log4j-api-2.17.1.jar:/home/runner/.m2/repository/org/apache/logging/log4j/log4j-core/2.17.1/log4j-core-2.17.1.jar:/home/runner/.m2/repository/com/lmax/disruptor/3.4.2/disruptor-3.4.2.jar:/home/runner/.m2/repository/org/apache/commons/commons-pool2/2.6.0/commons-pool2-2.6.0.jar:/home/runner/.m2/repository/org/bouncycastle/bcpkix-jdk15on/1.67/bcpkix-jdk15on-1.67.jar:/home/runner/.m2/repository/commons-validator/commons-validator/1.6/commons-validator-1.6.jar:/home/runner/.m2/repository/commons-beanutils/commons-beanutils/1.9.4/commons-beanutils-1.9.4.jar:/home/runner/.m2/repository/commons-digester/commons-digester/1.8.1/commons-digester-1.8.1.jar:/home/runner/.m2/repository/commons-collections/commons-collections/3.2.2/commons-collections-3.2.2.jar:/home/runner/.m2/repository/io/jaegertracing/jaeger-client/1.6.0/jaeger-client-1.6.0.jar:/home/runner/.m2/repository/io/jaegertracing/jaeger-thrift/1.6.0/jaeger-thrift-1.6.0.jar:/home/runner/.m2/repository/org/apache/thrift/libthrift/0.14.1/libthrift-0.14.1.jar:/home/runner/.m2/repository/com/squareup/okhttp3/okhttp/4.9.0/okhttp-4.9.0.jar:/home/runner/.m2/repository/com/squareup/okio/okio/2.8.0/okio-2.8.0.jar:/home/runner/.m2/repository/io/jaegertracing/jaeger-core/1.6.0/jaeger-core-1.6.0.jar:/home/runner/.m2/repository/io/jaegertracing/jaeger-tracerresolver/1.6.0/jaeger-tracerresolver-1.6.0.jar:/home/runner/.m2/repository/io/opentracing/contrib/opentracing-tracerresolver/0.1.8/opentracing-tracerresolver-0.1.8.jar:/home/runner/.m2/repository/org/jetbrains/kotlin/kotlin-stdlib/1.4.31/kotlin-stdlib-1.4.31.jar:/home/runner/.m2/repository/org/jetbrains/kotlin/kotlin-stdlib-common/1.4.31/kotlin-stdlib-common-1.4.31.jar:/home/runner/.m2/repository/org/jetbrains/annotations/13.0/annotations-13.0.jar:/home/runner/.m2/repository/io/opentracing/opentracing-util/0.33.0/opentracing-util-0.33.0.jar:/home/runner/.m2/repository/io/opentracing/opentracing-api/0.33.0/opentracing-api-0.33.0.jar:/home/runner/.m2/repository/io/opentracing/opentracing-noop/0.33.0/opentracing-noop-0.33.0.jar:/home/runner/.m2/repository/org/yaml/snakeyaml/1.26/snakeyaml-1.26.jar:/home/runner/.m2/repository/org/apache/ozone/hdds-interface-admin/1.3.0-SNAPSHOT/hdds-interface-admin-1.3.0-SNAPSHOT.jar:/home/runner/.m2/repository/junit/junit/4.13.1/junit-4.13.1.jar:/home/runner/.m2/repository/org/hamcrest/hamcrest-core/1.3/hamcrest-core-1.3.jar:/home/runner/.m2/repository/org/junit/jupiter/junit-jupiter-api/5.7.0/junit-jupiter-api-5.7.0.jar:/home/runner/.m2/repository/org/apiguardian/apiguardian-api/1.1.0/apiguardian-api-1.1.0.jar:/home/runner/.m2/repository/org/opentest4j/opentest4j/1.2.0/opentest4j-1.2.0.jar:/home/runner/.m2/repository/org/junit/platform/junit-platform-commons/1.7.0/junit-platform-commons-1.7.0.jar:/home/runner/.m2/repository/org/junit/jupiter/junit-jupiter-engine/5.7.0/junit-jupiter-engine-5.7.0.jar:/home/runner/.m2/repository/org/junit/platform/junit-platform-engine/1.7.0/junit-platform-engine-1.7.0.jar:/home/runner/.m2/repository/org/junit/vintage/junit-vintage-engine/5.7.0/junit-vintage-engine-5.7.0.jar:/home/runner/.m2/repository/org/junit/platform/junit-platform-launcher/1.7.0/junit-platform-launcher-1.7.0.jar:/home/runner/.m2/repository/org/mockito/mockito-core/2.28.2/mockito-core-2.28.2.jar:/home/runner/.m2/repository/net/bytebuddy/byte-buddy/1.9.10/byte-buddy-1.9.10.jar:/home/runner/.m2/repository/net/bytebuddy/byte-buddy-agent/1.9.10/byte-buddy-agent-1.9.10.jar:/home/runner/.m2/repository/org/objenesis/objenesis/1.0/objenesis-1.0.jar:/home/runner/.m2/repository/org/apache/hadoop/hadoop-kms/3.3.1/hadoop-kms-3.3.1.jar:/home/runner/.m2/repository/org/apache/hadoop/hadoop-auth/3.3.1/hadoop-auth-3.3.1.jar:/home/runner/.m2/repository/com/nimbusds/nimbus-jose-jwt/7.9/nimbus-jose-jwt-7.9.jar:/home/runner/.m2/repository/com/github/stephenc/jcip/jcip-annotations/1.0-1/jcip-annotations-1.0-1.jar:/home/runner/.m2/repository/net/minidev/json-smart/2.4.7/json-smart-2.4.7.jar:/home/runner/.m2/repository/net/minidev/accessors-smart/2.4.7/accessors-smart-2.4.7.jar:/home/runner/.m2/repository/org/ow2/asm/asm/5.0.4/asm-5.0.4.jar:/home/runner/.m2/repository/org/apache/zookeeper/zookeeper/3.5.6/zookeeper-3.5.6.jar:/home/runner/.m2/repository/org/apache/zookeeper/zookeeper-jute/3.5.6/zookeeper-jute-3.5.6.jar:/home/runner/.m2/repository/org/apache/yetus/audience-annotations/0.5.0/audience-annotations-0.5.0.jar:/home/runner/.m2/repository/org/apache/curator/curator-framework/4.2.0/curator-framework-4.2.0.jar:/home/runner/.m2/repository/org/apache/hadoop/thirdparty/hadoop-shaded-guava/1.1.1/hadoop-shaded-guava-1.1.1.jar:/home/runner/.m2/repository/com/sun/jersey/jersey-core/1.19/jersey-core-1.19.jar:/home/runner/.m2/repository/javax/ws/rs/jsr311-api/1.1.1/jsr311-api-1.1.1.jar:/home/runner/.m2/repository/com/sun/jersey/jersey-server/1.19/jersey-server-1.19.jar:/home/runner/.m2/repository/javax/servlet/javax.servlet-api/3.1.0/javax.servlet-api-3.1.0.jar:/home/runner/.m2/repository/org/eclipse/jetty/jetty-server/9.4.43.v20210629/jetty-server-9.4.43.v20210629.jar:/home/runner/.m2/repository/org/eclipse/jetty/jetty-http/9.4.43.v20210629/jetty-http-9.4.43.v20210629.jar:/home/runner/.m2/repository/org/eclipse/jetty/jetty-io/9.4.43.v20210629/jetty-io-9.4.43.v20210629.jar:/home/runner/.m2/repository/org/eclipse/jetty/jetty-webapp/9.4.43.v20210629/jetty-webapp-9.4.43.v20210629.jar:/home/runner/.m2/repository/org/eclipse/jetty/jetty-xml/9.4.43.v20210629/jetty-xml-9.4.43.v20210629.jar:/home/runner/.m2/repository/org/apache/hadoop/hadoop-common/3.3.1/hadoop-common-3.3.1.jar:/home/runner/.m2/repository/org/apache/commons/commons-math3/3.1.1/commons-math3-3.1.1.jar:/home/runner/.m2/repository/commons-net/commons-net/3.6/commons-net-3.6.jar:/home/runner/.m2/repository/jakarta/activation/jakarta.activation-api/1.2.1/jakarta.activation-api-1.2.1.jar:/home/runner/.m2/repository/com/sun/jersey/jersey-servlet/1.19/jersey-servlet-1.19.jar:/home/runner/.m2/repository/com/sun/jersey/jersey-json/1.19/jersey-json-1.19.jar:/home/runner/.m2/repository/org/codehaus/jettison/jettison/1.1/jettison-1.1.jar:/home/runner/.m2/repository/com/sun/xml/bind/jaxb-impl/2.2.3-1/jaxb-impl-2.2.3-1.jar:/home/runner/.m2/repository/org/codehaus/jackson/jackson-jaxrs/1.9.2/jackson-jaxrs-1.9.2.jar:/home/runner/.m2/repository/org/codehaus/jackson/jackson-xc/1.9.2/jackson-xc-1.9.2.jar:/home/runner/.m2/repository/org/apache/commons/commons-configuration2/2.1.1/commons-configuration2-2.1.1.jar:/home/runner/.m2/repository/org/apache/commons/commons-text/1.4/commons-text-1.4.jar:/home/runner/.m2/repository/com/google/re2j/re2j/1.1/re2j-1.1.jar:/home/runner/.m2/repository/com/jcraft/jsch/0.1.54/jsch-0.1.54.jar:/home/runner/.m2/repository/org/apache/curator/curator-client/4.2.0/curator-client-4.2.0.jar:/home/runner/.m2/repository/org/apache/curator/curator-recipes/4.2.0/curator-recipes-4.2.0.jar:/home/runner/.m2/repository/org/apache/kerby/kerb-core/1.0.1/kerb-core-1.0.1.jar:/home/runner/.m2/repository/org/apache/kerby/kerby-pkix/1.0.1/kerby-pkix-1.0.1.jar:/home/runner/.m2/repository/org/apache/kerby/kerby-asn1/1.0.1/kerby-asn1-1.0.1.jar:/home/runner/.m2/repository/org/apache/kerby/kerby-util/1.0.1/kerby-util-1.0.1.jar:/home/runner/.m2/repository/dnsjava/dnsjava/2.1.7/dnsjava-2.1.7.jar:/home/runner/.m2/repository/org/xerial/snappy/snappy-java/1.1.8.2/snappy-java-1.1.8.2.jar:/home/runner/.m2/repository/org/slf4j/jul-to-slf4j/1.7.30/jul-to-slf4j-1.7.30.jar:/home/runner/.m2/repository/org/eclipse/jetty/jetty-util/9.4.43.v20210629/jetty-util-9.4.43.v20210629.jar:/home/runner/.m2/repository/com/fasterxml/jackson/core/jackson-databind/2.12.1/jackson-databind-2.12.1.jar:/home/runner/.m2/repository/org/apache/hadoop/hadoop-kms/3.3.1/hadoop-kms-3.3.1-tests.jar:/home/runner/.m2/repository/org/apache/ozone/hdds-server-scm/1.3.0-SNAPSHOT/hdds-server-scm-1.3.0-SNAPSHOT-tests.jar:/home/runner/.m2/repository/org/apache/ozone/hdds-container-service/1.3.0-SNAPSHOT/hdds-container-service-1.3.0-SNAPSHOT-tests.jar:/home/runner/.m2/repository/commons-codec/commons-codec/1.11/commons-codec-1.11.jar:/home/runner/.m2/repository/io/netty/netty-transport/4.1.63.Final/netty-transport-4.1.63.Final.jar:/home/runner/.m2/repository/io/netty/netty-resolver/4.1.63.Final/netty-resolver-4.1.63.Final.jar:/home/runner/.m2/repository/io/netty/netty-codec/4.1.63.Final/netty-codec-4.1.63.Final.jar:/home/runner/.m2/repository/io/netty/netty-handler/4.1.63.Final/netty-handler-4.1.63.Final.jar:/home/runner/.m2/repository/org/apache/ozone/hdds-hadoop-dependency-test/1.3.0-SNAPSHOT/hdds-hadoop-dependency-test-1.3.0-SNAPSHOT.jar:/home/runner/.m2/repository/org/apache/hadoop/hadoop-common/3.3.1/hadoop-common-3.3.1-tests.jar:/home/runner/.m2/repository/org/assertj/assertj-core/3.12.2/assertj-core-3.12.2.jar:/home/runner/.m2/repository/org/apache/hadoop/hadoop-hdfs/3.3.1/hadoop-hdfs-3.3.1-tests.jar:/home/runner/.m2/repository/org/eclipse/jetty/jetty-util-ajax/9.4.43.v20210629/jetty-util-ajax-9.4.43.v20210629.jar:/home/runner/.m2/repository/commons-daemon/commons-daemon/1.0.13/commons-daemon-1.0.13.jar:/home/runner/.m2/repository/io/netty/netty/3.10.6.Final/netty-3.10.6.Final.jar:/home/runner/.m2/repository/io/netty/netty-all/4.1.63.Final/netty-all-4.1.63.Final.jar:/home/runner/.m2/repository/org/apache/htrace/htrace-core4/4.1.0-incubating/htrace-core4-4.1.0-incubating.jar:/home/runner/.m2/repository/org/fusesource/leveldbjni/leveldbjni-all/1.8/leveldbjni-all-1.8.jar:/home/runner/.m2/repository/org/apache/hadoop/hadoop-distcp/3.3.1/hadoop-distcp-3.3.1.jar:/home/runner/.m2/repository/org/apache/hadoop/hadoop-mapreduce-client-jobclient/3.3.1/hadoop-mapreduce-client-jobclient-3.3.1.jar:/home/runner/.m2/repository/org/apache/hadoop/hadoop-mapreduce-client-common/3.3.1/hadoop-mapreduce-client-common-3.3.1.jar:/home/runner/.m2/repository/org/apache/hadoop/hadoop-yarn-common/3.3.1/hadoop-yarn-common-3.3.1.jar:/home/runner/.m2/repository/org/apache/hadoop/hadoop-yarn-api/3.3.1/hadoop-yarn-api-3.3.1.jar:/home/runner/.m2/repository/com/sun/jersey/jersey-client/1.19/jersey-client-1.19.jar:/home/runner/.m2/repository/com/sun/jersey/contribs/jersey-guice/1.19/jersey-guice-1.19.jar:/home/runner/.m2/repository/com/fasterxml/jackson/jaxrs/jackson-jaxrs-json-provider/2.12.1/jackson-jaxrs-json-provider-2.12.1.jar:/home/runner/.m2/repository/com/fasterxml/jackson/jaxrs/jackson-jaxrs-base/2.12.1/jackson-jaxrs-base-2.12.1.jar:/home/runner/.m2/repository/org/apache/hadoop/hadoop-yarn-client/3.3.1/hadoop-yarn-client-3.3.1.jar:/home/runner/.m2/repository/org/eclipse/jetty/websocket/websocket-client/9.4.40.v20210413/websocket-client-9.4.40.v20210413.jar:/home/runner/.m2/repository/org/eclipse/jetty/jetty-client/9.4.40.v20210413/jetty-client-9.4.40.v20210413.jar:/home/runner/.m2/repository/org/eclipse/jetty/websocket/websocket-common/9.4.40.v20210413/websocket-common-9.4.40.v20210413.jar:/home/runner/.m2/repository/org/eclipse/jetty/websocket/websocket-api/9.4.40.v20210413/websocket-api-9.4.40.v20210413.jar:/home/runner/.m2/repository/org/jline/jline/3.9.0/jline-3.9.0.jar:/home/runner/.m2/repository/org/apache/hadoop/hadoop-mapreduce-client-core/3.3.1/hadoop-mapreduce-client-core-3.3.1.jar:/home/runner/.m2/repository/org/apache/avro/avro/1.7.7/avro-1.7.7.jar:/home/runner/.m2/repository/org/codehaus/jackson/jackson-core-asl/1.9.13/jackson-core-asl-1.9.13.jar:/home/runner/.m2/repository/org/codehaus/jackson/jackson-mapper-asl/1.9.13/jackson-mapper-asl-1.9.13.jar:/home/runner/.m2/repository/com/thoughtworks/paranamer/paranamer/2.3/paranamer-2.3.jar:/home/runner/.m2/repository/org/apache/hadoop/hadoop-annotations/3.3.1/hadoop-annotations-3.3.1.jar:/usr/lib/jvm/temurin-8-jdk-amd64/jre/../lib/tools.jar:/home/runner/.m2/repository/org/apache/hadoop/hadoop-distcp/3.3.1/hadoop-distcp-3.3.1-tests.jar:/home/runner/.m2/repository/org/apache/ratis/ratis-common/2.2.0/ratis-common-2.2.0.jar:/home/runner/.m2/repository/org/apache/ratis/ratis-thirdparty-misc/0.7.0/ratis-thirdparty-misc-0.7.0.jar:/home/runner/.m2/repository/org/apache/ratis/ratis-proto/2.2.0/ratis-proto-2.2.0.jar:"/>
    <property name="sun.cpu.endian" value="little"/>
    <property name="user.home" value="/home/runner"/>
    <property name="user.language" value="en"/>
    <property name="java.specification.vendor" value="Oracle Corporation"/>
    <property name="java.home" value="/usr/lib/jvm/temurin-8-jdk-amd64/jre"/>
    <property name="java.security.krb5.conf" value="/home/runner/work/ozone/ozone/hadoop-ozone/integration-test/target/test-classes/krb5.conf"/>
    <property name="basedir" value="/home/runner/work/ozone/ozone/hadoop-ozone/integration-test"/>
    <property name="file.separator" value="/"/>
    <property name="line.separator" value="&#10;"/>
    <property name="java.vm.specification.vendor" value="Oracle Corporation"/>
    <property name="java.specification.name" value="Java Platform API Specification"/>
    <property name="java.awt.graphicsenv" value="sun.awt.X11GraphicsEnvironment"/>
    <property name="skip.installnpx" value="true"/>
    <property name="surefire.real.class.path" value="/home/runner/work/ozone/ozone/hadoop-ozone/integration-test/target/surefire/surefirebooter6922567611202969050.jar:/home/runner/.m2/repository/org/jacoco/org.jacoco.agent/0.8.5/org.jacoco.agent-0.8.5-runtime.jar"/>
    <property name="hadoop.log.dir" value="/home/runner/work/ozone/ozone/hadoop-ozone/integration-test/target/log"/>
    <property name="sun.boot.class.path" value="/usr/lib/jvm/temurin-8-jdk-amd64/jre/lib/resources.jar:/usr/lib/jvm/temurin-8-jdk-amd64/jre/lib/rt.jar:/usr/lib/jvm/temurin-8-jdk-amd64/jre/lib/sunrsasign.jar:/usr/lib/jvm/temurin-8-jdk-amd64/jre/lib/jsse.jar:/usr/lib/jvm/temurin-8-jdk-amd64/jre/lib/jce.jar:/usr/lib/jvm/temurin-8-jdk-amd64/jre/lib/charsets.jar:/usr/lib/jvm/temurin-8-jdk-amd64/jre/lib/jfr.jar:/usr/lib/jvm/temurin-8-jdk-amd64/jre/classes"/>
    <property name="sun.management.compiler" value="HotSpot 64-Bit Tiered Compilers"/>
    <property name="skip.npx" value="true"/>
    <property name="java.runtime.version" value="1.8.0_322-b06"/>
    <property name="java.net.preferIPv4Stack" value="true"/>
    <property name="user.name" value="runner"/>
    <property name="path.separator" value=":"/>
    <property name="java.security.egd" value="file:///dev/urandom"/>
    <property name="os.version" value="5.4.0-1070-azure"/>
    <property name="java.endorsed.dirs" value="/usr/lib/jvm/temurin-8-jdk-amd64/jre/lib/endorsed"/>
    <property name="java.runtime.name" value="OpenJDK Runtime Environment"/>
    <property name="file.encoding" value="UTF-8"/>
    <property name="java.vm.name" value="OpenJDK 64-Bit Server VM"/>
    <property name="test.build.webapps" value=""/>
    <property name="localRepository" value="/home/runner/.m2/repository"/>
    <property name="java.vendor.url.bug" value="https://github.com/adoptium/adoptium-support/issues"/>
    <property name="java.io.tmpdir" value="/tmp"/>
    <property name="require.test.libhadoop" value=""/>
    <property name="java.version" value="1.8.0_322"/>
    <property name="user.dir" value="/home/runner/work/ozone/ozone/hadoop-ozone/integration-test"/>
    <property name="os.arch" value="amd64"/>
    <property name="java.vm.specification.name" value="Java Virtual Machine Specification"/>
    <property name="test.build.classes" value="/home/runner/work/ozone/ozone/hadoop-ozone/integration-test/target/test-classes"/>
    <property name="java.awt.printerjob" value="sun.print.PSPrinterJob"/>
    <property name="sun.os.patch.level" value="unknown"/>
    <property name="hadoop.tmp.dir" value="/home/runner/work/ozone/ozone/hadoop-ozone/integration-test/target/tmp"/>
    <property name="java.library.path" value="/usr/java/packages/lib/amd64:/usr/lib64:/lib64:/lib:/usr/lib"/>
    <property name="java.vm.info" value="mixed mode"/>
    <property name="java.vendor" value="Temurin"/>
    <property name="java.vm.version" value="25.322-b06"/>
    <property name="java.ext.dirs" value="/usr/lib/jvm/temurin-8-jdk-amd64/jre/lib/ext:/usr/java/packages/lib/ext"/>
    <property name="sun.io.unicode.encoding" value="UnicodeLittle"/>
    <property name="java.class.version" value="52.0"/>
  </properties>
  <testcase name="testMultipleDataDirs" classname="org.apache.hadoop.ozone.TestMiniOzoneCluster" time="31.362"/>
  <testcase name="testStartMultipleDatanodes" classname="org.apache.hadoop.ozone.TestMiniOzoneCluster" time="51.371"/>
  <testcase name="testDNstartAfterSCM" classname="org.apache.hadoop.ozone.TestMiniOzoneCluster" time="120.795">
    <error message="test timed out after 100000 milliseconds" type="org.junit.runners.model.TestTimedOutException">org.junit.runners.model.TestTimedOutException: test timed out after 100000 milliseconds
	at java.lang.Thread.sleep(Native Method)
	at org.apache.ozone.test.GenericTestUtils.waitFor(GenericTestUtils.java:218)
	at org.apache.hadoop.ozone.MiniOzoneClusterImpl.waitForSCMToBeReady(MiniOzoneClusterImpl.java:196)
	at org.apache.hadoop.ozone.MiniOzoneClusterImpl.waitForClusterToBeReady(MiniOzoneClusterImpl.java:211)
	at org.apache.hadoop.ozone.MiniOzoneClusterImpl.restartStorageContainerManager(MiniOzoneClusterImpl.java:363)
	at org.apache.hadoop.ozone.TestMiniOzoneCluster.testDNstartAfterSCM(TestMiniOzoneCluster.java:339)
	at sun.reflect.NativeMethodAccessorImpl.invoke0(Native Method)
	at sun.reflect.NativeMethodAccessorImpl.invoke(NativeMethodAccessorImpl.java:62)
	at sun.reflect.DelegatingMethodAccessorImpl.invoke(DelegatingMethodAccessorImpl.java:43)
	at java.lang.reflect.Method.invoke(Method.java:498)
	at org.junit.runners.model.FrameworkMethod$1.runReflectiveCall(FrameworkMethod.java:59)
	at org.junit.internal.runners.model.ReflectiveCallable.run(ReflectiveCallable.java:12)
	at org.junit.runners.model.FrameworkMethod.invokeExplosively(FrameworkMethod.java:56)
	at org.junit.internal.runners.statements.InvokeMethod.evaluate(InvokeMethod.java:17)
	at org.junit.internal.runners.statements.FailOnTimeout$CallableStatement.call(FailOnTimeout.java:288)
	at org.junit.internal.runners.statements.FailOnTimeout$CallableStatement.call(FailOnTimeout.java:282)
	at java.util.concurrent.FutureTask.run(FutureTask.java:266)
	at java.lang.Thread.run(Thread.java:750)
</error>
    <system-out><![CDATA[2022-03-06 23:38:17,498 [Time-limited test] WARN  server.ServerUtils (ServerUtils.java:getScmDbDir(148)) - ozone.scm.db.dirs is not configured. We recommend adding this setting. Falling back to ozone.metadata.dirs instead.
2022-03-06 23:38:17,513 [Time-limited test] INFO  ha.SCMHANodeDetails (SCMHANodeDetails.java:loadSCMHAConfig(157)) - ServiceID for StorageContainerManager is null
2022-03-06 23:38:17,513 [Time-limited test] INFO  ha.SCMHANodeDetails (SCMHANodeDetails.java:loadSCMHAConfig(162)) - ozone.scm.default.service.id is not defined, falling back to ozone.scm.service.ids to find serviceID for StorageContainerManager if it is HA enabled cluster
2022-03-06 23:38:17,515 [Time-limited test] INFO  server.RaftServer (ConfUtils.java:logGet(44)) - raft.rpc.type = GRPC (default)
2022-03-06 23:38:17,515 [Time-limited test] INFO  grpc.GrpcFactory (GrpcFactory.java:checkPooledByteBufAllocatorUseCacheForAllThreads(48)) - PERFORMANCE WARNING: useCacheForAllThreads is true that may cause Netty to create a lot garbage objects and, as a result, trigger GC.
	It is recommended to disable useCacheForAllThreads by setting -Dorg.apache.ratis.thirdparty.io.netty.allocator.useCacheForAllThreads=false in command line.
2022-03-06 23:38:17,520 [Time-limited test] INFO  grpc.GrpcConfigKeys (ConfUtils.java:logGet(44)) - raft.grpc.admin.port = -1 (default)
2022-03-06 23:38:17,524 [Time-limited test] INFO  grpc.GrpcConfigKeys (ConfUtils.java:logGet(44)) - raft.grpc.server.port = 9894 (custom)
2022-03-06 23:38:17,524 [Time-limited test] INFO  grpc.GrpcConfigKeys (ConfUtils.java:logGet(44)) - raft.grpc.client.port = -1 (default)
2022-03-06 23:38:17,524 [Time-limited test] INFO  grpc.GrpcConfigKeys (ConfUtils.java:logGet(44)) - raft.grpc.server.port = 9894 (custom)
2022-03-06 23:38:17,528 [Time-limited test] INFO  grpc.GrpcConfigKeys (ConfUtils.java:logGet(44)) - raft.grpc.server.port = 9894 (custom)
2022-03-06 23:38:17,528 [Time-limited test] INFO  server.GrpcService (ConfUtils.java:logGet(44)) - raft.grpc.message.size.max = 32m (=33554432) (custom)
2022-03-06 23:38:17,528 [Time-limited test] INFO  server.RaftServerConfigKeys (ConfUtils.java:logGet(44)) - raft.server.log.appender.buffer.byte-limit = 33554432 (custom)
2022-03-06 23:38:17,528 [Time-limited test] INFO  server.GrpcService (ConfUtils.java:logGet(44)) - raft.grpc.flow.control.window = 1MB (=1048576) (default)
2022-03-06 23:38:17,528 [Time-limited test] INFO  server.RaftServerConfigKeys (ConfUtils.java:logGet(44)) - raft.server.rpc.request.timeout = 30000ms (custom)
2022-03-06 23:38:17,531 [Time-limited test] INFO  impl.DataStreamServerImpl (ConfUtils.java:logGet(44)) - raft.datastream.type = DISABLED (default)
2022-03-06 23:38:17,531 [Time-limited test] INFO  server.RaftServerConfigKeys (ConfUtils.java:logGet(44)) - raft.server.rpc.slowness.timeout = 120000ms (custom)
2022-03-06 23:38:17,531 [Time-limited test] INFO  server.RaftServerConfigKeys (ConfUtils.java:logGet(44)) - raft.server.leaderelection.leader.step-down.wait-time = 10s (default)
2022-03-06 23:38:17,531 [Time-limited test] INFO  server.RaftServerConfigKeys (ConfUtils.java:logGet(44)) - raft.server.storage.dir = [/home/runner/work/ozone/ozone/hadoop-ozone/integration-test/target/test-dir/MiniOzoneClusterImpl-1620ac7c-bf10-4486-a396-49b527acbb1b/ozone-meta/scm-ha] (custom)
2022-03-06 23:38:17,533 [Time-limited test] INFO  server.RaftServer (RaftServerProxy.java:addNew(95)) - 6e71cd40-ad6e-421f-b1db-df6cb86c3193: addNew group-49B527ACBB1B:[6e71cd40-ad6e-421f-b1db-df6cb86c3193|rpc:fv-az148-899:9894|priority:0] returns group-49B527ACBB1B:java.util.concurrent.CompletableFuture@6d083d86[Not completed]
2022-03-06 23:38:17,536 [pool-209-thread-1] INFO  server.RaftServer$Division (RaftServerImpl.java:<init>(184)) - 6e71cd40-ad6e-421f-b1db-df6cb86c3193: new RaftServerImpl for group-49B527ACBB1B:[6e71cd40-ad6e-421f-b1db-df6cb86c3193|rpc:fv-az148-899:9894|priority:0] with SCMStateMachine:uninitialized
2022-03-06 23:38:17,548 [pool-209-thread-1] INFO  server.RaftServerConfigKeys (ConfUtils.java:logGet(44)) - raft.server.rpc.timeout.min = 5000ms (custom)
2022-03-06 23:38:17,548 [pool-209-thread-1] INFO  server.RaftServerConfigKeys (ConfUtils.java:logGet(44)) - raft.server.rpc.timeout.max = 5200ms (custom)
2022-03-06 23:38:17,548 [pool-209-thread-1] INFO  server.RaftServerConfigKeys (ConfUtils.java:logGet(44)) - raft.server.rpc.sleep.time = 25ms (default)
2022-03-06 23:38:17,548 [pool-209-thread-1] INFO  server.RaftServerConfigKeys (ConfUtils.java:logGet(44)) - raft.server.rpc.slowness.timeout = 120000ms (custom)
2022-03-06 23:38:17,548 [pool-209-thread-1] INFO  server.RaftServerConfigKeys (ConfUtils.java:logGet(44)) - raft.server.leaderelection.leader.step-down.wait-time = 10s (default)
2022-03-06 23:38:17,548 [pool-209-thread-1] INFO  server.RaftServerConfigKeys (ConfUtils.java:logGet(44)) - raft.server.sleep.deviation.threshold = 300ms (default)
2022-03-06 23:38:17,548 [pool-209-thread-1] INFO  server.RaftServerConfigKeys (ConfUtils.java:logGet(44)) - raft.server.log.appender.install.snapshot.enabled = false (custom)
2022-03-06 23:38:17,548 [pool-209-thread-1] INFO  server.RaftServer$Division (ServerState.java:<init>(105)) - 6e71cd40-ad6e-421f-b1db-df6cb86c3193@group-49B527ACBB1B: ConfigurationManager, init=-1: [6e71cd40-ad6e-421f-b1db-df6cb86c3193|rpc:fv-az148-899:9894|priority:0], old=null, confs=<EMPTY_MAP>
2022-03-06 23:38:17,548 [pool-209-thread-1] INFO  server.RaftServerConfigKeys (ConfUtils.java:logGet(44)) - raft.server.storage.dir = [/home/runner/work/ozone/ozone/hadoop-ozone/integration-test/target/test-dir/MiniOzoneClusterImpl-1620ac7c-bf10-4486-a396-49b527acbb1b/ozone-meta/scm-ha] (custom)
2022-03-06 23:38:17,549 [pool-209-thread-1] INFO  server.RaftServerConfigKeys (ConfUtils.java:logGet(44)) - raft.server.log.corruption.policy = EXCEPTION (default)
2022-03-06 23:38:17,549 [pool-209-thread-1] INFO  server.RaftServerConfigKeys (ConfUtils.java:logGet(44)) - raft.server.storage.free-space.min = 0MB (=0) (default)
2022-03-06 23:38:17,549 [pool-209-thread-1] INFO  storage.RaftStorageDirectory (RaftStorageDirectoryImpl.java:analyzeStorage(135)) - The storage directory /home/runner/work/ozone/ozone/hadoop-ozone/integration-test/target/test-dir/MiniOzoneClusterImpl-1620ac7c-bf10-4486-a396-49b527acbb1b/ozone-meta/scm-ha/1620ac7c-bf10-4486-a396-49b527acbb1b does not exist. Creating ...
2022-03-06 23:38:17,552 [pool-209-thread-1] INFO  storage.RaftStorageDirectory (RaftStorageDirectoryImpl.java:tryLock(230)) - Lock on /home/runner/work/ozone/ozone/hadoop-ozone/integration-test/target/test-dir/MiniOzoneClusterImpl-1620ac7c-bf10-4486-a396-49b527acbb1b/ozone-meta/scm-ha/1620ac7c-bf10-4486-a396-49b527acbb1b/in_use.lock acquired by nodename 21167@fv-az148-899
2022-03-06 23:38:17,556 [pool-209-thread-1] INFO  storage.RaftStorage (RaftStorageImpl.java:format(89)) - Storage directory /home/runner/work/ozone/ozone/hadoop-ozone/integration-test/target/test-dir/MiniOzoneClusterImpl-1620ac7c-bf10-4486-a396-49b527acbb1b/ozone-meta/scm-ha/1620ac7c-bf10-4486-a396-49b527acbb1b has been successfully formatted.
2022-03-06 23:38:17,557 [pool-209-thread-1] INFO  server.RaftServerConfigKeys (ConfUtils.java:logGet(44)) - raft.server.notification.no-leader.timeout = 60s (default)
2022-03-06 23:38:17,557 [pool-209-thread-1] INFO  server.RaftServerConfigKeys (ConfUtils.java:logGet(44)) - raft.server.log.use.memory = false (default)
2022-03-06 23:38:17,557 [pool-209-thread-1] INFO  server.RaftServerConfigKeys (ConfUtils.java:logGet(44)) - raft.server.log.purge.gap = 1000000 (custom)
2022-03-06 23:38:17,557 [pool-209-thread-1] INFO  server.RaftServerConfigKeys (ConfUtils.java:logGet(44)) - raft.server.log.appender.buffer.byte-limit = 33554432 (custom)
2022-03-06 23:38:17,557 [pool-209-thread-1] INFO  server.RaftServerConfigKeys (ConfUtils.java:logGet(44)) - raft.server.log.segment.size.max = 4194304 (custom)
2022-03-06 23:38:17,557 [pool-209-thread-1] INFO  server.RaftServerConfigKeys (ConfUtils.java:logGet(44)) - raft.server.log.segment.cache.num.max = 2 (custom)
2022-03-06 23:38:17,557 [pool-209-thread-1] INFO  server.RaftServerConfigKeys (ConfUtils.java:logGet(44)) - raft.server.log.segment.cache.size.max = 200MB (=209715200) (default)
2022-03-06 23:38:17,557 [pool-209-thread-1] INFO  segmented.SegmentedRaftLogWorker (SegmentedRaftLogWorker.java:<init>(182)) - new 6e71cd40-ad6e-421f-b1db-df6cb86c3193@group-49B527ACBB1B-SegmentedRaftLogWorker for RaftStorageImpl:Storage Directory /home/runner/work/ozone/ozone/hadoop-ozone/integration-test/target/test-dir/MiniOzoneClusterImpl-1620ac7c-bf10-4486-a396-49b527acbb1b/ozone-meta/scm-ha/1620ac7c-bf10-4486-a396-49b527acbb1b
2022-03-06 23:38:17,558 [pool-209-thread-1] INFO  server.RaftServerConfigKeys (ConfUtils.java:logGet(44)) - raft.server.log.queue.byte-limit = 64MB (=67108864) (default)
2022-03-06 23:38:17,558 [pool-209-thread-1] INFO  server.RaftServerConfigKeys (ConfUtils.java:logGet(44)) - raft.server.log.queue.element-limit = 4096 (default)
2022-03-06 23:38:17,558 [pool-209-thread-1] INFO  server.RaftServerConfigKeys (ConfUtils.java:logGet(44)) - raft.server.log.segment.size.max = 4194304 (custom)
2022-03-06 23:38:17,558 [pool-209-thread-1] INFO  server.RaftServerConfigKeys (ConfUtils.java:logGet(44)) - raft.server.log.preallocated.size = 4194304 (custom)
2022-03-06 23:38:17,558 [pool-209-thread-1] INFO  server.RaftServerConfigKeys (ConfUtils.java:logGet(44)) - raft.server.log.force.sync.num = 128 (default)
2022-03-06 23:38:17,558 [pool-209-thread-1] INFO  server.RaftServerConfigKeys (ConfUtils.java:logGet(44)) - raft.server.log.statemachine.data.sync = true (default)
2022-03-06 23:38:17,558 [pool-209-thread-1] INFO  server.RaftServerConfigKeys (ConfUtils.java:logGet(44)) - raft.server.log.statemachine.data.sync.timeout = 10s (default)
2022-03-06 23:38:17,558 [pool-209-thread-1] INFO  server.RaftServerConfigKeys (ConfUtils.java:logGet(44)) - raft.server.log.statemachine.data.sync.timeout.retry = -1 (default)
2022-03-06 23:38:17,559 [pool-209-thread-1] INFO  server.RaftServerConfigKeys (ConfUtils.java:logGet(44)) - raft.server.log.write.buffer.size = 64KB (=65536) (default)
2022-03-06 23:38:17,559 [pool-209-thread-1] INFO  server.RaftServerConfigKeys (ConfUtils.java:logGet(44)) - raft.server.log.statemachine.data.caching.enabled = false (default)
2022-03-06 23:38:17,559 [pool-209-thread-1] INFO  segmented.SegmentedRaftLogWorker (SegmentedRaftLogWorker.java:lambda$new$0(133)) - 6e71cd40-ad6e-421f-b1db-df6cb86c3193@group-49B527ACBB1B-SegmentedRaftLogWorker: flushIndex: setUnconditionally 0 -> -1
2022-03-06 23:38:17,559 [pool-209-thread-1] INFO  segmented.SegmentedRaftLogWorker (SegmentedRaftLogWorker.java:lambda$new$0(133)) - 6e71cd40-ad6e-421f-b1db-df6cb86c3193@group-49B527ACBB1B-SegmentedRaftLogWorker: safeCacheEvictIndex: setUnconditionally 0 -> -1
2022-03-06 23:38:17,559 [pool-209-thread-1] INFO  server.RaftServerConfigKeys (ConfUtils.java:logGet(44)) - raft.server.snapshot.auto.trigger.enabled = true (custom)
2022-03-06 23:38:17,559 [pool-209-thread-1] INFO  server.RaftServerConfigKeys (ConfUtils.java:logGet(44)) - raft.server.snapshot.auto.trigger.threshold = 1000 (custom)
2022-03-06 23:38:17,559 [pool-209-thread-1] INFO  server.RaftServerConfigKeys (ConfUtils.java:logGet(44)) - raft.server.snapshot.retention.file.num = -1 (default)
2022-03-06 23:38:17,559 [pool-209-thread-1] INFO  server.RaftServerConfigKeys (ConfUtils.java:logGet(44)) - raft.server.log.purge.upto.snapshot.index = false (default)
2022-03-06 23:38:17,559 [pool-209-thread-1] INFO  server.RaftServerConfigKeys (ConfUtils.java:logGet(44)) - raft.server.retrycache.expirytime = 60000ms (default)
2022-03-06 23:38:17,559 [pool-209-thread-1] INFO  server.RaftServerConfigKeys (ConfUtils.java:logGet(44)) - raft.server.retrycache.statistics.expirytime = 100μs (default)
2022-03-06 23:38:17,561 [Time-limited test] INFO  server.RaftServer$Division (RaftServerImpl.java:start(301)) - 6e71cd40-ad6e-421f-b1db-df6cb86c3193@group-49B527ACBB1B: start as a follower, conf=-1: [6e71cd40-ad6e-421f-b1db-df6cb86c3193|rpc:fv-az148-899:9894|priority:0], old=null
2022-03-06 23:38:17,561 [Time-limited test] INFO  server.RaftServer$Division (RaftServerImpl.java:setRole(290)) - 6e71cd40-ad6e-421f-b1db-df6cb86c3193@group-49B527ACBB1B: changes role from      null to FOLLOWER at term 0 for startAsFollower
2022-03-06 23:38:17,561 [Time-limited test] INFO  impl.RoleInfo (RoleInfo.java:updateAndGet(130)) - 6e71cd40-ad6e-421f-b1db-df6cb86c3193: start 6e71cd40-ad6e-421f-b1db-df6cb86c3193@group-49B527ACBB1B-FollowerState
2022-03-06 23:38:17,561 [Time-limited test] INFO  util.JmxRegister (JmxRegister.java:tryRegister(44)) - Successfully registered JMX Bean with object name Ratis:service=RaftServer,group=group-49B527ACBB1B,id=6e71cd40-ad6e-421f-b1db-df6cb86c3193
2022-03-06 23:38:17,576 [Time-limited test] INFO  server.RaftServer (RaftServerProxy.java:lambda$start$5(374)) - 6e71cd40-ad6e-421f-b1db-df6cb86c3193: start RPC server
2022-03-06 23:38:17,577 [Time-limited test] INFO  server.GrpcService (GrpcService.java:startImpl(253)) - 6e71cd40-ad6e-421f-b1db-df6cb86c3193: GrpcService started, listening on 9894
2022-03-06 23:38:17,584 [org.apache.ratis.util.JvmPauseMonitor$$Lambda$431/1941186180@1caf48f5] INFO  util.JvmPauseMonitor (JvmPauseMonitor.java:run(103)) - JvmPauseMonitor-6e71cd40-ad6e-421f-b1db-df6cb86c3193: Started
2022-03-06 23:38:22,642 [6e71cd40-ad6e-421f-b1db-df6cb86c3193@group-49B527ACBB1B-FollowerState] INFO  impl.FollowerState (FollowerState.java:run(134)) - 6e71cd40-ad6e-421f-b1db-df6cb86c3193@group-49B527ACBB1B-FollowerState: change to CANDIDATE, lastRpcElapsedTime:5081052862ns, electionTimeout:5058ms
2022-03-06 23:38:22,642 [6e71cd40-ad6e-421f-b1db-df6cb86c3193@group-49B527ACBB1B-FollowerState] INFO  impl.RoleInfo (RoleInfo.java:shutdownFollowerState(108)) - 6e71cd40-ad6e-421f-b1db-df6cb86c3193: shutdown 6e71cd40-ad6e-421f-b1db-df6cb86c3193@group-49B527ACBB1B-FollowerState
2022-03-06 23:38:22,642 [6e71cd40-ad6e-421f-b1db-df6cb86c3193@group-49B527ACBB1B-FollowerState] INFO  server.RaftServer$Division (RaftServerImpl.java:setRole(290)) - 6e71cd40-ad6e-421f-b1db-df6cb86c3193@group-49B527ACBB1B: changes role from  FOLLOWER to CANDIDATE at term 0 for changeToCandidate
2022-03-06 23:38:22,643 [6e71cd40-ad6e-421f-b1db-df6cb86c3193@group-49B527ACBB1B-FollowerState] INFO  server.RaftServerConfigKeys (ConfUtils.java:logGet(44)) - raft.server.leaderelection.pre-vote = false (custom)
2022-03-06 23:38:22,643 [6e71cd40-ad6e-421f-b1db-df6cb86c3193@group-49B527ACBB1B-FollowerState] INFO  impl.RoleInfo (RoleInfo.java:updateAndGet(130)) - 6e71cd40-ad6e-421f-b1db-df6cb86c3193: start 6e71cd40-ad6e-421f-b1db-df6cb86c3193@group-49B527ACBB1B-LeaderElection12
2022-03-06 23:38:22,662 [6e71cd40-ad6e-421f-b1db-df6cb86c3193@group-49B527ACBB1B-LeaderElection12] INFO  impl.LeaderElection (LeaderElection.java:askForVotes(306)) - 6e71cd40-ad6e-421f-b1db-df6cb86c3193@group-49B527ACBB1B-LeaderElection12 ELECTION round 0: submit vote requests at term 1 for -1: [6e71cd40-ad6e-421f-b1db-df6cb86c3193|rpc:fv-az148-899:9894|priority:0], old=null
2022-03-06 23:38:22,662 [6e71cd40-ad6e-421f-b1db-df6cb86c3193@group-49B527ACBB1B-LeaderElection12] INFO  impl.LeaderElection (LeaderElection.java:askForVotes(308)) - 6e71cd40-ad6e-421f-b1db-df6cb86c3193@group-49B527ACBB1B-LeaderElection12 ELECTION round 0: result PASSED (term=1)
2022-03-06 23:38:22,662 [6e71cd40-ad6e-421f-b1db-df6cb86c3193@group-49B527ACBB1B-LeaderElection12] INFO  impl.RoleInfo (RoleInfo.java:shutdownLeaderElection(121)) - 6e71cd40-ad6e-421f-b1db-df6cb86c3193: shutdown 6e71cd40-ad6e-421f-b1db-df6cb86c3193@group-49B527ACBB1B-LeaderElection12
2022-03-06 23:38:22,662 [6e71cd40-ad6e-421f-b1db-df6cb86c3193@group-49B527ACBB1B-LeaderElection12] INFO  server.RaftServer$Division (RaftServerImpl.java:setRole(290)) - 6e71cd40-ad6e-421f-b1db-df6cb86c3193@group-49B527ACBB1B: changes role from CANDIDATE to LEADER at term 1 for changeToLeader
2022-03-06 23:38:22,662 [6e71cd40-ad6e-421f-b1db-df6cb86c3193@group-49B527ACBB1B-LeaderElection12] INFO  server.RaftServer$Division (ServerState.java:setLeader(285)) - 6e71cd40-ad6e-421f-b1db-df6cb86c3193@group-49B527ACBB1B: change Leader from null to 6e71cd40-ad6e-421f-b1db-df6cb86c3193 at term 1 for becomeLeader, leader elected after 5105ms
2022-03-06 23:38:22,663 [6e71cd40-ad6e-421f-b1db-df6cb86c3193@group-49B527ACBB1B-LeaderElection12] INFO  server.RaftServerConfigKeys (ConfUtils.java:logGet(44)) - raft.server.staging.catchup.gap = 1000 (default)
2022-03-06 23:38:22,663 [6e71cd40-ad6e-421f-b1db-df6cb86c3193@group-49B527ACBB1B-LeaderElection12] INFO  server.RaftServerConfigKeys (ConfUtils.java:logGet(44)) - raft.server.write.element-limit = 4096 (default)
2022-03-06 23:38:22,663 [6e71cd40-ad6e-421f-b1db-df6cb86c3193@group-49B527ACBB1B-LeaderElection12] INFO  server.RaftServerConfigKeys (ConfUtils.java:logGet(44)) - raft.server.write.byte-limit = 64MB (=67108864) (default)
2022-03-06 23:38:22,663 [6e71cd40-ad6e-421f-b1db-df6cb86c3193@group-49B527ACBB1B-LeaderElection12] INFO  server.RaftServerConfigKeys (ConfUtils.java:logGet(44)) - raft.server.watch.timeout = 10s (default)
2022-03-06 23:38:22,663 [6e71cd40-ad6e-421f-b1db-df6cb86c3193@group-49B527ACBB1B-LeaderElection12] INFO  server.RaftServerConfigKeys (ConfUtils.java:logGet(44)) - raft.server.watch.timeout.denomination = 1s (default)
2022-03-06 23:38:22,663 [6e71cd40-ad6e-421f-b1db-df6cb86c3193@group-49B527ACBB1B-LeaderElection12] INFO  server.RaftServerConfigKeys (ConfUtils.java:logGet(44)) - raft.server.watch.element-limit = 65536 (default)
2022-03-06 23:38:22,663 [6e71cd40-ad6e-421f-b1db-df6cb86c3193@group-49B527ACBB1B-LeaderElection12] INFO  server.RaftServerConfigKeys (ConfUtils.java:logGet(44)) - raft.server.write.element-limit = 4096 (default)
2022-03-06 23:38:22,663 [6e71cd40-ad6e-421f-b1db-df6cb86c3193@group-49B527ACBB1B-LeaderElection12] INFO  server.RaftServerConfigKeys (ConfUtils.java:logGet(44)) - raft.server.write.follower.gap.ratio.max = -1.0 (default)
2022-03-06 23:38:22,664 [6e71cd40-ad6e-421f-b1db-df6cb86c3193@group-49B527ACBB1B-LeaderElection12] INFO  impl.RoleInfo (RoleInfo.java:updateAndGet(130)) - 6e71cd40-ad6e-421f-b1db-df6cb86c3193: start 6e71cd40-ad6e-421f-b1db-df6cb86c3193@group-49B527ACBB1B-LeaderStateImpl
2022-03-06 23:38:22,664 [6e71cd40-ad6e-421f-b1db-df6cb86c3193@group-49B527ACBB1B-LeaderElection12] INFO  segmented.SegmentedRaftLogWorker (SegmentedRaftLogWorker.java:startLogSegment(394)) - 6e71cd40-ad6e-421f-b1db-df6cb86c3193@group-49B527ACBB1B-SegmentedRaftLogWorker: Starting segment from index:0
2022-03-06 23:38:22,678 [6e71cd40-ad6e-421f-b1db-df6cb86c3193@group-49B527ACBB1B-LeaderElection12] INFO  server.RaftServer$Division (ServerState.java:setRaftConf(387)) - 6e71cd40-ad6e-421f-b1db-df6cb86c3193@group-49B527ACBB1B: set configuration 0: [6e71cd40-ad6e-421f-b1db-df6cb86c3193|rpc:fv-az148-899:9894|admin:|client:|dataStream:|priority:0], old=null
2022-03-06 23:38:22,689 [6e71cd40-ad6e-421f-b1db-df6cb86c3193@group-49B527ACBB1B-SegmentedRaftLogWorker] INFO  segmented.SegmentedRaftLogWorker (SegmentedRaftLogWorker.java:execute(601)) - 6e71cd40-ad6e-421f-b1db-df6cb86c3193@group-49B527ACBB1B-SegmentedRaftLogWorker: created new log segment /home/runner/work/ozone/ozone/hadoop-ozone/integration-test/target/test-dir/MiniOzoneClusterImpl-1620ac7c-bf10-4486-a396-49b527acbb1b/ozone-meta/scm-ha/1620ac7c-bf10-4486-a396-49b527acbb1b/current/log_inprogress_0
2022-03-06 23:38:23,584 [Time-limited test] INFO  server.RaftServer (RaftServerProxy.java:lambda$close$6(391)) - 6e71cd40-ad6e-421f-b1db-df6cb86c3193: close
2022-03-06 23:38:23,585 [Time-limited test] INFO  server.RaftServer$Division (RaftServerImpl.java:lambda$close$4(412)) - 6e71cd40-ad6e-421f-b1db-df6cb86c3193@group-49B527ACBB1B: shutdown
2022-03-06 23:38:23,585 [Time-limited test] INFO  util.JmxRegister (JmxRegister.java:unregister(73)) - Successfully un-registered JMX Bean with object name Ratis:service=RaftServer,group=group-49B527ACBB1B,id=6e71cd40-ad6e-421f-b1db-df6cb86c3193
2022-03-06 23:38:23,585 [Time-limited test] INFO  impl.RoleInfo (RoleInfo.java:shutdownLeaderState(91)) - 6e71cd40-ad6e-421f-b1db-df6cb86c3193: shutdown 6e71cd40-ad6e-421f-b1db-df6cb86c3193@group-49B527ACBB1B-LeaderStateImpl
2022-03-06 23:38:23,585 [Time-limited test] INFO  impl.PendingRequests (PendingRequests.java:sendNotLeaderResponses(282)) - 6e71cd40-ad6e-421f-b1db-df6cb86c3193@group-49B527ACBB1B-PendingRequests: sendNotLeaderResponses
2022-03-06 23:38:23,586 [Time-limited test] INFO  impl.StateMachineUpdater (StateMachineUpdater.java:stopAndJoin(149)) - 6e71cd40-ad6e-421f-b1db-df6cb86c3193@group-49B527ACBB1B-StateMachineUpdater: set stopIndex = 0
2022-03-06 23:38:23,586 [6e71cd40-ad6e-421f-b1db-df6cb86c3193@group-49B527ACBB1B-StateMachineUpdater] INFO  impl.StateMachineUpdater (StateMachineUpdater.java:takeSnapshot(281)) - 6e71cd40-ad6e-421f-b1db-df6cb86c3193@group-49B527ACBB1B-StateMachineUpdater: Took a snapshot at index 0
2022-03-06 23:38:23,586 [6e71cd40-ad6e-421f-b1db-df6cb86c3193@group-49B527ACBB1B-StateMachineUpdater] INFO  impl.StateMachineUpdater (StateMachineUpdater.java:lambda$new$0(89)) - 6e71cd40-ad6e-421f-b1db-df6cb86c3193@group-49B527ACBB1B-StateMachineUpdater: snapshotIndex: updateIncreasingly -1 -> 0
2022-03-06 23:38:23,586 [Time-limited test] INFO  server.RaftServer$Division (ServerState.java:close(419)) - 6e71cd40-ad6e-421f-b1db-df6cb86c3193@group-49B527ACBB1B: closes. applyIndex: 0
2022-03-06 23:38:23,587 [6e71cd40-ad6e-421f-b1db-df6cb86c3193@group-49B527ACBB1B-SegmentedRaftLogWorker] INFO  segmented.SegmentedRaftLogWorker (SegmentedRaftLogWorker.java:run(327)) - 6e71cd40-ad6e-421f-b1db-df6cb86c3193@group-49B527ACBB1B-SegmentedRaftLogWorker was interrupted, exiting. There are 0 tasks remaining in the queue.
2022-03-06 23:38:23,589 [Time-limited test] INFO  segmented.SegmentedRaftLogWorker (SegmentedRaftLogWorker.java:close(237)) - 6e71cd40-ad6e-421f-b1db-df6cb86c3193@group-49B527ACBB1B-SegmentedRaftLogWorker close()
2022-03-06 23:38:23,589 [Time-limited test] INFO  server.GrpcService (GrpcService.java:closeImpl(262)) - 6e71cd40-ad6e-421f-b1db-df6cb86c3193: shutdown server with port 9894 now
2022-03-06 23:38:23,590 [Time-limited test] INFO  server.GrpcService (GrpcService.java:closeImpl(271)) - 6e71cd40-ad6e-421f-b1db-df6cb86c3193: shutdown server with port 9894 successfully
2022-03-06 23:38:23,590 [org.apache.ratis.util.JvmPauseMonitor$$Lambda$431/1941186180@1caf48f5] INFO  util.JvmPauseMonitor (JvmPauseMonitor.java:run(109)) - JvmPauseMonitor-6e71cd40-ad6e-421f-b1db-df6cb86c3193: Stopped
2022-03-06 23:38:23,590 [Time-limited test] INFO  ha.SCMHANodeDetails (SCMHANodeDetails.java:loadSCMHAConfig(157)) - ServiceID for StorageContainerManager is null
2022-03-06 23:38:23,590 [Time-limited test] INFO  ha.SCMHANodeDetails (SCMHANodeDetails.java:loadSCMHAConfig(162)) - ozone.scm.default.service.id is not defined, falling back to ozone.scm.service.ids to find serviceID for StorageContainerManager if it is HA enabled cluster
2022-03-06 23:38:23,595 [Time-limited test] WARN  server.ServerUtils (ServerUtils.java:getScmDbDir(148)) - ozone.scm.db.dirs is not configured. We recommend adding this setting. Falling back to ozone.metadata.dirs instead.
2022-03-06 23:38:23,595 [Time-limited test] INFO  upgrade.AbstractLayoutVersionManager (AbstractLayoutVersionManager.java:init(79)) - Initializing Layout version manager with metadata layout = SCM_HA (version = 2), software layout = SCM_HA (version = 2)
2022-03-06 23:38:23,666 [Time-limited test] INFO  reflections.Reflections (Reflections.java:scan(232)) - Reflections took 70 ms to scan 7 urls, producing 122 keys and 286 values 
2022-03-06 23:38:23,701 [Time-limited test] WARN  utils.HAUtils (HAUtils.java:getMetaDir(342)) - ozone.scm.db.dirs is not configured. We recommend adding this setting. Falling back to ozone.metadata.dirs instead.
2022-03-06 23:38:23,702 [Time-limited test] WARN  db.DBStoreBuilder (DBStoreBuilder.java:applyDBDefinition(145)) - ozone.scm.db.dirs is not configured. We recommend adding this setting. Falling back to ozone.metadata.dirs instead.
2022-03-06 23:38:23,850 [Time-limited test] INFO  net.NodeSchemaLoader (NodeSchemaLoader.java:loadSchemaFromFile(129)) - Loading schema from [jar:file:/home/runner/.m2/repository/org/apache/ozone/hdds-common/1.3.0-SNAPSHOT/hdds-common-1.3.0-SNAPSHOT.jar!/network-topology-default.xml]
2022-03-06 23:38:23,860 [Time-limited test] INFO  net.NodeSchemaLoader (NodeSchemaLoader.java:loadSchema(176)) - Loading network topology layer schema file
2022-03-06 23:38:23,863 [Time-limited test] INFO  ha.SCMRatisServerImpl (SCMRatisServerImpl.java:<init>(87)) - starting Raft server for scm:6e71cd40-ad6e-421f-b1db-df6cb86c3193
2022-03-06 23:38:23,868 [Time-limited test] INFO  server.RaftServer (ConfUtils.java:logGet(44)) - raft.rpc.type = GRPC (default)
2022-03-06 23:38:23,874 [Time-limited test] INFO  grpc.GrpcFactory (GrpcFactory.java:checkPooledByteBufAllocatorUseCacheForAllThreads(48)) - PERFORMANCE WARNING: useCacheForAllThreads is true that may cause Netty to create a lot garbage objects and, as a result, trigger GC.
	It is recommended to disable useCacheForAllThreads by setting -Dorg.apache.ratis.thirdparty.io.netty.allocator.useCacheForAllThreads=false in command line.
2022-03-06 23:38:23,874 [Time-limited test] INFO  grpc.GrpcConfigKeys (ConfUtils.java:logGet(44)) - raft.grpc.admin.port = -1 (default)
2022-03-06 23:38:23,874 [Time-limited test] INFO  grpc.GrpcConfigKeys (ConfUtils.java:logGet(44)) - raft.grpc.server.port = 9894 (custom)
2022-03-06 23:38:23,875 [Time-limited test] INFO  grpc.GrpcConfigKeys (ConfUtils.java:logGet(44)) - raft.grpc.client.port = -1 (default)
2022-03-06 23:38:23,875 [Time-limited test] INFO  grpc.GrpcConfigKeys (ConfUtils.java:logGet(44)) - raft.grpc.server.port = 9894 (custom)
2022-03-06 23:38:23,875 [Time-limited test] INFO  grpc.GrpcConfigKeys (ConfUtils.java:logGet(44)) - raft.grpc.server.port = 9894 (custom)
2022-03-06 23:38:23,875 [Time-limited test] INFO  server.GrpcService (ConfUtils.java:logGet(44)) - raft.grpc.message.size.max = 32m (=33554432) (custom)
2022-03-06 23:38:23,875 [Time-limited test] INFO  server.RaftServerConfigKeys (ConfUtils.java:logGet(44)) - raft.server.log.appender.buffer.byte-limit = 33554432 (custom)
2022-03-06 23:38:23,875 [Time-limited test] INFO  server.GrpcService (ConfUtils.java:logGet(44)) - raft.grpc.flow.control.window = 1MB (=1048576) (default)
2022-03-06 23:38:23,875 [Time-limited test] INFO  server.RaftServerConfigKeys (ConfUtils.java:logGet(44)) - raft.server.rpc.request.timeout = 30000ms (custom)
2022-03-06 23:38:23,876 [Time-limited test] INFO  impl.DataStreamServerImpl (ConfUtils.java:logGet(44)) - raft.datastream.type = DISABLED (default)
2022-03-06 23:38:23,877 [Time-limited test] INFO  server.RaftServerConfigKeys (ConfUtils.java:logGet(44)) - raft.server.rpc.slowness.timeout = 120000ms (custom)
2022-03-06 23:38:23,877 [Time-limited test] INFO  server.RaftServerConfigKeys (ConfUtils.java:logGet(44)) - raft.server.leaderelection.leader.step-down.wait-time = 10s (default)
2022-03-06 23:38:23,877 [Time-limited test] INFO  server.RaftServerConfigKeys (ConfUtils.java:logGet(44)) - raft.server.storage.dir = [/home/runner/work/ozone/ozone/hadoop-ozone/integration-test/target/test-dir/MiniOzoneClusterImpl-1620ac7c-bf10-4486-a396-49b527acbb1b/ozone-meta/scm-ha] (custom)
2022-03-06 23:38:23,877 [Time-limited test] INFO  server.RaftServer (RaftServerProxy.java:lambda$null$1(235)) - 6e71cd40-ad6e-421f-b1db-df6cb86c3193: found a subdirectory /home/runner/work/ozone/ozone/hadoop-ozone/integration-test/target/test-dir/MiniOzoneClusterImpl-1620ac7c-bf10-4486-a396-49b527acbb1b/ozone-meta/scm-ha/1620ac7c-bf10-4486-a396-49b527acbb1b
2022-03-06 23:38:23,880 [Time-limited test] INFO  server.RaftServer (RaftServerProxy.java:addNew(95)) - 6e71cd40-ad6e-421f-b1db-df6cb86c3193: addNew group-49B527ACBB1B:[] returns group-49B527ACBB1B:java.util.concurrent.CompletableFuture@3695715b[Not completed]
2022-03-06 23:38:23,880 [pool-222-thread-1] INFO  server.RaftServer$Division (RaftServerImpl.java:<init>(184)) - 6e71cd40-ad6e-421f-b1db-df6cb86c3193: new RaftServerImpl for group-49B527ACBB1B:[] with SCMStateMachine:uninitialized
2022-03-06 23:38:23,881 [pool-222-thread-1] INFO  server.RaftServerConfigKeys (ConfUtils.java:logGet(44)) - raft.server.rpc.timeout.min = 5000ms (custom)
2022-03-06 23:38:23,881 [pool-222-thread-1] INFO  server.RaftServerConfigKeys (ConfUtils.java:logGet(44)) - raft.server.rpc.timeout.max = 5200ms (custom)
2022-03-06 23:38:23,881 [pool-222-thread-1] INFO  server.RaftServerConfigKeys (ConfUtils.java:logGet(44)) - raft.server.rpc.sleep.time = 25ms (default)
2022-03-06 23:38:23,881 [pool-222-thread-1] INFO  server.RaftServerConfigKeys (ConfUtils.java:logGet(44)) - raft.server.rpc.slowness.timeout = 120000ms (custom)
2022-03-06 23:38:23,881 [pool-222-thread-1] INFO  server.RaftServerConfigKeys (ConfUtils.java:logGet(44)) - raft.server.leaderelection.leader.step-down.wait-time = 10s (default)
2022-03-06 23:38:23,881 [pool-222-thread-1] INFO  server.RaftServerConfigKeys (ConfUtils.java:logGet(44)) - raft.server.sleep.deviation.threshold = 300ms (default)
2022-03-06 23:38:23,881 [pool-222-thread-1] INFO  server.RaftServerConfigKeys (ConfUtils.java:logGet(44)) - raft.server.log.appender.install.snapshot.enabled = false (custom)
2022-03-06 23:38:23,888 [pool-222-thread-1] INFO  server.RaftServer$Division (ServerState.java:<init>(105)) - 6e71cd40-ad6e-421f-b1db-df6cb86c3193@group-49B527ACBB1B: ConfigurationManager, init=-1: [], old=null, confs=<EMPTY_MAP>
2022-03-06 23:38:23,888 [pool-222-thread-1] INFO  server.RaftServerConfigKeys (ConfUtils.java:logGet(44)) - raft.server.storage.dir = [/home/runner/work/ozone/ozone/hadoop-ozone/integration-test/target/test-dir/MiniOzoneClusterImpl-1620ac7c-bf10-4486-a396-49b527acbb1b/ozone-meta/scm-ha] (custom)
2022-03-06 23:38:23,888 [pool-222-thread-1] INFO  server.RaftServerConfigKeys (ConfUtils.java:logGet(44)) - raft.server.log.corruption.policy = EXCEPTION (default)
2022-03-06 23:38:23,889 [pool-222-thread-1] INFO  server.RaftServerConfigKeys (ConfUtils.java:logGet(44)) - raft.server.storage.free-space.min = 0MB (=0) (default)
2022-03-06 23:38:23,893 [pool-222-thread-1] INFO  storage.RaftStorageDirectory (RaftStorageDirectoryImpl.java:tryLock(230)) - Lock on /home/runner/work/ozone/ozone/hadoop-ozone/integration-test/target/test-dir/MiniOzoneClusterImpl-1620ac7c-bf10-4486-a396-49b527acbb1b/ozone-meta/scm-ha/1620ac7c-bf10-4486-a396-49b527acbb1b/in_use.lock acquired by nodename 21167@fv-az148-899
2022-03-06 23:38:23,893 [pool-222-thread-1] INFO  storage.RaftStorage (RaftStorageImpl.java:analyzeAndRecoverStorage(110)) - Read RaftStorageMetadata{term=1, votedFor=6e71cd40-ad6e-421f-b1db-df6cb86c3193} from /home/runner/work/ozone/ozone/hadoop-ozone/integration-test/target/test-dir/MiniOzoneClusterImpl-1620ac7c-bf10-4486-a396-49b527acbb1b/ozone-meta/scm-ha/1620ac7c-bf10-4486-a396-49b527acbb1b/current/raft-meta
2022-03-06 23:38:23,894 [pool-222-thread-1] INFO  server.RaftServer$Division (ServerState.java:setRaftConf(387)) - 6e71cd40-ad6e-421f-b1db-df6cb86c3193@group-49B527ACBB1B: set configuration 0: [6e71cd40-ad6e-421f-b1db-df6cb86c3193|rpc:fv-az148-899:9894|admin:|client:|dataStream:|priority:0], old=null
2022-03-06 23:38:23,894 [pool-222-thread-1] INFO  server.RaftServerConfigKeys (ConfUtils.java:logGet(44)) - raft.server.notification.no-leader.timeout = 60s (default)
2022-03-06 23:38:23,894 [pool-222-thread-1] INFO  server.RaftServerConfigKeys (ConfUtils.java:logGet(44)) - raft.server.log.use.memory = false (default)
2022-03-06 23:38:23,894 [pool-222-thread-1] INFO  server.RaftServerConfigKeys (ConfUtils.java:logGet(44)) - raft.server.log.purge.gap = 1000000 (custom)
2022-03-06 23:38:23,894 [pool-222-thread-1] INFO  server.RaftServerConfigKeys (ConfUtils.java:logGet(44)) - raft.server.log.appender.buffer.byte-limit = 33554432 (custom)
2022-03-06 23:38:23,894 [pool-222-thread-1] INFO  server.RaftServerConfigKeys (ConfUtils.java:logGet(44)) - raft.server.log.segment.size.max = 4194304 (custom)
2022-03-06 23:38:23,895 [pool-222-thread-1] INFO  server.RaftServerConfigKeys (ConfUtils.java:logGet(44)) - raft.server.log.segment.cache.num.max = 2 (custom)
2022-03-06 23:38:23,895 [pool-222-thread-1] INFO  server.RaftServerConfigKeys (ConfUtils.java:logGet(44)) - raft.server.log.segment.cache.size.max = 200MB (=209715200) (default)
2022-03-06 23:38:23,895 [pool-222-thread-1] INFO  segmented.SegmentedRaftLogWorker (SegmentedRaftLogWorker.java:<init>(182)) - new 6e71cd40-ad6e-421f-b1db-df6cb86c3193@group-49B527ACBB1B-SegmentedRaftLogWorker for RaftStorageImpl:Storage Directory /home/runner/work/ozone/ozone/hadoop-ozone/integration-test/target/test-dir/MiniOzoneClusterImpl-1620ac7c-bf10-4486-a396-49b527acbb1b/ozone-meta/scm-ha/1620ac7c-bf10-4486-a396-49b527acbb1b
2022-03-06 23:38:23,895 [pool-222-thread-1] INFO  server.RaftServerConfigKeys (ConfUtils.java:logGet(44)) - raft.server.log.queue.byte-limit = 64MB (=67108864) (default)
2022-03-06 23:38:23,895 [pool-222-thread-1] INFO  server.RaftServerConfigKeys (ConfUtils.java:logGet(44)) - raft.server.log.queue.element-limit = 4096 (default)
2022-03-06 23:38:23,895 [pool-222-thread-1] INFO  server.RaftServerConfigKeys (ConfUtils.java:logGet(44)) - raft.server.log.segment.size.max = 4194304 (custom)
2022-03-06 23:38:23,895 [pool-222-thread-1] INFO  server.RaftServerConfigKeys (ConfUtils.java:logGet(44)) - raft.server.log.preallocated.size = 4194304 (custom)
2022-03-06 23:38:23,895 [pool-222-thread-1] INFO  server.RaftServerConfigKeys (ConfUtils.java:logGet(44)) - raft.server.log.force.sync.num = 128 (default)
2022-03-06 23:38:23,895 [pool-222-thread-1] INFO  server.RaftServerConfigKeys (ConfUtils.java:logGet(44)) - raft.server.log.statemachine.data.sync = true (default)
2022-03-06 23:38:23,895 [pool-222-thread-1] INFO  server.RaftServerConfigKeys (ConfUtils.java:logGet(44)) - raft.server.log.statemachine.data.sync.timeout = 10s (default)
2022-03-06 23:38:23,895 [pool-222-thread-1] INFO  server.RaftServerConfigKeys (ConfUtils.java:logGet(44)) - raft.server.log.statemachine.data.sync.timeout.retry = -1 (default)
2022-03-06 23:38:23,896 [pool-222-thread-1] INFO  server.RaftServerConfigKeys (ConfUtils.java:logGet(44)) - raft.server.log.write.buffer.size = 64KB (=65536) (default)
2022-03-06 23:38:23,899 [pool-222-thread-1] INFO  server.RaftServerConfigKeys (ConfUtils.java:logGet(44)) - raft.server.log.statemachine.data.caching.enabled = false (default)
2022-03-06 23:38:23,900 [pool-222-thread-1] INFO  server.RaftServer$Division (ServerState.java:setRaftConf(387)) - 6e71cd40-ad6e-421f-b1db-df6cb86c3193@group-49B527ACBB1B: set configuration 0: [6e71cd40-ad6e-421f-b1db-df6cb86c3193|rpc:fv-az148-899:9894|admin:|client:|dataStream:|priority:0], old=null
2022-03-06 23:38:23,900 [pool-222-thread-1] INFO  segmented.LogSegment (LogSegment.java:loadSegment(173)) - Successfully read 1 entries from segment file /home/runner/work/ozone/ozone/hadoop-ozone/integration-test/target/test-dir/MiniOzoneClusterImpl-1620ac7c-bf10-4486-a396-49b527acbb1b/ozone-meta/scm-ha/1620ac7c-bf10-4486-a396-49b527acbb1b/current/log_inprogress_0
2022-03-06 23:38:23,900 [pool-222-thread-1] INFO  segmented.SegmentedRaftLogWorker (SegmentedRaftLogWorker.java:lambda$new$0(133)) - 6e71cd40-ad6e-421f-b1db-df6cb86c3193@group-49B527ACBB1B-SegmentedRaftLogWorker: flushIndex: setUnconditionally 0 -> 0
2022-03-06 23:38:23,900 [pool-222-thread-1] INFO  segmented.SegmentedRaftLogWorker (SegmentedRaftLogWorker.java:lambda$new$0(133)) - 6e71cd40-ad6e-421f-b1db-df6cb86c3193@group-49B527ACBB1B-SegmentedRaftLogWorker: safeCacheEvictIndex: setUnconditionally 0 -> -1
2022-03-06 23:38:23,901 [pool-222-thread-1] INFO  server.RaftServerConfigKeys (ConfUtils.java:logGet(44)) - raft.server.snapshot.auto.trigger.enabled = true (custom)
2022-03-06 23:38:23,901 [pool-222-thread-1] INFO  server.RaftServerConfigKeys (ConfUtils.java:logGet(44)) - raft.server.snapshot.auto.trigger.threshold = 1000 (custom)
2022-03-06 23:38:23,901 [pool-222-thread-1] INFO  server.RaftServerConfigKeys (ConfUtils.java:logGet(44)) - raft.server.snapshot.retention.file.num = -1 (default)
2022-03-06 23:38:23,901 [pool-222-thread-1] INFO  server.RaftServerConfigKeys (ConfUtils.java:logGet(44)) - raft.server.log.purge.upto.snapshot.index = false (default)
2022-03-06 23:38:23,901 [pool-222-thread-1] INFO  server.RaftServerConfigKeys (ConfUtils.java:logGet(44)) - raft.server.retrycache.expirytime = 60000ms (default)
2022-03-06 23:38:23,901 [pool-222-thread-1] INFO  server.RaftServerConfigKeys (ConfUtils.java:logGet(44)) - raft.server.retrycache.statistics.expirytime = 100μs (default)
2022-03-06 23:38:23,912 [Time-limited test] INFO  ha.SCMSnapshotProvider (SCMSnapshotProvider.java:<init>(66)) - Initializing SCM Snapshot Provider
2022-03-06 23:38:23,916 [Time-limited test] WARN  server.ServerUtils (ServerUtils.java:getDefaultRatisDirectory(237)) - Storage directory for Ratis is not configured. It is a good idea to map this to an SSD disk. Falling back to ozone.metadata.dirs
2022-03-06 23:38:23,917 [Time-limited test] WARN  ha.SCMHAUtils (SCMHAUtils.java:getSCMRatisSnapshotDirectory(151)) - SCM snapshot dir is not configured. Falling back to ozone.metadata.dirs config
2022-03-06 23:38:23,918 [Time-limited test] INFO  ha.SequenceIdGenerator (SequenceIdGenerator.java:upgradeToSequenceId(347)) - upgrade localId to 109611004723200000
2022-03-06 23:38:23,924 [Time-limited test] INFO  ha.SequenceIdGenerator (SequenceIdGenerator.java:upgradeToSequenceId(357)) - upgrade delTxnId to 0
2022-03-06 23:38:23,925 [Time-limited test] INFO  ha.SequenceIdGenerator (SequenceIdGenerator.java:upgradeToSequenceId(371)) - upgrade containerId to 0
2022-03-06 23:38:23,925 [Time-limited test] INFO  ha.SequenceIdGenerator (SequenceIdGenerator.java:<init>(218)) - Init the HA SequenceIdGenerator.
2022-03-06 23:38:23,925 [Time-limited test] WARN  server.ServerUtils (ServerUtils.java:sanitizeUserArgs(73)) - ozone.scm.stale.node.interval value = 300000 is larger than max = 100000 based on the key value of ozone.scm.heartbeat.thread.interval, reset to the max value 100000.
2022-03-06 23:38:23,925 [Time-limited test] WARN  server.ServerUtils (ServerUtils.java:sanitizeUserArgs(73)) - ozone.scm.stale.node.interval value = 300000 is larger than max = 100000 based on the key value of ozone.scm.heartbeat.thread.interval, reset to the max value 100000.
2022-03-06 23:38:23,936 [Time-limited test] INFO  node.SCMNodeManager (SCMNodeManager.java:<init>(146)) - Entering startup safe mode.
2022-03-06 23:38:23,936 [Time-limited test] INFO  algorithms.ContainerPlacementPolicyFactory (ContainerPlacementPolicyFactory.java:getPolicy(60)) - Create container placement policy of type org.apache.hadoop.hdds.scm.container.placement.algorithms.SCMContainerPlacementRandom
2022-03-06 23:38:23,944 [Time-limited test] INFO  pipeline.PipelineStateManagerImpl (PipelineStateManagerImpl.java:initialize(78)) - No pipeline exists in current db
2022-03-06 23:38:23,945 [Time-limited test] INFO  algorithms.LeaderChoosePolicyFactory (LeaderChoosePolicyFactory.java:getPolicy(57)) - Create leader choose policy of type org.apache.hadoop.hdds.scm.pipeline.leader.choose.algorithms.MinLeaderCountChoosePolicy
2022-03-06 23:38:23,950 [Time-limited test] INFO  ha.SCMServiceManager (SCMServiceManager.java:register(42)) - Registering service BackgroundPipelineCreator.
2022-03-06 23:38:23,954 [Time-limited test] INFO  pipeline.BackgroundPipelineCreator (BackgroundPipelineCreator.java:start(130)) - Starting RatisPipelineUtilsThread.
2022-03-06 23:38:23,955 [Time-limited test] INFO  algorithms.PipelineChoosePolicyFactory (PipelineChoosePolicyFactory.java:createPipelineChoosePolicyFromClass(73)) - Create pipeline choose policy of type org.apache.hadoop.hdds.scm.pipeline.choose.algorithms.RandomPipelineChoosePolicy
2022-03-06 23:38:23,955 [Time-limited test] INFO  ha.SCMServiceManager (SCMServiceManager.java:register(42)) - Registering service SCMBlockDeletingService.
2022-03-06 23:38:23,956 [Time-limited test] INFO  ha.SCMServiceManager (SCMServiceManager.java:register(42)) - Registering service ReplicationManager.
2022-03-06 23:38:23,956 [Time-limited test] INFO  container.ReplicationManager (ReplicationManager.java:start(326)) - Starting Replication Monitor Thread.
2022-03-06 23:38:23,956 [Time-limited test] INFO  safemode.ContainerSafeModeRule (ContainerSafeModeRule.java:<init>(89)) - containers with one replica threshold count 0
2022-03-06 23:38:23,957 [Time-limited test] INFO  safemode.HealthyPipelineSafeModeRule (HealthyPipelineSafeModeRule.java:initializeRule(156)) - Total pipeline count is 0, healthy pipeline threshold count is 1
2022-03-06 23:38:23,957 [Time-limited test] INFO  safemode.OneReplicaPipelineSafeModeRule (OneReplicaPipelineSafeModeRule.java:initializeRule(180)) - Total pipeline count is 0, pipeline's with at least one datanode reported threshold count is 0
2022-03-06 23:38:23,957 [Time-limited test] INFO  ipc.CallQueueManager (CallQueueManager.java:<init>(90)) - Using callQueue: class java.util.concurrent.LinkedBlockingQueue, queueCapacity: 2000, scheduler: class org.apache.hadoop.ipc.DefaultRpcScheduler, ipcBackoff: false.
2022-03-06 23:38:23,958 [Socket Reader #1 for port 0] INFO  ipc.Server (Server.java:run(1265)) - Starting Socket Reader #1 for port 0
2022-03-06 23:38:23,959 [Listener at 0.0.0.0/33845] INFO  ipc.CallQueueManager (CallQueueManager.java:<init>(90)) - Using callQueue: class java.util.concurrent.LinkedBlockingQueue, queueCapacity: 2000, scheduler: class org.apache.hadoop.ipc.DefaultRpcScheduler, ipcBackoff: false.
2022-03-06 23:38:23,959 [Socket Reader #1 for port 0] INFO  ipc.Server (Server.java:run(1265)) - Starting Socket Reader #1 for port 0
2022-03-06 23:38:23,960 [Listener at 0.0.0.0/44023] INFO  ipc.CallQueueManager (CallQueueManager.java:<init>(90)) - Using callQueue: class java.util.concurrent.LinkedBlockingQueue, queueCapacity: 2000, scheduler: class org.apache.hadoop.ipc.DefaultRpcScheduler, ipcBackoff: false.
2022-03-06 23:38:23,978 [ReplicationMonitor] INFO  container.ReplicationManager (ReplicationManager.java:processAll(374)) - Replication Manager is not ready to run until 3000ms after safemode exit
2022-03-06 23:38:23,997 [Socket Reader #1 for port 0] INFO  ipc.Server (Server.java:run(1265)) - Starting Socket Reader #1 for port 0
2022-03-06 23:38:24,019 [Listener at 0.0.0.0/36201] INFO  server.StorageContainerManager (StorageContainerManager.java:<init>(389)) - 
Container Balancer status:
Key                            Value
Running                        false
Container Balancer Configuration values:
Key                                                Value
Threshold                                          10
Max Datanodes to Involve per Iteration(percent)    20
Max Size to Move per Iteration                     500GB
Max Size Entering Target per Iteration             26GB
Max Size Leaving Source per Iteration              26GB

2022-03-06 23:38:24,036 [Listener at 0.0.0.0/36201] WARN  events.EventQueue (EventQueue.java:fireEvent(194)) - No event handler registered for event TypedEvent{payloadType=SafeModeStatus, name='Safe mode status'}
2022-03-06 23:38:24,036 [Listener at 0.0.0.0/36201] INFO  ha.SCMContext (SCMContext.java:updateSafeModeStatus(211)) - Update SafeModeStatus from SafeModeStatus{safeModeStatus=true, preCheckPassed=false} to SafeModeStatus{safeModeStatus=true, preCheckPassed=false}.
2022-03-06 23:38:24,036 [Listener at 0.0.0.0/36201] INFO  server.StorageContainerManager (StorageContainerManager.java:start(1327)) - StorageContainerLocationProtocol RPC server is listening at /0.0.0.0:36201
2022-03-06 23:38:24,037 [Listener at 0.0.0.0/36201] INFO  ha.SCMRatisServerImpl (SCMRatisServerImpl.java:start(177)) - starting ratis server 0.0.0.0:9894
2022-03-06 23:38:24,037 [Listener at 0.0.0.0/36201] INFO  server.RaftServer$Division (RaftServerImpl.java:start(301)) - 6e71cd40-ad6e-421f-b1db-df6cb86c3193@group-49B527ACBB1B: start as a follower, conf=0: [6e71cd40-ad6e-421f-b1db-df6cb86c3193|rpc:fv-az148-899:9894|admin:|client:|dataStream:|priority:0], old=null
2022-03-06 23:38:24,037 [Listener at 0.0.0.0/36201] INFO  server.RaftServer$Division (RaftServerImpl.java:setRole(290)) - 6e71cd40-ad6e-421f-b1db-df6cb86c3193@group-49B527ACBB1B: changes role from      null to FOLLOWER at term 1 for startAsFollower
2022-03-06 23:38:24,037 [Listener at 0.0.0.0/36201] INFO  impl.RoleInfo (RoleInfo.java:updateAndGet(130)) - 6e71cd40-ad6e-421f-b1db-df6cb86c3193: start 6e71cd40-ad6e-421f-b1db-df6cb86c3193@group-49B527ACBB1B-FollowerState
2022-03-06 23:38:24,050 [Listener at 0.0.0.0/36201] INFO  util.JmxRegister (JmxRegister.java:tryRegister(44)) - Successfully registered JMX Bean with object name Ratis:service=RaftServer,group=group-49B527ACBB1B,id=6e71cd40-ad6e-421f-b1db-df6cb86c3193
2022-03-06 23:38:24,052 [Listener at 0.0.0.0/36201] INFO  server.RaftServer (RaftServerProxy.java:lambda$start$5(374)) - 6e71cd40-ad6e-421f-b1db-df6cb86c3193: start RPC server
2022-03-06 23:38:24,062 [Listener at 0.0.0.0/36201] INFO  server.GrpcService (GrpcService.java:startImpl(253)) - 6e71cd40-ad6e-421f-b1db-df6cb86c3193: GrpcService started, listening on 9894
2022-03-06 23:38:24,072 [Listener at 0.0.0.0/36201] INFO  ha.SCMHAManagerImpl (SCMHAManagerImpl.java:start(121)) -  scm role is FOLLOWER peers [6e71cd40-ad6e-421f-b1db-df6cb86c3193|rpc:fv-az148-899:9894|admin:|client:|dataStream:|priority:0]
2022-03-06 23:38:24,072 [Listener at 0.0.0.0/36201] INFO  ha.InterSCMGrpcService (InterSCMGrpcProtocolService.java:start(94)) - Starting SCM Grpc Service at port 9895
2022-03-06 23:38:24,074 [Listener at 0.0.0.0/36201] WARN  impl.MetricsConfig (MetricsConfig.java:loadFirst(136)) - Cannot locate configuration: tried hadoop-metrics2-storagecontainermanager.properties,hadoop-metrics2.properties
2022-03-06 23:38:24,075 [org.apache.ratis.util.JvmPauseMonitor$$Lambda$431/1941186180@24971f7c] INFO  util.JvmPauseMonitor (JvmPauseMonitor.java:run(103)) - JvmPauseMonitor-6e71cd40-ad6e-421f-b1db-df6cb86c3193: Started
2022-03-06 23:38:24,075 [Listener at 0.0.0.0/36201] INFO  impl.MetricsSystemImpl (MetricsSystemImpl.java:startTimer(378)) - Scheduled Metric snapshot period at 10 second(s).
2022-03-06 23:38:24,076 [Listener at 0.0.0.0/36201] INFO  impl.MetricsSystemImpl (MetricsSystemImpl.java:start(191)) - StorageContainerManager metrics system started
2022-03-06 23:38:24,107 [Listener at 0.0.0.0/36201] INFO  impl.MetricsSinkAdapter (MetricsSinkAdapter.java:start(204)) - Sink prometheus started
2022-03-06 23:38:24,107 [Listener at 0.0.0.0/36201] INFO  impl.MetricsSystemImpl (MetricsSystemImpl.java:registerSink(305)) - Registered sink prometheus
2022-03-06 23:38:24,150 [Listener at 0.0.0.0/36201] INFO  server.SCMClientProtocolServer (SCMClientProtocolServer.java:start(165)) - RPC server for Client  is listening at /0.0.0.0:36201
2022-03-06 23:38:24,150 [IPC Server Responder] INFO  ipc.Server (Server.java:run(1507)) - IPC Server Responder: starting
2022-03-06 23:38:24,151 [IPC Server listener on 0] INFO  ipc.Server (Server.java:run(1344)) - IPC Server listener on 0: starting
2022-03-06 23:38:24,171 [Listener at 0.0.0.0/36201] INFO  server.StorageContainerManager (StorageContainerManager.java:start(1342)) - ScmBlockLocationProtocol RPC server is listening at /0.0.0.0:44023
2022-03-06 23:38:24,171 [Listener at 0.0.0.0/36201] INFO  server.SCMBlockProtocolServer (SCMBlockProtocolServer.java:start(151)) - RPC server for Block Protocol is listening at /0.0.0.0:44023
2022-03-06 23:38:24,184 [IPC Server Responder] INFO  ipc.Server (Server.java:run(1507)) - IPC Server Responder: starting
2022-03-06 23:38:24,216 [IPC Server listener on 0] INFO  ipc.Server (Server.java:run(1344)) - IPC Server listener on 0: starting
2022-03-06 23:38:24,252 [org.apache.hadoop.util.JvmPauseMonitor$Monitor@4621f0b2] INFO  util.JvmPauseMonitor (JvmPauseMonitor.java:run(188)) - Starting JVM pause monitor
2022-03-06 23:38:24,260 [Listener at 0.0.0.0/36201] INFO  http.BaseHttpServer (BaseHttpServer.java:newHttpServer2BuilderForOzone(209)) - Starting Web-server for scm at: http://0.0.0.0:0
2022-03-06 23:38:24,260 [Listener at 0.0.0.0/36201] INFO  http.BaseHttpServer (BaseHttpServer.java:<init>(107)) - Hadoop Security Enabled: false Ozone Security Enabled: false Ozone HTTP Security Enabled: false 
2022-03-06 23:38:24,261 [Listener at 0.0.0.0/36201] INFO  server.AuthenticationFilter (AuthenticationFilter.java:constructSecretProvider(240)) - Unable to initialize FileSignerSecretProvider, falling back to use random secrets.
2022-03-06 23:38:24,268 [Listener at 0.0.0.0/36201] WARN  http.HttpRequestLog (HttpRequestLog.java:getRequestLog(103)) - Jetty request log can only be enabled using Log4j
2022-03-06 23:38:24,269 [Listener at 0.0.0.0/36201] INFO  http.HttpServer2 (HttpServer2.java:addGlobalFilter(1030)) - Added global filter 'safety' (class=org.apache.hadoop.hdds.server.http.HttpServer2$QuotingInputFilter)
2022-03-06 23:38:24,270 [Listener at 0.0.0.0/36201] INFO  http.HttpServer2 (HttpServer2.java:addFilter(1006)) - Added filter static_user_filter (class=org.apache.hadoop.http.lib.StaticUserWebFilter$StaticUserFilter) to context scm
2022-03-06 23:38:24,270 [Listener at 0.0.0.0/36201] INFO  http.HttpServer2 (HttpServer2.java:addFilter(1014)) - Added filter static_user_filter (class=org.apache.hadoop.http.lib.StaticUserWebFilter$StaticUserFilter) to context static
2022-03-06 23:38:24,270 [Listener at 0.0.0.0/36201] INFO  http.HttpServer2 (HttpServer2.java:addFilter(1014)) - Added filter static_user_filter (class=org.apache.hadoop.http.lib.StaticUserWebFilter$StaticUserFilter) to context logs
2022-03-06 23:38:24,270 [Listener at 0.0.0.0/36201] INFO  http.HttpServer2 (HttpServer2.java:bindListener(1249)) - Jetty bound to port 40645
2022-03-06 23:38:24,271 [Listener at 0.0.0.0/36201] INFO  server.Server (Server.java:doStart(375)) - jetty-9.4.43.v20210629; built: 2021-06-30T11:07:22.254Z; git: 526006ecfa3af7f1a27ef3a288e2bef7ea9dd7e8; jvm 1.8.0_322-b06
2022-03-06 23:38:24,278 [Listener at 0.0.0.0/36201] INFO  server.session (DefaultSessionIdManager.java:doStart(334)) - DefaultSessionIdManager workerName=node0
2022-03-06 23:38:24,278 [Listener at 0.0.0.0/36201] INFO  server.session (DefaultSessionIdManager.java:doStart(339)) - No SessionScavenger set, using defaults
2022-03-06 23:38:24,278 [Listener at 0.0.0.0/36201] INFO  server.session (HouseKeeper.java:startScavenging(132)) - node0 Scavenging every 660000ms
2022-03-06 23:38:24,279 [Listener at 0.0.0.0/36201] INFO  handler.ContextHandler (ContextHandler.java:doStart(915)) - Started o.e.j.s.ServletContextHandler@5a44711f{logs,/logs,file:///home/runner/work/ozone/ozone/hadoop-ozone/integration-test/target/log,AVAILABLE}
2022-03-06 23:38:24,280 [Listener at 0.0.0.0/36201] INFO  handler.ContextHandler (ContextHandler.java:doStart(915)) - Started o.e.j.s.ServletContextHandler@3d331a61{static,/static,file:///home/runner/work/ozone/ozone/hadoop-ozone/integration-test/target/test-classes/webapps/static,AVAILABLE}
2022-03-06 23:38:24,283 [Listener at 0.0.0.0/36201] INFO  handler.ContextHandler (ContextHandler.java:doStart(915)) - Started o.e.j.w.WebAppContext@5d396341{scm,/,file:///home/runner/work/ozone/ozone/hadoop-ozone/integration-test/target/test-classes/webapps/scm/,AVAILABLE}{file:/home/runner/work/ozone/ozone/hadoop-ozone/integration-test/target/test-classes/webapps/scm}
2022-03-06 23:38:24,299 [Listener at 0.0.0.0/36201] INFO  server.AbstractConnector (AbstractConnector.java:doStart(331)) - Started ServerConnector@21ea52b1{HTTP/1.1, (http/1.1)}{0.0.0.0:40645}
2022-03-06 23:38:24,300 [Listener at 0.0.0.0/36201] INFO  server.Server (Server.java:doStart(415)) - Started @90858ms
2022-03-06 23:38:24,300 [Listener at 0.0.0.0/36201] WARN  impl.MetricsSystemImpl (MetricsSystemImpl.java:register(279)) - Sink prometheus already exists!
2022-03-06 23:38:24,301 [Listener at 0.0.0.0/36201] INFO  http.BaseHttpServer (BaseHttpServer.java:updateConnectorAddress(329)) - HTTP server of scm listening at http://0.0.0.0:40645
2022-03-06 23:38:24,301 [Listener at 0.0.0.0/36201] WARN  server.ServerUtils (ServerUtils.java:getDBPath(225)) - ozone.om.db.dirs is not configured. We recommend adding this setting. Falling back to ozone.metadata.dirs instead.
2022-03-06 23:38:24,303 [Listener at 0.0.0.0/36201] INFO  ha.OMHANodeDetails (OMHANodeDetails.java:loadOMHAConfig(112)) - ozone.om.internal.service.id is not defined, falling back to ozone.om.service.ids to find serviceID for OzoneManager if it is HA enabled cluster
2022-03-06 23:38:24,303 [Listener at 0.0.0.0/36201] INFO  ha.OMHANodeDetails (OMHANodeDetails.java:loadOMHAConfig(218)) - Configuration does not have ozone.om.address set. Falling back to the default OM address /127.0.0.1:0
2022-03-06 23:38:24,303 [Listener at 0.0.0.0/36201] INFO  ha.OMHANodeDetails (OMHANodeDetails.java:getOMNodeDetailsForNonHA(246)) - OM Service ID is not set. Setting it to the default ID: omServiceIdDefault
2022-03-06 23:38:24,303 [Listener at 0.0.0.0/36201] INFO  ha.OMHANodeDetails (OMHANodeDetails.java:getOMNodeDetailsForNonHA(253)) - OM Node ID is not set. Setting it to the default ID: om1
2022-03-06 23:38:24,303 [Listener at 0.0.0.0/36201] WARN  server.ServerUtils (ServerUtils.java:getDBPath(225)) - ozone.om.db.dirs is not configured. We recommend adding this setting. Falling back to ozone.metadata.dirs instead.
2022-03-06 23:38:24,304 [Listener at 0.0.0.0/36201] INFO  upgrade.AbstractLayoutVersionManager (AbstractLayoutVersionManager.java:init(79)) - Initializing Layout version manager with metadata layout = INITIAL_VERSION (version = 0), software layout = INITIAL_VERSION (version = 0)
2022-03-06 23:38:24,396 [Listener at 0.0.0.0/36201] INFO  reflections.Reflections (Reflections.java:scan(232)) - Reflections took 91 ms to scan 2 urls, producing 134 keys and 349 values [using 2 cores]
2022-03-06 23:38:24,397 [Listener at 0.0.0.0/36201] INFO  upgrade.OMLayoutVersionManager (OMLayoutVersionManager.java:lambda$0(115)) - Skipping Upgrade Action MockOmUpgradeAction since it has been finalized.
2022-03-06 23:38:24,397 [Listener at 0.0.0.0/36201] WARN  server.ServerUtils (ServerUtils.java:getDBPath(225)) - ozone.om.db.dirs is not configured. We recommend adding this setting. Falling back to ozone.metadata.dirs instead.
2022-03-06 23:38:26,431 [Listener at 0.0.0.0/36201] INFO  retry.RetryInvocationHandler (RetryInvocationHandler.java:log(411)) - com.google.protobuf.ServiceException: org.apache.hadoop.ipc.RemoteException(org.apache.hadoop.hdds.ratis.ServerNotLeaderException): Server:6e71cd40-ad6e-421f-b1db-df6cb86c3193 is not the leader. Could not determine the leader node.
	at org.apache.hadoop.hdds.ratis.ServerNotLeaderException.convertToNotLeaderException(ServerNotLeaderException.java:109)
	at org.apache.hadoop.hdds.scm.ha.RatisUtil.checkRatisException(RatisUtil.java:246)
	at org.apache.hadoop.hdds.scm.protocol.ScmBlockLocationProtocolServerSideTranslatorPB.send(ScmBlockLocationProtocolServerSideTranslatorPB.java:108)
	at org.apache.hadoop.hdds.protocol.proto.ScmBlockLocationProtocolProtos$ScmBlockLocationProtocolService$2.callBlockingMethod(ScmBlockLocationProtocolProtos.java:13937)
	at org.apache.hadoop.ipc.ProtobufRpcEngine$Server.processCall(ProtobufRpcEngine.java:466)
	at org.apache.hadoop.ipc.ProtobufRpcEngine2$Server$ProtoBufRpcInvoker.call(ProtobufRpcEngine2.java:574)
	at org.apache.hadoop.ipc.ProtobufRpcEngine2$Server$ProtoBufRpcInvoker.call(ProtobufRpcEngine2.java:552)
	at org.apache.hadoop.ipc.RPC$Server.call(RPC.java:1093)
	at org.apache.hadoop.ipc.Server$RpcCall.run(Server.java:1035)
	at org.apache.hadoop.ipc.Server$RpcCall.run(Server.java:963)
	at java.security.AccessController.doPrivileged(Native Method)
	at javax.security.auth.Subject.doAs(Subject.java:422)
	at org.apache.hadoop.security.UserGroupInformation.doAs(UserGroupInformation.java:1878)
	at org.apache.hadoop.ipc.Server$Handler.run(Server.java:2966)
, while invoking $Proxy44.send over nodeId=scmNodeId,nodeAddress=/0.0.0.0:44023 after 1 failover attempts. Trying to failover after sleeping for 2000ms.
2022-03-06 23:38:28,435 [Listener at 0.0.0.0/36201] INFO  retry.RetryInvocationHandler (RetryInvocationHandler.java:log(411)) - com.google.protobuf.ServiceException: org.apache.hadoop.ipc.RemoteException(org.apache.hadoop.hdds.ratis.ServerNotLeaderException): Server:6e71cd40-ad6e-421f-b1db-df6cb86c3193 is not the leader. Could not determine the leader node.
	at org.apache.hadoop.hdds.ratis.ServerNotLeaderException.convertToNotLeaderException(ServerNotLeaderException.java:109)
	at org.apache.hadoop.hdds.scm.ha.RatisUtil.checkRatisException(RatisUtil.java:246)
	at org.apache.hadoop.hdds.scm.protocol.ScmBlockLocationProtocolServerSideTranslatorPB.send(ScmBlockLocationProtocolServerSideTranslatorPB.java:108)
	at org.apache.hadoop.hdds.protocol.proto.ScmBlockLocationProtocolProtos$ScmBlockLocationProtocolService$2.callBlockingMethod(ScmBlockLocationProtocolProtos.java:13937)
	at org.apache.hadoop.ipc.ProtobufRpcEngine$Server.processCall(ProtobufRpcEngine.java:466)
	at org.apache.hadoop.ipc.ProtobufRpcEngine2$Server$ProtoBufRpcInvoker.call(ProtobufRpcEngine2.java:574)
	at org.apache.hadoop.ipc.ProtobufRpcEngine2$Server$ProtoBufRpcInvoker.call(ProtobufRpcEngine2.java:552)
	at org.apache.hadoop.ipc.RPC$Server.call(RPC.java:1093)
	at org.apache.hadoop.ipc.Server$RpcCall.run(Server.java:1035)
	at org.apache.hadoop.ipc.Server$RpcCall.run(Server.java:963)
	at java.security.AccessController.doPrivileged(Native Method)
	at javax.security.auth.Subject.doAs(Subject.java:422)
	at org.apache.hadoop.security.UserGroupInformation.doAs(UserGroupInformation.java:1878)
	at org.apache.hadoop.ipc.Server$Handler.run(Server.java:2966)
, while invoking $Proxy44.send over nodeId=scmNodeId,nodeAddress=/0.0.0.0:44023 after 2 failover attempts. Trying to failover after sleeping for 2000ms.
2022-03-06 23:38:29,094 [6e71cd40-ad6e-421f-b1db-df6cb86c3193@group-49B527ACBB1B-FollowerState] INFO  impl.FollowerState (FollowerState.java:run(134)) - 6e71cd40-ad6e-421f-b1db-df6cb86c3193@group-49B527ACBB1B-FollowerState: change to CANDIDATE, lastRpcElapsedTime:5056717199ns, electionTimeout:5044ms
2022-03-06 23:38:29,094 [6e71cd40-ad6e-421f-b1db-df6cb86c3193@group-49B527ACBB1B-FollowerState] INFO  impl.RoleInfo (RoleInfo.java:shutdownFollowerState(108)) - 6e71cd40-ad6e-421f-b1db-df6cb86c3193: shutdown 6e71cd40-ad6e-421f-b1db-df6cb86c3193@group-49B527ACBB1B-FollowerState
2022-03-06 23:38:29,095 [6e71cd40-ad6e-421f-b1db-df6cb86c3193@group-49B527ACBB1B-FollowerState] INFO  server.RaftServer$Division (RaftServerImpl.java:setRole(290)) - 6e71cd40-ad6e-421f-b1db-df6cb86c3193@group-49B527ACBB1B: changes role from  FOLLOWER to CANDIDATE at term 1 for changeToCandidate
2022-03-06 23:38:29,095 [6e71cd40-ad6e-421f-b1db-df6cb86c3193@group-49B527ACBB1B-FollowerState] INFO  server.RaftServerConfigKeys (ConfUtils.java:logGet(44)) - raft.server.leaderelection.pre-vote = false (custom)
2022-03-06 23:38:29,095 [6e71cd40-ad6e-421f-b1db-df6cb86c3193@group-49B527ACBB1B-FollowerState] INFO  impl.RoleInfo (RoleInfo.java:updateAndGet(130)) - 6e71cd40-ad6e-421f-b1db-df6cb86c3193: start 6e71cd40-ad6e-421f-b1db-df6cb86c3193@group-49B527ACBB1B-LeaderElection13
2022-03-06 23:38:29,113 [6e71cd40-ad6e-421f-b1db-df6cb86c3193@group-49B527ACBB1B-LeaderElection13] INFO  impl.LeaderElection (LeaderElection.java:askForVotes(306)) - 6e71cd40-ad6e-421f-b1db-df6cb86c3193@group-49B527ACBB1B-LeaderElection13 ELECTION round 0: submit vote requests at term 2 for 0: [6e71cd40-ad6e-421f-b1db-df6cb86c3193|rpc:fv-az148-899:9894|admin:|client:|dataStream:|priority:0], old=null
2022-03-06 23:38:29,113 [6e71cd40-ad6e-421f-b1db-df6cb86c3193@group-49B527ACBB1B-LeaderElection13] INFO  impl.LeaderElection (LeaderElection.java:askForVotes(308)) - 6e71cd40-ad6e-421f-b1db-df6cb86c3193@group-49B527ACBB1B-LeaderElection13 ELECTION round 0: result PASSED (term=2)
2022-03-06 23:38:29,113 [6e71cd40-ad6e-421f-b1db-df6cb86c3193@group-49B527ACBB1B-LeaderElection13] INFO  impl.RoleInfo (RoleInfo.java:shutdownLeaderElection(121)) - 6e71cd40-ad6e-421f-b1db-df6cb86c3193: shutdown 6e71cd40-ad6e-421f-b1db-df6cb86c3193@group-49B527ACBB1B-LeaderElection13
2022-03-06 23:38:29,113 [6e71cd40-ad6e-421f-b1db-df6cb86c3193@group-49B527ACBB1B-LeaderElection13] INFO  server.RaftServer$Division (RaftServerImpl.java:setRole(290)) - 6e71cd40-ad6e-421f-b1db-df6cb86c3193@group-49B527ACBB1B: changes role from CANDIDATE to LEADER at term 2 for changeToLeader
2022-03-06 23:38:29,113 [6e71cd40-ad6e-421f-b1db-df6cb86c3193@group-49B527ACBB1B-LeaderElection13] INFO  ha.SCMStateMachine (SCMStateMachine.java:notifyLeaderChanged(259)) - current SCM becomes leader of term 2.
2022-03-06 23:38:29,113 [6e71cd40-ad6e-421f-b1db-df6cb86c3193@group-49B527ACBB1B-LeaderElection13] INFO  ha.SCMContext (SCMContext.java:updateLeaderAndTerm(90)) - update <isLeader,term> from <false,0> to <true,2>
2022-03-06 23:38:29,114 [6e71cd40-ad6e-421f-b1db-df6cb86c3193@group-49B527ACBB1B-LeaderElection13] INFO  server.RaftServer$Division (ServerState.java:setLeader(285)) - 6e71cd40-ad6e-421f-b1db-df6cb86c3193@group-49B527ACBB1B: change Leader from null to 6e71cd40-ad6e-421f-b1db-df6cb86c3193 at term 2 for becomeLeader, leader elected after 5219ms
2022-03-06 23:38:29,114 [6e71cd40-ad6e-421f-b1db-df6cb86c3193@group-49B527ACBB1B-LeaderElection13] INFO  server.RaftServerConfigKeys (ConfUtils.java:logGet(44)) - raft.server.staging.catchup.gap = 1000 (default)
2022-03-06 23:38:29,114 [6e71cd40-ad6e-421f-b1db-df6cb86c3193@group-49B527ACBB1B-LeaderElection13] INFO  server.RaftServerConfigKeys (ConfUtils.java:logGet(44)) - raft.server.write.element-limit = 4096 (default)
2022-03-06 23:38:29,114 [6e71cd40-ad6e-421f-b1db-df6cb86c3193@group-49B527ACBB1B-LeaderElection13] INFO  server.RaftServerConfigKeys (ConfUtils.java:logGet(44)) - raft.server.write.byte-limit = 64MB (=67108864) (default)
2022-03-06 23:38:29,115 [6e71cd40-ad6e-421f-b1db-df6cb86c3193@group-49B527ACBB1B-LeaderElection13] INFO  server.RaftServerConfigKeys (ConfUtils.java:logGet(44)) - raft.server.watch.timeout = 10s (default)
2022-03-06 23:38:29,115 [6e71cd40-ad6e-421f-b1db-df6cb86c3193@group-49B527ACBB1B-LeaderElection13] INFO  server.RaftServerConfigKeys (ConfUtils.java:logGet(44)) - raft.server.watch.timeout.denomination = 1s (default)
2022-03-06 23:38:29,115 [6e71cd40-ad6e-421f-b1db-df6cb86c3193@group-49B527ACBB1B-LeaderElection13] INFO  server.RaftServerConfigKeys (ConfUtils.java:logGet(44)) - raft.server.watch.element-limit = 65536 (default)
2022-03-06 23:38:29,115 [6e71cd40-ad6e-421f-b1db-df6cb86c3193@group-49B527ACBB1B-LeaderElection13] INFO  server.RaftServerConfigKeys (ConfUtils.java:logGet(44)) - raft.server.write.element-limit = 4096 (default)
2022-03-06 23:38:29,115 [6e71cd40-ad6e-421f-b1db-df6cb86c3193@group-49B527ACBB1B-LeaderElection13] INFO  server.RaftServerConfigKeys (ConfUtils.java:logGet(44)) - raft.server.write.follower.gap.ratio.max = -1.0 (default)
2022-03-06 23:38:29,115 [6e71cd40-ad6e-421f-b1db-df6cb86c3193@group-49B527ACBB1B-LeaderElection13] INFO  impl.RoleInfo (RoleInfo.java:updateAndGet(130)) - 6e71cd40-ad6e-421f-b1db-df6cb86c3193: start 6e71cd40-ad6e-421f-b1db-df6cb86c3193@group-49B527ACBB1B-LeaderStateImpl
2022-03-06 23:38:29,116 [6e71cd40-ad6e-421f-b1db-df6cb86c3193@group-49B527ACBB1B-LeaderElection13] INFO  segmented.SegmentedRaftLogWorker (SegmentedRaftLogWorker.java:rollLogSegment(399)) - 6e71cd40-ad6e-421f-b1db-df6cb86c3193@group-49B527ACBB1B-SegmentedRaftLogWorker: Rolling segment log-0_0 to index:0
2022-03-06 23:38:29,124 [6e71cd40-ad6e-421f-b1db-df6cb86c3193@group-49B527ACBB1B-SegmentedRaftLogWorker] INFO  segmented.SegmentedRaftLogWorker (SegmentedRaftLogWorker.java:execute(558)) - 6e71cd40-ad6e-421f-b1db-df6cb86c3193@group-49B527ACBB1B-SegmentedRaftLogWorker: Rolled log segment from /home/runner/work/ozone/ozone/hadoop-ozone/integration-test/target/test-dir/MiniOzoneClusterImpl-1620ac7c-bf10-4486-a396-49b527acbb1b/ozone-meta/scm-ha/1620ac7c-bf10-4486-a396-49b527acbb1b/current/log_inprogress_0 to /home/runner/work/ozone/ozone/hadoop-ozone/integration-test/target/test-dir/MiniOzoneClusterImpl-1620ac7c-bf10-4486-a396-49b527acbb1b/ozone-meta/scm-ha/1620ac7c-bf10-4486-a396-49b527acbb1b/current/log_0-0
2022-03-06 23:38:29,129 [6e71cd40-ad6e-421f-b1db-df6cb86c3193@group-49B527ACBB1B-LeaderElection13] INFO  server.RaftServer$Division (ServerState.java:setRaftConf(387)) - 6e71cd40-ad6e-421f-b1db-df6cb86c3193@group-49B527ACBB1B: set configuration 1: [6e71cd40-ad6e-421f-b1db-df6cb86c3193|rpc:fv-az148-899:9894|admin:|client:|dataStream:|priority:0], old=null
2022-03-06 23:38:29,137 [6e71cd40-ad6e-421f-b1db-df6cb86c3193@group-49B527ACBB1B-SegmentedRaftLogWorker] INFO  segmented.SegmentedRaftLogWorker (SegmentedRaftLogWorker.java:execute(601)) - 6e71cd40-ad6e-421f-b1db-df6cb86c3193@group-49B527ACBB1B-SegmentedRaftLogWorker: created new log segment /home/runner/work/ozone/ozone/hadoop-ozone/integration-test/target/test-dir/MiniOzoneClusterImpl-1620ac7c-bf10-4486-a396-49b527acbb1b/ozone-meta/scm-ha/1620ac7c-bf10-4486-a396-49b527acbb1b/current/log_inprogress_1
2022-03-06 23:38:29,148 [6e71cd40-ad6e-421f-b1db-df6cb86c3193@group-49B527ACBB1B-StateMachineUpdater] INFO  ha.SCMContext (SCMContext.java:setLeaderReady(117)) - update <isLeaderReady> from <false> to <true>
2022-03-06 23:38:29,149 [6e71cd40-ad6e-421f-b1db-df6cb86c3193@group-49B527ACBB1B-StateMachineUpdater] INFO  pipeline.BackgroundPipelineCreator (BackgroundPipelineCreator.java:notifyStatusChanged(264)) - Service BackgroundPipelineCreator transitions to RUNNING.
2022-03-06 23:38:29,149 [6e71cd40-ad6e-421f-b1db-df6cb86c3193@group-49B527ACBB1B-StateMachineUpdater] INFO  safemode.HealthyPipelineSafeModeRule (HealthyPipelineSafeModeRule.java:initializeRule(152)) - Refreshed total pipeline count is 0, healthy pipeline threshold count is 1
2022-03-06 23:38:29,149 [6e71cd40-ad6e-421f-b1db-df6cb86c3193@group-49B527ACBB1B-StateMachineUpdater] INFO  safemode.ContainerSafeModeRule (ContainerSafeModeRule.java:reInitializeRule(177)) - Refreshed one replica container threshold 0, currentThreshold 0
2022-03-06 23:38:29,149 [6e71cd40-ad6e-421f-b1db-df6cb86c3193@group-49B527ACBB1B-StateMachineUpdater] INFO  safemode.OneReplicaPipelineSafeModeRule (OneReplicaPipelineSafeModeRule.java:initializeRule(176)) - Refreshed Total pipeline count is 0, pipeline's with at least one datanode reported threshold count is 0
2022-03-06 23:38:29,149 [6e71cd40-ad6e-421f-b1db-df6cb86c3193@group-49B527ACBB1B-StateMachineUpdater] INFO  server.SCMDatanodeProtocolServer (SCMDatanodeProtocolServer.java:start(183)) - ScmDatanodeProtocol RPC server for DataNodes is listening at /0.0.0.0:33845
2022-03-06 23:38:29,158 [IPC Server listener on 0] INFO  ipc.Server (Server.java:run(1344)) - IPC Server listener on 0: starting
2022-03-06 23:38:29,166 [IPC Server Responder] INFO  ipc.Server (Server.java:run(1507)) - IPC Server Responder: starting
2022-03-06 23:38:30,438 [Listener at 0.0.0.0/36201] WARN  server.ServerUtils (ServerUtils.java:getDBPath(225)) - ozone.om.db.dirs is not configured. We recommend adding this setting. Falling back to ozone.metadata.dirs instead.
2022-03-06 23:38:30,439 [Listener at 0.0.0.0/36201] INFO  codec.OmKeyInfoCodec (OmKeyInfoCodec.java:<init>(50)) - OmKeyInfoCodec ignorePipeline = true
2022-03-06 23:38:30,439 [Listener at 0.0.0.0/36201] INFO  codec.RepeatedOmKeyInfoCodec (RepeatedOmKeyInfoCodec.java:<init>(42)) - RepeatedOmKeyInfoCodec ignorePipeline = true
2022-03-06 23:38:30,719 [Listener at 0.0.0.0/36201] INFO  om.OzoneManager (OzoneManager.java:addS3GVolumeToDB(3733)) - Created Volume s3v With Owner runner required for S3Gateway operations.
2022-03-06 23:38:30,719 [Listener at 0.0.0.0/36201] WARN  server.ServerUtils (ServerUtils.java:getDefaultRatisDirectory(237)) - Storage directory for Ratis is not configured. It is a good idea to map this to an SSD disk. Falling back to ozone.metadata.dirs
2022-03-06 23:38:30,719 [Listener at 0.0.0.0/36201] WARN  utils.OzoneManagerRatisUtils (OzoneManagerRatisUtils.java:getOMRatisSnapshotDirectory(330)) - ozone.om.ratis.snapshot.dir is not configured. Falling back to ozone.metadata.dirs config
2022-03-06 23:38:30,720 [Listener at 0.0.0.0/36201] WARN  impl.MetricRegistriesImpl (MetricRegistriesImpl.java:addReporterRegistration(111)) - New reporters are added after registries were created. Some metrics will be missing from the reporter. Please add reporter before adding any new registry.
2022-03-06 23:38:30,720 [Listener at 0.0.0.0/36201] WARN  impl.MetricRegistriesImpl (MetricRegistriesImpl.java:addReporterRegistration(111)) - New reporters are added after registries were created. Some metrics will be missing from the reporter. Please add reporter before adding any new registry.
2022-03-06 23:38:30,720 [Listener at 0.0.0.0/36201] WARN  server.ServerUtils (ServerUtils.java:getDefaultRatisDirectory(237)) - Storage directory for Ratis is not configured. It is a good idea to map this to an SSD disk. Falling back to ozone.metadata.dirs
2022-03-06 23:38:30,726 [Listener at 0.0.0.0/36201] INFO  ratis.OzoneManagerRatisServer (OzoneManagerRatisServer.java:<init>(159)) - Instantiating OM Ratis server with groupID: omServiceIdDefault and peers: localhost:9872
2022-03-06 23:38:30,728 [Listener at 0.0.0.0/36201] INFO  ratis.OzoneManagerStateMachine (OzoneManagerStateMachine.java:loadSnapshotInfoFromDB(605)) - LastAppliedIndex is set from TransactionInfo from OM DB as (t:0, i:~)
2022-03-06 23:38:30,736 [Listener at 0.0.0.0/36201] INFO  server.RaftServer (ConfUtils.java:logGet(44)) - raft.rpc.type = GRPC (default)
2022-03-06 23:38:30,736 [Listener at 0.0.0.0/36201] INFO  grpc.GrpcFactory (GrpcFactory.java:checkPooledByteBufAllocatorUseCacheForAllThreads(48)) - PERFORMANCE WARNING: useCacheForAllThreads is true that may cause Netty to create a lot garbage objects and, as a result, trigger GC.
	It is recommended to disable useCacheForAllThreads by setting -Dorg.apache.ratis.thirdparty.io.netty.allocator.useCacheForAllThreads=false in command line.
2022-03-06 23:38:30,736 [Listener at 0.0.0.0/36201] INFO  grpc.GrpcConfigKeys (ConfUtils.java:logGet(44)) - raft.grpc.admin.port = -1 (default)
2022-03-06 23:38:30,736 [Listener at 0.0.0.0/36201] INFO  grpc.GrpcConfigKeys (ConfUtils.java:logGet(44)) - raft.grpc.server.port = 9872 (custom)
2022-03-06 23:38:30,736 [Listener at 0.0.0.0/36201] INFO  grpc.GrpcConfigKeys (ConfUtils.java:logGet(44)) - raft.grpc.client.port = -1 (default)
2022-03-06 23:38:30,737 [Listener at 0.0.0.0/36201] INFO  grpc.GrpcConfigKeys (ConfUtils.java:logGet(44)) - raft.grpc.server.port = 9872 (custom)
2022-03-06 23:38:30,737 [Listener at 0.0.0.0/36201] INFO  grpc.GrpcConfigKeys (ConfUtils.java:logGet(44)) - raft.grpc.server.port = 9872 (custom)
2022-03-06 23:38:30,737 [Listener at 0.0.0.0/36201] INFO  server.GrpcService (ConfUtils.java:logGet(44)) - raft.grpc.message.size.max = 33554432 (custom)
2022-03-06 23:38:30,737 [Listener at 0.0.0.0/36201] INFO  server.RaftServerConfigKeys (ConfUtils.java:logGet(44)) - raft.server.log.appender.buffer.byte-limit = 33554432 (custom)
2022-03-06 23:38:30,737 [Listener at 0.0.0.0/36201] INFO  server.GrpcService (ConfUtils.java:logGet(44)) - raft.grpc.flow.control.window = 1MB (=1048576) (default)
2022-03-06 23:38:30,737 [Listener at 0.0.0.0/36201] INFO  server.RaftServerConfigKeys (ConfUtils.java:logGet(44)) - raft.server.rpc.request.timeout = 3000ms (default)
2022-03-06 23:38:30,738 [Listener at 0.0.0.0/36201] INFO  impl.DataStreamServerImpl (ConfUtils.java:logGet(44)) - raft.datastream.type = DISABLED (default)
2022-03-06 23:38:30,739 [Listener at 0.0.0.0/36201] INFO  server.RaftServerConfigKeys (ConfUtils.java:logGet(44)) - raft.server.rpc.slowness.timeout = 120s (custom)
2022-03-06 23:38:30,739 [Listener at 0.0.0.0/36201] INFO  server.RaftServerConfigKeys (ConfUtils.java:logGet(44)) - raft.server.leaderelection.leader.step-down.wait-time = 10s (default)
2022-03-06 23:38:30,739 [Listener at 0.0.0.0/36201] INFO  server.RaftServerConfigKeys (ConfUtils.java:logGet(44)) - raft.server.storage.dir = [/home/runner/work/ozone/ozone/hadoop-ozone/integration-test/target/test-dir/MiniOzoneClusterImpl-1620ac7c-bf10-4486-a396-49b527acbb1b/ozone-meta/ratis] (custom)
2022-03-06 23:38:30,751 [Listener at 0.0.0.0/36201] INFO  server.RaftServer (RaftServerProxy.java:addNew(95)) - om1: addNew group-C5BA1605619E:[om1|rpc:localhost:9872|priority:0] returns group-C5BA1605619E:java.util.concurrent.CompletableFuture@59b3b28d[Not completed]
2022-03-06 23:38:30,751 [Listener at 0.0.0.0/36201] INFO  om.OzoneManager (OzoneManager.java:initializeRatisServer(1834)) - OzoneManager Ratis server initialized at port 9872
2022-03-06 23:38:30,753 [Listener at 0.0.0.0/36201] INFO  ipc.CallQueueManager (CallQueueManager.java:<init>(90)) - Using callQueue: class java.util.concurrent.LinkedBlockingQueue, queueCapacity: 2000, scheduler: class org.apache.hadoop.ipc.DefaultRpcScheduler, ipcBackoff: false.
2022-03-06 23:38:30,756 [pool-258-thread-1] INFO  server.RaftServer$Division (RaftServerImpl.java:<init>(184)) - om1: new RaftServerImpl for group-C5BA1605619E:[om1|rpc:localhost:9872|priority:0] with OzoneManagerStateMachine:uninitialized
2022-03-06 23:38:30,764 [pool-258-thread-1] INFO  server.RaftServerConfigKeys (ConfUtils.java:logGet(44)) - raft.server.rpc.timeout.min = 1s (custom)
2022-03-06 23:38:30,764 [pool-258-thread-1] INFO  server.RaftServerConfigKeys (ConfUtils.java:logGet(44)) - raft.server.rpc.timeout.max = 1200ms (custom)
2022-03-06 23:38:30,764 [pool-258-thread-1] INFO  server.RaftServerConfigKeys (ConfUtils.java:logGet(44)) - raft.server.rpc.sleep.time = 25ms (default)
2022-03-06 23:38:30,764 [pool-258-thread-1] INFO  server.RaftServerConfigKeys (ConfUtils.java:logGet(44)) - raft.server.rpc.slowness.timeout = 120s (custom)
2022-03-06 23:38:30,764 [pool-258-thread-1] INFO  server.RaftServerConfigKeys (ConfUtils.java:logGet(44)) - raft.server.leaderelection.leader.step-down.wait-time = 10s (default)
2022-03-06 23:38:30,764 [pool-258-thread-1] INFO  server.RaftServerConfigKeys (ConfUtils.java:logGet(44)) - raft.server.sleep.deviation.threshold = 300ms (default)
2022-03-06 23:38:30,764 [pool-258-thread-1] INFO  server.RaftServerConfigKeys (ConfUtils.java:logGet(44)) - raft.server.log.appender.install.snapshot.enabled = false (custom)
2022-03-06 23:38:30,764 [pool-258-thread-1] INFO  server.RaftServer$Division (ServerState.java:<init>(105)) - om1@group-C5BA1605619E: ConfigurationManager, init=-1: [om1|rpc:localhost:9872|priority:0], old=null, confs=<EMPTY_MAP>
2022-03-06 23:38:30,764 [pool-258-thread-1] INFO  server.RaftServerConfigKeys (ConfUtils.java:logGet(44)) - raft.server.storage.dir = [/home/runner/work/ozone/ozone/hadoop-ozone/integration-test/target/test-dir/MiniOzoneClusterImpl-1620ac7c-bf10-4486-a396-49b527acbb1b/ozone-meta/ratis] (custom)
2022-03-06 23:38:30,764 [pool-258-thread-1] INFO  server.RaftServerConfigKeys (ConfUtils.java:logGet(44)) - raft.server.log.corruption.policy = EXCEPTION (default)
2022-03-06 23:38:30,764 [pool-258-thread-1] INFO  server.RaftServerConfigKeys (ConfUtils.java:logGet(44)) - raft.server.storage.free-space.min = 0MB (=0) (default)
2022-03-06 23:38:30,765 [pool-258-thread-1] INFO  storage.RaftStorageDirectory (RaftStorageDirectoryImpl.java:analyzeStorage(135)) - The storage directory /home/runner/work/ozone/ozone/hadoop-ozone/integration-test/target/test-dir/MiniOzoneClusterImpl-1620ac7c-bf10-4486-a396-49b527acbb1b/ozone-meta/ratis/bf265839-605b-3f16-9796-c5ba1605619e does not exist. Creating ...
2022-03-06 23:38:30,767 [pool-258-thread-1] INFO  storage.RaftStorageDirectory (RaftStorageDirectoryImpl.java:tryLock(230)) - Lock on /home/runner/work/ozone/ozone/hadoop-ozone/integration-test/target/test-dir/MiniOzoneClusterImpl-1620ac7c-bf10-4486-a396-49b527acbb1b/ozone-meta/ratis/bf265839-605b-3f16-9796-c5ba1605619e/in_use.lock acquired by nodename 21167@fv-az148-899
2022-03-06 23:38:30,769 [pool-258-thread-1] INFO  storage.RaftStorage (RaftStorageImpl.java:format(89)) - Storage directory /home/runner/work/ozone/ozone/hadoop-ozone/integration-test/target/test-dir/MiniOzoneClusterImpl-1620ac7c-bf10-4486-a396-49b527acbb1b/ozone-meta/ratis/bf265839-605b-3f16-9796-c5ba1605619e has been successfully formatted.
2022-03-06 23:38:30,769 [pool-258-thread-1] INFO  server.RaftServerConfigKeys (ConfUtils.java:logGet(44)) - raft.server.notification.no-leader.timeout = 120s (custom)
2022-03-06 23:38:30,769 [pool-258-thread-1] INFO  server.RaftServerConfigKeys (ConfUtils.java:logGet(44)) - raft.server.log.use.memory = false (default)
2022-03-06 23:38:30,769 [pool-258-thread-1] INFO  server.RaftServerConfigKeys (ConfUtils.java:logGet(44)) - raft.server.log.purge.gap = 1000000 (custom)
2022-03-06 23:38:30,769 [pool-258-thread-1] INFO  server.RaftServerConfigKeys (ConfUtils.java:logGet(44)) - raft.server.log.appender.buffer.byte-limit = 33554432 (custom)
2022-03-06 23:38:30,769 [pool-258-thread-1] INFO  server.RaftServerConfigKeys (ConfUtils.java:logGet(44)) - raft.server.log.segment.size.max = 4194304 (custom)
2022-03-06 23:38:30,770 [pool-258-thread-1] INFO  server.RaftServerConfigKeys (ConfUtils.java:logGet(44)) - raft.server.log.segment.cache.num.max = 2 (custom)
2022-03-06 23:38:30,770 [pool-258-thread-1] INFO  server.RaftServerConfigKeys (ConfUtils.java:logGet(44)) - raft.server.log.segment.cache.size.max = 200MB (=209715200) (default)
2022-03-06 23:38:30,770 [pool-258-thread-1] INFO  segmented.SegmentedRaftLogWorker (SegmentedRaftLogWorker.java:<init>(182)) - new om1@group-C5BA1605619E-SegmentedRaftLogWorker for RaftStorageImpl:Storage Directory /home/runner/work/ozone/ozone/hadoop-ozone/integration-test/target/test-dir/MiniOzoneClusterImpl-1620ac7c-bf10-4486-a396-49b527acbb1b/ozone-meta/ratis/bf265839-605b-3f16-9796-c5ba1605619e
2022-03-06 23:38:30,770 [pool-258-thread-1] INFO  server.RaftServerConfigKeys (ConfUtils.java:logGet(44)) - raft.server.log.queue.byte-limit = 64MB (=67108864) (default)
2022-03-06 23:38:30,770 [pool-258-thread-1] INFO  server.RaftServerConfigKeys (ConfUtils.java:logGet(44)) - raft.server.log.queue.element-limit = 4096 (default)
2022-03-06 23:38:30,770 [pool-258-thread-1] INFO  server.RaftServerConfigKeys (ConfUtils.java:logGet(44)) - raft.server.log.segment.size.max = 4194304 (custom)
2022-03-06 23:38:30,770 [pool-258-thread-1] INFO  server.RaftServerConfigKeys (ConfUtils.java:logGet(44)) - raft.server.log.preallocated.size = 4194304 (custom)
2022-03-06 23:38:30,770 [pool-258-thread-1] INFO  server.RaftServerConfigKeys (ConfUtils.java:logGet(44)) - raft.server.log.force.sync.num = 128 (default)
2022-03-06 23:38:30,770 [pool-258-thread-1] INFO  server.RaftServerConfigKeys (ConfUtils.java:logGet(44)) - raft.server.log.statemachine.data.sync = true (default)
2022-03-06 23:38:30,770 [pool-258-thread-1] INFO  server.RaftServerConfigKeys (ConfUtils.java:logGet(44)) - raft.server.log.statemachine.data.sync.timeout = 10s (default)
2022-03-06 23:38:30,770 [pool-258-thread-1] INFO  server.RaftServerConfigKeys (ConfUtils.java:logGet(44)) - raft.server.log.statemachine.data.sync.timeout.retry = -1 (default)
2022-03-06 23:38:30,771 [pool-258-thread-1] INFO  server.RaftServerConfigKeys (ConfUtils.java:logGet(44)) - raft.server.log.write.buffer.size = 64KB (=65536) (default)
2022-03-06 23:38:30,771 [pool-258-thread-1] INFO  server.RaftServerConfigKeys (ConfUtils.java:logGet(44)) - raft.server.log.statemachine.data.caching.enabled = false (default)
2022-03-06 23:38:30,771 [pool-258-thread-1] INFO  segmented.SegmentedRaftLogWorker (SegmentedRaftLogWorker.java:lambda$new$0(133)) - om1@group-C5BA1605619E-SegmentedRaftLogWorker: flushIndex: setUnconditionally 0 -> -1
2022-03-06 23:38:30,771 [pool-258-thread-1] INFO  segmented.SegmentedRaftLogWorker (SegmentedRaftLogWorker.java:lambda$new$0(133)) - om1@group-C5BA1605619E-SegmentedRaftLogWorker: safeCacheEvictIndex: setUnconditionally 0 -> -1
2022-03-06 23:38:30,774 [pool-258-thread-1] INFO  server.RaftServerConfigKeys (ConfUtils.java:logGet(44)) - raft.server.snapshot.auto.trigger.enabled = true (custom)
2022-03-06 23:38:30,774 [pool-258-thread-1] INFO  server.RaftServerConfigKeys (ConfUtils.java:logGet(44)) - raft.server.snapshot.auto.trigger.threshold = 400000 (default)
2022-03-06 23:38:30,774 [pool-258-thread-1] INFO  server.RaftServerConfigKeys (ConfUtils.java:logGet(44)) - raft.server.snapshot.retention.file.num = -1 (default)
2022-03-06 23:38:30,774 [pool-258-thread-1] INFO  server.RaftServerConfigKeys (ConfUtils.java:logGet(44)) - raft.server.log.purge.upto.snapshot.index = true (custom)
2022-03-06 23:38:30,774 [pool-258-thread-1] INFO  server.RaftServerConfigKeys (ConfUtils.java:logGet(44)) - raft.server.retrycache.expirytime = 300s (custom)
2022-03-06 23:38:30,774 [pool-258-thread-1] INFO  server.RaftServerConfigKeys (ConfUtils.java:logGet(44)) - raft.server.retrycache.statistics.expirytime = 100μs (default)
2022-03-06 23:38:30,776 [Socket Reader #1 for port 0] INFO  ipc.Server (Server.java:run(1265)) - Starting Socket Reader #1 for port 0
2022-03-06 23:38:30,839 [Listener at 127.0.0.1/33193] INFO  impl.MetricsSystemImpl (MetricsSystemImpl.java:init(158)) - OzoneManager metrics system started (again)
2022-03-06 23:38:30,888 [Listener at 127.0.0.1/33193] INFO  om.OzoneManager (OzoneManager.java:start(1365)) - OzoneManager RPC server is listening at localhost/127.0.0.1:33193
2022-03-06 23:38:30,890 [Listener at 127.0.0.1/33193] INFO  ratis.OzoneManagerRatisServer (OzoneManagerRatisServer.java:start(554)) - Starting OzoneManagerRatisServer om1 at port 9872
2022-03-06 23:38:30,891 [Listener at 127.0.0.1/33193] INFO  server.RaftServer$Division (RaftServerImpl.java:start(301)) - om1@group-C5BA1605619E: start as a follower, conf=-1: [om1|rpc:localhost:9872|priority:0], old=null
2022-03-06 23:38:30,896 [Listener at 127.0.0.1/33193] INFO  server.RaftServer$Division (RaftServerImpl.java:setRole(290)) - om1@group-C5BA1605619E: changes role from      null to FOLLOWER at term 0 for startAsFollower
2022-03-06 23:38:30,904 [Listener at 127.0.0.1/33193] INFO  impl.RoleInfo (RoleInfo.java:updateAndGet(130)) - om1: start om1@group-C5BA1605619E-FollowerState
2022-03-06 23:38:30,908 [Listener at 127.0.0.1/33193] INFO  util.JmxRegister (JmxRegister.java:tryRegister(44)) - Successfully registered JMX Bean with object name Ratis:service=RaftServer,group=group-C5BA1605619E,id=om1
2022-03-06 23:38:30,909 [Listener at 127.0.0.1/33193] INFO  server.RaftServer (RaftServerProxy.java:lambda$start$5(374)) - om1: start RPC server
2022-03-06 23:38:30,910 [Listener at 127.0.0.1/33193] INFO  server.GrpcService (GrpcService.java:startImpl(253)) - om1: GrpcService started, listening on 9872
2022-03-06 23:38:30,920 [Listener at 127.0.0.1/33193] INFO  om.OzoneManager (OzoneManager.java:start(1381)) - Version File has different layout version (0) than OM DB (null). That is expected if this OM has never been finalized to a newer layout version.
2022-03-06 23:38:30,920 [org.apache.ratis.util.JvmPauseMonitor$$Lambda$431/1941186180@73152142] INFO  util.JvmPauseMonitor (JvmPauseMonitor.java:run(103)) - JvmPauseMonitor-om1: Started
2022-03-06 23:38:30,947 [Listener at 127.0.0.1/33193] INFO  http.BaseHttpServer (BaseHttpServer.java:newHttpServer2BuilderForOzone(209)) - Starting Web-server for ozoneManager at: http://0.0.0.0:0
2022-03-06 23:38:30,947 [Listener at 127.0.0.1/33193] INFO  http.BaseHttpServer (BaseHttpServer.java:<init>(107)) - Hadoop Security Enabled: false Ozone Security Enabled: false Ozone HTTP Security Enabled: false 
2022-03-06 23:38:30,949 [Listener at 127.0.0.1/33193] INFO  server.AuthenticationFilter (AuthenticationFilter.java:constructSecretProvider(240)) - Unable to initialize FileSignerSecretProvider, falling back to use random secrets.
2022-03-06 23:38:30,964 [Listener at 127.0.0.1/33193] WARN  http.HttpRequestLog (HttpRequestLog.java:getRequestLog(103)) - Jetty request log can only be enabled using Log4j
2022-03-06 23:38:30,969 [Listener at 127.0.0.1/33193] INFO  http.HttpServer2 (HttpServer2.java:addGlobalFilter(1030)) - Added global filter 'safety' (class=org.apache.hadoop.hdds.server.http.HttpServer2$QuotingInputFilter)
2022-03-06 23:38:30,971 [Listener at 127.0.0.1/33193] INFO  http.HttpServer2 (HttpServer2.java:addFilter(1006)) - Added filter static_user_filter (class=org.apache.hadoop.http.lib.StaticUserWebFilter$StaticUserFilter) to context ozoneManager
2022-03-06 23:38:30,972 [Listener at 127.0.0.1/33193] INFO  http.HttpServer2 (HttpServer2.java:addFilter(1014)) - Added filter static_user_filter (class=org.apache.hadoop.http.lib.StaticUserWebFilter$StaticUserFilter) to context logs
2022-03-06 23:38:30,972 [Listener at 127.0.0.1/33193] INFO  http.HttpServer2 (HttpServer2.java:addFilter(1014)) - Added filter static_user_filter (class=org.apache.hadoop.http.lib.StaticUserWebFilter$StaticUserFilter) to context static
2022-03-06 23:38:30,972 [Listener at 127.0.0.1/33193] INFO  http.HttpServer2 (HttpServer2.java:bindListener(1249)) - Jetty bound to port 38781
2022-03-06 23:38:30,972 [Listener at 127.0.0.1/33193] INFO  server.Server (Server.java:doStart(375)) - jetty-9.4.43.v20210629; built: 2021-06-30T11:07:22.254Z; git: 526006ecfa3af7f1a27ef3a288e2bef7ea9dd7e8; jvm 1.8.0_322-b06
2022-03-06 23:38:30,974 [Listener at 127.0.0.1/33193] INFO  server.session (DefaultSessionIdManager.java:doStart(334)) - DefaultSessionIdManager workerName=node0
2022-03-06 23:38:30,974 [Listener at 127.0.0.1/33193] INFO  server.session (DefaultSessionIdManager.java:doStart(339)) - No SessionScavenger set, using defaults
2022-03-06 23:38:30,974 [Listener at 127.0.0.1/33193] INFO  server.session (HouseKeeper.java:startScavenging(132)) - node0 Scavenging every 660000ms
2022-03-06 23:38:30,976 [Listener at 127.0.0.1/33193] INFO  handler.ContextHandler (ContextHandler.java:doStart(915)) - Started o.e.j.s.ServletContextHandler@4592c1{logs,/logs,file:///home/runner/work/ozone/ozone/hadoop-ozone/integration-test/target/log,AVAILABLE}
2022-03-06 23:38:30,976 [Listener at 127.0.0.1/33193] INFO  handler.ContextHandler (ContextHandler.java:doStart(915)) - Started o.e.j.s.ServletContextHandler@4e42d85e{static,/static,file:///home/runner/work/ozone/ozone/hadoop-ozone/integration-test/target/test-classes/webapps/static,AVAILABLE}
2022-03-06 23:38:30,980 [Listener at 127.0.0.1/33193] INFO  handler.ContextHandler (ContextHandler.java:doStart(915)) - Started o.e.j.w.WebAppContext@18725feb{ozoneManager,/,file:///home/runner/work/ozone/ozone/hadoop-ozone/integration-test/target/test-classes/webapps/ozoneManager/,AVAILABLE}{file:/home/runner/work/ozone/ozone/hadoop-ozone/integration-test/target/test-classes/webapps/ozoneManager}
2022-03-06 23:38:31,000 [Listener at 127.0.0.1/33193] INFO  server.AbstractConnector (AbstractConnector.java:doStart(331)) - Started ServerConnector@22cf395b{HTTP/1.1, (http/1.1)}{0.0.0.0:38781}
2022-03-06 23:38:31,000 [Listener at 127.0.0.1/33193] INFO  server.Server (Server.java:doStart(415)) - Started @97559ms
2022-03-06 23:38:31,000 [Listener at 127.0.0.1/33193] WARN  impl.MetricsSystemImpl (MetricsSystemImpl.java:register(279)) - Sink prometheus already exists!
2022-03-06 23:38:31,001 [Listener at 127.0.0.1/33193] INFO  http.BaseHttpServer (BaseHttpServer.java:updateConnectorAddress(329)) - HTTP server of ozoneManager listening at http://0.0.0.0:38781
2022-03-06 23:38:31,008 [IPC Server Responder] INFO  ipc.Server (Server.java:run(1507)) - IPC Server Responder: starting
2022-03-06 23:38:31,024 [IPC Server listener on 0] INFO  ipc.Server (Server.java:run(1344)) - IPC Server listener on 0: starting
2022-03-06 23:38:31,067 [Listener at 127.0.0.1/33193] INFO  om.OzoneManager (OzoneManager.java:startTrashEmptier(1792)) - Trash Interval set to 0. Files deleted will not move to trash
2022-03-06 23:38:31,069 [org.apache.hadoop.util.JvmPauseMonitor$Monitor@2cb8d674] INFO  util.JvmPauseMonitor (JvmPauseMonitor.java:run(188)) - Starting JVM pause monitor
2022-03-06 23:38:31,092 [Listener at 127.0.0.1/33193] WARN  impl.MetricRegistriesImpl (MetricRegistriesImpl.java:addReporterRegistration(111)) - New reporters are added after registries were created. Some metrics will be missing from the reporter. Please add reporter before adding any new registry.
2022-03-06 23:38:31,102 [Listener at 127.0.0.1/33193] WARN  impl.MetricRegistriesImpl (MetricRegistriesImpl.java:addReporterRegistration(111)) - New reporters are added after registries were created. Some metrics will be missing from the reporter. Please add reporter before adding any new registry.
2022-03-06 23:38:31,103 [Listener at 127.0.0.1/33193] INFO  impl.MetricsSystemImpl (MetricsSystemImpl.java:init(158)) - HddsDatanode metrics system started (again)
2022-03-06 23:38:31,142 [Listener at 127.0.0.1/33193] INFO  ozone.HddsDatanodeService (HddsDatanodeService.java:start(233)) - HddsDatanodeService host:fv-az148-899.bm4ck3pvxvsene1rjriu5fhcdb.bx.internal.cloudapp.net ip:10.1.0.33
2022-03-06 23:38:31,178 [Listener at 127.0.0.1/33193] INFO  upgrade.AbstractLayoutVersionManager (AbstractLayoutVersionManager.java:init(79)) - Initializing Layout version manager with metadata layout = SCM_HA (version = 2), software layout = SCM_HA (version = 2)
2022-03-06 23:38:31,240 [Listener at 127.0.0.1/33193] INFO  reflections.Reflections (Reflections.java:scan(232)) - Reflections took 61 ms to scan 7 urls, producing 122 keys and 286 values 
2022-03-06 23:38:31,241 [Listener at 127.0.0.1/33193] INFO  statemachine.DatanodeStateMachine (DatanodeStateMachine.java:getEndPointTaskThreadPoolSize(222)) - Datanode State Machine Task Thread Pool size 2
2022-03-06 23:38:31,243 [Listener at 127.0.0.1/33193] INFO  volume.HddsVolume (HddsVolume.java:<init>(120)) - Creating HddsVolume: /home/runner/work/ozone/ozone/hadoop-ozone/integration-test/target/test-dir/MiniOzoneClusterImpl-1620ac7c-bf10-4486-a396-49b527acbb1b/datanode-0/data-0/containers/hdds of storage type : DISK capacity : 9223372036854775807
2022-03-06 23:38:31,244 [Listener at 127.0.0.1/33193] INFO  volume.MutableVolumeSet (MutableVolumeSet.java:initializeVolumeSet(168)) - Added Volume : /home/runner/work/ozone/ozone/hadoop-ozone/integration-test/target/test-dir/MiniOzoneClusterImpl-1620ac7c-bf10-4486-a396-49b527acbb1b/datanode-0/data-0/containers/hdds to VolumeSet
2022-03-06 23:38:31,244 [Listener at 127.0.0.1/33193] INFO  volume.ThrottledAsyncChecker (ThrottledAsyncChecker.java:schedule(141)) - Scheduling a check for /home/runner/work/ozone/ozone/hadoop-ozone/integration-test/target/test-dir/MiniOzoneClusterImpl-1620ac7c-bf10-4486-a396-49b527acbb1b/datanode-0/data-0/containers/hdds
2022-03-06 23:38:31,245 [Listener at 127.0.0.1/33193] INFO  volume.StorageVolumeChecker (StorageVolumeChecker.java:checkAllVolumes(202)) - Scheduled health check for volume /home/runner/work/ozone/ozone/hadoop-ozone/integration-test/target/test-dir/MiniOzoneClusterImpl-1620ac7c-bf10-4486-a396-49b527acbb1b/datanode-0/data-0/containers/hdds
2022-03-06 23:38:31,257 [Listener at 127.0.0.1/33193] INFO  volume.MutableVolumeSet (MutableVolumeSet.java:initializeVolumeSet(168)) - Added Volume : /home/runner/work/ozone/ozone/hadoop-ozone/integration-test/target/test-dir/MiniOzoneClusterImpl-1620ac7c-bf10-4486-a396-49b527acbb1b/datanode-0/data/ratis to VolumeSet
2022-03-06 23:38:31,258 [Listener at 127.0.0.1/33193] INFO  volume.ThrottledAsyncChecker (ThrottledAsyncChecker.java:schedule(141)) - Scheduling a check for /home/runner/work/ozone/ozone/hadoop-ozone/integration-test/target/test-dir/MiniOzoneClusterImpl-1620ac7c-bf10-4486-a396-49b527acbb1b/datanode-0/data/ratis
2022-03-06 23:38:31,258 [Listener at 127.0.0.1/33193] INFO  volume.StorageVolumeChecker (StorageVolumeChecker.java:checkAllVolumes(202)) - Scheduled health check for volume /home/runner/work/ozone/ozone/hadoop-ozone/integration-test/target/test-dir/MiniOzoneClusterImpl-1620ac7c-bf10-4486-a396-49b527acbb1b/datanode-0/data/ratis
2022-03-06 23:38:31,270 [Thread-534] INFO  ozoneimpl.ContainerReader (ContainerReader.java:readVolume(172)) - Finish verifying containers on volume /home/runner/work/ozone/ozone/hadoop-ozone/integration-test/target/test-dir/MiniOzoneClusterImpl-1620ac7c-bf10-4486-a396-49b527acbb1b/datanode-0/data-0/containers/hdds
2022-03-06 23:38:31,270 [Listener at 127.0.0.1/33193] INFO  ozoneimpl.OzoneContainer (OzoneContainer.java:buildContainerSet(257)) - Build ContainerSet costs 0s
2022-03-06 23:38:31,273 [Listener at 127.0.0.1/33193] INFO  server.RaftServer (ConfUtils.java:logGet(44)) - raft.rpc.type = GRPC (default)
2022-03-06 23:38:31,274 [Listener at 127.0.0.1/33193] INFO  grpc.GrpcFactory (GrpcFactory.java:checkPooledByteBufAllocatorUseCacheForAllThreads(48)) - PERFORMANCE WARNING: useCacheForAllThreads is true that may cause Netty to create a lot garbage objects and, as a result, trigger GC.
	It is recommended to disable useCacheForAllThreads by setting -Dorg.apache.ratis.thirdparty.io.netty.allocator.useCacheForAllThreads=false in command line.
2022-03-06 23:38:31,274 [Listener at 127.0.0.1/33193] INFO  grpc.GrpcConfigKeys (ConfUtils.java:logGet(44)) - raft.grpc.admin.port = 0 (custom)
2022-03-06 23:38:31,274 [Listener at 127.0.0.1/33193] INFO  grpc.GrpcConfigKeys (ConfUtils.java:logGet(44)) - raft.grpc.client.port = 0 (custom)
2022-03-06 23:38:31,274 [Listener at 127.0.0.1/33193] INFO  grpc.GrpcConfigKeys (ConfUtils.java:logGet(44)) - raft.grpc.server.port = 0 (default)
2022-03-06 23:38:31,274 [Listener at 127.0.0.1/33193] INFO  server.GrpcService (ConfUtils.java:logGet(44)) - raft.grpc.message.size.max = 32MB (=33554432) (custom)
2022-03-06 23:38:31,274 [Listener at 127.0.0.1/33193] INFO  server.RaftServerConfigKeys (ConfUtils.java:logGet(44)) - raft.server.log.appender.buffer.byte-limit = 33554432 (custom)
2022-03-06 23:38:31,274 [Listener at 127.0.0.1/33193] INFO  server.GrpcService (ConfUtils.java:logGet(44)) - raft.grpc.flow.control.window = 5MB (=5242880) (custom)
2022-03-06 23:38:31,274 [Listener at 127.0.0.1/33193] INFO  server.RaftServerConfigKeys (ConfUtils.java:logGet(44)) - raft.server.rpc.request.timeout = 60s (custom)
2022-03-06 23:38:31,275 [Listener at 127.0.0.1/33193] INFO  impl.DataStreamServerImpl (ConfUtils.java:logGet(44)) - raft.datastream.type = DISABLED (default)
2022-03-06 23:38:31,276 [Listener at 127.0.0.1/33193] INFO  server.RaftServerConfigKeys (ConfUtils.java:logGet(44)) - raft.server.rpc.slowness.timeout = 300s (custom)
2022-03-06 23:38:31,276 [Listener at 127.0.0.1/33193] INFO  server.RaftServerConfigKeys (ConfUtils.java:logGet(44)) - raft.server.leaderelection.leader.step-down.wait-time = 10s (default)
2022-03-06 23:38:31,276 [Listener at 127.0.0.1/33193] INFO  server.RaftServerConfigKeys (ConfUtils.java:logGet(44)) - raft.server.storage.dir = [/home/runner/work/ozone/ozone/hadoop-ozone/integration-test/target/test-dir/MiniOzoneClusterImpl-1620ac7c-bf10-4486-a396-49b527acbb1b/datanode-0/data/ratis] (custom)
2022-03-06 23:38:31,277 [Listener at 127.0.0.1/33193] INFO  server.XceiverServerGrpc (XceiverServerGrpc.java:<init>(132)) - GrpcServer channel type EpollServerSocketChannel
2022-03-06 23:38:31,297 [Listener at 127.0.0.1/33193] INFO  http.BaseHttpServer (BaseHttpServer.java:newHttpServer2BuilderForOzone(209)) - Starting Web-server for hddsDatanode at: http://0.0.0.0:0
2022-03-06 23:38:31,297 [Listener at 127.0.0.1/33193] INFO  http.BaseHttpServer (BaseHttpServer.java:<init>(107)) - Hadoop Security Enabled: false Ozone Security Enabled: false Ozone HTTP Security Enabled: false 
2022-03-06 23:38:31,307 [Listener at 127.0.0.1/33193] INFO  server.AuthenticationFilter (AuthenticationFilter.java:constructSecretProvider(240)) - Unable to initialize FileSignerSecretProvider, falling back to use random secrets.
2022-03-06 23:38:31,320 [Listener at 127.0.0.1/33193] WARN  http.HttpRequestLog (HttpRequestLog.java:getRequestLog(103)) - Jetty request log can only be enabled using Log4j
2022-03-06 23:38:31,321 [Listener at 127.0.0.1/33193] INFO  http.HttpServer2 (HttpServer2.java:addGlobalFilter(1030)) - Added global filter 'safety' (class=org.apache.hadoop.hdds.server.http.HttpServer2$QuotingInputFilter)
2022-03-06 23:38:31,322 [Listener at 127.0.0.1/33193] INFO  http.HttpServer2 (HttpServer2.java:addFilter(1006)) - Added filter static_user_filter (class=org.apache.hadoop.http.lib.StaticUserWebFilter$StaticUserFilter) to context hddsDatanode
2022-03-06 23:38:31,322 [Listener at 127.0.0.1/33193] INFO  http.HttpServer2 (HttpServer2.java:addFilter(1014)) - Added filter static_user_filter (class=org.apache.hadoop.http.lib.StaticUserWebFilter$StaticUserFilter) to context logs
2022-03-06 23:38:31,322 [Listener at 127.0.0.1/33193] INFO  http.HttpServer2 (HttpServer2.java:addFilter(1014)) - Added filter static_user_filter (class=org.apache.hadoop.http.lib.StaticUserWebFilter$StaticUserFilter) to context static
2022-03-06 23:38:31,323 [Listener at 127.0.0.1/33193] INFO  http.HttpServer2 (HttpServer2.java:bindListener(1249)) - Jetty bound to port 46275
2022-03-06 23:38:31,323 [Listener at 127.0.0.1/33193] INFO  server.Server (Server.java:doStart(375)) - jetty-9.4.43.v20210629; built: 2021-06-30T11:07:22.254Z; git: 526006ecfa3af7f1a27ef3a288e2bef7ea9dd7e8; jvm 1.8.0_322-b06
2022-03-06 23:38:31,388 [Listener at 127.0.0.1/33193] INFO  server.session (DefaultSessionIdManager.java:doStart(334)) - DefaultSessionIdManager workerName=node0
2022-03-06 23:38:31,388 [Listener at 127.0.0.1/33193] INFO  server.session (DefaultSessionIdManager.java:doStart(339)) - No SessionScavenger set, using defaults
2022-03-06 23:38:31,389 [Listener at 127.0.0.1/33193] INFO  server.session (HouseKeeper.java:startScavenging(132)) - node0 Scavenging every 600000ms
2022-03-06 23:38:31,395 [Listener at 127.0.0.1/33193] INFO  handler.ContextHandler (ContextHandler.java:doStart(915)) - Started o.e.j.s.ServletContextHandler@5a710c52{logs,/logs,file:///home/runner/work/ozone/ozone/hadoop-ozone/integration-test/target/log,AVAILABLE}
2022-03-06 23:38:31,395 [Listener at 127.0.0.1/33193] INFO  handler.ContextHandler (ContextHandler.java:doStart(915)) - Started o.e.j.s.ServletContextHandler@719e4b30{static,/static,jar:file:/home/runner/.m2/repository/org/apache/ozone/hdds-container-service/1.3.0-SNAPSHOT/hdds-container-service-1.3.0-SNAPSHOT.jar!/webapps/static,AVAILABLE}
2022-03-06 23:38:31,503 [Listener at 127.0.0.1/33193] INFO  handler.ContextHandler (ContextHandler.java:doStart(915)) - Started o.e.j.w.WebAppContext@272a71e4{hddsDatanode,/,file:///tmp/jetty-0_0_0_0-46275-hdds-container-service-1_3_0-SNAPSHOT_jar-_-any-6105780691101379462/webapp/,AVAILABLE}{jar:file:/home/runner/.m2/repository/org/apache/ozone/hdds-container-service/1.3.0-SNAPSHOT/hdds-container-service-1.3.0-SNAPSHOT.jar!/webapps/hddsDatanode}
2022-03-06 23:38:31,504 [Listener at 127.0.0.1/33193] INFO  server.AbstractConnector (AbstractConnector.java:doStart(331)) - Started ServerConnector@3c496659{HTTP/1.1, (http/1.1)}{0.0.0.0:46275}
2022-03-06 23:38:31,505 [Listener at 127.0.0.1/33193] INFO  server.Server (Server.java:doStart(415)) - Started @98064ms
2022-03-06 23:38:31,505 [Listener at 127.0.0.1/33193] WARN  impl.MetricsSystemImpl (MetricsSystemImpl.java:register(279)) - Sink prometheus already exists!
2022-03-06 23:38:31,512 [Listener at 127.0.0.1/33193] INFO  http.BaseHttpServer (BaseHttpServer.java:updateConnectorAddress(329)) - HTTP server of hddsDatanode listening at http://0.0.0.0:46275
2022-03-06 23:38:31,528 [Listener at 127.0.0.1/33193] WARN  impl.MetricRegistriesImpl (MetricRegistriesImpl.java:addReporterRegistration(111)) - New reporters are added after registries were created. Some metrics will be missing from the reporter. Please add reporter before adding any new registry.
2022-03-06 23:38:31,528 [Listener at 127.0.0.1/33193] WARN  impl.MetricRegistriesImpl (MetricRegistriesImpl.java:addReporterRegistration(111)) - New reporters are added after registries were created. Some metrics will be missing from the reporter. Please add reporter before adding any new registry.
2022-03-06 23:38:31,528 [Listener at 127.0.0.1/33193] INFO  impl.MetricsSystemImpl (MetricsSystemImpl.java:init(158)) - HddsDatanode metrics system started (again)
2022-03-06 23:38:31,536 [Datanode State Machine Daemon Thread] INFO  statemachine.DatanodeStateMachine (DatanodeStateMachine.java:lambda$startDaemon$0(470)) - Ozone container server started.
2022-03-06 23:38:31,543 [org.apache.hadoop.util.JvmPauseMonitor$Monitor@7b6d703d] INFO  util.JvmPauseMonitor (JvmPauseMonitor.java:run(188)) - Starting JVM pause monitor
2022-03-06 23:38:31,563 [Listener at 127.0.0.1/33193] INFO  ozone.HddsDatanodeService (HddsDatanodeService.java:start(233)) - HddsDatanodeService host:fv-az148-899.bm4ck3pvxvsene1rjriu5fhcdb.bx.internal.cloudapp.net ip:10.1.0.33
2022-03-06 23:38:31,578 [Datanode State Machine Task Thread - 0] INFO  datanode.InitDatanodeState (InitDatanodeState.java:persistContainerDatanodeDetails(138)) - DatanodeDetails is persisted to /home/runner/work/ozone/ozone/hadoop-ozone/integration-test/target/test-dir/MiniOzoneClusterImpl-1620ac7c-bf10-4486-a396-49b527acbb1b/datanode-0/meta/datanode.id
2022-03-06 23:38:31,598 [Listener at 127.0.0.1/33193] INFO  upgrade.AbstractLayoutVersionManager (AbstractLayoutVersionManager.java:init(79)) - Initializing Layout version manager with metadata layout = SCM_HA (version = 2), software layout = SCM_HA (version = 2)
2022-03-06 23:38:31,740 [Listener at 127.0.0.1/33193] INFO  reflections.Reflections (Reflections.java:scan(232)) - Reflections took 141 ms to scan 7 urls, producing 122 keys and 286 values 
2022-03-06 23:38:31,749 [Listener at 127.0.0.1/33193] INFO  statemachine.DatanodeStateMachine (DatanodeStateMachine.java:getEndPointTaskThreadPoolSize(222)) - Datanode State Machine Task Thread Pool size 2
2022-03-06 23:38:31,761 [Listener at 127.0.0.1/33193] INFO  volume.HddsVolume (HddsVolume.java:<init>(120)) - Creating HddsVolume: /home/runner/work/ozone/ozone/hadoop-ozone/integration-test/target/test-dir/MiniOzoneClusterImpl-1620ac7c-bf10-4486-a396-49b527acbb1b/datanode-1/data-0/containers/hdds of storage type : DISK capacity : 9223372036854775807
2022-03-06 23:38:31,761 [Listener at 127.0.0.1/33193] INFO  volume.MutableVolumeSet (MutableVolumeSet.java:initializeVolumeSet(168)) - Added Volume : /home/runner/work/ozone/ozone/hadoop-ozone/integration-test/target/test-dir/MiniOzoneClusterImpl-1620ac7c-bf10-4486-a396-49b527acbb1b/datanode-1/data-0/containers/hdds to VolumeSet
2022-03-06 23:38:31,762 [Listener at 127.0.0.1/33193] INFO  volume.ThrottledAsyncChecker (ThrottledAsyncChecker.java:schedule(141)) - Scheduling a check for /home/runner/work/ozone/ozone/hadoop-ozone/integration-test/target/test-dir/MiniOzoneClusterImpl-1620ac7c-bf10-4486-a396-49b527acbb1b/datanode-1/data-0/containers/hdds
2022-03-06 23:38:31,781 [Listener at 127.0.0.1/33193] INFO  volume.StorageVolumeChecker (StorageVolumeChecker.java:checkAllVolumes(202)) - Scheduled health check for volume /home/runner/work/ozone/ozone/hadoop-ozone/integration-test/target/test-dir/MiniOzoneClusterImpl-1620ac7c-bf10-4486-a396-49b527acbb1b/datanode-1/data-0/containers/hdds
2022-03-06 23:38:31,807 [Listener at 127.0.0.1/33193] INFO  volume.MutableVolumeSet (MutableVolumeSet.java:initializeVolumeSet(168)) - Added Volume : /home/runner/work/ozone/ozone/hadoop-ozone/integration-test/target/test-dir/MiniOzoneClusterImpl-1620ac7c-bf10-4486-a396-49b527acbb1b/datanode-1/data/ratis to VolumeSet
2022-03-06 23:38:31,812 [Listener at 127.0.0.1/33193] INFO  volume.ThrottledAsyncChecker (ThrottledAsyncChecker.java:schedule(141)) - Scheduling a check for /home/runner/work/ozone/ozone/hadoop-ozone/integration-test/target/test-dir/MiniOzoneClusterImpl-1620ac7c-bf10-4486-a396-49b527acbb1b/datanode-1/data/ratis
2022-03-06 23:38:31,813 [Listener at 127.0.0.1/33193] INFO  volume.StorageVolumeChecker (StorageVolumeChecker.java:checkAllVolumes(202)) - Scheduled health check for volume /home/runner/work/ozone/ozone/hadoop-ozone/integration-test/target/test-dir/MiniOzoneClusterImpl-1620ac7c-bf10-4486-a396-49b527acbb1b/datanode-1/data/ratis
2022-03-06 23:38:31,865 [Thread-546] INFO  ozoneimpl.ContainerReader (ContainerReader.java:readVolume(172)) - Finish verifying containers on volume /home/runner/work/ozone/ozone/hadoop-ozone/integration-test/target/test-dir/MiniOzoneClusterImpl-1620ac7c-bf10-4486-a396-49b527acbb1b/datanode-1/data-0/containers/hdds
2022-03-06 23:38:31,866 [Listener at 127.0.0.1/33193] INFO  ozoneimpl.OzoneContainer (OzoneContainer.java:buildContainerSet(257)) - Build ContainerSet costs 0s
2022-03-06 23:38:31,868 [Listener at 127.0.0.1/33193] INFO  server.RaftServer (ConfUtils.java:logGet(44)) - raft.rpc.type = GRPC (default)
2022-03-06 23:38:31,868 [Listener at 127.0.0.1/33193] INFO  grpc.GrpcFactory (GrpcFactory.java:checkPooledByteBufAllocatorUseCacheForAllThreads(48)) - PERFORMANCE WARNING: useCacheForAllThreads is true that may cause Netty to create a lot garbage objects and, as a result, trigger GC.
	It is recommended to disable useCacheForAllThreads by setting -Dorg.apache.ratis.thirdparty.io.netty.allocator.useCacheForAllThreads=false in command line.
2022-03-06 23:38:31,868 [Listener at 127.0.0.1/33193] INFO  grpc.GrpcConfigKeys (ConfUtils.java:logGet(44)) - raft.grpc.admin.port = 0 (custom)
2022-03-06 23:38:31,868 [Listener at 127.0.0.1/33193] INFO  grpc.GrpcConfigKeys (ConfUtils.java:logGet(44)) - raft.grpc.client.port = 0 (custom)
2022-03-06 23:38:31,868 [Listener at 127.0.0.1/33193] INFO  grpc.GrpcConfigKeys (ConfUtils.java:logGet(44)) - raft.grpc.server.port = 0 (default)
2022-03-06 23:38:31,868 [Listener at 127.0.0.1/33193] INFO  server.GrpcService (ConfUtils.java:logGet(44)) - raft.grpc.message.size.max = 32MB (=33554432) (custom)
2022-03-06 23:38:31,868 [Listener at 127.0.0.1/33193] INFO  server.RaftServerConfigKeys (ConfUtils.java:logGet(44)) - raft.server.log.appender.buffer.byte-limit = 33554432 (custom)
2022-03-06 23:38:31,868 [Listener at 127.0.0.1/33193] INFO  server.GrpcService (ConfUtils.java:logGet(44)) - raft.grpc.flow.control.window = 5MB (=5242880) (custom)
2022-03-06 23:38:31,868 [Listener at 127.0.0.1/33193] INFO  server.RaftServerConfigKeys (ConfUtils.java:logGet(44)) - raft.server.rpc.request.timeout = 60s (custom)
2022-03-06 23:38:31,870 [Listener at 127.0.0.1/33193] INFO  impl.DataStreamServerImpl (ConfUtils.java:logGet(44)) - raft.datastream.type = DISABLED (default)
2022-03-06 23:38:31,870 [Listener at 127.0.0.1/33193] INFO  server.RaftServerConfigKeys (ConfUtils.java:logGet(44)) - raft.server.rpc.slowness.timeout = 300s (custom)
2022-03-06 23:38:31,870 [Listener at 127.0.0.1/33193] INFO  server.RaftServerConfigKeys (ConfUtils.java:logGet(44)) - raft.server.leaderelection.leader.step-down.wait-time = 10s (default)
2022-03-06 23:38:31,876 [Listener at 127.0.0.1/33193] INFO  server.RaftServerConfigKeys (ConfUtils.java:logGet(44)) - raft.server.storage.dir = [/home/runner/work/ozone/ozone/hadoop-ozone/integration-test/target/test-dir/MiniOzoneClusterImpl-1620ac7c-bf10-4486-a396-49b527acbb1b/datanode-1/data/ratis] (custom)
2022-03-06 23:38:31,877 [Listener at 127.0.0.1/33193] INFO  server.XceiverServerGrpc (XceiverServerGrpc.java:<init>(132)) - GrpcServer channel type EpollServerSocketChannel
2022-03-06 23:38:31,881 [Listener at 127.0.0.1/33193] INFO  http.BaseHttpServer (BaseHttpServer.java:newHttpServer2BuilderForOzone(209)) - Starting Web-server for hddsDatanode at: http://0.0.0.0:0
2022-03-06 23:38:31,881 [Listener at 127.0.0.1/33193] INFO  http.BaseHttpServer (BaseHttpServer.java:<init>(107)) - Hadoop Security Enabled: false Ozone Security Enabled: false Ozone HTTP Security Enabled: false 
2022-03-06 23:38:31,882 [Listener at 127.0.0.1/33193] INFO  server.AuthenticationFilter (AuthenticationFilter.java:constructSecretProvider(240)) - Unable to initialize FileSignerSecretProvider, falling back to use random secrets.
2022-03-06 23:38:31,896 [Listener at 127.0.0.1/33193] WARN  http.HttpRequestLog (HttpRequestLog.java:getRequestLog(103)) - Jetty request log can only be enabled using Log4j
2022-03-06 23:38:31,897 [Listener at 127.0.0.1/33193] INFO  http.HttpServer2 (HttpServer2.java:addGlobalFilter(1030)) - Added global filter 'safety' (class=org.apache.hadoop.hdds.server.http.HttpServer2$QuotingInputFilter)
2022-03-06 23:38:31,897 [Listener at 127.0.0.1/33193] INFO  http.HttpServer2 (HttpServer2.java:addFilter(1006)) - Added filter static_user_filter (class=org.apache.hadoop.http.lib.StaticUserWebFilter$StaticUserFilter) to context hddsDatanode
2022-03-06 23:38:31,897 [Listener at 127.0.0.1/33193] INFO  http.HttpServer2 (HttpServer2.java:addFilter(1014)) - Added filter static_user_filter (class=org.apache.hadoop.http.lib.StaticUserWebFilter$StaticUserFilter) to context logs
2022-03-06 23:38:31,897 [Listener at 127.0.0.1/33193] INFO  http.HttpServer2 (HttpServer2.java:addFilter(1014)) - Added filter static_user_filter (class=org.apache.hadoop.http.lib.StaticUserWebFilter$StaticUserFilter) to context static
2022-03-06 23:38:31,898 [Listener at 127.0.0.1/33193] INFO  http.HttpServer2 (HttpServer2.java:bindListener(1249)) - Jetty bound to port 43663
2022-03-06 23:38:31,898 [Listener at 127.0.0.1/33193] INFO  server.Server (Server.java:doStart(375)) - jetty-9.4.43.v20210629; built: 2021-06-30T11:07:22.254Z; git: 526006ecfa3af7f1a27ef3a288e2bef7ea9dd7e8; jvm 1.8.0_322-b06
2022-03-06 23:38:31,948 [Listener at 127.0.0.1/33193] INFO  server.session (DefaultSessionIdManager.java:doStart(334)) - DefaultSessionIdManager workerName=node0
2022-03-06 23:38:31,948 [Listener at 127.0.0.1/33193] INFO  server.session (DefaultSessionIdManager.java:doStart(339)) - No SessionScavenger set, using defaults
2022-03-06 23:38:31,948 [Listener at 127.0.0.1/33193] INFO  server.session (HouseKeeper.java:startScavenging(132)) - node0 Scavenging every 660000ms
2022-03-06 23:38:31,959 [Listener at 127.0.0.1/33193] INFO  handler.ContextHandler (ContextHandler.java:doStart(915)) - Started o.e.j.s.ServletContextHandler@759faaad{logs,/logs,file:///home/runner/work/ozone/ozone/hadoop-ozone/integration-test/target/log,AVAILABLE}
2022-03-06 23:38:31,959 [Listener at 127.0.0.1/33193] INFO  handler.ContextHandler (ContextHandler.java:doStart(915)) - Started o.e.j.s.ServletContextHandler@7966425e{static,/static,jar:file:/home/runner/.m2/repository/org/apache/ozone/hdds-container-service/1.3.0-SNAPSHOT/hdds-container-service-1.3.0-SNAPSHOT.jar!/webapps/static,AVAILABLE}
2022-03-06 23:38:31,975 [om1@group-C5BA1605619E-FollowerState] INFO  impl.FollowerState (FollowerState.java:run(134)) - om1@group-C5BA1605619E-FollowerState: change to CANDIDATE, lastRpcElapsedTime:1071540120ns, electionTimeout:1051ms
2022-03-06 23:38:31,976 [om1@group-C5BA1605619E-FollowerState] INFO  impl.RoleInfo (RoleInfo.java:shutdownFollowerState(108)) - om1: shutdown om1@group-C5BA1605619E-FollowerState
2022-03-06 23:38:31,976 [om1@group-C5BA1605619E-FollowerState] INFO  server.RaftServer$Division (RaftServerImpl.java:setRole(290)) - om1@group-C5BA1605619E: changes role from  FOLLOWER to CANDIDATE at term 0 for changeToCandidate
2022-03-06 23:38:31,976 [om1@group-C5BA1605619E-FollowerState] INFO  server.RaftServerConfigKeys (ConfUtils.java:logGet(44)) - raft.server.leaderelection.pre-vote = false (custom)
2022-03-06 23:38:31,976 [om1@group-C5BA1605619E-FollowerState] INFO  impl.RoleInfo (RoleInfo.java:updateAndGet(130)) - om1: start om1@group-C5BA1605619E-LeaderElection14
2022-03-06 23:38:32,007 [om1@group-C5BA1605619E-LeaderElection14] INFO  impl.LeaderElection (LeaderElection.java:askForVotes(306)) - om1@group-C5BA1605619E-LeaderElection14 ELECTION round 0: submit vote requests at term 1 for -1: [om1|rpc:localhost:9872|priority:0], old=null
2022-03-06 23:38:32,007 [om1@group-C5BA1605619E-LeaderElection14] INFO  impl.LeaderElection (LeaderElection.java:askForVotes(308)) - om1@group-C5BA1605619E-LeaderElection14 ELECTION round 0: result PASSED (term=1)
2022-03-06 23:38:32,007 [om1@group-C5BA1605619E-LeaderElection14] INFO  impl.RoleInfo (RoleInfo.java:shutdownLeaderElection(121)) - om1: shutdown om1@group-C5BA1605619E-LeaderElection14
2022-03-06 23:38:32,007 [om1@group-C5BA1605619E-LeaderElection14] INFO  server.RaftServer$Division (RaftServerImpl.java:setRole(290)) - om1@group-C5BA1605619E: changes role from CANDIDATE to LEADER at term 1 for changeToLeader
2022-03-06 23:38:32,007 [om1@group-C5BA1605619E-LeaderElection14] INFO  server.RaftServer$Division (ServerState.java:setLeader(285)) - om1@group-C5BA1605619E: change Leader from null to om1 at term 1 for becomeLeader, leader elected after 1238ms
2022-03-06 23:38:32,007 [om1@group-C5BA1605619E-LeaderElection14] INFO  server.RaftServerConfigKeys (ConfUtils.java:logGet(44)) - raft.server.staging.catchup.gap = 1000 (default)
2022-03-06 23:38:32,008 [om1@group-C5BA1605619E-LeaderElection14] INFO  server.RaftServerConfigKeys (ConfUtils.java:logGet(44)) - raft.server.write.element-limit = 4096 (default)
2022-03-06 23:38:32,008 [om1@group-C5BA1605619E-LeaderElection14] INFO  server.RaftServerConfigKeys (ConfUtils.java:logGet(44)) - raft.server.write.byte-limit = 64MB (=67108864) (default)
2022-03-06 23:38:32,008 [om1@group-C5BA1605619E-LeaderElection14] INFO  server.RaftServerConfigKeys (ConfUtils.java:logGet(44)) - raft.server.watch.timeout = 10s (default)
2022-03-06 23:38:32,008 [om1@group-C5BA1605619E-LeaderElection14] INFO  server.RaftServerConfigKeys (ConfUtils.java:logGet(44)) - raft.server.watch.timeout.denomination = 1s (default)
2022-03-06 23:38:32,008 [om1@group-C5BA1605619E-LeaderElection14] INFO  server.RaftServerConfigKeys (ConfUtils.java:logGet(44)) - raft.server.watch.element-limit = 65536 (default)
2022-03-06 23:38:32,008 [om1@group-C5BA1605619E-LeaderElection14] INFO  server.RaftServerConfigKeys (ConfUtils.java:logGet(44)) - raft.server.write.element-limit = 4096 (default)
2022-03-06 23:38:32,008 [om1@group-C5BA1605619E-LeaderElection14] INFO  server.RaftServerConfigKeys (ConfUtils.java:logGet(44)) - raft.server.write.follower.gap.ratio.max = -1.0 (default)
2022-03-06 23:38:32,008 [om1@group-C5BA1605619E-LeaderElection14] INFO  impl.RoleInfo (RoleInfo.java:updateAndGet(130)) - om1: start om1@group-C5BA1605619E-LeaderStateImpl
2022-03-06 23:38:32,009 [om1@group-C5BA1605619E-LeaderElection14] INFO  segmented.SegmentedRaftLogWorker (SegmentedRaftLogWorker.java:startLogSegment(394)) - om1@group-C5BA1605619E-SegmentedRaftLogWorker: Starting segment from index:0
2022-03-06 23:38:32,025 [om1@group-C5BA1605619E-SegmentedRaftLogWorker] INFO  segmented.SegmentedRaftLogWorker (SegmentedRaftLogWorker.java:execute(601)) - om1@group-C5BA1605619E-SegmentedRaftLogWorker: created new log segment /home/runner/work/ozone/ozone/hadoop-ozone/integration-test/target/test-dir/MiniOzoneClusterImpl-1620ac7c-bf10-4486-a396-49b527acbb1b/ozone-meta/ratis/bf265839-605b-3f16-9796-c5ba1605619e/current/log_inprogress_0
2022-03-06 23:38:32,048 [om1@group-C5BA1605619E-LeaderElection14] INFO  server.RaftServer$Division (ServerState.java:setRaftConf(387)) - om1@group-C5BA1605619E: set configuration 0: [om1|rpc:localhost:9872|admin:|client:|dataStream:|priority:0], old=null
2022-03-06 23:38:32,052 [om1@group-C5BA1605619E-StateMachineUpdater] INFO  ratis.OzoneManagerStateMachine (OzoneManagerStateMachine.java:notifyConfigurationChanged(188)) - Received Configuration change notification from Ratis. New Peer list:
[id: "om1"
address: "localhost:9872"
]
2022-03-06 23:38:32,093 [Listener at 127.0.0.1/33193] INFO  handler.ContextHandler (ContextHandler.java:doStart(915)) - Started o.e.j.w.WebAppContext@2541ce96{hddsDatanode,/,file:///tmp/jetty-0_0_0_0-43663-hdds-container-service-1_3_0-SNAPSHOT_jar-_-any-6078491386212633299/webapp/,AVAILABLE}{jar:file:/home/runner/.m2/repository/org/apache/ozone/hdds-container-service/1.3.0-SNAPSHOT/hdds-container-service-1.3.0-SNAPSHOT.jar!/webapps/hddsDatanode}
2022-03-06 23:38:32,100 [Listener at 127.0.0.1/33193] INFO  server.AbstractConnector (AbstractConnector.java:doStart(331)) - Started ServerConnector@569c703e{HTTP/1.1, (http/1.1)}{0.0.0.0:43663}
2022-03-06 23:38:32,100 [Listener at 127.0.0.1/33193] INFO  server.Server (Server.java:doStart(415)) - Started @98659ms
2022-03-06 23:38:32,100 [Listener at 127.0.0.1/33193] WARN  impl.MetricsSystemImpl (MetricsSystemImpl.java:register(279)) - Sink prometheus already exists!
2022-03-06 23:38:32,101 [Listener at 127.0.0.1/33193] INFO  http.BaseHttpServer (BaseHttpServer.java:updateConnectorAddress(329)) - HTTP server of hddsDatanode listening at http://0.0.0.0:43663
2022-03-06 23:38:32,109 [Listener at 127.0.0.1/33193] WARN  impl.MetricRegistriesImpl (MetricRegistriesImpl.java:addReporterRegistration(111)) - New reporters are added after registries were created. Some metrics will be missing from the reporter. Please add reporter before adding any new registry.
2022-03-06 23:38:32,109 [Listener at 127.0.0.1/33193] WARN  impl.MetricRegistriesImpl (MetricRegistriesImpl.java:addReporterRegistration(111)) - New reporters are added after registries were created. Some metrics will be missing from the reporter. Please add reporter before adding any new registry.
2022-03-06 23:38:32,109 [Listener at 127.0.0.1/33193] INFO  impl.MetricsSystemImpl (MetricsSystemImpl.java:init(158)) - HddsDatanode metrics system started (again)
2022-03-06 23:38:32,120 [Datanode State Machine Daemon Thread] INFO  statemachine.DatanodeStateMachine (DatanodeStateMachine.java:lambda$startDaemon$0(470)) - Ozone container server started.
2022-03-06 23:38:32,156 [org.apache.hadoop.util.JvmPauseMonitor$Monitor@587ba38] INFO  util.JvmPauseMonitor (JvmPauseMonitor.java:run(188)) - Starting JVM pause monitor
2022-03-06 23:38:32,164 [Listener at 127.0.0.1/33193] INFO  ozone.HddsDatanodeService (HddsDatanodeService.java:start(233)) - HddsDatanodeService host:fv-az148-899.bm4ck3pvxvsene1rjriu5fhcdb.bx.internal.cloudapp.net ip:10.1.0.33
2022-03-06 23:38:32,191 [Datanode State Machine Task Thread - 0] INFO  datanode.InitDatanodeState (InitDatanodeState.java:persistContainerDatanodeDetails(138)) - DatanodeDetails is persisted to /home/runner/work/ozone/ozone/hadoop-ozone/integration-test/target/test-dir/MiniOzoneClusterImpl-1620ac7c-bf10-4486-a396-49b527acbb1b/datanode-1/meta/datanode.id
2022-03-06 23:38:32,202 [Listener at 127.0.0.1/33193] INFO  upgrade.AbstractLayoutVersionManager (AbstractLayoutVersionManager.java:init(79)) - Initializing Layout version manager with metadata layout = SCM_HA (version = 2), software layout = SCM_HA (version = 2)
2022-03-06 23:38:32,337 [Listener at 127.0.0.1/33193] INFO  reflections.Reflections (Reflections.java:scan(232)) - Reflections took 128 ms to scan 7 urls, producing 122 keys and 286 values 
2022-03-06 23:38:32,339 [Listener at 127.0.0.1/33193] INFO  statemachine.DatanodeStateMachine (DatanodeStateMachine.java:getEndPointTaskThreadPoolSize(222)) - Datanode State Machine Task Thread Pool size 2
2022-03-06 23:38:32,349 [Listener at 127.0.0.1/33193] INFO  volume.HddsVolume (HddsVolume.java:<init>(120)) - Creating HddsVolume: /home/runner/work/ozone/ozone/hadoop-ozone/integration-test/target/test-dir/MiniOzoneClusterImpl-1620ac7c-bf10-4486-a396-49b527acbb1b/datanode-2/data-0/containers/hdds of storage type : DISK capacity : 9223372036854775807
2022-03-06 23:38:32,349 [Listener at 127.0.0.1/33193] INFO  volume.MutableVolumeSet (MutableVolumeSet.java:initializeVolumeSet(168)) - Added Volume : /home/runner/work/ozone/ozone/hadoop-ozone/integration-test/target/test-dir/MiniOzoneClusterImpl-1620ac7c-bf10-4486-a396-49b527acbb1b/datanode-2/data-0/containers/hdds to VolumeSet
2022-03-06 23:38:32,349 [Listener at 127.0.0.1/33193] INFO  volume.ThrottledAsyncChecker (ThrottledAsyncChecker.java:schedule(141)) - Scheduling a check for /home/runner/work/ozone/ozone/hadoop-ozone/integration-test/target/test-dir/MiniOzoneClusterImpl-1620ac7c-bf10-4486-a396-49b527acbb1b/datanode-2/data-0/containers/hdds
2022-03-06 23:38:32,360 [Listener at 127.0.0.1/33193] INFO  volume.StorageVolumeChecker (StorageVolumeChecker.java:checkAllVolumes(202)) - Scheduled health check for volume /home/runner/work/ozone/ozone/hadoop-ozone/integration-test/target/test-dir/MiniOzoneClusterImpl-1620ac7c-bf10-4486-a396-49b527acbb1b/datanode-2/data-0/containers/hdds
2022-03-06 23:38:32,384 [Listener at 127.0.0.1/33193] INFO  volume.MutableVolumeSet (MutableVolumeSet.java:initializeVolumeSet(168)) - Added Volume : /home/runner/work/ozone/ozone/hadoop-ozone/integration-test/target/test-dir/MiniOzoneClusterImpl-1620ac7c-bf10-4486-a396-49b527acbb1b/datanode-2/data/ratis to VolumeSet
2022-03-06 23:38:32,384 [Listener at 127.0.0.1/33193] INFO  volume.ThrottledAsyncChecker (ThrottledAsyncChecker.java:schedule(141)) - Scheduling a check for /home/runner/work/ozone/ozone/hadoop-ozone/integration-test/target/test-dir/MiniOzoneClusterImpl-1620ac7c-bf10-4486-a396-49b527acbb1b/datanode-2/data/ratis
2022-03-06 23:38:32,384 [Listener at 127.0.0.1/33193] INFO  volume.StorageVolumeChecker (StorageVolumeChecker.java:checkAllVolumes(202)) - Scheduled health check for volume /home/runner/work/ozone/ozone/hadoop-ozone/integration-test/target/test-dir/MiniOzoneClusterImpl-1620ac7c-bf10-4486-a396-49b527acbb1b/datanode-2/data/ratis
2022-03-06 23:38:32,412 [Thread-560] INFO  ozoneimpl.ContainerReader (ContainerReader.java:readVolume(172)) - Finish verifying containers on volume /home/runner/work/ozone/ozone/hadoop-ozone/integration-test/target/test-dir/MiniOzoneClusterImpl-1620ac7c-bf10-4486-a396-49b527acbb1b/datanode-2/data-0/containers/hdds
2022-03-06 23:38:32,412 [Listener at 127.0.0.1/33193] INFO  ozoneimpl.OzoneContainer (OzoneContainer.java:buildContainerSet(257)) - Build ContainerSet costs 0s
2022-03-06 23:38:32,416 [Listener at 127.0.0.1/33193] INFO  server.RaftServer (ConfUtils.java:logGet(44)) - raft.rpc.type = GRPC (default)
2022-03-06 23:38:32,425 [Listener at 127.0.0.1/33193] INFO  grpc.GrpcFactory (GrpcFactory.java:checkPooledByteBufAllocatorUseCacheForAllThreads(48)) - PERFORMANCE WARNING: useCacheForAllThreads is true that may cause Netty to create a lot garbage objects and, as a result, trigger GC.
	It is recommended to disable useCacheForAllThreads by setting -Dorg.apache.ratis.thirdparty.io.netty.allocator.useCacheForAllThreads=false in command line.
2022-03-06 23:38:32,426 [Listener at 127.0.0.1/33193] INFO  grpc.GrpcConfigKeys (ConfUtils.java:logGet(44)) - raft.grpc.admin.port = 0 (custom)
2022-03-06 23:38:32,426 [Listener at 127.0.0.1/33193] INFO  grpc.GrpcConfigKeys (ConfUtils.java:logGet(44)) - raft.grpc.client.port = 0 (custom)
2022-03-06 23:38:32,426 [Listener at 127.0.0.1/33193] INFO  grpc.GrpcConfigKeys (ConfUtils.java:logGet(44)) - raft.grpc.server.port = 0 (default)
2022-03-06 23:38:32,426 [Listener at 127.0.0.1/33193] INFO  server.GrpcService (ConfUtils.java:logGet(44)) - raft.grpc.message.size.max = 32MB (=33554432) (custom)
2022-03-06 23:38:32,426 [Listener at 127.0.0.1/33193] INFO  server.RaftServerConfigKeys (ConfUtils.java:logGet(44)) - raft.server.log.appender.buffer.byte-limit = 33554432 (custom)
2022-03-06 23:38:32,426 [Listener at 127.0.0.1/33193] INFO  server.GrpcService (ConfUtils.java:logGet(44)) - raft.grpc.flow.control.window = 5MB (=5242880) (custom)
2022-03-06 23:38:32,426 [Listener at 127.0.0.1/33193] INFO  server.RaftServerConfigKeys (ConfUtils.java:logGet(44)) - raft.server.rpc.request.timeout = 60s (custom)
2022-03-06 23:38:32,428 [Listener at 127.0.0.1/33193] INFO  impl.DataStreamServerImpl (ConfUtils.java:logGet(44)) - raft.datastream.type = DISABLED (default)
2022-03-06 23:38:32,428 [Listener at 127.0.0.1/33193] INFO  server.RaftServerConfigKeys (ConfUtils.java:logGet(44)) - raft.server.rpc.slowness.timeout = 300s (custom)
2022-03-06 23:38:32,428 [Listener at 127.0.0.1/33193] INFO  server.RaftServerConfigKeys (ConfUtils.java:logGet(44)) - raft.server.leaderelection.leader.step-down.wait-time = 10s (default)
2022-03-06 23:38:32,429 [Listener at 127.0.0.1/33193] INFO  server.RaftServerConfigKeys (ConfUtils.java:logGet(44)) - raft.server.storage.dir = [/home/runner/work/ozone/ozone/hadoop-ozone/integration-test/target/test-dir/MiniOzoneClusterImpl-1620ac7c-bf10-4486-a396-49b527acbb1b/datanode-2/data/ratis] (custom)
2022-03-06 23:38:32,436 [Listener at 127.0.0.1/33193] INFO  server.XceiverServerGrpc (XceiverServerGrpc.java:<init>(132)) - GrpcServer channel type EpollServerSocketChannel
2022-03-06 23:38:32,440 [Listener at 127.0.0.1/33193] INFO  http.BaseHttpServer (BaseHttpServer.java:newHttpServer2BuilderForOzone(209)) - Starting Web-server for hddsDatanode at: http://0.0.0.0:0
2022-03-06 23:38:32,440 [Listener at 127.0.0.1/33193] INFO  http.BaseHttpServer (BaseHttpServer.java:<init>(107)) - Hadoop Security Enabled: false Ozone Security Enabled: false Ozone HTTP Security Enabled: false 
2022-03-06 23:38:32,441 [Listener at 127.0.0.1/33193] INFO  server.AuthenticationFilter (AuthenticationFilter.java:constructSecretProvider(240)) - Unable to initialize FileSignerSecretProvider, falling back to use random secrets.
2022-03-06 23:38:32,444 [Listener at 127.0.0.1/33193] WARN  http.HttpRequestLog (HttpRequestLog.java:getRequestLog(103)) - Jetty request log can only be enabled using Log4j
2022-03-06 23:38:32,448 [Listener at 127.0.0.1/33193] INFO  http.HttpServer2 (HttpServer2.java:addGlobalFilter(1030)) - Added global filter 'safety' (class=org.apache.hadoop.hdds.server.http.HttpServer2$QuotingInputFilter)
2022-03-06 23:38:32,449 [Listener at 127.0.0.1/33193] INFO  http.HttpServer2 (HttpServer2.java:addFilter(1006)) - Added filter static_user_filter (class=org.apache.hadoop.http.lib.StaticUserWebFilter$StaticUserFilter) to context hddsDatanode
2022-03-06 23:38:32,449 [Listener at 127.0.0.1/33193] INFO  http.HttpServer2 (HttpServer2.java:addFilter(1014)) - Added filter static_user_filter (class=org.apache.hadoop.http.lib.StaticUserWebFilter$StaticUserFilter) to context logs
2022-03-06 23:38:32,449 [Listener at 127.0.0.1/33193] INFO  http.HttpServer2 (HttpServer2.java:addFilter(1014)) - Added filter static_user_filter (class=org.apache.hadoop.http.lib.StaticUserWebFilter$StaticUserFilter) to context static
2022-03-06 23:38:32,450 [Listener at 127.0.0.1/33193] INFO  http.HttpServer2 (HttpServer2.java:bindListener(1249)) - Jetty bound to port 35139
2022-03-06 23:38:32,450 [Listener at 127.0.0.1/33193] INFO  server.Server (Server.java:doStart(375)) - jetty-9.4.43.v20210629; built: 2021-06-30T11:07:22.254Z; git: 526006ecfa3af7f1a27ef3a288e2bef7ea9dd7e8; jvm 1.8.0_322-b06
2022-03-06 23:38:32,486 [Listener at 127.0.0.1/33193] INFO  server.session (DefaultSessionIdManager.java:doStart(334)) - DefaultSessionIdManager workerName=node0
2022-03-06 23:38:32,486 [Listener at 127.0.0.1/33193] INFO  server.session (DefaultSessionIdManager.java:doStart(339)) - No SessionScavenger set, using defaults
2022-03-06 23:38:32,486 [Listener at 127.0.0.1/33193] INFO  server.session (HouseKeeper.java:startScavenging(132)) - node0 Scavenging every 660000ms
2022-03-06 23:38:32,488 [Listener at 127.0.0.1/33193] INFO  handler.ContextHandler (ContextHandler.java:doStart(915)) - Started o.e.j.s.ServletContextHandler@15c27d61{logs,/logs,file:///home/runner/work/ozone/ozone/hadoop-ozone/integration-test/target/log,AVAILABLE}
2022-03-06 23:38:32,488 [Listener at 127.0.0.1/33193] INFO  handler.ContextHandler (ContextHandler.java:doStart(915)) - Started o.e.j.s.ServletContextHandler@41484970{static,/static,jar:file:/home/runner/.m2/repository/org/apache/ozone/hdds-container-service/1.3.0-SNAPSHOT/hdds-container-service-1.3.0-SNAPSHOT.jar!/webapps/static,AVAILABLE}
2022-03-06 23:38:32,589 [Listener at 127.0.0.1/33193] INFO  handler.ContextHandler (ContextHandler.java:doStart(915)) - Started o.e.j.w.WebAppContext@5c4a4edb{hddsDatanode,/,file:///tmp/jetty-0_0_0_0-35139-hdds-container-service-1_3_0-SNAPSHOT_jar-_-any-7922205175144854645/webapp/,AVAILABLE}{jar:file:/home/runner/.m2/repository/org/apache/ozone/hdds-container-service/1.3.0-SNAPSHOT/hdds-container-service-1.3.0-SNAPSHOT.jar!/webapps/hddsDatanode}
2022-03-06 23:38:32,600 [Listener at 127.0.0.1/33193] INFO  server.AbstractConnector (AbstractConnector.java:doStart(331)) - Started ServerConnector@75493e3c{HTTP/1.1, (http/1.1)}{0.0.0.0:35139}
2022-03-06 23:38:32,600 [Listener at 127.0.0.1/33193] INFO  server.Server (Server.java:doStart(415)) - Started @99159ms
2022-03-06 23:38:32,600 [Listener at 127.0.0.1/33193] WARN  impl.MetricsSystemImpl (MetricsSystemImpl.java:register(279)) - Sink prometheus already exists!
2022-03-06 23:38:32,603 [Listener at 127.0.0.1/33193] INFO  http.BaseHttpServer (BaseHttpServer.java:updateConnectorAddress(329)) - HTTP server of hddsDatanode listening at http://0.0.0.0:35139
2022-03-06 23:38:32,608 [Listener at 127.0.0.1/33193] INFO  ozone.MiniOzoneClusterImpl (MiniOzoneClusterImpl.java:lambda$waitForClusterToBeReady$0(219)) - Waiting for nodes to be ready. Got 0 of 3 DN Heartbeats.
2022-03-06 23:38:32,608 [Listener at 127.0.0.1/33193] INFO  ozone.MiniOzoneClusterImpl (MiniOzoneClusterImpl.java:lambda$waitForClusterToBeReady$0(222)) - Waiting for cluster to exit safe mode
2022-03-06 23:38:32,608 [Listener at 127.0.0.1/33193] INFO  ozone.MiniOzoneClusterImpl (MiniOzoneClusterImpl.java:lambda$waitForClusterToBeReady$0(224)) - SCM became leader
2022-03-06 23:38:32,608 [Datanode State Machine Daemon Thread] INFO  statemachine.DatanodeStateMachine (DatanodeStateMachine.java:lambda$startDaemon$0(470)) - Ozone container server started.
2022-03-06 23:38:32,640 [org.apache.hadoop.util.JvmPauseMonitor$Monitor@2c18cbf8] INFO  util.JvmPauseMonitor (JvmPauseMonitor.java:run(188)) - Starting JVM pause monitor
2022-03-06 23:38:32,670 [Datanode State Machine Task Thread - 0] INFO  datanode.InitDatanodeState (InitDatanodeState.java:persistContainerDatanodeDetails(138)) - DatanodeDetails is persisted to /home/runner/work/ozone/ozone/hadoop-ozone/integration-test/target/test-dir/MiniOzoneClusterImpl-1620ac7c-bf10-4486-a396-49b527acbb1b/datanode-2/meta/datanode.id
2022-03-06 23:38:33,577 [EndpointStateMachine task thread for /0.0.0.0:33845 - 0 ] INFO  ozoneimpl.OzoneContainer (OzoneContainer.java:start(335)) - Attempting to start container services.
2022-03-06 23:38:33,577 [EndpointStateMachine task thread for /0.0.0.0:33845 - 0 ] INFO  ozoneimpl.OzoneContainer (OzoneContainer.java:startContainerScrub(270)) - Background container scanner has been disabled.
2022-03-06 23:38:33,578 [EndpointStateMachine task thread for /0.0.0.0:33845 - 0 ] INFO  replication.ReplicationServer (ReplicationServer.java:start(111)) - ReplicationServer is started using port 33895
2022-03-06 23:38:33,579 [EndpointStateMachine task thread for /0.0.0.0:33845 - 0 ] INFO  ratis.XceiverServerRatis (XceiverServerRatis.java:start(485)) - Starting XceiverServerRatis e54240a4-5fb6-4317-aa96-83a11ada3c80
2022-03-06 23:38:33,579 [EndpointStateMachine task thread for /0.0.0.0:33845 - 0 ] INFO  server.RaftServer (RaftServerProxy.java:lambda$start$5(374)) - e54240a4-5fb6-4317-aa96-83a11ada3c80: start RPC server
2022-03-06 23:38:33,584 [EndpointStateMachine task thread for /0.0.0.0:33845 - 0 ] INFO  server.GrpcService (GrpcService.java:startImpl(253)) - e54240a4-5fb6-4317-aa96-83a11ada3c80: GrpcService started, listening on 36367
2022-03-06 23:38:33,593 [EndpointStateMachine task thread for /0.0.0.0:33845 - 0 ] INFO  ratis.XceiverServerRatis (XceiverServerRatis.java:getRealPort(506)) - XceiverServerRatis e54240a4-5fb6-4317-aa96-83a11ada3c80 is started using port 36367 for RATIS
2022-03-06 23:38:33,593 [EndpointStateMachine task thread for /0.0.0.0:33845 - 0 ] INFO  ratis.XceiverServerRatis (XceiverServerRatis.java:getRealPort(506)) - XceiverServerRatis e54240a4-5fb6-4317-aa96-83a11ada3c80 is started using port 36367 for RATIS_ADMIN
2022-03-06 23:38:33,593 [EndpointStateMachine task thread for /0.0.0.0:33845 - 0 ] INFO  ratis.XceiverServerRatis (XceiverServerRatis.java:getRealPort(506)) - XceiverServerRatis e54240a4-5fb6-4317-aa96-83a11ada3c80 is started using port 36367 for RATIS_SERVER
2022-03-06 23:38:33,596 [org.apache.ratis.util.JvmPauseMonitor$$Lambda$431/1941186180@132c5eb0] INFO  util.JvmPauseMonitor (JvmPauseMonitor.java:run(103)) - JvmPauseMonitor-e54240a4-5fb6-4317-aa96-83a11ada3c80: Started
2022-03-06 23:38:33,596 [EndpointStateMachine task thread for /0.0.0.0:33845 - 0 ] INFO  server.XceiverServerGrpc (XceiverServerGrpc.java:start(180)) - XceiverServerGrpc e54240a4-5fb6-4317-aa96-83a11ada3c80 is started using port 41461
2022-03-06 23:38:33,608 [Listener at 127.0.0.1/33193] INFO  ozone.MiniOzoneClusterImpl (MiniOzoneClusterImpl.java:lambda$waitForClusterToBeReady$0(219)) - Waiting for nodes to be ready. Got 0 of 3 DN Heartbeats.
2022-03-06 23:38:33,609 [Listener at 127.0.0.1/33193] INFO  ozone.MiniOzoneClusterImpl (MiniOzoneClusterImpl.java:lambda$waitForClusterToBeReady$0(222)) - Waiting for cluster to exit safe mode
2022-03-06 23:38:33,609 [Listener at 127.0.0.1/33193] INFO  ozone.MiniOzoneClusterImpl (MiniOzoneClusterImpl.java:lambda$waitForClusterToBeReady$0(224)) - SCM became leader
2022-03-06 23:38:34,190 [EndpointStateMachine task thread for /0.0.0.0:33845 - 0 ] INFO  ozoneimpl.OzoneContainer (OzoneContainer.java:start(335)) - Attempting to start container services.
2022-03-06 23:38:34,190 [EndpointStateMachine task thread for /0.0.0.0:33845 - 0 ] INFO  ozoneimpl.OzoneContainer (OzoneContainer.java:startContainerScrub(270)) - Background container scanner has been disabled.
2022-03-06 23:38:34,191 [EndpointStateMachine task thread for /0.0.0.0:33845 - 0 ] INFO  replication.ReplicationServer (ReplicationServer.java:start(111)) - ReplicationServer is started using port 35091
2022-03-06 23:38:34,192 [EndpointStateMachine task thread for /0.0.0.0:33845 - 0 ] INFO  ratis.XceiverServerRatis (XceiverServerRatis.java:start(485)) - Starting XceiverServerRatis 88d5b3ea-0504-4869-b217-dcc17ceadd97
2022-03-06 23:38:34,200 [EndpointStateMachine task thread for /0.0.0.0:33845 - 0 ] INFO  server.RaftServer (RaftServerProxy.java:lambda$start$5(374)) - 88d5b3ea-0504-4869-b217-dcc17ceadd97: start RPC server
2022-03-06 23:38:34,208 [EndpointStateMachine task thread for /0.0.0.0:33845 - 0 ] INFO  server.GrpcService (GrpcService.java:startImpl(253)) - 88d5b3ea-0504-4869-b217-dcc17ceadd97: GrpcService started, listening on 46049
2022-03-06 23:38:34,232 [EndpointStateMachine task thread for /0.0.0.0:33845 - 0 ] INFO  ratis.XceiverServerRatis (XceiverServerRatis.java:getRealPort(506)) - XceiverServerRatis 88d5b3ea-0504-4869-b217-dcc17ceadd97 is started using port 46049 for RATIS
2022-03-06 23:38:34,232 [EndpointStateMachine task thread for /0.0.0.0:33845 - 0 ] INFO  ratis.XceiverServerRatis (XceiverServerRatis.java:getRealPort(506)) - XceiverServerRatis 88d5b3ea-0504-4869-b217-dcc17ceadd97 is started using port 46049 for RATIS_ADMIN
2022-03-06 23:38:34,232 [EndpointStateMachine task thread for /0.0.0.0:33845 - 0 ] INFO  ratis.XceiverServerRatis (XceiverServerRatis.java:getRealPort(506)) - XceiverServerRatis 88d5b3ea-0504-4869-b217-dcc17ceadd97 is started using port 46049 for RATIS_SERVER
2022-03-06 23:38:34,233 [org.apache.ratis.util.JvmPauseMonitor$$Lambda$431/1941186180@4d5712f5] INFO  util.JvmPauseMonitor (JvmPauseMonitor.java:run(103)) - JvmPauseMonitor-88d5b3ea-0504-4869-b217-dcc17ceadd97: Started
2022-03-06 23:38:34,243 [EndpointStateMachine task thread for /0.0.0.0:33845 - 0 ] INFO  server.XceiverServerGrpc (XceiverServerGrpc.java:start(180)) - XceiverServerGrpc 88d5b3ea-0504-4869-b217-dcc17ceadd97 is started using port 38941
2022-03-06 23:38:34,609 [Listener at 127.0.0.1/33193] INFO  ozone.MiniOzoneClusterImpl (MiniOzoneClusterImpl.java:lambda$waitForClusterToBeReady$0(219)) - Waiting for nodes to be ready. Got 0 of 3 DN Heartbeats.
2022-03-06 23:38:34,609 [Listener at 127.0.0.1/33193] INFO  ozone.MiniOzoneClusterImpl (MiniOzoneClusterImpl.java:lambda$waitForClusterToBeReady$0(222)) - Waiting for cluster to exit safe mode
2022-03-06 23:38:34,609 [Listener at 127.0.0.1/33193] INFO  ozone.MiniOzoneClusterImpl (MiniOzoneClusterImpl.java:lambda$waitForClusterToBeReady$0(224)) - SCM became leader
2022-03-06 23:38:34,652 [EndpointStateMachine task thread for /0.0.0.0:33845 - 0 ] INFO  ozoneimpl.OzoneContainer (OzoneContainer.java:start(335)) - Attempting to start container services.
2022-03-06 23:38:34,652 [EndpointStateMachine task thread for /0.0.0.0:33845 - 0 ] INFO  ozoneimpl.OzoneContainer (OzoneContainer.java:startContainerScrub(270)) - Background container scanner has been disabled.
2022-03-06 23:38:34,653 [EndpointStateMachine task thread for /0.0.0.0:33845 - 0 ] INFO  replication.ReplicationServer (ReplicationServer.java:start(111)) - ReplicationServer is started using port 35155
2022-03-06 23:38:34,654 [EndpointStateMachine task thread for /0.0.0.0:33845 - 0 ] INFO  ratis.XceiverServerRatis (XceiverServerRatis.java:start(485)) - Starting XceiverServerRatis ca22b40f-bcca-4dce-b03d-42f8a600d1bd
2022-03-06 23:38:34,655 [EndpointStateMachine task thread for /0.0.0.0:33845 - 0 ] INFO  server.RaftServer (RaftServerProxy.java:lambda$start$5(374)) - ca22b40f-bcca-4dce-b03d-42f8a600d1bd: start RPC server
2022-03-06 23:38:34,661 [EndpointStateMachine task thread for /0.0.0.0:33845 - 0 ] INFO  server.GrpcService (GrpcService.java:startImpl(253)) - ca22b40f-bcca-4dce-b03d-42f8a600d1bd: GrpcService started, listening on 43913
2022-03-06 23:38:34,665 [EndpointStateMachine task thread for /0.0.0.0:33845 - 0 ] INFO  ratis.XceiverServerRatis (XceiverServerRatis.java:getRealPort(506)) - XceiverServerRatis ca22b40f-bcca-4dce-b03d-42f8a600d1bd is started using port 43913 for RATIS
2022-03-06 23:38:34,665 [EndpointStateMachine task thread for /0.0.0.0:33845 - 0 ] INFO  ratis.XceiverServerRatis (XceiverServerRatis.java:getRealPort(506)) - XceiverServerRatis ca22b40f-bcca-4dce-b03d-42f8a600d1bd is started using port 43913 for RATIS_ADMIN
2022-03-06 23:38:34,665 [EndpointStateMachine task thread for /0.0.0.0:33845 - 0 ] INFO  ratis.XceiverServerRatis (XceiverServerRatis.java:getRealPort(506)) - XceiverServerRatis ca22b40f-bcca-4dce-b03d-42f8a600d1bd is started using port 43913 for RATIS_SERVER
2022-03-06 23:38:34,665 [org.apache.ratis.util.JvmPauseMonitor$$Lambda$431/1941186180@3506213f] INFO  util.JvmPauseMonitor (JvmPauseMonitor.java:run(103)) - JvmPauseMonitor-ca22b40f-bcca-4dce-b03d-42f8a600d1bd: Started
2022-03-06 23:38:34,666 [EndpointStateMachine task thread for /0.0.0.0:33845 - 0 ] INFO  server.XceiverServerGrpc (XceiverServerGrpc.java:start(180)) - XceiverServerGrpc ca22b40f-bcca-4dce-b03d-42f8a600d1bd is started using port 34671
2022-03-06 23:38:35,549 [IPC Server handler 1 on default port 33845] INFO  net.NetworkTopologyImpl (NetworkTopologyImpl.java:add(112)) - Added a new node: /default-rack/e54240a4-5fb6-4317-aa96-83a11ada3c80
2022-03-06 23:38:35,549 [IPC Server handler 1 on default port 33845] INFO  node.SCMNodeManager (SCMNodeManager.java:register(391)) - Registered Data node : e54240a4-5fb6-4317-aa96-83a11ada3c80{ip: 10.1.0.33, host: fv-az148-899.bm4ck3pvxvsene1rjriu5fhcdb.bx.internal.cloudapp.net, ports: [REPLICATION=33895, RATIS=36367, RATIS_ADMIN=36367, RATIS_SERVER=36367, STANDALONE=41461], networkLocation: /default-rack, certSerialId: null, persistedOpState: null, persistedOpStateExpiryEpochSec: 0}
2022-03-06 23:38:35,551 [EventQueue-NewNodeForNewNodeHandler] INFO  pipeline.BackgroundPipelineCreator (BackgroundPipelineCreator.java:notifyEventTriggered(285)) - trigger a one-shot run on RatisPipelineUtilsThread.
2022-03-06 23:38:35,552 [RatisPipelineUtilsThread - 0] INFO  pipeline.RatisPipelineProvider (RatisPipelineProvider.java:lambda$create$0(183)) - Sending CreatePipelineCommand for pipeline:PipelineID=5cac19ce-4728-4659-979d-238557dd44e8 to datanode:e54240a4-5fb6-4317-aa96-83a11ada3c80
2022-03-06 23:38:35,553 [EventQueue-NodeRegistrationContainerReportForDataNodeSafeModeRule] INFO  safemode.SCMSafeModeManager (DataNodeSafeModeRule.java:process(71)) - SCM in safe mode. 1 DataNodes registered, 3 required.
2022-03-06 23:38:35,568 [EventQueue-NodeRegistrationContainerReportForContainerSafeModeRule] INFO  safemode.SCMSafeModeManager (SCMSafeModeManager.java:validateSafeModeExitRules(204)) - ContainerSafeModeRule rule is successfully validated
2022-03-06 23:38:35,585 [EventQueue-PipelineReportForOneReplicaPipelineSafeModeRule] INFO  safemode.SCMSafeModeManager (SCMSafeModeManager.java:validateSafeModeExitRules(204)) - AtleastOneDatanodeReportedRule rule is successfully validated
2022-03-06 23:38:35,609 [Listener at 127.0.0.1/33193] INFO  ozone.MiniOzoneClusterImpl (MiniOzoneClusterImpl.java:lambda$waitForClusterToBeReady$0(219)) - Waiting for nodes to be ready. Got 1 of 3 DN Heartbeats.
2022-03-06 23:38:35,609 [Listener at 127.0.0.1/33193] INFO  ozone.MiniOzoneClusterImpl (MiniOzoneClusterImpl.java:lambda$waitForClusterToBeReady$0(222)) - Waiting for cluster to exit safe mode
2022-03-06 23:38:35,609 [Listener at 127.0.0.1/33193] INFO  ozone.MiniOzoneClusterImpl (MiniOzoneClusterImpl.java:lambda$waitForClusterToBeReady$0(224)) - SCM became leader
2022-03-06 23:38:35,628 [6e71cd40-ad6e-421f-b1db-df6cb86c3193@group-49B527ACBB1B-StateMachineUpdater] INFO  pipeline.PipelineStateManagerImpl (PipelineStateManagerImpl.java:addPipeline(101)) - Created pipeline Pipeline[ Id: 5cac19ce-4728-4659-979d-238557dd44e8, Nodes: e54240a4-5fb6-4317-aa96-83a11ada3c80{ip: 10.1.0.33, host: fv-az148-899.bm4ck3pvxvsene1rjriu5fhcdb.bx.internal.cloudapp.net, ports: [REPLICATION=33895, RATIS=36367, RATIS_ADMIN=36367, RATIS_SERVER=36367, STANDALONE=41461], networkLocation: /default-rack, certSerialId: null, persistedOpState: IN_SERVICE, persistedOpStateExpiryEpochSec: 0}, ReplicationConfig: RATIS/ONE, State:ALLOCATED, leaderId:, CreationTimestamp2022-03-06T23:38:35.552Z[Etc/UTC]].
2022-03-06 23:38:35,629 [6e71cd40-ad6e-421f-b1db-df6cb86c3193@group-49B527ACBB1B-StateMachineUpdater] INFO  safemode.HealthyPipelineSafeModeRule (HealthyPipelineSafeModeRule.java:initializeRule(152)) - Refreshed total pipeline count is 0, healthy pipeline threshold count is 1
2022-03-06 23:38:36,158 [IPC Server handler 3 on default port 33845] INFO  net.NetworkTopologyImpl (NetworkTopologyImpl.java:add(112)) - Added a new node: /default-rack/88d5b3ea-0504-4869-b217-dcc17ceadd97
2022-03-06 23:38:36,159 [IPC Server handler 3 on default port 33845] INFO  node.SCMNodeManager (SCMNodeManager.java:register(391)) - Registered Data node : 88d5b3ea-0504-4869-b217-dcc17ceadd97{ip: 10.1.0.33, host: fv-az148-899.bm4ck3pvxvsene1rjriu5fhcdb.bx.internal.cloudapp.net, ports: [REPLICATION=35091, RATIS=46049, RATIS_ADMIN=46049, RATIS_SERVER=46049, STANDALONE=38941], networkLocation: /default-rack, certSerialId: null, persistedOpState: null, persistedOpStateExpiryEpochSec: 0}
2022-03-06 23:38:36,159 [EventQueue-NewNodeForNewNodeHandler] INFO  pipeline.BackgroundPipelineCreator (BackgroundPipelineCreator.java:notifyEventTriggered(285)) - trigger a one-shot run on RatisPipelineUtilsThread.
2022-03-06 23:38:36,160 [EventQueue-NodeRegistrationContainerReportForDataNodeSafeModeRule] INFO  safemode.SCMSafeModeManager (DataNodeSafeModeRule.java:process(71)) - SCM in safe mode. 2 DataNodes registered, 3 required.
2022-03-06 23:38:36,171 [RatisPipelineUtilsThread - 0] INFO  pipeline.RatisPipelineProvider (RatisPipelineProvider.java:lambda$create$0(183)) - Sending CreatePipelineCommand for pipeline:PipelineID=57d87248-bf6f-43aa-8745-1fc9e2b4ac1f to datanode:88d5b3ea-0504-4869-b217-dcc17ceadd97
2022-03-06 23:38:36,174 [6e71cd40-ad6e-421f-b1db-df6cb86c3193@group-49B527ACBB1B-StateMachineUpdater] INFO  pipeline.PipelineStateManagerImpl (PipelineStateManagerImpl.java:addPipeline(101)) - Created pipeline Pipeline[ Id: 57d87248-bf6f-43aa-8745-1fc9e2b4ac1f, Nodes: 88d5b3ea-0504-4869-b217-dcc17ceadd97{ip: 10.1.0.33, host: fv-az148-899.bm4ck3pvxvsene1rjriu5fhcdb.bx.internal.cloudapp.net, ports: [REPLICATION=35091, RATIS=46049, RATIS_ADMIN=46049, RATIS_SERVER=46049, STANDALONE=38941], networkLocation: /default-rack, certSerialId: null, persistedOpState: IN_SERVICE, persistedOpStateExpiryEpochSec: 0}, ReplicationConfig: RATIS/ONE, State:ALLOCATED, leaderId:, CreationTimestamp2022-03-06T23:38:36.171Z[Etc/UTC]].
2022-03-06 23:38:36,175 [6e71cd40-ad6e-421f-b1db-df6cb86c3193@group-49B527ACBB1B-StateMachineUpdater] INFO  safemode.HealthyPipelineSafeModeRule (HealthyPipelineSafeModeRule.java:initializeRule(152)) - Refreshed total pipeline count is 0, healthy pipeline threshold count is 1
2022-03-06 23:38:36,610 [Listener at 127.0.0.1/33193] INFO  ozone.MiniOzoneClusterImpl (MiniOzoneClusterImpl.java:lambda$waitForClusterToBeReady$0(219)) - Waiting for nodes to be ready. Got 2 of 3 DN Heartbeats.
2022-03-06 23:38:36,611 [Listener at 127.0.0.1/33193] INFO  ozone.MiniOzoneClusterImpl (MiniOzoneClusterImpl.java:lambda$waitForClusterToBeReady$0(222)) - Waiting for cluster to exit safe mode
2022-03-06 23:38:36,611 [Listener at 127.0.0.1/33193] INFO  ozone.MiniOzoneClusterImpl (MiniOzoneClusterImpl.java:lambda$waitForClusterToBeReady$0(224)) - SCM became leader
2022-03-06 23:38:36,631 [IPC Server handler 4 on default port 33845] INFO  net.NetworkTopologyImpl (NetworkTopologyImpl.java:add(112)) - Added a new node: /default-rack/ca22b40f-bcca-4dce-b03d-42f8a600d1bd
2022-03-06 23:38:36,631 [IPC Server handler 4 on default port 33845] INFO  node.SCMNodeManager (SCMNodeManager.java:register(391)) - Registered Data node : ca22b40f-bcca-4dce-b03d-42f8a600d1bd{ip: 10.1.0.33, host: fv-az148-899.bm4ck3pvxvsene1rjriu5fhcdb.bx.internal.cloudapp.net, ports: [REPLICATION=35155, RATIS=43913, RATIS_ADMIN=43913, RATIS_SERVER=43913, STANDALONE=34671], networkLocation: /default-rack, certSerialId: null, persistedOpState: null, persistedOpStateExpiryEpochSec: 0}
2022-03-06 23:38:36,632 [EventQueue-NewNodeForNewNodeHandler] INFO  pipeline.BackgroundPipelineCreator (BackgroundPipelineCreator.java:notifyEventTriggered(285)) - trigger a one-shot run on RatisPipelineUtilsThread.
2022-03-06 23:38:36,632 [EventQueue-NodeRegistrationContainerReportForDataNodeSafeModeRule] INFO  safemode.SCMSafeModeManager (DataNodeSafeModeRule.java:process(71)) - SCM in safe mode. 3 DataNodes registered, 3 required.
2022-03-06 23:38:36,632 [EventQueue-NodeRegistrationContainerReportForDataNodeSafeModeRule] INFO  safemode.SCMSafeModeManager (SCMSafeModeManager.java:validateSafeModeExitRules(204)) - DataNodeSafeModeRule rule is successfully validated
2022-03-06 23:38:36,632 [EventQueue-NodeRegistrationContainerReportForDataNodeSafeModeRule] INFO  safemode.SCMSafeModeManager (SCMSafeModeManager.java:completePreCheck(233)) - All SCM safe mode pre check rules have passed
2022-03-06 23:38:36,632 [EventQueue-NodeRegistrationContainerReportForDataNodeSafeModeRule] WARN  events.EventQueue (EventQueue.java:fireEvent(194)) - No event handler registered for event TypedEvent{payloadType=SafeModeStatus, name='Safe mode status'}
2022-03-06 23:38:36,632 [EventQueue-NodeRegistrationContainerReportForDataNodeSafeModeRule] INFO  ha.SCMContext (SCMContext.java:updateSafeModeStatus(211)) - Update SafeModeStatus from SafeModeStatus{safeModeStatus=true, preCheckPassed=false} to SafeModeStatus{safeModeStatus=true, preCheckPassed=true}.
2022-03-06 23:38:36,632 [EventQueue-NodeRegistrationContainerReportForDataNodeSafeModeRule] INFO  pipeline.BackgroundPipelineCreator (BackgroundPipelineCreator.java:notifyEventTriggered(285)) - trigger a one-shot run on RatisPipelineUtilsThread.
2022-03-06 23:38:36,632 [RatisPipelineUtilsThread - 0] INFO  pipeline.RatisPipelineProvider (RatisPipelineProvider.java:lambda$create$0(183)) - Sending CreatePipelineCommand for pipeline:PipelineID=2ffe2495-6b0c-436d-9830-9ad08a83476d to datanode:ca22b40f-bcca-4dce-b03d-42f8a600d1bd
2022-03-06 23:38:36,635 [6e71cd40-ad6e-421f-b1db-df6cb86c3193@group-49B527ACBB1B-StateMachineUpdater] INFO  pipeline.PipelineStateManagerImpl (PipelineStateManagerImpl.java:addPipeline(101)) - Created pipeline Pipeline[ Id: 2ffe2495-6b0c-436d-9830-9ad08a83476d, Nodes: ca22b40f-bcca-4dce-b03d-42f8a600d1bd{ip: 10.1.0.33, host: fv-az148-899.bm4ck3pvxvsene1rjriu5fhcdb.bx.internal.cloudapp.net, ports: [REPLICATION=35155, RATIS=43913, RATIS_ADMIN=43913, RATIS_SERVER=43913, STANDALONE=34671], networkLocation: /default-rack, certSerialId: null, persistedOpState: IN_SERVICE, persistedOpStateExpiryEpochSec: 0}, ReplicationConfig: RATIS/ONE, State:ALLOCATED, leaderId:, CreationTimestamp2022-03-06T23:38:36.632Z[Etc/UTC]].
2022-03-06 23:38:36,635 [6e71cd40-ad6e-421f-b1db-df6cb86c3193@group-49B527ACBB1B-StateMachineUpdater] INFO  safemode.HealthyPipelineSafeModeRule (HealthyPipelineSafeModeRule.java:initializeRule(152)) - Refreshed total pipeline count is 0, healthy pipeline threshold count is 1
2022-03-06 23:38:36,636 [RatisPipelineUtilsThread - 0] INFO  pipeline.RatisPipelineProvider (RatisPipelineProvider.java:lambda$create$0(183)) - Sending CreatePipelineCommand for pipeline:PipelineID=b69523d4-54f5-4a15-9e9f-b6675d5aa9d0 to datanode:ca22b40f-bcca-4dce-b03d-42f8a600d1bd
2022-03-06 23:38:36,641 [RatisPipelineUtilsThread - 0] INFO  pipeline.RatisPipelineProvider (RatisPipelineProvider.java:lambda$create$0(183)) - Sending CreatePipelineCommand for pipeline:PipelineID=b69523d4-54f5-4a15-9e9f-b6675d5aa9d0 to datanode:e54240a4-5fb6-4317-aa96-83a11ada3c80
2022-03-06 23:38:36,641 [RatisPipelineUtilsThread - 0] INFO  pipeline.RatisPipelineProvider (RatisPipelineProvider.java:lambda$create$0(183)) - Sending CreatePipelineCommand for pipeline:PipelineID=b69523d4-54f5-4a15-9e9f-b6675d5aa9d0 to datanode:88d5b3ea-0504-4869-b217-dcc17ceadd97
2022-03-06 23:38:36,649 [6e71cd40-ad6e-421f-b1db-df6cb86c3193@group-49B527ACBB1B-StateMachineUpdater] INFO  pipeline.PipelineStateManagerImpl (PipelineStateManagerImpl.java:addPipeline(101)) - Created pipeline Pipeline[ Id: b69523d4-54f5-4a15-9e9f-b6675d5aa9d0, Nodes: ca22b40f-bcca-4dce-b03d-42f8a600d1bd{ip: 10.1.0.33, host: fv-az148-899.bm4ck3pvxvsene1rjriu5fhcdb.bx.internal.cloudapp.net, ports: [REPLICATION=35155, RATIS=43913, RATIS_ADMIN=43913, RATIS_SERVER=43913, STANDALONE=34671], networkLocation: /default-rack, certSerialId: null, persistedOpState: IN_SERVICE, persistedOpStateExpiryEpochSec: 0}e54240a4-5fb6-4317-aa96-83a11ada3c80{ip: 10.1.0.33, host: fv-az148-899.bm4ck3pvxvsene1rjriu5fhcdb.bx.internal.cloudapp.net, ports: [REPLICATION=33895, RATIS=36367, RATIS_ADMIN=36367, RATIS_SERVER=36367, STANDALONE=41461], networkLocation: /default-rack, certSerialId: null, persistedOpState: IN_SERVICE, persistedOpStateExpiryEpochSec: 0}88d5b3ea-0504-4869-b217-dcc17ceadd97{ip: 10.1.0.33, host: fv-az148-899.bm4ck3pvxvsene1rjriu5fhcdb.bx.internal.cloudapp.net, ports: [REPLICATION=35091, RATIS=46049, RATIS_ADMIN=46049, RATIS_SERVER=46049, STANDALONE=38941], networkLocation: /default-rack, certSerialId: null, persistedOpState: IN_SERVICE, persistedOpStateExpiryEpochSec: 0}, ReplicationConfig: RATIS/THREE, State:ALLOCATED, leaderId:, CreationTimestamp2022-03-06T23:38:36.636Z[Etc/UTC]].
2022-03-06 23:38:36,649 [6e71cd40-ad6e-421f-b1db-df6cb86c3193@group-49B527ACBB1B-StateMachineUpdater] INFO  safemode.HealthyPipelineSafeModeRule (HealthyPipelineSafeModeRule.java:initializeRule(152)) - Refreshed total pipeline count is 0, healthy pipeline threshold count is 1
2022-03-06 23:38:37,611 [Listener at 127.0.0.1/33193] INFO  ozone.MiniOzoneClusterImpl (MiniOzoneClusterImpl.java:lambda$waitForClusterToBeReady$0(219)) - Nodes are ready. Got 3 of 3 DN Heartbeats.
2022-03-06 23:38:37,612 [Listener at 127.0.0.1/33193] INFO  ozone.MiniOzoneClusterImpl (MiniOzoneClusterImpl.java:lambda$waitForClusterToBeReady$0(222)) - Waiting for cluster to exit safe mode
2022-03-06 23:38:37,612 [Listener at 127.0.0.1/33193] INFO  ozone.MiniOzoneClusterImpl (MiniOzoneClusterImpl.java:lambda$waitForClusterToBeReady$0(224)) - SCM became leader
2022-03-06 23:38:38,545 [Command processor thread] INFO  server.RaftServer (RaftServerProxy.java:addNew(95)) - e54240a4-5fb6-4317-aa96-83a11ada3c80: addNew group-238557DD44E8:[e54240a4-5fb6-4317-aa96-83a11ada3c80|rpc:10.1.0.33:36367|priority:1] returns group-238557DD44E8:java.util.concurrent.CompletableFuture@7bf9c84d[Not completed]
2022-03-06 23:38:38,563 [pool-271-thread-1] INFO  server.RaftServer$Division (RaftServerImpl.java:<init>(184)) - e54240a4-5fb6-4317-aa96-83a11ada3c80: new RaftServerImpl for group-238557DD44E8:[e54240a4-5fb6-4317-aa96-83a11ada3c80|rpc:10.1.0.33:36367|priority:1] with ContainerStateMachine:uninitialized
2022-03-06 23:38:38,568 [pool-271-thread-1] INFO  server.RaftServerConfigKeys (ConfUtils.java:logGet(44)) - raft.server.rpc.timeout.min = 5s (custom)
2022-03-06 23:38:38,578 [pool-271-thread-1] INFO  server.RaftServerConfigKeys (ConfUtils.java:logGet(44)) - raft.server.rpc.timeout.max = 5200ms (custom)
2022-03-06 23:38:38,578 [pool-271-thread-1] INFO  server.RaftServerConfigKeys (ConfUtils.java:logGet(44)) - raft.server.rpc.sleep.time = 25ms (default)
2022-03-06 23:38:38,578 [pool-271-thread-1] INFO  server.RaftServerConfigKeys (ConfUtils.java:logGet(44)) - raft.server.rpc.slowness.timeout = 300s (custom)
2022-03-06 23:38:38,578 [pool-271-thread-1] INFO  server.RaftServerConfigKeys (ConfUtils.java:logGet(44)) - raft.server.leaderelection.leader.step-down.wait-time = 10s (default)
2022-03-06 23:38:38,578 [pool-271-thread-1] INFO  server.RaftServerConfigKeys (ConfUtils.java:logGet(44)) - raft.server.sleep.deviation.threshold = 300ms (default)
2022-03-06 23:38:38,578 [pool-271-thread-1] INFO  server.RaftServerConfigKeys (ConfUtils.java:logGet(44)) - raft.server.log.appender.install.snapshot.enabled = false (custom)
2022-03-06 23:38:38,578 [pool-271-thread-1] INFO  server.RaftServer$Division (ServerState.java:<init>(105)) - e54240a4-5fb6-4317-aa96-83a11ada3c80@group-238557DD44E8: ConfigurationManager, init=-1: [e54240a4-5fb6-4317-aa96-83a11ada3c80|rpc:10.1.0.33:36367|priority:1], old=null, confs=<EMPTY_MAP>
2022-03-06 23:38:38,578 [pool-271-thread-1] INFO  server.RaftServerConfigKeys (ConfUtils.java:logGet(44)) - raft.server.storage.dir = [/home/runner/work/ozone/ozone/hadoop-ozone/integration-test/target/test-dir/MiniOzoneClusterImpl-1620ac7c-bf10-4486-a396-49b527acbb1b/datanode-0/data/ratis] (custom)
2022-03-06 23:38:38,578 [pool-271-thread-1] INFO  server.RaftServerConfigKeys (ConfUtils.java:logGet(44)) - raft.server.log.corruption.policy = EXCEPTION (default)
2022-03-06 23:38:38,579 [pool-271-thread-1] INFO  server.RaftServerConfigKeys (ConfUtils.java:logGet(44)) - raft.server.storage.free-space.min = 0MB (=0) (default)
2022-03-06 23:38:38,579 [pool-271-thread-1] INFO  storage.RaftStorageDirectory (RaftStorageDirectoryImpl.java:analyzeStorage(135)) - The storage directory /home/runner/work/ozone/ozone/hadoop-ozone/integration-test/target/test-dir/MiniOzoneClusterImpl-1620ac7c-bf10-4486-a396-49b527acbb1b/datanode-0/data/ratis/5cac19ce-4728-4659-979d-238557dd44e8 does not exist. Creating ...
2022-03-06 23:38:38,581 [pool-271-thread-1] INFO  storage.RaftStorageDirectory (RaftStorageDirectoryImpl.java:tryLock(230)) - Lock on /home/runner/work/ozone/ozone/hadoop-ozone/integration-test/target/test-dir/MiniOzoneClusterImpl-1620ac7c-bf10-4486-a396-49b527acbb1b/datanode-0/data/ratis/5cac19ce-4728-4659-979d-238557dd44e8/in_use.lock acquired by nodename 21167@fv-az148-899
2022-03-06 23:38:38,582 [pool-271-thread-1] INFO  storage.RaftStorage (RaftStorageImpl.java:format(89)) - Storage directory /home/runner/work/ozone/ozone/hadoop-ozone/integration-test/target/test-dir/MiniOzoneClusterImpl-1620ac7c-bf10-4486-a396-49b527acbb1b/datanode-0/data/ratis/5cac19ce-4728-4659-979d-238557dd44e8 has been successfully formatted.
2022-03-06 23:38:38,583 [pool-271-thread-1] INFO  ratis.ContainerStateMachine (ContainerStateMachine.java:loadSnapshot(236)) - group-238557DD44E8: The snapshot info is null. Setting the last applied indexto:(t:0, i:~)
2022-03-06 23:38:38,588 [pool-271-thread-1] INFO  server.RaftServerConfigKeys (ConfUtils.java:logGet(44)) - raft.server.notification.no-leader.timeout = 300s (custom)
2022-03-06 23:38:38,588 [pool-271-thread-1] INFO  server.RaftServerConfigKeys (ConfUtils.java:logGet(44)) - raft.server.log.use.memory = false (default)
2022-03-06 23:38:38,588 [pool-271-thread-1] INFO  server.RaftServerConfigKeys (ConfUtils.java:logGet(44)) - raft.server.log.purge.gap = 1000000 (custom)
2022-03-06 23:38:38,588 [pool-271-thread-1] INFO  server.RaftServerConfigKeys (ConfUtils.java:logGet(44)) - raft.server.log.appender.buffer.byte-limit = 33554432 (custom)
2022-03-06 23:38:38,589 [pool-271-thread-1] INFO  server.RaftServerConfigKeys (ConfUtils.java:logGet(44)) - raft.server.log.segment.size.max = 1048576 (custom)
2022-03-06 23:38:38,589 [pool-271-thread-1] INFO  server.RaftServerConfigKeys (ConfUtils.java:logGet(44)) - raft.server.log.segment.cache.num.max = 2 (custom)
2022-03-06 23:38:38,590 [EventQueue-PipelineReportForPipelineReportHandler] INFO  pipeline.PipelineManagerImpl (PipelineManagerImpl.java:openPipeline(291)) - Pipeline Pipeline[ Id: 5cac19ce-4728-4659-979d-238557dd44e8, Nodes: e54240a4-5fb6-4317-aa96-83a11ada3c80{ip: 10.1.0.33, host: fv-az148-899.bm4ck3pvxvsene1rjriu5fhcdb.bx.internal.cloudapp.net, ports: [REPLICATION=33895, RATIS=36367, RATIS_ADMIN=36367, RATIS_SERVER=36367, STANDALONE=41461], networkLocation: /default-rack, certSerialId: null, persistedOpState: IN_SERVICE, persistedOpStateExpiryEpochSec: 0}, ReplicationConfig: RATIS/ONE, State:ALLOCATED, leaderId:e54240a4-5fb6-4317-aa96-83a11ada3c80, CreationTimestamp2022-03-06T23:38:35.552Z[Etc/UTC]] moved to OPEN state
2022-03-06 23:38:38,606 [6e71cd40-ad6e-421f-b1db-df6cb86c3193@group-49B527ACBB1B-StateMachineUpdater] INFO  safemode.HealthyPipelineSafeModeRule (HealthyPipelineSafeModeRule.java:initializeRule(152)) - Refreshed total pipeline count is 0, healthy pipeline threshold count is 1
2022-03-06 23:38:38,608 [EventQueue-OpenPipelineForHealthyPipelineSafeModeRule] INFO  safemode.SCMSafeModeManager (HealthyPipelineSafeModeRule.java:process(124)) - SCM in safe mode. Healthy pipelines reported count is 0, required healthy pipeline reported count is 1
2022-03-06 23:38:38,612 [Listener at 127.0.0.1/33193] INFO  ozone.MiniOzoneClusterImpl (MiniOzoneClusterImpl.java:lambda$waitForClusterToBeReady$0(219)) - Nodes are ready. Got 3 of 3 DN Heartbeats.
2022-03-06 23:38:38,612 [Listener at 127.0.0.1/33193] INFO  ozone.MiniOzoneClusterImpl (MiniOzoneClusterImpl.java:lambda$waitForClusterToBeReady$0(222)) - Waiting for cluster to exit safe mode
2022-03-06 23:38:38,612 [Listener at 127.0.0.1/33193] INFO  ozone.MiniOzoneClusterImpl (MiniOzoneClusterImpl.java:lambda$waitForClusterToBeReady$0(224)) - SCM became leader
2022-03-06 23:38:38,613 [pool-271-thread-1] INFO  server.RaftServerConfigKeys (ConfUtils.java:logGet(44)) - raft.server.log.segment.cache.size.max = 200MB (=209715200) (default)
2022-03-06 23:38:38,613 [pool-271-thread-1] INFO  segmented.SegmentedRaftLogWorker (SegmentedRaftLogWorker.java:<init>(182)) - new e54240a4-5fb6-4317-aa96-83a11ada3c80@group-238557DD44E8-SegmentedRaftLogWorker for RaftStorageImpl:Storage Directory /home/runner/work/ozone/ozone/hadoop-ozone/integration-test/target/test-dir/MiniOzoneClusterImpl-1620ac7c-bf10-4486-a396-49b527acbb1b/datanode-0/data/ratis/5cac19ce-4728-4659-979d-238557dd44e8
2022-03-06 23:38:38,613 [pool-271-thread-1] INFO  server.RaftServerConfigKeys (ConfUtils.java:logGet(44)) - raft.server.log.queue.byte-limit = 4294967296 (custom)
2022-03-06 23:38:38,613 [pool-271-thread-1] INFO  server.RaftServerConfigKeys (ConfUtils.java:logGet(44)) - raft.server.log.queue.element-limit = 1024 (custom)
2022-03-06 23:38:38,613 [pool-271-thread-1] INFO  server.RaftServerConfigKeys (ConfUtils.java:logGet(44)) - raft.server.log.segment.size.max = 1048576 (custom)
2022-03-06 23:38:38,613 [pool-271-thread-1] INFO  server.RaftServerConfigKeys (ConfUtils.java:logGet(44)) - raft.server.log.preallocated.size = 16384 (custom)
2022-03-06 23:38:38,613 [pool-271-thread-1] INFO  server.RaftServerConfigKeys (ConfUtils.java:logGet(44)) - raft.server.log.force.sync.num = 128 (default)
2022-03-06 23:38:38,613 [pool-271-thread-1] INFO  server.RaftServerConfigKeys (ConfUtils.java:logGet(44)) - raft.server.log.statemachine.data.sync = true (default)
2022-03-06 23:38:38,613 [pool-271-thread-1] INFO  server.RaftServerConfigKeys (ConfUtils.java:logGet(44)) - raft.server.log.statemachine.data.sync.timeout = 10s (default)
2022-03-06 23:38:38,613 [pool-271-thread-1] INFO  server.RaftServerConfigKeys (ConfUtils.java:logGet(44)) - raft.server.log.statemachine.data.sync.timeout.retry = -1 (default)
2022-03-06 23:38:38,615 [pool-271-thread-1] INFO  server.RaftServerConfigKeys (ConfUtils.java:logGet(44)) - raft.server.log.write.buffer.size = 1048576 (custom)
2022-03-06 23:38:38,615 [pool-271-thread-1] INFO  server.RaftServerConfigKeys (ConfUtils.java:logGet(44)) - raft.server.log.statemachine.data.caching.enabled = true (custom)
2022-03-06 23:38:38,615 [pool-271-thread-1] INFO  segmented.SegmentedRaftLogWorker (SegmentedRaftLogWorker.java:lambda$new$0(133)) - e54240a4-5fb6-4317-aa96-83a11ada3c80@group-238557DD44E8-SegmentedRaftLogWorker: flushIndex: setUnconditionally 0 -> -1
2022-03-06 23:38:38,615 [pool-271-thread-1] INFO  segmented.SegmentedRaftLogWorker (SegmentedRaftLogWorker.java:lambda$new$0(133)) - e54240a4-5fb6-4317-aa96-83a11ada3c80@group-238557DD44E8-SegmentedRaftLogWorker: safeCacheEvictIndex: setUnconditionally 0 -> -1
2022-03-06 23:38:38,628 [pool-271-thread-1] INFO  server.RaftServerConfigKeys (ConfUtils.java:logGet(44)) - raft.server.snapshot.auto.trigger.enabled = true (custom)
2022-03-06 23:38:38,632 [pool-271-thread-1] INFO  server.RaftServerConfigKeys (ConfUtils.java:logGet(44)) - raft.server.snapshot.auto.trigger.threshold = 10000 (custom)
2022-03-06 23:38:38,632 [pool-271-thread-1] INFO  server.RaftServerConfigKeys (ConfUtils.java:logGet(44)) - raft.server.snapshot.retention.file.num = 5 (custom)
2022-03-06 23:38:38,632 [pool-271-thread-1] INFO  server.RaftServerConfigKeys (ConfUtils.java:logGet(44)) - raft.server.log.purge.upto.snapshot.index = false (default)
2022-03-06 23:38:38,632 [pool-271-thread-1] INFO  server.RaftServerConfigKeys (ConfUtils.java:logGet(44)) - raft.server.retrycache.expirytime = 600000ms (custom)
2022-03-06 23:38:38,632 [pool-271-thread-1] INFO  server.RaftServerConfigKeys (ConfUtils.java:logGet(44)) - raft.server.retrycache.statistics.expirytime = 100μs (default)
2022-03-06 23:38:38,633 [pool-271-thread-1] INFO  server.RaftServer$Division (RaftServerImpl.java:start(301)) - e54240a4-5fb6-4317-aa96-83a11ada3c80@group-238557DD44E8: start as a follower, conf=-1: [e54240a4-5fb6-4317-aa96-83a11ada3c80|rpc:10.1.0.33:36367|priority:1], old=null
2022-03-06 23:38:38,634 [pool-271-thread-1] INFO  server.RaftServer$Division (RaftServerImpl.java:setRole(290)) - e54240a4-5fb6-4317-aa96-83a11ada3c80@group-238557DD44E8: changes role from      null to FOLLOWER at term 0 for startAsFollower
2022-03-06 23:38:38,634 [pool-271-thread-1] INFO  impl.RoleInfo (RoleInfo.java:updateAndGet(130)) - e54240a4-5fb6-4317-aa96-83a11ada3c80: start e54240a4-5fb6-4317-aa96-83a11ada3c80@group-238557DD44E8-FollowerState
2022-03-06 23:38:38,640 [pool-271-thread-1] INFO  util.JmxRegister (JmxRegister.java:tryRegister(44)) - Successfully registered JMX Bean with object name Ratis:service=RaftServer,group=group-238557DD44E8,id=e54240a4-5fb6-4317-aa96-83a11ada3c80
2022-03-06 23:38:38,641 [Command processor thread] INFO  ratis.XceiverServerRatis (XceiverServerRatis.java:addGroup(769)) - Created group PipelineID=5cac19ce-4728-4659-979d-238557dd44e8
2022-03-06 23:38:38,641 [Command processor thread] INFO  commandhandler.CreatePipelineCommandHandler (CreatePipelineCommandHandler.java:handle(106)) - Created Pipeline RATIS ONE PipelineID=5cac19ce-4728-4659-979d-238557dd44e8.
2022-03-06 23:38:38,641 [Command processor thread] INFO  server.RaftServer (RaftServerProxy.java:addNew(95)) - e54240a4-5fb6-4317-aa96-83a11ada3c80: addNew group-B6675D5AA9D0:[88d5b3ea-0504-4869-b217-dcc17ceadd97|rpc:10.1.0.33:46049|priority:0, e54240a4-5fb6-4317-aa96-83a11ada3c80|rpc:10.1.0.33:36367|priority:0, ca22b40f-bcca-4dce-b03d-42f8a600d1bd|rpc:10.1.0.33:43913|priority:1] returns group-B6675D5AA9D0:java.util.concurrent.CompletableFuture@7fc653ea[Not completed]
2022-03-06 23:38:38,642 [pool-271-thread-1] INFO  server.RaftServer$Division (RaftServerImpl.java:<init>(184)) - e54240a4-5fb6-4317-aa96-83a11ada3c80: new RaftServerImpl for group-B6675D5AA9D0:[88d5b3ea-0504-4869-b217-dcc17ceadd97|rpc:10.1.0.33:46049|priority:0, e54240a4-5fb6-4317-aa96-83a11ada3c80|rpc:10.1.0.33:36367|priority:0, ca22b40f-bcca-4dce-b03d-42f8a600d1bd|rpc:10.1.0.33:43913|priority:1] with ContainerStateMachine:uninitialized
2022-03-06 23:38:38,642 [pool-271-thread-1] INFO  server.RaftServerConfigKeys (ConfUtils.java:logGet(44)) - raft.server.rpc.timeout.min = 5s (custom)
2022-03-06 23:38:38,642 [pool-271-thread-1] INFO  server.RaftServerConfigKeys (ConfUtils.java:logGet(44)) - raft.server.rpc.timeout.max = 5200ms (custom)
2022-03-06 23:38:38,643 [pool-271-thread-1] INFO  server.RaftServerConfigKeys (ConfUtils.java:logGet(44)) - raft.server.rpc.sleep.time = 25ms (default)
2022-03-06 23:38:38,643 [pool-271-thread-1] INFO  server.RaftServerConfigKeys (ConfUtils.java:logGet(44)) - raft.server.rpc.slowness.timeout = 300s (custom)
2022-03-06 23:38:38,643 [pool-271-thread-1] INFO  server.RaftServerConfigKeys (ConfUtils.java:logGet(44)) - raft.server.leaderelection.leader.step-down.wait-time = 10s (default)
2022-03-06 23:38:38,643 [pool-271-thread-1] INFO  server.RaftServerConfigKeys (ConfUtils.java:logGet(44)) - raft.server.sleep.deviation.threshold = 300ms (default)
2022-03-06 23:38:38,643 [pool-271-thread-1] INFO  server.RaftServerConfigKeys (ConfUtils.java:logGet(44)) - raft.server.log.appender.install.snapshot.enabled = false (custom)
2022-03-06 23:38:38,643 [pool-271-thread-1] INFO  server.RaftServer$Division (ServerState.java:<init>(105)) - e54240a4-5fb6-4317-aa96-83a11ada3c80@group-B6675D5AA9D0: ConfigurationManager, init=-1: [88d5b3ea-0504-4869-b217-dcc17ceadd97|rpc:10.1.0.33:46049|priority:0, e54240a4-5fb6-4317-aa96-83a11ada3c80|rpc:10.1.0.33:36367|priority:0, ca22b40f-bcca-4dce-b03d-42f8a600d1bd|rpc:10.1.0.33:43913|priority:1], old=null, confs=<EMPTY_MAP>
2022-03-06 23:38:38,643 [pool-271-thread-1] INFO  server.RaftServerConfigKeys (ConfUtils.java:logGet(44)) - raft.server.storage.dir = [/home/runner/work/ozone/ozone/hadoop-ozone/integration-test/target/test-dir/MiniOzoneClusterImpl-1620ac7c-bf10-4486-a396-49b527acbb1b/datanode-0/data/ratis] (custom)
2022-03-06 23:38:38,643 [pool-271-thread-1] INFO  server.RaftServerConfigKeys (ConfUtils.java:logGet(44)) - raft.server.log.corruption.policy = EXCEPTION (default)
2022-03-06 23:38:38,643 [pool-271-thread-1] INFO  server.RaftServerConfigKeys (ConfUtils.java:logGet(44)) - raft.server.storage.free-space.min = 0MB (=0) (default)
2022-03-06 23:38:38,643 [pool-271-thread-1] INFO  storage.RaftStorageDirectory (RaftStorageDirectoryImpl.java:analyzeStorage(135)) - The storage directory /home/runner/work/ozone/ozone/hadoop-ozone/integration-test/target/test-dir/MiniOzoneClusterImpl-1620ac7c-bf10-4486-a396-49b527acbb1b/datanode-0/data/ratis/b69523d4-54f5-4a15-9e9f-b6675d5aa9d0 does not exist. Creating ...
2022-03-06 23:38:38,645 [pool-271-thread-1] INFO  storage.RaftStorageDirectory (RaftStorageDirectoryImpl.java:tryLock(230)) - Lock on /home/runner/work/ozone/ozone/hadoop-ozone/integration-test/target/test-dir/MiniOzoneClusterImpl-1620ac7c-bf10-4486-a396-49b527acbb1b/datanode-0/data/ratis/b69523d4-54f5-4a15-9e9f-b6675d5aa9d0/in_use.lock acquired by nodename 21167@fv-az148-899
2022-03-06 23:38:38,647 [pool-271-thread-1] INFO  storage.RaftStorage (RaftStorageImpl.java:format(89)) - Storage directory /home/runner/work/ozone/ozone/hadoop-ozone/integration-test/target/test-dir/MiniOzoneClusterImpl-1620ac7c-bf10-4486-a396-49b527acbb1b/datanode-0/data/ratis/b69523d4-54f5-4a15-9e9f-b6675d5aa9d0 has been successfully formatted.
2022-03-06 23:38:38,647 [pool-271-thread-1] INFO  ratis.ContainerStateMachine (ContainerStateMachine.java:loadSnapshot(236)) - group-B6675D5AA9D0: The snapshot info is null. Setting the last applied indexto:(t:0, i:~)
2022-03-06 23:38:38,647 [pool-271-thread-1] INFO  server.RaftServerConfigKeys (ConfUtils.java:logGet(44)) - raft.server.notification.no-leader.timeout = 300s (custom)
2022-03-06 23:38:38,647 [pool-271-thread-1] INFO  server.RaftServerConfigKeys (ConfUtils.java:logGet(44)) - raft.server.log.use.memory = false (default)
2022-03-06 23:38:38,647 [pool-271-thread-1] INFO  server.RaftServerConfigKeys (ConfUtils.java:logGet(44)) - raft.server.log.purge.gap = 1000000 (custom)
2022-03-06 23:38:38,647 [pool-271-thread-1] INFO  server.RaftServerConfigKeys (ConfUtils.java:logGet(44)) - raft.server.log.appender.buffer.byte-limit = 33554432 (custom)
2022-03-06 23:38:38,647 [pool-271-thread-1] INFO  server.RaftServerConfigKeys (ConfUtils.java:logGet(44)) - raft.server.log.segment.size.max = 1048576 (custom)
2022-03-06 23:38:38,648 [pool-271-thread-1] INFO  server.RaftServerConfigKeys (ConfUtils.java:logGet(44)) - raft.server.log.segment.cache.num.max = 2 (custom)
2022-03-06 23:38:38,648 [pool-271-thread-1] INFO  server.RaftServerConfigKeys (ConfUtils.java:logGet(44)) - raft.server.log.segment.cache.size.max = 200MB (=209715200) (default)
2022-03-06 23:38:38,648 [pool-271-thread-1] INFO  segmented.SegmentedRaftLogWorker (SegmentedRaftLogWorker.java:<init>(182)) - new e54240a4-5fb6-4317-aa96-83a11ada3c80@group-B6675D5AA9D0-SegmentedRaftLogWorker for RaftStorageImpl:Storage Directory /home/runner/work/ozone/ozone/hadoop-ozone/integration-test/target/test-dir/MiniOzoneClusterImpl-1620ac7c-bf10-4486-a396-49b527acbb1b/datanode-0/data/ratis/b69523d4-54f5-4a15-9e9f-b6675d5aa9d0
2022-03-06 23:38:38,648 [pool-271-thread-1] INFO  server.RaftServerConfigKeys (ConfUtils.java:logGet(44)) - raft.server.log.queue.byte-limit = 4294967296 (custom)
2022-03-06 23:38:38,648 [pool-271-thread-1] INFO  server.RaftServerConfigKeys (ConfUtils.java:logGet(44)) - raft.server.log.queue.element-limit = 1024 (custom)
2022-03-06 23:38:38,648 [pool-271-thread-1] INFO  server.RaftServerConfigKeys (ConfUtils.java:logGet(44)) - raft.server.log.segment.size.max = 1048576 (custom)
2022-03-06 23:38:38,648 [pool-271-thread-1] INFO  server.RaftServerConfigKeys (ConfUtils.java:logGet(44)) - raft.server.log.preallocated.size = 16384 (custom)
2022-03-06 23:38:38,648 [pool-271-thread-1] INFO  server.RaftServerConfigKeys (ConfUtils.java:logGet(44)) - raft.server.log.force.sync.num = 128 (default)
2022-03-06 23:38:38,648 [pool-271-thread-1] INFO  server.RaftServerConfigKeys (ConfUtils.java:logGet(44)) - raft.server.log.statemachine.data.sync = true (default)
2022-03-06 23:38:38,648 [pool-271-thread-1] INFO  server.RaftServerConfigKeys (ConfUtils.java:logGet(44)) - raft.server.log.statemachine.data.sync.timeout = 10s (default)
2022-03-06 23:38:38,648 [pool-271-thread-1] INFO  server.RaftServerConfigKeys (ConfUtils.java:logGet(44)) - raft.server.log.statemachine.data.sync.timeout.retry = -1 (default)
2022-03-06 23:38:38,649 [pool-271-thread-1] INFO  server.RaftServerConfigKeys (ConfUtils.java:logGet(44)) - raft.server.log.write.buffer.size = 1048576 (custom)
2022-03-06 23:38:38,649 [pool-271-thread-1] INFO  server.RaftServerConfigKeys (ConfUtils.java:logGet(44)) - raft.server.log.statemachine.data.caching.enabled = true (custom)
2022-03-06 23:38:38,650 [pool-271-thread-1] INFO  segmented.SegmentedRaftLogWorker (SegmentedRaftLogWorker.java:lambda$new$0(133)) - e54240a4-5fb6-4317-aa96-83a11ada3c80@group-B6675D5AA9D0-SegmentedRaftLogWorker: flushIndex: setUnconditionally 0 -> -1
2022-03-06 23:38:38,650 [pool-271-thread-1] INFO  segmented.SegmentedRaftLogWorker (SegmentedRaftLogWorker.java:lambda$new$0(133)) - e54240a4-5fb6-4317-aa96-83a11ada3c80@group-B6675D5AA9D0-SegmentedRaftLogWorker: safeCacheEvictIndex: setUnconditionally 0 -> -1
2022-03-06 23:38:38,659 [pool-271-thread-1] INFO  server.RaftServerConfigKeys (ConfUtils.java:logGet(44)) - raft.server.snapshot.auto.trigger.enabled = true (custom)
2022-03-06 23:38:38,659 [pool-271-thread-1] INFO  server.RaftServerConfigKeys (ConfUtils.java:logGet(44)) - raft.server.snapshot.auto.trigger.threshold = 10000 (custom)
2022-03-06 23:38:38,659 [pool-271-thread-1] INFO  server.RaftServerConfigKeys (ConfUtils.java:logGet(44)) - raft.server.snapshot.retention.file.num = 5 (custom)
2022-03-06 23:38:38,659 [pool-271-thread-1] INFO  server.RaftServerConfigKeys (ConfUtils.java:logGet(44)) - raft.server.log.purge.upto.snapshot.index = false (default)
2022-03-06 23:38:38,659 [pool-271-thread-1] INFO  server.RaftServerConfigKeys (ConfUtils.java:logGet(44)) - raft.server.retrycache.expirytime = 600000ms (custom)
2022-03-06 23:38:38,659 [pool-271-thread-1] INFO  server.RaftServerConfigKeys (ConfUtils.java:logGet(44)) - raft.server.retrycache.statistics.expirytime = 100μs (default)
2022-03-06 23:38:38,661 [pool-271-thread-1] INFO  server.RaftServer$Division (RaftServerImpl.java:start(301)) - e54240a4-5fb6-4317-aa96-83a11ada3c80@group-B6675D5AA9D0: start as a follower, conf=-1: [88d5b3ea-0504-4869-b217-dcc17ceadd97|rpc:10.1.0.33:46049|priority:0, e54240a4-5fb6-4317-aa96-83a11ada3c80|rpc:10.1.0.33:36367|priority:0, ca22b40f-bcca-4dce-b03d-42f8a600d1bd|rpc:10.1.0.33:43913|priority:1], old=null
2022-03-06 23:38:38,661 [pool-271-thread-1] INFO  server.RaftServer$Division (RaftServerImpl.java:setRole(290)) - e54240a4-5fb6-4317-aa96-83a11ada3c80@group-B6675D5AA9D0: changes role from      null to FOLLOWER at term 0 for startAsFollower
2022-03-06 23:38:38,661 [pool-271-thread-1] INFO  impl.RoleInfo (RoleInfo.java:updateAndGet(130)) - e54240a4-5fb6-4317-aa96-83a11ada3c80: start e54240a4-5fb6-4317-aa96-83a11ada3c80@group-B6675D5AA9D0-FollowerState
2022-03-06 23:38:38,668 [pool-271-thread-1] INFO  util.JmxRegister (JmxRegister.java:tryRegister(44)) - Successfully registered JMX Bean with object name Ratis:service=RaftServer,group=group-B6675D5AA9D0,id=e54240a4-5fb6-4317-aa96-83a11ada3c80
2022-03-06 23:38:38,676 [Command processor thread] INFO  ratis.XceiverServerRatis (XceiverServerRatis.java:addGroup(769)) - Created group PipelineID=b69523d4-54f5-4a15-9e9f-b6675d5aa9d0
2022-03-06 23:38:38,689 [EventQueue-OpenPipelineForHealthyPipelineSafeModeRule] INFO  safemode.SCMSafeModeManager (HealthyPipelineSafeModeRule.java:process(124)) - SCM in safe mode. Healthy pipelines reported count is 0, required healthy pipeline reported count is 1
2022-03-06 23:38:38,728 [grpc-default-executor-2] INFO  server.RaftServer (RaftServerProxy.java:addNew(95)) - ca22b40f-bcca-4dce-b03d-42f8a600d1bd: addNew group-B6675D5AA9D0:[88d5b3ea-0504-4869-b217-dcc17ceadd97|rpc:10.1.0.33:46049|dataStream:|priority:0, e54240a4-5fb6-4317-aa96-83a11ada3c80|rpc:10.1.0.33:36367|dataStream:|priority:0, ca22b40f-bcca-4dce-b03d-42f8a600d1bd|rpc:10.1.0.33:43913|dataStream:|priority:1] returns group-B6675D5AA9D0:java.util.concurrent.CompletableFuture@468e5d0c[Not completed]
2022-03-06 23:38:38,745 [pool-313-thread-1] INFO  server.RaftServer$Division (RaftServerImpl.java:<init>(184)) - ca22b40f-bcca-4dce-b03d-42f8a600d1bd: new RaftServerImpl for group-B6675D5AA9D0:[88d5b3ea-0504-4869-b217-dcc17ceadd97|rpc:10.1.0.33:46049|dataStream:|priority:0, e54240a4-5fb6-4317-aa96-83a11ada3c80|rpc:10.1.0.33:36367|dataStream:|priority:0, ca22b40f-bcca-4dce-b03d-42f8a600d1bd|rpc:10.1.0.33:43913|dataStream:|priority:1] with ContainerStateMachine:uninitialized
2022-03-06 23:38:38,760 [pool-313-thread-1] INFO  server.RaftServerConfigKeys (ConfUtils.java:logGet(44)) - raft.server.rpc.timeout.min = 5s (custom)
2022-03-06 23:38:38,760 [pool-313-thread-1] INFO  server.RaftServerConfigKeys (ConfUtils.java:logGet(44)) - raft.server.rpc.timeout.max = 5200ms (custom)
2022-03-06 23:38:38,760 [pool-313-thread-1] INFO  server.RaftServerConfigKeys (ConfUtils.java:logGet(44)) - raft.server.rpc.sleep.time = 25ms (default)
2022-03-06 23:38:38,760 [pool-313-thread-1] INFO  server.RaftServerConfigKeys (ConfUtils.java:logGet(44)) - raft.server.rpc.slowness.timeout = 300s (custom)
2022-03-06 23:38:38,760 [pool-313-thread-1] INFO  server.RaftServerConfigKeys (ConfUtils.java:logGet(44)) - raft.server.leaderelection.leader.step-down.wait-time = 10s (default)
2022-03-06 23:38:38,760 [pool-313-thread-1] INFO  server.RaftServerConfigKeys (ConfUtils.java:logGet(44)) - raft.server.sleep.deviation.threshold = 300ms (default)
2022-03-06 23:38:38,760 [pool-313-thread-1] INFO  server.RaftServerConfigKeys (ConfUtils.java:logGet(44)) - raft.server.log.appender.install.snapshot.enabled = false (custom)
2022-03-06 23:38:38,760 [pool-313-thread-1] INFO  server.RaftServer$Division (ServerState.java:<init>(105)) - ca22b40f-bcca-4dce-b03d-42f8a600d1bd@group-B6675D5AA9D0: ConfigurationManager, init=-1: [88d5b3ea-0504-4869-b217-dcc17ceadd97|rpc:10.1.0.33:46049|dataStream:|priority:0, e54240a4-5fb6-4317-aa96-83a11ada3c80|rpc:10.1.0.33:36367|dataStream:|priority:0, ca22b40f-bcca-4dce-b03d-42f8a600d1bd|rpc:10.1.0.33:43913|dataStream:|priority:1], old=null, confs=<EMPTY_MAP>
2022-03-06 23:38:38,760 [pool-313-thread-1] INFO  server.RaftServerConfigKeys (ConfUtils.java:logGet(44)) - raft.server.storage.dir = [/home/runner/work/ozone/ozone/hadoop-ozone/integration-test/target/test-dir/MiniOzoneClusterImpl-1620ac7c-bf10-4486-a396-49b527acbb1b/datanode-2/data/ratis] (custom)
2022-03-06 23:38:38,761 [pool-313-thread-1] INFO  server.RaftServerConfigKeys (ConfUtils.java:logGet(44)) - raft.server.log.corruption.policy = EXCEPTION (default)
2022-03-06 23:38:38,761 [pool-313-thread-1] INFO  server.RaftServerConfigKeys (ConfUtils.java:logGet(44)) - raft.server.storage.free-space.min = 0MB (=0) (default)
2022-03-06 23:38:38,761 [pool-313-thread-1] INFO  storage.RaftStorageDirectory (RaftStorageDirectoryImpl.java:analyzeStorage(135)) - The storage directory /home/runner/work/ozone/ozone/hadoop-ozone/integration-test/target/test-dir/MiniOzoneClusterImpl-1620ac7c-bf10-4486-a396-49b527acbb1b/datanode-2/data/ratis/b69523d4-54f5-4a15-9e9f-b6675d5aa9d0 does not exist. Creating ...
2022-03-06 23:38:38,762 [pool-313-thread-1] INFO  storage.RaftStorageDirectory (RaftStorageDirectoryImpl.java:tryLock(230)) - Lock on /home/runner/work/ozone/ozone/hadoop-ozone/integration-test/target/test-dir/MiniOzoneClusterImpl-1620ac7c-bf10-4486-a396-49b527acbb1b/datanode-2/data/ratis/b69523d4-54f5-4a15-9e9f-b6675d5aa9d0/in_use.lock acquired by nodename 21167@fv-az148-899
2022-03-06 23:38:38,764 [pool-313-thread-1] INFO  storage.RaftStorage (RaftStorageImpl.java:format(89)) - Storage directory /home/runner/work/ozone/ozone/hadoop-ozone/integration-test/target/test-dir/MiniOzoneClusterImpl-1620ac7c-bf10-4486-a396-49b527acbb1b/datanode-2/data/ratis/b69523d4-54f5-4a15-9e9f-b6675d5aa9d0 has been successfully formatted.
2022-03-06 23:38:38,770 [pool-313-thread-1] INFO  ratis.ContainerStateMachine (ContainerStateMachine.java:loadSnapshot(236)) - group-B6675D5AA9D0: The snapshot info is null. Setting the last applied indexto:(t:0, i:~)
2022-03-06 23:38:38,771 [pool-313-thread-1] INFO  server.RaftServerConfigKeys (ConfUtils.java:logGet(44)) - raft.server.notification.no-leader.timeout = 300s (custom)
2022-03-06 23:38:38,771 [pool-313-thread-1] INFO  server.RaftServerConfigKeys (ConfUtils.java:logGet(44)) - raft.server.log.use.memory = false (default)
2022-03-06 23:38:38,772 [pool-313-thread-1] INFO  server.RaftServerConfigKeys (ConfUtils.java:logGet(44)) - raft.server.log.purge.gap = 1000000 (custom)
2022-03-06 23:38:38,772 [pool-313-thread-1] INFO  server.RaftServerConfigKeys (ConfUtils.java:logGet(44)) - raft.server.log.appender.buffer.byte-limit = 33554432 (custom)
2022-03-06 23:38:38,772 [pool-313-thread-1] INFO  server.RaftServerConfigKeys (ConfUtils.java:logGet(44)) - raft.server.log.segment.size.max = 1048576 (custom)
2022-03-06 23:38:38,772 [pool-313-thread-1] INFO  server.RaftServerConfigKeys (ConfUtils.java:logGet(44)) - raft.server.log.segment.cache.num.max = 2 (custom)
2022-03-06 23:38:38,773 [pool-313-thread-1] INFO  server.RaftServerConfigKeys (ConfUtils.java:logGet(44)) - raft.server.log.segment.cache.size.max = 200MB (=209715200) (default)
2022-03-06 23:38:38,773 [pool-313-thread-1] INFO  segmented.SegmentedRaftLogWorker (SegmentedRaftLogWorker.java:<init>(182)) - new ca22b40f-bcca-4dce-b03d-42f8a600d1bd@group-B6675D5AA9D0-SegmentedRaftLogWorker for RaftStorageImpl:Storage Directory /home/runner/work/ozone/ozone/hadoop-ozone/integration-test/target/test-dir/MiniOzoneClusterImpl-1620ac7c-bf10-4486-a396-49b527acbb1b/datanode-2/data/ratis/b69523d4-54f5-4a15-9e9f-b6675d5aa9d0
2022-03-06 23:38:38,773 [pool-313-thread-1] INFO  server.RaftServerConfigKeys (ConfUtils.java:logGet(44)) - raft.server.log.queue.byte-limit = 4294967296 (custom)
2022-03-06 23:38:38,773 [pool-313-thread-1] INFO  server.RaftServerConfigKeys (ConfUtils.java:logGet(44)) - raft.server.log.queue.element-limit = 1024 (custom)
2022-03-06 23:38:38,773 [pool-313-thread-1] INFO  server.RaftServerConfigKeys (ConfUtils.java:logGet(44)) - raft.server.log.segment.size.max = 1048576 (custom)
2022-03-06 23:38:38,773 [pool-313-thread-1] INFO  server.RaftServerConfigKeys (ConfUtils.java:logGet(44)) - raft.server.log.preallocated.size = 16384 (custom)
2022-03-06 23:38:38,773 [pool-313-thread-1] INFO  server.RaftServerConfigKeys (ConfUtils.java:logGet(44)) - raft.server.log.force.sync.num = 128 (default)
2022-03-06 23:38:38,773 [pool-313-thread-1] INFO  server.RaftServerConfigKeys (ConfUtils.java:logGet(44)) - raft.server.log.statemachine.data.sync = true (default)
2022-03-06 23:38:38,773 [pool-313-thread-1] INFO  server.RaftServerConfigKeys (ConfUtils.java:logGet(44)) - raft.server.log.statemachine.data.sync.timeout = 10s (default)
2022-03-06 23:38:38,773 [pool-313-thread-1] INFO  server.RaftServerConfigKeys (ConfUtils.java:logGet(44)) - raft.server.log.statemachine.data.sync.timeout.retry = -1 (default)
2022-03-06 23:38:38,774 [pool-313-thread-1] INFO  server.RaftServerConfigKeys (ConfUtils.java:logGet(44)) - raft.server.log.write.buffer.size = 1048576 (custom)
2022-03-06 23:38:38,774 [pool-313-thread-1] INFO  server.RaftServerConfigKeys (ConfUtils.java:logGet(44)) - raft.server.log.statemachine.data.caching.enabled = true (custom)
2022-03-06 23:38:38,775 [pool-313-thread-1] INFO  segmented.SegmentedRaftLogWorker (SegmentedRaftLogWorker.java:lambda$new$0(133)) - ca22b40f-bcca-4dce-b03d-42f8a600d1bd@group-B6675D5AA9D0-SegmentedRaftLogWorker: flushIndex: setUnconditionally 0 -> -1
2022-03-06 23:38:38,780 [pool-313-thread-1] INFO  segmented.SegmentedRaftLogWorker (SegmentedRaftLogWorker.java:lambda$new$0(133)) - ca22b40f-bcca-4dce-b03d-42f8a600d1bd@group-B6675D5AA9D0-SegmentedRaftLogWorker: safeCacheEvictIndex: setUnconditionally 0 -> -1
2022-03-06 23:38:38,784 [pool-313-thread-1] INFO  server.RaftServerConfigKeys (ConfUtils.java:logGet(44)) - raft.server.snapshot.auto.trigger.enabled = true (custom)
2022-03-06 23:38:38,784 [pool-313-thread-1] INFO  server.RaftServerConfigKeys (ConfUtils.java:logGet(44)) - raft.server.snapshot.auto.trigger.threshold = 10000 (custom)
2022-03-06 23:38:38,784 [pool-313-thread-1] INFO  server.RaftServerConfigKeys (ConfUtils.java:logGet(44)) - raft.server.snapshot.retention.file.num = 5 (custom)
2022-03-06 23:38:38,784 [pool-313-thread-1] INFO  server.RaftServerConfigKeys (ConfUtils.java:logGet(44)) - raft.server.log.purge.upto.snapshot.index = false (default)
2022-03-06 23:38:38,784 [pool-313-thread-1] INFO  server.RaftServerConfigKeys (ConfUtils.java:logGet(44)) - raft.server.retrycache.expirytime = 600000ms (custom)
2022-03-06 23:38:38,784 [pool-313-thread-1] INFO  server.RaftServerConfigKeys (ConfUtils.java:logGet(44)) - raft.server.retrycache.statistics.expirytime = 100μs (default)
2022-03-06 23:38:38,785 [pool-313-thread-1] INFO  server.RaftServer$Division (RaftServerImpl.java:start(301)) - ca22b40f-bcca-4dce-b03d-42f8a600d1bd@group-B6675D5AA9D0: start as a follower, conf=-1: [88d5b3ea-0504-4869-b217-dcc17ceadd97|rpc:10.1.0.33:46049|dataStream:|priority:0, e54240a4-5fb6-4317-aa96-83a11ada3c80|rpc:10.1.0.33:36367|dataStream:|priority:0, ca22b40f-bcca-4dce-b03d-42f8a600d1bd|rpc:10.1.0.33:43913|dataStream:|priority:1], old=null
2022-03-06 23:38:38,785 [pool-313-thread-1] INFO  server.RaftServer$Division (RaftServerImpl.java:setRole(290)) - ca22b40f-bcca-4dce-b03d-42f8a600d1bd@group-B6675D5AA9D0: changes role from      null to FOLLOWER at term 0 for startAsFollower
2022-03-06 23:38:38,786 [pool-313-thread-1] INFO  impl.RoleInfo (RoleInfo.java:updateAndGet(130)) - ca22b40f-bcca-4dce-b03d-42f8a600d1bd: start ca22b40f-bcca-4dce-b03d-42f8a600d1bd@group-B6675D5AA9D0-FollowerState
2022-03-06 23:38:38,801 [pool-313-thread-1] INFO  util.JmxRegister (JmxRegister.java:tryRegister(44)) - Successfully registered JMX Bean with object name Ratis:service=RaftServer,group=group-B6675D5AA9D0,id=ca22b40f-bcca-4dce-b03d-42f8a600d1bd
2022-03-06 23:38:38,894 [grpc-default-executor-2] INFO  server.RaftServer (RaftServerProxy.java:addNew(95)) - 88d5b3ea-0504-4869-b217-dcc17ceadd97: addNew group-B6675D5AA9D0:[88d5b3ea-0504-4869-b217-dcc17ceadd97|rpc:10.1.0.33:46049|dataStream:|priority:0, e54240a4-5fb6-4317-aa96-83a11ada3c80|rpc:10.1.0.33:36367|dataStream:|priority:0, ca22b40f-bcca-4dce-b03d-42f8a600d1bd|rpc:10.1.0.33:43913|dataStream:|priority:1] returns group-B6675D5AA9D0:java.util.concurrent.CompletableFuture@43923fc0[Not completed]
2022-03-06 23:38:38,897 [pool-292-thread-1] INFO  server.RaftServer$Division (RaftServerImpl.java:<init>(184)) - 88d5b3ea-0504-4869-b217-dcc17ceadd97: new RaftServerImpl for group-B6675D5AA9D0:[88d5b3ea-0504-4869-b217-dcc17ceadd97|rpc:10.1.0.33:46049|dataStream:|priority:0, e54240a4-5fb6-4317-aa96-83a11ada3c80|rpc:10.1.0.33:36367|dataStream:|priority:0, ca22b40f-bcca-4dce-b03d-42f8a600d1bd|rpc:10.1.0.33:43913|dataStream:|priority:1] with ContainerStateMachine:uninitialized
2022-03-06 23:38:38,904 [pool-292-thread-1] INFO  server.RaftServerConfigKeys (ConfUtils.java:logGet(44)) - raft.server.rpc.timeout.min = 5s (custom)
2022-03-06 23:38:38,904 [pool-292-thread-1] INFO  server.RaftServerConfigKeys (ConfUtils.java:logGet(44)) - raft.server.rpc.timeout.max = 5200ms (custom)
2022-03-06 23:38:38,904 [pool-292-thread-1] INFO  server.RaftServerConfigKeys (ConfUtils.java:logGet(44)) - raft.server.rpc.sleep.time = 25ms (default)
2022-03-06 23:38:38,904 [pool-292-thread-1] INFO  server.RaftServerConfigKeys (ConfUtils.java:logGet(44)) - raft.server.rpc.slowness.timeout = 300s (custom)
2022-03-06 23:38:38,904 [pool-292-thread-1] INFO  server.RaftServerConfigKeys (ConfUtils.java:logGet(44)) - raft.server.leaderelection.leader.step-down.wait-time = 10s (default)
2022-03-06 23:38:38,904 [pool-292-thread-1] INFO  server.RaftServerConfigKeys (ConfUtils.java:logGet(44)) - raft.server.sleep.deviation.threshold = 300ms (default)
2022-03-06 23:38:38,904 [pool-292-thread-1] INFO  server.RaftServerConfigKeys (ConfUtils.java:logGet(44)) - raft.server.log.appender.install.snapshot.enabled = false (custom)
2022-03-06 23:38:38,904 [pool-292-thread-1] INFO  server.RaftServer$Division (ServerState.java:<init>(105)) - 88d5b3ea-0504-4869-b217-dcc17ceadd97@group-B6675D5AA9D0: ConfigurationManager, init=-1: [88d5b3ea-0504-4869-b217-dcc17ceadd97|rpc:10.1.0.33:46049|dataStream:|priority:0, e54240a4-5fb6-4317-aa96-83a11ada3c80|rpc:10.1.0.33:36367|dataStream:|priority:0, ca22b40f-bcca-4dce-b03d-42f8a600d1bd|rpc:10.1.0.33:43913|dataStream:|priority:1], old=null, confs=<EMPTY_MAP>
2022-03-06 23:38:38,905 [pool-292-thread-1] INFO  server.RaftServerConfigKeys (ConfUtils.java:logGet(44)) - raft.server.storage.dir = [/home/runner/work/ozone/ozone/hadoop-ozone/integration-test/target/test-dir/MiniOzoneClusterImpl-1620ac7c-bf10-4486-a396-49b527acbb1b/datanode-1/data/ratis] (custom)
2022-03-06 23:38:38,905 [pool-292-thread-1] INFO  server.RaftServerConfigKeys (ConfUtils.java:logGet(44)) - raft.server.log.corruption.policy = EXCEPTION (default)
2022-03-06 23:38:38,905 [pool-292-thread-1] INFO  server.RaftServerConfigKeys (ConfUtils.java:logGet(44)) - raft.server.storage.free-space.min = 0MB (=0) (default)
2022-03-06 23:38:38,905 [pool-292-thread-1] INFO  storage.RaftStorageDirectory (RaftStorageDirectoryImpl.java:analyzeStorage(135)) - The storage directory /home/runner/work/ozone/ozone/hadoop-ozone/integration-test/target/test-dir/MiniOzoneClusterImpl-1620ac7c-bf10-4486-a396-49b527acbb1b/datanode-1/data/ratis/b69523d4-54f5-4a15-9e9f-b6675d5aa9d0 does not exist. Creating ...
2022-03-06 23:38:38,906 [pool-292-thread-1] INFO  storage.RaftStorageDirectory (RaftStorageDirectoryImpl.java:tryLock(230)) - Lock on /home/runner/work/ozone/ozone/hadoop-ozone/integration-test/target/test-dir/MiniOzoneClusterImpl-1620ac7c-bf10-4486-a396-49b527acbb1b/datanode-1/data/ratis/b69523d4-54f5-4a15-9e9f-b6675d5aa9d0/in_use.lock acquired by nodename 21167@fv-az148-899
2022-03-06 23:38:38,916 [pool-292-thread-1] INFO  storage.RaftStorage (RaftStorageImpl.java:format(89)) - Storage directory /home/runner/work/ozone/ozone/hadoop-ozone/integration-test/target/test-dir/MiniOzoneClusterImpl-1620ac7c-bf10-4486-a396-49b527acbb1b/datanode-1/data/ratis/b69523d4-54f5-4a15-9e9f-b6675d5aa9d0 has been successfully formatted.
2022-03-06 23:38:38,940 [pool-292-thread-1] INFO  ratis.ContainerStateMachine (ContainerStateMachine.java:loadSnapshot(236)) - group-B6675D5AA9D0: The snapshot info is null. Setting the last applied indexto:(t:0, i:~)
2022-03-06 23:38:38,940 [pool-292-thread-1] INFO  server.RaftServerConfigKeys (ConfUtils.java:logGet(44)) - raft.server.notification.no-leader.timeout = 300s (custom)
2022-03-06 23:38:38,940 [pool-292-thread-1] INFO  server.RaftServerConfigKeys (ConfUtils.java:logGet(44)) - raft.server.log.use.memory = false (default)
2022-03-06 23:38:38,940 [pool-292-thread-1] INFO  server.RaftServerConfigKeys (ConfUtils.java:logGet(44)) - raft.server.log.purge.gap = 1000000 (custom)
2022-03-06 23:38:38,940 [pool-292-thread-1] INFO  server.RaftServerConfigKeys (ConfUtils.java:logGet(44)) - raft.server.log.appender.buffer.byte-limit = 33554432 (custom)
2022-03-06 23:38:38,941 [pool-292-thread-1] INFO  server.RaftServerConfigKeys (ConfUtils.java:logGet(44)) - raft.server.log.segment.size.max = 1048576 (custom)
2022-03-06 23:38:38,942 [pool-292-thread-1] INFO  server.RaftServerConfigKeys (ConfUtils.java:logGet(44)) - raft.server.log.segment.cache.num.max = 2 (custom)
2022-03-06 23:38:38,942 [pool-292-thread-1] INFO  server.RaftServerConfigKeys (ConfUtils.java:logGet(44)) - raft.server.log.segment.cache.size.max = 200MB (=209715200) (default)
2022-03-06 23:38:38,942 [pool-292-thread-1] INFO  segmented.SegmentedRaftLogWorker (SegmentedRaftLogWorker.java:<init>(182)) - new 88d5b3ea-0504-4869-b217-dcc17ceadd97@group-B6675D5AA9D0-SegmentedRaftLogWorker for RaftStorageImpl:Storage Directory /home/runner/work/ozone/ozone/hadoop-ozone/integration-test/target/test-dir/MiniOzoneClusterImpl-1620ac7c-bf10-4486-a396-49b527acbb1b/datanode-1/data/ratis/b69523d4-54f5-4a15-9e9f-b6675d5aa9d0
2022-03-06 23:38:38,942 [pool-292-thread-1] INFO  server.RaftServerConfigKeys (ConfUtils.java:logGet(44)) - raft.server.log.queue.byte-limit = 4294967296 (custom)
2022-03-06 23:38:38,942 [pool-292-thread-1] INFO  server.RaftServerConfigKeys (ConfUtils.java:logGet(44)) - raft.server.log.queue.element-limit = 1024 (custom)
2022-03-06 23:38:38,942 [pool-292-thread-1] INFO  server.RaftServerConfigKeys (ConfUtils.java:logGet(44)) - raft.server.log.segment.size.max = 1048576 (custom)
2022-03-06 23:38:38,942 [pool-292-thread-1] INFO  server.RaftServerConfigKeys (ConfUtils.java:logGet(44)) - raft.server.log.preallocated.size = 16384 (custom)
2022-03-06 23:38:38,942 [pool-292-thread-1] INFO  server.RaftServerConfigKeys (ConfUtils.java:logGet(44)) - raft.server.log.force.sync.num = 128 (default)
2022-03-06 23:38:38,942 [pool-292-thread-1] INFO  server.RaftServerConfigKeys (ConfUtils.java:logGet(44)) - raft.server.log.statemachine.data.sync = true (default)
2022-03-06 23:38:38,942 [pool-292-thread-1] INFO  server.RaftServerConfigKeys (ConfUtils.java:logGet(44)) - raft.server.log.statemachine.data.sync.timeout = 10s (default)
2022-03-06 23:38:38,942 [pool-292-thread-1] INFO  server.RaftServerConfigKeys (ConfUtils.java:logGet(44)) - raft.server.log.statemachine.data.sync.timeout.retry = -1 (default)
2022-03-06 23:38:38,943 [pool-292-thread-1] INFO  server.RaftServerConfigKeys (ConfUtils.java:logGet(44)) - raft.server.log.write.buffer.size = 1048576 (custom)
2022-03-06 23:38:38,944 [pool-292-thread-1] INFO  server.RaftServerConfigKeys (ConfUtils.java:logGet(44)) - raft.server.log.statemachine.data.caching.enabled = true (custom)
2022-03-06 23:38:38,948 [pool-292-thread-1] INFO  segmented.SegmentedRaftLogWorker (SegmentedRaftLogWorker.java:lambda$new$0(133)) - 88d5b3ea-0504-4869-b217-dcc17ceadd97@group-B6675D5AA9D0-SegmentedRaftLogWorker: flushIndex: setUnconditionally 0 -> -1
2022-03-06 23:38:38,948 [pool-292-thread-1] INFO  segmented.SegmentedRaftLogWorker (SegmentedRaftLogWorker.java:lambda$new$0(133)) - 88d5b3ea-0504-4869-b217-dcc17ceadd97@group-B6675D5AA9D0-SegmentedRaftLogWorker: safeCacheEvictIndex: setUnconditionally 0 -> -1
2022-03-06 23:38:38,952 [pool-292-thread-1] INFO  server.RaftServerConfigKeys (ConfUtils.java:logGet(44)) - raft.server.snapshot.auto.trigger.enabled = true (custom)
2022-03-06 23:38:38,952 [pool-292-thread-1] INFO  server.RaftServerConfigKeys (ConfUtils.java:logGet(44)) - raft.server.snapshot.auto.trigger.threshold = 10000 (custom)
2022-03-06 23:38:38,952 [pool-292-thread-1] INFO  server.RaftServerConfigKeys (ConfUtils.java:logGet(44)) - raft.server.snapshot.retention.file.num = 5 (custom)
2022-03-06 23:38:38,952 [pool-292-thread-1] INFO  server.RaftServerConfigKeys (ConfUtils.java:logGet(44)) - raft.server.log.purge.upto.snapshot.index = false (default)
2022-03-06 23:38:38,952 [pool-292-thread-1] INFO  server.RaftServerConfigKeys (ConfUtils.java:logGet(44)) - raft.server.retrycache.expirytime = 600000ms (custom)
2022-03-06 23:38:38,952 [pool-292-thread-1] INFO  server.RaftServerConfigKeys (ConfUtils.java:logGet(44)) - raft.server.retrycache.statistics.expirytime = 100μs (default)
2022-03-06 23:38:38,954 [pool-292-thread-1] INFO  server.RaftServer$Division (RaftServerImpl.java:start(301)) - 88d5b3ea-0504-4869-b217-dcc17ceadd97@group-B6675D5AA9D0: start as a follower, conf=-1: [88d5b3ea-0504-4869-b217-dcc17ceadd97|rpc:10.1.0.33:46049|dataStream:|priority:0, e54240a4-5fb6-4317-aa96-83a11ada3c80|rpc:10.1.0.33:36367|dataStream:|priority:0, ca22b40f-bcca-4dce-b03d-42f8a600d1bd|rpc:10.1.0.33:43913|dataStream:|priority:1], old=null
2022-03-06 23:38:38,955 [pool-292-thread-1] INFO  server.RaftServer$Division (RaftServerImpl.java:setRole(290)) - 88d5b3ea-0504-4869-b217-dcc17ceadd97@group-B6675D5AA9D0: changes role from      null to FOLLOWER at term 0 for startAsFollower
2022-03-06 23:38:38,955 [pool-292-thread-1] INFO  impl.RoleInfo (RoleInfo.java:updateAndGet(130)) - 88d5b3ea-0504-4869-b217-dcc17ceadd97: start 88d5b3ea-0504-4869-b217-dcc17ceadd97@group-B6675D5AA9D0-FollowerState
2022-03-06 23:38:38,960 [pool-292-thread-1] INFO  util.JmxRegister (JmxRegister.java:tryRegister(44)) - Successfully registered JMX Bean with object name Ratis:service=RaftServer,group=group-B6675D5AA9D0,id=88d5b3ea-0504-4869-b217-dcc17ceadd97
2022-03-06 23:38:38,999 [Command processor thread] INFO  commandhandler.CreatePipelineCommandHandler (CreatePipelineCommandHandler.java:handle(106)) - Created Pipeline RATIS THREE PipelineID=b69523d4-54f5-4a15-9e9f-b6675d5aa9d0.
2022-03-06 23:38:39,156 [Command processor thread] INFO  server.RaftServer (RaftServerProxy.java:addNew(95)) - 88d5b3ea-0504-4869-b217-dcc17ceadd97: addNew group-1FC9E2B4AC1F:[88d5b3ea-0504-4869-b217-dcc17ceadd97|rpc:10.1.0.33:46049|priority:1] returns group-1FC9E2B4AC1F:java.util.concurrent.CompletableFuture@7a225a60[Not completed]
2022-03-06 23:38:39,157 [pool-292-thread-1] INFO  server.RaftServer$Division (RaftServerImpl.java:<init>(184)) - 88d5b3ea-0504-4869-b217-dcc17ceadd97: new RaftServerImpl for group-1FC9E2B4AC1F:[88d5b3ea-0504-4869-b217-dcc17ceadd97|rpc:10.1.0.33:46049|priority:1] with ContainerStateMachine:uninitialized
2022-03-06 23:38:39,157 [pool-292-thread-1] INFO  server.RaftServerConfigKeys (ConfUtils.java:logGet(44)) - raft.server.rpc.timeout.min = 5s (custom)
2022-03-06 23:38:39,157 [pool-292-thread-1] INFO  server.RaftServerConfigKeys (ConfUtils.java:logGet(44)) - raft.server.rpc.timeout.max = 5200ms (custom)
2022-03-06 23:38:39,157 [pool-292-thread-1] INFO  server.RaftServerConfigKeys (ConfUtils.java:logGet(44)) - raft.server.rpc.sleep.time = 25ms (default)
2022-03-06 23:38:39,157 [pool-292-thread-1] INFO  server.RaftServerConfigKeys (ConfUtils.java:logGet(44)) - raft.server.rpc.slowness.timeout = 300s (custom)
2022-03-06 23:38:39,157 [pool-292-thread-1] INFO  server.RaftServerConfigKeys (ConfUtils.java:logGet(44)) - raft.server.leaderelection.leader.step-down.wait-time = 10s (default)
2022-03-06 23:38:39,157 [pool-292-thread-1] INFO  server.RaftServerConfigKeys (ConfUtils.java:logGet(44)) - raft.server.sleep.deviation.threshold = 300ms (default)
2022-03-06 23:38:39,157 [pool-292-thread-1] INFO  server.RaftServerConfigKeys (ConfUtils.java:logGet(44)) - raft.server.log.appender.install.snapshot.enabled = false (custom)
2022-03-06 23:38:39,158 [pool-292-thread-1] INFO  server.RaftServer$Division (ServerState.java:<init>(105)) - 88d5b3ea-0504-4869-b217-dcc17ceadd97@group-1FC9E2B4AC1F: ConfigurationManager, init=-1: [88d5b3ea-0504-4869-b217-dcc17ceadd97|rpc:10.1.0.33:46049|priority:1], old=null, confs=<EMPTY_MAP>
2022-03-06 23:38:39,158 [pool-292-thread-1] INFO  server.RaftServerConfigKeys (ConfUtils.java:logGet(44)) - raft.server.storage.dir = [/home/runner/work/ozone/ozone/hadoop-ozone/integration-test/target/test-dir/MiniOzoneClusterImpl-1620ac7c-bf10-4486-a396-49b527acbb1b/datanode-1/data/ratis] (custom)
2022-03-06 23:38:39,158 [pool-292-thread-1] INFO  server.RaftServerConfigKeys (ConfUtils.java:logGet(44)) - raft.server.log.corruption.policy = EXCEPTION (default)
2022-03-06 23:38:39,158 [pool-292-thread-1] INFO  server.RaftServerConfigKeys (ConfUtils.java:logGet(44)) - raft.server.storage.free-space.min = 0MB (=0) (default)
2022-03-06 23:38:39,158 [pool-292-thread-1] INFO  storage.RaftStorageDirectory (RaftStorageDirectoryImpl.java:analyzeStorage(135)) - The storage directory /home/runner/work/ozone/ozone/hadoop-ozone/integration-test/target/test-dir/MiniOzoneClusterImpl-1620ac7c-bf10-4486-a396-49b527acbb1b/datanode-1/data/ratis/57d87248-bf6f-43aa-8745-1fc9e2b4ac1f does not exist. Creating ...
2022-03-06 23:38:39,164 [pool-292-thread-1] INFO  storage.RaftStorageDirectory (RaftStorageDirectoryImpl.java:tryLock(230)) - Lock on /home/runner/work/ozone/ozone/hadoop-ozone/integration-test/target/test-dir/MiniOzoneClusterImpl-1620ac7c-bf10-4486-a396-49b527acbb1b/datanode-1/data/ratis/57d87248-bf6f-43aa-8745-1fc9e2b4ac1f/in_use.lock acquired by nodename 21167@fv-az148-899
2022-03-06 23:38:39,166 [pool-292-thread-1] INFO  storage.RaftStorage (RaftStorageImpl.java:format(89)) - Storage directory /home/runner/work/ozone/ozone/hadoop-ozone/integration-test/target/test-dir/MiniOzoneClusterImpl-1620ac7c-bf10-4486-a396-49b527acbb1b/datanode-1/data/ratis/57d87248-bf6f-43aa-8745-1fc9e2b4ac1f has been successfully formatted.
2022-03-06 23:38:39,169 [pool-292-thread-1] INFO  ratis.ContainerStateMachine (ContainerStateMachine.java:loadSnapshot(236)) - group-1FC9E2B4AC1F: The snapshot info is null. Setting the last applied indexto:(t:0, i:~)
2022-03-06 23:38:39,169 [EventQueue-PipelineReportForPipelineReportHandler] INFO  pipeline.PipelineManagerImpl (PipelineManagerImpl.java:openPipeline(291)) - Pipeline Pipeline[ Id: 57d87248-bf6f-43aa-8745-1fc9e2b4ac1f, Nodes: 88d5b3ea-0504-4869-b217-dcc17ceadd97{ip: 10.1.0.33, host: fv-az148-899.bm4ck3pvxvsene1rjriu5fhcdb.bx.internal.cloudapp.net, ports: [REPLICATION=35091, RATIS=46049, RATIS_ADMIN=46049, RATIS_SERVER=46049, STANDALONE=38941], networkLocation: /default-rack, certSerialId: null, persistedOpState: IN_SERVICE, persistedOpStateExpiryEpochSec: 0}, ReplicationConfig: RATIS/ONE, State:ALLOCATED, leaderId:88d5b3ea-0504-4869-b217-dcc17ceadd97, CreationTimestamp2022-03-06T23:38:36.171Z[Etc/UTC]] moved to OPEN state
2022-03-06 23:38:39,172 [6e71cd40-ad6e-421f-b1db-df6cb86c3193@group-49B527ACBB1B-StateMachineUpdater] INFO  safemode.HealthyPipelineSafeModeRule (HealthyPipelineSafeModeRule.java:initializeRule(152)) - Refreshed total pipeline count is 0, healthy pipeline threshold count is 1
2022-03-06 23:38:39,173 [EventQueue-OpenPipelineForHealthyPipelineSafeModeRule] INFO  safemode.SCMSafeModeManager (HealthyPipelineSafeModeRule.java:process(124)) - SCM in safe mode. Healthy pipelines reported count is 0, required healthy pipeline reported count is 1
2022-03-06 23:38:39,185 [pool-292-thread-1] INFO  server.RaftServerConfigKeys (ConfUtils.java:logGet(44)) - raft.server.notification.no-leader.timeout = 300s (custom)
2022-03-06 23:38:39,185 [pool-292-thread-1] INFO  server.RaftServerConfigKeys (ConfUtils.java:logGet(44)) - raft.server.log.use.memory = false (default)
2022-03-06 23:38:39,185 [pool-292-thread-1] INFO  server.RaftServerConfigKeys (ConfUtils.java:logGet(44)) - raft.server.log.purge.gap = 1000000 (custom)
2022-03-06 23:38:39,187 [pool-292-thread-1] INFO  server.RaftServerConfigKeys (ConfUtils.java:logGet(44)) - raft.server.log.appender.buffer.byte-limit = 33554432 (custom)
2022-03-06 23:38:39,187 [pool-292-thread-1] INFO  server.RaftServerConfigKeys (ConfUtils.java:logGet(44)) - raft.server.log.segment.size.max = 1048576 (custom)
2022-03-06 23:38:39,188 [pool-292-thread-1] INFO  server.RaftServerConfigKeys (ConfUtils.java:logGet(44)) - raft.server.log.segment.cache.num.max = 2 (custom)
2022-03-06 23:38:39,188 [pool-292-thread-1] INFO  server.RaftServerConfigKeys (ConfUtils.java:logGet(44)) - raft.server.log.segment.cache.size.max = 200MB (=209715200) (default)
2022-03-06 23:38:39,188 [pool-292-thread-1] INFO  segmented.SegmentedRaftLogWorker (SegmentedRaftLogWorker.java:<init>(182)) - new 88d5b3ea-0504-4869-b217-dcc17ceadd97@group-1FC9E2B4AC1F-SegmentedRaftLogWorker for RaftStorageImpl:Storage Directory /home/runner/work/ozone/ozone/hadoop-ozone/integration-test/target/test-dir/MiniOzoneClusterImpl-1620ac7c-bf10-4486-a396-49b527acbb1b/datanode-1/data/ratis/57d87248-bf6f-43aa-8745-1fc9e2b4ac1f
2022-03-06 23:38:39,188 [pool-292-thread-1] INFO  server.RaftServerConfigKeys (ConfUtils.java:logGet(44)) - raft.server.log.queue.byte-limit = 4294967296 (custom)
2022-03-06 23:38:39,188 [pool-292-thread-1] INFO  server.RaftServerConfigKeys (ConfUtils.java:logGet(44)) - raft.server.log.queue.element-limit = 1024 (custom)
2022-03-06 23:38:39,188 [pool-292-thread-1] INFO  server.RaftServerConfigKeys (ConfUtils.java:logGet(44)) - raft.server.log.segment.size.max = 1048576 (custom)
2022-03-06 23:38:39,188 [pool-292-thread-1] INFO  server.RaftServerConfigKeys (ConfUtils.java:logGet(44)) - raft.server.log.preallocated.size = 16384 (custom)
2022-03-06 23:38:39,188 [pool-292-thread-1] INFO  server.RaftServerConfigKeys (ConfUtils.java:logGet(44)) - raft.server.log.force.sync.num = 128 (default)
2022-03-06 23:38:39,188 [pool-292-thread-1] INFO  server.RaftServerConfigKeys (ConfUtils.java:logGet(44)) - raft.server.log.statemachine.data.sync = true (default)
2022-03-06 23:38:39,188 [pool-292-thread-1] INFO  server.RaftServerConfigKeys (ConfUtils.java:logGet(44)) - raft.server.log.statemachine.data.sync.timeout = 10s (default)
2022-03-06 23:38:39,188 [pool-292-thread-1] INFO  server.RaftServerConfigKeys (ConfUtils.java:logGet(44)) - raft.server.log.statemachine.data.sync.timeout.retry = -1 (default)
2022-03-06 23:38:39,189 [pool-292-thread-1] INFO  server.RaftServerConfigKeys (ConfUtils.java:logGet(44)) - raft.server.log.write.buffer.size = 1048576 (custom)
2022-03-06 23:38:39,191 [pool-292-thread-1] INFO  server.RaftServerConfigKeys (ConfUtils.java:logGet(44)) - raft.server.log.statemachine.data.caching.enabled = true (custom)
2022-03-06 23:38:39,191 [pool-292-thread-1] INFO  segmented.SegmentedRaftLogWorker (SegmentedRaftLogWorker.java:lambda$new$0(133)) - 88d5b3ea-0504-4869-b217-dcc17ceadd97@group-1FC9E2B4AC1F-SegmentedRaftLogWorker: flushIndex: setUnconditionally 0 -> -1
2022-03-06 23:38:39,191 [pool-292-thread-1] INFO  segmented.SegmentedRaftLogWorker (SegmentedRaftLogWorker.java:lambda$new$0(133)) - 88d5b3ea-0504-4869-b217-dcc17ceadd97@group-1FC9E2B4AC1F-SegmentedRaftLogWorker: safeCacheEvictIndex: setUnconditionally 0 -> -1
2022-03-06 23:38:39,194 [pool-292-thread-1] INFO  server.RaftServerConfigKeys (ConfUtils.java:logGet(44)) - raft.server.snapshot.auto.trigger.enabled = true (custom)
2022-03-06 23:38:39,194 [pool-292-thread-1] INFO  server.RaftServerConfigKeys (ConfUtils.java:logGet(44)) - raft.server.snapshot.auto.trigger.threshold = 10000 (custom)
2022-03-06 23:38:39,194 [pool-292-thread-1] INFO  server.RaftServerConfigKeys (ConfUtils.java:logGet(44)) - raft.server.snapshot.retention.file.num = 5 (custom)
2022-03-06 23:38:39,195 [pool-292-thread-1] INFO  server.RaftServerConfigKeys (ConfUtils.java:logGet(44)) - raft.server.log.purge.upto.snapshot.index = false (default)
2022-03-06 23:38:39,195 [pool-292-thread-1] INFO  server.RaftServerConfigKeys (ConfUtils.java:logGet(44)) - raft.server.retrycache.expirytime = 600000ms (custom)
2022-03-06 23:38:39,195 [pool-292-thread-1] INFO  server.RaftServerConfigKeys (ConfUtils.java:logGet(44)) - raft.server.retrycache.statistics.expirytime = 100μs (default)
2022-03-06 23:38:39,196 [pool-292-thread-1] INFO  server.RaftServer$Division (RaftServerImpl.java:start(301)) - 88d5b3ea-0504-4869-b217-dcc17ceadd97@group-1FC9E2B4AC1F: start as a follower, conf=-1: [88d5b3ea-0504-4869-b217-dcc17ceadd97|rpc:10.1.0.33:46049|priority:1], old=null
2022-03-06 23:38:39,200 [pool-292-thread-1] INFO  server.RaftServer$Division (RaftServerImpl.java:setRole(290)) - 88d5b3ea-0504-4869-b217-dcc17ceadd97@group-1FC9E2B4AC1F: changes role from      null to FOLLOWER at term 0 for startAsFollower
2022-03-06 23:38:39,200 [pool-292-thread-1] INFO  impl.RoleInfo (RoleInfo.java:updateAndGet(130)) - 88d5b3ea-0504-4869-b217-dcc17ceadd97: start 88d5b3ea-0504-4869-b217-dcc17ceadd97@group-1FC9E2B4AC1F-FollowerState
2022-03-06 23:38:39,212 [pool-292-thread-1] INFO  util.JmxRegister (JmxRegister.java:tryRegister(44)) - Successfully registered JMX Bean with object name Ratis:service=RaftServer,group=group-1FC9E2B4AC1F,id=88d5b3ea-0504-4869-b217-dcc17ceadd97
2022-03-06 23:38:39,225 [Command processor thread] INFO  ratis.XceiverServerRatis (XceiverServerRatis.java:addGroup(769)) - Created group PipelineID=57d87248-bf6f-43aa-8745-1fc9e2b4ac1f
2022-03-06 23:38:39,225 [Command processor thread] INFO  commandhandler.CreatePipelineCommandHandler (CreatePipelineCommandHandler.java:handle(106)) - Created Pipeline RATIS ONE PipelineID=57d87248-bf6f-43aa-8745-1fc9e2b4ac1f.
2022-03-06 23:38:39,613 [Listener at 127.0.0.1/33193] INFO  ozone.MiniOzoneClusterImpl (MiniOzoneClusterImpl.java:lambda$waitForClusterToBeReady$0(219)) - Nodes are ready. Got 3 of 3 DN Heartbeats.
2022-03-06 23:38:39,613 [Listener at 127.0.0.1/33193] INFO  ozone.MiniOzoneClusterImpl (MiniOzoneClusterImpl.java:lambda$waitForClusterToBeReady$0(222)) - Waiting for cluster to exit safe mode
2022-03-06 23:38:39,613 [Listener at 127.0.0.1/33193] INFO  ozone.MiniOzoneClusterImpl (MiniOzoneClusterImpl.java:lambda$waitForClusterToBeReady$0(224)) - SCM became leader
2022-03-06 23:38:39,629 [Command processor thread] INFO  server.RaftServer (RaftServerProxy.java:addNew(95)) - ca22b40f-bcca-4dce-b03d-42f8a600d1bd: addNew group-9AD08A83476D:[ca22b40f-bcca-4dce-b03d-42f8a600d1bd|rpc:10.1.0.33:43913|priority:1] returns group-9AD08A83476D:java.util.concurrent.CompletableFuture@1b5728a3[Not completed]
2022-03-06 23:38:39,630 [pool-313-thread-1] INFO  server.RaftServer$Division (RaftServerImpl.java:<init>(184)) - ca22b40f-bcca-4dce-b03d-42f8a600d1bd: new RaftServerImpl for group-9AD08A83476D:[ca22b40f-bcca-4dce-b03d-42f8a600d1bd|rpc:10.1.0.33:43913|priority:1] with ContainerStateMachine:uninitialized
2022-03-06 23:38:39,630 [pool-313-thread-1] INFO  server.RaftServerConfigKeys (ConfUtils.java:logGet(44)) - raft.server.rpc.timeout.min = 5s (custom)
2022-03-06 23:38:39,630 [pool-313-thread-1] INFO  server.RaftServerConfigKeys (ConfUtils.java:logGet(44)) - raft.server.rpc.timeout.max = 5200ms (custom)
2022-03-06 23:38:39,630 [pool-313-thread-1] INFO  server.RaftServerConfigKeys (ConfUtils.java:logGet(44)) - raft.server.rpc.sleep.time = 25ms (default)
2022-03-06 23:38:39,630 [pool-313-thread-1] INFO  server.RaftServerConfigKeys (ConfUtils.java:logGet(44)) - raft.server.rpc.slowness.timeout = 300s (custom)
2022-03-06 23:38:39,630 [pool-313-thread-1] INFO  server.RaftServerConfigKeys (ConfUtils.java:logGet(44)) - raft.server.leaderelection.leader.step-down.wait-time = 10s (default)
2022-03-06 23:38:39,630 [pool-313-thread-1] INFO  server.RaftServerConfigKeys (ConfUtils.java:logGet(44)) - raft.server.sleep.deviation.threshold = 300ms (default)
2022-03-06 23:38:39,630 [pool-313-thread-1] INFO  server.RaftServerConfigKeys (ConfUtils.java:logGet(44)) - raft.server.log.appender.install.snapshot.enabled = false (custom)
2022-03-06 23:38:39,630 [pool-313-thread-1] INFO  server.RaftServer$Division (ServerState.java:<init>(105)) - ca22b40f-bcca-4dce-b03d-42f8a600d1bd@group-9AD08A83476D: ConfigurationManager, init=-1: [ca22b40f-bcca-4dce-b03d-42f8a600d1bd|rpc:10.1.0.33:43913|priority:1], old=null, confs=<EMPTY_MAP>
2022-03-06 23:38:39,630 [pool-313-thread-1] INFO  server.RaftServerConfigKeys (ConfUtils.java:logGet(44)) - raft.server.storage.dir = [/home/runner/work/ozone/ozone/hadoop-ozone/integration-test/target/test-dir/MiniOzoneClusterImpl-1620ac7c-bf10-4486-a396-49b527acbb1b/datanode-2/data/ratis] (custom)
2022-03-06 23:38:39,630 [pool-313-thread-1] INFO  server.RaftServerConfigKeys (ConfUtils.java:logGet(44)) - raft.server.log.corruption.policy = EXCEPTION (default)
2022-03-06 23:38:39,630 [pool-313-thread-1] INFO  server.RaftServerConfigKeys (ConfUtils.java:logGet(44)) - raft.server.storage.free-space.min = 0MB (=0) (default)
2022-03-06 23:38:39,630 [pool-313-thread-1] INFO  storage.RaftStorageDirectory (RaftStorageDirectoryImpl.java:analyzeStorage(135)) - The storage directory /home/runner/work/ozone/ozone/hadoop-ozone/integration-test/target/test-dir/MiniOzoneClusterImpl-1620ac7c-bf10-4486-a396-49b527acbb1b/datanode-2/data/ratis/2ffe2495-6b0c-436d-9830-9ad08a83476d does not exist. Creating ...
2022-03-06 23:38:39,632 [pool-313-thread-1] INFO  storage.RaftStorageDirectory (RaftStorageDirectoryImpl.java:tryLock(230)) - Lock on /home/runner/work/ozone/ozone/hadoop-ozone/integration-test/target/test-dir/MiniOzoneClusterImpl-1620ac7c-bf10-4486-a396-49b527acbb1b/datanode-2/data/ratis/2ffe2495-6b0c-436d-9830-9ad08a83476d/in_use.lock acquired by nodename 21167@fv-az148-899
2022-03-06 23:38:39,633 [pool-313-thread-1] INFO  storage.RaftStorage (RaftStorageImpl.java:format(89)) - Storage directory /home/runner/work/ozone/ozone/hadoop-ozone/integration-test/target/test-dir/MiniOzoneClusterImpl-1620ac7c-bf10-4486-a396-49b527acbb1b/datanode-2/data/ratis/2ffe2495-6b0c-436d-9830-9ad08a83476d has been successfully formatted.
2022-03-06 23:38:39,634 [pool-313-thread-1] INFO  ratis.ContainerStateMachine (ContainerStateMachine.java:loadSnapshot(236)) - group-9AD08A83476D: The snapshot info is null. Setting the last applied indexto:(t:0, i:~)
2022-03-06 23:38:39,634 [pool-313-thread-1] INFO  server.RaftServerConfigKeys (ConfUtils.java:logGet(44)) - raft.server.notification.no-leader.timeout = 300s (custom)
2022-03-06 23:38:39,635 [pool-313-thread-1] INFO  server.RaftServerConfigKeys (ConfUtils.java:logGet(44)) - raft.server.log.use.memory = false (default)
2022-03-06 23:38:39,635 [pool-313-thread-1] INFO  server.RaftServerConfigKeys (ConfUtils.java:logGet(44)) - raft.server.log.purge.gap = 1000000 (custom)
2022-03-06 23:38:39,635 [pool-313-thread-1] INFO  server.RaftServerConfigKeys (ConfUtils.java:logGet(44)) - raft.server.log.appender.buffer.byte-limit = 33554432 (custom)
2022-03-06 23:38:39,635 [pool-313-thread-1] INFO  server.RaftServerConfigKeys (ConfUtils.java:logGet(44)) - raft.server.log.segment.size.max = 1048576 (custom)
2022-03-06 23:38:39,636 [EventQueue-PipelineReportForPipelineReportHandler] INFO  pipeline.PipelineManagerImpl (PipelineManagerImpl.java:openPipeline(291)) - Pipeline Pipeline[ Id: 2ffe2495-6b0c-436d-9830-9ad08a83476d, Nodes: ca22b40f-bcca-4dce-b03d-42f8a600d1bd{ip: 10.1.0.33, host: fv-az148-899.bm4ck3pvxvsene1rjriu5fhcdb.bx.internal.cloudapp.net, ports: [REPLICATION=35155, RATIS=43913, RATIS_ADMIN=43913, RATIS_SERVER=43913, STANDALONE=34671], networkLocation: /default-rack, certSerialId: null, persistedOpState: IN_SERVICE, persistedOpStateExpiryEpochSec: 0}, ReplicationConfig: RATIS/ONE, State:ALLOCATED, leaderId:ca22b40f-bcca-4dce-b03d-42f8a600d1bd, CreationTimestamp2022-03-06T23:38:36.632Z[Etc/UTC]] moved to OPEN state
2022-03-06 23:38:39,636 [pool-313-thread-1] INFO  server.RaftServerConfigKeys (ConfUtils.java:logGet(44)) - raft.server.log.segment.cache.num.max = 2 (custom)
2022-03-06 23:38:39,636 [pool-313-thread-1] INFO  server.RaftServerConfigKeys (ConfUtils.java:logGet(44)) - raft.server.log.segment.cache.size.max = 200MB (=209715200) (default)
2022-03-06 23:38:39,636 [pool-313-thread-1] INFO  segmented.SegmentedRaftLogWorker (SegmentedRaftLogWorker.java:<init>(182)) - new ca22b40f-bcca-4dce-b03d-42f8a600d1bd@group-9AD08A83476D-SegmentedRaftLogWorker for RaftStorageImpl:Storage Directory /home/runner/work/ozone/ozone/hadoop-ozone/integration-test/target/test-dir/MiniOzoneClusterImpl-1620ac7c-bf10-4486-a396-49b527acbb1b/datanode-2/data/ratis/2ffe2495-6b0c-436d-9830-9ad08a83476d
2022-03-06 23:38:39,636 [pool-313-thread-1] INFO  server.RaftServerConfigKeys (ConfUtils.java:logGet(44)) - raft.server.log.queue.byte-limit = 4294967296 (custom)
2022-03-06 23:38:39,636 [pool-313-thread-1] INFO  server.RaftServerConfigKeys (ConfUtils.java:logGet(44)) - raft.server.log.queue.element-limit = 1024 (custom)
2022-03-06 23:38:39,636 [pool-313-thread-1] INFO  server.RaftServerConfigKeys (ConfUtils.java:logGet(44)) - raft.server.log.segment.size.max = 1048576 (custom)
2022-03-06 23:38:39,637 [pool-313-thread-1] INFO  server.RaftServerConfigKeys (ConfUtils.java:logGet(44)) - raft.server.log.preallocated.size = 16384 (custom)
2022-03-06 23:38:39,637 [pool-313-thread-1] INFO  server.RaftServerConfigKeys (ConfUtils.java:logGet(44)) - raft.server.log.force.sync.num = 128 (default)
2022-03-06 23:38:39,637 [pool-313-thread-1] INFO  server.RaftServerConfigKeys (ConfUtils.java:logGet(44)) - raft.server.log.statemachine.data.sync = true (default)
2022-03-06 23:38:39,637 [pool-313-thread-1] INFO  server.RaftServerConfigKeys (ConfUtils.java:logGet(44)) - raft.server.log.statemachine.data.sync.timeout = 10s (default)
2022-03-06 23:38:39,637 [pool-313-thread-1] INFO  server.RaftServerConfigKeys (ConfUtils.java:logGet(44)) - raft.server.log.statemachine.data.sync.timeout.retry = -1 (default)
2022-03-06 23:38:39,638 [pool-313-thread-1] INFO  server.RaftServerConfigKeys (ConfUtils.java:logGet(44)) - raft.server.log.write.buffer.size = 1048576 (custom)
2022-03-06 23:38:39,638 [pool-313-thread-1] INFO  server.RaftServerConfigKeys (ConfUtils.java:logGet(44)) - raft.server.log.statemachine.data.caching.enabled = true (custom)
2022-03-06 23:38:39,638 [pool-313-thread-1] INFO  segmented.SegmentedRaftLogWorker (SegmentedRaftLogWorker.java:lambda$new$0(133)) - ca22b40f-bcca-4dce-b03d-42f8a600d1bd@group-9AD08A83476D-SegmentedRaftLogWorker: flushIndex: setUnconditionally 0 -> -1
2022-03-06 23:38:39,638 [pool-313-thread-1] INFO  segmented.SegmentedRaftLogWorker (SegmentedRaftLogWorker.java:lambda$new$0(133)) - ca22b40f-bcca-4dce-b03d-42f8a600d1bd@group-9AD08A83476D-SegmentedRaftLogWorker: safeCacheEvictIndex: setUnconditionally 0 -> -1
2022-03-06 23:38:39,641 [6e71cd40-ad6e-421f-b1db-df6cb86c3193@group-49B527ACBB1B-StateMachineUpdater] INFO  safemode.HealthyPipelineSafeModeRule (HealthyPipelineSafeModeRule.java:initializeRule(152)) - Refreshed total pipeline count is 0, healthy pipeline threshold count is 1
2022-03-06 23:38:39,653 [EventQueue-OpenPipelineForHealthyPipelineSafeModeRule] INFO  safemode.SCMSafeModeManager (HealthyPipelineSafeModeRule.java:process(124)) - SCM in safe mode. Healthy pipelines reported count is 0, required healthy pipeline reported count is 1
2022-03-06 23:38:39,656 [pool-313-thread-1] INFO  server.RaftServerConfigKeys (ConfUtils.java:logGet(44)) - raft.server.snapshot.auto.trigger.enabled = true (custom)
2022-03-06 23:38:39,656 [pool-313-thread-1] INFO  server.RaftServerConfigKeys (ConfUtils.java:logGet(44)) - raft.server.snapshot.auto.trigger.threshold = 10000 (custom)
2022-03-06 23:38:39,656 [pool-313-thread-1] INFO  server.RaftServerConfigKeys (ConfUtils.java:logGet(44)) - raft.server.snapshot.retention.file.num = 5 (custom)
2022-03-06 23:38:39,656 [pool-313-thread-1] INFO  server.RaftServerConfigKeys (ConfUtils.java:logGet(44)) - raft.server.log.purge.upto.snapshot.index = false (default)
2022-03-06 23:38:39,656 [pool-313-thread-1] INFO  server.RaftServerConfigKeys (ConfUtils.java:logGet(44)) - raft.server.retrycache.expirytime = 600000ms (custom)
2022-03-06 23:38:39,657 [pool-313-thread-1] INFO  server.RaftServerConfigKeys (ConfUtils.java:logGet(44)) - raft.server.retrycache.statistics.expirytime = 100μs (default)
2022-03-06 23:38:39,658 [pool-313-thread-1] INFO  server.RaftServer$Division (RaftServerImpl.java:start(301)) - ca22b40f-bcca-4dce-b03d-42f8a600d1bd@group-9AD08A83476D: start as a follower, conf=-1: [ca22b40f-bcca-4dce-b03d-42f8a600d1bd|rpc:10.1.0.33:43913|priority:1], old=null
2022-03-06 23:38:39,658 [pool-313-thread-1] INFO  server.RaftServer$Division (RaftServerImpl.java:setRole(290)) - ca22b40f-bcca-4dce-b03d-42f8a600d1bd@group-9AD08A83476D: changes role from      null to FOLLOWER at term 0 for startAsFollower
2022-03-06 23:38:39,661 [pool-313-thread-1] INFO  impl.RoleInfo (RoleInfo.java:updateAndGet(130)) - ca22b40f-bcca-4dce-b03d-42f8a600d1bd: start ca22b40f-bcca-4dce-b03d-42f8a600d1bd@group-9AD08A83476D-FollowerState
2022-03-06 23:38:39,670 [pool-313-thread-1] INFO  util.JmxRegister (JmxRegister.java:tryRegister(44)) - Successfully registered JMX Bean with object name Ratis:service=RaftServer,group=group-9AD08A83476D,id=ca22b40f-bcca-4dce-b03d-42f8a600d1bd
2022-03-06 23:38:39,672 [Command processor thread] INFO  ratis.XceiverServerRatis (XceiverServerRatis.java:addGroup(769)) - Created group PipelineID=2ffe2495-6b0c-436d-9830-9ad08a83476d
2022-03-06 23:38:39,672 [Command processor thread] INFO  commandhandler.CreatePipelineCommandHandler (CreatePipelineCommandHandler.java:handle(106)) - Created Pipeline RATIS ONE PipelineID=2ffe2495-6b0c-436d-9830-9ad08a83476d.
2022-03-06 23:38:40,613 [Listener at 127.0.0.1/33193] INFO  ozone.MiniOzoneClusterImpl (MiniOzoneClusterImpl.java:lambda$waitForClusterToBeReady$0(219)) - Nodes are ready. Got 3 of 3 DN Heartbeats.
2022-03-06 23:38:40,613 [Listener at 127.0.0.1/33193] INFO  ozone.MiniOzoneClusterImpl (MiniOzoneClusterImpl.java:lambda$waitForClusterToBeReady$0(222)) - Waiting for cluster to exit safe mode
2022-03-06 23:38:40,613 [Listener at 127.0.0.1/33193] INFO  ozone.MiniOzoneClusterImpl (MiniOzoneClusterImpl.java:lambda$waitForClusterToBeReady$0(224)) - SCM became leader
2022-03-06 23:38:41,615 [Listener at 127.0.0.1/33193] INFO  ozone.MiniOzoneClusterImpl (MiniOzoneClusterImpl.java:lambda$waitForClusterToBeReady$0(219)) - Nodes are ready. Got 3 of 3 DN Heartbeats.
2022-03-06 23:38:41,615 [Listener at 127.0.0.1/33193] INFO  ozone.MiniOzoneClusterImpl (MiniOzoneClusterImpl.java:lambda$waitForClusterToBeReady$0(222)) - Waiting for cluster to exit safe mode
2022-03-06 23:38:41,615 [Listener at 127.0.0.1/33193] INFO  ozone.MiniOzoneClusterImpl (MiniOzoneClusterImpl.java:lambda$waitForClusterToBeReady$0(224)) - SCM became leader
2022-03-06 23:38:42,616 [Listener at 127.0.0.1/33193] INFO  ozone.MiniOzoneClusterImpl (MiniOzoneClusterImpl.java:lambda$waitForClusterToBeReady$0(219)) - Nodes are ready. Got 3 of 3 DN Heartbeats.
2022-03-06 23:38:42,616 [Listener at 127.0.0.1/33193] INFO  ozone.MiniOzoneClusterImpl (MiniOzoneClusterImpl.java:lambda$waitForClusterToBeReady$0(222)) - Waiting for cluster to exit safe mode
2022-03-06 23:38:42,616 [Listener at 127.0.0.1/33193] INFO  ozone.MiniOzoneClusterImpl (MiniOzoneClusterImpl.java:lambda$waitForClusterToBeReady$0(224)) - SCM became leader
2022-03-06 23:38:43,616 [Listener at 127.0.0.1/33193] INFO  ozone.MiniOzoneClusterImpl (MiniOzoneClusterImpl.java:lambda$waitForClusterToBeReady$0(219)) - Nodes are ready. Got 3 of 3 DN Heartbeats.
2022-03-06 23:38:43,616 [Listener at 127.0.0.1/33193] INFO  ozone.MiniOzoneClusterImpl (MiniOzoneClusterImpl.java:lambda$waitForClusterToBeReady$0(222)) - Waiting for cluster to exit safe mode
2022-03-06 23:38:43,616 [Listener at 127.0.0.1/33193] INFO  ozone.MiniOzoneClusterImpl (MiniOzoneClusterImpl.java:lambda$waitForClusterToBeReady$0(224)) - SCM became leader
2022-03-06 23:38:43,808 [e54240a4-5fb6-4317-aa96-83a11ada3c80@group-238557DD44E8-FollowerState] INFO  impl.FollowerState (FollowerState.java:run(134)) - e54240a4-5fb6-4317-aa96-83a11ada3c80@group-238557DD44E8-FollowerState: change to CANDIDATE, lastRpcElapsedTime:5174195523ns, electionTimeout:5167ms
2022-03-06 23:38:43,808 [e54240a4-5fb6-4317-aa96-83a11ada3c80@group-238557DD44E8-FollowerState] INFO  impl.RoleInfo (RoleInfo.java:shutdownFollowerState(108)) - e54240a4-5fb6-4317-aa96-83a11ada3c80: shutdown e54240a4-5fb6-4317-aa96-83a11ada3c80@group-238557DD44E8-FollowerState
2022-03-06 23:38:43,808 [e54240a4-5fb6-4317-aa96-83a11ada3c80@group-238557DD44E8-FollowerState] INFO  server.RaftServer$Division (RaftServerImpl.java:setRole(290)) - e54240a4-5fb6-4317-aa96-83a11ada3c80@group-238557DD44E8: changes role from  FOLLOWER to CANDIDATE at term 0 for changeToCandidate
2022-03-06 23:38:43,808 [e54240a4-5fb6-4317-aa96-83a11ada3c80@group-238557DD44E8-FollowerState] INFO  server.RaftServerConfigKeys (ConfUtils.java:logGet(44)) - raft.server.leaderelection.pre-vote = false (custom)
2022-03-06 23:38:43,808 [e54240a4-5fb6-4317-aa96-83a11ada3c80@group-238557DD44E8-FollowerState] INFO  impl.RoleInfo (RoleInfo.java:updateAndGet(130)) - e54240a4-5fb6-4317-aa96-83a11ada3c80: start e54240a4-5fb6-4317-aa96-83a11ada3c80@group-238557DD44E8-LeaderElection15
2022-03-06 23:38:43,825 [e54240a4-5fb6-4317-aa96-83a11ada3c80@group-B6675D5AA9D0-FollowerState] INFO  impl.FollowerState (FollowerState.java:run(134)) - e54240a4-5fb6-4317-aa96-83a11ada3c80@group-B6675D5AA9D0-FollowerState: change to CANDIDATE, lastRpcElapsedTime:5164024556ns, electionTimeout:5149ms
2022-03-06 23:38:43,825 [e54240a4-5fb6-4317-aa96-83a11ada3c80@group-B6675D5AA9D0-FollowerState] INFO  impl.RoleInfo (RoleInfo.java:shutdownFollowerState(108)) - e54240a4-5fb6-4317-aa96-83a11ada3c80: shutdown e54240a4-5fb6-4317-aa96-83a11ada3c80@group-B6675D5AA9D0-FollowerState
2022-03-06 23:38:43,825 [e54240a4-5fb6-4317-aa96-83a11ada3c80@group-B6675D5AA9D0-FollowerState] INFO  server.RaftServer$Division (RaftServerImpl.java:setRole(290)) - e54240a4-5fb6-4317-aa96-83a11ada3c80@group-B6675D5AA9D0: changes role from  FOLLOWER to CANDIDATE at term 0 for changeToCandidate
2022-03-06 23:38:43,825 [e54240a4-5fb6-4317-aa96-83a11ada3c80@group-B6675D5AA9D0-FollowerState] INFO  server.RaftServerConfigKeys (ConfUtils.java:logGet(44)) - raft.server.leaderelection.pre-vote = false (custom)
2022-03-06 23:38:43,825 [e54240a4-5fb6-4317-aa96-83a11ada3c80@group-B6675D5AA9D0-FollowerState] INFO  impl.RoleInfo (RoleInfo.java:updateAndGet(130)) - e54240a4-5fb6-4317-aa96-83a11ada3c80: start e54240a4-5fb6-4317-aa96-83a11ada3c80@group-B6675D5AA9D0-LeaderElection16
2022-03-06 23:38:43,827 [e54240a4-5fb6-4317-aa96-83a11ada3c80@group-238557DD44E8-LeaderElection15] INFO  impl.LeaderElection (LeaderElection.java:askForVotes(306)) - e54240a4-5fb6-4317-aa96-83a11ada3c80@group-238557DD44E8-LeaderElection15 ELECTION round 0: submit vote requests at term 1 for -1: [e54240a4-5fb6-4317-aa96-83a11ada3c80|rpc:10.1.0.33:36367|priority:1], old=null
2022-03-06 23:38:43,827 [e54240a4-5fb6-4317-aa96-83a11ada3c80@group-238557DD44E8-LeaderElection15] INFO  impl.LeaderElection (LeaderElection.java:askForVotes(308)) - e54240a4-5fb6-4317-aa96-83a11ada3c80@group-238557DD44E8-LeaderElection15 ELECTION round 0: result PASSED (term=1)
2022-03-06 23:38:43,827 [e54240a4-5fb6-4317-aa96-83a11ada3c80@group-238557DD44E8-LeaderElection15] INFO  impl.RoleInfo (RoleInfo.java:shutdownLeaderElection(121)) - e54240a4-5fb6-4317-aa96-83a11ada3c80: shutdown e54240a4-5fb6-4317-aa96-83a11ada3c80@group-238557DD44E8-LeaderElection15
2022-03-06 23:38:43,827 [e54240a4-5fb6-4317-aa96-83a11ada3c80@group-238557DD44E8-LeaderElection15] INFO  server.RaftServer$Division (RaftServerImpl.java:setRole(290)) - e54240a4-5fb6-4317-aa96-83a11ada3c80@group-238557DD44E8: changes role from CANDIDATE to LEADER at term 1 for changeToLeader
2022-03-06 23:38:43,827 [e54240a4-5fb6-4317-aa96-83a11ada3c80@group-238557DD44E8-LeaderElection15] INFO  ratis.XceiverServerRatis (XceiverServerRatis.java:handleLeaderChangedNotification(867)) - Leader change notification received for group: group-238557DD44E8 with new leaderId: e54240a4-5fb6-4317-aa96-83a11ada3c80
2022-03-06 23:38:43,844 [e54240a4-5fb6-4317-aa96-83a11ada3c80@group-238557DD44E8-LeaderElection15] INFO  server.RaftServer$Division (ServerState.java:setLeader(285)) - e54240a4-5fb6-4317-aa96-83a11ada3c80@group-238557DD44E8: change Leader from null to e54240a4-5fb6-4317-aa96-83a11ada3c80 at term 1 for becomeLeader, leader elected after 5239ms
2022-03-06 23:38:43,844 [e54240a4-5fb6-4317-aa96-83a11ada3c80@group-238557DD44E8-LeaderElection15] INFO  server.RaftServerConfigKeys (ConfUtils.java:logGet(44)) - raft.server.staging.catchup.gap = 1000 (default)
2022-03-06 23:38:43,844 [e54240a4-5fb6-4317-aa96-83a11ada3c80@group-238557DD44E8-LeaderElection15] INFO  server.RaftServerConfigKeys (ConfUtils.java:logGet(44)) - raft.server.write.element-limit = 1024 (custom)
2022-03-06 23:38:43,844 [e54240a4-5fb6-4317-aa96-83a11ada3c80@group-238557DD44E8-LeaderElection15] INFO  server.RaftServerConfigKeys (ConfUtils.java:logGet(44)) - raft.server.write.byte-limit = 1024 M (=1073741824) (custom)
2022-03-06 23:38:43,845 [e54240a4-5fb6-4317-aa96-83a11ada3c80@group-238557DD44E8-LeaderElection15] INFO  server.RaftServerConfigKeys (ConfUtils.java:logGet(44)) - raft.server.watch.timeout = 180s (custom)
2022-03-06 23:38:43,845 [e54240a4-5fb6-4317-aa96-83a11ada3c80@group-238557DD44E8-LeaderElection15] INFO  server.RaftServerConfigKeys (ConfUtils.java:logGet(44)) - raft.server.watch.timeout.denomination = 1s (default)
2022-03-06 23:38:43,845 [e54240a4-5fb6-4317-aa96-83a11ada3c80@group-238557DD44E8-LeaderElection15] INFO  server.RaftServerConfigKeys (ConfUtils.java:logGet(44)) - raft.server.watch.element-limit = 65536 (default)
2022-03-06 23:38:43,845 [e54240a4-5fb6-4317-aa96-83a11ada3c80@group-238557DD44E8-LeaderElection15] INFO  server.RaftServerConfigKeys (ConfUtils.java:logGet(44)) - raft.server.write.element-limit = 1024 (custom)
2022-03-06 23:38:43,845 [e54240a4-5fb6-4317-aa96-83a11ada3c80@group-238557DD44E8-LeaderElection15] INFO  server.RaftServerConfigKeys (ConfUtils.java:logGet(44)) - raft.server.write.follower.gap.ratio.max = -1.0 (default)
2022-03-06 23:38:43,845 [e54240a4-5fb6-4317-aa96-83a11ada3c80@group-238557DD44E8-LeaderElection15] INFO  impl.RoleInfo (RoleInfo.java:updateAndGet(130)) - e54240a4-5fb6-4317-aa96-83a11ada3c80: start e54240a4-5fb6-4317-aa96-83a11ada3c80@group-238557DD44E8-LeaderStateImpl
2022-03-06 23:38:43,845 [e54240a4-5fb6-4317-aa96-83a11ada3c80@group-238557DD44E8-LeaderElection15] INFO  segmented.SegmentedRaftLogWorker (SegmentedRaftLogWorker.java:startLogSegment(394)) - e54240a4-5fb6-4317-aa96-83a11ada3c80@group-238557DD44E8-SegmentedRaftLogWorker: Starting segment from index:0
2022-03-06 23:38:43,847 [EventQueue-OpenPipelineForHealthyPipelineSafeModeRule] INFO  safemode.SCMSafeModeManager (HealthyPipelineSafeModeRule.java:process(124)) - SCM in safe mode. Healthy pipelines reported count is 0, required healthy pipeline reported count is 1
2022-03-06 23:38:43,852 [e54240a4-5fb6-4317-aa96-83a11ada3c80@group-238557DD44E8-LeaderElection15] INFO  server.RaftServer$Division (ServerState.java:setRaftConf(387)) - e54240a4-5fb6-4317-aa96-83a11ada3c80@group-238557DD44E8: set configuration 0: [e54240a4-5fb6-4317-aa96-83a11ada3c80|rpc:10.1.0.33:36367|dataStream:|priority:1], old=null
2022-03-06 23:38:43,859 [e54240a4-5fb6-4317-aa96-83a11ada3c80@group-238557DD44E8-SegmentedRaftLogWorker] INFO  segmented.SegmentedRaftLogWorker (SegmentedRaftLogWorker.java:execute(601)) - e54240a4-5fb6-4317-aa96-83a11ada3c80@group-238557DD44E8-SegmentedRaftLogWorker: created new log segment /home/runner/work/ozone/ozone/hadoop-ozone/integration-test/target/test-dir/MiniOzoneClusterImpl-1620ac7c-bf10-4486-a396-49b527acbb1b/datanode-0/data/ratis/5cac19ce-4728-4659-979d-238557dd44e8/current/log_inprogress_0
2022-03-06 23:38:43,861 [e54240a4-5fb6-4317-aa96-83a11ada3c80@group-B6675D5AA9D0-LeaderElection16] INFO  impl.LeaderElection (LeaderElection.java:askForVotes(306)) - e54240a4-5fb6-4317-aa96-83a11ada3c80@group-B6675D5AA9D0-LeaderElection16 ELECTION round 0: submit vote requests at term 1 for -1: [88d5b3ea-0504-4869-b217-dcc17ceadd97|rpc:10.1.0.33:46049|priority:0, e54240a4-5fb6-4317-aa96-83a11ada3c80|rpc:10.1.0.33:36367|priority:0, ca22b40f-bcca-4dce-b03d-42f8a600d1bd|rpc:10.1.0.33:43913|priority:1], old=null
2022-03-06 23:38:43,863 [ca22b40f-bcca-4dce-b03d-42f8a600d1bd@group-B6675D5AA9D0-FollowerState] INFO  impl.FollowerState (FollowerState.java:run(134)) - ca22b40f-bcca-4dce-b03d-42f8a600d1bd@group-B6675D5AA9D0-FollowerState: change to CANDIDATE, lastRpcElapsedTime:5077860811ns, electionTimeout:5062ms
2022-03-06 23:38:43,864 [ca22b40f-bcca-4dce-b03d-42f8a600d1bd@group-B6675D5AA9D0-FollowerState] INFO  impl.RoleInfo (RoleInfo.java:shutdownFollowerState(108)) - ca22b40f-bcca-4dce-b03d-42f8a600d1bd: shutdown ca22b40f-bcca-4dce-b03d-42f8a600d1bd@group-B6675D5AA9D0-FollowerState
2022-03-06 23:38:43,864 [ca22b40f-bcca-4dce-b03d-42f8a600d1bd@group-B6675D5AA9D0-FollowerState] INFO  server.RaftServer$Division (RaftServerImpl.java:setRole(290)) - ca22b40f-bcca-4dce-b03d-42f8a600d1bd@group-B6675D5AA9D0: changes role from  FOLLOWER to CANDIDATE at term 0 for changeToCandidate
2022-03-06 23:38:43,883 [ca22b40f-bcca-4dce-b03d-42f8a600d1bd@group-B6675D5AA9D0-FollowerState] INFO  server.RaftServerConfigKeys (ConfUtils.java:logGet(44)) - raft.server.leaderelection.pre-vote = false (custom)
2022-03-06 23:38:43,883 [ca22b40f-bcca-4dce-b03d-42f8a600d1bd@group-B6675D5AA9D0-FollowerState] INFO  impl.RoleInfo (RoleInfo.java:updateAndGet(130)) - ca22b40f-bcca-4dce-b03d-42f8a600d1bd: start ca22b40f-bcca-4dce-b03d-42f8a600d1bd@group-B6675D5AA9D0-LeaderElection17
2022-03-06 23:38:43,917 [grpc-default-executor-2] INFO  server.RaftServer$Division (RaftServerImpl.java:requestVote(1046)) - 88d5b3ea-0504-4869-b217-dcc17ceadd97@group-B6675D5AA9D0: receive requestVote(ELECTION, e54240a4-5fb6-4317-aa96-83a11ada3c80, group-B6675D5AA9D0, 1, (t:0, i:0))
2022-03-06 23:38:43,918 [ca22b40f-bcca-4dce-b03d-42f8a600d1bd@group-B6675D5AA9D0-LeaderElection17] INFO  impl.LeaderElection (LeaderElection.java:askForVotes(306)) - ca22b40f-bcca-4dce-b03d-42f8a600d1bd@group-B6675D5AA9D0-LeaderElection17 ELECTION round 0: submit vote requests at term 1 for -1: [88d5b3ea-0504-4869-b217-dcc17ceadd97|rpc:10.1.0.33:46049|dataStream:|priority:0, e54240a4-5fb6-4317-aa96-83a11ada3c80|rpc:10.1.0.33:36367|dataStream:|priority:0, ca22b40f-bcca-4dce-b03d-42f8a600d1bd|rpc:10.1.0.33:43913|dataStream:|priority:1], old=null
2022-03-06 23:38:43,919 [grpc-default-executor-2] INFO  impl.VoteContext (VoteContext.java:log(48)) - 88d5b3ea-0504-4869-b217-dcc17ceadd97@group-B6675D5AA9D0-FOLLOWER: accept ELECTION from e54240a4-5fb6-4317-aa96-83a11ada3c80: our priority 0 <= candidate's priority 0
2022-03-06 23:38:43,919 [grpc-default-executor-2] INFO  server.RaftServer$Division (RaftServerImpl.java:setRole(290)) - 88d5b3ea-0504-4869-b217-dcc17ceadd97@group-B6675D5AA9D0: changes role from  FOLLOWER to FOLLOWER at term 1 for candidate:e54240a4-5fb6-4317-aa96-83a11ada3c80
2022-03-06 23:38:43,919 [grpc-default-executor-2] INFO  impl.RoleInfo (RoleInfo.java:shutdownFollowerState(108)) - 88d5b3ea-0504-4869-b217-dcc17ceadd97: shutdown 88d5b3ea-0504-4869-b217-dcc17ceadd97@group-B6675D5AA9D0-FollowerState
2022-03-06 23:38:43,935 [88d5b3ea-0504-4869-b217-dcc17ceadd97@group-B6675D5AA9D0-FollowerState] INFO  impl.FollowerState (FollowerState.java:run(143)) - 88d5b3ea-0504-4869-b217-dcc17ceadd97@group-B6675D5AA9D0-FollowerState was interrupted: {}
java.lang.InterruptedException: sleep interrupted
	at java.lang.Thread.sleep(Native Method)
	at java.lang.Thread.sleep(Thread.java:342)
	at java.util.concurrent.TimeUnit.sleep(TimeUnit.java:386)
	at org.apache.ratis.util.TimeDuration.sleep(TimeDuration.java:324)
	at org.apache.ratis.util.TimeDuration.sleep(TimeDuration.java:309)
	at org.apache.ratis.server.impl.FollowerState.run(FollowerState.java:118)
2022-03-06 23:38:43,952 [grpc-default-executor-0] INFO  server.RaftServer$Division (RaftServerImpl.java:requestVote(1046)) - ca22b40f-bcca-4dce-b03d-42f8a600d1bd@group-B6675D5AA9D0: receive requestVote(ELECTION, e54240a4-5fb6-4317-aa96-83a11ada3c80, group-B6675D5AA9D0, 1, (t:0, i:0))
2022-03-06 23:38:43,935 [grpc-default-executor-2] INFO  impl.RoleInfo (RoleInfo.java:updateAndGet(130)) - 88d5b3ea-0504-4869-b217-dcc17ceadd97: start 88d5b3ea-0504-4869-b217-dcc17ceadd97@group-B6675D5AA9D0-FollowerState
2022-03-06 23:38:43,955 [grpc-default-executor-2] INFO  server.RaftServer$Division (RaftServerImpl.java:requestVote(1078)) - 88d5b3ea-0504-4869-b217-dcc17ceadd97@group-B6675D5AA9D0 replies to ELECTION vote request: e54240a4-5fb6-4317-aa96-83a11ada3c80<-88d5b3ea-0504-4869-b217-dcc17ceadd97#0:OK-t1. Peer's state: 88d5b3ea-0504-4869-b217-dcc17ceadd97@group-B6675D5AA9D0:t1, leader=null, voted=e54240a4-5fb6-4317-aa96-83a11ada3c80, raftlog=88d5b3ea-0504-4869-b217-dcc17ceadd97@group-B6675D5AA9D0-SegmentedRaftLog:OPENED:c-1, conf=-1: [88d5b3ea-0504-4869-b217-dcc17ceadd97|rpc:10.1.0.33:46049|dataStream:|priority:0, e54240a4-5fb6-4317-aa96-83a11ada3c80|rpc:10.1.0.33:36367|dataStream:|priority:0, ca22b40f-bcca-4dce-b03d-42f8a600d1bd|rpc:10.1.0.33:43913|dataStream:|priority:1], old=null
2022-03-06 23:38:43,953 [grpc-default-executor-0] INFO  impl.VoteContext (VoteContext.java:log(48)) - ca22b40f-bcca-4dce-b03d-42f8a600d1bd@group-B6675D5AA9D0-CANDIDATE: reject ELECTION from e54240a4-5fb6-4317-aa96-83a11ada3c80: already has voted for ca22b40f-bcca-4dce-b03d-42f8a600d1bd at current term 1
2022-03-06 23:38:43,960 [grpc-default-executor-0] INFO  server.RaftServer$Division (RaftServerImpl.java:requestVote(1078)) - ca22b40f-bcca-4dce-b03d-42f8a600d1bd@group-B6675D5AA9D0 replies to ELECTION vote request: e54240a4-5fb6-4317-aa96-83a11ada3c80<-ca22b40f-bcca-4dce-b03d-42f8a600d1bd#0:FAIL-t1. Peer's state: ca22b40f-bcca-4dce-b03d-42f8a600d1bd@group-B6675D5AA9D0:t1, leader=null, voted=ca22b40f-bcca-4dce-b03d-42f8a600d1bd, raftlog=ca22b40f-bcca-4dce-b03d-42f8a600d1bd@group-B6675D5AA9D0-SegmentedRaftLog:OPENED:c-1, conf=-1: [88d5b3ea-0504-4869-b217-dcc17ceadd97|rpc:10.1.0.33:46049|dataStream:|priority:0, e54240a4-5fb6-4317-aa96-83a11ada3c80|rpc:10.1.0.33:36367|dataStream:|priority:0, ca22b40f-bcca-4dce-b03d-42f8a600d1bd|rpc:10.1.0.33:43913|dataStream:|priority:1], old=null
2022-03-06 23:38:43,978 [e54240a4-5fb6-4317-aa96-83a11ada3c80@group-B6675D5AA9D0-LeaderElection16] INFO  impl.LeaderElection (LeaderElection.java:logAndReturn(89)) - e54240a4-5fb6-4317-aa96-83a11ada3c80@group-B6675D5AA9D0-LeaderElection16: ELECTION REJECTED received 2 response(s) and 0 exception(s):
2022-03-06 23:38:43,979 [e54240a4-5fb6-4317-aa96-83a11ada3c80@group-B6675D5AA9D0-LeaderElection16] INFO  impl.LeaderElection (LeaderElection.java:logAndReturn(93)) -   Response 0: e54240a4-5fb6-4317-aa96-83a11ada3c80<-88d5b3ea-0504-4869-b217-dcc17ceadd97#0:OK-t1
2022-03-06 23:38:43,985 [e54240a4-5fb6-4317-aa96-83a11ada3c80@group-B6675D5AA9D0-LeaderElection16] INFO  impl.LeaderElection (LeaderElection.java:logAndReturn(93)) -   Response 1: e54240a4-5fb6-4317-aa96-83a11ada3c80<-ca22b40f-bcca-4dce-b03d-42f8a600d1bd#0:FAIL-t1
2022-03-06 23:38:43,985 [e54240a4-5fb6-4317-aa96-83a11ada3c80@group-B6675D5AA9D0-LeaderElection16] INFO  impl.LeaderElection (LeaderElection.java:askForVotes(308)) - e54240a4-5fb6-4317-aa96-83a11ada3c80@group-B6675D5AA9D0-LeaderElection16 ELECTION round 0: result REJECTED
2022-03-06 23:38:43,986 [e54240a4-5fb6-4317-aa96-83a11ada3c80@group-B6675D5AA9D0-LeaderElection16] INFO  server.RaftServer$Division (RaftServerImpl.java:setRole(290)) - e54240a4-5fb6-4317-aa96-83a11ada3c80@group-B6675D5AA9D0: changes role from CANDIDATE to FOLLOWER at term 1 for REJECTED
2022-03-06 23:38:43,986 [e54240a4-5fb6-4317-aa96-83a11ada3c80@group-B6675D5AA9D0-LeaderElection16] INFO  impl.RoleInfo (RoleInfo.java:shutdownLeaderElection(121)) - e54240a4-5fb6-4317-aa96-83a11ada3c80: shutdown e54240a4-5fb6-4317-aa96-83a11ada3c80@group-B6675D5AA9D0-LeaderElection16
2022-03-06 23:38:43,986 [e54240a4-5fb6-4317-aa96-83a11ada3c80@group-B6675D5AA9D0-LeaderElection16] INFO  impl.RoleInfo (RoleInfo.java:updateAndGet(130)) - e54240a4-5fb6-4317-aa96-83a11ada3c80: start e54240a4-5fb6-4317-aa96-83a11ada3c80@group-B6675D5AA9D0-FollowerState
2022-03-06 23:38:43,979 [grpc-default-executor-2] INFO  server.RaftServer$Division (RaftServerImpl.java:requestVote(1046)) - 88d5b3ea-0504-4869-b217-dcc17ceadd97@group-B6675D5AA9D0: receive requestVote(ELECTION, ca22b40f-bcca-4dce-b03d-42f8a600d1bd, group-B6675D5AA9D0, 1, (t:0, i:0))
2022-03-06 23:38:44,005 [grpc-default-executor-2] INFO  impl.VoteContext (VoteContext.java:log(48)) - 88d5b3ea-0504-4869-b217-dcc17ceadd97@group-B6675D5AA9D0-FOLLOWER: reject ELECTION from ca22b40f-bcca-4dce-b03d-42f8a600d1bd: already has voted for e54240a4-5fb6-4317-aa96-83a11ada3c80 at current term 1
2022-03-06 23:38:44,012 [grpc-default-executor-0] INFO  server.RaftServer$Division (RaftServerImpl.java:requestVote(1046)) - e54240a4-5fb6-4317-aa96-83a11ada3c80@group-B6675D5AA9D0: receive requestVote(ELECTION, ca22b40f-bcca-4dce-b03d-42f8a600d1bd, group-B6675D5AA9D0, 1, (t:0, i:0))
2022-03-06 23:38:44,012 [grpc-default-executor-2] INFO  server.RaftServer$Division (RaftServerImpl.java:requestVote(1078)) - 88d5b3ea-0504-4869-b217-dcc17ceadd97@group-B6675D5AA9D0 replies to ELECTION vote request: ca22b40f-bcca-4dce-b03d-42f8a600d1bd<-88d5b3ea-0504-4869-b217-dcc17ceadd97#0:FAIL-t1. Peer's state: 88d5b3ea-0504-4869-b217-dcc17ceadd97@group-B6675D5AA9D0:t1, leader=null, voted=e54240a4-5fb6-4317-aa96-83a11ada3c80, raftlog=88d5b3ea-0504-4869-b217-dcc17ceadd97@group-B6675D5AA9D0-SegmentedRaftLog:OPENED:c-1, conf=-1: [88d5b3ea-0504-4869-b217-dcc17ceadd97|rpc:10.1.0.33:46049|dataStream:|priority:0, e54240a4-5fb6-4317-aa96-83a11ada3c80|rpc:10.1.0.33:36367|dataStream:|priority:0, ca22b40f-bcca-4dce-b03d-42f8a600d1bd|rpc:10.1.0.33:43913|dataStream:|priority:1], old=null
2022-03-06 23:38:44,012 [grpc-default-executor-0] INFO  impl.VoteContext (VoteContext.java:log(48)) - e54240a4-5fb6-4317-aa96-83a11ada3c80@group-B6675D5AA9D0-FOLLOWER: reject ELECTION from ca22b40f-bcca-4dce-b03d-42f8a600d1bd: already has voted for e54240a4-5fb6-4317-aa96-83a11ada3c80 at current term 1
2022-03-06 23:38:44,013 [grpc-default-executor-0] INFO  server.RaftServer$Division (RaftServerImpl.java:requestVote(1078)) - e54240a4-5fb6-4317-aa96-83a11ada3c80@group-B6675D5AA9D0 replies to ELECTION vote request: ca22b40f-bcca-4dce-b03d-42f8a600d1bd<-e54240a4-5fb6-4317-aa96-83a11ada3c80#0:FAIL-t1. Peer's state: e54240a4-5fb6-4317-aa96-83a11ada3c80@group-B6675D5AA9D0:t1, leader=null, voted=e54240a4-5fb6-4317-aa96-83a11ada3c80, raftlog=e54240a4-5fb6-4317-aa96-83a11ada3c80@group-B6675D5AA9D0-SegmentedRaftLog:OPENED:c-1, conf=-1: [88d5b3ea-0504-4869-b217-dcc17ceadd97|rpc:10.1.0.33:46049|priority:0, e54240a4-5fb6-4317-aa96-83a11ada3c80|rpc:10.1.0.33:36367|priority:0, ca22b40f-bcca-4dce-b03d-42f8a600d1bd|rpc:10.1.0.33:43913|priority:1], old=null
2022-03-06 23:38:44,028 [ca22b40f-bcca-4dce-b03d-42f8a600d1bd@group-B6675D5AA9D0-LeaderElection17] INFO  impl.LeaderElection (LeaderElection.java:logAndReturn(89)) - ca22b40f-bcca-4dce-b03d-42f8a600d1bd@group-B6675D5AA9D0-LeaderElection17: ELECTION REJECTED received 2 response(s) and 0 exception(s):
2022-03-06 23:38:44,038 [ca22b40f-bcca-4dce-b03d-42f8a600d1bd@group-B6675D5AA9D0-LeaderElection17] INFO  impl.LeaderElection (LeaderElection.java:logAndReturn(93)) -   Response 0: ca22b40f-bcca-4dce-b03d-42f8a600d1bd<-88d5b3ea-0504-4869-b217-dcc17ceadd97#0:FAIL-t1
2022-03-06 23:38:44,038 [ca22b40f-bcca-4dce-b03d-42f8a600d1bd@group-B6675D5AA9D0-LeaderElection17] INFO  impl.LeaderElection (LeaderElection.java:logAndReturn(93)) -   Response 1: ca22b40f-bcca-4dce-b03d-42f8a600d1bd<-e54240a4-5fb6-4317-aa96-83a11ada3c80#0:FAIL-t1
2022-03-06 23:38:44,038 [ca22b40f-bcca-4dce-b03d-42f8a600d1bd@group-B6675D5AA9D0-LeaderElection17] INFO  impl.LeaderElection (LeaderElection.java:askForVotes(308)) - ca22b40f-bcca-4dce-b03d-42f8a600d1bd@group-B6675D5AA9D0-LeaderElection17 ELECTION round 0: result REJECTED
2022-03-06 23:38:44,038 [ca22b40f-bcca-4dce-b03d-42f8a600d1bd@group-B6675D5AA9D0-LeaderElection17] INFO  server.RaftServer$Division (RaftServerImpl.java:setRole(290)) - ca22b40f-bcca-4dce-b03d-42f8a600d1bd@group-B6675D5AA9D0: changes role from CANDIDATE to FOLLOWER at term 1 for REJECTED
2022-03-06 23:38:44,038 [ca22b40f-bcca-4dce-b03d-42f8a600d1bd@group-B6675D5AA9D0-LeaderElection17] INFO  impl.RoleInfo (RoleInfo.java:shutdownLeaderElection(121)) - ca22b40f-bcca-4dce-b03d-42f8a600d1bd: shutdown ca22b40f-bcca-4dce-b03d-42f8a600d1bd@group-B6675D5AA9D0-LeaderElection17
2022-03-06 23:38:44,038 [ca22b40f-bcca-4dce-b03d-42f8a600d1bd@group-B6675D5AA9D0-LeaderElection17] INFO  impl.RoleInfo (RoleInfo.java:updateAndGet(130)) - ca22b40f-bcca-4dce-b03d-42f8a600d1bd: start ca22b40f-bcca-4dce-b03d-42f8a600d1bd@group-B6675D5AA9D0-FollowerState
2022-03-06 23:38:44,225 [88d5b3ea-0504-4869-b217-dcc17ceadd97@group-1FC9E2B4AC1F-FollowerState] INFO  impl.FollowerState (FollowerState.java:run(134)) - 88d5b3ea-0504-4869-b217-dcc17ceadd97@group-1FC9E2B4AC1F-FollowerState: change to CANDIDATE, lastRpcElapsedTime:5024783327ns, electionTimeout:5012ms
2022-03-06 23:38:44,226 [88d5b3ea-0504-4869-b217-dcc17ceadd97@group-1FC9E2B4AC1F-FollowerState] INFO  impl.RoleInfo (RoleInfo.java:shutdownFollowerState(108)) - 88d5b3ea-0504-4869-b217-dcc17ceadd97: shutdown 88d5b3ea-0504-4869-b217-dcc17ceadd97@group-1FC9E2B4AC1F-FollowerState
2022-03-06 23:38:44,226 [88d5b3ea-0504-4869-b217-dcc17ceadd97@group-1FC9E2B4AC1F-FollowerState] INFO  server.RaftServer$Division (RaftServerImpl.java:setRole(290)) - 88d5b3ea-0504-4869-b217-dcc17ceadd97@group-1FC9E2B4AC1F: changes role from  FOLLOWER to CANDIDATE at term 0 for changeToCandidate
2022-03-06 23:38:44,226 [88d5b3ea-0504-4869-b217-dcc17ceadd97@group-1FC9E2B4AC1F-FollowerState] INFO  server.RaftServerConfigKeys (ConfUtils.java:logGet(44)) - raft.server.leaderelection.pre-vote = false (custom)
2022-03-06 23:38:44,226 [88d5b3ea-0504-4869-b217-dcc17ceadd97@group-1FC9E2B4AC1F-FollowerState] INFO  impl.RoleInfo (RoleInfo.java:updateAndGet(130)) - 88d5b3ea-0504-4869-b217-dcc17ceadd97: start 88d5b3ea-0504-4869-b217-dcc17ceadd97@group-1FC9E2B4AC1F-LeaderElection18
2022-03-06 23:38:44,238 [88d5b3ea-0504-4869-b217-dcc17ceadd97@group-1FC9E2B4AC1F-LeaderElection18] INFO  impl.LeaderElection (LeaderElection.java:askForVotes(306)) - 88d5b3ea-0504-4869-b217-dcc17ceadd97@group-1FC9E2B4AC1F-LeaderElection18 ELECTION round 0: submit vote requests at term 1 for -1: [88d5b3ea-0504-4869-b217-dcc17ceadd97|rpc:10.1.0.33:46049|priority:1], old=null
2022-03-06 23:38:44,239 [88d5b3ea-0504-4869-b217-dcc17ceadd97@group-1FC9E2B4AC1F-LeaderElection18] INFO  impl.LeaderElection (LeaderElection.java:askForVotes(308)) - 88d5b3ea-0504-4869-b217-dcc17ceadd97@group-1FC9E2B4AC1F-LeaderElection18 ELECTION round 0: result PASSED (term=1)
2022-03-06 23:38:44,239 [88d5b3ea-0504-4869-b217-dcc17ceadd97@group-1FC9E2B4AC1F-LeaderElection18] INFO  impl.RoleInfo (RoleInfo.java:shutdownLeaderElection(121)) - 88d5b3ea-0504-4869-b217-dcc17ceadd97: shutdown 88d5b3ea-0504-4869-b217-dcc17ceadd97@group-1FC9E2B4AC1F-LeaderElection18
2022-03-06 23:38:44,239 [88d5b3ea-0504-4869-b217-dcc17ceadd97@group-1FC9E2B4AC1F-LeaderElection18] INFO  server.RaftServer$Division (RaftServerImpl.java:setRole(290)) - 88d5b3ea-0504-4869-b217-dcc17ceadd97@group-1FC9E2B4AC1F: changes role from CANDIDATE to LEADER at term 1 for changeToLeader
2022-03-06 23:38:44,239 [88d5b3ea-0504-4869-b217-dcc17ceadd97@group-1FC9E2B4AC1F-LeaderElection18] INFO  ratis.XceiverServerRatis (XceiverServerRatis.java:handleLeaderChangedNotification(867)) - Leader change notification received for group: group-1FC9E2B4AC1F with new leaderId: 88d5b3ea-0504-4869-b217-dcc17ceadd97
2022-03-06 23:38:44,244 [88d5b3ea-0504-4869-b217-dcc17ceadd97@group-1FC9E2B4AC1F-LeaderElection18] INFO  server.RaftServer$Division (ServerState.java:setLeader(285)) - 88d5b3ea-0504-4869-b217-dcc17ceadd97@group-1FC9E2B4AC1F: change Leader from null to 88d5b3ea-0504-4869-b217-dcc17ceadd97 at term 1 for becomeLeader, leader elected after 5054ms
2022-03-06 23:38:44,244 [88d5b3ea-0504-4869-b217-dcc17ceadd97@group-1FC9E2B4AC1F-LeaderElection18] INFO  server.RaftServerConfigKeys (ConfUtils.java:logGet(44)) - raft.server.staging.catchup.gap = 1000 (default)
2022-03-06 23:38:44,245 [EventQueue-OpenPipelineForHealthyPipelineSafeModeRule] INFO  safemode.SCMSafeModeManager (HealthyPipelineSafeModeRule.java:process(124)) - SCM in safe mode. Healthy pipelines reported count is 0, required healthy pipeline reported count is 1
2022-03-06 23:38:44,246 [88d5b3ea-0504-4869-b217-dcc17ceadd97@group-1FC9E2B4AC1F-LeaderElection18] INFO  server.RaftServerConfigKeys (ConfUtils.java:logGet(44)) - raft.server.write.element-limit = 1024 (custom)
2022-03-06 23:38:44,252 [88d5b3ea-0504-4869-b217-dcc17ceadd97@group-1FC9E2B4AC1F-LeaderElection18] INFO  server.RaftServerConfigKeys (ConfUtils.java:logGet(44)) - raft.server.write.byte-limit = 1024 M (=1073741824) (custom)
2022-03-06 23:38:44,252 [88d5b3ea-0504-4869-b217-dcc17ceadd97@group-1FC9E2B4AC1F-LeaderElection18] INFO  server.RaftServerConfigKeys (ConfUtils.java:logGet(44)) - raft.server.watch.timeout = 180s (custom)
2022-03-06 23:38:44,252 [88d5b3ea-0504-4869-b217-dcc17ceadd97@group-1FC9E2B4AC1F-LeaderElection18] INFO  server.RaftServerConfigKeys (ConfUtils.java:logGet(44)) - raft.server.watch.timeout.denomination = 1s (default)
2022-03-06 23:38:44,254 [88d5b3ea-0504-4869-b217-dcc17ceadd97@group-1FC9E2B4AC1F-LeaderElection18] INFO  server.RaftServerConfigKeys (ConfUtils.java:logGet(44)) - raft.server.watch.element-limit = 65536 (default)
2022-03-06 23:38:44,255 [88d5b3ea-0504-4869-b217-dcc17ceadd97@group-1FC9E2B4AC1F-LeaderElection18] INFO  server.RaftServerConfigKeys (ConfUtils.java:logGet(44)) - raft.server.write.element-limit = 1024 (custom)
2022-03-06 23:38:44,256 [88d5b3ea-0504-4869-b217-dcc17ceadd97@group-1FC9E2B4AC1F-LeaderElection18] INFO  server.RaftServerConfigKeys (ConfUtils.java:logGet(44)) - raft.server.write.follower.gap.ratio.max = -1.0 (default)
2022-03-06 23:38:44,256 [88d5b3ea-0504-4869-b217-dcc17ceadd97@group-1FC9E2B4AC1F-LeaderElection18] INFO  impl.RoleInfo (RoleInfo.java:updateAndGet(130)) - 88d5b3ea-0504-4869-b217-dcc17ceadd97: start 88d5b3ea-0504-4869-b217-dcc17ceadd97@group-1FC9E2B4AC1F-LeaderStateImpl
2022-03-06 23:38:44,256 [88d5b3ea-0504-4869-b217-dcc17ceadd97@group-1FC9E2B4AC1F-LeaderElection18] INFO  segmented.SegmentedRaftLogWorker (SegmentedRaftLogWorker.java:startLogSegment(394)) - 88d5b3ea-0504-4869-b217-dcc17ceadd97@group-1FC9E2B4AC1F-SegmentedRaftLogWorker: Starting segment from index:0
2022-03-06 23:38:44,258 [88d5b3ea-0504-4869-b217-dcc17ceadd97@group-1FC9E2B4AC1F-SegmentedRaftLogWorker] INFO  segmented.SegmentedRaftLogWorker (SegmentedRaftLogWorker.java:execute(601)) - 88d5b3ea-0504-4869-b217-dcc17ceadd97@group-1FC9E2B4AC1F-SegmentedRaftLogWorker: created new log segment /home/runner/work/ozone/ozone/hadoop-ozone/integration-test/target/test-dir/MiniOzoneClusterImpl-1620ac7c-bf10-4486-a396-49b527acbb1b/datanode-1/data/ratis/57d87248-bf6f-43aa-8745-1fc9e2b4ac1f/current/log_inprogress_0
2022-03-06 23:38:44,267 [88d5b3ea-0504-4869-b217-dcc17ceadd97@group-1FC9E2B4AC1F-LeaderElection18] INFO  server.RaftServer$Division (ServerState.java:setRaftConf(387)) - 88d5b3ea-0504-4869-b217-dcc17ceadd97@group-1FC9E2B4AC1F: set configuration 0: [88d5b3ea-0504-4869-b217-dcc17ceadd97|rpc:10.1.0.33:46049|dataStream:|priority:1], old=null
2022-03-06 23:38:44,617 [Listener at 127.0.0.1/33193] INFO  ozone.MiniOzoneClusterImpl (MiniOzoneClusterImpl.java:lambda$waitForClusterToBeReady$0(219)) - Nodes are ready. Got 3 of 3 DN Heartbeats.
2022-03-06 23:38:44,617 [Listener at 127.0.0.1/33193] INFO  ozone.MiniOzoneClusterImpl (MiniOzoneClusterImpl.java:lambda$waitForClusterToBeReady$0(222)) - Waiting for cluster to exit safe mode
2022-03-06 23:38:44,617 [Listener at 127.0.0.1/33193] INFO  ozone.MiniOzoneClusterImpl (MiniOzoneClusterImpl.java:lambda$waitForClusterToBeReady$0(224)) - SCM became leader
2022-03-06 23:38:44,815 [ca22b40f-bcca-4dce-b03d-42f8a600d1bd@group-9AD08A83476D-FollowerState] INFO  impl.FollowerState (FollowerState.java:run(134)) - ca22b40f-bcca-4dce-b03d-42f8a600d1bd@group-9AD08A83476D-FollowerState: change to CANDIDATE, lastRpcElapsedTime:5154193487ns, electionTimeout:5135ms
2022-03-06 23:38:44,815 [ca22b40f-bcca-4dce-b03d-42f8a600d1bd@group-9AD08A83476D-FollowerState] INFO  impl.RoleInfo (RoleInfo.java:shutdownFollowerState(108)) - ca22b40f-bcca-4dce-b03d-42f8a600d1bd: shutdown ca22b40f-bcca-4dce-b03d-42f8a600d1bd@group-9AD08A83476D-FollowerState
2022-03-06 23:38:44,815 [ca22b40f-bcca-4dce-b03d-42f8a600d1bd@group-9AD08A83476D-FollowerState] INFO  server.RaftServer$Division (RaftServerImpl.java:setRole(290)) - ca22b40f-bcca-4dce-b03d-42f8a600d1bd@group-9AD08A83476D: changes role from  FOLLOWER to CANDIDATE at term 0 for changeToCandidate
2022-03-06 23:38:44,816 [ca22b40f-bcca-4dce-b03d-42f8a600d1bd@group-9AD08A83476D-FollowerState] INFO  server.RaftServerConfigKeys (ConfUtils.java:logGet(44)) - raft.server.leaderelection.pre-vote = false (custom)
2022-03-06 23:38:44,816 [ca22b40f-bcca-4dce-b03d-42f8a600d1bd@group-9AD08A83476D-FollowerState] INFO  impl.RoleInfo (RoleInfo.java:updateAndGet(130)) - ca22b40f-bcca-4dce-b03d-42f8a600d1bd: start ca22b40f-bcca-4dce-b03d-42f8a600d1bd@group-9AD08A83476D-LeaderElection19
2022-03-06 23:38:44,839 [ca22b40f-bcca-4dce-b03d-42f8a600d1bd@group-9AD08A83476D-LeaderElection19] INFO  impl.LeaderElection (LeaderElection.java:askForVotes(306)) - ca22b40f-bcca-4dce-b03d-42f8a600d1bd@group-9AD08A83476D-LeaderElection19 ELECTION round 0: submit vote requests at term 1 for -1: [ca22b40f-bcca-4dce-b03d-42f8a600d1bd|rpc:10.1.0.33:43913|priority:1], old=null
2022-03-06 23:38:44,839 [ca22b40f-bcca-4dce-b03d-42f8a600d1bd@group-9AD08A83476D-LeaderElection19] INFO  impl.LeaderElection (LeaderElection.java:askForVotes(308)) - ca22b40f-bcca-4dce-b03d-42f8a600d1bd@group-9AD08A83476D-LeaderElection19 ELECTION round 0: result PASSED (term=1)
2022-03-06 23:38:44,839 [ca22b40f-bcca-4dce-b03d-42f8a600d1bd@group-9AD08A83476D-LeaderElection19] INFO  impl.RoleInfo (RoleInfo.java:shutdownLeaderElection(121)) - ca22b40f-bcca-4dce-b03d-42f8a600d1bd: shutdown ca22b40f-bcca-4dce-b03d-42f8a600d1bd@group-9AD08A83476D-LeaderElection19
2022-03-06 23:38:44,839 [ca22b40f-bcca-4dce-b03d-42f8a600d1bd@group-9AD08A83476D-LeaderElection19] INFO  server.RaftServer$Division (RaftServerImpl.java:setRole(290)) - ca22b40f-bcca-4dce-b03d-42f8a600d1bd@group-9AD08A83476D: changes role from CANDIDATE to LEADER at term 1 for changeToLeader
2022-03-06 23:38:44,839 [ca22b40f-bcca-4dce-b03d-42f8a600d1bd@group-9AD08A83476D-LeaderElection19] INFO  ratis.XceiverServerRatis (XceiverServerRatis.java:handleLeaderChangedNotification(867)) - Leader change notification received for group: group-9AD08A83476D with new leaderId: ca22b40f-bcca-4dce-b03d-42f8a600d1bd
2022-03-06 23:38:44,839 [ca22b40f-bcca-4dce-b03d-42f8a600d1bd@group-9AD08A83476D-LeaderElection19] INFO  server.RaftServer$Division (ServerState.java:setLeader(285)) - ca22b40f-bcca-4dce-b03d-42f8a600d1bd@group-9AD08A83476D: change Leader from null to ca22b40f-bcca-4dce-b03d-42f8a600d1bd at term 1 for becomeLeader, leader elected after 5204ms
2022-03-06 23:38:44,839 [ca22b40f-bcca-4dce-b03d-42f8a600d1bd@group-9AD08A83476D-LeaderElection19] INFO  server.RaftServerConfigKeys (ConfUtils.java:logGet(44)) - raft.server.staging.catchup.gap = 1000 (default)
2022-03-06 23:38:44,840 [ca22b40f-bcca-4dce-b03d-42f8a600d1bd@group-9AD08A83476D-LeaderElection19] INFO  server.RaftServerConfigKeys (ConfUtils.java:logGet(44)) - raft.server.write.element-limit = 1024 (custom)
2022-03-06 23:38:44,840 [ca22b40f-bcca-4dce-b03d-42f8a600d1bd@group-9AD08A83476D-LeaderElection19] INFO  server.RaftServerConfigKeys (ConfUtils.java:logGet(44)) - raft.server.write.byte-limit = 1024 M (=1073741824) (custom)
2022-03-06 23:38:44,840 [ca22b40f-bcca-4dce-b03d-42f8a600d1bd@group-9AD08A83476D-LeaderElection19] INFO  server.RaftServerConfigKeys (ConfUtils.java:logGet(44)) - raft.server.watch.timeout = 180s (custom)
2022-03-06 23:38:44,840 [ca22b40f-bcca-4dce-b03d-42f8a600d1bd@group-9AD08A83476D-LeaderElection19] INFO  server.RaftServerConfigKeys (ConfUtils.java:logGet(44)) - raft.server.watch.timeout.denomination = 1s (default)
2022-03-06 23:38:44,840 [ca22b40f-bcca-4dce-b03d-42f8a600d1bd@group-9AD08A83476D-LeaderElection19] INFO  server.RaftServerConfigKeys (ConfUtils.java:logGet(44)) - raft.server.watch.element-limit = 65536 (default)
2022-03-06 23:38:44,840 [ca22b40f-bcca-4dce-b03d-42f8a600d1bd@group-9AD08A83476D-LeaderElection19] INFO  server.RaftServerConfigKeys (ConfUtils.java:logGet(44)) - raft.server.write.element-limit = 1024 (custom)
2022-03-06 23:38:44,840 [ca22b40f-bcca-4dce-b03d-42f8a600d1bd@group-9AD08A83476D-LeaderElection19] INFO  server.RaftServerConfigKeys (ConfUtils.java:logGet(44)) - raft.server.write.follower.gap.ratio.max = -1.0 (default)
2022-03-06 23:38:44,840 [ca22b40f-bcca-4dce-b03d-42f8a600d1bd@group-9AD08A83476D-LeaderElection19] INFO  impl.RoleInfo (RoleInfo.java:updateAndGet(130)) - ca22b40f-bcca-4dce-b03d-42f8a600d1bd: start ca22b40f-bcca-4dce-b03d-42f8a600d1bd@group-9AD08A83476D-LeaderStateImpl
2022-03-06 23:38:44,841 [ca22b40f-bcca-4dce-b03d-42f8a600d1bd@group-9AD08A83476D-LeaderElection19] INFO  segmented.SegmentedRaftLogWorker (SegmentedRaftLogWorker.java:startLogSegment(394)) - ca22b40f-bcca-4dce-b03d-42f8a600d1bd@group-9AD08A83476D-SegmentedRaftLogWorker: Starting segment from index:0
2022-03-06 23:38:44,843 [ca22b40f-bcca-4dce-b03d-42f8a600d1bd@group-9AD08A83476D-SegmentedRaftLogWorker] INFO  segmented.SegmentedRaftLogWorker (SegmentedRaftLogWorker.java:execute(601)) - ca22b40f-bcca-4dce-b03d-42f8a600d1bd@group-9AD08A83476D-SegmentedRaftLogWorker: created new log segment /home/runner/work/ozone/ozone/hadoop-ozone/integration-test/target/test-dir/MiniOzoneClusterImpl-1620ac7c-bf10-4486-a396-49b527acbb1b/datanode-2/data/ratis/2ffe2495-6b0c-436d-9830-9ad08a83476d/current/log_inprogress_0
2022-03-06 23:38:44,843 [EventQueue-OpenPipelineForHealthyPipelineSafeModeRule] INFO  safemode.SCMSafeModeManager (HealthyPipelineSafeModeRule.java:process(124)) - SCM in safe mode. Healthy pipelines reported count is 0, required healthy pipeline reported count is 1
2022-03-06 23:38:44,869 [ca22b40f-bcca-4dce-b03d-42f8a600d1bd@group-9AD08A83476D-LeaderElection19] INFO  server.RaftServer$Division (ServerState.java:setRaftConf(387)) - ca22b40f-bcca-4dce-b03d-42f8a600d1bd@group-9AD08A83476D: set configuration 0: [ca22b40f-bcca-4dce-b03d-42f8a600d1bd|rpc:10.1.0.33:43913|dataStream:|priority:1], old=null
2022-03-06 23:38:45,617 [Listener at 127.0.0.1/33193] INFO  ozone.MiniOzoneClusterImpl (MiniOzoneClusterImpl.java:lambda$waitForClusterToBeReady$0(219)) - Nodes are ready. Got 3 of 3 DN Heartbeats.
2022-03-06 23:38:45,617 [Listener at 127.0.0.1/33193] INFO  ozone.MiniOzoneClusterImpl (MiniOzoneClusterImpl.java:lambda$waitForClusterToBeReady$0(222)) - Waiting for cluster to exit safe mode
2022-03-06 23:38:45,617 [Listener at 127.0.0.1/33193] INFO  ozone.MiniOzoneClusterImpl (MiniOzoneClusterImpl.java:lambda$waitForClusterToBeReady$0(224)) - SCM became leader
2022-03-06 23:38:46,618 [Listener at 127.0.0.1/33193] INFO  ozone.MiniOzoneClusterImpl (MiniOzoneClusterImpl.java:lambda$waitForClusterToBeReady$0(219)) - Nodes are ready. Got 3 of 3 DN Heartbeats.
2022-03-06 23:38:46,618 [Listener at 127.0.0.1/33193] INFO  ozone.MiniOzoneClusterImpl (MiniOzoneClusterImpl.java:lambda$waitForClusterToBeReady$0(222)) - Waiting for cluster to exit safe mode
2022-03-06 23:38:46,618 [Listener at 127.0.0.1/33193] INFO  ozone.MiniOzoneClusterImpl (MiniOzoneClusterImpl.java:lambda$waitForClusterToBeReady$0(224)) - SCM became leader
2022-03-06 23:38:47,618 [Listener at 127.0.0.1/33193] INFO  ozone.MiniOzoneClusterImpl (MiniOzoneClusterImpl.java:lambda$waitForClusterToBeReady$0(219)) - Nodes are ready. Got 3 of 3 DN Heartbeats.
2022-03-06 23:38:47,618 [Listener at 127.0.0.1/33193] INFO  ozone.MiniOzoneClusterImpl (MiniOzoneClusterImpl.java:lambda$waitForClusterToBeReady$0(222)) - Waiting for cluster to exit safe mode
2022-03-06 23:38:47,618 [Listener at 127.0.0.1/33193] INFO  ozone.MiniOzoneClusterImpl (MiniOzoneClusterImpl.java:lambda$waitForClusterToBeReady$0(224)) - SCM became leader
2022-03-06 23:38:48,619 [Listener at 127.0.0.1/33193] INFO  ozone.MiniOzoneClusterImpl (MiniOzoneClusterImpl.java:lambda$waitForClusterToBeReady$0(219)) - Nodes are ready. Got 3 of 3 DN Heartbeats.
2022-03-06 23:38:48,619 [Listener at 127.0.0.1/33193] INFO  ozone.MiniOzoneClusterImpl (MiniOzoneClusterImpl.java:lambda$waitForClusterToBeReady$0(222)) - Waiting for cluster to exit safe mode
2022-03-06 23:38:48,619 [Listener at 127.0.0.1/33193] INFO  ozone.MiniOzoneClusterImpl (MiniOzoneClusterImpl.java:lambda$waitForClusterToBeReady$0(224)) - SCM became leader
2022-03-06 23:38:49,156 [ca22b40f-bcca-4dce-b03d-42f8a600d1bd@group-B6675D5AA9D0-FollowerState] INFO  impl.FollowerState (FollowerState.java:run(134)) - ca22b40f-bcca-4dce-b03d-42f8a600d1bd@group-B6675D5AA9D0-FollowerState: change to CANDIDATE, lastRpcElapsedTime:5117836597ns, electionTimeout:5094ms
2022-03-06 23:38:49,156 [ca22b40f-bcca-4dce-b03d-42f8a600d1bd@group-B6675D5AA9D0-FollowerState] INFO  impl.RoleInfo (RoleInfo.java:shutdownFollowerState(108)) - ca22b40f-bcca-4dce-b03d-42f8a600d1bd: shutdown ca22b40f-bcca-4dce-b03d-42f8a600d1bd@group-B6675D5AA9D0-FollowerState
2022-03-06 23:38:49,157 [ca22b40f-bcca-4dce-b03d-42f8a600d1bd@group-B6675D5AA9D0-FollowerState] INFO  server.RaftServer$Division (RaftServerImpl.java:setRole(290)) - ca22b40f-bcca-4dce-b03d-42f8a600d1bd@group-B6675D5AA9D0: changes role from  FOLLOWER to CANDIDATE at term 1 for changeToCandidate
2022-03-06 23:38:49,157 [ca22b40f-bcca-4dce-b03d-42f8a600d1bd@group-B6675D5AA9D0-FollowerState] INFO  server.RaftServerConfigKeys (ConfUtils.java:logGet(44)) - raft.server.leaderelection.pre-vote = false (custom)
2022-03-06 23:38:49,157 [ca22b40f-bcca-4dce-b03d-42f8a600d1bd@group-B6675D5AA9D0-FollowerState] INFO  impl.RoleInfo (RoleInfo.java:updateAndGet(130)) - ca22b40f-bcca-4dce-b03d-42f8a600d1bd: start ca22b40f-bcca-4dce-b03d-42f8a600d1bd@group-B6675D5AA9D0-LeaderElection20
2022-03-06 23:38:49,167 [88d5b3ea-0504-4869-b217-dcc17ceadd97@group-B6675D5AA9D0-FollowerState] INFO  impl.FollowerState (FollowerState.java:run(134)) - 88d5b3ea-0504-4869-b217-dcc17ceadd97@group-B6675D5AA9D0-FollowerState: change to CANDIDATE, lastRpcElapsedTime:5211896354ns, electionTimeout:5189ms
2022-03-06 23:38:49,167 [88d5b3ea-0504-4869-b217-dcc17ceadd97@group-B6675D5AA9D0-FollowerState] INFO  impl.RoleInfo (RoleInfo.java:shutdownFollowerState(108)) - 88d5b3ea-0504-4869-b217-dcc17ceadd97: shutdown 88d5b3ea-0504-4869-b217-dcc17ceadd97@group-B6675D5AA9D0-FollowerState
2022-03-06 23:38:49,167 [88d5b3ea-0504-4869-b217-dcc17ceadd97@group-B6675D5AA9D0-FollowerState] INFO  server.RaftServer$Division (RaftServerImpl.java:setRole(290)) - 88d5b3ea-0504-4869-b217-dcc17ceadd97@group-B6675D5AA9D0: changes role from  FOLLOWER to CANDIDATE at term 1 for changeToCandidate
2022-03-06 23:38:49,167 [88d5b3ea-0504-4869-b217-dcc17ceadd97@group-B6675D5AA9D0-FollowerState] INFO  server.RaftServerConfigKeys (ConfUtils.java:logGet(44)) - raft.server.leaderelection.pre-vote = false (custom)
2022-03-06 23:38:49,167 [88d5b3ea-0504-4869-b217-dcc17ceadd97@group-B6675D5AA9D0-FollowerState] INFO  impl.RoleInfo (RoleInfo.java:updateAndGet(130)) - 88d5b3ea-0504-4869-b217-dcc17ceadd97: start 88d5b3ea-0504-4869-b217-dcc17ceadd97@group-B6675D5AA9D0-LeaderElection21
2022-03-06 23:38:49,181 [e54240a4-5fb6-4317-aa96-83a11ada3c80@group-B6675D5AA9D0-FollowerState] INFO  impl.FollowerState (FollowerState.java:run(134)) - e54240a4-5fb6-4317-aa96-83a11ada3c80@group-B6675D5AA9D0-FollowerState: change to CANDIDATE, lastRpcElapsedTime:5195801501ns, electionTimeout:5169ms
2022-03-06 23:38:49,182 [e54240a4-5fb6-4317-aa96-83a11ada3c80@group-B6675D5AA9D0-FollowerState] INFO  impl.RoleInfo (RoleInfo.java:shutdownFollowerState(108)) - e54240a4-5fb6-4317-aa96-83a11ada3c80: shutdown e54240a4-5fb6-4317-aa96-83a11ada3c80@group-B6675D5AA9D0-FollowerState
2022-03-06 23:38:49,182 [e54240a4-5fb6-4317-aa96-83a11ada3c80@group-B6675D5AA9D0-FollowerState] INFO  server.RaftServer$Division (RaftServerImpl.java:setRole(290)) - e54240a4-5fb6-4317-aa96-83a11ada3c80@group-B6675D5AA9D0: changes role from  FOLLOWER to CANDIDATE at term 1 for changeToCandidate
2022-03-06 23:38:49,182 [e54240a4-5fb6-4317-aa96-83a11ada3c80@group-B6675D5AA9D0-FollowerState] INFO  server.RaftServerConfigKeys (ConfUtils.java:logGet(44)) - raft.server.leaderelection.pre-vote = false (custom)
2022-03-06 23:38:49,182 [e54240a4-5fb6-4317-aa96-83a11ada3c80@group-B6675D5AA9D0-FollowerState] INFO  impl.RoleInfo (RoleInfo.java:updateAndGet(130)) - e54240a4-5fb6-4317-aa96-83a11ada3c80: start e54240a4-5fb6-4317-aa96-83a11ada3c80@group-B6675D5AA9D0-LeaderElection22
2022-03-06 23:38:49,187 [ca22b40f-bcca-4dce-b03d-42f8a600d1bd@group-B6675D5AA9D0-LeaderElection20] INFO  impl.LeaderElection (LeaderElection.java:askForVotes(306)) - ca22b40f-bcca-4dce-b03d-42f8a600d1bd@group-B6675D5AA9D0-LeaderElection20 ELECTION round 0: submit vote requests at term 2 for -1: [88d5b3ea-0504-4869-b217-dcc17ceadd97|rpc:10.1.0.33:46049|dataStream:|priority:0, e54240a4-5fb6-4317-aa96-83a11ada3c80|rpc:10.1.0.33:36367|dataStream:|priority:0, ca22b40f-bcca-4dce-b03d-42f8a600d1bd|rpc:10.1.0.33:43913|dataStream:|priority:1], old=null
2022-03-06 23:38:49,196 [88d5b3ea-0504-4869-b217-dcc17ceadd97@group-B6675D5AA9D0-LeaderElection21] INFO  impl.LeaderElection (LeaderElection.java:askForVotes(306)) - 88d5b3ea-0504-4869-b217-dcc17ceadd97@group-B6675D5AA9D0-LeaderElection21 ELECTION round 0: submit vote requests at term 2 for -1: [88d5b3ea-0504-4869-b217-dcc17ceadd97|rpc:10.1.0.33:46049|dataStream:|priority:0, e54240a4-5fb6-4317-aa96-83a11ada3c80|rpc:10.1.0.33:36367|dataStream:|priority:0, ca22b40f-bcca-4dce-b03d-42f8a600d1bd|rpc:10.1.0.33:43913|dataStream:|priority:1], old=null
2022-03-06 23:38:49,200 [e54240a4-5fb6-4317-aa96-83a11ada3c80@group-B6675D5AA9D0-LeaderElection22] INFO  impl.LeaderElection (LeaderElection.java:askForVotes(306)) - e54240a4-5fb6-4317-aa96-83a11ada3c80@group-B6675D5AA9D0-LeaderElection22 ELECTION round 0: submit vote requests at term 2 for -1: [88d5b3ea-0504-4869-b217-dcc17ceadd97|rpc:10.1.0.33:46049|priority:0, e54240a4-5fb6-4317-aa96-83a11ada3c80|rpc:10.1.0.33:36367|priority:0, ca22b40f-bcca-4dce-b03d-42f8a600d1bd|rpc:10.1.0.33:43913|priority:1], old=null
2022-03-06 23:38:49,225 [grpc-default-executor-0] INFO  server.RaftServer$Division (RaftServerImpl.java:requestVote(1046)) - 88d5b3ea-0504-4869-b217-dcc17ceadd97@group-B6675D5AA9D0: receive requestVote(ELECTION, ca22b40f-bcca-4dce-b03d-42f8a600d1bd, group-B6675D5AA9D0, 2, (t:0, i:0))
2022-03-06 23:38:49,263 [grpc-default-executor-0] INFO  impl.VoteContext (VoteContext.java:log(48)) - 88d5b3ea-0504-4869-b217-dcc17ceadd97@group-B6675D5AA9D0-CANDIDATE: reject ELECTION from ca22b40f-bcca-4dce-b03d-42f8a600d1bd: already has voted for 88d5b3ea-0504-4869-b217-dcc17ceadd97 at current term 2
2022-03-06 23:38:49,263 [grpc-default-executor-0] INFO  server.RaftServer$Division (RaftServerImpl.java:requestVote(1078)) - 88d5b3ea-0504-4869-b217-dcc17ceadd97@group-B6675D5AA9D0 replies to ELECTION vote request: ca22b40f-bcca-4dce-b03d-42f8a600d1bd<-88d5b3ea-0504-4869-b217-dcc17ceadd97#0:FAIL-t2. Peer's state: 88d5b3ea-0504-4869-b217-dcc17ceadd97@group-B6675D5AA9D0:t2, leader=null, voted=88d5b3ea-0504-4869-b217-dcc17ceadd97, raftlog=88d5b3ea-0504-4869-b217-dcc17ceadd97@group-B6675D5AA9D0-SegmentedRaftLog:OPENED:c-1, conf=-1: [88d5b3ea-0504-4869-b217-dcc17ceadd97|rpc:10.1.0.33:46049|dataStream:|priority:0, e54240a4-5fb6-4317-aa96-83a11ada3c80|rpc:10.1.0.33:36367|dataStream:|priority:0, ca22b40f-bcca-4dce-b03d-42f8a600d1bd|rpc:10.1.0.33:43913|dataStream:|priority:1], old=null
2022-03-06 23:38:49,264 [grpc-default-executor-3] INFO  server.RaftServer$Division (RaftServerImpl.java:requestVote(1046)) - 88d5b3ea-0504-4869-b217-dcc17ceadd97@group-B6675D5AA9D0: receive requestVote(ELECTION, e54240a4-5fb6-4317-aa96-83a11ada3c80, group-B6675D5AA9D0, 2, (t:0, i:0))
2022-03-06 23:38:49,264 [grpc-default-executor-3] INFO  impl.VoteContext (VoteContext.java:log(48)) - 88d5b3ea-0504-4869-b217-dcc17ceadd97@group-B6675D5AA9D0-CANDIDATE: reject ELECTION from e54240a4-5fb6-4317-aa96-83a11ada3c80: already has voted for 88d5b3ea-0504-4869-b217-dcc17ceadd97 at current term 2
2022-03-06 23:38:49,264 [grpc-default-executor-3] INFO  server.RaftServer$Division (RaftServerImpl.java:requestVote(1078)) - 88d5b3ea-0504-4869-b217-dcc17ceadd97@group-B6675D5AA9D0 replies to ELECTION vote request: e54240a4-5fb6-4317-aa96-83a11ada3c80<-88d5b3ea-0504-4869-b217-dcc17ceadd97#0:FAIL-t2. Peer's state: 88d5b3ea-0504-4869-b217-dcc17ceadd97@group-B6675D5AA9D0:t2, leader=null, voted=88d5b3ea-0504-4869-b217-dcc17ceadd97, raftlog=88d5b3ea-0504-4869-b217-dcc17ceadd97@group-B6675D5AA9D0-SegmentedRaftLog:OPENED:c-1, conf=-1: [88d5b3ea-0504-4869-b217-dcc17ceadd97|rpc:10.1.0.33:46049|dataStream:|priority:0, e54240a4-5fb6-4317-aa96-83a11ada3c80|rpc:10.1.0.33:36367|dataStream:|priority:0, ca22b40f-bcca-4dce-b03d-42f8a600d1bd|rpc:10.1.0.33:43913|dataStream:|priority:1], old=null
2022-03-06 23:38:49,225 [grpc-default-executor-2] INFO  server.RaftServer$Division (RaftServerImpl.java:requestVote(1046)) - e54240a4-5fb6-4317-aa96-83a11ada3c80@group-B6675D5AA9D0: receive requestVote(ELECTION, ca22b40f-bcca-4dce-b03d-42f8a600d1bd, group-B6675D5AA9D0, 2, (t:0, i:0))
2022-03-06 23:38:49,267 [grpc-default-executor-2] INFO  impl.VoteContext (VoteContext.java:log(48)) - e54240a4-5fb6-4317-aa96-83a11ada3c80@group-B6675D5AA9D0-CANDIDATE: reject ELECTION from ca22b40f-bcca-4dce-b03d-42f8a600d1bd: already has voted for e54240a4-5fb6-4317-aa96-83a11ada3c80 at current term 2
2022-03-06 23:38:49,267 [grpc-default-executor-2] INFO  server.RaftServer$Division (RaftServerImpl.java:requestVote(1078)) - e54240a4-5fb6-4317-aa96-83a11ada3c80@group-B6675D5AA9D0 replies to ELECTION vote request: ca22b40f-bcca-4dce-b03d-42f8a600d1bd<-e54240a4-5fb6-4317-aa96-83a11ada3c80#0:FAIL-t2. Peer's state: e54240a4-5fb6-4317-aa96-83a11ada3c80@group-B6675D5AA9D0:t2, leader=null, voted=e54240a4-5fb6-4317-aa96-83a11ada3c80, raftlog=e54240a4-5fb6-4317-aa96-83a11ada3c80@group-B6675D5AA9D0-SegmentedRaftLog:OPENED:c-1, conf=-1: [88d5b3ea-0504-4869-b217-dcc17ceadd97|rpc:10.1.0.33:46049|priority:0, e54240a4-5fb6-4317-aa96-83a11ada3c80|rpc:10.1.0.33:36367|priority:0, ca22b40f-bcca-4dce-b03d-42f8a600d1bd|rpc:10.1.0.33:43913|priority:1], old=null
2022-03-06 23:38:49,273 [grpc-default-executor-4] INFO  server.RaftServer$Division (RaftServerImpl.java:requestVote(1046)) - ca22b40f-bcca-4dce-b03d-42f8a600d1bd@group-B6675D5AA9D0: receive requestVote(ELECTION, e54240a4-5fb6-4317-aa96-83a11ada3c80, group-B6675D5AA9D0, 2, (t:0, i:0))
2022-03-06 23:38:49,276 [grpc-default-executor-4] INFO  impl.VoteContext (VoteContext.java:log(48)) - ca22b40f-bcca-4dce-b03d-42f8a600d1bd@group-B6675D5AA9D0-CANDIDATE: reject ELECTION from e54240a4-5fb6-4317-aa96-83a11ada3c80: already has voted for ca22b40f-bcca-4dce-b03d-42f8a600d1bd at current term 2
2022-03-06 23:38:49,276 [grpc-default-executor-4] INFO  server.RaftServer$Division (RaftServerImpl.java:requestVote(1078)) - ca22b40f-bcca-4dce-b03d-42f8a600d1bd@group-B6675D5AA9D0 replies to ELECTION vote request: e54240a4-5fb6-4317-aa96-83a11ada3c80<-ca22b40f-bcca-4dce-b03d-42f8a600d1bd#0:FAIL-t2. Peer's state: ca22b40f-bcca-4dce-b03d-42f8a600d1bd@group-B6675D5AA9D0:t2, leader=null, voted=ca22b40f-bcca-4dce-b03d-42f8a600d1bd, raftlog=ca22b40f-bcca-4dce-b03d-42f8a600d1bd@group-B6675D5AA9D0-SegmentedRaftLog:OPENED:c-1, conf=-1: [88d5b3ea-0504-4869-b217-dcc17ceadd97|rpc:10.1.0.33:46049|dataStream:|priority:0, e54240a4-5fb6-4317-aa96-83a11ada3c80|rpc:10.1.0.33:36367|dataStream:|priority:0, ca22b40f-bcca-4dce-b03d-42f8a600d1bd|rpc:10.1.0.33:43913|dataStream:|priority:1], old=null
2022-03-06 23:38:49,289 [ca22b40f-bcca-4dce-b03d-42f8a600d1bd@group-B6675D5AA9D0-LeaderElection20] INFO  impl.LeaderElection (LeaderElection.java:logAndReturn(89)) - ca22b40f-bcca-4dce-b03d-42f8a600d1bd@group-B6675D5AA9D0-LeaderElection20: ELECTION REJECTED received 2 response(s) and 0 exception(s):
2022-03-06 23:38:49,297 [ca22b40f-bcca-4dce-b03d-42f8a600d1bd@group-B6675D5AA9D0-LeaderElection20] INFO  impl.LeaderElection (LeaderElection.java:logAndReturn(93)) -   Response 0: ca22b40f-bcca-4dce-b03d-42f8a600d1bd<-88d5b3ea-0504-4869-b217-dcc17ceadd97#0:FAIL-t2
2022-03-06 23:38:49,297 [ca22b40f-bcca-4dce-b03d-42f8a600d1bd@group-B6675D5AA9D0-LeaderElection20] INFO  impl.LeaderElection (LeaderElection.java:logAndReturn(93)) -   Response 1: ca22b40f-bcca-4dce-b03d-42f8a600d1bd<-e54240a4-5fb6-4317-aa96-83a11ada3c80#0:FAIL-t2
2022-03-06 23:38:49,297 [ca22b40f-bcca-4dce-b03d-42f8a600d1bd@group-B6675D5AA9D0-LeaderElection20] INFO  impl.LeaderElection (LeaderElection.java:askForVotes(308)) - ca22b40f-bcca-4dce-b03d-42f8a600d1bd@group-B6675D5AA9D0-LeaderElection20 ELECTION round 0: result REJECTED
2022-03-06 23:38:49,297 [ca22b40f-bcca-4dce-b03d-42f8a600d1bd@group-B6675D5AA9D0-LeaderElection20] INFO  server.RaftServer$Division (RaftServerImpl.java:setRole(290)) - ca22b40f-bcca-4dce-b03d-42f8a600d1bd@group-B6675D5AA9D0: changes role from CANDIDATE to FOLLOWER at term 2 for REJECTED
2022-03-06 23:38:49,297 [ca22b40f-bcca-4dce-b03d-42f8a600d1bd@group-B6675D5AA9D0-LeaderElection20] INFO  impl.RoleInfo (RoleInfo.java:shutdownLeaderElection(121)) - ca22b40f-bcca-4dce-b03d-42f8a600d1bd: shutdown ca22b40f-bcca-4dce-b03d-42f8a600d1bd@group-B6675D5AA9D0-LeaderElection20
2022-03-06 23:38:49,297 [ca22b40f-bcca-4dce-b03d-42f8a600d1bd@group-B6675D5AA9D0-LeaderElection20] INFO  impl.RoleInfo (RoleInfo.java:updateAndGet(130)) - ca22b40f-bcca-4dce-b03d-42f8a600d1bd: start ca22b40f-bcca-4dce-b03d-42f8a600d1bd@group-B6675D5AA9D0-FollowerState
2022-03-06 23:38:49,294 [e54240a4-5fb6-4317-aa96-83a11ada3c80@group-B6675D5AA9D0-LeaderElection22] INFO  impl.LeaderElection (LeaderElection.java:logAndReturn(89)) - e54240a4-5fb6-4317-aa96-83a11ada3c80@group-B6675D5AA9D0-LeaderElection22: ELECTION REJECTED received 2 response(s) and 0 exception(s):
2022-03-06 23:38:49,320 [e54240a4-5fb6-4317-aa96-83a11ada3c80@group-B6675D5AA9D0-LeaderElection22] INFO  impl.LeaderElection (LeaderElection.java:logAndReturn(93)) -   Response 0: e54240a4-5fb6-4317-aa96-83a11ada3c80<-88d5b3ea-0504-4869-b217-dcc17ceadd97#0:FAIL-t2
2022-03-06 23:38:49,320 [e54240a4-5fb6-4317-aa96-83a11ada3c80@group-B6675D5AA9D0-LeaderElection22] INFO  impl.LeaderElection (LeaderElection.java:logAndReturn(93)) -   Response 1: e54240a4-5fb6-4317-aa96-83a11ada3c80<-ca22b40f-bcca-4dce-b03d-42f8a600d1bd#0:FAIL-t2
2022-03-06 23:38:49,320 [e54240a4-5fb6-4317-aa96-83a11ada3c80@group-B6675D5AA9D0-LeaderElection22] INFO  impl.LeaderElection (LeaderElection.java:askForVotes(308)) - e54240a4-5fb6-4317-aa96-83a11ada3c80@group-B6675D5AA9D0-LeaderElection22 ELECTION round 0: result REJECTED
2022-03-06 23:38:49,320 [e54240a4-5fb6-4317-aa96-83a11ada3c80@group-B6675D5AA9D0-LeaderElection22] INFO  server.RaftServer$Division (RaftServerImpl.java:setRole(290)) - e54240a4-5fb6-4317-aa96-83a11ada3c80@group-B6675D5AA9D0: changes role from CANDIDATE to FOLLOWER at term 2 for REJECTED
2022-03-06 23:38:49,320 [e54240a4-5fb6-4317-aa96-83a11ada3c80@group-B6675D5AA9D0-LeaderElection22] INFO  impl.RoleInfo (RoleInfo.java:shutdownLeaderElection(121)) - e54240a4-5fb6-4317-aa96-83a11ada3c80: shutdown e54240a4-5fb6-4317-aa96-83a11ada3c80@group-B6675D5AA9D0-LeaderElection22
2022-03-06 23:38:49,320 [e54240a4-5fb6-4317-aa96-83a11ada3c80@group-B6675D5AA9D0-LeaderElection22] INFO  impl.RoleInfo (RoleInfo.java:updateAndGet(130)) - e54240a4-5fb6-4317-aa96-83a11ada3c80: start e54240a4-5fb6-4317-aa96-83a11ada3c80@group-B6675D5AA9D0-FollowerState
2022-03-06 23:38:49,321 [grpc-default-executor-4] INFO  server.RaftServer$Division (RaftServerImpl.java:requestVote(1046)) - ca22b40f-bcca-4dce-b03d-42f8a600d1bd@group-B6675D5AA9D0: receive requestVote(ELECTION, 88d5b3ea-0504-4869-b217-dcc17ceadd97, group-B6675D5AA9D0, 2, (t:0, i:0))
2022-03-06 23:38:49,321 [grpc-default-executor-4] INFO  impl.VoteContext (VoteContext.java:log(48)) - ca22b40f-bcca-4dce-b03d-42f8a600d1bd@group-B6675D5AA9D0-FOLLOWER: reject ELECTION from 88d5b3ea-0504-4869-b217-dcc17ceadd97: already has voted for ca22b40f-bcca-4dce-b03d-42f8a600d1bd at current term 2
2022-03-06 23:38:49,321 [grpc-default-executor-4] INFO  server.RaftServer$Division (RaftServerImpl.java:requestVote(1078)) - ca22b40f-bcca-4dce-b03d-42f8a600d1bd@group-B6675D5AA9D0 replies to ELECTION vote request: 88d5b3ea-0504-4869-b217-dcc17ceadd97<-ca22b40f-bcca-4dce-b03d-42f8a600d1bd#0:FAIL-t2. Peer's state: ca22b40f-bcca-4dce-b03d-42f8a600d1bd@group-B6675D5AA9D0:t2, leader=null, voted=ca22b40f-bcca-4dce-b03d-42f8a600d1bd, raftlog=ca22b40f-bcca-4dce-b03d-42f8a600d1bd@group-B6675D5AA9D0-SegmentedRaftLog:OPENED:c-1, conf=-1: [88d5b3ea-0504-4869-b217-dcc17ceadd97|rpc:10.1.0.33:46049|dataStream:|priority:0, e54240a4-5fb6-4317-aa96-83a11ada3c80|rpc:10.1.0.33:36367|dataStream:|priority:0, ca22b40f-bcca-4dce-b03d-42f8a600d1bd|rpc:10.1.0.33:43913|dataStream:|priority:1], old=null
2022-03-06 23:38:49,299 [grpc-default-executor-2] INFO  server.RaftServer$Division (RaftServerImpl.java:requestVote(1046)) - e54240a4-5fb6-4317-aa96-83a11ada3c80@group-B6675D5AA9D0: receive requestVote(ELECTION, 88d5b3ea-0504-4869-b217-dcc17ceadd97, group-B6675D5AA9D0, 2, (t:0, i:0))
2022-03-06 23:38:49,325 [grpc-default-executor-2] INFO  impl.VoteContext (VoteContext.java:log(48)) - e54240a4-5fb6-4317-aa96-83a11ada3c80@group-B6675D5AA9D0-FOLLOWER: reject ELECTION from 88d5b3ea-0504-4869-b217-dcc17ceadd97: already has voted for e54240a4-5fb6-4317-aa96-83a11ada3c80 at current term 2
2022-03-06 23:38:49,325 [grpc-default-executor-2] INFO  server.RaftServer$Division (RaftServerImpl.java:requestVote(1078)) - e54240a4-5fb6-4317-aa96-83a11ada3c80@group-B6675D5AA9D0 replies to ELECTION vote request: 88d5b3ea-0504-4869-b217-dcc17ceadd97<-e54240a4-5fb6-4317-aa96-83a11ada3c80#0:FAIL-t2. Peer's state: e54240a4-5fb6-4317-aa96-83a11ada3c80@group-B6675D5AA9D0:t2, leader=null, voted=e54240a4-5fb6-4317-aa96-83a11ada3c80, raftlog=e54240a4-5fb6-4317-aa96-83a11ada3c80@group-B6675D5AA9D0-SegmentedRaftLog:OPENED:c-1, conf=-1: [88d5b3ea-0504-4869-b217-dcc17ceadd97|rpc:10.1.0.33:46049|priority:0, e54240a4-5fb6-4317-aa96-83a11ada3c80|rpc:10.1.0.33:36367|priority:0, ca22b40f-bcca-4dce-b03d-42f8a600d1bd|rpc:10.1.0.33:43913|priority:1], old=null
2022-03-06 23:38:49,326 [88d5b3ea-0504-4869-b217-dcc17ceadd97@group-B6675D5AA9D0-LeaderElection21] INFO  impl.LeaderElection (LeaderElection.java:logAndReturn(89)) - 88d5b3ea-0504-4869-b217-dcc17ceadd97@group-B6675D5AA9D0-LeaderElection21: ELECTION REJECTED received 1 response(s) and 0 exception(s):
2022-03-06 23:38:49,327 [88d5b3ea-0504-4869-b217-dcc17ceadd97@group-B6675D5AA9D0-LeaderElection21] INFO  impl.LeaderElection (LeaderElection.java:logAndReturn(93)) -   Response 0: 88d5b3ea-0504-4869-b217-dcc17ceadd97<-ca22b40f-bcca-4dce-b03d-42f8a600d1bd#0:FAIL-t2
2022-03-06 23:38:49,327 [88d5b3ea-0504-4869-b217-dcc17ceadd97@group-B6675D5AA9D0-LeaderElection21] INFO  impl.LeaderElection (LeaderElection.java:askForVotes(308)) - 88d5b3ea-0504-4869-b217-dcc17ceadd97@group-B6675D5AA9D0-LeaderElection21 ELECTION round 0: result REJECTED
2022-03-06 23:38:49,327 [88d5b3ea-0504-4869-b217-dcc17ceadd97@group-B6675D5AA9D0-LeaderElection21] INFO  server.RaftServer$Division (RaftServerImpl.java:setRole(290)) - 88d5b3ea-0504-4869-b217-dcc17ceadd97@group-B6675D5AA9D0: changes role from CANDIDATE to FOLLOWER at term 2 for REJECTED
2022-03-06 23:38:49,327 [88d5b3ea-0504-4869-b217-dcc17ceadd97@group-B6675D5AA9D0-LeaderElection21] INFO  impl.RoleInfo (RoleInfo.java:shutdownLeaderElection(121)) - 88d5b3ea-0504-4869-b217-dcc17ceadd97: shutdown 88d5b3ea-0504-4869-b217-dcc17ceadd97@group-B6675D5AA9D0-LeaderElection21
2022-03-06 23:38:49,327 [88d5b3ea-0504-4869-b217-dcc17ceadd97@group-B6675D5AA9D0-LeaderElection21] INFO  impl.RoleInfo (RoleInfo.java:updateAndGet(130)) - 88d5b3ea-0504-4869-b217-dcc17ceadd97: start 88d5b3ea-0504-4869-b217-dcc17ceadd97@group-B6675D5AA9D0-FollowerState
2022-03-06 23:38:49,619 [Listener at 127.0.0.1/33193] INFO  ozone.MiniOzoneClusterImpl (MiniOzoneClusterImpl.java:lambda$waitForClusterToBeReady$0(219)) - Nodes are ready. Got 3 of 3 DN Heartbeats.
2022-03-06 23:38:49,620 [Listener at 127.0.0.1/33193] INFO  ozone.MiniOzoneClusterImpl (MiniOzoneClusterImpl.java:lambda$waitForClusterToBeReady$0(222)) - Waiting for cluster to exit safe mode
2022-03-06 23:38:49,620 [Listener at 127.0.0.1/33193] INFO  ozone.MiniOzoneClusterImpl (MiniOzoneClusterImpl.java:lambda$waitForClusterToBeReady$0(224)) - SCM became leader
2022-03-06 23:38:50,621 [Listener at 127.0.0.1/33193] INFO  ozone.MiniOzoneClusterImpl (MiniOzoneClusterImpl.java:lambda$waitForClusterToBeReady$0(219)) - Nodes are ready. Got 3 of 3 DN Heartbeats.
2022-03-06 23:38:50,621 [Listener at 127.0.0.1/33193] INFO  ozone.MiniOzoneClusterImpl (MiniOzoneClusterImpl.java:lambda$waitForClusterToBeReady$0(222)) - Waiting for cluster to exit safe mode
2022-03-06 23:38:50,621 [Listener at 127.0.0.1/33193] INFO  ozone.MiniOzoneClusterImpl (MiniOzoneClusterImpl.java:lambda$waitForClusterToBeReady$0(224)) - SCM became leader
2022-03-06 23:38:51,622 [Listener at 127.0.0.1/33193] INFO  ozone.MiniOzoneClusterImpl (MiniOzoneClusterImpl.java:lambda$waitForClusterToBeReady$0(219)) - Nodes are ready. Got 3 of 3 DN Heartbeats.
2022-03-06 23:38:51,622 [Listener at 127.0.0.1/33193] INFO  ozone.MiniOzoneClusterImpl (MiniOzoneClusterImpl.java:lambda$waitForClusterToBeReady$0(222)) - Waiting for cluster to exit safe mode
2022-03-06 23:38:51,622 [Listener at 127.0.0.1/33193] INFO  ozone.MiniOzoneClusterImpl (MiniOzoneClusterImpl.java:lambda$waitForClusterToBeReady$0(224)) - SCM became leader
2022-03-06 23:38:52,622 [Listener at 127.0.0.1/33193] INFO  ozone.MiniOzoneClusterImpl (MiniOzoneClusterImpl.java:lambda$waitForClusterToBeReady$0(219)) - Nodes are ready. Got 3 of 3 DN Heartbeats.
2022-03-06 23:38:52,623 [Listener at 127.0.0.1/33193] INFO  ozone.MiniOzoneClusterImpl (MiniOzoneClusterImpl.java:lambda$waitForClusterToBeReady$0(222)) - Waiting for cluster to exit safe mode
2022-03-06 23:38:52,623 [Listener at 127.0.0.1/33193] INFO  ozone.MiniOzoneClusterImpl (MiniOzoneClusterImpl.java:lambda$waitForClusterToBeReady$0(224)) - SCM became leader
2022-03-06 23:38:53,623 [Listener at 127.0.0.1/33193] INFO  ozone.MiniOzoneClusterImpl (MiniOzoneClusterImpl.java:lambda$waitForClusterToBeReady$0(219)) - Nodes are ready. Got 3 of 3 DN Heartbeats.
2022-03-06 23:38:53,623 [Listener at 127.0.0.1/33193] INFO  ozone.MiniOzoneClusterImpl (MiniOzoneClusterImpl.java:lambda$waitForClusterToBeReady$0(222)) - Waiting for cluster to exit safe mode
2022-03-06 23:38:53,623 [Listener at 127.0.0.1/33193] INFO  ozone.MiniOzoneClusterImpl (MiniOzoneClusterImpl.java:lambda$waitForClusterToBeReady$0(224)) - SCM became leader
2022-03-06 23:38:54,426 [88d5b3ea-0504-4869-b217-dcc17ceadd97@group-B6675D5AA9D0-FollowerState] INFO  impl.FollowerState (FollowerState.java:run(134)) - 88d5b3ea-0504-4869-b217-dcc17ceadd97@group-B6675D5AA9D0-FollowerState: change to CANDIDATE, lastRpcElapsedTime:5098662912ns, electionTimeout:5098ms
2022-03-06 23:38:54,426 [88d5b3ea-0504-4869-b217-dcc17ceadd97@group-B6675D5AA9D0-FollowerState] INFO  impl.RoleInfo (RoleInfo.java:shutdownFollowerState(108)) - 88d5b3ea-0504-4869-b217-dcc17ceadd97: shutdown 88d5b3ea-0504-4869-b217-dcc17ceadd97@group-B6675D5AA9D0-FollowerState
2022-03-06 23:38:54,426 [88d5b3ea-0504-4869-b217-dcc17ceadd97@group-B6675D5AA9D0-FollowerState] INFO  server.RaftServer$Division (RaftServerImpl.java:setRole(290)) - 88d5b3ea-0504-4869-b217-dcc17ceadd97@group-B6675D5AA9D0: changes role from  FOLLOWER to CANDIDATE at term 2 for changeToCandidate
2022-03-06 23:38:54,426 [88d5b3ea-0504-4869-b217-dcc17ceadd97@group-B6675D5AA9D0-FollowerState] INFO  server.RaftServerConfigKeys (ConfUtils.java:logGet(44)) - raft.server.leaderelection.pre-vote = false (custom)
2022-03-06 23:38:54,427 [88d5b3ea-0504-4869-b217-dcc17ceadd97@group-B6675D5AA9D0-FollowerState] INFO  impl.RoleInfo (RoleInfo.java:updateAndGet(130)) - 88d5b3ea-0504-4869-b217-dcc17ceadd97: start 88d5b3ea-0504-4869-b217-dcc17ceadd97@group-B6675D5AA9D0-LeaderElection23
2022-03-06 23:38:54,444 [88d5b3ea-0504-4869-b217-dcc17ceadd97@group-B6675D5AA9D0-LeaderElection23] INFO  impl.LeaderElection (LeaderElection.java:askForVotes(306)) - 88d5b3ea-0504-4869-b217-dcc17ceadd97@group-B6675D5AA9D0-LeaderElection23 ELECTION round 0: submit vote requests at term 3 for -1: [88d5b3ea-0504-4869-b217-dcc17ceadd97|rpc:10.1.0.33:46049|dataStream:|priority:0, e54240a4-5fb6-4317-aa96-83a11ada3c80|rpc:10.1.0.33:36367|dataStream:|priority:0, ca22b40f-bcca-4dce-b03d-42f8a600d1bd|rpc:10.1.0.33:43913|dataStream:|priority:1], old=null
2022-03-06 23:38:54,456 [e54240a4-5fb6-4317-aa96-83a11ada3c80@group-B6675D5AA9D0-FollowerState] INFO  impl.FollowerState (FollowerState.java:run(134)) - e54240a4-5fb6-4317-aa96-83a11ada3c80@group-B6675D5AA9D0-FollowerState: change to CANDIDATE, lastRpcElapsedTime:5135652932ns, electionTimeout:5124ms
2022-03-06 23:38:54,456 [e54240a4-5fb6-4317-aa96-83a11ada3c80@group-B6675D5AA9D0-FollowerState] INFO  impl.RoleInfo (RoleInfo.java:shutdownFollowerState(108)) - e54240a4-5fb6-4317-aa96-83a11ada3c80: shutdown e54240a4-5fb6-4317-aa96-83a11ada3c80@group-B6675D5AA9D0-FollowerState
2022-03-06 23:38:54,456 [e54240a4-5fb6-4317-aa96-83a11ada3c80@group-B6675D5AA9D0-FollowerState] INFO  server.RaftServer$Division (RaftServerImpl.java:setRole(290)) - e54240a4-5fb6-4317-aa96-83a11ada3c80@group-B6675D5AA9D0: changes role from  FOLLOWER to CANDIDATE at term 2 for changeToCandidate
2022-03-06 23:38:54,465 [e54240a4-5fb6-4317-aa96-83a11ada3c80@group-B6675D5AA9D0-FollowerState] INFO  server.RaftServerConfigKeys (ConfUtils.java:logGet(44)) - raft.server.leaderelection.pre-vote = false (custom)
2022-03-06 23:38:54,465 [e54240a4-5fb6-4317-aa96-83a11ada3c80@group-B6675D5AA9D0-FollowerState] INFO  impl.RoleInfo (RoleInfo.java:updateAndGet(130)) - e54240a4-5fb6-4317-aa96-83a11ada3c80: start e54240a4-5fb6-4317-aa96-83a11ada3c80@group-B6675D5AA9D0-LeaderElection24
2022-03-06 23:38:54,465 [grpc-default-executor-4] INFO  server.RaftServer$Division (RaftServerImpl.java:requestVote(1046)) - e54240a4-5fb6-4317-aa96-83a11ada3c80@group-B6675D5AA9D0: receive requestVote(ELECTION, 88d5b3ea-0504-4869-b217-dcc17ceadd97, group-B6675D5AA9D0, 3, (t:0, i:0))
2022-03-06 23:38:54,477 [grpc-default-executor-4] INFO  impl.VoteContext (VoteContext.java:log(48)) - e54240a4-5fb6-4317-aa96-83a11ada3c80@group-B6675D5AA9D0-CANDIDATE: accept ELECTION from 88d5b3ea-0504-4869-b217-dcc17ceadd97: our priority 0 <= candidate's priority 0
2022-03-06 23:38:54,477 [grpc-default-executor-4] INFO  server.RaftServer$Division (RaftServerImpl.java:setRole(290)) - e54240a4-5fb6-4317-aa96-83a11ada3c80@group-B6675D5AA9D0: changes role from CANDIDATE to FOLLOWER at term 3 for candidate:88d5b3ea-0504-4869-b217-dcc17ceadd97
2022-03-06 23:38:54,477 [grpc-default-executor-4] INFO  impl.RoleInfo (RoleInfo.java:shutdownLeaderElection(121)) - e54240a4-5fb6-4317-aa96-83a11ada3c80: shutdown e54240a4-5fb6-4317-aa96-83a11ada3c80@group-B6675D5AA9D0-LeaderElection24
2022-03-06 23:38:54,477 [grpc-default-executor-4] INFO  impl.RoleInfo (RoleInfo.java:updateAndGet(130)) - e54240a4-5fb6-4317-aa96-83a11ada3c80: start e54240a4-5fb6-4317-aa96-83a11ada3c80@group-B6675D5AA9D0-FollowerState
2022-03-06 23:38:54,488 [e54240a4-5fb6-4317-aa96-83a11ada3c80@group-B6675D5AA9D0-LeaderElection24] INFO  impl.LeaderElection (LeaderElection.java:run(230)) - e54240a4-5fb6-4317-aa96-83a11ada3c80@group-B6675D5AA9D0-LeaderElection24: skip running since this is already CLOSING
2022-03-06 23:38:54,502 [grpc-default-executor-2] INFO  server.RaftServer$Division (RaftServerImpl.java:requestVote(1046)) - ca22b40f-bcca-4dce-b03d-42f8a600d1bd@group-B6675D5AA9D0: receive requestVote(ELECTION, 88d5b3ea-0504-4869-b217-dcc17ceadd97, group-B6675D5AA9D0, 3, (t:0, i:0))
2022-03-06 23:38:54,502 [grpc-default-executor-2] INFO  impl.VoteContext (VoteContext.java:log(48)) - ca22b40f-bcca-4dce-b03d-42f8a600d1bd@group-B6675D5AA9D0-FOLLOWER: reject ELECTION from 88d5b3ea-0504-4869-b217-dcc17ceadd97: our priority 1 > candidate's priority 0
2022-03-06 23:38:54,502 [grpc-default-executor-2] INFO  server.RaftServer$Division (RaftServerImpl.java:setRole(290)) - ca22b40f-bcca-4dce-b03d-42f8a600d1bd@group-B6675D5AA9D0: changes role from  FOLLOWER to FOLLOWER at term 3 for candidate:88d5b3ea-0504-4869-b217-dcc17ceadd97
2022-03-06 23:38:54,502 [grpc-default-executor-2] INFO  impl.RoleInfo (RoleInfo.java:shutdownFollowerState(108)) - ca22b40f-bcca-4dce-b03d-42f8a600d1bd: shutdown ca22b40f-bcca-4dce-b03d-42f8a600d1bd@group-B6675D5AA9D0-FollowerState
2022-03-06 23:38:54,502 [grpc-default-executor-2] INFO  impl.RoleInfo (RoleInfo.java:updateAndGet(130)) - ca22b40f-bcca-4dce-b03d-42f8a600d1bd: start ca22b40f-bcca-4dce-b03d-42f8a600d1bd@group-B6675D5AA9D0-FollowerState
2022-03-06 23:38:54,504 [ca22b40f-bcca-4dce-b03d-42f8a600d1bd@group-B6675D5AA9D0-FollowerState] INFO  impl.FollowerState (FollowerState.java:run(143)) - ca22b40f-bcca-4dce-b03d-42f8a600d1bd@group-B6675D5AA9D0-FollowerState was interrupted: {}
java.lang.InterruptedException: sleep interrupted
	at java.lang.Thread.sleep(Native Method)
	at java.lang.Thread.sleep(Thread.java:342)
	at java.util.concurrent.TimeUnit.sleep(TimeUnit.java:386)
	at org.apache.ratis.util.TimeDuration.sleep(TimeDuration.java:324)
	at org.apache.ratis.util.TimeDuration.sleep(TimeDuration.java:309)
	at org.apache.ratis.server.impl.FollowerState.run(FollowerState.java:118)
2022-03-06 23:38:54,506 [grpc-default-executor-4] INFO  server.RaftServer$Division (RaftServerImpl.java:requestVote(1078)) - e54240a4-5fb6-4317-aa96-83a11ada3c80@group-B6675D5AA9D0 replies to ELECTION vote request: 88d5b3ea-0504-4869-b217-dcc17ceadd97<-e54240a4-5fb6-4317-aa96-83a11ada3c80#0:OK-t3. Peer's state: e54240a4-5fb6-4317-aa96-83a11ada3c80@group-B6675D5AA9D0:t3, leader=null, voted=88d5b3ea-0504-4869-b217-dcc17ceadd97, raftlog=e54240a4-5fb6-4317-aa96-83a11ada3c80@group-B6675D5AA9D0-SegmentedRaftLog:OPENED:c-1, conf=-1: [88d5b3ea-0504-4869-b217-dcc17ceadd97|rpc:10.1.0.33:46049|priority:0, e54240a4-5fb6-4317-aa96-83a11ada3c80|rpc:10.1.0.33:36367|priority:0, ca22b40f-bcca-4dce-b03d-42f8a600d1bd|rpc:10.1.0.33:43913|priority:1], old=null
2022-03-06 23:38:54,508 [grpc-default-executor-2] INFO  server.RaftServer$Division (RaftServerImpl.java:requestVote(1078)) - ca22b40f-bcca-4dce-b03d-42f8a600d1bd@group-B6675D5AA9D0 replies to ELECTION vote request: 88d5b3ea-0504-4869-b217-dcc17ceadd97<-ca22b40f-bcca-4dce-b03d-42f8a600d1bd#0:FAIL-t3. Peer's state: ca22b40f-bcca-4dce-b03d-42f8a600d1bd@group-B6675D5AA9D0:t3, leader=null, voted=null, raftlog=ca22b40f-bcca-4dce-b03d-42f8a600d1bd@group-B6675D5AA9D0-SegmentedRaftLog:OPENED:c-1, conf=-1: [88d5b3ea-0504-4869-b217-dcc17ceadd97|rpc:10.1.0.33:46049|dataStream:|priority:0, e54240a4-5fb6-4317-aa96-83a11ada3c80|rpc:10.1.0.33:36367|dataStream:|priority:0, ca22b40f-bcca-4dce-b03d-42f8a600d1bd|rpc:10.1.0.33:43913|dataStream:|priority:1], old=null
2022-03-06 23:38:54,509 [88d5b3ea-0504-4869-b217-dcc17ceadd97@group-B6675D5AA9D0-LeaderElection23] INFO  impl.LeaderElection (LeaderElection.java:logAndReturn(89)) - 88d5b3ea-0504-4869-b217-dcc17ceadd97@group-B6675D5AA9D0-LeaderElection23: ELECTION REJECTED received 2 response(s) and 0 exception(s):
2022-03-06 23:38:54,510 [88d5b3ea-0504-4869-b217-dcc17ceadd97@group-B6675D5AA9D0-LeaderElection23] INFO  impl.LeaderElection (LeaderElection.java:logAndReturn(93)) -   Response 0: 88d5b3ea-0504-4869-b217-dcc17ceadd97<-e54240a4-5fb6-4317-aa96-83a11ada3c80#0:OK-t3
2022-03-06 23:38:54,510 [88d5b3ea-0504-4869-b217-dcc17ceadd97@group-B6675D5AA9D0-LeaderElection23] INFO  impl.LeaderElection (LeaderElection.java:logAndReturn(93)) -   Response 1: 88d5b3ea-0504-4869-b217-dcc17ceadd97<-ca22b40f-bcca-4dce-b03d-42f8a600d1bd#0:FAIL-t3
2022-03-06 23:38:54,510 [88d5b3ea-0504-4869-b217-dcc17ceadd97@group-B6675D5AA9D0-LeaderElection23] INFO  impl.LeaderElection (LeaderElection.java:askForVotes(308)) - 88d5b3ea-0504-4869-b217-dcc17ceadd97@group-B6675D5AA9D0-LeaderElection23 ELECTION round 0: result REJECTED
2022-03-06 23:38:54,510 [88d5b3ea-0504-4869-b217-dcc17ceadd97@group-B6675D5AA9D0-LeaderElection23] INFO  server.RaftServer$Division (RaftServerImpl.java:setRole(290)) - 88d5b3ea-0504-4869-b217-dcc17ceadd97@group-B6675D5AA9D0: changes role from CANDIDATE to FOLLOWER at term 3 for REJECTED
2022-03-06 23:38:54,510 [88d5b3ea-0504-4869-b217-dcc17ceadd97@group-B6675D5AA9D0-LeaderElection23] INFO  impl.RoleInfo (RoleInfo.java:shutdownLeaderElection(121)) - 88d5b3ea-0504-4869-b217-dcc17ceadd97: shutdown 88d5b3ea-0504-4869-b217-dcc17ceadd97@group-B6675D5AA9D0-LeaderElection23
2022-03-06 23:38:54,510 [88d5b3ea-0504-4869-b217-dcc17ceadd97@group-B6675D5AA9D0-LeaderElection23] INFO  impl.RoleInfo (RoleInfo.java:updateAndGet(130)) - 88d5b3ea-0504-4869-b217-dcc17ceadd97: start 88d5b3ea-0504-4869-b217-dcc17ceadd97@group-B6675D5AA9D0-FollowerState
2022-03-06 23:38:54,623 [Listener at 127.0.0.1/33193] INFO  ozone.MiniOzoneClusterImpl (MiniOzoneClusterImpl.java:lambda$waitForClusterToBeReady$0(219)) - Nodes are ready. Got 3 of 3 DN Heartbeats.
2022-03-06 23:38:54,629 [Listener at 127.0.0.1/33193] INFO  ozone.MiniOzoneClusterImpl (MiniOzoneClusterImpl.java:lambda$waitForClusterToBeReady$0(222)) - Waiting for cluster to exit safe mode
2022-03-06 23:38:54,629 [Listener at 127.0.0.1/33193] INFO  ozone.MiniOzoneClusterImpl (MiniOzoneClusterImpl.java:lambda$waitForClusterToBeReady$0(224)) - SCM became leader
2022-03-06 23:38:55,629 [Listener at 127.0.0.1/33193] INFO  ozone.MiniOzoneClusterImpl (MiniOzoneClusterImpl.java:lambda$waitForClusterToBeReady$0(219)) - Nodes are ready. Got 3 of 3 DN Heartbeats.
2022-03-06 23:38:55,629 [Listener at 127.0.0.1/33193] INFO  ozone.MiniOzoneClusterImpl (MiniOzoneClusterImpl.java:lambda$waitForClusterToBeReady$0(222)) - Waiting for cluster to exit safe mode
2022-03-06 23:38:55,629 [Listener at 127.0.0.1/33193] INFO  ozone.MiniOzoneClusterImpl (MiniOzoneClusterImpl.java:lambda$waitForClusterToBeReady$0(224)) - SCM became leader
2022-03-06 23:38:56,630 [Listener at 127.0.0.1/33193] INFO  ozone.MiniOzoneClusterImpl (MiniOzoneClusterImpl.java:lambda$waitForClusterToBeReady$0(219)) - Nodes are ready. Got 3 of 3 DN Heartbeats.
2022-03-06 23:38:56,630 [Listener at 127.0.0.1/33193] INFO  ozone.MiniOzoneClusterImpl (MiniOzoneClusterImpl.java:lambda$waitForClusterToBeReady$0(222)) - Waiting for cluster to exit safe mode
2022-03-06 23:38:56,630 [Listener at 127.0.0.1/33193] INFO  ozone.MiniOzoneClusterImpl (MiniOzoneClusterImpl.java:lambda$waitForClusterToBeReady$0(224)) - SCM became leader
2022-03-06 23:38:57,630 [Listener at 127.0.0.1/33193] INFO  ozone.MiniOzoneClusterImpl (MiniOzoneClusterImpl.java:lambda$waitForClusterToBeReady$0(219)) - Nodes are ready. Got 3 of 3 DN Heartbeats.
2022-03-06 23:38:57,630 [Listener at 127.0.0.1/33193] INFO  ozone.MiniOzoneClusterImpl (MiniOzoneClusterImpl.java:lambda$waitForClusterToBeReady$0(222)) - Waiting for cluster to exit safe mode
2022-03-06 23:38:57,630 [Listener at 127.0.0.1/33193] INFO  ozone.MiniOzoneClusterImpl (MiniOzoneClusterImpl.java:lambda$waitForClusterToBeReady$0(224)) - SCM became leader
2022-03-06 23:38:58,631 [Listener at 127.0.0.1/33193] INFO  ozone.MiniOzoneClusterImpl (MiniOzoneClusterImpl.java:lambda$waitForClusterToBeReady$0(219)) - Nodes are ready. Got 3 of 3 DN Heartbeats.
2022-03-06 23:38:58,631 [Listener at 127.0.0.1/33193] INFO  ozone.MiniOzoneClusterImpl (MiniOzoneClusterImpl.java:lambda$waitForClusterToBeReady$0(222)) - Waiting for cluster to exit safe mode
2022-03-06 23:38:58,631 [Listener at 127.0.0.1/33193] INFO  ozone.MiniOzoneClusterImpl (MiniOzoneClusterImpl.java:lambda$waitForClusterToBeReady$0(224)) - SCM became leader
2022-03-06 23:38:59,544 [88d5b3ea-0504-4869-b217-dcc17ceadd97@group-B6675D5AA9D0-FollowerState] INFO  impl.FollowerState (FollowerState.java:run(134)) - 88d5b3ea-0504-4869-b217-dcc17ceadd97@group-B6675D5AA9D0-FollowerState: change to CANDIDATE, lastRpcElapsedTime:5033765041ns, electionTimeout:5016ms
2022-03-06 23:38:59,544 [88d5b3ea-0504-4869-b217-dcc17ceadd97@group-B6675D5AA9D0-FollowerState] INFO  impl.RoleInfo (RoleInfo.java:shutdownFollowerState(108)) - 88d5b3ea-0504-4869-b217-dcc17ceadd97: shutdown 88d5b3ea-0504-4869-b217-dcc17ceadd97@group-B6675D5AA9D0-FollowerState
2022-03-06 23:38:59,544 [88d5b3ea-0504-4869-b217-dcc17ceadd97@group-B6675D5AA9D0-FollowerState] INFO  server.RaftServer$Division (RaftServerImpl.java:setRole(290)) - 88d5b3ea-0504-4869-b217-dcc17ceadd97@group-B6675D5AA9D0: changes role from  FOLLOWER to CANDIDATE at term 3 for changeToCandidate
2022-03-06 23:38:59,544 [88d5b3ea-0504-4869-b217-dcc17ceadd97@group-B6675D5AA9D0-FollowerState] INFO  server.RaftServerConfigKeys (ConfUtils.java:logGet(44)) - raft.server.leaderelection.pre-vote = false (custom)
2022-03-06 23:38:59,544 [88d5b3ea-0504-4869-b217-dcc17ceadd97@group-B6675D5AA9D0-FollowerState] INFO  impl.RoleInfo (RoleInfo.java:updateAndGet(130)) - 88d5b3ea-0504-4869-b217-dcc17ceadd97: start 88d5b3ea-0504-4869-b217-dcc17ceadd97@group-B6675D5AA9D0-LeaderElection25
2022-03-06 23:38:59,570 [88d5b3ea-0504-4869-b217-dcc17ceadd97@group-B6675D5AA9D0-LeaderElection25] INFO  impl.LeaderElection (LeaderElection.java:askForVotes(306)) - 88d5b3ea-0504-4869-b217-dcc17ceadd97@group-B6675D5AA9D0-LeaderElection25 ELECTION round 0: submit vote requests at term 4 for -1: [88d5b3ea-0504-4869-b217-dcc17ceadd97|rpc:10.1.0.33:46049|dataStream:|priority:0, e54240a4-5fb6-4317-aa96-83a11ada3c80|rpc:10.1.0.33:36367|dataStream:|priority:0, ca22b40f-bcca-4dce-b03d-42f8a600d1bd|rpc:10.1.0.33:43913|dataStream:|priority:1], old=null
2022-03-06 23:38:59,608 [grpc-default-executor-2] INFO  server.RaftServer$Division (RaftServerImpl.java:requestVote(1046)) - e54240a4-5fb6-4317-aa96-83a11ada3c80@group-B6675D5AA9D0: receive requestVote(ELECTION, 88d5b3ea-0504-4869-b217-dcc17ceadd97, group-B6675D5AA9D0, 4, (t:0, i:0))
2022-03-06 23:38:59,608 [grpc-default-executor-2] INFO  impl.VoteContext (VoteContext.java:log(48)) - e54240a4-5fb6-4317-aa96-83a11ada3c80@group-B6675D5AA9D0-FOLLOWER: accept ELECTION from 88d5b3ea-0504-4869-b217-dcc17ceadd97: our priority 0 <= candidate's priority 0
2022-03-06 23:38:59,608 [grpc-default-executor-2] INFO  server.RaftServer$Division (RaftServerImpl.java:setRole(290)) - e54240a4-5fb6-4317-aa96-83a11ada3c80@group-B6675D5AA9D0: changes role from  FOLLOWER to FOLLOWER at term 4 for candidate:88d5b3ea-0504-4869-b217-dcc17ceadd97
2022-03-06 23:38:59,608 [grpc-default-executor-2] INFO  impl.RoleInfo (RoleInfo.java:shutdownFollowerState(108)) - e54240a4-5fb6-4317-aa96-83a11ada3c80: shutdown e54240a4-5fb6-4317-aa96-83a11ada3c80@group-B6675D5AA9D0-FollowerState
2022-03-06 23:38:59,608 [grpc-default-executor-2] INFO  impl.RoleInfo (RoleInfo.java:updateAndGet(130)) - e54240a4-5fb6-4317-aa96-83a11ada3c80: start e54240a4-5fb6-4317-aa96-83a11ada3c80@group-B6675D5AA9D0-FollowerState
2022-03-06 23:38:59,608 [e54240a4-5fb6-4317-aa96-83a11ada3c80@group-B6675D5AA9D0-FollowerState] INFO  impl.FollowerState (FollowerState.java:run(143)) - e54240a4-5fb6-4317-aa96-83a11ada3c80@group-B6675D5AA9D0-FollowerState was interrupted: {}
java.lang.InterruptedException: sleep interrupted
	at java.lang.Thread.sleep(Native Method)
	at java.lang.Thread.sleep(Thread.java:342)
	at java.util.concurrent.TimeUnit.sleep(TimeUnit.java:386)
	at org.apache.ratis.util.TimeDuration.sleep(TimeDuration.java:324)
	at org.apache.ratis.util.TimeDuration.sleep(TimeDuration.java:309)
	at org.apache.ratis.server.impl.FollowerState.run(FollowerState.java:118)
2022-03-06 23:38:59,617 [grpc-default-executor-2] INFO  server.RaftServer$Division (RaftServerImpl.java:requestVote(1078)) - e54240a4-5fb6-4317-aa96-83a11ada3c80@group-B6675D5AA9D0 replies to ELECTION vote request: 88d5b3ea-0504-4869-b217-dcc17ceadd97<-e54240a4-5fb6-4317-aa96-83a11ada3c80#0:OK-t4. Peer's state: e54240a4-5fb6-4317-aa96-83a11ada3c80@group-B6675D5AA9D0:t4, leader=null, voted=88d5b3ea-0504-4869-b217-dcc17ceadd97, raftlog=e54240a4-5fb6-4317-aa96-83a11ada3c80@group-B6675D5AA9D0-SegmentedRaftLog:OPENED:c-1, conf=-1: [88d5b3ea-0504-4869-b217-dcc17ceadd97|rpc:10.1.0.33:46049|priority:0, e54240a4-5fb6-4317-aa96-83a11ada3c80|rpc:10.1.0.33:36367|priority:0, ca22b40f-bcca-4dce-b03d-42f8a600d1bd|rpc:10.1.0.33:43913|priority:1], old=null
2022-03-06 23:38:59,629 [grpc-default-executor-4] INFO  server.RaftServer$Division (RaftServerImpl.java:requestVote(1046)) - ca22b40f-bcca-4dce-b03d-42f8a600d1bd@group-B6675D5AA9D0: receive requestVote(ELECTION, 88d5b3ea-0504-4869-b217-dcc17ceadd97, group-B6675D5AA9D0, 4, (t:0, i:0))
2022-03-06 23:38:59,631 [Listener at 127.0.0.1/33193] INFO  ozone.MiniOzoneClusterImpl (MiniOzoneClusterImpl.java:lambda$waitForClusterToBeReady$0(219)) - Nodes are ready. Got 3 of 3 DN Heartbeats.
2022-03-06 23:38:59,635 [Listener at 127.0.0.1/33193] INFO  ozone.MiniOzoneClusterImpl (MiniOzoneClusterImpl.java:lambda$waitForClusterToBeReady$0(222)) - Waiting for cluster to exit safe mode
2022-03-06 23:38:59,635 [Listener at 127.0.0.1/33193] INFO  ozone.MiniOzoneClusterImpl (MiniOzoneClusterImpl.java:lambda$waitForClusterToBeReady$0(224)) - SCM became leader
2022-03-06 23:38:59,611 [ca22b40f-bcca-4dce-b03d-42f8a600d1bd@group-B6675D5AA9D0-FollowerState] INFO  impl.FollowerState (FollowerState.java:run(134)) - ca22b40f-bcca-4dce-b03d-42f8a600d1bd@group-B6675D5AA9D0-FollowerState: change to CANDIDATE, lastRpcElapsedTime:5109086767ns, electionTimeout:5103ms
2022-03-06 23:38:59,635 [ca22b40f-bcca-4dce-b03d-42f8a600d1bd@group-B6675D5AA9D0-FollowerState] INFO  impl.RoleInfo (RoleInfo.java:shutdownFollowerState(108)) - ca22b40f-bcca-4dce-b03d-42f8a600d1bd: shutdown ca22b40f-bcca-4dce-b03d-42f8a600d1bd@group-B6675D5AA9D0-FollowerState
2022-03-06 23:38:59,635 [ca22b40f-bcca-4dce-b03d-42f8a600d1bd@group-B6675D5AA9D0-FollowerState] INFO  server.RaftServer$Division (RaftServerImpl.java:setRole(290)) - ca22b40f-bcca-4dce-b03d-42f8a600d1bd@group-B6675D5AA9D0: changes role from  FOLLOWER to CANDIDATE at term 3 for changeToCandidate
2022-03-06 23:38:59,635 [ca22b40f-bcca-4dce-b03d-42f8a600d1bd@group-B6675D5AA9D0-FollowerState] INFO  server.RaftServerConfigKeys (ConfUtils.java:logGet(44)) - raft.server.leaderelection.pre-vote = false (custom)
2022-03-06 23:38:59,635 [ca22b40f-bcca-4dce-b03d-42f8a600d1bd@group-B6675D5AA9D0-FollowerState] INFO  impl.RoleInfo (RoleInfo.java:updateAndGet(130)) - ca22b40f-bcca-4dce-b03d-42f8a600d1bd: start ca22b40f-bcca-4dce-b03d-42f8a600d1bd@group-B6675D5AA9D0-LeaderElection26
2022-03-06 23:38:59,638 [grpc-default-executor-4] INFO  impl.VoteContext (VoteContext.java:log(48)) - ca22b40f-bcca-4dce-b03d-42f8a600d1bd@group-B6675D5AA9D0-CANDIDATE: reject ELECTION from 88d5b3ea-0504-4869-b217-dcc17ceadd97: our priority 1 > candidate's priority 0
2022-03-06 23:38:59,639 [grpc-default-executor-4] INFO  server.RaftServer$Division (RaftServerImpl.java:setRole(290)) - ca22b40f-bcca-4dce-b03d-42f8a600d1bd@group-B6675D5AA9D0: changes role from CANDIDATE to FOLLOWER at term 4 for candidate:88d5b3ea-0504-4869-b217-dcc17ceadd97
2022-03-06 23:38:59,639 [grpc-default-executor-4] INFO  impl.RoleInfo (RoleInfo.java:shutdownLeaderElection(121)) - ca22b40f-bcca-4dce-b03d-42f8a600d1bd: shutdown ca22b40f-bcca-4dce-b03d-42f8a600d1bd@group-B6675D5AA9D0-LeaderElection26
2022-03-06 23:38:59,639 [grpc-default-executor-4] INFO  impl.RoleInfo (RoleInfo.java:updateAndGet(130)) - ca22b40f-bcca-4dce-b03d-42f8a600d1bd: start ca22b40f-bcca-4dce-b03d-42f8a600d1bd@group-B6675D5AA9D0-FollowerState
2022-03-06 23:38:59,639 [ca22b40f-bcca-4dce-b03d-42f8a600d1bd@group-B6675D5AA9D0-LeaderElection26] INFO  impl.LeaderElection (LeaderElection.java:run(230)) - ca22b40f-bcca-4dce-b03d-42f8a600d1bd@group-B6675D5AA9D0-LeaderElection26: skip running since this is already CLOSING
2022-03-06 23:38:59,647 [grpc-default-executor-4] INFO  server.RaftServer$Division (RaftServerImpl.java:requestVote(1078)) - ca22b40f-bcca-4dce-b03d-42f8a600d1bd@group-B6675D5AA9D0 replies to ELECTION vote request: 88d5b3ea-0504-4869-b217-dcc17ceadd97<-ca22b40f-bcca-4dce-b03d-42f8a600d1bd#0:FAIL-t4. Peer's state: ca22b40f-bcca-4dce-b03d-42f8a600d1bd@group-B6675D5AA9D0:t4, leader=null, voted=null, raftlog=ca22b40f-bcca-4dce-b03d-42f8a600d1bd@group-B6675D5AA9D0-SegmentedRaftLog:OPENED:c-1, conf=-1: [88d5b3ea-0504-4869-b217-dcc17ceadd97|rpc:10.1.0.33:46049|dataStream:|priority:0, e54240a4-5fb6-4317-aa96-83a11ada3c80|rpc:10.1.0.33:36367|dataStream:|priority:0, ca22b40f-bcca-4dce-b03d-42f8a600d1bd|rpc:10.1.0.33:43913|dataStream:|priority:1], old=null
2022-03-06 23:38:59,648 [88d5b3ea-0504-4869-b217-dcc17ceadd97@group-B6675D5AA9D0-LeaderElection25] INFO  impl.LeaderElection (LeaderElection.java:logAndReturn(89)) - 88d5b3ea-0504-4869-b217-dcc17ceadd97@group-B6675D5AA9D0-LeaderElection25: ELECTION REJECTED received 2 response(s) and 0 exception(s):
2022-03-06 23:38:59,649 [88d5b3ea-0504-4869-b217-dcc17ceadd97@group-B6675D5AA9D0-LeaderElection25] INFO  impl.LeaderElection (LeaderElection.java:logAndReturn(93)) -   Response 0: 88d5b3ea-0504-4869-b217-dcc17ceadd97<-e54240a4-5fb6-4317-aa96-83a11ada3c80#0:OK-t4
2022-03-06 23:38:59,649 [88d5b3ea-0504-4869-b217-dcc17ceadd97@group-B6675D5AA9D0-LeaderElection25] INFO  impl.LeaderElection (LeaderElection.java:logAndReturn(93)) -   Response 1: 88d5b3ea-0504-4869-b217-dcc17ceadd97<-ca22b40f-bcca-4dce-b03d-42f8a600d1bd#0:FAIL-t4
2022-03-06 23:38:59,649 [88d5b3ea-0504-4869-b217-dcc17ceadd97@group-B6675D5AA9D0-LeaderElection25] INFO  impl.LeaderElection (LeaderElection.java:askForVotes(308)) - 88d5b3ea-0504-4869-b217-dcc17ceadd97@group-B6675D5AA9D0-LeaderElection25 ELECTION round 0: result REJECTED
2022-03-06 23:38:59,651 [88d5b3ea-0504-4869-b217-dcc17ceadd97@group-B6675D5AA9D0-LeaderElection25] INFO  server.RaftServer$Division (RaftServerImpl.java:setRole(290)) - 88d5b3ea-0504-4869-b217-dcc17ceadd97@group-B6675D5AA9D0: changes role from CANDIDATE to FOLLOWER at term 4 for REJECTED
2022-03-06 23:38:59,651 [88d5b3ea-0504-4869-b217-dcc17ceadd97@group-B6675D5AA9D0-LeaderElection25] INFO  impl.RoleInfo (RoleInfo.java:shutdownLeaderElection(121)) - 88d5b3ea-0504-4869-b217-dcc17ceadd97: shutdown 88d5b3ea-0504-4869-b217-dcc17ceadd97@group-B6675D5AA9D0-LeaderElection25
2022-03-06 23:38:59,651 [88d5b3ea-0504-4869-b217-dcc17ceadd97@group-B6675D5AA9D0-LeaderElection25] INFO  impl.RoleInfo (RoleInfo.java:updateAndGet(130)) - 88d5b3ea-0504-4869-b217-dcc17ceadd97: start 88d5b3ea-0504-4869-b217-dcc17ceadd97@group-B6675D5AA9D0-FollowerState
2022-03-06 23:39:00,635 [Listener at 127.0.0.1/33193] INFO  ozone.MiniOzoneClusterImpl (MiniOzoneClusterImpl.java:lambda$waitForClusterToBeReady$0(219)) - Nodes are ready. Got 3 of 3 DN Heartbeats.
2022-03-06 23:39:00,636 [Listener at 127.0.0.1/33193] INFO  ozone.MiniOzoneClusterImpl (MiniOzoneClusterImpl.java:lambda$waitForClusterToBeReady$0(222)) - Waiting for cluster to exit safe mode
2022-03-06 23:39:00,636 [Listener at 127.0.0.1/33193] INFO  ozone.MiniOzoneClusterImpl (MiniOzoneClusterImpl.java:lambda$waitForClusterToBeReady$0(224)) - SCM became leader
2022-03-06 23:39:01,637 [Listener at 127.0.0.1/33193] INFO  ozone.MiniOzoneClusterImpl (MiniOzoneClusterImpl.java:lambda$waitForClusterToBeReady$0(219)) - Nodes are ready. Got 3 of 3 DN Heartbeats.
2022-03-06 23:39:01,637 [Listener at 127.0.0.1/33193] INFO  ozone.MiniOzoneClusterImpl (MiniOzoneClusterImpl.java:lambda$waitForClusterToBeReady$0(222)) - Waiting for cluster to exit safe mode
2022-03-06 23:39:01,637 [Listener at 127.0.0.1/33193] INFO  ozone.MiniOzoneClusterImpl (MiniOzoneClusterImpl.java:lambda$waitForClusterToBeReady$0(224)) - SCM became leader
2022-03-06 23:39:02,637 [Listener at 127.0.0.1/33193] INFO  ozone.MiniOzoneClusterImpl (MiniOzoneClusterImpl.java:lambda$waitForClusterToBeReady$0(219)) - Nodes are ready. Got 3 of 3 DN Heartbeats.
2022-03-06 23:39:02,637 [Listener at 127.0.0.1/33193] INFO  ozone.MiniOzoneClusterImpl (MiniOzoneClusterImpl.java:lambda$waitForClusterToBeReady$0(222)) - Waiting for cluster to exit safe mode
2022-03-06 23:39:02,638 [Listener at 127.0.0.1/33193] INFO  ozone.MiniOzoneClusterImpl (MiniOzoneClusterImpl.java:lambda$waitForClusterToBeReady$0(224)) - SCM became leader
2022-03-06 23:39:03,638 [Listener at 127.0.0.1/33193] INFO  ozone.MiniOzoneClusterImpl (MiniOzoneClusterImpl.java:lambda$waitForClusterToBeReady$0(219)) - Nodes are ready. Got 3 of 3 DN Heartbeats.
2022-03-06 23:39:03,638 [Listener at 127.0.0.1/33193] INFO  ozone.MiniOzoneClusterImpl (MiniOzoneClusterImpl.java:lambda$waitForClusterToBeReady$0(222)) - Waiting for cluster to exit safe mode
2022-03-06 23:39:03,638 [Listener at 127.0.0.1/33193] INFO  ozone.MiniOzoneClusterImpl (MiniOzoneClusterImpl.java:lambda$waitForClusterToBeReady$0(224)) - SCM became leader
2022-03-06 23:39:04,638 [Listener at 127.0.0.1/33193] INFO  ozone.MiniOzoneClusterImpl (MiniOzoneClusterImpl.java:lambda$waitForClusterToBeReady$0(219)) - Nodes are ready. Got 3 of 3 DN Heartbeats.
2022-03-06 23:39:04,638 [Listener at 127.0.0.1/33193] INFO  ozone.MiniOzoneClusterImpl (MiniOzoneClusterImpl.java:lambda$waitForClusterToBeReady$0(222)) - Waiting for cluster to exit safe mode
2022-03-06 23:39:04,639 [Listener at 127.0.0.1/33193] INFO  ozone.MiniOzoneClusterImpl (MiniOzoneClusterImpl.java:lambda$waitForClusterToBeReady$0(224)) - SCM became leader
2022-03-06 23:39:04,667 [e54240a4-5fb6-4317-aa96-83a11ada3c80@group-B6675D5AA9D0-FollowerState] INFO  impl.FollowerState (FollowerState.java:run(134)) - e54240a4-5fb6-4317-aa96-83a11ada3c80@group-B6675D5AA9D0-FollowerState: change to CANDIDATE, lastRpcElapsedTime:5050415708ns, electionTimeout:5045ms
2022-03-06 23:39:04,667 [e54240a4-5fb6-4317-aa96-83a11ada3c80@group-B6675D5AA9D0-FollowerState] INFO  impl.RoleInfo (RoleInfo.java:shutdownFollowerState(108)) - e54240a4-5fb6-4317-aa96-83a11ada3c80: shutdown e54240a4-5fb6-4317-aa96-83a11ada3c80@group-B6675D5AA9D0-FollowerState
2022-03-06 23:39:04,667 [e54240a4-5fb6-4317-aa96-83a11ada3c80@group-B6675D5AA9D0-FollowerState] INFO  server.RaftServer$Division (RaftServerImpl.java:setRole(290)) - e54240a4-5fb6-4317-aa96-83a11ada3c80@group-B6675D5AA9D0: changes role from  FOLLOWER to CANDIDATE at term 4 for changeToCandidate
2022-03-06 23:39:04,667 [e54240a4-5fb6-4317-aa96-83a11ada3c80@group-B6675D5AA9D0-FollowerState] INFO  server.RaftServerConfigKeys (ConfUtils.java:logGet(44)) - raft.server.leaderelection.pre-vote = false (custom)
2022-03-06 23:39:04,667 [e54240a4-5fb6-4317-aa96-83a11ada3c80@group-B6675D5AA9D0-FollowerState] INFO  impl.RoleInfo (RoleInfo.java:updateAndGet(130)) - e54240a4-5fb6-4317-aa96-83a11ada3c80: start e54240a4-5fb6-4317-aa96-83a11ada3c80@group-B6675D5AA9D0-LeaderElection27
2022-03-06 23:39:04,701 [e54240a4-5fb6-4317-aa96-83a11ada3c80@group-B6675D5AA9D0-LeaderElection27] INFO  impl.LeaderElection (LeaderElection.java:askForVotes(306)) - e54240a4-5fb6-4317-aa96-83a11ada3c80@group-B6675D5AA9D0-LeaderElection27 ELECTION round 0: submit vote requests at term 5 for -1: [88d5b3ea-0504-4869-b217-dcc17ceadd97|rpc:10.1.0.33:46049|priority:0, e54240a4-5fb6-4317-aa96-83a11ada3c80|rpc:10.1.0.33:36367|priority:0, ca22b40f-bcca-4dce-b03d-42f8a600d1bd|rpc:10.1.0.33:43913|priority:1], old=null
2022-03-06 23:39:04,732 [grpc-default-executor-4] INFO  server.RaftServer$Division (RaftServerImpl.java:requestVote(1046)) - 88d5b3ea-0504-4869-b217-dcc17ceadd97@group-B6675D5AA9D0: receive requestVote(ELECTION, e54240a4-5fb6-4317-aa96-83a11ada3c80, group-B6675D5AA9D0, 5, (t:0, i:0))
2022-03-06 23:39:04,732 [grpc-default-executor-4] INFO  impl.VoteContext (VoteContext.java:log(48)) - 88d5b3ea-0504-4869-b217-dcc17ceadd97@group-B6675D5AA9D0-FOLLOWER: accept ELECTION from e54240a4-5fb6-4317-aa96-83a11ada3c80: our priority 0 <= candidate's priority 0
2022-03-06 23:39:04,733 [grpc-default-executor-4] INFO  server.RaftServer$Division (RaftServerImpl.java:setRole(290)) - 88d5b3ea-0504-4869-b217-dcc17ceadd97@group-B6675D5AA9D0: changes role from  FOLLOWER to FOLLOWER at term 5 for candidate:e54240a4-5fb6-4317-aa96-83a11ada3c80
2022-03-06 23:39:04,733 [grpc-default-executor-4] INFO  impl.RoleInfo (RoleInfo.java:shutdownFollowerState(108)) - 88d5b3ea-0504-4869-b217-dcc17ceadd97: shutdown 88d5b3ea-0504-4869-b217-dcc17ceadd97@group-B6675D5AA9D0-FollowerState
2022-03-06 23:39:04,733 [grpc-default-executor-4] INFO  impl.RoleInfo (RoleInfo.java:updateAndGet(130)) - 88d5b3ea-0504-4869-b217-dcc17ceadd97: start 88d5b3ea-0504-4869-b217-dcc17ceadd97@group-B6675D5AA9D0-FollowerState
2022-03-06 23:39:04,733 [88d5b3ea-0504-4869-b217-dcc17ceadd97@group-B6675D5AA9D0-FollowerState] INFO  impl.FollowerState (FollowerState.java:run(143)) - 88d5b3ea-0504-4869-b217-dcc17ceadd97@group-B6675D5AA9D0-FollowerState was interrupted: {}
java.lang.InterruptedException: sleep interrupted
	at java.lang.Thread.sleep(Native Method)
	at java.lang.Thread.sleep(Thread.java:342)
	at java.util.concurrent.TimeUnit.sleep(TimeUnit.java:386)
	at org.apache.ratis.util.TimeDuration.sleep(TimeDuration.java:324)
	at org.apache.ratis.util.TimeDuration.sleep(TimeDuration.java:309)
	at org.apache.ratis.server.impl.FollowerState.run(FollowerState.java:118)
2022-03-06 23:39:04,770 [grpc-default-executor-4] INFO  server.RaftServer$Division (RaftServerImpl.java:requestVote(1078)) - 88d5b3ea-0504-4869-b217-dcc17ceadd97@group-B6675D5AA9D0 replies to ELECTION vote request: e54240a4-5fb6-4317-aa96-83a11ada3c80<-88d5b3ea-0504-4869-b217-dcc17ceadd97#0:OK-t5. Peer's state: 88d5b3ea-0504-4869-b217-dcc17ceadd97@group-B6675D5AA9D0:t5, leader=null, voted=e54240a4-5fb6-4317-aa96-83a11ada3c80, raftlog=88d5b3ea-0504-4869-b217-dcc17ceadd97@group-B6675D5AA9D0-SegmentedRaftLog:OPENED:c-1, conf=-1: [88d5b3ea-0504-4869-b217-dcc17ceadd97|rpc:10.1.0.33:46049|dataStream:|priority:0, e54240a4-5fb6-4317-aa96-83a11ada3c80|rpc:10.1.0.33:36367|dataStream:|priority:0, ca22b40f-bcca-4dce-b03d-42f8a600d1bd|rpc:10.1.0.33:43913|dataStream:|priority:1], old=null
2022-03-06 23:39:04,777 [grpc-default-executor-4] INFO  server.RaftServer$Division (RaftServerImpl.java:requestVote(1046)) - ca22b40f-bcca-4dce-b03d-42f8a600d1bd@group-B6675D5AA9D0: receive requestVote(ELECTION, e54240a4-5fb6-4317-aa96-83a11ada3c80, group-B6675D5AA9D0, 5, (t:0, i:0))
2022-03-06 23:39:04,777 [grpc-default-executor-4] INFO  impl.VoteContext (VoteContext.java:log(48)) - ca22b40f-bcca-4dce-b03d-42f8a600d1bd@group-B6675D5AA9D0-FOLLOWER: reject ELECTION from e54240a4-5fb6-4317-aa96-83a11ada3c80: our priority 1 > candidate's priority 0
2022-03-06 23:39:04,777 [grpc-default-executor-4] INFO  server.RaftServer$Division (RaftServerImpl.java:setRole(290)) - ca22b40f-bcca-4dce-b03d-42f8a600d1bd@group-B6675D5AA9D0: changes role from  FOLLOWER to FOLLOWER at term 5 for candidate:e54240a4-5fb6-4317-aa96-83a11ada3c80
2022-03-06 23:39:04,777 [grpc-default-executor-4] INFO  impl.RoleInfo (RoleInfo.java:shutdownFollowerState(108)) - ca22b40f-bcca-4dce-b03d-42f8a600d1bd: shutdown ca22b40f-bcca-4dce-b03d-42f8a600d1bd@group-B6675D5AA9D0-FollowerState
2022-03-06 23:39:04,777 [grpc-default-executor-4] INFO  impl.RoleInfo (RoleInfo.java:updateAndGet(130)) - ca22b40f-bcca-4dce-b03d-42f8a600d1bd: start ca22b40f-bcca-4dce-b03d-42f8a600d1bd@group-B6675D5AA9D0-FollowerState
2022-03-06 23:39:04,777 [ca22b40f-bcca-4dce-b03d-42f8a600d1bd@group-B6675D5AA9D0-FollowerState] INFO  impl.FollowerState (FollowerState.java:run(143)) - ca22b40f-bcca-4dce-b03d-42f8a600d1bd@group-B6675D5AA9D0-FollowerState was interrupted: {}
java.lang.InterruptedException: sleep interrupted
	at java.lang.Thread.sleep(Native Method)
	at java.lang.Thread.sleep(Thread.java:342)
	at java.util.concurrent.TimeUnit.sleep(TimeUnit.java:386)
	at org.apache.ratis.util.TimeDuration.sleep(TimeDuration.java:324)
	at org.apache.ratis.util.TimeDuration.sleep(TimeDuration.java:309)
	at org.apache.ratis.server.impl.FollowerState.run(FollowerState.java:118)
2022-03-06 23:39:04,808 [grpc-default-executor-4] INFO  server.RaftServer$Division (RaftServerImpl.java:requestVote(1078)) - ca22b40f-bcca-4dce-b03d-42f8a600d1bd@group-B6675D5AA9D0 replies to ELECTION vote request: e54240a4-5fb6-4317-aa96-83a11ada3c80<-ca22b40f-bcca-4dce-b03d-42f8a600d1bd#0:FAIL-t5. Peer's state: ca22b40f-bcca-4dce-b03d-42f8a600d1bd@group-B6675D5AA9D0:t5, leader=null, voted=null, raftlog=ca22b40f-bcca-4dce-b03d-42f8a600d1bd@group-B6675D5AA9D0-SegmentedRaftLog:OPENED:c-1, conf=-1: [88d5b3ea-0504-4869-b217-dcc17ceadd97|rpc:10.1.0.33:46049|dataStream:|priority:0, e54240a4-5fb6-4317-aa96-83a11ada3c80|rpc:10.1.0.33:36367|dataStream:|priority:0, ca22b40f-bcca-4dce-b03d-42f8a600d1bd|rpc:10.1.0.33:43913|dataStream:|priority:1], old=null
2022-03-06 23:39:04,810 [e54240a4-5fb6-4317-aa96-83a11ada3c80@group-B6675D5AA9D0-LeaderElection27] INFO  impl.LeaderElection (LeaderElection.java:logAndReturn(89)) - e54240a4-5fb6-4317-aa96-83a11ada3c80@group-B6675D5AA9D0-LeaderElection27: ELECTION REJECTED received 2 response(s) and 0 exception(s):
2022-03-06 23:39:04,810 [e54240a4-5fb6-4317-aa96-83a11ada3c80@group-B6675D5AA9D0-LeaderElection27] INFO  impl.LeaderElection (LeaderElection.java:logAndReturn(93)) -   Response 0: e54240a4-5fb6-4317-aa96-83a11ada3c80<-88d5b3ea-0504-4869-b217-dcc17ceadd97#0:OK-t5
2022-03-06 23:39:04,810 [e54240a4-5fb6-4317-aa96-83a11ada3c80@group-B6675D5AA9D0-LeaderElection27] INFO  impl.LeaderElection (LeaderElection.java:logAndReturn(93)) -   Response 1: e54240a4-5fb6-4317-aa96-83a11ada3c80<-ca22b40f-bcca-4dce-b03d-42f8a600d1bd#0:FAIL-t5
2022-03-06 23:39:04,810 [e54240a4-5fb6-4317-aa96-83a11ada3c80@group-B6675D5AA9D0-LeaderElection27] INFO  impl.LeaderElection (LeaderElection.java:askForVotes(308)) - e54240a4-5fb6-4317-aa96-83a11ada3c80@group-B6675D5AA9D0-LeaderElection27 ELECTION round 0: result REJECTED
2022-03-06 23:39:04,810 [e54240a4-5fb6-4317-aa96-83a11ada3c80@group-B6675D5AA9D0-LeaderElection27] INFO  server.RaftServer$Division (RaftServerImpl.java:setRole(290)) - e54240a4-5fb6-4317-aa96-83a11ada3c80@group-B6675D5AA9D0: changes role from CANDIDATE to FOLLOWER at term 5 for REJECTED
2022-03-06 23:39:04,810 [e54240a4-5fb6-4317-aa96-83a11ada3c80@group-B6675D5AA9D0-LeaderElection27] INFO  impl.RoleInfo (RoleInfo.java:shutdownLeaderElection(121)) - e54240a4-5fb6-4317-aa96-83a11ada3c80: shutdown e54240a4-5fb6-4317-aa96-83a11ada3c80@group-B6675D5AA9D0-LeaderElection27
2022-03-06 23:39:04,811 [e54240a4-5fb6-4317-aa96-83a11ada3c80@group-B6675D5AA9D0-LeaderElection27] INFO  impl.RoleInfo (RoleInfo.java:updateAndGet(130)) - e54240a4-5fb6-4317-aa96-83a11ada3c80: start e54240a4-5fb6-4317-aa96-83a11ada3c80@group-B6675D5AA9D0-FollowerState
2022-03-06 23:39:05,639 [Listener at 127.0.0.1/33193] INFO  ozone.MiniOzoneClusterImpl (MiniOzoneClusterImpl.java:lambda$waitForClusterToBeReady$0(219)) - Nodes are ready. Got 3 of 3 DN Heartbeats.
2022-03-06 23:39:05,640 [Listener at 127.0.0.1/33193] INFO  ozone.MiniOzoneClusterImpl (MiniOzoneClusterImpl.java:lambda$waitForClusterToBeReady$0(222)) - Waiting for cluster to exit safe mode
2022-03-06 23:39:05,640 [Listener at 127.0.0.1/33193] INFO  ozone.MiniOzoneClusterImpl (MiniOzoneClusterImpl.java:lambda$waitForClusterToBeReady$0(224)) - SCM became leader
2022-03-06 23:39:06,641 [Listener at 127.0.0.1/33193] INFO  ozone.MiniOzoneClusterImpl (MiniOzoneClusterImpl.java:lambda$waitForClusterToBeReady$0(219)) - Nodes are ready. Got 3 of 3 DN Heartbeats.
2022-03-06 23:39:06,641 [Listener at 127.0.0.1/33193] INFO  ozone.MiniOzoneClusterImpl (MiniOzoneClusterImpl.java:lambda$waitForClusterToBeReady$0(222)) - Waiting for cluster to exit safe mode
2022-03-06 23:39:06,641 [Listener at 127.0.0.1/33193] INFO  ozone.MiniOzoneClusterImpl (MiniOzoneClusterImpl.java:lambda$waitForClusterToBeReady$0(224)) - SCM became leader
2022-03-06 23:39:07,644 [Listener at 127.0.0.1/33193] INFO  ozone.MiniOzoneClusterImpl (MiniOzoneClusterImpl.java:lambda$waitForClusterToBeReady$0(219)) - Nodes are ready. Got 3 of 3 DN Heartbeats.
2022-03-06 23:39:07,644 [Listener at 127.0.0.1/33193] INFO  ozone.MiniOzoneClusterImpl (MiniOzoneClusterImpl.java:lambda$waitForClusterToBeReady$0(222)) - Waiting for cluster to exit safe mode
2022-03-06 23:39:07,644 [Listener at 127.0.0.1/33193] INFO  ozone.MiniOzoneClusterImpl (MiniOzoneClusterImpl.java:lambda$waitForClusterToBeReady$0(224)) - SCM became leader
2022-03-06 23:39:08,644 [Listener at 127.0.0.1/33193] INFO  ozone.MiniOzoneClusterImpl (MiniOzoneClusterImpl.java:lambda$waitForClusterToBeReady$0(219)) - Nodes are ready. Got 3 of 3 DN Heartbeats.
2022-03-06 23:39:08,645 [Listener at 127.0.0.1/33193] INFO  ozone.MiniOzoneClusterImpl (MiniOzoneClusterImpl.java:lambda$waitForClusterToBeReady$0(222)) - Waiting for cluster to exit safe mode
2022-03-06 23:39:08,645 [Listener at 127.0.0.1/33193] INFO  ozone.MiniOzoneClusterImpl (MiniOzoneClusterImpl.java:lambda$waitForClusterToBeReady$0(224)) - SCM became leader
2022-03-06 23:39:09,645 [Listener at 127.0.0.1/33193] INFO  ozone.MiniOzoneClusterImpl (MiniOzoneClusterImpl.java:lambda$waitForClusterToBeReady$0(219)) - Nodes are ready. Got 3 of 3 DN Heartbeats.
2022-03-06 23:39:09,645 [Listener at 127.0.0.1/33193] INFO  ozone.MiniOzoneClusterImpl (MiniOzoneClusterImpl.java:lambda$waitForClusterToBeReady$0(222)) - Waiting for cluster to exit safe mode
2022-03-06 23:39:09,645 [Listener at 127.0.0.1/33193] INFO  ozone.MiniOzoneClusterImpl (MiniOzoneClusterImpl.java:lambda$waitForClusterToBeReady$0(224)) - SCM became leader
2022-03-06 23:39:09,859 [e54240a4-5fb6-4317-aa96-83a11ada3c80@group-B6675D5AA9D0-FollowerState] INFO  impl.FollowerState (FollowerState.java:run(134)) - e54240a4-5fb6-4317-aa96-83a11ada3c80@group-B6675D5AA9D0-FollowerState: change to CANDIDATE, lastRpcElapsedTime:5048475858ns, electionTimeout:5048ms
2022-03-06 23:39:09,859 [e54240a4-5fb6-4317-aa96-83a11ada3c80@group-B6675D5AA9D0-FollowerState] INFO  impl.RoleInfo (RoleInfo.java:shutdownFollowerState(108)) - e54240a4-5fb6-4317-aa96-83a11ada3c80: shutdown e54240a4-5fb6-4317-aa96-83a11ada3c80@group-B6675D5AA9D0-FollowerState
2022-03-06 23:39:09,859 [e54240a4-5fb6-4317-aa96-83a11ada3c80@group-B6675D5AA9D0-FollowerState] INFO  server.RaftServer$Division (RaftServerImpl.java:setRole(290)) - e54240a4-5fb6-4317-aa96-83a11ada3c80@group-B6675D5AA9D0: changes role from  FOLLOWER to CANDIDATE at term 5 for changeToCandidate
2022-03-06 23:39:09,859 [e54240a4-5fb6-4317-aa96-83a11ada3c80@group-B6675D5AA9D0-FollowerState] INFO  server.RaftServerConfigKeys (ConfUtils.java:logGet(44)) - raft.server.leaderelection.pre-vote = false (custom)
2022-03-06 23:39:09,859 [e54240a4-5fb6-4317-aa96-83a11ada3c80@group-B6675D5AA9D0-FollowerState] INFO  impl.RoleInfo (RoleInfo.java:updateAndGet(130)) - e54240a4-5fb6-4317-aa96-83a11ada3c80: start e54240a4-5fb6-4317-aa96-83a11ada3c80@group-B6675D5AA9D0-LeaderElection28
2022-03-06 23:39:09,899 [88d5b3ea-0504-4869-b217-dcc17ceadd97@group-B6675D5AA9D0-FollowerState] INFO  impl.FollowerState (FollowerState.java:run(134)) - 88d5b3ea-0504-4869-b217-dcc17ceadd97@group-B6675D5AA9D0-FollowerState: change to CANDIDATE, lastRpcElapsedTime:5128771806ns, electionTimeout:5128ms
2022-03-06 23:39:09,899 [88d5b3ea-0504-4869-b217-dcc17ceadd97@group-B6675D5AA9D0-FollowerState] INFO  impl.RoleInfo (RoleInfo.java:shutdownFollowerState(108)) - 88d5b3ea-0504-4869-b217-dcc17ceadd97: shutdown 88d5b3ea-0504-4869-b217-dcc17ceadd97@group-B6675D5AA9D0-FollowerState
2022-03-06 23:39:09,899 [88d5b3ea-0504-4869-b217-dcc17ceadd97@group-B6675D5AA9D0-FollowerState] INFO  server.RaftServer$Division (RaftServerImpl.java:setRole(290)) - 88d5b3ea-0504-4869-b217-dcc17ceadd97@group-B6675D5AA9D0: changes role from  FOLLOWER to CANDIDATE at term 5 for changeToCandidate
2022-03-06 23:39:09,899 [88d5b3ea-0504-4869-b217-dcc17ceadd97@group-B6675D5AA9D0-FollowerState] INFO  server.RaftServerConfigKeys (ConfUtils.java:logGet(44)) - raft.server.leaderelection.pre-vote = false (custom)
2022-03-06 23:39:09,899 [88d5b3ea-0504-4869-b217-dcc17ceadd97@group-B6675D5AA9D0-FollowerState] INFO  impl.RoleInfo (RoleInfo.java:updateAndGet(130)) - 88d5b3ea-0504-4869-b217-dcc17ceadd97: start 88d5b3ea-0504-4869-b217-dcc17ceadd97@group-B6675D5AA9D0-LeaderElection29
2022-03-06 23:39:09,900 [e54240a4-5fb6-4317-aa96-83a11ada3c80@group-B6675D5AA9D0-LeaderElection28] INFO  impl.LeaderElection (LeaderElection.java:askForVotes(306)) - e54240a4-5fb6-4317-aa96-83a11ada3c80@group-B6675D5AA9D0-LeaderElection28 ELECTION round 0: submit vote requests at term 6 for -1: [88d5b3ea-0504-4869-b217-dcc17ceadd97|rpc:10.1.0.33:46049|priority:0, e54240a4-5fb6-4317-aa96-83a11ada3c80|rpc:10.1.0.33:36367|priority:0, ca22b40f-bcca-4dce-b03d-42f8a600d1bd|rpc:10.1.0.33:43913|priority:1], old=null
2022-03-06 23:39:09,923 [88d5b3ea-0504-4869-b217-dcc17ceadd97@group-B6675D5AA9D0-LeaderElection29] INFO  impl.LeaderElection (LeaderElection.java:askForVotes(306)) - 88d5b3ea-0504-4869-b217-dcc17ceadd97@group-B6675D5AA9D0-LeaderElection29 ELECTION round 0: submit vote requests at term 6 for -1: [88d5b3ea-0504-4869-b217-dcc17ceadd97|rpc:10.1.0.33:46049|dataStream:|priority:0, e54240a4-5fb6-4317-aa96-83a11ada3c80|rpc:10.1.0.33:36367|dataStream:|priority:0, ca22b40f-bcca-4dce-b03d-42f8a600d1bd|rpc:10.1.0.33:43913|dataStream:|priority:1], old=null
2022-03-06 23:39:09,933 [grpc-default-executor-4] INFO  server.RaftServer$Division (RaftServerImpl.java:requestVote(1046)) - 88d5b3ea-0504-4869-b217-dcc17ceadd97@group-B6675D5AA9D0: receive requestVote(ELECTION, e54240a4-5fb6-4317-aa96-83a11ada3c80, group-B6675D5AA9D0, 6, (t:0, i:0))
2022-03-06 23:39:09,933 [grpc-default-executor-4] INFO  impl.VoteContext (VoteContext.java:log(48)) - 88d5b3ea-0504-4869-b217-dcc17ceadd97@group-B6675D5AA9D0-CANDIDATE: reject ELECTION from e54240a4-5fb6-4317-aa96-83a11ada3c80: already has voted for 88d5b3ea-0504-4869-b217-dcc17ceadd97 at current term 6
2022-03-06 23:39:09,933 [grpc-default-executor-4] INFO  server.RaftServer$Division (RaftServerImpl.java:requestVote(1078)) - 88d5b3ea-0504-4869-b217-dcc17ceadd97@group-B6675D5AA9D0 replies to ELECTION vote request: e54240a4-5fb6-4317-aa96-83a11ada3c80<-88d5b3ea-0504-4869-b217-dcc17ceadd97#0:FAIL-t6. Peer's state: 88d5b3ea-0504-4869-b217-dcc17ceadd97@group-B6675D5AA9D0:t6, leader=null, voted=88d5b3ea-0504-4869-b217-dcc17ceadd97, raftlog=88d5b3ea-0504-4869-b217-dcc17ceadd97@group-B6675D5AA9D0-SegmentedRaftLog:OPENED:c-1, conf=-1: [88d5b3ea-0504-4869-b217-dcc17ceadd97|rpc:10.1.0.33:46049|dataStream:|priority:0, e54240a4-5fb6-4317-aa96-83a11ada3c80|rpc:10.1.0.33:36367|dataStream:|priority:0, ca22b40f-bcca-4dce-b03d-42f8a600d1bd|rpc:10.1.0.33:43913|dataStream:|priority:1], old=null
2022-03-06 23:39:09,954 [grpc-default-executor-4] INFO  server.RaftServer$Division (RaftServerImpl.java:requestVote(1046)) - ca22b40f-bcca-4dce-b03d-42f8a600d1bd@group-B6675D5AA9D0: receive requestVote(ELECTION, e54240a4-5fb6-4317-aa96-83a11ada3c80, group-B6675D5AA9D0, 6, (t:0, i:0))
2022-03-06 23:39:09,954 [grpc-default-executor-4] INFO  impl.VoteContext (VoteContext.java:log(48)) - ca22b40f-bcca-4dce-b03d-42f8a600d1bd@group-B6675D5AA9D0-FOLLOWER: reject ELECTION from e54240a4-5fb6-4317-aa96-83a11ada3c80: our priority 1 > candidate's priority 0
2022-03-06 23:39:09,955 [grpc-default-executor-4] INFO  server.RaftServer$Division (RaftServerImpl.java:setRole(290)) - ca22b40f-bcca-4dce-b03d-42f8a600d1bd@group-B6675D5AA9D0: changes role from  FOLLOWER to FOLLOWER at term 6 for candidate:e54240a4-5fb6-4317-aa96-83a11ada3c80
2022-03-06 23:39:09,955 [grpc-default-executor-4] INFO  impl.RoleInfo (RoleInfo.java:shutdownFollowerState(108)) - ca22b40f-bcca-4dce-b03d-42f8a600d1bd: shutdown ca22b40f-bcca-4dce-b03d-42f8a600d1bd@group-B6675D5AA9D0-FollowerState
2022-03-06 23:39:09,955 [grpc-default-executor-4] INFO  impl.RoleInfo (RoleInfo.java:updateAndGet(130)) - ca22b40f-bcca-4dce-b03d-42f8a600d1bd: start ca22b40f-bcca-4dce-b03d-42f8a600d1bd@group-B6675D5AA9D0-FollowerState
2022-03-06 23:39:09,955 [ca22b40f-bcca-4dce-b03d-42f8a600d1bd@group-B6675D5AA9D0-FollowerState] INFO  impl.FollowerState (FollowerState.java:run(143)) - ca22b40f-bcca-4dce-b03d-42f8a600d1bd@group-B6675D5AA9D0-FollowerState was interrupted: {}
java.lang.InterruptedException: sleep interrupted
	at java.lang.Thread.sleep(Native Method)
	at java.lang.Thread.sleep(Thread.java:342)
	at java.util.concurrent.TimeUnit.sleep(TimeUnit.java:386)
	at org.apache.ratis.util.TimeDuration.sleep(TimeDuration.java:324)
	at org.apache.ratis.util.TimeDuration.sleep(TimeDuration.java:309)
	at org.apache.ratis.server.impl.FollowerState.run(FollowerState.java:118)
2022-03-06 23:39:09,959 [grpc-default-executor-2] INFO  server.RaftServer$Division (RaftServerImpl.java:requestVote(1046)) - e54240a4-5fb6-4317-aa96-83a11ada3c80@group-B6675D5AA9D0: receive requestVote(ELECTION, 88d5b3ea-0504-4869-b217-dcc17ceadd97, group-B6675D5AA9D0, 6, (t:0, i:0))
2022-03-06 23:39:09,959 [grpc-default-executor-2] INFO  impl.VoteContext (VoteContext.java:log(48)) - e54240a4-5fb6-4317-aa96-83a11ada3c80@group-B6675D5AA9D0-CANDIDATE: reject ELECTION from 88d5b3ea-0504-4869-b217-dcc17ceadd97: already has voted for e54240a4-5fb6-4317-aa96-83a11ada3c80 at current term 6
2022-03-06 23:39:09,959 [grpc-default-executor-2] INFO  server.RaftServer$Division (RaftServerImpl.java:requestVote(1078)) - e54240a4-5fb6-4317-aa96-83a11ada3c80@group-B6675D5AA9D0 replies to ELECTION vote request: 88d5b3ea-0504-4869-b217-dcc17ceadd97<-e54240a4-5fb6-4317-aa96-83a11ada3c80#0:FAIL-t6. Peer's state: e54240a4-5fb6-4317-aa96-83a11ada3c80@group-B6675D5AA9D0:t6, leader=null, voted=e54240a4-5fb6-4317-aa96-83a11ada3c80, raftlog=e54240a4-5fb6-4317-aa96-83a11ada3c80@group-B6675D5AA9D0-SegmentedRaftLog:OPENED:c-1, conf=-1: [88d5b3ea-0504-4869-b217-dcc17ceadd97|rpc:10.1.0.33:46049|priority:0, e54240a4-5fb6-4317-aa96-83a11ada3c80|rpc:10.1.0.33:36367|priority:0, ca22b40f-bcca-4dce-b03d-42f8a600d1bd|rpc:10.1.0.33:43913|priority:1], old=null
2022-03-06 23:39:09,959 [grpc-default-executor-4] INFO  server.RaftServer$Division (RaftServerImpl.java:requestVote(1078)) - ca22b40f-bcca-4dce-b03d-42f8a600d1bd@group-B6675D5AA9D0 replies to ELECTION vote request: e54240a4-5fb6-4317-aa96-83a11ada3c80<-ca22b40f-bcca-4dce-b03d-42f8a600d1bd#0:FAIL-t6. Peer's state: ca22b40f-bcca-4dce-b03d-42f8a600d1bd@group-B6675D5AA9D0:t6, leader=null, voted=null, raftlog=ca22b40f-bcca-4dce-b03d-42f8a600d1bd@group-B6675D5AA9D0-SegmentedRaftLog:OPENED:c-1, conf=-1: [88d5b3ea-0504-4869-b217-dcc17ceadd97|rpc:10.1.0.33:46049|dataStream:|priority:0, e54240a4-5fb6-4317-aa96-83a11ada3c80|rpc:10.1.0.33:36367|dataStream:|priority:0, ca22b40f-bcca-4dce-b03d-42f8a600d1bd|rpc:10.1.0.33:43913|dataStream:|priority:1], old=null
2022-03-06 23:39:09,970 [e54240a4-5fb6-4317-aa96-83a11ada3c80@group-B6675D5AA9D0-LeaderElection28] INFO  impl.LeaderElection (LeaderElection.java:logAndReturn(89)) - e54240a4-5fb6-4317-aa96-83a11ada3c80@group-B6675D5AA9D0-LeaderElection28: ELECTION REJECTED received 2 response(s) and 0 exception(s):
2022-03-06 23:39:09,976 [e54240a4-5fb6-4317-aa96-83a11ada3c80@group-B6675D5AA9D0-LeaderElection28] INFO  impl.LeaderElection (LeaderElection.java:logAndReturn(93)) -   Response 0: e54240a4-5fb6-4317-aa96-83a11ada3c80<-88d5b3ea-0504-4869-b217-dcc17ceadd97#0:FAIL-t6
2022-03-06 23:39:09,976 [e54240a4-5fb6-4317-aa96-83a11ada3c80@group-B6675D5AA9D0-LeaderElection28] INFO  impl.LeaderElection (LeaderElection.java:logAndReturn(93)) -   Response 1: e54240a4-5fb6-4317-aa96-83a11ada3c80<-ca22b40f-bcca-4dce-b03d-42f8a600d1bd#0:FAIL-t6
2022-03-06 23:39:09,976 [e54240a4-5fb6-4317-aa96-83a11ada3c80@group-B6675D5AA9D0-LeaderElection28] INFO  impl.LeaderElection (LeaderElection.java:askForVotes(308)) - e54240a4-5fb6-4317-aa96-83a11ada3c80@group-B6675D5AA9D0-LeaderElection28 ELECTION round 0: result REJECTED
2022-03-06 23:39:09,976 [e54240a4-5fb6-4317-aa96-83a11ada3c80@group-B6675D5AA9D0-LeaderElection28] INFO  server.RaftServer$Division (RaftServerImpl.java:setRole(290)) - e54240a4-5fb6-4317-aa96-83a11ada3c80@group-B6675D5AA9D0: changes role from CANDIDATE to FOLLOWER at term 6 for REJECTED
2022-03-06 23:39:09,976 [e54240a4-5fb6-4317-aa96-83a11ada3c80@group-B6675D5AA9D0-LeaderElection28] INFO  impl.RoleInfo (RoleInfo.java:shutdownLeaderElection(121)) - e54240a4-5fb6-4317-aa96-83a11ada3c80: shutdown e54240a4-5fb6-4317-aa96-83a11ada3c80@group-B6675D5AA9D0-LeaderElection28
2022-03-06 23:39:09,976 [e54240a4-5fb6-4317-aa96-83a11ada3c80@group-B6675D5AA9D0-LeaderElection28] INFO  impl.RoleInfo (RoleInfo.java:updateAndGet(130)) - e54240a4-5fb6-4317-aa96-83a11ada3c80: start e54240a4-5fb6-4317-aa96-83a11ada3c80@group-B6675D5AA9D0-FollowerState
2022-03-06 23:39:09,978 [grpc-default-executor-5] INFO  server.RaftServer$Division (RaftServerImpl.java:requestVote(1046)) - ca22b40f-bcca-4dce-b03d-42f8a600d1bd@group-B6675D5AA9D0: receive requestVote(ELECTION, 88d5b3ea-0504-4869-b217-dcc17ceadd97, group-B6675D5AA9D0, 6, (t:0, i:0))
2022-03-06 23:39:09,981 [grpc-default-executor-5] INFO  impl.VoteContext (VoteContext.java:log(48)) - ca22b40f-bcca-4dce-b03d-42f8a600d1bd@group-B6675D5AA9D0-FOLLOWER: reject ELECTION from 88d5b3ea-0504-4869-b217-dcc17ceadd97: our priority 1 > candidate's priority 0
2022-03-06 23:39:09,981 [grpc-default-executor-5] INFO  server.RaftServer$Division (RaftServerImpl.java:setRole(290)) - ca22b40f-bcca-4dce-b03d-42f8a600d1bd@group-B6675D5AA9D0: changes role from  FOLLOWER to FOLLOWER at term 6 for candidate:88d5b3ea-0504-4869-b217-dcc17ceadd97
2022-03-06 23:39:09,981 [grpc-default-executor-5] INFO  impl.RoleInfo (RoleInfo.java:shutdownFollowerState(108)) - ca22b40f-bcca-4dce-b03d-42f8a600d1bd: shutdown ca22b40f-bcca-4dce-b03d-42f8a600d1bd@group-B6675D5AA9D0-FollowerState
2022-03-06 23:39:09,981 [grpc-default-executor-5] INFO  impl.RoleInfo (RoleInfo.java:updateAndGet(130)) - ca22b40f-bcca-4dce-b03d-42f8a600d1bd: start ca22b40f-bcca-4dce-b03d-42f8a600d1bd@group-B6675D5AA9D0-FollowerState
2022-03-06 23:39:09,981 [ca22b40f-bcca-4dce-b03d-42f8a600d1bd@group-B6675D5AA9D0-FollowerState] INFO  impl.FollowerState (FollowerState.java:run(143)) - ca22b40f-bcca-4dce-b03d-42f8a600d1bd@group-B6675D5AA9D0-FollowerState was interrupted: {}
java.lang.InterruptedException: sleep interrupted
	at java.lang.Thread.sleep(Native Method)
	at java.lang.Thread.sleep(Thread.java:342)
	at java.util.concurrent.TimeUnit.sleep(TimeUnit.java:386)
	at org.apache.ratis.util.TimeDuration.sleep(TimeDuration.java:324)
	at org.apache.ratis.util.TimeDuration.sleep(TimeDuration.java:309)
	at org.apache.ratis.server.impl.FollowerState.run(FollowerState.java:118)
2022-03-06 23:39:09,982 [grpc-default-executor-5] INFO  server.RaftServer$Division (RaftServerImpl.java:requestVote(1078)) - ca22b40f-bcca-4dce-b03d-42f8a600d1bd@group-B6675D5AA9D0 replies to ELECTION vote request: 88d5b3ea-0504-4869-b217-dcc17ceadd97<-ca22b40f-bcca-4dce-b03d-42f8a600d1bd#0:FAIL-t6. Peer's state: ca22b40f-bcca-4dce-b03d-42f8a600d1bd@group-B6675D5AA9D0:t6, leader=null, voted=null, raftlog=ca22b40f-bcca-4dce-b03d-42f8a600d1bd@group-B6675D5AA9D0-SegmentedRaftLog:OPENED:c-1, conf=-1: [88d5b3ea-0504-4869-b217-dcc17ceadd97|rpc:10.1.0.33:46049|dataStream:|priority:0, e54240a4-5fb6-4317-aa96-83a11ada3c80|rpc:10.1.0.33:36367|dataStream:|priority:0, ca22b40f-bcca-4dce-b03d-42f8a600d1bd|rpc:10.1.0.33:43913|dataStream:|priority:1], old=null
2022-03-06 23:39:09,985 [88d5b3ea-0504-4869-b217-dcc17ceadd97@group-B6675D5AA9D0-LeaderElection29] INFO  impl.LeaderElection (LeaderElection.java:logAndReturn(89)) - 88d5b3ea-0504-4869-b217-dcc17ceadd97@group-B6675D5AA9D0-LeaderElection29: ELECTION REJECTED received 2 response(s) and 0 exception(s):
2022-03-06 23:39:09,985 [88d5b3ea-0504-4869-b217-dcc17ceadd97@group-B6675D5AA9D0-LeaderElection29] INFO  impl.LeaderElection (LeaderElection.java:logAndReturn(93)) -   Response 0: 88d5b3ea-0504-4869-b217-dcc17ceadd97<-e54240a4-5fb6-4317-aa96-83a11ada3c80#0:FAIL-t6
2022-03-06 23:39:09,985 [88d5b3ea-0504-4869-b217-dcc17ceadd97@group-B6675D5AA9D0-LeaderElection29] INFO  impl.LeaderElection (LeaderElection.java:logAndReturn(93)) -   Response 1: 88d5b3ea-0504-4869-b217-dcc17ceadd97<-ca22b40f-bcca-4dce-b03d-42f8a600d1bd#0:FAIL-t6
2022-03-06 23:39:09,985 [88d5b3ea-0504-4869-b217-dcc17ceadd97@group-B6675D5AA9D0-LeaderElection29] INFO  impl.LeaderElection (LeaderElection.java:askForVotes(308)) - 88d5b3ea-0504-4869-b217-dcc17ceadd97@group-B6675D5AA9D0-LeaderElection29 ELECTION round 0: result REJECTED
2022-03-06 23:39:09,985 [88d5b3ea-0504-4869-b217-dcc17ceadd97@group-B6675D5AA9D0-LeaderElection29] INFO  server.RaftServer$Division (RaftServerImpl.java:setRole(290)) - 88d5b3ea-0504-4869-b217-dcc17ceadd97@group-B6675D5AA9D0: changes role from CANDIDATE to FOLLOWER at term 6 for REJECTED
2022-03-06 23:39:09,985 [88d5b3ea-0504-4869-b217-dcc17ceadd97@group-B6675D5AA9D0-LeaderElection29] INFO  impl.RoleInfo (RoleInfo.java:shutdownLeaderElection(121)) - 88d5b3ea-0504-4869-b217-dcc17ceadd97: shutdown 88d5b3ea-0504-4869-b217-dcc17ceadd97@group-B6675D5AA9D0-LeaderElection29
2022-03-06 23:39:09,985 [88d5b3ea-0504-4869-b217-dcc17ceadd97@group-B6675D5AA9D0-LeaderElection29] INFO  impl.RoleInfo (RoleInfo.java:updateAndGet(130)) - 88d5b3ea-0504-4869-b217-dcc17ceadd97: start 88d5b3ea-0504-4869-b217-dcc17ceadd97@group-B6675D5AA9D0-FollowerState
2022-03-06 23:39:10,645 [Listener at 127.0.0.1/33193] INFO  ozone.MiniOzoneClusterImpl (MiniOzoneClusterImpl.java:lambda$waitForClusterToBeReady$0(219)) - Nodes are ready. Got 3 of 3 DN Heartbeats.
2022-03-06 23:39:10,646 [Listener at 127.0.0.1/33193] INFO  ozone.MiniOzoneClusterImpl (MiniOzoneClusterImpl.java:lambda$waitForClusterToBeReady$0(222)) - Waiting for cluster to exit safe mode
2022-03-06 23:39:10,646 [Listener at 127.0.0.1/33193] INFO  ozone.MiniOzoneClusterImpl (MiniOzoneClusterImpl.java:lambda$waitForClusterToBeReady$0(224)) - SCM became leader
2022-03-06 23:39:11,647 [Listener at 127.0.0.1/33193] INFO  ozone.MiniOzoneClusterImpl (MiniOzoneClusterImpl.java:lambda$waitForClusterToBeReady$0(219)) - Nodes are ready. Got 3 of 3 DN Heartbeats.
2022-03-06 23:39:11,647 [Listener at 127.0.0.1/33193] INFO  ozone.MiniOzoneClusterImpl (MiniOzoneClusterImpl.java:lambda$waitForClusterToBeReady$0(222)) - Waiting for cluster to exit safe mode
2022-03-06 23:39:11,648 [Listener at 127.0.0.1/33193] INFO  ozone.MiniOzoneClusterImpl (MiniOzoneClusterImpl.java:lambda$waitForClusterToBeReady$0(224)) - SCM became leader
2022-03-06 23:39:12,648 [Listener at 127.0.0.1/33193] INFO  ozone.MiniOzoneClusterImpl (MiniOzoneClusterImpl.java:lambda$waitForClusterToBeReady$0(219)) - Nodes are ready. Got 3 of 3 DN Heartbeats.
2022-03-06 23:39:12,648 [Listener at 127.0.0.1/33193] INFO  ozone.MiniOzoneClusterImpl (MiniOzoneClusterImpl.java:lambda$waitForClusterToBeReady$0(222)) - Waiting for cluster to exit safe mode
2022-03-06 23:39:12,648 [Listener at 127.0.0.1/33193] INFO  ozone.MiniOzoneClusterImpl (MiniOzoneClusterImpl.java:lambda$waitForClusterToBeReady$0(224)) - SCM became leader
2022-03-06 23:39:13,648 [Listener at 127.0.0.1/33193] INFO  ozone.MiniOzoneClusterImpl (MiniOzoneClusterImpl.java:lambda$waitForClusterToBeReady$0(219)) - Nodes are ready. Got 3 of 3 DN Heartbeats.
2022-03-06 23:39:13,649 [Listener at 127.0.0.1/33193] INFO  ozone.MiniOzoneClusterImpl (MiniOzoneClusterImpl.java:lambda$waitForClusterToBeReady$0(222)) - Waiting for cluster to exit safe mode
2022-03-06 23:39:13,649 [Listener at 127.0.0.1/33193] INFO  ozone.MiniOzoneClusterImpl (MiniOzoneClusterImpl.java:lambda$waitForClusterToBeReady$0(224)) - SCM became leader
2022-03-06 23:39:14,649 [Listener at 127.0.0.1/33193] INFO  ozone.MiniOzoneClusterImpl (MiniOzoneClusterImpl.java:lambda$waitForClusterToBeReady$0(219)) - Nodes are ready. Got 3 of 3 DN Heartbeats.
2022-03-06 23:39:14,649 [Listener at 127.0.0.1/33193] INFO  ozone.MiniOzoneClusterImpl (MiniOzoneClusterImpl.java:lambda$waitForClusterToBeReady$0(222)) - Waiting for cluster to exit safe mode
2022-03-06 23:39:14,649 [Listener at 127.0.0.1/33193] INFO  ozone.MiniOzoneClusterImpl (MiniOzoneClusterImpl.java:lambda$waitForClusterToBeReady$0(224)) - SCM became leader
2022-03-06 23:39:15,009 [e54240a4-5fb6-4317-aa96-83a11ada3c80@group-B6675D5AA9D0-FollowerState] INFO  impl.FollowerState (FollowerState.java:run(134)) - e54240a4-5fb6-4317-aa96-83a11ada3c80@group-B6675D5AA9D0-FollowerState: change to CANDIDATE, lastRpcElapsedTime:5032084066ns, electionTimeout:5005ms
2022-03-06 23:39:15,009 [e54240a4-5fb6-4317-aa96-83a11ada3c80@group-B6675D5AA9D0-FollowerState] INFO  impl.RoleInfo (RoleInfo.java:shutdownFollowerState(108)) - e54240a4-5fb6-4317-aa96-83a11ada3c80: shutdown e54240a4-5fb6-4317-aa96-83a11ada3c80@group-B6675D5AA9D0-FollowerState
2022-03-06 23:39:15,009 [e54240a4-5fb6-4317-aa96-83a11ada3c80@group-B6675D5AA9D0-FollowerState] INFO  server.RaftServer$Division (RaftServerImpl.java:setRole(290)) - e54240a4-5fb6-4317-aa96-83a11ada3c80@group-B6675D5AA9D0: changes role from  FOLLOWER to CANDIDATE at term 6 for changeToCandidate
2022-03-06 23:39:15,009 [e54240a4-5fb6-4317-aa96-83a11ada3c80@group-B6675D5AA9D0-FollowerState] INFO  server.RaftServerConfigKeys (ConfUtils.java:logGet(44)) - raft.server.leaderelection.pre-vote = false (custom)
2022-03-06 23:39:15,009 [e54240a4-5fb6-4317-aa96-83a11ada3c80@group-B6675D5AA9D0-FollowerState] INFO  impl.RoleInfo (RoleInfo.java:updateAndGet(130)) - e54240a4-5fb6-4317-aa96-83a11ada3c80: start e54240a4-5fb6-4317-aa96-83a11ada3c80@group-B6675D5AA9D0-LeaderElection30
2022-03-06 23:39:15,025 [e54240a4-5fb6-4317-aa96-83a11ada3c80@group-B6675D5AA9D0-LeaderElection30] INFO  impl.LeaderElection (LeaderElection.java:askForVotes(306)) - e54240a4-5fb6-4317-aa96-83a11ada3c80@group-B6675D5AA9D0-LeaderElection30 ELECTION round 0: submit vote requests at term 7 for -1: [88d5b3ea-0504-4869-b217-dcc17ceadd97|rpc:10.1.0.33:46049|priority:0, e54240a4-5fb6-4317-aa96-83a11ada3c80|rpc:10.1.0.33:36367|priority:0, ca22b40f-bcca-4dce-b03d-42f8a600d1bd|rpc:10.1.0.33:43913|priority:1], old=null
2022-03-06 23:39:15,032 [ca22b40f-bcca-4dce-b03d-42f8a600d1bd@group-B6675D5AA9D0-FollowerState] INFO  impl.FollowerState (FollowerState.java:run(134)) - ca22b40f-bcca-4dce-b03d-42f8a600d1bd@group-B6675D5AA9D0-FollowerState: change to CANDIDATE, lastRpcElapsedTime:5050422263ns, electionTimeout:5049ms
2022-03-06 23:39:15,032 [ca22b40f-bcca-4dce-b03d-42f8a600d1bd@group-B6675D5AA9D0-FollowerState] INFO  impl.RoleInfo (RoleInfo.java:shutdownFollowerState(108)) - ca22b40f-bcca-4dce-b03d-42f8a600d1bd: shutdown ca22b40f-bcca-4dce-b03d-42f8a600d1bd@group-B6675D5AA9D0-FollowerState
2022-03-06 23:39:15,032 [ca22b40f-bcca-4dce-b03d-42f8a600d1bd@group-B6675D5AA9D0-FollowerState] INFO  server.RaftServer$Division (RaftServerImpl.java:setRole(290)) - ca22b40f-bcca-4dce-b03d-42f8a600d1bd@group-B6675D5AA9D0: changes role from  FOLLOWER to CANDIDATE at term 6 for changeToCandidate
2022-03-06 23:39:15,044 [ca22b40f-bcca-4dce-b03d-42f8a600d1bd@group-B6675D5AA9D0-FollowerState] INFO  server.RaftServerConfigKeys (ConfUtils.java:logGet(44)) - raft.server.leaderelection.pre-vote = false (custom)
2022-03-06 23:39:15,044 [ca22b40f-bcca-4dce-b03d-42f8a600d1bd@group-B6675D5AA9D0-FollowerState] INFO  impl.RoleInfo (RoleInfo.java:updateAndGet(130)) - ca22b40f-bcca-4dce-b03d-42f8a600d1bd: start ca22b40f-bcca-4dce-b03d-42f8a600d1bd@group-B6675D5AA9D0-LeaderElection31
2022-03-06 23:39:15,044 [grpc-default-executor-5] INFO  server.RaftServer$Division (RaftServerImpl.java:requestVote(1046)) - 88d5b3ea-0504-4869-b217-dcc17ceadd97@group-B6675D5AA9D0: receive requestVote(ELECTION, e54240a4-5fb6-4317-aa96-83a11ada3c80, group-B6675D5AA9D0, 7, (t:0, i:0))
2022-03-06 23:39:15,044 [grpc-default-executor-5] INFO  impl.VoteContext (VoteContext.java:log(48)) - 88d5b3ea-0504-4869-b217-dcc17ceadd97@group-B6675D5AA9D0-FOLLOWER: accept ELECTION from e54240a4-5fb6-4317-aa96-83a11ada3c80: our priority 0 <= candidate's priority 0
2022-03-06 23:39:15,045 [grpc-default-executor-5] INFO  server.RaftServer$Division (RaftServerImpl.java:setRole(290)) - 88d5b3ea-0504-4869-b217-dcc17ceadd97@group-B6675D5AA9D0: changes role from  FOLLOWER to FOLLOWER at term 7 for candidate:e54240a4-5fb6-4317-aa96-83a11ada3c80
2022-03-06 23:39:15,045 [grpc-default-executor-5] INFO  impl.RoleInfo (RoleInfo.java:shutdownFollowerState(108)) - 88d5b3ea-0504-4869-b217-dcc17ceadd97: shutdown 88d5b3ea-0504-4869-b217-dcc17ceadd97@group-B6675D5AA9D0-FollowerState
2022-03-06 23:39:15,056 [grpc-default-executor-2] INFO  server.RaftServer$Division (RaftServerImpl.java:requestVote(1046)) - ca22b40f-bcca-4dce-b03d-42f8a600d1bd@group-B6675D5AA9D0: receive requestVote(ELECTION, e54240a4-5fb6-4317-aa96-83a11ada3c80, group-B6675D5AA9D0, 7, (t:0, i:0))
2022-03-06 23:39:15,056 [grpc-default-executor-2] INFO  impl.VoteContext (VoteContext.java:log(48)) - ca22b40f-bcca-4dce-b03d-42f8a600d1bd@group-B6675D5AA9D0-CANDIDATE: reject ELECTION from e54240a4-5fb6-4317-aa96-83a11ada3c80: our priority 1 > candidate's priority 0
2022-03-06 23:39:15,056 [grpc-default-executor-2] INFO  server.RaftServer$Division (RaftServerImpl.java:setRole(290)) - ca22b40f-bcca-4dce-b03d-42f8a600d1bd@group-B6675D5AA9D0: changes role from CANDIDATE to FOLLOWER at term 7 for candidate:e54240a4-5fb6-4317-aa96-83a11ada3c80
2022-03-06 23:39:15,056 [grpc-default-executor-2] INFO  impl.RoleInfo (RoleInfo.java:shutdownLeaderElection(121)) - ca22b40f-bcca-4dce-b03d-42f8a600d1bd: shutdown ca22b40f-bcca-4dce-b03d-42f8a600d1bd@group-B6675D5AA9D0-LeaderElection31
2022-03-06 23:39:15,057 [grpc-default-executor-2] INFO  impl.RoleInfo (RoleInfo.java:updateAndGet(130)) - ca22b40f-bcca-4dce-b03d-42f8a600d1bd: start ca22b40f-bcca-4dce-b03d-42f8a600d1bd@group-B6675D5AA9D0-FollowerState
2022-03-06 23:39:15,057 [ca22b40f-bcca-4dce-b03d-42f8a600d1bd@group-B6675D5AA9D0-LeaderElection31] INFO  impl.LeaderElection (LeaderElection.java:run(230)) - ca22b40f-bcca-4dce-b03d-42f8a600d1bd@group-B6675D5AA9D0-LeaderElection31: skip running since this is already CLOSING
2022-03-06 23:39:15,057 [grpc-default-executor-5] INFO  impl.RoleInfo (RoleInfo.java:updateAndGet(130)) - 88d5b3ea-0504-4869-b217-dcc17ceadd97: start 88d5b3ea-0504-4869-b217-dcc17ceadd97@group-B6675D5AA9D0-FollowerState
2022-03-06 23:39:15,058 [grpc-default-executor-2] INFO  server.RaftServer$Division (RaftServerImpl.java:requestVote(1078)) - ca22b40f-bcca-4dce-b03d-42f8a600d1bd@group-B6675D5AA9D0 replies to ELECTION vote request: e54240a4-5fb6-4317-aa96-83a11ada3c80<-ca22b40f-bcca-4dce-b03d-42f8a600d1bd#0:FAIL-t7. Peer's state: ca22b40f-bcca-4dce-b03d-42f8a600d1bd@group-B6675D5AA9D0:t7, leader=null, voted=null, raftlog=ca22b40f-bcca-4dce-b03d-42f8a600d1bd@group-B6675D5AA9D0-SegmentedRaftLog:OPENED:c-1, conf=-1: [88d5b3ea-0504-4869-b217-dcc17ceadd97|rpc:10.1.0.33:46049|dataStream:|priority:0, e54240a4-5fb6-4317-aa96-83a11ada3c80|rpc:10.1.0.33:36367|dataStream:|priority:0, ca22b40f-bcca-4dce-b03d-42f8a600d1bd|rpc:10.1.0.33:43913|dataStream:|priority:1], old=null
2022-03-06 23:39:15,066 [grpc-default-executor-5] INFO  server.RaftServer$Division (RaftServerImpl.java:requestVote(1078)) - 88d5b3ea-0504-4869-b217-dcc17ceadd97@group-B6675D5AA9D0 replies to ELECTION vote request: e54240a4-5fb6-4317-aa96-83a11ada3c80<-88d5b3ea-0504-4869-b217-dcc17ceadd97#0:OK-t7. Peer's state: 88d5b3ea-0504-4869-b217-dcc17ceadd97@group-B6675D5AA9D0:t7, leader=null, voted=e54240a4-5fb6-4317-aa96-83a11ada3c80, raftlog=88d5b3ea-0504-4869-b217-dcc17ceadd97@group-B6675D5AA9D0-SegmentedRaftLog:OPENED:c-1, conf=-1: [88d5b3ea-0504-4869-b217-dcc17ceadd97|rpc:10.1.0.33:46049|dataStream:|priority:0, e54240a4-5fb6-4317-aa96-83a11ada3c80|rpc:10.1.0.33:36367|dataStream:|priority:0, ca22b40f-bcca-4dce-b03d-42f8a600d1bd|rpc:10.1.0.33:43913|dataStream:|priority:1], old=null
2022-03-06 23:39:15,073 [e54240a4-5fb6-4317-aa96-83a11ada3c80@group-B6675D5AA9D0-LeaderElection30] INFO  impl.LeaderElection (LeaderElection.java:logAndReturn(89)) - e54240a4-5fb6-4317-aa96-83a11ada3c80@group-B6675D5AA9D0-LeaderElection30: ELECTION REJECTED received 2 response(s) and 0 exception(s):
2022-03-06 23:39:15,074 [e54240a4-5fb6-4317-aa96-83a11ada3c80@group-B6675D5AA9D0-LeaderElection30] INFO  impl.LeaderElection (LeaderElection.java:logAndReturn(93)) -   Response 0: e54240a4-5fb6-4317-aa96-83a11ada3c80<-88d5b3ea-0504-4869-b217-dcc17ceadd97#0:OK-t7
2022-03-06 23:39:15,074 [e54240a4-5fb6-4317-aa96-83a11ada3c80@group-B6675D5AA9D0-LeaderElection30] INFO  impl.LeaderElection (LeaderElection.java:logAndReturn(93)) -   Response 1: e54240a4-5fb6-4317-aa96-83a11ada3c80<-ca22b40f-bcca-4dce-b03d-42f8a600d1bd#0:FAIL-t7
2022-03-06 23:39:15,074 [e54240a4-5fb6-4317-aa96-83a11ada3c80@group-B6675D5AA9D0-LeaderElection30] INFO  impl.LeaderElection (LeaderElection.java:askForVotes(308)) - e54240a4-5fb6-4317-aa96-83a11ada3c80@group-B6675D5AA9D0-LeaderElection30 ELECTION round 0: result REJECTED
2022-03-06 23:39:15,074 [e54240a4-5fb6-4317-aa96-83a11ada3c80@group-B6675D5AA9D0-LeaderElection30] INFO  server.RaftServer$Division (RaftServerImpl.java:setRole(290)) - e54240a4-5fb6-4317-aa96-83a11ada3c80@group-B6675D5AA9D0: changes role from CANDIDATE to FOLLOWER at term 7 for REJECTED
2022-03-06 23:39:15,075 [e54240a4-5fb6-4317-aa96-83a11ada3c80@group-B6675D5AA9D0-LeaderElection30] INFO  impl.RoleInfo (RoleInfo.java:shutdownLeaderElection(121)) - e54240a4-5fb6-4317-aa96-83a11ada3c80: shutdown e54240a4-5fb6-4317-aa96-83a11ada3c80@group-B6675D5AA9D0-LeaderElection30
2022-03-06 23:39:15,075 [e54240a4-5fb6-4317-aa96-83a11ada3c80@group-B6675D5AA9D0-LeaderElection30] INFO  impl.RoleInfo (RoleInfo.java:updateAndGet(130)) - e54240a4-5fb6-4317-aa96-83a11ada3c80: start e54240a4-5fb6-4317-aa96-83a11ada3c80@group-B6675D5AA9D0-FollowerState
2022-03-06 23:39:15,075 [88d5b3ea-0504-4869-b217-dcc17ceadd97@group-B6675D5AA9D0-FollowerState] INFO  impl.FollowerState (FollowerState.java:run(143)) - 88d5b3ea-0504-4869-b217-dcc17ceadd97@group-B6675D5AA9D0-FollowerState was interrupted: {}
java.lang.InterruptedException: sleep interrupted
	at java.lang.Thread.sleep(Native Method)
	at java.lang.Thread.sleep(Thread.java:342)
	at java.util.concurrent.TimeUnit.sleep(TimeUnit.java:386)
	at org.apache.ratis.util.TimeDuration.sleep(TimeDuration.java:324)
	at org.apache.ratis.util.TimeDuration.sleep(TimeDuration.java:309)
	at org.apache.ratis.server.impl.FollowerState.run(FollowerState.java:118)
2022-03-06 23:39:15,649 [Listener at 127.0.0.1/33193] INFO  ozone.MiniOzoneClusterImpl (MiniOzoneClusterImpl.java:lambda$waitForClusterToBeReady$0(219)) - Nodes are ready. Got 3 of 3 DN Heartbeats.
2022-03-06 23:39:15,650 [Listener at 127.0.0.1/33193] INFO  ozone.MiniOzoneClusterImpl (MiniOzoneClusterImpl.java:lambda$waitForClusterToBeReady$0(222)) - Waiting for cluster to exit safe mode
2022-03-06 23:39:15,650 [Listener at 127.0.0.1/33193] INFO  ozone.MiniOzoneClusterImpl (MiniOzoneClusterImpl.java:lambda$waitForClusterToBeReady$0(224)) - SCM became leader
2022-03-06 23:39:16,650 [Listener at 127.0.0.1/33193] INFO  ozone.MiniOzoneClusterImpl (MiniOzoneClusterImpl.java:lambda$waitForClusterToBeReady$0(219)) - Nodes are ready. Got 3 of 3 DN Heartbeats.
2022-03-06 23:39:16,650 [Listener at 127.0.0.1/33193] INFO  ozone.MiniOzoneClusterImpl (MiniOzoneClusterImpl.java:lambda$waitForClusterToBeReady$0(222)) - Waiting for cluster to exit safe mode
2022-03-06 23:39:16,650 [Listener at 127.0.0.1/33193] INFO  ozone.MiniOzoneClusterImpl (MiniOzoneClusterImpl.java:lambda$waitForClusterToBeReady$0(224)) - SCM became leader
2022-03-06 23:39:17,650 [Listener at 127.0.0.1/33193] INFO  ozone.MiniOzoneClusterImpl (MiniOzoneClusterImpl.java:lambda$waitForClusterToBeReady$0(219)) - Nodes are ready. Got 3 of 3 DN Heartbeats.
2022-03-06 23:39:17,651 [Listener at 127.0.0.1/33193] INFO  ozone.MiniOzoneClusterImpl (MiniOzoneClusterImpl.java:lambda$waitForClusterToBeReady$0(222)) - Waiting for cluster to exit safe mode
2022-03-06 23:39:17,651 [Listener at 127.0.0.1/33193] INFO  ozone.MiniOzoneClusterImpl (MiniOzoneClusterImpl.java:lambda$waitForClusterToBeReady$0(224)) - SCM became leader
2022-03-06 23:39:18,651 [Listener at 127.0.0.1/33193] INFO  ozone.MiniOzoneClusterImpl (MiniOzoneClusterImpl.java:lambda$waitForClusterToBeReady$0(219)) - Nodes are ready. Got 3 of 3 DN Heartbeats.
2022-03-06 23:39:18,651 [Listener at 127.0.0.1/33193] INFO  ozone.MiniOzoneClusterImpl (MiniOzoneClusterImpl.java:lambda$waitForClusterToBeReady$0(222)) - Waiting for cluster to exit safe mode
2022-03-06 23:39:18,651 [Listener at 127.0.0.1/33193] INFO  ozone.MiniOzoneClusterImpl (MiniOzoneClusterImpl.java:lambda$waitForClusterToBeReady$0(224)) - SCM became leader
2022-03-06 23:39:19,651 [Listener at 127.0.0.1/33193] INFO  ozone.MiniOzoneClusterImpl (MiniOzoneClusterImpl.java:lambda$waitForClusterToBeReady$0(219)) - Nodes are ready. Got 3 of 3 DN Heartbeats.
2022-03-06 23:39:19,652 [Listener at 127.0.0.1/33193] INFO  ozone.MiniOzoneClusterImpl (MiniOzoneClusterImpl.java:lambda$waitForClusterToBeReady$0(222)) - Waiting for cluster to exit safe mode
2022-03-06 23:39:19,652 [Listener at 127.0.0.1/33193] INFO  ozone.MiniOzoneClusterImpl (MiniOzoneClusterImpl.java:lambda$waitForClusterToBeReady$0(224)) - SCM became leader
2022-03-06 23:39:20,132 [ca22b40f-bcca-4dce-b03d-42f8a600d1bd@group-B6675D5AA9D0-FollowerState] INFO  impl.FollowerState (FollowerState.java:run(134)) - ca22b40f-bcca-4dce-b03d-42f8a600d1bd@group-B6675D5AA9D0-FollowerState: change to CANDIDATE, lastRpcElapsedTime:5075105157ns, electionTimeout:5059ms
2022-03-06 23:39:20,132 [ca22b40f-bcca-4dce-b03d-42f8a600d1bd@group-B6675D5AA9D0-FollowerState] INFO  impl.RoleInfo (RoleInfo.java:shutdownFollowerState(108)) - ca22b40f-bcca-4dce-b03d-42f8a600d1bd: shutdown ca22b40f-bcca-4dce-b03d-42f8a600d1bd@group-B6675D5AA9D0-FollowerState
2022-03-06 23:39:20,132 [ca22b40f-bcca-4dce-b03d-42f8a600d1bd@group-B6675D5AA9D0-FollowerState] INFO  server.RaftServer$Division (RaftServerImpl.java:setRole(290)) - ca22b40f-bcca-4dce-b03d-42f8a600d1bd@group-B6675D5AA9D0: changes role from  FOLLOWER to CANDIDATE at term 7 for changeToCandidate
2022-03-06 23:39:20,132 [ca22b40f-bcca-4dce-b03d-42f8a600d1bd@group-B6675D5AA9D0-FollowerState] INFO  server.RaftServerConfigKeys (ConfUtils.java:logGet(44)) - raft.server.leaderelection.pre-vote = false (custom)
2022-03-06 23:39:20,132 [ca22b40f-bcca-4dce-b03d-42f8a600d1bd@group-B6675D5AA9D0-FollowerState] INFO  impl.RoleInfo (RoleInfo.java:updateAndGet(130)) - ca22b40f-bcca-4dce-b03d-42f8a600d1bd: start ca22b40f-bcca-4dce-b03d-42f8a600d1bd@group-B6675D5AA9D0-LeaderElection32
2022-03-06 23:39:20,142 [ca22b40f-bcca-4dce-b03d-42f8a600d1bd@group-B6675D5AA9D0-LeaderElection32] INFO  impl.LeaderElection (LeaderElection.java:askForVotes(306)) - ca22b40f-bcca-4dce-b03d-42f8a600d1bd@group-B6675D5AA9D0-LeaderElection32 ELECTION round 0: submit vote requests at term 8 for -1: [88d5b3ea-0504-4869-b217-dcc17ceadd97|rpc:10.1.0.33:46049|dataStream:|priority:0, e54240a4-5fb6-4317-aa96-83a11ada3c80|rpc:10.1.0.33:36367|dataStream:|priority:0, ca22b40f-bcca-4dce-b03d-42f8a600d1bd|rpc:10.1.0.33:43913|dataStream:|priority:1], old=null
2022-03-06 23:39:20,161 [grpc-default-executor-5] INFO  server.RaftServer$Division (RaftServerImpl.java:requestVote(1046)) - 88d5b3ea-0504-4869-b217-dcc17ceadd97@group-B6675D5AA9D0: receive requestVote(ELECTION, ca22b40f-bcca-4dce-b03d-42f8a600d1bd, group-B6675D5AA9D0, 8, (t:0, i:0))
2022-03-06 23:39:20,161 [grpc-default-executor-5] INFO  impl.VoteContext (VoteContext.java:log(48)) - 88d5b3ea-0504-4869-b217-dcc17ceadd97@group-B6675D5AA9D0-FOLLOWER: accept ELECTION from ca22b40f-bcca-4dce-b03d-42f8a600d1bd: our priority 0 <= candidate's priority 1
2022-03-06 23:39:20,161 [grpc-default-executor-5] INFO  server.RaftServer$Division (RaftServerImpl.java:setRole(290)) - 88d5b3ea-0504-4869-b217-dcc17ceadd97@group-B6675D5AA9D0: changes role from  FOLLOWER to FOLLOWER at term 8 for candidate:ca22b40f-bcca-4dce-b03d-42f8a600d1bd
2022-03-06 23:39:20,161 [grpc-default-executor-5] INFO  impl.RoleInfo (RoleInfo.java:shutdownFollowerState(108)) - 88d5b3ea-0504-4869-b217-dcc17ceadd97: shutdown 88d5b3ea-0504-4869-b217-dcc17ceadd97@group-B6675D5AA9D0-FollowerState
2022-03-06 23:39:20,161 [grpc-default-executor-5] INFO  impl.RoleInfo (RoleInfo.java:updateAndGet(130)) - 88d5b3ea-0504-4869-b217-dcc17ceadd97: start 88d5b3ea-0504-4869-b217-dcc17ceadd97@group-B6675D5AA9D0-FollowerState
2022-03-06 23:39:20,161 [88d5b3ea-0504-4869-b217-dcc17ceadd97@group-B6675D5AA9D0-FollowerState] INFO  impl.FollowerState (FollowerState.java:run(143)) - 88d5b3ea-0504-4869-b217-dcc17ceadd97@group-B6675D5AA9D0-FollowerState was interrupted: {}
java.lang.InterruptedException: sleep interrupted
	at java.lang.Thread.sleep(Native Method)
	at java.lang.Thread.sleep(Thread.java:342)
	at java.util.concurrent.TimeUnit.sleep(TimeUnit.java:386)
	at org.apache.ratis.util.TimeDuration.sleep(TimeDuration.java:324)
	at org.apache.ratis.util.TimeDuration.sleep(TimeDuration.java:309)
	at org.apache.ratis.server.impl.FollowerState.run(FollowerState.java:118)
2022-03-06 23:39:20,169 [grpc-default-executor-5] INFO  server.RaftServer$Division (RaftServerImpl.java:requestVote(1078)) - 88d5b3ea-0504-4869-b217-dcc17ceadd97@group-B6675D5AA9D0 replies to ELECTION vote request: ca22b40f-bcca-4dce-b03d-42f8a600d1bd<-88d5b3ea-0504-4869-b217-dcc17ceadd97#0:OK-t8. Peer's state: 88d5b3ea-0504-4869-b217-dcc17ceadd97@group-B6675D5AA9D0:t8, leader=null, voted=ca22b40f-bcca-4dce-b03d-42f8a600d1bd, raftlog=88d5b3ea-0504-4869-b217-dcc17ceadd97@group-B6675D5AA9D0-SegmentedRaftLog:OPENED:c-1, conf=-1: [88d5b3ea-0504-4869-b217-dcc17ceadd97|rpc:10.1.0.33:46049|dataStream:|priority:0, e54240a4-5fb6-4317-aa96-83a11ada3c80|rpc:10.1.0.33:36367|dataStream:|priority:0, ca22b40f-bcca-4dce-b03d-42f8a600d1bd|rpc:10.1.0.33:43913|dataStream:|priority:1], old=null
2022-03-06 23:39:20,172 [ca22b40f-bcca-4dce-b03d-42f8a600d1bd@group-B6675D5AA9D0-LeaderElection32] INFO  impl.LeaderElection (LeaderElection.java:logAndReturn(89)) - ca22b40f-bcca-4dce-b03d-42f8a600d1bd@group-B6675D5AA9D0-LeaderElection32: ELECTION PASSED received 1 response(s) and 0 exception(s):
2022-03-06 23:39:20,172 [ca22b40f-bcca-4dce-b03d-42f8a600d1bd@group-B6675D5AA9D0-LeaderElection32] INFO  impl.LeaderElection (LeaderElection.java:logAndReturn(93)) -   Response 0: ca22b40f-bcca-4dce-b03d-42f8a600d1bd<-88d5b3ea-0504-4869-b217-dcc17ceadd97#0:OK-t8
2022-03-06 23:39:20,172 [ca22b40f-bcca-4dce-b03d-42f8a600d1bd@group-B6675D5AA9D0-LeaderElection32] INFO  impl.LeaderElection (LeaderElection.java:askForVotes(308)) - ca22b40f-bcca-4dce-b03d-42f8a600d1bd@group-B6675D5AA9D0-LeaderElection32 ELECTION round 0: result PASSED
2022-03-06 23:39:20,172 [ca22b40f-bcca-4dce-b03d-42f8a600d1bd@group-B6675D5AA9D0-LeaderElection32] INFO  impl.RoleInfo (RoleInfo.java:shutdownLeaderElection(121)) - ca22b40f-bcca-4dce-b03d-42f8a600d1bd: shutdown ca22b40f-bcca-4dce-b03d-42f8a600d1bd@group-B6675D5AA9D0-LeaderElection32
2022-03-06 23:39:20,172 [ca22b40f-bcca-4dce-b03d-42f8a600d1bd@group-B6675D5AA9D0-LeaderElection32] INFO  server.RaftServer$Division (RaftServerImpl.java:setRole(290)) - ca22b40f-bcca-4dce-b03d-42f8a600d1bd@group-B6675D5AA9D0: changes role from CANDIDATE to LEADER at term 8 for changeToLeader
2022-03-06 23:39:20,172 [ca22b40f-bcca-4dce-b03d-42f8a600d1bd@group-B6675D5AA9D0-LeaderElection32] INFO  ratis.XceiverServerRatis (XceiverServerRatis.java:handleLeaderChangedNotification(867)) - Leader change notification received for group: group-B6675D5AA9D0 with new leaderId: ca22b40f-bcca-4dce-b03d-42f8a600d1bd
2022-03-06 23:39:20,172 [ca22b40f-bcca-4dce-b03d-42f8a600d1bd@group-B6675D5AA9D0-LeaderElection32] INFO  server.RaftServer$Division (ServerState.java:setLeader(285)) - ca22b40f-bcca-4dce-b03d-42f8a600d1bd@group-B6675D5AA9D0: change Leader from null to ca22b40f-bcca-4dce-b03d-42f8a600d1bd at term 8 for becomeLeader, leader elected after 41400ms
2022-03-06 23:39:20,172 [ca22b40f-bcca-4dce-b03d-42f8a600d1bd@group-B6675D5AA9D0-LeaderElection32] INFO  server.RaftServerConfigKeys (ConfUtils.java:logGet(44)) - raft.server.staging.catchup.gap = 1000 (default)
2022-03-06 23:39:20,172 [ca22b40f-bcca-4dce-b03d-42f8a600d1bd@group-B6675D5AA9D0-LeaderElection32] INFO  server.RaftServerConfigKeys (ConfUtils.java:logGet(44)) - raft.server.write.element-limit = 1024 (custom)
2022-03-06 23:39:20,172 [ca22b40f-bcca-4dce-b03d-42f8a600d1bd@group-B6675D5AA9D0-LeaderElection32] INFO  server.RaftServerConfigKeys (ConfUtils.java:logGet(44)) - raft.server.write.byte-limit = 1024 M (=1073741824) (custom)
2022-03-06 23:39:20,173 [ca22b40f-bcca-4dce-b03d-42f8a600d1bd@group-B6675D5AA9D0-LeaderElection32] INFO  server.RaftServerConfigKeys (ConfUtils.java:logGet(44)) - raft.server.watch.timeout = 180s (custom)
2022-03-06 23:39:20,173 [ca22b40f-bcca-4dce-b03d-42f8a600d1bd@group-B6675D5AA9D0-LeaderElection32] INFO  server.RaftServerConfigKeys (ConfUtils.java:logGet(44)) - raft.server.watch.timeout.denomination = 1s (default)
2022-03-06 23:39:20,173 [ca22b40f-bcca-4dce-b03d-42f8a600d1bd@group-B6675D5AA9D0-LeaderElection32] INFO  server.RaftServerConfigKeys (ConfUtils.java:logGet(44)) - raft.server.watch.element-limit = 65536 (default)
2022-03-06 23:39:20,173 [ca22b40f-bcca-4dce-b03d-42f8a600d1bd@group-B6675D5AA9D0-LeaderElection32] INFO  server.RaftServerConfigKeys (ConfUtils.java:logGet(44)) - raft.server.write.element-limit = 1024 (custom)
2022-03-06 23:39:20,173 [ca22b40f-bcca-4dce-b03d-42f8a600d1bd@group-B6675D5AA9D0-LeaderElection32] INFO  server.RaftServerConfigKeys (ConfUtils.java:logGet(44)) - raft.server.write.follower.gap.ratio.max = -1.0 (default)
2022-03-06 23:39:20,173 [ca22b40f-bcca-4dce-b03d-42f8a600d1bd@group-B6675D5AA9D0-LeaderElection32] INFO  server.RaftServerConfigKeys (ConfUtils.java:logGet(44)) - raft.server.log.appender.snapshot.chunk.size.max = 16MB (=16777216) (default)
2022-03-06 23:39:20,173 [ca22b40f-bcca-4dce-b03d-42f8a600d1bd@group-B6675D5AA9D0-LeaderElection32] INFO  server.RaftServerConfigKeys (ConfUtils.java:logGet(44)) - raft.server.log.appender.buffer.byte-limit = 33554432 (custom)
2022-03-06 23:39:20,173 [ca22b40f-bcca-4dce-b03d-42f8a600d1bd@group-B6675D5AA9D0-LeaderElection32] INFO  server.RaftServerConfigKeys (ConfUtils.java:logGet(44)) - raft.server.log.appender.buffer.element-limit = 1 (custom)
2022-03-06 23:39:20,173 [ca22b40f-bcca-4dce-b03d-42f8a600d1bd@group-B6675D5AA9D0-LeaderElection32] INFO  grpc.GrpcConfigKeys (ConfUtils.java:logGet(44)) - raft.grpc.server.leader.outstanding.appends.max = 128 (default)
2022-03-06 23:39:20,173 [ca22b40f-bcca-4dce-b03d-42f8a600d1bd@group-B6675D5AA9D0-LeaderElection32] INFO  server.RaftServerConfigKeys (ConfUtils.java:logGet(44)) - raft.server.rpc.request.timeout = 60s (custom)
2022-03-06 23:39:20,173 [ca22b40f-bcca-4dce-b03d-42f8a600d1bd@group-B6675D5AA9D0-LeaderElection32] INFO  server.RaftServerConfigKeys (ConfUtils.java:logGet(44)) - raft.server.log.appender.install.snapshot.enabled = false (custom)
2022-03-06 23:39:20,175 [EventQueue-PipelineReportForPipelineReportHandler] INFO  pipeline.PipelineManagerImpl (PipelineManagerImpl.java:openPipeline(291)) - Pipeline Pipeline[ Id: b69523d4-54f5-4a15-9e9f-b6675d5aa9d0, Nodes: ca22b40f-bcca-4dce-b03d-42f8a600d1bd{ip: 10.1.0.33, host: fv-az148-899.bm4ck3pvxvsene1rjriu5fhcdb.bx.internal.cloudapp.net, ports: [REPLICATION=35155, RATIS=43913, RATIS_ADMIN=43913, RATIS_SERVER=43913, STANDALONE=34671], networkLocation: /default-rack, certSerialId: null, persistedOpState: IN_SERVICE, persistedOpStateExpiryEpochSec: 0}e54240a4-5fb6-4317-aa96-83a11ada3c80{ip: 10.1.0.33, host: fv-az148-899.bm4ck3pvxvsene1rjriu5fhcdb.bx.internal.cloudapp.net, ports: [REPLICATION=33895, RATIS=36367, RATIS_ADMIN=36367, RATIS_SERVER=36367, STANDALONE=41461], networkLocation: /default-rack, certSerialId: null, persistedOpState: IN_SERVICE, persistedOpStateExpiryEpochSec: 0}88d5b3ea-0504-4869-b217-dcc17ceadd97{ip: 10.1.0.33, host: fv-az148-899.bm4ck3pvxvsene1rjriu5fhcdb.bx.internal.cloudapp.net, ports: [REPLICATION=35091, RATIS=46049, RATIS_ADMIN=46049, RATIS_SERVER=46049, STANDALONE=38941], networkLocation: /default-rack, certSerialId: null, persistedOpState: IN_SERVICE, persistedOpStateExpiryEpochSec: 0}, ReplicationConfig: RATIS/THREE, State:ALLOCATED, leaderId:ca22b40f-bcca-4dce-b03d-42f8a600d1bd, CreationTimestamp2022-03-06T23:38:36.636Z[Etc/UTC]] moved to OPEN state
2022-03-06 23:39:20,177 [ca22b40f-bcca-4dce-b03d-42f8a600d1bd@group-B6675D5AA9D0-LeaderElection32] INFO  server.RaftServerConfigKeys (ConfUtils.java:logGet(44)) - raft.server.log.appender.snapshot.chunk.size.max = 16MB (=16777216) (default)
2022-03-06 23:39:20,179 [ca22b40f-bcca-4dce-b03d-42f8a600d1bd@group-B6675D5AA9D0-LeaderElection32] INFO  server.RaftServerConfigKeys (ConfUtils.java:logGet(44)) - raft.server.log.appender.buffer.byte-limit = 33554432 (custom)
2022-03-06 23:39:20,179 [ca22b40f-bcca-4dce-b03d-42f8a600d1bd@group-B6675D5AA9D0-LeaderElection32] INFO  server.RaftServerConfigKeys (ConfUtils.java:logGet(44)) - raft.server.log.appender.buffer.element-limit = 1 (custom)
2022-03-06 23:39:20,179 [ca22b40f-bcca-4dce-b03d-42f8a600d1bd@group-B6675D5AA9D0-LeaderElection32] INFO  grpc.GrpcConfigKeys (ConfUtils.java:logGet(44)) - raft.grpc.server.leader.outstanding.appends.max = 128 (default)
2022-03-06 23:39:20,180 [ca22b40f-bcca-4dce-b03d-42f8a600d1bd@group-B6675D5AA9D0-LeaderElection32] INFO  server.RaftServerConfigKeys (ConfUtils.java:logGet(44)) - raft.server.rpc.request.timeout = 60s (custom)
2022-03-06 23:39:20,180 [ca22b40f-bcca-4dce-b03d-42f8a600d1bd@group-B6675D5AA9D0-LeaderElection32] INFO  server.RaftServerConfigKeys (ConfUtils.java:logGet(44)) - raft.server.log.appender.install.snapshot.enabled = false (custom)
2022-03-06 23:39:20,180 [ca22b40f-bcca-4dce-b03d-42f8a600d1bd@group-B6675D5AA9D0-LeaderElection32] INFO  impl.RoleInfo (RoleInfo.java:updateAndGet(130)) - ca22b40f-bcca-4dce-b03d-42f8a600d1bd: start ca22b40f-bcca-4dce-b03d-42f8a600d1bd@group-B6675D5AA9D0-LeaderStateImpl
2022-03-06 23:39:20,181 [6e71cd40-ad6e-421f-b1db-df6cb86c3193@group-49B527ACBB1B-StateMachineUpdater] INFO  safemode.HealthyPipelineSafeModeRule (HealthyPipelineSafeModeRule.java:initializeRule(152)) - Refreshed total pipeline count is 1, healthy pipeline threshold count is 1
2022-03-06 23:39:20,181 [ca22b40f-bcca-4dce-b03d-42f8a600d1bd@group-B6675D5AA9D0-LeaderElection32] INFO  segmented.SegmentedRaftLogWorker (SegmentedRaftLogWorker.java:startLogSegment(394)) - ca22b40f-bcca-4dce-b03d-42f8a600d1bd@group-B6675D5AA9D0-SegmentedRaftLogWorker: Starting segment from index:0
2022-03-06 23:39:20,182 [EventQueue-OpenPipelineForHealthyPipelineSafeModeRule] INFO  safemode.SCMSafeModeManager (HealthyPipelineSafeModeRule.java:process(124)) - SCM in safe mode. Healthy pipelines reported count is 1, required healthy pipeline reported count is 1
2022-03-06 23:39:20,183 [EventQueue-OpenPipelineForHealthyPipelineSafeModeRule] INFO  safemode.SCMSafeModeManager (SCMSafeModeManager.java:validateSafeModeExitRules(204)) - HealthyPipelineSafeModeRule rule is successfully validated
2022-03-06 23:39:20,183 [EventQueue-OpenPipelineForHealthyPipelineSafeModeRule] INFO  safemode.SCMSafeModeManager (SCMSafeModeManager.java:validateSafeModeExitRules(219)) - ScmSafeModeManager, all rules are successfully validated
2022-03-06 23:39:20,183 [EventQueue-OpenPipelineForHealthyPipelineSafeModeRule] INFO  safemode.SCMSafeModeManager (SCMSafeModeManager.java:exitSafeMode(248)) - SCM exiting safe mode.
2022-03-06 23:39:20,183 [EventQueue-OpenPipelineForHealthyPipelineSafeModeRule] WARN  events.EventQueue (EventQueue.java:fireEvent(194)) - No event handler registered for event TypedEvent{payloadType=SafeModeStatus, name='Safe mode status'}
2022-03-06 23:39:20,183 [EventQueue-OpenPipelineForHealthyPipelineSafeModeRule] INFO  ha.SCMContext (SCMContext.java:updateSafeModeStatus(211)) - Update SafeModeStatus from SafeModeStatus{safeModeStatus=true, preCheckPassed=true} to SafeModeStatus{safeModeStatus=false, preCheckPassed=true}.
2022-03-06 23:39:20,183 [EventQueue-OpenPipelineForHealthyPipelineSafeModeRule] INFO  container.ReplicationManager (ReplicationManager.java:notifyStatusChanged(1807)) - Service ReplicationManager transitions to RUNNING.
2022-03-06 23:39:20,184 [ca22b40f-bcca-4dce-b03d-42f8a600d1bd@group-B6675D5AA9D0-SegmentedRaftLogWorker] INFO  segmented.SegmentedRaftLogWorker (SegmentedRaftLogWorker.java:execute(601)) - ca22b40f-bcca-4dce-b03d-42f8a600d1bd@group-B6675D5AA9D0-SegmentedRaftLogWorker: created new log segment /home/runner/work/ozone/ozone/hadoop-ozone/integration-test/target/test-dir/MiniOzoneClusterImpl-1620ac7c-bf10-4486-a396-49b527acbb1b/datanode-2/data/ratis/b69523d4-54f5-4a15-9e9f-b6675d5aa9d0/current/log_inprogress_0
2022-03-06 23:39:20,214 [ca22b40f-bcca-4dce-b03d-42f8a600d1bd@group-B6675D5AA9D0-LeaderElection32] INFO  server.RaftServer$Division (ServerState.java:setRaftConf(387)) - ca22b40f-bcca-4dce-b03d-42f8a600d1bd@group-B6675D5AA9D0: set configuration 0: [88d5b3ea-0504-4869-b217-dcc17ceadd97|rpc:10.1.0.33:46049|dataStream:|priority:0, e54240a4-5fb6-4317-aa96-83a11ada3c80|rpc:10.1.0.33:36367|dataStream:|priority:0, ca22b40f-bcca-4dce-b03d-42f8a600d1bd|rpc:10.1.0.33:43913|dataStream:|priority:1], old=null
2022-03-06 23:39:20,223 [grpc-default-executor-5] INFO  server.RaftServer$Division (RaftServerImpl.java:requestVote(1046)) - e54240a4-5fb6-4317-aa96-83a11ada3c80@group-B6675D5AA9D0: receive requestVote(ELECTION, ca22b40f-bcca-4dce-b03d-42f8a600d1bd, group-B6675D5AA9D0, 8, (t:0, i:0))
2022-03-06 23:39:20,224 [grpc-default-executor-3] INFO  ratis.XceiverServerRatis (XceiverServerRatis.java:handleLeaderChangedNotification(867)) - Leader change notification received for group: group-B6675D5AA9D0 with new leaderId: ca22b40f-bcca-4dce-b03d-42f8a600d1bd
2022-03-06 23:39:20,224 [grpc-default-executor-3] INFO  server.RaftServer$Division (ServerState.java:setLeader(285)) - 88d5b3ea-0504-4869-b217-dcc17ceadd97@group-B6675D5AA9D0: change Leader from null to ca22b40f-bcca-4dce-b03d-42f8a600d1bd at term 8 for appendEntries, leader elected after 41283ms
2022-03-06 23:39:20,236 [grpc-default-executor-3] INFO  server.RaftServer$Division (ServerState.java:setRaftConf(387)) - 88d5b3ea-0504-4869-b217-dcc17ceadd97@group-B6675D5AA9D0: set configuration 0: [88d5b3ea-0504-4869-b217-dcc17ceadd97|rpc:10.1.0.33:46049|dataStream:|priority:0, e54240a4-5fb6-4317-aa96-83a11ada3c80|rpc:10.1.0.33:36367|dataStream:|priority:0, ca22b40f-bcca-4dce-b03d-42f8a600d1bd|rpc:10.1.0.33:43913|dataStream:|priority:1], old=null
2022-03-06 23:39:20,236 [grpc-default-executor-3] INFO  segmented.SegmentedRaftLogWorker (SegmentedRaftLogWorker.java:startLogSegment(394)) - 88d5b3ea-0504-4869-b217-dcc17ceadd97@group-B6675D5AA9D0-SegmentedRaftLogWorker: Starting segment from index:0
2022-03-06 23:39:20,237 [grpc-default-executor-4] INFO  ratis.XceiverServerRatis (XceiverServerRatis.java:handleLeaderChangedNotification(867)) - Leader change notification received for group: group-B6675D5AA9D0 with new leaderId: ca22b40f-bcca-4dce-b03d-42f8a600d1bd
2022-03-06 23:39:20,237 [grpc-default-executor-4] INFO  server.RaftServer$Division (ServerState.java:setLeader(285)) - e54240a4-5fb6-4317-aa96-83a11ada3c80@group-B6675D5AA9D0: change Leader from null to ca22b40f-bcca-4dce-b03d-42f8a600d1bd at term 8 for appendEntries, leader elected after 41589ms
2022-03-06 23:39:20,238 [grpc-default-executor-5] INFO  impl.VoteContext (VoteContext.java:log(48)) - e54240a4-5fb6-4317-aa96-83a11ada3c80@group-B6675D5AA9D0-FOLLOWER: reject ELECTION from ca22b40f-bcca-4dce-b03d-42f8a600d1bd: this server is a follower and still has a valid leader ca22b40f-bcca-4dce-b03d-42f8a600d1bd
2022-03-06 23:39:20,238 [grpc-default-executor-5] INFO  server.RaftServer$Division (RaftServerImpl.java:requestVote(1078)) - e54240a4-5fb6-4317-aa96-83a11ada3c80@group-B6675D5AA9D0 replies to ELECTION vote request: ca22b40f-bcca-4dce-b03d-42f8a600d1bd<-e54240a4-5fb6-4317-aa96-83a11ada3c80#0:FAIL-t8. Peer's state: e54240a4-5fb6-4317-aa96-83a11ada3c80@group-B6675D5AA9D0:t8, leader=ca22b40f-bcca-4dce-b03d-42f8a600d1bd, voted=null, raftlog=e54240a4-5fb6-4317-aa96-83a11ada3c80@group-B6675D5AA9D0-SegmentedRaftLog:OPENED:c-1, conf=-1: [88d5b3ea-0504-4869-b217-dcc17ceadd97|rpc:10.1.0.33:46049|priority:0, e54240a4-5fb6-4317-aa96-83a11ada3c80|rpc:10.1.0.33:36367|priority:0, ca22b40f-bcca-4dce-b03d-42f8a600d1bd|rpc:10.1.0.33:43913|priority:1], old=null
2022-03-06 23:39:20,239 [88d5b3ea-0504-4869-b217-dcc17ceadd97@group-B6675D5AA9D0-SegmentedRaftLogWorker] INFO  segmented.SegmentedRaftLogWorker (SegmentedRaftLogWorker.java:execute(601)) - 88d5b3ea-0504-4869-b217-dcc17ceadd97@group-B6675D5AA9D0-SegmentedRaftLogWorker: created new log segment /home/runner/work/ozone/ozone/hadoop-ozone/integration-test/target/test-dir/MiniOzoneClusterImpl-1620ac7c-bf10-4486-a396-49b527acbb1b/datanode-1/data/ratis/b69523d4-54f5-4a15-9e9f-b6675d5aa9d0/current/log_inprogress_0
2022-03-06 23:39:20,242 [grpc-default-executor-5] INFO  server.RaftServer$Division (ServerState.java:setRaftConf(387)) - e54240a4-5fb6-4317-aa96-83a11ada3c80@group-B6675D5AA9D0: set configuration 0: [88d5b3ea-0504-4869-b217-dcc17ceadd97|rpc:10.1.0.33:46049|dataStream:|priority:0, e54240a4-5fb6-4317-aa96-83a11ada3c80|rpc:10.1.0.33:36367|dataStream:|priority:0, ca22b40f-bcca-4dce-b03d-42f8a600d1bd|rpc:10.1.0.33:43913|dataStream:|priority:1], old=null
2022-03-06 23:39:20,242 [grpc-default-executor-5] INFO  segmented.SegmentedRaftLogWorker (SegmentedRaftLogWorker.java:startLogSegment(394)) - e54240a4-5fb6-4317-aa96-83a11ada3c80@group-B6675D5AA9D0-SegmentedRaftLogWorker: Starting segment from index:0
2022-03-06 23:39:20,244 [e54240a4-5fb6-4317-aa96-83a11ada3c80@group-B6675D5AA9D0-SegmentedRaftLogWorker] INFO  segmented.SegmentedRaftLogWorker (SegmentedRaftLogWorker.java:execute(601)) - e54240a4-5fb6-4317-aa96-83a11ada3c80@group-B6675D5AA9D0-SegmentedRaftLogWorker: created new log segment /home/runner/work/ozone/ozone/hadoop-ozone/integration-test/target/test-dir/MiniOzoneClusterImpl-1620ac7c-bf10-4486-a396-49b527acbb1b/datanode-0/data/ratis/b69523d4-54f5-4a15-9e9f-b6675d5aa9d0/current/log_inprogress_0
2022-03-06 23:39:20,652 [Listener at 127.0.0.1/33193] INFO  ozone.MiniOzoneClusterImpl (MiniOzoneClusterImpl.java:lambda$waitForClusterToBeReady$0(219)) - Nodes are ready. Got 3 of 3 DN Heartbeats.
2022-03-06 23:39:20,652 [Listener at 127.0.0.1/33193] INFO  ozone.MiniOzoneClusterImpl (MiniOzoneClusterImpl.java:lambda$waitForClusterToBeReady$0(222)) - Cluster exits safe mode
2022-03-06 23:39:20,652 [Listener at 127.0.0.1/33193] INFO  ozone.MiniOzoneClusterImpl (MiniOzoneClusterImpl.java:lambda$waitForClusterToBeReady$0(224)) - SCM became leader
2022-03-06 23:39:20,652 [Listener at 127.0.0.1/33193] INFO  server.StorageContainerManager (StorageContainerManager.java:stop(1414)) - Stopping Container Balancer service.
2022-03-06 23:39:20,652 [Listener at 127.0.0.1/33193] INFO  balancer.ContainerBalancer (ContainerBalancer.java:stop(788)) - Container Balancer is not running.
2022-03-06 23:39:20,652 [Listener at 127.0.0.1/33193] INFO  server.StorageContainerManager (StorageContainerManager.java:stop(1421)) - Stopping Replication Manager Service.
2022-03-06 23:39:20,652 [Listener at 127.0.0.1/33193] INFO  container.ReplicationManager (ReplicationManager.java:stop(357)) - Stopping Replication Monitor Thread.
2022-03-06 23:39:20,652 [Listener at 127.0.0.1/33193] INFO  server.StorageContainerManager (StorageContainerManager.java:stop(1428)) - Stopping the Datanode Admin Monitor.
2022-03-06 23:39:20,653 [Listener at 127.0.0.1/33193] INFO  server.StorageContainerManager (StorageContainerManager.java:stop(1435)) - Stopping Lease Manager of the command watchers
2022-03-06 23:39:20,653 [Listener at 127.0.0.1/33193] INFO  server.StorageContainerManager (StorageContainerManager.java:stop(1442)) - Stopping datanode service RPC server
2022-03-06 23:39:20,653 [Listener at 127.0.0.1/33193] INFO  server.SCMDatanodeProtocolServer (SCMDatanodeProtocolServer.java:stop(400)) - Stopping the RPC server for DataNodes
2022-03-06 23:39:20,653 [Listener at 127.0.0.1/33193] INFO  ipc.Server (Server.java:stop(3414)) - Stopping server on 33845
2022-03-06 23:39:20,663 [IPC Server listener on 0] INFO  ipc.Server (Server.java:run(1376)) - Stopping IPC Server listener on 0
2022-03-06 23:39:20,663 [IPC Server Responder] INFO  ipc.Server (Server.java:run(1512)) - Stopping IPC Server Responder
2022-03-06 23:39:20,744 [SCM Heartbeat Processing Thread - 0] WARN  node.NodeStateManager (NodeStateManager.java:scheduleNextHealthCheck(815)) - Current Thread is interrupted, shutting down HB processing thread for Node Manager.
2022-03-06 23:39:20,745 [Listener at 127.0.0.1/33193] INFO  server.StorageContainerManager (StorageContainerManager.java:stop(1450)) - Stopping block service RPC server
2022-03-06 23:39:20,745 [Listener at 127.0.0.1/33193] INFO  server.SCMBlockProtocolServer (SCMBlockProtocolServer.java:stop(160)) - Stopping the RPC server for Block Protocol
2022-03-06 23:39:20,745 [Listener at 127.0.0.1/33193] INFO  ipc.Server (Server.java:stop(3414)) - Stopping server on 44023
2022-03-06 23:39:20,747 [IPC Server listener on 0] INFO  ipc.Server (Server.java:run(1376)) - Stopping IPC Server listener on 0
2022-03-06 23:39:20,748 [IPC Server Responder] INFO  ipc.Server (Server.java:run(1512)) - Stopping IPC Server Responder
2022-03-06 23:39:20,748 [Listener at 127.0.0.1/33193] INFO  server.StorageContainerManager (StorageContainerManager.java:stop(1457)) - Stopping the StorageContainerLocationProtocol RPC server
2022-03-06 23:39:20,748 [Listener at 127.0.0.1/33193] INFO  server.SCMClientProtocolServer (SCMClientProtocolServer.java:stop(174)) - Stopping the RPC server for Client Protocol
2022-03-06 23:39:20,748 [Listener at 127.0.0.1/33193] INFO  ipc.Server (Server.java:stop(3414)) - Stopping server on 36201
2022-03-06 23:39:20,753 [IPC Server listener on 0] INFO  ipc.Server (Server.java:run(1376)) - Stopping IPC Server listener on 0
2022-03-06 23:39:20,753 [Listener at 127.0.0.1/33193] INFO  server.StorageContainerManager (StorageContainerManager.java:stop(1464)) - Stopping Storage Container Manager HTTP server.
2022-03-06 23:39:20,753 [IPC Server Responder] INFO  ipc.Server (Server.java:run(1512)) - Stopping IPC Server Responder
2022-03-06 23:39:20,756 [Listener at 127.0.0.1/33193] INFO  handler.ContextHandler (ContextHandler.java:doStop(1153)) - Stopped o.e.j.w.WebAppContext@5d396341{scm,/,null,STOPPED}{file:/home/runner/work/ozone/ozone/hadoop-ozone/integration-test/target/test-classes/webapps/scm}
2022-03-06 23:39:20,757 [Listener at 127.0.0.1/33193] INFO  server.AbstractConnector (AbstractConnector.java:doStop(381)) - Stopped ServerConnector@21ea52b1{HTTP/1.1, (http/1.1)}{0.0.0.0:0}
2022-03-06 23:39:20,757 [Listener at 127.0.0.1/33193] INFO  server.session (HouseKeeper.java:stopScavenging(149)) - node0 Stopped scavenging
2022-03-06 23:39:20,757 [Listener at 127.0.0.1/33193] INFO  handler.ContextHandler (ContextHandler.java:doStop(1153)) - Stopped o.e.j.s.ServletContextHandler@3d331a61{static,/static,file:///home/runner/work/ozone/ozone/hadoop-ozone/integration-test/target/test-classes/webapps/static,STOPPED}
2022-03-06 23:39:20,757 [Listener at 127.0.0.1/33193] INFO  handler.ContextHandler (ContextHandler.java:doStop(1153)) - Stopped o.e.j.s.ServletContextHandler@5a44711f{logs,/logs,file:///home/runner/work/ozone/ozone/hadoop-ozone/integration-test/target/log,STOPPED}
2022-03-06 23:39:20,758 [Listener at 127.0.0.1/33193] INFO  server.StorageContainerManager (StorageContainerManager.java:stop(1475)) - Stopping Block Manager Service.
2022-03-06 23:39:20,758 [Listener at 127.0.0.1/33193] INFO  utils.BackgroundService (BackgroundService.java:shutdown(132)) - Shutting down service SCMBlockDeletingService
2022-03-06 23:39:20,758 [Listener at 127.0.0.1/33193] INFO  utils.BackgroundService (BackgroundService.java:shutdown(132)) - Shutting down service SCMBlockDeletingService
2022-03-06 23:39:20,759 [Listener at 127.0.0.1/33193] INFO  server.StorageContainerManager (StorageContainerManager.java:stop(1502)) - Stopping SCM Event Queue.
2022-03-06 23:39:20,764 [Listener at 127.0.0.1/33193] INFO  server.StorageContainerManager (StorageContainerManager.java:stop(1513)) - Stopping SCM HA services.
2022-03-06 23:39:20,764 [Listener at 127.0.0.1/33193] INFO  ha.SCMRatisServerImpl (SCMRatisServerImpl.java:stop(236)) - stopping ratis server 0.0.0.0:9894
2022-03-06 23:39:20,764 [Listener at 127.0.0.1/33193] INFO  server.RaftServer (RaftServerProxy.java:lambda$close$6(391)) - 6e71cd40-ad6e-421f-b1db-df6cb86c3193: close
2022-03-06 23:39:20,764 [Listener at 127.0.0.1/33193] INFO  server.RaftServer$Division (RaftServerImpl.java:lambda$close$4(412)) - 6e71cd40-ad6e-421f-b1db-df6cb86c3193@group-49B527ACBB1B: shutdown
2022-03-06 23:39:20,765 [Listener at 127.0.0.1/33193] INFO  util.JmxRegister (JmxRegister.java:unregister(73)) - Successfully un-registered JMX Bean with object name Ratis:service=RaftServer,group=group-49B527ACBB1B,id=6e71cd40-ad6e-421f-b1db-df6cb86c3193
2022-03-06 23:39:20,765 [Listener at 127.0.0.1/33193] INFO  impl.RoleInfo (RoleInfo.java:shutdownLeaderState(91)) - 6e71cd40-ad6e-421f-b1db-df6cb86c3193: shutdown 6e71cd40-ad6e-421f-b1db-df6cb86c3193@group-49B527ACBB1B-LeaderStateImpl
2022-03-06 23:39:20,765 [Listener at 127.0.0.1/33193] INFO  impl.PendingRequests (PendingRequests.java:sendNotLeaderResponses(282)) - 6e71cd40-ad6e-421f-b1db-df6cb86c3193@group-49B527ACBB1B-PendingRequests: sendNotLeaderResponses
2022-03-06 23:39:20,765 [Listener at 127.0.0.1/33193] INFO  ha.SCMStateMachine (SCMStateMachine.java:notifyNotLeader(190)) - current leader SCM steps down.
2022-03-06 23:39:20,765 [Listener at 127.0.0.1/33193] INFO  ha.SCMContext (SCMContext.java:updateLeaderAndTerm(90)) - update <isLeader,term> from <true,2> to <false,0>
2022-03-06 23:39:20,765 [Listener at 127.0.0.1/33193] INFO  ha.SCMContext (SCMContext.java:updateLeaderAndTerm(97)) - update <isLeaderReady> from <false> to <false>
2022-03-06 23:39:20,768 [6e71cd40-ad6e-421f-b1db-df6cb86c3193@group-49B527ACBB1B-StateMachineUpdater] INFO  ha.SCMStateMachine (SCMStateMachine.java:takeSnapshot(297)) - Current Snapshot Index 18, takeSnapshot took 0 ms
2022-03-06 23:39:20,768 [6e71cd40-ad6e-421f-b1db-df6cb86c3193@group-49B527ACBB1B-StateMachineUpdater] INFO  impl.StateMachineUpdater (StateMachineUpdater.java:takeSnapshot(281)) - 6e71cd40-ad6e-421f-b1db-df6cb86c3193@group-49B527ACBB1B-StateMachineUpdater: Took a snapshot at index 18
2022-03-06 23:39:20,768 [6e71cd40-ad6e-421f-b1db-df6cb86c3193@group-49B527ACBB1B-StateMachineUpdater] INFO  impl.StateMachineUpdater (StateMachineUpdater.java:lambda$new$0(89)) - 6e71cd40-ad6e-421f-b1db-df6cb86c3193@group-49B527ACBB1B-StateMachineUpdater: snapshotIndex: updateIncreasingly -1 -> 18
2022-03-06 23:39:20,768 [Listener at 127.0.0.1/33193] INFO  impl.StateMachineUpdater (StateMachineUpdater.java:stopAndJoin(149)) - 6e71cd40-ad6e-421f-b1db-df6cb86c3193@group-49B527ACBB1B-StateMachineUpdater: set stopIndex = 18
2022-03-06 23:39:20,768 [Listener at 127.0.0.1/33193] INFO  server.RaftServer$Division (ServerState.java:close(419)) - 6e71cd40-ad6e-421f-b1db-df6cb86c3193@group-49B527ACBB1B: closes. applyIndex: 18
2022-03-06 23:39:20,769 [6e71cd40-ad6e-421f-b1db-df6cb86c3193@group-49B527ACBB1B-SegmentedRaftLogWorker] INFO  segmented.SegmentedRaftLogWorker (SegmentedRaftLogWorker.java:run(327)) - 6e71cd40-ad6e-421f-b1db-df6cb86c3193@group-49B527ACBB1B-SegmentedRaftLogWorker was interrupted, exiting. There are 0 tasks remaining in the queue.
2022-03-06 23:39:20,770 [Listener at 127.0.0.1/33193] INFO  segmented.SegmentedRaftLogWorker (SegmentedRaftLogWorker.java:close(237)) - 6e71cd40-ad6e-421f-b1db-df6cb86c3193@group-49B527ACBB1B-SegmentedRaftLogWorker close()
2022-03-06 23:39:20,792 [Listener at 127.0.0.1/33193] INFO  server.GrpcService (GrpcService.java:closeImpl(262)) - 6e71cd40-ad6e-421f-b1db-df6cb86c3193: shutdown server with port 9894 now
2022-03-06 23:39:20,797 [Listener at 127.0.0.1/33193] INFO  server.GrpcService (GrpcService.java:closeImpl(271)) - 6e71cd40-ad6e-421f-b1db-df6cb86c3193: shutdown server with port 9894 successfully
2022-03-06 23:39:20,798 [org.apache.ratis.util.JvmPauseMonitor$$Lambda$431/1941186180@24971f7c] INFO  util.JvmPauseMonitor (JvmPauseMonitor.java:run(109)) - JvmPauseMonitor-6e71cd40-ad6e-421f-b1db-df6cb86c3193: Stopped
2022-03-06 23:39:20,804 [Listener at 127.0.0.1/33193] INFO  pipeline.BackgroundPipelineCreator (BackgroundPipelineCreator.java:stop(158)) - Stopping RatisPipelineUtilsThread.
2022-03-06 23:39:20,804 [Listener at 127.0.0.1/33193] INFO  server.StorageContainerManager (StorageContainerManager.java:stop(1523)) - Stopping SCM MetadataStore.
2022-03-06 23:39:20,805 [Listener at 127.0.0.1/33193] INFO  impl.MetricsSystemImpl (MetricsSystemImpl.java:stop(210)) - Stopping HddsDatanode metrics system...
2022-03-06 23:39:20,822 [prometheus] INFO  impl.MetricsSinkAdapter (MetricsSinkAdapter.java:publishMetricsFromQueue(141)) - prometheus thread interrupted.
2022-03-06 23:39:20,822 [Listener at 127.0.0.1/33193] INFO  impl.MetricsSystemImpl (MetricsSystemImpl.java:stop(216)) - HddsDatanode metrics system stopped.
2022-03-06 23:39:21,176 [EndpointStateMachine task thread for /0.0.0.0:33845 - 0 ] WARN  statemachine.EndpointStateMachine (EndpointStateMachine.java:logIfNeeded(236)) - Unable to communicate to SCM server at 0.0.0.0:33845 for past 0 seconds.
java.io.EOFException: End of File Exception between local host is: "fv-az148-899/10.1.0.33"; destination host is: "0.0.0.0":33845; : java.io.EOFException; For more details see:  http://wiki.apache.org/hadoop/EOFException
	at sun.reflect.NativeConstructorAccessorImpl.newInstance0(Native Method)
	at sun.reflect.NativeConstructorAccessorImpl.newInstance(NativeConstructorAccessorImpl.java:62)
	at sun.reflect.DelegatingConstructorAccessorImpl.newInstance(DelegatingConstructorAccessorImpl.java:45)
	at java.lang.reflect.Constructor.newInstance(Constructor.java:423)
	at org.apache.hadoop.net.NetUtils.wrapWithMessage(NetUtils.java:913)
	at org.apache.hadoop.net.NetUtils.wrapException(NetUtils.java:862)
	at org.apache.hadoop.ipc.Client.getRpcResponse(Client.java:1577)
	at org.apache.hadoop.ipc.Client.call(Client.java:1519)
	at org.apache.hadoop.ipc.Client.call(Client.java:1416)
	at org.apache.hadoop.ipc.ProtobufRpcEngine$Invoker.invoke(ProtobufRpcEngine.java:236)
	at org.apache.hadoop.ipc.ProtobufRpcEngine$Invoker.invoke(ProtobufRpcEngine.java:123)
	at com.sun.proxy.$Proxy49.submitRequest(Unknown Source)
	at org.apache.hadoop.ozone.protocolPB.StorageContainerDatanodeProtocolClientSideTranslatorPB.submitRequest(StorageContainerDatanodeProtocolClientSideTranslatorPB.java:117)
	at org.apache.hadoop.ozone.protocolPB.StorageContainerDatanodeProtocolClientSideTranslatorPB.sendHeartbeat(StorageContainerDatanodeProtocolClientSideTranslatorPB.java:149)
	at org.apache.hadoop.ozone.container.common.states.endpoint.HeartbeatEndpointTask.call(HeartbeatEndpointTask.java:180)
	at org.apache.hadoop.ozone.container.common.states.endpoint.HeartbeatEndpointTask.call(HeartbeatEndpointTask.java:83)
	at java.util.concurrent.FutureTask.run(FutureTask.java:266)
	at java.util.concurrent.ThreadPoolExecutor.runWorker(ThreadPoolExecutor.java:1149)
	at java.util.concurrent.ThreadPoolExecutor$Worker.run(ThreadPoolExecutor.java:624)
	at java.lang.Thread.run(Thread.java:750)
Caused by: java.io.EOFException
	at java.io.DataInputStream.readInt(DataInputStream.java:392)
	at org.apache.hadoop.ipc.Client$IpcStreams.readResponse(Client.java:1892)
	at org.apache.hadoop.ipc.Client$Connection.receiveRpcResponse(Client.java:1202)
	at org.apache.hadoop.ipc.Client$Connection.run(Client.java:1098)
2022-03-06 23:39:22,270 [EndpointStateMachine task thread for /0.0.0.0:33845 - 0 ] INFO  ipc.Client (Client.java:handleConnectionFailure(977)) - Retrying connect to server: 0.0.0.0/0.0.0.0:33845. Already tried 0 time(s); retry policy is RetryUpToMaximumCountWithFixedSleep(maxRetries=15, sleepTime=1000 MILLISECONDS)
2022-03-06 23:39:23,271 [EndpointStateMachine task thread for /0.0.0.0:33845 - 0 ] INFO  ipc.Client (Client.java:handleConnectionFailure(977)) - Retrying connect to server: 0.0.0.0/0.0.0.0:33845. Already tried 1 time(s); retry policy is RetryUpToMaximumCountWithFixedSleep(maxRetries=15, sleepTime=1000 MILLISECONDS)
2022-03-06 23:39:23,272 [Datanode State Machine Daemon Thread] ERROR datanode.RunningDatanodeState (RunningDatanodeState.java:computeNextContainerState(201)) - Error in executing end point task.
java.util.concurrent.ExecutionException: java.util.concurrent.TimeoutException
	at java.util.concurrent.FutureTask.report(FutureTask.java:122)
	at java.util.concurrent.FutureTask.get(FutureTask.java:192)
	at org.apache.hadoop.ozone.container.common.states.datanode.RunningDatanodeState.computeNextContainerState(RunningDatanodeState.java:193)
	at org.apache.hadoop.ozone.container.common.states.datanode.RunningDatanodeState.await(RunningDatanodeState.java:233)
	at org.apache.hadoop.ozone.container.common.states.datanode.RunningDatanodeState.await(RunningDatanodeState.java:50)
	at org.apache.hadoop.ozone.container.common.statemachine.StateContext.execute(StateContext.java:658)
	at org.apache.hadoop.ozone.container.common.statemachine.DatanodeStateMachine.startStateMachineThread(DatanodeStateMachine.java:283)
	at org.apache.hadoop.ozone.container.common.statemachine.DatanodeStateMachine.lambda$startDaemon$0(DatanodeStateMachine.java:471)
	at java.lang.Thread.run(Thread.java:750)
Caused by: java.util.concurrent.TimeoutException
	at java.util.concurrent.FutureTask.get(FutureTask.java:205)
	at org.apache.hadoop.ozone.container.common.states.datanode.RunningDatanodeState.lambda$execute$0(RunningDatanodeState.java:151)
	at java.util.concurrent.FutureTask.run(FutureTask.java:266)
	at java.util.concurrent.Executors$RunnableAdapter.call(Executors.java:511)
	at java.util.concurrent.FutureTask.run(FutureTask.java:266)
	at java.util.concurrent.ThreadPoolExecutor.runWorker(ThreadPoolExecutor.java:1149)
	at java.util.concurrent.ThreadPoolExecutor$Worker.run(ThreadPoolExecutor.java:624)
	... 1 more
2022-03-06 23:39:24,276 [Datanode State Machine Daemon Thread] ERROR datanode.RunningDatanodeState (RunningDatanodeState.java:computeNextContainerState(201)) - Error in executing end point task.
java.util.concurrent.ExecutionException: java.util.concurrent.TimeoutException
	at java.util.concurrent.FutureTask.report(FutureTask.java:122)
	at java.util.concurrent.FutureTask.get(FutureTask.java:192)
	at org.apache.hadoop.ozone.container.common.states.datanode.RunningDatanodeState.computeNextContainerState(RunningDatanodeState.java:193)
	at org.apache.hadoop.ozone.container.common.states.datanode.RunningDatanodeState.await(RunningDatanodeState.java:233)
	at org.apache.hadoop.ozone.container.common.states.datanode.RunningDatanodeState.await(RunningDatanodeState.java:50)
	at org.apache.hadoop.ozone.container.common.statemachine.StateContext.execute(StateContext.java:658)
	at org.apache.hadoop.ozone.container.common.statemachine.DatanodeStateMachine.startStateMachineThread(DatanodeStateMachine.java:283)
	at org.apache.hadoop.ozone.container.common.statemachine.DatanodeStateMachine.lambda$startDaemon$0(DatanodeStateMachine.java:471)
	at java.lang.Thread.run(Thread.java:750)
Caused by: java.util.concurrent.TimeoutException
	at java.util.concurrent.FutureTask.get(FutureTask.java:205)
	at org.apache.hadoop.ozone.container.common.states.datanode.RunningDatanodeState.lambda$execute$0(RunningDatanodeState.java:151)
	at java.util.concurrent.FutureTask.run(FutureTask.java:266)
	at java.util.concurrent.Executors$RunnableAdapter.call(Executors.java:511)
	at java.util.concurrent.FutureTask.run(FutureTask.java:266)
	at java.util.concurrent.ThreadPoolExecutor.runWorker(ThreadPoolExecutor.java:1149)
	at java.util.concurrent.ThreadPoolExecutor$Worker.run(ThreadPoolExecutor.java:624)
	... 1 more
2022-03-06 23:39:24,282 [EndpointStateMachine task thread for /0.0.0.0:33845 - 0 ] INFO  ipc.Client (Client.java:handleConnectionFailure(977)) - Retrying connect to server: 0.0.0.0/0.0.0.0:33845. Already tried 2 time(s); retry policy is RetryUpToMaximumCountWithFixedSleep(maxRetries=15, sleepTime=1000 MILLISECONDS)
2022-03-06 23:39:25,283 [EndpointStateMachine task thread for /0.0.0.0:33845 - 0 ] INFO  ipc.Client (Client.java:handleConnectionFailure(977)) - Retrying connect to server: 0.0.0.0/0.0.0.0:33845. Already tried 3 time(s); retry policy is RetryUpToMaximumCountWithFixedSleep(maxRetries=15, sleepTime=1000 MILLISECONDS)
2022-03-06 23:39:25,822 [Listener at 127.0.0.1/33193] INFO  ozoneimpl.OzoneContainer (OzoneContainer.java:stop(356)) - Attempting to stop container services.
2022-03-06 23:39:25,823 [Listener at 127.0.0.1/33193] INFO  server.RaftServer (RaftServerProxy.java:lambda$close$6(391)) - e54240a4-5fb6-4317-aa96-83a11ada3c80: close
2022-03-06 23:39:25,829 [Listener at 127.0.0.1/33193] INFO  server.RaftServer$Division (RaftServerImpl.java:lambda$close$4(412)) - e54240a4-5fb6-4317-aa96-83a11ada3c80@group-B6675D5AA9D0: shutdown
2022-03-06 23:39:25,829 [Listener at 127.0.0.1/33193] INFO  util.JmxRegister (JmxRegister.java:unregister(73)) - Successfully un-registered JMX Bean with object name Ratis:service=RaftServer,group=group-B6675D5AA9D0,id=e54240a4-5fb6-4317-aa96-83a11ada3c80
2022-03-06 23:39:25,829 [Listener at 127.0.0.1/33193] INFO  impl.RoleInfo (RoleInfo.java:shutdownFollowerState(108)) - e54240a4-5fb6-4317-aa96-83a11ada3c80: shutdown e54240a4-5fb6-4317-aa96-83a11ada3c80@group-B6675D5AA9D0-FollowerState
2022-03-06 23:39:25,829 [Listener at 127.0.0.1/33193] INFO  impl.StateMachineUpdater (StateMachineUpdater.java:stopAndJoin(149)) - e54240a4-5fb6-4317-aa96-83a11ada3c80@group-B6675D5AA9D0-StateMachineUpdater: set stopIndex = 0
2022-03-06 23:39:25,829 [e54240a4-5fb6-4317-aa96-83a11ada3c80@group-B6675D5AA9D0-FollowerState] INFO  impl.FollowerState (FollowerState.java:run(143)) - e54240a4-5fb6-4317-aa96-83a11ada3c80@group-B6675D5AA9D0-FollowerState was interrupted: {}
java.lang.InterruptedException: sleep interrupted
	at java.lang.Thread.sleep(Native Method)
	at java.lang.Thread.sleep(Thread.java:342)
	at java.util.concurrent.TimeUnit.sleep(TimeUnit.java:386)
	at org.apache.ratis.util.TimeDuration.sleep(TimeDuration.java:324)
	at org.apache.ratis.util.TimeDuration.sleep(TimeDuration.java:309)
	at org.apache.ratis.server.impl.FollowerState.run(FollowerState.java:118)
2022-03-06 23:39:25,830 [e54240a4-5fb6-4317-aa96-83a11ada3c80@group-B6675D5AA9D0-StateMachineUpdater] INFO  ratis.ContainerStateMachine (ContainerStateMachine.java:takeSnapshot(304)) - group-B6675D5AA9D0: Taking a snapshot at:(t:8, i:0) file /home/runner/work/ozone/ozone/hadoop-ozone/integration-test/target/test-dir/MiniOzoneClusterImpl-1620ac7c-bf10-4486-a396-49b527acbb1b/datanode-0/data/ratis/b69523d4-54f5-4a15-9e9f-b6675d5aa9d0/sm/snapshot.8_0
2022-03-06 23:39:25,844 [e54240a4-5fb6-4317-aa96-83a11ada3c80@group-B6675D5AA9D0-StateMachineUpdater] INFO  ratis.ContainerStateMachine (ContainerStateMachine.java:takeSnapshot(315)) - group-B6675D5AA9D0: Finished taking a snapshot at:(t:8, i:0) file:/home/runner/work/ozone/ozone/hadoop-ozone/integration-test/target/test-dir/MiniOzoneClusterImpl-1620ac7c-bf10-4486-a396-49b527acbb1b/datanode-0/data/ratis/b69523d4-54f5-4a15-9e9f-b6675d5aa9d0/sm/snapshot.8_0 took: 14 ms
2022-03-06 23:39:25,844 [e54240a4-5fb6-4317-aa96-83a11ada3c80@group-B6675D5AA9D0-StateMachineUpdater] INFO  impl.StateMachineUpdater (StateMachineUpdater.java:takeSnapshot(281)) - e54240a4-5fb6-4317-aa96-83a11ada3c80@group-B6675D5AA9D0-StateMachineUpdater: Took a snapshot at index 0
2022-03-06 23:39:25,844 [e54240a4-5fb6-4317-aa96-83a11ada3c80@group-B6675D5AA9D0-StateMachineUpdater] INFO  impl.StateMachineUpdater (StateMachineUpdater.java:lambda$new$0(89)) - e54240a4-5fb6-4317-aa96-83a11ada3c80@group-B6675D5AA9D0-StateMachineUpdater: snapshotIndex: updateIncreasingly -1 -> 0
2022-03-06 23:39:25,845 [Listener at 127.0.0.1/33193] INFO  server.RaftServer$Division (ServerState.java:close(419)) - e54240a4-5fb6-4317-aa96-83a11ada3c80@group-B6675D5AA9D0: closes. applyIndex: 0
2022-03-06 23:39:25,846 [e54240a4-5fb6-4317-aa96-83a11ada3c80@group-B6675D5AA9D0-SegmentedRaftLogWorker] INFO  segmented.SegmentedRaftLogWorker (SegmentedRaftLogWorker.java:run(327)) - e54240a4-5fb6-4317-aa96-83a11ada3c80@group-B6675D5AA9D0-SegmentedRaftLogWorker was interrupted, exiting. There are 0 tasks remaining in the queue.
2022-03-06 23:39:25,847 [Listener at 127.0.0.1/33193] INFO  segmented.SegmentedRaftLogWorker (SegmentedRaftLogWorker.java:close(237)) - e54240a4-5fb6-4317-aa96-83a11ada3c80@group-B6675D5AA9D0-SegmentedRaftLogWorker close()
2022-03-06 23:39:25,852 [Listener at 127.0.0.1/33193] INFO  server.RaftServer$Division (RaftServerImpl.java:lambda$close$4(412)) - e54240a4-5fb6-4317-aa96-83a11ada3c80@group-238557DD44E8: shutdown
2022-03-06 23:39:25,853 [Listener at 127.0.0.1/33193] INFO  util.JmxRegister (JmxRegister.java:unregister(73)) - Successfully un-registered JMX Bean with object name Ratis:service=RaftServer,group=group-238557DD44E8,id=e54240a4-5fb6-4317-aa96-83a11ada3c80
2022-03-06 23:39:25,853 [Listener at 127.0.0.1/33193] INFO  impl.RoleInfo (RoleInfo.java:shutdownLeaderState(91)) - e54240a4-5fb6-4317-aa96-83a11ada3c80: shutdown e54240a4-5fb6-4317-aa96-83a11ada3c80@group-238557DD44E8-LeaderStateImpl
2022-03-06 23:39:25,853 [Listener at 127.0.0.1/33193] INFO  impl.PendingRequests (PendingRequests.java:sendNotLeaderResponses(282)) - e54240a4-5fb6-4317-aa96-83a11ada3c80@group-238557DD44E8-PendingRequests: sendNotLeaderResponses
2022-03-06 23:39:25,854 [Listener at 127.0.0.1/33193] INFO  impl.StateMachineUpdater (StateMachineUpdater.java:stopAndJoin(149)) - e54240a4-5fb6-4317-aa96-83a11ada3c80@group-238557DD44E8-StateMachineUpdater: set stopIndex = 0
2022-03-06 23:39:25,854 [e54240a4-5fb6-4317-aa96-83a11ada3c80@group-238557DD44E8-StateMachineUpdater] INFO  ratis.ContainerStateMachine (ContainerStateMachine.java:takeSnapshot(304)) - group-238557DD44E8: Taking a snapshot at:(t:1, i:0) file /home/runner/work/ozone/ozone/hadoop-ozone/integration-test/target/test-dir/MiniOzoneClusterImpl-1620ac7c-bf10-4486-a396-49b527acbb1b/datanode-0/data/ratis/5cac19ce-4728-4659-979d-238557dd44e8/sm/snapshot.1_0
2022-03-06 23:39:25,855 [e54240a4-5fb6-4317-aa96-83a11ada3c80@group-238557DD44E8-StateMachineUpdater] INFO  ratis.ContainerStateMachine (ContainerStateMachine.java:takeSnapshot(315)) - group-238557DD44E8: Finished taking a snapshot at:(t:1, i:0) file:/home/runner/work/ozone/ozone/hadoop-ozone/integration-test/target/test-dir/MiniOzoneClusterImpl-1620ac7c-bf10-4486-a396-49b527acbb1b/datanode-0/data/ratis/5cac19ce-4728-4659-979d-238557dd44e8/sm/snapshot.1_0 took: 1 ms
2022-03-06 23:39:25,855 [e54240a4-5fb6-4317-aa96-83a11ada3c80@group-238557DD44E8-StateMachineUpdater] INFO  impl.StateMachineUpdater (StateMachineUpdater.java:takeSnapshot(281)) - e54240a4-5fb6-4317-aa96-83a11ada3c80@group-238557DD44E8-StateMachineUpdater: Took a snapshot at index 0
2022-03-06 23:39:25,855 [e54240a4-5fb6-4317-aa96-83a11ada3c80@group-238557DD44E8-StateMachineUpdater] INFO  impl.StateMachineUpdater (StateMachineUpdater.java:lambda$new$0(89)) - e54240a4-5fb6-4317-aa96-83a11ada3c80@group-238557DD44E8-StateMachineUpdater: snapshotIndex: updateIncreasingly -1 -> 0
2022-03-06 23:39:25,855 [Listener at 127.0.0.1/33193] INFO  server.RaftServer$Division (ServerState.java:close(419)) - e54240a4-5fb6-4317-aa96-83a11ada3c80@group-238557DD44E8: closes. applyIndex: 0
2022-03-06 23:39:25,855 [e54240a4-5fb6-4317-aa96-83a11ada3c80@group-238557DD44E8-SegmentedRaftLogWorker] INFO  segmented.SegmentedRaftLogWorker (SegmentedRaftLogWorker.java:run(327)) - e54240a4-5fb6-4317-aa96-83a11ada3c80@group-238557DD44E8-SegmentedRaftLogWorker was interrupted, exiting. There are 0 tasks remaining in the queue.
2022-03-06 23:39:25,860 [Listener at 127.0.0.1/33193] INFO  segmented.SegmentedRaftLogWorker (SegmentedRaftLogWorker.java:close(237)) - e54240a4-5fb6-4317-aa96-83a11ada3c80@group-238557DD44E8-SegmentedRaftLogWorker close()
2022-03-06 23:39:25,865 [Listener at 127.0.0.1/33193] INFO  server.GrpcService (GrpcService.java:closeImpl(262)) - e54240a4-5fb6-4317-aa96-83a11ada3c80: shutdown server with port 36367 now
2022-03-06 23:39:25,869 [grpc-default-executor-4] WARN  server.GrpcServerProtocolService (LogUtils.java:warn(122)) - e54240a4-5fb6-4317-aa96-83a11ada3c80: installSnapshot onError, lastRequest: ca22b40f-bcca-4dce-b03d-42f8a600d1bd->e54240a4-5fb6-4317-aa96-83a11ada3c80#1-t8,previous=(t:0, i:0),leaderCommit=-1,initializing? true,entries: size=1, first=(t:8, i:0), CONFIGURATIONENTRY: org.apache.ratis.thirdparty.io.grpc.StatusRuntimeException: CANCELLED: client cancelled
2022-03-06 23:39:25,876 [grpc-default-executor-5] WARN  server.GrpcLogAppender (LogUtils.java:warn(122)) - ca22b40f-bcca-4dce-b03d-42f8a600d1bd@group-B6675D5AA9D0->e54240a4-5fb6-4317-aa96-83a11ada3c80-AppendLogResponseHandler: Failed appendEntries: org.apache.ratis.thirdparty.io.grpc.StatusRuntimeException: CANCELLED: HTTP/2 error code: CANCEL
Received Rst Stream
2022-03-06 23:39:25,876 [grpc-default-executor-5] WARN  server.GrpcLogAppender (GrpcLogAppender.java:resetClient(110)) - ca22b40f-bcca-4dce-b03d-42f8a600d1bd@group-B6675D5AA9D0->e54240a4-5fb6-4317-aa96-83a11ada3c80-GrpcLogAppender: Leader has not got in touch with Follower ca22b40f-bcca-4dce-b03d-42f8a600d1bd@group-B6675D5AA9D0->e54240a4-5fb6-4317-aa96-83a11ada3c80(c0,m0,n1, attendVote=true, lastRpcSendTime=595, lastRpcResponseTime=587) yet, just keep nextIndex unchanged and retry.
2022-03-06 23:39:25,877 [Listener at 127.0.0.1/33193] INFO  server.GrpcService (GrpcService.java:closeImpl(271)) - e54240a4-5fb6-4317-aa96-83a11ada3c80: shutdown server with port 36367 successfully
2022-03-06 23:39:25,878 [org.apache.ratis.util.JvmPauseMonitor$$Lambda$431/1941186180@132c5eb0] INFO  util.JvmPauseMonitor (JvmPauseMonitor.java:run(109)) - JvmPauseMonitor-e54240a4-5fb6-4317-aa96-83a11ada3c80: Stopped
2022-03-06 23:39:26,286 [EndpointStateMachine task thread for /0.0.0.0:33845 - 0 ] INFO  ipc.Client (Client.java:handleConnectionFailure(977)) - Retrying connect to server: 0.0.0.0/0.0.0.0:33845. Already tried 4 time(s); retry policy is RetryUpToMaximumCountWithFixedSleep(maxRetries=15, sleepTime=1000 MILLISECONDS)
2022-03-06 23:39:27,287 [EndpointStateMachine task thread for /0.0.0.0:33845 - 0 ] INFO  ipc.Client (Client.java:handleConnectionFailure(977)) - Retrying connect to server: 0.0.0.0/0.0.0.0:33845. Already tried 5 time(s); retry policy is RetryUpToMaximumCountWithFixedSleep(maxRetries=15, sleepTime=1000 MILLISECONDS)
2022-03-06 23:39:27,799 [grpc-default-executor-4] WARN  server.GrpcLogAppender (LogUtils.java:warn(122)) - ca22b40f-bcca-4dce-b03d-42f8a600d1bd@group-B6675D5AA9D0->e54240a4-5fb6-4317-aa96-83a11ada3c80-AppendLogResponseHandler: Failed appendEntries: org.apache.ratis.thirdparty.io.grpc.StatusRuntimeException: UNAVAILABLE: io exception
2022-03-06 23:39:27,800 [grpc-default-executor-4] WARN  server.GrpcLogAppender (GrpcLogAppender.java:resetClient(110)) - ca22b40f-bcca-4dce-b03d-42f8a600d1bd@group-B6675D5AA9D0->e54240a4-5fb6-4317-aa96-83a11ada3c80-GrpcLogAppender: Leader has not got in touch with Follower ca22b40f-bcca-4dce-b03d-42f8a600d1bd@group-B6675D5AA9D0->e54240a4-5fb6-4317-aa96-83a11ada3c80(c0,m0,n1, attendVote=true, lastRpcSendTime=2519, lastRpcResponseTime=2511) yet, just keep nextIndex unchanged and retry.
2022-03-06 23:39:27,896 [Listener at 127.0.0.1/33193] INFO  utils.BackgroundService (BackgroundService.java:shutdown(132)) - Shutting down service BlockDeletingService
2022-03-06 23:39:28,287 [EndpointStateMachine task thread for /0.0.0.0:33845 - 0 ] INFO  ipc.Client (Client.java:handleConnectionFailure(977)) - Retrying connect to server: 0.0.0.0/0.0.0.0:33845. Already tried 6 time(s); retry policy is RetryUpToMaximumCountWithFixedSleep(maxRetries=15, sleepTime=1000 MILLISECONDS)
2022-03-06 23:39:29,288 [EndpointStateMachine task thread for /0.0.0.0:33845 - 0 ] INFO  ipc.Client (Client.java:handleConnectionFailure(977)) - Retrying connect to server: 0.0.0.0/0.0.0.0:33845. Already tried 7 time(s); retry policy is RetryUpToMaximumCountWithFixedSleep(maxRetries=15, sleepTime=1000 MILLISECONDS)
2022-03-06 23:39:30,289 [EndpointStateMachine task thread for /0.0.0.0:33845 - 0 ] INFO  ipc.Client (Client.java:handleConnectionFailure(977)) - Retrying connect to server: 0.0.0.0/0.0.0.0:33845. Already tried 8 time(s); retry policy is RetryUpToMaximumCountWithFixedSleep(maxRetries=15, sleepTime=1000 MILLISECONDS)
2022-03-06 23:39:30,308 [grpc-default-executor-5] WARN  server.GrpcLogAppender (LogUtils.java:warn(122)) - ca22b40f-bcca-4dce-b03d-42f8a600d1bd@group-B6675D5AA9D0->e54240a4-5fb6-4317-aa96-83a11ada3c80-AppendLogResponseHandler: Failed appendEntries: org.apache.ratis.thirdparty.io.grpc.StatusRuntimeException: UNAVAILABLE: io exception
2022-03-06 23:39:30,309 [grpc-default-executor-5] WARN  server.GrpcLogAppender (GrpcLogAppender.java:resetClient(110)) - ca22b40f-bcca-4dce-b03d-42f8a600d1bd@group-B6675D5AA9D0->e54240a4-5fb6-4317-aa96-83a11ada3c80-GrpcLogAppender: Leader has not got in touch with Follower ca22b40f-bcca-4dce-b03d-42f8a600d1bd@group-B6675D5AA9D0->e54240a4-5fb6-4317-aa96-83a11ada3c80(c0,m0,n1, attendVote=true, lastRpcSendTime=2508, lastRpcResponseTime=5020) yet, just keep nextIndex unchanged and retry.
2022-03-06 23:39:30,899 [Listener at 127.0.0.1/33193] INFO  statemachine.DatanodeStateMachine (DatanodeStateMachine.java:stopDaemon(529)) - Ozone container server stopped.
2022-03-06 23:39:30,899 [Listener at 127.0.0.1/33193] INFO  handler.ContextHandler (ContextHandler.java:doStop(1153)) - Stopped o.e.j.w.WebAppContext@272a71e4{hddsDatanode,/,null,STOPPED}{jar:file:/home/runner/.m2/repository/org/apache/ozone/hdds-container-service/1.3.0-SNAPSHOT/hdds-container-service-1.3.0-SNAPSHOT.jar!/webapps/hddsDatanode}
2022-03-06 23:39:30,901 [Listener at 127.0.0.1/33193] INFO  server.AbstractConnector (AbstractConnector.java:doStop(381)) - Stopped ServerConnector@3c496659{HTTP/1.1, (http/1.1)}{0.0.0.0:0}
2022-03-06 23:39:30,901 [Listener at 127.0.0.1/33193] INFO  server.session (HouseKeeper.java:stopScavenging(149)) - node0 Stopped scavenging
2022-03-06 23:39:30,901 [Listener at 127.0.0.1/33193] INFO  handler.ContextHandler (ContextHandler.java:doStop(1153)) - Stopped o.e.j.s.ServletContextHandler@719e4b30{static,/static,jar:file:/home/runner/.m2/repository/org/apache/ozone/hdds-container-service/1.3.0-SNAPSHOT/hdds-container-service-1.3.0-SNAPSHOT.jar!/webapps/static,STOPPED}
2022-03-06 23:39:30,902 [Listener at 127.0.0.1/33193] INFO  handler.ContextHandler (ContextHandler.java:doStop(1153)) - Stopped o.e.j.s.ServletContextHandler@5a710c52{logs,/logs,file:///home/runner/work/ozone/ozone/hadoop-ozone/integration-test/target/log,STOPPED}
2022-03-06 23:39:30,909 [Listener at 127.0.0.1/33193] WARN  impl.MetricRegistriesImpl (MetricRegistriesImpl.java:addReporterRegistration(111)) - New reporters are added after registries were created. Some metrics will be missing from the reporter. Please add reporter before adding any new registry.
2022-03-06 23:39:30,909 [Listener at 127.0.0.1/33193] WARN  impl.MetricRegistriesImpl (MetricRegistriesImpl.java:addReporterRegistration(111)) - New reporters are added after registries were created. Some metrics will be missing from the reporter. Please add reporter before adding any new registry.
2022-03-06 23:39:30,916 [Listener at 127.0.0.1/33193] WARN  impl.MetricsConfig (MetricsConfig.java:loadFirst(136)) - Cannot locate configuration: tried hadoop-metrics2-hddsdatanode.properties,hadoop-metrics2.properties
2022-03-06 23:39:30,928 [Listener at 127.0.0.1/33193] INFO  impl.MetricsSystemImpl (MetricsSystemImpl.java:startTimer(378)) - Scheduled Metric snapshot period at 10 second(s).
2022-03-06 23:39:30,928 [Listener at 127.0.0.1/33193] INFO  impl.MetricsSystemImpl (MetricsSystemImpl.java:start(191)) - HddsDatanode metrics system started
2022-03-06 23:39:30,994 [Listener at 127.0.0.1/33193] INFO  impl.MetricsSinkAdapter (MetricsSinkAdapter.java:start(204)) - Sink prometheus started
2022-03-06 23:39:30,994 [Listener at 127.0.0.1/33193] INFO  impl.MetricsSystemImpl (MetricsSystemImpl.java:registerSink(305)) - Registered sink prometheus
2022-03-06 23:39:31,138 [Listener at 127.0.0.1/33193] INFO  ozone.HddsDatanodeService (HddsDatanodeService.java:start(233)) - HddsDatanodeService host:fv-az148-899.bm4ck3pvxvsene1rjriu5fhcdb.bx.internal.cloudapp.net ip:10.1.0.33
2022-03-06 23:39:31,196 [Listener at 127.0.0.1/33193] INFO  upgrade.AbstractLayoutVersionManager (AbstractLayoutVersionManager.java:init(79)) - Initializing Layout version manager with metadata layout = SCM_HA (version = 2), software layout = SCM_HA (version = 2)
2022-03-06 23:39:31,290 [EndpointStateMachine task thread for /0.0.0.0:33845 - 0 ] INFO  ipc.Client (Client.java:handleConnectionFailure(977)) - Retrying connect to server: 0.0.0.0/0.0.0.0:33845. Already tried 9 time(s); retry policy is RetryUpToMaximumCountWithFixedSleep(maxRetries=15, sleepTime=1000 MILLISECONDS)
2022-03-06 23:39:31,326 [Listener at 127.0.0.1/33193] INFO  reflections.Reflections (Reflections.java:scan(232)) - Reflections took 128 ms to scan 7 urls, producing 122 keys and 286 values 
2022-03-06 23:39:31,338 [Listener at 127.0.0.1/33193] INFO  statemachine.DatanodeStateMachine (DatanodeStateMachine.java:getEndPointTaskThreadPoolSize(222)) - Datanode State Machine Task Thread Pool size 2
2022-03-06 23:39:31,350 [Listener at 127.0.0.1/33193] INFO  volume.HddsVolume (HddsVolume.java:<init>(120)) - Creating HddsVolume: /home/runner/work/ozone/ozone/hadoop-ozone/integration-test/target/test-dir/MiniOzoneClusterImpl-1620ac7c-bf10-4486-a396-49b527acbb1b/datanode-0/data-0/containers/hdds of storage type : DISK capacity : 9223372036854775807
2022-03-06 23:39:31,350 [Listener at 127.0.0.1/33193] INFO  volume.MutableVolumeSet (MutableVolumeSet.java:initializeVolumeSet(168)) - Added Volume : /home/runner/work/ozone/ozone/hadoop-ozone/integration-test/target/test-dir/MiniOzoneClusterImpl-1620ac7c-bf10-4486-a396-49b527acbb1b/datanode-0/data-0/containers/hdds to VolumeSet
2022-03-06 23:39:31,351 [Listener at 127.0.0.1/33193] INFO  volume.ThrottledAsyncChecker (ThrottledAsyncChecker.java:schedule(141)) - Scheduling a check for /home/runner/work/ozone/ozone/hadoop-ozone/integration-test/target/test-dir/MiniOzoneClusterImpl-1620ac7c-bf10-4486-a396-49b527acbb1b/datanode-0/data-0/containers/hdds
2022-03-06 23:39:31,357 [Listener at 127.0.0.1/33193] INFO  volume.StorageVolumeChecker (StorageVolumeChecker.java:checkAllVolumes(202)) - Scheduled health check for volume /home/runner/work/ozone/ozone/hadoop-ozone/integration-test/target/test-dir/MiniOzoneClusterImpl-1620ac7c-bf10-4486-a396-49b527acbb1b/datanode-0/data-0/containers/hdds
2022-03-06 23:39:31,396 [Listener at 127.0.0.1/33193] INFO  volume.MutableVolumeSet (MutableVolumeSet.java:initializeVolumeSet(168)) - Added Volume : /home/runner/work/ozone/ozone/hadoop-ozone/integration-test/target/test-dir/MiniOzoneClusterImpl-1620ac7c-bf10-4486-a396-49b527acbb1b/datanode-0/data/ratis to VolumeSet
2022-03-06 23:39:31,396 [Listener at 127.0.0.1/33193] INFO  volume.ThrottledAsyncChecker (ThrottledAsyncChecker.java:schedule(141)) - Scheduling a check for /home/runner/work/ozone/ozone/hadoop-ozone/integration-test/target/test-dir/MiniOzoneClusterImpl-1620ac7c-bf10-4486-a396-49b527acbb1b/datanode-0/data/ratis
2022-03-06 23:39:31,396 [Listener at 127.0.0.1/33193] INFO  volume.StorageVolumeChecker (StorageVolumeChecker.java:checkAllVolumes(202)) - Scheduled health check for volume /home/runner/work/ozone/ozone/hadoop-ozone/integration-test/target/test-dir/MiniOzoneClusterImpl-1620ac7c-bf10-4486-a396-49b527acbb1b/datanode-0/data/ratis
2022-03-06 23:39:31,460 [Thread-688] INFO  ozoneimpl.ContainerReader (ContainerReader.java:readVolume(142)) - Start to verify containers on volume /home/runner/work/ozone/ozone/hadoop-ozone/integration-test/target/test-dir/MiniOzoneClusterImpl-1620ac7c-bf10-4486-a396-49b527acbb1b/datanode-0/data-0/containers/hdds
2022-03-06 23:39:31,460 [Thread-688] INFO  ozoneimpl.ContainerReader (ContainerReader.java:readVolume(172)) - Finish verifying containers on volume /home/runner/work/ozone/ozone/hadoop-ozone/integration-test/target/test-dir/MiniOzoneClusterImpl-1620ac7c-bf10-4486-a396-49b527acbb1b/datanode-0/data-0/containers/hdds
2022-03-06 23:39:31,460 [Listener at 127.0.0.1/33193] INFO  ozoneimpl.OzoneContainer (OzoneContainer.java:buildContainerSet(257)) - Build ContainerSet costs 0s
2022-03-06 23:39:31,463 [Listener at 127.0.0.1/33193] INFO  server.RaftServer (ConfUtils.java:logGet(44)) - raft.rpc.type = GRPC (default)
2022-03-06 23:39:31,463 [Listener at 127.0.0.1/33193] INFO  grpc.GrpcFactory (GrpcFactory.java:checkPooledByteBufAllocatorUseCacheForAllThreads(48)) - PERFORMANCE WARNING: useCacheForAllThreads is true that may cause Netty to create a lot garbage objects and, as a result, trigger GC.
	It is recommended to disable useCacheForAllThreads by setting -Dorg.apache.ratis.thirdparty.io.netty.allocator.useCacheForAllThreads=false in command line.
2022-03-06 23:39:31,463 [Listener at 127.0.0.1/33193] INFO  grpc.GrpcConfigKeys (ConfUtils.java:logGet(44)) - raft.grpc.admin.port = 36367 (custom)
2022-03-06 23:39:31,463 [Listener at 127.0.0.1/33193] INFO  grpc.GrpcConfigKeys (ConfUtils.java:logGet(44)) - raft.grpc.client.port = 36367 (custom)
2022-03-06 23:39:31,463 [Listener at 127.0.0.1/33193] INFO  grpc.GrpcConfigKeys (ConfUtils.java:logGet(44)) - raft.grpc.server.port = 36367 (custom)
2022-03-06 23:39:31,463 [Listener at 127.0.0.1/33193] INFO  server.GrpcService (ConfUtils.java:logGet(44)) - raft.grpc.message.size.max = 32MB (=33554432) (custom)
2022-03-06 23:39:31,463 [Listener at 127.0.0.1/33193] INFO  server.RaftServerConfigKeys (ConfUtils.java:logGet(44)) - raft.server.log.appender.buffer.byte-limit = 33554432 (custom)
2022-03-06 23:39:31,463 [Listener at 127.0.0.1/33193] INFO  server.GrpcService (ConfUtils.java:logGet(44)) - raft.grpc.flow.control.window = 5MB (=5242880) (custom)
2022-03-06 23:39:31,466 [Listener at 127.0.0.1/33193] INFO  server.RaftServerConfigKeys (ConfUtils.java:logGet(44)) - raft.server.rpc.request.timeout = 60s (custom)
2022-03-06 23:39:31,470 [Listener at 127.0.0.1/33193] INFO  impl.DataStreamServerImpl (ConfUtils.java:logGet(44)) - raft.datastream.type = DISABLED (default)
2022-03-06 23:39:31,470 [Listener at 127.0.0.1/33193] INFO  server.RaftServerConfigKeys (ConfUtils.java:logGet(44)) - raft.server.rpc.slowness.timeout = 300s (custom)
2022-03-06 23:39:31,470 [Listener at 127.0.0.1/33193] INFO  server.RaftServerConfigKeys (ConfUtils.java:logGet(44)) - raft.server.leaderelection.leader.step-down.wait-time = 10s (default)
2022-03-06 23:39:31,471 [Listener at 127.0.0.1/33193] INFO  server.RaftServerConfigKeys (ConfUtils.java:logGet(44)) - raft.server.storage.dir = [/home/runner/work/ozone/ozone/hadoop-ozone/integration-test/target/test-dir/MiniOzoneClusterImpl-1620ac7c-bf10-4486-a396-49b527acbb1b/datanode-0/data/ratis] (custom)
2022-03-06 23:39:31,471 [Listener at 127.0.0.1/33193] INFO  server.RaftServer (RaftServerProxy.java:lambda$null$1(235)) - e54240a4-5fb6-4317-aa96-83a11ada3c80: found a subdirectory /home/runner/work/ozone/ozone/hadoop-ozone/integration-test/target/test-dir/MiniOzoneClusterImpl-1620ac7c-bf10-4486-a396-49b527acbb1b/datanode-0/data/ratis/5cac19ce-4728-4659-979d-238557dd44e8
2022-03-06 23:39:31,480 [Listener at 127.0.0.1/33193] INFO  server.RaftServer (RaftServerProxy.java:addNew(95)) - e54240a4-5fb6-4317-aa96-83a11ada3c80: addNew group-238557DD44E8:[] returns group-238557DD44E8:java.util.concurrent.CompletableFuture@1cee831f[Not completed]
2022-03-06 23:39:31,480 [Listener at 127.0.0.1/33193] INFO  server.RaftServer (RaftServerProxy.java:lambda$null$1(235)) - e54240a4-5fb6-4317-aa96-83a11ada3c80: found a subdirectory /home/runner/work/ozone/ozone/hadoop-ozone/integration-test/target/test-dir/MiniOzoneClusterImpl-1620ac7c-bf10-4486-a396-49b527acbb1b/datanode-0/data/ratis/b69523d4-54f5-4a15-9e9f-b6675d5aa9d0
2022-03-06 23:39:31,480 [Listener at 127.0.0.1/33193] INFO  server.RaftServer (RaftServerProxy.java:addNew(95)) - e54240a4-5fb6-4317-aa96-83a11ada3c80: addNew group-B6675D5AA9D0:[] returns group-B6675D5AA9D0:java.util.concurrent.CompletableFuture@6ea18996[Not completed]
2022-03-06 23:39:31,481 [pool-340-thread-1] INFO  server.RaftServer$Division (RaftServerImpl.java:<init>(184)) - e54240a4-5fb6-4317-aa96-83a11ada3c80: new RaftServerImpl for group-238557DD44E8:[] with ContainerStateMachine:uninitialized
2022-03-06 23:39:31,500 [pool-340-thread-1] INFO  server.RaftServerConfigKeys (ConfUtils.java:logGet(44)) - raft.server.rpc.timeout.min = 5s (custom)
2022-03-06 23:39:31,500 [pool-340-thread-1] INFO  server.RaftServerConfigKeys (ConfUtils.java:logGet(44)) - raft.server.rpc.timeout.max = 5200ms (custom)
2022-03-06 23:39:31,500 [pool-340-thread-1] INFO  server.RaftServerConfigKeys (ConfUtils.java:logGet(44)) - raft.server.rpc.sleep.time = 25ms (default)
2022-03-06 23:39:31,500 [pool-340-thread-1] INFO  server.RaftServerConfigKeys (ConfUtils.java:logGet(44)) - raft.server.rpc.slowness.timeout = 300s (custom)
2022-03-06 23:39:31,500 [pool-340-thread-1] INFO  server.RaftServerConfigKeys (ConfUtils.java:logGet(44)) - raft.server.leaderelection.leader.step-down.wait-time = 10s (default)
2022-03-06 23:39:31,500 [pool-340-thread-1] INFO  server.RaftServerConfigKeys (ConfUtils.java:logGet(44)) - raft.server.sleep.deviation.threshold = 300ms (default)
2022-03-06 23:39:31,500 [pool-340-thread-1] INFO  server.RaftServerConfigKeys (ConfUtils.java:logGet(44)) - raft.server.log.appender.install.snapshot.enabled = false (custom)
2022-03-06 23:39:31,504 [pool-340-thread-1] INFO  server.RaftServer$Division (ServerState.java:<init>(105)) - e54240a4-5fb6-4317-aa96-83a11ada3c80@group-238557DD44E8: ConfigurationManager, init=-1: [], old=null, confs=<EMPTY_MAP>
2022-03-06 23:39:31,504 [pool-340-thread-1] INFO  server.RaftServerConfigKeys (ConfUtils.java:logGet(44)) - raft.server.storage.dir = [/home/runner/work/ozone/ozone/hadoop-ozone/integration-test/target/test-dir/MiniOzoneClusterImpl-1620ac7c-bf10-4486-a396-49b527acbb1b/datanode-0/data/ratis] (custom)
2022-03-06 23:39:31,505 [Listener at 127.0.0.1/33193] INFO  server.XceiverServerGrpc (XceiverServerGrpc.java:<init>(132)) - GrpcServer channel type EpollServerSocketChannel
2022-03-06 23:39:31,508 [pool-340-thread-1] INFO  server.RaftServerConfigKeys (ConfUtils.java:logGet(44)) - raft.server.log.corruption.policy = EXCEPTION (default)
2022-03-06 23:39:31,508 [pool-340-thread-1] INFO  server.RaftServerConfigKeys (ConfUtils.java:logGet(44)) - raft.server.storage.free-space.min = 0MB (=0) (default)
2022-03-06 23:39:31,509 [pool-340-thread-1] INFO  storage.RaftStorageDirectory (RaftStorageDirectoryImpl.java:tryLock(230)) - Lock on /home/runner/work/ozone/ozone/hadoop-ozone/integration-test/target/test-dir/MiniOzoneClusterImpl-1620ac7c-bf10-4486-a396-49b527acbb1b/datanode-0/data/ratis/5cac19ce-4728-4659-979d-238557dd44e8/in_use.lock acquired by nodename 21167@fv-az148-899
2022-03-06 23:39:31,514 [pool-340-thread-1] INFO  storage.RaftStorage (RaftStorageImpl.java:analyzeAndRecoverStorage(110)) - Read RaftStorageMetadata{term=1, votedFor=e54240a4-5fb6-4317-aa96-83a11ada3c80} from /home/runner/work/ozone/ozone/hadoop-ozone/integration-test/target/test-dir/MiniOzoneClusterImpl-1620ac7c-bf10-4486-a396-49b527acbb1b/datanode-0/data/ratis/5cac19ce-4728-4659-979d-238557dd44e8/current/raft-meta
2022-03-06 23:39:31,536 [pool-340-thread-1] INFO  ratis.ContainerStateMachine (ContainerStateMachine.java:loadSnapshot(245)) - group-238557DD44E8: Setting the last applied index to (t:1, i:0)
2022-03-06 23:39:31,538 [pool-340-thread-1] INFO  server.RaftServer$Division (ServerState.java:setRaftConf(387)) - e54240a4-5fb6-4317-aa96-83a11ada3c80@group-238557DD44E8: set configuration 0: [e54240a4-5fb6-4317-aa96-83a11ada3c80|rpc:10.1.0.33:36367|dataStream:|priority:1], old=null
2022-03-06 23:39:31,538 [pool-340-thread-1] INFO  server.RaftServerConfigKeys (ConfUtils.java:logGet(44)) - raft.server.notification.no-leader.timeout = 300s (custom)
2022-03-06 23:39:31,538 [pool-340-thread-1] INFO  server.RaftServerConfigKeys (ConfUtils.java:logGet(44)) - raft.server.log.use.memory = false (default)
2022-03-06 23:39:31,538 [pool-340-thread-1] INFO  server.RaftServerConfigKeys (ConfUtils.java:logGet(44)) - raft.server.log.purge.gap = 1000000 (custom)
2022-03-06 23:39:31,538 [pool-340-thread-1] INFO  server.RaftServerConfigKeys (ConfUtils.java:logGet(44)) - raft.server.log.appender.buffer.byte-limit = 33554432 (custom)
2022-03-06 23:39:31,538 [pool-340-thread-1] INFO  server.RaftServerConfigKeys (ConfUtils.java:logGet(44)) - raft.server.log.segment.size.max = 1048576 (custom)
2022-03-06 23:39:31,539 [pool-340-thread-1] INFO  server.RaftServerConfigKeys (ConfUtils.java:logGet(44)) - raft.server.log.segment.cache.num.max = 2 (custom)
2022-03-06 23:39:31,539 [pool-340-thread-1] INFO  server.RaftServerConfigKeys (ConfUtils.java:logGet(44)) - raft.server.log.segment.cache.size.max = 200MB (=209715200) (default)
2022-03-06 23:39:31,539 [pool-340-thread-1] INFO  segmented.SegmentedRaftLogWorker (SegmentedRaftLogWorker.java:<init>(182)) - new e54240a4-5fb6-4317-aa96-83a11ada3c80@group-238557DD44E8-SegmentedRaftLogWorker for RaftStorageImpl:Storage Directory /home/runner/work/ozone/ozone/hadoop-ozone/integration-test/target/test-dir/MiniOzoneClusterImpl-1620ac7c-bf10-4486-a396-49b527acbb1b/datanode-0/data/ratis/5cac19ce-4728-4659-979d-238557dd44e8
2022-03-06 23:39:31,539 [pool-340-thread-1] INFO  server.RaftServerConfigKeys (ConfUtils.java:logGet(44)) - raft.server.log.queue.byte-limit = 4294967296 (custom)
2022-03-06 23:39:31,539 [pool-340-thread-1] INFO  server.RaftServerConfigKeys (ConfUtils.java:logGet(44)) - raft.server.log.queue.element-limit = 1024 (custom)
2022-03-06 23:39:31,539 [pool-340-thread-1] INFO  server.RaftServerConfigKeys (ConfUtils.java:logGet(44)) - raft.server.log.segment.size.max = 1048576 (custom)
2022-03-06 23:39:31,539 [pool-340-thread-1] INFO  server.RaftServerConfigKeys (ConfUtils.java:logGet(44)) - raft.server.log.preallocated.size = 16384 (custom)
2022-03-06 23:39:31,539 [pool-340-thread-1] INFO  server.RaftServerConfigKeys (ConfUtils.java:logGet(44)) - raft.server.log.force.sync.num = 128 (default)
2022-03-06 23:39:31,539 [pool-340-thread-1] INFO  server.RaftServerConfigKeys (ConfUtils.java:logGet(44)) - raft.server.log.statemachine.data.sync = true (default)
2022-03-06 23:39:31,539 [pool-340-thread-1] INFO  server.RaftServerConfigKeys (ConfUtils.java:logGet(44)) - raft.server.log.statemachine.data.sync.timeout = 10s (default)
2022-03-06 23:39:31,539 [pool-340-thread-1] INFO  server.RaftServerConfigKeys (ConfUtils.java:logGet(44)) - raft.server.log.statemachine.data.sync.timeout.retry = -1 (default)
2022-03-06 23:39:31,540 [pool-340-thread-1] INFO  server.RaftServerConfigKeys (ConfUtils.java:logGet(44)) - raft.server.log.write.buffer.size = 1048576 (custom)
2022-03-06 23:39:31,541 [pool-340-thread-1] INFO  server.RaftServerConfigKeys (ConfUtils.java:logGet(44)) - raft.server.log.statemachine.data.caching.enabled = true (custom)
2022-03-06 23:39:31,542 [pool-340-thread-1] INFO  server.RaftServer$Division (ServerState.java:setRaftConf(387)) - e54240a4-5fb6-4317-aa96-83a11ada3c80@group-238557DD44E8: set configuration 0: [e54240a4-5fb6-4317-aa96-83a11ada3c80|rpc:10.1.0.33:36367|dataStream:|priority:1], old=null
2022-03-06 23:39:31,542 [Listener at 127.0.0.1/33193] INFO  http.BaseHttpServer (BaseHttpServer.java:newHttpServer2BuilderForOzone(209)) - Starting Web-server for hddsDatanode at: http://0.0.0.0:46275
2022-03-06 23:39:31,542 [Listener at 127.0.0.1/33193] INFO  http.BaseHttpServer (BaseHttpServer.java:<init>(107)) - Hadoop Security Enabled: false Ozone Security Enabled: false Ozone HTTP Security Enabled: false 
2022-03-06 23:39:31,543 [Listener at 127.0.0.1/33193] INFO  server.AuthenticationFilter (AuthenticationFilter.java:constructSecretProvider(240)) - Unable to initialize FileSignerSecretProvider, falling back to use random secrets.
2022-03-06 23:39:31,548 [pool-340-thread-1] INFO  segmented.LogSegment (LogSegment.java:loadSegment(173)) - Successfully read 1 entries from segment file /home/runner/work/ozone/ozone/hadoop-ozone/integration-test/target/test-dir/MiniOzoneClusterImpl-1620ac7c-bf10-4486-a396-49b527acbb1b/datanode-0/data/ratis/5cac19ce-4728-4659-979d-238557dd44e8/current/log_inprogress_0
2022-03-06 23:39:31,548 [pool-340-thread-1] INFO  segmented.SegmentedRaftLogWorker (SegmentedRaftLogWorker.java:lambda$new$0(133)) - e54240a4-5fb6-4317-aa96-83a11ada3c80@group-238557DD44E8-SegmentedRaftLogWorker: flushIndex: setUnconditionally 0 -> 0
2022-03-06 23:39:31,548 [pool-340-thread-1] INFO  segmented.SegmentedRaftLogWorker (SegmentedRaftLogWorker.java:lambda$new$0(133)) - e54240a4-5fb6-4317-aa96-83a11ada3c80@group-238557DD44E8-SegmentedRaftLogWorker: safeCacheEvictIndex: setUnconditionally 0 -> -1
2022-03-06 23:39:31,556 [Listener at 127.0.0.1/33193] WARN  http.HttpRequestLog (HttpRequestLog.java:getRequestLog(103)) - Jetty request log can only be enabled using Log4j
2022-03-06 23:39:31,557 [Listener at 127.0.0.1/33193] INFO  http.HttpServer2 (HttpServer2.java:addGlobalFilter(1030)) - Added global filter 'safety' (class=org.apache.hadoop.hdds.server.http.HttpServer2$QuotingInputFilter)
2022-03-06 23:39:31,557 [Listener at 127.0.0.1/33193] INFO  http.HttpServer2 (HttpServer2.java:addFilter(1006)) - Added filter static_user_filter (class=org.apache.hadoop.http.lib.StaticUserWebFilter$StaticUserFilter) to context hddsDatanode
2022-03-06 23:39:31,557 [Listener at 127.0.0.1/33193] INFO  http.HttpServer2 (HttpServer2.java:addFilter(1014)) - Added filter static_user_filter (class=org.apache.hadoop.http.lib.StaticUserWebFilter$StaticUserFilter) to context static
2022-03-06 23:39:31,557 [Listener at 127.0.0.1/33193] INFO  http.HttpServer2 (HttpServer2.java:addFilter(1014)) - Added filter static_user_filter (class=org.apache.hadoop.http.lib.StaticUserWebFilter$StaticUserFilter) to context logs
2022-03-06 23:39:31,558 [Listener at 127.0.0.1/33193] INFO  http.HttpServer2 (HttpServer2.java:bindListener(1249)) - Jetty bound to port 46275
2022-03-06 23:39:31,558 [Listener at 127.0.0.1/33193] INFO  server.Server (Server.java:doStart(375)) - jetty-9.4.43.v20210629; built: 2021-06-30T11:07:22.254Z; git: 526006ecfa3af7f1a27ef3a288e2bef7ea9dd7e8; jvm 1.8.0_322-b06
2022-03-06 23:39:31,640 [Listener at 127.0.0.1/33193] INFO  server.session (DefaultSessionIdManager.java:doStart(334)) - DefaultSessionIdManager workerName=node0
2022-03-06 23:39:31,640 [Listener at 127.0.0.1/33193] INFO  server.session (DefaultSessionIdManager.java:doStart(339)) - No SessionScavenger set, using defaults
2022-03-06 23:39:31,640 [Listener at 127.0.0.1/33193] INFO  server.session (HouseKeeper.java:startScavenging(132)) - node0 Scavenging every 660000ms
2022-03-06 23:39:31,650 [pool-340-thread-1] INFO  server.RaftServerConfigKeys (ConfUtils.java:logGet(44)) - raft.server.snapshot.auto.trigger.enabled = true (custom)
2022-03-06 23:39:31,650 [pool-340-thread-1] INFO  server.RaftServerConfigKeys (ConfUtils.java:logGet(44)) - raft.server.snapshot.auto.trigger.threshold = 10000 (custom)
2022-03-06 23:39:31,650 [pool-340-thread-1] INFO  server.RaftServerConfigKeys (ConfUtils.java:logGet(44)) - raft.server.snapshot.retention.file.num = 5 (custom)
2022-03-06 23:39:31,650 [pool-340-thread-1] INFO  server.RaftServerConfigKeys (ConfUtils.java:logGet(44)) - raft.server.log.purge.upto.snapshot.index = false (default)
2022-03-06 23:39:31,650 [pool-340-thread-1] INFO  server.RaftServerConfigKeys (ConfUtils.java:logGet(44)) - raft.server.retrycache.expirytime = 600000ms (custom)
2022-03-06 23:39:31,650 [pool-340-thread-1] INFO  server.RaftServerConfigKeys (ConfUtils.java:logGet(44)) - raft.server.retrycache.statistics.expirytime = 100μs (default)
2022-03-06 23:39:31,653 [pool-340-thread-1] INFO  server.RaftServer$Division (RaftServerImpl.java:<init>(184)) - e54240a4-5fb6-4317-aa96-83a11ada3c80: new RaftServerImpl for group-B6675D5AA9D0:[] with ContainerStateMachine:uninitialized
2022-03-06 23:39:31,653 [pool-340-thread-1] INFO  server.RaftServerConfigKeys (ConfUtils.java:logGet(44)) - raft.server.rpc.timeout.min = 5s (custom)
2022-03-06 23:39:31,653 [pool-340-thread-1] INFO  server.RaftServerConfigKeys (ConfUtils.java:logGet(44)) - raft.server.rpc.timeout.max = 5200ms (custom)
2022-03-06 23:39:31,653 [pool-340-thread-1] INFO  server.RaftServerConfigKeys (ConfUtils.java:logGet(44)) - raft.server.rpc.sleep.time = 25ms (default)
2022-03-06 23:39:31,653 [pool-340-thread-1] INFO  server.RaftServerConfigKeys (ConfUtils.java:logGet(44)) - raft.server.rpc.slowness.timeout = 300s (custom)
2022-03-06 23:39:31,653 [pool-340-thread-1] INFO  server.RaftServerConfigKeys (ConfUtils.java:logGet(44)) - raft.server.leaderelection.leader.step-down.wait-time = 10s (default)
2022-03-06 23:39:31,653 [pool-340-thread-1] INFO  server.RaftServerConfigKeys (ConfUtils.java:logGet(44)) - raft.server.sleep.deviation.threshold = 300ms (default)
2022-03-06 23:39:31,653 [pool-340-thread-1] INFO  server.RaftServerConfigKeys (ConfUtils.java:logGet(44)) - raft.server.log.appender.install.snapshot.enabled = false (custom)
2022-03-06 23:39:31,653 [pool-340-thread-1] INFO  server.RaftServer$Division (ServerState.java:<init>(105)) - e54240a4-5fb6-4317-aa96-83a11ada3c80@group-B6675D5AA9D0: ConfigurationManager, init=-1: [], old=null, confs=<EMPTY_MAP>
2022-03-06 23:39:31,653 [pool-340-thread-1] INFO  server.RaftServerConfigKeys (ConfUtils.java:logGet(44)) - raft.server.storage.dir = [/home/runner/work/ozone/ozone/hadoop-ozone/integration-test/target/test-dir/MiniOzoneClusterImpl-1620ac7c-bf10-4486-a396-49b527acbb1b/datanode-0/data/ratis] (custom)
2022-03-06 23:39:31,653 [pool-340-thread-1] INFO  server.RaftServerConfigKeys (ConfUtils.java:logGet(44)) - raft.server.log.corruption.policy = EXCEPTION (default)
2022-03-06 23:39:31,654 [pool-340-thread-1] INFO  server.RaftServerConfigKeys (ConfUtils.java:logGet(44)) - raft.server.storage.free-space.min = 0MB (=0) (default)
2022-03-06 23:39:31,655 [pool-340-thread-1] INFO  storage.RaftStorageDirectory (RaftStorageDirectoryImpl.java:tryLock(230)) - Lock on /home/runner/work/ozone/ozone/hadoop-ozone/integration-test/target/test-dir/MiniOzoneClusterImpl-1620ac7c-bf10-4486-a396-49b527acbb1b/datanode-0/data/ratis/b69523d4-54f5-4a15-9e9f-b6675d5aa9d0/in_use.lock acquired by nodename 21167@fv-az148-899
2022-03-06 23:39:31,655 [pool-340-thread-1] INFO  storage.RaftStorage (RaftStorageImpl.java:analyzeAndRecoverStorage(110)) - Read RaftStorageMetadata{term=8, votedFor=} from /home/runner/work/ozone/ozone/hadoop-ozone/integration-test/target/test-dir/MiniOzoneClusterImpl-1620ac7c-bf10-4486-a396-49b527acbb1b/datanode-0/data/ratis/b69523d4-54f5-4a15-9e9f-b6675d5aa9d0/current/raft-meta
2022-03-06 23:39:31,656 [pool-340-thread-1] INFO  ratis.ContainerStateMachine (ContainerStateMachine.java:loadSnapshot(245)) - group-B6675D5AA9D0: Setting the last applied index to (t:8, i:0)
2022-03-06 23:39:31,656 [pool-340-thread-1] INFO  server.RaftServer$Division (ServerState.java:setRaftConf(387)) - e54240a4-5fb6-4317-aa96-83a11ada3c80@group-B6675D5AA9D0: set configuration 0: [88d5b3ea-0504-4869-b217-dcc17ceadd97|rpc:10.1.0.33:46049|dataStream:|priority:0, e54240a4-5fb6-4317-aa96-83a11ada3c80|rpc:10.1.0.33:36367|dataStream:|priority:0, ca22b40f-bcca-4dce-b03d-42f8a600d1bd|rpc:10.1.0.33:43913|dataStream:|priority:1], old=null
2022-03-06 23:39:31,656 [pool-340-thread-1] INFO  server.RaftServerConfigKeys (ConfUtils.java:logGet(44)) - raft.server.notification.no-leader.timeout = 300s (custom)
2022-03-06 23:39:31,657 [pool-340-thread-1] INFO  server.RaftServerConfigKeys (ConfUtils.java:logGet(44)) - raft.server.log.use.memory = false (default)
2022-03-06 23:39:31,657 [pool-340-thread-1] INFO  server.RaftServerConfigKeys (ConfUtils.java:logGet(44)) - raft.server.log.purge.gap = 1000000 (custom)
2022-03-06 23:39:31,657 [pool-340-thread-1] INFO  server.RaftServerConfigKeys (ConfUtils.java:logGet(44)) - raft.server.log.appender.buffer.byte-limit = 33554432 (custom)
2022-03-06 23:39:31,657 [pool-340-thread-1] INFO  server.RaftServerConfigKeys (ConfUtils.java:logGet(44)) - raft.server.log.segment.size.max = 1048576 (custom)
2022-03-06 23:39:31,657 [pool-340-thread-1] INFO  server.RaftServerConfigKeys (ConfUtils.java:logGet(44)) - raft.server.log.segment.cache.num.max = 2 (custom)
2022-03-06 23:39:31,657 [pool-340-thread-1] INFO  server.RaftServerConfigKeys (ConfUtils.java:logGet(44)) - raft.server.log.segment.cache.size.max = 200MB (=209715200) (default)
2022-03-06 23:39:31,657 [pool-340-thread-1] INFO  segmented.SegmentedRaftLogWorker (SegmentedRaftLogWorker.java:<init>(182)) - new e54240a4-5fb6-4317-aa96-83a11ada3c80@group-B6675D5AA9D0-SegmentedRaftLogWorker for RaftStorageImpl:Storage Directory /home/runner/work/ozone/ozone/hadoop-ozone/integration-test/target/test-dir/MiniOzoneClusterImpl-1620ac7c-bf10-4486-a396-49b527acbb1b/datanode-0/data/ratis/b69523d4-54f5-4a15-9e9f-b6675d5aa9d0
2022-03-06 23:39:31,657 [pool-340-thread-1] INFO  server.RaftServerConfigKeys (ConfUtils.java:logGet(44)) - raft.server.log.queue.byte-limit = 4294967296 (custom)
2022-03-06 23:39:31,657 [pool-340-thread-1] INFO  server.RaftServerConfigKeys (ConfUtils.java:logGet(44)) - raft.server.log.queue.element-limit = 1024 (custom)
2022-03-06 23:39:31,657 [pool-340-thread-1] INFO  server.RaftServerConfigKeys (ConfUtils.java:logGet(44)) - raft.server.log.segment.size.max = 1048576 (custom)
2022-03-06 23:39:31,658 [pool-340-thread-1] INFO  server.RaftServerConfigKeys (ConfUtils.java:logGet(44)) - raft.server.log.preallocated.size = 16384 (custom)
2022-03-06 23:39:31,658 [pool-340-thread-1] INFO  server.RaftServerConfigKeys (ConfUtils.java:logGet(44)) - raft.server.log.force.sync.num = 128 (default)
2022-03-06 23:39:31,658 [pool-340-thread-1] INFO  server.RaftServerConfigKeys (ConfUtils.java:logGet(44)) - raft.server.log.statemachine.data.sync = true (default)
2022-03-06 23:39:31,658 [pool-340-thread-1] INFO  server.RaftServerConfigKeys (ConfUtils.java:logGet(44)) - raft.server.log.statemachine.data.sync.timeout = 10s (default)
2022-03-06 23:39:31,658 [pool-340-thread-1] INFO  server.RaftServerConfigKeys (ConfUtils.java:logGet(44)) - raft.server.log.statemachine.data.sync.timeout.retry = -1 (default)
2022-03-06 23:39:31,666 [Listener at 127.0.0.1/33193] INFO  handler.ContextHandler (ContextHandler.java:doStart(915)) - Started o.e.j.s.ServletContextHandler@731f8bc1{logs,/logs,file:///home/runner/work/ozone/ozone/hadoop-ozone/integration-test/target/log,AVAILABLE}
2022-03-06 23:39:31,667 [Listener at 127.0.0.1/33193] INFO  handler.ContextHandler (ContextHandler.java:doStart(915)) - Started o.e.j.s.ServletContextHandler@6d9541a1{static,/static,jar:file:/home/runner/.m2/repository/org/apache/ozone/hdds-container-service/1.3.0-SNAPSHOT/hdds-container-service-1.3.0-SNAPSHOT.jar!/webapps/static,AVAILABLE}
2022-03-06 23:39:31,677 [pool-340-thread-1] INFO  server.RaftServerConfigKeys (ConfUtils.java:logGet(44)) - raft.server.log.write.buffer.size = 1048576 (custom)
2022-03-06 23:39:31,677 [pool-340-thread-1] INFO  server.RaftServerConfigKeys (ConfUtils.java:logGet(44)) - raft.server.log.statemachine.data.caching.enabled = true (custom)
2022-03-06 23:39:31,678 [pool-340-thread-1] INFO  server.RaftServer$Division (ServerState.java:setRaftConf(387)) - e54240a4-5fb6-4317-aa96-83a11ada3c80@group-B6675D5AA9D0: set configuration 0: [88d5b3ea-0504-4869-b217-dcc17ceadd97|rpc:10.1.0.33:46049|dataStream:|priority:0, e54240a4-5fb6-4317-aa96-83a11ada3c80|rpc:10.1.0.33:36367|dataStream:|priority:0, ca22b40f-bcca-4dce-b03d-42f8a600d1bd|rpc:10.1.0.33:43913|dataStream:|priority:1], old=null
2022-03-06 23:39:31,678 [pool-340-thread-1] INFO  segmented.LogSegment (LogSegment.java:loadSegment(173)) - Successfully read 1 entries from segment file /home/runner/work/ozone/ozone/hadoop-ozone/integration-test/target/test-dir/MiniOzoneClusterImpl-1620ac7c-bf10-4486-a396-49b527acbb1b/datanode-0/data/ratis/b69523d4-54f5-4a15-9e9f-b6675d5aa9d0/current/log_inprogress_0
2022-03-06 23:39:31,679 [pool-340-thread-1] INFO  segmented.SegmentedRaftLogWorker (SegmentedRaftLogWorker.java:lambda$new$0(133)) - e54240a4-5fb6-4317-aa96-83a11ada3c80@group-B6675D5AA9D0-SegmentedRaftLogWorker: flushIndex: setUnconditionally 0 -> 0
2022-03-06 23:39:31,679 [pool-340-thread-1] INFO  segmented.SegmentedRaftLogWorker (SegmentedRaftLogWorker.java:lambda$new$0(133)) - e54240a4-5fb6-4317-aa96-83a11ada3c80@group-B6675D5AA9D0-SegmentedRaftLogWorker: safeCacheEvictIndex: setUnconditionally 0 -> -1
2022-03-06 23:39:31,688 [pool-340-thread-1] INFO  server.RaftServerConfigKeys (ConfUtils.java:logGet(44)) - raft.server.snapshot.auto.trigger.enabled = true (custom)
2022-03-06 23:39:31,688 [pool-340-thread-1] INFO  server.RaftServerConfigKeys (ConfUtils.java:logGet(44)) - raft.server.snapshot.auto.trigger.threshold = 10000 (custom)
2022-03-06 23:39:31,688 [pool-340-thread-1] INFO  server.RaftServerConfigKeys (ConfUtils.java:logGet(44)) - raft.server.snapshot.retention.file.num = 5 (custom)
2022-03-06 23:39:31,688 [pool-340-thread-1] INFO  server.RaftServerConfigKeys (ConfUtils.java:logGet(44)) - raft.server.log.purge.upto.snapshot.index = false (default)
2022-03-06 23:39:31,688 [pool-340-thread-1] INFO  server.RaftServerConfigKeys (ConfUtils.java:logGet(44)) - raft.server.retrycache.expirytime = 600000ms (custom)
2022-03-06 23:39:31,688 [pool-340-thread-1] INFO  server.RaftServerConfigKeys (ConfUtils.java:logGet(44)) - raft.server.retrycache.statistics.expirytime = 100μs (default)
2022-03-06 23:39:31,856 [Listener at 127.0.0.1/33193] INFO  handler.ContextHandler (ContextHandler.java:doStart(915)) - Started o.e.j.w.WebAppContext@66390165{hddsDatanode,/,file:///tmp/jetty-0_0_0_0-46275-hdds-container-service-1_3_0-SNAPSHOT_jar-_-any-810533431675132316/webapp/,AVAILABLE}{jar:file:/home/runner/.m2/repository/org/apache/ozone/hdds-container-service/1.3.0-SNAPSHOT/hdds-container-service-1.3.0-SNAPSHOT.jar!/webapps/hddsDatanode}
2022-03-06 23:39:31,860 [Listener at 127.0.0.1/33193] INFO  server.AbstractConnector (AbstractConnector.java:doStart(331)) - Started ServerConnector@59cc6d18{HTTP/1.1, (http/1.1)}{0.0.0.0:46275}
2022-03-06 23:39:31,860 [Listener at 127.0.0.1/33193] INFO  server.Server (Server.java:doStart(415)) - Started @158419ms
2022-03-06 23:39:31,860 [Listener at 127.0.0.1/33193] WARN  impl.MetricsSystemImpl (MetricsSystemImpl.java:register(279)) - Sink prometheus already exists!
2022-03-06 23:39:31,861 [Listener at 127.0.0.1/33193] INFO  http.BaseHttpServer (BaseHttpServer.java:updateConnectorAddress(329)) - HTTP server of hddsDatanode listening at http://0.0.0.0:46275
2022-03-06 23:39:31,868 [Datanode State Machine Daemon Thread] INFO  statemachine.DatanodeStateMachine (DatanodeStateMachine.java:lambda$startDaemon$0(470)) - Ozone container server started.
2022-03-06 23:39:31,892 [org.apache.hadoop.util.JvmPauseMonitor$Monitor@46ccd73] INFO  util.JvmPauseMonitor (JvmPauseMonitor.java:run(188)) - Starting JVM pause monitor
2022-03-06 23:39:32,290 [EndpointStateMachine task thread for /0.0.0.0:33845 - 0 ] INFO  ipc.Client (Client.java:handleConnectionFailure(977)) - Retrying connect to server: 0.0.0.0/0.0.0.0:33845. Already tried 10 time(s); retry policy is RetryUpToMaximumCountWithFixedSleep(maxRetries=15, sleepTime=1000 MILLISECONDS)
2022-03-06 23:39:32,822 [grpc-default-executor-5] WARN  server.GrpcLogAppender (LogUtils.java:warn(122)) - ca22b40f-bcca-4dce-b03d-42f8a600d1bd@group-B6675D5AA9D0->e54240a4-5fb6-4317-aa96-83a11ada3c80-AppendLogResponseHandler: Failed appendEntries: org.apache.ratis.thirdparty.io.grpc.StatusRuntimeException: UNAVAILABLE: io exception
2022-03-06 23:39:32,822 [grpc-default-executor-5] WARN  server.GrpcLogAppender (GrpcLogAppender.java:resetClient(110)) - ca22b40f-bcca-4dce-b03d-42f8a600d1bd@group-B6675D5AA9D0->e54240a4-5fb6-4317-aa96-83a11ada3c80-GrpcLogAppender: Leader has not got in touch with Follower ca22b40f-bcca-4dce-b03d-42f8a600d1bd@group-B6675D5AA9D0->e54240a4-5fb6-4317-aa96-83a11ada3c80(c0,m0,n1, attendVote=true, lastRpcSendTime=2511, lastRpcResponseTime=7533) yet, just keep nextIndex unchanged and retry.
2022-03-06 23:39:33,291 [EndpointStateMachine task thread for /0.0.0.0:33845 - 0 ] INFO  ipc.Client (Client.java:handleConnectionFailure(977)) - Retrying connect to server: 0.0.0.0/0.0.0.0:33845. Already tried 11 time(s); retry policy is RetryUpToMaximumCountWithFixedSleep(maxRetries=15, sleepTime=1000 MILLISECONDS)
2022-03-06 23:39:34,292 [EndpointStateMachine task thread for /0.0.0.0:33845 - 0 ] INFO  ipc.Client (Client.java:handleConnectionFailure(977)) - Retrying connect to server: 0.0.0.0/0.0.0.0:33845. Already tried 12 time(s); retry policy is RetryUpToMaximumCountWithFixedSleep(maxRetries=15, sleepTime=1000 MILLISECONDS)
2022-03-06 23:39:35,292 [EndpointStateMachine task thread for /0.0.0.0:33845 - 0 ] INFO  ipc.Client (Client.java:handleConnectionFailure(977)) - Retrying connect to server: 0.0.0.0/0.0.0.0:33845. Already tried 13 time(s); retry policy is RetryUpToMaximumCountWithFixedSleep(maxRetries=15, sleepTime=1000 MILLISECONDS)
2022-03-06 23:39:35,344 [grpc-default-executor-5] WARN  server.GrpcLogAppender (LogUtils.java:warn(122)) - ca22b40f-bcca-4dce-b03d-42f8a600d1bd@group-B6675D5AA9D0->e54240a4-5fb6-4317-aa96-83a11ada3c80-AppendLogResponseHandler: Failed appendEntries: org.apache.ratis.thirdparty.io.grpc.StatusRuntimeException: UNAVAILABLE: io exception
2022-03-06 23:39:35,345 [grpc-default-executor-5] WARN  server.GrpcLogAppender (GrpcLogAppender.java:resetClient(110)) - ca22b40f-bcca-4dce-b03d-42f8a600d1bd@group-B6675D5AA9D0->e54240a4-5fb6-4317-aa96-83a11ada3c80-GrpcLogAppender: Leader has not got in touch with Follower ca22b40f-bcca-4dce-b03d-42f8a600d1bd@group-B6675D5AA9D0->e54240a4-5fb6-4317-aa96-83a11ada3c80(c0,m0,n1, attendVote=true, lastRpcSendTime=2519, lastRpcResponseTime=10056) yet, just keep nextIndex unchanged and retry.
2022-03-06 23:39:36,293 [EndpointStateMachine task thread for /0.0.0.0:33845 - 0 ] INFO  ipc.Client (Client.java:handleConnectionFailure(977)) - Retrying connect to server: 0.0.0.0/0.0.0.0:33845. Already tried 14 time(s); retry policy is RetryUpToMaximumCountWithFixedSleep(maxRetries=15, sleepTime=1000 MILLISECONDS)
2022-03-06 23:39:36,294 [EndpointStateMachine task thread for /0.0.0.0:33845 - 0 ] WARN  statemachine.EndpointStateMachine (EndpointStateMachine.java:logIfNeeded(236)) - Unable to communicate to SCM server at 0.0.0.0:33845 for past 0 seconds.
java.net.ConnectException: Your endpoint configuration is wrong; For more details see:  http://wiki.apache.org/hadoop/UnsetHostnameOrPort
	at sun.reflect.NativeConstructorAccessorImpl.newInstance0(Native Method)
	at sun.reflect.NativeConstructorAccessorImpl.newInstance(NativeConstructorAccessorImpl.java:62)
	at sun.reflect.DelegatingConstructorAccessorImpl.newInstance(DelegatingConstructorAccessorImpl.java:45)
	at java.lang.reflect.Constructor.newInstance(Constructor.java:423)
	at org.apache.hadoop.net.NetUtils.wrapWithMessage(NetUtils.java:913)
	at org.apache.hadoop.net.NetUtils.wrapException(NetUtils.java:824)
	at org.apache.hadoop.ipc.Client.getRpcResponse(Client.java:1577)
	at org.apache.hadoop.ipc.Client.call(Client.java:1519)
	at org.apache.hadoop.ipc.Client.call(Client.java:1416)
	at org.apache.hadoop.ipc.ProtobufRpcEngine$Invoker.invoke(ProtobufRpcEngine.java:236)
	at org.apache.hadoop.ipc.ProtobufRpcEngine$Invoker.invoke(ProtobufRpcEngine.java:123)
	at com.sun.proxy.$Proxy49.submitRequest(Unknown Source)
	at org.apache.hadoop.ozone.protocolPB.StorageContainerDatanodeProtocolClientSideTranslatorPB.submitRequest(StorageContainerDatanodeProtocolClientSideTranslatorPB.java:117)
	at org.apache.hadoop.ozone.protocolPB.StorageContainerDatanodeProtocolClientSideTranslatorPB.sendHeartbeat(StorageContainerDatanodeProtocolClientSideTranslatorPB.java:149)
	at org.apache.hadoop.ozone.container.common.states.endpoint.HeartbeatEndpointTask.call(HeartbeatEndpointTask.java:180)
	at org.apache.hadoop.ozone.container.common.states.endpoint.HeartbeatEndpointTask.call(HeartbeatEndpointTask.java:83)
	at java.util.concurrent.FutureTask.run(FutureTask.java:266)
	at java.util.concurrent.ThreadPoolExecutor.runWorker(ThreadPoolExecutor.java:1149)
	at java.util.concurrent.ThreadPoolExecutor$Worker.run(ThreadPoolExecutor.java:624)
	at java.lang.Thread.run(Thread.java:750)
Caused by: java.net.ConnectException: Connection refused
	at sun.nio.ch.SocketChannelImpl.checkConnect(Native Method)
	at sun.nio.ch.SocketChannelImpl.finishConnect(SocketChannelImpl.java:716)
	at org.apache.hadoop.net.SocketIOWithTimeout.connect(SocketIOWithTimeout.java:206)
	at org.apache.hadoop.net.NetUtils.connect(NetUtils.java:586)
	at org.apache.hadoop.ipc.Client$Connection.setupConnection(Client.java:701)
	at org.apache.hadoop.ipc.Client$Connection.setupIOstreams(Client.java:822)
	at org.apache.hadoop.ipc.Client$Connection.access$3800(Client.java:414)
	at org.apache.hadoop.ipc.Client.getConnection(Client.java:1647)
	at org.apache.hadoop.ipc.Client.call(Client.java:1463)
	... 12 more
2022-03-06 23:39:37,297 [EndpointStateMachine task thread for /0.0.0.0:33845 - 0 ] INFO  ipc.Client (Client.java:handleConnectionFailure(977)) - Retrying connect to server: 0.0.0.0/0.0.0.0:33845. Already tried 0 time(s); retry policy is RetryUpToMaximumCountWithFixedSleep(maxRetries=15, sleepTime=1000 MILLISECONDS)
2022-03-06 23:39:37,857 [grpc-default-executor-5] WARN  server.GrpcLogAppender (LogUtils.java:warn(122)) - ca22b40f-bcca-4dce-b03d-42f8a600d1bd@group-B6675D5AA9D0->e54240a4-5fb6-4317-aa96-83a11ada3c80-AppendLogResponseHandler: Failed appendEntries: org.apache.ratis.thirdparty.io.grpc.StatusRuntimeException: UNAVAILABLE: io exception
2022-03-06 23:39:37,858 [grpc-default-executor-5] WARN  server.GrpcLogAppender (GrpcLogAppender.java:resetClient(110)) - ca22b40f-bcca-4dce-b03d-42f8a600d1bd@group-B6675D5AA9D0->e54240a4-5fb6-4317-aa96-83a11ada3c80-GrpcLogAppender: Leader has not got in touch with Follower ca22b40f-bcca-4dce-b03d-42f8a600d1bd@group-B6675D5AA9D0->e54240a4-5fb6-4317-aa96-83a11ada3c80(c0,m0,n1, attendVote=true, lastRpcSendTime=2511, lastRpcResponseTime=12569) yet, just keep nextIndex unchanged and retry.
2022-03-06 23:39:38,298 [EndpointStateMachine task thread for /0.0.0.0:33845 - 0 ] INFO  ipc.Client (Client.java:handleConnectionFailure(977)) - Retrying connect to server: 0.0.0.0/0.0.0.0:33845. Already tried 1 time(s); retry policy is RetryUpToMaximumCountWithFixedSleep(maxRetries=15, sleepTime=1000 MILLISECONDS)
2022-03-06 23:39:39,299 [EndpointStateMachine task thread for /0.0.0.0:33845 - 0 ] INFO  ipc.Client (Client.java:handleConnectionFailure(977)) - Retrying connect to server: 0.0.0.0/0.0.0.0:33845. Already tried 2 time(s); retry policy is RetryUpToMaximumCountWithFixedSleep(maxRetries=15, sleepTime=1000 MILLISECONDS)
2022-03-06 23:39:40,299 [EndpointStateMachine task thread for /0.0.0.0:33845 - 0 ] INFO  ipc.Client (Client.java:handleConnectionFailure(977)) - Retrying connect to server: 0.0.0.0/0.0.0.0:33845. Already tried 3 time(s); retry policy is RetryUpToMaximumCountWithFixedSleep(maxRetries=15, sleepTime=1000 MILLISECONDS)
2022-03-06 23:39:40,365 [grpc-default-executor-5] WARN  server.GrpcLogAppender (LogUtils.java:warn(122)) - ca22b40f-bcca-4dce-b03d-42f8a600d1bd@group-B6675D5AA9D0->e54240a4-5fb6-4317-aa96-83a11ada3c80-AppendLogResponseHandler: Failed appendEntries: org.apache.ratis.thirdparty.io.grpc.StatusRuntimeException: UNAVAILABLE: io exception
2022-03-06 23:39:40,366 [grpc-default-executor-5] WARN  server.GrpcLogAppender (GrpcLogAppender.java:resetClient(110)) - ca22b40f-bcca-4dce-b03d-42f8a600d1bd@group-B6675D5AA9D0->e54240a4-5fb6-4317-aa96-83a11ada3c80-GrpcLogAppender: Leader has not got in touch with Follower ca22b40f-bcca-4dce-b03d-42f8a600d1bd@group-B6675D5AA9D0->e54240a4-5fb6-4317-aa96-83a11ada3c80(c0,m0,n1, attendVote=true, lastRpcSendTime=0, lastRpcResponseTime=15076) yet, just keep nextIndex unchanged and retry.
2022-03-06 23:39:41,300 [EndpointStateMachine task thread for /0.0.0.0:33845 - 0 ] INFO  ipc.Client (Client.java:handleConnectionFailure(977)) - Retrying connect to server: 0.0.0.0/0.0.0.0:33845. Already tried 4 time(s); retry policy is RetryUpToMaximumCountWithFixedSleep(maxRetries=15, sleepTime=1000 MILLISECONDS)
2022-03-06 23:39:42,301 [EndpointStateMachine task thread for /0.0.0.0:33845 - 0 ] INFO  ipc.Client (Client.java:handleConnectionFailure(977)) - Retrying connect to server: 0.0.0.0/0.0.0.0:33845. Already tried 5 time(s); retry policy is RetryUpToMaximumCountWithFixedSleep(maxRetries=15, sleepTime=1000 MILLISECONDS)
2022-03-06 23:39:42,871 [grpc-default-executor-5] WARN  server.GrpcLogAppender (LogUtils.java:warn(122)) - ca22b40f-bcca-4dce-b03d-42f8a600d1bd@group-B6675D5AA9D0->e54240a4-5fb6-4317-aa96-83a11ada3c80-AppendLogResponseHandler: Failed appendEntries: org.apache.ratis.thirdparty.io.grpc.StatusRuntimeException: UNAVAILABLE: io exception
2022-03-06 23:39:42,872 [grpc-default-executor-5] WARN  server.GrpcLogAppender (GrpcLogAppender.java:resetClient(110)) - ca22b40f-bcca-4dce-b03d-42f8a600d1bd@group-B6675D5AA9D0->e54240a4-5fb6-4317-aa96-83a11ada3c80-GrpcLogAppender: Leader has not got in touch with Follower ca22b40f-bcca-4dce-b03d-42f8a600d1bd@group-B6675D5AA9D0->e54240a4-5fb6-4317-aa96-83a11ada3c80(c0,m0,n1, attendVote=true, lastRpcSendTime=2507, lastRpcResponseTime=17583) yet, just keep nextIndex unchanged and retry.
2022-03-06 23:39:43,302 [EndpointStateMachine task thread for /0.0.0.0:33845 - 0 ] INFO  ipc.Client (Client.java:handleConnectionFailure(977)) - Retrying connect to server: 0.0.0.0/0.0.0.0:33845. Already tried 6 time(s); retry policy is RetryUpToMaximumCountWithFixedSleep(maxRetries=15, sleepTime=1000 MILLISECONDS)
2022-03-06 23:39:44,302 [EndpointStateMachine task thread for /0.0.0.0:33845 - 0 ] INFO  ipc.Client (Client.java:handleConnectionFailure(977)) - Retrying connect to server: 0.0.0.0/0.0.0.0:33845. Already tried 7 time(s); retry policy is RetryUpToMaximumCountWithFixedSleep(maxRetries=15, sleepTime=1000 MILLISECONDS)
2022-03-06 23:39:45,303 [EndpointStateMachine task thread for /0.0.0.0:33845 - 0 ] INFO  ipc.Client (Client.java:handleConnectionFailure(977)) - Retrying connect to server: 0.0.0.0/0.0.0.0:33845. Already tried 8 time(s); retry policy is RetryUpToMaximumCountWithFixedSleep(maxRetries=15, sleepTime=1000 MILLISECONDS)
2022-03-06 23:39:45,387 [grpc-default-executor-5] WARN  server.GrpcLogAppender (LogUtils.java:warn(122)) - ca22b40f-bcca-4dce-b03d-42f8a600d1bd@group-B6675D5AA9D0->e54240a4-5fb6-4317-aa96-83a11ada3c80-AppendLogResponseHandler: Failed appendEntries: org.apache.ratis.thirdparty.io.grpc.StatusRuntimeException: UNAVAILABLE: io exception
2022-03-06 23:39:45,388 [grpc-default-executor-5] WARN  server.GrpcLogAppender (GrpcLogAppender.java:resetClient(110)) - ca22b40f-bcca-4dce-b03d-42f8a600d1bd@group-B6675D5AA9D0->e54240a4-5fb6-4317-aa96-83a11ada3c80-GrpcLogAppender: Leader has not got in touch with Follower ca22b40f-bcca-4dce-b03d-42f8a600d1bd@group-B6675D5AA9D0->e54240a4-5fb6-4317-aa96-83a11ada3c80(c0,m0,n1, attendVote=true, lastRpcSendTime=3, lastRpcResponseTime=20098) yet, just keep nextIndex unchanged and retry.
2022-03-06 23:39:46,304 [EndpointStateMachine task thread for /0.0.0.0:33845 - 0 ] INFO  ipc.Client (Client.java:handleConnectionFailure(977)) - Retrying connect to server: 0.0.0.0/0.0.0.0:33845. Already tried 9 time(s); retry policy is RetryUpToMaximumCountWithFixedSleep(maxRetries=15, sleepTime=1000 MILLISECONDS)
2022-03-06 23:39:47,305 [EndpointStateMachine task thread for /0.0.0.0:33845 - 0 ] INFO  ipc.Client (Client.java:handleConnectionFailure(977)) - Retrying connect to server: 0.0.0.0/0.0.0.0:33845. Already tried 10 time(s); retry policy is RetryUpToMaximumCountWithFixedSleep(maxRetries=15, sleepTime=1000 MILLISECONDS)
2022-03-06 23:39:47,885 [grpc-default-executor-5] WARN  server.GrpcLogAppender (LogUtils.java:warn(122)) - ca22b40f-bcca-4dce-b03d-42f8a600d1bd@group-B6675D5AA9D0->e54240a4-5fb6-4317-aa96-83a11ada3c80-AppendLogResponseHandler: Failed appendEntries: org.apache.ratis.thirdparty.io.grpc.StatusRuntimeException: UNAVAILABLE: io exception
2022-03-06 23:39:47,886 [grpc-default-executor-5] WARN  server.GrpcLogAppender (GrpcLogAppender.java:resetClient(110)) - ca22b40f-bcca-4dce-b03d-42f8a600d1bd@group-B6675D5AA9D0->e54240a4-5fb6-4317-aa96-83a11ada3c80-GrpcLogAppender: Leader has not got in touch with Follower ca22b40f-bcca-4dce-b03d-42f8a600d1bd@group-B6675D5AA9D0->e54240a4-5fb6-4317-aa96-83a11ada3c80(c0,m0,n1, attendVote=true, lastRpcSendTime=0, lastRpcResponseTime=22596) yet, just keep nextIndex unchanged and retry.
2022-03-06 23:39:48,312 [EndpointStateMachine task thread for /0.0.0.0:33845 - 0 ] INFO  ipc.Client (Client.java:handleConnectionFailure(977)) - Retrying connect to server: 0.0.0.0/0.0.0.0:33845. Already tried 11 time(s); retry policy is RetryUpToMaximumCountWithFixedSleep(maxRetries=15, sleepTime=1000 MILLISECONDS)
2022-03-06 23:39:49,313 [EndpointStateMachine task thread for /0.0.0.0:33845 - 0 ] INFO  ipc.Client (Client.java:handleConnectionFailure(977)) - Retrying connect to server: 0.0.0.0/0.0.0.0:33845. Already tried 12 time(s); retry policy is RetryUpToMaximumCountWithFixedSleep(maxRetries=15, sleepTime=1000 MILLISECONDS)
2022-03-06 23:39:50,316 [EndpointStateMachine task thread for /0.0.0.0:33845 - 0 ] INFO  ipc.Client (Client.java:handleConnectionFailure(977)) - Retrying connect to server: 0.0.0.0/0.0.0.0:33845. Already tried 13 time(s); retry policy is RetryUpToMaximumCountWithFixedSleep(maxRetries=15, sleepTime=1000 MILLISECONDS)
2022-03-06 23:39:50,397 [grpc-default-executor-5] WARN  server.GrpcLogAppender (LogUtils.java:warn(122)) - ca22b40f-bcca-4dce-b03d-42f8a600d1bd@group-B6675D5AA9D0->e54240a4-5fb6-4317-aa96-83a11ada3c80-AppendLogResponseHandler: Failed appendEntries: org.apache.ratis.thirdparty.io.grpc.StatusRuntimeException: UNAVAILABLE: io exception
2022-03-06 23:39:50,397 [grpc-default-executor-5] WARN  server.GrpcLogAppender (GrpcLogAppender.java:resetClient(110)) - ca22b40f-bcca-4dce-b03d-42f8a600d1bd@group-B6675D5AA9D0->e54240a4-5fb6-4317-aa96-83a11ada3c80-GrpcLogAppender: Leader has not got in touch with Follower ca22b40f-bcca-4dce-b03d-42f8a600d1bd@group-B6675D5AA9D0->e54240a4-5fb6-4317-aa96-83a11ada3c80(c0,m0,n1, attendVote=true, lastRpcSendTime=1, lastRpcResponseTime=25108) yet, just keep nextIndex unchanged and retry.
2022-03-06 23:39:51,316 [EndpointStateMachine task thread for /0.0.0.0:33845 - 0 ] INFO  ipc.Client (Client.java:handleConnectionFailure(977)) - Retrying connect to server: 0.0.0.0/0.0.0.0:33845. Already tried 14 time(s); retry policy is RetryUpToMaximumCountWithFixedSleep(maxRetries=15, sleepTime=1000 MILLISECONDS)
2022-03-06 23:39:51,317 [EndpointStateMachine task thread for /0.0.0.0:33845 - 0 ] WARN  statemachine.EndpointStateMachine (EndpointStateMachine.java:logIfNeeded(236)) - Unable to communicate to SCM server at 0.0.0.0:33845 for past 0 seconds.
java.net.ConnectException: Your endpoint configuration is wrong; For more details see:  http://wiki.apache.org/hadoop/UnsetHostnameOrPort
	at sun.reflect.NativeConstructorAccessorImpl.newInstance0(Native Method)
	at sun.reflect.NativeConstructorAccessorImpl.newInstance(NativeConstructorAccessorImpl.java:62)
	at sun.reflect.DelegatingConstructorAccessorImpl.newInstance(DelegatingConstructorAccessorImpl.java:45)
	at java.lang.reflect.Constructor.newInstance(Constructor.java:423)
	at org.apache.hadoop.net.NetUtils.wrapWithMessage(NetUtils.java:913)
	at org.apache.hadoop.net.NetUtils.wrapException(NetUtils.java:824)
	at org.apache.hadoop.ipc.Client.getRpcResponse(Client.java:1577)
	at org.apache.hadoop.ipc.Client.call(Client.java:1519)
	at org.apache.hadoop.ipc.Client.call(Client.java:1416)
	at org.apache.hadoop.ipc.ProtobufRpcEngine$Invoker.invoke(ProtobufRpcEngine.java:236)
	at org.apache.hadoop.ipc.ProtobufRpcEngine$Invoker.invoke(ProtobufRpcEngine.java:123)
	at com.sun.proxy.$Proxy49.submitRequest(Unknown Source)
	at org.apache.hadoop.ozone.protocolPB.StorageContainerDatanodeProtocolClientSideTranslatorPB.submitRequest(StorageContainerDatanodeProtocolClientSideTranslatorPB.java:117)
	at org.apache.hadoop.ozone.protocolPB.StorageContainerDatanodeProtocolClientSideTranslatorPB.getVersion(StorageContainerDatanodeProtocolClientSideTranslatorPB.java:133)
	at org.apache.hadoop.ozone.container.common.states.endpoint.VersionEndpointTask.call(VersionEndpointTask.java:71)
	at org.apache.hadoop.ozone.container.common.states.endpoint.VersionEndpointTask.call(VersionEndpointTask.java:42)
	at java.util.concurrent.FutureTask.run(FutureTask.java:266)
	at java.util.concurrent.ThreadPoolExecutor.runWorker(ThreadPoolExecutor.java:1149)
	at java.util.concurrent.ThreadPoolExecutor$Worker.run(ThreadPoolExecutor.java:624)
	at java.lang.Thread.run(Thread.java:750)
Caused by: java.net.ConnectException: Connection refused
	at sun.nio.ch.SocketChannelImpl.checkConnect(Native Method)
	at sun.nio.ch.SocketChannelImpl.finishConnect(SocketChannelImpl.java:716)
	at org.apache.hadoop.net.SocketIOWithTimeout.connect(SocketIOWithTimeout.java:206)
	at org.apache.hadoop.net.NetUtils.connect(NetUtils.java:586)
	at org.apache.hadoop.ipc.Client$Connection.setupConnection(Client.java:701)
	at org.apache.hadoop.ipc.Client$Connection.setupIOstreams(Client.java:822)
	at org.apache.hadoop.ipc.Client$Connection.access$3800(Client.java:414)
	at org.apache.hadoop.ipc.Client.getConnection(Client.java:1647)
	at org.apache.hadoop.ipc.Client.call(Client.java:1463)
	... 12 more
2022-03-06 23:39:51,874 [Listener at 127.0.0.1/33193] INFO  ozone.MiniOzoneClusterImpl (MiniOzoneClusterImpl.java:restartStorageContainerManager(357)) - Restarting SCM in cluster class org.apache.hadoop.ozone.MiniOzoneClusterImpl
2022-03-06 23:39:51,874 [Listener at 127.0.0.1/33193] INFO  server.StorageContainerManager (StorageContainerManager.java:stop(1414)) - Stopping Container Balancer service.
2022-03-06 23:39:51,874 [Listener at 127.0.0.1/33193] INFO  balancer.ContainerBalancer (ContainerBalancer.java:stop(788)) - Container Balancer is not running.
2022-03-06 23:39:51,874 [Listener at 127.0.0.1/33193] INFO  server.StorageContainerManager (StorageContainerManager.java:stop(1421)) - Stopping Replication Manager Service.
2022-03-06 23:39:51,874 [Listener at 127.0.0.1/33193] INFO  container.ReplicationManager (ReplicationManager.java:stop(364)) - Replication Monitor Thread is not running.
2022-03-06 23:39:51,874 [Listener at 127.0.0.1/33193] INFO  server.StorageContainerManager (StorageContainerManager.java:stop(1428)) - Stopping the Datanode Admin Monitor.
2022-03-06 23:39:51,874 [Listener at 127.0.0.1/33193] INFO  server.StorageContainerManager (StorageContainerManager.java:stop(1435)) - Stopping Lease Manager of the command watchers
2022-03-06 23:39:51,875 [Listener at 127.0.0.1/33193] ERROR server.StorageContainerManager (StorageContainerManager.java:stop(1438)) - Lease Manager of the command watchers stop failed
2022-03-06 23:39:51,875 [Listener at 127.0.0.1/33193] INFO  server.StorageContainerManager (StorageContainerManager.java:stop(1442)) - Stopping datanode service RPC server
2022-03-06 23:39:51,875 [Listener at 127.0.0.1/33193] INFO  server.SCMDatanodeProtocolServer (SCMDatanodeProtocolServer.java:stop(400)) - Stopping the RPC server for DataNodes
2022-03-06 23:39:51,875 [Listener at 127.0.0.1/33193] INFO  ipc.Server (Server.java:stop(3414)) - Stopping server on 33845
2022-03-06 23:39:51,875 [Listener at 127.0.0.1/33193] INFO  server.StorageContainerManager (StorageContainerManager.java:stop(1450)) - Stopping block service RPC server
2022-03-06 23:39:51,875 [Listener at 127.0.0.1/33193] INFO  server.SCMBlockProtocolServer (SCMBlockProtocolServer.java:stop(160)) - Stopping the RPC server for Block Protocol
2022-03-06 23:39:51,875 [Listener at 127.0.0.1/33193] INFO  ipc.Server (Server.java:stop(3414)) - Stopping server on 44023
2022-03-06 23:39:51,875 [Listener at 127.0.0.1/33193] INFO  server.StorageContainerManager (StorageContainerManager.java:stop(1457)) - Stopping the StorageContainerLocationProtocol RPC server
2022-03-06 23:39:51,875 [Listener at 127.0.0.1/33193] INFO  server.SCMClientProtocolServer (SCMClientProtocolServer.java:stop(174)) - Stopping the RPC server for Client Protocol
2022-03-06 23:39:51,875 [Listener at 127.0.0.1/33193] INFO  ipc.Server (Server.java:stop(3414)) - Stopping server on 36201
2022-03-06 23:39:51,875 [Listener at 127.0.0.1/33193] INFO  server.StorageContainerManager (StorageContainerManager.java:stop(1464)) - Stopping Storage Container Manager HTTP server.
2022-03-06 23:39:51,875 [Listener at 127.0.0.1/33193] INFO  server.StorageContainerManager (StorageContainerManager.java:stop(1475)) - Stopping Block Manager Service.
2022-03-06 23:39:51,875 [Listener at 127.0.0.1/33193] INFO  utils.BackgroundService (BackgroundService.java:shutdown(132)) - Shutting down service SCMBlockDeletingService
2022-03-06 23:39:51,875 [Listener at 127.0.0.1/33193] INFO  utils.BackgroundService (BackgroundService.java:shutdown(132)) - Shutting down service SCMBlockDeletingService
2022-03-06 23:39:51,875 [Listener at 127.0.0.1/33193] INFO  server.StorageContainerManager (StorageContainerManager.java:stop(1502)) - Stopping SCM Event Queue.
2022-03-06 23:39:51,876 [Listener at 127.0.0.1/33193] INFO  server.StorageContainerManager (StorageContainerManager.java:stop(1513)) - Stopping SCM HA services.
2022-03-06 23:39:51,876 [Listener at 127.0.0.1/33193] INFO  ha.SCMRatisServerImpl (SCMRatisServerImpl.java:stop(236)) - stopping ratis server 0.0.0.0:9894
2022-03-06 23:39:51,876 [Listener at 127.0.0.1/33193] WARN  pipeline.BackgroundPipelineCreator (BackgroundPipelineCreator.java:stop(154)) - RatisPipelineUtilsThread is not running, just ignore.
2022-03-06 23:39:51,876 [Listener at 127.0.0.1/33193] INFO  server.StorageContainerManager (StorageContainerManager.java:stop(1523)) - Stopping SCM MetadataStore.
2022-03-06 23:39:51,876 [Listener at 127.0.0.1/33193] INFO  impl.MetricsSystemImpl (MetricsSystemImpl.java:stop(210)) - Stopping HddsDatanode metrics system...
2022-03-06 23:39:51,908 [prometheus] INFO  impl.MetricsSinkAdapter (MetricsSinkAdapter.java:publishMetricsFromQueue(141)) - prometheus thread interrupted.
2022-03-06 23:39:51,909 [Listener at 127.0.0.1/33193] INFO  impl.MetricsSystemImpl (MetricsSystemImpl.java:stop(216)) - HddsDatanode metrics system stopped.
2022-03-06 23:39:51,909 [Listener at 127.0.0.1/33193] INFO  ha.SCMHANodeDetails (SCMHANodeDetails.java:loadSCMHAConfig(157)) - ServiceID for StorageContainerManager is null
2022-03-06 23:39:51,909 [Listener at 127.0.0.1/33193] INFO  ha.SCMHANodeDetails (SCMHANodeDetails.java:loadSCMHAConfig(162)) - ozone.scm.default.service.id is not defined, falling back to ozone.scm.service.ids to find serviceID for StorageContainerManager if it is HA enabled cluster
2022-03-06 23:39:51,910 [Listener at 127.0.0.1/33193] WARN  server.ServerUtils (ServerUtils.java:getScmDbDir(148)) - ozone.scm.db.dirs is not configured. We recommend adding this setting. Falling back to ozone.metadata.dirs instead.
2022-03-06 23:39:51,910 [Listener at 127.0.0.1/33193] INFO  upgrade.AbstractLayoutVersionManager (AbstractLayoutVersionManager.java:init(79)) - Initializing Layout version manager with metadata layout = SCM_HA (version = 2), software layout = SCM_HA (version = 2)
2022-03-06 23:39:52,053 [Listener at 127.0.0.1/33193] INFO  reflections.Reflections (Reflections.java:scan(232)) - Reflections took 142 ms to scan 7 urls, producing 122 keys and 286 values 
2022-03-06 23:39:52,055 [Listener at 127.0.0.1/33193] WARN  utils.HAUtils (HAUtils.java:getMetaDir(342)) - ozone.scm.db.dirs is not configured. We recommend adding this setting. Falling back to ozone.metadata.dirs instead.
2022-03-06 23:39:52,059 [Listener at 127.0.0.1/33193] WARN  db.DBStoreBuilder (DBStoreBuilder.java:applyDBDefinition(145)) - ozone.scm.db.dirs is not configured. We recommend adding this setting. Falling back to ozone.metadata.dirs instead.
2022-03-06 23:39:52,266 [Listener at 127.0.0.1/33193] INFO  net.NodeSchemaLoader (NodeSchemaLoader.java:loadSchemaFromFile(129)) - Loading schema from [jar:file:/home/runner/.m2/repository/org/apache/ozone/hdds-common/1.3.0-SNAPSHOT/hdds-common-1.3.0-SNAPSHOT.jar!/network-topology-default.xml]
2022-03-06 23:39:52,272 [Listener at 127.0.0.1/33193] INFO  net.NodeSchemaLoader (NodeSchemaLoader.java:loadSchema(176)) - Loading network topology layer schema file
2022-03-06 23:39:52,289 [Listener at 127.0.0.1/33193] WARN  impl.MetricRegistriesImpl (MetricRegistriesImpl.java:addReporterRegistration(111)) - New reporters are added after registries were created. Some metrics will be missing from the reporter. Please add reporter before adding any new registry.
2022-03-06 23:39:52,289 [Listener at 127.0.0.1/33193] WARN  impl.MetricRegistriesImpl (MetricRegistriesImpl.java:addReporterRegistration(111)) - New reporters are added after registries were created. Some metrics will be missing from the reporter. Please add reporter before adding any new registry.
2022-03-06 23:39:52,291 [Listener at 127.0.0.1/33193] INFO  ha.SCMRatisServerImpl (SCMRatisServerImpl.java:<init>(87)) - starting Raft server for scm:6e71cd40-ad6e-421f-b1db-df6cb86c3193
2022-03-06 23:39:52,291 [Listener at 127.0.0.1/33193] INFO  server.RaftServer (ConfUtils.java:logGet(44)) - raft.rpc.type = GRPC (default)
2022-03-06 23:39:52,291 [Listener at 127.0.0.1/33193] INFO  grpc.GrpcFactory (GrpcFactory.java:checkPooledByteBufAllocatorUseCacheForAllThreads(48)) - PERFORMANCE WARNING: useCacheForAllThreads is true that may cause Netty to create a lot garbage objects and, as a result, trigger GC.
	It is recommended to disable useCacheForAllThreads by setting -Dorg.apache.ratis.thirdparty.io.netty.allocator.useCacheForAllThreads=false in command line.
2022-03-06 23:39:52,291 [Listener at 127.0.0.1/33193] INFO  grpc.GrpcConfigKeys (ConfUtils.java:logGet(44)) - raft.grpc.admin.port = -1 (default)
2022-03-06 23:39:52,292 [Listener at 127.0.0.1/33193] INFO  grpc.GrpcConfigKeys (ConfUtils.java:logGet(44)) - raft.grpc.server.port = 9894 (custom)
2022-03-06 23:39:52,292 [Listener at 127.0.0.1/33193] INFO  grpc.GrpcConfigKeys (ConfUtils.java:logGet(44)) - raft.grpc.client.port = -1 (default)
2022-03-06 23:39:52,294 [Listener at 127.0.0.1/33193] INFO  grpc.GrpcConfigKeys (ConfUtils.java:logGet(44)) - raft.grpc.server.port = 9894 (custom)
2022-03-06 23:39:52,294 [Listener at 127.0.0.1/33193] INFO  grpc.GrpcConfigKeys (ConfUtils.java:logGet(44)) - raft.grpc.server.port = 9894 (custom)
2022-03-06 23:39:52,295 [Listener at 127.0.0.1/33193] INFO  server.GrpcService (ConfUtils.java:logGet(44)) - raft.grpc.message.size.max = 32m (=33554432) (custom)
2022-03-06 23:39:52,295 [Listener at 127.0.0.1/33193] INFO  server.RaftServerConfigKeys (ConfUtils.java:logGet(44)) - raft.server.log.appender.buffer.byte-limit = 33554432 (custom)
2022-03-06 23:39:52,295 [Listener at 127.0.0.1/33193] INFO  server.GrpcService (ConfUtils.java:logGet(44)) - raft.grpc.flow.control.window = 1MB (=1048576) (default)
2022-03-06 23:39:52,295 [Listener at 127.0.0.1/33193] INFO  server.RaftServerConfigKeys (ConfUtils.java:logGet(44)) - raft.server.rpc.request.timeout = 30000ms (custom)
2022-03-06 23:39:52,296 [Listener at 127.0.0.1/33193] INFO  impl.DataStreamServerImpl (ConfUtils.java:logGet(44)) - raft.datastream.type = DISABLED (default)
2022-03-06 23:39:52,300 [Listener at 127.0.0.1/33193] INFO  server.RaftServerConfigKeys (ConfUtils.java:logGet(44)) - raft.server.rpc.slowness.timeout = 120000ms (custom)
2022-03-06 23:39:52,300 [Listener at 127.0.0.1/33193] INFO  server.RaftServerConfigKeys (ConfUtils.java:logGet(44)) - raft.server.leaderelection.leader.step-down.wait-time = 10s (default)
2022-03-06 23:39:52,301 [Listener at 127.0.0.1/33193] INFO  server.RaftServerConfigKeys (ConfUtils.java:logGet(44)) - raft.server.storage.dir = [/home/runner/work/ozone/ozone/hadoop-ozone/integration-test/target/test-dir/MiniOzoneClusterImpl-1620ac7c-bf10-4486-a396-49b527acbb1b/ozone-meta/scm-ha] (custom)
2022-03-06 23:39:52,301 [Listener at 127.0.0.1/33193] INFO  server.RaftServer (RaftServerProxy.java:lambda$null$1(235)) - 6e71cd40-ad6e-421f-b1db-df6cb86c3193: found a subdirectory /home/runner/work/ozone/ozone/hadoop-ozone/integration-test/target/test-dir/MiniOzoneClusterImpl-1620ac7c-bf10-4486-a396-49b527acbb1b/ozone-meta/scm-ha/1620ac7c-bf10-4486-a396-49b527acbb1b
2022-03-06 23:39:52,308 [Listener at 127.0.0.1/33193] INFO  server.RaftServer (RaftServerProxy.java:addNew(95)) - 6e71cd40-ad6e-421f-b1db-df6cb86c3193: addNew group-49B527ACBB1B:[] returns group-49B527ACBB1B:java.util.concurrent.CompletableFuture@ff09365[Not completed]
2022-03-06 23:39:52,309 [pool-364-thread-1] INFO  ha.SCMStateMachine (SCMStateMachine.java:<init>(97)) - Updated lastAppliedTermIndex 2#18 with transactionInfo term andIndex
2022-03-06 23:39:52,309 [pool-364-thread-1] INFO  server.RaftServer$Division (RaftServerImpl.java:<init>(184)) - 6e71cd40-ad6e-421f-b1db-df6cb86c3193: new RaftServerImpl for group-49B527ACBB1B:[] with SCMStateMachine:uninitialized
2022-03-06 23:39:52,311 [pool-364-thread-1] INFO  server.RaftServerConfigKeys (ConfUtils.java:logGet(44)) - raft.server.rpc.timeout.min = 5000ms (custom)
2022-03-06 23:39:52,312 [pool-364-thread-1] INFO  server.RaftServerConfigKeys (ConfUtils.java:logGet(44)) - raft.server.rpc.timeout.max = 5200ms (custom)
2022-03-06 23:39:52,312 [pool-364-thread-1] INFO  server.RaftServerConfigKeys (ConfUtils.java:logGet(44)) - raft.server.rpc.sleep.time = 25ms (default)
2022-03-06 23:39:52,312 [pool-364-thread-1] INFO  server.RaftServerConfigKeys (ConfUtils.java:logGet(44)) - raft.server.rpc.slowness.timeout = 120000ms (custom)
2022-03-06 23:39:52,312 [pool-364-thread-1] INFO  server.RaftServerConfigKeys (ConfUtils.java:logGet(44)) - raft.server.leaderelection.leader.step-down.wait-time = 10s (default)
2022-03-06 23:39:52,312 [pool-364-thread-1] INFO  server.RaftServerConfigKeys (ConfUtils.java:logGet(44)) - raft.server.sleep.deviation.threshold = 300ms (default)
2022-03-06 23:39:52,312 [pool-364-thread-1] INFO  server.RaftServerConfigKeys (ConfUtils.java:logGet(44)) - raft.server.log.appender.install.snapshot.enabled = false (custom)
2022-03-06 23:39:52,312 [pool-364-thread-1] INFO  server.RaftServer$Division (ServerState.java:<init>(105)) - 6e71cd40-ad6e-421f-b1db-df6cb86c3193@group-49B527ACBB1B: ConfigurationManager, init=-1: [], old=null, confs=<EMPTY_MAP>
2022-03-06 23:39:52,312 [pool-364-thread-1] INFO  server.RaftServerConfigKeys (ConfUtils.java:logGet(44)) - raft.server.storage.dir = [/home/runner/work/ozone/ozone/hadoop-ozone/integration-test/target/test-dir/MiniOzoneClusterImpl-1620ac7c-bf10-4486-a396-49b527acbb1b/ozone-meta/scm-ha] (custom)
2022-03-06 23:39:52,312 [pool-364-thread-1] INFO  server.RaftServerConfigKeys (ConfUtils.java:logGet(44)) - raft.server.log.corruption.policy = EXCEPTION (default)
2022-03-06 23:39:52,312 [pool-364-thread-1] INFO  server.RaftServerConfigKeys (ConfUtils.java:logGet(44)) - raft.server.storage.free-space.min = 0MB (=0) (default)
2022-03-06 23:39:52,315 [pool-364-thread-1] INFO  storage.RaftStorageDirectory (RaftStorageDirectoryImpl.java:tryLock(230)) - Lock on /home/runner/work/ozone/ozone/hadoop-ozone/integration-test/target/test-dir/MiniOzoneClusterImpl-1620ac7c-bf10-4486-a396-49b527acbb1b/ozone-meta/scm-ha/1620ac7c-bf10-4486-a396-49b527acbb1b/in_use.lock acquired by nodename 21167@fv-az148-899
2022-03-06 23:39:52,315 [pool-364-thread-1] INFO  storage.RaftStorage (RaftStorageImpl.java:analyzeAndRecoverStorage(110)) - Read RaftStorageMetadata{term=2, votedFor=6e71cd40-ad6e-421f-b1db-df6cb86c3193} from /home/runner/work/ozone/ozone/hadoop-ozone/integration-test/target/test-dir/MiniOzoneClusterImpl-1620ac7c-bf10-4486-a396-49b527acbb1b/ozone-meta/scm-ha/1620ac7c-bf10-4486-a396-49b527acbb1b/current/raft-meta
2022-03-06 23:39:52,316 [pool-364-thread-1] INFO  server.RaftServer$Division (ServerState.java:setRaftConf(387)) - 6e71cd40-ad6e-421f-b1db-df6cb86c3193@group-49B527ACBB1B: set configuration 1: [6e71cd40-ad6e-421f-b1db-df6cb86c3193|rpc:fv-az148-899:9894|admin:|client:|dataStream:|priority:0], old=null
2022-03-06 23:39:52,316 [pool-364-thread-1] INFO  server.RaftServerConfigKeys (ConfUtils.java:logGet(44)) - raft.server.notification.no-leader.timeout = 60s (default)
2022-03-06 23:39:52,316 [pool-364-thread-1] INFO  server.RaftServerConfigKeys (ConfUtils.java:logGet(44)) - raft.server.log.use.memory = false (default)
2022-03-06 23:39:52,316 [pool-364-thread-1] INFO  server.RaftServerConfigKeys (ConfUtils.java:logGet(44)) - raft.server.log.purge.gap = 1000000 (custom)
2022-03-06 23:39:52,316 [pool-364-thread-1] INFO  server.RaftServerConfigKeys (ConfUtils.java:logGet(44)) - raft.server.log.appender.buffer.byte-limit = 33554432 (custom)
2022-03-06 23:39:52,316 [pool-364-thread-1] INFO  server.RaftServerConfigKeys (ConfUtils.java:logGet(44)) - raft.server.log.segment.size.max = 4194304 (custom)
2022-03-06 23:39:52,316 [pool-364-thread-1] INFO  server.RaftServerConfigKeys (ConfUtils.java:logGet(44)) - raft.server.log.segment.cache.num.max = 2 (custom)
2022-03-06 23:39:52,317 [pool-364-thread-1] INFO  server.RaftServerConfigKeys (ConfUtils.java:logGet(44)) - raft.server.log.segment.cache.size.max = 200MB (=209715200) (default)
2022-03-06 23:39:52,317 [pool-364-thread-1] INFO  segmented.SegmentedRaftLogWorker (SegmentedRaftLogWorker.java:<init>(182)) - new 6e71cd40-ad6e-421f-b1db-df6cb86c3193@group-49B527ACBB1B-SegmentedRaftLogWorker for RaftStorageImpl:Storage Directory /home/runner/work/ozone/ozone/hadoop-ozone/integration-test/target/test-dir/MiniOzoneClusterImpl-1620ac7c-bf10-4486-a396-49b527acbb1b/ozone-meta/scm-ha/1620ac7c-bf10-4486-a396-49b527acbb1b
2022-03-06 23:39:52,317 [pool-364-thread-1] INFO  server.RaftServerConfigKeys (ConfUtils.java:logGet(44)) - raft.server.log.queue.byte-limit = 64MB (=67108864) (default)
2022-03-06 23:39:52,317 [pool-364-thread-1] INFO  server.RaftServerConfigKeys (ConfUtils.java:logGet(44)) - raft.server.log.queue.element-limit = 4096 (default)
2022-03-06 23:39:52,317 [pool-364-thread-1] INFO  server.RaftServerConfigKeys (ConfUtils.java:logGet(44)) - raft.server.log.segment.size.max = 4194304 (custom)
2022-03-06 23:39:52,317 [pool-364-thread-1] INFO  server.RaftServerConfigKeys (ConfUtils.java:logGet(44)) - raft.server.log.preallocated.size = 4194304 (custom)
2022-03-06 23:39:52,317 [pool-364-thread-1] INFO  server.RaftServerConfigKeys (ConfUtils.java:logGet(44)) - raft.server.log.force.sync.num = 128 (default)
2022-03-06 23:39:52,317 [pool-364-thread-1] INFO  server.RaftServerConfigKeys (ConfUtils.java:logGet(44)) - raft.server.log.statemachine.data.sync = true (default)
2022-03-06 23:39:52,317 [pool-364-thread-1] INFO  server.RaftServerConfigKeys (ConfUtils.java:logGet(44)) - raft.server.log.statemachine.data.sync.timeout = 10s (default)
2022-03-06 23:39:52,317 [pool-364-thread-1] INFO  server.RaftServerConfigKeys (ConfUtils.java:logGet(44)) - raft.server.log.statemachine.data.sync.timeout.retry = -1 (default)
2022-03-06 23:39:52,318 [pool-364-thread-1] INFO  server.RaftServerConfigKeys (ConfUtils.java:logGet(44)) - raft.server.log.write.buffer.size = 64KB (=65536) (default)
2022-03-06 23:39:52,318 [pool-364-thread-1] INFO  server.RaftServerConfigKeys (ConfUtils.java:logGet(44)) - raft.server.log.statemachine.data.caching.enabled = false (default)
2022-03-06 23:39:52,319 [pool-364-thread-1] INFO  server.RaftServer$Division (ServerState.java:setRaftConf(387)) - 6e71cd40-ad6e-421f-b1db-df6cb86c3193@group-49B527ACBB1B: set configuration 0: [6e71cd40-ad6e-421f-b1db-df6cb86c3193|rpc:fv-az148-899:9894|admin:|client:|dataStream:|priority:0], old=null
2022-03-06 23:39:52,320 [pool-364-thread-1] INFO  segmented.LogSegment (LogSegment.java:loadSegment(173)) - Successfully read 1 entries from segment file /home/runner/work/ozone/ozone/hadoop-ozone/integration-test/target/test-dir/MiniOzoneClusterImpl-1620ac7c-bf10-4486-a396-49b527acbb1b/ozone-meta/scm-ha/1620ac7c-bf10-4486-a396-49b527acbb1b/current/log_0-0
2022-03-06 23:39:52,320 [EndpointStateMachine task thread for /0.0.0.0:33845 - 0 ] INFO  ipc.Client (Client.java:handleConnectionFailure(977)) - Retrying connect to server: 0.0.0.0/0.0.0.0:33845. Already tried 0 time(s); retry policy is RetryUpToMaximumCountWithFixedSleep(maxRetries=15, sleepTime=1000 MILLISECONDS)
2022-03-06 23:39:52,325 [pool-364-thread-1] INFO  server.RaftServer$Division (ServerState.java:setRaftConf(387)) - 6e71cd40-ad6e-421f-b1db-df6cb86c3193@group-49B527ACBB1B: set configuration 1: [6e71cd40-ad6e-421f-b1db-df6cb86c3193|rpc:fv-az148-899:9894|admin:|client:|dataStream:|priority:0], old=null
2022-03-06 23:39:52,329 [pool-364-thread-1] INFO  segmented.LogSegment (LogSegment.java:loadSegment(173)) - Successfully read 18 entries from segment file /home/runner/work/ozone/ozone/hadoop-ozone/integration-test/target/test-dir/MiniOzoneClusterImpl-1620ac7c-bf10-4486-a396-49b527acbb1b/ozone-meta/scm-ha/1620ac7c-bf10-4486-a396-49b527acbb1b/current/log_inprogress_1
2022-03-06 23:39:52,329 [pool-364-thread-1] INFO  segmented.SegmentedRaftLogWorker (SegmentedRaftLogWorker.java:lambda$new$0(133)) - 6e71cd40-ad6e-421f-b1db-df6cb86c3193@group-49B527ACBB1B-SegmentedRaftLogWorker: flushIndex: setUnconditionally 0 -> 18
2022-03-06 23:39:52,329 [pool-364-thread-1] INFO  segmented.SegmentedRaftLogWorker (SegmentedRaftLogWorker.java:lambda$new$0(133)) - 6e71cd40-ad6e-421f-b1db-df6cb86c3193@group-49B527ACBB1B-SegmentedRaftLogWorker: safeCacheEvictIndex: setUnconditionally 0 -> 0
2022-03-06 23:39:52,329 [pool-364-thread-1] INFO  raftlog.RaftLog (RaftLogBase.java:lambda$new$0(53)) - 6e71cd40-ad6e-421f-b1db-df6cb86c3193@group-49B527ACBB1B-SegmentedRaftLog: commitIndex: updateToMax old=18, new=17, updated? false
2022-03-06 23:39:52,329 [pool-364-thread-1] INFO  server.RaftServerConfigKeys (ConfUtils.java:logGet(44)) - raft.server.snapshot.auto.trigger.enabled = true (custom)
2022-03-06 23:39:52,329 [pool-364-thread-1] INFO  server.RaftServerConfigKeys (ConfUtils.java:logGet(44)) - raft.server.snapshot.auto.trigger.threshold = 1000 (custom)
2022-03-06 23:39:52,329 [pool-364-thread-1] INFO  server.RaftServerConfigKeys (ConfUtils.java:logGet(44)) - raft.server.snapshot.retention.file.num = -1 (default)
2022-03-06 23:39:52,329 [pool-364-thread-1] INFO  server.RaftServerConfigKeys (ConfUtils.java:logGet(44)) - raft.server.log.purge.upto.snapshot.index = false (default)
2022-03-06 23:39:52,329 [pool-364-thread-1] INFO  server.RaftServerConfigKeys (ConfUtils.java:logGet(44)) - raft.server.retrycache.expirytime = 60000ms (default)
2022-03-06 23:39:52,330 [pool-364-thread-1] INFO  server.RaftServerConfigKeys (ConfUtils.java:logGet(44)) - raft.server.retrycache.statistics.expirytime = 100μs (default)
2022-03-06 23:39:52,331 [Listener at 127.0.0.1/33193] INFO  ha.SCMSnapshotProvider (SCMSnapshotProvider.java:<init>(66)) - Initializing SCM Snapshot Provider
2022-03-06 23:39:52,331 [Listener at 127.0.0.1/33193] WARN  server.ServerUtils (ServerUtils.java:getDefaultRatisDirectory(237)) - Storage directory for Ratis is not configured. It is a good idea to map this to an SSD disk. Falling back to ozone.metadata.dirs
2022-03-06 23:39:52,331 [Listener at 127.0.0.1/33193] WARN  ha.SCMHAUtils (SCMHAUtils.java:getSCMRatisSnapshotDirectory(151)) - SCM snapshot dir is not configured. Falling back to ozone.metadata.dirs config
2022-03-06 23:39:52,332 [Listener at 127.0.0.1/33193] INFO  ha.SequenceIdGenerator (SequenceIdGenerator.java:<init>(218)) - Init the HA SequenceIdGenerator.
2022-03-06 23:39:52,332 [Listener at 127.0.0.1/33193] WARN  server.ServerUtils (ServerUtils.java:sanitizeUserArgs(73)) - ozone.scm.stale.node.interval value = 300000 is larger than max = 100000 based on the key value of ozone.scm.heartbeat.thread.interval, reset to the max value 100000.
2022-03-06 23:39:52,333 [Listener at 127.0.0.1/33193] WARN  server.ServerUtils (ServerUtils.java:sanitizeUserArgs(73)) - ozone.scm.stale.node.interval value = 300000 is larger than max = 100000 based on the key value of ozone.scm.heartbeat.thread.interval, reset to the max value 100000.
2022-03-06 23:39:52,333 [Listener at 127.0.0.1/33193] INFO  node.SCMNodeManager (SCMNodeManager.java:<init>(146)) - Entering startup safe mode.
2022-03-06 23:39:52,334 [Listener at 127.0.0.1/33193] INFO  algorithms.ContainerPlacementPolicyFactory (ContainerPlacementPolicyFactory.java:getPolicy(60)) - Create container placement policy of type org.apache.hadoop.hdds.scm.container.placement.algorithms.SCMContainerPlacementRandom
2022-03-06 23:39:52,335 [Listener at 127.0.0.1/33193] INFO  algorithms.LeaderChoosePolicyFactory (LeaderChoosePolicyFactory.java:getPolicy(57)) - Create leader choose policy of type org.apache.hadoop.hdds.scm.pipeline.leader.choose.algorithms.MinLeaderCountChoosePolicy
2022-03-06 23:39:52,335 [Listener at 127.0.0.1/33193] INFO  ha.SCMServiceManager (SCMServiceManager.java:register(42)) - Registering service BackgroundPipelineCreator.
2022-03-06 23:39:52,335 [Listener at 127.0.0.1/33193] INFO  pipeline.BackgroundPipelineCreator (BackgroundPipelineCreator.java:start(130)) - Starting RatisPipelineUtilsThread.
2022-03-06 23:39:52,337 [Listener at 127.0.0.1/33193] INFO  algorithms.PipelineChoosePolicyFactory (PipelineChoosePolicyFactory.java:createPipelineChoosePolicyFromClass(73)) - Create pipeline choose policy of type org.apache.hadoop.hdds.scm.pipeline.choose.algorithms.RandomPipelineChoosePolicy
2022-03-06 23:39:52,338 [Listener at 127.0.0.1/33193] INFO  ha.SCMServiceManager (SCMServiceManager.java:register(42)) - Registering service SCMBlockDeletingService.
2022-03-06 23:39:52,338 [Listener at 127.0.0.1/33193] INFO  ha.SCMServiceManager (SCMServiceManager.java:register(42)) - Registering service ReplicationManager.
2022-03-06 23:39:52,338 [Listener at 127.0.0.1/33193] INFO  container.ReplicationManager (ReplicationManager.java:start(326)) - Starting Replication Monitor Thread.
2022-03-06 23:39:52,340 [Listener at 127.0.0.1/33193] INFO  safemode.ContainerSafeModeRule (ContainerSafeModeRule.java:<init>(89)) - containers with one replica threshold count 0
2022-03-06 23:39:52,340 [Listener at 127.0.0.1/33193] INFO  safemode.HealthyPipelineSafeModeRule (HealthyPipelineSafeModeRule.java:initializeRule(156)) - Total pipeline count is 1, healthy pipeline threshold count is 1
2022-03-06 23:39:52,340 [Listener at 127.0.0.1/33193] INFO  safemode.OneReplicaPipelineSafeModeRule (OneReplicaPipelineSafeModeRule.java:initializeRule(180)) - Total pipeline count is 1, pipeline's with at least one datanode reported threshold count is 1
2022-03-06 23:39:52,341 [Listener at 127.0.0.1/33193] INFO  ipc.CallQueueManager (CallQueueManager.java:<init>(90)) - Using callQueue: class java.util.concurrent.LinkedBlockingQueue, queueCapacity: 2000, scheduler: class org.apache.hadoop.ipc.DefaultRpcScheduler, ipcBackoff: false.
2022-03-06 23:39:52,342 [Socket Reader #1 for port 33845] INFO  ipc.Server (Server.java:run(1265)) - Starting Socket Reader #1 for port 33845
2022-03-06 23:39:52,342 [Listener at 0.0.0.0/33845] INFO  ipc.CallQueueManager (CallQueueManager.java:<init>(90)) - Using callQueue: class java.util.concurrent.LinkedBlockingQueue, queueCapacity: 2000, scheduler: class org.apache.hadoop.ipc.DefaultRpcScheduler, ipcBackoff: false.
2022-03-06 23:39:52,343 [Socket Reader #1 for port 44023] INFO  ipc.Server (Server.java:run(1265)) - Starting Socket Reader #1 for port 44023
2022-03-06 23:39:52,343 [Listener at 0.0.0.0/44023] INFO  ipc.CallQueueManager (CallQueueManager.java:<init>(90)) - Using callQueue: class java.util.concurrent.LinkedBlockingQueue, queueCapacity: 2000, scheduler: class org.apache.hadoop.ipc.DefaultRpcScheduler, ipcBackoff: false.
2022-03-06 23:39:52,344 [Socket Reader #1 for port 36201] INFO  ipc.Server (Server.java:run(1265)) - Starting Socket Reader #1 for port 36201
2022-03-06 23:39:52,358 [ReplicationMonitor] INFO  container.ReplicationManager (ReplicationManager.java:processAll(374)) - Replication Manager is not ready to run until 3000ms after safemode exit
2022-03-06 23:39:52,427 [Listener at 0.0.0.0/36201] INFO  server.StorageContainerManager (StorageContainerManager.java:<init>(389)) - 
Container Balancer status:
Key                            Value
Running                        false
Container Balancer Configuration values:
Key                                                Value
Threshold                                          10
Max Datanodes to Involve per Iteration(percent)    20
Max Size to Move per Iteration                     500GB
Max Size Entering Target per Iteration             26GB
Max Size Leaving Source per Iteration              26GB

2022-03-06 23:39:52,427 [Listener at 0.0.0.0/36201] WARN  events.EventQueue (EventQueue.java:fireEvent(194)) - No event handler registered for event TypedEvent{payloadType=SafeModeStatus, name='Safe mode status'}
2022-03-06 23:39:52,427 [Listener at 0.0.0.0/36201] INFO  ha.SCMContext (SCMContext.java:updateSafeModeStatus(211)) - Update SafeModeStatus from SafeModeStatus{safeModeStatus=true, preCheckPassed=false} to SafeModeStatus{safeModeStatus=true, preCheckPassed=false}.
2022-03-06 23:39:52,427 [Listener at 0.0.0.0/36201] INFO  server.StorageContainerManager (StorageContainerManager.java:start(1327)) - StorageContainerLocationProtocol RPC server is listening at /0.0.0.0:36201
2022-03-06 23:39:52,427 [Listener at 0.0.0.0/36201] INFO  ha.SCMRatisServerImpl (SCMRatisServerImpl.java:start(177)) - starting ratis server 0.0.0.0:9894
2022-03-06 23:39:52,428 [Listener at 0.0.0.0/36201] INFO  server.RaftServer$Division (RaftServerImpl.java:start(301)) - 6e71cd40-ad6e-421f-b1db-df6cb86c3193@group-49B527ACBB1B: start as a follower, conf=1: [6e71cd40-ad6e-421f-b1db-df6cb86c3193|rpc:fv-az148-899:9894|admin:|client:|dataStream:|priority:0], old=null
2022-03-06 23:39:52,428 [Listener at 0.0.0.0/36201] INFO  server.RaftServer$Division (RaftServerImpl.java:setRole(290)) - 6e71cd40-ad6e-421f-b1db-df6cb86c3193@group-49B527ACBB1B: changes role from      null to FOLLOWER at term 2 for startAsFollower
2022-03-06 23:39:52,428 [Listener at 0.0.0.0/36201] INFO  impl.RoleInfo (RoleInfo.java:updateAndGet(130)) - 6e71cd40-ad6e-421f-b1db-df6cb86c3193: start 6e71cd40-ad6e-421f-b1db-df6cb86c3193@group-49B527ACBB1B-FollowerState
2022-03-06 23:39:52,434 [Listener at 0.0.0.0/36201] INFO  util.JmxRegister (JmxRegister.java:tryRegister(44)) - Successfully registered JMX Bean with object name Ratis:service=RaftServer,group=group-49B527ACBB1B,id=6e71cd40-ad6e-421f-b1db-df6cb86c3193
2022-03-06 23:39:52,456 [Listener at 0.0.0.0/36201] INFO  server.RaftServer (RaftServerProxy.java:lambda$start$5(374)) - 6e71cd40-ad6e-421f-b1db-df6cb86c3193: start RPC server
2022-03-06 23:39:52,456 [Listener at 0.0.0.0/36201] INFO  server.GrpcService (GrpcService.java:startImpl(253)) - 6e71cd40-ad6e-421f-b1db-df6cb86c3193: GrpcService started, listening on 9894
2022-03-06 23:39:52,466 [Listener at 0.0.0.0/36201] INFO  ha.SCMHAManagerImpl (SCMHAManagerImpl.java:start(121)) -  scm role is FOLLOWER peers [6e71cd40-ad6e-421f-b1db-df6cb86c3193|rpc:fv-az148-899:9894|admin:|client:|dataStream:|priority:0]
2022-03-06 23:39:52,466 [Listener at 0.0.0.0/36201] INFO  ha.InterSCMGrpcService (InterSCMGrpcProtocolService.java:start(94)) - Starting SCM Grpc Service at port 9895
2022-03-06 23:39:52,467 [Listener at 0.0.0.0/36201] WARN  impl.MetricsConfig (MetricsConfig.java:loadFirst(136)) - Cannot locate configuration: tried hadoop-metrics2-storagecontainermanager.properties,hadoop-metrics2.properties
2022-03-06 23:39:52,468 [org.apache.ratis.util.JvmPauseMonitor$$Lambda$431/1941186180@2d0e1f6f] INFO  util.JvmPauseMonitor (JvmPauseMonitor.java:run(103)) - JvmPauseMonitor-6e71cd40-ad6e-421f-b1db-df6cb86c3193: Started
2022-03-06 23:39:52,484 [Listener at 0.0.0.0/36201] INFO  impl.MetricsSystemImpl (MetricsSystemImpl.java:startTimer(378)) - Scheduled Metric snapshot period at 10 second(s).
2022-03-06 23:39:52,500 [Listener at 0.0.0.0/36201] INFO  impl.MetricsSystemImpl (MetricsSystemImpl.java:start(191)) - StorageContainerManager metrics system started
2022-03-06 23:39:52,512 [Listener at 0.0.0.0/36201] INFO  impl.MetricsSinkAdapter (MetricsSinkAdapter.java:start(204)) - Sink prometheus started
2022-03-06 23:39:52,512 [Listener at 0.0.0.0/36201] INFO  impl.MetricsSystemImpl (MetricsSystemImpl.java:registerSink(305)) - Registered sink prometheus
2022-03-06 23:39:52,563 [Listener at 0.0.0.0/36201] INFO  server.SCMClientProtocolServer (SCMClientProtocolServer.java:start(165)) - RPC server for Client  is listening at /0.0.0.0:36201
2022-03-06 23:39:52,569 [IPC Server Responder] INFO  ipc.Server (Server.java:run(1507)) - IPC Server Responder: starting
2022-03-06 23:39:52,572 [IPC Server listener on 36201] INFO  ipc.Server (Server.java:run(1344)) - IPC Server listener on 36201: starting
2022-03-06 23:39:52,639 [Listener at 0.0.0.0/36201] INFO  server.StorageContainerManager (StorageContainerManager.java:start(1342)) - ScmBlockLocationProtocol RPC server is listening at /0.0.0.0:44023
2022-03-06 23:39:52,639 [Listener at 0.0.0.0/36201] INFO  server.SCMBlockProtocolServer (SCMBlockProtocolServer.java:start(151)) - RPC server for Block Protocol is listening at /0.0.0.0:44023
2022-03-06 23:39:52,648 [IPC Server Responder] INFO  ipc.Server (Server.java:run(1507)) - IPC Server Responder: starting
2022-03-06 23:39:52,648 [IPC Server listener on 44023] INFO  ipc.Server (Server.java:run(1344)) - IPC Server listener on 44023: starting
2022-03-06 23:39:52,748 [Listener at 0.0.0.0/36201] INFO  http.BaseHttpServer (BaseHttpServer.java:newHttpServer2BuilderForOzone(209)) - Starting Web-server for scm at: http://0.0.0.0:40645
2022-03-06 23:39:52,748 [Listener at 0.0.0.0/36201] INFO  http.BaseHttpServer (BaseHttpServer.java:<init>(107)) - Hadoop Security Enabled: false Ozone Security Enabled: false Ozone HTTP Security Enabled: false 
2022-03-06 23:39:52,749 [Listener at 0.0.0.0/36201] INFO  server.AuthenticationFilter (AuthenticationFilter.java:constructSecretProvider(240)) - Unable to initialize FileSignerSecretProvider, falling back to use random secrets.
2022-03-06 23:39:52,750 [org.apache.hadoop.util.JvmPauseMonitor$Monitor@593bd8b0] INFO  util.JvmPauseMonitor (JvmPauseMonitor.java:run(188)) - Starting JVM pause monitor
2022-03-06 23:39:52,752 [Listener at 0.0.0.0/36201] WARN  http.HttpRequestLog (HttpRequestLog.java:getRequestLog(103)) - Jetty request log can only be enabled using Log4j
2022-03-06 23:39:52,753 [Listener at 0.0.0.0/36201] INFO  http.HttpServer2 (HttpServer2.java:addGlobalFilter(1030)) - Added global filter 'safety' (class=org.apache.hadoop.hdds.server.http.HttpServer2$QuotingInputFilter)
2022-03-06 23:39:52,754 [Listener at 0.0.0.0/36201] INFO  http.HttpServer2 (HttpServer2.java:addFilter(1006)) - Added filter static_user_filter (class=org.apache.hadoop.http.lib.StaticUserWebFilter$StaticUserFilter) to context scm
2022-03-06 23:39:52,754 [Listener at 0.0.0.0/36201] INFO  http.HttpServer2 (HttpServer2.java:addFilter(1014)) - Added filter static_user_filter (class=org.apache.hadoop.http.lib.StaticUserWebFilter$StaticUserFilter) to context logs
2022-03-06 23:39:52,754 [Listener at 0.0.0.0/36201] INFO  http.HttpServer2 (HttpServer2.java:addFilter(1014)) - Added filter static_user_filter (class=org.apache.hadoop.http.lib.StaticUserWebFilter$StaticUserFilter) to context static
2022-03-06 23:39:52,755 [Listener at 0.0.0.0/36201] INFO  http.HttpServer2 (HttpServer2.java:bindListener(1249)) - Jetty bound to port 40645
2022-03-06 23:39:52,755 [Listener at 0.0.0.0/36201] INFO  server.Server (Server.java:doStart(375)) - jetty-9.4.43.v20210629; built: 2021-06-30T11:07:22.254Z; git: 526006ecfa3af7f1a27ef3a288e2bef7ea9dd7e8; jvm 1.8.0_322-b06
2022-03-06 23:39:52,813 [Listener at 0.0.0.0/36201] INFO  server.session (DefaultSessionIdManager.java:doStart(334)) - DefaultSessionIdManager workerName=node0
2022-03-06 23:39:52,813 [Listener at 0.0.0.0/36201] INFO  server.session (DefaultSessionIdManager.java:doStart(339)) - No SessionScavenger set, using defaults
2022-03-06 23:39:52,813 [Listener at 0.0.0.0/36201] INFO  server.session (HouseKeeper.java:startScavenging(132)) - node0 Scavenging every 600000ms
2022-03-06 23:39:52,814 [Listener at 0.0.0.0/36201] INFO  handler.ContextHandler (ContextHandler.java:doStart(915)) - Started o.e.j.s.ServletContextHandler@530c8edd{logs,/logs,file:///home/runner/work/ozone/ozone/hadoop-ozone/integration-test/target/log,AVAILABLE}
2022-03-06 23:39:52,815 [Listener at 0.0.0.0/36201] INFO  handler.ContextHandler (ContextHandler.java:doStart(915)) - Started o.e.j.s.ServletContextHandler@2de0af9b{static,/static,file:///home/runner/work/ozone/ozone/hadoop-ozone/integration-test/target/test-classes/webapps/static,AVAILABLE}
2022-03-06 23:39:52,817 [Listener at 0.0.0.0/36201] INFO  handler.ContextHandler (ContextHandler.java:doStart(915)) - Started o.e.j.w.WebAppContext@450af1d{scm,/,file:///home/runner/work/ozone/ozone/hadoop-ozone/integration-test/target/test-classes/webapps/scm/,AVAILABLE}{file:/home/runner/work/ozone/ozone/hadoop-ozone/integration-test/target/test-classes/webapps/scm}
2022-03-06 23:39:52,821 [Listener at 0.0.0.0/36201] INFO  server.AbstractConnector (AbstractConnector.java:doStart(331)) - Started ServerConnector@3b96824d{HTTP/1.1, (http/1.1)}{0.0.0.0:40645}
2022-03-06 23:39:52,821 [Listener at 0.0.0.0/36201] INFO  server.Server (Server.java:doStart(415)) - Started @179380ms
2022-03-06 23:39:52,821 [Listener at 0.0.0.0/36201] WARN  impl.MetricsSystemImpl (MetricsSystemImpl.java:register(279)) - Sink prometheus already exists!
2022-03-06 23:39:52,822 [Listener at 0.0.0.0/36201] INFO  http.BaseHttpServer (BaseHttpServer.java:updateConnectorAddress(329)) - HTTP server of scm listening at http://0.0.0.0:40645
2022-03-06 23:39:52,904 [grpc-default-executor-5] WARN  server.GrpcLogAppender (LogUtils.java:warn(122)) - ca22b40f-bcca-4dce-b03d-42f8a600d1bd@group-B6675D5AA9D0->e54240a4-5fb6-4317-aa96-83a11ada3c80-AppendLogResponseHandler: Failed appendEntries: org.apache.ratis.thirdparty.io.grpc.StatusRuntimeException: UNAVAILABLE: io exception
2022-03-06 23:39:52,905 [grpc-default-executor-5] WARN  server.GrpcLogAppender (GrpcLogAppender.java:resetClient(110)) - ca22b40f-bcca-4dce-b03d-42f8a600d1bd@group-B6675D5AA9D0->e54240a4-5fb6-4317-aa96-83a11ada3c80-GrpcLogAppender: Leader has not got in touch with Follower ca22b40f-bcca-4dce-b03d-42f8a600d1bd@group-B6675D5AA9D0->e54240a4-5fb6-4317-aa96-83a11ada3c80(c0,m0,n1, attendVote=true, lastRpcSendTime=2508, lastRpcResponseTime=27616) yet, just keep nextIndex unchanged and retry.
2022-03-06 23:39:53,323 [EndpointStateMachine task thread for /0.0.0.0:33845 - 0 ] INFO  ipc.Client (Client.java:handleConnectionFailure(977)) - Retrying connect to server: 0.0.0.0/0.0.0.0:33845. Already tried 1 time(s); retry policy is RetryUpToMaximumCountWithFixedSleep(maxRetries=15, sleepTime=1000 MILLISECONDS)
2022-03-06 23:39:55,408 [grpc-default-executor-5] WARN  server.GrpcLogAppender (LogUtils.java:warn(122)) - ca22b40f-bcca-4dce-b03d-42f8a600d1bd@group-B6675D5AA9D0->e54240a4-5fb6-4317-aa96-83a11ada3c80-AppendLogResponseHandler: Failed appendEntries: org.apache.ratis.thirdparty.io.grpc.StatusRuntimeException: UNAVAILABLE: io exception
2022-03-06 23:39:55,410 [grpc-default-executor-5] WARN  server.GrpcLogAppender (GrpcLogAppender.java:resetClient(110)) - ca22b40f-bcca-4dce-b03d-42f8a600d1bd@group-B6675D5AA9D0->e54240a4-5fb6-4317-aa96-83a11ada3c80-GrpcLogAppender: Leader has not got in touch with Follower ca22b40f-bcca-4dce-b03d-42f8a600d1bd@group-B6675D5AA9D0->e54240a4-5fb6-4317-aa96-83a11ada3c80(c0,m0,n1, attendVote=true, lastRpcSendTime=2503, lastRpcResponseTime=30121) yet, just keep nextIndex unchanged and retry.
2022-03-06 23:39:57,508 [Time-limited test] INFO  ozone.MiniOzoneClusterImpl (MiniOzoneClusterImpl.java:shutdown(449)) - Shutting down the Mini Ozone Cluster
2022-03-06 23:39:57,513 [Time-limited test] INFO  ozone.MiniOzoneClusterImpl (MiniOzoneClusterImpl.java:stop(464)) - Stopping the Mini Ozone Cluster
2022-03-06 23:39:57,513 [Time-limited test] INFO  ozone.MiniOzoneClusterImpl (MiniOzoneClusterImpl.java:stopOM(546)) - Stopping the OzoneManager
2022-03-06 23:39:57,513 [Time-limited test] INFO  om.OzoneManager (OzoneManager.java:stop(1893)) - om1[localhost:0]: Stopping Ozone Manager
2022-03-06 23:39:57,514 [Time-limited test] INFO  ipc.Server (Server.java:stop(3414)) - Stopping server on 33193
2022-03-06 23:39:57,516 [IPC Server listener on 0] INFO  ipc.Server (Server.java:run(1376)) - Stopping IPC Server listener on 0
2022-03-06 23:39:57,519 [IPC Server Responder] INFO  ipc.Server (Server.java:run(1512)) - Stopping IPC Server Responder
2022-03-06 23:39:57,529 [Time-limited test] INFO  server.RaftServer (RaftServerProxy.java:lambda$close$6(391)) - om1: close
2022-03-06 23:39:57,536 [Time-limited test] INFO  server.RaftServer$Division (RaftServerImpl.java:lambda$close$4(412)) - om1@group-C5BA1605619E: shutdown
2022-03-06 23:39:57,537 [Time-limited test] INFO  util.JmxRegister (JmxRegister.java:unregister(73)) - Successfully un-registered JMX Bean with object name Ratis:service=RaftServer,group=group-C5BA1605619E,id=om1
2022-03-06 23:39:57,537 [Time-limited test] INFO  impl.RoleInfo (RoleInfo.java:shutdownLeaderState(91)) - om1: shutdown om1@group-C5BA1605619E-LeaderStateImpl
2022-03-06 23:39:57,537 [Time-limited test] INFO  impl.PendingRequests (PendingRequests.java:sendNotLeaderResponses(282)) - om1@group-C5BA1605619E-PendingRequests: sendNotLeaderResponses
2022-03-06 23:39:57,538 [Time-limited test] INFO  impl.StateMachineUpdater (StateMachineUpdater.java:stopAndJoin(149)) - om1@group-C5BA1605619E-StateMachineUpdater: set stopIndex = 0
2022-03-06 23:39:57,538 [om1@group-C5BA1605619E-StateMachineUpdater] INFO  ratis.OzoneManagerStateMachine (OzoneManagerStateMachine.java:takeSnapshot(417)) - Current Snapshot Index (t:1, i:0)
2022-03-06 23:39:57,538 [om1@group-C5BA1605619E-StateMachineUpdater] INFO  impl.StateMachineUpdater (StateMachineUpdater.java:takeSnapshot(281)) - om1@group-C5BA1605619E-StateMachineUpdater: Took a snapshot at index 0
2022-03-06 23:39:57,538 [om1@group-C5BA1605619E-StateMachineUpdater] INFO  impl.StateMachineUpdater (StateMachineUpdater.java:lambda$new$0(89)) - om1@group-C5BA1605619E-StateMachineUpdater: snapshotIndex: updateIncreasingly -1 -> 0
2022-03-06 23:39:57,538 [om1@group-C5BA1605619E-StateMachineUpdater] INFO  ratis.OzoneManagerStateMachine (OzoneManagerStateMachine.java:close(471)) - StateMachine has shutdown. Shutdown OzoneManager if not already shutdown.
2022-03-06 23:39:57,540 [Time-limited test] INFO  server.RaftServer$Division (ServerState.java:close(419)) - om1@group-C5BA1605619E: closes. applyIndex: 0
2022-03-06 23:39:57,540 [om1@group-C5BA1605619E-SegmentedRaftLogWorker] INFO  segmented.SegmentedRaftLogWorker (SegmentedRaftLogWorker.java:run(327)) - om1@group-C5BA1605619E-SegmentedRaftLogWorker was interrupted, exiting. There are 0 tasks remaining in the queue.
2022-03-06 23:39:57,542 [Time-limited test] INFO  segmented.SegmentedRaftLogWorker (SegmentedRaftLogWorker.java:close(237)) - om1@group-C5BA1605619E-SegmentedRaftLogWorker close()
2022-03-06 23:39:57,543 [Time-limited test] INFO  server.GrpcService (GrpcService.java:closeImpl(262)) - om1: shutdown server with port 9872 now
2022-03-06 23:39:57,545 [Time-limited test] INFO  server.GrpcService (GrpcService.java:closeImpl(271)) - om1: shutdown server with port 9872 successfully
2022-03-06 23:39:57,545 [org.apache.ratis.util.JvmPauseMonitor$$Lambda$431/1941186180@73152142] INFO  util.JvmPauseMonitor (JvmPauseMonitor.java:run(109)) - JvmPauseMonitor-om1: Stopped
2022-03-06 23:39:57,545 [Time-limited test] INFO  ratis.OzoneManagerDoubleBuffer (OzoneManagerDoubleBuffer.java:stop(437)) - Stopping OMDoubleBuffer flush thread
2022-03-06 23:39:57,545 [OMDoubleBufferFlushThread] INFO  ratis.OzoneManagerDoubleBuffer (OzoneManagerDoubleBuffer.java:flushTransactions(356)) - OMDoubleBuffer flush thread OMDoubleBufferFlushThread is interrupted and will exit. OMDoubleBufferFlushThread
2022-03-06 23:39:57,546 [6e71cd40-ad6e-421f-b1db-df6cb86c3193@group-49B527ACBB1B-FollowerState] INFO  impl.FollowerState (FollowerState.java:run(134)) - 6e71cd40-ad6e-421f-b1db-df6cb86c3193@group-49B527ACBB1B-FollowerState: change to CANDIDATE, lastRpcElapsedTime:5118387239ns, electionTimeout:5080ms
2022-03-06 23:39:57,546 [6e71cd40-ad6e-421f-b1db-df6cb86c3193@group-49B527ACBB1B-FollowerState] INFO  impl.RoleInfo (RoleInfo.java:shutdownFollowerState(108)) - 6e71cd40-ad6e-421f-b1db-df6cb86c3193: shutdown 6e71cd40-ad6e-421f-b1db-df6cb86c3193@group-49B527ACBB1B-FollowerState
2022-03-06 23:39:57,546 [6e71cd40-ad6e-421f-b1db-df6cb86c3193@group-49B527ACBB1B-FollowerState] INFO  server.RaftServer$Division (RaftServerImpl.java:setRole(290)) - 6e71cd40-ad6e-421f-b1db-df6cb86c3193@group-49B527ACBB1B: changes role from  FOLLOWER to CANDIDATE at term 2 for changeToCandidate
2022-03-06 23:39:57,547 [6e71cd40-ad6e-421f-b1db-df6cb86c3193@group-49B527ACBB1B-FollowerState] INFO  server.RaftServerConfigKeys (ConfUtils.java:logGet(44)) - raft.server.leaderelection.pre-vote = false (custom)
2022-03-06 23:39:57,547 [6e71cd40-ad6e-421f-b1db-df6cb86c3193@group-49B527ACBB1B-FollowerState] INFO  impl.RoleInfo (RoleInfo.java:updateAndGet(130)) - 6e71cd40-ad6e-421f-b1db-df6cb86c3193: start 6e71cd40-ad6e-421f-b1db-df6cb86c3193@group-49B527ACBB1B-LeaderElection33
2022-03-06 23:39:57,573 [Time-limited test] INFO  utils.BackgroundService (BackgroundService.java:shutdown(132)) - Shutting down service KeyDeletingService
2022-03-06 23:39:57,576 [Time-limited test] INFO  utils.BackgroundService (BackgroundService.java:shutdown(132)) - Shutting down service DirectoryDeletingService
2022-03-06 23:39:57,576 [6e71cd40-ad6e-421f-b1db-df6cb86c3193@group-49B527ACBB1B-LeaderElection33] INFO  impl.LeaderElection (LeaderElection.java:askForVotes(306)) - 6e71cd40-ad6e-421f-b1db-df6cb86c3193@group-49B527ACBB1B-LeaderElection33 ELECTION round 0: submit vote requests at term 3 for 1: [6e71cd40-ad6e-421f-b1db-df6cb86c3193|rpc:fv-az148-899:9894|admin:|client:|dataStream:|priority:0], old=null
2022-03-06 23:39:57,576 [6e71cd40-ad6e-421f-b1db-df6cb86c3193@group-49B527ACBB1B-LeaderElection33] INFO  impl.LeaderElection (LeaderElection.java:askForVotes(308)) - 6e71cd40-ad6e-421f-b1db-df6cb86c3193@group-49B527ACBB1B-LeaderElection33 ELECTION round 0: result PASSED (term=3)
2022-03-06 23:39:57,576 [6e71cd40-ad6e-421f-b1db-df6cb86c3193@group-49B527ACBB1B-LeaderElection33] INFO  impl.RoleInfo (RoleInfo.java:shutdownLeaderElection(121)) - 6e71cd40-ad6e-421f-b1db-df6cb86c3193: shutdown 6e71cd40-ad6e-421f-b1db-df6cb86c3193@group-49B527ACBB1B-LeaderElection33
2022-03-06 23:39:57,576 [6e71cd40-ad6e-421f-b1db-df6cb86c3193@group-49B527ACBB1B-LeaderElection33] INFO  server.RaftServer$Division (RaftServerImpl.java:setRole(290)) - 6e71cd40-ad6e-421f-b1db-df6cb86c3193@group-49B527ACBB1B: changes role from CANDIDATE to LEADER at term 3 for changeToLeader
2022-03-06 23:39:57,576 [6e71cd40-ad6e-421f-b1db-df6cb86c3193@group-49B527ACBB1B-LeaderElection33] INFO  ha.SCMStateMachine (SCMStateMachine.java:notifyLeaderChanged(259)) - current SCM becomes leader of term 3.
2022-03-06 23:39:57,576 [6e71cd40-ad6e-421f-b1db-df6cb86c3193@group-49B527ACBB1B-LeaderElection33] INFO  ha.SCMContext (SCMContext.java:updateLeaderAndTerm(90)) - update <isLeader,term> from <false,0> to <true,3>
2022-03-06 23:39:57,576 [6e71cd40-ad6e-421f-b1db-df6cb86c3193@group-49B527ACBB1B-LeaderElection33] INFO  server.RaftServer$Division (ServerState.java:setLeader(285)) - 6e71cd40-ad6e-421f-b1db-df6cb86c3193@group-49B527ACBB1B: change Leader from null to 6e71cd40-ad6e-421f-b1db-df6cb86c3193 at term 3 for becomeLeader, leader elected after 5260ms
2022-03-06 23:39:57,577 [6e71cd40-ad6e-421f-b1db-df6cb86c3193@group-49B527ACBB1B-LeaderElection33] INFO  server.RaftServerConfigKeys (ConfUtils.java:logGet(44)) - raft.server.staging.catchup.gap = 1000 (default)
2022-03-06 23:39:57,577 [6e71cd40-ad6e-421f-b1db-df6cb86c3193@group-49B527ACBB1B-LeaderElection33] INFO  server.RaftServerConfigKeys (ConfUtils.java:logGet(44)) - raft.server.write.element-limit = 4096 (default)
2022-03-06 23:39:57,577 [6e71cd40-ad6e-421f-b1db-df6cb86c3193@group-49B527ACBB1B-LeaderElection33] INFO  server.RaftServerConfigKeys (ConfUtils.java:logGet(44)) - raft.server.write.byte-limit = 64MB (=67108864) (default)
2022-03-06 23:39:57,577 [6e71cd40-ad6e-421f-b1db-df6cb86c3193@group-49B527ACBB1B-LeaderElection33] INFO  server.RaftServerConfigKeys (ConfUtils.java:logGet(44)) - raft.server.watch.timeout = 10s (default)
2022-03-06 23:39:57,577 [6e71cd40-ad6e-421f-b1db-df6cb86c3193@group-49B527ACBB1B-LeaderElection33] INFO  server.RaftServerConfigKeys (ConfUtils.java:logGet(44)) - raft.server.watch.timeout.denomination = 1s (default)
2022-03-06 23:39:57,577 [6e71cd40-ad6e-421f-b1db-df6cb86c3193@group-49B527ACBB1B-LeaderElection33] INFO  server.RaftServerConfigKeys (ConfUtils.java:logGet(44)) - raft.server.watch.element-limit = 65536 (default)
2022-03-06 23:39:57,577 [6e71cd40-ad6e-421f-b1db-df6cb86c3193@group-49B527ACBB1B-LeaderElection33] INFO  server.RaftServerConfigKeys (ConfUtils.java:logGet(44)) - raft.server.write.element-limit = 4096 (default)
2022-03-06 23:39:57,577 [6e71cd40-ad6e-421f-b1db-df6cb86c3193@group-49B527ACBB1B-LeaderElection33] INFO  server.RaftServerConfigKeys (ConfUtils.java:logGet(44)) - raft.server.write.follower.gap.ratio.max = -1.0 (default)
2022-03-06 23:39:57,577 [6e71cd40-ad6e-421f-b1db-df6cb86c3193@group-49B527ACBB1B-LeaderElection33] INFO  impl.RoleInfo (RoleInfo.java:updateAndGet(130)) - 6e71cd40-ad6e-421f-b1db-df6cb86c3193: start 6e71cd40-ad6e-421f-b1db-df6cb86c3193@group-49B527ACBB1B-LeaderStateImpl
2022-03-06 23:39:57,578 [6e71cd40-ad6e-421f-b1db-df6cb86c3193@group-49B527ACBB1B-LeaderElection33] INFO  segmented.SegmentedRaftLogWorker (SegmentedRaftLogWorker.java:rollLogSegment(399)) - 6e71cd40-ad6e-421f-b1db-df6cb86c3193@group-49B527ACBB1B-SegmentedRaftLogWorker: Rolling segment log-1_18 to index:18
2022-03-06 23:39:57,581 [6e71cd40-ad6e-421f-b1db-df6cb86c3193@group-49B527ACBB1B-SegmentedRaftLogWorker] INFO  segmented.SegmentedRaftLogWorker (SegmentedRaftLogWorker.java:execute(558)) - 6e71cd40-ad6e-421f-b1db-df6cb86c3193@group-49B527ACBB1B-SegmentedRaftLogWorker: Rolled log segment from /home/runner/work/ozone/ozone/hadoop-ozone/integration-test/target/test-dir/MiniOzoneClusterImpl-1620ac7c-bf10-4486-a396-49b527acbb1b/ozone-meta/scm-ha/1620ac7c-bf10-4486-a396-49b527acbb1b/current/log_inprogress_1 to /home/runner/work/ozone/ozone/hadoop-ozone/integration-test/target/test-dir/MiniOzoneClusterImpl-1620ac7c-bf10-4486-a396-49b527acbb1b/ozone-meta/scm-ha/1620ac7c-bf10-4486-a396-49b527acbb1b/current/log_1-18
2022-03-06 23:39:57,585 [Time-limited test] INFO  handler.ContextHandler (ContextHandler.java:doStop(1153)) - Stopped o.e.j.w.WebAppContext@18725feb{ozoneManager,/,null,STOPPED}{file:/home/runner/work/ozone/ozone/hadoop-ozone/integration-test/target/test-classes/webapps/ozoneManager}
2022-03-06 23:39:57,586 [Time-limited test] INFO  server.AbstractConnector (AbstractConnector.java:doStop(381)) - Stopped ServerConnector@22cf395b{HTTP/1.1, (http/1.1)}{0.0.0.0:0}
2022-03-06 23:39:57,586 [Time-limited test] INFO  server.session (HouseKeeper.java:stopScavenging(149)) - node0 Stopped scavenging
2022-03-06 23:39:57,608 [6e71cd40-ad6e-421f-b1db-df6cb86c3193@group-49B527ACBB1B-SegmentedRaftLogWorker] INFO  segmented.SegmentedRaftLogWorker (SegmentedRaftLogWorker.java:execute(601)) - 6e71cd40-ad6e-421f-b1db-df6cb86c3193@group-49B527ACBB1B-SegmentedRaftLogWorker: created new log segment /home/runner/work/ozone/ozone/hadoop-ozone/integration-test/target/test-dir/MiniOzoneClusterImpl-1620ac7c-bf10-4486-a396-49b527acbb1b/ozone-meta/scm-ha/1620ac7c-bf10-4486-a396-49b527acbb1b/current/log_inprogress_19
2022-03-06 23:39:57,619 [6e71cd40-ad6e-421f-b1db-df6cb86c3193@group-49B527ACBB1B-LeaderElection33] INFO  server.RaftServer$Division (ServerState.java:setRaftConf(387)) - 6e71cd40-ad6e-421f-b1db-df6cb86c3193@group-49B527ACBB1B: set configuration 19: [6e71cd40-ad6e-421f-b1db-df6cb86c3193|rpc:fv-az148-899:9894|admin:|client:|dataStream:|priority:0], old=null
2022-03-06 23:39:57,618 [Time-limited test] INFO  handler.ContextHandler (ContextHandler.java:doStop(1153)) - Stopped o.e.j.s.ServletContextHandler@4e42d85e{static,/static,file:///home/runner/work/ozone/ozone/hadoop-ozone/integration-test/target/test-classes/webapps/static,STOPPED}
2022-03-06 23:39:57,621 [Time-limited test] INFO  handler.ContextHandler (ContextHandler.java:doStop(1153)) - Stopped o.e.j.s.ServletContextHandler@4592c1{logs,/logs,file:///home/runner/work/ozone/ozone/hadoop-ozone/integration-test/target/log,STOPPED}
2022-03-06 23:39:57,627 [6e71cd40-ad6e-421f-b1db-df6cb86c3193@group-49B527ACBB1B-StateMachineUpdater] INFO  ha.SCMContext (SCMContext.java:setLeaderReady(117)) - update <isLeaderReady> from <false> to <true>
2022-03-06 23:39:57,650 [6e71cd40-ad6e-421f-b1db-df6cb86c3193@group-49B527ACBB1B-StateMachineUpdater] INFO  pipeline.BackgroundPipelineCreator (BackgroundPipelineCreator.java:notifyStatusChanged(264)) - Service BackgroundPipelineCreator transitions to RUNNING.
2022-03-06 23:39:57,652 [Time-limited test] INFO  ozone.MiniOzoneClusterImpl (MiniOzoneClusterImpl.java:stopDatanodes(523)) - Stopping the HddsDatanodes
2022-03-06 23:39:57,652 [6e71cd40-ad6e-421f-b1db-df6cb86c3193@group-49B527ACBB1B-StateMachineUpdater] INFO  safemode.HealthyPipelineSafeModeRule (HealthyPipelineSafeModeRule.java:initializeRule(152)) - Refreshed total pipeline count is 1, healthy pipeline threshold count is 1
2022-03-06 23:39:57,652 [6e71cd40-ad6e-421f-b1db-df6cb86c3193@group-49B527ACBB1B-StateMachineUpdater] INFO  safemode.ContainerSafeModeRule (ContainerSafeModeRule.java:reInitializeRule(177)) - Refreshed one replica container threshold 0, currentThreshold 0
2022-03-06 23:39:57,652 [6e71cd40-ad6e-421f-b1db-df6cb86c3193@group-49B527ACBB1B-StateMachineUpdater] INFO  safemode.OneReplicaPipelineSafeModeRule (OneReplicaPipelineSafeModeRule.java:initializeRule(176)) - Refreshed Total pipeline count is 1, pipeline's with at least one datanode reported threshold count is 1
2022-03-06 23:39:57,653 [6e71cd40-ad6e-421f-b1db-df6cb86c3193@group-49B527ACBB1B-StateMachineUpdater] INFO  server.SCMDatanodeProtocolServer (SCMDatanodeProtocolServer.java:start(183)) - ScmDatanodeProtocol RPC server for DataNodes is listening at /0.0.0.0:33845
2022-03-06 23:39:57,724 [IPC Server Responder] INFO  ipc.Server (Server.java:run(1507)) - IPC Server Responder: starting
2022-03-06 23:39:57,737 [IPC Server listener on 33845] INFO  ipc.Server (Server.java:run(1344)) - IPC Server listener on 33845: starting
2022-03-06 23:39:57,794 [IPC Server handler 0 on default port 33845] INFO  server.SCMDatanodeHeartbeatDispatcher (SCMDatanodeHeartbeatDispatcher.java:dispatch(101)) - SCM received heartbeat from an unregistered datanode 88d5b3ea-0504-4869-b217-dcc17ceadd97{ip: 10.1.0.33, host: fv-az148-899.bm4ck3pvxvsene1rjriu5fhcdb.bx.internal.cloudapp.net, ports: [REPLICATION=35091, RATIS=46049, RATIS_ADMIN=46049, RATIS_SERVER=46049, STANDALONE=38941], networkLocation: /default-rack, certSerialId: null, persistedOpState: null, persistedOpStateExpiryEpochSec: 0}. Asking datanode to re-register.
2022-03-06 23:39:57,794 [IPC Server handler 1 on default port 33845] INFO  server.SCMDatanodeHeartbeatDispatcher (SCMDatanodeHeartbeatDispatcher.java:dispatch(101)) - SCM received heartbeat from an unregistered datanode ca22b40f-bcca-4dce-b03d-42f8a600d1bd{ip: 10.1.0.33, host: fv-az148-899.bm4ck3pvxvsene1rjriu5fhcdb.bx.internal.cloudapp.net, ports: [REPLICATION=35155, RATIS=43913, RATIS_ADMIN=43913, RATIS_SERVER=43913, STANDALONE=34671], networkLocation: /default-rack, certSerialId: null, persistedOpState: null, persistedOpStateExpiryEpochSec: 0}. Asking datanode to re-register.
2022-03-06 23:39:57,806 [EndpointStateMachine task thread for /0.0.0.0:33845 - 0 ] INFO  ozoneimpl.OzoneContainer (OzoneContainer.java:start(335)) - Attempting to start container services.
2022-03-06 23:39:57,814 [EndpointStateMachine task thread for /0.0.0.0:33845 - 0 ] INFO  ozoneimpl.OzoneContainer (OzoneContainer.java:startContainerScrub(270)) - Background container scanner has been disabled.
2022-03-06 23:39:57,808 [IPC Server handler 4 on default port 33845] INFO  server.SCMDatanodeHeartbeatDispatcher (SCMDatanodeHeartbeatDispatcher.java:dispatch(101)) - SCM received heartbeat from an unregistered datanode ca22b40f-bcca-4dce-b03d-42f8a600d1bd{ip: 10.1.0.33, host: fv-az148-899.bm4ck3pvxvsene1rjriu5fhcdb.bx.internal.cloudapp.net, ports: [REPLICATION=35155, RATIS=43913, RATIS_ADMIN=43913, RATIS_SERVER=43913, STANDALONE=34671], networkLocation: /default-rack, certSerialId: null, persistedOpState: null, persistedOpStateExpiryEpochSec: 0}. Asking datanode to re-register.
2022-03-06 23:39:57,808 [IPC Server handler 3 on default port 33845] INFO  server.SCMDatanodeHeartbeatDispatcher (SCMDatanodeHeartbeatDispatcher.java:dispatch(101)) - SCM received heartbeat from an unregistered datanode 88d5b3ea-0504-4869-b217-dcc17ceadd97{ip: 10.1.0.33, host: fv-az148-899.bm4ck3pvxvsene1rjriu5fhcdb.bx.internal.cloudapp.net, ports: [REPLICATION=35091, RATIS=46049, RATIS_ADMIN=46049, RATIS_SERVER=46049, STANDALONE=38941], networkLocation: /default-rack, certSerialId: null, persistedOpState: null, persistedOpStateExpiryEpochSec: 0}. Asking datanode to re-register.
2022-03-06 23:39:57,815 [EndpointStateMachine task thread for /0.0.0.0:33845 - 0 ] INFO  replication.ReplicationServer (ReplicationServer.java:start(111)) - ReplicationServer is started using port 41929
2022-03-06 23:39:57,846 [EndpointStateMachine task thread for /0.0.0.0:33845 - 0 ] INFO  ratis.XceiverServerRatis (XceiverServerRatis.java:start(485)) - Starting XceiverServerRatis e54240a4-5fb6-4317-aa96-83a11ada3c80
2022-03-06 23:39:57,847 [EndpointStateMachine task thread for /0.0.0.0:33845 - 0 ] INFO  server.RaftServer$Division (RaftServerImpl.java:start(301)) - e54240a4-5fb6-4317-aa96-83a11ada3c80@group-238557DD44E8: start as a follower, conf=0: [e54240a4-5fb6-4317-aa96-83a11ada3c80|rpc:10.1.0.33:36367|dataStream:|priority:1], old=null
2022-03-06 23:39:57,847 [EndpointStateMachine task thread for /0.0.0.0:33845 - 0 ] INFO  server.RaftServer$Division (RaftServerImpl.java:setRole(290)) - e54240a4-5fb6-4317-aa96-83a11ada3c80@group-238557DD44E8: changes role from      null to FOLLOWER at term 1 for startAsFollower
2022-03-06 23:39:57,847 [EndpointStateMachine task thread for /0.0.0.0:33845 - 0 ] INFO  impl.RoleInfo (RoleInfo.java:updateAndGet(130)) - e54240a4-5fb6-4317-aa96-83a11ada3c80: start e54240a4-5fb6-4317-aa96-83a11ada3c80@group-238557DD44E8-FollowerState
2022-03-06 23:39:57,848 [EndpointStateMachine task thread for /0.0.0.0:33845 - 0 ] INFO  util.JmxRegister (JmxRegister.java:tryRegister(44)) - Successfully registered JMX Bean with object name Ratis:service=RaftServer,group=group-238557DD44E8,id=e54240a4-5fb6-4317-aa96-83a11ada3c80
2022-03-06 23:39:57,836 [IPC Server handler 3 on default port 33845] INFO  server.SCMDatanodeHeartbeatDispatcher (SCMDatanodeHeartbeatDispatcher.java:dispatch(101)) - SCM received heartbeat from an unregistered datanode ca22b40f-bcca-4dce-b03d-42f8a600d1bd{ip: 10.1.0.33, host: fv-az148-899.bm4ck3pvxvsene1rjriu5fhcdb.bx.internal.cloudapp.net, ports: [REPLICATION=35155, RATIS=43913, RATIS_ADMIN=43913, RATIS_SERVER=43913, STANDALONE=34671], networkLocation: /default-rack, certSerialId: null, persistedOpState: null, persistedOpStateExpiryEpochSec: 0}. Asking datanode to re-register.
2022-03-06 23:39:57,836 [IPC Server handler 6 on default port 33845] INFO  server.SCMDatanodeHeartbeatDispatcher (SCMDatanodeHeartbeatDispatcher.java:dispatch(101)) - SCM received heartbeat from an unregistered datanode 88d5b3ea-0504-4869-b217-dcc17ceadd97{ip: 10.1.0.33, host: fv-az148-899.bm4ck3pvxvsene1rjriu5fhcdb.bx.internal.cloudapp.net, ports: [REPLICATION=35091, RATIS=46049, RATIS_ADMIN=46049, RATIS_SERVER=46049, STANDALONE=38941], networkLocation: /default-rack, certSerialId: null, persistedOpState: null, persistedOpStateExpiryEpochSec: 0}. Asking datanode to re-register.
2022-03-06 23:39:57,851 [EndpointStateMachine task thread for /0.0.0.0:33845 - 0 ] INFO  server.RaftServer$Division (RaftServerImpl.java:start(301)) - e54240a4-5fb6-4317-aa96-83a11ada3c80@group-B6675D5AA9D0: start as a follower, conf=0: [88d5b3ea-0504-4869-b217-dcc17ceadd97|rpc:10.1.0.33:46049|dataStream:|priority:0, e54240a4-5fb6-4317-aa96-83a11ada3c80|rpc:10.1.0.33:36367|dataStream:|priority:0, ca22b40f-bcca-4dce-b03d-42f8a600d1bd|rpc:10.1.0.33:43913|dataStream:|priority:1], old=null
2022-03-06 23:39:57,852 [EndpointStateMachine task thread for /0.0.0.0:33845 - 0 ] INFO  server.RaftServer$Division (RaftServerImpl.java:setRole(290)) - e54240a4-5fb6-4317-aa96-83a11ada3c80@group-B6675D5AA9D0: changes role from      null to FOLLOWER at term 8 for startAsFollower
2022-03-06 23:39:57,852 [EndpointStateMachine task thread for /0.0.0.0:33845 - 0 ] INFO  impl.RoleInfo (RoleInfo.java:updateAndGet(130)) - e54240a4-5fb6-4317-aa96-83a11ada3c80: start e54240a4-5fb6-4317-aa96-83a11ada3c80@group-B6675D5AA9D0-FollowerState
2022-03-06 23:39:57,853 [EndpointStateMachine task thread for /0.0.0.0:33845 - 0 ] INFO  util.JmxRegister (JmxRegister.java:tryRegister(44)) - Successfully registered JMX Bean with object name Ratis:service=RaftServer,group=group-B6675D5AA9D0,id=e54240a4-5fb6-4317-aa96-83a11ada3c80
2022-03-06 23:39:57,856 [EndpointStateMachine task thread for /0.0.0.0:33845 - 0 ] INFO  server.RaftServer (RaftServerProxy.java:lambda$start$5(374)) - e54240a4-5fb6-4317-aa96-83a11ada3c80: start RPC server
2022-03-06 23:39:57,871 [EndpointStateMachine task thread for /0.0.0.0:33845 - 0 ] INFO  server.GrpcService (GrpcService.java:startImpl(253)) - e54240a4-5fb6-4317-aa96-83a11ada3c80: GrpcService started, listening on 36367
2022-03-06 23:39:57,880 [IPC Server handler 7 on default port 33845] INFO  server.SCMDatanodeHeartbeatDispatcher (SCMDatanodeHeartbeatDispatcher.java:dispatch(101)) - SCM received heartbeat from an unregistered datanode ca22b40f-bcca-4dce-b03d-42f8a600d1bd{ip: 10.1.0.33, host: fv-az148-899.bm4ck3pvxvsene1rjriu5fhcdb.bx.internal.cloudapp.net, ports: [REPLICATION=35155, RATIS=43913, RATIS_ADMIN=43913, RATIS_SERVER=43913, STANDALONE=34671], networkLocation: /default-rack, certSerialId: null, persistedOpState: null, persistedOpStateExpiryEpochSec: 0}. Asking datanode to re-register.
2022-03-06 23:39:57,890 [IPC Server handler 8 on default port 33845] INFO  server.SCMDatanodeHeartbeatDispatcher (SCMDatanodeHeartbeatDispatcher.java:dispatch(101)) - SCM received heartbeat from an unregistered datanode 88d5b3ea-0504-4869-b217-dcc17ceadd97{ip: 10.1.0.33, host: fv-az148-899.bm4ck3pvxvsene1rjriu5fhcdb.bx.internal.cloudapp.net, ports: [REPLICATION=35091, RATIS=46049, RATIS_ADMIN=46049, RATIS_SERVER=46049, STANDALONE=38941], networkLocation: /default-rack, certSerialId: null, persistedOpState: null, persistedOpStateExpiryEpochSec: 0}. Asking datanode to re-register.
2022-03-06 23:39:57,880 [EndpointStateMachine task thread for /0.0.0.0:33845 - 0 ] INFO  ratis.XceiverServerRatis (XceiverServerRatis.java:getRealPort(506)) - XceiverServerRatis e54240a4-5fb6-4317-aa96-83a11ada3c80 is started using port 36367 for RATIS
2022-03-06 23:39:57,920 [EndpointStateMachine task thread for /0.0.0.0:33845 - 0 ] INFO  ratis.XceiverServerRatis (XceiverServerRatis.java:getRealPort(506)) - XceiverServerRatis e54240a4-5fb6-4317-aa96-83a11ada3c80 is started using port 36367 for RATIS_ADMIN
2022-03-06 23:39:57,920 [EndpointStateMachine task thread for /0.0.0.0:33845 - 0 ] INFO  ratis.XceiverServerRatis (XceiverServerRatis.java:getRealPort(506)) - XceiverServerRatis e54240a4-5fb6-4317-aa96-83a11ada3c80 is started using port 36367 for RATIS_SERVER
2022-03-06 23:39:57,916 [grpc-default-executor-5] WARN  server.GrpcLogAppender (LogUtils.java:warn(122)) - ca22b40f-bcca-4dce-b03d-42f8a600d1bd@group-B6675D5AA9D0->e54240a4-5fb6-4317-aa96-83a11ada3c80-AppendLogResponseHandler: Failed appendEntries: org.apache.ratis.thirdparty.io.grpc.StatusRuntimeException: UNAVAILABLE: io exception
2022-03-06 23:39:57,912 [org.apache.ratis.util.JvmPauseMonitor$$Lambda$431/1941186180@7d73fe67] INFO  util.JvmPauseMonitor (JvmPauseMonitor.java:run(103)) - JvmPauseMonitor-e54240a4-5fb6-4317-aa96-83a11ada3c80: Started
2022-03-06 23:39:57,909 [Datanode State Machine Daemon Thread] WARN  statemachine.StateContext (StateContext.java:setState(250)) - Ignore disallowed transition from SHUTDOWN to RUNNING
2022-03-06 23:39:57,893 [IPC Server handler 10 on default port 33845] INFO  server.SCMDatanodeHeartbeatDispatcher (SCMDatanodeHeartbeatDispatcher.java:dispatch(101)) - SCM received heartbeat from an unregistered datanode 88d5b3ea-0504-4869-b217-dcc17ceadd97{ip: 10.1.0.33, host: fv-az148-899.bm4ck3pvxvsene1rjriu5fhcdb.bx.internal.cloudapp.net, ports: [REPLICATION=35091, RATIS=46049, RATIS_ADMIN=46049, RATIS_SERVER=46049, STANDALONE=38941], networkLocation: /default-rack, certSerialId: null, persistedOpState: null, persistedOpStateExpiryEpochSec: 0}. Asking datanode to re-register.
2022-03-06 23:39:57,938 [grpc-default-executor-5] WARN  server.GrpcLogAppender (GrpcLogAppender.java:resetClient(110)) - ca22b40f-bcca-4dce-b03d-42f8a600d1bd@group-B6675D5AA9D0->e54240a4-5fb6-4317-aa96-83a11ada3c80-GrpcLogAppender: Leader has not got in touch with Follower ca22b40f-bcca-4dce-b03d-42f8a600d1bd@group-B6675D5AA9D0->e54240a4-5fb6-4317-aa96-83a11ada3c80(c0,m0,n1, attendVote=true, lastRpcSendTime=21, lastRpcResponseTime=32649) yet, just keep nextIndex unchanged and retry.
2022-03-06 23:39:57,892 [IPC Server handler 9 on default port 33845] INFO  server.SCMDatanodeHeartbeatDispatcher (SCMDatanodeHeartbeatDispatcher.java:dispatch(101)) - SCM received heartbeat from an unregistered datanode ca22b40f-bcca-4dce-b03d-42f8a600d1bd{ip: 10.1.0.33, host: fv-az148-899.bm4ck3pvxvsene1rjriu5fhcdb.bx.internal.cloudapp.net, ports: [REPLICATION=35155, RATIS=43913, RATIS_ADMIN=43913, RATIS_SERVER=43913, STANDALONE=34671], networkLocation: /default-rack, certSerialId: null, persistedOpState: null, persistedOpStateExpiryEpochSec: 0}. Asking datanode to re-register.
2022-03-06 23:39:57,988 [IPC Server handler 11 on default port 33845] INFO  server.SCMDatanodeHeartbeatDispatcher (SCMDatanodeHeartbeatDispatcher.java:dispatch(101)) - SCM received heartbeat from an unregistered datanode 88d5b3ea-0504-4869-b217-dcc17ceadd97{ip: 10.1.0.33, host: fv-az148-899.bm4ck3pvxvsene1rjriu5fhcdb.bx.internal.cloudapp.net, ports: [REPLICATION=35091, RATIS=46049, RATIS_ADMIN=46049, RATIS_SERVER=46049, STANDALONE=38941], networkLocation: /default-rack, certSerialId: null, persistedOpState: null, persistedOpStateExpiryEpochSec: 0}. Asking datanode to re-register.
2022-03-06 23:39:57,989 [IPC Server handler 11 on default port 33845] INFO  server.SCMDatanodeHeartbeatDispatcher (SCMDatanodeHeartbeatDispatcher.java:dispatch(101)) - SCM received heartbeat from an unregistered datanode ca22b40f-bcca-4dce-b03d-42f8a600d1bd{ip: 10.1.0.33, host: fv-az148-899.bm4ck3pvxvsene1rjriu5fhcdb.bx.internal.cloudapp.net, ports: [REPLICATION=35155, RATIS=43913, RATIS_ADMIN=43913, RATIS_SERVER=43913, STANDALONE=34671], networkLocation: /default-rack, certSerialId: null, persistedOpState: null, persistedOpStateExpiryEpochSec: 0}. Asking datanode to re-register.
2022-03-06 23:39:57,990 [IPC Server handler 13 on default port 33845] INFO  server.SCMDatanodeHeartbeatDispatcher (SCMDatanodeHeartbeatDispatcher.java:dispatch(101)) - SCM received heartbeat from an unregistered datanode 88d5b3ea-0504-4869-b217-dcc17ceadd97{ip: 10.1.0.33, host: fv-az148-899.bm4ck3pvxvsene1rjriu5fhcdb.bx.internal.cloudapp.net, ports: [REPLICATION=35091, RATIS=46049, RATIS_ADMIN=46049, RATIS_SERVER=46049, STANDALONE=38941], networkLocation: /default-rack, certSerialId: null, persistedOpState: null, persistedOpStateExpiryEpochSec: 0}. Asking datanode to re-register.
2022-03-06 23:39:58,025 [IPC Server handler 14 on default port 33845] INFO  server.SCMDatanodeHeartbeatDispatcher (SCMDatanodeHeartbeatDispatcher.java:dispatch(101)) - SCM received heartbeat from an unregistered datanode ca22b40f-bcca-4dce-b03d-42f8a600d1bd{ip: 10.1.0.33, host: fv-az148-899.bm4ck3pvxvsene1rjriu5fhcdb.bx.internal.cloudapp.net, ports: [REPLICATION=35155, RATIS=43913, RATIS_ADMIN=43913, RATIS_SERVER=43913, STANDALONE=34671], networkLocation: /default-rack, certSerialId: null, persistedOpState: null, persistedOpStateExpiryEpochSec: 0}. Asking datanode to re-register.
2022-03-06 23:39:58,025 [IPC Server handler 15 on default port 33845] INFO  server.SCMDatanodeHeartbeatDispatcher (SCMDatanodeHeartbeatDispatcher.java:dispatch(101)) - SCM received heartbeat from an unregistered datanode 88d5b3ea-0504-4869-b217-dcc17ceadd97{ip: 10.1.0.33, host: fv-az148-899.bm4ck3pvxvsene1rjriu5fhcdb.bx.internal.cloudapp.net, ports: [REPLICATION=35091, RATIS=46049, RATIS_ADMIN=46049, RATIS_SERVER=46049, STANDALONE=38941], networkLocation: /default-rack, certSerialId: null, persistedOpState: null, persistedOpStateExpiryEpochSec: 0}. Asking datanode to re-register.
2022-03-06 23:39:58,072 [IPC Server handler 16 on default port 33845] INFO  server.SCMDatanodeHeartbeatDispatcher (SCMDatanodeHeartbeatDispatcher.java:dispatch(101)) - SCM received heartbeat from an unregistered datanode ca22b40f-bcca-4dce-b03d-42f8a600d1bd{ip: 10.1.0.33, host: fv-az148-899.bm4ck3pvxvsene1rjriu5fhcdb.bx.internal.cloudapp.net, ports: [REPLICATION=35155, RATIS=43913, RATIS_ADMIN=43913, RATIS_SERVER=43913, STANDALONE=34671], networkLocation: /default-rack, certSerialId: null, persistedOpState: null, persistedOpStateExpiryEpochSec: 0}. Asking datanode to re-register.
2022-03-06 23:39:58,073 [IPC Server handler 17 on default port 33845] INFO  server.SCMDatanodeHeartbeatDispatcher (SCMDatanodeHeartbeatDispatcher.java:dispatch(101)) - SCM received heartbeat from an unregistered datanode 88d5b3ea-0504-4869-b217-dcc17ceadd97{ip: 10.1.0.33, host: fv-az148-899.bm4ck3pvxvsene1rjriu5fhcdb.bx.internal.cloudapp.net, ports: [REPLICATION=35091, RATIS=46049, RATIS_ADMIN=46049, RATIS_SERVER=46049, STANDALONE=38941], networkLocation: /default-rack, certSerialId: null, persistedOpState: null, persistedOpStateExpiryEpochSec: 0}. Asking datanode to re-register.
2022-03-06 23:39:58,093 [IPC Server handler 18 on default port 33845] INFO  server.SCMDatanodeHeartbeatDispatcher (SCMDatanodeHeartbeatDispatcher.java:dispatch(101)) - SCM received heartbeat from an unregistered datanode 88d5b3ea-0504-4869-b217-dcc17ceadd97{ip: 10.1.0.33, host: fv-az148-899.bm4ck3pvxvsene1rjriu5fhcdb.bx.internal.cloudapp.net, ports: [REPLICATION=35091, RATIS=46049, RATIS_ADMIN=46049, RATIS_SERVER=46049, STANDALONE=38941], networkLocation: /default-rack, certSerialId: null, persistedOpState: null, persistedOpStateExpiryEpochSec: 0}. Asking datanode to re-register.
2022-03-06 23:39:58,093 [IPC Server handler 19 on default port 33845] INFO  server.SCMDatanodeHeartbeatDispatcher (SCMDatanodeHeartbeatDispatcher.java:dispatch(101)) - SCM received heartbeat from an unregistered datanode ca22b40f-bcca-4dce-b03d-42f8a600d1bd{ip: 10.1.0.33, host: fv-az148-899.bm4ck3pvxvsene1rjriu5fhcdb.bx.internal.cloudapp.net, ports: [REPLICATION=35155, RATIS=43913, RATIS_ADMIN=43913, RATIS_SERVER=43913, STANDALONE=34671], networkLocation: /default-rack, certSerialId: null, persistedOpState: null, persistedOpStateExpiryEpochSec: 0}. Asking datanode to re-register.
2022-03-06 23:39:58,098 [IPC Server handler 2 on default port 33845] INFO  server.SCMDatanodeHeartbeatDispatcher (SCMDatanodeHeartbeatDispatcher.java:dispatch(101)) - SCM received heartbeat from an unregistered datanode 88d5b3ea-0504-4869-b217-dcc17ceadd97{ip: 10.1.0.33, host: fv-az148-899.bm4ck3pvxvsene1rjriu5fhcdb.bx.internal.cloudapp.net, ports: [REPLICATION=35091, RATIS=46049, RATIS_ADMIN=46049, RATIS_SERVER=46049, STANDALONE=38941], networkLocation: /default-rack, certSerialId: null, persistedOpState: null, persistedOpStateExpiryEpochSec: 0}. Asking datanode to re-register.
2022-03-06 23:39:58,108 [IPC Server handler 0 on default port 33845] INFO  server.SCMDatanodeHeartbeatDispatcher (SCMDatanodeHeartbeatDispatcher.java:dispatch(101)) - SCM received heartbeat from an unregistered datanode 88d5b3ea-0504-4869-b217-dcc17ceadd97{ip: 10.1.0.33, host: fv-az148-899.bm4ck3pvxvsene1rjriu5fhcdb.bx.internal.cloudapp.net, ports: [REPLICATION=35091, RATIS=46049, RATIS_ADMIN=46049, RATIS_SERVER=46049, STANDALONE=38941], networkLocation: /default-rack, certSerialId: null, persistedOpState: null, persistedOpStateExpiryEpochSec: 0}. Asking datanode to re-register.
2022-03-06 23:39:58,112 [IPC Server handler 0 on default port 33845] INFO  server.SCMDatanodeHeartbeatDispatcher (SCMDatanodeHeartbeatDispatcher.java:dispatch(101)) - SCM received heartbeat from an unregistered datanode ca22b40f-bcca-4dce-b03d-42f8a600d1bd{ip: 10.1.0.33, host: fv-az148-899.bm4ck3pvxvsene1rjriu5fhcdb.bx.internal.cloudapp.net, ports: [REPLICATION=35155, RATIS=43913, RATIS_ADMIN=43913, RATIS_SERVER=43913, STANDALONE=34671], networkLocation: /default-rack, certSerialId: null, persistedOpState: null, persistedOpStateExpiryEpochSec: 0}. Asking datanode to re-register.
2022-03-06 23:39:58,112 [IPC Server handler 0 on default port 33845] INFO  server.SCMDatanodeHeartbeatDispatcher (SCMDatanodeHeartbeatDispatcher.java:dispatch(101)) - SCM received heartbeat from an unregistered datanode 88d5b3ea-0504-4869-b217-dcc17ceadd97{ip: 10.1.0.33, host: fv-az148-899.bm4ck3pvxvsene1rjriu5fhcdb.bx.internal.cloudapp.net, ports: [REPLICATION=35091, RATIS=46049, RATIS_ADMIN=46049, RATIS_SERVER=46049, STANDALONE=38941], networkLocation: /default-rack, certSerialId: null, persistedOpState: null, persistedOpStateExpiryEpochSec: 0}. Asking datanode to re-register.
2022-03-06 23:39:58,113 [IPC Server handler 0 on default port 33845] INFO  server.SCMDatanodeHeartbeatDispatcher (SCMDatanodeHeartbeatDispatcher.java:dispatch(101)) - SCM received heartbeat from an unregistered datanode ca22b40f-bcca-4dce-b03d-42f8a600d1bd{ip: 10.1.0.33, host: fv-az148-899.bm4ck3pvxvsene1rjriu5fhcdb.bx.internal.cloudapp.net, ports: [REPLICATION=35155, RATIS=43913, RATIS_ADMIN=43913, RATIS_SERVER=43913, STANDALONE=34671], networkLocation: /default-rack, certSerialId: null, persistedOpState: null, persistedOpStateExpiryEpochSec: 0}. Asking datanode to re-register.
2022-03-06 23:39:58,113 [IPC Server handler 0 on default port 33845] INFO  server.SCMDatanodeHeartbeatDispatcher (SCMDatanodeHeartbeatDispatcher.java:dispatch(101)) - SCM received heartbeat from an unregistered datanode 88d5b3ea-0504-4869-b217-dcc17ceadd97{ip: 10.1.0.33, host: fv-az148-899.bm4ck3pvxvsene1rjriu5fhcdb.bx.internal.cloudapp.net, ports: [REPLICATION=35091, RATIS=46049, RATIS_ADMIN=46049, RATIS_SERVER=46049, STANDALONE=38941], networkLocation: /default-rack, certSerialId: null, persistedOpState: null, persistedOpStateExpiryEpochSec: 0}. Asking datanode to re-register.
2022-03-06 23:39:58,114 [IPC Server handler 0 on default port 33845] INFO  server.SCMDatanodeHeartbeatDispatcher (SCMDatanodeHeartbeatDispatcher.java:dispatch(101)) - SCM received heartbeat from an unregistered datanode ca22b40f-bcca-4dce-b03d-42f8a600d1bd{ip: 10.1.0.33, host: fv-az148-899.bm4ck3pvxvsene1rjriu5fhcdb.bx.internal.cloudapp.net, ports: [REPLICATION=35155, RATIS=43913, RATIS_ADMIN=43913, RATIS_SERVER=43913, STANDALONE=34671], networkLocation: /default-rack, certSerialId: null, persistedOpState: null, persistedOpStateExpiryEpochSec: 0}. Asking datanode to re-register.
2022-03-06 23:39:58,114 [IPC Server handler 0 on default port 33845] INFO  server.SCMDatanodeHeartbeatDispatcher (SCMDatanodeHeartbeatDispatcher.java:dispatch(101)) - SCM received heartbeat from an unregistered datanode 88d5b3ea-0504-4869-b217-dcc17ceadd97{ip: 10.1.0.33, host: fv-az148-899.bm4ck3pvxvsene1rjriu5fhcdb.bx.internal.cloudapp.net, ports: [REPLICATION=35091, RATIS=46049, RATIS_ADMIN=46049, RATIS_SERVER=46049, STANDALONE=38941], networkLocation: /default-rack, certSerialId: null, persistedOpState: null, persistedOpStateExpiryEpochSec: 0}. Asking datanode to re-register.
2022-03-06 23:39:58,114 [IPC Server handler 0 on default port 33845] INFO  server.SCMDatanodeHeartbeatDispatcher (SCMDatanodeHeartbeatDispatcher.java:dispatch(101)) - SCM received heartbeat from an unregistered datanode ca22b40f-bcca-4dce-b03d-42f8a600d1bd{ip: 10.1.0.33, host: fv-az148-899.bm4ck3pvxvsene1rjriu5fhcdb.bx.internal.cloudapp.net, ports: [REPLICATION=35155, RATIS=43913, RATIS_ADMIN=43913, RATIS_SERVER=43913, STANDALONE=34671], networkLocation: /default-rack, certSerialId: null, persistedOpState: null, persistedOpStateExpiryEpochSec: 0}. Asking datanode to re-register.
2022-03-06 23:39:58,115 [IPC Server handler 0 on default port 33845] INFO  server.SCMDatanodeHeartbeatDispatcher (SCMDatanodeHeartbeatDispatcher.java:dispatch(101)) - SCM received heartbeat from an unregistered datanode 88d5b3ea-0504-4869-b217-dcc17ceadd97{ip: 10.1.0.33, host: fv-az148-899.bm4ck3pvxvsene1rjriu5fhcdb.bx.internal.cloudapp.net, ports: [REPLICATION=35091, RATIS=46049, RATIS_ADMIN=46049, RATIS_SERVER=46049, STANDALONE=38941], networkLocation: /default-rack, certSerialId: null, persistedOpState: null, persistedOpStateExpiryEpochSec: 0}. Asking datanode to re-register.
2022-03-06 23:39:58,115 [IPC Server handler 0 on default port 33845] INFO  server.SCMDatanodeHeartbeatDispatcher (SCMDatanodeHeartbeatDispatcher.java:dispatch(101)) - SCM received heartbeat from an unregistered datanode ca22b40f-bcca-4dce-b03d-42f8a600d1bd{ip: 10.1.0.33, host: fv-az148-899.bm4ck3pvxvsene1rjriu5fhcdb.bx.internal.cloudapp.net, ports: [REPLICATION=35155, RATIS=43913, RATIS_ADMIN=43913, RATIS_SERVER=43913, STANDALONE=34671], networkLocation: /default-rack, certSerialId: null, persistedOpState: null, persistedOpStateExpiryEpochSec: 0}. Asking datanode to re-register.
2022-03-06 23:39:58,116 [IPC Server handler 0 on default port 33845] INFO  server.SCMDatanodeHeartbeatDispatcher (SCMDatanodeHeartbeatDispatcher.java:dispatch(101)) - SCM received heartbeat from an unregistered datanode 88d5b3ea-0504-4869-b217-dcc17ceadd97{ip: 10.1.0.33, host: fv-az148-899.bm4ck3pvxvsene1rjriu5fhcdb.bx.internal.cloudapp.net, ports: [REPLICATION=35091, RATIS=46049, RATIS_ADMIN=46049, RATIS_SERVER=46049, STANDALONE=38941], networkLocation: /default-rack, certSerialId: null, persistedOpState: null, persistedOpStateExpiryEpochSec: 0}. Asking datanode to re-register.
2022-03-06 23:39:58,116 [IPC Server handler 0 on default port 33845] INFO  server.SCMDatanodeHeartbeatDispatcher (SCMDatanodeHeartbeatDispatcher.java:dispatch(101)) - SCM received heartbeat from an unregistered datanode ca22b40f-bcca-4dce-b03d-42f8a600d1bd{ip: 10.1.0.33, host: fv-az148-899.bm4ck3pvxvsene1rjriu5fhcdb.bx.internal.cloudapp.net, ports: [REPLICATION=35155, RATIS=43913, RATIS_ADMIN=43913, RATIS_SERVER=43913, STANDALONE=34671], networkLocation: /default-rack, certSerialId: null, persistedOpState: null, persistedOpStateExpiryEpochSec: 0}. Asking datanode to re-register.
2022-03-06 23:39:58,117 [IPC Server handler 0 on default port 33845] INFO  server.SCMDatanodeHeartbeatDispatcher (SCMDatanodeHeartbeatDispatcher.java:dispatch(101)) - SCM received heartbeat from an unregistered datanode 88d5b3ea-0504-4869-b217-dcc17ceadd97{ip: 10.1.0.33, host: fv-az148-899.bm4ck3pvxvsene1rjriu5fhcdb.bx.internal.cloudapp.net, ports: [REPLICATION=35091, RATIS=46049, RATIS_ADMIN=46049, RATIS_SERVER=46049, STANDALONE=38941], networkLocation: /default-rack, certSerialId: null, persistedOpState: null, persistedOpStateExpiryEpochSec: 0}. Asking datanode to re-register.
2022-03-06 23:39:58,117 [IPC Server handler 0 on default port 33845] INFO  server.SCMDatanodeHeartbeatDispatcher (SCMDatanodeHeartbeatDispatcher.java:dispatch(101)) - SCM received heartbeat from an unregistered datanode ca22b40f-bcca-4dce-b03d-42f8a600d1bd{ip: 10.1.0.33, host: fv-az148-899.bm4ck3pvxvsene1rjriu5fhcdb.bx.internal.cloudapp.net, ports: [REPLICATION=35155, RATIS=43913, RATIS_ADMIN=43913, RATIS_SERVER=43913, STANDALONE=34671], networkLocation: /default-rack, certSerialId: null, persistedOpState: null, persistedOpStateExpiryEpochSec: 0}. Asking datanode to re-register.
2022-03-06 23:39:58,127 [IPC Server handler 1 on default port 33845] INFO  server.SCMDatanodeHeartbeatDispatcher (SCMDatanodeHeartbeatDispatcher.java:dispatch(101)) - SCM received heartbeat from an unregistered datanode 88d5b3ea-0504-4869-b217-dcc17ceadd97{ip: 10.1.0.33, host: fv-az148-899.bm4ck3pvxvsene1rjriu5fhcdb.bx.internal.cloudapp.net, ports: [REPLICATION=35091, RATIS=46049, RATIS_ADMIN=46049, RATIS_SERVER=46049, STANDALONE=38941], networkLocation: /default-rack, certSerialId: null, persistedOpState: null, persistedOpStateExpiryEpochSec: 0}. Asking datanode to re-register.
2022-03-06 23:39:58,129 [IPC Server handler 16 on default port 33845] INFO  server.SCMDatanodeHeartbeatDispatcher (SCMDatanodeHeartbeatDispatcher.java:dispatch(101)) - SCM received heartbeat from an unregistered datanode ca22b40f-bcca-4dce-b03d-42f8a600d1bd{ip: 10.1.0.33, host: fv-az148-899.bm4ck3pvxvsene1rjriu5fhcdb.bx.internal.cloudapp.net, ports: [REPLICATION=35155, RATIS=43913, RATIS_ADMIN=43913, RATIS_SERVER=43913, STANDALONE=34671], networkLocation: /default-rack, certSerialId: null, persistedOpState: null, persistedOpStateExpiryEpochSec: 0}. Asking datanode to re-register.
2022-03-06 23:39:58,131 [IPC Server handler 17 on default port 33845] INFO  server.SCMDatanodeHeartbeatDispatcher (SCMDatanodeHeartbeatDispatcher.java:dispatch(101)) - SCM received heartbeat from an unregistered datanode ca22b40f-bcca-4dce-b03d-42f8a600d1bd{ip: 10.1.0.33, host: fv-az148-899.bm4ck3pvxvsene1rjriu5fhcdb.bx.internal.cloudapp.net, ports: [REPLICATION=35155, RATIS=43913, RATIS_ADMIN=43913, RATIS_SERVER=43913, STANDALONE=34671], networkLocation: /default-rack, certSerialId: null, persistedOpState: null, persistedOpStateExpiryEpochSec: 0}. Asking datanode to re-register.
2022-03-06 23:39:58,144 [IPC Server handler 18 on default port 33845] INFO  server.SCMDatanodeHeartbeatDispatcher (SCMDatanodeHeartbeatDispatcher.java:dispatch(101)) - SCM received heartbeat from an unregistered datanode 88d5b3ea-0504-4869-b217-dcc17ceadd97{ip: 10.1.0.33, host: fv-az148-899.bm4ck3pvxvsene1rjriu5fhcdb.bx.internal.cloudapp.net, ports: [REPLICATION=35091, RATIS=46049, RATIS_ADMIN=46049, RATIS_SERVER=46049, STANDALONE=38941], networkLocation: /default-rack, certSerialId: null, persistedOpState: null, persistedOpStateExpiryEpochSec: 0}. Asking datanode to re-register.
2022-03-06 23:39:58,165 [IPC Server handler 19 on default port 33845] INFO  server.SCMDatanodeHeartbeatDispatcher (SCMDatanodeHeartbeatDispatcher.java:dispatch(101)) - SCM received heartbeat from an unregistered datanode ca22b40f-bcca-4dce-b03d-42f8a600d1bd{ip: 10.1.0.33, host: fv-az148-899.bm4ck3pvxvsene1rjriu5fhcdb.bx.internal.cloudapp.net, ports: [REPLICATION=35155, RATIS=43913, RATIS_ADMIN=43913, RATIS_SERVER=43913, STANDALONE=34671], networkLocation: /default-rack, certSerialId: null, persistedOpState: null, persistedOpStateExpiryEpochSec: 0}. Asking datanode to re-register.
2022-03-06 23:39:58,165 [IPC Server handler 2 on default port 33845] INFO  server.SCMDatanodeHeartbeatDispatcher (SCMDatanodeHeartbeatDispatcher.java:dispatch(101)) - SCM received heartbeat from an unregistered datanode 88d5b3ea-0504-4869-b217-dcc17ceadd97{ip: 10.1.0.33, host: fv-az148-899.bm4ck3pvxvsene1rjriu5fhcdb.bx.internal.cloudapp.net, ports: [REPLICATION=35091, RATIS=46049, RATIS_ADMIN=46049, RATIS_SERVER=46049, STANDALONE=38941], networkLocation: /default-rack, certSerialId: null, persistedOpState: null, persistedOpStateExpiryEpochSec: 0}. Asking datanode to re-register.
2022-03-06 23:39:58,180 [IPC Server handler 4 on default port 33845] INFO  server.SCMDatanodeHeartbeatDispatcher (SCMDatanodeHeartbeatDispatcher.java:dispatch(101)) - SCM received heartbeat from an unregistered datanode 88d5b3ea-0504-4869-b217-dcc17ceadd97{ip: 10.1.0.33, host: fv-az148-899.bm4ck3pvxvsene1rjriu5fhcdb.bx.internal.cloudapp.net, ports: [REPLICATION=35091, RATIS=46049, RATIS_ADMIN=46049, RATIS_SERVER=46049, STANDALONE=38941], networkLocation: /default-rack, certSerialId: null, persistedOpState: null, persistedOpStateExpiryEpochSec: 0}. Asking datanode to re-register.
2022-03-06 23:39:58,180 [IPC Server handler 5 on default port 33845] INFO  server.SCMDatanodeHeartbeatDispatcher (SCMDatanodeHeartbeatDispatcher.java:dispatch(101)) - SCM received heartbeat from an unregistered datanode ca22b40f-bcca-4dce-b03d-42f8a600d1bd{ip: 10.1.0.33, host: fv-az148-899.bm4ck3pvxvsene1rjriu5fhcdb.bx.internal.cloudapp.net, ports: [REPLICATION=35155, RATIS=43913, RATIS_ADMIN=43913, RATIS_SERVER=43913, STANDALONE=34671], networkLocation: /default-rack, certSerialId: null, persistedOpState: null, persistedOpStateExpiryEpochSec: 0}. Asking datanode to re-register.
2022-03-06 23:39:58,207 [IPC Server handler 3 on default port 33845] INFO  server.SCMDatanodeHeartbeatDispatcher (SCMDatanodeHeartbeatDispatcher.java:dispatch(101)) - SCM received heartbeat from an unregistered datanode 88d5b3ea-0504-4869-b217-dcc17ceadd97{ip: 10.1.0.33, host: fv-az148-899.bm4ck3pvxvsene1rjriu5fhcdb.bx.internal.cloudapp.net, ports: [REPLICATION=35091, RATIS=46049, RATIS_ADMIN=46049, RATIS_SERVER=46049, STANDALONE=38941], networkLocation: /default-rack, certSerialId: null, persistedOpState: null, persistedOpStateExpiryEpochSec: 0}. Asking datanode to re-register.
2022-03-06 23:39:58,208 [IPC Server handler 6 on default port 33845] INFO  server.SCMDatanodeHeartbeatDispatcher (SCMDatanodeHeartbeatDispatcher.java:dispatch(101)) - SCM received heartbeat from an unregistered datanode ca22b40f-bcca-4dce-b03d-42f8a600d1bd{ip: 10.1.0.33, host: fv-az148-899.bm4ck3pvxvsene1rjriu5fhcdb.bx.internal.cloudapp.net, ports: [REPLICATION=35155, RATIS=43913, RATIS_ADMIN=43913, RATIS_SERVER=43913, STANDALONE=34671], networkLocation: /default-rack, certSerialId: null, persistedOpState: null, persistedOpStateExpiryEpochSec: 0}. Asking datanode to re-register.
2022-03-06 23:39:58,211 [IPC Server handler 7 on default port 33845] INFO  server.SCMDatanodeHeartbeatDispatcher (SCMDatanodeHeartbeatDispatcher.java:dispatch(101)) - SCM received heartbeat from an unregistered datanode ca22b40f-bcca-4dce-b03d-42f8a600d1bd{ip: 10.1.0.33, host: fv-az148-899.bm4ck3pvxvsene1rjriu5fhcdb.bx.internal.cloudapp.net, ports: [REPLICATION=35155, RATIS=43913, RATIS_ADMIN=43913, RATIS_SERVER=43913, STANDALONE=34671], networkLocation: /default-rack, certSerialId: null, persistedOpState: null, persistedOpStateExpiryEpochSec: 0}. Asking datanode to re-register.
2022-03-06 23:39:58,212 [IPC Server handler 8 on default port 33845] INFO  server.SCMDatanodeHeartbeatDispatcher (SCMDatanodeHeartbeatDispatcher.java:dispatch(101)) - SCM received heartbeat from an unregistered datanode ca22b40f-bcca-4dce-b03d-42f8a600d1bd{ip: 10.1.0.33, host: fv-az148-899.bm4ck3pvxvsene1rjriu5fhcdb.bx.internal.cloudapp.net, ports: [REPLICATION=35155, RATIS=43913, RATIS_ADMIN=43913, RATIS_SERVER=43913, STANDALONE=34671], networkLocation: /default-rack, certSerialId: null, persistedOpState: null, persistedOpStateExpiryEpochSec: 0}. Asking datanode to re-register.
2022-03-06 23:39:58,216 [IPC Server handler 10 on default port 33845] INFO  server.SCMDatanodeHeartbeatDispatcher (SCMDatanodeHeartbeatDispatcher.java:dispatch(101)) - SCM received heartbeat from an unregistered datanode ca22b40f-bcca-4dce-b03d-42f8a600d1bd{ip: 10.1.0.33, host: fv-az148-899.bm4ck3pvxvsene1rjriu5fhcdb.bx.internal.cloudapp.net, ports: [REPLICATION=35155, RATIS=43913, RATIS_ADMIN=43913, RATIS_SERVER=43913, STANDALONE=34671], networkLocation: /default-rack, certSerialId: null, persistedOpState: null, persistedOpStateExpiryEpochSec: 0}. Asking datanode to re-register.
2022-03-06 23:39:58,221 [IPC Server handler 9 on default port 33845] INFO  server.SCMDatanodeHeartbeatDispatcher (SCMDatanodeHeartbeatDispatcher.java:dispatch(101)) - SCM received heartbeat from an unregistered datanode ca22b40f-bcca-4dce-b03d-42f8a600d1bd{ip: 10.1.0.33, host: fv-az148-899.bm4ck3pvxvsene1rjriu5fhcdb.bx.internal.cloudapp.net, ports: [REPLICATION=35155, RATIS=43913, RATIS_ADMIN=43913, RATIS_SERVER=43913, STANDALONE=34671], networkLocation: /default-rack, certSerialId: null, persistedOpState: null, persistedOpStateExpiryEpochSec: 0}. Asking datanode to re-register.
2022-03-06 23:39:58,224 [IPC Server handler 11 on default port 33845] INFO  server.SCMDatanodeHeartbeatDispatcher (SCMDatanodeHeartbeatDispatcher.java:dispatch(101)) - SCM received heartbeat from an unregistered datanode ca22b40f-bcca-4dce-b03d-42f8a600d1bd{ip: 10.1.0.33, host: fv-az148-899.bm4ck3pvxvsene1rjriu5fhcdb.bx.internal.cloudapp.net, ports: [REPLICATION=35155, RATIS=43913, RATIS_ADMIN=43913, RATIS_SERVER=43913, STANDALONE=34671], networkLocation: /default-rack, certSerialId: null, persistedOpState: null, persistedOpStateExpiryEpochSec: 0}. Asking datanode to re-register.
2022-03-06 23:39:58,225 [IPC Server handler 12 on default port 33845] INFO  server.SCMDatanodeHeartbeatDispatcher (SCMDatanodeHeartbeatDispatcher.java:dispatch(101)) - SCM received heartbeat from an unregistered datanode 88d5b3ea-0504-4869-b217-dcc17ceadd97{ip: 10.1.0.33, host: fv-az148-899.bm4ck3pvxvsene1rjriu5fhcdb.bx.internal.cloudapp.net, ports: [REPLICATION=35091, RATIS=46049, RATIS_ADMIN=46049, RATIS_SERVER=46049, STANDALONE=38941], networkLocation: /default-rack, certSerialId: null, persistedOpState: null, persistedOpStateExpiryEpochSec: 0}. Asking datanode to re-register.
2022-03-06 23:39:58,226 [IPC Server handler 13 on default port 33845] INFO  server.SCMDatanodeHeartbeatDispatcher (SCMDatanodeHeartbeatDispatcher.java:dispatch(101)) - SCM received heartbeat from an unregistered datanode 88d5b3ea-0504-4869-b217-dcc17ceadd97{ip: 10.1.0.33, host: fv-az148-899.bm4ck3pvxvsene1rjriu5fhcdb.bx.internal.cloudapp.net, ports: [REPLICATION=35091, RATIS=46049, RATIS_ADMIN=46049, RATIS_SERVER=46049, STANDALONE=38941], networkLocation: /default-rack, certSerialId: null, persistedOpState: null, persistedOpStateExpiryEpochSec: 0}. Asking datanode to re-register.
2022-03-06 23:39:58,226 [IPC Server handler 14 on default port 33845] INFO  server.SCMDatanodeHeartbeatDispatcher (SCMDatanodeHeartbeatDispatcher.java:dispatch(101)) - SCM received heartbeat from an unregistered datanode ca22b40f-bcca-4dce-b03d-42f8a600d1bd{ip: 10.1.0.33, host: fv-az148-899.bm4ck3pvxvsene1rjriu5fhcdb.bx.internal.cloudapp.net, ports: [REPLICATION=35155, RATIS=43913, RATIS_ADMIN=43913, RATIS_SERVER=43913, STANDALONE=34671], networkLocation: /default-rack, certSerialId: null, persistedOpState: null, persistedOpStateExpiryEpochSec: 0}. Asking datanode to re-register.
2022-03-06 23:39:58,227 [IPC Server handler 15 on default port 33845] INFO  server.SCMDatanodeHeartbeatDispatcher (SCMDatanodeHeartbeatDispatcher.java:dispatch(101)) - SCM received heartbeat from an unregistered datanode ca22b40f-bcca-4dce-b03d-42f8a600d1bd{ip: 10.1.0.33, host: fv-az148-899.bm4ck3pvxvsene1rjriu5fhcdb.bx.internal.cloudapp.net, ports: [REPLICATION=35155, RATIS=43913, RATIS_ADMIN=43913, RATIS_SERVER=43913, STANDALONE=34671], networkLocation: /default-rack, certSerialId: null, persistedOpState: null, persistedOpStateExpiryEpochSec: 0}. Asking datanode to re-register.
2022-03-06 23:39:58,228 [IPC Server handler 1 on default port 33845] INFO  server.SCMDatanodeHeartbeatDispatcher (SCMDatanodeHeartbeatDispatcher.java:dispatch(101)) - SCM received heartbeat from an unregistered datanode ca22b40f-bcca-4dce-b03d-42f8a600d1bd{ip: 10.1.0.33, host: fv-az148-899.bm4ck3pvxvsene1rjriu5fhcdb.bx.internal.cloudapp.net, ports: [REPLICATION=35155, RATIS=43913, RATIS_ADMIN=43913, RATIS_SERVER=43913, STANDALONE=34671], networkLocation: /default-rack, certSerialId: null, persistedOpState: null, persistedOpStateExpiryEpochSec: 0}. Asking datanode to re-register.
2022-03-06 23:39:58,229 [IPC Server handler 16 on default port 33845] INFO  server.SCMDatanodeHeartbeatDispatcher (SCMDatanodeHeartbeatDispatcher.java:dispatch(101)) - SCM received heartbeat from an unregistered datanode ca22b40f-bcca-4dce-b03d-42f8a600d1bd{ip: 10.1.0.33, host: fv-az148-899.bm4ck3pvxvsene1rjriu5fhcdb.bx.internal.cloudapp.net, ports: [REPLICATION=35155, RATIS=43913, RATIS_ADMIN=43913, RATIS_SERVER=43913, STANDALONE=34671], networkLocation: /default-rack, certSerialId: null, persistedOpState: null, persistedOpStateExpiryEpochSec: 0}. Asking datanode to re-register.
2022-03-06 23:39:58,230 [IPC Server handler 0 on default port 33845] INFO  server.SCMDatanodeHeartbeatDispatcher (SCMDatanodeHeartbeatDispatcher.java:dispatch(101)) - SCM received heartbeat from an unregistered datanode ca22b40f-bcca-4dce-b03d-42f8a600d1bd{ip: 10.1.0.33, host: fv-az148-899.bm4ck3pvxvsene1rjriu5fhcdb.bx.internal.cloudapp.net, ports: [REPLICATION=35155, RATIS=43913, RATIS_ADMIN=43913, RATIS_SERVER=43913, STANDALONE=34671], networkLocation: /default-rack, certSerialId: null, persistedOpState: null, persistedOpStateExpiryEpochSec: 0}. Asking datanode to re-register.
2022-03-06 23:39:58,231 [IPC Server handler 17 on default port 33845] INFO  server.SCMDatanodeHeartbeatDispatcher (SCMDatanodeHeartbeatDispatcher.java:dispatch(101)) - SCM received heartbeat from an unregistered datanode ca22b40f-bcca-4dce-b03d-42f8a600d1bd{ip: 10.1.0.33, host: fv-az148-899.bm4ck3pvxvsene1rjriu5fhcdb.bx.internal.cloudapp.net, ports: [REPLICATION=35155, RATIS=43913, RATIS_ADMIN=43913, RATIS_SERVER=43913, STANDALONE=34671], networkLocation: /default-rack, certSerialId: null, persistedOpState: null, persistedOpStateExpiryEpochSec: 0}. Asking datanode to re-register.
2022-03-06 23:39:58,231 [IPC Server handler 17 on default port 33845] INFO  server.SCMDatanodeHeartbeatDispatcher (SCMDatanodeHeartbeatDispatcher.java:dispatch(101)) - SCM received heartbeat from an unregistered datanode 88d5b3ea-0504-4869-b217-dcc17ceadd97{ip: 10.1.0.33, host: fv-az148-899.bm4ck3pvxvsene1rjriu5fhcdb.bx.internal.cloudapp.net, ports: [REPLICATION=35091, RATIS=46049, RATIS_ADMIN=46049, RATIS_SERVER=46049, STANDALONE=38941], networkLocation: /default-rack, certSerialId: null, persistedOpState: null, persistedOpStateExpiryEpochSec: 0}. Asking datanode to re-register.
2022-03-06 23:39:58,232 [IPC Server handler 17 on default port 33845] INFO  server.SCMDatanodeHeartbeatDispatcher (SCMDatanodeHeartbeatDispatcher.java:dispatch(101)) - SCM received heartbeat from an unregistered datanode ca22b40f-bcca-4dce-b03d-42f8a600d1bd{ip: 10.1.0.33, host: fv-az148-899.bm4ck3pvxvsene1rjriu5fhcdb.bx.internal.cloudapp.net, ports: [REPLICATION=35155, RATIS=43913, RATIS_ADMIN=43913, RATIS_SERVER=43913, STANDALONE=34671], networkLocation: /default-rack, certSerialId: null, persistedOpState: null, persistedOpStateExpiryEpochSec: 0}. Asking datanode to re-register.
2022-03-06 23:39:58,232 [IPC Server handler 17 on default port 33845] INFO  server.SCMDatanodeHeartbeatDispatcher (SCMDatanodeHeartbeatDispatcher.java:dispatch(101)) - SCM received heartbeat from an unregistered datanode 88d5b3ea-0504-4869-b217-dcc17ceadd97{ip: 10.1.0.33, host: fv-az148-899.bm4ck3pvxvsene1rjriu5fhcdb.bx.internal.cloudapp.net, ports: [REPLICATION=35091, RATIS=46049, RATIS_ADMIN=46049, RATIS_SERVER=46049, STANDALONE=38941], networkLocation: /default-rack, certSerialId: null, persistedOpState: null, persistedOpStateExpiryEpochSec: 0}. Asking datanode to re-register.
2022-03-06 23:39:58,233 [IPC Server handler 4 on default port 33845] INFO  server.SCMDatanodeHeartbeatDispatcher (SCMDatanodeHeartbeatDispatcher.java:dispatch(101)) - SCM received heartbeat from an unregistered datanode ca22b40f-bcca-4dce-b03d-42f8a600d1bd{ip: 10.1.0.33, host: fv-az148-899.bm4ck3pvxvsene1rjriu5fhcdb.bx.internal.cloudapp.net, ports: [REPLICATION=35155, RATIS=43913, RATIS_ADMIN=43913, RATIS_SERVER=43913, STANDALONE=34671], networkLocation: /default-rack, certSerialId: null, persistedOpState: null, persistedOpStateExpiryEpochSec: 0}. Asking datanode to re-register.
2022-03-06 23:39:58,234 [IPC Server handler 5 on default port 33845] INFO  server.SCMDatanodeHeartbeatDispatcher (SCMDatanodeHeartbeatDispatcher.java:dispatch(101)) - SCM received heartbeat from an unregistered datanode 88d5b3ea-0504-4869-b217-dcc17ceadd97{ip: 10.1.0.33, host: fv-az148-899.bm4ck3pvxvsene1rjriu5fhcdb.bx.internal.cloudapp.net, ports: [REPLICATION=35091, RATIS=46049, RATIS_ADMIN=46049, RATIS_SERVER=46049, STANDALONE=38941], networkLocation: /default-rack, certSerialId: null, persistedOpState: null, persistedOpStateExpiryEpochSec: 0}. Asking datanode to re-register.
2022-03-06 23:39:58,235 [IPC Server handler 6 on default port 33845] INFO  server.SCMDatanodeHeartbeatDispatcher (SCMDatanodeHeartbeatDispatcher.java:dispatch(101)) - SCM received heartbeat from an unregistered datanode 88d5b3ea-0504-4869-b217-dcc17ceadd97{ip: 10.1.0.33, host: fv-az148-899.bm4ck3pvxvsene1rjriu5fhcdb.bx.internal.cloudapp.net, ports: [REPLICATION=35091, RATIS=46049, RATIS_ADMIN=46049, RATIS_SERVER=46049, STANDALONE=38941], networkLocation: /default-rack, certSerialId: null, persistedOpState: null, persistedOpStateExpiryEpochSec: 0}. Asking datanode to re-register.
2022-03-06 23:39:58,235 [IPC Server handler 7 on default port 33845] INFO  server.SCMDatanodeHeartbeatDispatcher (SCMDatanodeHeartbeatDispatcher.java:dispatch(101)) - SCM received heartbeat from an unregistered datanode 88d5b3ea-0504-4869-b217-dcc17ceadd97{ip: 10.1.0.33, host: fv-az148-899.bm4ck3pvxvsene1rjriu5fhcdb.bx.internal.cloudapp.net, ports: [REPLICATION=35091, RATIS=46049, RATIS_ADMIN=46049, RATIS_SERVER=46049, STANDALONE=38941], networkLocation: /default-rack, certSerialId: null, persistedOpState: null, persistedOpStateExpiryEpochSec: 0}. Asking datanode to re-register.
2022-03-06 23:39:58,236 [IPC Server handler 8 on default port 33845] INFO  server.SCMDatanodeHeartbeatDispatcher (SCMDatanodeHeartbeatDispatcher.java:dispatch(101)) - SCM received heartbeat from an unregistered datanode 88d5b3ea-0504-4869-b217-dcc17ceadd97{ip: 10.1.0.33, host: fv-az148-899.bm4ck3pvxvsene1rjriu5fhcdb.bx.internal.cloudapp.net, ports: [REPLICATION=35091, RATIS=46049, RATIS_ADMIN=46049, RATIS_SERVER=46049, STANDALONE=38941], networkLocation: /default-rack, certSerialId: null, persistedOpState: null, persistedOpStateExpiryEpochSec: 0}. Asking datanode to re-register.
2022-03-06 23:39:58,237 [IPC Server handler 10 on default port 33845] INFO  server.SCMDatanodeHeartbeatDispatcher (SCMDatanodeHeartbeatDispatcher.java:dispatch(101)) - SCM received heartbeat from an unregistered datanode ca22b40f-bcca-4dce-b03d-42f8a600d1bd{ip: 10.1.0.33, host: fv-az148-899.bm4ck3pvxvsene1rjriu5fhcdb.bx.internal.cloudapp.net, ports: [REPLICATION=35155, RATIS=43913, RATIS_ADMIN=43913, RATIS_SERVER=43913, STANDALONE=34671], networkLocation: /default-rack, certSerialId: null, persistedOpState: null, persistedOpStateExpiryEpochSec: 0}. Asking datanode to re-register.
2022-03-06 23:39:58,238 [IPC Server handler 9 on default port 33845] INFO  server.SCMDatanodeHeartbeatDispatcher (SCMDatanodeHeartbeatDispatcher.java:dispatch(101)) - SCM received heartbeat from an unregistered datanode ca22b40f-bcca-4dce-b03d-42f8a600d1bd{ip: 10.1.0.33, host: fv-az148-899.bm4ck3pvxvsene1rjriu5fhcdb.bx.internal.cloudapp.net, ports: [REPLICATION=35155, RATIS=43913, RATIS_ADMIN=43913, RATIS_SERVER=43913, STANDALONE=34671], networkLocation: /default-rack, certSerialId: null, persistedOpState: null, persistedOpStateExpiryEpochSec: 0}. Asking datanode to re-register.
2022-03-06 23:39:58,239 [IPC Server handler 3 on default port 33845] INFO  net.NetworkTopologyImpl (NetworkTopologyImpl.java:add(112)) - Added a new node: /default-rack/ca22b40f-bcca-4dce-b03d-42f8a600d1bd
2022-03-06 23:39:58,239 [IPC Server handler 3 on default port 33845] INFO  node.SCMNodeManager (SCMNodeManager.java:register(391)) - Registered Data node : ca22b40f-bcca-4dce-b03d-42f8a600d1bd{ip: 10.1.0.33, host: fv-az148-899.bm4ck3pvxvsene1rjriu5fhcdb.bx.internal.cloudapp.net, ports: [REPLICATION=35155, RATIS=43913, RATIS_ADMIN=43913, RATIS_SERVER=43913, STANDALONE=34671], networkLocation: /default-rack, certSerialId: null, persistedOpState: null, persistedOpStateExpiryEpochSec: 0}
2022-03-06 23:39:58,240 [IPC Server handler 11 on default port 33845] INFO  server.SCMDatanodeHeartbeatDispatcher (SCMDatanodeHeartbeatDispatcher.java:dispatch(101)) - SCM received heartbeat from an unregistered datanode 88d5b3ea-0504-4869-b217-dcc17ceadd97{ip: 10.1.0.33, host: fv-az148-899.bm4ck3pvxvsene1rjriu5fhcdb.bx.internal.cloudapp.net, ports: [REPLICATION=35091, RATIS=46049, RATIS_ADMIN=46049, RATIS_SERVER=46049, STANDALONE=38941], networkLocation: /default-rack, certSerialId: null, persistedOpState: null, persistedOpStateExpiryEpochSec: 0}. Asking datanode to re-register.
2022-03-06 23:39:58,241 [IPC Server handler 12 on default port 33845] INFO  server.SCMDatanodeHeartbeatDispatcher (SCMDatanodeHeartbeatDispatcher.java:dispatch(101)) - SCM received heartbeat from an unregistered datanode 88d5b3ea-0504-4869-b217-dcc17ceadd97{ip: 10.1.0.33, host: fv-az148-899.bm4ck3pvxvsene1rjriu5fhcdb.bx.internal.cloudapp.net, ports: [REPLICATION=35091, RATIS=46049, RATIS_ADMIN=46049, RATIS_SERVER=46049, STANDALONE=38941], networkLocation: /default-rack, certSerialId: null, persistedOpState: null, persistedOpStateExpiryEpochSec: 0}. Asking datanode to re-register.
2022-03-06 23:39:58,242 [IPC Server handler 13 on default port 33845] INFO  server.SCMDatanodeHeartbeatDispatcher (SCMDatanodeHeartbeatDispatcher.java:dispatch(101)) - SCM received heartbeat from an unregistered datanode 88d5b3ea-0504-4869-b217-dcc17ceadd97{ip: 10.1.0.33, host: fv-az148-899.bm4ck3pvxvsene1rjriu5fhcdb.bx.internal.cloudapp.net, ports: [REPLICATION=35091, RATIS=46049, RATIS_ADMIN=46049, RATIS_SERVER=46049, STANDALONE=38941], networkLocation: /default-rack, certSerialId: null, persistedOpState: null, persistedOpStateExpiryEpochSec: 0}. Asking datanode to re-register.
2022-03-06 23:39:58,243 [IPC Server handler 14 on default port 33845] INFO  server.SCMDatanodeHeartbeatDispatcher (SCMDatanodeHeartbeatDispatcher.java:dispatch(101)) - SCM received heartbeat from an unregistered datanode 88d5b3ea-0504-4869-b217-dcc17ceadd97{ip: 10.1.0.33, host: fv-az148-899.bm4ck3pvxvsene1rjriu5fhcdb.bx.internal.cloudapp.net, ports: [REPLICATION=35091, RATIS=46049, RATIS_ADMIN=46049, RATIS_SERVER=46049, STANDALONE=38941], networkLocation: /default-rack, certSerialId: null, persistedOpState: null, persistedOpStateExpiryEpochSec: 0}. Asking datanode to re-register.
2022-03-06 23:39:58,243 [IPC Server handler 15 on default port 33845] INFO  server.SCMDatanodeHeartbeatDispatcher (SCMDatanodeHeartbeatDispatcher.java:dispatch(101)) - SCM received heartbeat from an unregistered datanode 88d5b3ea-0504-4869-b217-dcc17ceadd97{ip: 10.1.0.33, host: fv-az148-899.bm4ck3pvxvsene1rjriu5fhcdb.bx.internal.cloudapp.net, ports: [REPLICATION=35091, RATIS=46049, RATIS_ADMIN=46049, RATIS_SERVER=46049, STANDALONE=38941], networkLocation: /default-rack, certSerialId: null, persistedOpState: null, persistedOpStateExpiryEpochSec: 0}. Asking datanode to re-register.
2022-03-06 23:39:58,248 [Datanode State Machine Daemon Thread] WARN  statemachine.StateContext (StateContext.java:setState(250)) - Ignore disallowed transition from SHUTDOWN to RUNNING
2022-03-06 23:39:58,292 [EventQueue-NewNodeForNewNodeHandler] INFO  pipeline.BackgroundPipelineCreator (BackgroundPipelineCreator.java:notifyEventTriggered(285)) - trigger a one-shot run on RatisPipelineUtilsThread.
2022-03-06 23:39:58,305 [EventQueue-NodeRegistrationContainerReportForDataNodeSafeModeRule] INFO  safemode.SCMSafeModeManager (DataNodeSafeModeRule.java:process(71)) - SCM in safe mode. 1 DataNodes registered, 3 required.
2022-03-06 23:39:58,332 [EventQueue-NodeRegistrationContainerReportForContainerSafeModeRule] INFO  safemode.SCMSafeModeManager (SCMSafeModeManager.java:validateSafeModeExitRules(204)) - ContainerSafeModeRule rule is successfully validated
2022-03-06 23:39:58,349 [EventQueue-PipelineReportForOneReplicaPipelineSafeModeRule] INFO  safemode.SCMSafeModeManager (OneReplicaPipelineSafeModeRule.java:process(120)) - SCM in safe mode. Pipelines with at least one datanode reported count is 1, required at least one datanode reported per pipeline count is 1
2022-03-06 23:39:58,350 [EventQueue-PipelineReportForOneReplicaPipelineSafeModeRule] INFO  safemode.SCMSafeModeManager (SCMSafeModeManager.java:validateSafeModeExitRules(204)) - AtleastOneDatanodeReportedRule rule is successfully validated
2022-03-06 23:39:58,390 [EventQueue-OpenPipelineForHealthyPipelineSafeModeRule] INFO  safemode.SCMSafeModeManager (HealthyPipelineSafeModeRule.java:process(124)) - SCM in safe mode. Healthy pipelines reported count is 0, required healthy pipeline reported count is 1
2022-03-06 23:40:00,420 [grpc-default-executor-4] INFO  ratis.XceiverServerRatis (XceiverServerRatis.java:handleLeaderChangedNotification(867)) - Leader change notification received for group: group-B6675D5AA9D0 with new leaderId: ca22b40f-bcca-4dce-b03d-42f8a600d1bd
2022-03-06 23:40:00,421 [grpc-default-executor-4] INFO  server.RaftServer$Division (ServerState.java:setLeader(285)) - e54240a4-5fb6-4317-aa96-83a11ada3c80@group-B6675D5AA9D0: change Leader from null to ca22b40f-bcca-4dce-b03d-42f8a600d1bd at term 8 for appendEntries, leader elected after 28763ms
2022-03-06 23:40:02,680 [Time-limited test] INFO  ozoneimpl.OzoneContainer (OzoneContainer.java:stop(356)) - Attempting to stop container services.
2022-03-06 23:40:02,683 [Time-limited test] INFO  server.RaftServer (RaftServerProxy.java:lambda$close$6(391)) - 88d5b3ea-0504-4869-b217-dcc17ceadd97: close
2022-03-06 23:40:02,683 [Time-limited test] INFO  server.RaftServer$Division (RaftServerImpl.java:lambda$close$4(412)) - 88d5b3ea-0504-4869-b217-dcc17ceadd97@group-1FC9E2B4AC1F: shutdown
2022-03-06 23:40:02,683 [Time-limited test] INFO  util.JmxRegister (JmxRegister.java:unregister(73)) - Successfully un-registered JMX Bean with object name Ratis:service=RaftServer,group=group-1FC9E2B4AC1F,id=88d5b3ea-0504-4869-b217-dcc17ceadd97
2022-03-06 23:40:02,683 [Time-limited test] INFO  impl.RoleInfo (RoleInfo.java:shutdownLeaderState(91)) - 88d5b3ea-0504-4869-b217-dcc17ceadd97: shutdown 88d5b3ea-0504-4869-b217-dcc17ceadd97@group-1FC9E2B4AC1F-LeaderStateImpl
2022-03-06 23:40:02,684 [Time-limited test] INFO  impl.PendingRequests (PendingRequests.java:sendNotLeaderResponses(282)) - 88d5b3ea-0504-4869-b217-dcc17ceadd97@group-1FC9E2B4AC1F-PendingRequests: sendNotLeaderResponses
2022-03-06 23:40:02,685 [88d5b3ea-0504-4869-b217-dcc17ceadd97@group-1FC9E2B4AC1F-StateMachineUpdater] INFO  ratis.ContainerStateMachine (ContainerStateMachine.java:takeSnapshot(304)) - group-1FC9E2B4AC1F: Taking a snapshot at:(t:1, i:0) file /home/runner/work/ozone/ozone/hadoop-ozone/integration-test/target/test-dir/MiniOzoneClusterImpl-1620ac7c-bf10-4486-a396-49b527acbb1b/datanode-1/data/ratis/57d87248-bf6f-43aa-8745-1fc9e2b4ac1f/sm/snapshot.1_0
2022-03-06 23:40:02,685 [Time-limited test] INFO  impl.StateMachineUpdater (StateMachineUpdater.java:stopAndJoin(149)) - 88d5b3ea-0504-4869-b217-dcc17ceadd97@group-1FC9E2B4AC1F-StateMachineUpdater: set stopIndex = 0
2022-03-06 23:40:02,686 [88d5b3ea-0504-4869-b217-dcc17ceadd97@group-1FC9E2B4AC1F-StateMachineUpdater] INFO  ratis.ContainerStateMachine (ContainerStateMachine.java:takeSnapshot(315)) - group-1FC9E2B4AC1F: Finished taking a snapshot at:(t:1, i:0) file:/home/runner/work/ozone/ozone/hadoop-ozone/integration-test/target/test-dir/MiniOzoneClusterImpl-1620ac7c-bf10-4486-a396-49b527acbb1b/datanode-1/data/ratis/57d87248-bf6f-43aa-8745-1fc9e2b4ac1f/sm/snapshot.1_0 took: 1 ms
2022-03-06 23:40:02,686 [88d5b3ea-0504-4869-b217-dcc17ceadd97@group-1FC9E2B4AC1F-StateMachineUpdater] INFO  impl.StateMachineUpdater (StateMachineUpdater.java:takeSnapshot(281)) - 88d5b3ea-0504-4869-b217-dcc17ceadd97@group-1FC9E2B4AC1F-StateMachineUpdater: Took a snapshot at index 0
2022-03-06 23:40:02,686 [88d5b3ea-0504-4869-b217-dcc17ceadd97@group-1FC9E2B4AC1F-StateMachineUpdater] INFO  impl.StateMachineUpdater (StateMachineUpdater.java:lambda$new$0(89)) - 88d5b3ea-0504-4869-b217-dcc17ceadd97@group-1FC9E2B4AC1F-StateMachineUpdater: snapshotIndex: updateIncreasingly -1 -> 0
2022-03-06 23:40:02,689 [ForkJoinPool.commonPool-worker-0] INFO  ozoneimpl.OzoneContainer (OzoneContainer.java:stop(356)) - Attempting to stop container services.
2022-03-06 23:40:02,689 [Time-limited test] INFO  server.RaftServer$Division (ServerState.java:close(419)) - 88d5b3ea-0504-4869-b217-dcc17ceadd97@group-1FC9E2B4AC1F: closes. applyIndex: 0
2022-03-06 23:40:02,689 [ForkJoinPool.commonPool-worker-0] INFO  server.RaftServer (RaftServerProxy.java:lambda$close$6(391)) - e54240a4-5fb6-4317-aa96-83a11ada3c80: close
2022-03-06 23:40:02,689 [ForkJoinPool.commonPool-worker-0] INFO  server.RaftServer$Division (RaftServerImpl.java:lambda$close$4(412)) - e54240a4-5fb6-4317-aa96-83a11ada3c80@group-B6675D5AA9D0: shutdown
2022-03-06 23:40:02,689 [ForkJoinPool.commonPool-worker-0] INFO  util.JmxRegister (JmxRegister.java:unregister(73)) - Successfully un-registered JMX Bean with object name Ratis:service=RaftServer,group=group-B6675D5AA9D0,id=e54240a4-5fb6-4317-aa96-83a11ada3c80
2022-03-06 23:40:02,689 [ForkJoinPool.commonPool-worker-0] INFO  impl.RoleInfo (RoleInfo.java:shutdownFollowerState(108)) - e54240a4-5fb6-4317-aa96-83a11ada3c80: shutdown e54240a4-5fb6-4317-aa96-83a11ada3c80@group-B6675D5AA9D0-FollowerState
2022-03-06 23:40:02,690 [88d5b3ea-0504-4869-b217-dcc17ceadd97@group-1FC9E2B4AC1F-SegmentedRaftLogWorker] INFO  segmented.SegmentedRaftLogWorker (SegmentedRaftLogWorker.java:run(327)) - 88d5b3ea-0504-4869-b217-dcc17ceadd97@group-1FC9E2B4AC1F-SegmentedRaftLogWorker was interrupted, exiting. There are 0 tasks remaining in the queue.
2022-03-06 23:40:02,690 [ForkJoinPool.commonPool-worker-0] INFO  impl.StateMachineUpdater (StateMachineUpdater.java:stopAndJoin(149)) - e54240a4-5fb6-4317-aa96-83a11ada3c80@group-B6675D5AA9D0-StateMachineUpdater: set stopIndex = 0
2022-03-06 23:40:02,690 [e54240a4-5fb6-4317-aa96-83a11ada3c80@group-B6675D5AA9D0-FollowerState] INFO  impl.FollowerState (FollowerState.java:run(143)) - e54240a4-5fb6-4317-aa96-83a11ada3c80@group-B6675D5AA9D0-FollowerState was interrupted: {}
java.lang.InterruptedException: sleep interrupted
	at java.lang.Thread.sleep(Native Method)
	at java.lang.Thread.sleep(Thread.java:342)
	at java.util.concurrent.TimeUnit.sleep(TimeUnit.java:386)
	at org.apache.ratis.util.TimeDuration.sleep(TimeDuration.java:324)
	at org.apache.ratis.util.TimeDuration.sleep(TimeDuration.java:309)
	at org.apache.ratis.server.impl.FollowerState.run(FollowerState.java:118)
2022-03-06 23:40:02,696 [Time-limited test] INFO  segmented.SegmentedRaftLogWorker (SegmentedRaftLogWorker.java:close(237)) - 88d5b3ea-0504-4869-b217-dcc17ceadd97@group-1FC9E2B4AC1F-SegmentedRaftLogWorker close()
2022-03-06 23:40:02,698 [ForkJoinPool.commonPool-worker-0] INFO  server.RaftServer$Division (ServerState.java:close(419)) - e54240a4-5fb6-4317-aa96-83a11ada3c80@group-B6675D5AA9D0: closes. applyIndex: 0
2022-03-06 23:40:02,699 [e54240a4-5fb6-4317-aa96-83a11ada3c80@group-B6675D5AA9D0-SegmentedRaftLogWorker] INFO  segmented.SegmentedRaftLogWorker (SegmentedRaftLogWorker.java:run(327)) - e54240a4-5fb6-4317-aa96-83a11ada3c80@group-B6675D5AA9D0-SegmentedRaftLogWorker was interrupted, exiting. There are 0 tasks remaining in the queue.
2022-03-06 23:40:02,699 [Time-limited test] INFO  server.RaftServer$Division (RaftServerImpl.java:lambda$close$4(412)) - 88d5b3ea-0504-4869-b217-dcc17ceadd97@group-B6675D5AA9D0: shutdown
2022-03-06 23:40:02,699 [Time-limited test] INFO  util.JmxRegister (JmxRegister.java:unregister(73)) - Successfully un-registered JMX Bean with object name Ratis:service=RaftServer,group=group-B6675D5AA9D0,id=88d5b3ea-0504-4869-b217-dcc17ceadd97
2022-03-06 23:40:02,699 [Time-limited test] INFO  impl.RoleInfo (RoleInfo.java:shutdownFollowerState(108)) - 88d5b3ea-0504-4869-b217-dcc17ceadd97: shutdown 88d5b3ea-0504-4869-b217-dcc17ceadd97@group-B6675D5AA9D0-FollowerState
2022-03-06 23:40:02,699 [Time-limited test] INFO  impl.StateMachineUpdater (StateMachineUpdater.java:stopAndJoin(149)) - 88d5b3ea-0504-4869-b217-dcc17ceadd97@group-B6675D5AA9D0-StateMachineUpdater: set stopIndex = 0
2022-03-06 23:40:02,699 [88d5b3ea-0504-4869-b217-dcc17ceadd97@group-B6675D5AA9D0-FollowerState] INFO  impl.FollowerState (FollowerState.java:run(143)) - 88d5b3ea-0504-4869-b217-dcc17ceadd97@group-B6675D5AA9D0-FollowerState was interrupted: {}
java.lang.InterruptedException: sleep interrupted
	at java.lang.Thread.sleep(Native Method)
	at java.lang.Thread.sleep(Thread.java:342)
	at java.util.concurrent.TimeUnit.sleep(TimeUnit.java:386)
	at org.apache.ratis.util.TimeDuration.sleep(TimeDuration.java:324)
	at org.apache.ratis.util.TimeDuration.sleep(TimeDuration.java:309)
	at org.apache.ratis.server.impl.FollowerState.run(FollowerState.java:118)
2022-03-06 23:40:02,699 [88d5b3ea-0504-4869-b217-dcc17ceadd97@group-B6675D5AA9D0-StateMachineUpdater] INFO  ratis.ContainerStateMachine (ContainerStateMachine.java:takeSnapshot(304)) - group-B6675D5AA9D0: Taking a snapshot at:(t:8, i:0) file /home/runner/work/ozone/ozone/hadoop-ozone/integration-test/target/test-dir/MiniOzoneClusterImpl-1620ac7c-bf10-4486-a396-49b527acbb1b/datanode-1/data/ratis/b69523d4-54f5-4a15-9e9f-b6675d5aa9d0/sm/snapshot.8_0
2022-03-06 23:40:02,700 [ForkJoinPool.commonPool-worker-0] INFO  segmented.SegmentedRaftLogWorker (SegmentedRaftLogWorker.java:close(237)) - e54240a4-5fb6-4317-aa96-83a11ada3c80@group-B6675D5AA9D0-SegmentedRaftLogWorker close()
2022-03-06 23:40:02,701 [88d5b3ea-0504-4869-b217-dcc17ceadd97@group-B6675D5AA9D0-StateMachineUpdater] INFO  ratis.ContainerStateMachine (ContainerStateMachine.java:takeSnapshot(315)) - group-B6675D5AA9D0: Finished taking a snapshot at:(t:8, i:0) file:/home/runner/work/ozone/ozone/hadoop-ozone/integration-test/target/test-dir/MiniOzoneClusterImpl-1620ac7c-bf10-4486-a396-49b527acbb1b/datanode-1/data/ratis/b69523d4-54f5-4a15-9e9f-b6675d5aa9d0/sm/snapshot.8_0 took: 1 ms
2022-03-06 23:40:02,701 [88d5b3ea-0504-4869-b217-dcc17ceadd97@group-B6675D5AA9D0-StateMachineUpdater] INFO  impl.StateMachineUpdater (StateMachineUpdater.java:takeSnapshot(281)) - 88d5b3ea-0504-4869-b217-dcc17ceadd97@group-B6675D5AA9D0-StateMachineUpdater: Took a snapshot at index 0
2022-03-06 23:40:02,701 [88d5b3ea-0504-4869-b217-dcc17ceadd97@group-B6675D5AA9D0-StateMachineUpdater] INFO  impl.StateMachineUpdater (StateMachineUpdater.java:lambda$new$0(89)) - 88d5b3ea-0504-4869-b217-dcc17ceadd97@group-B6675D5AA9D0-StateMachineUpdater: snapshotIndex: updateIncreasingly -1 -> 0
2022-03-06 23:40:02,701 [Time-limited test] INFO  server.RaftServer$Division (ServerState.java:close(419)) - 88d5b3ea-0504-4869-b217-dcc17ceadd97@group-B6675D5AA9D0: closes. applyIndex: 0
2022-03-06 23:40:02,702 [88d5b3ea-0504-4869-b217-dcc17ceadd97@group-B6675D5AA9D0-SegmentedRaftLogWorker] INFO  segmented.SegmentedRaftLogWorker (SegmentedRaftLogWorker.java:run(327)) - 88d5b3ea-0504-4869-b217-dcc17ceadd97@group-B6675D5AA9D0-SegmentedRaftLogWorker was interrupted, exiting. There are 0 tasks remaining in the queue.
2022-03-06 23:40:02,702 [Time-limited test] INFO  segmented.SegmentedRaftLogWorker (SegmentedRaftLogWorker.java:close(237)) - 88d5b3ea-0504-4869-b217-dcc17ceadd97@group-B6675D5AA9D0-SegmentedRaftLogWorker close()
2022-03-06 23:40:02,703 [ForkJoinPool.commonPool-worker-0] INFO  server.RaftServer$Division (RaftServerImpl.java:lambda$close$4(412)) - e54240a4-5fb6-4317-aa96-83a11ada3c80@group-238557DD44E8: shutdown
2022-03-06 23:40:02,703 [ForkJoinPool.commonPool-worker-0] INFO  util.JmxRegister (JmxRegister.java:unregister(73)) - Successfully un-registered JMX Bean with object name Ratis:service=RaftServer,group=group-238557DD44E8,id=e54240a4-5fb6-4317-aa96-83a11ada3c80
2022-03-06 23:40:02,703 [ForkJoinPool.commonPool-worker-0] INFO  impl.RoleInfo (RoleInfo.java:shutdownFollowerState(108)) - e54240a4-5fb6-4317-aa96-83a11ada3c80: shutdown e54240a4-5fb6-4317-aa96-83a11ada3c80@group-238557DD44E8-FollowerState
2022-03-06 23:40:02,703 [ForkJoinPool.commonPool-worker-0] INFO  impl.StateMachineUpdater (StateMachineUpdater.java:stopAndJoin(149)) - e54240a4-5fb6-4317-aa96-83a11ada3c80@group-238557DD44E8-StateMachineUpdater: set stopIndex = 0
2022-03-06 23:40:02,703 [e54240a4-5fb6-4317-aa96-83a11ada3c80@group-238557DD44E8-FollowerState] INFO  impl.FollowerState (FollowerState.java:run(143)) - e54240a4-5fb6-4317-aa96-83a11ada3c80@group-238557DD44E8-FollowerState was interrupted: {}
java.lang.InterruptedException: sleep interrupted
	at java.lang.Thread.sleep(Native Method)
	at java.lang.Thread.sleep(Thread.java:342)
	at java.util.concurrent.TimeUnit.sleep(TimeUnit.java:386)
	at org.apache.ratis.util.TimeDuration.sleep(TimeDuration.java:324)
	at org.apache.ratis.util.TimeDuration.sleep(TimeDuration.java:309)
	at org.apache.ratis.server.impl.FollowerState.run(FollowerState.java:118)
2022-03-06 23:40:02,703 [ForkJoinPool.commonPool-worker-0] INFO  server.RaftServer$Division (ServerState.java:close(419)) - e54240a4-5fb6-4317-aa96-83a11ada3c80@group-238557DD44E8: closes. applyIndex: 0
2022-03-06 23:40:02,705 [Time-limited test] INFO  server.GrpcService (GrpcService.java:closeImpl(262)) - 88d5b3ea-0504-4869-b217-dcc17ceadd97: shutdown server with port 46049 now
2022-03-06 23:40:02,716 [e54240a4-5fb6-4317-aa96-83a11ada3c80@group-238557DD44E8-SegmentedRaftLogWorker] INFO  segmented.SegmentedRaftLogWorker (SegmentedRaftLogWorker.java:run(327)) - e54240a4-5fb6-4317-aa96-83a11ada3c80@group-238557DD44E8-SegmentedRaftLogWorker was interrupted, exiting. There are 0 tasks remaining in the queue.
2022-03-06 23:40:02,724 [ForkJoinPool.commonPool-worker-0] INFO  segmented.SegmentedRaftLogWorker (SegmentedRaftLogWorker.java:close(237)) - e54240a4-5fb6-4317-aa96-83a11ada3c80@group-238557DD44E8-SegmentedRaftLogWorker close()
2022-03-06 23:40:02,729 [grpc-default-executor-5] WARN  server.GrpcServerProtocolService (LogUtils.java:warn(122)) - 88d5b3ea-0504-4869-b217-dcc17ceadd97: installSnapshot onError, lastRequest: ca22b40f-bcca-4dce-b03d-42f8a600d1bd->88d5b3ea-0504-4869-b217-dcc17ceadd97#1-t8,previous=(t:0, i:0),leaderCommit=0,initializing? true,entries: size=1, first=(t:8, i:0), CONFIGURATIONENTRY: org.apache.ratis.thirdparty.io.grpc.StatusRuntimeException: CANCELLED: client cancelled
2022-03-06 23:40:02,729 [Time-limited test] INFO  server.GrpcService (GrpcService.java:closeImpl(271)) - 88d5b3ea-0504-4869-b217-dcc17ceadd97: shutdown server with port 46049 successfully
2022-03-06 23:40:02,729 [org.apache.ratis.util.JvmPauseMonitor$$Lambda$431/1941186180@4d5712f5] INFO  util.JvmPauseMonitor (JvmPauseMonitor.java:run(109)) - JvmPauseMonitor-88d5b3ea-0504-4869-b217-dcc17ceadd97: Stopped
2022-03-06 23:40:02,739 [grpc-default-executor-5] WARN  server.GrpcLogAppender (LogUtils.java:warn(122)) - ca22b40f-bcca-4dce-b03d-42f8a600d1bd@group-B6675D5AA9D0->88d5b3ea-0504-4869-b217-dcc17ceadd97-AppendLogResponseHandler: Failed appendEntries: org.apache.ratis.thirdparty.io.grpc.StatusRuntimeException: CANCELLED: HTTP/2 error code: CANCEL
Received Rst Stream
2022-03-06 23:40:02,739 [grpc-default-executor-5] WARN  server.GrpcLogAppender (GrpcLogAppender.java:resetClient(110)) - ca22b40f-bcca-4dce-b03d-42f8a600d1bd@group-B6675D5AA9D0->88d5b3ea-0504-4869-b217-dcc17ceadd97-GrpcLogAppender: Leader has not got in touch with Follower ca22b40f-bcca-4dce-b03d-42f8a600d1bd@group-B6675D5AA9D0->88d5b3ea-0504-4869-b217-dcc17ceadd97(c0,m0,n1, attendVote=true, lastRpcSendTime=2172, lastRpcResponseTime=2158) yet, just keep nextIndex unchanged and retry.
2022-03-06 23:40:02,740 [ForkJoinPool.commonPool-worker-0] INFO  server.GrpcService (GrpcService.java:closeImpl(262)) - e54240a4-5fb6-4317-aa96-83a11ada3c80: shutdown server with port 36367 now
2022-03-06 23:40:02,749 [grpc-default-executor-4] WARN  server.GrpcServerProtocolService (LogUtils.java:warn(122)) - e54240a4-5fb6-4317-aa96-83a11ada3c80: installSnapshot onError, lastRequest: null: org.apache.ratis.thirdparty.io.grpc.StatusRuntimeException: CANCELLED: client cancelled
2022-03-06 23:40:02,749 [ForkJoinPool.commonPool-worker-0] INFO  server.GrpcService (GrpcService.java:closeImpl(271)) - e54240a4-5fb6-4317-aa96-83a11ada3c80: shutdown server with port 36367 successfully
2022-03-06 23:40:02,750 [grpc-default-executor-4] WARN  server.GrpcLogAppender (LogUtils.java:warn(122)) - ca22b40f-bcca-4dce-b03d-42f8a600d1bd@group-B6675D5AA9D0->e54240a4-5fb6-4317-aa96-83a11ada3c80-AppendLogResponseHandler: Failed appendEntries: org.apache.ratis.thirdparty.io.grpc.StatusRuntimeException: CANCELLED: HTTP/2 error code: CANCEL
Received Rst Stream
2022-03-06 23:40:02,750 [grpc-default-executor-4] WARN  server.GrpcLogAppender (GrpcLogAppender.java:resetClient(110)) - ca22b40f-bcca-4dce-b03d-42f8a600d1bd@group-B6675D5AA9D0->e54240a4-5fb6-4317-aa96-83a11ada3c80-GrpcLogAppender: Leader has not got in touch with Follower ca22b40f-bcca-4dce-b03d-42f8a600d1bd@group-B6675D5AA9D0->e54240a4-5fb6-4317-aa96-83a11ada3c80(c0,m0,n1, attendVote=true, lastRpcSendTime=2328, lastRpcResponseTime=2305) yet, just keep nextIndex unchanged and retry.
2022-03-06 23:40:02,769 [org.apache.ratis.util.JvmPauseMonitor$$Lambda$431/1941186180@7d73fe67] INFO  util.JvmPauseMonitor (JvmPauseMonitor.java:run(109)) - JvmPauseMonitor-e54240a4-5fb6-4317-aa96-83a11ada3c80: Stopped
2022-03-06 23:40:02,962 [grpc-default-executor-4] WARN  server.GrpcLogAppender (LogUtils.java:warn(122)) - ca22b40f-bcca-4dce-b03d-42f8a600d1bd@group-B6675D5AA9D0->e54240a4-5fb6-4317-aa96-83a11ada3c80-AppendLogResponseHandler: Failed appendEntries: org.apache.ratis.thirdparty.io.grpc.StatusRuntimeException: UNAVAILABLE: io exception
2022-03-06 23:40:02,962 [grpc-default-executor-4] WARN  server.GrpcLogAppender (GrpcLogAppender.java:resetClient(110)) - ca22b40f-bcca-4dce-b03d-42f8a600d1bd@group-B6675D5AA9D0->e54240a4-5fb6-4317-aa96-83a11ada3c80-GrpcLogAppender: Leader has not got in touch with Follower ca22b40f-bcca-4dce-b03d-42f8a600d1bd@group-B6675D5AA9D0->e54240a4-5fb6-4317-aa96-83a11ada3c80(c0,m0,n1, attendVote=true, lastRpcSendTime=1, lastRpcResponseTime=2517) yet, just keep nextIndex unchanged and retry.
2022-03-06 23:40:03,092 [grpc-default-executor-4] WARN  server.GrpcLogAppender (LogUtils.java:warn(122)) - ca22b40f-bcca-4dce-b03d-42f8a600d1bd@group-B6675D5AA9D0->88d5b3ea-0504-4869-b217-dcc17ceadd97-AppendLogResponseHandler: Failed appendEntries: org.apache.ratis.thirdparty.io.grpc.StatusRuntimeException: UNAVAILABLE: io exception
2022-03-06 23:40:03,093 [grpc-default-executor-4] WARN  server.GrpcLogAppender (GrpcLogAppender.java:resetClient(110)) - ca22b40f-bcca-4dce-b03d-42f8a600d1bd@group-B6675D5AA9D0->88d5b3ea-0504-4869-b217-dcc17ceadd97-GrpcLogAppender: Leader has not got in touch with Follower ca22b40f-bcca-4dce-b03d-42f8a600d1bd@group-B6675D5AA9D0->88d5b3ea-0504-4869-b217-dcc17ceadd97(c0,m0,n1, attendVote=true, lastRpcSendTime=0, lastRpcResponseTime=2512) yet, just keep nextIndex unchanged and retry.
2022-03-06 23:40:04,824 [Time-limited test] INFO  utils.BackgroundService (BackgroundService.java:shutdown(132)) - Shutting down service BlockDeletingService
2022-03-06 23:40:04,840 [ForkJoinPool.commonPool-worker-0] INFO  utils.BackgroundService (BackgroundService.java:shutdown(132)) - Shutting down service BlockDeletingService
2022-03-06 23:40:05,464 [grpc-default-executor-4] WARN  server.GrpcLogAppender (LogUtils.java:warn(122)) - ca22b40f-bcca-4dce-b03d-42f8a600d1bd@group-B6675D5AA9D0->e54240a4-5fb6-4317-aa96-83a11ada3c80-AppendLogResponseHandler: Failed appendEntries: org.apache.ratis.thirdparty.io.grpc.StatusRuntimeException: UNAVAILABLE: io exception
2022-03-06 23:40:05,465 [grpc-default-executor-4] WARN  server.GrpcLogAppender (GrpcLogAppender.java:resetClient(110)) - ca22b40f-bcca-4dce-b03d-42f8a600d1bd@group-B6675D5AA9D0->e54240a4-5fb6-4317-aa96-83a11ada3c80-GrpcLogAppender: Leader has not got in touch with Follower ca22b40f-bcca-4dce-b03d-42f8a600d1bd@group-B6675D5AA9D0->e54240a4-5fb6-4317-aa96-83a11ada3c80(c0,m0,n1, attendVote=true, lastRpcSendTime=3, lastRpcResponseTime=5020) yet, just keep nextIndex unchanged and retry.
2022-03-06 23:40:05,593 [grpc-default-executor-4] WARN  server.GrpcLogAppender (LogUtils.java:warn(122)) - ca22b40f-bcca-4dce-b03d-42f8a600d1bd@group-B6675D5AA9D0->88d5b3ea-0504-4869-b217-dcc17ceadd97-AppendLogResponseHandler: Failed appendEntries: org.apache.ratis.thirdparty.io.grpc.StatusRuntimeException: UNAVAILABLE: io exception
2022-03-06 23:40:05,593 [grpc-default-executor-4] WARN  server.GrpcLogAppender (GrpcLogAppender.java:resetClient(110)) - ca22b40f-bcca-4dce-b03d-42f8a600d1bd@group-B6675D5AA9D0->88d5b3ea-0504-4869-b217-dcc17ceadd97-GrpcLogAppender: Leader has not got in touch with Follower ca22b40f-bcca-4dce-b03d-42f8a600d1bd@group-B6675D5AA9D0->88d5b3ea-0504-4869-b217-dcc17ceadd97(c0,m0,n1, attendVote=true, lastRpcSendTime=0, lastRpcResponseTime=5012) yet, just keep nextIndex unchanged and retry.
2022-03-06 23:40:07,016 [ca22b40f-bcca-4dce-b03d-42f8a600d1bd@group-B6675D5AA9D0-LeaderStateImpl] WARN  server.RaftServer$Division (LeaderStateImpl.java:checkLeadership(974)) - ca22b40f-bcca-4dce-b03d-42f8a600d1bd@group-B6675D5AA9D0-LeaderStateImpl: Lost leadership on term: 8. Election timeout: 5200ms. In charge for: 46844ms. Conf: 0: [88d5b3ea-0504-4869-b217-dcc17ceadd97|rpc:10.1.0.33:46049|dataStream:|priority:0, e54240a4-5fb6-4317-aa96-83a11ada3c80|rpc:10.1.0.33:36367|dataStream:|priority:0, ca22b40f-bcca-4dce-b03d-42f8a600d1bd|rpc:10.1.0.33:43913|dataStream:|priority:1], old=null
2022-03-06 23:40:07,016 [ca22b40f-bcca-4dce-b03d-42f8a600d1bd@group-B6675D5AA9D0-LeaderStateImpl] WARN  server.RaftServer$Division (LeaderStateImpl.java:lambda$checkLeadership$15(978)) - Follower ca22b40f-bcca-4dce-b03d-42f8a600d1bd@group-B6675D5AA9D0->88d5b3ea-0504-4869-b217-dcc17ceadd97(c0,m0,n1, attendVote=true, lastRpcSendTime=1423, lastRpcResponseTime=6435)
2022-03-06 23:40:07,016 [ca22b40f-bcca-4dce-b03d-42f8a600d1bd@group-B6675D5AA9D0-LeaderStateImpl] WARN  server.RaftServer$Division (LeaderStateImpl.java:lambda$checkLeadership$15(978)) - Follower ca22b40f-bcca-4dce-b03d-42f8a600d1bd@group-B6675D5AA9D0->e54240a4-5fb6-4317-aa96-83a11ada3c80(c0,m0,n1, attendVote=true, lastRpcSendTime=1555, lastRpcResponseTime=6572)
2022-03-06 23:40:07,016 [ca22b40f-bcca-4dce-b03d-42f8a600d1bd@group-B6675D5AA9D0-LeaderStateImpl] INFO  server.RaftServer$Division (RaftServerImpl.java:setRole(290)) - ca22b40f-bcca-4dce-b03d-42f8a600d1bd@group-B6675D5AA9D0: changes role from    LEADER to FOLLOWER at term 8 for StepDownReason:LOST_MAJORITY_HEARTBEATS
2022-03-06 23:40:07,017 [ca22b40f-bcca-4dce-b03d-42f8a600d1bd@group-B6675D5AA9D0-LeaderStateImpl] INFO  impl.RoleInfo (RoleInfo.java:shutdownLeaderState(91)) - ca22b40f-bcca-4dce-b03d-42f8a600d1bd: shutdown ca22b40f-bcca-4dce-b03d-42f8a600d1bd@group-B6675D5AA9D0-LeaderStateImpl
2022-03-06 23:40:07,017 [ca22b40f-bcca-4dce-b03d-42f8a600d1bd@group-B6675D5AA9D0-LeaderStateImpl] INFO  impl.PendingRequests (PendingRequests.java:sendNotLeaderResponses(282)) - ca22b40f-bcca-4dce-b03d-42f8a600d1bd@group-B6675D5AA9D0-PendingRequests: sendNotLeaderResponses
2022-03-06 23:40:07,017 [ca22b40f-bcca-4dce-b03d-42f8a600d1bd@group-B6675D5AA9D0-LeaderStateImpl] INFO  impl.RoleInfo (RoleInfo.java:updateAndGet(130)) - ca22b40f-bcca-4dce-b03d-42f8a600d1bd: start ca22b40f-bcca-4dce-b03d-42f8a600d1bd@group-B6675D5AA9D0-FollowerState
2022-03-06 23:40:07,864 [ForkJoinPool.commonPool-worker-0] INFO  statemachine.DatanodeStateMachine (DatanodeStateMachine.java:stopDaemon(529)) - Ozone container server stopped.
2022-03-06 23:40:07,864 [Time-limited test] INFO  statemachine.DatanodeStateMachine (DatanodeStateMachine.java:stopDaemon(529)) - Ozone container server stopped.
2022-03-06 23:40:07,866 [ForkJoinPool.commonPool-worker-0] INFO  handler.ContextHandler (ContextHandler.java:doStop(1153)) - Stopped o.e.j.w.WebAppContext@66390165{hddsDatanode,/,null,STOPPED}{jar:file:/home/runner/.m2/repository/org/apache/ozone/hdds-container-service/1.3.0-SNAPSHOT/hdds-container-service-1.3.0-SNAPSHOT.jar!/webapps/hddsDatanode}
2022-03-06 23:40:07,868 [ForkJoinPool.commonPool-worker-0] INFO  server.AbstractConnector (AbstractConnector.java:doStop(381)) - Stopped ServerConnector@59cc6d18{HTTP/1.1, (http/1.1)}{0.0.0.0:46275}
2022-03-06 23:40:07,868 [ForkJoinPool.commonPool-worker-0] INFO  server.session (HouseKeeper.java:stopScavenging(149)) - node0 Stopped scavenging
2022-03-06 23:40:07,869 [ForkJoinPool.commonPool-worker-0] INFO  handler.ContextHandler (ContextHandler.java:doStop(1153)) - Stopped o.e.j.s.ServletContextHandler@6d9541a1{static,/static,jar:file:/home/runner/.m2/repository/org/apache/ozone/hdds-container-service/1.3.0-SNAPSHOT/hdds-container-service-1.3.0-SNAPSHOT.jar!/webapps/static,STOPPED}
2022-03-06 23:40:07,869 [ForkJoinPool.commonPool-worker-0] INFO  handler.ContextHandler (ContextHandler.java:doStop(1153)) - Stopped o.e.j.s.ServletContextHandler@731f8bc1{logs,/logs,file:///home/runner/work/ozone/ozone/hadoop-ozone/integration-test/target/log,STOPPED}
2022-03-06 23:40:07,871 [Time-limited test] INFO  handler.ContextHandler (ContextHandler.java:doStop(1153)) - Stopped o.e.j.w.WebAppContext@2541ce96{hddsDatanode,/,null,STOPPED}{jar:file:/home/runner/.m2/repository/org/apache/ozone/hdds-container-service/1.3.0-SNAPSHOT/hdds-container-service-1.3.0-SNAPSHOT.jar!/webapps/hddsDatanode}
2022-03-06 23:40:07,877 [Time-limited test] INFO  server.AbstractConnector (AbstractConnector.java:doStop(381)) - Stopped ServerConnector@569c703e{HTTP/1.1, (http/1.1)}{0.0.0.0:0}
2022-03-06 23:40:07,877 [Time-limited test] INFO  server.session (HouseKeeper.java:stopScavenging(149)) - node0 Stopped scavenging
2022-03-06 23:40:07,878 [Time-limited test] INFO  handler.ContextHandler (ContextHandler.java:doStop(1153)) - Stopped o.e.j.s.ServletContextHandler@7966425e{static,/static,jar:file:/home/runner/.m2/repository/org/apache/ozone/hdds-container-service/1.3.0-SNAPSHOT/hdds-container-service-1.3.0-SNAPSHOT.jar!/webapps/static,STOPPED}
2022-03-06 23:40:07,885 [Time-limited test] INFO  handler.ContextHandler (ContextHandler.java:doStop(1153)) - Stopped o.e.j.s.ServletContextHandler@759faaad{logs,/logs,file:///home/runner/work/ozone/ozone/hadoop-ozone/integration-test/target/log,STOPPED}
2022-03-06 23:40:12,154 [ca22b40f-bcca-4dce-b03d-42f8a600d1bd@group-B6675D5AA9D0-FollowerState] INFO  impl.FollowerState (FollowerState.java:lostMajorityHeartbeatsRecently(107)) - ca22b40f-bcca-4dce-b03d-42f8a600d1bd@group-B6675D5AA9D0-FollowerState: Skipping leader election since it stepped down recently (elapsed = 5136ms < waitTime = 10s)
2022-03-06 23:40:12,897 [ForkJoinPool.commonPool-worker-0] INFO  ozoneimpl.OzoneContainer (OzoneContainer.java:stop(356)) - Attempting to stop container services.
2022-03-06 23:40:12,898 [ForkJoinPool.commonPool-worker-0] INFO  server.RaftServer (RaftServerProxy.java:lambda$close$6(391)) - ca22b40f-bcca-4dce-b03d-42f8a600d1bd: close
2022-03-06 23:40:12,898 [ForkJoinPool.commonPool-worker-0] INFO  server.RaftServer$Division (RaftServerImpl.java:lambda$close$4(412)) - ca22b40f-bcca-4dce-b03d-42f8a600d1bd@group-B6675D5AA9D0: shutdown
2022-03-06 23:40:12,898 [ForkJoinPool.commonPool-worker-0] INFO  util.JmxRegister (JmxRegister.java:unregister(73)) - Successfully un-registered JMX Bean with object name Ratis:service=RaftServer,group=group-B6675D5AA9D0,id=ca22b40f-bcca-4dce-b03d-42f8a600d1bd
2022-03-06 23:40:12,898 [ForkJoinPool.commonPool-worker-0] INFO  impl.RoleInfo (RoleInfo.java:shutdownFollowerState(108)) - ca22b40f-bcca-4dce-b03d-42f8a600d1bd: shutdown ca22b40f-bcca-4dce-b03d-42f8a600d1bd@group-B6675D5AA9D0-FollowerState
2022-03-06 23:40:12,898 [ForkJoinPool.commonPool-worker-0] INFO  impl.StateMachineUpdater (StateMachineUpdater.java:stopAndJoin(149)) - ca22b40f-bcca-4dce-b03d-42f8a600d1bd@group-B6675D5AA9D0-StateMachineUpdater: set stopIndex = 0
2022-03-06 23:40:12,899 [ca22b40f-bcca-4dce-b03d-42f8a600d1bd@group-B6675D5AA9D0-FollowerState] INFO  impl.FollowerState (FollowerState.java:run(143)) - ca22b40f-bcca-4dce-b03d-42f8a600d1bd@group-B6675D5AA9D0-FollowerState was interrupted: {}
java.lang.InterruptedException: sleep interrupted
	at java.lang.Thread.sleep(Native Method)
	at java.lang.Thread.sleep(Thread.java:342)
	at java.util.concurrent.TimeUnit.sleep(TimeUnit.java:386)
	at org.apache.ratis.util.TimeDuration.sleep(TimeDuration.java:324)
	at org.apache.ratis.util.TimeDuration.sleep(TimeDuration.java:309)
	at org.apache.ratis.server.impl.FollowerState.run(FollowerState.java:118)
2022-03-06 23:40:12,899 [ca22b40f-bcca-4dce-b03d-42f8a600d1bd@group-B6675D5AA9D0-StateMachineUpdater] INFO  ratis.ContainerStateMachine (ContainerStateMachine.java:takeSnapshot(304)) - group-B6675D5AA9D0: Taking a snapshot at:(t:8, i:0) file /home/runner/work/ozone/ozone/hadoop-ozone/integration-test/target/test-dir/MiniOzoneClusterImpl-1620ac7c-bf10-4486-a396-49b527acbb1b/datanode-2/data/ratis/b69523d4-54f5-4a15-9e9f-b6675d5aa9d0/sm/snapshot.8_0
2022-03-06 23:40:12,901 [ca22b40f-bcca-4dce-b03d-42f8a600d1bd@group-B6675D5AA9D0-StateMachineUpdater] INFO  ratis.ContainerStateMachine (ContainerStateMachine.java:takeSnapshot(315)) - group-B6675D5AA9D0: Finished taking a snapshot at:(t:8, i:0) file:/home/runner/work/ozone/ozone/hadoop-ozone/integration-test/target/test-dir/MiniOzoneClusterImpl-1620ac7c-bf10-4486-a396-49b527acbb1b/datanode-2/data/ratis/b69523d4-54f5-4a15-9e9f-b6675d5aa9d0/sm/snapshot.8_0 took: 2 ms
2022-03-06 23:40:12,901 [ca22b40f-bcca-4dce-b03d-42f8a600d1bd@group-B6675D5AA9D0-StateMachineUpdater] INFO  impl.StateMachineUpdater (StateMachineUpdater.java:takeSnapshot(281)) - ca22b40f-bcca-4dce-b03d-42f8a600d1bd@group-B6675D5AA9D0-StateMachineUpdater: Took a snapshot at index 0
2022-03-06 23:40:12,901 [ca22b40f-bcca-4dce-b03d-42f8a600d1bd@group-B6675D5AA9D0-StateMachineUpdater] INFO  impl.StateMachineUpdater (StateMachineUpdater.java:lambda$new$0(89)) - ca22b40f-bcca-4dce-b03d-42f8a600d1bd@group-B6675D5AA9D0-StateMachineUpdater: snapshotIndex: updateIncreasingly -1 -> 0
2022-03-06 23:40:12,902 [ForkJoinPool.commonPool-worker-0] INFO  server.RaftServer$Division (ServerState.java:close(419)) - ca22b40f-bcca-4dce-b03d-42f8a600d1bd@group-B6675D5AA9D0: closes. applyIndex: 0
2022-03-06 23:40:12,916 [ca22b40f-bcca-4dce-b03d-42f8a600d1bd@group-B6675D5AA9D0-SegmentedRaftLogWorker] INFO  segmented.SegmentedRaftLogWorker (SegmentedRaftLogWorker.java:run(327)) - ca22b40f-bcca-4dce-b03d-42f8a600d1bd@group-B6675D5AA9D0-SegmentedRaftLogWorker was interrupted, exiting. There are 0 tasks remaining in the queue.
2022-03-06 23:40:12,917 [ForkJoinPool.commonPool-worker-0] INFO  segmented.SegmentedRaftLogWorker (SegmentedRaftLogWorker.java:close(237)) - ca22b40f-bcca-4dce-b03d-42f8a600d1bd@group-B6675D5AA9D0-SegmentedRaftLogWorker close()
2022-03-06 23:40:12,918 [ForkJoinPool.commonPool-worker-0] INFO  server.RaftServer$Division (RaftServerImpl.java:lambda$close$4(412)) - ca22b40f-bcca-4dce-b03d-42f8a600d1bd@group-9AD08A83476D: shutdown
2022-03-06 23:40:12,918 [ForkJoinPool.commonPool-worker-0] INFO  util.JmxRegister (JmxRegister.java:unregister(73)) - Successfully un-registered JMX Bean with object name Ratis:service=RaftServer,group=group-9AD08A83476D,id=ca22b40f-bcca-4dce-b03d-42f8a600d1bd
2022-03-06 23:40:12,918 [ForkJoinPool.commonPool-worker-0] INFO  impl.RoleInfo (RoleInfo.java:shutdownLeaderState(91)) - ca22b40f-bcca-4dce-b03d-42f8a600d1bd: shutdown ca22b40f-bcca-4dce-b03d-42f8a600d1bd@group-9AD08A83476D-LeaderStateImpl
2022-03-06 23:40:12,918 [ForkJoinPool.commonPool-worker-0] INFO  impl.PendingRequests (PendingRequests.java:sendNotLeaderResponses(282)) - ca22b40f-bcca-4dce-b03d-42f8a600d1bd@group-9AD08A83476D-PendingRequests: sendNotLeaderResponses
2022-03-06 23:40:12,919 [ForkJoinPool.commonPool-worker-0] INFO  impl.StateMachineUpdater (StateMachineUpdater.java:stopAndJoin(149)) - ca22b40f-bcca-4dce-b03d-42f8a600d1bd@group-9AD08A83476D-StateMachineUpdater: set stopIndex = 0
2022-03-06 23:40:12,919 [ca22b40f-bcca-4dce-b03d-42f8a600d1bd@group-9AD08A83476D-StateMachineUpdater] INFO  ratis.ContainerStateMachine (ContainerStateMachine.java:takeSnapshot(304)) - group-9AD08A83476D: Taking a snapshot at:(t:1, i:0) file /home/runner/work/ozone/ozone/hadoop-ozone/integration-test/target/test-dir/MiniOzoneClusterImpl-1620ac7c-bf10-4486-a396-49b527acbb1b/datanode-2/data/ratis/2ffe2495-6b0c-436d-9830-9ad08a83476d/sm/snapshot.1_0
2022-03-06 23:40:12,920 [ca22b40f-bcca-4dce-b03d-42f8a600d1bd@group-9AD08A83476D-StateMachineUpdater] INFO  ratis.ContainerStateMachine (ContainerStateMachine.java:takeSnapshot(315)) - group-9AD08A83476D: Finished taking a snapshot at:(t:1, i:0) file:/home/runner/work/ozone/ozone/hadoop-ozone/integration-test/target/test-dir/MiniOzoneClusterImpl-1620ac7c-bf10-4486-a396-49b527acbb1b/datanode-2/data/ratis/2ffe2495-6b0c-436d-9830-9ad08a83476d/sm/snapshot.1_0 took: 1 ms
2022-03-06 23:40:12,920 [ca22b40f-bcca-4dce-b03d-42f8a600d1bd@group-9AD08A83476D-StateMachineUpdater] INFO  impl.StateMachineUpdater (StateMachineUpdater.java:takeSnapshot(281)) - ca22b40f-bcca-4dce-b03d-42f8a600d1bd@group-9AD08A83476D-StateMachineUpdater: Took a snapshot at index 0
2022-03-06 23:40:12,920 [ca22b40f-bcca-4dce-b03d-42f8a600d1bd@group-9AD08A83476D-StateMachineUpdater] INFO  impl.StateMachineUpdater (StateMachineUpdater.java:lambda$new$0(89)) - ca22b40f-bcca-4dce-b03d-42f8a600d1bd@group-9AD08A83476D-StateMachineUpdater: snapshotIndex: updateIncreasingly -1 -> 0
2022-03-06 23:40:12,923 [ForkJoinPool.commonPool-worker-0] INFO  server.RaftServer$Division (ServerState.java:close(419)) - ca22b40f-bcca-4dce-b03d-42f8a600d1bd@group-9AD08A83476D: closes. applyIndex: 0
2022-03-06 23:40:12,923 [ca22b40f-bcca-4dce-b03d-42f8a600d1bd@group-9AD08A83476D-SegmentedRaftLogWorker] INFO  segmented.SegmentedRaftLogWorker (SegmentedRaftLogWorker.java:run(327)) - ca22b40f-bcca-4dce-b03d-42f8a600d1bd@group-9AD08A83476D-SegmentedRaftLogWorker was interrupted, exiting. There are 0 tasks remaining in the queue.
2022-03-06 23:40:12,928 [ForkJoinPool.commonPool-worker-0] INFO  segmented.SegmentedRaftLogWorker (SegmentedRaftLogWorker.java:close(237)) - ca22b40f-bcca-4dce-b03d-42f8a600d1bd@group-9AD08A83476D-SegmentedRaftLogWorker close()
2022-03-06 23:40:12,928 [ForkJoinPool.commonPool-worker-0] INFO  server.GrpcService (GrpcService.java:closeImpl(262)) - ca22b40f-bcca-4dce-b03d-42f8a600d1bd: shutdown server with port 43913 now
2022-03-06 23:40:12,944 [ForkJoinPool.commonPool-worker-0] INFO  server.GrpcService (GrpcService.java:closeImpl(271)) - ca22b40f-bcca-4dce-b03d-42f8a600d1bd: shutdown server with port 43913 successfully
2022-03-06 23:40:12,944 [org.apache.ratis.util.JvmPauseMonitor$$Lambda$431/1941186180@3506213f] INFO  util.JvmPauseMonitor (JvmPauseMonitor.java:run(109)) - JvmPauseMonitor-ca22b40f-bcca-4dce-b03d-42f8a600d1bd: Stopped
2022-03-06 23:40:14,981 [ForkJoinPool.commonPool-worker-0] INFO  utils.BackgroundService (BackgroundService.java:shutdown(132)) - Shutting down service BlockDeletingService
2022-03-06 23:40:18,000 [ForkJoinPool.commonPool-worker-0] INFO  statemachine.DatanodeStateMachine (DatanodeStateMachine.java:stopDaemon(529)) - Ozone container server stopped.
2022-03-06 23:40:18,005 [ForkJoinPool.commonPool-worker-0] INFO  handler.ContextHandler (ContextHandler.java:doStop(1153)) - Stopped o.e.j.w.WebAppContext@5c4a4edb{hddsDatanode,/,null,STOPPED}{jar:file:/home/runner/.m2/repository/org/apache/ozone/hdds-container-service/1.3.0-SNAPSHOT/hdds-container-service-1.3.0-SNAPSHOT.jar!/webapps/hddsDatanode}
2022-03-06 23:40:18,015 [ForkJoinPool.commonPool-worker-0] INFO  server.AbstractConnector (AbstractConnector.java:doStop(381)) - Stopped ServerConnector@75493e3c{HTTP/1.1, (http/1.1)}{0.0.0.0:0}
2022-03-06 23:40:18,015 [ForkJoinPool.commonPool-worker-0] INFO  server.session (HouseKeeper.java:stopScavenging(149)) - node0 Stopped scavenging
2022-03-06 23:40:18,026 [ForkJoinPool.commonPool-worker-0] INFO  handler.ContextHandler (ContextHandler.java:doStop(1153)) - Stopped o.e.j.s.ServletContextHandler@41484970{static,/static,jar:file:/home/runner/.m2/repository/org/apache/ozone/hdds-container-service/1.3.0-SNAPSHOT/hdds-container-service-1.3.0-SNAPSHOT.jar!/webapps/static,STOPPED}
2022-03-06 23:40:18,052 [ForkJoinPool.commonPool-worker-0] INFO  handler.ContextHandler (ContextHandler.java:doStop(1153)) - Stopped o.e.j.s.ServletContextHandler@15c27d61{logs,/logs,file:///home/runner/work/ozone/ozone/hadoop-ozone/integration-test/target/log,STOPPED}
2022-03-06 23:40:18,060 [Time-limited test] INFO  ozone.MiniOzoneClusterImpl (MiniOzoneClusterImpl.java:stopSCM(538)) - Stopping the StorageContainerManager
2022-03-06 23:40:18,060 [Time-limited test] INFO  server.StorageContainerManager (StorageContainerManager.java:stop(1414)) - Stopping Container Balancer service.
2022-03-06 23:40:18,060 [Time-limited test] INFO  balancer.ContainerBalancer (ContainerBalancer.java:stop(788)) - Container Balancer is not running.
2022-03-06 23:40:18,061 [Time-limited test] INFO  server.StorageContainerManager (StorageContainerManager.java:stop(1421)) - Stopping Replication Manager Service.
2022-03-06 23:40:18,061 [Time-limited test] INFO  container.ReplicationManager (ReplicationManager.java:stop(357)) - Stopping Replication Monitor Thread.
2022-03-06 23:40:18,061 [Time-limited test] INFO  server.StorageContainerManager (StorageContainerManager.java:stop(1428)) - Stopping the Datanode Admin Monitor.
2022-03-06 23:40:18,061 [Time-limited test] INFO  server.StorageContainerManager (StorageContainerManager.java:stop(1435)) - Stopping Lease Manager of the command watchers
2022-03-06 23:40:18,061 [Time-limited test] INFO  server.StorageContainerManager (StorageContainerManager.java:stop(1442)) - Stopping datanode service RPC server
2022-03-06 23:40:18,061 [Time-limited test] INFO  server.SCMDatanodeProtocolServer (SCMDatanodeProtocolServer.java:stop(400)) - Stopping the RPC server for DataNodes
2022-03-06 23:40:18,061 [Time-limited test] INFO  ipc.Server (Server.java:stop(3414)) - Stopping server on 33845
2022-03-06 23:40:18,065 [IPC Server Responder] INFO  ipc.Server (Server.java:run(1512)) - Stopping IPC Server Responder
2022-03-06 23:40:18,065 [IPC Server listener on 33845] INFO  ipc.Server (Server.java:run(1376)) - Stopping IPC Server listener on 33845
2022-03-06 23:40:18,097 [SCM Heartbeat Processing Thread - 0] WARN  node.NodeStateManager (NodeStateManager.java:scheduleNextHealthCheck(815)) - Current Thread is interrupted, shutting down HB processing thread for Node Manager.
2022-03-06 23:40:18,097 [Time-limited test] INFO  server.StorageContainerManager (StorageContainerManager.java:stop(1450)) - Stopping block service RPC server
2022-03-06 23:40:18,097 [Time-limited test] INFO  server.SCMBlockProtocolServer (SCMBlockProtocolServer.java:stop(160)) - Stopping the RPC server for Block Protocol
2022-03-06 23:40:18,098 [Time-limited test] INFO  ipc.Server (Server.java:stop(3414)) - Stopping server on 44023
2022-03-06 23:40:18,101 [Time-limited test] INFO  server.StorageContainerManager (StorageContainerManager.java:stop(1457)) - Stopping the StorageContainerLocationProtocol RPC server
2022-03-06 23:40:18,102 [Time-limited test] INFO  server.SCMClientProtocolServer (SCMClientProtocolServer.java:stop(174)) - Stopping the RPC server for Client Protocol
2022-03-06 23:40:18,102 [IPC Server Responder] INFO  ipc.Server (Server.java:run(1512)) - Stopping IPC Server Responder
2022-03-06 23:40:18,104 [IPC Server listener on 44023] INFO  ipc.Server (Server.java:run(1376)) - Stopping IPC Server listener on 44023
2022-03-06 23:40:18,104 [Time-limited test] INFO  ipc.Server (Server.java:stop(3414)) - Stopping server on 36201
2022-03-06 23:40:18,106 [Time-limited test] INFO  server.StorageContainerManager (StorageContainerManager.java:stop(1464)) - Stopping Storage Container Manager HTTP server.
2022-03-06 23:40:18,106 [IPC Server Responder] INFO  ipc.Server (Server.java:run(1512)) - Stopping IPC Server Responder
2022-03-06 23:40:18,107 [IPC Server listener on 36201] INFO  ipc.Server (Server.java:run(1376)) - Stopping IPC Server listener on 36201
2022-03-06 23:40:18,116 [Time-limited test] INFO  handler.ContextHandler (ContextHandler.java:doStop(1153)) - Stopped o.e.j.w.WebAppContext@450af1d{scm,/,null,STOPPED}{file:/home/runner/work/ozone/ozone/hadoop-ozone/integration-test/target/test-classes/webapps/scm}
2022-03-06 23:40:18,117 [Time-limited test] INFO  server.AbstractConnector (AbstractConnector.java:doStop(381)) - Stopped ServerConnector@3b96824d{HTTP/1.1, (http/1.1)}{0.0.0.0:40645}
2022-03-06 23:40:18,117 [Time-limited test] INFO  server.session (HouseKeeper.java:stopScavenging(149)) - node0 Stopped scavenging
2022-03-06 23:40:18,117 [Time-limited test] INFO  handler.ContextHandler (ContextHandler.java:doStop(1153)) - Stopped o.e.j.s.ServletContextHandler@2de0af9b{static,/static,file:///home/runner/work/ozone/ozone/hadoop-ozone/integration-test/target/test-classes/webapps/static,STOPPED}
2022-03-06 23:40:18,118 [Time-limited test] INFO  handler.ContextHandler (ContextHandler.java:doStop(1153)) - Stopped o.e.j.s.ServletContextHandler@530c8edd{logs,/logs,file:///home/runner/work/ozone/ozone/hadoop-ozone/integration-test/target/log,STOPPED}
2022-03-06 23:40:18,125 [Time-limited test] INFO  server.StorageContainerManager (StorageContainerManager.java:stop(1475)) - Stopping Block Manager Service.
2022-03-06 23:40:18,125 [Time-limited test] INFO  utils.BackgroundService (BackgroundService.java:shutdown(132)) - Shutting down service SCMBlockDeletingService
2022-03-06 23:40:18,126 [Time-limited test] INFO  utils.BackgroundService (BackgroundService.java:shutdown(132)) - Shutting down service SCMBlockDeletingService
2022-03-06 23:40:18,126 [Time-limited test] INFO  server.StorageContainerManager (StorageContainerManager.java:stop(1502)) - Stopping SCM Event Queue.
2022-03-06 23:40:18,130 [Time-limited test] INFO  server.StorageContainerManager (StorageContainerManager.java:stop(1513)) - Stopping SCM HA services.
2022-03-06 23:40:18,130 [Time-limited test] INFO  ha.SCMRatisServerImpl (SCMRatisServerImpl.java:stop(236)) - stopping ratis server 0.0.0.0:9894
2022-03-06 23:40:18,130 [Time-limited test] INFO  server.RaftServer (RaftServerProxy.java:lambda$close$6(391)) - 6e71cd40-ad6e-421f-b1db-df6cb86c3193: close
2022-03-06 23:40:18,131 [Time-limited test] INFO  server.RaftServer$Division (RaftServerImpl.java:lambda$close$4(412)) - 6e71cd40-ad6e-421f-b1db-df6cb86c3193@group-49B527ACBB1B: shutdown
2022-03-06 23:40:18,131 [Time-limited test] INFO  util.JmxRegister (JmxRegister.java:unregister(73)) - Successfully un-registered JMX Bean with object name Ratis:service=RaftServer,group=group-49B527ACBB1B,id=6e71cd40-ad6e-421f-b1db-df6cb86c3193
2022-03-06 23:40:18,131 [Time-limited test] INFO  impl.RoleInfo (RoleInfo.java:shutdownLeaderState(91)) - 6e71cd40-ad6e-421f-b1db-df6cb86c3193: shutdown 6e71cd40-ad6e-421f-b1db-df6cb86c3193@group-49B527ACBB1B-LeaderStateImpl
2022-03-06 23:40:18,131 [Time-limited test] INFO  impl.PendingRequests (PendingRequests.java:sendNotLeaderResponses(282)) - 6e71cd40-ad6e-421f-b1db-df6cb86c3193@group-49B527ACBB1B-PendingRequests: sendNotLeaderResponses
2022-03-06 23:40:18,131 [Time-limited test] INFO  ha.SCMStateMachine (SCMStateMachine.java:notifyNotLeader(190)) - current leader SCM steps down.
2022-03-06 23:40:18,132 [Time-limited test] INFO  ha.SCMContext (SCMContext.java:updateLeaderAndTerm(90)) - update <isLeader,term> from <true,3> to <false,0>
2022-03-06 23:40:18,132 [Time-limited test] INFO  ha.SCMContext (SCMContext.java:updateLeaderAndTerm(97)) - update <isLeaderReady> from <false> to <false>
2022-03-06 23:40:18,136 [6e71cd40-ad6e-421f-b1db-df6cb86c3193@group-49B527ACBB1B-StateMachineUpdater] INFO  ha.SCMStateMachine (SCMStateMachine.java:takeSnapshot(297)) - Current Snapshot Index 20, takeSnapshot took 1 ms
2022-03-06 23:40:18,136 [6e71cd40-ad6e-421f-b1db-df6cb86c3193@group-49B527ACBB1B-StateMachineUpdater] INFO  impl.StateMachineUpdater (StateMachineUpdater.java:takeSnapshot(281)) - 6e71cd40-ad6e-421f-b1db-df6cb86c3193@group-49B527ACBB1B-StateMachineUpdater: Took a snapshot at index 20
2022-03-06 23:40:18,136 [6e71cd40-ad6e-421f-b1db-df6cb86c3193@group-49B527ACBB1B-StateMachineUpdater] INFO  impl.StateMachineUpdater (StateMachineUpdater.java:lambda$new$0(89)) - 6e71cd40-ad6e-421f-b1db-df6cb86c3193@group-49B527ACBB1B-StateMachineUpdater: snapshotIndex: updateIncreasingly 18 -> 20
2022-03-06 23:40:18,137 [Time-limited test] INFO  impl.StateMachineUpdater (StateMachineUpdater.java:stopAndJoin(149)) - 6e71cd40-ad6e-421f-b1db-df6cb86c3193@group-49B527ACBB1B-StateMachineUpdater: set stopIndex = 20
2022-03-06 23:40:18,137 [Time-limited test] INFO  server.RaftServer$Division (ServerState.java:close(419)) - 6e71cd40-ad6e-421f-b1db-df6cb86c3193@group-49B527ACBB1B: closes. applyIndex: 20
2022-03-06 23:40:18,137 [6e71cd40-ad6e-421f-b1db-df6cb86c3193@group-49B527ACBB1B-SegmentedRaftLogWorker] INFO  segmented.SegmentedRaftLogWorker (SegmentedRaftLogWorker.java:run(327)) - 6e71cd40-ad6e-421f-b1db-df6cb86c3193@group-49B527ACBB1B-SegmentedRaftLogWorker was interrupted, exiting. There are 0 tasks remaining in the queue.
2022-03-06 23:40:18,138 [Time-limited test] INFO  segmented.SegmentedRaftLogWorker (SegmentedRaftLogWorker.java:close(237)) - 6e71cd40-ad6e-421f-b1db-df6cb86c3193@group-49B527ACBB1B-SegmentedRaftLogWorker close()
2022-03-06 23:40:18,139 [Time-limited test] INFO  server.GrpcService (GrpcService.java:closeImpl(262)) - 6e71cd40-ad6e-421f-b1db-df6cb86c3193: shutdown server with port 9894 now
2022-03-06 23:40:18,139 [Time-limited test] INFO  server.GrpcService (GrpcService.java:closeImpl(271)) - 6e71cd40-ad6e-421f-b1db-df6cb86c3193: shutdown server with port 9894 successfully
2022-03-06 23:40:18,140 [org.apache.ratis.util.JvmPauseMonitor$$Lambda$431/1941186180@2d0e1f6f] INFO  util.JvmPauseMonitor (JvmPauseMonitor.java:run(109)) - JvmPauseMonitor-6e71cd40-ad6e-421f-b1db-df6cb86c3193: Stopped
2022-03-06 23:40:18,140 [Time-limited test] INFO  pipeline.BackgroundPipelineCreator (BackgroundPipelineCreator.java:stop(158)) - Stopping RatisPipelineUtilsThread.
2022-03-06 23:40:18,140 [Time-limited test] INFO  server.StorageContainerManager (StorageContainerManager.java:stop(1523)) - Stopping SCM MetadataStore.
2022-03-06 23:40:18,143 [Time-limited test] INFO  impl.MetricsSystemImpl (MetricsSystemImpl.java:stop(210)) - Stopping StorageContainerManager metrics system...
2022-03-06 23:40:18,164 [prometheus] INFO  impl.MetricsSinkAdapter (MetricsSinkAdapter.java:publishMetricsFromQueue(141)) - prometheus thread interrupted.
2022-03-06 23:40:18,164 [Time-limited test] INFO  impl.MetricsSystemImpl (MetricsSystemImpl.java:stop(216)) - StorageContainerManager metrics system stopped.
]]></system-out>
  </testcase>
  <testcase name="testDatanodeIDPersistent" classname="org.apache.hadoop.ozone.TestMiniOzoneCluster" time="0.054"/>
  <testcase name="testContainerRandomPort" classname="org.apache.hadoop.ozone.TestMiniOzoneCluster" time="26.035"/>
</testsuite>