<?xml version="1.0" encoding="UTF-8"?>
<testsuite xmlns:xsi="http://www.w3.org/2001/XMLSchema-instance" xsi:noNamespaceSchemaLocation="https://maven.apache.org/surefire/maven-surefire-plugin/xsd/surefire-test-report.xsd" name="org.apache.hadoop.ozone.client.rpc.TestOzoneRpcClientWithRatis" time="211.229" tests="84" errors="1" skipped="0" failures="0">
  <properties>
    <property name="awt.toolkit" value="sun.awt.X11.XToolkit"/>
    <property name="file.encoding.pkg" value="sun.io"/>
    <property name="java.specification.version" value="1.8"/>
    <property name="sun.cpu.isalist" value=""/>
    <property name="sun.jnu.encoding" value="UTF-8"/>
    <property name="java.class.path" value="/home/runner/work/ozone/ozone/hadoop-ozone/integration-test/target/test-classes:/home/runner/work/ozone/ozone/hadoop-ozone/integration-test/target/classes:/home/runner/.m2/repository/org/apache/ozone/ozone-common/1.3.0-SNAPSHOT/ozone-common-1.3.0-SNAPSHOT.jar:/home/runner/.m2/repository/org/apache/commons/commons-compress/1.21/commons-compress-1.21.jar:/home/runner/.m2/repository/org/apache/ozone/hdds-common/1.3.0-SNAPSHOT/hdds-common-1.3.0-SNAPSHOT.jar:/home/runner/.m2/repository/org/apache/ozone/hdds-client/1.3.0-SNAPSHOT/hdds-client-1.3.0-SNAPSHOT.jar:/home/runner/.m2/repository/org/apache/ozone/ozone-interface-client/1.3.0-SNAPSHOT/ozone-interface-client-1.3.0-SNAPSHOT.jar:/home/runner/.m2/repository/org/apache/ozone/hdds-test-utils/1.3.0-SNAPSHOT/hdds-test-utils-1.3.0-SNAPSHOT.jar:/home/runner/.m2/repository/com/google/guava/guava/30.1.1-jre/guava-30.1.1-jre.jar:/home/runner/.m2/repository/com/google/guava/failureaccess/1.0.1/failureaccess-1.0.1.jar:/home/runner/.m2/repository/com/google/guava/listenablefuture/9999.0-empty-to-avoid-conflict-with-guava/listenablefuture-9999.0-empty-to-avoid-conflict-with-guava.jar:/home/runner/.m2/repository/com/google/code/findbugs/jsr305/3.0.0/jsr305-3.0.0.jar:/home/runner/.m2/repository/org/checkerframework/checker-qual/3.8.0/checker-qual-3.8.0.jar:/home/runner/.m2/repository/com/google/errorprone/error_prone_annotations/2.2.0/error_prone_annotations-2.2.0.jar:/home/runner/.m2/repository/com/google/j2objc/j2objc-annotations/1.3/j2objc-annotations-1.3.jar:/home/runner/.m2/repository/commons-io/commons-io/2.11.0/commons-io-2.11.0.jar:/home/runner/.m2/repository/commons-logging/commons-logging/1.2/commons-logging-1.2.jar:/home/runner/.m2/repository/log4j/log4j/1.2.17/log4j-1.2.17.jar:/home/runner/.m2/repository/org/slf4j/slf4j-api/1.7.30/slf4j-api-1.7.30.jar:/home/runner/.m2/repository/org/apache/ozone/hdds-server-scm/1.3.0-SNAPSHOT/hdds-server-scm-1.3.0-SNAPSHOT.jar:/home/runner/.m2/repository/org/apache/ozone/hdds-container-service/1.3.0-SNAPSHOT/hdds-container-service-1.3.0-SNAPSHOT.jar:/home/runner/.m2/repository/org/apache/ozone/hdds-hadoop-dependency-server/1.3.0-SNAPSHOT/hdds-hadoop-dependency-server-1.3.0-SNAPSHOT.jar:/home/runner/.m2/repository/org/apache/hadoop/hadoop-hdfs/3.3.1/hadoop-hdfs-3.3.1.jar:/home/runner/.m2/repository/org/apache/ozone/hdds-server-framework/1.3.0-SNAPSHOT/hdds-server-framework-1.3.0-SNAPSHOT.jar:/home/runner/.m2/repository/org/apache/ozone/hdds-interface-server/1.3.0-SNAPSHOT/hdds-interface-server-1.3.0-SNAPSHOT.jar:/home/runner/.m2/repository/org/eclipse/jetty/jetty-servlet/9.4.43.v20210629/jetty-servlet-9.4.43.v20210629.jar:/home/runner/.m2/repository/org/eclipse/jetty/jetty-security/9.4.43.v20210629/jetty-security-9.4.43.v20210629.jar:/home/runner/.m2/repository/org/rocksdb/rocksdbjni/6.25.3/rocksdbjni-6.25.3.jar:/home/runner/.m2/repository/io/prometheus/simpleclient_dropwizard/0.7.0/simpleclient_dropwizard-0.7.0.jar:/home/runner/.m2/repository/io/prometheus/simpleclient/0.7.0/simpleclient-0.7.0.jar:/home/runner/.m2/repository/io/prometheus/simpleclient_common/0.7.0/simpleclient_common-0.7.0.jar:/home/runner/.m2/repository/com/fasterxml/jackson/datatype/jackson-datatype-jsr310/2.12.1/jackson-datatype-jsr310-2.12.1.jar:/home/runner/.m2/repository/io/dropwizard/metrics/metrics-core/3.2.4/metrics-core-3.2.4.jar:/home/runner/.m2/repository/org/apache/hadoop/hadoop-hdfs-client/3.3.1/hadoop-hdfs-client-3.3.1.jar:/home/runner/.m2/repository/org/bouncycastle/bcprov-jdk15on/1.67/bcprov-jdk15on-1.67.jar:/home/runner/.m2/repository/com/google/protobuf/protobuf-java/2.5.0/protobuf-java-2.5.0.jar:/home/runner/.m2/repository/org/apache/ozone/ozone-manager/1.3.0-SNAPSHOT/ozone-manager-1.3.0-SNAPSHOT.jar:/home/runner/.m2/repository/org/aspectj/aspectjrt/1.9.7/aspectjrt-1.9.7.jar:/home/runner/.m2/repository/org/aspectj/aspectjweaver/1.9.7/aspectjweaver-1.9.7.jar:/home/runner/.m2/repository/org/apache/ozone/hdds-interface-client/1.3.0-SNAPSHOT/hdds-interface-client-1.3.0-SNAPSHOT.jar:/home/runner/.m2/repository/org/apache/hadoop/thirdparty/hadoop-shaded-protobuf_3_7/1.1.1/hadoop-shaded-protobuf_3_7-1.1.1.jar:/home/runner/.m2/repository/org/apache/ozone/ozone-interface-storage/1.3.0-SNAPSHOT/ozone-interface-storage-1.3.0-SNAPSHOT.jar:/home/runner/.m2/repository/org/reflections/reflections/0.9.11/reflections-0.9.11.jar:/home/runner/.m2/repository/org/apache/hadoop/hadoop-minikdc/3.3.1/hadoop-minikdc-3.3.1.jar:/home/runner/.m2/repository/org/apache/kerby/kerb-simplekdc/1.0.1/kerb-simplekdc-1.0.1.jar:/home/runner/.m2/repository/org/apache/kerby/kerb-client/1.0.1/kerb-client-1.0.1.jar:/home/runner/.m2/repository/org/apache/kerby/kerby-config/1.0.1/kerby-config-1.0.1.jar:/home/runner/.m2/repository/org/apache/kerby/kerb-common/1.0.1/kerb-common-1.0.1.jar:/home/runner/.m2/repository/org/apache/kerby/kerb-crypto/1.0.1/kerb-crypto-1.0.1.jar:/home/runner/.m2/repository/org/apache/kerby/kerb-util/1.0.1/kerb-util-1.0.1.jar:/home/runner/.m2/repository/org/apache/kerby/token-provider/1.0.1/token-provider-1.0.1.jar:/home/runner/.m2/repository/org/apache/kerby/kerb-admin/1.0.1/kerb-admin-1.0.1.jar:/home/runner/.m2/repository/org/apache/kerby/kerb-server/1.0.1/kerb-server-1.0.1.jar:/home/runner/.m2/repository/org/apache/kerby/kerb-identity/1.0.1/kerb-identity-1.0.1.jar:/home/runner/.m2/repository/org/apache/kerby/kerby-xdr/1.0.1/kerby-xdr-1.0.1.jar:/home/runner/.m2/repository/org/slf4j/slf4j-log4j12/1.7.30/slf4j-log4j12-1.7.30.jar:/home/runner/.m2/repository/org/apache/ozone/ozone-s3gateway/1.3.0-SNAPSHOT/ozone-s3gateway-1.3.0-SNAPSHOT.jar:/home/runner/.m2/repository/org/javassist/javassist/3.21.0-GA/javassist-3.21.0-GA.jar:/home/runner/.m2/repository/org/jboss/weld/servlet/weld-servlet/2.4.7.Final/weld-servlet-2.4.7.Final.jar:/home/runner/.m2/repository/org/glassfish/jersey/containers/jersey-container-servlet-core/2.33/jersey-container-servlet-core-2.33.jar:/home/runner/.m2/repository/org/glassfish/hk2/external/jakarta.inject/2.6.1/jakarta.inject-2.6.1.jar:/home/runner/.m2/repository/org/glassfish/jersey/core/jersey-common/2.33/jersey-common-2.33.jar:/home/runner/.m2/repository/jakarta/ws/rs/jakarta.ws.rs-api/2.1.6/jakarta.ws.rs-api-2.1.6.jar:/home/runner/.m2/repository/org/glassfish/jersey/ext/cdi/jersey-cdi1x/2.33/jersey-cdi1x-2.33.jar:/home/runner/.m2/repository/org/glassfish/jersey/inject/jersey-hk2/2.33/jersey-hk2-2.33.jar:/home/runner/.m2/repository/org/glassfish/hk2/hk2-locator/2.6.1/hk2-locator-2.6.1.jar:/home/runner/.m2/repository/org/glassfish/jersey/media/jersey-media-jaxb/2.33/jersey-media-jaxb-2.33.jar:/home/runner/.m2/repository/org/glassfish/hk2/osgi-resource-locator/1.0.3/osgi-resource-locator-1.0.3.jar:/home/runner/.m2/repository/org/glassfish/hk2/hk2-api/2.5.0/hk2-api-2.5.0.jar:/home/runner/.m2/repository/org/glassfish/hk2/hk2-utils/2.5.0/hk2-utils-2.5.0.jar:/home/runner/.m2/repository/org/glassfish/hk2/external/aopalliance-repackaged/2.5.0/aopalliance-repackaged-2.5.0.jar:/home/runner/.m2/repository/com/fasterxml/jackson/dataformat/jackson-dataformat-xml/2.12.1/jackson-dataformat-xml-2.12.1.jar:/home/runner/.m2/repository/com/fasterxml/jackson/core/jackson-core/2.12.1/jackson-core-2.12.1.jar:/home/runner/.m2/repository/com/fasterxml/jackson/module/jackson-module-jaxb-annotations/2.12.1/jackson-module-jaxb-annotations-2.12.1.jar:/home/runner/.m2/repository/jakarta/xml/bind/jakarta.xml.bind-api/2.3.2/jakarta.xml.bind-api-2.3.2.jar:/home/runner/.m2/repository/org/codehaus/woodstox/stax2-api/3.1.4/stax2-api-3.1.4.jar:/home/runner/.m2/repository/com/fasterxml/woodstox/woodstox-core/5.0.3/woodstox-core-5.0.3.jar:/home/runner/.m2/repository/javax/enterprise/cdi-api/1.2/cdi-api-1.2.jar:/home/runner/.m2/repository/javax/el/javax.el-api/3.0.0/javax.el-api-3.0.0.jar:/home/runner/.m2/repository/javax/interceptor/javax.interceptor-api/1.2/javax.interceptor-api-1.2.jar:/home/runner/.m2/repository/javax/inject/javax.inject/1/javax.inject-1.jar:/home/runner/.m2/repository/javax/xml/bind/jaxb-api/2.3.0/jaxb-api-2.3.0.jar:/home/runner/.m2/repository/org/glassfish/jaxb/jaxb-runtime/2.3.0.1/jaxb-runtime-2.3.0.1.jar:/home/runner/.m2/repository/org/glassfish/jaxb/jaxb-core/2.3.0.1/jaxb-core-2.3.0.1.jar:/home/runner/.m2/repository/org/glassfish/jaxb/txw2/2.3.0.1/txw2-2.3.0.1.jar:/home/runner/.m2/repository/com/sun/istack/istack-commons-runtime/3.0.5/istack-commons-runtime-3.0.5.jar:/home/runner/.m2/repository/org/jvnet/staxex/stax-ex/1.7.8/stax-ex-1.7.8.jar:/home/runner/.m2/repository/com/sun/xml/fastinfoset/FastInfoset/1.2.13/FastInfoset-1.2.13.jar:/home/runner/.m2/repository/javax/activation/activation/1.1.1/activation-1.1.1.jar:/home/runner/.m2/repository/org/apache/ozone/ozone-csi/1.3.0-SNAPSHOT/ozone-csi-1.3.0-SNAPSHOT.jar:/home/runner/.m2/repository/com/google/protobuf/protobuf-java-util/3.12.0/protobuf-java-util-3.12.0.jar:/home/runner/.m2/repository/com/google/code/gson/gson/2.2.4/gson-2.2.4.jar:/home/runner/.m2/repository/org/apache/ozone/hdds-config/1.3.0-SNAPSHOT/hdds-config-1.3.0-SNAPSHOT.jar:/home/runner/.m2/repository/io/grpc/grpc-netty/1.33.0/grpc-netty-1.33.0.jar:/home/runner/.m2/repository/io/grpc/grpc-core/1.33.0/grpc-core-1.33.0.jar:/home/runner/.m2/repository/com/google/android/annotations/4.1.1.4/annotations-4.1.1.4.jar:/home/runner/.m2/repository/io/netty/netty-codec-http2/4.1.63.Final/netty-codec-http2-4.1.63.Final.jar:/home/runner/.m2/repository/io/netty/netty-codec-http/4.1.63.Final/netty-codec-http-4.1.63.Final.jar:/home/runner/.m2/repository/io/netty/netty-handler-proxy/4.1.63.Final/netty-handler-proxy-4.1.63.Final.jar:/home/runner/.m2/repository/io/netty/netty-codec-socks/4.1.63.Final/netty-codec-socks-4.1.63.Final.jar:/home/runner/.m2/repository/io/perfmark/perfmark-api/0.19.0/perfmark-api-0.19.0.jar:/home/runner/.m2/repository/org/codehaus/mojo/animal-sniffer-annotations/1.18/animal-sniffer-annotations-1.18.jar:/home/runner/.m2/repository/io/netty/netty-transport-native-epoll/4.1.63.Final/netty-transport-native-epoll-4.1.63.Final.jar:/home/runner/.m2/repository/io/netty/netty-common/4.1.63.Final/netty-common-4.1.63.Final.jar:/home/runner/.m2/repository/io/netty/netty-buffer/4.1.63.Final/netty-buffer-4.1.63.Final.jar:/home/runner/.m2/repository/io/netty/netty-transport-native-unix-common/4.1.63.Final/netty-transport-native-unix-common-4.1.63.Final.jar:/home/runner/.m2/repository/io/grpc/grpc-protobuf/1.33.0/grpc-protobuf-1.33.0.jar:/home/runner/.m2/repository/io/grpc/grpc-api/1.33.0/grpc-api-1.33.0.jar:/home/runner/.m2/repository/io/grpc/grpc-context/1.33.0/grpc-context-1.33.0.jar:/home/runner/.m2/repository/com/google/api/grpc/proto-google-common-protos/1.17.0/proto-google-common-protos-1.17.0.jar:/home/runner/.m2/repository/io/grpc/grpc-protobuf-lite/1.33.0/grpc-protobuf-lite-1.33.0.jar:/home/runner/.m2/repository/io/grpc/grpc-stub/1.33.0/grpc-stub-1.33.0.jar:/home/runner/.m2/repository/org/apache/ozone/ozone-recon/1.3.0-SNAPSHOT/ozone-recon-1.3.0-SNAPSHOT.jar:/home/runner/.m2/repository/org/apache/ozone/ozone-reconcodegen/1.3.0-SNAPSHOT/ozone-reconcodegen-1.3.0-SNAPSHOT.jar:/home/runner/.m2/repository/com/google/inject/extensions/guice-multibindings/4.0/guice-multibindings-4.0.jar:/home/runner/.m2/repository/com/google/inject/guice/4.0/guice-4.0.jar:/home/runner/.m2/repository/aopalliance/aopalliance/1.0/aopalliance-1.0.jar:/home/runner/.m2/repository/com/google/inject/extensions/guice-assistedinject/4.0/guice-assistedinject-4.0.jar:/home/runner/.m2/repository/com/google/inject/extensions/guice-servlet/4.0/guice-servlet-4.0.jar:/home/runner/.m2/repository/org/glassfish/jersey/containers/jersey-container-servlet/2.33/jersey-container-servlet-2.33.jar:/home/runner/.m2/repository/org/glassfish/hk2/guice-bridge/2.5.0/guice-bridge-2.5.0.jar:/home/runner/.m2/repository/org/glassfish/jersey/core/jersey-server/2.33/jersey-server-2.33.jar:/home/runner/.m2/repository/org/glassfish/jersey/core/jersey-client/2.33/jersey-client-2.33.jar:/home/runner/.m2/repository/jakarta/annotation/jakarta.annotation-api/1.3.5/jakarta.annotation-api-1.3.5.jar:/home/runner/.m2/repository/jakarta/validation/jakarta.validation-api/2.0.2/jakarta.validation-api-2.0.2.jar:/home/runner/.m2/repository/org/glassfish/jersey/media/jersey-media-json-jackson/2.33/jersey-media-json-jackson-2.33.jar:/home/runner/.m2/repository/org/glassfish/jersey/ext/jersey-entity-filtering/2.33/jersey-entity-filtering-2.33.jar:/home/runner/.m2/repository/org/jooq/jooq/3.11.10/jooq-3.11.10.jar:/home/runner/.m2/repository/org/jooq/jooq-meta/3.11.10/jooq-meta-3.11.10.jar:/home/runner/.m2/repository/org/jooq/jooq-codegen/3.11.10/jooq-codegen-3.11.10.jar:/home/runner/.m2/repository/com/jolbox/bonecp/0.8.0.RELEASE/bonecp-0.8.0.RELEASE.jar:/home/runner/.m2/repository/org/apache/derby/derby/10.14.2.0/derby-10.14.2.0.jar:/home/runner/.m2/repository/org/xerial/sqlite-jdbc/3.25.2/sqlite-jdbc-3.25.2.jar:/home/runner/.m2/repository/org/springframework/spring-jdbc/5.2.18.RELEASE/spring-jdbc-5.2.18.RELEASE.jar:/home/runner/.m2/repository/org/springframework/spring-beans/5.2.18.RELEASE/spring-beans-5.2.18.RELEASE.jar:/home/runner/.m2/repository/org/springframework/spring-core/5.2.18.RELEASE/spring-core-5.2.18.RELEASE.jar:/home/runner/.m2/repository/org/springframework/spring-jcl/5.2.18.RELEASE/spring-jcl-5.2.18.RELEASE.jar:/home/runner/.m2/repository/org/springframework/spring-tx/5.2.18.RELEASE/spring-tx-5.2.18.RELEASE.jar:/home/runner/.m2/repository/org/apache/ozone/ozone-client/1.3.0-SNAPSHOT/ozone-client-1.3.0-SNAPSHOT.jar:/home/runner/.m2/repository/org/apache/ozone/ozone-filesystem/1.3.0-SNAPSHOT/ozone-filesystem-1.3.0-SNAPSHOT.jar:/home/runner/.m2/repository/org/apache/ozone/ozone-filesystem-common/1.3.0-SNAPSHOT/ozone-filesystem-common-1.3.0-SNAPSHOT.jar:/home/runner/.m2/repository/org/apache/ozone/ozone-tools/1.3.0-SNAPSHOT/ozone-tools-1.3.0-SNAPSHOT.jar:/home/runner/.m2/repository/org/apache/ratis/ratis-tools/2.2.0/ratis-tools-2.2.0.jar:/home/runner/.m2/repository/com/amazonaws/aws-java-sdk-core/1.12.124/aws-java-sdk-core-1.12.124.jar:/home/runner/.m2/repository/org/apache/httpcomponents/httpclient/4.5.13/httpclient-4.5.13.jar:/home/runner/.m2/repository/org/apache/httpcomponents/httpcore/4.4.13/httpcore-4.4.13.jar:/home/runner/.m2/repository/software/amazon/ion/ion-java/1.0.2/ion-java-1.0.2.jar:/home/runner/.m2/repository/com/fasterxml/jackson/dataformat/jackson-dataformat-cbor/2.12.1/jackson-dataformat-cbor-2.12.1.jar:/home/runner/.m2/repository/joda-time/joda-time/2.8.1/joda-time-2.8.1.jar:/home/runner/.m2/repository/com/amazonaws/aws-java-sdk-s3/1.12.124/aws-java-sdk-s3-1.12.124.jar:/home/runner/.m2/repository/com/amazonaws/aws-java-sdk-kms/1.12.124/aws-java-sdk-kms-1.12.124.jar:/home/runner/.m2/repository/com/amazonaws/jmespath-java/1.12.124/jmespath-java-1.12.124.jar:/home/runner/.m2/repository/org/kohsuke/metainf-services/metainf-services/1.8/metainf-services-1.8.jar:/home/runner/.m2/repository/org/apache/ozone/hdds-tools/1.3.0-SNAPSHOT/hdds-tools-1.3.0-SNAPSHOT.jar:/home/runner/.m2/repository/commons-cli/commons-cli/1.2/commons-cli-1.2.jar:/home/runner/.m2/repository/org/apache/commons/commons-lang3/3.7/commons-lang3-3.7.jar:/home/runner/.m2/repository/org/apache/ozone/ozone-manager/1.3.0-SNAPSHOT/ozone-manager-1.3.0-SNAPSHOT-tests.jar:/home/runner/.m2/repository/org/apache/ozone/hdds-common/1.3.0-SNAPSHOT/hdds-common-1.3.0-SNAPSHOT-tests.jar:/home/runner/.m2/repository/org/apache/ozone/hdds-hadoop-dependency-client/1.3.0-SNAPSHOT/hdds-hadoop-dependency-client-1.3.0-SNAPSHOT.jar:/home/runner/.m2/repository/info/picocli/picocli/4.6.1/picocli-4.6.1.jar:/home/runner/.m2/repository/com/fasterxml/jackson/core/jackson-annotations/2.12.1/jackson-annotations-2.12.1.jar:/home/runner/.m2/repository/javax/annotation/javax.annotation-api/1.2/javax.annotation-api-1.2.jar:/home/runner/.m2/repository/org/apache/ratis/ratis-server/2.2.0/ratis-server-2.2.0.jar:/home/runner/.m2/repository/org/apache/ratis/ratis-client/2.2.0/ratis-client-2.2.0.jar:/home/runner/.m2/repository/org/apache/ratis/ratis-server-api/2.2.0/ratis-server-api-2.2.0.jar:/home/runner/.m2/repository/org/apache/ratis/ratis-metrics/2.2.0/ratis-metrics-2.2.0.jar:/home/runner/.m2/repository/org/apache/ratis/ratis-netty/2.2.0/ratis-netty-2.2.0.jar:/home/runner/.m2/repository/org/apache/ratis/ratis-grpc/2.2.0/ratis-grpc-2.2.0.jar:/home/runner/.m2/repository/org/apache/logging/log4j/log4j-api/2.17.0/log4j-api-2.17.0.jar:/home/runner/.m2/repository/org/apache/logging/log4j/log4j-core/2.17.0/log4j-core-2.17.0.jar:/home/runner/.m2/repository/com/lmax/disruptor/3.4.2/disruptor-3.4.2.jar:/home/runner/.m2/repository/org/apache/commons/commons-pool2/2.6.0/commons-pool2-2.6.0.jar:/home/runner/.m2/repository/org/bouncycastle/bcpkix-jdk15on/1.67/bcpkix-jdk15on-1.67.jar:/home/runner/.m2/repository/commons-validator/commons-validator/1.6/commons-validator-1.6.jar:/home/runner/.m2/repository/commons-beanutils/commons-beanutils/1.9.4/commons-beanutils-1.9.4.jar:/home/runner/.m2/repository/commons-digester/commons-digester/1.8.1/commons-digester-1.8.1.jar:/home/runner/.m2/repository/commons-collections/commons-collections/3.2.2/commons-collections-3.2.2.jar:/home/runner/.m2/repository/io/jaegertracing/jaeger-client/1.6.0/jaeger-client-1.6.0.jar:/home/runner/.m2/repository/io/jaegertracing/jaeger-thrift/1.6.0/jaeger-thrift-1.6.0.jar:/home/runner/.m2/repository/org/apache/thrift/libthrift/0.14.1/libthrift-0.14.1.jar:/home/runner/.m2/repository/com/squareup/okhttp3/okhttp/4.9.0/okhttp-4.9.0.jar:/home/runner/.m2/repository/com/squareup/okio/okio/2.8.0/okio-2.8.0.jar:/home/runner/.m2/repository/io/jaegertracing/jaeger-core/1.6.0/jaeger-core-1.6.0.jar:/home/runner/.m2/repository/io/jaegertracing/jaeger-tracerresolver/1.6.0/jaeger-tracerresolver-1.6.0.jar:/home/runner/.m2/repository/io/opentracing/contrib/opentracing-tracerresolver/0.1.8/opentracing-tracerresolver-0.1.8.jar:/home/runner/.m2/repository/org/jetbrains/kotlin/kotlin-stdlib/1.4.31/kotlin-stdlib-1.4.31.jar:/home/runner/.m2/repository/org/jetbrains/kotlin/kotlin-stdlib-common/1.4.31/kotlin-stdlib-common-1.4.31.jar:/home/runner/.m2/repository/org/jetbrains/annotations/13.0/annotations-13.0.jar:/home/runner/.m2/repository/io/opentracing/opentracing-util/0.33.0/opentracing-util-0.33.0.jar:/home/runner/.m2/repository/io/opentracing/opentracing-api/0.33.0/opentracing-api-0.33.0.jar:/home/runner/.m2/repository/io/opentracing/opentracing-noop/0.33.0/opentracing-noop-0.33.0.jar:/home/runner/.m2/repository/org/yaml/snakeyaml/1.26/snakeyaml-1.26.jar:/home/runner/.m2/repository/org/apache/ozone/hdds-interface-admin/1.3.0-SNAPSHOT/hdds-interface-admin-1.3.0-SNAPSHOT.jar:/home/runner/.m2/repository/junit/junit/4.13.1/junit-4.13.1.jar:/home/runner/.m2/repository/org/hamcrest/hamcrest-core/1.3/hamcrest-core-1.3.jar:/home/runner/.m2/repository/org/junit/jupiter/junit-jupiter-api/5.7.0/junit-jupiter-api-5.7.0.jar:/home/runner/.m2/repository/org/apiguardian/apiguardian-api/1.1.0/apiguardian-api-1.1.0.jar:/home/runner/.m2/repository/org/opentest4j/opentest4j/1.2.0/opentest4j-1.2.0.jar:/home/runner/.m2/repository/org/junit/platform/junit-platform-commons/1.7.0/junit-platform-commons-1.7.0.jar:/home/runner/.m2/repository/org/junit/jupiter/junit-jupiter-engine/5.7.0/junit-jupiter-engine-5.7.0.jar:/home/runner/.m2/repository/org/junit/platform/junit-platform-engine/1.7.0/junit-platform-engine-1.7.0.jar:/home/runner/.m2/repository/org/junit/vintage/junit-vintage-engine/5.7.0/junit-vintage-engine-5.7.0.jar:/home/runner/.m2/repository/org/junit/platform/junit-platform-launcher/1.7.0/junit-platform-launcher-1.7.0.jar:/home/runner/.m2/repository/org/openjdk/jmh/jmh-core/1.19/jmh-core-1.19.jar:/home/runner/.m2/repository/net/sf/jopt-simple/jopt-simple/4.6/jopt-simple-4.6.jar:/home/runner/.m2/repository/org/apache/commons/commons-math3/3.1.1/commons-math3-3.1.1.jar:/home/runner/.m2/repository/org/openjdk/jmh/jmh-generator-annprocess/1.19/jmh-generator-annprocess-1.19.jar:/home/runner/.m2/repository/org/mockito/mockito-core/2.28.2/mockito-core-2.28.2.jar:/home/runner/.m2/repository/net/bytebuddy/byte-buddy/1.9.10/byte-buddy-1.9.10.jar:/home/runner/.m2/repository/net/bytebuddy/byte-buddy-agent/1.9.10/byte-buddy-agent-1.9.10.jar:/home/runner/.m2/repository/org/objenesis/objenesis/1.0/objenesis-1.0.jar:/home/runner/.m2/repository/org/apache/hadoop/hadoop-kms/3.3.1/hadoop-kms-3.3.1.jar:/home/runner/.m2/repository/org/apache/hadoop/hadoop-auth/3.3.1/hadoop-auth-3.3.1.jar:/home/runner/.m2/repository/com/nimbusds/nimbus-jose-jwt/7.9/nimbus-jose-jwt-7.9.jar:/home/runner/.m2/repository/com/github/stephenc/jcip/jcip-annotations/1.0-1/jcip-annotations-1.0-1.jar:/home/runner/.m2/repository/net/minidev/json-smart/2.3.1/json-smart-2.3.1.jar:/home/runner/.m2/repository/net/minidev/accessors-smart/2.3.1/accessors-smart-2.3.1.jar:/home/runner/.m2/repository/org/ow2/asm/asm/5.0.4/asm-5.0.4.jar:/home/runner/.m2/repository/org/apache/zookeeper/zookeeper/3.5.6/zookeeper-3.5.6.jar:/home/runner/.m2/repository/org/apache/zookeeper/zookeeper-jute/3.5.6/zookeeper-jute-3.5.6.jar:/home/runner/.m2/repository/org/apache/yetus/audience-annotations/0.5.0/audience-annotations-0.5.0.jar:/home/runner/.m2/repository/org/apache/curator/curator-framework/4.2.0/curator-framework-4.2.0.jar:/home/runner/.m2/repository/org/apache/hadoop/thirdparty/hadoop-shaded-guava/1.1.1/hadoop-shaded-guava-1.1.1.jar:/home/runner/.m2/repository/com/sun/jersey/jersey-core/1.19/jersey-core-1.19.jar:/home/runner/.m2/repository/javax/ws/rs/jsr311-api/1.1.1/jsr311-api-1.1.1.jar:/home/runner/.m2/repository/com/sun/jersey/jersey-server/1.19/jersey-server-1.19.jar:/home/runner/.m2/repository/javax/servlet/javax.servlet-api/3.1.0/javax.servlet-api-3.1.0.jar:/home/runner/.m2/repository/org/eclipse/jetty/jetty-server/9.4.43.v20210629/jetty-server-9.4.43.v20210629.jar:/home/runner/.m2/repository/org/eclipse/jetty/jetty-http/9.4.43.v20210629/jetty-http-9.4.43.v20210629.jar:/home/runner/.m2/repository/org/eclipse/jetty/jetty-io/9.4.43.v20210629/jetty-io-9.4.43.v20210629.jar:/home/runner/.m2/repository/org/eclipse/jetty/jetty-webapp/9.4.43.v20210629/jetty-webapp-9.4.43.v20210629.jar:/home/runner/.m2/repository/org/eclipse/jetty/jetty-xml/9.4.43.v20210629/jetty-xml-9.4.43.v20210629.jar:/home/runner/.m2/repository/org/apache/hadoop/hadoop-common/3.3.1/hadoop-common-3.3.1.jar:/home/runner/.m2/repository/commons-net/commons-net/3.6/commons-net-3.6.jar:/home/runner/.m2/repository/jakarta/activation/jakarta.activation-api/1.2.1/jakarta.activation-api-1.2.1.jar:/home/runner/.m2/repository/com/sun/jersey/jersey-servlet/1.19/jersey-servlet-1.19.jar:/home/runner/.m2/repository/com/sun/jersey/jersey-json/1.19/jersey-json-1.19.jar:/home/runner/.m2/repository/org/codehaus/jettison/jettison/1.1/jettison-1.1.jar:/home/runner/.m2/repository/com/sun/xml/bind/jaxb-impl/2.2.3-1/jaxb-impl-2.2.3-1.jar:/home/runner/.m2/repository/org/codehaus/jackson/jackson-jaxrs/1.9.2/jackson-jaxrs-1.9.2.jar:/home/runner/.m2/repository/org/codehaus/jackson/jackson-xc/1.9.2/jackson-xc-1.9.2.jar:/home/runner/.m2/repository/org/apache/commons/commons-configuration2/2.1.1/commons-configuration2-2.1.1.jar:/home/runner/.m2/repository/org/apache/commons/commons-text/1.4/commons-text-1.4.jar:/home/runner/.m2/repository/com/google/re2j/re2j/1.1/re2j-1.1.jar:/home/runner/.m2/repository/com/jcraft/jsch/0.1.54/jsch-0.1.54.jar:/home/runner/.m2/repository/org/apache/curator/curator-client/4.2.0/curator-client-4.2.0.jar:/home/runner/.m2/repository/org/apache/curator/curator-recipes/4.2.0/curator-recipes-4.2.0.jar:/home/runner/.m2/repository/org/apache/kerby/kerb-core/1.0.1/kerb-core-1.0.1.jar:/home/runner/.m2/repository/org/apache/kerby/kerby-pkix/1.0.1/kerby-pkix-1.0.1.jar:/home/runner/.m2/repository/org/apache/kerby/kerby-asn1/1.0.1/kerby-asn1-1.0.1.jar:/home/runner/.m2/repository/org/apache/kerby/kerby-util/1.0.1/kerby-util-1.0.1.jar:/home/runner/.m2/repository/dnsjava/dnsjava/2.1.7/dnsjava-2.1.7.jar:/home/runner/.m2/repository/org/xerial/snappy/snappy-java/1.1.8.2/snappy-java-1.1.8.2.jar:/home/runner/.m2/repository/org/slf4j/jul-to-slf4j/1.7.30/jul-to-slf4j-1.7.30.jar:/home/runner/.m2/repository/org/eclipse/jetty/jetty-util/9.4.43.v20210629/jetty-util-9.4.43.v20210629.jar:/home/runner/.m2/repository/com/fasterxml/jackson/core/jackson-databind/2.12.1/jackson-databind-2.12.1.jar:/home/runner/.m2/repository/org/apache/hadoop/hadoop-kms/3.3.1/hadoop-kms-3.3.1-tests.jar:/home/runner/.m2/repository/org/apache/ozone/hdds-server-scm/1.3.0-SNAPSHOT/hdds-server-scm-1.3.0-SNAPSHOT-tests.jar:/home/runner/.m2/repository/org/apache/ozone/hdds-container-service/1.3.0-SNAPSHOT/hdds-container-service-1.3.0-SNAPSHOT-tests.jar:/home/runner/.m2/repository/commons-codec/commons-codec/1.11/commons-codec-1.11.jar:/home/runner/.m2/repository/io/netty/netty-transport/4.1.63.Final/netty-transport-4.1.63.Final.jar:/home/runner/.m2/repository/io/netty/netty-resolver/4.1.63.Final/netty-resolver-4.1.63.Final.jar:/home/runner/.m2/repository/io/netty/netty-codec/4.1.63.Final/netty-codec-4.1.63.Final.jar:/home/runner/.m2/repository/io/netty/netty-handler/4.1.63.Final/netty-handler-4.1.63.Final.jar:/home/runner/.m2/repository/org/apache/ozone/hdds-hadoop-dependency-test/1.3.0-SNAPSHOT/hdds-hadoop-dependency-test-1.3.0-SNAPSHOT.jar:/home/runner/.m2/repository/org/apache/hadoop/hadoop-common/3.3.1/hadoop-common-3.3.1-tests.jar:/home/runner/.m2/repository/org/assertj/assertj-core/3.12.2/assertj-core-3.12.2.jar:/home/runner/.m2/repository/org/apache/hadoop/hadoop-hdfs/3.3.1/hadoop-hdfs-3.3.1-tests.jar:/home/runner/.m2/repository/org/eclipse/jetty/jetty-util-ajax/9.4.43.v20210629/jetty-util-ajax-9.4.43.v20210629.jar:/home/runner/.m2/repository/commons-daemon/commons-daemon/1.0.13/commons-daemon-1.0.13.jar:/home/runner/.m2/repository/io/netty/netty/3.10.6.Final/netty-3.10.6.Final.jar:/home/runner/.m2/repository/io/netty/netty-all/4.1.63.Final/netty-all-4.1.63.Final.jar:/home/runner/.m2/repository/org/apache/htrace/htrace-core4/4.1.0-incubating/htrace-core4-4.1.0-incubating.jar:/home/runner/.m2/repository/org/fusesource/leveldbjni/leveldbjni-all/1.8/leveldbjni-all-1.8.jar:/home/runner/.m2/repository/org/apache/hadoop/hadoop-distcp/3.3.1/hadoop-distcp-3.3.1.jar:/home/runner/.m2/repository/org/apache/hadoop/hadoop-mapreduce-client-jobclient/3.3.1/hadoop-mapreduce-client-jobclient-3.3.1.jar:/home/runner/.m2/repository/org/apache/hadoop/hadoop-mapreduce-client-common/3.3.1/hadoop-mapreduce-client-common-3.3.1.jar:/home/runner/.m2/repository/org/apache/hadoop/hadoop-yarn-common/3.3.1/hadoop-yarn-common-3.3.1.jar:/home/runner/.m2/repository/org/apache/hadoop/hadoop-yarn-api/3.3.1/hadoop-yarn-api-3.3.1.jar:/home/runner/.m2/repository/com/sun/jersey/jersey-client/1.19/jersey-client-1.19.jar:/home/runner/.m2/repository/com/sun/jersey/contribs/jersey-guice/1.19/jersey-guice-1.19.jar:/home/runner/.m2/repository/com/fasterxml/jackson/jaxrs/jackson-jaxrs-json-provider/2.12.1/jackson-jaxrs-json-provider-2.12.1.jar:/home/runner/.m2/repository/com/fasterxml/jackson/jaxrs/jackson-jaxrs-base/2.12.1/jackson-jaxrs-base-2.12.1.jar:/home/runner/.m2/repository/org/apache/hadoop/hadoop-yarn-client/3.3.1/hadoop-yarn-client-3.3.1.jar:/home/runner/.m2/repository/org/eclipse/jetty/websocket/websocket-client/9.4.40.v20210413/websocket-client-9.4.40.v20210413.jar:/home/runner/.m2/repository/org/eclipse/jetty/jetty-client/9.4.40.v20210413/jetty-client-9.4.40.v20210413.jar:/home/runner/.m2/repository/org/eclipse/jetty/websocket/websocket-common/9.4.40.v20210413/websocket-common-9.4.40.v20210413.jar:/home/runner/.m2/repository/org/eclipse/jetty/websocket/websocket-api/9.4.40.v20210413/websocket-api-9.4.40.v20210413.jar:/home/runner/.m2/repository/org/jline/jline/3.9.0/jline-3.9.0.jar:/home/runner/.m2/repository/org/apache/hadoop/hadoop-mapreduce-client-core/3.3.1/hadoop-mapreduce-client-core-3.3.1.jar:/home/runner/.m2/repository/org/apache/avro/avro/1.7.7/avro-1.7.7.jar:/home/runner/.m2/repository/org/codehaus/jackson/jackson-core-asl/1.9.13/jackson-core-asl-1.9.13.jar:/home/runner/.m2/repository/org/codehaus/jackson/jackson-mapper-asl/1.9.13/jackson-mapper-asl-1.9.13.jar:/home/runner/.m2/repository/com/thoughtworks/paranamer/paranamer/2.3/paranamer-2.3.jar:/home/runner/.m2/repository/org/apache/hadoop/hadoop-annotations/3.3.1/hadoop-annotations-3.3.1.jar:/usr/lib/jvm/adoptopenjdk-8-hotspot-amd64/jre/../lib/tools.jar:/home/runner/.m2/repository/org/apache/hadoop/hadoop-distcp/3.3.1/hadoop-distcp-3.3.1-tests.jar:/home/runner/.m2/repository/org/apache/ratis/ratis-common/2.2.0/ratis-common-2.2.0.jar:/home/runner/.m2/repository/org/apache/ratis/ratis-thirdparty-misc/0.7.0/ratis-thirdparty-misc-0.7.0.jar:/home/runner/.m2/repository/org/apache/ratis/ratis-proto/2.2.0/ratis-proto-2.2.0.jar:"/>
    <property name="java.vm.vendor" value="AdoptOpenJDK"/>
    <property name="sun.arch.data.model" value="64"/>
    <property name="test.build.dir" value="/home/runner/work/ozone/ozone/hadoop-ozone/integration-test/target/test-dir"/>
    <property name="test.cache.data" value=""/>
    <property name="java.vendor.url" value="https://adoptopenjdk.net/"/>
    <property name="user.timezone" value=""/>
    <property name="java.vm.specification.version" value="1.8"/>
    <property name="os.name" value="Linux"/>
    <property name="test.build.data" value="/home/runner/work/ozone/ozone/hadoop-ozone/integration-test/target/test-dir"/>
    <property name="sun.java.launcher" value="SUN_STANDARD"/>
    <property name="sun.boot.library.path" value="/usr/lib/jvm/adoptopenjdk-8-hotspot-amd64/jre/lib/amd64"/>
    <property name="sun.java.command" value="/home/runner/work/ozone/ozone/hadoop-ozone/integration-test/target/surefire/surefirebooter8928890536184257758.jar /home/runner/work/ozone/ozone/hadoop-ozone/integration-test/target/surefire 2021-12-22T00-55-11_414-jvmRun1 surefire8904328394664163070tmp surefire_72248137444022656468tmp"/>
    <property name="surefire.test.class.path" value="/home/runner/work/ozone/ozone/hadoop-ozone/integration-test/target/test-classes:/home/runner/work/ozone/ozone/hadoop-ozone/integration-test/target/classes:/home/runner/.m2/repository/org/apache/ozone/ozone-common/1.3.0-SNAPSHOT/ozone-common-1.3.0-SNAPSHOT.jar:/home/runner/.m2/repository/org/apache/commons/commons-compress/1.21/commons-compress-1.21.jar:/home/runner/.m2/repository/org/apache/ozone/hdds-common/1.3.0-SNAPSHOT/hdds-common-1.3.0-SNAPSHOT.jar:/home/runner/.m2/repository/org/apache/ozone/hdds-client/1.3.0-SNAPSHOT/hdds-client-1.3.0-SNAPSHOT.jar:/home/runner/.m2/repository/org/apache/ozone/ozone-interface-client/1.3.0-SNAPSHOT/ozone-interface-client-1.3.0-SNAPSHOT.jar:/home/runner/.m2/repository/org/apache/ozone/hdds-test-utils/1.3.0-SNAPSHOT/hdds-test-utils-1.3.0-SNAPSHOT.jar:/home/runner/.m2/repository/com/google/guava/guava/30.1.1-jre/guava-30.1.1-jre.jar:/home/runner/.m2/repository/com/google/guava/failureaccess/1.0.1/failureaccess-1.0.1.jar:/home/runner/.m2/repository/com/google/guava/listenablefuture/9999.0-empty-to-avoid-conflict-with-guava/listenablefuture-9999.0-empty-to-avoid-conflict-with-guava.jar:/home/runner/.m2/repository/com/google/code/findbugs/jsr305/3.0.0/jsr305-3.0.0.jar:/home/runner/.m2/repository/org/checkerframework/checker-qual/3.8.0/checker-qual-3.8.0.jar:/home/runner/.m2/repository/com/google/errorprone/error_prone_annotations/2.2.0/error_prone_annotations-2.2.0.jar:/home/runner/.m2/repository/com/google/j2objc/j2objc-annotations/1.3/j2objc-annotations-1.3.jar:/home/runner/.m2/repository/commons-io/commons-io/2.11.0/commons-io-2.11.0.jar:/home/runner/.m2/repository/commons-logging/commons-logging/1.2/commons-logging-1.2.jar:/home/runner/.m2/repository/log4j/log4j/1.2.17/log4j-1.2.17.jar:/home/runner/.m2/repository/org/slf4j/slf4j-api/1.7.30/slf4j-api-1.7.30.jar:/home/runner/.m2/repository/org/apache/ozone/hdds-server-scm/1.3.0-SNAPSHOT/hdds-server-scm-1.3.0-SNAPSHOT.jar:/home/runner/.m2/repository/org/apache/ozone/hdds-container-service/1.3.0-SNAPSHOT/hdds-container-service-1.3.0-SNAPSHOT.jar:/home/runner/.m2/repository/org/apache/ozone/hdds-hadoop-dependency-server/1.3.0-SNAPSHOT/hdds-hadoop-dependency-server-1.3.0-SNAPSHOT.jar:/home/runner/.m2/repository/org/apache/hadoop/hadoop-hdfs/3.3.1/hadoop-hdfs-3.3.1.jar:/home/runner/.m2/repository/org/apache/ozone/hdds-server-framework/1.3.0-SNAPSHOT/hdds-server-framework-1.3.0-SNAPSHOT.jar:/home/runner/.m2/repository/org/apache/ozone/hdds-interface-server/1.3.0-SNAPSHOT/hdds-interface-server-1.3.0-SNAPSHOT.jar:/home/runner/.m2/repository/org/eclipse/jetty/jetty-servlet/9.4.43.v20210629/jetty-servlet-9.4.43.v20210629.jar:/home/runner/.m2/repository/org/eclipse/jetty/jetty-security/9.4.43.v20210629/jetty-security-9.4.43.v20210629.jar:/home/runner/.m2/repository/org/rocksdb/rocksdbjni/6.25.3/rocksdbjni-6.25.3.jar:/home/runner/.m2/repository/io/prometheus/simpleclient_dropwizard/0.7.0/simpleclient_dropwizard-0.7.0.jar:/home/runner/.m2/repository/io/prometheus/simpleclient/0.7.0/simpleclient-0.7.0.jar:/home/runner/.m2/repository/io/prometheus/simpleclient_common/0.7.0/simpleclient_common-0.7.0.jar:/home/runner/.m2/repository/com/fasterxml/jackson/datatype/jackson-datatype-jsr310/2.12.1/jackson-datatype-jsr310-2.12.1.jar:/home/runner/.m2/repository/io/dropwizard/metrics/metrics-core/3.2.4/metrics-core-3.2.4.jar:/home/runner/.m2/repository/org/apache/hadoop/hadoop-hdfs-client/3.3.1/hadoop-hdfs-client-3.3.1.jar:/home/runner/.m2/repository/org/bouncycastle/bcprov-jdk15on/1.67/bcprov-jdk15on-1.67.jar:/home/runner/.m2/repository/com/google/protobuf/protobuf-java/2.5.0/protobuf-java-2.5.0.jar:/home/runner/.m2/repository/org/apache/ozone/ozone-manager/1.3.0-SNAPSHOT/ozone-manager-1.3.0-SNAPSHOT.jar:/home/runner/.m2/repository/org/aspectj/aspectjrt/1.9.7/aspectjrt-1.9.7.jar:/home/runner/.m2/repository/org/aspectj/aspectjweaver/1.9.7/aspectjweaver-1.9.7.jar:/home/runner/.m2/repository/org/apache/ozone/hdds-interface-client/1.3.0-SNAPSHOT/hdds-interface-client-1.3.0-SNAPSHOT.jar:/home/runner/.m2/repository/org/apache/hadoop/thirdparty/hadoop-shaded-protobuf_3_7/1.1.1/hadoop-shaded-protobuf_3_7-1.1.1.jar:/home/runner/.m2/repository/org/apache/ozone/ozone-interface-storage/1.3.0-SNAPSHOT/ozone-interface-storage-1.3.0-SNAPSHOT.jar:/home/runner/.m2/repository/org/reflections/reflections/0.9.11/reflections-0.9.11.jar:/home/runner/.m2/repository/org/apache/hadoop/hadoop-minikdc/3.3.1/hadoop-minikdc-3.3.1.jar:/home/runner/.m2/repository/org/apache/kerby/kerb-simplekdc/1.0.1/kerb-simplekdc-1.0.1.jar:/home/runner/.m2/repository/org/apache/kerby/kerb-client/1.0.1/kerb-client-1.0.1.jar:/home/runner/.m2/repository/org/apache/kerby/kerby-config/1.0.1/kerby-config-1.0.1.jar:/home/runner/.m2/repository/org/apache/kerby/kerb-common/1.0.1/kerb-common-1.0.1.jar:/home/runner/.m2/repository/org/apache/kerby/kerb-crypto/1.0.1/kerb-crypto-1.0.1.jar:/home/runner/.m2/repository/org/apache/kerby/kerb-util/1.0.1/kerb-util-1.0.1.jar:/home/runner/.m2/repository/org/apache/kerby/token-provider/1.0.1/token-provider-1.0.1.jar:/home/runner/.m2/repository/org/apache/kerby/kerb-admin/1.0.1/kerb-admin-1.0.1.jar:/home/runner/.m2/repository/org/apache/kerby/kerb-server/1.0.1/kerb-server-1.0.1.jar:/home/runner/.m2/repository/org/apache/kerby/kerb-identity/1.0.1/kerb-identity-1.0.1.jar:/home/runner/.m2/repository/org/apache/kerby/kerby-xdr/1.0.1/kerby-xdr-1.0.1.jar:/home/runner/.m2/repository/org/slf4j/slf4j-log4j12/1.7.30/slf4j-log4j12-1.7.30.jar:/home/runner/.m2/repository/org/apache/ozone/ozone-s3gateway/1.3.0-SNAPSHOT/ozone-s3gateway-1.3.0-SNAPSHOT.jar:/home/runner/.m2/repository/org/javassist/javassist/3.21.0-GA/javassist-3.21.0-GA.jar:/home/runner/.m2/repository/org/jboss/weld/servlet/weld-servlet/2.4.7.Final/weld-servlet-2.4.7.Final.jar:/home/runner/.m2/repository/org/glassfish/jersey/containers/jersey-container-servlet-core/2.33/jersey-container-servlet-core-2.33.jar:/home/runner/.m2/repository/org/glassfish/hk2/external/jakarta.inject/2.6.1/jakarta.inject-2.6.1.jar:/home/runner/.m2/repository/org/glassfish/jersey/core/jersey-common/2.33/jersey-common-2.33.jar:/home/runner/.m2/repository/jakarta/ws/rs/jakarta.ws.rs-api/2.1.6/jakarta.ws.rs-api-2.1.6.jar:/home/runner/.m2/repository/org/glassfish/jersey/ext/cdi/jersey-cdi1x/2.33/jersey-cdi1x-2.33.jar:/home/runner/.m2/repository/org/glassfish/jersey/inject/jersey-hk2/2.33/jersey-hk2-2.33.jar:/home/runner/.m2/repository/org/glassfish/hk2/hk2-locator/2.6.1/hk2-locator-2.6.1.jar:/home/runner/.m2/repository/org/glassfish/jersey/media/jersey-media-jaxb/2.33/jersey-media-jaxb-2.33.jar:/home/runner/.m2/repository/org/glassfish/hk2/osgi-resource-locator/1.0.3/osgi-resource-locator-1.0.3.jar:/home/runner/.m2/repository/org/glassfish/hk2/hk2-api/2.5.0/hk2-api-2.5.0.jar:/home/runner/.m2/repository/org/glassfish/hk2/hk2-utils/2.5.0/hk2-utils-2.5.0.jar:/home/runner/.m2/repository/org/glassfish/hk2/external/aopalliance-repackaged/2.5.0/aopalliance-repackaged-2.5.0.jar:/home/runner/.m2/repository/com/fasterxml/jackson/dataformat/jackson-dataformat-xml/2.12.1/jackson-dataformat-xml-2.12.1.jar:/home/runner/.m2/repository/com/fasterxml/jackson/core/jackson-core/2.12.1/jackson-core-2.12.1.jar:/home/runner/.m2/repository/com/fasterxml/jackson/module/jackson-module-jaxb-annotations/2.12.1/jackson-module-jaxb-annotations-2.12.1.jar:/home/runner/.m2/repository/jakarta/xml/bind/jakarta.xml.bind-api/2.3.2/jakarta.xml.bind-api-2.3.2.jar:/home/runner/.m2/repository/org/codehaus/woodstox/stax2-api/3.1.4/stax2-api-3.1.4.jar:/home/runner/.m2/repository/com/fasterxml/woodstox/woodstox-core/5.0.3/woodstox-core-5.0.3.jar:/home/runner/.m2/repository/javax/enterprise/cdi-api/1.2/cdi-api-1.2.jar:/home/runner/.m2/repository/javax/el/javax.el-api/3.0.0/javax.el-api-3.0.0.jar:/home/runner/.m2/repository/javax/interceptor/javax.interceptor-api/1.2/javax.interceptor-api-1.2.jar:/home/runner/.m2/repository/javax/inject/javax.inject/1/javax.inject-1.jar:/home/runner/.m2/repository/javax/xml/bind/jaxb-api/2.3.0/jaxb-api-2.3.0.jar:/home/runner/.m2/repository/org/glassfish/jaxb/jaxb-runtime/2.3.0.1/jaxb-runtime-2.3.0.1.jar:/home/runner/.m2/repository/org/glassfish/jaxb/jaxb-core/2.3.0.1/jaxb-core-2.3.0.1.jar:/home/runner/.m2/repository/org/glassfish/jaxb/txw2/2.3.0.1/txw2-2.3.0.1.jar:/home/runner/.m2/repository/com/sun/istack/istack-commons-runtime/3.0.5/istack-commons-runtime-3.0.5.jar:/home/runner/.m2/repository/org/jvnet/staxex/stax-ex/1.7.8/stax-ex-1.7.8.jar:/home/runner/.m2/repository/com/sun/xml/fastinfoset/FastInfoset/1.2.13/FastInfoset-1.2.13.jar:/home/runner/.m2/repository/javax/activation/activation/1.1.1/activation-1.1.1.jar:/home/runner/.m2/repository/org/apache/ozone/ozone-csi/1.3.0-SNAPSHOT/ozone-csi-1.3.0-SNAPSHOT.jar:/home/runner/.m2/repository/com/google/protobuf/protobuf-java-util/3.12.0/protobuf-java-util-3.12.0.jar:/home/runner/.m2/repository/com/google/code/gson/gson/2.2.4/gson-2.2.4.jar:/home/runner/.m2/repository/org/apache/ozone/hdds-config/1.3.0-SNAPSHOT/hdds-config-1.3.0-SNAPSHOT.jar:/home/runner/.m2/repository/io/grpc/grpc-netty/1.33.0/grpc-netty-1.33.0.jar:/home/runner/.m2/repository/io/grpc/grpc-core/1.33.0/grpc-core-1.33.0.jar:/home/runner/.m2/repository/com/google/android/annotations/4.1.1.4/annotations-4.1.1.4.jar:/home/runner/.m2/repository/io/netty/netty-codec-http2/4.1.63.Final/netty-codec-http2-4.1.63.Final.jar:/home/runner/.m2/repository/io/netty/netty-codec-http/4.1.63.Final/netty-codec-http-4.1.63.Final.jar:/home/runner/.m2/repository/io/netty/netty-handler-proxy/4.1.63.Final/netty-handler-proxy-4.1.63.Final.jar:/home/runner/.m2/repository/io/netty/netty-codec-socks/4.1.63.Final/netty-codec-socks-4.1.63.Final.jar:/home/runner/.m2/repository/io/perfmark/perfmark-api/0.19.0/perfmark-api-0.19.0.jar:/home/runner/.m2/repository/org/codehaus/mojo/animal-sniffer-annotations/1.18/animal-sniffer-annotations-1.18.jar:/home/runner/.m2/repository/io/netty/netty-transport-native-epoll/4.1.63.Final/netty-transport-native-epoll-4.1.63.Final.jar:/home/runner/.m2/repository/io/netty/netty-common/4.1.63.Final/netty-common-4.1.63.Final.jar:/home/runner/.m2/repository/io/netty/netty-buffer/4.1.63.Final/netty-buffer-4.1.63.Final.jar:/home/runner/.m2/repository/io/netty/netty-transport-native-unix-common/4.1.63.Final/netty-transport-native-unix-common-4.1.63.Final.jar:/home/runner/.m2/repository/io/grpc/grpc-protobuf/1.33.0/grpc-protobuf-1.33.0.jar:/home/runner/.m2/repository/io/grpc/grpc-api/1.33.0/grpc-api-1.33.0.jar:/home/runner/.m2/repository/io/grpc/grpc-context/1.33.0/grpc-context-1.33.0.jar:/home/runner/.m2/repository/com/google/api/grpc/proto-google-common-protos/1.17.0/proto-google-common-protos-1.17.0.jar:/home/runner/.m2/repository/io/grpc/grpc-protobuf-lite/1.33.0/grpc-protobuf-lite-1.33.0.jar:/home/runner/.m2/repository/io/grpc/grpc-stub/1.33.0/grpc-stub-1.33.0.jar:/home/runner/.m2/repository/org/apache/ozone/ozone-recon/1.3.0-SNAPSHOT/ozone-recon-1.3.0-SNAPSHOT.jar:/home/runner/.m2/repository/org/apache/ozone/ozone-reconcodegen/1.3.0-SNAPSHOT/ozone-reconcodegen-1.3.0-SNAPSHOT.jar:/home/runner/.m2/repository/com/google/inject/extensions/guice-multibindings/4.0/guice-multibindings-4.0.jar:/home/runner/.m2/repository/com/google/inject/guice/4.0/guice-4.0.jar:/home/runner/.m2/repository/aopalliance/aopalliance/1.0/aopalliance-1.0.jar:/home/runner/.m2/repository/com/google/inject/extensions/guice-assistedinject/4.0/guice-assistedinject-4.0.jar:/home/runner/.m2/repository/com/google/inject/extensions/guice-servlet/4.0/guice-servlet-4.0.jar:/home/runner/.m2/repository/org/glassfish/jersey/containers/jersey-container-servlet/2.33/jersey-container-servlet-2.33.jar:/home/runner/.m2/repository/org/glassfish/hk2/guice-bridge/2.5.0/guice-bridge-2.5.0.jar:/home/runner/.m2/repository/org/glassfish/jersey/core/jersey-server/2.33/jersey-server-2.33.jar:/home/runner/.m2/repository/org/glassfish/jersey/core/jersey-client/2.33/jersey-client-2.33.jar:/home/runner/.m2/repository/jakarta/annotation/jakarta.annotation-api/1.3.5/jakarta.annotation-api-1.3.5.jar:/home/runner/.m2/repository/jakarta/validation/jakarta.validation-api/2.0.2/jakarta.validation-api-2.0.2.jar:/home/runner/.m2/repository/org/glassfish/jersey/media/jersey-media-json-jackson/2.33/jersey-media-json-jackson-2.33.jar:/home/runner/.m2/repository/org/glassfish/jersey/ext/jersey-entity-filtering/2.33/jersey-entity-filtering-2.33.jar:/home/runner/.m2/repository/org/jooq/jooq/3.11.10/jooq-3.11.10.jar:/home/runner/.m2/repository/org/jooq/jooq-meta/3.11.10/jooq-meta-3.11.10.jar:/home/runner/.m2/repository/org/jooq/jooq-codegen/3.11.10/jooq-codegen-3.11.10.jar:/home/runner/.m2/repository/com/jolbox/bonecp/0.8.0.RELEASE/bonecp-0.8.0.RELEASE.jar:/home/runner/.m2/repository/org/apache/derby/derby/10.14.2.0/derby-10.14.2.0.jar:/home/runner/.m2/repository/org/xerial/sqlite-jdbc/3.25.2/sqlite-jdbc-3.25.2.jar:/home/runner/.m2/repository/org/springframework/spring-jdbc/5.2.18.RELEASE/spring-jdbc-5.2.18.RELEASE.jar:/home/runner/.m2/repository/org/springframework/spring-beans/5.2.18.RELEASE/spring-beans-5.2.18.RELEASE.jar:/home/runner/.m2/repository/org/springframework/spring-core/5.2.18.RELEASE/spring-core-5.2.18.RELEASE.jar:/home/runner/.m2/repository/org/springframework/spring-jcl/5.2.18.RELEASE/spring-jcl-5.2.18.RELEASE.jar:/home/runner/.m2/repository/org/springframework/spring-tx/5.2.18.RELEASE/spring-tx-5.2.18.RELEASE.jar:/home/runner/.m2/repository/org/apache/ozone/ozone-client/1.3.0-SNAPSHOT/ozone-client-1.3.0-SNAPSHOT.jar:/home/runner/.m2/repository/org/apache/ozone/ozone-filesystem/1.3.0-SNAPSHOT/ozone-filesystem-1.3.0-SNAPSHOT.jar:/home/runner/.m2/repository/org/apache/ozone/ozone-filesystem-common/1.3.0-SNAPSHOT/ozone-filesystem-common-1.3.0-SNAPSHOT.jar:/home/runner/.m2/repository/org/apache/ozone/ozone-tools/1.3.0-SNAPSHOT/ozone-tools-1.3.0-SNAPSHOT.jar:/home/runner/.m2/repository/org/apache/ratis/ratis-tools/2.2.0/ratis-tools-2.2.0.jar:/home/runner/.m2/repository/com/amazonaws/aws-java-sdk-core/1.12.124/aws-java-sdk-core-1.12.124.jar:/home/runner/.m2/repository/org/apache/httpcomponents/httpclient/4.5.13/httpclient-4.5.13.jar:/home/runner/.m2/repository/org/apache/httpcomponents/httpcore/4.4.13/httpcore-4.4.13.jar:/home/runner/.m2/repository/software/amazon/ion/ion-java/1.0.2/ion-java-1.0.2.jar:/home/runner/.m2/repository/com/fasterxml/jackson/dataformat/jackson-dataformat-cbor/2.12.1/jackson-dataformat-cbor-2.12.1.jar:/home/runner/.m2/repository/joda-time/joda-time/2.8.1/joda-time-2.8.1.jar:/home/runner/.m2/repository/com/amazonaws/aws-java-sdk-s3/1.12.124/aws-java-sdk-s3-1.12.124.jar:/home/runner/.m2/repository/com/amazonaws/aws-java-sdk-kms/1.12.124/aws-java-sdk-kms-1.12.124.jar:/home/runner/.m2/repository/com/amazonaws/jmespath-java/1.12.124/jmespath-java-1.12.124.jar:/home/runner/.m2/repository/org/kohsuke/metainf-services/metainf-services/1.8/metainf-services-1.8.jar:/home/runner/.m2/repository/org/apache/ozone/hdds-tools/1.3.0-SNAPSHOT/hdds-tools-1.3.0-SNAPSHOT.jar:/home/runner/.m2/repository/commons-cli/commons-cli/1.2/commons-cli-1.2.jar:/home/runner/.m2/repository/org/apache/commons/commons-lang3/3.7/commons-lang3-3.7.jar:/home/runner/.m2/repository/org/apache/ozone/ozone-manager/1.3.0-SNAPSHOT/ozone-manager-1.3.0-SNAPSHOT-tests.jar:/home/runner/.m2/repository/org/apache/ozone/hdds-common/1.3.0-SNAPSHOT/hdds-common-1.3.0-SNAPSHOT-tests.jar:/home/runner/.m2/repository/org/apache/ozone/hdds-hadoop-dependency-client/1.3.0-SNAPSHOT/hdds-hadoop-dependency-client-1.3.0-SNAPSHOT.jar:/home/runner/.m2/repository/info/picocli/picocli/4.6.1/picocli-4.6.1.jar:/home/runner/.m2/repository/com/fasterxml/jackson/core/jackson-annotations/2.12.1/jackson-annotations-2.12.1.jar:/home/runner/.m2/repository/javax/annotation/javax.annotation-api/1.2/javax.annotation-api-1.2.jar:/home/runner/.m2/repository/org/apache/ratis/ratis-server/2.2.0/ratis-server-2.2.0.jar:/home/runner/.m2/repository/org/apache/ratis/ratis-client/2.2.0/ratis-client-2.2.0.jar:/home/runner/.m2/repository/org/apache/ratis/ratis-server-api/2.2.0/ratis-server-api-2.2.0.jar:/home/runner/.m2/repository/org/apache/ratis/ratis-metrics/2.2.0/ratis-metrics-2.2.0.jar:/home/runner/.m2/repository/org/apache/ratis/ratis-netty/2.2.0/ratis-netty-2.2.0.jar:/home/runner/.m2/repository/org/apache/ratis/ratis-grpc/2.2.0/ratis-grpc-2.2.0.jar:/home/runner/.m2/repository/org/apache/logging/log4j/log4j-api/2.17.0/log4j-api-2.17.0.jar:/home/runner/.m2/repository/org/apache/logging/log4j/log4j-core/2.17.0/log4j-core-2.17.0.jar:/home/runner/.m2/repository/com/lmax/disruptor/3.4.2/disruptor-3.4.2.jar:/home/runner/.m2/repository/org/apache/commons/commons-pool2/2.6.0/commons-pool2-2.6.0.jar:/home/runner/.m2/repository/org/bouncycastle/bcpkix-jdk15on/1.67/bcpkix-jdk15on-1.67.jar:/home/runner/.m2/repository/commons-validator/commons-validator/1.6/commons-validator-1.6.jar:/home/runner/.m2/repository/commons-beanutils/commons-beanutils/1.9.4/commons-beanutils-1.9.4.jar:/home/runner/.m2/repository/commons-digester/commons-digester/1.8.1/commons-digester-1.8.1.jar:/home/runner/.m2/repository/commons-collections/commons-collections/3.2.2/commons-collections-3.2.2.jar:/home/runner/.m2/repository/io/jaegertracing/jaeger-client/1.6.0/jaeger-client-1.6.0.jar:/home/runner/.m2/repository/io/jaegertracing/jaeger-thrift/1.6.0/jaeger-thrift-1.6.0.jar:/home/runner/.m2/repository/org/apache/thrift/libthrift/0.14.1/libthrift-0.14.1.jar:/home/runner/.m2/repository/com/squareup/okhttp3/okhttp/4.9.0/okhttp-4.9.0.jar:/home/runner/.m2/repository/com/squareup/okio/okio/2.8.0/okio-2.8.0.jar:/home/runner/.m2/repository/io/jaegertracing/jaeger-core/1.6.0/jaeger-core-1.6.0.jar:/home/runner/.m2/repository/io/jaegertracing/jaeger-tracerresolver/1.6.0/jaeger-tracerresolver-1.6.0.jar:/home/runner/.m2/repository/io/opentracing/contrib/opentracing-tracerresolver/0.1.8/opentracing-tracerresolver-0.1.8.jar:/home/runner/.m2/repository/org/jetbrains/kotlin/kotlin-stdlib/1.4.31/kotlin-stdlib-1.4.31.jar:/home/runner/.m2/repository/org/jetbrains/kotlin/kotlin-stdlib-common/1.4.31/kotlin-stdlib-common-1.4.31.jar:/home/runner/.m2/repository/org/jetbrains/annotations/13.0/annotations-13.0.jar:/home/runner/.m2/repository/io/opentracing/opentracing-util/0.33.0/opentracing-util-0.33.0.jar:/home/runner/.m2/repository/io/opentracing/opentracing-api/0.33.0/opentracing-api-0.33.0.jar:/home/runner/.m2/repository/io/opentracing/opentracing-noop/0.33.0/opentracing-noop-0.33.0.jar:/home/runner/.m2/repository/org/yaml/snakeyaml/1.26/snakeyaml-1.26.jar:/home/runner/.m2/repository/org/apache/ozone/hdds-interface-admin/1.3.0-SNAPSHOT/hdds-interface-admin-1.3.0-SNAPSHOT.jar:/home/runner/.m2/repository/junit/junit/4.13.1/junit-4.13.1.jar:/home/runner/.m2/repository/org/hamcrest/hamcrest-core/1.3/hamcrest-core-1.3.jar:/home/runner/.m2/repository/org/junit/jupiter/junit-jupiter-api/5.7.0/junit-jupiter-api-5.7.0.jar:/home/runner/.m2/repository/org/apiguardian/apiguardian-api/1.1.0/apiguardian-api-1.1.0.jar:/home/runner/.m2/repository/org/opentest4j/opentest4j/1.2.0/opentest4j-1.2.0.jar:/home/runner/.m2/repository/org/junit/platform/junit-platform-commons/1.7.0/junit-platform-commons-1.7.0.jar:/home/runner/.m2/repository/org/junit/jupiter/junit-jupiter-engine/5.7.0/junit-jupiter-engine-5.7.0.jar:/home/runner/.m2/repository/org/junit/platform/junit-platform-engine/1.7.0/junit-platform-engine-1.7.0.jar:/home/runner/.m2/repository/org/junit/vintage/junit-vintage-engine/5.7.0/junit-vintage-engine-5.7.0.jar:/home/runner/.m2/repository/org/junit/platform/junit-platform-launcher/1.7.0/junit-platform-launcher-1.7.0.jar:/home/runner/.m2/repository/org/openjdk/jmh/jmh-core/1.19/jmh-core-1.19.jar:/home/runner/.m2/repository/net/sf/jopt-simple/jopt-simple/4.6/jopt-simple-4.6.jar:/home/runner/.m2/repository/org/apache/commons/commons-math3/3.1.1/commons-math3-3.1.1.jar:/home/runner/.m2/repository/org/openjdk/jmh/jmh-generator-annprocess/1.19/jmh-generator-annprocess-1.19.jar:/home/runner/.m2/repository/org/mockito/mockito-core/2.28.2/mockito-core-2.28.2.jar:/home/runner/.m2/repository/net/bytebuddy/byte-buddy/1.9.10/byte-buddy-1.9.10.jar:/home/runner/.m2/repository/net/bytebuddy/byte-buddy-agent/1.9.10/byte-buddy-agent-1.9.10.jar:/home/runner/.m2/repository/org/objenesis/objenesis/1.0/objenesis-1.0.jar:/home/runner/.m2/repository/org/apache/hadoop/hadoop-kms/3.3.1/hadoop-kms-3.3.1.jar:/home/runner/.m2/repository/org/apache/hadoop/hadoop-auth/3.3.1/hadoop-auth-3.3.1.jar:/home/runner/.m2/repository/com/nimbusds/nimbus-jose-jwt/7.9/nimbus-jose-jwt-7.9.jar:/home/runner/.m2/repository/com/github/stephenc/jcip/jcip-annotations/1.0-1/jcip-annotations-1.0-1.jar:/home/runner/.m2/repository/net/minidev/json-smart/2.3.1/json-smart-2.3.1.jar:/home/runner/.m2/repository/net/minidev/accessors-smart/2.3.1/accessors-smart-2.3.1.jar:/home/runner/.m2/repository/org/ow2/asm/asm/5.0.4/asm-5.0.4.jar:/home/runner/.m2/repository/org/apache/zookeeper/zookeeper/3.5.6/zookeeper-3.5.6.jar:/home/runner/.m2/repository/org/apache/zookeeper/zookeeper-jute/3.5.6/zookeeper-jute-3.5.6.jar:/home/runner/.m2/repository/org/apache/yetus/audience-annotations/0.5.0/audience-annotations-0.5.0.jar:/home/runner/.m2/repository/org/apache/curator/curator-framework/4.2.0/curator-framework-4.2.0.jar:/home/runner/.m2/repository/org/apache/hadoop/thirdparty/hadoop-shaded-guava/1.1.1/hadoop-shaded-guava-1.1.1.jar:/home/runner/.m2/repository/com/sun/jersey/jersey-core/1.19/jersey-core-1.19.jar:/home/runner/.m2/repository/javax/ws/rs/jsr311-api/1.1.1/jsr311-api-1.1.1.jar:/home/runner/.m2/repository/com/sun/jersey/jersey-server/1.19/jersey-server-1.19.jar:/home/runner/.m2/repository/javax/servlet/javax.servlet-api/3.1.0/javax.servlet-api-3.1.0.jar:/home/runner/.m2/repository/org/eclipse/jetty/jetty-server/9.4.43.v20210629/jetty-server-9.4.43.v20210629.jar:/home/runner/.m2/repository/org/eclipse/jetty/jetty-http/9.4.43.v20210629/jetty-http-9.4.43.v20210629.jar:/home/runner/.m2/repository/org/eclipse/jetty/jetty-io/9.4.43.v20210629/jetty-io-9.4.43.v20210629.jar:/home/runner/.m2/repository/org/eclipse/jetty/jetty-webapp/9.4.43.v20210629/jetty-webapp-9.4.43.v20210629.jar:/home/runner/.m2/repository/org/eclipse/jetty/jetty-xml/9.4.43.v20210629/jetty-xml-9.4.43.v20210629.jar:/home/runner/.m2/repository/org/apache/hadoop/hadoop-common/3.3.1/hadoop-common-3.3.1.jar:/home/runner/.m2/repository/commons-net/commons-net/3.6/commons-net-3.6.jar:/home/runner/.m2/repository/jakarta/activation/jakarta.activation-api/1.2.1/jakarta.activation-api-1.2.1.jar:/home/runner/.m2/repository/com/sun/jersey/jersey-servlet/1.19/jersey-servlet-1.19.jar:/home/runner/.m2/repository/com/sun/jersey/jersey-json/1.19/jersey-json-1.19.jar:/home/runner/.m2/repository/org/codehaus/jettison/jettison/1.1/jettison-1.1.jar:/home/runner/.m2/repository/com/sun/xml/bind/jaxb-impl/2.2.3-1/jaxb-impl-2.2.3-1.jar:/home/runner/.m2/repository/org/codehaus/jackson/jackson-jaxrs/1.9.2/jackson-jaxrs-1.9.2.jar:/home/runner/.m2/repository/org/codehaus/jackson/jackson-xc/1.9.2/jackson-xc-1.9.2.jar:/home/runner/.m2/repository/org/apache/commons/commons-configuration2/2.1.1/commons-configuration2-2.1.1.jar:/home/runner/.m2/repository/org/apache/commons/commons-text/1.4/commons-text-1.4.jar:/home/runner/.m2/repository/com/google/re2j/re2j/1.1/re2j-1.1.jar:/home/runner/.m2/repository/com/jcraft/jsch/0.1.54/jsch-0.1.54.jar:/home/runner/.m2/repository/org/apache/curator/curator-client/4.2.0/curator-client-4.2.0.jar:/home/runner/.m2/repository/org/apache/curator/curator-recipes/4.2.0/curator-recipes-4.2.0.jar:/home/runner/.m2/repository/org/apache/kerby/kerb-core/1.0.1/kerb-core-1.0.1.jar:/home/runner/.m2/repository/org/apache/kerby/kerby-pkix/1.0.1/kerby-pkix-1.0.1.jar:/home/runner/.m2/repository/org/apache/kerby/kerby-asn1/1.0.1/kerby-asn1-1.0.1.jar:/home/runner/.m2/repository/org/apache/kerby/kerby-util/1.0.1/kerby-util-1.0.1.jar:/home/runner/.m2/repository/dnsjava/dnsjava/2.1.7/dnsjava-2.1.7.jar:/home/runner/.m2/repository/org/xerial/snappy/snappy-java/1.1.8.2/snappy-java-1.1.8.2.jar:/home/runner/.m2/repository/org/slf4j/jul-to-slf4j/1.7.30/jul-to-slf4j-1.7.30.jar:/home/runner/.m2/repository/org/eclipse/jetty/jetty-util/9.4.43.v20210629/jetty-util-9.4.43.v20210629.jar:/home/runner/.m2/repository/com/fasterxml/jackson/core/jackson-databind/2.12.1/jackson-databind-2.12.1.jar:/home/runner/.m2/repository/org/apache/hadoop/hadoop-kms/3.3.1/hadoop-kms-3.3.1-tests.jar:/home/runner/.m2/repository/org/apache/ozone/hdds-server-scm/1.3.0-SNAPSHOT/hdds-server-scm-1.3.0-SNAPSHOT-tests.jar:/home/runner/.m2/repository/org/apache/ozone/hdds-container-service/1.3.0-SNAPSHOT/hdds-container-service-1.3.0-SNAPSHOT-tests.jar:/home/runner/.m2/repository/commons-codec/commons-codec/1.11/commons-codec-1.11.jar:/home/runner/.m2/repository/io/netty/netty-transport/4.1.63.Final/netty-transport-4.1.63.Final.jar:/home/runner/.m2/repository/io/netty/netty-resolver/4.1.63.Final/netty-resolver-4.1.63.Final.jar:/home/runner/.m2/repository/io/netty/netty-codec/4.1.63.Final/netty-codec-4.1.63.Final.jar:/home/runner/.m2/repository/io/netty/netty-handler/4.1.63.Final/netty-handler-4.1.63.Final.jar:/home/runner/.m2/repository/org/apache/ozone/hdds-hadoop-dependency-test/1.3.0-SNAPSHOT/hdds-hadoop-dependency-test-1.3.0-SNAPSHOT.jar:/home/runner/.m2/repository/org/apache/hadoop/hadoop-common/3.3.1/hadoop-common-3.3.1-tests.jar:/home/runner/.m2/repository/org/assertj/assertj-core/3.12.2/assertj-core-3.12.2.jar:/home/runner/.m2/repository/org/apache/hadoop/hadoop-hdfs/3.3.1/hadoop-hdfs-3.3.1-tests.jar:/home/runner/.m2/repository/org/eclipse/jetty/jetty-util-ajax/9.4.43.v20210629/jetty-util-ajax-9.4.43.v20210629.jar:/home/runner/.m2/repository/commons-daemon/commons-daemon/1.0.13/commons-daemon-1.0.13.jar:/home/runner/.m2/repository/io/netty/netty/3.10.6.Final/netty-3.10.6.Final.jar:/home/runner/.m2/repository/io/netty/netty-all/4.1.63.Final/netty-all-4.1.63.Final.jar:/home/runner/.m2/repository/org/apache/htrace/htrace-core4/4.1.0-incubating/htrace-core4-4.1.0-incubating.jar:/home/runner/.m2/repository/org/fusesource/leveldbjni/leveldbjni-all/1.8/leveldbjni-all-1.8.jar:/home/runner/.m2/repository/org/apache/hadoop/hadoop-distcp/3.3.1/hadoop-distcp-3.3.1.jar:/home/runner/.m2/repository/org/apache/hadoop/hadoop-mapreduce-client-jobclient/3.3.1/hadoop-mapreduce-client-jobclient-3.3.1.jar:/home/runner/.m2/repository/org/apache/hadoop/hadoop-mapreduce-client-common/3.3.1/hadoop-mapreduce-client-common-3.3.1.jar:/home/runner/.m2/repository/org/apache/hadoop/hadoop-yarn-common/3.3.1/hadoop-yarn-common-3.3.1.jar:/home/runner/.m2/repository/org/apache/hadoop/hadoop-yarn-api/3.3.1/hadoop-yarn-api-3.3.1.jar:/home/runner/.m2/repository/com/sun/jersey/jersey-client/1.19/jersey-client-1.19.jar:/home/runner/.m2/repository/com/sun/jersey/contribs/jersey-guice/1.19/jersey-guice-1.19.jar:/home/runner/.m2/repository/com/fasterxml/jackson/jaxrs/jackson-jaxrs-json-provider/2.12.1/jackson-jaxrs-json-provider-2.12.1.jar:/home/runner/.m2/repository/com/fasterxml/jackson/jaxrs/jackson-jaxrs-base/2.12.1/jackson-jaxrs-base-2.12.1.jar:/home/runner/.m2/repository/org/apache/hadoop/hadoop-yarn-client/3.3.1/hadoop-yarn-client-3.3.1.jar:/home/runner/.m2/repository/org/eclipse/jetty/websocket/websocket-client/9.4.40.v20210413/websocket-client-9.4.40.v20210413.jar:/home/runner/.m2/repository/org/eclipse/jetty/jetty-client/9.4.40.v20210413/jetty-client-9.4.40.v20210413.jar:/home/runner/.m2/repository/org/eclipse/jetty/websocket/websocket-common/9.4.40.v20210413/websocket-common-9.4.40.v20210413.jar:/home/runner/.m2/repository/org/eclipse/jetty/websocket/websocket-api/9.4.40.v20210413/websocket-api-9.4.40.v20210413.jar:/home/runner/.m2/repository/org/jline/jline/3.9.0/jline-3.9.0.jar:/home/runner/.m2/repository/org/apache/hadoop/hadoop-mapreduce-client-core/3.3.1/hadoop-mapreduce-client-core-3.3.1.jar:/home/runner/.m2/repository/org/apache/avro/avro/1.7.7/avro-1.7.7.jar:/home/runner/.m2/repository/org/codehaus/jackson/jackson-core-asl/1.9.13/jackson-core-asl-1.9.13.jar:/home/runner/.m2/repository/org/codehaus/jackson/jackson-mapper-asl/1.9.13/jackson-mapper-asl-1.9.13.jar:/home/runner/.m2/repository/com/thoughtworks/paranamer/paranamer/2.3/paranamer-2.3.jar:/home/runner/.m2/repository/org/apache/hadoop/hadoop-annotations/3.3.1/hadoop-annotations-3.3.1.jar:/usr/lib/jvm/adoptopenjdk-8-hotspot-amd64/jre/../lib/tools.jar:/home/runner/.m2/repository/org/apache/hadoop/hadoop-distcp/3.3.1/hadoop-distcp-3.3.1-tests.jar:/home/runner/.m2/repository/org/apache/ratis/ratis-common/2.2.0/ratis-common-2.2.0.jar:/home/runner/.m2/repository/org/apache/ratis/ratis-thirdparty-misc/0.7.0/ratis-thirdparty-misc-0.7.0.jar:/home/runner/.m2/repository/org/apache/ratis/ratis-proto/2.2.0/ratis-proto-2.2.0.jar:"/>
    <property name="sun.cpu.endian" value="little"/>
    <property name="user.home" value="/home/runner"/>
    <property name="user.language" value="en"/>
    <property name="java.specification.vendor" value="Oracle Corporation"/>
    <property name="java.home" value="/usr/lib/jvm/adoptopenjdk-8-hotspot-amd64/jre"/>
    <property name="java.security.krb5.conf" value="/home/runner/work/ozone/ozone/hadoop-ozone/integration-test/target/test-classes/krb5.conf"/>
    <property name="basedir" value="/home/runner/work/ozone/ozone/hadoop-ozone/integration-test"/>
    <property name="file.separator" value="/"/>
    <property name="line.separator" value="&#10;"/>
    <property name="java.vm.specification.vendor" value="Oracle Corporation"/>
    <property name="java.specification.name" value="Java Platform API Specification"/>
    <property name="java.awt.graphicsenv" value="sun.awt.X11GraphicsEnvironment"/>
    <property name="skip.installnpx" value="true"/>
    <property name="surefire.real.class.path" value="/home/runner/work/ozone/ozone/hadoop-ozone/integration-test/target/surefire/surefirebooter8928890536184257758.jar:/home/runner/.m2/repository/org/jacoco/org.jacoco.agent/0.8.5/org.jacoco.agent-0.8.5-runtime.jar"/>
    <property name="hadoop.log.dir" value="/home/runner/work/ozone/ozone/hadoop-ozone/integration-test/target/log"/>
    <property name="sun.boot.class.path" value="/usr/lib/jvm/adoptopenjdk-8-hotspot-amd64/jre/lib/resources.jar:/usr/lib/jvm/adoptopenjdk-8-hotspot-amd64/jre/lib/rt.jar:/usr/lib/jvm/adoptopenjdk-8-hotspot-amd64/jre/lib/sunrsasign.jar:/usr/lib/jvm/adoptopenjdk-8-hotspot-amd64/jre/lib/jsse.jar:/usr/lib/jvm/adoptopenjdk-8-hotspot-amd64/jre/lib/jce.jar:/usr/lib/jvm/adoptopenjdk-8-hotspot-amd64/jre/lib/charsets.jar:/usr/lib/jvm/adoptopenjdk-8-hotspot-amd64/jre/lib/jfr.jar:/usr/lib/jvm/adoptopenjdk-8-hotspot-amd64/jre/classes"/>
    <property name="sun.management.compiler" value="HotSpot 64-Bit Tiered Compilers"/>
    <property name="skip.npx" value="true"/>
    <property name="java.runtime.version" value="1.8.0_292-b10"/>
    <property name="java.net.preferIPv4Stack" value="true"/>
    <property name="user.name" value="runner"/>
    <property name="path.separator" value=":"/>
    <property name="java.security.egd" value="file:///dev/urandom"/>
    <property name="os.version" value="5.4.0-1064-azure"/>
    <property name="java.endorsed.dirs" value="/usr/lib/jvm/adoptopenjdk-8-hotspot-amd64/jre/lib/endorsed"/>
    <property name="java.runtime.name" value="OpenJDK Runtime Environment"/>
    <property name="file.encoding" value="UTF-8"/>
    <property name="java.vm.name" value="OpenJDK 64-Bit Server VM"/>
    <property name="test.build.webapps" value=""/>
    <property name="localRepository" value="/home/runner/.m2/repository"/>
    <property name="java.vendor.url.bug" value="https://github.com/AdoptOpenJDK/openjdk-support/issues"/>
    <property name="java.io.tmpdir" value="/tmp"/>
    <property name="require.test.libhadoop" value=""/>
    <property name="java.version" value="1.8.0_292"/>
    <property name="user.dir" value="/home/runner/work/ozone/ozone/hadoop-ozone/integration-test"/>
    <property name="os.arch" value="amd64"/>
    <property name="java.vm.specification.name" value="Java Virtual Machine Specification"/>
    <property name="test.build.classes" value="/home/runner/work/ozone/ozone/hadoop-ozone/integration-test/target/test-classes"/>
    <property name="java.awt.printerjob" value="sun.print.PSPrinterJob"/>
    <property name="sun.os.patch.level" value="unknown"/>
    <property name="hadoop.tmp.dir" value="/home/runner/work/ozone/ozone/hadoop-ozone/integration-test/target/tmp"/>
    <property name="java.library.path" value="/usr/java/packages/lib/amd64:/usr/lib64:/lib64:/lib:/usr/lib"/>
    <property name="java.vm.info" value="mixed mode"/>
    <property name="java.vendor" value="AdoptOpenJDK"/>
    <property name="java.vm.version" value="25.292-b10"/>
    <property name="java.ext.dirs" value="/usr/lib/jvm/adoptopenjdk-8-hotspot-amd64/jre/lib/ext:/usr/java/packages/lib/ext"/>
    <property name="sun.io.unicode.encoding" value="UnicodeLittle"/>
    <property name="java.class.version" value="52.0"/>
  </properties>
  <testcase name="testGetKeyAndFileWithNetworkTopology" classname="org.apache.hadoop.ozone.client.rpc.TestOzoneRpcClientWithRatis" time="1.294"/>
  <testcase name="testAbortUploadFail" classname="org.apache.hadoop.ozone.client.rpc.TestOzoneRpcClientWithRatis" time="0.041"/>
  <testcase name="testAbortUploadFailWithInProgressPartUpload" classname="org.apache.hadoop.ozone.client.rpc.TestOzoneRpcClientWithRatis" time="0.145"/>
  <testcase name="testAbortUploadSuccessWithOutAnyParts" classname="org.apache.hadoop.ozone.client.rpc.TestOzoneRpcClientWithRatis" time="0.02"/>
  <testcase name="testAbortUploadSuccessWithParts" classname="org.apache.hadoop.ozone.client.rpc.TestOzoneRpcClientWithRatis" time="0.064"/>
  <testcase name="testAclsAfterCallingSetBucketProperty" classname="org.apache.hadoop.ozone.client.rpc.TestOzoneRpcClientWithRatis" time="0.035"/>
  <testcase name="testAddBucketAcl" classname="org.apache.hadoop.ozone.client.rpc.TestOzoneRpcClientWithRatis" time="0.022"/>
  <testcase name="testBucketUsedBytes" classname="org.apache.hadoop.ozone.client.rpc.TestOzoneRpcClientWithRatis" time="0.098"/>
  <testcase name="testBucketUsedNamespace" classname="org.apache.hadoop.ozone.client.rpc.TestOzoneRpcClientWithRatis" time="0.106"/>
  <testcase name="testCheckUsedBytesQuota" classname="org.apache.hadoop.ozone.client.rpc.TestOzoneRpcClientWithRatis" time="0.768"/>
  <testcase name="testCommitPartAfterCompleteUpload" classname="org.apache.hadoop.ozone.client.rpc.TestOzoneRpcClientWithRatis" time="0.337"/>
  <testcase name="testCreateBucket" classname="org.apache.hadoop.ozone.client.rpc.TestOzoneRpcClientWithRatis" time="0.013"/>
  <testcase name="testCreateBucketWithAcls" classname="org.apache.hadoop.ozone.client.rpc.TestOzoneRpcClientWithRatis" time="0.01"/>
  <testcase name="testCreateBucketWithAllArgument" classname="org.apache.hadoop.ozone.client.rpc.TestOzoneRpcClientWithRatis" time="0.011"/>
  <testcase name="testCreateBucketWithMetadata" classname="org.apache.hadoop.ozone.client.rpc.TestOzoneRpcClientWithRatis" time="0.01"/>
  <testcase name="testCreateBucketWithStorageType" classname="org.apache.hadoop.ozone.client.rpc.TestOzoneRpcClientWithRatis" time="0.01"/>
  <testcase name="testCreateBucketWithVersioning" classname="org.apache.hadoop.ozone.client.rpc.TestOzoneRpcClientWithRatis" time="0.015"/>
  <testcase name="testCreateS3Bucket" classname="org.apache.hadoop.ozone.client.rpc.TestOzoneRpcClientWithRatis" time="0.008"/>
  <testcase name="testCreateVolumeWithMetadata" classname="org.apache.hadoop.ozone.client.rpc.TestOzoneRpcClientWithRatis" time="0.005"/>
  <testcase name="testDefaultS3GVolumeExists" classname="org.apache.hadoop.ozone.client.rpc.TestOzoneRpcClientWithRatis" time="0.001"/>
  <testcase name="testDeleteBucket" classname="org.apache.hadoop.ozone.client.rpc.TestOzoneRpcClientWithRatis" time="0.041"/>
  <testcase name="testDeleteKey" classname="org.apache.hadoop.ozone.client.rpc.TestOzoneRpcClientWithRatis" time="0.051"/>
  <testcase name="testDeleteS3Bucket" classname="org.apache.hadoop.ozone.client.rpc.TestOzoneRpcClientWithRatis" time="0.017"/>
  <testcase name="testDeleteS3NonExistingBucket" classname="org.apache.hadoop.ozone.client.rpc.TestOzoneRpcClientWithRatis" time="0.004"/>
  <testcase name="testDeleteVolume" classname="org.apache.hadoop.ozone.client.rpc.TestOzoneRpcClientWithRatis" time="0.013"/>
  <testcase name="testDeletedKeyForGDPR" classname="org.apache.hadoop.ozone.client.rpc.TestOzoneRpcClientWithRatis" time="0.095"/>
  <testcase name="testGetKeyDetails" classname="org.apache.hadoop.ozone.client.rpc.TestOzoneRpcClientWithRatis" time="0.07"/>
  <testcase name="testHeadObject" classname="org.apache.hadoop.ozone.client.rpc.TestOzoneRpcClientWithRatis" time="0.074"/>
  <testcase name="testInitiateMultipartUploadWithDefaultReplication" classname="org.apache.hadoop.ozone.client.rpc.TestOzoneRpcClientWithRatis" time="0.017"/>
  <testcase name="testInitiateMultipartUploadWithReplicationInformationSet" classname="org.apache.hadoop.ozone.client.rpc.TestOzoneRpcClientWithRatis" time="0.016"/>
  <testcase name="testInvalidBucketCreation" classname="org.apache.hadoop.ozone.client.rpc.TestOzoneRpcClientWithRatis" time="0.007"/>
  <testcase name="testKeyReadWriteForGDPR" classname="org.apache.hadoop.ozone.client.rpc.TestOzoneRpcClientWithRatis" time="0.07"/>
  <testcase name="testKeysRename" classname="org.apache.hadoop.ozone.client.rpc.TestOzoneRpcClientWithRatis" time="0.077"/>
  <testcase name="testKeysRenameFail" classname="org.apache.hadoop.ozone.client.rpc.TestOzoneRpcClientWithRatis" time="0.042"/>
  <testcase name="testListBucket" classname="org.apache.hadoop.ozone.client.rpc.TestOzoneRpcClientWithRatis" time="0.216"/>
  <testcase name="testListBucketsOnEmptyVolume" classname="org.apache.hadoop.ozone.client.rpc.TestOzoneRpcClientWithRatis" time="0.005"/>
  <testcase name="testListKey" classname="org.apache.hadoop.ozone.client.rpc.TestOzoneRpcClientWithRatis" time="1.526"/>
  <testcase name="testListKeyOnEmptyBucket" classname="org.apache.hadoop.ozone.client.rpc.TestOzoneRpcClientWithRatis" time="0.01"/>
  <testcase name="testListMultipartUploadParts" classname="org.apache.hadoop.ozone.client.rpc.TestOzoneRpcClientWithRatis" time="0.251"/>
  <testcase name="testListMultipartUploadPartsWithContinuation" classname="org.apache.hadoop.ozone.client.rpc.TestOzoneRpcClientWithRatis" time="0.218"/>
  <testcase name="testListPartsInvalidMaxParts" classname="org.apache.hadoop.ozone.client.rpc.TestOzoneRpcClientWithRatis" time="0.007"/>
  <testcase name="testListPartsInvalidPartMarker" classname="org.apache.hadoop.ozone.client.rpc.TestOzoneRpcClientWithRatis" time="0.008"/>
  <testcase name="testListPartsWithInvalidUploadID" classname="org.apache.hadoop.ozone.client.rpc.TestOzoneRpcClientWithRatis" time="0.01"/>
  <testcase name="testListPartsWithPartMarkerGreaterThanPartCount" classname="org.apache.hadoop.ozone.client.rpc.TestOzoneRpcClientWithRatis" time="0.076"/>
  <testcase name="testListVolume" classname="org.apache.hadoop.ozone.client.rpc.TestOzoneRpcClientWithRatis" time="0.065"/>
  <testcase name="testMultipartUploadOverride" classname="org.apache.hadoop.ozone.client.rpc.TestOzoneRpcClientWithRatis" time="1.805"/>
  <testcase name="testMultipartUploadWithACL" classname="org.apache.hadoop.ozone.client.rpc.TestOzoneRpcClientWithRatis" time="0.843"/>
  <testcase name="testMultipartUploadWithMissingParts" classname="org.apache.hadoop.ozone.client.rpc.TestOzoneRpcClientWithRatis" time="0.027"/>
  <testcase name="testMultipartUploadWithPartsLessThanMinSize" classname="org.apache.hadoop.ozone.client.rpc.TestOzoneRpcClientWithRatis" time="0.046"/>
  <testcase name="testMultipartUploadWithPartsMisMatchWithIncorrectPartName" classname="org.apache.hadoop.ozone.client.rpc.TestOzoneRpcClientWithRatis" time="0.039"/>
  <testcase name="testMultipartUploadWithPartsMisMatchWithListSizeDifferent" classname="org.apache.hadoop.ozone.client.rpc.TestOzoneRpcClientWithRatis" time="0.015"/>
  <testcase name="testNativeAclsForBucket" classname="org.apache.hadoop.ozone.client.rpc.TestOzoneRpcClientWithRatis" time="0.095"/>
  <testcase name="testNativeAclsForKey" classname="org.apache.hadoop.ozone.client.rpc.TestOzoneRpcClientWithRatis" time="0.202"/>
  <testcase name="testNativeAclsForPrefix" classname="org.apache.hadoop.ozone.client.rpc.TestOzoneRpcClientWithRatis" time="0.103"/>
  <testcase name="testNativeAclsForVolume" classname="org.apache.hadoop.ozone.client.rpc.TestOzoneRpcClientWithRatis" time="0.068"/>
  <testcase name="testNoSuchUploadError" classname="org.apache.hadoop.ozone.client.rpc.TestOzoneRpcClientWithRatis" time="0.009"/>
  <testcase name="testOMClientProxyProvider" classname="org.apache.hadoop.ozone.client.rpc.TestOzoneRpcClientWithRatis" time="0.003"/>
  <testcase name="testOverWriteKeyWithAndWithOutVersioning" classname="org.apache.hadoop.ozone.client.rpc.TestOzoneRpcClientWithRatis" time="0.16"/>
  <testcase name="testPutKey" classname="org.apache.hadoop.ozone.client.rpc.TestOzoneRpcClientWithRatis" time="0.324"/>
  <testcase name="testPutKeyRatisOneNode" classname="org.apache.hadoop.ozone.client.rpc.TestOzoneRpcClientWithRatis" time="10.48"/>
  <testcase name="testPutKeyRatisThreeNodes" classname="org.apache.hadoop.ozone.client.rpc.TestOzoneRpcClientWithRatis" time="0.551"/>
  <testcase name="testPutKeyRatisThreeNodesParallel" classname="org.apache.hadoop.ozone.client.rpc.TestOzoneRpcClientWithRatis" time="7.554"/>
  <testcase name="testReadKeyWithCorruptedData" classname="org.apache.hadoop.ozone.client.rpc.TestOzoneRpcClientWithRatis" time="0.084"/>
  <testcase name="testReadKeyWithCorruptedDataWithMutiNodes" classname="org.apache.hadoop.ozone.client.rpc.TestOzoneRpcClientWithRatis" time="0.155"/>
  <testcase name="testReadKeyWithVerifyChecksumFlagDisable" classname="org.apache.hadoop.ozone.client.rpc.TestOzoneRpcClientWithRatis" time="0.067"/>
  <testcase name="testReadKeyWithVerifyChecksumFlagEnable" classname="org.apache.hadoop.ozone.client.rpc.TestOzoneRpcClientWithRatis" time="0.064"/>
  <testcase name="testRemoveBucketAcl" classname="org.apache.hadoop.ozone.client.rpc.TestOzoneRpcClientWithRatis" time="0.013"/>
  <testcase name="testRemoveBucketAclUsingRpcClientRemoveAcl" classname="org.apache.hadoop.ozone.client.rpc.TestOzoneRpcClientWithRatis" time="0.011"/>
  <testcase name="testRenameKey" classname="org.apache.hadoop.ozone.client.rpc.TestOzoneRpcClientWithRatis" time="0.039"/>
  <testcase name="testSetAndClrQuota" classname="org.apache.hadoop.ozone.client.rpc.TestOzoneRpcClientWithRatis" time="0.066"/>
  <testcase name="testSetBucketQuotaIllegal" classname="org.apache.hadoop.ozone.client.rpc.TestOzoneRpcClientWithRatis" time="0.021"/>
  <testcase name="testSetBucketStorageType" classname="org.apache.hadoop.ozone.client.rpc.TestOzoneRpcClientWithRatis" time="0.009"/>
  <testcase name="testSetBucketVersioning" classname="org.apache.hadoop.ozone.client.rpc.TestOzoneRpcClientWithRatis" time="0.011"/>
  <testcase name="testSetS3VolumeAcl" classname="org.apache.hadoop.ozone.client.rpc.TestOzoneRpcClientWithRatis" time="0.004"/>
  <testcase name="testSetVolumeQuota" classname="org.apache.hadoop.ozone.client.rpc.TestOzoneRpcClientWithRatis" time="0.009"/>
  <testcase name="testSetVolumeQuotaIllegal" classname="org.apache.hadoop.ozone.client.rpc.TestOzoneRpcClientWithRatis" time="0.008"/>
  <testcase name="testUploadPartOverrideWithRatis" classname="org.apache.hadoop.ozone.client.rpc.TestOzoneRpcClientWithRatis" time="0.08"/>
  <testcase name="testUploadPartOverrideWithStandAlone" classname="org.apache.hadoop.ozone.client.rpc.TestOzoneRpcClientWithRatis" time="0.032"/>
  <testcase name="testUploadPartWithNoOverride" classname="org.apache.hadoop.ozone.client.rpc.TestOzoneRpcClientWithRatis" time="0.035"/>
  <testcase name="testUsedBytesWithUploadPart" classname="org.apache.hadoop.ozone.client.rpc.TestOzoneRpcClientWithRatis" time="0.286"/>
  <testcase name="testValidateBlockLengthWithCommitKey" classname="org.apache.hadoop.ozone.client.rpc.TestOzoneRpcClientWithRatis" time="0.019"/>
  <testcase name="testVolumeSetOwner" classname="org.apache.hadoop.ozone.client.rpc.TestOzoneRpcClientWithRatis" time="0.009"/>
  <testcase name="testVolumeUsedNamespace" classname="org.apache.hadoop.ozone.client.rpc.TestOzoneRpcClientWithRatis" time="0.019"/>
  <testcase name="testZReadKeyWithUnhealthyContainerReplica" classname="org.apache.hadoop.ozone.client.rpc.TestOzoneRpcClientWithRatis" time="152.186">
    <error message="Timed out waiting for condition. Thread diagnostics:&#10;Timestamp: 2021-12-22 01:10:08,680&#10;&#10;&quot;qtp68500741-3322&quot; daemon prio=5 tid=3322 timed_waiting&#10;java.lang.Thread.State: TIMED_WAITING&#10;        at sun.misc.Unsafe.park(Native Method)&#10;        at java.util.concurrent.locks.LockSupport.parkNanos(LockSupport.java:215)&#10;        at java.util.concurrent.locks.AbstractQueuedSynchronizer$ConditionObject.awaitNanos(AbstractQueuedSynchronizer.java:2078)&#10;        at org.eclipse.jetty.util.BlockingArrayQueue.poll(BlockingArrayQueue.java:382)&#10;        at org.eclipse.jetty.util.thread.QueuedThreadPool$Runner.idleJobPoll(QueuedThreadPool.java:974)&#10;        at org.eclipse.jetty.util.thread.QueuedThreadPool$Runner.run(QueuedThreadPool.java:1018)&#10;        at java.lang.Thread.run(Thread.java:748)&#10;&quot;org.apache.ratis.util.JvmPauseMonitor$$Lambda$530/1855807713@207283b4&quot; daemon prio=5 tid=122 timed_waiting&#10;java.lang.Thread.State: TIMED_WAITING&#10;        at java.lang.Thread.sleep(Native Method)&#10;        at java.lang.Thread.sleep(Thread.java:340)&#10;        at java.util.concurrent.TimeUnit.sleep(TimeUnit.java:386)&#10;        at org.apache.ratis.util.TimeDuration.sleep(TimeDuration.java:324)&#10;        at org.apache.ratis.util.TimeDuration.sleep(TimeDuration.java:309)&#10;        at org.apache.ratis.util.JvmPauseMonitor.detectPause(JvmPauseMonitor.java:117)&#10;        at org.apache.ratis.util.JvmPauseMonitor.run(JvmPauseMonitor.java:106)&#10;        at org.apache.ratis.util.JvmPauseMonitor$$Lambda$530/1855807713.run(Unknown Source)&#10;        at java.lang.Thread.run(Thread.java:748)&#10;&quot;IPC Server handler 10 on default port 41881&quot; daemon prio=5 tid=83 timed_waiting&#10;java.lang.Thread.State: TIMED_WAITING&#10;        at sun.misc.Unsafe.park(Native Method)&#10;        at java.util.concurrent.locks.LockSupport.parkNanos(LockSupport.java:215)&#10;        at java.util.concurrent.locks.AbstractQueuedSynchronizer$ConditionObject.awaitNanos(AbstractQueuedSynchronizer.java:2078)&#10;        at java.util.concurrent.LinkedBlockingQueue.poll(LinkedBlockingQueue.java:467)&#10;        at org.apache.hadoop.ipc.CallQueueManager.take(CallQueueManager.java:317)&#10;        at org.apache.hadoop.ipc.Server$Handler.run(Server.java:2932)&#10;&quot;IPC Server handler 3 on default port 43391&quot; daemon prio=5 tid=56 timed_waiting&#10;java.lang.Thread.State: TIMED_WAITING&#10;        at sun.misc.Unsafe.park(Native Method)&#10;        at java.util.concurrent.locks.LockSupport.parkNanos(LockSupport.java:215)&#10;        at java.util.concurrent.locks.AbstractQueuedSynchronizer$ConditionObject.awaitNanos(AbstractQueuedSynchronizer.java:2078)&#10;        at java.util.concurrent.LinkedBlockingQueue.poll(LinkedBlockingQueue.java:467)&#10;        at org.apache.hadoop.ipc.CallQueueManager.take(CallQueueManager.java:317)&#10;        at org.apache.hadoop.ipc.Server$Handler.run(Server.java:2932)&#10;&quot;IPC Server handler 18 on default port 43391&quot; daemon prio=5 tid=71 timed_waiting&#10;java.lang.Thread.State: TIMED_WAITING&#10;        at sun.misc.Unsafe.park(Native Method)&#10;        at java.util.concurrent.locks.LockSupport.parkNanos(LockSupport.java:215)&#10;        at java.util.concurrent.locks.AbstractQueuedSynchronizer$ConditionObject.awaitNanos(AbstractQueuedSynchronizer.java:2078)&#10;        at java.util.concurrent.LinkedBlockingQueue.poll(LinkedBlockingQueue.java:467)&#10;        at org.apache.hadoop.ipc.CallQueueManager.take(CallQueueManager.java:317)&#10;        at org.apache.hadoop.ipc.Server$Handler.run(Server.java:2932)&#10;&quot;grpc-default-worker-ELG-3-2&quot; daemon prio=5 tid=281 runnable&#10;java.lang.Thread.State: RUNNABLE&#10;        at org.apache.ratis.thirdparty.io.netty.channel.epoll.Native.epollWait0(Native Method)&#10;        at org.apache.ratis.thirdparty.io.netty.channel.epoll.Native.epollWait(Native.java:161)&#10;        at org.apache.ratis.thirdparty.io.netty.channel.epoll.EpollEventLoop.epollWait(EpollEventLoop.java:286)&#10;        at org.apache.ratis.thirdparty.io.netty.channel.epoll.EpollEventLoop.run(EpollEventLoop.java:351)&#10;        at org.apache.ratis.thirdparty.io.netty.util.concurrent.SingleThreadEventExecutor$4.run(SingleThreadEventExecutor.java:989)&#10;        at org.apache.ratis.thirdparty.io.netty.util.internal.ThreadExecutorMap$2.run(ThreadExecutorMap.java:74)&#10;        at org.apache.ratis.thirdparty.io.netty.util.concurrent.FastThreadLocalRunnable.run(FastThreadLocalRunnable.java:30)&#10;        at java.lang.Thread.run(Thread.java:748)&#10;&quot;qtp1470711088-128-acceptor-0@2fd9e83c-ServerConnector@5331be15{HTTP/1.1, (http/1.1)}{0.0.0.0:46113}&quot; daemon prio=3 tid=128 runnable&#10;java.lang.Thread.State: RUNNABLE&#10;        at sun.nio.ch.ServerSocketChannelImpl.accept0(Native Method)&#10;        at sun.nio.ch.ServerSocketChannelImpl.accept(ServerSocketChannelImpl.java:421)&#10;        at sun.nio.ch.ServerSocketChannelImpl.accept(ServerSocketChannelImpl.java:249)&#10;        at org.eclipse.jetty.server.ServerConnector.accept(ServerConnector.java:388)&#10;        at org.eclipse.jetty.server.AbstractConnector$Acceptor.run(AbstractConnector.java:702)&#10;        at org.eclipse.jetty.util.thread.QueuedThreadPool.runJob(QueuedThreadPool.java:883)&#10;        at org.eclipse.jetty.util.thread.QueuedThreadPool$Runner.run(QueuedThreadPool.java:1034)&#10;        at java.lang.Thread.run(Thread.java:748)&#10;&quot;Socket Reader #1 for port 0&quot;  prio=5 tid=28 runnable&#10;java.lang.Thread.State: RUNNABLE&#10;        at sun.nio.ch.EPollArrayWrapper.epollWait(Native Method)&#10;        at sun.nio.ch.EPollArrayWrapper.poll(EPollArrayWrapper.java:269)&#10;        at sun.nio.ch.EPollSelectorImpl.doSelect(EPollSelectorImpl.java:93)&#10;        at sun.nio.ch.SelectorImpl.lockAndDoSelect(SelectorImpl.java:86)&#10;        at sun.nio.ch.SelectorImpl.select(SelectorImpl.java:97)&#10;        at sun.nio.ch.SelectorImpl.select(SelectorImpl.java:101)&#10;        at org.apache.hadoop.ipc.Server$Listener$Reader.doRunLoop(Server.java:1288)&#10;        at org.apache.hadoop.ipc.Server$Listener$Reader.run(Server.java:1267)&#10;&quot;ReplicationMonitor&quot; daemon prio=5 tid=16 timed_waiting&#10;java.lang.Thread.State: TIMED_WAITING&#10;        at java.lang.Object.wait(Native Method)&#10;        at org.apache.hadoop.hdds.scm.container.ReplicationManager.run(ReplicationManager.java:384)&#10;        at org.apache.hadoop.hdds.scm.container.ReplicationManager$$Lambda$238/51101315.run(Unknown Source)&#10;        at java.lang.Thread.run(Thread.java:748)&#10;&quot;process reaper&quot; daemon prio=10 tid=11 timed_waiting&#10;java.lang.Thread.State: TIMED_WAITING&#10;        at sun.misc.Unsafe.park(Native Method)&#10;        at java.util.concurrent.locks.LockSupport.parkNanos(LockSupport.java:215)&#10;        at java.util.concurrent.SynchronousQueue$TransferStack.awaitFulfill(SynchronousQueue.java:460)&#10;        at java.util.concurrent.SynchronousQueue$TransferStack.transfer(SynchronousQueue.java:362)&#10;        at java.util.concurrent.SynchronousQueue.poll(SynchronousQueue.java:941)&#10;        at java.util.concurrent.ThreadPoolExecutor.getTask(ThreadPoolExecutor.java:1073)&#10;        at java.util.concurrent.ThreadPoolExecutor.runWorker(ThreadPoolExecutor.java:1134)&#10;        at java.util.concurrent.ThreadPoolExecutor$Worker.run(ThreadPoolExecutor.java:624)&#10;        at java.lang.Thread.run(Thread.java:748)&#10;&quot;IPC Server handler 19 on default port 43391&quot; daemon prio=5 tid=72 timed_waiting&#10;java.lang.Thread.State: TIMED_WAITING&#10;        at sun.misc.Unsafe.park(Native Method)&#10;        at java.util.concurrent.locks.LockSupport.parkNanos(LockSupport.java:215)&#10;        at java.util.concurrent.locks.AbstractQueuedSynchronizer$ConditionObject.awaitNanos(AbstractQueuedSynchronizer.java:2078)&#10;        at java.util.concurrent.LinkedBlockingQueue.poll(LinkedBlockingQueue.java:467)&#10;        at org.apache.hadoop.ipc.CallQueueManager.take(CallQueueManager.java:317)&#10;        at org.apache.hadoop.ipc.Server$Handler.run(Server.java:2932)&#10;&quot;qtp2126024846-3421&quot; daemon prio=5 tid=3421 timed_waiting&#10;java.lang.Thread.State: TIMED_WAITING&#10;        at sun.misc.Unsafe.park(Native Method)&#10;        at java.util.concurrent.locks.LockSupport.parkNanos(LockSupport.java:215)&#10;        at java.util.concurrent.locks.AbstractQueuedSynchronizer$ConditionObject.awaitNanos(AbstractQueuedSynchronizer.java:2078)&#10;        at org.eclipse.jetty.util.BlockingArrayQueue.poll(BlockingArrayQueue.java:382)&#10;        at org.eclipse.jetty.util.thread.QueuedThreadPool$Runner.idleJobPoll(QueuedThreadPool.java:974)&#10;        at org.eclipse.jetty.util.thread.QueuedThreadPool$Runner.run(QueuedThreadPool.java:1018)&#10;        at java.lang.Thread.run(Thread.java:748)&#10;&quot;org.apache.hadoop.ozone.container.common.statemachine.commandhandler.DeleteBlocksCommandHandler$DeleteCmdWorker@48c49c1a&quot; daemon prio=5 tid=215 runnable&#10;java.lang.Thread.State: RUNNABLE&#10;        at java.lang.Thread.sleep(Native Method)&#10;        at org.apache.hadoop.ozone.container.common.statemachine.commandhandler.DeleteBlocksCommandHandler$DeleteCmdWorker.run(DeleteBlocksCommandHandler.java:175)&#10;        at java.lang.Thread.run(Thread.java:748)&#10;&quot;Datanode ReportManager Thread - 2&quot; daemon prio=5 tid=229 in Object.wait()&#10;java.lang.Thread.State: WAITING (on object monitor)&#10;        at sun.misc.Unsafe.park(Native Method)&#10;        at java.util.concurrent.locks.LockSupport.park(LockSupport.java:175)&#10;        at java.util.concurrent.locks.AbstractQueuedSynchronizer$ConditionObject.await(AbstractQueuedSynchronizer.java:2039)&#10;        at java.util.concurrent.ScheduledThreadPoolExecutor$DelayedWorkQueue.take(ScheduledThreadPoolExecutor.java:1088)&#10;        at java.util.concurrent.ScheduledThreadPoolExecutor$DelayedWorkQueue.take(ScheduledThreadPoolExecutor.java:809)&#10;        at java.util.concurrent.ThreadPoolExecutor.getTask(ThreadPoolExecutor.java:1074)&#10;        at java.util.concurrent.ThreadPoolExecutor.runWorker(ThreadPoolExecutor.java:1134)&#10;        at java.util.concurrent.ThreadPoolExecutor$Worker.run(ThreadPoolExecutor.java:624)&#10;        at java.lang.Thread.run(Thread.java:748)&#10;&quot;BlockDeletingService#4&quot; daemon prio=5 tid=3611 in Object.wait()&#10;java.lang.Thread.State: WAITING (on object monitor)&#10;        at sun.misc.Unsafe.park(Native Method)&#10;        at java.util.concurrent.locks.LockSupport.park(LockSupport.java:175)&#10;        at java.util.concurrent.locks.AbstractQueuedSynchronizer$ConditionObject.await(AbstractQueuedSynchronizer.java:2039)&#10;        at java.util.concurrent.ScheduledThreadPoolExecutor$DelayedWorkQueue.take(ScheduledThreadPoolExecutor.java:1088)&#10;        at java.util.concurrent.ScheduledThreadPoolExecutor$DelayedWorkQueue.take(ScheduledThreadPoolExecutor.java:809)&#10;        at java.util.concurrent.ThreadPoolExecutor.getTask(ThreadPoolExecutor.java:1074)&#10;        at java.util.concurrent.ThreadPoolExecutor.runWorker(ThreadPoolExecutor.java:1134)&#10;        at java.util.concurrent.ThreadPoolExecutor$Worker.run(ThreadPoolExecutor.java:624)&#10;        at java.lang.Thread.run(Thread.java:748)&#10;&quot;EndpointStateMachine task thread for /0.0.0.0:41881 - 0 &quot;  prio=5 tid=236 in Object.wait()&#10;java.lang.Thread.State: WAITING (on object monitor)&#10;        at sun.misc.Unsafe.park(Native Method)&#10;        at java.util.concurrent.locks.LockSupport.park(LockSupport.java:175)&#10;        at java.util.concurrent.locks.AbstractQueuedSynchronizer$ConditionObject.await(AbstractQueuedSynchronizer.java:2039)&#10;        at java.util.concurrent.LinkedBlockingQueue.take(LinkedBlockingQueue.java:442)&#10;        at java.util.concurrent.ThreadPoolExecutor.getTask(ThreadPoolExecutor.java:1074)&#10;        at java.util.concurrent.ThreadPoolExecutor.runWorker(ThreadPoolExecutor.java:1134)&#10;        at java.util.concurrent.ThreadPoolExecutor$Worker.run(ThreadPoolExecutor.java:624)&#10;        at java.lang.Thread.run(Thread.java:748)&#10;&quot;Datanode State Machine Task Thread - 0&quot;  prio=5 tid=3431 in Object.wait()&#10;java.lang.Thread.State: WAITING (on object monitor)&#10;        at sun.misc.Unsafe.park(Native Method)&#10;        at java.util.concurrent.locks.LockSupport.park(LockSupport.java:175)&#10;        at java.util.concurrent.locks.AbstractQueuedSynchronizer$ConditionObject.await(AbstractQueuedSynchronizer.java:2039)&#10;        at java.util.concurrent.LinkedBlockingQueue.take(LinkedBlockingQueue.java:442)&#10;        at java.util.concurrent.ThreadPoolExecutor.getTask(ThreadPoolExecutor.java:1074)&#10;        at java.util.concurrent.ThreadPoolExecutor.runWorker(ThreadPoolExecutor.java:1134)&#10;        at java.util.concurrent.ThreadPoolExecutor$Worker.run(ThreadPoolExecutor.java:624)&#10;        at java.lang.Thread.run(Thread.java:748)&#10;&quot;Datanode ReportManager Thread - 0&quot; daemon prio=5 tid=3334 timed_waiting&#10;java.lang.Thread.State: TIMED_WAITING&#10;        at sun.misc.Unsafe.park(Native Method)&#10;        at java.util.concurrent.locks.LockSupport.parkNanos(LockSupport.java:215)&#10;        at java.util.concurrent.locks.AbstractQueuedSynchronizer$ConditionObject.awaitNanos(AbstractQueuedSynchronizer.java:2078)&#10;        at java.util.concurrent.ScheduledThreadPoolExecutor$DelayedWorkQueue.take(ScheduledThreadPoolExecutor.java:1093)&#10;        at java.util.concurrent.ScheduledThreadPoolExecutor$DelayedWorkQueue.take(ScheduledThreadPoolExecutor.java:809)&#10;        at java.util.concurrent.ThreadPoolExecutor.getTask(ThreadPoolExecutor.java:1074)&#10;        at java.util.concurrent.ThreadPoolExecutor.runWorker(ThreadPoolExecutor.java:1134)&#10;        at java.util.concurrent.ThreadPoolExecutor$Worker.run(ThreadPoolExecutor.java:624)&#10;        at java.lang.Thread.run(Thread.java:748)&#10;&quot;CommandWatcher-LeaseManager#LeaseMonitor&quot; daemon prio=5 tid=32 timed_waiting&#10;java.lang.Thread.State: TIMED_WAITING&#10;        at java.lang.Object.wait(Native Method)&#10;        at org.apache.hadoop.ozone.lease.LeaseManager$LeaseMonitor.run(LeaseManager.java:238)&#10;        at java.lang.Thread.run(Thread.java:748)&#10;&quot;Datanode ReportManager Thread - 2&quot; daemon prio=5 tid=3336 in Object.wait()&#10;java.lang.Thread.State: WAITING (on object monitor)&#10;        at sun.misc.Unsafe.park(Native Method)&#10;        at java.util.concurrent.locks.LockSupport.park(LockSupport.java:175)&#10;        at java.util.concurrent.locks.AbstractQueuedSynchronizer$ConditionObject.await(AbstractQueuedSynchronizer.java:2039)&#10;        at java.util.concurrent.ScheduledThreadPoolExecutor$DelayedWorkQueue.take(ScheduledThreadPoolExecutor.java:1088)&#10;        at java.util.concurrent.ScheduledThreadPoolExecutor$DelayedWorkQueue.take(ScheduledThreadPoolExecutor.java:809)&#10;        at java.util.concurrent.ThreadPoolExecutor.getTask(ThreadPoolExecutor.java:1074)&#10;        at java.util.concurrent.ThreadPoolExecutor.runWorker(ThreadPoolExecutor.java:1134)&#10;        at java.util.concurrent.ThreadPoolExecutor$Worker.run(ThreadPoolExecutor.java:624)&#10;        at java.lang.Thread.run(Thread.java:748)&#10;&quot;IPC Server handler 6 on default port 38125&quot; daemon prio=5 tid=39 timed_waiting&#10;java.lang.Thread.State: TIMED_WAITING&#10;        at sun.misc.Unsafe.park(Native Method)&#10;        at java.util.concurrent.locks.LockSupport.parkNanos(LockSupport.java:215)&#10;        at java.util.concurrent.locks.AbstractQueuedSynchronizer$ConditionObject.awaitNanos(AbstractQueuedSynchronizer.java:2078)&#10;        at java.util.concurrent.LinkedBlockingQueue.poll(LinkedBlockingQueue.java:467)&#10;        at org.apache.hadoop.ipc.CallQueueManager.take(CallQueueManager.java:317)&#10;        at org.apache.hadoop.ipc.Server$Handler.run(Server.java:2932)&#10;&quot;pool-388-thread-1&quot; daemon prio=5 tid=3302 timed_waiting&#10;java.lang.Thread.State: TIMED_WAITING&#10;        at sun.misc.Unsafe.park(Native Method)&#10;        at java.util.concurrent.locks.LockSupport.parkNanos(LockSupport.java:215)&#10;        at java.util.concurrent.locks.AbstractQueuedSynchronizer$ConditionObject.awaitNanos(AbstractQueuedSynchronizer.java:2078)&#10;        at java.util.concurrent.ScheduledThreadPoolExecutor$DelayedWorkQueue.take(ScheduledThreadPoolExecutor.java:1093)&#10;        at java.util.concurrent.ScheduledThreadPoolExecutor$DelayedWorkQueue.take(ScheduledThreadPoolExecutor.java:809)&#10;        at java.util.concurrent.ThreadPoolExecutor.getTask(ThreadPoolExecutor.java:1074)&#10;        at java.util.concurrent.ThreadPoolExecutor.runWorker(ThreadPoolExecutor.java:1134)&#10;        at java.util.concurrent.ThreadPoolExecutor$Worker.run(ThreadPoolExecutor.java:624)&#10;        at java.lang.Thread.run(Thread.java:748)&#10;&quot;pool-419-thread-1&quot;  prio=5 tid=3317 timed_waiting&#10;java.lang.Thread.State: TIMED_WAITING&#10;        at sun.misc.Unsafe.park(Native Method)&#10;        at java.util.concurrent.locks.LockSupport.parkNanos(LockSupport.java:215)&#10;        at java.util.concurrent.locks.AbstractQueuedSynchronizer$ConditionObject.awaitNanos(AbstractQueuedSynchronizer.java:2078)&#10;        at java.util.concurrent.ScheduledThreadPoolExecutor$DelayedWorkQueue.take(ScheduledThreadPoolExecutor.java:1093)&#10;        at java.util.concurrent.ScheduledThreadPoolExecutor$DelayedWorkQueue.take(ScheduledThreadPoolExecutor.java:809)&#10;        at java.util.concurrent.ThreadPoolExecutor.getTask(ThreadPoolExecutor.java:1074)&#10;        at java.util.concurrent.ThreadPoolExecutor.runWorker(ThreadPoolExecutor.java:1134)&#10;        at java.util.concurrent.ThreadPoolExecutor$Worker.run(ThreadPoolExecutor.java:624)&#10;        at java.lang.Thread.run(Thread.java:748)&#10;&quot;Datanode ReportManager Thread - 1&quot; daemon prio=5 tid=3425 in Object.wait()&#10;java.lang.Thread.State: WAITING (on object monitor)&#10;        at sun.misc.Unsafe.park(Native Method)&#10;        at java.util.concurrent.locks.LockSupport.park(LockSupport.java:175)&#10;        at java.util.concurrent.locks.AbstractQueuedSynchronizer$ConditionObject.await(AbstractQueuedSynchronizer.java:2039)&#10;        at java.util.concurrent.ScheduledThreadPoolExecutor$DelayedWorkQueue.take(ScheduledThreadPoolExecutor.java:1088)&#10;        at java.util.concurrent.ScheduledThreadPoolExecutor$DelayedWorkQueue.take(ScheduledThreadPoolExecutor.java:809)&#10;        at java.util.concurrent.ThreadPoolExecutor.getTask(ThreadPoolExecutor.java:1074)&#10;        at java.util.concurrent.ThreadPoolExecutor.runWorker(ThreadPoolExecutor.java:1134)&#10;        at java.util.concurrent.ThreadPoolExecutor$Worker.run(ThreadPoolExecutor.java:624)&#10;        at java.lang.Thread.run(Thread.java:748)&#10;&quot;IPC Parameter Sending Thread #0&quot; daemon prio=5 tid=109 timed_waiting&#10;java.lang.Thread.State: TIMED_WAITING&#10;        at sun.misc.Unsafe.park(Native Method)&#10;        at java.util.concurrent.locks.LockSupport.parkNanos(LockSupport.java:215)&#10;        at java.util.concurrent.SynchronousQueue$TransferStack.awaitFulfill(SynchronousQueue.java:460)&#10;        at java.util.concurrent.SynchronousQueue$TransferStack.transfer(SynchronousQueue.java:362)&#10;        at java.util.concurrent.SynchronousQueue.poll(SynchronousQueue.java:941)&#10;        at java.util.concurrent.ThreadPoolExecutor.getTask(ThreadPoolExecutor.java:1073)&#10;        at java.util.concurrent.ThreadPoolExecutor.runWorker(ThreadPoolExecutor.java:1134)&#10;        at java.util.concurrent.ThreadPoolExecutor$Worker.run(ThreadPoolExecutor.java:624)&#10;        at java.lang.Thread.run(Thread.java:748)&#10;&quot;qtp685606790-102&quot; daemon prio=5 tid=102 timed_waiting&#10;java.lang.Thread.State: TIMED_WAITING&#10;        at sun.misc.Unsafe.park(Native Method)&#10;        at java.util.concurrent.locks.LockSupport.parkNanos(LockSupport.java:215)&#10;        at java.util.concurrent.locks.AbstractQueuedSynchronizer$ConditionObject.awaitNanos(AbstractQueuedSynchronizer.java:2078)&#10;        at org.eclipse.jetty.util.BlockingArrayQueue.poll(BlockingArrayQueue.java:382)&#10;        at org.eclipse.jetty.util.thread.QueuedThreadPool$Runner.idleJobPoll(QueuedThreadPool.java:974)&#10;        at org.eclipse.jetty.util.thread.QueuedThreadPool$Runner.run(QueuedThreadPool.java:1018)&#10;        at java.lang.Thread.run(Thread.java:748)&#10;&quot;Datanode ReportManager Thread - 4&quot; daemon prio=5 tid=3428 in Object.wait()&#10;java.lang.Thread.State: WAITING (on object monitor)&#10;        at sun.misc.Unsafe.park(Native Method)&#10;        at java.util.concurrent.locks.LockSupport.park(LockSupport.java:175)&#10;        at java.util.concurrent.locks.AbstractQueuedSynchronizer$ConditionObject.await(AbstractQueuedSynchronizer.java:2039)&#10;        at java.util.concurrent.ScheduledThreadPoolExecutor$DelayedWorkQueue.take(ScheduledThreadPoolExecutor.java:1088)&#10;        at java.util.concurrent.ScheduledThreadPoolExecutor$DelayedWorkQueue.take(ScheduledThreadPoolExecutor.java:809)&#10;        at java.util.concurrent.ThreadPoolExecutor.getTask(ThreadPoolExecutor.java:1074)&#10;        at java.util.concurrent.ThreadPoolExecutor.runWorker(ThreadPoolExecutor.java:1134)&#10;        at java.util.concurrent.ThreadPoolExecutor$Worker.run(ThreadPoolExecutor.java:624)&#10;        at java.lang.Thread.run(Thread.java:748)&#10;&quot;EventQueue-ContainerReportForContainerReportHandler&quot; daemon prio=5 tid=273 in Object.wait()&#10;java.lang.Thread.State: WAITING (on object monitor)&#10;        at sun.misc.Unsafe.park(Native Method)&#10;        at java.util.concurrent.locks.LockSupport.park(LockSupport.java:175)&#10;        at java.util.concurrent.locks.AbstractQueuedSynchronizer$ConditionObject.await(AbstractQueuedSynchronizer.java:2039)&#10;        at java.util.concurrent.LinkedBlockingQueue.take(LinkedBlockingQueue.java:442)&#10;        at java.util.concurrent.ThreadPoolExecutor.getTask(ThreadPoolExecutor.java:1074)&#10;        at java.util.concurrent.ThreadPoolExecutor.runWorker(ThreadPoolExecutor.java:1134)&#10;        at java.util.concurrent.ThreadPoolExecutor$Worker.run(ThreadPoolExecutor.java:624)&#10;        at java.lang.Thread.run(Thread.java:748)&#10;&quot;IPC Server handler 12 on default port 41881&quot; daemon prio=5 tid=85 timed_waiting&#10;java.lang.Thread.State: TIMED_WAITING&#10;        at sun.misc.Unsafe.park(Native Method)&#10;        at java.util.concurrent.locks.LockSupport.parkNanos(LockSupport.java:215)&#10;        at java.util.concurrent.locks.AbstractQueuedSynchronizer$ConditionObject.awaitNanos(AbstractQueuedSynchronizer.java:2078)&#10;        at java.util.concurrent.LinkedBlockingQueue.poll(LinkedBlockingQueue.java:467)&#10;        at org.apache.hadoop.ipc.CallQueueManager.take(CallQueueManager.java:317)&#10;        at org.apache.hadoop.ipc.Server$Handler.run(Server.java:2932)&#10;&quot;Datanode ReportManager Thread - 3&quot; daemon prio=5 tid=3337 in Object.wait()&#10;java.lang.Thread.State: WAITING (on object monitor)&#10;        at sun.misc.Unsafe.park(Native Method)&#10;        at java.util.concurrent.locks.LockSupport.park(LockSupport.java:175)&#10;        at java.util.concurrent.locks.AbstractQueuedSynchronizer$ConditionObject.await(AbstractQueuedSynchronizer.java:2039)&#10;        at java.util.concurrent.ScheduledThreadPoolExecutor$DelayedWorkQueue.take(ScheduledThreadPoolExecutor.java:1088)&#10;        at java.util.concurrent.ScheduledThreadPoolExecutor$DelayedWorkQueue.take(ScheduledThreadPoolExecutor.java:809)&#10;        at java.util.concurrent.ThreadPoolExecutor.getTask(ThreadPoolExecutor.java:1074)&#10;        at java.util.concurrent.ThreadPoolExecutor.runWorker(ThreadPoolExecutor.java:1134)&#10;        at java.util.concurrent.ThreadPoolExecutor$Worker.run(ThreadPoolExecutor.java:624)&#10;        at java.lang.Thread.run(Thread.java:748)&#10;&quot;a426eecb-3f7b-4bd3-8516-db356bf90be2@group-3E424BC0E779-SegmentedRaftLogWorker&quot;  prio=5 tid=3376 timed_waiting&#10;java.lang.Thread.State: TIMED_WAITING&#10;        at sun.misc.Unsafe.park(Native Method)&#10;        at java.util.concurrent.locks.LockSupport.parkNanos(LockSupport.java:215)&#10;        at java.util.concurrent.locks.AbstractQueuedSynchronizer$ConditionObject.awaitNanos(AbstractQueuedSynchronizer.java:2078)&#10;        at org.apache.ratis.util.DataBlockingQueue.poll(DataBlockingQueue.java:137)&#10;        at org.apache.ratis.server.raftlog.segmented.SegmentedRaftLogWorker.run(SegmentedRaftLogWorker.java:292)&#10;        at org.apache.ratis.server.raftlog.segmented.SegmentedRaftLogWorker$$Lambda$466/684552633.run(Unknown Source)&#10;        at java.lang.Thread.run(Thread.java:748)&#10;&quot;IPC Server idle connection scanner for port 41881&quot; daemon prio=5 tid=21 timed_waiting&#10;java.lang.Thread.State: TIMED_WAITING&#10;        at java.lang.Object.wait(Native Method)&#10;        at java.util.TimerThread.mainLoop(Timer.java:552)&#10;        at java.util.TimerThread.run(Timer.java:505)&#10;&quot;qtp1470711088-133&quot; daemon prio=5 tid=133 timed_waiting&#10;java.lang.Thread.State: TIMED_WAITING&#10;        at sun.misc.Unsafe.park(Native Method)&#10;        at java.util.concurrent.locks.LockSupport.parkNanos(LockSupport.java:215)&#10;        at java.util.concurrent.locks.AbstractQueuedSynchronizer$ConditionObject.awaitNanos(AbstractQueuedSynchronizer.java:2078)&#10;        at org.eclipse.jetty.util.BlockingArrayQueue.poll(BlockingArrayQueue.java:382)&#10;        at org.eclipse.jetty.util.thread.QueuedThreadPool$Runner.idleJobPoll(QueuedThreadPool.java:974)&#10;        at org.eclipse.jetty.util.thread.QueuedThreadPool$Runner.run(QueuedThreadPool.java:1018)&#10;        at java.lang.Thread.run(Thread.java:748)&#10;&quot;RatisPipelineUtilsThread - 0&quot;  prio=5 tid=15 timed_waiting&#10;java.lang.Thread.State: TIMED_WAITING&#10;        at java.lang.Object.wait(Native Method)&#10;        at org.apache.hadoop.hdds.scm.pipeline.BackgroundPipelineCreator.run(BackgroundPipelineCreator.java:183)&#10;        at org.apache.hadoop.hdds.scm.pipeline.BackgroundPipelineCreator$$Lambda$234/1211858372.run(Unknown Source)&#10;        at java.lang.Thread.run(Thread.java:748)&#10;&quot;EventQueue-ContainerReportForContainerReportHandler&quot; daemon prio=5 tid=267 in Object.wait()&#10;java.lang.Thread.State: WAITING (on object monitor)&#10;        at sun.misc.Unsafe.park(Native Method)&#10;        at java.util.concurrent.locks.LockSupport.park(LockSupport.java:175)&#10;        at java.util.concurrent.locks.AbstractQueuedSynchronizer$ConditionObject.await(AbstractQueuedSynchronizer.java:2039)&#10;        at java.util.concurrent.LinkedBlockingQueue.take(LinkedBlockingQueue.java:442)&#10;        at java.util.concurrent.ThreadPoolExecutor.getTask(ThreadPoolExecutor.java:1074)&#10;        at java.util.concurrent.ThreadPoolExecutor.runWorker(ThreadPoolExecutor.java:1134)&#10;        at java.util.concurrent.ThreadPoolExecutor$Worker.run(ThreadPoolExecutor.java:624)&#10;        at java.lang.Thread.run(Thread.java:748)&#10;&quot;qtp685606790-98&quot; daemon prio=5 tid=98 timed_waiting&#10;java.lang.Thread.State: TIMED_WAITING&#10;        at sun.misc.Unsafe.park(Native Method)&#10;        at java.util.concurrent.locks.LockSupport.parkNanos(LockSupport.java:215)&#10;        at java.util.concurrent.locks.AbstractQueuedSynchronizer$ConditionObject.awaitNanos(AbstractQueuedSynchronizer.java:2078)&#10;        at org.eclipse.jetty.util.BlockingArrayQueue.poll(BlockingArrayQueue.java:382)&#10;        at org.eclipse.jetty.util.thread.QueuedThreadPool$Runner.idleJobPoll(QueuedThreadPool.java:974)&#10;        at org.eclipse.jetty.util.thread.QueuedThreadPool$Runner.run(QueuedThreadPool.java:1018)&#10;        at java.lang.Thread.run(Thread.java:748)&#10;&quot;IPC Server idle connection scanner for port 38125&quot; daemon prio=5 tid=29 timed_waiting&#10;java.lang.Thread.State: TIMED_WAITING&#10;        at java.lang.Object.wait(Native Method)&#10;        at java.util.TimerThread.mainLoop(Timer.java:552)&#10;        at java.util.TimerThread.run(Timer.java:505)&#10;&quot;EndpointStateMachine task thread for /0.0.0.0:41881 - 0 &quot;  prio=5 tid=247 in Object.wait()&#10;java.lang.Thread.State: WAITING (on object monitor)&#10;        at sun.misc.Unsafe.park(Native Method)&#10;        at java.util.concurrent.locks.LockSupport.park(LockSupport.java:175)&#10;        at java.util.concurrent.locks.AbstractQueuedSynchronizer$ConditionObject.await(AbstractQueuedSynchronizer.java:2039)&#10;        at java.util.concurrent.LinkedBlockingQueue.take(LinkedBlockingQueue.java:442)&#10;        at java.util.concurrent.ThreadPoolExecutor.getTask(ThreadPoolExecutor.java:1074)&#10;        at java.util.concurrent.ThreadPoolExecutor.runWorker(ThreadPoolExecutor.java:1134)&#10;        at java.util.concurrent.ThreadPoolExecutor$Worker.run(ThreadPoolExecutor.java:624)&#10;        at java.lang.Thread.run(Thread.java:748)&#10;&quot;qtp685606790-97-acceptor-0@4f595483-ServerConnector@1d4e06bb{HTTP/1.1, (http/1.1)}{0.0.0.0:36769}&quot; daemon prio=3 tid=97 runnable&#10;java.lang.Thread.State: RUNNABLE&#10;        at sun.nio.ch.ServerSocketChannelImpl.accept0(Native Method)&#10;        at sun.nio.ch.ServerSocketChannelImpl.accept(ServerSocketChannelImpl.java:421)&#10;        at sun.nio.ch.ServerSocketChannelImpl.accept(ServerSocketChannelImpl.java:249)&#10;        at org.eclipse.jetty.server.ServerConnector.accept(ServerConnector.java:388)&#10;        at org.eclipse.jetty.server.AbstractConnector$Acceptor.run(AbstractConnector.java:702)&#10;        at org.eclipse.jetty.util.thread.QueuedThreadPool.runJob(QueuedThreadPool.java:883)&#10;        at org.eclipse.jetty.util.thread.QueuedThreadPool$Runner.run(QueuedThreadPool.java:1034)&#10;        at java.lang.Thread.run(Thread.java:748)&#10;&quot;ChunkWriter-0-0&quot; daemon prio=5 tid=3347 in Object.wait()&#10;java.lang.Thread.State: WAITING (on object monitor)&#10;        at sun.misc.Unsafe.park(Native Method)&#10;        at java.util.concurrent.locks.LockSupport.park(LockSupport.java:175)&#10;        at java.util.concurrent.locks.AbstractQueuedSynchronizer$ConditionObject.await(AbstractQueuedSynchronizer.java:2039)&#10;        at java.util.concurrent.LinkedBlockingDeque.takeFirst(LinkedBlockingDeque.java:492)&#10;        at java.util.concurrent.LinkedBlockingDeque.take(LinkedBlockingDeque.java:680)&#10;        at java.util.concurrent.ThreadPoolExecutor.getTask(ThreadPoolExecutor.java:1074)&#10;        at java.util.concurrent.ThreadPoolExecutor.runWorker(ThreadPoolExecutor.java:1134)&#10;        at java.util.concurrent.ThreadPoolExecutor$Worker.run(ThreadPoolExecutor.java:624)&#10;        at java.lang.Thread.run(Thread.java:748)&#10;&quot;IPC Server handler 9 on default port 43391&quot; daemon prio=5 tid=62 timed_waiting&#10;java.lang.Thread.State: TIMED_WAITING&#10;        at sun.misc.Unsafe.park(Native Method)&#10;        at java.util.concurrent.locks.LockSupport.parkNanos(LockSupport.java:215)&#10;        at java.util.concurrent.locks.AbstractQueuedSynchronizer$ConditionObject.awaitNanos(AbstractQueuedSynchronizer.java:2078)&#10;        at java.util.concurrent.LinkedBlockingQueue.poll(LinkedBlockingQueue.java:467)&#10;        at org.apache.hadoop.ipc.CallQueueManager.take(CallQueueManager.java:317)&#10;        at org.apache.hadoop.ipc.Server$Handler.run(Server.java:2932)&#10;&quot;DirectoryDeletingService#0&quot; daemon prio=5 tid=125 timed_waiting&#10;java.lang.Thread.State: TIMED_WAITING&#10;        at sun.misc.Unsafe.park(Native Method)&#10;        at java.util.concurrent.locks.LockSupport.parkNanos(LockSupport.java:215)&#10;        at java.util.concurrent.locks.AbstractQueuedSynchronizer$ConditionObject.awaitNanos(AbstractQueuedSynchronizer.java:2078)&#10;        at java.util.concurrent.ScheduledThreadPoolExecutor$DelayedWorkQueue.take(ScheduledThreadPoolExecutor.java:1093)&#10;        at java.util.concurrent.ScheduledThreadPoolExecutor$DelayedWorkQueue.take(ScheduledThreadPoolExecutor.java:809)&#10;        at java.util.concurrent.ThreadPoolExecutor.getTask(ThreadPoolExecutor.java:1074)&#10;        at java.util.concurrent.ThreadPoolExecutor.runWorker(ThreadPoolExecutor.java:1134)&#10;        at java.util.concurrent.ThreadPoolExecutor$Worker.run(ThreadPoolExecutor.java:624)&#10;        at java.lang.Thread.run(Thread.java:748)&#10;&quot;Datanode State Machine Task Thread - 1&quot;  prio=5 tid=3345 in Object.wait()&#10;java.lang.Thread.State: WAITING (on object monitor)&#10;        at sun.misc.Unsafe.park(Native Method)&#10;        at java.util.concurrent.locks.LockSupport.park(LockSupport.java:175)&#10;        at java.util.concurrent.locks.AbstractQueuedSynchronizer$ConditionObject.await(AbstractQueuedSynchronizer.java:2039)&#10;        at java.util.concurrent.LinkedBlockingQueue.take(LinkedBlockingQueue.java:442)&#10;        at java.util.concurrent.ThreadPoolExecutor.getTask(ThreadPoolExecutor.java:1074)&#10;        at java.util.concurrent.ThreadPoolExecutor.runWorker(ThreadPoolExecutor.java:1134)&#10;        at java.util.concurrent.ThreadPoolExecutor$Worker.run(ThreadPoolExecutor.java:624)&#10;        at java.lang.Thread.run(Thread.java:748)&#10;&quot;org.apache.hadoop.util.JvmPauseMonitor$Monitor@e74914d&quot; daemon prio=5 tid=156 timed_waiting&#10;java.lang.Thread.State: TIMED_WAITING&#10;        at java.lang.Thread.sleep(Native Method)&#10;        at org.apache.hadoop.util.JvmPauseMonitor$Monitor.run(JvmPauseMonitor.java:192)&#10;        at java.lang.Thread.run(Thread.java:748)&#10;&quot;IPC Server handler 5 on default port 45789&quot; daemon prio=5 tid=141 timed_waiting&#10;java.lang.Thread.State: TIMED_WAITING&#10;        at sun.misc.Unsafe.park(Native Method)&#10;        at java.util.concurrent.locks.LockSupport.parkNanos(LockSupport.java:215)&#10;        at java.util.concurrent.locks.AbstractQueuedSynchronizer$ConditionObject.awaitNanos(AbstractQueuedSynchronizer.java:2078)&#10;        at java.util.concurrent.LinkedBlockingQueue.poll(LinkedBlockingQueue.java:467)&#10;        at org.apache.hadoop.ipc.CallQueueManager.take(CallQueueManager.java:317)&#10;        at org.apache.hadoop.ipc.Server$Handler.run(Server.java:2932)&#10;&quot;IPC Server handler 4 on default port 45789&quot; daemon prio=5 tid=140 timed_waiting&#10;java.lang.Thread.State: TIMED_WAITING&#10;        at sun.misc.Unsafe.park(Native Method)&#10;        at java.util.concurrent.locks.LockSupport.parkNanos(LockSupport.java:215)&#10;        at java.util.concurrent.locks.AbstractQueuedSynchronizer$ConditionObject.awaitNanos(AbstractQueuedSynchronizer.java:2078)&#10;        at java.util.concurrent.LinkedBlockingQueue.poll(LinkedBlockingQueue.java:467)&#10;        at org.apache.hadoop.ipc.CallQueueManager.take(CallQueueManager.java:317)&#10;        at org.apache.hadoop.ipc.Server$Handler.run(Server.java:2932)&#10;&quot;IPC Server handler 3 on default port 41881&quot; daemon prio=5 tid=76 timed_waiting&#10;java.lang.Thread.State: TIMED_WAITING&#10;        at sun.misc.Unsafe.park(Native Method)&#10;        at java.util.concurrent.locks.LockSupport.parkNanos(LockSupport.java:215)&#10;        at java.util.concurrent.locks.AbstractQueuedSynchronizer$ConditionObject.awaitNanos(AbstractQueuedSynchronizer.java:2078)&#10;        at java.util.concurrent.LinkedBlockingQueue.poll(LinkedBlockingQueue.java:467)&#10;        at org.apache.hadoop.ipc.CallQueueManager.take(CallQueueManager.java:317)&#10;        at org.apache.hadoop.ipc.Server$Handler.run(Server.java:2932)&#10;&quot;IPC Server handler 2 on default port 45789&quot; daemon prio=5 tid=138 timed_waiting&#10;java.lang.Thread.State: TIMED_WAITING&#10;        at sun.misc.Unsafe.park(Native Method)&#10;        at java.util.concurrent.locks.LockSupport.parkNanos(LockSupport.java:215)&#10;        at java.util.concurrent.locks.AbstractQueuedSynchronizer$ConditionObject.awaitNanos(AbstractQueuedSynchronizer.java:2078)&#10;        at java.util.concurrent.LinkedBlockingQueue.poll(LinkedBlockingQueue.java:467)&#10;        at org.apache.hadoop.ipc.CallQueueManager.take(CallQueueManager.java:317)&#10;        at org.apache.hadoop.ipc.Server$Handler.run(Server.java:2932)&#10;&quot;EventQueue-CloseContainerForCloseContainerEventHandler&quot; daemon prio=5 tid=3297 in Object.wait()&#10;java.lang.Thread.State: WAITING (on object monitor)&#10;        at sun.misc.Unsafe.park(Native Method)&#10;        at java.util.concurrent.locks.LockSupport.park(LockSupport.java:175)&#10;        at java.util.concurrent.locks.AbstractQueuedSynchronizer$ConditionObject.await(AbstractQueuedSynchronizer.java:2039)&#10;        at java.util.concurrent.LinkedBlockingQueue.take(LinkedBlockingQueue.java:442)&#10;        at java.util.concurrent.ThreadPoolExecutor.getTask(ThreadPoolExecutor.java:1074)&#10;        at java.util.concurrent.ThreadPoolExecutor.runWorker(ThreadPoolExecutor.java:1134)&#10;        at java.util.concurrent.ThreadPoolExecutor$Worker.run(ThreadPoolExecutor.java:624)&#10;        at java.lang.Thread.run(Thread.java:748)&#10;&quot;IPC Server listener on 0&quot; daemon prio=5 tid=23 runnable&#10;java.lang.Thread.State: RUNNABLE&#10;        at sun.nio.ch.EPollArrayWrapper.epollWait(Native Method)&#10;        at sun.nio.ch.EPollArrayWrapper.poll(EPollArrayWrapper.java:269)&#10;        at sun.nio.ch.EPollSelectorImpl.doSelect(EPollSelectorImpl.java:93)&#10;        at sun.nio.ch.SelectorImpl.lockAndDoSelect(SelectorImpl.java:86)&#10;        at sun.nio.ch.SelectorImpl.select(SelectorImpl.java:97)&#10;        at sun.nio.ch.SelectorImpl.select(SelectorImpl.java:101)&#10;        at org.apache.hadoop.ipc.Server$Listener.run(Server.java:1350)&#10;&quot;IPC Server handler 14 on default port 38125&quot; daemon prio=5 tid=47 timed_waiting&#10;java.lang.Thread.State: TIMED_WAITING&#10;        at sun.misc.Unsafe.park(Native Method)&#10;        at java.util.concurrent.locks.LockSupport.parkNanos(LockSupport.java:215)&#10;        at java.util.concurrent.locks.AbstractQueuedSynchronizer$ConditionObject.awaitNanos(AbstractQueuedSynchronizer.java:2078)&#10;        at java.util.concurrent.LinkedBlockingQueue.poll(LinkedBlockingQueue.java:467)&#10;        at org.apache.hadoop.ipc.CallQueueManager.take(CallQueueManager.java:317)&#10;        at org.apache.hadoop.ipc.Server$Handler.run(Server.java:2932)&#10;&quot;Datanode ReportManager Thread - 3&quot; daemon prio=5 tid=178 in Object.wait()&#10;java.lang.Thread.State: WAITING (on object monitor)&#10;        at sun.misc.Unsafe.park(Native Method)&#10;        at java.util.concurrent.locks.LockSupport.park(LockSupport.java:175)&#10;        at java.util.concurrent.locks.AbstractQueuedSynchronizer$ConditionObject.await(AbstractQueuedSynchronizer.java:2039)&#10;        at java.util.concurrent.ScheduledThreadPoolExecutor$DelayedWorkQueue.take(ScheduledThreadPoolExecutor.java:1088)&#10;        at java.util.concurrent.ScheduledThreadPoolExecutor$DelayedWorkQueue.take(ScheduledThreadPoolExecutor.java:809)&#10;        at java.util.concurrent.ThreadPoolExecutor.getTask(ThreadPoolExecutor.java:1074)&#10;        at java.util.concurrent.ThreadPoolExecutor.runWorker(ThreadPoolExecutor.java:1134)&#10;        at java.util.concurrent.ThreadPoolExecutor$Worker.run(ThreadPoolExecutor.java:624)&#10;        at java.lang.Thread.run(Thread.java:748)&#10;&quot;qtp1470711088-129&quot; daemon prio=5 tid=129 timed_waiting&#10;java.lang.Thread.State: TIMED_WAITING&#10;        at sun.misc.Unsafe.park(Native Method)&#10;        at java.util.concurrent.locks.LockSupport.parkNanos(LockSupport.java:215)&#10;        at java.util.concurrent.locks.AbstractQueuedSynchronizer$ConditionObject.awaitNanos(AbstractQueuedSynchronizer.java:2078)&#10;        at org.eclipse.jetty.util.BlockingArrayQueue.poll(BlockingArrayQueue.java:382)&#10;        at org.eclipse.jetty.util.thread.QueuedThreadPool$Runner.idleJobPoll(QueuedThreadPool.java:974)&#10;        at org.eclipse.jetty.util.thread.QueuedThreadPool$Runner.run(QueuedThreadPool.java:1018)&#10;        at java.lang.Thread.run(Thread.java:748)&#10;&quot;qtp2126024846-3414&quot; daemon prio=5 tid=3414 runnable&#10;java.lang.Thread.State: RUNNABLE&#10;        at sun.nio.ch.EPollArrayWrapper.epollWait(Native Method)&#10;        at sun.nio.ch.EPollArrayWrapper.poll(EPollArrayWrapper.java:269)&#10;        at sun.nio.ch.EPollSelectorImpl.doSelect(EPollSelectorImpl.java:93)&#10;        at sun.nio.ch.SelectorImpl.lockAndDoSelect(SelectorImpl.java:86)&#10;        at sun.nio.ch.SelectorImpl.select(SelectorImpl.java:97)&#10;        at sun.nio.ch.SelectorImpl.select(SelectorImpl.java:101)&#10;        at org.eclipse.jetty.io.ManagedSelector.nioSelect(ManagedSelector.java:183)&#10;        at org.eclipse.jetty.io.ManagedSelector.select(ManagedSelector.java:190)&#10;        at org.eclipse.jetty.io.ManagedSelector$SelectorProducer.select(ManagedSelector.java:606)&#10;        at org.eclipse.jetty.io.ManagedSelector$SelectorProducer.produce(ManagedSelector.java:543)&#10;        at org.eclipse.jetty.util.thread.strategy.EatWhatYouKill.produceTask(EatWhatYouKill.java:362)&#10;        at org.eclipse.jetty.util.thread.strategy.EatWhatYouKill.doProduce(EatWhatYouKill.java:186)&#10;        at org.eclipse.jetty.util.thread.strategy.EatWhatYouKill.tryProduce(EatWhatYouKill.java:173)&#10;        at org.eclipse.jetty.util.thread.strategy.EatWhatYouKill.produce(EatWhatYouKill.java:137)&#10;        at org.eclipse.jetty.io.ManagedSelector$$Lambda$312/343688483.run(Unknown Source)&#10;        at org.eclipse.jetty.util.thread.QueuedThreadPool.runJob(QueuedThreadPool.java:883)&#10;        at org.eclipse.jetty.util.thread.QueuedThreadPool$Runner.run(QueuedThreadPool.java:1034)&#10;        at java.lang.Thread.run(Thread.java:748)&#10;&quot;IPC Server handler 10 on default port 43391&quot; daemon prio=5 tid=63 timed_waiting&#10;java.lang.Thread.State: TIMED_WAITING&#10;        at sun.misc.Unsafe.park(Native Method)&#10;        at java.util.concurrent.locks.LockSupport.parkNanos(LockSupport.java:215)&#10;        at java.util.concurrent.locks.AbstractQueuedSynchronizer$ConditionObject.awaitNanos(AbstractQueuedSynchronizer.java:2078)&#10;        at java.util.concurrent.LinkedBlockingQueue.poll(LinkedBlockingQueue.java:467)&#10;        at org.apache.hadoop.ipc.CallQueueManager.take(CallQueueManager.java:317)&#10;        at org.apache.hadoop.ipc.Server$Handler.run(Server.java:2932)&#10;&quot;om1@group-C5BA1605619E-SegmentedRaftLogWorker&quot;  prio=5 tid=118 timed_waiting&#10;java.lang.Thread.State: TIMED_WAITING&#10;        at sun.misc.Unsafe.park(Native Method)&#10;        at java.util.concurrent.locks.LockSupport.parkNanos(LockSupport.java:215)&#10;        at java.util.concurrent.locks.AbstractQueuedSynchronizer$ConditionObject.awaitNanos(AbstractQueuedSynchronizer.java:2078)&#10;        at org.apache.ratis.util.DataBlockingQueue.poll(DataBlockingQueue.java:137)&#10;        at org.apache.ratis.server.raftlog.segmented.SegmentedRaftLogWorker.run(SegmentedRaftLogWorker.java:292)&#10;        at org.apache.ratis.server.raftlog.segmented.SegmentedRaftLogWorker$$Lambda$466/684552633.run(Unknown Source)&#10;        at java.lang.Thread.run(Thread.java:748)&#10;&quot;org.apache.ratis.util.JvmPauseMonitor$$Lambda$530/1855807713@32d20d47&quot; daemon prio=5 tid=3354 timed_waiting&#10;java.lang.Thread.State: TIMED_WAITING&#10;        at java.lang.Thread.sleep(Native Method)&#10;        at java.lang.Thread.sleep(Thread.java:340)&#10;        at java.util.concurrent.TimeUnit.sleep(TimeUnit.java:386)&#10;        at org.apache.ratis.util.TimeDuration.sleep(TimeDuration.java:324)&#10;        at org.apache.ratis.util.TimeDuration.sleep(TimeDuration.java:309)&#10;        at org.apache.ratis.util.JvmPauseMonitor.detectPause(JvmPauseMonitor.java:117)&#10;        at org.apache.ratis.util.JvmPauseMonitor.run(JvmPauseMonitor.java:106)&#10;        at org.apache.ratis.util.JvmPauseMonitor$$Lambda$530/1855807713.run(Unknown Source)&#10;        at java.lang.Thread.run(Thread.java:748)&#10;&quot;Datanode ReportManager Thread - 2&quot; daemon prio=5 tid=204 in Object.wait()&#10;java.lang.Thread.State: WAITING (on object monitor)&#10;        at sun.misc.Unsafe.park(Native Method)&#10;        at java.util.concurrent.locks.LockSupport.park(LockSupport.java:175)&#10;        at java.util.concurrent.locks.AbstractQueuedSynchronizer$ConditionObject.await(AbstractQueuedSynchronizer.java:2039)&#10;        at java.util.concurrent.ScheduledThreadPoolExecutor$DelayedWorkQueue.take(ScheduledThreadPoolExecutor.java:1088)&#10;        at java.util.concurrent.ScheduledThreadPoolExecutor$DelayedWorkQueue.take(ScheduledThreadPoolExecutor.java:809)&#10;        at java.util.concurrent.ThreadPoolExecutor.getTask(ThreadPoolExecutor.java:1074)&#10;        at java.util.concurrent.ThreadPoolExecutor.runWorker(ThreadPoolExecutor.java:1134)&#10;        at java.util.concurrent.ThreadPoolExecutor$Worker.run(ThreadPoolExecutor.java:624)&#10;        at java.lang.Thread.run(Thread.java:748)&#10;&quot;IPC Server handler 0 on default port 43391&quot; daemon prio=5 tid=53 timed_waiting&#10;java.lang.Thread.State: TIMED_WAITING&#10;        at sun.misc.Unsafe.park(Native Method)&#10;        at java.util.concurrent.locks.LockSupport.parkNanos(LockSupport.java:215)&#10;        at java.util.concurrent.locks.AbstractQueuedSynchronizer$ConditionObject.awaitNanos(AbstractQueuedSynchronizer.java:2078)&#10;        at java.util.concurrent.LinkedBlockingQueue.poll(LinkedBlockingQueue.java:467)&#10;        at org.apache.hadoop.ipc.CallQueueManager.take(CallQueueManager.java:317)&#10;        at org.apache.hadoop.ipc.Server$Handler.run(Server.java:2932)&#10;&quot;Command processor thread&quot; daemon prio=5 tid=3429 timed_waiting&#10;java.lang.Thread.State: TIMED_WAITING&#10;        at java.lang.Thread.sleep(Native Method)&#10;        at org.apache.hadoop.ozone.container.common.statemachine.DatanodeStateMachine.lambda$initCommandHandlerThread$2(DatanodeStateMachine.java:574)&#10;        at org.apache.hadoop.ozone.container.common.statemachine.DatanodeStateMachine$$Lambda$572/2045313851.run(Unknown Source)&#10;        at java.lang.Thread.run(Thread.java:748)&#10;&quot;ChunkWriter-3-0&quot; daemon prio=5 tid=3350 in Object.wait()&#10;java.lang.Thread.State: WAITING (on object monitor)&#10;        at sun.misc.Unsafe.park(Native Method)&#10;        at java.util.concurrent.locks.LockSupport.park(LockSupport.java:175)&#10;        at java.util.concurrent.locks.AbstractQueuedSynchronizer$ConditionObject.await(AbstractQueuedSynchronizer.java:2039)&#10;        at java.util.concurrent.LinkedBlockingDeque.takeFirst(LinkedBlockingDeque.java:492)&#10;        at java.util.concurrent.LinkedBlockingDeque.take(LinkedBlockingDeque.java:680)&#10;        at java.util.concurrent.ThreadPoolExecutor.getTask(ThreadPoolExecutor.java:1074)&#10;        at java.util.concurrent.ThreadPoolExecutor.runWorker(ThreadPoolExecutor.java:1134)&#10;        at java.util.concurrent.ThreadPoolExecutor$Worker.run(ThreadPoolExecutor.java:624)&#10;        at java.lang.Thread.run(Thread.java:748)&#10;&quot;Datanode ReportManager Thread - 0&quot; daemon prio=5 tid=3424 in Object.wait()&#10;java.lang.Thread.State: WAITING (on object monitor)&#10;        at sun.misc.Unsafe.park(Native Method)&#10;        at java.util.concurrent.locks.LockSupport.park(LockSupport.java:175)&#10;        at java.util.concurrent.locks.AbstractQueuedSynchronizer$ConditionObject.await(AbstractQueuedSynchronizer.java:2039)&#10;        at java.util.concurrent.ScheduledThreadPoolExecutor$DelayedWorkQueue.take(ScheduledThreadPoolExecutor.java:1088)&#10;        at java.util.concurrent.ScheduledThreadPoolExecutor$DelayedWorkQueue.take(ScheduledThreadPoolExecutor.java:809)&#10;        at java.util.concurrent.ThreadPoolExecutor.getTask(ThreadPoolExecutor.java:1074)&#10;        at java.util.concurrent.ThreadPoolExecutor.runWorker(ThreadPoolExecutor.java:1134)&#10;        at java.util.concurrent.ThreadPoolExecutor$Worker.run(ThreadPoolExecutor.java:624)&#10;        at java.lang.Thread.run(Thread.java:748)&#10;&quot;FullTableCache Cleanup Thread - 0&quot; daemon prio=5 tid=331 in Object.wait()&#10;java.lang.Thread.State: WAITING (on object monitor)&#10;        at sun.misc.Unsafe.park(Native Method)&#10;        at java.util.concurrent.locks.LockSupport.park(LockSupport.java:175)&#10;        at java.util.concurrent.locks.AbstractQueuedSynchronizer$ConditionObject.await(AbstractQueuedSynchronizer.java:2039)&#10;        at java.util.concurrent.LinkedBlockingQueue.take(LinkedBlockingQueue.java:442)&#10;        at java.util.concurrent.ThreadPoolExecutor.getTask(ThreadPoolExecutor.java:1074)&#10;        at java.util.concurrent.ThreadPoolExecutor.runWorker(ThreadPoolExecutor.java:1134)&#10;        at java.util.concurrent.ThreadPoolExecutor$Worker.run(ThreadPoolExecutor.java:624)&#10;        at java.lang.Thread.run(Thread.java:748)&#10;&quot;IPC Server handler 3 on default port 45789&quot; daemon prio=5 tid=139 timed_waiting&#10;java.lang.Thread.State: TIMED_WAITING&#10;        at sun.misc.Unsafe.park(Native Method)&#10;        at java.util.concurrent.locks.LockSupport.parkNanos(LockSupport.java:215)&#10;        at java.util.concurrent.locks.AbstractQueuedSynchronizer$ConditionObject.awaitNanos(AbstractQueuedSynchronizer.java:2078)&#10;        at java.util.concurrent.LinkedBlockingQueue.poll(LinkedBlockingQueue.java:467)&#10;        at org.apache.hadoop.ipc.CallQueueManager.take(CallQueueManager.java:317)&#10;        at org.apache.hadoop.ipc.Server$Handler.run(Server.java:2932)&#10;&quot;IPC Server idle connection scanner for port 45789&quot; daemon prio=5 tid=115 timed_waiting&#10;java.lang.Thread.State: TIMED_WAITING&#10;        at java.lang.Object.wait(Native Method)&#10;        at java.util.TimerThread.mainLoop(Timer.java:552)&#10;        at java.util.TimerThread.run(Timer.java:505)&#10;&quot;qtp685606790-101&quot; daemon prio=5 tid=101 timed_waiting&#10;java.lang.Thread.State: TIMED_WAITING&#10;        at sun.misc.Unsafe.park(Native Method)&#10;        at java.util.concurrent.locks.LockSupport.parkNanos(LockSupport.java:215)&#10;        at java.util.concurrent.locks.AbstractQueuedSynchronizer$ConditionObject.awaitNanos(AbstractQueuedSynchronizer.java:2078)&#10;        at org.eclipse.jetty.util.BlockingArrayQueue.poll(BlockingArrayQueue.java:382)&#10;        at org.eclipse.jetty.util.thread.QueuedThreadPool$Runner.idleJobPoll(QueuedThreadPool.java:974)&#10;        at org.eclipse.jetty.util.thread.QueuedThreadPool$Runner.run(QueuedThreadPool.java:1018)&#10;        at java.lang.Thread.run(Thread.java:748)&#10;&quot;surefire-forkedjvm-ping-30s&quot; daemon prio=5 tid=10 timed_waiting&#10;java.lang.Thread.State: TIMED_WAITING&#10;        at sun.misc.Unsafe.park(Native Method)&#10;        at java.util.concurrent.locks.LockSupport.parkNanos(LockSupport.java:215)&#10;        at java.util.concurrent.locks.AbstractQueuedSynchronizer$ConditionObject.awaitNanos(AbstractQueuedSynchronizer.java:2078)&#10;        at java.util.concurrent.ScheduledThreadPoolExecutor$DelayedWorkQueue.take(ScheduledThreadPoolExecutor.java:1093)&#10;        at java.util.concurrent.ScheduledThreadPoolExecutor$DelayedWorkQueue.take(ScheduledThreadPoolExecutor.java:809)&#10;        at java.util.concurrent.ThreadPoolExecutor.getTask(ThreadPoolExecutor.java:1074)&#10;        at java.util.concurrent.ThreadPoolExecutor.runWorker(ThreadPoolExecutor.java:1134)&#10;        at java.util.concurrent.ThreadPoolExecutor$Worker.run(ThreadPoolExecutor.java:624)&#10;        at java.lang.Thread.run(Thread.java:748)&#10;&quot;Datanode ReportManager Thread - 3&quot; daemon prio=5 tid=230 timed_waiting&#10;java.lang.Thread.State: TIMED_WAITING&#10;        at sun.misc.Unsafe.park(Native Method)&#10;        at java.util.concurrent.locks.LockSupport.parkNanos(LockSupport.java:215)&#10;        at java.util.concurrent.locks.AbstractQueuedSynchronizer$ConditionObject.awaitNanos(AbstractQueuedSynchronizer.java:2078)&#10;        at java.util.concurrent.ScheduledThreadPoolExecutor$DelayedWorkQueue.take(ScheduledThreadPoolExecutor.java:1093)&#10;        at java.util.concurrent.ScheduledThreadPoolExecutor$DelayedWorkQueue.take(ScheduledThreadPoolExecutor.java:809)&#10;        at java.util.concurrent.ThreadPoolExecutor.getTask(ThreadPoolExecutor.java:1074)&#10;        at java.util.concurrent.ThreadPoolExecutor.runWorker(ThreadPoolExecutor.java:1134)&#10;        at java.util.concurrent.ThreadPoolExecutor$Worker.run(ThreadPoolExecutor.java:624)&#10;        at java.lang.Thread.run(Thread.java:748)&#10;&quot;Signal Dispatcher&quot; daemon prio=9 tid=4 runnable&#10;java.lang.Thread.State: RUNNABLE&#10;&quot;EventQueue-PipelineReportForOneReplicaPipelineSafeModeRule&quot; daemon prio=5 tid=271 in Object.wait()&#10;java.lang.Thread.State: WAITING (on object monitor)&#10;        at sun.misc.Unsafe.park(Native Method)&#10;        at java.util.concurrent.locks.LockSupport.park(LockSupport.java:175)&#10;        at java.util.concurrent.locks.AbstractQueuedSynchronizer$ConditionObject.await(AbstractQueuedSynchronizer.java:2039)&#10;        at java.util.concurrent.LinkedBlockingQueue.take(LinkedBlockingQueue.java:442)&#10;        at java.util.concurrent.ThreadPoolExecutor.getTask(ThreadPoolExecutor.java:1074)&#10;        at java.util.concurrent.ThreadPoolExecutor.runWorker(ThreadPoolExecutor.java:1134)&#10;        at java.util.concurrent.ThreadPoolExecutor$Worker.run(ThreadPoolExecutor.java:624)&#10;        at java.lang.Thread.run(Thread.java:748)&#10;&quot;IPC Server handler 15 on default port 45789&quot; daemon prio=5 tid=151 timed_waiting&#10;java.lang.Thread.State: TIMED_WAITING&#10;        at sun.misc.Unsafe.park(Native Method)&#10;        at java.util.concurrent.locks.LockSupport.parkNanos(LockSupport.java:215)&#10;        at java.util.concurrent.locks.AbstractQueuedSynchronizer$ConditionObject.awaitNanos(AbstractQueuedSynchronizer.java:2078)&#10;        at java.util.concurrent.LinkedBlockingQueue.poll(LinkedBlockingQueue.java:467)&#10;        at org.apache.hadoop.ipc.CallQueueManager.take(CallQueueManager.java:317)&#10;        at org.apache.hadoop.ipc.Server$Handler.run(Server.java:2932)&#10;&quot;IPC Server handler 17 on default port 41881&quot; daemon prio=5 tid=90 timed_waiting&#10;java.lang.Thread.State: TIMED_WAITING&#10;        at sun.misc.Unsafe.park(Native Method)&#10;        at java.util.concurrent.locks.LockSupport.parkNanos(LockSupport.java:215)&#10;        at java.util.concurrent.locks.AbstractQueuedSynchronizer$ConditionObject.awaitNanos(AbstractQueuedSynchronizer.java:2078)&#10;        at java.util.concurrent.LinkedBlockingQueue.poll(LinkedBlockingQueue.java:467)&#10;        at org.apache.hadoop.ipc.CallQueueManager.take(CallQueueManager.java:317)&#10;        at org.apache.hadoop.ipc.Server$Handler.run(Server.java:2932)&#10;&quot;IPC Server handler 16 on default port 38125&quot; daemon prio=5 tid=49 timed_waiting&#10;java.lang.Thread.State: TIMED_WAITING&#10;        at sun.misc.Unsafe.park(Native Method)&#10;        at java.util.concurrent.locks.LockSupport.parkNanos(LockSupport.java:215)&#10;        at java.util.concurrent.locks.AbstractQueuedSynchronizer$ConditionObject.awaitNanos(AbstractQueuedSynchronizer.java:2078)&#10;        at java.util.concurrent.LinkedBlockingQueue.poll(LinkedBlockingQueue.java:467)&#10;        at org.apache.hadoop.ipc.CallQueueManager.take(CallQueueManager.java:317)&#10;        at org.apache.hadoop.ipc.Server$Handler.run(Server.java:2932)&#10;&quot;IPC Server handler 14 on default port 45789&quot; daemon prio=5 tid=150 timed_waiting&#10;java.lang.Thread.State: TIMED_WAITING&#10;        at sun.misc.Unsafe.park(Native Method)&#10;        at java.util.concurrent.locks.LockSupport.parkNanos(LockSupport.java:215)&#10;        at java.util.concurrent.locks.AbstractQueuedSynchronizer$ConditionObject.awaitNanos(AbstractQueuedSynchronizer.java:2078)&#10;        at java.util.concurrent.LinkedBlockingQueue.poll(LinkedBlockingQueue.java:467)&#10;        at org.apache.hadoop.ipc.CallQueueManager.take(CallQueueManager.java:317)&#10;        at org.apache.hadoop.ipc.Server$Handler.run(Server.java:2932)&#10;&quot;qtp685606790-103&quot; daemon prio=5 tid=103 timed_waiting&#10;java.lang.Thread.State: TIMED_WAITING&#10;        at sun.misc.Unsafe.park(Native Method)&#10;        at java.util.concurrent.locks.LockSupport.parkNanos(LockSupport.java:215)&#10;        at java.util.concurrent.locks.AbstractQueuedSynchronizer$ConditionObject.awaitNanos(AbstractQueuedSynchronizer.java:2078)&#10;        at org.eclipse.jetty.util.BlockingArrayQueue.poll(BlockingArrayQueue.java:382)&#10;        at org.eclipse.jetty.util.thread.QueuedThreadPool$Runner.idleJobPoll(QueuedThreadPool.java:974)&#10;        at org.eclipse.jetty.util.thread.QueuedThreadPool$Runner.run(QueuedThreadPool.java:1018)&#10;        at java.lang.Thread.run(Thread.java:748)&#10;&quot;grpc-default-worker-ELG-3-1&quot; daemon prio=5 tid=279 runnable&#10;java.lang.Thread.State: RUNNABLE&#10;        at org.apache.ratis.thirdparty.io.netty.channel.epoll.Native.epollWait0(Native Method)&#10;        at org.apache.ratis.thirdparty.io.netty.channel.epoll.Native.epollWait(Native.java:161)&#10;        at org.apache.ratis.thirdparty.io.netty.channel.epoll.EpollEventLoop.epollWait(EpollEventLoop.java:286)&#10;        at org.apache.ratis.thirdparty.io.netty.channel.epoll.EpollEventLoop.run(EpollEventLoop.java:351)&#10;        at org.apache.ratis.thirdparty.io.netty.util.concurrent.SingleThreadEventExecutor$4.run(SingleThreadEventExecutor.java:989)&#10;        at org.apache.ratis.thirdparty.io.netty.util.internal.ThreadExecutorMap$2.run(ThreadExecutorMap.java:74)&#10;        at org.apache.ratis.thirdparty.io.netty.util.concurrent.FastThreadLocalRunnable.run(FastThreadLocalRunnable.java:30)&#10;        at java.lang.Thread.run(Thread.java:748)&#10;&quot;IPC Server handler 13 on default port 43391&quot; daemon prio=5 tid=66 timed_waiting&#10;java.lang.Thread.State: TIMED_WAITING&#10;        at sun.misc.Unsafe.park(Native Method)&#10;        at java.util.concurrent.locks.LockSupport.parkNanos(LockSupport.java:215)&#10;        at java.util.concurrent.locks.AbstractQueuedSynchronizer$ConditionObject.awaitNanos(AbstractQueuedSynchronizer.java:2078)&#10;        at java.util.concurrent.LinkedBlockingQueue.poll(LinkedBlockingQueue.java:467)&#10;        at org.apache.hadoop.ipc.CallQueueManager.take(CallQueueManager.java:317)&#10;        at org.apache.hadoop.ipc.Server$Handler.run(Server.java:2932)&#10;&quot;Socket Reader #1 for port 0&quot;  prio=5 tid=20 runnable&#10;java.lang.Thread.State: RUNNABLE&#10;        at sun.nio.ch.EPollArrayWrapper.epollWait(Native Method)&#10;        at sun.nio.ch.EPollArrayWrapper.poll(EPollArrayWrapper.java:269)&#10;        at sun.nio.ch.EPollSelectorImpl.doSelect(EPollSelectorImpl.java:93)&#10;        at sun.nio.ch.SelectorImpl.lockAndDoSelect(SelectorImpl.java:86)&#10;        at sun.nio.ch.SelectorImpl.select(SelectorImpl.java:97)&#10;        at sun.nio.ch.SelectorImpl.select(SelectorImpl.java:101)&#10;        at org.apache.hadoop.ipc.Server$Listener$Reader.doRunLoop(Server.java:1288)&#10;        at org.apache.hadoop.ipc.Server$Listener$Reader.run(Server.java:1267)&#10;&quot;Periodic HDDS volume checker&quot; daemon prio=5 tid=3300 timed_waiting&#10;java.lang.Thread.State: TIMED_WAITING&#10;        at sun.misc.Unsafe.park(Native Method)&#10;        at java.util.concurrent.locks.LockSupport.parkNanos(LockSupport.java:215)&#10;        at java.util.concurrent.locks.AbstractQueuedSynchronizer$ConditionObject.awaitNanos(AbstractQueuedSynchronizer.java:2078)&#10;        at java.util.concurrent.ScheduledThreadPoolExecutor$DelayedWorkQueue.take(ScheduledThreadPoolExecutor.java:1093)&#10;        at java.util.concurrent.ScheduledThreadPoolExecutor$DelayedWorkQueue.take(ScheduledThreadPoolExecutor.java:809)&#10;        at java.util.concurrent.ThreadPoolExecutor.getTask(ThreadPoolExecutor.java:1074)&#10;        at java.util.concurrent.ThreadPoolExecutor.runWorker(ThreadPoolExecutor.java:1134)&#10;        at java.util.concurrent.ThreadPoolExecutor$Worker.run(ThreadPoolExecutor.java:624)&#10;        at java.lang.Thread.run(Thread.java:748)&#10;&quot;grpc-default-executor-5&quot; daemon prio=5 tid=1886 timed_waiting&#10;java.lang.Thread.State: TIMED_WAITING&#10;        at sun.misc.Unsafe.park(Native Method)&#10;        at java.util.concurrent.locks.LockSupport.parkNanos(LockSupport.java:215)&#10;        at java.util.concurrent.SynchronousQueue$TransferStack.awaitFulfill(SynchronousQueue.java:460)&#10;        at java.util.concurrent.SynchronousQueue$TransferStack.transfer(SynchronousQueue.java:362)&#10;        at java.util.concurrent.SynchronousQueue.poll(SynchronousQueue.java:941)&#10;        at java.util.concurrent.ThreadPoolExecutor.getTask(ThreadPoolExecutor.java:1073)&#10;        at java.util.concurrent.ThreadPoolExecutor.runWorker(ThreadPoolExecutor.java:1134)&#10;        at java.util.concurrent.ThreadPoolExecutor$Worker.run(ThreadPoolExecutor.java:624)&#10;        at java.lang.Thread.run(Thread.java:748)&#10;&quot;IPC Server handler 16 on default port 41881&quot; daemon prio=5 tid=89 timed_waiting&#10;java.lang.Thread.State: TIMED_WAITING&#10;        at sun.misc.Unsafe.park(Native Method)&#10;        at java.util.concurrent.locks.LockSupport.parkNanos(LockSupport.java:215)&#10;        at java.util.concurrent.locks.AbstractQueuedSynchronizer$ConditionObject.awaitNanos(AbstractQueuedSynchronizer.java:2078)&#10;        at java.util.concurrent.LinkedBlockingQueue.poll(LinkedBlockingQueue.java:467)&#10;        at org.apache.hadoop.ipc.CallQueueManager.take(CallQueueManager.java:317)&#10;        at org.apache.hadoop.ipc.Server$Handler.run(Server.java:2932)&#10;&quot;IPC Client (2001804956) connection to /0.0.0.0:41881 from runner&quot; daemon prio=5 tid=237 timed_waiting&#10;java.lang.Thread.State: TIMED_WAITING&#10;        at java.lang.Object.wait(Native Method)&#10;        at org.apache.hadoop.ipc.Client$Connection.waitForWork(Client.java:1053)&#10;        at org.apache.hadoop.ipc.Client$Connection.run(Client.java:1097)&#10;&quot;IPC Server handler 0 on default port 41881&quot; daemon prio=5 tid=73 timed_waiting&#10;java.lang.Thread.State: TIMED_WAITING&#10;        at sun.misc.Unsafe.park(Native Method)&#10;        at java.util.concurrent.locks.LockSupport.parkNanos(LockSupport.java:215)&#10;        at java.util.concurrent.locks.AbstractQueuedSynchronizer$ConditionObject.awaitNanos(AbstractQueuedSynchronizer.java:2078)&#10;        at java.util.concurrent.LinkedBlockingQueue.poll(LinkedBlockingQueue.java:467)&#10;        at org.apache.hadoop.ipc.CallQueueManager.take(CallQueueManager.java:317)&#10;        at org.apache.hadoop.ipc.Server$Handler.run(Server.java:2932)&#10;&quot;DatanodeAdminManager-0&quot; daemon prio=5 tid=17 timed_waiting&#10;java.lang.Thread.State: TIMED_WAITING&#10;        at sun.misc.Unsafe.park(Native Method)&#10;        at java.util.concurrent.locks.LockSupport.parkNanos(LockSupport.java:215)&#10;        at java.util.concurrent.locks.AbstractQueuedSynchronizer$ConditionObject.awaitNanos(AbstractQueuedSynchronizer.java:2078)&#10;        at java.util.concurrent.ScheduledThreadPoolExecutor$DelayedWorkQueue.take(ScheduledThreadPoolExecutor.java:1093)&#10;        at java.util.concurrent.ScheduledThreadPoolExecutor$DelayedWorkQueue.take(ScheduledThreadPoolExecutor.java:809)&#10;        at java.util.concurrent.ThreadPoolExecutor.getTask(ThreadPoolExecutor.java:1074)&#10;        at java.util.concurrent.ThreadPoolExecutor.runWorker(ThreadPoolExecutor.java:1134)&#10;        at java.util.concurrent.ThreadPoolExecutor$Worker.run(ThreadPoolExecutor.java:624)&#10;        at java.lang.Thread.run(Thread.java:748)&#10;&quot;PartialTableCache Cleanup Thread - 0&quot; daemon prio=5 tid=354 in Object.wait()&#10;java.lang.Thread.State: WAITING (on object monitor)&#10;        at sun.misc.Unsafe.park(Native Method)&#10;        at java.util.concurrent.locks.LockSupport.park(LockSupport.java:175)&#10;        at java.util.concurrent.locks.AbstractQueuedSynchronizer$ConditionObject.await(AbstractQueuedSynchronizer.java:2039)&#10;        at java.util.concurrent.LinkedBlockingQueue.take(LinkedBlockingQueue.java:442)&#10;        at java.util.concurrent.ThreadPoolExecutor.getTask(ThreadPoolExecutor.java:1074)&#10;        at java.util.concurrent.ThreadPoolExecutor.runWorker(ThreadPoolExecutor.java:1134)&#10;        at java.util.concurrent.ThreadPoolExecutor$Worker.run(ThreadPoolExecutor.java:624)&#10;        at java.lang.Thread.run(Thread.java:748)&#10;&quot;Reference Handler&quot; daemon prio=10 tid=2 in Object.wait()&#10;java.lang.Thread.State: WAITING (on object monitor)&#10;        at java.lang.Object.wait(Native Method)&#10;        at java.lang.Object.wait(Object.java:502)&#10;        at java.lang.ref.Reference.tryHandlePending(Reference.java:191)&#10;        at java.lang.ref.Reference$ReferenceHandler.run(Reference.java:153)&#10;&quot;IPC Server handler 2 on default port 41881&quot; daemon prio=5 tid=75 timed_waiting&#10;java.lang.Thread.State: TIMED_WAITING&#10;        at sun.misc.Unsafe.park(Native Method)&#10;        at java.util.concurrent.locks.LockSupport.parkNanos(LockSupport.java:215)&#10;        at java.util.concurrent.locks.AbstractQueuedSynchronizer$ConditionObject.awaitNanos(AbstractQueuedSynchronizer.java:2078)&#10;        at java.util.concurrent.LinkedBlockingQueue.poll(LinkedBlockingQueue.java:467)&#10;        at org.apache.hadoop.ipc.CallQueueManager.take(CallQueueManager.java:317)&#10;        at org.apache.hadoop.ipc.Server$Handler.run(Server.java:2932)&#10;&quot;ChunkReader-ELG-0&quot; daemon prio=5 tid=3355 runnable&#10;java.lang.Thread.State: RUNNABLE&#10;        at org.apache.ratis.thirdparty.io.netty.channel.epoll.Native.epollWait(Native Method)&#10;        at org.apache.ratis.thirdparty.io.netty.channel.epoll.Native.epollWait(Native.java:177)&#10;        at org.apache.ratis.thirdparty.io.netty.channel.epoll.Native.epollWait(Native.java:170)&#10;        at org.apache.ratis.thirdparty.io.netty.channel.epoll.EpollEventLoop.epollWaitNoTimerChange(EpollEventLoop.java:290)&#10;        at org.apache.ratis.thirdparty.io.netty.channel.epoll.EpollEventLoop.run(EpollEventLoop.java:347)&#10;        at org.apache.ratis.thirdparty.io.netty.util.concurrent.SingleThreadEventExecutor$4.run(SingleThreadEventExecutor.java:989)&#10;        at org.apache.ratis.thirdparty.io.netty.util.internal.ThreadExecutorMap$2.run(ThreadExecutorMap.java:74)&#10;        at java.lang.Thread.run(Thread.java:748)&#10;&quot;IPC Server handler 18 on default port 45789&quot; daemon prio=5 tid=154 timed_waiting&#10;java.lang.Thread.State: TIMED_WAITING&#10;        at sun.misc.Unsafe.park(Native Method)&#10;        at java.util.concurrent.locks.LockSupport.parkNanos(LockSupport.java:215)&#10;        at java.util.concurrent.locks.AbstractQueuedSynchronizer$ConditionObject.awaitNanos(AbstractQueuedSynchronizer.java:2078)&#10;        at java.util.concurrent.LinkedBlockingQueue.poll(LinkedBlockingQueue.java:467)&#10;        at org.apache.hadoop.ipc.CallQueueManager.take(CallQueueManager.java:317)&#10;        at org.apache.hadoop.ipc.Server$Handler.run(Server.java:2932)&#10;&quot;IPC Server Responder&quot; daemon prio=5 tid=116 runnable&#10;java.lang.Thread.State: RUNNABLE&#10;        at sun.nio.ch.EPollArrayWrapper.epollWait(Native Method)&#10;        at sun.nio.ch.EPollArrayWrapper.poll(EPollArrayWrapper.java:269)&#10;        at sun.nio.ch.EPollSelectorImpl.doSelect(EPollSelectorImpl.java:93)&#10;        at sun.nio.ch.SelectorImpl.lockAndDoSelect(SelectorImpl.java:86)&#10;        at sun.nio.ch.SelectorImpl.select(SelectorImpl.java:97)&#10;        at org.apache.hadoop.ipc.Server$Responder.doRunLoop(Server.java:1527)&#10;        at org.apache.hadoop.ipc.Server$Responder.run(Server.java:1510)&#10;&quot;java.util.concurrent.ThreadPoolExecutor$Worker@5482d662[State = -1, empty queue]&quot; daemon prio=5 tid=1245 timed_waiting&#10;java.lang.Thread.State: TIMED_WAITING&#10;        at sun.misc.Unsafe.park(Native Method)&#10;        at java.util.concurrent.locks.LockSupport.parkNanos(LockSupport.java:215)&#10;        at java.util.concurrent.locks.AbstractQueuedSynchronizer$ConditionObject.awaitNanos(AbstractQueuedSynchronizer.java:2078)&#10;        at java.util.concurrent.ScheduledThreadPoolExecutor$DelayedWorkQueue.take(ScheduledThreadPoolExecutor.java:1093)&#10;        at java.util.concurrent.ScheduledThreadPoolExecutor$DelayedWorkQueue.take(ScheduledThreadPoolExecutor.java:809)&#10;        at java.util.concurrent.ThreadPoolExecutor.getTask(ThreadPoolExecutor.java:1074)&#10;        at java.util.concurrent.ThreadPoolExecutor.runWorker(ThreadPoolExecutor.java:1134)&#10;        at java.util.concurrent.ThreadPoolExecutor$Worker.run(ThreadPoolExecutor.java:624)&#10;        at java.lang.Thread.run(Thread.java:748)&#10;&quot;java.util.concurrent.ThreadPoolExecutor$Worker@7fc4ef95[State = -1, empty queue]&quot; daemon prio=5 tid=1195 timed_waiting&#10;java.lang.Thread.State: TIMED_WAITING&#10;        at sun.misc.Unsafe.park(Native Method)&#10;        at java.util.concurrent.locks.LockSupport.parkNanos(LockSupport.java:215)&#10;        at java.util.concurrent.locks.AbstractQueuedSynchronizer$ConditionObject.awaitNanos(AbstractQueuedSynchronizer.java:2078)&#10;        at java.util.concurrent.ScheduledThreadPoolExecutor$DelayedWorkQueue.take(ScheduledThreadPoolExecutor.java:1093)&#10;        at java.util.concurrent.ScheduledThreadPoolExecutor$DelayedWorkQueue.take(ScheduledThreadPoolExecutor.java:809)&#10;        at java.util.concurrent.ThreadPoolExecutor.getTask(ThreadPoolExecutor.java:1074)&#10;        at java.util.concurrent.ThreadPoolExecutor.runWorker(ThreadPoolExecutor.java:1134)&#10;        at java.util.concurrent.ThreadPoolExecutor$Worker.run(ThreadPoolExecutor.java:624)&#10;        at java.lang.Thread.run(Thread.java:748)&#10;&quot;IPC Server handler 7 on default port 41881&quot; daemon prio=5 tid=80 timed_waiting&#10;java.lang.Thread.State: TIMED_WAITING&#10;        at sun.misc.Unsafe.park(Native Method)&#10;        at java.util.concurrent.locks.LockSupport.parkNanos(LockSupport.java:215)&#10;        at java.util.concurrent.locks.AbstractQueuedSynchronizer$ConditionObject.awaitNanos(AbstractQueuedSynchronizer.java:2078)&#10;        at java.util.concurrent.LinkedBlockingQueue.poll(LinkedBlockingQueue.java:467)&#10;        at org.apache.hadoop.ipc.CallQueueManager.take(CallQueueManager.java:317)&#10;        at org.apache.hadoop.ipc.Server$Handler.run(Server.java:2932)&#10;&quot;EndpointStateMachine task thread for /0.0.0.0:41881 - 0 &quot;  prio=5 tid=3434 timed_waiting&#10;java.lang.Thread.State: TIMED_WAITING&#10;        at java.lang.Thread.sleep(Native Method)&#10;        at org.apache.hadoop.ozone.container.ozoneimpl.OzoneContainer.start(OzoneContainer.java:306)&#10;        at org.apache.hadoop.ozone.container.common.states.endpoint.VersionEndpointTask.call(VersionEndpointTask.java:113)&#10;        at org.apache.hadoop.ozone.container.common.states.endpoint.VersionEndpointTask.call(VersionEndpointTask.java:42)&#10;        at java.util.concurrent.FutureTask.run(FutureTask.java:266)&#10;        at java.util.concurrent.ThreadPoolExecutor.runWorker(ThreadPoolExecutor.java:1149)&#10;        at java.util.concurrent.ThreadPoolExecutor$Worker.run(ThreadPoolExecutor.java:624)&#10;        at java.lang.Thread.run(Thread.java:748)&#10;&quot;IPC Server listener on 0&quot; daemon prio=5 tid=27 runnable&#10;java.lang.Thread.State: RUNNABLE&#10;        at sun.nio.ch.EPollArrayWrapper.epollWait(Native Method)&#10;        at sun.nio.ch.EPollArrayWrapper.poll(EPollArrayWrapper.java:269)&#10;        at sun.nio.ch.EPollSelectorImpl.doSelect(EPollSelectorImpl.java:93)&#10;        at sun.nio.ch.SelectorImpl.lockAndDoSelect(SelectorImpl.java:86)&#10;        at sun.nio.ch.SelectorImpl.select(SelectorImpl.java:97)&#10;        at sun.nio.ch.SelectorImpl.select(SelectorImpl.java:101)&#10;        at org.apache.hadoop.ipc.Server$Listener.run(Server.java:1350)&#10;&quot;IPC Server handler 16 on default port 43391&quot; daemon prio=5 tid=69 timed_waiting&#10;java.lang.Thread.State: TIMED_WAITING&#10;        at sun.misc.Unsafe.park(Native Method)&#10;        at java.util.concurrent.locks.LockSupport.parkNanos(LockSupport.java:215)&#10;        at java.util.concurrent.locks.AbstractQueuedSynchronizer$ConditionObject.awaitNanos(AbstractQueuedSynchronizer.java:2078)&#10;        at java.util.concurrent.LinkedBlockingQueue.poll(LinkedBlockingQueue.java:467)&#10;        at org.apache.hadoop.ipc.CallQueueManager.take(CallQueueManager.java:317)&#10;        at org.apache.hadoop.ipc.Server$Handler.run(Server.java:2932)&#10;&quot;Session-HouseKeeper-2540410e-1&quot;  prio=5 tid=3328 timed_waiting&#10;java.lang.Thread.State: TIMED_WAITING&#10;        at sun.misc.Unsafe.park(Native Method)&#10;        at java.util.concurrent.locks.LockSupport.parkNanos(LockSupport.java:215)&#10;        at java.util.concurrent.locks.AbstractQueuedSynchronizer$ConditionObject.awaitNanos(AbstractQueuedSynchronizer.java:2078)&#10;        at java.util.concurrent.ScheduledThreadPoolExecutor$DelayedWorkQueue.take(ScheduledThreadPoolExecutor.java:1093)&#10;        at java.util.concurrent.ScheduledThreadPoolExecutor$DelayedWorkQueue.take(ScheduledThreadPoolExecutor.java:809)&#10;        at java.util.concurrent.ThreadPoolExecutor.getTask(ThreadPoolExecutor.java:1074)&#10;        at java.util.concurrent.ThreadPoolExecutor.runWorker(ThreadPoolExecutor.java:1134)&#10;        at java.util.concurrent.ThreadPoolExecutor$Worker.run(ThreadPoolExecutor.java:624)&#10;        at java.lang.Thread.run(Thread.java:748)&#10;&quot;Session-HouseKeeper-1fa24e7-1&quot;  prio=5 tid=104 timed_waiting&#10;java.lang.Thread.State: TIMED_WAITING&#10;        at sun.misc.Unsafe.park(Native Method)&#10;        at java.util.concurrent.locks.LockSupport.parkNanos(LockSupport.java:215)&#10;        at java.util.concurrent.locks.AbstractQueuedSynchronizer$ConditionObject.awaitNanos(AbstractQueuedSynchronizer.java:2078)&#10;        at java.util.concurrent.ScheduledThreadPoolExecutor$DelayedWorkQueue.take(ScheduledThreadPoolExecutor.java:1093)&#10;        at java.util.concurrent.ScheduledThreadPoolExecutor$DelayedWorkQueue.take(ScheduledThreadPoolExecutor.java:809)&#10;        at java.util.concurrent.ThreadPoolExecutor.getTask(ThreadPoolExecutor.java:1074)&#10;        at java.util.concurrent.ThreadPoolExecutor.runWorker(ThreadPoolExecutor.java:1134)&#10;        at java.util.concurrent.ThreadPoolExecutor$Worker.run(ThreadPoolExecutor.java:624)&#10;        at java.lang.Thread.run(Thread.java:748)&#10;&quot;IPC Server handler 5 on default port 41881&quot; daemon prio=5 tid=78 timed_waiting&#10;java.lang.Thread.State: TIMED_WAITING&#10;        at sun.misc.Unsafe.park(Native Method)&#10;        at java.util.concurrent.locks.LockSupport.parkNanos(LockSupport.java:215)&#10;        at java.util.concurrent.locks.AbstractQueuedSynchronizer$ConditionObject.awaitNanos(AbstractQueuedSynchronizer.java:2078)&#10;        at java.util.concurrent.LinkedBlockingQueue.poll(LinkedBlockingQueue.java:467)&#10;        at org.apache.hadoop.ipc.CallQueueManager.take(CallQueueManager.java:317)&#10;        at org.apache.hadoop.ipc.Server$Handler.run(Server.java:2932)&#10;&quot;org.apache.hadoop.util.JvmPauseMonitor$Monitor@87e5ad1&quot; daemon prio=5 tid=3430 timed_waiting&#10;java.lang.Thread.State: TIMED_WAITING&#10;        at java.lang.Thread.sleep(Native Method)&#10;        at org.apache.hadoop.util.JvmPauseMonitor$Monitor.run(JvmPauseMonitor.java:192)&#10;        at java.lang.Thread.run(Thread.java:748)&#10;&quot;IPC Server handler 7 on default port 45789&quot; daemon prio=5 tid=143 timed_waiting&#10;java.lang.Thread.State: TIMED_WAITING&#10;        at sun.misc.Unsafe.park(Native Method)&#10;        at java.util.concurrent.locks.LockSupport.parkNanos(LockSupport.java:215)&#10;        at java.util.concurrent.locks.AbstractQueuedSynchronizer$ConditionObject.awaitNanos(AbstractQueuedSynchronizer.java:2078)&#10;        at java.util.concurrent.LinkedBlockingQueue.poll(LinkedBlockingQueue.java:467)&#10;        at org.apache.hadoop.ipc.CallQueueManager.take(CallQueueManager.java:317)&#10;        at org.apache.hadoop.ipc.Server$Handler.run(Server.java:2932)&#10;&quot;IPC Server handler 4 on default port 41881&quot; daemon prio=5 tid=77 timed_waiting&#10;java.lang.Thread.State: TIMED_WAITING&#10;        at sun.misc.Unsafe.park(Native Method)&#10;        at java.util.concurrent.locks.LockSupport.parkNanos(LockSupport.java:215)&#10;        at java.util.concurrent.locks.AbstractQueuedSynchronizer$ConditionObject.awaitNanos(AbstractQueuedSynchronizer.java:2078)&#10;        at java.util.concurrent.LinkedBlockingQueue.poll(LinkedBlockingQueue.java:467)&#10;        at org.apache.hadoop.ipc.CallQueueManager.take(CallQueueManager.java:317)&#10;        at org.apache.hadoop.ipc.Server$Handler.run(Server.java:2932)&#10;&quot;Session-HouseKeeper-26f8e09e-1&quot;  prio=5 tid=3422 timed_waiting&#10;java.lang.Thread.State: TIMED_WAITING&#10;        at sun.misc.Unsafe.park(Native Method)&#10;        at java.util.concurrent.locks.LockSupport.parkNanos(LockSupport.java:215)&#10;        at java.util.concurrent.locks.AbstractQueuedSynchronizer$ConditionObject.awaitNanos(AbstractQueuedSynchronizer.java:2078)&#10;        at java.util.concurrent.ScheduledThreadPoolExecutor$DelayedWorkQueue.take(ScheduledThreadPoolExecutor.java:1093)&#10;        at java.util.concurrent.ScheduledThreadPoolExecutor$DelayedWorkQueue.take(ScheduledThreadPoolExecutor.java:809)&#10;        at java.util.concurrent.ThreadPoolExecutor.getTask(ThreadPoolExecutor.java:1074)&#10;        at java.util.concurrent.ThreadPoolExecutor.runWorker(ThreadPoolExecutor.java:1134)&#10;        at java.util.concurrent.ThreadPoolExecutor$Worker.run(ThreadPoolExecutor.java:624)&#10;        at java.lang.Thread.run(Thread.java:748)&#10;&quot;org.apache.hadoop.ozone.container.common.statemachine.commandhandler.DeleteBlocksCommandHandler$DeleteCmdWorker@485fe2cd&quot; daemon prio=5 tid=189 runnable&#10;java.lang.Thread.State: RUNNABLE&#10;        at java.lang.Throwable.fillInStackTrace(Native Method)&#10;        at java.lang.Throwable.fillInStackTrace(Throwable.java:784)&#10;        at java.lang.Throwable.&lt;init&gt;(Throwable.java:266)&#10;        at java.lang.Exception.&lt;init&gt;(Exception.java:66)&#10;        at java.lang.InterruptedException.&lt;init&gt;(InterruptedException.java:67)&#10;        at java.lang.Thread.sleep(Native Method)&#10;        at org.apache.hadoop.ozone.container.common.statemachine.commandhandler.DeleteBlocksCommandHandler$DeleteCmdWorker.run(DeleteBlocksCommandHandler.java:175)&#10;        at java.lang.Thread.run(Thread.java:748)&#10;&quot;IPC Server handler 10 on default port 45789&quot; daemon prio=5 tid=146 timed_waiting&#10;java.lang.Thread.State: TIMED_WAITING&#10;        at sun.misc.Unsafe.park(Native Method)&#10;        at java.util.concurrent.locks.LockSupport.parkNanos(LockSupport.java:215)&#10;        at java.util.concurrent.locks.AbstractQueuedSynchronizer$ConditionObject.awaitNanos(AbstractQueuedSynchronizer.java:2078)&#10;        at java.util.concurrent.LinkedBlockingQueue.poll(LinkedBlockingQueue.java:467)&#10;        at org.apache.hadoop.ipc.CallQueueManager.take(CallQueueManager.java:317)&#10;        at org.apache.hadoop.ipc.Server$Handler.run(Server.java:2932)&#10;&quot;OMDoubleBufferFlushThread&quot; daemon prio=5 tid=111 timed_waiting&#10;java.lang.Thread.State: TIMED_WAITING&#10;        at java.lang.Object.wait(Native Method)&#10;        at org.apache.hadoop.ozone.om.ratis.OzoneManagerDoubleBuffer.canFlush(OzoneManagerDoubleBuffer.java:509)&#10;        at org.apache.hadoop.ozone.om.ratis.OzoneManagerDoubleBuffer.flushTransactions(OzoneManagerDoubleBuffer.java:241)&#10;        at org.apache.hadoop.ozone.om.ratis.OzoneManagerDoubleBuffer$$Lambda$364/1927436746.run(Unknown Source)&#10;        at java.lang.Thread.run(Thread.java:748)&#10;&quot;EventQueue-NewNodeForNewNodeHandler&quot; daemon prio=5 tid=266 in Object.wait()&#10;java.lang.Thread.State: WAITING (on object monitor)&#10;        at sun.misc.Unsafe.park(Native Method)&#10;        at java.util.concurrent.locks.LockSupport.park(LockSupport.java:175)&#10;        at java.util.concurrent.locks.AbstractQueuedSynchronizer$ConditionObject.await(AbstractQueuedSynchronizer.java:2039)&#10;        at java.util.concurrent.LinkedBlockingQueue.take(LinkedBlockingQueue.java:442)&#10;        at java.util.concurrent.ThreadPoolExecutor.getTask(ThreadPoolExecutor.java:1074)&#10;        at java.util.concurrent.ThreadPoolExecutor.runWorker(ThreadPoolExecutor.java:1134)&#10;        at java.util.concurrent.ThreadPoolExecutor$Worker.run(ThreadPoolExecutor.java:624)&#10;        at java.lang.Thread.run(Thread.java:748)&#10;&quot;IPC Server handler 9 on default port 38125&quot; daemon prio=5 tid=42 timed_waiting&#10;java.lang.Thread.State: TIMED_WAITING&#10;        at sun.misc.Unsafe.park(Native Method)&#10;        at java.util.concurrent.locks.LockSupport.parkNanos(LockSupport.java:215)&#10;        at java.util.concurrent.locks.AbstractQueuedSynchronizer$ConditionObject.awaitNanos(AbstractQueuedSynchronizer.java:2078)&#10;        at java.util.concurrent.LinkedBlockingQueue.poll(LinkedBlockingQueue.java:467)&#10;        at org.apache.hadoop.ipc.CallQueueManager.take(CallQueueManager.java:317)&#10;        at org.apache.hadoop.ipc.Server$Handler.run(Server.java:2932)&#10;&quot;IPC Server handler 8 on default port 43391&quot; daemon prio=5 tid=61 timed_waiting&#10;java.lang.Thread.State: TIMED_WAITING&#10;        at sun.misc.Unsafe.park(Native Method)&#10;        at java.util.concurrent.locks.LockSupport.parkNanos(LockSupport.java:215)&#10;        at java.util.concurrent.locks.AbstractQueuedSynchronizer$ConditionObject.awaitNanos(AbstractQueuedSynchronizer.java:2078)&#10;        at java.util.concurrent.LinkedBlockingQueue.poll(LinkedBlockingQueue.java:467)&#10;        at org.apache.hadoop.ipc.CallQueueManager.take(CallQueueManager.java:317)&#10;        at org.apache.hadoop.ipc.Server$Handler.run(Server.java:2932)&#10;&quot;SCM Heartbeat Processing Thread - 0&quot; daemon prio=5 tid=14 timed_waiting&#10;java.lang.Thread.State: TIMED_WAITING&#10;        at sun.misc.Unsafe.park(Native Method)&#10;        at java.util.concurrent.locks.LockSupport.parkNanos(LockSupport.java:215)&#10;        at java.util.concurrent.locks.AbstractQueuedSynchronizer$ConditionObject.awaitNanos(AbstractQueuedSynchronizer.java:2078)&#10;        at java.util.concurrent.ScheduledThreadPoolExecutor$DelayedWorkQueue.take(ScheduledThreadPoolExecutor.java:1093)&#10;        at java.util.concurrent.ScheduledThreadPoolExecutor$DelayedWorkQueue.take(ScheduledThreadPoolExecutor.java:809)&#10;        at java.util.concurrent.ThreadPoolExecutor.getTask(ThreadPoolExecutor.java:1074)&#10;        at java.util.concurrent.ThreadPoolExecutor.runWorker(ThreadPoolExecutor.java:1134)&#10;        at java.util.concurrent.ThreadPoolExecutor$Worker.run(ThreadPoolExecutor.java:624)&#10;        at java.lang.Thread.run(Thread.java:748)&#10;&quot;IPC Server handler 14 on default port 41881&quot; daemon prio=5 tid=87 timed_waiting&#10;java.lang.Thread.State: TIMED_WAITING&#10;        at sun.misc.Unsafe.park(Native Method)&#10;        at java.util.concurrent.locks.LockSupport.parkNanos(LockSupport.java:215)&#10;        at java.util.concurrent.locks.AbstractQueuedSynchronizer$ConditionObject.awaitNanos(AbstractQueuedSynchronizer.java:2078)&#10;        at java.util.concurrent.LinkedBlockingQueue.poll(LinkedBlockingQueue.java:467)&#10;        at org.apache.hadoop.ipc.CallQueueManager.take(CallQueueManager.java:317)&#10;        at org.apache.hadoop.ipc.Server$Handler.run(Server.java:2932)&#10;&quot;IPC Server handler 19 on default port 38125&quot; daemon prio=5 tid=52 timed_waiting&#10;java.lang.Thread.State: TIMED_WAITING&#10;        at sun.misc.Unsafe.park(Native Method)&#10;        at java.util.concurrent.locks.LockSupport.parkNanos(LockSupport.java:215)&#10;        at java.util.concurrent.locks.AbstractQueuedSynchronizer$ConditionObject.awaitNanos(AbstractQueuedSynchronizer.java:2078)&#10;        at java.util.concurrent.LinkedBlockingQueue.poll(LinkedBlockingQueue.java:467)&#10;        at org.apache.hadoop.ipc.CallQueueManager.take(CallQueueManager.java:317)&#10;        at org.apache.hadoop.ipc.Server$Handler.run(Server.java:2932)&#10;&quot;IPC Server handler 11 on default port 43391&quot; daemon prio=5 tid=64 timed_waiting&#10;java.lang.Thread.State: TIMED_WAITING&#10;        at sun.misc.Unsafe.park(Native Method)&#10;        at java.util.concurrent.locks.LockSupport.parkNanos(LockSupport.java:215)&#10;        at java.util.concurrent.locks.AbstractQueuedSynchronizer$ConditionObject.awaitNanos(AbstractQueuedSynchronizer.java:2078)&#10;        at java.util.concurrent.LinkedBlockingQueue.poll(LinkedBlockingQueue.java:467)&#10;        at org.apache.hadoop.ipc.CallQueueManager.take(CallQueueManager.java:317)&#10;        at org.apache.hadoop.ipc.Server$Handler.run(Server.java:2932)&#10;&quot;PartialTableCache Cleanup Thread - 0&quot; daemon prio=5 tid=334 in Object.wait()&#10;java.lang.Thread.State: WAITING (on object monitor)&#10;        at sun.misc.Unsafe.park(Native Method)&#10;        at java.util.concurrent.locks.LockSupport.park(LockSupport.java:175)&#10;        at java.util.concurrent.locks.AbstractQueuedSynchronizer$ConditionObject.await(AbstractQueuedSynchronizer.java:2039)&#10;        at java.util.concurrent.LinkedBlockingQueue.take(LinkedBlockingQueue.java:442)&#10;        at java.util.concurrent.ThreadPoolExecutor.getTask(ThreadPoolExecutor.java:1074)&#10;        at java.util.concurrent.ThreadPoolExecutor.runWorker(ThreadPoolExecutor.java:1134)&#10;        at java.util.concurrent.ThreadPoolExecutor$Worker.run(ThreadPoolExecutor.java:624)&#10;        at java.lang.Thread.run(Thread.java:748)&#10;&quot;EventQueue-DatanodeCommandForSCMNodeManager&quot;  prio=5 tid=274 in Object.wait()&#10;java.lang.Thread.State: WAITING (on object monitor)&#10;        at sun.misc.Unsafe.park(Native Method)&#10;        at java.util.concurrent.locks.LockSupport.park(LockSupport.java:175)&#10;        at java.util.concurrent.locks.AbstractQueuedSynchronizer$ConditionObject.await(AbstractQueuedSynchronizer.java:2039)&#10;        at java.util.concurrent.LinkedBlockingQueue.take(LinkedBlockingQueue.java:442)&#10;        at java.util.concurrent.ThreadPoolExecutor.getTask(ThreadPoolExecutor.java:1074)&#10;        at java.util.concurrent.ThreadPoolExecutor.runWorker(ThreadPoolExecutor.java:1134)&#10;        at java.util.concurrent.ThreadPoolExecutor$Worker.run(ThreadPoolExecutor.java:624)&#10;        at java.lang.Thread.run(Thread.java:748)&#10;&quot;qtp68500741-3321&quot; daemon prio=5 tid=3321 timed_waiting&#10;java.lang.Thread.State: TIMED_WAITING&#10;        at sun.misc.Unsafe.park(Native Method)&#10;        at java.util.concurrent.locks.LockSupport.parkNanos(LockSupport.java:215)&#10;        at java.util.concurrent.locks.AbstractQueuedSynchronizer$ConditionObject.awaitNanos(AbstractQueuedSynchronizer.java:2078)&#10;        at org.eclipse.jetty.util.BlockingArrayQueue.poll(BlockingArrayQueue.java:382)&#10;        at org.eclipse.jetty.util.thread.QueuedThreadPool$Runner.idleJobPoll(QueuedThreadPool.java:974)&#10;        at org.eclipse.jetty.util.thread.QueuedThreadPool$Runner.run(QueuedThreadPool.java:1018)&#10;        at java.lang.Thread.run(Thread.java:748)&#10;&quot;IPC Server handler 5 on default port 43391&quot; daemon prio=5 tid=58 timed_waiting&#10;java.lang.Thread.State: TIMED_WAITING&#10;        at sun.misc.Unsafe.park(Native Method)&#10;        at java.util.concurrent.locks.LockSupport.parkNanos(LockSupport.java:215)&#10;        at java.util.concurrent.locks.AbstractQueuedSynchronizer$ConditionObject.awaitNanos(AbstractQueuedSynchronizer.java:2078)&#10;        at java.util.concurrent.LinkedBlockingQueue.poll(LinkedBlockingQueue.java:467)&#10;        at org.apache.hadoop.ipc.CallQueueManager.take(CallQueueManager.java:317)&#10;        at org.apache.hadoop.ipc.Server$Handler.run(Server.java:2932)&#10;&quot;org.apache.hadoop.util.JvmPauseMonitor$Monitor@1e4a4ed5&quot; daemon prio=5 tid=94 timed_waiting&#10;java.lang.Thread.State: TIMED_WAITING&#10;        at java.lang.Thread.sleep(Native Method)&#10;        at org.apache.hadoop.util.JvmPauseMonitor$Monitor.run(JvmPauseMonitor.java:192)&#10;        at java.lang.Thread.run(Thread.java:748)&#10;&quot;SCMBlockDeletingService#0&quot; daemon prio=5 tid=93 timed_waiting&#10;java.lang.Thread.State: TIMED_WAITING&#10;        at sun.misc.Unsafe.park(Native Method)&#10;        at java.util.concurrent.locks.LockSupport.parkNanos(LockSupport.java:215)&#10;        at java.util.concurrent.locks.AbstractQueuedSynchronizer$ConditionObject.awaitNanos(AbstractQueuedSynchronizer.java:2078)&#10;        at java.util.concurrent.ScheduledThreadPoolExecutor$DelayedWorkQueue.take(ScheduledThreadPoolExecutor.java:1093)&#10;        at java.util.concurrent.ScheduledThreadPoolExecutor$DelayedWorkQueue.take(ScheduledThreadPoolExecutor.java:809)&#10;        at java.util.concurrent.ThreadPoolExecutor.getTask(ThreadPoolExecutor.java:1074)&#10;        at java.util.concurrent.ThreadPoolExecutor.runWorker(ThreadPoolExecutor.java:1134)&#10;        at java.util.concurrent.ThreadPoolExecutor$Worker.run(ThreadPoolExecutor.java:624)&#10;        at java.lang.Thread.run(Thread.java:748)&#10;&quot;IPC Server handler 13 on default port 45789&quot; daemon prio=5 tid=149 timed_waiting&#10;java.lang.Thread.State: TIMED_WAITING&#10;        at sun.misc.Unsafe.park(Native Method)&#10;        at java.util.concurrent.locks.LockSupport.parkNanos(LockSupport.java:215)&#10;        at java.util.concurrent.locks.AbstractQueuedSynchronizer$ConditionObject.awaitNanos(AbstractQueuedSynchronizer.java:2078)&#10;        at java.util.concurrent.LinkedBlockingQueue.poll(LinkedBlockingQueue.java:467)&#10;        at org.apache.hadoop.ipc.CallQueueManager.take(CallQueueManager.java:317)&#10;        at org.apache.hadoop.ipc.Server$Handler.run(Server.java:2932)&#10;&quot;qtp1470711088-134&quot; daemon prio=5 tid=134 timed_waiting&#10;java.lang.Thread.State: TIMED_WAITING&#10;        at sun.misc.Unsafe.park(Native Method)&#10;        at java.util.concurrent.locks.LockSupport.parkNanos(LockSupport.java:215)&#10;        at java.util.concurrent.locks.AbstractQueuedSynchronizer$ConditionObject.awaitNanos(AbstractQueuedSynchronizer.java:2078)&#10;        at org.eclipse.jetty.util.BlockingArrayQueue.poll(BlockingArrayQueue.java:382)&#10;        at org.eclipse.jetty.util.thread.QueuedThreadPool$Runner.idleJobPoll(QueuedThreadPool.java:974)&#10;        at org.eclipse.jetty.util.thread.QueuedThreadPool$Runner.run(QueuedThreadPool.java:1018)&#10;        at java.lang.Thread.run(Thread.java:748)&#10;&quot;om1@group-C5BA1605619E-StateMachineUpdater&quot; daemon prio=5 tid=119 in Object.wait()&#10;java.lang.Thread.State: WAITING (on object monitor)&#10;        at java.lang.Object.wait(Native Method)&#10;        at java.lang.Object.wait(Object.java:502)&#10;        at org.apache.ratis.server.impl.StateMachineUpdater.waitForCommit(StateMachineUpdater.java:204)&#10;        at org.apache.ratis.server.impl.StateMachineUpdater.run(StateMachineUpdater.java:173)&#10;        at java.lang.Thread.run(Thread.java:748)&#10;&quot;IPC Server handler 19 on default port 41881&quot; daemon prio=5 tid=92 timed_waiting&#10;java.lang.Thread.State: TIMED_WAITING&#10;        at sun.misc.Unsafe.park(Native Method)&#10;        at java.util.concurrent.locks.LockSupport.parkNanos(LockSupport.java:215)&#10;        at java.util.concurrent.locks.AbstractQueuedSynchronizer$ConditionObject.awaitNanos(AbstractQueuedSynchronizer.java:2078)&#10;        at java.util.concurrent.LinkedBlockingQueue.poll(LinkedBlockingQueue.java:467)&#10;        at org.apache.hadoop.ipc.CallQueueManager.take(CallQueueManager.java:317)&#10;        at org.apache.hadoop.ipc.Server$Handler.run(Server.java:2932)&#10;&quot;PartialTableCache Cleanup Thread - 0&quot; daemon prio=5 tid=374 in Object.wait()&#10;java.lang.Thread.State: WAITING (on object monitor)&#10;        at sun.misc.Unsafe.park(Native Method)&#10;        at java.util.concurrent.locks.LockSupport.park(LockSupport.java:175)&#10;        at java.util.concurrent.locks.AbstractQueuedSynchronizer$ConditionObject.await(AbstractQueuedSynchronizer.java:2039)&#10;        at java.util.concurrent.LinkedBlockingQueue.take(LinkedBlockingQueue.java:442)&#10;        at java.util.concurrent.ThreadPoolExecutor.getTask(ThreadPoolExecutor.java:1074)&#10;        at java.util.concurrent.ThreadPoolExecutor.runWorker(ThreadPoolExecutor.java:1134)&#10;        at java.util.concurrent.ThreadPoolExecutor$Worker.run(ThreadPoolExecutor.java:624)&#10;        at java.lang.Thread.run(Thread.java:748)&#10;&quot;EventQueue-NodeRegistrationContainerReportForContainerSafeModeRule&quot; daemon prio=5 tid=268 in Object.wait()&#10;java.lang.Thread.State: WAITING (on object monitor)&#10;        at sun.misc.Unsafe.park(Native Method)&#10;        at java.util.concurrent.locks.LockSupport.park(LockSupport.java:175)&#10;        at java.util.concurrent.locks.AbstractQueuedSynchronizer$ConditionObject.await(AbstractQueuedSynchronizer.java:2039)&#10;        at java.util.concurrent.LinkedBlockingQueue.take(LinkedBlockingQueue.java:442)&#10;        at java.util.concurrent.ThreadPoolExecutor.getTask(ThreadPoolExecutor.java:1074)&#10;        at java.util.concurrent.ThreadPoolExecutor.runWorker(ThreadPoolExecutor.java:1134)&#10;        at java.util.concurrent.ThreadPoolExecutor$Worker.run(ThreadPoolExecutor.java:624)&#10;        at java.lang.Thread.run(Thread.java:748)&#10;&quot;qtp68500741-3327&quot; daemon prio=5 tid=3327 timed_waiting&#10;java.lang.Thread.State: TIMED_WAITING&#10;        at sun.misc.Unsafe.park(Native Method)&#10;        at java.util.concurrent.locks.LockSupport.parkNanos(LockSupport.java:215)&#10;        at java.util.concurrent.locks.AbstractQueuedSynchronizer$ConditionObject.awaitNanos(AbstractQueuedSynchronizer.java:2078)&#10;        at org.eclipse.jetty.util.BlockingArrayQueue.poll(BlockingArrayQueue.java:382)&#10;        at org.eclipse.jetty.util.thread.QueuedThreadPool$Runner.idleJobPoll(QueuedThreadPool.java:974)&#10;        at org.eclipse.jetty.util.thread.QueuedThreadPool$Runner.run(QueuedThreadPool.java:1018)&#10;        at java.lang.Thread.run(Thread.java:748)&#10;&quot;pool-42-thread-1&quot;  prio=5 tid=126 timed_waiting&#10;java.lang.Thread.State: TIMED_WAITING&#10;        at sun.misc.Unsafe.park(Native Method)&#10;        at java.util.concurrent.locks.LockSupport.parkNanos(LockSupport.java:215)&#10;        at java.util.concurrent.locks.AbstractQueuedSynchronizer$ConditionObject.awaitNanos(AbstractQueuedSynchronizer.java:2078)&#10;        at java.util.concurrent.ScheduledThreadPoolExecutor$DelayedWorkQueue.take(ScheduledThreadPoolExecutor.java:1093)&#10;        at java.util.concurrent.ScheduledThreadPoolExecutor$DelayedWorkQueue.take(ScheduledThreadPoolExecutor.java:809)&#10;        at java.util.concurrent.ThreadPoolExecutor.getTask(ThreadPoolExecutor.java:1074)&#10;        at java.util.concurrent.ThreadPoolExecutor.runWorker(ThreadPoolExecutor.java:1134)&#10;        at java.util.concurrent.ThreadPoolExecutor$Worker.run(ThreadPoolExecutor.java:624)&#10;        at java.lang.Thread.run(Thread.java:748)&#10;&quot;pool-433-thread-1&quot; daemon prio=5 tid=3408 timed_waiting&#10;java.lang.Thread.State: TIMED_WAITING&#10;        at sun.misc.Unsafe.park(Native Method)&#10;        at java.util.concurrent.locks.LockSupport.parkNanos(LockSupport.java:215)&#10;        at java.util.concurrent.locks.AbstractQueuedSynchronizer$ConditionObject.awaitNanos(AbstractQueuedSynchronizer.java:2078)&#10;        at java.util.concurrent.ScheduledThreadPoolExecutor$DelayedWorkQueue.take(ScheduledThreadPoolExecutor.java:1093)&#10;        at java.util.concurrent.ScheduledThreadPoolExecutor$DelayedWorkQueue.take(ScheduledThreadPoolExecutor.java:809)&#10;        at java.util.concurrent.ThreadPoolExecutor.getTask(ThreadPoolExecutor.java:1074)&#10;        at java.util.concurrent.ThreadPoolExecutor.runWorker(ThreadPoolExecutor.java:1134)&#10;        at java.util.concurrent.ThreadPoolExecutor$Worker.run(ThreadPoolExecutor.java:624)&#10;        at java.lang.Thread.run(Thread.java:748)&#10;&quot;EventQueue-PipelineReportForPipelineReportHandler&quot; daemon prio=5 tid=270 in Object.wait()&#10;java.lang.Thread.State: WAITING (on object monitor)&#10;        at sun.misc.Unsafe.park(Native Method)&#10;        at java.util.concurrent.locks.LockSupport.park(LockSupport.java:175)&#10;        at java.util.concurrent.locks.AbstractQueuedSynchronizer$ConditionObject.await(AbstractQueuedSynchronizer.java:2039)&#10;        at java.util.concurrent.LinkedBlockingQueue.take(LinkedBlockingQueue.java:442)&#10;        at java.util.concurrent.ThreadPoolExecutor.getTask(ThreadPoolExecutor.java:1074)&#10;        at java.util.concurrent.ThreadPoolExecutor.runWorker(ThreadPoolExecutor.java:1134)&#10;        at java.util.concurrent.ThreadPoolExecutor$Worker.run(ThreadPoolExecutor.java:624)&#10;        at java.lang.Thread.run(Thread.java:748)&#10;&quot;IPC Server handler 18 on default port 38125&quot; daemon prio=5 tid=51 timed_waiting&#10;java.lang.Thread.State: TIMED_WAITING&#10;        at sun.misc.Unsafe.park(Native Method)&#10;        at java.util.concurrent.locks.LockSupport.parkNanos(LockSupport.java:215)&#10;        at java.util.concurrent.locks.AbstractQueuedSynchronizer$ConditionObject.awaitNanos(AbstractQueuedSynchronizer.java:2078)&#10;        at java.util.concurrent.LinkedBlockingQueue.poll(LinkedBlockingQueue.java:467)&#10;        at org.apache.hadoop.ipc.CallQueueManager.take(CallQueueManager.java:317)&#10;        at org.apache.hadoop.ipc.Server$Handler.run(Server.java:2932)&#10;&quot;qtp68500741-3323&quot; daemon prio=5 tid=3323 timed_waiting&#10;java.lang.Thread.State: TIMED_WAITING&#10;        at sun.misc.Unsafe.park(Native Method)&#10;        at java.util.concurrent.locks.LockSupport.parkNanos(LockSupport.java:215)&#10;        at java.util.concurrent.locks.AbstractQueuedSynchronizer$ConditionObject.awaitNanos(AbstractQueuedSynchronizer.java:2078)&#10;        at org.eclipse.jetty.util.BlockingArrayQueue.poll(BlockingArrayQueue.java:382)&#10;        at org.eclipse.jetty.util.thread.QueuedThreadPool$Runner.idleJobPoll(QueuedThreadPool.java:974)&#10;        at org.eclipse.jetty.util.thread.QueuedThreadPool$Runner.run(QueuedThreadPool.java:1018)&#10;        at java.lang.Thread.run(Thread.java:748)&#10;&quot;Socket Reader #1 for port 0&quot;  prio=5 tid=24 runnable&#10;java.lang.Thread.State: RUNNABLE&#10;        at sun.nio.ch.EPollArrayWrapper.epollWait(Native Method)&#10;        at sun.nio.ch.EPollArrayWrapper.poll(EPollArrayWrapper.java:269)&#10;        at sun.nio.ch.EPollSelectorImpl.doSelect(EPollSelectorImpl.java:93)&#10;        at sun.nio.ch.SelectorImpl.lockAndDoSelect(SelectorImpl.java:86)&#10;        at sun.nio.ch.SelectorImpl.select(SelectorImpl.java:97)&#10;        at sun.nio.ch.SelectorImpl.select(SelectorImpl.java:101)&#10;        at org.apache.hadoop.ipc.Server$Listener$Reader.doRunLoop(Server.java:1288)&#10;        at org.apache.hadoop.ipc.Server$Listener$Reader.run(Server.java:1267)&#10;&quot;IPC Server handler 14 on default port 43391&quot; daemon prio=5 tid=67 timed_waiting&#10;java.lang.Thread.State: TIMED_WAITING&#10;        at sun.misc.Unsafe.park(Native Method)&#10;        at java.util.concurrent.locks.LockSupport.parkNanos(LockSupport.java:215)&#10;        at java.util.concurrent.locks.AbstractQueuedSynchronizer$ConditionObject.awaitNanos(AbstractQueuedSynchronizer.java:2078)&#10;        at java.util.concurrent.LinkedBlockingQueue.poll(LinkedBlockingQueue.java:467)&#10;        at org.apache.hadoop.ipc.CallQueueManager.take(CallQueueManager.java:317)&#10;        at org.apache.hadoop.ipc.Server$Handler.run(Server.java:2932)&#10;&quot;IPC Server handler 15 on default port 38125&quot; daemon prio=5 tid=48 timed_waiting&#10;java.lang.Thread.State: TIMED_WAITING&#10;        at sun.misc.Unsafe.park(Native Method)&#10;        at java.util.concurrent.locks.LockSupport.parkNanos(LockSupport.java:215)&#10;        at java.util.concurrent.locks.AbstractQueuedSynchronizer$ConditionObject.awaitNanos(AbstractQueuedSynchronizer.java:2078)&#10;        at java.util.concurrent.LinkedBlockingQueue.poll(LinkedBlockingQueue.java:467)&#10;        at org.apache.hadoop.ipc.CallQueueManager.take(CallQueueManager.java:317)&#10;        at org.apache.hadoop.ipc.Server$Handler.run(Server.java:2932)&#10;&quot;IPC Server handler 8 on default port 45789&quot; daemon prio=5 tid=144 timed_waiting&#10;java.lang.Thread.State: TIMED_WAITING&#10;        at sun.misc.Unsafe.park(Native Method)&#10;        at java.util.concurrent.locks.LockSupport.parkNanos(LockSupport.java:215)&#10;        at java.util.concurrent.locks.AbstractQueuedSynchronizer$ConditionObject.awaitNanos(AbstractQueuedSynchronizer.java:2078)&#10;        at java.util.concurrent.LinkedBlockingQueue.poll(LinkedBlockingQueue.java:467)&#10;        at org.apache.hadoop.ipc.CallQueueManager.take(CallQueueManager.java:317)&#10;        at org.apache.hadoop.ipc.Server$Handler.run(Server.java:2932)&#10;&quot;java.util.concurrent.ThreadPoolExecutor$Worker@20b8465f[State = -1, empty queue]&quot; daemon prio=5 tid=315 timed_waiting&#10;java.lang.Thread.State: TIMED_WAITING&#10;        at sun.misc.Unsafe.park(Native Method)&#10;        at java.util.concurrent.locks.LockSupport.parkNanos(LockSupport.java:215)&#10;        at java.util.concurrent.locks.AbstractQueuedSynchronizer$ConditionObject.awaitNanos(AbstractQueuedSynchronizer.java:2078)&#10;        at java.util.concurrent.ScheduledThreadPoolExecutor$DelayedWorkQueue.take(ScheduledThreadPoolExecutor.java:1093)&#10;        at java.util.concurrent.ScheduledThreadPoolExecutor$DelayedWorkQueue.take(ScheduledThreadPoolExecutor.java:809)&#10;        at java.util.concurrent.ThreadPoolExecutor.getTask(ThreadPoolExecutor.java:1074)&#10;        at java.util.concurrent.ThreadPoolExecutor.runWorker(ThreadPoolExecutor.java:1134)&#10;        at java.util.concurrent.ThreadPoolExecutor$Worker.run(ThreadPoolExecutor.java:624)&#10;        at java.lang.Thread.run(Thread.java:748)&#10;&quot;EventQueue-NodeRegistrationContainerReportForDataNodeSafeModeRule&quot; daemon prio=5 tid=269 in Object.wait()&#10;java.lang.Thread.State: WAITING (on object monitor)&#10;        at sun.misc.Unsafe.park(Native Method)&#10;        at java.util.concurrent.locks.LockSupport.park(LockSupport.java:175)&#10;        at java.util.concurrent.locks.AbstractQueuedSynchronizer$ConditionObject.await(AbstractQueuedSynchronizer.java:2039)&#10;        at java.util.concurrent.LinkedBlockingQueue.take(LinkedBlockingQueue.java:442)&#10;        at java.util.concurrent.ThreadPoolExecutor.getTask(ThreadPoolExecutor.java:1074)&#10;        at java.util.concurrent.ThreadPoolExecutor.runWorker(ThreadPoolExecutor.java:1134)&#10;        at java.util.concurrent.ThreadPoolExecutor$Worker.run(ThreadPoolExecutor.java:624)&#10;        at java.lang.Thread.run(Thread.java:748)&#10;&quot;EventQueue-ContainerReportForContainerReportHandler&quot; daemon prio=5 tid=3364 in Object.wait()&#10;java.lang.Thread.State: WAITING (on object monitor)&#10;        at sun.misc.Unsafe.park(Native Method)&#10;        at java.util.concurrent.locks.LockSupport.park(LockSupport.java:175)&#10;        at java.util.concurrent.locks.AbstractQueuedSynchronizer$ConditionObject.await(AbstractQueuedSynchronizer.java:2039)&#10;        at java.util.concurrent.LinkedBlockingQueue.take(LinkedBlockingQueue.java:442)&#10;        at java.util.concurrent.ThreadPoolExecutor.getTask(ThreadPoolExecutor.java:1074)&#10;        at java.util.concurrent.ThreadPoolExecutor.runWorker(ThreadPoolExecutor.java:1134)&#10;        at java.util.concurrent.ThreadPoolExecutor$Worker.run(ThreadPoolExecutor.java:624)&#10;        at java.lang.Thread.run(Thread.java:748)&#10;&quot;qtp2126024846-3419&quot; daemon prio=5 tid=3419 timed_waiting&#10;java.lang.Thread.State: TIMED_WAITING&#10;        at sun.misc.Unsafe.park(Native Method)&#10;        at java.util.concurrent.locks.LockSupport.parkNanos(LockSupport.java:215)&#10;        at java.util.concurrent.locks.AbstractQueuedSynchronizer$ConditionObject.awaitNanos(AbstractQueuedSynchronizer.java:2078)&#10;        at org.eclipse.jetty.util.BlockingArrayQueue.poll(BlockingArrayQueue.java:382)&#10;        at org.eclipse.jetty.util.thread.QueuedThreadPool$Runner.idleJobPoll(QueuedThreadPool.java:974)&#10;        at org.eclipse.jetty.util.thread.QueuedThreadPool$Runner.run(QueuedThreadPool.java:1018)&#10;        at java.lang.Thread.run(Thread.java:748)&#10;&quot;IPC Server handler 17 on default port 45789&quot; daemon prio=5 tid=153 timed_waiting&#10;java.lang.Thread.State: TIMED_WAITING&#10;        at sun.misc.Unsafe.park(Native Method)&#10;        at java.util.concurrent.locks.LockSupport.parkNanos(LockSupport.java:215)&#10;        at java.util.concurrent.locks.AbstractQueuedSynchronizer$ConditionObject.awaitNanos(AbstractQueuedSynchronizer.java:2078)&#10;        at java.util.concurrent.LinkedBlockingQueue.poll(LinkedBlockingQueue.java:467)&#10;        at org.apache.hadoop.ipc.CallQueueManager.take(CallQueueManager.java:317)&#10;        at org.apache.hadoop.ipc.Server$Handler.run(Server.java:2932)&#10;&quot;Datanode ReportManager Thread - 0&quot; daemon prio=5 tid=202 in Object.wait()&#10;java.lang.Thread.State: WAITING (on object monitor)&#10;        at sun.misc.Unsafe.park(Native Method)&#10;        at java.util.concurrent.locks.LockSupport.park(LockSupport.java:175)&#10;        at java.util.concurrent.locks.AbstractQueuedSynchronizer$ConditionObject.await(AbstractQueuedSynchronizer.java:2039)&#10;        at java.util.concurrent.ScheduledThreadPoolExecutor$DelayedWorkQueue.take(ScheduledThreadPoolExecutor.java:1088)&#10;        at java.util.concurrent.ScheduledThreadPoolExecutor$DelayedWorkQueue.take(ScheduledThreadPoolExecutor.java:809)&#10;        at java.util.concurrent.ThreadPoolExecutor.getTask(ThreadPoolExecutor.java:1074)&#10;        at java.util.concurrent.ThreadPoolExecutor.runWorker(ThreadPoolExecutor.java:1134)&#10;        at java.util.concurrent.ThreadPoolExecutor$Worker.run(ThreadPoolExecutor.java:624)&#10;        at java.lang.Thread.run(Thread.java:748)&#10;&quot;qtp68500741-3324&quot; daemon prio=5 tid=3324 timed_waiting&#10;java.lang.Thread.State: TIMED_WAITING&#10;        at sun.misc.Unsafe.park(Native Method)&#10;        at java.util.concurrent.locks.LockSupport.parkNanos(LockSupport.java:215)&#10;        at java.util.concurrent.locks.AbstractQueuedSynchronizer$ConditionObject.awaitNanos(AbstractQueuedSynchronizer.java:2078)&#10;        at org.eclipse.jetty.util.BlockingArrayQueue.poll(BlockingArrayQueue.java:382)&#10;        at org.eclipse.jetty.util.thread.QueuedThreadPool$Runner.idleJobPoll(QueuedThreadPool.java:974)&#10;        at org.eclipse.jetty.util.thread.QueuedThreadPool$Runner.run(QueuedThreadPool.java:1018)&#10;        at java.lang.Thread.run(Thread.java:748)&#10;&quot;OM StateMachine ApplyTransaction Thread - 0&quot; daemon prio=5 tid=329 in Object.wait()&#10;java.lang.Thread.State: WAITING (on object monitor)&#10;        at sun.misc.Unsafe.park(Native Method)&#10;        at java.util.concurrent.locks.LockSupport.park(LockSupport.java:175)&#10;        at java.util.concurrent.locks.AbstractQueuedSynchronizer$ConditionObject.await(AbstractQueuedSynchronizer.java:2039)&#10;        at java.util.concurrent.LinkedBlockingQueue.take(LinkedBlockingQueue.java:442)&#10;        at java.util.concurrent.ThreadPoolExecutor.getTask(ThreadPoolExecutor.java:1074)&#10;        at java.util.concurrent.ThreadPoolExecutor.runWorker(ThreadPoolExecutor.java:1134)&#10;        at java.util.concurrent.ThreadPoolExecutor$Worker.run(ThreadPoolExecutor.java:624)&#10;        at java.lang.Thread.run(Thread.java:748)&#10;&quot;pool-456-thread-1&quot;  prio=5 tid=3413 timed_waiting&#10;java.lang.Thread.State: TIMED_WAITING&#10;        at sun.misc.Unsafe.park(Native Method)&#10;        at java.util.concurrent.locks.LockSupport.parkNanos(LockSupport.java:215)&#10;        at java.util.concurrent.locks.AbstractQueuedSynchronizer$ConditionObject.awaitNanos(AbstractQueuedSynchronizer.java:2078)&#10;        at java.util.concurrent.ScheduledThreadPoolExecutor$DelayedWorkQueue.take(ScheduledThreadPoolExecutor.java:1093)&#10;        at java.util.concurrent.ScheduledThreadPoolExecutor$DelayedWorkQueue.take(ScheduledThreadPoolExecutor.java:809)&#10;        at java.util.concurrent.ThreadPoolExecutor.getTask(ThreadPoolExecutor.java:1074)&#10;        at java.util.concurrent.ThreadPoolExecutor.runWorker(ThreadPoolExecutor.java:1134)&#10;        at java.util.concurrent.ThreadPoolExecutor$Worker.run(ThreadPoolExecutor.java:624)&#10;        at java.lang.Thread.run(Thread.java:748)&#10;&quot;Periodic HDDS volume checker&quot; daemon prio=5 tid=3406 timed_waiting&#10;java.lang.Thread.State: TIMED_WAITING&#10;        at sun.misc.Unsafe.park(Native Method)&#10;        at java.util.concurrent.locks.LockSupport.parkNanos(LockSupport.java:215)&#10;        at java.util.concurrent.locks.AbstractQueuedSynchronizer$ConditionObject.awaitNanos(AbstractQueuedSynchronizer.java:2078)&#10;        at java.util.concurrent.ScheduledThreadPoolExecutor$DelayedWorkQueue.take(ScheduledThreadPoolExecutor.java:1093)&#10;        at java.util.concurrent.ScheduledThreadPoolExecutor$DelayedWorkQueue.take(ScheduledThreadPoolExecutor.java:809)&#10;        at java.util.concurrent.ThreadPoolExecutor.getTask(ThreadPoolExecutor.java:1074)&#10;        at java.util.concurrent.ThreadPoolExecutor.runWorker(ThreadPoolExecutor.java:1134)&#10;        at java.util.concurrent.ThreadPoolExecutor$Worker.run(ThreadPoolExecutor.java:624)&#10;        at java.lang.Thread.run(Thread.java:748)&#10;&quot;IPC Server handler 13 on default port 41881&quot; daemon prio=5 tid=86 timed_waiting&#10;java.lang.Thread.State: TIMED_WAITING&#10;        at sun.misc.Unsafe.park(Native Method)&#10;        at java.util.concurrent.locks.LockSupport.parkNanos(LockSupport.java:215)&#10;        at java.util.concurrent.locks.AbstractQueuedSynchronizer$ConditionObject.awaitNanos(AbstractQueuedSynchronizer.java:2078)&#10;        at java.util.concurrent.LinkedBlockingQueue.poll(LinkedBlockingQueue.java:467)&#10;        at org.apache.hadoop.ipc.CallQueueManager.take(CallQueueManager.java:317)&#10;        at org.apache.hadoop.ipc.Server$Handler.run(Server.java:2932)&#10;&quot;IPC Server handler 8 on default port 38125&quot; daemon prio=5 tid=41 timed_waiting&#10;java.lang.Thread.State: TIMED_WAITING&#10;        at sun.misc.Unsafe.park(Native Method)&#10;        at java.util.concurrent.locks.LockSupport.parkNanos(LockSupport.java:215)&#10;        at java.util.concurrent.locks.AbstractQueuedSynchronizer$ConditionObject.awaitNanos(AbstractQueuedSynchronizer.java:2078)&#10;        at java.util.concurrent.LinkedBlockingQueue.poll(LinkedBlockingQueue.java:467)&#10;        at org.apache.hadoop.ipc.CallQueueManager.take(CallQueueManager.java:317)&#10;        at org.apache.hadoop.ipc.Server$Handler.run(Server.java:2932)&#10;&quot;IPC Server handler 9 on default port 45789&quot; daemon prio=5 tid=145 timed_waiting&#10;java.lang.Thread.State: TIMED_WAITING&#10;        at sun.misc.Unsafe.park(Native Method)&#10;        at java.util.concurrent.locks.LockSupport.parkNanos(LockSupport.java:215)&#10;        at java.util.concurrent.locks.AbstractQueuedSynchronizer$ConditionObject.awaitNanos(AbstractQueuedSynchronizer.java:2078)&#10;        at java.util.concurrent.LinkedBlockingQueue.poll(LinkedBlockingQueue.java:467)&#10;        at org.apache.hadoop.ipc.CallQueueManager.take(CallQueueManager.java:317)&#10;        at org.apache.hadoop.ipc.Server$Handler.run(Server.java:2932)&#10;&quot;IPC Server handler 3 on default port 38125&quot; daemon prio=5 tid=36 timed_waiting&#10;java.lang.Thread.State: TIMED_WAITING&#10;        at sun.misc.Unsafe.park(Native Method)&#10;        at java.util.concurrent.locks.LockSupport.parkNanos(LockSupport.java:215)&#10;        at java.util.concurrent.locks.AbstractQueuedSynchronizer$ConditionObject.awaitNanos(AbstractQueuedSynchronizer.java:2078)&#10;        at java.util.concurrent.LinkedBlockingQueue.poll(LinkedBlockingQueue.java:467)&#10;        at org.apache.hadoop.ipc.CallQueueManager.take(CallQueueManager.java:317)&#10;        at org.apache.hadoop.ipc.Server$Handler.run(Server.java:2932)&#10;&quot;Datanode State Machine Daemon Thread&quot; daemon prio=5 tid=3333 timed_waiting&#10;java.lang.Thread.State: TIMED_WAITING&#10;        at java.lang.Thread.sleep(Native Method)&#10;        at org.apache.hadoop.ozone.container.common.statemachine.DatanodeStateMachine.start(DatanodeStateMachine.java:295)&#10;        at org.apache.hadoop.ozone.container.common.statemachine.DatanodeStateMachine.lambda$startDaemon$0(DatanodeStateMachine.java:468)&#10;        at org.apache.hadoop.ozone.container.common.statemachine.DatanodeStateMachine$$Lambda$570/549102827.run(Unknown Source)&#10;        at java.lang.Thread.run(Thread.java:748)&#10;&quot;Datanode ReportManager Thread - 1&quot; daemon prio=5 tid=228 in Object.wait()&#10;java.lang.Thread.State: WAITING (on object monitor)&#10;        at sun.misc.Unsafe.park(Native Method)&#10;        at java.util.concurrent.locks.LockSupport.park(LockSupport.java:175)&#10;        at java.util.concurrent.locks.AbstractQueuedSynchronizer$ConditionObject.await(AbstractQueuedSynchronizer.java:2039)&#10;        at java.util.concurrent.ScheduledThreadPoolExecutor$DelayedWorkQueue.take(ScheduledThreadPoolExecutor.java:1088)&#10;        at java.util.concurrent.ScheduledThreadPoolExecutor$DelayedWorkQueue.take(ScheduledThreadPoolExecutor.java:809)&#10;        at java.util.concurrent.ThreadPoolExecutor.getTask(ThreadPoolExecutor.java:1074)&#10;        at java.util.concurrent.ThreadPoolExecutor.runWorker(ThreadPoolExecutor.java:1134)&#10;        at java.util.concurrent.ThreadPoolExecutor$Worker.run(ThreadPoolExecutor.java:624)&#10;        at java.lang.Thread.run(Thread.java:748)&#10;&quot;IPC Server handler 1 on default port 38125&quot; daemon prio=5 tid=34 timed_waiting&#10;java.lang.Thread.State: TIMED_WAITING&#10;        at sun.misc.Unsafe.park(Native Method)&#10;        at java.util.concurrent.locks.LockSupport.parkNanos(LockSupport.java:215)&#10;        at java.util.concurrent.locks.AbstractQueuedSynchronizer$ConditionObject.awaitNanos(AbstractQueuedSynchronizer.java:2078)&#10;        at java.util.concurrent.LinkedBlockingQueue.poll(LinkedBlockingQueue.java:467)&#10;        at org.apache.hadoop.ipc.CallQueueManager.take(CallQueueManager.java:317)&#10;        at org.apache.hadoop.ipc.Server$Handler.run(Server.java:2932)&#10;&quot;PartialTableCache Cleanup Thread - 0&quot; daemon prio=5 tid=1092 in Object.wait()&#10;java.lang.Thread.State: WAITING (on object monitor)&#10;        at sun.misc.Unsafe.park(Native Method)&#10;        at java.util.concurrent.locks.LockSupport.park(LockSupport.java:175)&#10;        at java.util.concurrent.locks.AbstractQueuedSynchronizer$ConditionObject.await(AbstractQueuedSynchronizer.java:2039)&#10;        at java.util.concurrent.LinkedBlockingQueue.take(LinkedBlockingQueue.java:442)&#10;        at java.util.concurrent.ThreadPoolExecutor.getTask(ThreadPoolExecutor.java:1074)&#10;        at java.util.concurrent.ThreadPoolExecutor.runWorker(ThreadPoolExecutor.java:1134)&#10;        at java.util.concurrent.ThreadPoolExecutor$Worker.run(ThreadPoolExecutor.java:624)&#10;        at java.lang.Thread.run(Thread.java:748)&#10;&quot;Listener at 127.0.0.1/45789&quot;  prio=5 tid=1 runnable&#10;java.lang.Thread.State: RUNNABLE&#10;        at java.lang.Thread.dumpThreads(Native Method)&#10;        at java.lang.Thread.getAllStackTraces(Thread.java:1610)&#10;        at org.apache.ozone.test.TimedOutTestsListener.buildThreadDump(TimedOutTestsListener.java:93)&#10;        at org.apache.ozone.test.TimedOutTestsListener.buildThreadDiagnosticString(TimedOutTestsListener.java:79)&#10;        at org.apache.ozone.test.GenericTestUtils.waitFor(GenericTestUtils.java:225)&#10;        at org.apache.hadoop.ozone.MiniOzoneClusterImpl.waitForHddsDatanodesStop(MiniOzoneClusterImpl.java:385)&#10;        at org.apache.hadoop.ozone.MiniOzoneClusterImpl.restartHddsDatanode(MiniOzoneClusterImpl.java:417)&#10;        at org.apache.hadoop.ozone.MiniOzoneClusterImpl.restartHddsDatanode(MiniOzoneClusterImpl.java:433)&#10;        at org.apache.hadoop.ozone.client.rpc.TestOzoneRpcClientAbstract.testZReadKeyWithUnhealthyContainerReplica(TestOzoneRpcClientAbstract.java:1596)&#10;        at sun.reflect.NativeMethodAccessorImpl.invoke0(Native Method)&#10;        at sun.reflect.NativeMethodAccessorImpl.invoke(NativeMethodAccessorImpl.java:62)&#10;        at sun.reflect.DelegatingMethodAccessorImpl.invoke(DelegatingMethodAccessorImpl.java:43)&#10;        at java.lang.reflect.Method.invoke(Method.java:498)&#10;        at org.junit.runners.model.FrameworkMethod$1.runReflectiveCall(FrameworkMethod.java:59)&#10;        at org.junit.internal.runners.model.ReflectiveCallable.run(ReflectiveCallable.java:12)&#10;        at org.junit.runners.model.FrameworkMethod.invokeExplosively(FrameworkMethod.java:56)&#10;        at org.junit.internal.runners.statements.InvokeMethod.evaluate(InvokeMethod.java:17)&#10;        at org.junit.runners.ParentRunner$3.evaluate(ParentRunner.java:306)&#10;        at org.junit.runners.BlockJUnit4ClassRunner$1.evaluate(BlockJUnit4ClassRunner.java:100)&#10;        at org.junit.runners.ParentRunner.runLeaf(ParentRunner.java:366)&#10;        at org.junit.runners.BlockJUnit4ClassRunner.runChild(BlockJUnit4ClassRunner.java:103)&#10;        at org.junit.runners.BlockJUnit4ClassRunner.runChild(BlockJUnit4ClassRunner.java:63)&#10;        at org.junit.runners.ParentRunner$4.run(ParentRunner.java:331)&#10;        at org.junit.runners.ParentRunner$1.schedule(ParentRunner.java:79)&#10;        at org.junit.runners.ParentRunner.runChildren(ParentRunner.java:329)&#10;        at org.junit.runners.ParentRunner.access$100(ParentRunner.java:66)&#10;        at org.junit.runners.ParentRunner$2.evaluate(ParentRunner.java:293)&#10;        at org.junit.internal.runners.statements.RunBefores.evaluate(RunBefores.java:26)&#10;        at org.junit.internal.runners.statements.RunAfters.evaluate(RunAfters.java:27)&#10;        at org.junit.runners.ParentRunner$3.evaluate(ParentRunner.java:306)&#10;        at org.junit.runners.ParentRunner.run(ParentRunner.java:413)&#10;        at org.junit.runner.JUnitCore.run(JUnitCore.java:137)&#10;        at org.junit.runner.JUnitCore.run(JUnitCore.java:115)&#10;        at org.junit.vintage.engine.execution.RunnerExecutor.execute(RunnerExecutor.java:43)&#10;        at org.junit.vintage.engine.VintageTestEngine$$Lambda$194/653337757.accept(Unknown Source)&#10;        at java.util.stream.ForEachOps$ForEachOp$OfRef.accept(ForEachOps.java:183)&#10;        at java.util.stream.ReferencePipeline$3$1.accept(ReferencePipeline.java:193)&#10;        at java.util.Iterator.forEachRemaining(Iterator.java:116)&#10;        at java.util.Spliterators$IteratorSpliterator.forEachRemaining(Spliterators.java:1801)&#10;        at java.util.stream.AbstractPipeline.copyInto(AbstractPipeline.java:482)&#10;        at java.util.stream.AbstractPipeline.wrapAndCopyInto(AbstractPipeline.java:472)&#10;        at java.util.stream.ForEachOps$ForEachOp.evaluateSequential(ForEachOps.java:150)&#10;        at java.util.stream.ForEachOps$ForEachOp$OfRef.evaluateSequential(ForEachOps.java:173)&#10;        at java.util.stream.AbstractPipeline.evaluate(AbstractPipeline.java:234)&#10;        at java.util.stream.ReferencePipeline.forEach(ReferencePipeline.java:485)&#10;        at org.junit.vintage.engine.VintageTestEngine.executeAllChildren(VintageTestEngine.java:82)&#10;        at org.junit.vintage.engine.VintageTestEngine.execute(VintageTestEngine.java:73)&#10;        at org.junit.platform.launcher.core.EngineExecutionOrchestrator.execute(EngineExecutionOrchestrator.java:108)&#10;        at org.junit.platform.launcher.core.EngineExecutionOrchestrator.execute(EngineExecutionOrchestrator.java:88)&#10;        at org.junit.platform.launcher.core.EngineExecutionOrchestrator.lambda$execute$0(EngineExecutionOrchestrator.java:54)&#10;        at org.junit.platform.launcher.core.EngineExecutionOrchestrator$$Lambda$142/1533672820.accept(Unknown Source)&#10;        at org.junit.platform.launcher.core.EngineExecutionOrchestrator.withInterceptedStreams(EngineExecutionOrchestrator.java:67)&#10;        at org.junit.platform.launcher.core.EngineExecutionOrchestrator.execute(EngineExecutionOrchestrator.java:52)&#10;        at org.junit.platform.launcher.core.DefaultLauncher.execute(DefaultLauncher.java:96)&#10;        at org.junit.platform.launcher.core.DefaultLauncher.execute(DefaultLauncher.java:75)&#10;        at org.apache.maven.surefire.junitplatform.JUnitPlatformProvider.invokeAllTests(JUnitPlatformProvider.java:142)&#10;        at org.apache.maven.surefire.junitplatform.JUnitPlatformProvider.invoke(JUnitPlatformProvider.java:113)&#10;        at org.apache.maven.surefire.booter.ForkedBooter.invokeProviderInSameClassLoader(ForkedBooter.java:384)&#10;        at org.apache.maven.surefire.booter.ForkedBooter.runSuitesInProcess(ForkedBooter.java:345)&#10;        at org.apache.maven.surefire.booter.ForkedBooter.execute(ForkedBooter.java:126)&#10;        at org.apache.maven.surefire.booter.ForkedBooter.main(ForkedBooter.java:418)&#10;&quot;BlockDeletingService#0&quot; daemon prio=5 tid=3356 in Object.wait()&#10;java.lang.Thread.State: WAITING (on object monitor)&#10;        at sun.misc.Unsafe.park(Native Method)&#10;        at java.util.concurrent.locks.LockSupport.park(LockSupport.java:175)&#10;        at java.util.concurrent.locks.AbstractQueuedSynchronizer$ConditionObject.await(AbstractQueuedSynchronizer.java:2039)&#10;        at java.util.concurrent.ScheduledThreadPoolExecutor$DelayedWorkQueue.take(ScheduledThreadPoolExecutor.java:1081)&#10;        at java.util.concurrent.ScheduledThreadPoolExecutor$DelayedWorkQueue.take(ScheduledThreadPoolExecutor.java:809)&#10;        at java.util.concurrent.ThreadPoolExecutor.getTask(ThreadPoolExecutor.java:1074)&#10;        at java.util.concurrent.ThreadPoolExecutor.runWorker(ThreadPoolExecutor.java:1134)&#10;        at java.util.concurrent.ThreadPoolExecutor$Worker.run(ThreadPoolExecutor.java:624)&#10;        at java.lang.Thread.run(Thread.java:748)&#10;&quot;EventQueue-NodeReportForNodeReportHandler&quot; daemon prio=5 tid=3388 in Object.wait()&#10;java.lang.Thread.State: WAITING (on object monitor)&#10;        at sun.misc.Unsafe.park(Native Method)&#10;        at java.util.concurrent.locks.LockSupport.park(LockSupport.java:175)&#10;        at java.util.concurrent.locks.AbstractQueuedSynchronizer$ConditionObject.await(AbstractQueuedSynchronizer.java:2039)&#10;        at java.util.concurrent.LinkedBlockingQueue.take(LinkedBlockingQueue.java:442)&#10;        at java.util.concurrent.ThreadPoolExecutor.getTask(ThreadPoolExecutor.java:1074)&#10;        at java.util.concurrent.ThreadPoolExecutor.runWorker(ThreadPoolExecutor.java:1134)&#10;        at java.util.concurrent.ThreadPoolExecutor$Worker.run(ThreadPoolExecutor.java:624)&#10;        at java.lang.Thread.run(Thread.java:748)&#10;&quot;IPC Server handler 12 on default port 43391&quot; daemon prio=5 tid=65 timed_waiting&#10;java.lang.Thread.State: TIMED_WAITING&#10;        at sun.misc.Unsafe.park(Native Method)&#10;        at java.util.concurrent.locks.LockSupport.parkNanos(LockSupport.java:215)&#10;        at java.util.concurrent.locks.AbstractQueuedSynchronizer$ConditionObject.awaitNanos(AbstractQueuedSynchronizer.java:2078)&#10;        at java.util.concurrent.LinkedBlockingQueue.poll(LinkedBlockingQueue.java:467)&#10;        at org.apache.hadoop.ipc.CallQueueManager.take(CallQueueManager.java:317)&#10;        at org.apache.hadoop.ipc.Server$Handler.run(Server.java:2932)&#10;&quot;Datanode ReportManager Thread - 3&quot; daemon prio=5 tid=3427 timed_waiting&#10;java.lang.Thread.State: TIMED_WAITING&#10;        at sun.misc.Unsafe.park(Native Method)&#10;        at java.util.concurrent.locks.LockSupport.parkNanos(LockSupport.java:215)&#10;        at java.util.concurrent.locks.AbstractQueuedSynchronizer$ConditionObject.awaitNanos(AbstractQueuedSynchronizer.java:2078)&#10;        at java.util.concurrent.ScheduledThreadPoolExecutor$DelayedWorkQueue.take(ScheduledThreadPoolExecutor.java:1093)&#10;        at java.util.concurrent.ScheduledThreadPoolExecutor$DelayedWorkQueue.take(ScheduledThreadPoolExecutor.java:809)&#10;        at java.util.concurrent.ThreadPoolExecutor.getTask(ThreadPoolExecutor.java:1074)&#10;        at java.util.concurrent.ThreadPoolExecutor.runWorker(ThreadPoolExecutor.java:1134)&#10;        at java.util.concurrent.ThreadPoolExecutor$Worker.run(ThreadPoolExecutor.java:624)&#10;        at java.lang.Thread.run(Thread.java:748)&#10;&quot;IPC Server Responder&quot; daemon prio=5 tid=30 runnable&#10;java.lang.Thread.State: RUNNABLE&#10;        at sun.nio.ch.EPollArrayWrapper.epollWait(Native Method)&#10;        at sun.nio.ch.EPollArrayWrapper.poll(EPollArrayWrapper.java:269)&#10;        at sun.nio.ch.EPollSelectorImpl.doSelect(EPollSelectorImpl.java:93)&#10;        at sun.nio.ch.SelectorImpl.lockAndDoSelect(SelectorImpl.java:86)&#10;        at sun.nio.ch.SelectorImpl.select(SelectorImpl.java:97)&#10;        at org.apache.hadoop.ipc.Server$Responder.doRunLoop(Server.java:1527)&#10;        at org.apache.hadoop.ipc.Server$Responder.run(Server.java:1510)&#10;&quot;Timer-0&quot;  prio=5 tid=123 timed_waiting&#10;java.lang.Thread.State: TIMED_WAITING&#10;        at java.lang.Object.wait(Native Method)&#10;        at java.util.TimerThread.mainLoop(Timer.java:552)&#10;        at java.util.TimerThread.run(Timer.java:505)&#10;&quot;EndpointStateMachine task thread for /0.0.0.0:41881 - 0 &quot;  prio=5 tid=3346 in Object.wait()&#10;java.lang.Thread.State: WAITING (on object monitor)&#10;        at sun.misc.Unsafe.park(Native Method)&#10;        at java.util.concurrent.locks.LockSupport.park(LockSupport.java:175)&#10;        at java.util.concurrent.locks.AbstractQueuedSynchronizer$ConditionObject.await(AbstractQueuedSynchronizer.java:2039)&#10;        at java.util.concurrent.LinkedBlockingQueue.take(LinkedBlockingQueue.java:442)&#10;        at java.util.concurrent.ThreadPoolExecutor.getTask(ThreadPoolExecutor.java:1074)&#10;        at java.util.concurrent.ThreadPoolExecutor.runWorker(ThreadPoolExecutor.java:1134)&#10;        at java.util.concurrent.ThreadPoolExecutor$Worker.run(ThreadPoolExecutor.java:624)&#10;        at java.lang.Thread.run(Thread.java:748)&#10;&quot;qtp685606790-96&quot; daemon prio=5 tid=96 runnable&#10;java.lang.Thread.State: RUNNABLE&#10;        at sun.nio.ch.EPollArrayWrapper.epollWait(Native Method)&#10;        at sun.nio.ch.EPollArrayWrapper.poll(EPollArrayWrapper.java:269)&#10;        at sun.nio.ch.EPollSelectorImpl.doSelect(EPollSelectorImpl.java:93)&#10;        at sun.nio.ch.SelectorImpl.lockAndDoSelect(SelectorImpl.java:86)&#10;        at sun.nio.ch.SelectorImpl.select(SelectorImpl.java:97)&#10;        at sun.nio.ch.SelectorImpl.select(SelectorImpl.java:101)&#10;        at org.eclipse.jetty.io.ManagedSelector.nioSelect(ManagedSelector.java:183)&#10;        at org.eclipse.jetty.io.ManagedSelector.select(ManagedSelector.java:190)&#10;        at org.eclipse.jetty.io.ManagedSelector$SelectorProducer.select(ManagedSelector.java:606)&#10;        at org.eclipse.jetty.io.ManagedSelector$SelectorProducer.produce(ManagedSelector.java:543)&#10;        at org.eclipse.jetty.util.thread.strategy.EatWhatYouKill.produceTask(EatWhatYouKill.java:362)&#10;        at org.eclipse.jetty.util.thread.strategy.EatWhatYouKill.doProduce(EatWhatYouKill.java:186)&#10;        at org.eclipse.jetty.util.thread.strategy.EatWhatYouKill.tryProduce(EatWhatYouKill.java:173)&#10;        at org.eclipse.jetty.util.thread.strategy.EatWhatYouKill.produce(EatWhatYouKill.java:137)&#10;        at org.eclipse.jetty.io.ManagedSelector$$Lambda$312/343688483.run(Unknown Source)&#10;        at org.eclipse.jetty.util.thread.QueuedThreadPool.runJob(QueuedThreadPool.java:883)&#10;        at org.eclipse.jetty.util.thread.QueuedThreadPool$Runner.run(QueuedThreadPool.java:1034)&#10;        at java.lang.Thread.run(Thread.java:748)&#10;&quot;Datanode ReportManager Thread - 2&quot; daemon prio=5 tid=177 in Object.wait()&#10;java.lang.Thread.State: WAITING (on object monitor)&#10;        at sun.misc.Unsafe.park(Native Method)&#10;        at java.util.concurrent.locks.LockSupport.park(LockSupport.java:175)&#10;        at java.util.concurrent.locks.AbstractQueuedSynchronizer$ConditionObject.await(AbstractQueuedSynchronizer.java:2039)&#10;        at java.util.concurrent.ScheduledThreadPoolExecutor$DelayedWorkQueue.take(ScheduledThreadPoolExecutor.java:1088)&#10;        at java.util.concurrent.ScheduledThreadPoolExecutor$DelayedWorkQueue.take(ScheduledThreadPoolExecutor.java:809)&#10;        at java.util.concurrent.ThreadPoolExecutor.getTask(ThreadPoolExecutor.java:1074)&#10;        at java.util.concurrent.ThreadPoolExecutor.runWorker(ThreadPoolExecutor.java:1134)&#10;        at java.util.concurrent.ThreadPoolExecutor$Worker.run(ThreadPoolExecutor.java:624)&#10;        at java.lang.Thread.run(Thread.java:748)&#10;&quot;IPC Server handler 7 on default port 38125&quot; daemon prio=5 tid=40 timed_waiting&#10;java.lang.Thread.State: TIMED_WAITING&#10;        at sun.misc.Unsafe.park(Native Method)&#10;        at java.util.concurrent.locks.LockSupport.parkNanos(LockSupport.java:215)&#10;        at java.util.concurrent.locks.AbstractQueuedSynchronizer$ConditionObject.awaitNanos(AbstractQueuedSynchronizer.java:2078)&#10;        at java.util.concurrent.LinkedBlockingQueue.poll(LinkedBlockingQueue.java:467)&#10;        at org.apache.hadoop.ipc.CallQueueManager.take(CallQueueManager.java:317)&#10;        at org.apache.hadoop.ipc.Server$Handler.run(Server.java:2932)&#10;&quot;qtp2126024846-3416&quot; daemon prio=5 tid=3416 timed_waiting&#10;java.lang.Thread.State: TIMED_WAITING&#10;        at sun.misc.Unsafe.park(Native Method)&#10;        at java.util.concurrent.locks.LockSupport.parkNanos(LockSupport.java:215)&#10;        at java.util.concurrent.locks.AbstractQueuedSynchronizer$ConditionObject.awaitNanos(AbstractQueuedSynchronizer.java:2078)&#10;        at org.eclipse.jetty.util.BlockingArrayQueue.poll(BlockingArrayQueue.java:382)&#10;        at org.eclipse.jetty.util.thread.QueuedThreadPool$Runner.idleJobPoll(QueuedThreadPool.java:974)&#10;        at org.eclipse.jetty.util.thread.QueuedThreadPool$Runner.run(QueuedThreadPool.java:1018)&#10;        at java.lang.Thread.run(Thread.java:748)&#10;&quot;pool-411-thread-1&quot;  prio=5 tid=3313 in Object.wait()&#10;java.lang.Thread.State: WAITING (on object monitor)&#10;        at sun.misc.Unsafe.park(Native Method)&#10;        at java.util.concurrent.locks.LockSupport.park(LockSupport.java:175)&#10;        at java.util.concurrent.locks.AbstractQueuedSynchronizer$ConditionObject.await(AbstractQueuedSynchronizer.java:2039)&#10;        at java.util.concurrent.LinkedBlockingQueue.take(LinkedBlockingQueue.java:442)&#10;        at java.util.concurrent.ThreadPoolExecutor.getTask(ThreadPoolExecutor.java:1074)&#10;        at java.util.concurrent.ThreadPoolExecutor.runWorker(ThreadPoolExecutor.java:1134)&#10;        at java.util.concurrent.ThreadPoolExecutor$Worker.run(ThreadPoolExecutor.java:624)&#10;        at java.lang.Thread.run(Thread.java:748)&#10;&quot;Datanode ReportManager Thread - 1&quot; daemon prio=5 tid=176 in Object.wait()&#10;java.lang.Thread.State: WAITING (on object monitor)&#10;        at sun.misc.Unsafe.park(Native Method)&#10;        at java.util.concurrent.locks.LockSupport.park(LockSupport.java:175)&#10;        at java.util.concurrent.locks.AbstractQueuedSynchronizer$ConditionObject.await(AbstractQueuedSynchronizer.java:2039)&#10;        at java.util.concurrent.ScheduledThreadPoolExecutor$DelayedWorkQueue.take(ScheduledThreadPoolExecutor.java:1088)&#10;        at java.util.concurrent.ScheduledThreadPoolExecutor$DelayedWorkQueue.take(ScheduledThreadPoolExecutor.java:809)&#10;        at java.util.concurrent.ThreadPoolExecutor.getTask(ThreadPoolExecutor.java:1074)&#10;        at java.util.concurrent.ThreadPoolExecutor.runWorker(ThreadPoolExecutor.java:1134)&#10;        at java.util.concurrent.ThreadPoolExecutor$Worker.run(ThreadPoolExecutor.java:624)&#10;        at java.lang.Thread.run(Thread.java:748)&#10;&quot;IPC Server handler 13 on default port 38125&quot; daemon prio=5 tid=46 timed_waiting&#10;java.lang.Thread.State: TIMED_WAITING&#10;        at sun.misc.Unsafe.park(Native Method)&#10;        at java.util.concurrent.locks.LockSupport.parkNanos(LockSupport.java:215)&#10;        at java.util.concurrent.locks.AbstractQueuedSynchronizer$ConditionObject.awaitNanos(AbstractQueuedSynchronizer.java:2078)&#10;        at java.util.concurrent.LinkedBlockingQueue.poll(LinkedBlockingQueue.java:467)&#10;        at org.apache.hadoop.ipc.CallQueueManager.take(CallQueueManager.java:317)&#10;        at org.apache.hadoop.ipc.Server$Handler.run(Server.java:2932)&#10;&quot;IPC Server handler 8 on default port 41881&quot; daemon prio=5 tid=81 timed_waiting&#10;java.lang.Thread.State: TIMED_WAITING&#10;        at sun.misc.Unsafe.park(Native Method)&#10;        at java.util.concurrent.locks.LockSupport.parkNanos(LockSupport.java:215)&#10;        at java.util.concurrent.locks.AbstractQueuedSynchronizer$ConditionObject.awaitNanos(AbstractQueuedSynchronizer.java:2078)&#10;        at java.util.concurrent.LinkedBlockingQueue.poll(LinkedBlockingQueue.java:467)&#10;        at org.apache.hadoop.ipc.CallQueueManager.take(CallQueueManager.java:317)&#10;        at org.apache.hadoop.ipc.Server$Handler.run(Server.java:2932)&#10;&quot;IPC Server handler 18 on default port 41881&quot; daemon prio=5 tid=91 timed_waiting&#10;java.lang.Thread.State: TIMED_WAITING&#10;        at sun.misc.Unsafe.park(Native Method)&#10;        at java.util.concurrent.locks.LockSupport.parkNanos(LockSupport.java:215)&#10;        at java.util.concurrent.locks.AbstractQueuedSynchronizer$ConditionObject.awaitNanos(AbstractQueuedSynchronizer.java:2078)&#10;        at java.util.concurrent.LinkedBlockingQueue.poll(LinkedBlockingQueue.java:467)&#10;        at org.apache.hadoop.ipc.CallQueueManager.take(CallQueueManager.java:317)&#10;        at org.apache.hadoop.ipc.Server$Handler.run(Server.java:2932)&#10;&quot;IPC Server handler 15 on default port 43391&quot; daemon prio=5 tid=68 timed_waiting&#10;java.lang.Thread.State: TIMED_WAITING&#10;        at sun.misc.Unsafe.park(Native Method)&#10;        at java.util.concurrent.locks.LockSupport.parkNanos(LockSupport.java:215)&#10;        at java.util.concurrent.locks.AbstractQueuedSynchronizer$ConditionObject.awaitNanos(AbstractQueuedSynchronizer.java:2078)&#10;        at java.util.concurrent.LinkedBlockingQueue.poll(LinkedBlockingQueue.java:467)&#10;        at org.apache.hadoop.ipc.CallQueueManager.take(CallQueueManager.java:317)&#10;        at org.apache.hadoop.ipc.Server$Handler.run(Server.java:2932)&#10;&quot;Command processor thread&quot; daemon prio=5 tid=3339 timed_waiting&#10;java.lang.Thread.State: TIMED_WAITING&#10;        at java.lang.Thread.sleep(Native Method)&#10;        at org.apache.hadoop.ozone.container.common.statemachine.DatanodeStateMachine.lambda$initCommandHandlerThread$2(DatanodeStateMachine.java:574)&#10;        at org.apache.hadoop.ozone.container.common.statemachine.DatanodeStateMachine$$Lambda$572/2045313851.run(Unknown Source)&#10;        at java.lang.Thread.run(Thread.java:748)&#10;&quot;IPC Server handler 2 on default port 38125&quot; daemon prio=5 tid=35 timed_waiting&#10;java.lang.Thread.State: TIMED_WAITING&#10;        at sun.misc.Unsafe.park(Native Method)&#10;        at java.util.concurrent.locks.LockSupport.parkNanos(LockSupport.java:215)&#10;        at java.util.concurrent.locks.AbstractQueuedSynchronizer$ConditionObject.awaitNanos(AbstractQueuedSynchronizer.java:2078)&#10;        at java.util.concurrent.LinkedBlockingQueue.poll(LinkedBlockingQueue.java:467)&#10;        at org.apache.hadoop.ipc.CallQueueManager.take(CallQueueManager.java:317)&#10;        at org.apache.hadoop.ipc.Server$Handler.run(Server.java:2932)&#10;&quot;BlockDeletingService#1&quot; daemon prio=5 tid=3357 in Object.wait()&#10;java.lang.Thread.State: WAITING (on object monitor)&#10;        at sun.misc.Unsafe.park(Native Method)&#10;        at java.util.concurrent.locks.LockSupport.park(LockSupport.java:175)&#10;        at java.util.concurrent.locks.AbstractQueuedSynchronizer$ConditionObject.await(AbstractQueuedSynchronizer.java:2039)&#10;        at java.util.concurrent.ScheduledThreadPoolExecutor$DelayedWorkQueue.take(ScheduledThreadPoolExecutor.java:1088)&#10;        at java.util.concurrent.ScheduledThreadPoolExecutor$DelayedWorkQueue.take(ScheduledThreadPoolExecutor.java:809)&#10;        at java.util.concurrent.ThreadPoolExecutor.getTask(ThreadPoolExecutor.java:1074)&#10;        at java.util.concurrent.ThreadPoolExecutor.runWorker(ThreadPoolExecutor.java:1134)&#10;        at java.util.concurrent.ThreadPoolExecutor$Worker.run(ThreadPoolExecutor.java:624)&#10;        at java.lang.Thread.run(Thread.java:748)&#10;&quot;Datanode ReportManager Thread - 4&quot; daemon prio=5 tid=206 in Object.wait()&#10;java.lang.Thread.State: WAITING (on object monitor)&#10;        at sun.misc.Unsafe.park(Native Method)&#10;        at java.util.concurrent.locks.LockSupport.park(LockSupport.java:175)&#10;        at java.util.concurrent.locks.AbstractQueuedSynchronizer$ConditionObject.await(AbstractQueuedSynchronizer.java:2039)&#10;        at java.util.concurrent.ScheduledThreadPoolExecutor$DelayedWorkQueue.take(ScheduledThreadPoolExecutor.java:1088)&#10;        at java.util.concurrent.ScheduledThreadPoolExecutor$DelayedWorkQueue.take(ScheduledThreadPoolExecutor.java:809)&#10;        at java.util.concurrent.ThreadPoolExecutor.getTask(ThreadPoolExecutor.java:1074)&#10;        at java.util.concurrent.ThreadPoolExecutor.runWorker(ThreadPoolExecutor.java:1134)&#10;        at java.util.concurrent.ThreadPoolExecutor$Worker.run(ThreadPoolExecutor.java:624)&#10;        at java.lang.Thread.run(Thread.java:748)&#10;&quot;Datanode ReportManager Thread - 0&quot; daemon prio=5 tid=227 in Object.wait()&#10;java.lang.Thread.State: WAITING (on object monitor)&#10;        at sun.misc.Unsafe.park(Native Method)&#10;        at java.util.concurrent.locks.LockSupport.park(LockSupport.java:175)&#10;        at java.util.concurrent.locks.AbstractQueuedSynchronizer$ConditionObject.await(AbstractQueuedSynchronizer.java:2039)&#10;        at java.util.concurrent.ScheduledThreadPoolExecutor$DelayedWorkQueue.take(ScheduledThreadPoolExecutor.java:1088)&#10;        at java.util.concurrent.ScheduledThreadPoolExecutor$DelayedWorkQueue.take(ScheduledThreadPoolExecutor.java:809)&#10;        at java.util.concurrent.ThreadPoolExecutor.getTask(ThreadPoolExecutor.java:1074)&#10;        at java.util.concurrent.ThreadPoolExecutor.runWorker(ThreadPoolExecutor.java:1134)&#10;        at java.util.concurrent.ThreadPoolExecutor$Worker.run(ThreadPoolExecutor.java:624)&#10;        at java.lang.Thread.run(Thread.java:748)&#10;&quot;Datanode ReportManager Thread - 4&quot; daemon prio=5 tid=231 in Object.wait()&#10;java.lang.Thread.State: WAITING (on object monitor)&#10;        at sun.misc.Unsafe.park(Native Method)&#10;        at java.util.concurrent.locks.LockSupport.park(LockSupport.java:175)&#10;        at java.util.concurrent.locks.AbstractQueuedSynchronizer$ConditionObject.await(AbstractQueuedSynchronizer.java:2039)&#10;        at java.util.concurrent.ScheduledThreadPoolExecutor$DelayedWorkQueue.take(ScheduledThreadPoolExecutor.java:1088)&#10;        at java.util.concurrent.ScheduledThreadPoolExecutor$DelayedWorkQueue.take(ScheduledThreadPoolExecutor.java:809)&#10;        at java.util.concurrent.ThreadPoolExecutor.getTask(ThreadPoolExecutor.java:1074)&#10;        at java.util.concurrent.ThreadPoolExecutor.runWorker(ThreadPoolExecutor.java:1134)&#10;        at java.util.concurrent.ThreadPoolExecutor$Worker.run(ThreadPoolExecutor.java:624)&#10;        at java.lang.Thread.run(Thread.java:748)&#10;&quot;EventQueue-CmdStatusReportForCommandStatusReportHandler&quot; daemon prio=5 tid=3560 in Object.wait()&#10;java.lang.Thread.State: WAITING (on object monitor)&#10;        at sun.misc.Unsafe.park(Native Method)&#10;        at java.util.concurrent.locks.LockSupport.park(LockSupport.java:175)&#10;        at java.util.concurrent.locks.AbstractQueuedSynchronizer$ConditionObject.await(AbstractQueuedSynchronizer.java:2039)&#10;        at java.util.concurrent.LinkedBlockingQueue.take(LinkedBlockingQueue.java:442)&#10;        at java.util.concurrent.ThreadPoolExecutor.getTask(ThreadPoolExecutor.java:1074)&#10;        at java.util.concurrent.ThreadPoolExecutor.runWorker(ThreadPoolExecutor.java:1134)&#10;        at java.util.concurrent.ThreadPoolExecutor$Worker.run(ThreadPoolExecutor.java:624)&#10;        at java.lang.Thread.run(Thread.java:748)&#10;&quot;org.apache.hadoop.ozone.container.common.statemachine.commandhandler.DeleteBlocksCommandHandler$DeleteCmdWorker@50eac4a5&quot; daemon prio=5 tid=3315 timed_waiting&#10;java.lang.Thread.State: TIMED_WAITING&#10;        at java.lang.Thread.sleep(Native Method)&#10;        at org.apache.hadoop.ozone.container.common.statemachine.commandhandler.DeleteBlocksCommandHandler$DeleteCmdWorker.run(DeleteBlocksCommandHandler.java:175)&#10;        at java.lang.Thread.run(Thread.java:748)&#10;&quot;IPC Server idle connection scanner for port 43391&quot; daemon prio=5 tid=25 timed_waiting&#10;java.lang.Thread.State: TIMED_WAITING&#10;        at java.lang.Object.wait(Native Method)&#10;        at java.util.TimerThread.mainLoop(Timer.java:552)&#10;        at java.util.TimerThread.run(Timer.java:505)&#10;&quot;ChunkWriter-3-0&quot; daemon prio=5 tid=3438 in Object.wait()&#10;java.lang.Thread.State: WAITING (on object monitor)&#10;        at sun.misc.Unsafe.park(Native Method)&#10;        at java.util.concurrent.locks.LockSupport.park(LockSupport.java:175)&#10;        at java.util.concurrent.locks.AbstractQueuedSynchronizer$ConditionObject.await(AbstractQueuedSynchronizer.java:2039)&#10;        at java.util.concurrent.LinkedBlockingDeque.takeFirst(LinkedBlockingDeque.java:492)&#10;        at java.util.concurrent.LinkedBlockingDeque.take(LinkedBlockingDeque.java:680)&#10;        at java.util.concurrent.ThreadPoolExecutor.getTask(ThreadPoolExecutor.java:1074)&#10;        at java.util.concurrent.ThreadPoolExecutor.runWorker(ThreadPoolExecutor.java:1134)&#10;        at java.util.concurrent.ThreadPoolExecutor$Worker.run(ThreadPoolExecutor.java:624)&#10;        at java.lang.Thread.run(Thread.java:748)&#10;&quot;a426eecb-3f7b-4bd3-8516-db356bf90be2@group-7E8A57294037-SegmentedRaftLogWorker&quot;  prio=5 tid=3439 timed_waiting&#10;java.lang.Thread.State: TIMED_WAITING&#10;        at sun.misc.Unsafe.park(Native Method)&#10;        at java.util.concurrent.locks.LockSupport.parkNanos(LockSupport.java:215)&#10;        at java.util.concurrent.locks.AbstractQueuedSynchronizer$ConditionObject.awaitNanos(AbstractQueuedSynchronizer.java:2078)&#10;        at org.apache.ratis.util.DataBlockingQueue.poll(DataBlockingQueue.java:137)&#10;        at org.apache.ratis.server.raftlog.segmented.SegmentedRaftLogWorker.run(SegmentedRaftLogWorker.java:292)&#10;        at org.apache.ratis.server.raftlog.segmented.SegmentedRaftLogWorker$$Lambda$466/684552633.run(Unknown Source)&#10;        at java.lang.Thread.run(Thread.java:748)&#10;&quot;qtp2126024846-3420&quot; daemon prio=5 tid=3420 timed_waiting&#10;java.lang.Thread.State: TIMED_WAITING&#10;        at sun.misc.Unsafe.park(Native Method)&#10;        at java.util.concurrent.locks.LockSupport.parkNanos(LockSupport.java:215)&#10;        at java.util.concurrent.locks.AbstractQueuedSynchronizer$ConditionObject.awaitNanos(AbstractQueuedSynchronizer.java:2078)&#10;        at org.eclipse.jetty.util.BlockingArrayQueue.poll(BlockingArrayQueue.java:382)&#10;        at org.eclipse.jetty.util.thread.QueuedThreadPool$Runner.idleJobPoll(QueuedThreadPool.java:974)&#10;        at org.eclipse.jetty.util.thread.QueuedThreadPool$Runner.run(QueuedThreadPool.java:1018)&#10;        at java.lang.Thread.run(Thread.java:748)&#10;&quot;ChunkWriter-0-0&quot; daemon prio=5 tid=3435 in Object.wait()&#10;java.lang.Thread.State: WAITING (on object monitor)&#10;        at sun.misc.Unsafe.park(Native Method)&#10;        at java.util.concurrent.locks.LockSupport.park(LockSupport.java:175)&#10;        at java.util.concurrent.locks.AbstractQueuedSynchronizer$ConditionObject.await(AbstractQueuedSynchronizer.java:2039)&#10;        at java.util.concurrent.LinkedBlockingDeque.takeFirst(LinkedBlockingDeque.java:492)&#10;        at java.util.concurrent.LinkedBlockingDeque.take(LinkedBlockingDeque.java:680)&#10;        at java.util.concurrent.ThreadPoolExecutor.getTask(ThreadPoolExecutor.java:1074)&#10;        at java.util.concurrent.ThreadPoolExecutor.runWorker(ThreadPoolExecutor.java:1134)&#10;        at java.util.concurrent.ThreadPoolExecutor$Worker.run(ThreadPoolExecutor.java:624)&#10;        at java.lang.Thread.run(Thread.java:748)&#10;&quot;IPC Server handler 6 on default port 41881&quot; daemon prio=5 tid=79 timed_waiting&#10;java.lang.Thread.State: TIMED_WAITING&#10;        at sun.misc.Unsafe.park(Native Method)&#10;        at java.util.concurrent.locks.LockSupport.parkNanos(LockSupport.java:215)&#10;        at java.util.concurrent.locks.AbstractQueuedSynchronizer$ConditionObject.awaitNanos(AbstractQueuedSynchronizer.java:2078)&#10;        at java.util.concurrent.LinkedBlockingQueue.poll(LinkedBlockingQueue.java:467)&#10;        at org.apache.hadoop.ipc.CallQueueManager.take(CallQueueManager.java:317)&#10;        at org.apache.hadoop.ipc.Server$Handler.run(Server.java:2932)&#10;&quot;Finalizer&quot; daemon prio=8 tid=3 in Object.wait()&#10;java.lang.Thread.State: WAITING (on object monitor)&#10;        at java.lang.Object.wait(Native Method)&#10;        at java.lang.ref.ReferenceQueue.remove(ReferenceQueue.java:144)&#10;        at java.lang.ref.ReferenceQueue.remove(ReferenceQueue.java:165)&#10;        at java.lang.ref.Finalizer$FinalizerThread.run(Finalizer.java:216)&#10;&quot;IPC Server handler 6 on default port 45789&quot; daemon prio=5 tid=142 timed_waiting&#10;java.lang.Thread.State: TIMED_WAITING&#10;        at sun.misc.Unsafe.park(Native Method)&#10;        at java.util.concurrent.locks.LockSupport.parkNanos(LockSupport.java:215)&#10;        at java.util.concurrent.locks.AbstractQueuedSynchronizer$ConditionObject.awaitNanos(AbstractQueuedSynchronizer.java:2078)&#10;        at java.util.concurrent.LinkedBlockingQueue.poll(LinkedBlockingQueue.java:467)&#10;        at org.apache.hadoop.ipc.CallQueueManager.take(CallQueueManager.java:317)&#10;        at org.apache.hadoop.ipc.Server$Handler.run(Server.java:2932)&#10;&quot;Datanode ReportManager Thread - 4&quot; daemon prio=5 tid=3338 in Object.wait()&#10;java.lang.Thread.State: WAITING (on object monitor)&#10;        at sun.misc.Unsafe.park(Native Method)&#10;        at java.util.concurrent.locks.LockSupport.park(LockSupport.java:175)&#10;        at java.util.concurrent.locks.AbstractQueuedSynchronizer$ConditionObject.await(AbstractQueuedSynchronizer.java:2039)&#10;        at java.util.concurrent.ScheduledThreadPoolExecutor$DelayedWorkQueue.take(ScheduledThreadPoolExecutor.java:1088)&#10;        at java.util.concurrent.ScheduledThreadPoolExecutor$DelayedWorkQueue.take(ScheduledThreadPoolExecutor.java:809)&#10;        at java.util.concurrent.ThreadPoolExecutor.getTask(ThreadPoolExecutor.java:1074)&#10;        at java.util.concurrent.ThreadPoolExecutor.runWorker(ThreadPoolExecutor.java:1134)&#10;        at java.util.concurrent.ThreadPoolExecutor$Worker.run(ThreadPoolExecutor.java:624)&#10;        at java.lang.Thread.run(Thread.java:748)&#10;&quot;Session-HouseKeeper-2caf282e-1&quot;  prio=5 tid=135 timed_waiting&#10;java.lang.Thread.State: TIMED_WAITING&#10;        at sun.misc.Unsafe.park(Native Method)&#10;        at java.util.concurrent.locks.LockSupport.parkNanos(LockSupport.java:215)&#10;        at java.util.concurrent.locks.AbstractQueuedSynchronizer$ConditionObject.awaitNanos(AbstractQueuedSynchronizer.java:2078)&#10;        at java.util.concurrent.ScheduledThreadPoolExecutor$DelayedWorkQueue.take(ScheduledThreadPoolExecutor.java:1093)&#10;        at java.util.concurrent.ScheduledThreadPoolExecutor$DelayedWorkQueue.take(ScheduledThreadPoolExecutor.java:809)&#10;        at java.util.concurrent.ThreadPoolExecutor.getTask(ThreadPoolExecutor.java:1074)&#10;        at java.util.concurrent.ThreadPoolExecutor.runWorker(ThreadPoolExecutor.java:1134)&#10;        at java.util.concurrent.ThreadPoolExecutor$Worker.run(ThreadPoolExecutor.java:624)&#10;        at java.lang.Thread.run(Thread.java:748)&#10;&quot;pool-39-thread-1&quot;  prio=5 tid=112 in Object.wait()&#10;java.lang.Thread.State: WAITING (on object monitor)&#10;        at sun.misc.Unsafe.park(Native Method)&#10;        at java.util.concurrent.locks.LockSupport.park(LockSupport.java:175)&#10;        at java.util.concurrent.locks.AbstractQueuedSynchronizer$ConditionObject.await(AbstractQueuedSynchronizer.java:2039)&#10;        at java.util.concurrent.LinkedBlockingQueue.take(LinkedBlockingQueue.java:442)&#10;        at java.util.concurrent.ThreadPoolExecutor.getTask(ThreadPoolExecutor.java:1074)&#10;        at java.util.concurrent.ThreadPoolExecutor.runWorker(ThreadPoolExecutor.java:1134)&#10;        at java.util.concurrent.ThreadPoolExecutor$Worker.run(ThreadPoolExecutor.java:624)&#10;        at java.lang.Thread.run(Thread.java:748)&#10;&quot;Datanode State Machine Task Thread - 0&quot;  prio=5 tid=3341 in Object.wait()&#10;java.lang.Thread.State: WAITING (on object monitor)&#10;        at sun.misc.Unsafe.park(Native Method)&#10;        at java.util.concurrent.locks.LockSupport.park(LockSupport.java:175)&#10;        at java.util.concurrent.locks.AbstractQueuedSynchronizer$ConditionObject.await(AbstractQueuedSynchronizer.java:2039)&#10;        at java.util.concurrent.LinkedBlockingQueue.take(LinkedBlockingQueue.java:442)&#10;        at java.util.concurrent.ThreadPoolExecutor.getTask(ThreadPoolExecutor.java:1074)&#10;        at java.util.concurrent.ThreadPoolExecutor.runWorker(ThreadPoolExecutor.java:1134)&#10;        at java.util.concurrent.ThreadPoolExecutor$Worker.run(ThreadPoolExecutor.java:624)&#10;        at java.lang.Thread.run(Thread.java:748)&#10;&quot;IPC Server handler 5 on default port 38125&quot; daemon prio=5 tid=38 timed_waiting&#10;java.lang.Thread.State: TIMED_WAITING&#10;        at sun.misc.Unsafe.park(Native Method)&#10;        at java.util.concurrent.locks.LockSupport.parkNanos(LockSupport.java:215)&#10;        at java.util.concurrent.locks.AbstractQueuedSynchronizer$ConditionObject.awaitNanos(AbstractQueuedSynchronizer.java:2078)&#10;        at java.util.concurrent.LinkedBlockingQueue.poll(LinkedBlockingQueue.java:467)&#10;        at org.apache.hadoop.ipc.CallQueueManager.take(CallQueueManager.java:317)&#10;        at org.apache.hadoop.ipc.Server$Handler.run(Server.java:2932)&#10;&quot;IPC Server Responder&quot; daemon prio=5 tid=22 runnable&#10;java.lang.Thread.State: RUNNABLE&#10;        at sun.nio.ch.EPollArrayWrapper.epollWait(Native Method)&#10;        at sun.nio.ch.EPollArrayWrapper.poll(EPollArrayWrapper.java:269)&#10;        at sun.nio.ch.EPollSelectorImpl.doSelect(EPollSelectorImpl.java:93)&#10;        at sun.nio.ch.SelectorImpl.lockAndDoSelect(SelectorImpl.java:86)&#10;        at sun.nio.ch.SelectorImpl.select(SelectorImpl.java:97)&#10;        at org.apache.hadoop.ipc.Server$Responder.doRunLoop(Server.java:1527)&#10;        at org.apache.hadoop.ipc.Server$Responder.run(Server.java:1510)&#10;&quot;BlockDeletingService#2&quot; daemon prio=5 tid=3518 timed_waiting&#10;java.lang.Thread.State: TIMED_WAITING&#10;        at sun.misc.Unsafe.park(Native Method)&#10;        at java.util.concurrent.locks.LockSupport.parkNanos(LockSupport.java:215)&#10;        at java.util.concurrent.locks.AbstractQueuedSynchronizer$ConditionObject.awaitNanos(AbstractQueuedSynchronizer.java:2078)&#10;        at java.util.concurrent.ScheduledThreadPoolExecutor$DelayedWorkQueue.take(ScheduledThreadPoolExecutor.java:1093)&#10;        at java.util.concurrent.ScheduledThreadPoolExecutor$DelayedWorkQueue.take(ScheduledThreadPoolExecutor.java:809)&#10;        at java.util.concurrent.ThreadPoolExecutor.getTask(ThreadPoolExecutor.java:1074)&#10;        at java.util.concurrent.ThreadPoolExecutor.runWorker(ThreadPoolExecutor.java:1134)&#10;        at java.util.concurrent.ThreadPoolExecutor$Worker.run(ThreadPoolExecutor.java:624)&#10;        at java.lang.Thread.run(Thread.java:748)&#10;&quot;IPC Server handler 12 on default port 38125&quot; daemon prio=5 tid=45 timed_waiting&#10;java.lang.Thread.State: TIMED_WAITING&#10;        at sun.misc.Unsafe.park(Native Method)&#10;        at java.util.concurrent.locks.LockSupport.parkNanos(LockSupport.java:215)&#10;        at java.util.concurrent.locks.AbstractQueuedSynchronizer$ConditionObject.awaitNanos(AbstractQueuedSynchronizer.java:2078)&#10;        at java.util.concurrent.LinkedBlockingQueue.poll(LinkedBlockingQueue.java:467)&#10;        at org.apache.hadoop.ipc.CallQueueManager.take(CallQueueManager.java:317)&#10;        at org.apache.hadoop.ipc.Server$Handler.run(Server.java:2932)&#10;&quot;EventQueue-DeleteBlockStatusForDeletedBlockLogImpl&quot; daemon prio=5 tid=3561 in Object.wait()&#10;java.lang.Thread.State: WAITING (on object monitor)&#10;        at sun.misc.Unsafe.park(Native Method)&#10;        at java.util.concurrent.locks.LockSupport.park(LockSupport.java:175)&#10;        at java.util.concurrent.locks.AbstractQueuedSynchronizer$ConditionObject.await(AbstractQueuedSynchronizer.java:2039)&#10;        at java.util.concurrent.LinkedBlockingQueue.take(LinkedBlockingQueue.java:442)&#10;        at java.util.concurrent.ThreadPoolExecutor.getTask(ThreadPoolExecutor.java:1074)&#10;        at java.util.concurrent.ThreadPoolExecutor.runWorker(ThreadPoolExecutor.java:1134)&#10;        at java.util.concurrent.ThreadPoolExecutor$Worker.run(ThreadPoolExecutor.java:624)&#10;        at java.lang.Thread.run(Thread.java:748)&#10;&quot;IPC Server handler 7 on default port 43391&quot; daemon prio=5 tid=60 timed_waiting&#10;java.lang.Thread.State: TIMED_WAITING&#10;        at sun.misc.Unsafe.park(Native Method)&#10;        at java.util.concurrent.locks.LockSupport.parkNanos(LockSupport.java:215)&#10;        at java.util.concurrent.locks.AbstractQueuedSynchronizer$ConditionObject.awaitNanos(AbstractQueuedSynchronizer.java:2078)&#10;        at java.util.concurrent.LinkedBlockingQueue.poll(LinkedBlockingQueue.java:467)&#10;        at org.apache.hadoop.ipc.CallQueueManager.take(CallQueueManager.java:317)&#10;        at org.apache.hadoop.ipc.Server$Handler.run(Server.java:2932)&#10;&quot;IPC Server handler 4 on default port 43391&quot; daemon prio=5 tid=57 timed_waiting&#10;java.lang.Thread.State: TIMED_WAITING&#10;        at sun.misc.Unsafe.park(Native Method)&#10;        at java.util.concurrent.locks.LockSupport.parkNanos(LockSupport.java:215)&#10;        at java.util.concurrent.locks.AbstractQueuedSynchronizer$ConditionObject.awaitNanos(AbstractQueuedSynchronizer.java:2078)&#10;        at java.util.concurrent.LinkedBlockingQueue.poll(LinkedBlockingQueue.java:467)&#10;        at org.apache.hadoop.ipc.CallQueueManager.take(CallQueueManager.java:317)&#10;        at org.apache.hadoop.ipc.Server$Handler.run(Server.java:2932)&#10;&quot;qtp1470711088-132&quot; daemon prio=5 tid=132 timed_waiting&#10;java.lang.Thread.State: TIMED_WAITING&#10;        at sun.misc.Unsafe.park(Native Method)&#10;        at java.util.concurrent.locks.LockSupport.parkNanos(LockSupport.java:215)&#10;        at java.util.concurrent.locks.AbstractQueuedSynchronizer$ConditionObject.awaitNanos(AbstractQueuedSynchronizer.java:2078)&#10;        at org.eclipse.jetty.util.BlockingArrayQueue.poll(BlockingArrayQueue.java:382)&#10;        at org.eclipse.jetty.util.thread.QueuedThreadPool$Runner.idleJobPoll(QueuedThreadPool.java:974)&#10;        at org.eclipse.jetty.util.thread.QueuedThreadPool$Runner.run(QueuedThreadPool.java:1018)&#10;        at java.lang.Thread.run(Thread.java:748)&#10;&quot;Datanode ReportManager Thread - 1&quot; daemon prio=5 tid=3335 in Object.wait()&#10;java.lang.Thread.State: WAITING (on object monitor)&#10;        at sun.misc.Unsafe.park(Native Method)&#10;        at java.util.concurrent.locks.LockSupport.park(LockSupport.java:175)&#10;        at java.util.concurrent.locks.AbstractQueuedSynchronizer$ConditionObject.await(AbstractQueuedSynchronizer.java:2039)&#10;        at java.util.concurrent.ScheduledThreadPoolExecutor$DelayedWorkQueue.take(ScheduledThreadPoolExecutor.java:1088)&#10;        at java.util.concurrent.ScheduledThreadPoolExecutor$DelayedWorkQueue.take(ScheduledThreadPoolExecutor.java:809)&#10;        at java.util.concurrent.ThreadPoolExecutor.getTask(ThreadPoolExecutor.java:1074)&#10;        at java.util.concurrent.ThreadPoolExecutor.runWorker(ThreadPoolExecutor.java:1134)&#10;        at java.util.concurrent.ThreadPoolExecutor$Worker.run(ThreadPoolExecutor.java:624)&#10;        at java.lang.Thread.run(Thread.java:748)&#10;&quot;Datanode ReportManager Thread - 0&quot; daemon prio=5 tid=175 in Object.wait()&#10;java.lang.Thread.State: WAITING (on object monitor)&#10;        at sun.misc.Unsafe.park(Native Method)&#10;        at java.util.concurrent.locks.LockSupport.park(LockSupport.java:175)&#10;        at java.util.concurrent.locks.AbstractQueuedSynchronizer$ConditionObject.await(AbstractQueuedSynchronizer.java:2039)&#10;        at java.util.concurrent.ScheduledThreadPoolExecutor$DelayedWorkQueue.take(ScheduledThreadPoolExecutor.java:1088)&#10;        at java.util.concurrent.ScheduledThreadPoolExecutor$DelayedWorkQueue.take(ScheduledThreadPoolExecutor.java:809)&#10;        at java.util.concurrent.ThreadPoolExecutor.getTask(ThreadPoolExecutor.java:1074)&#10;        at java.util.concurrent.ThreadPoolExecutor.runWorker(ThreadPoolExecutor.java:1134)&#10;        at java.util.concurrent.ThreadPoolExecutor$Worker.run(ThreadPoolExecutor.java:624)&#10;        at java.lang.Thread.run(Thread.java:748)&#10;&quot;Datanode State Machine Task Thread - 1&quot;  prio=5 tid=3433 timed_waiting&#10;java.lang.Thread.State: TIMED_WAITING&#10;        at sun.misc.Unsafe.park(Native Method)&#10;        at java.util.concurrent.locks.LockSupport.parkNanos(LockSupport.java:215)&#10;        at java.util.concurrent.FutureTask.awaitDone(FutureTask.java:426)&#10;        at java.util.concurrent.FutureTask.get(FutureTask.java:204)&#10;        at org.apache.hadoop.ozone.container.common.states.datanode.RunningDatanodeState.lambda$execute$0(RunningDatanodeState.java:149)&#10;        at org.apache.hadoop.ozone.container.common.states.datanode.RunningDatanodeState$$Lambda$675/307837560.call(Unknown Source)&#10;        at java.util.concurrent.FutureTask.run(FutureTask.java:266)&#10;        at java.util.concurrent.Executors$RunnableAdapter.call(Executors.java:511)&#10;        at java.util.concurrent.FutureTask.run(FutureTask.java:266)&#10;        at java.util.concurrent.ThreadPoolExecutor.runWorker(ThreadPoolExecutor.java:1149)&#10;        at java.util.concurrent.ThreadPoolExecutor$Worker.run(ThreadPoolExecutor.java:624)&#10;        at java.lang.Thread.run(Thread.java:748)&#10;&quot;a426eecb-3f7b-4bd3-8516-db356bf90be2@group-76C9E7F23109-SegmentedRaftLogWorker&quot;  prio=5 tid=3441 timed_waiting&#10;java.lang.Thread.State: TIMED_WAITING&#10;        at sun.misc.Unsafe.park(Native Method)&#10;        at java.util.concurrent.locks.LockSupport.parkNanos(LockSupport.java:215)&#10;        at java.util.concurrent.locks.AbstractQueuedSynchronizer$ConditionObject.awaitNanos(AbstractQueuedSynchronizer.java:2078)&#10;        at org.apache.ratis.util.DataBlockingQueue.poll(DataBlockingQueue.java:137)&#10;        at org.apache.ratis.server.raftlog.segmented.SegmentedRaftLogWorker.run(SegmentedRaftLogWorker.java:292)&#10;        at org.apache.ratis.server.raftlog.segmented.SegmentedRaftLogWorker$$Lambda$466/684552633.run(Unknown Source)&#10;        at java.lang.Thread.run(Thread.java:748)&#10;&quot;ChunkWriter-2-0&quot; daemon prio=5 tid=3437 in Object.wait()&#10;java.lang.Thread.State: WAITING (on object monitor)&#10;        at sun.misc.Unsafe.park(Native Method)&#10;        at java.util.concurrent.locks.LockSupport.park(LockSupport.java:175)&#10;        at java.util.concurrent.locks.AbstractQueuedSynchronizer$ConditionObject.await(AbstractQueuedSynchronizer.java:2039)&#10;        at java.util.concurrent.LinkedBlockingDeque.takeFirst(LinkedBlockingDeque.java:492)&#10;        at java.util.concurrent.LinkedBlockingDeque.take(LinkedBlockingDeque.java:680)&#10;        at java.util.concurrent.ThreadPoolExecutor.getTask(ThreadPoolExecutor.java:1074)&#10;        at java.util.concurrent.ThreadPoolExecutor.runWorker(ThreadPoolExecutor.java:1134)&#10;        at java.util.concurrent.ThreadPoolExecutor$Worker.run(ThreadPoolExecutor.java:624)&#10;        at java.lang.Thread.run(Thread.java:748)&#10;&quot;qtp68500741-3319&quot; daemon prio=5 tid=3319 runnable&#10;java.lang.Thread.State: RUNNABLE&#10;        at sun.nio.ch.EPollArrayWrapper.epollWait(Native Method)&#10;        at sun.nio.ch.EPollArrayWrapper.poll(EPollArrayWrapper.java:269)&#10;        at sun.nio.ch.EPollSelectorImpl.doSelect(EPollSelectorImpl.java:93)&#10;        at sun.nio.ch.SelectorImpl.lockAndDoSelect(SelectorImpl.java:86)&#10;        at sun.nio.ch.SelectorImpl.select(SelectorImpl.java:97)&#10;        at sun.nio.ch.SelectorImpl.select(SelectorImpl.java:101)&#10;        at org.eclipse.jetty.io.ManagedSelector.nioSelect(ManagedSelector.java:183)&#10;        at org.eclipse.jetty.io.ManagedSelector.select(ManagedSelector.java:190)&#10;        at org.eclipse.jetty.io.ManagedSelector$SelectorProducer.select(ManagedSelector.java:606)&#10;        at org.eclipse.jetty.io.ManagedSelector$SelectorProducer.produce(ManagedSelector.java:543)&#10;        at org.eclipse.jetty.util.thread.strategy.EatWhatYouKill.produceTask(EatWhatYouKill.java:362)&#10;        at org.eclipse.jetty.util.thread.strategy.EatWhatYouKill.doProduce(EatWhatYouKill.java:186)&#10;        at org.eclipse.jetty.util.thread.strategy.EatWhatYouKill.tryProduce(EatWhatYouKill.java:173)&#10;        at org.eclipse.jetty.util.thread.strategy.EatWhatYouKill.produce(EatWhatYouKill.java:137)&#10;        at org.eclipse.jetty.io.ManagedSelector$$Lambda$312/343688483.run(Unknown Source)&#10;        at org.eclipse.jetty.util.thread.QueuedThreadPool.runJob(QueuedThreadPool.java:883)&#10;        at org.eclipse.jetty.util.thread.QueuedThreadPool$Runner.run(QueuedThreadPool.java:1034)&#10;        at java.lang.Thread.run(Thread.java:748)&#10;&quot;IPC Server handler 0 on default port 45789&quot; daemon prio=5 tid=136 timed_waiting&#10;java.lang.Thread.State: TIMED_WAITING&#10;        at sun.misc.Unsafe.park(Native Method)&#10;        at java.util.concurrent.locks.LockSupport.parkNanos(LockSupport.java:215)&#10;        at java.util.concurrent.locks.AbstractQueuedSynchronizer$ConditionObject.awaitNanos(AbstractQueuedSynchronizer.java:2078)&#10;        at java.util.concurrent.LinkedBlockingQueue.poll(LinkedBlockingQueue.java:467)&#10;        at org.apache.hadoop.ipc.CallQueueManager.take(CallQueueManager.java:317)&#10;        at org.apache.hadoop.ipc.Server$Handler.run(Server.java:2932)&#10;&quot;IPC Server listener on 0&quot; daemon prio=5 tid=113 runnable&#10;java.lang.Thread.State: RUNNABLE&#10;        at sun.nio.ch.EPollArrayWrapper.epollWait(Native Method)&#10;        at sun.nio.ch.EPollArrayWrapper.poll(EPollArrayWrapper.java:269)&#10;        at sun.nio.ch.EPollSelectorImpl.doSelect(EPollSelectorImpl.java:93)&#10;        at sun.nio.ch.SelectorImpl.lockAndDoSelect(SelectorImpl.java:86)&#10;        at sun.nio.ch.SelectorImpl.select(SelectorImpl.java:97)&#10;        at sun.nio.ch.SelectorImpl.select(SelectorImpl.java:101)&#10;        at org.apache.hadoop.ipc.Server$Listener.run(Server.java:1350)&#10;&quot;IPC Server handler 1 on default port 41881&quot; daemon prio=5 tid=74 timed_waiting&#10;java.lang.Thread.State: TIMED_WAITING&#10;        at sun.misc.Unsafe.park(Native Method)&#10;        at java.util.concurrent.locks.LockSupport.parkNanos(LockSupport.java:215)&#10;        at java.util.concurrent.locks.AbstractQueuedSynchronizer$ConditionObject.awaitNanos(AbstractQueuedSynchronizer.java:2078)&#10;        at java.util.concurrent.LinkedBlockingQueue.poll(LinkedBlockingQueue.java:467)&#10;        at org.apache.hadoop.ipc.CallQueueManager.take(CallQueueManager.java:317)&#10;        at org.apache.hadoop.ipc.Server$Handler.run(Server.java:2932)&#10;&quot;qtp2126024846-3415-acceptor-0@78185627-ServerConnector@56b0c327{HTTP/1.1, (http/1.1)}{0.0.0.0:34963}&quot; daemon prio=3 tid=3415 runnable&#10;java.lang.Thread.State: RUNNABLE&#10;        at sun.nio.ch.ServerSocketChannelImpl.accept0(Native Method)&#10;        at sun.nio.ch.ServerSocketChannelImpl.accept(ServerSocketChannelImpl.java:421)&#10;        at sun.nio.ch.ServerSocketChannelImpl.accept(ServerSocketChannelImpl.java:249)&#10;        at org.eclipse.jetty.server.ServerConnector.accept(ServerConnector.java:388)&#10;        at org.eclipse.jetty.server.AbstractConnector$Acceptor.run(AbstractConnector.java:702)&#10;        at org.eclipse.jetty.util.thread.QueuedThreadPool.runJob(QueuedThreadPool.java:883)&#10;        at org.eclipse.jetty.util.thread.QueuedThreadPool$Runner.run(QueuedThreadPool.java:1034)&#10;        at java.lang.Thread.run(Thread.java:748)&#10;&quot;IPC Server handler 11 on default port 45789&quot; daemon prio=5 tid=147 timed_waiting&#10;java.lang.Thread.State: TIMED_WAITING&#10;        at sun.misc.Unsafe.park(Native Method)&#10;        at java.util.concurrent.locks.LockSupport.parkNanos(LockSupport.java:215)&#10;        at java.util.concurrent.locks.AbstractQueuedSynchronizer$ConditionObject.awaitNanos(AbstractQueuedSynchronizer.java:2078)&#10;        at java.util.concurrent.LinkedBlockingQueue.poll(LinkedBlockingQueue.java:467)&#10;        at org.apache.hadoop.ipc.CallQueueManager.take(CallQueueManager.java:317)&#10;        at org.apache.hadoop.ipc.Server$Handler.run(Server.java:2932)&#10;&quot;EventQueue-OpenPipelineForHealthyPipelineSafeModeRule&quot; daemon prio=5 tid=311 in Object.wait()&#10;java.lang.Thread.State: WAITING (on object monitor)&#10;        at sun.misc.Unsafe.park(Native Method)&#10;        at java.util.concurrent.locks.LockSupport.park(LockSupport.java:175)&#10;        at java.util.concurrent.locks.AbstractQueuedSynchronizer$ConditionObject.await(AbstractQueuedSynchronizer.java:2039)&#10;        at java.util.concurrent.LinkedBlockingQueue.take(LinkedBlockingQueue.java:442)&#10;        at java.util.concurrent.ThreadPoolExecutor.getTask(ThreadPoolExecutor.java:1074)&#10;        at java.util.concurrent.ThreadPoolExecutor.runWorker(ThreadPoolExecutor.java:1134)&#10;        at java.util.concurrent.ThreadPoolExecutor$Worker.run(ThreadPoolExecutor.java:624)&#10;        at java.lang.Thread.run(Thread.java:748)&#10;&quot;EndpointStateMachine task thread for /0.0.0.0:41881 - 0 &quot;  prio=5 tid=257 in Object.wait()&#10;java.lang.Thread.State: WAITING (on object monitor)&#10;        at sun.misc.Unsafe.park(Native Method)&#10;        at java.util.concurrent.locks.LockSupport.park(LockSupport.java:175)&#10;        at java.util.concurrent.locks.AbstractQueuedSynchronizer$ConditionObject.await(AbstractQueuedSynchronizer.java:2039)&#10;        at java.util.concurrent.LinkedBlockingQueue.take(LinkedBlockingQueue.java:442)&#10;        at java.util.concurrent.ThreadPoolExecutor.getTask(ThreadPoolExecutor.java:1074)&#10;        at java.util.concurrent.ThreadPoolExecutor.runWorker(ThreadPoolExecutor.java:1134)&#10;        at java.util.concurrent.ThreadPoolExecutor$Worker.run(ThreadPoolExecutor.java:624)&#10;        at java.lang.Thread.run(Thread.java:748)&#10;&quot;qtp1470711088-127&quot; daemon prio=5 tid=127 runnable&#10;java.lang.Thread.State: RUNNABLE&#10;        at sun.nio.ch.EPollArrayWrapper.epollWait(Native Method)&#10;        at sun.nio.ch.EPollArrayWrapper.poll(EPollArrayWrapper.java:269)&#10;        at sun.nio.ch.EPollSelectorImpl.doSelect(EPollSelectorImpl.java:93)&#10;        at sun.nio.ch.SelectorImpl.lockAndDoSelect(SelectorImpl.java:86)&#10;        at sun.nio.ch.SelectorImpl.select(SelectorImpl.java:97)&#10;        at sun.nio.ch.SelectorImpl.select(SelectorImpl.java:101)&#10;        at org.eclipse.jetty.io.ManagedSelector.nioSelect(ManagedSelector.java:183)&#10;        at org.eclipse.jetty.io.ManagedSelector.select(ManagedSelector.java:190)&#10;        at org.eclipse.jetty.io.ManagedSelector$SelectorProducer.select(ManagedSelector.java:606)&#10;        at org.eclipse.jetty.io.ManagedSelector$SelectorProducer.produce(ManagedSelector.java:543)&#10;        at org.eclipse.jetty.util.thread.strategy.EatWhatYouKill.produceTask(EatWhatYouKill.java:362)&#10;        at org.eclipse.jetty.util.thread.strategy.EatWhatYouKill.doProduce(EatWhatYouKill.java:186)&#10;        at org.eclipse.jetty.util.thread.strategy.EatWhatYouKill.tryProduce(EatWhatYouKill.java:173)&#10;        at org.eclipse.jetty.util.thread.strategy.EatWhatYouKill.produce(EatWhatYouKill.java:137)&#10;        at org.eclipse.jetty.io.ManagedSelector$$Lambda$312/343688483.run(Unknown Source)&#10;        at org.eclipse.jetty.util.thread.QueuedThreadPool.runJob(QueuedThreadPool.java:883)&#10;        at org.eclipse.jetty.util.thread.QueuedThreadPool$Runner.run(QueuedThreadPool.java:1034)&#10;        at java.lang.Thread.run(Thread.java:748)&#10;&quot;org.apache.hadoop.ozone.container.common.statemachine.commandhandler.DeleteBlocksCommandHandler$DeleteCmdWorker@e64ee56&quot; daemon prio=5 tid=163 runnable&#10;java.lang.Thread.State: RUNNABLE&#10;        at java.lang.Throwable.fillInStackTrace(Native Method)&#10;        at java.lang.Throwable.fillInStackTrace(Throwable.java:784)&#10;        at java.lang.Throwable.&lt;init&gt;(Throwable.java:266)&#10;        at java.lang.Exception.&lt;init&gt;(Exception.java:66)&#10;        at java.lang.InterruptedException.&lt;init&gt;(InterruptedException.java:67)&#10;        at java.lang.Thread.sleep(Native Method)&#10;        at org.apache.hadoop.ozone.container.common.statemachine.commandhandler.DeleteBlocksCommandHandler$DeleteCmdWorker.run(DeleteBlocksCommandHandler.java:175)&#10;        at java.lang.Thread.run(Thread.java:748)&#10;&quot;EventQueue-IncrementalContainerReportForIncrementalContainerReportHandler&quot; daemon prio=5 tid=336 in Object.wait()&#10;java.lang.Thread.State: WAITING (on object monitor)&#10;        at sun.misc.Unsafe.park(Native Method)&#10;        at java.util.concurrent.locks.LockSupport.park(LockSupport.java:175)&#10;        at java.util.concurrent.locks.AbstractQueuedSynchronizer$ConditionObject.await(AbstractQueuedSynchronizer.java:2039)&#10;        at java.util.concurrent.LinkedBlockingQueue.take(LinkedBlockingQueue.java:442)&#10;        at java.util.concurrent.ThreadPoolExecutor.getTask(ThreadPoolExecutor.java:1074)&#10;        at java.util.concurrent.ThreadPoolExecutor.runWorker(ThreadPoolExecutor.java:1134)&#10;        at java.util.concurrent.ThreadPoolExecutor$Worker.run(ThreadPoolExecutor.java:624)&#10;        at java.lang.Thread.run(Thread.java:748)&#10;&quot;IPC Server handler 17 on default port 38125&quot; daemon prio=5 tid=50 timed_waiting&#10;java.lang.Thread.State: TIMED_WAITING&#10;        at sun.misc.Unsafe.park(Native Method)&#10;        at java.util.concurrent.locks.LockSupport.parkNanos(LockSupport.java:215)&#10;        at java.util.concurrent.locks.AbstractQueuedSynchronizer$ConditionObject.awaitNanos(AbstractQueuedSynchronizer.java:2078)&#10;        at java.util.concurrent.LinkedBlockingQueue.poll(LinkedBlockingQueue.java:467)&#10;        at org.apache.hadoop.ipc.CallQueueManager.take(CallQueueManager.java:317)&#10;        at org.apache.hadoop.ipc.Server$Handler.run(Server.java:2932)&#10;&quot;Timer for &apos;StorageContainerManager&apos; metrics system&quot; daemon prio=5 tid=31 timed_waiting&#10;java.lang.Thread.State: TIMED_WAITING&#10;        at java.lang.Object.wait(Native Method)&#10;        at java.util.TimerThread.mainLoop(Timer.java:552)&#10;        at java.util.TimerThread.run(Timer.java:505)&#10;&quot;qtp68500741-3320-acceptor-0@591d270f-ServerConnector@2ef2a62a{HTTP/1.1, (http/1.1)}{0.0.0.0:40661}&quot; daemon prio=3 tid=3320 runnable&#10;java.lang.Thread.State: RUNNABLE&#10;        at sun.nio.ch.ServerSocketChannelImpl.accept0(Native Method)&#10;        at sun.nio.ch.ServerSocketChannelImpl.accept(ServerSocketChannelImpl.java:421)&#10;        at sun.nio.ch.ServerSocketChannelImpl.accept(ServerSocketChannelImpl.java:249)&#10;        at org.eclipse.jetty.server.ServerConnector.accept(ServerConnector.java:388)&#10;        at org.eclipse.jetty.server.AbstractConnector$Acceptor.run(AbstractConnector.java:702)&#10;        at org.eclipse.jetty.util.thread.QueuedThreadPool.runJob(QueuedThreadPool.java:883)&#10;        at org.eclipse.jetty.util.thread.QueuedThreadPool$Runner.run(QueuedThreadPool.java:1034)&#10;        at java.lang.Thread.run(Thread.java:748)&#10;&quot;EventQueue-HealthyReadonlyToHealthyNodeForReadOnlyHealthyToHealthyNodeHandler&quot; daemon prio=5 tid=3366 in Object.wait()&#10;java.lang.Thread.State: WAITING (on object monitor)&#10;        at sun.misc.Unsafe.park(Native Method)&#10;        at java.util.concurrent.locks.LockSupport.park(LockSupport.java:175)&#10;        at java.util.concurrent.locks.AbstractQueuedSynchronizer$ConditionObject.await(AbstractQueuedSynchronizer.java:2039)&#10;        at java.util.concurrent.LinkedBlockingQueue.take(LinkedBlockingQueue.java:442)&#10;        at java.util.concurrent.ThreadPoolExecutor.getTask(ThreadPoolExecutor.java:1074)&#10;        at java.util.concurrent.ThreadPoolExecutor.runWorker(ThreadPoolExecutor.java:1134)&#10;        at java.util.concurrent.ThreadPoolExecutor$Worker.run(ThreadPoolExecutor.java:624)&#10;        at java.lang.Thread.run(Thread.java:748)&#10;&quot;qtp1470711088-130&quot; daemon prio=5 tid=130 timed_waiting&#10;java.lang.Thread.State: TIMED_WAITING&#10;        at sun.misc.Unsafe.park(Native Method)&#10;        at java.util.concurrent.locks.LockSupport.parkNanos(LockSupport.java:215)&#10;        at java.util.concurrent.locks.AbstractQueuedSynchronizer$ConditionObject.awaitNanos(AbstractQueuedSynchronizer.java:2078)&#10;        at org.eclipse.jetty.util.BlockingArrayQueue.poll(BlockingArrayQueue.java:382)&#10;        at org.eclipse.jetty.util.thread.QueuedThreadPool$Runner.idleJobPoll(QueuedThreadPool.java:974)&#10;        at org.eclipse.jetty.util.thread.QueuedThreadPool$Runner.run(QueuedThreadPool.java:1018)&#10;        at java.lang.Thread.run(Thread.java:748)&#10;&quot;EventQueue-StaleNodeForStaleNodeHandler&quot; daemon prio=5 tid=3296 in Object.wait()&#10;java.lang.Thread.State: WAITING (on object monitor)&#10;        at sun.misc.Unsafe.park(Native Method)&#10;        at java.util.concurrent.locks.LockSupport.park(LockSupport.java:175)&#10;        at java.util.concurrent.locks.AbstractQueuedSynchronizer$ConditionObject.await(AbstractQueuedSynchronizer.java:2039)&#10;        at java.util.concurrent.LinkedBlockingQueue.take(LinkedBlockingQueue.java:442)&#10;        at java.util.concurrent.ThreadPoolExecutor.getTask(ThreadPoolExecutor.java:1074)&#10;        at java.util.concurrent.ThreadPoolExecutor.runWorker(ThreadPoolExecutor.java:1134)&#10;        at java.util.concurrent.ThreadPoolExecutor$Worker.run(ThreadPoolExecutor.java:624)&#10;        at java.lang.Thread.run(Thread.java:748)&#10;&quot;surefire-forkedjvm-command-thread&quot; daemon prio=5 tid=9 runnable&#10;java.lang.Thread.State: RUNNABLE&#10;        at java.io.FileInputStream.readBytes(Native Method)&#10;        at java.io.FileInputStream.read(FileInputStream.java:255)&#10;        at java.io.BufferedInputStream.fill(BufferedInputStream.java:246)&#10;        at java.io.BufferedInputStream.read(BufferedInputStream.java:265)&#10;        at java.io.DataInputStream.readInt(DataInputStream.java:387)&#10;        at org.apache.maven.surefire.booter.MasterProcessCommand.decode(MasterProcessCommand.java:115)&#10;        at org.apache.maven.surefire.booter.CommandReader$CommandRunnable.run(CommandReader.java:390)&#10;        at java.lang.Thread.run(Thread.java:748)&#10;&quot;IPC Server handler 17 on default port 43391&quot; daemon prio=5 tid=70 timed_waiting&#10;java.lang.Thread.State: TIMED_WAITING&#10;        at sun.misc.Unsafe.park(Native Method)&#10;        at java.util.concurrent.locks.LockSupport.parkNanos(LockSupport.java:215)&#10;        at java.util.concurrent.locks.AbstractQueuedSynchronizer$ConditionObject.awaitNanos(AbstractQueuedSynchronizer.java:2078)&#10;        at java.util.concurrent.LinkedBlockingQueue.poll(LinkedBlockingQueue.java:467)&#10;        at org.apache.hadoop.ipc.CallQueueManager.take(CallQueueManager.java:317)&#10;        at org.apache.hadoop.ipc.Server$Handler.run(Server.java:2932)&#10;&quot;IPC Server handler 19 on default port 45789&quot; daemon prio=5 tid=155 timed_waiting&#10;java.lang.Thread.State: TIMED_WAITING&#10;        at sun.misc.Unsafe.park(Native Method)&#10;        at java.util.concurrent.locks.LockSupport.parkNanos(LockSupport.java:215)&#10;        at java.util.concurrent.locks.AbstractQueuedSynchronizer$ConditionObject.awaitNanos(AbstractQueuedSynchronizer.java:2078)&#10;        at java.util.concurrent.LinkedBlockingQueue.poll(LinkedBlockingQueue.java:467)&#10;        at org.apache.hadoop.ipc.CallQueueManager.take(CallQueueManager.java:317)&#10;        at org.apache.hadoop.ipc.Server$Handler.run(Server.java:2932)&#10;&quot;qtp2126024846-3417&quot; daemon prio=5 tid=3417 timed_waiting&#10;java.lang.Thread.State: TIMED_WAITING&#10;        at sun.misc.Unsafe.park(Native Method)&#10;        at java.util.concurrent.locks.LockSupport.parkNanos(LockSupport.java:215)&#10;        at java.util.concurrent.locks.AbstractQueuedSynchronizer$ConditionObject.awaitNanos(AbstractQueuedSynchronizer.java:2078)&#10;        at org.eclipse.jetty.util.BlockingArrayQueue.poll(BlockingArrayQueue.java:382)&#10;        at org.eclipse.jetty.util.thread.QueuedThreadPool$Runner.idleJobPoll(QueuedThreadPool.java:974)&#10;        at org.eclipse.jetty.util.thread.QueuedThreadPool$Runner.run(QueuedThreadPool.java:1018)&#10;        at java.lang.Thread.run(Thread.java:748)&#10;&quot;IPC Server handler 2 on default port 43391&quot; daemon prio=5 tid=55 timed_waiting&#10;java.lang.Thread.State: TIMED_WAITING&#10;        at sun.misc.Unsafe.park(Native Method)&#10;        at java.util.concurrent.locks.LockSupport.parkNanos(LockSupport.java:215)&#10;        at java.util.concurrent.locks.AbstractQueuedSynchronizer$ConditionObject.awaitNanos(AbstractQueuedSynchronizer.java:2078)&#10;        at java.util.concurrent.LinkedBlockingQueue.poll(LinkedBlockingQueue.java:467)&#10;        at org.apache.hadoop.ipc.CallQueueManager.take(CallQueueManager.java:317)&#10;        at org.apache.hadoop.ipc.Server$Handler.run(Server.java:2932)&#10;&quot;IPC Server handler 4 on default port 38125&quot; daemon prio=5 tid=37 timed_waiting&#10;java.lang.Thread.State: TIMED_WAITING&#10;        at sun.misc.Unsafe.park(Native Method)&#10;        at java.util.concurrent.locks.LockSupport.parkNanos(LockSupport.java:215)&#10;        at java.util.concurrent.locks.AbstractQueuedSynchronizer$ConditionObject.awaitNanos(AbstractQueuedSynchronizer.java:2078)&#10;        at java.util.concurrent.LinkedBlockingQueue.poll(LinkedBlockingQueue.java:467)&#10;        at org.apache.hadoop.ipc.CallQueueManager.take(CallQueueManager.java:317)&#10;        at org.apache.hadoop.ipc.Server$Handler.run(Server.java:2932)&#10;&quot;KeyDeletingService#0&quot; daemon prio=5 tid=124 timed_waiting&#10;java.lang.Thread.State: TIMED_WAITING&#10;        at sun.misc.Unsafe.park(Native Method)&#10;        at java.util.concurrent.locks.LockSupport.parkNanos(LockSupport.java:215)&#10;        at java.util.concurrent.locks.AbstractQueuedSynchronizer$ConditionObject.awaitNanos(AbstractQueuedSynchronizer.java:2078)&#10;        at java.util.concurrent.ScheduledThreadPoolExecutor$DelayedWorkQueue.take(ScheduledThreadPoolExecutor.java:1093)&#10;        at java.util.concurrent.ScheduledThreadPoolExecutor$DelayedWorkQueue.take(ScheduledThreadPoolExecutor.java:809)&#10;        at java.util.concurrent.ThreadPoolExecutor.getTask(ThreadPoolExecutor.java:1074)&#10;        at java.util.concurrent.ThreadPoolExecutor.runWorker(ThreadPoolExecutor.java:1134)&#10;        at java.util.concurrent.ThreadPoolExecutor$Worker.run(ThreadPoolExecutor.java:624)&#10;        at java.lang.Thread.run(Thread.java:748)&#10;&quot;org.apache.hadoop.ozone.container.common.statemachine.commandhandler.DeleteBlocksCommandHandler$DeleteCmdWorker@76991b36&quot; daemon prio=5 tid=3412 timed_waiting&#10;java.lang.Thread.State: TIMED_WAITING&#10;        at java.lang.Thread.sleep(Native Method)&#10;        at org.apache.hadoop.ozone.container.common.statemachine.commandhandler.DeleteBlocksCommandHandler$DeleteCmdWorker.run(DeleteBlocksCommandHandler.java:175)&#10;        at java.lang.Thread.run(Thread.java:748)&#10;&quot;EventQueue-HealthyReadonlyNodeForHealthyReadOnlyNodeHandler&quot; daemon prio=5 tid=3365 in Object.wait()&#10;java.lang.Thread.State: WAITING (on object monitor)&#10;        at sun.misc.Unsafe.park(Native Method)&#10;        at java.util.concurrent.locks.LockSupport.park(LockSupport.java:175)&#10;        at java.util.concurrent.locks.AbstractQueuedSynchronizer$ConditionObject.await(AbstractQueuedSynchronizer.java:2039)&#10;        at java.util.concurrent.LinkedBlockingQueue.take(LinkedBlockingQueue.java:442)&#10;        at java.util.concurrent.ThreadPoolExecutor.getTask(ThreadPoolExecutor.java:1074)&#10;        at java.util.concurrent.ThreadPoolExecutor.runWorker(ThreadPoolExecutor.java:1134)&#10;        at java.util.concurrent.ThreadPoolExecutor$Worker.run(ThreadPoolExecutor.java:624)&#10;        at java.lang.Thread.run(Thread.java:748)&#10;&quot;org.apache.hadoop.util.JvmPauseMonitor$Monitor@434c9944&quot; daemon prio=5 tid=3340 timed_waiting&#10;java.lang.Thread.State: TIMED_WAITING&#10;        at java.lang.Thread.sleep(Native Method)&#10;        at org.apache.hadoop.util.JvmPauseMonitor$Monitor.run(JvmPauseMonitor.java:192)&#10;        at java.lang.Thread.run(Thread.java:748)&#10;&quot;PartialTableCache Cleanup Thread - 0&quot; daemon prio=5 tid=333 in Object.wait()&#10;java.lang.Thread.State: WAITING (on object monitor)&#10;        at sun.misc.Unsafe.park(Native Method)&#10;        at java.util.concurrent.locks.LockSupport.park(LockSupport.java:175)&#10;        at java.util.concurrent.locks.AbstractQueuedSynchronizer$ConditionObject.await(AbstractQueuedSynchronizer.java:2039)&#10;        at java.util.concurrent.LinkedBlockingQueue.take(LinkedBlockingQueue.java:442)&#10;        at java.util.concurrent.ThreadPoolExecutor.getTask(ThreadPoolExecutor.java:1074)&#10;        at java.util.concurrent.ThreadPoolExecutor.runWorker(ThreadPoolExecutor.java:1134)&#10;        at java.util.concurrent.ThreadPoolExecutor$Worker.run(ThreadPoolExecutor.java:624)&#10;        at java.lang.Thread.run(Thread.java:748)&#10;&quot;IPC Server handler 1 on default port 45789&quot; daemon prio=5 tid=137 timed_waiting&#10;java.lang.Thread.State: TIMED_WAITING&#10;        at sun.misc.Unsafe.park(Native Method)&#10;        at java.util.concurrent.locks.LockSupport.parkNanos(LockSupport.java:215)&#10;        at java.util.concurrent.locks.AbstractQueuedSynchronizer$ConditionObject.awaitNanos(AbstractQueuedSynchronizer.java:2078)&#10;        at java.util.concurrent.LinkedBlockingQueue.poll(LinkedBlockingQueue.java:467)&#10;        at org.apache.hadoop.ipc.CallQueueManager.take(CallQueueManager.java:317)&#10;        at org.apache.hadoop.ipc.Server$Handler.run(Server.java:2932)&#10;&quot;IPC Server handler 0 on default port 38125&quot; daemon prio=5 tid=33 timed_waiting&#10;java.lang.Thread.State: TIMED_WAITING&#10;        at sun.misc.Unsafe.park(Native Method)&#10;        at java.util.concurrent.locks.LockSupport.parkNanos(LockSupport.java:215)&#10;        at java.util.concurrent.locks.AbstractQueuedSynchronizer$ConditionObject.awaitNanos(AbstractQueuedSynchronizer.java:2078)&#10;        at java.util.concurrent.LinkedBlockingQueue.poll(LinkedBlockingQueue.java:467)&#10;        at org.apache.hadoop.ipc.CallQueueManager.take(CallQueueManager.java:317)&#10;        at org.apache.hadoop.ipc.Server$Handler.run(Server.java:2932)&#10;&quot;ChunkWriter-1-0&quot; daemon prio=5 tid=3436 in Object.wait()&#10;java.lang.Thread.State: WAITING (on object monitor)&#10;        at sun.misc.Unsafe.park(Native Method)&#10;        at java.util.concurrent.locks.LockSupport.park(LockSupport.java:175)&#10;        at java.util.concurrent.locks.AbstractQueuedSynchronizer$ConditionObject.await(AbstractQueuedSynchronizer.java:2039)&#10;        at java.util.concurrent.LinkedBlockingDeque.takeFirst(LinkedBlockingDeque.java:492)&#10;        at java.util.concurrent.LinkedBlockingDeque.take(LinkedBlockingDeque.java:680)&#10;        at java.util.concurrent.ThreadPoolExecutor.getTask(ThreadPoolExecutor.java:1074)&#10;        at java.util.concurrent.ThreadPoolExecutor.runWorker(ThreadPoolExecutor.java:1134)&#10;        at java.util.concurrent.ThreadPoolExecutor$Worker.run(ThreadPoolExecutor.java:624)&#10;        at java.lang.Thread.run(Thread.java:748)&#10;&quot;qtp685606790-99&quot; daemon prio=5 tid=99 timed_waiting&#10;java.lang.Thread.State: TIMED_WAITING&#10;        at sun.misc.Unsafe.park(Native Method)&#10;        at java.util.concurrent.locks.LockSupport.parkNanos(LockSupport.java:215)&#10;        at java.util.concurrent.locks.AbstractQueuedSynchronizer$ConditionObject.awaitNanos(AbstractQueuedSynchronizer.java:2078)&#10;        at org.eclipse.jetty.util.BlockingArrayQueue.poll(BlockingArrayQueue.java:382)&#10;        at org.eclipse.jetty.util.thread.QueuedThreadPool$Runner.idleJobPoll(QueuedThreadPool.java:974)&#10;        at org.eclipse.jetty.util.thread.QueuedThreadPool$Runner.run(QueuedThreadPool.java:1018)&#10;        at java.lang.Thread.run(Thread.java:748)&#10;&quot;qtp1470711088-131&quot; daemon prio=5 tid=131 timed_waiting&#10;java.lang.Thread.State: TIMED_WAITING&#10;        at sun.misc.Unsafe.park(Native Method)&#10;        at java.util.concurrent.locks.LockSupport.parkNanos(LockSupport.java:215)&#10;        at java.util.concurrent.locks.AbstractQueuedSynchronizer$ConditionObject.awaitNanos(AbstractQueuedSynchronizer.java:2078)&#10;        at org.eclipse.jetty.util.BlockingArrayQueue.poll(BlockingArrayQueue.java:382)&#10;        at org.eclipse.jetty.util.thread.QueuedThreadPool$Runner.idleJobPoll(QueuedThreadPool.java:974)&#10;        at org.eclipse.jetty.util.thread.QueuedThreadPool$Runner.run(QueuedThreadPool.java:1018)&#10;        at java.lang.Thread.run(Thread.java:748)&#10;&quot;FullTableCache Cleanup Thread - 0&quot; daemon prio=5 tid=330 in Object.wait()&#10;java.lang.Thread.State: WAITING (on object monitor)&#10;        at sun.misc.Unsafe.park(Native Method)&#10;        at java.util.concurrent.locks.LockSupport.park(LockSupport.java:175)&#10;        at java.util.concurrent.locks.AbstractQueuedSynchronizer$ConditionObject.await(AbstractQueuedSynchronizer.java:2039)&#10;        at java.util.concurrent.LinkedBlockingQueue.take(LinkedBlockingQueue.java:442)&#10;        at java.util.concurrent.ThreadPoolExecutor.getTask(ThreadPoolExecutor.java:1074)&#10;        at java.util.concurrent.ThreadPoolExecutor.runWorker(ThreadPoolExecutor.java:1134)&#10;        at java.util.concurrent.ThreadPoolExecutor$Worker.run(ThreadPoolExecutor.java:624)&#10;        at java.lang.Thread.run(Thread.java:748)&#10;&quot;Datanode ReportManager Thread - 2&quot; daemon prio=5 tid=3426 in Object.wait()&#10;java.lang.Thread.State: WAITING (on object monitor)&#10;        at sun.misc.Unsafe.park(Native Method)&#10;        at java.util.concurrent.locks.LockSupport.park(LockSupport.java:175)&#10;        at java.util.concurrent.locks.AbstractQueuedSynchronizer$ConditionObject.await(AbstractQueuedSynchronizer.java:2039)&#10;        at java.util.concurrent.ScheduledThreadPoolExecutor$DelayedWorkQueue.take(ScheduledThreadPoolExecutor.java:1088)&#10;        at java.util.concurrent.ScheduledThreadPoolExecutor$DelayedWorkQueue.take(ScheduledThreadPoolExecutor.java:809)&#10;        at java.util.concurrent.ThreadPoolExecutor.getTask(ThreadPoolExecutor.java:1074)&#10;        at java.util.concurrent.ThreadPoolExecutor.runWorker(ThreadPoolExecutor.java:1134)&#10;        at java.util.concurrent.ThreadPoolExecutor$Worker.run(ThreadPoolExecutor.java:624)&#10;        at java.lang.Thread.run(Thread.java:748)&#10;&quot;IPC Server handler 11 on default port 41881&quot; daemon prio=5 tid=84 timed_waiting&#10;java.lang.Thread.State: TIMED_WAITING&#10;        at sun.misc.Unsafe.park(Native Method)&#10;        at java.util.concurrent.locks.LockSupport.parkNanos(LockSupport.java:215)&#10;        at java.util.concurrent.locks.AbstractQueuedSynchronizer$ConditionObject.awaitNanos(AbstractQueuedSynchronizer.java:2078)&#10;        at java.util.concurrent.LinkedBlockingQueue.poll(LinkedBlockingQueue.java:467)&#10;        at org.apache.hadoop.ipc.CallQueueManager.take(CallQueueManager.java:317)&#10;        at org.apache.hadoop.ipc.Server$Handler.run(Server.java:2932)&#10;&quot;IPC Server listener on 0&quot; daemon prio=5 tid=19 runnable&#10;java.lang.Thread.State: RUNNABLE&#10;        at sun.nio.ch.EPollArrayWrapper.epollWait(Native Method)&#10;        at sun.nio.ch.EPollArrayWrapper.poll(EPollArrayWrapper.java:269)&#10;        at sun.nio.ch.EPollSelectorImpl.doSelect(EPollSelectorImpl.java:93)&#10;        at sun.nio.ch.SelectorImpl.lockAndDoSelect(SelectorImpl.java:86)&#10;        at sun.nio.ch.SelectorImpl.select(SelectorImpl.java:97)&#10;        at sun.nio.ch.SelectorImpl.select(SelectorImpl.java:101)&#10;        at org.apache.hadoop.ipc.Server$Listener.run(Server.java:1350)&#10;&quot;IPC Server handler 10 on default port 38125&quot; daemon prio=5 tid=43 timed_waiting&#10;java.lang.Thread.State: TIMED_WAITING&#10;        at sun.misc.Unsafe.park(Native Method)&#10;        at java.util.concurrent.locks.LockSupport.parkNanos(LockSupport.java:215)&#10;        at java.util.concurrent.locks.AbstractQueuedSynchronizer$ConditionObject.awaitNanos(AbstractQueuedSynchronizer.java:2078)&#10;        at java.util.concurrent.LinkedBlockingQueue.poll(LinkedBlockingQueue.java:467)&#10;        at org.apache.hadoop.ipc.CallQueueManager.take(CallQueueManager.java:317)&#10;        at org.apache.hadoop.ipc.Server$Handler.run(Server.java:2932)&#10;&quot;Datanode ReportManager Thread - 4&quot; daemon prio=5 tid=179 timed_waiting&#10;java.lang.Thread.State: TIMED_WAITING&#10;        at sun.misc.Unsafe.park(Native Method)&#10;        at java.util.concurrent.locks.LockSupport.parkNanos(LockSupport.java:215)&#10;        at java.util.concurrent.locks.AbstractQueuedSynchronizer$ConditionObject.awaitNanos(AbstractQueuedSynchronizer.java:2078)&#10;        at java.util.concurrent.ScheduledThreadPoolExecutor$DelayedWorkQueue.take(ScheduledThreadPoolExecutor.java:1093)&#10;        at java.util.concurrent.ScheduledThreadPoolExecutor$DelayedWorkQueue.take(ScheduledThreadPoolExecutor.java:809)&#10;        at java.util.concurrent.ThreadPoolExecutor.getTask(ThreadPoolExecutor.java:1074)&#10;        at java.util.concurrent.ThreadPoolExecutor.runWorker(ThreadPoolExecutor.java:1134)&#10;        at java.util.concurrent.ThreadPoolExecutor$Worker.run(ThreadPoolExecutor.java:624)&#10;        at java.lang.Thread.run(Thread.java:748)&#10;&quot;IPC Server handler 15 on default port 41881&quot; daemon prio=5 tid=88 timed_waiting&#10;java.lang.Thread.State: TIMED_WAITING&#10;        at sun.misc.Unsafe.park(Native Method)&#10;        at java.util.concurrent.locks.LockSupport.parkNanos(LockSupport.java:215)&#10;        at java.util.concurrent.locks.AbstractQueuedSynchronizer$ConditionObject.awaitNanos(AbstractQueuedSynchronizer.java:2078)&#10;        at java.util.concurrent.LinkedBlockingQueue.poll(LinkedBlockingQueue.java:467)&#10;        at org.apache.hadoop.ipc.CallQueueManager.take(CallQueueManager.java:317)&#10;        at org.apache.hadoop.ipc.Server$Handler.run(Server.java:2932)&#10;&quot;grpc-default-boss-ELG-1-1&quot; daemon prio=5 tid=121 runnable&#10;java.lang.Thread.State: RUNNABLE&#10;        at org.apache.ratis.thirdparty.io.netty.channel.epoll.Native.epollWait(Native Method)&#10;        at org.apache.ratis.thirdparty.io.netty.channel.epoll.Native.epollWait(Native.java:177)&#10;        at org.apache.ratis.thirdparty.io.netty.channel.epoll.Native.epollWait(Native.java:170)&#10;        at org.apache.ratis.thirdparty.io.netty.channel.epoll.EpollEventLoop.epollWaitNoTimerChange(EpollEventLoop.java:290)&#10;        at org.apache.ratis.thirdparty.io.netty.channel.epoll.EpollEventLoop.run(EpollEventLoop.java:347)&#10;        at org.apache.ratis.thirdparty.io.netty.util.concurrent.SingleThreadEventExecutor$4.run(SingleThreadEventExecutor.java:989)&#10;        at org.apache.ratis.thirdparty.io.netty.util.internal.ThreadExecutorMap$2.run(ThreadExecutorMap.java:74)&#10;        at org.apache.ratis.thirdparty.io.netty.util.concurrent.FastThreadLocalRunnable.run(FastThreadLocalRunnable.java:30)&#10;        at java.lang.Thread.run(Thread.java:748)&#10;&quot;qtp68500741-3326&quot; daemon prio=5 tid=3326 timed_waiting&#10;java.lang.Thread.State: TIMED_WAITING&#10;        at sun.misc.Unsafe.park(Native Method)&#10;        at java.util.concurrent.locks.LockSupport.parkNanos(LockSupport.java:215)&#10;        at java.util.concurrent.locks.AbstractQueuedSynchronizer$ConditionObject.awaitNanos(AbstractQueuedSynchronizer.java:2078)&#10;        at org.eclipse.jetty.util.BlockingArrayQueue.poll(BlockingArrayQueue.java:382)&#10;        at org.eclipse.jetty.util.thread.QueuedThreadPool$Runner.idleJobPoll(QueuedThreadPool.java:974)&#10;        at org.eclipse.jetty.util.thread.QueuedThreadPool$Runner.run(QueuedThreadPool.java:1018)&#10;        at java.lang.Thread.run(Thread.java:748)&#10;&quot;IPC Server Responder&quot; daemon prio=5 tid=26 runnable&#10;java.lang.Thread.State: RUNNABLE&#10;        at sun.nio.ch.EPollArrayWrapper.epollWait(Native Method)&#10;        at sun.nio.ch.EPollArrayWrapper.poll(EPollArrayWrapper.java:269)&#10;        at sun.nio.ch.EPollSelectorImpl.doSelect(EPollSelectorImpl.java:93)&#10;        at sun.nio.ch.SelectorImpl.lockAndDoSelect(SelectorImpl.java:86)&#10;        at sun.nio.ch.SelectorImpl.select(SelectorImpl.java:97)&#10;        at org.apache.hadoop.ipc.Server$Responder.doRunLoop(Server.java:1527)&#10;        at org.apache.hadoop.ipc.Server$Responder.run(Server.java:1510)&#10;&quot;IPC Server handler 1 on default port 43391&quot; daemon prio=5 tid=54 timed_waiting&#10;java.lang.Thread.State: TIMED_WAITING&#10;        at sun.misc.Unsafe.park(Native Method)&#10;        at java.util.concurrent.locks.LockSupport.parkNanos(LockSupport.java:215)&#10;        at java.util.concurrent.locks.AbstractQueuedSynchronizer$ConditionObject.awaitNanos(AbstractQueuedSynchronizer.java:2078)&#10;        at java.util.concurrent.LinkedBlockingQueue.poll(LinkedBlockingQueue.java:467)&#10;        at org.apache.hadoop.ipc.CallQueueManager.take(CallQueueManager.java:317)&#10;        at org.apache.hadoop.ipc.Server$Handler.run(Server.java:2932)&#10;&quot;pool-448-thread-1&quot;  prio=5 tid=3411 in Object.wait()&#10;java.lang.Thread.State: WAITING (on object monitor)&#10;        at sun.misc.Unsafe.park(Native Method)&#10;        at java.util.concurrent.locks.LockSupport.park(LockSupport.java:175)&#10;        at java.util.concurrent.locks.AbstractQueuedSynchronizer$ConditionObject.await(AbstractQueuedSynchronizer.java:2039)&#10;        at java.util.concurrent.LinkedBlockingQueue.take(LinkedBlockingQueue.java:442)&#10;        at java.util.concurrent.ThreadPoolExecutor.getTask(ThreadPoolExecutor.java:1074)&#10;        at java.util.concurrent.ThreadPoolExecutor.runWorker(ThreadPoolExecutor.java:1134)&#10;        at java.util.concurrent.ThreadPoolExecutor$Worker.run(ThreadPoolExecutor.java:624)&#10;        at java.lang.Thread.run(Thread.java:748)&#10;&quot;prometheus&quot; daemon prio=5 tid=105 in Object.wait()&#10;java.lang.Thread.State: WAITING (on object monitor)&#10;        at java.lang.Object.wait(Native Method)&#10;        at java.lang.Object.wait(Object.java:502)&#10;        at org.apache.hadoop.metrics2.impl.SinkQueue.waitForData(SinkQueue.java:114)&#10;        at org.apache.hadoop.metrics2.impl.SinkQueue.consumeAll(SinkQueue.java:83)&#10;        at org.apache.hadoop.metrics2.impl.MetricsSinkAdapter.publishMetricsFromQueue(MetricsSinkAdapter.java:135)&#10;        at org.apache.hadoop.metrics2.impl.MetricsSinkAdapter$1.run(MetricsSinkAdapter.java:89)&#10;&quot;IPC Server handler 16 on default port 45789&quot; daemon prio=5 tid=152 timed_waiting&#10;java.lang.Thread.State: TIMED_WAITING&#10;        at sun.misc.Unsafe.park(Native Method)&#10;        at java.util.concurrent.locks.LockSupport.parkNanos(LockSupport.java:215)&#10;        at java.util.concurrent.locks.AbstractQueuedSynchronizer$ConditionObject.awaitNanos(AbstractQueuedSynchronizer.java:2078)&#10;        at java.util.concurrent.LinkedBlockingQueue.poll(LinkedBlockingQueue.java:467)&#10;        at org.apache.hadoop.ipc.CallQueueManager.take(CallQueueManager.java:317)&#10;        at org.apache.hadoop.ipc.Server$Handler.run(Server.java:2932)&#10;&quot;java.util.concurrent.ThreadPoolExecutor$Worker@16af630[State = -1, empty queue]&quot; daemon prio=5 tid=3403 in Object.wait()&#10;java.lang.Thread.State: WAITING (on object monitor)&#10;        at sun.misc.Unsafe.park(Native Method)&#10;        at java.util.concurrent.locks.LockSupport.park(LockSupport.java:175)&#10;        at java.util.concurrent.locks.AbstractQueuedSynchronizer$ConditionObject.await(AbstractQueuedSynchronizer.java:2039)&#10;        at java.util.concurrent.ScheduledThreadPoolExecutor$DelayedWorkQueue.take(ScheduledThreadPoolExecutor.java:1081)&#10;        at java.util.concurrent.ScheduledThreadPoolExecutor$DelayedWorkQueue.take(ScheduledThreadPoolExecutor.java:809)&#10;        at java.util.concurrent.ThreadPoolExecutor.getTask(ThreadPoolExecutor.java:1074)&#10;        at java.util.concurrent.ThreadPoolExecutor.runWorker(ThreadPoolExecutor.java:1134)&#10;        at java.util.concurrent.ThreadPoolExecutor$Worker.run(ThreadPoolExecutor.java:624)&#10;        at java.lang.Thread.run(Thread.java:748)&#10;&quot;IPC Server handler 6 on default port 43391&quot; daemon prio=5 tid=59 timed_waiting&#10;java.lang.Thread.State: TIMED_WAITING&#10;        at sun.misc.Unsafe.park(Native Method)&#10;        at java.util.concurrent.locks.LockSupport.parkNanos(LockSupport.java:215)&#10;        at java.util.concurrent.locks.AbstractQueuedSynchronizer$ConditionObject.awaitNanos(AbstractQueuedSynchronizer.java:2078)&#10;        at java.util.concurrent.LinkedBlockingQueue.poll(LinkedBlockingQueue.java:467)&#10;        at org.apache.hadoop.ipc.CallQueueManager.take(CallQueueManager.java:317)&#10;        at org.apache.hadoop.ipc.Server$Handler.run(Server.java:2932)&#10;&quot;om1@group-C5BA1605619E-LeaderStateImpl&quot; daemon prio=5 tid=198 timed_waiting&#10;java.lang.Thread.State: TIMED_WAITING&#10;        at sun.misc.Unsafe.park(Native Method)&#10;        at java.util.concurrent.locks.LockSupport.parkNanos(LockSupport.java:215)&#10;        at java.util.concurrent.locks.AbstractQueuedSynchronizer$ConditionObject.awaitNanos(AbstractQueuedSynchronizer.java:2078)&#10;        at java.util.concurrent.ArrayBlockingQueue.poll(ArrayBlockingQueue.java:418)&#10;        at org.apache.ratis.server.impl.LeaderStateImpl$EventQueue.poll(LeaderStateImpl.java:156)&#10;        at org.apache.ratis.server.impl.LeaderStateImpl$EventProcessor.run(LeaderStateImpl.java:600)&#10;&quot;pool-18-thread-1&quot;  prio=5 tid=95 timed_waiting&#10;java.lang.Thread.State: TIMED_WAITING&#10;        at sun.misc.Unsafe.park(Native Method)&#10;        at java.util.concurrent.locks.LockSupport.parkNanos(LockSupport.java:215)&#10;        at java.util.concurrent.locks.AbstractQueuedSynchronizer$ConditionObject.awaitNanos(AbstractQueuedSynchronizer.java:2078)&#10;        at java.util.concurrent.ScheduledThreadPoolExecutor$DelayedWorkQueue.take(ScheduledThreadPoolExecutor.java:1093)&#10;        at java.util.concurrent.ScheduledThreadPoolExecutor$DelayedWorkQueue.take(ScheduledThreadPoolExecutor.java:809)&#10;        at java.util.concurrent.ThreadPoolExecutor.getTask(ThreadPoolExecutor.java:1074)&#10;        at java.util.concurrent.ThreadPoolExecutor.runWorker(ThreadPoolExecutor.java:1134)&#10;        at java.util.concurrent.ThreadPoolExecutor$Worker.run(ThreadPoolExecutor.java:624)&#10;        at java.lang.Thread.run(Thread.java:748)&#10;&quot;ChunkWriter-2-0&quot; daemon prio=5 tid=3349 in Object.wait()&#10;java.lang.Thread.State: WAITING (on object monitor)&#10;        at sun.misc.Unsafe.park(Native Method)&#10;        at java.util.concurrent.locks.LockSupport.park(LockSupport.java:175)&#10;        at java.util.concurrent.locks.AbstractQueuedSynchronizer$ConditionObject.await(AbstractQueuedSynchronizer.java:2039)&#10;        at java.util.concurrent.LinkedBlockingDeque.takeFirst(LinkedBlockingDeque.java:492)&#10;        at java.util.concurrent.LinkedBlockingDeque.take(LinkedBlockingDeque.java:680)&#10;        at java.util.concurrent.ThreadPoolExecutor.getTask(ThreadPoolExecutor.java:1074)&#10;        at java.util.concurrent.ThreadPoolExecutor.runWorker(ThreadPoolExecutor.java:1134)&#10;        at java.util.concurrent.ThreadPoolExecutor$Worker.run(ThreadPoolExecutor.java:624)&#10;        at java.lang.Thread.run(Thread.java:748)&#10;&quot;EventQueue-ContainerReportForContainerReportHandler&quot; daemon prio=5 tid=272 in Object.wait()&#10;java.lang.Thread.State: WAITING (on object monitor)&#10;        at sun.misc.Unsafe.park(Native Method)&#10;        at java.util.concurrent.locks.LockSupport.park(LockSupport.java:175)&#10;        at java.util.concurrent.locks.AbstractQueuedSynchronizer$ConditionObject.await(AbstractQueuedSynchronizer.java:2039)&#10;        at java.util.concurrent.LinkedBlockingQueue.take(LinkedBlockingQueue.java:442)&#10;        at java.util.concurrent.ThreadPoolExecutor.getTask(ThreadPoolExecutor.java:1074)&#10;        at java.util.concurrent.ThreadPoolExecutor.runWorker(ThreadPoolExecutor.java:1134)&#10;        at java.util.concurrent.ThreadPoolExecutor$Worker.run(ThreadPoolExecutor.java:624)&#10;        at java.lang.Thread.run(Thread.java:748)&#10;&quot;IPC Server handler 12 on default port 45789&quot; daemon prio=5 tid=148 timed_waiting&#10;java.lang.Thread.State: TIMED_WAITING&#10;        at sun.misc.Unsafe.park(Native Method)&#10;        at java.util.concurrent.locks.LockSupport.parkNanos(LockSupport.java:215)&#10;        at java.util.concurrent.locks.AbstractQueuedSynchronizer$ConditionObject.awaitNanos(AbstractQueuedSynchronizer.java:2078)&#10;        at java.util.concurrent.LinkedBlockingQueue.poll(LinkedBlockingQueue.java:467)&#10;        at org.apache.hadoop.ipc.CallQueueManager.take(CallQueueManager.java:317)&#10;        at org.apache.hadoop.ipc.Server$Handler.run(Server.java:2932)&#10;&quot;Datanode ReportManager Thread - 3&quot; daemon prio=5 tid=205 in Object.wait()&#10;java.lang.Thread.State: WAITING (on object monitor)&#10;        at sun.misc.Unsafe.park(Native Method)&#10;        at java.util.concurrent.locks.LockSupport.park(LockSupport.java:175)&#10;        at java.util.concurrent.locks.AbstractQueuedSynchronizer$ConditionObject.await(AbstractQueuedSynchronizer.java:2039)&#10;        at java.util.concurrent.ScheduledThreadPoolExecutor$DelayedWorkQueue.take(ScheduledThreadPoolExecutor.java:1088)&#10;        at java.util.concurrent.ScheduledThreadPoolExecutor$DelayedWorkQueue.take(ScheduledThreadPoolExecutor.java:809)&#10;        at java.util.concurrent.ThreadPoolExecutor.getTask(ThreadPoolExecutor.java:1074)&#10;        at java.util.concurrent.ThreadPoolExecutor.runWorker(ThreadPoolExecutor.java:1134)&#10;        at java.util.concurrent.ThreadPoolExecutor$Worker.run(ThreadPoolExecutor.java:624)&#10;        at java.lang.Thread.run(Thread.java:748)&#10;&quot;BlockDeletingService#3&quot; daemon prio=5 tid=3610 in Object.wait()&#10;java.lang.Thread.State: WAITING (on object monitor)&#10;        at sun.misc.Unsafe.park(Native Method)&#10;        at java.util.concurrent.locks.LockSupport.park(LockSupport.java:175)&#10;        at java.util.concurrent.locks.AbstractQueuedSynchronizer$ConditionObject.await(AbstractQueuedSynchronizer.java:2039)&#10;        at java.util.concurrent.ScheduledThreadPoolExecutor$DelayedWorkQueue.take(ScheduledThreadPoolExecutor.java:1088)&#10;        at java.util.concurrent.ScheduledThreadPoolExecutor$DelayedWorkQueue.take(ScheduledThreadPoolExecutor.java:809)&#10;        at java.util.concurrent.ThreadPoolExecutor.getTask(ThreadPoolExecutor.java:1074)&#10;        at java.util.concurrent.ThreadPoolExecutor.runWorker(ThreadPoolExecutor.java:1134)&#10;        at java.util.concurrent.ThreadPoolExecutor$Worker.run(ThreadPoolExecutor.java:624)&#10;        at java.lang.Thread.run(Thread.java:748)&#10;&quot;Datanode ReportManager Thread - 1&quot; daemon prio=5 tid=203 timed_waiting&#10;java.lang.Thread.State: TIMED_WAITING&#10;        at sun.misc.Unsafe.park(Native Method)&#10;        at java.util.concurrent.locks.LockSupport.parkNanos(LockSupport.java:215)&#10;        at java.util.concurrent.locks.AbstractQueuedSynchronizer$ConditionObject.awaitNanos(AbstractQueuedSynchronizer.java:2078)&#10;        at java.util.concurrent.ScheduledThreadPoolExecutor$DelayedWorkQueue.take(ScheduledThreadPoolExecutor.java:1093)&#10;        at java.util.concurrent.ScheduledThreadPoolExecutor$DelayedWorkQueue.take(ScheduledThreadPoolExecutor.java:809)&#10;        at java.util.concurrent.ThreadPoolExecutor.getTask(ThreadPoolExecutor.java:1074)&#10;        at java.util.concurrent.ThreadPoolExecutor.runWorker(ThreadPoolExecutor.java:1134)&#10;        at java.util.concurrent.ThreadPoolExecutor$Worker.run(ThreadPoolExecutor.java:624)&#10;        at java.lang.Thread.run(Thread.java:748)&#10;&quot;Socket Reader #1 for port 0&quot;  prio=5 tid=114 runnable&#10;java.lang.Thread.State: RUNNABLE&#10;        at sun.nio.ch.EPollArrayWrapper.epollWait(Native Method)&#10;        at sun.nio.ch.EPollArrayWrapper.poll(EPollArrayWrapper.java:269)&#10;        at sun.nio.ch.EPollSelectorImpl.doSelect(EPollSelectorImpl.java:93)&#10;        at sun.nio.ch.SelectorImpl.lockAndDoSelect(SelectorImpl.java:86)&#10;        at sun.nio.ch.SelectorImpl.select(SelectorImpl.java:97)&#10;        at sun.nio.ch.SelectorImpl.select(SelectorImpl.java:101)&#10;        at org.apache.hadoop.ipc.Server$Listener$Reader.doRunLoop(Server.java:1288)&#10;        at org.apache.hadoop.ipc.Server$Listener$Reader.run(Server.java:1267)&#10;&quot;qtp685606790-100&quot; daemon prio=5 tid=100 timed_waiting&#10;java.lang.Thread.State: TIMED_WAITING&#10;        at sun.misc.Unsafe.park(Native Method)&#10;        at java.util.concurrent.locks.LockSupport.parkNanos(LockSupport.java:215)&#10;        at java.util.concurrent.locks.AbstractQueuedSynchronizer$ConditionObject.awaitNanos(AbstractQueuedSynchronizer.java:2078)&#10;        at org.eclipse.jetty.util.BlockingArrayQueue.poll(BlockingArrayQueue.java:382)&#10;        at org.eclipse.jetty.util.thread.QueuedThreadPool$Runner.idleJobPoll(QueuedThreadPool.java:974)&#10;        at org.eclipse.jetty.util.thread.QueuedThreadPool$Runner.run(QueuedThreadPool.java:1018)&#10;        at java.lang.Thread.run(Thread.java:748)&#10;&quot;IPC Server handler 9 on default port 41881&quot; daemon prio=5 tid=82 timed_waiting&#10;java.lang.Thread.State: TIMED_WAITING&#10;        at sun.misc.Unsafe.park(Native Method)&#10;        at java.util.concurrent.locks.LockSupport.parkNanos(LockSupport.java:215)&#10;        at java.util.concurrent.locks.AbstractQueuedSynchronizer$ConditionObject.awaitNanos(AbstractQueuedSynchronizer.java:2078)&#10;        at java.util.concurrent.LinkedBlockingQueue.poll(LinkedBlockingQueue.java:467)&#10;        at org.apache.hadoop.ipc.CallQueueManager.take(CallQueueManager.java:317)&#10;        at org.apache.hadoop.ipc.Server$Handler.run(Server.java:2932)&#10;&quot;IPC Server handler 11 on default port 38125&quot; daemon prio=5 tid=44 timed_waiting&#10;java.lang.Thread.State: TIMED_WAITING&#10;        at sun.misc.Unsafe.park(Native Method)&#10;        at java.util.concurrent.locks.LockSupport.parkNanos(LockSupport.java:215)&#10;        at java.util.concurrent.locks.AbstractQueuedSynchronizer$ConditionObject.awaitNanos(AbstractQueuedSynchronizer.java:2078)&#10;        at java.util.concurrent.LinkedBlockingQueue.poll(LinkedBlockingQueue.java:467)&#10;        at org.apache.hadoop.ipc.CallQueueManager.take(CallQueueManager.java:317)&#10;        at org.apache.hadoop.ipc.Server$Handler.run(Server.java:2932)&#10;&quot;qtp2126024846-3418&quot; daemon prio=5 tid=3418 timed_waiting&#10;java.lang.Thread.State: TIMED_WAITING&#10;        at sun.misc.Unsafe.park(Native Method)&#10;        at java.util.concurrent.locks.LockSupport.parkNanos(LockSupport.java:215)&#10;        at java.util.concurrent.locks.AbstractQueuedSynchronizer$ConditionObject.awaitNanos(AbstractQueuedSynchronizer.java:2078)&#10;        at org.eclipse.jetty.util.BlockingArrayQueue.poll(BlockingArrayQueue.java:382)&#10;        at org.eclipse.jetty.util.thread.QueuedThreadPool$Runner.idleJobPoll(QueuedThreadPool.java:974)&#10;        at org.eclipse.jetty.util.thread.QueuedThreadPool$Runner.run(QueuedThreadPool.java:1018)&#10;        at java.lang.Thread.run(Thread.java:748)&#10;&quot;Datanode State Machine Daemon Thread&quot; daemon prio=5 tid=3423 timed_waiting&#10;java.lang.Thread.State: TIMED_WAITING&#10;        at sun.misc.Unsafe.park(Native Method)&#10;        at java.util.concurrent.locks.LockSupport.parkNanos(LockSupport.java:215)&#10;        at java.util.concurrent.locks.AbstractQueuedSynchronizer$ConditionObject.awaitNanos(AbstractQueuedSynchronizer.java:2078)&#10;        at java.util.concurrent.LinkedBlockingQueue.poll(LinkedBlockingQueue.java:467)&#10;        at java.util.concurrent.ExecutorCompletionService.poll(ExecutorCompletionService.java:202)&#10;        at org.apache.hadoop.ozone.container.common.states.datanode.RunningDatanodeState.await(RunningDatanodeState.java:224)&#10;        at org.apache.hadoop.ozone.container.common.states.datanode.RunningDatanodeState.await(RunningDatanodeState.java:50)&#10;        at org.apache.hadoop.ozone.container.common.statemachine.StateContext.execute(StateContext.java:633)&#10;        at org.apache.hadoop.ozone.container.common.statemachine.DatanodeStateMachine.start(DatanodeStateMachine.java:280)&#10;        at org.apache.hadoop.ozone.container.common.statemachine.DatanodeStateMachine.lambda$startDaemon$0(DatanodeStateMachine.java:468)&#10;        at org.apache.hadoop.ozone.container.common.statemachine.DatanodeStateMachine$$Lambda$570/549102827.run(Unknown Source)&#10;        at java.lang.Thread.run(Thread.java:748)&#10;&quot;ChunkWriter-1-0&quot; daemon prio=5 tid=3348 in Object.wait()&#10;java.lang.Thread.State: WAITING (on object monitor)&#10;        at sun.misc.Unsafe.park(Native Method)&#10;        at java.util.concurrent.locks.LockSupport.park(LockSupport.java:175)&#10;        at java.util.concurrent.locks.AbstractQueuedSynchronizer$ConditionObject.await(AbstractQueuedSynchronizer.java:2039)&#10;        at java.util.concurrent.LinkedBlockingDeque.takeFirst(LinkedBlockingDeque.java:492)&#10;        at java.util.concurrent.LinkedBlockingDeque.take(LinkedBlockingDeque.java:680)&#10;        at java.util.concurrent.ThreadPoolExecutor.getTask(ThreadPoolExecutor.java:1074)&#10;        at java.util.concurrent.ThreadPoolExecutor.runWorker(ThreadPoolExecutor.java:1134)&#10;        at java.util.concurrent.ThreadPoolExecutor$Worker.run(ThreadPoolExecutor.java:624)&#10;        at java.lang.Thread.run(Thread.java:748)&#10;&quot;java.util.concurrent.ThreadPoolExecutor$Worker@62170f89[State = -1, empty queue]&quot; daemon prio=5 tid=1173 timed_waiting&#10;java.lang.Thread.State: TIMED_WAITING&#10;        at sun.misc.Unsafe.park(Native Method)&#10;        at java.util.concurrent.locks.LockSupport.parkNanos(LockSupport.java:215)&#10;        at java.util.concurrent.locks.AbstractQueuedSynchronizer$ConditionObject.awaitNanos(AbstractQueuedSynchronizer.java:2078)&#10;        at java.util.concurrent.ScheduledThreadPoolExecutor$DelayedWorkQueue.take(ScheduledThreadPoolExecutor.java:1093)&#10;        at java.util.concurrent.ScheduledThreadPoolExecutor$DelayedWorkQueue.take(ScheduledThreadPoolExecutor.java:809)&#10;        at java.util.concurrent.ThreadPoolExecutor.getTask(ThreadPoolExecutor.java:1074)&#10;        at java.util.concurrent.ThreadPoolExecutor.runWorker(ThreadPoolExecutor.java:1134)&#10;        at java.util.concurrent.ThreadPoolExecutor$Worker.run(ThreadPoolExecutor.java:624)&#10;        at java.lang.Thread.run(Thread.java:748)&#10;&#10;" type="java.util.concurrent.TimeoutException"><![CDATA[java.util.concurrent.TimeoutException: 
Timed out waiting for condition. Thread diagnostics:
Timestamp: 2021-12-22 01:10:08,680

"qtp68500741-3322" daemon prio=5 tid=3322 timed_waiting
java.lang.Thread.State: TIMED_WAITING
        at sun.misc.Unsafe.park(Native Method)
        at java.util.concurrent.locks.LockSupport.parkNanos(LockSupport.java:215)
        at java.util.concurrent.locks.AbstractQueuedSynchronizer$ConditionObject.awaitNanos(AbstractQueuedSynchronizer.java:2078)
        at org.eclipse.jetty.util.BlockingArrayQueue.poll(BlockingArrayQueue.java:382)
        at org.eclipse.jetty.util.thread.QueuedThreadPool$Runner.idleJobPoll(QueuedThreadPool.java:974)
        at org.eclipse.jetty.util.thread.QueuedThreadPool$Runner.run(QueuedThreadPool.java:1018)
        at java.lang.Thread.run(Thread.java:748)
"org.apache.ratis.util.JvmPauseMonitor$$Lambda$530/1855807713@207283b4" daemon prio=5 tid=122 timed_waiting
java.lang.Thread.State: TIMED_WAITING
        at java.lang.Thread.sleep(Native Method)
        at java.lang.Thread.sleep(Thread.java:340)
        at java.util.concurrent.TimeUnit.sleep(TimeUnit.java:386)
        at org.apache.ratis.util.TimeDuration.sleep(TimeDuration.java:324)
        at org.apache.ratis.util.TimeDuration.sleep(TimeDuration.java:309)
        at org.apache.ratis.util.JvmPauseMonitor.detectPause(JvmPauseMonitor.java:117)
        at org.apache.ratis.util.JvmPauseMonitor.run(JvmPauseMonitor.java:106)
        at org.apache.ratis.util.JvmPauseMonitor$$Lambda$530/1855807713.run(Unknown Source)
        at java.lang.Thread.run(Thread.java:748)
"IPC Server handler 10 on default port 41881" daemon prio=5 tid=83 timed_waiting
java.lang.Thread.State: TIMED_WAITING
        at sun.misc.Unsafe.park(Native Method)
        at java.util.concurrent.locks.LockSupport.parkNanos(LockSupport.java:215)
        at java.util.concurrent.locks.AbstractQueuedSynchronizer$ConditionObject.awaitNanos(AbstractQueuedSynchronizer.java:2078)
        at java.util.concurrent.LinkedBlockingQueue.poll(LinkedBlockingQueue.java:467)
        at org.apache.hadoop.ipc.CallQueueManager.take(CallQueueManager.java:317)
        at org.apache.hadoop.ipc.Server$Handler.run(Server.java:2932)
"IPC Server handler 3 on default port 43391" daemon prio=5 tid=56 timed_waiting
java.lang.Thread.State: TIMED_WAITING
        at sun.misc.Unsafe.park(Native Method)
        at java.util.concurrent.locks.LockSupport.parkNanos(LockSupport.java:215)
        at java.util.concurrent.locks.AbstractQueuedSynchronizer$ConditionObject.awaitNanos(AbstractQueuedSynchronizer.java:2078)
        at java.util.concurrent.LinkedBlockingQueue.poll(LinkedBlockingQueue.java:467)
        at org.apache.hadoop.ipc.CallQueueManager.take(CallQueueManager.java:317)
        at org.apache.hadoop.ipc.Server$Handler.run(Server.java:2932)
"IPC Server handler 18 on default port 43391" daemon prio=5 tid=71 timed_waiting
java.lang.Thread.State: TIMED_WAITING
        at sun.misc.Unsafe.park(Native Method)
        at java.util.concurrent.locks.LockSupport.parkNanos(LockSupport.java:215)
        at java.util.concurrent.locks.AbstractQueuedSynchronizer$ConditionObject.awaitNanos(AbstractQueuedSynchronizer.java:2078)
        at java.util.concurrent.LinkedBlockingQueue.poll(LinkedBlockingQueue.java:467)
        at org.apache.hadoop.ipc.CallQueueManager.take(CallQueueManager.java:317)
        at org.apache.hadoop.ipc.Server$Handler.run(Server.java:2932)
"grpc-default-worker-ELG-3-2" daemon prio=5 tid=281 runnable
java.lang.Thread.State: RUNNABLE
        at org.apache.ratis.thirdparty.io.netty.channel.epoll.Native.epollWait0(Native Method)
        at org.apache.ratis.thirdparty.io.netty.channel.epoll.Native.epollWait(Native.java:161)
        at org.apache.ratis.thirdparty.io.netty.channel.epoll.EpollEventLoop.epollWait(EpollEventLoop.java:286)
        at org.apache.ratis.thirdparty.io.netty.channel.epoll.EpollEventLoop.run(EpollEventLoop.java:351)
        at org.apache.ratis.thirdparty.io.netty.util.concurrent.SingleThreadEventExecutor$4.run(SingleThreadEventExecutor.java:989)
        at org.apache.ratis.thirdparty.io.netty.util.internal.ThreadExecutorMap$2.run(ThreadExecutorMap.java:74)
        at org.apache.ratis.thirdparty.io.netty.util.concurrent.FastThreadLocalRunnable.run(FastThreadLocalRunnable.java:30)
        at java.lang.Thread.run(Thread.java:748)
"qtp1470711088-128-acceptor-0@2fd9e83c-ServerConnector@5331be15{HTTP/1.1, (http/1.1)}{0.0.0.0:46113}" daemon prio=3 tid=128 runnable
java.lang.Thread.State: RUNNABLE
        at sun.nio.ch.ServerSocketChannelImpl.accept0(Native Method)
        at sun.nio.ch.ServerSocketChannelImpl.accept(ServerSocketChannelImpl.java:421)
        at sun.nio.ch.ServerSocketChannelImpl.accept(ServerSocketChannelImpl.java:249)
        at org.eclipse.jetty.server.ServerConnector.accept(ServerConnector.java:388)
        at org.eclipse.jetty.server.AbstractConnector$Acceptor.run(AbstractConnector.java:702)
        at org.eclipse.jetty.util.thread.QueuedThreadPool.runJob(QueuedThreadPool.java:883)
        at org.eclipse.jetty.util.thread.QueuedThreadPool$Runner.run(QueuedThreadPool.java:1034)
        at java.lang.Thread.run(Thread.java:748)
"Socket Reader #1 for port 0"  prio=5 tid=28 runnable
java.lang.Thread.State: RUNNABLE
        at sun.nio.ch.EPollArrayWrapper.epollWait(Native Method)
        at sun.nio.ch.EPollArrayWrapper.poll(EPollArrayWrapper.java:269)
        at sun.nio.ch.EPollSelectorImpl.doSelect(EPollSelectorImpl.java:93)
        at sun.nio.ch.SelectorImpl.lockAndDoSelect(SelectorImpl.java:86)
        at sun.nio.ch.SelectorImpl.select(SelectorImpl.java:97)
        at sun.nio.ch.SelectorImpl.select(SelectorImpl.java:101)
        at org.apache.hadoop.ipc.Server$Listener$Reader.doRunLoop(Server.java:1288)
        at org.apache.hadoop.ipc.Server$Listener$Reader.run(Server.java:1267)
"ReplicationMonitor" daemon prio=5 tid=16 timed_waiting
java.lang.Thread.State: TIMED_WAITING
        at java.lang.Object.wait(Native Method)
        at org.apache.hadoop.hdds.scm.container.ReplicationManager.run(ReplicationManager.java:384)
        at org.apache.hadoop.hdds.scm.container.ReplicationManager$$Lambda$238/51101315.run(Unknown Source)
        at java.lang.Thread.run(Thread.java:748)
"process reaper" daemon prio=10 tid=11 timed_waiting
java.lang.Thread.State: TIMED_WAITING
        at sun.misc.Unsafe.park(Native Method)
        at java.util.concurrent.locks.LockSupport.parkNanos(LockSupport.java:215)
        at java.util.concurrent.SynchronousQueue$TransferStack.awaitFulfill(SynchronousQueue.java:460)
        at java.util.concurrent.SynchronousQueue$TransferStack.transfer(SynchronousQueue.java:362)
        at java.util.concurrent.SynchronousQueue.poll(SynchronousQueue.java:941)
        at java.util.concurrent.ThreadPoolExecutor.getTask(ThreadPoolExecutor.java:1073)
        at java.util.concurrent.ThreadPoolExecutor.runWorker(ThreadPoolExecutor.java:1134)
        at java.util.concurrent.ThreadPoolExecutor$Worker.run(ThreadPoolExecutor.java:624)
        at java.lang.Thread.run(Thread.java:748)
"IPC Server handler 19 on default port 43391" daemon prio=5 tid=72 timed_waiting
java.lang.Thread.State: TIMED_WAITING
        at sun.misc.Unsafe.park(Native Method)
        at java.util.concurrent.locks.LockSupport.parkNanos(LockSupport.java:215)
        at java.util.concurrent.locks.AbstractQueuedSynchronizer$ConditionObject.awaitNanos(AbstractQueuedSynchronizer.java:2078)
        at java.util.concurrent.LinkedBlockingQueue.poll(LinkedBlockingQueue.java:467)
        at org.apache.hadoop.ipc.CallQueueManager.take(CallQueueManager.java:317)
        at org.apache.hadoop.ipc.Server$Handler.run(Server.java:2932)
"qtp2126024846-3421" daemon prio=5 tid=3421 timed_waiting
java.lang.Thread.State: TIMED_WAITING
        at sun.misc.Unsafe.park(Native Method)
        at java.util.concurrent.locks.LockSupport.parkNanos(LockSupport.java:215)
        at java.util.concurrent.locks.AbstractQueuedSynchronizer$ConditionObject.awaitNanos(AbstractQueuedSynchronizer.java:2078)
        at org.eclipse.jetty.util.BlockingArrayQueue.poll(BlockingArrayQueue.java:382)
        at org.eclipse.jetty.util.thread.QueuedThreadPool$Runner.idleJobPoll(QueuedThreadPool.java:974)
        at org.eclipse.jetty.util.thread.QueuedThreadPool$Runner.run(QueuedThreadPool.java:1018)
        at java.lang.Thread.run(Thread.java:748)
"org.apache.hadoop.ozone.container.common.statemachine.commandhandler.DeleteBlocksCommandHandler$DeleteCmdWorker@48c49c1a" daemon prio=5 tid=215 runnable
java.lang.Thread.State: RUNNABLE
        at java.lang.Thread.sleep(Native Method)
        at org.apache.hadoop.ozone.container.common.statemachine.commandhandler.DeleteBlocksCommandHandler$DeleteCmdWorker.run(DeleteBlocksCommandHandler.java:175)
        at java.lang.Thread.run(Thread.java:748)
"Datanode ReportManager Thread - 2" daemon prio=5 tid=229 in Object.wait()
java.lang.Thread.State: WAITING (on object monitor)
        at sun.misc.Unsafe.park(Native Method)
        at java.util.concurrent.locks.LockSupport.park(LockSupport.java:175)
        at java.util.concurrent.locks.AbstractQueuedSynchronizer$ConditionObject.await(AbstractQueuedSynchronizer.java:2039)
        at java.util.concurrent.ScheduledThreadPoolExecutor$DelayedWorkQueue.take(ScheduledThreadPoolExecutor.java:1088)
        at java.util.concurrent.ScheduledThreadPoolExecutor$DelayedWorkQueue.take(ScheduledThreadPoolExecutor.java:809)
        at java.util.concurrent.ThreadPoolExecutor.getTask(ThreadPoolExecutor.java:1074)
        at java.util.concurrent.ThreadPoolExecutor.runWorker(ThreadPoolExecutor.java:1134)
        at java.util.concurrent.ThreadPoolExecutor$Worker.run(ThreadPoolExecutor.java:624)
        at java.lang.Thread.run(Thread.java:748)
"BlockDeletingService#4" daemon prio=5 tid=3611 in Object.wait()
java.lang.Thread.State: WAITING (on object monitor)
        at sun.misc.Unsafe.park(Native Method)
        at java.util.concurrent.locks.LockSupport.park(LockSupport.java:175)
        at java.util.concurrent.locks.AbstractQueuedSynchronizer$ConditionObject.await(AbstractQueuedSynchronizer.java:2039)
        at java.util.concurrent.ScheduledThreadPoolExecutor$DelayedWorkQueue.take(ScheduledThreadPoolExecutor.java:1088)
        at java.util.concurrent.ScheduledThreadPoolExecutor$DelayedWorkQueue.take(ScheduledThreadPoolExecutor.java:809)
        at java.util.concurrent.ThreadPoolExecutor.getTask(ThreadPoolExecutor.java:1074)
        at java.util.concurrent.ThreadPoolExecutor.runWorker(ThreadPoolExecutor.java:1134)
        at java.util.concurrent.ThreadPoolExecutor$Worker.run(ThreadPoolExecutor.java:624)
        at java.lang.Thread.run(Thread.java:748)
"EndpointStateMachine task thread for /0.0.0.0:41881 - 0 "  prio=5 tid=236 in Object.wait()
java.lang.Thread.State: WAITING (on object monitor)
        at sun.misc.Unsafe.park(Native Method)
        at java.util.concurrent.locks.LockSupport.park(LockSupport.java:175)
        at java.util.concurrent.locks.AbstractQueuedSynchronizer$ConditionObject.await(AbstractQueuedSynchronizer.java:2039)
        at java.util.concurrent.LinkedBlockingQueue.take(LinkedBlockingQueue.java:442)
        at java.util.concurrent.ThreadPoolExecutor.getTask(ThreadPoolExecutor.java:1074)
        at java.util.concurrent.ThreadPoolExecutor.runWorker(ThreadPoolExecutor.java:1134)
        at java.util.concurrent.ThreadPoolExecutor$Worker.run(ThreadPoolExecutor.java:624)
        at java.lang.Thread.run(Thread.java:748)
"Datanode State Machine Task Thread - 0"  prio=5 tid=3431 in Object.wait()
java.lang.Thread.State: WAITING (on object monitor)
        at sun.misc.Unsafe.park(Native Method)
        at java.util.concurrent.locks.LockSupport.park(LockSupport.java:175)
        at java.util.concurrent.locks.AbstractQueuedSynchronizer$ConditionObject.await(AbstractQueuedSynchronizer.java:2039)
        at java.util.concurrent.LinkedBlockingQueue.take(LinkedBlockingQueue.java:442)
        at java.util.concurrent.ThreadPoolExecutor.getTask(ThreadPoolExecutor.java:1074)
        at java.util.concurrent.ThreadPoolExecutor.runWorker(ThreadPoolExecutor.java:1134)
        at java.util.concurrent.ThreadPoolExecutor$Worker.run(ThreadPoolExecutor.java:624)
        at java.lang.Thread.run(Thread.java:748)
"Datanode ReportManager Thread - 0" daemon prio=5 tid=3334 timed_waiting
java.lang.Thread.State: TIMED_WAITING
        at sun.misc.Unsafe.park(Native Method)
        at java.util.concurrent.locks.LockSupport.parkNanos(LockSupport.java:215)
        at java.util.concurrent.locks.AbstractQueuedSynchronizer$ConditionObject.awaitNanos(AbstractQueuedSynchronizer.java:2078)
        at java.util.concurrent.ScheduledThreadPoolExecutor$DelayedWorkQueue.take(ScheduledThreadPoolExecutor.java:1093)
        at java.util.concurrent.ScheduledThreadPoolExecutor$DelayedWorkQueue.take(ScheduledThreadPoolExecutor.java:809)
        at java.util.concurrent.ThreadPoolExecutor.getTask(ThreadPoolExecutor.java:1074)
        at java.util.concurrent.ThreadPoolExecutor.runWorker(ThreadPoolExecutor.java:1134)
        at java.util.concurrent.ThreadPoolExecutor$Worker.run(ThreadPoolExecutor.java:624)
        at java.lang.Thread.run(Thread.java:748)
"CommandWatcher-LeaseManager#LeaseMonitor" daemon prio=5 tid=32 timed_waiting
java.lang.Thread.State: TIMED_WAITING
        at java.lang.Object.wait(Native Method)
        at org.apache.hadoop.ozone.lease.LeaseManager$LeaseMonitor.run(LeaseManager.java:238)
        at java.lang.Thread.run(Thread.java:748)
"Datanode ReportManager Thread - 2" daemon prio=5 tid=3336 in Object.wait()
java.lang.Thread.State: WAITING (on object monitor)
        at sun.misc.Unsafe.park(Native Method)
        at java.util.concurrent.locks.LockSupport.park(LockSupport.java:175)
        at java.util.concurrent.locks.AbstractQueuedSynchronizer$ConditionObject.await(AbstractQueuedSynchronizer.java:2039)
        at java.util.concurrent.ScheduledThreadPoolExecutor$DelayedWorkQueue.take(ScheduledThreadPoolExecutor.java:1088)
        at java.util.concurrent.ScheduledThreadPoolExecutor$DelayedWorkQueue.take(ScheduledThreadPoolExecutor.java:809)
        at java.util.concurrent.ThreadPoolExecutor.getTask(ThreadPoolExecutor.java:1074)
        at java.util.concurrent.ThreadPoolExecutor.runWorker(ThreadPoolExecutor.java:1134)
        at java.util.concurrent.ThreadPoolExecutor$Worker.run(ThreadPoolExecutor.java:624)
        at java.lang.Thread.run(Thread.java:748)
"IPC Server handler 6 on default port 38125" daemon prio=5 tid=39 timed_waiting
java.lang.Thread.State: TIMED_WAITING
        at sun.misc.Unsafe.park(Native Method)
        at java.util.concurrent.locks.LockSupport.parkNanos(LockSupport.java:215)
        at java.util.concurrent.locks.AbstractQueuedSynchronizer$ConditionObject.awaitNanos(AbstractQueuedSynchronizer.java:2078)
        at java.util.concurrent.LinkedBlockingQueue.poll(LinkedBlockingQueue.java:467)
        at org.apache.hadoop.ipc.CallQueueManager.take(CallQueueManager.java:317)
        at org.apache.hadoop.ipc.Server$Handler.run(Server.java:2932)
"pool-388-thread-1" daemon prio=5 tid=3302 timed_waiting
java.lang.Thread.State: TIMED_WAITING
        at sun.misc.Unsafe.park(Native Method)
        at java.util.concurrent.locks.LockSupport.parkNanos(LockSupport.java:215)
        at java.util.concurrent.locks.AbstractQueuedSynchronizer$ConditionObject.awaitNanos(AbstractQueuedSynchronizer.java:2078)
        at java.util.concurrent.ScheduledThreadPoolExecutor$DelayedWorkQueue.take(ScheduledThreadPoolExecutor.java:1093)
        at java.util.concurrent.ScheduledThreadPoolExecutor$DelayedWorkQueue.take(ScheduledThreadPoolExecutor.java:809)
        at java.util.concurrent.ThreadPoolExecutor.getTask(ThreadPoolExecutor.java:1074)
        at java.util.concurrent.ThreadPoolExecutor.runWorker(ThreadPoolExecutor.java:1134)
        at java.util.concurrent.ThreadPoolExecutor$Worker.run(ThreadPoolExecutor.java:624)
        at java.lang.Thread.run(Thread.java:748)
"pool-419-thread-1"  prio=5 tid=3317 timed_waiting
java.lang.Thread.State: TIMED_WAITING
        at sun.misc.Unsafe.park(Native Method)
        at java.util.concurrent.locks.LockSupport.parkNanos(LockSupport.java:215)
        at java.util.concurrent.locks.AbstractQueuedSynchronizer$ConditionObject.awaitNanos(AbstractQueuedSynchronizer.java:2078)
        at java.util.concurrent.ScheduledThreadPoolExecutor$DelayedWorkQueue.take(ScheduledThreadPoolExecutor.java:1093)
        at java.util.concurrent.ScheduledThreadPoolExecutor$DelayedWorkQueue.take(ScheduledThreadPoolExecutor.java:809)
        at java.util.concurrent.ThreadPoolExecutor.getTask(ThreadPoolExecutor.java:1074)
        at java.util.concurrent.ThreadPoolExecutor.runWorker(ThreadPoolExecutor.java:1134)
        at java.util.concurrent.ThreadPoolExecutor$Worker.run(ThreadPoolExecutor.java:624)
        at java.lang.Thread.run(Thread.java:748)
"Datanode ReportManager Thread - 1" daemon prio=5 tid=3425 in Object.wait()
java.lang.Thread.State: WAITING (on object monitor)
        at sun.misc.Unsafe.park(Native Method)
        at java.util.concurrent.locks.LockSupport.park(LockSupport.java:175)
        at java.util.concurrent.locks.AbstractQueuedSynchronizer$ConditionObject.await(AbstractQueuedSynchronizer.java:2039)
        at java.util.concurrent.ScheduledThreadPoolExecutor$DelayedWorkQueue.take(ScheduledThreadPoolExecutor.java:1088)
        at java.util.concurrent.ScheduledThreadPoolExecutor$DelayedWorkQueue.take(ScheduledThreadPoolExecutor.java:809)
        at java.util.concurrent.ThreadPoolExecutor.getTask(ThreadPoolExecutor.java:1074)
        at java.util.concurrent.ThreadPoolExecutor.runWorker(ThreadPoolExecutor.java:1134)
        at java.util.concurrent.ThreadPoolExecutor$Worker.run(ThreadPoolExecutor.java:624)
        at java.lang.Thread.run(Thread.java:748)
"IPC Parameter Sending Thread #0" daemon prio=5 tid=109 timed_waiting
java.lang.Thread.State: TIMED_WAITING
        at sun.misc.Unsafe.park(Native Method)
        at java.util.concurrent.locks.LockSupport.parkNanos(LockSupport.java:215)
        at java.util.concurrent.SynchronousQueue$TransferStack.awaitFulfill(SynchronousQueue.java:460)
        at java.util.concurrent.SynchronousQueue$TransferStack.transfer(SynchronousQueue.java:362)
        at java.util.concurrent.SynchronousQueue.poll(SynchronousQueue.java:941)
        at java.util.concurrent.ThreadPoolExecutor.getTask(ThreadPoolExecutor.java:1073)
        at java.util.concurrent.ThreadPoolExecutor.runWorker(ThreadPoolExecutor.java:1134)
        at java.util.concurrent.ThreadPoolExecutor$Worker.run(ThreadPoolExecutor.java:624)
        at java.lang.Thread.run(Thread.java:748)
"qtp685606790-102" daemon prio=5 tid=102 timed_waiting
java.lang.Thread.State: TIMED_WAITING
        at sun.misc.Unsafe.park(Native Method)
        at java.util.concurrent.locks.LockSupport.parkNanos(LockSupport.java:215)
        at java.util.concurrent.locks.AbstractQueuedSynchronizer$ConditionObject.awaitNanos(AbstractQueuedSynchronizer.java:2078)
        at org.eclipse.jetty.util.BlockingArrayQueue.poll(BlockingArrayQueue.java:382)
        at org.eclipse.jetty.util.thread.QueuedThreadPool$Runner.idleJobPoll(QueuedThreadPool.java:974)
        at org.eclipse.jetty.util.thread.QueuedThreadPool$Runner.run(QueuedThreadPool.java:1018)
        at java.lang.Thread.run(Thread.java:748)
"Datanode ReportManager Thread - 4" daemon prio=5 tid=3428 in Object.wait()
java.lang.Thread.State: WAITING (on object monitor)
        at sun.misc.Unsafe.park(Native Method)
        at java.util.concurrent.locks.LockSupport.park(LockSupport.java:175)
        at java.util.concurrent.locks.AbstractQueuedSynchronizer$ConditionObject.await(AbstractQueuedSynchronizer.java:2039)
        at java.util.concurrent.ScheduledThreadPoolExecutor$DelayedWorkQueue.take(ScheduledThreadPoolExecutor.java:1088)
        at java.util.concurrent.ScheduledThreadPoolExecutor$DelayedWorkQueue.take(ScheduledThreadPoolExecutor.java:809)
        at java.util.concurrent.ThreadPoolExecutor.getTask(ThreadPoolExecutor.java:1074)
        at java.util.concurrent.ThreadPoolExecutor.runWorker(ThreadPoolExecutor.java:1134)
        at java.util.concurrent.ThreadPoolExecutor$Worker.run(ThreadPoolExecutor.java:624)
        at java.lang.Thread.run(Thread.java:748)
"EventQueue-ContainerReportForContainerReportHandler" daemon prio=5 tid=273 in Object.wait()
java.lang.Thread.State: WAITING (on object monitor)
        at sun.misc.Unsafe.park(Native Method)
        at java.util.concurrent.locks.LockSupport.park(LockSupport.java:175)
        at java.util.concurrent.locks.AbstractQueuedSynchronizer$ConditionObject.await(AbstractQueuedSynchronizer.java:2039)
        at java.util.concurrent.LinkedBlockingQueue.take(LinkedBlockingQueue.java:442)
        at java.util.concurrent.ThreadPoolExecutor.getTask(ThreadPoolExecutor.java:1074)
        at java.util.concurrent.ThreadPoolExecutor.runWorker(ThreadPoolExecutor.java:1134)
        at java.util.concurrent.ThreadPoolExecutor$Worker.run(ThreadPoolExecutor.java:624)
        at java.lang.Thread.run(Thread.java:748)
"IPC Server handler 12 on default port 41881" daemon prio=5 tid=85 timed_waiting
java.lang.Thread.State: TIMED_WAITING
        at sun.misc.Unsafe.park(Native Method)
        at java.util.concurrent.locks.LockSupport.parkNanos(LockSupport.java:215)
        at java.util.concurrent.locks.AbstractQueuedSynchronizer$ConditionObject.awaitNanos(AbstractQueuedSynchronizer.java:2078)
        at java.util.concurrent.LinkedBlockingQueue.poll(LinkedBlockingQueue.java:467)
        at org.apache.hadoop.ipc.CallQueueManager.take(CallQueueManager.java:317)
        at org.apache.hadoop.ipc.Server$Handler.run(Server.java:2932)
"Datanode ReportManager Thread - 3" daemon prio=5 tid=3337 in Object.wait()
java.lang.Thread.State: WAITING (on object monitor)
        at sun.misc.Unsafe.park(Native Method)
        at java.util.concurrent.locks.LockSupport.park(LockSupport.java:175)
        at java.util.concurrent.locks.AbstractQueuedSynchronizer$ConditionObject.await(AbstractQueuedSynchronizer.java:2039)
        at java.util.concurrent.ScheduledThreadPoolExecutor$DelayedWorkQueue.take(ScheduledThreadPoolExecutor.java:1088)
        at java.util.concurrent.ScheduledThreadPoolExecutor$DelayedWorkQueue.take(ScheduledThreadPoolExecutor.java:809)
        at java.util.concurrent.ThreadPoolExecutor.getTask(ThreadPoolExecutor.java:1074)
        at java.util.concurrent.ThreadPoolExecutor.runWorker(ThreadPoolExecutor.java:1134)
        at java.util.concurrent.ThreadPoolExecutor$Worker.run(ThreadPoolExecutor.java:624)
        at java.lang.Thread.run(Thread.java:748)
"a426eecb-3f7b-4bd3-8516-db356bf90be2@group-3E424BC0E779-SegmentedRaftLogWorker"  prio=5 tid=3376 timed_waiting
java.lang.Thread.State: TIMED_WAITING
        at sun.misc.Unsafe.park(Native Method)
        at java.util.concurrent.locks.LockSupport.parkNanos(LockSupport.java:215)
        at java.util.concurrent.locks.AbstractQueuedSynchronizer$ConditionObject.awaitNanos(AbstractQueuedSynchronizer.java:2078)
        at org.apache.ratis.util.DataBlockingQueue.poll(DataBlockingQueue.java:137)
        at org.apache.ratis.server.raftlog.segmented.SegmentedRaftLogWorker.run(SegmentedRaftLogWorker.java:292)
        at org.apache.ratis.server.raftlog.segmented.SegmentedRaftLogWorker$$Lambda$466/684552633.run(Unknown Source)
        at java.lang.Thread.run(Thread.java:748)
"IPC Server idle connection scanner for port 41881" daemon prio=5 tid=21 timed_waiting
java.lang.Thread.State: TIMED_WAITING
        at java.lang.Object.wait(Native Method)
        at java.util.TimerThread.mainLoop(Timer.java:552)
        at java.util.TimerThread.run(Timer.java:505)
"qtp1470711088-133" daemon prio=5 tid=133 timed_waiting
java.lang.Thread.State: TIMED_WAITING
        at sun.misc.Unsafe.park(Native Method)
        at java.util.concurrent.locks.LockSupport.parkNanos(LockSupport.java:215)
        at java.util.concurrent.locks.AbstractQueuedSynchronizer$ConditionObject.awaitNanos(AbstractQueuedSynchronizer.java:2078)
        at org.eclipse.jetty.util.BlockingArrayQueue.poll(BlockingArrayQueue.java:382)
        at org.eclipse.jetty.util.thread.QueuedThreadPool$Runner.idleJobPoll(QueuedThreadPool.java:974)
        at org.eclipse.jetty.util.thread.QueuedThreadPool$Runner.run(QueuedThreadPool.java:1018)
        at java.lang.Thread.run(Thread.java:748)
"RatisPipelineUtilsThread - 0"  prio=5 tid=15 timed_waiting
java.lang.Thread.State: TIMED_WAITING
        at java.lang.Object.wait(Native Method)
        at org.apache.hadoop.hdds.scm.pipeline.BackgroundPipelineCreator.run(BackgroundPipelineCreator.java:183)
        at org.apache.hadoop.hdds.scm.pipeline.BackgroundPipelineCreator$$Lambda$234/1211858372.run(Unknown Source)
        at java.lang.Thread.run(Thread.java:748)
"EventQueue-ContainerReportForContainerReportHandler" daemon prio=5 tid=267 in Object.wait()
java.lang.Thread.State: WAITING (on object monitor)
        at sun.misc.Unsafe.park(Native Method)
        at java.util.concurrent.locks.LockSupport.park(LockSupport.java:175)
        at java.util.concurrent.locks.AbstractQueuedSynchronizer$ConditionObject.await(AbstractQueuedSynchronizer.java:2039)
        at java.util.concurrent.LinkedBlockingQueue.take(LinkedBlockingQueue.java:442)
        at java.util.concurrent.ThreadPoolExecutor.getTask(ThreadPoolExecutor.java:1074)
        at java.util.concurrent.ThreadPoolExecutor.runWorker(ThreadPoolExecutor.java:1134)
        at java.util.concurrent.ThreadPoolExecutor$Worker.run(ThreadPoolExecutor.java:624)
        at java.lang.Thread.run(Thread.java:748)
"qtp685606790-98" daemon prio=5 tid=98 timed_waiting
java.lang.Thread.State: TIMED_WAITING
        at sun.misc.Unsafe.park(Native Method)
        at java.util.concurrent.locks.LockSupport.parkNanos(LockSupport.java:215)
        at java.util.concurrent.locks.AbstractQueuedSynchronizer$ConditionObject.awaitNanos(AbstractQueuedSynchronizer.java:2078)
        at org.eclipse.jetty.util.BlockingArrayQueue.poll(BlockingArrayQueue.java:382)
        at org.eclipse.jetty.util.thread.QueuedThreadPool$Runner.idleJobPoll(QueuedThreadPool.java:974)
        at org.eclipse.jetty.util.thread.QueuedThreadPool$Runner.run(QueuedThreadPool.java:1018)
        at java.lang.Thread.run(Thread.java:748)
"IPC Server idle connection scanner for port 38125" daemon prio=5 tid=29 timed_waiting
java.lang.Thread.State: TIMED_WAITING
        at java.lang.Object.wait(Native Method)
        at java.util.TimerThread.mainLoop(Timer.java:552)
        at java.util.TimerThread.run(Timer.java:505)
"EndpointStateMachine task thread for /0.0.0.0:41881 - 0 "  prio=5 tid=247 in Object.wait()
java.lang.Thread.State: WAITING (on object monitor)
        at sun.misc.Unsafe.park(Native Method)
        at java.util.concurrent.locks.LockSupport.park(LockSupport.java:175)
        at java.util.concurrent.locks.AbstractQueuedSynchronizer$ConditionObject.await(AbstractQueuedSynchronizer.java:2039)
        at java.util.concurrent.LinkedBlockingQueue.take(LinkedBlockingQueue.java:442)
        at java.util.concurrent.ThreadPoolExecutor.getTask(ThreadPoolExecutor.java:1074)
        at java.util.concurrent.ThreadPoolExecutor.runWorker(ThreadPoolExecutor.java:1134)
        at java.util.concurrent.ThreadPoolExecutor$Worker.run(ThreadPoolExecutor.java:624)
        at java.lang.Thread.run(Thread.java:748)
"qtp685606790-97-acceptor-0@4f595483-ServerConnector@1d4e06bb{HTTP/1.1, (http/1.1)}{0.0.0.0:36769}" daemon prio=3 tid=97 runnable
java.lang.Thread.State: RUNNABLE
        at sun.nio.ch.ServerSocketChannelImpl.accept0(Native Method)
        at sun.nio.ch.ServerSocketChannelImpl.accept(ServerSocketChannelImpl.java:421)
        at sun.nio.ch.ServerSocketChannelImpl.accept(ServerSocketChannelImpl.java:249)
        at org.eclipse.jetty.server.ServerConnector.accept(ServerConnector.java:388)
        at org.eclipse.jetty.server.AbstractConnector$Acceptor.run(AbstractConnector.java:702)
        at org.eclipse.jetty.util.thread.QueuedThreadPool.runJob(QueuedThreadPool.java:883)
        at org.eclipse.jetty.util.thread.QueuedThreadPool$Runner.run(QueuedThreadPool.java:1034)
        at java.lang.Thread.run(Thread.java:748)
"ChunkWriter-0-0" daemon prio=5 tid=3347 in Object.wait()
java.lang.Thread.State: WAITING (on object monitor)
        at sun.misc.Unsafe.park(Native Method)
        at java.util.concurrent.locks.LockSupport.park(LockSupport.java:175)
        at java.util.concurrent.locks.AbstractQueuedSynchronizer$ConditionObject.await(AbstractQueuedSynchronizer.java:2039)
        at java.util.concurrent.LinkedBlockingDeque.takeFirst(LinkedBlockingDeque.java:492)
        at java.util.concurrent.LinkedBlockingDeque.take(LinkedBlockingDeque.java:680)
        at java.util.concurrent.ThreadPoolExecutor.getTask(ThreadPoolExecutor.java:1074)
        at java.util.concurrent.ThreadPoolExecutor.runWorker(ThreadPoolExecutor.java:1134)
        at java.util.concurrent.ThreadPoolExecutor$Worker.run(ThreadPoolExecutor.java:624)
        at java.lang.Thread.run(Thread.java:748)
"IPC Server handler 9 on default port 43391" daemon prio=5 tid=62 timed_waiting
java.lang.Thread.State: TIMED_WAITING
        at sun.misc.Unsafe.park(Native Method)
        at java.util.concurrent.locks.LockSupport.parkNanos(LockSupport.java:215)
        at java.util.concurrent.locks.AbstractQueuedSynchronizer$ConditionObject.awaitNanos(AbstractQueuedSynchronizer.java:2078)
        at java.util.concurrent.LinkedBlockingQueue.poll(LinkedBlockingQueue.java:467)
        at org.apache.hadoop.ipc.CallQueueManager.take(CallQueueManager.java:317)
        at org.apache.hadoop.ipc.Server$Handler.run(Server.java:2932)
"DirectoryDeletingService#0" daemon prio=5 tid=125 timed_waiting
java.lang.Thread.State: TIMED_WAITING
        at sun.misc.Unsafe.park(Native Method)
        at java.util.concurrent.locks.LockSupport.parkNanos(LockSupport.java:215)
        at java.util.concurrent.locks.AbstractQueuedSynchronizer$ConditionObject.awaitNanos(AbstractQueuedSynchronizer.java:2078)
        at java.util.concurrent.ScheduledThreadPoolExecutor$DelayedWorkQueue.take(ScheduledThreadPoolExecutor.java:1093)
        at java.util.concurrent.ScheduledThreadPoolExecutor$DelayedWorkQueue.take(ScheduledThreadPoolExecutor.java:809)
        at java.util.concurrent.ThreadPoolExecutor.getTask(ThreadPoolExecutor.java:1074)
        at java.util.concurrent.ThreadPoolExecutor.runWorker(ThreadPoolExecutor.java:1134)
        at java.util.concurrent.ThreadPoolExecutor$Worker.run(ThreadPoolExecutor.java:624)
        at java.lang.Thread.run(Thread.java:748)
"Datanode State Machine Task Thread - 1"  prio=5 tid=3345 in Object.wait()
java.lang.Thread.State: WAITING (on object monitor)
        at sun.misc.Unsafe.park(Native Method)
        at java.util.concurrent.locks.LockSupport.park(LockSupport.java:175)
        at java.util.concurrent.locks.AbstractQueuedSynchronizer$ConditionObject.await(AbstractQueuedSynchronizer.java:2039)
        at java.util.concurrent.LinkedBlockingQueue.take(LinkedBlockingQueue.java:442)
        at java.util.concurrent.ThreadPoolExecutor.getTask(ThreadPoolExecutor.java:1074)
        at java.util.concurrent.ThreadPoolExecutor.runWorker(ThreadPoolExecutor.java:1134)
        at java.util.concurrent.ThreadPoolExecutor$Worker.run(ThreadPoolExecutor.java:624)
        at java.lang.Thread.run(Thread.java:748)
"org.apache.hadoop.util.JvmPauseMonitor$Monitor@e74914d" daemon prio=5 tid=156 timed_waiting
java.lang.Thread.State: TIMED_WAITING
        at java.lang.Thread.sleep(Native Method)
        at org.apache.hadoop.util.JvmPauseMonitor$Monitor.run(JvmPauseMonitor.java:192)
        at java.lang.Thread.run(Thread.java:748)
"IPC Server handler 5 on default port 45789" daemon prio=5 tid=141 timed_waiting
java.lang.Thread.State: TIMED_WAITING
        at sun.misc.Unsafe.park(Native Method)
        at java.util.concurrent.locks.LockSupport.parkNanos(LockSupport.java:215)
        at java.util.concurrent.locks.AbstractQueuedSynchronizer$ConditionObject.awaitNanos(AbstractQueuedSynchronizer.java:2078)
        at java.util.concurrent.LinkedBlockingQueue.poll(LinkedBlockingQueue.java:467)
        at org.apache.hadoop.ipc.CallQueueManager.take(CallQueueManager.java:317)
        at org.apache.hadoop.ipc.Server$Handler.run(Server.java:2932)
"IPC Server handler 4 on default port 45789" daemon prio=5 tid=140 timed_waiting
java.lang.Thread.State: TIMED_WAITING
        at sun.misc.Unsafe.park(Native Method)
        at java.util.concurrent.locks.LockSupport.parkNanos(LockSupport.java:215)
        at java.util.concurrent.locks.AbstractQueuedSynchronizer$ConditionObject.awaitNanos(AbstractQueuedSynchronizer.java:2078)
        at java.util.concurrent.LinkedBlockingQueue.poll(LinkedBlockingQueue.java:467)
        at org.apache.hadoop.ipc.CallQueueManager.take(CallQueueManager.java:317)
        at org.apache.hadoop.ipc.Server$Handler.run(Server.java:2932)
"IPC Server handler 3 on default port 41881" daemon prio=5 tid=76 timed_waiting
java.lang.Thread.State: TIMED_WAITING
        at sun.misc.Unsafe.park(Native Method)
        at java.util.concurrent.locks.LockSupport.parkNanos(LockSupport.java:215)
        at java.util.concurrent.locks.AbstractQueuedSynchronizer$ConditionObject.awaitNanos(AbstractQueuedSynchronizer.java:2078)
        at java.util.concurrent.LinkedBlockingQueue.poll(LinkedBlockingQueue.java:467)
        at org.apache.hadoop.ipc.CallQueueManager.take(CallQueueManager.java:317)
        at org.apache.hadoop.ipc.Server$Handler.run(Server.java:2932)
"IPC Server handler 2 on default port 45789" daemon prio=5 tid=138 timed_waiting
java.lang.Thread.State: TIMED_WAITING
        at sun.misc.Unsafe.park(Native Method)
        at java.util.concurrent.locks.LockSupport.parkNanos(LockSupport.java:215)
        at java.util.concurrent.locks.AbstractQueuedSynchronizer$ConditionObject.awaitNanos(AbstractQueuedSynchronizer.java:2078)
        at java.util.concurrent.LinkedBlockingQueue.poll(LinkedBlockingQueue.java:467)
        at org.apache.hadoop.ipc.CallQueueManager.take(CallQueueManager.java:317)
        at org.apache.hadoop.ipc.Server$Handler.run(Server.java:2932)
"EventQueue-CloseContainerForCloseContainerEventHandler" daemon prio=5 tid=3297 in Object.wait()
java.lang.Thread.State: WAITING (on object monitor)
        at sun.misc.Unsafe.park(Native Method)
        at java.util.concurrent.locks.LockSupport.park(LockSupport.java:175)
        at java.util.concurrent.locks.AbstractQueuedSynchronizer$ConditionObject.await(AbstractQueuedSynchronizer.java:2039)
        at java.util.concurrent.LinkedBlockingQueue.take(LinkedBlockingQueue.java:442)
        at java.util.concurrent.ThreadPoolExecutor.getTask(ThreadPoolExecutor.java:1074)
        at java.util.concurrent.ThreadPoolExecutor.runWorker(ThreadPoolExecutor.java:1134)
        at java.util.concurrent.ThreadPoolExecutor$Worker.run(ThreadPoolExecutor.java:624)
        at java.lang.Thread.run(Thread.java:748)
"IPC Server listener on 0" daemon prio=5 tid=23 runnable
java.lang.Thread.State: RUNNABLE
        at sun.nio.ch.EPollArrayWrapper.epollWait(Native Method)
        at sun.nio.ch.EPollArrayWrapper.poll(EPollArrayWrapper.java:269)
        at sun.nio.ch.EPollSelectorImpl.doSelect(EPollSelectorImpl.java:93)
        at sun.nio.ch.SelectorImpl.lockAndDoSelect(SelectorImpl.java:86)
        at sun.nio.ch.SelectorImpl.select(SelectorImpl.java:97)
        at sun.nio.ch.SelectorImpl.select(SelectorImpl.java:101)
        at org.apache.hadoop.ipc.Server$Listener.run(Server.java:1350)
"IPC Server handler 14 on default port 38125" daemon prio=5 tid=47 timed_waiting
java.lang.Thread.State: TIMED_WAITING
        at sun.misc.Unsafe.park(Native Method)
        at java.util.concurrent.locks.LockSupport.parkNanos(LockSupport.java:215)
        at java.util.concurrent.locks.AbstractQueuedSynchronizer$ConditionObject.awaitNanos(AbstractQueuedSynchronizer.java:2078)
        at java.util.concurrent.LinkedBlockingQueue.poll(LinkedBlockingQueue.java:467)
        at org.apache.hadoop.ipc.CallQueueManager.take(CallQueueManager.java:317)
        at org.apache.hadoop.ipc.Server$Handler.run(Server.java:2932)
"Datanode ReportManager Thread - 3" daemon prio=5 tid=178 in Object.wait()
java.lang.Thread.State: WAITING (on object monitor)
        at sun.misc.Unsafe.park(Native Method)
        at java.util.concurrent.locks.LockSupport.park(LockSupport.java:175)
        at java.util.concurrent.locks.AbstractQueuedSynchronizer$ConditionObject.await(AbstractQueuedSynchronizer.java:2039)
        at java.util.concurrent.ScheduledThreadPoolExecutor$DelayedWorkQueue.take(ScheduledThreadPoolExecutor.java:1088)
        at java.util.concurrent.ScheduledThreadPoolExecutor$DelayedWorkQueue.take(ScheduledThreadPoolExecutor.java:809)
        at java.util.concurrent.ThreadPoolExecutor.getTask(ThreadPoolExecutor.java:1074)
        at java.util.concurrent.ThreadPoolExecutor.runWorker(ThreadPoolExecutor.java:1134)
        at java.util.concurrent.ThreadPoolExecutor$Worker.run(ThreadPoolExecutor.java:624)
        at java.lang.Thread.run(Thread.java:748)
"qtp1470711088-129" daemon prio=5 tid=129 timed_waiting
java.lang.Thread.State: TIMED_WAITING
        at sun.misc.Unsafe.park(Native Method)
        at java.util.concurrent.locks.LockSupport.parkNanos(LockSupport.java:215)
        at java.util.concurrent.locks.AbstractQueuedSynchronizer$ConditionObject.awaitNanos(AbstractQueuedSynchronizer.java:2078)
        at org.eclipse.jetty.util.BlockingArrayQueue.poll(BlockingArrayQueue.java:382)
        at org.eclipse.jetty.util.thread.QueuedThreadPool$Runner.idleJobPoll(QueuedThreadPool.java:974)
        at org.eclipse.jetty.util.thread.QueuedThreadPool$Runner.run(QueuedThreadPool.java:1018)
        at java.lang.Thread.run(Thread.java:748)
"qtp2126024846-3414" daemon prio=5 tid=3414 runnable
java.lang.Thread.State: RUNNABLE
        at sun.nio.ch.EPollArrayWrapper.epollWait(Native Method)
        at sun.nio.ch.EPollArrayWrapper.poll(EPollArrayWrapper.java:269)
        at sun.nio.ch.EPollSelectorImpl.doSelect(EPollSelectorImpl.java:93)
        at sun.nio.ch.SelectorImpl.lockAndDoSelect(SelectorImpl.java:86)
        at sun.nio.ch.SelectorImpl.select(SelectorImpl.java:97)
        at sun.nio.ch.SelectorImpl.select(SelectorImpl.java:101)
        at org.eclipse.jetty.io.ManagedSelector.nioSelect(ManagedSelector.java:183)
        at org.eclipse.jetty.io.ManagedSelector.select(ManagedSelector.java:190)
        at org.eclipse.jetty.io.ManagedSelector$SelectorProducer.select(ManagedSelector.java:606)
        at org.eclipse.jetty.io.ManagedSelector$SelectorProducer.produce(ManagedSelector.java:543)
        at org.eclipse.jetty.util.thread.strategy.EatWhatYouKill.produceTask(EatWhatYouKill.java:362)
        at org.eclipse.jetty.util.thread.strategy.EatWhatYouKill.doProduce(EatWhatYouKill.java:186)
        at org.eclipse.jetty.util.thread.strategy.EatWhatYouKill.tryProduce(EatWhatYouKill.java:173)
        at org.eclipse.jetty.util.thread.strategy.EatWhatYouKill.produce(EatWhatYouKill.java:137)
        at org.eclipse.jetty.io.ManagedSelector$$Lambda$312/343688483.run(Unknown Source)
        at org.eclipse.jetty.util.thread.QueuedThreadPool.runJob(QueuedThreadPool.java:883)
        at org.eclipse.jetty.util.thread.QueuedThreadPool$Runner.run(QueuedThreadPool.java:1034)
        at java.lang.Thread.run(Thread.java:748)
"IPC Server handler 10 on default port 43391" daemon prio=5 tid=63 timed_waiting
java.lang.Thread.State: TIMED_WAITING
        at sun.misc.Unsafe.park(Native Method)
        at java.util.concurrent.locks.LockSupport.parkNanos(LockSupport.java:215)
        at java.util.concurrent.locks.AbstractQueuedSynchronizer$ConditionObject.awaitNanos(AbstractQueuedSynchronizer.java:2078)
        at java.util.concurrent.LinkedBlockingQueue.poll(LinkedBlockingQueue.java:467)
        at org.apache.hadoop.ipc.CallQueueManager.take(CallQueueManager.java:317)
        at org.apache.hadoop.ipc.Server$Handler.run(Server.java:2932)
"om1@group-C5BA1605619E-SegmentedRaftLogWorker"  prio=5 tid=118 timed_waiting
java.lang.Thread.State: TIMED_WAITING
        at sun.misc.Unsafe.park(Native Method)
        at java.util.concurrent.locks.LockSupport.parkNanos(LockSupport.java:215)
        at java.util.concurrent.locks.AbstractQueuedSynchronizer$ConditionObject.awaitNanos(AbstractQueuedSynchronizer.java:2078)
        at org.apache.ratis.util.DataBlockingQueue.poll(DataBlockingQueue.java:137)
        at org.apache.ratis.server.raftlog.segmented.SegmentedRaftLogWorker.run(SegmentedRaftLogWorker.java:292)
        at org.apache.ratis.server.raftlog.segmented.SegmentedRaftLogWorker$$Lambda$466/684552633.run(Unknown Source)
        at java.lang.Thread.run(Thread.java:748)
"org.apache.ratis.util.JvmPauseMonitor$$Lambda$530/1855807713@32d20d47" daemon prio=5 tid=3354 timed_waiting
java.lang.Thread.State: TIMED_WAITING
        at java.lang.Thread.sleep(Native Method)
        at java.lang.Thread.sleep(Thread.java:340)
        at java.util.concurrent.TimeUnit.sleep(TimeUnit.java:386)
        at org.apache.ratis.util.TimeDuration.sleep(TimeDuration.java:324)
        at org.apache.ratis.util.TimeDuration.sleep(TimeDuration.java:309)
        at org.apache.ratis.util.JvmPauseMonitor.detectPause(JvmPauseMonitor.java:117)
        at org.apache.ratis.util.JvmPauseMonitor.run(JvmPauseMonitor.java:106)
        at org.apache.ratis.util.JvmPauseMonitor$$Lambda$530/1855807713.run(Unknown Source)
        at java.lang.Thread.run(Thread.java:748)
"Datanode ReportManager Thread - 2" daemon prio=5 tid=204 in Object.wait()
java.lang.Thread.State: WAITING (on object monitor)
        at sun.misc.Unsafe.park(Native Method)
        at java.util.concurrent.locks.LockSupport.park(LockSupport.java:175)
        at java.util.concurrent.locks.AbstractQueuedSynchronizer$ConditionObject.await(AbstractQueuedSynchronizer.java:2039)
        at java.util.concurrent.ScheduledThreadPoolExecutor$DelayedWorkQueue.take(ScheduledThreadPoolExecutor.java:1088)
        at java.util.concurrent.ScheduledThreadPoolExecutor$DelayedWorkQueue.take(ScheduledThreadPoolExecutor.java:809)
        at java.util.concurrent.ThreadPoolExecutor.getTask(ThreadPoolExecutor.java:1074)
        at java.util.concurrent.ThreadPoolExecutor.runWorker(ThreadPoolExecutor.java:1134)
        at java.util.concurrent.ThreadPoolExecutor$Worker.run(ThreadPoolExecutor.java:624)
        at java.lang.Thread.run(Thread.java:748)
"IPC Server handler 0 on default port 43391" daemon prio=5 tid=53 timed_waiting
java.lang.Thread.State: TIMED_WAITING
        at sun.misc.Unsafe.park(Native Method)
        at java.util.concurrent.locks.LockSupport.parkNanos(LockSupport.java:215)
        at java.util.concurrent.locks.AbstractQueuedSynchronizer$ConditionObject.awaitNanos(AbstractQueuedSynchronizer.java:2078)
        at java.util.concurrent.LinkedBlockingQueue.poll(LinkedBlockingQueue.java:467)
        at org.apache.hadoop.ipc.CallQueueManager.take(CallQueueManager.java:317)
        at org.apache.hadoop.ipc.Server$Handler.run(Server.java:2932)
"Command processor thread" daemon prio=5 tid=3429 timed_waiting
java.lang.Thread.State: TIMED_WAITING
        at java.lang.Thread.sleep(Native Method)
        at org.apache.hadoop.ozone.container.common.statemachine.DatanodeStateMachine.lambda$initCommandHandlerThread$2(DatanodeStateMachine.java:574)
        at org.apache.hadoop.ozone.container.common.statemachine.DatanodeStateMachine$$Lambda$572/2045313851.run(Unknown Source)
        at java.lang.Thread.run(Thread.java:748)
"ChunkWriter-3-0" daemon prio=5 tid=3350 in Object.wait()
java.lang.Thread.State: WAITING (on object monitor)
        at sun.misc.Unsafe.park(Native Method)
        at java.util.concurrent.locks.LockSupport.park(LockSupport.java:175)
        at java.util.concurrent.locks.AbstractQueuedSynchronizer$ConditionObject.await(AbstractQueuedSynchronizer.java:2039)
        at java.util.concurrent.LinkedBlockingDeque.takeFirst(LinkedBlockingDeque.java:492)
        at java.util.concurrent.LinkedBlockingDeque.take(LinkedBlockingDeque.java:680)
        at java.util.concurrent.ThreadPoolExecutor.getTask(ThreadPoolExecutor.java:1074)
        at java.util.concurrent.ThreadPoolExecutor.runWorker(ThreadPoolExecutor.java:1134)
        at java.util.concurrent.ThreadPoolExecutor$Worker.run(ThreadPoolExecutor.java:624)
        at java.lang.Thread.run(Thread.java:748)
"Datanode ReportManager Thread - 0" daemon prio=5 tid=3424 in Object.wait()
java.lang.Thread.State: WAITING (on object monitor)
        at sun.misc.Unsafe.park(Native Method)
        at java.util.concurrent.locks.LockSupport.park(LockSupport.java:175)
        at java.util.concurrent.locks.AbstractQueuedSynchronizer$ConditionObject.await(AbstractQueuedSynchronizer.java:2039)
        at java.util.concurrent.ScheduledThreadPoolExecutor$DelayedWorkQueue.take(ScheduledThreadPoolExecutor.java:1088)
        at java.util.concurrent.ScheduledThreadPoolExecutor$DelayedWorkQueue.take(ScheduledThreadPoolExecutor.java:809)
        at java.util.concurrent.ThreadPoolExecutor.getTask(ThreadPoolExecutor.java:1074)
        at java.util.concurrent.ThreadPoolExecutor.runWorker(ThreadPoolExecutor.java:1134)
        at java.util.concurrent.ThreadPoolExecutor$Worker.run(ThreadPoolExecutor.java:624)
        at java.lang.Thread.run(Thread.java:748)
"FullTableCache Cleanup Thread - 0" daemon prio=5 tid=331 in Object.wait()
java.lang.Thread.State: WAITING (on object monitor)
        at sun.misc.Unsafe.park(Native Method)
        at java.util.concurrent.locks.LockSupport.park(LockSupport.java:175)
        at java.util.concurrent.locks.AbstractQueuedSynchronizer$ConditionObject.await(AbstractQueuedSynchronizer.java:2039)
        at java.util.concurrent.LinkedBlockingQueue.take(LinkedBlockingQueue.java:442)
        at java.util.concurrent.ThreadPoolExecutor.getTask(ThreadPoolExecutor.java:1074)
        at java.util.concurrent.ThreadPoolExecutor.runWorker(ThreadPoolExecutor.java:1134)
        at java.util.concurrent.ThreadPoolExecutor$Worker.run(ThreadPoolExecutor.java:624)
        at java.lang.Thread.run(Thread.java:748)
"IPC Server handler 3 on default port 45789" daemon prio=5 tid=139 timed_waiting
java.lang.Thread.State: TIMED_WAITING
        at sun.misc.Unsafe.park(Native Method)
        at java.util.concurrent.locks.LockSupport.parkNanos(LockSupport.java:215)
        at java.util.concurrent.locks.AbstractQueuedSynchronizer$ConditionObject.awaitNanos(AbstractQueuedSynchronizer.java:2078)
        at java.util.concurrent.LinkedBlockingQueue.poll(LinkedBlockingQueue.java:467)
        at org.apache.hadoop.ipc.CallQueueManager.take(CallQueueManager.java:317)
        at org.apache.hadoop.ipc.Server$Handler.run(Server.java:2932)
"IPC Server idle connection scanner for port 45789" daemon prio=5 tid=115 timed_waiting
java.lang.Thread.State: TIMED_WAITING
        at java.lang.Object.wait(Native Method)
        at java.util.TimerThread.mainLoop(Timer.java:552)
        at java.util.TimerThread.run(Timer.java:505)
"qtp685606790-101" daemon prio=5 tid=101 timed_waiting
java.lang.Thread.State: TIMED_WAITING
        at sun.misc.Unsafe.park(Native Method)
        at java.util.concurrent.locks.LockSupport.parkNanos(LockSupport.java:215)
        at java.util.concurrent.locks.AbstractQueuedSynchronizer$ConditionObject.awaitNanos(AbstractQueuedSynchronizer.java:2078)
        at org.eclipse.jetty.util.BlockingArrayQueue.poll(BlockingArrayQueue.java:382)
        at org.eclipse.jetty.util.thread.QueuedThreadPool$Runner.idleJobPoll(QueuedThreadPool.java:974)
        at org.eclipse.jetty.util.thread.QueuedThreadPool$Runner.run(QueuedThreadPool.java:1018)
        at java.lang.Thread.run(Thread.java:748)
"surefire-forkedjvm-ping-30s" daemon prio=5 tid=10 timed_waiting
java.lang.Thread.State: TIMED_WAITING
        at sun.misc.Unsafe.park(Native Method)
        at java.util.concurrent.locks.LockSupport.parkNanos(LockSupport.java:215)
        at java.util.concurrent.locks.AbstractQueuedSynchronizer$ConditionObject.awaitNanos(AbstractQueuedSynchronizer.java:2078)
        at java.util.concurrent.ScheduledThreadPoolExecutor$DelayedWorkQueue.take(ScheduledThreadPoolExecutor.java:1093)
        at java.util.concurrent.ScheduledThreadPoolExecutor$DelayedWorkQueue.take(ScheduledThreadPoolExecutor.java:809)
        at java.util.concurrent.ThreadPoolExecutor.getTask(ThreadPoolExecutor.java:1074)
        at java.util.concurrent.ThreadPoolExecutor.runWorker(ThreadPoolExecutor.java:1134)
        at java.util.concurrent.ThreadPoolExecutor$Worker.run(ThreadPoolExecutor.java:624)
        at java.lang.Thread.run(Thread.java:748)
"Datanode ReportManager Thread - 3" daemon prio=5 tid=230 timed_waiting
java.lang.Thread.State: TIMED_WAITING
        at sun.misc.Unsafe.park(Native Method)
        at java.util.concurrent.locks.LockSupport.parkNanos(LockSupport.java:215)
        at java.util.concurrent.locks.AbstractQueuedSynchronizer$ConditionObject.awaitNanos(AbstractQueuedSynchronizer.java:2078)
        at java.util.concurrent.ScheduledThreadPoolExecutor$DelayedWorkQueue.take(ScheduledThreadPoolExecutor.java:1093)
        at java.util.concurrent.ScheduledThreadPoolExecutor$DelayedWorkQueue.take(ScheduledThreadPoolExecutor.java:809)
        at java.util.concurrent.ThreadPoolExecutor.getTask(ThreadPoolExecutor.java:1074)
        at java.util.concurrent.ThreadPoolExecutor.runWorker(ThreadPoolExecutor.java:1134)
        at java.util.concurrent.ThreadPoolExecutor$Worker.run(ThreadPoolExecutor.java:624)
        at java.lang.Thread.run(Thread.java:748)
"Signal Dispatcher" daemon prio=9 tid=4 runnable
java.lang.Thread.State: RUNNABLE
"EventQueue-PipelineReportForOneReplicaPipelineSafeModeRule" daemon prio=5 tid=271 in Object.wait()
java.lang.Thread.State: WAITING (on object monitor)
        at sun.misc.Unsafe.park(Native Method)
        at java.util.concurrent.locks.LockSupport.park(LockSupport.java:175)
        at java.util.concurrent.locks.AbstractQueuedSynchronizer$ConditionObject.await(AbstractQueuedSynchronizer.java:2039)
        at java.util.concurrent.LinkedBlockingQueue.take(LinkedBlockingQueue.java:442)
        at java.util.concurrent.ThreadPoolExecutor.getTask(ThreadPoolExecutor.java:1074)
        at java.util.concurrent.ThreadPoolExecutor.runWorker(ThreadPoolExecutor.java:1134)
        at java.util.concurrent.ThreadPoolExecutor$Worker.run(ThreadPoolExecutor.java:624)
        at java.lang.Thread.run(Thread.java:748)
"IPC Server handler 15 on default port 45789" daemon prio=5 tid=151 timed_waiting
java.lang.Thread.State: TIMED_WAITING
        at sun.misc.Unsafe.park(Native Method)
        at java.util.concurrent.locks.LockSupport.parkNanos(LockSupport.java:215)
        at java.util.concurrent.locks.AbstractQueuedSynchronizer$ConditionObject.awaitNanos(AbstractQueuedSynchronizer.java:2078)
        at java.util.concurrent.LinkedBlockingQueue.poll(LinkedBlockingQueue.java:467)
        at org.apache.hadoop.ipc.CallQueueManager.take(CallQueueManager.java:317)
        at org.apache.hadoop.ipc.Server$Handler.run(Server.java:2932)
"IPC Server handler 17 on default port 41881" daemon prio=5 tid=90 timed_waiting
java.lang.Thread.State: TIMED_WAITING
        at sun.misc.Unsafe.park(Native Method)
        at java.util.concurrent.locks.LockSupport.parkNanos(LockSupport.java:215)
        at java.util.concurrent.locks.AbstractQueuedSynchronizer$ConditionObject.awaitNanos(AbstractQueuedSynchronizer.java:2078)
        at java.util.concurrent.LinkedBlockingQueue.poll(LinkedBlockingQueue.java:467)
        at org.apache.hadoop.ipc.CallQueueManager.take(CallQueueManager.java:317)
        at org.apache.hadoop.ipc.Server$Handler.run(Server.java:2932)
"IPC Server handler 16 on default port 38125" daemon prio=5 tid=49 timed_waiting
java.lang.Thread.State: TIMED_WAITING
        at sun.misc.Unsafe.park(Native Method)
        at java.util.concurrent.locks.LockSupport.parkNanos(LockSupport.java:215)
        at java.util.concurrent.locks.AbstractQueuedSynchronizer$ConditionObject.awaitNanos(AbstractQueuedSynchronizer.java:2078)
        at java.util.concurrent.LinkedBlockingQueue.poll(LinkedBlockingQueue.java:467)
        at org.apache.hadoop.ipc.CallQueueManager.take(CallQueueManager.java:317)
        at org.apache.hadoop.ipc.Server$Handler.run(Server.java:2932)
"IPC Server handler 14 on default port 45789" daemon prio=5 tid=150 timed_waiting
java.lang.Thread.State: TIMED_WAITING
        at sun.misc.Unsafe.park(Native Method)
        at java.util.concurrent.locks.LockSupport.parkNanos(LockSupport.java:215)
        at java.util.concurrent.locks.AbstractQueuedSynchronizer$ConditionObject.awaitNanos(AbstractQueuedSynchronizer.java:2078)
        at java.util.concurrent.LinkedBlockingQueue.poll(LinkedBlockingQueue.java:467)
        at org.apache.hadoop.ipc.CallQueueManager.take(CallQueueManager.java:317)
        at org.apache.hadoop.ipc.Server$Handler.run(Server.java:2932)
"qtp685606790-103" daemon prio=5 tid=103 timed_waiting
java.lang.Thread.State: TIMED_WAITING
        at sun.misc.Unsafe.park(Native Method)
        at java.util.concurrent.locks.LockSupport.parkNanos(LockSupport.java:215)
        at java.util.concurrent.locks.AbstractQueuedSynchronizer$ConditionObject.awaitNanos(AbstractQueuedSynchronizer.java:2078)
        at org.eclipse.jetty.util.BlockingArrayQueue.poll(BlockingArrayQueue.java:382)
        at org.eclipse.jetty.util.thread.QueuedThreadPool$Runner.idleJobPoll(QueuedThreadPool.java:974)
        at org.eclipse.jetty.util.thread.QueuedThreadPool$Runner.run(QueuedThreadPool.java:1018)
        at java.lang.Thread.run(Thread.java:748)
"grpc-default-worker-ELG-3-1" daemon prio=5 tid=279 runnable
java.lang.Thread.State: RUNNABLE
        at org.apache.ratis.thirdparty.io.netty.channel.epoll.Native.epollWait0(Native Method)
        at org.apache.ratis.thirdparty.io.netty.channel.epoll.Native.epollWait(Native.java:161)
        at org.apache.ratis.thirdparty.io.netty.channel.epoll.EpollEventLoop.epollWait(EpollEventLoop.java:286)
        at org.apache.ratis.thirdparty.io.netty.channel.epoll.EpollEventLoop.run(EpollEventLoop.java:351)
        at org.apache.ratis.thirdparty.io.netty.util.concurrent.SingleThreadEventExecutor$4.run(SingleThreadEventExecutor.java:989)
        at org.apache.ratis.thirdparty.io.netty.util.internal.ThreadExecutorMap$2.run(ThreadExecutorMap.java:74)
        at org.apache.ratis.thirdparty.io.netty.util.concurrent.FastThreadLocalRunnable.run(FastThreadLocalRunnable.java:30)
        at java.lang.Thread.run(Thread.java:748)
"IPC Server handler 13 on default port 43391" daemon prio=5 tid=66 timed_waiting
java.lang.Thread.State: TIMED_WAITING
        at sun.misc.Unsafe.park(Native Method)
        at java.util.concurrent.locks.LockSupport.parkNanos(LockSupport.java:215)
        at java.util.concurrent.locks.AbstractQueuedSynchronizer$ConditionObject.awaitNanos(AbstractQueuedSynchronizer.java:2078)
        at java.util.concurrent.LinkedBlockingQueue.poll(LinkedBlockingQueue.java:467)
        at org.apache.hadoop.ipc.CallQueueManager.take(CallQueueManager.java:317)
        at org.apache.hadoop.ipc.Server$Handler.run(Server.java:2932)
"Socket Reader #1 for port 0"  prio=5 tid=20 runnable
java.lang.Thread.State: RUNNABLE
        at sun.nio.ch.EPollArrayWrapper.epollWait(Native Method)
        at sun.nio.ch.EPollArrayWrapper.poll(EPollArrayWrapper.java:269)
        at sun.nio.ch.EPollSelectorImpl.doSelect(EPollSelectorImpl.java:93)
        at sun.nio.ch.SelectorImpl.lockAndDoSelect(SelectorImpl.java:86)
        at sun.nio.ch.SelectorImpl.select(SelectorImpl.java:97)
        at sun.nio.ch.SelectorImpl.select(SelectorImpl.java:101)
        at org.apache.hadoop.ipc.Server$Listener$Reader.doRunLoop(Server.java:1288)
        at org.apache.hadoop.ipc.Server$Listener$Reader.run(Server.java:1267)
"Periodic HDDS volume checker" daemon prio=5 tid=3300 timed_waiting
java.lang.Thread.State: TIMED_WAITING
        at sun.misc.Unsafe.park(Native Method)
        at java.util.concurrent.locks.LockSupport.parkNanos(LockSupport.java:215)
        at java.util.concurrent.locks.AbstractQueuedSynchronizer$ConditionObject.awaitNanos(AbstractQueuedSynchronizer.java:2078)
        at java.util.concurrent.ScheduledThreadPoolExecutor$DelayedWorkQueue.take(ScheduledThreadPoolExecutor.java:1093)
        at java.util.concurrent.ScheduledThreadPoolExecutor$DelayedWorkQueue.take(ScheduledThreadPoolExecutor.java:809)
        at java.util.concurrent.ThreadPoolExecutor.getTask(ThreadPoolExecutor.java:1074)
        at java.util.concurrent.ThreadPoolExecutor.runWorker(ThreadPoolExecutor.java:1134)
        at java.util.concurrent.ThreadPoolExecutor$Worker.run(ThreadPoolExecutor.java:624)
        at java.lang.Thread.run(Thread.java:748)
"grpc-default-executor-5" daemon prio=5 tid=1886 timed_waiting
java.lang.Thread.State: TIMED_WAITING
        at sun.misc.Unsafe.park(Native Method)
        at java.util.concurrent.locks.LockSupport.parkNanos(LockSupport.java:215)
        at java.util.concurrent.SynchronousQueue$TransferStack.awaitFulfill(SynchronousQueue.java:460)
        at java.util.concurrent.SynchronousQueue$TransferStack.transfer(SynchronousQueue.java:362)
        at java.util.concurrent.SynchronousQueue.poll(SynchronousQueue.java:941)
        at java.util.concurrent.ThreadPoolExecutor.getTask(ThreadPoolExecutor.java:1073)
        at java.util.concurrent.ThreadPoolExecutor.runWorker(ThreadPoolExecutor.java:1134)
        at java.util.concurrent.ThreadPoolExecutor$Worker.run(ThreadPoolExecutor.java:624)
        at java.lang.Thread.run(Thread.java:748)
"IPC Server handler 16 on default port 41881" daemon prio=5 tid=89 timed_waiting
java.lang.Thread.State: TIMED_WAITING
        at sun.misc.Unsafe.park(Native Method)
        at java.util.concurrent.locks.LockSupport.parkNanos(LockSupport.java:215)
        at java.util.concurrent.locks.AbstractQueuedSynchronizer$ConditionObject.awaitNanos(AbstractQueuedSynchronizer.java:2078)
        at java.util.concurrent.LinkedBlockingQueue.poll(LinkedBlockingQueue.java:467)
        at org.apache.hadoop.ipc.CallQueueManager.take(CallQueueManager.java:317)
        at org.apache.hadoop.ipc.Server$Handler.run(Server.java:2932)
"IPC Client (2001804956) connection to /0.0.0.0:41881 from runner" daemon prio=5 tid=237 timed_waiting
java.lang.Thread.State: TIMED_WAITING
        at java.lang.Object.wait(Native Method)
        at org.apache.hadoop.ipc.Client$Connection.waitForWork(Client.java:1053)
        at org.apache.hadoop.ipc.Client$Connection.run(Client.java:1097)
"IPC Server handler 0 on default port 41881" daemon prio=5 tid=73 timed_waiting
java.lang.Thread.State: TIMED_WAITING
        at sun.misc.Unsafe.park(Native Method)
        at java.util.concurrent.locks.LockSupport.parkNanos(LockSupport.java:215)
        at java.util.concurrent.locks.AbstractQueuedSynchronizer$ConditionObject.awaitNanos(AbstractQueuedSynchronizer.java:2078)
        at java.util.concurrent.LinkedBlockingQueue.poll(LinkedBlockingQueue.java:467)
        at org.apache.hadoop.ipc.CallQueueManager.take(CallQueueManager.java:317)
        at org.apache.hadoop.ipc.Server$Handler.run(Server.java:2932)
"DatanodeAdminManager-0" daemon prio=5 tid=17 timed_waiting
java.lang.Thread.State: TIMED_WAITING
        at sun.misc.Unsafe.park(Native Method)
        at java.util.concurrent.locks.LockSupport.parkNanos(LockSupport.java:215)
        at java.util.concurrent.locks.AbstractQueuedSynchronizer$ConditionObject.awaitNanos(AbstractQueuedSynchronizer.java:2078)
        at java.util.concurrent.ScheduledThreadPoolExecutor$DelayedWorkQueue.take(ScheduledThreadPoolExecutor.java:1093)
        at java.util.concurrent.ScheduledThreadPoolExecutor$DelayedWorkQueue.take(ScheduledThreadPoolExecutor.java:809)
        at java.util.concurrent.ThreadPoolExecutor.getTask(ThreadPoolExecutor.java:1074)
        at java.util.concurrent.ThreadPoolExecutor.runWorker(ThreadPoolExecutor.java:1134)
        at java.util.concurrent.ThreadPoolExecutor$Worker.run(ThreadPoolExecutor.java:624)
        at java.lang.Thread.run(Thread.java:748)
"PartialTableCache Cleanup Thread - 0" daemon prio=5 tid=354 in Object.wait()
java.lang.Thread.State: WAITING (on object monitor)
        at sun.misc.Unsafe.park(Native Method)
        at java.util.concurrent.locks.LockSupport.park(LockSupport.java:175)
        at java.util.concurrent.locks.AbstractQueuedSynchronizer$ConditionObject.await(AbstractQueuedSynchronizer.java:2039)
        at java.util.concurrent.LinkedBlockingQueue.take(LinkedBlockingQueue.java:442)
        at java.util.concurrent.ThreadPoolExecutor.getTask(ThreadPoolExecutor.java:1074)
        at java.util.concurrent.ThreadPoolExecutor.runWorker(ThreadPoolExecutor.java:1134)
        at java.util.concurrent.ThreadPoolExecutor$Worker.run(ThreadPoolExecutor.java:624)
        at java.lang.Thread.run(Thread.java:748)
"Reference Handler" daemon prio=10 tid=2 in Object.wait()
java.lang.Thread.State: WAITING (on object monitor)
        at java.lang.Object.wait(Native Method)
        at java.lang.Object.wait(Object.java:502)
        at java.lang.ref.Reference.tryHandlePending(Reference.java:191)
        at java.lang.ref.Reference$ReferenceHandler.run(Reference.java:153)
"IPC Server handler 2 on default port 41881" daemon prio=5 tid=75 timed_waiting
java.lang.Thread.State: TIMED_WAITING
        at sun.misc.Unsafe.park(Native Method)
        at java.util.concurrent.locks.LockSupport.parkNanos(LockSupport.java:215)
        at java.util.concurrent.locks.AbstractQueuedSynchronizer$ConditionObject.awaitNanos(AbstractQueuedSynchronizer.java:2078)
        at java.util.concurrent.LinkedBlockingQueue.poll(LinkedBlockingQueue.java:467)
        at org.apache.hadoop.ipc.CallQueueManager.take(CallQueueManager.java:317)
        at org.apache.hadoop.ipc.Server$Handler.run(Server.java:2932)
"ChunkReader-ELG-0" daemon prio=5 tid=3355 runnable
java.lang.Thread.State: RUNNABLE
        at org.apache.ratis.thirdparty.io.netty.channel.epoll.Native.epollWait(Native Method)
        at org.apache.ratis.thirdparty.io.netty.channel.epoll.Native.epollWait(Native.java:177)
        at org.apache.ratis.thirdparty.io.netty.channel.epoll.Native.epollWait(Native.java:170)
        at org.apache.ratis.thirdparty.io.netty.channel.epoll.EpollEventLoop.epollWaitNoTimerChange(EpollEventLoop.java:290)
        at org.apache.ratis.thirdparty.io.netty.channel.epoll.EpollEventLoop.run(EpollEventLoop.java:347)
        at org.apache.ratis.thirdparty.io.netty.util.concurrent.SingleThreadEventExecutor$4.run(SingleThreadEventExecutor.java:989)
        at org.apache.ratis.thirdparty.io.netty.util.internal.ThreadExecutorMap$2.run(ThreadExecutorMap.java:74)
        at java.lang.Thread.run(Thread.java:748)
"IPC Server handler 18 on default port 45789" daemon prio=5 tid=154 timed_waiting
java.lang.Thread.State: TIMED_WAITING
        at sun.misc.Unsafe.park(Native Method)
        at java.util.concurrent.locks.LockSupport.parkNanos(LockSupport.java:215)
        at java.util.concurrent.locks.AbstractQueuedSynchronizer$ConditionObject.awaitNanos(AbstractQueuedSynchronizer.java:2078)
        at java.util.concurrent.LinkedBlockingQueue.poll(LinkedBlockingQueue.java:467)
        at org.apache.hadoop.ipc.CallQueueManager.take(CallQueueManager.java:317)
        at org.apache.hadoop.ipc.Server$Handler.run(Server.java:2932)
"IPC Server Responder" daemon prio=5 tid=116 runnable
java.lang.Thread.State: RUNNABLE
        at sun.nio.ch.EPollArrayWrapper.epollWait(Native Method)
        at sun.nio.ch.EPollArrayWrapper.poll(EPollArrayWrapper.java:269)
        at sun.nio.ch.EPollSelectorImpl.doSelect(EPollSelectorImpl.java:93)
        at sun.nio.ch.SelectorImpl.lockAndDoSelect(SelectorImpl.java:86)
        at sun.nio.ch.SelectorImpl.select(SelectorImpl.java:97)
        at org.apache.hadoop.ipc.Server$Responder.doRunLoop(Server.java:1527)
        at org.apache.hadoop.ipc.Server$Responder.run(Server.java:1510)
"java.util.concurrent.ThreadPoolExecutor$Worker@5482d662[State = -1, empty queue]" daemon prio=5 tid=1245 timed_waiting
java.lang.Thread.State: TIMED_WAITING
        at sun.misc.Unsafe.park(Native Method)
        at java.util.concurrent.locks.LockSupport.parkNanos(LockSupport.java:215)
        at java.util.concurrent.locks.AbstractQueuedSynchronizer$ConditionObject.awaitNanos(AbstractQueuedSynchronizer.java:2078)
        at java.util.concurrent.ScheduledThreadPoolExecutor$DelayedWorkQueue.take(ScheduledThreadPoolExecutor.java:1093)
        at java.util.concurrent.ScheduledThreadPoolExecutor$DelayedWorkQueue.take(ScheduledThreadPoolExecutor.java:809)
        at java.util.concurrent.ThreadPoolExecutor.getTask(ThreadPoolExecutor.java:1074)
        at java.util.concurrent.ThreadPoolExecutor.runWorker(ThreadPoolExecutor.java:1134)
        at java.util.concurrent.ThreadPoolExecutor$Worker.run(ThreadPoolExecutor.java:624)
        at java.lang.Thread.run(Thread.java:748)
"java.util.concurrent.ThreadPoolExecutor$Worker@7fc4ef95[State = -1, empty queue]" daemon prio=5 tid=1195 timed_waiting
java.lang.Thread.State: TIMED_WAITING
        at sun.misc.Unsafe.park(Native Method)
        at java.util.concurrent.locks.LockSupport.parkNanos(LockSupport.java:215)
        at java.util.concurrent.locks.AbstractQueuedSynchronizer$ConditionObject.awaitNanos(AbstractQueuedSynchronizer.java:2078)
        at java.util.concurrent.ScheduledThreadPoolExecutor$DelayedWorkQueue.take(ScheduledThreadPoolExecutor.java:1093)
        at java.util.concurrent.ScheduledThreadPoolExecutor$DelayedWorkQueue.take(ScheduledThreadPoolExecutor.java:809)
        at java.util.concurrent.ThreadPoolExecutor.getTask(ThreadPoolExecutor.java:1074)
        at java.util.concurrent.ThreadPoolExecutor.runWorker(ThreadPoolExecutor.java:1134)
        at java.util.concurrent.ThreadPoolExecutor$Worker.run(ThreadPoolExecutor.java:624)
        at java.lang.Thread.run(Thread.java:748)
"IPC Server handler 7 on default port 41881" daemon prio=5 tid=80 timed_waiting
java.lang.Thread.State: TIMED_WAITING
        at sun.misc.Unsafe.park(Native Method)
        at java.util.concurrent.locks.LockSupport.parkNanos(LockSupport.java:215)
        at java.util.concurrent.locks.AbstractQueuedSynchronizer$ConditionObject.awaitNanos(AbstractQueuedSynchronizer.java:2078)
        at java.util.concurrent.LinkedBlockingQueue.poll(LinkedBlockingQueue.java:467)
        at org.apache.hadoop.ipc.CallQueueManager.take(CallQueueManager.java:317)
        at org.apache.hadoop.ipc.Server$Handler.run(Server.java:2932)
"EndpointStateMachine task thread for /0.0.0.0:41881 - 0 "  prio=5 tid=3434 timed_waiting
java.lang.Thread.State: TIMED_WAITING
        at java.lang.Thread.sleep(Native Method)
        at org.apache.hadoop.ozone.container.ozoneimpl.OzoneContainer.start(OzoneContainer.java:306)
        at org.apache.hadoop.ozone.container.common.states.endpoint.VersionEndpointTask.call(VersionEndpointTask.java:113)
        at org.apache.hadoop.ozone.container.common.states.endpoint.VersionEndpointTask.call(VersionEndpointTask.java:42)
        at java.util.concurrent.FutureTask.run(FutureTask.java:266)
        at java.util.concurrent.ThreadPoolExecutor.runWorker(ThreadPoolExecutor.java:1149)
        at java.util.concurrent.ThreadPoolExecutor$Worker.run(ThreadPoolExecutor.java:624)
        at java.lang.Thread.run(Thread.java:748)
"IPC Server listener on 0" daemon prio=5 tid=27 runnable
java.lang.Thread.State: RUNNABLE
        at sun.nio.ch.EPollArrayWrapper.epollWait(Native Method)
        at sun.nio.ch.EPollArrayWrapper.poll(EPollArrayWrapper.java:269)
        at sun.nio.ch.EPollSelectorImpl.doSelect(EPollSelectorImpl.java:93)
        at sun.nio.ch.SelectorImpl.lockAndDoSelect(SelectorImpl.java:86)
        at sun.nio.ch.SelectorImpl.select(SelectorImpl.java:97)
        at sun.nio.ch.SelectorImpl.select(SelectorImpl.java:101)
        at org.apache.hadoop.ipc.Server$Listener.run(Server.java:1350)
"IPC Server handler 16 on default port 43391" daemon prio=5 tid=69 timed_waiting
java.lang.Thread.State: TIMED_WAITING
        at sun.misc.Unsafe.park(Native Method)
        at java.util.concurrent.locks.LockSupport.parkNanos(LockSupport.java:215)
        at java.util.concurrent.locks.AbstractQueuedSynchronizer$ConditionObject.awaitNanos(AbstractQueuedSynchronizer.java:2078)
        at java.util.concurrent.LinkedBlockingQueue.poll(LinkedBlockingQueue.java:467)
        at org.apache.hadoop.ipc.CallQueueManager.take(CallQueueManager.java:317)
        at org.apache.hadoop.ipc.Server$Handler.run(Server.java:2932)
"Session-HouseKeeper-2540410e-1"  prio=5 tid=3328 timed_waiting
java.lang.Thread.State: TIMED_WAITING
        at sun.misc.Unsafe.park(Native Method)
        at java.util.concurrent.locks.LockSupport.parkNanos(LockSupport.java:215)
        at java.util.concurrent.locks.AbstractQueuedSynchronizer$ConditionObject.awaitNanos(AbstractQueuedSynchronizer.java:2078)
        at java.util.concurrent.ScheduledThreadPoolExecutor$DelayedWorkQueue.take(ScheduledThreadPoolExecutor.java:1093)
        at java.util.concurrent.ScheduledThreadPoolExecutor$DelayedWorkQueue.take(ScheduledThreadPoolExecutor.java:809)
        at java.util.concurrent.ThreadPoolExecutor.getTask(ThreadPoolExecutor.java:1074)
        at java.util.concurrent.ThreadPoolExecutor.runWorker(ThreadPoolExecutor.java:1134)
        at java.util.concurrent.ThreadPoolExecutor$Worker.run(ThreadPoolExecutor.java:624)
        at java.lang.Thread.run(Thread.java:748)
"Session-HouseKeeper-1fa24e7-1"  prio=5 tid=104 timed_waiting
java.lang.Thread.State: TIMED_WAITING
        at sun.misc.Unsafe.park(Native Method)
        at java.util.concurrent.locks.LockSupport.parkNanos(LockSupport.java:215)
        at java.util.concurrent.locks.AbstractQueuedSynchronizer$ConditionObject.awaitNanos(AbstractQueuedSynchronizer.java:2078)
        at java.util.concurrent.ScheduledThreadPoolExecutor$DelayedWorkQueue.take(ScheduledThreadPoolExecutor.java:1093)
        at java.util.concurrent.ScheduledThreadPoolExecutor$DelayedWorkQueue.take(ScheduledThreadPoolExecutor.java:809)
        at java.util.concurrent.ThreadPoolExecutor.getTask(ThreadPoolExecutor.java:1074)
        at java.util.concurrent.ThreadPoolExecutor.runWorker(ThreadPoolExecutor.java:1134)
        at java.util.concurrent.ThreadPoolExecutor$Worker.run(ThreadPoolExecutor.java:624)
        at java.lang.Thread.run(Thread.java:748)
"IPC Server handler 5 on default port 41881" daemon prio=5 tid=78 timed_waiting
java.lang.Thread.State: TIMED_WAITING
        at sun.misc.Unsafe.park(Native Method)
        at java.util.concurrent.locks.LockSupport.parkNanos(LockSupport.java:215)
        at java.util.concurrent.locks.AbstractQueuedSynchronizer$ConditionObject.awaitNanos(AbstractQueuedSynchronizer.java:2078)
        at java.util.concurrent.LinkedBlockingQueue.poll(LinkedBlockingQueue.java:467)
        at org.apache.hadoop.ipc.CallQueueManager.take(CallQueueManager.java:317)
        at org.apache.hadoop.ipc.Server$Handler.run(Server.java:2932)
"org.apache.hadoop.util.JvmPauseMonitor$Monitor@87e5ad1" daemon prio=5 tid=3430 timed_waiting
java.lang.Thread.State: TIMED_WAITING
        at java.lang.Thread.sleep(Native Method)
        at org.apache.hadoop.util.JvmPauseMonitor$Monitor.run(JvmPauseMonitor.java:192)
        at java.lang.Thread.run(Thread.java:748)
"IPC Server handler 7 on default port 45789" daemon prio=5 tid=143 timed_waiting
java.lang.Thread.State: TIMED_WAITING
        at sun.misc.Unsafe.park(Native Method)
        at java.util.concurrent.locks.LockSupport.parkNanos(LockSupport.java:215)
        at java.util.concurrent.locks.AbstractQueuedSynchronizer$ConditionObject.awaitNanos(AbstractQueuedSynchronizer.java:2078)
        at java.util.concurrent.LinkedBlockingQueue.poll(LinkedBlockingQueue.java:467)
        at org.apache.hadoop.ipc.CallQueueManager.take(CallQueueManager.java:317)
        at org.apache.hadoop.ipc.Server$Handler.run(Server.java:2932)
"IPC Server handler 4 on default port 41881" daemon prio=5 tid=77 timed_waiting
java.lang.Thread.State: TIMED_WAITING
        at sun.misc.Unsafe.park(Native Method)
        at java.util.concurrent.locks.LockSupport.parkNanos(LockSupport.java:215)
        at java.util.concurrent.locks.AbstractQueuedSynchronizer$ConditionObject.awaitNanos(AbstractQueuedSynchronizer.java:2078)
        at java.util.concurrent.LinkedBlockingQueue.poll(LinkedBlockingQueue.java:467)
        at org.apache.hadoop.ipc.CallQueueManager.take(CallQueueManager.java:317)
        at org.apache.hadoop.ipc.Server$Handler.run(Server.java:2932)
"Session-HouseKeeper-26f8e09e-1"  prio=5 tid=3422 timed_waiting
java.lang.Thread.State: TIMED_WAITING
        at sun.misc.Unsafe.park(Native Method)
        at java.util.concurrent.locks.LockSupport.parkNanos(LockSupport.java:215)
        at java.util.concurrent.locks.AbstractQueuedSynchronizer$ConditionObject.awaitNanos(AbstractQueuedSynchronizer.java:2078)
        at java.util.concurrent.ScheduledThreadPoolExecutor$DelayedWorkQueue.take(ScheduledThreadPoolExecutor.java:1093)
        at java.util.concurrent.ScheduledThreadPoolExecutor$DelayedWorkQueue.take(ScheduledThreadPoolExecutor.java:809)
        at java.util.concurrent.ThreadPoolExecutor.getTask(ThreadPoolExecutor.java:1074)
        at java.util.concurrent.ThreadPoolExecutor.runWorker(ThreadPoolExecutor.java:1134)
        at java.util.concurrent.ThreadPoolExecutor$Worker.run(ThreadPoolExecutor.java:624)
        at java.lang.Thread.run(Thread.java:748)
"org.apache.hadoop.ozone.container.common.statemachine.commandhandler.DeleteBlocksCommandHandler$DeleteCmdWorker@485fe2cd" daemon prio=5 tid=189 runnable
java.lang.Thread.State: RUNNABLE
        at java.lang.Throwable.fillInStackTrace(Native Method)
        at java.lang.Throwable.fillInStackTrace(Throwable.java:784)
        at java.lang.Throwable.<init>(Throwable.java:266)
        at java.lang.Exception.<init>(Exception.java:66)
        at java.lang.InterruptedException.<init>(InterruptedException.java:67)
        at java.lang.Thread.sleep(Native Method)
        at org.apache.hadoop.ozone.container.common.statemachine.commandhandler.DeleteBlocksCommandHandler$DeleteCmdWorker.run(DeleteBlocksCommandHandler.java:175)
        at java.lang.Thread.run(Thread.java:748)
"IPC Server handler 10 on default port 45789" daemon prio=5 tid=146 timed_waiting
java.lang.Thread.State: TIMED_WAITING
        at sun.misc.Unsafe.park(Native Method)
        at java.util.concurrent.locks.LockSupport.parkNanos(LockSupport.java:215)
        at java.util.concurrent.locks.AbstractQueuedSynchronizer$ConditionObject.awaitNanos(AbstractQueuedSynchronizer.java:2078)
        at java.util.concurrent.LinkedBlockingQueue.poll(LinkedBlockingQueue.java:467)
        at org.apache.hadoop.ipc.CallQueueManager.take(CallQueueManager.java:317)
        at org.apache.hadoop.ipc.Server$Handler.run(Server.java:2932)
"OMDoubleBufferFlushThread" daemon prio=5 tid=111 timed_waiting
java.lang.Thread.State: TIMED_WAITING
        at java.lang.Object.wait(Native Method)
        at org.apache.hadoop.ozone.om.ratis.OzoneManagerDoubleBuffer.canFlush(OzoneManagerDoubleBuffer.java:509)
        at org.apache.hadoop.ozone.om.ratis.OzoneManagerDoubleBuffer.flushTransactions(OzoneManagerDoubleBuffer.java:241)
        at org.apache.hadoop.ozone.om.ratis.OzoneManagerDoubleBuffer$$Lambda$364/1927436746.run(Unknown Source)
        at java.lang.Thread.run(Thread.java:748)
"EventQueue-NewNodeForNewNodeHandler" daemon prio=5 tid=266 in Object.wait()
java.lang.Thread.State: WAITING (on object monitor)
        at sun.misc.Unsafe.park(Native Method)
        at java.util.concurrent.locks.LockSupport.park(LockSupport.java:175)
        at java.util.concurrent.locks.AbstractQueuedSynchronizer$ConditionObject.await(AbstractQueuedSynchronizer.java:2039)
        at java.util.concurrent.LinkedBlockingQueue.take(LinkedBlockingQueue.java:442)
        at java.util.concurrent.ThreadPoolExecutor.getTask(ThreadPoolExecutor.java:1074)
        at java.util.concurrent.ThreadPoolExecutor.runWorker(ThreadPoolExecutor.java:1134)
        at java.util.concurrent.ThreadPoolExecutor$Worker.run(ThreadPoolExecutor.java:624)
        at java.lang.Thread.run(Thread.java:748)
"IPC Server handler 9 on default port 38125" daemon prio=5 tid=42 timed_waiting
java.lang.Thread.State: TIMED_WAITING
        at sun.misc.Unsafe.park(Native Method)
        at java.util.concurrent.locks.LockSupport.parkNanos(LockSupport.java:215)
        at java.util.concurrent.locks.AbstractQueuedSynchronizer$ConditionObject.awaitNanos(AbstractQueuedSynchronizer.java:2078)
        at java.util.concurrent.LinkedBlockingQueue.poll(LinkedBlockingQueue.java:467)
        at org.apache.hadoop.ipc.CallQueueManager.take(CallQueueManager.java:317)
        at org.apache.hadoop.ipc.Server$Handler.run(Server.java:2932)
"IPC Server handler 8 on default port 43391" daemon prio=5 tid=61 timed_waiting
java.lang.Thread.State: TIMED_WAITING
        at sun.misc.Unsafe.park(Native Method)
        at java.util.concurrent.locks.LockSupport.parkNanos(LockSupport.java:215)
        at java.util.concurrent.locks.AbstractQueuedSynchronizer$ConditionObject.awaitNanos(AbstractQueuedSynchronizer.java:2078)
        at java.util.concurrent.LinkedBlockingQueue.poll(LinkedBlockingQueue.java:467)
        at org.apache.hadoop.ipc.CallQueueManager.take(CallQueueManager.java:317)
        at org.apache.hadoop.ipc.Server$Handler.run(Server.java:2932)
"SCM Heartbeat Processing Thread - 0" daemon prio=5 tid=14 timed_waiting
java.lang.Thread.State: TIMED_WAITING
        at sun.misc.Unsafe.park(Native Method)
        at java.util.concurrent.locks.LockSupport.parkNanos(LockSupport.java:215)
        at java.util.concurrent.locks.AbstractQueuedSynchronizer$ConditionObject.awaitNanos(AbstractQueuedSynchronizer.java:2078)
        at java.util.concurrent.ScheduledThreadPoolExecutor$DelayedWorkQueue.take(ScheduledThreadPoolExecutor.java:1093)
        at java.util.concurrent.ScheduledThreadPoolExecutor$DelayedWorkQueue.take(ScheduledThreadPoolExecutor.java:809)
        at java.util.concurrent.ThreadPoolExecutor.getTask(ThreadPoolExecutor.java:1074)
        at java.util.concurrent.ThreadPoolExecutor.runWorker(ThreadPoolExecutor.java:1134)
        at java.util.concurrent.ThreadPoolExecutor$Worker.run(ThreadPoolExecutor.java:624)
        at java.lang.Thread.run(Thread.java:748)
"IPC Server handler 14 on default port 41881" daemon prio=5 tid=87 timed_waiting
java.lang.Thread.State: TIMED_WAITING
        at sun.misc.Unsafe.park(Native Method)
        at java.util.concurrent.locks.LockSupport.parkNanos(LockSupport.java:215)
        at java.util.concurrent.locks.AbstractQueuedSynchronizer$ConditionObject.awaitNanos(AbstractQueuedSynchronizer.java:2078)
        at java.util.concurrent.LinkedBlockingQueue.poll(LinkedBlockingQueue.java:467)
        at org.apache.hadoop.ipc.CallQueueManager.take(CallQueueManager.java:317)
        at org.apache.hadoop.ipc.Server$Handler.run(Server.java:2932)
"IPC Server handler 19 on default port 38125" daemon prio=5 tid=52 timed_waiting
java.lang.Thread.State: TIMED_WAITING
        at sun.misc.Unsafe.park(Native Method)
        at java.util.concurrent.locks.LockSupport.parkNanos(LockSupport.java:215)
        at java.util.concurrent.locks.AbstractQueuedSynchronizer$ConditionObject.awaitNanos(AbstractQueuedSynchronizer.java:2078)
        at java.util.concurrent.LinkedBlockingQueue.poll(LinkedBlockingQueue.java:467)
        at org.apache.hadoop.ipc.CallQueueManager.take(CallQueueManager.java:317)
        at org.apache.hadoop.ipc.Server$Handler.run(Server.java:2932)
"IPC Server handler 11 on default port 43391" daemon prio=5 tid=64 timed_waiting
java.lang.Thread.State: TIMED_WAITING
        at sun.misc.Unsafe.park(Native Method)
        at java.util.concurrent.locks.LockSupport.parkNanos(LockSupport.java:215)
        at java.util.concurrent.locks.AbstractQueuedSynchronizer$ConditionObject.awaitNanos(AbstractQueuedSynchronizer.java:2078)
        at java.util.concurrent.LinkedBlockingQueue.poll(LinkedBlockingQueue.java:467)
        at org.apache.hadoop.ipc.CallQueueManager.take(CallQueueManager.java:317)
        at org.apache.hadoop.ipc.Server$Handler.run(Server.java:2932)
"PartialTableCache Cleanup Thread - 0" daemon prio=5 tid=334 in Object.wait()
java.lang.Thread.State: WAITING (on object monitor)
        at sun.misc.Unsafe.park(Native Method)
        at java.util.concurrent.locks.LockSupport.park(LockSupport.java:175)
        at java.util.concurrent.locks.AbstractQueuedSynchronizer$ConditionObject.await(AbstractQueuedSynchronizer.java:2039)
        at java.util.concurrent.LinkedBlockingQueue.take(LinkedBlockingQueue.java:442)
        at java.util.concurrent.ThreadPoolExecutor.getTask(ThreadPoolExecutor.java:1074)
        at java.util.concurrent.ThreadPoolExecutor.runWorker(ThreadPoolExecutor.java:1134)
        at java.util.concurrent.ThreadPoolExecutor$Worker.run(ThreadPoolExecutor.java:624)
        at java.lang.Thread.run(Thread.java:748)
"EventQueue-DatanodeCommandForSCMNodeManager"  prio=5 tid=274 in Object.wait()
java.lang.Thread.State: WAITING (on object monitor)
        at sun.misc.Unsafe.park(Native Method)
        at java.util.concurrent.locks.LockSupport.park(LockSupport.java:175)
        at java.util.concurrent.locks.AbstractQueuedSynchronizer$ConditionObject.await(AbstractQueuedSynchronizer.java:2039)
        at java.util.concurrent.LinkedBlockingQueue.take(LinkedBlockingQueue.java:442)
        at java.util.concurrent.ThreadPoolExecutor.getTask(ThreadPoolExecutor.java:1074)
        at java.util.concurrent.ThreadPoolExecutor.runWorker(ThreadPoolExecutor.java:1134)
        at java.util.concurrent.ThreadPoolExecutor$Worker.run(ThreadPoolExecutor.java:624)
        at java.lang.Thread.run(Thread.java:748)
"qtp68500741-3321" daemon prio=5 tid=3321 timed_waiting
java.lang.Thread.State: TIMED_WAITING
        at sun.misc.Unsafe.park(Native Method)
        at java.util.concurrent.locks.LockSupport.parkNanos(LockSupport.java:215)
        at java.util.concurrent.locks.AbstractQueuedSynchronizer$ConditionObject.awaitNanos(AbstractQueuedSynchronizer.java:2078)
        at org.eclipse.jetty.util.BlockingArrayQueue.poll(BlockingArrayQueue.java:382)
        at org.eclipse.jetty.util.thread.QueuedThreadPool$Runner.idleJobPoll(QueuedThreadPool.java:974)
        at org.eclipse.jetty.util.thread.QueuedThreadPool$Runner.run(QueuedThreadPool.java:1018)
        at java.lang.Thread.run(Thread.java:748)
"IPC Server handler 5 on default port 43391" daemon prio=5 tid=58 timed_waiting
java.lang.Thread.State: TIMED_WAITING
        at sun.misc.Unsafe.park(Native Method)
        at java.util.concurrent.locks.LockSupport.parkNanos(LockSupport.java:215)
        at java.util.concurrent.locks.AbstractQueuedSynchronizer$ConditionObject.awaitNanos(AbstractQueuedSynchronizer.java:2078)
        at java.util.concurrent.LinkedBlockingQueue.poll(LinkedBlockingQueue.java:467)
        at org.apache.hadoop.ipc.CallQueueManager.take(CallQueueManager.java:317)
        at org.apache.hadoop.ipc.Server$Handler.run(Server.java:2932)
"org.apache.hadoop.util.JvmPauseMonitor$Monitor@1e4a4ed5" daemon prio=5 tid=94 timed_waiting
java.lang.Thread.State: TIMED_WAITING
        at java.lang.Thread.sleep(Native Method)
        at org.apache.hadoop.util.JvmPauseMonitor$Monitor.run(JvmPauseMonitor.java:192)
        at java.lang.Thread.run(Thread.java:748)
"SCMBlockDeletingService#0" daemon prio=5 tid=93 timed_waiting
java.lang.Thread.State: TIMED_WAITING
        at sun.misc.Unsafe.park(Native Method)
        at java.util.concurrent.locks.LockSupport.parkNanos(LockSupport.java:215)
        at java.util.concurrent.locks.AbstractQueuedSynchronizer$ConditionObject.awaitNanos(AbstractQueuedSynchronizer.java:2078)
        at java.util.concurrent.ScheduledThreadPoolExecutor$DelayedWorkQueue.take(ScheduledThreadPoolExecutor.java:1093)
        at java.util.concurrent.ScheduledThreadPoolExecutor$DelayedWorkQueue.take(ScheduledThreadPoolExecutor.java:809)
        at java.util.concurrent.ThreadPoolExecutor.getTask(ThreadPoolExecutor.java:1074)
        at java.util.concurrent.ThreadPoolExecutor.runWorker(ThreadPoolExecutor.java:1134)
        at java.util.concurrent.ThreadPoolExecutor$Worker.run(ThreadPoolExecutor.java:624)
        at java.lang.Thread.run(Thread.java:748)
"IPC Server handler 13 on default port 45789" daemon prio=5 tid=149 timed_waiting
java.lang.Thread.State: TIMED_WAITING
        at sun.misc.Unsafe.park(Native Method)
        at java.util.concurrent.locks.LockSupport.parkNanos(LockSupport.java:215)
        at java.util.concurrent.locks.AbstractQueuedSynchronizer$ConditionObject.awaitNanos(AbstractQueuedSynchronizer.java:2078)
        at java.util.concurrent.LinkedBlockingQueue.poll(LinkedBlockingQueue.java:467)
        at org.apache.hadoop.ipc.CallQueueManager.take(CallQueueManager.java:317)
        at org.apache.hadoop.ipc.Server$Handler.run(Server.java:2932)
"qtp1470711088-134" daemon prio=5 tid=134 timed_waiting
java.lang.Thread.State: TIMED_WAITING
        at sun.misc.Unsafe.park(Native Method)
        at java.util.concurrent.locks.LockSupport.parkNanos(LockSupport.java:215)
        at java.util.concurrent.locks.AbstractQueuedSynchronizer$ConditionObject.awaitNanos(AbstractQueuedSynchronizer.java:2078)
        at org.eclipse.jetty.util.BlockingArrayQueue.poll(BlockingArrayQueue.java:382)
        at org.eclipse.jetty.util.thread.QueuedThreadPool$Runner.idleJobPoll(QueuedThreadPool.java:974)
        at org.eclipse.jetty.util.thread.QueuedThreadPool$Runner.run(QueuedThreadPool.java:1018)
        at java.lang.Thread.run(Thread.java:748)
"om1@group-C5BA1605619E-StateMachineUpdater" daemon prio=5 tid=119 in Object.wait()
java.lang.Thread.State: WAITING (on object monitor)
        at java.lang.Object.wait(Native Method)
        at java.lang.Object.wait(Object.java:502)
        at org.apache.ratis.server.impl.StateMachineUpdater.waitForCommit(StateMachineUpdater.java:204)
        at org.apache.ratis.server.impl.StateMachineUpdater.run(StateMachineUpdater.java:173)
        at java.lang.Thread.run(Thread.java:748)
"IPC Server handler 19 on default port 41881" daemon prio=5 tid=92 timed_waiting
java.lang.Thread.State: TIMED_WAITING
        at sun.misc.Unsafe.park(Native Method)
        at java.util.concurrent.locks.LockSupport.parkNanos(LockSupport.java:215)
        at java.util.concurrent.locks.AbstractQueuedSynchronizer$ConditionObject.awaitNanos(AbstractQueuedSynchronizer.java:2078)
        at java.util.concurrent.LinkedBlockingQueue.poll(LinkedBlockingQueue.java:467)
        at org.apache.hadoop.ipc.CallQueueManager.take(CallQueueManager.java:317)
        at org.apache.hadoop.ipc.Server$Handler.run(Server.java:2932)
"PartialTableCache Cleanup Thread - 0" daemon prio=5 tid=374 in Object.wait()
java.lang.Thread.State: WAITING (on object monitor)
        at sun.misc.Unsafe.park(Native Method)
        at java.util.concurrent.locks.LockSupport.park(LockSupport.java:175)
        at java.util.concurrent.locks.AbstractQueuedSynchronizer$ConditionObject.await(AbstractQueuedSynchronizer.java:2039)
        at java.util.concurrent.LinkedBlockingQueue.take(LinkedBlockingQueue.java:442)
        at java.util.concurrent.ThreadPoolExecutor.getTask(ThreadPoolExecutor.java:1074)
        at java.util.concurrent.ThreadPoolExecutor.runWorker(ThreadPoolExecutor.java:1134)
        at java.util.concurrent.ThreadPoolExecutor$Worker.run(ThreadPoolExecutor.java:624)
        at java.lang.Thread.run(Thread.java:748)
"EventQueue-NodeRegistrationContainerReportForContainerSafeModeRule" daemon prio=5 tid=268 in Object.wait()
java.lang.Thread.State: WAITING (on object monitor)
        at sun.misc.Unsafe.park(Native Method)
        at java.util.concurrent.locks.LockSupport.park(LockSupport.java:175)
        at java.util.concurrent.locks.AbstractQueuedSynchronizer$ConditionObject.await(AbstractQueuedSynchronizer.java:2039)
        at java.util.concurrent.LinkedBlockingQueue.take(LinkedBlockingQueue.java:442)
        at java.util.concurrent.ThreadPoolExecutor.getTask(ThreadPoolExecutor.java:1074)
        at java.util.concurrent.ThreadPoolExecutor.runWorker(ThreadPoolExecutor.java:1134)
        at java.util.concurrent.ThreadPoolExecutor$Worker.run(ThreadPoolExecutor.java:624)
        at java.lang.Thread.run(Thread.java:748)
"qtp68500741-3327" daemon prio=5 tid=3327 timed_waiting
java.lang.Thread.State: TIMED_WAITING
        at sun.misc.Unsafe.park(Native Method)
        at java.util.concurrent.locks.LockSupport.parkNanos(LockSupport.java:215)
        at java.util.concurrent.locks.AbstractQueuedSynchronizer$ConditionObject.awaitNanos(AbstractQueuedSynchronizer.java:2078)
        at org.eclipse.jetty.util.BlockingArrayQueue.poll(BlockingArrayQueue.java:382)
        at org.eclipse.jetty.util.thread.QueuedThreadPool$Runner.idleJobPoll(QueuedThreadPool.java:974)
        at org.eclipse.jetty.util.thread.QueuedThreadPool$Runner.run(QueuedThreadPool.java:1018)
        at java.lang.Thread.run(Thread.java:748)
"pool-42-thread-1"  prio=5 tid=126 timed_waiting
java.lang.Thread.State: TIMED_WAITING
        at sun.misc.Unsafe.park(Native Method)
        at java.util.concurrent.locks.LockSupport.parkNanos(LockSupport.java:215)
        at java.util.concurrent.locks.AbstractQueuedSynchronizer$ConditionObject.awaitNanos(AbstractQueuedSynchronizer.java:2078)
        at java.util.concurrent.ScheduledThreadPoolExecutor$DelayedWorkQueue.take(ScheduledThreadPoolExecutor.java:1093)
        at java.util.concurrent.ScheduledThreadPoolExecutor$DelayedWorkQueue.take(ScheduledThreadPoolExecutor.java:809)
        at java.util.concurrent.ThreadPoolExecutor.getTask(ThreadPoolExecutor.java:1074)
        at java.util.concurrent.ThreadPoolExecutor.runWorker(ThreadPoolExecutor.java:1134)
        at java.util.concurrent.ThreadPoolExecutor$Worker.run(ThreadPoolExecutor.java:624)
        at java.lang.Thread.run(Thread.java:748)
"pool-433-thread-1" daemon prio=5 tid=3408 timed_waiting
java.lang.Thread.State: TIMED_WAITING
        at sun.misc.Unsafe.park(Native Method)
        at java.util.concurrent.locks.LockSupport.parkNanos(LockSupport.java:215)
        at java.util.concurrent.locks.AbstractQueuedSynchronizer$ConditionObject.awaitNanos(AbstractQueuedSynchronizer.java:2078)
        at java.util.concurrent.ScheduledThreadPoolExecutor$DelayedWorkQueue.take(ScheduledThreadPoolExecutor.java:1093)
        at java.util.concurrent.ScheduledThreadPoolExecutor$DelayedWorkQueue.take(ScheduledThreadPoolExecutor.java:809)
        at java.util.concurrent.ThreadPoolExecutor.getTask(ThreadPoolExecutor.java:1074)
        at java.util.concurrent.ThreadPoolExecutor.runWorker(ThreadPoolExecutor.java:1134)
        at java.util.concurrent.ThreadPoolExecutor$Worker.run(ThreadPoolExecutor.java:624)
        at java.lang.Thread.run(Thread.java:748)
"EventQueue-PipelineReportForPipelineReportHandler" daemon prio=5 tid=270 in Object.wait()
java.lang.Thread.State: WAITING (on object monitor)
        at sun.misc.Unsafe.park(Native Method)
        at java.util.concurrent.locks.LockSupport.park(LockSupport.java:175)
        at java.util.concurrent.locks.AbstractQueuedSynchronizer$ConditionObject.await(AbstractQueuedSynchronizer.java:2039)
        at java.util.concurrent.LinkedBlockingQueue.take(LinkedBlockingQueue.java:442)
        at java.util.concurrent.ThreadPoolExecutor.getTask(ThreadPoolExecutor.java:1074)
        at java.util.concurrent.ThreadPoolExecutor.runWorker(ThreadPoolExecutor.java:1134)
        at java.util.concurrent.ThreadPoolExecutor$Worker.run(ThreadPoolExecutor.java:624)
        at java.lang.Thread.run(Thread.java:748)
"IPC Server handler 18 on default port 38125" daemon prio=5 tid=51 timed_waiting
java.lang.Thread.State: TIMED_WAITING
        at sun.misc.Unsafe.park(Native Method)
        at java.util.concurrent.locks.LockSupport.parkNanos(LockSupport.java:215)
        at java.util.concurrent.locks.AbstractQueuedSynchronizer$ConditionObject.awaitNanos(AbstractQueuedSynchronizer.java:2078)
        at java.util.concurrent.LinkedBlockingQueue.poll(LinkedBlockingQueue.java:467)
        at org.apache.hadoop.ipc.CallQueueManager.take(CallQueueManager.java:317)
        at org.apache.hadoop.ipc.Server$Handler.run(Server.java:2932)
"qtp68500741-3323" daemon prio=5 tid=3323 timed_waiting
java.lang.Thread.State: TIMED_WAITING
        at sun.misc.Unsafe.park(Native Method)
        at java.util.concurrent.locks.LockSupport.parkNanos(LockSupport.java:215)
        at java.util.concurrent.locks.AbstractQueuedSynchronizer$ConditionObject.awaitNanos(AbstractQueuedSynchronizer.java:2078)
        at org.eclipse.jetty.util.BlockingArrayQueue.poll(BlockingArrayQueue.java:382)
        at org.eclipse.jetty.util.thread.QueuedThreadPool$Runner.idleJobPoll(QueuedThreadPool.java:974)
        at org.eclipse.jetty.util.thread.QueuedThreadPool$Runner.run(QueuedThreadPool.java:1018)
        at java.lang.Thread.run(Thread.java:748)
"Socket Reader #1 for port 0"  prio=5 tid=24 runnable
java.lang.Thread.State: RUNNABLE
        at sun.nio.ch.EPollArrayWrapper.epollWait(Native Method)
        at sun.nio.ch.EPollArrayWrapper.poll(EPollArrayWrapper.java:269)
        at sun.nio.ch.EPollSelectorImpl.doSelect(EPollSelectorImpl.java:93)
        at sun.nio.ch.SelectorImpl.lockAndDoSelect(SelectorImpl.java:86)
        at sun.nio.ch.SelectorImpl.select(SelectorImpl.java:97)
        at sun.nio.ch.SelectorImpl.select(SelectorImpl.java:101)
        at org.apache.hadoop.ipc.Server$Listener$Reader.doRunLoop(Server.java:1288)
        at org.apache.hadoop.ipc.Server$Listener$Reader.run(Server.java:1267)
"IPC Server handler 14 on default port 43391" daemon prio=5 tid=67 timed_waiting
java.lang.Thread.State: TIMED_WAITING
        at sun.misc.Unsafe.park(Native Method)
        at java.util.concurrent.locks.LockSupport.parkNanos(LockSupport.java:215)
        at java.util.concurrent.locks.AbstractQueuedSynchronizer$ConditionObject.awaitNanos(AbstractQueuedSynchronizer.java:2078)
        at java.util.concurrent.LinkedBlockingQueue.poll(LinkedBlockingQueue.java:467)
        at org.apache.hadoop.ipc.CallQueueManager.take(CallQueueManager.java:317)
        at org.apache.hadoop.ipc.Server$Handler.run(Server.java:2932)
"IPC Server handler 15 on default port 38125" daemon prio=5 tid=48 timed_waiting
java.lang.Thread.State: TIMED_WAITING
        at sun.misc.Unsafe.park(Native Method)
        at java.util.concurrent.locks.LockSupport.parkNanos(LockSupport.java:215)
        at java.util.concurrent.locks.AbstractQueuedSynchronizer$ConditionObject.awaitNanos(AbstractQueuedSynchronizer.java:2078)
        at java.util.concurrent.LinkedBlockingQueue.poll(LinkedBlockingQueue.java:467)
        at org.apache.hadoop.ipc.CallQueueManager.take(CallQueueManager.java:317)
        at org.apache.hadoop.ipc.Server$Handler.run(Server.java:2932)
"IPC Server handler 8 on default port 45789" daemon prio=5 tid=144 timed_waiting
java.lang.Thread.State: TIMED_WAITING
        at sun.misc.Unsafe.park(Native Method)
        at java.util.concurrent.locks.LockSupport.parkNanos(LockSupport.java:215)
        at java.util.concurrent.locks.AbstractQueuedSynchronizer$ConditionObject.awaitNanos(AbstractQueuedSynchronizer.java:2078)
        at java.util.concurrent.LinkedBlockingQueue.poll(LinkedBlockingQueue.java:467)
        at org.apache.hadoop.ipc.CallQueueManager.take(CallQueueManager.java:317)
        at org.apache.hadoop.ipc.Server$Handler.run(Server.java:2932)
"java.util.concurrent.ThreadPoolExecutor$Worker@20b8465f[State = -1, empty queue]" daemon prio=5 tid=315 timed_waiting
java.lang.Thread.State: TIMED_WAITING
        at sun.misc.Unsafe.park(Native Method)
        at java.util.concurrent.locks.LockSupport.parkNanos(LockSupport.java:215)
        at java.util.concurrent.locks.AbstractQueuedSynchronizer$ConditionObject.awaitNanos(AbstractQueuedSynchronizer.java:2078)
        at java.util.concurrent.ScheduledThreadPoolExecutor$DelayedWorkQueue.take(ScheduledThreadPoolExecutor.java:1093)
        at java.util.concurrent.ScheduledThreadPoolExecutor$DelayedWorkQueue.take(ScheduledThreadPoolExecutor.java:809)
        at java.util.concurrent.ThreadPoolExecutor.getTask(ThreadPoolExecutor.java:1074)
        at java.util.concurrent.ThreadPoolExecutor.runWorker(ThreadPoolExecutor.java:1134)
        at java.util.concurrent.ThreadPoolExecutor$Worker.run(ThreadPoolExecutor.java:624)
        at java.lang.Thread.run(Thread.java:748)
"EventQueue-NodeRegistrationContainerReportForDataNodeSafeModeRule" daemon prio=5 tid=269 in Object.wait()
java.lang.Thread.State: WAITING (on object monitor)
        at sun.misc.Unsafe.park(Native Method)
        at java.util.concurrent.locks.LockSupport.park(LockSupport.java:175)
        at java.util.concurrent.locks.AbstractQueuedSynchronizer$ConditionObject.await(AbstractQueuedSynchronizer.java:2039)
        at java.util.concurrent.LinkedBlockingQueue.take(LinkedBlockingQueue.java:442)
        at java.util.concurrent.ThreadPoolExecutor.getTask(ThreadPoolExecutor.java:1074)
        at java.util.concurrent.ThreadPoolExecutor.runWorker(ThreadPoolExecutor.java:1134)
        at java.util.concurrent.ThreadPoolExecutor$Worker.run(ThreadPoolExecutor.java:624)
        at java.lang.Thread.run(Thread.java:748)
"EventQueue-ContainerReportForContainerReportHandler" daemon prio=5 tid=3364 in Object.wait()
java.lang.Thread.State: WAITING (on object monitor)
        at sun.misc.Unsafe.park(Native Method)
        at java.util.concurrent.locks.LockSupport.park(LockSupport.java:175)
        at java.util.concurrent.locks.AbstractQueuedSynchronizer$ConditionObject.await(AbstractQueuedSynchronizer.java:2039)
        at java.util.concurrent.LinkedBlockingQueue.take(LinkedBlockingQueue.java:442)
        at java.util.concurrent.ThreadPoolExecutor.getTask(ThreadPoolExecutor.java:1074)
        at java.util.concurrent.ThreadPoolExecutor.runWorker(ThreadPoolExecutor.java:1134)
        at java.util.concurrent.ThreadPoolExecutor$Worker.run(ThreadPoolExecutor.java:624)
        at java.lang.Thread.run(Thread.java:748)
"qtp2126024846-3419" daemon prio=5 tid=3419 timed_waiting
java.lang.Thread.State: TIMED_WAITING
        at sun.misc.Unsafe.park(Native Method)
        at java.util.concurrent.locks.LockSupport.parkNanos(LockSupport.java:215)
        at java.util.concurrent.locks.AbstractQueuedSynchronizer$ConditionObject.awaitNanos(AbstractQueuedSynchronizer.java:2078)
        at org.eclipse.jetty.util.BlockingArrayQueue.poll(BlockingArrayQueue.java:382)
        at org.eclipse.jetty.util.thread.QueuedThreadPool$Runner.idleJobPoll(QueuedThreadPool.java:974)
        at org.eclipse.jetty.util.thread.QueuedThreadPool$Runner.run(QueuedThreadPool.java:1018)
        at java.lang.Thread.run(Thread.java:748)
"IPC Server handler 17 on default port 45789" daemon prio=5 tid=153 timed_waiting
java.lang.Thread.State: TIMED_WAITING
        at sun.misc.Unsafe.park(Native Method)
        at java.util.concurrent.locks.LockSupport.parkNanos(LockSupport.java:215)
        at java.util.concurrent.locks.AbstractQueuedSynchronizer$ConditionObject.awaitNanos(AbstractQueuedSynchronizer.java:2078)
        at java.util.concurrent.LinkedBlockingQueue.poll(LinkedBlockingQueue.java:467)
        at org.apache.hadoop.ipc.CallQueueManager.take(CallQueueManager.java:317)
        at org.apache.hadoop.ipc.Server$Handler.run(Server.java:2932)
"Datanode ReportManager Thread - 0" daemon prio=5 tid=202 in Object.wait()
java.lang.Thread.State: WAITING (on object monitor)
        at sun.misc.Unsafe.park(Native Method)
        at java.util.concurrent.locks.LockSupport.park(LockSupport.java:175)
        at java.util.concurrent.locks.AbstractQueuedSynchronizer$ConditionObject.await(AbstractQueuedSynchronizer.java:2039)
        at java.util.concurrent.ScheduledThreadPoolExecutor$DelayedWorkQueue.take(ScheduledThreadPoolExecutor.java:1088)
        at java.util.concurrent.ScheduledThreadPoolExecutor$DelayedWorkQueue.take(ScheduledThreadPoolExecutor.java:809)
        at java.util.concurrent.ThreadPoolExecutor.getTask(ThreadPoolExecutor.java:1074)
        at java.util.concurrent.ThreadPoolExecutor.runWorker(ThreadPoolExecutor.java:1134)
        at java.util.concurrent.ThreadPoolExecutor$Worker.run(ThreadPoolExecutor.java:624)
        at java.lang.Thread.run(Thread.java:748)
"qtp68500741-3324" daemon prio=5 tid=3324 timed_waiting
java.lang.Thread.State: TIMED_WAITING
        at sun.misc.Unsafe.park(Native Method)
        at java.util.concurrent.locks.LockSupport.parkNanos(LockSupport.java:215)
        at java.util.concurrent.locks.AbstractQueuedSynchronizer$ConditionObject.awaitNanos(AbstractQueuedSynchronizer.java:2078)
        at org.eclipse.jetty.util.BlockingArrayQueue.poll(BlockingArrayQueue.java:382)
        at org.eclipse.jetty.util.thread.QueuedThreadPool$Runner.idleJobPoll(QueuedThreadPool.java:974)
        at org.eclipse.jetty.util.thread.QueuedThreadPool$Runner.run(QueuedThreadPool.java:1018)
        at java.lang.Thread.run(Thread.java:748)
"OM StateMachine ApplyTransaction Thread - 0" daemon prio=5 tid=329 in Object.wait()
java.lang.Thread.State: WAITING (on object monitor)
        at sun.misc.Unsafe.park(Native Method)
        at java.util.concurrent.locks.LockSupport.park(LockSupport.java:175)
        at java.util.concurrent.locks.AbstractQueuedSynchronizer$ConditionObject.await(AbstractQueuedSynchronizer.java:2039)
        at java.util.concurrent.LinkedBlockingQueue.take(LinkedBlockingQueue.java:442)
        at java.util.concurrent.ThreadPoolExecutor.getTask(ThreadPoolExecutor.java:1074)
        at java.util.concurrent.ThreadPoolExecutor.runWorker(ThreadPoolExecutor.java:1134)
        at java.util.concurrent.ThreadPoolExecutor$Worker.run(ThreadPoolExecutor.java:624)
        at java.lang.Thread.run(Thread.java:748)
"pool-456-thread-1"  prio=5 tid=3413 timed_waiting
java.lang.Thread.State: TIMED_WAITING
        at sun.misc.Unsafe.park(Native Method)
        at java.util.concurrent.locks.LockSupport.parkNanos(LockSupport.java:215)
        at java.util.concurrent.locks.AbstractQueuedSynchronizer$ConditionObject.awaitNanos(AbstractQueuedSynchronizer.java:2078)
        at java.util.concurrent.ScheduledThreadPoolExecutor$DelayedWorkQueue.take(ScheduledThreadPoolExecutor.java:1093)
        at java.util.concurrent.ScheduledThreadPoolExecutor$DelayedWorkQueue.take(ScheduledThreadPoolExecutor.java:809)
        at java.util.concurrent.ThreadPoolExecutor.getTask(ThreadPoolExecutor.java:1074)
        at java.util.concurrent.ThreadPoolExecutor.runWorker(ThreadPoolExecutor.java:1134)
        at java.util.concurrent.ThreadPoolExecutor$Worker.run(ThreadPoolExecutor.java:624)
        at java.lang.Thread.run(Thread.java:748)
"Periodic HDDS volume checker" daemon prio=5 tid=3406 timed_waiting
java.lang.Thread.State: TIMED_WAITING
        at sun.misc.Unsafe.park(Native Method)
        at java.util.concurrent.locks.LockSupport.parkNanos(LockSupport.java:215)
        at java.util.concurrent.locks.AbstractQueuedSynchronizer$ConditionObject.awaitNanos(AbstractQueuedSynchronizer.java:2078)
        at java.util.concurrent.ScheduledThreadPoolExecutor$DelayedWorkQueue.take(ScheduledThreadPoolExecutor.java:1093)
        at java.util.concurrent.ScheduledThreadPoolExecutor$DelayedWorkQueue.take(ScheduledThreadPoolExecutor.java:809)
        at java.util.concurrent.ThreadPoolExecutor.getTask(ThreadPoolExecutor.java:1074)
        at java.util.concurrent.ThreadPoolExecutor.runWorker(ThreadPoolExecutor.java:1134)
        at java.util.concurrent.ThreadPoolExecutor$Worker.run(ThreadPoolExecutor.java:624)
        at java.lang.Thread.run(Thread.java:748)
"IPC Server handler 13 on default port 41881" daemon prio=5 tid=86 timed_waiting
java.lang.Thread.State: TIMED_WAITING
        at sun.misc.Unsafe.park(Native Method)
        at java.util.concurrent.locks.LockSupport.parkNanos(LockSupport.java:215)
        at java.util.concurrent.locks.AbstractQueuedSynchronizer$ConditionObject.awaitNanos(AbstractQueuedSynchronizer.java:2078)
        at java.util.concurrent.LinkedBlockingQueue.poll(LinkedBlockingQueue.java:467)
        at org.apache.hadoop.ipc.CallQueueManager.take(CallQueueManager.java:317)
        at org.apache.hadoop.ipc.Server$Handler.run(Server.java:2932)
"IPC Server handler 8 on default port 38125" daemon prio=5 tid=41 timed_waiting
java.lang.Thread.State: TIMED_WAITING
        at sun.misc.Unsafe.park(Native Method)
        at java.util.concurrent.locks.LockSupport.parkNanos(LockSupport.java:215)
        at java.util.concurrent.locks.AbstractQueuedSynchronizer$ConditionObject.awaitNanos(AbstractQueuedSynchronizer.java:2078)
        at java.util.concurrent.LinkedBlockingQueue.poll(LinkedBlockingQueue.java:467)
        at org.apache.hadoop.ipc.CallQueueManager.take(CallQueueManager.java:317)
        at org.apache.hadoop.ipc.Server$Handler.run(Server.java:2932)
"IPC Server handler 9 on default port 45789" daemon prio=5 tid=145 timed_waiting
java.lang.Thread.State: TIMED_WAITING
        at sun.misc.Unsafe.park(Native Method)
        at java.util.concurrent.locks.LockSupport.parkNanos(LockSupport.java:215)
        at java.util.concurrent.locks.AbstractQueuedSynchronizer$ConditionObject.awaitNanos(AbstractQueuedSynchronizer.java:2078)
        at java.util.concurrent.LinkedBlockingQueue.poll(LinkedBlockingQueue.java:467)
        at org.apache.hadoop.ipc.CallQueueManager.take(CallQueueManager.java:317)
        at org.apache.hadoop.ipc.Server$Handler.run(Server.java:2932)
"IPC Server handler 3 on default port 38125" daemon prio=5 tid=36 timed_waiting
java.lang.Thread.State: TIMED_WAITING
        at sun.misc.Unsafe.park(Native Method)
        at java.util.concurrent.locks.LockSupport.parkNanos(LockSupport.java:215)
        at java.util.concurrent.locks.AbstractQueuedSynchronizer$ConditionObject.awaitNanos(AbstractQueuedSynchronizer.java:2078)
        at java.util.concurrent.LinkedBlockingQueue.poll(LinkedBlockingQueue.java:467)
        at org.apache.hadoop.ipc.CallQueueManager.take(CallQueueManager.java:317)
        at org.apache.hadoop.ipc.Server$Handler.run(Server.java:2932)
"Datanode State Machine Daemon Thread" daemon prio=5 tid=3333 timed_waiting
java.lang.Thread.State: TIMED_WAITING
        at java.lang.Thread.sleep(Native Method)
        at org.apache.hadoop.ozone.container.common.statemachine.DatanodeStateMachine.start(DatanodeStateMachine.java:295)
        at org.apache.hadoop.ozone.container.common.statemachine.DatanodeStateMachine.lambda$startDaemon$0(DatanodeStateMachine.java:468)
        at org.apache.hadoop.ozone.container.common.statemachine.DatanodeStateMachine$$Lambda$570/549102827.run(Unknown Source)
        at java.lang.Thread.run(Thread.java:748)
"Datanode ReportManager Thread - 1" daemon prio=5 tid=228 in Object.wait()
java.lang.Thread.State: WAITING (on object monitor)
        at sun.misc.Unsafe.park(Native Method)
        at java.util.concurrent.locks.LockSupport.park(LockSupport.java:175)
        at java.util.concurrent.locks.AbstractQueuedSynchronizer$ConditionObject.await(AbstractQueuedSynchronizer.java:2039)
        at java.util.concurrent.ScheduledThreadPoolExecutor$DelayedWorkQueue.take(ScheduledThreadPoolExecutor.java:1088)
        at java.util.concurrent.ScheduledThreadPoolExecutor$DelayedWorkQueue.take(ScheduledThreadPoolExecutor.java:809)
        at java.util.concurrent.ThreadPoolExecutor.getTask(ThreadPoolExecutor.java:1074)
        at java.util.concurrent.ThreadPoolExecutor.runWorker(ThreadPoolExecutor.java:1134)
        at java.util.concurrent.ThreadPoolExecutor$Worker.run(ThreadPoolExecutor.java:624)
        at java.lang.Thread.run(Thread.java:748)
"IPC Server handler 1 on default port 38125" daemon prio=5 tid=34 timed_waiting
java.lang.Thread.State: TIMED_WAITING
        at sun.misc.Unsafe.park(Native Method)
        at java.util.concurrent.locks.LockSupport.parkNanos(LockSupport.java:215)
        at java.util.concurrent.locks.AbstractQueuedSynchronizer$ConditionObject.awaitNanos(AbstractQueuedSynchronizer.java:2078)
        at java.util.concurrent.LinkedBlockingQueue.poll(LinkedBlockingQueue.java:467)
        at org.apache.hadoop.ipc.CallQueueManager.take(CallQueueManager.java:317)
        at org.apache.hadoop.ipc.Server$Handler.run(Server.java:2932)
"PartialTableCache Cleanup Thread - 0" daemon prio=5 tid=1092 in Object.wait()
java.lang.Thread.State: WAITING (on object monitor)
        at sun.misc.Unsafe.park(Native Method)
        at java.util.concurrent.locks.LockSupport.park(LockSupport.java:175)
        at java.util.concurrent.locks.AbstractQueuedSynchronizer$ConditionObject.await(AbstractQueuedSynchronizer.java:2039)
        at java.util.concurrent.LinkedBlockingQueue.take(LinkedBlockingQueue.java:442)
        at java.util.concurrent.ThreadPoolExecutor.getTask(ThreadPoolExecutor.java:1074)
        at java.util.concurrent.ThreadPoolExecutor.runWorker(ThreadPoolExecutor.java:1134)
        at java.util.concurrent.ThreadPoolExecutor$Worker.run(ThreadPoolExecutor.java:624)
        at java.lang.Thread.run(Thread.java:748)
"Listener at 127.0.0.1/45789"  prio=5 tid=1 runnable
java.lang.Thread.State: RUNNABLE
        at java.lang.Thread.dumpThreads(Native Method)
        at java.lang.Thread.getAllStackTraces(Thread.java:1610)
        at org.apache.ozone.test.TimedOutTestsListener.buildThreadDump(TimedOutTestsListener.java:93)
        at org.apache.ozone.test.TimedOutTestsListener.buildThreadDiagnosticString(TimedOutTestsListener.java:79)
        at org.apache.ozone.test.GenericTestUtils.waitFor(GenericTestUtils.java:225)
        at org.apache.hadoop.ozone.MiniOzoneClusterImpl.waitForHddsDatanodesStop(MiniOzoneClusterImpl.java:385)
        at org.apache.hadoop.ozone.MiniOzoneClusterImpl.restartHddsDatanode(MiniOzoneClusterImpl.java:417)
        at org.apache.hadoop.ozone.MiniOzoneClusterImpl.restartHddsDatanode(MiniOzoneClusterImpl.java:433)
        at org.apache.hadoop.ozone.client.rpc.TestOzoneRpcClientAbstract.testZReadKeyWithUnhealthyContainerReplica(TestOzoneRpcClientAbstract.java:1596)
        at sun.reflect.NativeMethodAccessorImpl.invoke0(Native Method)
        at sun.reflect.NativeMethodAccessorImpl.invoke(NativeMethodAccessorImpl.java:62)
        at sun.reflect.DelegatingMethodAccessorImpl.invoke(DelegatingMethodAccessorImpl.java:43)
        at java.lang.reflect.Method.invoke(Method.java:498)
        at org.junit.runners.model.FrameworkMethod$1.runReflectiveCall(FrameworkMethod.java:59)
        at org.junit.internal.runners.model.ReflectiveCallable.run(ReflectiveCallable.java:12)
        at org.junit.runners.model.FrameworkMethod.invokeExplosively(FrameworkMethod.java:56)
        at org.junit.internal.runners.statements.InvokeMethod.evaluate(InvokeMethod.java:17)
        at org.junit.runners.ParentRunner$3.evaluate(ParentRunner.java:306)
        at org.junit.runners.BlockJUnit4ClassRunner$1.evaluate(BlockJUnit4ClassRunner.java:100)
        at org.junit.runners.ParentRunner.runLeaf(ParentRunner.java:366)
        at org.junit.runners.BlockJUnit4ClassRunner.runChild(BlockJUnit4ClassRunner.java:103)
        at org.junit.runners.BlockJUnit4ClassRunner.runChild(BlockJUnit4ClassRunner.java:63)
        at org.junit.runners.ParentRunner$4.run(ParentRunner.java:331)
        at org.junit.runners.ParentRunner$1.schedule(ParentRunner.java:79)
        at org.junit.runners.ParentRunner.runChildren(ParentRunner.java:329)
        at org.junit.runners.ParentRunner.access$100(ParentRunner.java:66)
        at org.junit.runners.ParentRunner$2.evaluate(ParentRunner.java:293)
        at org.junit.internal.runners.statements.RunBefores.evaluate(RunBefores.java:26)
        at org.junit.internal.runners.statements.RunAfters.evaluate(RunAfters.java:27)
        at org.junit.runners.ParentRunner$3.evaluate(ParentRunner.java:306)
        at org.junit.runners.ParentRunner.run(ParentRunner.java:413)
        at org.junit.runner.JUnitCore.run(JUnitCore.java:137)
        at org.junit.runner.JUnitCore.run(JUnitCore.java:115)
        at org.junit.vintage.engine.execution.RunnerExecutor.execute(RunnerExecutor.java:43)
        at org.junit.vintage.engine.VintageTestEngine$$Lambda$194/653337757.accept(Unknown Source)
        at java.util.stream.ForEachOps$ForEachOp$OfRef.accept(ForEachOps.java:183)
        at java.util.stream.ReferencePipeline$3$1.accept(ReferencePipeline.java:193)
        at java.util.Iterator.forEachRemaining(Iterator.java:116)
        at java.util.Spliterators$IteratorSpliterator.forEachRemaining(Spliterators.java:1801)
        at java.util.stream.AbstractPipeline.copyInto(AbstractPipeline.java:482)
        at java.util.stream.AbstractPipeline.wrapAndCopyInto(AbstractPipeline.java:472)
        at java.util.stream.ForEachOps$ForEachOp.evaluateSequential(ForEachOps.java:150)
        at java.util.stream.ForEachOps$ForEachOp$OfRef.evaluateSequential(ForEachOps.java:173)
        at java.util.stream.AbstractPipeline.evaluate(AbstractPipeline.java:234)
        at java.util.stream.ReferencePipeline.forEach(ReferencePipeline.java:485)
        at org.junit.vintage.engine.VintageTestEngine.executeAllChildren(VintageTestEngine.java:82)
        at org.junit.vintage.engine.VintageTestEngine.execute(VintageTestEngine.java:73)
        at org.junit.platform.launcher.core.EngineExecutionOrchestrator.execute(EngineExecutionOrchestrator.java:108)
        at org.junit.platform.launcher.core.EngineExecutionOrchestrator.execute(EngineExecutionOrchestrator.java:88)
        at org.junit.platform.launcher.core.EngineExecutionOrchestrator.lambda$execute$0(EngineExecutionOrchestrator.java:54)
        at org.junit.platform.launcher.core.EngineExecutionOrchestrator$$Lambda$142/1533672820.accept(Unknown Source)
        at org.junit.platform.launcher.core.EngineExecutionOrchestrator.withInterceptedStreams(EngineExecutionOrchestrator.java:67)
        at org.junit.platform.launcher.core.EngineExecutionOrchestrator.execute(EngineExecutionOrchestrator.java:52)
        at org.junit.platform.launcher.core.DefaultLauncher.execute(DefaultLauncher.java:96)
        at org.junit.platform.launcher.core.DefaultLauncher.execute(DefaultLauncher.java:75)
        at org.apache.maven.surefire.junitplatform.JUnitPlatformProvider.invokeAllTests(JUnitPlatformProvider.java:142)
        at org.apache.maven.surefire.junitplatform.JUnitPlatformProvider.invoke(JUnitPlatformProvider.java:113)
        at org.apache.maven.surefire.booter.ForkedBooter.invokeProviderInSameClassLoader(ForkedBooter.java:384)
        at org.apache.maven.surefire.booter.ForkedBooter.runSuitesInProcess(ForkedBooter.java:345)
        at org.apache.maven.surefire.booter.ForkedBooter.execute(ForkedBooter.java:126)
        at org.apache.maven.surefire.booter.ForkedBooter.main(ForkedBooter.java:418)
"BlockDeletingService#0" daemon prio=5 tid=3356 in Object.wait()
java.lang.Thread.State: WAITING (on object monitor)
        at sun.misc.Unsafe.park(Native Method)
        at java.util.concurrent.locks.LockSupport.park(LockSupport.java:175)
        at java.util.concurrent.locks.AbstractQueuedSynchronizer$ConditionObject.await(AbstractQueuedSynchronizer.java:2039)
        at java.util.concurrent.ScheduledThreadPoolExecutor$DelayedWorkQueue.take(ScheduledThreadPoolExecutor.java:1081)
        at java.util.concurrent.ScheduledThreadPoolExecutor$DelayedWorkQueue.take(ScheduledThreadPoolExecutor.java:809)
        at java.util.concurrent.ThreadPoolExecutor.getTask(ThreadPoolExecutor.java:1074)
        at java.util.concurrent.ThreadPoolExecutor.runWorker(ThreadPoolExecutor.java:1134)
        at java.util.concurrent.ThreadPoolExecutor$Worker.run(ThreadPoolExecutor.java:624)
        at java.lang.Thread.run(Thread.java:748)
"EventQueue-NodeReportForNodeReportHandler" daemon prio=5 tid=3388 in Object.wait()
java.lang.Thread.State: WAITING (on object monitor)
        at sun.misc.Unsafe.park(Native Method)
        at java.util.concurrent.locks.LockSupport.park(LockSupport.java:175)
        at java.util.concurrent.locks.AbstractQueuedSynchronizer$ConditionObject.await(AbstractQueuedSynchronizer.java:2039)
        at java.util.concurrent.LinkedBlockingQueue.take(LinkedBlockingQueue.java:442)
        at java.util.concurrent.ThreadPoolExecutor.getTask(ThreadPoolExecutor.java:1074)
        at java.util.concurrent.ThreadPoolExecutor.runWorker(ThreadPoolExecutor.java:1134)
        at java.util.concurrent.ThreadPoolExecutor$Worker.run(ThreadPoolExecutor.java:624)
        at java.lang.Thread.run(Thread.java:748)
"IPC Server handler 12 on default port 43391" daemon prio=5 tid=65 timed_waiting
java.lang.Thread.State: TIMED_WAITING
        at sun.misc.Unsafe.park(Native Method)
        at java.util.concurrent.locks.LockSupport.parkNanos(LockSupport.java:215)
        at java.util.concurrent.locks.AbstractQueuedSynchronizer$ConditionObject.awaitNanos(AbstractQueuedSynchronizer.java:2078)
        at java.util.concurrent.LinkedBlockingQueue.poll(LinkedBlockingQueue.java:467)
        at org.apache.hadoop.ipc.CallQueueManager.take(CallQueueManager.java:317)
        at org.apache.hadoop.ipc.Server$Handler.run(Server.java:2932)
"Datanode ReportManager Thread - 3" daemon prio=5 tid=3427 timed_waiting
java.lang.Thread.State: TIMED_WAITING
        at sun.misc.Unsafe.park(Native Method)
        at java.util.concurrent.locks.LockSupport.parkNanos(LockSupport.java:215)
        at java.util.concurrent.locks.AbstractQueuedSynchronizer$ConditionObject.awaitNanos(AbstractQueuedSynchronizer.java:2078)
        at java.util.concurrent.ScheduledThreadPoolExecutor$DelayedWorkQueue.take(ScheduledThreadPoolExecutor.java:1093)
        at java.util.concurrent.ScheduledThreadPoolExecutor$DelayedWorkQueue.take(ScheduledThreadPoolExecutor.java:809)
        at java.util.concurrent.ThreadPoolExecutor.getTask(ThreadPoolExecutor.java:1074)
        at java.util.concurrent.ThreadPoolExecutor.runWorker(ThreadPoolExecutor.java:1134)
        at java.util.concurrent.ThreadPoolExecutor$Worker.run(ThreadPoolExecutor.java:624)
        at java.lang.Thread.run(Thread.java:748)
"IPC Server Responder" daemon prio=5 tid=30 runnable
java.lang.Thread.State: RUNNABLE
        at sun.nio.ch.EPollArrayWrapper.epollWait(Native Method)
        at sun.nio.ch.EPollArrayWrapper.poll(EPollArrayWrapper.java:269)
        at sun.nio.ch.EPollSelectorImpl.doSelect(EPollSelectorImpl.java:93)
        at sun.nio.ch.SelectorImpl.lockAndDoSelect(SelectorImpl.java:86)
        at sun.nio.ch.SelectorImpl.select(SelectorImpl.java:97)
        at org.apache.hadoop.ipc.Server$Responder.doRunLoop(Server.java:1527)
        at org.apache.hadoop.ipc.Server$Responder.run(Server.java:1510)
"Timer-0"  prio=5 tid=123 timed_waiting
java.lang.Thread.State: TIMED_WAITING
        at java.lang.Object.wait(Native Method)
        at java.util.TimerThread.mainLoop(Timer.java:552)
        at java.util.TimerThread.run(Timer.java:505)
"EndpointStateMachine task thread for /0.0.0.0:41881 - 0 "  prio=5 tid=3346 in Object.wait()
java.lang.Thread.State: WAITING (on object monitor)
        at sun.misc.Unsafe.park(Native Method)
        at java.util.concurrent.locks.LockSupport.park(LockSupport.java:175)
        at java.util.concurrent.locks.AbstractQueuedSynchronizer$ConditionObject.await(AbstractQueuedSynchronizer.java:2039)
        at java.util.concurrent.LinkedBlockingQueue.take(LinkedBlockingQueue.java:442)
        at java.util.concurrent.ThreadPoolExecutor.getTask(ThreadPoolExecutor.java:1074)
        at java.util.concurrent.ThreadPoolExecutor.runWorker(ThreadPoolExecutor.java:1134)
        at java.util.concurrent.ThreadPoolExecutor$Worker.run(ThreadPoolExecutor.java:624)
        at java.lang.Thread.run(Thread.java:748)
"qtp685606790-96" daemon prio=5 tid=96 runnable
java.lang.Thread.State: RUNNABLE
        at sun.nio.ch.EPollArrayWrapper.epollWait(Native Method)
        at sun.nio.ch.EPollArrayWrapper.poll(EPollArrayWrapper.java:269)
        at sun.nio.ch.EPollSelectorImpl.doSelect(EPollSelectorImpl.java:93)
        at sun.nio.ch.SelectorImpl.lockAndDoSelect(SelectorImpl.java:86)
        at sun.nio.ch.SelectorImpl.select(SelectorImpl.java:97)
        at sun.nio.ch.SelectorImpl.select(SelectorImpl.java:101)
        at org.eclipse.jetty.io.ManagedSelector.nioSelect(ManagedSelector.java:183)
        at org.eclipse.jetty.io.ManagedSelector.select(ManagedSelector.java:190)
        at org.eclipse.jetty.io.ManagedSelector$SelectorProducer.select(ManagedSelector.java:606)
        at org.eclipse.jetty.io.ManagedSelector$SelectorProducer.produce(ManagedSelector.java:543)
        at org.eclipse.jetty.util.thread.strategy.EatWhatYouKill.produceTask(EatWhatYouKill.java:362)
        at org.eclipse.jetty.util.thread.strategy.EatWhatYouKill.doProduce(EatWhatYouKill.java:186)
        at org.eclipse.jetty.util.thread.strategy.EatWhatYouKill.tryProduce(EatWhatYouKill.java:173)
        at org.eclipse.jetty.util.thread.strategy.EatWhatYouKill.produce(EatWhatYouKill.java:137)
        at org.eclipse.jetty.io.ManagedSelector$$Lambda$312/343688483.run(Unknown Source)
        at org.eclipse.jetty.util.thread.QueuedThreadPool.runJob(QueuedThreadPool.java:883)
        at org.eclipse.jetty.util.thread.QueuedThreadPool$Runner.run(QueuedThreadPool.java:1034)
        at java.lang.Thread.run(Thread.java:748)
"Datanode ReportManager Thread - 2" daemon prio=5 tid=177 in Object.wait()
java.lang.Thread.State: WAITING (on object monitor)
        at sun.misc.Unsafe.park(Native Method)
        at java.util.concurrent.locks.LockSupport.park(LockSupport.java:175)
        at java.util.concurrent.locks.AbstractQueuedSynchronizer$ConditionObject.await(AbstractQueuedSynchronizer.java:2039)
        at java.util.concurrent.ScheduledThreadPoolExecutor$DelayedWorkQueue.take(ScheduledThreadPoolExecutor.java:1088)
        at java.util.concurrent.ScheduledThreadPoolExecutor$DelayedWorkQueue.take(ScheduledThreadPoolExecutor.java:809)
        at java.util.concurrent.ThreadPoolExecutor.getTask(ThreadPoolExecutor.java:1074)
        at java.util.concurrent.ThreadPoolExecutor.runWorker(ThreadPoolExecutor.java:1134)
        at java.util.concurrent.ThreadPoolExecutor$Worker.run(ThreadPoolExecutor.java:624)
        at java.lang.Thread.run(Thread.java:748)
"IPC Server handler 7 on default port 38125" daemon prio=5 tid=40 timed_waiting
java.lang.Thread.State: TIMED_WAITING
        at sun.misc.Unsafe.park(Native Method)
        at java.util.concurrent.locks.LockSupport.parkNanos(LockSupport.java:215)
        at java.util.concurrent.locks.AbstractQueuedSynchronizer$ConditionObject.awaitNanos(AbstractQueuedSynchronizer.java:2078)
        at java.util.concurrent.LinkedBlockingQueue.poll(LinkedBlockingQueue.java:467)
        at org.apache.hadoop.ipc.CallQueueManager.take(CallQueueManager.java:317)
        at org.apache.hadoop.ipc.Server$Handler.run(Server.java:2932)
"qtp2126024846-3416" daemon prio=5 tid=3416 timed_waiting
java.lang.Thread.State: TIMED_WAITING
        at sun.misc.Unsafe.park(Native Method)
        at java.util.concurrent.locks.LockSupport.parkNanos(LockSupport.java:215)
        at java.util.concurrent.locks.AbstractQueuedSynchronizer$ConditionObject.awaitNanos(AbstractQueuedSynchronizer.java:2078)
        at org.eclipse.jetty.util.BlockingArrayQueue.poll(BlockingArrayQueue.java:382)
        at org.eclipse.jetty.util.thread.QueuedThreadPool$Runner.idleJobPoll(QueuedThreadPool.java:974)
        at org.eclipse.jetty.util.thread.QueuedThreadPool$Runner.run(QueuedThreadPool.java:1018)
        at java.lang.Thread.run(Thread.java:748)
"pool-411-thread-1"  prio=5 tid=3313 in Object.wait()
java.lang.Thread.State: WAITING (on object monitor)
        at sun.misc.Unsafe.park(Native Method)
        at java.util.concurrent.locks.LockSupport.park(LockSupport.java:175)
        at java.util.concurrent.locks.AbstractQueuedSynchronizer$ConditionObject.await(AbstractQueuedSynchronizer.java:2039)
        at java.util.concurrent.LinkedBlockingQueue.take(LinkedBlockingQueue.java:442)
        at java.util.concurrent.ThreadPoolExecutor.getTask(ThreadPoolExecutor.java:1074)
        at java.util.concurrent.ThreadPoolExecutor.runWorker(ThreadPoolExecutor.java:1134)
        at java.util.concurrent.ThreadPoolExecutor$Worker.run(ThreadPoolExecutor.java:624)
        at java.lang.Thread.run(Thread.java:748)
"Datanode ReportManager Thread - 1" daemon prio=5 tid=176 in Object.wait()
java.lang.Thread.State: WAITING (on object monitor)
        at sun.misc.Unsafe.park(Native Method)
        at java.util.concurrent.locks.LockSupport.park(LockSupport.java:175)
        at java.util.concurrent.locks.AbstractQueuedSynchronizer$ConditionObject.await(AbstractQueuedSynchronizer.java:2039)
        at java.util.concurrent.ScheduledThreadPoolExecutor$DelayedWorkQueue.take(ScheduledThreadPoolExecutor.java:1088)
        at java.util.concurrent.ScheduledThreadPoolExecutor$DelayedWorkQueue.take(ScheduledThreadPoolExecutor.java:809)
        at java.util.concurrent.ThreadPoolExecutor.getTask(ThreadPoolExecutor.java:1074)
        at java.util.concurrent.ThreadPoolExecutor.runWorker(ThreadPoolExecutor.java:1134)
        at java.util.concurrent.ThreadPoolExecutor$Worker.run(ThreadPoolExecutor.java:624)
        at java.lang.Thread.run(Thread.java:748)
"IPC Server handler 13 on default port 38125" daemon prio=5 tid=46 timed_waiting
java.lang.Thread.State: TIMED_WAITING
        at sun.misc.Unsafe.park(Native Method)
        at java.util.concurrent.locks.LockSupport.parkNanos(LockSupport.java:215)
        at java.util.concurrent.locks.AbstractQueuedSynchronizer$ConditionObject.awaitNanos(AbstractQueuedSynchronizer.java:2078)
        at java.util.concurrent.LinkedBlockingQueue.poll(LinkedBlockingQueue.java:467)
        at org.apache.hadoop.ipc.CallQueueManager.take(CallQueueManager.java:317)
        at org.apache.hadoop.ipc.Server$Handler.run(Server.java:2932)
"IPC Server handler 8 on default port 41881" daemon prio=5 tid=81 timed_waiting
java.lang.Thread.State: TIMED_WAITING
        at sun.misc.Unsafe.park(Native Method)
        at java.util.concurrent.locks.LockSupport.parkNanos(LockSupport.java:215)
        at java.util.concurrent.locks.AbstractQueuedSynchronizer$ConditionObject.awaitNanos(AbstractQueuedSynchronizer.java:2078)
        at java.util.concurrent.LinkedBlockingQueue.poll(LinkedBlockingQueue.java:467)
        at org.apache.hadoop.ipc.CallQueueManager.take(CallQueueManager.java:317)
        at org.apache.hadoop.ipc.Server$Handler.run(Server.java:2932)
"IPC Server handler 18 on default port 41881" daemon prio=5 tid=91 timed_waiting
java.lang.Thread.State: TIMED_WAITING
        at sun.misc.Unsafe.park(Native Method)
        at java.util.concurrent.locks.LockSupport.parkNanos(LockSupport.java:215)
        at java.util.concurrent.locks.AbstractQueuedSynchronizer$ConditionObject.awaitNanos(AbstractQueuedSynchronizer.java:2078)
        at java.util.concurrent.LinkedBlockingQueue.poll(LinkedBlockingQueue.java:467)
        at org.apache.hadoop.ipc.CallQueueManager.take(CallQueueManager.java:317)
        at org.apache.hadoop.ipc.Server$Handler.run(Server.java:2932)
"IPC Server handler 15 on default port 43391" daemon prio=5 tid=68 timed_waiting
java.lang.Thread.State: TIMED_WAITING
        at sun.misc.Unsafe.park(Native Method)
        at java.util.concurrent.locks.LockSupport.parkNanos(LockSupport.java:215)
        at java.util.concurrent.locks.AbstractQueuedSynchronizer$ConditionObject.awaitNanos(AbstractQueuedSynchronizer.java:2078)
        at java.util.concurrent.LinkedBlockingQueue.poll(LinkedBlockingQueue.java:467)
        at org.apache.hadoop.ipc.CallQueueManager.take(CallQueueManager.java:317)
        at org.apache.hadoop.ipc.Server$Handler.run(Server.java:2932)
"Command processor thread" daemon prio=5 tid=3339 timed_waiting
java.lang.Thread.State: TIMED_WAITING
        at java.lang.Thread.sleep(Native Method)
        at org.apache.hadoop.ozone.container.common.statemachine.DatanodeStateMachine.lambda$initCommandHandlerThread$2(DatanodeStateMachine.java:574)
        at org.apache.hadoop.ozone.container.common.statemachine.DatanodeStateMachine$$Lambda$572/2045313851.run(Unknown Source)
        at java.lang.Thread.run(Thread.java:748)
"IPC Server handler 2 on default port 38125" daemon prio=5 tid=35 timed_waiting
java.lang.Thread.State: TIMED_WAITING
        at sun.misc.Unsafe.park(Native Method)
        at java.util.concurrent.locks.LockSupport.parkNanos(LockSupport.java:215)
        at java.util.concurrent.locks.AbstractQueuedSynchronizer$ConditionObject.awaitNanos(AbstractQueuedSynchronizer.java:2078)
        at java.util.concurrent.LinkedBlockingQueue.poll(LinkedBlockingQueue.java:467)
        at org.apache.hadoop.ipc.CallQueueManager.take(CallQueueManager.java:317)
        at org.apache.hadoop.ipc.Server$Handler.run(Server.java:2932)
"BlockDeletingService#1" daemon prio=5 tid=3357 in Object.wait()
java.lang.Thread.State: WAITING (on object monitor)
        at sun.misc.Unsafe.park(Native Method)
        at java.util.concurrent.locks.LockSupport.park(LockSupport.java:175)
        at java.util.concurrent.locks.AbstractQueuedSynchronizer$ConditionObject.await(AbstractQueuedSynchronizer.java:2039)
        at java.util.concurrent.ScheduledThreadPoolExecutor$DelayedWorkQueue.take(ScheduledThreadPoolExecutor.java:1088)
        at java.util.concurrent.ScheduledThreadPoolExecutor$DelayedWorkQueue.take(ScheduledThreadPoolExecutor.java:809)
        at java.util.concurrent.ThreadPoolExecutor.getTask(ThreadPoolExecutor.java:1074)
        at java.util.concurrent.ThreadPoolExecutor.runWorker(ThreadPoolExecutor.java:1134)
        at java.util.concurrent.ThreadPoolExecutor$Worker.run(ThreadPoolExecutor.java:624)
        at java.lang.Thread.run(Thread.java:748)
"Datanode ReportManager Thread - 4" daemon prio=5 tid=206 in Object.wait()
java.lang.Thread.State: WAITING (on object monitor)
        at sun.misc.Unsafe.park(Native Method)
        at java.util.concurrent.locks.LockSupport.park(LockSupport.java:175)
        at java.util.concurrent.locks.AbstractQueuedSynchronizer$ConditionObject.await(AbstractQueuedSynchronizer.java:2039)
        at java.util.concurrent.ScheduledThreadPoolExecutor$DelayedWorkQueue.take(ScheduledThreadPoolExecutor.java:1088)
        at java.util.concurrent.ScheduledThreadPoolExecutor$DelayedWorkQueue.take(ScheduledThreadPoolExecutor.java:809)
        at java.util.concurrent.ThreadPoolExecutor.getTask(ThreadPoolExecutor.java:1074)
        at java.util.concurrent.ThreadPoolExecutor.runWorker(ThreadPoolExecutor.java:1134)
        at java.util.concurrent.ThreadPoolExecutor$Worker.run(ThreadPoolExecutor.java:624)
        at java.lang.Thread.run(Thread.java:748)
"Datanode ReportManager Thread - 0" daemon prio=5 tid=227 in Object.wait()
java.lang.Thread.State: WAITING (on object monitor)
        at sun.misc.Unsafe.park(Native Method)
        at java.util.concurrent.locks.LockSupport.park(LockSupport.java:175)
        at java.util.concurrent.locks.AbstractQueuedSynchronizer$ConditionObject.await(AbstractQueuedSynchronizer.java:2039)
        at java.util.concurrent.ScheduledThreadPoolExecutor$DelayedWorkQueue.take(ScheduledThreadPoolExecutor.java:1088)
        at java.util.concurrent.ScheduledThreadPoolExecutor$DelayedWorkQueue.take(ScheduledThreadPoolExecutor.java:809)
        at java.util.concurrent.ThreadPoolExecutor.getTask(ThreadPoolExecutor.java:1074)
        at java.util.concurrent.ThreadPoolExecutor.runWorker(ThreadPoolExecutor.java:1134)
        at java.util.concurrent.ThreadPoolExecutor$Worker.run(ThreadPoolExecutor.java:624)
        at java.lang.Thread.run(Thread.java:748)
"Datanode ReportManager Thread - 4" daemon prio=5 tid=231 in Object.wait()
java.lang.Thread.State: WAITING (on object monitor)
        at sun.misc.Unsafe.park(Native Method)
        at java.util.concurrent.locks.LockSupport.park(LockSupport.java:175)
        at java.util.concurrent.locks.AbstractQueuedSynchronizer$ConditionObject.await(AbstractQueuedSynchronizer.java:2039)
        at java.util.concurrent.ScheduledThreadPoolExecutor$DelayedWorkQueue.take(ScheduledThreadPoolExecutor.java:1088)
        at java.util.concurrent.ScheduledThreadPoolExecutor$DelayedWorkQueue.take(ScheduledThreadPoolExecutor.java:809)
        at java.util.concurrent.ThreadPoolExecutor.getTask(ThreadPoolExecutor.java:1074)
        at java.util.concurrent.ThreadPoolExecutor.runWorker(ThreadPoolExecutor.java:1134)
        at java.util.concurrent.ThreadPoolExecutor$Worker.run(ThreadPoolExecutor.java:624)
        at java.lang.Thread.run(Thread.java:748)
"EventQueue-CmdStatusReportForCommandStatusReportHandler" daemon prio=5 tid=3560 in Object.wait()
java.lang.Thread.State: WAITING (on object monitor)
        at sun.misc.Unsafe.park(Native Method)
        at java.util.concurrent.locks.LockSupport.park(LockSupport.java:175)
        at java.util.concurrent.locks.AbstractQueuedSynchronizer$ConditionObject.await(AbstractQueuedSynchronizer.java:2039)
        at java.util.concurrent.LinkedBlockingQueue.take(LinkedBlockingQueue.java:442)
        at java.util.concurrent.ThreadPoolExecutor.getTask(ThreadPoolExecutor.java:1074)
        at java.util.concurrent.ThreadPoolExecutor.runWorker(ThreadPoolExecutor.java:1134)
        at java.util.concurrent.ThreadPoolExecutor$Worker.run(ThreadPoolExecutor.java:624)
        at java.lang.Thread.run(Thread.java:748)
"org.apache.hadoop.ozone.container.common.statemachine.commandhandler.DeleteBlocksCommandHandler$DeleteCmdWorker@50eac4a5" daemon prio=5 tid=3315 timed_waiting
java.lang.Thread.State: TIMED_WAITING
        at java.lang.Thread.sleep(Native Method)
        at org.apache.hadoop.ozone.container.common.statemachine.commandhandler.DeleteBlocksCommandHandler$DeleteCmdWorker.run(DeleteBlocksCommandHandler.java:175)
        at java.lang.Thread.run(Thread.java:748)
"IPC Server idle connection scanner for port 43391" daemon prio=5 tid=25 timed_waiting
java.lang.Thread.State: TIMED_WAITING
        at java.lang.Object.wait(Native Method)
        at java.util.TimerThread.mainLoop(Timer.java:552)
        at java.util.TimerThread.run(Timer.java:505)
"ChunkWriter-3-0" daemon prio=5 tid=3438 in Object.wait()
java.lang.Thread.State: WAITING (on object monitor)
        at sun.misc.Unsafe.park(Native Method)
        at java.util.concurrent.locks.LockSupport.park(LockSupport.java:175)
        at java.util.concurrent.locks.AbstractQueuedSynchronizer$ConditionObject.await(AbstractQueuedSynchronizer.java:2039)
        at java.util.concurrent.LinkedBlockingDeque.takeFirst(LinkedBlockingDeque.java:492)
        at java.util.concurrent.LinkedBlockingDeque.take(LinkedBlockingDeque.java:680)
        at java.util.concurrent.ThreadPoolExecutor.getTask(ThreadPoolExecutor.java:1074)
        at java.util.concurrent.ThreadPoolExecutor.runWorker(ThreadPoolExecutor.java:1134)
        at java.util.concurrent.ThreadPoolExecutor$Worker.run(ThreadPoolExecutor.java:624)
        at java.lang.Thread.run(Thread.java:748)
"a426eecb-3f7b-4bd3-8516-db356bf90be2@group-7E8A57294037-SegmentedRaftLogWorker"  prio=5 tid=3439 timed_waiting
java.lang.Thread.State: TIMED_WAITING
        at sun.misc.Unsafe.park(Native Method)
        at java.util.concurrent.locks.LockSupport.parkNanos(LockSupport.java:215)
        at java.util.concurrent.locks.AbstractQueuedSynchronizer$ConditionObject.awaitNanos(AbstractQueuedSynchronizer.java:2078)
        at org.apache.ratis.util.DataBlockingQueue.poll(DataBlockingQueue.java:137)
        at org.apache.ratis.server.raftlog.segmented.SegmentedRaftLogWorker.run(SegmentedRaftLogWorker.java:292)
        at org.apache.ratis.server.raftlog.segmented.SegmentedRaftLogWorker$$Lambda$466/684552633.run(Unknown Source)
        at java.lang.Thread.run(Thread.java:748)
"qtp2126024846-3420" daemon prio=5 tid=3420 timed_waiting
java.lang.Thread.State: TIMED_WAITING
        at sun.misc.Unsafe.park(Native Method)
        at java.util.concurrent.locks.LockSupport.parkNanos(LockSupport.java:215)
        at java.util.concurrent.locks.AbstractQueuedSynchronizer$ConditionObject.awaitNanos(AbstractQueuedSynchronizer.java:2078)
        at org.eclipse.jetty.util.BlockingArrayQueue.poll(BlockingArrayQueue.java:382)
        at org.eclipse.jetty.util.thread.QueuedThreadPool$Runner.idleJobPoll(QueuedThreadPool.java:974)
        at org.eclipse.jetty.util.thread.QueuedThreadPool$Runner.run(QueuedThreadPool.java:1018)
        at java.lang.Thread.run(Thread.java:748)
"ChunkWriter-0-0" daemon prio=5 tid=3435 in Object.wait()
java.lang.Thread.State: WAITING (on object monitor)
        at sun.misc.Unsafe.park(Native Method)
        at java.util.concurrent.locks.LockSupport.park(LockSupport.java:175)
        at java.util.concurrent.locks.AbstractQueuedSynchronizer$ConditionObject.await(AbstractQueuedSynchronizer.java:2039)
        at java.util.concurrent.LinkedBlockingDeque.takeFirst(LinkedBlockingDeque.java:492)
        at java.util.concurrent.LinkedBlockingDeque.take(LinkedBlockingDeque.java:680)
        at java.util.concurrent.ThreadPoolExecutor.getTask(ThreadPoolExecutor.java:1074)
        at java.util.concurrent.ThreadPoolExecutor.runWorker(ThreadPoolExecutor.java:1134)
        at java.util.concurrent.ThreadPoolExecutor$Worker.run(ThreadPoolExecutor.java:624)
        at java.lang.Thread.run(Thread.java:748)
"IPC Server handler 6 on default port 41881" daemon prio=5 tid=79 timed_waiting
java.lang.Thread.State: TIMED_WAITING
        at sun.misc.Unsafe.park(Native Method)
        at java.util.concurrent.locks.LockSupport.parkNanos(LockSupport.java:215)
        at java.util.concurrent.locks.AbstractQueuedSynchronizer$ConditionObject.awaitNanos(AbstractQueuedSynchronizer.java:2078)
        at java.util.concurrent.LinkedBlockingQueue.poll(LinkedBlockingQueue.java:467)
        at org.apache.hadoop.ipc.CallQueueManager.take(CallQueueManager.java:317)
        at org.apache.hadoop.ipc.Server$Handler.run(Server.java:2932)
"Finalizer" daemon prio=8 tid=3 in Object.wait()
java.lang.Thread.State: WAITING (on object monitor)
        at java.lang.Object.wait(Native Method)
        at java.lang.ref.ReferenceQueue.remove(ReferenceQueue.java:144)
        at java.lang.ref.ReferenceQueue.remove(ReferenceQueue.java:165)
        at java.lang.ref.Finalizer$FinalizerThread.run(Finalizer.java:216)
"IPC Server handler 6 on default port 45789" daemon prio=5 tid=142 timed_waiting
java.lang.Thread.State: TIMED_WAITING
        at sun.misc.Unsafe.park(Native Method)
        at java.util.concurrent.locks.LockSupport.parkNanos(LockSupport.java:215)
        at java.util.concurrent.locks.AbstractQueuedSynchronizer$ConditionObject.awaitNanos(AbstractQueuedSynchronizer.java:2078)
        at java.util.concurrent.LinkedBlockingQueue.poll(LinkedBlockingQueue.java:467)
        at org.apache.hadoop.ipc.CallQueueManager.take(CallQueueManager.java:317)
        at org.apache.hadoop.ipc.Server$Handler.run(Server.java:2932)
"Datanode ReportManager Thread - 4" daemon prio=5 tid=3338 in Object.wait()
java.lang.Thread.State: WAITING (on object monitor)
        at sun.misc.Unsafe.park(Native Method)
        at java.util.concurrent.locks.LockSupport.park(LockSupport.java:175)
        at java.util.concurrent.locks.AbstractQueuedSynchronizer$ConditionObject.await(AbstractQueuedSynchronizer.java:2039)
        at java.util.concurrent.ScheduledThreadPoolExecutor$DelayedWorkQueue.take(ScheduledThreadPoolExecutor.java:1088)
        at java.util.concurrent.ScheduledThreadPoolExecutor$DelayedWorkQueue.take(ScheduledThreadPoolExecutor.java:809)
        at java.util.concurrent.ThreadPoolExecutor.getTask(ThreadPoolExecutor.java:1074)
        at java.util.concurrent.ThreadPoolExecutor.runWorker(ThreadPoolExecutor.java:1134)
        at java.util.concurrent.ThreadPoolExecutor$Worker.run(ThreadPoolExecutor.java:624)
        at java.lang.Thread.run(Thread.java:748)
"Session-HouseKeeper-2caf282e-1"  prio=5 tid=135 timed_waiting
java.lang.Thread.State: TIMED_WAITING
        at sun.misc.Unsafe.park(Native Method)
        at java.util.concurrent.locks.LockSupport.parkNanos(LockSupport.java:215)
        at java.util.concurrent.locks.AbstractQueuedSynchronizer$ConditionObject.awaitNanos(AbstractQueuedSynchronizer.java:2078)
        at java.util.concurrent.ScheduledThreadPoolExecutor$DelayedWorkQueue.take(ScheduledThreadPoolExecutor.java:1093)
        at java.util.concurrent.ScheduledThreadPoolExecutor$DelayedWorkQueue.take(ScheduledThreadPoolExecutor.java:809)
        at java.util.concurrent.ThreadPoolExecutor.getTask(ThreadPoolExecutor.java:1074)
        at java.util.concurrent.ThreadPoolExecutor.runWorker(ThreadPoolExecutor.java:1134)
        at java.util.concurrent.ThreadPoolExecutor$Worker.run(ThreadPoolExecutor.java:624)
        at java.lang.Thread.run(Thread.java:748)
"pool-39-thread-1"  prio=5 tid=112 in Object.wait()
java.lang.Thread.State: WAITING (on object monitor)
        at sun.misc.Unsafe.park(Native Method)
        at java.util.concurrent.locks.LockSupport.park(LockSupport.java:175)
        at java.util.concurrent.locks.AbstractQueuedSynchronizer$ConditionObject.await(AbstractQueuedSynchronizer.java:2039)
        at java.util.concurrent.LinkedBlockingQueue.take(LinkedBlockingQueue.java:442)
        at java.util.concurrent.ThreadPoolExecutor.getTask(ThreadPoolExecutor.java:1074)
        at java.util.concurrent.ThreadPoolExecutor.runWorker(ThreadPoolExecutor.java:1134)
        at java.util.concurrent.ThreadPoolExecutor$Worker.run(ThreadPoolExecutor.java:624)
        at java.lang.Thread.run(Thread.java:748)
"Datanode State Machine Task Thread - 0"  prio=5 tid=3341 in Object.wait()
java.lang.Thread.State: WAITING (on object monitor)
        at sun.misc.Unsafe.park(Native Method)
        at java.util.concurrent.locks.LockSupport.park(LockSupport.java:175)
        at java.util.concurrent.locks.AbstractQueuedSynchronizer$ConditionObject.await(AbstractQueuedSynchronizer.java:2039)
        at java.util.concurrent.LinkedBlockingQueue.take(LinkedBlockingQueue.java:442)
        at java.util.concurrent.ThreadPoolExecutor.getTask(ThreadPoolExecutor.java:1074)
        at java.util.concurrent.ThreadPoolExecutor.runWorker(ThreadPoolExecutor.java:1134)
        at java.util.concurrent.ThreadPoolExecutor$Worker.run(ThreadPoolExecutor.java:624)
        at java.lang.Thread.run(Thread.java:748)
"IPC Server handler 5 on default port 38125" daemon prio=5 tid=38 timed_waiting
java.lang.Thread.State: TIMED_WAITING
        at sun.misc.Unsafe.park(Native Method)
        at java.util.concurrent.locks.LockSupport.parkNanos(LockSupport.java:215)
        at java.util.concurrent.locks.AbstractQueuedSynchronizer$ConditionObject.awaitNanos(AbstractQueuedSynchronizer.java:2078)
        at java.util.concurrent.LinkedBlockingQueue.poll(LinkedBlockingQueue.java:467)
        at org.apache.hadoop.ipc.CallQueueManager.take(CallQueueManager.java:317)
        at org.apache.hadoop.ipc.Server$Handler.run(Server.java:2932)
"IPC Server Responder" daemon prio=5 tid=22 runnable
java.lang.Thread.State: RUNNABLE
        at sun.nio.ch.EPollArrayWrapper.epollWait(Native Method)
        at sun.nio.ch.EPollArrayWrapper.poll(EPollArrayWrapper.java:269)
        at sun.nio.ch.EPollSelectorImpl.doSelect(EPollSelectorImpl.java:93)
        at sun.nio.ch.SelectorImpl.lockAndDoSelect(SelectorImpl.java:86)
        at sun.nio.ch.SelectorImpl.select(SelectorImpl.java:97)
        at org.apache.hadoop.ipc.Server$Responder.doRunLoop(Server.java:1527)
        at org.apache.hadoop.ipc.Server$Responder.run(Server.java:1510)
"BlockDeletingService#2" daemon prio=5 tid=3518 timed_waiting
java.lang.Thread.State: TIMED_WAITING
        at sun.misc.Unsafe.park(Native Method)
        at java.util.concurrent.locks.LockSupport.parkNanos(LockSupport.java:215)
        at java.util.concurrent.locks.AbstractQueuedSynchronizer$ConditionObject.awaitNanos(AbstractQueuedSynchronizer.java:2078)
        at java.util.concurrent.ScheduledThreadPoolExecutor$DelayedWorkQueue.take(ScheduledThreadPoolExecutor.java:1093)
        at java.util.concurrent.ScheduledThreadPoolExecutor$DelayedWorkQueue.take(ScheduledThreadPoolExecutor.java:809)
        at java.util.concurrent.ThreadPoolExecutor.getTask(ThreadPoolExecutor.java:1074)
        at java.util.concurrent.ThreadPoolExecutor.runWorker(ThreadPoolExecutor.java:1134)
        at java.util.concurrent.ThreadPoolExecutor$Worker.run(ThreadPoolExecutor.java:624)
        at java.lang.Thread.run(Thread.java:748)
"IPC Server handler 12 on default port 38125" daemon prio=5 tid=45 timed_waiting
java.lang.Thread.State: TIMED_WAITING
        at sun.misc.Unsafe.park(Native Method)
        at java.util.concurrent.locks.LockSupport.parkNanos(LockSupport.java:215)
        at java.util.concurrent.locks.AbstractQueuedSynchronizer$ConditionObject.awaitNanos(AbstractQueuedSynchronizer.java:2078)
        at java.util.concurrent.LinkedBlockingQueue.poll(LinkedBlockingQueue.java:467)
        at org.apache.hadoop.ipc.CallQueueManager.take(CallQueueManager.java:317)
        at org.apache.hadoop.ipc.Server$Handler.run(Server.java:2932)
"EventQueue-DeleteBlockStatusForDeletedBlockLogImpl" daemon prio=5 tid=3561 in Object.wait()
java.lang.Thread.State: WAITING (on object monitor)
        at sun.misc.Unsafe.park(Native Method)
        at java.util.concurrent.locks.LockSupport.park(LockSupport.java:175)
        at java.util.concurrent.locks.AbstractQueuedSynchronizer$ConditionObject.await(AbstractQueuedSynchronizer.java:2039)
        at java.util.concurrent.LinkedBlockingQueue.take(LinkedBlockingQueue.java:442)
        at java.util.concurrent.ThreadPoolExecutor.getTask(ThreadPoolExecutor.java:1074)
        at java.util.concurrent.ThreadPoolExecutor.runWorker(ThreadPoolExecutor.java:1134)
        at java.util.concurrent.ThreadPoolExecutor$Worker.run(ThreadPoolExecutor.java:624)
        at java.lang.Thread.run(Thread.java:748)
"IPC Server handler 7 on default port 43391" daemon prio=5 tid=60 timed_waiting
java.lang.Thread.State: TIMED_WAITING
        at sun.misc.Unsafe.park(Native Method)
        at java.util.concurrent.locks.LockSupport.parkNanos(LockSupport.java:215)
        at java.util.concurrent.locks.AbstractQueuedSynchronizer$ConditionObject.awaitNanos(AbstractQueuedSynchronizer.java:2078)
        at java.util.concurrent.LinkedBlockingQueue.poll(LinkedBlockingQueue.java:467)
        at org.apache.hadoop.ipc.CallQueueManager.take(CallQueueManager.java:317)
        at org.apache.hadoop.ipc.Server$Handler.run(Server.java:2932)
"IPC Server handler 4 on default port 43391" daemon prio=5 tid=57 timed_waiting
java.lang.Thread.State: TIMED_WAITING
        at sun.misc.Unsafe.park(Native Method)
        at java.util.concurrent.locks.LockSupport.parkNanos(LockSupport.java:215)
        at java.util.concurrent.locks.AbstractQueuedSynchronizer$ConditionObject.awaitNanos(AbstractQueuedSynchronizer.java:2078)
        at java.util.concurrent.LinkedBlockingQueue.poll(LinkedBlockingQueue.java:467)
        at org.apache.hadoop.ipc.CallQueueManager.take(CallQueueManager.java:317)
        at org.apache.hadoop.ipc.Server$Handler.run(Server.java:2932)
"qtp1470711088-132" daemon prio=5 tid=132 timed_waiting
java.lang.Thread.State: TIMED_WAITING
        at sun.misc.Unsafe.park(Native Method)
        at java.util.concurrent.locks.LockSupport.parkNanos(LockSupport.java:215)
        at java.util.concurrent.locks.AbstractQueuedSynchronizer$ConditionObject.awaitNanos(AbstractQueuedSynchronizer.java:2078)
        at org.eclipse.jetty.util.BlockingArrayQueue.poll(BlockingArrayQueue.java:382)
        at org.eclipse.jetty.util.thread.QueuedThreadPool$Runner.idleJobPoll(QueuedThreadPool.java:974)
        at org.eclipse.jetty.util.thread.QueuedThreadPool$Runner.run(QueuedThreadPool.java:1018)
        at java.lang.Thread.run(Thread.java:748)
"Datanode ReportManager Thread - 1" daemon prio=5 tid=3335 in Object.wait()
java.lang.Thread.State: WAITING (on object monitor)
        at sun.misc.Unsafe.park(Native Method)
        at java.util.concurrent.locks.LockSupport.park(LockSupport.java:175)
        at java.util.concurrent.locks.AbstractQueuedSynchronizer$ConditionObject.await(AbstractQueuedSynchronizer.java:2039)
        at java.util.concurrent.ScheduledThreadPoolExecutor$DelayedWorkQueue.take(ScheduledThreadPoolExecutor.java:1088)
        at java.util.concurrent.ScheduledThreadPoolExecutor$DelayedWorkQueue.take(ScheduledThreadPoolExecutor.java:809)
        at java.util.concurrent.ThreadPoolExecutor.getTask(ThreadPoolExecutor.java:1074)
        at java.util.concurrent.ThreadPoolExecutor.runWorker(ThreadPoolExecutor.java:1134)
        at java.util.concurrent.ThreadPoolExecutor$Worker.run(ThreadPoolExecutor.java:624)
        at java.lang.Thread.run(Thread.java:748)
"Datanode ReportManager Thread - 0" daemon prio=5 tid=175 in Object.wait()
java.lang.Thread.State: WAITING (on object monitor)
        at sun.misc.Unsafe.park(Native Method)
        at java.util.concurrent.locks.LockSupport.park(LockSupport.java:175)
        at java.util.concurrent.locks.AbstractQueuedSynchronizer$ConditionObject.await(AbstractQueuedSynchronizer.java:2039)
        at java.util.concurrent.ScheduledThreadPoolExecutor$DelayedWorkQueue.take(ScheduledThreadPoolExecutor.java:1088)
        at java.util.concurrent.ScheduledThreadPoolExecutor$DelayedWorkQueue.take(ScheduledThreadPoolExecutor.java:809)
        at java.util.concurrent.ThreadPoolExecutor.getTask(ThreadPoolExecutor.java:1074)
        at java.util.concurrent.ThreadPoolExecutor.runWorker(ThreadPoolExecutor.java:1134)
        at java.util.concurrent.ThreadPoolExecutor$Worker.run(ThreadPoolExecutor.java:624)
        at java.lang.Thread.run(Thread.java:748)
"Datanode State Machine Task Thread - 1"  prio=5 tid=3433 timed_waiting
java.lang.Thread.State: TIMED_WAITING
        at sun.misc.Unsafe.park(Native Method)
        at java.util.concurrent.locks.LockSupport.parkNanos(LockSupport.java:215)
        at java.util.concurrent.FutureTask.awaitDone(FutureTask.java:426)
        at java.util.concurrent.FutureTask.get(FutureTask.java:204)
        at org.apache.hadoop.ozone.container.common.states.datanode.RunningDatanodeState.lambda$execute$0(RunningDatanodeState.java:149)
        at org.apache.hadoop.ozone.container.common.states.datanode.RunningDatanodeState$$Lambda$675/307837560.call(Unknown Source)
        at java.util.concurrent.FutureTask.run(FutureTask.java:266)
        at java.util.concurrent.Executors$RunnableAdapter.call(Executors.java:511)
        at java.util.concurrent.FutureTask.run(FutureTask.java:266)
        at java.util.concurrent.ThreadPoolExecutor.runWorker(ThreadPoolExecutor.java:1149)
        at java.util.concurrent.ThreadPoolExecutor$Worker.run(ThreadPoolExecutor.java:624)
        at java.lang.Thread.run(Thread.java:748)
"a426eecb-3f7b-4bd3-8516-db356bf90be2@group-76C9E7F23109-SegmentedRaftLogWorker"  prio=5 tid=3441 timed_waiting
java.lang.Thread.State: TIMED_WAITING
        at sun.misc.Unsafe.park(Native Method)
        at java.util.concurrent.locks.LockSupport.parkNanos(LockSupport.java:215)
        at java.util.concurrent.locks.AbstractQueuedSynchronizer$ConditionObject.awaitNanos(AbstractQueuedSynchronizer.java:2078)
        at org.apache.ratis.util.DataBlockingQueue.poll(DataBlockingQueue.java:137)
        at org.apache.ratis.server.raftlog.segmented.SegmentedRaftLogWorker.run(SegmentedRaftLogWorker.java:292)
        at org.apache.ratis.server.raftlog.segmented.SegmentedRaftLogWorker$$Lambda$466/684552633.run(Unknown Source)
        at java.lang.Thread.run(Thread.java:748)
"ChunkWriter-2-0" daemon prio=5 tid=3437 in Object.wait()
java.lang.Thread.State: WAITING (on object monitor)
        at sun.misc.Unsafe.park(Native Method)
        at java.util.concurrent.locks.LockSupport.park(LockSupport.java:175)
        at java.util.concurrent.locks.AbstractQueuedSynchronizer$ConditionObject.await(AbstractQueuedSynchronizer.java:2039)
        at java.util.concurrent.LinkedBlockingDeque.takeFirst(LinkedBlockingDeque.java:492)
        at java.util.concurrent.LinkedBlockingDeque.take(LinkedBlockingDeque.java:680)
        at java.util.concurrent.ThreadPoolExecutor.getTask(ThreadPoolExecutor.java:1074)
        at java.util.concurrent.ThreadPoolExecutor.runWorker(ThreadPoolExecutor.java:1134)
        at java.util.concurrent.ThreadPoolExecutor$Worker.run(ThreadPoolExecutor.java:624)
        at java.lang.Thread.run(Thread.java:748)
"qtp68500741-3319" daemon prio=5 tid=3319 runnable
java.lang.Thread.State: RUNNABLE
        at sun.nio.ch.EPollArrayWrapper.epollWait(Native Method)
        at sun.nio.ch.EPollArrayWrapper.poll(EPollArrayWrapper.java:269)
        at sun.nio.ch.EPollSelectorImpl.doSelect(EPollSelectorImpl.java:93)
        at sun.nio.ch.SelectorImpl.lockAndDoSelect(SelectorImpl.java:86)
        at sun.nio.ch.SelectorImpl.select(SelectorImpl.java:97)
        at sun.nio.ch.SelectorImpl.select(SelectorImpl.java:101)
        at org.eclipse.jetty.io.ManagedSelector.nioSelect(ManagedSelector.java:183)
        at org.eclipse.jetty.io.ManagedSelector.select(ManagedSelector.java:190)
        at org.eclipse.jetty.io.ManagedSelector$SelectorProducer.select(ManagedSelector.java:606)
        at org.eclipse.jetty.io.ManagedSelector$SelectorProducer.produce(ManagedSelector.java:543)
        at org.eclipse.jetty.util.thread.strategy.EatWhatYouKill.produceTask(EatWhatYouKill.java:362)
        at org.eclipse.jetty.util.thread.strategy.EatWhatYouKill.doProduce(EatWhatYouKill.java:186)
        at org.eclipse.jetty.util.thread.strategy.EatWhatYouKill.tryProduce(EatWhatYouKill.java:173)
        at org.eclipse.jetty.util.thread.strategy.EatWhatYouKill.produce(EatWhatYouKill.java:137)
        at org.eclipse.jetty.io.ManagedSelector$$Lambda$312/343688483.run(Unknown Source)
        at org.eclipse.jetty.util.thread.QueuedThreadPool.runJob(QueuedThreadPool.java:883)
        at org.eclipse.jetty.util.thread.QueuedThreadPool$Runner.run(QueuedThreadPool.java:1034)
        at java.lang.Thread.run(Thread.java:748)
"IPC Server handler 0 on default port 45789" daemon prio=5 tid=136 timed_waiting
java.lang.Thread.State: TIMED_WAITING
        at sun.misc.Unsafe.park(Native Method)
        at java.util.concurrent.locks.LockSupport.parkNanos(LockSupport.java:215)
        at java.util.concurrent.locks.AbstractQueuedSynchronizer$ConditionObject.awaitNanos(AbstractQueuedSynchronizer.java:2078)
        at java.util.concurrent.LinkedBlockingQueue.poll(LinkedBlockingQueue.java:467)
        at org.apache.hadoop.ipc.CallQueueManager.take(CallQueueManager.java:317)
        at org.apache.hadoop.ipc.Server$Handler.run(Server.java:2932)
"IPC Server listener on 0" daemon prio=5 tid=113 runnable
java.lang.Thread.State: RUNNABLE
        at sun.nio.ch.EPollArrayWrapper.epollWait(Native Method)
        at sun.nio.ch.EPollArrayWrapper.poll(EPollArrayWrapper.java:269)
        at sun.nio.ch.EPollSelectorImpl.doSelect(EPollSelectorImpl.java:93)
        at sun.nio.ch.SelectorImpl.lockAndDoSelect(SelectorImpl.java:86)
        at sun.nio.ch.SelectorImpl.select(SelectorImpl.java:97)
        at sun.nio.ch.SelectorImpl.select(SelectorImpl.java:101)
        at org.apache.hadoop.ipc.Server$Listener.run(Server.java:1350)
"IPC Server handler 1 on default port 41881" daemon prio=5 tid=74 timed_waiting
java.lang.Thread.State: TIMED_WAITING
        at sun.misc.Unsafe.park(Native Method)
        at java.util.concurrent.locks.LockSupport.parkNanos(LockSupport.java:215)
        at java.util.concurrent.locks.AbstractQueuedSynchronizer$ConditionObject.awaitNanos(AbstractQueuedSynchronizer.java:2078)
        at java.util.concurrent.LinkedBlockingQueue.poll(LinkedBlockingQueue.java:467)
        at org.apache.hadoop.ipc.CallQueueManager.take(CallQueueManager.java:317)
        at org.apache.hadoop.ipc.Server$Handler.run(Server.java:2932)
"qtp2126024846-3415-acceptor-0@78185627-ServerConnector@56b0c327{HTTP/1.1, (http/1.1)}{0.0.0.0:34963}" daemon prio=3 tid=3415 runnable
java.lang.Thread.State: RUNNABLE
        at sun.nio.ch.ServerSocketChannelImpl.accept0(Native Method)
        at sun.nio.ch.ServerSocketChannelImpl.accept(ServerSocketChannelImpl.java:421)
        at sun.nio.ch.ServerSocketChannelImpl.accept(ServerSocketChannelImpl.java:249)
        at org.eclipse.jetty.server.ServerConnector.accept(ServerConnector.java:388)
        at org.eclipse.jetty.server.AbstractConnector$Acceptor.run(AbstractConnector.java:702)
        at org.eclipse.jetty.util.thread.QueuedThreadPool.runJob(QueuedThreadPool.java:883)
        at org.eclipse.jetty.util.thread.QueuedThreadPool$Runner.run(QueuedThreadPool.java:1034)
        at java.lang.Thread.run(Thread.java:748)
"IPC Server handler 11 on default port 45789" daemon prio=5 tid=147 timed_waiting
java.lang.Thread.State: TIMED_WAITING
        at sun.misc.Unsafe.park(Native Method)
        at java.util.concurrent.locks.LockSupport.parkNanos(LockSupport.java:215)
        at java.util.concurrent.locks.AbstractQueuedSynchronizer$ConditionObject.awaitNanos(AbstractQueuedSynchronizer.java:2078)
        at java.util.concurrent.LinkedBlockingQueue.poll(LinkedBlockingQueue.java:467)
        at org.apache.hadoop.ipc.CallQueueManager.take(CallQueueManager.java:317)
        at org.apache.hadoop.ipc.Server$Handler.run(Server.java:2932)
"EventQueue-OpenPipelineForHealthyPipelineSafeModeRule" daemon prio=5 tid=311 in Object.wait()
java.lang.Thread.State: WAITING (on object monitor)
        at sun.misc.Unsafe.park(Native Method)
        at java.util.concurrent.locks.LockSupport.park(LockSupport.java:175)
        at java.util.concurrent.locks.AbstractQueuedSynchronizer$ConditionObject.await(AbstractQueuedSynchronizer.java:2039)
        at java.util.concurrent.LinkedBlockingQueue.take(LinkedBlockingQueue.java:442)
        at java.util.concurrent.ThreadPoolExecutor.getTask(ThreadPoolExecutor.java:1074)
        at java.util.concurrent.ThreadPoolExecutor.runWorker(ThreadPoolExecutor.java:1134)
        at java.util.concurrent.ThreadPoolExecutor$Worker.run(ThreadPoolExecutor.java:624)
        at java.lang.Thread.run(Thread.java:748)
"EndpointStateMachine task thread for /0.0.0.0:41881 - 0 "  prio=5 tid=257 in Object.wait()
java.lang.Thread.State: WAITING (on object monitor)
        at sun.misc.Unsafe.park(Native Method)
        at java.util.concurrent.locks.LockSupport.park(LockSupport.java:175)
        at java.util.concurrent.locks.AbstractQueuedSynchronizer$ConditionObject.await(AbstractQueuedSynchronizer.java:2039)
        at java.util.concurrent.LinkedBlockingQueue.take(LinkedBlockingQueue.java:442)
        at java.util.concurrent.ThreadPoolExecutor.getTask(ThreadPoolExecutor.java:1074)
        at java.util.concurrent.ThreadPoolExecutor.runWorker(ThreadPoolExecutor.java:1134)
        at java.util.concurrent.ThreadPoolExecutor$Worker.run(ThreadPoolExecutor.java:624)
        at java.lang.Thread.run(Thread.java:748)
"qtp1470711088-127" daemon prio=5 tid=127 runnable
java.lang.Thread.State: RUNNABLE
        at sun.nio.ch.EPollArrayWrapper.epollWait(Native Method)
        at sun.nio.ch.EPollArrayWrapper.poll(EPollArrayWrapper.java:269)
        at sun.nio.ch.EPollSelectorImpl.doSelect(EPollSelectorImpl.java:93)
        at sun.nio.ch.SelectorImpl.lockAndDoSelect(SelectorImpl.java:86)
        at sun.nio.ch.SelectorImpl.select(SelectorImpl.java:97)
        at sun.nio.ch.SelectorImpl.select(SelectorImpl.java:101)
        at org.eclipse.jetty.io.ManagedSelector.nioSelect(ManagedSelector.java:183)
        at org.eclipse.jetty.io.ManagedSelector.select(ManagedSelector.java:190)
        at org.eclipse.jetty.io.ManagedSelector$SelectorProducer.select(ManagedSelector.java:606)
        at org.eclipse.jetty.io.ManagedSelector$SelectorProducer.produce(ManagedSelector.java:543)
        at org.eclipse.jetty.util.thread.strategy.EatWhatYouKill.produceTask(EatWhatYouKill.java:362)
        at org.eclipse.jetty.util.thread.strategy.EatWhatYouKill.doProduce(EatWhatYouKill.java:186)
        at org.eclipse.jetty.util.thread.strategy.EatWhatYouKill.tryProduce(EatWhatYouKill.java:173)
        at org.eclipse.jetty.util.thread.strategy.EatWhatYouKill.produce(EatWhatYouKill.java:137)
        at org.eclipse.jetty.io.ManagedSelector$$Lambda$312/343688483.run(Unknown Source)
        at org.eclipse.jetty.util.thread.QueuedThreadPool.runJob(QueuedThreadPool.java:883)
        at org.eclipse.jetty.util.thread.QueuedThreadPool$Runner.run(QueuedThreadPool.java:1034)
        at java.lang.Thread.run(Thread.java:748)
"org.apache.hadoop.ozone.container.common.statemachine.commandhandler.DeleteBlocksCommandHandler$DeleteCmdWorker@e64ee56" daemon prio=5 tid=163 runnable
java.lang.Thread.State: RUNNABLE
        at java.lang.Throwable.fillInStackTrace(Native Method)
        at java.lang.Throwable.fillInStackTrace(Throwable.java:784)
        at java.lang.Throwable.<init>(Throwable.java:266)
        at java.lang.Exception.<init>(Exception.java:66)
        at java.lang.InterruptedException.<init>(InterruptedException.java:67)
        at java.lang.Thread.sleep(Native Method)
        at org.apache.hadoop.ozone.container.common.statemachine.commandhandler.DeleteBlocksCommandHandler$DeleteCmdWorker.run(DeleteBlocksCommandHandler.java:175)
        at java.lang.Thread.run(Thread.java:748)
"EventQueue-IncrementalContainerReportForIncrementalContainerReportHandler" daemon prio=5 tid=336 in Object.wait()
java.lang.Thread.State: WAITING (on object monitor)
        at sun.misc.Unsafe.park(Native Method)
        at java.util.concurrent.locks.LockSupport.park(LockSupport.java:175)
        at java.util.concurrent.locks.AbstractQueuedSynchronizer$ConditionObject.await(AbstractQueuedSynchronizer.java:2039)
        at java.util.concurrent.LinkedBlockingQueue.take(LinkedBlockingQueue.java:442)
        at java.util.concurrent.ThreadPoolExecutor.getTask(ThreadPoolExecutor.java:1074)
        at java.util.concurrent.ThreadPoolExecutor.runWorker(ThreadPoolExecutor.java:1134)
        at java.util.concurrent.ThreadPoolExecutor$Worker.run(ThreadPoolExecutor.java:624)
        at java.lang.Thread.run(Thread.java:748)
"IPC Server handler 17 on default port 38125" daemon prio=5 tid=50 timed_waiting
java.lang.Thread.State: TIMED_WAITING
        at sun.misc.Unsafe.park(Native Method)
        at java.util.concurrent.locks.LockSupport.parkNanos(LockSupport.java:215)
        at java.util.concurrent.locks.AbstractQueuedSynchronizer$ConditionObject.awaitNanos(AbstractQueuedSynchronizer.java:2078)
        at java.util.concurrent.LinkedBlockingQueue.poll(LinkedBlockingQueue.java:467)
        at org.apache.hadoop.ipc.CallQueueManager.take(CallQueueManager.java:317)
        at org.apache.hadoop.ipc.Server$Handler.run(Server.java:2932)
"Timer for 'StorageContainerManager' metrics system" daemon prio=5 tid=31 timed_waiting
java.lang.Thread.State: TIMED_WAITING
        at java.lang.Object.wait(Native Method)
        at java.util.TimerThread.mainLoop(Timer.java:552)
        at java.util.TimerThread.run(Timer.java:505)
"qtp68500741-3320-acceptor-0@591d270f-ServerConnector@2ef2a62a{HTTP/1.1, (http/1.1)}{0.0.0.0:40661}" daemon prio=3 tid=3320 runnable
java.lang.Thread.State: RUNNABLE
        at sun.nio.ch.ServerSocketChannelImpl.accept0(Native Method)
        at sun.nio.ch.ServerSocketChannelImpl.accept(ServerSocketChannelImpl.java:421)
        at sun.nio.ch.ServerSocketChannelImpl.accept(ServerSocketChannelImpl.java:249)
        at org.eclipse.jetty.server.ServerConnector.accept(ServerConnector.java:388)
        at org.eclipse.jetty.server.AbstractConnector$Acceptor.run(AbstractConnector.java:702)
        at org.eclipse.jetty.util.thread.QueuedThreadPool.runJob(QueuedThreadPool.java:883)
        at org.eclipse.jetty.util.thread.QueuedThreadPool$Runner.run(QueuedThreadPool.java:1034)
        at java.lang.Thread.run(Thread.java:748)
"EventQueue-HealthyReadonlyToHealthyNodeForReadOnlyHealthyToHealthyNodeHandler" daemon prio=5 tid=3366 in Object.wait()
java.lang.Thread.State: WAITING (on object monitor)
        at sun.misc.Unsafe.park(Native Method)
        at java.util.concurrent.locks.LockSupport.park(LockSupport.java:175)
        at java.util.concurrent.locks.AbstractQueuedSynchronizer$ConditionObject.await(AbstractQueuedSynchronizer.java:2039)
        at java.util.concurrent.LinkedBlockingQueue.take(LinkedBlockingQueue.java:442)
        at java.util.concurrent.ThreadPoolExecutor.getTask(ThreadPoolExecutor.java:1074)
        at java.util.concurrent.ThreadPoolExecutor.runWorker(ThreadPoolExecutor.java:1134)
        at java.util.concurrent.ThreadPoolExecutor$Worker.run(ThreadPoolExecutor.java:624)
        at java.lang.Thread.run(Thread.java:748)
"qtp1470711088-130" daemon prio=5 tid=130 timed_waiting
java.lang.Thread.State: TIMED_WAITING
        at sun.misc.Unsafe.park(Native Method)
        at java.util.concurrent.locks.LockSupport.parkNanos(LockSupport.java:215)
        at java.util.concurrent.locks.AbstractQueuedSynchronizer$ConditionObject.awaitNanos(AbstractQueuedSynchronizer.java:2078)
        at org.eclipse.jetty.util.BlockingArrayQueue.poll(BlockingArrayQueue.java:382)
        at org.eclipse.jetty.util.thread.QueuedThreadPool$Runner.idleJobPoll(QueuedThreadPool.java:974)
        at org.eclipse.jetty.util.thread.QueuedThreadPool$Runner.run(QueuedThreadPool.java:1018)
        at java.lang.Thread.run(Thread.java:748)
"EventQueue-StaleNodeForStaleNodeHandler" daemon prio=5 tid=3296 in Object.wait()
java.lang.Thread.State: WAITING (on object monitor)
        at sun.misc.Unsafe.park(Native Method)
        at java.util.concurrent.locks.LockSupport.park(LockSupport.java:175)
        at java.util.concurrent.locks.AbstractQueuedSynchronizer$ConditionObject.await(AbstractQueuedSynchronizer.java:2039)
        at java.util.concurrent.LinkedBlockingQueue.take(LinkedBlockingQueue.java:442)
        at java.util.concurrent.ThreadPoolExecutor.getTask(ThreadPoolExecutor.java:1074)
        at java.util.concurrent.ThreadPoolExecutor.runWorker(ThreadPoolExecutor.java:1134)
        at java.util.concurrent.ThreadPoolExecutor$Worker.run(ThreadPoolExecutor.java:624)
        at java.lang.Thread.run(Thread.java:748)
"surefire-forkedjvm-command-thread" daemon prio=5 tid=9 runnable
java.lang.Thread.State: RUNNABLE
        at java.io.FileInputStream.readBytes(Native Method)
        at java.io.FileInputStream.read(FileInputStream.java:255)
        at java.io.BufferedInputStream.fill(BufferedInputStream.java:246)
        at java.io.BufferedInputStream.read(BufferedInputStream.java:265)
        at java.io.DataInputStream.readInt(DataInputStream.java:387)
        at org.apache.maven.surefire.booter.MasterProcessCommand.decode(MasterProcessCommand.java:115)
        at org.apache.maven.surefire.booter.CommandReader$CommandRunnable.run(CommandReader.java:390)
        at java.lang.Thread.run(Thread.java:748)
"IPC Server handler 17 on default port 43391" daemon prio=5 tid=70 timed_waiting
java.lang.Thread.State: TIMED_WAITING
        at sun.misc.Unsafe.park(Native Method)
        at java.util.concurrent.locks.LockSupport.parkNanos(LockSupport.java:215)
        at java.util.concurrent.locks.AbstractQueuedSynchronizer$ConditionObject.awaitNanos(AbstractQueuedSynchronizer.java:2078)
        at java.util.concurrent.LinkedBlockingQueue.poll(LinkedBlockingQueue.java:467)
        at org.apache.hadoop.ipc.CallQueueManager.take(CallQueueManager.java:317)
        at org.apache.hadoop.ipc.Server$Handler.run(Server.java:2932)
"IPC Server handler 19 on default port 45789" daemon prio=5 tid=155 timed_waiting
java.lang.Thread.State: TIMED_WAITING
        at sun.misc.Unsafe.park(Native Method)
        at java.util.concurrent.locks.LockSupport.parkNanos(LockSupport.java:215)
        at java.util.concurrent.locks.AbstractQueuedSynchronizer$ConditionObject.awaitNanos(AbstractQueuedSynchronizer.java:2078)
        at java.util.concurrent.LinkedBlockingQueue.poll(LinkedBlockingQueue.java:467)
        at org.apache.hadoop.ipc.CallQueueManager.take(CallQueueManager.java:317)
        at org.apache.hadoop.ipc.Server$Handler.run(Server.java:2932)
"qtp2126024846-3417" daemon prio=5 tid=3417 timed_waiting
java.lang.Thread.State: TIMED_WAITING
        at sun.misc.Unsafe.park(Native Method)
        at java.util.concurrent.locks.LockSupport.parkNanos(LockSupport.java:215)
        at java.util.concurrent.locks.AbstractQueuedSynchronizer$ConditionObject.awaitNanos(AbstractQueuedSynchronizer.java:2078)
        at org.eclipse.jetty.util.BlockingArrayQueue.poll(BlockingArrayQueue.java:382)
        at org.eclipse.jetty.util.thread.QueuedThreadPool$Runner.idleJobPoll(QueuedThreadPool.java:974)
        at org.eclipse.jetty.util.thread.QueuedThreadPool$Runner.run(QueuedThreadPool.java:1018)
        at java.lang.Thread.run(Thread.java:748)
"IPC Server handler 2 on default port 43391" daemon prio=5 tid=55 timed_waiting
java.lang.Thread.State: TIMED_WAITING
        at sun.misc.Unsafe.park(Native Method)
        at java.util.concurrent.locks.LockSupport.parkNanos(LockSupport.java:215)
        at java.util.concurrent.locks.AbstractQueuedSynchronizer$ConditionObject.awaitNanos(AbstractQueuedSynchronizer.java:2078)
        at java.util.concurrent.LinkedBlockingQueue.poll(LinkedBlockingQueue.java:467)
        at org.apache.hadoop.ipc.CallQueueManager.take(CallQueueManager.java:317)
        at org.apache.hadoop.ipc.Server$Handler.run(Server.java:2932)
"IPC Server handler 4 on default port 38125" daemon prio=5 tid=37 timed_waiting
java.lang.Thread.State: TIMED_WAITING
        at sun.misc.Unsafe.park(Native Method)
        at java.util.concurrent.locks.LockSupport.parkNanos(LockSupport.java:215)
        at java.util.concurrent.locks.AbstractQueuedSynchronizer$ConditionObject.awaitNanos(AbstractQueuedSynchronizer.java:2078)
        at java.util.concurrent.LinkedBlockingQueue.poll(LinkedBlockingQueue.java:467)
        at org.apache.hadoop.ipc.CallQueueManager.take(CallQueueManager.java:317)
        at org.apache.hadoop.ipc.Server$Handler.run(Server.java:2932)
"KeyDeletingService#0" daemon prio=5 tid=124 timed_waiting
java.lang.Thread.State: TIMED_WAITING
        at sun.misc.Unsafe.park(Native Method)
        at java.util.concurrent.locks.LockSupport.parkNanos(LockSupport.java:215)
        at java.util.concurrent.locks.AbstractQueuedSynchronizer$ConditionObject.awaitNanos(AbstractQueuedSynchronizer.java:2078)
        at java.util.concurrent.ScheduledThreadPoolExecutor$DelayedWorkQueue.take(ScheduledThreadPoolExecutor.java:1093)
        at java.util.concurrent.ScheduledThreadPoolExecutor$DelayedWorkQueue.take(ScheduledThreadPoolExecutor.java:809)
        at java.util.concurrent.ThreadPoolExecutor.getTask(ThreadPoolExecutor.java:1074)
        at java.util.concurrent.ThreadPoolExecutor.runWorker(ThreadPoolExecutor.java:1134)
        at java.util.concurrent.ThreadPoolExecutor$Worker.run(ThreadPoolExecutor.java:624)
        at java.lang.Thread.run(Thread.java:748)
"org.apache.hadoop.ozone.container.common.statemachine.commandhandler.DeleteBlocksCommandHandler$DeleteCmdWorker@76991b36" daemon prio=5 tid=3412 timed_waiting
java.lang.Thread.State: TIMED_WAITING
        at java.lang.Thread.sleep(Native Method)
        at org.apache.hadoop.ozone.container.common.statemachine.commandhandler.DeleteBlocksCommandHandler$DeleteCmdWorker.run(DeleteBlocksCommandHandler.java:175)
        at java.lang.Thread.run(Thread.java:748)
"EventQueue-HealthyReadonlyNodeForHealthyReadOnlyNodeHandler" daemon prio=5 tid=3365 in Object.wait()
java.lang.Thread.State: WAITING (on object monitor)
        at sun.misc.Unsafe.park(Native Method)
        at java.util.concurrent.locks.LockSupport.park(LockSupport.java:175)
        at java.util.concurrent.locks.AbstractQueuedSynchronizer$ConditionObject.await(AbstractQueuedSynchronizer.java:2039)
        at java.util.concurrent.LinkedBlockingQueue.take(LinkedBlockingQueue.java:442)
        at java.util.concurrent.ThreadPoolExecutor.getTask(ThreadPoolExecutor.java:1074)
        at java.util.concurrent.ThreadPoolExecutor.runWorker(ThreadPoolExecutor.java:1134)
        at java.util.concurrent.ThreadPoolExecutor$Worker.run(ThreadPoolExecutor.java:624)
        at java.lang.Thread.run(Thread.java:748)
"org.apache.hadoop.util.JvmPauseMonitor$Monitor@434c9944" daemon prio=5 tid=3340 timed_waiting
java.lang.Thread.State: TIMED_WAITING
        at java.lang.Thread.sleep(Native Method)
        at org.apache.hadoop.util.JvmPauseMonitor$Monitor.run(JvmPauseMonitor.java:192)
        at java.lang.Thread.run(Thread.java:748)
"PartialTableCache Cleanup Thread - 0" daemon prio=5 tid=333 in Object.wait()
java.lang.Thread.State: WAITING (on object monitor)
        at sun.misc.Unsafe.park(Native Method)
        at java.util.concurrent.locks.LockSupport.park(LockSupport.java:175)
        at java.util.concurrent.locks.AbstractQueuedSynchronizer$ConditionObject.await(AbstractQueuedSynchronizer.java:2039)
        at java.util.concurrent.LinkedBlockingQueue.take(LinkedBlockingQueue.java:442)
        at java.util.concurrent.ThreadPoolExecutor.getTask(ThreadPoolExecutor.java:1074)
        at java.util.concurrent.ThreadPoolExecutor.runWorker(ThreadPoolExecutor.java:1134)
        at java.util.concurrent.ThreadPoolExecutor$Worker.run(ThreadPoolExecutor.java:624)
        at java.lang.Thread.run(Thread.java:748)
"IPC Server handler 1 on default port 45789" daemon prio=5 tid=137 timed_waiting
java.lang.Thread.State: TIMED_WAITING
        at sun.misc.Unsafe.park(Native Method)
        at java.util.concurrent.locks.LockSupport.parkNanos(LockSupport.java:215)
        at java.util.concurrent.locks.AbstractQueuedSynchronizer$ConditionObject.awaitNanos(AbstractQueuedSynchronizer.java:2078)
        at java.util.concurrent.LinkedBlockingQueue.poll(LinkedBlockingQueue.java:467)
        at org.apache.hadoop.ipc.CallQueueManager.take(CallQueueManager.java:317)
        at org.apache.hadoop.ipc.Server$Handler.run(Server.java:2932)
"IPC Server handler 0 on default port 38125" daemon prio=5 tid=33 timed_waiting
java.lang.Thread.State: TIMED_WAITING
        at sun.misc.Unsafe.park(Native Method)
        at java.util.concurrent.locks.LockSupport.parkNanos(LockSupport.java:215)
        at java.util.concurrent.locks.AbstractQueuedSynchronizer$ConditionObject.awaitNanos(AbstractQueuedSynchronizer.java:2078)
        at java.util.concurrent.LinkedBlockingQueue.poll(LinkedBlockingQueue.java:467)
        at org.apache.hadoop.ipc.CallQueueManager.take(CallQueueManager.java:317)
        at org.apache.hadoop.ipc.Server$Handler.run(Server.java:2932)
"ChunkWriter-1-0" daemon prio=5 tid=3436 in Object.wait()
java.lang.Thread.State: WAITING (on object monitor)
        at sun.misc.Unsafe.park(Native Method)
        at java.util.concurrent.locks.LockSupport.park(LockSupport.java:175)
        at java.util.concurrent.locks.AbstractQueuedSynchronizer$ConditionObject.await(AbstractQueuedSynchronizer.java:2039)
        at java.util.concurrent.LinkedBlockingDeque.takeFirst(LinkedBlockingDeque.java:492)
        at java.util.concurrent.LinkedBlockingDeque.take(LinkedBlockingDeque.java:680)
        at java.util.concurrent.ThreadPoolExecutor.getTask(ThreadPoolExecutor.java:1074)
        at java.util.concurrent.ThreadPoolExecutor.runWorker(ThreadPoolExecutor.java:1134)
        at java.util.concurrent.ThreadPoolExecutor$Worker.run(ThreadPoolExecutor.java:624)
        at java.lang.Thread.run(Thread.java:748)
"qtp685606790-99" daemon prio=5 tid=99 timed_waiting
java.lang.Thread.State: TIMED_WAITING
        at sun.misc.Unsafe.park(Native Method)
        at java.util.concurrent.locks.LockSupport.parkNanos(LockSupport.java:215)
        at java.util.concurrent.locks.AbstractQueuedSynchronizer$ConditionObject.awaitNanos(AbstractQueuedSynchronizer.java:2078)
        at org.eclipse.jetty.util.BlockingArrayQueue.poll(BlockingArrayQueue.java:382)
        at org.eclipse.jetty.util.thread.QueuedThreadPool$Runner.idleJobPoll(QueuedThreadPool.java:974)
        at org.eclipse.jetty.util.thread.QueuedThreadPool$Runner.run(QueuedThreadPool.java:1018)
        at java.lang.Thread.run(Thread.java:748)
"qtp1470711088-131" daemon prio=5 tid=131 timed_waiting
java.lang.Thread.State: TIMED_WAITING
        at sun.misc.Unsafe.park(Native Method)
        at java.util.concurrent.locks.LockSupport.parkNanos(LockSupport.java:215)
        at java.util.concurrent.locks.AbstractQueuedSynchronizer$ConditionObject.awaitNanos(AbstractQueuedSynchronizer.java:2078)
        at org.eclipse.jetty.util.BlockingArrayQueue.poll(BlockingArrayQueue.java:382)
        at org.eclipse.jetty.util.thread.QueuedThreadPool$Runner.idleJobPoll(QueuedThreadPool.java:974)
        at org.eclipse.jetty.util.thread.QueuedThreadPool$Runner.run(QueuedThreadPool.java:1018)
        at java.lang.Thread.run(Thread.java:748)
"FullTableCache Cleanup Thread - 0" daemon prio=5 tid=330 in Object.wait()
java.lang.Thread.State: WAITING (on object monitor)
        at sun.misc.Unsafe.park(Native Method)
        at java.util.concurrent.locks.LockSupport.park(LockSupport.java:175)
        at java.util.concurrent.locks.AbstractQueuedSynchronizer$ConditionObject.await(AbstractQueuedSynchronizer.java:2039)
        at java.util.concurrent.LinkedBlockingQueue.take(LinkedBlockingQueue.java:442)
        at java.util.concurrent.ThreadPoolExecutor.getTask(ThreadPoolExecutor.java:1074)
        at java.util.concurrent.ThreadPoolExecutor.runWorker(ThreadPoolExecutor.java:1134)
        at java.util.concurrent.ThreadPoolExecutor$Worker.run(ThreadPoolExecutor.java:624)
        at java.lang.Thread.run(Thread.java:748)
"Datanode ReportManager Thread - 2" daemon prio=5 tid=3426 in Object.wait()
java.lang.Thread.State: WAITING (on object monitor)
        at sun.misc.Unsafe.park(Native Method)
        at java.util.concurrent.locks.LockSupport.park(LockSupport.java:175)
        at java.util.concurrent.locks.AbstractQueuedSynchronizer$ConditionObject.await(AbstractQueuedSynchronizer.java:2039)
        at java.util.concurrent.ScheduledThreadPoolExecutor$DelayedWorkQueue.take(ScheduledThreadPoolExecutor.java:1088)
        at java.util.concurrent.ScheduledThreadPoolExecutor$DelayedWorkQueue.take(ScheduledThreadPoolExecutor.java:809)
        at java.util.concurrent.ThreadPoolExecutor.getTask(ThreadPoolExecutor.java:1074)
        at java.util.concurrent.ThreadPoolExecutor.runWorker(ThreadPoolExecutor.java:1134)
        at java.util.concurrent.ThreadPoolExecutor$Worker.run(ThreadPoolExecutor.java:624)
        at java.lang.Thread.run(Thread.java:748)
"IPC Server handler 11 on default port 41881" daemon prio=5 tid=84 timed_waiting
java.lang.Thread.State: TIMED_WAITING
        at sun.misc.Unsafe.park(Native Method)
        at java.util.concurrent.locks.LockSupport.parkNanos(LockSupport.java:215)
        at java.util.concurrent.locks.AbstractQueuedSynchronizer$ConditionObject.awaitNanos(AbstractQueuedSynchronizer.java:2078)
        at java.util.concurrent.LinkedBlockingQueue.poll(LinkedBlockingQueue.java:467)
        at org.apache.hadoop.ipc.CallQueueManager.take(CallQueueManager.java:317)
        at org.apache.hadoop.ipc.Server$Handler.run(Server.java:2932)
"IPC Server listener on 0" daemon prio=5 tid=19 runnable
java.lang.Thread.State: RUNNABLE
        at sun.nio.ch.EPollArrayWrapper.epollWait(Native Method)
        at sun.nio.ch.EPollArrayWrapper.poll(EPollArrayWrapper.java:269)
        at sun.nio.ch.EPollSelectorImpl.doSelect(EPollSelectorImpl.java:93)
        at sun.nio.ch.SelectorImpl.lockAndDoSelect(SelectorImpl.java:86)
        at sun.nio.ch.SelectorImpl.select(SelectorImpl.java:97)
        at sun.nio.ch.SelectorImpl.select(SelectorImpl.java:101)
        at org.apache.hadoop.ipc.Server$Listener.run(Server.java:1350)
"IPC Server handler 10 on default port 38125" daemon prio=5 tid=43 timed_waiting
java.lang.Thread.State: TIMED_WAITING
        at sun.misc.Unsafe.park(Native Method)
        at java.util.concurrent.locks.LockSupport.parkNanos(LockSupport.java:215)
        at java.util.concurrent.locks.AbstractQueuedSynchronizer$ConditionObject.awaitNanos(AbstractQueuedSynchronizer.java:2078)
        at java.util.concurrent.LinkedBlockingQueue.poll(LinkedBlockingQueue.java:467)
        at org.apache.hadoop.ipc.CallQueueManager.take(CallQueueManager.java:317)
        at org.apache.hadoop.ipc.Server$Handler.run(Server.java:2932)
"Datanode ReportManager Thread - 4" daemon prio=5 tid=179 timed_waiting
java.lang.Thread.State: TIMED_WAITING
        at sun.misc.Unsafe.park(Native Method)
        at java.util.concurrent.locks.LockSupport.parkNanos(LockSupport.java:215)
        at java.util.concurrent.locks.AbstractQueuedSynchronizer$ConditionObject.awaitNanos(AbstractQueuedSynchronizer.java:2078)
        at java.util.concurrent.ScheduledThreadPoolExecutor$DelayedWorkQueue.take(ScheduledThreadPoolExecutor.java:1093)
        at java.util.concurrent.ScheduledThreadPoolExecutor$DelayedWorkQueue.take(ScheduledThreadPoolExecutor.java:809)
        at java.util.concurrent.ThreadPoolExecutor.getTask(ThreadPoolExecutor.java:1074)
        at java.util.concurrent.ThreadPoolExecutor.runWorker(ThreadPoolExecutor.java:1134)
        at java.util.concurrent.ThreadPoolExecutor$Worker.run(ThreadPoolExecutor.java:624)
        at java.lang.Thread.run(Thread.java:748)
"IPC Server handler 15 on default port 41881" daemon prio=5 tid=88 timed_waiting
java.lang.Thread.State: TIMED_WAITING
        at sun.misc.Unsafe.park(Native Method)
        at java.util.concurrent.locks.LockSupport.parkNanos(LockSupport.java:215)
        at java.util.concurrent.locks.AbstractQueuedSynchronizer$ConditionObject.awaitNanos(AbstractQueuedSynchronizer.java:2078)
        at java.util.concurrent.LinkedBlockingQueue.poll(LinkedBlockingQueue.java:467)
        at org.apache.hadoop.ipc.CallQueueManager.take(CallQueueManager.java:317)
        at org.apache.hadoop.ipc.Server$Handler.run(Server.java:2932)
"grpc-default-boss-ELG-1-1" daemon prio=5 tid=121 runnable
java.lang.Thread.State: RUNNABLE
        at org.apache.ratis.thirdparty.io.netty.channel.epoll.Native.epollWait(Native Method)
        at org.apache.ratis.thirdparty.io.netty.channel.epoll.Native.epollWait(Native.java:177)
        at org.apache.ratis.thirdparty.io.netty.channel.epoll.Native.epollWait(Native.java:170)
        at org.apache.ratis.thirdparty.io.netty.channel.epoll.EpollEventLoop.epollWaitNoTimerChange(EpollEventLoop.java:290)
        at org.apache.ratis.thirdparty.io.netty.channel.epoll.EpollEventLoop.run(EpollEventLoop.java:347)
        at org.apache.ratis.thirdparty.io.netty.util.concurrent.SingleThreadEventExecutor$4.run(SingleThreadEventExecutor.java:989)
        at org.apache.ratis.thirdparty.io.netty.util.internal.ThreadExecutorMap$2.run(ThreadExecutorMap.java:74)
        at org.apache.ratis.thirdparty.io.netty.util.concurrent.FastThreadLocalRunnable.run(FastThreadLocalRunnable.java:30)
        at java.lang.Thread.run(Thread.java:748)
"qtp68500741-3326" daemon prio=5 tid=3326 timed_waiting
java.lang.Thread.State: TIMED_WAITING
        at sun.misc.Unsafe.park(Native Method)
        at java.util.concurrent.locks.LockSupport.parkNanos(LockSupport.java:215)
        at java.util.concurrent.locks.AbstractQueuedSynchronizer$ConditionObject.awaitNanos(AbstractQueuedSynchronizer.java:2078)
        at org.eclipse.jetty.util.BlockingArrayQueue.poll(BlockingArrayQueue.java:382)
        at org.eclipse.jetty.util.thread.QueuedThreadPool$Runner.idleJobPoll(QueuedThreadPool.java:974)
        at org.eclipse.jetty.util.thread.QueuedThreadPool$Runner.run(QueuedThreadPool.java:1018)
        at java.lang.Thread.run(Thread.java:748)
"IPC Server Responder" daemon prio=5 tid=26 runnable
java.lang.Thread.State: RUNNABLE
        at sun.nio.ch.EPollArrayWrapper.epollWait(Native Method)
        at sun.nio.ch.EPollArrayWrapper.poll(EPollArrayWrapper.java:269)
        at sun.nio.ch.EPollSelectorImpl.doSelect(EPollSelectorImpl.java:93)
        at sun.nio.ch.SelectorImpl.lockAndDoSelect(SelectorImpl.java:86)
        at sun.nio.ch.SelectorImpl.select(SelectorImpl.java:97)
        at org.apache.hadoop.ipc.Server$Responder.doRunLoop(Server.java:1527)
        at org.apache.hadoop.ipc.Server$Responder.run(Server.java:1510)
"IPC Server handler 1 on default port 43391" daemon prio=5 tid=54 timed_waiting
java.lang.Thread.State: TIMED_WAITING
        at sun.misc.Unsafe.park(Native Method)
        at java.util.concurrent.locks.LockSupport.parkNanos(LockSupport.java:215)
        at java.util.concurrent.locks.AbstractQueuedSynchronizer$ConditionObject.awaitNanos(AbstractQueuedSynchronizer.java:2078)
        at java.util.concurrent.LinkedBlockingQueue.poll(LinkedBlockingQueue.java:467)
        at org.apache.hadoop.ipc.CallQueueManager.take(CallQueueManager.java:317)
        at org.apache.hadoop.ipc.Server$Handler.run(Server.java:2932)
"pool-448-thread-1"  prio=5 tid=3411 in Object.wait()
java.lang.Thread.State: WAITING (on object monitor)
        at sun.misc.Unsafe.park(Native Method)
        at java.util.concurrent.locks.LockSupport.park(LockSupport.java:175)
        at java.util.concurrent.locks.AbstractQueuedSynchronizer$ConditionObject.await(AbstractQueuedSynchronizer.java:2039)
        at java.util.concurrent.LinkedBlockingQueue.take(LinkedBlockingQueue.java:442)
        at java.util.concurrent.ThreadPoolExecutor.getTask(ThreadPoolExecutor.java:1074)
        at java.util.concurrent.ThreadPoolExecutor.runWorker(ThreadPoolExecutor.java:1134)
        at java.util.concurrent.ThreadPoolExecutor$Worker.run(ThreadPoolExecutor.java:624)
        at java.lang.Thread.run(Thread.java:748)
"prometheus" daemon prio=5 tid=105 in Object.wait()
java.lang.Thread.State: WAITING (on object monitor)
        at java.lang.Object.wait(Native Method)
        at java.lang.Object.wait(Object.java:502)
        at org.apache.hadoop.metrics2.impl.SinkQueue.waitForData(SinkQueue.java:114)
        at org.apache.hadoop.metrics2.impl.SinkQueue.consumeAll(SinkQueue.java:83)
        at org.apache.hadoop.metrics2.impl.MetricsSinkAdapter.publishMetricsFromQueue(MetricsSinkAdapter.java:135)
        at org.apache.hadoop.metrics2.impl.MetricsSinkAdapter$1.run(MetricsSinkAdapter.java:89)
"IPC Server handler 16 on default port 45789" daemon prio=5 tid=152 timed_waiting
java.lang.Thread.State: TIMED_WAITING
        at sun.misc.Unsafe.park(Native Method)
        at java.util.concurrent.locks.LockSupport.parkNanos(LockSupport.java:215)
        at java.util.concurrent.locks.AbstractQueuedSynchronizer$ConditionObject.awaitNanos(AbstractQueuedSynchronizer.java:2078)
        at java.util.concurrent.LinkedBlockingQueue.poll(LinkedBlockingQueue.java:467)
        at org.apache.hadoop.ipc.CallQueueManager.take(CallQueueManager.java:317)
        at org.apache.hadoop.ipc.Server$Handler.run(Server.java:2932)
"java.util.concurrent.ThreadPoolExecutor$Worker@16af630[State = -1, empty queue]" daemon prio=5 tid=3403 in Object.wait()
java.lang.Thread.State: WAITING (on object monitor)
        at sun.misc.Unsafe.park(Native Method)
        at java.util.concurrent.locks.LockSupport.park(LockSupport.java:175)
        at java.util.concurrent.locks.AbstractQueuedSynchronizer$ConditionObject.await(AbstractQueuedSynchronizer.java:2039)
        at java.util.concurrent.ScheduledThreadPoolExecutor$DelayedWorkQueue.take(ScheduledThreadPoolExecutor.java:1081)
        at java.util.concurrent.ScheduledThreadPoolExecutor$DelayedWorkQueue.take(ScheduledThreadPoolExecutor.java:809)
        at java.util.concurrent.ThreadPoolExecutor.getTask(ThreadPoolExecutor.java:1074)
        at java.util.concurrent.ThreadPoolExecutor.runWorker(ThreadPoolExecutor.java:1134)
        at java.util.concurrent.ThreadPoolExecutor$Worker.run(ThreadPoolExecutor.java:624)
        at java.lang.Thread.run(Thread.java:748)
"IPC Server handler 6 on default port 43391" daemon prio=5 tid=59 timed_waiting
java.lang.Thread.State: TIMED_WAITING
        at sun.misc.Unsafe.park(Native Method)
        at java.util.concurrent.locks.LockSupport.parkNanos(LockSupport.java:215)
        at java.util.concurrent.locks.AbstractQueuedSynchronizer$ConditionObject.awaitNanos(AbstractQueuedSynchronizer.java:2078)
        at java.util.concurrent.LinkedBlockingQueue.poll(LinkedBlockingQueue.java:467)
        at org.apache.hadoop.ipc.CallQueueManager.take(CallQueueManager.java:317)
        at org.apache.hadoop.ipc.Server$Handler.run(Server.java:2932)
"om1@group-C5BA1605619E-LeaderStateImpl" daemon prio=5 tid=198 timed_waiting
java.lang.Thread.State: TIMED_WAITING
        at sun.misc.Unsafe.park(Native Method)
        at java.util.concurrent.locks.LockSupport.parkNanos(LockSupport.java:215)
        at java.util.concurrent.locks.AbstractQueuedSynchronizer$ConditionObject.awaitNanos(AbstractQueuedSynchronizer.java:2078)
        at java.util.concurrent.ArrayBlockingQueue.poll(ArrayBlockingQueue.java:418)
        at org.apache.ratis.server.impl.LeaderStateImpl$EventQueue.poll(LeaderStateImpl.java:156)
        at org.apache.ratis.server.impl.LeaderStateImpl$EventProcessor.run(LeaderStateImpl.java:600)
"pool-18-thread-1"  prio=5 tid=95 timed_waiting
java.lang.Thread.State: TIMED_WAITING
        at sun.misc.Unsafe.park(Native Method)
        at java.util.concurrent.locks.LockSupport.parkNanos(LockSupport.java:215)
        at java.util.concurrent.locks.AbstractQueuedSynchronizer$ConditionObject.awaitNanos(AbstractQueuedSynchronizer.java:2078)
        at java.util.concurrent.ScheduledThreadPoolExecutor$DelayedWorkQueue.take(ScheduledThreadPoolExecutor.java:1093)
        at java.util.concurrent.ScheduledThreadPoolExecutor$DelayedWorkQueue.take(ScheduledThreadPoolExecutor.java:809)
        at java.util.concurrent.ThreadPoolExecutor.getTask(ThreadPoolExecutor.java:1074)
        at java.util.concurrent.ThreadPoolExecutor.runWorker(ThreadPoolExecutor.java:1134)
        at java.util.concurrent.ThreadPoolExecutor$Worker.run(ThreadPoolExecutor.java:624)
        at java.lang.Thread.run(Thread.java:748)
"ChunkWriter-2-0" daemon prio=5 tid=3349 in Object.wait()
java.lang.Thread.State: WAITING (on object monitor)
        at sun.misc.Unsafe.park(Native Method)
        at java.util.concurrent.locks.LockSupport.park(LockSupport.java:175)
        at java.util.concurrent.locks.AbstractQueuedSynchronizer$ConditionObject.await(AbstractQueuedSynchronizer.java:2039)
        at java.util.concurrent.LinkedBlockingDeque.takeFirst(LinkedBlockingDeque.java:492)
        at java.util.concurrent.LinkedBlockingDeque.take(LinkedBlockingDeque.java:680)
        at java.util.concurrent.ThreadPoolExecutor.getTask(ThreadPoolExecutor.java:1074)
        at java.util.concurrent.ThreadPoolExecutor.runWorker(ThreadPoolExecutor.java:1134)
        at java.util.concurrent.ThreadPoolExecutor$Worker.run(ThreadPoolExecutor.java:624)
        at java.lang.Thread.run(Thread.java:748)
"EventQueue-ContainerReportForContainerReportHandler" daemon prio=5 tid=272 in Object.wait()
java.lang.Thread.State: WAITING (on object monitor)
        at sun.misc.Unsafe.park(Native Method)
        at java.util.concurrent.locks.LockSupport.park(LockSupport.java:175)
        at java.util.concurrent.locks.AbstractQueuedSynchronizer$ConditionObject.await(AbstractQueuedSynchronizer.java:2039)
        at java.util.concurrent.LinkedBlockingQueue.take(LinkedBlockingQueue.java:442)
        at java.util.concurrent.ThreadPoolExecutor.getTask(ThreadPoolExecutor.java:1074)
        at java.util.concurrent.ThreadPoolExecutor.runWorker(ThreadPoolExecutor.java:1134)
        at java.util.concurrent.ThreadPoolExecutor$Worker.run(ThreadPoolExecutor.java:624)
        at java.lang.Thread.run(Thread.java:748)
"IPC Server handler 12 on default port 45789" daemon prio=5 tid=148 timed_waiting
java.lang.Thread.State: TIMED_WAITING
        at sun.misc.Unsafe.park(Native Method)
        at java.util.concurrent.locks.LockSupport.parkNanos(LockSupport.java:215)
        at java.util.concurrent.locks.AbstractQueuedSynchronizer$ConditionObject.awaitNanos(AbstractQueuedSynchronizer.java:2078)
        at java.util.concurrent.LinkedBlockingQueue.poll(LinkedBlockingQueue.java:467)
        at org.apache.hadoop.ipc.CallQueueManager.take(CallQueueManager.java:317)
        at org.apache.hadoop.ipc.Server$Handler.run(Server.java:2932)
"Datanode ReportManager Thread - 3" daemon prio=5 tid=205 in Object.wait()
java.lang.Thread.State: WAITING (on object monitor)
        at sun.misc.Unsafe.park(Native Method)
        at java.util.concurrent.locks.LockSupport.park(LockSupport.java:175)
        at java.util.concurrent.locks.AbstractQueuedSynchronizer$ConditionObject.await(AbstractQueuedSynchronizer.java:2039)
        at java.util.concurrent.ScheduledThreadPoolExecutor$DelayedWorkQueue.take(ScheduledThreadPoolExecutor.java:1088)
        at java.util.concurrent.ScheduledThreadPoolExecutor$DelayedWorkQueue.take(ScheduledThreadPoolExecutor.java:809)
        at java.util.concurrent.ThreadPoolExecutor.getTask(ThreadPoolExecutor.java:1074)
        at java.util.concurrent.ThreadPoolExecutor.runWorker(ThreadPoolExecutor.java:1134)
        at java.util.concurrent.ThreadPoolExecutor$Worker.run(ThreadPoolExecutor.java:624)
        at java.lang.Thread.run(Thread.java:748)
"BlockDeletingService#3" daemon prio=5 tid=3610 in Object.wait()
java.lang.Thread.State: WAITING (on object monitor)
        at sun.misc.Unsafe.park(Native Method)
        at java.util.concurrent.locks.LockSupport.park(LockSupport.java:175)
        at java.util.concurrent.locks.AbstractQueuedSynchronizer$ConditionObject.await(AbstractQueuedSynchronizer.java:2039)
        at java.util.concurrent.ScheduledThreadPoolExecutor$DelayedWorkQueue.take(ScheduledThreadPoolExecutor.java:1088)
        at java.util.concurrent.ScheduledThreadPoolExecutor$DelayedWorkQueue.take(ScheduledThreadPoolExecutor.java:809)
        at java.util.concurrent.ThreadPoolExecutor.getTask(ThreadPoolExecutor.java:1074)
        at java.util.concurrent.ThreadPoolExecutor.runWorker(ThreadPoolExecutor.java:1134)
        at java.util.concurrent.ThreadPoolExecutor$Worker.run(ThreadPoolExecutor.java:624)
        at java.lang.Thread.run(Thread.java:748)
"Datanode ReportManager Thread - 1" daemon prio=5 tid=203 timed_waiting
java.lang.Thread.State: TIMED_WAITING
        at sun.misc.Unsafe.park(Native Method)
        at java.util.concurrent.locks.LockSupport.parkNanos(LockSupport.java:215)
        at java.util.concurrent.locks.AbstractQueuedSynchronizer$ConditionObject.awaitNanos(AbstractQueuedSynchronizer.java:2078)
        at java.util.concurrent.ScheduledThreadPoolExecutor$DelayedWorkQueue.take(ScheduledThreadPoolExecutor.java:1093)
        at java.util.concurrent.ScheduledThreadPoolExecutor$DelayedWorkQueue.take(ScheduledThreadPoolExecutor.java:809)
        at java.util.concurrent.ThreadPoolExecutor.getTask(ThreadPoolExecutor.java:1074)
        at java.util.concurrent.ThreadPoolExecutor.runWorker(ThreadPoolExecutor.java:1134)
        at java.util.concurrent.ThreadPoolExecutor$Worker.run(ThreadPoolExecutor.java:624)
        at java.lang.Thread.run(Thread.java:748)
"Socket Reader #1 for port 0"  prio=5 tid=114 runnable
java.lang.Thread.State: RUNNABLE
        at sun.nio.ch.EPollArrayWrapper.epollWait(Native Method)
        at sun.nio.ch.EPollArrayWrapper.poll(EPollArrayWrapper.java:269)
        at sun.nio.ch.EPollSelectorImpl.doSelect(EPollSelectorImpl.java:93)
        at sun.nio.ch.SelectorImpl.lockAndDoSelect(SelectorImpl.java:86)
        at sun.nio.ch.SelectorImpl.select(SelectorImpl.java:97)
        at sun.nio.ch.SelectorImpl.select(SelectorImpl.java:101)
        at org.apache.hadoop.ipc.Server$Listener$Reader.doRunLoop(Server.java:1288)
        at org.apache.hadoop.ipc.Server$Listener$Reader.run(Server.java:1267)
"qtp685606790-100" daemon prio=5 tid=100 timed_waiting
java.lang.Thread.State: TIMED_WAITING
        at sun.misc.Unsafe.park(Native Method)
        at java.util.concurrent.locks.LockSupport.parkNanos(LockSupport.java:215)
        at java.util.concurrent.locks.AbstractQueuedSynchronizer$ConditionObject.awaitNanos(AbstractQueuedSynchronizer.java:2078)
        at org.eclipse.jetty.util.BlockingArrayQueue.poll(BlockingArrayQueue.java:382)
        at org.eclipse.jetty.util.thread.QueuedThreadPool$Runner.idleJobPoll(QueuedThreadPool.java:974)
        at org.eclipse.jetty.util.thread.QueuedThreadPool$Runner.run(QueuedThreadPool.java:1018)
        at java.lang.Thread.run(Thread.java:748)
"IPC Server handler 9 on default port 41881" daemon prio=5 tid=82 timed_waiting
java.lang.Thread.State: TIMED_WAITING
        at sun.misc.Unsafe.park(Native Method)
        at java.util.concurrent.locks.LockSupport.parkNanos(LockSupport.java:215)
        at java.util.concurrent.locks.AbstractQueuedSynchronizer$ConditionObject.awaitNanos(AbstractQueuedSynchronizer.java:2078)
        at java.util.concurrent.LinkedBlockingQueue.poll(LinkedBlockingQueue.java:467)
        at org.apache.hadoop.ipc.CallQueueManager.take(CallQueueManager.java:317)
        at org.apache.hadoop.ipc.Server$Handler.run(Server.java:2932)
"IPC Server handler 11 on default port 38125" daemon prio=5 tid=44 timed_waiting
java.lang.Thread.State: TIMED_WAITING
        at sun.misc.Unsafe.park(Native Method)
        at java.util.concurrent.locks.LockSupport.parkNanos(LockSupport.java:215)
        at java.util.concurrent.locks.AbstractQueuedSynchronizer$ConditionObject.awaitNanos(AbstractQueuedSynchronizer.java:2078)
        at java.util.concurrent.LinkedBlockingQueue.poll(LinkedBlockingQueue.java:467)
        at org.apache.hadoop.ipc.CallQueueManager.take(CallQueueManager.java:317)
        at org.apache.hadoop.ipc.Server$Handler.run(Server.java:2932)
"qtp2126024846-3418" daemon prio=5 tid=3418 timed_waiting
java.lang.Thread.State: TIMED_WAITING
        at sun.misc.Unsafe.park(Native Method)
        at java.util.concurrent.locks.LockSupport.parkNanos(LockSupport.java:215)
        at java.util.concurrent.locks.AbstractQueuedSynchronizer$ConditionObject.awaitNanos(AbstractQueuedSynchronizer.java:2078)
        at org.eclipse.jetty.util.BlockingArrayQueue.poll(BlockingArrayQueue.java:382)
        at org.eclipse.jetty.util.thread.QueuedThreadPool$Runner.idleJobPoll(QueuedThreadPool.java:974)
        at org.eclipse.jetty.util.thread.QueuedThreadPool$Runner.run(QueuedThreadPool.java:1018)
        at java.lang.Thread.run(Thread.java:748)
"Datanode State Machine Daemon Thread" daemon prio=5 tid=3423 timed_waiting
java.lang.Thread.State: TIMED_WAITING
        at sun.misc.Unsafe.park(Native Method)
        at java.util.concurrent.locks.LockSupport.parkNanos(LockSupport.java:215)
        at java.util.concurrent.locks.AbstractQueuedSynchronizer$ConditionObject.awaitNanos(AbstractQueuedSynchronizer.java:2078)
        at java.util.concurrent.LinkedBlockingQueue.poll(LinkedBlockingQueue.java:467)
        at java.util.concurrent.ExecutorCompletionService.poll(ExecutorCompletionService.java:202)
        at org.apache.hadoop.ozone.container.common.states.datanode.RunningDatanodeState.await(RunningDatanodeState.java:224)
        at org.apache.hadoop.ozone.container.common.states.datanode.RunningDatanodeState.await(RunningDatanodeState.java:50)
        at org.apache.hadoop.ozone.container.common.statemachine.StateContext.execute(StateContext.java:633)
        at org.apache.hadoop.ozone.container.common.statemachine.DatanodeStateMachine.start(DatanodeStateMachine.java:280)
        at org.apache.hadoop.ozone.container.common.statemachine.DatanodeStateMachine.lambda$startDaemon$0(DatanodeStateMachine.java:468)
        at org.apache.hadoop.ozone.container.common.statemachine.DatanodeStateMachine$$Lambda$570/549102827.run(Unknown Source)
        at java.lang.Thread.run(Thread.java:748)
"ChunkWriter-1-0" daemon prio=5 tid=3348 in Object.wait()
java.lang.Thread.State: WAITING (on object monitor)
        at sun.misc.Unsafe.park(Native Method)
        at java.util.concurrent.locks.LockSupport.park(LockSupport.java:175)
        at java.util.concurrent.locks.AbstractQueuedSynchronizer$ConditionObject.await(AbstractQueuedSynchronizer.java:2039)
        at java.util.concurrent.LinkedBlockingDeque.takeFirst(LinkedBlockingDeque.java:492)
        at java.util.concurrent.LinkedBlockingDeque.take(LinkedBlockingDeque.java:680)
        at java.util.concurrent.ThreadPoolExecutor.getTask(ThreadPoolExecutor.java:1074)
        at java.util.concurrent.ThreadPoolExecutor.runWorker(ThreadPoolExecutor.java:1134)
        at java.util.concurrent.ThreadPoolExecutor$Worker.run(ThreadPoolExecutor.java:624)
        at java.lang.Thread.run(Thread.java:748)
"java.util.concurrent.ThreadPoolExecutor$Worker@62170f89[State = -1, empty queue]" daemon prio=5 tid=1173 timed_waiting
java.lang.Thread.State: TIMED_WAITING
        at sun.misc.Unsafe.park(Native Method)
        at java.util.concurrent.locks.LockSupport.parkNanos(LockSupport.java:215)
        at java.util.concurrent.locks.AbstractQueuedSynchronizer$ConditionObject.awaitNanos(AbstractQueuedSynchronizer.java:2078)
        at java.util.concurrent.ScheduledThreadPoolExecutor$DelayedWorkQueue.take(ScheduledThreadPoolExecutor.java:1093)
        at java.util.concurrent.ScheduledThreadPoolExecutor$DelayedWorkQueue.take(ScheduledThreadPoolExecutor.java:809)
        at java.util.concurrent.ThreadPoolExecutor.getTask(ThreadPoolExecutor.java:1074)
        at java.util.concurrent.ThreadPoolExecutor.runWorker(ThreadPoolExecutor.java:1134)
        at java.util.concurrent.ThreadPoolExecutor$Worker.run(ThreadPoolExecutor.java:624)
        at java.lang.Thread.run(Thread.java:748)


	at org.apache.ozone.test.GenericTestUtils.waitFor(GenericTestUtils.java:225)
	at org.apache.hadoop.ozone.MiniOzoneClusterImpl.waitForHddsDatanodesStop(MiniOzoneClusterImpl.java:385)
	at org.apache.hadoop.ozone.MiniOzoneClusterImpl.restartHddsDatanode(MiniOzoneClusterImpl.java:417)
	at org.apache.hadoop.ozone.MiniOzoneClusterImpl.restartHddsDatanode(MiniOzoneClusterImpl.java:433)
	at org.apache.hadoop.ozone.client.rpc.TestOzoneRpcClientAbstract.testZReadKeyWithUnhealthyContainerReplica(TestOzoneRpcClientAbstract.java:1596)
	at sun.reflect.NativeMethodAccessorImpl.invoke0(Native Method)
	at sun.reflect.NativeMethodAccessorImpl.invoke(NativeMethodAccessorImpl.java:62)
	at sun.reflect.DelegatingMethodAccessorImpl.invoke(DelegatingMethodAccessorImpl.java:43)
	at java.lang.reflect.Method.invoke(Method.java:498)
	at org.junit.runners.model.FrameworkMethod$1.runReflectiveCall(FrameworkMethod.java:59)
	at org.junit.internal.runners.model.ReflectiveCallable.run(ReflectiveCallable.java:12)
	at org.junit.runners.model.FrameworkMethod.invokeExplosively(FrameworkMethod.java:56)
	at org.junit.internal.runners.statements.InvokeMethod.evaluate(InvokeMethod.java:17)
	at org.junit.runners.ParentRunner$3.evaluate(ParentRunner.java:306)
	at org.junit.runners.BlockJUnit4ClassRunner$1.evaluate(BlockJUnit4ClassRunner.java:100)
	at org.junit.runners.ParentRunner.runLeaf(ParentRunner.java:366)
	at org.junit.runners.BlockJUnit4ClassRunner.runChild(BlockJUnit4ClassRunner.java:103)
	at org.junit.runners.BlockJUnit4ClassRunner.runChild(BlockJUnit4ClassRunner.java:63)
	at org.junit.runners.ParentRunner$4.run(ParentRunner.java:331)
	at org.junit.runners.ParentRunner$1.schedule(ParentRunner.java:79)
	at org.junit.runners.ParentRunner.runChildren(ParentRunner.java:329)
	at org.junit.runners.ParentRunner.access$100(ParentRunner.java:66)
	at org.junit.runners.ParentRunner$2.evaluate(ParentRunner.java:293)
	at org.junit.internal.runners.statements.RunBefores.evaluate(RunBefores.java:26)
	at org.junit.internal.runners.statements.RunAfters.evaluate(RunAfters.java:27)
	at org.junit.runners.ParentRunner$3.evaluate(ParentRunner.java:306)
	at org.junit.runners.ParentRunner.run(ParentRunner.java:413)
	at org.junit.runner.JUnitCore.run(JUnitCore.java:137)
	at org.junit.runner.JUnitCore.run(JUnitCore.java:115)
	at org.junit.vintage.engine.execution.RunnerExecutor.execute(RunnerExecutor.java:43)
	at java.util.stream.ForEachOps$ForEachOp$OfRef.accept(ForEachOps.java:183)
	at java.util.stream.ReferencePipeline$3$1.accept(ReferencePipeline.java:193)
	at java.util.Iterator.forEachRemaining(Iterator.java:116)
	at java.util.Spliterators$IteratorSpliterator.forEachRemaining(Spliterators.java:1801)
	at java.util.stream.AbstractPipeline.copyInto(AbstractPipeline.java:482)
	at java.util.stream.AbstractPipeline.wrapAndCopyInto(AbstractPipeline.java:472)
	at java.util.stream.ForEachOps$ForEachOp.evaluateSequential(ForEachOps.java:150)
	at java.util.stream.ForEachOps$ForEachOp$OfRef.evaluateSequential(ForEachOps.java:173)
	at java.util.stream.AbstractPipeline.evaluate(AbstractPipeline.java:234)
	at java.util.stream.ReferencePipeline.forEach(ReferencePipeline.java:485)
	at org.junit.vintage.engine.VintageTestEngine.executeAllChildren(VintageTestEngine.java:82)
	at org.junit.vintage.engine.VintageTestEngine.execute(VintageTestEngine.java:73)
	at org.junit.platform.launcher.core.EngineExecutionOrchestrator.execute(EngineExecutionOrchestrator.java:108)
	at org.junit.platform.launcher.core.EngineExecutionOrchestrator.execute(EngineExecutionOrchestrator.java:88)
	at org.junit.platform.launcher.core.EngineExecutionOrchestrator.lambda$execute$0(EngineExecutionOrchestrator.java:54)
	at org.junit.platform.launcher.core.EngineExecutionOrchestrator.withInterceptedStreams(EngineExecutionOrchestrator.java:67)
	at org.junit.platform.launcher.core.EngineExecutionOrchestrator.execute(EngineExecutionOrchestrator.java:52)
	at org.junit.platform.launcher.core.DefaultLauncher.execute(DefaultLauncher.java:96)
	at org.junit.platform.launcher.core.DefaultLauncher.execute(DefaultLauncher.java:75)
	at org.apache.maven.surefire.junitplatform.JUnitPlatformProvider.invokeAllTests(JUnitPlatformProvider.java:142)
	at org.apache.maven.surefire.junitplatform.JUnitPlatformProvider.invoke(JUnitPlatformProvider.java:113)
	at org.apache.maven.surefire.booter.ForkedBooter.invokeProviderInSameClassLoader(ForkedBooter.java:384)
	at org.apache.maven.surefire.booter.ForkedBooter.runSuitesInProcess(ForkedBooter.java:345)
	at org.apache.maven.surefire.booter.ForkedBooter.execute(ForkedBooter.java:126)
	at org.apache.maven.surefire.booter.ForkedBooter.main(ForkedBooter.java:418)
]]></error>
    <system-out><![CDATA[2021-12-22 01:07:36,626 [Listener at 127.0.0.1/45789] INFO  rpc.RpcClient (RpcClient.java:createVolume(389)) - Creating Volume: 40f764e2-2520-430b-b84d-d927a8d56895, with runner as owner and space quota set to -1 bytes, counts quota set to -1
2021-12-22 01:07:36,627 [OM StateMachine ApplyTransaction Thread - 0] INFO  volume.OMVolumeCreateRequest (OMVolumeCreateRequest.java:validateAndUpdateCache(195)) - created volume:40f764e2-2520-430b-b84d-d927a8d56895 for user:runner
2021-12-22 01:07:36,628 [Listener at 127.0.0.1/45789] INFO  rpc.RpcClient (RpcClient.java:createBucket(552)) - Creating Bucket: 40f764e2-2520-430b-b84d-d927a8d56895/d9f7cd11-df9e-40ae-b7ff-dd09f6735123, with runner as owner and Versioning false and Storage Type set to DISK and Encryption set to false 
2021-12-22 01:07:36,676 [IPC Server handler 16 on default port 43391] WARN  node.SCMNodeManager (SCMNodeManager.java:getNodesByAddress(1068)) - Cannot find node for address 127.0.0.1
2021-12-22 01:07:36,685 [Listener at 127.0.0.1/45789] WARN  keyvalue.KeyValueContainer (KeyValueContainer.java:markContainerUnhealthy(303)) - Moving container /home/runner/work/ozone/ozone/hadoop-ozone/integration-test/target/test-dir/MiniOzoneClusterImpl-042c0a5d-b585-40ed-8543-7186e0d9815b/datanode-0/data-0/containers/hdds/042c0a5d-b585-40ed-8543-7186e0d9815b/current/containerDir0/3 to state UNHEALTHY from state:UNHEALTHY Trace:java.lang.Thread.getStackTrace(Thread.java:1559)
org.apache.hadoop.util.StringUtils.getStackTrace(StringUtils.java:1060)
org.apache.hadoop.ozone.container.keyvalue.KeyValueContainer.markContainerUnhealthy(KeyValueContainer.java:305)
org.apache.hadoop.ozone.client.rpc.TestOzoneRpcClientAbstract.testZReadKeyWithUnhealthyContainerReplica(TestOzoneRpcClientAbstract.java:1576)
sun.reflect.NativeMethodAccessorImpl.invoke0(Native Method)
sun.reflect.NativeMethodAccessorImpl.invoke(NativeMethodAccessorImpl.java:62)
sun.reflect.DelegatingMethodAccessorImpl.invoke(DelegatingMethodAccessorImpl.java:43)
java.lang.reflect.Method.invoke(Method.java:498)
org.junit.runners.model.FrameworkMethod$1.runReflectiveCall(FrameworkMethod.java:59)
org.junit.internal.runners.model.ReflectiveCallable.run(ReflectiveCallable.java:12)
org.junit.runners.model.FrameworkMethod.invokeExplosively(FrameworkMethod.java:56)
org.junit.internal.runners.statements.InvokeMethod.evaluate(InvokeMethod.java:17)
org.junit.runners.ParentRunner$3.evaluate(ParentRunner.java:306)
org.junit.runners.BlockJUnit4ClassRunner$1.evaluate(BlockJUnit4ClassRunner.java:100)
org.junit.runners.ParentRunner.runLeaf(ParentRunner.java:366)
org.junit.runners.BlockJUnit4ClassRunner.runChild(BlockJUnit4ClassRunner.java:103)
org.junit.runners.BlockJUnit4ClassRunner.runChild(BlockJUnit4ClassRunner.java:63)
org.junit.runners.ParentRunner$4.run(ParentRunner.java:331)
org.junit.runners.ParentRunner$1.schedule(ParentRunner.java:79)
org.junit.runners.ParentRunner.runChildren(ParentRunner.java:329)
org.junit.runners.ParentRunner.access$100(ParentRunner.java:66)
org.junit.runners.ParentRunner$2.evaluate(ParentRunner.java:293)
org.junit.internal.runners.statements.RunBefores.evaluate(RunBefores.java:26)
org.junit.internal.runners.statements.RunAfters.evaluate(RunAfters.java:27)
org.junit.runners.ParentRunner$3.evaluate(ParentRunner.java:306)
org.junit.runners.ParentRunner.run(ParentRunner.java:413)
org.junit.runner.JUnitCore.run(JUnitCore.java:137)
org.junit.runner.JUnitCore.run(JUnitCore.java:115)
org.junit.vintage.engine.execution.RunnerExecutor.execute(RunnerExecutor.java:43)
java.util.stream.ForEachOps$ForEachOp$OfRef.accept(ForEachOps.java:183)
java.util.stream.ReferencePipeline$3$1.accept(ReferencePipeline.java:193)
java.util.Iterator.forEachRemaining(Iterator.java:116)
java.util.Spliterators$IteratorSpliterator.forEachRemaining(Spliterators.java:1801)
java.util.stream.AbstractPipeline.copyInto(AbstractPipeline.java:482)
java.util.stream.AbstractPipeline.wrapAndCopyInto(AbstractPipeline.java:472)
java.util.stream.ForEachOps$ForEachOp.evaluateSequential(ForEachOps.java:150)
java.util.stream.ForEachOps$ForEachOp$OfRef.evaluateSequential(ForEachOps.java:173)
java.util.stream.AbstractPipeline.evaluate(AbstractPipeline.java:234)
java.util.stream.ReferencePipeline.forEach(ReferencePipeline.java:485)
org.junit.vintage.engine.VintageTestEngine.executeAllChildren(VintageTestEngine.java:82)
org.junit.vintage.engine.VintageTestEngine.execute(VintageTestEngine.java:73)
org.junit.platform.launcher.core.EngineExecutionOrchestrator.execute(EngineExecutionOrchestrator.java:108)
org.junit.platform.launcher.core.EngineExecutionOrchestrator.execute(EngineExecutionOrchestrator.java:88)
org.junit.platform.launcher.core.EngineExecutionOrchestrator.lambda$execute$0(EngineExecutionOrchestrator.java:54)
org.junit.platform.launcher.core.EngineExecutionOrchestrator.withInterceptedStreams(EngineExecutionOrchestrator.java:67)
org.junit.platform.launcher.core.EngineExecutionOrchestrator.execute(EngineExecutionOrchestrator.java:52)
org.junit.platform.launcher.core.DefaultLauncher.execute(DefaultLauncher.java:96)
org.junit.platform.launcher.core.DefaultLauncher.execute(DefaultLauncher.java:75)
org.apache.maven.surefire.junitplatform.JUnitPlatformProvider.invokeAllTests(JUnitPlatformProvider.java:142)
org.apache.maven.surefire.junitplatform.JUnitPlatformProvider.invoke(JUnitPlatformProvider.java:113)
org.apache.maven.surefire.booter.ForkedBooter.invokeProviderInSameClassLoader(ForkedBooter.java:384)
org.apache.maven.surefire.booter.ForkedBooter.runSuitesInProcess(ForkedBooter.java:345)
org.apache.maven.surefire.booter.ForkedBooter.execute(ForkedBooter.java:126)
org.apache.maven.surefire.booter.ForkedBooter.main(ForkedBooter.java:418)

2021-12-22 01:07:36,694 [Listener at 127.0.0.1/45789] WARN  keyvalue.KeyValueContainer (KeyValueContainer.java:markContainerUnhealthy(303)) - Moving container /home/runner/work/ozone/ozone/hadoop-ozone/integration-test/target/test-dir/MiniOzoneClusterImpl-042c0a5d-b585-40ed-8543-7186e0d9815b/datanode-1/data-0/containers/hdds/042c0a5d-b585-40ed-8543-7186e0d9815b/current/containerDir0/3 to state UNHEALTHY from state:UNHEALTHY Trace:java.lang.Thread.getStackTrace(Thread.java:1559)
org.apache.hadoop.util.StringUtils.getStackTrace(StringUtils.java:1060)
org.apache.hadoop.ozone.container.keyvalue.KeyValueContainer.markContainerUnhealthy(KeyValueContainer.java:305)
org.apache.hadoop.ozone.client.rpc.TestOzoneRpcClientAbstract.testZReadKeyWithUnhealthyContainerReplica(TestOzoneRpcClientAbstract.java:1576)
sun.reflect.NativeMethodAccessorImpl.invoke0(Native Method)
sun.reflect.NativeMethodAccessorImpl.invoke(NativeMethodAccessorImpl.java:62)
sun.reflect.DelegatingMethodAccessorImpl.invoke(DelegatingMethodAccessorImpl.java:43)
java.lang.reflect.Method.invoke(Method.java:498)
org.junit.runners.model.FrameworkMethod$1.runReflectiveCall(FrameworkMethod.java:59)
org.junit.internal.runners.model.ReflectiveCallable.run(ReflectiveCallable.java:12)
org.junit.runners.model.FrameworkMethod.invokeExplosively(FrameworkMethod.java:56)
org.junit.internal.runners.statements.InvokeMethod.evaluate(InvokeMethod.java:17)
org.junit.runners.ParentRunner$3.evaluate(ParentRunner.java:306)
org.junit.runners.BlockJUnit4ClassRunner$1.evaluate(BlockJUnit4ClassRunner.java:100)
org.junit.runners.ParentRunner.runLeaf(ParentRunner.java:366)
org.junit.runners.BlockJUnit4ClassRunner.runChild(BlockJUnit4ClassRunner.java:103)
org.junit.runners.BlockJUnit4ClassRunner.runChild(BlockJUnit4ClassRunner.java:63)
org.junit.runners.ParentRunner$4.run(ParentRunner.java:331)
org.junit.runners.ParentRunner$1.schedule(ParentRunner.java:79)
org.junit.runners.ParentRunner.runChildren(ParentRunner.java:329)
org.junit.runners.ParentRunner.access$100(ParentRunner.java:66)
org.junit.runners.ParentRunner$2.evaluate(ParentRunner.java:293)
org.junit.internal.runners.statements.RunBefores.evaluate(RunBefores.java:26)
org.junit.internal.runners.statements.RunAfters.evaluate(RunAfters.java:27)
org.junit.runners.ParentRunner$3.evaluate(ParentRunner.java:306)
org.junit.runners.ParentRunner.run(ParentRunner.java:413)
org.junit.runner.JUnitCore.run(JUnitCore.java:137)
org.junit.runner.JUnitCore.run(JUnitCore.java:115)
org.junit.vintage.engine.execution.RunnerExecutor.execute(RunnerExecutor.java:43)
java.util.stream.ForEachOps$ForEachOp$OfRef.accept(ForEachOps.java:183)
java.util.stream.ReferencePipeline$3$1.accept(ReferencePipeline.java:193)
java.util.Iterator.forEachRemaining(Iterator.java:116)
java.util.Spliterators$IteratorSpliterator.forEachRemaining(Spliterators.java:1801)
java.util.stream.AbstractPipeline.copyInto(AbstractPipeline.java:482)
java.util.stream.AbstractPipeline.wrapAndCopyInto(AbstractPipeline.java:472)
java.util.stream.ForEachOps$ForEachOp.evaluateSequential(ForEachOps.java:150)
java.util.stream.ForEachOps$ForEachOp$OfRef.evaluateSequential(ForEachOps.java:173)
java.util.stream.AbstractPipeline.evaluate(AbstractPipeline.java:234)
java.util.stream.ReferencePipeline.forEach(ReferencePipeline.java:485)
org.junit.vintage.engine.VintageTestEngine.executeAllChildren(VintageTestEngine.java:82)
org.junit.vintage.engine.VintageTestEngine.execute(VintageTestEngine.java:73)
org.junit.platform.launcher.core.EngineExecutionOrchestrator.execute(EngineExecutionOrchestrator.java:108)
org.junit.platform.launcher.core.EngineExecutionOrchestrator.execute(EngineExecutionOrchestrator.java:88)
org.junit.platform.launcher.core.EngineExecutionOrchestrator.lambda$execute$0(EngineExecutionOrchestrator.java:54)
org.junit.platform.launcher.core.EngineExecutionOrchestrator.withInterceptedStreams(EngineExecutionOrchestrator.java:67)
org.junit.platform.launcher.core.EngineExecutionOrchestrator.execute(EngineExecutionOrchestrator.java:52)
org.junit.platform.launcher.core.DefaultLauncher.execute(DefaultLauncher.java:96)
org.junit.platform.launcher.core.DefaultLauncher.execute(DefaultLauncher.java:75)
org.apache.maven.surefire.junitplatform.JUnitPlatformProvider.invokeAllTests(JUnitPlatformProvider.java:142)
org.apache.maven.surefire.junitplatform.JUnitPlatformProvider.invoke(JUnitPlatformProvider.java:113)
org.apache.maven.surefire.booter.ForkedBooter.invokeProviderInSameClassLoader(ForkedBooter.java:384)
org.apache.maven.surefire.booter.ForkedBooter.runSuitesInProcess(ForkedBooter.java:345)
org.apache.maven.surefire.booter.ForkedBooter.execute(ForkedBooter.java:126)
org.apache.maven.surefire.booter.ForkedBooter.main(ForkedBooter.java:418)

2021-12-22 01:07:36,698 [Listener at 127.0.0.1/45789] WARN  keyvalue.KeyValueContainer (KeyValueContainer.java:markContainerUnhealthy(303)) - Moving container /home/runner/work/ozone/ozone/hadoop-ozone/integration-test/target/test-dir/MiniOzoneClusterImpl-042c0a5d-b585-40ed-8543-7186e0d9815b/datanode-2/data-0/containers/hdds/042c0a5d-b585-40ed-8543-7186e0d9815b/current/containerDir0/3 to state UNHEALTHY from state:UNHEALTHY Trace:java.lang.Thread.getStackTrace(Thread.java:1559)
org.apache.hadoop.util.StringUtils.getStackTrace(StringUtils.java:1060)
org.apache.hadoop.ozone.container.keyvalue.KeyValueContainer.markContainerUnhealthy(KeyValueContainer.java:305)
org.apache.hadoop.ozone.client.rpc.TestOzoneRpcClientAbstract.testZReadKeyWithUnhealthyContainerReplica(TestOzoneRpcClientAbstract.java:1576)
sun.reflect.NativeMethodAccessorImpl.invoke0(Native Method)
sun.reflect.NativeMethodAccessorImpl.invoke(NativeMethodAccessorImpl.java:62)
sun.reflect.DelegatingMethodAccessorImpl.invoke(DelegatingMethodAccessorImpl.java:43)
java.lang.reflect.Method.invoke(Method.java:498)
org.junit.runners.model.FrameworkMethod$1.runReflectiveCall(FrameworkMethod.java:59)
org.junit.internal.runners.model.ReflectiveCallable.run(ReflectiveCallable.java:12)
org.junit.runners.model.FrameworkMethod.invokeExplosively(FrameworkMethod.java:56)
org.junit.internal.runners.statements.InvokeMethod.evaluate(InvokeMethod.java:17)
org.junit.runners.ParentRunner$3.evaluate(ParentRunner.java:306)
org.junit.runners.BlockJUnit4ClassRunner$1.evaluate(BlockJUnit4ClassRunner.java:100)
org.junit.runners.ParentRunner.runLeaf(ParentRunner.java:366)
org.junit.runners.BlockJUnit4ClassRunner.runChild(BlockJUnit4ClassRunner.java:103)
org.junit.runners.BlockJUnit4ClassRunner.runChild(BlockJUnit4ClassRunner.java:63)
org.junit.runners.ParentRunner$4.run(ParentRunner.java:331)
org.junit.runners.ParentRunner$1.schedule(ParentRunner.java:79)
org.junit.runners.ParentRunner.runChildren(ParentRunner.java:329)
org.junit.runners.ParentRunner.access$100(ParentRunner.java:66)
org.junit.runners.ParentRunner$2.evaluate(ParentRunner.java:293)
org.junit.internal.runners.statements.RunBefores.evaluate(RunBefores.java:26)
org.junit.internal.runners.statements.RunAfters.evaluate(RunAfters.java:27)
org.junit.runners.ParentRunner$3.evaluate(ParentRunner.java:306)
org.junit.runners.ParentRunner.run(ParentRunner.java:413)
org.junit.runner.JUnitCore.run(JUnitCore.java:137)
org.junit.runner.JUnitCore.run(JUnitCore.java:115)
org.junit.vintage.engine.execution.RunnerExecutor.execute(RunnerExecutor.java:43)
java.util.stream.ForEachOps$ForEachOp$OfRef.accept(ForEachOps.java:183)
java.util.stream.ReferencePipeline$3$1.accept(ReferencePipeline.java:193)
java.util.Iterator.forEachRemaining(Iterator.java:116)
java.util.Spliterators$IteratorSpliterator.forEachRemaining(Spliterators.java:1801)
java.util.stream.AbstractPipeline.copyInto(AbstractPipeline.java:482)
java.util.stream.AbstractPipeline.wrapAndCopyInto(AbstractPipeline.java:472)
java.util.stream.ForEachOps$ForEachOp.evaluateSequential(ForEachOps.java:150)
java.util.stream.ForEachOps$ForEachOp$OfRef.evaluateSequential(ForEachOps.java:173)
java.util.stream.AbstractPipeline.evaluate(AbstractPipeline.java:234)
java.util.stream.ReferencePipeline.forEach(ReferencePipeline.java:485)
org.junit.vintage.engine.VintageTestEngine.executeAllChildren(VintageTestEngine.java:82)
org.junit.vintage.engine.VintageTestEngine.execute(VintageTestEngine.java:73)
org.junit.platform.launcher.core.EngineExecutionOrchestrator.execute(EngineExecutionOrchestrator.java:108)
org.junit.platform.launcher.core.EngineExecutionOrchestrator.execute(EngineExecutionOrchestrator.java:88)
org.junit.platform.launcher.core.EngineExecutionOrchestrator.lambda$execute$0(EngineExecutionOrchestrator.java:54)
org.junit.platform.launcher.core.EngineExecutionOrchestrator.withInterceptedStreams(EngineExecutionOrchestrator.java:67)
org.junit.platform.launcher.core.EngineExecutionOrchestrator.execute(EngineExecutionOrchestrator.java:52)
org.junit.platform.launcher.core.DefaultLauncher.execute(DefaultLauncher.java:96)
org.junit.platform.launcher.core.DefaultLauncher.execute(DefaultLauncher.java:75)
org.apache.maven.surefire.junitplatform.JUnitPlatformProvider.invokeAllTests(JUnitPlatformProvider.java:142)
org.apache.maven.surefire.junitplatform.JUnitPlatformProvider.invoke(JUnitPlatformProvider.java:113)
org.apache.maven.surefire.booter.ForkedBooter.invokeProviderInSameClassLoader(ForkedBooter.java:384)
org.apache.maven.surefire.booter.ForkedBooter.runSuitesInProcess(ForkedBooter.java:345)
org.apache.maven.surefire.booter.ForkedBooter.execute(ForkedBooter.java:126)
org.apache.maven.surefire.booter.ForkedBooter.main(ForkedBooter.java:418)

2021-12-22 01:07:41,700 [Listener at 127.0.0.1/45789] INFO  ozoneimpl.OzoneContainer (OzoneContainer.java:stop(336)) - Attempting to stop container services.
2021-12-22 01:07:41,703 [Listener at 127.0.0.1/45789] INFO  server.RaftServer (RaftServerProxy.java:lambda$close$6(391)) - bc31efc5-a10f-49ea-82d4-325dc6674eda: close
2021-12-22 01:07:41,704 [Listener at 127.0.0.1/45789] INFO  server.RaftServer$Division (RaftServerImpl.java:lambda$close$4(412)) - bc31efc5-a10f-49ea-82d4-325dc6674eda@group-CF46F811C77B: shutdown
2021-12-22 01:07:41,704 [Listener at 127.0.0.1/45789] INFO  util.JmxRegister (JmxRegister.java:unregister(73)) - Successfully un-registered JMX Bean with object name Ratis:service=RaftServer,group=group-CF46F811C77B,id=bc31efc5-a10f-49ea-82d4-325dc6674eda
2021-12-22 01:07:41,704 [Listener at 127.0.0.1/45789] INFO  impl.RoleInfo (RoleInfo.java:shutdownLeaderState(91)) - bc31efc5-a10f-49ea-82d4-325dc6674eda: shutdown bc31efc5-a10f-49ea-82d4-325dc6674eda@group-CF46F811C77B-LeaderStateImpl
2021-12-22 01:07:41,705 [Listener at 127.0.0.1/45789] INFO  impl.PendingRequests (PendingRequests.java:sendNotLeaderResponses(282)) - bc31efc5-a10f-49ea-82d4-325dc6674eda@group-CF46F811C77B-PendingRequests: sendNotLeaderResponses
2021-12-22 01:07:41,711 [Listener at 127.0.0.1/45789] INFO  impl.StateMachineUpdater (StateMachineUpdater.java:stopAndJoin(149)) - bc31efc5-a10f-49ea-82d4-325dc6674eda@group-CF46F811C77B-StateMachineUpdater: set stopIndex = 48
2021-12-22 01:07:41,711 [ForkJoinPool.commonPool-worker-0] INFO  server.RaftServer$Division (RaftServerImpl.java:lambda$close$4(412)) - bc31efc5-a10f-49ea-82d4-325dc6674eda@group-7E8A57294037: shutdown
2021-12-22 01:07:41,711 [bc31efc5-a10f-49ea-82d4-325dc6674eda@group-CF46F811C77B-StateMachineUpdater] INFO  ratis.ContainerStateMachine (ContainerStateMachine.java:takeSnapshot(299)) - group-CF46F811C77B: Taking a snapshot at:(t:1, i:48) file /home/runner/work/ozone/ozone/hadoop-ozone/integration-test/target/test-dir/MiniOzoneClusterImpl-042c0a5d-b585-40ed-8543-7186e0d9815b/datanode-0/data/ratis/afdf3549-8a21-40a9-8ce3-cf46f811c77b/sm/snapshot.1_48
2021-12-22 01:07:41,712 [ForkJoinPool.commonPool-worker-0] INFO  util.JmxRegister (JmxRegister.java:unregister(73)) - Successfully un-registered JMX Bean with object name Ratis:service=RaftServer,group=group-7E8A57294037,id=bc31efc5-a10f-49ea-82d4-325dc6674eda
2021-12-22 01:07:41,712 [ForkJoinPool.commonPool-worker-0] INFO  impl.RoleInfo (RoleInfo.java:shutdownLeaderState(91)) - bc31efc5-a10f-49ea-82d4-325dc6674eda: shutdown bc31efc5-a10f-49ea-82d4-325dc6674eda@group-7E8A57294037-LeaderStateImpl
2021-12-22 01:07:41,713 [bc31efc5-a10f-49ea-82d4-325dc6674eda@group-7E8A57294037->d1229c05-d9ac-40a7-9199-569f25256273-GrpcLogAppender-LogAppenderDaemon] WARN  server.GrpcLogAppender (GrpcLogAppender.java:mayWait(177)) - bc31efc5-a10f-49ea-82d4-325dc6674eda@group-7E8A57294037->d1229c05-d9ac-40a7-9199-569f25256273-GrpcLogAppender: Wait interrupted by java.lang.InterruptedException
2021-12-22 01:07:41,715 [grpc-default-executor-5] INFO  server.GrpcServerProtocolService (GrpcServerProtocolService.java:onCompleted(140)) - d1229c05-d9ac-40a7-9199-569f25256273: Completed APPEND_ENTRIES, lastRequest: bc31efc5-a10f-49ea-82d4-325dc6674eda->d1229c05-d9ac-40a7-9199-569f25256273#2812-t1,previous=(t:1, i:449),leaderCommit=448,initializing? true,entries: size=1, first=(t:1, i:450), METADATAENTRY(c:448)
2021-12-22 01:07:41,714 [ForkJoinPool.commonPool-worker-0] INFO  impl.PendingRequests (PendingRequests.java:sendNotLeaderResponses(282)) - bc31efc5-a10f-49ea-82d4-325dc6674eda@group-7E8A57294037-PendingRequests: sendNotLeaderResponses
2021-12-22 01:07:41,715 [grpc-default-executor-0] INFO  server.GrpcLogAppender (GrpcLogAppender.java:onCompleted(346)) - bc31efc5-a10f-49ea-82d4-325dc6674eda@group-7E8A57294037->d1229c05-d9ac-40a7-9199-569f25256273-AppendLogResponseHandler: follower responses appendEntries COMPLETED
2021-12-22 01:07:41,714 [bc31efc5-a10f-49ea-82d4-325dc6674eda@group-7E8A57294037->a426eecb-3f7b-4bd3-8516-db356bf90be2-GrpcLogAppender-LogAppenderDaemon] WARN  server.GrpcLogAppender (GrpcLogAppender.java:mayWait(177)) - bc31efc5-a10f-49ea-82d4-325dc6674eda@group-7E8A57294037->a426eecb-3f7b-4bd3-8516-db356bf90be2-GrpcLogAppender: Wait interrupted by java.lang.InterruptedException
2021-12-22 01:07:41,726 [grpc-default-executor-0] INFO  leader.FollowerInfo (FollowerInfoImpl.java:lambda$new$0(47)) - bc31efc5-a10f-49ea-82d4-325dc6674eda@group-7E8A57294037->d1229c05-d9ac-40a7-9199-569f25256273: nextIndex: updateUnconditionally 451 -> 450
2021-12-22 01:07:41,723 [ForkJoinPool.commonPool-worker-0] INFO  impl.StateMachineUpdater (StateMachineUpdater.java:stopAndJoin(149)) - bc31efc5-a10f-49ea-82d4-325dc6674eda@group-7E8A57294037-StateMachineUpdater: set stopIndex = 450
2021-12-22 01:07:41,727 [bc31efc5-a10f-49ea-82d4-325dc6674eda@group-7E8A57294037-StateMachineUpdater] INFO  ratis.ContainerStateMachine (ContainerStateMachine.java:takeSnapshot(299)) - group-7E8A57294037: Taking a snapshot at:(t:1, i:450) file /home/runner/work/ozone/ozone/hadoop-ozone/integration-test/target/test-dir/MiniOzoneClusterImpl-042c0a5d-b585-40ed-8543-7186e0d9815b/datanode-0/data/ratis/5b6aeea7-e9c6-4233-8423-7e8a57294037/sm/snapshot.1_450
2021-12-22 01:07:41,727 [grpc-default-executor-0] INFO  server.GrpcServerProtocolService (GrpcServerProtocolService.java:onCompleted(140)) - a426eecb-3f7b-4bd3-8516-db356bf90be2: Completed APPEND_ENTRIES, lastRequest: bc31efc5-a10f-49ea-82d4-325dc6674eda->a426eecb-3f7b-4bd3-8516-db356bf90be2#2846-t1,previous=(t:1, i:449),leaderCommit=448,initializing? true,entries: size=1, first=(t:1, i:450), METADATAENTRY(c:448)
2021-12-22 01:07:41,733 [grpc-default-executor-4] INFO  server.GrpcLogAppender (GrpcLogAppender.java:onCompleted(346)) - bc31efc5-a10f-49ea-82d4-325dc6674eda@group-7E8A57294037->a426eecb-3f7b-4bd3-8516-db356bf90be2-AppendLogResponseHandler: follower responses appendEntries COMPLETED
2021-12-22 01:07:41,734 [grpc-default-executor-4] INFO  leader.FollowerInfo (FollowerInfoImpl.java:lambda$new$0(47)) - bc31efc5-a10f-49ea-82d4-325dc6674eda@group-7E8A57294037->a426eecb-3f7b-4bd3-8516-db356bf90be2: nextIndex: updateUnconditionally 451 -> 450
2021-12-22 01:07:41,743 [bc31efc5-a10f-49ea-82d4-325dc6674eda@group-CF46F811C77B-StateMachineUpdater] INFO  ratis.ContainerStateMachine (ContainerStateMachine.java:takeSnapshot(310)) - group-CF46F811C77B: Finished taking a snapshot at:(t:1, i:48) file:/home/runner/work/ozone/ozone/hadoop-ozone/integration-test/target/test-dir/MiniOzoneClusterImpl-042c0a5d-b585-40ed-8543-7186e0d9815b/datanode-0/data/ratis/afdf3549-8a21-40a9-8ce3-cf46f811c77b/sm/snapshot.1_48 took: 31 ms
2021-12-22 01:07:41,744 [bc31efc5-a10f-49ea-82d4-325dc6674eda@group-CF46F811C77B-StateMachineUpdater] INFO  impl.StateMachineUpdater (StateMachineUpdater.java:takeSnapshot(281)) - bc31efc5-a10f-49ea-82d4-325dc6674eda@group-CF46F811C77B-StateMachineUpdater: Took a snapshot at index 48
2021-12-22 01:07:41,744 [bc31efc5-a10f-49ea-82d4-325dc6674eda@group-CF46F811C77B-StateMachineUpdater] INFO  impl.StateMachineUpdater (StateMachineUpdater.java:lambda$new$0(89)) - bc31efc5-a10f-49ea-82d4-325dc6674eda@group-CF46F811C77B-StateMachineUpdater: snapshotIndex: updateIncreasingly -1 -> 48
2021-12-22 01:07:41,745 [bc31efc5-a10f-49ea-82d4-325dc6674eda@group-7E8A57294037-StateMachineUpdater] INFO  ratis.ContainerStateMachine (ContainerStateMachine.java:takeSnapshot(310)) - group-7E8A57294037: Finished taking a snapshot at:(t:1, i:450) file:/home/runner/work/ozone/ozone/hadoop-ozone/integration-test/target/test-dir/MiniOzoneClusterImpl-042c0a5d-b585-40ed-8543-7186e0d9815b/datanode-0/data/ratis/5b6aeea7-e9c6-4233-8423-7e8a57294037/sm/snapshot.1_450 took: 19 ms
2021-12-22 01:07:41,745 [bc31efc5-a10f-49ea-82d4-325dc6674eda@group-7E8A57294037-StateMachineUpdater] INFO  impl.StateMachineUpdater (StateMachineUpdater.java:takeSnapshot(281)) - bc31efc5-a10f-49ea-82d4-325dc6674eda@group-7E8A57294037-StateMachineUpdater: Took a snapshot at index 450
2021-12-22 01:07:41,745 [bc31efc5-a10f-49ea-82d4-325dc6674eda@group-7E8A57294037-StateMachineUpdater] INFO  impl.StateMachineUpdater (StateMachineUpdater.java:lambda$new$0(89)) - bc31efc5-a10f-49ea-82d4-325dc6674eda@group-7E8A57294037-StateMachineUpdater: snapshotIndex: updateIncreasingly -1 -> 450
2021-12-22 01:07:41,751 [ForkJoinPool.commonPool-worker-0] INFO  server.RaftServer$Division (ServerState.java:close(419)) - bc31efc5-a10f-49ea-82d4-325dc6674eda@group-7E8A57294037: closes. applyIndex: 450
2021-12-22 01:07:41,752 [bc31efc5-a10f-49ea-82d4-325dc6674eda@group-7E8A57294037-SegmentedRaftLogWorker] INFO  segmented.SegmentedRaftLogWorker (SegmentedRaftLogWorker.java:run(327)) - bc31efc5-a10f-49ea-82d4-325dc6674eda@group-7E8A57294037-SegmentedRaftLogWorker was interrupted, exiting. There are 0 tasks remaining in the queue.
2021-12-22 01:07:41,753 [ForkJoinPool.commonPool-worker-0] INFO  segmented.SegmentedRaftLogWorker (SegmentedRaftLogWorker.java:close(237)) - bc31efc5-a10f-49ea-82d4-325dc6674eda@group-7E8A57294037-SegmentedRaftLogWorker close()
2021-12-22 01:07:41,764 [Listener at 127.0.0.1/45789] INFO  server.RaftServer$Division (ServerState.java:close(419)) - bc31efc5-a10f-49ea-82d4-325dc6674eda@group-CF46F811C77B: closes. applyIndex: 48
2021-12-22 01:07:41,764 [bc31efc5-a10f-49ea-82d4-325dc6674eda@group-CF46F811C77B-SegmentedRaftLogWorker] INFO  segmented.SegmentedRaftLogWorker (SegmentedRaftLogWorker.java:run(327)) - bc31efc5-a10f-49ea-82d4-325dc6674eda@group-CF46F811C77B-SegmentedRaftLogWorker was interrupted, exiting. There are 0 tasks remaining in the queue.
2021-12-22 01:07:41,764 [Listener at 127.0.0.1/45789] INFO  segmented.SegmentedRaftLogWorker (SegmentedRaftLogWorker.java:close(237)) - bc31efc5-a10f-49ea-82d4-325dc6674eda@group-CF46F811C77B-SegmentedRaftLogWorker close()
2021-12-22 01:07:41,765 [Listener at 127.0.0.1/45789] INFO  server.RaftServer$Division (RaftServerImpl.java:lambda$close$4(412)) - bc31efc5-a10f-49ea-82d4-325dc6674eda@group-76C9E7F23109: shutdown
2021-12-22 01:07:41,765 [Listener at 127.0.0.1/45789] INFO  util.JmxRegister (JmxRegister.java:unregister(73)) - Successfully un-registered JMX Bean with object name Ratis:service=RaftServer,group=group-76C9E7F23109,id=bc31efc5-a10f-49ea-82d4-325dc6674eda
2021-12-22 01:07:41,765 [Listener at 127.0.0.1/45789] INFO  impl.RoleInfo (RoleInfo.java:shutdownFollowerState(108)) - bc31efc5-a10f-49ea-82d4-325dc6674eda: shutdown bc31efc5-a10f-49ea-82d4-325dc6674eda@group-76C9E7F23109-FollowerState
2021-12-22 01:07:41,766 [bc31efc5-a10f-49ea-82d4-325dc6674eda@group-76C9E7F23109-FollowerState] INFO  impl.FollowerState (FollowerState.java:run(143)) - bc31efc5-a10f-49ea-82d4-325dc6674eda@group-76C9E7F23109-FollowerState was interrupted: {}
java.lang.InterruptedException: sleep interrupted
	at java.lang.Thread.sleep(Native Method)
	at java.lang.Thread.sleep(Thread.java:340)
	at java.util.concurrent.TimeUnit.sleep(TimeUnit.java:386)
	at org.apache.ratis.util.TimeDuration.sleep(TimeDuration.java:324)
	at org.apache.ratis.util.TimeDuration.sleep(TimeDuration.java:309)
	at org.apache.ratis.server.impl.FollowerState.run(FollowerState.java:118)
2021-12-22 01:07:41,772 [Listener at 127.0.0.1/45789] INFO  impl.StateMachineUpdater (StateMachineUpdater.java:stopAndJoin(149)) - bc31efc5-a10f-49ea-82d4-325dc6674eda@group-76C9E7F23109-StateMachineUpdater: set stopIndex = 489
2021-12-22 01:07:41,772 [bc31efc5-a10f-49ea-82d4-325dc6674eda@group-76C9E7F23109-StateMachineUpdater] INFO  ratis.ContainerStateMachine (ContainerStateMachine.java:takeSnapshot(299)) - group-76C9E7F23109: Taking a snapshot at:(t:2, i:489) file /home/runner/work/ozone/ozone/hadoop-ozone/integration-test/target/test-dir/MiniOzoneClusterImpl-042c0a5d-b585-40ed-8543-7186e0d9815b/datanode-0/data/ratis/3cb58a2a-b22a-431d-a37e-76c9e7f23109/sm/snapshot.2_489
2021-12-22 01:07:41,774 [bc31efc5-a10f-49ea-82d4-325dc6674eda@group-76C9E7F23109-StateMachineUpdater] INFO  ratis.ContainerStateMachine (ContainerStateMachine.java:takeSnapshot(310)) - group-76C9E7F23109: Finished taking a snapshot at:(t:2, i:489) file:/home/runner/work/ozone/ozone/hadoop-ozone/integration-test/target/test-dir/MiniOzoneClusterImpl-042c0a5d-b585-40ed-8543-7186e0d9815b/datanode-0/data/ratis/3cb58a2a-b22a-431d-a37e-76c9e7f23109/sm/snapshot.2_489 took: 2 ms
2021-12-22 01:07:41,774 [bc31efc5-a10f-49ea-82d4-325dc6674eda@group-76C9E7F23109-StateMachineUpdater] INFO  impl.StateMachineUpdater (StateMachineUpdater.java:takeSnapshot(281)) - bc31efc5-a10f-49ea-82d4-325dc6674eda@group-76C9E7F23109-StateMachineUpdater: Took a snapshot at index 489
2021-12-22 01:07:41,774 [bc31efc5-a10f-49ea-82d4-325dc6674eda@group-76C9E7F23109-StateMachineUpdater] INFO  impl.StateMachineUpdater (StateMachineUpdater.java:lambda$new$0(89)) - bc31efc5-a10f-49ea-82d4-325dc6674eda@group-76C9E7F23109-StateMachineUpdater: snapshotIndex: updateIncreasingly -1 -> 489
2021-12-22 01:07:41,775 [Listener at 127.0.0.1/45789] INFO  server.RaftServer$Division (ServerState.java:close(419)) - bc31efc5-a10f-49ea-82d4-325dc6674eda@group-76C9E7F23109: closes. applyIndex: 489
2021-12-22 01:07:41,775 [bc31efc5-a10f-49ea-82d4-325dc6674eda@group-76C9E7F23109-SegmentedRaftLogWorker] INFO  segmented.SegmentedRaftLogWorker (SegmentedRaftLogWorker.java:run(327)) - bc31efc5-a10f-49ea-82d4-325dc6674eda@group-76C9E7F23109-SegmentedRaftLogWorker was interrupted, exiting. There are 0 tasks remaining in the queue.
2021-12-22 01:07:41,775 [Listener at 127.0.0.1/45789] INFO  segmented.SegmentedRaftLogWorker (SegmentedRaftLogWorker.java:close(237)) - bc31efc5-a10f-49ea-82d4-325dc6674eda@group-76C9E7F23109-SegmentedRaftLogWorker close()
2021-12-22 01:07:41,777 [Listener at 127.0.0.1/45789] INFO  server.GrpcService (GrpcService.java:closeImpl(262)) - bc31efc5-a10f-49ea-82d4-325dc6674eda: shutdown server with port 45543 now
2021-12-22 01:07:41,787 [grpc-default-executor-5] WARN  client.GrpcClientProtocolService (LogUtils.java:warn(122)) - 5-UnorderedRequestStreamObserver5: onError: org.apache.ratis.thirdparty.io.grpc.StatusRuntimeException: CANCELLED: client cancelled
2021-12-22 01:07:41,794 [grpc-default-executor-5] WARN  server.GrpcServerProtocolService (LogUtils.java:warn(122)) - bc31efc5-a10f-49ea-82d4-325dc6674eda: installSnapshot onError, lastRequest: d1229c05-d9ac-40a7-9199-569f25256273->bc31efc5-a10f-49ea-82d4-325dc6674eda#2589-t2,previous=(t:2, i:488),leaderCommit=487,initializing? true,entries: size=1, first=(t:2, i:489), METADATAENTRY(c:487): org.apache.ratis.thirdparty.io.grpc.StatusRuntimeException: CANCELLED: client cancelled
2021-12-22 01:07:41,794 [Listener at 127.0.0.1/45789] INFO  server.GrpcService (GrpcService.java:closeImpl(271)) - bc31efc5-a10f-49ea-82d4-325dc6674eda: shutdown server with port 45543 successfully
2021-12-22 01:07:41,795 [org.apache.ratis.util.JvmPauseMonitor$$Lambda$530/1855807713@148387ce] INFO  util.JvmPauseMonitor (JvmPauseMonitor.java:run(109)) - JvmPauseMonitor-bc31efc5-a10f-49ea-82d4-325dc6674eda: Stopped
2021-12-22 01:07:41,803 [grpc-default-executor-5] WARN  server.GrpcLogAppender (LogUtils.java:warn(122)) - d1229c05-d9ac-40a7-9199-569f25256273@group-76C9E7F23109->bc31efc5-a10f-49ea-82d4-325dc6674eda-AppendLogResponseHandler: Failed appendEntries: org.apache.ratis.thirdparty.io.grpc.StatusRuntimeException: CANCELLED: HTTP/2 error code: CANCEL
Received Rst Stream
2021-12-22 01:07:41,803 [grpc-default-executor-5] INFO  leader.FollowerInfo (FollowerInfoImpl.java:lambda$new$0(47)) - d1229c05-d9ac-40a7-9199-569f25256273@group-76C9E7F23109->bc31efc5-a10f-49ea-82d4-325dc6674eda: nextIndex: updateUnconditionally 490 -> 489
2021-12-22 01:07:41,825 [grpc-default-executor-4] WARN  server.GrpcLogAppender (LogUtils.java:warn(122)) - d1229c05-d9ac-40a7-9199-569f25256273@group-76C9E7F23109->bc31efc5-a10f-49ea-82d4-325dc6674eda-AppendLogResponseHandler: Failed appendEntries: org.apache.ratis.thirdparty.io.grpc.StatusRuntimeException: UNAVAILABLE: io exception
2021-12-22 01:07:41,825 [grpc-default-executor-4] INFO  leader.FollowerInfo (FollowerInfoImpl.java:lambda$new$0(47)) - d1229c05-d9ac-40a7-9199-569f25256273@group-76C9E7F23109->bc31efc5-a10f-49ea-82d4-325dc6674eda: nextIndex: updateUnconditionally 490 -> 489
2021-12-22 01:07:43,830 [Listener at 127.0.0.1/45789] INFO  utils.BackgroundService (BackgroundService.java:shutdown(132)) - Shutting down service BlockDeletingService
2021-12-22 01:07:44,306 [grpc-default-executor-4] WARN  server.GrpcLogAppender (LogUtils.java:warn(122)) - d1229c05-d9ac-40a7-9199-569f25256273@group-76C9E7F23109->bc31efc5-a10f-49ea-82d4-325dc6674eda-AppendLogResponseHandler: Failed appendEntries: org.apache.ratis.thirdparty.io.grpc.StatusRuntimeException: UNAVAILABLE: io exception
2021-12-22 01:07:44,307 [grpc-default-executor-4] INFO  leader.FollowerInfo (FollowerInfoImpl.java:lambda$new$0(47)) - d1229c05-d9ac-40a7-9199-569f25256273@group-76C9E7F23109->bc31efc5-a10f-49ea-82d4-325dc6674eda: nextIndex: updateUnconditionally 490 -> 489
2021-12-22 01:07:46,173 [EventQueue-StaleNodeForStaleNodeHandler] INFO  node.StaleNodeHandler (StaleNodeHandler.java:onMessage(58)) - Datanode bc31efc5-a10f-49ea-82d4-325dc6674eda{ip: 10.1.0.16, host: fv-az148-641.bm4ck3pvxvsene1rjriu5fhcdb.bx.internal.cloudapp.net, ports: [REPLICATION=40841, RATIS=45543, RATIS_ADMIN=45543, RATIS_SERVER=45543, STANDALONE=35889], networkLocation: /default-rack, certSerialId: null, persistedOpState: IN_SERVICE, persistedOpStateExpiryEpochSec: 0} moved to stale state. Finalizing its pipelines [PipelineID=afdf3549-8a21-40a9-8ce3-cf46f811c77b, PipelineID=3cb58a2a-b22a-431d-a37e-76c9e7f23109, PipelineID=5b6aeea7-e9c6-4233-8423-7e8a57294037, PipelineID=ed82a6c1-b7c0-4204-b8f8-e392c1f47726]
2021-12-22 01:07:46,176 [EventQueue-StaleNodeForStaleNodeHandler] INFO  pipeline.PipelineManagerImpl (PipelineManagerImpl.java:closeContainersForPipeline(344)) - Container #4 closed for pipeline=PipelineID=afdf3549-8a21-40a9-8ce3-cf46f811c77b
2021-12-22 01:07:46,177 [EventQueue-StaleNodeForStaleNodeHandler] INFO  pipeline.PipelineManagerImpl (PipelineManagerImpl.java:closePipeline(365)) - Pipeline Pipeline[ Id: afdf3549-8a21-40a9-8ce3-cf46f811c77b, Nodes: bc31efc5-a10f-49ea-82d4-325dc6674eda{ip: 10.1.0.16, host: fv-az148-641.bm4ck3pvxvsene1rjriu5fhcdb.bx.internal.cloudapp.net, ports: [REPLICATION=40841, RATIS=45543, RATIS_ADMIN=45543, RATIS_SERVER=45543, STANDALONE=35889], networkLocation: /default-rack, certSerialId: null, persistedOpState: IN_SERVICE, persistedOpStateExpiryEpochSec: 0}, ReplicationConfig: RATIS/ONE, State:OPEN, leaderId:bc31efc5-a10f-49ea-82d4-325dc6674eda, CreationTimestamp2021-12-22T01:07:17.007Z[Etc/UTC]] moved to CLOSED state
2021-12-22 01:07:46,177 [EventQueue-StaleNodeForStaleNodeHandler] INFO  pipeline.PipelineManagerImpl (PipelineManagerImpl.java:closeContainersForPipeline(344)) - Container #3 closed for pipeline=PipelineID=3cb58a2a-b22a-431d-a37e-76c9e7f23109
2021-12-22 01:07:46,178 [EventQueue-StaleNodeForStaleNodeHandler] INFO  pipeline.PipelineManagerImpl (PipelineManagerImpl.java:closePipeline(365)) - Pipeline Pipeline[ Id: 3cb58a2a-b22a-431d-a37e-76c9e7f23109, Nodes: bc31efc5-a10f-49ea-82d4-325dc6674eda{ip: 10.1.0.16, host: fv-az148-641.bm4ck3pvxvsene1rjriu5fhcdb.bx.internal.cloudapp.net, ports: [REPLICATION=40841, RATIS=45543, RATIS_ADMIN=45543, RATIS_SERVER=45543, STANDALONE=35889], networkLocation: /default-rack, certSerialId: null, persistedOpState: IN_SERVICE, persistedOpStateExpiryEpochSec: 0}d1229c05-d9ac-40a7-9199-569f25256273{ip: 10.1.0.16, host: fv-az148-641.bm4ck3pvxvsene1rjriu5fhcdb.bx.internal.cloudapp.net, ports: [REPLICATION=37959, RATIS=37951, RATIS_ADMIN=37951, RATIS_SERVER=37951, STANDALONE=41819], networkLocation: /default-rack, certSerialId: null, persistedOpState: IN_SERVICE, persistedOpStateExpiryEpochSec: 0}a426eecb-3f7b-4bd3-8516-db356bf90be2{ip: 10.1.0.16, host: fv-az148-641.bm4ck3pvxvsene1rjriu5fhcdb.bx.internal.cloudapp.net, ports: [REPLICATION=39213, RATIS=36549, RATIS_ADMIN=36549, RATIS_SERVER=36549, STANDALONE=33621], networkLocation: /default-rack, certSerialId: null, persistedOpState: IN_SERVICE, persistedOpStateExpiryEpochSec: 0}, ReplicationConfig: RATIS/THREE, State:OPEN, leaderId:d1229c05-d9ac-40a7-9199-569f25256273, CreationTimestamp2021-12-22T01:06:59.042Z[Etc/UTC]] moved to CLOSED state
2021-12-22 01:07:46,178 [EventQueue-StaleNodeForStaleNodeHandler] INFO  pipeline.PipelineManagerImpl (PipelineManagerImpl.java:closeContainersForPipeline(344)) - Container #1 closed for pipeline=PipelineID=5b6aeea7-e9c6-4233-8423-7e8a57294037
2021-12-22 01:07:46,178 [EventQueue-StaleNodeForStaleNodeHandler] INFO  pipeline.PipelineManagerImpl (PipelineManagerImpl.java:closePipeline(365)) - Pipeline Pipeline[ Id: 5b6aeea7-e9c6-4233-8423-7e8a57294037, Nodes: a426eecb-3f7b-4bd3-8516-db356bf90be2{ip: 10.1.0.16, host: fv-az148-641.bm4ck3pvxvsene1rjriu5fhcdb.bx.internal.cloudapp.net, ports: [REPLICATION=39213, RATIS=36549, RATIS_ADMIN=36549, RATIS_SERVER=36549, STANDALONE=33621], networkLocation: /default-rack, certSerialId: null, persistedOpState: IN_SERVICE, persistedOpStateExpiryEpochSec: 0}d1229c05-d9ac-40a7-9199-569f25256273{ip: 10.1.0.16, host: fv-az148-641.bm4ck3pvxvsene1rjriu5fhcdb.bx.internal.cloudapp.net, ports: [REPLICATION=37959, RATIS=37951, RATIS_ADMIN=37951, RATIS_SERVER=37951, STANDALONE=41819], networkLocation: /default-rack, certSerialId: null, persistedOpState: IN_SERVICE, persistedOpStateExpiryEpochSec: 0}bc31efc5-a10f-49ea-82d4-325dc6674eda{ip: 10.1.0.16, host: fv-az148-641.bm4ck3pvxvsene1rjriu5fhcdb.bx.internal.cloudapp.net, ports: [REPLICATION=40841, RATIS=45543, RATIS_ADMIN=45543, RATIS_SERVER=45543, STANDALONE=35889], networkLocation: /default-rack, certSerialId: null, persistedOpState: IN_SERVICE, persistedOpStateExpiryEpochSec: 0}, ReplicationConfig: RATIS/THREE, State:OPEN, leaderId:bc31efc5-a10f-49ea-82d4-325dc6674eda, CreationTimestamp2021-12-22T01:06:59.012Z[Etc/UTC]] moved to CLOSED state
2021-12-22 01:07:46,178 [EventQueue-StaleNodeForStaleNodeHandler] INFO  pipeline.PipelineManagerImpl (PipelineManagerImpl.java:closeContainersForPipeline(344)) - Container #2 closed for pipeline=PipelineID=ed82a6c1-b7c0-4204-b8f8-e392c1f47726
2021-12-22 01:07:46,179 [EventQueue-StaleNodeForStaleNodeHandler] INFO  pipeline.PipelineManagerImpl (PipelineManagerImpl.java:closePipeline(365)) - Pipeline Pipeline[ Id: ed82a6c1-b7c0-4204-b8f8-e392c1f47726, Nodes: bc31efc5-a10f-49ea-82d4-325dc6674eda{ip: 10.1.0.16, host: fv-az148-641.bm4ck3pvxvsene1rjriu5fhcdb.bx.internal.cloudapp.net, ports: [REPLICATION=40841, RATIS=45543, RATIS_ADMIN=45543, RATIS_SERVER=45543, STANDALONE=35889], networkLocation: /default-rack, certSerialId: null, persistedOpState: IN_SERVICE, persistedOpStateExpiryEpochSec: 0}, ReplicationConfig: STANDALONE/ONE, State:OPEN, leaderId:, CreationTimestamp2021-12-22T01:07:08.629Z[Etc/UTC]] moved to CLOSED state
2021-12-22 01:07:46,180 [EventQueue-CloseContainerForCloseContainerEventHandler] INFO  container.CloseContainerEventHandler (CloseContainerEventHandler.java:onMessage(69)) - Close container Event triggered for container : #4
2021-12-22 01:07:46,182 [EventQueue-CloseContainerForCloseContainerEventHandler] INFO  container.CloseContainerEventHandler (CloseContainerEventHandler.java:onMessage(69)) - Close container Event triggered for container : #3
2021-12-22 01:07:46,183 [EventQueue-CloseContainerForCloseContainerEventHandler] INFO  container.CloseContainerEventHandler (CloseContainerEventHandler.java:onMessage(69)) - Close container Event triggered for container : #1
2021-12-22 01:07:46,183 [EventQueue-CloseContainerForCloseContainerEventHandler] INFO  container.CloseContainerEventHandler (CloseContainerEventHandler.java:onMessage(69)) - Close container Event triggered for container : #2
2021-12-22 01:07:46,807 [grpc-default-executor-4] WARN  server.GrpcLogAppender (LogUtils.java:warn(122)) - d1229c05-d9ac-40a7-9199-569f25256273@group-76C9E7F23109->bc31efc5-a10f-49ea-82d4-325dc6674eda-AppendLogResponseHandler: Failed appendEntries: org.apache.ratis.thirdparty.io.grpc.StatusRuntimeException: UNAVAILABLE: io exception
2021-12-22 01:07:46,810 [grpc-default-executor-4] INFO  leader.FollowerInfo (FollowerInfoImpl.java:lambda$new$0(47)) - d1229c05-d9ac-40a7-9199-569f25256273@group-76C9E7F23109->bc31efc5-a10f-49ea-82d4-325dc6674eda: nextIndex: updateUnconditionally 490 -> 489
2021-12-22 01:07:46,833 [Listener at 127.0.0.1/45789] INFO  statemachine.DatanodeStateMachine (DatanodeStateMachine.java:stopDaemon(526)) - Ozone container server stopped.
2021-12-22 01:07:46,837 [Listener at 127.0.0.1/45789] INFO  handler.ContextHandler (ContextHandler.java:doStop(1153)) - Stopped o.e.j.w.WebAppContext@56bca113{hddsDatanode,/,null,STOPPED}{jar:file:/home/runner/.m2/repository/org/apache/ozone/hdds-container-service/1.3.0-SNAPSHOT/hdds-container-service-1.3.0-SNAPSHOT.jar!/webapps/hddsDatanode}
2021-12-22 01:07:46,842 [Listener at 127.0.0.1/45789] INFO  server.AbstractConnector (AbstractConnector.java:doStop(381)) - Stopped ServerConnector@223459f{HTTP/1.1, (http/1.1)}{0.0.0.0:0}
2021-12-22 01:07:46,842 [Listener at 127.0.0.1/45789] INFO  server.session (HouseKeeper.java:stopScavenging(149)) - node0 Stopped scavenging
2021-12-22 01:07:46,843 [Listener at 127.0.0.1/45789] INFO  handler.ContextHandler (ContextHandler.java:doStop(1153)) - Stopped o.e.j.s.ServletContextHandler@4c05993e{static,/static,jar:file:/home/runner/.m2/repository/org/apache/ozone/hdds-container-service/1.3.0-SNAPSHOT/hdds-container-service-1.3.0-SNAPSHOT.jar!/webapps/static,STOPPED}
2021-12-22 01:07:46,843 [Listener at 127.0.0.1/45789] INFO  handler.ContextHandler (ContextHandler.java:doStop(1153)) - Stopped o.e.j.s.ServletContextHandler@4a7c88f2{logs,/logs,file:///home/runner/work/ozone/ozone/hadoop-ozone/integration-test/target/log,STOPPED}
2021-12-22 01:07:46,865 [Listener at 127.0.0.1/45789] WARN  impl.MetricRegistriesImpl (MetricRegistriesImpl.java:addReporterRegistration(111)) - New reporters are added after registries were created. Some metrics will be missing from the reporter. Please add reporter before adding any new registry.
2021-12-22 01:07:46,865 [Listener at 127.0.0.1/45789] WARN  impl.MetricRegistriesImpl (MetricRegistriesImpl.java:addReporterRegistration(111)) - New reporters are added after registries were created. Some metrics will be missing from the reporter. Please add reporter before adding any new registry.
2021-12-22 01:07:46,865 [Listener at 127.0.0.1/45789] INFO  impl.MetricsSystemImpl (MetricsSystemImpl.java:init(158)) - HddsDatanode metrics system started (again)
2021-12-22 01:07:46,949 [Listener at 127.0.0.1/45789] INFO  ozone.HddsDatanodeService (HddsDatanodeService.java:start(234)) - HddsDatanodeService host:fv-az148-641.bm4ck3pvxvsene1rjriu5fhcdb.bx.internal.cloudapp.net ip:10.1.0.16
2021-12-22 01:07:46,974 [Listener at 127.0.0.1/45789] INFO  upgrade.AbstractLayoutVersionManager (AbstractLayoutVersionManager.java:init(79)) - Initializing Layout version manager with metadata layout = SCM_HA (version = 2), software layout = SCM_HA (version = 2)
2021-12-22 01:07:47,040 [Listener at 127.0.0.1/45789] INFO  reflections.Reflections (Reflections.java:scan(232)) - Reflections took 64 ms to scan 7 urls, producing 119 keys and 279 values 
2021-12-22 01:07:47,057 [Listener at 127.0.0.1/45789] INFO  statemachine.DatanodeStateMachine (DatanodeStateMachine.java:getEndPointTaskThreadPoolSize(219)) - Datanode State Machine Task Thread Pool size 2
2021-12-22 01:07:47,061 [Listener at 127.0.0.1/45789] INFO  volume.HddsVolume (HddsVolume.java:<init>(120)) - Creating HddsVolume: /home/runner/work/ozone/ozone/hadoop-ozone/integration-test/target/test-dir/MiniOzoneClusterImpl-042c0a5d-b585-40ed-8543-7186e0d9815b/datanode-0/data-0/containers/hdds of storage type : DISK capacity : 9223372036854775807
2021-12-22 01:07:47,062 [Listener at 127.0.0.1/45789] INFO  volume.MutableVolumeSet (MutableVolumeSet.java:initializeVolumeSet(168)) - Added Volume : /home/runner/work/ozone/ozone/hadoop-ozone/integration-test/target/test-dir/MiniOzoneClusterImpl-042c0a5d-b585-40ed-8543-7186e0d9815b/datanode-0/data-0/containers/hdds to VolumeSet
2021-12-22 01:07:47,062 [Listener at 127.0.0.1/45789] INFO  volume.ThrottledAsyncChecker (ThrottledAsyncChecker.java:schedule(141)) - Scheduling a check for /home/runner/work/ozone/ozone/hadoop-ozone/integration-test/target/test-dir/MiniOzoneClusterImpl-042c0a5d-b585-40ed-8543-7186e0d9815b/datanode-0/data-0/containers/hdds
2021-12-22 01:07:47,072 [Listener at 127.0.0.1/45789] INFO  volume.StorageVolumeChecker (StorageVolumeChecker.java:checkAllVolumes(202)) - Scheduled health check for volume /home/runner/work/ozone/ozone/hadoop-ozone/integration-test/target/test-dir/MiniOzoneClusterImpl-042c0a5d-b585-40ed-8543-7186e0d9815b/datanode-0/data-0/containers/hdds
2021-12-22 01:07:47,099 [Listener at 127.0.0.1/45789] INFO  volume.MutableVolumeSet (MutableVolumeSet.java:initializeVolumeSet(168)) - Added Volume : /home/runner/work/ozone/ozone/hadoop-ozone/integration-test/target/test-dir/MiniOzoneClusterImpl-042c0a5d-b585-40ed-8543-7186e0d9815b/datanode-0/data/ratis to VolumeSet
2021-12-22 01:07:47,100 [Listener at 127.0.0.1/45789] INFO  volume.ThrottledAsyncChecker (ThrottledAsyncChecker.java:schedule(141)) - Scheduling a check for /home/runner/work/ozone/ozone/hadoop-ozone/integration-test/target/test-dir/MiniOzoneClusterImpl-042c0a5d-b585-40ed-8543-7186e0d9815b/datanode-0/data/ratis
2021-12-22 01:07:47,101 [Listener at 127.0.0.1/45789] INFO  volume.StorageVolumeChecker (StorageVolumeChecker.java:checkAllVolumes(202)) - Scheduled health check for volume /home/runner/work/ozone/ozone/hadoop-ozone/integration-test/target/test-dir/MiniOzoneClusterImpl-042c0a5d-b585-40ed-8543-7186e0d9815b/datanode-0/data/ratis
2021-12-22 01:07:47,136 [Thread-2838] INFO  ozoneimpl.ContainerReader (ContainerReader.java:readVolume(142)) - Start to verify containers on volume /home/runner/work/ozone/ozone/hadoop-ozone/integration-test/target/test-dir/MiniOzoneClusterImpl-042c0a5d-b585-40ed-8543-7186e0d9815b/datanode-0/data-0/containers/hdds
2021-12-22 01:07:47,222 [d1229c05-d9ac-40a7-9199-569f25256273@group-7E8A57294037-FollowerState] INFO  impl.FollowerState (FollowerState.java:run(134)) - d1229c05-d9ac-40a7-9199-569f25256273@group-7E8A57294037-FollowerState: change to CANDIDATE, lastRpcElapsedTime:5569511596ns, electionTimeout:5020ms
2021-12-22 01:07:47,223 [d1229c05-d9ac-40a7-9199-569f25256273@group-7E8A57294037-FollowerState] INFO  impl.RoleInfo (RoleInfo.java:shutdownFollowerState(108)) - d1229c05-d9ac-40a7-9199-569f25256273: shutdown d1229c05-d9ac-40a7-9199-569f25256273@group-7E8A57294037-FollowerState
2021-12-22 01:07:47,223 [d1229c05-d9ac-40a7-9199-569f25256273@group-7E8A57294037-FollowerState] INFO  server.RaftServer$Division (RaftServerImpl.java:setRole(290)) - d1229c05-d9ac-40a7-9199-569f25256273@group-7E8A57294037: changes role from  FOLLOWER to CANDIDATE at term 1 for changeToCandidate
2021-12-22 01:07:47,223 [d1229c05-d9ac-40a7-9199-569f25256273@group-7E8A57294037-FollowerState] INFO  server.RaftServerConfigKeys (ConfUtils.java:logGet(44)) - raft.server.leaderelection.pre-vote = false (custom)
2021-12-22 01:07:47,223 [d1229c05-d9ac-40a7-9199-569f25256273@group-7E8A57294037-FollowerState] INFO  impl.RoleInfo (RoleInfo.java:updateAndGet(130)) - d1229c05-d9ac-40a7-9199-569f25256273: start d1229c05-d9ac-40a7-9199-569f25256273@group-7E8A57294037-LeaderElection6
2021-12-22 01:07:47,236 [d1229c05-d9ac-40a7-9199-569f25256273@group-7E8A57294037-LeaderElection6] INFO  server.RaftServer$Division (ServerState.java:setLeader(285)) - d1229c05-d9ac-40a7-9199-569f25256273@group-7E8A57294037: change Leader from bc31efc5-a10f-49ea-82d4-325dc6674eda to null at term 1 for ELECTION
2021-12-22 01:07:47,238 [d1229c05-d9ac-40a7-9199-569f25256273@group-7E8A57294037-LeaderElection6] INFO  impl.LeaderElection (LeaderElection.java:askForVotes(306)) - d1229c05-d9ac-40a7-9199-569f25256273@group-7E8A57294037-LeaderElection6 ELECTION round 0: submit vote requests at term 2 for 0: [d1229c05-d9ac-40a7-9199-569f25256273|rpc:10.1.0.16:37951|dataStream:|priority:0, bc31efc5-a10f-49ea-82d4-325dc6674eda|rpc:10.1.0.16:45543|dataStream:|priority:1, a426eecb-3f7b-4bd3-8516-db356bf90be2|rpc:10.1.0.16:36549|dataStream:|priority:0], old=null
2021-12-22 01:07:47,245 [d1229c05-d9ac-40a7-9199-569f25256273@group-7E8A57294037-LeaderElection6] INFO  impl.LeaderElection (LogUtils.java:infoOrTrace(137)) - d1229c05-d9ac-40a7-9199-569f25256273@group-7E8A57294037-LeaderElection6 got exception when requesting votes: java.util.concurrent.ExecutionException: org.apache.ratis.thirdparty.io.grpc.StatusRuntimeException: UNAVAILABLE: io exception
2021-12-22 01:07:47,247 [grpc-default-executor-4] INFO  server.RaftServer$Division (RaftServerImpl.java:requestVote(1046)) - a426eecb-3f7b-4bd3-8516-db356bf90be2@group-7E8A57294037: receive requestVote(ELECTION, d1229c05-d9ac-40a7-9199-569f25256273, group-7E8A57294037, 2, (t:1, i:450))
2021-12-22 01:07:47,250 [grpc-default-executor-4] INFO  impl.VoteContext (VoteContext.java:log(48)) - a426eecb-3f7b-4bd3-8516-db356bf90be2@group-7E8A57294037-FOLLOWER: accept ELECTION from d1229c05-d9ac-40a7-9199-569f25256273: our priority 0 <= candidate's priority 0
2021-12-22 01:07:47,250 [grpc-default-executor-4] INFO  server.RaftServer$Division (ServerState.java:setLeader(285)) - a426eecb-3f7b-4bd3-8516-db356bf90be2@group-7E8A57294037: change Leader from bc31efc5-a10f-49ea-82d4-325dc6674eda to null at term 2 for updateCurrentTerm
2021-12-22 01:07:47,250 [grpc-default-executor-4] INFO  server.RaftServer$Division (RaftServerImpl.java:setRole(290)) - a426eecb-3f7b-4bd3-8516-db356bf90be2@group-7E8A57294037: changes role from  FOLLOWER to FOLLOWER at term 2 for candidate:d1229c05-d9ac-40a7-9199-569f25256273
2021-12-22 01:07:47,250 [grpc-default-executor-4] INFO  impl.RoleInfo (RoleInfo.java:shutdownFollowerState(108)) - a426eecb-3f7b-4bd3-8516-db356bf90be2: shutdown a426eecb-3f7b-4bd3-8516-db356bf90be2@group-7E8A57294037-FollowerState
2021-12-22 01:07:47,250 [grpc-default-executor-4] INFO  impl.RoleInfo (RoleInfo.java:updateAndGet(130)) - a426eecb-3f7b-4bd3-8516-db356bf90be2: start a426eecb-3f7b-4bd3-8516-db356bf90be2@group-7E8A57294037-FollowerState
2021-12-22 01:07:47,251 [a426eecb-3f7b-4bd3-8516-db356bf90be2@group-7E8A57294037-FollowerState] INFO  impl.FollowerState (FollowerState.java:run(143)) - a426eecb-3f7b-4bd3-8516-db356bf90be2@group-7E8A57294037-FollowerState was interrupted: {}
java.lang.InterruptedException: sleep interrupted
	at java.lang.Thread.sleep(Native Method)
	at java.lang.Thread.sleep(Thread.java:340)
	at java.util.concurrent.TimeUnit.sleep(TimeUnit.java:386)
	at org.apache.ratis.util.TimeDuration.sleep(TimeDuration.java:324)
	at org.apache.ratis.util.TimeDuration.sleep(TimeDuration.java:309)
	at org.apache.ratis.server.impl.FollowerState.run(FollowerState.java:118)
2021-12-22 01:07:47,266 [grpc-default-executor-4] INFO  server.RaftServer$Division (RaftServerImpl.java:requestVote(1078)) - a426eecb-3f7b-4bd3-8516-db356bf90be2@group-7E8A57294037 replies to ELECTION vote request: d1229c05-d9ac-40a7-9199-569f25256273<-a426eecb-3f7b-4bd3-8516-db356bf90be2#0:OK-t2. Peer's state: a426eecb-3f7b-4bd3-8516-db356bf90be2@group-7E8A57294037:t2, leader=null, voted=d1229c05-d9ac-40a7-9199-569f25256273, raftlog=a426eecb-3f7b-4bd3-8516-db356bf90be2@group-7E8A57294037-SegmentedRaftLog:OPENED:c450, conf=0: [d1229c05-d9ac-40a7-9199-569f25256273|rpc:10.1.0.16:37951|dataStream:|priority:0, bc31efc5-a10f-49ea-82d4-325dc6674eda|rpc:10.1.0.16:45543|dataStream:|priority:1, a426eecb-3f7b-4bd3-8516-db356bf90be2|rpc:10.1.0.16:36549|dataStream:|priority:0], old=null
2021-12-22 01:07:47,268 [d1229c05-d9ac-40a7-9199-569f25256273@group-7E8A57294037-LeaderElection6] INFO  impl.LeaderElection (LeaderElection.java:logAndReturn(89)) - d1229c05-d9ac-40a7-9199-569f25256273@group-7E8A57294037-LeaderElection6: ELECTION PASSED received 1 response(s) and 1 exception(s):
2021-12-22 01:07:47,268 [d1229c05-d9ac-40a7-9199-569f25256273@group-7E8A57294037-LeaderElection6] INFO  impl.LeaderElection (LeaderElection.java:logAndReturn(93)) -   Response 0: d1229c05-d9ac-40a7-9199-569f25256273<-a426eecb-3f7b-4bd3-8516-db356bf90be2#0:OK-t2
2021-12-22 01:07:47,269 [d1229c05-d9ac-40a7-9199-569f25256273@group-7E8A57294037-LeaderElection6] INFO  impl.LeaderElection (LogUtils.java:infoOrTrace(137)) -   Exception 1: java.util.concurrent.ExecutionException: org.apache.ratis.thirdparty.io.grpc.StatusRuntimeException: UNAVAILABLE: io exception
2021-12-22 01:07:47,269 [d1229c05-d9ac-40a7-9199-569f25256273@group-7E8A57294037-LeaderElection6] INFO  impl.LeaderElection (LeaderElection.java:askForVotes(308)) - d1229c05-d9ac-40a7-9199-569f25256273@group-7E8A57294037-LeaderElection6 ELECTION round 0: result PASSED
2021-12-22 01:07:47,269 [d1229c05-d9ac-40a7-9199-569f25256273@group-7E8A57294037-LeaderElection6] INFO  impl.RoleInfo (RoleInfo.java:shutdownLeaderElection(121)) - d1229c05-d9ac-40a7-9199-569f25256273: shutdown d1229c05-d9ac-40a7-9199-569f25256273@group-7E8A57294037-LeaderElection6
2021-12-22 01:07:47,269 [d1229c05-d9ac-40a7-9199-569f25256273@group-7E8A57294037-LeaderElection6] INFO  server.RaftServer$Division (RaftServerImpl.java:setRole(290)) - d1229c05-d9ac-40a7-9199-569f25256273@group-7E8A57294037: changes role from CANDIDATE to LEADER at term 2 for changeToLeader
2021-12-22 01:07:47,269 [d1229c05-d9ac-40a7-9199-569f25256273@group-7E8A57294037-LeaderElection6] INFO  ratis.XceiverServerRatis (XceiverServerRatis.java:handleLeaderChangedNotification(866)) - Leader change notification received for group: group-7E8A57294037 with new leaderId: d1229c05-d9ac-40a7-9199-569f25256273
2021-12-22 01:07:47,269 [d1229c05-d9ac-40a7-9199-569f25256273@group-7E8A57294037-LeaderElection6] INFO  server.RaftServer$Division (ServerState.java:setLeader(285)) - d1229c05-d9ac-40a7-9199-569f25256273@group-7E8A57294037: change Leader from null to d1229c05-d9ac-40a7-9199-569f25256273 at term 2 for becomeLeader, leader elected after 32ms
2021-12-22 01:07:47,269 [d1229c05-d9ac-40a7-9199-569f25256273@group-7E8A57294037-LeaderElection6] INFO  server.RaftServerConfigKeys (ConfUtils.java:logGet(44)) - raft.server.staging.catchup.gap = 1000 (default)
2021-12-22 01:07:47,269 [d1229c05-d9ac-40a7-9199-569f25256273@group-7E8A57294037-LeaderElection6] INFO  server.RaftServerConfigKeys (ConfUtils.java:logGet(44)) - raft.server.write.element-limit = 1024 (custom)
2021-12-22 01:07:47,269 [d1229c05-d9ac-40a7-9199-569f25256273@group-7E8A57294037-LeaderElection6] INFO  server.RaftServerConfigKeys (ConfUtils.java:logGet(44)) - raft.server.write.byte-limit = 1024 M (=1073741824) (custom)
2021-12-22 01:07:47,270 [d1229c05-d9ac-40a7-9199-569f25256273@group-7E8A57294037-LeaderElection6] INFO  server.RaftServerConfigKeys (ConfUtils.java:logGet(44)) - raft.server.watch.timeout = 180s (custom)
2021-12-22 01:07:47,270 [d1229c05-d9ac-40a7-9199-569f25256273@group-7E8A57294037-LeaderElection6] INFO  server.RaftServerConfigKeys (ConfUtils.java:logGet(44)) - raft.server.watch.timeout.denomination = 1s (default)
2021-12-22 01:07:47,270 [d1229c05-d9ac-40a7-9199-569f25256273@group-7E8A57294037-LeaderElection6] INFO  server.RaftServerConfigKeys (ConfUtils.java:logGet(44)) - raft.server.watch.element-limit = 65536 (default)
2021-12-22 01:07:47,270 [d1229c05-d9ac-40a7-9199-569f25256273@group-7E8A57294037-LeaderElection6] INFO  server.RaftServerConfigKeys (ConfUtils.java:logGet(44)) - raft.server.write.element-limit = 1024 (custom)
2021-12-22 01:07:47,270 [d1229c05-d9ac-40a7-9199-569f25256273@group-7E8A57294037-LeaderElection6] INFO  server.RaftServerConfigKeys (ConfUtils.java:logGet(44)) - raft.server.write.follower.gap.ratio.max = -1.0 (default)
2021-12-22 01:07:47,270 [d1229c05-d9ac-40a7-9199-569f25256273@group-7E8A57294037-LeaderElection6] INFO  server.RaftServerConfigKeys (ConfUtils.java:logGet(44)) - raft.server.log.appender.snapshot.chunk.size.max = 16MB (=16777216) (default)
2021-12-22 01:07:47,270 [d1229c05-d9ac-40a7-9199-569f25256273@group-7E8A57294037-LeaderElection6] INFO  server.RaftServerConfigKeys (ConfUtils.java:logGet(44)) - raft.server.log.appender.buffer.byte-limit = 33554432 (custom)
2021-12-22 01:07:47,270 [d1229c05-d9ac-40a7-9199-569f25256273@group-7E8A57294037-LeaderElection6] INFO  server.RaftServerConfigKeys (ConfUtils.java:logGet(44)) - raft.server.log.appender.buffer.element-limit = 1 (custom)
2021-12-22 01:07:47,270 [d1229c05-d9ac-40a7-9199-569f25256273@group-7E8A57294037-LeaderElection6] INFO  grpc.GrpcConfigKeys (ConfUtils.java:logGet(44)) - raft.grpc.server.leader.outstanding.appends.max = 128 (default)
2021-12-22 01:07:47,270 [d1229c05-d9ac-40a7-9199-569f25256273@group-7E8A57294037-LeaderElection6] INFO  server.RaftServerConfigKeys (ConfUtils.java:logGet(44)) - raft.server.rpc.request.timeout = 60s (custom)
2021-12-22 01:07:47,270 [d1229c05-d9ac-40a7-9199-569f25256273@group-7E8A57294037-LeaderElection6] INFO  server.RaftServerConfigKeys (ConfUtils.java:logGet(44)) - raft.server.log.appender.install.snapshot.enabled = false (custom)
2021-12-22 01:07:47,277 [d1229c05-d9ac-40a7-9199-569f25256273@group-7E8A57294037-LeaderElection6] INFO  server.RaftServerConfigKeys (ConfUtils.java:logGet(44)) - raft.server.log.appender.snapshot.chunk.size.max = 16MB (=16777216) (default)
2021-12-22 01:07:47,277 [d1229c05-d9ac-40a7-9199-569f25256273@group-7E8A57294037-LeaderElection6] INFO  server.RaftServerConfigKeys (ConfUtils.java:logGet(44)) - raft.server.log.appender.buffer.byte-limit = 33554432 (custom)
2021-12-22 01:07:47,277 [d1229c05-d9ac-40a7-9199-569f25256273@group-7E8A57294037-LeaderElection6] INFO  server.RaftServerConfigKeys (ConfUtils.java:logGet(44)) - raft.server.log.appender.buffer.element-limit = 1 (custom)
2021-12-22 01:07:47,277 [d1229c05-d9ac-40a7-9199-569f25256273@group-7E8A57294037-LeaderElection6] INFO  grpc.GrpcConfigKeys (ConfUtils.java:logGet(44)) - raft.grpc.server.leader.outstanding.appends.max = 128 (default)
2021-12-22 01:07:47,278 [d1229c05-d9ac-40a7-9199-569f25256273@group-7E8A57294037-LeaderElection6] INFO  server.RaftServerConfigKeys (ConfUtils.java:logGet(44)) - raft.server.rpc.request.timeout = 60s (custom)
2021-12-22 01:07:47,278 [d1229c05-d9ac-40a7-9199-569f25256273@group-7E8A57294037-LeaderElection6] INFO  server.RaftServerConfigKeys (ConfUtils.java:logGet(44)) - raft.server.log.appender.install.snapshot.enabled = false (custom)
2021-12-22 01:07:47,278 [d1229c05-d9ac-40a7-9199-569f25256273@group-7E8A57294037-LeaderElection6] INFO  impl.RoleInfo (RoleInfo.java:updateAndGet(130)) - d1229c05-d9ac-40a7-9199-569f25256273: start d1229c05-d9ac-40a7-9199-569f25256273@group-7E8A57294037-LeaderStateImpl
2021-12-22 01:07:47,278 [d1229c05-d9ac-40a7-9199-569f25256273@group-7E8A57294037-LeaderElection6] INFO  segmented.SegmentedRaftLogWorker (SegmentedRaftLogWorker.java:rollLogSegment(399)) - d1229c05-d9ac-40a7-9199-569f25256273@group-7E8A57294037-SegmentedRaftLogWorker: Rolling segment log-0_450 to index:450
2021-12-22 01:07:47,280 [d1229c05-d9ac-40a7-9199-569f25256273@group-7E8A57294037-SegmentedRaftLogWorker] INFO  segmented.SegmentedRaftLogWorker (SegmentedRaftLogWorker.java:execute(558)) - d1229c05-d9ac-40a7-9199-569f25256273@group-7E8A57294037-SegmentedRaftLogWorker: Rolled log segment from /home/runner/work/ozone/ozone/hadoop-ozone/integration-test/target/test-dir/MiniOzoneClusterImpl-042c0a5d-b585-40ed-8543-7186e0d9815b/datanode-2/data/ratis/5b6aeea7-e9c6-4233-8423-7e8a57294037/current/log_inprogress_0 to /home/runner/work/ozone/ozone/hadoop-ozone/integration-test/target/test-dir/MiniOzoneClusterImpl-042c0a5d-b585-40ed-8543-7186e0d9815b/datanode-2/data/ratis/5b6aeea7-e9c6-4233-8423-7e8a57294037/current/log_0-450
2021-12-22 01:07:47,291 [d1229c05-d9ac-40a7-9199-569f25256273@group-7E8A57294037-SegmentedRaftLogWorker] INFO  segmented.SegmentedRaftLogWorker (SegmentedRaftLogWorker.java:execute(601)) - d1229c05-d9ac-40a7-9199-569f25256273@group-7E8A57294037-SegmentedRaftLogWorker: created new log segment /home/runner/work/ozone/ozone/hadoop-ozone/integration-test/target/test-dir/MiniOzoneClusterImpl-042c0a5d-b585-40ed-8543-7186e0d9815b/datanode-2/data/ratis/5b6aeea7-e9c6-4233-8423-7e8a57294037/current/log_inprogress_451
2021-12-22 01:07:47,294 [Thread-2838] INFO  ozoneimpl.ContainerReader (ContainerReader.java:readVolume(172)) - Finish verifying containers on volume /home/runner/work/ozone/ozone/hadoop-ozone/integration-test/target/test-dir/MiniOzoneClusterImpl-042c0a5d-b585-40ed-8543-7186e0d9815b/datanode-0/data-0/containers/hdds
2021-12-22 01:07:47,309 [d1229c05-d9ac-40a7-9199-569f25256273@group-7E8A57294037-LeaderElection6] INFO  server.RaftServer$Division (ServerState.java:setRaftConf(387)) - d1229c05-d9ac-40a7-9199-569f25256273@group-7E8A57294037: set configuration 451: [d1229c05-d9ac-40a7-9199-569f25256273|rpc:10.1.0.16:37951|dataStream:|priority:0, bc31efc5-a10f-49ea-82d4-325dc6674eda|rpc:10.1.0.16:45543|dataStream:|priority:1, a426eecb-3f7b-4bd3-8516-db356bf90be2|rpc:10.1.0.16:36549|dataStream:|priority:0], old=null
2021-12-22 01:07:47,318 [grpc-default-executor-4] WARN  server.GrpcLogAppender (LogUtils.java:warn(122)) - d1229c05-d9ac-40a7-9199-569f25256273@group-7E8A57294037->bc31efc5-a10f-49ea-82d4-325dc6674eda-AppendLogResponseHandler: Failed appendEntries: org.apache.ratis.thirdparty.io.grpc.StatusRuntimeException: UNAVAILABLE: io exception
2021-12-22 01:07:47,320 [grpc-default-executor-4] WARN  server.GrpcLogAppender (GrpcLogAppender.java:resetClient(110)) - d1229c05-d9ac-40a7-9199-569f25256273@group-7E8A57294037->bc31efc5-a10f-49ea-82d4-325dc6674eda-GrpcLogAppender: Leader has not got in touch with Follower d1229c05-d9ac-40a7-9199-569f25256273@group-7E8A57294037->bc31efc5-a10f-49ea-82d4-325dc6674eda(c-1,m0,n452, attendVote=true, lastRpcSendTime=0, lastRpcResponseTime=5249) yet, just keep nextIndex unchanged and retry.
2021-12-22 01:07:47,321 [Listener at 127.0.0.1/45789] INFO  ozoneimpl.OzoneContainer (OzoneContainer.java:buildContainerSet(237)) - Build ContainerSet costs 0s
2021-12-22 01:07:47,321 [grpc-default-executor-5] INFO  ratis.XceiverServerRatis (XceiverServerRatis.java:handleLeaderChangedNotification(866)) - Leader change notification received for group: group-7E8A57294037 with new leaderId: d1229c05-d9ac-40a7-9199-569f25256273
2021-12-22 01:07:47,321 [grpc-default-executor-5] INFO  server.RaftServer$Division (ServerState.java:setLeader(285)) - a426eecb-3f7b-4bd3-8516-db356bf90be2@group-7E8A57294037: change Leader from null to d1229c05-d9ac-40a7-9199-569f25256273 at term 2 for appendEntries, leader elected after 70ms
2021-12-22 01:07:47,323 [Listener at 127.0.0.1/45789] INFO  server.RaftServer (ConfUtils.java:logGet(44)) - raft.rpc.type = GRPC (default)
2021-12-22 01:07:47,324 [Listener at 127.0.0.1/45789] INFO  grpc.GrpcFactory (GrpcFactory.java:checkPooledByteBufAllocatorUseCacheForAllThreads(48)) - PERFORMANCE WARNING: useCacheForAllThreads is true that may cause Netty to create a lot garbage objects and, as a result, trigger GC.
	It is recommended to disable useCacheForAllThreads by setting -Dorg.apache.ratis.thirdparty.io.netty.allocator.useCacheForAllThreads=false in command line.
2021-12-22 01:07:47,324 [Listener at 127.0.0.1/45789] INFO  grpc.GrpcConfigKeys (ConfUtils.java:logGet(44)) - raft.grpc.admin.port = 45543 (custom)
2021-12-22 01:07:47,324 [Listener at 127.0.0.1/45789] INFO  grpc.GrpcConfigKeys (ConfUtils.java:logGet(44)) - raft.grpc.client.port = 45543 (custom)
2021-12-22 01:07:47,324 [Listener at 127.0.0.1/45789] INFO  grpc.GrpcConfigKeys (ConfUtils.java:logGet(44)) - raft.grpc.server.port = 45543 (custom)
2021-12-22 01:07:47,324 [Listener at 127.0.0.1/45789] INFO  server.GrpcService (ConfUtils.java:logGet(44)) - raft.grpc.message.size.max = 32MB (=33554432) (custom)
2021-12-22 01:07:47,324 [Listener at 127.0.0.1/45789] INFO  server.RaftServerConfigKeys (ConfUtils.java:logGet(44)) - raft.server.log.appender.buffer.byte-limit = 33554432 (custom)
2021-12-22 01:07:47,324 [Listener at 127.0.0.1/45789] INFO  server.GrpcService (ConfUtils.java:logGet(44)) - raft.grpc.flow.control.window = 5MB (=5242880) (custom)
2021-12-22 01:07:47,324 [Listener at 127.0.0.1/45789] INFO  server.RaftServerConfigKeys (ConfUtils.java:logGet(44)) - raft.server.rpc.request.timeout = 60s (custom)
2021-12-22 01:07:47,326 [Listener at 127.0.0.1/45789] INFO  impl.DataStreamServerImpl (ConfUtils.java:logGet(44)) - raft.datastream.type = DISABLED (default)
2021-12-22 01:07:47,326 [Listener at 127.0.0.1/45789] INFO  server.RaftServerConfigKeys (ConfUtils.java:logGet(44)) - raft.server.rpc.slowness.timeout = 300s (custom)
2021-12-22 01:07:47,326 [Listener at 127.0.0.1/45789] INFO  server.RaftServerConfigKeys (ConfUtils.java:logGet(44)) - raft.server.leaderelection.leader.step-down.wait-time = 10s (default)
2021-12-22 01:07:47,326 [Listener at 127.0.0.1/45789] INFO  server.RaftServerConfigKeys (ConfUtils.java:logGet(44)) - raft.server.storage.dir = [/home/runner/work/ozone/ozone/hadoop-ozone/integration-test/target/test-dir/MiniOzoneClusterImpl-042c0a5d-b585-40ed-8543-7186e0d9815b/datanode-0/data/ratis] (custom)
2021-12-22 01:07:47,326 [Listener at 127.0.0.1/45789] INFO  server.RaftServer (RaftServerProxy.java:lambda$null$1(235)) - bc31efc5-a10f-49ea-82d4-325dc6674eda: found a subdirectory /home/runner/work/ozone/ozone/hadoop-ozone/integration-test/target/test-dir/MiniOzoneClusterImpl-042c0a5d-b585-40ed-8543-7186e0d9815b/datanode-0/data/ratis/5b6aeea7-e9c6-4233-8423-7e8a57294037
2021-12-22 01:07:47,336 [grpc-default-executor-5] INFO  server.RaftServer$Division (ServerState.java:setRaftConf(387)) - a426eecb-3f7b-4bd3-8516-db356bf90be2@group-7E8A57294037: set configuration 451: [d1229c05-d9ac-40a7-9199-569f25256273|rpc:10.1.0.16:37951|dataStream:|priority:0, bc31efc5-a10f-49ea-82d4-325dc6674eda|rpc:10.1.0.16:45543|dataStream:|priority:1, a426eecb-3f7b-4bd3-8516-db356bf90be2|rpc:10.1.0.16:36549|dataStream:|priority:0], old=null
2021-12-22 01:07:47,336 [grpc-default-executor-5] INFO  segmented.SegmentedRaftLogWorker (SegmentedRaftLogWorker.java:rollLogSegment(399)) - a426eecb-3f7b-4bd3-8516-db356bf90be2@group-7E8A57294037-SegmentedRaftLogWorker: Rolling segment log-0_450 to index:450
2021-12-22 01:07:47,337 [a426eecb-3f7b-4bd3-8516-db356bf90be2@group-7E8A57294037-SegmentedRaftLogWorker] INFO  segmented.SegmentedRaftLogWorker (SegmentedRaftLogWorker.java:execute(558)) - a426eecb-3f7b-4bd3-8516-db356bf90be2@group-7E8A57294037-SegmentedRaftLogWorker: Rolled log segment from /home/runner/work/ozone/ozone/hadoop-ozone/integration-test/target/test-dir/MiniOzoneClusterImpl-042c0a5d-b585-40ed-8543-7186e0d9815b/datanode-1/data/ratis/5b6aeea7-e9c6-4233-8423-7e8a57294037/current/log_inprogress_0 to /home/runner/work/ozone/ozone/hadoop-ozone/integration-test/target/test-dir/MiniOzoneClusterImpl-042c0a5d-b585-40ed-8543-7186e0d9815b/datanode-1/data/ratis/5b6aeea7-e9c6-4233-8423-7e8a57294037/current/log_0-450
2021-12-22 01:07:47,338 [a426eecb-3f7b-4bd3-8516-db356bf90be2@group-7E8A57294037-SegmentedRaftLogWorker] INFO  segmented.SegmentedRaftLogWorker (SegmentedRaftLogWorker.java:execute(601)) - a426eecb-3f7b-4bd3-8516-db356bf90be2@group-7E8A57294037-SegmentedRaftLogWorker: created new log segment /home/runner/work/ozone/ozone/hadoop-ozone/integration-test/target/test-dir/MiniOzoneClusterImpl-042c0a5d-b585-40ed-8543-7186e0d9815b/datanode-1/data/ratis/5b6aeea7-e9c6-4233-8423-7e8a57294037/current/log_inprogress_451
2021-12-22 01:07:47,344 [Listener at 127.0.0.1/45789] INFO  server.RaftServer (RaftServerProxy.java:addNew(95)) - bc31efc5-a10f-49ea-82d4-325dc6674eda: addNew group-7E8A57294037:[] returns group-7E8A57294037:java.util.concurrent.CompletableFuture@639e05e3[Not completed]
2021-12-22 01:07:47,353 [Listener at 127.0.0.1/45789] INFO  server.RaftServer (RaftServerProxy.java:lambda$null$1(235)) - bc31efc5-a10f-49ea-82d4-325dc6674eda: found a subdirectory /home/runner/work/ozone/ozone/hadoop-ozone/integration-test/target/test-dir/MiniOzoneClusterImpl-042c0a5d-b585-40ed-8543-7186e0d9815b/datanode-0/data/ratis/3cb58a2a-b22a-431d-a37e-76c9e7f23109
2021-12-22 01:07:47,353 [Listener at 127.0.0.1/45789] INFO  server.RaftServer (RaftServerProxy.java:addNew(95)) - bc31efc5-a10f-49ea-82d4-325dc6674eda: addNew group-76C9E7F23109:[] returns group-76C9E7F23109:java.util.concurrent.CompletableFuture@5a7b8e3a[Not completed]
2021-12-22 01:07:47,353 [Listener at 127.0.0.1/45789] INFO  server.RaftServer (RaftServerProxy.java:lambda$null$1(235)) - bc31efc5-a10f-49ea-82d4-325dc6674eda: found a subdirectory /home/runner/work/ozone/ozone/hadoop-ozone/integration-test/target/test-dir/MiniOzoneClusterImpl-042c0a5d-b585-40ed-8543-7186e0d9815b/datanode-0/data/ratis/afdf3549-8a21-40a9-8ce3-cf46f811c77b
2021-12-22 01:07:47,354 [Listener at 127.0.0.1/45789] INFO  server.RaftServer (RaftServerProxy.java:addNew(95)) - bc31efc5-a10f-49ea-82d4-325dc6674eda: addNew group-CF46F811C77B:[] returns group-CF46F811C77B:java.util.concurrent.CompletableFuture@7c05c489[Not completed]
2021-12-22 01:07:47,355 [Listener at 127.0.0.1/45789] INFO  server.XceiverServerGrpc (XceiverServerGrpc.java:<init>(132)) - GrpcServer channel type EpollServerSocketChannel
2021-12-22 01:07:47,345 [pool-411-thread-1] INFO  server.RaftServer$Division (RaftServerImpl.java:<init>(184)) - bc31efc5-a10f-49ea-82d4-325dc6674eda: new RaftServerImpl for group-7E8A57294037:[] with ContainerStateMachine:uninitialized
2021-12-22 01:07:47,361 [pool-411-thread-1] INFO  server.RaftServerConfigKeys (ConfUtils.java:logGet(44)) - raft.server.rpc.timeout.min = 5s (custom)
2021-12-22 01:07:47,361 [pool-411-thread-1] INFO  server.RaftServerConfigKeys (ConfUtils.java:logGet(44)) - raft.server.rpc.timeout.max = 5200ms (custom)
2021-12-22 01:07:47,361 [pool-411-thread-1] INFO  server.RaftServerConfigKeys (ConfUtils.java:logGet(44)) - raft.server.rpc.sleep.time = 25ms (default)
2021-12-22 01:07:47,361 [pool-411-thread-1] INFO  server.RaftServerConfigKeys (ConfUtils.java:logGet(44)) - raft.server.rpc.slowness.timeout = 300s (custom)
2021-12-22 01:07:47,361 [pool-411-thread-1] INFO  server.RaftServerConfigKeys (ConfUtils.java:logGet(44)) - raft.server.leaderelection.leader.step-down.wait-time = 10s (default)
2021-12-22 01:07:47,361 [pool-411-thread-1] INFO  server.RaftServerConfigKeys (ConfUtils.java:logGet(44)) - raft.server.sleep.deviation.threshold = 300ms (default)
2021-12-22 01:07:47,361 [pool-411-thread-1] INFO  server.RaftServerConfigKeys (ConfUtils.java:logGet(44)) - raft.server.log.appender.install.snapshot.enabled = false (custom)
2021-12-22 01:07:47,361 [pool-411-thread-1] INFO  server.RaftServer$Division (ServerState.java:<init>(105)) - bc31efc5-a10f-49ea-82d4-325dc6674eda@group-7E8A57294037: ConfigurationManager, init=-1: [], old=null, confs=<EMPTY_MAP>
2021-12-22 01:07:47,361 [pool-411-thread-1] INFO  server.RaftServerConfigKeys (ConfUtils.java:logGet(44)) - raft.server.storage.dir = [/home/runner/work/ozone/ozone/hadoop-ozone/integration-test/target/test-dir/MiniOzoneClusterImpl-042c0a5d-b585-40ed-8543-7186e0d9815b/datanode-0/data/ratis] (custom)
2021-12-22 01:07:47,362 [pool-411-thread-1] INFO  server.RaftServerConfigKeys (ConfUtils.java:logGet(44)) - raft.server.log.corruption.policy = EXCEPTION (default)
2021-12-22 01:07:47,362 [pool-411-thread-1] INFO  server.RaftServerConfigKeys (ConfUtils.java:logGet(44)) - raft.server.storage.free-space.min = 0MB (=0) (default)
2021-12-22 01:07:47,368 [pool-411-thread-1] INFO  storage.RaftStorageDirectory (RaftStorageDirectoryImpl.java:tryLock(230)) - Lock on /home/runner/work/ozone/ozone/hadoop-ozone/integration-test/target/test-dir/MiniOzoneClusterImpl-042c0a5d-b585-40ed-8543-7186e0d9815b/datanode-0/data/ratis/5b6aeea7-e9c6-4233-8423-7e8a57294037/in_use.lock acquired by nodename 19159@fv-az148-641
2021-12-22 01:07:47,369 [pool-411-thread-1] INFO  storage.RaftStorage (RaftStorageImpl.java:analyzeAndRecoverStorage(110)) - Read RaftStorageMetadata{term=1, votedFor=bc31efc5-a10f-49ea-82d4-325dc6674eda} from /home/runner/work/ozone/ozone/hadoop-ozone/integration-test/target/test-dir/MiniOzoneClusterImpl-042c0a5d-b585-40ed-8543-7186e0d9815b/datanode-0/data/ratis/5b6aeea7-e9c6-4233-8423-7e8a57294037/current/raft-meta
2021-12-22 01:07:47,376 [Listener at 127.0.0.1/45789] INFO  http.BaseHttpServer (BaseHttpServer.java:newHttpServer2BuilderForOzone(209)) - Starting Web-server for hddsDatanode at: http://0.0.0.0:40661
2021-12-22 01:07:47,376 [Listener at 127.0.0.1/45789] INFO  http.BaseHttpServer (BaseHttpServer.java:<init>(107)) - Hadoop Security Enabled: false Ozone Security Enabled: false Ozone HTTP Security Enabled: false 
2021-12-22 01:07:47,378 [grpc-default-executor-5] WARN  server.GrpcLogAppender (LogUtils.java:warn(122)) - d1229c05-d9ac-40a7-9199-569f25256273@group-7E8A57294037->bc31efc5-a10f-49ea-82d4-325dc6674eda-AppendLogResponseHandler: Failed appendEntries: org.apache.ratis.thirdparty.io.grpc.StatusRuntimeException: UNAVAILABLE: io exception
2021-12-22 01:07:47,376 [pool-411-thread-1] INFO  ratis.ContainerStateMachine (ContainerStateMachine.java:loadSnapshot(240)) - group-7E8A57294037: Setting the last applied index to (t:1, i:450)
2021-12-22 01:07:47,379 [grpc-default-executor-5] WARN  server.GrpcLogAppender (GrpcLogAppender.java:resetClient(110)) - d1229c05-d9ac-40a7-9199-569f25256273@group-7E8A57294037->bc31efc5-a10f-49ea-82d4-325dc6674eda-GrpcLogAppender: Leader has not got in touch with Follower d1229c05-d9ac-40a7-9199-569f25256273@group-7E8A57294037->bc31efc5-a10f-49ea-82d4-325dc6674eda(c-1,m0,n453, attendVote=true, lastRpcSendTime=0, lastRpcResponseTime=5308) yet, just keep nextIndex unchanged and retry.
2021-12-22 01:07:47,383 [Listener at 127.0.0.1/45789] INFO  server.AuthenticationFilter (AuthenticationFilter.java:constructSecretProvider(240)) - Unable to initialize FileSignerSecretProvider, falling back to use random secrets.
2021-12-22 01:07:47,388 [pool-411-thread-1] INFO  server.RaftServer$Division (ServerState.java:setRaftConf(387)) - bc31efc5-a10f-49ea-82d4-325dc6674eda@group-7E8A57294037: set configuration 0: [d1229c05-d9ac-40a7-9199-569f25256273|rpc:10.1.0.16:37951|dataStream:|priority:0, bc31efc5-a10f-49ea-82d4-325dc6674eda|rpc:10.1.0.16:45543|dataStream:|priority:1, a426eecb-3f7b-4bd3-8516-db356bf90be2|rpc:10.1.0.16:36549|dataStream:|priority:0], old=null
2021-12-22 01:07:47,388 [pool-411-thread-1] INFO  server.RaftServerConfigKeys (ConfUtils.java:logGet(44)) - raft.server.notification.no-leader.timeout = 300s (custom)
2021-12-22 01:07:47,388 [pool-411-thread-1] INFO  server.RaftServerConfigKeys (ConfUtils.java:logGet(44)) - raft.server.log.use.memory = false (default)
2021-12-22 01:07:47,388 [pool-411-thread-1] INFO  server.RaftServerConfigKeys (ConfUtils.java:logGet(44)) - raft.server.log.purge.gap = 1000000 (custom)
2021-12-22 01:07:47,388 [pool-411-thread-1] INFO  server.RaftServerConfigKeys (ConfUtils.java:logGet(44)) - raft.server.log.appender.buffer.byte-limit = 33554432 (custom)
2021-12-22 01:07:47,392 [Listener at 127.0.0.1/45789] WARN  http.HttpRequestLog (HttpRequestLog.java:getRequestLog(103)) - Jetty request log can only be enabled using Log4j
2021-12-22 01:07:47,392 [pool-411-thread-1] INFO  server.RaftServerConfigKeys (ConfUtils.java:logGet(44)) - raft.server.log.segment.size.max = 1048576 (custom)
2021-12-22 01:07:47,392 [pool-411-thread-1] INFO  server.RaftServerConfigKeys (ConfUtils.java:logGet(44)) - raft.server.log.segment.cache.num.max = 2 (custom)
2021-12-22 01:07:47,393 [pool-411-thread-1] INFO  server.RaftServerConfigKeys (ConfUtils.java:logGet(44)) - raft.server.log.segment.cache.size.max = 200MB (=209715200) (default)
2021-12-22 01:07:47,393 [pool-411-thread-1] INFO  segmented.SegmentedRaftLogWorker (SegmentedRaftLogWorker.java:<init>(182)) - new bc31efc5-a10f-49ea-82d4-325dc6674eda@group-7E8A57294037-SegmentedRaftLogWorker for RaftStorageImpl:Storage Directory /home/runner/work/ozone/ozone/hadoop-ozone/integration-test/target/test-dir/MiniOzoneClusterImpl-042c0a5d-b585-40ed-8543-7186e0d9815b/datanode-0/data/ratis/5b6aeea7-e9c6-4233-8423-7e8a57294037
2021-12-22 01:07:47,393 [pool-411-thread-1] INFO  server.RaftServerConfigKeys (ConfUtils.java:logGet(44)) - raft.server.log.queue.byte-limit = 2147483647 (custom)
2021-12-22 01:07:47,393 [pool-411-thread-1] INFO  server.RaftServerConfigKeys (ConfUtils.java:logGet(44)) - raft.server.log.queue.element-limit = 1024 (custom)
2021-12-22 01:07:47,393 [pool-411-thread-1] INFO  server.RaftServerConfigKeys (ConfUtils.java:logGet(44)) - raft.server.log.segment.size.max = 1048576 (custom)
2021-12-22 01:07:47,393 [pool-411-thread-1] INFO  server.RaftServerConfigKeys (ConfUtils.java:logGet(44)) - raft.server.log.preallocated.size = 16384 (custom)
2021-12-22 01:07:47,393 [pool-411-thread-1] INFO  server.RaftServerConfigKeys (ConfUtils.java:logGet(44)) - raft.server.log.force.sync.num = 128 (default)
2021-12-22 01:07:47,393 [pool-411-thread-1] INFO  server.RaftServerConfigKeys (ConfUtils.java:logGet(44)) - raft.server.log.statemachine.data.sync = true (default)
2021-12-22 01:07:47,393 [pool-411-thread-1] INFO  server.RaftServerConfigKeys (ConfUtils.java:logGet(44)) - raft.server.log.statemachine.data.sync.timeout = 10s (default)
2021-12-22 01:07:47,393 [pool-411-thread-1] INFO  server.RaftServerConfigKeys (ConfUtils.java:logGet(44)) - raft.server.log.statemachine.data.sync.timeout.retry = -1 (default)
2021-12-22 01:07:47,394 [pool-411-thread-1] INFO  server.RaftServerConfigKeys (ConfUtils.java:logGet(44)) - raft.server.log.write.buffer.size = 1048576 (custom)
2021-12-22 01:07:47,394 [pool-411-thread-1] INFO  server.RaftServerConfigKeys (ConfUtils.java:logGet(44)) - raft.server.log.statemachine.data.caching.enabled = true (custom)
2021-12-22 01:07:47,400 [Listener at 127.0.0.1/45789] INFO  http.HttpServer2 (HttpServer2.java:addGlobalFilter(1030)) - Added global filter 'safety' (class=org.apache.hadoop.hdds.server.http.HttpServer2$QuotingInputFilter)
2021-12-22 01:07:47,401 [Listener at 127.0.0.1/45789] INFO  http.HttpServer2 (HttpServer2.java:addFilter(1006)) - Added filter static_user_filter (class=org.apache.hadoop.http.lib.StaticUserWebFilter$StaticUserFilter) to context hddsDatanode
2021-12-22 01:07:47,401 [Listener at 127.0.0.1/45789] INFO  http.HttpServer2 (HttpServer2.java:addFilter(1014)) - Added filter static_user_filter (class=org.apache.hadoop.http.lib.StaticUserWebFilter$StaticUserFilter) to context logs
2021-12-22 01:07:47,401 [Listener at 127.0.0.1/45789] INFO  http.HttpServer2 (HttpServer2.java:addFilter(1014)) - Added filter static_user_filter (class=org.apache.hadoop.http.lib.StaticUserWebFilter$StaticUserFilter) to context static
2021-12-22 01:07:47,402 [Listener at 127.0.0.1/45789] INFO  http.HttpServer2 (HttpServer2.java:bindListener(1249)) - Jetty bound to port 40661
2021-12-22 01:07:47,402 [Listener at 127.0.0.1/45789] INFO  server.Server (Server.java:doStart(375)) - jetty-9.4.43.v20210629; built: 2021-06-30T11:07:22.254Z; git: 526006ecfa3af7f1a27ef3a288e2bef7ea9dd7e8; jvm 1.8.0_292-b10
2021-12-22 01:07:47,407 [pool-411-thread-1] INFO  server.RaftServer$Division (ServerState.java:setRaftConf(387)) - bc31efc5-a10f-49ea-82d4-325dc6674eda@group-7E8A57294037: set configuration 0: [d1229c05-d9ac-40a7-9199-569f25256273|rpc:10.1.0.16:37951|dataStream:|priority:0, bc31efc5-a10f-49ea-82d4-325dc6674eda|rpc:10.1.0.16:45543|dataStream:|priority:1, a426eecb-3f7b-4bd3-8516-db356bf90be2|rpc:10.1.0.16:36549|dataStream:|priority:0], old=null
2021-12-22 01:07:47,428 [pool-411-thread-1] INFO  segmented.LogSegment (LogSegment.java:loadSegment(173)) - Successfully read 451 entries from segment file /home/runner/work/ozone/ozone/hadoop-ozone/integration-test/target/test-dir/MiniOzoneClusterImpl-042c0a5d-b585-40ed-8543-7186e0d9815b/datanode-0/data/ratis/5b6aeea7-e9c6-4233-8423-7e8a57294037/current/log_inprogress_0
2021-12-22 01:07:47,429 [pool-411-thread-1] INFO  segmented.SegmentedRaftLogWorker (SegmentedRaftLogWorker.java:lambda$new$0(133)) - bc31efc5-a10f-49ea-82d4-325dc6674eda@group-7E8A57294037-SegmentedRaftLogWorker: flushIndex: setUnconditionally 0 -> 450
2021-12-22 01:07:47,429 [pool-411-thread-1] INFO  segmented.SegmentedRaftLogWorker (SegmentedRaftLogWorker.java:lambda$new$0(133)) - bc31efc5-a10f-49ea-82d4-325dc6674eda@group-7E8A57294037-SegmentedRaftLogWorker: safeCacheEvictIndex: setUnconditionally 0 -> -1
2021-12-22 01:07:47,438 [pool-411-thread-1] INFO  raftlog.RaftLog (RaftLogBase.java:lambda$new$0(53)) - bc31efc5-a10f-49ea-82d4-325dc6674eda@group-7E8A57294037-SegmentedRaftLog: commitIndex: updateToMax old=450, new=448, updated? false
2021-12-22 01:07:47,438 [pool-411-thread-1] INFO  server.RaftServerConfigKeys (ConfUtils.java:logGet(44)) - raft.server.snapshot.auto.trigger.enabled = true (custom)
2021-12-22 01:07:47,438 [pool-411-thread-1] INFO  server.RaftServerConfigKeys (ConfUtils.java:logGet(44)) - raft.server.snapshot.auto.trigger.threshold = 10000 (custom)
2021-12-22 01:07:47,438 [pool-411-thread-1] INFO  server.RaftServerConfigKeys (ConfUtils.java:logGet(44)) - raft.server.snapshot.retention.file.num = 5 (custom)
2021-12-22 01:07:47,438 [pool-411-thread-1] INFO  server.RaftServerConfigKeys (ConfUtils.java:logGet(44)) - raft.server.log.purge.upto.snapshot.index = false (default)
2021-12-22 01:07:47,448 [pool-411-thread-1] INFO  server.RaftServerConfigKeys (ConfUtils.java:logGet(44)) - raft.server.retrycache.expirytime = 600000ms (custom)
2021-12-22 01:07:47,448 [pool-411-thread-1] INFO  server.RaftServerConfigKeys (ConfUtils.java:logGet(44)) - raft.server.retrycache.statistics.expirytime = 100μs (default)
2021-12-22 01:07:47,450 [pool-411-thread-1] INFO  server.RaftServer$Division (RaftServerImpl.java:<init>(184)) - bc31efc5-a10f-49ea-82d4-325dc6674eda: new RaftServerImpl for group-76C9E7F23109:[] with ContainerStateMachine:uninitialized
2021-12-22 01:07:47,450 [pool-411-thread-1] INFO  server.RaftServerConfigKeys (ConfUtils.java:logGet(44)) - raft.server.rpc.timeout.min = 5s (custom)
2021-12-22 01:07:47,450 [pool-411-thread-1] INFO  server.RaftServerConfigKeys (ConfUtils.java:logGet(44)) - raft.server.rpc.timeout.max = 5200ms (custom)
2021-12-22 01:07:47,450 [pool-411-thread-1] INFO  server.RaftServerConfigKeys (ConfUtils.java:logGet(44)) - raft.server.rpc.sleep.time = 25ms (default)
2021-12-22 01:07:47,450 [pool-411-thread-1] INFO  server.RaftServerConfigKeys (ConfUtils.java:logGet(44)) - raft.server.rpc.slowness.timeout = 300s (custom)
2021-12-22 01:07:47,450 [pool-411-thread-1] INFO  server.RaftServerConfigKeys (ConfUtils.java:logGet(44)) - raft.server.leaderelection.leader.step-down.wait-time = 10s (default)
2021-12-22 01:07:47,450 [pool-411-thread-1] INFO  server.RaftServerConfigKeys (ConfUtils.java:logGet(44)) - raft.server.sleep.deviation.threshold = 300ms (default)
2021-12-22 01:07:47,450 [pool-411-thread-1] INFO  server.RaftServerConfigKeys (ConfUtils.java:logGet(44)) - raft.server.log.appender.install.snapshot.enabled = false (custom)
2021-12-22 01:07:47,450 [pool-411-thread-1] INFO  server.RaftServer$Division (ServerState.java:<init>(105)) - bc31efc5-a10f-49ea-82d4-325dc6674eda@group-76C9E7F23109: ConfigurationManager, init=-1: [], old=null, confs=<EMPTY_MAP>
2021-12-22 01:07:47,450 [pool-411-thread-1] INFO  server.RaftServerConfigKeys (ConfUtils.java:logGet(44)) - raft.server.storage.dir = [/home/runner/work/ozone/ozone/hadoop-ozone/integration-test/target/test-dir/MiniOzoneClusterImpl-042c0a5d-b585-40ed-8543-7186e0d9815b/datanode-0/data/ratis] (custom)
2021-12-22 01:07:47,450 [pool-411-thread-1] INFO  server.RaftServerConfigKeys (ConfUtils.java:logGet(44)) - raft.server.log.corruption.policy = EXCEPTION (default)
2021-12-22 01:07:47,450 [pool-411-thread-1] INFO  server.RaftServerConfigKeys (ConfUtils.java:logGet(44)) - raft.server.storage.free-space.min = 0MB (=0) (default)
2021-12-22 01:07:47,452 [pool-411-thread-1] INFO  storage.RaftStorageDirectory (RaftStorageDirectoryImpl.java:tryLock(230)) - Lock on /home/runner/work/ozone/ozone/hadoop-ozone/integration-test/target/test-dir/MiniOzoneClusterImpl-042c0a5d-b585-40ed-8543-7186e0d9815b/datanode-0/data/ratis/3cb58a2a-b22a-431d-a37e-76c9e7f23109/in_use.lock acquired by nodename 19159@fv-az148-641
2021-12-22 01:07:47,452 [pool-411-thread-1] INFO  storage.RaftStorage (RaftStorageImpl.java:analyzeAndRecoverStorage(110)) - Read RaftStorageMetadata{term=2, votedFor=d1229c05-d9ac-40a7-9199-569f25256273} from /home/runner/work/ozone/ozone/hadoop-ozone/integration-test/target/test-dir/MiniOzoneClusterImpl-042c0a5d-b585-40ed-8543-7186e0d9815b/datanode-0/data/ratis/3cb58a2a-b22a-431d-a37e-76c9e7f23109/current/raft-meta
2021-12-22 01:07:47,453 [pool-411-thread-1] INFO  ratis.ContainerStateMachine (ContainerStateMachine.java:loadSnapshot(240)) - group-76C9E7F23109: Setting the last applied index to (t:2, i:489)
2021-12-22 01:07:47,453 [pool-411-thread-1] WARN  impl.ContainerSet (ContainerSet.java:lambda$buildMissingContainerSetAndValidate$2(279)) - Marking container 3 unhealthy as reported BCSID 486 is smaller than ratis snapshot recorded value 487
2021-12-22 01:07:47,468 [Listener at 127.0.0.1/45789] INFO  server.session (DefaultSessionIdManager.java:doStart(334)) - DefaultSessionIdManager workerName=node0
2021-12-22 01:07:47,468 [Listener at 127.0.0.1/45789] INFO  server.session (DefaultSessionIdManager.java:doStart(339)) - No SessionScavenger set, using defaults
2021-12-22 01:07:47,468 [Listener at 127.0.0.1/45789] INFO  server.session (HouseKeeper.java:startScavenging(132)) - node0 Scavenging every 660000ms
2021-12-22 01:07:47,455 [pool-411-thread-1] WARN  keyvalue.KeyValueContainer (KeyValueContainer.java:markContainerUnhealthy(303)) - Moving container /home/runner/work/ozone/ozone/hadoop-ozone/integration-test/target/test-dir/MiniOzoneClusterImpl-042c0a5d-b585-40ed-8543-7186e0d9815b/datanode-0/data-0/containers/hdds/042c0a5d-b585-40ed-8543-7186e0d9815b/current/containerDir0/3 to state UNHEALTHY from state:UNHEALTHY Trace:java.lang.Thread.getStackTrace(Thread.java:1559)
org.apache.hadoop.util.StringUtils.getStackTrace(StringUtils.java:1060)
org.apache.hadoop.ozone.container.keyvalue.KeyValueContainer.markContainerUnhealthy(KeyValueContainer.java:305)
org.apache.hadoop.ozone.container.common.impl.ContainerSet.lambda$buildMissingContainerSetAndValidate$2(ContainerSet.java:287)
java.util.stream.ForEachOps$ForEachOp$OfRef.accept(ForEachOps.java:183)
java.util.concurrent.ConcurrentHashMap$EntrySpliterator.forEachRemaining(ConcurrentHashMap.java:3606)
java.util.stream.AbstractPipeline.copyInto(AbstractPipeline.java:482)
java.util.stream.ForEachOps$ForEachTask.compute(ForEachOps.java:290)
java.util.concurrent.CountedCompleter.exec(CountedCompleter.java:731)
java.util.concurrent.ForkJoinTask.doExec(ForkJoinTask.java:289)
java.util.concurrent.ForkJoinTask.doInvoke(ForkJoinTask.java:401)
java.util.concurrent.ForkJoinTask.invoke(ForkJoinTask.java:734)
java.util.stream.ForEachOps$ForEachOp.evaluateParallel(ForEachOps.java:159)
java.util.stream.ForEachOps$ForEachOp$OfRef.evaluateParallel(ForEachOps.java:173)
java.util.stream.AbstractPipeline.evaluate(AbstractPipeline.java:233)
java.util.stream.ReferencePipeline.forEach(ReferencePipeline.java:485)
java.util.stream.ReferencePipeline$Head.forEach(ReferencePipeline.java:650)
org.apache.hadoop.ozone.container.common.impl.ContainerSet.buildMissingContainerSetAndValidate(ContainerSet.java:269)
org.apache.hadoop.ozone.container.common.impl.HddsDispatcher.buildMissingContainerSetAndValidate(HddsDispatcher.java:161)
org.apache.hadoop.ozone.container.common.transport.server.ratis.ContainerStateMachine.buildMissingContainerSet(ContainerStateMachine.java:261)
org.apache.hadoop.ozone.container.common.transport.server.ratis.ContainerStateMachine.loadSnapshot(ContainerStateMachine.java:245)
org.apache.hadoop.ozone.container.common.transport.server.ratis.ContainerStateMachine.initialize(ContainerStateMachine.java:224)
org.apache.ratis.server.impl.ServerState.<init>(ServerState.java:134)
org.apache.ratis.server.impl.RaftServerImpl.<init>(RaftServerImpl.java:197)
org.apache.ratis.server.impl.RaftServerProxy.lambda$newRaftServerImpl$4(RaftServerProxy.java:266)
java.util.concurrent.CompletableFuture$AsyncSupply.run(CompletableFuture.java:1604)
java.util.concurrent.ThreadPoolExecutor.runWorker(ThreadPoolExecutor.java:1149)
java.util.concurrent.ThreadPoolExecutor$Worker.run(ThreadPoolExecutor.java:624)
java.lang.Thread.run(Thread.java:748)

2021-12-22 01:07:47,476 [pool-411-thread-1] INFO  server.RaftServer$Division (ServerState.java:setRaftConf(387)) - bc31efc5-a10f-49ea-82d4-325dc6674eda@group-76C9E7F23109: set configuration 0: [bc31efc5-a10f-49ea-82d4-325dc6674eda|rpc:10.1.0.16:45543|dataStream:|priority:0, d1229c05-d9ac-40a7-9199-569f25256273|rpc:10.1.0.16:37951|dataStream:|priority:1, a426eecb-3f7b-4bd3-8516-db356bf90be2|rpc:10.1.0.16:36549|dataStream:|priority:0], old=null
2021-12-22 01:07:47,476 [pool-411-thread-1] INFO  server.RaftServerConfigKeys (ConfUtils.java:logGet(44)) - raft.server.notification.no-leader.timeout = 300s (custom)
2021-12-22 01:07:47,476 [pool-411-thread-1] INFO  server.RaftServerConfigKeys (ConfUtils.java:logGet(44)) - raft.server.log.use.memory = false (default)
2021-12-22 01:07:47,476 [pool-411-thread-1] INFO  server.RaftServerConfigKeys (ConfUtils.java:logGet(44)) - raft.server.log.purge.gap = 1000000 (custom)
2021-12-22 01:07:47,476 [pool-411-thread-1] INFO  server.RaftServerConfigKeys (ConfUtils.java:logGet(44)) - raft.server.log.appender.buffer.byte-limit = 33554432 (custom)
2021-12-22 01:07:47,476 [pool-411-thread-1] INFO  server.RaftServerConfigKeys (ConfUtils.java:logGet(44)) - raft.server.log.segment.size.max = 1048576 (custom)
2021-12-22 01:07:47,477 [pool-411-thread-1] INFO  server.RaftServerConfigKeys (ConfUtils.java:logGet(44)) - raft.server.log.segment.cache.num.max = 2 (custom)
2021-12-22 01:07:47,477 [pool-411-thread-1] INFO  server.RaftServerConfigKeys (ConfUtils.java:logGet(44)) - raft.server.log.segment.cache.size.max = 200MB (=209715200) (default)
2021-12-22 01:07:47,477 [pool-411-thread-1] INFO  segmented.SegmentedRaftLogWorker (SegmentedRaftLogWorker.java:<init>(182)) - new bc31efc5-a10f-49ea-82d4-325dc6674eda@group-76C9E7F23109-SegmentedRaftLogWorker for RaftStorageImpl:Storage Directory /home/runner/work/ozone/ozone/hadoop-ozone/integration-test/target/test-dir/MiniOzoneClusterImpl-042c0a5d-b585-40ed-8543-7186e0d9815b/datanode-0/data/ratis/3cb58a2a-b22a-431d-a37e-76c9e7f23109
2021-12-22 01:07:47,477 [pool-411-thread-1] INFO  server.RaftServerConfigKeys (ConfUtils.java:logGet(44)) - raft.server.log.queue.byte-limit = 2147483647 (custom)
2021-12-22 01:07:47,477 [pool-411-thread-1] INFO  server.RaftServerConfigKeys (ConfUtils.java:logGet(44)) - raft.server.log.queue.element-limit = 1024 (custom)
2021-12-22 01:07:47,477 [pool-411-thread-1] INFO  server.RaftServerConfigKeys (ConfUtils.java:logGet(44)) - raft.server.log.segment.size.max = 1048576 (custom)
2021-12-22 01:07:47,477 [pool-411-thread-1] INFO  server.RaftServerConfigKeys (ConfUtils.java:logGet(44)) - raft.server.log.preallocated.size = 16384 (custom)
2021-12-22 01:07:47,477 [pool-411-thread-1] INFO  server.RaftServerConfigKeys (ConfUtils.java:logGet(44)) - raft.server.log.force.sync.num = 128 (default)
2021-12-22 01:07:47,477 [pool-411-thread-1] INFO  server.RaftServerConfigKeys (ConfUtils.java:logGet(44)) - raft.server.log.statemachine.data.sync = true (default)
2021-12-22 01:07:47,477 [pool-411-thread-1] INFO  server.RaftServerConfigKeys (ConfUtils.java:logGet(44)) - raft.server.log.statemachine.data.sync.timeout = 10s (default)
2021-12-22 01:07:47,477 [pool-411-thread-1] INFO  server.RaftServerConfigKeys (ConfUtils.java:logGet(44)) - raft.server.log.statemachine.data.sync.timeout.retry = -1 (default)
2021-12-22 01:07:47,480 [Listener at 127.0.0.1/45789] INFO  handler.ContextHandler (ContextHandler.java:doStart(915)) - Started o.e.j.s.ServletContextHandler@6047fd63{logs,/logs,file:///home/runner/work/ozone/ozone/hadoop-ozone/integration-test/target/log,AVAILABLE}
2021-12-22 01:07:47,481 [Listener at 127.0.0.1/45789] INFO  handler.ContextHandler (ContextHandler.java:doStart(915)) - Started o.e.j.s.ServletContextHandler@298d4230{static,/static,jar:file:/home/runner/.m2/repository/org/apache/ozone/hdds-container-service/1.3.0-SNAPSHOT/hdds-container-service-1.3.0-SNAPSHOT.jar!/webapps/static,AVAILABLE}
2021-12-22 01:07:47,484 [pool-411-thread-1] INFO  server.RaftServerConfigKeys (ConfUtils.java:logGet(44)) - raft.server.log.write.buffer.size = 1048576 (custom)
2021-12-22 01:07:47,484 [pool-411-thread-1] INFO  server.RaftServerConfigKeys (ConfUtils.java:logGet(44)) - raft.server.log.statemachine.data.caching.enabled = true (custom)
2021-12-22 01:07:47,485 [pool-411-thread-1] INFO  server.RaftServer$Division (ServerState.java:setRaftConf(387)) - bc31efc5-a10f-49ea-82d4-325dc6674eda@group-76C9E7F23109: set configuration 0: [bc31efc5-a10f-49ea-82d4-325dc6674eda|rpc:10.1.0.16:45543|dataStream:|priority:0, d1229c05-d9ac-40a7-9199-569f25256273|rpc:10.1.0.16:37951|dataStream:|priority:1, a426eecb-3f7b-4bd3-8516-db356bf90be2|rpc:10.1.0.16:36549|dataStream:|priority:0], old=null
2021-12-22 01:07:47,488 [pool-411-thread-1] INFO  segmented.LogSegment (LogSegment.java:loadSegment(173)) - Successfully read 490 entries from segment file /home/runner/work/ozone/ozone/hadoop-ozone/integration-test/target/test-dir/MiniOzoneClusterImpl-042c0a5d-b585-40ed-8543-7186e0d9815b/datanode-0/data/ratis/3cb58a2a-b22a-431d-a37e-76c9e7f23109/current/log_inprogress_0
2021-12-22 01:07:47,488 [pool-411-thread-1] INFO  segmented.SegmentedRaftLogWorker (SegmentedRaftLogWorker.java:lambda$new$0(133)) - bc31efc5-a10f-49ea-82d4-325dc6674eda@group-76C9E7F23109-SegmentedRaftLogWorker: flushIndex: setUnconditionally 0 -> 489
2021-12-22 01:07:47,488 [pool-411-thread-1] INFO  segmented.SegmentedRaftLogWorker (SegmentedRaftLogWorker.java:lambda$new$0(133)) - bc31efc5-a10f-49ea-82d4-325dc6674eda@group-76C9E7F23109-SegmentedRaftLogWorker: safeCacheEvictIndex: setUnconditionally 0 -> -1
2021-12-22 01:07:47,508 [pool-411-thread-1] INFO  raftlog.RaftLog (RaftLogBase.java:lambda$new$0(53)) - bc31efc5-a10f-49ea-82d4-325dc6674eda@group-76C9E7F23109-SegmentedRaftLog: commitIndex: updateToMax old=489, new=487, updated? false
2021-12-22 01:07:47,508 [pool-411-thread-1] INFO  server.RaftServerConfigKeys (ConfUtils.java:logGet(44)) - raft.server.snapshot.auto.trigger.enabled = true (custom)
2021-12-22 01:07:47,508 [pool-411-thread-1] INFO  server.RaftServerConfigKeys (ConfUtils.java:logGet(44)) - raft.server.snapshot.auto.trigger.threshold = 10000 (custom)
2021-12-22 01:07:47,508 [pool-411-thread-1] INFO  server.RaftServerConfigKeys (ConfUtils.java:logGet(44)) - raft.server.snapshot.retention.file.num = 5 (custom)
2021-12-22 01:07:47,508 [pool-411-thread-1] INFO  server.RaftServerConfigKeys (ConfUtils.java:logGet(44)) - raft.server.log.purge.upto.snapshot.index = false (default)
2021-12-22 01:07:47,508 [pool-411-thread-1] INFO  server.RaftServerConfigKeys (ConfUtils.java:logGet(44)) - raft.server.retrycache.expirytime = 600000ms (custom)
2021-12-22 01:07:47,508 [pool-411-thread-1] INFO  server.RaftServerConfigKeys (ConfUtils.java:logGet(44)) - raft.server.retrycache.statistics.expirytime = 100μs (default)
2021-12-22 01:07:47,510 [pool-411-thread-1] INFO  server.RaftServer$Division (RaftServerImpl.java:<init>(184)) - bc31efc5-a10f-49ea-82d4-325dc6674eda: new RaftServerImpl for group-CF46F811C77B:[] with ContainerStateMachine:uninitialized
2021-12-22 01:07:47,510 [pool-411-thread-1] INFO  server.RaftServerConfigKeys (ConfUtils.java:logGet(44)) - raft.server.rpc.timeout.min = 5s (custom)
2021-12-22 01:07:47,510 [pool-411-thread-1] INFO  server.RaftServerConfigKeys (ConfUtils.java:logGet(44)) - raft.server.rpc.timeout.max = 5200ms (custom)
2021-12-22 01:07:47,510 [pool-411-thread-1] INFO  server.RaftServerConfigKeys (ConfUtils.java:logGet(44)) - raft.server.rpc.sleep.time = 25ms (default)
2021-12-22 01:07:47,510 [pool-411-thread-1] INFO  server.RaftServerConfigKeys (ConfUtils.java:logGet(44)) - raft.server.rpc.slowness.timeout = 300s (custom)
2021-12-22 01:07:47,510 [pool-411-thread-1] INFO  server.RaftServerConfigKeys (ConfUtils.java:logGet(44)) - raft.server.leaderelection.leader.step-down.wait-time = 10s (default)
2021-12-22 01:07:47,510 [pool-411-thread-1] INFO  server.RaftServerConfigKeys (ConfUtils.java:logGet(44)) - raft.server.sleep.deviation.threshold = 300ms (default)
2021-12-22 01:07:47,510 [pool-411-thread-1] INFO  server.RaftServerConfigKeys (ConfUtils.java:logGet(44)) - raft.server.log.appender.install.snapshot.enabled = false (custom)
2021-12-22 01:07:47,510 [pool-411-thread-1] INFO  server.RaftServer$Division (ServerState.java:<init>(105)) - bc31efc5-a10f-49ea-82d4-325dc6674eda@group-CF46F811C77B: ConfigurationManager, init=-1: [], old=null, confs=<EMPTY_MAP>
2021-12-22 01:07:47,510 [pool-411-thread-1] INFO  server.RaftServerConfigKeys (ConfUtils.java:logGet(44)) - raft.server.storage.dir = [/home/runner/work/ozone/ozone/hadoop-ozone/integration-test/target/test-dir/MiniOzoneClusterImpl-042c0a5d-b585-40ed-8543-7186e0d9815b/datanode-0/data/ratis] (custom)
2021-12-22 01:07:47,510 [pool-411-thread-1] INFO  server.RaftServerConfigKeys (ConfUtils.java:logGet(44)) - raft.server.log.corruption.policy = EXCEPTION (default)
2021-12-22 01:07:47,510 [pool-411-thread-1] INFO  server.RaftServerConfigKeys (ConfUtils.java:logGet(44)) - raft.server.storage.free-space.min = 0MB (=0) (default)
2021-12-22 01:07:47,512 [pool-411-thread-1] INFO  storage.RaftStorageDirectory (RaftStorageDirectoryImpl.java:tryLock(230)) - Lock on /home/runner/work/ozone/ozone/hadoop-ozone/integration-test/target/test-dir/MiniOzoneClusterImpl-042c0a5d-b585-40ed-8543-7186e0d9815b/datanode-0/data/ratis/afdf3549-8a21-40a9-8ce3-cf46f811c77b/in_use.lock acquired by nodename 19159@fv-az148-641
2021-12-22 01:07:47,512 [pool-411-thread-1] INFO  storage.RaftStorage (RaftStorageImpl.java:analyzeAndRecoverStorage(110)) - Read RaftStorageMetadata{term=1, votedFor=bc31efc5-a10f-49ea-82d4-325dc6674eda} from /home/runner/work/ozone/ozone/hadoop-ozone/integration-test/target/test-dir/MiniOzoneClusterImpl-042c0a5d-b585-40ed-8543-7186e0d9815b/datanode-0/data/ratis/afdf3549-8a21-40a9-8ce3-cf46f811c77b/current/raft-meta
2021-12-22 01:07:47,512 [pool-411-thread-1] INFO  ratis.ContainerStateMachine (ContainerStateMachine.java:loadSnapshot(240)) - group-CF46F811C77B: Setting the last applied index to (t:1, i:48)
2021-12-22 01:07:47,513 [pool-411-thread-1] INFO  server.RaftServer$Division (ServerState.java:setRaftConf(387)) - bc31efc5-a10f-49ea-82d4-325dc6674eda@group-CF46F811C77B: set configuration 0: [bc31efc5-a10f-49ea-82d4-325dc6674eda|rpc:10.1.0.16:45543|dataStream:|priority:1], old=null
2021-12-22 01:07:47,513 [pool-411-thread-1] INFO  server.RaftServerConfigKeys (ConfUtils.java:logGet(44)) - raft.server.notification.no-leader.timeout = 300s (custom)
2021-12-22 01:07:47,513 [pool-411-thread-1] INFO  server.RaftServerConfigKeys (ConfUtils.java:logGet(44)) - raft.server.log.use.memory = false (default)
2021-12-22 01:07:47,513 [pool-411-thread-1] INFO  server.RaftServerConfigKeys (ConfUtils.java:logGet(44)) - raft.server.log.purge.gap = 1000000 (custom)
2021-12-22 01:07:47,513 [pool-411-thread-1] INFO  server.RaftServerConfigKeys (ConfUtils.java:logGet(44)) - raft.server.log.appender.buffer.byte-limit = 33554432 (custom)
2021-12-22 01:07:47,513 [pool-411-thread-1] INFO  server.RaftServerConfigKeys (ConfUtils.java:logGet(44)) - raft.server.log.segment.size.max = 1048576 (custom)
2021-12-22 01:07:47,513 [pool-411-thread-1] INFO  server.RaftServerConfigKeys (ConfUtils.java:logGet(44)) - raft.server.log.segment.cache.num.max = 2 (custom)
2021-12-22 01:07:47,514 [pool-411-thread-1] INFO  server.RaftServerConfigKeys (ConfUtils.java:logGet(44)) - raft.server.log.segment.cache.size.max = 200MB (=209715200) (default)
2021-12-22 01:07:47,514 [pool-411-thread-1] INFO  segmented.SegmentedRaftLogWorker (SegmentedRaftLogWorker.java:<init>(182)) - new bc31efc5-a10f-49ea-82d4-325dc6674eda@group-CF46F811C77B-SegmentedRaftLogWorker for RaftStorageImpl:Storage Directory /home/runner/work/ozone/ozone/hadoop-ozone/integration-test/target/test-dir/MiniOzoneClusterImpl-042c0a5d-b585-40ed-8543-7186e0d9815b/datanode-0/data/ratis/afdf3549-8a21-40a9-8ce3-cf46f811c77b
2021-12-22 01:07:47,514 [pool-411-thread-1] INFO  server.RaftServerConfigKeys (ConfUtils.java:logGet(44)) - raft.server.log.queue.byte-limit = 2147483647 (custom)
2021-12-22 01:07:47,514 [pool-411-thread-1] INFO  server.RaftServerConfigKeys (ConfUtils.java:logGet(44)) - raft.server.log.queue.element-limit = 1024 (custom)
2021-12-22 01:07:47,514 [pool-411-thread-1] INFO  server.RaftServerConfigKeys (ConfUtils.java:logGet(44)) - raft.server.log.segment.size.max = 1048576 (custom)
2021-12-22 01:07:47,514 [pool-411-thread-1] INFO  server.RaftServerConfigKeys (ConfUtils.java:logGet(44)) - raft.server.log.preallocated.size = 16384 (custom)
2021-12-22 01:07:47,514 [pool-411-thread-1] INFO  server.RaftServerConfigKeys (ConfUtils.java:logGet(44)) - raft.server.log.force.sync.num = 128 (default)
2021-12-22 01:07:47,514 [pool-411-thread-1] INFO  server.RaftServerConfigKeys (ConfUtils.java:logGet(44)) - raft.server.log.statemachine.data.sync = true (default)
2021-12-22 01:07:47,514 [pool-411-thread-1] INFO  server.RaftServerConfigKeys (ConfUtils.java:logGet(44)) - raft.server.log.statemachine.data.sync.timeout = 10s (default)
2021-12-22 01:07:47,514 [pool-411-thread-1] INFO  server.RaftServerConfigKeys (ConfUtils.java:logGet(44)) - raft.server.log.statemachine.data.sync.timeout.retry = -1 (default)
2021-12-22 01:07:47,528 [pool-411-thread-1] INFO  server.RaftServerConfigKeys (ConfUtils.java:logGet(44)) - raft.server.log.write.buffer.size = 1048576 (custom)
2021-12-22 01:07:47,528 [pool-411-thread-1] INFO  server.RaftServerConfigKeys (ConfUtils.java:logGet(44)) - raft.server.log.statemachine.data.caching.enabled = true (custom)
2021-12-22 01:07:47,529 [pool-411-thread-1] INFO  server.RaftServer$Division (ServerState.java:setRaftConf(387)) - bc31efc5-a10f-49ea-82d4-325dc6674eda@group-CF46F811C77B: set configuration 0: [bc31efc5-a10f-49ea-82d4-325dc6674eda|rpc:10.1.0.16:45543|dataStream:|priority:1], old=null
2021-12-22 01:07:47,529 [pool-411-thread-1] INFO  segmented.LogSegment (LogSegment.java:loadSegment(173)) - Successfully read 49 entries from segment file /home/runner/work/ozone/ozone/hadoop-ozone/integration-test/target/test-dir/MiniOzoneClusterImpl-042c0a5d-b585-40ed-8543-7186e0d9815b/datanode-0/data/ratis/afdf3549-8a21-40a9-8ce3-cf46f811c77b/current/log_inprogress_0
2021-12-22 01:07:47,529 [pool-411-thread-1] INFO  segmented.SegmentedRaftLogWorker (SegmentedRaftLogWorker.java:lambda$new$0(133)) - bc31efc5-a10f-49ea-82d4-325dc6674eda@group-CF46F811C77B-SegmentedRaftLogWorker: flushIndex: setUnconditionally 0 -> 48
2021-12-22 01:07:47,529 [pool-411-thread-1] INFO  segmented.SegmentedRaftLogWorker (SegmentedRaftLogWorker.java:lambda$new$0(133)) - bc31efc5-a10f-49ea-82d4-325dc6674eda@group-CF46F811C77B-SegmentedRaftLogWorker: safeCacheEvictIndex: setUnconditionally 0 -> -1
2021-12-22 01:07:47,548 [pool-411-thread-1] INFO  raftlog.RaftLog (RaftLogBase.java:lambda$new$0(53)) - bc31efc5-a10f-49ea-82d4-325dc6674eda@group-CF46F811C77B-SegmentedRaftLog: commitIndex: updateToMax old=48, new=46, updated? false
2021-12-22 01:07:47,548 [pool-411-thread-1] INFO  server.RaftServerConfigKeys (ConfUtils.java:logGet(44)) - raft.server.snapshot.auto.trigger.enabled = true (custom)
2021-12-22 01:07:47,548 [pool-411-thread-1] INFO  server.RaftServerConfigKeys (ConfUtils.java:logGet(44)) - raft.server.snapshot.auto.trigger.threshold = 10000 (custom)
2021-12-22 01:07:47,548 [pool-411-thread-1] INFO  server.RaftServerConfigKeys (ConfUtils.java:logGet(44)) - raft.server.snapshot.retention.file.num = 5 (custom)
2021-12-22 01:07:47,548 [pool-411-thread-1] INFO  server.RaftServerConfigKeys (ConfUtils.java:logGet(44)) - raft.server.log.purge.upto.snapshot.index = false (default)
2021-12-22 01:07:47,548 [pool-411-thread-1] INFO  server.RaftServerConfigKeys (ConfUtils.java:logGet(44)) - raft.server.retrycache.expirytime = 600000ms (custom)
2021-12-22 01:07:47,548 [pool-411-thread-1] INFO  server.RaftServerConfigKeys (ConfUtils.java:logGet(44)) - raft.server.retrycache.statistics.expirytime = 100μs (default)
2021-12-22 01:07:47,625 [Listener at 127.0.0.1/45789] INFO  handler.ContextHandler (ContextHandler.java:doStart(915)) - Started o.e.j.w.WebAppContext@2ea78df7{hddsDatanode,/,file:///tmp/jetty-0_0_0_0-40661-hdds-container-service-1_3_0-SNAPSHOT_jar-_-any-1960077421638265020/webapp/,AVAILABLE}{jar:file:/home/runner/.m2/repository/org/apache/ozone/hdds-container-service/1.3.0-SNAPSHOT/hdds-container-service-1.3.0-SNAPSHOT.jar!/webapps/hddsDatanode}
2021-12-22 01:07:47,630 [Listener at 127.0.0.1/45789] INFO  server.AbstractConnector (AbstractConnector.java:doStart(331)) - Started ServerConnector@2ef2a62a{HTTP/1.1, (http/1.1)}{0.0.0.0:40661}
2021-12-22 01:07:47,630 [Listener at 127.0.0.1/45789] INFO  server.Server (Server.java:doStart(415)) - Started @60778ms
2021-12-22 01:07:47,630 [Listener at 127.0.0.1/45789] WARN  impl.MetricsSystemImpl (MetricsSystemImpl.java:register(279)) - Sink prometheus already exists!
2021-12-22 01:07:47,632 [Listener at 127.0.0.1/45789] INFO  http.BaseHttpServer (BaseHttpServer.java:updateConnectorAddress(329)) - HTTP server of hddsDatanode listening at http://0.0.0.0:40661
2021-12-22 01:07:47,644 [Datanode State Machine Daemon Thread] INFO  statemachine.DatanodeStateMachine (DatanodeStateMachine.java:lambda$startDaemon$0(467)) - Ozone container server started.
2021-12-22 01:07:47,704 [org.apache.hadoop.util.JvmPauseMonitor$Monitor@434c9944] INFO  util.JvmPauseMonitor (JvmPauseMonitor.java:run(188)) - Starting JVM pause monitor
2021-12-22 01:07:48,471 [grpc-default-executor-5] WARN  server.GrpcLogAppender (LogUtils.java:warn(122)) - d1229c05-d9ac-40a7-9199-569f25256273@group-7E8A57294037->bc31efc5-a10f-49ea-82d4-325dc6674eda-AppendLogResponseHandler: Failed appendEntries: org.apache.ratis.thirdparty.io.grpc.StatusRuntimeException: UNAVAILABLE: io exception
2021-12-22 01:07:48,472 [grpc-default-executor-5] WARN  server.GrpcLogAppender (GrpcLogAppender.java:resetClient(110)) - d1229c05-d9ac-40a7-9199-569f25256273@group-7E8A57294037->bc31efc5-a10f-49ea-82d4-325dc6674eda-GrpcLogAppender: Leader has not got in touch with Follower d1229c05-d9ac-40a7-9199-569f25256273@group-7E8A57294037->bc31efc5-a10f-49ea-82d4-325dc6674eda(c-1,m0,n454, attendVote=true, lastRpcSendTime=1094, lastRpcResponseTime=6402) yet, just keep nextIndex unchanged and retry.
2021-12-22 01:07:48,495 [grpc-default-executor-5] WARN  server.GrpcLogAppender (LogUtils.java:warn(122)) - d1229c05-d9ac-40a7-9199-569f25256273@group-7E8A57294037->bc31efc5-a10f-49ea-82d4-325dc6674eda-AppendLogResponseHandler: Failed appendEntries: org.apache.ratis.thirdparty.io.grpc.StatusRuntimeException: UNAVAILABLE: io exception
2021-12-22 01:07:48,496 [pool-111-thread-7] INFO  keyvalue.KeyValueContainer (KeyValueContainer.java:flushAndSyncDB(401)) - Container 1 is synced with bcsId 448.
2021-12-22 01:07:48,496 [pool-111-thread-7] INFO  keyvalue.KeyValueContainer (KeyValueContainer.java:flushAndSyncDB(401)) - Container 1 is synced with bcsId 448.
2021-12-22 01:07:48,497 [grpc-default-executor-5] WARN  server.GrpcLogAppender (GrpcLogAppender.java:resetClient(110)) - d1229c05-d9ac-40a7-9199-569f25256273@group-7E8A57294037->bc31efc5-a10f-49ea-82d4-325dc6674eda-GrpcLogAppender: Leader has not got in touch with Follower d1229c05-d9ac-40a7-9199-569f25256273@group-7E8A57294037->bc31efc5-a10f-49ea-82d4-325dc6674eda(c-1,m0,n455, attendVote=true, lastRpcSendTime=23, lastRpcResponseTime=6426) yet, just keep nextIndex unchanged and retry.
2021-12-22 01:07:48,500 [pool-111-thread-7] INFO  keyvalue.KeyValueContainer (KeyValueContainer.java:close(338)) - Container 1 is closed with bcsId 448.
2021-12-22 01:07:48,517 [EventQueue-IncrementalContainerReportForIncrementalContainerReportHandler] INFO  container.IncrementalContainerReportHandler (AbstractContainerReportHandler.java:updateContainerState(223)) - Moving container #1 to CLOSED state, datanode d1229c05-d9ac-40a7-9199-569f25256273{ip: 10.1.0.16, host: fv-az148-641.bm4ck3pvxvsene1rjriu5fhcdb.bx.internal.cloudapp.net, ports: [REPLICATION=37959, RATIS=37951, RATIS_ADMIN=37951, RATIS_SERVER=37951, STANDALONE=41819], networkLocation: /default-rack, certSerialId: null, persistedOpState: IN_SERVICE, persistedOpStateExpiryEpochSec: 0} reported CLOSED replica.
2021-12-22 01:07:48,522 [pool-108-thread-7] INFO  keyvalue.KeyValueContainer (KeyValueContainer.java:flushAndSyncDB(401)) - Container 1 is synced with bcsId 448.
2021-12-22 01:07:48,522 [pool-108-thread-7] INFO  keyvalue.KeyValueContainer (KeyValueContainer.java:flushAndSyncDB(401)) - Container 1 is synced with bcsId 448.
2021-12-22 01:07:48,526 [pool-108-thread-7] INFO  keyvalue.KeyValueContainer (KeyValueContainer.java:close(338)) - Container 1 is closed with bcsId 448.
2021-12-22 01:07:49,307 [grpc-default-executor-5] WARN  server.GrpcLogAppender (LogUtils.java:warn(122)) - d1229c05-d9ac-40a7-9199-569f25256273@group-76C9E7F23109->bc31efc5-a10f-49ea-82d4-325dc6674eda-AppendLogResponseHandler: Failed appendEntries: org.apache.ratis.thirdparty.io.grpc.StatusRuntimeException: UNAVAILABLE: io exception
2021-12-22 01:07:49,309 [grpc-default-executor-5] INFO  leader.FollowerInfo (FollowerInfoImpl.java:lambda$new$0(47)) - d1229c05-d9ac-40a7-9199-569f25256273@group-76C9E7F23109->bc31efc5-a10f-49ea-82d4-325dc6674eda: nextIndex: updateUnconditionally 490 -> 489
2021-12-22 01:07:49,714 [EndpointStateMachine task thread for /0.0.0.0:41881 - 0 ] INFO  ozoneimpl.OzoneContainer (OzoneContainer.java:start(315)) - Attempting to start container services.
2021-12-22 01:07:49,716 [EndpointStateMachine task thread for /0.0.0.0:41881 - 0 ] INFO  ozoneimpl.OzoneContainer (OzoneContainer.java:startContainerScrub(250)) - Background container scanner has been disabled.
2021-12-22 01:07:49,724 [EndpointStateMachine task thread for /0.0.0.0:41881 - 0 ] INFO  replication.ReplicationServer (ReplicationServer.java:start(107)) - ReplicationServer is started using port 38845
2021-12-22 01:07:49,724 [EndpointStateMachine task thread for /0.0.0.0:41881 - 0 ] INFO  ratis.XceiverServerRatis (XceiverServerRatis.java:start(484)) - Starting XceiverServerRatis bc31efc5-a10f-49ea-82d4-325dc6674eda
2021-12-22 01:07:49,744 [EndpointStateMachine task thread for /0.0.0.0:41881 - 0 ] INFO  server.RaftServer$Division (RaftServerImpl.java:start(301)) - bc31efc5-a10f-49ea-82d4-325dc6674eda@group-76C9E7F23109: start as a follower, conf=0: [bc31efc5-a10f-49ea-82d4-325dc6674eda|rpc:10.1.0.16:45543|dataStream:|priority:0, d1229c05-d9ac-40a7-9199-569f25256273|rpc:10.1.0.16:37951|dataStream:|priority:1, a426eecb-3f7b-4bd3-8516-db356bf90be2|rpc:10.1.0.16:36549|dataStream:|priority:0], old=null
2021-12-22 01:07:49,744 [EndpointStateMachine task thread for /0.0.0.0:41881 - 0 ] INFO  server.RaftServer$Division (RaftServerImpl.java:setRole(290)) - bc31efc5-a10f-49ea-82d4-325dc6674eda@group-76C9E7F23109: changes role from      null to FOLLOWER at term 2 for startAsFollower
2021-12-22 01:07:49,744 [EndpointStateMachine task thread for /0.0.0.0:41881 - 0 ] INFO  impl.RoleInfo (RoleInfo.java:updateAndGet(130)) - bc31efc5-a10f-49ea-82d4-325dc6674eda: start bc31efc5-a10f-49ea-82d4-325dc6674eda@group-76C9E7F23109-FollowerState
2021-12-22 01:07:49,744 [ForkJoinPool.commonPool-worker-1] INFO  server.RaftServer$Division (RaftServerImpl.java:start(301)) - bc31efc5-a10f-49ea-82d4-325dc6674eda@group-CF46F811C77B: start as a follower, conf=0: [bc31efc5-a10f-49ea-82d4-325dc6674eda|rpc:10.1.0.16:45543|dataStream:|priority:1], old=null
2021-12-22 01:07:49,744 [ForkJoinPool.commonPool-worker-1] INFO  server.RaftServer$Division (RaftServerImpl.java:setRole(290)) - bc31efc5-a10f-49ea-82d4-325dc6674eda@group-CF46F811C77B: changes role from      null to FOLLOWER at term 1 for startAsFollower
2021-12-22 01:07:49,748 [EndpointStateMachine task thread for /0.0.0.0:41881 - 0 ] INFO  util.JmxRegister (JmxRegister.java:tryRegister(44)) - Successfully registered JMX Bean with object name Ratis:service=RaftServer,group=group-76C9E7F23109,id=bc31efc5-a10f-49ea-82d4-325dc6674eda
2021-12-22 01:07:49,748 [ForkJoinPool.commonPool-worker-1] INFO  impl.RoleInfo (RoleInfo.java:updateAndGet(130)) - bc31efc5-a10f-49ea-82d4-325dc6674eda: start bc31efc5-a10f-49ea-82d4-325dc6674eda@group-CF46F811C77B-FollowerState
2021-12-22 01:07:49,753 [ForkJoinPool.commonPool-worker-1] INFO  util.JmxRegister (JmxRegister.java:tryRegister(44)) - Successfully registered JMX Bean with object name Ratis:service=RaftServer,group=group-CF46F811C77B,id=bc31efc5-a10f-49ea-82d4-325dc6674eda
2021-12-22 01:07:49,776 [EndpointStateMachine task thread for /0.0.0.0:41881 - 0 ] INFO  server.RaftServer$Division (RaftServerImpl.java:start(301)) - bc31efc5-a10f-49ea-82d4-325dc6674eda@group-7E8A57294037: start as a follower, conf=0: [d1229c05-d9ac-40a7-9199-569f25256273|rpc:10.1.0.16:37951|dataStream:|priority:0, bc31efc5-a10f-49ea-82d4-325dc6674eda|rpc:10.1.0.16:45543|dataStream:|priority:1, a426eecb-3f7b-4bd3-8516-db356bf90be2|rpc:10.1.0.16:36549|dataStream:|priority:0], old=null
2021-12-22 01:07:49,776 [EndpointStateMachine task thread for /0.0.0.0:41881 - 0 ] INFO  server.RaftServer$Division (RaftServerImpl.java:setRole(290)) - bc31efc5-a10f-49ea-82d4-325dc6674eda@group-7E8A57294037: changes role from      null to FOLLOWER at term 1 for startAsFollower
2021-12-22 01:07:49,776 [EndpointStateMachine task thread for /0.0.0.0:41881 - 0 ] INFO  impl.RoleInfo (RoleInfo.java:updateAndGet(130)) - bc31efc5-a10f-49ea-82d4-325dc6674eda: start bc31efc5-a10f-49ea-82d4-325dc6674eda@group-7E8A57294037-FollowerState
2021-12-22 01:07:49,784 [EndpointStateMachine task thread for /0.0.0.0:41881 - 0 ] INFO  util.JmxRegister (JmxRegister.java:tryRegister(44)) - Successfully registered JMX Bean with object name Ratis:service=RaftServer,group=group-7E8A57294037,id=bc31efc5-a10f-49ea-82d4-325dc6674eda
2021-12-22 01:07:49,803 [EndpointStateMachine task thread for /0.0.0.0:41881 - 0 ] INFO  server.RaftServer (RaftServerProxy.java:lambda$start$5(374)) - bc31efc5-a10f-49ea-82d4-325dc6674eda: start RPC server
2021-12-22 01:07:49,804 [EndpointStateMachine task thread for /0.0.0.0:41881 - 0 ] INFO  server.GrpcService (GrpcService.java:startImpl(253)) - bc31efc5-a10f-49ea-82d4-325dc6674eda: GrpcService started, listening on 45543
2021-12-22 01:07:49,812 [EndpointStateMachine task thread for /0.0.0.0:41881 - 0 ] INFO  ratis.XceiverServerRatis (XceiverServerRatis.java:getRealPort(505)) - XceiverServerRatis bc31efc5-a10f-49ea-82d4-325dc6674eda is started using port 45543 for RATIS
2021-12-22 01:07:49,812 [EndpointStateMachine task thread for /0.0.0.0:41881 - 0 ] INFO  ratis.XceiverServerRatis (XceiverServerRatis.java:getRealPort(505)) - XceiverServerRatis bc31efc5-a10f-49ea-82d4-325dc6674eda is started using port 45543 for RATIS_ADMIN
2021-12-22 01:07:49,812 [EndpointStateMachine task thread for /0.0.0.0:41881 - 0 ] INFO  ratis.XceiverServerRatis (XceiverServerRatis.java:getRealPort(505)) - XceiverServerRatis bc31efc5-a10f-49ea-82d4-325dc6674eda is started using port 45543 for RATIS_SERVER
2021-12-22 01:07:49,813 [org.apache.ratis.util.JvmPauseMonitor$$Lambda$530/1855807713@32d20d47] INFO  util.JvmPauseMonitor (JvmPauseMonitor.java:run(103)) - JvmPauseMonitor-bc31efc5-a10f-49ea-82d4-325dc6674eda: Started
2021-12-22 01:07:51,002 [grpc-default-executor-4] INFO  ratis.XceiverServerRatis (XceiverServerRatis.java:handleLeaderChangedNotification(866)) - Leader change notification received for group: group-7E8A57294037 with new leaderId: d1229c05-d9ac-40a7-9199-569f25256273
2021-12-22 01:07:51,003 [grpc-default-executor-4] INFO  server.RaftServer$Division (ServerState.java:setLeader(285)) - bc31efc5-a10f-49ea-82d4-325dc6674eda@group-7E8A57294037: change Leader from null to d1229c05-d9ac-40a7-9199-569f25256273 at term 2 for appendEntries, leader elected after 3614ms
2021-12-22 01:07:51,003 [grpc-default-executor-4] INFO  server.RaftServer$Division (RaftServerImpl.java:checkInconsistentAppendEntries(1322)) - bc31efc5-a10f-49ea-82d4-325dc6674eda@group-7E8A57294037: Failed appendEntries as previous log entry ((t:2, i:454)) is not found
2021-12-22 01:07:51,003 [grpc-default-executor-4] INFO  server.RaftServer$Division (RaftServerImpl.java:checkInconsistentAppendEntries(1288)) - bc31efc5-a10f-49ea-82d4-325dc6674eda@group-7E8A57294037: inconsistency entries. Reply:d1229c05-d9ac-40a7-9199-569f25256273<-bc31efc5-a10f-49ea-82d4-325dc6674eda#4684911:FAIL-t1,INCONSISTENCY,nextIndex=451,followerCommit=450
2021-12-22 01:07:51,009 [grpc-default-executor-4] INFO  leader.FollowerInfo (FollowerInfoImpl.java:lambda$new$0(47)) - d1229c05-d9ac-40a7-9199-569f25256273@group-7E8A57294037->bc31efc5-a10f-49ea-82d4-325dc6674eda: nextIndex: updateUnconditionally 455 -> 451
2021-12-22 01:07:51,011 [grpc-default-executor-4] INFO  server.RaftServer$Division (ServerState.java:setRaftConf(387)) - bc31efc5-a10f-49ea-82d4-325dc6674eda@group-7E8A57294037: set configuration 451: [d1229c05-d9ac-40a7-9199-569f25256273|rpc:10.1.0.16:37951|dataStream:|priority:0, bc31efc5-a10f-49ea-82d4-325dc6674eda|rpc:10.1.0.16:45543|dataStream:|priority:1, a426eecb-3f7b-4bd3-8516-db356bf90be2|rpc:10.1.0.16:36549|dataStream:|priority:0], old=null
2021-12-22 01:07:51,011 [grpc-default-executor-4] INFO  segmented.SegmentedRaftLogWorker (SegmentedRaftLogWorker.java:rollLogSegment(399)) - bc31efc5-a10f-49ea-82d4-325dc6674eda@group-7E8A57294037-SegmentedRaftLogWorker: Rolling segment log-0_450 to index:450
2021-12-22 01:07:51,012 [bc31efc5-a10f-49ea-82d4-325dc6674eda@group-7E8A57294037-SegmentedRaftLogWorker] INFO  segmented.SegmentedRaftLogWorker (SegmentedRaftLogWorker.java:execute(558)) - bc31efc5-a10f-49ea-82d4-325dc6674eda@group-7E8A57294037-SegmentedRaftLogWorker: Rolled log segment from /home/runner/work/ozone/ozone/hadoop-ozone/integration-test/target/test-dir/MiniOzoneClusterImpl-042c0a5d-b585-40ed-8543-7186e0d9815b/datanode-0/data/ratis/5b6aeea7-e9c6-4233-8423-7e8a57294037/current/log_inprogress_0 to /home/runner/work/ozone/ozone/hadoop-ozone/integration-test/target/test-dir/MiniOzoneClusterImpl-042c0a5d-b585-40ed-8543-7186e0d9815b/datanode-0/data/ratis/5b6aeea7-e9c6-4233-8423-7e8a57294037/current/log_0-450
2021-12-22 01:07:51,014 [bc31efc5-a10f-49ea-82d4-325dc6674eda@group-7E8A57294037-SegmentedRaftLogWorker] INFO  segmented.SegmentedRaftLogWorker (SegmentedRaftLogWorker.java:execute(601)) - bc31efc5-a10f-49ea-82d4-325dc6674eda@group-7E8A57294037-SegmentedRaftLogWorker: created new log segment /home/runner/work/ozone/ozone/hadoop-ozone/integration-test/target/test-dir/MiniOzoneClusterImpl-042c0a5d-b585-40ed-8543-7186e0d9815b/datanode-0/data/ratis/5b6aeea7-e9c6-4233-8423-7e8a57294037/current/log_inprogress_451
2021-12-22 01:07:51,057 [pool-412-thread-1] INFO  keyvalue.KeyValueContainer (KeyValueContainer.java:flushAndSyncDB(401)) - Container 1 is synced with bcsId 448.
2021-12-22 01:07:51,058 [pool-412-thread-1] INFO  keyvalue.KeyValueContainer (KeyValueContainer.java:flushAndSyncDB(401)) - Container 1 is synced with bcsId 448.
2021-12-22 01:07:51,066 [pool-412-thread-1] INFO  keyvalue.KeyValueContainer (KeyValueContainer.java:close(338)) - Container 1 is closed with bcsId 448.
2021-12-22 01:07:51,108 [EventQueue-HealthyReadonlyNodeForHealthyReadOnlyNodeHandler] INFO  node.HealthyReadOnlyNodeHandler (HealthyReadOnlyNodeHandler.java:onMessage(58)) - Datanode bc31efc5-a10f-49ea-82d4-325dc6674eda{ip: 10.1.0.16, host: fv-az148-641.bm4ck3pvxvsene1rjriu5fhcdb.bx.internal.cloudapp.net, ports: [REPLICATION=40841, RATIS=45543, RATIS_ADMIN=45543, RATIS_SERVER=45543, STANDALONE=35889], networkLocation: /default-rack, certSerialId: null, persistedOpState: IN_SERVICE, persistedOpStateExpiryEpochSec: 0} moved to HEALTHY READONLY state.
2021-12-22 01:07:51,108 [EventQueue-HealthyReadonlyNodeForHealthyReadOnlyNodeHandler] INFO  node.HealthyReadOnlyNodeHandler (HealthyReadOnlyNodeHandler.java:onMessage(62)) - Closing pipeline PipelineID=afdf3549-8a21-40a9-8ce3-cf46f811c77b which uses HEALTHY READONLY datanode bc31efc5-a10f-49ea-82d4-325dc6674eda{ip: 10.1.0.16, host: fv-az148-641.bm4ck3pvxvsene1rjriu5fhcdb.bx.internal.cloudapp.net, ports: [REPLICATION=40841, RATIS=45543, RATIS_ADMIN=45543, RATIS_SERVER=45543, STANDALONE=35889], networkLocation: /default-rack, certSerialId: null, persistedOpState: IN_SERVICE, persistedOpStateExpiryEpochSec: 0} 
2021-12-22 01:07:51,109 [EventQueue-HealthyReadonlyNodeForHealthyReadOnlyNodeHandler] INFO  pipeline.RatisPipelineProvider (RatisPipelineProvider.java:lambda$close$1(222)) - Send pipeline:PipelineID=afdf3549-8a21-40a9-8ce3-cf46f811c77b close command to datanode bc31efc5-a10f-49ea-82d4-325dc6674eda
2021-12-22 01:07:51,110 [EventQueue-HealthyReadonlyNodeForHealthyReadOnlyNodeHandler] INFO  pipeline.PipelineStateManagerImpl (PipelineStateManagerImpl.java:removePipeline(223)) - Pipeline Pipeline[ Id: afdf3549-8a21-40a9-8ce3-cf46f811c77b, Nodes: bc31efc5-a10f-49ea-82d4-325dc6674eda{ip: 10.1.0.16, host: fv-az148-641.bm4ck3pvxvsene1rjriu5fhcdb.bx.internal.cloudapp.net, ports: [REPLICATION=40841, RATIS=45543, RATIS_ADMIN=45543, RATIS_SERVER=45543, STANDALONE=35889], networkLocation: /default-rack, certSerialId: null, persistedOpState: IN_SERVICE, persistedOpStateExpiryEpochSec: 0}, ReplicationConfig: RATIS/ONE, State:CLOSED, leaderId:bc31efc5-a10f-49ea-82d4-325dc6674eda, CreationTimestamp2021-12-22T01:07:17.007Z[Etc/UTC]] removed.
2021-12-22 01:07:51,110 [EventQueue-HealthyReadonlyNodeForHealthyReadOnlyNodeHandler] INFO  node.HealthyReadOnlyNodeHandler (HealthyReadOnlyNodeHandler.java:onMessage(62)) - Closing pipeline PipelineID=3cb58a2a-b22a-431d-a37e-76c9e7f23109 which uses HEALTHY READONLY datanode bc31efc5-a10f-49ea-82d4-325dc6674eda{ip: 10.1.0.16, host: fv-az148-641.bm4ck3pvxvsene1rjriu5fhcdb.bx.internal.cloudapp.net, ports: [REPLICATION=40841, RATIS=45543, RATIS_ADMIN=45543, RATIS_SERVER=45543, STANDALONE=35889], networkLocation: /default-rack, certSerialId: null, persistedOpState: IN_SERVICE, persistedOpStateExpiryEpochSec: 0} 
2021-12-22 01:07:51,110 [EventQueue-HealthyReadonlyNodeForHealthyReadOnlyNodeHandler] INFO  pipeline.RatisPipelineProvider (RatisPipelineProvider.java:lambda$close$1(222)) - Send pipeline:PipelineID=3cb58a2a-b22a-431d-a37e-76c9e7f23109 close command to datanode bc31efc5-a10f-49ea-82d4-325dc6674eda
2021-12-22 01:07:51,110 [EventQueue-HealthyReadonlyNodeForHealthyReadOnlyNodeHandler] INFO  pipeline.RatisPipelineProvider (RatisPipelineProvider.java:lambda$close$1(222)) - Send pipeline:PipelineID=3cb58a2a-b22a-431d-a37e-76c9e7f23109 close command to datanode d1229c05-d9ac-40a7-9199-569f25256273
2021-12-22 01:07:51,110 [EventQueue-HealthyReadonlyNodeForHealthyReadOnlyNodeHandler] INFO  pipeline.RatisPipelineProvider (RatisPipelineProvider.java:lambda$close$1(222)) - Send pipeline:PipelineID=3cb58a2a-b22a-431d-a37e-76c9e7f23109 close command to datanode a426eecb-3f7b-4bd3-8516-db356bf90be2
2021-12-22 01:07:51,110 [EventQueue-HealthyReadonlyNodeForHealthyReadOnlyNodeHandler] INFO  pipeline.PipelineStateManagerImpl (PipelineStateManagerImpl.java:removePipeline(223)) - Pipeline Pipeline[ Id: 3cb58a2a-b22a-431d-a37e-76c9e7f23109, Nodes: bc31efc5-a10f-49ea-82d4-325dc6674eda{ip: 10.1.0.16, host: fv-az148-641.bm4ck3pvxvsene1rjriu5fhcdb.bx.internal.cloudapp.net, ports: [REPLICATION=40841, RATIS=45543, RATIS_ADMIN=45543, RATIS_SERVER=45543, STANDALONE=35889], networkLocation: /default-rack, certSerialId: null, persistedOpState: IN_SERVICE, persistedOpStateExpiryEpochSec: 0}d1229c05-d9ac-40a7-9199-569f25256273{ip: 10.1.0.16, host: fv-az148-641.bm4ck3pvxvsene1rjriu5fhcdb.bx.internal.cloudapp.net, ports: [REPLICATION=37959, RATIS=37951, RATIS_ADMIN=37951, RATIS_SERVER=37951, STANDALONE=41819], networkLocation: /default-rack, certSerialId: null, persistedOpState: IN_SERVICE, persistedOpStateExpiryEpochSec: 0}a426eecb-3f7b-4bd3-8516-db356bf90be2{ip: 10.1.0.16, host: fv-az148-641.bm4ck3pvxvsene1rjriu5fhcdb.bx.internal.cloudapp.net, ports: [REPLICATION=39213, RATIS=36549, RATIS_ADMIN=36549, RATIS_SERVER=36549, STANDALONE=33621], networkLocation: /default-rack, certSerialId: null, persistedOpState: IN_SERVICE, persistedOpStateExpiryEpochSec: 0}, ReplicationConfig: RATIS/THREE, State:CLOSED, leaderId:d1229c05-d9ac-40a7-9199-569f25256273, CreationTimestamp2021-12-22T01:06:59.042Z[Etc/UTC]] removed.
2021-12-22 01:07:51,110 [EventQueue-HealthyReadonlyNodeForHealthyReadOnlyNodeHandler] INFO  node.HealthyReadOnlyNodeHandler (HealthyReadOnlyNodeHandler.java:onMessage(62)) - Closing pipeline PipelineID=5b6aeea7-e9c6-4233-8423-7e8a57294037 which uses HEALTHY READONLY datanode bc31efc5-a10f-49ea-82d4-325dc6674eda{ip: 10.1.0.16, host: fv-az148-641.bm4ck3pvxvsene1rjriu5fhcdb.bx.internal.cloudapp.net, ports: [REPLICATION=40841, RATIS=45543, RATIS_ADMIN=45543, RATIS_SERVER=45543, STANDALONE=35889], networkLocation: /default-rack, certSerialId: null, persistedOpState: IN_SERVICE, persistedOpStateExpiryEpochSec: 0} 
2021-12-22 01:07:51,111 [EventQueue-HealthyReadonlyNodeForHealthyReadOnlyNodeHandler] INFO  pipeline.RatisPipelineProvider (RatisPipelineProvider.java:lambda$close$1(222)) - Send pipeline:PipelineID=5b6aeea7-e9c6-4233-8423-7e8a57294037 close command to datanode a426eecb-3f7b-4bd3-8516-db356bf90be2
2021-12-22 01:07:51,111 [EventQueue-HealthyReadonlyNodeForHealthyReadOnlyNodeHandler] INFO  pipeline.RatisPipelineProvider (RatisPipelineProvider.java:lambda$close$1(222)) - Send pipeline:PipelineID=5b6aeea7-e9c6-4233-8423-7e8a57294037 close command to datanode d1229c05-d9ac-40a7-9199-569f25256273
2021-12-22 01:07:51,111 [EventQueue-HealthyReadonlyNodeForHealthyReadOnlyNodeHandler] INFO  pipeline.RatisPipelineProvider (RatisPipelineProvider.java:lambda$close$1(222)) - Send pipeline:PipelineID=5b6aeea7-e9c6-4233-8423-7e8a57294037 close command to datanode bc31efc5-a10f-49ea-82d4-325dc6674eda
2021-12-22 01:07:51,111 [EventQueue-HealthyReadonlyNodeForHealthyReadOnlyNodeHandler] INFO  pipeline.PipelineStateManagerImpl (PipelineStateManagerImpl.java:removePipeline(223)) - Pipeline Pipeline[ Id: 5b6aeea7-e9c6-4233-8423-7e8a57294037, Nodes: a426eecb-3f7b-4bd3-8516-db356bf90be2{ip: 10.1.0.16, host: fv-az148-641.bm4ck3pvxvsene1rjriu5fhcdb.bx.internal.cloudapp.net, ports: [REPLICATION=39213, RATIS=36549, RATIS_ADMIN=36549, RATIS_SERVER=36549, STANDALONE=33621], networkLocation: /default-rack, certSerialId: null, persistedOpState: IN_SERVICE, persistedOpStateExpiryEpochSec: 0}d1229c05-d9ac-40a7-9199-569f25256273{ip: 10.1.0.16, host: fv-az148-641.bm4ck3pvxvsene1rjriu5fhcdb.bx.internal.cloudapp.net, ports: [REPLICATION=37959, RATIS=37951, RATIS_ADMIN=37951, RATIS_SERVER=37951, STANDALONE=41819], networkLocation: /default-rack, certSerialId: null, persistedOpState: IN_SERVICE, persistedOpStateExpiryEpochSec: 0}bc31efc5-a10f-49ea-82d4-325dc6674eda{ip: 10.1.0.16, host: fv-az148-641.bm4ck3pvxvsene1rjriu5fhcdb.bx.internal.cloudapp.net, ports: [REPLICATION=40841, RATIS=45543, RATIS_ADMIN=45543, RATIS_SERVER=45543, STANDALONE=35889], networkLocation: /default-rack, certSerialId: null, persistedOpState: IN_SERVICE, persistedOpStateExpiryEpochSec: 0}, ReplicationConfig: RATIS/THREE, State:CLOSED, leaderId:d1229c05-d9ac-40a7-9199-569f25256273, CreationTimestamp2021-12-22T01:06:59.012Z[Etc/UTC]] removed.
2021-12-22 01:07:51,111 [EventQueue-HealthyReadonlyNodeForHealthyReadOnlyNodeHandler] INFO  node.HealthyReadOnlyNodeHandler (HealthyReadOnlyNodeHandler.java:onMessage(62)) - Closing pipeline PipelineID=ed82a6c1-b7c0-4204-b8f8-e392c1f47726 which uses HEALTHY READONLY datanode bc31efc5-a10f-49ea-82d4-325dc6674eda{ip: 10.1.0.16, host: fv-az148-641.bm4ck3pvxvsene1rjriu5fhcdb.bx.internal.cloudapp.net, ports: [REPLICATION=40841, RATIS=45543, RATIS_ADMIN=45543, RATIS_SERVER=45543, STANDALONE=35889], networkLocation: /default-rack, certSerialId: null, persistedOpState: IN_SERVICE, persistedOpStateExpiryEpochSec: 0} 
2021-12-22 01:07:51,111 [EventQueue-HealthyReadonlyNodeForHealthyReadOnlyNodeHandler] INFO  pipeline.PipelineStateManagerImpl (PipelineStateManagerImpl.java:removePipeline(223)) - Pipeline Pipeline[ Id: ed82a6c1-b7c0-4204-b8f8-e392c1f47726, Nodes: bc31efc5-a10f-49ea-82d4-325dc6674eda{ip: 10.1.0.16, host: fv-az148-641.bm4ck3pvxvsene1rjriu5fhcdb.bx.internal.cloudapp.net, ports: [REPLICATION=40841, RATIS=45543, RATIS_ADMIN=45543, RATIS_SERVER=45543, STANDALONE=35889], networkLocation: /default-rack, certSerialId: null, persistedOpState: IN_SERVICE, persistedOpStateExpiryEpochSec: 0}, ReplicationConfig: STANDALONE/ONE, State:CLOSED, leaderId:, CreationTimestamp2021-12-22T01:07:08.629Z[Etc/UTC]] removed.
2021-12-22 01:07:51,200 [EventQueue-HealthyReadonlyToHealthyNodeForReadOnlyHealthyToHealthyNodeHandler] INFO  node.ReadOnlyHealthyToHealthyNodeHandler (ReadOnlyHealthyToHealthyNodeHandler.java:onMessage(51)) - Datanode bc31efc5-a10f-49ea-82d4-325dc6674eda{ip: 10.1.0.16, host: fv-az148-641.bm4ck3pvxvsene1rjriu5fhcdb.bx.internal.cloudapp.net, ports: [REPLICATION=40841, RATIS=45543, RATIS_ADMIN=45543, RATIS_SERVER=45543, STANDALONE=35889], networkLocation: /default-rack, certSerialId: null, persistedOpState: IN_SERVICE, persistedOpStateExpiryEpochSec: 0} moved to HEALTHY state.
2021-12-22 01:07:51,202 [EventQueue-HealthyReadonlyToHealthyNodeForReadOnlyHealthyToHealthyNodeHandler] INFO  pipeline.BackgroundPipelineCreator (BackgroundPipelineCreator.java:notifyEventTriggered(285)) - trigger a one-shot run on RatisPipelineUtilsThread.
2021-12-22 01:07:51,202 [RatisPipelineUtilsThread - 0] INFO  pipeline.RatisPipelineProvider (RatisPipelineProvider.java:lambda$create$0(183)) - Sending CreatePipelineCommand for pipeline:PipelineID=8edec5f9-fc9d-4b56-88d0-3e424bc0e779 to datanode:bc31efc5-a10f-49ea-82d4-325dc6674eda
2021-12-22 01:07:51,203 [RatisPipelineUtilsThread - 0] INFO  pipeline.RatisPipelineProvider (RatisPipelineProvider.java:lambda$create$0(183)) - Sending CreatePipelineCommand for pipeline:PipelineID=8edec5f9-fc9d-4b56-88d0-3e424bc0e779 to datanode:d1229c05-d9ac-40a7-9199-569f25256273
2021-12-22 01:07:51,203 [RatisPipelineUtilsThread - 0] INFO  pipeline.RatisPipelineProvider (RatisPipelineProvider.java:lambda$create$0(183)) - Sending CreatePipelineCommand for pipeline:PipelineID=8edec5f9-fc9d-4b56-88d0-3e424bc0e779 to datanode:a426eecb-3f7b-4bd3-8516-db356bf90be2
2021-12-22 01:07:51,204 [RatisPipelineUtilsThread - 0] INFO  pipeline.PipelineStateManagerImpl (PipelineStateManagerImpl.java:addPipeline(101)) - Created pipeline Pipeline[ Id: 8edec5f9-fc9d-4b56-88d0-3e424bc0e779, Nodes: bc31efc5-a10f-49ea-82d4-325dc6674eda{ip: 10.1.0.16, host: fv-az148-641.bm4ck3pvxvsene1rjriu5fhcdb.bx.internal.cloudapp.net, ports: [REPLICATION=40841, RATIS=45543, RATIS_ADMIN=45543, RATIS_SERVER=45543, STANDALONE=35889], networkLocation: /default-rack, certSerialId: null, persistedOpState: IN_SERVICE, persistedOpStateExpiryEpochSec: 0}d1229c05-d9ac-40a7-9199-569f25256273{ip: 10.1.0.16, host: fv-az148-641.bm4ck3pvxvsene1rjriu5fhcdb.bx.internal.cloudapp.net, ports: [REPLICATION=37959, RATIS=37951, RATIS_ADMIN=37951, RATIS_SERVER=37951, STANDALONE=41819], networkLocation: /default-rack, certSerialId: null, persistedOpState: IN_SERVICE, persistedOpStateExpiryEpochSec: 0}a426eecb-3f7b-4bd3-8516-db356bf90be2{ip: 10.1.0.16, host: fv-az148-641.bm4ck3pvxvsene1rjriu5fhcdb.bx.internal.cloudapp.net, ports: [REPLICATION=39213, RATIS=36549, RATIS_ADMIN=36549, RATIS_SERVER=36549, STANDALONE=33621], networkLocation: /default-rack, certSerialId: null, persistedOpState: IN_SERVICE, persistedOpStateExpiryEpochSec: 0}, ReplicationConfig: RATIS/THREE, State:ALLOCATED, leaderId:, CreationTimestamp2021-12-22T01:07:51.202Z[Etc/UTC]].
2021-12-22 01:07:51,204 [RatisPipelineUtilsThread - 0] INFO  pipeline.RatisPipelineProvider (RatisPipelineProvider.java:lambda$create$0(183)) - Sending CreatePipelineCommand for pipeline:PipelineID=15395fc9-c15c-4a16-adc7-30dfd9eaa064 to datanode:d1229c05-d9ac-40a7-9199-569f25256273
2021-12-22 01:07:51,204 [RatisPipelineUtilsThread - 0] INFO  pipeline.RatisPipelineProvider (RatisPipelineProvider.java:lambda$create$0(183)) - Sending CreatePipelineCommand for pipeline:PipelineID=15395fc9-c15c-4a16-adc7-30dfd9eaa064 to datanode:bc31efc5-a10f-49ea-82d4-325dc6674eda
2021-12-22 01:07:51,204 [RatisPipelineUtilsThread - 0] INFO  pipeline.RatisPipelineProvider (RatisPipelineProvider.java:lambda$create$0(183)) - Sending CreatePipelineCommand for pipeline:PipelineID=15395fc9-c15c-4a16-adc7-30dfd9eaa064 to datanode:a426eecb-3f7b-4bd3-8516-db356bf90be2
2021-12-22 01:07:51,205 [RatisPipelineUtilsThread - 0] INFO  pipeline.PipelineStateManagerImpl (PipelineStateManagerImpl.java:addPipeline(101)) - Created pipeline Pipeline[ Id: 15395fc9-c15c-4a16-adc7-30dfd9eaa064, Nodes: d1229c05-d9ac-40a7-9199-569f25256273{ip: 10.1.0.16, host: fv-az148-641.bm4ck3pvxvsene1rjriu5fhcdb.bx.internal.cloudapp.net, ports: [REPLICATION=37959, RATIS=37951, RATIS_ADMIN=37951, RATIS_SERVER=37951, STANDALONE=41819], networkLocation: /default-rack, certSerialId: null, persistedOpState: IN_SERVICE, persistedOpStateExpiryEpochSec: 0}bc31efc5-a10f-49ea-82d4-325dc6674eda{ip: 10.1.0.16, host: fv-az148-641.bm4ck3pvxvsene1rjriu5fhcdb.bx.internal.cloudapp.net, ports: [REPLICATION=40841, RATIS=45543, RATIS_ADMIN=45543, RATIS_SERVER=45543, STANDALONE=35889], networkLocation: /default-rack, certSerialId: null, persistedOpState: IN_SERVICE, persistedOpStateExpiryEpochSec: 0}a426eecb-3f7b-4bd3-8516-db356bf90be2{ip: 10.1.0.16, host: fv-az148-641.bm4ck3pvxvsene1rjriu5fhcdb.bx.internal.cloudapp.net, ports: [REPLICATION=39213, RATIS=36549, RATIS_ADMIN=36549, RATIS_SERVER=36549, STANDALONE=33621], networkLocation: /default-rack, certSerialId: null, persistedOpState: IN_SERVICE, persistedOpStateExpiryEpochSec: 0}, ReplicationConfig: RATIS/THREE, State:ALLOCATED, leaderId:, CreationTimestamp2021-12-22T01:07:51.204Z[Etc/UTC]].
2021-12-22 01:07:51,205 [RatisPipelineUtilsThread - 0] INFO  pipeline.PipelineManagerImpl (PipelineManagerImpl.java:recordMetricsForPipeline(639)) - Pipeline: PipelineID=15395fc9-c15c-4a16-adc7-30dfd9eaa064 contains same datanodes as previous pipelines: PipelineID=8edec5f9-fc9d-4b56-88d0-3e424bc0e779 nodeIds: d1229c05-d9ac-40a7-9199-569f25256273, bc31efc5-a10f-49ea-82d4-325dc6674eda, a426eecb-3f7b-4bd3-8516-db356bf90be2
2021-12-22 01:07:51,808 [grpc-default-executor-5] INFO  ratis.XceiverServerRatis (XceiverServerRatis.java:handleLeaderChangedNotification(866)) - Leader change notification received for group: group-76C9E7F23109 with new leaderId: d1229c05-d9ac-40a7-9199-569f25256273
2021-12-22 01:07:51,810 [grpc-default-executor-5] INFO  server.RaftServer$Division (ServerState.java:setLeader(285)) - bc31efc5-a10f-49ea-82d4-325dc6674eda@group-76C9E7F23109: change Leader from null to d1229c05-d9ac-40a7-9199-569f25256273 at term 2 for appendEntries, leader elected after 4332ms
2021-12-22 01:07:51,810 [grpc-default-executor-5] INFO  server.RaftServer$Division (RaftServerImpl.java:checkInconsistentAppendEntries(1306)) - bc31efc5-a10f-49ea-82d4-325dc6674eda@group-76C9E7F23109: Failed appendEntries: the first entry (index 489) is already in snapshot (snapshot index: 489)
2021-12-22 01:07:51,810 [grpc-default-executor-5] INFO  server.RaftServer$Division (RaftServerImpl.java:checkInconsistentAppendEntries(1288)) - bc31efc5-a10f-49ea-82d4-325dc6674eda@group-76C9E7F23109: inconsistency entries. Reply:d1229c05-d9ac-40a7-9199-569f25256273<-bc31efc5-a10f-49ea-82d4-325dc6674eda#2851:FAIL-t2,INCONSISTENCY,nextIndex=490,followerCommit=489
2021-12-22 01:07:51,811 [grpc-default-executor-5] INFO  leader.FollowerInfo (FollowerInfoImpl.java:lambda$new$0(47)) - d1229c05-d9ac-40a7-9199-569f25256273@group-76C9E7F23109->bc31efc5-a10f-49ea-82d4-325dc6674eda: nextIndex: updateUnconditionally 490 -> 490
2021-12-22 01:07:52,516 [Command processor thread] INFO  server.RaftServer (RaftServerProxy.java:remove(106)) - d1229c05-d9ac-40a7-9199-569f25256273: remove    LEADER d1229c05-d9ac-40a7-9199-569f25256273@group-76C9E7F23109:t2, leader=d1229c05-d9ac-40a7-9199-569f25256273, voted=d1229c05-d9ac-40a7-9199-569f25256273, raftlog=d1229c05-d9ac-40a7-9199-569f25256273@group-76C9E7F23109-SegmentedRaftLog:OPENED:c489, conf=0: [bc31efc5-a10f-49ea-82d4-325dc6674eda|rpc:10.1.0.16:45543|dataStream:|priority:0, d1229c05-d9ac-40a7-9199-569f25256273|rpc:10.1.0.16:37951|dataStream:|priority:1, a426eecb-3f7b-4bd3-8516-db356bf90be2|rpc:10.1.0.16:36549|dataStream:|priority:0], old=null RUNNING
2021-12-22 01:07:52,526 [Command processor thread] INFO  server.RaftServer$Division (RaftServerImpl.java:lambda$close$4(412)) - d1229c05-d9ac-40a7-9199-569f25256273@group-76C9E7F23109: shutdown
2021-12-22 01:07:52,527 [Command processor thread] INFO  util.JmxRegister (JmxRegister.java:unregister(73)) - Successfully un-registered JMX Bean with object name Ratis:service=RaftServer,group=group-76C9E7F23109,id=d1229c05-d9ac-40a7-9199-569f25256273
2021-12-22 01:07:52,527 [Command processor thread] INFO  impl.RoleInfo (RoleInfo.java:shutdownLeaderState(91)) - d1229c05-d9ac-40a7-9199-569f25256273: shutdown d1229c05-d9ac-40a7-9199-569f25256273@group-76C9E7F23109-LeaderStateImpl
2021-12-22 01:07:52,527 [d1229c05-d9ac-40a7-9199-569f25256273@group-76C9E7F23109->bc31efc5-a10f-49ea-82d4-325dc6674eda-GrpcLogAppender-LogAppenderDaemon] WARN  server.GrpcLogAppender (GrpcLogAppender.java:mayWait(177)) - d1229c05-d9ac-40a7-9199-569f25256273@group-76C9E7F23109->bc31efc5-a10f-49ea-82d4-325dc6674eda-GrpcLogAppender: Wait interrupted by java.lang.InterruptedException
2021-12-22 01:07:52,528 [grpc-default-executor-5] INFO  server.GrpcServerProtocolService (GrpcServerProtocolService.java:onCompleted(140)) - bc31efc5-a10f-49ea-82d4-325dc6674eda: Completed APPEND_ENTRIES, lastRequest: d1229c05-d9ac-40a7-9199-569f25256273->bc31efc5-a10f-49ea-82d4-325dc6674eda#2851-t2,previous=(t:2, i:488),leaderCommit=489,initializing? true,entries: size=1, first=(t:2, i:489), METADATAENTRY(c:487)
2021-12-22 01:07:52,529 [grpc-default-executor-4] INFO  server.GrpcLogAppender (GrpcLogAppender.java:onCompleted(346)) - d1229c05-d9ac-40a7-9199-569f25256273@group-76C9E7F23109->bc31efc5-a10f-49ea-82d4-325dc6674eda-AppendLogResponseHandler: follower responses appendEntries COMPLETED
2021-12-22 01:07:52,529 [grpc-default-executor-4] INFO  leader.FollowerInfo (FollowerInfoImpl.java:lambda$new$0(47)) - d1229c05-d9ac-40a7-9199-569f25256273@group-76C9E7F23109->bc31efc5-a10f-49ea-82d4-325dc6674eda: nextIndex: updateUnconditionally 490 -> 489
2021-12-22 01:07:52,532 [d1229c05-d9ac-40a7-9199-569f25256273@group-76C9E7F23109->a426eecb-3f7b-4bd3-8516-db356bf90be2-GrpcLogAppender-LogAppenderDaemon] WARN  server.GrpcLogAppender (GrpcLogAppender.java:mayWait(177)) - d1229c05-d9ac-40a7-9199-569f25256273@group-76C9E7F23109->a426eecb-3f7b-4bd3-8516-db356bf90be2-GrpcLogAppender: Wait interrupted by java.lang.InterruptedException
2021-12-22 01:07:52,532 [grpc-default-executor-5] INFO  server.GrpcServerProtocolService (GrpcServerProtocolService.java:onCompleted(140)) - a426eecb-3f7b-4bd3-8516-db356bf90be2: Completed APPEND_ENTRIES, lastRequest: d1229c05-d9ac-40a7-9199-569f25256273->a426eecb-3f7b-4bd3-8516-db356bf90be2#2547-t2,previous=(t:2, i:488),leaderCommit=487,initializing? true,entries: size=1, first=(t:2, i:489), METADATAENTRY(c:487)
2021-12-22 01:07:52,532 [grpc-default-executor-4] INFO  server.GrpcLogAppender (GrpcLogAppender.java:onCompleted(346)) - d1229c05-d9ac-40a7-9199-569f25256273@group-76C9E7F23109->a426eecb-3f7b-4bd3-8516-db356bf90be2-AppendLogResponseHandler: follower responses appendEntries COMPLETED
2021-12-22 01:07:52,532 [grpc-default-executor-4] INFO  leader.FollowerInfo (FollowerInfoImpl.java:lambda$new$0(47)) - d1229c05-d9ac-40a7-9199-569f25256273@group-76C9E7F23109->a426eecb-3f7b-4bd3-8516-db356bf90be2: nextIndex: updateUnconditionally 490 -> 489
2021-12-22 01:07:52,533 [Command processor thread] INFO  impl.PendingRequests (PendingRequests.java:sendNotLeaderResponses(282)) - d1229c05-d9ac-40a7-9199-569f25256273@group-76C9E7F23109-PendingRequests: sendNotLeaderResponses
2021-12-22 01:07:52,534 [Command processor thread] INFO  impl.StateMachineUpdater (StateMachineUpdater.java:stopAndJoin(149)) - d1229c05-d9ac-40a7-9199-569f25256273@group-76C9E7F23109-StateMachineUpdater: set stopIndex = 489
2021-12-22 01:07:52,534 [d1229c05-d9ac-40a7-9199-569f25256273@group-76C9E7F23109-StateMachineUpdater] INFO  ratis.ContainerStateMachine (ContainerStateMachine.java:takeSnapshot(299)) - group-76C9E7F23109: Taking a snapshot at:(t:2, i:489) file /home/runner/work/ozone/ozone/hadoop-ozone/integration-test/target/test-dir/MiniOzoneClusterImpl-042c0a5d-b585-40ed-8543-7186e0d9815b/datanode-2/data/ratis/3cb58a2a-b22a-431d-a37e-76c9e7f23109/sm/snapshot.2_489
2021-12-22 01:07:52,536 [d1229c05-d9ac-40a7-9199-569f25256273@group-76C9E7F23109-StateMachineUpdater] INFO  ratis.ContainerStateMachine (ContainerStateMachine.java:takeSnapshot(310)) - group-76C9E7F23109: Finished taking a snapshot at:(t:2, i:489) file:/home/runner/work/ozone/ozone/hadoop-ozone/integration-test/target/test-dir/MiniOzoneClusterImpl-042c0a5d-b585-40ed-8543-7186e0d9815b/datanode-2/data/ratis/3cb58a2a-b22a-431d-a37e-76c9e7f23109/sm/snapshot.2_489 took: 1 ms
2021-12-22 01:07:52,536 [d1229c05-d9ac-40a7-9199-569f25256273@group-76C9E7F23109-StateMachineUpdater] INFO  impl.StateMachineUpdater (StateMachineUpdater.java:takeSnapshot(281)) - d1229c05-d9ac-40a7-9199-569f25256273@group-76C9E7F23109-StateMachineUpdater: Took a snapshot at index 489
2021-12-22 01:07:52,536 [d1229c05-d9ac-40a7-9199-569f25256273@group-76C9E7F23109-StateMachineUpdater] INFO  impl.StateMachineUpdater (StateMachineUpdater.java:lambda$new$0(89)) - d1229c05-d9ac-40a7-9199-569f25256273@group-76C9E7F23109-StateMachineUpdater: snapshotIndex: updateIncreasingly -1 -> 489
2021-12-22 01:07:52,537 [Command processor thread] INFO  server.RaftServer$Division (ServerState.java:close(419)) - d1229c05-d9ac-40a7-9199-569f25256273@group-76C9E7F23109: closes. applyIndex: 489
2021-12-22 01:07:52,538 [d1229c05-d9ac-40a7-9199-569f25256273@group-76C9E7F23109-SegmentedRaftLogWorker] INFO  segmented.SegmentedRaftLogWorker (SegmentedRaftLogWorker.java:run(327)) - d1229c05-d9ac-40a7-9199-569f25256273@group-76C9E7F23109-SegmentedRaftLogWorker was interrupted, exiting. There are 0 tasks remaining in the queue.
2021-12-22 01:07:52,538 [Command processor thread] INFO  segmented.SegmentedRaftLogWorker (SegmentedRaftLogWorker.java:close(237)) - d1229c05-d9ac-40a7-9199-569f25256273@group-76C9E7F23109-SegmentedRaftLogWorker close()
2021-12-22 01:07:52,548 [Command processor thread] INFO  server.RaftServer$Division (RaftServerImpl.java:groupRemove(382)) - d1229c05-d9ac-40a7-9199-569f25256273@group-76C9E7F23109: Succeed to remove RaftStorageDirectory Storage Directory /home/runner/work/ozone/ozone/hadoop-ozone/integration-test/target/test-dir/MiniOzoneClusterImpl-042c0a5d-b585-40ed-8543-7186e0d9815b/datanode-2/data/ratis/3cb58a2a-b22a-431d-a37e-76c9e7f23109
2021-12-22 01:07:52,548 [Command processor thread] INFO  commandhandler.ClosePipelineCommandHandler (ClosePipelineCommandHandler.java:handle(78)) - Close Pipeline PipelineID=3cb58a2a-b22a-431d-a37e-76c9e7f23109 command on datanode d1229c05-d9ac-40a7-9199-569f25256273.
2021-12-22 01:07:52,549 [Command processor thread] INFO  server.RaftServer (RaftServerProxy.java:remove(106)) - d1229c05-d9ac-40a7-9199-569f25256273: remove    LEADER d1229c05-d9ac-40a7-9199-569f25256273@group-7E8A57294037:t2, leader=d1229c05-d9ac-40a7-9199-569f25256273, voted=d1229c05-d9ac-40a7-9199-569f25256273, raftlog=d1229c05-d9ac-40a7-9199-569f25256273@group-7E8A57294037-SegmentedRaftLog:OPENED:c454, conf=451: [d1229c05-d9ac-40a7-9199-569f25256273|rpc:10.1.0.16:37951|dataStream:|priority:0, bc31efc5-a10f-49ea-82d4-325dc6674eda|rpc:10.1.0.16:45543|dataStream:|priority:1, a426eecb-3f7b-4bd3-8516-db356bf90be2|rpc:10.1.0.16:36549|dataStream:|priority:0], old=null RUNNING
2021-12-22 01:07:52,549 [Command processor thread] INFO  server.RaftServer$Division (RaftServerImpl.java:lambda$close$4(412)) - d1229c05-d9ac-40a7-9199-569f25256273@group-7E8A57294037: shutdown
2021-12-22 01:07:52,549 [Command processor thread] INFO  util.JmxRegister (JmxRegister.java:unregister(73)) - Successfully un-registered JMX Bean with object name Ratis:service=RaftServer,group=group-7E8A57294037,id=d1229c05-d9ac-40a7-9199-569f25256273
2021-12-22 01:07:52,549 [Command processor thread] INFO  impl.RoleInfo (RoleInfo.java:shutdownLeaderState(91)) - d1229c05-d9ac-40a7-9199-569f25256273: shutdown d1229c05-d9ac-40a7-9199-569f25256273@group-7E8A57294037-LeaderStateImpl
2021-12-22 01:07:52,549 [d1229c05-d9ac-40a7-9199-569f25256273@group-7E8A57294037->bc31efc5-a10f-49ea-82d4-325dc6674eda-GrpcLogAppender-LogAppenderDaemon] WARN  server.GrpcLogAppender (GrpcLogAppender.java:mayWait(177)) - d1229c05-d9ac-40a7-9199-569f25256273@group-7E8A57294037->bc31efc5-a10f-49ea-82d4-325dc6674eda-GrpcLogAppender: Wait interrupted by java.lang.InterruptedException
2021-12-22 01:07:52,550 [grpc-default-executor-5] INFO  server.GrpcServerProtocolService (GrpcServerProtocolService.java:onCompleted(140)) - bc31efc5-a10f-49ea-82d4-325dc6674eda: Completed APPEND_ENTRIES, lastRequest: d1229c05-d9ac-40a7-9199-569f25256273->bc31efc5-a10f-49ea-82d4-325dc6674eda#4684915-t2,previous=(t:2, i:453),leaderCommit=454,initializing? true,entries: size=1, first=(t:2, i:454), METADATAENTRY(c:453)
2021-12-22 01:07:52,550 [grpc-default-executor-4] INFO  server.GrpcLogAppender (GrpcLogAppender.java:onCompleted(346)) - d1229c05-d9ac-40a7-9199-569f25256273@group-7E8A57294037->bc31efc5-a10f-49ea-82d4-325dc6674eda-AppendLogResponseHandler: follower responses appendEntries COMPLETED
2021-12-22 01:07:52,550 [grpc-default-executor-4] INFO  leader.FollowerInfo (FollowerInfoImpl.java:lambda$new$0(47)) - d1229c05-d9ac-40a7-9199-569f25256273@group-7E8A57294037->bc31efc5-a10f-49ea-82d4-325dc6674eda: nextIndex: updateUnconditionally 455 -> 454
2021-12-22 01:07:52,550 [d1229c05-d9ac-40a7-9199-569f25256273@group-7E8A57294037->a426eecb-3f7b-4bd3-8516-db356bf90be2-GrpcLogAppender-LogAppenderDaemon] WARN  server.GrpcLogAppender (GrpcLogAppender.java:mayWait(177)) - d1229c05-d9ac-40a7-9199-569f25256273@group-7E8A57294037->a426eecb-3f7b-4bd3-8516-db356bf90be2-GrpcLogAppender: Wait interrupted by java.lang.InterruptedException
2021-12-22 01:07:52,551 [grpc-default-executor-5] INFO  server.GrpcServerProtocolService (GrpcServerProtocolService.java:onCompleted(140)) - a426eecb-3f7b-4bd3-8516-db356bf90be2: Completed APPEND_ENTRIES, lastRequest: d1229c05-d9ac-40a7-9199-569f25256273->a426eecb-3f7b-4bd3-8516-db356bf90be2#111-t2,previous=(t:2, i:453),leaderCommit=453,initializing? true,entries: size=1, first=(t:2, i:454), METADATAENTRY(c:453)
2021-12-22 01:07:52,551 [grpc-default-executor-4] INFO  server.GrpcLogAppender (GrpcLogAppender.java:onCompleted(346)) - d1229c05-d9ac-40a7-9199-569f25256273@group-7E8A57294037->a426eecb-3f7b-4bd3-8516-db356bf90be2-AppendLogResponseHandler: follower responses appendEntries COMPLETED
2021-12-22 01:07:52,551 [grpc-default-executor-4] INFO  leader.FollowerInfo (FollowerInfoImpl.java:lambda$new$0(47)) - d1229c05-d9ac-40a7-9199-569f25256273@group-7E8A57294037->a426eecb-3f7b-4bd3-8516-db356bf90be2: nextIndex: updateUnconditionally 455 -> 454
2021-12-22 01:07:52,556 [Command processor thread] INFO  impl.PendingRequests (PendingRequests.java:sendNotLeaderResponses(282)) - d1229c05-d9ac-40a7-9199-569f25256273@group-7E8A57294037-PendingRequests: sendNotLeaderResponses
2021-12-22 01:07:52,557 [Command processor thread] INFO  impl.StateMachineUpdater (StateMachineUpdater.java:stopAndJoin(149)) - d1229c05-d9ac-40a7-9199-569f25256273@group-7E8A57294037-StateMachineUpdater: set stopIndex = 454
2021-12-22 01:07:52,557 [d1229c05-d9ac-40a7-9199-569f25256273@group-7E8A57294037-StateMachineUpdater] INFO  ratis.ContainerStateMachine (ContainerStateMachine.java:takeSnapshot(299)) - group-7E8A57294037: Taking a snapshot at:(t:2, i:454) file /home/runner/work/ozone/ozone/hadoop-ozone/integration-test/target/test-dir/MiniOzoneClusterImpl-042c0a5d-b585-40ed-8543-7186e0d9815b/datanode-2/data/ratis/5b6aeea7-e9c6-4233-8423-7e8a57294037/sm/snapshot.2_454
2021-12-22 01:07:52,560 [d1229c05-d9ac-40a7-9199-569f25256273@group-7E8A57294037-StateMachineUpdater] INFO  ratis.ContainerStateMachine (ContainerStateMachine.java:takeSnapshot(310)) - group-7E8A57294037: Finished taking a snapshot at:(t:2, i:454) file:/home/runner/work/ozone/ozone/hadoop-ozone/integration-test/target/test-dir/MiniOzoneClusterImpl-042c0a5d-b585-40ed-8543-7186e0d9815b/datanode-2/data/ratis/5b6aeea7-e9c6-4233-8423-7e8a57294037/sm/snapshot.2_454 took: 2 ms
2021-12-22 01:07:52,560 [d1229c05-d9ac-40a7-9199-569f25256273@group-7E8A57294037-StateMachineUpdater] INFO  impl.StateMachineUpdater (StateMachineUpdater.java:takeSnapshot(281)) - d1229c05-d9ac-40a7-9199-569f25256273@group-7E8A57294037-StateMachineUpdater: Took a snapshot at index 454
2021-12-22 01:07:52,560 [d1229c05-d9ac-40a7-9199-569f25256273@group-7E8A57294037-StateMachineUpdater] INFO  impl.StateMachineUpdater (StateMachineUpdater.java:lambda$new$0(89)) - d1229c05-d9ac-40a7-9199-569f25256273@group-7E8A57294037-StateMachineUpdater: snapshotIndex: updateIncreasingly -1 -> 454
2021-12-22 01:07:52,561 [Command processor thread] INFO  server.RaftServer$Division (ServerState.java:close(419)) - d1229c05-d9ac-40a7-9199-569f25256273@group-7E8A57294037: closes. applyIndex: 454
2021-12-22 01:07:52,562 [d1229c05-d9ac-40a7-9199-569f25256273@group-7E8A57294037-SegmentedRaftLogWorker] INFO  segmented.SegmentedRaftLogWorker (SegmentedRaftLogWorker.java:run(327)) - d1229c05-d9ac-40a7-9199-569f25256273@group-7E8A57294037-SegmentedRaftLogWorker was interrupted, exiting. There are 0 tasks remaining in the queue.
2021-12-22 01:07:52,562 [Command processor thread] INFO  segmented.SegmentedRaftLogWorker (SegmentedRaftLogWorker.java:close(237)) - d1229c05-d9ac-40a7-9199-569f25256273@group-7E8A57294037-SegmentedRaftLogWorker close()
2021-12-22 01:07:52,563 [Command processor thread] INFO  server.RaftServer$Division (RaftServerImpl.java:groupRemove(382)) - d1229c05-d9ac-40a7-9199-569f25256273@group-7E8A57294037: Succeed to remove RaftStorageDirectory Storage Directory /home/runner/work/ozone/ozone/hadoop-ozone/integration-test/target/test-dir/MiniOzoneClusterImpl-042c0a5d-b585-40ed-8543-7186e0d9815b/datanode-2/data/ratis/5b6aeea7-e9c6-4233-8423-7e8a57294037
2021-12-22 01:07:52,563 [Command processor thread] INFO  commandhandler.ClosePipelineCommandHandler (ClosePipelineCommandHandler.java:handle(78)) - Close Pipeline PipelineID=5b6aeea7-e9c6-4233-8423-7e8a57294037 command on datanode d1229c05-d9ac-40a7-9199-569f25256273.
2021-12-22 01:07:52,563 [Command processor thread] INFO  server.RaftServer (RaftServerProxy.java:addNew(95)) - d1229c05-d9ac-40a7-9199-569f25256273: addNew group-3E424BC0E779:[bc31efc5-a10f-49ea-82d4-325dc6674eda|rpc:10.1.0.16:45543|priority:1, d1229c05-d9ac-40a7-9199-569f25256273|rpc:10.1.0.16:37951|priority:0, a426eecb-3f7b-4bd3-8516-db356bf90be2|rpc:10.1.0.16:36549|priority:0] returns group-3E424BC0E779:java.util.concurrent.CompletableFuture@4117746e[Not completed]
2021-12-22 01:07:52,564 [pool-97-thread-1] INFO  server.RaftServer$Division (RaftServerImpl.java:<init>(184)) - d1229c05-d9ac-40a7-9199-569f25256273: new RaftServerImpl for group-3E424BC0E779:[bc31efc5-a10f-49ea-82d4-325dc6674eda|rpc:10.1.0.16:45543|priority:1, d1229c05-d9ac-40a7-9199-569f25256273|rpc:10.1.0.16:37951|priority:0, a426eecb-3f7b-4bd3-8516-db356bf90be2|rpc:10.1.0.16:36549|priority:0] with ContainerStateMachine:uninitialized
2021-12-22 01:07:52,564 [pool-97-thread-1] INFO  server.RaftServerConfigKeys (ConfUtils.java:logGet(44)) - raft.server.rpc.timeout.min = 5s (custom)
2021-12-22 01:07:52,564 [pool-97-thread-1] INFO  server.RaftServerConfigKeys (ConfUtils.java:logGet(44)) - raft.server.rpc.timeout.max = 5200ms (custom)
2021-12-22 01:07:52,564 [pool-97-thread-1] INFO  server.RaftServerConfigKeys (ConfUtils.java:logGet(44)) - raft.server.rpc.sleep.time = 25ms (default)
2021-12-22 01:07:52,565 [pool-97-thread-1] INFO  server.RaftServerConfigKeys (ConfUtils.java:logGet(44)) - raft.server.rpc.slowness.timeout = 300s (custom)
2021-12-22 01:07:52,565 [pool-97-thread-1] INFO  server.RaftServerConfigKeys (ConfUtils.java:logGet(44)) - raft.server.leaderelection.leader.step-down.wait-time = 10s (default)
2021-12-22 01:07:52,565 [pool-97-thread-1] INFO  server.RaftServerConfigKeys (ConfUtils.java:logGet(44)) - raft.server.sleep.deviation.threshold = 300ms (default)
2021-12-22 01:07:52,565 [pool-97-thread-1] INFO  server.RaftServerConfigKeys (ConfUtils.java:logGet(44)) - raft.server.log.appender.install.snapshot.enabled = false (custom)
2021-12-22 01:07:52,565 [pool-97-thread-1] INFO  server.RaftServer$Division (ServerState.java:<init>(105)) - d1229c05-d9ac-40a7-9199-569f25256273@group-3E424BC0E779: ConfigurationManager, init=-1: [bc31efc5-a10f-49ea-82d4-325dc6674eda|rpc:10.1.0.16:45543|priority:1, d1229c05-d9ac-40a7-9199-569f25256273|rpc:10.1.0.16:37951|priority:0, a426eecb-3f7b-4bd3-8516-db356bf90be2|rpc:10.1.0.16:36549|priority:0], old=null, confs=<EMPTY_MAP>
2021-12-22 01:07:52,565 [pool-97-thread-1] INFO  server.RaftServerConfigKeys (ConfUtils.java:logGet(44)) - raft.server.storage.dir = [/home/runner/work/ozone/ozone/hadoop-ozone/integration-test/target/test-dir/MiniOzoneClusterImpl-042c0a5d-b585-40ed-8543-7186e0d9815b/datanode-2/data/ratis] (custom)
2021-12-22 01:07:52,565 [pool-97-thread-1] INFO  server.RaftServerConfigKeys (ConfUtils.java:logGet(44)) - raft.server.log.corruption.policy = EXCEPTION (default)
2021-12-22 01:07:52,565 [pool-97-thread-1] INFO  server.RaftServerConfigKeys (ConfUtils.java:logGet(44)) - raft.server.storage.free-space.min = 0MB (=0) (default)
2021-12-22 01:07:52,565 [pool-97-thread-1] INFO  storage.RaftStorageDirectory (RaftStorageDirectoryImpl.java:analyzeStorage(135)) - The storage directory /home/runner/work/ozone/ozone/hadoop-ozone/integration-test/target/test-dir/MiniOzoneClusterImpl-042c0a5d-b585-40ed-8543-7186e0d9815b/datanode-2/data/ratis/8edec5f9-fc9d-4b56-88d0-3e424bc0e779 does not exist. Creating ...
2021-12-22 01:07:52,568 [pool-97-thread-1] INFO  storage.RaftStorageDirectory (RaftStorageDirectoryImpl.java:tryLock(230)) - Lock on /home/runner/work/ozone/ozone/hadoop-ozone/integration-test/target/test-dir/MiniOzoneClusterImpl-042c0a5d-b585-40ed-8543-7186e0d9815b/datanode-2/data/ratis/8edec5f9-fc9d-4b56-88d0-3e424bc0e779/in_use.lock acquired by nodename 19159@fv-az148-641
2021-12-22 01:07:52,576 [pool-97-thread-1] INFO  storage.RaftStorage (RaftStorageImpl.java:format(89)) - Storage directory /home/runner/work/ozone/ozone/hadoop-ozone/integration-test/target/test-dir/MiniOzoneClusterImpl-042c0a5d-b585-40ed-8543-7186e0d9815b/datanode-2/data/ratis/8edec5f9-fc9d-4b56-88d0-3e424bc0e779 has been successfully formatted.
2021-12-22 01:07:52,576 [pool-97-thread-1] INFO  ratis.ContainerStateMachine (ContainerStateMachine.java:loadSnapshot(231)) - group-3E424BC0E779: The snapshot info is null. Setting the last applied indexto:(t:0, i:~)
2021-12-22 01:07:52,577 [pool-97-thread-1] INFO  server.RaftServerConfigKeys (ConfUtils.java:logGet(44)) - raft.server.notification.no-leader.timeout = 300s (custom)
2021-12-22 01:07:52,577 [pool-97-thread-1] INFO  server.RaftServerConfigKeys (ConfUtils.java:logGet(44)) - raft.server.log.use.memory = false (default)
2021-12-22 01:07:52,577 [pool-97-thread-1] INFO  server.RaftServerConfigKeys (ConfUtils.java:logGet(44)) - raft.server.log.purge.gap = 1000000 (custom)
2021-12-22 01:07:52,577 [pool-97-thread-1] INFO  server.RaftServerConfigKeys (ConfUtils.java:logGet(44)) - raft.server.log.appender.buffer.byte-limit = 33554432 (custom)
2021-12-22 01:07:52,577 [pool-97-thread-1] INFO  server.RaftServerConfigKeys (ConfUtils.java:logGet(44)) - raft.server.log.segment.size.max = 1048576 (custom)
2021-12-22 01:07:52,577 [pool-97-thread-1] INFO  server.RaftServerConfigKeys (ConfUtils.java:logGet(44)) - raft.server.log.segment.cache.num.max = 2 (custom)
2021-12-22 01:07:52,577 [pool-97-thread-1] INFO  server.RaftServerConfigKeys (ConfUtils.java:logGet(44)) - raft.server.log.segment.cache.size.max = 200MB (=209715200) (default)
2021-12-22 01:07:52,577 [pool-97-thread-1] INFO  segmented.SegmentedRaftLogWorker (SegmentedRaftLogWorker.java:<init>(182)) - new d1229c05-d9ac-40a7-9199-569f25256273@group-3E424BC0E779-SegmentedRaftLogWorker for RaftStorageImpl:Storage Directory /home/runner/work/ozone/ozone/hadoop-ozone/integration-test/target/test-dir/MiniOzoneClusterImpl-042c0a5d-b585-40ed-8543-7186e0d9815b/datanode-2/data/ratis/8edec5f9-fc9d-4b56-88d0-3e424bc0e779
2021-12-22 01:07:52,577 [pool-97-thread-1] INFO  server.RaftServerConfigKeys (ConfUtils.java:logGet(44)) - raft.server.log.queue.byte-limit = 2147483647 (custom)
2021-12-22 01:07:52,578 [pool-97-thread-1] INFO  server.RaftServerConfigKeys (ConfUtils.java:logGet(44)) - raft.server.log.queue.element-limit = 1024 (custom)
2021-12-22 01:07:52,578 [pool-97-thread-1] INFO  server.RaftServerConfigKeys (ConfUtils.java:logGet(44)) - raft.server.log.segment.size.max = 1048576 (custom)
2021-12-22 01:07:52,578 [pool-97-thread-1] INFO  server.RaftServerConfigKeys (ConfUtils.java:logGet(44)) - raft.server.log.preallocated.size = 16384 (custom)
2021-12-22 01:07:52,578 [pool-97-thread-1] INFO  server.RaftServerConfigKeys (ConfUtils.java:logGet(44)) - raft.server.log.force.sync.num = 128 (default)
2021-12-22 01:07:52,578 [pool-97-thread-1] INFO  server.RaftServerConfigKeys (ConfUtils.java:logGet(44)) - raft.server.log.statemachine.data.sync = true (default)
2021-12-22 01:07:52,578 [pool-97-thread-1] INFO  server.RaftServerConfigKeys (ConfUtils.java:logGet(44)) - raft.server.log.statemachine.data.sync.timeout = 10s (default)
2021-12-22 01:07:52,578 [pool-97-thread-1] INFO  server.RaftServerConfigKeys (ConfUtils.java:logGet(44)) - raft.server.log.statemachine.data.sync.timeout.retry = -1 (default)
2021-12-22 01:07:52,578 [pool-97-thread-1] INFO  server.RaftServerConfigKeys (ConfUtils.java:logGet(44)) - raft.server.log.write.buffer.size = 1048576 (custom)
2021-12-22 01:07:52,579 [pool-97-thread-1] INFO  server.RaftServerConfigKeys (ConfUtils.java:logGet(44)) - raft.server.log.statemachine.data.caching.enabled = true (custom)
2021-12-22 01:07:52,579 [pool-97-thread-1] INFO  segmented.SegmentedRaftLogWorker (SegmentedRaftLogWorker.java:lambda$new$0(133)) - d1229c05-d9ac-40a7-9199-569f25256273@group-3E424BC0E779-SegmentedRaftLogWorker: flushIndex: setUnconditionally 0 -> -1
2021-12-22 01:07:52,579 [pool-97-thread-1] INFO  segmented.SegmentedRaftLogWorker (SegmentedRaftLogWorker.java:lambda$new$0(133)) - d1229c05-d9ac-40a7-9199-569f25256273@group-3E424BC0E779-SegmentedRaftLogWorker: safeCacheEvictIndex: setUnconditionally 0 -> -1
2021-12-22 01:07:52,583 [pool-97-thread-1] INFO  server.RaftServerConfigKeys (ConfUtils.java:logGet(44)) - raft.server.snapshot.auto.trigger.enabled = true (custom)
2021-12-22 01:07:52,583 [pool-97-thread-1] INFO  server.RaftServerConfigKeys (ConfUtils.java:logGet(44)) - raft.server.snapshot.auto.trigger.threshold = 10000 (custom)
2021-12-22 01:07:52,583 [pool-97-thread-1] INFO  server.RaftServerConfigKeys (ConfUtils.java:logGet(44)) - raft.server.snapshot.retention.file.num = 5 (custom)
2021-12-22 01:07:52,583 [pool-97-thread-1] INFO  server.RaftServerConfigKeys (ConfUtils.java:logGet(44)) - raft.server.log.purge.upto.snapshot.index = false (default)
2021-12-22 01:07:52,583 [pool-97-thread-1] INFO  server.RaftServerConfigKeys (ConfUtils.java:logGet(44)) - raft.server.retrycache.expirytime = 600000ms (custom)
2021-12-22 01:07:52,583 [pool-97-thread-1] INFO  server.RaftServerConfigKeys (ConfUtils.java:logGet(44)) - raft.server.retrycache.statistics.expirytime = 100μs (default)
2021-12-22 01:07:52,584 [pool-97-thread-1] INFO  server.RaftServer$Division (RaftServerImpl.java:start(301)) - d1229c05-d9ac-40a7-9199-569f25256273@group-3E424BC0E779: start as a follower, conf=-1: [bc31efc5-a10f-49ea-82d4-325dc6674eda|rpc:10.1.0.16:45543|priority:1, d1229c05-d9ac-40a7-9199-569f25256273|rpc:10.1.0.16:37951|priority:0, a426eecb-3f7b-4bd3-8516-db356bf90be2|rpc:10.1.0.16:36549|priority:0], old=null
2021-12-22 01:07:52,584 [pool-97-thread-1] INFO  server.RaftServer$Division (RaftServerImpl.java:setRole(290)) - d1229c05-d9ac-40a7-9199-569f25256273@group-3E424BC0E779: changes role from      null to FOLLOWER at term 0 for startAsFollower
2021-12-22 01:07:52,584 [pool-97-thread-1] INFO  impl.RoleInfo (RoleInfo.java:updateAndGet(130)) - d1229c05-d9ac-40a7-9199-569f25256273: start d1229c05-d9ac-40a7-9199-569f25256273@group-3E424BC0E779-FollowerState
2021-12-22 01:07:52,588 [pool-97-thread-1] INFO  util.JmxRegister (JmxRegister.java:tryRegister(44)) - Successfully registered JMX Bean with object name Ratis:service=RaftServer,group=group-3E424BC0E779,id=d1229c05-d9ac-40a7-9199-569f25256273
2021-12-22 01:07:52,588 [Command processor thread] INFO  ratis.XceiverServerRatis (XceiverServerRatis.java:addGroup(768)) - Created group PipelineID=8edec5f9-fc9d-4b56-88d0-3e424bc0e779
2021-12-22 01:07:52,609 [grpc-default-executor-5] INFO  server.RaftServer (RaftServerProxy.java:addNew(95)) - bc31efc5-a10f-49ea-82d4-325dc6674eda: addNew group-3E424BC0E779:[bc31efc5-a10f-49ea-82d4-325dc6674eda|rpc:10.1.0.16:45543|dataStream:|priority:1, d1229c05-d9ac-40a7-9199-569f25256273|rpc:10.1.0.16:37951|dataStream:|priority:0, a426eecb-3f7b-4bd3-8516-db356bf90be2|rpc:10.1.0.16:36549|dataStream:|priority:0] returns group-3E424BC0E779:java.util.concurrent.CompletableFuture@296759[Not completed]
2021-12-22 01:07:52,610 [pool-411-thread-1] INFO  server.RaftServer$Division (RaftServerImpl.java:<init>(184)) - bc31efc5-a10f-49ea-82d4-325dc6674eda: new RaftServerImpl for group-3E424BC0E779:[bc31efc5-a10f-49ea-82d4-325dc6674eda|rpc:10.1.0.16:45543|dataStream:|priority:1, d1229c05-d9ac-40a7-9199-569f25256273|rpc:10.1.0.16:37951|dataStream:|priority:0, a426eecb-3f7b-4bd3-8516-db356bf90be2|rpc:10.1.0.16:36549|dataStream:|priority:0] with ContainerStateMachine:uninitialized
2021-12-22 01:07:52,610 [pool-411-thread-1] INFO  server.RaftServerConfigKeys (ConfUtils.java:logGet(44)) - raft.server.rpc.timeout.min = 5s (custom)
2021-12-22 01:07:52,610 [pool-411-thread-1] INFO  server.RaftServerConfigKeys (ConfUtils.java:logGet(44)) - raft.server.rpc.timeout.max = 5200ms (custom)
2021-12-22 01:07:52,610 [pool-411-thread-1] INFO  server.RaftServerConfigKeys (ConfUtils.java:logGet(44)) - raft.server.rpc.sleep.time = 25ms (default)
2021-12-22 01:07:52,610 [pool-411-thread-1] INFO  server.RaftServerConfigKeys (ConfUtils.java:logGet(44)) - raft.server.rpc.slowness.timeout = 300s (custom)
2021-12-22 01:07:52,610 [pool-411-thread-1] INFO  server.RaftServerConfigKeys (ConfUtils.java:logGet(44)) - raft.server.leaderelection.leader.step-down.wait-time = 10s (default)
2021-12-22 01:07:52,610 [pool-411-thread-1] INFO  server.RaftServerConfigKeys (ConfUtils.java:logGet(44)) - raft.server.sleep.deviation.threshold = 300ms (default)
2021-12-22 01:07:52,610 [pool-411-thread-1] INFO  server.RaftServerConfigKeys (ConfUtils.java:logGet(44)) - raft.server.log.appender.install.snapshot.enabled = false (custom)
2021-12-22 01:07:52,610 [pool-411-thread-1] INFO  server.RaftServer$Division (ServerState.java:<init>(105)) - bc31efc5-a10f-49ea-82d4-325dc6674eda@group-3E424BC0E779: ConfigurationManager, init=-1: [bc31efc5-a10f-49ea-82d4-325dc6674eda|rpc:10.1.0.16:45543|dataStream:|priority:1, d1229c05-d9ac-40a7-9199-569f25256273|rpc:10.1.0.16:37951|dataStream:|priority:0, a426eecb-3f7b-4bd3-8516-db356bf90be2|rpc:10.1.0.16:36549|dataStream:|priority:0], old=null, confs=<EMPTY_MAP>
2021-12-22 01:07:52,610 [pool-411-thread-1] INFO  server.RaftServerConfigKeys (ConfUtils.java:logGet(44)) - raft.server.storage.dir = [/home/runner/work/ozone/ozone/hadoop-ozone/integration-test/target/test-dir/MiniOzoneClusterImpl-042c0a5d-b585-40ed-8543-7186e0d9815b/datanode-0/data/ratis] (custom)
2021-12-22 01:07:52,611 [pool-411-thread-1] INFO  server.RaftServerConfigKeys (ConfUtils.java:logGet(44)) - raft.server.log.corruption.policy = EXCEPTION (default)
2021-12-22 01:07:52,611 [pool-411-thread-1] INFO  server.RaftServerConfigKeys (ConfUtils.java:logGet(44)) - raft.server.storage.free-space.min = 0MB (=0) (default)
2021-12-22 01:07:52,611 [pool-411-thread-1] INFO  storage.RaftStorageDirectory (RaftStorageDirectoryImpl.java:analyzeStorage(135)) - The storage directory /home/runner/work/ozone/ozone/hadoop-ozone/integration-test/target/test-dir/MiniOzoneClusterImpl-042c0a5d-b585-40ed-8543-7186e0d9815b/datanode-0/data/ratis/8edec5f9-fc9d-4b56-88d0-3e424bc0e779 does not exist. Creating ...
2021-12-22 01:07:52,612 [pool-411-thread-1] INFO  storage.RaftStorageDirectory (RaftStorageDirectoryImpl.java:tryLock(230)) - Lock on /home/runner/work/ozone/ozone/hadoop-ozone/integration-test/target/test-dir/MiniOzoneClusterImpl-042c0a5d-b585-40ed-8543-7186e0d9815b/datanode-0/data/ratis/8edec5f9-fc9d-4b56-88d0-3e424bc0e779/in_use.lock acquired by nodename 19159@fv-az148-641
2021-12-22 01:07:52,614 [pool-411-thread-1] INFO  storage.RaftStorage (RaftStorageImpl.java:format(89)) - Storage directory /home/runner/work/ozone/ozone/hadoop-ozone/integration-test/target/test-dir/MiniOzoneClusterImpl-042c0a5d-b585-40ed-8543-7186e0d9815b/datanode-0/data/ratis/8edec5f9-fc9d-4b56-88d0-3e424bc0e779 has been successfully formatted.
2021-12-22 01:07:52,614 [pool-411-thread-1] INFO  ratis.ContainerStateMachine (ContainerStateMachine.java:loadSnapshot(231)) - group-3E424BC0E779: The snapshot info is null. Setting the last applied indexto:(t:0, i:~)
2021-12-22 01:07:52,614 [pool-411-thread-1] INFO  server.RaftServerConfigKeys (ConfUtils.java:logGet(44)) - raft.server.notification.no-leader.timeout = 300s (custom)
2021-12-22 01:07:52,614 [pool-411-thread-1] INFO  server.RaftServerConfigKeys (ConfUtils.java:logGet(44)) - raft.server.log.use.memory = false (default)
2021-12-22 01:07:52,614 [pool-411-thread-1] INFO  server.RaftServerConfigKeys (ConfUtils.java:logGet(44)) - raft.server.log.purge.gap = 1000000 (custom)
2021-12-22 01:07:52,615 [pool-411-thread-1] INFO  server.RaftServerConfigKeys (ConfUtils.java:logGet(44)) - raft.server.log.appender.buffer.byte-limit = 33554432 (custom)
2021-12-22 01:07:52,615 [pool-411-thread-1] INFO  server.RaftServerConfigKeys (ConfUtils.java:logGet(44)) - raft.server.log.segment.size.max = 1048576 (custom)
2021-12-22 01:07:52,615 [EventQueue-PipelineReportForPipelineReportHandler] INFO  pipeline.PipelineReportHandler (PipelineReportHandler.java:processPipelineReport(113)) - Reported pipeline PipelineID=afdf3549-8a21-40a9-8ce3-cf46f811c77b is not found
2021-12-22 01:07:52,615 [EventQueue-PipelineReportForPipelineReportHandler] INFO  pipeline.PipelineReportHandler (PipelineReportHandler.java:processPipelineReport(113)) - Reported pipeline PipelineID=3cb58a2a-b22a-431d-a37e-76c9e7f23109 is not found
2021-12-22 01:07:52,615 [EventQueue-PipelineReportForPipelineReportHandler] INFO  pipeline.PipelineReportHandler (PipelineReportHandler.java:processPipelineReport(113)) - Reported pipeline PipelineID=5b6aeea7-e9c6-4233-8423-7e8a57294037 is not found
2021-12-22 01:07:52,616 [pool-411-thread-1] INFO  server.RaftServerConfigKeys (ConfUtils.java:logGet(44)) - raft.server.log.segment.cache.num.max = 2 (custom)
2021-12-22 01:07:52,616 [pool-411-thread-1] INFO  server.RaftServerConfigKeys (ConfUtils.java:logGet(44)) - raft.server.log.segment.cache.size.max = 200MB (=209715200) (default)
2021-12-22 01:07:52,616 [pool-411-thread-1] INFO  segmented.SegmentedRaftLogWorker (SegmentedRaftLogWorker.java:<init>(182)) - new bc31efc5-a10f-49ea-82d4-325dc6674eda@group-3E424BC0E779-SegmentedRaftLogWorker for RaftStorageImpl:Storage Directory /home/runner/work/ozone/ozone/hadoop-ozone/integration-test/target/test-dir/MiniOzoneClusterImpl-042c0a5d-b585-40ed-8543-7186e0d9815b/datanode-0/data/ratis/8edec5f9-fc9d-4b56-88d0-3e424bc0e779
2021-12-22 01:07:52,616 [pool-411-thread-1] INFO  server.RaftServerConfigKeys (ConfUtils.java:logGet(44)) - raft.server.log.queue.byte-limit = 2147483647 (custom)
2021-12-22 01:07:52,616 [pool-411-thread-1] INFO  server.RaftServerConfigKeys (ConfUtils.java:logGet(44)) - raft.server.log.queue.element-limit = 1024 (custom)
2021-12-22 01:07:52,616 [pool-411-thread-1] INFO  server.RaftServerConfigKeys (ConfUtils.java:logGet(44)) - raft.server.log.segment.size.max = 1048576 (custom)
2021-12-22 01:07:52,616 [pool-411-thread-1] INFO  server.RaftServerConfigKeys (ConfUtils.java:logGet(44)) - raft.server.log.preallocated.size = 16384 (custom)
2021-12-22 01:07:52,616 [pool-411-thread-1] INFO  server.RaftServerConfigKeys (ConfUtils.java:logGet(44)) - raft.server.log.force.sync.num = 128 (default)
2021-12-22 01:07:52,616 [pool-411-thread-1] INFO  server.RaftServerConfigKeys (ConfUtils.java:logGet(44)) - raft.server.log.statemachine.data.sync = true (default)
2021-12-22 01:07:52,617 [pool-411-thread-1] INFO  server.RaftServerConfigKeys (ConfUtils.java:logGet(44)) - raft.server.log.statemachine.data.sync.timeout = 10s (default)
2021-12-22 01:07:52,617 [pool-411-thread-1] INFO  server.RaftServerConfigKeys (ConfUtils.java:logGet(44)) - raft.server.log.statemachine.data.sync.timeout.retry = -1 (default)
2021-12-22 01:07:52,617 [pool-411-thread-1] INFO  server.RaftServerConfigKeys (ConfUtils.java:logGet(44)) - raft.server.log.write.buffer.size = 1048576 (custom)
2021-12-22 01:07:52,617 [pool-411-thread-1] INFO  server.RaftServerConfigKeys (ConfUtils.java:logGet(44)) - raft.server.log.statemachine.data.caching.enabled = true (custom)
2021-12-22 01:07:52,618 [pool-411-thread-1] INFO  segmented.SegmentedRaftLogWorker (SegmentedRaftLogWorker.java:lambda$new$0(133)) - bc31efc5-a10f-49ea-82d4-325dc6674eda@group-3E424BC0E779-SegmentedRaftLogWorker: flushIndex: setUnconditionally 0 -> -1
2021-12-22 01:07:52,618 [pool-411-thread-1] INFO  segmented.SegmentedRaftLogWorker (SegmentedRaftLogWorker.java:lambda$new$0(133)) - bc31efc5-a10f-49ea-82d4-325dc6674eda@group-3E424BC0E779-SegmentedRaftLogWorker: safeCacheEvictIndex: setUnconditionally 0 -> -1
2021-12-22 01:07:52,618 [pool-411-thread-1] INFO  server.RaftServerConfigKeys (ConfUtils.java:logGet(44)) - raft.server.snapshot.auto.trigger.enabled = true (custom)
2021-12-22 01:07:52,618 [pool-411-thread-1] INFO  server.RaftServerConfigKeys (ConfUtils.java:logGet(44)) - raft.server.snapshot.auto.trigger.threshold = 10000 (custom)
2021-12-22 01:07:52,618 [pool-411-thread-1] INFO  server.RaftServerConfigKeys (ConfUtils.java:logGet(44)) - raft.server.snapshot.retention.file.num = 5 (custom)
2021-12-22 01:07:52,618 [pool-411-thread-1] INFO  server.RaftServerConfigKeys (ConfUtils.java:logGet(44)) - raft.server.log.purge.upto.snapshot.index = false (default)
2021-12-22 01:07:52,618 [pool-411-thread-1] INFO  server.RaftServerConfigKeys (ConfUtils.java:logGet(44)) - raft.server.retrycache.expirytime = 600000ms (custom)
2021-12-22 01:07:52,618 [pool-411-thread-1] INFO  server.RaftServerConfigKeys (ConfUtils.java:logGet(44)) - raft.server.retrycache.statistics.expirytime = 100μs (default)
2021-12-22 01:07:52,619 [pool-411-thread-1] INFO  server.RaftServer$Division (RaftServerImpl.java:start(301)) - bc31efc5-a10f-49ea-82d4-325dc6674eda@group-3E424BC0E779: start as a follower, conf=-1: [bc31efc5-a10f-49ea-82d4-325dc6674eda|rpc:10.1.0.16:45543|dataStream:|priority:1, d1229c05-d9ac-40a7-9199-569f25256273|rpc:10.1.0.16:37951|dataStream:|priority:0, a426eecb-3f7b-4bd3-8516-db356bf90be2|rpc:10.1.0.16:36549|dataStream:|priority:0], old=null
2021-12-22 01:07:52,621 [pool-411-thread-1] INFO  server.RaftServer$Division (RaftServerImpl.java:setRole(290)) - bc31efc5-a10f-49ea-82d4-325dc6674eda@group-3E424BC0E779: changes role from      null to FOLLOWER at term 0 for startAsFollower
2021-12-22 01:07:52,621 [pool-411-thread-1] INFO  impl.RoleInfo (RoleInfo.java:updateAndGet(130)) - bc31efc5-a10f-49ea-82d4-325dc6674eda: start bc31efc5-a10f-49ea-82d4-325dc6674eda@group-3E424BC0E779-FollowerState
2021-12-22 01:07:52,626 [pool-411-thread-1] INFO  util.JmxRegister (JmxRegister.java:tryRegister(44)) - Successfully registered JMX Bean with object name Ratis:service=RaftServer,group=group-3E424BC0E779,id=bc31efc5-a10f-49ea-82d4-325dc6674eda
2021-12-22 01:07:52,644 [grpc-default-executor-5] INFO  server.RaftServer (RaftServerProxy.java:addNew(95)) - a426eecb-3f7b-4bd3-8516-db356bf90be2: addNew group-3E424BC0E779:[bc31efc5-a10f-49ea-82d4-325dc6674eda|rpc:10.1.0.16:45543|dataStream:|priority:1, d1229c05-d9ac-40a7-9199-569f25256273|rpc:10.1.0.16:37951|dataStream:|priority:0, a426eecb-3f7b-4bd3-8516-db356bf90be2|rpc:10.1.0.16:36549|dataStream:|priority:0] returns group-3E424BC0E779:java.util.concurrent.CompletableFuture@729e06ce[Not completed]
2021-12-22 01:07:52,645 [pool-76-thread-1] INFO  server.RaftServer$Division (RaftServerImpl.java:<init>(184)) - a426eecb-3f7b-4bd3-8516-db356bf90be2: new RaftServerImpl for group-3E424BC0E779:[bc31efc5-a10f-49ea-82d4-325dc6674eda|rpc:10.1.0.16:45543|dataStream:|priority:1, d1229c05-d9ac-40a7-9199-569f25256273|rpc:10.1.0.16:37951|dataStream:|priority:0, a426eecb-3f7b-4bd3-8516-db356bf90be2|rpc:10.1.0.16:36549|dataStream:|priority:0] with ContainerStateMachine:uninitialized
2021-12-22 01:07:52,645 [pool-76-thread-1] INFO  server.RaftServerConfigKeys (ConfUtils.java:logGet(44)) - raft.server.rpc.timeout.min = 5s (custom)
2021-12-22 01:07:52,645 [pool-76-thread-1] INFO  server.RaftServerConfigKeys (ConfUtils.java:logGet(44)) - raft.server.rpc.timeout.max = 5200ms (custom)
2021-12-22 01:07:52,645 [pool-76-thread-1] INFO  server.RaftServerConfigKeys (ConfUtils.java:logGet(44)) - raft.server.rpc.sleep.time = 25ms (default)
2021-12-22 01:07:52,645 [pool-76-thread-1] INFO  server.RaftServerConfigKeys (ConfUtils.java:logGet(44)) - raft.server.rpc.slowness.timeout = 300s (custom)
2021-12-22 01:07:52,645 [pool-76-thread-1] INFO  server.RaftServerConfigKeys (ConfUtils.java:logGet(44)) - raft.server.leaderelection.leader.step-down.wait-time = 10s (default)
2021-12-22 01:07:52,646 [pool-76-thread-1] INFO  server.RaftServerConfigKeys (ConfUtils.java:logGet(44)) - raft.server.sleep.deviation.threshold = 300ms (default)
2021-12-22 01:07:52,646 [pool-76-thread-1] INFO  server.RaftServerConfigKeys (ConfUtils.java:logGet(44)) - raft.server.log.appender.install.snapshot.enabled = false (custom)
2021-12-22 01:07:52,646 [pool-76-thread-1] INFO  server.RaftServer$Division (ServerState.java:<init>(105)) - a426eecb-3f7b-4bd3-8516-db356bf90be2@group-3E424BC0E779: ConfigurationManager, init=-1: [bc31efc5-a10f-49ea-82d4-325dc6674eda|rpc:10.1.0.16:45543|dataStream:|priority:1, d1229c05-d9ac-40a7-9199-569f25256273|rpc:10.1.0.16:37951|dataStream:|priority:0, a426eecb-3f7b-4bd3-8516-db356bf90be2|rpc:10.1.0.16:36549|dataStream:|priority:0], old=null, confs=<EMPTY_MAP>
2021-12-22 01:07:52,646 [pool-76-thread-1] INFO  server.RaftServerConfigKeys (ConfUtils.java:logGet(44)) - raft.server.storage.dir = [/home/runner/work/ozone/ozone/hadoop-ozone/integration-test/target/test-dir/MiniOzoneClusterImpl-042c0a5d-b585-40ed-8543-7186e0d9815b/datanode-1/data/ratis] (custom)
2021-12-22 01:07:52,646 [pool-76-thread-1] INFO  server.RaftServerConfigKeys (ConfUtils.java:logGet(44)) - raft.server.log.corruption.policy = EXCEPTION (default)
2021-12-22 01:07:52,646 [pool-76-thread-1] INFO  server.RaftServerConfigKeys (ConfUtils.java:logGet(44)) - raft.server.storage.free-space.min = 0MB (=0) (default)
2021-12-22 01:07:52,646 [pool-76-thread-1] INFO  storage.RaftStorageDirectory (RaftStorageDirectoryImpl.java:analyzeStorage(135)) - The storage directory /home/runner/work/ozone/ozone/hadoop-ozone/integration-test/target/test-dir/MiniOzoneClusterImpl-042c0a5d-b585-40ed-8543-7186e0d9815b/datanode-1/data/ratis/8edec5f9-fc9d-4b56-88d0-3e424bc0e779 does not exist. Creating ...
2021-12-22 01:07:52,646 [Listener at 127.0.0.1/45789] INFO  ozoneimpl.OzoneContainer (OzoneContainer.java:stop(336)) - Attempting to stop container services.
2021-12-22 01:07:52,647 [pool-76-thread-1] INFO  storage.RaftStorageDirectory (RaftStorageDirectoryImpl.java:tryLock(230)) - Lock on /home/runner/work/ozone/ozone/hadoop-ozone/integration-test/target/test-dir/MiniOzoneClusterImpl-042c0a5d-b585-40ed-8543-7186e0d9815b/datanode-1/data/ratis/8edec5f9-fc9d-4b56-88d0-3e424bc0e779/in_use.lock acquired by nodename 19159@fv-az148-641
2021-12-22 01:07:52,649 [pool-76-thread-1] INFO  storage.RaftStorage (RaftStorageImpl.java:format(89)) - Storage directory /home/runner/work/ozone/ozone/hadoop-ozone/integration-test/target/test-dir/MiniOzoneClusterImpl-042c0a5d-b585-40ed-8543-7186e0d9815b/datanode-1/data/ratis/8edec5f9-fc9d-4b56-88d0-3e424bc0e779 has been successfully formatted.
2021-12-22 01:07:52,649 [pool-76-thread-1] INFO  ratis.ContainerStateMachine (ContainerStateMachine.java:loadSnapshot(231)) - group-3E424BC0E779: The snapshot info is null. Setting the last applied indexto:(t:0, i:~)
2021-12-22 01:07:52,650 [pool-76-thread-1] INFO  server.RaftServerConfigKeys (ConfUtils.java:logGet(44)) - raft.server.notification.no-leader.timeout = 300s (custom)
2021-12-22 01:07:52,650 [pool-76-thread-1] INFO  server.RaftServerConfigKeys (ConfUtils.java:logGet(44)) - raft.server.log.use.memory = false (default)
2021-12-22 01:07:52,650 [pool-76-thread-1] INFO  server.RaftServerConfigKeys (ConfUtils.java:logGet(44)) - raft.server.log.purge.gap = 1000000 (custom)
2021-12-22 01:07:52,650 [pool-76-thread-1] INFO  server.RaftServerConfigKeys (ConfUtils.java:logGet(44)) - raft.server.log.appender.buffer.byte-limit = 33554432 (custom)
2021-12-22 01:07:52,650 [pool-76-thread-1] INFO  server.RaftServerConfigKeys (ConfUtils.java:logGet(44)) - raft.server.log.segment.size.max = 1048576 (custom)
2021-12-22 01:07:52,650 [pool-76-thread-1] INFO  server.RaftServerConfigKeys (ConfUtils.java:logGet(44)) - raft.server.log.segment.cache.num.max = 2 (custom)
2021-12-22 01:07:52,650 [pool-76-thread-1] INFO  server.RaftServerConfigKeys (ConfUtils.java:logGet(44)) - raft.server.log.segment.cache.size.max = 200MB (=209715200) (default)
2021-12-22 01:07:52,650 [pool-76-thread-1] INFO  segmented.SegmentedRaftLogWorker (SegmentedRaftLogWorker.java:<init>(182)) - new a426eecb-3f7b-4bd3-8516-db356bf90be2@group-3E424BC0E779-SegmentedRaftLogWorker for RaftStorageImpl:Storage Directory /home/runner/work/ozone/ozone/hadoop-ozone/integration-test/target/test-dir/MiniOzoneClusterImpl-042c0a5d-b585-40ed-8543-7186e0d9815b/datanode-1/data/ratis/8edec5f9-fc9d-4b56-88d0-3e424bc0e779
2021-12-22 01:07:52,650 [pool-76-thread-1] INFO  server.RaftServerConfigKeys (ConfUtils.java:logGet(44)) - raft.server.log.queue.byte-limit = 2147483647 (custom)
2021-12-22 01:07:52,651 [pool-76-thread-1] INFO  server.RaftServerConfigKeys (ConfUtils.java:logGet(44)) - raft.server.log.queue.element-limit = 1024 (custom)
2021-12-22 01:07:52,651 [pool-76-thread-1] INFO  server.RaftServerConfigKeys (ConfUtils.java:logGet(44)) - raft.server.log.segment.size.max = 1048576 (custom)
2021-12-22 01:07:52,651 [pool-76-thread-1] INFO  server.RaftServerConfigKeys (ConfUtils.java:logGet(44)) - raft.server.log.preallocated.size = 16384 (custom)
2021-12-22 01:07:52,651 [pool-76-thread-1] INFO  server.RaftServerConfigKeys (ConfUtils.java:logGet(44)) - raft.server.log.force.sync.num = 128 (default)
2021-12-22 01:07:52,651 [pool-76-thread-1] INFO  server.RaftServerConfigKeys (ConfUtils.java:logGet(44)) - raft.server.log.statemachine.data.sync = true (default)
2021-12-22 01:07:52,651 [pool-76-thread-1] INFO  server.RaftServerConfigKeys (ConfUtils.java:logGet(44)) - raft.server.log.statemachine.data.sync.timeout = 10s (default)
2021-12-22 01:07:52,651 [pool-76-thread-1] INFO  server.RaftServerConfigKeys (ConfUtils.java:logGet(44)) - raft.server.log.statemachine.data.sync.timeout.retry = -1 (default)
2021-12-22 01:07:52,652 [pool-76-thread-1] INFO  server.RaftServerConfigKeys (ConfUtils.java:logGet(44)) - raft.server.log.write.buffer.size = 1048576 (custom)
2021-12-22 01:07:52,652 [pool-76-thread-1] INFO  server.RaftServerConfigKeys (ConfUtils.java:logGet(44)) - raft.server.log.statemachine.data.caching.enabled = true (custom)
2021-12-22 01:07:52,652 [pool-76-thread-1] INFO  segmented.SegmentedRaftLogWorker (SegmentedRaftLogWorker.java:lambda$new$0(133)) - a426eecb-3f7b-4bd3-8516-db356bf90be2@group-3E424BC0E779-SegmentedRaftLogWorker: flushIndex: setUnconditionally 0 -> -1
2021-12-22 01:07:52,652 [pool-76-thread-1] INFO  segmented.SegmentedRaftLogWorker (SegmentedRaftLogWorker.java:lambda$new$0(133)) - a426eecb-3f7b-4bd3-8516-db356bf90be2@group-3E424BC0E779-SegmentedRaftLogWorker: safeCacheEvictIndex: setUnconditionally 0 -> -1
2021-12-22 01:07:52,657 [pool-76-thread-1] INFO  server.RaftServerConfigKeys (ConfUtils.java:logGet(44)) - raft.server.snapshot.auto.trigger.enabled = true (custom)
2021-12-22 01:07:52,657 [pool-76-thread-1] INFO  server.RaftServerConfigKeys (ConfUtils.java:logGet(44)) - raft.server.snapshot.auto.trigger.threshold = 10000 (custom)
2021-12-22 01:07:52,657 [pool-76-thread-1] INFO  server.RaftServerConfigKeys (ConfUtils.java:logGet(44)) - raft.server.snapshot.retention.file.num = 5 (custom)
2021-12-22 01:07:52,657 [pool-76-thread-1] INFO  server.RaftServerConfigKeys (ConfUtils.java:logGet(44)) - raft.server.log.purge.upto.snapshot.index = false (default)
2021-12-22 01:07:52,657 [pool-76-thread-1] INFO  server.RaftServerConfigKeys (ConfUtils.java:logGet(44)) - raft.server.retrycache.expirytime = 600000ms (custom)
2021-12-22 01:07:52,657 [pool-76-thread-1] INFO  server.RaftServerConfigKeys (ConfUtils.java:logGet(44)) - raft.server.retrycache.statistics.expirytime = 100μs (default)
2021-12-22 01:07:52,658 [pool-76-thread-1] INFO  server.RaftServer (RaftServerProxy.java:remove(106)) - a426eecb-3f7b-4bd3-8516-db356bf90be2: remove      null a426eecb-3f7b-4bd3-8516-db356bf90be2@group-3E424BC0E779:t0, leader=null, voted=, raftlog=a426eecb-3f7b-4bd3-8516-db356bf90be2@group-3E424BC0E779-SegmentedRaftLog:OPENED:c-1, conf=-1: [bc31efc5-a10f-49ea-82d4-325dc6674eda|rpc:10.1.0.16:45543|dataStream:|priority:1, d1229c05-d9ac-40a7-9199-569f25256273|rpc:10.1.0.16:37951|dataStream:|priority:0, a426eecb-3f7b-4bd3-8516-db356bf90be2|rpc:10.1.0.16:36549|dataStream:|priority:0], old=null NEW
2021-12-22 01:07:52,659 [pool-76-thread-1] WARN  server.RaftServer (RaftServerProxy.java:lambda$groupAddAsync$13(483)) - a426eecb-3f7b-4bd3-8516-db356bf90be2: Failed groupAdd* GroupManagementRequest:client-F422B515FC80->a426eecb-3f7b-4bd3-8516-db356bf90be2@group-3E424BC0E779, cid=591, seq=0, RW, null, Add:group-3E424BC0E779:[bc31efc5-a10f-49ea-82d4-325dc6674eda|rpc:10.1.0.16:45543|dataStream:|priority:1, d1229c05-d9ac-40a7-9199-569f25256273|rpc:10.1.0.16:37951|dataStream:|priority:0, a426eecb-3f7b-4bd3-8516-db356bf90be2|rpc:10.1.0.16:36549|dataStream:|priority:0]
java.util.concurrent.CompletionException: java.util.concurrent.RejectedExecutionException: Task java.util.concurrent.CompletableFuture$UniApply@1bab5551 rejected from java.util.concurrent.ThreadPoolExecutor@4a494c43[Shutting down, pool size = 1, active threads = 1, queued tasks = 0, completed tasks = 4]
	at java.util.concurrent.CompletableFuture.encodeThrowable(CompletableFuture.java:273)
	at java.util.concurrent.CompletableFuture.completeThrowable(CompletableFuture.java:280)
	at java.util.concurrent.CompletableFuture.uniApply(CompletableFuture.java:618)
	at java.util.concurrent.CompletableFuture$UniApply.tryFire(CompletableFuture.java:591)
	at java.util.concurrent.CompletableFuture.postComplete(CompletableFuture.java:488)
	at java.util.concurrent.CompletableFuture$AsyncSupply.run(CompletableFuture.java:1609)
	at java.util.concurrent.ThreadPoolExecutor.runWorker(ThreadPoolExecutor.java:1149)
	at java.util.concurrent.ThreadPoolExecutor$Worker.run(ThreadPoolExecutor.java:624)
	at java.lang.Thread.run(Thread.java:748)
Caused by: java.util.concurrent.RejectedExecutionException: Task java.util.concurrent.CompletableFuture$UniApply@1bab5551 rejected from java.util.concurrent.ThreadPoolExecutor@4a494c43[Shutting down, pool size = 1, active threads = 1, queued tasks = 0, completed tasks = 4]
	at java.util.concurrent.ThreadPoolExecutor$AbortPolicy.rejectedExecution(ThreadPoolExecutor.java:2063)
	at java.util.concurrent.ThreadPoolExecutor.reject(ThreadPoolExecutor.java:830)
	at java.util.concurrent.ThreadPoolExecutor.execute(ThreadPoolExecutor.java:1379)
	at java.util.concurrent.Executors$DelegatedExecutorService.execute(Executors.java:668)
	at java.util.concurrent.CompletableFuture$UniCompletion.claim(CompletableFuture.java:543)
	at java.util.concurrent.CompletableFuture.uniApply(CompletableFuture.java:613)
	... 6 more
2021-12-22 01:07:52,668 [Listener at 127.0.0.1/45789] INFO  server.RaftServer (RaftServerProxy.java:lambda$close$6(391)) - a426eecb-3f7b-4bd3-8516-db356bf90be2: close
2021-12-22 01:07:52,672 [Listener at 127.0.0.1/45789] INFO  server.RaftServer$Division (RaftServerImpl.java:lambda$close$4(412)) - a426eecb-3f7b-4bd3-8516-db356bf90be2@group-76C9E7F23109: shutdown
2021-12-22 01:07:52,673 [Listener at 127.0.0.1/45789] INFO  util.JmxRegister (JmxRegister.java:unregister(73)) - Successfully un-registered JMX Bean with object name Ratis:service=RaftServer,group=group-76C9E7F23109,id=a426eecb-3f7b-4bd3-8516-db356bf90be2
2021-12-22 01:07:52,673 [Listener at 127.0.0.1/45789] INFO  impl.RoleInfo (RoleInfo.java:shutdownFollowerState(108)) - a426eecb-3f7b-4bd3-8516-db356bf90be2: shutdown a426eecb-3f7b-4bd3-8516-db356bf90be2@group-76C9E7F23109-FollowerState
2021-12-22 01:07:52,673 [Listener at 127.0.0.1/45789] INFO  impl.StateMachineUpdater (StateMachineUpdater.java:stopAndJoin(149)) - a426eecb-3f7b-4bd3-8516-db356bf90be2@group-76C9E7F23109-StateMachineUpdater: set stopIndex = 489
2021-12-22 01:07:52,673 [a426eecb-3f7b-4bd3-8516-db356bf90be2@group-76C9E7F23109-FollowerState] INFO  impl.FollowerState (FollowerState.java:run(143)) - a426eecb-3f7b-4bd3-8516-db356bf90be2@group-76C9E7F23109-FollowerState was interrupted: {}
java.lang.InterruptedException: sleep interrupted
	at java.lang.Thread.sleep(Native Method)
	at java.lang.Thread.sleep(Thread.java:340)
	at java.util.concurrent.TimeUnit.sleep(TimeUnit.java:386)
	at org.apache.ratis.util.TimeDuration.sleep(TimeDuration.java:324)
	at org.apache.ratis.util.TimeDuration.sleep(TimeDuration.java:309)
	at org.apache.ratis.server.impl.FollowerState.run(FollowerState.java:118)
2021-12-22 01:07:52,677 [a426eecb-3f7b-4bd3-8516-db356bf90be2@group-76C9E7F23109-StateMachineUpdater] INFO  ratis.ContainerStateMachine (ContainerStateMachine.java:takeSnapshot(299)) - group-76C9E7F23109: Taking a snapshot at:(t:2, i:489) file /home/runner/work/ozone/ozone/hadoop-ozone/integration-test/target/test-dir/MiniOzoneClusterImpl-042c0a5d-b585-40ed-8543-7186e0d9815b/datanode-1/data/ratis/3cb58a2a-b22a-431d-a37e-76c9e7f23109/sm/snapshot.2_489
2021-12-22 01:07:52,678 [ForkJoinPool.commonPool-worker-1] INFO  server.RaftServer$Division (RaftServerImpl.java:lambda$close$4(412)) - a426eecb-3f7b-4bd3-8516-db356bf90be2@group-7E8A57294037: shutdown
2021-12-22 01:07:52,678 [ForkJoinPool.commonPool-worker-1] INFO  util.JmxRegister (JmxRegister.java:unregister(73)) - Successfully un-registered JMX Bean with object name Ratis:service=RaftServer,group=group-7E8A57294037,id=a426eecb-3f7b-4bd3-8516-db356bf90be2
2021-12-22 01:07:52,678 [ForkJoinPool.commonPool-worker-1] INFO  impl.RoleInfo (RoleInfo.java:shutdownFollowerState(108)) - a426eecb-3f7b-4bd3-8516-db356bf90be2: shutdown a426eecb-3f7b-4bd3-8516-db356bf90be2@group-7E8A57294037-FollowerState
2021-12-22 01:07:52,678 [ForkJoinPool.commonPool-worker-1] INFO  impl.StateMachineUpdater (StateMachineUpdater.java:stopAndJoin(149)) - a426eecb-3f7b-4bd3-8516-db356bf90be2@group-7E8A57294037-StateMachineUpdater: set stopIndex = 454
2021-12-22 01:07:52,678 [a426eecb-3f7b-4bd3-8516-db356bf90be2@group-7E8A57294037-StateMachineUpdater] INFO  ratis.ContainerStateMachine (ContainerStateMachine.java:takeSnapshot(299)) - group-7E8A57294037: Taking a snapshot at:(t:2, i:454) file /home/runner/work/ozone/ozone/hadoop-ozone/integration-test/target/test-dir/MiniOzoneClusterImpl-042c0a5d-b585-40ed-8543-7186e0d9815b/datanode-1/data/ratis/5b6aeea7-e9c6-4233-8423-7e8a57294037/sm/snapshot.2_454
2021-12-22 01:07:52,678 [a426eecb-3f7b-4bd3-8516-db356bf90be2@group-7E8A57294037-FollowerState] INFO  impl.FollowerState (FollowerState.java:run(143)) - a426eecb-3f7b-4bd3-8516-db356bf90be2@group-7E8A57294037-FollowerState was interrupted: {}
java.lang.InterruptedException: sleep interrupted
	at java.lang.Thread.sleep(Native Method)
	at java.lang.Thread.sleep(Thread.java:340)
	at java.util.concurrent.TimeUnit.sleep(TimeUnit.java:386)
	at org.apache.ratis.util.TimeDuration.sleep(TimeDuration.java:324)
	at org.apache.ratis.util.TimeDuration.sleep(TimeDuration.java:309)
	at org.apache.ratis.server.impl.FollowerState.run(FollowerState.java:118)
2021-12-22 01:07:52,679 [a426eecb-3f7b-4bd3-8516-db356bf90be2@group-7E8A57294037-StateMachineUpdater] INFO  ratis.ContainerStateMachine (ContainerStateMachine.java:takeSnapshot(310)) - group-7E8A57294037: Finished taking a snapshot at:(t:2, i:454) file:/home/runner/work/ozone/ozone/hadoop-ozone/integration-test/target/test-dir/MiniOzoneClusterImpl-042c0a5d-b585-40ed-8543-7186e0d9815b/datanode-1/data/ratis/5b6aeea7-e9c6-4233-8423-7e8a57294037/sm/snapshot.2_454 took: 1 ms
2021-12-22 01:07:52,679 [a426eecb-3f7b-4bd3-8516-db356bf90be2@group-7E8A57294037-StateMachineUpdater] INFO  impl.StateMachineUpdater (StateMachineUpdater.java:takeSnapshot(281)) - a426eecb-3f7b-4bd3-8516-db356bf90be2@group-7E8A57294037-StateMachineUpdater: Took a snapshot at index 454
2021-12-22 01:07:52,679 [a426eecb-3f7b-4bd3-8516-db356bf90be2@group-7E8A57294037-StateMachineUpdater] INFO  impl.StateMachineUpdater (StateMachineUpdater.java:lambda$new$0(89)) - a426eecb-3f7b-4bd3-8516-db356bf90be2@group-7E8A57294037-StateMachineUpdater: snapshotIndex: updateIncreasingly -1 -> 454
2021-12-22 01:07:52,680 [ForkJoinPool.commonPool-worker-1] INFO  server.RaftServer$Division (ServerState.java:close(419)) - a426eecb-3f7b-4bd3-8516-db356bf90be2@group-7E8A57294037: closes. applyIndex: 454
2021-12-22 01:07:52,680 [a426eecb-3f7b-4bd3-8516-db356bf90be2@group-7E8A57294037-SegmentedRaftLogWorker] INFO  segmented.SegmentedRaftLogWorker (SegmentedRaftLogWorker.java:run(327)) - a426eecb-3f7b-4bd3-8516-db356bf90be2@group-7E8A57294037-SegmentedRaftLogWorker was interrupted, exiting. There are 0 tasks remaining in the queue.
2021-12-22 01:07:52,680 [a426eecb-3f7b-4bd3-8516-db356bf90be2@group-76C9E7F23109-StateMachineUpdater] INFO  ratis.ContainerStateMachine (ContainerStateMachine.java:takeSnapshot(310)) - group-76C9E7F23109: Finished taking a snapshot at:(t:2, i:489) file:/home/runner/work/ozone/ozone/hadoop-ozone/integration-test/target/test-dir/MiniOzoneClusterImpl-042c0a5d-b585-40ed-8543-7186e0d9815b/datanode-1/data/ratis/3cb58a2a-b22a-431d-a37e-76c9e7f23109/sm/snapshot.2_489 took: 3 ms
2021-12-22 01:07:52,681 [ForkJoinPool.commonPool-worker-1] INFO  segmented.SegmentedRaftLogWorker (SegmentedRaftLogWorker.java:close(237)) - a426eecb-3f7b-4bd3-8516-db356bf90be2@group-7E8A57294037-SegmentedRaftLogWorker close()
2021-12-22 01:07:52,683 [a426eecb-3f7b-4bd3-8516-db356bf90be2@group-76C9E7F23109-StateMachineUpdater] INFO  impl.StateMachineUpdater (StateMachineUpdater.java:takeSnapshot(281)) - a426eecb-3f7b-4bd3-8516-db356bf90be2@group-76C9E7F23109-StateMachineUpdater: Took a snapshot at index 489
2021-12-22 01:07:52,683 [a426eecb-3f7b-4bd3-8516-db356bf90be2@group-76C9E7F23109-StateMachineUpdater] INFO  impl.StateMachineUpdater (StateMachineUpdater.java:lambda$new$0(89)) - a426eecb-3f7b-4bd3-8516-db356bf90be2@group-76C9E7F23109-StateMachineUpdater: snapshotIndex: updateIncreasingly -1 -> 489
2021-12-22 01:07:52,684 [Listener at 127.0.0.1/45789] INFO  server.RaftServer$Division (ServerState.java:close(419)) - a426eecb-3f7b-4bd3-8516-db356bf90be2@group-76C9E7F23109: closes. applyIndex: 489
2021-12-22 01:07:52,684 [a426eecb-3f7b-4bd3-8516-db356bf90be2@group-76C9E7F23109-SegmentedRaftLogWorker] INFO  segmented.SegmentedRaftLogWorker (SegmentedRaftLogWorker.java:run(327)) - a426eecb-3f7b-4bd3-8516-db356bf90be2@group-76C9E7F23109-SegmentedRaftLogWorker was interrupted, exiting. There are 0 tasks remaining in the queue.
2021-12-22 01:07:52,684 [Listener at 127.0.0.1/45789] INFO  segmented.SegmentedRaftLogWorker (SegmentedRaftLogWorker.java:close(237)) - a426eecb-3f7b-4bd3-8516-db356bf90be2@group-76C9E7F23109-SegmentedRaftLogWorker close()
2021-12-22 01:07:52,685 [Listener at 127.0.0.1/45789] INFO  server.GrpcService (GrpcService.java:closeImpl(262)) - a426eecb-3f7b-4bd3-8516-db356bf90be2: shutdown server with port 36549 now
2021-12-22 01:07:52,695 [Command processor thread] WARN  commandhandler.CreatePipelineCommandHandler (CreatePipelineCommandHandler.java:lambda$handle$1(103)) - Add group failed for a426eecb-3f7b-4bd3-8516-db356bf90be2{ip: 10.1.0.16, host: fv-az148-641.bm4ck3pvxvsene1rjriu5fhcdb.bx.internal.cloudapp.net, ports: [REPLICATION=39213, RATIS=36549, RATIS_ADMIN=36549, RATIS_SERVER=36549, STANDALONE=33621], networkLocation: /default-rack, certSerialId: null, persistedOpState: IN_SERVICE, persistedOpStateExpiryEpochSec: 0}
java.io.IOException: org.apache.ratis.thirdparty.io.grpc.StatusRuntimeException: CANCELLED: HTTP/2 error code: CANCEL
Received Rst Stream
	at org.apache.ratis.grpc.GrpcUtil.unwrapException(GrpcUtil.java:92)
	at org.apache.ratis.grpc.client.GrpcClientProtocolClient.blockingCall(GrpcClientProtocolClient.java:218)
	at org.apache.ratis.grpc.client.GrpcClientProtocolClient.groupAdd(GrpcClientProtocolClient.java:179)
	at org.apache.ratis.grpc.client.GrpcClientRpc.sendRequest(GrpcClientRpc.java:96)
	at org.apache.ratis.client.impl.BlockingImpl.sendRequest(BlockingImpl.java:130)
	at org.apache.ratis.client.impl.GroupManagementImpl.add(GroupManagementImpl.java:51)
	at org.apache.hadoop.ozone.container.common.statemachine.commandhandler.CreatePipelineCommandHandler.lambda$handle$1(CreatePipelineCommandHandler.java:99)
	at java.util.stream.ForEachOps$ForEachOp$OfRef.accept(ForEachOps.java:183)
	at java.util.stream.ReferencePipeline$2$1.accept(ReferencePipeline.java:175)
	at java.util.ArrayList$ArrayListSpliterator.forEachRemaining(ArrayList.java:1384)
	at java.util.stream.AbstractPipeline.copyInto(AbstractPipeline.java:482)
	at java.util.stream.AbstractPipeline.wrapAndCopyInto(AbstractPipeline.java:472)
	at java.util.stream.ForEachOps$ForEachOp.evaluateSequential(ForEachOps.java:150)
	at java.util.stream.ForEachOps$ForEachOp$OfRef.evaluateSequential(ForEachOps.java:173)
	at java.util.stream.AbstractPipeline.evaluate(AbstractPipeline.java:234)
	at java.util.stream.ReferencePipeline.forEach(ReferencePipeline.java:485)
	at org.apache.hadoop.ozone.container.common.statemachine.commandhandler.CreatePipelineCommandHandler.handle(CreatePipelineCommandHandler.java:95)
	at org.apache.hadoop.ozone.container.common.statemachine.commandhandler.CommandDispatcher.handle(CommandDispatcher.java:99)
	at org.apache.hadoop.ozone.container.common.statemachine.DatanodeStateMachine.lambda$initCommandHandlerThread$2(DatanodeStateMachine.java:567)
	at java.lang.Thread.run(Thread.java:748)
Caused by: org.apache.ratis.thirdparty.io.grpc.StatusRuntimeException: CANCELLED: HTTP/2 error code: CANCEL
Received Rst Stream
	at org.apache.ratis.thirdparty.io.grpc.stub.ClientCalls.toStatusRuntimeException(ClientCalls.java:262)
	at org.apache.ratis.thirdparty.io.grpc.stub.ClientCalls.getUnchecked(ClientCalls.java:243)
	at org.apache.ratis.thirdparty.io.grpc.stub.ClientCalls.blockingUnaryCall(ClientCalls.java:156)
	at org.apache.ratis.proto.grpc.AdminProtocolServiceGrpc$AdminProtocolServiceBlockingStub.groupManagement(AdminProtocolServiceGrpc.java:413)
	at org.apache.ratis.grpc.client.GrpcClientProtocolClient.lambda$groupAdd$5(GrpcClientProtocolClient.java:181)
	at org.apache.ratis.grpc.client.GrpcClientProtocolClient.blockingCall(GrpcClientProtocolClient.java:216)
	... 18 more
2021-12-22 01:07:52,695 [Command processor thread] INFO  commandhandler.CreatePipelineCommandHandler (CreatePipelineCommandHandler.java:handle(106)) - Created Pipeline RATIS THREE PipelineID=8edec5f9-fc9d-4b56-88d0-3e424bc0e779.
2021-12-22 01:07:52,695 [Command processor thread] INFO  server.RaftServer (RaftServerProxy.java:addNew(95)) - d1229c05-d9ac-40a7-9199-569f25256273: addNew group-30DFD9EAA064:[d1229c05-d9ac-40a7-9199-569f25256273|rpc:10.1.0.16:37951|priority:1, bc31efc5-a10f-49ea-82d4-325dc6674eda|rpc:10.1.0.16:45543|priority:0, a426eecb-3f7b-4bd3-8516-db356bf90be2|rpc:10.1.0.16:36549|priority:0] returns group-30DFD9EAA064:java.util.concurrent.CompletableFuture@27e8669f[Not completed]
2021-12-22 01:07:52,696 [pool-97-thread-1] INFO  server.RaftServer$Division (RaftServerImpl.java:<init>(184)) - d1229c05-d9ac-40a7-9199-569f25256273: new RaftServerImpl for group-30DFD9EAA064:[d1229c05-d9ac-40a7-9199-569f25256273|rpc:10.1.0.16:37951|priority:1, bc31efc5-a10f-49ea-82d4-325dc6674eda|rpc:10.1.0.16:45543|priority:0, a426eecb-3f7b-4bd3-8516-db356bf90be2|rpc:10.1.0.16:36549|priority:0] with ContainerStateMachine:uninitialized
2021-12-22 01:07:52,698 [pool-97-thread-1] INFO  server.RaftServerConfigKeys (ConfUtils.java:logGet(44)) - raft.server.rpc.timeout.min = 5s (custom)
2021-12-22 01:07:52,698 [pool-97-thread-1] INFO  server.RaftServerConfigKeys (ConfUtils.java:logGet(44)) - raft.server.rpc.timeout.max = 5200ms (custom)
2021-12-22 01:07:52,698 [pool-97-thread-1] INFO  server.RaftServerConfigKeys (ConfUtils.java:logGet(44)) - raft.server.rpc.sleep.time = 25ms (default)
2021-12-22 01:07:52,698 [pool-97-thread-1] INFO  server.RaftServerConfigKeys (ConfUtils.java:logGet(44)) - raft.server.rpc.slowness.timeout = 300s (custom)
2021-12-22 01:07:52,698 [pool-97-thread-1] INFO  server.RaftServerConfigKeys (ConfUtils.java:logGet(44)) - raft.server.leaderelection.leader.step-down.wait-time = 10s (default)
2021-12-22 01:07:52,698 [pool-97-thread-1] INFO  server.RaftServerConfigKeys (ConfUtils.java:logGet(44)) - raft.server.sleep.deviation.threshold = 300ms (default)
2021-12-22 01:07:52,698 [pool-97-thread-1] INFO  server.RaftServerConfigKeys (ConfUtils.java:logGet(44)) - raft.server.log.appender.install.snapshot.enabled = false (custom)
2021-12-22 01:07:52,698 [pool-97-thread-1] INFO  server.RaftServer$Division (ServerState.java:<init>(105)) - d1229c05-d9ac-40a7-9199-569f25256273@group-30DFD9EAA064: ConfigurationManager, init=-1: [d1229c05-d9ac-40a7-9199-569f25256273|rpc:10.1.0.16:37951|priority:1, bc31efc5-a10f-49ea-82d4-325dc6674eda|rpc:10.1.0.16:45543|priority:0, a426eecb-3f7b-4bd3-8516-db356bf90be2|rpc:10.1.0.16:36549|priority:0], old=null, confs=<EMPTY_MAP>
2021-12-22 01:07:52,698 [pool-97-thread-1] INFO  server.RaftServerConfigKeys (ConfUtils.java:logGet(44)) - raft.server.storage.dir = [/home/runner/work/ozone/ozone/hadoop-ozone/integration-test/target/test-dir/MiniOzoneClusterImpl-042c0a5d-b585-40ed-8543-7186e0d9815b/datanode-2/data/ratis] (custom)
2021-12-22 01:07:52,698 [pool-97-thread-1] INFO  server.RaftServerConfigKeys (ConfUtils.java:logGet(44)) - raft.server.log.corruption.policy = EXCEPTION (default)
2021-12-22 01:07:52,698 [pool-97-thread-1] INFO  server.RaftServerConfigKeys (ConfUtils.java:logGet(44)) - raft.server.storage.free-space.min = 0MB (=0) (default)
2021-12-22 01:07:52,698 [pool-97-thread-1] INFO  storage.RaftStorageDirectory (RaftStorageDirectoryImpl.java:analyzeStorage(135)) - The storage directory /home/runner/work/ozone/ozone/hadoop-ozone/integration-test/target/test-dir/MiniOzoneClusterImpl-042c0a5d-b585-40ed-8543-7186e0d9815b/datanode-2/data/ratis/15395fc9-c15c-4a16-adc7-30dfd9eaa064 does not exist. Creating ...
2021-12-22 01:07:52,697 [Listener at 127.0.0.1/45789] INFO  server.GrpcService (GrpcService.java:closeImpl(271)) - a426eecb-3f7b-4bd3-8516-db356bf90be2: shutdown server with port 36549 successfully
2021-12-22 01:07:52,700 [org.apache.ratis.util.JvmPauseMonitor$$Lambda$530/1855807713@753fe5c8] INFO  util.JvmPauseMonitor (JvmPauseMonitor.java:run(109)) - JvmPauseMonitor-a426eecb-3f7b-4bd3-8516-db356bf90be2: Stopped
2021-12-22 01:07:52,701 [pool-97-thread-1] INFO  storage.RaftStorageDirectory (RaftStorageDirectoryImpl.java:tryLock(230)) - Lock on /home/runner/work/ozone/ozone/hadoop-ozone/integration-test/target/test-dir/MiniOzoneClusterImpl-042c0a5d-b585-40ed-8543-7186e0d9815b/datanode-2/data/ratis/15395fc9-c15c-4a16-adc7-30dfd9eaa064/in_use.lock acquired by nodename 19159@fv-az148-641
2021-12-22 01:07:52,703 [pool-97-thread-1] INFO  storage.RaftStorage (RaftStorageImpl.java:format(89)) - Storage directory /home/runner/work/ozone/ozone/hadoop-ozone/integration-test/target/test-dir/MiniOzoneClusterImpl-042c0a5d-b585-40ed-8543-7186e0d9815b/datanode-2/data/ratis/15395fc9-c15c-4a16-adc7-30dfd9eaa064 has been successfully formatted.
2021-12-22 01:07:52,703 [pool-97-thread-1] INFO  ratis.ContainerStateMachine (ContainerStateMachine.java:loadSnapshot(231)) - group-30DFD9EAA064: The snapshot info is null. Setting the last applied indexto:(t:0, i:~)
2021-12-22 01:07:52,703 [pool-97-thread-1] INFO  server.RaftServerConfigKeys (ConfUtils.java:logGet(44)) - raft.server.notification.no-leader.timeout = 300s (custom)
2021-12-22 01:07:52,703 [pool-97-thread-1] INFO  server.RaftServerConfigKeys (ConfUtils.java:logGet(44)) - raft.server.log.use.memory = false (default)
2021-12-22 01:07:52,704 [pool-97-thread-1] INFO  server.RaftServerConfigKeys (ConfUtils.java:logGet(44)) - raft.server.log.purge.gap = 1000000 (custom)
2021-12-22 01:07:52,704 [pool-97-thread-1] INFO  server.RaftServerConfigKeys (ConfUtils.java:logGet(44)) - raft.server.log.appender.buffer.byte-limit = 33554432 (custom)
2021-12-22 01:07:52,704 [pool-97-thread-1] INFO  server.RaftServerConfigKeys (ConfUtils.java:logGet(44)) - raft.server.log.segment.size.max = 1048576 (custom)
2021-12-22 01:07:52,704 [pool-97-thread-1] INFO  server.RaftServerConfigKeys (ConfUtils.java:logGet(44)) - raft.server.log.segment.cache.num.max = 2 (custom)
2021-12-22 01:07:52,704 [pool-97-thread-1] INFO  server.RaftServerConfigKeys (ConfUtils.java:logGet(44)) - raft.server.log.segment.cache.size.max = 200MB (=209715200) (default)
2021-12-22 01:07:52,704 [pool-97-thread-1] INFO  segmented.SegmentedRaftLogWorker (SegmentedRaftLogWorker.java:<init>(182)) - new d1229c05-d9ac-40a7-9199-569f25256273@group-30DFD9EAA064-SegmentedRaftLogWorker for RaftStorageImpl:Storage Directory /home/runner/work/ozone/ozone/hadoop-ozone/integration-test/target/test-dir/MiniOzoneClusterImpl-042c0a5d-b585-40ed-8543-7186e0d9815b/datanode-2/data/ratis/15395fc9-c15c-4a16-adc7-30dfd9eaa064
2021-12-22 01:07:52,704 [pool-97-thread-1] INFO  server.RaftServerConfigKeys (ConfUtils.java:logGet(44)) - raft.server.log.queue.byte-limit = 2147483647 (custom)
2021-12-22 01:07:52,704 [pool-97-thread-1] INFO  server.RaftServerConfigKeys (ConfUtils.java:logGet(44)) - raft.server.log.queue.element-limit = 1024 (custom)
2021-12-22 01:07:52,705 [pool-97-thread-1] INFO  server.RaftServerConfigKeys (ConfUtils.java:logGet(44)) - raft.server.log.segment.size.max = 1048576 (custom)
2021-12-22 01:07:52,705 [pool-97-thread-1] INFO  server.RaftServerConfigKeys (ConfUtils.java:logGet(44)) - raft.server.log.preallocated.size = 16384 (custom)
2021-12-22 01:07:52,705 [pool-97-thread-1] INFO  server.RaftServerConfigKeys (ConfUtils.java:logGet(44)) - raft.server.log.force.sync.num = 128 (default)
2021-12-22 01:07:52,705 [pool-97-thread-1] INFO  server.RaftServerConfigKeys (ConfUtils.java:logGet(44)) - raft.server.log.statemachine.data.sync = true (default)
2021-12-22 01:07:52,705 [pool-97-thread-1] INFO  server.RaftServerConfigKeys (ConfUtils.java:logGet(44)) - raft.server.log.statemachine.data.sync.timeout = 10s (default)
2021-12-22 01:07:52,705 [pool-97-thread-1] INFO  server.RaftServerConfigKeys (ConfUtils.java:logGet(44)) - raft.server.log.statemachine.data.sync.timeout.retry = -1 (default)
2021-12-22 01:07:52,707 [pool-97-thread-1] INFO  server.RaftServerConfigKeys (ConfUtils.java:logGet(44)) - raft.server.log.write.buffer.size = 1048576 (custom)
2021-12-22 01:07:52,707 [pool-97-thread-1] INFO  server.RaftServerConfigKeys (ConfUtils.java:logGet(44)) - raft.server.log.statemachine.data.caching.enabled = true (custom)
2021-12-22 01:07:52,708 [pool-97-thread-1] INFO  segmented.SegmentedRaftLogWorker (SegmentedRaftLogWorker.java:lambda$new$0(133)) - d1229c05-d9ac-40a7-9199-569f25256273@group-30DFD9EAA064-SegmentedRaftLogWorker: flushIndex: setUnconditionally 0 -> -1
2021-12-22 01:07:52,708 [pool-97-thread-1] INFO  segmented.SegmentedRaftLogWorker (SegmentedRaftLogWorker.java:lambda$new$0(133)) - d1229c05-d9ac-40a7-9199-569f25256273@group-30DFD9EAA064-SegmentedRaftLogWorker: safeCacheEvictIndex: setUnconditionally 0 -> -1
2021-12-22 01:07:52,716 [pool-97-thread-1] INFO  server.RaftServerConfigKeys (ConfUtils.java:logGet(44)) - raft.server.snapshot.auto.trigger.enabled = true (custom)
2021-12-22 01:07:52,716 [pool-97-thread-1] INFO  server.RaftServerConfigKeys (ConfUtils.java:logGet(44)) - raft.server.snapshot.auto.trigger.threshold = 10000 (custom)
2021-12-22 01:07:52,716 [pool-97-thread-1] INFO  server.RaftServerConfigKeys (ConfUtils.java:logGet(44)) - raft.server.snapshot.retention.file.num = 5 (custom)
2021-12-22 01:07:52,716 [pool-97-thread-1] INFO  server.RaftServerConfigKeys (ConfUtils.java:logGet(44)) - raft.server.log.purge.upto.snapshot.index = false (default)
2021-12-22 01:07:52,716 [pool-97-thread-1] INFO  server.RaftServerConfigKeys (ConfUtils.java:logGet(44)) - raft.server.retrycache.expirytime = 600000ms (custom)
2021-12-22 01:07:52,716 [pool-97-thread-1] INFO  server.RaftServerConfigKeys (ConfUtils.java:logGet(44)) - raft.server.retrycache.statistics.expirytime = 100μs (default)
2021-12-22 01:07:52,717 [pool-97-thread-1] INFO  server.RaftServer$Division (RaftServerImpl.java:start(301)) - d1229c05-d9ac-40a7-9199-569f25256273@group-30DFD9EAA064: start as a follower, conf=-1: [d1229c05-d9ac-40a7-9199-569f25256273|rpc:10.1.0.16:37951|priority:1, bc31efc5-a10f-49ea-82d4-325dc6674eda|rpc:10.1.0.16:45543|priority:0, a426eecb-3f7b-4bd3-8516-db356bf90be2|rpc:10.1.0.16:36549|priority:0], old=null
2021-12-22 01:07:52,717 [pool-97-thread-1] INFO  server.RaftServer$Division (RaftServerImpl.java:setRole(290)) - d1229c05-d9ac-40a7-9199-569f25256273@group-30DFD9EAA064: changes role from      null to FOLLOWER at term 0 for startAsFollower
2021-12-22 01:07:52,717 [pool-97-thread-1] INFO  impl.RoleInfo (RoleInfo.java:updateAndGet(130)) - d1229c05-d9ac-40a7-9199-569f25256273: start d1229c05-d9ac-40a7-9199-569f25256273@group-30DFD9EAA064-FollowerState
2021-12-22 01:07:52,719 [pool-97-thread-1] INFO  util.JmxRegister (JmxRegister.java:tryRegister(44)) - Successfully registered JMX Bean with object name Ratis:service=RaftServer,group=group-30DFD9EAA064,id=d1229c05-d9ac-40a7-9199-569f25256273
2021-12-22 01:07:52,719 [Command processor thread] INFO  keyvalue.KeyValueContainer (KeyValueContainer.java:flushAndSyncDB(401)) - Container 2 is synced with bcsId 0.
2021-12-22 01:07:52,719 [Command processor thread] INFO  keyvalue.KeyValueContainer (KeyValueContainer.java:flushAndSyncDB(401)) - Container 2 is synced with bcsId 0.
2021-12-22 01:07:52,724 [Command processor thread] INFO  ratis.XceiverServerRatis (XceiverServerRatis.java:addGroup(768)) - Created group PipelineID=15395fc9-c15c-4a16-adc7-30dfd9eaa064
2021-12-22 01:07:52,726 [EventQueue-IncrementalContainerReportForIncrementalContainerReportHandler] INFO  container.IncrementalContainerReportHandler (AbstractContainerReportHandler.java:updateContainerState(216)) - Moving container #2 to QUASI_CLOSED state, datanode bc31efc5-a10f-49ea-82d4-325dc6674eda{ip: 10.1.0.16, host: fv-az148-641.bm4ck3pvxvsene1rjriu5fhcdb.bx.internal.cloudapp.net, ports: [REPLICATION=40841, RATIS=45543, RATIS_ADMIN=45543, RATIS_SERVER=45543, STANDALONE=35889], networkLocation: /default-rack, certSerialId: null, persistedOpState: IN_SERVICE, persistedOpStateExpiryEpochSec: 0} reported QUASI_CLOSED replica.
2021-12-22 01:07:52,724 [Command processor thread] INFO  commandhandler.CloseContainerCommandHandler (CloseContainerCommandHandler.java:handle(108)) - Marking Container 2 quasi closed
2021-12-22 01:07:52,740 [Command processor thread] INFO  server.RaftServer (RaftServerProxy.java:remove(106)) - bc31efc5-a10f-49ea-82d4-325dc6674eda: remove  FOLLOWER bc31efc5-a10f-49ea-82d4-325dc6674eda@group-CF46F811C77B:t1, leader=null, voted=bc31efc5-a10f-49ea-82d4-325dc6674eda, raftlog=bc31efc5-a10f-49ea-82d4-325dc6674eda@group-CF46F811C77B-SegmentedRaftLog:OPENED:c48, conf=0: [bc31efc5-a10f-49ea-82d4-325dc6674eda|rpc:10.1.0.16:45543|dataStream:|priority:1], old=null RUNNING
2021-12-22 01:07:52,740 [Command processor thread] INFO  server.RaftServer$Division (RaftServerImpl.java:lambda$close$4(412)) - bc31efc5-a10f-49ea-82d4-325dc6674eda@group-CF46F811C77B: shutdown
2021-12-22 01:07:52,740 [Command processor thread] INFO  util.JmxRegister (JmxRegister.java:unregister(73)) - Successfully un-registered JMX Bean with object name Ratis:service=RaftServer,group=group-CF46F811C77B,id=bc31efc5-a10f-49ea-82d4-325dc6674eda
2021-12-22 01:07:52,740 [Command processor thread] INFO  impl.RoleInfo (RoleInfo.java:shutdownFollowerState(108)) - bc31efc5-a10f-49ea-82d4-325dc6674eda: shutdown bc31efc5-a10f-49ea-82d4-325dc6674eda@group-CF46F811C77B-FollowerState
2021-12-22 01:07:52,740 [Command processor thread] INFO  impl.StateMachineUpdater (StateMachineUpdater.java:stopAndJoin(149)) - bc31efc5-a10f-49ea-82d4-325dc6674eda@group-CF46F811C77B-StateMachineUpdater: set stopIndex = 48
2021-12-22 01:07:52,740 [bc31efc5-a10f-49ea-82d4-325dc6674eda@group-CF46F811C77B-FollowerState] INFO  impl.FollowerState (FollowerState.java:run(143)) - bc31efc5-a10f-49ea-82d4-325dc6674eda@group-CF46F811C77B-FollowerState was interrupted: {}
java.lang.InterruptedException: sleep interrupted
	at java.lang.Thread.sleep(Native Method)
	at java.lang.Thread.sleep(Thread.java:340)
	at java.util.concurrent.TimeUnit.sleep(TimeUnit.java:386)
	at org.apache.ratis.util.TimeDuration.sleep(TimeDuration.java:324)
	at org.apache.ratis.util.TimeDuration.sleep(TimeDuration.java:309)
	at org.apache.ratis.server.impl.FollowerState.run(FollowerState.java:118)
2021-12-22 01:07:52,750 [grpc-default-executor-4] INFO  server.RaftServer (RaftServerProxy.java:addNew(95)) - bc31efc5-a10f-49ea-82d4-325dc6674eda: addNew group-30DFD9EAA064:[d1229c05-d9ac-40a7-9199-569f25256273|rpc:10.1.0.16:37951|dataStream:|priority:1, bc31efc5-a10f-49ea-82d4-325dc6674eda|rpc:10.1.0.16:45543|dataStream:|priority:0, a426eecb-3f7b-4bd3-8516-db356bf90be2|rpc:10.1.0.16:36549|dataStream:|priority:0] returns group-30DFD9EAA064:java.util.concurrent.CompletableFuture@4a971637[Not completed]
2021-12-22 01:07:52,751 [pool-411-thread-1] INFO  server.RaftServer$Division (RaftServerImpl.java:<init>(184)) - bc31efc5-a10f-49ea-82d4-325dc6674eda: new RaftServerImpl for group-30DFD9EAA064:[d1229c05-d9ac-40a7-9199-569f25256273|rpc:10.1.0.16:37951|dataStream:|priority:1, bc31efc5-a10f-49ea-82d4-325dc6674eda|rpc:10.1.0.16:45543|dataStream:|priority:0, a426eecb-3f7b-4bd3-8516-db356bf90be2|rpc:10.1.0.16:36549|dataStream:|priority:0] with ContainerStateMachine:uninitialized
2021-12-22 01:07:52,740 [Command processor thread] INFO  server.RaftServer$Division (ServerState.java:close(419)) - bc31efc5-a10f-49ea-82d4-325dc6674eda@group-CF46F811C77B: closes. applyIndex: 48
2021-12-22 01:07:52,753 [bc31efc5-a10f-49ea-82d4-325dc6674eda@group-CF46F811C77B-SegmentedRaftLogWorker] INFO  segmented.SegmentedRaftLogWorker (SegmentedRaftLogWorker.java:run(327)) - bc31efc5-a10f-49ea-82d4-325dc6674eda@group-CF46F811C77B-SegmentedRaftLogWorker was interrupted, exiting. There are 0 tasks remaining in the queue.
2021-12-22 01:07:52,753 [Command processor thread] INFO  segmented.SegmentedRaftLogWorker (SegmentedRaftLogWorker.java:close(237)) - bc31efc5-a10f-49ea-82d4-325dc6674eda@group-CF46F811C77B-SegmentedRaftLogWorker close()
2021-12-22 01:07:52,753 [pool-411-thread-1] INFO  server.RaftServerConfigKeys (ConfUtils.java:logGet(44)) - raft.server.rpc.timeout.min = 5s (custom)
2021-12-22 01:07:52,753 [pool-411-thread-1] INFO  server.RaftServerConfigKeys (ConfUtils.java:logGet(44)) - raft.server.rpc.timeout.max = 5200ms (custom)
2021-12-22 01:07:52,753 [pool-411-thread-1] INFO  server.RaftServerConfigKeys (ConfUtils.java:logGet(44)) - raft.server.rpc.sleep.time = 25ms (default)
2021-12-22 01:07:52,753 [pool-411-thread-1] INFO  server.RaftServerConfigKeys (ConfUtils.java:logGet(44)) - raft.server.rpc.slowness.timeout = 300s (custom)
2021-12-22 01:07:52,753 [pool-411-thread-1] INFO  server.RaftServerConfigKeys (ConfUtils.java:logGet(44)) - raft.server.leaderelection.leader.step-down.wait-time = 10s (default)
2021-12-22 01:07:52,753 [pool-411-thread-1] INFO  server.RaftServerConfigKeys (ConfUtils.java:logGet(44)) - raft.server.sleep.deviation.threshold = 300ms (default)
2021-12-22 01:07:52,753 [pool-411-thread-1] INFO  server.RaftServerConfigKeys (ConfUtils.java:logGet(44)) - raft.server.log.appender.install.snapshot.enabled = false (custom)
2021-12-22 01:07:52,753 [pool-411-thread-1] INFO  server.RaftServer$Division (ServerState.java:<init>(105)) - bc31efc5-a10f-49ea-82d4-325dc6674eda@group-30DFD9EAA064: ConfigurationManager, init=-1: [d1229c05-d9ac-40a7-9199-569f25256273|rpc:10.1.0.16:37951|dataStream:|priority:1, bc31efc5-a10f-49ea-82d4-325dc6674eda|rpc:10.1.0.16:45543|dataStream:|priority:0, a426eecb-3f7b-4bd3-8516-db356bf90be2|rpc:10.1.0.16:36549|dataStream:|priority:0], old=null, confs=<EMPTY_MAP>
2021-12-22 01:07:52,753 [pool-411-thread-1] INFO  server.RaftServerConfigKeys (ConfUtils.java:logGet(44)) - raft.server.storage.dir = [/home/runner/work/ozone/ozone/hadoop-ozone/integration-test/target/test-dir/MiniOzoneClusterImpl-042c0a5d-b585-40ed-8543-7186e0d9815b/datanode-0/data/ratis] (custom)
2021-12-22 01:07:52,754 [pool-411-thread-1] INFO  server.RaftServerConfigKeys (ConfUtils.java:logGet(44)) - raft.server.log.corruption.policy = EXCEPTION (default)
2021-12-22 01:07:52,754 [pool-411-thread-1] INFO  server.RaftServerConfigKeys (ConfUtils.java:logGet(44)) - raft.server.storage.free-space.min = 0MB (=0) (default)
2021-12-22 01:07:52,754 [pool-411-thread-1] INFO  storage.RaftStorageDirectory (RaftStorageDirectoryImpl.java:analyzeStorage(135)) - The storage directory /home/runner/work/ozone/ozone/hadoop-ozone/integration-test/target/test-dir/MiniOzoneClusterImpl-042c0a5d-b585-40ed-8543-7186e0d9815b/datanode-0/data/ratis/15395fc9-c15c-4a16-adc7-30dfd9eaa064 does not exist. Creating ...
2021-12-22 01:07:52,756 [pool-411-thread-1] INFO  storage.RaftStorageDirectory (RaftStorageDirectoryImpl.java:tryLock(230)) - Lock on /home/runner/work/ozone/ozone/hadoop-ozone/integration-test/target/test-dir/MiniOzoneClusterImpl-042c0a5d-b585-40ed-8543-7186e0d9815b/datanode-0/data/ratis/15395fc9-c15c-4a16-adc7-30dfd9eaa064/in_use.lock acquired by nodename 19159@fv-az148-641
2021-12-22 01:07:52,759 [pool-411-thread-1] INFO  storage.RaftStorage (RaftStorageImpl.java:format(89)) - Storage directory /home/runner/work/ozone/ozone/hadoop-ozone/integration-test/target/test-dir/MiniOzoneClusterImpl-042c0a5d-b585-40ed-8543-7186e0d9815b/datanode-0/data/ratis/15395fc9-c15c-4a16-adc7-30dfd9eaa064 has been successfully formatted.
2021-12-22 01:07:52,759 [pool-411-thread-1] INFO  ratis.ContainerStateMachine (ContainerStateMachine.java:loadSnapshot(231)) - group-30DFD9EAA064: The snapshot info is null. Setting the last applied indexto:(t:0, i:~)
2021-12-22 01:07:52,759 [pool-411-thread-1] INFO  server.RaftServerConfigKeys (ConfUtils.java:logGet(44)) - raft.server.notification.no-leader.timeout = 300s (custom)
2021-12-22 01:07:52,759 [pool-411-thread-1] INFO  server.RaftServerConfigKeys (ConfUtils.java:logGet(44)) - raft.server.log.use.memory = false (default)
2021-12-22 01:07:52,759 [pool-411-thread-1] INFO  server.RaftServerConfigKeys (ConfUtils.java:logGet(44)) - raft.server.log.purge.gap = 1000000 (custom)
2021-12-22 01:07:52,759 [pool-411-thread-1] INFO  server.RaftServerConfigKeys (ConfUtils.java:logGet(44)) - raft.server.log.appender.buffer.byte-limit = 33554432 (custom)
2021-12-22 01:07:52,760 [pool-411-thread-1] INFO  server.RaftServerConfigKeys (ConfUtils.java:logGet(44)) - raft.server.log.segment.size.max = 1048576 (custom)
2021-12-22 01:07:52,760 [EventQueue-PipelineReportForPipelineReportHandler] INFO  pipeline.PipelineReportHandler (PipelineReportHandler.java:processPipelineReport(113)) - Reported pipeline PipelineID=3cb58a2a-b22a-431d-a37e-76c9e7f23109 is not found
2021-12-22 01:07:52,760 [EventQueue-PipelineReportForPipelineReportHandler] INFO  pipeline.PipelineReportHandler (PipelineReportHandler.java:processPipelineReport(113)) - Reported pipeline PipelineID=5b6aeea7-e9c6-4233-8423-7e8a57294037 is not found
2021-12-22 01:07:52,759 [Command processor thread] INFO  keyvalue.KeyValueContainer (KeyValueContainer.java:flushAndSyncDB(401)) - Container 4 is synced with bcsId 46.
2021-12-22 01:07:52,760 [Command processor thread] INFO  keyvalue.KeyValueContainer (KeyValueContainer.java:flushAndSyncDB(401)) - Container 4 is synced with bcsId 46.
2021-12-22 01:07:52,762 [pool-411-thread-1] INFO  server.RaftServerConfigKeys (ConfUtils.java:logGet(44)) - raft.server.log.segment.cache.num.max = 2 (custom)
2021-12-22 01:07:52,762 [pool-411-thread-1] INFO  server.RaftServerConfigKeys (ConfUtils.java:logGet(44)) - raft.server.log.segment.cache.size.max = 200MB (=209715200) (default)
2021-12-22 01:07:52,762 [pool-411-thread-1] INFO  segmented.SegmentedRaftLogWorker (SegmentedRaftLogWorker.java:<init>(182)) - new bc31efc5-a10f-49ea-82d4-325dc6674eda@group-30DFD9EAA064-SegmentedRaftLogWorker for RaftStorageImpl:Storage Directory /home/runner/work/ozone/ozone/hadoop-ozone/integration-test/target/test-dir/MiniOzoneClusterImpl-042c0a5d-b585-40ed-8543-7186e0d9815b/datanode-0/data/ratis/15395fc9-c15c-4a16-adc7-30dfd9eaa064
2021-12-22 01:07:52,762 [pool-411-thread-1] INFO  server.RaftServerConfigKeys (ConfUtils.java:logGet(44)) - raft.server.log.queue.byte-limit = 2147483647 (custom)
2021-12-22 01:07:52,762 [pool-411-thread-1] INFO  server.RaftServerConfigKeys (ConfUtils.java:logGet(44)) - raft.server.log.queue.element-limit = 1024 (custom)
2021-12-22 01:07:52,762 [pool-411-thread-1] INFO  server.RaftServerConfigKeys (ConfUtils.java:logGet(44)) - raft.server.log.segment.size.max = 1048576 (custom)
2021-12-22 01:07:52,762 [pool-411-thread-1] INFO  server.RaftServerConfigKeys (ConfUtils.java:logGet(44)) - raft.server.log.preallocated.size = 16384 (custom)
2021-12-22 01:07:52,763 [pool-411-thread-1] INFO  server.RaftServerConfigKeys (ConfUtils.java:logGet(44)) - raft.server.log.force.sync.num = 128 (default)
2021-12-22 01:07:52,763 [pool-411-thread-1] INFO  server.RaftServerConfigKeys (ConfUtils.java:logGet(44)) - raft.server.log.statemachine.data.sync = true (default)
2021-12-22 01:07:52,763 [pool-411-thread-1] INFO  server.RaftServerConfigKeys (ConfUtils.java:logGet(44)) - raft.server.log.statemachine.data.sync.timeout = 10s (default)
2021-12-22 01:07:52,763 [pool-411-thread-1] INFO  server.RaftServerConfigKeys (ConfUtils.java:logGet(44)) - raft.server.log.statemachine.data.sync.timeout.retry = -1 (default)
2021-12-22 01:07:52,763 [pool-411-thread-1] INFO  server.RaftServerConfigKeys (ConfUtils.java:logGet(44)) - raft.server.log.write.buffer.size = 1048576 (custom)
2021-12-22 01:07:52,764 [Command processor thread] INFO  server.RaftServer$Division (RaftServerImpl.java:groupRemove(382)) - bc31efc5-a10f-49ea-82d4-325dc6674eda@group-CF46F811C77B: Succeed to remove RaftStorageDirectory Storage Directory /home/runner/work/ozone/ozone/hadoop-ozone/integration-test/target/test-dir/MiniOzoneClusterImpl-042c0a5d-b585-40ed-8543-7186e0d9815b/datanode-0/data/ratis/afdf3549-8a21-40a9-8ce3-cf46f811c77b
2021-12-22 01:07:52,764 [EventQueue-IncrementalContainerReportForIncrementalContainerReportHandler] INFO  container.IncrementalContainerReportHandler (AbstractContainerReportHandler.java:updateContainerState(216)) - Moving container #4 to QUASI_CLOSED state, datanode bc31efc5-a10f-49ea-82d4-325dc6674eda{ip: 10.1.0.16, host: fv-az148-641.bm4ck3pvxvsene1rjriu5fhcdb.bx.internal.cloudapp.net, ports: [REPLICATION=40841, RATIS=45543, RATIS_ADMIN=45543, RATIS_SERVER=45543, STANDALONE=35889], networkLocation: /default-rack, certSerialId: null, persistedOpState: IN_SERVICE, persistedOpStateExpiryEpochSec: 0} reported QUASI_CLOSED replica.
2021-12-22 01:07:52,765 [Command processor thread] INFO  commandhandler.ClosePipelineCommandHandler (ClosePipelineCommandHandler.java:handle(78)) - Close Pipeline PipelineID=afdf3549-8a21-40a9-8ce3-cf46f811c77b command on datanode bc31efc5-a10f-49ea-82d4-325dc6674eda.
2021-12-22 01:07:52,768 [pool-411-thread-1] INFO  server.RaftServerConfigKeys (ConfUtils.java:logGet(44)) - raft.server.log.statemachine.data.caching.enabled = true (custom)
2021-12-22 01:07:52,769 [pool-411-thread-1] INFO  segmented.SegmentedRaftLogWorker (SegmentedRaftLogWorker.java:lambda$new$0(133)) - bc31efc5-a10f-49ea-82d4-325dc6674eda@group-30DFD9EAA064-SegmentedRaftLogWorker: flushIndex: setUnconditionally 0 -> -1
2021-12-22 01:07:52,769 [pool-411-thread-1] INFO  segmented.SegmentedRaftLogWorker (SegmentedRaftLogWorker.java:lambda$new$0(133)) - bc31efc5-a10f-49ea-82d4-325dc6674eda@group-30DFD9EAA064-SegmentedRaftLogWorker: safeCacheEvictIndex: setUnconditionally 0 -> -1
2021-12-22 01:07:52,769 [Command processor thread] INFO  server.RaftServer (RaftServerProxy.java:remove(106)) - bc31efc5-a10f-49ea-82d4-325dc6674eda: remove  FOLLOWER bc31efc5-a10f-49ea-82d4-325dc6674eda@group-76C9E7F23109:t2, leader=d1229c05-d9ac-40a7-9199-569f25256273, voted=d1229c05-d9ac-40a7-9199-569f25256273, raftlog=bc31efc5-a10f-49ea-82d4-325dc6674eda@group-76C9E7F23109-SegmentedRaftLog:OPENED:c489, conf=0: [bc31efc5-a10f-49ea-82d4-325dc6674eda|rpc:10.1.0.16:45543|dataStream:|priority:0, d1229c05-d9ac-40a7-9199-569f25256273|rpc:10.1.0.16:37951|dataStream:|priority:1, a426eecb-3f7b-4bd3-8516-db356bf90be2|rpc:10.1.0.16:36549|dataStream:|priority:0], old=null RUNNING
2021-12-22 01:07:52,769 [Command processor thread] INFO  server.RaftServer$Division (RaftServerImpl.java:lambda$close$4(412)) - bc31efc5-a10f-49ea-82d4-325dc6674eda@group-76C9E7F23109: shutdown
2021-12-22 01:07:52,769 [Command processor thread] INFO  util.JmxRegister (JmxRegister.java:unregister(73)) - Successfully un-registered JMX Bean with object name Ratis:service=RaftServer,group=group-76C9E7F23109,id=bc31efc5-a10f-49ea-82d4-325dc6674eda
2021-12-22 01:07:52,769 [Command processor thread] INFO  impl.RoleInfo (RoleInfo.java:shutdownFollowerState(108)) - bc31efc5-a10f-49ea-82d4-325dc6674eda: shutdown bc31efc5-a10f-49ea-82d4-325dc6674eda@group-76C9E7F23109-FollowerState
2021-12-22 01:07:52,770 [pool-411-thread-1] INFO  server.RaftServerConfigKeys (ConfUtils.java:logGet(44)) - raft.server.snapshot.auto.trigger.enabled = true (custom)
2021-12-22 01:07:52,776 [pool-411-thread-1] INFO  server.RaftServerConfigKeys (ConfUtils.java:logGet(44)) - raft.server.snapshot.auto.trigger.threshold = 10000 (custom)
2021-12-22 01:07:52,770 [Command processor thread] INFO  impl.StateMachineUpdater (StateMachineUpdater.java:stopAndJoin(149)) - bc31efc5-a10f-49ea-82d4-325dc6674eda@group-76C9E7F23109-StateMachineUpdater: set stopIndex = 489
2021-12-22 01:07:52,776 [pool-411-thread-1] INFO  server.RaftServerConfigKeys (ConfUtils.java:logGet(44)) - raft.server.snapshot.retention.file.num = 5 (custom)
2021-12-22 01:07:52,776 [pool-411-thread-1] INFO  server.RaftServerConfigKeys (ConfUtils.java:logGet(44)) - raft.server.log.purge.upto.snapshot.index = false (default)
2021-12-22 01:07:52,776 [pool-411-thread-1] INFO  server.RaftServerConfigKeys (ConfUtils.java:logGet(44)) - raft.server.retrycache.expirytime = 600000ms (custom)
2021-12-22 01:07:52,776 [pool-411-thread-1] INFO  server.RaftServerConfigKeys (ConfUtils.java:logGet(44)) - raft.server.retrycache.statistics.expirytime = 100μs (default)
2021-12-22 01:07:52,777 [pool-411-thread-1] INFO  server.RaftServer$Division (RaftServerImpl.java:start(301)) - bc31efc5-a10f-49ea-82d4-325dc6674eda@group-30DFD9EAA064: start as a follower, conf=-1: [d1229c05-d9ac-40a7-9199-569f25256273|rpc:10.1.0.16:37951|dataStream:|priority:1, bc31efc5-a10f-49ea-82d4-325dc6674eda|rpc:10.1.0.16:45543|dataStream:|priority:0, a426eecb-3f7b-4bd3-8516-db356bf90be2|rpc:10.1.0.16:36549|dataStream:|priority:0], old=null
2021-12-22 01:07:52,777 [pool-411-thread-1] INFO  server.RaftServer$Division (RaftServerImpl.java:setRole(290)) - bc31efc5-a10f-49ea-82d4-325dc6674eda@group-30DFD9EAA064: changes role from      null to FOLLOWER at term 0 for startAsFollower
2021-12-22 01:07:52,777 [Command processor thread] INFO  server.RaftServer$Division (ServerState.java:close(419)) - bc31efc5-a10f-49ea-82d4-325dc6674eda@group-76C9E7F23109: closes. applyIndex: 489
2021-12-22 01:07:52,777 [bc31efc5-a10f-49ea-82d4-325dc6674eda@group-76C9E7F23109-FollowerState] INFO  impl.FollowerState (FollowerState.java:run(143)) - bc31efc5-a10f-49ea-82d4-325dc6674eda@group-76C9E7F23109-FollowerState was interrupted: {}
java.lang.InterruptedException: sleep interrupted
	at java.lang.Thread.sleep(Native Method)
	at java.lang.Thread.sleep(Thread.java:340)
	at java.util.concurrent.TimeUnit.sleep(TimeUnit.java:386)
	at org.apache.ratis.util.TimeDuration.sleep(TimeDuration.java:324)
	at org.apache.ratis.util.TimeDuration.sleep(TimeDuration.java:309)
	at org.apache.ratis.server.impl.FollowerState.run(FollowerState.java:118)
2021-12-22 01:07:52,778 [bc31efc5-a10f-49ea-82d4-325dc6674eda@group-76C9E7F23109-SegmentedRaftLogWorker] INFO  segmented.SegmentedRaftLogWorker (SegmentedRaftLogWorker.java:run(327)) - bc31efc5-a10f-49ea-82d4-325dc6674eda@group-76C9E7F23109-SegmentedRaftLogWorker was interrupted, exiting. There are 0 tasks remaining in the queue.
2021-12-22 01:07:52,778 [Command processor thread] INFO  segmented.SegmentedRaftLogWorker (SegmentedRaftLogWorker.java:close(237)) - bc31efc5-a10f-49ea-82d4-325dc6674eda@group-76C9E7F23109-SegmentedRaftLogWorker close()
2021-12-22 01:07:52,777 [pool-411-thread-1] INFO  impl.RoleInfo (RoleInfo.java:updateAndGet(130)) - bc31efc5-a10f-49ea-82d4-325dc6674eda: start bc31efc5-a10f-49ea-82d4-325dc6674eda@group-30DFD9EAA064-FollowerState
2021-12-22 01:07:52,792 [pool-411-thread-1] INFO  util.JmxRegister (JmxRegister.java:tryRegister(44)) - Successfully registered JMX Bean with object name Ratis:service=RaftServer,group=group-30DFD9EAA064,id=bc31efc5-a10f-49ea-82d4-325dc6674eda
2021-12-22 01:07:52,805 [Command processor thread] INFO  server.RaftServer$Division (RaftServerImpl.java:groupRemove(382)) - bc31efc5-a10f-49ea-82d4-325dc6674eda@group-76C9E7F23109: Succeed to remove RaftStorageDirectory Storage Directory /home/runner/work/ozone/ozone/hadoop-ozone/integration-test/target/test-dir/MiniOzoneClusterImpl-042c0a5d-b585-40ed-8543-7186e0d9815b/datanode-0/data/ratis/3cb58a2a-b22a-431d-a37e-76c9e7f23109
2021-12-22 01:07:52,805 [Command processor thread] INFO  commandhandler.ClosePipelineCommandHandler (ClosePipelineCommandHandler.java:handle(78)) - Close Pipeline PipelineID=3cb58a2a-b22a-431d-a37e-76c9e7f23109 command on datanode bc31efc5-a10f-49ea-82d4-325dc6674eda.
2021-12-22 01:07:52,805 [Command processor thread] INFO  server.RaftServer (RaftServerProxy.java:remove(106)) - bc31efc5-a10f-49ea-82d4-325dc6674eda: remove  FOLLOWER bc31efc5-a10f-49ea-82d4-325dc6674eda@group-7E8A57294037:t2, leader=d1229c05-d9ac-40a7-9199-569f25256273, voted=null, raftlog=bc31efc5-a10f-49ea-82d4-325dc6674eda@group-7E8A57294037-SegmentedRaftLog:OPENED:c454, conf=451: [d1229c05-d9ac-40a7-9199-569f25256273|rpc:10.1.0.16:37951|dataStream:|priority:0, bc31efc5-a10f-49ea-82d4-325dc6674eda|rpc:10.1.0.16:45543|dataStream:|priority:1, a426eecb-3f7b-4bd3-8516-db356bf90be2|rpc:10.1.0.16:36549|dataStream:|priority:0], old=null RUNNING
2021-12-22 01:07:52,805 [Command processor thread] INFO  server.RaftServer$Division (RaftServerImpl.java:lambda$close$4(412)) - bc31efc5-a10f-49ea-82d4-325dc6674eda@group-7E8A57294037: shutdown
2021-12-22 01:07:52,805 [Command processor thread] INFO  util.JmxRegister (JmxRegister.java:unregister(73)) - Successfully un-registered JMX Bean with object name Ratis:service=RaftServer,group=group-7E8A57294037,id=bc31efc5-a10f-49ea-82d4-325dc6674eda
2021-12-22 01:07:52,805 [Command processor thread] INFO  impl.RoleInfo (RoleInfo.java:shutdownFollowerState(108)) - bc31efc5-a10f-49ea-82d4-325dc6674eda: shutdown bc31efc5-a10f-49ea-82d4-325dc6674eda@group-7E8A57294037-FollowerState
2021-12-22 01:07:52,805 [Command processor thread] INFO  impl.StateMachineUpdater (StateMachineUpdater.java:stopAndJoin(149)) - bc31efc5-a10f-49ea-82d4-325dc6674eda@group-7E8A57294037-StateMachineUpdater: set stopIndex = 454
2021-12-22 01:07:52,805 [bc31efc5-a10f-49ea-82d4-325dc6674eda@group-7E8A57294037-FollowerState] INFO  impl.FollowerState (FollowerState.java:run(143)) - bc31efc5-a10f-49ea-82d4-325dc6674eda@group-7E8A57294037-FollowerState was interrupted: {}
java.lang.InterruptedException: sleep interrupted
	at java.lang.Thread.sleep(Native Method)
	at java.lang.Thread.sleep(Thread.java:340)
	at java.util.concurrent.TimeUnit.sleep(TimeUnit.java:386)
	at org.apache.ratis.util.TimeDuration.sleep(TimeDuration.java:324)
	at org.apache.ratis.util.TimeDuration.sleep(TimeDuration.java:309)
	at org.apache.ratis.server.impl.FollowerState.run(FollowerState.java:118)
2021-12-22 01:07:52,806 [bc31efc5-a10f-49ea-82d4-325dc6674eda@group-7E8A57294037-StateMachineUpdater] INFO  ratis.ContainerStateMachine (ContainerStateMachine.java:takeSnapshot(299)) - group-7E8A57294037: Taking a snapshot at:(t:2, i:454) file /home/runner/work/ozone/ozone/hadoop-ozone/integration-test/target/test-dir/MiniOzoneClusterImpl-042c0a5d-b585-40ed-8543-7186e0d9815b/datanode-0/data/ratis/5b6aeea7-e9c6-4233-8423-7e8a57294037/sm/snapshot.2_454
2021-12-22 01:07:52,810 [bc31efc5-a10f-49ea-82d4-325dc6674eda@group-7E8A57294037-StateMachineUpdater] INFO  ratis.ContainerStateMachine (ContainerStateMachine.java:takeSnapshot(310)) - group-7E8A57294037: Finished taking a snapshot at:(t:2, i:454) file:/home/runner/work/ozone/ozone/hadoop-ozone/integration-test/target/test-dir/MiniOzoneClusterImpl-042c0a5d-b585-40ed-8543-7186e0d9815b/datanode-0/data/ratis/5b6aeea7-e9c6-4233-8423-7e8a57294037/sm/snapshot.2_454 took: 4 ms
2021-12-22 01:07:52,810 [bc31efc5-a10f-49ea-82d4-325dc6674eda@group-7E8A57294037-StateMachineUpdater] INFO  impl.StateMachineUpdater (StateMachineUpdater.java:takeSnapshot(281)) - bc31efc5-a10f-49ea-82d4-325dc6674eda@group-7E8A57294037-StateMachineUpdater: Took a snapshot at index 454
2021-12-22 01:07:52,810 [bc31efc5-a10f-49ea-82d4-325dc6674eda@group-7E8A57294037-StateMachineUpdater] INFO  impl.StateMachineUpdater (StateMachineUpdater.java:lambda$new$0(89)) - bc31efc5-a10f-49ea-82d4-325dc6674eda@group-7E8A57294037-StateMachineUpdater: snapshotIndex: updateIncreasingly 450 -> 454
2021-12-22 01:07:52,813 [Command processor thread] INFO  server.RaftServer$Division (ServerState.java:close(419)) - bc31efc5-a10f-49ea-82d4-325dc6674eda@group-7E8A57294037: closes. applyIndex: 454
2021-12-22 01:07:52,813 [bc31efc5-a10f-49ea-82d4-325dc6674eda@group-7E8A57294037-SegmentedRaftLogWorker] INFO  segmented.SegmentedRaftLogWorker (SegmentedRaftLogWorker.java:run(327)) - bc31efc5-a10f-49ea-82d4-325dc6674eda@group-7E8A57294037-SegmentedRaftLogWorker was interrupted, exiting. There are 0 tasks remaining in the queue.
2021-12-22 01:07:52,814 [Command processor thread] INFO  segmented.SegmentedRaftLogWorker (SegmentedRaftLogWorker.java:close(237)) - bc31efc5-a10f-49ea-82d4-325dc6674eda@group-7E8A57294037-SegmentedRaftLogWorker close()
2021-12-22 01:07:52,815 [Command processor thread] INFO  server.RaftServer$Division (RaftServerImpl.java:groupRemove(382)) - bc31efc5-a10f-49ea-82d4-325dc6674eda@group-7E8A57294037: Succeed to remove RaftStorageDirectory Storage Directory /home/runner/work/ozone/ozone/hadoop-ozone/integration-test/target/test-dir/MiniOzoneClusterImpl-042c0a5d-b585-40ed-8543-7186e0d9815b/datanode-0/data/ratis/5b6aeea7-e9c6-4233-8423-7e8a57294037
2021-12-22 01:07:52,815 [Command processor thread] INFO  commandhandler.ClosePipelineCommandHandler (ClosePipelineCommandHandler.java:handle(78)) - Close Pipeline PipelineID=5b6aeea7-e9c6-4233-8423-7e8a57294037 command on datanode bc31efc5-a10f-49ea-82d4-325dc6674eda.
2021-12-22 01:07:52,819 [Command processor thread] WARN  commandhandler.CreatePipelineCommandHandler (CreatePipelineCommandHandler.java:lambda$handle$1(103)) - Add group failed for a426eecb-3f7b-4bd3-8516-db356bf90be2{ip: 10.1.0.16, host: fv-az148-641.bm4ck3pvxvsene1rjriu5fhcdb.bx.internal.cloudapp.net, ports: [REPLICATION=39213, RATIS=36549, RATIS_ADMIN=36549, RATIS_SERVER=36549, STANDALONE=33621], networkLocation: /default-rack, certSerialId: null, persistedOpState: IN_SERVICE, persistedOpStateExpiryEpochSec: 0}
java.io.IOException: org.apache.ratis.thirdparty.io.grpc.StatusRuntimeException: UNAVAILABLE: io exception
	at org.apache.ratis.grpc.GrpcUtil.unwrapException(GrpcUtil.java:92)
	at org.apache.ratis.grpc.client.GrpcClientProtocolClient.blockingCall(GrpcClientProtocolClient.java:218)
	at org.apache.ratis.grpc.client.GrpcClientProtocolClient.groupAdd(GrpcClientProtocolClient.java:179)
	at org.apache.ratis.grpc.client.GrpcClientRpc.sendRequest(GrpcClientRpc.java:96)
	at org.apache.ratis.client.impl.BlockingImpl.sendRequest(BlockingImpl.java:130)
	at org.apache.ratis.client.impl.GroupManagementImpl.add(GroupManagementImpl.java:51)
	at org.apache.hadoop.ozone.container.common.statemachine.commandhandler.CreatePipelineCommandHandler.lambda$handle$1(CreatePipelineCommandHandler.java:99)
	at java.util.stream.ForEachOps$ForEachOp$OfRef.accept(ForEachOps.java:183)
	at java.util.stream.ReferencePipeline$2$1.accept(ReferencePipeline.java:175)
	at java.util.ArrayList$ArrayListSpliterator.forEachRemaining(ArrayList.java:1384)
	at java.util.stream.AbstractPipeline.copyInto(AbstractPipeline.java:482)
	at java.util.stream.AbstractPipeline.wrapAndCopyInto(AbstractPipeline.java:472)
	at java.util.stream.ForEachOps$ForEachOp.evaluateSequential(ForEachOps.java:150)
	at java.util.stream.ForEachOps$ForEachOp$OfRef.evaluateSequential(ForEachOps.java:173)
	at java.util.stream.AbstractPipeline.evaluate(AbstractPipeline.java:234)
	at java.util.stream.ReferencePipeline.forEach(ReferencePipeline.java:485)
	at org.apache.hadoop.ozone.container.common.statemachine.commandhandler.CreatePipelineCommandHandler.handle(CreatePipelineCommandHandler.java:95)
	at org.apache.hadoop.ozone.container.common.statemachine.commandhandler.CommandDispatcher.handle(CommandDispatcher.java:99)
	at org.apache.hadoop.ozone.container.common.statemachine.DatanodeStateMachine.lambda$initCommandHandlerThread$2(DatanodeStateMachine.java:567)
	at java.lang.Thread.run(Thread.java:748)
Caused by: org.apache.ratis.thirdparty.io.grpc.StatusRuntimeException: UNAVAILABLE: io exception
	at org.apache.ratis.thirdparty.io.grpc.stub.ClientCalls.toStatusRuntimeException(ClientCalls.java:262)
	at org.apache.ratis.thirdparty.io.grpc.stub.ClientCalls.getUnchecked(ClientCalls.java:243)
	at org.apache.ratis.thirdparty.io.grpc.stub.ClientCalls.blockingUnaryCall(ClientCalls.java:156)
	at org.apache.ratis.proto.grpc.AdminProtocolServiceGrpc$AdminProtocolServiceBlockingStub.groupManagement(AdminProtocolServiceGrpc.java:413)
	at org.apache.ratis.grpc.client.GrpcClientProtocolClient.lambda$groupAdd$5(GrpcClientProtocolClient.java:181)
	at org.apache.ratis.grpc.client.GrpcClientProtocolClient.blockingCall(GrpcClientProtocolClient.java:216)
	... 18 more
Caused by: org.apache.ratis.thirdparty.io.netty.channel.AbstractChannel$AnnotatedConnectException: finishConnect(..) failed: Connection refused: /10.1.0.16:36549
Caused by: java.net.ConnectException: finishConnect(..) failed: Connection refused
	at org.apache.ratis.thirdparty.io.netty.channel.unix.Errors.newConnectException0(Errors.java:155)
	at org.apache.ratis.thirdparty.io.netty.channel.unix.Errors.handleConnectErrno(Errors.java:128)
	at org.apache.ratis.thirdparty.io.netty.channel.unix.Socket.finishConnect(Socket.java:278)
	at org.apache.ratis.thirdparty.io.netty.channel.epoll.AbstractEpollChannel$AbstractEpollUnsafe.doFinishConnect(AbstractEpollChannel.java:710)
	at org.apache.ratis.thirdparty.io.netty.channel.epoll.AbstractEpollChannel$AbstractEpollUnsafe.finishConnect(AbstractEpollChannel.java:687)
	at org.apache.ratis.thirdparty.io.netty.channel.epoll.AbstractEpollChannel$AbstractEpollUnsafe.epollOutReady(AbstractEpollChannel.java:567)
	at org.apache.ratis.thirdparty.io.netty.channel.epoll.EpollEventLoop.processReady(EpollEventLoop.java:470)
	at org.apache.ratis.thirdparty.io.netty.channel.epoll.EpollEventLoop.run(EpollEventLoop.java:378)
	at org.apache.ratis.thirdparty.io.netty.util.concurrent.SingleThreadEventExecutor$4.run(SingleThreadEventExecutor.java:989)
	at org.apache.ratis.thirdparty.io.netty.util.internal.ThreadExecutorMap$2.run(ThreadExecutorMap.java:74)
	at org.apache.ratis.thirdparty.io.netty.util.concurrent.FastThreadLocalRunnable.run(FastThreadLocalRunnable.java:30)
	at java.lang.Thread.run(Thread.java:748)
2021-12-22 01:07:52,819 [Command processor thread] INFO  commandhandler.CreatePipelineCommandHandler (CreatePipelineCommandHandler.java:handle(106)) - Created Pipeline RATIS THREE PipelineID=15395fc9-c15c-4a16-adc7-30dfd9eaa064.
2021-12-22 01:07:53,420 [IPC Server handler 14 on default port 43391] INFO  ha.SequenceIdGenerator (SequenceIdGenerator.java:getNextId(127)) - Allocate a batch for delTxnId, change lastId from 0 to 1000.
2021-12-22 01:07:54,725 [Listener at 127.0.0.1/45789] INFO  utils.BackgroundService (BackgroundService.java:shutdown(132)) - Shutting down service BlockDeletingService
2021-12-22 01:07:57,522 [EventQueue-StaleNodeForStaleNodeHandler] INFO  node.StaleNodeHandler (StaleNodeHandler.java:onMessage(58)) - Datanode a426eecb-3f7b-4bd3-8516-db356bf90be2{ip: 10.1.0.16, host: fv-az148-641.bm4ck3pvxvsene1rjriu5fhcdb.bx.internal.cloudapp.net, ports: [REPLICATION=39213, RATIS=36549, RATIS_ADMIN=36549, RATIS_SERVER=36549, STANDALONE=33621], networkLocation: /default-rack, certSerialId: null, persistedOpState: IN_SERVICE, persistedOpStateExpiryEpochSec: 0} moved to stale state. Finalizing its pipelines [PipelineID=8edec5f9-fc9d-4b56-88d0-3e424bc0e779, PipelineID=15395fc9-c15c-4a16-adc7-30dfd9eaa064]
2021-12-22 01:07:57,523 [EventQueue-StaleNodeForStaleNodeHandler] INFO  pipeline.PipelineManagerImpl (PipelineManagerImpl.java:closePipeline(365)) - Pipeline Pipeline[ Id: 8edec5f9-fc9d-4b56-88d0-3e424bc0e779, Nodes: bc31efc5-a10f-49ea-82d4-325dc6674eda{ip: 10.1.0.16, host: fv-az148-641.bm4ck3pvxvsene1rjriu5fhcdb.bx.internal.cloudapp.net, ports: [REPLICATION=40841, RATIS=45543, RATIS_ADMIN=45543, RATIS_SERVER=45543, STANDALONE=35889], networkLocation: /default-rack, certSerialId: null, persistedOpState: IN_SERVICE, persistedOpStateExpiryEpochSec: 0}d1229c05-d9ac-40a7-9199-569f25256273{ip: 10.1.0.16, host: fv-az148-641.bm4ck3pvxvsene1rjriu5fhcdb.bx.internal.cloudapp.net, ports: [REPLICATION=37959, RATIS=37951, RATIS_ADMIN=37951, RATIS_SERVER=37951, STANDALONE=41819], networkLocation: /default-rack, certSerialId: null, persistedOpState: IN_SERVICE, persistedOpStateExpiryEpochSec: 0}a426eecb-3f7b-4bd3-8516-db356bf90be2{ip: 10.1.0.16, host: fv-az148-641.bm4ck3pvxvsene1rjriu5fhcdb.bx.internal.cloudapp.net, ports: [REPLICATION=39213, RATIS=36549, RATIS_ADMIN=36549, RATIS_SERVER=36549, STANDALONE=33621], networkLocation: /default-rack, certSerialId: null, persistedOpState: IN_SERVICE, persistedOpStateExpiryEpochSec: 0}, ReplicationConfig: RATIS/THREE, State:ALLOCATED, leaderId:, CreationTimestamp2021-12-22T01:07:51.202Z[Etc/UTC]] moved to CLOSED state
2021-12-22 01:07:57,523 [EventQueue-StaleNodeForStaleNodeHandler] INFO  pipeline.PipelineManagerImpl (PipelineManagerImpl.java:closePipeline(365)) - Pipeline Pipeline[ Id: 15395fc9-c15c-4a16-adc7-30dfd9eaa064, Nodes: d1229c05-d9ac-40a7-9199-569f25256273{ip: 10.1.0.16, host: fv-az148-641.bm4ck3pvxvsene1rjriu5fhcdb.bx.internal.cloudapp.net, ports: [REPLICATION=37959, RATIS=37951, RATIS_ADMIN=37951, RATIS_SERVER=37951, STANDALONE=41819], networkLocation: /default-rack, certSerialId: null, persistedOpState: IN_SERVICE, persistedOpStateExpiryEpochSec: 0}bc31efc5-a10f-49ea-82d4-325dc6674eda{ip: 10.1.0.16, host: fv-az148-641.bm4ck3pvxvsene1rjriu5fhcdb.bx.internal.cloudapp.net, ports: [REPLICATION=40841, RATIS=45543, RATIS_ADMIN=45543, RATIS_SERVER=45543, STANDALONE=35889], networkLocation: /default-rack, certSerialId: null, persistedOpState: IN_SERVICE, persistedOpStateExpiryEpochSec: 0}a426eecb-3f7b-4bd3-8516-db356bf90be2{ip: 10.1.0.16, host: fv-az148-641.bm4ck3pvxvsene1rjriu5fhcdb.bx.internal.cloudapp.net, ports: [REPLICATION=39213, RATIS=36549, RATIS_ADMIN=36549, RATIS_SERVER=36549, STANDALONE=33621], networkLocation: /default-rack, certSerialId: null, persistedOpState: IN_SERVICE, persistedOpStateExpiryEpochSec: 0}, ReplicationConfig: RATIS/THREE, State:ALLOCATED, leaderId:, CreationTimestamp2021-12-22T01:07:51.204Z[Etc/UTC]] moved to CLOSED state
2021-12-22 01:07:57,727 [Listener at 127.0.0.1/45789] INFO  statemachine.DatanodeStateMachine (DatanodeStateMachine.java:stopDaemon(526)) - Ozone container server stopped.
2021-12-22 01:07:57,728 [Listener at 127.0.0.1/45789] INFO  handler.ContextHandler (ContextHandler.java:doStop(1153)) - Stopped o.e.j.w.WebAppContext@f571c0d{hddsDatanode,/,null,STOPPED}{jar:file:/home/runner/.m2/repository/org/apache/ozone/hdds-container-service/1.3.0-SNAPSHOT/hdds-container-service-1.3.0-SNAPSHOT.jar!/webapps/hddsDatanode}
2021-12-22 01:07:57,730 [Listener at 127.0.0.1/45789] INFO  server.AbstractConnector (AbstractConnector.java:doStop(381)) - Stopped ServerConnector@61a4a71c{HTTP/1.1, (http/1.1)}{0.0.0.0:0}
2021-12-22 01:07:57,730 [Listener at 127.0.0.1/45789] INFO  server.session (HouseKeeper.java:stopScavenging(149)) - node0 Stopped scavenging
2021-12-22 01:07:57,730 [Listener at 127.0.0.1/45789] INFO  handler.ContextHandler (ContextHandler.java:doStop(1153)) - Stopped o.e.j.s.ServletContextHandler@37cb41fa{static,/static,jar:file:/home/runner/.m2/repository/org/apache/ozone/hdds-container-service/1.3.0-SNAPSHOT/hdds-container-service-1.3.0-SNAPSHOT.jar!/webapps/static,STOPPED}
2021-12-22 01:07:57,730 [Listener at 127.0.0.1/45789] INFO  handler.ContextHandler (ContextHandler.java:doStop(1153)) - Stopped o.e.j.s.ServletContextHandler@694b818f{logs,/logs,file:///home/runner/work/ozone/ozone/hadoop-ozone/integration-test/target/log,STOPPED}
2021-12-22 01:07:57,733 [Listener at 127.0.0.1/45789] WARN  impl.MetricRegistriesImpl (MetricRegistriesImpl.java:addReporterRegistration(111)) - New reporters are added after registries were created. Some metrics will be missing from the reporter. Please add reporter before adding any new registry.
2021-12-22 01:07:57,734 [Listener at 127.0.0.1/45789] WARN  impl.MetricRegistriesImpl (MetricRegistriesImpl.java:addReporterRegistration(111)) - New reporters are added after registries were created. Some metrics will be missing from the reporter. Please add reporter before adding any new registry.
2021-12-22 01:07:57,734 [Listener at 127.0.0.1/45789] INFO  impl.MetricsSystemImpl (MetricsSystemImpl.java:init(158)) - HddsDatanode metrics system started (again)
2021-12-22 01:07:57,755 [d1229c05-d9ac-40a7-9199-569f25256273@group-3E424BC0E779-FollowerState] INFO  impl.FollowerState (FollowerState.java:run(134)) - d1229c05-d9ac-40a7-9199-569f25256273@group-3E424BC0E779-FollowerState: change to CANDIDATE, lastRpcElapsedTime:5170521658ns, electionTimeout:5167ms
2021-12-22 01:07:57,755 [d1229c05-d9ac-40a7-9199-569f25256273@group-3E424BC0E779-FollowerState] INFO  impl.RoleInfo (RoleInfo.java:shutdownFollowerState(108)) - d1229c05-d9ac-40a7-9199-569f25256273: shutdown d1229c05-d9ac-40a7-9199-569f25256273@group-3E424BC0E779-FollowerState
2021-12-22 01:07:57,755 [d1229c05-d9ac-40a7-9199-569f25256273@group-3E424BC0E779-FollowerState] INFO  server.RaftServer$Division (RaftServerImpl.java:setRole(290)) - d1229c05-d9ac-40a7-9199-569f25256273@group-3E424BC0E779: changes role from  FOLLOWER to CANDIDATE at term 0 for changeToCandidate
2021-12-22 01:07:57,755 [d1229c05-d9ac-40a7-9199-569f25256273@group-3E424BC0E779-FollowerState] INFO  server.RaftServerConfigKeys (ConfUtils.java:logGet(44)) - raft.server.leaderelection.pre-vote = false (custom)
2021-12-22 01:07:57,755 [d1229c05-d9ac-40a7-9199-569f25256273@group-3E424BC0E779-FollowerState] INFO  impl.RoleInfo (RoleInfo.java:updateAndGet(130)) - d1229c05-d9ac-40a7-9199-569f25256273: start d1229c05-d9ac-40a7-9199-569f25256273@group-3E424BC0E779-LeaderElection7
2021-12-22 01:07:57,769 [d1229c05-d9ac-40a7-9199-569f25256273@group-3E424BC0E779-LeaderElection7] INFO  impl.LeaderElection (LeaderElection.java:askForVotes(306)) - d1229c05-d9ac-40a7-9199-569f25256273@group-3E424BC0E779-LeaderElection7 ELECTION round 0: submit vote requests at term 1 for -1: [bc31efc5-a10f-49ea-82d4-325dc6674eda|rpc:10.1.0.16:45543|priority:1, d1229c05-d9ac-40a7-9199-569f25256273|rpc:10.1.0.16:37951|priority:0, a426eecb-3f7b-4bd3-8516-db356bf90be2|rpc:10.1.0.16:36549|priority:0], old=null
2021-12-22 01:07:57,770 [Listener at 127.0.0.1/45789] INFO  ozone.HddsDatanodeService (HddsDatanodeService.java:start(234)) - HddsDatanodeService host:fv-az148-641.bm4ck3pvxvsene1rjriu5fhcdb.bx.internal.cloudapp.net ip:10.1.0.16
2021-12-22 01:07:57,789 [grpc-default-executor-4] INFO  server.RaftServer$Division (RaftServerImpl.java:requestVote(1046)) - bc31efc5-a10f-49ea-82d4-325dc6674eda@group-3E424BC0E779: receive requestVote(ELECTION, d1229c05-d9ac-40a7-9199-569f25256273, group-3E424BC0E779, 1, (t:0, i:0))
2021-12-22 01:07:57,789 [grpc-default-executor-4] INFO  impl.VoteContext (VoteContext.java:log(48)) - bc31efc5-a10f-49ea-82d4-325dc6674eda@group-3E424BC0E779-FOLLOWER: reject ELECTION from d1229c05-d9ac-40a7-9199-569f25256273: our priority 1 > candidate's priority 0
2021-12-22 01:07:57,789 [grpc-default-executor-4] INFO  server.RaftServer$Division (RaftServerImpl.java:setRole(290)) - bc31efc5-a10f-49ea-82d4-325dc6674eda@group-3E424BC0E779: changes role from  FOLLOWER to FOLLOWER at term 1 for candidate:d1229c05-d9ac-40a7-9199-569f25256273
2021-12-22 01:07:57,789 [grpc-default-executor-4] INFO  impl.RoleInfo (RoleInfo.java:shutdownFollowerState(108)) - bc31efc5-a10f-49ea-82d4-325dc6674eda: shutdown bc31efc5-a10f-49ea-82d4-325dc6674eda@group-3E424BC0E779-FollowerState
2021-12-22 01:07:57,792 [bc31efc5-a10f-49ea-82d4-325dc6674eda@group-3E424BC0E779-FollowerState] INFO  impl.FollowerState (FollowerState.java:run(143)) - bc31efc5-a10f-49ea-82d4-325dc6674eda@group-3E424BC0E779-FollowerState was interrupted: {}
java.lang.InterruptedException: sleep interrupted
	at java.lang.Thread.sleep(Native Method)
	at java.lang.Thread.sleep(Thread.java:340)
	at java.util.concurrent.TimeUnit.sleep(TimeUnit.java:386)
	at org.apache.ratis.util.TimeDuration.sleep(TimeDuration.java:324)
	at org.apache.ratis.util.TimeDuration.sleep(TimeDuration.java:309)
	at org.apache.ratis.server.impl.FollowerState.run(FollowerState.java:118)
2021-12-22 01:07:57,792 [grpc-default-executor-4] INFO  impl.RoleInfo (RoleInfo.java:updateAndGet(130)) - bc31efc5-a10f-49ea-82d4-325dc6674eda: start bc31efc5-a10f-49ea-82d4-325dc6674eda@group-3E424BC0E779-FollowerState
2021-12-22 01:07:57,812 [Listener at 127.0.0.1/45789] INFO  upgrade.AbstractLayoutVersionManager (AbstractLayoutVersionManager.java:init(79)) - Initializing Layout version manager with metadata layout = SCM_HA (version = 2), software layout = SCM_HA (version = 2)
2021-12-22 01:07:57,813 [grpc-default-executor-4] INFO  server.RaftServer$Division (RaftServerImpl.java:requestVote(1078)) - bc31efc5-a10f-49ea-82d4-325dc6674eda@group-3E424BC0E779 replies to ELECTION vote request: d1229c05-d9ac-40a7-9199-569f25256273<-bc31efc5-a10f-49ea-82d4-325dc6674eda#0:FAIL-t1. Peer's state: bc31efc5-a10f-49ea-82d4-325dc6674eda@group-3E424BC0E779:t1, leader=null, voted=null, raftlog=bc31efc5-a10f-49ea-82d4-325dc6674eda@group-3E424BC0E779-SegmentedRaftLog:OPENED:c-1, conf=-1: [bc31efc5-a10f-49ea-82d4-325dc6674eda|rpc:10.1.0.16:45543|dataStream:|priority:1, d1229c05-d9ac-40a7-9199-569f25256273|rpc:10.1.0.16:37951|dataStream:|priority:0, a426eecb-3f7b-4bd3-8516-db356bf90be2|rpc:10.1.0.16:36549|dataStream:|priority:0], old=null
2021-12-22 01:07:57,814 [d1229c05-d9ac-40a7-9199-569f25256273@group-3E424BC0E779-LeaderElection7] INFO  impl.LeaderElection (LeaderElection.java:logAndReturn(89)) - d1229c05-d9ac-40a7-9199-569f25256273@group-3E424BC0E779-LeaderElection7: ELECTION REJECTED received 1 response(s) and 0 exception(s):
2021-12-22 01:07:57,814 [d1229c05-d9ac-40a7-9199-569f25256273@group-3E424BC0E779-LeaderElection7] INFO  impl.LeaderElection (LeaderElection.java:logAndReturn(93)) -   Response 0: d1229c05-d9ac-40a7-9199-569f25256273<-bc31efc5-a10f-49ea-82d4-325dc6674eda#0:FAIL-t1
2021-12-22 01:07:57,814 [d1229c05-d9ac-40a7-9199-569f25256273@group-3E424BC0E779-LeaderElection7] INFO  impl.LeaderElection (LeaderElection.java:askForVotes(308)) - d1229c05-d9ac-40a7-9199-569f25256273@group-3E424BC0E779-LeaderElection7 ELECTION round 0: result REJECTED
2021-12-22 01:07:57,814 [d1229c05-d9ac-40a7-9199-569f25256273@group-3E424BC0E779-LeaderElection7] INFO  server.RaftServer$Division (RaftServerImpl.java:setRole(290)) - d1229c05-d9ac-40a7-9199-569f25256273@group-3E424BC0E779: changes role from CANDIDATE to FOLLOWER at term 1 for REJECTED
2021-12-22 01:07:57,814 [d1229c05-d9ac-40a7-9199-569f25256273@group-3E424BC0E779-LeaderElection7] INFO  impl.RoleInfo (RoleInfo.java:shutdownLeaderElection(121)) - d1229c05-d9ac-40a7-9199-569f25256273: shutdown d1229c05-d9ac-40a7-9199-569f25256273@group-3E424BC0E779-LeaderElection7
2021-12-22 01:07:57,814 [d1229c05-d9ac-40a7-9199-569f25256273@group-3E424BC0E779-LeaderElection7] INFO  impl.RoleInfo (RoleInfo.java:updateAndGet(130)) - d1229c05-d9ac-40a7-9199-569f25256273: start d1229c05-d9ac-40a7-9199-569f25256273@group-3E424BC0E779-FollowerState
2021-12-22 01:07:57,845 [d1229c05-d9ac-40a7-9199-569f25256273@group-30DFD9EAA064-FollowerState] INFO  impl.FollowerState (FollowerState.java:run(134)) - d1229c05-d9ac-40a7-9199-569f25256273@group-30DFD9EAA064-FollowerState: change to CANDIDATE, lastRpcElapsedTime:5128296654ns, electionTimeout:5126ms
2021-12-22 01:07:57,845 [d1229c05-d9ac-40a7-9199-569f25256273@group-30DFD9EAA064-FollowerState] INFO  impl.RoleInfo (RoleInfo.java:shutdownFollowerState(108)) - d1229c05-d9ac-40a7-9199-569f25256273: shutdown d1229c05-d9ac-40a7-9199-569f25256273@group-30DFD9EAA064-FollowerState
2021-12-22 01:07:57,846 [d1229c05-d9ac-40a7-9199-569f25256273@group-30DFD9EAA064-FollowerState] INFO  server.RaftServer$Division (RaftServerImpl.java:setRole(290)) - d1229c05-d9ac-40a7-9199-569f25256273@group-30DFD9EAA064: changes role from  FOLLOWER to CANDIDATE at term 0 for changeToCandidate
2021-12-22 01:07:57,846 [d1229c05-d9ac-40a7-9199-569f25256273@group-30DFD9EAA064-FollowerState] INFO  server.RaftServerConfigKeys (ConfUtils.java:logGet(44)) - raft.server.leaderelection.pre-vote = false (custom)
2021-12-22 01:07:57,846 [d1229c05-d9ac-40a7-9199-569f25256273@group-30DFD9EAA064-FollowerState] INFO  impl.RoleInfo (RoleInfo.java:updateAndGet(130)) - d1229c05-d9ac-40a7-9199-569f25256273: start d1229c05-d9ac-40a7-9199-569f25256273@group-30DFD9EAA064-LeaderElection8
2021-12-22 01:07:57,861 [d1229c05-d9ac-40a7-9199-569f25256273@group-30DFD9EAA064-LeaderElection8] INFO  impl.LeaderElection (LeaderElection.java:askForVotes(306)) - d1229c05-d9ac-40a7-9199-569f25256273@group-30DFD9EAA064-LeaderElection8 ELECTION round 0: submit vote requests at term 1 for -1: [d1229c05-d9ac-40a7-9199-569f25256273|rpc:10.1.0.16:37951|priority:1, bc31efc5-a10f-49ea-82d4-325dc6674eda|rpc:10.1.0.16:45543|priority:0, a426eecb-3f7b-4bd3-8516-db356bf90be2|rpc:10.1.0.16:36549|priority:0], old=null
2021-12-22 01:07:57,867 [grpc-default-executor-4] INFO  server.RaftServer$Division (RaftServerImpl.java:requestVote(1046)) - bc31efc5-a10f-49ea-82d4-325dc6674eda@group-30DFD9EAA064: receive requestVote(ELECTION, d1229c05-d9ac-40a7-9199-569f25256273, group-30DFD9EAA064, 1, (t:0, i:0))
2021-12-22 01:07:57,867 [grpc-default-executor-4] INFO  impl.VoteContext (VoteContext.java:log(48)) - bc31efc5-a10f-49ea-82d4-325dc6674eda@group-30DFD9EAA064-FOLLOWER: accept ELECTION from d1229c05-d9ac-40a7-9199-569f25256273: our priority 0 <= candidate's priority 1
2021-12-22 01:07:57,867 [grpc-default-executor-4] INFO  server.RaftServer$Division (RaftServerImpl.java:setRole(290)) - bc31efc5-a10f-49ea-82d4-325dc6674eda@group-30DFD9EAA064: changes role from  FOLLOWER to FOLLOWER at term 1 for candidate:d1229c05-d9ac-40a7-9199-569f25256273
2021-12-22 01:07:57,867 [grpc-default-executor-4] INFO  impl.RoleInfo (RoleInfo.java:shutdownFollowerState(108)) - bc31efc5-a10f-49ea-82d4-325dc6674eda: shutdown bc31efc5-a10f-49ea-82d4-325dc6674eda@group-30DFD9EAA064-FollowerState
2021-12-22 01:07:57,876 [grpc-default-executor-4] INFO  impl.RoleInfo (RoleInfo.java:updateAndGet(130)) - bc31efc5-a10f-49ea-82d4-325dc6674eda: start bc31efc5-a10f-49ea-82d4-325dc6674eda@group-30DFD9EAA064-FollowerState
2021-12-22 01:07:57,880 [d1229c05-d9ac-40a7-9199-569f25256273@group-30DFD9EAA064-LeaderElection8] INFO  impl.LeaderElection (LogUtils.java:infoOrTrace(137)) - d1229c05-d9ac-40a7-9199-569f25256273@group-30DFD9EAA064-LeaderElection8 got exception when requesting votes: java.util.concurrent.ExecutionException: org.apache.ratis.thirdparty.io.grpc.StatusRuntimeException: UNAVAILABLE: io exception
2021-12-22 01:07:57,881 [grpc-default-executor-4] INFO  server.RaftServer$Division (RaftServerImpl.java:requestVote(1078)) - bc31efc5-a10f-49ea-82d4-325dc6674eda@group-30DFD9EAA064 replies to ELECTION vote request: d1229c05-d9ac-40a7-9199-569f25256273<-bc31efc5-a10f-49ea-82d4-325dc6674eda#0:OK-t1. Peer's state: bc31efc5-a10f-49ea-82d4-325dc6674eda@group-30DFD9EAA064:t1, leader=null, voted=d1229c05-d9ac-40a7-9199-569f25256273, raftlog=bc31efc5-a10f-49ea-82d4-325dc6674eda@group-30DFD9EAA064-SegmentedRaftLog:OPENED:c-1, conf=-1: [d1229c05-d9ac-40a7-9199-569f25256273|rpc:10.1.0.16:37951|dataStream:|priority:1, bc31efc5-a10f-49ea-82d4-325dc6674eda|rpc:10.1.0.16:45543|dataStream:|priority:0, a426eecb-3f7b-4bd3-8516-db356bf90be2|rpc:10.1.0.16:36549|dataStream:|priority:0], old=null
2021-12-22 01:07:57,882 [d1229c05-d9ac-40a7-9199-569f25256273@group-30DFD9EAA064-LeaderElection8] INFO  impl.LeaderElection (LeaderElection.java:logAndReturn(89)) - d1229c05-d9ac-40a7-9199-569f25256273@group-30DFD9EAA064-LeaderElection8: ELECTION PASSED received 1 response(s) and 1 exception(s):
2021-12-22 01:07:57,882 [d1229c05-d9ac-40a7-9199-569f25256273@group-30DFD9EAA064-LeaderElection8] INFO  impl.LeaderElection (LeaderElection.java:logAndReturn(93)) -   Response 0: d1229c05-d9ac-40a7-9199-569f25256273<-bc31efc5-a10f-49ea-82d4-325dc6674eda#0:OK-t1
2021-12-22 01:07:57,882 [d1229c05-d9ac-40a7-9199-569f25256273@group-30DFD9EAA064-LeaderElection8] INFO  impl.LeaderElection (LogUtils.java:infoOrTrace(137)) -   Exception 1: java.util.concurrent.ExecutionException: org.apache.ratis.thirdparty.io.grpc.StatusRuntimeException: UNAVAILABLE: io exception
2021-12-22 01:07:57,882 [d1229c05-d9ac-40a7-9199-569f25256273@group-30DFD9EAA064-LeaderElection8] INFO  impl.LeaderElection (LeaderElection.java:askForVotes(308)) - d1229c05-d9ac-40a7-9199-569f25256273@group-30DFD9EAA064-LeaderElection8 ELECTION round 0: result PASSED
2021-12-22 01:07:57,882 [d1229c05-d9ac-40a7-9199-569f25256273@group-30DFD9EAA064-LeaderElection8] INFO  impl.RoleInfo (RoleInfo.java:shutdownLeaderElection(121)) - d1229c05-d9ac-40a7-9199-569f25256273: shutdown d1229c05-d9ac-40a7-9199-569f25256273@group-30DFD9EAA064-LeaderElection8
2021-12-22 01:07:57,882 [d1229c05-d9ac-40a7-9199-569f25256273@group-30DFD9EAA064-LeaderElection8] INFO  server.RaftServer$Division (RaftServerImpl.java:setRole(290)) - d1229c05-d9ac-40a7-9199-569f25256273@group-30DFD9EAA064: changes role from CANDIDATE to LEADER at term 1 for changeToLeader
2021-12-22 01:07:57,882 [d1229c05-d9ac-40a7-9199-569f25256273@group-30DFD9EAA064-LeaderElection8] INFO  ratis.XceiverServerRatis (XceiverServerRatis.java:handleLeaderChangedNotification(866)) - Leader change notification received for group: group-30DFD9EAA064 with new leaderId: d1229c05-d9ac-40a7-9199-569f25256273
2021-12-22 01:07:57,882 [d1229c05-d9ac-40a7-9199-569f25256273@group-30DFD9EAA064-LeaderElection8] INFO  server.RaftServer$Division (ServerState.java:setLeader(285)) - d1229c05-d9ac-40a7-9199-569f25256273@group-30DFD9EAA064: change Leader from null to d1229c05-d9ac-40a7-9199-569f25256273 at term 1 for becomeLeader, leader elected after 5178ms
2021-12-22 01:07:57,882 [d1229c05-d9ac-40a7-9199-569f25256273@group-30DFD9EAA064-LeaderElection8] INFO  server.RaftServerConfigKeys (ConfUtils.java:logGet(44)) - raft.server.staging.catchup.gap = 1000 (default)
2021-12-22 01:07:57,883 [d1229c05-d9ac-40a7-9199-569f25256273@group-30DFD9EAA064-LeaderElection8] INFO  server.RaftServerConfigKeys (ConfUtils.java:logGet(44)) - raft.server.write.element-limit = 1024 (custom)
2021-12-22 01:07:57,883 [d1229c05-d9ac-40a7-9199-569f25256273@group-30DFD9EAA064-LeaderElection8] INFO  server.RaftServerConfigKeys (ConfUtils.java:logGet(44)) - raft.server.write.byte-limit = 1024 M (=1073741824) (custom)
2021-12-22 01:07:57,883 [d1229c05-d9ac-40a7-9199-569f25256273@group-30DFD9EAA064-LeaderElection8] INFO  server.RaftServerConfigKeys (ConfUtils.java:logGet(44)) - raft.server.watch.timeout = 180s (custom)
2021-12-22 01:07:57,883 [d1229c05-d9ac-40a7-9199-569f25256273@group-30DFD9EAA064-LeaderElection8] INFO  server.RaftServerConfigKeys (ConfUtils.java:logGet(44)) - raft.server.watch.timeout.denomination = 1s (default)
2021-12-22 01:07:57,883 [d1229c05-d9ac-40a7-9199-569f25256273@group-30DFD9EAA064-LeaderElection8] INFO  server.RaftServerConfigKeys (ConfUtils.java:logGet(44)) - raft.server.watch.element-limit = 65536 (default)
2021-12-22 01:07:57,883 [d1229c05-d9ac-40a7-9199-569f25256273@group-30DFD9EAA064-LeaderElection8] INFO  server.RaftServerConfigKeys (ConfUtils.java:logGet(44)) - raft.server.write.element-limit = 1024 (custom)
2021-12-22 01:07:57,883 [d1229c05-d9ac-40a7-9199-569f25256273@group-30DFD9EAA064-LeaderElection8] INFO  server.RaftServerConfigKeys (ConfUtils.java:logGet(44)) - raft.server.write.follower.gap.ratio.max = -1.0 (default)
2021-12-22 01:07:57,883 [d1229c05-d9ac-40a7-9199-569f25256273@group-30DFD9EAA064-LeaderElection8] INFO  server.RaftServerConfigKeys (ConfUtils.java:logGet(44)) - raft.server.log.appender.snapshot.chunk.size.max = 16MB (=16777216) (default)
2021-12-22 01:07:57,883 [d1229c05-d9ac-40a7-9199-569f25256273@group-30DFD9EAA064-LeaderElection8] INFO  server.RaftServerConfigKeys (ConfUtils.java:logGet(44)) - raft.server.log.appender.buffer.byte-limit = 33554432 (custom)
2021-12-22 01:07:57,883 [d1229c05-d9ac-40a7-9199-569f25256273@group-30DFD9EAA064-LeaderElection8] INFO  server.RaftServerConfigKeys (ConfUtils.java:logGet(44)) - raft.server.log.appender.buffer.element-limit = 1 (custom)
2021-12-22 01:07:57,883 [d1229c05-d9ac-40a7-9199-569f25256273@group-30DFD9EAA064-LeaderElection8] INFO  grpc.GrpcConfigKeys (ConfUtils.java:logGet(44)) - raft.grpc.server.leader.outstanding.appends.max = 128 (default)
2021-12-22 01:07:57,883 [d1229c05-d9ac-40a7-9199-569f25256273@group-30DFD9EAA064-LeaderElection8] INFO  server.RaftServerConfigKeys (ConfUtils.java:logGet(44)) - raft.server.rpc.request.timeout = 60s (custom)
2021-12-22 01:07:57,885 [d1229c05-d9ac-40a7-9199-569f25256273@group-30DFD9EAA064-LeaderElection8] INFO  server.RaftServerConfigKeys (ConfUtils.java:logGet(44)) - raft.server.log.appender.install.snapshot.enabled = false (custom)
2021-12-22 01:07:57,884 [bc31efc5-a10f-49ea-82d4-325dc6674eda@group-30DFD9EAA064-FollowerState] INFO  impl.FollowerState (FollowerState.java:run(143)) - bc31efc5-a10f-49ea-82d4-325dc6674eda@group-30DFD9EAA064-FollowerState was interrupted: {}
java.lang.InterruptedException: sleep interrupted
	at java.lang.Thread.sleep(Native Method)
	at java.lang.Thread.sleep(Thread.java:340)
	at java.util.concurrent.TimeUnit.sleep(TimeUnit.java:386)
	at org.apache.ratis.util.TimeDuration.sleep(TimeDuration.java:324)
	at org.apache.ratis.util.TimeDuration.sleep(TimeDuration.java:309)
	at org.apache.ratis.server.impl.FollowerState.run(FollowerState.java:118)
2021-12-22 01:07:57,892 [d1229c05-d9ac-40a7-9199-569f25256273@group-30DFD9EAA064-LeaderElection8] INFO  server.RaftServerConfigKeys (ConfUtils.java:logGet(44)) - raft.server.log.appender.snapshot.chunk.size.max = 16MB (=16777216) (default)
2021-12-22 01:07:57,892 [d1229c05-d9ac-40a7-9199-569f25256273@group-30DFD9EAA064-LeaderElection8] INFO  server.RaftServerConfigKeys (ConfUtils.java:logGet(44)) - raft.server.log.appender.buffer.byte-limit = 33554432 (custom)
2021-12-22 01:07:57,892 [d1229c05-d9ac-40a7-9199-569f25256273@group-30DFD9EAA064-LeaderElection8] INFO  server.RaftServerConfigKeys (ConfUtils.java:logGet(44)) - raft.server.log.appender.buffer.element-limit = 1 (custom)
2021-12-22 01:07:57,892 [d1229c05-d9ac-40a7-9199-569f25256273@group-30DFD9EAA064-LeaderElection8] INFO  grpc.GrpcConfigKeys (ConfUtils.java:logGet(44)) - raft.grpc.server.leader.outstanding.appends.max = 128 (default)
2021-12-22 01:07:57,892 [d1229c05-d9ac-40a7-9199-569f25256273@group-30DFD9EAA064-LeaderElection8] INFO  server.RaftServerConfigKeys (ConfUtils.java:logGet(44)) - raft.server.rpc.request.timeout = 60s (custom)
2021-12-22 01:07:57,892 [d1229c05-d9ac-40a7-9199-569f25256273@group-30DFD9EAA064-LeaderElection8] INFO  server.RaftServerConfigKeys (ConfUtils.java:logGet(44)) - raft.server.log.appender.install.snapshot.enabled = false (custom)
2021-12-22 01:07:57,893 [d1229c05-d9ac-40a7-9199-569f25256273@group-30DFD9EAA064-LeaderElection8] INFO  impl.RoleInfo (RoleInfo.java:updateAndGet(130)) - d1229c05-d9ac-40a7-9199-569f25256273: start d1229c05-d9ac-40a7-9199-569f25256273@group-30DFD9EAA064-LeaderStateImpl
2021-12-22 01:07:57,893 [d1229c05-d9ac-40a7-9199-569f25256273@group-30DFD9EAA064-LeaderElection8] INFO  segmented.SegmentedRaftLogWorker (SegmentedRaftLogWorker.java:startLogSegment(394)) - d1229c05-d9ac-40a7-9199-569f25256273@group-30DFD9EAA064-SegmentedRaftLogWorker: Starting segment from index:0
2021-12-22 01:07:57,895 [d1229c05-d9ac-40a7-9199-569f25256273@group-30DFD9EAA064-SegmentedRaftLogWorker] INFO  segmented.SegmentedRaftLogWorker (SegmentedRaftLogWorker.java:execute(601)) - d1229c05-d9ac-40a7-9199-569f25256273@group-30DFD9EAA064-SegmentedRaftLogWorker: created new log segment /home/runner/work/ozone/ozone/hadoop-ozone/integration-test/target/test-dir/MiniOzoneClusterImpl-042c0a5d-b585-40ed-8543-7186e0d9815b/datanode-2/data/ratis/15395fc9-c15c-4a16-adc7-30dfd9eaa064/current/log_inprogress_0
2021-12-22 01:07:57,919 [grpc-default-executor-4] WARN  server.GrpcLogAppender (LogUtils.java:warn(122)) - d1229c05-d9ac-40a7-9199-569f25256273@group-30DFD9EAA064->a426eecb-3f7b-4bd3-8516-db356bf90be2-AppendLogResponseHandler: Failed appendEntries: org.apache.ratis.thirdparty.io.grpc.StatusRuntimeException: UNAVAILABLE: io exception
2021-12-22 01:07:57,920 [grpc-default-executor-4] WARN  server.GrpcLogAppender (GrpcLogAppender.java:resetClient(110)) - d1229c05-d9ac-40a7-9199-569f25256273@group-30DFD9EAA064->a426eecb-3f7b-4bd3-8516-db356bf90be2-GrpcLogAppender: Leader has not got in touch with Follower d1229c05-d9ac-40a7-9199-569f25256273@group-30DFD9EAA064->a426eecb-3f7b-4bd3-8516-db356bf90be2(c-1,m0,n0, attendVote=true, lastRpcSendTime=5236, lastRpcResponseTime=5236) yet, just keep nextIndex unchanged and retry.
2021-12-22 01:07:57,925 [d1229c05-d9ac-40a7-9199-569f25256273@group-30DFD9EAA064-LeaderElection8] INFO  server.RaftServer$Division (ServerState.java:setRaftConf(387)) - d1229c05-d9ac-40a7-9199-569f25256273@group-30DFD9EAA064: set configuration 0: [d1229c05-d9ac-40a7-9199-569f25256273|rpc:10.1.0.16:37951|dataStream:|priority:1, bc31efc5-a10f-49ea-82d4-325dc6674eda|rpc:10.1.0.16:45543|dataStream:|priority:0, a426eecb-3f7b-4bd3-8516-db356bf90be2|rpc:10.1.0.16:36549|dataStream:|priority:0], old=null
2021-12-22 01:07:57,958 [Listener at 127.0.0.1/45789] INFO  reflections.Reflections (Reflections.java:scan(232)) - Reflections took 143 ms to scan 7 urls, producing 119 keys and 279 values 
2021-12-22 01:07:57,960 [grpc-default-executor-4] WARN  server.GrpcLogAppender (LogUtils.java:warn(122)) - d1229c05-d9ac-40a7-9199-569f25256273@group-30DFD9EAA064->a426eecb-3f7b-4bd3-8516-db356bf90be2-AppendLogResponseHandler: Failed appendEntries: org.apache.ratis.thirdparty.io.grpc.StatusRuntimeException: UNAVAILABLE: io exception
2021-12-22 01:07:57,960 [grpc-default-executor-4] WARN  server.GrpcLogAppender (GrpcLogAppender.java:resetClient(110)) - d1229c05-d9ac-40a7-9199-569f25256273@group-30DFD9EAA064->a426eecb-3f7b-4bd3-8516-db356bf90be2-GrpcLogAppender: Leader has not got in touch with Follower d1229c05-d9ac-40a7-9199-569f25256273@group-30DFD9EAA064->a426eecb-3f7b-4bd3-8516-db356bf90be2(c-1,m0,n1, attendVote=true, lastRpcSendTime=0, lastRpcResponseTime=5276) yet, just keep nextIndex unchanged and retry.
2021-12-22 01:07:57,961 [grpc-default-executor-4] INFO  ratis.XceiverServerRatis (XceiverServerRatis.java:handleLeaderChangedNotification(866)) - Leader change notification received for group: group-30DFD9EAA064 with new leaderId: d1229c05-d9ac-40a7-9199-569f25256273
2021-12-22 01:07:57,961 [grpc-default-executor-4] INFO  server.RaftServer$Division (ServerState.java:setLeader(285)) - bc31efc5-a10f-49ea-82d4-325dc6674eda@group-30DFD9EAA064: change Leader from null to d1229c05-d9ac-40a7-9199-569f25256273 at term 1 for appendEntries, leader elected after 5202ms
2021-12-22 01:07:57,962 [Listener at 127.0.0.1/45789] INFO  statemachine.DatanodeStateMachine (DatanodeStateMachine.java:getEndPointTaskThreadPoolSize(219)) - Datanode State Machine Task Thread Pool size 2
2021-12-22 01:07:57,983 [Listener at 127.0.0.1/45789] INFO  volume.HddsVolume (HddsVolume.java:<init>(120)) - Creating HddsVolume: /home/runner/work/ozone/ozone/hadoop-ozone/integration-test/target/test-dir/MiniOzoneClusterImpl-042c0a5d-b585-40ed-8543-7186e0d9815b/datanode-1/data-0/containers/hdds of storage type : DISK capacity : 9223372036854775807
2021-12-22 01:07:57,983 [Listener at 127.0.0.1/45789] INFO  volume.MutableVolumeSet (MutableVolumeSet.java:initializeVolumeSet(168)) - Added Volume : /home/runner/work/ozone/ozone/hadoop-ozone/integration-test/target/test-dir/MiniOzoneClusterImpl-042c0a5d-b585-40ed-8543-7186e0d9815b/datanode-1/data-0/containers/hdds to VolumeSet
2021-12-22 01:07:57,983 [Listener at 127.0.0.1/45789] INFO  volume.ThrottledAsyncChecker (ThrottledAsyncChecker.java:schedule(141)) - Scheduling a check for /home/runner/work/ozone/ozone/hadoop-ozone/integration-test/target/test-dir/MiniOzoneClusterImpl-042c0a5d-b585-40ed-8543-7186e0d9815b/datanode-1/data-0/containers/hdds
2021-12-22 01:07:57,988 [grpc-default-executor-4] INFO  server.RaftServer$Division (ServerState.java:setRaftConf(387)) - bc31efc5-a10f-49ea-82d4-325dc6674eda@group-30DFD9EAA064: set configuration 0: [d1229c05-d9ac-40a7-9199-569f25256273|rpc:10.1.0.16:37951|dataStream:|priority:1, bc31efc5-a10f-49ea-82d4-325dc6674eda|rpc:10.1.0.16:45543|dataStream:|priority:0, a426eecb-3f7b-4bd3-8516-db356bf90be2|rpc:10.1.0.16:36549|dataStream:|priority:0], old=null
2021-12-22 01:07:57,989 [grpc-default-executor-4] INFO  segmented.SegmentedRaftLogWorker (SegmentedRaftLogWorker.java:startLogSegment(394)) - bc31efc5-a10f-49ea-82d4-325dc6674eda@group-30DFD9EAA064-SegmentedRaftLogWorker: Starting segment from index:0
2021-12-22 01:07:57,991 [bc31efc5-a10f-49ea-82d4-325dc6674eda@group-30DFD9EAA064-SegmentedRaftLogWorker] INFO  segmented.SegmentedRaftLogWorker (SegmentedRaftLogWorker.java:execute(601)) - bc31efc5-a10f-49ea-82d4-325dc6674eda@group-30DFD9EAA064-SegmentedRaftLogWorker: created new log segment /home/runner/work/ozone/ozone/hadoop-ozone/integration-test/target/test-dir/MiniOzoneClusterImpl-042c0a5d-b585-40ed-8543-7186e0d9815b/datanode-0/data/ratis/15395fc9-c15c-4a16-adc7-30dfd9eaa064/current/log_inprogress_0
2021-12-22 01:07:57,996 [Listener at 127.0.0.1/45789] INFO  volume.StorageVolumeChecker (StorageVolumeChecker.java:checkAllVolumes(202)) - Scheduled health check for volume /home/runner/work/ozone/ozone/hadoop-ozone/integration-test/target/test-dir/MiniOzoneClusterImpl-042c0a5d-b585-40ed-8543-7186e0d9815b/datanode-1/data-0/containers/hdds
2021-12-22 01:07:58,024 [Listener at 127.0.0.1/45789] INFO  volume.MutableVolumeSet (MutableVolumeSet.java:initializeVolumeSet(168)) - Added Volume : /home/runner/work/ozone/ozone/hadoop-ozone/integration-test/target/test-dir/MiniOzoneClusterImpl-042c0a5d-b585-40ed-8543-7186e0d9815b/datanode-1/data/ratis to VolumeSet
2021-12-22 01:07:58,028 [Listener at 127.0.0.1/45789] INFO  volume.ThrottledAsyncChecker (ThrottledAsyncChecker.java:schedule(141)) - Scheduling a check for /home/runner/work/ozone/ozone/hadoop-ozone/integration-test/target/test-dir/MiniOzoneClusterImpl-042c0a5d-b585-40ed-8543-7186e0d9815b/datanode-1/data/ratis
2021-12-22 01:07:58,028 [Listener at 127.0.0.1/45789] INFO  volume.StorageVolumeChecker (StorageVolumeChecker.java:checkAllVolumes(202)) - Scheduled health check for volume /home/runner/work/ozone/ozone/hadoop-ozone/integration-test/target/test-dir/MiniOzoneClusterImpl-042c0a5d-b585-40ed-8543-7186e0d9815b/datanode-1/data/ratis
2021-12-22 01:07:58,063 [Thread-2912] INFO  ozoneimpl.ContainerReader (ContainerReader.java:readVolume(142)) - Start to verify containers on volume /home/runner/work/ozone/ozone/hadoop-ozone/integration-test/target/test-dir/MiniOzoneClusterImpl-042c0a5d-b585-40ed-8543-7186e0d9815b/datanode-1/data-0/containers/hdds
2021-12-22 01:07:58,219 [Thread-2912] INFO  ozoneimpl.ContainerReader (ContainerReader.java:readVolume(172)) - Finish verifying containers on volume /home/runner/work/ozone/ozone/hadoop-ozone/integration-test/target/test-dir/MiniOzoneClusterImpl-042c0a5d-b585-40ed-8543-7186e0d9815b/datanode-1/data-0/containers/hdds
2021-12-22 01:07:58,219 [Listener at 127.0.0.1/45789] INFO  ozoneimpl.OzoneContainer (OzoneContainer.java:buildContainerSet(237)) - Build ContainerSet costs 0s
2021-12-22 01:07:58,221 [Listener at 127.0.0.1/45789] INFO  server.RaftServer (ConfUtils.java:logGet(44)) - raft.rpc.type = GRPC (default)
2021-12-22 01:07:58,222 [Listener at 127.0.0.1/45789] INFO  grpc.GrpcFactory (GrpcFactory.java:checkPooledByteBufAllocatorUseCacheForAllThreads(48)) - PERFORMANCE WARNING: useCacheForAllThreads is true that may cause Netty to create a lot garbage objects and, as a result, trigger GC.
	It is recommended to disable useCacheForAllThreads by setting -Dorg.apache.ratis.thirdparty.io.netty.allocator.useCacheForAllThreads=false in command line.
2021-12-22 01:07:58,222 [Listener at 127.0.0.1/45789] INFO  grpc.GrpcConfigKeys (ConfUtils.java:logGet(44)) - raft.grpc.admin.port = 36549 (custom)
2021-12-22 01:07:58,222 [Listener at 127.0.0.1/45789] INFO  grpc.GrpcConfigKeys (ConfUtils.java:logGet(44)) - raft.grpc.client.port = 36549 (custom)
2021-12-22 01:07:58,222 [Listener at 127.0.0.1/45789] INFO  grpc.GrpcConfigKeys (ConfUtils.java:logGet(44)) - raft.grpc.server.port = 36549 (custom)
2021-12-22 01:07:58,222 [Listener at 127.0.0.1/45789] INFO  server.GrpcService (ConfUtils.java:logGet(44)) - raft.grpc.message.size.max = 32MB (=33554432) (custom)
2021-12-22 01:07:58,222 [Listener at 127.0.0.1/45789] INFO  server.RaftServerConfigKeys (ConfUtils.java:logGet(44)) - raft.server.log.appender.buffer.byte-limit = 33554432 (custom)
2021-12-22 01:07:58,222 [Listener at 127.0.0.1/45789] INFO  server.GrpcService (ConfUtils.java:logGet(44)) - raft.grpc.flow.control.window = 5MB (=5242880) (custom)
2021-12-22 01:07:58,222 [Listener at 127.0.0.1/45789] INFO  server.RaftServerConfigKeys (ConfUtils.java:logGet(44)) - raft.server.rpc.request.timeout = 60s (custom)
2021-12-22 01:07:58,226 [Listener at 127.0.0.1/45789] INFO  impl.DataStreamServerImpl (ConfUtils.java:logGet(44)) - raft.datastream.type = DISABLED (default)
2021-12-22 01:07:58,226 [Listener at 127.0.0.1/45789] INFO  server.RaftServerConfigKeys (ConfUtils.java:logGet(44)) - raft.server.rpc.slowness.timeout = 300s (custom)
2021-12-22 01:07:58,226 [Listener at 127.0.0.1/45789] INFO  server.RaftServerConfigKeys (ConfUtils.java:logGet(44)) - raft.server.leaderelection.leader.step-down.wait-time = 10s (default)
2021-12-22 01:07:58,226 [Listener at 127.0.0.1/45789] INFO  server.RaftServerConfigKeys (ConfUtils.java:logGet(44)) - raft.server.storage.dir = [/home/runner/work/ozone/ozone/hadoop-ozone/integration-test/target/test-dir/MiniOzoneClusterImpl-042c0a5d-b585-40ed-8543-7186e0d9815b/datanode-1/data/ratis] (custom)
2021-12-22 01:07:58,227 [Listener at 127.0.0.1/45789] INFO  server.RaftServer (RaftServerProxy.java:lambda$null$1(235)) - a426eecb-3f7b-4bd3-8516-db356bf90be2: found a subdirectory /home/runner/work/ozone/ozone/hadoop-ozone/integration-test/target/test-dir/MiniOzoneClusterImpl-042c0a5d-b585-40ed-8543-7186e0d9815b/datanode-1/data/ratis/8edec5f9-fc9d-4b56-88d0-3e424bc0e779
2021-12-22 01:07:58,228 [Listener at 127.0.0.1/45789] INFO  server.RaftServer (RaftServerProxy.java:addNew(95)) - a426eecb-3f7b-4bd3-8516-db356bf90be2: addNew group-3E424BC0E779:[] returns group-3E424BC0E779:java.util.concurrent.CompletableFuture@3837d51a[Not completed]
2021-12-22 01:07:58,228 [Listener at 127.0.0.1/45789] INFO  server.RaftServer (RaftServerProxy.java:lambda$null$1(235)) - a426eecb-3f7b-4bd3-8516-db356bf90be2: found a subdirectory /home/runner/work/ozone/ozone/hadoop-ozone/integration-test/target/test-dir/MiniOzoneClusterImpl-042c0a5d-b585-40ed-8543-7186e0d9815b/datanode-1/data/ratis/5b6aeea7-e9c6-4233-8423-7e8a57294037
2021-12-22 01:07:58,228 [Listener at 127.0.0.1/45789] INFO  server.RaftServer (RaftServerProxy.java:addNew(95)) - a426eecb-3f7b-4bd3-8516-db356bf90be2: addNew group-7E8A57294037:[] returns group-7E8A57294037:java.util.concurrent.CompletableFuture@5434c18d[Not completed]
2021-12-22 01:07:58,228 [Listener at 127.0.0.1/45789] INFO  server.RaftServer (RaftServerProxy.java:lambda$null$1(235)) - a426eecb-3f7b-4bd3-8516-db356bf90be2: found a subdirectory /home/runner/work/ozone/ozone/hadoop-ozone/integration-test/target/test-dir/MiniOzoneClusterImpl-042c0a5d-b585-40ed-8543-7186e0d9815b/datanode-1/data/ratis/3cb58a2a-b22a-431d-a37e-76c9e7f23109
2021-12-22 01:07:58,228 [Listener at 127.0.0.1/45789] INFO  server.RaftServer (RaftServerProxy.java:addNew(95)) - a426eecb-3f7b-4bd3-8516-db356bf90be2: addNew group-76C9E7F23109:[] returns group-76C9E7F23109:java.util.concurrent.CompletableFuture@6bf95d0[Not completed]
2021-12-22 01:07:58,230 [Listener at 127.0.0.1/45789] INFO  server.XceiverServerGrpc (XceiverServerGrpc.java:<init>(132)) - GrpcServer channel type EpollServerSocketChannel
2021-12-22 01:07:58,234 [pool-448-thread-1] INFO  server.RaftServer$Division (RaftServerImpl.java:<init>(184)) - a426eecb-3f7b-4bd3-8516-db356bf90be2: new RaftServerImpl for group-3E424BC0E779:[] with ContainerStateMachine:uninitialized
2021-12-22 01:07:58,245 [Listener at 127.0.0.1/45789] INFO  http.BaseHttpServer (BaseHttpServer.java:newHttpServer2BuilderForOzone(209)) - Starting Web-server for hddsDatanode at: http://0.0.0.0:34963
2021-12-22 01:07:58,245 [Listener at 127.0.0.1/45789] INFO  http.BaseHttpServer (BaseHttpServer.java:<init>(107)) - Hadoop Security Enabled: false Ozone Security Enabled: false Ozone HTTP Security Enabled: false 
2021-12-22 01:07:58,246 [Listener at 127.0.0.1/45789] INFO  server.AuthenticationFilter (AuthenticationFilter.java:constructSecretProvider(240)) - Unable to initialize FileSignerSecretProvider, falling back to use random secrets.
2021-12-22 01:07:58,247 [pool-448-thread-1] INFO  server.RaftServerConfigKeys (ConfUtils.java:logGet(44)) - raft.server.rpc.timeout.min = 5s (custom)
2021-12-22 01:07:58,247 [pool-448-thread-1] INFO  server.RaftServerConfigKeys (ConfUtils.java:logGet(44)) - raft.server.rpc.timeout.max = 5200ms (custom)
2021-12-22 01:07:58,247 [pool-448-thread-1] INFO  server.RaftServerConfigKeys (ConfUtils.java:logGet(44)) - raft.server.rpc.sleep.time = 25ms (default)
2021-12-22 01:07:58,247 [pool-448-thread-1] INFO  server.RaftServerConfigKeys (ConfUtils.java:logGet(44)) - raft.server.rpc.slowness.timeout = 300s (custom)
2021-12-22 01:07:58,247 [pool-448-thread-1] INFO  server.RaftServerConfigKeys (ConfUtils.java:logGet(44)) - raft.server.leaderelection.leader.step-down.wait-time = 10s (default)
2021-12-22 01:07:58,247 [pool-448-thread-1] INFO  server.RaftServerConfigKeys (ConfUtils.java:logGet(44)) - raft.server.sleep.deviation.threshold = 300ms (default)
2021-12-22 01:07:58,247 [pool-448-thread-1] INFO  server.RaftServerConfigKeys (ConfUtils.java:logGet(44)) - raft.server.log.appender.install.snapshot.enabled = false (custom)
2021-12-22 01:07:58,247 [Listener at 127.0.0.1/45789] WARN  http.HttpRequestLog (HttpRequestLog.java:getRequestLog(103)) - Jetty request log can only be enabled using Log4j
2021-12-22 01:07:58,247 [pool-448-thread-1] INFO  server.RaftServer$Division (ServerState.java:<init>(105)) - a426eecb-3f7b-4bd3-8516-db356bf90be2@group-3E424BC0E779: ConfigurationManager, init=-1: [], old=null, confs=<EMPTY_MAP>
2021-12-22 01:07:58,248 [pool-448-thread-1] INFO  server.RaftServerConfigKeys (ConfUtils.java:logGet(44)) - raft.server.storage.dir = [/home/runner/work/ozone/ozone/hadoop-ozone/integration-test/target/test-dir/MiniOzoneClusterImpl-042c0a5d-b585-40ed-8543-7186e0d9815b/datanode-1/data/ratis] (custom)
2021-12-22 01:07:58,248 [pool-448-thread-1] INFO  server.RaftServerConfigKeys (ConfUtils.java:logGet(44)) - raft.server.log.corruption.policy = EXCEPTION (default)
2021-12-22 01:07:58,248 [pool-448-thread-1] INFO  server.RaftServerConfigKeys (ConfUtils.java:logGet(44)) - raft.server.storage.free-space.min = 0MB (=0) (default)
2021-12-22 01:07:58,248 [Listener at 127.0.0.1/45789] INFO  http.HttpServer2 (HttpServer2.java:addGlobalFilter(1030)) - Added global filter 'safety' (class=org.apache.hadoop.hdds.server.http.HttpServer2$QuotingInputFilter)
2021-12-22 01:07:58,249 [Listener at 127.0.0.1/45789] INFO  http.HttpServer2 (HttpServer2.java:addFilter(1006)) - Added filter static_user_filter (class=org.apache.hadoop.http.lib.StaticUserWebFilter$StaticUserFilter) to context hddsDatanode
2021-12-22 01:07:58,249 [Listener at 127.0.0.1/45789] INFO  http.HttpServer2 (HttpServer2.java:addFilter(1014)) - Added filter static_user_filter (class=org.apache.hadoop.http.lib.StaticUserWebFilter$StaticUserFilter) to context static
2021-12-22 01:07:58,249 [Listener at 127.0.0.1/45789] INFO  http.HttpServer2 (HttpServer2.java:addFilter(1014)) - Added filter static_user_filter (class=org.apache.hadoop.http.lib.StaticUserWebFilter$StaticUserFilter) to context logs
2021-12-22 01:07:58,250 [Listener at 127.0.0.1/45789] INFO  http.HttpServer2 (HttpServer2.java:bindListener(1249)) - Jetty bound to port 34963
2021-12-22 01:07:58,250 [Listener at 127.0.0.1/45789] INFO  server.Server (Server.java:doStart(375)) - jetty-9.4.43.v20210629; built: 2021-06-30T11:07:22.254Z; git: 526006ecfa3af7f1a27ef3a288e2bef7ea9dd7e8; jvm 1.8.0_292-b10
2021-12-22 01:07:58,266 [pool-448-thread-1] ERROR storage.RaftStorageDirectory (RaftStorageDirectoryImpl.java:tryLock(233)) - It appears that another process has already locked the storage directory: /home/runner/work/ozone/ozone/hadoop-ozone/integration-test/target/test-dir/MiniOzoneClusterImpl-042c0a5d-b585-40ed-8543-7186e0d9815b/datanode-1/data/ratis/8edec5f9-fc9d-4b56-88d0-3e424bc0e779
java.nio.channels.OverlappingFileLockException
	at sun.nio.ch.SharedFileLockTable.checkList(FileLockTable.java:255)
	at sun.nio.ch.SharedFileLockTable.add(FileLockTable.java:152)
	at sun.nio.ch.FileChannelImpl.tryLock(FileChannelImpl.java:1107)
	at java.nio.channels.FileChannel.tryLock(FileChannel.java:1155)
	at org.apache.ratis.server.storage.RaftStorageDirectoryImpl.tryLock(RaftStorageDirectoryImpl.java:224)
	at org.apache.ratis.server.storage.RaftStorageDirectoryImpl.lambda$lock$0(RaftStorageDirectoryImpl.java:194)
	at org.apache.ratis.util.JavaUtils.attempt(JavaUtils.java:166)
	at org.apache.ratis.util.FileUtils.attempt(FileUtils.java:41)
	at org.apache.ratis.server.storage.RaftStorageDirectoryImpl.lock(RaftStorageDirectoryImpl.java:194)
	at org.apache.ratis.server.storage.RaftStorageDirectoryImpl.analyzeStorage(RaftStorageDirectoryImpl.java:153)
	at org.apache.ratis.server.storage.RaftStorageImpl.analyzeAndRecoverStorage(RaftStorageImpl.java:97)
	at org.apache.ratis.server.storage.RaftStorageImpl.<init>(RaftStorageImpl.java:67)
	at org.apache.ratis.server.storage.RaftStorageImpl.<init>(RaftStorageImpl.java:52)
	at org.apache.ratis.server.impl.ServerState.<init>(ServerState.java:114)
	at org.apache.ratis.server.impl.RaftServerImpl.<init>(RaftServerImpl.java:197)
	at org.apache.ratis.server.impl.RaftServerProxy.lambda$newRaftServerImpl$4(RaftServerProxy.java:266)
	at java.util.concurrent.CompletableFuture$AsyncSupply.run(CompletableFuture.java:1604)
	at java.util.concurrent.ThreadPoolExecutor.runWorker(ThreadPoolExecutor.java:1149)
	at java.util.concurrent.ThreadPoolExecutor$Worker.run(ThreadPoolExecutor.java:624)
	at java.lang.Thread.run(Thread.java:748)
2021-12-22 01:07:58,266 [pool-448-thread-1] WARN  util.FileUtils (JavaUtils.java:attempt(172)) - FAILED "tryLock /home/runner/work/ozone/ozone/hadoop-ozone/integration-test/target/test-dir/MiniOzoneClusterImpl-042c0a5d-b585-40ed-8543-7186e0d9815b/datanode-1/data/ratis/8edec5f9-fc9d-4b56-88d0-3e424bc0e779/in_use.lock", attempt #1/5: java.io.IOException: Failed to lock storage /home/runner/work/ozone/ozone/hadoop-ozone/integration-test/target/test-dir/MiniOzoneClusterImpl-042c0a5d-b585-40ed-8543-7186e0d9815b/datanode-1/data/ratis/8edec5f9-fc9d-4b56-88d0-3e424bc0e779. The directory is already locked, sleep 1s and then retry.
java.io.IOException: Failed to lock storage /home/runner/work/ozone/ozone/hadoop-ozone/integration-test/target/test-dir/MiniOzoneClusterImpl-042c0a5d-b585-40ed-8543-7186e0d9815b/datanode-1/data/ratis/8edec5f9-fc9d-4b56-88d0-3e424bc0e779. The directory is already locked
	at org.apache.ratis.server.storage.RaftStorageDirectoryImpl.tryLock(RaftStorageDirectoryImpl.java:236)
	at org.apache.ratis.server.storage.RaftStorageDirectoryImpl.lambda$lock$0(RaftStorageDirectoryImpl.java:194)
	at org.apache.ratis.util.JavaUtils.attempt(JavaUtils.java:166)
	at org.apache.ratis.util.FileUtils.attempt(FileUtils.java:41)
	at org.apache.ratis.server.storage.RaftStorageDirectoryImpl.lock(RaftStorageDirectoryImpl.java:194)
	at org.apache.ratis.server.storage.RaftStorageDirectoryImpl.analyzeStorage(RaftStorageDirectoryImpl.java:153)
	at org.apache.ratis.server.storage.RaftStorageImpl.analyzeAndRecoverStorage(RaftStorageImpl.java:97)
	at org.apache.ratis.server.storage.RaftStorageImpl.<init>(RaftStorageImpl.java:67)
	at org.apache.ratis.server.storage.RaftStorageImpl.<init>(RaftStorageImpl.java:52)
	at org.apache.ratis.server.impl.ServerState.<init>(ServerState.java:114)
	at org.apache.ratis.server.impl.RaftServerImpl.<init>(RaftServerImpl.java:197)
	at org.apache.ratis.server.impl.RaftServerProxy.lambda$newRaftServerImpl$4(RaftServerProxy.java:266)
	at java.util.concurrent.CompletableFuture$AsyncSupply.run(CompletableFuture.java:1604)
	at java.util.concurrent.ThreadPoolExecutor.runWorker(ThreadPoolExecutor.java:1149)
	at java.util.concurrent.ThreadPoolExecutor$Worker.run(ThreadPoolExecutor.java:624)
	at java.lang.Thread.run(Thread.java:748)
Caused by: java.nio.channels.OverlappingFileLockException
	at sun.nio.ch.SharedFileLockTable.checkList(FileLockTable.java:255)
	at sun.nio.ch.SharedFileLockTable.add(FileLockTable.java:152)
	at sun.nio.ch.FileChannelImpl.tryLock(FileChannelImpl.java:1107)
	at java.nio.channels.FileChannel.tryLock(FileChannel.java:1155)
	at org.apache.ratis.server.storage.RaftStorageDirectoryImpl.tryLock(RaftStorageDirectoryImpl.java:224)
	... 15 more
2021-12-22 01:07:58,334 [Listener at 127.0.0.1/45789] INFO  server.session (DefaultSessionIdManager.java:doStart(334)) - DefaultSessionIdManager workerName=node0
2021-12-22 01:07:58,334 [Listener at 127.0.0.1/45789] INFO  server.session (DefaultSessionIdManager.java:doStart(339)) - No SessionScavenger set, using defaults
2021-12-22 01:07:58,334 [Listener at 127.0.0.1/45789] INFO  server.session (HouseKeeper.java:startScavenging(132)) - node0 Scavenging every 660000ms
2021-12-22 01:07:58,338 [Listener at 127.0.0.1/45789] INFO  handler.ContextHandler (ContextHandler.java:doStart(915)) - Started o.e.j.s.ServletContextHandler@2ca6b438{logs,/logs,file:///home/runner/work/ozone/ozone/hadoop-ozone/integration-test/target/log,AVAILABLE}
2021-12-22 01:07:58,339 [Listener at 127.0.0.1/45789] INFO  handler.ContextHandler (ContextHandler.java:doStart(915)) - Started o.e.j.s.ServletContextHandler@31bbca38{static,/static,jar:file:/home/runner/.m2/repository/org/apache/ozone/hdds-container-service/1.3.0-SNAPSHOT/hdds-container-service-1.3.0-SNAPSHOT.jar!/webapps/static,AVAILABLE}
2021-12-22 01:07:58,489 [Listener at 127.0.0.1/45789] INFO  handler.ContextHandler (ContextHandler.java:doStart(915)) - Started o.e.j.w.WebAppContext@5edd0a7e{hddsDatanode,/,file:///tmp/jetty-0_0_0_0-34963-hdds-container-service-1_3_0-SNAPSHOT_jar-_-any-901995750384365816/webapp/,AVAILABLE}{jar:file:/home/runner/.m2/repository/org/apache/ozone/hdds-container-service/1.3.0-SNAPSHOT/hdds-container-service-1.3.0-SNAPSHOT.jar!/webapps/hddsDatanode}
2021-12-22 01:07:58,497 [Listener at 127.0.0.1/45789] INFO  server.AbstractConnector (AbstractConnector.java:doStart(331)) - Started ServerConnector@56b0c327{HTTP/1.1, (http/1.1)}{0.0.0.0:34963}
2021-12-22 01:07:58,498 [Listener at 127.0.0.1/45789] INFO  server.Server (Server.java:doStart(415)) - Started @71645ms
2021-12-22 01:07:58,498 [Listener at 127.0.0.1/45789] WARN  impl.MetricsSystemImpl (MetricsSystemImpl.java:register(279)) - Sink prometheus already exists!
2021-12-22 01:07:58,504 [Listener at 127.0.0.1/45789] INFO  http.BaseHttpServer (BaseHttpServer.java:updateConnectorAddress(329)) - HTTP server of hddsDatanode listening at http://0.0.0.0:34963
2021-12-22 01:07:58,508 [Datanode State Machine Daemon Thread] INFO  statemachine.DatanodeStateMachine (DatanodeStateMachine.java:lambda$startDaemon$0(467)) - Ozone container server started.
2021-12-22 01:07:58,572 [org.apache.hadoop.util.JvmPauseMonitor$Monitor@87e5ad1] INFO  util.JvmPauseMonitor (JvmPauseMonitor.java:run(188)) - Starting JVM pause monitor
2021-12-22 01:07:59,267 [pool-448-thread-1] ERROR storage.RaftStorageDirectory (RaftStorageDirectoryImpl.java:tryLock(233)) - It appears that another process has already locked the storage directory: /home/runner/work/ozone/ozone/hadoop-ozone/integration-test/target/test-dir/MiniOzoneClusterImpl-042c0a5d-b585-40ed-8543-7186e0d9815b/datanode-1/data/ratis/8edec5f9-fc9d-4b56-88d0-3e424bc0e779
java.nio.channels.OverlappingFileLockException
	at sun.nio.ch.SharedFileLockTable.checkList(FileLockTable.java:255)
	at sun.nio.ch.SharedFileLockTable.add(FileLockTable.java:152)
	at sun.nio.ch.FileChannelImpl.tryLock(FileChannelImpl.java:1107)
	at java.nio.channels.FileChannel.tryLock(FileChannel.java:1155)
	at org.apache.ratis.server.storage.RaftStorageDirectoryImpl.tryLock(RaftStorageDirectoryImpl.java:224)
	at org.apache.ratis.server.storage.RaftStorageDirectoryImpl.lambda$lock$0(RaftStorageDirectoryImpl.java:194)
	at org.apache.ratis.util.JavaUtils.attempt(JavaUtils.java:166)
	at org.apache.ratis.util.FileUtils.attempt(FileUtils.java:41)
	at org.apache.ratis.server.storage.RaftStorageDirectoryImpl.lock(RaftStorageDirectoryImpl.java:194)
	at org.apache.ratis.server.storage.RaftStorageDirectoryImpl.analyzeStorage(RaftStorageDirectoryImpl.java:153)
	at org.apache.ratis.server.storage.RaftStorageImpl.analyzeAndRecoverStorage(RaftStorageImpl.java:97)
	at org.apache.ratis.server.storage.RaftStorageImpl.<init>(RaftStorageImpl.java:67)
	at org.apache.ratis.server.storage.RaftStorageImpl.<init>(RaftStorageImpl.java:52)
	at org.apache.ratis.server.impl.ServerState.<init>(ServerState.java:114)
	at org.apache.ratis.server.impl.RaftServerImpl.<init>(RaftServerImpl.java:197)
	at org.apache.ratis.server.impl.RaftServerProxy.lambda$newRaftServerImpl$4(RaftServerProxy.java:266)
	at java.util.concurrent.CompletableFuture$AsyncSupply.run(CompletableFuture.java:1604)
	at java.util.concurrent.ThreadPoolExecutor.runWorker(ThreadPoolExecutor.java:1149)
	at java.util.concurrent.ThreadPoolExecutor$Worker.run(ThreadPoolExecutor.java:624)
	at java.lang.Thread.run(Thread.java:748)
2021-12-22 01:07:59,267 [pool-448-thread-1] WARN  util.FileUtils (JavaUtils.java:attempt(172)) - FAILED "tryLock /home/runner/work/ozone/ozone/hadoop-ozone/integration-test/target/test-dir/MiniOzoneClusterImpl-042c0a5d-b585-40ed-8543-7186e0d9815b/datanode-1/data/ratis/8edec5f9-fc9d-4b56-88d0-3e424bc0e779/in_use.lock", attempt #2/5: java.io.IOException: Failed to lock storage /home/runner/work/ozone/ozone/hadoop-ozone/integration-test/target/test-dir/MiniOzoneClusterImpl-042c0a5d-b585-40ed-8543-7186e0d9815b/datanode-1/data/ratis/8edec5f9-fc9d-4b56-88d0-3e424bc0e779. The directory is already locked, sleep 1s and then retry.
java.io.IOException: Failed to lock storage /home/runner/work/ozone/ozone/hadoop-ozone/integration-test/target/test-dir/MiniOzoneClusterImpl-042c0a5d-b585-40ed-8543-7186e0d9815b/datanode-1/data/ratis/8edec5f9-fc9d-4b56-88d0-3e424bc0e779. The directory is already locked
	at org.apache.ratis.server.storage.RaftStorageDirectoryImpl.tryLock(RaftStorageDirectoryImpl.java:236)
	at org.apache.ratis.server.storage.RaftStorageDirectoryImpl.lambda$lock$0(RaftStorageDirectoryImpl.java:194)
	at org.apache.ratis.util.JavaUtils.attempt(JavaUtils.java:166)
	at org.apache.ratis.util.FileUtils.attempt(FileUtils.java:41)
	at org.apache.ratis.server.storage.RaftStorageDirectoryImpl.lock(RaftStorageDirectoryImpl.java:194)
	at org.apache.ratis.server.storage.RaftStorageDirectoryImpl.analyzeStorage(RaftStorageDirectoryImpl.java:153)
	at org.apache.ratis.server.storage.RaftStorageImpl.analyzeAndRecoverStorage(RaftStorageImpl.java:97)
	at org.apache.ratis.server.storage.RaftStorageImpl.<init>(RaftStorageImpl.java:67)
	at org.apache.ratis.server.storage.RaftStorageImpl.<init>(RaftStorageImpl.java:52)
	at org.apache.ratis.server.impl.ServerState.<init>(ServerState.java:114)
	at org.apache.ratis.server.impl.RaftServerImpl.<init>(RaftServerImpl.java:197)
	at org.apache.ratis.server.impl.RaftServerProxy.lambda$newRaftServerImpl$4(RaftServerProxy.java:266)
	at java.util.concurrent.CompletableFuture$AsyncSupply.run(CompletableFuture.java:1604)
	at java.util.concurrent.ThreadPoolExecutor.runWorker(ThreadPoolExecutor.java:1149)
	at java.util.concurrent.ThreadPoolExecutor$Worker.run(ThreadPoolExecutor.java:624)
	at java.lang.Thread.run(Thread.java:748)
Caused by: java.nio.channels.OverlappingFileLockException
	at sun.nio.ch.SharedFileLockTable.checkList(FileLockTable.java:255)
	at sun.nio.ch.SharedFileLockTable.add(FileLockTable.java:152)
	at sun.nio.ch.FileChannelImpl.tryLock(FileChannelImpl.java:1107)
	at java.nio.channels.FileChannel.tryLock(FileChannel.java:1155)
	at org.apache.ratis.server.storage.RaftStorageDirectoryImpl.tryLock(RaftStorageDirectoryImpl.java:224)
	... 15 more
2021-12-22 01:08:00,267 [pool-448-thread-1] ERROR storage.RaftStorageDirectory (RaftStorageDirectoryImpl.java:tryLock(233)) - It appears that another process has already locked the storage directory: /home/runner/work/ozone/ozone/hadoop-ozone/integration-test/target/test-dir/MiniOzoneClusterImpl-042c0a5d-b585-40ed-8543-7186e0d9815b/datanode-1/data/ratis/8edec5f9-fc9d-4b56-88d0-3e424bc0e779
java.nio.channels.OverlappingFileLockException
	at sun.nio.ch.SharedFileLockTable.checkList(FileLockTable.java:255)
	at sun.nio.ch.SharedFileLockTable.add(FileLockTable.java:152)
	at sun.nio.ch.FileChannelImpl.tryLock(FileChannelImpl.java:1107)
	at java.nio.channels.FileChannel.tryLock(FileChannel.java:1155)
	at org.apache.ratis.server.storage.RaftStorageDirectoryImpl.tryLock(RaftStorageDirectoryImpl.java:224)
	at org.apache.ratis.server.storage.RaftStorageDirectoryImpl.lambda$lock$0(RaftStorageDirectoryImpl.java:194)
	at org.apache.ratis.util.JavaUtils.attempt(JavaUtils.java:166)
	at org.apache.ratis.util.FileUtils.attempt(FileUtils.java:41)
	at org.apache.ratis.server.storage.RaftStorageDirectoryImpl.lock(RaftStorageDirectoryImpl.java:194)
	at org.apache.ratis.server.storage.RaftStorageDirectoryImpl.analyzeStorage(RaftStorageDirectoryImpl.java:153)
	at org.apache.ratis.server.storage.RaftStorageImpl.analyzeAndRecoverStorage(RaftStorageImpl.java:97)
	at org.apache.ratis.server.storage.RaftStorageImpl.<init>(RaftStorageImpl.java:67)
	at org.apache.ratis.server.storage.RaftStorageImpl.<init>(RaftStorageImpl.java:52)
	at org.apache.ratis.server.impl.ServerState.<init>(ServerState.java:114)
	at org.apache.ratis.server.impl.RaftServerImpl.<init>(RaftServerImpl.java:197)
	at org.apache.ratis.server.impl.RaftServerProxy.lambda$newRaftServerImpl$4(RaftServerProxy.java:266)
	at java.util.concurrent.CompletableFuture$AsyncSupply.run(CompletableFuture.java:1604)
	at java.util.concurrent.ThreadPoolExecutor.runWorker(ThreadPoolExecutor.java:1149)
	at java.util.concurrent.ThreadPoolExecutor$Worker.run(ThreadPoolExecutor.java:624)
	at java.lang.Thread.run(Thread.java:748)
2021-12-22 01:08:00,268 [pool-448-thread-1] WARN  util.FileUtils (JavaUtils.java:attempt(172)) - FAILED "tryLock /home/runner/work/ozone/ozone/hadoop-ozone/integration-test/target/test-dir/MiniOzoneClusterImpl-042c0a5d-b585-40ed-8543-7186e0d9815b/datanode-1/data/ratis/8edec5f9-fc9d-4b56-88d0-3e424bc0e779/in_use.lock", attempt #3/5: java.io.IOException: Failed to lock storage /home/runner/work/ozone/ozone/hadoop-ozone/integration-test/target/test-dir/MiniOzoneClusterImpl-042c0a5d-b585-40ed-8543-7186e0d9815b/datanode-1/data/ratis/8edec5f9-fc9d-4b56-88d0-3e424bc0e779. The directory is already locked, sleep 1s and then retry.
java.io.IOException: Failed to lock storage /home/runner/work/ozone/ozone/hadoop-ozone/integration-test/target/test-dir/MiniOzoneClusterImpl-042c0a5d-b585-40ed-8543-7186e0d9815b/datanode-1/data/ratis/8edec5f9-fc9d-4b56-88d0-3e424bc0e779. The directory is already locked
	at org.apache.ratis.server.storage.RaftStorageDirectoryImpl.tryLock(RaftStorageDirectoryImpl.java:236)
	at org.apache.ratis.server.storage.RaftStorageDirectoryImpl.lambda$lock$0(RaftStorageDirectoryImpl.java:194)
	at org.apache.ratis.util.JavaUtils.attempt(JavaUtils.java:166)
	at org.apache.ratis.util.FileUtils.attempt(FileUtils.java:41)
	at org.apache.ratis.server.storage.RaftStorageDirectoryImpl.lock(RaftStorageDirectoryImpl.java:194)
	at org.apache.ratis.server.storage.RaftStorageDirectoryImpl.analyzeStorage(RaftStorageDirectoryImpl.java:153)
	at org.apache.ratis.server.storage.RaftStorageImpl.analyzeAndRecoverStorage(RaftStorageImpl.java:97)
	at org.apache.ratis.server.storage.RaftStorageImpl.<init>(RaftStorageImpl.java:67)
	at org.apache.ratis.server.storage.RaftStorageImpl.<init>(RaftStorageImpl.java:52)
	at org.apache.ratis.server.impl.ServerState.<init>(ServerState.java:114)
	at org.apache.ratis.server.impl.RaftServerImpl.<init>(RaftServerImpl.java:197)
	at org.apache.ratis.server.impl.RaftServerProxy.lambda$newRaftServerImpl$4(RaftServerProxy.java:266)
	at java.util.concurrent.CompletableFuture$AsyncSupply.run(CompletableFuture.java:1604)
	at java.util.concurrent.ThreadPoolExecutor.runWorker(ThreadPoolExecutor.java:1149)
	at java.util.concurrent.ThreadPoolExecutor$Worker.run(ThreadPoolExecutor.java:624)
	at java.lang.Thread.run(Thread.java:748)
Caused by: java.nio.channels.OverlappingFileLockException
	at sun.nio.ch.SharedFileLockTable.checkList(FileLockTable.java:255)
	at sun.nio.ch.SharedFileLockTable.add(FileLockTable.java:152)
	at sun.nio.ch.FileChannelImpl.tryLock(FileChannelImpl.java:1107)
	at java.nio.channels.FileChannel.tryLock(FileChannel.java:1155)
	at org.apache.ratis.server.storage.RaftStorageDirectoryImpl.tryLock(RaftStorageDirectoryImpl.java:224)
	... 15 more
2021-12-22 01:08:00,460 [grpc-default-executor-4] WARN  server.GrpcLogAppender (LogUtils.java:warn(122)) - d1229c05-d9ac-40a7-9199-569f25256273@group-30DFD9EAA064->a426eecb-3f7b-4bd3-8516-db356bf90be2-AppendLogResponseHandler: Failed appendEntries: org.apache.ratis.thirdparty.io.grpc.StatusRuntimeException: UNAVAILABLE: io exception
2021-12-22 01:08:00,461 [grpc-default-executor-4] WARN  server.GrpcLogAppender (GrpcLogAppender.java:resetClient(110)) - d1229c05-d9ac-40a7-9199-569f25256273@group-30DFD9EAA064->a426eecb-3f7b-4bd3-8516-db356bf90be2-GrpcLogAppender: Leader has not got in touch with Follower d1229c05-d9ac-40a7-9199-569f25256273@group-30DFD9EAA064->a426eecb-3f7b-4bd3-8516-db356bf90be2(c-1,m0,n1, attendVote=true, lastRpcSendTime=0, lastRpcResponseTime=7777) yet, just keep nextIndex unchanged and retry.
2021-12-22 01:08:00,589 [EndpointStateMachine task thread for /0.0.0.0:41881 - 0 ] INFO  ozoneimpl.OzoneContainer (OzoneContainer.java:start(315)) - Attempting to start container services.
2021-12-22 01:08:00,589 [EndpointStateMachine task thread for /0.0.0.0:41881 - 0 ] INFO  ozoneimpl.OzoneContainer (OzoneContainer.java:startContainerScrub(250)) - Background container scanner has been disabled.
2021-12-22 01:08:00,590 [EndpointStateMachine task thread for /0.0.0.0:41881 - 0 ] INFO  replication.ReplicationServer (ReplicationServer.java:start(107)) - ReplicationServer is started using port 36485
2021-12-22 01:08:00,590 [EndpointStateMachine task thread for /0.0.0.0:41881 - 0 ] INFO  ratis.XceiverServerRatis (XceiverServerRatis.java:start(484)) - Starting XceiverServerRatis a426eecb-3f7b-4bd3-8516-db356bf90be2
2021-12-22 01:08:01,268 [pool-448-thread-1] ERROR storage.RaftStorageDirectory (RaftStorageDirectoryImpl.java:tryLock(233)) - It appears that another process has already locked the storage directory: /home/runner/work/ozone/ozone/hadoop-ozone/integration-test/target/test-dir/MiniOzoneClusterImpl-042c0a5d-b585-40ed-8543-7186e0d9815b/datanode-1/data/ratis/8edec5f9-fc9d-4b56-88d0-3e424bc0e779
java.nio.channels.OverlappingFileLockException
	at sun.nio.ch.SharedFileLockTable.checkList(FileLockTable.java:255)
	at sun.nio.ch.SharedFileLockTable.add(FileLockTable.java:152)
	at sun.nio.ch.FileChannelImpl.tryLock(FileChannelImpl.java:1107)
	at java.nio.channels.FileChannel.tryLock(FileChannel.java:1155)
	at org.apache.ratis.server.storage.RaftStorageDirectoryImpl.tryLock(RaftStorageDirectoryImpl.java:224)
	at org.apache.ratis.server.storage.RaftStorageDirectoryImpl.lambda$lock$0(RaftStorageDirectoryImpl.java:194)
	at org.apache.ratis.util.JavaUtils.attempt(JavaUtils.java:166)
	at org.apache.ratis.util.FileUtils.attempt(FileUtils.java:41)
	at org.apache.ratis.server.storage.RaftStorageDirectoryImpl.lock(RaftStorageDirectoryImpl.java:194)
	at org.apache.ratis.server.storage.RaftStorageDirectoryImpl.analyzeStorage(RaftStorageDirectoryImpl.java:153)
	at org.apache.ratis.server.storage.RaftStorageImpl.analyzeAndRecoverStorage(RaftStorageImpl.java:97)
	at org.apache.ratis.server.storage.RaftStorageImpl.<init>(RaftStorageImpl.java:67)
	at org.apache.ratis.server.storage.RaftStorageImpl.<init>(RaftStorageImpl.java:52)
	at org.apache.ratis.server.impl.ServerState.<init>(ServerState.java:114)
	at org.apache.ratis.server.impl.RaftServerImpl.<init>(RaftServerImpl.java:197)
	at org.apache.ratis.server.impl.RaftServerProxy.lambda$newRaftServerImpl$4(RaftServerProxy.java:266)
	at java.util.concurrent.CompletableFuture$AsyncSupply.run(CompletableFuture.java:1604)
	at java.util.concurrent.ThreadPoolExecutor.runWorker(ThreadPoolExecutor.java:1149)
	at java.util.concurrent.ThreadPoolExecutor$Worker.run(ThreadPoolExecutor.java:624)
	at java.lang.Thread.run(Thread.java:748)
2021-12-22 01:08:01,268 [pool-448-thread-1] WARN  util.FileUtils (JavaUtils.java:attempt(172)) - FAILED "tryLock /home/runner/work/ozone/ozone/hadoop-ozone/integration-test/target/test-dir/MiniOzoneClusterImpl-042c0a5d-b585-40ed-8543-7186e0d9815b/datanode-1/data/ratis/8edec5f9-fc9d-4b56-88d0-3e424bc0e779/in_use.lock", attempt #4/5: java.io.IOException: Failed to lock storage /home/runner/work/ozone/ozone/hadoop-ozone/integration-test/target/test-dir/MiniOzoneClusterImpl-042c0a5d-b585-40ed-8543-7186e0d9815b/datanode-1/data/ratis/8edec5f9-fc9d-4b56-88d0-3e424bc0e779. The directory is already locked, sleep 1s and then retry.
java.io.IOException: Failed to lock storage /home/runner/work/ozone/ozone/hadoop-ozone/integration-test/target/test-dir/MiniOzoneClusterImpl-042c0a5d-b585-40ed-8543-7186e0d9815b/datanode-1/data/ratis/8edec5f9-fc9d-4b56-88d0-3e424bc0e779. The directory is already locked
	at org.apache.ratis.server.storage.RaftStorageDirectoryImpl.tryLock(RaftStorageDirectoryImpl.java:236)
	at org.apache.ratis.server.storage.RaftStorageDirectoryImpl.lambda$lock$0(RaftStorageDirectoryImpl.java:194)
	at org.apache.ratis.util.JavaUtils.attempt(JavaUtils.java:166)
	at org.apache.ratis.util.FileUtils.attempt(FileUtils.java:41)
	at org.apache.ratis.server.storage.RaftStorageDirectoryImpl.lock(RaftStorageDirectoryImpl.java:194)
	at org.apache.ratis.server.storage.RaftStorageDirectoryImpl.analyzeStorage(RaftStorageDirectoryImpl.java:153)
	at org.apache.ratis.server.storage.RaftStorageImpl.analyzeAndRecoverStorage(RaftStorageImpl.java:97)
	at org.apache.ratis.server.storage.RaftStorageImpl.<init>(RaftStorageImpl.java:67)
	at org.apache.ratis.server.storage.RaftStorageImpl.<init>(RaftStorageImpl.java:52)
	at org.apache.ratis.server.impl.ServerState.<init>(ServerState.java:114)
	at org.apache.ratis.server.impl.RaftServerImpl.<init>(RaftServerImpl.java:197)
	at org.apache.ratis.server.impl.RaftServerProxy.lambda$newRaftServerImpl$4(RaftServerProxy.java:266)
	at java.util.concurrent.CompletableFuture$AsyncSupply.run(CompletableFuture.java:1604)
	at java.util.concurrent.ThreadPoolExecutor.runWorker(ThreadPoolExecutor.java:1149)
	at java.util.concurrent.ThreadPoolExecutor$Worker.run(ThreadPoolExecutor.java:624)
	at java.lang.Thread.run(Thread.java:748)
Caused by: java.nio.channels.OverlappingFileLockException
	at sun.nio.ch.SharedFileLockTable.checkList(FileLockTable.java:255)
	at sun.nio.ch.SharedFileLockTable.add(FileLockTable.java:152)
	at sun.nio.ch.FileChannelImpl.tryLock(FileChannelImpl.java:1107)
	at java.nio.channels.FileChannel.tryLock(FileChannel.java:1155)
	at org.apache.ratis.server.storage.RaftStorageDirectoryImpl.tryLock(RaftStorageDirectoryImpl.java:224)
	... 15 more
2021-12-22 01:08:02,269 [pool-448-thread-1] ERROR storage.RaftStorageDirectory (RaftStorageDirectoryImpl.java:tryLock(233)) - It appears that another process has already locked the storage directory: /home/runner/work/ozone/ozone/hadoop-ozone/integration-test/target/test-dir/MiniOzoneClusterImpl-042c0a5d-b585-40ed-8543-7186e0d9815b/datanode-1/data/ratis/8edec5f9-fc9d-4b56-88d0-3e424bc0e779
java.nio.channels.OverlappingFileLockException
	at sun.nio.ch.SharedFileLockTable.checkList(FileLockTable.java:255)
	at sun.nio.ch.SharedFileLockTable.add(FileLockTable.java:152)
	at sun.nio.ch.FileChannelImpl.tryLock(FileChannelImpl.java:1107)
	at java.nio.channels.FileChannel.tryLock(FileChannel.java:1155)
	at org.apache.ratis.server.storage.RaftStorageDirectoryImpl.tryLock(RaftStorageDirectoryImpl.java:224)
	at org.apache.ratis.server.storage.RaftStorageDirectoryImpl.lambda$lock$0(RaftStorageDirectoryImpl.java:194)
	at org.apache.ratis.util.JavaUtils.attempt(JavaUtils.java:166)
	at org.apache.ratis.util.FileUtils.attempt(FileUtils.java:41)
	at org.apache.ratis.server.storage.RaftStorageDirectoryImpl.lock(RaftStorageDirectoryImpl.java:194)
	at org.apache.ratis.server.storage.RaftStorageDirectoryImpl.analyzeStorage(RaftStorageDirectoryImpl.java:153)
	at org.apache.ratis.server.storage.RaftStorageImpl.analyzeAndRecoverStorage(RaftStorageImpl.java:97)
	at org.apache.ratis.server.storage.RaftStorageImpl.<init>(RaftStorageImpl.java:67)
	at org.apache.ratis.server.storage.RaftStorageImpl.<init>(RaftStorageImpl.java:52)
	at org.apache.ratis.server.impl.ServerState.<init>(ServerState.java:114)
	at org.apache.ratis.server.impl.RaftServerImpl.<init>(RaftServerImpl.java:197)
	at org.apache.ratis.server.impl.RaftServerProxy.lambda$newRaftServerImpl$4(RaftServerProxy.java:266)
	at java.util.concurrent.CompletableFuture$AsyncSupply.run(CompletableFuture.java:1604)
	at java.util.concurrent.ThreadPoolExecutor.runWorker(ThreadPoolExecutor.java:1149)
	at java.util.concurrent.ThreadPoolExecutor$Worker.run(ThreadPoolExecutor.java:624)
	at java.lang.Thread.run(Thread.java:748)
2021-12-22 01:08:02,270 [pool-448-thread-1] INFO  server.RaftServer$Division (RaftServerImpl.java:<init>(184)) - a426eecb-3f7b-4bd3-8516-db356bf90be2: new RaftServerImpl for group-7E8A57294037:[] with ContainerStateMachine:uninitialized
2021-12-22 01:08:02,270 [pool-448-thread-1] INFO  server.RaftServerConfigKeys (ConfUtils.java:logGet(44)) - raft.server.rpc.timeout.min = 5s (custom)
2021-12-22 01:08:02,270 [pool-448-thread-1] INFO  server.RaftServerConfigKeys (ConfUtils.java:logGet(44)) - raft.server.rpc.timeout.max = 5200ms (custom)
2021-12-22 01:08:02,270 [pool-448-thread-1] INFO  server.RaftServerConfigKeys (ConfUtils.java:logGet(44)) - raft.server.rpc.sleep.time = 25ms (default)
2021-12-22 01:08:02,271 [pool-448-thread-1] INFO  server.RaftServerConfigKeys (ConfUtils.java:logGet(44)) - raft.server.rpc.slowness.timeout = 300s (custom)
2021-12-22 01:08:02,271 [pool-448-thread-1] INFO  server.RaftServerConfigKeys (ConfUtils.java:logGet(44)) - raft.server.leaderelection.leader.step-down.wait-time = 10s (default)
2021-12-22 01:08:02,271 [pool-448-thread-1] INFO  server.RaftServerConfigKeys (ConfUtils.java:logGet(44)) - raft.server.sleep.deviation.threshold = 300ms (default)
2021-12-22 01:08:02,271 [pool-448-thread-1] INFO  server.RaftServerConfigKeys (ConfUtils.java:logGet(44)) - raft.server.log.appender.install.snapshot.enabled = false (custom)
2021-12-22 01:08:02,271 [pool-448-thread-1] INFO  server.RaftServer$Division (ServerState.java:<init>(105)) - a426eecb-3f7b-4bd3-8516-db356bf90be2@group-7E8A57294037: ConfigurationManager, init=-1: [], old=null, confs=<EMPTY_MAP>
2021-12-22 01:08:02,271 [pool-448-thread-1] INFO  server.RaftServerConfigKeys (ConfUtils.java:logGet(44)) - raft.server.storage.dir = [/home/runner/work/ozone/ozone/hadoop-ozone/integration-test/target/test-dir/MiniOzoneClusterImpl-042c0a5d-b585-40ed-8543-7186e0d9815b/datanode-1/data/ratis] (custom)
2021-12-22 01:08:02,271 [pool-448-thread-1] INFO  server.RaftServerConfigKeys (ConfUtils.java:logGet(44)) - raft.server.log.corruption.policy = EXCEPTION (default)
2021-12-22 01:08:02,271 [pool-448-thread-1] INFO  server.RaftServerConfigKeys (ConfUtils.java:logGet(44)) - raft.server.storage.free-space.min = 0MB (=0) (default)
2021-12-22 01:08:02,273 [pool-448-thread-1] INFO  storage.RaftStorageDirectory (RaftStorageDirectoryImpl.java:tryLock(230)) - Lock on /home/runner/work/ozone/ozone/hadoop-ozone/integration-test/target/test-dir/MiniOzoneClusterImpl-042c0a5d-b585-40ed-8543-7186e0d9815b/datanode-1/data/ratis/5b6aeea7-e9c6-4233-8423-7e8a57294037/in_use.lock acquired by nodename 19159@fv-az148-641
2021-12-22 01:08:02,273 [pool-448-thread-1] INFO  storage.RaftStorage (RaftStorageImpl.java:analyzeAndRecoverStorage(110)) - Read RaftStorageMetadata{term=2, votedFor=d1229c05-d9ac-40a7-9199-569f25256273} from /home/runner/work/ozone/ozone/hadoop-ozone/integration-test/target/test-dir/MiniOzoneClusterImpl-042c0a5d-b585-40ed-8543-7186e0d9815b/datanode-1/data/ratis/5b6aeea7-e9c6-4233-8423-7e8a57294037/current/raft-meta
2021-12-22 01:08:02,273 [pool-448-thread-1] INFO  ratis.ContainerStateMachine (ContainerStateMachine.java:loadSnapshot(240)) - group-7E8A57294037: Setting the last applied index to (t:2, i:454)
2021-12-22 01:08:02,274 [pool-448-thread-1] INFO  server.RaftServer$Division (ServerState.java:setRaftConf(387)) - a426eecb-3f7b-4bd3-8516-db356bf90be2@group-7E8A57294037: set configuration 451: [d1229c05-d9ac-40a7-9199-569f25256273|rpc:10.1.0.16:37951|dataStream:|priority:0, bc31efc5-a10f-49ea-82d4-325dc6674eda|rpc:10.1.0.16:45543|dataStream:|priority:1, a426eecb-3f7b-4bd3-8516-db356bf90be2|rpc:10.1.0.16:36549|dataStream:|priority:0], old=null
2021-12-22 01:08:02,274 [pool-448-thread-1] INFO  server.RaftServerConfigKeys (ConfUtils.java:logGet(44)) - raft.server.notification.no-leader.timeout = 300s (custom)
2021-12-22 01:08:02,274 [pool-448-thread-1] INFO  server.RaftServerConfigKeys (ConfUtils.java:logGet(44)) - raft.server.log.use.memory = false (default)
2021-12-22 01:08:02,274 [pool-448-thread-1] INFO  server.RaftServerConfigKeys (ConfUtils.java:logGet(44)) - raft.server.log.purge.gap = 1000000 (custom)
2021-12-22 01:08:02,274 [pool-448-thread-1] INFO  server.RaftServerConfigKeys (ConfUtils.java:logGet(44)) - raft.server.log.appender.buffer.byte-limit = 33554432 (custom)
2021-12-22 01:08:02,274 [pool-448-thread-1] INFO  server.RaftServerConfigKeys (ConfUtils.java:logGet(44)) - raft.server.log.segment.size.max = 1048576 (custom)
2021-12-22 01:08:02,275 [pool-448-thread-1] INFO  server.RaftServerConfigKeys (ConfUtils.java:logGet(44)) - raft.server.log.segment.cache.num.max = 2 (custom)
2021-12-22 01:08:02,275 [pool-448-thread-1] INFO  server.RaftServerConfigKeys (ConfUtils.java:logGet(44)) - raft.server.log.segment.cache.size.max = 200MB (=209715200) (default)
2021-12-22 01:08:02,275 [pool-448-thread-1] INFO  segmented.SegmentedRaftLogWorker (SegmentedRaftLogWorker.java:<init>(182)) - new a426eecb-3f7b-4bd3-8516-db356bf90be2@group-7E8A57294037-SegmentedRaftLogWorker for RaftStorageImpl:Storage Directory /home/runner/work/ozone/ozone/hadoop-ozone/integration-test/target/test-dir/MiniOzoneClusterImpl-042c0a5d-b585-40ed-8543-7186e0d9815b/datanode-1/data/ratis/5b6aeea7-e9c6-4233-8423-7e8a57294037
2021-12-22 01:08:02,275 [pool-448-thread-1] INFO  server.RaftServerConfigKeys (ConfUtils.java:logGet(44)) - raft.server.log.queue.byte-limit = 2147483647 (custom)
2021-12-22 01:08:02,275 [pool-448-thread-1] INFO  server.RaftServerConfigKeys (ConfUtils.java:logGet(44)) - raft.server.log.queue.element-limit = 1024 (custom)
2021-12-22 01:08:02,275 [pool-448-thread-1] INFO  server.RaftServerConfigKeys (ConfUtils.java:logGet(44)) - raft.server.log.segment.size.max = 1048576 (custom)
2021-12-22 01:08:02,275 [pool-448-thread-1] INFO  server.RaftServerConfigKeys (ConfUtils.java:logGet(44)) - raft.server.log.preallocated.size = 16384 (custom)
2021-12-22 01:08:02,275 [pool-448-thread-1] INFO  server.RaftServerConfigKeys (ConfUtils.java:logGet(44)) - raft.server.log.force.sync.num = 128 (default)
2021-12-22 01:08:02,275 [pool-448-thread-1] INFO  server.RaftServerConfigKeys (ConfUtils.java:logGet(44)) - raft.server.log.statemachine.data.sync = true (default)
2021-12-22 01:08:02,275 [pool-448-thread-1] INFO  server.RaftServerConfigKeys (ConfUtils.java:logGet(44)) - raft.server.log.statemachine.data.sync.timeout = 10s (default)
2021-12-22 01:08:02,275 [pool-448-thread-1] INFO  server.RaftServerConfigKeys (ConfUtils.java:logGet(44)) - raft.server.log.statemachine.data.sync.timeout.retry = -1 (default)
2021-12-22 01:08:02,276 [pool-448-thread-1] INFO  server.RaftServerConfigKeys (ConfUtils.java:logGet(44)) - raft.server.log.write.buffer.size = 1048576 (custom)
2021-12-22 01:08:02,276 [pool-448-thread-1] INFO  server.RaftServerConfigKeys (ConfUtils.java:logGet(44)) - raft.server.log.statemachine.data.caching.enabled = true (custom)
2021-12-22 01:08:02,283 [pool-448-thread-1] INFO  server.RaftServer$Division (ServerState.java:setRaftConf(387)) - a426eecb-3f7b-4bd3-8516-db356bf90be2@group-7E8A57294037: set configuration 0: [d1229c05-d9ac-40a7-9199-569f25256273|rpc:10.1.0.16:37951|dataStream:|priority:0, bc31efc5-a10f-49ea-82d4-325dc6674eda|rpc:10.1.0.16:45543|dataStream:|priority:1, a426eecb-3f7b-4bd3-8516-db356bf90be2|rpc:10.1.0.16:36549|dataStream:|priority:0], old=null
2021-12-22 01:08:02,290 [pool-448-thread-1] INFO  segmented.LogSegment (LogSegment.java:loadSegment(173)) - Successfully read 451 entries from segment file /home/runner/work/ozone/ozone/hadoop-ozone/integration-test/target/test-dir/MiniOzoneClusterImpl-042c0a5d-b585-40ed-8543-7186e0d9815b/datanode-1/data/ratis/5b6aeea7-e9c6-4233-8423-7e8a57294037/current/log_0-450
2021-12-22 01:08:02,299 [pool-448-thread-1] INFO  server.RaftServer$Division (ServerState.java:setRaftConf(387)) - a426eecb-3f7b-4bd3-8516-db356bf90be2@group-7E8A57294037: set configuration 451: [d1229c05-d9ac-40a7-9199-569f25256273|rpc:10.1.0.16:37951|dataStream:|priority:0, bc31efc5-a10f-49ea-82d4-325dc6674eda|rpc:10.1.0.16:45543|dataStream:|priority:1, a426eecb-3f7b-4bd3-8516-db356bf90be2|rpc:10.1.0.16:36549|dataStream:|priority:0], old=null
2021-12-22 01:08:02,299 [pool-448-thread-1] INFO  segmented.LogSegment (LogSegment.java:loadSegment(173)) - Successfully read 4 entries from segment file /home/runner/work/ozone/ozone/hadoop-ozone/integration-test/target/test-dir/MiniOzoneClusterImpl-042c0a5d-b585-40ed-8543-7186e0d9815b/datanode-1/data/ratis/5b6aeea7-e9c6-4233-8423-7e8a57294037/current/log_inprogress_451
2021-12-22 01:08:02,299 [pool-448-thread-1] INFO  segmented.SegmentedRaftLogWorker (SegmentedRaftLogWorker.java:lambda$new$0(133)) - a426eecb-3f7b-4bd3-8516-db356bf90be2@group-7E8A57294037-SegmentedRaftLogWorker: flushIndex: setUnconditionally 0 -> 454
2021-12-22 01:08:02,299 [pool-448-thread-1] INFO  segmented.SegmentedRaftLogWorker (SegmentedRaftLogWorker.java:lambda$new$0(133)) - a426eecb-3f7b-4bd3-8516-db356bf90be2@group-7E8A57294037-SegmentedRaftLogWorker: safeCacheEvictIndex: setUnconditionally 0 -> 450
2021-12-22 01:08:02,312 [pool-448-thread-1] INFO  raftlog.RaftLog (RaftLogBase.java:lambda$new$0(53)) - a426eecb-3f7b-4bd3-8516-db356bf90be2@group-7E8A57294037-SegmentedRaftLog: commitIndex: updateToMax old=454, new=453, updated? false
2021-12-22 01:08:02,314 [pool-448-thread-1] INFO  server.RaftServerConfigKeys (ConfUtils.java:logGet(44)) - raft.server.snapshot.auto.trigger.enabled = true (custom)
2021-12-22 01:08:02,314 [pool-448-thread-1] INFO  server.RaftServerConfigKeys (ConfUtils.java:logGet(44)) - raft.server.snapshot.auto.trigger.threshold = 10000 (custom)
2021-12-22 01:08:02,314 [pool-448-thread-1] INFO  server.RaftServerConfigKeys (ConfUtils.java:logGet(44)) - raft.server.snapshot.retention.file.num = 5 (custom)
2021-12-22 01:08:02,314 [pool-448-thread-1] INFO  server.RaftServerConfigKeys (ConfUtils.java:logGet(44)) - raft.server.log.purge.upto.snapshot.index = false (default)
2021-12-22 01:08:02,314 [pool-448-thread-1] INFO  server.RaftServerConfigKeys (ConfUtils.java:logGet(44)) - raft.server.retrycache.expirytime = 600000ms (custom)
2021-12-22 01:08:02,314 [pool-448-thread-1] INFO  server.RaftServerConfigKeys (ConfUtils.java:logGet(44)) - raft.server.retrycache.statistics.expirytime = 100μs (default)
2021-12-22 01:08:02,316 [pool-448-thread-1] INFO  server.RaftServer$Division (RaftServerImpl.java:<init>(184)) - a426eecb-3f7b-4bd3-8516-db356bf90be2: new RaftServerImpl for group-76C9E7F23109:[] with ContainerStateMachine:uninitialized
2021-12-22 01:08:02,316 [pool-448-thread-1] INFO  server.RaftServerConfigKeys (ConfUtils.java:logGet(44)) - raft.server.rpc.timeout.min = 5s (custom)
2021-12-22 01:08:02,316 [pool-448-thread-1] INFO  server.RaftServerConfigKeys (ConfUtils.java:logGet(44)) - raft.server.rpc.timeout.max = 5200ms (custom)
2021-12-22 01:08:02,316 [pool-448-thread-1] INFO  server.RaftServerConfigKeys (ConfUtils.java:logGet(44)) - raft.server.rpc.sleep.time = 25ms (default)
2021-12-22 01:08:02,316 [pool-448-thread-1] INFO  server.RaftServerConfigKeys (ConfUtils.java:logGet(44)) - raft.server.rpc.slowness.timeout = 300s (custom)
2021-12-22 01:08:02,316 [pool-448-thread-1] INFO  server.RaftServerConfigKeys (ConfUtils.java:logGet(44)) - raft.server.leaderelection.leader.step-down.wait-time = 10s (default)
2021-12-22 01:08:02,316 [pool-448-thread-1] INFO  server.RaftServerConfigKeys (ConfUtils.java:logGet(44)) - raft.server.sleep.deviation.threshold = 300ms (default)
2021-12-22 01:08:02,316 [pool-448-thread-1] INFO  server.RaftServerConfigKeys (ConfUtils.java:logGet(44)) - raft.server.log.appender.install.snapshot.enabled = false (custom)
2021-12-22 01:08:02,316 [pool-448-thread-1] INFO  server.RaftServer$Division (ServerState.java:<init>(105)) - a426eecb-3f7b-4bd3-8516-db356bf90be2@group-76C9E7F23109: ConfigurationManager, init=-1: [], old=null, confs=<EMPTY_MAP>
2021-12-22 01:08:02,316 [pool-448-thread-1] INFO  server.RaftServerConfigKeys (ConfUtils.java:logGet(44)) - raft.server.storage.dir = [/home/runner/work/ozone/ozone/hadoop-ozone/integration-test/target/test-dir/MiniOzoneClusterImpl-042c0a5d-b585-40ed-8543-7186e0d9815b/datanode-1/data/ratis] (custom)
2021-12-22 01:08:02,317 [pool-448-thread-1] INFO  server.RaftServerConfigKeys (ConfUtils.java:logGet(44)) - raft.server.log.corruption.policy = EXCEPTION (default)
2021-12-22 01:08:02,317 [pool-448-thread-1] INFO  server.RaftServerConfigKeys (ConfUtils.java:logGet(44)) - raft.server.storage.free-space.min = 0MB (=0) (default)
2021-12-22 01:08:02,319 [pool-448-thread-1] INFO  storage.RaftStorageDirectory (RaftStorageDirectoryImpl.java:tryLock(230)) - Lock on /home/runner/work/ozone/ozone/hadoop-ozone/integration-test/target/test-dir/MiniOzoneClusterImpl-042c0a5d-b585-40ed-8543-7186e0d9815b/datanode-1/data/ratis/3cb58a2a-b22a-431d-a37e-76c9e7f23109/in_use.lock acquired by nodename 19159@fv-az148-641
2021-12-22 01:08:02,319 [pool-448-thread-1] INFO  storage.RaftStorage (RaftStorageImpl.java:analyzeAndRecoverStorage(110)) - Read RaftStorageMetadata{term=2, votedFor=d1229c05-d9ac-40a7-9199-569f25256273} from /home/runner/work/ozone/ozone/hadoop-ozone/integration-test/target/test-dir/MiniOzoneClusterImpl-042c0a5d-b585-40ed-8543-7186e0d9815b/datanode-1/data/ratis/3cb58a2a-b22a-431d-a37e-76c9e7f23109/current/raft-meta
2021-12-22 01:08:02,320 [pool-448-thread-1] INFO  ratis.ContainerStateMachine (ContainerStateMachine.java:loadSnapshot(240)) - group-76C9E7F23109: Setting the last applied index to (t:2, i:489)
2021-12-22 01:08:02,320 [pool-448-thread-1] WARN  impl.ContainerSet (ContainerSet.java:lambda$buildMissingContainerSetAndValidate$2(279)) - Marking container 3 unhealthy as reported BCSID 486 is smaller than ratis snapshot recorded value 487
2021-12-22 01:08:02,344 [pool-448-thread-1] WARN  keyvalue.KeyValueContainer (KeyValueContainer.java:markContainerUnhealthy(303)) - Moving container /home/runner/work/ozone/ozone/hadoop-ozone/integration-test/target/test-dir/MiniOzoneClusterImpl-042c0a5d-b585-40ed-8543-7186e0d9815b/datanode-1/data-0/containers/hdds/042c0a5d-b585-40ed-8543-7186e0d9815b/current/containerDir0/3 to state UNHEALTHY from state:UNHEALTHY Trace:java.lang.Thread.getStackTrace(Thread.java:1559)
org.apache.hadoop.util.StringUtils.getStackTrace(StringUtils.java:1060)
org.apache.hadoop.ozone.container.keyvalue.KeyValueContainer.markContainerUnhealthy(KeyValueContainer.java:305)
org.apache.hadoop.ozone.container.common.impl.ContainerSet.lambda$buildMissingContainerSetAndValidate$2(ContainerSet.java:287)
java.util.stream.ForEachOps$ForEachOp$OfRef.accept(ForEachOps.java:183)
java.util.concurrent.ConcurrentHashMap$EntrySpliterator.forEachRemaining(ConcurrentHashMap.java:3606)
java.util.stream.AbstractPipeline.copyInto(AbstractPipeline.java:482)
java.util.stream.ForEachOps$ForEachTask.compute(ForEachOps.java:290)
java.util.concurrent.CountedCompleter.exec(CountedCompleter.java:731)
java.util.concurrent.ForkJoinTask.doExec(ForkJoinTask.java:289)
java.util.concurrent.ForkJoinTask.doInvoke(ForkJoinTask.java:401)
java.util.concurrent.ForkJoinTask.invoke(ForkJoinTask.java:734)
java.util.stream.ForEachOps$ForEachOp.evaluateParallel(ForEachOps.java:159)
java.util.stream.ForEachOps$ForEachOp$OfRef.evaluateParallel(ForEachOps.java:173)
java.util.stream.AbstractPipeline.evaluate(AbstractPipeline.java:233)
java.util.stream.ReferencePipeline.forEach(ReferencePipeline.java:485)
java.util.stream.ReferencePipeline$Head.forEach(ReferencePipeline.java:650)
org.apache.hadoop.ozone.container.common.impl.ContainerSet.buildMissingContainerSetAndValidate(ContainerSet.java:269)
org.apache.hadoop.ozone.container.common.impl.HddsDispatcher.buildMissingContainerSetAndValidate(HddsDispatcher.java:161)
org.apache.hadoop.ozone.container.common.transport.server.ratis.ContainerStateMachine.buildMissingContainerSet(ContainerStateMachine.java:261)
org.apache.hadoop.ozone.container.common.transport.server.ratis.ContainerStateMachine.loadSnapshot(ContainerStateMachine.java:245)
org.apache.hadoop.ozone.container.common.transport.server.ratis.ContainerStateMachine.initialize(ContainerStateMachine.java:224)
org.apache.ratis.server.impl.ServerState.<init>(ServerState.java:134)
org.apache.ratis.server.impl.RaftServerImpl.<init>(RaftServerImpl.java:197)
org.apache.ratis.server.impl.RaftServerProxy.lambda$newRaftServerImpl$4(RaftServerProxy.java:266)
java.util.concurrent.CompletableFuture$AsyncSupply.run(CompletableFuture.java:1604)
java.util.concurrent.ThreadPoolExecutor.runWorker(ThreadPoolExecutor.java:1149)
java.util.concurrent.ThreadPoolExecutor$Worker.run(ThreadPoolExecutor.java:624)
java.lang.Thread.run(Thread.java:748)

2021-12-22 01:08:02,344 [pool-448-thread-1] INFO  server.RaftServer$Division (ServerState.java:setRaftConf(387)) - a426eecb-3f7b-4bd3-8516-db356bf90be2@group-76C9E7F23109: set configuration 0: [bc31efc5-a10f-49ea-82d4-325dc6674eda|rpc:10.1.0.16:45543|dataStream:|priority:0, d1229c05-d9ac-40a7-9199-569f25256273|rpc:10.1.0.16:37951|dataStream:|priority:1, a426eecb-3f7b-4bd3-8516-db356bf90be2|rpc:10.1.0.16:36549|dataStream:|priority:0], old=null
2021-12-22 01:08:02,344 [pool-448-thread-1] INFO  server.RaftServerConfigKeys (ConfUtils.java:logGet(44)) - raft.server.notification.no-leader.timeout = 300s (custom)
2021-12-22 01:08:02,344 [pool-448-thread-1] INFO  server.RaftServerConfigKeys (ConfUtils.java:logGet(44)) - raft.server.log.use.memory = false (default)
2021-12-22 01:08:02,344 [pool-448-thread-1] INFO  server.RaftServerConfigKeys (ConfUtils.java:logGet(44)) - raft.server.log.purge.gap = 1000000 (custom)
2021-12-22 01:08:02,344 [pool-448-thread-1] INFO  server.RaftServerConfigKeys (ConfUtils.java:logGet(44)) - raft.server.log.appender.buffer.byte-limit = 33554432 (custom)
2021-12-22 01:08:02,344 [pool-448-thread-1] INFO  server.RaftServerConfigKeys (ConfUtils.java:logGet(44)) - raft.server.log.segment.size.max = 1048576 (custom)
2021-12-22 01:08:02,345 [pool-448-thread-1] INFO  server.RaftServerConfigKeys (ConfUtils.java:logGet(44)) - raft.server.log.segment.cache.num.max = 2 (custom)
2021-12-22 01:08:02,345 [pool-448-thread-1] INFO  server.RaftServerConfigKeys (ConfUtils.java:logGet(44)) - raft.server.log.segment.cache.size.max = 200MB (=209715200) (default)
2021-12-22 01:08:02,345 [pool-448-thread-1] INFO  segmented.SegmentedRaftLogWorker (SegmentedRaftLogWorker.java:<init>(182)) - new a426eecb-3f7b-4bd3-8516-db356bf90be2@group-76C9E7F23109-SegmentedRaftLogWorker for RaftStorageImpl:Storage Directory /home/runner/work/ozone/ozone/hadoop-ozone/integration-test/target/test-dir/MiniOzoneClusterImpl-042c0a5d-b585-40ed-8543-7186e0d9815b/datanode-1/data/ratis/3cb58a2a-b22a-431d-a37e-76c9e7f23109
2021-12-22 01:08:02,345 [pool-448-thread-1] INFO  server.RaftServerConfigKeys (ConfUtils.java:logGet(44)) - raft.server.log.queue.byte-limit = 2147483647 (custom)
2021-12-22 01:08:02,345 [pool-448-thread-1] INFO  server.RaftServerConfigKeys (ConfUtils.java:logGet(44)) - raft.server.log.queue.element-limit = 1024 (custom)
2021-12-22 01:08:02,345 [pool-448-thread-1] INFO  server.RaftServerConfigKeys (ConfUtils.java:logGet(44)) - raft.server.log.segment.size.max = 1048576 (custom)
2021-12-22 01:08:02,345 [pool-448-thread-1] INFO  server.RaftServerConfigKeys (ConfUtils.java:logGet(44)) - raft.server.log.preallocated.size = 16384 (custom)
2021-12-22 01:08:02,345 [pool-448-thread-1] INFO  server.RaftServerConfigKeys (ConfUtils.java:logGet(44)) - raft.server.log.force.sync.num = 128 (default)
2021-12-22 01:08:02,345 [pool-448-thread-1] INFO  server.RaftServerConfigKeys (ConfUtils.java:logGet(44)) - raft.server.log.statemachine.data.sync = true (default)
2021-12-22 01:08:02,345 [pool-448-thread-1] INFO  server.RaftServerConfigKeys (ConfUtils.java:logGet(44)) - raft.server.log.statemachine.data.sync.timeout = 10s (default)
2021-12-22 01:08:02,345 [pool-448-thread-1] INFO  server.RaftServerConfigKeys (ConfUtils.java:logGet(44)) - raft.server.log.statemachine.data.sync.timeout.retry = -1 (default)
2021-12-22 01:08:02,346 [pool-448-thread-1] INFO  server.RaftServerConfigKeys (ConfUtils.java:logGet(44)) - raft.server.log.write.buffer.size = 1048576 (custom)
2021-12-22 01:08:02,346 [pool-448-thread-1] INFO  server.RaftServerConfigKeys (ConfUtils.java:logGet(44)) - raft.server.log.statemachine.data.caching.enabled = true (custom)
2021-12-22 01:08:02,347 [pool-448-thread-1] INFO  server.RaftServer$Division (ServerState.java:setRaftConf(387)) - a426eecb-3f7b-4bd3-8516-db356bf90be2@group-76C9E7F23109: set configuration 0: [bc31efc5-a10f-49ea-82d4-325dc6674eda|rpc:10.1.0.16:45543|dataStream:|priority:0, d1229c05-d9ac-40a7-9199-569f25256273|rpc:10.1.0.16:37951|dataStream:|priority:1, a426eecb-3f7b-4bd3-8516-db356bf90be2|rpc:10.1.0.16:36549|dataStream:|priority:0], old=null
2021-12-22 01:08:02,348 [pool-448-thread-1] INFO  segmented.LogSegment (LogSegment.java:loadSegment(173)) - Successfully read 490 entries from segment file /home/runner/work/ozone/ozone/hadoop-ozone/integration-test/target/test-dir/MiniOzoneClusterImpl-042c0a5d-b585-40ed-8543-7186e0d9815b/datanode-1/data/ratis/3cb58a2a-b22a-431d-a37e-76c9e7f23109/current/log_inprogress_0
2021-12-22 01:08:02,350 [pool-448-thread-1] INFO  segmented.SegmentedRaftLogWorker (SegmentedRaftLogWorker.java:lambda$new$0(133)) - a426eecb-3f7b-4bd3-8516-db356bf90be2@group-76C9E7F23109-SegmentedRaftLogWorker: flushIndex: setUnconditionally 0 -> 489
2021-12-22 01:08:02,350 [pool-448-thread-1] INFO  segmented.SegmentedRaftLogWorker (SegmentedRaftLogWorker.java:lambda$new$0(133)) - a426eecb-3f7b-4bd3-8516-db356bf90be2@group-76C9E7F23109-SegmentedRaftLogWorker: safeCacheEvictIndex: setUnconditionally 0 -> -1
2021-12-22 01:08:02,360 [pool-448-thread-1] INFO  raftlog.RaftLog (RaftLogBase.java:lambda$new$0(53)) - a426eecb-3f7b-4bd3-8516-db356bf90be2@group-76C9E7F23109-SegmentedRaftLog: commitIndex: updateToMax old=489, new=487, updated? false
2021-12-22 01:08:02,360 [pool-448-thread-1] INFO  server.RaftServerConfigKeys (ConfUtils.java:logGet(44)) - raft.server.snapshot.auto.trigger.enabled = true (custom)
2021-12-22 01:08:02,360 [pool-448-thread-1] INFO  server.RaftServerConfigKeys (ConfUtils.java:logGet(44)) - raft.server.snapshot.auto.trigger.threshold = 10000 (custom)
2021-12-22 01:08:02,360 [pool-448-thread-1] INFO  server.RaftServerConfigKeys (ConfUtils.java:logGet(44)) - raft.server.snapshot.retention.file.num = 5 (custom)
2021-12-22 01:08:02,360 [pool-448-thread-1] INFO  server.RaftServerConfigKeys (ConfUtils.java:logGet(44)) - raft.server.log.purge.upto.snapshot.index = false (default)
2021-12-22 01:08:02,360 [pool-448-thread-1] INFO  server.RaftServerConfigKeys (ConfUtils.java:logGet(44)) - raft.server.retrycache.expirytime = 600000ms (custom)
2021-12-22 01:08:02,360 [pool-448-thread-1] INFO  server.RaftServerConfigKeys (ConfUtils.java:logGet(44)) - raft.server.retrycache.statistics.expirytime = 100μs (default)
2021-12-22 01:08:02,368 [EndpointStateMachine task thread for /0.0.0.0:41881 - 0 ] WARN  statemachine.EndpointStateMachine (EndpointStateMachine.java:logIfNeeded(236)) - Unable to communicate to SCM server at 0.0.0.0:41881 for past 0 seconds.
java.io.IOException: Failed to lock storage /home/runner/work/ozone/ozone/hadoop-ozone/integration-test/target/test-dir/MiniOzoneClusterImpl-042c0a5d-b585-40ed-8543-7186e0d9815b/datanode-1/data/ratis/8edec5f9-fc9d-4b56-88d0-3e424bc0e779. The directory is already locked
	at org.apache.ratis.server.storage.RaftStorageDirectoryImpl.tryLock(RaftStorageDirectoryImpl.java:236)
	at org.apache.ratis.server.storage.RaftStorageDirectoryImpl.lambda$lock$0(RaftStorageDirectoryImpl.java:194)
	at org.apache.ratis.util.JavaUtils.attempt(JavaUtils.java:166)
	at org.apache.ratis.util.FileUtils.attempt(FileUtils.java:41)
	at org.apache.ratis.server.storage.RaftStorageDirectoryImpl.lock(RaftStorageDirectoryImpl.java:194)
	at org.apache.ratis.server.storage.RaftStorageDirectoryImpl.analyzeStorage(RaftStorageDirectoryImpl.java:153)
	at org.apache.ratis.server.storage.RaftStorageImpl.analyzeAndRecoverStorage(RaftStorageImpl.java:97)
	at org.apache.ratis.server.storage.RaftStorageImpl.<init>(RaftStorageImpl.java:67)
	at org.apache.ratis.server.storage.RaftStorageImpl.<init>(RaftStorageImpl.java:52)
	at org.apache.ratis.server.impl.ServerState.<init>(ServerState.java:114)
	at org.apache.ratis.server.impl.RaftServerImpl.<init>(RaftServerImpl.java:197)
	at org.apache.ratis.server.impl.RaftServerProxy.lambda$newRaftServerImpl$4(RaftServerProxy.java:266)
	at java.util.concurrent.CompletableFuture$AsyncSupply.run(CompletableFuture.java:1604)
	at java.util.concurrent.ThreadPoolExecutor.runWorker(ThreadPoolExecutor.java:1149)
	at java.util.concurrent.ThreadPoolExecutor$Worker.run(ThreadPoolExecutor.java:624)
	at java.lang.Thread.run(Thread.java:748)
Caused by: java.nio.channels.OverlappingFileLockException
	at sun.nio.ch.SharedFileLockTable.checkList(FileLockTable.java:255)
	at sun.nio.ch.SharedFileLockTable.add(FileLockTable.java:152)
	at sun.nio.ch.FileChannelImpl.tryLock(FileChannelImpl.java:1107)
	at java.nio.channels.FileChannel.tryLock(FileChannel.java:1155)
	at org.apache.ratis.server.storage.RaftStorageDirectoryImpl.tryLock(RaftStorageDirectoryImpl.java:224)
	... 15 more
2021-12-22 01:08:02,868 [bc31efc5-a10f-49ea-82d4-325dc6674eda@group-3E424BC0E779-FollowerState] INFO  impl.FollowerState (FollowerState.java:run(134)) - bc31efc5-a10f-49ea-82d4-325dc6674eda@group-3E424BC0E779-FollowerState: change to CANDIDATE, lastRpcElapsedTime:5076662671ns, electionTimeout:5055ms
2021-12-22 01:08:02,869 [bc31efc5-a10f-49ea-82d4-325dc6674eda@group-3E424BC0E779-FollowerState] INFO  impl.RoleInfo (RoleInfo.java:shutdownFollowerState(108)) - bc31efc5-a10f-49ea-82d4-325dc6674eda: shutdown bc31efc5-a10f-49ea-82d4-325dc6674eda@group-3E424BC0E779-FollowerState
2021-12-22 01:08:02,869 [bc31efc5-a10f-49ea-82d4-325dc6674eda@group-3E424BC0E779-FollowerState] INFO  server.RaftServer$Division (RaftServerImpl.java:setRole(290)) - bc31efc5-a10f-49ea-82d4-325dc6674eda@group-3E424BC0E779: changes role from  FOLLOWER to CANDIDATE at term 1 for changeToCandidate
2021-12-22 01:08:02,869 [bc31efc5-a10f-49ea-82d4-325dc6674eda@group-3E424BC0E779-FollowerState] INFO  server.RaftServerConfigKeys (ConfUtils.java:logGet(44)) - raft.server.leaderelection.pre-vote = false (custom)
2021-12-22 01:08:02,869 [bc31efc5-a10f-49ea-82d4-325dc6674eda@group-3E424BC0E779-FollowerState] INFO  impl.RoleInfo (RoleInfo.java:updateAndGet(130)) - bc31efc5-a10f-49ea-82d4-325dc6674eda: start bc31efc5-a10f-49ea-82d4-325dc6674eda@group-3E424BC0E779-LeaderElection9
2021-12-22 01:08:02,883 [bc31efc5-a10f-49ea-82d4-325dc6674eda@group-3E424BC0E779-LeaderElection9] INFO  impl.LeaderElection (LeaderElection.java:askForVotes(306)) - bc31efc5-a10f-49ea-82d4-325dc6674eda@group-3E424BC0E779-LeaderElection9 ELECTION round 0: submit vote requests at term 2 for -1: [bc31efc5-a10f-49ea-82d4-325dc6674eda|rpc:10.1.0.16:45543|dataStream:|priority:1, d1229c05-d9ac-40a7-9199-569f25256273|rpc:10.1.0.16:37951|dataStream:|priority:0, a426eecb-3f7b-4bd3-8516-db356bf90be2|rpc:10.1.0.16:36549|dataStream:|priority:0], old=null
2021-12-22 01:08:02,903 [grpc-default-executor-4] INFO  server.RaftServer$Division (RaftServerImpl.java:requestVote(1046)) - d1229c05-d9ac-40a7-9199-569f25256273@group-3E424BC0E779: receive requestVote(ELECTION, bc31efc5-a10f-49ea-82d4-325dc6674eda, group-3E424BC0E779, 2, (t:0, i:0))
2021-12-22 01:08:02,904 [grpc-default-executor-4] INFO  impl.VoteContext (VoteContext.java:log(48)) - d1229c05-d9ac-40a7-9199-569f25256273@group-3E424BC0E779-FOLLOWER: accept ELECTION from bc31efc5-a10f-49ea-82d4-325dc6674eda: our priority 0 <= candidate's priority 1
2021-12-22 01:08:02,904 [grpc-default-executor-4] INFO  server.RaftServer$Division (RaftServerImpl.java:setRole(290)) - d1229c05-d9ac-40a7-9199-569f25256273@group-3E424BC0E779: changes role from  FOLLOWER to FOLLOWER at term 2 for candidate:bc31efc5-a10f-49ea-82d4-325dc6674eda
2021-12-22 01:08:02,904 [grpc-default-executor-4] INFO  impl.RoleInfo (RoleInfo.java:shutdownFollowerState(108)) - d1229c05-d9ac-40a7-9199-569f25256273: shutdown d1229c05-d9ac-40a7-9199-569f25256273@group-3E424BC0E779-FollowerState
2021-12-22 01:08:02,904 [grpc-default-executor-4] INFO  impl.RoleInfo (RoleInfo.java:updateAndGet(130)) - d1229c05-d9ac-40a7-9199-569f25256273: start d1229c05-d9ac-40a7-9199-569f25256273@group-3E424BC0E779-FollowerState
2021-12-22 01:08:02,904 [d1229c05-d9ac-40a7-9199-569f25256273@group-3E424BC0E779-FollowerState] INFO  impl.FollowerState (FollowerState.java:run(143)) - d1229c05-d9ac-40a7-9199-569f25256273@group-3E424BC0E779-FollowerState was interrupted: {}
java.lang.InterruptedException: sleep interrupted
	at java.lang.Thread.sleep(Native Method)
	at java.lang.Thread.sleep(Thread.java:340)
	at java.util.concurrent.TimeUnit.sleep(TimeUnit.java:386)
	at org.apache.ratis.util.TimeDuration.sleep(TimeDuration.java:324)
	at org.apache.ratis.util.TimeDuration.sleep(TimeDuration.java:309)
	at org.apache.ratis.server.impl.FollowerState.run(FollowerState.java:118)
2021-12-22 01:08:02,919 [bc31efc5-a10f-49ea-82d4-325dc6674eda@group-3E424BC0E779-LeaderElection9] INFO  impl.LeaderElection (LogUtils.java:infoOrTrace(137)) - bc31efc5-a10f-49ea-82d4-325dc6674eda@group-3E424BC0E779-LeaderElection9 got exception when requesting votes: java.util.concurrent.ExecutionException: org.apache.ratis.thirdparty.io.grpc.StatusRuntimeException: UNAVAILABLE: io exception
2021-12-22 01:08:02,919 [grpc-default-executor-4] INFO  server.RaftServer$Division (RaftServerImpl.java:requestVote(1078)) - d1229c05-d9ac-40a7-9199-569f25256273@group-3E424BC0E779 replies to ELECTION vote request: bc31efc5-a10f-49ea-82d4-325dc6674eda<-d1229c05-d9ac-40a7-9199-569f25256273#0:OK-t2. Peer's state: d1229c05-d9ac-40a7-9199-569f25256273@group-3E424BC0E779:t2, leader=null, voted=bc31efc5-a10f-49ea-82d4-325dc6674eda, raftlog=d1229c05-d9ac-40a7-9199-569f25256273@group-3E424BC0E779-SegmentedRaftLog:OPENED:c-1, conf=-1: [bc31efc5-a10f-49ea-82d4-325dc6674eda|rpc:10.1.0.16:45543|priority:1, d1229c05-d9ac-40a7-9199-569f25256273|rpc:10.1.0.16:37951|priority:0, a426eecb-3f7b-4bd3-8516-db356bf90be2|rpc:10.1.0.16:36549|priority:0], old=null
2021-12-22 01:08:02,921 [bc31efc5-a10f-49ea-82d4-325dc6674eda@group-3E424BC0E779-LeaderElection9] INFO  impl.LeaderElection (LeaderElection.java:logAndReturn(89)) - bc31efc5-a10f-49ea-82d4-325dc6674eda@group-3E424BC0E779-LeaderElection9: ELECTION PASSED received 1 response(s) and 1 exception(s):
2021-12-22 01:08:02,921 [bc31efc5-a10f-49ea-82d4-325dc6674eda@group-3E424BC0E779-LeaderElection9] INFO  impl.LeaderElection (LeaderElection.java:logAndReturn(93)) -   Response 0: bc31efc5-a10f-49ea-82d4-325dc6674eda<-d1229c05-d9ac-40a7-9199-569f25256273#0:OK-t2
2021-12-22 01:08:02,921 [bc31efc5-a10f-49ea-82d4-325dc6674eda@group-3E424BC0E779-LeaderElection9] INFO  impl.LeaderElection (LogUtils.java:infoOrTrace(137)) -   Exception 1: java.util.concurrent.ExecutionException: org.apache.ratis.thirdparty.io.grpc.StatusRuntimeException: UNAVAILABLE: io exception
2021-12-22 01:08:02,921 [bc31efc5-a10f-49ea-82d4-325dc6674eda@group-3E424BC0E779-LeaderElection9] INFO  impl.LeaderElection (LeaderElection.java:askForVotes(308)) - bc31efc5-a10f-49ea-82d4-325dc6674eda@group-3E424BC0E779-LeaderElection9 ELECTION round 0: result PASSED
2021-12-22 01:08:02,921 [bc31efc5-a10f-49ea-82d4-325dc6674eda@group-3E424BC0E779-LeaderElection9] INFO  impl.RoleInfo (RoleInfo.java:shutdownLeaderElection(121)) - bc31efc5-a10f-49ea-82d4-325dc6674eda: shutdown bc31efc5-a10f-49ea-82d4-325dc6674eda@group-3E424BC0E779-LeaderElection9
2021-12-22 01:08:02,921 [bc31efc5-a10f-49ea-82d4-325dc6674eda@group-3E424BC0E779-LeaderElection9] INFO  server.RaftServer$Division (RaftServerImpl.java:setRole(290)) - bc31efc5-a10f-49ea-82d4-325dc6674eda@group-3E424BC0E779: changes role from CANDIDATE to LEADER at term 2 for changeToLeader
2021-12-22 01:08:02,921 [bc31efc5-a10f-49ea-82d4-325dc6674eda@group-3E424BC0E779-LeaderElection9] INFO  ratis.XceiverServerRatis (XceiverServerRatis.java:handleLeaderChangedNotification(866)) - Leader change notification received for group: group-3E424BC0E779 with new leaderId: bc31efc5-a10f-49ea-82d4-325dc6674eda
2021-12-22 01:08:02,921 [bc31efc5-a10f-49ea-82d4-325dc6674eda@group-3E424BC0E779-LeaderElection9] INFO  server.RaftServer$Division (ServerState.java:setLeader(285)) - bc31efc5-a10f-49ea-82d4-325dc6674eda@group-3E424BC0E779: change Leader from null to bc31efc5-a10f-49ea-82d4-325dc6674eda at term 2 for becomeLeader, leader elected after 10306ms
2021-12-22 01:08:02,921 [bc31efc5-a10f-49ea-82d4-325dc6674eda@group-3E424BC0E779-LeaderElection9] INFO  server.RaftServerConfigKeys (ConfUtils.java:logGet(44)) - raft.server.staging.catchup.gap = 1000 (default)
2021-12-22 01:08:02,921 [bc31efc5-a10f-49ea-82d4-325dc6674eda@group-3E424BC0E779-LeaderElection9] INFO  server.RaftServerConfigKeys (ConfUtils.java:logGet(44)) - raft.server.write.element-limit = 1024 (custom)
2021-12-22 01:08:02,922 [bc31efc5-a10f-49ea-82d4-325dc6674eda@group-3E424BC0E779-LeaderElection9] INFO  server.RaftServerConfigKeys (ConfUtils.java:logGet(44)) - raft.server.write.byte-limit = 1024 M (=1073741824) (custom)
2021-12-22 01:08:02,922 [bc31efc5-a10f-49ea-82d4-325dc6674eda@group-3E424BC0E779-LeaderElection9] INFO  server.RaftServerConfigKeys (ConfUtils.java:logGet(44)) - raft.server.watch.timeout = 180s (custom)
2021-12-22 01:08:02,922 [bc31efc5-a10f-49ea-82d4-325dc6674eda@group-3E424BC0E779-LeaderElection9] INFO  server.RaftServerConfigKeys (ConfUtils.java:logGet(44)) - raft.server.watch.timeout.denomination = 1s (default)
2021-12-22 01:08:02,922 [bc31efc5-a10f-49ea-82d4-325dc6674eda@group-3E424BC0E779-LeaderElection9] INFO  server.RaftServerConfigKeys (ConfUtils.java:logGet(44)) - raft.server.watch.element-limit = 65536 (default)
2021-12-22 01:08:02,922 [bc31efc5-a10f-49ea-82d4-325dc6674eda@group-3E424BC0E779-LeaderElection9] INFO  server.RaftServerConfigKeys (ConfUtils.java:logGet(44)) - raft.server.write.element-limit = 1024 (custom)
2021-12-22 01:08:02,922 [bc31efc5-a10f-49ea-82d4-325dc6674eda@group-3E424BC0E779-LeaderElection9] INFO  server.RaftServerConfigKeys (ConfUtils.java:logGet(44)) - raft.server.write.follower.gap.ratio.max = -1.0 (default)
2021-12-22 01:08:02,922 [bc31efc5-a10f-49ea-82d4-325dc6674eda@group-3E424BC0E779-LeaderElection9] INFO  server.RaftServerConfigKeys (ConfUtils.java:logGet(44)) - raft.server.log.appender.snapshot.chunk.size.max = 16MB (=16777216) (default)
2021-12-22 01:08:02,922 [bc31efc5-a10f-49ea-82d4-325dc6674eda@group-3E424BC0E779-LeaderElection9] INFO  server.RaftServerConfigKeys (ConfUtils.java:logGet(44)) - raft.server.log.appender.buffer.byte-limit = 33554432 (custom)
2021-12-22 01:08:02,922 [bc31efc5-a10f-49ea-82d4-325dc6674eda@group-3E424BC0E779-LeaderElection9] INFO  server.RaftServerConfigKeys (ConfUtils.java:logGet(44)) - raft.server.log.appender.buffer.element-limit = 1 (custom)
2021-12-22 01:08:02,922 [bc31efc5-a10f-49ea-82d4-325dc6674eda@group-3E424BC0E779-LeaderElection9] INFO  grpc.GrpcConfigKeys (ConfUtils.java:logGet(44)) - raft.grpc.server.leader.outstanding.appends.max = 128 (default)
2021-12-22 01:08:02,922 [bc31efc5-a10f-49ea-82d4-325dc6674eda@group-3E424BC0E779-LeaderElection9] INFO  server.RaftServerConfigKeys (ConfUtils.java:logGet(44)) - raft.server.rpc.request.timeout = 60s (custom)
2021-12-22 01:08:02,922 [bc31efc5-a10f-49ea-82d4-325dc6674eda@group-3E424BC0E779-LeaderElection9] INFO  server.RaftServerConfigKeys (ConfUtils.java:logGet(44)) - raft.server.log.appender.install.snapshot.enabled = false (custom)
2021-12-22 01:08:02,923 [bc31efc5-a10f-49ea-82d4-325dc6674eda@group-3E424BC0E779-LeaderElection9] INFO  server.RaftServerConfigKeys (ConfUtils.java:logGet(44)) - raft.server.log.appender.snapshot.chunk.size.max = 16MB (=16777216) (default)
2021-12-22 01:08:02,923 [bc31efc5-a10f-49ea-82d4-325dc6674eda@group-3E424BC0E779-LeaderElection9] INFO  server.RaftServerConfigKeys (ConfUtils.java:logGet(44)) - raft.server.log.appender.buffer.byte-limit = 33554432 (custom)
2021-12-22 01:08:02,923 [bc31efc5-a10f-49ea-82d4-325dc6674eda@group-3E424BC0E779-LeaderElection9] INFO  server.RaftServerConfigKeys (ConfUtils.java:logGet(44)) - raft.server.log.appender.buffer.element-limit = 1 (custom)
2021-12-22 01:08:02,923 [bc31efc5-a10f-49ea-82d4-325dc6674eda@group-3E424BC0E779-LeaderElection9] INFO  grpc.GrpcConfigKeys (ConfUtils.java:logGet(44)) - raft.grpc.server.leader.outstanding.appends.max = 128 (default)
2021-12-22 01:08:02,923 [bc31efc5-a10f-49ea-82d4-325dc6674eda@group-3E424BC0E779-LeaderElection9] INFO  server.RaftServerConfigKeys (ConfUtils.java:logGet(44)) - raft.server.rpc.request.timeout = 60s (custom)
2021-12-22 01:08:02,925 [bc31efc5-a10f-49ea-82d4-325dc6674eda@group-3E424BC0E779-LeaderElection9] INFO  server.RaftServerConfigKeys (ConfUtils.java:logGet(44)) - raft.server.log.appender.install.snapshot.enabled = false (custom)
2021-12-22 01:08:02,926 [bc31efc5-a10f-49ea-82d4-325dc6674eda@group-3E424BC0E779-LeaderElection9] INFO  impl.RoleInfo (RoleInfo.java:updateAndGet(130)) - bc31efc5-a10f-49ea-82d4-325dc6674eda: start bc31efc5-a10f-49ea-82d4-325dc6674eda@group-3E424BC0E779-LeaderStateImpl
2021-12-22 01:08:02,926 [bc31efc5-a10f-49ea-82d4-325dc6674eda@group-3E424BC0E779-LeaderElection9] INFO  segmented.SegmentedRaftLogWorker (SegmentedRaftLogWorker.java:startLogSegment(394)) - bc31efc5-a10f-49ea-82d4-325dc6674eda@group-3E424BC0E779-SegmentedRaftLogWorker: Starting segment from index:0
2021-12-22 01:08:02,930 [bc31efc5-a10f-49ea-82d4-325dc6674eda@group-3E424BC0E779-SegmentedRaftLogWorker] INFO  segmented.SegmentedRaftLogWorker (SegmentedRaftLogWorker.java:execute(601)) - bc31efc5-a10f-49ea-82d4-325dc6674eda@group-3E424BC0E779-SegmentedRaftLogWorker: created new log segment /home/runner/work/ozone/ozone/hadoop-ozone/integration-test/target/test-dir/MiniOzoneClusterImpl-042c0a5d-b585-40ed-8543-7186e0d9815b/datanode-0/data/ratis/8edec5f9-fc9d-4b56-88d0-3e424bc0e779/current/log_inprogress_0
2021-12-22 01:08:02,972 [grpc-default-executor-4] WARN  server.GrpcLogAppender (LogUtils.java:warn(122)) - d1229c05-d9ac-40a7-9199-569f25256273@group-30DFD9EAA064->a426eecb-3f7b-4bd3-8516-db356bf90be2-AppendLogResponseHandler: Failed appendEntries: org.apache.ratis.thirdparty.io.grpc.StatusRuntimeException: UNAVAILABLE: io exception
2021-12-22 01:08:02,973 [grpc-default-executor-4] WARN  server.GrpcLogAppender (GrpcLogAppender.java:resetClient(110)) - d1229c05-d9ac-40a7-9199-569f25256273@group-30DFD9EAA064->a426eecb-3f7b-4bd3-8516-db356bf90be2-GrpcLogAppender: Leader has not got in touch with Follower d1229c05-d9ac-40a7-9199-569f25256273@group-30DFD9EAA064->a426eecb-3f7b-4bd3-8516-db356bf90be2(c-1,m0,n1, attendVote=true, lastRpcSendTime=2512, lastRpcResponseTime=10289) yet, just keep nextIndex unchanged and retry.
2021-12-22 01:08:02,979 [grpc-default-executor-4] WARN  server.GrpcLogAppender (LogUtils.java:warn(122)) - bc31efc5-a10f-49ea-82d4-325dc6674eda@group-3E424BC0E779->a426eecb-3f7b-4bd3-8516-db356bf90be2-AppendLogResponseHandler: Failed appendEntries: org.apache.ratis.thirdparty.io.grpc.StatusRuntimeException: UNAVAILABLE: io exception
2021-12-22 01:08:02,979 [grpc-default-executor-4] WARN  server.GrpcLogAppender (GrpcLogAppender.java:resetClient(110)) - bc31efc5-a10f-49ea-82d4-325dc6674eda@group-3E424BC0E779->a426eecb-3f7b-4bd3-8516-db356bf90be2-GrpcLogAppender: Leader has not got in touch with Follower bc31efc5-a10f-49ea-82d4-325dc6674eda@group-3E424BC0E779->a426eecb-3f7b-4bd3-8516-db356bf90be2(c-1,m0,n0, attendVote=true, lastRpcSendTime=5257, lastRpcResponseTime=5257) yet, just keep nextIndex unchanged and retry.
2021-12-22 01:08:02,982 [grpc-default-executor-4] WARN  server.GrpcLogAppender (LogUtils.java:warn(122)) - bc31efc5-a10f-49ea-82d4-325dc6674eda@group-3E424BC0E779->a426eecb-3f7b-4bd3-8516-db356bf90be2-AppendLogResponseHandler: Failed appendEntries: org.apache.ratis.thirdparty.io.grpc.StatusRuntimeException: UNAVAILABLE: io exception
2021-12-22 01:08:02,982 [grpc-default-executor-4] WARN  server.GrpcLogAppender (GrpcLogAppender.java:resetClient(110)) - bc31efc5-a10f-49ea-82d4-325dc6674eda@group-3E424BC0E779->a426eecb-3f7b-4bd3-8516-db356bf90be2-GrpcLogAppender: Leader has not got in touch with Follower bc31efc5-a10f-49ea-82d4-325dc6674eda@group-3E424BC0E779->a426eecb-3f7b-4bd3-8516-db356bf90be2(c-1,m0,n1, attendVote=true, lastRpcSendTime=1, lastRpcResponseTime=5259) yet, just keep nextIndex unchanged and retry.
2021-12-22 01:08:02,994 [bc31efc5-a10f-49ea-82d4-325dc6674eda@group-3E424BC0E779-LeaderElection9] INFO  server.RaftServer$Division (ServerState.java:setRaftConf(387)) - bc31efc5-a10f-49ea-82d4-325dc6674eda@group-3E424BC0E779: set configuration 0: [bc31efc5-a10f-49ea-82d4-325dc6674eda|rpc:10.1.0.16:45543|dataStream:|priority:1, d1229c05-d9ac-40a7-9199-569f25256273|rpc:10.1.0.16:37951|dataStream:|priority:0, a426eecb-3f7b-4bd3-8516-db356bf90be2|rpc:10.1.0.16:36549|dataStream:|priority:0], old=null
2021-12-22 01:08:03,012 [grpc-default-executor-5] INFO  ratis.XceiverServerRatis (XceiverServerRatis.java:handleLeaderChangedNotification(866)) - Leader change notification received for group: group-3E424BC0E779 with new leaderId: bc31efc5-a10f-49ea-82d4-325dc6674eda
2021-12-22 01:08:03,012 [grpc-default-executor-5] INFO  server.RaftServer$Division (ServerState.java:setLeader(285)) - d1229c05-d9ac-40a7-9199-569f25256273@group-3E424BC0E779: change Leader from null to bc31efc5-a10f-49ea-82d4-325dc6674eda at term 2 for appendEntries, leader elected after 10435ms
2021-12-22 01:08:03,020 [grpc-default-executor-5] INFO  server.RaftServer$Division (ServerState.java:setRaftConf(387)) - d1229c05-d9ac-40a7-9199-569f25256273@group-3E424BC0E779: set configuration 0: [bc31efc5-a10f-49ea-82d4-325dc6674eda|rpc:10.1.0.16:45543|dataStream:|priority:1, d1229c05-d9ac-40a7-9199-569f25256273|rpc:10.1.0.16:37951|dataStream:|priority:0, a426eecb-3f7b-4bd3-8516-db356bf90be2|rpc:10.1.0.16:36549|dataStream:|priority:0], old=null
2021-12-22 01:08:03,020 [grpc-default-executor-5] INFO  segmented.SegmentedRaftLogWorker (SegmentedRaftLogWorker.java:startLogSegment(394)) - d1229c05-d9ac-40a7-9199-569f25256273@group-3E424BC0E779-SegmentedRaftLogWorker: Starting segment from index:0
2021-12-22 01:08:03,022 [d1229c05-d9ac-40a7-9199-569f25256273@group-3E424BC0E779-SegmentedRaftLogWorker] INFO  segmented.SegmentedRaftLogWorker (SegmentedRaftLogWorker.java:execute(601)) - d1229c05-d9ac-40a7-9199-569f25256273@group-3E424BC0E779-SegmentedRaftLogWorker: created new log segment /home/runner/work/ozone/ozone/hadoop-ozone/integration-test/target/test-dir/MiniOzoneClusterImpl-042c0a5d-b585-40ed-8543-7186e0d9815b/datanode-2/data/ratis/8edec5f9-fc9d-4b56-88d0-3e424bc0e779/current/log_inprogress_0
2021-12-22 01:08:03,508 [Listener at 127.0.0.1/45789] INFO  ozoneimpl.OzoneContainer (OzoneContainer.java:stop(336)) - Attempting to stop container services.
2021-12-22 01:08:03,509 [Listener at 127.0.0.1/45789] INFO  server.RaftServer (RaftServerProxy.java:lambda$close$6(391)) - d1229c05-d9ac-40a7-9199-569f25256273: close
2021-12-22 01:08:03,510 [Listener at 127.0.0.1/45789] INFO  server.RaftServer$Division (RaftServerImpl.java:lambda$close$4(412)) - d1229c05-d9ac-40a7-9199-569f25256273@group-3E424BC0E779: shutdown
2021-12-22 01:08:03,510 [ForkJoinPool.commonPool-worker-1] INFO  server.RaftServer$Division (RaftServerImpl.java:lambda$close$4(412)) - d1229c05-d9ac-40a7-9199-569f25256273@group-30DFD9EAA064: shutdown
2021-12-22 01:08:03,510 [Listener at 127.0.0.1/45789] INFO  util.JmxRegister (JmxRegister.java:unregister(73)) - Successfully un-registered JMX Bean with object name Ratis:service=RaftServer,group=group-3E424BC0E779,id=d1229c05-d9ac-40a7-9199-569f25256273
2021-12-22 01:08:03,510 [ForkJoinPool.commonPool-worker-1] INFO  util.JmxRegister (JmxRegister.java:unregister(73)) - Successfully un-registered JMX Bean with object name Ratis:service=RaftServer,group=group-30DFD9EAA064,id=d1229c05-d9ac-40a7-9199-569f25256273
2021-12-22 01:08:03,510 [ForkJoinPool.commonPool-worker-1] INFO  impl.RoleInfo (RoleInfo.java:shutdownLeaderState(91)) - d1229c05-d9ac-40a7-9199-569f25256273: shutdown d1229c05-d9ac-40a7-9199-569f25256273@group-30DFD9EAA064-LeaderStateImpl
2021-12-22 01:08:03,510 [Listener at 127.0.0.1/45789] INFO  impl.RoleInfo (RoleInfo.java:shutdownFollowerState(108)) - d1229c05-d9ac-40a7-9199-569f25256273: shutdown d1229c05-d9ac-40a7-9199-569f25256273@group-3E424BC0E779-FollowerState
2021-12-22 01:08:03,510 [ForkJoinPool.commonPool-worker-1] INFO  impl.PendingRequests (PendingRequests.java:sendNotLeaderResponses(282)) - d1229c05-d9ac-40a7-9199-569f25256273@group-30DFD9EAA064-PendingRequests: sendNotLeaderResponses
2021-12-22 01:08:03,510 [d1229c05-d9ac-40a7-9199-569f25256273@group-3E424BC0E779-FollowerState] INFO  impl.FollowerState (FollowerState.java:run(143)) - d1229c05-d9ac-40a7-9199-569f25256273@group-3E424BC0E779-FollowerState was interrupted: {}
java.lang.InterruptedException: sleep interrupted
	at java.lang.Thread.sleep(Native Method)
	at java.lang.Thread.sleep(Thread.java:340)
	at java.util.concurrent.TimeUnit.sleep(TimeUnit.java:386)
	at org.apache.ratis.util.TimeDuration.sleep(TimeDuration.java:324)
	at org.apache.ratis.util.TimeDuration.sleep(TimeDuration.java:309)
	at org.apache.ratis.server.impl.FollowerState.run(FollowerState.java:118)
2021-12-22 01:08:03,511 [ForkJoinPool.commonPool-worker-1] INFO  impl.StateMachineUpdater (StateMachineUpdater.java:stopAndJoin(149)) - d1229c05-d9ac-40a7-9199-569f25256273@group-30DFD9EAA064-StateMachineUpdater: set stopIndex = 0
2021-12-22 01:08:03,510 [Listener at 127.0.0.1/45789] INFO  impl.StateMachineUpdater (StateMachineUpdater.java:stopAndJoin(149)) - d1229c05-d9ac-40a7-9199-569f25256273@group-3E424BC0E779-StateMachineUpdater: set stopIndex = -1
2021-12-22 01:08:03,524 [Listener at 127.0.0.1/45789] INFO  server.RaftServer$Division (ServerState.java:close(419)) - d1229c05-d9ac-40a7-9199-569f25256273@group-3E424BC0E779: closes. applyIndex: -1
2021-12-22 01:08:03,524 [d1229c05-d9ac-40a7-9199-569f25256273@group-3E424BC0E779-SegmentedRaftLogWorker] INFO  segmented.SegmentedRaftLogWorker (SegmentedRaftLogWorker.java:run(327)) - d1229c05-d9ac-40a7-9199-569f25256273@group-3E424BC0E779-SegmentedRaftLogWorker was interrupted, exiting. There are 0 tasks remaining in the queue.
2021-12-22 01:08:03,524 [Listener at 127.0.0.1/45789] INFO  segmented.SegmentedRaftLogWorker (SegmentedRaftLogWorker.java:close(237)) - d1229c05-d9ac-40a7-9199-569f25256273@group-3E424BC0E779-SegmentedRaftLogWorker close()
2021-12-22 01:08:03,528 [d1229c05-d9ac-40a7-9199-569f25256273@group-30DFD9EAA064->bc31efc5-a10f-49ea-82d4-325dc6674eda-GrpcLogAppender-LogAppenderDaemon] WARN  server.GrpcLogAppender (GrpcLogAppender.java:mayWait(177)) - d1229c05-d9ac-40a7-9199-569f25256273@group-30DFD9EAA064->bc31efc5-a10f-49ea-82d4-325dc6674eda-GrpcLogAppender: Wait interrupted by java.lang.InterruptedException
2021-12-22 01:08:03,532 [grpc-default-executor-5] INFO  server.GrpcServerProtocolService (GrpcServerProtocolService.java:onCompleted(140)) - bc31efc5-a10f-49ea-82d4-325dc6674eda: Completed APPEND_ENTRIES, lastRequest: d1229c05-d9ac-40a7-9199-569f25256273->bc31efc5-a10f-49ea-82d4-325dc6674eda#1-t1,previous=(t:0, i:0),leaderCommit=0,initializing? true,entries: size=1, first=(t:1, i:0), CONFIGURATIONENTRY
2021-12-22 01:08:03,532 [grpc-default-executor-4] INFO  server.GrpcLogAppender (GrpcLogAppender.java:onCompleted(346)) - d1229c05-d9ac-40a7-9199-569f25256273@group-30DFD9EAA064->bc31efc5-a10f-49ea-82d4-325dc6674eda-AppendLogResponseHandler: follower responses appendEntries COMPLETED
2021-12-22 01:08:03,532 [grpc-default-executor-4] INFO  leader.FollowerInfo (FollowerInfoImpl.java:lambda$new$0(47)) - d1229c05-d9ac-40a7-9199-569f25256273@group-30DFD9EAA064->bc31efc5-a10f-49ea-82d4-325dc6674eda: nextIndex: updateUnconditionally 1 -> 0
2021-12-22 01:08:03,536 [d1229c05-d9ac-40a7-9199-569f25256273@group-30DFD9EAA064-StateMachineUpdater] INFO  ratis.ContainerStateMachine (ContainerStateMachine.java:takeSnapshot(299)) - group-30DFD9EAA064: Taking a snapshot at:(t:1, i:0) file /home/runner/work/ozone/ozone/hadoop-ozone/integration-test/target/test-dir/MiniOzoneClusterImpl-042c0a5d-b585-40ed-8543-7186e0d9815b/datanode-2/data/ratis/15395fc9-c15c-4a16-adc7-30dfd9eaa064/sm/snapshot.1_0
2021-12-22 01:08:03,537 [d1229c05-d9ac-40a7-9199-569f25256273@group-30DFD9EAA064-StateMachineUpdater] INFO  ratis.ContainerStateMachine (ContainerStateMachine.java:takeSnapshot(310)) - group-30DFD9EAA064: Finished taking a snapshot at:(t:1, i:0) file:/home/runner/work/ozone/ozone/hadoop-ozone/integration-test/target/test-dir/MiniOzoneClusterImpl-042c0a5d-b585-40ed-8543-7186e0d9815b/datanode-2/data/ratis/15395fc9-c15c-4a16-adc7-30dfd9eaa064/sm/snapshot.1_0 took: 1 ms
2021-12-22 01:08:03,537 [d1229c05-d9ac-40a7-9199-569f25256273@group-30DFD9EAA064-StateMachineUpdater] INFO  impl.StateMachineUpdater (StateMachineUpdater.java:takeSnapshot(281)) - d1229c05-d9ac-40a7-9199-569f25256273@group-30DFD9EAA064-StateMachineUpdater: Took a snapshot at index 0
2021-12-22 01:08:03,537 [d1229c05-d9ac-40a7-9199-569f25256273@group-30DFD9EAA064-StateMachineUpdater] INFO  impl.StateMachineUpdater (StateMachineUpdater.java:lambda$new$0(89)) - d1229c05-d9ac-40a7-9199-569f25256273@group-30DFD9EAA064-StateMachineUpdater: snapshotIndex: updateIncreasingly -1 -> 0
2021-12-22 01:08:03,537 [ForkJoinPool.commonPool-worker-1] INFO  server.RaftServer$Division (ServerState.java:close(419)) - d1229c05-d9ac-40a7-9199-569f25256273@group-30DFD9EAA064: closes. applyIndex: 0
2021-12-22 01:08:03,538 [d1229c05-d9ac-40a7-9199-569f25256273@group-30DFD9EAA064-SegmentedRaftLogWorker] INFO  segmented.SegmentedRaftLogWorker (SegmentedRaftLogWorker.java:run(327)) - d1229c05-d9ac-40a7-9199-569f25256273@group-30DFD9EAA064-SegmentedRaftLogWorker was interrupted, exiting. There are 0 tasks remaining in the queue.
2021-12-22 01:08:03,538 [ForkJoinPool.commonPool-worker-1] INFO  segmented.SegmentedRaftLogWorker (SegmentedRaftLogWorker.java:close(237)) - d1229c05-d9ac-40a7-9199-569f25256273@group-30DFD9EAA064-SegmentedRaftLogWorker close()
2021-12-22 01:08:03,544 [Listener at 127.0.0.1/45789] INFO  server.GrpcService (GrpcService.java:closeImpl(262)) - d1229c05-d9ac-40a7-9199-569f25256273: shutdown server with port 37951 now
2021-12-22 01:08:03,552 [grpc-default-executor-1] WARN  server.GrpcServerProtocolService (LogUtils.java:warn(122)) - d1229c05-d9ac-40a7-9199-569f25256273: installSnapshot onError, lastRequest: bc31efc5-a10f-49ea-82d4-325dc6674eda->d1229c05-d9ac-40a7-9199-569f25256273#1-t2,previous=(t:0, i:0),leaderCommit=-1,initializing? true,entries: size=1, first=(t:2, i:0), CONFIGURATIONENTRY: org.apache.ratis.thirdparty.io.grpc.StatusRuntimeException: CANCELLED: client cancelled
2021-12-22 01:08:03,553 [Listener at 127.0.0.1/45789] INFO  server.GrpcService (GrpcService.java:closeImpl(271)) - d1229c05-d9ac-40a7-9199-569f25256273: shutdown server with port 37951 successfully
2021-12-22 01:08:03,553 [org.apache.ratis.util.JvmPauseMonitor$$Lambda$530/1855807713@783094ed] INFO  util.JvmPauseMonitor (JvmPauseMonitor.java:run(109)) - JvmPauseMonitor-d1229c05-d9ac-40a7-9199-569f25256273: Stopped
2021-12-22 01:08:03,558 [grpc-default-executor-1] WARN  server.GrpcLogAppender (LogUtils.java:warn(122)) - bc31efc5-a10f-49ea-82d4-325dc6674eda@group-3E424BC0E779->d1229c05-d9ac-40a7-9199-569f25256273-AppendLogResponseHandler: Failed appendEntries: org.apache.ratis.thirdparty.io.grpc.StatusRuntimeException: CANCELLED: HTTP/2 error code: CANCEL
Received Rst Stream
2021-12-22 01:08:03,558 [grpc-default-executor-1] WARN  server.GrpcLogAppender (GrpcLogAppender.java:resetClient(110)) - bc31efc5-a10f-49ea-82d4-325dc6674eda@group-3E424BC0E779->d1229c05-d9ac-40a7-9199-569f25256273-GrpcLogAppender: Leader has not got in touch with Follower bc31efc5-a10f-49ea-82d4-325dc6674eda@group-3E424BC0E779->d1229c05-d9ac-40a7-9199-569f25256273(c-1,m0,n1, attendVote=true, lastRpcSendTime=562, lastRpcResponseTime=499) yet, just keep nextIndex unchanged and retry.
2021-12-22 01:08:03,553 [grpc-default-executor-4] WARN  client.GrpcClientProtocolService (LogUtils.java:warn(122)) - 3-UnorderedRequestStreamObserver3: onError: org.apache.ratis.thirdparty.io.grpc.StatusRuntimeException: CANCELLED: client cancelled
2021-12-22 01:08:05,483 [grpc-default-executor-4] WARN  server.GrpcLogAppender (LogUtils.java:warn(122)) - bc31efc5-a10f-49ea-82d4-325dc6674eda@group-3E424BC0E779->a426eecb-3f7b-4bd3-8516-db356bf90be2-AppendLogResponseHandler: Failed appendEntries: org.apache.ratis.thirdparty.io.grpc.StatusRuntimeException: UNAVAILABLE: io exception
2021-12-22 01:08:05,484 [grpc-default-executor-4] WARN  server.GrpcLogAppender (GrpcLogAppender.java:resetClient(110)) - bc31efc5-a10f-49ea-82d4-325dc6674eda@group-3E424BC0E779->a426eecb-3f7b-4bd3-8516-db356bf90be2-GrpcLogAppender: Leader has not got in touch with Follower bc31efc5-a10f-49ea-82d4-325dc6674eda@group-3E424BC0E779->a426eecb-3f7b-4bd3-8516-db356bf90be2(c-1,m0,n1, attendVote=true, lastRpcSendTime=0, lastRpcResponseTime=7761) yet, just keep nextIndex unchanged and retry.
2021-12-22 01:08:05,563 [grpc-default-executor-5] WARN  server.GrpcLogAppender (LogUtils.java:warn(122)) - bc31efc5-a10f-49ea-82d4-325dc6674eda@group-3E424BC0E779->d1229c05-d9ac-40a7-9199-569f25256273-AppendLogResponseHandler: Failed appendEntries: org.apache.ratis.thirdparty.io.grpc.StatusRuntimeException: UNAVAILABLE: io exception
2021-12-22 01:08:05,563 [grpc-default-executor-5] WARN  server.GrpcLogAppender (GrpcLogAppender.java:resetClient(110)) - bc31efc5-a10f-49ea-82d4-325dc6674eda@group-3E424BC0E779->d1229c05-d9ac-40a7-9199-569f25256273-GrpcLogAppender: Leader has not got in touch with Follower bc31efc5-a10f-49ea-82d4-325dc6674eda@group-3E424BC0E779->d1229c05-d9ac-40a7-9199-569f25256273(c-1,m0,n1, attendVote=true, lastRpcSendTime=4, lastRpcResponseTime=2505) yet, just keep nextIndex unchanged and retry.
2021-12-22 01:08:05,592 [Listener at 127.0.0.1/45789] INFO  utils.BackgroundService (BackgroundService.java:shutdown(132)) - Shutting down service BlockDeletingService
2021-12-22 01:08:07,957 [EventQueue-StaleNodeForStaleNodeHandler] INFO  node.StaleNodeHandler (StaleNodeHandler.java:onMessage(58)) - Datanode d1229c05-d9ac-40a7-9199-569f25256273{ip: 10.1.0.16, host: fv-az148-641.bm4ck3pvxvsene1rjriu5fhcdb.bx.internal.cloudapp.net, ports: [REPLICATION=37959, RATIS=37951, RATIS_ADMIN=37951, RATIS_SERVER=37951, STANDALONE=41819], networkLocation: /default-rack, certSerialId: null, persistedOpState: IN_SERVICE, persistedOpStateExpiryEpochSec: 0} moved to stale state. Finalizing its pipelines [PipelineID=8edec5f9-fc9d-4b56-88d0-3e424bc0e779, PipelineID=15395fc9-c15c-4a16-adc7-30dfd9eaa064]
2021-12-22 01:08:07,984 [grpc-default-executor-5] WARN  server.GrpcLogAppender (LogUtils.java:warn(122)) - bc31efc5-a10f-49ea-82d4-325dc6674eda@group-3E424BC0E779->a426eecb-3f7b-4bd3-8516-db356bf90be2-AppendLogResponseHandler: Failed appendEntries: org.apache.ratis.thirdparty.io.grpc.StatusRuntimeException: UNAVAILABLE: io exception
2021-12-22 01:08:07,984 [grpc-default-executor-5] WARN  server.GrpcLogAppender (GrpcLogAppender.java:resetClient(110)) - bc31efc5-a10f-49ea-82d4-325dc6674eda@group-3E424BC0E779->a426eecb-3f7b-4bd3-8516-db356bf90be2-GrpcLogAppender: Leader has not got in touch with Follower bc31efc5-a10f-49ea-82d4-325dc6674eda@group-3E424BC0E779->a426eecb-3f7b-4bd3-8516-db356bf90be2(c-1,m0,n1, attendVote=true, lastRpcSendTime=2501, lastRpcResponseTime=10262) yet, just keep nextIndex unchanged and retry.
2021-12-22 01:08:08,059 [grpc-default-executor-5] WARN  server.GrpcLogAppender (LogUtils.java:warn(122)) - bc31efc5-a10f-49ea-82d4-325dc6674eda@group-3E424BC0E779->d1229c05-d9ac-40a7-9199-569f25256273-AppendLogResponseHandler: Failed appendEntries: org.apache.ratis.thirdparty.io.grpc.StatusRuntimeException: UNAVAILABLE: io exception
2021-12-22 01:08:08,060 [grpc-default-executor-5] WARN  server.GrpcLogAppender (GrpcLogAppender.java:resetClient(110)) - bc31efc5-a10f-49ea-82d4-325dc6674eda@group-3E424BC0E779->d1229c05-d9ac-40a7-9199-569f25256273-GrpcLogAppender: Leader has not got in touch with Follower bc31efc5-a10f-49ea-82d4-325dc6674eda@group-3E424BC0E779->d1229c05-d9ac-40a7-9199-569f25256273(c-1,m0,n1, attendVote=true, lastRpcSendTime=0, lastRpcResponseTime=5001) yet, just keep nextIndex unchanged and retry.
2021-12-22 01:08:08,124 [bc31efc5-a10f-49ea-82d4-325dc6674eda@group-30DFD9EAA064-FollowerState] INFO  impl.FollowerState (FollowerState.java:run(134)) - bc31efc5-a10f-49ea-82d4-325dc6674eda@group-30DFD9EAA064-FollowerState: change to CANDIDATE, lastRpcElapsedTime:5065509708ns, electionTimeout:5063ms
2021-12-22 01:08:08,124 [bc31efc5-a10f-49ea-82d4-325dc6674eda@group-30DFD9EAA064-FollowerState] INFO  impl.RoleInfo (RoleInfo.java:shutdownFollowerState(108)) - bc31efc5-a10f-49ea-82d4-325dc6674eda: shutdown bc31efc5-a10f-49ea-82d4-325dc6674eda@group-30DFD9EAA064-FollowerState
2021-12-22 01:08:08,124 [bc31efc5-a10f-49ea-82d4-325dc6674eda@group-30DFD9EAA064-FollowerState] INFO  server.RaftServer$Division (RaftServerImpl.java:setRole(290)) - bc31efc5-a10f-49ea-82d4-325dc6674eda@group-30DFD9EAA064: changes role from  FOLLOWER to CANDIDATE at term 1 for changeToCandidate
2021-12-22 01:08:08,124 [bc31efc5-a10f-49ea-82d4-325dc6674eda@group-30DFD9EAA064-FollowerState] INFO  server.RaftServerConfigKeys (ConfUtils.java:logGet(44)) - raft.server.leaderelection.pre-vote = false (custom)
2021-12-22 01:08:08,124 [bc31efc5-a10f-49ea-82d4-325dc6674eda@group-30DFD9EAA064-FollowerState] INFO  impl.RoleInfo (RoleInfo.java:updateAndGet(130)) - bc31efc5-a10f-49ea-82d4-325dc6674eda: start bc31efc5-a10f-49ea-82d4-325dc6674eda@group-30DFD9EAA064-LeaderElection10
2021-12-22 01:08:08,156 [bc31efc5-a10f-49ea-82d4-325dc6674eda@group-30DFD9EAA064-LeaderElection10] INFO  server.RaftServer$Division (ServerState.java:setLeader(285)) - bc31efc5-a10f-49ea-82d4-325dc6674eda@group-30DFD9EAA064: change Leader from d1229c05-d9ac-40a7-9199-569f25256273 to null at term 1 for ELECTION
2021-12-22 01:08:08,159 [bc31efc5-a10f-49ea-82d4-325dc6674eda@group-30DFD9EAA064-LeaderElection10] INFO  impl.LeaderElection (LeaderElection.java:askForVotes(306)) - bc31efc5-a10f-49ea-82d4-325dc6674eda@group-30DFD9EAA064-LeaderElection10 ELECTION round 0: submit vote requests at term 2 for 0: [d1229c05-d9ac-40a7-9199-569f25256273|rpc:10.1.0.16:37951|dataStream:|priority:1, bc31efc5-a10f-49ea-82d4-325dc6674eda|rpc:10.1.0.16:45543|dataStream:|priority:0, a426eecb-3f7b-4bd3-8516-db356bf90be2|rpc:10.1.0.16:36549|dataStream:|priority:0], old=null
2021-12-22 01:08:08,179 [bc31efc5-a10f-49ea-82d4-325dc6674eda@group-30DFD9EAA064-LeaderElection10] INFO  impl.LeaderElection (LogUtils.java:infoOrTrace(137)) - bc31efc5-a10f-49ea-82d4-325dc6674eda@group-30DFD9EAA064-LeaderElection10 got exception when requesting votes: java.util.concurrent.ExecutionException: org.apache.ratis.thirdparty.io.grpc.StatusRuntimeException: UNAVAILABLE: io exception
2021-12-22 01:08:08,179 [bc31efc5-a10f-49ea-82d4-325dc6674eda@group-30DFD9EAA064-LeaderElection10] INFO  impl.LeaderElection (LogUtils.java:infoOrTrace(137)) - bc31efc5-a10f-49ea-82d4-325dc6674eda@group-30DFD9EAA064-LeaderElection10 got exception when requesting votes: java.util.concurrent.ExecutionException: org.apache.ratis.thirdparty.io.grpc.StatusRuntimeException: UNAVAILABLE: io exception
2021-12-22 01:08:08,179 [bc31efc5-a10f-49ea-82d4-325dc6674eda@group-30DFD9EAA064-LeaderElection10] INFO  impl.LeaderElection (LeaderElection.java:logAndReturn(89)) - bc31efc5-a10f-49ea-82d4-325dc6674eda@group-30DFD9EAA064-LeaderElection10: ELECTION REJECTED received 0 response(s) and 2 exception(s):
2021-12-22 01:08:08,179 [bc31efc5-a10f-49ea-82d4-325dc6674eda@group-30DFD9EAA064-LeaderElection10] INFO  impl.LeaderElection (LogUtils.java:infoOrTrace(137)) -   Exception 0: java.util.concurrent.ExecutionException: org.apache.ratis.thirdparty.io.grpc.StatusRuntimeException: UNAVAILABLE: io exception
2021-12-22 01:08:08,179 [bc31efc5-a10f-49ea-82d4-325dc6674eda@group-30DFD9EAA064-LeaderElection10] INFO  impl.LeaderElection (LogUtils.java:infoOrTrace(137)) -   Exception 1: java.util.concurrent.ExecutionException: org.apache.ratis.thirdparty.io.grpc.StatusRuntimeException: UNAVAILABLE: io exception
2021-12-22 01:08:08,179 [bc31efc5-a10f-49ea-82d4-325dc6674eda@group-30DFD9EAA064-LeaderElection10] INFO  impl.LeaderElection (LeaderElection.java:askForVotes(308)) - bc31efc5-a10f-49ea-82d4-325dc6674eda@group-30DFD9EAA064-LeaderElection10 ELECTION round 0: result REJECTED
2021-12-22 01:08:08,179 [bc31efc5-a10f-49ea-82d4-325dc6674eda@group-30DFD9EAA064-LeaderElection10] INFO  server.RaftServer$Division (RaftServerImpl.java:setRole(290)) - bc31efc5-a10f-49ea-82d4-325dc6674eda@group-30DFD9EAA064: changes role from CANDIDATE to FOLLOWER at term 2 for REJECTED
2021-12-22 01:08:08,179 [bc31efc5-a10f-49ea-82d4-325dc6674eda@group-30DFD9EAA064-LeaderElection10] INFO  impl.RoleInfo (RoleInfo.java:shutdownLeaderElection(121)) - bc31efc5-a10f-49ea-82d4-325dc6674eda: shutdown bc31efc5-a10f-49ea-82d4-325dc6674eda@group-30DFD9EAA064-LeaderElection10
2021-12-22 01:08:08,179 [bc31efc5-a10f-49ea-82d4-325dc6674eda@group-30DFD9EAA064-LeaderElection10] INFO  impl.RoleInfo (RoleInfo.java:updateAndGet(130)) - bc31efc5-a10f-49ea-82d4-325dc6674eda: start bc31efc5-a10f-49ea-82d4-325dc6674eda@group-30DFD9EAA064-FollowerState
2021-12-22 01:08:08,611 [Listener at 127.0.0.1/45789] INFO  statemachine.DatanodeStateMachine (DatanodeStateMachine.java:stopDaemon(526)) - Ozone container server stopped.
2021-12-22 01:08:08,612 [Listener at 127.0.0.1/45789] INFO  handler.ContextHandler (ContextHandler.java:doStop(1153)) - Stopped o.e.j.w.WebAppContext@172249cd{hddsDatanode,/,null,STOPPED}{jar:file:/home/runner/.m2/repository/org/apache/ozone/hdds-container-service/1.3.0-SNAPSHOT/hdds-container-service-1.3.0-SNAPSHOT.jar!/webapps/hddsDatanode}
2021-12-22 01:08:08,614 [Listener at 127.0.0.1/45789] INFO  server.AbstractConnector (AbstractConnector.java:doStop(381)) - Stopped ServerConnector@699a53d4{HTTP/1.1, (http/1.1)}{0.0.0.0:0}
2021-12-22 01:08:08,614 [Listener at 127.0.0.1/45789] INFO  server.session (HouseKeeper.java:stopScavenging(149)) - node0 Stopped scavenging
2021-12-22 01:08:08,614 [Listener at 127.0.0.1/45789] INFO  handler.ContextHandler (ContextHandler.java:doStop(1153)) - Stopped o.e.j.s.ServletContextHandler@b6352a5{static,/static,jar:file:/home/runner/.m2/repository/org/apache/ozone/hdds-container-service/1.3.0-SNAPSHOT/hdds-container-service-1.3.0-SNAPSHOT.jar!/webapps/static,STOPPED}
2021-12-22 01:08:08,615 [Listener at 127.0.0.1/45789] INFO  handler.ContextHandler (ContextHandler.java:doStop(1153)) - Stopped o.e.j.s.ServletContextHandler@3f94bd59{logs,/logs,file:///home/runner/work/ozone/ozone/hadoop-ozone/integration-test/target/log,STOPPED}
2021-12-22 01:08:08,617 [Listener at 127.0.0.1/45789] INFO  ozone.MiniOzoneClusterImpl (MiniOzoneClusterImpl.java:lambda$waitForHddsDatanodesStop$3(389)) - Waiting on 1 datanodes out of 2 to be marked unhealthy.
2021-12-22 01:08:09,617 [Listener at 127.0.0.1/45789] INFO  ozone.MiniOzoneClusterImpl (MiniOzoneClusterImpl.java:lambda$waitForHddsDatanodesStop$3(389)) - Waiting on 1 datanodes out of 2 to be marked unhealthy.
2021-12-22 01:08:10,488 [grpc-default-executor-5] WARN  server.GrpcLogAppender (LogUtils.java:warn(122)) - bc31efc5-a10f-49ea-82d4-325dc6674eda@group-3E424BC0E779->a426eecb-3f7b-4bd3-8516-db356bf90be2-AppendLogResponseHandler: Failed appendEntries: org.apache.ratis.thirdparty.io.grpc.StatusRuntimeException: UNAVAILABLE: io exception
2021-12-22 01:08:10,488 [grpc-default-executor-5] WARN  server.GrpcLogAppender (GrpcLogAppender.java:resetClient(110)) - bc31efc5-a10f-49ea-82d4-325dc6674eda@group-3E424BC0E779->a426eecb-3f7b-4bd3-8516-db356bf90be2-GrpcLogAppender: Leader has not got in touch with Follower bc31efc5-a10f-49ea-82d4-325dc6674eda@group-3E424BC0E779->a426eecb-3f7b-4bd3-8516-db356bf90be2(c-1,m0,n1, attendVote=true, lastRpcSendTime=0, lastRpcResponseTime=12766) yet, just keep nextIndex unchanged and retry.
2021-12-22 01:08:10,563 [grpc-default-executor-5] WARN  server.GrpcLogAppender (LogUtils.java:warn(122)) - bc31efc5-a10f-49ea-82d4-325dc6674eda@group-3E424BC0E779->d1229c05-d9ac-40a7-9199-569f25256273-AppendLogResponseHandler: Failed appendEntries: org.apache.ratis.thirdparty.io.grpc.StatusRuntimeException: UNAVAILABLE: io exception
2021-12-22 01:08:10,564 [grpc-default-executor-5] WARN  server.GrpcLogAppender (GrpcLogAppender.java:resetClient(110)) - bc31efc5-a10f-49ea-82d4-325dc6674eda@group-3E424BC0E779->d1229c05-d9ac-40a7-9199-569f25256273-GrpcLogAppender: Leader has not got in touch with Follower bc31efc5-a10f-49ea-82d4-325dc6674eda@group-3E424BC0E779->d1229c05-d9ac-40a7-9199-569f25256273(c-1,m0,n1, attendVote=true, lastRpcSendTime=2504, lastRpcResponseTime=7505) yet, just keep nextIndex unchanged and retry.
2021-12-22 01:08:10,618 [Listener at 127.0.0.1/45789] INFO  ozone.MiniOzoneClusterImpl (MiniOzoneClusterImpl.java:lambda$waitForHddsDatanodesStop$3(389)) - Waiting on 1 datanodes out of 2 to be marked unhealthy.
2021-12-22 01:08:11,618 [Listener at 127.0.0.1/45789] INFO  ozone.MiniOzoneClusterImpl (MiniOzoneClusterImpl.java:lambda$waitForHddsDatanodesStop$3(389)) - Waiting on 1 datanodes out of 2 to be marked unhealthy.
2021-12-22 01:08:12,618 [Listener at 127.0.0.1/45789] INFO  ozone.MiniOzoneClusterImpl (MiniOzoneClusterImpl.java:lambda$waitForHddsDatanodesStop$3(389)) - Waiting on 1 datanodes out of 2 to be marked unhealthy.
2021-12-22 01:08:12,988 [grpc-default-executor-5] WARN  server.GrpcLogAppender (LogUtils.java:warn(122)) - bc31efc5-a10f-49ea-82d4-325dc6674eda@group-3E424BC0E779->a426eecb-3f7b-4bd3-8516-db356bf90be2-AppendLogResponseHandler: Failed appendEntries: org.apache.ratis.thirdparty.io.grpc.StatusRuntimeException: UNAVAILABLE: io exception
2021-12-22 01:08:12,988 [grpc-default-executor-5] WARN  server.GrpcLogAppender (GrpcLogAppender.java:resetClient(110)) - bc31efc5-a10f-49ea-82d4-325dc6674eda@group-3E424BC0E779->a426eecb-3f7b-4bd3-8516-db356bf90be2-GrpcLogAppender: Leader has not got in touch with Follower bc31efc5-a10f-49ea-82d4-325dc6674eda@group-3E424BC0E779->a426eecb-3f7b-4bd3-8516-db356bf90be2(c-1,m0,n1, attendVote=true, lastRpcSendTime=0, lastRpcResponseTime=15266) yet, just keep nextIndex unchanged and retry.
2021-12-22 01:08:13,070 [grpc-default-executor-5] WARN  server.GrpcLogAppender (LogUtils.java:warn(122)) - bc31efc5-a10f-49ea-82d4-325dc6674eda@group-3E424BC0E779->d1229c05-d9ac-40a7-9199-569f25256273-AppendLogResponseHandler: Failed appendEntries: org.apache.ratis.thirdparty.io.grpc.StatusRuntimeException: UNAVAILABLE: io exception
2021-12-22 01:08:13,071 [grpc-default-executor-5] WARN  server.GrpcLogAppender (GrpcLogAppender.java:resetClient(110)) - bc31efc5-a10f-49ea-82d4-325dc6674eda@group-3E424BC0E779->d1229c05-d9ac-40a7-9199-569f25256273-GrpcLogAppender: Leader has not got in touch with Follower bc31efc5-a10f-49ea-82d4-325dc6674eda@group-3E424BC0E779->d1229c05-d9ac-40a7-9199-569f25256273(c-1,m0,n1, attendVote=true, lastRpcSendTime=2502, lastRpcResponseTime=10012) yet, just keep nextIndex unchanged and retry.
2021-12-22 01:08:13,255 [bc31efc5-a10f-49ea-82d4-325dc6674eda@group-30DFD9EAA064-FollowerState] INFO  impl.FollowerState (FollowerState.java:run(134)) - bc31efc5-a10f-49ea-82d4-325dc6674eda@group-30DFD9EAA064-FollowerState: change to CANDIDATE, lastRpcElapsedTime:5075298120ns, electionTimeout:5070ms
2021-12-22 01:08:13,255 [bc31efc5-a10f-49ea-82d4-325dc6674eda@group-30DFD9EAA064-FollowerState] INFO  impl.RoleInfo (RoleInfo.java:shutdownFollowerState(108)) - bc31efc5-a10f-49ea-82d4-325dc6674eda: shutdown bc31efc5-a10f-49ea-82d4-325dc6674eda@group-30DFD9EAA064-FollowerState
2021-12-22 01:08:13,255 [bc31efc5-a10f-49ea-82d4-325dc6674eda@group-30DFD9EAA064-FollowerState] INFO  server.RaftServer$Division (RaftServerImpl.java:setRole(290)) - bc31efc5-a10f-49ea-82d4-325dc6674eda@group-30DFD9EAA064: changes role from  FOLLOWER to CANDIDATE at term 2 for changeToCandidate
2021-12-22 01:08:13,255 [bc31efc5-a10f-49ea-82d4-325dc6674eda@group-30DFD9EAA064-FollowerState] INFO  server.RaftServerConfigKeys (ConfUtils.java:logGet(44)) - raft.server.leaderelection.pre-vote = false (custom)
2021-12-22 01:08:13,255 [bc31efc5-a10f-49ea-82d4-325dc6674eda@group-30DFD9EAA064-FollowerState] INFO  impl.RoleInfo (RoleInfo.java:updateAndGet(130)) - bc31efc5-a10f-49ea-82d4-325dc6674eda: start bc31efc5-a10f-49ea-82d4-325dc6674eda@group-30DFD9EAA064-LeaderElection11
2021-12-22 01:08:13,297 [bc31efc5-a10f-49ea-82d4-325dc6674eda@group-30DFD9EAA064-LeaderElection11] INFO  impl.LeaderElection (LeaderElection.java:askForVotes(306)) - bc31efc5-a10f-49ea-82d4-325dc6674eda@group-30DFD9EAA064-LeaderElection11 ELECTION round 0: submit vote requests at term 3 for 0: [d1229c05-d9ac-40a7-9199-569f25256273|rpc:10.1.0.16:37951|dataStream:|priority:1, bc31efc5-a10f-49ea-82d4-325dc6674eda|rpc:10.1.0.16:45543|dataStream:|priority:0, a426eecb-3f7b-4bd3-8516-db356bf90be2|rpc:10.1.0.16:36549|dataStream:|priority:0], old=null
2021-12-22 01:08:13,315 [bc31efc5-a10f-49ea-82d4-325dc6674eda@group-30DFD9EAA064-LeaderElection11] INFO  impl.LeaderElection (LogUtils.java:infoOrTrace(137)) - bc31efc5-a10f-49ea-82d4-325dc6674eda@group-30DFD9EAA064-LeaderElection11 got exception when requesting votes: java.util.concurrent.ExecutionException: org.apache.ratis.thirdparty.io.grpc.StatusRuntimeException: UNAVAILABLE: io exception
2021-12-22 01:08:13,315 [bc31efc5-a10f-49ea-82d4-325dc6674eda@group-30DFD9EAA064-LeaderElection11] INFO  impl.LeaderElection (LogUtils.java:infoOrTrace(137)) - bc31efc5-a10f-49ea-82d4-325dc6674eda@group-30DFD9EAA064-LeaderElection11 got exception when requesting votes: java.util.concurrent.ExecutionException: org.apache.ratis.thirdparty.io.grpc.StatusRuntimeException: UNAVAILABLE: io exception
2021-12-22 01:08:13,316 [bc31efc5-a10f-49ea-82d4-325dc6674eda@group-30DFD9EAA064-LeaderElection11] INFO  impl.LeaderElection (LeaderElection.java:logAndReturn(89)) - bc31efc5-a10f-49ea-82d4-325dc6674eda@group-30DFD9EAA064-LeaderElection11: ELECTION REJECTED received 0 response(s) and 2 exception(s):
2021-12-22 01:08:13,316 [bc31efc5-a10f-49ea-82d4-325dc6674eda@group-30DFD9EAA064-LeaderElection11] INFO  impl.LeaderElection (LogUtils.java:infoOrTrace(137)) -   Exception 0: java.util.concurrent.ExecutionException: org.apache.ratis.thirdparty.io.grpc.StatusRuntimeException: UNAVAILABLE: io exception
2021-12-22 01:08:13,316 [bc31efc5-a10f-49ea-82d4-325dc6674eda@group-30DFD9EAA064-LeaderElection11] INFO  impl.LeaderElection (LogUtils.java:infoOrTrace(137)) -   Exception 1: java.util.concurrent.ExecutionException: org.apache.ratis.thirdparty.io.grpc.StatusRuntimeException: UNAVAILABLE: io exception
2021-12-22 01:08:13,316 [bc31efc5-a10f-49ea-82d4-325dc6674eda@group-30DFD9EAA064-LeaderElection11] INFO  impl.LeaderElection (LeaderElection.java:askForVotes(308)) - bc31efc5-a10f-49ea-82d4-325dc6674eda@group-30DFD9EAA064-LeaderElection11 ELECTION round 0: result REJECTED
2021-12-22 01:08:13,316 [bc31efc5-a10f-49ea-82d4-325dc6674eda@group-30DFD9EAA064-LeaderElection11] INFO  server.RaftServer$Division (RaftServerImpl.java:setRole(290)) - bc31efc5-a10f-49ea-82d4-325dc6674eda@group-30DFD9EAA064: changes role from CANDIDATE to FOLLOWER at term 3 for REJECTED
2021-12-22 01:08:13,316 [bc31efc5-a10f-49ea-82d4-325dc6674eda@group-30DFD9EAA064-LeaderElection11] INFO  impl.RoleInfo (RoleInfo.java:shutdownLeaderElection(121)) - bc31efc5-a10f-49ea-82d4-325dc6674eda: shutdown bc31efc5-a10f-49ea-82d4-325dc6674eda@group-30DFD9EAA064-LeaderElection11
2021-12-22 01:08:13,316 [bc31efc5-a10f-49ea-82d4-325dc6674eda@group-30DFD9EAA064-LeaderElection11] INFO  impl.RoleInfo (RoleInfo.java:updateAndGet(130)) - bc31efc5-a10f-49ea-82d4-325dc6674eda: start bc31efc5-a10f-49ea-82d4-325dc6674eda@group-30DFD9EAA064-FollowerState
2021-12-22 01:08:13,395 [bc31efc5-a10f-49ea-82d4-325dc6674eda@group-3E424BC0E779-LeaderStateImpl] WARN  server.RaftServer$Division (LeaderStateImpl.java:checkLeadership(974)) - bc31efc5-a10f-49ea-82d4-325dc6674eda@group-3E424BC0E779-LeaderStateImpl: Lost leadership on term: 2. Election timeout: 5200ms. In charge for: 10474ms. Conf: 0: [bc31efc5-a10f-49ea-82d4-325dc6674eda|rpc:10.1.0.16:45543|dataStream:|priority:1, d1229c05-d9ac-40a7-9199-569f25256273|rpc:10.1.0.16:37951|dataStream:|priority:0, a426eecb-3f7b-4bd3-8516-db356bf90be2|rpc:10.1.0.16:36549|dataStream:|priority:0], old=null
2021-12-22 01:08:13,396 [bc31efc5-a10f-49ea-82d4-325dc6674eda@group-3E424BC0E779-LeaderStateImpl] WARN  server.RaftServer$Division (LeaderStateImpl.java:lambda$checkLeadership$15(978)) - Follower bc31efc5-a10f-49ea-82d4-325dc6674eda@group-3E424BC0E779->d1229c05-d9ac-40a7-9199-569f25256273(c-1,m0,n1, attendVote=true, lastRpcSendTime=324, lastRpcResponseTime=10337)
2021-12-22 01:08:13,396 [bc31efc5-a10f-49ea-82d4-325dc6674eda@group-3E424BC0E779-LeaderStateImpl] WARN  server.RaftServer$Division (LeaderStateImpl.java:lambda$checkLeadership$15(978)) - Follower bc31efc5-a10f-49ea-82d4-325dc6674eda@group-3E424BC0E779->a426eecb-3f7b-4bd3-8516-db356bf90be2(c-1,m0,n1, attendVote=true, lastRpcSendTime=408, lastRpcResponseTime=15674)
2021-12-22 01:08:13,396 [bc31efc5-a10f-49ea-82d4-325dc6674eda@group-3E424BC0E779-LeaderStateImpl] INFO  server.RaftServer$Division (RaftServerImpl.java:setRole(290)) - bc31efc5-a10f-49ea-82d4-325dc6674eda@group-3E424BC0E779: changes role from    LEADER to FOLLOWER at term 2 for StepDownReason:LOST_MAJORITY_HEARTBEATS
2021-12-22 01:08:13,396 [bc31efc5-a10f-49ea-82d4-325dc6674eda@group-3E424BC0E779-LeaderStateImpl] INFO  impl.RoleInfo (RoleInfo.java:shutdownLeaderState(91)) - bc31efc5-a10f-49ea-82d4-325dc6674eda: shutdown bc31efc5-a10f-49ea-82d4-325dc6674eda@group-3E424BC0E779-LeaderStateImpl
2021-12-22 01:08:13,401 [bc31efc5-a10f-49ea-82d4-325dc6674eda@group-3E424BC0E779-LeaderStateImpl] INFO  impl.PendingRequests (PendingRequests.java:sendNotLeaderResponses(282)) - bc31efc5-a10f-49ea-82d4-325dc6674eda@group-3E424BC0E779-PendingRequests: sendNotLeaderResponses
2021-12-22 01:08:13,401 [bc31efc5-a10f-49ea-82d4-325dc6674eda@group-3E424BC0E779-LeaderStateImpl] INFO  impl.RoleInfo (RoleInfo.java:updateAndGet(130)) - bc31efc5-a10f-49ea-82d4-325dc6674eda: start bc31efc5-a10f-49ea-82d4-325dc6674eda@group-3E424BC0E779-FollowerState
2021-12-22 01:08:13,619 [Listener at 127.0.0.1/45789] INFO  ozone.MiniOzoneClusterImpl (MiniOzoneClusterImpl.java:lambda$waitForHddsDatanodesStop$3(389)) - Waiting on 1 datanodes out of 2 to be marked unhealthy.
2021-12-22 01:08:14,619 [Listener at 127.0.0.1/45789] INFO  ozone.MiniOzoneClusterImpl (MiniOzoneClusterImpl.java:lambda$waitForHddsDatanodesStop$3(389)) - Waiting on 1 datanodes out of 2 to be marked unhealthy.
2021-12-22 01:08:15,620 [Listener at 127.0.0.1/45789] INFO  ozone.MiniOzoneClusterImpl (MiniOzoneClusterImpl.java:lambda$waitForHddsDatanodesStop$3(389)) - Waiting on 1 datanodes out of 2 to be marked unhealthy.
2021-12-22 01:08:16,620 [Listener at 127.0.0.1/45789] INFO  ozone.MiniOzoneClusterImpl (MiniOzoneClusterImpl.java:lambda$waitForHddsDatanodesStop$3(389)) - Waiting on 1 datanodes out of 2 to be marked unhealthy.
2021-12-22 01:08:17,621 [Listener at 127.0.0.1/45789] INFO  ozone.MiniOzoneClusterImpl (MiniOzoneClusterImpl.java:lambda$waitForHddsDatanodesStop$3(389)) - Waiting on 1 datanodes out of 2 to be marked unhealthy.
2021-12-22 01:08:18,423 [bc31efc5-a10f-49ea-82d4-325dc6674eda@group-30DFD9EAA064-FollowerState] INFO  impl.FollowerState (FollowerState.java:run(134)) - bc31efc5-a10f-49ea-82d4-325dc6674eda@group-30DFD9EAA064-FollowerState: change to CANDIDATE, lastRpcElapsedTime:5107301796ns, electionTimeout:5101ms
2021-12-22 01:08:18,423 [bc31efc5-a10f-49ea-82d4-325dc6674eda@group-30DFD9EAA064-FollowerState] INFO  impl.RoleInfo (RoleInfo.java:shutdownFollowerState(108)) - bc31efc5-a10f-49ea-82d4-325dc6674eda: shutdown bc31efc5-a10f-49ea-82d4-325dc6674eda@group-30DFD9EAA064-FollowerState
2021-12-22 01:08:18,423 [bc31efc5-a10f-49ea-82d4-325dc6674eda@group-30DFD9EAA064-FollowerState] INFO  server.RaftServer$Division (RaftServerImpl.java:setRole(290)) - bc31efc5-a10f-49ea-82d4-325dc6674eda@group-30DFD9EAA064: changes role from  FOLLOWER to CANDIDATE at term 3 for changeToCandidate
2021-12-22 01:08:18,424 [bc31efc5-a10f-49ea-82d4-325dc6674eda@group-30DFD9EAA064-FollowerState] INFO  server.RaftServerConfigKeys (ConfUtils.java:logGet(44)) - raft.server.leaderelection.pre-vote = false (custom)
2021-12-22 01:08:18,424 [bc31efc5-a10f-49ea-82d4-325dc6674eda@group-30DFD9EAA064-FollowerState] INFO  impl.RoleInfo (RoleInfo.java:updateAndGet(130)) - bc31efc5-a10f-49ea-82d4-325dc6674eda: start bc31efc5-a10f-49ea-82d4-325dc6674eda@group-30DFD9EAA064-LeaderElection12
2021-12-22 01:08:18,443 [bc31efc5-a10f-49ea-82d4-325dc6674eda@group-30DFD9EAA064-LeaderElection12] INFO  impl.LeaderElection (LeaderElection.java:askForVotes(306)) - bc31efc5-a10f-49ea-82d4-325dc6674eda@group-30DFD9EAA064-LeaderElection12 ELECTION round 0: submit vote requests at term 4 for 0: [d1229c05-d9ac-40a7-9199-569f25256273|rpc:10.1.0.16:37951|dataStream:|priority:1, bc31efc5-a10f-49ea-82d4-325dc6674eda|rpc:10.1.0.16:45543|dataStream:|priority:0, a426eecb-3f7b-4bd3-8516-db356bf90be2|rpc:10.1.0.16:36549|dataStream:|priority:0], old=null
2021-12-22 01:08:18,460 [bc31efc5-a10f-49ea-82d4-325dc6674eda@group-30DFD9EAA064-LeaderElection12] INFO  impl.LeaderElection (LogUtils.java:infoOrTrace(137)) - bc31efc5-a10f-49ea-82d4-325dc6674eda@group-30DFD9EAA064-LeaderElection12 got exception when requesting votes: java.util.concurrent.ExecutionException: org.apache.ratis.thirdparty.io.grpc.StatusRuntimeException: UNAVAILABLE: io exception
2021-12-22 01:08:18,460 [bc31efc5-a10f-49ea-82d4-325dc6674eda@group-30DFD9EAA064-LeaderElection12] INFO  impl.LeaderElection (LogUtils.java:infoOrTrace(137)) - bc31efc5-a10f-49ea-82d4-325dc6674eda@group-30DFD9EAA064-LeaderElection12 got exception when requesting votes: java.util.concurrent.ExecutionException: org.apache.ratis.thirdparty.io.grpc.StatusRuntimeException: UNAVAILABLE: io exception
2021-12-22 01:08:18,461 [bc31efc5-a10f-49ea-82d4-325dc6674eda@group-30DFD9EAA064-LeaderElection12] INFO  impl.LeaderElection (LeaderElection.java:logAndReturn(89)) - bc31efc5-a10f-49ea-82d4-325dc6674eda@group-30DFD9EAA064-LeaderElection12: ELECTION REJECTED received 0 response(s) and 2 exception(s):
2021-12-22 01:08:18,461 [bc31efc5-a10f-49ea-82d4-325dc6674eda@group-30DFD9EAA064-LeaderElection12] INFO  impl.LeaderElection (LogUtils.java:infoOrTrace(137)) -   Exception 0: java.util.concurrent.ExecutionException: org.apache.ratis.thirdparty.io.grpc.StatusRuntimeException: UNAVAILABLE: io exception
2021-12-22 01:08:18,461 [bc31efc5-a10f-49ea-82d4-325dc6674eda@group-30DFD9EAA064-LeaderElection12] INFO  impl.LeaderElection (LogUtils.java:infoOrTrace(137)) -   Exception 1: java.util.concurrent.ExecutionException: org.apache.ratis.thirdparty.io.grpc.StatusRuntimeException: UNAVAILABLE: io exception
2021-12-22 01:08:18,461 [bc31efc5-a10f-49ea-82d4-325dc6674eda@group-30DFD9EAA064-LeaderElection12] INFO  impl.LeaderElection (LeaderElection.java:askForVotes(308)) - bc31efc5-a10f-49ea-82d4-325dc6674eda@group-30DFD9EAA064-LeaderElection12 ELECTION round 0: result REJECTED
2021-12-22 01:08:18,461 [bc31efc5-a10f-49ea-82d4-325dc6674eda@group-30DFD9EAA064-LeaderElection12] INFO  server.RaftServer$Division (RaftServerImpl.java:setRole(290)) - bc31efc5-a10f-49ea-82d4-325dc6674eda@group-30DFD9EAA064: changes role from CANDIDATE to FOLLOWER at term 4 for REJECTED
2021-12-22 01:08:18,461 [bc31efc5-a10f-49ea-82d4-325dc6674eda@group-30DFD9EAA064-LeaderElection12] INFO  impl.RoleInfo (RoleInfo.java:shutdownLeaderElection(121)) - bc31efc5-a10f-49ea-82d4-325dc6674eda: shutdown bc31efc5-a10f-49ea-82d4-325dc6674eda@group-30DFD9EAA064-LeaderElection12
2021-12-22 01:08:18,461 [bc31efc5-a10f-49ea-82d4-325dc6674eda@group-30DFD9EAA064-LeaderElection12] INFO  impl.RoleInfo (RoleInfo.java:updateAndGet(130)) - bc31efc5-a10f-49ea-82d4-325dc6674eda: start bc31efc5-a10f-49ea-82d4-325dc6674eda@group-30DFD9EAA064-FollowerState
2021-12-22 01:08:18,537 [bc31efc5-a10f-49ea-82d4-325dc6674eda@group-3E424BC0E779-FollowerState] INFO  impl.FollowerState (FollowerState.java:lostMajorityHeartbeatsRecently(107)) - bc31efc5-a10f-49ea-82d4-325dc6674eda@group-3E424BC0E779-FollowerState: Skipping leader election since it stepped down recently (elapsed = 5135ms < waitTime = 10s)
2021-12-22 01:08:18,621 [Listener at 127.0.0.1/45789] INFO  ozone.MiniOzoneClusterImpl (MiniOzoneClusterImpl.java:lambda$waitForHddsDatanodesStop$3(389)) - Waiting on 1 datanodes out of 2 to be marked unhealthy.
2021-12-22 01:08:19,621 [Listener at 127.0.0.1/45789] INFO  ozone.MiniOzoneClusterImpl (MiniOzoneClusterImpl.java:lambda$waitForHddsDatanodesStop$3(389)) - Waiting on 1 datanodes out of 2 to be marked unhealthy.
2021-12-22 01:08:20,622 [Listener at 127.0.0.1/45789] INFO  ozone.MiniOzoneClusterImpl (MiniOzoneClusterImpl.java:lambda$waitForHddsDatanodesStop$3(389)) - Waiting on 1 datanodes out of 2 to be marked unhealthy.
2021-12-22 01:08:21,623 [Listener at 127.0.0.1/45789] INFO  ozone.MiniOzoneClusterImpl (MiniOzoneClusterImpl.java:lambda$waitForHddsDatanodesStop$3(389)) - Waiting on 1 datanodes out of 2 to be marked unhealthy.
2021-12-22 01:08:22,630 [Listener at 127.0.0.1/45789] INFO  ozone.MiniOzoneClusterImpl (MiniOzoneClusterImpl.java:lambda$waitForHddsDatanodesStop$3(389)) - Waiting on 1 datanodes out of 2 to be marked unhealthy.
2021-12-22 01:08:23,631 [Listener at 127.0.0.1/45789] INFO  ozone.MiniOzoneClusterImpl (MiniOzoneClusterImpl.java:lambda$waitForHddsDatanodesStop$3(389)) - Waiting on 1 datanodes out of 2 to be marked unhealthy.
2021-12-22 01:08:23,640 [bc31efc5-a10f-49ea-82d4-325dc6674eda@group-30DFD9EAA064-FollowerState] INFO  impl.FollowerState (FollowerState.java:run(134)) - bc31efc5-a10f-49ea-82d4-325dc6674eda@group-30DFD9EAA064-FollowerState: change to CANDIDATE, lastRpcElapsedTime:5179220760ns, electionTimeout:5177ms
2021-12-22 01:08:23,640 [bc31efc5-a10f-49ea-82d4-325dc6674eda@group-30DFD9EAA064-FollowerState] INFO  impl.RoleInfo (RoleInfo.java:shutdownFollowerState(108)) - bc31efc5-a10f-49ea-82d4-325dc6674eda: shutdown bc31efc5-a10f-49ea-82d4-325dc6674eda@group-30DFD9EAA064-FollowerState
2021-12-22 01:08:23,640 [bc31efc5-a10f-49ea-82d4-325dc6674eda@group-30DFD9EAA064-FollowerState] INFO  server.RaftServer$Division (RaftServerImpl.java:setRole(290)) - bc31efc5-a10f-49ea-82d4-325dc6674eda@group-30DFD9EAA064: changes role from  FOLLOWER to CANDIDATE at term 4 for changeToCandidate
2021-12-22 01:08:23,640 [bc31efc5-a10f-49ea-82d4-325dc6674eda@group-30DFD9EAA064-FollowerState] INFO  server.RaftServerConfigKeys (ConfUtils.java:logGet(44)) - raft.server.leaderelection.pre-vote = false (custom)
2021-12-22 01:08:23,640 [bc31efc5-a10f-49ea-82d4-325dc6674eda@group-30DFD9EAA064-FollowerState] INFO  impl.RoleInfo (RoleInfo.java:updateAndGet(130)) - bc31efc5-a10f-49ea-82d4-325dc6674eda: start bc31efc5-a10f-49ea-82d4-325dc6674eda@group-30DFD9EAA064-LeaderElection13
2021-12-22 01:08:23,659 [bc31efc5-a10f-49ea-82d4-325dc6674eda@group-30DFD9EAA064-LeaderElection13] INFO  impl.LeaderElection (LeaderElection.java:askForVotes(306)) - bc31efc5-a10f-49ea-82d4-325dc6674eda@group-30DFD9EAA064-LeaderElection13 ELECTION round 0: submit vote requests at term 5 for 0: [d1229c05-d9ac-40a7-9199-569f25256273|rpc:10.1.0.16:37951|dataStream:|priority:1, bc31efc5-a10f-49ea-82d4-325dc6674eda|rpc:10.1.0.16:45543|dataStream:|priority:0, a426eecb-3f7b-4bd3-8516-db356bf90be2|rpc:10.1.0.16:36549|dataStream:|priority:0], old=null
2021-12-22 01:08:23,665 [bc31efc5-a10f-49ea-82d4-325dc6674eda@group-30DFD9EAA064-LeaderElection13] INFO  impl.LeaderElection (LogUtils.java:infoOrTrace(137)) - bc31efc5-a10f-49ea-82d4-325dc6674eda@group-30DFD9EAA064-LeaderElection13 got exception when requesting votes: java.util.concurrent.ExecutionException: org.apache.ratis.thirdparty.io.grpc.StatusRuntimeException: UNAVAILABLE: io exception
2021-12-22 01:08:23,665 [bc31efc5-a10f-49ea-82d4-325dc6674eda@group-30DFD9EAA064-LeaderElection13] INFO  impl.LeaderElection (LogUtils.java:infoOrTrace(137)) - bc31efc5-a10f-49ea-82d4-325dc6674eda@group-30DFD9EAA064-LeaderElection13 got exception when requesting votes: java.util.concurrent.ExecutionException: org.apache.ratis.thirdparty.io.grpc.StatusRuntimeException: UNAVAILABLE: io exception
2021-12-22 01:08:23,665 [bc31efc5-a10f-49ea-82d4-325dc6674eda@group-30DFD9EAA064-LeaderElection13] INFO  impl.LeaderElection (LeaderElection.java:logAndReturn(89)) - bc31efc5-a10f-49ea-82d4-325dc6674eda@group-30DFD9EAA064-LeaderElection13: ELECTION REJECTED received 0 response(s) and 2 exception(s):
2021-12-22 01:08:23,665 [bc31efc5-a10f-49ea-82d4-325dc6674eda@group-30DFD9EAA064-LeaderElection13] INFO  impl.LeaderElection (LogUtils.java:infoOrTrace(137)) -   Exception 0: java.util.concurrent.ExecutionException: org.apache.ratis.thirdparty.io.grpc.StatusRuntimeException: UNAVAILABLE: io exception
2021-12-22 01:08:23,665 [bc31efc5-a10f-49ea-82d4-325dc6674eda@group-30DFD9EAA064-LeaderElection13] INFO  impl.LeaderElection (LogUtils.java:infoOrTrace(137)) -   Exception 1: java.util.concurrent.ExecutionException: org.apache.ratis.thirdparty.io.grpc.StatusRuntimeException: UNAVAILABLE: io exception
2021-12-22 01:08:23,665 [bc31efc5-a10f-49ea-82d4-325dc6674eda@group-30DFD9EAA064-LeaderElection13] INFO  impl.LeaderElection (LeaderElection.java:askForVotes(308)) - bc31efc5-a10f-49ea-82d4-325dc6674eda@group-30DFD9EAA064-LeaderElection13 ELECTION round 0: result REJECTED
2021-12-22 01:08:23,665 [bc31efc5-a10f-49ea-82d4-325dc6674eda@group-30DFD9EAA064-LeaderElection13] INFO  server.RaftServer$Division (RaftServerImpl.java:setRole(290)) - bc31efc5-a10f-49ea-82d4-325dc6674eda@group-30DFD9EAA064: changes role from CANDIDATE to FOLLOWER at term 5 for REJECTED
2021-12-22 01:08:23,665 [bc31efc5-a10f-49ea-82d4-325dc6674eda@group-30DFD9EAA064-LeaderElection13] INFO  impl.RoleInfo (RoleInfo.java:shutdownLeaderElection(121)) - bc31efc5-a10f-49ea-82d4-325dc6674eda: shutdown bc31efc5-a10f-49ea-82d4-325dc6674eda@group-30DFD9EAA064-LeaderElection13
2021-12-22 01:08:23,665 [bc31efc5-a10f-49ea-82d4-325dc6674eda@group-30DFD9EAA064-LeaderElection13] INFO  impl.RoleInfo (RoleInfo.java:updateAndGet(130)) - bc31efc5-a10f-49ea-82d4-325dc6674eda: start bc31efc5-a10f-49ea-82d4-325dc6674eda@group-30DFD9EAA064-FollowerState
2021-12-22 01:08:23,673 [bc31efc5-a10f-49ea-82d4-325dc6674eda@group-3E424BC0E779-FollowerState] INFO  impl.FollowerState (FollowerState.java:run(134)) - bc31efc5-a10f-49ea-82d4-325dc6674eda@group-3E424BC0E779-FollowerState: change to CANDIDATE, lastRpcElapsedTime:10271538564ns, electionTimeout:5136ms
2021-12-22 01:08:23,673 [bc31efc5-a10f-49ea-82d4-325dc6674eda@group-3E424BC0E779-FollowerState] INFO  impl.RoleInfo (RoleInfo.java:shutdownFollowerState(108)) - bc31efc5-a10f-49ea-82d4-325dc6674eda: shutdown bc31efc5-a10f-49ea-82d4-325dc6674eda@group-3E424BC0E779-FollowerState
2021-12-22 01:08:23,673 [bc31efc5-a10f-49ea-82d4-325dc6674eda@group-3E424BC0E779-FollowerState] INFO  server.RaftServer$Division (RaftServerImpl.java:setRole(290)) - bc31efc5-a10f-49ea-82d4-325dc6674eda@group-3E424BC0E779: changes role from  FOLLOWER to CANDIDATE at term 2 for changeToCandidate
2021-12-22 01:08:23,673 [bc31efc5-a10f-49ea-82d4-325dc6674eda@group-3E424BC0E779-FollowerState] INFO  server.RaftServerConfigKeys (ConfUtils.java:logGet(44)) - raft.server.leaderelection.pre-vote = false (custom)
2021-12-22 01:08:23,673 [bc31efc5-a10f-49ea-82d4-325dc6674eda@group-3E424BC0E779-FollowerState] INFO  impl.RoleInfo (RoleInfo.java:updateAndGet(130)) - bc31efc5-a10f-49ea-82d4-325dc6674eda: start bc31efc5-a10f-49ea-82d4-325dc6674eda@group-3E424BC0E779-LeaderElection14
2021-12-22 01:08:23,692 [bc31efc5-a10f-49ea-82d4-325dc6674eda@group-3E424BC0E779-LeaderElection14] INFO  server.RaftServer$Division (ServerState.java:setLeader(285)) - bc31efc5-a10f-49ea-82d4-325dc6674eda@group-3E424BC0E779: change Leader from bc31efc5-a10f-49ea-82d4-325dc6674eda to null at term 2 for ELECTION
2021-12-22 01:08:23,693 [bc31efc5-a10f-49ea-82d4-325dc6674eda@group-3E424BC0E779-LeaderElection14] INFO  impl.LeaderElection (LeaderElection.java:askForVotes(306)) - bc31efc5-a10f-49ea-82d4-325dc6674eda@group-3E424BC0E779-LeaderElection14 ELECTION round 0: submit vote requests at term 3 for 0: [bc31efc5-a10f-49ea-82d4-325dc6674eda|rpc:10.1.0.16:45543|dataStream:|priority:1, d1229c05-d9ac-40a7-9199-569f25256273|rpc:10.1.0.16:37951|dataStream:|priority:0, a426eecb-3f7b-4bd3-8516-db356bf90be2|rpc:10.1.0.16:36549|dataStream:|priority:0], old=null
2021-12-22 01:08:23,724 [bc31efc5-a10f-49ea-82d4-325dc6674eda@group-3E424BC0E779-LeaderElection14] INFO  impl.LeaderElection (LogUtils.java:infoOrTrace(137)) - bc31efc5-a10f-49ea-82d4-325dc6674eda@group-3E424BC0E779-LeaderElection14 got exception when requesting votes: java.util.concurrent.ExecutionException: org.apache.ratis.thirdparty.io.grpc.StatusRuntimeException: UNAVAILABLE: io exception
2021-12-22 01:08:23,728 [bc31efc5-a10f-49ea-82d4-325dc6674eda@group-3E424BC0E779-LeaderElection14] INFO  impl.LeaderElection (LogUtils.java:infoOrTrace(137)) - bc31efc5-a10f-49ea-82d4-325dc6674eda@group-3E424BC0E779-LeaderElection14 got exception when requesting votes: java.util.concurrent.ExecutionException: org.apache.ratis.thirdparty.io.grpc.StatusRuntimeException: UNAVAILABLE: io exception
2021-12-22 01:08:23,728 [bc31efc5-a10f-49ea-82d4-325dc6674eda@group-3E424BC0E779-LeaderElection14] INFO  impl.LeaderElection (LeaderElection.java:logAndReturn(89)) - bc31efc5-a10f-49ea-82d4-325dc6674eda@group-3E424BC0E779-LeaderElection14: ELECTION REJECTED received 0 response(s) and 2 exception(s):
2021-12-22 01:08:23,728 [bc31efc5-a10f-49ea-82d4-325dc6674eda@group-3E424BC0E779-LeaderElection14] INFO  impl.LeaderElection (LogUtils.java:infoOrTrace(137)) -   Exception 0: java.util.concurrent.ExecutionException: org.apache.ratis.thirdparty.io.grpc.StatusRuntimeException: UNAVAILABLE: io exception
2021-12-22 01:08:23,728 [bc31efc5-a10f-49ea-82d4-325dc6674eda@group-3E424BC0E779-LeaderElection14] INFO  impl.LeaderElection (LogUtils.java:infoOrTrace(137)) -   Exception 1: java.util.concurrent.ExecutionException: org.apache.ratis.thirdparty.io.grpc.StatusRuntimeException: UNAVAILABLE: io exception
2021-12-22 01:08:23,728 [bc31efc5-a10f-49ea-82d4-325dc6674eda@group-3E424BC0E779-LeaderElection14] INFO  impl.LeaderElection (LeaderElection.java:askForVotes(308)) - bc31efc5-a10f-49ea-82d4-325dc6674eda@group-3E424BC0E779-LeaderElection14 ELECTION round 0: result REJECTED
2021-12-22 01:08:23,728 [bc31efc5-a10f-49ea-82d4-325dc6674eda@group-3E424BC0E779-LeaderElection14] INFO  server.RaftServer$Division (RaftServerImpl.java:setRole(290)) - bc31efc5-a10f-49ea-82d4-325dc6674eda@group-3E424BC0E779: changes role from CANDIDATE to FOLLOWER at term 3 for REJECTED
2021-12-22 01:08:23,728 [bc31efc5-a10f-49ea-82d4-325dc6674eda@group-3E424BC0E779-LeaderElection14] INFO  impl.RoleInfo (RoleInfo.java:shutdownLeaderElection(121)) - bc31efc5-a10f-49ea-82d4-325dc6674eda: shutdown bc31efc5-a10f-49ea-82d4-325dc6674eda@group-3E424BC0E779-LeaderElection14
2021-12-22 01:08:23,728 [bc31efc5-a10f-49ea-82d4-325dc6674eda@group-3E424BC0E779-LeaderElection14] INFO  impl.RoleInfo (RoleInfo.java:updateAndGet(130)) - bc31efc5-a10f-49ea-82d4-325dc6674eda: start bc31efc5-a10f-49ea-82d4-325dc6674eda@group-3E424BC0E779-FollowerState
2021-12-22 01:08:24,631 [Listener at 127.0.0.1/45789] INFO  ozone.MiniOzoneClusterImpl (MiniOzoneClusterImpl.java:lambda$waitForHddsDatanodesStop$3(389)) - Waiting on 1 datanodes out of 2 to be marked unhealthy.
2021-12-22 01:08:25,632 [Listener at 127.0.0.1/45789] INFO  ozone.MiniOzoneClusterImpl (MiniOzoneClusterImpl.java:lambda$waitForHddsDatanodesStop$3(389)) - Waiting on 1 datanodes out of 2 to be marked unhealthy.
2021-12-22 01:08:26,632 [Listener at 127.0.0.1/45789] INFO  ozone.MiniOzoneClusterImpl (MiniOzoneClusterImpl.java:lambda$waitForHddsDatanodesStop$3(389)) - Waiting on 1 datanodes out of 2 to be marked unhealthy.
2021-12-22 01:08:27,633 [Listener at 127.0.0.1/45789] INFO  ozone.MiniOzoneClusterImpl (MiniOzoneClusterImpl.java:lambda$waitForHddsDatanodesStop$3(389)) - Waiting on 1 datanodes out of 2 to be marked unhealthy.
2021-12-22 01:08:28,633 [Listener at 127.0.0.1/45789] INFO  ozone.MiniOzoneClusterImpl (MiniOzoneClusterImpl.java:lambda$waitForHddsDatanodesStop$3(389)) - Waiting on 1 datanodes out of 2 to be marked unhealthy.
2021-12-22 01:08:28,816 [bc31efc5-a10f-49ea-82d4-325dc6674eda@group-3E424BC0E779-FollowerState] INFO  impl.FollowerState (FollowerState.java:run(134)) - bc31efc5-a10f-49ea-82d4-325dc6674eda@group-3E424BC0E779-FollowerState: change to CANDIDATE, lastRpcElapsedTime:5087562497ns, electionTimeout:5076ms
2021-12-22 01:08:28,816 [bc31efc5-a10f-49ea-82d4-325dc6674eda@group-3E424BC0E779-FollowerState] INFO  impl.RoleInfo (RoleInfo.java:shutdownFollowerState(108)) - bc31efc5-a10f-49ea-82d4-325dc6674eda: shutdown bc31efc5-a10f-49ea-82d4-325dc6674eda@group-3E424BC0E779-FollowerState
2021-12-22 01:08:28,816 [bc31efc5-a10f-49ea-82d4-325dc6674eda@group-3E424BC0E779-FollowerState] INFO  server.RaftServer$Division (RaftServerImpl.java:setRole(290)) - bc31efc5-a10f-49ea-82d4-325dc6674eda@group-3E424BC0E779: changes role from  FOLLOWER to CANDIDATE at term 3 for changeToCandidate
2021-12-22 01:08:28,816 [bc31efc5-a10f-49ea-82d4-325dc6674eda@group-3E424BC0E779-FollowerState] INFO  server.RaftServerConfigKeys (ConfUtils.java:logGet(44)) - raft.server.leaderelection.pre-vote = false (custom)
2021-12-22 01:08:28,816 [bc31efc5-a10f-49ea-82d4-325dc6674eda@group-3E424BC0E779-FollowerState] INFO  impl.RoleInfo (RoleInfo.java:updateAndGet(130)) - bc31efc5-a10f-49ea-82d4-325dc6674eda: start bc31efc5-a10f-49ea-82d4-325dc6674eda@group-3E424BC0E779-LeaderElection15
2021-12-22 01:08:28,825 [bc31efc5-a10f-49ea-82d4-325dc6674eda@group-30DFD9EAA064-FollowerState] INFO  impl.FollowerState (FollowerState.java:run(134)) - bc31efc5-a10f-49ea-82d4-325dc6674eda@group-30DFD9EAA064-FollowerState: change to CANDIDATE, lastRpcElapsedTime:5159509168ns, electionTimeout:5141ms
2021-12-22 01:08:28,825 [bc31efc5-a10f-49ea-82d4-325dc6674eda@group-30DFD9EAA064-FollowerState] INFO  impl.RoleInfo (RoleInfo.java:shutdownFollowerState(108)) - bc31efc5-a10f-49ea-82d4-325dc6674eda: shutdown bc31efc5-a10f-49ea-82d4-325dc6674eda@group-30DFD9EAA064-FollowerState
2021-12-22 01:08:28,825 [bc31efc5-a10f-49ea-82d4-325dc6674eda@group-30DFD9EAA064-FollowerState] INFO  server.RaftServer$Division (RaftServerImpl.java:setRole(290)) - bc31efc5-a10f-49ea-82d4-325dc6674eda@group-30DFD9EAA064: changes role from  FOLLOWER to CANDIDATE at term 5 for changeToCandidate
2021-12-22 01:08:28,825 [bc31efc5-a10f-49ea-82d4-325dc6674eda@group-30DFD9EAA064-FollowerState] INFO  server.RaftServerConfigKeys (ConfUtils.java:logGet(44)) - raft.server.leaderelection.pre-vote = false (custom)
2021-12-22 01:08:28,825 [bc31efc5-a10f-49ea-82d4-325dc6674eda@group-30DFD9EAA064-FollowerState] INFO  impl.RoleInfo (RoleInfo.java:updateAndGet(130)) - bc31efc5-a10f-49ea-82d4-325dc6674eda: start bc31efc5-a10f-49ea-82d4-325dc6674eda@group-30DFD9EAA064-LeaderElection16
2021-12-22 01:08:28,837 [bc31efc5-a10f-49ea-82d4-325dc6674eda@group-3E424BC0E779-LeaderElection15] INFO  impl.LeaderElection (LeaderElection.java:askForVotes(306)) - bc31efc5-a10f-49ea-82d4-325dc6674eda@group-3E424BC0E779-LeaderElection15 ELECTION round 0: submit vote requests at term 4 for 0: [bc31efc5-a10f-49ea-82d4-325dc6674eda|rpc:10.1.0.16:45543|dataStream:|priority:1, d1229c05-d9ac-40a7-9199-569f25256273|rpc:10.1.0.16:37951|dataStream:|priority:0, a426eecb-3f7b-4bd3-8516-db356bf90be2|rpc:10.1.0.16:36549|dataStream:|priority:0], old=null
2021-12-22 01:08:28,841 [bc31efc5-a10f-49ea-82d4-325dc6674eda@group-30DFD9EAA064-LeaderElection16] INFO  impl.LeaderElection (LeaderElection.java:askForVotes(306)) - bc31efc5-a10f-49ea-82d4-325dc6674eda@group-30DFD9EAA064-LeaderElection16 ELECTION round 0: submit vote requests at term 6 for 0: [d1229c05-d9ac-40a7-9199-569f25256273|rpc:10.1.0.16:37951|dataStream:|priority:1, bc31efc5-a10f-49ea-82d4-325dc6674eda|rpc:10.1.0.16:45543|dataStream:|priority:0, a426eecb-3f7b-4bd3-8516-db356bf90be2|rpc:10.1.0.16:36549|dataStream:|priority:0], old=null
2021-12-22 01:08:28,847 [bc31efc5-a10f-49ea-82d4-325dc6674eda@group-3E424BC0E779-LeaderElection15] INFO  impl.LeaderElection (LogUtils.java:infoOrTrace(137)) - bc31efc5-a10f-49ea-82d4-325dc6674eda@group-3E424BC0E779-LeaderElection15 got exception when requesting votes: java.util.concurrent.ExecutionException: org.apache.ratis.thirdparty.io.grpc.StatusRuntimeException: UNAVAILABLE: io exception
2021-12-22 01:08:28,855 [bc31efc5-a10f-49ea-82d4-325dc6674eda@group-3E424BC0E779-LeaderElection15] INFO  impl.LeaderElection (LogUtils.java:infoOrTrace(137)) - bc31efc5-a10f-49ea-82d4-325dc6674eda@group-3E424BC0E779-LeaderElection15 got exception when requesting votes: java.util.concurrent.ExecutionException: org.apache.ratis.thirdparty.io.grpc.StatusRuntimeException: UNAVAILABLE: io exception
2021-12-22 01:08:28,855 [bc31efc5-a10f-49ea-82d4-325dc6674eda@group-30DFD9EAA064-LeaderElection16] INFO  impl.LeaderElection (LogUtils.java:infoOrTrace(137)) - bc31efc5-a10f-49ea-82d4-325dc6674eda@group-30DFD9EAA064-LeaderElection16 got exception when requesting votes: java.util.concurrent.ExecutionException: org.apache.ratis.thirdparty.io.grpc.StatusRuntimeException: UNAVAILABLE: io exception
2021-12-22 01:08:28,855 [bc31efc5-a10f-49ea-82d4-325dc6674eda@group-3E424BC0E779-LeaderElection15] INFO  impl.LeaderElection (LeaderElection.java:logAndReturn(89)) - bc31efc5-a10f-49ea-82d4-325dc6674eda@group-3E424BC0E779-LeaderElection15: ELECTION REJECTED received 0 response(s) and 2 exception(s):
2021-12-22 01:08:28,856 [bc31efc5-a10f-49ea-82d4-325dc6674eda@group-3E424BC0E779-LeaderElection15] INFO  impl.LeaderElection (LogUtils.java:infoOrTrace(137)) -   Exception 0: java.util.concurrent.ExecutionException: org.apache.ratis.thirdparty.io.grpc.StatusRuntimeException: UNAVAILABLE: io exception
2021-12-22 01:08:28,856 [bc31efc5-a10f-49ea-82d4-325dc6674eda@group-3E424BC0E779-LeaderElection15] INFO  impl.LeaderElection (LogUtils.java:infoOrTrace(137)) -   Exception 1: java.util.concurrent.ExecutionException: org.apache.ratis.thirdparty.io.grpc.StatusRuntimeException: UNAVAILABLE: io exception
2021-12-22 01:08:28,856 [bc31efc5-a10f-49ea-82d4-325dc6674eda@group-3E424BC0E779-LeaderElection15] INFO  impl.LeaderElection (LeaderElection.java:askForVotes(308)) - bc31efc5-a10f-49ea-82d4-325dc6674eda@group-3E424BC0E779-LeaderElection15 ELECTION round 0: result REJECTED
2021-12-22 01:08:28,856 [bc31efc5-a10f-49ea-82d4-325dc6674eda@group-3E424BC0E779-LeaderElection15] INFO  server.RaftServer$Division (RaftServerImpl.java:setRole(290)) - bc31efc5-a10f-49ea-82d4-325dc6674eda@group-3E424BC0E779: changes role from CANDIDATE to FOLLOWER at term 4 for REJECTED
2021-12-22 01:08:28,856 [bc31efc5-a10f-49ea-82d4-325dc6674eda@group-3E424BC0E779-LeaderElection15] INFO  impl.RoleInfo (RoleInfo.java:shutdownLeaderElection(121)) - bc31efc5-a10f-49ea-82d4-325dc6674eda: shutdown bc31efc5-a10f-49ea-82d4-325dc6674eda@group-3E424BC0E779-LeaderElection15
2021-12-22 01:08:28,856 [bc31efc5-a10f-49ea-82d4-325dc6674eda@group-30DFD9EAA064-LeaderElection16] INFO  impl.LeaderElection (LogUtils.java:infoOrTrace(137)) - bc31efc5-a10f-49ea-82d4-325dc6674eda@group-30DFD9EAA064-LeaderElection16 got exception when requesting votes: java.util.concurrent.ExecutionException: org.apache.ratis.thirdparty.io.grpc.StatusRuntimeException: UNAVAILABLE: io exception
2021-12-22 01:08:28,856 [bc31efc5-a10f-49ea-82d4-325dc6674eda@group-30DFD9EAA064-LeaderElection16] INFO  impl.LeaderElection (LeaderElection.java:logAndReturn(89)) - bc31efc5-a10f-49ea-82d4-325dc6674eda@group-30DFD9EAA064-LeaderElection16: ELECTION REJECTED received 0 response(s) and 2 exception(s):
2021-12-22 01:08:28,856 [bc31efc5-a10f-49ea-82d4-325dc6674eda@group-30DFD9EAA064-LeaderElection16] INFO  impl.LeaderElection (LogUtils.java:infoOrTrace(137)) -   Exception 0: java.util.concurrent.ExecutionException: org.apache.ratis.thirdparty.io.grpc.StatusRuntimeException: UNAVAILABLE: io exception
2021-12-22 01:08:28,856 [bc31efc5-a10f-49ea-82d4-325dc6674eda@group-30DFD9EAA064-LeaderElection16] INFO  impl.LeaderElection (LogUtils.java:infoOrTrace(137)) -   Exception 1: java.util.concurrent.ExecutionException: org.apache.ratis.thirdparty.io.grpc.StatusRuntimeException: UNAVAILABLE: io exception
2021-12-22 01:08:28,856 [bc31efc5-a10f-49ea-82d4-325dc6674eda@group-30DFD9EAA064-LeaderElection16] INFO  impl.LeaderElection (LeaderElection.java:askForVotes(308)) - bc31efc5-a10f-49ea-82d4-325dc6674eda@group-30DFD9EAA064-LeaderElection16 ELECTION round 0: result REJECTED
2021-12-22 01:08:28,856 [bc31efc5-a10f-49ea-82d4-325dc6674eda@group-30DFD9EAA064-LeaderElection16] INFO  server.RaftServer$Division (RaftServerImpl.java:setRole(290)) - bc31efc5-a10f-49ea-82d4-325dc6674eda@group-30DFD9EAA064: changes role from CANDIDATE to FOLLOWER at term 6 for REJECTED
2021-12-22 01:08:28,856 [bc31efc5-a10f-49ea-82d4-325dc6674eda@group-30DFD9EAA064-LeaderElection16] INFO  impl.RoleInfo (RoleInfo.java:shutdownLeaderElection(121)) - bc31efc5-a10f-49ea-82d4-325dc6674eda: shutdown bc31efc5-a10f-49ea-82d4-325dc6674eda@group-30DFD9EAA064-LeaderElection16
2021-12-22 01:08:28,856 [bc31efc5-a10f-49ea-82d4-325dc6674eda@group-3E424BC0E779-LeaderElection15] INFO  impl.RoleInfo (RoleInfo.java:updateAndGet(130)) - bc31efc5-a10f-49ea-82d4-325dc6674eda: start bc31efc5-a10f-49ea-82d4-325dc6674eda@group-3E424BC0E779-FollowerState
2021-12-22 01:08:28,856 [bc31efc5-a10f-49ea-82d4-325dc6674eda@group-30DFD9EAA064-LeaderElection16] INFO  impl.RoleInfo (RoleInfo.java:updateAndGet(130)) - bc31efc5-a10f-49ea-82d4-325dc6674eda: start bc31efc5-a10f-49ea-82d4-325dc6674eda@group-30DFD9EAA064-FollowerState
2021-12-22 01:08:29,634 [Listener at 127.0.0.1/45789] INFO  ozone.MiniOzoneClusterImpl (MiniOzoneClusterImpl.java:lambda$waitForHddsDatanodesStop$3(389)) - Waiting on 1 datanodes out of 2 to be marked unhealthy.
2021-12-22 01:08:30,634 [Listener at 127.0.0.1/45789] INFO  ozone.MiniOzoneClusterImpl (MiniOzoneClusterImpl.java:lambda$waitForHddsDatanodesStop$3(389)) - Waiting on 1 datanodes out of 2 to be marked unhealthy.
2021-12-22 01:08:31,634 [Listener at 127.0.0.1/45789] INFO  ozone.MiniOzoneClusterImpl (MiniOzoneClusterImpl.java:lambda$waitForHddsDatanodesStop$3(389)) - Waiting on 1 datanodes out of 2 to be marked unhealthy.
2021-12-22 01:08:32,635 [Listener at 127.0.0.1/45789] INFO  ozone.MiniOzoneClusterImpl (MiniOzoneClusterImpl.java:lambda$waitForHddsDatanodesStop$3(389)) - Waiting on 1 datanodes out of 2 to be marked unhealthy.
2021-12-22 01:08:33,635 [Listener at 127.0.0.1/45789] INFO  ozone.MiniOzoneClusterImpl (MiniOzoneClusterImpl.java:lambda$waitForHddsDatanodesStop$3(389)) - Waiting on 1 datanodes out of 2 to be marked unhealthy.
2021-12-22 01:08:33,943 [bc31efc5-a10f-49ea-82d4-325dc6674eda@group-3E424BC0E779-FollowerState] INFO  impl.FollowerState (FollowerState.java:run(134)) - bc31efc5-a10f-49ea-82d4-325dc6674eda@group-3E424BC0E779-FollowerState: change to CANDIDATE, lastRpcElapsedTime:5087026920ns, electionTimeout:5083ms
2021-12-22 01:08:33,943 [bc31efc5-a10f-49ea-82d4-325dc6674eda@group-3E424BC0E779-FollowerState] INFO  impl.RoleInfo (RoleInfo.java:shutdownFollowerState(108)) - bc31efc5-a10f-49ea-82d4-325dc6674eda: shutdown bc31efc5-a10f-49ea-82d4-325dc6674eda@group-3E424BC0E779-FollowerState
2021-12-22 01:08:33,943 [bc31efc5-a10f-49ea-82d4-325dc6674eda@group-3E424BC0E779-FollowerState] INFO  server.RaftServer$Division (RaftServerImpl.java:setRole(290)) - bc31efc5-a10f-49ea-82d4-325dc6674eda@group-3E424BC0E779: changes role from  FOLLOWER to CANDIDATE at term 4 for changeToCandidate
2021-12-22 01:08:33,943 [bc31efc5-a10f-49ea-82d4-325dc6674eda@group-3E424BC0E779-FollowerState] INFO  server.RaftServerConfigKeys (ConfUtils.java:logGet(44)) - raft.server.leaderelection.pre-vote = false (custom)
2021-12-22 01:08:33,943 [bc31efc5-a10f-49ea-82d4-325dc6674eda@group-3E424BC0E779-FollowerState] INFO  impl.RoleInfo (RoleInfo.java:updateAndGet(130)) - bc31efc5-a10f-49ea-82d4-325dc6674eda: start bc31efc5-a10f-49ea-82d4-325dc6674eda@group-3E424BC0E779-LeaderElection17
2021-12-22 01:08:33,963 [bc31efc5-a10f-49ea-82d4-325dc6674eda@group-3E424BC0E779-LeaderElection17] INFO  impl.LeaderElection (LeaderElection.java:askForVotes(306)) - bc31efc5-a10f-49ea-82d4-325dc6674eda@group-3E424BC0E779-LeaderElection17 ELECTION round 0: submit vote requests at term 5 for 0: [bc31efc5-a10f-49ea-82d4-325dc6674eda|rpc:10.1.0.16:45543|dataStream:|priority:1, d1229c05-d9ac-40a7-9199-569f25256273|rpc:10.1.0.16:37951|dataStream:|priority:0, a426eecb-3f7b-4bd3-8516-db356bf90be2|rpc:10.1.0.16:36549|dataStream:|priority:0], old=null
2021-12-22 01:08:33,972 [bc31efc5-a10f-49ea-82d4-325dc6674eda@group-3E424BC0E779-LeaderElection17] INFO  impl.LeaderElection (LogUtils.java:infoOrTrace(137)) - bc31efc5-a10f-49ea-82d4-325dc6674eda@group-3E424BC0E779-LeaderElection17 got exception when requesting votes: java.util.concurrent.ExecutionException: org.apache.ratis.thirdparty.io.grpc.StatusRuntimeException: UNAVAILABLE: io exception
2021-12-22 01:08:33,972 [bc31efc5-a10f-49ea-82d4-325dc6674eda@group-3E424BC0E779-LeaderElection17] INFO  impl.LeaderElection (LogUtils.java:infoOrTrace(137)) - bc31efc5-a10f-49ea-82d4-325dc6674eda@group-3E424BC0E779-LeaderElection17 got exception when requesting votes: java.util.concurrent.ExecutionException: org.apache.ratis.thirdparty.io.grpc.StatusRuntimeException: UNAVAILABLE: io exception
2021-12-22 01:08:33,972 [bc31efc5-a10f-49ea-82d4-325dc6674eda@group-3E424BC0E779-LeaderElection17] INFO  impl.LeaderElection (LeaderElection.java:logAndReturn(89)) - bc31efc5-a10f-49ea-82d4-325dc6674eda@group-3E424BC0E779-LeaderElection17: ELECTION REJECTED received 0 response(s) and 2 exception(s):
2021-12-22 01:08:33,973 [bc31efc5-a10f-49ea-82d4-325dc6674eda@group-3E424BC0E779-LeaderElection17] INFO  impl.LeaderElection (LogUtils.java:infoOrTrace(137)) -   Exception 0: java.util.concurrent.ExecutionException: org.apache.ratis.thirdparty.io.grpc.StatusRuntimeException: UNAVAILABLE: io exception
2021-12-22 01:08:33,973 [bc31efc5-a10f-49ea-82d4-325dc6674eda@group-3E424BC0E779-LeaderElection17] INFO  impl.LeaderElection (LogUtils.java:infoOrTrace(137)) -   Exception 1: java.util.concurrent.ExecutionException: org.apache.ratis.thirdparty.io.grpc.StatusRuntimeException: UNAVAILABLE: io exception
2021-12-22 01:08:33,973 [bc31efc5-a10f-49ea-82d4-325dc6674eda@group-3E424BC0E779-LeaderElection17] INFO  impl.LeaderElection (LeaderElection.java:askForVotes(308)) - bc31efc5-a10f-49ea-82d4-325dc6674eda@group-3E424BC0E779-LeaderElection17 ELECTION round 0: result REJECTED
2021-12-22 01:08:33,973 [bc31efc5-a10f-49ea-82d4-325dc6674eda@group-3E424BC0E779-LeaderElection17] INFO  server.RaftServer$Division (RaftServerImpl.java:setRole(290)) - bc31efc5-a10f-49ea-82d4-325dc6674eda@group-3E424BC0E779: changes role from CANDIDATE to FOLLOWER at term 5 for REJECTED
2021-12-22 01:08:33,973 [bc31efc5-a10f-49ea-82d4-325dc6674eda@group-3E424BC0E779-LeaderElection17] INFO  impl.RoleInfo (RoleInfo.java:shutdownLeaderElection(121)) - bc31efc5-a10f-49ea-82d4-325dc6674eda: shutdown bc31efc5-a10f-49ea-82d4-325dc6674eda@group-3E424BC0E779-LeaderElection17
2021-12-22 01:08:33,973 [bc31efc5-a10f-49ea-82d4-325dc6674eda@group-3E424BC0E779-LeaderElection17] INFO  impl.RoleInfo (RoleInfo.java:updateAndGet(130)) - bc31efc5-a10f-49ea-82d4-325dc6674eda: start bc31efc5-a10f-49ea-82d4-325dc6674eda@group-3E424BC0E779-FollowerState
2021-12-22 01:08:34,022 [bc31efc5-a10f-49ea-82d4-325dc6674eda@group-30DFD9EAA064-FollowerState] INFO  impl.FollowerState (FollowerState.java:run(134)) - bc31efc5-a10f-49ea-82d4-325dc6674eda@group-30DFD9EAA064-FollowerState: change to CANDIDATE, lastRpcElapsedTime:5165863834ns, electionTimeout:5157ms
2021-12-22 01:08:34,022 [bc31efc5-a10f-49ea-82d4-325dc6674eda@group-30DFD9EAA064-FollowerState] INFO  impl.RoleInfo (RoleInfo.java:shutdownFollowerState(108)) - bc31efc5-a10f-49ea-82d4-325dc6674eda: shutdown bc31efc5-a10f-49ea-82d4-325dc6674eda@group-30DFD9EAA064-FollowerState
2021-12-22 01:08:34,022 [bc31efc5-a10f-49ea-82d4-325dc6674eda@group-30DFD9EAA064-FollowerState] INFO  server.RaftServer$Division (RaftServerImpl.java:setRole(290)) - bc31efc5-a10f-49ea-82d4-325dc6674eda@group-30DFD9EAA064: changes role from  FOLLOWER to CANDIDATE at term 6 for changeToCandidate
2021-12-22 01:08:34,022 [bc31efc5-a10f-49ea-82d4-325dc6674eda@group-30DFD9EAA064-FollowerState] INFO  server.RaftServerConfigKeys (ConfUtils.java:logGet(44)) - raft.server.leaderelection.pre-vote = false (custom)
2021-12-22 01:08:34,022 [bc31efc5-a10f-49ea-82d4-325dc6674eda@group-30DFD9EAA064-FollowerState] INFO  impl.RoleInfo (RoleInfo.java:updateAndGet(130)) - bc31efc5-a10f-49ea-82d4-325dc6674eda: start bc31efc5-a10f-49ea-82d4-325dc6674eda@group-30DFD9EAA064-LeaderElection18
2021-12-22 01:08:34,037 [bc31efc5-a10f-49ea-82d4-325dc6674eda@group-30DFD9EAA064-LeaderElection18] INFO  impl.LeaderElection (LeaderElection.java:askForVotes(306)) - bc31efc5-a10f-49ea-82d4-325dc6674eda@group-30DFD9EAA064-LeaderElection18 ELECTION round 0: submit vote requests at term 7 for 0: [d1229c05-d9ac-40a7-9199-569f25256273|rpc:10.1.0.16:37951|dataStream:|priority:1, bc31efc5-a10f-49ea-82d4-325dc6674eda|rpc:10.1.0.16:45543|dataStream:|priority:0, a426eecb-3f7b-4bd3-8516-db356bf90be2|rpc:10.1.0.16:36549|dataStream:|priority:0], old=null
2021-12-22 01:08:34,041 [bc31efc5-a10f-49ea-82d4-325dc6674eda@group-30DFD9EAA064-LeaderElection18] INFO  impl.LeaderElection (LogUtils.java:infoOrTrace(137)) - bc31efc5-a10f-49ea-82d4-325dc6674eda@group-30DFD9EAA064-LeaderElection18 got exception when requesting votes: java.util.concurrent.ExecutionException: org.apache.ratis.thirdparty.io.grpc.StatusRuntimeException: UNAVAILABLE: io exception
2021-12-22 01:08:34,041 [bc31efc5-a10f-49ea-82d4-325dc6674eda@group-30DFD9EAA064-LeaderElection18] INFO  impl.LeaderElection (LogUtils.java:infoOrTrace(137)) - bc31efc5-a10f-49ea-82d4-325dc6674eda@group-30DFD9EAA064-LeaderElection18 got exception when requesting votes: java.util.concurrent.ExecutionException: org.apache.ratis.thirdparty.io.grpc.StatusRuntimeException: UNAVAILABLE: io exception
2021-12-22 01:08:34,041 [bc31efc5-a10f-49ea-82d4-325dc6674eda@group-30DFD9EAA064-LeaderElection18] INFO  impl.LeaderElection (LeaderElection.java:logAndReturn(89)) - bc31efc5-a10f-49ea-82d4-325dc6674eda@group-30DFD9EAA064-LeaderElection18: ELECTION REJECTED received 0 response(s) and 2 exception(s):
2021-12-22 01:08:34,041 [bc31efc5-a10f-49ea-82d4-325dc6674eda@group-30DFD9EAA064-LeaderElection18] INFO  impl.LeaderElection (LogUtils.java:infoOrTrace(137)) -   Exception 0: java.util.concurrent.ExecutionException: org.apache.ratis.thirdparty.io.grpc.StatusRuntimeException: UNAVAILABLE: io exception
2021-12-22 01:08:34,041 [bc31efc5-a10f-49ea-82d4-325dc6674eda@group-30DFD9EAA064-LeaderElection18] INFO  impl.LeaderElection (LogUtils.java:infoOrTrace(137)) -   Exception 1: java.util.concurrent.ExecutionException: org.apache.ratis.thirdparty.io.grpc.StatusRuntimeException: UNAVAILABLE: io exception
2021-12-22 01:08:34,041 [bc31efc5-a10f-49ea-82d4-325dc6674eda@group-30DFD9EAA064-LeaderElection18] INFO  impl.LeaderElection (LeaderElection.java:askForVotes(308)) - bc31efc5-a10f-49ea-82d4-325dc6674eda@group-30DFD9EAA064-LeaderElection18 ELECTION round 0: result REJECTED
2021-12-22 01:08:34,041 [bc31efc5-a10f-49ea-82d4-325dc6674eda@group-30DFD9EAA064-LeaderElection18] INFO  server.RaftServer$Division (RaftServerImpl.java:setRole(290)) - bc31efc5-a10f-49ea-82d4-325dc6674eda@group-30DFD9EAA064: changes role from CANDIDATE to FOLLOWER at term 7 for REJECTED
2021-12-22 01:08:34,041 [bc31efc5-a10f-49ea-82d4-325dc6674eda@group-30DFD9EAA064-LeaderElection18] INFO  impl.RoleInfo (RoleInfo.java:shutdownLeaderElection(121)) - bc31efc5-a10f-49ea-82d4-325dc6674eda: shutdown bc31efc5-a10f-49ea-82d4-325dc6674eda@group-30DFD9EAA064-LeaderElection18
2021-12-22 01:08:34,041 [bc31efc5-a10f-49ea-82d4-325dc6674eda@group-30DFD9EAA064-LeaderElection18] INFO  impl.RoleInfo (RoleInfo.java:updateAndGet(130)) - bc31efc5-a10f-49ea-82d4-325dc6674eda: start bc31efc5-a10f-49ea-82d4-325dc6674eda@group-30DFD9EAA064-FollowerState
2021-12-22 01:08:34,636 [Listener at 127.0.0.1/45789] INFO  ozone.MiniOzoneClusterImpl (MiniOzoneClusterImpl.java:lambda$waitForHddsDatanodesStop$3(389)) - Waiting on 1 datanodes out of 2 to be marked unhealthy.
2021-12-22 01:08:35,636 [Listener at 127.0.0.1/45789] INFO  ozone.MiniOzoneClusterImpl (MiniOzoneClusterImpl.java:lambda$waitForHddsDatanodesStop$3(389)) - Waiting on 1 datanodes out of 2 to be marked unhealthy.
2021-12-22 01:08:36,637 [Listener at 127.0.0.1/45789] INFO  ozone.MiniOzoneClusterImpl (MiniOzoneClusterImpl.java:lambda$waitForHddsDatanodesStop$3(389)) - Waiting on 1 datanodes out of 2 to be marked unhealthy.
2021-12-22 01:08:37,637 [Listener at 127.0.0.1/45789] INFO  ozone.MiniOzoneClusterImpl (MiniOzoneClusterImpl.java:lambda$waitForHddsDatanodesStop$3(389)) - Waiting on 1 datanodes out of 2 to be marked unhealthy.
2021-12-22 01:08:38,638 [Listener at 127.0.0.1/45789] INFO  ozone.MiniOzoneClusterImpl (MiniOzoneClusterImpl.java:lambda$waitForHddsDatanodesStop$3(389)) - Waiting on 1 datanodes out of 2 to be marked unhealthy.
2021-12-22 01:08:39,141 [bc31efc5-a10f-49ea-82d4-325dc6674eda@group-3E424BC0E779-FollowerState] INFO  impl.FollowerState (FollowerState.java:run(134)) - bc31efc5-a10f-49ea-82d4-325dc6674eda@group-3E424BC0E779-FollowerState: change to CANDIDATE, lastRpcElapsedTime:5168623840ns, electionTimeout:5168ms
2021-12-22 01:08:39,142 [bc31efc5-a10f-49ea-82d4-325dc6674eda@group-3E424BC0E779-FollowerState] INFO  impl.RoleInfo (RoleInfo.java:shutdownFollowerState(108)) - bc31efc5-a10f-49ea-82d4-325dc6674eda: shutdown bc31efc5-a10f-49ea-82d4-325dc6674eda@group-3E424BC0E779-FollowerState
2021-12-22 01:08:39,142 [bc31efc5-a10f-49ea-82d4-325dc6674eda@group-3E424BC0E779-FollowerState] INFO  server.RaftServer$Division (RaftServerImpl.java:setRole(290)) - bc31efc5-a10f-49ea-82d4-325dc6674eda@group-3E424BC0E779: changes role from  FOLLOWER to CANDIDATE at term 5 for changeToCandidate
2021-12-22 01:08:39,142 [bc31efc5-a10f-49ea-82d4-325dc6674eda@group-3E424BC0E779-FollowerState] INFO  server.RaftServerConfigKeys (ConfUtils.java:logGet(44)) - raft.server.leaderelection.pre-vote = false (custom)
2021-12-22 01:08:39,142 [bc31efc5-a10f-49ea-82d4-325dc6674eda@group-3E424BC0E779-FollowerState] INFO  impl.RoleInfo (RoleInfo.java:updateAndGet(130)) - bc31efc5-a10f-49ea-82d4-325dc6674eda: start bc31efc5-a10f-49ea-82d4-325dc6674eda@group-3E424BC0E779-LeaderElection19
2021-12-22 01:08:39,161 [bc31efc5-a10f-49ea-82d4-325dc6674eda@group-3E424BC0E779-LeaderElection19] INFO  impl.LeaderElection (LeaderElection.java:askForVotes(306)) - bc31efc5-a10f-49ea-82d4-325dc6674eda@group-3E424BC0E779-LeaderElection19 ELECTION round 0: submit vote requests at term 6 for 0: [bc31efc5-a10f-49ea-82d4-325dc6674eda|rpc:10.1.0.16:45543|dataStream:|priority:1, d1229c05-d9ac-40a7-9199-569f25256273|rpc:10.1.0.16:37951|dataStream:|priority:0, a426eecb-3f7b-4bd3-8516-db356bf90be2|rpc:10.1.0.16:36549|dataStream:|priority:0], old=null
2021-12-22 01:08:39,172 [bc31efc5-a10f-49ea-82d4-325dc6674eda@group-30DFD9EAA064-FollowerState] INFO  impl.FollowerState (FollowerState.java:run(134)) - bc31efc5-a10f-49ea-82d4-325dc6674eda@group-30DFD9EAA064-FollowerState: change to CANDIDATE, lastRpcElapsedTime:5130216102ns, electionTimeout:5121ms
2021-12-22 01:08:39,172 [bc31efc5-a10f-49ea-82d4-325dc6674eda@group-30DFD9EAA064-FollowerState] INFO  impl.RoleInfo (RoleInfo.java:shutdownFollowerState(108)) - bc31efc5-a10f-49ea-82d4-325dc6674eda: shutdown bc31efc5-a10f-49ea-82d4-325dc6674eda@group-30DFD9EAA064-FollowerState
2021-12-22 01:08:39,172 [bc31efc5-a10f-49ea-82d4-325dc6674eda@group-30DFD9EAA064-FollowerState] INFO  server.RaftServer$Division (RaftServerImpl.java:setRole(290)) - bc31efc5-a10f-49ea-82d4-325dc6674eda@group-30DFD9EAA064: changes role from  FOLLOWER to CANDIDATE at term 7 for changeToCandidate
2021-12-22 01:08:39,172 [bc31efc5-a10f-49ea-82d4-325dc6674eda@group-30DFD9EAA064-FollowerState] INFO  server.RaftServerConfigKeys (ConfUtils.java:logGet(44)) - raft.server.leaderelection.pre-vote = false (custom)
2021-12-22 01:08:39,172 [bc31efc5-a10f-49ea-82d4-325dc6674eda@group-3E424BC0E779-LeaderElection19] INFO  impl.LeaderElection (LogUtils.java:infoOrTrace(137)) - bc31efc5-a10f-49ea-82d4-325dc6674eda@group-3E424BC0E779-LeaderElection19 got exception when requesting votes: java.util.concurrent.ExecutionException: org.apache.ratis.thirdparty.io.grpc.StatusRuntimeException: UNAVAILABLE: io exception
2021-12-22 01:08:39,172 [bc31efc5-a10f-49ea-82d4-325dc6674eda@group-30DFD9EAA064-FollowerState] INFO  impl.RoleInfo (RoleInfo.java:updateAndGet(130)) - bc31efc5-a10f-49ea-82d4-325dc6674eda: start bc31efc5-a10f-49ea-82d4-325dc6674eda@group-30DFD9EAA064-LeaderElection20
2021-12-22 01:08:39,182 [bc31efc5-a10f-49ea-82d4-325dc6674eda@group-3E424BC0E779-LeaderElection19] INFO  impl.LeaderElection (LogUtils.java:infoOrTrace(137)) - bc31efc5-a10f-49ea-82d4-325dc6674eda@group-3E424BC0E779-LeaderElection19 got exception when requesting votes: java.util.concurrent.ExecutionException: org.apache.ratis.thirdparty.io.grpc.StatusRuntimeException: UNAVAILABLE: io exception
2021-12-22 01:08:39,182 [bc31efc5-a10f-49ea-82d4-325dc6674eda@group-3E424BC0E779-LeaderElection19] INFO  impl.LeaderElection (LeaderElection.java:logAndReturn(89)) - bc31efc5-a10f-49ea-82d4-325dc6674eda@group-3E424BC0E779-LeaderElection19: ELECTION REJECTED received 0 response(s) and 2 exception(s):
2021-12-22 01:08:39,182 [bc31efc5-a10f-49ea-82d4-325dc6674eda@group-3E424BC0E779-LeaderElection19] INFO  impl.LeaderElection (LogUtils.java:infoOrTrace(137)) -   Exception 0: java.util.concurrent.ExecutionException: org.apache.ratis.thirdparty.io.grpc.StatusRuntimeException: UNAVAILABLE: io exception
2021-12-22 01:08:39,182 [bc31efc5-a10f-49ea-82d4-325dc6674eda@group-3E424BC0E779-LeaderElection19] INFO  impl.LeaderElection (LogUtils.java:infoOrTrace(137)) -   Exception 1: java.util.concurrent.ExecutionException: org.apache.ratis.thirdparty.io.grpc.StatusRuntimeException: UNAVAILABLE: io exception
2021-12-22 01:08:39,182 [bc31efc5-a10f-49ea-82d4-325dc6674eda@group-3E424BC0E779-LeaderElection19] INFO  impl.LeaderElection (LeaderElection.java:askForVotes(308)) - bc31efc5-a10f-49ea-82d4-325dc6674eda@group-3E424BC0E779-LeaderElection19 ELECTION round 0: result REJECTED
2021-12-22 01:08:39,182 [bc31efc5-a10f-49ea-82d4-325dc6674eda@group-3E424BC0E779-LeaderElection19] INFO  server.RaftServer$Division (RaftServerImpl.java:setRole(290)) - bc31efc5-a10f-49ea-82d4-325dc6674eda@group-3E424BC0E779: changes role from CANDIDATE to FOLLOWER at term 6 for REJECTED
2021-12-22 01:08:39,182 [bc31efc5-a10f-49ea-82d4-325dc6674eda@group-3E424BC0E779-LeaderElection19] INFO  impl.RoleInfo (RoleInfo.java:shutdownLeaderElection(121)) - bc31efc5-a10f-49ea-82d4-325dc6674eda: shutdown bc31efc5-a10f-49ea-82d4-325dc6674eda@group-3E424BC0E779-LeaderElection19
2021-12-22 01:08:39,182 [bc31efc5-a10f-49ea-82d4-325dc6674eda@group-3E424BC0E779-LeaderElection19] INFO  impl.RoleInfo (RoleInfo.java:updateAndGet(130)) - bc31efc5-a10f-49ea-82d4-325dc6674eda: start bc31efc5-a10f-49ea-82d4-325dc6674eda@group-3E424BC0E779-FollowerState
2021-12-22 01:08:39,201 [bc31efc5-a10f-49ea-82d4-325dc6674eda@group-30DFD9EAA064-LeaderElection20] INFO  impl.LeaderElection (LeaderElection.java:askForVotes(306)) - bc31efc5-a10f-49ea-82d4-325dc6674eda@group-30DFD9EAA064-LeaderElection20 ELECTION round 0: submit vote requests at term 8 for 0: [d1229c05-d9ac-40a7-9199-569f25256273|rpc:10.1.0.16:37951|dataStream:|priority:1, bc31efc5-a10f-49ea-82d4-325dc6674eda|rpc:10.1.0.16:45543|dataStream:|priority:0, a426eecb-3f7b-4bd3-8516-db356bf90be2|rpc:10.1.0.16:36549|dataStream:|priority:0], old=null
2021-12-22 01:08:39,208 [bc31efc5-a10f-49ea-82d4-325dc6674eda@group-30DFD9EAA064-LeaderElection20] INFO  impl.LeaderElection (LogUtils.java:infoOrTrace(137)) - bc31efc5-a10f-49ea-82d4-325dc6674eda@group-30DFD9EAA064-LeaderElection20 got exception when requesting votes: java.util.concurrent.ExecutionException: org.apache.ratis.thirdparty.io.grpc.StatusRuntimeException: UNAVAILABLE: io exception
2021-12-22 01:08:39,208 [bc31efc5-a10f-49ea-82d4-325dc6674eda@group-30DFD9EAA064-LeaderElection20] INFO  impl.LeaderElection (LogUtils.java:infoOrTrace(137)) - bc31efc5-a10f-49ea-82d4-325dc6674eda@group-30DFD9EAA064-LeaderElection20 got exception when requesting votes: java.util.concurrent.ExecutionException: org.apache.ratis.thirdparty.io.grpc.StatusRuntimeException: UNAVAILABLE: io exception
2021-12-22 01:08:39,208 [bc31efc5-a10f-49ea-82d4-325dc6674eda@group-30DFD9EAA064-LeaderElection20] INFO  impl.LeaderElection (LeaderElection.java:logAndReturn(89)) - bc31efc5-a10f-49ea-82d4-325dc6674eda@group-30DFD9EAA064-LeaderElection20: ELECTION REJECTED received 0 response(s) and 2 exception(s):
2021-12-22 01:08:39,208 [bc31efc5-a10f-49ea-82d4-325dc6674eda@group-30DFD9EAA064-LeaderElection20] INFO  impl.LeaderElection (LogUtils.java:infoOrTrace(137)) -   Exception 0: java.util.concurrent.ExecutionException: org.apache.ratis.thirdparty.io.grpc.StatusRuntimeException: UNAVAILABLE: io exception
2021-12-22 01:08:39,208 [bc31efc5-a10f-49ea-82d4-325dc6674eda@group-30DFD9EAA064-LeaderElection20] INFO  impl.LeaderElection (LogUtils.java:infoOrTrace(137)) -   Exception 1: java.util.concurrent.ExecutionException: org.apache.ratis.thirdparty.io.grpc.StatusRuntimeException: UNAVAILABLE: io exception
2021-12-22 01:08:39,208 [bc31efc5-a10f-49ea-82d4-325dc6674eda@group-30DFD9EAA064-LeaderElection20] INFO  impl.LeaderElection (LeaderElection.java:askForVotes(308)) - bc31efc5-a10f-49ea-82d4-325dc6674eda@group-30DFD9EAA064-LeaderElection20 ELECTION round 0: result REJECTED
2021-12-22 01:08:39,209 [bc31efc5-a10f-49ea-82d4-325dc6674eda@group-30DFD9EAA064-LeaderElection20] INFO  server.RaftServer$Division (RaftServerImpl.java:setRole(290)) - bc31efc5-a10f-49ea-82d4-325dc6674eda@group-30DFD9EAA064: changes role from CANDIDATE to FOLLOWER at term 8 for REJECTED
2021-12-22 01:08:39,209 [bc31efc5-a10f-49ea-82d4-325dc6674eda@group-30DFD9EAA064-LeaderElection20] INFO  impl.RoleInfo (RoleInfo.java:shutdownLeaderElection(121)) - bc31efc5-a10f-49ea-82d4-325dc6674eda: shutdown bc31efc5-a10f-49ea-82d4-325dc6674eda@group-30DFD9EAA064-LeaderElection20
2021-12-22 01:08:39,209 [bc31efc5-a10f-49ea-82d4-325dc6674eda@group-30DFD9EAA064-LeaderElection20] INFO  impl.RoleInfo (RoleInfo.java:updateAndGet(130)) - bc31efc5-a10f-49ea-82d4-325dc6674eda: start bc31efc5-a10f-49ea-82d4-325dc6674eda@group-30DFD9EAA064-FollowerState
2021-12-22 01:08:39,639 [Listener at 127.0.0.1/45789] INFO  ozone.MiniOzoneClusterImpl (MiniOzoneClusterImpl.java:lambda$waitForHddsDatanodesStop$3(389)) - Waiting on 1 datanodes out of 2 to be marked unhealthy.
2021-12-22 01:08:40,640 [Listener at 127.0.0.1/45789] INFO  ozone.MiniOzoneClusterImpl (MiniOzoneClusterImpl.java:lambda$waitForHddsDatanodesStop$3(389)) - Waiting on 1 datanodes out of 2 to be marked unhealthy.
2021-12-22 01:08:41,640 [Listener at 127.0.0.1/45789] INFO  ozone.MiniOzoneClusterImpl (MiniOzoneClusterImpl.java:lambda$waitForHddsDatanodesStop$3(389)) - Waiting on 1 datanodes out of 2 to be marked unhealthy.
2021-12-22 01:08:42,641 [Listener at 127.0.0.1/45789] INFO  ozone.MiniOzoneClusterImpl (MiniOzoneClusterImpl.java:lambda$waitForHddsDatanodesStop$3(389)) - Waiting on 1 datanodes out of 2 to be marked unhealthy.
2021-12-22 01:08:43,641 [Listener at 127.0.0.1/45789] INFO  ozone.MiniOzoneClusterImpl (MiniOzoneClusterImpl.java:lambda$waitForHddsDatanodesStop$3(389)) - Waiting on 1 datanodes out of 2 to be marked unhealthy.
2021-12-22 01:08:44,220 [bc31efc5-a10f-49ea-82d4-325dc6674eda@group-30DFD9EAA064-FollowerState] INFO  impl.FollowerState (FollowerState.java:run(134)) - bc31efc5-a10f-49ea-82d4-325dc6674eda@group-30DFD9EAA064-FollowerState: change to CANDIDATE, lastRpcElapsedTime:5011899327ns, electionTimeout:5010ms
2021-12-22 01:08:44,221 [bc31efc5-a10f-49ea-82d4-325dc6674eda@group-30DFD9EAA064-FollowerState] INFO  impl.RoleInfo (RoleInfo.java:shutdownFollowerState(108)) - bc31efc5-a10f-49ea-82d4-325dc6674eda: shutdown bc31efc5-a10f-49ea-82d4-325dc6674eda@group-30DFD9EAA064-FollowerState
2021-12-22 01:08:44,221 [bc31efc5-a10f-49ea-82d4-325dc6674eda@group-30DFD9EAA064-FollowerState] INFO  server.RaftServer$Division (RaftServerImpl.java:setRole(290)) - bc31efc5-a10f-49ea-82d4-325dc6674eda@group-30DFD9EAA064: changes role from  FOLLOWER to CANDIDATE at term 8 for changeToCandidate
2021-12-22 01:08:44,221 [bc31efc5-a10f-49ea-82d4-325dc6674eda@group-30DFD9EAA064-FollowerState] INFO  server.RaftServerConfigKeys (ConfUtils.java:logGet(44)) - raft.server.leaderelection.pre-vote = false (custom)
2021-12-22 01:08:44,221 [bc31efc5-a10f-49ea-82d4-325dc6674eda@group-30DFD9EAA064-FollowerState] INFO  impl.RoleInfo (RoleInfo.java:updateAndGet(130)) - bc31efc5-a10f-49ea-82d4-325dc6674eda: start bc31efc5-a10f-49ea-82d4-325dc6674eda@group-30DFD9EAA064-LeaderElection21
2021-12-22 01:08:44,238 [bc31efc5-a10f-49ea-82d4-325dc6674eda@group-30DFD9EAA064-LeaderElection21] INFO  impl.LeaderElection (LeaderElection.java:askForVotes(306)) - bc31efc5-a10f-49ea-82d4-325dc6674eda@group-30DFD9EAA064-LeaderElection21 ELECTION round 0: submit vote requests at term 9 for 0: [d1229c05-d9ac-40a7-9199-569f25256273|rpc:10.1.0.16:37951|dataStream:|priority:1, bc31efc5-a10f-49ea-82d4-325dc6674eda|rpc:10.1.0.16:45543|dataStream:|priority:0, a426eecb-3f7b-4bd3-8516-db356bf90be2|rpc:10.1.0.16:36549|dataStream:|priority:0], old=null
2021-12-22 01:08:44,247 [bc31efc5-a10f-49ea-82d4-325dc6674eda@group-30DFD9EAA064-LeaderElection21] INFO  impl.LeaderElection (LogUtils.java:infoOrTrace(137)) - bc31efc5-a10f-49ea-82d4-325dc6674eda@group-30DFD9EAA064-LeaderElection21 got exception when requesting votes: java.util.concurrent.ExecutionException: org.apache.ratis.thirdparty.io.grpc.StatusRuntimeException: UNAVAILABLE: io exception
2021-12-22 01:08:44,248 [bc31efc5-a10f-49ea-82d4-325dc6674eda@group-30DFD9EAA064-LeaderElection21] INFO  impl.LeaderElection (LogUtils.java:infoOrTrace(137)) - bc31efc5-a10f-49ea-82d4-325dc6674eda@group-30DFD9EAA064-LeaderElection21 got exception when requesting votes: java.util.concurrent.ExecutionException: org.apache.ratis.thirdparty.io.grpc.StatusRuntimeException: UNAVAILABLE: io exception
2021-12-22 01:08:44,248 [bc31efc5-a10f-49ea-82d4-325dc6674eda@group-30DFD9EAA064-LeaderElection21] INFO  impl.LeaderElection (LeaderElection.java:logAndReturn(89)) - bc31efc5-a10f-49ea-82d4-325dc6674eda@group-30DFD9EAA064-LeaderElection21: ELECTION REJECTED received 0 response(s) and 2 exception(s):
2021-12-22 01:08:44,248 [bc31efc5-a10f-49ea-82d4-325dc6674eda@group-30DFD9EAA064-LeaderElection21] INFO  impl.LeaderElection (LogUtils.java:infoOrTrace(137)) -   Exception 0: java.util.concurrent.ExecutionException: org.apache.ratis.thirdparty.io.grpc.StatusRuntimeException: UNAVAILABLE: io exception
2021-12-22 01:08:44,248 [bc31efc5-a10f-49ea-82d4-325dc6674eda@group-30DFD9EAA064-LeaderElection21] INFO  impl.LeaderElection (LogUtils.java:infoOrTrace(137)) -   Exception 1: java.util.concurrent.ExecutionException: org.apache.ratis.thirdparty.io.grpc.StatusRuntimeException: UNAVAILABLE: io exception
2021-12-22 01:08:44,248 [bc31efc5-a10f-49ea-82d4-325dc6674eda@group-30DFD9EAA064-LeaderElection21] INFO  impl.LeaderElection (LeaderElection.java:askForVotes(308)) - bc31efc5-a10f-49ea-82d4-325dc6674eda@group-30DFD9EAA064-LeaderElection21 ELECTION round 0: result REJECTED
2021-12-22 01:08:44,248 [bc31efc5-a10f-49ea-82d4-325dc6674eda@group-30DFD9EAA064-LeaderElection21] INFO  server.RaftServer$Division (RaftServerImpl.java:setRole(290)) - bc31efc5-a10f-49ea-82d4-325dc6674eda@group-30DFD9EAA064: changes role from CANDIDATE to FOLLOWER at term 9 for REJECTED
2021-12-22 01:08:44,248 [bc31efc5-a10f-49ea-82d4-325dc6674eda@group-30DFD9EAA064-LeaderElection21] INFO  impl.RoleInfo (RoleInfo.java:shutdownLeaderElection(121)) - bc31efc5-a10f-49ea-82d4-325dc6674eda: shutdown bc31efc5-a10f-49ea-82d4-325dc6674eda@group-30DFD9EAA064-LeaderElection21
2021-12-22 01:08:44,248 [bc31efc5-a10f-49ea-82d4-325dc6674eda@group-30DFD9EAA064-LeaderElection21] INFO  impl.RoleInfo (RoleInfo.java:updateAndGet(130)) - bc31efc5-a10f-49ea-82d4-325dc6674eda: start bc31efc5-a10f-49ea-82d4-325dc6674eda@group-30DFD9EAA064-FollowerState
2021-12-22 01:08:44,352 [bc31efc5-a10f-49ea-82d4-325dc6674eda@group-3E424BC0E779-FollowerState] INFO  impl.FollowerState (FollowerState.java:run(134)) - bc31efc5-a10f-49ea-82d4-325dc6674eda@group-3E424BC0E779-FollowerState: change to CANDIDATE, lastRpcElapsedTime:5169412601ns, electionTimeout:5160ms
2021-12-22 01:08:44,352 [bc31efc5-a10f-49ea-82d4-325dc6674eda@group-3E424BC0E779-FollowerState] INFO  impl.RoleInfo (RoleInfo.java:shutdownFollowerState(108)) - bc31efc5-a10f-49ea-82d4-325dc6674eda: shutdown bc31efc5-a10f-49ea-82d4-325dc6674eda@group-3E424BC0E779-FollowerState
2021-12-22 01:08:44,352 [bc31efc5-a10f-49ea-82d4-325dc6674eda@group-3E424BC0E779-FollowerState] INFO  server.RaftServer$Division (RaftServerImpl.java:setRole(290)) - bc31efc5-a10f-49ea-82d4-325dc6674eda@group-3E424BC0E779: changes role from  FOLLOWER to CANDIDATE at term 6 for changeToCandidate
2021-12-22 01:08:44,352 [bc31efc5-a10f-49ea-82d4-325dc6674eda@group-3E424BC0E779-FollowerState] INFO  server.RaftServerConfigKeys (ConfUtils.java:logGet(44)) - raft.server.leaderelection.pre-vote = false (custom)
2021-12-22 01:08:44,352 [bc31efc5-a10f-49ea-82d4-325dc6674eda@group-3E424BC0E779-FollowerState] INFO  impl.RoleInfo (RoleInfo.java:updateAndGet(130)) - bc31efc5-a10f-49ea-82d4-325dc6674eda: start bc31efc5-a10f-49ea-82d4-325dc6674eda@group-3E424BC0E779-LeaderElection22
2021-12-22 01:08:44,375 [bc31efc5-a10f-49ea-82d4-325dc6674eda@group-3E424BC0E779-LeaderElection22] INFO  impl.LeaderElection (LeaderElection.java:askForVotes(306)) - bc31efc5-a10f-49ea-82d4-325dc6674eda@group-3E424BC0E779-LeaderElection22 ELECTION round 0: submit vote requests at term 7 for 0: [bc31efc5-a10f-49ea-82d4-325dc6674eda|rpc:10.1.0.16:45543|dataStream:|priority:1, d1229c05-d9ac-40a7-9199-569f25256273|rpc:10.1.0.16:37951|dataStream:|priority:0, a426eecb-3f7b-4bd3-8516-db356bf90be2|rpc:10.1.0.16:36549|dataStream:|priority:0], old=null
2021-12-22 01:08:44,387 [bc31efc5-a10f-49ea-82d4-325dc6674eda@group-3E424BC0E779-LeaderElection22] INFO  impl.LeaderElection (LogUtils.java:infoOrTrace(137)) - bc31efc5-a10f-49ea-82d4-325dc6674eda@group-3E424BC0E779-LeaderElection22 got exception when requesting votes: java.util.concurrent.ExecutionException: org.apache.ratis.thirdparty.io.grpc.StatusRuntimeException: UNAVAILABLE: io exception
2021-12-22 01:08:44,392 [bc31efc5-a10f-49ea-82d4-325dc6674eda@group-3E424BC0E779-LeaderElection22] INFO  impl.LeaderElection (LogUtils.java:infoOrTrace(137)) - bc31efc5-a10f-49ea-82d4-325dc6674eda@group-3E424BC0E779-LeaderElection22 got exception when requesting votes: java.util.concurrent.ExecutionException: org.apache.ratis.thirdparty.io.grpc.StatusRuntimeException: UNAVAILABLE: io exception
2021-12-22 01:08:44,392 [bc31efc5-a10f-49ea-82d4-325dc6674eda@group-3E424BC0E779-LeaderElection22] INFO  impl.LeaderElection (LeaderElection.java:logAndReturn(89)) - bc31efc5-a10f-49ea-82d4-325dc6674eda@group-3E424BC0E779-LeaderElection22: ELECTION REJECTED received 0 response(s) and 2 exception(s):
2021-12-22 01:08:44,392 [bc31efc5-a10f-49ea-82d4-325dc6674eda@group-3E424BC0E779-LeaderElection22] INFO  impl.LeaderElection (LogUtils.java:infoOrTrace(137)) -   Exception 0: java.util.concurrent.ExecutionException: org.apache.ratis.thirdparty.io.grpc.StatusRuntimeException: UNAVAILABLE: io exception
2021-12-22 01:08:44,392 [bc31efc5-a10f-49ea-82d4-325dc6674eda@group-3E424BC0E779-LeaderElection22] INFO  impl.LeaderElection (LogUtils.java:infoOrTrace(137)) -   Exception 1: java.util.concurrent.ExecutionException: org.apache.ratis.thirdparty.io.grpc.StatusRuntimeException: UNAVAILABLE: io exception
2021-12-22 01:08:44,392 [bc31efc5-a10f-49ea-82d4-325dc6674eda@group-3E424BC0E779-LeaderElection22] INFO  impl.LeaderElection (LeaderElection.java:askForVotes(308)) - bc31efc5-a10f-49ea-82d4-325dc6674eda@group-3E424BC0E779-LeaderElection22 ELECTION round 0: result REJECTED
2021-12-22 01:08:44,392 [bc31efc5-a10f-49ea-82d4-325dc6674eda@group-3E424BC0E779-LeaderElection22] INFO  server.RaftServer$Division (RaftServerImpl.java:setRole(290)) - bc31efc5-a10f-49ea-82d4-325dc6674eda@group-3E424BC0E779: changes role from CANDIDATE to FOLLOWER at term 7 for REJECTED
2021-12-22 01:08:44,392 [bc31efc5-a10f-49ea-82d4-325dc6674eda@group-3E424BC0E779-LeaderElection22] INFO  impl.RoleInfo (RoleInfo.java:shutdownLeaderElection(121)) - bc31efc5-a10f-49ea-82d4-325dc6674eda: shutdown bc31efc5-a10f-49ea-82d4-325dc6674eda@group-3E424BC0E779-LeaderElection22
2021-12-22 01:08:44,392 [bc31efc5-a10f-49ea-82d4-325dc6674eda@group-3E424BC0E779-LeaderElection22] INFO  impl.RoleInfo (RoleInfo.java:updateAndGet(130)) - bc31efc5-a10f-49ea-82d4-325dc6674eda: start bc31efc5-a10f-49ea-82d4-325dc6674eda@group-3E424BC0E779-FollowerState
2021-12-22 01:08:44,642 [Listener at 127.0.0.1/45789] INFO  ozone.MiniOzoneClusterImpl (MiniOzoneClusterImpl.java:lambda$waitForHddsDatanodesStop$3(389)) - Waiting on 1 datanodes out of 2 to be marked unhealthy.
2021-12-22 01:08:45,642 [Listener at 127.0.0.1/45789] INFO  ozone.MiniOzoneClusterImpl (MiniOzoneClusterImpl.java:lambda$waitForHddsDatanodesStop$3(389)) - Waiting on 1 datanodes out of 2 to be marked unhealthy.
2021-12-22 01:08:46,642 [Listener at 127.0.0.1/45789] INFO  ozone.MiniOzoneClusterImpl (MiniOzoneClusterImpl.java:lambda$waitForHddsDatanodesStop$3(389)) - Waiting on 1 datanodes out of 2 to be marked unhealthy.
2021-12-22 01:08:47,643 [Listener at 127.0.0.1/45789] INFO  ozone.MiniOzoneClusterImpl (MiniOzoneClusterImpl.java:lambda$waitForHddsDatanodesStop$3(389)) - Waiting on 1 datanodes out of 2 to be marked unhealthy.
2021-12-22 01:08:48,643 [Listener at 127.0.0.1/45789] INFO  ozone.MiniOzoneClusterImpl (MiniOzoneClusterImpl.java:lambda$waitForHddsDatanodesStop$3(389)) - Waiting on 1 datanodes out of 2 to be marked unhealthy.
2021-12-22 01:08:49,349 [bc31efc5-a10f-49ea-82d4-325dc6674eda@group-30DFD9EAA064-FollowerState] INFO  impl.FollowerState (FollowerState.java:run(134)) - bc31efc5-a10f-49ea-82d4-325dc6674eda@group-30DFD9EAA064-FollowerState: change to CANDIDATE, lastRpcElapsedTime:5100945456ns, electionTimeout:5095ms
2021-12-22 01:08:49,349 [bc31efc5-a10f-49ea-82d4-325dc6674eda@group-30DFD9EAA064-FollowerState] INFO  impl.RoleInfo (RoleInfo.java:shutdownFollowerState(108)) - bc31efc5-a10f-49ea-82d4-325dc6674eda: shutdown bc31efc5-a10f-49ea-82d4-325dc6674eda@group-30DFD9EAA064-FollowerState
2021-12-22 01:08:49,349 [bc31efc5-a10f-49ea-82d4-325dc6674eda@group-30DFD9EAA064-FollowerState] INFO  server.RaftServer$Division (RaftServerImpl.java:setRole(290)) - bc31efc5-a10f-49ea-82d4-325dc6674eda@group-30DFD9EAA064: changes role from  FOLLOWER to CANDIDATE at term 9 for changeToCandidate
2021-12-22 01:08:49,349 [bc31efc5-a10f-49ea-82d4-325dc6674eda@group-30DFD9EAA064-FollowerState] INFO  server.RaftServerConfigKeys (ConfUtils.java:logGet(44)) - raft.server.leaderelection.pre-vote = false (custom)
2021-12-22 01:08:49,349 [bc31efc5-a10f-49ea-82d4-325dc6674eda@group-30DFD9EAA064-FollowerState] INFO  impl.RoleInfo (RoleInfo.java:updateAndGet(130)) - bc31efc5-a10f-49ea-82d4-325dc6674eda: start bc31efc5-a10f-49ea-82d4-325dc6674eda@group-30DFD9EAA064-LeaderElection23
2021-12-22 01:08:49,365 [bc31efc5-a10f-49ea-82d4-325dc6674eda@group-30DFD9EAA064-LeaderElection23] INFO  impl.LeaderElection (LeaderElection.java:askForVotes(306)) - bc31efc5-a10f-49ea-82d4-325dc6674eda@group-30DFD9EAA064-LeaderElection23 ELECTION round 0: submit vote requests at term 10 for 0: [d1229c05-d9ac-40a7-9199-569f25256273|rpc:10.1.0.16:37951|dataStream:|priority:1, bc31efc5-a10f-49ea-82d4-325dc6674eda|rpc:10.1.0.16:45543|dataStream:|priority:0, a426eecb-3f7b-4bd3-8516-db356bf90be2|rpc:10.1.0.16:36549|dataStream:|priority:0], old=null
2021-12-22 01:08:49,371 [bc31efc5-a10f-49ea-82d4-325dc6674eda@group-30DFD9EAA064-LeaderElection23] INFO  impl.LeaderElection (LogUtils.java:infoOrTrace(137)) - bc31efc5-a10f-49ea-82d4-325dc6674eda@group-30DFD9EAA064-LeaderElection23 got exception when requesting votes: java.util.concurrent.ExecutionException: org.apache.ratis.thirdparty.io.grpc.StatusRuntimeException: UNAVAILABLE: io exception
2021-12-22 01:08:49,378 [bc31efc5-a10f-49ea-82d4-325dc6674eda@group-30DFD9EAA064-LeaderElection23] INFO  impl.LeaderElection (LogUtils.java:infoOrTrace(137)) - bc31efc5-a10f-49ea-82d4-325dc6674eda@group-30DFD9EAA064-LeaderElection23 got exception when requesting votes: java.util.concurrent.ExecutionException: org.apache.ratis.thirdparty.io.grpc.StatusRuntimeException: UNAVAILABLE: io exception
2021-12-22 01:08:49,378 [bc31efc5-a10f-49ea-82d4-325dc6674eda@group-30DFD9EAA064-LeaderElection23] INFO  impl.LeaderElection (LeaderElection.java:logAndReturn(89)) - bc31efc5-a10f-49ea-82d4-325dc6674eda@group-30DFD9EAA064-LeaderElection23: ELECTION REJECTED received 0 response(s) and 2 exception(s):
2021-12-22 01:08:49,378 [bc31efc5-a10f-49ea-82d4-325dc6674eda@group-30DFD9EAA064-LeaderElection23] INFO  impl.LeaderElection (LogUtils.java:infoOrTrace(137)) -   Exception 0: java.util.concurrent.ExecutionException: org.apache.ratis.thirdparty.io.grpc.StatusRuntimeException: UNAVAILABLE: io exception
2021-12-22 01:08:49,378 [bc31efc5-a10f-49ea-82d4-325dc6674eda@group-30DFD9EAA064-LeaderElection23] INFO  impl.LeaderElection (LogUtils.java:infoOrTrace(137)) -   Exception 1: java.util.concurrent.ExecutionException: org.apache.ratis.thirdparty.io.grpc.StatusRuntimeException: UNAVAILABLE: io exception
2021-12-22 01:08:49,378 [bc31efc5-a10f-49ea-82d4-325dc6674eda@group-30DFD9EAA064-LeaderElection23] INFO  impl.LeaderElection (LeaderElection.java:askForVotes(308)) - bc31efc5-a10f-49ea-82d4-325dc6674eda@group-30DFD9EAA064-LeaderElection23 ELECTION round 0: result REJECTED
2021-12-22 01:08:49,378 [bc31efc5-a10f-49ea-82d4-325dc6674eda@group-30DFD9EAA064-LeaderElection23] INFO  server.RaftServer$Division (RaftServerImpl.java:setRole(290)) - bc31efc5-a10f-49ea-82d4-325dc6674eda@group-30DFD9EAA064: changes role from CANDIDATE to FOLLOWER at term 10 for REJECTED
2021-12-22 01:08:49,378 [bc31efc5-a10f-49ea-82d4-325dc6674eda@group-30DFD9EAA064-LeaderElection23] INFO  impl.RoleInfo (RoleInfo.java:shutdownLeaderElection(121)) - bc31efc5-a10f-49ea-82d4-325dc6674eda: shutdown bc31efc5-a10f-49ea-82d4-325dc6674eda@group-30DFD9EAA064-LeaderElection23
2021-12-22 01:08:49,378 [bc31efc5-a10f-49ea-82d4-325dc6674eda@group-30DFD9EAA064-LeaderElection23] INFO  impl.RoleInfo (RoleInfo.java:updateAndGet(130)) - bc31efc5-a10f-49ea-82d4-325dc6674eda: start bc31efc5-a10f-49ea-82d4-325dc6674eda@group-30DFD9EAA064-FollowerState
2021-12-22 01:08:49,460 [bc31efc5-a10f-49ea-82d4-325dc6674eda@group-3E424BC0E779-FollowerState] INFO  impl.FollowerState (FollowerState.java:run(134)) - bc31efc5-a10f-49ea-82d4-325dc6674eda@group-3E424BC0E779-FollowerState: change to CANDIDATE, lastRpcElapsedTime:5067550339ns, electionTimeout:5060ms
2021-12-22 01:08:49,460 [bc31efc5-a10f-49ea-82d4-325dc6674eda@group-3E424BC0E779-FollowerState] INFO  impl.RoleInfo (RoleInfo.java:shutdownFollowerState(108)) - bc31efc5-a10f-49ea-82d4-325dc6674eda: shutdown bc31efc5-a10f-49ea-82d4-325dc6674eda@group-3E424BC0E779-FollowerState
2021-12-22 01:08:49,460 [bc31efc5-a10f-49ea-82d4-325dc6674eda@group-3E424BC0E779-FollowerState] INFO  server.RaftServer$Division (RaftServerImpl.java:setRole(290)) - bc31efc5-a10f-49ea-82d4-325dc6674eda@group-3E424BC0E779: changes role from  FOLLOWER to CANDIDATE at term 7 for changeToCandidate
2021-12-22 01:08:49,460 [bc31efc5-a10f-49ea-82d4-325dc6674eda@group-3E424BC0E779-FollowerState] INFO  server.RaftServerConfigKeys (ConfUtils.java:logGet(44)) - raft.server.leaderelection.pre-vote = false (custom)
2021-12-22 01:08:49,460 [bc31efc5-a10f-49ea-82d4-325dc6674eda@group-3E424BC0E779-FollowerState] INFO  impl.RoleInfo (RoleInfo.java:updateAndGet(130)) - bc31efc5-a10f-49ea-82d4-325dc6674eda: start bc31efc5-a10f-49ea-82d4-325dc6674eda@group-3E424BC0E779-LeaderElection24
2021-12-22 01:08:49,474 [bc31efc5-a10f-49ea-82d4-325dc6674eda@group-3E424BC0E779-LeaderElection24] INFO  impl.LeaderElection (LeaderElection.java:askForVotes(306)) - bc31efc5-a10f-49ea-82d4-325dc6674eda@group-3E424BC0E779-LeaderElection24 ELECTION round 0: submit vote requests at term 8 for 0: [bc31efc5-a10f-49ea-82d4-325dc6674eda|rpc:10.1.0.16:45543|dataStream:|priority:1, d1229c05-d9ac-40a7-9199-569f25256273|rpc:10.1.0.16:37951|dataStream:|priority:0, a426eecb-3f7b-4bd3-8516-db356bf90be2|rpc:10.1.0.16:36549|dataStream:|priority:0], old=null
2021-12-22 01:08:49,477 [bc31efc5-a10f-49ea-82d4-325dc6674eda@group-3E424BC0E779-LeaderElection24] INFO  impl.LeaderElection (LogUtils.java:infoOrTrace(137)) - bc31efc5-a10f-49ea-82d4-325dc6674eda@group-3E424BC0E779-LeaderElection24 got exception when requesting votes: java.util.concurrent.ExecutionException: org.apache.ratis.thirdparty.io.grpc.StatusRuntimeException: UNAVAILABLE: io exception
2021-12-22 01:08:49,478 [bc31efc5-a10f-49ea-82d4-325dc6674eda@group-3E424BC0E779-LeaderElection24] INFO  impl.LeaderElection (LogUtils.java:infoOrTrace(137)) - bc31efc5-a10f-49ea-82d4-325dc6674eda@group-3E424BC0E779-LeaderElection24 got exception when requesting votes: java.util.concurrent.ExecutionException: org.apache.ratis.thirdparty.io.grpc.StatusRuntimeException: UNAVAILABLE: io exception
2021-12-22 01:08:49,478 [bc31efc5-a10f-49ea-82d4-325dc6674eda@group-3E424BC0E779-LeaderElection24] INFO  impl.LeaderElection (LeaderElection.java:logAndReturn(89)) - bc31efc5-a10f-49ea-82d4-325dc6674eda@group-3E424BC0E779-LeaderElection24: ELECTION REJECTED received 0 response(s) and 2 exception(s):
2021-12-22 01:08:49,478 [bc31efc5-a10f-49ea-82d4-325dc6674eda@group-3E424BC0E779-LeaderElection24] INFO  impl.LeaderElection (LogUtils.java:infoOrTrace(137)) -   Exception 0: java.util.concurrent.ExecutionException: org.apache.ratis.thirdparty.io.grpc.StatusRuntimeException: UNAVAILABLE: io exception
2021-12-22 01:08:49,478 [bc31efc5-a10f-49ea-82d4-325dc6674eda@group-3E424BC0E779-LeaderElection24] INFO  impl.LeaderElection (LogUtils.java:infoOrTrace(137)) -   Exception 1: java.util.concurrent.ExecutionException: org.apache.ratis.thirdparty.io.grpc.StatusRuntimeException: UNAVAILABLE: io exception
2021-12-22 01:08:49,478 [bc31efc5-a10f-49ea-82d4-325dc6674eda@group-3E424BC0E779-LeaderElection24] INFO  impl.LeaderElection (LeaderElection.java:askForVotes(308)) - bc31efc5-a10f-49ea-82d4-325dc6674eda@group-3E424BC0E779-LeaderElection24 ELECTION round 0: result REJECTED
2021-12-22 01:08:49,478 [bc31efc5-a10f-49ea-82d4-325dc6674eda@group-3E424BC0E779-LeaderElection24] INFO  server.RaftServer$Division (RaftServerImpl.java:setRole(290)) - bc31efc5-a10f-49ea-82d4-325dc6674eda@group-3E424BC0E779: changes role from CANDIDATE to FOLLOWER at term 8 for REJECTED
2021-12-22 01:08:49,478 [bc31efc5-a10f-49ea-82d4-325dc6674eda@group-3E424BC0E779-LeaderElection24] INFO  impl.RoleInfo (RoleInfo.java:shutdownLeaderElection(121)) - bc31efc5-a10f-49ea-82d4-325dc6674eda: shutdown bc31efc5-a10f-49ea-82d4-325dc6674eda@group-3E424BC0E779-LeaderElection24
2021-12-22 01:08:49,478 [bc31efc5-a10f-49ea-82d4-325dc6674eda@group-3E424BC0E779-LeaderElection24] INFO  impl.RoleInfo (RoleInfo.java:updateAndGet(130)) - bc31efc5-a10f-49ea-82d4-325dc6674eda: start bc31efc5-a10f-49ea-82d4-325dc6674eda@group-3E424BC0E779-FollowerState
2021-12-22 01:08:49,644 [Listener at 127.0.0.1/45789] INFO  ozone.MiniOzoneClusterImpl (MiniOzoneClusterImpl.java:lambda$waitForHddsDatanodesStop$3(389)) - Waiting on 1 datanodes out of 2 to be marked unhealthy.
2021-12-22 01:08:50,644 [Listener at 127.0.0.1/45789] INFO  ozone.MiniOzoneClusterImpl (MiniOzoneClusterImpl.java:lambda$waitForHddsDatanodesStop$3(389)) - Waiting on 1 datanodes out of 2 to be marked unhealthy.
2021-12-22 01:08:51,251 [SCMBlockDeletingService#0] INFO  block.SCMBlockDeletingService (SCMBlockDeletingService.java:call(172)) - Totally added 22 blocks to be deleted for 3 datanodes, task elapsed time: 1ms
2021-12-22 01:08:51,645 [Listener at 127.0.0.1/45789] INFO  ozone.MiniOzoneClusterImpl (MiniOzoneClusterImpl.java:lambda$waitForHddsDatanodesStop$3(389)) - Waiting on 1 datanodes out of 2 to be marked unhealthy.
2021-12-22 01:08:52,645 [Listener at 127.0.0.1/45789] INFO  ozone.MiniOzoneClusterImpl (MiniOzoneClusterImpl.java:lambda$waitForHddsDatanodesStop$3(389)) - Waiting on 1 datanodes out of 2 to be marked unhealthy.
2021-12-22 01:08:53,646 [Listener at 127.0.0.1/45789] INFO  ozone.MiniOzoneClusterImpl (MiniOzoneClusterImpl.java:lambda$waitForHddsDatanodesStop$3(389)) - Waiting on 1 datanodes out of 2 to be marked unhealthy.
2021-12-22 01:08:54,499 [bc31efc5-a10f-49ea-82d4-325dc6674eda@group-30DFD9EAA064-FollowerState] INFO  impl.FollowerState (FollowerState.java:run(134)) - bc31efc5-a10f-49ea-82d4-325dc6674eda@group-30DFD9EAA064-FollowerState: change to CANDIDATE, lastRpcElapsedTime:5121254736ns, electionTimeout:5114ms
2021-12-22 01:08:54,499 [bc31efc5-a10f-49ea-82d4-325dc6674eda@group-30DFD9EAA064-FollowerState] INFO  impl.RoleInfo (RoleInfo.java:shutdownFollowerState(108)) - bc31efc5-a10f-49ea-82d4-325dc6674eda: shutdown bc31efc5-a10f-49ea-82d4-325dc6674eda@group-30DFD9EAA064-FollowerState
2021-12-22 01:08:54,499 [bc31efc5-a10f-49ea-82d4-325dc6674eda@group-30DFD9EAA064-FollowerState] INFO  server.RaftServer$Division (RaftServerImpl.java:setRole(290)) - bc31efc5-a10f-49ea-82d4-325dc6674eda@group-30DFD9EAA064: changes role from  FOLLOWER to CANDIDATE at term 10 for changeToCandidate
2021-12-22 01:08:54,500 [bc31efc5-a10f-49ea-82d4-325dc6674eda@group-30DFD9EAA064-FollowerState] INFO  server.RaftServerConfigKeys (ConfUtils.java:logGet(44)) - raft.server.leaderelection.pre-vote = false (custom)
2021-12-22 01:08:54,500 [bc31efc5-a10f-49ea-82d4-325dc6674eda@group-30DFD9EAA064-FollowerState] INFO  impl.RoleInfo (RoleInfo.java:updateAndGet(130)) - bc31efc5-a10f-49ea-82d4-325dc6674eda: start bc31efc5-a10f-49ea-82d4-325dc6674eda@group-30DFD9EAA064-LeaderElection25
2021-12-22 01:08:54,511 [bc31efc5-a10f-49ea-82d4-325dc6674eda@group-3E424BC0E779-FollowerState] INFO  impl.FollowerState (FollowerState.java:run(134)) - bc31efc5-a10f-49ea-82d4-325dc6674eda@group-3E424BC0E779-FollowerState: change to CANDIDATE, lastRpcElapsedTime:5032604425ns, electionTimeout:5032ms
2021-12-22 01:08:54,511 [bc31efc5-a10f-49ea-82d4-325dc6674eda@group-3E424BC0E779-FollowerState] INFO  impl.RoleInfo (RoleInfo.java:shutdownFollowerState(108)) - bc31efc5-a10f-49ea-82d4-325dc6674eda: shutdown bc31efc5-a10f-49ea-82d4-325dc6674eda@group-3E424BC0E779-FollowerState
2021-12-22 01:08:54,511 [bc31efc5-a10f-49ea-82d4-325dc6674eda@group-3E424BC0E779-FollowerState] INFO  server.RaftServer$Division (RaftServerImpl.java:setRole(290)) - bc31efc5-a10f-49ea-82d4-325dc6674eda@group-3E424BC0E779: changes role from  FOLLOWER to CANDIDATE at term 8 for changeToCandidate
2021-12-22 01:08:54,511 [bc31efc5-a10f-49ea-82d4-325dc6674eda@group-3E424BC0E779-FollowerState] INFO  server.RaftServerConfigKeys (ConfUtils.java:logGet(44)) - raft.server.leaderelection.pre-vote = false (custom)
2021-12-22 01:08:54,511 [bc31efc5-a10f-49ea-82d4-325dc6674eda@group-3E424BC0E779-FollowerState] INFO  impl.RoleInfo (RoleInfo.java:updateAndGet(130)) - bc31efc5-a10f-49ea-82d4-325dc6674eda: start bc31efc5-a10f-49ea-82d4-325dc6674eda@group-3E424BC0E779-LeaderElection26
2021-12-22 01:08:54,518 [bc31efc5-a10f-49ea-82d4-325dc6674eda@group-30DFD9EAA064-LeaderElection25] INFO  impl.LeaderElection (LeaderElection.java:askForVotes(306)) - bc31efc5-a10f-49ea-82d4-325dc6674eda@group-30DFD9EAA064-LeaderElection25 ELECTION round 0: submit vote requests at term 11 for 0: [d1229c05-d9ac-40a7-9199-569f25256273|rpc:10.1.0.16:37951|dataStream:|priority:1, bc31efc5-a10f-49ea-82d4-325dc6674eda|rpc:10.1.0.16:45543|dataStream:|priority:0, a426eecb-3f7b-4bd3-8516-db356bf90be2|rpc:10.1.0.16:36549|dataStream:|priority:0], old=null
2021-12-22 01:08:54,522 [bc31efc5-a10f-49ea-82d4-325dc6674eda@group-30DFD9EAA064-LeaderElection25] INFO  impl.LeaderElection (LogUtils.java:infoOrTrace(137)) - bc31efc5-a10f-49ea-82d4-325dc6674eda@group-30DFD9EAA064-LeaderElection25 got exception when requesting votes: java.util.concurrent.ExecutionException: org.apache.ratis.thirdparty.io.grpc.StatusRuntimeException: UNAVAILABLE: io exception
2021-12-22 01:08:54,523 [bc31efc5-a10f-49ea-82d4-325dc6674eda@group-3E424BC0E779-LeaderElection26] INFO  impl.LeaderElection (LeaderElection.java:askForVotes(306)) - bc31efc5-a10f-49ea-82d4-325dc6674eda@group-3E424BC0E779-LeaderElection26 ELECTION round 0: submit vote requests at term 9 for 0: [bc31efc5-a10f-49ea-82d4-325dc6674eda|rpc:10.1.0.16:45543|dataStream:|priority:1, d1229c05-d9ac-40a7-9199-569f25256273|rpc:10.1.0.16:37951|dataStream:|priority:0, a426eecb-3f7b-4bd3-8516-db356bf90be2|rpc:10.1.0.16:36549|dataStream:|priority:0], old=null
2021-12-22 01:08:54,528 [bc31efc5-a10f-49ea-82d4-325dc6674eda@group-30DFD9EAA064-LeaderElection25] INFO  impl.LeaderElection (LogUtils.java:infoOrTrace(137)) - bc31efc5-a10f-49ea-82d4-325dc6674eda@group-30DFD9EAA064-LeaderElection25 got exception when requesting votes: java.util.concurrent.ExecutionException: org.apache.ratis.thirdparty.io.grpc.StatusRuntimeException: UNAVAILABLE: io exception
2021-12-22 01:08:54,528 [bc31efc5-a10f-49ea-82d4-325dc6674eda@group-30DFD9EAA064-LeaderElection25] INFO  impl.LeaderElection (LeaderElection.java:logAndReturn(89)) - bc31efc5-a10f-49ea-82d4-325dc6674eda@group-30DFD9EAA064-LeaderElection25: ELECTION REJECTED received 0 response(s) and 2 exception(s):
2021-12-22 01:08:54,528 [bc31efc5-a10f-49ea-82d4-325dc6674eda@group-30DFD9EAA064-LeaderElection25] INFO  impl.LeaderElection (LogUtils.java:infoOrTrace(137)) -   Exception 0: java.util.concurrent.ExecutionException: org.apache.ratis.thirdparty.io.grpc.StatusRuntimeException: UNAVAILABLE: io exception
2021-12-22 01:08:54,528 [bc31efc5-a10f-49ea-82d4-325dc6674eda@group-30DFD9EAA064-LeaderElection25] INFO  impl.LeaderElection (LogUtils.java:infoOrTrace(137)) -   Exception 1: java.util.concurrent.ExecutionException: org.apache.ratis.thirdparty.io.grpc.StatusRuntimeException: UNAVAILABLE: io exception
2021-12-22 01:08:54,535 [bc31efc5-a10f-49ea-82d4-325dc6674eda@group-30DFD9EAA064-LeaderElection25] INFO  impl.LeaderElection (LeaderElection.java:askForVotes(308)) - bc31efc5-a10f-49ea-82d4-325dc6674eda@group-30DFD9EAA064-LeaderElection25 ELECTION round 0: result REJECTED
2021-12-22 01:08:54,535 [bc31efc5-a10f-49ea-82d4-325dc6674eda@group-3E424BC0E779-LeaderElection26] INFO  impl.LeaderElection (LogUtils.java:infoOrTrace(137)) - bc31efc5-a10f-49ea-82d4-325dc6674eda@group-3E424BC0E779-LeaderElection26 got exception when requesting votes: java.util.concurrent.ExecutionException: org.apache.ratis.thirdparty.io.grpc.StatusRuntimeException: UNAVAILABLE: io exception
2021-12-22 01:08:54,535 [bc31efc5-a10f-49ea-82d4-325dc6674eda@group-30DFD9EAA064-LeaderElection25] INFO  server.RaftServer$Division (RaftServerImpl.java:setRole(290)) - bc31efc5-a10f-49ea-82d4-325dc6674eda@group-30DFD9EAA064: changes role from CANDIDATE to FOLLOWER at term 11 for REJECTED
2021-12-22 01:08:54,535 [bc31efc5-a10f-49ea-82d4-325dc6674eda@group-30DFD9EAA064-LeaderElection25] INFO  impl.RoleInfo (RoleInfo.java:shutdownLeaderElection(121)) - bc31efc5-a10f-49ea-82d4-325dc6674eda: shutdown bc31efc5-a10f-49ea-82d4-325dc6674eda@group-30DFD9EAA064-LeaderElection25
2021-12-22 01:08:54,535 [bc31efc5-a10f-49ea-82d4-325dc6674eda@group-30DFD9EAA064-LeaderElection25] INFO  impl.RoleInfo (RoleInfo.java:updateAndGet(130)) - bc31efc5-a10f-49ea-82d4-325dc6674eda: start bc31efc5-a10f-49ea-82d4-325dc6674eda@group-30DFD9EAA064-FollowerState
2021-12-22 01:08:54,536 [bc31efc5-a10f-49ea-82d4-325dc6674eda@group-3E424BC0E779-LeaderElection26] INFO  impl.LeaderElection (LogUtils.java:infoOrTrace(137)) - bc31efc5-a10f-49ea-82d4-325dc6674eda@group-3E424BC0E779-LeaderElection26 got exception when requesting votes: java.util.concurrent.ExecutionException: org.apache.ratis.thirdparty.io.grpc.StatusRuntimeException: UNAVAILABLE: io exception
2021-12-22 01:08:54,536 [bc31efc5-a10f-49ea-82d4-325dc6674eda@group-3E424BC0E779-LeaderElection26] INFO  impl.LeaderElection (LeaderElection.java:logAndReturn(89)) - bc31efc5-a10f-49ea-82d4-325dc6674eda@group-3E424BC0E779-LeaderElection26: ELECTION REJECTED received 0 response(s) and 2 exception(s):
2021-12-22 01:08:54,536 [bc31efc5-a10f-49ea-82d4-325dc6674eda@group-3E424BC0E779-LeaderElection26] INFO  impl.LeaderElection (LogUtils.java:infoOrTrace(137)) -   Exception 0: java.util.concurrent.ExecutionException: org.apache.ratis.thirdparty.io.grpc.StatusRuntimeException: UNAVAILABLE: io exception
2021-12-22 01:08:54,536 [bc31efc5-a10f-49ea-82d4-325dc6674eda@group-3E424BC0E779-LeaderElection26] INFO  impl.LeaderElection (LogUtils.java:infoOrTrace(137)) -   Exception 1: java.util.concurrent.ExecutionException: org.apache.ratis.thirdparty.io.grpc.StatusRuntimeException: UNAVAILABLE: io exception
2021-12-22 01:08:54,536 [bc31efc5-a10f-49ea-82d4-325dc6674eda@group-3E424BC0E779-LeaderElection26] INFO  impl.LeaderElection (LeaderElection.java:askForVotes(308)) - bc31efc5-a10f-49ea-82d4-325dc6674eda@group-3E424BC0E779-LeaderElection26 ELECTION round 0: result REJECTED
2021-12-22 01:08:54,536 [bc31efc5-a10f-49ea-82d4-325dc6674eda@group-3E424BC0E779-LeaderElection26] INFO  server.RaftServer$Division (RaftServerImpl.java:setRole(290)) - bc31efc5-a10f-49ea-82d4-325dc6674eda@group-3E424BC0E779: changes role from CANDIDATE to FOLLOWER at term 9 for REJECTED
2021-12-22 01:08:54,536 [bc31efc5-a10f-49ea-82d4-325dc6674eda@group-3E424BC0E779-LeaderElection26] INFO  impl.RoleInfo (RoleInfo.java:shutdownLeaderElection(121)) - bc31efc5-a10f-49ea-82d4-325dc6674eda: shutdown bc31efc5-a10f-49ea-82d4-325dc6674eda@group-3E424BC0E779-LeaderElection26
2021-12-22 01:08:54,536 [bc31efc5-a10f-49ea-82d4-325dc6674eda@group-3E424BC0E779-LeaderElection26] INFO  impl.RoleInfo (RoleInfo.java:updateAndGet(130)) - bc31efc5-a10f-49ea-82d4-325dc6674eda: start bc31efc5-a10f-49ea-82d4-325dc6674eda@group-3E424BC0E779-FollowerState
2021-12-22 01:08:54,646 [Listener at 127.0.0.1/45789] INFO  ozone.MiniOzoneClusterImpl (MiniOzoneClusterImpl.java:lambda$waitForHddsDatanodesStop$3(389)) - Waiting on 1 datanodes out of 2 to be marked unhealthy.
2021-12-22 01:08:55,381 [org.apache.hadoop.ozone.container.common.statemachine.commandhandler.DeleteBlocksCommandHandler$DeleteCmdWorker@50eac4a5] INFO  commandhandler.DeleteBlocksCommandHandler (DeleteBlocksCommandHandler.java:processCmd(262)) - Start to delete container blocks, TXIDs=[1(0),2(0)], numOfContainers=2, numOfBlocks=20
2021-12-22 01:08:55,646 [Listener at 127.0.0.1/45789] INFO  ozone.MiniOzoneClusterImpl (MiniOzoneClusterImpl.java:lambda$waitForHddsDatanodesStop$3(389)) - Waiting on 1 datanodes out of 2 to be marked unhealthy.
2021-12-22 01:08:56,647 [Listener at 127.0.0.1/45789] INFO  ozone.MiniOzoneClusterImpl (MiniOzoneClusterImpl.java:lambda$waitForHddsDatanodesStop$3(389)) - Waiting on 1 datanodes out of 2 to be marked unhealthy.
2021-12-22 01:08:57,647 [Listener at 127.0.0.1/45789] INFO  ozone.MiniOzoneClusterImpl (MiniOzoneClusterImpl.java:lambda$waitForHddsDatanodesStop$3(389)) - Waiting on 1 datanodes out of 2 to be marked unhealthy.
2021-12-22 01:08:58,648 [Listener at 127.0.0.1/45789] INFO  ozone.MiniOzoneClusterImpl (MiniOzoneClusterImpl.java:lambda$waitForHddsDatanodesStop$3(389)) - Waiting on 1 datanodes out of 2 to be marked unhealthy.
2021-12-22 01:08:59,562 [bc31efc5-a10f-49ea-82d4-325dc6674eda@group-30DFD9EAA064-FollowerState] INFO  impl.FollowerState (FollowerState.java:run(134)) - bc31efc5-a10f-49ea-82d4-325dc6674eda@group-30DFD9EAA064-FollowerState: change to CANDIDATE, lastRpcElapsedTime:5026921129ns, electionTimeout:5026ms
2021-12-22 01:08:59,562 [bc31efc5-a10f-49ea-82d4-325dc6674eda@group-30DFD9EAA064-FollowerState] INFO  impl.RoleInfo (RoleInfo.java:shutdownFollowerState(108)) - bc31efc5-a10f-49ea-82d4-325dc6674eda: shutdown bc31efc5-a10f-49ea-82d4-325dc6674eda@group-30DFD9EAA064-FollowerState
2021-12-22 01:08:59,562 [bc31efc5-a10f-49ea-82d4-325dc6674eda@group-30DFD9EAA064-FollowerState] INFO  server.RaftServer$Division (RaftServerImpl.java:setRole(290)) - bc31efc5-a10f-49ea-82d4-325dc6674eda@group-30DFD9EAA064: changes role from  FOLLOWER to CANDIDATE at term 11 for changeToCandidate
2021-12-22 01:08:59,562 [bc31efc5-a10f-49ea-82d4-325dc6674eda@group-30DFD9EAA064-FollowerState] INFO  server.RaftServerConfigKeys (ConfUtils.java:logGet(44)) - raft.server.leaderelection.pre-vote = false (custom)
2021-12-22 01:08:59,563 [bc31efc5-a10f-49ea-82d4-325dc6674eda@group-30DFD9EAA064-FollowerState] INFO  impl.RoleInfo (RoleInfo.java:updateAndGet(130)) - bc31efc5-a10f-49ea-82d4-325dc6674eda: start bc31efc5-a10f-49ea-82d4-325dc6674eda@group-30DFD9EAA064-LeaderElection27
2021-12-22 01:08:59,590 [bc31efc5-a10f-49ea-82d4-325dc6674eda@group-30DFD9EAA064-LeaderElection27] INFO  impl.LeaderElection (LeaderElection.java:askForVotes(306)) - bc31efc5-a10f-49ea-82d4-325dc6674eda@group-30DFD9EAA064-LeaderElection27 ELECTION round 0: submit vote requests at term 12 for 0: [d1229c05-d9ac-40a7-9199-569f25256273|rpc:10.1.0.16:37951|dataStream:|priority:1, bc31efc5-a10f-49ea-82d4-325dc6674eda|rpc:10.1.0.16:45543|dataStream:|priority:0, a426eecb-3f7b-4bd3-8516-db356bf90be2|rpc:10.1.0.16:36549|dataStream:|priority:0], old=null
2021-12-22 01:08:59,605 [bc31efc5-a10f-49ea-82d4-325dc6674eda@group-30DFD9EAA064-LeaderElection27] INFO  impl.LeaderElection (LogUtils.java:infoOrTrace(137)) - bc31efc5-a10f-49ea-82d4-325dc6674eda@group-30DFD9EAA064-LeaderElection27 got exception when requesting votes: java.util.concurrent.ExecutionException: org.apache.ratis.thirdparty.io.grpc.StatusRuntimeException: UNAVAILABLE: io exception
2021-12-22 01:08:59,606 [bc31efc5-a10f-49ea-82d4-325dc6674eda@group-30DFD9EAA064-LeaderElection27] INFO  impl.LeaderElection (LogUtils.java:infoOrTrace(137)) - bc31efc5-a10f-49ea-82d4-325dc6674eda@group-30DFD9EAA064-LeaderElection27 got exception when requesting votes: java.util.concurrent.ExecutionException: org.apache.ratis.thirdparty.io.grpc.StatusRuntimeException: UNAVAILABLE: io exception
2021-12-22 01:08:59,606 [bc31efc5-a10f-49ea-82d4-325dc6674eda@group-30DFD9EAA064-LeaderElection27] INFO  impl.LeaderElection (LeaderElection.java:logAndReturn(89)) - bc31efc5-a10f-49ea-82d4-325dc6674eda@group-30DFD9EAA064-LeaderElection27: ELECTION REJECTED received 0 response(s) and 2 exception(s):
2021-12-22 01:08:59,606 [bc31efc5-a10f-49ea-82d4-325dc6674eda@group-30DFD9EAA064-LeaderElection27] INFO  impl.LeaderElection (LogUtils.java:infoOrTrace(137)) -   Exception 0: java.util.concurrent.ExecutionException: org.apache.ratis.thirdparty.io.grpc.StatusRuntimeException: UNAVAILABLE: io exception
2021-12-22 01:08:59,606 [bc31efc5-a10f-49ea-82d4-325dc6674eda@group-30DFD9EAA064-LeaderElection27] INFO  impl.LeaderElection (LogUtils.java:infoOrTrace(137)) -   Exception 1: java.util.concurrent.ExecutionException: org.apache.ratis.thirdparty.io.grpc.StatusRuntimeException: UNAVAILABLE: io exception
2021-12-22 01:08:59,606 [bc31efc5-a10f-49ea-82d4-325dc6674eda@group-30DFD9EAA064-LeaderElection27] INFO  impl.LeaderElection (LeaderElection.java:askForVotes(308)) - bc31efc5-a10f-49ea-82d4-325dc6674eda@group-30DFD9EAA064-LeaderElection27 ELECTION round 0: result REJECTED
2021-12-22 01:08:59,606 [bc31efc5-a10f-49ea-82d4-325dc6674eda@group-30DFD9EAA064-LeaderElection27] INFO  server.RaftServer$Division (RaftServerImpl.java:setRole(290)) - bc31efc5-a10f-49ea-82d4-325dc6674eda@group-30DFD9EAA064: changes role from CANDIDATE to FOLLOWER at term 12 for REJECTED
2021-12-22 01:08:59,606 [bc31efc5-a10f-49ea-82d4-325dc6674eda@group-30DFD9EAA064-LeaderElection27] INFO  impl.RoleInfo (RoleInfo.java:shutdownLeaderElection(121)) - bc31efc5-a10f-49ea-82d4-325dc6674eda: shutdown bc31efc5-a10f-49ea-82d4-325dc6674eda@group-30DFD9EAA064-LeaderElection27
2021-12-22 01:08:59,606 [bc31efc5-a10f-49ea-82d4-325dc6674eda@group-30DFD9EAA064-LeaderElection27] INFO  impl.RoleInfo (RoleInfo.java:updateAndGet(130)) - bc31efc5-a10f-49ea-82d4-325dc6674eda: start bc31efc5-a10f-49ea-82d4-325dc6674eda@group-30DFD9EAA064-FollowerState
2021-12-22 01:08:59,648 [Listener at 127.0.0.1/45789] INFO  ozone.MiniOzoneClusterImpl (MiniOzoneClusterImpl.java:lambda$waitForHddsDatanodesStop$3(389)) - Waiting on 1 datanodes out of 2 to be marked unhealthy.
2021-12-22 01:08:59,682 [bc31efc5-a10f-49ea-82d4-325dc6674eda@group-3E424BC0E779-FollowerState] INFO  impl.FollowerState (FollowerState.java:run(134)) - bc31efc5-a10f-49ea-82d4-325dc6674eda@group-3E424BC0E779-FollowerState: change to CANDIDATE, lastRpcElapsedTime:5146425836ns, electionTimeout:5142ms
2021-12-22 01:08:59,682 [bc31efc5-a10f-49ea-82d4-325dc6674eda@group-3E424BC0E779-FollowerState] INFO  impl.RoleInfo (RoleInfo.java:shutdownFollowerState(108)) - bc31efc5-a10f-49ea-82d4-325dc6674eda: shutdown bc31efc5-a10f-49ea-82d4-325dc6674eda@group-3E424BC0E779-FollowerState
2021-12-22 01:08:59,683 [bc31efc5-a10f-49ea-82d4-325dc6674eda@group-3E424BC0E779-FollowerState] INFO  server.RaftServer$Division (RaftServerImpl.java:setRole(290)) - bc31efc5-a10f-49ea-82d4-325dc6674eda@group-3E424BC0E779: changes role from  FOLLOWER to CANDIDATE at term 9 for changeToCandidate
2021-12-22 01:08:59,683 [bc31efc5-a10f-49ea-82d4-325dc6674eda@group-3E424BC0E779-FollowerState] INFO  server.RaftServerConfigKeys (ConfUtils.java:logGet(44)) - raft.server.leaderelection.pre-vote = false (custom)
2021-12-22 01:08:59,683 [bc31efc5-a10f-49ea-82d4-325dc6674eda@group-3E424BC0E779-FollowerState] INFO  impl.RoleInfo (RoleInfo.java:updateAndGet(130)) - bc31efc5-a10f-49ea-82d4-325dc6674eda: start bc31efc5-a10f-49ea-82d4-325dc6674eda@group-3E424BC0E779-LeaderElection28
2021-12-22 01:08:59,705 [bc31efc5-a10f-49ea-82d4-325dc6674eda@group-3E424BC0E779-LeaderElection28] INFO  impl.LeaderElection (LeaderElection.java:askForVotes(306)) - bc31efc5-a10f-49ea-82d4-325dc6674eda@group-3E424BC0E779-LeaderElection28 ELECTION round 0: submit vote requests at term 10 for 0: [bc31efc5-a10f-49ea-82d4-325dc6674eda|rpc:10.1.0.16:45543|dataStream:|priority:1, d1229c05-d9ac-40a7-9199-569f25256273|rpc:10.1.0.16:37951|dataStream:|priority:0, a426eecb-3f7b-4bd3-8516-db356bf90be2|rpc:10.1.0.16:36549|dataStream:|priority:0], old=null
2021-12-22 01:08:59,706 [bc31efc5-a10f-49ea-82d4-325dc6674eda@group-3E424BC0E779-LeaderElection28] INFO  impl.LeaderElection (LogUtils.java:infoOrTrace(137)) - bc31efc5-a10f-49ea-82d4-325dc6674eda@group-3E424BC0E779-LeaderElection28 got exception when requesting votes: java.util.concurrent.ExecutionException: org.apache.ratis.thirdparty.io.grpc.StatusRuntimeException: UNAVAILABLE: io exception
2021-12-22 01:08:59,714 [bc31efc5-a10f-49ea-82d4-325dc6674eda@group-3E424BC0E779-LeaderElection28] INFO  impl.LeaderElection (LogUtils.java:infoOrTrace(137)) - bc31efc5-a10f-49ea-82d4-325dc6674eda@group-3E424BC0E779-LeaderElection28 got exception when requesting votes: java.util.concurrent.ExecutionException: org.apache.ratis.thirdparty.io.grpc.StatusRuntimeException: UNAVAILABLE: io exception
2021-12-22 01:08:59,714 [bc31efc5-a10f-49ea-82d4-325dc6674eda@group-3E424BC0E779-LeaderElection28] INFO  impl.LeaderElection (LeaderElection.java:logAndReturn(89)) - bc31efc5-a10f-49ea-82d4-325dc6674eda@group-3E424BC0E779-LeaderElection28: ELECTION REJECTED received 0 response(s) and 2 exception(s):
2021-12-22 01:08:59,714 [bc31efc5-a10f-49ea-82d4-325dc6674eda@group-3E424BC0E779-LeaderElection28] INFO  impl.LeaderElection (LogUtils.java:infoOrTrace(137)) -   Exception 0: java.util.concurrent.ExecutionException: org.apache.ratis.thirdparty.io.grpc.StatusRuntimeException: UNAVAILABLE: io exception
2021-12-22 01:08:59,714 [bc31efc5-a10f-49ea-82d4-325dc6674eda@group-3E424BC0E779-LeaderElection28] INFO  impl.LeaderElection (LogUtils.java:infoOrTrace(137)) -   Exception 1: java.util.concurrent.ExecutionException: org.apache.ratis.thirdparty.io.grpc.StatusRuntimeException: UNAVAILABLE: io exception
2021-12-22 01:08:59,714 [bc31efc5-a10f-49ea-82d4-325dc6674eda@group-3E424BC0E779-LeaderElection28] INFO  impl.LeaderElection (LeaderElection.java:askForVotes(308)) - bc31efc5-a10f-49ea-82d4-325dc6674eda@group-3E424BC0E779-LeaderElection28 ELECTION round 0: result REJECTED
2021-12-22 01:08:59,714 [bc31efc5-a10f-49ea-82d4-325dc6674eda@group-3E424BC0E779-LeaderElection28] INFO  server.RaftServer$Division (RaftServerImpl.java:setRole(290)) - bc31efc5-a10f-49ea-82d4-325dc6674eda@group-3E424BC0E779: changes role from CANDIDATE to FOLLOWER at term 10 for REJECTED
2021-12-22 01:08:59,714 [bc31efc5-a10f-49ea-82d4-325dc6674eda@group-3E424BC0E779-LeaderElection28] INFO  impl.RoleInfo (RoleInfo.java:shutdownLeaderElection(121)) - bc31efc5-a10f-49ea-82d4-325dc6674eda: shutdown bc31efc5-a10f-49ea-82d4-325dc6674eda@group-3E424BC0E779-LeaderElection28
2021-12-22 01:08:59,715 [bc31efc5-a10f-49ea-82d4-325dc6674eda@group-3E424BC0E779-LeaderElection28] INFO  impl.RoleInfo (RoleInfo.java:updateAndGet(130)) - bc31efc5-a10f-49ea-82d4-325dc6674eda: start bc31efc5-a10f-49ea-82d4-325dc6674eda@group-3E424BC0E779-FollowerState
2021-12-22 01:09:00,649 [Listener at 127.0.0.1/45789] INFO  ozone.MiniOzoneClusterImpl (MiniOzoneClusterImpl.java:lambda$waitForHddsDatanodesStop$3(389)) - Waiting on 1 datanodes out of 2 to be marked unhealthy.
2021-12-22 01:09:01,649 [Listener at 127.0.0.1/45789] INFO  ozone.MiniOzoneClusterImpl (MiniOzoneClusterImpl.java:lambda$waitForHddsDatanodesStop$3(389)) - Waiting on 1 datanodes out of 2 to be marked unhealthy.
2021-12-22 01:09:02,650 [Listener at 127.0.0.1/45789] INFO  ozone.MiniOzoneClusterImpl (MiniOzoneClusterImpl.java:lambda$waitForHddsDatanodesStop$3(389)) - Waiting on 1 datanodes out of 2 to be marked unhealthy.
2021-12-22 01:09:03,650 [Listener at 127.0.0.1/45789] INFO  ozone.MiniOzoneClusterImpl (MiniOzoneClusterImpl.java:lambda$waitForHddsDatanodesStop$3(389)) - Waiting on 1 datanodes out of 2 to be marked unhealthy.
2021-12-22 01:09:04,638 [bc31efc5-a10f-49ea-82d4-325dc6674eda@group-30DFD9EAA064-FollowerState] INFO  impl.FollowerState (FollowerState.java:run(134)) - bc31efc5-a10f-49ea-82d4-325dc6674eda@group-30DFD9EAA064-FollowerState: change to CANDIDATE, lastRpcElapsedTime:5031922997ns, electionTimeout:5027ms
2021-12-22 01:09:04,638 [bc31efc5-a10f-49ea-82d4-325dc6674eda@group-30DFD9EAA064-FollowerState] INFO  impl.RoleInfo (RoleInfo.java:shutdownFollowerState(108)) - bc31efc5-a10f-49ea-82d4-325dc6674eda: shutdown bc31efc5-a10f-49ea-82d4-325dc6674eda@group-30DFD9EAA064-FollowerState
2021-12-22 01:09:04,639 [bc31efc5-a10f-49ea-82d4-325dc6674eda@group-30DFD9EAA064-FollowerState] INFO  server.RaftServer$Division (RaftServerImpl.java:setRole(290)) - bc31efc5-a10f-49ea-82d4-325dc6674eda@group-30DFD9EAA064: changes role from  FOLLOWER to CANDIDATE at term 12 for changeToCandidate
2021-12-22 01:09:04,639 [bc31efc5-a10f-49ea-82d4-325dc6674eda@group-30DFD9EAA064-FollowerState] INFO  server.RaftServerConfigKeys (ConfUtils.java:logGet(44)) - raft.server.leaderelection.pre-vote = false (custom)
2021-12-22 01:09:04,639 [bc31efc5-a10f-49ea-82d4-325dc6674eda@group-30DFD9EAA064-FollowerState] INFO  impl.RoleInfo (RoleInfo.java:updateAndGet(130)) - bc31efc5-a10f-49ea-82d4-325dc6674eda: start bc31efc5-a10f-49ea-82d4-325dc6674eda@group-30DFD9EAA064-LeaderElection29
2021-12-22 01:09:04,648 [bc31efc5-a10f-49ea-82d4-325dc6674eda@group-30DFD9EAA064-LeaderElection29] INFO  impl.LeaderElection (LeaderElection.java:askForVotes(306)) - bc31efc5-a10f-49ea-82d4-325dc6674eda@group-30DFD9EAA064-LeaderElection29 ELECTION round 0: submit vote requests at term 13 for 0: [d1229c05-d9ac-40a7-9199-569f25256273|rpc:10.1.0.16:37951|dataStream:|priority:1, bc31efc5-a10f-49ea-82d4-325dc6674eda|rpc:10.1.0.16:45543|dataStream:|priority:0, a426eecb-3f7b-4bd3-8516-db356bf90be2|rpc:10.1.0.16:36549|dataStream:|priority:0], old=null
2021-12-22 01:09:04,650 [Listener at 127.0.0.1/45789] INFO  ozone.MiniOzoneClusterImpl (MiniOzoneClusterImpl.java:lambda$waitForHddsDatanodesStop$3(389)) - Waiting on 1 datanodes out of 2 to be marked unhealthy.
2021-12-22 01:09:04,660 [bc31efc5-a10f-49ea-82d4-325dc6674eda@group-30DFD9EAA064-LeaderElection29] INFO  impl.LeaderElection (LogUtils.java:infoOrTrace(137)) - bc31efc5-a10f-49ea-82d4-325dc6674eda@group-30DFD9EAA064-LeaderElection29 got exception when requesting votes: java.util.concurrent.ExecutionException: org.apache.ratis.thirdparty.io.grpc.StatusRuntimeException: UNAVAILABLE: io exception
2021-12-22 01:09:04,663 [bc31efc5-a10f-49ea-82d4-325dc6674eda@group-30DFD9EAA064-LeaderElection29] INFO  impl.LeaderElection (LogUtils.java:infoOrTrace(137)) - bc31efc5-a10f-49ea-82d4-325dc6674eda@group-30DFD9EAA064-LeaderElection29 got exception when requesting votes: java.util.concurrent.ExecutionException: org.apache.ratis.thirdparty.io.grpc.StatusRuntimeException: UNAVAILABLE: io exception
2021-12-22 01:09:04,663 [bc31efc5-a10f-49ea-82d4-325dc6674eda@group-30DFD9EAA064-LeaderElection29] INFO  impl.LeaderElection (LeaderElection.java:logAndReturn(89)) - bc31efc5-a10f-49ea-82d4-325dc6674eda@group-30DFD9EAA064-LeaderElection29: ELECTION REJECTED received 0 response(s) and 2 exception(s):
2021-12-22 01:09:04,663 [bc31efc5-a10f-49ea-82d4-325dc6674eda@group-30DFD9EAA064-LeaderElection29] INFO  impl.LeaderElection (LogUtils.java:infoOrTrace(137)) -   Exception 0: java.util.concurrent.ExecutionException: org.apache.ratis.thirdparty.io.grpc.StatusRuntimeException: UNAVAILABLE: io exception
2021-12-22 01:09:04,663 [bc31efc5-a10f-49ea-82d4-325dc6674eda@group-30DFD9EAA064-LeaderElection29] INFO  impl.LeaderElection (LogUtils.java:infoOrTrace(137)) -   Exception 1: java.util.concurrent.ExecutionException: org.apache.ratis.thirdparty.io.grpc.StatusRuntimeException: UNAVAILABLE: io exception
2021-12-22 01:09:04,663 [bc31efc5-a10f-49ea-82d4-325dc6674eda@group-30DFD9EAA064-LeaderElection29] INFO  impl.LeaderElection (LeaderElection.java:askForVotes(308)) - bc31efc5-a10f-49ea-82d4-325dc6674eda@group-30DFD9EAA064-LeaderElection29 ELECTION round 0: result REJECTED
2021-12-22 01:09:04,663 [bc31efc5-a10f-49ea-82d4-325dc6674eda@group-30DFD9EAA064-LeaderElection29] INFO  server.RaftServer$Division (RaftServerImpl.java:setRole(290)) - bc31efc5-a10f-49ea-82d4-325dc6674eda@group-30DFD9EAA064: changes role from CANDIDATE to FOLLOWER at term 13 for REJECTED
2021-12-22 01:09:04,663 [bc31efc5-a10f-49ea-82d4-325dc6674eda@group-30DFD9EAA064-LeaderElection29] INFO  impl.RoleInfo (RoleInfo.java:shutdownLeaderElection(121)) - bc31efc5-a10f-49ea-82d4-325dc6674eda: shutdown bc31efc5-a10f-49ea-82d4-325dc6674eda@group-30DFD9EAA064-LeaderElection29
2021-12-22 01:09:04,663 [bc31efc5-a10f-49ea-82d4-325dc6674eda@group-30DFD9EAA064-LeaderElection29] INFO  impl.RoleInfo (RoleInfo.java:updateAndGet(130)) - bc31efc5-a10f-49ea-82d4-325dc6674eda: start bc31efc5-a10f-49ea-82d4-325dc6674eda@group-30DFD9EAA064-FollowerState
2021-12-22 01:09:04,850 [bc31efc5-a10f-49ea-82d4-325dc6674eda@group-3E424BC0E779-FollowerState] INFO  impl.FollowerState (FollowerState.java:run(134)) - bc31efc5-a10f-49ea-82d4-325dc6674eda@group-3E424BC0E779-FollowerState: change to CANDIDATE, lastRpcElapsedTime:5135575801ns, electionTimeout:5135ms
2021-12-22 01:09:04,850 [bc31efc5-a10f-49ea-82d4-325dc6674eda@group-3E424BC0E779-FollowerState] INFO  impl.RoleInfo (RoleInfo.java:shutdownFollowerState(108)) - bc31efc5-a10f-49ea-82d4-325dc6674eda: shutdown bc31efc5-a10f-49ea-82d4-325dc6674eda@group-3E424BC0E779-FollowerState
2021-12-22 01:09:04,850 [bc31efc5-a10f-49ea-82d4-325dc6674eda@group-3E424BC0E779-FollowerState] INFO  server.RaftServer$Division (RaftServerImpl.java:setRole(290)) - bc31efc5-a10f-49ea-82d4-325dc6674eda@group-3E424BC0E779: changes role from  FOLLOWER to CANDIDATE at term 10 for changeToCandidate
2021-12-22 01:09:04,850 [bc31efc5-a10f-49ea-82d4-325dc6674eda@group-3E424BC0E779-FollowerState] INFO  server.RaftServerConfigKeys (ConfUtils.java:logGet(44)) - raft.server.leaderelection.pre-vote = false (custom)
2021-12-22 01:09:04,850 [bc31efc5-a10f-49ea-82d4-325dc6674eda@group-3E424BC0E779-FollowerState] INFO  impl.RoleInfo (RoleInfo.java:updateAndGet(130)) - bc31efc5-a10f-49ea-82d4-325dc6674eda: start bc31efc5-a10f-49ea-82d4-325dc6674eda@group-3E424BC0E779-LeaderElection30
2021-12-22 01:09:04,858 [bc31efc5-a10f-49ea-82d4-325dc6674eda@group-3E424BC0E779-LeaderElection30] INFO  impl.LeaderElection (LeaderElection.java:askForVotes(306)) - bc31efc5-a10f-49ea-82d4-325dc6674eda@group-3E424BC0E779-LeaderElection30 ELECTION round 0: submit vote requests at term 11 for 0: [bc31efc5-a10f-49ea-82d4-325dc6674eda|rpc:10.1.0.16:45543|dataStream:|priority:1, d1229c05-d9ac-40a7-9199-569f25256273|rpc:10.1.0.16:37951|dataStream:|priority:0, a426eecb-3f7b-4bd3-8516-db356bf90be2|rpc:10.1.0.16:36549|dataStream:|priority:0], old=null
2021-12-22 01:09:04,872 [bc31efc5-a10f-49ea-82d4-325dc6674eda@group-3E424BC0E779-LeaderElection30] INFO  impl.LeaderElection (LogUtils.java:infoOrTrace(137)) - bc31efc5-a10f-49ea-82d4-325dc6674eda@group-3E424BC0E779-LeaderElection30 got exception when requesting votes: java.util.concurrent.ExecutionException: org.apache.ratis.thirdparty.io.grpc.StatusRuntimeException: UNAVAILABLE: io exception
2021-12-22 01:09:04,874 [bc31efc5-a10f-49ea-82d4-325dc6674eda@group-3E424BC0E779-LeaderElection30] INFO  impl.LeaderElection (LogUtils.java:infoOrTrace(137)) - bc31efc5-a10f-49ea-82d4-325dc6674eda@group-3E424BC0E779-LeaderElection30 got exception when requesting votes: java.util.concurrent.ExecutionException: org.apache.ratis.thirdparty.io.grpc.StatusRuntimeException: UNAVAILABLE: io exception
2021-12-22 01:09:04,874 [bc31efc5-a10f-49ea-82d4-325dc6674eda@group-3E424BC0E779-LeaderElection30] INFO  impl.LeaderElection (LeaderElection.java:logAndReturn(89)) - bc31efc5-a10f-49ea-82d4-325dc6674eda@group-3E424BC0E779-LeaderElection30: ELECTION REJECTED received 0 response(s) and 2 exception(s):
2021-12-22 01:09:04,874 [bc31efc5-a10f-49ea-82d4-325dc6674eda@group-3E424BC0E779-LeaderElection30] INFO  impl.LeaderElection (LogUtils.java:infoOrTrace(137)) -   Exception 0: java.util.concurrent.ExecutionException: org.apache.ratis.thirdparty.io.grpc.StatusRuntimeException: UNAVAILABLE: io exception
2021-12-22 01:09:04,875 [bc31efc5-a10f-49ea-82d4-325dc6674eda@group-3E424BC0E779-LeaderElection30] INFO  impl.LeaderElection (LogUtils.java:infoOrTrace(137)) -   Exception 1: java.util.concurrent.ExecutionException: org.apache.ratis.thirdparty.io.grpc.StatusRuntimeException: UNAVAILABLE: io exception
2021-12-22 01:09:04,875 [bc31efc5-a10f-49ea-82d4-325dc6674eda@group-3E424BC0E779-LeaderElection30] INFO  impl.LeaderElection (LeaderElection.java:askForVotes(308)) - bc31efc5-a10f-49ea-82d4-325dc6674eda@group-3E424BC0E779-LeaderElection30 ELECTION round 0: result REJECTED
2021-12-22 01:09:04,875 [bc31efc5-a10f-49ea-82d4-325dc6674eda@group-3E424BC0E779-LeaderElection30] INFO  server.RaftServer$Division (RaftServerImpl.java:setRole(290)) - bc31efc5-a10f-49ea-82d4-325dc6674eda@group-3E424BC0E779: changes role from CANDIDATE to FOLLOWER at term 11 for REJECTED
2021-12-22 01:09:04,875 [bc31efc5-a10f-49ea-82d4-325dc6674eda@group-3E424BC0E779-LeaderElection30] INFO  impl.RoleInfo (RoleInfo.java:shutdownLeaderElection(121)) - bc31efc5-a10f-49ea-82d4-325dc6674eda: shutdown bc31efc5-a10f-49ea-82d4-325dc6674eda@group-3E424BC0E779-LeaderElection30
2021-12-22 01:09:04,875 [bc31efc5-a10f-49ea-82d4-325dc6674eda@group-3E424BC0E779-LeaderElection30] INFO  impl.RoleInfo (RoleInfo.java:updateAndGet(130)) - bc31efc5-a10f-49ea-82d4-325dc6674eda: start bc31efc5-a10f-49ea-82d4-325dc6674eda@group-3E424BC0E779-FollowerState
2021-12-22 01:09:05,651 [Listener at 127.0.0.1/45789] INFO  ozone.MiniOzoneClusterImpl (MiniOzoneClusterImpl.java:lambda$waitForHddsDatanodesStop$3(389)) - Waiting on 1 datanodes out of 2 to be marked unhealthy.
2021-12-22 01:09:06,651 [Listener at 127.0.0.1/45789] INFO  ozone.MiniOzoneClusterImpl (MiniOzoneClusterImpl.java:lambda$waitForHddsDatanodesStop$3(389)) - Waiting on 1 datanodes out of 2 to be marked unhealthy.
2021-12-22 01:09:07,652 [Listener at 127.0.0.1/45789] INFO  ozone.MiniOzoneClusterImpl (MiniOzoneClusterImpl.java:lambda$waitForHddsDatanodesStop$3(389)) - Waiting on 1 datanodes out of 2 to be marked unhealthy.
2021-12-22 01:09:08,652 [Listener at 127.0.0.1/45789] INFO  ozone.MiniOzoneClusterImpl (MiniOzoneClusterImpl.java:lambda$waitForHddsDatanodesStop$3(389)) - Waiting on 1 datanodes out of 2 to be marked unhealthy.
2021-12-22 01:09:09,653 [Listener at 127.0.0.1/45789] INFO  ozone.MiniOzoneClusterImpl (MiniOzoneClusterImpl.java:lambda$waitForHddsDatanodesStop$3(389)) - Waiting on 1 datanodes out of 2 to be marked unhealthy.
2021-12-22 01:09:09,828 [bc31efc5-a10f-49ea-82d4-325dc6674eda@group-30DFD9EAA064-FollowerState] INFO  impl.FollowerState (FollowerState.java:run(134)) - bc31efc5-a10f-49ea-82d4-325dc6674eda@group-30DFD9EAA064-FollowerState: change to CANDIDATE, lastRpcElapsedTime:5164577641ns, electionTimeout:5164ms
2021-12-22 01:09:09,828 [bc31efc5-a10f-49ea-82d4-325dc6674eda@group-30DFD9EAA064-FollowerState] INFO  impl.RoleInfo (RoleInfo.java:shutdownFollowerState(108)) - bc31efc5-a10f-49ea-82d4-325dc6674eda: shutdown bc31efc5-a10f-49ea-82d4-325dc6674eda@group-30DFD9EAA064-FollowerState
2021-12-22 01:09:09,828 [bc31efc5-a10f-49ea-82d4-325dc6674eda@group-30DFD9EAA064-FollowerState] INFO  server.RaftServer$Division (RaftServerImpl.java:setRole(290)) - bc31efc5-a10f-49ea-82d4-325dc6674eda@group-30DFD9EAA064: changes role from  FOLLOWER to CANDIDATE at term 13 for changeToCandidate
2021-12-22 01:09:09,828 [bc31efc5-a10f-49ea-82d4-325dc6674eda@group-30DFD9EAA064-FollowerState] INFO  server.RaftServerConfigKeys (ConfUtils.java:logGet(44)) - raft.server.leaderelection.pre-vote = false (custom)
2021-12-22 01:09:09,828 [bc31efc5-a10f-49ea-82d4-325dc6674eda@group-30DFD9EAA064-FollowerState] INFO  impl.RoleInfo (RoleInfo.java:updateAndGet(130)) - bc31efc5-a10f-49ea-82d4-325dc6674eda: start bc31efc5-a10f-49ea-82d4-325dc6674eda@group-30DFD9EAA064-LeaderElection31
2021-12-22 01:09:09,851 [bc31efc5-a10f-49ea-82d4-325dc6674eda@group-30DFD9EAA064-LeaderElection31] INFO  impl.LeaderElection (LeaderElection.java:askForVotes(306)) - bc31efc5-a10f-49ea-82d4-325dc6674eda@group-30DFD9EAA064-LeaderElection31 ELECTION round 0: submit vote requests at term 14 for 0: [d1229c05-d9ac-40a7-9199-569f25256273|rpc:10.1.0.16:37951|dataStream:|priority:1, bc31efc5-a10f-49ea-82d4-325dc6674eda|rpc:10.1.0.16:45543|dataStream:|priority:0, a426eecb-3f7b-4bd3-8516-db356bf90be2|rpc:10.1.0.16:36549|dataStream:|priority:0], old=null
2021-12-22 01:09:09,880 [bc31efc5-a10f-49ea-82d4-325dc6674eda@group-30DFD9EAA064-LeaderElection31] INFO  impl.LeaderElection (LogUtils.java:infoOrTrace(137)) - bc31efc5-a10f-49ea-82d4-325dc6674eda@group-30DFD9EAA064-LeaderElection31 got exception when requesting votes: java.util.concurrent.ExecutionException: org.apache.ratis.thirdparty.io.grpc.StatusRuntimeException: UNAVAILABLE: io exception
2021-12-22 01:09:09,888 [bc31efc5-a10f-49ea-82d4-325dc6674eda@group-30DFD9EAA064-LeaderElection31] INFO  impl.LeaderElection (LogUtils.java:infoOrTrace(137)) - bc31efc5-a10f-49ea-82d4-325dc6674eda@group-30DFD9EAA064-LeaderElection31 got exception when requesting votes: java.util.concurrent.ExecutionException: org.apache.ratis.thirdparty.io.grpc.StatusRuntimeException: UNAVAILABLE: io exception
2021-12-22 01:09:09,888 [bc31efc5-a10f-49ea-82d4-325dc6674eda@group-30DFD9EAA064-LeaderElection31] INFO  impl.LeaderElection (LeaderElection.java:logAndReturn(89)) - bc31efc5-a10f-49ea-82d4-325dc6674eda@group-30DFD9EAA064-LeaderElection31: ELECTION REJECTED received 0 response(s) and 2 exception(s):
2021-12-22 01:09:09,888 [bc31efc5-a10f-49ea-82d4-325dc6674eda@group-30DFD9EAA064-LeaderElection31] INFO  impl.LeaderElection (LogUtils.java:infoOrTrace(137)) -   Exception 0: java.util.concurrent.ExecutionException: org.apache.ratis.thirdparty.io.grpc.StatusRuntimeException: UNAVAILABLE: io exception
2021-12-22 01:09:09,888 [bc31efc5-a10f-49ea-82d4-325dc6674eda@group-30DFD9EAA064-LeaderElection31] INFO  impl.LeaderElection (LogUtils.java:infoOrTrace(137)) -   Exception 1: java.util.concurrent.ExecutionException: org.apache.ratis.thirdparty.io.grpc.StatusRuntimeException: UNAVAILABLE: io exception
2021-12-22 01:09:09,888 [bc31efc5-a10f-49ea-82d4-325dc6674eda@group-30DFD9EAA064-LeaderElection31] INFO  impl.LeaderElection (LeaderElection.java:askForVotes(308)) - bc31efc5-a10f-49ea-82d4-325dc6674eda@group-30DFD9EAA064-LeaderElection31 ELECTION round 0: result REJECTED
2021-12-22 01:09:09,888 [bc31efc5-a10f-49ea-82d4-325dc6674eda@group-30DFD9EAA064-LeaderElection31] INFO  server.RaftServer$Division (RaftServerImpl.java:setRole(290)) - bc31efc5-a10f-49ea-82d4-325dc6674eda@group-30DFD9EAA064: changes role from CANDIDATE to FOLLOWER at term 14 for REJECTED
2021-12-22 01:09:09,888 [bc31efc5-a10f-49ea-82d4-325dc6674eda@group-30DFD9EAA064-LeaderElection31] INFO  impl.RoleInfo (RoleInfo.java:shutdownLeaderElection(121)) - bc31efc5-a10f-49ea-82d4-325dc6674eda: shutdown bc31efc5-a10f-49ea-82d4-325dc6674eda@group-30DFD9EAA064-LeaderElection31
2021-12-22 01:09:09,888 [bc31efc5-a10f-49ea-82d4-325dc6674eda@group-30DFD9EAA064-LeaderElection31] INFO  impl.RoleInfo (RoleInfo.java:updateAndGet(130)) - bc31efc5-a10f-49ea-82d4-325dc6674eda: start bc31efc5-a10f-49ea-82d4-325dc6674eda@group-30DFD9EAA064-FollowerState
2021-12-22 01:09:09,944 [bc31efc5-a10f-49ea-82d4-325dc6674eda@group-3E424BC0E779-FollowerState] INFO  impl.FollowerState (FollowerState.java:run(134)) - bc31efc5-a10f-49ea-82d4-325dc6674eda@group-3E424BC0E779-FollowerState: change to CANDIDATE, lastRpcElapsedTime:5068947692ns, electionTimeout:5065ms
2021-12-22 01:09:09,944 [bc31efc5-a10f-49ea-82d4-325dc6674eda@group-3E424BC0E779-FollowerState] INFO  impl.RoleInfo (RoleInfo.java:shutdownFollowerState(108)) - bc31efc5-a10f-49ea-82d4-325dc6674eda: shutdown bc31efc5-a10f-49ea-82d4-325dc6674eda@group-3E424BC0E779-FollowerState
2021-12-22 01:09:09,944 [bc31efc5-a10f-49ea-82d4-325dc6674eda@group-3E424BC0E779-FollowerState] INFO  server.RaftServer$Division (RaftServerImpl.java:setRole(290)) - bc31efc5-a10f-49ea-82d4-325dc6674eda@group-3E424BC0E779: changes role from  FOLLOWER to CANDIDATE at term 11 for changeToCandidate
2021-12-22 01:09:09,944 [bc31efc5-a10f-49ea-82d4-325dc6674eda@group-3E424BC0E779-FollowerState] INFO  server.RaftServerConfigKeys (ConfUtils.java:logGet(44)) - raft.server.leaderelection.pre-vote = false (custom)
2021-12-22 01:09:09,944 [bc31efc5-a10f-49ea-82d4-325dc6674eda@group-3E424BC0E779-FollowerState] INFO  impl.RoleInfo (RoleInfo.java:updateAndGet(130)) - bc31efc5-a10f-49ea-82d4-325dc6674eda: start bc31efc5-a10f-49ea-82d4-325dc6674eda@group-3E424BC0E779-LeaderElection32
2021-12-22 01:09:09,968 [bc31efc5-a10f-49ea-82d4-325dc6674eda@group-3E424BC0E779-LeaderElection32] INFO  impl.LeaderElection (LeaderElection.java:askForVotes(306)) - bc31efc5-a10f-49ea-82d4-325dc6674eda@group-3E424BC0E779-LeaderElection32 ELECTION round 0: submit vote requests at term 12 for 0: [bc31efc5-a10f-49ea-82d4-325dc6674eda|rpc:10.1.0.16:45543|dataStream:|priority:1, d1229c05-d9ac-40a7-9199-569f25256273|rpc:10.1.0.16:37951|dataStream:|priority:0, a426eecb-3f7b-4bd3-8516-db356bf90be2|rpc:10.1.0.16:36549|dataStream:|priority:0], old=null
2021-12-22 01:09:09,998 [bc31efc5-a10f-49ea-82d4-325dc6674eda@group-3E424BC0E779-LeaderElection32] INFO  impl.LeaderElection (LogUtils.java:infoOrTrace(137)) - bc31efc5-a10f-49ea-82d4-325dc6674eda@group-3E424BC0E779-LeaderElection32 got exception when requesting votes: java.util.concurrent.ExecutionException: org.apache.ratis.thirdparty.io.grpc.StatusRuntimeException: UNAVAILABLE: io exception
2021-12-22 01:09:09,999 [bc31efc5-a10f-49ea-82d4-325dc6674eda@group-3E424BC0E779-LeaderElection32] INFO  impl.LeaderElection (LogUtils.java:infoOrTrace(137)) - bc31efc5-a10f-49ea-82d4-325dc6674eda@group-3E424BC0E779-LeaderElection32 got exception when requesting votes: java.util.concurrent.ExecutionException: org.apache.ratis.thirdparty.io.grpc.StatusRuntimeException: UNAVAILABLE: io exception
2021-12-22 01:09:09,999 [bc31efc5-a10f-49ea-82d4-325dc6674eda@group-3E424BC0E779-LeaderElection32] INFO  impl.LeaderElection (LeaderElection.java:logAndReturn(89)) - bc31efc5-a10f-49ea-82d4-325dc6674eda@group-3E424BC0E779-LeaderElection32: ELECTION REJECTED received 0 response(s) and 2 exception(s):
2021-12-22 01:09:09,999 [bc31efc5-a10f-49ea-82d4-325dc6674eda@group-3E424BC0E779-LeaderElection32] INFO  impl.LeaderElection (LogUtils.java:infoOrTrace(137)) -   Exception 0: java.util.concurrent.ExecutionException: org.apache.ratis.thirdparty.io.grpc.StatusRuntimeException: UNAVAILABLE: io exception
2021-12-22 01:09:09,999 [bc31efc5-a10f-49ea-82d4-325dc6674eda@group-3E424BC0E779-LeaderElection32] INFO  impl.LeaderElection (LogUtils.java:infoOrTrace(137)) -   Exception 1: java.util.concurrent.ExecutionException: org.apache.ratis.thirdparty.io.grpc.StatusRuntimeException: UNAVAILABLE: io exception
2021-12-22 01:09:09,999 [bc31efc5-a10f-49ea-82d4-325dc6674eda@group-3E424BC0E779-LeaderElection32] INFO  impl.LeaderElection (LeaderElection.java:askForVotes(308)) - bc31efc5-a10f-49ea-82d4-325dc6674eda@group-3E424BC0E779-LeaderElection32 ELECTION round 0: result REJECTED
2021-12-22 01:09:09,999 [bc31efc5-a10f-49ea-82d4-325dc6674eda@group-3E424BC0E779-LeaderElection32] INFO  server.RaftServer$Division (RaftServerImpl.java:setRole(290)) - bc31efc5-a10f-49ea-82d4-325dc6674eda@group-3E424BC0E779: changes role from CANDIDATE to FOLLOWER at term 12 for REJECTED
2021-12-22 01:09:09,999 [bc31efc5-a10f-49ea-82d4-325dc6674eda@group-3E424BC0E779-LeaderElection32] INFO  impl.RoleInfo (RoleInfo.java:shutdownLeaderElection(121)) - bc31efc5-a10f-49ea-82d4-325dc6674eda: shutdown bc31efc5-a10f-49ea-82d4-325dc6674eda@group-3E424BC0E779-LeaderElection32
2021-12-22 01:09:10,000 [bc31efc5-a10f-49ea-82d4-325dc6674eda@group-3E424BC0E779-LeaderElection32] INFO  impl.RoleInfo (RoleInfo.java:updateAndGet(130)) - bc31efc5-a10f-49ea-82d4-325dc6674eda: start bc31efc5-a10f-49ea-82d4-325dc6674eda@group-3E424BC0E779-FollowerState
2021-12-22 01:09:10,653 [Listener at 127.0.0.1/45789] INFO  ozone.MiniOzoneClusterImpl (MiniOzoneClusterImpl.java:lambda$waitForHddsDatanodesStop$3(389)) - Waiting on 1 datanodes out of 2 to be marked unhealthy.
2021-12-22 01:09:11,654 [Listener at 127.0.0.1/45789] INFO  ozone.MiniOzoneClusterImpl (MiniOzoneClusterImpl.java:lambda$waitForHddsDatanodesStop$3(389)) - Waiting on 1 datanodes out of 2 to be marked unhealthy.
2021-12-22 01:09:12,654 [Listener at 127.0.0.1/45789] INFO  ozone.MiniOzoneClusterImpl (MiniOzoneClusterImpl.java:lambda$waitForHddsDatanodesStop$3(389)) - Waiting on 1 datanodes out of 2 to be marked unhealthy.
2021-12-22 01:09:13,654 [Listener at 127.0.0.1/45789] INFO  ozone.MiniOzoneClusterImpl (MiniOzoneClusterImpl.java:lambda$waitForHddsDatanodesStop$3(389)) - Waiting on 1 datanodes out of 2 to be marked unhealthy.
2021-12-22 01:09:14,655 [Listener at 127.0.0.1/45789] INFO  ozone.MiniOzoneClusterImpl (MiniOzoneClusterImpl.java:lambda$waitForHddsDatanodesStop$3(389)) - Waiting on 1 datanodes out of 2 to be marked unhealthy.
2021-12-22 01:09:15,046 [bc31efc5-a10f-49ea-82d4-325dc6674eda@group-30DFD9EAA064-FollowerState] INFO  impl.FollowerState (FollowerState.java:run(134)) - bc31efc5-a10f-49ea-82d4-325dc6674eda@group-30DFD9EAA064-FollowerState: change to CANDIDATE, lastRpcElapsedTime:5157858024ns, electionTimeout:5154ms
2021-12-22 01:09:15,047 [bc31efc5-a10f-49ea-82d4-325dc6674eda@group-30DFD9EAA064-FollowerState] INFO  impl.RoleInfo (RoleInfo.java:shutdownFollowerState(108)) - bc31efc5-a10f-49ea-82d4-325dc6674eda: shutdown bc31efc5-a10f-49ea-82d4-325dc6674eda@group-30DFD9EAA064-FollowerState
2021-12-22 01:09:15,047 [bc31efc5-a10f-49ea-82d4-325dc6674eda@group-30DFD9EAA064-FollowerState] INFO  server.RaftServer$Division (RaftServerImpl.java:setRole(290)) - bc31efc5-a10f-49ea-82d4-325dc6674eda@group-30DFD9EAA064: changes role from  FOLLOWER to CANDIDATE at term 14 for changeToCandidate
2021-12-22 01:09:15,047 [bc31efc5-a10f-49ea-82d4-325dc6674eda@group-30DFD9EAA064-FollowerState] INFO  server.RaftServerConfigKeys (ConfUtils.java:logGet(44)) - raft.server.leaderelection.pre-vote = false (custom)
2021-12-22 01:09:15,047 [bc31efc5-a10f-49ea-82d4-325dc6674eda@group-30DFD9EAA064-FollowerState] INFO  impl.RoleInfo (RoleInfo.java:updateAndGet(130)) - bc31efc5-a10f-49ea-82d4-325dc6674eda: start bc31efc5-a10f-49ea-82d4-325dc6674eda@group-30DFD9EAA064-LeaderElection33
2021-12-22 01:09:15,053 [bc31efc5-a10f-49ea-82d4-325dc6674eda@group-30DFD9EAA064-LeaderElection33] INFO  impl.LeaderElection (LeaderElection.java:askForVotes(306)) - bc31efc5-a10f-49ea-82d4-325dc6674eda@group-30DFD9EAA064-LeaderElection33 ELECTION round 0: submit vote requests at term 15 for 0: [d1229c05-d9ac-40a7-9199-569f25256273|rpc:10.1.0.16:37951|dataStream:|priority:1, bc31efc5-a10f-49ea-82d4-325dc6674eda|rpc:10.1.0.16:45543|dataStream:|priority:0, a426eecb-3f7b-4bd3-8516-db356bf90be2|rpc:10.1.0.16:36549|dataStream:|priority:0], old=null
2021-12-22 01:09:15,064 [bc31efc5-a10f-49ea-82d4-325dc6674eda@group-30DFD9EAA064-LeaderElection33] INFO  impl.LeaderElection (LogUtils.java:infoOrTrace(137)) - bc31efc5-a10f-49ea-82d4-325dc6674eda@group-30DFD9EAA064-LeaderElection33 got exception when requesting votes: java.util.concurrent.ExecutionException: org.apache.ratis.thirdparty.io.grpc.StatusRuntimeException: UNAVAILABLE: io exception
2021-12-22 01:09:15,064 [bc31efc5-a10f-49ea-82d4-325dc6674eda@group-30DFD9EAA064-LeaderElection33] INFO  impl.LeaderElection (LogUtils.java:infoOrTrace(137)) - bc31efc5-a10f-49ea-82d4-325dc6674eda@group-30DFD9EAA064-LeaderElection33 got exception when requesting votes: java.util.concurrent.ExecutionException: org.apache.ratis.thirdparty.io.grpc.StatusRuntimeException: UNAVAILABLE: io exception
2021-12-22 01:09:15,064 [bc31efc5-a10f-49ea-82d4-325dc6674eda@group-30DFD9EAA064-LeaderElection33] INFO  impl.LeaderElection (LeaderElection.java:logAndReturn(89)) - bc31efc5-a10f-49ea-82d4-325dc6674eda@group-30DFD9EAA064-LeaderElection33: ELECTION REJECTED received 0 response(s) and 2 exception(s):
2021-12-22 01:09:15,064 [bc31efc5-a10f-49ea-82d4-325dc6674eda@group-30DFD9EAA064-LeaderElection33] INFO  impl.LeaderElection (LogUtils.java:infoOrTrace(137)) -   Exception 0: java.util.concurrent.ExecutionException: org.apache.ratis.thirdparty.io.grpc.StatusRuntimeException: UNAVAILABLE: io exception
2021-12-22 01:09:15,064 [bc31efc5-a10f-49ea-82d4-325dc6674eda@group-30DFD9EAA064-LeaderElection33] INFO  impl.LeaderElection (LogUtils.java:infoOrTrace(137)) -   Exception 1: java.util.concurrent.ExecutionException: org.apache.ratis.thirdparty.io.grpc.StatusRuntimeException: UNAVAILABLE: io exception
2021-12-22 01:09:15,064 [bc31efc5-a10f-49ea-82d4-325dc6674eda@group-30DFD9EAA064-LeaderElection33] INFO  impl.LeaderElection (LeaderElection.java:askForVotes(308)) - bc31efc5-a10f-49ea-82d4-325dc6674eda@group-30DFD9EAA064-LeaderElection33 ELECTION round 0: result REJECTED
2021-12-22 01:09:15,064 [bc31efc5-a10f-49ea-82d4-325dc6674eda@group-30DFD9EAA064-LeaderElection33] INFO  server.RaftServer$Division (RaftServerImpl.java:setRole(290)) - bc31efc5-a10f-49ea-82d4-325dc6674eda@group-30DFD9EAA064: changes role from CANDIDATE to FOLLOWER at term 15 for REJECTED
2021-12-22 01:09:15,065 [bc31efc5-a10f-49ea-82d4-325dc6674eda@group-30DFD9EAA064-LeaderElection33] INFO  impl.RoleInfo (RoleInfo.java:shutdownLeaderElection(121)) - bc31efc5-a10f-49ea-82d4-325dc6674eda: shutdown bc31efc5-a10f-49ea-82d4-325dc6674eda@group-30DFD9EAA064-LeaderElection33
2021-12-22 01:09:15,065 [bc31efc5-a10f-49ea-82d4-325dc6674eda@group-30DFD9EAA064-LeaderElection33] INFO  impl.RoleInfo (RoleInfo.java:updateAndGet(130)) - bc31efc5-a10f-49ea-82d4-325dc6674eda: start bc31efc5-a10f-49ea-82d4-325dc6674eda@group-30DFD9EAA064-FollowerState
2021-12-22 01:09:15,181 [bc31efc5-a10f-49ea-82d4-325dc6674eda@group-3E424BC0E779-FollowerState] INFO  impl.FollowerState (FollowerState.java:run(134)) - bc31efc5-a10f-49ea-82d4-325dc6674eda@group-3E424BC0E779-FollowerState: change to CANDIDATE, lastRpcElapsedTime:5181237244ns, electionTimeout:5176ms
2021-12-22 01:09:15,181 [bc31efc5-a10f-49ea-82d4-325dc6674eda@group-3E424BC0E779-FollowerState] INFO  impl.RoleInfo (RoleInfo.java:shutdownFollowerState(108)) - bc31efc5-a10f-49ea-82d4-325dc6674eda: shutdown bc31efc5-a10f-49ea-82d4-325dc6674eda@group-3E424BC0E779-FollowerState
2021-12-22 01:09:15,181 [bc31efc5-a10f-49ea-82d4-325dc6674eda@group-3E424BC0E779-FollowerState] INFO  server.RaftServer$Division (RaftServerImpl.java:setRole(290)) - bc31efc5-a10f-49ea-82d4-325dc6674eda@group-3E424BC0E779: changes role from  FOLLOWER to CANDIDATE at term 12 for changeToCandidate
2021-12-22 01:09:15,181 [bc31efc5-a10f-49ea-82d4-325dc6674eda@group-3E424BC0E779-FollowerState] INFO  server.RaftServerConfigKeys (ConfUtils.java:logGet(44)) - raft.server.leaderelection.pre-vote = false (custom)
2021-12-22 01:09:15,181 [bc31efc5-a10f-49ea-82d4-325dc6674eda@group-3E424BC0E779-FollowerState] INFO  impl.RoleInfo (RoleInfo.java:updateAndGet(130)) - bc31efc5-a10f-49ea-82d4-325dc6674eda: start bc31efc5-a10f-49ea-82d4-325dc6674eda@group-3E424BC0E779-LeaderElection34
2021-12-22 01:09:15,197 [bc31efc5-a10f-49ea-82d4-325dc6674eda@group-3E424BC0E779-LeaderElection34] INFO  impl.LeaderElection (LeaderElection.java:askForVotes(306)) - bc31efc5-a10f-49ea-82d4-325dc6674eda@group-3E424BC0E779-LeaderElection34 ELECTION round 0: submit vote requests at term 13 for 0: [bc31efc5-a10f-49ea-82d4-325dc6674eda|rpc:10.1.0.16:45543|dataStream:|priority:1, d1229c05-d9ac-40a7-9199-569f25256273|rpc:10.1.0.16:37951|dataStream:|priority:0, a426eecb-3f7b-4bd3-8516-db356bf90be2|rpc:10.1.0.16:36549|dataStream:|priority:0], old=null
2021-12-22 01:09:15,198 [bc31efc5-a10f-49ea-82d4-325dc6674eda@group-3E424BC0E779-LeaderElection34] INFO  impl.LeaderElection (LogUtils.java:infoOrTrace(137)) - bc31efc5-a10f-49ea-82d4-325dc6674eda@group-3E424BC0E779-LeaderElection34 got exception when requesting votes: java.util.concurrent.ExecutionException: org.apache.ratis.thirdparty.io.grpc.StatusRuntimeException: UNAVAILABLE: io exception
2021-12-22 01:09:15,208 [bc31efc5-a10f-49ea-82d4-325dc6674eda@group-3E424BC0E779-LeaderElection34] INFO  impl.LeaderElection (LogUtils.java:infoOrTrace(137)) - bc31efc5-a10f-49ea-82d4-325dc6674eda@group-3E424BC0E779-LeaderElection34 got exception when requesting votes: java.util.concurrent.ExecutionException: org.apache.ratis.thirdparty.io.grpc.StatusRuntimeException: UNAVAILABLE: io exception
2021-12-22 01:09:15,208 [bc31efc5-a10f-49ea-82d4-325dc6674eda@group-3E424BC0E779-LeaderElection34] INFO  impl.LeaderElection (LeaderElection.java:logAndReturn(89)) - bc31efc5-a10f-49ea-82d4-325dc6674eda@group-3E424BC0E779-LeaderElection34: ELECTION REJECTED received 0 response(s) and 2 exception(s):
2021-12-22 01:09:15,208 [bc31efc5-a10f-49ea-82d4-325dc6674eda@group-3E424BC0E779-LeaderElection34] INFO  impl.LeaderElection (LogUtils.java:infoOrTrace(137)) -   Exception 0: java.util.concurrent.ExecutionException: org.apache.ratis.thirdparty.io.grpc.StatusRuntimeException: UNAVAILABLE: io exception
2021-12-22 01:09:15,208 [bc31efc5-a10f-49ea-82d4-325dc6674eda@group-3E424BC0E779-LeaderElection34] INFO  impl.LeaderElection (LogUtils.java:infoOrTrace(137)) -   Exception 1: java.util.concurrent.ExecutionException: org.apache.ratis.thirdparty.io.grpc.StatusRuntimeException: UNAVAILABLE: io exception
2021-12-22 01:09:15,208 [bc31efc5-a10f-49ea-82d4-325dc6674eda@group-3E424BC0E779-LeaderElection34] INFO  impl.LeaderElection (LeaderElection.java:askForVotes(308)) - bc31efc5-a10f-49ea-82d4-325dc6674eda@group-3E424BC0E779-LeaderElection34 ELECTION round 0: result REJECTED
2021-12-22 01:09:15,208 [bc31efc5-a10f-49ea-82d4-325dc6674eda@group-3E424BC0E779-LeaderElection34] INFO  server.RaftServer$Division (RaftServerImpl.java:setRole(290)) - bc31efc5-a10f-49ea-82d4-325dc6674eda@group-3E424BC0E779: changes role from CANDIDATE to FOLLOWER at term 13 for REJECTED
2021-12-22 01:09:15,208 [bc31efc5-a10f-49ea-82d4-325dc6674eda@group-3E424BC0E779-LeaderElection34] INFO  impl.RoleInfo (RoleInfo.java:shutdownLeaderElection(121)) - bc31efc5-a10f-49ea-82d4-325dc6674eda: shutdown bc31efc5-a10f-49ea-82d4-325dc6674eda@group-3E424BC0E779-LeaderElection34
2021-12-22 01:09:15,208 [bc31efc5-a10f-49ea-82d4-325dc6674eda@group-3E424BC0E779-LeaderElection34] INFO  impl.RoleInfo (RoleInfo.java:updateAndGet(130)) - bc31efc5-a10f-49ea-82d4-325dc6674eda: start bc31efc5-a10f-49ea-82d4-325dc6674eda@group-3E424BC0E779-FollowerState
2021-12-22 01:09:15,655 [Listener at 127.0.0.1/45789] INFO  ozone.MiniOzoneClusterImpl (MiniOzoneClusterImpl.java:lambda$waitForHddsDatanodesStop$3(389)) - Waiting on 1 datanodes out of 2 to be marked unhealthy.
2021-12-22 01:09:16,656 [Listener at 127.0.0.1/45789] INFO  ozone.MiniOzoneClusterImpl (MiniOzoneClusterImpl.java:lambda$waitForHddsDatanodesStop$3(389)) - Waiting on 1 datanodes out of 2 to be marked unhealthy.
2021-12-22 01:09:17,656 [Listener at 127.0.0.1/45789] INFO  ozone.MiniOzoneClusterImpl (MiniOzoneClusterImpl.java:lambda$waitForHddsDatanodesStop$3(389)) - Waiting on 1 datanodes out of 2 to be marked unhealthy.
2021-12-22 01:09:18,657 [Listener at 127.0.0.1/45789] INFO  ozone.MiniOzoneClusterImpl (MiniOzoneClusterImpl.java:lambda$waitForHddsDatanodesStop$3(389)) - Waiting on 1 datanodes out of 2 to be marked unhealthy.
2021-12-22 01:09:19,657 [Listener at 127.0.0.1/45789] INFO  ozone.MiniOzoneClusterImpl (MiniOzoneClusterImpl.java:lambda$waitForHddsDatanodesStop$3(389)) - Waiting on 1 datanodes out of 2 to be marked unhealthy.
2021-12-22 01:09:20,122 [bc31efc5-a10f-49ea-82d4-325dc6674eda@group-30DFD9EAA064-FollowerState] INFO  impl.FollowerState (FollowerState.java:run(134)) - bc31efc5-a10f-49ea-82d4-325dc6674eda@group-30DFD9EAA064-FollowerState: change to CANDIDATE, lastRpcElapsedTime:5057863294ns, electionTimeout:5052ms
2021-12-22 01:09:20,123 [bc31efc5-a10f-49ea-82d4-325dc6674eda@group-30DFD9EAA064-FollowerState] INFO  impl.RoleInfo (RoleInfo.java:shutdownFollowerState(108)) - bc31efc5-a10f-49ea-82d4-325dc6674eda: shutdown bc31efc5-a10f-49ea-82d4-325dc6674eda@group-30DFD9EAA064-FollowerState
2021-12-22 01:09:20,123 [bc31efc5-a10f-49ea-82d4-325dc6674eda@group-30DFD9EAA064-FollowerState] INFO  server.RaftServer$Division (RaftServerImpl.java:setRole(290)) - bc31efc5-a10f-49ea-82d4-325dc6674eda@group-30DFD9EAA064: changes role from  FOLLOWER to CANDIDATE at term 15 for changeToCandidate
2021-12-22 01:09:20,123 [bc31efc5-a10f-49ea-82d4-325dc6674eda@group-30DFD9EAA064-FollowerState] INFO  server.RaftServerConfigKeys (ConfUtils.java:logGet(44)) - raft.server.leaderelection.pre-vote = false (custom)
2021-12-22 01:09:20,123 [bc31efc5-a10f-49ea-82d4-325dc6674eda@group-30DFD9EAA064-FollowerState] INFO  impl.RoleInfo (RoleInfo.java:updateAndGet(130)) - bc31efc5-a10f-49ea-82d4-325dc6674eda: start bc31efc5-a10f-49ea-82d4-325dc6674eda@group-30DFD9EAA064-LeaderElection35
2021-12-22 01:09:20,133 [bc31efc5-a10f-49ea-82d4-325dc6674eda@group-30DFD9EAA064-LeaderElection35] INFO  impl.LeaderElection (LeaderElection.java:askForVotes(306)) - bc31efc5-a10f-49ea-82d4-325dc6674eda@group-30DFD9EAA064-LeaderElection35 ELECTION round 0: submit vote requests at term 16 for 0: [d1229c05-d9ac-40a7-9199-569f25256273|rpc:10.1.0.16:37951|dataStream:|priority:1, bc31efc5-a10f-49ea-82d4-325dc6674eda|rpc:10.1.0.16:45543|dataStream:|priority:0, a426eecb-3f7b-4bd3-8516-db356bf90be2|rpc:10.1.0.16:36549|dataStream:|priority:0], old=null
2021-12-22 01:09:20,143 [bc31efc5-a10f-49ea-82d4-325dc6674eda@group-30DFD9EAA064-LeaderElection35] INFO  impl.LeaderElection (LogUtils.java:infoOrTrace(137)) - bc31efc5-a10f-49ea-82d4-325dc6674eda@group-30DFD9EAA064-LeaderElection35 got exception when requesting votes: java.util.concurrent.ExecutionException: org.apache.ratis.thirdparty.io.grpc.StatusRuntimeException: UNAVAILABLE: io exception
2021-12-22 01:09:20,144 [bc31efc5-a10f-49ea-82d4-325dc6674eda@group-30DFD9EAA064-LeaderElection35] INFO  impl.LeaderElection (LogUtils.java:infoOrTrace(137)) - bc31efc5-a10f-49ea-82d4-325dc6674eda@group-30DFD9EAA064-LeaderElection35 got exception when requesting votes: java.util.concurrent.ExecutionException: org.apache.ratis.thirdparty.io.grpc.StatusRuntimeException: UNAVAILABLE: io exception
2021-12-22 01:09:20,144 [bc31efc5-a10f-49ea-82d4-325dc6674eda@group-30DFD9EAA064-LeaderElection35] INFO  impl.LeaderElection (LeaderElection.java:logAndReturn(89)) - bc31efc5-a10f-49ea-82d4-325dc6674eda@group-30DFD9EAA064-LeaderElection35: ELECTION REJECTED received 0 response(s) and 2 exception(s):
2021-12-22 01:09:20,144 [bc31efc5-a10f-49ea-82d4-325dc6674eda@group-30DFD9EAA064-LeaderElection35] INFO  impl.LeaderElection (LogUtils.java:infoOrTrace(137)) -   Exception 0: java.util.concurrent.ExecutionException: org.apache.ratis.thirdparty.io.grpc.StatusRuntimeException: UNAVAILABLE: io exception
2021-12-22 01:09:20,144 [bc31efc5-a10f-49ea-82d4-325dc6674eda@group-30DFD9EAA064-LeaderElection35] INFO  impl.LeaderElection (LogUtils.java:infoOrTrace(137)) -   Exception 1: java.util.concurrent.ExecutionException: org.apache.ratis.thirdparty.io.grpc.StatusRuntimeException: UNAVAILABLE: io exception
2021-12-22 01:09:20,144 [bc31efc5-a10f-49ea-82d4-325dc6674eda@group-30DFD9EAA064-LeaderElection35] INFO  impl.LeaderElection (LeaderElection.java:askForVotes(308)) - bc31efc5-a10f-49ea-82d4-325dc6674eda@group-30DFD9EAA064-LeaderElection35 ELECTION round 0: result REJECTED
2021-12-22 01:09:20,144 [bc31efc5-a10f-49ea-82d4-325dc6674eda@group-30DFD9EAA064-LeaderElection35] INFO  server.RaftServer$Division (RaftServerImpl.java:setRole(290)) - bc31efc5-a10f-49ea-82d4-325dc6674eda@group-30DFD9EAA064: changes role from CANDIDATE to FOLLOWER at term 16 for REJECTED
2021-12-22 01:09:20,144 [bc31efc5-a10f-49ea-82d4-325dc6674eda@group-30DFD9EAA064-LeaderElection35] INFO  impl.RoleInfo (RoleInfo.java:shutdownLeaderElection(121)) - bc31efc5-a10f-49ea-82d4-325dc6674eda: shutdown bc31efc5-a10f-49ea-82d4-325dc6674eda@group-30DFD9EAA064-LeaderElection35
2021-12-22 01:09:20,144 [bc31efc5-a10f-49ea-82d4-325dc6674eda@group-30DFD9EAA064-LeaderElection35] INFO  impl.RoleInfo (RoleInfo.java:updateAndGet(130)) - bc31efc5-a10f-49ea-82d4-325dc6674eda: start bc31efc5-a10f-49ea-82d4-325dc6674eda@group-30DFD9EAA064-FollowerState
2021-12-22 01:09:20,291 [bc31efc5-a10f-49ea-82d4-325dc6674eda@group-3E424BC0E779-FollowerState] INFO  impl.FollowerState (FollowerState.java:run(134)) - bc31efc5-a10f-49ea-82d4-325dc6674eda@group-3E424BC0E779-FollowerState: change to CANDIDATE, lastRpcElapsedTime:5083094252ns, electionTimeout:5077ms
2021-12-22 01:09:20,291 [bc31efc5-a10f-49ea-82d4-325dc6674eda@group-3E424BC0E779-FollowerState] INFO  impl.RoleInfo (RoleInfo.java:shutdownFollowerState(108)) - bc31efc5-a10f-49ea-82d4-325dc6674eda: shutdown bc31efc5-a10f-49ea-82d4-325dc6674eda@group-3E424BC0E779-FollowerState
2021-12-22 01:09:20,291 [bc31efc5-a10f-49ea-82d4-325dc6674eda@group-3E424BC0E779-FollowerState] INFO  server.RaftServer$Division (RaftServerImpl.java:setRole(290)) - bc31efc5-a10f-49ea-82d4-325dc6674eda@group-3E424BC0E779: changes role from  FOLLOWER to CANDIDATE at term 13 for changeToCandidate
2021-12-22 01:09:20,292 [bc31efc5-a10f-49ea-82d4-325dc6674eda@group-3E424BC0E779-FollowerState] INFO  server.RaftServerConfigKeys (ConfUtils.java:logGet(44)) - raft.server.leaderelection.pre-vote = false (custom)
2021-12-22 01:09:20,292 [bc31efc5-a10f-49ea-82d4-325dc6674eda@group-3E424BC0E779-FollowerState] INFO  impl.RoleInfo (RoleInfo.java:updateAndGet(130)) - bc31efc5-a10f-49ea-82d4-325dc6674eda: start bc31efc5-a10f-49ea-82d4-325dc6674eda@group-3E424BC0E779-LeaderElection36
2021-12-22 01:09:20,311 [bc31efc5-a10f-49ea-82d4-325dc6674eda@group-3E424BC0E779-LeaderElection36] INFO  impl.LeaderElection (LeaderElection.java:askForVotes(306)) - bc31efc5-a10f-49ea-82d4-325dc6674eda@group-3E424BC0E779-LeaderElection36 ELECTION round 0: submit vote requests at term 14 for 0: [bc31efc5-a10f-49ea-82d4-325dc6674eda|rpc:10.1.0.16:45543|dataStream:|priority:1, d1229c05-d9ac-40a7-9199-569f25256273|rpc:10.1.0.16:37951|dataStream:|priority:0, a426eecb-3f7b-4bd3-8516-db356bf90be2|rpc:10.1.0.16:36549|dataStream:|priority:0], old=null
2021-12-22 01:09:20,316 [bc31efc5-a10f-49ea-82d4-325dc6674eda@group-3E424BC0E779-LeaderElection36] INFO  impl.LeaderElection (LogUtils.java:infoOrTrace(137)) - bc31efc5-a10f-49ea-82d4-325dc6674eda@group-3E424BC0E779-LeaderElection36 got exception when requesting votes: java.util.concurrent.ExecutionException: org.apache.ratis.thirdparty.io.grpc.StatusRuntimeException: UNAVAILABLE: io exception
2021-12-22 01:09:20,319 [bc31efc5-a10f-49ea-82d4-325dc6674eda@group-3E424BC0E779-LeaderElection36] INFO  impl.LeaderElection (LogUtils.java:infoOrTrace(137)) - bc31efc5-a10f-49ea-82d4-325dc6674eda@group-3E424BC0E779-LeaderElection36 got exception when requesting votes: java.util.concurrent.ExecutionException: org.apache.ratis.thirdparty.io.grpc.StatusRuntimeException: UNAVAILABLE: io exception
2021-12-22 01:09:20,319 [bc31efc5-a10f-49ea-82d4-325dc6674eda@group-3E424BC0E779-LeaderElection36] INFO  impl.LeaderElection (LeaderElection.java:logAndReturn(89)) - bc31efc5-a10f-49ea-82d4-325dc6674eda@group-3E424BC0E779-LeaderElection36: ELECTION REJECTED received 0 response(s) and 2 exception(s):
2021-12-22 01:09:20,319 [bc31efc5-a10f-49ea-82d4-325dc6674eda@group-3E424BC0E779-LeaderElection36] INFO  impl.LeaderElection (LogUtils.java:infoOrTrace(137)) -   Exception 0: java.util.concurrent.ExecutionException: org.apache.ratis.thirdparty.io.grpc.StatusRuntimeException: UNAVAILABLE: io exception
2021-12-22 01:09:20,319 [bc31efc5-a10f-49ea-82d4-325dc6674eda@group-3E424BC0E779-LeaderElection36] INFO  impl.LeaderElection (LogUtils.java:infoOrTrace(137)) -   Exception 1: java.util.concurrent.ExecutionException: org.apache.ratis.thirdparty.io.grpc.StatusRuntimeException: UNAVAILABLE: io exception
2021-12-22 01:09:20,319 [bc31efc5-a10f-49ea-82d4-325dc6674eda@group-3E424BC0E779-LeaderElection36] INFO  impl.LeaderElection (LeaderElection.java:askForVotes(308)) - bc31efc5-a10f-49ea-82d4-325dc6674eda@group-3E424BC0E779-LeaderElection36 ELECTION round 0: result REJECTED
2021-12-22 01:09:20,319 [bc31efc5-a10f-49ea-82d4-325dc6674eda@group-3E424BC0E779-LeaderElection36] INFO  server.RaftServer$Division (RaftServerImpl.java:setRole(290)) - bc31efc5-a10f-49ea-82d4-325dc6674eda@group-3E424BC0E779: changes role from CANDIDATE to FOLLOWER at term 14 for REJECTED
2021-12-22 01:09:20,319 [bc31efc5-a10f-49ea-82d4-325dc6674eda@group-3E424BC0E779-LeaderElection36] INFO  impl.RoleInfo (RoleInfo.java:shutdownLeaderElection(121)) - bc31efc5-a10f-49ea-82d4-325dc6674eda: shutdown bc31efc5-a10f-49ea-82d4-325dc6674eda@group-3E424BC0E779-LeaderElection36
2021-12-22 01:09:20,319 [bc31efc5-a10f-49ea-82d4-325dc6674eda@group-3E424BC0E779-LeaderElection36] INFO  impl.RoleInfo (RoleInfo.java:updateAndGet(130)) - bc31efc5-a10f-49ea-82d4-325dc6674eda: start bc31efc5-a10f-49ea-82d4-325dc6674eda@group-3E424BC0E779-FollowerState
2021-12-22 01:09:20,657 [Listener at 127.0.0.1/45789] INFO  ozone.MiniOzoneClusterImpl (MiniOzoneClusterImpl.java:lambda$waitForHddsDatanodesStop$3(389)) - Waiting on 1 datanodes out of 2 to be marked unhealthy.
2021-12-22 01:09:21,658 [Listener at 127.0.0.1/45789] INFO  ozone.MiniOzoneClusterImpl (MiniOzoneClusterImpl.java:lambda$waitForHddsDatanodesStop$3(389)) - Waiting on 1 datanodes out of 2 to be marked unhealthy.
2021-12-22 01:09:22,658 [Listener at 127.0.0.1/45789] INFO  ozone.MiniOzoneClusterImpl (MiniOzoneClusterImpl.java:lambda$waitForHddsDatanodesStop$3(389)) - Waiting on 1 datanodes out of 2 to be marked unhealthy.
2021-12-22 01:09:23,659 [Listener at 127.0.0.1/45789] INFO  ozone.MiniOzoneClusterImpl (MiniOzoneClusterImpl.java:lambda$waitForHddsDatanodesStop$3(389)) - Waiting on 1 datanodes out of 2 to be marked unhealthy.
2021-12-22 01:09:24,659 [Listener at 127.0.0.1/45789] INFO  ozone.MiniOzoneClusterImpl (MiniOzoneClusterImpl.java:lambda$waitForHddsDatanodesStop$3(389)) - Waiting on 1 datanodes out of 2 to be marked unhealthy.
2021-12-22 01:09:25,198 [bc31efc5-a10f-49ea-82d4-325dc6674eda@group-30DFD9EAA064-FollowerState] INFO  impl.FollowerState (FollowerState.java:run(134)) - bc31efc5-a10f-49ea-82d4-325dc6674eda@group-30DFD9EAA064-FollowerState: change to CANDIDATE, lastRpcElapsedTime:5053857806ns, electionTimeout:5050ms
2021-12-22 01:09:25,198 [bc31efc5-a10f-49ea-82d4-325dc6674eda@group-30DFD9EAA064-FollowerState] INFO  impl.RoleInfo (RoleInfo.java:shutdownFollowerState(108)) - bc31efc5-a10f-49ea-82d4-325dc6674eda: shutdown bc31efc5-a10f-49ea-82d4-325dc6674eda@group-30DFD9EAA064-FollowerState
2021-12-22 01:09:25,198 [bc31efc5-a10f-49ea-82d4-325dc6674eda@group-30DFD9EAA064-FollowerState] INFO  server.RaftServer$Division (RaftServerImpl.java:setRole(290)) - bc31efc5-a10f-49ea-82d4-325dc6674eda@group-30DFD9EAA064: changes role from  FOLLOWER to CANDIDATE at term 16 for changeToCandidate
2021-12-22 01:09:25,198 [bc31efc5-a10f-49ea-82d4-325dc6674eda@group-30DFD9EAA064-FollowerState] INFO  server.RaftServerConfigKeys (ConfUtils.java:logGet(44)) - raft.server.leaderelection.pre-vote = false (custom)
2021-12-22 01:09:25,198 [bc31efc5-a10f-49ea-82d4-325dc6674eda@group-30DFD9EAA064-FollowerState] INFO  impl.RoleInfo (RoleInfo.java:updateAndGet(130)) - bc31efc5-a10f-49ea-82d4-325dc6674eda: start bc31efc5-a10f-49ea-82d4-325dc6674eda@group-30DFD9EAA064-LeaderElection37
2021-12-22 01:09:25,213 [bc31efc5-a10f-49ea-82d4-325dc6674eda@group-30DFD9EAA064-LeaderElection37] INFO  impl.LeaderElection (LeaderElection.java:askForVotes(306)) - bc31efc5-a10f-49ea-82d4-325dc6674eda@group-30DFD9EAA064-LeaderElection37 ELECTION round 0: submit vote requests at term 17 for 0: [d1229c05-d9ac-40a7-9199-569f25256273|rpc:10.1.0.16:37951|dataStream:|priority:1, bc31efc5-a10f-49ea-82d4-325dc6674eda|rpc:10.1.0.16:45543|dataStream:|priority:0, a426eecb-3f7b-4bd3-8516-db356bf90be2|rpc:10.1.0.16:36549|dataStream:|priority:0], old=null
2021-12-22 01:09:25,218 [bc31efc5-a10f-49ea-82d4-325dc6674eda@group-30DFD9EAA064-LeaderElection37] INFO  impl.LeaderElection (LogUtils.java:infoOrTrace(137)) - bc31efc5-a10f-49ea-82d4-325dc6674eda@group-30DFD9EAA064-LeaderElection37 got exception when requesting votes: java.util.concurrent.ExecutionException: org.apache.ratis.thirdparty.io.grpc.StatusRuntimeException: UNAVAILABLE: io exception
2021-12-22 01:09:25,218 [bc31efc5-a10f-49ea-82d4-325dc6674eda@group-30DFD9EAA064-LeaderElection37] INFO  impl.LeaderElection (LogUtils.java:infoOrTrace(137)) - bc31efc5-a10f-49ea-82d4-325dc6674eda@group-30DFD9EAA064-LeaderElection37 got exception when requesting votes: java.util.concurrent.ExecutionException: org.apache.ratis.thirdparty.io.grpc.StatusRuntimeException: UNAVAILABLE: io exception
2021-12-22 01:09:25,218 [bc31efc5-a10f-49ea-82d4-325dc6674eda@group-30DFD9EAA064-LeaderElection37] INFO  impl.LeaderElection (LeaderElection.java:logAndReturn(89)) - bc31efc5-a10f-49ea-82d4-325dc6674eda@group-30DFD9EAA064-LeaderElection37: ELECTION REJECTED received 0 response(s) and 2 exception(s):
2021-12-22 01:09:25,218 [bc31efc5-a10f-49ea-82d4-325dc6674eda@group-30DFD9EAA064-LeaderElection37] INFO  impl.LeaderElection (LogUtils.java:infoOrTrace(137)) -   Exception 0: java.util.concurrent.ExecutionException: org.apache.ratis.thirdparty.io.grpc.StatusRuntimeException: UNAVAILABLE: io exception
2021-12-22 01:09:25,219 [bc31efc5-a10f-49ea-82d4-325dc6674eda@group-30DFD9EAA064-LeaderElection37] INFO  impl.LeaderElection (LogUtils.java:infoOrTrace(137)) -   Exception 1: java.util.concurrent.ExecutionException: org.apache.ratis.thirdparty.io.grpc.StatusRuntimeException: UNAVAILABLE: io exception
2021-12-22 01:09:25,219 [bc31efc5-a10f-49ea-82d4-325dc6674eda@group-30DFD9EAA064-LeaderElection37] INFO  impl.LeaderElection (LeaderElection.java:askForVotes(308)) - bc31efc5-a10f-49ea-82d4-325dc6674eda@group-30DFD9EAA064-LeaderElection37 ELECTION round 0: result REJECTED
2021-12-22 01:09:25,219 [bc31efc5-a10f-49ea-82d4-325dc6674eda@group-30DFD9EAA064-LeaderElection37] INFO  server.RaftServer$Division (RaftServerImpl.java:setRole(290)) - bc31efc5-a10f-49ea-82d4-325dc6674eda@group-30DFD9EAA064: changes role from CANDIDATE to FOLLOWER at term 17 for REJECTED
2021-12-22 01:09:25,219 [bc31efc5-a10f-49ea-82d4-325dc6674eda@group-30DFD9EAA064-LeaderElection37] INFO  impl.RoleInfo (RoleInfo.java:shutdownLeaderElection(121)) - bc31efc5-a10f-49ea-82d4-325dc6674eda: shutdown bc31efc5-a10f-49ea-82d4-325dc6674eda@group-30DFD9EAA064-LeaderElection37
2021-12-22 01:09:25,219 [bc31efc5-a10f-49ea-82d4-325dc6674eda@group-30DFD9EAA064-LeaderElection37] INFO  impl.RoleInfo (RoleInfo.java:updateAndGet(130)) - bc31efc5-a10f-49ea-82d4-325dc6674eda: start bc31efc5-a10f-49ea-82d4-325dc6674eda@group-30DFD9EAA064-FollowerState
2021-12-22 01:09:25,514 [bc31efc5-a10f-49ea-82d4-325dc6674eda@group-3E424BC0E779-FollowerState] INFO  impl.FollowerState (FollowerState.java:run(134)) - bc31efc5-a10f-49ea-82d4-325dc6674eda@group-3E424BC0E779-FollowerState: change to CANDIDATE, lastRpcElapsedTime:5195226901ns, electionTimeout:5188ms
2021-12-22 01:09:25,514 [bc31efc5-a10f-49ea-82d4-325dc6674eda@group-3E424BC0E779-FollowerState] INFO  impl.RoleInfo (RoleInfo.java:shutdownFollowerState(108)) - bc31efc5-a10f-49ea-82d4-325dc6674eda: shutdown bc31efc5-a10f-49ea-82d4-325dc6674eda@group-3E424BC0E779-FollowerState
2021-12-22 01:09:25,514 [bc31efc5-a10f-49ea-82d4-325dc6674eda@group-3E424BC0E779-FollowerState] INFO  server.RaftServer$Division (RaftServerImpl.java:setRole(290)) - bc31efc5-a10f-49ea-82d4-325dc6674eda@group-3E424BC0E779: changes role from  FOLLOWER to CANDIDATE at term 14 for changeToCandidate
2021-12-22 01:09:25,514 [bc31efc5-a10f-49ea-82d4-325dc6674eda@group-3E424BC0E779-FollowerState] INFO  server.RaftServerConfigKeys (ConfUtils.java:logGet(44)) - raft.server.leaderelection.pre-vote = false (custom)
2021-12-22 01:09:25,515 [bc31efc5-a10f-49ea-82d4-325dc6674eda@group-3E424BC0E779-FollowerState] INFO  impl.RoleInfo (RoleInfo.java:updateAndGet(130)) - bc31efc5-a10f-49ea-82d4-325dc6674eda: start bc31efc5-a10f-49ea-82d4-325dc6674eda@group-3E424BC0E779-LeaderElection38
2021-12-22 01:09:25,525 [bc31efc5-a10f-49ea-82d4-325dc6674eda@group-3E424BC0E779-LeaderElection38] INFO  impl.LeaderElection (LeaderElection.java:askForVotes(306)) - bc31efc5-a10f-49ea-82d4-325dc6674eda@group-3E424BC0E779-LeaderElection38 ELECTION round 0: submit vote requests at term 15 for 0: [bc31efc5-a10f-49ea-82d4-325dc6674eda|rpc:10.1.0.16:45543|dataStream:|priority:1, d1229c05-d9ac-40a7-9199-569f25256273|rpc:10.1.0.16:37951|dataStream:|priority:0, a426eecb-3f7b-4bd3-8516-db356bf90be2|rpc:10.1.0.16:36549|dataStream:|priority:0], old=null
2021-12-22 01:09:25,536 [bc31efc5-a10f-49ea-82d4-325dc6674eda@group-3E424BC0E779-LeaderElection38] INFO  impl.LeaderElection (LogUtils.java:infoOrTrace(137)) - bc31efc5-a10f-49ea-82d4-325dc6674eda@group-3E424BC0E779-LeaderElection38 got exception when requesting votes: java.util.concurrent.ExecutionException: org.apache.ratis.thirdparty.io.grpc.StatusRuntimeException: UNAVAILABLE: io exception
2021-12-22 01:09:25,537 [bc31efc5-a10f-49ea-82d4-325dc6674eda@group-3E424BC0E779-LeaderElection38] INFO  impl.LeaderElection (LogUtils.java:infoOrTrace(137)) - bc31efc5-a10f-49ea-82d4-325dc6674eda@group-3E424BC0E779-LeaderElection38 got exception when requesting votes: java.util.concurrent.ExecutionException: org.apache.ratis.thirdparty.io.grpc.StatusRuntimeException: UNAVAILABLE: io exception
2021-12-22 01:09:25,537 [bc31efc5-a10f-49ea-82d4-325dc6674eda@group-3E424BC0E779-LeaderElection38] INFO  impl.LeaderElection (LeaderElection.java:logAndReturn(89)) - bc31efc5-a10f-49ea-82d4-325dc6674eda@group-3E424BC0E779-LeaderElection38: ELECTION REJECTED received 0 response(s) and 2 exception(s):
2021-12-22 01:09:25,537 [bc31efc5-a10f-49ea-82d4-325dc6674eda@group-3E424BC0E779-LeaderElection38] INFO  impl.LeaderElection (LogUtils.java:infoOrTrace(137)) -   Exception 0: java.util.concurrent.ExecutionException: org.apache.ratis.thirdparty.io.grpc.StatusRuntimeException: UNAVAILABLE: io exception
2021-12-22 01:09:25,537 [bc31efc5-a10f-49ea-82d4-325dc6674eda@group-3E424BC0E779-LeaderElection38] INFO  impl.LeaderElection (LogUtils.java:infoOrTrace(137)) -   Exception 1: java.util.concurrent.ExecutionException: org.apache.ratis.thirdparty.io.grpc.StatusRuntimeException: UNAVAILABLE: io exception
2021-12-22 01:09:25,537 [bc31efc5-a10f-49ea-82d4-325dc6674eda@group-3E424BC0E779-LeaderElection38] INFO  impl.LeaderElection (LeaderElection.java:askForVotes(308)) - bc31efc5-a10f-49ea-82d4-325dc6674eda@group-3E424BC0E779-LeaderElection38 ELECTION round 0: result REJECTED
2021-12-22 01:09:25,537 [bc31efc5-a10f-49ea-82d4-325dc6674eda@group-3E424BC0E779-LeaderElection38] INFO  server.RaftServer$Division (RaftServerImpl.java:setRole(290)) - bc31efc5-a10f-49ea-82d4-325dc6674eda@group-3E424BC0E779: changes role from CANDIDATE to FOLLOWER at term 15 for REJECTED
2021-12-22 01:09:25,537 [bc31efc5-a10f-49ea-82d4-325dc6674eda@group-3E424BC0E779-LeaderElection38] INFO  impl.RoleInfo (RoleInfo.java:shutdownLeaderElection(121)) - bc31efc5-a10f-49ea-82d4-325dc6674eda: shutdown bc31efc5-a10f-49ea-82d4-325dc6674eda@group-3E424BC0E779-LeaderElection38
2021-12-22 01:09:25,538 [bc31efc5-a10f-49ea-82d4-325dc6674eda@group-3E424BC0E779-LeaderElection38] INFO  impl.RoleInfo (RoleInfo.java:updateAndGet(130)) - bc31efc5-a10f-49ea-82d4-325dc6674eda: start bc31efc5-a10f-49ea-82d4-325dc6674eda@group-3E424BC0E779-FollowerState
2021-12-22 01:09:25,660 [Listener at 127.0.0.1/45789] INFO  ozone.MiniOzoneClusterImpl (MiniOzoneClusterImpl.java:lambda$waitForHddsDatanodesStop$3(389)) - Waiting on 1 datanodes out of 2 to be marked unhealthy.
2021-12-22 01:09:26,660 [Listener at 127.0.0.1/45789] INFO  ozone.MiniOzoneClusterImpl (MiniOzoneClusterImpl.java:lambda$waitForHddsDatanodesStop$3(389)) - Waiting on 1 datanodes out of 2 to be marked unhealthy.
2021-12-22 01:09:27,661 [Listener at 127.0.0.1/45789] INFO  ozone.MiniOzoneClusterImpl (MiniOzoneClusterImpl.java:lambda$waitForHddsDatanodesStop$3(389)) - Waiting on 1 datanodes out of 2 to be marked unhealthy.
2021-12-22 01:09:28,661 [Listener at 127.0.0.1/45789] INFO  ozone.MiniOzoneClusterImpl (MiniOzoneClusterImpl.java:lambda$waitForHddsDatanodesStop$3(389)) - Waiting on 1 datanodes out of 2 to be marked unhealthy.
2021-12-22 01:09:29,662 [Listener at 127.0.0.1/45789] INFO  ozone.MiniOzoneClusterImpl (MiniOzoneClusterImpl.java:lambda$waitForHddsDatanodesStop$3(389)) - Waiting on 1 datanodes out of 2 to be marked unhealthy.
2021-12-22 01:09:30,374 [bc31efc5-a10f-49ea-82d4-325dc6674eda@group-30DFD9EAA064-FollowerState] INFO  impl.FollowerState (FollowerState.java:run(134)) - bc31efc5-a10f-49ea-82d4-325dc6674eda@group-30DFD9EAA064-FollowerState: change to CANDIDATE, lastRpcElapsedTime:5155440324ns, electionTimeout:5150ms
2021-12-22 01:09:30,374 [bc31efc5-a10f-49ea-82d4-325dc6674eda@group-30DFD9EAA064-FollowerState] INFO  impl.RoleInfo (RoleInfo.java:shutdownFollowerState(108)) - bc31efc5-a10f-49ea-82d4-325dc6674eda: shutdown bc31efc5-a10f-49ea-82d4-325dc6674eda@group-30DFD9EAA064-FollowerState
2021-12-22 01:09:30,374 [bc31efc5-a10f-49ea-82d4-325dc6674eda@group-30DFD9EAA064-FollowerState] INFO  server.RaftServer$Division (RaftServerImpl.java:setRole(290)) - bc31efc5-a10f-49ea-82d4-325dc6674eda@group-30DFD9EAA064: changes role from  FOLLOWER to CANDIDATE at term 17 for changeToCandidate
2021-12-22 01:09:30,374 [bc31efc5-a10f-49ea-82d4-325dc6674eda@group-30DFD9EAA064-FollowerState] INFO  server.RaftServerConfigKeys (ConfUtils.java:logGet(44)) - raft.server.leaderelection.pre-vote = false (custom)
2021-12-22 01:09:30,375 [bc31efc5-a10f-49ea-82d4-325dc6674eda@group-30DFD9EAA064-FollowerState] INFO  impl.RoleInfo (RoleInfo.java:updateAndGet(130)) - bc31efc5-a10f-49ea-82d4-325dc6674eda: start bc31efc5-a10f-49ea-82d4-325dc6674eda@group-30DFD9EAA064-LeaderElection39
2021-12-22 01:09:30,392 [bc31efc5-a10f-49ea-82d4-325dc6674eda@group-30DFD9EAA064-LeaderElection39] INFO  impl.LeaderElection (LeaderElection.java:askForVotes(306)) - bc31efc5-a10f-49ea-82d4-325dc6674eda@group-30DFD9EAA064-LeaderElection39 ELECTION round 0: submit vote requests at term 18 for 0: [d1229c05-d9ac-40a7-9199-569f25256273|rpc:10.1.0.16:37951|dataStream:|priority:1, bc31efc5-a10f-49ea-82d4-325dc6674eda|rpc:10.1.0.16:45543|dataStream:|priority:0, a426eecb-3f7b-4bd3-8516-db356bf90be2|rpc:10.1.0.16:36549|dataStream:|priority:0], old=null
2021-12-22 01:09:30,404 [bc31efc5-a10f-49ea-82d4-325dc6674eda@group-30DFD9EAA064-LeaderElection39] INFO  impl.LeaderElection (LogUtils.java:infoOrTrace(137)) - bc31efc5-a10f-49ea-82d4-325dc6674eda@group-30DFD9EAA064-LeaderElection39 got exception when requesting votes: java.util.concurrent.ExecutionException: org.apache.ratis.thirdparty.io.grpc.StatusRuntimeException: UNAVAILABLE: io exception
2021-12-22 01:09:30,404 [bc31efc5-a10f-49ea-82d4-325dc6674eda@group-30DFD9EAA064-LeaderElection39] INFO  impl.LeaderElection (LogUtils.java:infoOrTrace(137)) - bc31efc5-a10f-49ea-82d4-325dc6674eda@group-30DFD9EAA064-LeaderElection39 got exception when requesting votes: java.util.concurrent.ExecutionException: org.apache.ratis.thirdparty.io.grpc.StatusRuntimeException: UNAVAILABLE: io exception
2021-12-22 01:09:30,404 [bc31efc5-a10f-49ea-82d4-325dc6674eda@group-30DFD9EAA064-LeaderElection39] INFO  impl.LeaderElection (LeaderElection.java:logAndReturn(89)) - bc31efc5-a10f-49ea-82d4-325dc6674eda@group-30DFD9EAA064-LeaderElection39: ELECTION REJECTED received 0 response(s) and 2 exception(s):
2021-12-22 01:09:30,404 [bc31efc5-a10f-49ea-82d4-325dc6674eda@group-30DFD9EAA064-LeaderElection39] INFO  impl.LeaderElection (LogUtils.java:infoOrTrace(137)) -   Exception 0: java.util.concurrent.ExecutionException: org.apache.ratis.thirdparty.io.grpc.StatusRuntimeException: UNAVAILABLE: io exception
2021-12-22 01:09:30,404 [bc31efc5-a10f-49ea-82d4-325dc6674eda@group-30DFD9EAA064-LeaderElection39] INFO  impl.LeaderElection (LogUtils.java:infoOrTrace(137)) -   Exception 1: java.util.concurrent.ExecutionException: org.apache.ratis.thirdparty.io.grpc.StatusRuntimeException: UNAVAILABLE: io exception
2021-12-22 01:09:30,404 [bc31efc5-a10f-49ea-82d4-325dc6674eda@group-30DFD9EAA064-LeaderElection39] INFO  impl.LeaderElection (LeaderElection.java:askForVotes(308)) - bc31efc5-a10f-49ea-82d4-325dc6674eda@group-30DFD9EAA064-LeaderElection39 ELECTION round 0: result REJECTED
2021-12-22 01:09:30,404 [bc31efc5-a10f-49ea-82d4-325dc6674eda@group-30DFD9EAA064-LeaderElection39] INFO  server.RaftServer$Division (RaftServerImpl.java:setRole(290)) - bc31efc5-a10f-49ea-82d4-325dc6674eda@group-30DFD9EAA064: changes role from CANDIDATE to FOLLOWER at term 18 for REJECTED
2021-12-22 01:09:30,404 [bc31efc5-a10f-49ea-82d4-325dc6674eda@group-30DFD9EAA064-LeaderElection39] INFO  impl.RoleInfo (RoleInfo.java:shutdownLeaderElection(121)) - bc31efc5-a10f-49ea-82d4-325dc6674eda: shutdown bc31efc5-a10f-49ea-82d4-325dc6674eda@group-30DFD9EAA064-LeaderElection39
2021-12-22 01:09:30,404 [bc31efc5-a10f-49ea-82d4-325dc6674eda@group-30DFD9EAA064-LeaderElection39] INFO  impl.RoleInfo (RoleInfo.java:updateAndGet(130)) - bc31efc5-a10f-49ea-82d4-325dc6674eda: start bc31efc5-a10f-49ea-82d4-325dc6674eda@group-30DFD9EAA064-FollowerState
2021-12-22 01:09:30,654 [bc31efc5-a10f-49ea-82d4-325dc6674eda@group-3E424BC0E779-FollowerState] INFO  impl.FollowerState (FollowerState.java:run(134)) - bc31efc5-a10f-49ea-82d4-325dc6674eda@group-3E424BC0E779-FollowerState: change to CANDIDATE, lastRpcElapsedTime:5116459000ns, electionTimeout:5107ms
2021-12-22 01:09:30,654 [bc31efc5-a10f-49ea-82d4-325dc6674eda@group-3E424BC0E779-FollowerState] INFO  impl.RoleInfo (RoleInfo.java:shutdownFollowerState(108)) - bc31efc5-a10f-49ea-82d4-325dc6674eda: shutdown bc31efc5-a10f-49ea-82d4-325dc6674eda@group-3E424BC0E779-FollowerState
2021-12-22 01:09:30,654 [bc31efc5-a10f-49ea-82d4-325dc6674eda@group-3E424BC0E779-FollowerState] INFO  server.RaftServer$Division (RaftServerImpl.java:setRole(290)) - bc31efc5-a10f-49ea-82d4-325dc6674eda@group-3E424BC0E779: changes role from  FOLLOWER to CANDIDATE at term 15 for changeToCandidate
2021-12-22 01:09:30,654 [bc31efc5-a10f-49ea-82d4-325dc6674eda@group-3E424BC0E779-FollowerState] INFO  server.RaftServerConfigKeys (ConfUtils.java:logGet(44)) - raft.server.leaderelection.pre-vote = false (custom)
2021-12-22 01:09:30,654 [bc31efc5-a10f-49ea-82d4-325dc6674eda@group-3E424BC0E779-FollowerState] INFO  impl.RoleInfo (RoleInfo.java:updateAndGet(130)) - bc31efc5-a10f-49ea-82d4-325dc6674eda: start bc31efc5-a10f-49ea-82d4-325dc6674eda@group-3E424BC0E779-LeaderElection40
2021-12-22 01:09:30,662 [Listener at 127.0.0.1/45789] INFO  ozone.MiniOzoneClusterImpl (MiniOzoneClusterImpl.java:lambda$waitForHddsDatanodesStop$3(389)) - Waiting on 1 datanodes out of 2 to be marked unhealthy.
2021-12-22 01:09:30,662 [bc31efc5-a10f-49ea-82d4-325dc6674eda@group-3E424BC0E779-LeaderElection40] INFO  impl.LeaderElection (LeaderElection.java:askForVotes(306)) - bc31efc5-a10f-49ea-82d4-325dc6674eda@group-3E424BC0E779-LeaderElection40 ELECTION round 0: submit vote requests at term 16 for 0: [bc31efc5-a10f-49ea-82d4-325dc6674eda|rpc:10.1.0.16:45543|dataStream:|priority:1, d1229c05-d9ac-40a7-9199-569f25256273|rpc:10.1.0.16:37951|dataStream:|priority:0, a426eecb-3f7b-4bd3-8516-db356bf90be2|rpc:10.1.0.16:36549|dataStream:|priority:0], old=null
2021-12-22 01:09:30,669 [bc31efc5-a10f-49ea-82d4-325dc6674eda@group-3E424BC0E779-LeaderElection40] INFO  impl.LeaderElection (LogUtils.java:infoOrTrace(137)) - bc31efc5-a10f-49ea-82d4-325dc6674eda@group-3E424BC0E779-LeaderElection40 got exception when requesting votes: java.util.concurrent.ExecutionException: org.apache.ratis.thirdparty.io.grpc.StatusRuntimeException: UNAVAILABLE: io exception
2021-12-22 01:09:30,669 [bc31efc5-a10f-49ea-82d4-325dc6674eda@group-3E424BC0E779-LeaderElection40] INFO  impl.LeaderElection (LogUtils.java:infoOrTrace(137)) - bc31efc5-a10f-49ea-82d4-325dc6674eda@group-3E424BC0E779-LeaderElection40 got exception when requesting votes: java.util.concurrent.ExecutionException: org.apache.ratis.thirdparty.io.grpc.StatusRuntimeException: UNAVAILABLE: io exception
2021-12-22 01:09:30,669 [bc31efc5-a10f-49ea-82d4-325dc6674eda@group-3E424BC0E779-LeaderElection40] INFO  impl.LeaderElection (LeaderElection.java:logAndReturn(89)) - bc31efc5-a10f-49ea-82d4-325dc6674eda@group-3E424BC0E779-LeaderElection40: ELECTION REJECTED received 0 response(s) and 2 exception(s):
2021-12-22 01:09:30,669 [bc31efc5-a10f-49ea-82d4-325dc6674eda@group-3E424BC0E779-LeaderElection40] INFO  impl.LeaderElection (LogUtils.java:infoOrTrace(137)) -   Exception 0: java.util.concurrent.ExecutionException: org.apache.ratis.thirdparty.io.grpc.StatusRuntimeException: UNAVAILABLE: io exception
2021-12-22 01:09:30,669 [bc31efc5-a10f-49ea-82d4-325dc6674eda@group-3E424BC0E779-LeaderElection40] INFO  impl.LeaderElection (LogUtils.java:infoOrTrace(137)) -   Exception 1: java.util.concurrent.ExecutionException: org.apache.ratis.thirdparty.io.grpc.StatusRuntimeException: UNAVAILABLE: io exception
2021-12-22 01:09:30,669 [bc31efc5-a10f-49ea-82d4-325dc6674eda@group-3E424BC0E779-LeaderElection40] INFO  impl.LeaderElection (LeaderElection.java:askForVotes(308)) - bc31efc5-a10f-49ea-82d4-325dc6674eda@group-3E424BC0E779-LeaderElection40 ELECTION round 0: result REJECTED
2021-12-22 01:09:30,669 [bc31efc5-a10f-49ea-82d4-325dc6674eda@group-3E424BC0E779-LeaderElection40] INFO  server.RaftServer$Division (RaftServerImpl.java:setRole(290)) - bc31efc5-a10f-49ea-82d4-325dc6674eda@group-3E424BC0E779: changes role from CANDIDATE to FOLLOWER at term 16 for REJECTED
2021-12-22 01:09:30,669 [bc31efc5-a10f-49ea-82d4-325dc6674eda@group-3E424BC0E779-LeaderElection40] INFO  impl.RoleInfo (RoleInfo.java:shutdownLeaderElection(121)) - bc31efc5-a10f-49ea-82d4-325dc6674eda: shutdown bc31efc5-a10f-49ea-82d4-325dc6674eda@group-3E424BC0E779-LeaderElection40
2021-12-22 01:09:30,670 [bc31efc5-a10f-49ea-82d4-325dc6674eda@group-3E424BC0E779-LeaderElection40] INFO  impl.RoleInfo (RoleInfo.java:updateAndGet(130)) - bc31efc5-a10f-49ea-82d4-325dc6674eda: start bc31efc5-a10f-49ea-82d4-325dc6674eda@group-3E424BC0E779-FollowerState
2021-12-22 01:09:31,662 [Listener at 127.0.0.1/45789] INFO  ozone.MiniOzoneClusterImpl (MiniOzoneClusterImpl.java:lambda$waitForHddsDatanodesStop$3(389)) - Waiting on 1 datanodes out of 2 to be marked unhealthy.
2021-12-22 01:09:32,663 [Listener at 127.0.0.1/45789] INFO  ozone.MiniOzoneClusterImpl (MiniOzoneClusterImpl.java:lambda$waitForHddsDatanodesStop$3(389)) - Waiting on 1 datanodes out of 2 to be marked unhealthy.
2021-12-22 01:09:33,663 [Listener at 127.0.0.1/45789] INFO  ozone.MiniOzoneClusterImpl (MiniOzoneClusterImpl.java:lambda$waitForHddsDatanodesStop$3(389)) - Waiting on 1 datanodes out of 2 to be marked unhealthy.
2021-12-22 01:09:34,664 [Listener at 127.0.0.1/45789] INFO  ozone.MiniOzoneClusterImpl (MiniOzoneClusterImpl.java:lambda$waitForHddsDatanodesStop$3(389)) - Waiting on 1 datanodes out of 2 to be marked unhealthy.
2021-12-22 01:09:35,504 [bc31efc5-a10f-49ea-82d4-325dc6674eda@group-30DFD9EAA064-FollowerState] INFO  impl.FollowerState (FollowerState.java:run(134)) - bc31efc5-a10f-49ea-82d4-325dc6674eda@group-30DFD9EAA064-FollowerState: change to CANDIDATE, lastRpcElapsedTime:5099287365ns, electionTimeout:5096ms
2021-12-22 01:09:35,504 [bc31efc5-a10f-49ea-82d4-325dc6674eda@group-30DFD9EAA064-FollowerState] INFO  impl.RoleInfo (RoleInfo.java:shutdownFollowerState(108)) - bc31efc5-a10f-49ea-82d4-325dc6674eda: shutdown bc31efc5-a10f-49ea-82d4-325dc6674eda@group-30DFD9EAA064-FollowerState
2021-12-22 01:09:35,504 [bc31efc5-a10f-49ea-82d4-325dc6674eda@group-30DFD9EAA064-FollowerState] INFO  server.RaftServer$Division (RaftServerImpl.java:setRole(290)) - bc31efc5-a10f-49ea-82d4-325dc6674eda@group-30DFD9EAA064: changes role from  FOLLOWER to CANDIDATE at term 18 for changeToCandidate
2021-12-22 01:09:35,504 [bc31efc5-a10f-49ea-82d4-325dc6674eda@group-30DFD9EAA064-FollowerState] INFO  server.RaftServerConfigKeys (ConfUtils.java:logGet(44)) - raft.server.leaderelection.pre-vote = false (custom)
2021-12-22 01:09:35,504 [bc31efc5-a10f-49ea-82d4-325dc6674eda@group-30DFD9EAA064-FollowerState] INFO  impl.RoleInfo (RoleInfo.java:updateAndGet(130)) - bc31efc5-a10f-49ea-82d4-325dc6674eda: start bc31efc5-a10f-49ea-82d4-325dc6674eda@group-30DFD9EAA064-LeaderElection41
2021-12-22 01:09:35,524 [bc31efc5-a10f-49ea-82d4-325dc6674eda@group-30DFD9EAA064-LeaderElection41] INFO  impl.LeaderElection (LeaderElection.java:askForVotes(306)) - bc31efc5-a10f-49ea-82d4-325dc6674eda@group-30DFD9EAA064-LeaderElection41 ELECTION round 0: submit vote requests at term 19 for 0: [d1229c05-d9ac-40a7-9199-569f25256273|rpc:10.1.0.16:37951|dataStream:|priority:1, bc31efc5-a10f-49ea-82d4-325dc6674eda|rpc:10.1.0.16:45543|dataStream:|priority:0, a426eecb-3f7b-4bd3-8516-db356bf90be2|rpc:10.1.0.16:36549|dataStream:|priority:0], old=null
2021-12-22 01:09:35,536 [bc31efc5-a10f-49ea-82d4-325dc6674eda@group-30DFD9EAA064-LeaderElection41] INFO  impl.LeaderElection (LogUtils.java:infoOrTrace(137)) - bc31efc5-a10f-49ea-82d4-325dc6674eda@group-30DFD9EAA064-LeaderElection41 got exception when requesting votes: java.util.concurrent.ExecutionException: org.apache.ratis.thirdparty.io.grpc.StatusRuntimeException: UNAVAILABLE: io exception
2021-12-22 01:09:35,536 [bc31efc5-a10f-49ea-82d4-325dc6674eda@group-30DFD9EAA064-LeaderElection41] INFO  impl.LeaderElection (LogUtils.java:infoOrTrace(137)) - bc31efc5-a10f-49ea-82d4-325dc6674eda@group-30DFD9EAA064-LeaderElection41 got exception when requesting votes: java.util.concurrent.ExecutionException: org.apache.ratis.thirdparty.io.grpc.StatusRuntimeException: UNAVAILABLE: io exception
2021-12-22 01:09:35,536 [bc31efc5-a10f-49ea-82d4-325dc6674eda@group-30DFD9EAA064-LeaderElection41] INFO  impl.LeaderElection (LeaderElection.java:logAndReturn(89)) - bc31efc5-a10f-49ea-82d4-325dc6674eda@group-30DFD9EAA064-LeaderElection41: ELECTION REJECTED received 0 response(s) and 2 exception(s):
2021-12-22 01:09:35,536 [bc31efc5-a10f-49ea-82d4-325dc6674eda@group-30DFD9EAA064-LeaderElection41] INFO  impl.LeaderElection (LogUtils.java:infoOrTrace(137)) -   Exception 0: java.util.concurrent.ExecutionException: org.apache.ratis.thirdparty.io.grpc.StatusRuntimeException: UNAVAILABLE: io exception
2021-12-22 01:09:35,536 [bc31efc5-a10f-49ea-82d4-325dc6674eda@group-30DFD9EAA064-LeaderElection41] INFO  impl.LeaderElection (LogUtils.java:infoOrTrace(137)) -   Exception 1: java.util.concurrent.ExecutionException: org.apache.ratis.thirdparty.io.grpc.StatusRuntimeException: UNAVAILABLE: io exception
2021-12-22 01:09:35,536 [bc31efc5-a10f-49ea-82d4-325dc6674eda@group-30DFD9EAA064-LeaderElection41] INFO  impl.LeaderElection (LeaderElection.java:askForVotes(308)) - bc31efc5-a10f-49ea-82d4-325dc6674eda@group-30DFD9EAA064-LeaderElection41 ELECTION round 0: result REJECTED
2021-12-22 01:09:35,536 [bc31efc5-a10f-49ea-82d4-325dc6674eda@group-30DFD9EAA064-LeaderElection41] INFO  server.RaftServer$Division (RaftServerImpl.java:setRole(290)) - bc31efc5-a10f-49ea-82d4-325dc6674eda@group-30DFD9EAA064: changes role from CANDIDATE to FOLLOWER at term 19 for REJECTED
2021-12-22 01:09:35,536 [bc31efc5-a10f-49ea-82d4-325dc6674eda@group-30DFD9EAA064-LeaderElection41] INFO  impl.RoleInfo (RoleInfo.java:shutdownLeaderElection(121)) - bc31efc5-a10f-49ea-82d4-325dc6674eda: shutdown bc31efc5-a10f-49ea-82d4-325dc6674eda@group-30DFD9EAA064-LeaderElection41
2021-12-22 01:09:35,536 [bc31efc5-a10f-49ea-82d4-325dc6674eda@group-30DFD9EAA064-LeaderElection41] INFO  impl.RoleInfo (RoleInfo.java:updateAndGet(130)) - bc31efc5-a10f-49ea-82d4-325dc6674eda: start bc31efc5-a10f-49ea-82d4-325dc6674eda@group-30DFD9EAA064-FollowerState
2021-12-22 01:09:35,664 [Listener at 127.0.0.1/45789] INFO  ozone.MiniOzoneClusterImpl (MiniOzoneClusterImpl.java:lambda$waitForHddsDatanodesStop$3(389)) - Waiting on 1 datanodes out of 2 to be marked unhealthy.
2021-12-22 01:09:35,786 [bc31efc5-a10f-49ea-82d4-325dc6674eda@group-3E424BC0E779-FollowerState] INFO  impl.FollowerState (FollowerState.java:run(134)) - bc31efc5-a10f-49ea-82d4-325dc6674eda@group-3E424BC0E779-FollowerState: change to CANDIDATE, lastRpcElapsedTime:5116126909ns, electionTimeout:5102ms
2021-12-22 01:09:35,786 [bc31efc5-a10f-49ea-82d4-325dc6674eda@group-3E424BC0E779-FollowerState] INFO  impl.RoleInfo (RoleInfo.java:shutdownFollowerState(108)) - bc31efc5-a10f-49ea-82d4-325dc6674eda: shutdown bc31efc5-a10f-49ea-82d4-325dc6674eda@group-3E424BC0E779-FollowerState
2021-12-22 01:09:35,786 [bc31efc5-a10f-49ea-82d4-325dc6674eda@group-3E424BC0E779-FollowerState] INFO  server.RaftServer$Division (RaftServerImpl.java:setRole(290)) - bc31efc5-a10f-49ea-82d4-325dc6674eda@group-3E424BC0E779: changes role from  FOLLOWER to CANDIDATE at term 16 for changeToCandidate
2021-12-22 01:09:35,786 [bc31efc5-a10f-49ea-82d4-325dc6674eda@group-3E424BC0E779-FollowerState] INFO  server.RaftServerConfigKeys (ConfUtils.java:logGet(44)) - raft.server.leaderelection.pre-vote = false (custom)
2021-12-22 01:09:35,786 [bc31efc5-a10f-49ea-82d4-325dc6674eda@group-3E424BC0E779-FollowerState] INFO  impl.RoleInfo (RoleInfo.java:updateAndGet(130)) - bc31efc5-a10f-49ea-82d4-325dc6674eda: start bc31efc5-a10f-49ea-82d4-325dc6674eda@group-3E424BC0E779-LeaderElection42
2021-12-22 01:09:35,798 [bc31efc5-a10f-49ea-82d4-325dc6674eda@group-3E424BC0E779-LeaderElection42] INFO  impl.LeaderElection (LeaderElection.java:askForVotes(306)) - bc31efc5-a10f-49ea-82d4-325dc6674eda@group-3E424BC0E779-LeaderElection42 ELECTION round 0: submit vote requests at term 17 for 0: [bc31efc5-a10f-49ea-82d4-325dc6674eda|rpc:10.1.0.16:45543|dataStream:|priority:1, d1229c05-d9ac-40a7-9199-569f25256273|rpc:10.1.0.16:37951|dataStream:|priority:0, a426eecb-3f7b-4bd3-8516-db356bf90be2|rpc:10.1.0.16:36549|dataStream:|priority:0], old=null
2021-12-22 01:09:35,801 [bc31efc5-a10f-49ea-82d4-325dc6674eda@group-3E424BC0E779-LeaderElection42] INFO  impl.LeaderElection (LogUtils.java:infoOrTrace(137)) - bc31efc5-a10f-49ea-82d4-325dc6674eda@group-3E424BC0E779-LeaderElection42 got exception when requesting votes: java.util.concurrent.ExecutionException: org.apache.ratis.thirdparty.io.grpc.StatusRuntimeException: UNAVAILABLE: io exception
2021-12-22 01:09:35,802 [bc31efc5-a10f-49ea-82d4-325dc6674eda@group-3E424BC0E779-LeaderElection42] INFO  impl.LeaderElection (LogUtils.java:infoOrTrace(137)) - bc31efc5-a10f-49ea-82d4-325dc6674eda@group-3E424BC0E779-LeaderElection42 got exception when requesting votes: java.util.concurrent.ExecutionException: org.apache.ratis.thirdparty.io.grpc.StatusRuntimeException: UNAVAILABLE: io exception
2021-12-22 01:09:35,802 [bc31efc5-a10f-49ea-82d4-325dc6674eda@group-3E424BC0E779-LeaderElection42] INFO  impl.LeaderElection (LeaderElection.java:logAndReturn(89)) - bc31efc5-a10f-49ea-82d4-325dc6674eda@group-3E424BC0E779-LeaderElection42: ELECTION REJECTED received 0 response(s) and 2 exception(s):
2021-12-22 01:09:35,802 [bc31efc5-a10f-49ea-82d4-325dc6674eda@group-3E424BC0E779-LeaderElection42] INFO  impl.LeaderElection (LogUtils.java:infoOrTrace(137)) -   Exception 0: java.util.concurrent.ExecutionException: org.apache.ratis.thirdparty.io.grpc.StatusRuntimeException: UNAVAILABLE: io exception
2021-12-22 01:09:35,802 [bc31efc5-a10f-49ea-82d4-325dc6674eda@group-3E424BC0E779-LeaderElection42] INFO  impl.LeaderElection (LogUtils.java:infoOrTrace(137)) -   Exception 1: java.util.concurrent.ExecutionException: org.apache.ratis.thirdparty.io.grpc.StatusRuntimeException: UNAVAILABLE: io exception
2021-12-22 01:09:35,802 [bc31efc5-a10f-49ea-82d4-325dc6674eda@group-3E424BC0E779-LeaderElection42] INFO  impl.LeaderElection (LeaderElection.java:askForVotes(308)) - bc31efc5-a10f-49ea-82d4-325dc6674eda@group-3E424BC0E779-LeaderElection42 ELECTION round 0: result REJECTED
2021-12-22 01:09:35,802 [bc31efc5-a10f-49ea-82d4-325dc6674eda@group-3E424BC0E779-LeaderElection42] INFO  server.RaftServer$Division (RaftServerImpl.java:setRole(290)) - bc31efc5-a10f-49ea-82d4-325dc6674eda@group-3E424BC0E779: changes role from CANDIDATE to FOLLOWER at term 17 for REJECTED
2021-12-22 01:09:35,802 [bc31efc5-a10f-49ea-82d4-325dc6674eda@group-3E424BC0E779-LeaderElection42] INFO  impl.RoleInfo (RoleInfo.java:shutdownLeaderElection(121)) - bc31efc5-a10f-49ea-82d4-325dc6674eda: shutdown bc31efc5-a10f-49ea-82d4-325dc6674eda@group-3E424BC0E779-LeaderElection42
2021-12-22 01:09:35,802 [bc31efc5-a10f-49ea-82d4-325dc6674eda@group-3E424BC0E779-LeaderElection42] INFO  impl.RoleInfo (RoleInfo.java:updateAndGet(130)) - bc31efc5-a10f-49ea-82d4-325dc6674eda: start bc31efc5-a10f-49ea-82d4-325dc6674eda@group-3E424BC0E779-FollowerState
2021-12-22 01:09:36,665 [Listener at 127.0.0.1/45789] INFO  ozone.MiniOzoneClusterImpl (MiniOzoneClusterImpl.java:lambda$waitForHddsDatanodesStop$3(389)) - Waiting on 1 datanodes out of 2 to be marked unhealthy.
2021-12-22 01:09:37,665 [Listener at 127.0.0.1/45789] INFO  ozone.MiniOzoneClusterImpl (MiniOzoneClusterImpl.java:lambda$waitForHddsDatanodesStop$3(389)) - Waiting on 1 datanodes out of 2 to be marked unhealthy.
2021-12-22 01:09:38,666 [Listener at 127.0.0.1/45789] INFO  ozone.MiniOzoneClusterImpl (MiniOzoneClusterImpl.java:lambda$waitForHddsDatanodesStop$3(389)) - Waiting on 1 datanodes out of 2 to be marked unhealthy.
2021-12-22 01:09:39,666 [Listener at 127.0.0.1/45789] INFO  ozone.MiniOzoneClusterImpl (MiniOzoneClusterImpl.java:lambda$waitForHddsDatanodesStop$3(389)) - Waiting on 1 datanodes out of 2 to be marked unhealthy.
2021-12-22 01:09:40,641 [bc31efc5-a10f-49ea-82d4-325dc6674eda@group-30DFD9EAA064-FollowerState] INFO  impl.FollowerState (FollowerState.java:run(134)) - bc31efc5-a10f-49ea-82d4-325dc6674eda@group-30DFD9EAA064-FollowerState: change to CANDIDATE, lastRpcElapsedTime:5104599115ns, electionTimeout:5103ms
2021-12-22 01:09:40,641 [bc31efc5-a10f-49ea-82d4-325dc6674eda@group-30DFD9EAA064-FollowerState] INFO  impl.RoleInfo (RoleInfo.java:shutdownFollowerState(108)) - bc31efc5-a10f-49ea-82d4-325dc6674eda: shutdown bc31efc5-a10f-49ea-82d4-325dc6674eda@group-30DFD9EAA064-FollowerState
2021-12-22 01:09:40,641 [bc31efc5-a10f-49ea-82d4-325dc6674eda@group-30DFD9EAA064-FollowerState] INFO  server.RaftServer$Division (RaftServerImpl.java:setRole(290)) - bc31efc5-a10f-49ea-82d4-325dc6674eda@group-30DFD9EAA064: changes role from  FOLLOWER to CANDIDATE at term 19 for changeToCandidate
2021-12-22 01:09:40,641 [bc31efc5-a10f-49ea-82d4-325dc6674eda@group-30DFD9EAA064-FollowerState] INFO  server.RaftServerConfigKeys (ConfUtils.java:logGet(44)) - raft.server.leaderelection.pre-vote = false (custom)
2021-12-22 01:09:40,641 [bc31efc5-a10f-49ea-82d4-325dc6674eda@group-30DFD9EAA064-FollowerState] INFO  impl.RoleInfo (RoleInfo.java:updateAndGet(130)) - bc31efc5-a10f-49ea-82d4-325dc6674eda: start bc31efc5-a10f-49ea-82d4-325dc6674eda@group-30DFD9EAA064-LeaderElection43
2021-12-22 01:09:40,655 [bc31efc5-a10f-49ea-82d4-325dc6674eda@group-30DFD9EAA064-LeaderElection43] INFO  impl.LeaderElection (LeaderElection.java:askForVotes(306)) - bc31efc5-a10f-49ea-82d4-325dc6674eda@group-30DFD9EAA064-LeaderElection43 ELECTION round 0: submit vote requests at term 20 for 0: [d1229c05-d9ac-40a7-9199-569f25256273|rpc:10.1.0.16:37951|dataStream:|priority:1, bc31efc5-a10f-49ea-82d4-325dc6674eda|rpc:10.1.0.16:45543|dataStream:|priority:0, a426eecb-3f7b-4bd3-8516-db356bf90be2|rpc:10.1.0.16:36549|dataStream:|priority:0], old=null
2021-12-22 01:09:40,663 [bc31efc5-a10f-49ea-82d4-325dc6674eda@group-30DFD9EAA064-LeaderElection43] INFO  impl.LeaderElection (LogUtils.java:infoOrTrace(137)) - bc31efc5-a10f-49ea-82d4-325dc6674eda@group-30DFD9EAA064-LeaderElection43 got exception when requesting votes: java.util.concurrent.ExecutionException: org.apache.ratis.thirdparty.io.grpc.StatusRuntimeException: UNAVAILABLE: io exception
2021-12-22 01:09:40,663 [bc31efc5-a10f-49ea-82d4-325dc6674eda@group-30DFD9EAA064-LeaderElection43] INFO  impl.LeaderElection (LogUtils.java:infoOrTrace(137)) - bc31efc5-a10f-49ea-82d4-325dc6674eda@group-30DFD9EAA064-LeaderElection43 got exception when requesting votes: java.util.concurrent.ExecutionException: org.apache.ratis.thirdparty.io.grpc.StatusRuntimeException: UNAVAILABLE: io exception
2021-12-22 01:09:40,664 [bc31efc5-a10f-49ea-82d4-325dc6674eda@group-30DFD9EAA064-LeaderElection43] INFO  impl.LeaderElection (LeaderElection.java:logAndReturn(89)) - bc31efc5-a10f-49ea-82d4-325dc6674eda@group-30DFD9EAA064-LeaderElection43: ELECTION REJECTED received 0 response(s) and 2 exception(s):
2021-12-22 01:09:40,664 [bc31efc5-a10f-49ea-82d4-325dc6674eda@group-30DFD9EAA064-LeaderElection43] INFO  impl.LeaderElection (LogUtils.java:infoOrTrace(137)) -   Exception 0: java.util.concurrent.ExecutionException: org.apache.ratis.thirdparty.io.grpc.StatusRuntimeException: UNAVAILABLE: io exception
2021-12-22 01:09:40,664 [bc31efc5-a10f-49ea-82d4-325dc6674eda@group-30DFD9EAA064-LeaderElection43] INFO  impl.LeaderElection (LogUtils.java:infoOrTrace(137)) -   Exception 1: java.util.concurrent.ExecutionException: org.apache.ratis.thirdparty.io.grpc.StatusRuntimeException: UNAVAILABLE: io exception
2021-12-22 01:09:40,664 [bc31efc5-a10f-49ea-82d4-325dc6674eda@group-30DFD9EAA064-LeaderElection43] INFO  impl.LeaderElection (LeaderElection.java:askForVotes(308)) - bc31efc5-a10f-49ea-82d4-325dc6674eda@group-30DFD9EAA064-LeaderElection43 ELECTION round 0: result REJECTED
2021-12-22 01:09:40,664 [bc31efc5-a10f-49ea-82d4-325dc6674eda@group-30DFD9EAA064-LeaderElection43] INFO  server.RaftServer$Division (RaftServerImpl.java:setRole(290)) - bc31efc5-a10f-49ea-82d4-325dc6674eda@group-30DFD9EAA064: changes role from CANDIDATE to FOLLOWER at term 20 for REJECTED
2021-12-22 01:09:40,664 [bc31efc5-a10f-49ea-82d4-325dc6674eda@group-30DFD9EAA064-LeaderElection43] INFO  impl.RoleInfo (RoleInfo.java:shutdownLeaderElection(121)) - bc31efc5-a10f-49ea-82d4-325dc6674eda: shutdown bc31efc5-a10f-49ea-82d4-325dc6674eda@group-30DFD9EAA064-LeaderElection43
2021-12-22 01:09:40,664 [bc31efc5-a10f-49ea-82d4-325dc6674eda@group-30DFD9EAA064-LeaderElection43] INFO  impl.RoleInfo (RoleInfo.java:updateAndGet(130)) - bc31efc5-a10f-49ea-82d4-325dc6674eda: start bc31efc5-a10f-49ea-82d4-325dc6674eda@group-30DFD9EAA064-FollowerState
2021-12-22 01:09:40,666 [Listener at 127.0.0.1/45789] INFO  ozone.MiniOzoneClusterImpl (MiniOzoneClusterImpl.java:lambda$waitForHddsDatanodesStop$3(389)) - Waiting on 1 datanodes out of 2 to be marked unhealthy.
2021-12-22 01:09:40,973 [bc31efc5-a10f-49ea-82d4-325dc6674eda@group-3E424BC0E779-FollowerState] INFO  impl.FollowerState (FollowerState.java:run(134)) - bc31efc5-a10f-49ea-82d4-325dc6674eda@group-3E424BC0E779-FollowerState: change to CANDIDATE, lastRpcElapsedTime:5171574280ns, electionTimeout:5165ms
2021-12-22 01:09:40,974 [bc31efc5-a10f-49ea-82d4-325dc6674eda@group-3E424BC0E779-FollowerState] INFO  impl.RoleInfo (RoleInfo.java:shutdownFollowerState(108)) - bc31efc5-a10f-49ea-82d4-325dc6674eda: shutdown bc31efc5-a10f-49ea-82d4-325dc6674eda@group-3E424BC0E779-FollowerState
2021-12-22 01:09:40,974 [bc31efc5-a10f-49ea-82d4-325dc6674eda@group-3E424BC0E779-FollowerState] INFO  server.RaftServer$Division (RaftServerImpl.java:setRole(290)) - bc31efc5-a10f-49ea-82d4-325dc6674eda@group-3E424BC0E779: changes role from  FOLLOWER to CANDIDATE at term 17 for changeToCandidate
2021-12-22 01:09:40,974 [bc31efc5-a10f-49ea-82d4-325dc6674eda@group-3E424BC0E779-FollowerState] INFO  server.RaftServerConfigKeys (ConfUtils.java:logGet(44)) - raft.server.leaderelection.pre-vote = false (custom)
2021-12-22 01:09:40,974 [bc31efc5-a10f-49ea-82d4-325dc6674eda@group-3E424BC0E779-FollowerState] INFO  impl.RoleInfo (RoleInfo.java:updateAndGet(130)) - bc31efc5-a10f-49ea-82d4-325dc6674eda: start bc31efc5-a10f-49ea-82d4-325dc6674eda@group-3E424BC0E779-LeaderElection44
2021-12-22 01:09:40,990 [bc31efc5-a10f-49ea-82d4-325dc6674eda@group-3E424BC0E779-LeaderElection44] INFO  impl.LeaderElection (LeaderElection.java:askForVotes(306)) - bc31efc5-a10f-49ea-82d4-325dc6674eda@group-3E424BC0E779-LeaderElection44 ELECTION round 0: submit vote requests at term 18 for 0: [bc31efc5-a10f-49ea-82d4-325dc6674eda|rpc:10.1.0.16:45543|dataStream:|priority:1, d1229c05-d9ac-40a7-9199-569f25256273|rpc:10.1.0.16:37951|dataStream:|priority:0, a426eecb-3f7b-4bd3-8516-db356bf90be2|rpc:10.1.0.16:36549|dataStream:|priority:0], old=null
2021-12-22 01:09:40,999 [bc31efc5-a10f-49ea-82d4-325dc6674eda@group-3E424BC0E779-LeaderElection44] INFO  impl.LeaderElection (LogUtils.java:infoOrTrace(137)) - bc31efc5-a10f-49ea-82d4-325dc6674eda@group-3E424BC0E779-LeaderElection44 got exception when requesting votes: java.util.concurrent.ExecutionException: org.apache.ratis.thirdparty.io.grpc.StatusRuntimeException: UNAVAILABLE: io exception
2021-12-22 01:09:40,999 [bc31efc5-a10f-49ea-82d4-325dc6674eda@group-3E424BC0E779-LeaderElection44] INFO  impl.LeaderElection (LogUtils.java:infoOrTrace(137)) - bc31efc5-a10f-49ea-82d4-325dc6674eda@group-3E424BC0E779-LeaderElection44 got exception when requesting votes: java.util.concurrent.ExecutionException: org.apache.ratis.thirdparty.io.grpc.StatusRuntimeException: UNAVAILABLE: io exception
2021-12-22 01:09:40,999 [bc31efc5-a10f-49ea-82d4-325dc6674eda@group-3E424BC0E779-LeaderElection44] INFO  impl.LeaderElection (LeaderElection.java:logAndReturn(89)) - bc31efc5-a10f-49ea-82d4-325dc6674eda@group-3E424BC0E779-LeaderElection44: ELECTION REJECTED received 0 response(s) and 2 exception(s):
2021-12-22 01:09:40,999 [bc31efc5-a10f-49ea-82d4-325dc6674eda@group-3E424BC0E779-LeaderElection44] INFO  impl.LeaderElection (LogUtils.java:infoOrTrace(137)) -   Exception 0: java.util.concurrent.ExecutionException: org.apache.ratis.thirdparty.io.grpc.StatusRuntimeException: UNAVAILABLE: io exception
2021-12-22 01:09:40,999 [bc31efc5-a10f-49ea-82d4-325dc6674eda@group-3E424BC0E779-LeaderElection44] INFO  impl.LeaderElection (LogUtils.java:infoOrTrace(137)) -   Exception 1: java.util.concurrent.ExecutionException: org.apache.ratis.thirdparty.io.grpc.StatusRuntimeException: UNAVAILABLE: io exception
2021-12-22 01:09:40,999 [bc31efc5-a10f-49ea-82d4-325dc6674eda@group-3E424BC0E779-LeaderElection44] INFO  impl.LeaderElection (LeaderElection.java:askForVotes(308)) - bc31efc5-a10f-49ea-82d4-325dc6674eda@group-3E424BC0E779-LeaderElection44 ELECTION round 0: result REJECTED
2021-12-22 01:09:40,999 [bc31efc5-a10f-49ea-82d4-325dc6674eda@group-3E424BC0E779-LeaderElection44] INFO  server.RaftServer$Division (RaftServerImpl.java:setRole(290)) - bc31efc5-a10f-49ea-82d4-325dc6674eda@group-3E424BC0E779: changes role from CANDIDATE to FOLLOWER at term 18 for REJECTED
2021-12-22 01:09:41,000 [bc31efc5-a10f-49ea-82d4-325dc6674eda@group-3E424BC0E779-LeaderElection44] INFO  impl.RoleInfo (RoleInfo.java:shutdownLeaderElection(121)) - bc31efc5-a10f-49ea-82d4-325dc6674eda: shutdown bc31efc5-a10f-49ea-82d4-325dc6674eda@group-3E424BC0E779-LeaderElection44
2021-12-22 01:09:41,000 [bc31efc5-a10f-49ea-82d4-325dc6674eda@group-3E424BC0E779-LeaderElection44] INFO  impl.RoleInfo (RoleInfo.java:updateAndGet(130)) - bc31efc5-a10f-49ea-82d4-325dc6674eda: start bc31efc5-a10f-49ea-82d4-325dc6674eda@group-3E424BC0E779-FollowerState
2021-12-22 01:09:41,667 [Listener at 127.0.0.1/45789] INFO  ozone.MiniOzoneClusterImpl (MiniOzoneClusterImpl.java:lambda$waitForHddsDatanodesStop$3(389)) - Waiting on 1 datanodes out of 2 to be marked unhealthy.
2021-12-22 01:09:42,667 [Listener at 127.0.0.1/45789] INFO  ozone.MiniOzoneClusterImpl (MiniOzoneClusterImpl.java:lambda$waitForHddsDatanodesStop$3(389)) - Waiting on 1 datanodes out of 2 to be marked unhealthy.
2021-12-22 01:09:43,668 [Listener at 127.0.0.1/45789] INFO  ozone.MiniOzoneClusterImpl (MiniOzoneClusterImpl.java:lambda$waitForHddsDatanodesStop$3(389)) - Waiting on 1 datanodes out of 2 to be marked unhealthy.
2021-12-22 01:09:44,668 [Listener at 127.0.0.1/45789] INFO  ozone.MiniOzoneClusterImpl (MiniOzoneClusterImpl.java:lambda$waitForHddsDatanodesStop$3(389)) - Waiting on 1 datanodes out of 2 to be marked unhealthy.
2021-12-22 01:09:45,669 [Listener at 127.0.0.1/45789] INFO  ozone.MiniOzoneClusterImpl (MiniOzoneClusterImpl.java:lambda$waitForHddsDatanodesStop$3(389)) - Waiting on 1 datanodes out of 2 to be marked unhealthy.
2021-12-22 01:09:45,677 [bc31efc5-a10f-49ea-82d4-325dc6674eda@group-30DFD9EAA064-FollowerState] INFO  impl.FollowerState (FollowerState.java:run(134)) - bc31efc5-a10f-49ea-82d4-325dc6674eda@group-30DFD9EAA064-FollowerState: change to CANDIDATE, lastRpcElapsedTime:5012946422ns, electionTimeout:5006ms
2021-12-22 01:09:45,677 [bc31efc5-a10f-49ea-82d4-325dc6674eda@group-30DFD9EAA064-FollowerState] INFO  impl.RoleInfo (RoleInfo.java:shutdownFollowerState(108)) - bc31efc5-a10f-49ea-82d4-325dc6674eda: shutdown bc31efc5-a10f-49ea-82d4-325dc6674eda@group-30DFD9EAA064-FollowerState
2021-12-22 01:09:45,677 [bc31efc5-a10f-49ea-82d4-325dc6674eda@group-30DFD9EAA064-FollowerState] INFO  server.RaftServer$Division (RaftServerImpl.java:setRole(290)) - bc31efc5-a10f-49ea-82d4-325dc6674eda@group-30DFD9EAA064: changes role from  FOLLOWER to CANDIDATE at term 20 for changeToCandidate
2021-12-22 01:09:45,677 [bc31efc5-a10f-49ea-82d4-325dc6674eda@group-30DFD9EAA064-FollowerState] INFO  server.RaftServerConfigKeys (ConfUtils.java:logGet(44)) - raft.server.leaderelection.pre-vote = false (custom)
2021-12-22 01:09:45,677 [bc31efc5-a10f-49ea-82d4-325dc6674eda@group-30DFD9EAA064-FollowerState] INFO  impl.RoleInfo (RoleInfo.java:updateAndGet(130)) - bc31efc5-a10f-49ea-82d4-325dc6674eda: start bc31efc5-a10f-49ea-82d4-325dc6674eda@group-30DFD9EAA064-LeaderElection45
2021-12-22 01:09:45,710 [bc31efc5-a10f-49ea-82d4-325dc6674eda@group-30DFD9EAA064-LeaderElection45] INFO  impl.LeaderElection (LeaderElection.java:askForVotes(306)) - bc31efc5-a10f-49ea-82d4-325dc6674eda@group-30DFD9EAA064-LeaderElection45 ELECTION round 0: submit vote requests at term 21 for 0: [d1229c05-d9ac-40a7-9199-569f25256273|rpc:10.1.0.16:37951|dataStream:|priority:1, bc31efc5-a10f-49ea-82d4-325dc6674eda|rpc:10.1.0.16:45543|dataStream:|priority:0, a426eecb-3f7b-4bd3-8516-db356bf90be2|rpc:10.1.0.16:36549|dataStream:|priority:0], old=null
2021-12-22 01:09:45,716 [bc31efc5-a10f-49ea-82d4-325dc6674eda@group-30DFD9EAA064-LeaderElection45] INFO  impl.LeaderElection (LogUtils.java:infoOrTrace(137)) - bc31efc5-a10f-49ea-82d4-325dc6674eda@group-30DFD9EAA064-LeaderElection45 got exception when requesting votes: java.util.concurrent.ExecutionException: org.apache.ratis.thirdparty.io.grpc.StatusRuntimeException: UNAVAILABLE: io exception
2021-12-22 01:09:45,717 [bc31efc5-a10f-49ea-82d4-325dc6674eda@group-30DFD9EAA064-LeaderElection45] INFO  impl.LeaderElection (LogUtils.java:infoOrTrace(137)) - bc31efc5-a10f-49ea-82d4-325dc6674eda@group-30DFD9EAA064-LeaderElection45 got exception when requesting votes: java.util.concurrent.ExecutionException: org.apache.ratis.thirdparty.io.grpc.StatusRuntimeException: UNAVAILABLE: io exception
2021-12-22 01:09:45,717 [bc31efc5-a10f-49ea-82d4-325dc6674eda@group-30DFD9EAA064-LeaderElection45] INFO  impl.LeaderElection (LeaderElection.java:logAndReturn(89)) - bc31efc5-a10f-49ea-82d4-325dc6674eda@group-30DFD9EAA064-LeaderElection45: ELECTION REJECTED received 0 response(s) and 2 exception(s):
2021-12-22 01:09:45,717 [bc31efc5-a10f-49ea-82d4-325dc6674eda@group-30DFD9EAA064-LeaderElection45] INFO  impl.LeaderElection (LogUtils.java:infoOrTrace(137)) -   Exception 0: java.util.concurrent.ExecutionException: org.apache.ratis.thirdparty.io.grpc.StatusRuntimeException: UNAVAILABLE: io exception
2021-12-22 01:09:45,717 [bc31efc5-a10f-49ea-82d4-325dc6674eda@group-30DFD9EAA064-LeaderElection45] INFO  impl.LeaderElection (LogUtils.java:infoOrTrace(137)) -   Exception 1: java.util.concurrent.ExecutionException: org.apache.ratis.thirdparty.io.grpc.StatusRuntimeException: UNAVAILABLE: io exception
2021-12-22 01:09:45,717 [bc31efc5-a10f-49ea-82d4-325dc6674eda@group-30DFD9EAA064-LeaderElection45] INFO  impl.LeaderElection (LeaderElection.java:askForVotes(308)) - bc31efc5-a10f-49ea-82d4-325dc6674eda@group-30DFD9EAA064-LeaderElection45 ELECTION round 0: result REJECTED
2021-12-22 01:09:45,717 [bc31efc5-a10f-49ea-82d4-325dc6674eda@group-30DFD9EAA064-LeaderElection45] INFO  server.RaftServer$Division (RaftServerImpl.java:setRole(290)) - bc31efc5-a10f-49ea-82d4-325dc6674eda@group-30DFD9EAA064: changes role from CANDIDATE to FOLLOWER at term 21 for REJECTED
2021-12-22 01:09:45,717 [bc31efc5-a10f-49ea-82d4-325dc6674eda@group-30DFD9EAA064-LeaderElection45] INFO  impl.RoleInfo (RoleInfo.java:shutdownLeaderElection(121)) - bc31efc5-a10f-49ea-82d4-325dc6674eda: shutdown bc31efc5-a10f-49ea-82d4-325dc6674eda@group-30DFD9EAA064-LeaderElection45
2021-12-22 01:09:45,717 [bc31efc5-a10f-49ea-82d4-325dc6674eda@group-30DFD9EAA064-LeaderElection45] INFO  impl.RoleInfo (RoleInfo.java:updateAndGet(130)) - bc31efc5-a10f-49ea-82d4-325dc6674eda: start bc31efc5-a10f-49ea-82d4-325dc6674eda@group-30DFD9EAA064-FollowerState
2021-12-22 01:09:46,130 [bc31efc5-a10f-49ea-82d4-325dc6674eda@group-3E424BC0E779-FollowerState] INFO  impl.FollowerState (FollowerState.java:run(134)) - bc31efc5-a10f-49ea-82d4-325dc6674eda@group-3E424BC0E779-FollowerState: change to CANDIDATE, lastRpcElapsedTime:5130876800ns, electionTimeout:5127ms
2021-12-22 01:09:46,131 [bc31efc5-a10f-49ea-82d4-325dc6674eda@group-3E424BC0E779-FollowerState] INFO  impl.RoleInfo (RoleInfo.java:shutdownFollowerState(108)) - bc31efc5-a10f-49ea-82d4-325dc6674eda: shutdown bc31efc5-a10f-49ea-82d4-325dc6674eda@group-3E424BC0E779-FollowerState
2021-12-22 01:09:46,131 [bc31efc5-a10f-49ea-82d4-325dc6674eda@group-3E424BC0E779-FollowerState] INFO  server.RaftServer$Division (RaftServerImpl.java:setRole(290)) - bc31efc5-a10f-49ea-82d4-325dc6674eda@group-3E424BC0E779: changes role from  FOLLOWER to CANDIDATE at term 18 for changeToCandidate
2021-12-22 01:09:46,131 [bc31efc5-a10f-49ea-82d4-325dc6674eda@group-3E424BC0E779-FollowerState] INFO  server.RaftServerConfigKeys (ConfUtils.java:logGet(44)) - raft.server.leaderelection.pre-vote = false (custom)
2021-12-22 01:09:46,131 [bc31efc5-a10f-49ea-82d4-325dc6674eda@group-3E424BC0E779-FollowerState] INFO  impl.RoleInfo (RoleInfo.java:updateAndGet(130)) - bc31efc5-a10f-49ea-82d4-325dc6674eda: start bc31efc5-a10f-49ea-82d4-325dc6674eda@group-3E424BC0E779-LeaderElection46
2021-12-22 01:09:46,145 [bc31efc5-a10f-49ea-82d4-325dc6674eda@group-3E424BC0E779-LeaderElection46] INFO  impl.LeaderElection (LeaderElection.java:askForVotes(306)) - bc31efc5-a10f-49ea-82d4-325dc6674eda@group-3E424BC0E779-LeaderElection46 ELECTION round 0: submit vote requests at term 19 for 0: [bc31efc5-a10f-49ea-82d4-325dc6674eda|rpc:10.1.0.16:45543|dataStream:|priority:1, d1229c05-d9ac-40a7-9199-569f25256273|rpc:10.1.0.16:37951|dataStream:|priority:0, a426eecb-3f7b-4bd3-8516-db356bf90be2|rpc:10.1.0.16:36549|dataStream:|priority:0], old=null
2021-12-22 01:09:46,157 [bc31efc5-a10f-49ea-82d4-325dc6674eda@group-3E424BC0E779-LeaderElection46] INFO  impl.LeaderElection (LogUtils.java:infoOrTrace(137)) - bc31efc5-a10f-49ea-82d4-325dc6674eda@group-3E424BC0E779-LeaderElection46 got exception when requesting votes: java.util.concurrent.ExecutionException: org.apache.ratis.thirdparty.io.grpc.StatusRuntimeException: UNAVAILABLE: io exception
2021-12-22 01:09:46,158 [bc31efc5-a10f-49ea-82d4-325dc6674eda@group-3E424BC0E779-LeaderElection46] INFO  impl.LeaderElection (LogUtils.java:infoOrTrace(137)) - bc31efc5-a10f-49ea-82d4-325dc6674eda@group-3E424BC0E779-LeaderElection46 got exception when requesting votes: java.util.concurrent.ExecutionException: org.apache.ratis.thirdparty.io.grpc.StatusRuntimeException: UNAVAILABLE: io exception
2021-12-22 01:09:46,158 [bc31efc5-a10f-49ea-82d4-325dc6674eda@group-3E424BC0E779-LeaderElection46] INFO  impl.LeaderElection (LeaderElection.java:logAndReturn(89)) - bc31efc5-a10f-49ea-82d4-325dc6674eda@group-3E424BC0E779-LeaderElection46: ELECTION REJECTED received 0 response(s) and 2 exception(s):
2021-12-22 01:09:46,158 [bc31efc5-a10f-49ea-82d4-325dc6674eda@group-3E424BC0E779-LeaderElection46] INFO  impl.LeaderElection (LogUtils.java:infoOrTrace(137)) -   Exception 0: java.util.concurrent.ExecutionException: org.apache.ratis.thirdparty.io.grpc.StatusRuntimeException: UNAVAILABLE: io exception
2021-12-22 01:09:46,158 [bc31efc5-a10f-49ea-82d4-325dc6674eda@group-3E424BC0E779-LeaderElection46] INFO  impl.LeaderElection (LogUtils.java:infoOrTrace(137)) -   Exception 1: java.util.concurrent.ExecutionException: org.apache.ratis.thirdparty.io.grpc.StatusRuntimeException: UNAVAILABLE: io exception
2021-12-22 01:09:46,158 [bc31efc5-a10f-49ea-82d4-325dc6674eda@group-3E424BC0E779-LeaderElection46] INFO  impl.LeaderElection (LeaderElection.java:askForVotes(308)) - bc31efc5-a10f-49ea-82d4-325dc6674eda@group-3E424BC0E779-LeaderElection46 ELECTION round 0: result REJECTED
2021-12-22 01:09:46,158 [bc31efc5-a10f-49ea-82d4-325dc6674eda@group-3E424BC0E779-LeaderElection46] INFO  server.RaftServer$Division (RaftServerImpl.java:setRole(290)) - bc31efc5-a10f-49ea-82d4-325dc6674eda@group-3E424BC0E779: changes role from CANDIDATE to FOLLOWER at term 19 for REJECTED
2021-12-22 01:09:46,158 [bc31efc5-a10f-49ea-82d4-325dc6674eda@group-3E424BC0E779-LeaderElection46] INFO  impl.RoleInfo (RoleInfo.java:shutdownLeaderElection(121)) - bc31efc5-a10f-49ea-82d4-325dc6674eda: shutdown bc31efc5-a10f-49ea-82d4-325dc6674eda@group-3E424BC0E779-LeaderElection46
2021-12-22 01:09:46,158 [bc31efc5-a10f-49ea-82d4-325dc6674eda@group-3E424BC0E779-LeaderElection46] INFO  impl.RoleInfo (RoleInfo.java:updateAndGet(130)) - bc31efc5-a10f-49ea-82d4-325dc6674eda: start bc31efc5-a10f-49ea-82d4-325dc6674eda@group-3E424BC0E779-FollowerState
2021-12-22 01:09:46,669 [Listener at 127.0.0.1/45789] INFO  ozone.MiniOzoneClusterImpl (MiniOzoneClusterImpl.java:lambda$waitForHddsDatanodesStop$3(389)) - Waiting on 1 datanodes out of 2 to be marked unhealthy.
2021-12-22 01:09:47,669 [Listener at 127.0.0.1/45789] INFO  ozone.MiniOzoneClusterImpl (MiniOzoneClusterImpl.java:lambda$waitForHddsDatanodesStop$3(389)) - Waiting on 1 datanodes out of 2 to be marked unhealthy.
2021-12-22 01:09:48,670 [Listener at 127.0.0.1/45789] INFO  ozone.MiniOzoneClusterImpl (MiniOzoneClusterImpl.java:lambda$waitForHddsDatanodesStop$3(389)) - Waiting on 1 datanodes out of 2 to be marked unhealthy.
2021-12-22 01:09:49,670 [Listener at 127.0.0.1/45789] INFO  ozone.MiniOzoneClusterImpl (MiniOzoneClusterImpl.java:lambda$waitForHddsDatanodesStop$3(389)) - Waiting on 1 datanodes out of 2 to be marked unhealthy.
2021-12-22 01:09:49,829 [BlockDeletingService#1] INFO  background.BlockDeletingService (BlockDeletingService.java:getTasks(158)) - Plan to choose 5000 blocks for block deletion, actually deleting 1 blocks.
2021-12-22 01:09:49,830 [BlockDeletingService#0] INFO  impl.FilePerBlockStrategy (FilePerBlockStrategy.java:deleteChunk(232)) - Deleted block file: /home/runner/work/ozone/ozone/hadoop-ozone/integration-test/target/test-dir/MiniOzoneClusterImpl-042c0a5d-b585-40ed-8543-7186e0d9815b/datanode-0/data-0/containers/hdds/042c0a5d-b585-40ed-8543-7186e0d9815b/current/containerDir0/1/chunks/107544261427200232.block
2021-12-22 01:09:49,831 [BlockDeletingService#0] INFO  background.BlockDeletingService (BlockDeletingService.java:deleteViaSchema2(447)) - Container: 1, deleted blocks: 1, task elapsed time: 1ms
2021-12-22 01:09:50,671 [Listener at 127.0.0.1/45789] INFO  ozone.MiniOzoneClusterImpl (MiniOzoneClusterImpl.java:lambda$waitForHddsDatanodesStop$3(389)) - Waiting on 1 datanodes out of 2 to be marked unhealthy.
2021-12-22 01:09:50,847 [bc31efc5-a10f-49ea-82d4-325dc6674eda@group-30DFD9EAA064-FollowerState] INFO  impl.FollowerState (FollowerState.java:run(134)) - bc31efc5-a10f-49ea-82d4-325dc6674eda@group-30DFD9EAA064-FollowerState: change to CANDIDATE, lastRpcElapsedTime:5129855487ns, electionTimeout:5127ms
2021-12-22 01:09:50,847 [bc31efc5-a10f-49ea-82d4-325dc6674eda@group-30DFD9EAA064-FollowerState] INFO  impl.RoleInfo (RoleInfo.java:shutdownFollowerState(108)) - bc31efc5-a10f-49ea-82d4-325dc6674eda: shutdown bc31efc5-a10f-49ea-82d4-325dc6674eda@group-30DFD9EAA064-FollowerState
2021-12-22 01:09:50,847 [bc31efc5-a10f-49ea-82d4-325dc6674eda@group-30DFD9EAA064-FollowerState] INFO  server.RaftServer$Division (RaftServerImpl.java:setRole(290)) - bc31efc5-a10f-49ea-82d4-325dc6674eda@group-30DFD9EAA064: changes role from  FOLLOWER to CANDIDATE at term 21 for changeToCandidate
2021-12-22 01:09:50,847 [bc31efc5-a10f-49ea-82d4-325dc6674eda@group-30DFD9EAA064-FollowerState] INFO  server.RaftServerConfigKeys (ConfUtils.java:logGet(44)) - raft.server.leaderelection.pre-vote = false (custom)
2021-12-22 01:09:50,847 [bc31efc5-a10f-49ea-82d4-325dc6674eda@group-30DFD9EAA064-FollowerState] INFO  impl.RoleInfo (RoleInfo.java:updateAndGet(130)) - bc31efc5-a10f-49ea-82d4-325dc6674eda: start bc31efc5-a10f-49ea-82d4-325dc6674eda@group-30DFD9EAA064-LeaderElection47
2021-12-22 01:09:50,868 [bc31efc5-a10f-49ea-82d4-325dc6674eda@group-30DFD9EAA064-LeaderElection47] INFO  impl.LeaderElection (LeaderElection.java:askForVotes(306)) - bc31efc5-a10f-49ea-82d4-325dc6674eda@group-30DFD9EAA064-LeaderElection47 ELECTION round 0: submit vote requests at term 22 for 0: [d1229c05-d9ac-40a7-9199-569f25256273|rpc:10.1.0.16:37951|dataStream:|priority:1, bc31efc5-a10f-49ea-82d4-325dc6674eda|rpc:10.1.0.16:45543|dataStream:|priority:0, a426eecb-3f7b-4bd3-8516-db356bf90be2|rpc:10.1.0.16:36549|dataStream:|priority:0], old=null
2021-12-22 01:09:50,895 [bc31efc5-a10f-49ea-82d4-325dc6674eda@group-30DFD9EAA064-LeaderElection47] INFO  impl.LeaderElection (LogUtils.java:infoOrTrace(137)) - bc31efc5-a10f-49ea-82d4-325dc6674eda@group-30DFD9EAA064-LeaderElection47 got exception when requesting votes: java.util.concurrent.ExecutionException: org.apache.ratis.thirdparty.io.grpc.StatusRuntimeException: UNAVAILABLE: io exception
2021-12-22 01:09:50,895 [bc31efc5-a10f-49ea-82d4-325dc6674eda@group-30DFD9EAA064-LeaderElection47] INFO  impl.LeaderElection (LogUtils.java:infoOrTrace(137)) - bc31efc5-a10f-49ea-82d4-325dc6674eda@group-30DFD9EAA064-LeaderElection47 got exception when requesting votes: java.util.concurrent.ExecutionException: org.apache.ratis.thirdparty.io.grpc.StatusRuntimeException: UNAVAILABLE: io exception
2021-12-22 01:09:50,896 [bc31efc5-a10f-49ea-82d4-325dc6674eda@group-30DFD9EAA064-LeaderElection47] INFO  impl.LeaderElection (LeaderElection.java:logAndReturn(89)) - bc31efc5-a10f-49ea-82d4-325dc6674eda@group-30DFD9EAA064-LeaderElection47: ELECTION REJECTED received 0 response(s) and 2 exception(s):
2021-12-22 01:09:50,896 [bc31efc5-a10f-49ea-82d4-325dc6674eda@group-30DFD9EAA064-LeaderElection47] INFO  impl.LeaderElection (LogUtils.java:infoOrTrace(137)) -   Exception 0: java.util.concurrent.ExecutionException: org.apache.ratis.thirdparty.io.grpc.StatusRuntimeException: UNAVAILABLE: io exception
2021-12-22 01:09:50,896 [bc31efc5-a10f-49ea-82d4-325dc6674eda@group-30DFD9EAA064-LeaderElection47] INFO  impl.LeaderElection (LogUtils.java:infoOrTrace(137)) -   Exception 1: java.util.concurrent.ExecutionException: org.apache.ratis.thirdparty.io.grpc.StatusRuntimeException: UNAVAILABLE: io exception
2021-12-22 01:09:50,896 [bc31efc5-a10f-49ea-82d4-325dc6674eda@group-30DFD9EAA064-LeaderElection47] INFO  impl.LeaderElection (LeaderElection.java:askForVotes(308)) - bc31efc5-a10f-49ea-82d4-325dc6674eda@group-30DFD9EAA064-LeaderElection47 ELECTION round 0: result REJECTED
2021-12-22 01:09:50,896 [bc31efc5-a10f-49ea-82d4-325dc6674eda@group-30DFD9EAA064-LeaderElection47] INFO  server.RaftServer$Division (RaftServerImpl.java:setRole(290)) - bc31efc5-a10f-49ea-82d4-325dc6674eda@group-30DFD9EAA064: changes role from CANDIDATE to FOLLOWER at term 22 for REJECTED
2021-12-22 01:09:50,896 [bc31efc5-a10f-49ea-82d4-325dc6674eda@group-30DFD9EAA064-LeaderElection47] INFO  impl.RoleInfo (RoleInfo.java:shutdownLeaderElection(121)) - bc31efc5-a10f-49ea-82d4-325dc6674eda: shutdown bc31efc5-a10f-49ea-82d4-325dc6674eda@group-30DFD9EAA064-LeaderElection47
2021-12-22 01:09:50,896 [bc31efc5-a10f-49ea-82d4-325dc6674eda@group-30DFD9EAA064-LeaderElection47] INFO  impl.RoleInfo (RoleInfo.java:updateAndGet(130)) - bc31efc5-a10f-49ea-82d4-325dc6674eda: start bc31efc5-a10f-49ea-82d4-325dc6674eda@group-30DFD9EAA064-FollowerState
2021-12-22 01:09:51,183 [bc31efc5-a10f-49ea-82d4-325dc6674eda@group-3E424BC0E779-FollowerState] INFO  impl.FollowerState (FollowerState.java:run(134)) - bc31efc5-a10f-49ea-82d4-325dc6674eda@group-3E424BC0E779-FollowerState: change to CANDIDATE, lastRpcElapsedTime:5025002513ns, electionTimeout:5022ms
2021-12-22 01:09:51,183 [bc31efc5-a10f-49ea-82d4-325dc6674eda@group-3E424BC0E779-FollowerState] INFO  impl.RoleInfo (RoleInfo.java:shutdownFollowerState(108)) - bc31efc5-a10f-49ea-82d4-325dc6674eda: shutdown bc31efc5-a10f-49ea-82d4-325dc6674eda@group-3E424BC0E779-FollowerState
2021-12-22 01:09:51,184 [bc31efc5-a10f-49ea-82d4-325dc6674eda@group-3E424BC0E779-FollowerState] INFO  server.RaftServer$Division (RaftServerImpl.java:setRole(290)) - bc31efc5-a10f-49ea-82d4-325dc6674eda@group-3E424BC0E779: changes role from  FOLLOWER to CANDIDATE at term 19 for changeToCandidate
2021-12-22 01:09:51,184 [bc31efc5-a10f-49ea-82d4-325dc6674eda@group-3E424BC0E779-FollowerState] INFO  server.RaftServerConfigKeys (ConfUtils.java:logGet(44)) - raft.server.leaderelection.pre-vote = false (custom)
2021-12-22 01:09:51,184 [bc31efc5-a10f-49ea-82d4-325dc6674eda@group-3E424BC0E779-FollowerState] INFO  impl.RoleInfo (RoleInfo.java:updateAndGet(130)) - bc31efc5-a10f-49ea-82d4-325dc6674eda: start bc31efc5-a10f-49ea-82d4-325dc6674eda@group-3E424BC0E779-LeaderElection48
2021-12-22 01:09:51,205 [bc31efc5-a10f-49ea-82d4-325dc6674eda@group-3E424BC0E779-LeaderElection48] INFO  impl.LeaderElection (LeaderElection.java:askForVotes(306)) - bc31efc5-a10f-49ea-82d4-325dc6674eda@group-3E424BC0E779-LeaderElection48 ELECTION round 0: submit vote requests at term 20 for 0: [bc31efc5-a10f-49ea-82d4-325dc6674eda|rpc:10.1.0.16:45543|dataStream:|priority:1, d1229c05-d9ac-40a7-9199-569f25256273|rpc:10.1.0.16:37951|dataStream:|priority:0, a426eecb-3f7b-4bd3-8516-db356bf90be2|rpc:10.1.0.16:36549|dataStream:|priority:0], old=null
2021-12-22 01:09:51,206 [RatisPipelineUtilsThread - 0] INFO  pipeline.PipelineManagerImpl (PipelineManagerImpl.java:scrubPipeline(404)) - Scrubbing pipeline: id: PipelineID=8edec5f9-fc9d-4b56-88d0-3e424bc0e779 since it stays at CLOSED stage.
2021-12-22 01:09:51,206 [RatisPipelineUtilsThread - 0] INFO  pipeline.RatisPipelineProvider (RatisPipelineProvider.java:lambda$close$1(222)) - Send pipeline:PipelineID=8edec5f9-fc9d-4b56-88d0-3e424bc0e779 close command to datanode bc31efc5-a10f-49ea-82d4-325dc6674eda
2021-12-22 01:09:51,206 [RatisPipelineUtilsThread - 0] INFO  pipeline.RatisPipelineProvider (RatisPipelineProvider.java:lambda$close$1(222)) - Send pipeline:PipelineID=8edec5f9-fc9d-4b56-88d0-3e424bc0e779 close command to datanode d1229c05-d9ac-40a7-9199-569f25256273
2021-12-22 01:09:51,207 [RatisPipelineUtilsThread - 0] INFO  pipeline.RatisPipelineProvider (RatisPipelineProvider.java:lambda$close$1(222)) - Send pipeline:PipelineID=8edec5f9-fc9d-4b56-88d0-3e424bc0e779 close command to datanode a426eecb-3f7b-4bd3-8516-db356bf90be2
2021-12-22 01:09:51,207 [RatisPipelineUtilsThread - 0] INFO  pipeline.PipelineStateManagerImpl (PipelineStateManagerImpl.java:removePipeline(223)) - Pipeline Pipeline[ Id: 8edec5f9-fc9d-4b56-88d0-3e424bc0e779, Nodes: bc31efc5-a10f-49ea-82d4-325dc6674eda{ip: 10.1.0.16, host: fv-az148-641.bm4ck3pvxvsene1rjriu5fhcdb.bx.internal.cloudapp.net, ports: [REPLICATION=40841, RATIS=45543, RATIS_ADMIN=45543, RATIS_SERVER=45543, STANDALONE=35889], networkLocation: /default-rack, certSerialId: null, persistedOpState: IN_SERVICE, persistedOpStateExpiryEpochSec: 0}d1229c05-d9ac-40a7-9199-569f25256273{ip: 10.1.0.16, host: fv-az148-641.bm4ck3pvxvsene1rjriu5fhcdb.bx.internal.cloudapp.net, ports: [REPLICATION=37959, RATIS=37951, RATIS_ADMIN=37951, RATIS_SERVER=37951, STANDALONE=41819], networkLocation: /default-rack, certSerialId: null, persistedOpState: IN_SERVICE, persistedOpStateExpiryEpochSec: 0}a426eecb-3f7b-4bd3-8516-db356bf90be2{ip: 10.1.0.16, host: fv-az148-641.bm4ck3pvxvsene1rjriu5fhcdb.bx.internal.cloudapp.net, ports: [REPLICATION=39213, RATIS=36549, RATIS_ADMIN=36549, RATIS_SERVER=36549, STANDALONE=33621], networkLocation: /default-rack, certSerialId: null, persistedOpState: IN_SERVICE, persistedOpStateExpiryEpochSec: 0}, ReplicationConfig: RATIS/THREE, State:CLOSED, leaderId:bc31efc5-a10f-49ea-82d4-325dc6674eda, CreationTimestamp2021-12-22T01:07:51.202Z[Etc/UTC]] removed.
2021-12-22 01:09:51,207 [RatisPipelineUtilsThread - 0] INFO  pipeline.PipelineManagerImpl (PipelineManagerImpl.java:scrubPipeline(404)) - Scrubbing pipeline: id: PipelineID=15395fc9-c15c-4a16-adc7-30dfd9eaa064 since it stays at CLOSED stage.
2021-12-22 01:09:51,207 [RatisPipelineUtilsThread - 0] INFO  pipeline.RatisPipelineProvider (RatisPipelineProvider.java:lambda$close$1(222)) - Send pipeline:PipelineID=15395fc9-c15c-4a16-adc7-30dfd9eaa064 close command to datanode d1229c05-d9ac-40a7-9199-569f25256273
2021-12-22 01:09:51,207 [RatisPipelineUtilsThread - 0] INFO  pipeline.RatisPipelineProvider (RatisPipelineProvider.java:lambda$close$1(222)) - Send pipeline:PipelineID=15395fc9-c15c-4a16-adc7-30dfd9eaa064 close command to datanode bc31efc5-a10f-49ea-82d4-325dc6674eda
2021-12-22 01:09:51,207 [RatisPipelineUtilsThread - 0] INFO  pipeline.RatisPipelineProvider (RatisPipelineProvider.java:lambda$close$1(222)) - Send pipeline:PipelineID=15395fc9-c15c-4a16-adc7-30dfd9eaa064 close command to datanode a426eecb-3f7b-4bd3-8516-db356bf90be2
2021-12-22 01:09:51,207 [RatisPipelineUtilsThread - 0] INFO  pipeline.PipelineStateManagerImpl (PipelineStateManagerImpl.java:removePipeline(223)) - Pipeline Pipeline[ Id: 15395fc9-c15c-4a16-adc7-30dfd9eaa064, Nodes: d1229c05-d9ac-40a7-9199-569f25256273{ip: 10.1.0.16, host: fv-az148-641.bm4ck3pvxvsene1rjriu5fhcdb.bx.internal.cloudapp.net, ports: [REPLICATION=37959, RATIS=37951, RATIS_ADMIN=37951, RATIS_SERVER=37951, STANDALONE=41819], networkLocation: /default-rack, certSerialId: null, persistedOpState: IN_SERVICE, persistedOpStateExpiryEpochSec: 0}bc31efc5-a10f-49ea-82d4-325dc6674eda{ip: 10.1.0.16, host: fv-az148-641.bm4ck3pvxvsene1rjriu5fhcdb.bx.internal.cloudapp.net, ports: [REPLICATION=40841, RATIS=45543, RATIS_ADMIN=45543, RATIS_SERVER=45543, STANDALONE=35889], networkLocation: /default-rack, certSerialId: null, persistedOpState: IN_SERVICE, persistedOpStateExpiryEpochSec: 0}a426eecb-3f7b-4bd3-8516-db356bf90be2{ip: 10.1.0.16, host: fv-az148-641.bm4ck3pvxvsene1rjriu5fhcdb.bx.internal.cloudapp.net, ports: [REPLICATION=39213, RATIS=36549, RATIS_ADMIN=36549, RATIS_SERVER=36549, STANDALONE=33621], networkLocation: /default-rack, certSerialId: null, persistedOpState: IN_SERVICE, persistedOpStateExpiryEpochSec: 0}, ReplicationConfig: RATIS/THREE, State:CLOSED, leaderId:d1229c05-d9ac-40a7-9199-569f25256273, CreationTimestamp2021-12-22T01:07:51.204Z[Etc/UTC]] removed.
2021-12-22 01:09:51,208 [RatisPipelineUtilsThread - 0] ERROR scm.SCMCommonPlacementPolicy (SCMCommonPlacementPolicy.java:filterNodesWithSpace(171)) - Unable to find enough nodes that meet the space requirement of 1073741824 bytes for metadata and 5368709120 bytes for data in healthy node set. Required 3. Found 1.
2021-12-22 01:09:51,212 [bc31efc5-a10f-49ea-82d4-325dc6674eda@group-3E424BC0E779-LeaderElection48] INFO  impl.LeaderElection (LogUtils.java:infoOrTrace(137)) - bc31efc5-a10f-49ea-82d4-325dc6674eda@group-3E424BC0E779-LeaderElection48 got exception when requesting votes: java.util.concurrent.ExecutionException: org.apache.ratis.thirdparty.io.grpc.StatusRuntimeException: UNAVAILABLE: io exception
2021-12-22 01:09:51,212 [bc31efc5-a10f-49ea-82d4-325dc6674eda@group-3E424BC0E779-LeaderElection48] INFO  impl.LeaderElection (LogUtils.java:infoOrTrace(137)) - bc31efc5-a10f-49ea-82d4-325dc6674eda@group-3E424BC0E779-LeaderElection48 got exception when requesting votes: java.util.concurrent.ExecutionException: org.apache.ratis.thirdparty.io.grpc.StatusRuntimeException: UNAVAILABLE: io exception
2021-12-22 01:09:51,212 [bc31efc5-a10f-49ea-82d4-325dc6674eda@group-3E424BC0E779-LeaderElection48] INFO  impl.LeaderElection (LeaderElection.java:logAndReturn(89)) - bc31efc5-a10f-49ea-82d4-325dc6674eda@group-3E424BC0E779-LeaderElection48: ELECTION REJECTED received 0 response(s) and 2 exception(s):
2021-12-22 01:09:51,212 [bc31efc5-a10f-49ea-82d4-325dc6674eda@group-3E424BC0E779-LeaderElection48] INFO  impl.LeaderElection (LogUtils.java:infoOrTrace(137)) -   Exception 0: java.util.concurrent.ExecutionException: org.apache.ratis.thirdparty.io.grpc.StatusRuntimeException: UNAVAILABLE: io exception
2021-12-22 01:09:51,212 [bc31efc5-a10f-49ea-82d4-325dc6674eda@group-3E424BC0E779-LeaderElection48] INFO  impl.LeaderElection (LogUtils.java:infoOrTrace(137)) -   Exception 1: java.util.concurrent.ExecutionException: org.apache.ratis.thirdparty.io.grpc.StatusRuntimeException: UNAVAILABLE: io exception
2021-12-22 01:09:51,212 [bc31efc5-a10f-49ea-82d4-325dc6674eda@group-3E424BC0E779-LeaderElection48] INFO  impl.LeaderElection (LeaderElection.java:askForVotes(308)) - bc31efc5-a10f-49ea-82d4-325dc6674eda@group-3E424BC0E779-LeaderElection48 ELECTION round 0: result REJECTED
2021-12-22 01:09:51,212 [bc31efc5-a10f-49ea-82d4-325dc6674eda@group-3E424BC0E779-LeaderElection48] INFO  server.RaftServer$Division (RaftServerImpl.java:setRole(290)) - bc31efc5-a10f-49ea-82d4-325dc6674eda@group-3E424BC0E779: changes role from CANDIDATE to FOLLOWER at term 20 for REJECTED
2021-12-22 01:09:51,212 [bc31efc5-a10f-49ea-82d4-325dc6674eda@group-3E424BC0E779-LeaderElection48] INFO  impl.RoleInfo (RoleInfo.java:shutdownLeaderElection(121)) - bc31efc5-a10f-49ea-82d4-325dc6674eda: shutdown bc31efc5-a10f-49ea-82d4-325dc6674eda@group-3E424BC0E779-LeaderElection48
2021-12-22 01:09:51,212 [bc31efc5-a10f-49ea-82d4-325dc6674eda@group-3E424BC0E779-LeaderElection48] INFO  impl.RoleInfo (RoleInfo.java:updateAndGet(130)) - bc31efc5-a10f-49ea-82d4-325dc6674eda: start bc31efc5-a10f-49ea-82d4-325dc6674eda@group-3E424BC0E779-FollowerState
2021-12-22 01:09:51,250 [SCMBlockDeletingService#0] INFO  block.SCMBlockDeletingService (SCMBlockDeletingService.java:call(172)) - Totally added 2 blocks to be deleted for 2 datanodes, task elapsed time: 0ms
2021-12-22 01:09:51,671 [Listener at 127.0.0.1/45789] INFO  ozone.MiniOzoneClusterImpl (MiniOzoneClusterImpl.java:lambda$waitForHddsDatanodesStop$3(389)) - Waiting on 1 datanodes out of 2 to be marked unhealthy.
2021-12-22 01:09:51,980 [Command processor thread] INFO  server.RaftServer (RaftServerProxy.java:remove(106)) - bc31efc5-a10f-49ea-82d4-325dc6674eda: remove  FOLLOWER bc31efc5-a10f-49ea-82d4-325dc6674eda@group-3E424BC0E779:t20, leader=null, voted=bc31efc5-a10f-49ea-82d4-325dc6674eda, raftlog=bc31efc5-a10f-49ea-82d4-325dc6674eda@group-3E424BC0E779-SegmentedRaftLog:OPENED:c0, conf=0: [bc31efc5-a10f-49ea-82d4-325dc6674eda|rpc:10.1.0.16:45543|dataStream:|priority:1, d1229c05-d9ac-40a7-9199-569f25256273|rpc:10.1.0.16:37951|dataStream:|priority:0, a426eecb-3f7b-4bd3-8516-db356bf90be2|rpc:10.1.0.16:36549|dataStream:|priority:0], old=null RUNNING
2021-12-22 01:09:51,980 [Command processor thread] INFO  server.RaftServer$Division (RaftServerImpl.java:lambda$close$4(412)) - bc31efc5-a10f-49ea-82d4-325dc6674eda@group-3E424BC0E779: shutdown
2021-12-22 01:09:51,980 [Command processor thread] INFO  util.JmxRegister (JmxRegister.java:unregister(73)) - Successfully un-registered JMX Bean with object name Ratis:service=RaftServer,group=group-3E424BC0E779,id=bc31efc5-a10f-49ea-82d4-325dc6674eda
2021-12-22 01:09:51,980 [Command processor thread] INFO  impl.RoleInfo (RoleInfo.java:shutdownFollowerState(108)) - bc31efc5-a10f-49ea-82d4-325dc6674eda: shutdown bc31efc5-a10f-49ea-82d4-325dc6674eda@group-3E424BC0E779-FollowerState
2021-12-22 01:09:51,980 [bc31efc5-a10f-49ea-82d4-325dc6674eda@group-3E424BC0E779-FollowerState] INFO  impl.FollowerState (FollowerState.java:run(143)) - bc31efc5-a10f-49ea-82d4-325dc6674eda@group-3E424BC0E779-FollowerState was interrupted: {}
java.lang.InterruptedException: sleep interrupted
	at java.lang.Thread.sleep(Native Method)
	at java.lang.Thread.sleep(Thread.java:340)
	at java.util.concurrent.TimeUnit.sleep(TimeUnit.java:386)
	at org.apache.ratis.util.TimeDuration.sleep(TimeDuration.java:324)
	at org.apache.ratis.util.TimeDuration.sleep(TimeDuration.java:309)
	at org.apache.ratis.server.impl.FollowerState.run(FollowerState.java:118)
2021-12-22 01:09:51,984 [Command processor thread] INFO  impl.StateMachineUpdater (StateMachineUpdater.java:stopAndJoin(149)) - bc31efc5-a10f-49ea-82d4-325dc6674eda@group-3E424BC0E779-StateMachineUpdater: set stopIndex = 0
2021-12-22 01:09:51,984 [bc31efc5-a10f-49ea-82d4-325dc6674eda@group-3E424BC0E779-StateMachineUpdater] INFO  ratis.ContainerStateMachine (ContainerStateMachine.java:takeSnapshot(299)) - group-3E424BC0E779: Taking a snapshot at:(t:2, i:0) file /home/runner/work/ozone/ozone/hadoop-ozone/integration-test/target/test-dir/MiniOzoneClusterImpl-042c0a5d-b585-40ed-8543-7186e0d9815b/datanode-0/data/ratis/8edec5f9-fc9d-4b56-88d0-3e424bc0e779/sm/snapshot.2_0
2021-12-22 01:09:51,986 [bc31efc5-a10f-49ea-82d4-325dc6674eda@group-3E424BC0E779-StateMachineUpdater] INFO  ratis.ContainerStateMachine (ContainerStateMachine.java:takeSnapshot(310)) - group-3E424BC0E779: Finished taking a snapshot at:(t:2, i:0) file:/home/runner/work/ozone/ozone/hadoop-ozone/integration-test/target/test-dir/MiniOzoneClusterImpl-042c0a5d-b585-40ed-8543-7186e0d9815b/datanode-0/data/ratis/8edec5f9-fc9d-4b56-88d0-3e424bc0e779/sm/snapshot.2_0 took: 1 ms
2021-12-22 01:09:51,986 [bc31efc5-a10f-49ea-82d4-325dc6674eda@group-3E424BC0E779-StateMachineUpdater] INFO  impl.StateMachineUpdater (StateMachineUpdater.java:takeSnapshot(281)) - bc31efc5-a10f-49ea-82d4-325dc6674eda@group-3E424BC0E779-StateMachineUpdater: Took a snapshot at index 0
2021-12-22 01:09:51,986 [bc31efc5-a10f-49ea-82d4-325dc6674eda@group-3E424BC0E779-StateMachineUpdater] INFO  impl.StateMachineUpdater (StateMachineUpdater.java:lambda$new$0(89)) - bc31efc5-a10f-49ea-82d4-325dc6674eda@group-3E424BC0E779-StateMachineUpdater: snapshotIndex: updateIncreasingly -1 -> 0
2021-12-22 01:09:51,986 [Command processor thread] INFO  server.RaftServer$Division (ServerState.java:close(419)) - bc31efc5-a10f-49ea-82d4-325dc6674eda@group-3E424BC0E779: closes. applyIndex: 0
2021-12-22 01:09:51,987 [bc31efc5-a10f-49ea-82d4-325dc6674eda@group-3E424BC0E779-SegmentedRaftLogWorker] INFO  segmented.SegmentedRaftLogWorker (SegmentedRaftLogWorker.java:run(327)) - bc31efc5-a10f-49ea-82d4-325dc6674eda@group-3E424BC0E779-SegmentedRaftLogWorker was interrupted, exiting. There are 0 tasks remaining in the queue.
2021-12-22 01:09:51,987 [Command processor thread] INFO  segmented.SegmentedRaftLogWorker (SegmentedRaftLogWorker.java:close(237)) - bc31efc5-a10f-49ea-82d4-325dc6674eda@group-3E424BC0E779-SegmentedRaftLogWorker close()
2021-12-22 01:09:51,988 [Command processor thread] INFO  server.RaftServer$Division (RaftServerImpl.java:groupRemove(382)) - bc31efc5-a10f-49ea-82d4-325dc6674eda@group-3E424BC0E779: Succeed to remove RaftStorageDirectory Storage Directory /home/runner/work/ozone/ozone/hadoop-ozone/integration-test/target/test-dir/MiniOzoneClusterImpl-042c0a5d-b585-40ed-8543-7186e0d9815b/datanode-0/data/ratis/8edec5f9-fc9d-4b56-88d0-3e424bc0e779
2021-12-22 01:09:51,988 [Command processor thread] INFO  commandhandler.ClosePipelineCommandHandler (ClosePipelineCommandHandler.java:handle(78)) - Close Pipeline PipelineID=8edec5f9-fc9d-4b56-88d0-3e424bc0e779 command on datanode bc31efc5-a10f-49ea-82d4-325dc6674eda.
2021-12-22 01:09:51,988 [Command processor thread] INFO  server.RaftServer (RaftServerProxy.java:remove(106)) - bc31efc5-a10f-49ea-82d4-325dc6674eda: remove  FOLLOWER bc31efc5-a10f-49ea-82d4-325dc6674eda@group-30DFD9EAA064:t22, leader=null, voted=bc31efc5-a10f-49ea-82d4-325dc6674eda, raftlog=bc31efc5-a10f-49ea-82d4-325dc6674eda@group-30DFD9EAA064-SegmentedRaftLog:OPENED:c0, conf=0: [d1229c05-d9ac-40a7-9199-569f25256273|rpc:10.1.0.16:37951|dataStream:|priority:1, bc31efc5-a10f-49ea-82d4-325dc6674eda|rpc:10.1.0.16:45543|dataStream:|priority:0, a426eecb-3f7b-4bd3-8516-db356bf90be2|rpc:10.1.0.16:36549|dataStream:|priority:0], old=null RUNNING
2021-12-22 01:09:51,988 [Command processor thread] INFO  server.RaftServer$Division (RaftServerImpl.java:lambda$close$4(412)) - bc31efc5-a10f-49ea-82d4-325dc6674eda@group-30DFD9EAA064: shutdown
2021-12-22 01:09:51,988 [Command processor thread] INFO  util.JmxRegister (JmxRegister.java:unregister(73)) - Successfully un-registered JMX Bean with object name Ratis:service=RaftServer,group=group-30DFD9EAA064,id=bc31efc5-a10f-49ea-82d4-325dc6674eda
2021-12-22 01:09:51,989 [Command processor thread] INFO  impl.RoleInfo (RoleInfo.java:shutdownFollowerState(108)) - bc31efc5-a10f-49ea-82d4-325dc6674eda: shutdown bc31efc5-a10f-49ea-82d4-325dc6674eda@group-30DFD9EAA064-FollowerState
2021-12-22 01:09:51,989 [Command processor thread] INFO  impl.StateMachineUpdater (StateMachineUpdater.java:stopAndJoin(149)) - bc31efc5-a10f-49ea-82d4-325dc6674eda@group-30DFD9EAA064-StateMachineUpdater: set stopIndex = 0
2021-12-22 01:09:51,989 [bc31efc5-a10f-49ea-82d4-325dc6674eda@group-30DFD9EAA064-FollowerState] INFO  impl.FollowerState (FollowerState.java:run(143)) - bc31efc5-a10f-49ea-82d4-325dc6674eda@group-30DFD9EAA064-FollowerState was interrupted: {}
java.lang.InterruptedException: sleep interrupted
	at java.lang.Thread.sleep(Native Method)
	at java.lang.Thread.sleep(Thread.java:340)
	at java.util.concurrent.TimeUnit.sleep(TimeUnit.java:386)
	at org.apache.ratis.util.TimeDuration.sleep(TimeDuration.java:324)
	at org.apache.ratis.util.TimeDuration.sleep(TimeDuration.java:309)
	at org.apache.ratis.server.impl.FollowerState.run(FollowerState.java:118)
2021-12-22 01:09:51,989 [bc31efc5-a10f-49ea-82d4-325dc6674eda@group-30DFD9EAA064-StateMachineUpdater] INFO  ratis.ContainerStateMachine (ContainerStateMachine.java:takeSnapshot(299)) - group-30DFD9EAA064: Taking a snapshot at:(t:1, i:0) file /home/runner/work/ozone/ozone/hadoop-ozone/integration-test/target/test-dir/MiniOzoneClusterImpl-042c0a5d-b585-40ed-8543-7186e0d9815b/datanode-0/data/ratis/15395fc9-c15c-4a16-adc7-30dfd9eaa064/sm/snapshot.1_0
2021-12-22 01:09:51,991 [bc31efc5-a10f-49ea-82d4-325dc6674eda@group-30DFD9EAA064-StateMachineUpdater] INFO  ratis.ContainerStateMachine (ContainerStateMachine.java:takeSnapshot(310)) - group-30DFD9EAA064: Finished taking a snapshot at:(t:1, i:0) file:/home/runner/work/ozone/ozone/hadoop-ozone/integration-test/target/test-dir/MiniOzoneClusterImpl-042c0a5d-b585-40ed-8543-7186e0d9815b/datanode-0/data/ratis/15395fc9-c15c-4a16-adc7-30dfd9eaa064/sm/snapshot.1_0 took: 1 ms
2021-12-22 01:09:51,991 [bc31efc5-a10f-49ea-82d4-325dc6674eda@group-30DFD9EAA064-StateMachineUpdater] INFO  impl.StateMachineUpdater (StateMachineUpdater.java:takeSnapshot(281)) - bc31efc5-a10f-49ea-82d4-325dc6674eda@group-30DFD9EAA064-StateMachineUpdater: Took a snapshot at index 0
2021-12-22 01:09:51,991 [bc31efc5-a10f-49ea-82d4-325dc6674eda@group-30DFD9EAA064-StateMachineUpdater] INFO  impl.StateMachineUpdater (StateMachineUpdater.java:lambda$new$0(89)) - bc31efc5-a10f-49ea-82d4-325dc6674eda@group-30DFD9EAA064-StateMachineUpdater: snapshotIndex: updateIncreasingly -1 -> 0
2021-12-22 01:09:51,991 [Command processor thread] INFO  server.RaftServer$Division (ServerState.java:close(419)) - bc31efc5-a10f-49ea-82d4-325dc6674eda@group-30DFD9EAA064: closes. applyIndex: 0
2021-12-22 01:09:51,991 [bc31efc5-a10f-49ea-82d4-325dc6674eda@group-30DFD9EAA064-SegmentedRaftLogWorker] INFO  segmented.SegmentedRaftLogWorker (SegmentedRaftLogWorker.java:run(327)) - bc31efc5-a10f-49ea-82d4-325dc6674eda@group-30DFD9EAA064-SegmentedRaftLogWorker was interrupted, exiting. There are 0 tasks remaining in the queue.
2021-12-22 01:09:51,992 [Command processor thread] INFO  segmented.SegmentedRaftLogWorker (SegmentedRaftLogWorker.java:close(237)) - bc31efc5-a10f-49ea-82d4-325dc6674eda@group-30DFD9EAA064-SegmentedRaftLogWorker close()
2021-12-22 01:09:51,993 [Command processor thread] INFO  server.RaftServer$Division (RaftServerImpl.java:groupRemove(382)) - bc31efc5-a10f-49ea-82d4-325dc6674eda@group-30DFD9EAA064: Succeed to remove RaftStorageDirectory Storage Directory /home/runner/work/ozone/ozone/hadoop-ozone/integration-test/target/test-dir/MiniOzoneClusterImpl-042c0a5d-b585-40ed-8543-7186e0d9815b/datanode-0/data/ratis/15395fc9-c15c-4a16-adc7-30dfd9eaa064
2021-12-22 01:09:51,993 [Command processor thread] INFO  commandhandler.ClosePipelineCommandHandler (ClosePipelineCommandHandler.java:handle(78)) - Close Pipeline PipelineID=15395fc9-c15c-4a16-adc7-30dfd9eaa064 command on datanode bc31efc5-a10f-49ea-82d4-325dc6674eda.
2021-12-22 01:09:52,672 [Listener at 127.0.0.1/45789] INFO  ozone.MiniOzoneClusterImpl (MiniOzoneClusterImpl.java:lambda$waitForHddsDatanodesStop$3(389)) - Waiting on 1 datanodes out of 2 to be marked unhealthy.
2021-12-22 01:09:53,672 [Listener at 127.0.0.1/45789] INFO  ozone.MiniOzoneClusterImpl (MiniOzoneClusterImpl.java:lambda$waitForHddsDatanodesStop$3(389)) - Waiting on 1 datanodes out of 2 to be marked unhealthy.
2021-12-22 01:09:54,672 [Listener at 127.0.0.1/45789] INFO  ozone.MiniOzoneClusterImpl (MiniOzoneClusterImpl.java:lambda$waitForHddsDatanodesStop$3(389)) - Waiting on 1 datanodes out of 2 to be marked unhealthy.
2021-12-22 01:09:55,673 [Listener at 127.0.0.1/45789] INFO  ozone.MiniOzoneClusterImpl (MiniOzoneClusterImpl.java:lambda$waitForHddsDatanodesStop$3(389)) - Waiting on 1 datanodes out of 2 to be marked unhealthy.
2021-12-22 01:09:56,673 [Listener at 127.0.0.1/45789] INFO  ozone.MiniOzoneClusterImpl (MiniOzoneClusterImpl.java:lambda$waitForHddsDatanodesStop$3(389)) - Waiting on 1 datanodes out of 2 to be marked unhealthy.
2021-12-22 01:09:57,674 [Listener at 127.0.0.1/45789] INFO  ozone.MiniOzoneClusterImpl (MiniOzoneClusterImpl.java:lambda$waitForHddsDatanodesStop$3(389)) - Waiting on 1 datanodes out of 2 to be marked unhealthy.
2021-12-22 01:09:58,674 [Listener at 127.0.0.1/45789] INFO  ozone.MiniOzoneClusterImpl (MiniOzoneClusterImpl.java:lambda$waitForHddsDatanodesStop$3(389)) - Waiting on 1 datanodes out of 2 to be marked unhealthy.
2021-12-22 01:09:59,675 [Listener at 127.0.0.1/45789] INFO  ozone.MiniOzoneClusterImpl (MiniOzoneClusterImpl.java:lambda$waitForHddsDatanodesStop$3(389)) - Waiting on 1 datanodes out of 2 to be marked unhealthy.
2021-12-22 01:10:00,675 [Listener at 127.0.0.1/45789] INFO  ozone.MiniOzoneClusterImpl (MiniOzoneClusterImpl.java:lambda$waitForHddsDatanodesStop$3(389)) - Waiting on 1 datanodes out of 2 to be marked unhealthy.
2021-12-22 01:10:01,675 [Listener at 127.0.0.1/45789] INFO  ozone.MiniOzoneClusterImpl (MiniOzoneClusterImpl.java:lambda$waitForHddsDatanodesStop$3(389)) - Waiting on 1 datanodes out of 2 to be marked unhealthy.
2021-12-22 01:10:02,676 [Listener at 127.0.0.1/45789] INFO  ozone.MiniOzoneClusterImpl (MiniOzoneClusterImpl.java:lambda$waitForHddsDatanodesStop$3(389)) - Waiting on 1 datanodes out of 2 to be marked unhealthy.
2021-12-22 01:10:03,677 [Listener at 127.0.0.1/45789] INFO  ozone.MiniOzoneClusterImpl (MiniOzoneClusterImpl.java:lambda$waitForHddsDatanodesStop$3(389)) - Waiting on 1 datanodes out of 2 to be marked unhealthy.
2021-12-22 01:10:04,677 [Listener at 127.0.0.1/45789] INFO  ozone.MiniOzoneClusterImpl (MiniOzoneClusterImpl.java:lambda$waitForHddsDatanodesStop$3(389)) - Waiting on 1 datanodes out of 2 to be marked unhealthy.
2021-12-22 01:10:05,677 [Listener at 127.0.0.1/45789] INFO  ozone.MiniOzoneClusterImpl (MiniOzoneClusterImpl.java:lambda$waitForHddsDatanodesStop$3(389)) - Waiting on 1 datanodes out of 2 to be marked unhealthy.
2021-12-22 01:10:06,678 [Listener at 127.0.0.1/45789] INFO  ozone.MiniOzoneClusterImpl (MiniOzoneClusterImpl.java:lambda$waitForHddsDatanodesStop$3(389)) - Waiting on 1 datanodes out of 2 to be marked unhealthy.
2021-12-22 01:10:07,678 [Listener at 127.0.0.1/45789] INFO  ozone.MiniOzoneClusterImpl (MiniOzoneClusterImpl.java:lambda$waitForHddsDatanodesStop$3(389)) - Waiting on 1 datanodes out of 2 to be marked unhealthy.
2021-12-22 01:10:08,679 [Listener at 127.0.0.1/45789] INFO  ozone.MiniOzoneClusterImpl (MiniOzoneClusterImpl.java:lambda$waitForHddsDatanodesStop$3(389)) - Waiting on 1 datanodes out of 2 to be marked unhealthy.
]]></system-out>
    <system-err><![CDATA[Dec 22, 2021 1:07:52 AM org.apache.ratis.thirdparty.io.grpc.internal.ManagedChannelOrphanWrapper$ManagedChannelReference cleanQueue
SEVERE: *~*~*~ Channel ManagedChannelImpl{logId=188, target=10.1.0.16:35889} was not shutdown properly!!! ~*~*~*
    Make sure to call shutdown()/shutdownNow() and wait until awaitTermination() returns true.
java.lang.RuntimeException: ManagedChannel allocation site
	at org.apache.ratis.thirdparty.io.grpc.internal.ManagedChannelOrphanWrapper$ManagedChannelReference.<init>(ManagedChannelOrphanWrapper.java:93)
	at org.apache.ratis.thirdparty.io.grpc.internal.ManagedChannelOrphanWrapper.<init>(ManagedChannelOrphanWrapper.java:53)
	at org.apache.ratis.thirdparty.io.grpc.internal.ManagedChannelOrphanWrapper.<init>(ManagedChannelOrphanWrapper.java:44)
	at org.apache.ratis.thirdparty.io.grpc.internal.ManagedChannelImplBuilder.build(ManagedChannelImplBuilder.java:596)
	at org.apache.ratis.thirdparty.io.grpc.ForwardingChannelBuilder.build(ForwardingChannelBuilder.java:255)
	at org.apache.hadoop.hdds.scm.XceiverClientGrpc.connectToDatanode(XceiverClientGrpc.java:195)
	at org.apache.hadoop.hdds.scm.XceiverClientGrpc.connect(XceiverClientGrpc.java:144)
	at org.apache.hadoop.hdds.scm.XceiverClientManager$2.call(XceiverClientManager.java:237)
	at org.apache.hadoop.hdds.scm.XceiverClientManager$2.call(XceiverClientManager.java:221)
	at com.google.common.cache.LocalCache$LocalManualCache$1.load(LocalCache.java:4864)
	at com.google.common.cache.LocalCache$LoadingValueReference.loadFuture(LocalCache.java:3529)
	at com.google.common.cache.LocalCache$Segment.loadSync(LocalCache.java:2278)
	at com.google.common.cache.LocalCache$Segment.lockedGetOrLoad(LocalCache.java:2155)
	at com.google.common.cache.LocalCache$Segment.get(LocalCache.java:2045)
	at com.google.common.cache.LocalCache.get(LocalCache.java:3962)
	at com.google.common.cache.LocalCache$LocalManualCache.get(LocalCache.java:4859)
	at org.apache.hadoop.hdds.scm.XceiverClientManager.getClient(XceiverClientManager.java:221)
	at org.apache.hadoop.hdds.scm.XceiverClientManager.acquireClient(XceiverClientManager.java:165)
	at org.apache.hadoop.hdds.scm.XceiverClientManager.acquireClientForReadData(XceiverClientManager.java:154)
	at org.apache.hadoop.hdds.scm.storage.BlockInputStream.acquireClient(BlockInputStream.java:255)
	at org.apache.hadoop.hdds.scm.storage.BlockInputStream.getChunkInfos(BlockInputStream.java:229)
	at org.apache.hadoop.hdds.scm.storage.BlockInputStream.initialize(BlockInputStream.java:153)
	at org.apache.hadoop.hdds.scm.storage.BlockInputStream.readWithStrategy(BlockInputStream.java:314)
	at org.apache.hadoop.hdds.scm.storage.BlockInputStream.read(BlockInputStream.java:297)
	at org.apache.hadoop.hdds.scm.storage.ByteArrayReader.readFromBlock(ByteArrayReader.java:57)
	at org.apache.hadoop.ozone.client.io.KeyInputStream.readWithStrategy(KeyInputStream.java:262)
	at org.apache.hadoop.ozone.client.io.KeyInputStream.read(KeyInputStream.java:230)
	at org.apache.hadoop.ozone.client.io.OzoneInputStream.read(OzoneInputStream.java:56)
	at java.io.InputStream.read(InputStream.java:101)
	at org.apache.hadoop.ozone.client.rpc.TestOzoneRpcClientAbstract.readCorruptedKey(TestOzoneRpcClientAbstract.java:1370)
	at org.apache.hadoop.ozone.client.rpc.TestOzoneRpcClientAbstract.testReadKeyWithVerifyChecksumFlagEnable(TestOzoneRpcClientAbstract.java:1302)
	at sun.reflect.NativeMethodAccessorImpl.invoke0(Native Method)
	at sun.reflect.NativeMethodAccessorImpl.invoke(NativeMethodAccessorImpl.java:62)
	at sun.reflect.DelegatingMethodAccessorImpl.invoke(DelegatingMethodAccessorImpl.java:43)
	at java.lang.reflect.Method.invoke(Method.java:498)
	at org.junit.runners.model.FrameworkMethod$1.runReflectiveCall(FrameworkMethod.java:59)
	at org.junit.internal.runners.model.ReflectiveCallable.run(ReflectiveCallable.java:12)
	at org.junit.runners.model.FrameworkMethod.invokeExplosively(FrameworkMethod.java:56)
	at org.junit.internal.runners.statements.InvokeMethod.evaluate(InvokeMethod.java:17)
	at org.junit.runners.ParentRunner$3.evaluate(ParentRunner.java:306)
	at org.junit.runners.BlockJUnit4ClassRunner$1.evaluate(BlockJUnit4ClassRunner.java:100)
	at org.junit.runners.ParentRunner.runLeaf(ParentRunner.java:366)
	at org.junit.runners.BlockJUnit4ClassRunner.runChild(BlockJUnit4ClassRunner.java:103)
	at org.junit.runners.BlockJUnit4ClassRunner.runChild(BlockJUnit4ClassRunner.java:63)
	at org.junit.runners.ParentRunner$4.run(ParentRunner.java:331)
	at org.junit.runners.ParentRunner$1.schedule(ParentRunner.java:79)
	at org.junit.runners.ParentRunner.runChildren(ParentRunner.java:329)
	at org.junit.runners.ParentRunner.access$100(ParentRunner.java:66)
	at org.junit.runners.ParentRunner$2.evaluate(ParentRunner.java:293)
	at org.junit.internal.runners.statements.RunBefores.evaluate(RunBefores.java:26)
	at org.junit.internal.runners.statements.RunAfters.evaluate(RunAfters.java:27)
	at org.junit.runners.ParentRunner$3.evaluate(ParentRunner.java:306)
	at org.junit.runners.ParentRunner.run(ParentRunner.java:413)
	at org.junit.runner.JUnitCore.run(JUnitCore.java:137)
	at org.junit.runner.JUnitCore.run(JUnitCore.java:115)
	at org.junit.vintage.engine.execution.RunnerExecutor.execute(RunnerExecutor.java:43)
	at java.util.stream.ForEachOps$ForEachOp$OfRef.accept(ForEachOps.java:183)
	at java.util.stream.ReferencePipeline$3$1.accept(ReferencePipeline.java:193)
	at java.util.Iterator.forEachRemaining(Iterator.java:116)
	at java.util.Spliterators$IteratorSpliterator.forEachRemaining(Spliterators.java:1801)
	at java.util.stream.AbstractPipeline.copyInto(AbstractPipeline.java:482)
	at java.util.stream.AbstractPipeline.wrapAndCopyInto(AbstractPipeline.java:472)
	at java.util.stream.ForEachOps$ForEachOp.evaluateSequential(ForEachOps.java:150)
	at java.util.stream.ForEachOps$ForEachOp$OfRef.evaluateSequential(ForEachOps.java:173)
	at java.util.stream.AbstractPipeline.evaluate(AbstractPipeline.java:234)
	at java.util.stream.ReferencePipeline.forEach(ReferencePipeline.java:485)
	at org.junit.vintage.engine.VintageTestEngine.executeAllChildren(VintageTestEngine.java:82)
	at org.junit.vintage.engine.VintageTestEngine.execute(VintageTestEngine.java:73)
	at org.junit.platform.launcher.core.EngineExecutionOrchestrator.execute(EngineExecutionOrchestrator.java:108)
	at org.junit.platform.launcher.core.EngineExecutionOrchestrator.execute(EngineExecutionOrchestrator.java:88)
	at org.junit.platform.launcher.core.EngineExecutionOrchestrator.lambda$execute$0(EngineExecutionOrchestrator.java:54)
	at org.junit.platform.launcher.core.EngineExecutionOrchestrator.withInterceptedStreams(EngineExecutionOrchestrator.java:67)
	at org.junit.platform.launcher.core.EngineExecutionOrchestrator.execute(EngineExecutionOrchestrator.java:52)
	at org.junit.platform.launcher.core.DefaultLauncher.execute(DefaultLauncher.java:96)
	at org.junit.platform.launcher.core.DefaultLauncher.execute(DefaultLauncher.java:75)
	at org.apache.maven.surefire.junitplatform.JUnitPlatformProvider.invokeAllTests(JUnitPlatformProvider.java:142)
	at org.apache.maven.surefire.junitplatform.JUnitPlatformProvider.invoke(JUnitPlatformProvider.java:113)
	at org.apache.maven.surefire.booter.ForkedBooter.invokeProviderInSameClassLoader(ForkedBooter.java:384)
	at org.apache.maven.surefire.booter.ForkedBooter.runSuitesInProcess(ForkedBooter.java:345)
	at org.apache.maven.surefire.booter.ForkedBooter.execute(ForkedBooter.java:126)
	at org.apache.maven.surefire.booter.ForkedBooter.main(ForkedBooter.java:418)

Dec 22, 2021 1:07:52 AM org.apache.ratis.thirdparty.io.grpc.internal.ManagedChannelOrphanWrapper$ManagedChannelReference cleanQueue
SEVERE: *~*~*~ Channel ManagedChannelImpl{logId=183, target=10.1.0.16:35889} was not shutdown properly!!! ~*~*~*
    Make sure to call shutdown()/shutdownNow() and wait until awaitTermination() returns true.
java.lang.RuntimeException: ManagedChannel allocation site
	at org.apache.ratis.thirdparty.io.grpc.internal.ManagedChannelOrphanWrapper$ManagedChannelReference.<init>(ManagedChannelOrphanWrapper.java:93)
	at org.apache.ratis.thirdparty.io.grpc.internal.ManagedChannelOrphanWrapper.<init>(ManagedChannelOrphanWrapper.java:53)
	at org.apache.ratis.thirdparty.io.grpc.internal.ManagedChannelOrphanWrapper.<init>(ManagedChannelOrphanWrapper.java:44)
	at org.apache.ratis.thirdparty.io.grpc.internal.ManagedChannelImplBuilder.build(ManagedChannelImplBuilder.java:596)
	at org.apache.ratis.thirdparty.io.grpc.ForwardingChannelBuilder.build(ForwardingChannelBuilder.java:255)
	at org.apache.hadoop.hdds.scm.XceiverClientGrpc.connectToDatanode(XceiverClientGrpc.java:195)
	at org.apache.hadoop.hdds.scm.XceiverClientGrpc.connect(XceiverClientGrpc.java:144)
	at org.apache.hadoop.hdds.scm.XceiverClientManager$2.call(XceiverClientManager.java:237)
	at org.apache.hadoop.hdds.scm.XceiverClientManager$2.call(XceiverClientManager.java:221)
	at com.google.common.cache.LocalCache$LocalManualCache$1.load(LocalCache.java:4864)
	at com.google.common.cache.LocalCache$LoadingValueReference.loadFuture(LocalCache.java:3529)
	at com.google.common.cache.LocalCache$Segment.loadSync(LocalCache.java:2278)
	at com.google.common.cache.LocalCache$Segment.lockedGetOrLoad(LocalCache.java:2155)
	at com.google.common.cache.LocalCache$Segment.get(LocalCache.java:2045)
	at com.google.common.cache.LocalCache.get(LocalCache.java:3962)
	at com.google.common.cache.LocalCache$LocalManualCache.get(LocalCache.java:4859)
	at org.apache.hadoop.hdds.scm.XceiverClientManager.getClient(XceiverClientManager.java:221)
	at org.apache.hadoop.hdds.scm.XceiverClientManager.acquireClient(XceiverClientManager.java:165)
	at org.apache.hadoop.hdds.scm.XceiverClientManager.acquireClientForReadData(XceiverClientManager.java:154)
	at org.apache.hadoop.hdds.scm.storage.BlockInputStream.acquireClient(BlockInputStream.java:255)
	at org.apache.hadoop.hdds.scm.storage.BlockInputStream.getChunkInfos(BlockInputStream.java:229)
	at org.apache.hadoop.hdds.scm.storage.BlockInputStream.initialize(BlockInputStream.java:153)
	at org.apache.hadoop.hdds.scm.storage.BlockInputStream.readWithStrategy(BlockInputStream.java:314)
	at org.apache.hadoop.hdds.scm.storage.BlockInputStream.read(BlockInputStream.java:297)
	at org.apache.hadoop.hdds.scm.storage.ByteArrayReader.readFromBlock(ByteArrayReader.java:57)
	at org.apache.hadoop.ozone.client.io.KeyInputStream.readWithStrategy(KeyInputStream.java:262)
	at org.apache.hadoop.ozone.client.io.KeyInputStream.read(KeyInputStream.java:230)
	at org.apache.hadoop.ozone.client.io.OzoneInputStream.read(OzoneInputStream.java:56)
	at java.io.InputStream.read(InputStream.java:101)
	at org.apache.hadoop.ozone.client.rpc.TestOzoneRpcClientAbstract.readCorruptedKey(TestOzoneRpcClientAbstract.java:1370)
	at org.apache.hadoop.ozone.client.rpc.TestOzoneRpcClientAbstract.testReadKeyWithVerifyChecksumFlagDisable(TestOzoneRpcClientAbstract.java:1317)
	at sun.reflect.NativeMethodAccessorImpl.invoke0(Native Method)
	at sun.reflect.NativeMethodAccessorImpl.invoke(NativeMethodAccessorImpl.java:62)
	at sun.reflect.DelegatingMethodAccessorImpl.invoke(DelegatingMethodAccessorImpl.java:43)
	at java.lang.reflect.Method.invoke(Method.java:498)
	at org.junit.runners.model.FrameworkMethod$1.runReflectiveCall(FrameworkMethod.java:59)
	at org.junit.internal.runners.model.ReflectiveCallable.run(ReflectiveCallable.java:12)
	at org.junit.runners.model.FrameworkMethod.invokeExplosively(FrameworkMethod.java:56)
	at org.junit.internal.runners.statements.InvokeMethod.evaluate(InvokeMethod.java:17)
	at org.junit.runners.ParentRunner$3.evaluate(ParentRunner.java:306)
	at org.junit.runners.BlockJUnit4ClassRunner$1.evaluate(BlockJUnit4ClassRunner.java:100)
	at org.junit.runners.ParentRunner.runLeaf(ParentRunner.java:366)
	at org.junit.runners.BlockJUnit4ClassRunner.runChild(BlockJUnit4ClassRunner.java:103)
	at org.junit.runners.BlockJUnit4ClassRunner.runChild(BlockJUnit4ClassRunner.java:63)
	at org.junit.runners.ParentRunner$4.run(ParentRunner.java:331)
	at org.junit.runners.ParentRunner$1.schedule(ParentRunner.java:79)
	at org.junit.runners.ParentRunner.runChildren(ParentRunner.java:329)
	at org.junit.runners.ParentRunner.access$100(ParentRunner.java:66)
	at org.junit.runners.ParentRunner$2.evaluate(ParentRunner.java:293)
	at org.junit.internal.runners.statements.RunBefores.evaluate(RunBefores.java:26)
	at org.junit.internal.runners.statements.RunAfters.evaluate(RunAfters.java:27)
	at org.junit.runners.ParentRunner$3.evaluate(ParentRunner.java:306)
	at org.junit.runners.ParentRunner.run(ParentRunner.java:413)
	at org.junit.runner.JUnitCore.run(JUnitCore.java:137)
	at org.junit.runner.JUnitCore.run(JUnitCore.java:115)
	at org.junit.vintage.engine.execution.RunnerExecutor.execute(RunnerExecutor.java:43)
	at java.util.stream.ForEachOps$ForEachOp$OfRef.accept(ForEachOps.java:183)
	at java.util.stream.ReferencePipeline$3$1.accept(ReferencePipeline.java:193)
	at java.util.Iterator.forEachRemaining(Iterator.java:116)
	at java.util.Spliterators$IteratorSpliterator.forEachRemaining(Spliterators.java:1801)
	at java.util.stream.AbstractPipeline.copyInto(AbstractPipeline.java:482)
	at java.util.stream.AbstractPipeline.wrapAndCopyInto(AbstractPipeline.java:472)
	at java.util.stream.ForEachOps$ForEachOp.evaluateSequential(ForEachOps.java:150)
	at java.util.stream.ForEachOps$ForEachOp$OfRef.evaluateSequential(ForEachOps.java:173)
	at java.util.stream.AbstractPipeline.evaluate(AbstractPipeline.java:234)
	at java.util.stream.ReferencePipeline.forEach(ReferencePipeline.java:485)
	at org.junit.vintage.engine.VintageTestEngine.executeAllChildren(VintageTestEngine.java:82)
	at org.junit.vintage.engine.VintageTestEngine.execute(VintageTestEngine.java:73)
	at org.junit.platform.launcher.core.EngineExecutionOrchestrator.execute(EngineExecutionOrchestrator.java:108)
	at org.junit.platform.launcher.core.EngineExecutionOrchestrator.execute(EngineExecutionOrchestrator.java:88)
	at org.junit.platform.launcher.core.EngineExecutionOrchestrator.lambda$execute$0(EngineExecutionOrchestrator.java:54)
	at org.junit.platform.launcher.core.EngineExecutionOrchestrator.withInterceptedStreams(EngineExecutionOrchestrator.java:67)
	at org.junit.platform.launcher.core.EngineExecutionOrchestrator.execute(EngineExecutionOrchestrator.java:52)
	at org.junit.platform.launcher.core.DefaultLauncher.execute(DefaultLauncher.java:96)
	at org.junit.platform.launcher.core.DefaultLauncher.execute(DefaultLauncher.java:75)
	at org.apache.maven.surefire.junitplatform.JUnitPlatformProvider.invokeAllTests(JUnitPlatformProvider.java:142)
	at org.apache.maven.surefire.junitplatform.JUnitPlatformProvider.invoke(JUnitPlatformProvider.java:113)
	at org.apache.maven.surefire.booter.ForkedBooter.invokeProviderInSameClassLoader(ForkedBooter.java:384)
	at org.apache.maven.surefire.booter.ForkedBooter.runSuitesInProcess(ForkedBooter.java:345)
	at org.apache.maven.surefire.booter.ForkedBooter.execute(ForkedBooter.java:126)
	at org.apache.maven.surefire.booter.ForkedBooter.main(ForkedBooter.java:418)

]]></system-err>
  </testcase>
</testsuite>