<?xml version="1.0" encoding="UTF-8"?>
<testsuite xmlns:xsi="http://www.w3.org/2001/XMLSchema-instance" xsi:noNamespaceSchemaLocation="https://maven.apache.org/surefire/maven-surefire-plugin/xsd/surefire-test-report.xsd" name="org.apache.hadoop.ozone.client.rpc.TestWatchForCommit" time="285.055" tests="4" errors="1" skipped="0" failures="0">
  <properties>
    <property name="awt.toolkit" value="sun.awt.X11.XToolkit"/>
    <property name="file.encoding.pkg" value="sun.io"/>
    <property name="java.specification.version" value="1.8"/>
    <property name="sun.cpu.isalist" value=""/>
    <property name="sun.jnu.encoding" value="UTF-8"/>
    <property name="java.class.path" value="/home/runner/work/ozone/ozone/hadoop-ozone/integration-test/target/test-classes:/home/runner/work/ozone/ozone/hadoop-ozone/integration-test/target/classes:/home/runner/.m2/repository/org/apache/ozone/ozone-common/1.2.0-SNAPSHOT/ozone-common-1.2.0-SNAPSHOT.jar:/home/runner/.m2/repository/org/apache/commons/commons-compress/1.20/commons-compress-1.20.jar:/home/runner/.m2/repository/org/apache/ozone/hdds-common/1.2.0-SNAPSHOT/hdds-common-1.2.0-SNAPSHOT.jar:/home/runner/.m2/repository/org/apache/ozone/hdds-client/1.2.0-SNAPSHOT/hdds-client-1.2.0-SNAPSHOT.jar:/home/runner/.m2/repository/org/apache/ozone/ozone-interface-client/1.2.0-SNAPSHOT/ozone-interface-client-1.2.0-SNAPSHOT.jar:/home/runner/.m2/repository/org/apache/ozone/hdds-server-framework/1.2.0-SNAPSHOT/hdds-server-framework-1.2.0-SNAPSHOT.jar:/home/runner/.m2/repository/org/apache/ozone/hdds-interface-server/1.2.0-SNAPSHOT/hdds-interface-server-1.2.0-SNAPSHOT.jar:/home/runner/.m2/repository/org/eclipse/jetty/jetty-servlet/9.4.43.v20210629/jetty-servlet-9.4.43.v20210629.jar:/home/runner/.m2/repository/org/eclipse/jetty/jetty-security/9.4.43.v20210629/jetty-security-9.4.43.v20210629.jar:/home/runner/.m2/repository/org/rocksdb/rocksdbjni/6.20.3/rocksdbjni-6.20.3.jar:/home/runner/.m2/repository/io/prometheus/simpleclient_dropwizard/0.7.0/simpleclient_dropwizard-0.7.0.jar:/home/runner/.m2/repository/io/prometheus/simpleclient/0.7.0/simpleclient-0.7.0.jar:/home/runner/.m2/repository/io/prometheus/simpleclient_common/0.7.0/simpleclient_common-0.7.0.jar:/home/runner/.m2/repository/com/fasterxml/jackson/datatype/jackson-datatype-jsr310/2.12.1/jackson-datatype-jsr310-2.12.1.jar:/home/runner/.m2/repository/org/apache/ozone/hdds-test-utils/1.2.0-SNAPSHOT/hdds-test-utils-1.2.0-SNAPSHOT.jar:/home/runner/.m2/repository/com/google/guava/guava/30.1.1-jre/guava-30.1.1-jre.jar:/home/runner/.m2/repository/com/google/guava/failureaccess/1.0.1/failureaccess-1.0.1.jar:/home/runner/.m2/repository/com/google/guava/listenablefuture/9999.0-empty-to-avoid-conflict-with-guava/listenablefuture-9999.0-empty-to-avoid-conflict-with-guava.jar:/home/runner/.m2/repository/com/google/code/findbugs/jsr305/3.0.0/jsr305-3.0.0.jar:/home/runner/.m2/repository/org/checkerframework/checker-qual/3.8.0/checker-qual-3.8.0.jar:/home/runner/.m2/repository/com/google/errorprone/error_prone_annotations/2.2.0/error_prone_annotations-2.2.0.jar:/home/runner/.m2/repository/com/google/j2objc/j2objc-annotations/1.3/j2objc-annotations-1.3.jar:/home/runner/.m2/repository/commons-io/commons-io/2.8.0/commons-io-2.8.0.jar:/home/runner/.m2/repository/commons-logging/commons-logging/1.2/commons-logging-1.2.jar:/home/runner/.m2/repository/log4j/log4j/1.2.17/log4j-1.2.17.jar:/home/runner/.m2/repository/org/slf4j/slf4j-api/1.7.30/slf4j-api-1.7.30.jar:/home/runner/.m2/repository/org/apache/ozone/hdds-server-scm/1.2.0-SNAPSHOT/hdds-server-scm-1.2.0-SNAPSHOT.jar:/home/runner/.m2/repository/org/apache/ozone/hdds-container-service/1.2.0-SNAPSHOT/hdds-container-service-1.2.0-SNAPSHOT.jar:/home/runner/.m2/repository/org/apache/ozone/hdds-hadoop-dependency-server/1.2.0-SNAPSHOT/hdds-hadoop-dependency-server-1.2.0-SNAPSHOT.jar:/home/runner/.m2/repository/org/apache/hadoop/hadoop-hdfs/3.3.1/hadoop-hdfs-3.3.1.jar:/home/runner/.m2/repository/io/dropwizard/metrics/metrics-core/3.2.4/metrics-core-3.2.4.jar:/home/runner/.m2/repository/org/apache/hadoop/hadoop-hdfs-client/3.3.1/hadoop-hdfs-client-3.3.1.jar:/home/runner/.m2/repository/org/bouncycastle/bcprov-jdk15on/1.67/bcprov-jdk15on-1.67.jar:/home/runner/.m2/repository/com/google/protobuf/protobuf-java/2.5.0/protobuf-java-2.5.0.jar:/home/runner/.m2/repository/org/apache/ozone/ozone-manager/1.2.0-SNAPSHOT/ozone-manager-1.2.0-SNAPSHOT.jar:/home/runner/.m2/repository/org/aspectj/aspectjrt/1.8.9/aspectjrt-1.8.9.jar:/home/runner/.m2/repository/org/aspectj/aspectjweaver/1.8.9/aspectjweaver-1.8.9.jar:/home/runner/.m2/repository/org/apache/ozone/hdds-interface-client/1.2.0-SNAPSHOT/hdds-interface-client-1.2.0-SNAPSHOT.jar:/home/runner/.m2/repository/org/apache/hadoop/thirdparty/hadoop-shaded-protobuf_3_7/1.1.1/hadoop-shaded-protobuf_3_7-1.1.1.jar:/home/runner/.m2/repository/org/apache/ratis/ratis-thirdparty-misc/0.7.0/ratis-thirdparty-misc-0.7.0.jar:/home/runner/.m2/repository/org/apache/ozone/ozone-interface-storage/1.2.0-SNAPSHOT/ozone-interface-storage-1.2.0-SNAPSHOT.jar:/home/runner/.m2/repository/org/reflections/reflections/0.9.11/reflections-0.9.11.jar:/home/runner/.m2/repository/org/apache/hadoop/hadoop-minikdc/3.3.1/hadoop-minikdc-3.3.1.jar:/home/runner/.m2/repository/org/apache/kerby/kerb-simplekdc/1.0.1/kerb-simplekdc-1.0.1.jar:/home/runner/.m2/repository/org/apache/kerby/kerb-client/1.0.1/kerb-client-1.0.1.jar:/home/runner/.m2/repository/org/apache/kerby/kerby-config/1.0.1/kerby-config-1.0.1.jar:/home/runner/.m2/repository/org/apache/kerby/kerb-common/1.0.1/kerb-common-1.0.1.jar:/home/runner/.m2/repository/org/apache/kerby/kerb-crypto/1.0.1/kerb-crypto-1.0.1.jar:/home/runner/.m2/repository/org/apache/kerby/kerb-util/1.0.1/kerb-util-1.0.1.jar:/home/runner/.m2/repository/org/apache/kerby/token-provider/1.0.1/token-provider-1.0.1.jar:/home/runner/.m2/repository/org/apache/kerby/kerb-admin/1.0.1/kerb-admin-1.0.1.jar:/home/runner/.m2/repository/org/apache/kerby/kerb-server/1.0.1/kerb-server-1.0.1.jar:/home/runner/.m2/repository/org/apache/kerby/kerb-identity/1.0.1/kerb-identity-1.0.1.jar:/home/runner/.m2/repository/org/apache/kerby/kerby-xdr/1.0.1/kerby-xdr-1.0.1.jar:/home/runner/.m2/repository/org/slf4j/slf4j-log4j12/1.7.30/slf4j-log4j12-1.7.30.jar:/home/runner/.m2/repository/org/apache/ozone/ozone-s3gateway/1.2.0-SNAPSHOT/ozone-s3gateway-1.2.0-SNAPSHOT.jar:/home/runner/.m2/repository/org/javassist/javassist/3.21.0-GA/javassist-3.21.0-GA.jar:/home/runner/.m2/repository/org/jboss/weld/servlet/weld-servlet/2.4.7.Final/weld-servlet-2.4.7.Final.jar:/home/runner/.m2/repository/org/glassfish/jersey/containers/jersey-container-servlet-core/2.33/jersey-container-servlet-core-2.33.jar:/home/runner/.m2/repository/org/glassfish/hk2/external/jakarta.inject/2.6.1/jakarta.inject-2.6.1.jar:/home/runner/.m2/repository/org/glassfish/jersey/core/jersey-common/2.33/jersey-common-2.33.jar:/home/runner/.m2/repository/jakarta/ws/rs/jakarta.ws.rs-api/2.1.6/jakarta.ws.rs-api-2.1.6.jar:/home/runner/.m2/repository/org/glassfish/jersey/ext/cdi/jersey-cdi1x/2.33/jersey-cdi1x-2.33.jar:/home/runner/.m2/repository/org/glassfish/jersey/inject/jersey-hk2/2.33/jersey-hk2-2.33.jar:/home/runner/.m2/repository/org/glassfish/hk2/hk2-locator/2.6.1/hk2-locator-2.6.1.jar:/home/runner/.m2/repository/org/glassfish/jersey/media/jersey-media-jaxb/2.33/jersey-media-jaxb-2.33.jar:/home/runner/.m2/repository/org/glassfish/hk2/osgi-resource-locator/1.0.3/osgi-resource-locator-1.0.3.jar:/home/runner/.m2/repository/org/glassfish/hk2/hk2-api/2.5.0/hk2-api-2.5.0.jar:/home/runner/.m2/repository/org/glassfish/hk2/hk2-utils/2.5.0/hk2-utils-2.5.0.jar:/home/runner/.m2/repository/org/glassfish/hk2/external/aopalliance-repackaged/2.5.0/aopalliance-repackaged-2.5.0.jar:/home/runner/.m2/repository/com/fasterxml/jackson/dataformat/jackson-dataformat-xml/2.12.1/jackson-dataformat-xml-2.12.1.jar:/home/runner/.m2/repository/com/fasterxml/jackson/core/jackson-core/2.12.1/jackson-core-2.12.1.jar:/home/runner/.m2/repository/com/fasterxml/jackson/module/jackson-module-jaxb-annotations/2.12.1/jackson-module-jaxb-annotations-2.12.1.jar:/home/runner/.m2/repository/jakarta/xml/bind/jakarta.xml.bind-api/2.3.2/jakarta.xml.bind-api-2.3.2.jar:/home/runner/.m2/repository/org/codehaus/woodstox/stax2-api/3.1.4/stax2-api-3.1.4.jar:/home/runner/.m2/repository/com/fasterxml/woodstox/woodstox-core/5.0.3/woodstox-core-5.0.3.jar:/home/runner/.m2/repository/javax/enterprise/cdi-api/1.2/cdi-api-1.2.jar:/home/runner/.m2/repository/javax/el/javax.el-api/3.0.0/javax.el-api-3.0.0.jar:/home/runner/.m2/repository/javax/interceptor/javax.interceptor-api/1.2/javax.interceptor-api-1.2.jar:/home/runner/.m2/repository/javax/inject/javax.inject/1/javax.inject-1.jar:/home/runner/.m2/repository/javax/xml/bind/jaxb-api/2.3.0/jaxb-api-2.3.0.jar:/home/runner/.m2/repository/org/glassfish/jaxb/jaxb-runtime/2.3.0.1/jaxb-runtime-2.3.0.1.jar:/home/runner/.m2/repository/org/glassfish/jaxb/jaxb-core/2.3.0.1/jaxb-core-2.3.0.1.jar:/home/runner/.m2/repository/org/glassfish/jaxb/txw2/2.3.0.1/txw2-2.3.0.1.jar:/home/runner/.m2/repository/com/sun/istack/istack-commons-runtime/3.0.5/istack-commons-runtime-3.0.5.jar:/home/runner/.m2/repository/org/jvnet/staxex/stax-ex/1.7.8/stax-ex-1.7.8.jar:/home/runner/.m2/repository/com/sun/xml/fastinfoset/FastInfoset/1.2.13/FastInfoset-1.2.13.jar:/home/runner/.m2/repository/javax/activation/activation/1.1.1/activation-1.1.1.jar:/home/runner/.m2/repository/org/apache/ozone/ozone-csi/1.2.0-SNAPSHOT/ozone-csi-1.2.0-SNAPSHOT.jar:/home/runner/.m2/repository/com/google/protobuf/protobuf-java-util/3.12.0/protobuf-java-util-3.12.0.jar:/home/runner/.m2/repository/com/google/code/gson/gson/2.2.4/gson-2.2.4.jar:/home/runner/.m2/repository/org/apache/ozone/hdds-config/1.2.0-SNAPSHOT/hdds-config-1.2.0-SNAPSHOT.jar:/home/runner/.m2/repository/io/grpc/grpc-netty/1.33.0/grpc-netty-1.33.0.jar:/home/runner/.m2/repository/io/grpc/grpc-core/1.33.0/grpc-core-1.33.0.jar:/home/runner/.m2/repository/com/google/android/annotations/4.1.1.4/annotations-4.1.1.4.jar:/home/runner/.m2/repository/io/netty/netty-codec-http2/4.1.63.Final/netty-codec-http2-4.1.63.Final.jar:/home/runner/.m2/repository/io/netty/netty-codec-http/4.1.63.Final/netty-codec-http-4.1.63.Final.jar:/home/runner/.m2/repository/io/netty/netty-handler-proxy/4.1.63.Final/netty-handler-proxy-4.1.63.Final.jar:/home/runner/.m2/repository/io/netty/netty-codec-socks/4.1.63.Final/netty-codec-socks-4.1.63.Final.jar:/home/runner/.m2/repository/io/perfmark/perfmark-api/0.19.0/perfmark-api-0.19.0.jar:/home/runner/.m2/repository/org/codehaus/mojo/animal-sniffer-annotations/1.18/animal-sniffer-annotations-1.18.jar:/home/runner/.m2/repository/io/netty/netty-transport-native-epoll/4.1.63.Final/netty-transport-native-epoll-4.1.63.Final.jar:/home/runner/.m2/repository/io/netty/netty-common/4.1.63.Final/netty-common-4.1.63.Final.jar:/home/runner/.m2/repository/io/netty/netty-buffer/4.1.63.Final/netty-buffer-4.1.63.Final.jar:/home/runner/.m2/repository/io/netty/netty-transport-native-unix-common/4.1.63.Final/netty-transport-native-unix-common-4.1.63.Final.jar:/home/runner/.m2/repository/io/grpc/grpc-protobuf/1.33.0/grpc-protobuf-1.33.0.jar:/home/runner/.m2/repository/io/grpc/grpc-api/1.33.0/grpc-api-1.33.0.jar:/home/runner/.m2/repository/io/grpc/grpc-context/1.33.0/grpc-context-1.33.0.jar:/home/runner/.m2/repository/com/google/api/grpc/proto-google-common-protos/1.17.0/proto-google-common-protos-1.17.0.jar:/home/runner/.m2/repository/io/grpc/grpc-protobuf-lite/1.33.0/grpc-protobuf-lite-1.33.0.jar:/home/runner/.m2/repository/io/grpc/grpc-stub/1.33.0/grpc-stub-1.33.0.jar:/home/runner/.m2/repository/org/apache/ozone/ozone-recon/1.2.0-SNAPSHOT/ozone-recon-1.2.0-SNAPSHOT.jar:/home/runner/.m2/repository/org/apache/ozone/ozone-reconcodegen/1.2.0-SNAPSHOT/ozone-reconcodegen-1.2.0-SNAPSHOT.jar:/home/runner/.m2/repository/com/google/inject/extensions/guice-multibindings/4.0/guice-multibindings-4.0.jar:/home/runner/.m2/repository/com/google/inject/guice/4.0/guice-4.0.jar:/home/runner/.m2/repository/aopalliance/aopalliance/1.0/aopalliance-1.0.jar:/home/runner/.m2/repository/com/google/inject/extensions/guice-assistedinject/4.0/guice-assistedinject-4.0.jar:/home/runner/.m2/repository/com/google/inject/extensions/guice-servlet/4.0/guice-servlet-4.0.jar:/home/runner/.m2/repository/org/glassfish/jersey/containers/jersey-container-servlet/2.33/jersey-container-servlet-2.33.jar:/home/runner/.m2/repository/org/glassfish/hk2/guice-bridge/2.5.0/guice-bridge-2.5.0.jar:/home/runner/.m2/repository/org/glassfish/jersey/core/jersey-server/2.33/jersey-server-2.33.jar:/home/runner/.m2/repository/org/glassfish/jersey/core/jersey-client/2.33/jersey-client-2.33.jar:/home/runner/.m2/repository/jakarta/annotation/jakarta.annotation-api/1.3.5/jakarta.annotation-api-1.3.5.jar:/home/runner/.m2/repository/jakarta/validation/jakarta.validation-api/2.0.2/jakarta.validation-api-2.0.2.jar:/home/runner/.m2/repository/org/glassfish/jersey/media/jersey-media-json-jackson/2.33/jersey-media-json-jackson-2.33.jar:/home/runner/.m2/repository/org/glassfish/jersey/ext/jersey-entity-filtering/2.33/jersey-entity-filtering-2.33.jar:/home/runner/.m2/repository/org/jooq/jooq/3.11.10/jooq-3.11.10.jar:/home/runner/.m2/repository/org/jooq/jooq-meta/3.11.10/jooq-meta-3.11.10.jar:/home/runner/.m2/repository/org/jooq/jooq-codegen/3.11.10/jooq-codegen-3.11.10.jar:/home/runner/.m2/repository/com/jolbox/bonecp/0.8.0.RELEASE/bonecp-0.8.0.RELEASE.jar:/home/runner/.m2/repository/org/apache/derby/derby/10.14.2.0/derby-10.14.2.0.jar:/home/runner/.m2/repository/org/xerial/sqlite-jdbc/3.25.2/sqlite-jdbc-3.25.2.jar:/home/runner/.m2/repository/org/springframework/spring-jdbc/5.2.11.RELEASE/spring-jdbc-5.2.11.RELEASE.jar:/home/runner/.m2/repository/org/springframework/spring-beans/5.2.11.RELEASE/spring-beans-5.2.11.RELEASE.jar:/home/runner/.m2/repository/org/springframework/spring-core/5.2.11.RELEASE/spring-core-5.2.11.RELEASE.jar:/home/runner/.m2/repository/org/springframework/spring-jcl/5.2.11.RELEASE/spring-jcl-5.2.11.RELEASE.jar:/home/runner/.m2/repository/org/springframework/spring-tx/5.2.11.RELEASE/spring-tx-5.2.11.RELEASE.jar:/home/runner/.m2/repository/org/apache/ozone/ozone-client/1.2.0-SNAPSHOT/ozone-client-1.2.0-SNAPSHOT.jar:/home/runner/.m2/repository/org/apache/ozone/ozone-filesystem/1.2.0-SNAPSHOT/ozone-filesystem-1.2.0-SNAPSHOT.jar:/home/runner/.m2/repository/org/apache/ozone/ozone-filesystem-common/1.2.0-SNAPSHOT/ozone-filesystem-common-1.2.0-SNAPSHOT.jar:/home/runner/.m2/repository/org/apache/ozone/ozone-tools/1.2.0-SNAPSHOT/ozone-tools-1.2.0-SNAPSHOT.jar:/home/runner/.m2/repository/org/apache/ratis/ratis-tools/2.1.0-03f3b68-SNAPSHOT/ratis-tools-2.1.0-03f3b68-SNAPSHOT.jar:/home/runner/.m2/repository/org/apache/ratis/ratis-proto/2.1.0-03f3b68-SNAPSHOT/ratis-proto-2.1.0-03f3b68-SNAPSHOT.jar:/home/runner/.m2/repository/org/apache/ratis/ratis-common/2.1.0-03f3b68-SNAPSHOT/ratis-common-2.1.0-03f3b68-SNAPSHOT.jar:/home/runner/.m2/repository/com/amazonaws/aws-java-sdk-core/1.11.901/aws-java-sdk-core-1.11.901.jar:/home/runner/.m2/repository/org/apache/httpcomponents/httpclient/4.5.13/httpclient-4.5.13.jar:/home/runner/.m2/repository/org/apache/httpcomponents/httpcore/4.4.13/httpcore-4.4.13.jar:/home/runner/.m2/repository/software/amazon/ion/ion-java/1.0.2/ion-java-1.0.2.jar:/home/runner/.m2/repository/com/fasterxml/jackson/dataformat/jackson-dataformat-cbor/2.12.1/jackson-dataformat-cbor-2.12.1.jar:/home/runner/.m2/repository/joda-time/joda-time/2.8.1/joda-time-2.8.1.jar:/home/runner/.m2/repository/com/amazonaws/aws-java-sdk-s3/1.11.901/aws-java-sdk-s3-1.11.901.jar:/home/runner/.m2/repository/com/amazonaws/aws-java-sdk-kms/1.11.901/aws-java-sdk-kms-1.11.901.jar:/home/runner/.m2/repository/com/amazonaws/jmespath-java/1.11.901/jmespath-java-1.11.901.jar:/home/runner/.m2/repository/org/kohsuke/metainf-services/metainf-services/1.8/metainf-services-1.8.jar:/home/runner/.m2/repository/org/apache/ozone/hdds-tools/1.2.0-SNAPSHOT/hdds-tools-1.2.0-SNAPSHOT.jar:/home/runner/.m2/repository/commons-cli/commons-cli/1.2/commons-cli-1.2.jar:/home/runner/.m2/repository/org/apache/commons/commons-lang3/3.7/commons-lang3-3.7.jar:/home/runner/.m2/repository/org/apache/ozone/ozone-manager/1.2.0-SNAPSHOT/ozone-manager-1.2.0-SNAPSHOT-tests.jar:/home/runner/.m2/repository/org/apache/ozone/hdds-common/1.2.0-SNAPSHOT/hdds-common-1.2.0-SNAPSHOT-tests.jar:/home/runner/.m2/repository/org/apache/ozone/hdds-hadoop-dependency-client/1.2.0-SNAPSHOT/hdds-hadoop-dependency-client-1.2.0-SNAPSHOT.jar:/home/runner/.m2/repository/info/picocli/picocli/4.4.0/picocli-4.4.0.jar:/home/runner/.m2/repository/com/fasterxml/jackson/core/jackson-annotations/2.12.1/jackson-annotations-2.12.1.jar:/home/runner/.m2/repository/javax/annotation/javax.annotation-api/1.2/javax.annotation-api-1.2.jar:/home/runner/.m2/repository/org/apache/ratis/ratis-server/2.1.0-03f3b68-SNAPSHOT/ratis-server-2.1.0-03f3b68-SNAPSHOT.jar:/home/runner/.m2/repository/org/apache/ratis/ratis-client/2.1.0-03f3b68-SNAPSHOT/ratis-client-2.1.0-03f3b68-SNAPSHOT.jar:/home/runner/.m2/repository/org/apache/ratis/ratis-server-api/2.1.0-03f3b68-SNAPSHOT/ratis-server-api-2.1.0-03f3b68-SNAPSHOT.jar:/home/runner/.m2/repository/org/apache/ratis/ratis-metrics/2.1.0-03f3b68-SNAPSHOT/ratis-metrics-2.1.0-03f3b68-SNAPSHOT.jar:/home/runner/.m2/repository/org/apache/ratis/ratis-netty/2.1.0-03f3b68-SNAPSHOT/ratis-netty-2.1.0-03f3b68-SNAPSHOT.jar:/home/runner/.m2/repository/org/apache/ratis/ratis-grpc/2.1.0-03f3b68-SNAPSHOT/ratis-grpc-2.1.0-03f3b68-SNAPSHOT.jar:/home/runner/.m2/repository/org/apache/logging/log4j/log4j-api/2.13.3/log4j-api-2.13.3.jar:/home/runner/.m2/repository/org/apache/logging/log4j/log4j-core/2.13.3/log4j-core-2.13.3.jar:/home/runner/.m2/repository/com/lmax/disruptor/3.4.2/disruptor-3.4.2.jar:/home/runner/.m2/repository/org/apache/commons/commons-pool2/2.6.0/commons-pool2-2.6.0.jar:/home/runner/.m2/repository/org/bouncycastle/bcpkix-jdk15on/1.67/bcpkix-jdk15on-1.67.jar:/home/runner/.m2/repository/commons-validator/commons-validator/1.6/commons-validator-1.6.jar:/home/runner/.m2/repository/commons-beanutils/commons-beanutils/1.9.4/commons-beanutils-1.9.4.jar:/home/runner/.m2/repository/commons-digester/commons-digester/1.8.1/commons-digester-1.8.1.jar:/home/runner/.m2/repository/commons-collections/commons-collections/3.2.2/commons-collections-3.2.2.jar:/home/runner/.m2/repository/io/jaegertracing/jaeger-client/1.6.0/jaeger-client-1.6.0.jar:/home/runner/.m2/repository/io/jaegertracing/jaeger-thrift/1.6.0/jaeger-thrift-1.6.0.jar:/home/runner/.m2/repository/org/apache/thrift/libthrift/0.14.1/libthrift-0.14.1.jar:/home/runner/.m2/repository/com/squareup/okhttp3/okhttp/4.9.0/okhttp-4.9.0.jar:/home/runner/.m2/repository/com/squareup/okio/okio/2.8.0/okio-2.8.0.jar:/home/runner/.m2/repository/io/jaegertracing/jaeger-core/1.6.0/jaeger-core-1.6.0.jar:/home/runner/.m2/repository/io/jaegertracing/jaeger-tracerresolver/1.6.0/jaeger-tracerresolver-1.6.0.jar:/home/runner/.m2/repository/io/opentracing/contrib/opentracing-tracerresolver/0.1.8/opentracing-tracerresolver-0.1.8.jar:/home/runner/.m2/repository/org/jetbrains/kotlin/kotlin-stdlib/1.4.31/kotlin-stdlib-1.4.31.jar:/home/runner/.m2/repository/org/jetbrains/kotlin/kotlin-stdlib-common/1.4.31/kotlin-stdlib-common-1.4.31.jar:/home/runner/.m2/repository/org/jetbrains/annotations/13.0/annotations-13.0.jar:/home/runner/.m2/repository/io/opentracing/opentracing-util/0.33.0/opentracing-util-0.33.0.jar:/home/runner/.m2/repository/io/opentracing/opentracing-api/0.33.0/opentracing-api-0.33.0.jar:/home/runner/.m2/repository/io/opentracing/opentracing-noop/0.33.0/opentracing-noop-0.33.0.jar:/home/runner/.m2/repository/org/yaml/snakeyaml/1.26/snakeyaml-1.26.jar:/home/runner/.m2/repository/org/apache/ozone/hdds-interface-admin/1.2.0-SNAPSHOT/hdds-interface-admin-1.2.0-SNAPSHOT.jar:/home/runner/.m2/repository/junit/junit/4.13.1/junit-4.13.1.jar:/home/runner/.m2/repository/org/hamcrest/hamcrest-core/1.3/hamcrest-core-1.3.jar:/home/runner/.m2/repository/org/junit/jupiter/junit-jupiter-api/5.7.0/junit-jupiter-api-5.7.0.jar:/home/runner/.m2/repository/org/apiguardian/apiguardian-api/1.1.0/apiguardian-api-1.1.0.jar:/home/runner/.m2/repository/org/opentest4j/opentest4j/1.2.0/opentest4j-1.2.0.jar:/home/runner/.m2/repository/org/junit/platform/junit-platform-commons/1.7.0/junit-platform-commons-1.7.0.jar:/home/runner/.m2/repository/org/junit/jupiter/junit-jupiter-engine/5.7.0/junit-jupiter-engine-5.7.0.jar:/home/runner/.m2/repository/org/junit/platform/junit-platform-engine/1.7.0/junit-platform-engine-1.7.0.jar:/home/runner/.m2/repository/org/junit/vintage/junit-vintage-engine/5.7.0/junit-vintage-engine-5.7.0.jar:/home/runner/.m2/repository/org/junit/platform/junit-platform-launcher/1.7.0/junit-platform-launcher-1.7.0.jar:/home/runner/.m2/repository/org/openjdk/jmh/jmh-core/1.19/jmh-core-1.19.jar:/home/runner/.m2/repository/net/sf/jopt-simple/jopt-simple/4.6/jopt-simple-4.6.jar:/home/runner/.m2/repository/org/apache/commons/commons-math3/3.1.1/commons-math3-3.1.1.jar:/home/runner/.m2/repository/org/openjdk/jmh/jmh-generator-annprocess/1.19/jmh-generator-annprocess-1.19.jar:/home/runner/.m2/repository/org/mockito/mockito-core/2.28.2/mockito-core-2.28.2.jar:/home/runner/.m2/repository/net/bytebuddy/byte-buddy/1.9.10/byte-buddy-1.9.10.jar:/home/runner/.m2/repository/net/bytebuddy/byte-buddy-agent/1.9.10/byte-buddy-agent-1.9.10.jar:/home/runner/.m2/repository/org/objenesis/objenesis/1.0/objenesis-1.0.jar:/home/runner/.m2/repository/org/apache/hadoop/hadoop-kms/3.3.1/hadoop-kms-3.3.1.jar:/home/runner/.m2/repository/org/apache/hadoop/hadoop-auth/3.3.1/hadoop-auth-3.3.1.jar:/home/runner/.m2/repository/com/nimbusds/nimbus-jose-jwt/7.9/nimbus-jose-jwt-7.9.jar:/home/runner/.m2/repository/com/github/stephenc/jcip/jcip-annotations/1.0-1/jcip-annotations-1.0-1.jar:/home/runner/.m2/repository/net/minidev/json-smart/2.3/json-smart-2.3.jar:/home/runner/.m2/repository/net/minidev/accessors-smart/1.2/accessors-smart-1.2.jar:/home/runner/.m2/repository/org/ow2/asm/asm/5.0.4/asm-5.0.4.jar:/home/runner/.m2/repository/org/apache/zookeeper/zookeeper/3.5.6/zookeeper-3.5.6.jar:/home/runner/.m2/repository/org/apache/zookeeper/zookeeper-jute/3.5.6/zookeeper-jute-3.5.6.jar:/home/runner/.m2/repository/org/apache/yetus/audience-annotations/0.5.0/audience-annotations-0.5.0.jar:/home/runner/.m2/repository/org/apache/curator/curator-framework/4.2.0/curator-framework-4.2.0.jar:/home/runner/.m2/repository/org/apache/hadoop/thirdparty/hadoop-shaded-guava/1.1.1/hadoop-shaded-guava-1.1.1.jar:/home/runner/.m2/repository/com/sun/jersey/jersey-core/1.19/jersey-core-1.19.jar:/home/runner/.m2/repository/javax/ws/rs/jsr311-api/1.1.1/jsr311-api-1.1.1.jar:/home/runner/.m2/repository/com/sun/jersey/jersey-server/1.19/jersey-server-1.19.jar:/home/runner/.m2/repository/javax/servlet/javax.servlet-api/3.1.0/javax.servlet-api-3.1.0.jar:/home/runner/.m2/repository/org/eclipse/jetty/jetty-server/9.4.43.v20210629/jetty-server-9.4.43.v20210629.jar:/home/runner/.m2/repository/org/eclipse/jetty/jetty-http/9.4.43.v20210629/jetty-http-9.4.43.v20210629.jar:/home/runner/.m2/repository/org/eclipse/jetty/jetty-io/9.4.43.v20210629/jetty-io-9.4.43.v20210629.jar:/home/runner/.m2/repository/org/eclipse/jetty/jetty-webapp/9.4.43.v20210629/jetty-webapp-9.4.43.v20210629.jar:/home/runner/.m2/repository/org/eclipse/jetty/jetty-xml/9.4.43.v20210629/jetty-xml-9.4.43.v20210629.jar:/home/runner/.m2/repository/org/apache/hadoop/hadoop-common/3.3.1/hadoop-common-3.3.1.jar:/home/runner/.m2/repository/commons-net/commons-net/3.6/commons-net-3.6.jar:/home/runner/.m2/repository/jakarta/activation/jakarta.activation-api/1.2.1/jakarta.activation-api-1.2.1.jar:/home/runner/.m2/repository/com/sun/jersey/jersey-servlet/1.19/jersey-servlet-1.19.jar:/home/runner/.m2/repository/com/sun/jersey/jersey-json/1.19/jersey-json-1.19.jar:/home/runner/.m2/repository/org/codehaus/jettison/jettison/1.1/jettison-1.1.jar:/home/runner/.m2/repository/com/sun/xml/bind/jaxb-impl/2.2.3-1/jaxb-impl-2.2.3-1.jar:/home/runner/.m2/repository/org/codehaus/jackson/jackson-jaxrs/1.9.2/jackson-jaxrs-1.9.2.jar:/home/runner/.m2/repository/org/codehaus/jackson/jackson-xc/1.9.2/jackson-xc-1.9.2.jar:/home/runner/.m2/repository/org/apache/commons/commons-configuration2/2.1.1/commons-configuration2-2.1.1.jar:/home/runner/.m2/repository/org/apache/commons/commons-text/1.4/commons-text-1.4.jar:/home/runner/.m2/repository/com/google/re2j/re2j/1.1/re2j-1.1.jar:/home/runner/.m2/repository/com/jcraft/jsch/0.1.54/jsch-0.1.54.jar:/home/runner/.m2/repository/org/apache/curator/curator-client/4.2.0/curator-client-4.2.0.jar:/home/runner/.m2/repository/org/apache/curator/curator-recipes/4.2.0/curator-recipes-4.2.0.jar:/home/runner/.m2/repository/org/apache/kerby/kerb-core/1.0.1/kerb-core-1.0.1.jar:/home/runner/.m2/repository/org/apache/kerby/kerby-pkix/1.0.1/kerby-pkix-1.0.1.jar:/home/runner/.m2/repository/org/apache/kerby/kerby-asn1/1.0.1/kerby-asn1-1.0.1.jar:/home/runner/.m2/repository/org/apache/kerby/kerby-util/1.0.1/kerby-util-1.0.1.jar:/home/runner/.m2/repository/dnsjava/dnsjava/2.1.7/dnsjava-2.1.7.jar:/home/runner/.m2/repository/org/xerial/snappy/snappy-java/1.1.8.2/snappy-java-1.1.8.2.jar:/home/runner/.m2/repository/org/slf4j/jul-to-slf4j/1.7.30/jul-to-slf4j-1.7.30.jar:/home/runner/.m2/repository/org/eclipse/jetty/jetty-util/9.4.43.v20210629/jetty-util-9.4.43.v20210629.jar:/home/runner/.m2/repository/com/fasterxml/jackson/core/jackson-databind/2.12.1/jackson-databind-2.12.1.jar:/home/runner/.m2/repository/org/apache/hadoop/hadoop-kms/3.3.1/hadoop-kms-3.3.1-tests.jar:/home/runner/.m2/repository/org/apache/ozone/hdds-server-scm/1.2.0-SNAPSHOT/hdds-server-scm-1.2.0-SNAPSHOT-tests.jar:/home/runner/.m2/repository/org/apache/ozone/hdds-container-service/1.2.0-SNAPSHOT/hdds-container-service-1.2.0-SNAPSHOT-tests.jar:/home/runner/.m2/repository/commons-codec/commons-codec/1.11/commons-codec-1.11.jar:/home/runner/.m2/repository/io/netty/netty-transport/4.1.63.Final/netty-transport-4.1.63.Final.jar:/home/runner/.m2/repository/io/netty/netty-resolver/4.1.63.Final/netty-resolver-4.1.63.Final.jar:/home/runner/.m2/repository/io/netty/netty-codec/4.1.63.Final/netty-codec-4.1.63.Final.jar:/home/runner/.m2/repository/io/netty/netty-handler/4.1.63.Final/netty-handler-4.1.63.Final.jar:/home/runner/.m2/repository/org/apache/ozone/hdds-hadoop-dependency-test/1.2.0-SNAPSHOT/hdds-hadoop-dependency-test-1.2.0-SNAPSHOT.jar:/home/runner/.m2/repository/org/apache/hadoop/hadoop-common/3.3.1/hadoop-common-3.3.1-tests.jar:/home/runner/.m2/repository/org/assertj/assertj-core/3.12.2/assertj-core-3.12.2.jar:/home/runner/.m2/repository/org/apache/hadoop/hadoop-hdfs/3.3.1/hadoop-hdfs-3.3.1-tests.jar:/home/runner/.m2/repository/org/eclipse/jetty/jetty-util-ajax/9.4.43.v20210629/jetty-util-ajax-9.4.43.v20210629.jar:/home/runner/.m2/repository/commons-daemon/commons-daemon/1.0.13/commons-daemon-1.0.13.jar:/home/runner/.m2/repository/io/netty/netty/3.10.6.Final/netty-3.10.6.Final.jar:/home/runner/.m2/repository/io/netty/netty-all/4.1.63.Final/netty-all-4.1.63.Final.jar:/home/runner/.m2/repository/org/apache/htrace/htrace-core4/4.1.0-incubating/htrace-core4-4.1.0-incubating.jar:/home/runner/.m2/repository/org/fusesource/leveldbjni/leveldbjni-all/1.8/leveldbjni-all-1.8.jar:/home/runner/.m2/repository/org/apache/hadoop/hadoop-distcp/3.3.1/hadoop-distcp-3.3.1.jar:/home/runner/.m2/repository/org/apache/hadoop/hadoop-mapreduce-client-jobclient/3.3.1/hadoop-mapreduce-client-jobclient-3.3.1.jar:/home/runner/.m2/repository/org/apache/hadoop/hadoop-mapreduce-client-common/3.3.1/hadoop-mapreduce-client-common-3.3.1.jar:/home/runner/.m2/repository/org/apache/hadoop/hadoop-yarn-common/3.3.1/hadoop-yarn-common-3.3.1.jar:/home/runner/.m2/repository/org/apache/hadoop/hadoop-yarn-api/3.3.1/hadoop-yarn-api-3.3.1.jar:/home/runner/.m2/repository/com/sun/jersey/jersey-client/1.19/jersey-client-1.19.jar:/home/runner/.m2/repository/com/sun/jersey/contribs/jersey-guice/1.19/jersey-guice-1.19.jar:/home/runner/.m2/repository/com/fasterxml/jackson/jaxrs/jackson-jaxrs-json-provider/2.12.1/jackson-jaxrs-json-provider-2.12.1.jar:/home/runner/.m2/repository/com/fasterxml/jackson/jaxrs/jackson-jaxrs-base/2.12.1/jackson-jaxrs-base-2.12.1.jar:/home/runner/.m2/repository/org/apache/hadoop/hadoop-yarn-client/3.3.1/hadoop-yarn-client-3.3.1.jar:/home/runner/.m2/repository/org/eclipse/jetty/websocket/websocket-client/9.4.40.v20210413/websocket-client-9.4.40.v20210413.jar:/home/runner/.m2/repository/org/eclipse/jetty/jetty-client/9.4.40.v20210413/jetty-client-9.4.40.v20210413.jar:/home/runner/.m2/repository/org/eclipse/jetty/websocket/websocket-common/9.4.40.v20210413/websocket-common-9.4.40.v20210413.jar:/home/runner/.m2/repository/org/eclipse/jetty/websocket/websocket-api/9.4.40.v20210413/websocket-api-9.4.40.v20210413.jar:/home/runner/.m2/repository/org/jline/jline/3.9.0/jline-3.9.0.jar:/home/runner/.m2/repository/org/apache/hadoop/hadoop-mapreduce-client-core/3.3.1/hadoop-mapreduce-client-core-3.3.1.jar:/home/runner/.m2/repository/org/apache/avro/avro/1.7.7/avro-1.7.7.jar:/home/runner/.m2/repository/org/codehaus/jackson/jackson-core-asl/1.9.13/jackson-core-asl-1.9.13.jar:/home/runner/.m2/repository/org/codehaus/jackson/jackson-mapper-asl/1.9.13/jackson-mapper-asl-1.9.13.jar:/home/runner/.m2/repository/com/thoughtworks/paranamer/paranamer/2.3/paranamer-2.3.jar:/home/runner/.m2/repository/org/apache/hadoop/hadoop-annotations/3.3.1/hadoop-annotations-3.3.1.jar:/usr/lib/jvm/adoptopenjdk-8-hotspot-amd64/jre/../lib/tools.jar:/home/runner/.m2/repository/org/apache/hadoop/hadoop-distcp/3.3.1/hadoop-distcp-3.3.1-tests.jar:"/>
    <property name="java.vm.vendor" value="AdoptOpenJDK"/>
    <property name="sun.arch.data.model" value="64"/>
    <property name="test.build.dir" value="/home/runner/work/ozone/ozone/hadoop-ozone/integration-test/target/test-dir"/>
    <property name="test.cache.data" value=""/>
    <property name="java.vendor.url" value="https://adoptopenjdk.net/"/>
    <property name="user.timezone" value=""/>
    <property name="java.vm.specification.version" value="1.8"/>
    <property name="os.name" value="Linux"/>
    <property name="test.build.data" value="/home/runner/work/ozone/ozone/hadoop-ozone/integration-test/target/test-dir"/>
    <property name="sun.java.launcher" value="SUN_STANDARD"/>
    <property name="sun.boot.library.path" value="/usr/lib/jvm/adoptopenjdk-8-hotspot-amd64/jre/lib/amd64"/>
    <property name="sun.java.command" value="/home/runner/work/ozone/ozone/hadoop-ozone/integration-test/target/surefire/surefirebooter6592231740621231277.jar /home/runner/work/ozone/ozone/hadoop-ozone/integration-test/target/surefire 2021-08-11T23-57-38_037-jvmRun1 surefire6980182325514779704tmp surefire_86198437070070410242tmp"/>
    <property name="surefire.test.class.path" value="/home/runner/work/ozone/ozone/hadoop-ozone/integration-test/target/test-classes:/home/runner/work/ozone/ozone/hadoop-ozone/integration-test/target/classes:/home/runner/.m2/repository/org/apache/ozone/ozone-common/1.2.0-SNAPSHOT/ozone-common-1.2.0-SNAPSHOT.jar:/home/runner/.m2/repository/org/apache/commons/commons-compress/1.20/commons-compress-1.20.jar:/home/runner/.m2/repository/org/apache/ozone/hdds-common/1.2.0-SNAPSHOT/hdds-common-1.2.0-SNAPSHOT.jar:/home/runner/.m2/repository/org/apache/ozone/hdds-client/1.2.0-SNAPSHOT/hdds-client-1.2.0-SNAPSHOT.jar:/home/runner/.m2/repository/org/apache/ozone/ozone-interface-client/1.2.0-SNAPSHOT/ozone-interface-client-1.2.0-SNAPSHOT.jar:/home/runner/.m2/repository/org/apache/ozone/hdds-server-framework/1.2.0-SNAPSHOT/hdds-server-framework-1.2.0-SNAPSHOT.jar:/home/runner/.m2/repository/org/apache/ozone/hdds-interface-server/1.2.0-SNAPSHOT/hdds-interface-server-1.2.0-SNAPSHOT.jar:/home/runner/.m2/repository/org/eclipse/jetty/jetty-servlet/9.4.43.v20210629/jetty-servlet-9.4.43.v20210629.jar:/home/runner/.m2/repository/org/eclipse/jetty/jetty-security/9.4.43.v20210629/jetty-security-9.4.43.v20210629.jar:/home/runner/.m2/repository/org/rocksdb/rocksdbjni/6.20.3/rocksdbjni-6.20.3.jar:/home/runner/.m2/repository/io/prometheus/simpleclient_dropwizard/0.7.0/simpleclient_dropwizard-0.7.0.jar:/home/runner/.m2/repository/io/prometheus/simpleclient/0.7.0/simpleclient-0.7.0.jar:/home/runner/.m2/repository/io/prometheus/simpleclient_common/0.7.0/simpleclient_common-0.7.0.jar:/home/runner/.m2/repository/com/fasterxml/jackson/datatype/jackson-datatype-jsr310/2.12.1/jackson-datatype-jsr310-2.12.1.jar:/home/runner/.m2/repository/org/apache/ozone/hdds-test-utils/1.2.0-SNAPSHOT/hdds-test-utils-1.2.0-SNAPSHOT.jar:/home/runner/.m2/repository/com/google/guava/guava/30.1.1-jre/guava-30.1.1-jre.jar:/home/runner/.m2/repository/com/google/guava/failureaccess/1.0.1/failureaccess-1.0.1.jar:/home/runner/.m2/repository/com/google/guava/listenablefuture/9999.0-empty-to-avoid-conflict-with-guava/listenablefuture-9999.0-empty-to-avoid-conflict-with-guava.jar:/home/runner/.m2/repository/com/google/code/findbugs/jsr305/3.0.0/jsr305-3.0.0.jar:/home/runner/.m2/repository/org/checkerframework/checker-qual/3.8.0/checker-qual-3.8.0.jar:/home/runner/.m2/repository/com/google/errorprone/error_prone_annotations/2.2.0/error_prone_annotations-2.2.0.jar:/home/runner/.m2/repository/com/google/j2objc/j2objc-annotations/1.3/j2objc-annotations-1.3.jar:/home/runner/.m2/repository/commons-io/commons-io/2.8.0/commons-io-2.8.0.jar:/home/runner/.m2/repository/commons-logging/commons-logging/1.2/commons-logging-1.2.jar:/home/runner/.m2/repository/log4j/log4j/1.2.17/log4j-1.2.17.jar:/home/runner/.m2/repository/org/slf4j/slf4j-api/1.7.30/slf4j-api-1.7.30.jar:/home/runner/.m2/repository/org/apache/ozone/hdds-server-scm/1.2.0-SNAPSHOT/hdds-server-scm-1.2.0-SNAPSHOT.jar:/home/runner/.m2/repository/org/apache/ozone/hdds-container-service/1.2.0-SNAPSHOT/hdds-container-service-1.2.0-SNAPSHOT.jar:/home/runner/.m2/repository/org/apache/ozone/hdds-hadoop-dependency-server/1.2.0-SNAPSHOT/hdds-hadoop-dependency-server-1.2.0-SNAPSHOT.jar:/home/runner/.m2/repository/org/apache/hadoop/hadoop-hdfs/3.3.1/hadoop-hdfs-3.3.1.jar:/home/runner/.m2/repository/io/dropwizard/metrics/metrics-core/3.2.4/metrics-core-3.2.4.jar:/home/runner/.m2/repository/org/apache/hadoop/hadoop-hdfs-client/3.3.1/hadoop-hdfs-client-3.3.1.jar:/home/runner/.m2/repository/org/bouncycastle/bcprov-jdk15on/1.67/bcprov-jdk15on-1.67.jar:/home/runner/.m2/repository/com/google/protobuf/protobuf-java/2.5.0/protobuf-java-2.5.0.jar:/home/runner/.m2/repository/org/apache/ozone/ozone-manager/1.2.0-SNAPSHOT/ozone-manager-1.2.0-SNAPSHOT.jar:/home/runner/.m2/repository/org/aspectj/aspectjrt/1.8.9/aspectjrt-1.8.9.jar:/home/runner/.m2/repository/org/aspectj/aspectjweaver/1.8.9/aspectjweaver-1.8.9.jar:/home/runner/.m2/repository/org/apache/ozone/hdds-interface-client/1.2.0-SNAPSHOT/hdds-interface-client-1.2.0-SNAPSHOT.jar:/home/runner/.m2/repository/org/apache/hadoop/thirdparty/hadoop-shaded-protobuf_3_7/1.1.1/hadoop-shaded-protobuf_3_7-1.1.1.jar:/home/runner/.m2/repository/org/apache/ratis/ratis-thirdparty-misc/0.7.0/ratis-thirdparty-misc-0.7.0.jar:/home/runner/.m2/repository/org/apache/ozone/ozone-interface-storage/1.2.0-SNAPSHOT/ozone-interface-storage-1.2.0-SNAPSHOT.jar:/home/runner/.m2/repository/org/reflections/reflections/0.9.11/reflections-0.9.11.jar:/home/runner/.m2/repository/org/apache/hadoop/hadoop-minikdc/3.3.1/hadoop-minikdc-3.3.1.jar:/home/runner/.m2/repository/org/apache/kerby/kerb-simplekdc/1.0.1/kerb-simplekdc-1.0.1.jar:/home/runner/.m2/repository/org/apache/kerby/kerb-client/1.0.1/kerb-client-1.0.1.jar:/home/runner/.m2/repository/org/apache/kerby/kerby-config/1.0.1/kerby-config-1.0.1.jar:/home/runner/.m2/repository/org/apache/kerby/kerb-common/1.0.1/kerb-common-1.0.1.jar:/home/runner/.m2/repository/org/apache/kerby/kerb-crypto/1.0.1/kerb-crypto-1.0.1.jar:/home/runner/.m2/repository/org/apache/kerby/kerb-util/1.0.1/kerb-util-1.0.1.jar:/home/runner/.m2/repository/org/apache/kerby/token-provider/1.0.1/token-provider-1.0.1.jar:/home/runner/.m2/repository/org/apache/kerby/kerb-admin/1.0.1/kerb-admin-1.0.1.jar:/home/runner/.m2/repository/org/apache/kerby/kerb-server/1.0.1/kerb-server-1.0.1.jar:/home/runner/.m2/repository/org/apache/kerby/kerb-identity/1.0.1/kerb-identity-1.0.1.jar:/home/runner/.m2/repository/org/apache/kerby/kerby-xdr/1.0.1/kerby-xdr-1.0.1.jar:/home/runner/.m2/repository/org/slf4j/slf4j-log4j12/1.7.30/slf4j-log4j12-1.7.30.jar:/home/runner/.m2/repository/org/apache/ozone/ozone-s3gateway/1.2.0-SNAPSHOT/ozone-s3gateway-1.2.0-SNAPSHOT.jar:/home/runner/.m2/repository/org/javassist/javassist/3.21.0-GA/javassist-3.21.0-GA.jar:/home/runner/.m2/repository/org/jboss/weld/servlet/weld-servlet/2.4.7.Final/weld-servlet-2.4.7.Final.jar:/home/runner/.m2/repository/org/glassfish/jersey/containers/jersey-container-servlet-core/2.33/jersey-container-servlet-core-2.33.jar:/home/runner/.m2/repository/org/glassfish/hk2/external/jakarta.inject/2.6.1/jakarta.inject-2.6.1.jar:/home/runner/.m2/repository/org/glassfish/jersey/core/jersey-common/2.33/jersey-common-2.33.jar:/home/runner/.m2/repository/jakarta/ws/rs/jakarta.ws.rs-api/2.1.6/jakarta.ws.rs-api-2.1.6.jar:/home/runner/.m2/repository/org/glassfish/jersey/ext/cdi/jersey-cdi1x/2.33/jersey-cdi1x-2.33.jar:/home/runner/.m2/repository/org/glassfish/jersey/inject/jersey-hk2/2.33/jersey-hk2-2.33.jar:/home/runner/.m2/repository/org/glassfish/hk2/hk2-locator/2.6.1/hk2-locator-2.6.1.jar:/home/runner/.m2/repository/org/glassfish/jersey/media/jersey-media-jaxb/2.33/jersey-media-jaxb-2.33.jar:/home/runner/.m2/repository/org/glassfish/hk2/osgi-resource-locator/1.0.3/osgi-resource-locator-1.0.3.jar:/home/runner/.m2/repository/org/glassfish/hk2/hk2-api/2.5.0/hk2-api-2.5.0.jar:/home/runner/.m2/repository/org/glassfish/hk2/hk2-utils/2.5.0/hk2-utils-2.5.0.jar:/home/runner/.m2/repository/org/glassfish/hk2/external/aopalliance-repackaged/2.5.0/aopalliance-repackaged-2.5.0.jar:/home/runner/.m2/repository/com/fasterxml/jackson/dataformat/jackson-dataformat-xml/2.12.1/jackson-dataformat-xml-2.12.1.jar:/home/runner/.m2/repository/com/fasterxml/jackson/core/jackson-core/2.12.1/jackson-core-2.12.1.jar:/home/runner/.m2/repository/com/fasterxml/jackson/module/jackson-module-jaxb-annotations/2.12.1/jackson-module-jaxb-annotations-2.12.1.jar:/home/runner/.m2/repository/jakarta/xml/bind/jakarta.xml.bind-api/2.3.2/jakarta.xml.bind-api-2.3.2.jar:/home/runner/.m2/repository/org/codehaus/woodstox/stax2-api/3.1.4/stax2-api-3.1.4.jar:/home/runner/.m2/repository/com/fasterxml/woodstox/woodstox-core/5.0.3/woodstox-core-5.0.3.jar:/home/runner/.m2/repository/javax/enterprise/cdi-api/1.2/cdi-api-1.2.jar:/home/runner/.m2/repository/javax/el/javax.el-api/3.0.0/javax.el-api-3.0.0.jar:/home/runner/.m2/repository/javax/interceptor/javax.interceptor-api/1.2/javax.interceptor-api-1.2.jar:/home/runner/.m2/repository/javax/inject/javax.inject/1/javax.inject-1.jar:/home/runner/.m2/repository/javax/xml/bind/jaxb-api/2.3.0/jaxb-api-2.3.0.jar:/home/runner/.m2/repository/org/glassfish/jaxb/jaxb-runtime/2.3.0.1/jaxb-runtime-2.3.0.1.jar:/home/runner/.m2/repository/org/glassfish/jaxb/jaxb-core/2.3.0.1/jaxb-core-2.3.0.1.jar:/home/runner/.m2/repository/org/glassfish/jaxb/txw2/2.3.0.1/txw2-2.3.0.1.jar:/home/runner/.m2/repository/com/sun/istack/istack-commons-runtime/3.0.5/istack-commons-runtime-3.0.5.jar:/home/runner/.m2/repository/org/jvnet/staxex/stax-ex/1.7.8/stax-ex-1.7.8.jar:/home/runner/.m2/repository/com/sun/xml/fastinfoset/FastInfoset/1.2.13/FastInfoset-1.2.13.jar:/home/runner/.m2/repository/javax/activation/activation/1.1.1/activation-1.1.1.jar:/home/runner/.m2/repository/org/apache/ozone/ozone-csi/1.2.0-SNAPSHOT/ozone-csi-1.2.0-SNAPSHOT.jar:/home/runner/.m2/repository/com/google/protobuf/protobuf-java-util/3.12.0/protobuf-java-util-3.12.0.jar:/home/runner/.m2/repository/com/google/code/gson/gson/2.2.4/gson-2.2.4.jar:/home/runner/.m2/repository/org/apache/ozone/hdds-config/1.2.0-SNAPSHOT/hdds-config-1.2.0-SNAPSHOT.jar:/home/runner/.m2/repository/io/grpc/grpc-netty/1.33.0/grpc-netty-1.33.0.jar:/home/runner/.m2/repository/io/grpc/grpc-core/1.33.0/grpc-core-1.33.0.jar:/home/runner/.m2/repository/com/google/android/annotations/4.1.1.4/annotations-4.1.1.4.jar:/home/runner/.m2/repository/io/netty/netty-codec-http2/4.1.63.Final/netty-codec-http2-4.1.63.Final.jar:/home/runner/.m2/repository/io/netty/netty-codec-http/4.1.63.Final/netty-codec-http-4.1.63.Final.jar:/home/runner/.m2/repository/io/netty/netty-handler-proxy/4.1.63.Final/netty-handler-proxy-4.1.63.Final.jar:/home/runner/.m2/repository/io/netty/netty-codec-socks/4.1.63.Final/netty-codec-socks-4.1.63.Final.jar:/home/runner/.m2/repository/io/perfmark/perfmark-api/0.19.0/perfmark-api-0.19.0.jar:/home/runner/.m2/repository/org/codehaus/mojo/animal-sniffer-annotations/1.18/animal-sniffer-annotations-1.18.jar:/home/runner/.m2/repository/io/netty/netty-transport-native-epoll/4.1.63.Final/netty-transport-native-epoll-4.1.63.Final.jar:/home/runner/.m2/repository/io/netty/netty-common/4.1.63.Final/netty-common-4.1.63.Final.jar:/home/runner/.m2/repository/io/netty/netty-buffer/4.1.63.Final/netty-buffer-4.1.63.Final.jar:/home/runner/.m2/repository/io/netty/netty-transport-native-unix-common/4.1.63.Final/netty-transport-native-unix-common-4.1.63.Final.jar:/home/runner/.m2/repository/io/grpc/grpc-protobuf/1.33.0/grpc-protobuf-1.33.0.jar:/home/runner/.m2/repository/io/grpc/grpc-api/1.33.0/grpc-api-1.33.0.jar:/home/runner/.m2/repository/io/grpc/grpc-context/1.33.0/grpc-context-1.33.0.jar:/home/runner/.m2/repository/com/google/api/grpc/proto-google-common-protos/1.17.0/proto-google-common-protos-1.17.0.jar:/home/runner/.m2/repository/io/grpc/grpc-protobuf-lite/1.33.0/grpc-protobuf-lite-1.33.0.jar:/home/runner/.m2/repository/io/grpc/grpc-stub/1.33.0/grpc-stub-1.33.0.jar:/home/runner/.m2/repository/org/apache/ozone/ozone-recon/1.2.0-SNAPSHOT/ozone-recon-1.2.0-SNAPSHOT.jar:/home/runner/.m2/repository/org/apache/ozone/ozone-reconcodegen/1.2.0-SNAPSHOT/ozone-reconcodegen-1.2.0-SNAPSHOT.jar:/home/runner/.m2/repository/com/google/inject/extensions/guice-multibindings/4.0/guice-multibindings-4.0.jar:/home/runner/.m2/repository/com/google/inject/guice/4.0/guice-4.0.jar:/home/runner/.m2/repository/aopalliance/aopalliance/1.0/aopalliance-1.0.jar:/home/runner/.m2/repository/com/google/inject/extensions/guice-assistedinject/4.0/guice-assistedinject-4.0.jar:/home/runner/.m2/repository/com/google/inject/extensions/guice-servlet/4.0/guice-servlet-4.0.jar:/home/runner/.m2/repository/org/glassfish/jersey/containers/jersey-container-servlet/2.33/jersey-container-servlet-2.33.jar:/home/runner/.m2/repository/org/glassfish/hk2/guice-bridge/2.5.0/guice-bridge-2.5.0.jar:/home/runner/.m2/repository/org/glassfish/jersey/core/jersey-server/2.33/jersey-server-2.33.jar:/home/runner/.m2/repository/org/glassfish/jersey/core/jersey-client/2.33/jersey-client-2.33.jar:/home/runner/.m2/repository/jakarta/annotation/jakarta.annotation-api/1.3.5/jakarta.annotation-api-1.3.5.jar:/home/runner/.m2/repository/jakarta/validation/jakarta.validation-api/2.0.2/jakarta.validation-api-2.0.2.jar:/home/runner/.m2/repository/org/glassfish/jersey/media/jersey-media-json-jackson/2.33/jersey-media-json-jackson-2.33.jar:/home/runner/.m2/repository/org/glassfish/jersey/ext/jersey-entity-filtering/2.33/jersey-entity-filtering-2.33.jar:/home/runner/.m2/repository/org/jooq/jooq/3.11.10/jooq-3.11.10.jar:/home/runner/.m2/repository/org/jooq/jooq-meta/3.11.10/jooq-meta-3.11.10.jar:/home/runner/.m2/repository/org/jooq/jooq-codegen/3.11.10/jooq-codegen-3.11.10.jar:/home/runner/.m2/repository/com/jolbox/bonecp/0.8.0.RELEASE/bonecp-0.8.0.RELEASE.jar:/home/runner/.m2/repository/org/apache/derby/derby/10.14.2.0/derby-10.14.2.0.jar:/home/runner/.m2/repository/org/xerial/sqlite-jdbc/3.25.2/sqlite-jdbc-3.25.2.jar:/home/runner/.m2/repository/org/springframework/spring-jdbc/5.2.11.RELEASE/spring-jdbc-5.2.11.RELEASE.jar:/home/runner/.m2/repository/org/springframework/spring-beans/5.2.11.RELEASE/spring-beans-5.2.11.RELEASE.jar:/home/runner/.m2/repository/org/springframework/spring-core/5.2.11.RELEASE/spring-core-5.2.11.RELEASE.jar:/home/runner/.m2/repository/org/springframework/spring-jcl/5.2.11.RELEASE/spring-jcl-5.2.11.RELEASE.jar:/home/runner/.m2/repository/org/springframework/spring-tx/5.2.11.RELEASE/spring-tx-5.2.11.RELEASE.jar:/home/runner/.m2/repository/org/apache/ozone/ozone-client/1.2.0-SNAPSHOT/ozone-client-1.2.0-SNAPSHOT.jar:/home/runner/.m2/repository/org/apache/ozone/ozone-filesystem/1.2.0-SNAPSHOT/ozone-filesystem-1.2.0-SNAPSHOT.jar:/home/runner/.m2/repository/org/apache/ozone/ozone-filesystem-common/1.2.0-SNAPSHOT/ozone-filesystem-common-1.2.0-SNAPSHOT.jar:/home/runner/.m2/repository/org/apache/ozone/ozone-tools/1.2.0-SNAPSHOT/ozone-tools-1.2.0-SNAPSHOT.jar:/home/runner/.m2/repository/org/apache/ratis/ratis-tools/2.1.0-03f3b68-SNAPSHOT/ratis-tools-2.1.0-03f3b68-SNAPSHOT.jar:/home/runner/.m2/repository/org/apache/ratis/ratis-proto/2.1.0-03f3b68-SNAPSHOT/ratis-proto-2.1.0-03f3b68-SNAPSHOT.jar:/home/runner/.m2/repository/org/apache/ratis/ratis-common/2.1.0-03f3b68-SNAPSHOT/ratis-common-2.1.0-03f3b68-SNAPSHOT.jar:/home/runner/.m2/repository/com/amazonaws/aws-java-sdk-core/1.11.901/aws-java-sdk-core-1.11.901.jar:/home/runner/.m2/repository/org/apache/httpcomponents/httpclient/4.5.13/httpclient-4.5.13.jar:/home/runner/.m2/repository/org/apache/httpcomponents/httpcore/4.4.13/httpcore-4.4.13.jar:/home/runner/.m2/repository/software/amazon/ion/ion-java/1.0.2/ion-java-1.0.2.jar:/home/runner/.m2/repository/com/fasterxml/jackson/dataformat/jackson-dataformat-cbor/2.12.1/jackson-dataformat-cbor-2.12.1.jar:/home/runner/.m2/repository/joda-time/joda-time/2.8.1/joda-time-2.8.1.jar:/home/runner/.m2/repository/com/amazonaws/aws-java-sdk-s3/1.11.901/aws-java-sdk-s3-1.11.901.jar:/home/runner/.m2/repository/com/amazonaws/aws-java-sdk-kms/1.11.901/aws-java-sdk-kms-1.11.901.jar:/home/runner/.m2/repository/com/amazonaws/jmespath-java/1.11.901/jmespath-java-1.11.901.jar:/home/runner/.m2/repository/org/kohsuke/metainf-services/metainf-services/1.8/metainf-services-1.8.jar:/home/runner/.m2/repository/org/apache/ozone/hdds-tools/1.2.0-SNAPSHOT/hdds-tools-1.2.0-SNAPSHOT.jar:/home/runner/.m2/repository/commons-cli/commons-cli/1.2/commons-cli-1.2.jar:/home/runner/.m2/repository/org/apache/commons/commons-lang3/3.7/commons-lang3-3.7.jar:/home/runner/.m2/repository/org/apache/ozone/ozone-manager/1.2.0-SNAPSHOT/ozone-manager-1.2.0-SNAPSHOT-tests.jar:/home/runner/.m2/repository/org/apache/ozone/hdds-common/1.2.0-SNAPSHOT/hdds-common-1.2.0-SNAPSHOT-tests.jar:/home/runner/.m2/repository/org/apache/ozone/hdds-hadoop-dependency-client/1.2.0-SNAPSHOT/hdds-hadoop-dependency-client-1.2.0-SNAPSHOT.jar:/home/runner/.m2/repository/info/picocli/picocli/4.4.0/picocli-4.4.0.jar:/home/runner/.m2/repository/com/fasterxml/jackson/core/jackson-annotations/2.12.1/jackson-annotations-2.12.1.jar:/home/runner/.m2/repository/javax/annotation/javax.annotation-api/1.2/javax.annotation-api-1.2.jar:/home/runner/.m2/repository/org/apache/ratis/ratis-server/2.1.0-03f3b68-SNAPSHOT/ratis-server-2.1.0-03f3b68-SNAPSHOT.jar:/home/runner/.m2/repository/org/apache/ratis/ratis-client/2.1.0-03f3b68-SNAPSHOT/ratis-client-2.1.0-03f3b68-SNAPSHOT.jar:/home/runner/.m2/repository/org/apache/ratis/ratis-server-api/2.1.0-03f3b68-SNAPSHOT/ratis-server-api-2.1.0-03f3b68-SNAPSHOT.jar:/home/runner/.m2/repository/org/apache/ratis/ratis-metrics/2.1.0-03f3b68-SNAPSHOT/ratis-metrics-2.1.0-03f3b68-SNAPSHOT.jar:/home/runner/.m2/repository/org/apache/ratis/ratis-netty/2.1.0-03f3b68-SNAPSHOT/ratis-netty-2.1.0-03f3b68-SNAPSHOT.jar:/home/runner/.m2/repository/org/apache/ratis/ratis-grpc/2.1.0-03f3b68-SNAPSHOT/ratis-grpc-2.1.0-03f3b68-SNAPSHOT.jar:/home/runner/.m2/repository/org/apache/logging/log4j/log4j-api/2.13.3/log4j-api-2.13.3.jar:/home/runner/.m2/repository/org/apache/logging/log4j/log4j-core/2.13.3/log4j-core-2.13.3.jar:/home/runner/.m2/repository/com/lmax/disruptor/3.4.2/disruptor-3.4.2.jar:/home/runner/.m2/repository/org/apache/commons/commons-pool2/2.6.0/commons-pool2-2.6.0.jar:/home/runner/.m2/repository/org/bouncycastle/bcpkix-jdk15on/1.67/bcpkix-jdk15on-1.67.jar:/home/runner/.m2/repository/commons-validator/commons-validator/1.6/commons-validator-1.6.jar:/home/runner/.m2/repository/commons-beanutils/commons-beanutils/1.9.4/commons-beanutils-1.9.4.jar:/home/runner/.m2/repository/commons-digester/commons-digester/1.8.1/commons-digester-1.8.1.jar:/home/runner/.m2/repository/commons-collections/commons-collections/3.2.2/commons-collections-3.2.2.jar:/home/runner/.m2/repository/io/jaegertracing/jaeger-client/1.6.0/jaeger-client-1.6.0.jar:/home/runner/.m2/repository/io/jaegertracing/jaeger-thrift/1.6.0/jaeger-thrift-1.6.0.jar:/home/runner/.m2/repository/org/apache/thrift/libthrift/0.14.1/libthrift-0.14.1.jar:/home/runner/.m2/repository/com/squareup/okhttp3/okhttp/4.9.0/okhttp-4.9.0.jar:/home/runner/.m2/repository/com/squareup/okio/okio/2.8.0/okio-2.8.0.jar:/home/runner/.m2/repository/io/jaegertracing/jaeger-core/1.6.0/jaeger-core-1.6.0.jar:/home/runner/.m2/repository/io/jaegertracing/jaeger-tracerresolver/1.6.0/jaeger-tracerresolver-1.6.0.jar:/home/runner/.m2/repository/io/opentracing/contrib/opentracing-tracerresolver/0.1.8/opentracing-tracerresolver-0.1.8.jar:/home/runner/.m2/repository/org/jetbrains/kotlin/kotlin-stdlib/1.4.31/kotlin-stdlib-1.4.31.jar:/home/runner/.m2/repository/org/jetbrains/kotlin/kotlin-stdlib-common/1.4.31/kotlin-stdlib-common-1.4.31.jar:/home/runner/.m2/repository/org/jetbrains/annotations/13.0/annotations-13.0.jar:/home/runner/.m2/repository/io/opentracing/opentracing-util/0.33.0/opentracing-util-0.33.0.jar:/home/runner/.m2/repository/io/opentracing/opentracing-api/0.33.0/opentracing-api-0.33.0.jar:/home/runner/.m2/repository/io/opentracing/opentracing-noop/0.33.0/opentracing-noop-0.33.0.jar:/home/runner/.m2/repository/org/yaml/snakeyaml/1.26/snakeyaml-1.26.jar:/home/runner/.m2/repository/org/apache/ozone/hdds-interface-admin/1.2.0-SNAPSHOT/hdds-interface-admin-1.2.0-SNAPSHOT.jar:/home/runner/.m2/repository/junit/junit/4.13.1/junit-4.13.1.jar:/home/runner/.m2/repository/org/hamcrest/hamcrest-core/1.3/hamcrest-core-1.3.jar:/home/runner/.m2/repository/org/junit/jupiter/junit-jupiter-api/5.7.0/junit-jupiter-api-5.7.0.jar:/home/runner/.m2/repository/org/apiguardian/apiguardian-api/1.1.0/apiguardian-api-1.1.0.jar:/home/runner/.m2/repository/org/opentest4j/opentest4j/1.2.0/opentest4j-1.2.0.jar:/home/runner/.m2/repository/org/junit/platform/junit-platform-commons/1.7.0/junit-platform-commons-1.7.0.jar:/home/runner/.m2/repository/org/junit/jupiter/junit-jupiter-engine/5.7.0/junit-jupiter-engine-5.7.0.jar:/home/runner/.m2/repository/org/junit/platform/junit-platform-engine/1.7.0/junit-platform-engine-1.7.0.jar:/home/runner/.m2/repository/org/junit/vintage/junit-vintage-engine/5.7.0/junit-vintage-engine-5.7.0.jar:/home/runner/.m2/repository/org/junit/platform/junit-platform-launcher/1.7.0/junit-platform-launcher-1.7.0.jar:/home/runner/.m2/repository/org/openjdk/jmh/jmh-core/1.19/jmh-core-1.19.jar:/home/runner/.m2/repository/net/sf/jopt-simple/jopt-simple/4.6/jopt-simple-4.6.jar:/home/runner/.m2/repository/org/apache/commons/commons-math3/3.1.1/commons-math3-3.1.1.jar:/home/runner/.m2/repository/org/openjdk/jmh/jmh-generator-annprocess/1.19/jmh-generator-annprocess-1.19.jar:/home/runner/.m2/repository/org/mockito/mockito-core/2.28.2/mockito-core-2.28.2.jar:/home/runner/.m2/repository/net/bytebuddy/byte-buddy/1.9.10/byte-buddy-1.9.10.jar:/home/runner/.m2/repository/net/bytebuddy/byte-buddy-agent/1.9.10/byte-buddy-agent-1.9.10.jar:/home/runner/.m2/repository/org/objenesis/objenesis/1.0/objenesis-1.0.jar:/home/runner/.m2/repository/org/apache/hadoop/hadoop-kms/3.3.1/hadoop-kms-3.3.1.jar:/home/runner/.m2/repository/org/apache/hadoop/hadoop-auth/3.3.1/hadoop-auth-3.3.1.jar:/home/runner/.m2/repository/com/nimbusds/nimbus-jose-jwt/7.9/nimbus-jose-jwt-7.9.jar:/home/runner/.m2/repository/com/github/stephenc/jcip/jcip-annotations/1.0-1/jcip-annotations-1.0-1.jar:/home/runner/.m2/repository/net/minidev/json-smart/2.3/json-smart-2.3.jar:/home/runner/.m2/repository/net/minidev/accessors-smart/1.2/accessors-smart-1.2.jar:/home/runner/.m2/repository/org/ow2/asm/asm/5.0.4/asm-5.0.4.jar:/home/runner/.m2/repository/org/apache/zookeeper/zookeeper/3.5.6/zookeeper-3.5.6.jar:/home/runner/.m2/repository/org/apache/zookeeper/zookeeper-jute/3.5.6/zookeeper-jute-3.5.6.jar:/home/runner/.m2/repository/org/apache/yetus/audience-annotations/0.5.0/audience-annotations-0.5.0.jar:/home/runner/.m2/repository/org/apache/curator/curator-framework/4.2.0/curator-framework-4.2.0.jar:/home/runner/.m2/repository/org/apache/hadoop/thirdparty/hadoop-shaded-guava/1.1.1/hadoop-shaded-guava-1.1.1.jar:/home/runner/.m2/repository/com/sun/jersey/jersey-core/1.19/jersey-core-1.19.jar:/home/runner/.m2/repository/javax/ws/rs/jsr311-api/1.1.1/jsr311-api-1.1.1.jar:/home/runner/.m2/repository/com/sun/jersey/jersey-server/1.19/jersey-server-1.19.jar:/home/runner/.m2/repository/javax/servlet/javax.servlet-api/3.1.0/javax.servlet-api-3.1.0.jar:/home/runner/.m2/repository/org/eclipse/jetty/jetty-server/9.4.43.v20210629/jetty-server-9.4.43.v20210629.jar:/home/runner/.m2/repository/org/eclipse/jetty/jetty-http/9.4.43.v20210629/jetty-http-9.4.43.v20210629.jar:/home/runner/.m2/repository/org/eclipse/jetty/jetty-io/9.4.43.v20210629/jetty-io-9.4.43.v20210629.jar:/home/runner/.m2/repository/org/eclipse/jetty/jetty-webapp/9.4.43.v20210629/jetty-webapp-9.4.43.v20210629.jar:/home/runner/.m2/repository/org/eclipse/jetty/jetty-xml/9.4.43.v20210629/jetty-xml-9.4.43.v20210629.jar:/home/runner/.m2/repository/org/apache/hadoop/hadoop-common/3.3.1/hadoop-common-3.3.1.jar:/home/runner/.m2/repository/commons-net/commons-net/3.6/commons-net-3.6.jar:/home/runner/.m2/repository/jakarta/activation/jakarta.activation-api/1.2.1/jakarta.activation-api-1.2.1.jar:/home/runner/.m2/repository/com/sun/jersey/jersey-servlet/1.19/jersey-servlet-1.19.jar:/home/runner/.m2/repository/com/sun/jersey/jersey-json/1.19/jersey-json-1.19.jar:/home/runner/.m2/repository/org/codehaus/jettison/jettison/1.1/jettison-1.1.jar:/home/runner/.m2/repository/com/sun/xml/bind/jaxb-impl/2.2.3-1/jaxb-impl-2.2.3-1.jar:/home/runner/.m2/repository/org/codehaus/jackson/jackson-jaxrs/1.9.2/jackson-jaxrs-1.9.2.jar:/home/runner/.m2/repository/org/codehaus/jackson/jackson-xc/1.9.2/jackson-xc-1.9.2.jar:/home/runner/.m2/repository/org/apache/commons/commons-configuration2/2.1.1/commons-configuration2-2.1.1.jar:/home/runner/.m2/repository/org/apache/commons/commons-text/1.4/commons-text-1.4.jar:/home/runner/.m2/repository/com/google/re2j/re2j/1.1/re2j-1.1.jar:/home/runner/.m2/repository/com/jcraft/jsch/0.1.54/jsch-0.1.54.jar:/home/runner/.m2/repository/org/apache/curator/curator-client/4.2.0/curator-client-4.2.0.jar:/home/runner/.m2/repository/org/apache/curator/curator-recipes/4.2.0/curator-recipes-4.2.0.jar:/home/runner/.m2/repository/org/apache/kerby/kerb-core/1.0.1/kerb-core-1.0.1.jar:/home/runner/.m2/repository/org/apache/kerby/kerby-pkix/1.0.1/kerby-pkix-1.0.1.jar:/home/runner/.m2/repository/org/apache/kerby/kerby-asn1/1.0.1/kerby-asn1-1.0.1.jar:/home/runner/.m2/repository/org/apache/kerby/kerby-util/1.0.1/kerby-util-1.0.1.jar:/home/runner/.m2/repository/dnsjava/dnsjava/2.1.7/dnsjava-2.1.7.jar:/home/runner/.m2/repository/org/xerial/snappy/snappy-java/1.1.8.2/snappy-java-1.1.8.2.jar:/home/runner/.m2/repository/org/slf4j/jul-to-slf4j/1.7.30/jul-to-slf4j-1.7.30.jar:/home/runner/.m2/repository/org/eclipse/jetty/jetty-util/9.4.43.v20210629/jetty-util-9.4.43.v20210629.jar:/home/runner/.m2/repository/com/fasterxml/jackson/core/jackson-databind/2.12.1/jackson-databind-2.12.1.jar:/home/runner/.m2/repository/org/apache/hadoop/hadoop-kms/3.3.1/hadoop-kms-3.3.1-tests.jar:/home/runner/.m2/repository/org/apache/ozone/hdds-server-scm/1.2.0-SNAPSHOT/hdds-server-scm-1.2.0-SNAPSHOT-tests.jar:/home/runner/.m2/repository/org/apache/ozone/hdds-container-service/1.2.0-SNAPSHOT/hdds-container-service-1.2.0-SNAPSHOT-tests.jar:/home/runner/.m2/repository/commons-codec/commons-codec/1.11/commons-codec-1.11.jar:/home/runner/.m2/repository/io/netty/netty-transport/4.1.63.Final/netty-transport-4.1.63.Final.jar:/home/runner/.m2/repository/io/netty/netty-resolver/4.1.63.Final/netty-resolver-4.1.63.Final.jar:/home/runner/.m2/repository/io/netty/netty-codec/4.1.63.Final/netty-codec-4.1.63.Final.jar:/home/runner/.m2/repository/io/netty/netty-handler/4.1.63.Final/netty-handler-4.1.63.Final.jar:/home/runner/.m2/repository/org/apache/ozone/hdds-hadoop-dependency-test/1.2.0-SNAPSHOT/hdds-hadoop-dependency-test-1.2.0-SNAPSHOT.jar:/home/runner/.m2/repository/org/apache/hadoop/hadoop-common/3.3.1/hadoop-common-3.3.1-tests.jar:/home/runner/.m2/repository/org/assertj/assertj-core/3.12.2/assertj-core-3.12.2.jar:/home/runner/.m2/repository/org/apache/hadoop/hadoop-hdfs/3.3.1/hadoop-hdfs-3.3.1-tests.jar:/home/runner/.m2/repository/org/eclipse/jetty/jetty-util-ajax/9.4.43.v20210629/jetty-util-ajax-9.4.43.v20210629.jar:/home/runner/.m2/repository/commons-daemon/commons-daemon/1.0.13/commons-daemon-1.0.13.jar:/home/runner/.m2/repository/io/netty/netty/3.10.6.Final/netty-3.10.6.Final.jar:/home/runner/.m2/repository/io/netty/netty-all/4.1.63.Final/netty-all-4.1.63.Final.jar:/home/runner/.m2/repository/org/apache/htrace/htrace-core4/4.1.0-incubating/htrace-core4-4.1.0-incubating.jar:/home/runner/.m2/repository/org/fusesource/leveldbjni/leveldbjni-all/1.8/leveldbjni-all-1.8.jar:/home/runner/.m2/repository/org/apache/hadoop/hadoop-distcp/3.3.1/hadoop-distcp-3.3.1.jar:/home/runner/.m2/repository/org/apache/hadoop/hadoop-mapreduce-client-jobclient/3.3.1/hadoop-mapreduce-client-jobclient-3.3.1.jar:/home/runner/.m2/repository/org/apache/hadoop/hadoop-mapreduce-client-common/3.3.1/hadoop-mapreduce-client-common-3.3.1.jar:/home/runner/.m2/repository/org/apache/hadoop/hadoop-yarn-common/3.3.1/hadoop-yarn-common-3.3.1.jar:/home/runner/.m2/repository/org/apache/hadoop/hadoop-yarn-api/3.3.1/hadoop-yarn-api-3.3.1.jar:/home/runner/.m2/repository/com/sun/jersey/jersey-client/1.19/jersey-client-1.19.jar:/home/runner/.m2/repository/com/sun/jersey/contribs/jersey-guice/1.19/jersey-guice-1.19.jar:/home/runner/.m2/repository/com/fasterxml/jackson/jaxrs/jackson-jaxrs-json-provider/2.12.1/jackson-jaxrs-json-provider-2.12.1.jar:/home/runner/.m2/repository/com/fasterxml/jackson/jaxrs/jackson-jaxrs-base/2.12.1/jackson-jaxrs-base-2.12.1.jar:/home/runner/.m2/repository/org/apache/hadoop/hadoop-yarn-client/3.3.1/hadoop-yarn-client-3.3.1.jar:/home/runner/.m2/repository/org/eclipse/jetty/websocket/websocket-client/9.4.40.v20210413/websocket-client-9.4.40.v20210413.jar:/home/runner/.m2/repository/org/eclipse/jetty/jetty-client/9.4.40.v20210413/jetty-client-9.4.40.v20210413.jar:/home/runner/.m2/repository/org/eclipse/jetty/websocket/websocket-common/9.4.40.v20210413/websocket-common-9.4.40.v20210413.jar:/home/runner/.m2/repository/org/eclipse/jetty/websocket/websocket-api/9.4.40.v20210413/websocket-api-9.4.40.v20210413.jar:/home/runner/.m2/repository/org/jline/jline/3.9.0/jline-3.9.0.jar:/home/runner/.m2/repository/org/apache/hadoop/hadoop-mapreduce-client-core/3.3.1/hadoop-mapreduce-client-core-3.3.1.jar:/home/runner/.m2/repository/org/apache/avro/avro/1.7.7/avro-1.7.7.jar:/home/runner/.m2/repository/org/codehaus/jackson/jackson-core-asl/1.9.13/jackson-core-asl-1.9.13.jar:/home/runner/.m2/repository/org/codehaus/jackson/jackson-mapper-asl/1.9.13/jackson-mapper-asl-1.9.13.jar:/home/runner/.m2/repository/com/thoughtworks/paranamer/paranamer/2.3/paranamer-2.3.jar:/home/runner/.m2/repository/org/apache/hadoop/hadoop-annotations/3.3.1/hadoop-annotations-3.3.1.jar:/usr/lib/jvm/adoptopenjdk-8-hotspot-amd64/jre/../lib/tools.jar:/home/runner/.m2/repository/org/apache/hadoop/hadoop-distcp/3.3.1/hadoop-distcp-3.3.1-tests.jar:"/>
    <property name="sun.cpu.endian" value="little"/>
    <property name="user.home" value="/home/runner"/>
    <property name="user.language" value="en"/>
    <property name="java.specification.vendor" value="Oracle Corporation"/>
    <property name="java.home" value="/usr/lib/jvm/adoptopenjdk-8-hotspot-amd64/jre"/>
    <property name="java.security.krb5.conf" value="/home/runner/work/ozone/ozone/hadoop-ozone/integration-test/target/test-classes/krb5.conf"/>
    <property name="basedir" value="/home/runner/work/ozone/ozone/hadoop-ozone/integration-test"/>
    <property name="file.separator" value="/"/>
    <property name="line.separator" value="&#10;"/>
    <property name="java.vm.specification.vendor" value="Oracle Corporation"/>
    <property name="java.specification.name" value="Java Platform API Specification"/>
    <property name="java.awt.graphicsenv" value="sun.awt.X11GraphicsEnvironment"/>
    <property name="skip.installnpx" value="true"/>
    <property name="surefire.real.class.path" value="/home/runner/work/ozone/ozone/hadoop-ozone/integration-test/target/surefire/surefirebooter6592231740621231277.jar:/home/runner/.m2/repository/org/jacoco/org.jacoco.agent/0.8.5/org.jacoco.agent-0.8.5-runtime.jar"/>
    <property name="hadoop.log.dir" value="/home/runner/work/ozone/ozone/hadoop-ozone/integration-test/target/log"/>
    <property name="sun.boot.class.path" value="/usr/lib/jvm/adoptopenjdk-8-hotspot-amd64/jre/lib/resources.jar:/usr/lib/jvm/adoptopenjdk-8-hotspot-amd64/jre/lib/rt.jar:/usr/lib/jvm/adoptopenjdk-8-hotspot-amd64/jre/lib/sunrsasign.jar:/usr/lib/jvm/adoptopenjdk-8-hotspot-amd64/jre/lib/jsse.jar:/usr/lib/jvm/adoptopenjdk-8-hotspot-amd64/jre/lib/jce.jar:/usr/lib/jvm/adoptopenjdk-8-hotspot-amd64/jre/lib/charsets.jar:/usr/lib/jvm/adoptopenjdk-8-hotspot-amd64/jre/lib/jfr.jar:/usr/lib/jvm/adoptopenjdk-8-hotspot-amd64/jre/classes"/>
    <property name="sun.management.compiler" value="HotSpot 64-Bit Tiered Compilers"/>
    <property name="skip.npx" value="true"/>
    <property name="java.runtime.version" value="1.8.0_292-b10"/>
    <property name="java.net.preferIPv4Stack" value="true"/>
    <property name="user.name" value="runner"/>
    <property name="path.separator" value=":"/>
    <property name="java.security.egd" value="file:///dev/urandom"/>
    <property name="os.version" value="5.4.0-1055-azure"/>
    <property name="java.endorsed.dirs" value="/usr/lib/jvm/adoptopenjdk-8-hotspot-amd64/jre/lib/endorsed"/>
    <property name="java.runtime.name" value="OpenJDK Runtime Environment"/>
    <property name="file.encoding" value="UTF-8"/>
    <property name="java.vm.name" value="OpenJDK 64-Bit Server VM"/>
    <property name="test.build.webapps" value=""/>
    <property name="localRepository" value="/home/runner/.m2/repository"/>
    <property name="java.vendor.url.bug" value="https://github.com/AdoptOpenJDK/openjdk-support/issues"/>
    <property name="java.io.tmpdir" value="/tmp"/>
    <property name="require.test.libhadoop" value=""/>
    <property name="java.version" value="1.8.0_292"/>
    <property name="user.dir" value="/home/runner/work/ozone/ozone/hadoop-ozone/integration-test"/>
    <property name="os.arch" value="amd64"/>
    <property name="java.vm.specification.name" value="Java Virtual Machine Specification"/>
    <property name="test.build.classes" value="/home/runner/work/ozone/ozone/hadoop-ozone/integration-test/target/test-classes"/>
    <property name="java.awt.printerjob" value="sun.print.PSPrinterJob"/>
    <property name="sun.os.patch.level" value="unknown"/>
    <property name="hadoop.tmp.dir" value="/home/runner/work/ozone/ozone/hadoop-ozone/integration-test/target/tmp"/>
    <property name="java.library.path" value="/usr/java/packages/lib/amd64:/usr/lib64:/lib64:/lib:/usr/lib"/>
    <property name="java.vm.info" value="mixed mode"/>
    <property name="java.vendor" value="AdoptOpenJDK"/>
    <property name="java.vm.version" value="25.292-b10"/>
    <property name="java.ext.dirs" value="/usr/lib/jvm/adoptopenjdk-8-hotspot-amd64/jre/lib/ext:/usr/java/packages/lib/ext"/>
    <property name="sun.io.unicode.encoding" value="UnicodeLittle"/>
    <property name="java.class.version" value="52.0"/>
  </properties>
  <testcase name="testWatchForCommitWithKeyWrite" classname="org.apache.hadoop.ozone.client.rpc.TestWatchForCommit" time="87.645"/>
  <testcase name="testWatchForCommitForRetryfailure" classname="org.apache.hadoop.ozone.client.rpc.TestWatchForCommit" time="68.659">
    <error message="org.apache.ratis.protocol.exceptions.AlreadyClosedException: SlidingWindow$Client:client-A70569DD1C84-&gt;RAFT is closed." type="java.util.concurrent.ExecutionException">java.util.concurrent.ExecutionException: org.apache.ratis.protocol.exceptions.AlreadyClosedException: SlidingWindow$Client:client-A70569DD1C84->RAFT is closed.
	at java.util.concurrent.CompletableFuture.reportGet(CompletableFuture.java:357)
	at java.util.concurrent.CompletableFuture.get(CompletableFuture.java:1908)
	at org.apache.hadoop.ozone.client.rpc.TestWatchForCommit.testWatchForCommitForRetryfailure(TestWatchForCommit.java:266)
	at sun.reflect.NativeMethodAccessorImpl.invoke0(Native Method)
	at sun.reflect.NativeMethodAccessorImpl.invoke(NativeMethodAccessorImpl.java:62)
	at sun.reflect.DelegatingMethodAccessorImpl.invoke(DelegatingMethodAccessorImpl.java:43)
	at java.lang.reflect.Method.invoke(Method.java:498)
	at org.junit.runners.model.FrameworkMethod$1.runReflectiveCall(FrameworkMethod.java:59)
	at org.junit.internal.runners.model.ReflectiveCallable.run(ReflectiveCallable.java:12)
	at org.junit.runners.model.FrameworkMethod.invokeExplosively(FrameworkMethod.java:56)
	at org.junit.internal.runners.statements.InvokeMethod.evaluate(InvokeMethod.java:17)
	at org.junit.internal.runners.statements.RunBefores.evaluate(RunBefores.java:26)
	at org.junit.internal.runners.statements.RunAfters.evaluate(RunAfters.java:27)
	at org.junit.runners.ParentRunner$3.evaluate(ParentRunner.java:306)
	at org.junit.runners.BlockJUnit4ClassRunner$1.evaluate(BlockJUnit4ClassRunner.java:100)
	at org.junit.runners.ParentRunner.runLeaf(ParentRunner.java:366)
	at org.junit.runners.BlockJUnit4ClassRunner.runChild(BlockJUnit4ClassRunner.java:103)
	at org.junit.runners.BlockJUnit4ClassRunner.runChild(BlockJUnit4ClassRunner.java:63)
	at org.junit.runners.ParentRunner$4.run(ParentRunner.java:331)
	at org.junit.runners.ParentRunner$1.schedule(ParentRunner.java:79)
	at org.junit.runners.ParentRunner.runChildren(ParentRunner.java:329)
	at org.junit.runners.ParentRunner.access$100(ParentRunner.java:66)
	at org.junit.runners.ParentRunner$2.evaluate(ParentRunner.java:293)
	at org.junit.runners.ParentRunner$3.evaluate(ParentRunner.java:306)
	at org.junit.runners.ParentRunner.run(ParentRunner.java:413)
	at org.junit.runner.JUnitCore.run(JUnitCore.java:137)
	at org.junit.runner.JUnitCore.run(JUnitCore.java:115)
	at org.junit.vintage.engine.execution.RunnerExecutor.execute(RunnerExecutor.java:43)
	at java.util.stream.ForEachOps$ForEachOp$OfRef.accept(ForEachOps.java:183)
	at java.util.stream.ReferencePipeline$3$1.accept(ReferencePipeline.java:193)
	at java.util.Iterator.forEachRemaining(Iterator.java:116)
	at java.util.Spliterators$IteratorSpliterator.forEachRemaining(Spliterators.java:1801)
	at java.util.stream.AbstractPipeline.copyInto(AbstractPipeline.java:482)
	at java.util.stream.AbstractPipeline.wrapAndCopyInto(AbstractPipeline.java:472)
	at java.util.stream.ForEachOps$ForEachOp.evaluateSequential(ForEachOps.java:150)
	at java.util.stream.ForEachOps$ForEachOp$OfRef.evaluateSequential(ForEachOps.java:173)
	at java.util.stream.AbstractPipeline.evaluate(AbstractPipeline.java:234)
	at java.util.stream.ReferencePipeline.forEach(ReferencePipeline.java:485)
	at org.junit.vintage.engine.VintageTestEngine.executeAllChildren(VintageTestEngine.java:82)
	at org.junit.vintage.engine.VintageTestEngine.execute(VintageTestEngine.java:73)
	at org.junit.platform.launcher.core.EngineExecutionOrchestrator.execute(EngineExecutionOrchestrator.java:108)
	at org.junit.platform.launcher.core.EngineExecutionOrchestrator.execute(EngineExecutionOrchestrator.java:88)
	at org.junit.platform.launcher.core.EngineExecutionOrchestrator.lambda$execute$0(EngineExecutionOrchestrator.java:54)
	at org.junit.platform.launcher.core.EngineExecutionOrchestrator.withInterceptedStreams(EngineExecutionOrchestrator.java:67)
	at org.junit.platform.launcher.core.EngineExecutionOrchestrator.execute(EngineExecutionOrchestrator.java:52)
	at org.junit.platform.launcher.core.DefaultLauncher.execute(DefaultLauncher.java:96)
	at org.junit.platform.launcher.core.DefaultLauncher.execute(DefaultLauncher.java:75)
	at org.apache.maven.surefire.junitplatform.JUnitPlatformProvider.invokeAllTests(JUnitPlatformProvider.java:142)
	at org.apache.maven.surefire.junitplatform.JUnitPlatformProvider.invoke(JUnitPlatformProvider.java:113)
	at org.apache.maven.surefire.booter.ForkedBooter.invokeProviderInSameClassLoader(ForkedBooter.java:384)
	at org.apache.maven.surefire.booter.ForkedBooter.runSuitesInProcess(ForkedBooter.java:345)
	at org.apache.maven.surefire.booter.ForkedBooter.execute(ForkedBooter.java:126)
	at org.apache.maven.surefire.booter.ForkedBooter.main(ForkedBooter.java:418)
Caused by: org.apache.ratis.protocol.exceptions.AlreadyClosedException: SlidingWindow$Client:client-A70569DD1C84->RAFT is closed.
	at org.apache.ratis.util.SlidingWindow$Client.alreadyClosed(SlidingWindow.java:378)
	at org.apache.ratis.util.SlidingWindow$Client.fail(SlidingWindow.java:366)
	at org.apache.ratis.client.impl.OrderedAsync.failAllAsyncRequests(OrderedAsync.java:148)
	at org.apache.ratis.client.impl.OrderedAsync.handleAsyncRetryFailure(OrderedAsync.java:152)
	at org.apache.ratis.client.impl.OrderedAsync.lambda$sendRequest$10(OrderedAsync.java:252)
	at java.util.concurrent.CompletableFuture.uniExceptionally(CompletableFuture.java:884)
	at java.util.concurrent.CompletableFuture$UniExceptionally.tryFire(CompletableFuture.java:866)
	at java.util.concurrent.CompletableFuture.postComplete(CompletableFuture.java:488)
	at java.util.concurrent.CompletableFuture.completeExceptionally(CompletableFuture.java:1990)
	at org.apache.ratis.grpc.client.GrpcClientProtocolClient$AsyncStreamObservers.completeReplyExceptionally(GrpcClientProtocolClient.java:389)
	at org.apache.ratis.grpc.client.GrpcClientProtocolClient$AsyncStreamObservers.access$000(GrpcClientProtocolClient.java:295)
	at org.apache.ratis.grpc.client.GrpcClientProtocolClient$AsyncStreamObservers$1.onNext(GrpcClientProtocolClient.java:309)
	at org.apache.ratis.grpc.client.GrpcClientProtocolClient$AsyncStreamObservers$1.onNext(GrpcClientProtocolClient.java:300)
	at org.apache.ratis.thirdparty.io.grpc.stub.ClientCalls$StreamObserverToCallListenerAdapter.onMessage(ClientCalls.java:465)
	at org.apache.ratis.thirdparty.io.grpc.ForwardingClientCallListener.onMessage(ForwardingClientCallListener.java:33)
	at org.apache.ratis.thirdparty.io.grpc.internal.ClientCallImpl$ClientStreamListenerImpl$1MessagesAvailable.runInternal(ClientCallImpl.java:715)
	at org.apache.ratis.thirdparty.io.grpc.internal.ClientCallImpl$ClientStreamListenerImpl$1MessagesAvailable.runInContext(ClientCallImpl.java:700)
	at org.apache.ratis.thirdparty.io.grpc.internal.ContextRunnable.run(ContextRunnable.java:37)
	at org.apache.ratis.thirdparty.io.grpc.internal.SerializingExecutor.run(SerializingExecutor.java:123)
	at java.util.concurrent.ThreadPoolExecutor.runWorker(ThreadPoolExecutor.java:1149)
	at java.util.concurrent.ThreadPoolExecutor$Worker.run(ThreadPoolExecutor.java:624)
	at java.lang.Thread.run(Thread.java:748)
Caused by: org.apache.ratis.protocol.exceptions.RaftRetryFailureException: Failed RaftClientRequest:client-A70569DD1C84->c2eb00da-4d4a-4ac5-8b23-45ecd8b85c7f@group-427675ACF13C, cid=40, seq=1*, Watch(0), null for 3 attempts with RequestTypeDependentRetryPolicy{WRITE->org.apache.ratis.retry.ExceptionDependentRetry@533f9401, WATCH->org.apache.ratis.retry.ExceptionDependentRetry@7c5ac67f}
	at org.apache.ratis.client.impl.RaftClientImpl.noMoreRetries(RaftClientImpl.java:254)
	... 19 more
Caused by: org.apache.ratis.protocol.exceptions.NotLeaderException: Server c2eb00da-4d4a-4ac5-8b23-45ecd8b85c7f@group-427675ACF13C is not the leader 5b202ae5-680d-43fe-be69-63ca12314317|rpc:10.1.0.56:39647|dataStream:|priority:1
	at org.apache.ratis.client.impl.ClientProtoUtils.toRaftClientReply(ClientProtoUtils.java:368)
	at org.apache.ratis.grpc.client.GrpcClientProtocolClient$AsyncStreamObservers$1.onNext(GrpcClientProtocolClient.java:305)
	... 10 more
</error>
    <system-out><![CDATA[2021-08-12 00:24:52,492 [Listener at 127.0.0.1/34963] WARN  server.ServerUtils (ServerUtils.java:getScmDbDir(148)) - ozone.scm.db.dirs is not configured. We recommend adding this setting. Falling back to ozone.metadata.dirs instead.
2021-08-12 00:24:52,505 [Listener at 127.0.0.1/34963] INFO  ha.SCMHANodeDetails (SCMHANodeDetails.java:loadSCMHAConfig(157)) - ServiceID for StorageContainerManager is null
2021-08-12 00:24:52,512 [Listener at 127.0.0.1/34963] INFO  ha.SCMHANodeDetails (SCMHANodeDetails.java:loadSCMHAConfig(162)) - ozone.scm.default.service.id is not defined, falling back to ozone.scm.service.ids to find serviceID for StorageContainerManager if it is HA enabled cluster
2021-08-12 00:24:52,515 [Listener at 127.0.0.1/34963] WARN  server.ServerUtils (ServerUtils.java:getScmDbDir(148)) - ozone.scm.db.dirs is not configured. We recommend adding this setting. Falling back to ozone.metadata.dirs instead.
2021-08-12 00:24:52,515 [Listener at 127.0.0.1/34963] INFO  upgrade.AbstractLayoutVersionManager (AbstractLayoutVersionManager.java:init(70)) - Initializing Layout version manager with metadata layout = SCM_HA (version = 2), software layout = SCM_HA (version = 2)
2021-08-12 00:24:52,631 [Listener at 127.0.0.1/34963] INFO  reflections.Reflections (Reflections.java:scan(232)) - Reflections took 115 ms to scan 7 urls, producing 120 keys and 275 values 
2021-08-12 00:24:52,632 [Listener at 127.0.0.1/34963] WARN  utils.HAUtils (HAUtils.java:getMetaDir(342)) - ozone.scm.db.dirs is not configured. We recommend adding this setting. Falling back to ozone.metadata.dirs instead.
2021-08-12 00:24:52,633 [Listener at 127.0.0.1/34963] WARN  db.DBStoreBuilder (DBStoreBuilder.java:applyDBDefinition(145)) - ozone.scm.db.dirs is not configured. We recommend adding this setting. Falling back to ozone.metadata.dirs instead.
2021-08-12 00:24:52,827 [Listener at 127.0.0.1/34963] INFO  net.NodeSchemaLoader (NodeSchemaLoader.java:loadSchemaFromFile(129)) - Loading schema from [jar:file:/home/runner/.m2/repository/org/apache/ozone/hdds-common/1.2.0-SNAPSHOT/hdds-common-1.2.0-SNAPSHOT.jar!/network-topology-default.xml]
2021-08-12 00:24:52,837 [Listener at 127.0.0.1/34963] INFO  net.NodeSchemaLoader (NodeSchemaLoader.java:loadSchema(176)) - Loading network topology layer schema file
2021-08-12 00:24:52,843 [Listener at 127.0.0.1/34963] INFO  ha.SequenceIdGenerator (SequenceIdGenerator.java:upgradeToSequenceId(327)) - upgrade localId to 107544261427200000
2021-08-12 00:24:52,851 [Listener at 127.0.0.1/34963] INFO  ha.SequenceIdGenerator (SequenceIdGenerator.java:upgradeToSequenceId(337)) - upgrade delTxnId to 0
2021-08-12 00:24:52,851 [Listener at 127.0.0.1/34963] INFO  ha.SequenceIdGenerator (SequenceIdGenerator.java:upgradeToSequenceId(351)) - upgrade containerId to 0
2021-08-12 00:24:52,851 [Listener at 127.0.0.1/34963] INFO  ha.SequenceIdGenerator (SequenceIdGenerator.java:<init>(217)) - Init the HA SequenceIdGenerator.
2021-08-12 00:24:52,852 [Listener at 127.0.0.1/34963] INFO  node.SCMNodeManager (SCMNodeManager.java:<init>(145)) - Entering startup safe mode.
2021-08-12 00:24:52,852 [Listener at 127.0.0.1/34963] INFO  algorithms.ContainerPlacementPolicyFactory (ContainerPlacementPolicyFactory.java:getPolicy(60)) - Create container placement policy of type org.apache.hadoop.hdds.scm.container.placement.algorithms.SCMContainerPlacementRandom
2021-08-12 00:24:52,853 [Listener at 127.0.0.1/34963] INFO  pipeline.PipelineStateManager (PipelineStateManagerV2Impl.java:initialize(78)) - No pipeline exists in current db
2021-08-12 00:24:52,853 [Listener at 127.0.0.1/34963] INFO  algorithms.LeaderChoosePolicyFactory (LeaderChoosePolicyFactory.java:getPolicy(57)) - Create leader choose policy of type org.apache.hadoop.hdds.scm.pipeline.leader.choose.algorithms.MinLeaderCountChoosePolicy
2021-08-12 00:24:52,853 [Listener at 127.0.0.1/34963] INFO  ha.SCMServiceManager (SCMServiceManager.java:register(43)) - Registering service BackgroundPipelineCreator.
2021-08-12 00:24:52,853 [Listener at 127.0.0.1/34963] INFO  pipeline.BackgroundPipelineCreator (BackgroundPipelineCreatorV2.java:start(130)) - Starting RatisPipelineUtilsThread.
2021-08-12 00:24:52,877 [Listener at 127.0.0.1/34963] INFO  algorithms.PipelineChoosePolicyFactory (PipelineChoosePolicyFactory.java:createPipelineChoosePolicyFromClass(73)) - Create pipeline choose policy of type org.apache.hadoop.hdds.scm.pipeline.choose.algorithms.RandomPipelineChoosePolicy
2021-08-12 00:24:52,878 [Listener at 127.0.0.1/34963] INFO  ha.SCMServiceManager (SCMServiceManager.java:register(43)) - Registering service SCMBlockDeletingService.
2021-08-12 00:24:52,878 [Listener at 127.0.0.1/34963] INFO  ha.SCMServiceManager (SCMServiceManager.java:register(43)) - Registering service ReplicationManager.
2021-08-12 00:24:52,878 [Listener at 127.0.0.1/34963] INFO  container.ReplicationManager (ReplicationManager.java:start(286)) - Starting Replication Monitor Thread.
2021-08-12 00:24:52,890 [Listener at 127.0.0.1/34963] INFO  safemode.ContainerSafeModeRule (ContainerSafeModeRule.java:<init>(89)) - containers with one replica threshold count 0
2021-08-12 00:24:52,890 [Listener at 127.0.0.1/34963] INFO  safemode.HealthyPipelineSafeModeRule (HealthyPipelineSafeModeRule.java:initializeRule(156)) - Total pipeline count is 0, healthy pipeline threshold count is 1
2021-08-12 00:24:52,891 [Listener at 127.0.0.1/34963] INFO  safemode.OneReplicaPipelineSafeModeRule (OneReplicaPipelineSafeModeRule.java:initializeRule(180)) - Total pipeline count is 0, pipeline's with at least one datanode reported threshold count is 0
2021-08-12 00:24:52,903 [Listener at 127.0.0.1/34963] INFO  ipc.CallQueueManager (CallQueueManager.java:<init>(90)) - Using callQueue: class java.util.concurrent.LinkedBlockingQueue, queueCapacity: 2000, scheduler: class org.apache.hadoop.ipc.DefaultRpcScheduler, ipcBackoff: false.
2021-08-12 00:24:52,906 [Socket Reader #1 for port 0] INFO  ipc.Server (Server.java:run(1265)) - Starting Socket Reader #1 for port 0
2021-08-12 00:24:52,907 [Listener at 0.0.0.0/33263] INFO  ipc.CallQueueManager (CallQueueManager.java:<init>(90)) - Using callQueue: class java.util.concurrent.LinkedBlockingQueue, queueCapacity: 2000, scheduler: class org.apache.hadoop.ipc.DefaultRpcScheduler, ipcBackoff: false.
2021-08-12 00:24:52,925 [Socket Reader #1 for port 0] INFO  ipc.Server (Server.java:run(1265)) - Starting Socket Reader #1 for port 0
2021-08-12 00:24:52,933 [ReplicationMonitor] INFO  container.ReplicationManager (ReplicationManager.java:processAll(341)) - Replication Monitor Thread took 0 milliseconds for processing 0 containers.
2021-08-12 00:24:52,945 [Listener at 0.0.0.0/34233] INFO  ipc.CallQueueManager (CallQueueManager.java:<init>(90)) - Using callQueue: class java.util.concurrent.LinkedBlockingQueue, queueCapacity: 2000, scheduler: class org.apache.hadoop.ipc.DefaultRpcScheduler, ipcBackoff: false.
2021-08-12 00:24:52,985 [Socket Reader #1 for port 0] INFO  ipc.Server (Server.java:run(1265)) - Starting Socket Reader #1 for port 0
2021-08-12 00:24:53,050 [Listener at 0.0.0.0/43921] INFO  algorithms.ContainerPlacementPolicyFactory (ContainerPlacementPolicyFactory.java:getPolicy(60)) - Create container placement policy of type org.apache.hadoop.hdds.scm.container.placement.algorithms.SCMContainerPlacementRandom
2021-08-12 00:24:53,050 [Listener at 0.0.0.0/43921] INFO  server.StorageContainerManager (StorageContainerManager.java:<init>(383)) - 
Container Balancer status:
Key                            Value
Running                        false
Container Balancer Configuration values:
Key                                                Value
Threshold                                          0.1
Max Datanodes to Involve per Iteration(ratio)      0.5
Max Size to Move per Iteration                     10737418240B

2021-08-12 00:24:53,050 [Listener at 0.0.0.0/43921] WARN  events.EventQueue (EventQueue.java:fireEvent(194)) - No event handler registered for event TypedEvent{payloadType=SafeModeStatus, name='Safe mode status'}
2021-08-12 00:24:53,050 [Listener at 0.0.0.0/43921] INFO  ha.SCMContext (SCMContext.java:updateSafeModeStatus(205)) - Update SafeModeStatus from SafeModeStatus{safeModeStatus=true, preCheckPassed=false} to SafeModeStatus{safeModeStatus=true, preCheckPassed=false}.
2021-08-12 00:24:53,051 [Listener at 0.0.0.0/43921] INFO  server.StorageContainerManager (StorageContainerManager.java:start(1249)) - StorageContainerLocationProtocol RPC server is listening at /0.0.0.0:43921
2021-08-12 00:24:53,052 [Listener at 0.0.0.0/43921] WARN  impl.MetricsConfig (MetricsConfig.java:loadFirst(136)) - Cannot locate configuration: tried hadoop-metrics2-storagecontainermanager.properties,hadoop-metrics2.properties
2021-08-12 00:24:53,053 [Listener at 0.0.0.0/43921] INFO  impl.MetricsSystemImpl (MetricsSystemImpl.java:startTimer(378)) - Scheduled Metric snapshot period at 10 second(s).
2021-08-12 00:24:53,053 [Listener at 0.0.0.0/43921] INFO  impl.MetricsSystemImpl (MetricsSystemImpl.java:start(191)) - StorageContainerManager metrics system started
2021-08-12 00:24:53,065 [Listener at 0.0.0.0/43921] INFO  impl.MetricsSinkAdapter (MetricsSinkAdapter.java:start(204)) - Sink prometheus started
2021-08-12 00:24:53,069 [Listener at 0.0.0.0/43921] INFO  impl.MetricsSystemImpl (MetricsSystemImpl.java:registerSink(305)) - Registered sink prometheus
2021-08-12 00:24:53,126 [Listener at 0.0.0.0/43921] INFO  server.SCMClientProtocolServer (SCMClientProtocolServer.java:start(164)) - RPC server for Client  is listening at /0.0.0.0:43921
2021-08-12 00:24:53,137 [IPC Server Responder] INFO  ipc.Server (Server.java:run(1507)) - IPC Server Responder: starting
2021-08-12 00:24:53,137 [IPC Server listener on 0] INFO  ipc.Server (Server.java:run(1344)) - IPC Server listener on 0: starting
2021-08-12 00:24:53,190 [Listener at 0.0.0.0/43921] INFO  server.StorageContainerManager (StorageContainerManager.java:start(1264)) - ScmBlockLocationProtocol RPC server is listening at /0.0.0.0:34233
2021-08-12 00:24:53,190 [Listener at 0.0.0.0/43921] INFO  server.SCMBlockProtocolServer (SCMBlockProtocolServer.java:start(151)) - RPC server for Block Protocol is listening at /0.0.0.0:34233
2021-08-12 00:24:53,191 [IPC Server Responder] INFO  ipc.Server (Server.java:run(1507)) - IPC Server Responder: starting
2021-08-12 00:24:53,191 [IPC Server listener on 0] INFO  ipc.Server (Server.java:run(1344)) - IPC Server listener on 0: starting
2021-08-12 00:24:53,202 [Listener at 0.0.0.0/43921] INFO  server.StorageContainerManager (StorageContainerManager.java:start(1270)) - ScmDatanodeProtocl RPC server is listening at /0.0.0.0:33263
2021-08-12 00:24:53,202 [Listener at 0.0.0.0/43921] INFO  server.SCMDatanodeProtocolServer (SCMDatanodeProtocolServer.java:start(181)) - RPC server for DataNodes is listening at /0.0.0.0:33263
2021-08-12 00:24:53,203 [IPC Server Responder] INFO  ipc.Server (Server.java:run(1507)) - IPC Server Responder: starting
2021-08-12 00:24:53,203 [IPC Server listener on 0] INFO  ipc.Server (Server.java:run(1344)) - IPC Server listener on 0: starting
2021-08-12 00:24:53,231 [org.apache.hadoop.util.JvmPauseMonitor$Monitor@1cad68ca] INFO  util.JvmPauseMonitor (JvmPauseMonitor.java:run(188)) - Starting JVM pause monitor
2021-08-12 00:24:53,246 [Listener at 0.0.0.0/43921] INFO  http.BaseHttpServer (BaseHttpServer.java:newHttpServer2BuilderForOzone(209)) - Starting Web-server for scm at: http://0.0.0.0:0
2021-08-12 00:24:53,246 [Listener at 0.0.0.0/43921] INFO  http.BaseHttpServer (BaseHttpServer.java:<init>(107)) - Hadoop Security Enabled: false Ozone Security Enabled: false Ozone HTTP Security Enabled: false 
2021-08-12 00:24:53,247 [Listener at 0.0.0.0/43921] INFO  server.AuthenticationFilter (AuthenticationFilter.java:constructSecretProvider(240)) - Unable to initialize FileSignerSecretProvider, falling back to use random secrets.
2021-08-12 00:24:53,248 [Listener at 0.0.0.0/43921] WARN  http.HttpRequestLog (HttpRequestLog.java:getRequestLog(103)) - Jetty request log can only be enabled using Log4j
2021-08-12 00:24:53,249 [Listener at 0.0.0.0/43921] INFO  http.HttpServer2 (HttpServer2.java:addGlobalFilter(1020)) - Added global filter 'safety' (class=org.apache.hadoop.hdds.server.http.HttpServer2$QuotingInputFilter)
2021-08-12 00:24:53,250 [Listener at 0.0.0.0/43921] INFO  http.HttpServer2 (HttpServer2.java:addFilter(996)) - Added filter static_user_filter (class=org.apache.hadoop.http.lib.StaticUserWebFilter$StaticUserFilter) to context scm
2021-08-12 00:24:53,250 [Listener at 0.0.0.0/43921] INFO  http.HttpServer2 (HttpServer2.java:addFilter(1004)) - Added filter static_user_filter (class=org.apache.hadoop.http.lib.StaticUserWebFilter$StaticUserFilter) to context static
2021-08-12 00:24:53,250 [Listener at 0.0.0.0/43921] INFO  http.HttpServer2 (HttpServer2.java:addFilter(1004)) - Added filter static_user_filter (class=org.apache.hadoop.http.lib.StaticUserWebFilter$StaticUserFilter) to context logs
2021-08-12 00:24:53,250 [Listener at 0.0.0.0/43921] INFO  http.HttpServer2 (HttpServer2.java:bindListener(1239)) - Jetty bound to port 37465
2021-08-12 00:24:53,250 [Listener at 0.0.0.0/43921] INFO  server.Server (Server.java:doStart(375)) - jetty-9.4.43.v20210629; built: 2021-06-30T11:07:22.254Z; git: 526006ecfa3af7f1a27ef3a288e2bef7ea9dd7e8; jvm 1.8.0_292-b10
2021-08-12 00:24:53,267 [Listener at 0.0.0.0/43921] INFO  server.session (DefaultSessionIdManager.java:doStart(334)) - DefaultSessionIdManager workerName=node0
2021-08-12 00:24:53,268 [Listener at 0.0.0.0/43921] INFO  server.session (DefaultSessionIdManager.java:doStart(339)) - No SessionScavenger set, using defaults
2021-08-12 00:24:53,268 [Listener at 0.0.0.0/43921] INFO  server.session (HouseKeeper.java:startScavenging(132)) - node0 Scavenging every 660000ms
2021-08-12 00:24:53,269 [Listener at 0.0.0.0/43921] INFO  handler.ContextHandler (ContextHandler.java:doStart(915)) - Started o.e.j.s.ServletContextHandler@7a5073f8{logs,/logs,file:///home/runner/work/ozone/ozone/hadoop-ozone/integration-test/target/log,AVAILABLE}
2021-08-12 00:24:53,269 [Listener at 0.0.0.0/43921] INFO  handler.ContextHandler (ContextHandler.java:doStart(915)) - Started o.e.j.s.ServletContextHandler@e1affe8{static,/static,file:///home/runner/work/ozone/ozone/hadoop-ozone/integration-test/target/test-classes/webapps/static,AVAILABLE}
2021-08-12 00:24:53,272 [Listener at 0.0.0.0/43921] INFO  handler.ContextHandler (ContextHandler.java:doStart(915)) - Started o.e.j.w.WebAppContext@625ee079{scm,/,file:///home/runner/work/ozone/ozone/hadoop-ozone/integration-test/target/test-classes/webapps/scm/,AVAILABLE}{file:/home/runner/work/ozone/ozone/hadoop-ozone/integration-test/target/test-classes/webapps/scm}
2021-08-12 00:24:53,277 [Listener at 0.0.0.0/43921] INFO  server.AbstractConnector (AbstractConnector.java:doStart(331)) - Started ServerConnector@b74eabb{HTTP/1.1, (http/1.1)}{0.0.0.0:37465}
2021-08-12 00:24:53,277 [Listener at 0.0.0.0/43921] INFO  server.Server (Server.java:doStart(415)) - Started @89595ms
2021-08-12 00:24:53,277 [Listener at 0.0.0.0/43921] WARN  impl.MetricsSystemImpl (MetricsSystemImpl.java:register(279)) - Sink prometheus already exists!
2021-08-12 00:24:53,285 [Listener at 0.0.0.0/43921] INFO  http.BaseHttpServer (BaseHttpServer.java:updateConnectorAddress(329)) - HTTP server of scm listening at http://0.0.0.0:37465
2021-08-12 00:24:53,285 [Listener at 0.0.0.0/43921] WARN  server.ServerUtils (ServerUtils.java:getDBPath(225)) - ozone.om.db.dirs is not configured. We recommend adding this setting. Falling back to ozone.metadata.dirs instead.
2021-08-12 00:24:53,288 [Listener at 0.0.0.0/43921] INFO  ha.OMHANodeDetails (OMHANodeDetails.java:loadOMHAConfig(112)) - ozone.om.internal.service.id is not defined, falling back to ozone.om.service.ids to find serviceID for OzoneManager if it is HA enabled cluster
2021-08-12 00:24:53,289 [Listener at 0.0.0.0/43921] INFO  ha.OMHANodeDetails (OMHANodeDetails.java:loadOMHAConfig(219)) - Configuration does not have ozone.om.address set. Falling back to the default OM address /127.0.0.1:0
2021-08-12 00:24:53,289 [Listener at 0.0.0.0/43921] INFO  ha.OMHANodeDetails (OMHANodeDetails.java:getOMNodeDetails(247)) - OM Service ID is not set. Setting it to the default ID: omServiceIdDefault
2021-08-12 00:24:53,289 [Listener at 0.0.0.0/43921] INFO  ha.OMHANodeDetails (OMHANodeDetails.java:getOMNodeDetails(254)) - OM Node ID is not set. Setting it to the default ID: om1
2021-08-12 00:24:53,289 [Listener at 0.0.0.0/43921] WARN  server.ServerUtils (ServerUtils.java:getDBPath(225)) - ozone.om.db.dirs is not configured. We recommend adding this setting. Falling back to ozone.metadata.dirs instead.
2021-08-12 00:24:53,291 [Listener at 0.0.0.0/43921] INFO  upgrade.AbstractLayoutVersionManager (AbstractLayoutVersionManager.java:init(70)) - Initializing Layout version manager with metadata layout = INITIAL_VERSION (version = 0), software layout = INITIAL_VERSION (version = 0)
2021-08-12 00:24:53,448 [Listener at 0.0.0.0/43921] INFO  reflections.Reflections (Reflections.java:scan(232)) - Reflections took 157 ms to scan 2 urls, producing 131 keys and 342 values [using 2 cores]
2021-08-12 00:24:53,449 [Listener at 0.0.0.0/43921] INFO  upgrade.OMLayoutVersionManager (OMLayoutVersionManager.java:lambda$0(116)) - Skipping Upgrade Action MockOmUpgradeAction since it has been finalized.
2021-08-12 00:24:53,449 [Listener at 0.0.0.0/43921] WARN  server.ServerUtils (ServerUtils.java:getDBPath(225)) - ozone.om.db.dirs is not configured. We recommend adding this setting. Falling back to ozone.metadata.dirs instead.
2021-08-12 00:24:53,502 [Listener at 0.0.0.0/43921] WARN  server.ServerUtils (ServerUtils.java:getDBPath(225)) - ozone.om.db.dirs is not configured. We recommend adding this setting. Falling back to ozone.metadata.dirs instead.
2021-08-12 00:24:53,502 [Listener at 0.0.0.0/43921] INFO  codec.OmKeyInfoCodec (OmKeyInfoCodec.java:<init>(51)) - OmKeyInfoCodec ignorePipeline = true
2021-08-12 00:24:53,503 [Listener at 0.0.0.0/43921] INFO  codec.RepeatedOmKeyInfoCodec (RepeatedOmKeyInfoCodec.java:<init>(42)) - RepeatedOmKeyInfoCodec ignorePipeline = true
2021-08-12 00:24:53,897 [Listener at 0.0.0.0/43921] INFO  om.OzoneManager (OzoneManager.java:addS3GVolumeToDB(4115)) - Created Volume s3v With Owner runner required for S3Gateway operations.
2021-08-12 00:24:53,897 [Listener at 0.0.0.0/43921] WARN  server.ServerUtils (ServerUtils.java:getDefaultRatisDirectory(237)) - Storage directory for Ratis is not configured. It is a good idea to map this to an SSD disk. Falling back to ozone.metadata.dirs
2021-08-12 00:24:53,897 [Listener at 0.0.0.0/43921] WARN  utils.OzoneManagerRatisUtils (OzoneManagerRatisUtils.java:getOMRatisSnapshotDirectory(391)) - ozone.om.ratis.snapshot.dir is not configured. Falling back to ozone.metadata.dirs config
2021-08-12 00:24:53,897 [Listener at 0.0.0.0/43921] WARN  impl.MetricRegistriesImpl (MetricRegistriesImpl.java:addReporterRegistration(111)) - New reporters are added after registries were created. Some metrics will be missing from the reporter. Please add reporter before adding any new registry.
2021-08-12 00:24:53,898 [Listener at 0.0.0.0/43921] WARN  impl.MetricRegistriesImpl (MetricRegistriesImpl.java:addReporterRegistration(111)) - New reporters are added after registries were created. Some metrics will be missing from the reporter. Please add reporter before adding any new registry.
2021-08-12 00:24:53,898 [Listener at 0.0.0.0/43921] WARN  server.ServerUtils (ServerUtils.java:getDefaultRatisDirectory(237)) - Storage directory for Ratis is not configured. It is a good idea to map this to an SSD disk. Falling back to ozone.metadata.dirs
2021-08-12 00:24:53,899 [Listener at 0.0.0.0/43921] INFO  ratis.OzoneManagerRatisServer (OzoneManagerRatisServer.java:<init>(158)) - Instantiating OM Ratis server with groupID: omServiceIdDefault and peers: localhost:9872
2021-08-12 00:24:53,900 [Listener at 0.0.0.0/43921] INFO  ratis.OzoneManagerStateMachine (OzoneManagerStateMachine.java:loadSnapshotInfoFromDB(605)) - LastAppliedIndex is set from TransactionInfo from OM DB as (t:0, i:~)
2021-08-12 00:24:53,913 [Listener at 0.0.0.0/43921] INFO  server.RaftServer (ConfUtils.java:logGet(44)) - raft.rpc.type = GRPC (default)
2021-08-12 00:24:53,913 [Listener at 0.0.0.0/43921] INFO  grpc.GrpcFactory (GrpcFactory.java:checkPooledByteBufAllocatorUseCacheForAllThreads(48)) - PERFORMANCE WARNING: useCacheForAllThreads is true that may cause Netty to create a lot garbage objects and, as a result, trigger GC.
	It is recommended to disable useCacheForAllThreads by setting -Dorg.apache.ratis.thirdparty.io.netty.allocator.useCacheForAllThreads=false in command line.
2021-08-12 00:24:53,913 [Listener at 0.0.0.0/43921] INFO  grpc.GrpcConfigKeys (ConfUtils.java:logGet(44)) - raft.grpc.admin.port = -1 (default)
2021-08-12 00:24:53,913 [Listener at 0.0.0.0/43921] INFO  grpc.GrpcConfigKeys (ConfUtils.java:logGet(44)) - raft.grpc.server.port = 9872 (custom)
2021-08-12 00:24:53,913 [Listener at 0.0.0.0/43921] INFO  grpc.GrpcConfigKeys (ConfUtils.java:logGet(44)) - raft.grpc.client.port = -1 (default)
2021-08-12 00:24:53,914 [Listener at 0.0.0.0/43921] INFO  grpc.GrpcConfigKeys (ConfUtils.java:logGet(44)) - raft.grpc.server.port = 9872 (custom)
2021-08-12 00:24:53,914 [Listener at 0.0.0.0/43921] INFO  grpc.GrpcConfigKeys (ConfUtils.java:logGet(44)) - raft.grpc.server.port = 9872 (custom)
2021-08-12 00:24:53,914 [Listener at 0.0.0.0/43921] INFO  server.GrpcService (ConfUtils.java:logGet(44)) - raft.grpc.message.size.max = 33554432 (custom)
2021-08-12 00:24:53,914 [Listener at 0.0.0.0/43921] INFO  server.RaftServerConfigKeys (ConfUtils.java:logGet(44)) - raft.server.log.appender.buffer.byte-limit = 33554432 (custom)
2021-08-12 00:24:53,914 [Listener at 0.0.0.0/43921] INFO  server.GrpcService (ConfUtils.java:logGet(44)) - raft.grpc.flow.control.window = 1MB (=1048576) (default)
2021-08-12 00:24:53,914 [Listener at 0.0.0.0/43921] INFO  server.RaftServerConfigKeys (ConfUtils.java:logGet(44)) - raft.server.rpc.request.timeout = 3000ms (default)
2021-08-12 00:24:53,916 [Listener at 0.0.0.0/43921] INFO  impl.DataStreamServerImpl (ConfUtils.java:logGet(44)) - raft.datastream.type = DISABLED (default)
2021-08-12 00:24:53,916 [Listener at 0.0.0.0/43921] INFO  server.RaftServerConfigKeys (ConfUtils.java:logGet(44)) - raft.server.rpc.slowness.timeout = 120s (custom)
2021-08-12 00:24:53,916 [Listener at 0.0.0.0/43921] INFO  server.RaftServerConfigKeys (ConfUtils.java:logGet(44)) - raft.server.leaderelection.leader.step-down.wait-time = 10s (default)
2021-08-12 00:24:53,916 [Listener at 0.0.0.0/43921] INFO  server.RaftServerConfigKeys (ConfUtils.java:logGet(44)) - raft.server.storage.dir = [/home/runner/work/ozone/ozone/hadoop-ozone/integration-test/target/test-dir/MiniOzoneClusterImpl-a42b6446-58ec-43bb-8d59-9c3f88cf101c/ozone-meta/ratis] (custom)
2021-08-12 00:24:53,918 [Listener at 0.0.0.0/43921] INFO  server.RaftServer (RaftServerProxy.java:addNew(95)) - om1: addNew group-C5BA1605619E:[om1|rpc:localhost:9872|priority:0] returns group-C5BA1605619E:java.util.concurrent.CompletableFuture@32429a73[Not completed]
2021-08-12 00:24:53,919 [Listener at 0.0.0.0/43921] INFO  om.OzoneManager (OzoneManager.java:initializeRatisServer(1573)) - OzoneManager Ratis server initialized at port 9872
2021-08-12 00:24:53,920 [Listener at 0.0.0.0/43921] INFO  ipc.CallQueueManager (CallQueueManager.java:<init>(90)) - Using callQueue: class java.util.concurrent.LinkedBlockingQueue, queueCapacity: 2000, scheduler: class org.apache.hadoop.ipc.DefaultRpcScheduler, ipcBackoff: false.
2021-08-12 00:24:53,922 [pool-294-thread-1] INFO  server.RaftServer$Division (RaftServerImpl.java:<init>(181)) - om1: new RaftServerImpl for group-C5BA1605619E:[om1|rpc:localhost:9872|priority:0] with OzoneManagerStateMachine:uninitialized
2021-08-12 00:24:53,925 [Socket Reader #1 for port 0] INFO  ipc.Server (Server.java:run(1265)) - Starting Socket Reader #1 for port 0
2021-08-12 00:24:53,956 [pool-294-thread-1] INFO  server.RaftServerConfigKeys (ConfUtils.java:logGet(44)) - raft.server.rpc.timeout.min = 1s (custom)
2021-08-12 00:24:53,957 [pool-294-thread-1] INFO  server.RaftServerConfigKeys (ConfUtils.java:logGet(44)) - raft.server.rpc.timeout.max = 1200ms (custom)
2021-08-12 00:24:53,960 [pool-294-thread-1] INFO  server.RaftServerConfigKeys (ConfUtils.java:logGet(44)) - raft.server.rpc.sleep.time = 25ms (default)
2021-08-12 00:24:53,961 [pool-294-thread-1] INFO  server.RaftServerConfigKeys (ConfUtils.java:logGet(44)) - raft.server.rpc.slowness.timeout = 120s (custom)
2021-08-12 00:24:53,961 [pool-294-thread-1] INFO  server.RaftServerConfigKeys (ConfUtils.java:logGet(44)) - raft.server.leaderelection.leader.step-down.wait-time = 10s (default)
2021-08-12 00:24:53,961 [pool-294-thread-1] INFO  server.RaftServerConfigKeys (ConfUtils.java:logGet(44)) - raft.server.sleep.deviation.threshold = 300ms (default)
2021-08-12 00:24:53,961 [pool-294-thread-1] INFO  server.RaftServerConfigKeys (ConfUtils.java:logGet(44)) - raft.server.log.appender.install.snapshot.enabled = false (custom)
2021-08-12 00:24:53,961 [pool-294-thread-1] INFO  server.RaftServer$Division (ServerState.java:<init>(105)) - om1@group-C5BA1605619E: ConfigurationManager, init=-1: [om1|rpc:localhost:9872|priority:0], old=null, confs=<EMPTY_MAP>
2021-08-12 00:24:53,961 [pool-294-thread-1] INFO  server.RaftServerConfigKeys (ConfUtils.java:logGet(44)) - raft.server.storage.dir = [/home/runner/work/ozone/ozone/hadoop-ozone/integration-test/target/test-dir/MiniOzoneClusterImpl-a42b6446-58ec-43bb-8d59-9c3f88cf101c/ozone-meta/ratis] (custom)
2021-08-12 00:24:53,961 [pool-294-thread-1] INFO  server.RaftServerConfigKeys (ConfUtils.java:logGet(44)) - raft.server.log.corruption.policy = EXCEPTION (default)
2021-08-12 00:24:53,961 [pool-294-thread-1] INFO  server.RaftServerConfigKeys (ConfUtils.java:logGet(44)) - raft.server.storage.free-space.min = 0MB (=0) (default)
2021-08-12 00:24:53,961 [pool-294-thread-1] INFO  storage.RaftStorageDirectory (RaftStorageDirectoryImpl.java:analyzeStorage(135)) - The storage directory /home/runner/work/ozone/ozone/hadoop-ozone/integration-test/target/test-dir/MiniOzoneClusterImpl-a42b6446-58ec-43bb-8d59-9c3f88cf101c/ozone-meta/ratis/bf265839-605b-3f16-9796-c5ba1605619e does not exist. Creating ...
2021-08-12 00:24:53,968 [pool-294-thread-1] INFO  storage.RaftStorageDirectory (RaftStorageDirectoryImpl.java:tryLock(230)) - Lock on /home/runner/work/ozone/ozone/hadoop-ozone/integration-test/target/test-dir/MiniOzoneClusterImpl-a42b6446-58ec-43bb-8d59-9c3f88cf101c/ozone-meta/ratis/bf265839-605b-3f16-9796-c5ba1605619e/in_use.lock acquired by nodename 2812@fv-az50-214
2021-08-12 00:24:53,977 [pool-294-thread-1] INFO  storage.RaftStorage (RaftStorageImpl.java:format(89)) - Storage directory /home/runner/work/ozone/ozone/hadoop-ozone/integration-test/target/test-dir/MiniOzoneClusterImpl-a42b6446-58ec-43bb-8d59-9c3f88cf101c/ozone-meta/ratis/bf265839-605b-3f16-9796-c5ba1605619e has been successfully formatted.
2021-08-12 00:24:53,977 [pool-294-thread-1] INFO  server.RaftServerConfigKeys (ConfUtils.java:logGet(44)) - raft.server.notification.no-leader.timeout = 120s (custom)
2021-08-12 00:24:53,977 [pool-294-thread-1] INFO  server.RaftServerConfigKeys (ConfUtils.java:logGet(44)) - raft.server.log.use.memory = false (default)
2021-08-12 00:24:53,977 [pool-294-thread-1] INFO  server.RaftServerConfigKeys (ConfUtils.java:logGet(44)) - raft.server.log.purge.gap = 1000000 (custom)
2021-08-12 00:24:53,978 [pool-294-thread-1] INFO  server.RaftServerConfigKeys (ConfUtils.java:logGet(44)) - raft.server.log.appender.buffer.byte-limit = 33554432 (custom)
2021-08-12 00:24:53,978 [pool-294-thread-1] INFO  server.RaftServerConfigKeys (ConfUtils.java:logGet(44)) - raft.server.log.segment.size.max = 4194304 (custom)
2021-08-12 00:24:53,978 [pool-294-thread-1] INFO  server.RaftServerConfigKeys (ConfUtils.java:logGet(44)) - raft.server.log.segment.cache.num.max = 2 (custom)
2021-08-12 00:24:53,978 [pool-294-thread-1] INFO  server.RaftServerConfigKeys (ConfUtils.java:logGet(44)) - raft.server.log.segment.cache.size.max = 200MB (=209715200) (default)
2021-08-12 00:24:53,978 [pool-294-thread-1] INFO  segmented.SegmentedRaftLogWorker (SegmentedRaftLogWorker.java:<init>(182)) - new om1@group-C5BA1605619E-SegmentedRaftLogWorker for RaftStorageImpl:Storage Directory /home/runner/work/ozone/ozone/hadoop-ozone/integration-test/target/test-dir/MiniOzoneClusterImpl-a42b6446-58ec-43bb-8d59-9c3f88cf101c/ozone-meta/ratis/bf265839-605b-3f16-9796-c5ba1605619e
2021-08-12 00:24:53,978 [pool-294-thread-1] INFO  server.RaftServerConfigKeys (ConfUtils.java:logGet(44)) - raft.server.log.queue.byte-limit = 64MB (=67108864) (default)
2021-08-12 00:24:53,979 [pool-294-thread-1] INFO  server.RaftServerConfigKeys (ConfUtils.java:logGet(44)) - raft.server.log.queue.element-limit = 4096 (default)
2021-08-12 00:24:53,979 [pool-294-thread-1] INFO  server.RaftServerConfigKeys (ConfUtils.java:logGet(44)) - raft.server.log.segment.size.max = 4194304 (custom)
2021-08-12 00:24:53,979 [pool-294-thread-1] INFO  server.RaftServerConfigKeys (ConfUtils.java:logGet(44)) - raft.server.log.preallocated.size = 4194304 (custom)
2021-08-12 00:24:53,979 [pool-294-thread-1] INFO  server.RaftServerConfigKeys (ConfUtils.java:logGet(44)) - raft.server.log.force.sync.num = 128 (default)
2021-08-12 00:24:53,979 [pool-294-thread-1] INFO  server.RaftServerConfigKeys (ConfUtils.java:logGet(44)) - raft.server.log.statemachine.data.sync = true (default)
2021-08-12 00:24:53,979 [pool-294-thread-1] INFO  server.RaftServerConfigKeys (ConfUtils.java:logGet(44)) - raft.server.log.statemachine.data.sync.timeout = 10s (default)
2021-08-12 00:24:53,979 [pool-294-thread-1] INFO  server.RaftServerConfigKeys (ConfUtils.java:logGet(44)) - raft.server.log.statemachine.data.sync.timeout.retry = -1 (default)
2021-08-12 00:24:53,980 [pool-294-thread-1] INFO  server.RaftServerConfigKeys (ConfUtils.java:logGet(44)) - raft.server.log.write.buffer.size = 64KB (=65536) (default)
2021-08-12 00:24:53,980 [pool-294-thread-1] INFO  server.RaftServerConfigKeys (ConfUtils.java:logGet(44)) - raft.server.log.statemachine.data.caching.enabled = false (default)
2021-08-12 00:24:53,980 [pool-294-thread-1] INFO  segmented.SegmentedRaftLogWorker (SegmentedRaftLogWorker.java:lambda$new$0(133)) - om1@group-C5BA1605619E-SegmentedRaftLogWorker: flushIndex: setUnconditionally 0 -> -1
2021-08-12 00:24:53,980 [pool-294-thread-1] INFO  segmented.SegmentedRaftLogWorker (SegmentedRaftLogWorker.java:lambda$new$0(133)) - om1@group-C5BA1605619E-SegmentedRaftLogWorker: safeCacheEvictIndex: setUnconditionally 0 -> -1
2021-08-12 00:24:53,994 [pool-294-thread-1] INFO  server.RaftServerConfigKeys (ConfUtils.java:logGet(44)) - raft.server.snapshot.auto.trigger.enabled = true (custom)
2021-08-12 00:24:53,994 [pool-294-thread-1] INFO  server.RaftServerConfigKeys (ConfUtils.java:logGet(44)) - raft.server.snapshot.auto.trigger.threshold = 400000 (default)
2021-08-12 00:24:53,994 [pool-294-thread-1] INFO  server.RaftServerConfigKeys (ConfUtils.java:logGet(44)) - raft.server.snapshot.retention.file.num = -1 (default)
2021-08-12 00:24:53,995 [pool-294-thread-1] INFO  server.RaftServerConfigKeys (ConfUtils.java:logGet(44)) - raft.server.log.purge.upto.snapshot.index = true (custom)
2021-08-12 00:24:53,995 [pool-294-thread-1] INFO  server.RaftServerConfigKeys (ConfUtils.java:logGet(44)) - raft.server.retrycache.expirytime = 300s (custom)
2021-08-12 00:24:53,995 [pool-294-thread-1] INFO  server.RaftServerConfigKeys (ConfUtils.java:logGet(44)) - raft.server.retrycache.statistics.expirytime = 100μs (default)
2021-08-12 00:24:53,998 [Listener at 127.0.0.1/46733] INFO  om.OzoneManager (OzoneManager.java:initFSOLayout(4321)) - Configured ozone.om.metadata.layout=SIMPLE and disabled optimized OM FS operations
2021-08-12 00:24:54,005 [Listener at 127.0.0.1/46733] INFO  impl.MetricsSystemImpl (MetricsSystemImpl.java:init(158)) - OzoneManager metrics system started (again)
2021-08-12 00:24:54,043 [Listener at 127.0.0.1/46733] INFO  om.OzoneManager (OzoneManager.java:start(1270)) - OzoneManager RPC server is listening at localhost/127.0.0.1:46733
2021-08-12 00:24:54,044 [Listener at 127.0.0.1/46733] INFO  ratis.OzoneManagerRatisServer (OzoneManagerRatisServer.java:start(516)) - Starting OzoneManagerRatisServer om1 at port 9872
2021-08-12 00:24:54,044 [Listener at 127.0.0.1/46733] INFO  server.RaftServer$Division (RaftServerImpl.java:start(296)) - om1@group-C5BA1605619E: start as a follower, conf=-1: [om1|rpc:localhost:9872|priority:0], old=null
2021-08-12 00:24:54,044 [Listener at 127.0.0.1/46733] INFO  server.RaftServer$Division (RaftServerImpl.java:setRole(285)) - om1@group-C5BA1605619E: changes role from      null to FOLLOWER at term 0 for startAsFollower
2021-08-12 00:24:54,044 [Listener at 127.0.0.1/46733] INFO  impl.RoleInfo (RoleInfo.java:updateAndGet(130)) - om1: start om1@group-C5BA1605619E-FollowerState
2021-08-12 00:24:54,084 [Listener at 127.0.0.1/46733] INFO  util.JmxRegister (JmxRegister.java:tryRegister(44)) - Successfully registered JMX Bean with object name Ratis:service=RaftServer,group=group-C5BA1605619E,id=om1
2021-08-12 00:24:54,110 [Listener at 127.0.0.1/46733] INFO  server.RaftServer (RaftServerProxy.java:lambda$start$5(374)) - om1: start RPC server
2021-08-12 00:24:54,111 [Listener at 127.0.0.1/46733] INFO  server.GrpcService (GrpcService.java:startImpl(253)) - om1: GrpcService started, listening on 9872
2021-08-12 00:24:54,112 [Listener at 127.0.0.1/46733] INFO  om.OzoneManager (OzoneManager.java:start(1288)) - Version File has different layout version (0) than OM DB (null). That is expected if this OM has never been finalized to a newer layout version.
2021-08-12 00:24:54,112 [org.apache.ratis.util.JvmPauseMonitor$$Lambda$531/2042374570@144a3109] INFO  util.JvmPauseMonitor (JvmPauseMonitor.java:run(103)) - JvmPauseMonitor-om1: Started
2021-08-12 00:24:54,114 [Listener at 127.0.0.1/46733] INFO  http.BaseHttpServer (BaseHttpServer.java:newHttpServer2BuilderForOzone(209)) - Starting Web-server for ozoneManager at: http://0.0.0.0:0
2021-08-12 00:24:54,114 [Listener at 127.0.0.1/46733] INFO  http.BaseHttpServer (BaseHttpServer.java:<init>(107)) - Hadoop Security Enabled: false Ozone Security Enabled: false Ozone HTTP Security Enabled: false 
2021-08-12 00:24:54,142 [Listener at 127.0.0.1/46733] INFO  server.AuthenticationFilter (AuthenticationFilter.java:constructSecretProvider(240)) - Unable to initialize FileSignerSecretProvider, falling back to use random secrets.
2021-08-12 00:24:54,146 [Listener at 127.0.0.1/46733] WARN  http.HttpRequestLog (HttpRequestLog.java:getRequestLog(103)) - Jetty request log can only be enabled using Log4j
2021-08-12 00:24:54,148 [Listener at 127.0.0.1/46733] INFO  http.HttpServer2 (HttpServer2.java:addGlobalFilter(1020)) - Added global filter 'safety' (class=org.apache.hadoop.hdds.server.http.HttpServer2$QuotingInputFilter)
2021-08-12 00:24:54,148 [Listener at 127.0.0.1/46733] INFO  http.HttpServer2 (HttpServer2.java:addFilter(996)) - Added filter static_user_filter (class=org.apache.hadoop.http.lib.StaticUserWebFilter$StaticUserFilter) to context ozoneManager
2021-08-12 00:24:54,149 [Listener at 127.0.0.1/46733] INFO  http.HttpServer2 (HttpServer2.java:addFilter(1004)) - Added filter static_user_filter (class=org.apache.hadoop.http.lib.StaticUserWebFilter$StaticUserFilter) to context logs
2021-08-12 00:24:54,149 [Listener at 127.0.0.1/46733] INFO  http.HttpServer2 (HttpServer2.java:addFilter(1004)) - Added filter static_user_filter (class=org.apache.hadoop.http.lib.StaticUserWebFilter$StaticUserFilter) to context static
2021-08-12 00:24:54,150 [Listener at 127.0.0.1/46733] INFO  http.HttpServer2 (HttpServer2.java:bindListener(1239)) - Jetty bound to port 34971
2021-08-12 00:24:54,150 [Listener at 127.0.0.1/46733] INFO  server.Server (Server.java:doStart(375)) - jetty-9.4.43.v20210629; built: 2021-06-30T11:07:22.254Z; git: 526006ecfa3af7f1a27ef3a288e2bef7ea9dd7e8; jvm 1.8.0_292-b10
2021-08-12 00:24:54,174 [Listener at 127.0.0.1/46733] INFO  server.session (DefaultSessionIdManager.java:doStart(334)) - DefaultSessionIdManager workerName=node0
2021-08-12 00:24:54,174 [Listener at 127.0.0.1/46733] INFO  server.session (DefaultSessionIdManager.java:doStart(339)) - No SessionScavenger set, using defaults
2021-08-12 00:24:54,174 [Listener at 127.0.0.1/46733] INFO  server.session (HouseKeeper.java:startScavenging(132)) - node0 Scavenging every 660000ms
2021-08-12 00:24:54,197 [Listener at 127.0.0.1/46733] INFO  handler.ContextHandler (ContextHandler.java:doStart(915)) - Started o.e.j.s.ServletContextHandler@1eb84ea6{logs,/logs,file:///home/runner/work/ozone/ozone/hadoop-ozone/integration-test/target/log,AVAILABLE}
2021-08-12 00:24:54,197 [Listener at 127.0.0.1/46733] INFO  handler.ContextHandler (ContextHandler.java:doStart(915)) - Started o.e.j.s.ServletContextHandler@6674a40b{static,/static,file:///home/runner/work/ozone/ozone/hadoop-ozone/integration-test/target/test-classes/webapps/static,AVAILABLE}
2021-08-12 00:24:54,201 [Listener at 127.0.0.1/46733] INFO  handler.ContextHandler (ContextHandler.java:doStart(915)) - Started o.e.j.w.WebAppContext@2b10803e{ozoneManager,/,file:///home/runner/work/ozone/ozone/hadoop-ozone/integration-test/target/test-classes/webapps/ozoneManager/,AVAILABLE}{file:/home/runner/work/ozone/ozone/hadoop-ozone/integration-test/target/test-classes/webapps/ozoneManager}
2021-08-12 00:24:54,219 [Listener at 127.0.0.1/46733] INFO  server.AbstractConnector (AbstractConnector.java:doStart(331)) - Started ServerConnector@7563f296{HTTP/1.1, (http/1.1)}{0.0.0.0:34971}
2021-08-12 00:24:54,219 [Listener at 127.0.0.1/46733] INFO  server.Server (Server.java:doStart(415)) - Started @90537ms
2021-08-12 00:24:54,219 [Listener at 127.0.0.1/46733] WARN  impl.MetricsSystemImpl (MetricsSystemImpl.java:register(279)) - Sink prometheus already exists!
2021-08-12 00:24:54,220 [Listener at 127.0.0.1/46733] INFO  http.BaseHttpServer (BaseHttpServer.java:updateConnectorAddress(329)) - HTTP server of ozoneManager listening at http://0.0.0.0:34971
2021-08-12 00:24:54,220 [IPC Server Responder] INFO  ipc.Server (Server.java:run(1507)) - IPC Server Responder: starting
2021-08-12 00:24:54,231 [IPC Server listener on 0] INFO  ipc.Server (Server.java:run(1344)) - IPC Server listener on 0: starting
2021-08-12 00:24:54,341 [Listener at 127.0.0.1/46733] INFO  om.OzoneManager (OzoneManager.java:startTrashEmptier(1531)) - Trash Interval set to 0. Files deleted will not move to trash
2021-08-12 00:24:54,405 [org.apache.hadoop.util.JvmPauseMonitor$Monitor@1f70ab49] INFO  util.JvmPauseMonitor (JvmPauseMonitor.java:run(188)) - Starting JVM pause monitor
2021-08-12 00:24:54,457 [Listener at 127.0.0.1/46733] WARN  impl.MetricRegistriesImpl (MetricRegistriesImpl.java:addReporterRegistration(111)) - New reporters are added after registries were created. Some metrics will be missing from the reporter. Please add reporter before adding any new registry.
2021-08-12 00:24:54,457 [Listener at 127.0.0.1/46733] WARN  impl.MetricRegistriesImpl (MetricRegistriesImpl.java:addReporterRegistration(111)) - New reporters are added after registries were created. Some metrics will be missing from the reporter. Please add reporter before adding any new registry.
2021-08-12 00:24:54,457 [Listener at 127.0.0.1/46733] INFO  impl.MetricsSystemImpl (MetricsSystemImpl.java:init(158)) - HddsDatanode metrics system started (again)
2021-08-12 00:24:54,488 [Listener at 127.0.0.1/46733] INFO  ozone.HddsDatanodeService (HddsDatanodeService.java:start(234)) - HddsDatanodeService host:fv-az50-214.grzltbmokehuzjyc5b133kdqgh.cx.internal.cloudapp.net ip:10.1.0.56
2021-08-12 00:24:54,555 [Listener at 127.0.0.1/46733] INFO  upgrade.AbstractLayoutVersionManager (AbstractLayoutVersionManager.java:init(70)) - Initializing Layout version manager with metadata layout = SCM_HA (version = 2), software layout = SCM_HA (version = 2)
2021-08-12 00:24:54,687 [Listener at 127.0.0.1/46733] INFO  reflections.Reflections (Reflections.java:scan(232)) - Reflections took 130 ms to scan 7 urls, producing 120 keys and 275 values 
2021-08-12 00:24:54,689 [Listener at 127.0.0.1/46733] INFO  volume.HddsVolume (HddsVolume.java:<init>(120)) - Creating HddsVolume: /home/runner/work/ozone/ozone/hadoop-ozone/integration-test/target/test-dir/MiniOzoneClusterImpl-a42b6446-58ec-43bb-8d59-9c3f88cf101c/datanode-0/data-0/containers/hdds of storage type : DISK capacity : 9223372036854775807
2021-08-12 00:24:54,689 [Listener at 127.0.0.1/46733] INFO  volume.MutableVolumeSet (MutableVolumeSet.java:initializeVolumeSet(181)) - Added Volume : /home/runner/work/ozone/ozone/hadoop-ozone/integration-test/target/test-dir/MiniOzoneClusterImpl-a42b6446-58ec-43bb-8d59-9c3f88cf101c/datanode-0/data-0/containers/hdds to VolumeSet
2021-08-12 00:24:54,690 [Listener at 127.0.0.1/46733] INFO  volume.ThrottledAsyncChecker (ThrottledAsyncChecker.java:schedule(141)) - Scheduling a check for /home/runner/work/ozone/ozone/hadoop-ozone/integration-test/target/test-dir/MiniOzoneClusterImpl-a42b6446-58ec-43bb-8d59-9c3f88cf101c/datanode-0/data-0/containers/hdds
2021-08-12 00:24:54,690 [Listener at 127.0.0.1/46733] INFO  volume.StorageVolumeChecker (StorageVolumeChecker.java:checkAllVolumes(202)) - Scheduled health check for volume /home/runner/work/ozone/ozone/hadoop-ozone/integration-test/target/test-dir/MiniOzoneClusterImpl-a42b6446-58ec-43bb-8d59-9c3f88cf101c/datanode-0/data-0/containers/hdds
2021-08-12 00:24:54,731 [Listener at 127.0.0.1/46733] INFO  volume.MutableVolumeSet (MutableVolumeSet.java:initializeVolumeSet(181)) - Added Volume : /home/runner/work/ozone/ozone/hadoop-ozone/integration-test/target/test-dir/MiniOzoneClusterImpl-a42b6446-58ec-43bb-8d59-9c3f88cf101c/datanode-0/data/ratis to VolumeSet
2021-08-12 00:24:54,731 [Listener at 127.0.0.1/46733] INFO  volume.ThrottledAsyncChecker (ThrottledAsyncChecker.java:schedule(141)) - Scheduling a check for /home/runner/work/ozone/ozone/hadoop-ozone/integration-test/target/test-dir/MiniOzoneClusterImpl-a42b6446-58ec-43bb-8d59-9c3f88cf101c/datanode-0/data/ratis
2021-08-12 00:24:54,732 [Listener at 127.0.0.1/46733] INFO  volume.StorageVolumeChecker (StorageVolumeChecker.java:checkAllVolumes(202)) - Scheduled health check for volume /home/runner/work/ozone/ozone/hadoop-ozone/integration-test/target/test-dir/MiniOzoneClusterImpl-a42b6446-58ec-43bb-8d59-9c3f88cf101c/datanode-0/data/ratis
2021-08-12 00:24:54,751 [Listener at 127.0.0.1/46733] INFO  ozoneimpl.ContainerReader (ContainerReader.java:<init>(98)) - Running in upgrade mode:true
2021-08-12 00:24:54,769 [Thread-723] INFO  ozoneimpl.ContainerReader (ContainerReader.java:readVolume(142)) - Start to verify containers on volume /home/runner/work/ozone/ozone/hadoop-ozone/integration-test/target/test-dir/MiniOzoneClusterImpl-a42b6446-58ec-43bb-8d59-9c3f88cf101c/datanode-0/data-0/containers/hdds
2021-08-12 00:24:54,769 [Thread-723] INFO  ozoneimpl.ContainerReader (ContainerReader.java:readVolume(174)) - Finish verifying containers on volume /home/runner/work/ozone/ozone/hadoop-ozone/integration-test/target/test-dir/MiniOzoneClusterImpl-a42b6446-58ec-43bb-8d59-9c3f88cf101c/datanode-0/data-0/containers/hdds
2021-08-12 00:24:54,769 [Listener at 127.0.0.1/46733] INFO  ozoneimpl.OzoneContainer (OzoneContainer.java:buildContainerSet(237)) - Build ContainerSet costs 0s
2021-08-12 00:24:54,771 [Listener at 127.0.0.1/46733] INFO  server.RaftServer (ConfUtils.java:logGet(44)) - raft.rpc.type = GRPC (default)
2021-08-12 00:24:54,771 [Listener at 127.0.0.1/46733] INFO  grpc.GrpcFactory (GrpcFactory.java:checkPooledByteBufAllocatorUseCacheForAllThreads(48)) - PERFORMANCE WARNING: useCacheForAllThreads is true that may cause Netty to create a lot garbage objects and, as a result, trigger GC.
	It is recommended to disable useCacheForAllThreads by setting -Dorg.apache.ratis.thirdparty.io.netty.allocator.useCacheForAllThreads=false in command line.
2021-08-12 00:24:54,771 [Listener at 127.0.0.1/46733] INFO  grpc.GrpcConfigKeys (ConfUtils.java:logGet(44)) - raft.grpc.admin.port = 0 (custom)
2021-08-12 00:24:54,771 [Listener at 127.0.0.1/46733] INFO  grpc.GrpcConfigKeys (ConfUtils.java:logGet(44)) - raft.grpc.client.port = 0 (custom)
2021-08-12 00:24:54,771 [Listener at 127.0.0.1/46733] INFO  grpc.GrpcConfigKeys (ConfUtils.java:logGet(44)) - raft.grpc.server.port = 0 (default)
2021-08-12 00:24:54,772 [Listener at 127.0.0.1/46733] INFO  server.GrpcService (ConfUtils.java:logGet(44)) - raft.grpc.message.size.max = 32MB (=33554432) (custom)
2021-08-12 00:24:54,772 [Listener at 127.0.0.1/46733] INFO  server.RaftServerConfigKeys (ConfUtils.java:logGet(44)) - raft.server.log.appender.buffer.byte-limit = 33554432 (custom)
2021-08-12 00:24:54,772 [Listener at 127.0.0.1/46733] INFO  server.GrpcService (ConfUtils.java:logGet(44)) - raft.grpc.flow.control.window = 5MB (=5242880) (custom)
2021-08-12 00:24:54,772 [Listener at 127.0.0.1/46733] INFO  server.RaftServerConfigKeys (ConfUtils.java:logGet(44)) - raft.server.rpc.request.timeout = 3000ms (default)
2021-08-12 00:24:54,773 [Listener at 127.0.0.1/46733] INFO  impl.DataStreamServerImpl (ConfUtils.java:logGet(44)) - raft.datastream.type = DISABLED (default)
2021-08-12 00:24:54,774 [Listener at 127.0.0.1/46733] INFO  server.RaftServerConfigKeys (ConfUtils.java:logGet(44)) - raft.server.rpc.slowness.timeout = 300000ms (custom)
2021-08-12 00:24:54,796 [Listener at 127.0.0.1/46733] INFO  server.RaftServerConfigKeys (ConfUtils.java:logGet(44)) - raft.server.leaderelection.leader.step-down.wait-time = 10s (default)
2021-08-12 00:24:54,797 [Listener at 127.0.0.1/46733] INFO  server.RaftServerConfigKeys (ConfUtils.java:logGet(44)) - raft.server.storage.dir = [/home/runner/work/ozone/ozone/hadoop-ozone/integration-test/target/test-dir/MiniOzoneClusterImpl-a42b6446-58ec-43bb-8d59-9c3f88cf101c/datanode-0/data/ratis] (custom)
2021-08-12 00:24:54,818 [Listener at 127.0.0.1/46733] INFO  http.BaseHttpServer (BaseHttpServer.java:newHttpServer2BuilderForOzone(209)) - Starting Web-server for hddsDatanode at: http://0.0.0.0:0
2021-08-12 00:24:54,818 [Listener at 127.0.0.1/46733] INFO  http.BaseHttpServer (BaseHttpServer.java:<init>(107)) - Hadoop Security Enabled: false Ozone Security Enabled: false Ozone HTTP Security Enabled: false 
2021-08-12 00:24:54,819 [Listener at 127.0.0.1/46733] INFO  server.AuthenticationFilter (AuthenticationFilter.java:constructSecretProvider(240)) - Unable to initialize FileSignerSecretProvider, falling back to use random secrets.
2021-08-12 00:24:54,825 [Listener at 127.0.0.1/46733] WARN  http.HttpRequestLog (HttpRequestLog.java:getRequestLog(103)) - Jetty request log can only be enabled using Log4j
2021-08-12 00:24:54,826 [Listener at 127.0.0.1/46733] INFO  http.HttpServer2 (HttpServer2.java:addGlobalFilter(1020)) - Added global filter 'safety' (class=org.apache.hadoop.hdds.server.http.HttpServer2$QuotingInputFilter)
2021-08-12 00:24:54,827 [Listener at 127.0.0.1/46733] INFO  http.HttpServer2 (HttpServer2.java:addFilter(996)) - Added filter static_user_filter (class=org.apache.hadoop.http.lib.StaticUserWebFilter$StaticUserFilter) to context hddsDatanode
2021-08-12 00:24:54,827 [Listener at 127.0.0.1/46733] INFO  http.HttpServer2 (HttpServer2.java:addFilter(1004)) - Added filter static_user_filter (class=org.apache.hadoop.http.lib.StaticUserWebFilter$StaticUserFilter) to context static
2021-08-12 00:24:54,827 [Listener at 127.0.0.1/46733] INFO  http.HttpServer2 (HttpServer2.java:addFilter(1004)) - Added filter static_user_filter (class=org.apache.hadoop.http.lib.StaticUserWebFilter$StaticUserFilter) to context logs
2021-08-12 00:24:54,829 [Listener at 127.0.0.1/46733] INFO  http.HttpServer2 (HttpServer2.java:bindListener(1239)) - Jetty bound to port 39365
2021-08-12 00:24:54,829 [Listener at 127.0.0.1/46733] INFO  server.Server (Server.java:doStart(375)) - jetty-9.4.43.v20210629; built: 2021-06-30T11:07:22.254Z; git: 526006ecfa3af7f1a27ef3a288e2bef7ea9dd7e8; jvm 1.8.0_292-b10
2021-08-12 00:24:54,846 [Listener at 127.0.0.1/46733] INFO  server.session (DefaultSessionIdManager.java:doStart(334)) - DefaultSessionIdManager workerName=node0
2021-08-12 00:24:54,846 [Listener at 127.0.0.1/46733] INFO  server.session (DefaultSessionIdManager.java:doStart(339)) - No SessionScavenger set, using defaults
2021-08-12 00:24:54,846 [Listener at 127.0.0.1/46733] INFO  server.session (HouseKeeper.java:startScavenging(132)) - node0 Scavenging every 660000ms
2021-08-12 00:24:54,847 [Listener at 127.0.0.1/46733] INFO  handler.ContextHandler (ContextHandler.java:doStart(915)) - Started o.e.j.s.ServletContextHandler@76d84f07{logs,/logs,file:///home/runner/work/ozone/ozone/hadoop-ozone/integration-test/target/log,AVAILABLE}
2021-08-12 00:24:54,847 [Listener at 127.0.0.1/46733] INFO  handler.ContextHandler (ContextHandler.java:doStart(915)) - Started o.e.j.s.ServletContextHandler@67ede99c{static,/static,jar:file:/home/runner/.m2/repository/org/apache/ozone/hdds-container-service/1.2.0-SNAPSHOT/hdds-container-service-1.2.0-SNAPSHOT.jar!/webapps/static,AVAILABLE}
2021-08-12 00:24:55,027 [Listener at 127.0.0.1/46733] INFO  handler.ContextHandler (ContextHandler.java:doStart(915)) - Started o.e.j.w.WebAppContext@2ca01365{hddsDatanode,/,file:///tmp/jetty-0_0_0_0-39365-hdds-container-service-1_2_0-SNAPSHOT_jar-_-any-5626403065829466522/webapp/,AVAILABLE}{jar:file:/home/runner/.m2/repository/org/apache/ozone/hdds-container-service/1.2.0-SNAPSHOT/hdds-container-service-1.2.0-SNAPSHOT.jar!/webapps/hddsDatanode}
2021-08-12 00:24:55,053 [Listener at 127.0.0.1/46733] INFO  server.AbstractConnector (AbstractConnector.java:doStart(331)) - Started ServerConnector@54729876{HTTP/1.1, (http/1.1)}{0.0.0.0:39365}
2021-08-12 00:24:55,054 [Listener at 127.0.0.1/46733] INFO  server.Server (Server.java:doStart(415)) - Started @91372ms
2021-08-12 00:24:55,054 [Listener at 127.0.0.1/46733] WARN  impl.MetricsSystemImpl (MetricsSystemImpl.java:register(279)) - Sink prometheus already exists!
2021-08-12 00:24:55,055 [Listener at 127.0.0.1/46733] INFO  http.BaseHttpServer (BaseHttpServer.java:updateConnectorAddress(329)) - HTTP server of hddsDatanode listening at http://0.0.0.0:39365
2021-08-12 00:24:55,065 [Listener at 127.0.0.1/46733] WARN  impl.MetricRegistriesImpl (MetricRegistriesImpl.java:addReporterRegistration(111)) - New reporters are added after registries were created. Some metrics will be missing from the reporter. Please add reporter before adding any new registry.
2021-08-12 00:24:55,065 [Listener at 127.0.0.1/46733] WARN  impl.MetricRegistriesImpl (MetricRegistriesImpl.java:addReporterRegistration(111)) - New reporters are added after registries were created. Some metrics will be missing from the reporter. Please add reporter before adding any new registry.
2021-08-12 00:24:55,065 [Listener at 127.0.0.1/46733] INFO  impl.MetricsSystemImpl (MetricsSystemImpl.java:init(158)) - HddsDatanode metrics system started (again)
2021-08-12 00:24:55,164 [org.apache.hadoop.util.JvmPauseMonitor$Monitor@1a0f717b] INFO  util.JvmPauseMonitor (JvmPauseMonitor.java:run(188)) - Starting JVM pause monitor
2021-08-12 00:24:55,165 [Listener at 127.0.0.1/46733] INFO  ozone.HddsDatanodeService (HddsDatanodeService.java:start(234)) - HddsDatanodeService host:fv-az50-214.grzltbmokehuzjyc5b133kdqgh.cx.internal.cloudapp.net ip:10.1.0.56
2021-08-12 00:24:55,176 [Datanode State Machine Task Thread - 0] INFO  datanode.InitDatanodeState (InitDatanodeState.java:persistContainerDatanodeDetails(145)) - DatanodeDetails is persisted to /home/runner/work/ozone/ozone/hadoop-ozone/integration-test/target/test-dir/MiniOzoneClusterImpl-a42b6446-58ec-43bb-8d59-9c3f88cf101c/datanode-0/meta/datanode.id
2021-08-12 00:24:55,203 [Listener at 127.0.0.1/46733] INFO  upgrade.AbstractLayoutVersionManager (AbstractLayoutVersionManager.java:init(70)) - Initializing Layout version manager with metadata layout = SCM_HA (version = 2), software layout = SCM_HA (version = 2)
2021-08-12 00:24:55,248 [om1@group-C5BA1605619E-FollowerState] INFO  impl.FollowerState (FollowerState.java:run(134)) - om1@group-C5BA1605619E-FollowerState: change to CANDIDATE, lastRpcElapsedTime:1203385816ns, electionTimeout:1175ms
2021-08-12 00:24:55,248 [om1@group-C5BA1605619E-FollowerState] INFO  impl.RoleInfo (RoleInfo.java:shutdownFollowerState(108)) - om1: shutdown om1@group-C5BA1605619E-FollowerState
2021-08-12 00:24:55,248 [om1@group-C5BA1605619E-FollowerState] INFO  server.RaftServer$Division (RaftServerImpl.java:setRole(285)) - om1@group-C5BA1605619E: changes role from  FOLLOWER to CANDIDATE at term 0 for changeToCandidate
2021-08-12 00:24:55,248 [om1@group-C5BA1605619E-FollowerState] INFO  server.RaftServerConfigKeys (ConfUtils.java:logGet(44)) - raft.server.leaderelection.pre-vote = false (custom)
2021-08-12 00:24:55,248 [om1@group-C5BA1605619E-FollowerState] INFO  impl.RoleInfo (RoleInfo.java:updateAndGet(130)) - om1: start om1@group-C5BA1605619E-LeaderElection27
2021-08-12 00:24:55,307 [om1@group-C5BA1605619E-LeaderElection27] INFO  impl.LeaderElection (LeaderElection.java:askForVotes(306)) - om1@group-C5BA1605619E-LeaderElection27 ELECTION round 0: submit vote requests at term 1 for -1: [om1|rpc:localhost:9872|priority:0], old=null
2021-08-12 00:24:55,307 [om1@group-C5BA1605619E-LeaderElection27] INFO  impl.LeaderElection (LeaderElection.java:askForVotes(308)) - om1@group-C5BA1605619E-LeaderElection27 ELECTION round 0: result PASSED (term=1)
2021-08-12 00:24:55,307 [om1@group-C5BA1605619E-LeaderElection27] INFO  impl.RoleInfo (RoleInfo.java:shutdownLeaderElection(121)) - om1: shutdown om1@group-C5BA1605619E-LeaderElection27
2021-08-12 00:24:55,308 [om1@group-C5BA1605619E-LeaderElection27] INFO  server.RaftServer$Division (RaftServerImpl.java:setRole(285)) - om1@group-C5BA1605619E: changes role from CANDIDATE to LEADER at term 1 for changeToLeader
2021-08-12 00:24:55,308 [om1@group-C5BA1605619E-LeaderElection27] INFO  server.RaftServer$Division (ServerState.java:setLeader(285)) - om1@group-C5BA1605619E: change Leader from null to om1 at term 1 for becomeLeader, leader elected after 1330ms
2021-08-12 00:24:55,308 [om1@group-C5BA1605619E-LeaderElection27] INFO  server.RaftServerConfigKeys (ConfUtils.java:logGet(44)) - raft.server.staging.catchup.gap = 1000 (default)
2021-08-12 00:24:55,308 [om1@group-C5BA1605619E-LeaderElection27] INFO  server.RaftServerConfigKeys (ConfUtils.java:logGet(44)) - raft.server.write.element-limit = 4096 (default)
2021-08-12 00:24:55,308 [om1@group-C5BA1605619E-LeaderElection27] INFO  server.RaftServerConfigKeys (ConfUtils.java:logGet(44)) - raft.server.write.byte-limit = 64MB (=67108864) (default)
2021-08-12 00:24:55,308 [om1@group-C5BA1605619E-LeaderElection27] INFO  server.RaftServerConfigKeys (ConfUtils.java:logGet(44)) - raft.server.watch.timeout = 10s (default)
2021-08-12 00:24:55,308 [om1@group-C5BA1605619E-LeaderElection27] INFO  server.RaftServerConfigKeys (ConfUtils.java:logGet(44)) - raft.server.watch.timeout.denomination = 1s (default)
2021-08-12 00:24:55,309 [om1@group-C5BA1605619E-LeaderElection27] INFO  server.RaftServerConfigKeys (ConfUtils.java:logGet(44)) - raft.server.watch.element-limit = 65536 (default)
2021-08-12 00:24:55,309 [om1@group-C5BA1605619E-LeaderElection27] INFO  impl.RoleInfo (RoleInfo.java:updateAndGet(130)) - om1: start om1@group-C5BA1605619E-LeaderStateImpl
2021-08-12 00:24:55,309 [om1@group-C5BA1605619E-LeaderElection27] INFO  segmented.SegmentedRaftLogWorker (SegmentedRaftLogWorker.java:startLogSegment(394)) - om1@group-C5BA1605619E-SegmentedRaftLogWorker: Starting segment from index:0
2021-08-12 00:24:55,315 [om1@group-C5BA1605619E-SegmentedRaftLogWorker] INFO  segmented.SegmentedRaftLogWorker (SegmentedRaftLogWorker.java:execute(601)) - om1@group-C5BA1605619E-SegmentedRaftLogWorker: created new log segment /home/runner/work/ozone/ozone/hadoop-ozone/integration-test/target/test-dir/MiniOzoneClusterImpl-a42b6446-58ec-43bb-8d59-9c3f88cf101c/ozone-meta/ratis/bf265839-605b-3f16-9796-c5ba1605619e/current/log_inprogress_0
2021-08-12 00:24:55,352 [om1@group-C5BA1605619E-LeaderElection27] INFO  server.RaftServer$Division (ServerState.java:setRaftConf(387)) - om1@group-C5BA1605619E: set configuration 0: [om1|rpc:localhost:9872|admin:|client:|dataStream:|priority:0], old=null
2021-08-12 00:24:55,353 [om1@group-C5BA1605619E-StateMachineUpdater] INFO  ratis.OzoneManagerStateMachine (OzoneManagerStateMachine.java:notifyConfigurationChanged(188)) - Received Configuration change notification from Ratis. New Peer list:
[id: "om1"
address: "localhost:9872"
]
2021-08-12 00:24:55,357 [Listener at 127.0.0.1/46733] INFO  reflections.Reflections (Reflections.java:scan(232)) - Reflections took 153 ms to scan 7 urls, producing 120 keys and 275 values 
2021-08-12 00:24:55,369 [Listener at 127.0.0.1/46733] INFO  volume.HddsVolume (HddsVolume.java:<init>(120)) - Creating HddsVolume: /home/runner/work/ozone/ozone/hadoop-ozone/integration-test/target/test-dir/MiniOzoneClusterImpl-a42b6446-58ec-43bb-8d59-9c3f88cf101c/datanode-1/data-0/containers/hdds of storage type : DISK capacity : 9223372036854775807
2021-08-12 00:24:55,382 [Listener at 127.0.0.1/46733] INFO  volume.MutableVolumeSet (MutableVolumeSet.java:initializeVolumeSet(181)) - Added Volume : /home/runner/work/ozone/ozone/hadoop-ozone/integration-test/target/test-dir/MiniOzoneClusterImpl-a42b6446-58ec-43bb-8d59-9c3f88cf101c/datanode-1/data-0/containers/hdds to VolumeSet
2021-08-12 00:24:55,382 [Listener at 127.0.0.1/46733] INFO  volume.ThrottledAsyncChecker (ThrottledAsyncChecker.java:schedule(141)) - Scheduling a check for /home/runner/work/ozone/ozone/hadoop-ozone/integration-test/target/test-dir/MiniOzoneClusterImpl-a42b6446-58ec-43bb-8d59-9c3f88cf101c/datanode-1/data-0/containers/hdds
2021-08-12 00:24:55,399 [Listener at 127.0.0.1/46733] INFO  volume.StorageVolumeChecker (StorageVolumeChecker.java:checkAllVolumes(202)) - Scheduled health check for volume /home/runner/work/ozone/ozone/hadoop-ozone/integration-test/target/test-dir/MiniOzoneClusterImpl-a42b6446-58ec-43bb-8d59-9c3f88cf101c/datanode-1/data-0/containers/hdds
2021-08-12 00:24:55,432 [Listener at 127.0.0.1/46733] INFO  volume.MutableVolumeSet (MutableVolumeSet.java:initializeVolumeSet(181)) - Added Volume : /home/runner/work/ozone/ozone/hadoop-ozone/integration-test/target/test-dir/MiniOzoneClusterImpl-a42b6446-58ec-43bb-8d59-9c3f88cf101c/datanode-1/data/ratis to VolumeSet
2021-08-12 00:24:55,432 [Listener at 127.0.0.1/46733] INFO  volume.ThrottledAsyncChecker (ThrottledAsyncChecker.java:schedule(141)) - Scheduling a check for /home/runner/work/ozone/ozone/hadoop-ozone/integration-test/target/test-dir/MiniOzoneClusterImpl-a42b6446-58ec-43bb-8d59-9c3f88cf101c/datanode-1/data/ratis
2021-08-12 00:24:55,432 [Listener at 127.0.0.1/46733] INFO  volume.StorageVolumeChecker (StorageVolumeChecker.java:checkAllVolumes(202)) - Scheduled health check for volume /home/runner/work/ozone/ozone/hadoop-ozone/integration-test/target/test-dir/MiniOzoneClusterImpl-a42b6446-58ec-43bb-8d59-9c3f88cf101c/datanode-1/data/ratis
2021-08-12 00:24:55,454 [Listener at 127.0.0.1/46733] INFO  ozoneimpl.ContainerReader (ContainerReader.java:<init>(98)) - Running in upgrade mode:true
2021-08-12 00:24:55,454 [Thread-737] INFO  ozoneimpl.ContainerReader (ContainerReader.java:readVolume(142)) - Start to verify containers on volume /home/runner/work/ozone/ozone/hadoop-ozone/integration-test/target/test-dir/MiniOzoneClusterImpl-a42b6446-58ec-43bb-8d59-9c3f88cf101c/datanode-1/data-0/containers/hdds
2021-08-12 00:24:55,454 [Thread-737] INFO  ozoneimpl.ContainerReader (ContainerReader.java:readVolume(174)) - Finish verifying containers on volume /home/runner/work/ozone/ozone/hadoop-ozone/integration-test/target/test-dir/MiniOzoneClusterImpl-a42b6446-58ec-43bb-8d59-9c3f88cf101c/datanode-1/data-0/containers/hdds
2021-08-12 00:24:55,454 [Listener at 127.0.0.1/46733] INFO  ozoneimpl.OzoneContainer (OzoneContainer.java:buildContainerSet(237)) - Build ContainerSet costs 0s
2021-08-12 00:24:55,456 [Listener at 127.0.0.1/46733] INFO  server.RaftServer (ConfUtils.java:logGet(44)) - raft.rpc.type = GRPC (default)
2021-08-12 00:24:55,461 [Listener at 127.0.0.1/46733] INFO  grpc.GrpcFactory (GrpcFactory.java:checkPooledByteBufAllocatorUseCacheForAllThreads(48)) - PERFORMANCE WARNING: useCacheForAllThreads is true that may cause Netty to create a lot garbage objects and, as a result, trigger GC.
	It is recommended to disable useCacheForAllThreads by setting -Dorg.apache.ratis.thirdparty.io.netty.allocator.useCacheForAllThreads=false in command line.
2021-08-12 00:24:55,461 [Listener at 127.0.0.1/46733] INFO  grpc.GrpcConfigKeys (ConfUtils.java:logGet(44)) - raft.grpc.admin.port = 0 (custom)
2021-08-12 00:24:55,461 [Listener at 127.0.0.1/46733] INFO  grpc.GrpcConfigKeys (ConfUtils.java:logGet(44)) - raft.grpc.client.port = 0 (custom)
2021-08-12 00:24:55,461 [Listener at 127.0.0.1/46733] INFO  grpc.GrpcConfigKeys (ConfUtils.java:logGet(44)) - raft.grpc.server.port = 0 (default)
2021-08-12 00:24:55,461 [Listener at 127.0.0.1/46733] INFO  server.GrpcService (ConfUtils.java:logGet(44)) - raft.grpc.message.size.max = 32MB (=33554432) (custom)
2021-08-12 00:24:55,462 [Listener at 127.0.0.1/46733] INFO  server.RaftServerConfigKeys (ConfUtils.java:logGet(44)) - raft.server.log.appender.buffer.byte-limit = 33554432 (custom)
2021-08-12 00:24:55,462 [Listener at 127.0.0.1/46733] INFO  server.GrpcService (ConfUtils.java:logGet(44)) - raft.grpc.flow.control.window = 5MB (=5242880) (custom)
2021-08-12 00:24:55,462 [Listener at 127.0.0.1/46733] INFO  server.RaftServerConfigKeys (ConfUtils.java:logGet(44)) - raft.server.rpc.request.timeout = 3000ms (default)
2021-08-12 00:24:55,464 [Listener at 127.0.0.1/46733] INFO  impl.DataStreamServerImpl (ConfUtils.java:logGet(44)) - raft.datastream.type = DISABLED (default)
2021-08-12 00:24:55,464 [Listener at 127.0.0.1/46733] INFO  server.RaftServerConfigKeys (ConfUtils.java:logGet(44)) - raft.server.rpc.slowness.timeout = 300000ms (custom)
2021-08-12 00:24:55,464 [Listener at 127.0.0.1/46733] INFO  server.RaftServerConfigKeys (ConfUtils.java:logGet(44)) - raft.server.leaderelection.leader.step-down.wait-time = 10s (default)
2021-08-12 00:24:55,464 [Listener at 127.0.0.1/46733] INFO  server.RaftServerConfigKeys (ConfUtils.java:logGet(44)) - raft.server.storage.dir = [/home/runner/work/ozone/ozone/hadoop-ozone/integration-test/target/test-dir/MiniOzoneClusterImpl-a42b6446-58ec-43bb-8d59-9c3f88cf101c/datanode-1/data/ratis] (custom)
2021-08-12 00:24:55,467 [Listener at 127.0.0.1/46733] INFO  http.BaseHttpServer (BaseHttpServer.java:newHttpServer2BuilderForOzone(209)) - Starting Web-server for hddsDatanode at: http://0.0.0.0:0
2021-08-12 00:24:55,468 [Listener at 127.0.0.1/46733] INFO  http.BaseHttpServer (BaseHttpServer.java:<init>(107)) - Hadoop Security Enabled: false Ozone Security Enabled: false Ozone HTTP Security Enabled: false 
2021-08-12 00:24:55,477 [Listener at 127.0.0.1/46733] INFO  server.AuthenticationFilter (AuthenticationFilter.java:constructSecretProvider(240)) - Unable to initialize FileSignerSecretProvider, falling back to use random secrets.
2021-08-12 00:24:55,484 [Listener at 127.0.0.1/46733] WARN  http.HttpRequestLog (HttpRequestLog.java:getRequestLog(103)) - Jetty request log can only be enabled using Log4j
2021-08-12 00:24:55,485 [Listener at 127.0.0.1/46733] INFO  http.HttpServer2 (HttpServer2.java:addGlobalFilter(1020)) - Added global filter 'safety' (class=org.apache.hadoop.hdds.server.http.HttpServer2$QuotingInputFilter)
2021-08-12 00:24:55,486 [Listener at 127.0.0.1/46733] INFO  http.HttpServer2 (HttpServer2.java:addFilter(996)) - Added filter static_user_filter (class=org.apache.hadoop.http.lib.StaticUserWebFilter$StaticUserFilter) to context hddsDatanode
2021-08-12 00:24:55,490 [Listener at 127.0.0.1/46733] INFO  http.HttpServer2 (HttpServer2.java:addFilter(1004)) - Added filter static_user_filter (class=org.apache.hadoop.http.lib.StaticUserWebFilter$StaticUserFilter) to context static
2021-08-12 00:24:55,490 [Listener at 127.0.0.1/46733] INFO  http.HttpServer2 (HttpServer2.java:addFilter(1004)) - Added filter static_user_filter (class=org.apache.hadoop.http.lib.StaticUserWebFilter$StaticUserFilter) to context logs
2021-08-12 00:24:55,491 [Listener at 127.0.0.1/46733] INFO  http.HttpServer2 (HttpServer2.java:bindListener(1239)) - Jetty bound to port 42567
2021-08-12 00:24:55,491 [Listener at 127.0.0.1/46733] INFO  server.Server (Server.java:doStart(375)) - jetty-9.4.43.v20210629; built: 2021-06-30T11:07:22.254Z; git: 526006ecfa3af7f1a27ef3a288e2bef7ea9dd7e8; jvm 1.8.0_292-b10
2021-08-12 00:24:55,527 [Listener at 127.0.0.1/46733] INFO  server.session (DefaultSessionIdManager.java:doStart(334)) - DefaultSessionIdManager workerName=node0
2021-08-12 00:24:55,527 [Listener at 127.0.0.1/46733] INFO  server.session (DefaultSessionIdManager.java:doStart(339)) - No SessionScavenger set, using defaults
2021-08-12 00:24:55,528 [Listener at 127.0.0.1/46733] INFO  server.session (HouseKeeper.java:startScavenging(132)) - node0 Scavenging every 600000ms
2021-08-12 00:24:55,528 [Listener at 127.0.0.1/46733] INFO  handler.ContextHandler (ContextHandler.java:doStart(915)) - Started o.e.j.s.ServletContextHandler@1084b6f7{logs,/logs,file:///home/runner/work/ozone/ozone/hadoop-ozone/integration-test/target/log,AVAILABLE}
2021-08-12 00:24:55,529 [Listener at 127.0.0.1/46733] INFO  handler.ContextHandler (ContextHandler.java:doStart(915)) - Started o.e.j.s.ServletContextHandler@ff28a30{static,/static,jar:file:/home/runner/.m2/repository/org/apache/ozone/hdds-container-service/1.2.0-SNAPSHOT/hdds-container-service-1.2.0-SNAPSHOT.jar!/webapps/static,AVAILABLE}
2021-08-12 00:24:55,652 [Listener at 127.0.0.1/46733] INFO  handler.ContextHandler (ContextHandler.java:doStart(915)) - Started o.e.j.w.WebAppContext@44807113{hddsDatanode,/,file:///tmp/jetty-0_0_0_0-42567-hdds-container-service-1_2_0-SNAPSHOT_jar-_-any-6630619572804697148/webapp/,AVAILABLE}{jar:file:/home/runner/.m2/repository/org/apache/ozone/hdds-container-service/1.2.0-SNAPSHOT/hdds-container-service-1.2.0-SNAPSHOT.jar!/webapps/hddsDatanode}
2021-08-12 00:24:55,677 [Listener at 127.0.0.1/46733] INFO  server.AbstractConnector (AbstractConnector.java:doStart(331)) - Started ServerConnector@24300ae1{HTTP/1.1, (http/1.1)}{0.0.0.0:42567}
2021-08-12 00:24:55,685 [Listener at 127.0.0.1/46733] INFO  server.Server (Server.java:doStart(415)) - Started @92003ms
2021-08-12 00:24:55,685 [Listener at 127.0.0.1/46733] WARN  impl.MetricsSystemImpl (MetricsSystemImpl.java:register(279)) - Sink prometheus already exists!
2021-08-12 00:24:55,695 [Listener at 127.0.0.1/46733] INFO  http.BaseHttpServer (BaseHttpServer.java:updateConnectorAddress(329)) - HTTP server of hddsDatanode listening at http://0.0.0.0:42567
2021-08-12 00:24:55,705 [Listener at 127.0.0.1/46733] WARN  impl.MetricRegistriesImpl (MetricRegistriesImpl.java:addReporterRegistration(111)) - New reporters are added after registries were created. Some metrics will be missing from the reporter. Please add reporter before adding any new registry.
2021-08-12 00:24:55,705 [Listener at 127.0.0.1/46733] WARN  impl.MetricRegistriesImpl (MetricRegistriesImpl.java:addReporterRegistration(111)) - New reporters are added after registries were created. Some metrics will be missing from the reporter. Please add reporter before adding any new registry.
2021-08-12 00:24:55,705 [Listener at 127.0.0.1/46733] INFO  impl.MetricsSystemImpl (MetricsSystemImpl.java:init(158)) - HddsDatanode metrics system started (again)
2021-08-12 00:24:55,744 [org.apache.hadoop.util.JvmPauseMonitor$Monitor@1a2636c9] INFO  util.JvmPauseMonitor (JvmPauseMonitor.java:run(188)) - Starting JVM pause monitor
2021-08-12 00:24:55,764 [Datanode State Machine Task Thread - 0] INFO  datanode.InitDatanodeState (InitDatanodeState.java:persistContainerDatanodeDetails(145)) - DatanodeDetails is persisted to /home/runner/work/ozone/ozone/hadoop-ozone/integration-test/target/test-dir/MiniOzoneClusterImpl-a42b6446-58ec-43bb-8d59-9c3f88cf101c/datanode-1/meta/datanode.id
2021-08-12 00:24:55,767 [Listener at 127.0.0.1/46733] INFO  ozone.HddsDatanodeService (HddsDatanodeService.java:start(234)) - HddsDatanodeService host:fv-az50-214.grzltbmokehuzjyc5b133kdqgh.cx.internal.cloudapp.net ip:10.1.0.56
2021-08-12 00:24:55,814 [Listener at 127.0.0.1/46733] INFO  upgrade.AbstractLayoutVersionManager (AbstractLayoutVersionManager.java:init(70)) - Initializing Layout version manager with metadata layout = SCM_HA (version = 2), software layout = SCM_HA (version = 2)
2021-08-12 00:24:55,901 [Listener at 127.0.0.1/46733] INFO  reflections.Reflections (Reflections.java:scan(232)) - Reflections took 87 ms to scan 7 urls, producing 120 keys and 275 values 
2021-08-12 00:24:55,918 [Listener at 127.0.0.1/46733] INFO  volume.HddsVolume (HddsVolume.java:<init>(120)) - Creating HddsVolume: /home/runner/work/ozone/ozone/hadoop-ozone/integration-test/target/test-dir/MiniOzoneClusterImpl-a42b6446-58ec-43bb-8d59-9c3f88cf101c/datanode-2/data-0/containers/hdds of storage type : DISK capacity : 9223372036854775807
2021-08-12 00:24:55,919 [Listener at 127.0.0.1/46733] INFO  volume.MutableVolumeSet (MutableVolumeSet.java:initializeVolumeSet(181)) - Added Volume : /home/runner/work/ozone/ozone/hadoop-ozone/integration-test/target/test-dir/MiniOzoneClusterImpl-a42b6446-58ec-43bb-8d59-9c3f88cf101c/datanode-2/data-0/containers/hdds to VolumeSet
2021-08-12 00:24:55,919 [Listener at 127.0.0.1/46733] INFO  volume.ThrottledAsyncChecker (ThrottledAsyncChecker.java:schedule(141)) - Scheduling a check for /home/runner/work/ozone/ozone/hadoop-ozone/integration-test/target/test-dir/MiniOzoneClusterImpl-a42b6446-58ec-43bb-8d59-9c3f88cf101c/datanode-2/data-0/containers/hdds
2021-08-12 00:24:55,963 [Listener at 127.0.0.1/46733] INFO  volume.StorageVolumeChecker (StorageVolumeChecker.java:checkAllVolumes(202)) - Scheduled health check for volume /home/runner/work/ozone/ozone/hadoop-ozone/integration-test/target/test-dir/MiniOzoneClusterImpl-a42b6446-58ec-43bb-8d59-9c3f88cf101c/datanode-2/data-0/containers/hdds
2021-08-12 00:24:56,003 [Listener at 127.0.0.1/46733] INFO  volume.MutableVolumeSet (MutableVolumeSet.java:initializeVolumeSet(181)) - Added Volume : /home/runner/work/ozone/ozone/hadoop-ozone/integration-test/target/test-dir/MiniOzoneClusterImpl-a42b6446-58ec-43bb-8d59-9c3f88cf101c/datanode-2/data/ratis to VolumeSet
2021-08-12 00:24:56,004 [Listener at 127.0.0.1/46733] INFO  volume.ThrottledAsyncChecker (ThrottledAsyncChecker.java:schedule(141)) - Scheduling a check for /home/runner/work/ozone/ozone/hadoop-ozone/integration-test/target/test-dir/MiniOzoneClusterImpl-a42b6446-58ec-43bb-8d59-9c3f88cf101c/datanode-2/data/ratis
2021-08-12 00:24:56,004 [Listener at 127.0.0.1/46733] INFO  volume.StorageVolumeChecker (StorageVolumeChecker.java:checkAllVolumes(202)) - Scheduled health check for volume /home/runner/work/ozone/ozone/hadoop-ozone/integration-test/target/test-dir/MiniOzoneClusterImpl-a42b6446-58ec-43bb-8d59-9c3f88cf101c/datanode-2/data/ratis
2021-08-12 00:24:56,044 [Listener at 127.0.0.1/46733] INFO  ozoneimpl.ContainerReader (ContainerReader.java:<init>(98)) - Running in upgrade mode:true
2021-08-12 00:24:56,059 [Thread-749] INFO  ozoneimpl.ContainerReader (ContainerReader.java:readVolume(142)) - Start to verify containers on volume /home/runner/work/ozone/ozone/hadoop-ozone/integration-test/target/test-dir/MiniOzoneClusterImpl-a42b6446-58ec-43bb-8d59-9c3f88cf101c/datanode-2/data-0/containers/hdds
2021-08-12 00:24:56,060 [Thread-749] INFO  ozoneimpl.ContainerReader (ContainerReader.java:readVolume(174)) - Finish verifying containers on volume /home/runner/work/ozone/ozone/hadoop-ozone/integration-test/target/test-dir/MiniOzoneClusterImpl-a42b6446-58ec-43bb-8d59-9c3f88cf101c/datanode-2/data-0/containers/hdds
2021-08-12 00:24:56,060 [Listener at 127.0.0.1/46733] INFO  ozoneimpl.OzoneContainer (OzoneContainer.java:buildContainerSet(237)) - Build ContainerSet costs 0s
2021-08-12 00:24:56,063 [Listener at 127.0.0.1/46733] INFO  server.RaftServer (ConfUtils.java:logGet(44)) - raft.rpc.type = GRPC (default)
2021-08-12 00:24:56,064 [Listener at 127.0.0.1/46733] INFO  grpc.GrpcFactory (GrpcFactory.java:checkPooledByteBufAllocatorUseCacheForAllThreads(48)) - PERFORMANCE WARNING: useCacheForAllThreads is true that may cause Netty to create a lot garbage objects and, as a result, trigger GC.
	It is recommended to disable useCacheForAllThreads by setting -Dorg.apache.ratis.thirdparty.io.netty.allocator.useCacheForAllThreads=false in command line.
2021-08-12 00:24:56,064 [Listener at 127.0.0.1/46733] INFO  grpc.GrpcConfigKeys (ConfUtils.java:logGet(44)) - raft.grpc.admin.port = 0 (custom)
2021-08-12 00:24:56,064 [Listener at 127.0.0.1/46733] INFO  grpc.GrpcConfigKeys (ConfUtils.java:logGet(44)) - raft.grpc.client.port = 0 (custom)
2021-08-12 00:24:56,069 [Listener at 127.0.0.1/46733] INFO  grpc.GrpcConfigKeys (ConfUtils.java:logGet(44)) - raft.grpc.server.port = 0 (default)
2021-08-12 00:24:56,069 [Listener at 127.0.0.1/46733] INFO  server.GrpcService (ConfUtils.java:logGet(44)) - raft.grpc.message.size.max = 32MB (=33554432) (custom)
2021-08-12 00:24:56,070 [Listener at 127.0.0.1/46733] INFO  server.RaftServerConfigKeys (ConfUtils.java:logGet(44)) - raft.server.log.appender.buffer.byte-limit = 33554432 (custom)
2021-08-12 00:24:56,070 [Listener at 127.0.0.1/46733] INFO  server.GrpcService (ConfUtils.java:logGet(44)) - raft.grpc.flow.control.window = 5MB (=5242880) (custom)
2021-08-12 00:24:56,070 [Listener at 127.0.0.1/46733] INFO  server.RaftServerConfigKeys (ConfUtils.java:logGet(44)) - raft.server.rpc.request.timeout = 3000ms (default)
2021-08-12 00:24:56,072 [Listener at 127.0.0.1/46733] INFO  impl.DataStreamServerImpl (ConfUtils.java:logGet(44)) - raft.datastream.type = DISABLED (default)
2021-08-12 00:24:56,072 [Listener at 127.0.0.1/46733] INFO  server.RaftServerConfigKeys (ConfUtils.java:logGet(44)) - raft.server.rpc.slowness.timeout = 300000ms (custom)
2021-08-12 00:24:56,072 [Listener at 127.0.0.1/46733] INFO  server.RaftServerConfigKeys (ConfUtils.java:logGet(44)) - raft.server.leaderelection.leader.step-down.wait-time = 10s (default)
2021-08-12 00:24:56,072 [Listener at 127.0.0.1/46733] INFO  server.RaftServerConfigKeys (ConfUtils.java:logGet(44)) - raft.server.storage.dir = [/home/runner/work/ozone/ozone/hadoop-ozone/integration-test/target/test-dir/MiniOzoneClusterImpl-a42b6446-58ec-43bb-8d59-9c3f88cf101c/datanode-2/data/ratis] (custom)
2021-08-12 00:24:56,075 [Listener at 127.0.0.1/46733] INFO  http.BaseHttpServer (BaseHttpServer.java:newHttpServer2BuilderForOzone(209)) - Starting Web-server for hddsDatanode at: http://0.0.0.0:0
2021-08-12 00:24:56,075 [Listener at 127.0.0.1/46733] INFO  http.BaseHttpServer (BaseHttpServer.java:<init>(107)) - Hadoop Security Enabled: false Ozone Security Enabled: false Ozone HTTP Security Enabled: false 
2021-08-12 00:24:56,079 [Listener at 127.0.0.1/46733] INFO  server.AuthenticationFilter (AuthenticationFilter.java:constructSecretProvider(240)) - Unable to initialize FileSignerSecretProvider, falling back to use random secrets.
2021-08-12 00:24:56,088 [Listener at 127.0.0.1/46733] WARN  http.HttpRequestLog (HttpRequestLog.java:getRequestLog(103)) - Jetty request log can only be enabled using Log4j
2021-08-12 00:24:56,090 [Listener at 127.0.0.1/46733] INFO  http.HttpServer2 (HttpServer2.java:addGlobalFilter(1020)) - Added global filter 'safety' (class=org.apache.hadoop.hdds.server.http.HttpServer2$QuotingInputFilter)
2021-08-12 00:24:56,090 [Listener at 127.0.0.1/46733] INFO  http.HttpServer2 (HttpServer2.java:addFilter(996)) - Added filter static_user_filter (class=org.apache.hadoop.http.lib.StaticUserWebFilter$StaticUserFilter) to context hddsDatanode
2021-08-12 00:24:56,090 [Listener at 127.0.0.1/46733] INFO  http.HttpServer2 (HttpServer2.java:addFilter(1004)) - Added filter static_user_filter (class=org.apache.hadoop.http.lib.StaticUserWebFilter$StaticUserFilter) to context static
2021-08-12 00:24:56,091 [Listener at 127.0.0.1/46733] INFO  http.HttpServer2 (HttpServer2.java:addFilter(1004)) - Added filter static_user_filter (class=org.apache.hadoop.http.lib.StaticUserWebFilter$StaticUserFilter) to context logs
2021-08-12 00:24:56,092 [Listener at 127.0.0.1/46733] INFO  http.HttpServer2 (HttpServer2.java:bindListener(1239)) - Jetty bound to port 32817
2021-08-12 00:24:56,093 [Listener at 127.0.0.1/46733] INFO  server.Server (Server.java:doStart(375)) - jetty-9.4.43.v20210629; built: 2021-06-30T11:07:22.254Z; git: 526006ecfa3af7f1a27ef3a288e2bef7ea9dd7e8; jvm 1.8.0_292-b10
2021-08-12 00:24:56,125 [Listener at 127.0.0.1/46733] INFO  server.session (DefaultSessionIdManager.java:doStart(334)) - DefaultSessionIdManager workerName=node0
2021-08-12 00:24:56,125 [Listener at 127.0.0.1/46733] INFO  server.session (DefaultSessionIdManager.java:doStart(339)) - No SessionScavenger set, using defaults
2021-08-12 00:24:56,126 [Listener at 127.0.0.1/46733] INFO  server.session (HouseKeeper.java:startScavenging(132)) - node0 Scavenging every 660000ms
2021-08-12 00:24:56,127 [Listener at 127.0.0.1/46733] INFO  handler.ContextHandler (ContextHandler.java:doStart(915)) - Started o.e.j.s.ServletContextHandler@361b25cf{logs,/logs,file:///home/runner/work/ozone/ozone/hadoop-ozone/integration-test/target/log,AVAILABLE}
2021-08-12 00:24:56,127 [Listener at 127.0.0.1/46733] INFO  handler.ContextHandler (ContextHandler.java:doStart(915)) - Started o.e.j.s.ServletContextHandler@3b210322{static,/static,jar:file:/home/runner/.m2/repository/org/apache/ozone/hdds-container-service/1.2.0-SNAPSHOT/hdds-container-service-1.2.0-SNAPSHOT.jar!/webapps/static,AVAILABLE}
2021-08-12 00:24:56,301 [Listener at 127.0.0.1/46733] INFO  handler.ContextHandler (ContextHandler.java:doStart(915)) - Started o.e.j.w.WebAppContext@71accac1{hddsDatanode,/,file:///tmp/jetty-0_0_0_0-32817-hdds-container-service-1_2_0-SNAPSHOT_jar-_-any-6195969255088157819/webapp/,AVAILABLE}{jar:file:/home/runner/.m2/repository/org/apache/ozone/hdds-container-service/1.2.0-SNAPSHOT/hdds-container-service-1.2.0-SNAPSHOT.jar!/webapps/hddsDatanode}
2021-08-12 00:24:56,307 [Listener at 127.0.0.1/46733] INFO  server.AbstractConnector (AbstractConnector.java:doStart(331)) - Started ServerConnector@35e4fcd7{HTTP/1.1, (http/1.1)}{0.0.0.0:32817}
2021-08-12 00:24:56,307 [Listener at 127.0.0.1/46733] INFO  server.Server (Server.java:doStart(415)) - Started @92625ms
2021-08-12 00:24:56,307 [Listener at 127.0.0.1/46733] WARN  impl.MetricsSystemImpl (MetricsSystemImpl.java:register(279)) - Sink prometheus already exists!
2021-08-12 00:24:56,308 [Listener at 127.0.0.1/46733] INFO  http.BaseHttpServer (BaseHttpServer.java:updateConnectorAddress(329)) - HTTP server of hddsDatanode listening at http://0.0.0.0:32817
2021-08-12 00:24:56,321 [Listener at 127.0.0.1/46733] WARN  impl.MetricRegistriesImpl (MetricRegistriesImpl.java:addReporterRegistration(111)) - New reporters are added after registries were created. Some metrics will be missing from the reporter. Please add reporter before adding any new registry.
2021-08-12 00:24:56,321 [Listener at 127.0.0.1/46733] WARN  impl.MetricRegistriesImpl (MetricRegistriesImpl.java:addReporterRegistration(111)) - New reporters are added after registries were created. Some metrics will be missing from the reporter. Please add reporter before adding any new registry.
2021-08-12 00:24:56,321 [Listener at 127.0.0.1/46733] INFO  impl.MetricsSystemImpl (MetricsSystemImpl.java:init(158)) - HddsDatanode metrics system started (again)
2021-08-12 00:24:56,404 [org.apache.hadoop.util.JvmPauseMonitor$Monitor@289395bf] INFO  util.JvmPauseMonitor (JvmPauseMonitor.java:run(188)) - Starting JVM pause monitor
2021-08-12 00:24:56,417 [Datanode State Machine Task Thread - 0] INFO  datanode.InitDatanodeState (InitDatanodeState.java:persistContainerDatanodeDetails(145)) - DatanodeDetails is persisted to /home/runner/work/ozone/ozone/hadoop-ozone/integration-test/target/test-dir/MiniOzoneClusterImpl-a42b6446-58ec-43bb-8d59-9c3f88cf101c/datanode-2/meta/datanode.id
2021-08-12 00:24:56,461 [Listener at 127.0.0.1/46733] INFO  ozone.HddsDatanodeService (HddsDatanodeService.java:start(234)) - HddsDatanodeService host:fv-az50-214.grzltbmokehuzjyc5b133kdqgh.cx.internal.cloudapp.net ip:10.1.0.56
2021-08-12 00:24:56,536 [Listener at 127.0.0.1/46733] INFO  upgrade.AbstractLayoutVersionManager (AbstractLayoutVersionManager.java:init(70)) - Initializing Layout version manager with metadata layout = SCM_HA (version = 2), software layout = SCM_HA (version = 2)
2021-08-12 00:24:56,684 [Listener at 127.0.0.1/46733] INFO  reflections.Reflections (Reflections.java:scan(232)) - Reflections took 127 ms to scan 7 urls, producing 120 keys and 275 values 
2021-08-12 00:24:56,709 [Listener at 127.0.0.1/46733] INFO  volume.HddsVolume (HddsVolume.java:<init>(120)) - Creating HddsVolume: /home/runner/work/ozone/ozone/hadoop-ozone/integration-test/target/test-dir/MiniOzoneClusterImpl-a42b6446-58ec-43bb-8d59-9c3f88cf101c/datanode-3/data-0/containers/hdds of storage type : DISK capacity : 9223372036854775807
2021-08-12 00:24:56,709 [Listener at 127.0.0.1/46733] INFO  volume.MutableVolumeSet (MutableVolumeSet.java:initializeVolumeSet(181)) - Added Volume : /home/runner/work/ozone/ozone/hadoop-ozone/integration-test/target/test-dir/MiniOzoneClusterImpl-a42b6446-58ec-43bb-8d59-9c3f88cf101c/datanode-3/data-0/containers/hdds to VolumeSet
2021-08-12 00:24:56,709 [Listener at 127.0.0.1/46733] INFO  volume.ThrottledAsyncChecker (ThrottledAsyncChecker.java:schedule(141)) - Scheduling a check for /home/runner/work/ozone/ozone/hadoop-ozone/integration-test/target/test-dir/MiniOzoneClusterImpl-a42b6446-58ec-43bb-8d59-9c3f88cf101c/datanode-3/data-0/containers/hdds
2021-08-12 00:24:56,731 [Listener at 127.0.0.1/46733] INFO  volume.StorageVolumeChecker (StorageVolumeChecker.java:checkAllVolumes(202)) - Scheduled health check for volume /home/runner/work/ozone/ozone/hadoop-ozone/integration-test/target/test-dir/MiniOzoneClusterImpl-a42b6446-58ec-43bb-8d59-9c3f88cf101c/datanode-3/data-0/containers/hdds
2021-08-12 00:24:56,749 [Listener at 127.0.0.1/46733] INFO  volume.MutableVolumeSet (MutableVolumeSet.java:initializeVolumeSet(181)) - Added Volume : /home/runner/work/ozone/ozone/hadoop-ozone/integration-test/target/test-dir/MiniOzoneClusterImpl-a42b6446-58ec-43bb-8d59-9c3f88cf101c/datanode-3/data/ratis to VolumeSet
2021-08-12 00:24:56,749 [Listener at 127.0.0.1/46733] INFO  volume.ThrottledAsyncChecker (ThrottledAsyncChecker.java:schedule(141)) - Scheduling a check for /home/runner/work/ozone/ozone/hadoop-ozone/integration-test/target/test-dir/MiniOzoneClusterImpl-a42b6446-58ec-43bb-8d59-9c3f88cf101c/datanode-3/data/ratis
2021-08-12 00:24:56,749 [Listener at 127.0.0.1/46733] INFO  volume.StorageVolumeChecker (StorageVolumeChecker.java:checkAllVolumes(202)) - Scheduled health check for volume /home/runner/work/ozone/ozone/hadoop-ozone/integration-test/target/test-dir/MiniOzoneClusterImpl-a42b6446-58ec-43bb-8d59-9c3f88cf101c/datanode-3/data/ratis
2021-08-12 00:24:56,815 [Listener at 127.0.0.1/46733] INFO  ozoneimpl.ContainerReader (ContainerReader.java:<init>(98)) - Running in upgrade mode:true
2021-08-12 00:24:56,822 [Thread-761] INFO  ozoneimpl.ContainerReader (ContainerReader.java:readVolume(142)) - Start to verify containers on volume /home/runner/work/ozone/ozone/hadoop-ozone/integration-test/target/test-dir/MiniOzoneClusterImpl-a42b6446-58ec-43bb-8d59-9c3f88cf101c/datanode-3/data-0/containers/hdds
2021-08-12 00:24:56,824 [Thread-761] INFO  ozoneimpl.ContainerReader (ContainerReader.java:readVolume(174)) - Finish verifying containers on volume /home/runner/work/ozone/ozone/hadoop-ozone/integration-test/target/test-dir/MiniOzoneClusterImpl-a42b6446-58ec-43bb-8d59-9c3f88cf101c/datanode-3/data-0/containers/hdds
2021-08-12 00:24:56,824 [Listener at 127.0.0.1/46733] INFO  ozoneimpl.OzoneContainer (OzoneContainer.java:buildContainerSet(237)) - Build ContainerSet costs 0s
2021-08-12 00:24:56,826 [Listener at 127.0.0.1/46733] INFO  server.RaftServer (ConfUtils.java:logGet(44)) - raft.rpc.type = GRPC (default)
2021-08-12 00:24:56,826 [Listener at 127.0.0.1/46733] INFO  grpc.GrpcFactory (GrpcFactory.java:checkPooledByteBufAllocatorUseCacheForAllThreads(48)) - PERFORMANCE WARNING: useCacheForAllThreads is true that may cause Netty to create a lot garbage objects and, as a result, trigger GC.
	It is recommended to disable useCacheForAllThreads by setting -Dorg.apache.ratis.thirdparty.io.netty.allocator.useCacheForAllThreads=false in command line.
2021-08-12 00:24:56,826 [Listener at 127.0.0.1/46733] INFO  grpc.GrpcConfigKeys (ConfUtils.java:logGet(44)) - raft.grpc.admin.port = 0 (custom)
2021-08-12 00:24:56,826 [Listener at 127.0.0.1/46733] INFO  grpc.GrpcConfigKeys (ConfUtils.java:logGet(44)) - raft.grpc.client.port = 0 (custom)
2021-08-12 00:24:56,826 [Listener at 127.0.0.1/46733] INFO  grpc.GrpcConfigKeys (ConfUtils.java:logGet(44)) - raft.grpc.server.port = 0 (default)
2021-08-12 00:24:56,827 [Listener at 127.0.0.1/46733] INFO  server.GrpcService (ConfUtils.java:logGet(44)) - raft.grpc.message.size.max = 32MB (=33554432) (custom)
2021-08-12 00:24:56,827 [Listener at 127.0.0.1/46733] INFO  server.RaftServerConfigKeys (ConfUtils.java:logGet(44)) - raft.server.log.appender.buffer.byte-limit = 33554432 (custom)
2021-08-12 00:24:56,827 [Listener at 127.0.0.1/46733] INFO  server.GrpcService (ConfUtils.java:logGet(44)) - raft.grpc.flow.control.window = 5MB (=5242880) (custom)
2021-08-12 00:24:56,827 [Listener at 127.0.0.1/46733] INFO  server.RaftServerConfigKeys (ConfUtils.java:logGet(44)) - raft.server.rpc.request.timeout = 3000ms (default)
2021-08-12 00:24:56,828 [Listener at 127.0.0.1/46733] INFO  impl.DataStreamServerImpl (ConfUtils.java:logGet(44)) - raft.datastream.type = DISABLED (default)
2021-08-12 00:24:56,828 [Listener at 127.0.0.1/46733] INFO  server.RaftServerConfigKeys (ConfUtils.java:logGet(44)) - raft.server.rpc.slowness.timeout = 300000ms (custom)
2021-08-12 00:24:56,828 [Listener at 127.0.0.1/46733] INFO  server.RaftServerConfigKeys (ConfUtils.java:logGet(44)) - raft.server.leaderelection.leader.step-down.wait-time = 10s (default)
2021-08-12 00:24:56,832 [Listener at 127.0.0.1/46733] INFO  server.RaftServerConfigKeys (ConfUtils.java:logGet(44)) - raft.server.storage.dir = [/home/runner/work/ozone/ozone/hadoop-ozone/integration-test/target/test-dir/MiniOzoneClusterImpl-a42b6446-58ec-43bb-8d59-9c3f88cf101c/datanode-3/data/ratis] (custom)
2021-08-12 00:24:56,846 [Listener at 127.0.0.1/46733] INFO  http.BaseHttpServer (BaseHttpServer.java:newHttpServer2BuilderForOzone(209)) - Starting Web-server for hddsDatanode at: http://0.0.0.0:0
2021-08-12 00:24:56,847 [Listener at 127.0.0.1/46733] INFO  http.BaseHttpServer (BaseHttpServer.java:<init>(107)) - Hadoop Security Enabled: false Ozone Security Enabled: false Ozone HTTP Security Enabled: false 
2021-08-12 00:24:56,847 [Listener at 127.0.0.1/46733] INFO  server.AuthenticationFilter (AuthenticationFilter.java:constructSecretProvider(240)) - Unable to initialize FileSignerSecretProvider, falling back to use random secrets.
2021-08-12 00:24:56,848 [Listener at 127.0.0.1/46733] WARN  http.HttpRequestLog (HttpRequestLog.java:getRequestLog(103)) - Jetty request log can only be enabled using Log4j
2021-08-12 00:24:56,849 [Listener at 127.0.0.1/46733] INFO  http.HttpServer2 (HttpServer2.java:addGlobalFilter(1020)) - Added global filter 'safety' (class=org.apache.hadoop.hdds.server.http.HttpServer2$QuotingInputFilter)
2021-08-12 00:24:56,849 [Listener at 127.0.0.1/46733] INFO  http.HttpServer2 (HttpServer2.java:addFilter(996)) - Added filter static_user_filter (class=org.apache.hadoop.http.lib.StaticUserWebFilter$StaticUserFilter) to context hddsDatanode
2021-08-12 00:24:56,849 [Listener at 127.0.0.1/46733] INFO  http.HttpServer2 (HttpServer2.java:addFilter(1004)) - Added filter static_user_filter (class=org.apache.hadoop.http.lib.StaticUserWebFilter$StaticUserFilter) to context logs
2021-08-12 00:24:56,849 [Listener at 127.0.0.1/46733] INFO  http.HttpServer2 (HttpServer2.java:addFilter(1004)) - Added filter static_user_filter (class=org.apache.hadoop.http.lib.StaticUserWebFilter$StaticUserFilter) to context static
2021-08-12 00:24:56,851 [Listener at 127.0.0.1/46733] INFO  http.HttpServer2 (HttpServer2.java:bindListener(1239)) - Jetty bound to port 33375
2021-08-12 00:24:56,851 [Listener at 127.0.0.1/46733] INFO  server.Server (Server.java:doStart(375)) - jetty-9.4.43.v20210629; built: 2021-06-30T11:07:22.254Z; git: 526006ecfa3af7f1a27ef3a288e2bef7ea9dd7e8; jvm 1.8.0_292-b10
2021-08-12 00:24:56,887 [Listener at 127.0.0.1/46733] INFO  server.session (DefaultSessionIdManager.java:doStart(334)) - DefaultSessionIdManager workerName=node0
2021-08-12 00:24:56,887 [Listener at 127.0.0.1/46733] INFO  server.session (DefaultSessionIdManager.java:doStart(339)) - No SessionScavenger set, using defaults
2021-08-12 00:24:56,887 [Listener at 127.0.0.1/46733] INFO  server.session (HouseKeeper.java:startScavenging(132)) - node0 Scavenging every 600000ms
2021-08-12 00:24:56,888 [Listener at 127.0.0.1/46733] INFO  handler.ContextHandler (ContextHandler.java:doStart(915)) - Started o.e.j.s.ServletContextHandler@3deddbbd{logs,/logs,file:///home/runner/work/ozone/ozone/hadoop-ozone/integration-test/target/log,AVAILABLE}
2021-08-12 00:24:56,888 [Listener at 127.0.0.1/46733] INFO  handler.ContextHandler (ContextHandler.java:doStart(915)) - Started o.e.j.s.ServletContextHandler@50fa8c92{static,/static,jar:file:/home/runner/.m2/repository/org/apache/ozone/hdds-container-service/1.2.0-SNAPSHOT/hdds-container-service-1.2.0-SNAPSHOT.jar!/webapps/static,AVAILABLE}
2021-08-12 00:24:57,050 [Listener at 127.0.0.1/46733] INFO  handler.ContextHandler (ContextHandler.java:doStart(915)) - Started o.e.j.w.WebAppContext@54362e7f{hddsDatanode,/,file:///tmp/jetty-0_0_0_0-33375-hdds-container-service-1_2_0-SNAPSHOT_jar-_-any-5536457499444844345/webapp/,AVAILABLE}{jar:file:/home/runner/.m2/repository/org/apache/ozone/hdds-container-service/1.2.0-SNAPSHOT/hdds-container-service-1.2.0-SNAPSHOT.jar!/webapps/hddsDatanode}
2021-08-12 00:24:57,056 [Listener at 127.0.0.1/46733] INFO  server.AbstractConnector (AbstractConnector.java:doStart(331)) - Started ServerConnector@4c612396{HTTP/1.1, (http/1.1)}{0.0.0.0:33375}
2021-08-12 00:24:57,059 [Listener at 127.0.0.1/46733] INFO  server.Server (Server.java:doStart(415)) - Started @93377ms
2021-08-12 00:24:57,059 [Listener at 127.0.0.1/46733] WARN  impl.MetricsSystemImpl (MetricsSystemImpl.java:register(279)) - Sink prometheus already exists!
2021-08-12 00:24:57,064 [Listener at 127.0.0.1/46733] INFO  http.BaseHttpServer (BaseHttpServer.java:updateConnectorAddress(329)) - HTTP server of hddsDatanode listening at http://0.0.0.0:33375
2021-08-12 00:24:57,066 [Listener at 127.0.0.1/46733] WARN  impl.MetricRegistriesImpl (MetricRegistriesImpl.java:addReporterRegistration(111)) - New reporters are added after registries were created. Some metrics will be missing from the reporter. Please add reporter before adding any new registry.
2021-08-12 00:24:57,067 [Listener at 127.0.0.1/46733] WARN  impl.MetricRegistriesImpl (MetricRegistriesImpl.java:addReporterRegistration(111)) - New reporters are added after registries were created. Some metrics will be missing from the reporter. Please add reporter before adding any new registry.
2021-08-12 00:24:57,067 [Listener at 127.0.0.1/46733] INFO  impl.MetricsSystemImpl (MetricsSystemImpl.java:init(158)) - HddsDatanode metrics system started (again)
2021-08-12 00:24:57,111 [org.apache.hadoop.util.JvmPauseMonitor$Monitor@5561104b] INFO  util.JvmPauseMonitor (JvmPauseMonitor.java:run(188)) - Starting JVM pause monitor
2021-08-12 00:24:57,128 [Datanode State Machine Task Thread - 0] INFO  datanode.InitDatanodeState (InitDatanodeState.java:persistContainerDatanodeDetails(145)) - DatanodeDetails is persisted to /home/runner/work/ozone/ozone/hadoop-ozone/integration-test/target/test-dir/MiniOzoneClusterImpl-a42b6446-58ec-43bb-8d59-9c3f88cf101c/datanode-3/meta/datanode.id
2021-08-12 00:24:57,134 [Listener at 127.0.0.1/46733] INFO  ozone.HddsDatanodeService (HddsDatanodeService.java:start(234)) - HddsDatanodeService host:fv-az50-214.grzltbmokehuzjyc5b133kdqgh.cx.internal.cloudapp.net ip:10.1.0.56
2021-08-12 00:24:57,175 [Listener at 127.0.0.1/46733] INFO  upgrade.AbstractLayoutVersionManager (AbstractLayoutVersionManager.java:init(70)) - Initializing Layout version manager with metadata layout = SCM_HA (version = 2), software layout = SCM_HA (version = 2)
2021-08-12 00:24:57,238 [EndpointStateMachine task thread for /0.0.0.0:33263 - 0 ] INFO  ozoneimpl.OzoneContainer (OzoneContainer.java:start(305)) - Attempting to start container services.
2021-08-12 00:24:57,239 [EndpointStateMachine task thread for /0.0.0.0:33263 - 0 ] INFO  ozoneimpl.OzoneContainer (OzoneContainer.java:startContainerScrub(250)) - Background container scanner has been disabled.
2021-08-12 00:24:57,239 [EndpointStateMachine task thread for /0.0.0.0:33263 - 0 ] INFO  replication.ReplicationServer (ReplicationServer.java:start(106)) - ReplicationServer is started using port 36277
2021-08-12 00:24:57,241 [EndpointStateMachine task thread for /0.0.0.0:33263 - 0 ] INFO  ratis.XceiverServerRatis (XceiverServerRatis.java:start(482)) - Starting XceiverServerRatis 5b202ae5-680d-43fe-be69-63ca12314317
2021-08-12 00:24:57,249 [EndpointStateMachine task thread for /0.0.0.0:33263 - 0 ] INFO  server.RaftServer (RaftServerProxy.java:lambda$start$5(374)) - 5b202ae5-680d-43fe-be69-63ca12314317: start RPC server
2021-08-12 00:24:57,250 [EndpointStateMachine task thread for /0.0.0.0:33263 - 0 ] INFO  server.GrpcService (GrpcService.java:startImpl(253)) - 5b202ae5-680d-43fe-be69-63ca12314317: GrpcService started, listening on 39647
2021-08-12 00:24:57,251 [EndpointStateMachine task thread for /0.0.0.0:33263 - 0 ] INFO  ratis.XceiverServerRatis (XceiverServerRatis.java:getRealPort(503)) - XceiverServerRatis 5b202ae5-680d-43fe-be69-63ca12314317 is started using port 39647 for RATIS
2021-08-12 00:24:57,251 [EndpointStateMachine task thread for /0.0.0.0:33263 - 0 ] INFO  ratis.XceiverServerRatis (XceiverServerRatis.java:getRealPort(503)) - XceiverServerRatis 5b202ae5-680d-43fe-be69-63ca12314317 is started using port 39647 for RATIS_ADMIN
2021-08-12 00:24:57,251 [EndpointStateMachine task thread for /0.0.0.0:33263 - 0 ] INFO  ratis.XceiverServerRatis (XceiverServerRatis.java:getRealPort(503)) - XceiverServerRatis 5b202ae5-680d-43fe-be69-63ca12314317 is started using port 39647 for RATIS_SERVER
2021-08-12 00:24:57,251 [EndpointStateMachine task thread for /0.0.0.0:33263 - 0 ] INFO  server.XceiverServerGrpc (XceiverServerGrpc.java:start(135)) - XceiverServerGrpc 5b202ae5-680d-43fe-be69-63ca12314317 is started using port 39917
2021-08-12 00:24:57,290 [org.apache.ratis.util.JvmPauseMonitor$$Lambda$531/2042374570@11422f41] INFO  util.JvmPauseMonitor (JvmPauseMonitor.java:run(103)) - JvmPauseMonitor-5b202ae5-680d-43fe-be69-63ca12314317: Started
2021-08-12 00:24:57,321 [Listener at 127.0.0.1/46733] INFO  reflections.Reflections (Reflections.java:scan(232)) - Reflections took 144 ms to scan 7 urls, producing 120 keys and 275 values 
2021-08-12 00:24:57,364 [Listener at 127.0.0.1/46733] INFO  volume.HddsVolume (HddsVolume.java:<init>(120)) - Creating HddsVolume: /home/runner/work/ozone/ozone/hadoop-ozone/integration-test/target/test-dir/MiniOzoneClusterImpl-a42b6446-58ec-43bb-8d59-9c3f88cf101c/datanode-4/data-0/containers/hdds of storage type : DISK capacity : 9223372036854775807
2021-08-12 00:24:57,365 [Listener at 127.0.0.1/46733] INFO  volume.MutableVolumeSet (MutableVolumeSet.java:initializeVolumeSet(181)) - Added Volume : /home/runner/work/ozone/ozone/hadoop-ozone/integration-test/target/test-dir/MiniOzoneClusterImpl-a42b6446-58ec-43bb-8d59-9c3f88cf101c/datanode-4/data-0/containers/hdds to VolumeSet
2021-08-12 00:24:57,365 [Listener at 127.0.0.1/46733] INFO  volume.ThrottledAsyncChecker (ThrottledAsyncChecker.java:schedule(141)) - Scheduling a check for /home/runner/work/ozone/ozone/hadoop-ozone/integration-test/target/test-dir/MiniOzoneClusterImpl-a42b6446-58ec-43bb-8d59-9c3f88cf101c/datanode-4/data-0/containers/hdds
2021-08-12 00:24:57,368 [Listener at 127.0.0.1/46733] INFO  volume.StorageVolumeChecker (StorageVolumeChecker.java:checkAllVolumes(202)) - Scheduled health check for volume /home/runner/work/ozone/ozone/hadoop-ozone/integration-test/target/test-dir/MiniOzoneClusterImpl-a42b6446-58ec-43bb-8d59-9c3f88cf101c/datanode-4/data-0/containers/hdds
2021-08-12 00:24:57,395 [Listener at 127.0.0.1/46733] INFO  volume.MutableVolumeSet (MutableVolumeSet.java:initializeVolumeSet(181)) - Added Volume : /home/runner/work/ozone/ozone/hadoop-ozone/integration-test/target/test-dir/MiniOzoneClusterImpl-a42b6446-58ec-43bb-8d59-9c3f88cf101c/datanode-4/data/ratis to VolumeSet
2021-08-12 00:24:57,395 [Listener at 127.0.0.1/46733] INFO  volume.ThrottledAsyncChecker (ThrottledAsyncChecker.java:schedule(141)) - Scheduling a check for /home/runner/work/ozone/ozone/hadoop-ozone/integration-test/target/test-dir/MiniOzoneClusterImpl-a42b6446-58ec-43bb-8d59-9c3f88cf101c/datanode-4/data/ratis
2021-08-12 00:24:57,395 [Listener at 127.0.0.1/46733] INFO  volume.StorageVolumeChecker (StorageVolumeChecker.java:checkAllVolumes(202)) - Scheduled health check for volume /home/runner/work/ozone/ozone/hadoop-ozone/integration-test/target/test-dir/MiniOzoneClusterImpl-a42b6446-58ec-43bb-8d59-9c3f88cf101c/datanode-4/data/ratis
2021-08-12 00:24:57,410 [Listener at 127.0.0.1/46733] INFO  ozoneimpl.ContainerReader (ContainerReader.java:<init>(98)) - Running in upgrade mode:true
2021-08-12 00:24:57,410 [Thread-777] INFO  ozoneimpl.ContainerReader (ContainerReader.java:readVolume(142)) - Start to verify containers on volume /home/runner/work/ozone/ozone/hadoop-ozone/integration-test/target/test-dir/MiniOzoneClusterImpl-a42b6446-58ec-43bb-8d59-9c3f88cf101c/datanode-4/data-0/containers/hdds
2021-08-12 00:24:57,410 [Thread-777] INFO  ozoneimpl.ContainerReader (ContainerReader.java:readVolume(174)) - Finish verifying containers on volume /home/runner/work/ozone/ozone/hadoop-ozone/integration-test/target/test-dir/MiniOzoneClusterImpl-a42b6446-58ec-43bb-8d59-9c3f88cf101c/datanode-4/data-0/containers/hdds
2021-08-12 00:24:57,410 [Listener at 127.0.0.1/46733] INFO  ozoneimpl.OzoneContainer (OzoneContainer.java:buildContainerSet(237)) - Build ContainerSet costs 0s
2021-08-12 00:24:57,412 [Listener at 127.0.0.1/46733] INFO  server.RaftServer (ConfUtils.java:logGet(44)) - raft.rpc.type = GRPC (default)
2021-08-12 00:24:57,412 [Listener at 127.0.0.1/46733] INFO  grpc.GrpcFactory (GrpcFactory.java:checkPooledByteBufAllocatorUseCacheForAllThreads(48)) - PERFORMANCE WARNING: useCacheForAllThreads is true that may cause Netty to create a lot garbage objects and, as a result, trigger GC.
	It is recommended to disable useCacheForAllThreads by setting -Dorg.apache.ratis.thirdparty.io.netty.allocator.useCacheForAllThreads=false in command line.
2021-08-12 00:24:57,425 [Listener at 127.0.0.1/46733] INFO  grpc.GrpcConfigKeys (ConfUtils.java:logGet(44)) - raft.grpc.admin.port = 0 (custom)
2021-08-12 00:24:57,430 [Listener at 127.0.0.1/46733] INFO  grpc.GrpcConfigKeys (ConfUtils.java:logGet(44)) - raft.grpc.client.port = 0 (custom)
2021-08-12 00:24:57,431 [Listener at 127.0.0.1/46733] INFO  grpc.GrpcConfigKeys (ConfUtils.java:logGet(44)) - raft.grpc.server.port = 0 (default)
2021-08-12 00:24:57,431 [Listener at 127.0.0.1/46733] INFO  server.GrpcService (ConfUtils.java:logGet(44)) - raft.grpc.message.size.max = 32MB (=33554432) (custom)
2021-08-12 00:24:57,431 [Listener at 127.0.0.1/46733] INFO  server.RaftServerConfigKeys (ConfUtils.java:logGet(44)) - raft.server.log.appender.buffer.byte-limit = 33554432 (custom)
2021-08-12 00:24:57,431 [Listener at 127.0.0.1/46733] INFO  server.GrpcService (ConfUtils.java:logGet(44)) - raft.grpc.flow.control.window = 5MB (=5242880) (custom)
2021-08-12 00:24:57,431 [Listener at 127.0.0.1/46733] INFO  server.RaftServerConfigKeys (ConfUtils.java:logGet(44)) - raft.server.rpc.request.timeout = 3000ms (default)
2021-08-12 00:24:57,433 [Listener at 127.0.0.1/46733] INFO  impl.DataStreamServerImpl (ConfUtils.java:logGet(44)) - raft.datastream.type = DISABLED (default)
2021-08-12 00:24:57,433 [Listener at 127.0.0.1/46733] INFO  server.RaftServerConfigKeys (ConfUtils.java:logGet(44)) - raft.server.rpc.slowness.timeout = 300000ms (custom)
2021-08-12 00:24:57,433 [Listener at 127.0.0.1/46733] INFO  server.RaftServerConfigKeys (ConfUtils.java:logGet(44)) - raft.server.leaderelection.leader.step-down.wait-time = 10s (default)
2021-08-12 00:24:57,434 [Listener at 127.0.0.1/46733] INFO  server.RaftServerConfigKeys (ConfUtils.java:logGet(44)) - raft.server.storage.dir = [/home/runner/work/ozone/ozone/hadoop-ozone/integration-test/target/test-dir/MiniOzoneClusterImpl-a42b6446-58ec-43bb-8d59-9c3f88cf101c/datanode-4/data/ratis] (custom)
2021-08-12 00:24:57,461 [Listener at 127.0.0.1/46733] INFO  http.BaseHttpServer (BaseHttpServer.java:newHttpServer2BuilderForOzone(209)) - Starting Web-server for hddsDatanode at: http://0.0.0.0:0
2021-08-12 00:24:57,462 [Listener at 127.0.0.1/46733] INFO  http.BaseHttpServer (BaseHttpServer.java:<init>(107)) - Hadoop Security Enabled: false Ozone Security Enabled: false Ozone HTTP Security Enabled: false 
2021-08-12 00:24:57,463 [Listener at 127.0.0.1/46733] INFO  server.AuthenticationFilter (AuthenticationFilter.java:constructSecretProvider(240)) - Unable to initialize FileSignerSecretProvider, falling back to use random secrets.
2021-08-12 00:24:57,468 [Listener at 127.0.0.1/46733] WARN  http.HttpRequestLog (HttpRequestLog.java:getRequestLog(103)) - Jetty request log can only be enabled using Log4j
2021-08-12 00:24:57,469 [Listener at 127.0.0.1/46733] INFO  http.HttpServer2 (HttpServer2.java:addGlobalFilter(1020)) - Added global filter 'safety' (class=org.apache.hadoop.hdds.server.http.HttpServer2$QuotingInputFilter)
2021-08-12 00:24:57,470 [Listener at 127.0.0.1/46733] INFO  http.HttpServer2 (HttpServer2.java:addFilter(996)) - Added filter static_user_filter (class=org.apache.hadoop.http.lib.StaticUserWebFilter$StaticUserFilter) to context hddsDatanode
2021-08-12 00:24:57,470 [Listener at 127.0.0.1/46733] INFO  http.HttpServer2 (HttpServer2.java:addFilter(1004)) - Added filter static_user_filter (class=org.apache.hadoop.http.lib.StaticUserWebFilter$StaticUserFilter) to context static
2021-08-12 00:24:57,470 [Listener at 127.0.0.1/46733] INFO  http.HttpServer2 (HttpServer2.java:addFilter(1004)) - Added filter static_user_filter (class=org.apache.hadoop.http.lib.StaticUserWebFilter$StaticUserFilter) to context logs
2021-08-12 00:24:57,470 [Listener at 127.0.0.1/46733] INFO  http.HttpServer2 (HttpServer2.java:bindListener(1239)) - Jetty bound to port 34171
2021-08-12 00:24:57,470 [Listener at 127.0.0.1/46733] INFO  server.Server (Server.java:doStart(375)) - jetty-9.4.43.v20210629; built: 2021-06-30T11:07:22.254Z; git: 526006ecfa3af7f1a27ef3a288e2bef7ea9dd7e8; jvm 1.8.0_292-b10
2021-08-12 00:24:57,474 [Listener at 127.0.0.1/46733] INFO  server.session (DefaultSessionIdManager.java:doStart(334)) - DefaultSessionIdManager workerName=node0
2021-08-12 00:24:57,474 [Listener at 127.0.0.1/46733] INFO  server.session (DefaultSessionIdManager.java:doStart(339)) - No SessionScavenger set, using defaults
2021-08-12 00:24:57,474 [Listener at 127.0.0.1/46733] INFO  server.session (HouseKeeper.java:startScavenging(132)) - node0 Scavenging every 660000ms
2021-08-12 00:24:57,475 [Listener at 127.0.0.1/46733] INFO  handler.ContextHandler (ContextHandler.java:doStart(915)) - Started o.e.j.s.ServletContextHandler@5f1d3fd0{logs,/logs,file:///home/runner/work/ozone/ozone/hadoop-ozone/integration-test/target/log,AVAILABLE}
2021-08-12 00:24:57,475 [Listener at 127.0.0.1/46733] INFO  handler.ContextHandler (ContextHandler.java:doStart(915)) - Started o.e.j.s.ServletContextHandler@48bd1b0b{static,/static,jar:file:/home/runner/.m2/repository/org/apache/ozone/hdds-container-service/1.2.0-SNAPSHOT/hdds-container-service-1.2.0-SNAPSHOT.jar!/webapps/static,AVAILABLE}
2021-08-12 00:24:57,555 [Listener at 127.0.0.1/46733] INFO  handler.ContextHandler (ContextHandler.java:doStart(915)) - Started o.e.j.w.WebAppContext@41b22d29{hddsDatanode,/,file:///tmp/jetty-0_0_0_0-34171-hdds-container-service-1_2_0-SNAPSHOT_jar-_-any-6551825349932072670/webapp/,AVAILABLE}{jar:file:/home/runner/.m2/repository/org/apache/ozone/hdds-container-service/1.2.0-SNAPSHOT/hdds-container-service-1.2.0-SNAPSHOT.jar!/webapps/hddsDatanode}
2021-08-12 00:24:57,571 [Listener at 127.0.0.1/46733] INFO  server.AbstractConnector (AbstractConnector.java:doStart(331)) - Started ServerConnector@6867e273{HTTP/1.1, (http/1.1)}{0.0.0.0:34171}
2021-08-12 00:24:57,571 [Listener at 127.0.0.1/46733] INFO  server.Server (Server.java:doStart(415)) - Started @93889ms
2021-08-12 00:24:57,571 [Listener at 127.0.0.1/46733] WARN  impl.MetricsSystemImpl (MetricsSystemImpl.java:register(279)) - Sink prometheus already exists!
2021-08-12 00:24:57,579 [Listener at 127.0.0.1/46733] INFO  http.BaseHttpServer (BaseHttpServer.java:updateConnectorAddress(329)) - HTTP server of hddsDatanode listening at http://0.0.0.0:34171
2021-08-12 00:24:57,591 [Listener at 127.0.0.1/46733] WARN  impl.MetricRegistriesImpl (MetricRegistriesImpl.java:addReporterRegistration(111)) - New reporters are added after registries were created. Some metrics will be missing from the reporter. Please add reporter before adding any new registry.
2021-08-12 00:24:57,591 [Listener at 127.0.0.1/46733] WARN  impl.MetricRegistriesImpl (MetricRegistriesImpl.java:addReporterRegistration(111)) - New reporters are added after registries were created. Some metrics will be missing from the reporter. Please add reporter before adding any new registry.
2021-08-12 00:24:57,591 [Listener at 127.0.0.1/46733] INFO  impl.MetricsSystemImpl (MetricsSystemImpl.java:init(158)) - HddsDatanode metrics system started (again)
2021-08-12 00:24:57,628 [Listener at 127.0.0.1/46733] INFO  ozone.HddsDatanodeService (HddsDatanodeService.java:start(234)) - HddsDatanodeService host:fv-az50-214.grzltbmokehuzjyc5b133kdqgh.cx.internal.cloudapp.net ip:10.1.0.56
2021-08-12 00:24:57,668 [org.apache.hadoop.util.JvmPauseMonitor$Monitor@635abaff] INFO  util.JvmPauseMonitor (JvmPauseMonitor.java:run(188)) - Starting JVM pause monitor
2021-08-12 00:24:57,685 [Datanode State Machine Task Thread - 0] INFO  datanode.InitDatanodeState (InitDatanodeState.java:persistContainerDatanodeDetails(145)) - DatanodeDetails is persisted to /home/runner/work/ozone/ozone/hadoop-ozone/integration-test/target/test-dir/MiniOzoneClusterImpl-a42b6446-58ec-43bb-8d59-9c3f88cf101c/datanode-4/meta/datanode.id
2021-08-12 00:24:57,697 [Listener at 127.0.0.1/46733] INFO  upgrade.AbstractLayoutVersionManager (AbstractLayoutVersionManager.java:init(70)) - Initializing Layout version manager with metadata layout = SCM_HA (version = 2), software layout = SCM_HA (version = 2)
2021-08-12 00:24:57,773 [EndpointStateMachine task thread for /0.0.0.0:33263 - 0 ] INFO  ozoneimpl.OzoneContainer (OzoneContainer.java:start(305)) - Attempting to start container services.
2021-08-12 00:24:57,773 [EndpointStateMachine task thread for /0.0.0.0:33263 - 0 ] INFO  ozoneimpl.OzoneContainer (OzoneContainer.java:startContainerScrub(250)) - Background container scanner has been disabled.
2021-08-12 00:24:57,774 [EndpointStateMachine task thread for /0.0.0.0:33263 - 0 ] INFO  replication.ReplicationServer (ReplicationServer.java:start(106)) - ReplicationServer is started using port 34579
2021-08-12 00:24:57,776 [EndpointStateMachine task thread for /0.0.0.0:33263 - 0 ] INFO  ratis.XceiverServerRatis (XceiverServerRatis.java:start(482)) - Starting XceiverServerRatis c2eb00da-4d4a-4ac5-8b23-45ecd8b85c7f
2021-08-12 00:24:57,777 [EndpointStateMachine task thread for /0.0.0.0:33263 - 0 ] INFO  server.RaftServer (RaftServerProxy.java:lambda$start$5(374)) - c2eb00da-4d4a-4ac5-8b23-45ecd8b85c7f: start RPC server
2021-08-12 00:24:57,780 [EndpointStateMachine task thread for /0.0.0.0:33263 - 0 ] INFO  server.GrpcService (GrpcService.java:startImpl(253)) - c2eb00da-4d4a-4ac5-8b23-45ecd8b85c7f: GrpcService started, listening on 41045
2021-08-12 00:24:57,784 [EndpointStateMachine task thread for /0.0.0.0:33263 - 0 ] INFO  ratis.XceiverServerRatis (XceiverServerRatis.java:getRealPort(503)) - XceiverServerRatis c2eb00da-4d4a-4ac5-8b23-45ecd8b85c7f is started using port 41045 for RATIS
2021-08-12 00:24:57,784 [EndpointStateMachine task thread for /0.0.0.0:33263 - 0 ] INFO  ratis.XceiverServerRatis (XceiverServerRatis.java:getRealPort(503)) - XceiverServerRatis c2eb00da-4d4a-4ac5-8b23-45ecd8b85c7f is started using port 41045 for RATIS_ADMIN
2021-08-12 00:24:57,784 [EndpointStateMachine task thread for /0.0.0.0:33263 - 0 ] INFO  ratis.XceiverServerRatis (XceiverServerRatis.java:getRealPort(503)) - XceiverServerRatis c2eb00da-4d4a-4ac5-8b23-45ecd8b85c7f is started using port 41045 for RATIS_SERVER
2021-08-12 00:24:57,800 [EndpointStateMachine task thread for /0.0.0.0:33263 - 0 ] INFO  server.XceiverServerGrpc (XceiverServerGrpc.java:start(135)) - XceiverServerGrpc c2eb00da-4d4a-4ac5-8b23-45ecd8b85c7f is started using port 33705
2021-08-12 00:24:57,812 [Listener at 127.0.0.1/46733] INFO  reflections.Reflections (Reflections.java:scan(232)) - Reflections took 114 ms to scan 7 urls, producing 120 keys and 275 values 
2021-08-12 00:24:57,824 [org.apache.ratis.util.JvmPauseMonitor$$Lambda$531/2042374570@24d57552] INFO  util.JvmPauseMonitor (JvmPauseMonitor.java:run(103)) - JvmPauseMonitor-c2eb00da-4d4a-4ac5-8b23-45ecd8b85c7f: Started
2021-08-12 00:24:57,849 [Listener at 127.0.0.1/46733] INFO  volume.HddsVolume (HddsVolume.java:<init>(120)) - Creating HddsVolume: /home/runner/work/ozone/ozone/hadoop-ozone/integration-test/target/test-dir/MiniOzoneClusterImpl-a42b6446-58ec-43bb-8d59-9c3f88cf101c/datanode-5/data-0/containers/hdds of storage type : DISK capacity : 9223372036854775807
2021-08-12 00:24:57,850 [Listener at 127.0.0.1/46733] INFO  volume.MutableVolumeSet (MutableVolumeSet.java:initializeVolumeSet(181)) - Added Volume : /home/runner/work/ozone/ozone/hadoop-ozone/integration-test/target/test-dir/MiniOzoneClusterImpl-a42b6446-58ec-43bb-8d59-9c3f88cf101c/datanode-5/data-0/containers/hdds to VolumeSet
2021-08-12 00:24:57,850 [Listener at 127.0.0.1/46733] INFO  volume.ThrottledAsyncChecker (ThrottledAsyncChecker.java:schedule(141)) - Scheduling a check for /home/runner/work/ozone/ozone/hadoop-ozone/integration-test/target/test-dir/MiniOzoneClusterImpl-a42b6446-58ec-43bb-8d59-9c3f88cf101c/datanode-5/data-0/containers/hdds
2021-08-12 00:24:57,850 [Listener at 127.0.0.1/46733] INFO  volume.StorageVolumeChecker (StorageVolumeChecker.java:checkAllVolumes(202)) - Scheduled health check for volume /home/runner/work/ozone/ozone/hadoop-ozone/integration-test/target/test-dir/MiniOzoneClusterImpl-a42b6446-58ec-43bb-8d59-9c3f88cf101c/datanode-5/data-0/containers/hdds
2021-08-12 00:24:57,877 [Listener at 127.0.0.1/46733] INFO  volume.MutableVolumeSet (MutableVolumeSet.java:initializeVolumeSet(181)) - Added Volume : /home/runner/work/ozone/ozone/hadoop-ozone/integration-test/target/test-dir/MiniOzoneClusterImpl-a42b6446-58ec-43bb-8d59-9c3f88cf101c/datanode-5/data/ratis to VolumeSet
2021-08-12 00:24:57,878 [Listener at 127.0.0.1/46733] INFO  volume.ThrottledAsyncChecker (ThrottledAsyncChecker.java:schedule(141)) - Scheduling a check for /home/runner/work/ozone/ozone/hadoop-ozone/integration-test/target/test-dir/MiniOzoneClusterImpl-a42b6446-58ec-43bb-8d59-9c3f88cf101c/datanode-5/data/ratis
2021-08-12 00:24:57,878 [Listener at 127.0.0.1/46733] INFO  volume.StorageVolumeChecker (StorageVolumeChecker.java:checkAllVolumes(202)) - Scheduled health check for volume /home/runner/work/ozone/ozone/hadoop-ozone/integration-test/target/test-dir/MiniOzoneClusterImpl-a42b6446-58ec-43bb-8d59-9c3f88cf101c/datanode-5/data/ratis
2021-08-12 00:24:57,890 [Listener at 127.0.0.1/46733] INFO  ozoneimpl.ContainerReader (ContainerReader.java:<init>(98)) - Running in upgrade mode:true
2021-08-12 00:24:57,891 [Thread-792] INFO  ozoneimpl.ContainerReader (ContainerReader.java:readVolume(142)) - Start to verify containers on volume /home/runner/work/ozone/ozone/hadoop-ozone/integration-test/target/test-dir/MiniOzoneClusterImpl-a42b6446-58ec-43bb-8d59-9c3f88cf101c/datanode-5/data-0/containers/hdds
2021-08-12 00:24:57,891 [Thread-792] INFO  ozoneimpl.ContainerReader (ContainerReader.java:readVolume(174)) - Finish verifying containers on volume /home/runner/work/ozone/ozone/hadoop-ozone/integration-test/target/test-dir/MiniOzoneClusterImpl-a42b6446-58ec-43bb-8d59-9c3f88cf101c/datanode-5/data-0/containers/hdds
2021-08-12 00:24:57,891 [Listener at 127.0.0.1/46733] INFO  ozoneimpl.OzoneContainer (OzoneContainer.java:buildContainerSet(237)) - Build ContainerSet costs 0s
2021-08-12 00:24:57,893 [Listener at 127.0.0.1/46733] INFO  server.RaftServer (ConfUtils.java:logGet(44)) - raft.rpc.type = GRPC (default)
2021-08-12 00:24:57,893 [Listener at 127.0.0.1/46733] INFO  grpc.GrpcFactory (GrpcFactory.java:checkPooledByteBufAllocatorUseCacheForAllThreads(48)) - PERFORMANCE WARNING: useCacheForAllThreads is true that may cause Netty to create a lot garbage objects and, as a result, trigger GC.
	It is recommended to disable useCacheForAllThreads by setting -Dorg.apache.ratis.thirdparty.io.netty.allocator.useCacheForAllThreads=false in command line.
2021-08-12 00:24:57,893 [Listener at 127.0.0.1/46733] INFO  grpc.GrpcConfigKeys (ConfUtils.java:logGet(44)) - raft.grpc.admin.port = 0 (custom)
2021-08-12 00:24:57,893 [Listener at 127.0.0.1/46733] INFO  grpc.GrpcConfigKeys (ConfUtils.java:logGet(44)) - raft.grpc.client.port = 0 (custom)
2021-08-12 00:24:57,893 [Listener at 127.0.0.1/46733] INFO  grpc.GrpcConfigKeys (ConfUtils.java:logGet(44)) - raft.grpc.server.port = 0 (default)
2021-08-12 00:24:57,893 [Listener at 127.0.0.1/46733] INFO  server.GrpcService (ConfUtils.java:logGet(44)) - raft.grpc.message.size.max = 32MB (=33554432) (custom)
2021-08-12 00:24:57,893 [Listener at 127.0.0.1/46733] INFO  server.RaftServerConfigKeys (ConfUtils.java:logGet(44)) - raft.server.log.appender.buffer.byte-limit = 33554432 (custom)
2021-08-12 00:24:57,894 [Listener at 127.0.0.1/46733] INFO  server.GrpcService (ConfUtils.java:logGet(44)) - raft.grpc.flow.control.window = 5MB (=5242880) (custom)
2021-08-12 00:24:57,894 [Listener at 127.0.0.1/46733] INFO  server.RaftServerConfigKeys (ConfUtils.java:logGet(44)) - raft.server.rpc.request.timeout = 3000ms (default)
2021-08-12 00:24:57,895 [Listener at 127.0.0.1/46733] INFO  impl.DataStreamServerImpl (ConfUtils.java:logGet(44)) - raft.datastream.type = DISABLED (default)
2021-08-12 00:24:57,895 [Listener at 127.0.0.1/46733] INFO  server.RaftServerConfigKeys (ConfUtils.java:logGet(44)) - raft.server.rpc.slowness.timeout = 300000ms (custom)
2021-08-12 00:24:57,895 [Listener at 127.0.0.1/46733] INFO  server.RaftServerConfigKeys (ConfUtils.java:logGet(44)) - raft.server.leaderelection.leader.step-down.wait-time = 10s (default)
2021-08-12 00:24:57,895 [Listener at 127.0.0.1/46733] INFO  server.RaftServerConfigKeys (ConfUtils.java:logGet(44)) - raft.server.storage.dir = [/home/runner/work/ozone/ozone/hadoop-ozone/integration-test/target/test-dir/MiniOzoneClusterImpl-a42b6446-58ec-43bb-8d59-9c3f88cf101c/datanode-5/data/ratis] (custom)
2021-08-12 00:24:57,916 [Listener at 127.0.0.1/46733] INFO  http.BaseHttpServer (BaseHttpServer.java:newHttpServer2BuilderForOzone(209)) - Starting Web-server for hddsDatanode at: http://0.0.0.0:0
2021-08-12 00:24:57,917 [Listener at 127.0.0.1/46733] INFO  http.BaseHttpServer (BaseHttpServer.java:<init>(107)) - Hadoop Security Enabled: false Ozone Security Enabled: false Ozone HTTP Security Enabled: false 
2021-08-12 00:24:57,918 [Listener at 127.0.0.1/46733] INFO  server.AuthenticationFilter (AuthenticationFilter.java:constructSecretProvider(240)) - Unable to initialize FileSignerSecretProvider, falling back to use random secrets.
2021-08-12 00:24:57,936 [Listener at 127.0.0.1/46733] WARN  http.HttpRequestLog (HttpRequestLog.java:getRequestLog(103)) - Jetty request log can only be enabled using Log4j
2021-08-12 00:24:57,937 [Listener at 127.0.0.1/46733] INFO  http.HttpServer2 (HttpServer2.java:addGlobalFilter(1020)) - Added global filter 'safety' (class=org.apache.hadoop.hdds.server.http.HttpServer2$QuotingInputFilter)
2021-08-12 00:24:57,939 [Listener at 127.0.0.1/46733] INFO  http.HttpServer2 (HttpServer2.java:addFilter(996)) - Added filter static_user_filter (class=org.apache.hadoop.http.lib.StaticUserWebFilter$StaticUserFilter) to context hddsDatanode
2021-08-12 00:24:57,939 [Listener at 127.0.0.1/46733] INFO  http.HttpServer2 (HttpServer2.java:addFilter(1004)) - Added filter static_user_filter (class=org.apache.hadoop.http.lib.StaticUserWebFilter$StaticUserFilter) to context logs
2021-08-12 00:24:57,939 [Listener at 127.0.0.1/46733] INFO  http.HttpServer2 (HttpServer2.java:addFilter(1004)) - Added filter static_user_filter (class=org.apache.hadoop.http.lib.StaticUserWebFilter$StaticUserFilter) to context static
2021-08-12 00:24:57,939 [Listener at 127.0.0.1/46733] INFO  http.HttpServer2 (HttpServer2.java:bindListener(1239)) - Jetty bound to port 38503
2021-08-12 00:24:57,939 [Listener at 127.0.0.1/46733] INFO  server.Server (Server.java:doStart(375)) - jetty-9.4.43.v20210629; built: 2021-06-30T11:07:22.254Z; git: 526006ecfa3af7f1a27ef3a288e2bef7ea9dd7e8; jvm 1.8.0_292-b10
2021-08-12 00:24:57,957 [Listener at 127.0.0.1/46733] INFO  server.session (DefaultSessionIdManager.java:doStart(334)) - DefaultSessionIdManager workerName=node0
2021-08-12 00:24:57,957 [Listener at 127.0.0.1/46733] INFO  server.session (DefaultSessionIdManager.java:doStart(339)) - No SessionScavenger set, using defaults
2021-08-12 00:24:57,958 [Listener at 127.0.0.1/46733] INFO  server.session (HouseKeeper.java:startScavenging(132)) - node0 Scavenging every 600000ms
2021-08-12 00:24:57,958 [Listener at 127.0.0.1/46733] INFO  handler.ContextHandler (ContextHandler.java:doStart(915)) - Started o.e.j.s.ServletContextHandler@1bc3ff34{logs,/logs,file:///home/runner/work/ozone/ozone/hadoop-ozone/integration-test/target/log,AVAILABLE}
2021-08-12 00:24:57,959 [Listener at 127.0.0.1/46733] INFO  handler.ContextHandler (ContextHandler.java:doStart(915)) - Started o.e.j.s.ServletContextHandler@189a2927{static,/static,jar:file:/home/runner/.m2/repository/org/apache/ozone/hdds-container-service/1.2.0-SNAPSHOT/hdds-container-service-1.2.0-SNAPSHOT.jar!/webapps/static,AVAILABLE}
2021-08-12 00:24:58,095 [Listener at 127.0.0.1/46733] INFO  handler.ContextHandler (ContextHandler.java:doStart(915)) - Started o.e.j.w.WebAppContext@e9f436e{hddsDatanode,/,file:///tmp/jetty-0_0_0_0-38503-hdds-container-service-1_2_0-SNAPSHOT_jar-_-any-5220225141947737744/webapp/,AVAILABLE}{jar:file:/home/runner/.m2/repository/org/apache/ozone/hdds-container-service/1.2.0-SNAPSHOT/hdds-container-service-1.2.0-SNAPSHOT.jar!/webapps/hddsDatanode}
2021-08-12 00:24:58,129 [Listener at 127.0.0.1/46733] INFO  server.AbstractConnector (AbstractConnector.java:doStart(331)) - Started ServerConnector@43fbbb86{HTTP/1.1, (http/1.1)}{0.0.0.0:38503}
2021-08-12 00:24:58,129 [Listener at 127.0.0.1/46733] INFO  server.Server (Server.java:doStart(415)) - Started @94447ms
2021-08-12 00:24:58,129 [Listener at 127.0.0.1/46733] WARN  impl.MetricsSystemImpl (MetricsSystemImpl.java:register(279)) - Sink prometheus already exists!
2021-08-12 00:24:58,130 [Listener at 127.0.0.1/46733] INFO  http.BaseHttpServer (BaseHttpServer.java:updateConnectorAddress(329)) - HTTP server of hddsDatanode listening at http://0.0.0.0:38503
2021-08-12 00:24:58,134 [Listener at 127.0.0.1/46733] WARN  impl.MetricRegistriesImpl (MetricRegistriesImpl.java:addReporterRegistration(111)) - New reporters are added after registries were created. Some metrics will be missing from the reporter. Please add reporter before adding any new registry.
2021-08-12 00:24:58,134 [Listener at 127.0.0.1/46733] WARN  impl.MetricRegistriesImpl (MetricRegistriesImpl.java:addReporterRegistration(111)) - New reporters are added after registries were created. Some metrics will be missing from the reporter. Please add reporter before adding any new registry.
2021-08-12 00:24:58,134 [Listener at 127.0.0.1/46733] INFO  impl.MetricsSystemImpl (MetricsSystemImpl.java:init(158)) - HddsDatanode metrics system started (again)
2021-08-12 00:24:58,171 [org.apache.hadoop.util.JvmPauseMonitor$Monitor@7cf9c530] INFO  util.JvmPauseMonitor (JvmPauseMonitor.java:run(188)) - Starting JVM pause monitor
2021-08-12 00:24:58,184 [Datanode State Machine Task Thread - 0] INFO  datanode.InitDatanodeState (InitDatanodeState.java:persistContainerDatanodeDetails(145)) - DatanodeDetails is persisted to /home/runner/work/ozone/ozone/hadoop-ozone/integration-test/target/test-dir/MiniOzoneClusterImpl-a42b6446-58ec-43bb-8d59-9c3f88cf101c/datanode-5/meta/datanode.id
2021-08-12 00:24:58,190 [Listener at 127.0.0.1/46733] INFO  ozone.HddsDatanodeService (HddsDatanodeService.java:start(234)) - HddsDatanodeService host:fv-az50-214.grzltbmokehuzjyc5b133kdqgh.cx.internal.cloudapp.net ip:10.1.0.56
2021-08-12 00:24:58,243 [Listener at 127.0.0.1/46733] INFO  upgrade.AbstractLayoutVersionManager (AbstractLayoutVersionManager.java:init(70)) - Initializing Layout version manager with metadata layout = SCM_HA (version = 2), software layout = SCM_HA (version = 2)
2021-08-12 00:24:58,331 [Listener at 127.0.0.1/46733] INFO  reflections.Reflections (Reflections.java:scan(232)) - Reflections took 86 ms to scan 7 urls, producing 120 keys and 275 values 
2021-08-12 00:24:58,341 [Listener at 127.0.0.1/46733] INFO  volume.HddsVolume (HddsVolume.java:<init>(120)) - Creating HddsVolume: /home/runner/work/ozone/ozone/hadoop-ozone/integration-test/target/test-dir/MiniOzoneClusterImpl-a42b6446-58ec-43bb-8d59-9c3f88cf101c/datanode-6/data-0/containers/hdds of storage type : DISK capacity : 9223372036854775807
2021-08-12 00:24:58,346 [Listener at 127.0.0.1/46733] INFO  volume.MutableVolumeSet (MutableVolumeSet.java:initializeVolumeSet(181)) - Added Volume : /home/runner/work/ozone/ozone/hadoop-ozone/integration-test/target/test-dir/MiniOzoneClusterImpl-a42b6446-58ec-43bb-8d59-9c3f88cf101c/datanode-6/data-0/containers/hdds to VolumeSet
2021-08-12 00:24:58,346 [Listener at 127.0.0.1/46733] INFO  volume.ThrottledAsyncChecker (ThrottledAsyncChecker.java:schedule(141)) - Scheduling a check for /home/runner/work/ozone/ozone/hadoop-ozone/integration-test/target/test-dir/MiniOzoneClusterImpl-a42b6446-58ec-43bb-8d59-9c3f88cf101c/datanode-6/data-0/containers/hdds
2021-08-12 00:24:58,350 [Listener at 127.0.0.1/46733] INFO  volume.StorageVolumeChecker (StorageVolumeChecker.java:checkAllVolumes(202)) - Scheduled health check for volume /home/runner/work/ozone/ozone/hadoop-ozone/integration-test/target/test-dir/MiniOzoneClusterImpl-a42b6446-58ec-43bb-8d59-9c3f88cf101c/datanode-6/data-0/containers/hdds
2021-08-12 00:24:58,372 [Listener at 127.0.0.1/46733] INFO  volume.MutableVolumeSet (MutableVolumeSet.java:initializeVolumeSet(181)) - Added Volume : /home/runner/work/ozone/ozone/hadoop-ozone/integration-test/target/test-dir/MiniOzoneClusterImpl-a42b6446-58ec-43bb-8d59-9c3f88cf101c/datanode-6/data/ratis to VolumeSet
2021-08-12 00:24:58,372 [Listener at 127.0.0.1/46733] INFO  volume.ThrottledAsyncChecker (ThrottledAsyncChecker.java:schedule(141)) - Scheduling a check for /home/runner/work/ozone/ozone/hadoop-ozone/integration-test/target/test-dir/MiniOzoneClusterImpl-a42b6446-58ec-43bb-8d59-9c3f88cf101c/datanode-6/data/ratis
2021-08-12 00:24:58,372 [Listener at 127.0.0.1/46733] INFO  volume.StorageVolumeChecker (StorageVolumeChecker.java:checkAllVolumes(202)) - Scheduled health check for volume /home/runner/work/ozone/ozone/hadoop-ozone/integration-test/target/test-dir/MiniOzoneClusterImpl-a42b6446-58ec-43bb-8d59-9c3f88cf101c/datanode-6/data/ratis
2021-08-12 00:24:58,385 [Listener at 127.0.0.1/46733] INFO  ozoneimpl.ContainerReader (ContainerReader.java:<init>(98)) - Running in upgrade mode:true
2021-08-12 00:24:58,385 [Thread-804] INFO  ozoneimpl.ContainerReader (ContainerReader.java:readVolume(142)) - Start to verify containers on volume /home/runner/work/ozone/ozone/hadoop-ozone/integration-test/target/test-dir/MiniOzoneClusterImpl-a42b6446-58ec-43bb-8d59-9c3f88cf101c/datanode-6/data-0/containers/hdds
2021-08-12 00:24:58,385 [Thread-804] INFO  ozoneimpl.ContainerReader (ContainerReader.java:readVolume(174)) - Finish verifying containers on volume /home/runner/work/ozone/ozone/hadoop-ozone/integration-test/target/test-dir/MiniOzoneClusterImpl-a42b6446-58ec-43bb-8d59-9c3f88cf101c/datanode-6/data-0/containers/hdds
2021-08-12 00:24:58,385 [Listener at 127.0.0.1/46733] INFO  ozoneimpl.OzoneContainer (OzoneContainer.java:buildContainerSet(237)) - Build ContainerSet costs 0s
2021-08-12 00:24:58,388 [Listener at 127.0.0.1/46733] INFO  server.RaftServer (ConfUtils.java:logGet(44)) - raft.rpc.type = GRPC (default)
2021-08-12 00:24:58,388 [Listener at 127.0.0.1/46733] INFO  grpc.GrpcFactory (GrpcFactory.java:checkPooledByteBufAllocatorUseCacheForAllThreads(48)) - PERFORMANCE WARNING: useCacheForAllThreads is true that may cause Netty to create a lot garbage objects and, as a result, trigger GC.
	It is recommended to disable useCacheForAllThreads by setting -Dorg.apache.ratis.thirdparty.io.netty.allocator.useCacheForAllThreads=false in command line.
2021-08-12 00:24:58,388 [Listener at 127.0.0.1/46733] INFO  grpc.GrpcConfigKeys (ConfUtils.java:logGet(44)) - raft.grpc.admin.port = 0 (custom)
2021-08-12 00:24:58,388 [Listener at 127.0.0.1/46733] INFO  grpc.GrpcConfigKeys (ConfUtils.java:logGet(44)) - raft.grpc.client.port = 0 (custom)
2021-08-12 00:24:58,388 [Listener at 127.0.0.1/46733] INFO  grpc.GrpcConfigKeys (ConfUtils.java:logGet(44)) - raft.grpc.server.port = 0 (default)
2021-08-12 00:24:58,388 [Listener at 127.0.0.1/46733] INFO  server.GrpcService (ConfUtils.java:logGet(44)) - raft.grpc.message.size.max = 32MB (=33554432) (custom)
2021-08-12 00:24:58,390 [Listener at 127.0.0.1/46733] INFO  server.RaftServerConfigKeys (ConfUtils.java:logGet(44)) - raft.server.log.appender.buffer.byte-limit = 33554432 (custom)
2021-08-12 00:24:58,391 [Listener at 127.0.0.1/46733] INFO  server.GrpcService (ConfUtils.java:logGet(44)) - raft.grpc.flow.control.window = 5MB (=5242880) (custom)
2021-08-12 00:24:58,391 [Listener at 127.0.0.1/46733] INFO  server.RaftServerConfigKeys (ConfUtils.java:logGet(44)) - raft.server.rpc.request.timeout = 3000ms (default)
2021-08-12 00:24:58,392 [Listener at 127.0.0.1/46733] INFO  impl.DataStreamServerImpl (ConfUtils.java:logGet(44)) - raft.datastream.type = DISABLED (default)
2021-08-12 00:24:58,392 [Listener at 127.0.0.1/46733] INFO  server.RaftServerConfigKeys (ConfUtils.java:logGet(44)) - raft.server.rpc.slowness.timeout = 300000ms (custom)
2021-08-12 00:24:58,392 [Listener at 127.0.0.1/46733] INFO  server.RaftServerConfigKeys (ConfUtils.java:logGet(44)) - raft.server.leaderelection.leader.step-down.wait-time = 10s (default)
2021-08-12 00:24:58,392 [Listener at 127.0.0.1/46733] INFO  server.RaftServerConfigKeys (ConfUtils.java:logGet(44)) - raft.server.storage.dir = [/home/runner/work/ozone/ozone/hadoop-ozone/integration-test/target/test-dir/MiniOzoneClusterImpl-a42b6446-58ec-43bb-8d59-9c3f88cf101c/datanode-6/data/ratis] (custom)
2021-08-12 00:24:58,418 [Listener at 127.0.0.1/46733] INFO  http.BaseHttpServer (BaseHttpServer.java:newHttpServer2BuilderForOzone(209)) - Starting Web-server for hddsDatanode at: http://0.0.0.0:0
2021-08-12 00:24:58,418 [Listener at 127.0.0.1/46733] INFO  http.BaseHttpServer (BaseHttpServer.java:<init>(107)) - Hadoop Security Enabled: false Ozone Security Enabled: false Ozone HTTP Security Enabled: false 
2021-08-12 00:24:58,436 [Listener at 127.0.0.1/46733] INFO  server.AuthenticationFilter (AuthenticationFilter.java:constructSecretProvider(240)) - Unable to initialize FileSignerSecretProvider, falling back to use random secrets.
2021-08-12 00:24:58,438 [EndpointStateMachine task thread for /0.0.0.0:33263 - 0 ] INFO  ozoneimpl.OzoneContainer (OzoneContainer.java:start(305)) - Attempting to start container services.
2021-08-12 00:24:58,438 [EndpointStateMachine task thread for /0.0.0.0:33263 - 0 ] INFO  ozoneimpl.OzoneContainer (OzoneContainer.java:startContainerScrub(250)) - Background container scanner has been disabled.
2021-08-12 00:24:58,439 [EndpointStateMachine task thread for /0.0.0.0:33263 - 0 ] INFO  replication.ReplicationServer (ReplicationServer.java:start(106)) - ReplicationServer is started using port 37223
2021-08-12 00:24:58,446 [EndpointStateMachine task thread for /0.0.0.0:33263 - 0 ] INFO  ratis.XceiverServerRatis (XceiverServerRatis.java:start(482)) - Starting XceiverServerRatis ef23a805-c360-46f9-a5ff-61453c052e9c
2021-08-12 00:24:58,464 [EndpointStateMachine task thread for /0.0.0.0:33263 - 0 ] INFO  server.RaftServer (RaftServerProxy.java:lambda$start$5(374)) - ef23a805-c360-46f9-a5ff-61453c052e9c: start RPC server
2021-08-12 00:24:58,466 [EndpointStateMachine task thread for /0.0.0.0:33263 - 0 ] INFO  server.GrpcService (GrpcService.java:startImpl(253)) - ef23a805-c360-46f9-a5ff-61453c052e9c: GrpcService started, listening on 45291
2021-08-12 00:24:58,476 [EndpointStateMachine task thread for /0.0.0.0:33263 - 0 ] INFO  ratis.XceiverServerRatis (XceiverServerRatis.java:getRealPort(503)) - XceiverServerRatis ef23a805-c360-46f9-a5ff-61453c052e9c is started using port 45291 for RATIS
2021-08-12 00:24:58,477 [EndpointStateMachine task thread for /0.0.0.0:33263 - 0 ] INFO  ratis.XceiverServerRatis (XceiverServerRatis.java:getRealPort(503)) - XceiverServerRatis ef23a805-c360-46f9-a5ff-61453c052e9c is started using port 45291 for RATIS_ADMIN
2021-08-12 00:24:58,477 [EndpointStateMachine task thread for /0.0.0.0:33263 - 0 ] INFO  ratis.XceiverServerRatis (XceiverServerRatis.java:getRealPort(503)) - XceiverServerRatis ef23a805-c360-46f9-a5ff-61453c052e9c is started using port 45291 for RATIS_SERVER
2021-08-12 00:24:58,477 [EndpointStateMachine task thread for /0.0.0.0:33263 - 0 ] INFO  server.XceiverServerGrpc (XceiverServerGrpc.java:start(135)) - XceiverServerGrpc ef23a805-c360-46f9-a5ff-61453c052e9c is started using port 37595
2021-08-12 00:24:58,480 [Listener at 127.0.0.1/46733] WARN  http.HttpRequestLog (HttpRequestLog.java:getRequestLog(103)) - Jetty request log can only be enabled using Log4j
2021-08-12 00:24:58,490 [Listener at 127.0.0.1/46733] INFO  http.HttpServer2 (HttpServer2.java:addGlobalFilter(1020)) - Added global filter 'safety' (class=org.apache.hadoop.hdds.server.http.HttpServer2$QuotingInputFilter)
2021-08-12 00:24:58,490 [Listener at 127.0.0.1/46733] INFO  http.HttpServer2 (HttpServer2.java:addFilter(996)) - Added filter static_user_filter (class=org.apache.hadoop.http.lib.StaticUserWebFilter$StaticUserFilter) to context hddsDatanode
2021-08-12 00:24:58,490 [Listener at 127.0.0.1/46733] INFO  http.HttpServer2 (HttpServer2.java:addFilter(1004)) - Added filter static_user_filter (class=org.apache.hadoop.http.lib.StaticUserWebFilter$StaticUserFilter) to context logs
2021-08-12 00:24:58,491 [Listener at 127.0.0.1/46733] INFO  http.HttpServer2 (HttpServer2.java:addFilter(1004)) - Added filter static_user_filter (class=org.apache.hadoop.http.lib.StaticUserWebFilter$StaticUserFilter) to context static
2021-08-12 00:24:58,491 [Listener at 127.0.0.1/46733] INFO  http.HttpServer2 (HttpServer2.java:bindListener(1239)) - Jetty bound to port 34145
2021-08-12 00:24:58,491 [Listener at 127.0.0.1/46733] INFO  server.Server (Server.java:doStart(375)) - jetty-9.4.43.v20210629; built: 2021-06-30T11:07:22.254Z; git: 526006ecfa3af7f1a27ef3a288e2bef7ea9dd7e8; jvm 1.8.0_292-b10
2021-08-12 00:24:58,491 [org.apache.ratis.util.JvmPauseMonitor$$Lambda$531/2042374570@2c97dbef] INFO  util.JvmPauseMonitor (JvmPauseMonitor.java:run(103)) - JvmPauseMonitor-ef23a805-c360-46f9-a5ff-61453c052e9c: Started
2021-08-12 00:24:58,534 [Listener at 127.0.0.1/46733] INFO  server.session (DefaultSessionIdManager.java:doStart(334)) - DefaultSessionIdManager workerName=node0
2021-08-12 00:24:58,535 [Listener at 127.0.0.1/46733] INFO  server.session (DefaultSessionIdManager.java:doStart(339)) - No SessionScavenger set, using defaults
2021-08-12 00:24:58,537 [Listener at 127.0.0.1/46733] INFO  server.session (HouseKeeper.java:startScavenging(132)) - node0 Scavenging every 600000ms
2021-08-12 00:24:58,537 [Listener at 127.0.0.1/46733] INFO  handler.ContextHandler (ContextHandler.java:doStart(915)) - Started o.e.j.s.ServletContextHandler@5b5b772d{logs,/logs,file:///home/runner/work/ozone/ozone/hadoop-ozone/integration-test/target/log,AVAILABLE}
2021-08-12 00:24:58,538 [Listener at 127.0.0.1/46733] INFO  handler.ContextHandler (ContextHandler.java:doStart(915)) - Started o.e.j.s.ServletContextHandler@5a390f13{static,/static,jar:file:/home/runner/.m2/repository/org/apache/ozone/hdds-container-service/1.2.0-SNAPSHOT/hdds-container-service-1.2.0-SNAPSHOT.jar!/webapps/static,AVAILABLE}
2021-08-12 00:24:58,629 [Listener at 127.0.0.1/46733] INFO  handler.ContextHandler (ContextHandler.java:doStart(915)) - Started o.e.j.w.WebAppContext@6cbe9c78{hddsDatanode,/,file:///tmp/jetty-0_0_0_0-34145-hdds-container-service-1_2_0-SNAPSHOT_jar-_-any-4655008343661648157/webapp/,AVAILABLE}{jar:file:/home/runner/.m2/repository/org/apache/ozone/hdds-container-service/1.2.0-SNAPSHOT/hdds-container-service-1.2.0-SNAPSHOT.jar!/webapps/hddsDatanode}
2021-08-12 00:24:58,653 [Listener at 127.0.0.1/46733] INFO  server.AbstractConnector (AbstractConnector.java:doStart(331)) - Started ServerConnector@7624ed3d{HTTP/1.1, (http/1.1)}{0.0.0.0:34145}
2021-08-12 00:24:58,654 [Listener at 127.0.0.1/46733] INFO  server.Server (Server.java:doStart(415)) - Started @94972ms
2021-08-12 00:24:58,654 [Listener at 127.0.0.1/46733] WARN  impl.MetricsSystemImpl (MetricsSystemImpl.java:register(279)) - Sink prometheus already exists!
2021-08-12 00:24:58,654 [Listener at 127.0.0.1/46733] INFO  http.BaseHttpServer (BaseHttpServer.java:updateConnectorAddress(329)) - HTTP server of hddsDatanode listening at http://0.0.0.0:34145
2021-08-12 00:24:58,655 [Listener at 127.0.0.1/46733] WARN  impl.MetricRegistriesImpl (MetricRegistriesImpl.java:addReporterRegistration(111)) - New reporters are added after registries were created. Some metrics will be missing from the reporter. Please add reporter before adding any new registry.
2021-08-12 00:24:58,655 [Listener at 127.0.0.1/46733] WARN  impl.MetricRegistriesImpl (MetricRegistriesImpl.java:addReporterRegistration(111)) - New reporters are added after registries were created. Some metrics will be missing from the reporter. Please add reporter before adding any new registry.
2021-08-12 00:24:58,655 [Listener at 127.0.0.1/46733] INFO  impl.MetricsSystemImpl (MetricsSystemImpl.java:init(158)) - HddsDatanode metrics system started (again)
2021-08-12 00:24:58,705 [Listener at 127.0.0.1/46733] INFO  ozone.HddsDatanodeService (HddsDatanodeService.java:start(234)) - HddsDatanodeService host:fv-az50-214.grzltbmokehuzjyc5b133kdqgh.cx.internal.cloudapp.net ip:10.1.0.56
2021-08-12 00:24:58,741 [org.apache.hadoop.util.JvmPauseMonitor$Monitor@4011c5cb] INFO  util.JvmPauseMonitor (JvmPauseMonitor.java:run(188)) - Starting JVM pause monitor
2021-08-12 00:24:58,745 [Listener at 127.0.0.1/46733] INFO  upgrade.AbstractLayoutVersionManager (AbstractLayoutVersionManager.java:init(70)) - Initializing Layout version manager with metadata layout = SCM_HA (version = 2), software layout = SCM_HA (version = 2)
2021-08-12 00:24:58,764 [Datanode State Machine Task Thread - 0] INFO  datanode.InitDatanodeState (InitDatanodeState.java:persistContainerDatanodeDetails(145)) - DatanodeDetails is persisted to /home/runner/work/ozone/ozone/hadoop-ozone/integration-test/target/test-dir/MiniOzoneClusterImpl-a42b6446-58ec-43bb-8d59-9c3f88cf101c/datanode-6/meta/datanode.id
2021-08-12 00:24:58,830 [Listener at 127.0.0.1/46733] INFO  reflections.Reflections (Reflections.java:scan(232)) - Reflections took 84 ms to scan 7 urls, producing 120 keys and 275 values 
2021-08-12 00:24:58,840 [Listener at 127.0.0.1/46733] INFO  volume.HddsVolume (HddsVolume.java:<init>(120)) - Creating HddsVolume: /home/runner/work/ozone/ozone/hadoop-ozone/integration-test/target/test-dir/MiniOzoneClusterImpl-a42b6446-58ec-43bb-8d59-9c3f88cf101c/datanode-7/data-0/containers/hdds of storage type : DISK capacity : 9223372036854775807
2021-08-12 00:24:58,840 [Listener at 127.0.0.1/46733] INFO  volume.MutableVolumeSet (MutableVolumeSet.java:initializeVolumeSet(181)) - Added Volume : /home/runner/work/ozone/ozone/hadoop-ozone/integration-test/target/test-dir/MiniOzoneClusterImpl-a42b6446-58ec-43bb-8d59-9c3f88cf101c/datanode-7/data-0/containers/hdds to VolumeSet
2021-08-12 00:24:58,841 [Listener at 127.0.0.1/46733] INFO  volume.ThrottledAsyncChecker (ThrottledAsyncChecker.java:schedule(141)) - Scheduling a check for /home/runner/work/ozone/ozone/hadoop-ozone/integration-test/target/test-dir/MiniOzoneClusterImpl-a42b6446-58ec-43bb-8d59-9c3f88cf101c/datanode-7/data-0/containers/hdds
2021-08-12 00:24:58,841 [Listener at 127.0.0.1/46733] INFO  volume.StorageVolumeChecker (StorageVolumeChecker.java:checkAllVolumes(202)) - Scheduled health check for volume /home/runner/work/ozone/ozone/hadoop-ozone/integration-test/target/test-dir/MiniOzoneClusterImpl-a42b6446-58ec-43bb-8d59-9c3f88cf101c/datanode-7/data-0/containers/hdds
2021-08-12 00:24:58,860 [Listener at 127.0.0.1/46733] INFO  volume.MutableVolumeSet (MutableVolumeSet.java:initializeVolumeSet(181)) - Added Volume : /home/runner/work/ozone/ozone/hadoop-ozone/integration-test/target/test-dir/MiniOzoneClusterImpl-a42b6446-58ec-43bb-8d59-9c3f88cf101c/datanode-7/data/ratis to VolumeSet
2021-08-12 00:24:58,860 [Listener at 127.0.0.1/46733] INFO  volume.ThrottledAsyncChecker (ThrottledAsyncChecker.java:schedule(141)) - Scheduling a check for /home/runner/work/ozone/ozone/hadoop-ozone/integration-test/target/test-dir/MiniOzoneClusterImpl-a42b6446-58ec-43bb-8d59-9c3f88cf101c/datanode-7/data/ratis
2021-08-12 00:24:58,860 [Listener at 127.0.0.1/46733] INFO  volume.StorageVolumeChecker (StorageVolumeChecker.java:checkAllVolumes(202)) - Scheduled health check for volume /home/runner/work/ozone/ozone/hadoop-ozone/integration-test/target/test-dir/MiniOzoneClusterImpl-a42b6446-58ec-43bb-8d59-9c3f88cf101c/datanode-7/data/ratis
2021-08-12 00:24:58,936 [Listener at 127.0.0.1/46733] INFO  ozoneimpl.ContainerReader (ContainerReader.java:<init>(98)) - Running in upgrade mode:true
2021-08-12 00:24:58,936 [Thread-819] INFO  ozoneimpl.ContainerReader (ContainerReader.java:readVolume(142)) - Start to verify containers on volume /home/runner/work/ozone/ozone/hadoop-ozone/integration-test/target/test-dir/MiniOzoneClusterImpl-a42b6446-58ec-43bb-8d59-9c3f88cf101c/datanode-7/data-0/containers/hdds
2021-08-12 00:24:58,937 [Thread-819] INFO  ozoneimpl.ContainerReader (ContainerReader.java:readVolume(174)) - Finish verifying containers on volume /home/runner/work/ozone/ozone/hadoop-ozone/integration-test/target/test-dir/MiniOzoneClusterImpl-a42b6446-58ec-43bb-8d59-9c3f88cf101c/datanode-7/data-0/containers/hdds
2021-08-12 00:24:58,937 [Listener at 127.0.0.1/46733] INFO  ozoneimpl.OzoneContainer (OzoneContainer.java:buildContainerSet(237)) - Build ContainerSet costs 0s
2021-08-12 00:24:58,945 [Listener at 127.0.0.1/46733] INFO  server.RaftServer (ConfUtils.java:logGet(44)) - raft.rpc.type = GRPC (default)
2021-08-12 00:24:58,945 [Listener at 127.0.0.1/46733] INFO  grpc.GrpcFactory (GrpcFactory.java:checkPooledByteBufAllocatorUseCacheForAllThreads(48)) - PERFORMANCE WARNING: useCacheForAllThreads is true that may cause Netty to create a lot garbage objects and, as a result, trigger GC.
	It is recommended to disable useCacheForAllThreads by setting -Dorg.apache.ratis.thirdparty.io.netty.allocator.useCacheForAllThreads=false in command line.
2021-08-12 00:24:58,945 [Listener at 127.0.0.1/46733] INFO  grpc.GrpcConfigKeys (ConfUtils.java:logGet(44)) - raft.grpc.admin.port = 0 (custom)
2021-08-12 00:24:58,945 [Listener at 127.0.0.1/46733] INFO  grpc.GrpcConfigKeys (ConfUtils.java:logGet(44)) - raft.grpc.client.port = 0 (custom)
2021-08-12 00:24:58,947 [Listener at 127.0.0.1/46733] INFO  grpc.GrpcConfigKeys (ConfUtils.java:logGet(44)) - raft.grpc.server.port = 0 (default)
2021-08-12 00:24:58,947 [Listener at 127.0.0.1/46733] INFO  server.GrpcService (ConfUtils.java:logGet(44)) - raft.grpc.message.size.max = 32MB (=33554432) (custom)
2021-08-12 00:24:58,947 [Listener at 127.0.0.1/46733] INFO  server.RaftServerConfigKeys (ConfUtils.java:logGet(44)) - raft.server.log.appender.buffer.byte-limit = 33554432 (custom)
2021-08-12 00:24:58,947 [Listener at 127.0.0.1/46733] INFO  server.GrpcService (ConfUtils.java:logGet(44)) - raft.grpc.flow.control.window = 5MB (=5242880) (custom)
2021-08-12 00:24:58,947 [Listener at 127.0.0.1/46733] INFO  server.RaftServerConfigKeys (ConfUtils.java:logGet(44)) - raft.server.rpc.request.timeout = 3000ms (default)
2021-08-12 00:24:58,948 [Listener at 127.0.0.1/46733] INFO  impl.DataStreamServerImpl (ConfUtils.java:logGet(44)) - raft.datastream.type = DISABLED (default)
2021-08-12 00:24:58,968 [Listener at 127.0.0.1/46733] INFO  server.RaftServerConfigKeys (ConfUtils.java:logGet(44)) - raft.server.rpc.slowness.timeout = 300000ms (custom)
2021-08-12 00:24:58,968 [Listener at 127.0.0.1/46733] INFO  server.RaftServerConfigKeys (ConfUtils.java:logGet(44)) - raft.server.leaderelection.leader.step-down.wait-time = 10s (default)
2021-08-12 00:24:58,968 [Listener at 127.0.0.1/46733] INFO  server.RaftServerConfigKeys (ConfUtils.java:logGet(44)) - raft.server.storage.dir = [/home/runner/work/ozone/ozone/hadoop-ozone/integration-test/target/test-dir/MiniOzoneClusterImpl-a42b6446-58ec-43bb-8d59-9c3f88cf101c/datanode-7/data/ratis] (custom)
2021-08-12 00:24:58,975 [Listener at 127.0.0.1/46733] INFO  http.BaseHttpServer (BaseHttpServer.java:newHttpServer2BuilderForOzone(209)) - Starting Web-server for hddsDatanode at: http://0.0.0.0:0
2021-08-12 00:24:58,975 [Listener at 127.0.0.1/46733] INFO  http.BaseHttpServer (BaseHttpServer.java:<init>(107)) - Hadoop Security Enabled: false Ozone Security Enabled: false Ozone HTTP Security Enabled: false 
2021-08-12 00:24:58,977 [Listener at 127.0.0.1/46733] INFO  server.AuthenticationFilter (AuthenticationFilter.java:constructSecretProvider(240)) - Unable to initialize FileSignerSecretProvider, falling back to use random secrets.
2021-08-12 00:24:58,977 [Listener at 127.0.0.1/46733] WARN  http.HttpRequestLog (HttpRequestLog.java:getRequestLog(103)) - Jetty request log can only be enabled using Log4j
2021-08-12 00:24:58,978 [Listener at 127.0.0.1/46733] INFO  http.HttpServer2 (HttpServer2.java:addGlobalFilter(1020)) - Added global filter 'safety' (class=org.apache.hadoop.hdds.server.http.HttpServer2$QuotingInputFilter)
2021-08-12 00:24:58,978 [Listener at 127.0.0.1/46733] INFO  http.HttpServer2 (HttpServer2.java:addFilter(996)) - Added filter static_user_filter (class=org.apache.hadoop.http.lib.StaticUserWebFilter$StaticUserFilter) to context hddsDatanode
2021-08-12 00:24:58,978 [Listener at 127.0.0.1/46733] INFO  http.HttpServer2 (HttpServer2.java:addFilter(1004)) - Added filter static_user_filter (class=org.apache.hadoop.http.lib.StaticUserWebFilter$StaticUserFilter) to context static
2021-08-12 00:24:58,979 [Listener at 127.0.0.1/46733] INFO  http.HttpServer2 (HttpServer2.java:addFilter(1004)) - Added filter static_user_filter (class=org.apache.hadoop.http.lib.StaticUserWebFilter$StaticUserFilter) to context logs
2021-08-12 00:24:58,979 [Listener at 127.0.0.1/46733] INFO  http.HttpServer2 (HttpServer2.java:bindListener(1239)) - Jetty bound to port 39151
2021-08-12 00:24:58,979 [Listener at 127.0.0.1/46733] INFO  server.Server (Server.java:doStart(375)) - jetty-9.4.43.v20210629; built: 2021-06-30T11:07:22.254Z; git: 526006ecfa3af7f1a27ef3a288e2bef7ea9dd7e8; jvm 1.8.0_292-b10
2021-08-12 00:24:59,016 [Listener at 127.0.0.1/46733] INFO  server.session (DefaultSessionIdManager.java:doStart(334)) - DefaultSessionIdManager workerName=node0
2021-08-12 00:24:59,016 [Listener at 127.0.0.1/46733] INFO  server.session (DefaultSessionIdManager.java:doStart(339)) - No SessionScavenger set, using defaults
2021-08-12 00:24:59,016 [Listener at 127.0.0.1/46733] INFO  server.session (HouseKeeper.java:startScavenging(132)) - node0 Scavenging every 660000ms
2021-08-12 00:24:59,017 [Listener at 127.0.0.1/46733] INFO  handler.ContextHandler (ContextHandler.java:doStart(915)) - Started o.e.j.s.ServletContextHandler@4d0408bc{logs,/logs,file:///home/runner/work/ozone/ozone/hadoop-ozone/integration-test/target/log,AVAILABLE}
2021-08-12 00:24:59,017 [Listener at 127.0.0.1/46733] INFO  handler.ContextHandler (ContextHandler.java:doStart(915)) - Started o.e.j.s.ServletContextHandler@5cf827da{static,/static,jar:file:/home/runner/.m2/repository/org/apache/ozone/hdds-container-service/1.2.0-SNAPSHOT/hdds-container-service-1.2.0-SNAPSHOT.jar!/webapps/static,AVAILABLE}
2021-08-12 00:24:59,142 [EndpointStateMachine task thread for /0.0.0.0:33263 - 0 ] INFO  ozoneimpl.OzoneContainer (OzoneContainer.java:start(305)) - Attempting to start container services.
2021-08-12 00:24:59,142 [EndpointStateMachine task thread for /0.0.0.0:33263 - 0 ] INFO  ozoneimpl.OzoneContainer (OzoneContainer.java:startContainerScrub(250)) - Background container scanner has been disabled.
2021-08-12 00:24:59,143 [EndpointStateMachine task thread for /0.0.0.0:33263 - 0 ] INFO  replication.ReplicationServer (ReplicationServer.java:start(106)) - ReplicationServer is started using port 40705
2021-08-12 00:24:59,150 [IPC Server handler 17 on default port 33263] INFO  net.NetworkTopologyImpl (NetworkTopologyImpl.java:add(112)) - Added a new node: /default-rack/5b202ae5-680d-43fe-be69-63ca12314317
2021-08-12 00:24:59,150 [IPC Server handler 17 on default port 33263] INFO  node.SCMNodeManager (SCMNodeManager.java:register(390)) - Registered Data node : 5b202ae5-680d-43fe-be69-63ca12314317{ip: 10.1.0.56, host: fv-az50-214.grzltbmokehuzjyc5b133kdqgh.cx.internal.cloudapp.net, ports: [REPLICATION=36277, RATIS=39647, RATIS_ADMIN=39647, RATIS_SERVER=39647, STANDALONE=39917], networkLocation: /default-rack, certSerialId: null, persistedOpState: null, persistedOpStateExpiryEpochSec: 0}
2021-08-12 00:24:59,175 [EndpointStateMachine task thread for /0.0.0.0:33263 - 0 ] INFO  ratis.XceiverServerRatis (XceiverServerRatis.java:start(482)) - Starting XceiverServerRatis a86274cb-40c2-4f1a-b613-7c28a9d8bee7
2021-08-12 00:24:59,176 [Listener at 127.0.0.1/46733] INFO  handler.ContextHandler (ContextHandler.java:doStart(915)) - Started o.e.j.w.WebAppContext@72893ee0{hddsDatanode,/,file:///tmp/jetty-0_0_0_0-39151-hdds-container-service-1_2_0-SNAPSHOT_jar-_-any-4089780339752519544/webapp/,AVAILABLE}{jar:file:/home/runner/.m2/repository/org/apache/ozone/hdds-container-service/1.2.0-SNAPSHOT/hdds-container-service-1.2.0-SNAPSHOT.jar!/webapps/hddsDatanode}
2021-08-12 00:24:59,190 [EndpointStateMachine task thread for /0.0.0.0:33263 - 0 ] INFO  server.RaftServer (RaftServerProxy.java:lambda$start$5(374)) - a86274cb-40c2-4f1a-b613-7c28a9d8bee7: start RPC server
2021-08-12 00:24:59,193 [Listener at 127.0.0.1/46733] INFO  server.AbstractConnector (AbstractConnector.java:doStart(331)) - Started ServerConnector@208e2fd{HTTP/1.1, (http/1.1)}{0.0.0.0:39151}
2021-08-12 00:24:59,193 [Listener at 127.0.0.1/46733] INFO  server.Server (Server.java:doStart(415)) - Started @95511ms
2021-08-12 00:24:59,194 [Listener at 127.0.0.1/46733] WARN  impl.MetricsSystemImpl (MetricsSystemImpl.java:register(279)) - Sink prometheus already exists!
2021-08-12 00:24:59,194 [Listener at 127.0.0.1/46733] INFO  http.BaseHttpServer (BaseHttpServer.java:updateConnectorAddress(329)) - HTTP server of hddsDatanode listening at http://0.0.0.0:39151
2021-08-12 00:24:59,194 [EventQueue-NodeRegistrationContainerReportForDataNodeSafeModeRule] INFO  safemode.SCMSafeModeManager (DataNodeSafeModeRule.java:process(71)) - SCM in safe mode. 1 DataNodes registered, 3 required.
2021-08-12 00:24:59,195 [EventQueue-NodeRegistrationContainerReportForContainerSafeModeRule] INFO  safemode.SCMSafeModeManager (SCMSafeModeManager.java:validateSafeModeExitRules(204)) - ContainerSafeModeRule rule is successfully validated
2021-08-12 00:24:59,209 [EndpointStateMachine task thread for /0.0.0.0:33263 - 0 ] INFO  server.GrpcService (GrpcService.java:startImpl(253)) - a86274cb-40c2-4f1a-b613-7c28a9d8bee7: GrpcService started, listening on 37903
2021-08-12 00:24:59,214 [EndpointStateMachine task thread for /0.0.0.0:33263 - 0 ] INFO  ratis.XceiverServerRatis (XceiverServerRatis.java:getRealPort(503)) - XceiverServerRatis a86274cb-40c2-4f1a-b613-7c28a9d8bee7 is started using port 37903 for RATIS
2021-08-12 00:24:59,215 [EndpointStateMachine task thread for /0.0.0.0:33263 - 0 ] INFO  ratis.XceiverServerRatis (XceiverServerRatis.java:getRealPort(503)) - XceiverServerRatis a86274cb-40c2-4f1a-b613-7c28a9d8bee7 is started using port 37903 for RATIS_ADMIN
2021-08-12 00:24:59,215 [EndpointStateMachine task thread for /0.0.0.0:33263 - 0 ] INFO  ratis.XceiverServerRatis (XceiverServerRatis.java:getRealPort(503)) - XceiverServerRatis a86274cb-40c2-4f1a-b613-7c28a9d8bee7 is started using port 37903 for RATIS_SERVER
2021-08-12 00:24:59,218 [EndpointStateMachine task thread for /0.0.0.0:33263 - 0 ] INFO  server.XceiverServerGrpc (XceiverServerGrpc.java:start(135)) - XceiverServerGrpc a86274cb-40c2-4f1a-b613-7c28a9d8bee7 is started using port 33247
2021-08-12 00:24:59,219 [org.apache.ratis.util.JvmPauseMonitor$$Lambda$531/2042374570@45810ed0] INFO  util.JvmPauseMonitor (JvmPauseMonitor.java:run(103)) - JvmPauseMonitor-a86274cb-40c2-4f1a-b613-7c28a9d8bee7: Started
2021-08-12 00:24:59,219 [Listener at 127.0.0.1/46733] WARN  impl.MetricRegistriesImpl (MetricRegistriesImpl.java:addReporterRegistration(111)) - New reporters are added after registries were created. Some metrics will be missing from the reporter. Please add reporter before adding any new registry.
2021-08-12 00:24:59,219 [Listener at 127.0.0.1/46733] WARN  impl.MetricRegistriesImpl (MetricRegistriesImpl.java:addReporterRegistration(111)) - New reporters are added after registries were created. Some metrics will be missing from the reporter. Please add reporter before adding any new registry.
2021-08-12 00:24:59,220 [Listener at 127.0.0.1/46733] INFO  impl.MetricsSystemImpl (MetricsSystemImpl.java:init(158)) - HddsDatanode metrics system started (again)
2021-08-12 00:24:59,238 [EventQueue-NewNodeForNewNodeHandler] INFO  pipeline.BackgroundPipelineCreator (BackgroundPipelineCreatorV2.java:notifyEventTriggered(285)) - trigger a one-shot run on RatisPipelineUtilsThread.
2021-08-12 00:24:59,238 [RatisPipelineUtilsThread - 0] INFO  pipeline.RatisPipelineProvider (RatisPipelineProvider.java:lambda$create$0(183)) - Sending CreatePipelineCommand for pipeline:PipelineID=9467a0b6-e570-4e88-aa71-ec826c6f44a4 to datanode:5b202ae5-680d-43fe-be69-63ca12314317
2021-08-12 00:24:59,240 [EventQueue-PipelineReportForOneReplicaPipelineSafeModeRule] INFO  safemode.SCMSafeModeManager (SCMSafeModeManager.java:validateSafeModeExitRules(204)) - AtleastOneDatanodeReportedRule rule is successfully validated
2021-08-12 00:24:59,241 [RatisPipelineUtilsThread - 0] INFO  pipeline.PipelineStateManager (PipelineStateManagerV2Impl.java:addPipeline(101)) - Created pipeline Pipeline[ Id: 9467a0b6-e570-4e88-aa71-ec826c6f44a4, Nodes: 5b202ae5-680d-43fe-be69-63ca12314317{ip: 10.1.0.56, host: fv-az50-214.grzltbmokehuzjyc5b133kdqgh.cx.internal.cloudapp.net, ports: [REPLICATION=36277, RATIS=39647, RATIS_ADMIN=39647, RATIS_SERVER=39647, STANDALONE=39917], networkLocation: /default-rack, certSerialId: null, persistedOpState: IN_SERVICE, persistedOpStateExpiryEpochSec: 0}, ReplicationConfig: RATIS/ONE, State:ALLOCATED, leaderId:, CreationTimestamp2021-08-12T00:24:59.238Z[Etc/UTC]].
2021-08-12 00:24:59,277 [org.apache.hadoop.util.JvmPauseMonitor$Monitor@769d09d6] INFO  util.JvmPauseMonitor (JvmPauseMonitor.java:run(188)) - Starting JVM pause monitor
2021-08-12 00:24:59,296 [Listener at 127.0.0.1/46733] INFO  ozone.HddsDatanodeService (HddsDatanodeService.java:start(234)) - HddsDatanodeService host:fv-az50-214.grzltbmokehuzjyc5b133kdqgh.cx.internal.cloudapp.net ip:10.1.0.56
2021-08-12 00:24:59,313 [Datanode State Machine Task Thread - 0] INFO  datanode.InitDatanodeState (InitDatanodeState.java:persistContainerDatanodeDetails(145)) - DatanodeDetails is persisted to /home/runner/work/ozone/ozone/hadoop-ozone/integration-test/target/test-dir/MiniOzoneClusterImpl-a42b6446-58ec-43bb-8d59-9c3f88cf101c/datanode-7/meta/datanode.id
2021-08-12 00:24:59,368 [Listener at 127.0.0.1/46733] INFO  upgrade.AbstractLayoutVersionManager (AbstractLayoutVersionManager.java:init(70)) - Initializing Layout version manager with metadata layout = SCM_HA (version = 2), software layout = SCM_HA (version = 2)
2021-08-12 00:24:59,504 [Listener at 127.0.0.1/46733] INFO  reflections.Reflections (Reflections.java:scan(232)) - Reflections took 134 ms to scan 7 urls, producing 120 keys and 275 values 
2021-08-12 00:24:59,515 [Listener at 127.0.0.1/46733] INFO  volume.HddsVolume (HddsVolume.java:<init>(120)) - Creating HddsVolume: /home/runner/work/ozone/ozone/hadoop-ozone/integration-test/target/test-dir/MiniOzoneClusterImpl-a42b6446-58ec-43bb-8d59-9c3f88cf101c/datanode-8/data-0/containers/hdds of storage type : DISK capacity : 9223372036854775807
2021-08-12 00:24:59,515 [Listener at 127.0.0.1/46733] INFO  volume.MutableVolumeSet (MutableVolumeSet.java:initializeVolumeSet(181)) - Added Volume : /home/runner/work/ozone/ozone/hadoop-ozone/integration-test/target/test-dir/MiniOzoneClusterImpl-a42b6446-58ec-43bb-8d59-9c3f88cf101c/datanode-8/data-0/containers/hdds to VolumeSet
2021-08-12 00:24:59,515 [Listener at 127.0.0.1/46733] INFO  volume.ThrottledAsyncChecker (ThrottledAsyncChecker.java:schedule(141)) - Scheduling a check for /home/runner/work/ozone/ozone/hadoop-ozone/integration-test/target/test-dir/MiniOzoneClusterImpl-a42b6446-58ec-43bb-8d59-9c3f88cf101c/datanode-8/data-0/containers/hdds
2021-08-12 00:24:59,519 [Listener at 127.0.0.1/46733] INFO  volume.StorageVolumeChecker (StorageVolumeChecker.java:checkAllVolumes(202)) - Scheduled health check for volume /home/runner/work/ozone/ozone/hadoop-ozone/integration-test/target/test-dir/MiniOzoneClusterImpl-a42b6446-58ec-43bb-8d59-9c3f88cf101c/datanode-8/data-0/containers/hdds
2021-08-12 00:24:59,542 [Listener at 127.0.0.1/46733] INFO  volume.MutableVolumeSet (MutableVolumeSet.java:initializeVolumeSet(181)) - Added Volume : /home/runner/work/ozone/ozone/hadoop-ozone/integration-test/target/test-dir/MiniOzoneClusterImpl-a42b6446-58ec-43bb-8d59-9c3f88cf101c/datanode-8/data/ratis to VolumeSet
2021-08-12 00:24:59,542 [Listener at 127.0.0.1/46733] INFO  volume.ThrottledAsyncChecker (ThrottledAsyncChecker.java:schedule(141)) - Scheduling a check for /home/runner/work/ozone/ozone/hadoop-ozone/integration-test/target/test-dir/MiniOzoneClusterImpl-a42b6446-58ec-43bb-8d59-9c3f88cf101c/datanode-8/data/ratis
2021-08-12 00:24:59,542 [Listener at 127.0.0.1/46733] INFO  volume.StorageVolumeChecker (StorageVolumeChecker.java:checkAllVolumes(202)) - Scheduled health check for volume /home/runner/work/ozone/ozone/hadoop-ozone/integration-test/target/test-dir/MiniOzoneClusterImpl-a42b6446-58ec-43bb-8d59-9c3f88cf101c/datanode-8/data/ratis
2021-08-12 00:24:59,554 [Listener at 127.0.0.1/46733] INFO  ozoneimpl.ContainerReader (ContainerReader.java:<init>(98)) - Running in upgrade mode:true
2021-08-12 00:24:59,555 [Thread-841] INFO  ozoneimpl.ContainerReader (ContainerReader.java:readVolume(142)) - Start to verify containers on volume /home/runner/work/ozone/ozone/hadoop-ozone/integration-test/target/test-dir/MiniOzoneClusterImpl-a42b6446-58ec-43bb-8d59-9c3f88cf101c/datanode-8/data-0/containers/hdds
2021-08-12 00:24:59,555 [Thread-841] INFO  ozoneimpl.ContainerReader (ContainerReader.java:readVolume(174)) - Finish verifying containers on volume /home/runner/work/ozone/ozone/hadoop-ozone/integration-test/target/test-dir/MiniOzoneClusterImpl-a42b6446-58ec-43bb-8d59-9c3f88cf101c/datanode-8/data-0/containers/hdds
2021-08-12 00:24:59,555 [Listener at 127.0.0.1/46733] INFO  ozoneimpl.OzoneContainer (OzoneContainer.java:buildContainerSet(237)) - Build ContainerSet costs 0s
2021-08-12 00:24:59,568 [Listener at 127.0.0.1/46733] INFO  server.RaftServer (ConfUtils.java:logGet(44)) - raft.rpc.type = GRPC (default)
2021-08-12 00:24:59,569 [Listener at 127.0.0.1/46733] INFO  grpc.GrpcFactory (GrpcFactory.java:checkPooledByteBufAllocatorUseCacheForAllThreads(48)) - PERFORMANCE WARNING: useCacheForAllThreads is true that may cause Netty to create a lot garbage objects and, as a result, trigger GC.
	It is recommended to disable useCacheForAllThreads by setting -Dorg.apache.ratis.thirdparty.io.netty.allocator.useCacheForAllThreads=false in command line.
2021-08-12 00:24:59,569 [Listener at 127.0.0.1/46733] INFO  grpc.GrpcConfigKeys (ConfUtils.java:logGet(44)) - raft.grpc.admin.port = 0 (custom)
2021-08-12 00:24:59,570 [Listener at 127.0.0.1/46733] INFO  grpc.GrpcConfigKeys (ConfUtils.java:logGet(44)) - raft.grpc.client.port = 0 (custom)
2021-08-12 00:24:59,570 [Listener at 127.0.0.1/46733] INFO  grpc.GrpcConfigKeys (ConfUtils.java:logGet(44)) - raft.grpc.server.port = 0 (default)
2021-08-12 00:24:59,570 [Listener at 127.0.0.1/46733] INFO  server.GrpcService (ConfUtils.java:logGet(44)) - raft.grpc.message.size.max = 32MB (=33554432) (custom)
2021-08-12 00:24:59,570 [Listener at 127.0.0.1/46733] INFO  server.RaftServerConfigKeys (ConfUtils.java:logGet(44)) - raft.server.log.appender.buffer.byte-limit = 33554432 (custom)
2021-08-12 00:24:59,570 [Listener at 127.0.0.1/46733] INFO  server.GrpcService (ConfUtils.java:logGet(44)) - raft.grpc.flow.control.window = 5MB (=5242880) (custom)
2021-08-12 00:24:59,571 [Listener at 127.0.0.1/46733] INFO  server.RaftServerConfigKeys (ConfUtils.java:logGet(44)) - raft.server.rpc.request.timeout = 3000ms (default)
2021-08-12 00:24:59,572 [Listener at 127.0.0.1/46733] INFO  impl.DataStreamServerImpl (ConfUtils.java:logGet(44)) - raft.datastream.type = DISABLED (default)
2021-08-12 00:24:59,572 [Listener at 127.0.0.1/46733] INFO  server.RaftServerConfigKeys (ConfUtils.java:logGet(44)) - raft.server.rpc.slowness.timeout = 300000ms (custom)
2021-08-12 00:24:59,572 [Listener at 127.0.0.1/46733] INFO  server.RaftServerConfigKeys (ConfUtils.java:logGet(44)) - raft.server.leaderelection.leader.step-down.wait-time = 10s (default)
2021-08-12 00:24:59,573 [Listener at 127.0.0.1/46733] INFO  server.RaftServerConfigKeys (ConfUtils.java:logGet(44)) - raft.server.storage.dir = [/home/runner/work/ozone/ozone/hadoop-ozone/integration-test/target/test-dir/MiniOzoneClusterImpl-a42b6446-58ec-43bb-8d59-9c3f88cf101c/datanode-8/data/ratis] (custom)
2021-08-12 00:24:59,588 [Listener at 127.0.0.1/46733] INFO  http.BaseHttpServer (BaseHttpServer.java:newHttpServer2BuilderForOzone(209)) - Starting Web-server for hddsDatanode at: http://0.0.0.0:0
2021-08-12 00:24:59,589 [Listener at 127.0.0.1/46733] INFO  http.BaseHttpServer (BaseHttpServer.java:<init>(107)) - Hadoop Security Enabled: false Ozone Security Enabled: false Ozone HTTP Security Enabled: false 
2021-08-12 00:24:59,592 [Listener at 127.0.0.1/46733] INFO  server.AuthenticationFilter (AuthenticationFilter.java:constructSecretProvider(240)) - Unable to initialize FileSignerSecretProvider, falling back to use random secrets.
2021-08-12 00:24:59,595 [Listener at 127.0.0.1/46733] WARN  http.HttpRequestLog (HttpRequestLog.java:getRequestLog(103)) - Jetty request log can only be enabled using Log4j
2021-08-12 00:24:59,597 [Listener at 127.0.0.1/46733] INFO  http.HttpServer2 (HttpServer2.java:addGlobalFilter(1020)) - Added global filter 'safety' (class=org.apache.hadoop.hdds.server.http.HttpServer2$QuotingInputFilter)
2021-08-12 00:24:59,598 [Listener at 127.0.0.1/46733] INFO  http.HttpServer2 (HttpServer2.java:addFilter(996)) - Added filter static_user_filter (class=org.apache.hadoop.http.lib.StaticUserWebFilter$StaticUserFilter) to context hddsDatanode
2021-08-12 00:24:59,598 [Listener at 127.0.0.1/46733] INFO  http.HttpServer2 (HttpServer2.java:addFilter(1004)) - Added filter static_user_filter (class=org.apache.hadoop.http.lib.StaticUserWebFilter$StaticUserFilter) to context static
2021-08-12 00:24:59,598 [Listener at 127.0.0.1/46733] INFO  http.HttpServer2 (HttpServer2.java:addFilter(1004)) - Added filter static_user_filter (class=org.apache.hadoop.http.lib.StaticUserWebFilter$StaticUserFilter) to context logs
2021-08-12 00:24:59,599 [Listener at 127.0.0.1/46733] INFO  http.HttpServer2 (HttpServer2.java:bindListener(1239)) - Jetty bound to port 37629
2021-08-12 00:24:59,600 [Listener at 127.0.0.1/46733] INFO  server.Server (Server.java:doStart(375)) - jetty-9.4.43.v20210629; built: 2021-06-30T11:07:22.254Z; git: 526006ecfa3af7f1a27ef3a288e2bef7ea9dd7e8; jvm 1.8.0_292-b10
2021-08-12 00:24:59,660 [Listener at 127.0.0.1/46733] INFO  server.session (DefaultSessionIdManager.java:doStart(334)) - DefaultSessionIdManager workerName=node0
2021-08-12 00:24:59,660 [Listener at 127.0.0.1/46733] INFO  server.session (DefaultSessionIdManager.java:doStart(339)) - No SessionScavenger set, using defaults
2021-08-12 00:24:59,660 [Listener at 127.0.0.1/46733] INFO  server.session (HouseKeeper.java:startScavenging(132)) - node0 Scavenging every 660000ms
2021-08-12 00:24:59,661 [Listener at 127.0.0.1/46733] INFO  handler.ContextHandler (ContextHandler.java:doStart(915)) - Started o.e.j.s.ServletContextHandler@bc21b3f{logs,/logs,file:///home/runner/work/ozone/ozone/hadoop-ozone/integration-test/target/log,AVAILABLE}
2021-08-12 00:24:59,661 [Listener at 127.0.0.1/46733] INFO  handler.ContextHandler (ContextHandler.java:doStart(915)) - Started o.e.j.s.ServletContextHandler@28c14224{static,/static,jar:file:/home/runner/.m2/repository/org/apache/ozone/hdds-container-service/1.2.0-SNAPSHOT/hdds-container-service-1.2.0-SNAPSHOT.jar!/webapps/static,AVAILABLE}
2021-08-12 00:24:59,698 [EndpointStateMachine task thread for /0.0.0.0:33263 - 0 ] INFO  ozoneimpl.OzoneContainer (OzoneContainer.java:start(305)) - Attempting to start container services.
2021-08-12 00:24:59,698 [EndpointStateMachine task thread for /0.0.0.0:33263 - 0 ] INFO  ozoneimpl.OzoneContainer (OzoneContainer.java:startContainerScrub(250)) - Background container scanner has been disabled.
2021-08-12 00:24:59,699 [EndpointStateMachine task thread for /0.0.0.0:33263 - 0 ] INFO  replication.ReplicationServer (ReplicationServer.java:start(106)) - ReplicationServer is started using port 42837
2021-08-12 00:24:59,700 [EndpointStateMachine task thread for /0.0.0.0:33263 - 0 ] INFO  ratis.XceiverServerRatis (XceiverServerRatis.java:start(482)) - Starting XceiverServerRatis b53c0c0f-3814-44ae-9b6f-5cd1e5f5cab0
2021-08-12 00:24:59,701 [EndpointStateMachine task thread for /0.0.0.0:33263 - 0 ] INFO  server.RaftServer (RaftServerProxy.java:lambda$start$5(374)) - b53c0c0f-3814-44ae-9b6f-5cd1e5f5cab0: start RPC server
2021-08-12 00:24:59,711 [EndpointStateMachine task thread for /0.0.0.0:33263 - 0 ] INFO  server.GrpcService (GrpcService.java:startImpl(253)) - b53c0c0f-3814-44ae-9b6f-5cd1e5f5cab0: GrpcService started, listening on 35731
2021-08-12 00:24:59,728 [EndpointStateMachine task thread for /0.0.0.0:33263 - 0 ] INFO  ratis.XceiverServerRatis (XceiverServerRatis.java:getRealPort(503)) - XceiverServerRatis b53c0c0f-3814-44ae-9b6f-5cd1e5f5cab0 is started using port 35731 for RATIS
2021-08-12 00:24:59,728 [EndpointStateMachine task thread for /0.0.0.0:33263 - 0 ] INFO  ratis.XceiverServerRatis (XceiverServerRatis.java:getRealPort(503)) - XceiverServerRatis b53c0c0f-3814-44ae-9b6f-5cd1e5f5cab0 is started using port 35731 for RATIS_ADMIN
2021-08-12 00:24:59,729 [EndpointStateMachine task thread for /0.0.0.0:33263 - 0 ] INFO  ratis.XceiverServerRatis (XceiverServerRatis.java:getRealPort(503)) - XceiverServerRatis b53c0c0f-3814-44ae-9b6f-5cd1e5f5cab0 is started using port 35731 for RATIS_SERVER
2021-08-12 00:24:59,729 [EndpointStateMachine task thread for /0.0.0.0:33263 - 0 ] INFO  server.XceiverServerGrpc (XceiverServerGrpc.java:start(135)) - XceiverServerGrpc b53c0c0f-3814-44ae-9b6f-5cd1e5f5cab0 is started using port 40969
2021-08-12 00:24:59,729 [org.apache.ratis.util.JvmPauseMonitor$$Lambda$531/2042374570@627cbb77] INFO  util.JvmPauseMonitor (JvmPauseMonitor.java:run(103)) - JvmPauseMonitor-b53c0c0f-3814-44ae-9b6f-5cd1e5f5cab0: Started
2021-08-12 00:24:59,745 [IPC Server handler 17 on default port 33263] INFO  net.NetworkTopologyImpl (NetworkTopologyImpl.java:add(112)) - Added a new node: /default-rack/c2eb00da-4d4a-4ac5-8b23-45ecd8b85c7f
2021-08-12 00:24:59,745 [IPC Server handler 17 on default port 33263] INFO  node.SCMNodeManager (SCMNodeManager.java:register(390)) - Registered Data node : c2eb00da-4d4a-4ac5-8b23-45ecd8b85c7f{ip: 10.1.0.56, host: fv-az50-214.grzltbmokehuzjyc5b133kdqgh.cx.internal.cloudapp.net, ports: [REPLICATION=34579, RATIS=41045, RATIS_ADMIN=41045, RATIS_SERVER=41045, STANDALONE=33705], networkLocation: /default-rack, certSerialId: null, persistedOpState: null, persistedOpStateExpiryEpochSec: 0}
2021-08-12 00:24:59,745 [EventQueue-NewNodeForNewNodeHandler] INFO  pipeline.BackgroundPipelineCreator (BackgroundPipelineCreatorV2.java:notifyEventTriggered(285)) - trigger a one-shot run on RatisPipelineUtilsThread.
2021-08-12 00:24:59,750 [EventQueue-NodeRegistrationContainerReportForDataNodeSafeModeRule] INFO  safemode.SCMSafeModeManager (DataNodeSafeModeRule.java:process(71)) - SCM in safe mode. 2 DataNodes registered, 3 required.
2021-08-12 00:24:59,776 [RatisPipelineUtilsThread - 0] INFO  pipeline.RatisPipelineProvider (RatisPipelineProvider.java:lambda$create$0(183)) - Sending CreatePipelineCommand for pipeline:PipelineID=6b8ada74-73ff-4031-a801-594d4ea65469 to datanode:c2eb00da-4d4a-4ac5-8b23-45ecd8b85c7f
2021-08-12 00:24:59,777 [RatisPipelineUtilsThread - 0] INFO  pipeline.PipelineStateManager (PipelineStateManagerV2Impl.java:addPipeline(101)) - Created pipeline Pipeline[ Id: 6b8ada74-73ff-4031-a801-594d4ea65469, Nodes: c2eb00da-4d4a-4ac5-8b23-45ecd8b85c7f{ip: 10.1.0.56, host: fv-az50-214.grzltbmokehuzjyc5b133kdqgh.cx.internal.cloudapp.net, ports: [REPLICATION=34579, RATIS=41045, RATIS_ADMIN=41045, RATIS_SERVER=41045, STANDALONE=33705], networkLocation: /default-rack, certSerialId: null, persistedOpState: IN_SERVICE, persistedOpStateExpiryEpochSec: 0}, ReplicationConfig: RATIS/ONE, State:ALLOCATED, leaderId:, CreationTimestamp2021-08-12T00:24:59.776Z[Etc/UTC]].
2021-08-12 00:24:59,803 [Listener at 127.0.0.1/46733] INFO  handler.ContextHandler (ContextHandler.java:doStart(915)) - Started o.e.j.w.WebAppContext@6518c2a0{hddsDatanode,/,file:///tmp/jetty-0_0_0_0-37629-hdds-container-service-1_2_0-SNAPSHOT_jar-_-any-1178313541142938490/webapp/,AVAILABLE}{jar:file:/home/runner/.m2/repository/org/apache/ozone/hdds-container-service/1.2.0-SNAPSHOT/hdds-container-service-1.2.0-SNAPSHOT.jar!/webapps/hddsDatanode}
2021-08-12 00:24:59,806 [Listener at 127.0.0.1/46733] INFO  server.AbstractConnector (AbstractConnector.java:doStart(331)) - Started ServerConnector@541d4e7f{HTTP/1.1, (http/1.1)}{0.0.0.0:37629}
2021-08-12 00:24:59,806 [Listener at 127.0.0.1/46733] INFO  server.Server (Server.java:doStart(415)) - Started @96124ms
2021-08-12 00:24:59,807 [Listener at 127.0.0.1/46733] WARN  impl.MetricsSystemImpl (MetricsSystemImpl.java:register(279)) - Sink prometheus already exists!
2021-08-12 00:24:59,807 [Listener at 127.0.0.1/46733] INFO  http.BaseHttpServer (BaseHttpServer.java:updateConnectorAddress(329)) - HTTP server of hddsDatanode listening at http://0.0.0.0:37629
2021-08-12 00:24:59,808 [Listener at 127.0.0.1/46733] INFO  ozone.MiniOzoneClusterImpl (MiniOzoneClusterImpl.java:lambda$waitForClusterToBeReady$0(235)) - Waiting for nodes to be ready. Got 2 of 9 DN Heartbeats.
2021-08-12 00:24:59,808 [Listener at 127.0.0.1/46733] INFO  ozone.MiniOzoneClusterImpl (MiniOzoneClusterImpl.java:lambda$waitForClusterToBeReady$0(238)) - Waiting for cluster to exit safe mode
2021-08-12 00:24:59,808 [Listener at 127.0.0.1/46733] INFO  ozone.MiniOzoneClusterImpl (MiniOzoneClusterImpl.java:lambda$waitForClusterToBeReady$0(240)) - SCM became leader
2021-08-12 00:24:59,844 [Datanode State Machine Task Thread - 0] INFO  datanode.InitDatanodeState (InitDatanodeState.java:persistContainerDatanodeDetails(145)) - DatanodeDetails is persisted to /home/runner/work/ozone/ozone/hadoop-ozone/integration-test/target/test-dir/MiniOzoneClusterImpl-a42b6446-58ec-43bb-8d59-9c3f88cf101c/datanode-8/meta/datanode.id
2021-08-12 00:24:59,851 [org.apache.hadoop.util.JvmPauseMonitor$Monitor@db34052] INFO  util.JvmPauseMonitor (JvmPauseMonitor.java:run(188)) - Starting JVM pause monitor
2021-08-12 00:25:00,184 [EndpointStateMachine task thread for /0.0.0.0:33263 - 0 ] INFO  ozoneimpl.OzoneContainer (OzoneContainer.java:start(305)) - Attempting to start container services.
2021-08-12 00:25:00,185 [EndpointStateMachine task thread for /0.0.0.0:33263 - 0 ] INFO  ozoneimpl.OzoneContainer (OzoneContainer.java:startContainerScrub(250)) - Background container scanner has been disabled.
2021-08-12 00:25:00,185 [EndpointStateMachine task thread for /0.0.0.0:33263 - 0 ] INFO  replication.ReplicationServer (ReplicationServer.java:start(106)) - ReplicationServer is started using port 46479
2021-08-12 00:25:00,194 [EndpointStateMachine task thread for /0.0.0.0:33263 - 0 ] INFO  ratis.XceiverServerRatis (XceiverServerRatis.java:start(482)) - Starting XceiverServerRatis aa96c139-029c-4c26-b56b-b3e0db2a81f3
2021-08-12 00:25:00,195 [EndpointStateMachine task thread for /0.0.0.0:33263 - 0 ] INFO  server.RaftServer (RaftServerProxy.java:lambda$start$5(374)) - aa96c139-029c-4c26-b56b-b3e0db2a81f3: start RPC server
2021-08-12 00:25:00,196 [EndpointStateMachine task thread for /0.0.0.0:33263 - 0 ] INFO  server.GrpcService (GrpcService.java:startImpl(253)) - aa96c139-029c-4c26-b56b-b3e0db2a81f3: GrpcService started, listening on 42793
2021-08-12 00:25:00,196 [EndpointStateMachine task thread for /0.0.0.0:33263 - 0 ] INFO  ratis.XceiverServerRatis (XceiverServerRatis.java:getRealPort(503)) - XceiverServerRatis aa96c139-029c-4c26-b56b-b3e0db2a81f3 is started using port 42793 for RATIS
2021-08-12 00:25:00,196 [EndpointStateMachine task thread for /0.0.0.0:33263 - 0 ] INFO  ratis.XceiverServerRatis (XceiverServerRatis.java:getRealPort(503)) - XceiverServerRatis aa96c139-029c-4c26-b56b-b3e0db2a81f3 is started using port 42793 for RATIS_ADMIN
2021-08-12 00:25:00,196 [EndpointStateMachine task thread for /0.0.0.0:33263 - 0 ] INFO  ratis.XceiverServerRatis (XceiverServerRatis.java:getRealPort(503)) - XceiverServerRatis aa96c139-029c-4c26-b56b-b3e0db2a81f3 is started using port 42793 for RATIS_SERVER
2021-08-12 00:25:00,196 [EndpointStateMachine task thread for /0.0.0.0:33263 - 0 ] INFO  server.XceiverServerGrpc (XceiverServerGrpc.java:start(135)) - XceiverServerGrpc aa96c139-029c-4c26-b56b-b3e0db2a81f3 is started using port 42847
2021-08-12 00:25:00,220 [org.apache.ratis.util.JvmPauseMonitor$$Lambda$531/2042374570@25998b72] INFO  util.JvmPauseMonitor (JvmPauseMonitor.java:run(103)) - JvmPauseMonitor-aa96c139-029c-4c26-b56b-b3e0db2a81f3: Started
2021-08-12 00:25:00,395 [IPC Server handler 19 on default port 33263] INFO  net.NetworkTopologyImpl (NetworkTopologyImpl.java:add(112)) - Added a new node: /default-rack/ef23a805-c360-46f9-a5ff-61453c052e9c
2021-08-12 00:25:00,396 [IPC Server handler 19 on default port 33263] INFO  node.SCMNodeManager (SCMNodeManager.java:register(390)) - Registered Data node : ef23a805-c360-46f9-a5ff-61453c052e9c{ip: 10.1.0.56, host: fv-az50-214.grzltbmokehuzjyc5b133kdqgh.cx.internal.cloudapp.net, ports: [REPLICATION=37223, RATIS=45291, RATIS_ADMIN=45291, RATIS_SERVER=45291, STANDALONE=37595], networkLocation: /default-rack, certSerialId: null, persistedOpState: null, persistedOpStateExpiryEpochSec: 0}
2021-08-12 00:25:00,396 [EventQueue-NewNodeForNewNodeHandler] INFO  pipeline.BackgroundPipelineCreator (BackgroundPipelineCreatorV2.java:notifyEventTriggered(285)) - trigger a one-shot run on RatisPipelineUtilsThread.
2021-08-12 00:25:00,397 [EventQueue-NodeRegistrationContainerReportForDataNodeSafeModeRule] INFO  safemode.SCMSafeModeManager (DataNodeSafeModeRule.java:process(71)) - SCM in safe mode. 3 DataNodes registered, 3 required.
2021-08-12 00:25:00,397 [RatisPipelineUtilsThread - 0] INFO  pipeline.RatisPipelineProvider (RatisPipelineProvider.java:lambda$create$0(183)) - Sending CreatePipelineCommand for pipeline:PipelineID=1eb0b2fb-7b9b-4778-a3da-bf10a166f694 to datanode:ef23a805-c360-46f9-a5ff-61453c052e9c
2021-08-12 00:25:00,397 [EventQueue-NodeRegistrationContainerReportForDataNodeSafeModeRule] INFO  safemode.SCMSafeModeManager (SCMSafeModeManager.java:validateSafeModeExitRules(204)) - DataNodeSafeModeRule rule is successfully validated
2021-08-12 00:25:00,397 [EventQueue-NodeRegistrationContainerReportForDataNodeSafeModeRule] INFO  safemode.SCMSafeModeManager (SCMSafeModeManager.java:completePreCheck(233)) - All SCM safe mode pre check rules have passed
2021-08-12 00:25:00,398 [EventQueue-NodeRegistrationContainerReportForDataNodeSafeModeRule] WARN  events.EventQueue (EventQueue.java:fireEvent(194)) - No event handler registered for event TypedEvent{payloadType=SafeModeStatus, name='Safe mode status'}
2021-08-12 00:25:00,398 [EventQueue-NodeRegistrationContainerReportForDataNodeSafeModeRule] INFO  ha.SCMContext (SCMContext.java:updateSafeModeStatus(205)) - Update SafeModeStatus from SafeModeStatus{safeModeStatus=true, preCheckPassed=false} to SafeModeStatus{safeModeStatus=true, preCheckPassed=true}.
2021-08-12 00:25:00,398 [RatisPipelineUtilsThread - 0] INFO  pipeline.PipelineStateManager (PipelineStateManagerV2Impl.java:addPipeline(101)) - Created pipeline Pipeline[ Id: 1eb0b2fb-7b9b-4778-a3da-bf10a166f694, Nodes: ef23a805-c360-46f9-a5ff-61453c052e9c{ip: 10.1.0.56, host: fv-az50-214.grzltbmokehuzjyc5b133kdqgh.cx.internal.cloudapp.net, ports: [REPLICATION=37223, RATIS=45291, RATIS_ADMIN=45291, RATIS_SERVER=45291, STANDALONE=37595], networkLocation: /default-rack, certSerialId: null, persistedOpState: IN_SERVICE, persistedOpStateExpiryEpochSec: 0}, ReplicationConfig: RATIS/ONE, State:ALLOCATED, leaderId:, CreationTimestamp2021-08-12T00:25:00.397Z[Etc/UTC]].
2021-08-12 00:25:00,398 [EventQueue-NodeRegistrationContainerReportForDataNodeSafeModeRule] INFO  pipeline.BackgroundPipelineCreator (BackgroundPipelineCreatorV2.java:notifyEventTriggered(285)) - trigger a one-shot run on RatisPipelineUtilsThread.
2021-08-12 00:25:00,398 [RatisPipelineUtilsThread - 0] INFO  pipeline.RatisPipelineProvider (RatisPipelineProvider.java:lambda$create$0(183)) - Sending CreatePipelineCommand for pipeline:PipelineID=fbb95fc7-d228-40f1-b0e7-427675acf13c to datanode:c2eb00da-4d4a-4ac5-8b23-45ecd8b85c7f
2021-08-12 00:25:00,398 [RatisPipelineUtilsThread - 0] INFO  pipeline.RatisPipelineProvider (RatisPipelineProvider.java:lambda$create$0(183)) - Sending CreatePipelineCommand for pipeline:PipelineID=fbb95fc7-d228-40f1-b0e7-427675acf13c to datanode:5b202ae5-680d-43fe-be69-63ca12314317
2021-08-12 00:25:00,398 [RatisPipelineUtilsThread - 0] INFO  pipeline.RatisPipelineProvider (RatisPipelineProvider.java:lambda$create$0(183)) - Sending CreatePipelineCommand for pipeline:PipelineID=fbb95fc7-d228-40f1-b0e7-427675acf13c to datanode:ef23a805-c360-46f9-a5ff-61453c052e9c
2021-08-12 00:25:00,399 [RatisPipelineUtilsThread - 0] INFO  pipeline.PipelineStateManager (PipelineStateManagerV2Impl.java:addPipeline(101)) - Created pipeline Pipeline[ Id: fbb95fc7-d228-40f1-b0e7-427675acf13c, Nodes: c2eb00da-4d4a-4ac5-8b23-45ecd8b85c7f{ip: 10.1.0.56, host: fv-az50-214.grzltbmokehuzjyc5b133kdqgh.cx.internal.cloudapp.net, ports: [REPLICATION=34579, RATIS=41045, RATIS_ADMIN=41045, RATIS_SERVER=41045, STANDALONE=33705], networkLocation: /default-rack, certSerialId: null, persistedOpState: IN_SERVICE, persistedOpStateExpiryEpochSec: 0}5b202ae5-680d-43fe-be69-63ca12314317{ip: 10.1.0.56, host: fv-az50-214.grzltbmokehuzjyc5b133kdqgh.cx.internal.cloudapp.net, ports: [REPLICATION=36277, RATIS=39647, RATIS_ADMIN=39647, RATIS_SERVER=39647, STANDALONE=39917], networkLocation: /default-rack, certSerialId: null, persistedOpState: IN_SERVICE, persistedOpStateExpiryEpochSec: 0}ef23a805-c360-46f9-a5ff-61453c052e9c{ip: 10.1.0.56, host: fv-az50-214.grzltbmokehuzjyc5b133kdqgh.cx.internal.cloudapp.net, ports: [REPLICATION=37223, RATIS=45291, RATIS_ADMIN=45291, RATIS_SERVER=45291, STANDALONE=37595], networkLocation: /default-rack, certSerialId: null, persistedOpState: IN_SERVICE, persistedOpStateExpiryEpochSec: 0}, ReplicationConfig: RATIS/THREE, State:ALLOCATED, leaderId:, CreationTimestamp2021-08-12T00:25:00.398Z[Etc/UTC]].
2021-08-12 00:25:00,750 [EndpointStateMachine task thread for /0.0.0.0:33263 - 0 ] INFO  ozoneimpl.OzoneContainer (OzoneContainer.java:start(305)) - Attempting to start container services.
2021-08-12 00:25:00,753 [EndpointStateMachine task thread for /0.0.0.0:33263 - 0 ] INFO  ozoneimpl.OzoneContainer (OzoneContainer.java:startContainerScrub(250)) - Background container scanner has been disabled.
2021-08-12 00:25:00,760 [EndpointStateMachine task thread for /0.0.0.0:33263 - 0 ] INFO  replication.ReplicationServer (ReplicationServer.java:start(106)) - ReplicationServer is started using port 35031
2021-08-12 00:25:00,773 [EndpointStateMachine task thread for /0.0.0.0:33263 - 0 ] INFO  ratis.XceiverServerRatis (XceiverServerRatis.java:start(482)) - Starting XceiverServerRatis 87d3608b-f9fd-4b10-ba0a-a0d8569acffd
2021-08-12 00:25:00,776 [EndpointStateMachine task thread for /0.0.0.0:33263 - 0 ] INFO  server.RaftServer (RaftServerProxy.java:lambda$start$5(374)) - 87d3608b-f9fd-4b10-ba0a-a0d8569acffd: start RPC server
2021-08-12 00:25:00,783 [EndpointStateMachine task thread for /0.0.0.0:33263 - 0 ] INFO  server.GrpcService (GrpcService.java:startImpl(253)) - 87d3608b-f9fd-4b10-ba0a-a0d8569acffd: GrpcService started, listening on 37127
2021-08-12 00:25:00,792 [EndpointStateMachine task thread for /0.0.0.0:33263 - 0 ] INFO  ratis.XceiverServerRatis (XceiverServerRatis.java:getRealPort(503)) - XceiverServerRatis 87d3608b-f9fd-4b10-ba0a-a0d8569acffd is started using port 37127 for RATIS
2021-08-12 00:25:00,792 [org.apache.ratis.util.JvmPauseMonitor$$Lambda$531/2042374570@12cd9d65] INFO  util.JvmPauseMonitor (JvmPauseMonitor.java:run(103)) - JvmPauseMonitor-87d3608b-f9fd-4b10-ba0a-a0d8569acffd: Started
2021-08-12 00:25:00,792 [EndpointStateMachine task thread for /0.0.0.0:33263 - 0 ] INFO  ratis.XceiverServerRatis (XceiverServerRatis.java:getRealPort(503)) - XceiverServerRatis 87d3608b-f9fd-4b10-ba0a-a0d8569acffd is started using port 37127 for RATIS_ADMIN
2021-08-12 00:25:00,793 [EndpointStateMachine task thread for /0.0.0.0:33263 - 0 ] INFO  ratis.XceiverServerRatis (XceiverServerRatis.java:getRealPort(503)) - XceiverServerRatis 87d3608b-f9fd-4b10-ba0a-a0d8569acffd is started using port 37127 for RATIS_SERVER
2021-08-12 00:25:00,793 [EndpointStateMachine task thread for /0.0.0.0:33263 - 0 ] INFO  server.XceiverServerGrpc (XceiverServerGrpc.java:start(135)) - XceiverServerGrpc 87d3608b-f9fd-4b10-ba0a-a0d8569acffd is started using port 36695
2021-08-12 00:25:00,808 [Listener at 127.0.0.1/46733] INFO  ozone.MiniOzoneClusterImpl (MiniOzoneClusterImpl.java:lambda$waitForClusterToBeReady$0(235)) - Waiting for nodes to be ready. Got 3 of 9 DN Heartbeats.
2021-08-12 00:25:00,825 [Listener at 127.0.0.1/46733] INFO  ozone.MiniOzoneClusterImpl (MiniOzoneClusterImpl.java:lambda$waitForClusterToBeReady$0(238)) - Waiting for cluster to exit safe mode
2021-08-12 00:25:00,825 [Listener at 127.0.0.1/46733] INFO  ozone.MiniOzoneClusterImpl (MiniOzoneClusterImpl.java:lambda$waitForClusterToBeReady$0(240)) - SCM became leader
2021-08-12 00:25:01,116 [IPC Server handler 5 on default port 33263] INFO  net.NetworkTopologyImpl (NetworkTopologyImpl.java:add(112)) - Added a new node: /default-rack/a86274cb-40c2-4f1a-b613-7c28a9d8bee7
2021-08-12 00:25:01,116 [IPC Server handler 5 on default port 33263] INFO  node.SCMNodeManager (SCMNodeManager.java:register(390)) - Registered Data node : a86274cb-40c2-4f1a-b613-7c28a9d8bee7{ip: 10.1.0.56, host: fv-az50-214.grzltbmokehuzjyc5b133kdqgh.cx.internal.cloudapp.net, ports: [REPLICATION=40705, RATIS=37903, RATIS_ADMIN=37903, RATIS_SERVER=37903, STANDALONE=33247], networkLocation: /default-rack, certSerialId: null, persistedOpState: null, persistedOpStateExpiryEpochSec: 0}
2021-08-12 00:25:01,117 [EventQueue-NewNodeForNewNodeHandler] INFO  pipeline.BackgroundPipelineCreator (BackgroundPipelineCreatorV2.java:notifyEventTriggered(285)) - trigger a one-shot run on RatisPipelineUtilsThread.
2021-08-12 00:25:01,117 [RatisPipelineUtilsThread - 0] INFO  pipeline.RatisPipelineProvider (RatisPipelineProvider.java:lambda$create$0(183)) - Sending CreatePipelineCommand for pipeline:PipelineID=b46e9d6f-f36b-4ecb-afc9-7c0c30bd3891 to datanode:a86274cb-40c2-4f1a-b613-7c28a9d8bee7
2021-08-12 00:25:01,118 [RatisPipelineUtilsThread - 0] INFO  pipeline.PipelineStateManager (PipelineStateManagerV2Impl.java:addPipeline(101)) - Created pipeline Pipeline[ Id: b46e9d6f-f36b-4ecb-afc9-7c0c30bd3891, Nodes: a86274cb-40c2-4f1a-b613-7c28a9d8bee7{ip: 10.1.0.56, host: fv-az50-214.grzltbmokehuzjyc5b133kdqgh.cx.internal.cloudapp.net, ports: [REPLICATION=40705, RATIS=37903, RATIS_ADMIN=37903, RATIS_SERVER=37903, STANDALONE=33247], networkLocation: /default-rack, certSerialId: null, persistedOpState: IN_SERVICE, persistedOpStateExpiryEpochSec: 0}, ReplicationConfig: RATIS/ONE, State:ALLOCATED, leaderId:, CreationTimestamp2021-08-12T00:25:01.117Z[Etc/UTC]].
2021-08-12 00:25:01,284 [EndpointStateMachine task thread for /0.0.0.0:33263 - 0 ] INFO  ozoneimpl.OzoneContainer (OzoneContainer.java:start(305)) - Attempting to start container services.
2021-08-12 00:25:01,285 [EndpointStateMachine task thread for /0.0.0.0:33263 - 0 ] INFO  ozoneimpl.OzoneContainer (OzoneContainer.java:startContainerScrub(250)) - Background container scanner has been disabled.
2021-08-12 00:25:01,285 [EndpointStateMachine task thread for /0.0.0.0:33263 - 0 ] INFO  replication.ReplicationServer (ReplicationServer.java:start(106)) - ReplicationServer is started using port 42723
2021-08-12 00:25:01,295 [EndpointStateMachine task thread for /0.0.0.0:33263 - 0 ] INFO  ratis.XceiverServerRatis (XceiverServerRatis.java:start(482)) - Starting XceiverServerRatis bcde775b-c238-4412-9eeb-a88c910f700f
2021-08-12 00:25:01,329 [EndpointStateMachine task thread for /0.0.0.0:33263 - 0 ] INFO  server.RaftServer (RaftServerProxy.java:lambda$start$5(374)) - bcde775b-c238-4412-9eeb-a88c910f700f: start RPC server
2021-08-12 00:25:01,333 [EndpointStateMachine task thread for /0.0.0.0:33263 - 0 ] INFO  server.GrpcService (GrpcService.java:startImpl(253)) - bcde775b-c238-4412-9eeb-a88c910f700f: GrpcService started, listening on 33235
2021-08-12 00:25:01,345 [EndpointStateMachine task thread for /0.0.0.0:33263 - 0 ] INFO  ratis.XceiverServerRatis (XceiverServerRatis.java:getRealPort(503)) - XceiverServerRatis bcde775b-c238-4412-9eeb-a88c910f700f is started using port 33235 for RATIS
2021-08-12 00:25:01,345 [EndpointStateMachine task thread for /0.0.0.0:33263 - 0 ] INFO  ratis.XceiverServerRatis (XceiverServerRatis.java:getRealPort(503)) - XceiverServerRatis bcde775b-c238-4412-9eeb-a88c910f700f is started using port 33235 for RATIS_ADMIN
2021-08-12 00:25:01,345 [EndpointStateMachine task thread for /0.0.0.0:33263 - 0 ] INFO  ratis.XceiverServerRatis (XceiverServerRatis.java:getRealPort(503)) - XceiverServerRatis bcde775b-c238-4412-9eeb-a88c910f700f is started using port 33235 for RATIS_SERVER
2021-08-12 00:25:01,345 [EndpointStateMachine task thread for /0.0.0.0:33263 - 0 ] INFO  server.XceiverServerGrpc (XceiverServerGrpc.java:start(135)) - XceiverServerGrpc bcde775b-c238-4412-9eeb-a88c910f700f is started using port 37815
2021-08-12 00:25:01,364 [org.apache.ratis.util.JvmPauseMonitor$$Lambda$531/2042374570@59181381] INFO  util.JvmPauseMonitor (JvmPauseMonitor.java:run(103)) - JvmPauseMonitor-bcde775b-c238-4412-9eeb-a88c910f700f: Started
2021-08-12 00:25:01,669 [IPC Server handler 18 on default port 33263] INFO  net.NetworkTopologyImpl (NetworkTopologyImpl.java:add(112)) - Added a new node: /default-rack/b53c0c0f-3814-44ae-9b6f-5cd1e5f5cab0
2021-08-12 00:25:01,670 [IPC Server handler 18 on default port 33263] INFO  node.SCMNodeManager (SCMNodeManager.java:register(390)) - Registered Data node : b53c0c0f-3814-44ae-9b6f-5cd1e5f5cab0{ip: 10.1.0.56, host: fv-az50-214.grzltbmokehuzjyc5b133kdqgh.cx.internal.cloudapp.net, ports: [REPLICATION=42837, RATIS=35731, RATIS_ADMIN=35731, RATIS_SERVER=35731, STANDALONE=40969], networkLocation: /default-rack, certSerialId: null, persistedOpState: null, persistedOpStateExpiryEpochSec: 0}
2021-08-12 00:25:01,670 [EventQueue-NewNodeForNewNodeHandler] INFO  pipeline.BackgroundPipelineCreator (BackgroundPipelineCreatorV2.java:notifyEventTriggered(285)) - trigger a one-shot run on RatisPipelineUtilsThread.
2021-08-12 00:25:01,670 [RatisPipelineUtilsThread - 0] INFO  pipeline.RatisPipelineProvider (RatisPipelineProvider.java:lambda$create$0(183)) - Sending CreatePipelineCommand for pipeline:PipelineID=53010660-58c2-494e-859d-ccdfcdb58ffe to datanode:b53c0c0f-3814-44ae-9b6f-5cd1e5f5cab0
2021-08-12 00:25:01,671 [RatisPipelineUtilsThread - 0] INFO  pipeline.PipelineStateManager (PipelineStateManagerV2Impl.java:addPipeline(101)) - Created pipeline Pipeline[ Id: 53010660-58c2-494e-859d-ccdfcdb58ffe, Nodes: b53c0c0f-3814-44ae-9b6f-5cd1e5f5cab0{ip: 10.1.0.56, host: fv-az50-214.grzltbmokehuzjyc5b133kdqgh.cx.internal.cloudapp.net, ports: [REPLICATION=42837, RATIS=35731, RATIS_ADMIN=35731, RATIS_SERVER=35731, STANDALONE=40969], networkLocation: /default-rack, certSerialId: null, persistedOpState: IN_SERVICE, persistedOpStateExpiryEpochSec: 0}, ReplicationConfig: RATIS/ONE, State:ALLOCATED, leaderId:, CreationTimestamp2021-08-12T00:25:01.670Z[Etc/UTC]].
2021-08-12 00:25:01,825 [Listener at 127.0.0.1/46733] INFO  ozone.MiniOzoneClusterImpl (MiniOzoneClusterImpl.java:lambda$waitForClusterToBeReady$0(235)) - Waiting for nodes to be ready. Got 5 of 9 DN Heartbeats.
2021-08-12 00:25:01,825 [Listener at 127.0.0.1/46733] INFO  ozone.MiniOzoneClusterImpl (MiniOzoneClusterImpl.java:lambda$waitForClusterToBeReady$0(238)) - Waiting for cluster to exit safe mode
2021-08-12 00:25:01,825 [Listener at 127.0.0.1/46733] INFO  ozone.MiniOzoneClusterImpl (MiniOzoneClusterImpl.java:lambda$waitForClusterToBeReady$0(240)) - SCM became leader
2021-08-12 00:25:01,856 [EndpointStateMachine task thread for /0.0.0.0:33263 - 0 ] INFO  ozoneimpl.OzoneContainer (OzoneContainer.java:start(305)) - Attempting to start container services.
2021-08-12 00:25:01,856 [EndpointStateMachine task thread for /0.0.0.0:33263 - 0 ] INFO  ozoneimpl.OzoneContainer (OzoneContainer.java:startContainerScrub(250)) - Background container scanner has been disabled.
2021-08-12 00:25:01,863 [EndpointStateMachine task thread for /0.0.0.0:33263 - 0 ] INFO  replication.ReplicationServer (ReplicationServer.java:start(106)) - ReplicationServer is started using port 42597
2021-08-12 00:25:01,864 [EndpointStateMachine task thread for /0.0.0.0:33263 - 0 ] INFO  ratis.XceiverServerRatis (XceiverServerRatis.java:start(482)) - Starting XceiverServerRatis 4f85e207-6f47-4e3d-8d8e-53c973d1ad4f
2021-08-12 00:25:01,869 [EndpointStateMachine task thread for /0.0.0.0:33263 - 0 ] INFO  server.RaftServer (RaftServerProxy.java:lambda$start$5(374)) - 4f85e207-6f47-4e3d-8d8e-53c973d1ad4f: start RPC server
2021-08-12 00:25:01,876 [EndpointStateMachine task thread for /0.0.0.0:33263 - 0 ] INFO  server.GrpcService (GrpcService.java:startImpl(253)) - 4f85e207-6f47-4e3d-8d8e-53c973d1ad4f: GrpcService started, listening on 43657
2021-08-12 00:25:01,877 [EndpointStateMachine task thread for /0.0.0.0:33263 - 0 ] INFO  ratis.XceiverServerRatis (XceiverServerRatis.java:getRealPort(503)) - XceiverServerRatis 4f85e207-6f47-4e3d-8d8e-53c973d1ad4f is started using port 43657 for RATIS
2021-08-12 00:25:01,877 [EndpointStateMachine task thread for /0.0.0.0:33263 - 0 ] INFO  ratis.XceiverServerRatis (XceiverServerRatis.java:getRealPort(503)) - XceiverServerRatis 4f85e207-6f47-4e3d-8d8e-53c973d1ad4f is started using port 43657 for RATIS_ADMIN
2021-08-12 00:25:01,877 [EndpointStateMachine task thread for /0.0.0.0:33263 - 0 ] INFO  ratis.XceiverServerRatis (XceiverServerRatis.java:getRealPort(503)) - XceiverServerRatis 4f85e207-6f47-4e3d-8d8e-53c973d1ad4f is started using port 43657 for RATIS_SERVER
2021-08-12 00:25:01,878 [org.apache.ratis.util.JvmPauseMonitor$$Lambda$531/2042374570@7d7133ec] INFO  util.JvmPauseMonitor (JvmPauseMonitor.java:run(103)) - JvmPauseMonitor-4f85e207-6f47-4e3d-8d8e-53c973d1ad4f: Started
2021-08-12 00:25:01,878 [EndpointStateMachine task thread for /0.0.0.0:33263 - 0 ] INFO  server.XceiverServerGrpc (XceiverServerGrpc.java:start(135)) - XceiverServerGrpc 4f85e207-6f47-4e3d-8d8e-53c973d1ad4f is started using port 41825
2021-08-12 00:25:02,151 [Command processor thread] INFO  server.RaftServer (RaftServerProxy.java:addNew(95)) - 5b202ae5-680d-43fe-be69-63ca12314317: addNew group-EC826C6F44A4:[5b202ae5-680d-43fe-be69-63ca12314317|rpc:10.1.0.56:39647|priority:1] returns group-EC826C6F44A4:java.util.concurrent.CompletableFuture@403aec89[Not completed]
2021-08-12 00:25:02,162 [pool-307-thread-1] INFO  server.RaftServer$Division (RaftServerImpl.java:<init>(181)) - 5b202ae5-680d-43fe-be69-63ca12314317: new RaftServerImpl for group-EC826C6F44A4:[5b202ae5-680d-43fe-be69-63ca12314317|rpc:10.1.0.56:39647|priority:1] with ContainerStateMachine:uninitialized
2021-08-12 00:25:02,163 [pool-307-thread-1] INFO  server.RaftServerConfigKeys (ConfUtils.java:logGet(44)) - raft.server.rpc.timeout.min = 5s (custom)
2021-08-12 00:25:02,163 [pool-307-thread-1] INFO  server.RaftServerConfigKeys (ConfUtils.java:logGet(44)) - raft.server.rpc.timeout.max = 5200ms (custom)
2021-08-12 00:25:02,163 [pool-307-thread-1] INFO  server.RaftServerConfigKeys (ConfUtils.java:logGet(44)) - raft.server.rpc.sleep.time = 25ms (default)
2021-08-12 00:25:02,163 [pool-307-thread-1] INFO  server.RaftServerConfigKeys (ConfUtils.java:logGet(44)) - raft.server.rpc.slowness.timeout = 300000ms (custom)
2021-08-12 00:25:02,163 [pool-307-thread-1] INFO  server.RaftServerConfigKeys (ConfUtils.java:logGet(44)) - raft.server.leaderelection.leader.step-down.wait-time = 10s (default)
2021-08-12 00:25:02,163 [pool-307-thread-1] INFO  server.RaftServerConfigKeys (ConfUtils.java:logGet(44)) - raft.server.sleep.deviation.threshold = 300ms (default)
2021-08-12 00:25:02,163 [pool-307-thread-1] INFO  server.RaftServerConfigKeys (ConfUtils.java:logGet(44)) - raft.server.log.appender.install.snapshot.enabled = false (custom)
2021-08-12 00:25:02,163 [pool-307-thread-1] INFO  server.RaftServer$Division (ServerState.java:<init>(105)) - 5b202ae5-680d-43fe-be69-63ca12314317@group-EC826C6F44A4: ConfigurationManager, init=-1: [5b202ae5-680d-43fe-be69-63ca12314317|rpc:10.1.0.56:39647|priority:1], old=null, confs=<EMPTY_MAP>
2021-08-12 00:25:02,163 [pool-307-thread-1] INFO  server.RaftServerConfigKeys (ConfUtils.java:logGet(44)) - raft.server.storage.dir = [/home/runner/work/ozone/ozone/hadoop-ozone/integration-test/target/test-dir/MiniOzoneClusterImpl-a42b6446-58ec-43bb-8d59-9c3f88cf101c/datanode-0/data/ratis] (custom)
2021-08-12 00:25:02,164 [pool-307-thread-1] INFO  server.RaftServerConfigKeys (ConfUtils.java:logGet(44)) - raft.server.log.corruption.policy = EXCEPTION (default)
2021-08-12 00:25:02,164 [pool-307-thread-1] INFO  server.RaftServerConfigKeys (ConfUtils.java:logGet(44)) - raft.server.storage.free-space.min = 0MB (=0) (default)
2021-08-12 00:25:02,164 [pool-307-thread-1] INFO  storage.RaftStorageDirectory (RaftStorageDirectoryImpl.java:analyzeStorage(135)) - The storage directory /home/runner/work/ozone/ozone/hadoop-ozone/integration-test/target/test-dir/MiniOzoneClusterImpl-a42b6446-58ec-43bb-8d59-9c3f88cf101c/datanode-0/data/ratis/9467a0b6-e570-4e88-aa71-ec826c6f44a4 does not exist. Creating ...
2021-08-12 00:25:02,172 [pool-307-thread-1] INFO  storage.RaftStorageDirectory (RaftStorageDirectoryImpl.java:tryLock(230)) - Lock on /home/runner/work/ozone/ozone/hadoop-ozone/integration-test/target/test-dir/MiniOzoneClusterImpl-a42b6446-58ec-43bb-8d59-9c3f88cf101c/datanode-0/data/ratis/9467a0b6-e570-4e88-aa71-ec826c6f44a4/in_use.lock acquired by nodename 2812@fv-az50-214
2021-08-12 00:25:02,173 [IPC Server handler 8 on default port 33263] INFO  net.NetworkTopologyImpl (NetworkTopologyImpl.java:add(112)) - Added a new node: /default-rack/aa96c139-029c-4c26-b56b-b3e0db2a81f3
2021-08-12 00:25:02,173 [IPC Server handler 8 on default port 33263] INFO  node.SCMNodeManager (SCMNodeManager.java:register(390)) - Registered Data node : aa96c139-029c-4c26-b56b-b3e0db2a81f3{ip: 10.1.0.56, host: fv-az50-214.grzltbmokehuzjyc5b133kdqgh.cx.internal.cloudapp.net, ports: [REPLICATION=46479, RATIS=42793, RATIS_ADMIN=42793, RATIS_SERVER=42793, STANDALONE=42847], networkLocation: /default-rack, certSerialId: null, persistedOpState: null, persistedOpStateExpiryEpochSec: 0}
2021-08-12 00:25:02,174 [EventQueue-NewNodeForNewNodeHandler] INFO  pipeline.BackgroundPipelineCreator (BackgroundPipelineCreatorV2.java:notifyEventTriggered(285)) - trigger a one-shot run on RatisPipelineUtilsThread.
2021-08-12 00:25:02,174 [RatisPipelineUtilsThread - 0] INFO  pipeline.RatisPipelineProvider (RatisPipelineProvider.java:lambda$create$0(183)) - Sending CreatePipelineCommand for pipeline:PipelineID=b8111e83-b548-47d8-844a-b9a8f8f773f9 to datanode:aa96c139-029c-4c26-b56b-b3e0db2a81f3
2021-08-12 00:25:02,174 [RatisPipelineUtilsThread - 0] INFO  pipeline.PipelineStateManager (PipelineStateManagerV2Impl.java:addPipeline(101)) - Created pipeline Pipeline[ Id: b8111e83-b548-47d8-844a-b9a8f8f773f9, Nodes: aa96c139-029c-4c26-b56b-b3e0db2a81f3{ip: 10.1.0.56, host: fv-az50-214.grzltbmokehuzjyc5b133kdqgh.cx.internal.cloudapp.net, ports: [REPLICATION=46479, RATIS=42793, RATIS_ADMIN=42793, RATIS_SERVER=42793, STANDALONE=42847], networkLocation: /default-rack, certSerialId: null, persistedOpState: IN_SERVICE, persistedOpStateExpiryEpochSec: 0}, ReplicationConfig: RATIS/ONE, State:ALLOCATED, leaderId:, CreationTimestamp2021-08-12T00:25:02.174Z[Etc/UTC]].
2021-08-12 00:25:02,175 [RatisPipelineUtilsThread - 0] INFO  pipeline.RatisPipelineProvider (RatisPipelineProvider.java:lambda$create$0(183)) - Sending CreatePipelineCommand for pipeline:PipelineID=108e8f3c-f357-4743-a252-4938641401e1 to datanode:aa96c139-029c-4c26-b56b-b3e0db2a81f3
2021-08-12 00:25:02,175 [RatisPipelineUtilsThread - 0] INFO  pipeline.RatisPipelineProvider (RatisPipelineProvider.java:lambda$create$0(183)) - Sending CreatePipelineCommand for pipeline:PipelineID=108e8f3c-f357-4743-a252-4938641401e1 to datanode:b53c0c0f-3814-44ae-9b6f-5cd1e5f5cab0
2021-08-12 00:25:02,175 [RatisPipelineUtilsThread - 0] INFO  pipeline.RatisPipelineProvider (RatisPipelineProvider.java:lambda$create$0(183)) - Sending CreatePipelineCommand for pipeline:PipelineID=108e8f3c-f357-4743-a252-4938641401e1 to datanode:a86274cb-40c2-4f1a-b613-7c28a9d8bee7
2021-08-12 00:25:02,175 [RatisPipelineUtilsThread - 0] INFO  pipeline.PipelineStateManager (PipelineStateManagerV2Impl.java:addPipeline(101)) - Created pipeline Pipeline[ Id: 108e8f3c-f357-4743-a252-4938641401e1, Nodes: aa96c139-029c-4c26-b56b-b3e0db2a81f3{ip: 10.1.0.56, host: fv-az50-214.grzltbmokehuzjyc5b133kdqgh.cx.internal.cloudapp.net, ports: [REPLICATION=46479, RATIS=42793, RATIS_ADMIN=42793, RATIS_SERVER=42793, STANDALONE=42847], networkLocation: /default-rack, certSerialId: null, persistedOpState: IN_SERVICE, persistedOpStateExpiryEpochSec: 0}b53c0c0f-3814-44ae-9b6f-5cd1e5f5cab0{ip: 10.1.0.56, host: fv-az50-214.grzltbmokehuzjyc5b133kdqgh.cx.internal.cloudapp.net, ports: [REPLICATION=42837, RATIS=35731, RATIS_ADMIN=35731, RATIS_SERVER=35731, STANDALONE=40969], networkLocation: /default-rack, certSerialId: null, persistedOpState: IN_SERVICE, persistedOpStateExpiryEpochSec: 0}a86274cb-40c2-4f1a-b613-7c28a9d8bee7{ip: 10.1.0.56, host: fv-az50-214.grzltbmokehuzjyc5b133kdqgh.cx.internal.cloudapp.net, ports: [REPLICATION=40705, RATIS=37903, RATIS_ADMIN=37903, RATIS_SERVER=37903, STANDALONE=33247], networkLocation: /default-rack, certSerialId: null, persistedOpState: IN_SERVICE, persistedOpStateExpiryEpochSec: 0}, ReplicationConfig: RATIS/THREE, State:ALLOCATED, leaderId:, CreationTimestamp2021-08-12T00:25:02.175Z[Etc/UTC]].
2021-08-12 00:25:02,176 [pool-307-thread-1] INFO  storage.RaftStorage (RaftStorageImpl.java:format(89)) - Storage directory /home/runner/work/ozone/ozone/hadoop-ozone/integration-test/target/test-dir/MiniOzoneClusterImpl-a42b6446-58ec-43bb-8d59-9c3f88cf101c/datanode-0/data/ratis/9467a0b6-e570-4e88-aa71-ec826c6f44a4 has been successfully formatted.
2021-08-12 00:25:02,187 [Datanode State Machine Thread - 0] WARN  statemachine.StateContext (StateContext.java:execute(621)) - No available thread in pool for past 1 seconds.
2021-08-12 00:25:02,188 [pool-307-thread-1] INFO  ratis.ContainerStateMachine (ContainerStateMachine.java:loadSnapshot(225)) - group-EC826C6F44A4: The snapshot info is null. Setting the last applied indexto:(t:0, i:~)
2021-08-12 00:25:02,188 [pool-307-thread-1] INFO  server.RaftServerConfigKeys (ConfUtils.java:logGet(44)) - raft.server.notification.no-leader.timeout = 300000ms (custom)
2021-08-12 00:25:02,189 [EventQueue-PipelineReportForPipelineReportHandler] INFO  pipeline.PipelineManagerImpl (PipelineManagerImpl.java:openPipeline(283)) - Pipeline Pipeline[ Id: 9467a0b6-e570-4e88-aa71-ec826c6f44a4, Nodes: 5b202ae5-680d-43fe-be69-63ca12314317{ip: 10.1.0.56, host: fv-az50-214.grzltbmokehuzjyc5b133kdqgh.cx.internal.cloudapp.net, ports: [REPLICATION=36277, RATIS=39647, RATIS_ADMIN=39647, RATIS_SERVER=39647, STANDALONE=39917], networkLocation: /default-rack, certSerialId: null, persistedOpState: IN_SERVICE, persistedOpStateExpiryEpochSec: 0}, ReplicationConfig: RATIS/ONE, State:ALLOCATED, leaderId:5b202ae5-680d-43fe-be69-63ca12314317, CreationTimestamp2021-08-12T00:24:59.238Z[Etc/UTC]] moved to OPEN state
2021-08-12 00:25:02,199 [EventQueue-OpenPipelineForHealthyPipelineSafeModeRule] INFO  safemode.SCMSafeModeManager (HealthyPipelineSafeModeRule.java:process(124)) - SCM in safe mode. Healthy pipelines reported count is 0, required healthy pipeline reported count is 1
2021-08-12 00:25:02,204 [pool-307-thread-1] INFO  server.RaftServerConfigKeys (ConfUtils.java:logGet(44)) - raft.server.log.use.memory = false (default)
2021-08-12 00:25:02,205 [pool-307-thread-1] INFO  server.RaftServerConfigKeys (ConfUtils.java:logGet(44)) - raft.server.log.purge.gap = 1000000 (custom)
2021-08-12 00:25:02,205 [pool-307-thread-1] INFO  server.RaftServerConfigKeys (ConfUtils.java:logGet(44)) - raft.server.log.appender.buffer.byte-limit = 33554432 (custom)
2021-08-12 00:25:02,205 [pool-307-thread-1] INFO  server.RaftServerConfigKeys (ConfUtils.java:logGet(44)) - raft.server.log.segment.size.max = 1048576 (custom)
2021-08-12 00:25:02,205 [pool-307-thread-1] INFO  server.RaftServerConfigKeys (ConfUtils.java:logGet(44)) - raft.server.log.segment.cache.num.max = 2 (custom)
2021-08-12 00:25:02,205 [pool-307-thread-1] INFO  server.RaftServerConfigKeys (ConfUtils.java:logGet(44)) - raft.server.log.segment.cache.size.max = 200MB (=209715200) (default)
2021-08-12 00:25:02,205 [pool-307-thread-1] INFO  segmented.SegmentedRaftLogWorker (SegmentedRaftLogWorker.java:<init>(182)) - new 5b202ae5-680d-43fe-be69-63ca12314317@group-EC826C6F44A4-SegmentedRaftLogWorker for RaftStorageImpl:Storage Directory /home/runner/work/ozone/ozone/hadoop-ozone/integration-test/target/test-dir/MiniOzoneClusterImpl-a42b6446-58ec-43bb-8d59-9c3f88cf101c/datanode-0/data/ratis/9467a0b6-e570-4e88-aa71-ec826c6f44a4
2021-08-12 00:25:02,206 [pool-307-thread-1] INFO  server.RaftServerConfigKeys (ConfUtils.java:logGet(44)) - raft.server.log.queue.byte-limit = 2147483647 (custom)
2021-08-12 00:25:02,206 [pool-307-thread-1] INFO  server.RaftServerConfigKeys (ConfUtils.java:logGet(44)) - raft.server.log.queue.element-limit = 1024 (custom)
2021-08-12 00:25:02,206 [pool-307-thread-1] INFO  server.RaftServerConfigKeys (ConfUtils.java:logGet(44)) - raft.server.log.segment.size.max = 1048576 (custom)
2021-08-12 00:25:02,206 [pool-307-thread-1] INFO  server.RaftServerConfigKeys (ConfUtils.java:logGet(44)) - raft.server.log.preallocated.size = 16384 (custom)
2021-08-12 00:25:02,206 [pool-307-thread-1] INFO  server.RaftServerConfigKeys (ConfUtils.java:logGet(44)) - raft.server.log.force.sync.num = 128 (default)
2021-08-12 00:25:02,206 [pool-307-thread-1] INFO  server.RaftServerConfigKeys (ConfUtils.java:logGet(44)) - raft.server.log.statemachine.data.sync = true (default)
2021-08-12 00:25:02,206 [pool-307-thread-1] INFO  server.RaftServerConfigKeys (ConfUtils.java:logGet(44)) - raft.server.log.statemachine.data.sync.timeout = 10s (default)
2021-08-12 00:25:02,206 [pool-307-thread-1] INFO  server.RaftServerConfigKeys (ConfUtils.java:logGet(44)) - raft.server.log.statemachine.data.sync.timeout.retry = -1 (default)
2021-08-12 00:25:02,207 [pool-307-thread-1] INFO  server.RaftServerConfigKeys (ConfUtils.java:logGet(44)) - raft.server.log.write.buffer.size = 1048576 (custom)
2021-08-12 00:25:02,208 [pool-307-thread-1] INFO  server.RaftServerConfigKeys (ConfUtils.java:logGet(44)) - raft.server.log.statemachine.data.caching.enabled = true (custom)
2021-08-12 00:25:02,208 [pool-307-thread-1] INFO  segmented.SegmentedRaftLogWorker (SegmentedRaftLogWorker.java:lambda$new$0(133)) - 5b202ae5-680d-43fe-be69-63ca12314317@group-EC826C6F44A4-SegmentedRaftLogWorker: flushIndex: setUnconditionally 0 -> -1
2021-08-12 00:25:02,208 [pool-307-thread-1] INFO  segmented.SegmentedRaftLogWorker (SegmentedRaftLogWorker.java:lambda$new$0(133)) - 5b202ae5-680d-43fe-be69-63ca12314317@group-EC826C6F44A4-SegmentedRaftLogWorker: safeCacheEvictIndex: setUnconditionally 0 -> -1
2021-08-12 00:25:02,216 [pool-307-thread-1] INFO  server.RaftServerConfigKeys (ConfUtils.java:logGet(44)) - raft.server.snapshot.auto.trigger.enabled = true (custom)
2021-08-12 00:25:02,216 [pool-307-thread-1] INFO  server.RaftServerConfigKeys (ConfUtils.java:logGet(44)) - raft.server.snapshot.auto.trigger.threshold = 10000 (custom)
2021-08-12 00:25:02,216 [pool-307-thread-1] INFO  server.RaftServerConfigKeys (ConfUtils.java:logGet(44)) - raft.server.snapshot.retention.file.num = 5 (custom)
2021-08-12 00:25:02,216 [pool-307-thread-1] INFO  server.RaftServerConfigKeys (ConfUtils.java:logGet(44)) - raft.server.log.purge.upto.snapshot.index = false (default)
2021-08-12 00:25:02,216 [pool-307-thread-1] INFO  server.RaftServerConfigKeys (ConfUtils.java:logGet(44)) - raft.server.retrycache.expirytime = 600000ms (custom)
2021-08-12 00:25:02,216 [pool-307-thread-1] INFO  server.RaftServerConfigKeys (ConfUtils.java:logGet(44)) - raft.server.retrycache.statistics.expirytime = 100μs (default)
2021-08-12 00:25:02,218 [pool-307-thread-1] INFO  server.RaftServer$Division (RaftServerImpl.java:start(296)) - 5b202ae5-680d-43fe-be69-63ca12314317@group-EC826C6F44A4: start as a follower, conf=-1: [5b202ae5-680d-43fe-be69-63ca12314317|rpc:10.1.0.56:39647|priority:1], old=null
2021-08-12 00:25:02,227 [pool-307-thread-1] INFO  server.RaftServer$Division (RaftServerImpl.java:setRole(285)) - 5b202ae5-680d-43fe-be69-63ca12314317@group-EC826C6F44A4: changes role from      null to FOLLOWER at term 0 for startAsFollower
2021-08-12 00:25:02,227 [pool-307-thread-1] INFO  impl.RoleInfo (RoleInfo.java:updateAndGet(130)) - 5b202ae5-680d-43fe-be69-63ca12314317: start 5b202ae5-680d-43fe-be69-63ca12314317@group-EC826C6F44A4-FollowerState
2021-08-12 00:25:02,228 [pool-307-thread-1] INFO  util.JmxRegister (JmxRegister.java:tryRegister(44)) - Successfully registered JMX Bean with object name Ratis:service=RaftServer,group=group-EC826C6F44A4,id=5b202ae5-680d-43fe-be69-63ca12314317
2021-08-12 00:25:02,237 [Command processor thread] INFO  ratis.XceiverServerRatis (XceiverServerRatis.java:addGroup(763)) - Created group PipelineID=9467a0b6-e570-4e88-aa71-ec826c6f44a4
2021-08-12 00:25:02,237 [Command processor thread] INFO  commandhandler.CreatePipelineCommandHandler (CreatePipelineCommandHandler.java:handle(106)) - Created Pipeline RATIS ONE PipelineID=9467a0b6-e570-4e88-aa71-ec826c6f44a4.
2021-08-12 00:25:02,240 [pool-307-thread-1] INFO  server.RaftServer$Division (RaftServerImpl.java:<init>(181)) - 5b202ae5-680d-43fe-be69-63ca12314317: new RaftServerImpl for group-427675ACF13C:[c2eb00da-4d4a-4ac5-8b23-45ecd8b85c7f|rpc:10.1.0.56:41045|priority:0, 5b202ae5-680d-43fe-be69-63ca12314317|rpc:10.1.0.56:39647|priority:1, ef23a805-c360-46f9-a5ff-61453c052e9c|rpc:10.1.0.56:45291|priority:0] with ContainerStateMachine:uninitialized
2021-08-12 00:25:02,241 [pool-307-thread-1] INFO  server.RaftServerConfigKeys (ConfUtils.java:logGet(44)) - raft.server.rpc.timeout.min = 5s (custom)
2021-08-12 00:25:02,241 [pool-307-thread-1] INFO  server.RaftServerConfigKeys (ConfUtils.java:logGet(44)) - raft.server.rpc.timeout.max = 5200ms (custom)
2021-08-12 00:25:02,241 [pool-307-thread-1] INFO  server.RaftServerConfigKeys (ConfUtils.java:logGet(44)) - raft.server.rpc.sleep.time = 25ms (default)
2021-08-12 00:25:02,241 [pool-307-thread-1] INFO  server.RaftServerConfigKeys (ConfUtils.java:logGet(44)) - raft.server.rpc.slowness.timeout = 300000ms (custom)
2021-08-12 00:25:02,241 [pool-307-thread-1] INFO  server.RaftServerConfigKeys (ConfUtils.java:logGet(44)) - raft.server.leaderelection.leader.step-down.wait-time = 10s (default)
2021-08-12 00:25:02,241 [pool-307-thread-1] INFO  server.RaftServerConfigKeys (ConfUtils.java:logGet(44)) - raft.server.sleep.deviation.threshold = 300ms (default)
2021-08-12 00:25:02,241 [pool-307-thread-1] INFO  server.RaftServerConfigKeys (ConfUtils.java:logGet(44)) - raft.server.log.appender.install.snapshot.enabled = false (custom)
2021-08-12 00:25:02,241 [pool-307-thread-1] INFO  server.RaftServer$Division (ServerState.java:<init>(105)) - 5b202ae5-680d-43fe-be69-63ca12314317@group-427675ACF13C: ConfigurationManager, init=-1: [c2eb00da-4d4a-4ac5-8b23-45ecd8b85c7f|rpc:10.1.0.56:41045|priority:0, 5b202ae5-680d-43fe-be69-63ca12314317|rpc:10.1.0.56:39647|priority:1, ef23a805-c360-46f9-a5ff-61453c052e9c|rpc:10.1.0.56:45291|priority:0], old=null, confs=<EMPTY_MAP>
2021-08-12 00:25:02,242 [pool-307-thread-1] INFO  server.RaftServerConfigKeys (ConfUtils.java:logGet(44)) - raft.server.storage.dir = [/home/runner/work/ozone/ozone/hadoop-ozone/integration-test/target/test-dir/MiniOzoneClusterImpl-a42b6446-58ec-43bb-8d59-9c3f88cf101c/datanode-0/data/ratis] (custom)
2021-08-12 00:25:02,242 [pool-307-thread-1] INFO  server.RaftServerConfigKeys (ConfUtils.java:logGet(44)) - raft.server.log.corruption.policy = EXCEPTION (default)
2021-08-12 00:25:02,242 [pool-307-thread-1] INFO  server.RaftServerConfigKeys (ConfUtils.java:logGet(44)) - raft.server.storage.free-space.min = 0MB (=0) (default)
2021-08-12 00:25:02,242 [pool-307-thread-1] INFO  storage.RaftStorageDirectory (RaftStorageDirectoryImpl.java:analyzeStorage(135)) - The storage directory /home/runner/work/ozone/ozone/hadoop-ozone/integration-test/target/test-dir/MiniOzoneClusterImpl-a42b6446-58ec-43bb-8d59-9c3f88cf101c/datanode-0/data/ratis/fbb95fc7-d228-40f1-b0e7-427675acf13c does not exist. Creating ...
2021-08-12 00:25:02,244 [Command processor thread] INFO  server.RaftServer (RaftServerProxy.java:addNew(95)) - 5b202ae5-680d-43fe-be69-63ca12314317: addNew group-427675ACF13C:[c2eb00da-4d4a-4ac5-8b23-45ecd8b85c7f|rpc:10.1.0.56:41045|priority:0, 5b202ae5-680d-43fe-be69-63ca12314317|rpc:10.1.0.56:39647|priority:1, ef23a805-c360-46f9-a5ff-61453c052e9c|rpc:10.1.0.56:45291|priority:0] returns group-427675ACF13C:java.util.concurrent.CompletableFuture@44057056[Not completed]
2021-08-12 00:25:02,247 [pool-307-thread-1] INFO  storage.RaftStorageDirectory (RaftStorageDirectoryImpl.java:tryLock(230)) - Lock on /home/runner/work/ozone/ozone/hadoop-ozone/integration-test/target/test-dir/MiniOzoneClusterImpl-a42b6446-58ec-43bb-8d59-9c3f88cf101c/datanode-0/data/ratis/fbb95fc7-d228-40f1-b0e7-427675acf13c/in_use.lock acquired by nodename 2812@fv-az50-214
2021-08-12 00:25:02,248 [pool-307-thread-1] INFO  storage.RaftStorage (RaftStorageImpl.java:format(89)) - Storage directory /home/runner/work/ozone/ozone/hadoop-ozone/integration-test/target/test-dir/MiniOzoneClusterImpl-a42b6446-58ec-43bb-8d59-9c3f88cf101c/datanode-0/data/ratis/fbb95fc7-d228-40f1-b0e7-427675acf13c has been successfully formatted.
2021-08-12 00:25:02,249 [Datanode State Machine Thread - 0] WARN  statemachine.StateContext (StateContext.java:execute(621)) - No available thread in pool for past 1 seconds.
2021-08-12 00:25:02,249 [pool-307-thread-1] INFO  ratis.ContainerStateMachine (ContainerStateMachine.java:loadSnapshot(225)) - group-427675ACF13C: The snapshot info is null. Setting the last applied indexto:(t:0, i:~)
2021-08-12 00:25:02,249 [pool-307-thread-1] INFO  server.RaftServerConfigKeys (ConfUtils.java:logGet(44)) - raft.server.notification.no-leader.timeout = 300000ms (custom)
2021-08-12 00:25:02,249 [pool-307-thread-1] INFO  server.RaftServerConfigKeys (ConfUtils.java:logGet(44)) - raft.server.log.use.memory = false (default)
2021-08-12 00:25:02,249 [pool-307-thread-1] INFO  server.RaftServerConfigKeys (ConfUtils.java:logGet(44)) - raft.server.log.purge.gap = 1000000 (custom)
2021-08-12 00:25:02,249 [pool-307-thread-1] INFO  server.RaftServerConfigKeys (ConfUtils.java:logGet(44)) - raft.server.log.appender.buffer.byte-limit = 33554432 (custom)
2021-08-12 00:25:02,250 [pool-307-thread-1] INFO  server.RaftServerConfigKeys (ConfUtils.java:logGet(44)) - raft.server.log.segment.size.max = 1048576 (custom)
2021-08-12 00:25:02,250 [EventQueue-OpenPipelineForHealthyPipelineSafeModeRule] INFO  safemode.SCMSafeModeManager (HealthyPipelineSafeModeRule.java:process(124)) - SCM in safe mode. Healthy pipelines reported count is 0, required healthy pipeline reported count is 1
2021-08-12 00:25:02,251 [pool-307-thread-1] INFO  server.RaftServerConfigKeys (ConfUtils.java:logGet(44)) - raft.server.log.segment.cache.num.max = 2 (custom)
2021-08-12 00:25:02,251 [pool-307-thread-1] INFO  server.RaftServerConfigKeys (ConfUtils.java:logGet(44)) - raft.server.log.segment.cache.size.max = 200MB (=209715200) (default)
2021-08-12 00:25:02,251 [pool-307-thread-1] INFO  segmented.SegmentedRaftLogWorker (SegmentedRaftLogWorker.java:<init>(182)) - new 5b202ae5-680d-43fe-be69-63ca12314317@group-427675ACF13C-SegmentedRaftLogWorker for RaftStorageImpl:Storage Directory /home/runner/work/ozone/ozone/hadoop-ozone/integration-test/target/test-dir/MiniOzoneClusterImpl-a42b6446-58ec-43bb-8d59-9c3f88cf101c/datanode-0/data/ratis/fbb95fc7-d228-40f1-b0e7-427675acf13c
2021-08-12 00:25:02,251 [pool-307-thread-1] INFO  server.RaftServerConfigKeys (ConfUtils.java:logGet(44)) - raft.server.log.queue.byte-limit = 2147483647 (custom)
2021-08-12 00:25:02,252 [pool-307-thread-1] INFO  server.RaftServerConfigKeys (ConfUtils.java:logGet(44)) - raft.server.log.queue.element-limit = 1024 (custom)
2021-08-12 00:25:02,252 [pool-307-thread-1] INFO  server.RaftServerConfigKeys (ConfUtils.java:logGet(44)) - raft.server.log.segment.size.max = 1048576 (custom)
2021-08-12 00:25:02,252 [pool-307-thread-1] INFO  server.RaftServerConfigKeys (ConfUtils.java:logGet(44)) - raft.server.log.preallocated.size = 16384 (custom)
2021-08-12 00:25:02,252 [pool-307-thread-1] INFO  server.RaftServerConfigKeys (ConfUtils.java:logGet(44)) - raft.server.log.force.sync.num = 128 (default)
2021-08-12 00:25:02,252 [pool-307-thread-1] INFO  server.RaftServerConfigKeys (ConfUtils.java:logGet(44)) - raft.server.log.statemachine.data.sync = true (default)
2021-08-12 00:25:02,252 [pool-307-thread-1] INFO  server.RaftServerConfigKeys (ConfUtils.java:logGet(44)) - raft.server.log.statemachine.data.sync.timeout = 10s (default)
2021-08-12 00:25:02,252 [pool-307-thread-1] INFO  server.RaftServerConfigKeys (ConfUtils.java:logGet(44)) - raft.server.log.statemachine.data.sync.timeout.retry = -1 (default)
2021-08-12 00:25:02,253 [pool-307-thread-1] INFO  server.RaftServerConfigKeys (ConfUtils.java:logGet(44)) - raft.server.log.write.buffer.size = 1048576 (custom)
2021-08-12 00:25:02,259 [pool-307-thread-1] INFO  server.RaftServerConfigKeys (ConfUtils.java:logGet(44)) - raft.server.log.statemachine.data.caching.enabled = true (custom)
2021-08-12 00:25:02,259 [pool-307-thread-1] INFO  segmented.SegmentedRaftLogWorker (SegmentedRaftLogWorker.java:lambda$new$0(133)) - 5b202ae5-680d-43fe-be69-63ca12314317@group-427675ACF13C-SegmentedRaftLogWorker: flushIndex: setUnconditionally 0 -> -1
2021-08-12 00:25:02,260 [pool-307-thread-1] INFO  segmented.SegmentedRaftLogWorker (SegmentedRaftLogWorker.java:lambda$new$0(133)) - 5b202ae5-680d-43fe-be69-63ca12314317@group-427675ACF13C-SegmentedRaftLogWorker: safeCacheEvictIndex: setUnconditionally 0 -> -1
2021-08-12 00:25:02,260 [pool-307-thread-1] INFO  server.RaftServerConfigKeys (ConfUtils.java:logGet(44)) - raft.server.snapshot.auto.trigger.enabled = true (custom)
2021-08-12 00:25:02,260 [pool-307-thread-1] INFO  server.RaftServerConfigKeys (ConfUtils.java:logGet(44)) - raft.server.snapshot.auto.trigger.threshold = 10000 (custom)
2021-08-12 00:25:02,260 [pool-307-thread-1] INFO  server.RaftServerConfigKeys (ConfUtils.java:logGet(44)) - raft.server.snapshot.retention.file.num = 5 (custom)
2021-08-12 00:25:02,260 [pool-307-thread-1] INFO  server.RaftServerConfigKeys (ConfUtils.java:logGet(44)) - raft.server.log.purge.upto.snapshot.index = false (default)
2021-08-12 00:25:02,260 [pool-307-thread-1] INFO  server.RaftServerConfigKeys (ConfUtils.java:logGet(44)) - raft.server.retrycache.expirytime = 600000ms (custom)
2021-08-12 00:25:02,260 [pool-307-thread-1] INFO  server.RaftServerConfigKeys (ConfUtils.java:logGet(44)) - raft.server.retrycache.statistics.expirytime = 100μs (default)
2021-08-12 00:25:02,262 [pool-307-thread-1] INFO  server.RaftServer$Division (RaftServerImpl.java:start(296)) - 5b202ae5-680d-43fe-be69-63ca12314317@group-427675ACF13C: start as a follower, conf=-1: [c2eb00da-4d4a-4ac5-8b23-45ecd8b85c7f|rpc:10.1.0.56:41045|priority:0, 5b202ae5-680d-43fe-be69-63ca12314317|rpc:10.1.0.56:39647|priority:1, ef23a805-c360-46f9-a5ff-61453c052e9c|rpc:10.1.0.56:45291|priority:0], old=null
2021-08-12 00:25:02,262 [pool-307-thread-1] INFO  server.RaftServer$Division (RaftServerImpl.java:setRole(285)) - 5b202ae5-680d-43fe-be69-63ca12314317@group-427675ACF13C: changes role from      null to FOLLOWER at term 0 for startAsFollower
2021-08-12 00:25:02,262 [pool-307-thread-1] INFO  impl.RoleInfo (RoleInfo.java:updateAndGet(130)) - 5b202ae5-680d-43fe-be69-63ca12314317: start 5b202ae5-680d-43fe-be69-63ca12314317@group-427675ACF13C-FollowerState
2021-08-12 00:25:02,272 [pool-307-thread-1] INFO  util.JmxRegister (JmxRegister.java:tryRegister(44)) - Successfully registered JMX Bean with object name Ratis:service=RaftServer,group=group-427675ACF13C,id=5b202ae5-680d-43fe-be69-63ca12314317
2021-08-12 00:25:02,278 [Command processor thread] INFO  ratis.XceiverServerRatis (XceiverServerRatis.java:addGroup(763)) - Created group PipelineID=fbb95fc7-d228-40f1-b0e7-427675acf13c
2021-08-12 00:25:02,306 [grpc-default-executor-3] INFO  server.RaftServer (RaftServerProxy.java:addNew(95)) - c2eb00da-4d4a-4ac5-8b23-45ecd8b85c7f: addNew group-427675ACF13C:[c2eb00da-4d4a-4ac5-8b23-45ecd8b85c7f|rpc:10.1.0.56:41045|dataStream:|priority:0, 5b202ae5-680d-43fe-be69-63ca12314317|rpc:10.1.0.56:39647|dataStream:|priority:1, ef23a805-c360-46f9-a5ff-61453c052e9c|rpc:10.1.0.56:45291|dataStream:|priority:0] returns group-427675ACF13C:java.util.concurrent.CompletableFuture@78c86d94[Not completed]
2021-08-12 00:25:02,307 [pool-326-thread-1] INFO  server.RaftServer$Division (RaftServerImpl.java:<init>(181)) - c2eb00da-4d4a-4ac5-8b23-45ecd8b85c7f: new RaftServerImpl for group-427675ACF13C:[c2eb00da-4d4a-4ac5-8b23-45ecd8b85c7f|rpc:10.1.0.56:41045|dataStream:|priority:0, 5b202ae5-680d-43fe-be69-63ca12314317|rpc:10.1.0.56:39647|dataStream:|priority:1, ef23a805-c360-46f9-a5ff-61453c052e9c|rpc:10.1.0.56:45291|dataStream:|priority:0] with ContainerStateMachine:uninitialized
2021-08-12 00:25:02,307 [pool-326-thread-1] INFO  server.RaftServerConfigKeys (ConfUtils.java:logGet(44)) - raft.server.rpc.timeout.min = 5s (custom)
2021-08-12 00:25:02,307 [pool-326-thread-1] INFO  server.RaftServerConfigKeys (ConfUtils.java:logGet(44)) - raft.server.rpc.timeout.max = 5200ms (custom)
2021-08-12 00:25:02,307 [pool-326-thread-1] INFO  server.RaftServerConfigKeys (ConfUtils.java:logGet(44)) - raft.server.rpc.sleep.time = 25ms (default)
2021-08-12 00:25:02,307 [pool-326-thread-1] INFO  server.RaftServerConfigKeys (ConfUtils.java:logGet(44)) - raft.server.rpc.slowness.timeout = 300000ms (custom)
2021-08-12 00:25:02,307 [pool-326-thread-1] INFO  server.RaftServerConfigKeys (ConfUtils.java:logGet(44)) - raft.server.leaderelection.leader.step-down.wait-time = 10s (default)
2021-08-12 00:25:02,307 [pool-326-thread-1] INFO  server.RaftServerConfigKeys (ConfUtils.java:logGet(44)) - raft.server.sleep.deviation.threshold = 300ms (default)
2021-08-12 00:25:02,307 [pool-326-thread-1] INFO  server.RaftServerConfigKeys (ConfUtils.java:logGet(44)) - raft.server.log.appender.install.snapshot.enabled = false (custom)
2021-08-12 00:25:02,308 [pool-326-thread-1] INFO  server.RaftServer$Division (ServerState.java:<init>(105)) - c2eb00da-4d4a-4ac5-8b23-45ecd8b85c7f@group-427675ACF13C: ConfigurationManager, init=-1: [c2eb00da-4d4a-4ac5-8b23-45ecd8b85c7f|rpc:10.1.0.56:41045|dataStream:|priority:0, 5b202ae5-680d-43fe-be69-63ca12314317|rpc:10.1.0.56:39647|dataStream:|priority:1, ef23a805-c360-46f9-a5ff-61453c052e9c|rpc:10.1.0.56:45291|dataStream:|priority:0], old=null, confs=<EMPTY_MAP>
2021-08-12 00:25:02,308 [pool-326-thread-1] INFO  server.RaftServerConfigKeys (ConfUtils.java:logGet(44)) - raft.server.storage.dir = [/home/runner/work/ozone/ozone/hadoop-ozone/integration-test/target/test-dir/MiniOzoneClusterImpl-a42b6446-58ec-43bb-8d59-9c3f88cf101c/datanode-1/data/ratis] (custom)
2021-08-12 00:25:02,308 [pool-326-thread-1] INFO  server.RaftServerConfigKeys (ConfUtils.java:logGet(44)) - raft.server.log.corruption.policy = EXCEPTION (default)
2021-08-12 00:25:02,308 [pool-326-thread-1] INFO  server.RaftServerConfigKeys (ConfUtils.java:logGet(44)) - raft.server.storage.free-space.min = 0MB (=0) (default)
2021-08-12 00:25:02,308 [pool-326-thread-1] INFO  storage.RaftStorageDirectory (RaftStorageDirectoryImpl.java:analyzeStorage(135)) - The storage directory /home/runner/work/ozone/ozone/hadoop-ozone/integration-test/target/test-dir/MiniOzoneClusterImpl-a42b6446-58ec-43bb-8d59-9c3f88cf101c/datanode-1/data/ratis/fbb95fc7-d228-40f1-b0e7-427675acf13c does not exist. Creating ...
2021-08-12 00:25:02,309 [pool-326-thread-1] INFO  storage.RaftStorageDirectory (RaftStorageDirectoryImpl.java:tryLock(230)) - Lock on /home/runner/work/ozone/ozone/hadoop-ozone/integration-test/target/test-dir/MiniOzoneClusterImpl-a42b6446-58ec-43bb-8d59-9c3f88cf101c/datanode-1/data/ratis/fbb95fc7-d228-40f1-b0e7-427675acf13c/in_use.lock acquired by nodename 2812@fv-az50-214
2021-08-12 00:25:02,310 [pool-326-thread-1] INFO  storage.RaftStorage (RaftStorageImpl.java:format(89)) - Storage directory /home/runner/work/ozone/ozone/hadoop-ozone/integration-test/target/test-dir/MiniOzoneClusterImpl-a42b6446-58ec-43bb-8d59-9c3f88cf101c/datanode-1/data/ratis/fbb95fc7-d228-40f1-b0e7-427675acf13c has been successfully formatted.
2021-08-12 00:25:02,328 [pool-326-thread-1] INFO  ratis.ContainerStateMachine (ContainerStateMachine.java:loadSnapshot(225)) - group-427675ACF13C: The snapshot info is null. Setting the last applied indexto:(t:0, i:~)
2021-08-12 00:25:02,328 [Datanode State Machine Thread - 0] WARN  statemachine.StateContext (StateContext.java:execute(621)) - No available thread in pool for past 1 seconds.
2021-08-12 00:25:02,328 [pool-326-thread-1] INFO  server.RaftServerConfigKeys (ConfUtils.java:logGet(44)) - raft.server.notification.no-leader.timeout = 300000ms (custom)
2021-08-12 00:25:02,328 [pool-326-thread-1] INFO  server.RaftServerConfigKeys (ConfUtils.java:logGet(44)) - raft.server.log.use.memory = false (default)
2021-08-12 00:25:02,328 [pool-326-thread-1] INFO  server.RaftServerConfigKeys (ConfUtils.java:logGet(44)) - raft.server.log.purge.gap = 1000000 (custom)
2021-08-12 00:25:02,333 [pool-326-thread-1] INFO  server.RaftServerConfigKeys (ConfUtils.java:logGet(44)) - raft.server.log.appender.buffer.byte-limit = 33554432 (custom)
2021-08-12 00:25:02,333 [pool-326-thread-1] INFO  server.RaftServerConfigKeys (ConfUtils.java:logGet(44)) - raft.server.log.segment.size.max = 1048576 (custom)
2021-08-12 00:25:02,333 [pool-326-thread-1] INFO  server.RaftServerConfigKeys (ConfUtils.java:logGet(44)) - raft.server.log.segment.cache.num.max = 2 (custom)
2021-08-12 00:25:02,334 [pool-326-thread-1] INFO  server.RaftServerConfigKeys (ConfUtils.java:logGet(44)) - raft.server.log.segment.cache.size.max = 200MB (=209715200) (default)
2021-08-12 00:25:02,334 [pool-326-thread-1] INFO  segmented.SegmentedRaftLogWorker (SegmentedRaftLogWorker.java:<init>(182)) - new c2eb00da-4d4a-4ac5-8b23-45ecd8b85c7f@group-427675ACF13C-SegmentedRaftLogWorker for RaftStorageImpl:Storage Directory /home/runner/work/ozone/ozone/hadoop-ozone/integration-test/target/test-dir/MiniOzoneClusterImpl-a42b6446-58ec-43bb-8d59-9c3f88cf101c/datanode-1/data/ratis/fbb95fc7-d228-40f1-b0e7-427675acf13c
2021-08-12 00:25:02,334 [pool-326-thread-1] INFO  server.RaftServerConfigKeys (ConfUtils.java:logGet(44)) - raft.server.log.queue.byte-limit = 2147483647 (custom)
2021-08-12 00:25:02,334 [pool-326-thread-1] INFO  server.RaftServerConfigKeys (ConfUtils.java:logGet(44)) - raft.server.log.queue.element-limit = 1024 (custom)
2021-08-12 00:25:02,334 [pool-326-thread-1] INFO  server.RaftServerConfigKeys (ConfUtils.java:logGet(44)) - raft.server.log.segment.size.max = 1048576 (custom)
2021-08-12 00:25:02,334 [pool-326-thread-1] INFO  server.RaftServerConfigKeys (ConfUtils.java:logGet(44)) - raft.server.log.preallocated.size = 16384 (custom)
2021-08-12 00:25:02,335 [pool-326-thread-1] INFO  server.RaftServerConfigKeys (ConfUtils.java:logGet(44)) - raft.server.log.force.sync.num = 128 (default)
2021-08-12 00:25:02,335 [pool-326-thread-1] INFO  server.RaftServerConfigKeys (ConfUtils.java:logGet(44)) - raft.server.log.statemachine.data.sync = true (default)
2021-08-12 00:25:02,335 [pool-326-thread-1] INFO  server.RaftServerConfigKeys (ConfUtils.java:logGet(44)) - raft.server.log.statemachine.data.sync.timeout = 10s (default)
2021-08-12 00:25:02,335 [pool-326-thread-1] INFO  server.RaftServerConfigKeys (ConfUtils.java:logGet(44)) - raft.server.log.statemachine.data.sync.timeout.retry = -1 (default)
2021-08-12 00:25:02,336 [pool-326-thread-1] INFO  server.RaftServerConfigKeys (ConfUtils.java:logGet(44)) - raft.server.log.write.buffer.size = 1048576 (custom)
2021-08-12 00:25:02,337 [pool-326-thread-1] INFO  server.RaftServerConfigKeys (ConfUtils.java:logGet(44)) - raft.server.log.statemachine.data.caching.enabled = true (custom)
2021-08-12 00:25:02,337 [pool-326-thread-1] INFO  segmented.SegmentedRaftLogWorker (SegmentedRaftLogWorker.java:lambda$new$0(133)) - c2eb00da-4d4a-4ac5-8b23-45ecd8b85c7f@group-427675ACF13C-SegmentedRaftLogWorker: flushIndex: setUnconditionally 0 -> -1
2021-08-12 00:25:02,337 [pool-326-thread-1] INFO  segmented.SegmentedRaftLogWorker (SegmentedRaftLogWorker.java:lambda$new$0(133)) - c2eb00da-4d4a-4ac5-8b23-45ecd8b85c7f@group-427675ACF13C-SegmentedRaftLogWorker: safeCacheEvictIndex: setUnconditionally 0 -> -1
2021-08-12 00:25:02,337 [pool-326-thread-1] INFO  server.RaftServerConfigKeys (ConfUtils.java:logGet(44)) - raft.server.snapshot.auto.trigger.enabled = true (custom)
2021-08-12 00:25:02,337 [pool-326-thread-1] INFO  server.RaftServerConfigKeys (ConfUtils.java:logGet(44)) - raft.server.snapshot.auto.trigger.threshold = 10000 (custom)
2021-08-12 00:25:02,338 [pool-326-thread-1] INFO  server.RaftServerConfigKeys (ConfUtils.java:logGet(44)) - raft.server.snapshot.retention.file.num = 5 (custom)
2021-08-12 00:25:02,338 [pool-326-thread-1] INFO  server.RaftServerConfigKeys (ConfUtils.java:logGet(44)) - raft.server.log.purge.upto.snapshot.index = false (default)
2021-08-12 00:25:02,338 [pool-326-thread-1] INFO  server.RaftServerConfigKeys (ConfUtils.java:logGet(44)) - raft.server.retrycache.expirytime = 600000ms (custom)
2021-08-12 00:25:02,338 [pool-326-thread-1] INFO  server.RaftServerConfigKeys (ConfUtils.java:logGet(44)) - raft.server.retrycache.statistics.expirytime = 100μs (default)
2021-08-12 00:25:02,339 [pool-326-thread-1] INFO  server.RaftServer$Division (RaftServerImpl.java:start(296)) - c2eb00da-4d4a-4ac5-8b23-45ecd8b85c7f@group-427675ACF13C: start as a follower, conf=-1: [c2eb00da-4d4a-4ac5-8b23-45ecd8b85c7f|rpc:10.1.0.56:41045|dataStream:|priority:0, 5b202ae5-680d-43fe-be69-63ca12314317|rpc:10.1.0.56:39647|dataStream:|priority:1, ef23a805-c360-46f9-a5ff-61453c052e9c|rpc:10.1.0.56:45291|dataStream:|priority:0], old=null
2021-08-12 00:25:02,339 [pool-326-thread-1] INFO  server.RaftServer$Division (RaftServerImpl.java:setRole(285)) - c2eb00da-4d4a-4ac5-8b23-45ecd8b85c7f@group-427675ACF13C: changes role from      null to FOLLOWER at term 0 for startAsFollower
2021-08-12 00:25:02,339 [pool-326-thread-1] INFO  impl.RoleInfo (RoleInfo.java:updateAndGet(130)) - c2eb00da-4d4a-4ac5-8b23-45ecd8b85c7f: start c2eb00da-4d4a-4ac5-8b23-45ecd8b85c7f@group-427675ACF13C-FollowerState
2021-08-12 00:25:02,351 [pool-326-thread-1] INFO  util.JmxRegister (JmxRegister.java:tryRegister(44)) - Successfully registered JMX Bean with object name Ratis:service=RaftServer,group=group-427675ACF13C,id=c2eb00da-4d4a-4ac5-8b23-45ecd8b85c7f
2021-08-12 00:25:02,423 [grpc-default-executor-3] INFO  server.RaftServer (RaftServerProxy.java:addNew(95)) - ef23a805-c360-46f9-a5ff-61453c052e9c: addNew group-427675ACF13C:[c2eb00da-4d4a-4ac5-8b23-45ecd8b85c7f|rpc:10.1.0.56:41045|dataStream:|priority:0, 5b202ae5-680d-43fe-be69-63ca12314317|rpc:10.1.0.56:39647|dataStream:|priority:1, ef23a805-c360-46f9-a5ff-61453c052e9c|rpc:10.1.0.56:45291|dataStream:|priority:0] returns group-427675ACF13C:java.util.concurrent.CompletableFuture@4ec15fb6[Not completed]
2021-08-12 00:25:02,457 [pool-345-thread-1] INFO  server.RaftServer$Division (RaftServerImpl.java:<init>(181)) - ef23a805-c360-46f9-a5ff-61453c052e9c: new RaftServerImpl for group-427675ACF13C:[c2eb00da-4d4a-4ac5-8b23-45ecd8b85c7f|rpc:10.1.0.56:41045|dataStream:|priority:0, 5b202ae5-680d-43fe-be69-63ca12314317|rpc:10.1.0.56:39647|dataStream:|priority:1, ef23a805-c360-46f9-a5ff-61453c052e9c|rpc:10.1.0.56:45291|dataStream:|priority:0] with ContainerStateMachine:uninitialized
2021-08-12 00:25:02,457 [pool-345-thread-1] INFO  server.RaftServerConfigKeys (ConfUtils.java:logGet(44)) - raft.server.rpc.timeout.min = 5s (custom)
2021-08-12 00:25:02,457 [pool-345-thread-1] INFO  server.RaftServerConfigKeys (ConfUtils.java:logGet(44)) - raft.server.rpc.timeout.max = 5200ms (custom)
2021-08-12 00:25:02,457 [pool-345-thread-1] INFO  server.RaftServerConfigKeys (ConfUtils.java:logGet(44)) - raft.server.rpc.sleep.time = 25ms (default)
2021-08-12 00:25:02,457 [pool-345-thread-1] INFO  server.RaftServerConfigKeys (ConfUtils.java:logGet(44)) - raft.server.rpc.slowness.timeout = 300000ms (custom)
2021-08-12 00:25:02,457 [pool-345-thread-1] INFO  server.RaftServerConfigKeys (ConfUtils.java:logGet(44)) - raft.server.leaderelection.leader.step-down.wait-time = 10s (default)
2021-08-12 00:25:02,457 [pool-345-thread-1] INFO  server.RaftServerConfigKeys (ConfUtils.java:logGet(44)) - raft.server.sleep.deviation.threshold = 300ms (default)
2021-08-12 00:25:02,457 [pool-345-thread-1] INFO  server.RaftServerConfigKeys (ConfUtils.java:logGet(44)) - raft.server.log.appender.install.snapshot.enabled = false (custom)
2021-08-12 00:25:02,457 [pool-345-thread-1] INFO  server.RaftServer$Division (ServerState.java:<init>(105)) - ef23a805-c360-46f9-a5ff-61453c052e9c@group-427675ACF13C: ConfigurationManager, init=-1: [c2eb00da-4d4a-4ac5-8b23-45ecd8b85c7f|rpc:10.1.0.56:41045|dataStream:|priority:0, 5b202ae5-680d-43fe-be69-63ca12314317|rpc:10.1.0.56:39647|dataStream:|priority:1, ef23a805-c360-46f9-a5ff-61453c052e9c|rpc:10.1.0.56:45291|dataStream:|priority:0], old=null, confs=<EMPTY_MAP>
2021-08-12 00:25:02,458 [pool-345-thread-1] INFO  server.RaftServerConfigKeys (ConfUtils.java:logGet(44)) - raft.server.storage.dir = [/home/runner/work/ozone/ozone/hadoop-ozone/integration-test/target/test-dir/MiniOzoneClusterImpl-a42b6446-58ec-43bb-8d59-9c3f88cf101c/datanode-2/data/ratis] (custom)
2021-08-12 00:25:02,458 [pool-345-thread-1] INFO  server.RaftServerConfigKeys (ConfUtils.java:logGet(44)) - raft.server.log.corruption.policy = EXCEPTION (default)
2021-08-12 00:25:02,458 [pool-345-thread-1] INFO  server.RaftServerConfigKeys (ConfUtils.java:logGet(44)) - raft.server.storage.free-space.min = 0MB (=0) (default)
2021-08-12 00:25:02,458 [pool-345-thread-1] INFO  storage.RaftStorageDirectory (RaftStorageDirectoryImpl.java:analyzeStorage(135)) - The storage directory /home/runner/work/ozone/ozone/hadoop-ozone/integration-test/target/test-dir/MiniOzoneClusterImpl-a42b6446-58ec-43bb-8d59-9c3f88cf101c/datanode-2/data/ratis/fbb95fc7-d228-40f1-b0e7-427675acf13c does not exist. Creating ...
2021-08-12 00:25:02,459 [pool-345-thread-1] INFO  storage.RaftStorageDirectory (RaftStorageDirectoryImpl.java:tryLock(230)) - Lock on /home/runner/work/ozone/ozone/hadoop-ozone/integration-test/target/test-dir/MiniOzoneClusterImpl-a42b6446-58ec-43bb-8d59-9c3f88cf101c/datanode-2/data/ratis/fbb95fc7-d228-40f1-b0e7-427675acf13c/in_use.lock acquired by nodename 2812@fv-az50-214
2021-08-12 00:25:02,460 [pool-345-thread-1] INFO  storage.RaftStorage (RaftStorageImpl.java:format(89)) - Storage directory /home/runner/work/ozone/ozone/hadoop-ozone/integration-test/target/test-dir/MiniOzoneClusterImpl-a42b6446-58ec-43bb-8d59-9c3f88cf101c/datanode-2/data/ratis/fbb95fc7-d228-40f1-b0e7-427675acf13c has been successfully formatted.
2021-08-12 00:25:02,471 [pool-345-thread-1] INFO  ratis.ContainerStateMachine (ContainerStateMachine.java:loadSnapshot(225)) - group-427675ACF13C: The snapshot info is null. Setting the last applied indexto:(t:0, i:~)
2021-08-12 00:25:02,471 [pool-345-thread-1] INFO  server.RaftServerConfigKeys (ConfUtils.java:logGet(44)) - raft.server.notification.no-leader.timeout = 300000ms (custom)
2021-08-12 00:25:02,471 [pool-345-thread-1] INFO  server.RaftServerConfigKeys (ConfUtils.java:logGet(44)) - raft.server.log.use.memory = false (default)
2021-08-12 00:25:02,472 [pool-345-thread-1] INFO  server.RaftServerConfigKeys (ConfUtils.java:logGet(44)) - raft.server.log.purge.gap = 1000000 (custom)
2021-08-12 00:25:02,472 [pool-345-thread-1] INFO  server.RaftServerConfigKeys (ConfUtils.java:logGet(44)) - raft.server.log.appender.buffer.byte-limit = 33554432 (custom)
2021-08-12 00:25:02,472 [pool-345-thread-1] INFO  server.RaftServerConfigKeys (ConfUtils.java:logGet(44)) - raft.server.log.segment.size.max = 1048576 (custom)
2021-08-12 00:25:02,472 [pool-345-thread-1] INFO  server.RaftServerConfigKeys (ConfUtils.java:logGet(44)) - raft.server.log.segment.cache.num.max = 2 (custom)
2021-08-12 00:25:02,472 [pool-345-thread-1] INFO  server.RaftServerConfigKeys (ConfUtils.java:logGet(44)) - raft.server.log.segment.cache.size.max = 200MB (=209715200) (default)
2021-08-12 00:25:02,472 [pool-345-thread-1] INFO  segmented.SegmentedRaftLogWorker (SegmentedRaftLogWorker.java:<init>(182)) - new ef23a805-c360-46f9-a5ff-61453c052e9c@group-427675ACF13C-SegmentedRaftLogWorker for RaftStorageImpl:Storage Directory /home/runner/work/ozone/ozone/hadoop-ozone/integration-test/target/test-dir/MiniOzoneClusterImpl-a42b6446-58ec-43bb-8d59-9c3f88cf101c/datanode-2/data/ratis/fbb95fc7-d228-40f1-b0e7-427675acf13c
2021-08-12 00:25:02,472 [pool-345-thread-1] INFO  server.RaftServerConfigKeys (ConfUtils.java:logGet(44)) - raft.server.log.queue.byte-limit = 2147483647 (custom)
2021-08-12 00:25:02,473 [pool-345-thread-1] INFO  server.RaftServerConfigKeys (ConfUtils.java:logGet(44)) - raft.server.log.queue.element-limit = 1024 (custom)
2021-08-12 00:25:02,473 [pool-345-thread-1] INFO  server.RaftServerConfigKeys (ConfUtils.java:logGet(44)) - raft.server.log.segment.size.max = 1048576 (custom)
2021-08-12 00:25:02,473 [pool-345-thread-1] INFO  server.RaftServerConfigKeys (ConfUtils.java:logGet(44)) - raft.server.log.preallocated.size = 16384 (custom)
2021-08-12 00:25:02,473 [pool-345-thread-1] INFO  server.RaftServerConfigKeys (ConfUtils.java:logGet(44)) - raft.server.log.force.sync.num = 128 (default)
2021-08-12 00:25:02,473 [pool-345-thread-1] INFO  server.RaftServerConfigKeys (ConfUtils.java:logGet(44)) - raft.server.log.statemachine.data.sync = true (default)
2021-08-12 00:25:02,473 [pool-345-thread-1] INFO  server.RaftServerConfigKeys (ConfUtils.java:logGet(44)) - raft.server.log.statemachine.data.sync.timeout = 10s (default)
2021-08-12 00:25:02,473 [pool-345-thread-1] INFO  server.RaftServerConfigKeys (ConfUtils.java:logGet(44)) - raft.server.log.statemachine.data.sync.timeout.retry = -1 (default)
2021-08-12 00:25:02,474 [pool-345-thread-1] INFO  server.RaftServerConfigKeys (ConfUtils.java:logGet(44)) - raft.server.log.write.buffer.size = 1048576 (custom)
2021-08-12 00:25:02,474 [pool-345-thread-1] INFO  server.RaftServerConfigKeys (ConfUtils.java:logGet(44)) - raft.server.log.statemachine.data.caching.enabled = true (custom)
2021-08-12 00:25:02,474 [pool-345-thread-1] INFO  segmented.SegmentedRaftLogWorker (SegmentedRaftLogWorker.java:lambda$new$0(133)) - ef23a805-c360-46f9-a5ff-61453c052e9c@group-427675ACF13C-SegmentedRaftLogWorker: flushIndex: setUnconditionally 0 -> -1
2021-08-12 00:25:02,475 [pool-345-thread-1] INFO  segmented.SegmentedRaftLogWorker (SegmentedRaftLogWorker.java:lambda$new$0(133)) - ef23a805-c360-46f9-a5ff-61453c052e9c@group-427675ACF13C-SegmentedRaftLogWorker: safeCacheEvictIndex: setUnconditionally 0 -> -1
2021-08-12 00:25:02,484 [pool-345-thread-1] INFO  server.RaftServerConfigKeys (ConfUtils.java:logGet(44)) - raft.server.snapshot.auto.trigger.enabled = true (custom)
2021-08-12 00:25:02,485 [pool-345-thread-1] INFO  server.RaftServerConfigKeys (ConfUtils.java:logGet(44)) - raft.server.snapshot.auto.trigger.threshold = 10000 (custom)
2021-08-12 00:25:02,485 [pool-345-thread-1] INFO  server.RaftServerConfigKeys (ConfUtils.java:logGet(44)) - raft.server.snapshot.retention.file.num = 5 (custom)
2021-08-12 00:25:02,485 [pool-345-thread-1] INFO  server.RaftServerConfigKeys (ConfUtils.java:logGet(44)) - raft.server.log.purge.upto.snapshot.index = false (default)
2021-08-12 00:25:02,485 [pool-345-thread-1] INFO  server.RaftServerConfigKeys (ConfUtils.java:logGet(44)) - raft.server.retrycache.expirytime = 600000ms (custom)
2021-08-12 00:25:02,485 [pool-345-thread-1] INFO  server.RaftServerConfigKeys (ConfUtils.java:logGet(44)) - raft.server.retrycache.statistics.expirytime = 100μs (default)
2021-08-12 00:25:02,486 [pool-345-thread-1] INFO  server.RaftServer$Division (RaftServerImpl.java:start(296)) - ef23a805-c360-46f9-a5ff-61453c052e9c@group-427675ACF13C: start as a follower, conf=-1: [c2eb00da-4d4a-4ac5-8b23-45ecd8b85c7f|rpc:10.1.0.56:41045|dataStream:|priority:0, 5b202ae5-680d-43fe-be69-63ca12314317|rpc:10.1.0.56:39647|dataStream:|priority:1, ef23a805-c360-46f9-a5ff-61453c052e9c|rpc:10.1.0.56:45291|dataStream:|priority:0], old=null
2021-08-12 00:25:02,486 [pool-345-thread-1] INFO  server.RaftServer$Division (RaftServerImpl.java:setRole(285)) - ef23a805-c360-46f9-a5ff-61453c052e9c@group-427675ACF13C: changes role from      null to FOLLOWER at term 0 for startAsFollower
2021-08-12 00:25:02,487 [pool-345-thread-1] INFO  impl.RoleInfo (RoleInfo.java:updateAndGet(130)) - ef23a805-c360-46f9-a5ff-61453c052e9c: start ef23a805-c360-46f9-a5ff-61453c052e9c@group-427675ACF13C-FollowerState
2021-08-12 00:25:02,489 [pool-345-thread-1] INFO  util.JmxRegister (JmxRegister.java:tryRegister(44)) - Successfully registered JMX Bean with object name Ratis:service=RaftServer,group=group-427675ACF13C,id=ef23a805-c360-46f9-a5ff-61453c052e9c
2021-08-12 00:25:02,525 [Command processor thread] INFO  commandhandler.CreatePipelineCommandHandler (CreatePipelineCommandHandler.java:handle(106)) - Created Pipeline RATIS THREE PipelineID=fbb95fc7-d228-40f1-b0e7-427675acf13c.
2021-08-12 00:25:02,741 [Command processor thread] INFO  server.RaftServer (RaftServerProxy.java:addNew(95)) - c2eb00da-4d4a-4ac5-8b23-45ecd8b85c7f: addNew group-594D4EA65469:[c2eb00da-4d4a-4ac5-8b23-45ecd8b85c7f|rpc:10.1.0.56:41045|priority:1] returns group-594D4EA65469:java.util.concurrent.CompletableFuture@438e4669[Not completed]
2021-08-12 00:25:02,742 [IPC Server handler 5 on default port 33263] INFO  net.NetworkTopologyImpl (NetworkTopologyImpl.java:add(112)) - Added a new node: /default-rack/87d3608b-f9fd-4b10-ba0a-a0d8569acffd
2021-08-12 00:25:02,742 [IPC Server handler 5 on default port 33263] INFO  node.SCMNodeManager (SCMNodeManager.java:register(390)) - Registered Data node : 87d3608b-f9fd-4b10-ba0a-a0d8569acffd{ip: 10.1.0.56, host: fv-az50-214.grzltbmokehuzjyc5b133kdqgh.cx.internal.cloudapp.net, ports: [REPLICATION=35031, RATIS=37127, RATIS_ADMIN=37127, RATIS_SERVER=37127, STANDALONE=36695], networkLocation: /default-rack, certSerialId: null, persistedOpState: null, persistedOpStateExpiryEpochSec: 0}
2021-08-12 00:25:02,743 [pool-326-thread-1] INFO  server.RaftServer$Division (RaftServerImpl.java:<init>(181)) - c2eb00da-4d4a-4ac5-8b23-45ecd8b85c7f: new RaftServerImpl for group-594D4EA65469:[c2eb00da-4d4a-4ac5-8b23-45ecd8b85c7f|rpc:10.1.0.56:41045|priority:1] with ContainerStateMachine:uninitialized
2021-08-12 00:25:02,743 [pool-326-thread-1] INFO  server.RaftServerConfigKeys (ConfUtils.java:logGet(44)) - raft.server.rpc.timeout.min = 5s (custom)
2021-08-12 00:25:02,743 [pool-326-thread-1] INFO  server.RaftServerConfigKeys (ConfUtils.java:logGet(44)) - raft.server.rpc.timeout.max = 5200ms (custom)
2021-08-12 00:25:02,743 [pool-326-thread-1] INFO  server.RaftServerConfigKeys (ConfUtils.java:logGet(44)) - raft.server.rpc.sleep.time = 25ms (default)
2021-08-12 00:25:02,743 [pool-326-thread-1] INFO  server.RaftServerConfigKeys (ConfUtils.java:logGet(44)) - raft.server.rpc.slowness.timeout = 300000ms (custom)
2021-08-12 00:25:02,743 [pool-326-thread-1] INFO  server.RaftServerConfigKeys (ConfUtils.java:logGet(44)) - raft.server.leaderelection.leader.step-down.wait-time = 10s (default)
2021-08-12 00:25:02,743 [pool-326-thread-1] INFO  server.RaftServerConfigKeys (ConfUtils.java:logGet(44)) - raft.server.sleep.deviation.threshold = 300ms (default)
2021-08-12 00:25:02,743 [pool-326-thread-1] INFO  server.RaftServerConfigKeys (ConfUtils.java:logGet(44)) - raft.server.log.appender.install.snapshot.enabled = false (custom)
2021-08-12 00:25:02,743 [pool-326-thread-1] INFO  server.RaftServer$Division (ServerState.java:<init>(105)) - c2eb00da-4d4a-4ac5-8b23-45ecd8b85c7f@group-594D4EA65469: ConfigurationManager, init=-1: [c2eb00da-4d4a-4ac5-8b23-45ecd8b85c7f|rpc:10.1.0.56:41045|priority:1], old=null, confs=<EMPTY_MAP>
2021-08-12 00:25:02,743 [pool-326-thread-1] INFO  server.RaftServerConfigKeys (ConfUtils.java:logGet(44)) - raft.server.storage.dir = [/home/runner/work/ozone/ozone/hadoop-ozone/integration-test/target/test-dir/MiniOzoneClusterImpl-a42b6446-58ec-43bb-8d59-9c3f88cf101c/datanode-1/data/ratis] (custom)
2021-08-12 00:25:02,743 [pool-326-thread-1] INFO  server.RaftServerConfigKeys (ConfUtils.java:logGet(44)) - raft.server.log.corruption.policy = EXCEPTION (default)
2021-08-12 00:25:02,744 [pool-326-thread-1] INFO  server.RaftServerConfigKeys (ConfUtils.java:logGet(44)) - raft.server.storage.free-space.min = 0MB (=0) (default)
2021-08-12 00:25:02,744 [pool-326-thread-1] INFO  storage.RaftStorageDirectory (RaftStorageDirectoryImpl.java:analyzeStorage(135)) - The storage directory /home/runner/work/ozone/ozone/hadoop-ozone/integration-test/target/test-dir/MiniOzoneClusterImpl-a42b6446-58ec-43bb-8d59-9c3f88cf101c/datanode-1/data/ratis/6b8ada74-73ff-4031-a801-594d4ea65469 does not exist. Creating ...
2021-08-12 00:25:02,744 [EventQueue-NewNodeForNewNodeHandler] INFO  pipeline.BackgroundPipelineCreator (BackgroundPipelineCreatorV2.java:notifyEventTriggered(285)) - trigger a one-shot run on RatisPipelineUtilsThread.
2021-08-12 00:25:02,745 [RatisPipelineUtilsThread - 0] INFO  pipeline.RatisPipelineProvider (RatisPipelineProvider.java:lambda$create$0(183)) - Sending CreatePipelineCommand for pipeline:PipelineID=5512268e-bb8b-41a2-ab17-4e85b0b35dcc to datanode:87d3608b-f9fd-4b10-ba0a-a0d8569acffd
2021-08-12 00:25:02,745 [RatisPipelineUtilsThread - 0] INFO  pipeline.PipelineStateManager (PipelineStateManagerV2Impl.java:addPipeline(101)) - Created pipeline Pipeline[ Id: 5512268e-bb8b-41a2-ab17-4e85b0b35dcc, Nodes: 87d3608b-f9fd-4b10-ba0a-a0d8569acffd{ip: 10.1.0.56, host: fv-az50-214.grzltbmokehuzjyc5b133kdqgh.cx.internal.cloudapp.net, ports: [REPLICATION=35031, RATIS=37127, RATIS_ADMIN=37127, RATIS_SERVER=37127, STANDALONE=36695], networkLocation: /default-rack, certSerialId: null, persistedOpState: IN_SERVICE, persistedOpStateExpiryEpochSec: 0}, ReplicationConfig: RATIS/ONE, State:ALLOCATED, leaderId:, CreationTimestamp2021-08-12T00:25:02.745Z[Etc/UTC]].
2021-08-12 00:25:02,750 [pool-326-thread-1] INFO  storage.RaftStorageDirectory (RaftStorageDirectoryImpl.java:tryLock(230)) - Lock on /home/runner/work/ozone/ozone/hadoop-ozone/integration-test/target/test-dir/MiniOzoneClusterImpl-a42b6446-58ec-43bb-8d59-9c3f88cf101c/datanode-1/data/ratis/6b8ada74-73ff-4031-a801-594d4ea65469/in_use.lock acquired by nodename 2812@fv-az50-214
2021-08-12 00:25:02,752 [pool-326-thread-1] INFO  storage.RaftStorage (RaftStorageImpl.java:format(89)) - Storage directory /home/runner/work/ozone/ozone/hadoop-ozone/integration-test/target/test-dir/MiniOzoneClusterImpl-a42b6446-58ec-43bb-8d59-9c3f88cf101c/datanode-1/data/ratis/6b8ada74-73ff-4031-a801-594d4ea65469 has been successfully formatted.
2021-08-12 00:25:02,753 [pool-326-thread-1] INFO  ratis.ContainerStateMachine (ContainerStateMachine.java:loadSnapshot(225)) - group-594D4EA65469: The snapshot info is null. Setting the last applied indexto:(t:0, i:~)
2021-08-12 00:25:02,753 [pool-326-thread-1] INFO  server.RaftServerConfigKeys (ConfUtils.java:logGet(44)) - raft.server.notification.no-leader.timeout = 300000ms (custom)
2021-08-12 00:25:02,753 [pool-326-thread-1] INFO  server.RaftServerConfigKeys (ConfUtils.java:logGet(44)) - raft.server.log.use.memory = false (default)
2021-08-12 00:25:02,753 [pool-326-thread-1] INFO  server.RaftServerConfigKeys (ConfUtils.java:logGet(44)) - raft.server.log.purge.gap = 1000000 (custom)
2021-08-12 00:25:02,753 [pool-326-thread-1] INFO  server.RaftServerConfigKeys (ConfUtils.java:logGet(44)) - raft.server.log.appender.buffer.byte-limit = 33554432 (custom)
2021-08-12 00:25:02,753 [pool-326-thread-1] INFO  server.RaftServerConfigKeys (ConfUtils.java:logGet(44)) - raft.server.log.segment.size.max = 1048576 (custom)
2021-08-12 00:25:02,753 [pool-326-thread-1] INFO  server.RaftServerConfigKeys (ConfUtils.java:logGet(44)) - raft.server.log.segment.cache.num.max = 2 (custom)
2021-08-12 00:25:02,754 [pool-326-thread-1] INFO  server.RaftServerConfigKeys (ConfUtils.java:logGet(44)) - raft.server.log.segment.cache.size.max = 200MB (=209715200) (default)
2021-08-12 00:25:02,754 [pool-326-thread-1] INFO  segmented.SegmentedRaftLogWorker (SegmentedRaftLogWorker.java:<init>(182)) - new c2eb00da-4d4a-4ac5-8b23-45ecd8b85c7f@group-594D4EA65469-SegmentedRaftLogWorker for RaftStorageImpl:Storage Directory /home/runner/work/ozone/ozone/hadoop-ozone/integration-test/target/test-dir/MiniOzoneClusterImpl-a42b6446-58ec-43bb-8d59-9c3f88cf101c/datanode-1/data/ratis/6b8ada74-73ff-4031-a801-594d4ea65469
2021-08-12 00:25:02,754 [pool-326-thread-1] INFO  server.RaftServerConfigKeys (ConfUtils.java:logGet(44)) - raft.server.log.queue.byte-limit = 2147483647 (custom)
2021-08-12 00:25:02,754 [pool-326-thread-1] INFO  server.RaftServerConfigKeys (ConfUtils.java:logGet(44)) - raft.server.log.queue.element-limit = 1024 (custom)
2021-08-12 00:25:02,754 [pool-326-thread-1] INFO  server.RaftServerConfigKeys (ConfUtils.java:logGet(44)) - raft.server.log.segment.size.max = 1048576 (custom)
2021-08-12 00:25:02,754 [pool-326-thread-1] INFO  server.RaftServerConfigKeys (ConfUtils.java:logGet(44)) - raft.server.log.preallocated.size = 16384 (custom)
2021-08-12 00:25:02,754 [pool-326-thread-1] INFO  server.RaftServerConfigKeys (ConfUtils.java:logGet(44)) - raft.server.log.force.sync.num = 128 (default)
2021-08-12 00:25:02,754 [pool-326-thread-1] INFO  server.RaftServerConfigKeys (ConfUtils.java:logGet(44)) - raft.server.log.statemachine.data.sync = true (default)
2021-08-12 00:25:02,754 [pool-326-thread-1] INFO  server.RaftServerConfigKeys (ConfUtils.java:logGet(44)) - raft.server.log.statemachine.data.sync.timeout = 10s (default)
2021-08-12 00:25:02,754 [pool-326-thread-1] INFO  server.RaftServerConfigKeys (ConfUtils.java:logGet(44)) - raft.server.log.statemachine.data.sync.timeout.retry = -1 (default)
2021-08-12 00:25:02,755 [pool-326-thread-1] INFO  server.RaftServerConfigKeys (ConfUtils.java:logGet(44)) - raft.server.log.write.buffer.size = 1048576 (custom)
2021-08-12 00:25:02,755 [pool-326-thread-1] INFO  server.RaftServerConfigKeys (ConfUtils.java:logGet(44)) - raft.server.log.statemachine.data.caching.enabled = true (custom)
2021-08-12 00:25:02,755 [pool-326-thread-1] INFO  segmented.SegmentedRaftLogWorker (SegmentedRaftLogWorker.java:lambda$new$0(133)) - c2eb00da-4d4a-4ac5-8b23-45ecd8b85c7f@group-594D4EA65469-SegmentedRaftLogWorker: flushIndex: setUnconditionally 0 -> -1
2021-08-12 00:25:02,756 [pool-326-thread-1] INFO  segmented.SegmentedRaftLogWorker (SegmentedRaftLogWorker.java:lambda$new$0(133)) - c2eb00da-4d4a-4ac5-8b23-45ecd8b85c7f@group-594D4EA65469-SegmentedRaftLogWorker: safeCacheEvictIndex: setUnconditionally 0 -> -1
2021-08-12 00:25:02,757 [Datanode State Machine Thread - 0] WARN  statemachine.StateContext (StateContext.java:execute(621)) - No available thread in pool for past 1 seconds.
2021-08-12 00:25:02,768 [pool-326-thread-1] INFO  server.RaftServerConfigKeys (ConfUtils.java:logGet(44)) - raft.server.snapshot.auto.trigger.enabled = true (custom)
2021-08-12 00:25:02,769 [pool-326-thread-1] INFO  server.RaftServerConfigKeys (ConfUtils.java:logGet(44)) - raft.server.snapshot.auto.trigger.threshold = 10000 (custom)
2021-08-12 00:25:02,769 [pool-326-thread-1] INFO  server.RaftServerConfigKeys (ConfUtils.java:logGet(44)) - raft.server.snapshot.retention.file.num = 5 (custom)
2021-08-12 00:25:02,769 [pool-326-thread-1] INFO  server.RaftServerConfigKeys (ConfUtils.java:logGet(44)) - raft.server.log.purge.upto.snapshot.index = false (default)
2021-08-12 00:25:02,769 [pool-326-thread-1] INFO  server.RaftServerConfigKeys (ConfUtils.java:logGet(44)) - raft.server.retrycache.expirytime = 600000ms (custom)
2021-08-12 00:25:02,769 [pool-326-thread-1] INFO  server.RaftServerConfigKeys (ConfUtils.java:logGet(44)) - raft.server.retrycache.statistics.expirytime = 100μs (default)
2021-08-12 00:25:02,770 [pool-326-thread-1] INFO  server.RaftServer$Division (RaftServerImpl.java:start(296)) - c2eb00da-4d4a-4ac5-8b23-45ecd8b85c7f@group-594D4EA65469: start as a follower, conf=-1: [c2eb00da-4d4a-4ac5-8b23-45ecd8b85c7f|rpc:10.1.0.56:41045|priority:1], old=null
2021-08-12 00:25:02,770 [pool-326-thread-1] INFO  server.RaftServer$Division (RaftServerImpl.java:setRole(285)) - c2eb00da-4d4a-4ac5-8b23-45ecd8b85c7f@group-594D4EA65469: changes role from      null to FOLLOWER at term 0 for startAsFollower
2021-08-12 00:25:02,771 [pool-326-thread-1] INFO  impl.RoleInfo (RoleInfo.java:updateAndGet(130)) - c2eb00da-4d4a-4ac5-8b23-45ecd8b85c7f: start c2eb00da-4d4a-4ac5-8b23-45ecd8b85c7f@group-594D4EA65469-FollowerState
2021-08-12 00:25:02,776 [pool-326-thread-1] INFO  util.JmxRegister (JmxRegister.java:tryRegister(44)) - Successfully registered JMX Bean with object name Ratis:service=RaftServer,group=group-594D4EA65469,id=c2eb00da-4d4a-4ac5-8b23-45ecd8b85c7f
2021-08-12 00:25:02,777 [Command processor thread] INFO  ratis.XceiverServerRatis (XceiverServerRatis.java:addGroup(763)) - Created group PipelineID=6b8ada74-73ff-4031-a801-594d4ea65469
2021-08-12 00:25:02,777 [Command processor thread] INFO  commandhandler.CreatePipelineCommandHandler (CreatePipelineCommandHandler.java:handle(106)) - Created Pipeline RATIS ONE PipelineID=6b8ada74-73ff-4031-a801-594d4ea65469.
2021-08-12 00:25:02,785 [EventQueue-PipelineReportForPipelineReportHandler] INFO  pipeline.PipelineManagerImpl (PipelineManagerImpl.java:openPipeline(283)) - Pipeline Pipeline[ Id: 6b8ada74-73ff-4031-a801-594d4ea65469, Nodes: c2eb00da-4d4a-4ac5-8b23-45ecd8b85c7f{ip: 10.1.0.56, host: fv-az50-214.grzltbmokehuzjyc5b133kdqgh.cx.internal.cloudapp.net, ports: [REPLICATION=34579, RATIS=41045, RATIS_ADMIN=41045, RATIS_SERVER=41045, STANDALONE=33705], networkLocation: /default-rack, certSerialId: null, persistedOpState: IN_SERVICE, persistedOpStateExpiryEpochSec: 0}, ReplicationConfig: RATIS/ONE, State:ALLOCATED, leaderId:c2eb00da-4d4a-4ac5-8b23-45ecd8b85c7f, CreationTimestamp2021-08-12T00:24:59.776Z[Etc/UTC]] moved to OPEN state
2021-08-12 00:25:02,785 [EventQueue-OpenPipelineForHealthyPipelineSafeModeRule] INFO  safemode.SCMSafeModeManager (HealthyPipelineSafeModeRule.java:process(124)) - SCM in safe mode. Healthy pipelines reported count is 0, required healthy pipeline reported count is 1
2021-08-12 00:25:02,826 [Listener at 127.0.0.1/46733] INFO  ozone.MiniOzoneClusterImpl (MiniOzoneClusterImpl.java:lambda$waitForClusterToBeReady$0(235)) - Waiting for nodes to be ready. Got 7 of 9 DN Heartbeats.
2021-08-12 00:25:02,826 [Listener at 127.0.0.1/46733] INFO  ozone.MiniOzoneClusterImpl (MiniOzoneClusterImpl.java:lambda$waitForClusterToBeReady$0(238)) - Waiting for cluster to exit safe mode
2021-08-12 00:25:02,826 [Listener at 127.0.0.1/46733] INFO  ozone.MiniOzoneClusterImpl (MiniOzoneClusterImpl.java:lambda$waitForClusterToBeReady$0(240)) - SCM became leader
2021-08-12 00:25:03,277 [IPC Server handler 0 on default port 33263] INFO  net.NetworkTopologyImpl (NetworkTopologyImpl.java:add(112)) - Added a new node: /default-rack/bcde775b-c238-4412-9eeb-a88c910f700f
2021-08-12 00:25:03,278 [IPC Server handler 0 on default port 33263] INFO  node.SCMNodeManager (SCMNodeManager.java:register(390)) - Registered Data node : bcde775b-c238-4412-9eeb-a88c910f700f{ip: 10.1.0.56, host: fv-az50-214.grzltbmokehuzjyc5b133kdqgh.cx.internal.cloudapp.net, ports: [REPLICATION=42723, RATIS=33235, RATIS_ADMIN=33235, RATIS_SERVER=33235, STANDALONE=37815], networkLocation: /default-rack, certSerialId: null, persistedOpState: null, persistedOpStateExpiryEpochSec: 0}
2021-08-12 00:25:03,278 [EventQueue-NewNodeForNewNodeHandler] INFO  pipeline.BackgroundPipelineCreator (BackgroundPipelineCreatorV2.java:notifyEventTriggered(285)) - trigger a one-shot run on RatisPipelineUtilsThread.
2021-08-12 00:25:03,278 [RatisPipelineUtilsThread - 0] INFO  pipeline.RatisPipelineProvider (RatisPipelineProvider.java:lambda$create$0(183)) - Sending CreatePipelineCommand for pipeline:PipelineID=83b1a2bc-e20b-4648-afa2-23aa8f2b890b to datanode:bcde775b-c238-4412-9eeb-a88c910f700f
2021-08-12 00:25:03,279 [RatisPipelineUtilsThread - 0] INFO  pipeline.PipelineStateManager (PipelineStateManagerV2Impl.java:addPipeline(101)) - Created pipeline Pipeline[ Id: 83b1a2bc-e20b-4648-afa2-23aa8f2b890b, Nodes: bcde775b-c238-4412-9eeb-a88c910f700f{ip: 10.1.0.56, host: fv-az50-214.grzltbmokehuzjyc5b133kdqgh.cx.internal.cloudapp.net, ports: [REPLICATION=42723, RATIS=33235, RATIS_ADMIN=33235, RATIS_SERVER=33235, STANDALONE=37815], networkLocation: /default-rack, certSerialId: null, persistedOpState: IN_SERVICE, persistedOpStateExpiryEpochSec: 0}, ReplicationConfig: RATIS/ONE, State:ALLOCATED, leaderId:, CreationTimestamp2021-08-12T00:25:03.278Z[Etc/UTC]].
2021-08-12 00:25:03,393 [Command processor thread] INFO  server.RaftServer (RaftServerProxy.java:addNew(95)) - ef23a805-c360-46f9-a5ff-61453c052e9c: addNew group-BF10A166F694:[ef23a805-c360-46f9-a5ff-61453c052e9c|rpc:10.1.0.56:45291|priority:1] returns group-BF10A166F694:java.util.concurrent.CompletableFuture@1e710ee2[Not completed]
2021-08-12 00:25:03,394 [pool-345-thread-1] INFO  server.RaftServer$Division (RaftServerImpl.java:<init>(181)) - ef23a805-c360-46f9-a5ff-61453c052e9c: new RaftServerImpl for group-BF10A166F694:[ef23a805-c360-46f9-a5ff-61453c052e9c|rpc:10.1.0.56:45291|priority:1] with ContainerStateMachine:uninitialized
2021-08-12 00:25:03,394 [pool-345-thread-1] INFO  server.RaftServerConfigKeys (ConfUtils.java:logGet(44)) - raft.server.rpc.timeout.min = 5s (custom)
2021-08-12 00:25:03,394 [pool-345-thread-1] INFO  server.RaftServerConfigKeys (ConfUtils.java:logGet(44)) - raft.server.rpc.timeout.max = 5200ms (custom)
2021-08-12 00:25:03,394 [pool-345-thread-1] INFO  server.RaftServerConfigKeys (ConfUtils.java:logGet(44)) - raft.server.rpc.sleep.time = 25ms (default)
2021-08-12 00:25:03,394 [pool-345-thread-1] INFO  server.RaftServerConfigKeys (ConfUtils.java:logGet(44)) - raft.server.rpc.slowness.timeout = 300000ms (custom)
2021-08-12 00:25:03,394 [pool-345-thread-1] INFO  server.RaftServerConfigKeys (ConfUtils.java:logGet(44)) - raft.server.leaderelection.leader.step-down.wait-time = 10s (default)
2021-08-12 00:25:03,395 [pool-345-thread-1] INFO  server.RaftServerConfigKeys (ConfUtils.java:logGet(44)) - raft.server.sleep.deviation.threshold = 300ms (default)
2021-08-12 00:25:03,395 [pool-345-thread-1] INFO  server.RaftServerConfigKeys (ConfUtils.java:logGet(44)) - raft.server.log.appender.install.snapshot.enabled = false (custom)
2021-08-12 00:25:03,395 [pool-345-thread-1] INFO  server.RaftServer$Division (ServerState.java:<init>(105)) - ef23a805-c360-46f9-a5ff-61453c052e9c@group-BF10A166F694: ConfigurationManager, init=-1: [ef23a805-c360-46f9-a5ff-61453c052e9c|rpc:10.1.0.56:45291|priority:1], old=null, confs=<EMPTY_MAP>
2021-08-12 00:25:03,395 [pool-345-thread-1] INFO  server.RaftServerConfigKeys (ConfUtils.java:logGet(44)) - raft.server.storage.dir = [/home/runner/work/ozone/ozone/hadoop-ozone/integration-test/target/test-dir/MiniOzoneClusterImpl-a42b6446-58ec-43bb-8d59-9c3f88cf101c/datanode-2/data/ratis] (custom)
2021-08-12 00:25:03,395 [pool-345-thread-1] INFO  server.RaftServerConfigKeys (ConfUtils.java:logGet(44)) - raft.server.log.corruption.policy = EXCEPTION (default)
2021-08-12 00:25:03,395 [pool-345-thread-1] INFO  server.RaftServerConfigKeys (ConfUtils.java:logGet(44)) - raft.server.storage.free-space.min = 0MB (=0) (default)
2021-08-12 00:25:03,395 [pool-345-thread-1] INFO  storage.RaftStorageDirectory (RaftStorageDirectoryImpl.java:analyzeStorage(135)) - The storage directory /home/runner/work/ozone/ozone/hadoop-ozone/integration-test/target/test-dir/MiniOzoneClusterImpl-a42b6446-58ec-43bb-8d59-9c3f88cf101c/datanode-2/data/ratis/1eb0b2fb-7b9b-4778-a3da-bf10a166f694 does not exist. Creating ...
2021-08-12 00:25:03,396 [pool-345-thread-1] INFO  storage.RaftStorageDirectory (RaftStorageDirectoryImpl.java:tryLock(230)) - Lock on /home/runner/work/ozone/ozone/hadoop-ozone/integration-test/target/test-dir/MiniOzoneClusterImpl-a42b6446-58ec-43bb-8d59-9c3f88cf101c/datanode-2/data/ratis/1eb0b2fb-7b9b-4778-a3da-bf10a166f694/in_use.lock acquired by nodename 2812@fv-az50-214
2021-08-12 00:25:03,398 [pool-345-thread-1] INFO  storage.RaftStorage (RaftStorageImpl.java:format(89)) - Storage directory /home/runner/work/ozone/ozone/hadoop-ozone/integration-test/target/test-dir/MiniOzoneClusterImpl-a42b6446-58ec-43bb-8d59-9c3f88cf101c/datanode-2/data/ratis/1eb0b2fb-7b9b-4778-a3da-bf10a166f694 has been successfully formatted.
2021-08-12 00:25:03,398 [pool-345-thread-1] INFO  ratis.ContainerStateMachine (ContainerStateMachine.java:loadSnapshot(225)) - group-BF10A166F694: The snapshot info is null. Setting the last applied indexto:(t:0, i:~)
2021-08-12 00:25:03,398 [pool-345-thread-1] INFO  server.RaftServerConfigKeys (ConfUtils.java:logGet(44)) - raft.server.notification.no-leader.timeout = 300000ms (custom)
2021-08-12 00:25:03,398 [pool-345-thread-1] INFO  server.RaftServerConfigKeys (ConfUtils.java:logGet(44)) - raft.server.log.use.memory = false (default)
2021-08-12 00:25:03,398 [pool-345-thread-1] INFO  server.RaftServerConfigKeys (ConfUtils.java:logGet(44)) - raft.server.log.purge.gap = 1000000 (custom)
2021-08-12 00:25:03,399 [EventQueue-PipelineReportForPipelineReportHandler] INFO  pipeline.PipelineManagerImpl (PipelineManagerImpl.java:openPipeline(283)) - Pipeline Pipeline[ Id: 1eb0b2fb-7b9b-4778-a3da-bf10a166f694, Nodes: ef23a805-c360-46f9-a5ff-61453c052e9c{ip: 10.1.0.56, host: fv-az50-214.grzltbmokehuzjyc5b133kdqgh.cx.internal.cloudapp.net, ports: [REPLICATION=37223, RATIS=45291, RATIS_ADMIN=45291, RATIS_SERVER=45291, STANDALONE=37595], networkLocation: /default-rack, certSerialId: null, persistedOpState: IN_SERVICE, persistedOpStateExpiryEpochSec: 0}, ReplicationConfig: RATIS/ONE, State:ALLOCATED, leaderId:ef23a805-c360-46f9-a5ff-61453c052e9c, CreationTimestamp2021-08-12T00:25:00.397Z[Etc/UTC]] moved to OPEN state
2021-08-12 00:25:03,400 [EventQueue-OpenPipelineForHealthyPipelineSafeModeRule] INFO  safemode.SCMSafeModeManager (HealthyPipelineSafeModeRule.java:process(124)) - SCM in safe mode. Healthy pipelines reported count is 0, required healthy pipeline reported count is 1
2021-08-12 00:25:03,400 [pool-345-thread-1] INFO  server.RaftServerConfigKeys (ConfUtils.java:logGet(44)) - raft.server.log.appender.buffer.byte-limit = 33554432 (custom)
2021-08-12 00:25:03,403 [pool-345-thread-1] INFO  server.RaftServerConfigKeys (ConfUtils.java:logGet(44)) - raft.server.log.segment.size.max = 1048576 (custom)
2021-08-12 00:25:03,403 [pool-345-thread-1] INFO  server.RaftServerConfigKeys (ConfUtils.java:logGet(44)) - raft.server.log.segment.cache.num.max = 2 (custom)
2021-08-12 00:25:03,403 [pool-345-thread-1] INFO  server.RaftServerConfigKeys (ConfUtils.java:logGet(44)) - raft.server.log.segment.cache.size.max = 200MB (=209715200) (default)
2021-08-12 00:25:03,403 [pool-345-thread-1] INFO  segmented.SegmentedRaftLogWorker (SegmentedRaftLogWorker.java:<init>(182)) - new ef23a805-c360-46f9-a5ff-61453c052e9c@group-BF10A166F694-SegmentedRaftLogWorker for RaftStorageImpl:Storage Directory /home/runner/work/ozone/ozone/hadoop-ozone/integration-test/target/test-dir/MiniOzoneClusterImpl-a42b6446-58ec-43bb-8d59-9c3f88cf101c/datanode-2/data/ratis/1eb0b2fb-7b9b-4778-a3da-bf10a166f694
2021-08-12 00:25:03,403 [pool-345-thread-1] INFO  server.RaftServerConfigKeys (ConfUtils.java:logGet(44)) - raft.server.log.queue.byte-limit = 2147483647 (custom)
2021-08-12 00:25:03,404 [pool-345-thread-1] INFO  server.RaftServerConfigKeys (ConfUtils.java:logGet(44)) - raft.server.log.queue.element-limit = 1024 (custom)
2021-08-12 00:25:03,404 [pool-345-thread-1] INFO  server.RaftServerConfigKeys (ConfUtils.java:logGet(44)) - raft.server.log.segment.size.max = 1048576 (custom)
2021-08-12 00:25:03,404 [pool-345-thread-1] INFO  server.RaftServerConfigKeys (ConfUtils.java:logGet(44)) - raft.server.log.preallocated.size = 16384 (custom)
2021-08-12 00:25:03,404 [pool-345-thread-1] INFO  server.RaftServerConfigKeys (ConfUtils.java:logGet(44)) - raft.server.log.force.sync.num = 128 (default)
2021-08-12 00:25:03,404 [pool-345-thread-1] INFO  server.RaftServerConfigKeys (ConfUtils.java:logGet(44)) - raft.server.log.statemachine.data.sync = true (default)
2021-08-12 00:25:03,404 [pool-345-thread-1] INFO  server.RaftServerConfigKeys (ConfUtils.java:logGet(44)) - raft.server.log.statemachine.data.sync.timeout = 10s (default)
2021-08-12 00:25:03,404 [pool-345-thread-1] INFO  server.RaftServerConfigKeys (ConfUtils.java:logGet(44)) - raft.server.log.statemachine.data.sync.timeout.retry = -1 (default)
2021-08-12 00:25:03,411 [pool-345-thread-1] INFO  server.RaftServerConfigKeys (ConfUtils.java:logGet(44)) - raft.server.log.write.buffer.size = 1048576 (custom)
2021-08-12 00:25:03,412 [pool-345-thread-1] INFO  server.RaftServerConfigKeys (ConfUtils.java:logGet(44)) - raft.server.log.statemachine.data.caching.enabled = true (custom)
2021-08-12 00:25:03,412 [pool-345-thread-1] INFO  segmented.SegmentedRaftLogWorker (SegmentedRaftLogWorker.java:lambda$new$0(133)) - ef23a805-c360-46f9-a5ff-61453c052e9c@group-BF10A166F694-SegmentedRaftLogWorker: flushIndex: setUnconditionally 0 -> -1
2021-08-12 00:25:03,412 [pool-345-thread-1] INFO  segmented.SegmentedRaftLogWorker (SegmentedRaftLogWorker.java:lambda$new$0(133)) - ef23a805-c360-46f9-a5ff-61453c052e9c@group-BF10A166F694-SegmentedRaftLogWorker: safeCacheEvictIndex: setUnconditionally 0 -> -1
2021-08-12 00:25:03,425 [pool-345-thread-1] INFO  server.RaftServerConfigKeys (ConfUtils.java:logGet(44)) - raft.server.snapshot.auto.trigger.enabled = true (custom)
2021-08-12 00:25:03,425 [pool-345-thread-1] INFO  server.RaftServerConfigKeys (ConfUtils.java:logGet(44)) - raft.server.snapshot.auto.trigger.threshold = 10000 (custom)
2021-08-12 00:25:03,425 [pool-345-thread-1] INFO  server.RaftServerConfigKeys (ConfUtils.java:logGet(44)) - raft.server.snapshot.retention.file.num = 5 (custom)
2021-08-12 00:25:03,426 [pool-345-thread-1] INFO  server.RaftServerConfigKeys (ConfUtils.java:logGet(44)) - raft.server.log.purge.upto.snapshot.index = false (default)
2021-08-12 00:25:03,426 [pool-345-thread-1] INFO  server.RaftServerConfigKeys (ConfUtils.java:logGet(44)) - raft.server.retrycache.expirytime = 600000ms (custom)
2021-08-12 00:25:03,426 [pool-345-thread-1] INFO  server.RaftServerConfigKeys (ConfUtils.java:logGet(44)) - raft.server.retrycache.statistics.expirytime = 100μs (default)
2021-08-12 00:25:03,427 [pool-345-thread-1] INFO  server.RaftServer$Division (RaftServerImpl.java:start(296)) - ef23a805-c360-46f9-a5ff-61453c052e9c@group-BF10A166F694: start as a follower, conf=-1: [ef23a805-c360-46f9-a5ff-61453c052e9c|rpc:10.1.0.56:45291|priority:1], old=null
2021-08-12 00:25:03,427 [pool-345-thread-1] INFO  server.RaftServer$Division (RaftServerImpl.java:setRole(285)) - ef23a805-c360-46f9-a5ff-61453c052e9c@group-BF10A166F694: changes role from      null to FOLLOWER at term 0 for startAsFollower
2021-08-12 00:25:03,427 [pool-345-thread-1] INFO  impl.RoleInfo (RoleInfo.java:updateAndGet(130)) - ef23a805-c360-46f9-a5ff-61453c052e9c: start ef23a805-c360-46f9-a5ff-61453c052e9c@group-BF10A166F694-FollowerState
2021-08-12 00:25:03,446 [pool-345-thread-1] INFO  util.JmxRegister (JmxRegister.java:tryRegister(44)) - Successfully registered JMX Bean with object name Ratis:service=RaftServer,group=group-BF10A166F694,id=ef23a805-c360-46f9-a5ff-61453c052e9c
2021-08-12 00:25:03,457 [Command processor thread] INFO  ratis.XceiverServerRatis (XceiverServerRatis.java:addGroup(763)) - Created group PipelineID=1eb0b2fb-7b9b-4778-a3da-bf10a166f694
2021-08-12 00:25:03,457 [Command processor thread] INFO  commandhandler.CreatePipelineCommandHandler (CreatePipelineCommandHandler.java:handle(106)) - Created Pipeline RATIS ONE PipelineID=1eb0b2fb-7b9b-4778-a3da-bf10a166f694.
2021-08-12 00:25:03,826 [Listener at 127.0.0.1/46733] INFO  ozone.MiniOzoneClusterImpl (MiniOzoneClusterImpl.java:lambda$waitForClusterToBeReady$0(235)) - Waiting for nodes to be ready. Got 8 of 9 DN Heartbeats.
2021-08-12 00:25:03,826 [Listener at 127.0.0.1/46733] INFO  ozone.MiniOzoneClusterImpl (MiniOzoneClusterImpl.java:lambda$waitForClusterToBeReady$0(238)) - Waiting for cluster to exit safe mode
2021-08-12 00:25:03,827 [Listener at 127.0.0.1/46733] INFO  ozone.MiniOzoneClusterImpl (MiniOzoneClusterImpl.java:lambda$waitForClusterToBeReady$0(240)) - SCM became leader
2021-08-12 00:25:03,845 [IPC Server handler 7 on default port 33263] INFO  net.NetworkTopologyImpl (NetworkTopologyImpl.java:add(112)) - Added a new node: /default-rack/4f85e207-6f47-4e3d-8d8e-53c973d1ad4f
2021-08-12 00:25:03,845 [IPC Server handler 7 on default port 33263] INFO  node.SCMNodeManager (SCMNodeManager.java:register(390)) - Registered Data node : 4f85e207-6f47-4e3d-8d8e-53c973d1ad4f{ip: 10.1.0.56, host: fv-az50-214.grzltbmokehuzjyc5b133kdqgh.cx.internal.cloudapp.net, ports: [REPLICATION=42597, RATIS=43657, RATIS_ADMIN=43657, RATIS_SERVER=43657, STANDALONE=41825], networkLocation: /default-rack, certSerialId: null, persistedOpState: null, persistedOpStateExpiryEpochSec: 0}
2021-08-12 00:25:03,845 [EventQueue-NewNodeForNewNodeHandler] INFO  pipeline.BackgroundPipelineCreator (BackgroundPipelineCreatorV2.java:notifyEventTriggered(285)) - trigger a one-shot run on RatisPipelineUtilsThread.
2021-08-12 00:25:03,845 [RatisPipelineUtilsThread - 0] INFO  pipeline.RatisPipelineProvider (RatisPipelineProvider.java:lambda$create$0(183)) - Sending CreatePipelineCommand for pipeline:PipelineID=c3f55f14-d222-4b59-81e4-4e07336f3f7b to datanode:4f85e207-6f47-4e3d-8d8e-53c973d1ad4f
2021-08-12 00:25:03,846 [RatisPipelineUtilsThread - 0] INFO  pipeline.PipelineStateManager (PipelineStateManagerV2Impl.java:addPipeline(101)) - Created pipeline Pipeline[ Id: c3f55f14-d222-4b59-81e4-4e07336f3f7b, Nodes: 4f85e207-6f47-4e3d-8d8e-53c973d1ad4f{ip: 10.1.0.56, host: fv-az50-214.grzltbmokehuzjyc5b133kdqgh.cx.internal.cloudapp.net, ports: [REPLICATION=42597, RATIS=43657, RATIS_ADMIN=43657, RATIS_SERVER=43657, STANDALONE=41825], networkLocation: /default-rack, certSerialId: null, persistedOpState: IN_SERVICE, persistedOpStateExpiryEpochSec: 0}, ReplicationConfig: RATIS/ONE, State:ALLOCATED, leaderId:, CreationTimestamp2021-08-12T00:25:03.845Z[Etc/UTC]].
2021-08-12 00:25:03,846 [RatisPipelineUtilsThread - 0] INFO  pipeline.RatisPipelineProvider (RatisPipelineProvider.java:lambda$create$0(183)) - Sending CreatePipelineCommand for pipeline:PipelineID=16c28a69-4c10-4b94-8ad6-704c644304a3 to datanode:4f85e207-6f47-4e3d-8d8e-53c973d1ad4f
2021-08-12 00:25:03,846 [RatisPipelineUtilsThread - 0] INFO  pipeline.RatisPipelineProvider (RatisPipelineProvider.java:lambda$create$0(183)) - Sending CreatePipelineCommand for pipeline:PipelineID=16c28a69-4c10-4b94-8ad6-704c644304a3 to datanode:bcde775b-c238-4412-9eeb-a88c910f700f
2021-08-12 00:25:03,846 [RatisPipelineUtilsThread - 0] INFO  pipeline.RatisPipelineProvider (RatisPipelineProvider.java:lambda$create$0(183)) - Sending CreatePipelineCommand for pipeline:PipelineID=16c28a69-4c10-4b94-8ad6-704c644304a3 to datanode:87d3608b-f9fd-4b10-ba0a-a0d8569acffd
2021-08-12 00:25:03,847 [RatisPipelineUtilsThread - 0] INFO  pipeline.PipelineStateManager (PipelineStateManagerV2Impl.java:addPipeline(101)) - Created pipeline Pipeline[ Id: 16c28a69-4c10-4b94-8ad6-704c644304a3, Nodes: 4f85e207-6f47-4e3d-8d8e-53c973d1ad4f{ip: 10.1.0.56, host: fv-az50-214.grzltbmokehuzjyc5b133kdqgh.cx.internal.cloudapp.net, ports: [REPLICATION=42597, RATIS=43657, RATIS_ADMIN=43657, RATIS_SERVER=43657, STANDALONE=41825], networkLocation: /default-rack, certSerialId: null, persistedOpState: IN_SERVICE, persistedOpStateExpiryEpochSec: 0}bcde775b-c238-4412-9eeb-a88c910f700f{ip: 10.1.0.56, host: fv-az50-214.grzltbmokehuzjyc5b133kdqgh.cx.internal.cloudapp.net, ports: [REPLICATION=42723, RATIS=33235, RATIS_ADMIN=33235, RATIS_SERVER=33235, STANDALONE=37815], networkLocation: /default-rack, certSerialId: null, persistedOpState: IN_SERVICE, persistedOpStateExpiryEpochSec: 0}87d3608b-f9fd-4b10-ba0a-a0d8569acffd{ip: 10.1.0.56, host: fv-az50-214.grzltbmokehuzjyc5b133kdqgh.cx.internal.cloudapp.net, ports: [REPLICATION=35031, RATIS=37127, RATIS_ADMIN=37127, RATIS_SERVER=37127, STANDALONE=36695], networkLocation: /default-rack, certSerialId: null, persistedOpState: IN_SERVICE, persistedOpStateExpiryEpochSec: 0}, ReplicationConfig: RATIS/THREE, State:ALLOCATED, leaderId:, CreationTimestamp2021-08-12T00:25:03.846Z[Etc/UTC]].
2021-08-12 00:25:04,113 [Command processor thread] INFO  server.RaftServer (RaftServerProxy.java:addNew(95)) - a86274cb-40c2-4f1a-b613-7c28a9d8bee7: addNew group-7C0C30BD3891:[a86274cb-40c2-4f1a-b613-7c28a9d8bee7|rpc:10.1.0.56:37903|priority:1] returns group-7C0C30BD3891:java.util.concurrent.CompletableFuture@25c31837[Not completed]
2021-08-12 00:25:04,133 [pool-364-thread-1] INFO  server.RaftServer$Division (RaftServerImpl.java:<init>(181)) - a86274cb-40c2-4f1a-b613-7c28a9d8bee7: new RaftServerImpl for group-7C0C30BD3891:[a86274cb-40c2-4f1a-b613-7c28a9d8bee7|rpc:10.1.0.56:37903|priority:1] with ContainerStateMachine:uninitialized
2021-08-12 00:25:04,137 [pool-364-thread-1] INFO  server.RaftServerConfigKeys (ConfUtils.java:logGet(44)) - raft.server.rpc.timeout.min = 5s (custom)
2021-08-12 00:25:04,137 [pool-364-thread-1] INFO  server.RaftServerConfigKeys (ConfUtils.java:logGet(44)) - raft.server.rpc.timeout.max = 5200ms (custom)
2021-08-12 00:25:04,138 [pool-364-thread-1] INFO  server.RaftServerConfigKeys (ConfUtils.java:logGet(44)) - raft.server.rpc.sleep.time = 25ms (default)
2021-08-12 00:25:04,138 [pool-364-thread-1] INFO  server.RaftServerConfigKeys (ConfUtils.java:logGet(44)) - raft.server.rpc.slowness.timeout = 300000ms (custom)
2021-08-12 00:25:04,138 [pool-364-thread-1] INFO  server.RaftServerConfigKeys (ConfUtils.java:logGet(44)) - raft.server.leaderelection.leader.step-down.wait-time = 10s (default)
2021-08-12 00:25:04,138 [pool-364-thread-1] INFO  server.RaftServerConfigKeys (ConfUtils.java:logGet(44)) - raft.server.sleep.deviation.threshold = 300ms (default)
2021-08-12 00:25:04,138 [pool-364-thread-1] INFO  server.RaftServerConfigKeys (ConfUtils.java:logGet(44)) - raft.server.log.appender.install.snapshot.enabled = false (custom)
2021-08-12 00:25:04,138 [pool-364-thread-1] INFO  server.RaftServer$Division (ServerState.java:<init>(105)) - a86274cb-40c2-4f1a-b613-7c28a9d8bee7@group-7C0C30BD3891: ConfigurationManager, init=-1: [a86274cb-40c2-4f1a-b613-7c28a9d8bee7|rpc:10.1.0.56:37903|priority:1], old=null, confs=<EMPTY_MAP>
2021-08-12 00:25:04,138 [pool-364-thread-1] INFO  server.RaftServerConfigKeys (ConfUtils.java:logGet(44)) - raft.server.storage.dir = [/home/runner/work/ozone/ozone/hadoop-ozone/integration-test/target/test-dir/MiniOzoneClusterImpl-a42b6446-58ec-43bb-8d59-9c3f88cf101c/datanode-3/data/ratis] (custom)
2021-08-12 00:25:04,138 [pool-364-thread-1] INFO  server.RaftServerConfigKeys (ConfUtils.java:logGet(44)) - raft.server.log.corruption.policy = EXCEPTION (default)
2021-08-12 00:25:04,138 [pool-364-thread-1] INFO  server.RaftServerConfigKeys (ConfUtils.java:logGet(44)) - raft.server.storage.free-space.min = 0MB (=0) (default)
2021-08-12 00:25:04,139 [pool-364-thread-1] INFO  storage.RaftStorageDirectory (RaftStorageDirectoryImpl.java:analyzeStorage(135)) - The storage directory /home/runner/work/ozone/ozone/hadoop-ozone/integration-test/target/test-dir/MiniOzoneClusterImpl-a42b6446-58ec-43bb-8d59-9c3f88cf101c/datanode-3/data/ratis/b46e9d6f-f36b-4ecb-afc9-7c0c30bd3891 does not exist. Creating ...
2021-08-12 00:25:04,152 [pool-364-thread-1] INFO  storage.RaftStorageDirectory (RaftStorageDirectoryImpl.java:tryLock(230)) - Lock on /home/runner/work/ozone/ozone/hadoop-ozone/integration-test/target/test-dir/MiniOzoneClusterImpl-a42b6446-58ec-43bb-8d59-9c3f88cf101c/datanode-3/data/ratis/b46e9d6f-f36b-4ecb-afc9-7c0c30bd3891/in_use.lock acquired by nodename 2812@fv-az50-214
2021-08-12 00:25:04,153 [pool-364-thread-1] INFO  storage.RaftStorage (RaftStorageImpl.java:format(89)) - Storage directory /home/runner/work/ozone/ozone/hadoop-ozone/integration-test/target/test-dir/MiniOzoneClusterImpl-a42b6446-58ec-43bb-8d59-9c3f88cf101c/datanode-3/data/ratis/b46e9d6f-f36b-4ecb-afc9-7c0c30bd3891 has been successfully formatted.
2021-08-12 00:25:04,162 [pool-364-thread-1] INFO  ratis.ContainerStateMachine (ContainerStateMachine.java:loadSnapshot(225)) - group-7C0C30BD3891: The snapshot info is null. Setting the last applied indexto:(t:0, i:~)
2021-08-12 00:25:04,162 [pool-364-thread-1] INFO  server.RaftServerConfigKeys (ConfUtils.java:logGet(44)) - raft.server.notification.no-leader.timeout = 300000ms (custom)
2021-08-12 00:25:04,162 [Datanode State Machine Thread - 0] WARN  statemachine.StateContext (StateContext.java:execute(621)) - No available thread in pool for past 1 seconds.
2021-08-12 00:25:04,162 [pool-364-thread-1] INFO  server.RaftServerConfigKeys (ConfUtils.java:logGet(44)) - raft.server.log.use.memory = false (default)
2021-08-12 00:25:04,162 [pool-364-thread-1] INFO  server.RaftServerConfigKeys (ConfUtils.java:logGet(44)) - raft.server.log.purge.gap = 1000000 (custom)
2021-08-12 00:25:04,162 [pool-364-thread-1] INFO  server.RaftServerConfigKeys (ConfUtils.java:logGet(44)) - raft.server.log.appender.buffer.byte-limit = 33554432 (custom)
2021-08-12 00:25:04,162 [pool-364-thread-1] INFO  server.RaftServerConfigKeys (ConfUtils.java:logGet(44)) - raft.server.log.segment.size.max = 1048576 (custom)
2021-08-12 00:25:04,163 [pool-364-thread-1] INFO  server.RaftServerConfigKeys (ConfUtils.java:logGet(44)) - raft.server.log.segment.cache.num.max = 2 (custom)
2021-08-12 00:25:04,163 [pool-364-thread-1] INFO  server.RaftServerConfigKeys (ConfUtils.java:logGet(44)) - raft.server.log.segment.cache.size.max = 200MB (=209715200) (default)
2021-08-12 00:25:04,163 [pool-364-thread-1] INFO  segmented.SegmentedRaftLogWorker (SegmentedRaftLogWorker.java:<init>(182)) - new a86274cb-40c2-4f1a-b613-7c28a9d8bee7@group-7C0C30BD3891-SegmentedRaftLogWorker for RaftStorageImpl:Storage Directory /home/runner/work/ozone/ozone/hadoop-ozone/integration-test/target/test-dir/MiniOzoneClusterImpl-a42b6446-58ec-43bb-8d59-9c3f88cf101c/datanode-3/data/ratis/b46e9d6f-f36b-4ecb-afc9-7c0c30bd3891
2021-08-12 00:25:04,163 [pool-364-thread-1] INFO  server.RaftServerConfigKeys (ConfUtils.java:logGet(44)) - raft.server.log.queue.byte-limit = 2147483647 (custom)
2021-08-12 00:25:04,163 [pool-364-thread-1] INFO  server.RaftServerConfigKeys (ConfUtils.java:logGet(44)) - raft.server.log.queue.element-limit = 1024 (custom)
2021-08-12 00:25:04,163 [pool-364-thread-1] INFO  server.RaftServerConfigKeys (ConfUtils.java:logGet(44)) - raft.server.log.segment.size.max = 1048576 (custom)
2021-08-12 00:25:04,163 [pool-364-thread-1] INFO  server.RaftServerConfigKeys (ConfUtils.java:logGet(44)) - raft.server.log.preallocated.size = 16384 (custom)
2021-08-12 00:25:04,163 [pool-364-thread-1] INFO  server.RaftServerConfigKeys (ConfUtils.java:logGet(44)) - raft.server.log.force.sync.num = 128 (default)
2021-08-12 00:25:04,163 [pool-364-thread-1] INFO  server.RaftServerConfigKeys (ConfUtils.java:logGet(44)) - raft.server.log.statemachine.data.sync = true (default)
2021-08-12 00:25:04,163 [pool-364-thread-1] INFO  server.RaftServerConfigKeys (ConfUtils.java:logGet(44)) - raft.server.log.statemachine.data.sync.timeout = 10s (default)
2021-08-12 00:25:04,164 [pool-364-thread-1] INFO  server.RaftServerConfigKeys (ConfUtils.java:logGet(44)) - raft.server.log.statemachine.data.sync.timeout.retry = -1 (default)
2021-08-12 00:25:04,165 [EventQueue-PipelineReportForPipelineReportHandler] INFO  pipeline.PipelineManagerImpl (PipelineManagerImpl.java:openPipeline(283)) - Pipeline Pipeline[ Id: b46e9d6f-f36b-4ecb-afc9-7c0c30bd3891, Nodes: a86274cb-40c2-4f1a-b613-7c28a9d8bee7{ip: 10.1.0.56, host: fv-az50-214.grzltbmokehuzjyc5b133kdqgh.cx.internal.cloudapp.net, ports: [REPLICATION=40705, RATIS=37903, RATIS_ADMIN=37903, RATIS_SERVER=37903, STANDALONE=33247], networkLocation: /default-rack, certSerialId: null, persistedOpState: IN_SERVICE, persistedOpStateExpiryEpochSec: 0}, ReplicationConfig: RATIS/ONE, State:ALLOCATED, leaderId:a86274cb-40c2-4f1a-b613-7c28a9d8bee7, CreationTimestamp2021-08-12T00:25:01.117Z[Etc/UTC]] moved to OPEN state
2021-08-12 00:25:04,166 [EventQueue-OpenPipelineForHealthyPipelineSafeModeRule] INFO  safemode.SCMSafeModeManager (HealthyPipelineSafeModeRule.java:process(124)) - SCM in safe mode. Healthy pipelines reported count is 0, required healthy pipeline reported count is 1
2021-08-12 00:25:04,166 [pool-364-thread-1] INFO  server.RaftServerConfigKeys (ConfUtils.java:logGet(44)) - raft.server.log.write.buffer.size = 1048576 (custom)
2021-08-12 00:25:04,172 [pool-364-thread-1] INFO  server.RaftServerConfigKeys (ConfUtils.java:logGet(44)) - raft.server.log.statemachine.data.caching.enabled = true (custom)
2021-08-12 00:25:04,172 [pool-364-thread-1] INFO  segmented.SegmentedRaftLogWorker (SegmentedRaftLogWorker.java:lambda$new$0(133)) - a86274cb-40c2-4f1a-b613-7c28a9d8bee7@group-7C0C30BD3891-SegmentedRaftLogWorker: flushIndex: setUnconditionally 0 -> -1
2021-08-12 00:25:04,172 [pool-364-thread-1] INFO  segmented.SegmentedRaftLogWorker (SegmentedRaftLogWorker.java:lambda$new$0(133)) - a86274cb-40c2-4f1a-b613-7c28a9d8bee7@group-7C0C30BD3891-SegmentedRaftLogWorker: safeCacheEvictIndex: setUnconditionally 0 -> -1
2021-08-12 00:25:04,175 [pool-364-thread-1] INFO  server.RaftServerConfigKeys (ConfUtils.java:logGet(44)) - raft.server.snapshot.auto.trigger.enabled = true (custom)
2021-08-12 00:25:04,175 [pool-364-thread-1] INFO  server.RaftServerConfigKeys (ConfUtils.java:logGet(44)) - raft.server.snapshot.auto.trigger.threshold = 10000 (custom)
2021-08-12 00:25:04,175 [pool-364-thread-1] INFO  server.RaftServerConfigKeys (ConfUtils.java:logGet(44)) - raft.server.snapshot.retention.file.num = 5 (custom)
2021-08-12 00:25:04,175 [pool-364-thread-1] INFO  server.RaftServerConfigKeys (ConfUtils.java:logGet(44)) - raft.server.log.purge.upto.snapshot.index = false (default)
2021-08-12 00:25:04,176 [pool-364-thread-1] INFO  server.RaftServerConfigKeys (ConfUtils.java:logGet(44)) - raft.server.retrycache.expirytime = 600000ms (custom)
2021-08-12 00:25:04,176 [pool-364-thread-1] INFO  server.RaftServerConfigKeys (ConfUtils.java:logGet(44)) - raft.server.retrycache.statistics.expirytime = 100μs (default)
2021-08-12 00:25:04,177 [pool-364-thread-1] INFO  server.RaftServer$Division (RaftServerImpl.java:start(296)) - a86274cb-40c2-4f1a-b613-7c28a9d8bee7@group-7C0C30BD3891: start as a follower, conf=-1: [a86274cb-40c2-4f1a-b613-7c28a9d8bee7|rpc:10.1.0.56:37903|priority:1], old=null
2021-08-12 00:25:04,177 [pool-364-thread-1] INFO  server.RaftServer$Division (RaftServerImpl.java:setRole(285)) - a86274cb-40c2-4f1a-b613-7c28a9d8bee7@group-7C0C30BD3891: changes role from      null to FOLLOWER at term 0 for startAsFollower
2021-08-12 00:25:04,177 [pool-364-thread-1] INFO  impl.RoleInfo (RoleInfo.java:updateAndGet(130)) - a86274cb-40c2-4f1a-b613-7c28a9d8bee7: start a86274cb-40c2-4f1a-b613-7c28a9d8bee7@group-7C0C30BD3891-FollowerState
2021-08-12 00:25:04,178 [pool-364-thread-1] INFO  util.JmxRegister (JmxRegister.java:tryRegister(44)) - Successfully registered JMX Bean with object name Ratis:service=RaftServer,group=group-7C0C30BD3891,id=a86274cb-40c2-4f1a-b613-7c28a9d8bee7
2021-08-12 00:25:04,179 [Command processor thread] INFO  ratis.XceiverServerRatis (XceiverServerRatis.java:addGroup(763)) - Created group PipelineID=b46e9d6f-f36b-4ecb-afc9-7c0c30bd3891
2021-08-12 00:25:04,179 [Command processor thread] INFO  commandhandler.CreatePipelineCommandHandler (CreatePipelineCommandHandler.java:handle(106)) - Created Pipeline RATIS ONE PipelineID=b46e9d6f-f36b-4ecb-afc9-7c0c30bd3891.
2021-08-12 00:25:04,179 [Command processor thread] INFO  server.RaftServer (RaftServerProxy.java:addNew(95)) - a86274cb-40c2-4f1a-b613-7c28a9d8bee7: addNew group-4938641401E1:[b53c0c0f-3814-44ae-9b6f-5cd1e5f5cab0|rpc:10.1.0.56:35731|priority:1, a86274cb-40c2-4f1a-b613-7c28a9d8bee7|rpc:10.1.0.56:37903|priority:0, aa96c139-029c-4c26-b56b-b3e0db2a81f3|rpc:10.1.0.56:42793|priority:0] returns group-4938641401E1:java.util.concurrent.CompletableFuture@21fc9857[Not completed]
2021-08-12 00:25:04,180 [pool-364-thread-1] INFO  server.RaftServer$Division (RaftServerImpl.java:<init>(181)) - a86274cb-40c2-4f1a-b613-7c28a9d8bee7: new RaftServerImpl for group-4938641401E1:[b53c0c0f-3814-44ae-9b6f-5cd1e5f5cab0|rpc:10.1.0.56:35731|priority:1, a86274cb-40c2-4f1a-b613-7c28a9d8bee7|rpc:10.1.0.56:37903|priority:0, aa96c139-029c-4c26-b56b-b3e0db2a81f3|rpc:10.1.0.56:42793|priority:0] with ContainerStateMachine:uninitialized
2021-08-12 00:25:04,181 [pool-364-thread-1] INFO  server.RaftServerConfigKeys (ConfUtils.java:logGet(44)) - raft.server.rpc.timeout.min = 5s (custom)
2021-08-12 00:25:04,181 [pool-364-thread-1] INFO  server.RaftServerConfigKeys (ConfUtils.java:logGet(44)) - raft.server.rpc.timeout.max = 5200ms (custom)
2021-08-12 00:25:04,181 [pool-364-thread-1] INFO  server.RaftServerConfigKeys (ConfUtils.java:logGet(44)) - raft.server.rpc.sleep.time = 25ms (default)
2021-08-12 00:25:04,181 [pool-364-thread-1] INFO  server.RaftServerConfigKeys (ConfUtils.java:logGet(44)) - raft.server.rpc.slowness.timeout = 300000ms (custom)
2021-08-12 00:25:04,181 [pool-364-thread-1] INFO  server.RaftServerConfigKeys (ConfUtils.java:logGet(44)) - raft.server.leaderelection.leader.step-down.wait-time = 10s (default)
2021-08-12 00:25:04,181 [pool-364-thread-1] INFO  server.RaftServerConfigKeys (ConfUtils.java:logGet(44)) - raft.server.sleep.deviation.threshold = 300ms (default)
2021-08-12 00:25:04,181 [pool-364-thread-1] INFO  server.RaftServerConfigKeys (ConfUtils.java:logGet(44)) - raft.server.log.appender.install.snapshot.enabled = false (custom)
2021-08-12 00:25:04,181 [pool-364-thread-1] INFO  server.RaftServer$Division (ServerState.java:<init>(105)) - a86274cb-40c2-4f1a-b613-7c28a9d8bee7@group-4938641401E1: ConfigurationManager, init=-1: [b53c0c0f-3814-44ae-9b6f-5cd1e5f5cab0|rpc:10.1.0.56:35731|priority:1, a86274cb-40c2-4f1a-b613-7c28a9d8bee7|rpc:10.1.0.56:37903|priority:0, aa96c139-029c-4c26-b56b-b3e0db2a81f3|rpc:10.1.0.56:42793|priority:0], old=null, confs=<EMPTY_MAP>
2021-08-12 00:25:04,181 [pool-364-thread-1] INFO  server.RaftServerConfigKeys (ConfUtils.java:logGet(44)) - raft.server.storage.dir = [/home/runner/work/ozone/ozone/hadoop-ozone/integration-test/target/test-dir/MiniOzoneClusterImpl-a42b6446-58ec-43bb-8d59-9c3f88cf101c/datanode-3/data/ratis] (custom)
2021-08-12 00:25:04,181 [pool-364-thread-1] INFO  server.RaftServerConfigKeys (ConfUtils.java:logGet(44)) - raft.server.log.corruption.policy = EXCEPTION (default)
2021-08-12 00:25:04,181 [pool-364-thread-1] INFO  server.RaftServerConfigKeys (ConfUtils.java:logGet(44)) - raft.server.storage.free-space.min = 0MB (=0) (default)
2021-08-12 00:25:04,181 [pool-364-thread-1] INFO  storage.RaftStorageDirectory (RaftStorageDirectoryImpl.java:analyzeStorage(135)) - The storage directory /home/runner/work/ozone/ozone/hadoop-ozone/integration-test/target/test-dir/MiniOzoneClusterImpl-a42b6446-58ec-43bb-8d59-9c3f88cf101c/datanode-3/data/ratis/108e8f3c-f357-4743-a252-4938641401e1 does not exist. Creating ...
2021-08-12 00:25:04,182 [pool-364-thread-1] INFO  storage.RaftStorageDirectory (RaftStorageDirectoryImpl.java:tryLock(230)) - Lock on /home/runner/work/ozone/ozone/hadoop-ozone/integration-test/target/test-dir/MiniOzoneClusterImpl-a42b6446-58ec-43bb-8d59-9c3f88cf101c/datanode-3/data/ratis/108e8f3c-f357-4743-a252-4938641401e1/in_use.lock acquired by nodename 2812@fv-az50-214
2021-08-12 00:25:04,189 [pool-364-thread-1] INFO  storage.RaftStorage (RaftStorageImpl.java:format(89)) - Storage directory /home/runner/work/ozone/ozone/hadoop-ozone/integration-test/target/test-dir/MiniOzoneClusterImpl-a42b6446-58ec-43bb-8d59-9c3f88cf101c/datanode-3/data/ratis/108e8f3c-f357-4743-a252-4938641401e1 has been successfully formatted.
2021-08-12 00:25:04,190 [pool-364-thread-1] INFO  ratis.ContainerStateMachine (ContainerStateMachine.java:loadSnapshot(225)) - group-4938641401E1: The snapshot info is null. Setting the last applied indexto:(t:0, i:~)
2021-08-12 00:25:04,191 [pool-364-thread-1] INFO  server.RaftServerConfigKeys (ConfUtils.java:logGet(44)) - raft.server.notification.no-leader.timeout = 300000ms (custom)
2021-08-12 00:25:04,191 [pool-364-thread-1] INFO  server.RaftServerConfigKeys (ConfUtils.java:logGet(44)) - raft.server.log.use.memory = false (default)
2021-08-12 00:25:04,191 [pool-364-thread-1] INFO  server.RaftServerConfigKeys (ConfUtils.java:logGet(44)) - raft.server.log.purge.gap = 1000000 (custom)
2021-08-12 00:25:04,191 [pool-364-thread-1] INFO  server.RaftServerConfigKeys (ConfUtils.java:logGet(44)) - raft.server.log.appender.buffer.byte-limit = 33554432 (custom)
2021-08-12 00:25:04,191 [pool-364-thread-1] INFO  server.RaftServerConfigKeys (ConfUtils.java:logGet(44)) - raft.server.log.segment.size.max = 1048576 (custom)
2021-08-12 00:25:04,192 [pool-364-thread-1] INFO  server.RaftServerConfigKeys (ConfUtils.java:logGet(44)) - raft.server.log.segment.cache.num.max = 2 (custom)
2021-08-12 00:25:04,192 [pool-364-thread-1] INFO  server.RaftServerConfigKeys (ConfUtils.java:logGet(44)) - raft.server.log.segment.cache.size.max = 200MB (=209715200) (default)
2021-08-12 00:25:04,192 [pool-364-thread-1] INFO  segmented.SegmentedRaftLogWorker (SegmentedRaftLogWorker.java:<init>(182)) - new a86274cb-40c2-4f1a-b613-7c28a9d8bee7@group-4938641401E1-SegmentedRaftLogWorker for RaftStorageImpl:Storage Directory /home/runner/work/ozone/ozone/hadoop-ozone/integration-test/target/test-dir/MiniOzoneClusterImpl-a42b6446-58ec-43bb-8d59-9c3f88cf101c/datanode-3/data/ratis/108e8f3c-f357-4743-a252-4938641401e1
2021-08-12 00:25:04,192 [pool-364-thread-1] INFO  server.RaftServerConfigKeys (ConfUtils.java:logGet(44)) - raft.server.log.queue.byte-limit = 2147483647 (custom)
2021-08-12 00:25:04,192 [pool-364-thread-1] INFO  server.RaftServerConfigKeys (ConfUtils.java:logGet(44)) - raft.server.log.queue.element-limit = 1024 (custom)
2021-08-12 00:25:04,190 [Datanode State Machine Thread - 0] WARN  statemachine.StateContext (StateContext.java:execute(621)) - No available thread in pool for past 1 seconds.
2021-08-12 00:25:04,197 [EventQueue-OpenPipelineForHealthyPipelineSafeModeRule] INFO  safemode.SCMSafeModeManager (HealthyPipelineSafeModeRule.java:process(124)) - SCM in safe mode. Healthy pipelines reported count is 0, required healthy pipeline reported count is 1
2021-08-12 00:25:04,200 [pool-364-thread-1] INFO  server.RaftServerConfigKeys (ConfUtils.java:logGet(44)) - raft.server.log.segment.size.max = 1048576 (custom)
2021-08-12 00:25:04,200 [pool-364-thread-1] INFO  server.RaftServerConfigKeys (ConfUtils.java:logGet(44)) - raft.server.log.preallocated.size = 16384 (custom)
2021-08-12 00:25:04,200 [pool-364-thread-1] INFO  server.RaftServerConfigKeys (ConfUtils.java:logGet(44)) - raft.server.log.force.sync.num = 128 (default)
2021-08-12 00:25:04,200 [pool-364-thread-1] INFO  server.RaftServerConfigKeys (ConfUtils.java:logGet(44)) - raft.server.log.statemachine.data.sync = true (default)
2021-08-12 00:25:04,200 [pool-364-thread-1] INFO  server.RaftServerConfigKeys (ConfUtils.java:logGet(44)) - raft.server.log.statemachine.data.sync.timeout = 10s (default)
2021-08-12 00:25:04,201 [pool-364-thread-1] INFO  server.RaftServerConfigKeys (ConfUtils.java:logGet(44)) - raft.server.log.statemachine.data.sync.timeout.retry = -1 (default)
2021-08-12 00:25:04,204 [pool-364-thread-1] INFO  server.RaftServerConfigKeys (ConfUtils.java:logGet(44)) - raft.server.log.write.buffer.size = 1048576 (custom)
2021-08-12 00:25:04,208 [pool-364-thread-1] INFO  server.RaftServerConfigKeys (ConfUtils.java:logGet(44)) - raft.server.log.statemachine.data.caching.enabled = true (custom)
2021-08-12 00:25:04,209 [pool-364-thread-1] INFO  segmented.SegmentedRaftLogWorker (SegmentedRaftLogWorker.java:lambda$new$0(133)) - a86274cb-40c2-4f1a-b613-7c28a9d8bee7@group-4938641401E1-SegmentedRaftLogWorker: flushIndex: setUnconditionally 0 -> -1
2021-08-12 00:25:04,209 [pool-364-thread-1] INFO  segmented.SegmentedRaftLogWorker (SegmentedRaftLogWorker.java:lambda$new$0(133)) - a86274cb-40c2-4f1a-b613-7c28a9d8bee7@group-4938641401E1-SegmentedRaftLogWorker: safeCacheEvictIndex: setUnconditionally 0 -> -1
2021-08-12 00:25:04,209 [pool-364-thread-1] INFO  server.RaftServerConfigKeys (ConfUtils.java:logGet(44)) - raft.server.snapshot.auto.trigger.enabled = true (custom)
2021-08-12 00:25:04,209 [pool-364-thread-1] INFO  server.RaftServerConfigKeys (ConfUtils.java:logGet(44)) - raft.server.snapshot.auto.trigger.threshold = 10000 (custom)
2021-08-12 00:25:04,209 [pool-364-thread-1] INFO  server.RaftServerConfigKeys (ConfUtils.java:logGet(44)) - raft.server.snapshot.retention.file.num = 5 (custom)
2021-08-12 00:25:04,209 [pool-364-thread-1] INFO  server.RaftServerConfigKeys (ConfUtils.java:logGet(44)) - raft.server.log.purge.upto.snapshot.index = false (default)
2021-08-12 00:25:04,209 [pool-364-thread-1] INFO  server.RaftServerConfigKeys (ConfUtils.java:logGet(44)) - raft.server.retrycache.expirytime = 600000ms (custom)
2021-08-12 00:25:04,209 [pool-364-thread-1] INFO  server.RaftServerConfigKeys (ConfUtils.java:logGet(44)) - raft.server.retrycache.statistics.expirytime = 100μs (default)
2021-08-12 00:25:04,210 [pool-364-thread-1] INFO  server.RaftServer$Division (RaftServerImpl.java:start(296)) - a86274cb-40c2-4f1a-b613-7c28a9d8bee7@group-4938641401E1: start as a follower, conf=-1: [b53c0c0f-3814-44ae-9b6f-5cd1e5f5cab0|rpc:10.1.0.56:35731|priority:1, a86274cb-40c2-4f1a-b613-7c28a9d8bee7|rpc:10.1.0.56:37903|priority:0, aa96c139-029c-4c26-b56b-b3e0db2a81f3|rpc:10.1.0.56:42793|priority:0], old=null
2021-08-12 00:25:04,211 [pool-364-thread-1] INFO  server.RaftServer$Division (RaftServerImpl.java:setRole(285)) - a86274cb-40c2-4f1a-b613-7c28a9d8bee7@group-4938641401E1: changes role from      null to FOLLOWER at term 0 for startAsFollower
2021-08-12 00:25:04,211 [pool-364-thread-1] INFO  impl.RoleInfo (RoleInfo.java:updateAndGet(130)) - a86274cb-40c2-4f1a-b613-7c28a9d8bee7: start a86274cb-40c2-4f1a-b613-7c28a9d8bee7@group-4938641401E1-FollowerState
2021-08-12 00:25:04,215 [pool-364-thread-1] INFO  util.JmxRegister (JmxRegister.java:tryRegister(44)) - Successfully registered JMX Bean with object name Ratis:service=RaftServer,group=group-4938641401E1,id=a86274cb-40c2-4f1a-b613-7c28a9d8bee7
2021-08-12 00:25:04,218 [Command processor thread] INFO  ratis.XceiverServerRatis (XceiverServerRatis.java:addGroup(763)) - Created group PipelineID=108e8f3c-f357-4743-a252-4938641401e1
2021-08-12 00:25:04,267 [grpc-default-executor-3] INFO  server.RaftServer (RaftServerProxy.java:addNew(95)) - aa96c139-029c-4c26-b56b-b3e0db2a81f3: addNew group-4938641401E1:[b53c0c0f-3814-44ae-9b6f-5cd1e5f5cab0|rpc:10.1.0.56:35731|dataStream:|priority:1, a86274cb-40c2-4f1a-b613-7c28a9d8bee7|rpc:10.1.0.56:37903|dataStream:|priority:0, aa96c139-029c-4c26-b56b-b3e0db2a81f3|rpc:10.1.0.56:42793|dataStream:|priority:0] returns group-4938641401E1:java.util.concurrent.CompletableFuture@7bc83015[Not completed]
2021-08-12 00:25:04,274 [pool-402-thread-1] INFO  server.RaftServer$Division (RaftServerImpl.java:<init>(181)) - aa96c139-029c-4c26-b56b-b3e0db2a81f3: new RaftServerImpl for group-4938641401E1:[b53c0c0f-3814-44ae-9b6f-5cd1e5f5cab0|rpc:10.1.0.56:35731|dataStream:|priority:1, a86274cb-40c2-4f1a-b613-7c28a9d8bee7|rpc:10.1.0.56:37903|dataStream:|priority:0, aa96c139-029c-4c26-b56b-b3e0db2a81f3|rpc:10.1.0.56:42793|dataStream:|priority:0] with ContainerStateMachine:uninitialized
2021-08-12 00:25:04,275 [pool-402-thread-1] INFO  server.RaftServerConfigKeys (ConfUtils.java:logGet(44)) - raft.server.rpc.timeout.min = 5s (custom)
2021-08-12 00:25:04,275 [pool-402-thread-1] INFO  server.RaftServerConfigKeys (ConfUtils.java:logGet(44)) - raft.server.rpc.timeout.max = 5200ms (custom)
2021-08-12 00:25:04,275 [pool-402-thread-1] INFO  server.RaftServerConfigKeys (ConfUtils.java:logGet(44)) - raft.server.rpc.sleep.time = 25ms (default)
2021-08-12 00:25:04,275 [pool-402-thread-1] INFO  server.RaftServerConfigKeys (ConfUtils.java:logGet(44)) - raft.server.rpc.slowness.timeout = 300000ms (custom)
2021-08-12 00:25:04,275 [pool-402-thread-1] INFO  server.RaftServerConfigKeys (ConfUtils.java:logGet(44)) - raft.server.leaderelection.leader.step-down.wait-time = 10s (default)
2021-08-12 00:25:04,280 [pool-402-thread-1] INFO  server.RaftServerConfigKeys (ConfUtils.java:logGet(44)) - raft.server.sleep.deviation.threshold = 300ms (default)
2021-08-12 00:25:04,280 [pool-402-thread-1] INFO  server.RaftServerConfigKeys (ConfUtils.java:logGet(44)) - raft.server.log.appender.install.snapshot.enabled = false (custom)
2021-08-12 00:25:04,280 [pool-402-thread-1] INFO  server.RaftServer$Division (ServerState.java:<init>(105)) - aa96c139-029c-4c26-b56b-b3e0db2a81f3@group-4938641401E1: ConfigurationManager, init=-1: [b53c0c0f-3814-44ae-9b6f-5cd1e5f5cab0|rpc:10.1.0.56:35731|dataStream:|priority:1, a86274cb-40c2-4f1a-b613-7c28a9d8bee7|rpc:10.1.0.56:37903|dataStream:|priority:0, aa96c139-029c-4c26-b56b-b3e0db2a81f3|rpc:10.1.0.56:42793|dataStream:|priority:0], old=null, confs=<EMPTY_MAP>
2021-08-12 00:25:04,280 [pool-402-thread-1] INFO  server.RaftServerConfigKeys (ConfUtils.java:logGet(44)) - raft.server.storage.dir = [/home/runner/work/ozone/ozone/hadoop-ozone/integration-test/target/test-dir/MiniOzoneClusterImpl-a42b6446-58ec-43bb-8d59-9c3f88cf101c/datanode-5/data/ratis] (custom)
2021-08-12 00:25:04,281 [pool-402-thread-1] INFO  server.RaftServerConfigKeys (ConfUtils.java:logGet(44)) - raft.server.log.corruption.policy = EXCEPTION (default)
2021-08-12 00:25:04,281 [pool-402-thread-1] INFO  server.RaftServerConfigKeys (ConfUtils.java:logGet(44)) - raft.server.storage.free-space.min = 0MB (=0) (default)
2021-08-12 00:25:04,281 [pool-402-thread-1] INFO  storage.RaftStorageDirectory (RaftStorageDirectoryImpl.java:analyzeStorage(135)) - The storage directory /home/runner/work/ozone/ozone/hadoop-ozone/integration-test/target/test-dir/MiniOzoneClusterImpl-a42b6446-58ec-43bb-8d59-9c3f88cf101c/datanode-5/data/ratis/108e8f3c-f357-4743-a252-4938641401e1 does not exist. Creating ...
2021-08-12 00:25:04,282 [pool-402-thread-1] INFO  storage.RaftStorageDirectory (RaftStorageDirectoryImpl.java:tryLock(230)) - Lock on /home/runner/work/ozone/ozone/hadoop-ozone/integration-test/target/test-dir/MiniOzoneClusterImpl-a42b6446-58ec-43bb-8d59-9c3f88cf101c/datanode-5/data/ratis/108e8f3c-f357-4743-a252-4938641401e1/in_use.lock acquired by nodename 2812@fv-az50-214
2021-08-12 00:25:04,291 [pool-402-thread-1] INFO  storage.RaftStorage (RaftStorageImpl.java:format(89)) - Storage directory /home/runner/work/ozone/ozone/hadoop-ozone/integration-test/target/test-dir/MiniOzoneClusterImpl-a42b6446-58ec-43bb-8d59-9c3f88cf101c/datanode-5/data/ratis/108e8f3c-f357-4743-a252-4938641401e1 has been successfully formatted.
2021-08-12 00:25:04,305 [Datanode State Machine Thread - 0] WARN  statemachine.StateContext (StateContext.java:execute(621)) - No available thread in pool for past 1 seconds.
2021-08-12 00:25:04,306 [pool-402-thread-1] INFO  ratis.ContainerStateMachine (ContainerStateMachine.java:loadSnapshot(225)) - group-4938641401E1: The snapshot info is null. Setting the last applied indexto:(t:0, i:~)
2021-08-12 00:25:04,306 [pool-402-thread-1] INFO  server.RaftServerConfigKeys (ConfUtils.java:logGet(44)) - raft.server.notification.no-leader.timeout = 300000ms (custom)
2021-08-12 00:25:04,306 [pool-402-thread-1] INFO  server.RaftServerConfigKeys (ConfUtils.java:logGet(44)) - raft.server.log.use.memory = false (default)
2021-08-12 00:25:04,306 [pool-402-thread-1] INFO  server.RaftServerConfigKeys (ConfUtils.java:logGet(44)) - raft.server.log.purge.gap = 1000000 (custom)
2021-08-12 00:25:04,307 [pool-402-thread-1] INFO  server.RaftServerConfigKeys (ConfUtils.java:logGet(44)) - raft.server.log.appender.buffer.byte-limit = 33554432 (custom)
2021-08-12 00:25:04,307 [pool-402-thread-1] INFO  server.RaftServerConfigKeys (ConfUtils.java:logGet(44)) - raft.server.log.segment.size.max = 1048576 (custom)
2021-08-12 00:25:04,307 [pool-402-thread-1] INFO  server.RaftServerConfigKeys (ConfUtils.java:logGet(44)) - raft.server.log.segment.cache.num.max = 2 (custom)
2021-08-12 00:25:04,308 [pool-402-thread-1] INFO  server.RaftServerConfigKeys (ConfUtils.java:logGet(44)) - raft.server.log.segment.cache.size.max = 200MB (=209715200) (default)
2021-08-12 00:25:04,308 [pool-402-thread-1] INFO  segmented.SegmentedRaftLogWorker (SegmentedRaftLogWorker.java:<init>(182)) - new aa96c139-029c-4c26-b56b-b3e0db2a81f3@group-4938641401E1-SegmentedRaftLogWorker for RaftStorageImpl:Storage Directory /home/runner/work/ozone/ozone/hadoop-ozone/integration-test/target/test-dir/MiniOzoneClusterImpl-a42b6446-58ec-43bb-8d59-9c3f88cf101c/datanode-5/data/ratis/108e8f3c-f357-4743-a252-4938641401e1
2021-08-12 00:25:04,308 [pool-402-thread-1] INFO  server.RaftServerConfigKeys (ConfUtils.java:logGet(44)) - raft.server.log.queue.byte-limit = 2147483647 (custom)
2021-08-12 00:25:04,308 [pool-402-thread-1] INFO  server.RaftServerConfigKeys (ConfUtils.java:logGet(44)) - raft.server.log.queue.element-limit = 1024 (custom)
2021-08-12 00:25:04,308 [pool-402-thread-1] INFO  server.RaftServerConfigKeys (ConfUtils.java:logGet(44)) - raft.server.log.segment.size.max = 1048576 (custom)
2021-08-12 00:25:04,308 [pool-402-thread-1] INFO  server.RaftServerConfigKeys (ConfUtils.java:logGet(44)) - raft.server.log.preallocated.size = 16384 (custom)
2021-08-12 00:25:04,308 [pool-402-thread-1] INFO  server.RaftServerConfigKeys (ConfUtils.java:logGet(44)) - raft.server.log.force.sync.num = 128 (default)
2021-08-12 00:25:04,308 [pool-402-thread-1] INFO  server.RaftServerConfigKeys (ConfUtils.java:logGet(44)) - raft.server.log.statemachine.data.sync = true (default)
2021-08-12 00:25:04,308 [pool-402-thread-1] INFO  server.RaftServerConfigKeys (ConfUtils.java:logGet(44)) - raft.server.log.statemachine.data.sync.timeout = 10s (default)
2021-08-12 00:25:04,308 [pool-402-thread-1] INFO  server.RaftServerConfigKeys (ConfUtils.java:logGet(44)) - raft.server.log.statemachine.data.sync.timeout.retry = -1 (default)
2021-08-12 00:25:04,310 [pool-402-thread-1] INFO  server.RaftServerConfigKeys (ConfUtils.java:logGet(44)) - raft.server.log.write.buffer.size = 1048576 (custom)
2021-08-12 00:25:04,311 [pool-402-thread-1] INFO  server.RaftServerConfigKeys (ConfUtils.java:logGet(44)) - raft.server.log.statemachine.data.caching.enabled = true (custom)
2021-08-12 00:25:04,311 [pool-402-thread-1] INFO  segmented.SegmentedRaftLogWorker (SegmentedRaftLogWorker.java:lambda$new$0(133)) - aa96c139-029c-4c26-b56b-b3e0db2a81f3@group-4938641401E1-SegmentedRaftLogWorker: flushIndex: setUnconditionally 0 -> -1
2021-08-12 00:25:04,311 [pool-402-thread-1] INFO  segmented.SegmentedRaftLogWorker (SegmentedRaftLogWorker.java:lambda$new$0(133)) - aa96c139-029c-4c26-b56b-b3e0db2a81f3@group-4938641401E1-SegmentedRaftLogWorker: safeCacheEvictIndex: setUnconditionally 0 -> -1
2021-08-12 00:25:04,340 [pool-402-thread-1] INFO  server.RaftServerConfigKeys (ConfUtils.java:logGet(44)) - raft.server.snapshot.auto.trigger.enabled = true (custom)
2021-08-12 00:25:04,340 [pool-402-thread-1] INFO  server.RaftServerConfigKeys (ConfUtils.java:logGet(44)) - raft.server.snapshot.auto.trigger.threshold = 10000 (custom)
2021-08-12 00:25:04,340 [pool-402-thread-1] INFO  server.RaftServerConfigKeys (ConfUtils.java:logGet(44)) - raft.server.snapshot.retention.file.num = 5 (custom)
2021-08-12 00:25:04,340 [pool-402-thread-1] INFO  server.RaftServerConfigKeys (ConfUtils.java:logGet(44)) - raft.server.log.purge.upto.snapshot.index = false (default)
2021-08-12 00:25:04,341 [pool-402-thread-1] INFO  server.RaftServerConfigKeys (ConfUtils.java:logGet(44)) - raft.server.retrycache.expirytime = 600000ms (custom)
2021-08-12 00:25:04,341 [pool-402-thread-1] INFO  server.RaftServerConfigKeys (ConfUtils.java:logGet(44)) - raft.server.retrycache.statistics.expirytime = 100μs (default)
2021-08-12 00:25:04,343 [pool-402-thread-1] INFO  server.RaftServer$Division (RaftServerImpl.java:start(296)) - aa96c139-029c-4c26-b56b-b3e0db2a81f3@group-4938641401E1: start as a follower, conf=-1: [b53c0c0f-3814-44ae-9b6f-5cd1e5f5cab0|rpc:10.1.0.56:35731|dataStream:|priority:1, a86274cb-40c2-4f1a-b613-7c28a9d8bee7|rpc:10.1.0.56:37903|dataStream:|priority:0, aa96c139-029c-4c26-b56b-b3e0db2a81f3|rpc:10.1.0.56:42793|dataStream:|priority:0], old=null
2021-08-12 00:25:04,343 [pool-402-thread-1] INFO  server.RaftServer$Division (RaftServerImpl.java:setRole(285)) - aa96c139-029c-4c26-b56b-b3e0db2a81f3@group-4938641401E1: changes role from      null to FOLLOWER at term 0 for startAsFollower
2021-08-12 00:25:04,343 [pool-402-thread-1] INFO  impl.RoleInfo (RoleInfo.java:updateAndGet(130)) - aa96c139-029c-4c26-b56b-b3e0db2a81f3: start aa96c139-029c-4c26-b56b-b3e0db2a81f3@group-4938641401E1-FollowerState
2021-08-12 00:25:04,343 [pool-402-thread-1] INFO  util.JmxRegister (JmxRegister.java:tryRegister(44)) - Successfully registered JMX Bean with object name Ratis:service=RaftServer,group=group-4938641401E1,id=aa96c139-029c-4c26-b56b-b3e0db2a81f3
2021-08-12 00:25:04,440 [grpc-default-executor-3] INFO  server.RaftServer (RaftServerProxy.java:addNew(95)) - b53c0c0f-3814-44ae-9b6f-5cd1e5f5cab0: addNew group-4938641401E1:[b53c0c0f-3814-44ae-9b6f-5cd1e5f5cab0|rpc:10.1.0.56:35731|dataStream:|priority:1, a86274cb-40c2-4f1a-b613-7c28a9d8bee7|rpc:10.1.0.56:37903|dataStream:|priority:0, aa96c139-029c-4c26-b56b-b3e0db2a81f3|rpc:10.1.0.56:42793|dataStream:|priority:0] returns group-4938641401E1:java.util.concurrent.CompletableFuture@38990fea[Not completed]
2021-08-12 00:25:04,452 [pool-383-thread-1] INFO  server.RaftServer$Division (RaftServerImpl.java:<init>(181)) - b53c0c0f-3814-44ae-9b6f-5cd1e5f5cab0: new RaftServerImpl for group-4938641401E1:[b53c0c0f-3814-44ae-9b6f-5cd1e5f5cab0|rpc:10.1.0.56:35731|dataStream:|priority:1, a86274cb-40c2-4f1a-b613-7c28a9d8bee7|rpc:10.1.0.56:37903|dataStream:|priority:0, aa96c139-029c-4c26-b56b-b3e0db2a81f3|rpc:10.1.0.56:42793|dataStream:|priority:0] with ContainerStateMachine:uninitialized
2021-08-12 00:25:04,452 [pool-383-thread-1] INFO  server.RaftServerConfigKeys (ConfUtils.java:logGet(44)) - raft.server.rpc.timeout.min = 5s (custom)
2021-08-12 00:25:04,453 [pool-383-thread-1] INFO  server.RaftServerConfigKeys (ConfUtils.java:logGet(44)) - raft.server.rpc.timeout.max = 5200ms (custom)
2021-08-12 00:25:04,453 [pool-383-thread-1] INFO  server.RaftServerConfigKeys (ConfUtils.java:logGet(44)) - raft.server.rpc.sleep.time = 25ms (default)
2021-08-12 00:25:04,453 [pool-383-thread-1] INFO  server.RaftServerConfigKeys (ConfUtils.java:logGet(44)) - raft.server.rpc.slowness.timeout = 300000ms (custom)
2021-08-12 00:25:04,453 [pool-383-thread-1] INFO  server.RaftServerConfigKeys (ConfUtils.java:logGet(44)) - raft.server.leaderelection.leader.step-down.wait-time = 10s (default)
2021-08-12 00:25:04,453 [pool-383-thread-1] INFO  server.RaftServerConfigKeys (ConfUtils.java:logGet(44)) - raft.server.sleep.deviation.threshold = 300ms (default)
2021-08-12 00:25:04,453 [pool-383-thread-1] INFO  server.RaftServerConfigKeys (ConfUtils.java:logGet(44)) - raft.server.log.appender.install.snapshot.enabled = false (custom)
2021-08-12 00:25:04,453 [pool-383-thread-1] INFO  server.RaftServer$Division (ServerState.java:<init>(105)) - b53c0c0f-3814-44ae-9b6f-5cd1e5f5cab0@group-4938641401E1: ConfigurationManager, init=-1: [b53c0c0f-3814-44ae-9b6f-5cd1e5f5cab0|rpc:10.1.0.56:35731|dataStream:|priority:1, a86274cb-40c2-4f1a-b613-7c28a9d8bee7|rpc:10.1.0.56:37903|dataStream:|priority:0, aa96c139-029c-4c26-b56b-b3e0db2a81f3|rpc:10.1.0.56:42793|dataStream:|priority:0], old=null, confs=<EMPTY_MAP>
2021-08-12 00:25:04,453 [pool-383-thread-1] INFO  server.RaftServerConfigKeys (ConfUtils.java:logGet(44)) - raft.server.storage.dir = [/home/runner/work/ozone/ozone/hadoop-ozone/integration-test/target/test-dir/MiniOzoneClusterImpl-a42b6446-58ec-43bb-8d59-9c3f88cf101c/datanode-4/data/ratis] (custom)
2021-08-12 00:25:04,453 [pool-383-thread-1] INFO  server.RaftServerConfigKeys (ConfUtils.java:logGet(44)) - raft.server.log.corruption.policy = EXCEPTION (default)
2021-08-12 00:25:04,453 [pool-383-thread-1] INFO  server.RaftServerConfigKeys (ConfUtils.java:logGet(44)) - raft.server.storage.free-space.min = 0MB (=0) (default)
2021-08-12 00:25:04,454 [pool-383-thread-1] INFO  storage.RaftStorageDirectory (RaftStorageDirectoryImpl.java:analyzeStorage(135)) - The storage directory /home/runner/work/ozone/ozone/hadoop-ozone/integration-test/target/test-dir/MiniOzoneClusterImpl-a42b6446-58ec-43bb-8d59-9c3f88cf101c/datanode-4/data/ratis/108e8f3c-f357-4743-a252-4938641401e1 does not exist. Creating ...
2021-08-12 00:25:04,455 [pool-383-thread-1] INFO  storage.RaftStorageDirectory (RaftStorageDirectoryImpl.java:tryLock(230)) - Lock on /home/runner/work/ozone/ozone/hadoop-ozone/integration-test/target/test-dir/MiniOzoneClusterImpl-a42b6446-58ec-43bb-8d59-9c3f88cf101c/datanode-4/data/ratis/108e8f3c-f357-4743-a252-4938641401e1/in_use.lock acquired by nodename 2812@fv-az50-214
2021-08-12 00:25:04,457 [pool-383-thread-1] INFO  storage.RaftStorage (RaftStorageImpl.java:format(89)) - Storage directory /home/runner/work/ozone/ozone/hadoop-ozone/integration-test/target/test-dir/MiniOzoneClusterImpl-a42b6446-58ec-43bb-8d59-9c3f88cf101c/datanode-4/data/ratis/108e8f3c-f357-4743-a252-4938641401e1 has been successfully formatted.
2021-08-12 00:25:04,463 [Datanode State Machine Thread - 0] WARN  statemachine.StateContext (StateContext.java:execute(621)) - No available thread in pool for past 1 seconds.
2021-08-12 00:25:04,465 [pool-383-thread-1] INFO  ratis.ContainerStateMachine (ContainerStateMachine.java:loadSnapshot(225)) - group-4938641401E1: The snapshot info is null. Setting the last applied indexto:(t:0, i:~)
2021-08-12 00:25:04,466 [pool-383-thread-1] INFO  server.RaftServerConfigKeys (ConfUtils.java:logGet(44)) - raft.server.notification.no-leader.timeout = 300000ms (custom)
2021-08-12 00:25:04,466 [pool-383-thread-1] INFO  server.RaftServerConfigKeys (ConfUtils.java:logGet(44)) - raft.server.log.use.memory = false (default)
2021-08-12 00:25:04,466 [pool-383-thread-1] INFO  server.RaftServerConfigKeys (ConfUtils.java:logGet(44)) - raft.server.log.purge.gap = 1000000 (custom)
2021-08-12 00:25:04,466 [pool-383-thread-1] INFO  server.RaftServerConfigKeys (ConfUtils.java:logGet(44)) - raft.server.log.appender.buffer.byte-limit = 33554432 (custom)
2021-08-12 00:25:04,466 [pool-383-thread-1] INFO  server.RaftServerConfigKeys (ConfUtils.java:logGet(44)) - raft.server.log.segment.size.max = 1048576 (custom)
2021-08-12 00:25:04,467 [pool-383-thread-1] INFO  server.RaftServerConfigKeys (ConfUtils.java:logGet(44)) - raft.server.log.segment.cache.num.max = 2 (custom)
2021-08-12 00:25:04,467 [pool-383-thread-1] INFO  server.RaftServerConfigKeys (ConfUtils.java:logGet(44)) - raft.server.log.segment.cache.size.max = 200MB (=209715200) (default)
2021-08-12 00:25:04,467 [pool-383-thread-1] INFO  segmented.SegmentedRaftLogWorker (SegmentedRaftLogWorker.java:<init>(182)) - new b53c0c0f-3814-44ae-9b6f-5cd1e5f5cab0@group-4938641401E1-SegmentedRaftLogWorker for RaftStorageImpl:Storage Directory /home/runner/work/ozone/ozone/hadoop-ozone/integration-test/target/test-dir/MiniOzoneClusterImpl-a42b6446-58ec-43bb-8d59-9c3f88cf101c/datanode-4/data/ratis/108e8f3c-f357-4743-a252-4938641401e1
2021-08-12 00:25:04,467 [pool-383-thread-1] INFO  server.RaftServerConfigKeys (ConfUtils.java:logGet(44)) - raft.server.log.queue.byte-limit = 2147483647 (custom)
2021-08-12 00:25:04,467 [pool-383-thread-1] INFO  server.RaftServerConfigKeys (ConfUtils.java:logGet(44)) - raft.server.log.queue.element-limit = 1024 (custom)
2021-08-12 00:25:04,467 [pool-383-thread-1] INFO  server.RaftServerConfigKeys (ConfUtils.java:logGet(44)) - raft.server.log.segment.size.max = 1048576 (custom)
2021-08-12 00:25:04,467 [pool-383-thread-1] INFO  server.RaftServerConfigKeys (ConfUtils.java:logGet(44)) - raft.server.log.preallocated.size = 16384 (custom)
2021-08-12 00:25:04,467 [pool-383-thread-1] INFO  server.RaftServerConfigKeys (ConfUtils.java:logGet(44)) - raft.server.log.force.sync.num = 128 (default)
2021-08-12 00:25:04,467 [pool-383-thread-1] INFO  server.RaftServerConfigKeys (ConfUtils.java:logGet(44)) - raft.server.log.statemachine.data.sync = true (default)
2021-08-12 00:25:04,467 [pool-383-thread-1] INFO  server.RaftServerConfigKeys (ConfUtils.java:logGet(44)) - raft.server.log.statemachine.data.sync.timeout = 10s (default)
2021-08-12 00:25:04,467 [pool-383-thread-1] INFO  server.RaftServerConfigKeys (ConfUtils.java:logGet(44)) - raft.server.log.statemachine.data.sync.timeout.retry = -1 (default)
2021-08-12 00:25:04,468 [pool-383-thread-1] INFO  server.RaftServerConfigKeys (ConfUtils.java:logGet(44)) - raft.server.log.write.buffer.size = 1048576 (custom)
2021-08-12 00:25:04,469 [pool-383-thread-1] INFO  server.RaftServerConfigKeys (ConfUtils.java:logGet(44)) - raft.server.log.statemachine.data.caching.enabled = true (custom)
2021-08-12 00:25:04,469 [pool-383-thread-1] INFO  segmented.SegmentedRaftLogWorker (SegmentedRaftLogWorker.java:lambda$new$0(133)) - b53c0c0f-3814-44ae-9b6f-5cd1e5f5cab0@group-4938641401E1-SegmentedRaftLogWorker: flushIndex: setUnconditionally 0 -> -1
2021-08-12 00:25:04,469 [pool-383-thread-1] INFO  segmented.SegmentedRaftLogWorker (SegmentedRaftLogWorker.java:lambda$new$0(133)) - b53c0c0f-3814-44ae-9b6f-5cd1e5f5cab0@group-4938641401E1-SegmentedRaftLogWorker: safeCacheEvictIndex: setUnconditionally 0 -> -1
2021-08-12 00:25:04,470 [pool-383-thread-1] INFO  server.RaftServerConfigKeys (ConfUtils.java:logGet(44)) - raft.server.snapshot.auto.trigger.enabled = true (custom)
2021-08-12 00:25:04,470 [pool-383-thread-1] INFO  server.RaftServerConfigKeys (ConfUtils.java:logGet(44)) - raft.server.snapshot.auto.trigger.threshold = 10000 (custom)
2021-08-12 00:25:04,470 [pool-383-thread-1] INFO  server.RaftServerConfigKeys (ConfUtils.java:logGet(44)) - raft.server.snapshot.retention.file.num = 5 (custom)
2021-08-12 00:25:04,470 [pool-383-thread-1] INFO  server.RaftServerConfigKeys (ConfUtils.java:logGet(44)) - raft.server.log.purge.upto.snapshot.index = false (default)
2021-08-12 00:25:04,470 [pool-383-thread-1] INFO  server.RaftServerConfigKeys (ConfUtils.java:logGet(44)) - raft.server.retrycache.expirytime = 600000ms (custom)
2021-08-12 00:25:04,470 [pool-383-thread-1] INFO  server.RaftServerConfigKeys (ConfUtils.java:logGet(44)) - raft.server.retrycache.statistics.expirytime = 100μs (default)
2021-08-12 00:25:04,471 [pool-383-thread-1] INFO  server.RaftServer$Division (RaftServerImpl.java:start(296)) - b53c0c0f-3814-44ae-9b6f-5cd1e5f5cab0@group-4938641401E1: start as a follower, conf=-1: [b53c0c0f-3814-44ae-9b6f-5cd1e5f5cab0|rpc:10.1.0.56:35731|dataStream:|priority:1, a86274cb-40c2-4f1a-b613-7c28a9d8bee7|rpc:10.1.0.56:37903|dataStream:|priority:0, aa96c139-029c-4c26-b56b-b3e0db2a81f3|rpc:10.1.0.56:42793|dataStream:|priority:0], old=null
2021-08-12 00:25:04,471 [pool-383-thread-1] INFO  server.RaftServer$Division (RaftServerImpl.java:setRole(285)) - b53c0c0f-3814-44ae-9b6f-5cd1e5f5cab0@group-4938641401E1: changes role from      null to FOLLOWER at term 0 for startAsFollower
2021-08-12 00:25:04,471 [pool-383-thread-1] INFO  impl.RoleInfo (RoleInfo.java:updateAndGet(130)) - b53c0c0f-3814-44ae-9b6f-5cd1e5f5cab0: start b53c0c0f-3814-44ae-9b6f-5cd1e5f5cab0@group-4938641401E1-FollowerState
2021-08-12 00:25:04,472 [pool-383-thread-1] INFO  util.JmxRegister (JmxRegister.java:tryRegister(44)) - Successfully registered JMX Bean with object name Ratis:service=RaftServer,group=group-4938641401E1,id=b53c0c0f-3814-44ae-9b6f-5cd1e5f5cab0
2021-08-12 00:25:04,480 [Command processor thread] INFO  commandhandler.CreatePipelineCommandHandler (CreatePipelineCommandHandler.java:handle(106)) - Created Pipeline RATIS THREE PipelineID=108e8f3c-f357-4743-a252-4938641401e1.
2021-08-12 00:25:04,669 [Command processor thread] INFO  server.RaftServer (RaftServerProxy.java:addNew(95)) - b53c0c0f-3814-44ae-9b6f-5cd1e5f5cab0: addNew group-CCDFCDB58FFE:[b53c0c0f-3814-44ae-9b6f-5cd1e5f5cab0|rpc:10.1.0.56:35731|priority:1] returns group-CCDFCDB58FFE:java.util.concurrent.CompletableFuture@7c1fd89d[Not completed]
2021-08-12 00:25:04,670 [pool-383-thread-1] INFO  server.RaftServer$Division (RaftServerImpl.java:<init>(181)) - b53c0c0f-3814-44ae-9b6f-5cd1e5f5cab0: new RaftServerImpl for group-CCDFCDB58FFE:[b53c0c0f-3814-44ae-9b6f-5cd1e5f5cab0|rpc:10.1.0.56:35731|priority:1] with ContainerStateMachine:uninitialized
2021-08-12 00:25:04,670 [pool-383-thread-1] INFO  server.RaftServerConfigKeys (ConfUtils.java:logGet(44)) - raft.server.rpc.timeout.min = 5s (custom)
2021-08-12 00:25:04,670 [pool-383-thread-1] INFO  server.RaftServerConfigKeys (ConfUtils.java:logGet(44)) - raft.server.rpc.timeout.max = 5200ms (custom)
2021-08-12 00:25:04,670 [pool-383-thread-1] INFO  server.RaftServerConfigKeys (ConfUtils.java:logGet(44)) - raft.server.rpc.sleep.time = 25ms (default)
2021-08-12 00:25:04,670 [pool-383-thread-1] INFO  server.RaftServerConfigKeys (ConfUtils.java:logGet(44)) - raft.server.rpc.slowness.timeout = 300000ms (custom)
2021-08-12 00:25:04,670 [pool-383-thread-1] INFO  server.RaftServerConfigKeys (ConfUtils.java:logGet(44)) - raft.server.leaderelection.leader.step-down.wait-time = 10s (default)
2021-08-12 00:25:04,670 [pool-383-thread-1] INFO  server.RaftServerConfigKeys (ConfUtils.java:logGet(44)) - raft.server.sleep.deviation.threshold = 300ms (default)
2021-08-12 00:25:04,670 [pool-383-thread-1] INFO  server.RaftServerConfigKeys (ConfUtils.java:logGet(44)) - raft.server.log.appender.install.snapshot.enabled = false (custom)
2021-08-12 00:25:04,670 [pool-383-thread-1] INFO  server.RaftServer$Division (ServerState.java:<init>(105)) - b53c0c0f-3814-44ae-9b6f-5cd1e5f5cab0@group-CCDFCDB58FFE: ConfigurationManager, init=-1: [b53c0c0f-3814-44ae-9b6f-5cd1e5f5cab0|rpc:10.1.0.56:35731|priority:1], old=null, confs=<EMPTY_MAP>
2021-08-12 00:25:04,670 [pool-383-thread-1] INFO  server.RaftServerConfigKeys (ConfUtils.java:logGet(44)) - raft.server.storage.dir = [/home/runner/work/ozone/ozone/hadoop-ozone/integration-test/target/test-dir/MiniOzoneClusterImpl-a42b6446-58ec-43bb-8d59-9c3f88cf101c/datanode-4/data/ratis] (custom)
2021-08-12 00:25:04,670 [pool-383-thread-1] INFO  server.RaftServerConfigKeys (ConfUtils.java:logGet(44)) - raft.server.log.corruption.policy = EXCEPTION (default)
2021-08-12 00:25:04,671 [pool-383-thread-1] INFO  server.RaftServerConfigKeys (ConfUtils.java:logGet(44)) - raft.server.storage.free-space.min = 0MB (=0) (default)
2021-08-12 00:25:04,671 [pool-383-thread-1] INFO  storage.RaftStorageDirectory (RaftStorageDirectoryImpl.java:analyzeStorage(135)) - The storage directory /home/runner/work/ozone/ozone/hadoop-ozone/integration-test/target/test-dir/MiniOzoneClusterImpl-a42b6446-58ec-43bb-8d59-9c3f88cf101c/datanode-4/data/ratis/53010660-58c2-494e-859d-ccdfcdb58ffe does not exist. Creating ...
2021-08-12 00:25:04,672 [pool-383-thread-1] INFO  storage.RaftStorageDirectory (RaftStorageDirectoryImpl.java:tryLock(230)) - Lock on /home/runner/work/ozone/ozone/hadoop-ozone/integration-test/target/test-dir/MiniOzoneClusterImpl-a42b6446-58ec-43bb-8d59-9c3f88cf101c/datanode-4/data/ratis/53010660-58c2-494e-859d-ccdfcdb58ffe/in_use.lock acquired by nodename 2812@fv-az50-214
2021-08-12 00:25:04,673 [pool-383-thread-1] INFO  storage.RaftStorage (RaftStorageImpl.java:format(89)) - Storage directory /home/runner/work/ozone/ozone/hadoop-ozone/integration-test/target/test-dir/MiniOzoneClusterImpl-a42b6446-58ec-43bb-8d59-9c3f88cf101c/datanode-4/data/ratis/53010660-58c2-494e-859d-ccdfcdb58ffe has been successfully formatted.
2021-08-12 00:25:04,673 [Datanode State Machine Thread - 0] WARN  statemachine.StateContext (StateContext.java:execute(621)) - No available thread in pool for past 1 seconds.
2021-08-12 00:25:04,674 [pool-383-thread-1] INFO  ratis.ContainerStateMachine (ContainerStateMachine.java:loadSnapshot(225)) - group-CCDFCDB58FFE: The snapshot info is null. Setting the last applied indexto:(t:0, i:~)
2021-08-12 00:25:04,675 [EventQueue-PipelineReportForPipelineReportHandler] INFO  pipeline.PipelineManagerImpl (PipelineManagerImpl.java:openPipeline(283)) - Pipeline Pipeline[ Id: 53010660-58c2-494e-859d-ccdfcdb58ffe, Nodes: b53c0c0f-3814-44ae-9b6f-5cd1e5f5cab0{ip: 10.1.0.56, host: fv-az50-214.grzltbmokehuzjyc5b133kdqgh.cx.internal.cloudapp.net, ports: [REPLICATION=42837, RATIS=35731, RATIS_ADMIN=35731, RATIS_SERVER=35731, STANDALONE=40969], networkLocation: /default-rack, certSerialId: null, persistedOpState: IN_SERVICE, persistedOpStateExpiryEpochSec: 0}, ReplicationConfig: RATIS/ONE, State:ALLOCATED, leaderId:b53c0c0f-3814-44ae-9b6f-5cd1e5f5cab0, CreationTimestamp2021-08-12T00:25:01.670Z[Etc/UTC]] moved to OPEN state
2021-08-12 00:25:04,675 [pool-383-thread-1] INFO  server.RaftServerConfigKeys (ConfUtils.java:logGet(44)) - raft.server.notification.no-leader.timeout = 300000ms (custom)
2021-08-12 00:25:04,675 [pool-383-thread-1] INFO  server.RaftServerConfigKeys (ConfUtils.java:logGet(44)) - raft.server.log.use.memory = false (default)
2021-08-12 00:25:04,675 [EventQueue-OpenPipelineForHealthyPipelineSafeModeRule] INFO  safemode.SCMSafeModeManager (HealthyPipelineSafeModeRule.java:process(124)) - SCM in safe mode. Healthy pipelines reported count is 0, required healthy pipeline reported count is 1
2021-08-12 00:25:04,675 [pool-383-thread-1] INFO  server.RaftServerConfigKeys (ConfUtils.java:logGet(44)) - raft.server.log.purge.gap = 1000000 (custom)
2021-08-12 00:25:04,675 [pool-383-thread-1] INFO  server.RaftServerConfigKeys (ConfUtils.java:logGet(44)) - raft.server.log.appender.buffer.byte-limit = 33554432 (custom)
2021-08-12 00:25:04,676 [pool-383-thread-1] INFO  server.RaftServerConfigKeys (ConfUtils.java:logGet(44)) - raft.server.log.segment.size.max = 1048576 (custom)
2021-08-12 00:25:04,679 [pool-383-thread-1] INFO  server.RaftServerConfigKeys (ConfUtils.java:logGet(44)) - raft.server.log.segment.cache.num.max = 2 (custom)
2021-08-12 00:25:04,679 [pool-383-thread-1] INFO  server.RaftServerConfigKeys (ConfUtils.java:logGet(44)) - raft.server.log.segment.cache.size.max = 200MB (=209715200) (default)
2021-08-12 00:25:04,679 [pool-383-thread-1] INFO  segmented.SegmentedRaftLogWorker (SegmentedRaftLogWorker.java:<init>(182)) - new b53c0c0f-3814-44ae-9b6f-5cd1e5f5cab0@group-CCDFCDB58FFE-SegmentedRaftLogWorker for RaftStorageImpl:Storage Directory /home/runner/work/ozone/ozone/hadoop-ozone/integration-test/target/test-dir/MiniOzoneClusterImpl-a42b6446-58ec-43bb-8d59-9c3f88cf101c/datanode-4/data/ratis/53010660-58c2-494e-859d-ccdfcdb58ffe
2021-08-12 00:25:04,679 [pool-383-thread-1] INFO  server.RaftServerConfigKeys (ConfUtils.java:logGet(44)) - raft.server.log.queue.byte-limit = 2147483647 (custom)
2021-08-12 00:25:04,679 [pool-383-thread-1] INFO  server.RaftServerConfigKeys (ConfUtils.java:logGet(44)) - raft.server.log.queue.element-limit = 1024 (custom)
2021-08-12 00:25:04,680 [pool-383-thread-1] INFO  server.RaftServerConfigKeys (ConfUtils.java:logGet(44)) - raft.server.log.segment.size.max = 1048576 (custom)
2021-08-12 00:25:04,680 [pool-383-thread-1] INFO  server.RaftServerConfigKeys (ConfUtils.java:logGet(44)) - raft.server.log.preallocated.size = 16384 (custom)
2021-08-12 00:25:04,680 [pool-383-thread-1] INFO  server.RaftServerConfigKeys (ConfUtils.java:logGet(44)) - raft.server.log.force.sync.num = 128 (default)
2021-08-12 00:25:04,680 [pool-383-thread-1] INFO  server.RaftServerConfigKeys (ConfUtils.java:logGet(44)) - raft.server.log.statemachine.data.sync = true (default)
2021-08-12 00:25:04,680 [pool-383-thread-1] INFO  server.RaftServerConfigKeys (ConfUtils.java:logGet(44)) - raft.server.log.statemachine.data.sync.timeout = 10s (default)
2021-08-12 00:25:04,680 [pool-383-thread-1] INFO  server.RaftServerConfigKeys (ConfUtils.java:logGet(44)) - raft.server.log.statemachine.data.sync.timeout.retry = -1 (default)
2021-08-12 00:25:04,681 [pool-383-thread-1] INFO  server.RaftServerConfigKeys (ConfUtils.java:logGet(44)) - raft.server.log.write.buffer.size = 1048576 (custom)
2021-08-12 00:25:04,682 [pool-383-thread-1] INFO  server.RaftServerConfigKeys (ConfUtils.java:logGet(44)) - raft.server.log.statemachine.data.caching.enabled = true (custom)
2021-08-12 00:25:04,682 [pool-383-thread-1] INFO  segmented.SegmentedRaftLogWorker (SegmentedRaftLogWorker.java:lambda$new$0(133)) - b53c0c0f-3814-44ae-9b6f-5cd1e5f5cab0@group-CCDFCDB58FFE-SegmentedRaftLogWorker: flushIndex: setUnconditionally 0 -> -1
2021-08-12 00:25:04,682 [pool-383-thread-1] INFO  segmented.SegmentedRaftLogWorker (SegmentedRaftLogWorker.java:lambda$new$0(133)) - b53c0c0f-3814-44ae-9b6f-5cd1e5f5cab0@group-CCDFCDB58FFE-SegmentedRaftLogWorker: safeCacheEvictIndex: setUnconditionally 0 -> -1
2021-08-12 00:25:04,682 [pool-383-thread-1] INFO  server.RaftServerConfigKeys (ConfUtils.java:logGet(44)) - raft.server.snapshot.auto.trigger.enabled = true (custom)
2021-08-12 00:25:04,682 [pool-383-thread-1] INFO  server.RaftServerConfigKeys (ConfUtils.java:logGet(44)) - raft.server.snapshot.auto.trigger.threshold = 10000 (custom)
2021-08-12 00:25:04,682 [pool-383-thread-1] INFO  server.RaftServerConfigKeys (ConfUtils.java:logGet(44)) - raft.server.snapshot.retention.file.num = 5 (custom)
2021-08-12 00:25:04,682 [pool-383-thread-1] INFO  server.RaftServerConfigKeys (ConfUtils.java:logGet(44)) - raft.server.log.purge.upto.snapshot.index = false (default)
2021-08-12 00:25:04,682 [pool-383-thread-1] INFO  server.RaftServerConfigKeys (ConfUtils.java:logGet(44)) - raft.server.retrycache.expirytime = 600000ms (custom)
2021-08-12 00:25:04,683 [pool-383-thread-1] INFO  server.RaftServerConfigKeys (ConfUtils.java:logGet(44)) - raft.server.retrycache.statistics.expirytime = 100μs (default)
2021-08-12 00:25:04,684 [pool-383-thread-1] INFO  server.RaftServer$Division (RaftServerImpl.java:start(296)) - b53c0c0f-3814-44ae-9b6f-5cd1e5f5cab0@group-CCDFCDB58FFE: start as a follower, conf=-1: [b53c0c0f-3814-44ae-9b6f-5cd1e5f5cab0|rpc:10.1.0.56:35731|priority:1], old=null
2021-08-12 00:25:04,684 [pool-383-thread-1] INFO  server.RaftServer$Division (RaftServerImpl.java:setRole(285)) - b53c0c0f-3814-44ae-9b6f-5cd1e5f5cab0@group-CCDFCDB58FFE: changes role from      null to FOLLOWER at term 0 for startAsFollower
2021-08-12 00:25:04,684 [pool-383-thread-1] INFO  impl.RoleInfo (RoleInfo.java:updateAndGet(130)) - b53c0c0f-3814-44ae-9b6f-5cd1e5f5cab0: start b53c0c0f-3814-44ae-9b6f-5cd1e5f5cab0@group-CCDFCDB58FFE-FollowerState
2021-08-12 00:25:04,702 [pool-383-thread-1] INFO  util.JmxRegister (JmxRegister.java:tryRegister(44)) - Successfully registered JMX Bean with object name Ratis:service=RaftServer,group=group-CCDFCDB58FFE,id=b53c0c0f-3814-44ae-9b6f-5cd1e5f5cab0
2021-08-12 00:25:04,723 [Command processor thread] INFO  ratis.XceiverServerRatis (XceiverServerRatis.java:addGroup(763)) - Created group PipelineID=53010660-58c2-494e-859d-ccdfcdb58ffe
2021-08-12 00:25:04,723 [Command processor thread] INFO  commandhandler.CreatePipelineCommandHandler (CreatePipelineCommandHandler.java:handle(106)) - Created Pipeline RATIS ONE PipelineID=53010660-58c2-494e-859d-ccdfcdb58ffe.
2021-08-12 00:25:04,827 [Listener at 127.0.0.1/46733] INFO  ozone.MiniOzoneClusterImpl (MiniOzoneClusterImpl.java:lambda$waitForClusterToBeReady$0(235)) - Nodes are ready. Got 9 of 9 DN Heartbeats.
2021-08-12 00:25:04,827 [Listener at 127.0.0.1/46733] INFO  ozone.MiniOzoneClusterImpl (MiniOzoneClusterImpl.java:lambda$waitForClusterToBeReady$0(238)) - Waiting for cluster to exit safe mode
2021-08-12 00:25:04,827 [Listener at 127.0.0.1/46733] INFO  ozone.MiniOzoneClusterImpl (MiniOzoneClusterImpl.java:lambda$waitForClusterToBeReady$0(240)) - SCM became leader
2021-08-12 00:25:05,172 [Command processor thread] INFO  server.RaftServer (RaftServerProxy.java:addNew(95)) - aa96c139-029c-4c26-b56b-b3e0db2a81f3: addNew group-B9A8F8F773F9:[aa96c139-029c-4c26-b56b-b3e0db2a81f3|rpc:10.1.0.56:42793|priority:1] returns group-B9A8F8F773F9:java.util.concurrent.CompletableFuture@536cb418[Not completed]
2021-08-12 00:25:05,173 [pool-402-thread-1] INFO  server.RaftServer$Division (RaftServerImpl.java:<init>(181)) - aa96c139-029c-4c26-b56b-b3e0db2a81f3: new RaftServerImpl for group-B9A8F8F773F9:[aa96c139-029c-4c26-b56b-b3e0db2a81f3|rpc:10.1.0.56:42793|priority:1] with ContainerStateMachine:uninitialized
2021-08-12 00:25:05,173 [pool-402-thread-1] INFO  server.RaftServerConfigKeys (ConfUtils.java:logGet(44)) - raft.server.rpc.timeout.min = 5s (custom)
2021-08-12 00:25:05,173 [pool-402-thread-1] INFO  server.RaftServerConfigKeys (ConfUtils.java:logGet(44)) - raft.server.rpc.timeout.max = 5200ms (custom)
2021-08-12 00:25:05,173 [pool-402-thread-1] INFO  server.RaftServerConfigKeys (ConfUtils.java:logGet(44)) - raft.server.rpc.sleep.time = 25ms (default)
2021-08-12 00:25:05,173 [pool-402-thread-1] INFO  server.RaftServerConfigKeys (ConfUtils.java:logGet(44)) - raft.server.rpc.slowness.timeout = 300000ms (custom)
2021-08-12 00:25:05,173 [pool-402-thread-1] INFO  server.RaftServerConfigKeys (ConfUtils.java:logGet(44)) - raft.server.leaderelection.leader.step-down.wait-time = 10s (default)
2021-08-12 00:25:05,174 [pool-402-thread-1] INFO  server.RaftServerConfigKeys (ConfUtils.java:logGet(44)) - raft.server.sleep.deviation.threshold = 300ms (default)
2021-08-12 00:25:05,174 [pool-402-thread-1] INFO  server.RaftServerConfigKeys (ConfUtils.java:logGet(44)) - raft.server.log.appender.install.snapshot.enabled = false (custom)
2021-08-12 00:25:05,174 [pool-402-thread-1] INFO  server.RaftServer$Division (ServerState.java:<init>(105)) - aa96c139-029c-4c26-b56b-b3e0db2a81f3@group-B9A8F8F773F9: ConfigurationManager, init=-1: [aa96c139-029c-4c26-b56b-b3e0db2a81f3|rpc:10.1.0.56:42793|priority:1], old=null, confs=<EMPTY_MAP>
2021-08-12 00:25:05,174 [pool-402-thread-1] INFO  server.RaftServerConfigKeys (ConfUtils.java:logGet(44)) - raft.server.storage.dir = [/home/runner/work/ozone/ozone/hadoop-ozone/integration-test/target/test-dir/MiniOzoneClusterImpl-a42b6446-58ec-43bb-8d59-9c3f88cf101c/datanode-5/data/ratis] (custom)
2021-08-12 00:25:05,174 [pool-402-thread-1] INFO  server.RaftServerConfigKeys (ConfUtils.java:logGet(44)) - raft.server.log.corruption.policy = EXCEPTION (default)
2021-08-12 00:25:05,174 [pool-402-thread-1] INFO  server.RaftServerConfigKeys (ConfUtils.java:logGet(44)) - raft.server.storage.free-space.min = 0MB (=0) (default)
2021-08-12 00:25:05,174 [pool-402-thread-1] INFO  storage.RaftStorageDirectory (RaftStorageDirectoryImpl.java:analyzeStorage(135)) - The storage directory /home/runner/work/ozone/ozone/hadoop-ozone/integration-test/target/test-dir/MiniOzoneClusterImpl-a42b6446-58ec-43bb-8d59-9c3f88cf101c/datanode-5/data/ratis/b8111e83-b548-47d8-844a-b9a8f8f773f9 does not exist. Creating ...
2021-08-12 00:25:05,179 [pool-402-thread-1] INFO  storage.RaftStorageDirectory (RaftStorageDirectoryImpl.java:tryLock(230)) - Lock on /home/runner/work/ozone/ozone/hadoop-ozone/integration-test/target/test-dir/MiniOzoneClusterImpl-a42b6446-58ec-43bb-8d59-9c3f88cf101c/datanode-5/data/ratis/b8111e83-b548-47d8-844a-b9a8f8f773f9/in_use.lock acquired by nodename 2812@fv-az50-214
2021-08-12 00:25:05,180 [pool-402-thread-1] INFO  storage.RaftStorage (RaftStorageImpl.java:format(89)) - Storage directory /home/runner/work/ozone/ozone/hadoop-ozone/integration-test/target/test-dir/MiniOzoneClusterImpl-a42b6446-58ec-43bb-8d59-9c3f88cf101c/datanode-5/data/ratis/b8111e83-b548-47d8-844a-b9a8f8f773f9 has been successfully formatted.
2021-08-12 00:25:05,181 [Datanode State Machine Thread - 0] WARN  statemachine.StateContext (StateContext.java:execute(621)) - No available thread in pool for past 1 seconds.
2021-08-12 00:25:05,182 [EventQueue-PipelineReportForPipelineReportHandler] INFO  pipeline.PipelineManagerImpl (PipelineManagerImpl.java:openPipeline(283)) - Pipeline Pipeline[ Id: b8111e83-b548-47d8-844a-b9a8f8f773f9, Nodes: aa96c139-029c-4c26-b56b-b3e0db2a81f3{ip: 10.1.0.56, host: fv-az50-214.grzltbmokehuzjyc5b133kdqgh.cx.internal.cloudapp.net, ports: [REPLICATION=46479, RATIS=42793, RATIS_ADMIN=42793, RATIS_SERVER=42793, STANDALONE=42847], networkLocation: /default-rack, certSerialId: null, persistedOpState: IN_SERVICE, persistedOpStateExpiryEpochSec: 0}, ReplicationConfig: RATIS/ONE, State:ALLOCATED, leaderId:aa96c139-029c-4c26-b56b-b3e0db2a81f3, CreationTimestamp2021-08-12T00:25:02.174Z[Etc/UTC]] moved to OPEN state
2021-08-12 00:25:05,183 [EventQueue-OpenPipelineForHealthyPipelineSafeModeRule] INFO  safemode.SCMSafeModeManager (HealthyPipelineSafeModeRule.java:process(124)) - SCM in safe mode. Healthy pipelines reported count is 0, required healthy pipeline reported count is 1
2021-08-12 00:25:05,186 [pool-402-thread-1] INFO  ratis.ContainerStateMachine (ContainerStateMachine.java:loadSnapshot(225)) - group-B9A8F8F773F9: The snapshot info is null. Setting the last applied indexto:(t:0, i:~)
2021-08-12 00:25:05,186 [pool-402-thread-1] INFO  server.RaftServerConfigKeys (ConfUtils.java:logGet(44)) - raft.server.notification.no-leader.timeout = 300000ms (custom)
2021-08-12 00:25:05,186 [pool-402-thread-1] INFO  server.RaftServerConfigKeys (ConfUtils.java:logGet(44)) - raft.server.log.use.memory = false (default)
2021-08-12 00:25:05,186 [pool-402-thread-1] INFO  server.RaftServerConfigKeys (ConfUtils.java:logGet(44)) - raft.server.log.purge.gap = 1000000 (custom)
2021-08-12 00:25:05,186 [pool-402-thread-1] INFO  server.RaftServerConfigKeys (ConfUtils.java:logGet(44)) - raft.server.log.appender.buffer.byte-limit = 33554432 (custom)
2021-08-12 00:25:05,187 [pool-402-thread-1] INFO  server.RaftServerConfigKeys (ConfUtils.java:logGet(44)) - raft.server.log.segment.size.max = 1048576 (custom)
2021-08-12 00:25:05,187 [pool-402-thread-1] INFO  server.RaftServerConfigKeys (ConfUtils.java:logGet(44)) - raft.server.log.segment.cache.num.max = 2 (custom)
2021-08-12 00:25:05,187 [pool-402-thread-1] INFO  server.RaftServerConfigKeys (ConfUtils.java:logGet(44)) - raft.server.log.segment.cache.size.max = 200MB (=209715200) (default)
2021-08-12 00:25:05,187 [pool-402-thread-1] INFO  segmented.SegmentedRaftLogWorker (SegmentedRaftLogWorker.java:<init>(182)) - new aa96c139-029c-4c26-b56b-b3e0db2a81f3@group-B9A8F8F773F9-SegmentedRaftLogWorker for RaftStorageImpl:Storage Directory /home/runner/work/ozone/ozone/hadoop-ozone/integration-test/target/test-dir/MiniOzoneClusterImpl-a42b6446-58ec-43bb-8d59-9c3f88cf101c/datanode-5/data/ratis/b8111e83-b548-47d8-844a-b9a8f8f773f9
2021-08-12 00:25:05,187 [pool-402-thread-1] INFO  server.RaftServerConfigKeys (ConfUtils.java:logGet(44)) - raft.server.log.queue.byte-limit = 2147483647 (custom)
2021-08-12 00:25:05,187 [pool-402-thread-1] INFO  server.RaftServerConfigKeys (ConfUtils.java:logGet(44)) - raft.server.log.queue.element-limit = 1024 (custom)
2021-08-12 00:25:05,187 [pool-402-thread-1] INFO  server.RaftServerConfigKeys (ConfUtils.java:logGet(44)) - raft.server.log.segment.size.max = 1048576 (custom)
2021-08-12 00:25:05,188 [pool-402-thread-1] INFO  server.RaftServerConfigKeys (ConfUtils.java:logGet(44)) - raft.server.log.preallocated.size = 16384 (custom)
2021-08-12 00:25:05,188 [pool-402-thread-1] INFO  server.RaftServerConfigKeys (ConfUtils.java:logGet(44)) - raft.server.log.force.sync.num = 128 (default)
2021-08-12 00:25:05,190 [pool-402-thread-1] INFO  server.RaftServerConfigKeys (ConfUtils.java:logGet(44)) - raft.server.log.statemachine.data.sync = true (default)
2021-08-12 00:25:05,190 [pool-402-thread-1] INFO  server.RaftServerConfigKeys (ConfUtils.java:logGet(44)) - raft.server.log.statemachine.data.sync.timeout = 10s (default)
2021-08-12 00:25:05,190 [pool-402-thread-1] INFO  server.RaftServerConfigKeys (ConfUtils.java:logGet(44)) - raft.server.log.statemachine.data.sync.timeout.retry = -1 (default)
2021-08-12 00:25:05,191 [pool-402-thread-1] INFO  server.RaftServerConfigKeys (ConfUtils.java:logGet(44)) - raft.server.log.write.buffer.size = 1048576 (custom)
2021-08-12 00:25:05,195 [pool-402-thread-1] INFO  server.RaftServerConfigKeys (ConfUtils.java:logGet(44)) - raft.server.log.statemachine.data.caching.enabled = true (custom)
2021-08-12 00:25:05,196 [pool-402-thread-1] INFO  segmented.SegmentedRaftLogWorker (SegmentedRaftLogWorker.java:lambda$new$0(133)) - aa96c139-029c-4c26-b56b-b3e0db2a81f3@group-B9A8F8F773F9-SegmentedRaftLogWorker: flushIndex: setUnconditionally 0 -> -1
2021-08-12 00:25:05,196 [pool-402-thread-1] INFO  segmented.SegmentedRaftLogWorker (SegmentedRaftLogWorker.java:lambda$new$0(133)) - aa96c139-029c-4c26-b56b-b3e0db2a81f3@group-B9A8F8F773F9-SegmentedRaftLogWorker: safeCacheEvictIndex: setUnconditionally 0 -> -1
2021-08-12 00:25:05,196 [pool-402-thread-1] INFO  server.RaftServerConfigKeys (ConfUtils.java:logGet(44)) - raft.server.snapshot.auto.trigger.enabled = true (custom)
2021-08-12 00:25:05,197 [pool-402-thread-1] INFO  server.RaftServerConfigKeys (ConfUtils.java:logGet(44)) - raft.server.snapshot.auto.trigger.threshold = 10000 (custom)
2021-08-12 00:25:05,197 [pool-402-thread-1] INFO  server.RaftServerConfigKeys (ConfUtils.java:logGet(44)) - raft.server.snapshot.retention.file.num = 5 (custom)
2021-08-12 00:25:05,197 [pool-402-thread-1] INFO  server.RaftServerConfigKeys (ConfUtils.java:logGet(44)) - raft.server.log.purge.upto.snapshot.index = false (default)
2021-08-12 00:25:05,197 [pool-402-thread-1] INFO  server.RaftServerConfigKeys (ConfUtils.java:logGet(44)) - raft.server.retrycache.expirytime = 600000ms (custom)
2021-08-12 00:25:05,197 [pool-402-thread-1] INFO  server.RaftServerConfigKeys (ConfUtils.java:logGet(44)) - raft.server.retrycache.statistics.expirytime = 100μs (default)
2021-08-12 00:25:05,198 [pool-402-thread-1] INFO  server.RaftServer$Division (RaftServerImpl.java:start(296)) - aa96c139-029c-4c26-b56b-b3e0db2a81f3@group-B9A8F8F773F9: start as a follower, conf=-1: [aa96c139-029c-4c26-b56b-b3e0db2a81f3|rpc:10.1.0.56:42793|priority:1], old=null
2021-08-12 00:25:05,198 [pool-402-thread-1] INFO  server.RaftServer$Division (RaftServerImpl.java:setRole(285)) - aa96c139-029c-4c26-b56b-b3e0db2a81f3@group-B9A8F8F773F9: changes role from      null to FOLLOWER at term 0 for startAsFollower
2021-08-12 00:25:05,198 [pool-402-thread-1] INFO  impl.RoleInfo (RoleInfo.java:updateAndGet(130)) - aa96c139-029c-4c26-b56b-b3e0db2a81f3: start aa96c139-029c-4c26-b56b-b3e0db2a81f3@group-B9A8F8F773F9-FollowerState
2021-08-12 00:25:05,199 [pool-402-thread-1] INFO  util.JmxRegister (JmxRegister.java:tryRegister(44)) - Successfully registered JMX Bean with object name Ratis:service=RaftServer,group=group-B9A8F8F773F9,id=aa96c139-029c-4c26-b56b-b3e0db2a81f3
2021-08-12 00:25:05,200 [Command processor thread] INFO  ratis.XceiverServerRatis (XceiverServerRatis.java:addGroup(763)) - Created group PipelineID=b8111e83-b548-47d8-844a-b9a8f8f773f9
2021-08-12 00:25:05,200 [Command processor thread] INFO  commandhandler.CreatePipelineCommandHandler (CreatePipelineCommandHandler.java:handle(106)) - Created Pipeline RATIS ONE PipelineID=b8111e83-b548-47d8-844a-b9a8f8f773f9.
2021-08-12 00:25:05,743 [Command processor thread] INFO  server.RaftServer (RaftServerProxy.java:addNew(95)) - 87d3608b-f9fd-4b10-ba0a-a0d8569acffd: addNew group-4E85B0B35DCC:[87d3608b-f9fd-4b10-ba0a-a0d8569acffd|rpc:10.1.0.56:37127|priority:1] returns group-4E85B0B35DCC:java.util.concurrent.CompletableFuture@2b520aa8[Not completed]
2021-08-12 00:25:05,744 [pool-421-thread-1] INFO  server.RaftServer$Division (RaftServerImpl.java:<init>(181)) - 87d3608b-f9fd-4b10-ba0a-a0d8569acffd: new RaftServerImpl for group-4E85B0B35DCC:[87d3608b-f9fd-4b10-ba0a-a0d8569acffd|rpc:10.1.0.56:37127|priority:1] with ContainerStateMachine:uninitialized
2021-08-12 00:25:05,745 [pool-421-thread-1] INFO  server.RaftServerConfigKeys (ConfUtils.java:logGet(44)) - raft.server.rpc.timeout.min = 5s (custom)
2021-08-12 00:25:05,745 [pool-421-thread-1] INFO  server.RaftServerConfigKeys (ConfUtils.java:logGet(44)) - raft.server.rpc.timeout.max = 5200ms (custom)
2021-08-12 00:25:05,745 [pool-421-thread-1] INFO  server.RaftServerConfigKeys (ConfUtils.java:logGet(44)) - raft.server.rpc.sleep.time = 25ms (default)
2021-08-12 00:25:05,745 [pool-421-thread-1] INFO  server.RaftServerConfigKeys (ConfUtils.java:logGet(44)) - raft.server.rpc.slowness.timeout = 300000ms (custom)
2021-08-12 00:25:05,745 [pool-421-thread-1] INFO  server.RaftServerConfigKeys (ConfUtils.java:logGet(44)) - raft.server.leaderelection.leader.step-down.wait-time = 10s (default)
2021-08-12 00:25:05,745 [pool-421-thread-1] INFO  server.RaftServerConfigKeys (ConfUtils.java:logGet(44)) - raft.server.sleep.deviation.threshold = 300ms (default)
2021-08-12 00:25:05,745 [pool-421-thread-1] INFO  server.RaftServerConfigKeys (ConfUtils.java:logGet(44)) - raft.server.log.appender.install.snapshot.enabled = false (custom)
2021-08-12 00:25:05,745 [pool-421-thread-1] INFO  server.RaftServer$Division (ServerState.java:<init>(105)) - 87d3608b-f9fd-4b10-ba0a-a0d8569acffd@group-4E85B0B35DCC: ConfigurationManager, init=-1: [87d3608b-f9fd-4b10-ba0a-a0d8569acffd|rpc:10.1.0.56:37127|priority:1], old=null, confs=<EMPTY_MAP>
2021-08-12 00:25:05,745 [pool-421-thread-1] INFO  server.RaftServerConfigKeys (ConfUtils.java:logGet(44)) - raft.server.storage.dir = [/home/runner/work/ozone/ozone/hadoop-ozone/integration-test/target/test-dir/MiniOzoneClusterImpl-a42b6446-58ec-43bb-8d59-9c3f88cf101c/datanode-6/data/ratis] (custom)
2021-08-12 00:25:05,746 [pool-421-thread-1] INFO  server.RaftServerConfigKeys (ConfUtils.java:logGet(44)) - raft.server.log.corruption.policy = EXCEPTION (default)
2021-08-12 00:25:05,746 [pool-421-thread-1] INFO  server.RaftServerConfigKeys (ConfUtils.java:logGet(44)) - raft.server.storage.free-space.min = 0MB (=0) (default)
2021-08-12 00:25:05,746 [pool-421-thread-1] INFO  storage.RaftStorageDirectory (RaftStorageDirectoryImpl.java:analyzeStorage(135)) - The storage directory /home/runner/work/ozone/ozone/hadoop-ozone/integration-test/target/test-dir/MiniOzoneClusterImpl-a42b6446-58ec-43bb-8d59-9c3f88cf101c/datanode-6/data/ratis/5512268e-bb8b-41a2-ab17-4e85b0b35dcc does not exist. Creating ...
2021-08-12 00:25:05,764 [pool-421-thread-1] INFO  storage.RaftStorageDirectory (RaftStorageDirectoryImpl.java:tryLock(230)) - Lock on /home/runner/work/ozone/ozone/hadoop-ozone/integration-test/target/test-dir/MiniOzoneClusterImpl-a42b6446-58ec-43bb-8d59-9c3f88cf101c/datanode-6/data/ratis/5512268e-bb8b-41a2-ab17-4e85b0b35dcc/in_use.lock acquired by nodename 2812@fv-az50-214
2021-08-12 00:25:05,769 [pool-421-thread-1] INFO  storage.RaftStorage (RaftStorageImpl.java:format(89)) - Storage directory /home/runner/work/ozone/ozone/hadoop-ozone/integration-test/target/test-dir/MiniOzoneClusterImpl-a42b6446-58ec-43bb-8d59-9c3f88cf101c/datanode-6/data/ratis/5512268e-bb8b-41a2-ab17-4e85b0b35dcc has been successfully formatted.
2021-08-12 00:25:05,788 [Datanode State Machine Thread - 0] WARN  statemachine.StateContext (StateContext.java:execute(621)) - No available thread in pool for past 1 seconds.
2021-08-12 00:25:05,789 [EventQueue-PipelineReportForPipelineReportHandler] INFO  pipeline.PipelineManagerImpl (PipelineManagerImpl.java:openPipeline(283)) - Pipeline Pipeline[ Id: 5512268e-bb8b-41a2-ab17-4e85b0b35dcc, Nodes: 87d3608b-f9fd-4b10-ba0a-a0d8569acffd{ip: 10.1.0.56, host: fv-az50-214.grzltbmokehuzjyc5b133kdqgh.cx.internal.cloudapp.net, ports: [REPLICATION=35031, RATIS=37127, RATIS_ADMIN=37127, RATIS_SERVER=37127, STANDALONE=36695], networkLocation: /default-rack, certSerialId: null, persistedOpState: IN_SERVICE, persistedOpStateExpiryEpochSec: 0}, ReplicationConfig: RATIS/ONE, State:ALLOCATED, leaderId:87d3608b-f9fd-4b10-ba0a-a0d8569acffd, CreationTimestamp2021-08-12T00:25:02.745Z[Etc/UTC]] moved to OPEN state
2021-08-12 00:25:05,790 [EventQueue-OpenPipelineForHealthyPipelineSafeModeRule] INFO  safemode.SCMSafeModeManager (HealthyPipelineSafeModeRule.java:process(124)) - SCM in safe mode. Healthy pipelines reported count is 0, required healthy pipeline reported count is 1
2021-08-12 00:25:05,790 [pool-421-thread-1] INFO  ratis.ContainerStateMachine (ContainerStateMachine.java:loadSnapshot(225)) - group-4E85B0B35DCC: The snapshot info is null. Setting the last applied indexto:(t:0, i:~)
2021-08-12 00:25:05,790 [pool-421-thread-1] INFO  server.RaftServerConfigKeys (ConfUtils.java:logGet(44)) - raft.server.notification.no-leader.timeout = 300000ms (custom)
2021-08-12 00:25:05,790 [pool-421-thread-1] INFO  server.RaftServerConfigKeys (ConfUtils.java:logGet(44)) - raft.server.log.use.memory = false (default)
2021-08-12 00:25:05,790 [pool-421-thread-1] INFO  server.RaftServerConfigKeys (ConfUtils.java:logGet(44)) - raft.server.log.purge.gap = 1000000 (custom)
2021-08-12 00:25:05,790 [pool-421-thread-1] INFO  server.RaftServerConfigKeys (ConfUtils.java:logGet(44)) - raft.server.log.appender.buffer.byte-limit = 33554432 (custom)
2021-08-12 00:25:05,791 [pool-421-thread-1] INFO  server.RaftServerConfigKeys (ConfUtils.java:logGet(44)) - raft.server.log.segment.size.max = 1048576 (custom)
2021-08-12 00:25:05,791 [pool-421-thread-1] INFO  server.RaftServerConfigKeys (ConfUtils.java:logGet(44)) - raft.server.log.segment.cache.num.max = 2 (custom)
2021-08-12 00:25:05,791 [pool-421-thread-1] INFO  server.RaftServerConfigKeys (ConfUtils.java:logGet(44)) - raft.server.log.segment.cache.size.max = 200MB (=209715200) (default)
2021-08-12 00:25:05,791 [pool-421-thread-1] INFO  segmented.SegmentedRaftLogWorker (SegmentedRaftLogWorker.java:<init>(182)) - new 87d3608b-f9fd-4b10-ba0a-a0d8569acffd@group-4E85B0B35DCC-SegmentedRaftLogWorker for RaftStorageImpl:Storage Directory /home/runner/work/ozone/ozone/hadoop-ozone/integration-test/target/test-dir/MiniOzoneClusterImpl-a42b6446-58ec-43bb-8d59-9c3f88cf101c/datanode-6/data/ratis/5512268e-bb8b-41a2-ab17-4e85b0b35dcc
2021-08-12 00:25:05,791 [pool-421-thread-1] INFO  server.RaftServerConfigKeys (ConfUtils.java:logGet(44)) - raft.server.log.queue.byte-limit = 2147483647 (custom)
2021-08-12 00:25:05,791 [pool-421-thread-1] INFO  server.RaftServerConfigKeys (ConfUtils.java:logGet(44)) - raft.server.log.queue.element-limit = 1024 (custom)
2021-08-12 00:25:05,791 [pool-421-thread-1] INFO  server.RaftServerConfigKeys (ConfUtils.java:logGet(44)) - raft.server.log.segment.size.max = 1048576 (custom)
2021-08-12 00:25:05,792 [pool-421-thread-1] INFO  server.RaftServerConfigKeys (ConfUtils.java:logGet(44)) - raft.server.log.preallocated.size = 16384 (custom)
2021-08-12 00:25:05,792 [pool-421-thread-1] INFO  server.RaftServerConfigKeys (ConfUtils.java:logGet(44)) - raft.server.log.force.sync.num = 128 (default)
2021-08-12 00:25:05,792 [pool-421-thread-1] INFO  server.RaftServerConfigKeys (ConfUtils.java:logGet(44)) - raft.server.log.statemachine.data.sync = true (default)
2021-08-12 00:25:05,792 [pool-421-thread-1] INFO  server.RaftServerConfigKeys (ConfUtils.java:logGet(44)) - raft.server.log.statemachine.data.sync.timeout = 10s (default)
2021-08-12 00:25:05,792 [pool-421-thread-1] INFO  server.RaftServerConfigKeys (ConfUtils.java:logGet(44)) - raft.server.log.statemachine.data.sync.timeout.retry = -1 (default)
2021-08-12 00:25:05,793 [pool-421-thread-1] INFO  server.RaftServerConfigKeys (ConfUtils.java:logGet(44)) - raft.server.log.write.buffer.size = 1048576 (custom)
2021-08-12 00:25:05,796 [pool-421-thread-1] INFO  server.RaftServerConfigKeys (ConfUtils.java:logGet(44)) - raft.server.log.statemachine.data.caching.enabled = true (custom)
2021-08-12 00:25:05,796 [pool-421-thread-1] INFO  segmented.SegmentedRaftLogWorker (SegmentedRaftLogWorker.java:lambda$new$0(133)) - 87d3608b-f9fd-4b10-ba0a-a0d8569acffd@group-4E85B0B35DCC-SegmentedRaftLogWorker: flushIndex: setUnconditionally 0 -> -1
2021-08-12 00:25:05,796 [pool-421-thread-1] INFO  segmented.SegmentedRaftLogWorker (SegmentedRaftLogWorker.java:lambda$new$0(133)) - 87d3608b-f9fd-4b10-ba0a-a0d8569acffd@group-4E85B0B35DCC-SegmentedRaftLogWorker: safeCacheEvictIndex: setUnconditionally 0 -> -1
2021-08-12 00:25:05,797 [pool-421-thread-1] INFO  server.RaftServerConfigKeys (ConfUtils.java:logGet(44)) - raft.server.snapshot.auto.trigger.enabled = true (custom)
2021-08-12 00:25:05,797 [pool-421-thread-1] INFO  server.RaftServerConfigKeys (ConfUtils.java:logGet(44)) - raft.server.snapshot.auto.trigger.threshold = 10000 (custom)
2021-08-12 00:25:05,797 [pool-421-thread-1] INFO  server.RaftServerConfigKeys (ConfUtils.java:logGet(44)) - raft.server.snapshot.retention.file.num = 5 (custom)
2021-08-12 00:25:05,797 [pool-421-thread-1] INFO  server.RaftServerConfigKeys (ConfUtils.java:logGet(44)) - raft.server.log.purge.upto.snapshot.index = false (default)
2021-08-12 00:25:05,797 [pool-421-thread-1] INFO  server.RaftServerConfigKeys (ConfUtils.java:logGet(44)) - raft.server.retrycache.expirytime = 600000ms (custom)
2021-08-12 00:25:05,797 [pool-421-thread-1] INFO  server.RaftServerConfigKeys (ConfUtils.java:logGet(44)) - raft.server.retrycache.statistics.expirytime = 100μs (default)
2021-08-12 00:25:05,798 [pool-421-thread-1] INFO  server.RaftServer$Division (RaftServerImpl.java:start(296)) - 87d3608b-f9fd-4b10-ba0a-a0d8569acffd@group-4E85B0B35DCC: start as a follower, conf=-1: [87d3608b-f9fd-4b10-ba0a-a0d8569acffd|rpc:10.1.0.56:37127|priority:1], old=null
2021-08-12 00:25:05,798 [pool-421-thread-1] INFO  server.RaftServer$Division (RaftServerImpl.java:setRole(285)) - 87d3608b-f9fd-4b10-ba0a-a0d8569acffd@group-4E85B0B35DCC: changes role from      null to FOLLOWER at term 0 for startAsFollower
2021-08-12 00:25:05,799 [pool-421-thread-1] INFO  impl.RoleInfo (RoleInfo.java:updateAndGet(130)) - 87d3608b-f9fd-4b10-ba0a-a0d8569acffd: start 87d3608b-f9fd-4b10-ba0a-a0d8569acffd@group-4E85B0B35DCC-FollowerState
2021-08-12 00:25:05,799 [pool-421-thread-1] INFO  util.JmxRegister (JmxRegister.java:tryRegister(44)) - Successfully registered JMX Bean with object name Ratis:service=RaftServer,group=group-4E85B0B35DCC,id=87d3608b-f9fd-4b10-ba0a-a0d8569acffd
2021-08-12 00:25:05,799 [Command processor thread] INFO  ratis.XceiverServerRatis (XceiverServerRatis.java:addGroup(763)) - Created group PipelineID=5512268e-bb8b-41a2-ab17-4e85b0b35dcc
2021-08-12 00:25:05,800 [Command processor thread] INFO  commandhandler.CreatePipelineCommandHandler (CreatePipelineCommandHandler.java:handle(106)) - Created Pipeline RATIS ONE PipelineID=5512268e-bb8b-41a2-ab17-4e85b0b35dcc.
2021-08-12 00:25:05,800 [Command processor thread] INFO  server.RaftServer (RaftServerProxy.java:addNew(95)) - 87d3608b-f9fd-4b10-ba0a-a0d8569acffd: addNew group-704C644304A3:[4f85e207-6f47-4e3d-8d8e-53c973d1ad4f|rpc:10.1.0.56:43657|priority:0, bcde775b-c238-4412-9eeb-a88c910f700f|rpc:10.1.0.56:33235|priority:0, 87d3608b-f9fd-4b10-ba0a-a0d8569acffd|rpc:10.1.0.56:37127|priority:1] returns group-704C644304A3:java.util.concurrent.CompletableFuture@2f6d9b1a[Not completed]
2021-08-12 00:25:05,800 [pool-421-thread-1] INFO  server.RaftServer$Division (RaftServerImpl.java:<init>(181)) - 87d3608b-f9fd-4b10-ba0a-a0d8569acffd: new RaftServerImpl for group-704C644304A3:[4f85e207-6f47-4e3d-8d8e-53c973d1ad4f|rpc:10.1.0.56:43657|priority:0, bcde775b-c238-4412-9eeb-a88c910f700f|rpc:10.1.0.56:33235|priority:0, 87d3608b-f9fd-4b10-ba0a-a0d8569acffd|rpc:10.1.0.56:37127|priority:1] with ContainerStateMachine:uninitialized
2021-08-12 00:25:05,801 [pool-421-thread-1] INFO  server.RaftServerConfigKeys (ConfUtils.java:logGet(44)) - raft.server.rpc.timeout.min = 5s (custom)
2021-08-12 00:25:05,801 [pool-421-thread-1] INFO  server.RaftServerConfigKeys (ConfUtils.java:logGet(44)) - raft.server.rpc.timeout.max = 5200ms (custom)
2021-08-12 00:25:05,801 [pool-421-thread-1] INFO  server.RaftServerConfigKeys (ConfUtils.java:logGet(44)) - raft.server.rpc.sleep.time = 25ms (default)
2021-08-12 00:25:05,801 [pool-421-thread-1] INFO  server.RaftServerConfigKeys (ConfUtils.java:logGet(44)) - raft.server.rpc.slowness.timeout = 300000ms (custom)
2021-08-12 00:25:05,801 [pool-421-thread-1] INFO  server.RaftServerConfigKeys (ConfUtils.java:logGet(44)) - raft.server.leaderelection.leader.step-down.wait-time = 10s (default)
2021-08-12 00:25:05,801 [pool-421-thread-1] INFO  server.RaftServerConfigKeys (ConfUtils.java:logGet(44)) - raft.server.sleep.deviation.threshold = 300ms (default)
2021-08-12 00:25:05,801 [pool-421-thread-1] INFO  server.RaftServerConfigKeys (ConfUtils.java:logGet(44)) - raft.server.log.appender.install.snapshot.enabled = false (custom)
2021-08-12 00:25:05,801 [pool-421-thread-1] INFO  server.RaftServer$Division (ServerState.java:<init>(105)) - 87d3608b-f9fd-4b10-ba0a-a0d8569acffd@group-704C644304A3: ConfigurationManager, init=-1: [4f85e207-6f47-4e3d-8d8e-53c973d1ad4f|rpc:10.1.0.56:43657|priority:0, bcde775b-c238-4412-9eeb-a88c910f700f|rpc:10.1.0.56:33235|priority:0, 87d3608b-f9fd-4b10-ba0a-a0d8569acffd|rpc:10.1.0.56:37127|priority:1], old=null, confs=<EMPTY_MAP>
2021-08-12 00:25:05,801 [pool-421-thread-1] INFO  server.RaftServerConfigKeys (ConfUtils.java:logGet(44)) - raft.server.storage.dir = [/home/runner/work/ozone/ozone/hadoop-ozone/integration-test/target/test-dir/MiniOzoneClusterImpl-a42b6446-58ec-43bb-8d59-9c3f88cf101c/datanode-6/data/ratis] (custom)
2021-08-12 00:25:05,801 [pool-421-thread-1] INFO  server.RaftServerConfigKeys (ConfUtils.java:logGet(44)) - raft.server.log.corruption.policy = EXCEPTION (default)
2021-08-12 00:25:05,801 [pool-421-thread-1] INFO  server.RaftServerConfigKeys (ConfUtils.java:logGet(44)) - raft.server.storage.free-space.min = 0MB (=0) (default)
2021-08-12 00:25:05,801 [pool-421-thread-1] INFO  storage.RaftStorageDirectory (RaftStorageDirectoryImpl.java:analyzeStorage(135)) - The storage directory /home/runner/work/ozone/ozone/hadoop-ozone/integration-test/target/test-dir/MiniOzoneClusterImpl-a42b6446-58ec-43bb-8d59-9c3f88cf101c/datanode-6/data/ratis/16c28a69-4c10-4b94-8ad6-704c644304a3 does not exist. Creating ...
2021-08-12 00:25:05,802 [pool-421-thread-1] INFO  storage.RaftStorageDirectory (RaftStorageDirectoryImpl.java:tryLock(230)) - Lock on /home/runner/work/ozone/ozone/hadoop-ozone/integration-test/target/test-dir/MiniOzoneClusterImpl-a42b6446-58ec-43bb-8d59-9c3f88cf101c/datanode-6/data/ratis/16c28a69-4c10-4b94-8ad6-704c644304a3/in_use.lock acquired by nodename 2812@fv-az50-214
2021-08-12 00:25:05,803 [pool-421-thread-1] INFO  storage.RaftStorage (RaftStorageImpl.java:format(89)) - Storage directory /home/runner/work/ozone/ozone/hadoop-ozone/integration-test/target/test-dir/MiniOzoneClusterImpl-a42b6446-58ec-43bb-8d59-9c3f88cf101c/datanode-6/data/ratis/16c28a69-4c10-4b94-8ad6-704c644304a3 has been successfully formatted.
2021-08-12 00:25:05,804 [pool-421-thread-1] INFO  ratis.ContainerStateMachine (ContainerStateMachine.java:loadSnapshot(225)) - group-704C644304A3: The snapshot info is null. Setting the last applied indexto:(t:0, i:~)
2021-08-12 00:25:05,818 [Datanode State Machine Thread - 0] WARN  statemachine.StateContext (StateContext.java:execute(621)) - No available thread in pool for past 1 seconds.
2021-08-12 00:25:05,819 [EventQueue-OpenPipelineForHealthyPipelineSafeModeRule] INFO  safemode.SCMSafeModeManager (HealthyPipelineSafeModeRule.java:process(124)) - SCM in safe mode. Healthy pipelines reported count is 0, required healthy pipeline reported count is 1
2021-08-12 00:25:05,821 [pool-421-thread-1] INFO  server.RaftServerConfigKeys (ConfUtils.java:logGet(44)) - raft.server.notification.no-leader.timeout = 300000ms (custom)
2021-08-12 00:25:05,821 [pool-421-thread-1] INFO  server.RaftServerConfigKeys (ConfUtils.java:logGet(44)) - raft.server.log.use.memory = false (default)
2021-08-12 00:25:05,821 [pool-421-thread-1] INFO  server.RaftServerConfigKeys (ConfUtils.java:logGet(44)) - raft.server.log.purge.gap = 1000000 (custom)
2021-08-12 00:25:05,821 [pool-421-thread-1] INFO  server.RaftServerConfigKeys (ConfUtils.java:logGet(44)) - raft.server.log.appender.buffer.byte-limit = 33554432 (custom)
2021-08-12 00:25:05,821 [pool-421-thread-1] INFO  server.RaftServerConfigKeys (ConfUtils.java:logGet(44)) - raft.server.log.segment.size.max = 1048576 (custom)
2021-08-12 00:25:05,822 [pool-421-thread-1] INFO  server.RaftServerConfigKeys (ConfUtils.java:logGet(44)) - raft.server.log.segment.cache.num.max = 2 (custom)
2021-08-12 00:25:05,822 [pool-421-thread-1] INFO  server.RaftServerConfigKeys (ConfUtils.java:logGet(44)) - raft.server.log.segment.cache.size.max = 200MB (=209715200) (default)
2021-08-12 00:25:05,822 [pool-421-thread-1] INFO  segmented.SegmentedRaftLogWorker (SegmentedRaftLogWorker.java:<init>(182)) - new 87d3608b-f9fd-4b10-ba0a-a0d8569acffd@group-704C644304A3-SegmentedRaftLogWorker for RaftStorageImpl:Storage Directory /home/runner/work/ozone/ozone/hadoop-ozone/integration-test/target/test-dir/MiniOzoneClusterImpl-a42b6446-58ec-43bb-8d59-9c3f88cf101c/datanode-6/data/ratis/16c28a69-4c10-4b94-8ad6-704c644304a3
2021-08-12 00:25:05,822 [pool-421-thread-1] INFO  server.RaftServerConfigKeys (ConfUtils.java:logGet(44)) - raft.server.log.queue.byte-limit = 2147483647 (custom)
2021-08-12 00:25:05,822 [pool-421-thread-1] INFO  server.RaftServerConfigKeys (ConfUtils.java:logGet(44)) - raft.server.log.queue.element-limit = 1024 (custom)
2021-08-12 00:25:05,822 [pool-421-thread-1] INFO  server.RaftServerConfigKeys (ConfUtils.java:logGet(44)) - raft.server.log.segment.size.max = 1048576 (custom)
2021-08-12 00:25:05,822 [pool-421-thread-1] INFO  server.RaftServerConfigKeys (ConfUtils.java:logGet(44)) - raft.server.log.preallocated.size = 16384 (custom)
2021-08-12 00:25:05,822 [pool-421-thread-1] INFO  server.RaftServerConfigKeys (ConfUtils.java:logGet(44)) - raft.server.log.force.sync.num = 128 (default)
2021-08-12 00:25:05,822 [pool-421-thread-1] INFO  server.RaftServerConfigKeys (ConfUtils.java:logGet(44)) - raft.server.log.statemachine.data.sync = true (default)
2021-08-12 00:25:05,822 [pool-421-thread-1] INFO  server.RaftServerConfigKeys (ConfUtils.java:logGet(44)) - raft.server.log.statemachine.data.sync.timeout = 10s (default)
2021-08-12 00:25:05,822 [pool-421-thread-1] INFO  server.RaftServerConfigKeys (ConfUtils.java:logGet(44)) - raft.server.log.statemachine.data.sync.timeout.retry = -1 (default)
2021-08-12 00:25:05,823 [pool-421-thread-1] INFO  server.RaftServerConfigKeys (ConfUtils.java:logGet(44)) - raft.server.log.write.buffer.size = 1048576 (custom)
2021-08-12 00:25:05,824 [pool-421-thread-1] INFO  server.RaftServerConfigKeys (ConfUtils.java:logGet(44)) - raft.server.log.statemachine.data.caching.enabled = true (custom)
2021-08-12 00:25:05,824 [pool-421-thread-1] INFO  segmented.SegmentedRaftLogWorker (SegmentedRaftLogWorker.java:lambda$new$0(133)) - 87d3608b-f9fd-4b10-ba0a-a0d8569acffd@group-704C644304A3-SegmentedRaftLogWorker: flushIndex: setUnconditionally 0 -> -1
2021-08-12 00:25:05,824 [pool-421-thread-1] INFO  segmented.SegmentedRaftLogWorker (SegmentedRaftLogWorker.java:lambda$new$0(133)) - 87d3608b-f9fd-4b10-ba0a-a0d8569acffd@group-704C644304A3-SegmentedRaftLogWorker: safeCacheEvictIndex: setUnconditionally 0 -> -1
2021-08-12 00:25:05,824 [pool-421-thread-1] INFO  server.RaftServerConfigKeys (ConfUtils.java:logGet(44)) - raft.server.snapshot.auto.trigger.enabled = true (custom)
2021-08-12 00:25:05,824 [pool-421-thread-1] INFO  server.RaftServerConfigKeys (ConfUtils.java:logGet(44)) - raft.server.snapshot.auto.trigger.threshold = 10000 (custom)
2021-08-12 00:25:05,825 [pool-421-thread-1] INFO  server.RaftServerConfigKeys (ConfUtils.java:logGet(44)) - raft.server.snapshot.retention.file.num = 5 (custom)
2021-08-12 00:25:05,825 [pool-421-thread-1] INFO  server.RaftServerConfigKeys (ConfUtils.java:logGet(44)) - raft.server.log.purge.upto.snapshot.index = false (default)
2021-08-12 00:25:05,825 [pool-421-thread-1] INFO  server.RaftServerConfigKeys (ConfUtils.java:logGet(44)) - raft.server.retrycache.expirytime = 600000ms (custom)
2021-08-12 00:25:05,825 [pool-421-thread-1] INFO  server.RaftServerConfigKeys (ConfUtils.java:logGet(44)) - raft.server.retrycache.statistics.expirytime = 100μs (default)
2021-08-12 00:25:05,826 [pool-421-thread-1] INFO  server.RaftServer$Division (RaftServerImpl.java:start(296)) - 87d3608b-f9fd-4b10-ba0a-a0d8569acffd@group-704C644304A3: start as a follower, conf=-1: [4f85e207-6f47-4e3d-8d8e-53c973d1ad4f|rpc:10.1.0.56:43657|priority:0, bcde775b-c238-4412-9eeb-a88c910f700f|rpc:10.1.0.56:33235|priority:0, 87d3608b-f9fd-4b10-ba0a-a0d8569acffd|rpc:10.1.0.56:37127|priority:1], old=null
2021-08-12 00:25:05,826 [pool-421-thread-1] INFO  server.RaftServer$Division (RaftServerImpl.java:setRole(285)) - 87d3608b-f9fd-4b10-ba0a-a0d8569acffd@group-704C644304A3: changes role from      null to FOLLOWER at term 0 for startAsFollower
2021-08-12 00:25:05,826 [pool-421-thread-1] INFO  impl.RoleInfo (RoleInfo.java:updateAndGet(130)) - 87d3608b-f9fd-4b10-ba0a-a0d8569acffd: start 87d3608b-f9fd-4b10-ba0a-a0d8569acffd@group-704C644304A3-FollowerState
2021-08-12 00:25:05,829 [Listener at 127.0.0.1/46733] INFO  ozone.MiniOzoneClusterImpl (MiniOzoneClusterImpl.java:lambda$waitForClusterToBeReady$0(235)) - Nodes are ready. Got 9 of 9 DN Heartbeats.
2021-08-12 00:25:05,829 [Listener at 127.0.0.1/46733] INFO  ozone.MiniOzoneClusterImpl (MiniOzoneClusterImpl.java:lambda$waitForClusterToBeReady$0(238)) - Waiting for cluster to exit safe mode
2021-08-12 00:25:05,829 [Listener at 127.0.0.1/46733] INFO  ozone.MiniOzoneClusterImpl (MiniOzoneClusterImpl.java:lambda$waitForClusterToBeReady$0(240)) - SCM became leader
2021-08-12 00:25:05,831 [pool-421-thread-1] INFO  util.JmxRegister (JmxRegister.java:tryRegister(44)) - Successfully registered JMX Bean with object name Ratis:service=RaftServer,group=group-704C644304A3,id=87d3608b-f9fd-4b10-ba0a-a0d8569acffd
2021-08-12 00:25:05,835 [Command processor thread] INFO  ratis.XceiverServerRatis (XceiverServerRatis.java:addGroup(763)) - Created group PipelineID=16c28a69-4c10-4b94-8ad6-704c644304a3
2021-08-12 00:25:05,862 [grpc-default-executor-3] INFO  server.RaftServer (RaftServerProxy.java:addNew(95)) - 4f85e207-6f47-4e3d-8d8e-53c973d1ad4f: addNew group-704C644304A3:[4f85e207-6f47-4e3d-8d8e-53c973d1ad4f|rpc:10.1.0.56:43657|dataStream:|priority:0, bcde775b-c238-4412-9eeb-a88c910f700f|rpc:10.1.0.56:33235|dataStream:|priority:0, 87d3608b-f9fd-4b10-ba0a-a0d8569acffd|rpc:10.1.0.56:37127|dataStream:|priority:1] returns group-704C644304A3:java.util.concurrent.CompletableFuture@2cff3080[Not completed]
2021-08-12 00:25:05,871 [pool-459-thread-1] INFO  server.RaftServer$Division (RaftServerImpl.java:<init>(181)) - 4f85e207-6f47-4e3d-8d8e-53c973d1ad4f: new RaftServerImpl for group-704C644304A3:[4f85e207-6f47-4e3d-8d8e-53c973d1ad4f|rpc:10.1.0.56:43657|dataStream:|priority:0, bcde775b-c238-4412-9eeb-a88c910f700f|rpc:10.1.0.56:33235|dataStream:|priority:0, 87d3608b-f9fd-4b10-ba0a-a0d8569acffd|rpc:10.1.0.56:37127|dataStream:|priority:1] with ContainerStateMachine:uninitialized
2021-08-12 00:25:05,877 [pool-459-thread-1] INFO  server.RaftServerConfigKeys (ConfUtils.java:logGet(44)) - raft.server.rpc.timeout.min = 5s (custom)
2021-08-12 00:25:05,877 [pool-459-thread-1] INFO  server.RaftServerConfigKeys (ConfUtils.java:logGet(44)) - raft.server.rpc.timeout.max = 5200ms (custom)
2021-08-12 00:25:05,877 [pool-459-thread-1] INFO  server.RaftServerConfigKeys (ConfUtils.java:logGet(44)) - raft.server.rpc.sleep.time = 25ms (default)
2021-08-12 00:25:05,877 [pool-459-thread-1] INFO  server.RaftServerConfigKeys (ConfUtils.java:logGet(44)) - raft.server.rpc.slowness.timeout = 300000ms (custom)
2021-08-12 00:25:05,878 [pool-459-thread-1] INFO  server.RaftServerConfigKeys (ConfUtils.java:logGet(44)) - raft.server.leaderelection.leader.step-down.wait-time = 10s (default)
2021-08-12 00:25:05,878 [pool-459-thread-1] INFO  server.RaftServerConfigKeys (ConfUtils.java:logGet(44)) - raft.server.sleep.deviation.threshold = 300ms (default)
2021-08-12 00:25:05,878 [pool-459-thread-1] INFO  server.RaftServerConfigKeys (ConfUtils.java:logGet(44)) - raft.server.log.appender.install.snapshot.enabled = false (custom)
2021-08-12 00:25:05,878 [pool-459-thread-1] INFO  server.RaftServer$Division (ServerState.java:<init>(105)) - 4f85e207-6f47-4e3d-8d8e-53c973d1ad4f@group-704C644304A3: ConfigurationManager, init=-1: [4f85e207-6f47-4e3d-8d8e-53c973d1ad4f|rpc:10.1.0.56:43657|dataStream:|priority:0, bcde775b-c238-4412-9eeb-a88c910f700f|rpc:10.1.0.56:33235|dataStream:|priority:0, 87d3608b-f9fd-4b10-ba0a-a0d8569acffd|rpc:10.1.0.56:37127|dataStream:|priority:1], old=null, confs=<EMPTY_MAP>
2021-08-12 00:25:05,878 [pool-459-thread-1] INFO  server.RaftServerConfigKeys (ConfUtils.java:logGet(44)) - raft.server.storage.dir = [/home/runner/work/ozone/ozone/hadoop-ozone/integration-test/target/test-dir/MiniOzoneClusterImpl-a42b6446-58ec-43bb-8d59-9c3f88cf101c/datanode-8/data/ratis] (custom)
2021-08-12 00:25:05,878 [pool-459-thread-1] INFO  server.RaftServerConfigKeys (ConfUtils.java:logGet(44)) - raft.server.log.corruption.policy = EXCEPTION (default)
2021-08-12 00:25:05,878 [pool-459-thread-1] INFO  server.RaftServerConfigKeys (ConfUtils.java:logGet(44)) - raft.server.storage.free-space.min = 0MB (=0) (default)
2021-08-12 00:25:05,878 [pool-459-thread-1] INFO  storage.RaftStorageDirectory (RaftStorageDirectoryImpl.java:analyzeStorage(135)) - The storage directory /home/runner/work/ozone/ozone/hadoop-ozone/integration-test/target/test-dir/MiniOzoneClusterImpl-a42b6446-58ec-43bb-8d59-9c3f88cf101c/datanode-8/data/ratis/16c28a69-4c10-4b94-8ad6-704c644304a3 does not exist. Creating ...
2021-08-12 00:25:05,900 [pool-459-thread-1] INFO  storage.RaftStorageDirectory (RaftStorageDirectoryImpl.java:tryLock(230)) - Lock on /home/runner/work/ozone/ozone/hadoop-ozone/integration-test/target/test-dir/MiniOzoneClusterImpl-a42b6446-58ec-43bb-8d59-9c3f88cf101c/datanode-8/data/ratis/16c28a69-4c10-4b94-8ad6-704c644304a3/in_use.lock acquired by nodename 2812@fv-az50-214
2021-08-12 00:25:05,912 [pool-459-thread-1] INFO  storage.RaftStorage (RaftStorageImpl.java:format(89)) - Storage directory /home/runner/work/ozone/ozone/hadoop-ozone/integration-test/target/test-dir/MiniOzoneClusterImpl-a42b6446-58ec-43bb-8d59-9c3f88cf101c/datanode-8/data/ratis/16c28a69-4c10-4b94-8ad6-704c644304a3 has been successfully formatted.
2021-08-12 00:25:05,913 [pool-459-thread-1] INFO  ratis.ContainerStateMachine (ContainerStateMachine.java:loadSnapshot(225)) - group-704C644304A3: The snapshot info is null. Setting the last applied indexto:(t:0, i:~)
2021-08-12 00:25:05,914 [Datanode State Machine Thread - 0] WARN  statemachine.StateContext (StateContext.java:execute(621)) - No available thread in pool for past 1 seconds.
2021-08-12 00:25:05,914 [pool-459-thread-1] INFO  server.RaftServerConfigKeys (ConfUtils.java:logGet(44)) - raft.server.notification.no-leader.timeout = 300000ms (custom)
2021-08-12 00:25:05,914 [pool-459-thread-1] INFO  server.RaftServerConfigKeys (ConfUtils.java:logGet(44)) - raft.server.log.use.memory = false (default)
2021-08-12 00:25:05,914 [pool-459-thread-1] INFO  server.RaftServerConfigKeys (ConfUtils.java:logGet(44)) - raft.server.log.purge.gap = 1000000 (custom)
2021-08-12 00:25:05,914 [pool-459-thread-1] INFO  server.RaftServerConfigKeys (ConfUtils.java:logGet(44)) - raft.server.log.appender.buffer.byte-limit = 33554432 (custom)
2021-08-12 00:25:05,914 [pool-459-thread-1] INFO  server.RaftServerConfigKeys (ConfUtils.java:logGet(44)) - raft.server.log.segment.size.max = 1048576 (custom)
2021-08-12 00:25:05,915 [pool-459-thread-1] INFO  server.RaftServerConfigKeys (ConfUtils.java:logGet(44)) - raft.server.log.segment.cache.num.max = 2 (custom)
2021-08-12 00:25:05,915 [pool-459-thread-1] INFO  server.RaftServerConfigKeys (ConfUtils.java:logGet(44)) - raft.server.log.segment.cache.size.max = 200MB (=209715200) (default)
2021-08-12 00:25:05,915 [pool-459-thread-1] INFO  segmented.SegmentedRaftLogWorker (SegmentedRaftLogWorker.java:<init>(182)) - new 4f85e207-6f47-4e3d-8d8e-53c973d1ad4f@group-704C644304A3-SegmentedRaftLogWorker for RaftStorageImpl:Storage Directory /home/runner/work/ozone/ozone/hadoop-ozone/integration-test/target/test-dir/MiniOzoneClusterImpl-a42b6446-58ec-43bb-8d59-9c3f88cf101c/datanode-8/data/ratis/16c28a69-4c10-4b94-8ad6-704c644304a3
2021-08-12 00:25:05,915 [pool-459-thread-1] INFO  server.RaftServerConfigKeys (ConfUtils.java:logGet(44)) - raft.server.log.queue.byte-limit = 2147483647 (custom)
2021-08-12 00:25:05,915 [pool-459-thread-1] INFO  server.RaftServerConfigKeys (ConfUtils.java:logGet(44)) - raft.server.log.queue.element-limit = 1024 (custom)
2021-08-12 00:25:05,915 [pool-459-thread-1] INFO  server.RaftServerConfigKeys (ConfUtils.java:logGet(44)) - raft.server.log.segment.size.max = 1048576 (custom)
2021-08-12 00:25:05,915 [pool-459-thread-1] INFO  server.RaftServerConfigKeys (ConfUtils.java:logGet(44)) - raft.server.log.preallocated.size = 16384 (custom)
2021-08-12 00:25:05,915 [pool-459-thread-1] INFO  server.RaftServerConfigKeys (ConfUtils.java:logGet(44)) - raft.server.log.force.sync.num = 128 (default)
2021-08-12 00:25:05,915 [pool-459-thread-1] INFO  server.RaftServerConfigKeys (ConfUtils.java:logGet(44)) - raft.server.log.statemachine.data.sync = true (default)
2021-08-12 00:25:05,915 [pool-459-thread-1] INFO  server.RaftServerConfigKeys (ConfUtils.java:logGet(44)) - raft.server.log.statemachine.data.sync.timeout = 10s (default)
2021-08-12 00:25:05,915 [pool-459-thread-1] INFO  server.RaftServerConfigKeys (ConfUtils.java:logGet(44)) - raft.server.log.statemachine.data.sync.timeout.retry = -1 (default)
2021-08-12 00:25:05,916 [pool-459-thread-1] INFO  server.RaftServerConfigKeys (ConfUtils.java:logGet(44)) - raft.server.log.write.buffer.size = 1048576 (custom)
2021-08-12 00:25:05,917 [pool-459-thread-1] INFO  server.RaftServerConfigKeys (ConfUtils.java:logGet(44)) - raft.server.log.statemachine.data.caching.enabled = true (custom)
2021-08-12 00:25:05,917 [pool-459-thread-1] INFO  segmented.SegmentedRaftLogWorker (SegmentedRaftLogWorker.java:lambda$new$0(133)) - 4f85e207-6f47-4e3d-8d8e-53c973d1ad4f@group-704C644304A3-SegmentedRaftLogWorker: flushIndex: setUnconditionally 0 -> -1
2021-08-12 00:25:05,917 [pool-459-thread-1] INFO  segmented.SegmentedRaftLogWorker (SegmentedRaftLogWorker.java:lambda$new$0(133)) - 4f85e207-6f47-4e3d-8d8e-53c973d1ad4f@group-704C644304A3-SegmentedRaftLogWorker: safeCacheEvictIndex: setUnconditionally 0 -> -1
2021-08-12 00:25:05,917 [pool-459-thread-1] INFO  server.RaftServerConfigKeys (ConfUtils.java:logGet(44)) - raft.server.snapshot.auto.trigger.enabled = true (custom)
2021-08-12 00:25:05,917 [pool-459-thread-1] INFO  server.RaftServerConfigKeys (ConfUtils.java:logGet(44)) - raft.server.snapshot.auto.trigger.threshold = 10000 (custom)
2021-08-12 00:25:05,917 [pool-459-thread-1] INFO  server.RaftServerConfigKeys (ConfUtils.java:logGet(44)) - raft.server.snapshot.retention.file.num = 5 (custom)
2021-08-12 00:25:05,917 [pool-459-thread-1] INFO  server.RaftServerConfigKeys (ConfUtils.java:logGet(44)) - raft.server.log.purge.upto.snapshot.index = false (default)
2021-08-12 00:25:05,918 [pool-459-thread-1] INFO  server.RaftServerConfigKeys (ConfUtils.java:logGet(44)) - raft.server.retrycache.expirytime = 600000ms (custom)
2021-08-12 00:25:05,918 [pool-459-thread-1] INFO  server.RaftServerConfigKeys (ConfUtils.java:logGet(44)) - raft.server.retrycache.statistics.expirytime = 100μs (default)
2021-08-12 00:25:05,919 [pool-459-thread-1] INFO  server.RaftServer$Division (RaftServerImpl.java:start(296)) - 4f85e207-6f47-4e3d-8d8e-53c973d1ad4f@group-704C644304A3: start as a follower, conf=-1: [4f85e207-6f47-4e3d-8d8e-53c973d1ad4f|rpc:10.1.0.56:43657|dataStream:|priority:0, bcde775b-c238-4412-9eeb-a88c910f700f|rpc:10.1.0.56:33235|dataStream:|priority:0, 87d3608b-f9fd-4b10-ba0a-a0d8569acffd|rpc:10.1.0.56:37127|dataStream:|priority:1], old=null
2021-08-12 00:25:05,919 [pool-459-thread-1] INFO  server.RaftServer$Division (RaftServerImpl.java:setRole(285)) - 4f85e207-6f47-4e3d-8d8e-53c973d1ad4f@group-704C644304A3: changes role from      null to FOLLOWER at term 0 for startAsFollower
2021-08-12 00:25:05,919 [pool-459-thread-1] INFO  impl.RoleInfo (RoleInfo.java:updateAndGet(130)) - 4f85e207-6f47-4e3d-8d8e-53c973d1ad4f: start 4f85e207-6f47-4e3d-8d8e-53c973d1ad4f@group-704C644304A3-FollowerState
2021-08-12 00:25:05,921 [pool-459-thread-1] INFO  util.JmxRegister (JmxRegister.java:tryRegister(44)) - Successfully registered JMX Bean with object name Ratis:service=RaftServer,group=group-704C644304A3,id=4f85e207-6f47-4e3d-8d8e-53c973d1ad4f
2021-08-12 00:25:05,977 [grpc-default-executor-3] INFO  server.RaftServer (RaftServerProxy.java:addNew(95)) - bcde775b-c238-4412-9eeb-a88c910f700f: addNew group-704C644304A3:[4f85e207-6f47-4e3d-8d8e-53c973d1ad4f|rpc:10.1.0.56:43657|dataStream:|priority:0, bcde775b-c238-4412-9eeb-a88c910f700f|rpc:10.1.0.56:33235|dataStream:|priority:0, 87d3608b-f9fd-4b10-ba0a-a0d8569acffd|rpc:10.1.0.56:37127|dataStream:|priority:1] returns group-704C644304A3:java.util.concurrent.CompletableFuture@6cbe4d80[Not completed]
2021-08-12 00:25:05,979 [pool-440-thread-1] INFO  server.RaftServer$Division (RaftServerImpl.java:<init>(181)) - bcde775b-c238-4412-9eeb-a88c910f700f: new RaftServerImpl for group-704C644304A3:[4f85e207-6f47-4e3d-8d8e-53c973d1ad4f|rpc:10.1.0.56:43657|dataStream:|priority:0, bcde775b-c238-4412-9eeb-a88c910f700f|rpc:10.1.0.56:33235|dataStream:|priority:0, 87d3608b-f9fd-4b10-ba0a-a0d8569acffd|rpc:10.1.0.56:37127|dataStream:|priority:1] with ContainerStateMachine:uninitialized
2021-08-12 00:25:05,995 [pool-440-thread-1] INFO  server.RaftServerConfigKeys (ConfUtils.java:logGet(44)) - raft.server.rpc.timeout.min = 5s (custom)
2021-08-12 00:25:05,995 [pool-440-thread-1] INFO  server.RaftServerConfigKeys (ConfUtils.java:logGet(44)) - raft.server.rpc.timeout.max = 5200ms (custom)
2021-08-12 00:25:05,995 [pool-440-thread-1] INFO  server.RaftServerConfigKeys (ConfUtils.java:logGet(44)) - raft.server.rpc.sleep.time = 25ms (default)
2021-08-12 00:25:05,995 [pool-440-thread-1] INFO  server.RaftServerConfigKeys (ConfUtils.java:logGet(44)) - raft.server.rpc.slowness.timeout = 300000ms (custom)
2021-08-12 00:25:05,996 [pool-440-thread-1] INFO  server.RaftServerConfigKeys (ConfUtils.java:logGet(44)) - raft.server.leaderelection.leader.step-down.wait-time = 10s (default)
2021-08-12 00:25:05,996 [pool-440-thread-1] INFO  server.RaftServerConfigKeys (ConfUtils.java:logGet(44)) - raft.server.sleep.deviation.threshold = 300ms (default)
2021-08-12 00:25:05,996 [pool-440-thread-1] INFO  server.RaftServerConfigKeys (ConfUtils.java:logGet(44)) - raft.server.log.appender.install.snapshot.enabled = false (custom)
2021-08-12 00:25:05,996 [pool-440-thread-1] INFO  server.RaftServer$Division (ServerState.java:<init>(105)) - bcde775b-c238-4412-9eeb-a88c910f700f@group-704C644304A3: ConfigurationManager, init=-1: [4f85e207-6f47-4e3d-8d8e-53c973d1ad4f|rpc:10.1.0.56:43657|dataStream:|priority:0, bcde775b-c238-4412-9eeb-a88c910f700f|rpc:10.1.0.56:33235|dataStream:|priority:0, 87d3608b-f9fd-4b10-ba0a-a0d8569acffd|rpc:10.1.0.56:37127|dataStream:|priority:1], old=null, confs=<EMPTY_MAP>
2021-08-12 00:25:05,996 [pool-440-thread-1] INFO  server.RaftServerConfigKeys (ConfUtils.java:logGet(44)) - raft.server.storage.dir = [/home/runner/work/ozone/ozone/hadoop-ozone/integration-test/target/test-dir/MiniOzoneClusterImpl-a42b6446-58ec-43bb-8d59-9c3f88cf101c/datanode-7/data/ratis] (custom)
2021-08-12 00:25:05,996 [pool-440-thread-1] INFO  server.RaftServerConfigKeys (ConfUtils.java:logGet(44)) - raft.server.log.corruption.policy = EXCEPTION (default)
2021-08-12 00:25:05,996 [pool-440-thread-1] INFO  server.RaftServerConfigKeys (ConfUtils.java:logGet(44)) - raft.server.storage.free-space.min = 0MB (=0) (default)
2021-08-12 00:25:05,996 [pool-440-thread-1] INFO  storage.RaftStorageDirectory (RaftStorageDirectoryImpl.java:analyzeStorage(135)) - The storage directory /home/runner/work/ozone/ozone/hadoop-ozone/integration-test/target/test-dir/MiniOzoneClusterImpl-a42b6446-58ec-43bb-8d59-9c3f88cf101c/datanode-7/data/ratis/16c28a69-4c10-4b94-8ad6-704c644304a3 does not exist. Creating ...
2021-08-12 00:25:05,997 [pool-440-thread-1] INFO  storage.RaftStorageDirectory (RaftStorageDirectoryImpl.java:tryLock(230)) - Lock on /home/runner/work/ozone/ozone/hadoop-ozone/integration-test/target/test-dir/MiniOzoneClusterImpl-a42b6446-58ec-43bb-8d59-9c3f88cf101c/datanode-7/data/ratis/16c28a69-4c10-4b94-8ad6-704c644304a3/in_use.lock acquired by nodename 2812@fv-az50-214
2021-08-12 00:25:05,999 [pool-440-thread-1] INFO  storage.RaftStorage (RaftStorageImpl.java:format(89)) - Storage directory /home/runner/work/ozone/ozone/hadoop-ozone/integration-test/target/test-dir/MiniOzoneClusterImpl-a42b6446-58ec-43bb-8d59-9c3f88cf101c/datanode-7/data/ratis/16c28a69-4c10-4b94-8ad6-704c644304a3 has been successfully formatted.
2021-08-12 00:25:06,005 [pool-440-thread-1] INFO  ratis.ContainerStateMachine (ContainerStateMachine.java:loadSnapshot(225)) - group-704C644304A3: The snapshot info is null. Setting the last applied indexto:(t:0, i:~)
2021-08-12 00:25:06,005 [Datanode State Machine Thread - 0] WARN  statemachine.StateContext (StateContext.java:execute(621)) - No available thread in pool for past 1 seconds.
2021-08-12 00:25:06,005 [pool-440-thread-1] INFO  server.RaftServerConfigKeys (ConfUtils.java:logGet(44)) - raft.server.notification.no-leader.timeout = 300000ms (custom)
2021-08-12 00:25:06,005 [pool-440-thread-1] INFO  server.RaftServerConfigKeys (ConfUtils.java:logGet(44)) - raft.server.log.use.memory = false (default)
2021-08-12 00:25:06,005 [pool-440-thread-1] INFO  server.RaftServerConfigKeys (ConfUtils.java:logGet(44)) - raft.server.log.purge.gap = 1000000 (custom)
2021-08-12 00:25:06,005 [pool-440-thread-1] INFO  server.RaftServerConfigKeys (ConfUtils.java:logGet(44)) - raft.server.log.appender.buffer.byte-limit = 33554432 (custom)
2021-08-12 00:25:06,006 [pool-440-thread-1] INFO  server.RaftServerConfigKeys (ConfUtils.java:logGet(44)) - raft.server.log.segment.size.max = 1048576 (custom)
2021-08-12 00:25:06,006 [pool-440-thread-1] INFO  server.RaftServerConfigKeys (ConfUtils.java:logGet(44)) - raft.server.log.segment.cache.num.max = 2 (custom)
2021-08-12 00:25:06,006 [pool-440-thread-1] INFO  server.RaftServerConfigKeys (ConfUtils.java:logGet(44)) - raft.server.log.segment.cache.size.max = 200MB (=209715200) (default)
2021-08-12 00:25:06,006 [pool-440-thread-1] INFO  segmented.SegmentedRaftLogWorker (SegmentedRaftLogWorker.java:<init>(182)) - new bcde775b-c238-4412-9eeb-a88c910f700f@group-704C644304A3-SegmentedRaftLogWorker for RaftStorageImpl:Storage Directory /home/runner/work/ozone/ozone/hadoop-ozone/integration-test/target/test-dir/MiniOzoneClusterImpl-a42b6446-58ec-43bb-8d59-9c3f88cf101c/datanode-7/data/ratis/16c28a69-4c10-4b94-8ad6-704c644304a3
2021-08-12 00:25:06,006 [pool-440-thread-1] INFO  server.RaftServerConfigKeys (ConfUtils.java:logGet(44)) - raft.server.log.queue.byte-limit = 2147483647 (custom)
2021-08-12 00:25:06,006 [pool-440-thread-1] INFO  server.RaftServerConfigKeys (ConfUtils.java:logGet(44)) - raft.server.log.queue.element-limit = 1024 (custom)
2021-08-12 00:25:06,006 [pool-440-thread-1] INFO  server.RaftServerConfigKeys (ConfUtils.java:logGet(44)) - raft.server.log.segment.size.max = 1048576 (custom)
2021-08-12 00:25:06,006 [pool-440-thread-1] INFO  server.RaftServerConfigKeys (ConfUtils.java:logGet(44)) - raft.server.log.preallocated.size = 16384 (custom)
2021-08-12 00:25:06,006 [pool-440-thread-1] INFO  server.RaftServerConfigKeys (ConfUtils.java:logGet(44)) - raft.server.log.force.sync.num = 128 (default)
2021-08-12 00:25:06,006 [pool-440-thread-1] INFO  server.RaftServerConfigKeys (ConfUtils.java:logGet(44)) - raft.server.log.statemachine.data.sync = true (default)
2021-08-12 00:25:06,007 [pool-440-thread-1] INFO  server.RaftServerConfigKeys (ConfUtils.java:logGet(44)) - raft.server.log.statemachine.data.sync.timeout = 10s (default)
2021-08-12 00:25:06,007 [pool-440-thread-1] INFO  server.RaftServerConfigKeys (ConfUtils.java:logGet(44)) - raft.server.log.statemachine.data.sync.timeout.retry = -1 (default)
2021-08-12 00:25:06,025 [pool-440-thread-1] INFO  server.RaftServerConfigKeys (ConfUtils.java:logGet(44)) - raft.server.log.write.buffer.size = 1048576 (custom)
2021-08-12 00:25:06,026 [pool-440-thread-1] INFO  server.RaftServerConfigKeys (ConfUtils.java:logGet(44)) - raft.server.log.statemachine.data.caching.enabled = true (custom)
2021-08-12 00:25:06,027 [pool-440-thread-1] INFO  segmented.SegmentedRaftLogWorker (SegmentedRaftLogWorker.java:lambda$new$0(133)) - bcde775b-c238-4412-9eeb-a88c910f700f@group-704C644304A3-SegmentedRaftLogWorker: flushIndex: setUnconditionally 0 -> -1
2021-08-12 00:25:06,027 [pool-440-thread-1] INFO  segmented.SegmentedRaftLogWorker (SegmentedRaftLogWorker.java:lambda$new$0(133)) - bcde775b-c238-4412-9eeb-a88c910f700f@group-704C644304A3-SegmentedRaftLogWorker: safeCacheEvictIndex: setUnconditionally 0 -> -1
2021-08-12 00:25:06,028 [pool-440-thread-1] INFO  server.RaftServerConfigKeys (ConfUtils.java:logGet(44)) - raft.server.snapshot.auto.trigger.enabled = true (custom)
2021-08-12 00:25:06,028 [pool-440-thread-1] INFO  server.RaftServerConfigKeys (ConfUtils.java:logGet(44)) - raft.server.snapshot.auto.trigger.threshold = 10000 (custom)
2021-08-12 00:25:06,028 [pool-440-thread-1] INFO  server.RaftServerConfigKeys (ConfUtils.java:logGet(44)) - raft.server.snapshot.retention.file.num = 5 (custom)
2021-08-12 00:25:06,029 [pool-440-thread-1] INFO  server.RaftServerConfigKeys (ConfUtils.java:logGet(44)) - raft.server.log.purge.upto.snapshot.index = false (default)
2021-08-12 00:25:06,029 [pool-440-thread-1] INFO  server.RaftServerConfigKeys (ConfUtils.java:logGet(44)) - raft.server.retrycache.expirytime = 600000ms (custom)
2021-08-12 00:25:06,029 [pool-440-thread-1] INFO  server.RaftServerConfigKeys (ConfUtils.java:logGet(44)) - raft.server.retrycache.statistics.expirytime = 100μs (default)
2021-08-12 00:25:06,030 [pool-440-thread-1] INFO  server.RaftServer$Division (RaftServerImpl.java:start(296)) - bcde775b-c238-4412-9eeb-a88c910f700f@group-704C644304A3: start as a follower, conf=-1: [4f85e207-6f47-4e3d-8d8e-53c973d1ad4f|rpc:10.1.0.56:43657|dataStream:|priority:0, bcde775b-c238-4412-9eeb-a88c910f700f|rpc:10.1.0.56:33235|dataStream:|priority:0, 87d3608b-f9fd-4b10-ba0a-a0d8569acffd|rpc:10.1.0.56:37127|dataStream:|priority:1], old=null
2021-08-12 00:25:06,030 [pool-440-thread-1] INFO  server.RaftServer$Division (RaftServerImpl.java:setRole(285)) - bcde775b-c238-4412-9eeb-a88c910f700f@group-704C644304A3: changes role from      null to FOLLOWER at term 0 for startAsFollower
2021-08-12 00:25:06,031 [pool-440-thread-1] INFO  impl.RoleInfo (RoleInfo.java:updateAndGet(130)) - bcde775b-c238-4412-9eeb-a88c910f700f: start bcde775b-c238-4412-9eeb-a88c910f700f@group-704C644304A3-FollowerState
2021-08-12 00:25:06,034 [pool-440-thread-1] INFO  util.JmxRegister (JmxRegister.java:tryRegister(44)) - Successfully registered JMX Bean with object name Ratis:service=RaftServer,group=group-704C644304A3,id=bcde775b-c238-4412-9eeb-a88c910f700f
2021-08-12 00:25:06,042 [Command processor thread] INFO  commandhandler.CreatePipelineCommandHandler (CreatePipelineCommandHandler.java:handle(106)) - Created Pipeline RATIS THREE PipelineID=16c28a69-4c10-4b94-8ad6-704c644304a3.
2021-08-12 00:25:06,276 [Command processor thread] INFO  server.RaftServer (RaftServerProxy.java:addNew(95)) - bcde775b-c238-4412-9eeb-a88c910f700f: addNew group-23AA8F2B890B:[bcde775b-c238-4412-9eeb-a88c910f700f|rpc:10.1.0.56:33235|priority:1] returns group-23AA8F2B890B:java.util.concurrent.CompletableFuture@1e51df6d[Not completed]
2021-08-12 00:25:06,277 [pool-440-thread-1] INFO  server.RaftServer$Division (RaftServerImpl.java:<init>(181)) - bcde775b-c238-4412-9eeb-a88c910f700f: new RaftServerImpl for group-23AA8F2B890B:[bcde775b-c238-4412-9eeb-a88c910f700f|rpc:10.1.0.56:33235|priority:1] with ContainerStateMachine:uninitialized
2021-08-12 00:25:06,277 [pool-440-thread-1] INFO  server.RaftServerConfigKeys (ConfUtils.java:logGet(44)) - raft.server.rpc.timeout.min = 5s (custom)
2021-08-12 00:25:06,277 [pool-440-thread-1] INFO  server.RaftServerConfigKeys (ConfUtils.java:logGet(44)) - raft.server.rpc.timeout.max = 5200ms (custom)
2021-08-12 00:25:06,277 [pool-440-thread-1] INFO  server.RaftServerConfigKeys (ConfUtils.java:logGet(44)) - raft.server.rpc.sleep.time = 25ms (default)
2021-08-12 00:25:06,277 [pool-440-thread-1] INFO  server.RaftServerConfigKeys (ConfUtils.java:logGet(44)) - raft.server.rpc.slowness.timeout = 300000ms (custom)
2021-08-12 00:25:06,277 [pool-440-thread-1] INFO  server.RaftServerConfigKeys (ConfUtils.java:logGet(44)) - raft.server.leaderelection.leader.step-down.wait-time = 10s (default)
2021-08-12 00:25:06,277 [pool-440-thread-1] INFO  server.RaftServerConfigKeys (ConfUtils.java:logGet(44)) - raft.server.sleep.deviation.threshold = 300ms (default)
2021-08-12 00:25:06,277 [pool-440-thread-1] INFO  server.RaftServerConfigKeys (ConfUtils.java:logGet(44)) - raft.server.log.appender.install.snapshot.enabled = false (custom)
2021-08-12 00:25:06,277 [pool-440-thread-1] INFO  server.RaftServer$Division (ServerState.java:<init>(105)) - bcde775b-c238-4412-9eeb-a88c910f700f@group-23AA8F2B890B: ConfigurationManager, init=-1: [bcde775b-c238-4412-9eeb-a88c910f700f|rpc:10.1.0.56:33235|priority:1], old=null, confs=<EMPTY_MAP>
2021-08-12 00:25:06,278 [pool-440-thread-1] INFO  server.RaftServerConfigKeys (ConfUtils.java:logGet(44)) - raft.server.storage.dir = [/home/runner/work/ozone/ozone/hadoop-ozone/integration-test/target/test-dir/MiniOzoneClusterImpl-a42b6446-58ec-43bb-8d59-9c3f88cf101c/datanode-7/data/ratis] (custom)
2021-08-12 00:25:06,278 [pool-440-thread-1] INFO  server.RaftServerConfigKeys (ConfUtils.java:logGet(44)) - raft.server.log.corruption.policy = EXCEPTION (default)
2021-08-12 00:25:06,278 [pool-440-thread-1] INFO  server.RaftServerConfigKeys (ConfUtils.java:logGet(44)) - raft.server.storage.free-space.min = 0MB (=0) (default)
2021-08-12 00:25:06,278 [pool-440-thread-1] INFO  storage.RaftStorageDirectory (RaftStorageDirectoryImpl.java:analyzeStorage(135)) - The storage directory /home/runner/work/ozone/ozone/hadoop-ozone/integration-test/target/test-dir/MiniOzoneClusterImpl-a42b6446-58ec-43bb-8d59-9c3f88cf101c/datanode-7/data/ratis/83b1a2bc-e20b-4648-afa2-23aa8f2b890b does not exist. Creating ...
2021-08-12 00:25:06,280 [pool-440-thread-1] INFO  storage.RaftStorageDirectory (RaftStorageDirectoryImpl.java:tryLock(230)) - Lock on /home/runner/work/ozone/ozone/hadoop-ozone/integration-test/target/test-dir/MiniOzoneClusterImpl-a42b6446-58ec-43bb-8d59-9c3f88cf101c/datanode-7/data/ratis/83b1a2bc-e20b-4648-afa2-23aa8f2b890b/in_use.lock acquired by nodename 2812@fv-az50-214
2021-08-12 00:25:06,281 [pool-440-thread-1] INFO  storage.RaftStorage (RaftStorageImpl.java:format(89)) - Storage directory /home/runner/work/ozone/ozone/hadoop-ozone/integration-test/target/test-dir/MiniOzoneClusterImpl-a42b6446-58ec-43bb-8d59-9c3f88cf101c/datanode-7/data/ratis/83b1a2bc-e20b-4648-afa2-23aa8f2b890b has been successfully formatted.
2021-08-12 00:25:06,282 [Datanode State Machine Thread - 0] WARN  statemachine.StateContext (StateContext.java:execute(621)) - No available thread in pool for past 1 seconds.
2021-08-12 00:25:06,283 [EventQueue-PipelineReportForPipelineReportHandler] INFO  pipeline.PipelineManagerImpl (PipelineManagerImpl.java:openPipeline(283)) - Pipeline Pipeline[ Id: 83b1a2bc-e20b-4648-afa2-23aa8f2b890b, Nodes: bcde775b-c238-4412-9eeb-a88c910f700f{ip: 10.1.0.56, host: fv-az50-214.grzltbmokehuzjyc5b133kdqgh.cx.internal.cloudapp.net, ports: [REPLICATION=42723, RATIS=33235, RATIS_ADMIN=33235, RATIS_SERVER=33235, STANDALONE=37815], networkLocation: /default-rack, certSerialId: null, persistedOpState: IN_SERVICE, persistedOpStateExpiryEpochSec: 0}, ReplicationConfig: RATIS/ONE, State:ALLOCATED, leaderId:bcde775b-c238-4412-9eeb-a88c910f700f, CreationTimestamp2021-08-12T00:25:03.278Z[Etc/UTC]] moved to OPEN state
2021-08-12 00:25:06,283 [EventQueue-OpenPipelineForHealthyPipelineSafeModeRule] INFO  safemode.SCMSafeModeManager (HealthyPipelineSafeModeRule.java:process(124)) - SCM in safe mode. Healthy pipelines reported count is 0, required healthy pipeline reported count is 1
2021-08-12 00:25:06,284 [pool-440-thread-1] INFO  ratis.ContainerStateMachine (ContainerStateMachine.java:loadSnapshot(225)) - group-23AA8F2B890B: The snapshot info is null. Setting the last applied indexto:(t:0, i:~)
2021-08-12 00:25:06,284 [pool-440-thread-1] INFO  server.RaftServerConfigKeys (ConfUtils.java:logGet(44)) - raft.server.notification.no-leader.timeout = 300000ms (custom)
2021-08-12 00:25:06,284 [pool-440-thread-1] INFO  server.RaftServerConfigKeys (ConfUtils.java:logGet(44)) - raft.server.log.use.memory = false (default)
2021-08-12 00:25:06,284 [pool-440-thread-1] INFO  server.RaftServerConfigKeys (ConfUtils.java:logGet(44)) - raft.server.log.purge.gap = 1000000 (custom)
2021-08-12 00:25:06,284 [pool-440-thread-1] INFO  server.RaftServerConfigKeys (ConfUtils.java:logGet(44)) - raft.server.log.appender.buffer.byte-limit = 33554432 (custom)
2021-08-12 00:25:06,284 [pool-440-thread-1] INFO  server.RaftServerConfigKeys (ConfUtils.java:logGet(44)) - raft.server.log.segment.size.max = 1048576 (custom)
2021-08-12 00:25:06,285 [pool-440-thread-1] INFO  server.RaftServerConfigKeys (ConfUtils.java:logGet(44)) - raft.server.log.segment.cache.num.max = 2 (custom)
2021-08-12 00:25:06,285 [pool-440-thread-1] INFO  server.RaftServerConfigKeys (ConfUtils.java:logGet(44)) - raft.server.log.segment.cache.size.max = 200MB (=209715200) (default)
2021-08-12 00:25:06,285 [pool-440-thread-1] INFO  segmented.SegmentedRaftLogWorker (SegmentedRaftLogWorker.java:<init>(182)) - new bcde775b-c238-4412-9eeb-a88c910f700f@group-23AA8F2B890B-SegmentedRaftLogWorker for RaftStorageImpl:Storage Directory /home/runner/work/ozone/ozone/hadoop-ozone/integration-test/target/test-dir/MiniOzoneClusterImpl-a42b6446-58ec-43bb-8d59-9c3f88cf101c/datanode-7/data/ratis/83b1a2bc-e20b-4648-afa2-23aa8f2b890b
2021-08-12 00:25:06,285 [pool-440-thread-1] INFO  server.RaftServerConfigKeys (ConfUtils.java:logGet(44)) - raft.server.log.queue.byte-limit = 2147483647 (custom)
2021-08-12 00:25:06,285 [pool-440-thread-1] INFO  server.RaftServerConfigKeys (ConfUtils.java:logGet(44)) - raft.server.log.queue.element-limit = 1024 (custom)
2021-08-12 00:25:06,285 [pool-440-thread-1] INFO  server.RaftServerConfigKeys (ConfUtils.java:logGet(44)) - raft.server.log.segment.size.max = 1048576 (custom)
2021-08-12 00:25:06,285 [pool-440-thread-1] INFO  server.RaftServerConfigKeys (ConfUtils.java:logGet(44)) - raft.server.log.preallocated.size = 16384 (custom)
2021-08-12 00:25:06,285 [pool-440-thread-1] INFO  server.RaftServerConfigKeys (ConfUtils.java:logGet(44)) - raft.server.log.force.sync.num = 128 (default)
2021-08-12 00:25:06,285 [pool-440-thread-1] INFO  server.RaftServerConfigKeys (ConfUtils.java:logGet(44)) - raft.server.log.statemachine.data.sync = true (default)
2021-08-12 00:25:06,286 [pool-440-thread-1] INFO  server.RaftServerConfigKeys (ConfUtils.java:logGet(44)) - raft.server.log.statemachine.data.sync.timeout = 10s (default)
2021-08-12 00:25:06,286 [pool-440-thread-1] INFO  server.RaftServerConfigKeys (ConfUtils.java:logGet(44)) - raft.server.log.statemachine.data.sync.timeout.retry = -1 (default)
2021-08-12 00:25:06,287 [pool-440-thread-1] INFO  server.RaftServerConfigKeys (ConfUtils.java:logGet(44)) - raft.server.log.write.buffer.size = 1048576 (custom)
2021-08-12 00:25:06,287 [pool-440-thread-1] INFO  server.RaftServerConfigKeys (ConfUtils.java:logGet(44)) - raft.server.log.statemachine.data.caching.enabled = true (custom)
2021-08-12 00:25:06,288 [pool-440-thread-1] INFO  segmented.SegmentedRaftLogWorker (SegmentedRaftLogWorker.java:lambda$new$0(133)) - bcde775b-c238-4412-9eeb-a88c910f700f@group-23AA8F2B890B-SegmentedRaftLogWorker: flushIndex: setUnconditionally 0 -> -1
2021-08-12 00:25:06,288 [pool-440-thread-1] INFO  segmented.SegmentedRaftLogWorker (SegmentedRaftLogWorker.java:lambda$new$0(133)) - bcde775b-c238-4412-9eeb-a88c910f700f@group-23AA8F2B890B-SegmentedRaftLogWorker: safeCacheEvictIndex: setUnconditionally 0 -> -1
2021-08-12 00:25:06,288 [pool-440-thread-1] INFO  server.RaftServerConfigKeys (ConfUtils.java:logGet(44)) - raft.server.snapshot.auto.trigger.enabled = true (custom)
2021-08-12 00:25:06,288 [pool-440-thread-1] INFO  server.RaftServerConfigKeys (ConfUtils.java:logGet(44)) - raft.server.snapshot.auto.trigger.threshold = 10000 (custom)
2021-08-12 00:25:06,288 [pool-440-thread-1] INFO  server.RaftServerConfigKeys (ConfUtils.java:logGet(44)) - raft.server.snapshot.retention.file.num = 5 (custom)
2021-08-12 00:25:06,288 [pool-440-thread-1] INFO  server.RaftServerConfigKeys (ConfUtils.java:logGet(44)) - raft.server.log.purge.upto.snapshot.index = false (default)
2021-08-12 00:25:06,288 [pool-440-thread-1] INFO  server.RaftServerConfigKeys (ConfUtils.java:logGet(44)) - raft.server.retrycache.expirytime = 600000ms (custom)
2021-08-12 00:25:06,288 [pool-440-thread-1] INFO  server.RaftServerConfigKeys (ConfUtils.java:logGet(44)) - raft.server.retrycache.statistics.expirytime = 100μs (default)
2021-08-12 00:25:06,289 [pool-440-thread-1] INFO  server.RaftServer$Division (RaftServerImpl.java:start(296)) - bcde775b-c238-4412-9eeb-a88c910f700f@group-23AA8F2B890B: start as a follower, conf=-1: [bcde775b-c238-4412-9eeb-a88c910f700f|rpc:10.1.0.56:33235|priority:1], old=null
2021-08-12 00:25:06,289 [pool-440-thread-1] INFO  server.RaftServer$Division (RaftServerImpl.java:setRole(285)) - bcde775b-c238-4412-9eeb-a88c910f700f@group-23AA8F2B890B: changes role from      null to FOLLOWER at term 0 for startAsFollower
2021-08-12 00:25:06,289 [pool-440-thread-1] INFO  impl.RoleInfo (RoleInfo.java:updateAndGet(130)) - bcde775b-c238-4412-9eeb-a88c910f700f: start bcde775b-c238-4412-9eeb-a88c910f700f@group-23AA8F2B890B-FollowerState
2021-08-12 00:25:06,297 [pool-440-thread-1] INFO  util.JmxRegister (JmxRegister.java:tryRegister(44)) - Successfully registered JMX Bean with object name Ratis:service=RaftServer,group=group-23AA8F2B890B,id=bcde775b-c238-4412-9eeb-a88c910f700f
2021-08-12 00:25:06,301 [Command processor thread] INFO  ratis.XceiverServerRatis (XceiverServerRatis.java:addGroup(763)) - Created group PipelineID=83b1a2bc-e20b-4648-afa2-23aa8f2b890b
2021-08-12 00:25:06,301 [Command processor thread] INFO  commandhandler.CreatePipelineCommandHandler (CreatePipelineCommandHandler.java:handle(106)) - Created Pipeline RATIS ONE PipelineID=83b1a2bc-e20b-4648-afa2-23aa8f2b890b.
2021-08-12 00:25:06,829 [Listener at 127.0.0.1/46733] INFO  ozone.MiniOzoneClusterImpl (MiniOzoneClusterImpl.java:lambda$waitForClusterToBeReady$0(235)) - Nodes are ready. Got 9 of 9 DN Heartbeats.
2021-08-12 00:25:06,829 [Listener at 127.0.0.1/46733] INFO  ozone.MiniOzoneClusterImpl (MiniOzoneClusterImpl.java:lambda$waitForClusterToBeReady$0(238)) - Waiting for cluster to exit safe mode
2021-08-12 00:25:06,829 [Listener at 127.0.0.1/46733] INFO  ozone.MiniOzoneClusterImpl (MiniOzoneClusterImpl.java:lambda$waitForClusterToBeReady$0(240)) - SCM became leader
2021-08-12 00:25:06,840 [Command processor thread] INFO  server.RaftServer (RaftServerProxy.java:addNew(95)) - 4f85e207-6f47-4e3d-8d8e-53c973d1ad4f: addNew group-4E07336F3F7B:[4f85e207-6f47-4e3d-8d8e-53c973d1ad4f|rpc:10.1.0.56:43657|priority:1] returns group-4E07336F3F7B:java.util.concurrent.CompletableFuture@3c335e44[Not completed]
2021-08-12 00:25:06,841 [pool-459-thread-1] INFO  server.RaftServer$Division (RaftServerImpl.java:<init>(181)) - 4f85e207-6f47-4e3d-8d8e-53c973d1ad4f: new RaftServerImpl for group-4E07336F3F7B:[4f85e207-6f47-4e3d-8d8e-53c973d1ad4f|rpc:10.1.0.56:43657|priority:1] with ContainerStateMachine:uninitialized
2021-08-12 00:25:06,841 [pool-459-thread-1] INFO  server.RaftServerConfigKeys (ConfUtils.java:logGet(44)) - raft.server.rpc.timeout.min = 5s (custom)
2021-08-12 00:25:06,841 [pool-459-thread-1] INFO  server.RaftServerConfigKeys (ConfUtils.java:logGet(44)) - raft.server.rpc.timeout.max = 5200ms (custom)
2021-08-12 00:25:06,841 [pool-459-thread-1] INFO  server.RaftServerConfigKeys (ConfUtils.java:logGet(44)) - raft.server.rpc.sleep.time = 25ms (default)
2021-08-12 00:25:06,841 [pool-459-thread-1] INFO  server.RaftServerConfigKeys (ConfUtils.java:logGet(44)) - raft.server.rpc.slowness.timeout = 300000ms (custom)
2021-08-12 00:25:06,841 [pool-459-thread-1] INFO  server.RaftServerConfigKeys (ConfUtils.java:logGet(44)) - raft.server.leaderelection.leader.step-down.wait-time = 10s (default)
2021-08-12 00:25:06,841 [pool-459-thread-1] INFO  server.RaftServerConfigKeys (ConfUtils.java:logGet(44)) - raft.server.sleep.deviation.threshold = 300ms (default)
2021-08-12 00:25:06,841 [pool-459-thread-1] INFO  server.RaftServerConfigKeys (ConfUtils.java:logGet(44)) - raft.server.log.appender.install.snapshot.enabled = false (custom)
2021-08-12 00:25:06,841 [pool-459-thread-1] INFO  server.RaftServer$Division (ServerState.java:<init>(105)) - 4f85e207-6f47-4e3d-8d8e-53c973d1ad4f@group-4E07336F3F7B: ConfigurationManager, init=-1: [4f85e207-6f47-4e3d-8d8e-53c973d1ad4f|rpc:10.1.0.56:43657|priority:1], old=null, confs=<EMPTY_MAP>
2021-08-12 00:25:06,842 [pool-459-thread-1] INFO  server.RaftServerConfigKeys (ConfUtils.java:logGet(44)) - raft.server.storage.dir = [/home/runner/work/ozone/ozone/hadoop-ozone/integration-test/target/test-dir/MiniOzoneClusterImpl-a42b6446-58ec-43bb-8d59-9c3f88cf101c/datanode-8/data/ratis] (custom)
2021-08-12 00:25:06,842 [pool-459-thread-1] INFO  server.RaftServerConfigKeys (ConfUtils.java:logGet(44)) - raft.server.log.corruption.policy = EXCEPTION (default)
2021-08-12 00:25:06,842 [pool-459-thread-1] INFO  server.RaftServerConfigKeys (ConfUtils.java:logGet(44)) - raft.server.storage.free-space.min = 0MB (=0) (default)
2021-08-12 00:25:06,842 [pool-459-thread-1] INFO  storage.RaftStorageDirectory (RaftStorageDirectoryImpl.java:analyzeStorage(135)) - The storage directory /home/runner/work/ozone/ozone/hadoop-ozone/integration-test/target/test-dir/MiniOzoneClusterImpl-a42b6446-58ec-43bb-8d59-9c3f88cf101c/datanode-8/data/ratis/c3f55f14-d222-4b59-81e4-4e07336f3f7b does not exist. Creating ...
2021-08-12 00:25:06,843 [pool-459-thread-1] INFO  storage.RaftStorageDirectory (RaftStorageDirectoryImpl.java:tryLock(230)) - Lock on /home/runner/work/ozone/ozone/hadoop-ozone/integration-test/target/test-dir/MiniOzoneClusterImpl-a42b6446-58ec-43bb-8d59-9c3f88cf101c/datanode-8/data/ratis/c3f55f14-d222-4b59-81e4-4e07336f3f7b/in_use.lock acquired by nodename 2812@fv-az50-214
2021-08-12 00:25:06,849 [pool-459-thread-1] INFO  storage.RaftStorage (RaftStorageImpl.java:format(89)) - Storage directory /home/runner/work/ozone/ozone/hadoop-ozone/integration-test/target/test-dir/MiniOzoneClusterImpl-a42b6446-58ec-43bb-8d59-9c3f88cf101c/datanode-8/data/ratis/c3f55f14-d222-4b59-81e4-4e07336f3f7b has been successfully formatted.
2021-08-12 00:25:06,849 [pool-459-thread-1] INFO  ratis.ContainerStateMachine (ContainerStateMachine.java:loadSnapshot(225)) - group-4E07336F3F7B: The snapshot info is null. Setting the last applied indexto:(t:0, i:~)
2021-08-12 00:25:06,849 [pool-459-thread-1] INFO  server.RaftServerConfigKeys (ConfUtils.java:logGet(44)) - raft.server.notification.no-leader.timeout = 300000ms (custom)
2021-08-12 00:25:06,849 [pool-459-thread-1] INFO  server.RaftServerConfigKeys (ConfUtils.java:logGet(44)) - raft.server.log.use.memory = false (default)
2021-08-12 00:25:06,849 [pool-459-thread-1] INFO  server.RaftServerConfigKeys (ConfUtils.java:logGet(44)) - raft.server.log.purge.gap = 1000000 (custom)
2021-08-12 00:25:06,849 [pool-459-thread-1] INFO  server.RaftServerConfigKeys (ConfUtils.java:logGet(44)) - raft.server.log.appender.buffer.byte-limit = 33554432 (custom)
2021-08-12 00:25:06,850 [pool-459-thread-1] INFO  server.RaftServerConfigKeys (ConfUtils.java:logGet(44)) - raft.server.log.segment.size.max = 1048576 (custom)
2021-08-12 00:25:06,850 [pool-459-thread-1] INFO  server.RaftServerConfigKeys (ConfUtils.java:logGet(44)) - raft.server.log.segment.cache.num.max = 2 (custom)
2021-08-12 00:25:06,850 [pool-459-thread-1] INFO  server.RaftServerConfigKeys (ConfUtils.java:logGet(44)) - raft.server.log.segment.cache.size.max = 200MB (=209715200) (default)
2021-08-12 00:25:06,850 [pool-459-thread-1] INFO  segmented.SegmentedRaftLogWorker (SegmentedRaftLogWorker.java:<init>(182)) - new 4f85e207-6f47-4e3d-8d8e-53c973d1ad4f@group-4E07336F3F7B-SegmentedRaftLogWorker for RaftStorageImpl:Storage Directory /home/runner/work/ozone/ozone/hadoop-ozone/integration-test/target/test-dir/MiniOzoneClusterImpl-a42b6446-58ec-43bb-8d59-9c3f88cf101c/datanode-8/data/ratis/c3f55f14-d222-4b59-81e4-4e07336f3f7b
2021-08-12 00:25:06,850 [pool-459-thread-1] INFO  server.RaftServerConfigKeys (ConfUtils.java:logGet(44)) - raft.server.log.queue.byte-limit = 2147483647 (custom)
2021-08-12 00:25:06,850 [pool-459-thread-1] INFO  server.RaftServerConfigKeys (ConfUtils.java:logGet(44)) - raft.server.log.queue.element-limit = 1024 (custom)
2021-08-12 00:25:06,850 [pool-459-thread-1] INFO  server.RaftServerConfigKeys (ConfUtils.java:logGet(44)) - raft.server.log.segment.size.max = 1048576 (custom)
2021-08-12 00:25:06,850 [pool-459-thread-1] INFO  server.RaftServerConfigKeys (ConfUtils.java:logGet(44)) - raft.server.log.preallocated.size = 16384 (custom)
2021-08-12 00:25:06,851 [pool-459-thread-1] INFO  server.RaftServerConfigKeys (ConfUtils.java:logGet(44)) - raft.server.log.force.sync.num = 128 (default)
2021-08-12 00:25:06,851 [pool-459-thread-1] INFO  server.RaftServerConfigKeys (ConfUtils.java:logGet(44)) - raft.server.log.statemachine.data.sync = true (default)
2021-08-12 00:25:06,851 [pool-459-thread-1] INFO  server.RaftServerConfigKeys (ConfUtils.java:logGet(44)) - raft.server.log.statemachine.data.sync.timeout = 10s (default)
2021-08-12 00:25:06,851 [pool-459-thread-1] INFO  server.RaftServerConfigKeys (ConfUtils.java:logGet(44)) - raft.server.log.statemachine.data.sync.timeout.retry = -1 (default)
2021-08-12 00:25:06,852 [pool-459-thread-1] INFO  server.RaftServerConfigKeys (ConfUtils.java:logGet(44)) - raft.server.log.write.buffer.size = 1048576 (custom)
2021-08-12 00:25:06,852 [pool-459-thread-1] INFO  server.RaftServerConfigKeys (ConfUtils.java:logGet(44)) - raft.server.log.statemachine.data.caching.enabled = true (custom)
2021-08-12 00:25:06,853 [EventQueue-PipelineReportForPipelineReportHandler] INFO  pipeline.PipelineManagerImpl (PipelineManagerImpl.java:openPipeline(283)) - Pipeline Pipeline[ Id: c3f55f14-d222-4b59-81e4-4e07336f3f7b, Nodes: 4f85e207-6f47-4e3d-8d8e-53c973d1ad4f{ip: 10.1.0.56, host: fv-az50-214.grzltbmokehuzjyc5b133kdqgh.cx.internal.cloudapp.net, ports: [REPLICATION=42597, RATIS=43657, RATIS_ADMIN=43657, RATIS_SERVER=43657, STANDALONE=41825], networkLocation: /default-rack, certSerialId: null, persistedOpState: IN_SERVICE, persistedOpStateExpiryEpochSec: 0}, ReplicationConfig: RATIS/ONE, State:ALLOCATED, leaderId:4f85e207-6f47-4e3d-8d8e-53c973d1ad4f, CreationTimestamp2021-08-12T00:25:03.845Z[Etc/UTC]] moved to OPEN state
2021-08-12 00:25:06,866 [pool-459-thread-1] INFO  segmented.SegmentedRaftLogWorker (SegmentedRaftLogWorker.java:lambda$new$0(133)) - 4f85e207-6f47-4e3d-8d8e-53c973d1ad4f@group-4E07336F3F7B-SegmentedRaftLogWorker: flushIndex: setUnconditionally 0 -> -1
2021-08-12 00:25:06,866 [EventQueue-OpenPipelineForHealthyPipelineSafeModeRule] INFO  safemode.SCMSafeModeManager (HealthyPipelineSafeModeRule.java:process(124)) - SCM in safe mode. Healthy pipelines reported count is 0, required healthy pipeline reported count is 1
2021-08-12 00:25:06,866 [pool-459-thread-1] INFO  segmented.SegmentedRaftLogWorker (SegmentedRaftLogWorker.java:lambda$new$0(133)) - 4f85e207-6f47-4e3d-8d8e-53c973d1ad4f@group-4E07336F3F7B-SegmentedRaftLogWorker: safeCacheEvictIndex: setUnconditionally 0 -> -1
2021-08-12 00:25:06,880 [pool-459-thread-1] INFO  server.RaftServerConfigKeys (ConfUtils.java:logGet(44)) - raft.server.snapshot.auto.trigger.enabled = true (custom)
2021-08-12 00:25:06,881 [pool-459-thread-1] INFO  server.RaftServerConfigKeys (ConfUtils.java:logGet(44)) - raft.server.snapshot.auto.trigger.threshold = 10000 (custom)
2021-08-12 00:25:06,881 [pool-459-thread-1] INFO  server.RaftServerConfigKeys (ConfUtils.java:logGet(44)) - raft.server.snapshot.retention.file.num = 5 (custom)
2021-08-12 00:25:06,881 [pool-459-thread-1] INFO  server.RaftServerConfigKeys (ConfUtils.java:logGet(44)) - raft.server.log.purge.upto.snapshot.index = false (default)
2021-08-12 00:25:06,881 [pool-459-thread-1] INFO  server.RaftServerConfigKeys (ConfUtils.java:logGet(44)) - raft.server.retrycache.expirytime = 600000ms (custom)
2021-08-12 00:25:06,881 [pool-459-thread-1] INFO  server.RaftServerConfigKeys (ConfUtils.java:logGet(44)) - raft.server.retrycache.statistics.expirytime = 100μs (default)
2021-08-12 00:25:06,882 [pool-459-thread-1] INFO  server.RaftServer$Division (RaftServerImpl.java:start(296)) - 4f85e207-6f47-4e3d-8d8e-53c973d1ad4f@group-4E07336F3F7B: start as a follower, conf=-1: [4f85e207-6f47-4e3d-8d8e-53c973d1ad4f|rpc:10.1.0.56:43657|priority:1], old=null
2021-08-12 00:25:06,882 [pool-459-thread-1] INFO  server.RaftServer$Division (RaftServerImpl.java:setRole(285)) - 4f85e207-6f47-4e3d-8d8e-53c973d1ad4f@group-4E07336F3F7B: changes role from      null to FOLLOWER at term 0 for startAsFollower
2021-08-12 00:25:06,882 [pool-459-thread-1] INFO  impl.RoleInfo (RoleInfo.java:updateAndGet(130)) - 4f85e207-6f47-4e3d-8d8e-53c973d1ad4f: start 4f85e207-6f47-4e3d-8d8e-53c973d1ad4f@group-4E07336F3F7B-FollowerState
2021-08-12 00:25:06,886 [pool-459-thread-1] INFO  util.JmxRegister (JmxRegister.java:tryRegister(44)) - Successfully registered JMX Bean with object name Ratis:service=RaftServer,group=group-4E07336F3F7B,id=4f85e207-6f47-4e3d-8d8e-53c973d1ad4f
2021-08-12 00:25:06,888 [Command processor thread] INFO  ratis.XceiverServerRatis (XceiverServerRatis.java:addGroup(763)) - Created group PipelineID=c3f55f14-d222-4b59-81e4-4e07336f3f7b
2021-08-12 00:25:06,888 [Command processor thread] INFO  commandhandler.CreatePipelineCommandHandler (CreatePipelineCommandHandler.java:handle(106)) - Created Pipeline RATIS ONE PipelineID=c3f55f14-d222-4b59-81e4-4e07336f3f7b.
2021-08-12 00:25:07,368 [5b202ae5-680d-43fe-be69-63ca12314317@group-EC826C6F44A4-FollowerState] INFO  impl.FollowerState (FollowerState.java:run(134)) - 5b202ae5-680d-43fe-be69-63ca12314317@group-EC826C6F44A4-FollowerState: change to CANDIDATE, lastRpcElapsedTime:5140888620ns, electionTimeout:5119ms
2021-08-12 00:25:07,369 [5b202ae5-680d-43fe-be69-63ca12314317@group-EC826C6F44A4-FollowerState] INFO  impl.RoleInfo (RoleInfo.java:shutdownFollowerState(108)) - 5b202ae5-680d-43fe-be69-63ca12314317: shutdown 5b202ae5-680d-43fe-be69-63ca12314317@group-EC826C6F44A4-FollowerState
2021-08-12 00:25:07,369 [5b202ae5-680d-43fe-be69-63ca12314317@group-EC826C6F44A4-FollowerState] INFO  server.RaftServer$Division (RaftServerImpl.java:setRole(285)) - 5b202ae5-680d-43fe-be69-63ca12314317@group-EC826C6F44A4: changes role from  FOLLOWER to CANDIDATE at term 0 for changeToCandidate
2021-08-12 00:25:07,370 [5b202ae5-680d-43fe-be69-63ca12314317@group-EC826C6F44A4-FollowerState] INFO  server.RaftServerConfigKeys (ConfUtils.java:logGet(44)) - raft.server.leaderelection.pre-vote = false (custom)
2021-08-12 00:25:07,370 [5b202ae5-680d-43fe-be69-63ca12314317@group-EC826C6F44A4-FollowerState] INFO  impl.RoleInfo (RoleInfo.java:updateAndGet(130)) - 5b202ae5-680d-43fe-be69-63ca12314317: start 5b202ae5-680d-43fe-be69-63ca12314317@group-EC826C6F44A4-LeaderElection28
2021-08-12 00:25:07,430 [5b202ae5-680d-43fe-be69-63ca12314317@group-EC826C6F44A4-LeaderElection28] INFO  impl.LeaderElection (LeaderElection.java:askForVotes(306)) - 5b202ae5-680d-43fe-be69-63ca12314317@group-EC826C6F44A4-LeaderElection28 ELECTION round 0: submit vote requests at term 1 for -1: [5b202ae5-680d-43fe-be69-63ca12314317|rpc:10.1.0.56:39647|priority:1], old=null
2021-08-12 00:25:07,430 [5b202ae5-680d-43fe-be69-63ca12314317@group-EC826C6F44A4-LeaderElection28] INFO  impl.LeaderElection (LeaderElection.java:askForVotes(308)) - 5b202ae5-680d-43fe-be69-63ca12314317@group-EC826C6F44A4-LeaderElection28 ELECTION round 0: result PASSED (term=1)
2021-08-12 00:25:07,430 [5b202ae5-680d-43fe-be69-63ca12314317@group-EC826C6F44A4-LeaderElection28] INFO  impl.RoleInfo (RoleInfo.java:shutdownLeaderElection(121)) - 5b202ae5-680d-43fe-be69-63ca12314317: shutdown 5b202ae5-680d-43fe-be69-63ca12314317@group-EC826C6F44A4-LeaderElection28
2021-08-12 00:25:07,430 [5b202ae5-680d-43fe-be69-63ca12314317@group-EC826C6F44A4-LeaderElection28] INFO  server.RaftServer$Division (RaftServerImpl.java:setRole(285)) - 5b202ae5-680d-43fe-be69-63ca12314317@group-EC826C6F44A4: changes role from CANDIDATE to LEADER at term 1 for changeToLeader
2021-08-12 00:25:07,430 [5b202ae5-680d-43fe-be69-63ca12314317@group-EC826C6F44A4-LeaderElection28] INFO  ratis.XceiverServerRatis (XceiverServerRatis.java:handleLeaderChangedNotification(861)) - Leader change notification received for group: group-EC826C6F44A4 with new leaderId: 5b202ae5-680d-43fe-be69-63ca12314317
2021-08-12 00:25:07,430 [5b202ae5-680d-43fe-be69-63ca12314317@group-EC826C6F44A4-LeaderElection28] INFO  server.RaftServer$Division (ServerState.java:setLeader(285)) - 5b202ae5-680d-43fe-be69-63ca12314317@group-EC826C6F44A4: change Leader from null to 5b202ae5-680d-43fe-be69-63ca12314317 at term 1 for becomeLeader, leader elected after 5241ms
2021-08-12 00:25:07,430 [5b202ae5-680d-43fe-be69-63ca12314317@group-EC826C6F44A4-LeaderElection28] INFO  server.RaftServerConfigKeys (ConfUtils.java:logGet(44)) - raft.server.staging.catchup.gap = 1000 (default)
2021-08-12 00:25:07,430 [5b202ae5-680d-43fe-be69-63ca12314317@group-EC826C6F44A4-LeaderElection28] INFO  server.RaftServerConfigKeys (ConfUtils.java:logGet(44)) - raft.server.write.element-limit = 1024 (custom)
2021-08-12 00:25:07,430 [5b202ae5-680d-43fe-be69-63ca12314317@group-EC826C6F44A4-LeaderElection28] INFO  server.RaftServerConfigKeys (ConfUtils.java:logGet(44)) - raft.server.write.byte-limit = 1024 M (=1073741824) (custom)
2021-08-12 00:25:07,431 [5b202ae5-680d-43fe-be69-63ca12314317@group-EC826C6F44A4-LeaderElection28] INFO  server.RaftServerConfigKeys (ConfUtils.java:logGet(44)) - raft.server.watch.timeout = 3000ms (custom)
2021-08-12 00:25:07,431 [5b202ae5-680d-43fe-be69-63ca12314317@group-EC826C6F44A4-LeaderElection28] INFO  server.RaftServerConfigKeys (ConfUtils.java:logGet(44)) - raft.server.watch.timeout.denomination = 1s (default)
2021-08-12 00:25:07,431 [5b202ae5-680d-43fe-be69-63ca12314317@group-EC826C6F44A4-LeaderElection28] INFO  server.RaftServerConfigKeys (ConfUtils.java:logGet(44)) - raft.server.watch.element-limit = 65536 (default)
2021-08-12 00:25:07,431 [5b202ae5-680d-43fe-be69-63ca12314317@group-EC826C6F44A4-LeaderElection28] INFO  impl.RoleInfo (RoleInfo.java:updateAndGet(130)) - 5b202ae5-680d-43fe-be69-63ca12314317: start 5b202ae5-680d-43fe-be69-63ca12314317@group-EC826C6F44A4-LeaderStateImpl
2021-08-12 00:25:07,432 [5b202ae5-680d-43fe-be69-63ca12314317@group-EC826C6F44A4-LeaderElection28] INFO  segmented.SegmentedRaftLogWorker (SegmentedRaftLogWorker.java:startLogSegment(394)) - 5b202ae5-680d-43fe-be69-63ca12314317@group-EC826C6F44A4-SegmentedRaftLogWorker: Starting segment from index:0
2021-08-12 00:25:07,432 [Datanode State Machine Thread - 0] WARN  statemachine.StateContext (StateContext.java:execute(621)) - No available thread in pool for past 1 seconds.
2021-08-12 00:25:07,434 [EventQueue-OpenPipelineForHealthyPipelineSafeModeRule] INFO  safemode.SCMSafeModeManager (HealthyPipelineSafeModeRule.java:process(124)) - SCM in safe mode. Healthy pipelines reported count is 0, required healthy pipeline reported count is 1
2021-08-12 00:25:07,436 [5b202ae5-680d-43fe-be69-63ca12314317@group-EC826C6F44A4-SegmentedRaftLogWorker] INFO  segmented.SegmentedRaftLogWorker (SegmentedRaftLogWorker.java:execute(601)) - 5b202ae5-680d-43fe-be69-63ca12314317@group-EC826C6F44A4-SegmentedRaftLogWorker: created new log segment /home/runner/work/ozone/ozone/hadoop-ozone/integration-test/target/test-dir/MiniOzoneClusterImpl-a42b6446-58ec-43bb-8d59-9c3f88cf101c/datanode-0/data/ratis/9467a0b6-e570-4e88-aa71-ec826c6f44a4/current/log_inprogress_0
2021-08-12 00:25:07,462 [5b202ae5-680d-43fe-be69-63ca12314317@group-EC826C6F44A4-LeaderElection28] INFO  server.RaftServer$Division (ServerState.java:setRaftConf(387)) - 5b202ae5-680d-43fe-be69-63ca12314317@group-EC826C6F44A4: set configuration 0: [5b202ae5-680d-43fe-be69-63ca12314317|rpc:10.1.0.56:39647|dataStream:|priority:1], old=null
2021-08-12 00:25:07,463 [5b202ae5-680d-43fe-be69-63ca12314317@group-427675ACF13C-FollowerState] INFO  impl.FollowerState (FollowerState.java:run(134)) - 5b202ae5-680d-43fe-be69-63ca12314317@group-427675ACF13C-FollowerState: change to CANDIDATE, lastRpcElapsedTime:5200834776ns, electionTimeout:5186ms
2021-08-12 00:25:07,463 [5b202ae5-680d-43fe-be69-63ca12314317@group-427675ACF13C-FollowerState] INFO  impl.RoleInfo (RoleInfo.java:shutdownFollowerState(108)) - 5b202ae5-680d-43fe-be69-63ca12314317: shutdown 5b202ae5-680d-43fe-be69-63ca12314317@group-427675ACF13C-FollowerState
2021-08-12 00:25:07,463 [5b202ae5-680d-43fe-be69-63ca12314317@group-427675ACF13C-FollowerState] INFO  server.RaftServer$Division (RaftServerImpl.java:setRole(285)) - 5b202ae5-680d-43fe-be69-63ca12314317@group-427675ACF13C: changes role from  FOLLOWER to CANDIDATE at term 0 for changeToCandidate
2021-08-12 00:25:07,463 [5b202ae5-680d-43fe-be69-63ca12314317@group-427675ACF13C-FollowerState] INFO  server.RaftServerConfigKeys (ConfUtils.java:logGet(44)) - raft.server.leaderelection.pre-vote = false (custom)
2021-08-12 00:25:07,463 [5b202ae5-680d-43fe-be69-63ca12314317@group-427675ACF13C-FollowerState] INFO  impl.RoleInfo (RoleInfo.java:updateAndGet(130)) - 5b202ae5-680d-43fe-be69-63ca12314317: start 5b202ae5-680d-43fe-be69-63ca12314317@group-427675ACF13C-LeaderElection29
2021-08-12 00:25:07,494 [5b202ae5-680d-43fe-be69-63ca12314317@group-427675ACF13C-LeaderElection29] INFO  impl.LeaderElection (LeaderElection.java:askForVotes(306)) - 5b202ae5-680d-43fe-be69-63ca12314317@group-427675ACF13C-LeaderElection29 ELECTION round 0: submit vote requests at term 1 for -1: [c2eb00da-4d4a-4ac5-8b23-45ecd8b85c7f|rpc:10.1.0.56:41045|priority:0, 5b202ae5-680d-43fe-be69-63ca12314317|rpc:10.1.0.56:39647|priority:1, ef23a805-c360-46f9-a5ff-61453c052e9c|rpc:10.1.0.56:45291|priority:0], old=null
2021-08-12 00:25:07,542 [grpc-default-executor-3] INFO  server.RaftServer$Division (RaftServerImpl.java:requestVote(1043)) - c2eb00da-4d4a-4ac5-8b23-45ecd8b85c7f@group-427675ACF13C: receive requestVote(ELECTION, 5b202ae5-680d-43fe-be69-63ca12314317, group-427675ACF13C, 1, (t:0, i:0))
2021-08-12 00:25:07,543 [grpc-default-executor-3] INFO  impl.VoteContext (VoteContext.java:log(48)) - c2eb00da-4d4a-4ac5-8b23-45ecd8b85c7f@group-427675ACF13C-FOLLOWER: accept ELECTION from 5b202ae5-680d-43fe-be69-63ca12314317: our priority 0 <= candidate's priority 1
2021-08-12 00:25:07,543 [grpc-default-executor-3] INFO  server.RaftServer$Division (RaftServerImpl.java:setRole(285)) - c2eb00da-4d4a-4ac5-8b23-45ecd8b85c7f@group-427675ACF13C: changes role from  FOLLOWER to FOLLOWER at term 1 for candidate:5b202ae5-680d-43fe-be69-63ca12314317
2021-08-12 00:25:07,543 [grpc-default-executor-3] INFO  impl.RoleInfo (RoleInfo.java:shutdownFollowerState(108)) - c2eb00da-4d4a-4ac5-8b23-45ecd8b85c7f: shutdown c2eb00da-4d4a-4ac5-8b23-45ecd8b85c7f@group-427675ACF13C-FollowerState
2021-08-12 00:25:07,543 [grpc-default-executor-3] INFO  impl.RoleInfo (RoleInfo.java:updateAndGet(130)) - c2eb00da-4d4a-4ac5-8b23-45ecd8b85c7f: start c2eb00da-4d4a-4ac5-8b23-45ecd8b85c7f@group-427675ACF13C-FollowerState
2021-08-12 00:25:07,565 [grpc-default-executor-2] INFO  server.RaftServer$Division (RaftServerImpl.java:requestVote(1043)) - ef23a805-c360-46f9-a5ff-61453c052e9c@group-427675ACF13C: receive requestVote(ELECTION, 5b202ae5-680d-43fe-be69-63ca12314317, group-427675ACF13C, 1, (t:0, i:0))
2021-08-12 00:25:07,565 [grpc-default-executor-2] INFO  impl.VoteContext (VoteContext.java:log(48)) - ef23a805-c360-46f9-a5ff-61453c052e9c@group-427675ACF13C-FOLLOWER: accept ELECTION from 5b202ae5-680d-43fe-be69-63ca12314317: our priority 0 <= candidate's priority 1
2021-08-12 00:25:07,565 [grpc-default-executor-2] INFO  server.RaftServer$Division (RaftServerImpl.java:setRole(285)) - ef23a805-c360-46f9-a5ff-61453c052e9c@group-427675ACF13C: changes role from  FOLLOWER to FOLLOWER at term 1 for candidate:5b202ae5-680d-43fe-be69-63ca12314317
2021-08-12 00:25:07,565 [grpc-default-executor-2] INFO  impl.RoleInfo (RoleInfo.java:shutdownFollowerState(108)) - ef23a805-c360-46f9-a5ff-61453c052e9c: shutdown ef23a805-c360-46f9-a5ff-61453c052e9c@group-427675ACF13C-FollowerState
2021-08-12 00:25:07,565 [grpc-default-executor-2] INFO  impl.RoleInfo (RoleInfo.java:updateAndGet(130)) - ef23a805-c360-46f9-a5ff-61453c052e9c: start ef23a805-c360-46f9-a5ff-61453c052e9c@group-427675ACF13C-FollowerState
2021-08-12 00:25:07,566 [ef23a805-c360-46f9-a5ff-61453c052e9c@group-427675ACF13C-FollowerState] INFO  impl.FollowerState (FollowerState.java:run(143)) - ef23a805-c360-46f9-a5ff-61453c052e9c@group-427675ACF13C-FollowerState was interrupted: {}
java.lang.InterruptedException: sleep interrupted
	at java.lang.Thread.sleep(Native Method)
	at java.lang.Thread.sleep(Thread.java:340)
	at java.util.concurrent.TimeUnit.sleep(TimeUnit.java:386)
	at org.apache.ratis.util.TimeDuration.sleep(TimeDuration.java:324)
	at org.apache.ratis.util.TimeDuration.sleep(TimeDuration.java:309)
	at org.apache.ratis.server.impl.FollowerState.run(FollowerState.java:118)
2021-08-12 00:25:07,578 [grpc-default-executor-2] INFO  server.RaftServer$Division (RaftServerImpl.java:requestVote(1075)) - ef23a805-c360-46f9-a5ff-61453c052e9c@group-427675ACF13C replies to ELECTION vote request: 5b202ae5-680d-43fe-be69-63ca12314317<-ef23a805-c360-46f9-a5ff-61453c052e9c#0:OK-t1. Peer's state: ef23a805-c360-46f9-a5ff-61453c052e9c@group-427675ACF13C:t1, leader=null, voted=5b202ae5-680d-43fe-be69-63ca12314317, raftlog=ef23a805-c360-46f9-a5ff-61453c052e9c@group-427675ACF13C-SegmentedRaftLog:OPENED:c-1,f-1,i0, conf=-1: [c2eb00da-4d4a-4ac5-8b23-45ecd8b85c7f|rpc:10.1.0.56:41045|dataStream:|priority:0, 5b202ae5-680d-43fe-be69-63ca12314317|rpc:10.1.0.56:39647|dataStream:|priority:1, ef23a805-c360-46f9-a5ff-61453c052e9c|rpc:10.1.0.56:45291|dataStream:|priority:0], old=null
2021-08-12 00:25:07,589 [grpc-default-executor-3] INFO  server.RaftServer$Division (RaftServerImpl.java:requestVote(1075)) - c2eb00da-4d4a-4ac5-8b23-45ecd8b85c7f@group-427675ACF13C replies to ELECTION vote request: 5b202ae5-680d-43fe-be69-63ca12314317<-c2eb00da-4d4a-4ac5-8b23-45ecd8b85c7f#0:OK-t1. Peer's state: c2eb00da-4d4a-4ac5-8b23-45ecd8b85c7f@group-427675ACF13C:t1, leader=null, voted=5b202ae5-680d-43fe-be69-63ca12314317, raftlog=c2eb00da-4d4a-4ac5-8b23-45ecd8b85c7f@group-427675ACF13C-SegmentedRaftLog:OPENED:c-1,f-1,i0, conf=-1: [c2eb00da-4d4a-4ac5-8b23-45ecd8b85c7f|rpc:10.1.0.56:41045|dataStream:|priority:0, 5b202ae5-680d-43fe-be69-63ca12314317|rpc:10.1.0.56:39647|dataStream:|priority:1, ef23a805-c360-46f9-a5ff-61453c052e9c|rpc:10.1.0.56:45291|dataStream:|priority:0], old=null
2021-08-12 00:25:07,589 [c2eb00da-4d4a-4ac5-8b23-45ecd8b85c7f@group-427675ACF13C-FollowerState] INFO  impl.FollowerState (FollowerState.java:run(134)) - c2eb00da-4d4a-4ac5-8b23-45ecd8b85c7f@group-427675ACF13C-FollowerState: change to CANDIDATE, lastRpcElapsedTime:5249621964ns, electionTimeout:5191ms
2021-08-12 00:25:07,592 [5b202ae5-680d-43fe-be69-63ca12314317@group-427675ACF13C-LeaderElection29] INFO  impl.LeaderElection (LeaderElection.java:logAndReturn(89)) - 5b202ae5-680d-43fe-be69-63ca12314317@group-427675ACF13C-LeaderElection29: ELECTION PASSED received 1 response(s) and 0 exception(s):
2021-08-12 00:25:07,592 [5b202ae5-680d-43fe-be69-63ca12314317@group-427675ACF13C-LeaderElection29] INFO  impl.LeaderElection (LeaderElection.java:logAndReturn(93)) -   Response 0: 5b202ae5-680d-43fe-be69-63ca12314317<-ef23a805-c360-46f9-a5ff-61453c052e9c#0:OK-t1
2021-08-12 00:25:07,592 [5b202ae5-680d-43fe-be69-63ca12314317@group-427675ACF13C-LeaderElection29] INFO  impl.LeaderElection (LeaderElection.java:askForVotes(308)) - 5b202ae5-680d-43fe-be69-63ca12314317@group-427675ACF13C-LeaderElection29 ELECTION round 0: result PASSED
2021-08-12 00:25:07,592 [5b202ae5-680d-43fe-be69-63ca12314317@group-427675ACF13C-LeaderElection29] INFO  impl.RoleInfo (RoleInfo.java:shutdownLeaderElection(121)) - 5b202ae5-680d-43fe-be69-63ca12314317: shutdown 5b202ae5-680d-43fe-be69-63ca12314317@group-427675ACF13C-LeaderElection29
2021-08-12 00:25:07,592 [5b202ae5-680d-43fe-be69-63ca12314317@group-427675ACF13C-LeaderElection29] INFO  server.RaftServer$Division (RaftServerImpl.java:setRole(285)) - 5b202ae5-680d-43fe-be69-63ca12314317@group-427675ACF13C: changes role from CANDIDATE to LEADER at term 1 for changeToLeader
2021-08-12 00:25:07,592 [5b202ae5-680d-43fe-be69-63ca12314317@group-427675ACF13C-LeaderElection29] INFO  ratis.XceiverServerRatis (XceiverServerRatis.java:handleLeaderChangedNotification(861)) - Leader change notification received for group: group-427675ACF13C with new leaderId: 5b202ae5-680d-43fe-be69-63ca12314317
2021-08-12 00:25:07,592 [5b202ae5-680d-43fe-be69-63ca12314317@group-427675ACF13C-LeaderElection29] INFO  server.RaftServer$Division (ServerState.java:setLeader(285)) - 5b202ae5-680d-43fe-be69-63ca12314317@group-427675ACF13C: change Leader from null to 5b202ae5-680d-43fe-be69-63ca12314317 at term 1 for becomeLeader, leader elected after 5342ms
2021-08-12 00:25:07,592 [5b202ae5-680d-43fe-be69-63ca12314317@group-427675ACF13C-LeaderElection29] INFO  server.RaftServerConfigKeys (ConfUtils.java:logGet(44)) - raft.server.staging.catchup.gap = 1000 (default)
2021-08-12 00:25:07,593 [5b202ae5-680d-43fe-be69-63ca12314317@group-427675ACF13C-LeaderElection29] INFO  server.RaftServerConfigKeys (ConfUtils.java:logGet(44)) - raft.server.write.element-limit = 1024 (custom)
2021-08-12 00:25:07,593 [5b202ae5-680d-43fe-be69-63ca12314317@group-427675ACF13C-LeaderElection29] INFO  server.RaftServerConfigKeys (ConfUtils.java:logGet(44)) - raft.server.write.byte-limit = 1024 M (=1073741824) (custom)
2021-08-12 00:25:07,596 [Datanode State Machine Thread - 0] WARN  statemachine.StateContext (StateContext.java:execute(621)) - No available thread in pool for past 1 seconds.
2021-08-12 00:25:07,598 [EventQueue-PipelineReportForPipelineReportHandler] INFO  pipeline.PipelineManagerImpl (PipelineManagerImpl.java:openPipeline(283)) - Pipeline Pipeline[ Id: fbb95fc7-d228-40f1-b0e7-427675acf13c, Nodes: c2eb00da-4d4a-4ac5-8b23-45ecd8b85c7f{ip: 10.1.0.56, host: fv-az50-214.grzltbmokehuzjyc5b133kdqgh.cx.internal.cloudapp.net, ports: [REPLICATION=34579, RATIS=41045, RATIS_ADMIN=41045, RATIS_SERVER=41045, STANDALONE=33705], networkLocation: /default-rack, certSerialId: null, persistedOpState: IN_SERVICE, persistedOpStateExpiryEpochSec: 0}5b202ae5-680d-43fe-be69-63ca12314317{ip: 10.1.0.56, host: fv-az50-214.grzltbmokehuzjyc5b133kdqgh.cx.internal.cloudapp.net, ports: [REPLICATION=36277, RATIS=39647, RATIS_ADMIN=39647, RATIS_SERVER=39647, STANDALONE=39917], networkLocation: /default-rack, certSerialId: null, persistedOpState: IN_SERVICE, persistedOpStateExpiryEpochSec: 0}ef23a805-c360-46f9-a5ff-61453c052e9c{ip: 10.1.0.56, host: fv-az50-214.grzltbmokehuzjyc5b133kdqgh.cx.internal.cloudapp.net, ports: [REPLICATION=37223, RATIS=45291, RATIS_ADMIN=45291, RATIS_SERVER=45291, STANDALONE=37595], networkLocation: /default-rack, certSerialId: null, persistedOpState: IN_SERVICE, persistedOpStateExpiryEpochSec: 0}, ReplicationConfig: RATIS/THREE, State:ALLOCATED, leaderId:5b202ae5-680d-43fe-be69-63ca12314317, CreationTimestamp2021-08-12T00:25:00.398Z[Etc/UTC]] moved to OPEN state
2021-08-12 00:25:07,598 [EventQueue-OpenPipelineForHealthyPipelineSafeModeRule] INFO  safemode.SCMSafeModeManager (HealthyPipelineSafeModeRule.java:process(124)) - SCM in safe mode. Healthy pipelines reported count is 0, required healthy pipeline reported count is 1
2021-08-12 00:25:07,598 [EventQueue-OpenPipelineForHealthyPipelineSafeModeRule] INFO  safemode.SCMSafeModeManager (HealthyPipelineSafeModeRule.java:process(124)) - SCM in safe mode. Healthy pipelines reported count is 1, required healthy pipeline reported count is 1
2021-08-12 00:25:07,598 [EventQueue-OpenPipelineForHealthyPipelineSafeModeRule] INFO  safemode.SCMSafeModeManager (SCMSafeModeManager.java:validateSafeModeExitRules(204)) - HealthyPipelineSafeModeRule rule is successfully validated
2021-08-12 00:25:07,598 [EventQueue-OpenPipelineForHealthyPipelineSafeModeRule] INFO  safemode.SCMSafeModeManager (SCMSafeModeManager.java:validateSafeModeExitRules(219)) - ScmSafeModeManager, all rules are successfully validated
2021-08-12 00:25:07,598 [EventQueue-OpenPipelineForHealthyPipelineSafeModeRule] INFO  safemode.SCMSafeModeManager (SCMSafeModeManager.java:exitSafeMode(248)) - SCM exiting safe mode.
2021-08-12 00:25:07,598 [EventQueue-OpenPipelineForHealthyPipelineSafeModeRule] WARN  events.EventQueue (EventQueue.java:fireEvent(194)) - No event handler registered for event TypedEvent{payloadType=SafeModeStatus, name='Safe mode status'}
2021-08-12 00:25:07,598 [EventQueue-OpenPipelineForHealthyPipelineSafeModeRule] INFO  ha.SCMContext (SCMContext.java:updateSafeModeStatus(205)) - Update SafeModeStatus from SafeModeStatus{safeModeStatus=true, preCheckPassed=true} to SafeModeStatus{safeModeStatus=false, preCheckPassed=true}.
2021-08-12 00:25:07,598 [EventQueue-OpenPipelineForHealthyPipelineSafeModeRule] INFO  pipeline.BackgroundPipelineCreator (BackgroundPipelineCreatorV2.java:notifyStatusChanged(264)) - Service BackgroundPipelineCreator transitions to RUNNING.
2021-08-12 00:25:07,599 [EventQueue-OpenPipelineForHealthyPipelineSafeModeRule] INFO  container.ReplicationManager (ReplicationManager.java:notifyStatusChanged(1679)) - Service ReplicationManager transitions to RUNNING.
2021-08-12 00:25:07,608 [c2eb00da-4d4a-4ac5-8b23-45ecd8b85c7f@group-427675ACF13C-FollowerState] INFO  impl.RoleInfo (RoleInfo.java:shutdownFollowerState(108)) - c2eb00da-4d4a-4ac5-8b23-45ecd8b85c7f: shutdown c2eb00da-4d4a-4ac5-8b23-45ecd8b85c7f@group-427675ACF13C-FollowerState
2021-08-12 00:25:07,608 [c2eb00da-4d4a-4ac5-8b23-45ecd8b85c7f@group-427675ACF13C-FollowerState] INFO  impl.FollowerState (FollowerState.java:run(143)) - c2eb00da-4d4a-4ac5-8b23-45ecd8b85c7f@group-427675ACF13C-FollowerState was interrupted: {}
java.lang.InterruptedException: sleep interrupted
	at java.lang.Thread.sleep(Native Method)
	at java.lang.Thread.sleep(Thread.java:340)
	at java.util.concurrent.TimeUnit.sleep(TimeUnit.java:386)
	at org.apache.ratis.util.TimeDuration.sleep(TimeDuration.java:324)
	at org.apache.ratis.util.TimeDuration.sleep(TimeDuration.java:309)
	at org.apache.ratis.server.impl.FollowerState.run(FollowerState.java:118)
2021-08-12 00:25:07,608 [c2eb00da-4d4a-4ac5-8b23-45ecd8b85c7f@group-427675ACF13C-FollowerState] INFO  server.RaftServer$Division (RaftServerImpl.java:setRole(285)) - c2eb00da-4d4a-4ac5-8b23-45ecd8b85c7f@group-427675ACF13C: changes role from  FOLLOWER to CANDIDATE at term 1 for changeToCandidate
2021-08-12 00:25:07,619 [c2eb00da-4d4a-4ac5-8b23-45ecd8b85c7f@group-427675ACF13C-FollowerState] INFO  server.RaftServerConfigKeys (ConfUtils.java:logGet(44)) - raft.server.leaderelection.pre-vote = false (custom)
2021-08-12 00:25:07,619 [c2eb00da-4d4a-4ac5-8b23-45ecd8b85c7f@group-427675ACF13C-FollowerState] INFO  impl.RoleInfo (RoleInfo.java:updateAndGet(130)) - c2eb00da-4d4a-4ac5-8b23-45ecd8b85c7f: start c2eb00da-4d4a-4ac5-8b23-45ecd8b85c7f@group-427675ACF13C-LeaderElection30
2021-08-12 00:25:07,662 [5b202ae5-680d-43fe-be69-63ca12314317@group-427675ACF13C-LeaderElection29] INFO  server.RaftServerConfigKeys (ConfUtils.java:logGet(44)) - raft.server.watch.timeout = 3000ms (custom)
2021-08-12 00:25:07,662 [5b202ae5-680d-43fe-be69-63ca12314317@group-427675ACF13C-LeaderElection29] INFO  server.RaftServerConfigKeys (ConfUtils.java:logGet(44)) - raft.server.watch.timeout.denomination = 1s (default)
2021-08-12 00:25:07,662 [5b202ae5-680d-43fe-be69-63ca12314317@group-427675ACF13C-LeaderElection29] INFO  server.RaftServerConfigKeys (ConfUtils.java:logGet(44)) - raft.server.watch.element-limit = 65536 (default)
2021-08-12 00:25:07,662 [5b202ae5-680d-43fe-be69-63ca12314317@group-427675ACF13C-LeaderElection29] INFO  server.RaftServerConfigKeys (ConfUtils.java:logGet(44)) - raft.server.log.appender.snapshot.chunk.size.max = 16MB (=16777216) (default)
2021-08-12 00:25:07,662 [5b202ae5-680d-43fe-be69-63ca12314317@group-427675ACF13C-LeaderElection29] INFO  server.RaftServerConfigKeys (ConfUtils.java:logGet(44)) - raft.server.log.appender.buffer.byte-limit = 33554432 (custom)
2021-08-12 00:25:07,662 [5b202ae5-680d-43fe-be69-63ca12314317@group-427675ACF13C-LeaderElection29] INFO  server.RaftServerConfigKeys (ConfUtils.java:logGet(44)) - raft.server.log.appender.buffer.element-limit = 1 (custom)
2021-08-12 00:25:07,663 [5b202ae5-680d-43fe-be69-63ca12314317@group-427675ACF13C-LeaderElection29] INFO  grpc.GrpcConfigKeys (ConfUtils.java:logGet(44)) - raft.grpc.server.leader.outstanding.appends.max = 128 (default)
2021-08-12 00:25:07,663 [5b202ae5-680d-43fe-be69-63ca12314317@group-427675ACF13C-LeaderElection29] INFO  server.RaftServerConfigKeys (ConfUtils.java:logGet(44)) - raft.server.rpc.request.timeout = 3000ms (default)
2021-08-12 00:25:07,663 [5b202ae5-680d-43fe-be69-63ca12314317@group-427675ACF13C-LeaderElection29] INFO  server.RaftServerConfigKeys (ConfUtils.java:logGet(44)) - raft.server.log.appender.install.snapshot.enabled = false (custom)
2021-08-12 00:25:07,664 [5b202ae5-680d-43fe-be69-63ca12314317@group-427675ACF13C-LeaderElection29] INFO  server.RaftServerConfigKeys (ConfUtils.java:logGet(44)) - raft.server.log.appender.snapshot.chunk.size.max = 16MB (=16777216) (default)
2021-08-12 00:25:07,664 [5b202ae5-680d-43fe-be69-63ca12314317@group-427675ACF13C-LeaderElection29] INFO  server.RaftServerConfigKeys (ConfUtils.java:logGet(44)) - raft.server.log.appender.buffer.byte-limit = 33554432 (custom)
2021-08-12 00:25:07,664 [5b202ae5-680d-43fe-be69-63ca12314317@group-427675ACF13C-LeaderElection29] INFO  server.RaftServerConfigKeys (ConfUtils.java:logGet(44)) - raft.server.log.appender.buffer.element-limit = 1 (custom)
2021-08-12 00:25:07,666 [5b202ae5-680d-43fe-be69-63ca12314317@group-427675ACF13C-LeaderElection29] INFO  grpc.GrpcConfigKeys (ConfUtils.java:logGet(44)) - raft.grpc.server.leader.outstanding.appends.max = 128 (default)
2021-08-12 00:25:07,666 [5b202ae5-680d-43fe-be69-63ca12314317@group-427675ACF13C-LeaderElection29] INFO  server.RaftServerConfigKeys (ConfUtils.java:logGet(44)) - raft.server.rpc.request.timeout = 3000ms (default)
2021-08-12 00:25:07,666 [5b202ae5-680d-43fe-be69-63ca12314317@group-427675ACF13C-LeaderElection29] INFO  server.RaftServerConfigKeys (ConfUtils.java:logGet(44)) - raft.server.log.appender.install.snapshot.enabled = false (custom)
2021-08-12 00:25:07,667 [5b202ae5-680d-43fe-be69-63ca12314317@group-427675ACF13C-LeaderElection29] INFO  impl.RoleInfo (RoleInfo.java:updateAndGet(130)) - 5b202ae5-680d-43fe-be69-63ca12314317: start 5b202ae5-680d-43fe-be69-63ca12314317@group-427675ACF13C-LeaderStateImpl
2021-08-12 00:25:07,669 [5b202ae5-680d-43fe-be69-63ca12314317@group-427675ACF13C-LeaderElection29] INFO  segmented.SegmentedRaftLogWorker (SegmentedRaftLogWorker.java:startLogSegment(394)) - 5b202ae5-680d-43fe-be69-63ca12314317@group-427675ACF13C-SegmentedRaftLogWorker: Starting segment from index:0
2021-08-12 00:25:07,672 [c2eb00da-4d4a-4ac5-8b23-45ecd8b85c7f@group-427675ACF13C-LeaderElection30] INFO  impl.LeaderElection (LeaderElection.java:askForVotes(306)) - c2eb00da-4d4a-4ac5-8b23-45ecd8b85c7f@group-427675ACF13C-LeaderElection30 ELECTION round 0: submit vote requests at term 2 for -1: [c2eb00da-4d4a-4ac5-8b23-45ecd8b85c7f|rpc:10.1.0.56:41045|dataStream:|priority:0, 5b202ae5-680d-43fe-be69-63ca12314317|rpc:10.1.0.56:39647|dataStream:|priority:1, ef23a805-c360-46f9-a5ff-61453c052e9c|rpc:10.1.0.56:45291|dataStream:|priority:0], old=null
2021-08-12 00:25:07,672 [5b202ae5-680d-43fe-be69-63ca12314317@group-427675ACF13C-SegmentedRaftLogWorker] INFO  segmented.SegmentedRaftLogWorker (SegmentedRaftLogWorker.java:execute(601)) - 5b202ae5-680d-43fe-be69-63ca12314317@group-427675ACF13C-SegmentedRaftLogWorker: created new log segment /home/runner/work/ozone/ozone/hadoop-ozone/integration-test/target/test-dir/MiniOzoneClusterImpl-a42b6446-58ec-43bb-8d59-9c3f88cf101c/datanode-0/data/ratis/fbb95fc7-d228-40f1-b0e7-427675acf13c/current/log_inprogress_0
2021-08-12 00:25:07,706 [5b202ae5-680d-43fe-be69-63ca12314317@group-427675ACF13C-LeaderElection29] INFO  server.RaftServer$Division (ServerState.java:setRaftConf(387)) - 5b202ae5-680d-43fe-be69-63ca12314317@group-427675ACF13C: set configuration 0: [c2eb00da-4d4a-4ac5-8b23-45ecd8b85c7f|rpc:10.1.0.56:41045|dataStream:|priority:0, 5b202ae5-680d-43fe-be69-63ca12314317|rpc:10.1.0.56:39647|dataStream:|priority:1, ef23a805-c360-46f9-a5ff-61453c052e9c|rpc:10.1.0.56:45291|dataStream:|priority:0], old=null
2021-08-12 00:25:07,816 [5b202ae5-680d-43fe-be69-63ca12314317@group-427675ACF13C-LeaderStateImpl] INFO  server.RaftServer$Division (ServerState.java:setLeader(285)) - 5b202ae5-680d-43fe-be69-63ca12314317@group-427675ACF13C: change Leader from 5b202ae5-680d-43fe-be69-63ca12314317 to null at term 2 for updateCurrentTerm
2021-08-12 00:25:07,817 [5b202ae5-680d-43fe-be69-63ca12314317@group-427675ACF13C-LeaderStateImpl] INFO  server.RaftServer$Division (RaftServerImpl.java:setRole(285)) - 5b202ae5-680d-43fe-be69-63ca12314317@group-427675ACF13C: changes role from    LEADER to FOLLOWER at term 2 for StepDownReason:HIGHER_TERM
2021-08-12 00:25:07,817 [5b202ae5-680d-43fe-be69-63ca12314317@group-427675ACF13C-LeaderStateImpl] INFO  impl.RoleInfo (RoleInfo.java:shutdownLeaderState(91)) - 5b202ae5-680d-43fe-be69-63ca12314317: shutdown 5b202ae5-680d-43fe-be69-63ca12314317@group-427675ACF13C-LeaderStateImpl
2021-08-12 00:25:07,817 [5b202ae5-680d-43fe-be69-63ca12314317@group-427675ACF13C-LeaderStateImpl] INFO  impl.PendingRequests (PendingRequests.java:sendNotLeaderResponses(282)) - 5b202ae5-680d-43fe-be69-63ca12314317@group-427675ACF13C-PendingRequests: sendNotLeaderResponses
2021-08-12 00:25:07,817 [5b202ae5-680d-43fe-be69-63ca12314317@group-427675ACF13C-LeaderStateImpl] INFO  impl.RoleInfo (RoleInfo.java:updateAndGet(130)) - 5b202ae5-680d-43fe-be69-63ca12314317: start 5b202ae5-680d-43fe-be69-63ca12314317@group-427675ACF13C-FollowerState
2021-08-12 00:25:07,818 [grpc-default-executor-2] INFO  server.RaftServer$Division (RaftServerImpl.java:requestVote(1043)) - 5b202ae5-680d-43fe-be69-63ca12314317@group-427675ACF13C: receive requestVote(ELECTION, c2eb00da-4d4a-4ac5-8b23-45ecd8b85c7f, group-427675ACF13C, 2, (t:0, i:0))
2021-08-12 00:25:07,819 [grpc-default-executor-1] INFO  ratis.XceiverServerRatis (XceiverServerRatis.java:handleLeaderChangedNotification(861)) - Leader change notification received for group: group-427675ACF13C with new leaderId: 5b202ae5-680d-43fe-be69-63ca12314317
2021-08-12 00:25:07,819 [grpc-default-executor-1] INFO  server.RaftServer$Division (ServerState.java:setLeader(285)) - ef23a805-c360-46f9-a5ff-61453c052e9c@group-427675ACF13C: change Leader from null to 5b202ae5-680d-43fe-be69-63ca12314317 at term 1 for appendEntries, leader elected after 5347ms
2021-08-12 00:25:07,830 [Listener at 127.0.0.1/46733] INFO  ozone.MiniOzoneClusterImpl (MiniOzoneClusterImpl.java:lambda$waitForClusterToBeReady$0(235)) - Nodes are ready. Got 9 of 9 DN Heartbeats.
2021-08-12 00:25:07,830 [Listener at 127.0.0.1/46733] INFO  ozone.MiniOzoneClusterImpl (MiniOzoneClusterImpl.java:lambda$waitForClusterToBeReady$0(238)) - Cluster exits safe mode
2021-08-12 00:25:07,830 [Listener at 127.0.0.1/46733] INFO  ozone.MiniOzoneClusterImpl (MiniOzoneClusterImpl.java:lambda$waitForClusterToBeReady$0(240)) - SCM became leader
2021-08-12 00:25:07,838 [grpc-default-executor-2] INFO  impl.VoteContext (VoteContext.java:log(48)) - 5b202ae5-680d-43fe-be69-63ca12314317@group-427675ACF13C-FOLLOWER: reject ELECTION from c2eb00da-4d4a-4ac5-8b23-45ecd8b85c7f: our last entry (t:1, i:0) > candidate's last entry (t:0, i:0)
2021-08-12 00:25:07,838 [grpc-default-executor-2] INFO  server.RaftServer$Division (RaftServerImpl.java:setRole(285)) - 5b202ae5-680d-43fe-be69-63ca12314317@group-427675ACF13C: changes role from  FOLLOWER to FOLLOWER at term 2 for candidate:c2eb00da-4d4a-4ac5-8b23-45ecd8b85c7f
2021-08-12 00:25:07,838 [grpc-default-executor-2] INFO  impl.RoleInfo (RoleInfo.java:shutdownFollowerState(108)) - 5b202ae5-680d-43fe-be69-63ca12314317: shutdown 5b202ae5-680d-43fe-be69-63ca12314317@group-427675ACF13C-FollowerState
2021-08-12 00:25:07,852 [grpc-default-executor-3] INFO  server.GrpcServerProtocolService (GrpcServerProtocolService.java:onCompleted(140)) - c2eb00da-4d4a-4ac5-8b23-45ecd8b85c7f: Completed APPEND_ENTRIES, lastRequest: 5b202ae5-680d-43fe-be69-63ca12314317->c2eb00da-4d4a-4ac5-8b23-45ecd8b85c7f#1-t1,previous=(t:0, i:0),leaderCommit=0,initializing? true,entries: size=1, first=(t:1, i:0), CONFIGURATIONENTRY
2021-08-12 00:25:07,860 [c2eb00da-4d4a-4ac5-8b23-45ecd8b85c7f@group-594D4EA65469-FollowerState] INFO  impl.FollowerState (FollowerState.java:run(134)) - c2eb00da-4d4a-4ac5-8b23-45ecd8b85c7f@group-594D4EA65469-FollowerState: change to CANDIDATE, lastRpcElapsedTime:5089598804ns, electionTimeout:5083ms
2021-08-12 00:25:07,860 [c2eb00da-4d4a-4ac5-8b23-45ecd8b85c7f@group-594D4EA65469-FollowerState] INFO  impl.RoleInfo (RoleInfo.java:shutdownFollowerState(108)) - c2eb00da-4d4a-4ac5-8b23-45ecd8b85c7f: shutdown c2eb00da-4d4a-4ac5-8b23-45ecd8b85c7f@group-594D4EA65469-FollowerState
2021-08-12 00:25:07,860 [c2eb00da-4d4a-4ac5-8b23-45ecd8b85c7f@group-594D4EA65469-FollowerState] INFO  server.RaftServer$Division (RaftServerImpl.java:setRole(285)) - c2eb00da-4d4a-4ac5-8b23-45ecd8b85c7f@group-594D4EA65469: changes role from  FOLLOWER to CANDIDATE at term 0 for changeToCandidate
2021-08-12 00:25:07,861 [c2eb00da-4d4a-4ac5-8b23-45ecd8b85c7f@group-594D4EA65469-FollowerState] INFO  server.RaftServerConfigKeys (ConfUtils.java:logGet(44)) - raft.server.leaderelection.pre-vote = false (custom)
2021-08-12 00:25:07,861 [c2eb00da-4d4a-4ac5-8b23-45ecd8b85c7f@group-594D4EA65469-FollowerState] INFO  impl.RoleInfo (RoleInfo.java:updateAndGet(130)) - c2eb00da-4d4a-4ac5-8b23-45ecd8b85c7f: start c2eb00da-4d4a-4ac5-8b23-45ecd8b85c7f@group-594D4EA65469-LeaderElection31
2021-08-12 00:25:07,866 [grpc-default-executor-2] INFO  impl.RoleInfo (RoleInfo.java:updateAndGet(130)) - 5b202ae5-680d-43fe-be69-63ca12314317: start 5b202ae5-680d-43fe-be69-63ca12314317@group-427675ACF13C-FollowerState
2021-08-12 00:25:07,866 [5b202ae5-680d-43fe-be69-63ca12314317@group-427675ACF13C-FollowerState] INFO  impl.FollowerState (FollowerState.java:run(143)) - 5b202ae5-680d-43fe-be69-63ca12314317@group-427675ACF13C-FollowerState was interrupted: {}
java.lang.InterruptedException: sleep interrupted
	at java.lang.Thread.sleep(Native Method)
	at java.lang.Thread.sleep(Thread.java:340)
	at java.util.concurrent.TimeUnit.sleep(TimeUnit.java:386)
	at org.apache.ratis.util.TimeDuration.sleep(TimeDuration.java:324)
	at org.apache.ratis.util.TimeDuration.sleep(TimeDuration.java:309)
	at org.apache.ratis.server.impl.FollowerState.run(FollowerState.java:118)
2021-08-12 00:25:07,897 [grpc-default-executor-2] INFO  server.RaftServer$Division (RaftServerImpl.java:requestVote(1075)) - 5b202ae5-680d-43fe-be69-63ca12314317@group-427675ACF13C replies to ELECTION vote request: c2eb00da-4d4a-4ac5-8b23-45ecd8b85c7f<-5b202ae5-680d-43fe-be69-63ca12314317#0:FAIL-t2. Peer's state: 5b202ae5-680d-43fe-be69-63ca12314317@group-427675ACF13C:t2, leader=null, voted=null, raftlog=5b202ae5-680d-43fe-be69-63ca12314317@group-427675ACF13C-SegmentedRaftLog:OPENED:c0,f0,i0, conf=0: [c2eb00da-4d4a-4ac5-8b23-45ecd8b85c7f|rpc:10.1.0.56:41045|dataStream:|priority:0, 5b202ae5-680d-43fe-be69-63ca12314317|rpc:10.1.0.56:39647|dataStream:|priority:1, ef23a805-c360-46f9-a5ff-61453c052e9c|rpc:10.1.0.56:45291|dataStream:|priority:0], old=null
2021-08-12 00:25:07,899 [grpc-default-executor-0] INFO  server.RaftServer$Division (RaftServerImpl.java:requestVote(1043)) - ef23a805-c360-46f9-a5ff-61453c052e9c@group-427675ACF13C: receive requestVote(ELECTION, c2eb00da-4d4a-4ac5-8b23-45ecd8b85c7f, group-427675ACF13C, 2, (t:0, i:0))
2021-08-12 00:25:07,899 [grpc-default-executor-0] INFO  impl.VoteContext (VoteContext.java:log(48)) - ef23a805-c360-46f9-a5ff-61453c052e9c@group-427675ACF13C-FOLLOWER: accept ELECTION from c2eb00da-4d4a-4ac5-8b23-45ecd8b85c7f: our priority 0 <= candidate's priority 0
2021-08-12 00:25:07,899 [grpc-default-executor-0] INFO  server.RaftServer$Division (ServerState.java:setLeader(285)) - ef23a805-c360-46f9-a5ff-61453c052e9c@group-427675ACF13C: change Leader from 5b202ae5-680d-43fe-be69-63ca12314317 to null at term 2 for updateCurrentTerm
2021-08-12 00:25:07,900 [grpc-default-executor-0] INFO  server.RaftServer$Division (RaftServerImpl.java:setRole(285)) - ef23a805-c360-46f9-a5ff-61453c052e9c@group-427675ACF13C: changes role from  FOLLOWER to FOLLOWER at term 2 for candidate:c2eb00da-4d4a-4ac5-8b23-45ecd8b85c7f
2021-08-12 00:25:07,900 [grpc-default-executor-0] INFO  impl.RoleInfo (RoleInfo.java:shutdownFollowerState(108)) - ef23a805-c360-46f9-a5ff-61453c052e9c: shutdown ef23a805-c360-46f9-a5ff-61453c052e9c@group-427675ACF13C-FollowerState
2021-08-12 00:25:07,900 [grpc-default-executor-0] INFO  impl.RoleInfo (RoleInfo.java:updateAndGet(130)) - ef23a805-c360-46f9-a5ff-61453c052e9c: start ef23a805-c360-46f9-a5ff-61453c052e9c@group-427675ACF13C-FollowerState
2021-08-12 00:25:07,901 [grpc-default-executor-4] INFO  server.GrpcLogAppender (GrpcLogAppender.java:onCompleted(344)) - 5b202ae5-680d-43fe-be69-63ca12314317@group-427675ACF13C->c2eb00da-4d4a-4ac5-8b23-45ecd8b85c7f-AppendLogResponseHandler: follower responses appendEntries COMPLETED
2021-08-12 00:25:07,901 [grpc-default-executor-4] INFO  leader.FollowerInfo (FollowerInfoImpl.java:lambda$new$0(46)) - 5b202ae5-680d-43fe-be69-63ca12314317@group-427675ACF13C->c2eb00da-4d4a-4ac5-8b23-45ecd8b85c7f: nextIndex: updateUnconditionally 1 -> 0
2021-08-12 00:25:07,901 [ef23a805-c360-46f9-a5ff-61453c052e9c@group-427675ACF13C-FollowerState] INFO  impl.FollowerState (FollowerState.java:run(143)) - ef23a805-c360-46f9-a5ff-61453c052e9c@group-427675ACF13C-FollowerState was interrupted: {}
java.lang.InterruptedException: sleep interrupted
	at java.lang.Thread.sleep(Native Method)
	at java.lang.Thread.sleep(Thread.java:340)
	at java.util.concurrent.TimeUnit.sleep(TimeUnit.java:386)
	at org.apache.ratis.util.TimeDuration.sleep(TimeDuration.java:324)
	at org.apache.ratis.util.TimeDuration.sleep(TimeDuration.java:309)
	at org.apache.ratis.server.impl.FollowerState.run(FollowerState.java:118)
2021-08-12 00:25:07,917 [grpc-default-executor-0] INFO  server.RaftServer$Division (RaftServerImpl.java:requestVote(1075)) - ef23a805-c360-46f9-a5ff-61453c052e9c@group-427675ACF13C replies to ELECTION vote request: c2eb00da-4d4a-4ac5-8b23-45ecd8b85c7f<-ef23a805-c360-46f9-a5ff-61453c052e9c#0:OK-t2. Peer's state: ef23a805-c360-46f9-a5ff-61453c052e9c@group-427675ACF13C:t2, leader=null, voted=c2eb00da-4d4a-4ac5-8b23-45ecd8b85c7f, raftlog=ef23a805-c360-46f9-a5ff-61453c052e9c@group-427675ACF13C-SegmentedRaftLog:OPENED:c-1,f-1,i0, conf=-1: [c2eb00da-4d4a-4ac5-8b23-45ecd8b85c7f|rpc:10.1.0.56:41045|dataStream:|priority:0, 5b202ae5-680d-43fe-be69-63ca12314317|rpc:10.1.0.56:39647|dataStream:|priority:1, ef23a805-c360-46f9-a5ff-61453c052e9c|rpc:10.1.0.56:45291|dataStream:|priority:0], old=null
2021-08-12 00:25:07,917 [c2eb00da-4d4a-4ac5-8b23-45ecd8b85c7f@group-594D4EA65469-LeaderElection31] INFO  impl.LeaderElection (LeaderElection.java:askForVotes(306)) - c2eb00da-4d4a-4ac5-8b23-45ecd8b85c7f@group-594D4EA65469-LeaderElection31 ELECTION round 0: submit vote requests at term 1 for -1: [c2eb00da-4d4a-4ac5-8b23-45ecd8b85c7f|rpc:10.1.0.56:41045|priority:1], old=null
2021-08-12 00:25:07,917 [c2eb00da-4d4a-4ac5-8b23-45ecd8b85c7f@group-594D4EA65469-LeaderElection31] INFO  impl.LeaderElection (LeaderElection.java:askForVotes(308)) - c2eb00da-4d4a-4ac5-8b23-45ecd8b85c7f@group-594D4EA65469-LeaderElection31 ELECTION round 0: result PASSED (term=1)
2021-08-12 00:25:07,917 [c2eb00da-4d4a-4ac5-8b23-45ecd8b85c7f@group-594D4EA65469-LeaderElection31] INFO  impl.RoleInfo (RoleInfo.java:shutdownLeaderElection(121)) - c2eb00da-4d4a-4ac5-8b23-45ecd8b85c7f: shutdown c2eb00da-4d4a-4ac5-8b23-45ecd8b85c7f@group-594D4EA65469-LeaderElection31
2021-08-12 00:25:07,917 [c2eb00da-4d4a-4ac5-8b23-45ecd8b85c7f@group-594D4EA65469-LeaderElection31] INFO  server.RaftServer$Division (RaftServerImpl.java:setRole(285)) - c2eb00da-4d4a-4ac5-8b23-45ecd8b85c7f@group-594D4EA65469: changes role from CANDIDATE to LEADER at term 1 for changeToLeader
2021-08-12 00:25:07,917 [c2eb00da-4d4a-4ac5-8b23-45ecd8b85c7f@group-594D4EA65469-LeaderElection31] INFO  ratis.XceiverServerRatis (XceiverServerRatis.java:handleLeaderChangedNotification(861)) - Leader change notification received for group: group-594D4EA65469 with new leaderId: c2eb00da-4d4a-4ac5-8b23-45ecd8b85c7f
2021-08-12 00:25:07,917 [c2eb00da-4d4a-4ac5-8b23-45ecd8b85c7f@group-594D4EA65469-LeaderElection31] INFO  server.RaftServer$Division (ServerState.java:setLeader(285)) - c2eb00da-4d4a-4ac5-8b23-45ecd8b85c7f@group-594D4EA65469: change Leader from null to c2eb00da-4d4a-4ac5-8b23-45ecd8b85c7f at term 1 for becomeLeader, leader elected after 5164ms
2021-08-12 00:25:07,917 [c2eb00da-4d4a-4ac5-8b23-45ecd8b85c7f@group-594D4EA65469-LeaderElection31] INFO  server.RaftServerConfigKeys (ConfUtils.java:logGet(44)) - raft.server.staging.catchup.gap = 1000 (default)
2021-08-12 00:25:07,918 [c2eb00da-4d4a-4ac5-8b23-45ecd8b85c7f@group-594D4EA65469-LeaderElection31] INFO  server.RaftServerConfigKeys (ConfUtils.java:logGet(44)) - raft.server.write.element-limit = 1024 (custom)
2021-08-12 00:25:07,918 [c2eb00da-4d4a-4ac5-8b23-45ecd8b85c7f@group-427675ACF13C-LeaderElection30] INFO  impl.LeaderElection (LeaderElection.java:logAndReturn(89)) - c2eb00da-4d4a-4ac5-8b23-45ecd8b85c7f@group-427675ACF13C-LeaderElection30: ELECTION REJECTED received 1 response(s) and 0 exception(s):
2021-08-12 00:25:07,918 [c2eb00da-4d4a-4ac5-8b23-45ecd8b85c7f@group-427675ACF13C-LeaderElection30] INFO  impl.LeaderElection (LeaderElection.java:logAndReturn(93)) -   Response 0: c2eb00da-4d4a-4ac5-8b23-45ecd8b85c7f<-5b202ae5-680d-43fe-be69-63ca12314317#0:FAIL-t2
2021-08-12 00:25:07,918 [c2eb00da-4d4a-4ac5-8b23-45ecd8b85c7f@group-427675ACF13C-LeaderElection30] INFO  impl.LeaderElection (LeaderElection.java:askForVotes(308)) - c2eb00da-4d4a-4ac5-8b23-45ecd8b85c7f@group-427675ACF13C-LeaderElection30 ELECTION round 0: result REJECTED
2021-08-12 00:25:07,918 [c2eb00da-4d4a-4ac5-8b23-45ecd8b85c7f@group-427675ACF13C-LeaderElection30] INFO  server.RaftServer$Division (RaftServerImpl.java:setRole(285)) - c2eb00da-4d4a-4ac5-8b23-45ecd8b85c7f@group-427675ACF13C: changes role from CANDIDATE to FOLLOWER at term 2 for REJECTED
2021-08-12 00:25:07,918 [c2eb00da-4d4a-4ac5-8b23-45ecd8b85c7f@group-427675ACF13C-LeaderElection30] INFO  impl.RoleInfo (RoleInfo.java:shutdownLeaderElection(121)) - c2eb00da-4d4a-4ac5-8b23-45ecd8b85c7f: shutdown c2eb00da-4d4a-4ac5-8b23-45ecd8b85c7f@group-427675ACF13C-LeaderElection30
2021-08-12 00:25:07,918 [c2eb00da-4d4a-4ac5-8b23-45ecd8b85c7f@group-427675ACF13C-LeaderElection30] INFO  impl.RoleInfo (RoleInfo.java:updateAndGet(130)) - c2eb00da-4d4a-4ac5-8b23-45ecd8b85c7f: start c2eb00da-4d4a-4ac5-8b23-45ecd8b85c7f@group-427675ACF13C-FollowerState
2021-08-12 00:25:07,918 [c2eb00da-4d4a-4ac5-8b23-45ecd8b85c7f@group-594D4EA65469-LeaderElection31] INFO  server.RaftServerConfigKeys (ConfUtils.java:logGet(44)) - raft.server.write.byte-limit = 1024 M (=1073741824) (custom)
2021-08-12 00:25:07,918 [Datanode State Machine Thread - 0] WARN  statemachine.StateContext (StateContext.java:execute(621)) - No available thread in pool for past 1 seconds.
2021-08-12 00:25:07,918 [c2eb00da-4d4a-4ac5-8b23-45ecd8b85c7f@group-594D4EA65469-LeaderElection31] INFO  server.RaftServerConfigKeys (ConfUtils.java:logGet(44)) - raft.server.watch.timeout = 3000ms (custom)
2021-08-12 00:25:07,919 [c2eb00da-4d4a-4ac5-8b23-45ecd8b85c7f@group-594D4EA65469-LeaderElection31] INFO  server.RaftServerConfigKeys (ConfUtils.java:logGet(44)) - raft.server.watch.timeout.denomination = 1s (default)
2021-08-12 00:25:07,919 [c2eb00da-4d4a-4ac5-8b23-45ecd8b85c7f@group-594D4EA65469-LeaderElection31] INFO  server.RaftServerConfigKeys (ConfUtils.java:logGet(44)) - raft.server.watch.element-limit = 65536 (default)
2021-08-12 00:25:07,919 [c2eb00da-4d4a-4ac5-8b23-45ecd8b85c7f@group-594D4EA65469-LeaderElection31] INFO  impl.RoleInfo (RoleInfo.java:updateAndGet(130)) - c2eb00da-4d4a-4ac5-8b23-45ecd8b85c7f: start c2eb00da-4d4a-4ac5-8b23-45ecd8b85c7f@group-594D4EA65469-LeaderStateImpl
2021-08-12 00:25:07,919 [c2eb00da-4d4a-4ac5-8b23-45ecd8b85c7f@group-594D4EA65469-LeaderElection31] INFO  segmented.SegmentedRaftLogWorker (SegmentedRaftLogWorker.java:startLogSegment(394)) - c2eb00da-4d4a-4ac5-8b23-45ecd8b85c7f@group-594D4EA65469-SegmentedRaftLogWorker: Starting segment from index:0
2021-08-12 00:25:07,935 [grpc-default-executor-2] INFO  server.GrpcServerProtocolService (GrpcServerProtocolService.java:onCompleted(140)) - ef23a805-c360-46f9-a5ff-61453c052e9c: Completed APPEND_ENTRIES, lastRequest: 5b202ae5-680d-43fe-be69-63ca12314317->ef23a805-c360-46f9-a5ff-61453c052e9c#1-t1,previous=(t:0, i:0),leaderCommit=0,initializing? true,entries: size=1, first=(t:1, i:0), CONFIGURATIONENTRY
2021-08-12 00:25:07,937 [c2eb00da-4d4a-4ac5-8b23-45ecd8b85c7f@group-594D4EA65469-LeaderElection31] INFO  server.RaftServer$Division (ServerState.java:setRaftConf(387)) - c2eb00da-4d4a-4ac5-8b23-45ecd8b85c7f@group-594D4EA65469: set configuration 0: [c2eb00da-4d4a-4ac5-8b23-45ecd8b85c7f|rpc:10.1.0.56:41045|dataStream:|priority:1], old=null
2021-08-12 00:25:07,958 [grpc-default-executor-0] INFO  server.GrpcLogAppender (GrpcLogAppender.java:onCompleted(344)) - 5b202ae5-680d-43fe-be69-63ca12314317@group-427675ACF13C->ef23a805-c360-46f9-a5ff-61453c052e9c-AppendLogResponseHandler: follower responses appendEntries COMPLETED
2021-08-12 00:25:07,958 [grpc-default-executor-0] INFO  leader.FollowerInfo (FollowerInfoImpl.java:lambda$new$0(46)) - 5b202ae5-680d-43fe-be69-63ca12314317@group-427675ACF13C->ef23a805-c360-46f9-a5ff-61453c052e9c: nextIndex: updateUnconditionally 1 -> 0
2021-08-12 00:25:07,960 [Listener at 127.0.0.1/46733] INFO  rpc.RpcClient (RpcClient.java:createVolume(342)) - Creating Volume: watchforcommithandlingtest, with runner as owner and space quota set to -1 bytes, counts quota set to -1
2021-08-12 00:25:07,970 [c2eb00da-4d4a-4ac5-8b23-45ecd8b85c7f@group-594D4EA65469-SegmentedRaftLogWorker] INFO  segmented.SegmentedRaftLogWorker (SegmentedRaftLogWorker.java:execute(601)) - c2eb00da-4d4a-4ac5-8b23-45ecd8b85c7f@group-594D4EA65469-SegmentedRaftLogWorker: created new log segment /home/runner/work/ozone/ozone/hadoop-ozone/integration-test/target/test-dir/MiniOzoneClusterImpl-a42b6446-58ec-43bb-8d59-9c3f88cf101c/datanode-1/data/ratis/6b8ada74-73ff-4031-a801-594d4ea65469/current/log_inprogress_0
2021-08-12 00:25:07,980 [OM StateMachine ApplyTransaction Thread - 0] INFO  volume.OMVolumeCreateRequest (OMVolumeCreateRequest.java:validateAndUpdateCache(195)) - created volume:watchforcommithandlingtest for user:runner
2021-08-12 00:25:08,011 [Listener at 127.0.0.1/46733] INFO  rpc.RpcClient (RpcClient.java:createBucket(502)) - Creating Bucket: watchforcommithandlingtest/watchforcommithandlingtest, with Versioning false and Storage Type set to DISK and Encryption set to false 
2021-08-12 00:25:08,041 [Listener at 127.0.0.1/46733] INFO  ozone.MiniOzoneClusterImpl (MiniOzoneClusterImpl.java:getStorageContainerLocationClient(346)) - Creating StorageContainerLocationProtocol RPC client with address /0.0.0.0:43921
2021-08-12 00:25:08,067 [IPC Server handler 3 on default port 43921] INFO  ha.SequenceIdGenerator (SequenceIdGenerator.java:getNextId(127)) - Allocate a batch for containerId, change lastId from 0 to 1000.
2021-08-12 00:25:08,539 [ef23a805-c360-46f9-a5ff-61453c052e9c@group-BF10A166F694-FollowerState] INFO  impl.FollowerState (FollowerState.java:run(134)) - ef23a805-c360-46f9-a5ff-61453c052e9c@group-BF10A166F694-FollowerState: change to CANDIDATE, lastRpcElapsedTime:5111835624ns, electionTimeout:5092ms
2021-08-12 00:25:08,539 [ef23a805-c360-46f9-a5ff-61453c052e9c@group-BF10A166F694-FollowerState] INFO  impl.RoleInfo (RoleInfo.java:shutdownFollowerState(108)) - ef23a805-c360-46f9-a5ff-61453c052e9c: shutdown ef23a805-c360-46f9-a5ff-61453c052e9c@group-BF10A166F694-FollowerState
2021-08-12 00:25:08,539 [ef23a805-c360-46f9-a5ff-61453c052e9c@group-BF10A166F694-FollowerState] INFO  server.RaftServer$Division (RaftServerImpl.java:setRole(285)) - ef23a805-c360-46f9-a5ff-61453c052e9c@group-BF10A166F694: changes role from  FOLLOWER to CANDIDATE at term 0 for changeToCandidate
2021-08-12 00:25:08,541 [ef23a805-c360-46f9-a5ff-61453c052e9c@group-BF10A166F694-FollowerState] INFO  server.RaftServerConfigKeys (ConfUtils.java:logGet(44)) - raft.server.leaderelection.pre-vote = false (custom)
2021-08-12 00:25:08,541 [ef23a805-c360-46f9-a5ff-61453c052e9c@group-BF10A166F694-FollowerState] INFO  impl.RoleInfo (RoleInfo.java:updateAndGet(130)) - ef23a805-c360-46f9-a5ff-61453c052e9c: start ef23a805-c360-46f9-a5ff-61453c052e9c@group-BF10A166F694-LeaderElection32
2021-08-12 00:25:08,569 [ef23a805-c360-46f9-a5ff-61453c052e9c@group-BF10A166F694-LeaderElection32] INFO  impl.LeaderElection (LeaderElection.java:askForVotes(306)) - ef23a805-c360-46f9-a5ff-61453c052e9c@group-BF10A166F694-LeaderElection32 ELECTION round 0: submit vote requests at term 1 for -1: [ef23a805-c360-46f9-a5ff-61453c052e9c|rpc:10.1.0.56:45291|priority:1], old=null
2021-08-12 00:25:08,569 [ef23a805-c360-46f9-a5ff-61453c052e9c@group-BF10A166F694-LeaderElection32] INFO  impl.LeaderElection (LeaderElection.java:askForVotes(308)) - ef23a805-c360-46f9-a5ff-61453c052e9c@group-BF10A166F694-LeaderElection32 ELECTION round 0: result PASSED (term=1)
2021-08-12 00:25:08,569 [ef23a805-c360-46f9-a5ff-61453c052e9c@group-BF10A166F694-LeaderElection32] INFO  impl.RoleInfo (RoleInfo.java:shutdownLeaderElection(121)) - ef23a805-c360-46f9-a5ff-61453c052e9c: shutdown ef23a805-c360-46f9-a5ff-61453c052e9c@group-BF10A166F694-LeaderElection32
2021-08-12 00:25:08,569 [ef23a805-c360-46f9-a5ff-61453c052e9c@group-BF10A166F694-LeaderElection32] INFO  server.RaftServer$Division (RaftServerImpl.java:setRole(285)) - ef23a805-c360-46f9-a5ff-61453c052e9c@group-BF10A166F694: changes role from CANDIDATE to LEADER at term 1 for changeToLeader
2021-08-12 00:25:08,569 [ef23a805-c360-46f9-a5ff-61453c052e9c@group-BF10A166F694-LeaderElection32] INFO  ratis.XceiverServerRatis (XceiverServerRatis.java:handleLeaderChangedNotification(861)) - Leader change notification received for group: group-BF10A166F694 with new leaderId: ef23a805-c360-46f9-a5ff-61453c052e9c
2021-08-12 00:25:08,569 [ef23a805-c360-46f9-a5ff-61453c052e9c@group-BF10A166F694-LeaderElection32] INFO  server.RaftServer$Division (ServerState.java:setLeader(285)) - ef23a805-c360-46f9-a5ff-61453c052e9c@group-BF10A166F694: change Leader from null to ef23a805-c360-46f9-a5ff-61453c052e9c at term 1 for becomeLeader, leader elected after 5170ms
2021-08-12 00:25:08,569 [ef23a805-c360-46f9-a5ff-61453c052e9c@group-BF10A166F694-LeaderElection32] INFO  server.RaftServerConfigKeys (ConfUtils.java:logGet(44)) - raft.server.staging.catchup.gap = 1000 (default)
2021-08-12 00:25:08,569 [ef23a805-c360-46f9-a5ff-61453c052e9c@group-BF10A166F694-LeaderElection32] INFO  server.RaftServerConfigKeys (ConfUtils.java:logGet(44)) - raft.server.write.element-limit = 1024 (custom)
2021-08-12 00:25:08,570 [ef23a805-c360-46f9-a5ff-61453c052e9c@group-BF10A166F694-LeaderElection32] INFO  server.RaftServerConfigKeys (ConfUtils.java:logGet(44)) - raft.server.write.byte-limit = 1024 M (=1073741824) (custom)
2021-08-12 00:25:08,570 [ef23a805-c360-46f9-a5ff-61453c052e9c@group-BF10A166F694-LeaderElection32] INFO  server.RaftServerConfigKeys (ConfUtils.java:logGet(44)) - raft.server.watch.timeout = 3000ms (custom)
2021-08-12 00:25:08,570 [ef23a805-c360-46f9-a5ff-61453c052e9c@group-BF10A166F694-LeaderElection32] INFO  server.RaftServerConfigKeys (ConfUtils.java:logGet(44)) - raft.server.watch.timeout.denomination = 1s (default)
2021-08-12 00:25:08,570 [ef23a805-c360-46f9-a5ff-61453c052e9c@group-BF10A166F694-LeaderElection32] INFO  server.RaftServerConfigKeys (ConfUtils.java:logGet(44)) - raft.server.watch.element-limit = 65536 (default)
2021-08-12 00:25:08,570 [ef23a805-c360-46f9-a5ff-61453c052e9c@group-BF10A166F694-LeaderElection32] INFO  impl.RoleInfo (RoleInfo.java:updateAndGet(130)) - ef23a805-c360-46f9-a5ff-61453c052e9c: start ef23a805-c360-46f9-a5ff-61453c052e9c@group-BF10A166F694-LeaderStateImpl
2021-08-12 00:25:08,570 [ef23a805-c360-46f9-a5ff-61453c052e9c@group-BF10A166F694-LeaderElection32] INFO  segmented.SegmentedRaftLogWorker (SegmentedRaftLogWorker.java:startLogSegment(394)) - ef23a805-c360-46f9-a5ff-61453c052e9c@group-BF10A166F694-SegmentedRaftLogWorker: Starting segment from index:0
2021-08-12 00:25:08,577 [ef23a805-c360-46f9-a5ff-61453c052e9c@group-BF10A166F694-LeaderElection32] INFO  server.RaftServer$Division (ServerState.java:setRaftConf(387)) - ef23a805-c360-46f9-a5ff-61453c052e9c@group-BF10A166F694: set configuration 0: [ef23a805-c360-46f9-a5ff-61453c052e9c|rpc:10.1.0.56:45291|dataStream:|priority:1], old=null
2021-08-12 00:25:08,589 [ef23a805-c360-46f9-a5ff-61453c052e9c@group-BF10A166F694-SegmentedRaftLogWorker] INFO  segmented.SegmentedRaftLogWorker (SegmentedRaftLogWorker.java:execute(601)) - ef23a805-c360-46f9-a5ff-61453c052e9c@group-BF10A166F694-SegmentedRaftLogWorker: created new log segment /home/runner/work/ozone/ozone/hadoop-ozone/integration-test/target/test-dir/MiniOzoneClusterImpl-a42b6446-58ec-43bb-8d59-9c3f88cf101c/datanode-2/data/ratis/1eb0b2fb-7b9b-4778-a3da-bf10a166f694/current/log_inprogress_0
2021-08-12 00:25:08,589 [Datanode State Machine Thread - 0] WARN  statemachine.StateContext (StateContext.java:execute(621)) - No available thread in pool for past 1 seconds.
2021-08-12 00:25:09,189 [a86274cb-40c2-4f1a-b613-7c28a9d8bee7@group-7C0C30BD3891-FollowerState] INFO  impl.FollowerState (FollowerState.java:run(134)) - a86274cb-40c2-4f1a-b613-7c28a9d8bee7@group-7C0C30BD3891-FollowerState: change to CANDIDATE, lastRpcElapsedTime:5011751114ns, electionTimeout:5010ms
2021-08-12 00:25:09,189 [a86274cb-40c2-4f1a-b613-7c28a9d8bee7@group-7C0C30BD3891-FollowerState] INFO  impl.RoleInfo (RoleInfo.java:shutdownFollowerState(108)) - a86274cb-40c2-4f1a-b613-7c28a9d8bee7: shutdown a86274cb-40c2-4f1a-b613-7c28a9d8bee7@group-7C0C30BD3891-FollowerState
2021-08-12 00:25:09,189 [a86274cb-40c2-4f1a-b613-7c28a9d8bee7@group-7C0C30BD3891-FollowerState] INFO  server.RaftServer$Division (RaftServerImpl.java:setRole(285)) - a86274cb-40c2-4f1a-b613-7c28a9d8bee7@group-7C0C30BD3891: changes role from  FOLLOWER to CANDIDATE at term 0 for changeToCandidate
2021-08-12 00:25:09,191 [a86274cb-40c2-4f1a-b613-7c28a9d8bee7@group-7C0C30BD3891-FollowerState] INFO  server.RaftServerConfigKeys (ConfUtils.java:logGet(44)) - raft.server.leaderelection.pre-vote = false (custom)
2021-08-12 00:25:09,191 [a86274cb-40c2-4f1a-b613-7c28a9d8bee7@group-7C0C30BD3891-FollowerState] INFO  impl.RoleInfo (RoleInfo.java:updateAndGet(130)) - a86274cb-40c2-4f1a-b613-7c28a9d8bee7: start a86274cb-40c2-4f1a-b613-7c28a9d8bee7@group-7C0C30BD3891-LeaderElection33
2021-08-12 00:25:09,213 [a86274cb-40c2-4f1a-b613-7c28a9d8bee7@group-7C0C30BD3891-LeaderElection33] INFO  impl.LeaderElection (LeaderElection.java:askForVotes(306)) - a86274cb-40c2-4f1a-b613-7c28a9d8bee7@group-7C0C30BD3891-LeaderElection33 ELECTION round 0: submit vote requests at term 1 for -1: [a86274cb-40c2-4f1a-b613-7c28a9d8bee7|rpc:10.1.0.56:37903|priority:1], old=null
2021-08-12 00:25:09,213 [a86274cb-40c2-4f1a-b613-7c28a9d8bee7@group-7C0C30BD3891-LeaderElection33] INFO  impl.LeaderElection (LeaderElection.java:askForVotes(308)) - a86274cb-40c2-4f1a-b613-7c28a9d8bee7@group-7C0C30BD3891-LeaderElection33 ELECTION round 0: result PASSED (term=1)
2021-08-12 00:25:09,215 [a86274cb-40c2-4f1a-b613-7c28a9d8bee7@group-7C0C30BD3891-LeaderElection33] INFO  impl.RoleInfo (RoleInfo.java:shutdownLeaderElection(121)) - a86274cb-40c2-4f1a-b613-7c28a9d8bee7: shutdown a86274cb-40c2-4f1a-b613-7c28a9d8bee7@group-7C0C30BD3891-LeaderElection33
2021-08-12 00:25:09,215 [a86274cb-40c2-4f1a-b613-7c28a9d8bee7@group-7C0C30BD3891-LeaderElection33] INFO  server.RaftServer$Division (RaftServerImpl.java:setRole(285)) - a86274cb-40c2-4f1a-b613-7c28a9d8bee7@group-7C0C30BD3891: changes role from CANDIDATE to LEADER at term 1 for changeToLeader
2021-08-12 00:25:09,215 [a86274cb-40c2-4f1a-b613-7c28a9d8bee7@group-7C0C30BD3891-LeaderElection33] INFO  ratis.XceiverServerRatis (XceiverServerRatis.java:handleLeaderChangedNotification(861)) - Leader change notification received for group: group-7C0C30BD3891 with new leaderId: a86274cb-40c2-4f1a-b613-7c28a9d8bee7
2021-08-12 00:25:09,219 [a86274cb-40c2-4f1a-b613-7c28a9d8bee7@group-7C0C30BD3891-LeaderElection33] INFO  server.RaftServer$Division (ServerState.java:setLeader(285)) - a86274cb-40c2-4f1a-b613-7c28a9d8bee7@group-7C0C30BD3891: change Leader from null to a86274cb-40c2-4f1a-b613-7c28a9d8bee7 at term 1 for becomeLeader, leader elected after 5052ms
2021-08-12 00:25:09,219 [a86274cb-40c2-4f1a-b613-7c28a9d8bee7@group-7C0C30BD3891-LeaderElection33] INFO  server.RaftServerConfigKeys (ConfUtils.java:logGet(44)) - raft.server.staging.catchup.gap = 1000 (default)
2021-08-12 00:25:09,220 [a86274cb-40c2-4f1a-b613-7c28a9d8bee7@group-7C0C30BD3891-LeaderElection33] INFO  server.RaftServerConfigKeys (ConfUtils.java:logGet(44)) - raft.server.write.element-limit = 1024 (custom)
2021-08-12 00:25:09,221 [a86274cb-40c2-4f1a-b613-7c28a9d8bee7@group-7C0C30BD3891-LeaderElection33] INFO  server.RaftServerConfigKeys (ConfUtils.java:logGet(44)) - raft.server.write.byte-limit = 1024 M (=1073741824) (custom)
2021-08-12 00:25:09,223 [a86274cb-40c2-4f1a-b613-7c28a9d8bee7@group-7C0C30BD3891-LeaderElection33] INFO  server.RaftServerConfigKeys (ConfUtils.java:logGet(44)) - raft.server.watch.timeout = 3000ms (custom)
2021-08-12 00:25:09,223 [a86274cb-40c2-4f1a-b613-7c28a9d8bee7@group-7C0C30BD3891-LeaderElection33] INFO  server.RaftServerConfigKeys (ConfUtils.java:logGet(44)) - raft.server.watch.timeout.denomination = 1s (default)
2021-08-12 00:25:09,223 [a86274cb-40c2-4f1a-b613-7c28a9d8bee7@group-7C0C30BD3891-LeaderElection33] INFO  server.RaftServerConfigKeys (ConfUtils.java:logGet(44)) - raft.server.watch.element-limit = 65536 (default)
2021-08-12 00:25:09,223 [a86274cb-40c2-4f1a-b613-7c28a9d8bee7@group-7C0C30BD3891-LeaderElection33] INFO  impl.RoleInfo (RoleInfo.java:updateAndGet(130)) - a86274cb-40c2-4f1a-b613-7c28a9d8bee7: start a86274cb-40c2-4f1a-b613-7c28a9d8bee7@group-7C0C30BD3891-LeaderStateImpl
2021-08-12 00:25:09,224 [a86274cb-40c2-4f1a-b613-7c28a9d8bee7@group-7C0C30BD3891-LeaderElection33] INFO  segmented.SegmentedRaftLogWorker (SegmentedRaftLogWorker.java:startLogSegment(394)) - a86274cb-40c2-4f1a-b613-7c28a9d8bee7@group-7C0C30BD3891-SegmentedRaftLogWorker: Starting segment from index:0
2021-08-12 00:25:09,227 [a86274cb-40c2-4f1a-b613-7c28a9d8bee7@group-7C0C30BD3891-LeaderElection33] INFO  server.RaftServer$Division (ServerState.java:setRaftConf(387)) - a86274cb-40c2-4f1a-b613-7c28a9d8bee7@group-7C0C30BD3891: set configuration 0: [a86274cb-40c2-4f1a-b613-7c28a9d8bee7|rpc:10.1.0.56:37903|dataStream:|priority:1], old=null
2021-08-12 00:25:09,234 [a86274cb-40c2-4f1a-b613-7c28a9d8bee7@group-7C0C30BD3891-SegmentedRaftLogWorker] INFO  segmented.SegmentedRaftLogWorker (SegmentedRaftLogWorker.java:execute(601)) - a86274cb-40c2-4f1a-b613-7c28a9d8bee7@group-7C0C30BD3891-SegmentedRaftLogWorker: created new log segment /home/runner/work/ozone/ozone/hadoop-ozone/integration-test/target/test-dir/MiniOzoneClusterImpl-a42b6446-58ec-43bb-8d59-9c3f88cf101c/datanode-3/data/ratis/b46e9d6f-f36b-4ecb-afc9-7c0c30bd3891/current/log_inprogress_0
2021-08-12 00:25:09,306 [a86274cb-40c2-4f1a-b613-7c28a9d8bee7@group-4938641401E1-FollowerState] INFO  impl.FollowerState (FollowerState.java:run(134)) - a86274cb-40c2-4f1a-b613-7c28a9d8bee7@group-4938641401E1-FollowerState: change to CANDIDATE, lastRpcElapsedTime:5095488611ns, electionTimeout:5090ms
2021-08-12 00:25:09,306 [a86274cb-40c2-4f1a-b613-7c28a9d8bee7@group-4938641401E1-FollowerState] INFO  impl.RoleInfo (RoleInfo.java:shutdownFollowerState(108)) - a86274cb-40c2-4f1a-b613-7c28a9d8bee7: shutdown a86274cb-40c2-4f1a-b613-7c28a9d8bee7@group-4938641401E1-FollowerState
2021-08-12 00:25:09,306 [a86274cb-40c2-4f1a-b613-7c28a9d8bee7@group-4938641401E1-FollowerState] INFO  server.RaftServer$Division (RaftServerImpl.java:setRole(285)) - a86274cb-40c2-4f1a-b613-7c28a9d8bee7@group-4938641401E1: changes role from  FOLLOWER to CANDIDATE at term 0 for changeToCandidate
2021-08-12 00:25:09,307 [a86274cb-40c2-4f1a-b613-7c28a9d8bee7@group-4938641401E1-FollowerState] INFO  server.RaftServerConfigKeys (ConfUtils.java:logGet(44)) - raft.server.leaderelection.pre-vote = false (custom)
2021-08-12 00:25:09,307 [a86274cb-40c2-4f1a-b613-7c28a9d8bee7@group-4938641401E1-FollowerState] INFO  impl.RoleInfo (RoleInfo.java:updateAndGet(130)) - a86274cb-40c2-4f1a-b613-7c28a9d8bee7: start a86274cb-40c2-4f1a-b613-7c28a9d8bee7@group-4938641401E1-LeaderElection34
2021-08-12 00:25:09,324 [a86274cb-40c2-4f1a-b613-7c28a9d8bee7@group-4938641401E1-LeaderElection34] INFO  impl.LeaderElection (LeaderElection.java:askForVotes(306)) - a86274cb-40c2-4f1a-b613-7c28a9d8bee7@group-4938641401E1-LeaderElection34 ELECTION round 0: submit vote requests at term 1 for -1: [b53c0c0f-3814-44ae-9b6f-5cd1e5f5cab0|rpc:10.1.0.56:35731|priority:1, a86274cb-40c2-4f1a-b613-7c28a9d8bee7|rpc:10.1.0.56:37903|priority:0, aa96c139-029c-4c26-b56b-b3e0db2a81f3|rpc:10.1.0.56:42793|priority:0], old=null
2021-08-12 00:25:09,332 [grpc-default-executor-0] INFO  server.RaftServer$Division (RaftServerImpl.java:requestVote(1043)) - b53c0c0f-3814-44ae-9b6f-5cd1e5f5cab0@group-4938641401E1: receive requestVote(ELECTION, a86274cb-40c2-4f1a-b613-7c28a9d8bee7, group-4938641401E1, 1, (t:0, i:0))
2021-08-12 00:25:09,333 [grpc-default-executor-0] INFO  impl.VoteContext (VoteContext.java:log(48)) - b53c0c0f-3814-44ae-9b6f-5cd1e5f5cab0@group-4938641401E1-FOLLOWER: reject ELECTION from a86274cb-40c2-4f1a-b613-7c28a9d8bee7: our priority 1 > candidate's priority 0
2021-08-12 00:25:09,333 [grpc-default-executor-0] INFO  server.RaftServer$Division (RaftServerImpl.java:setRole(285)) - b53c0c0f-3814-44ae-9b6f-5cd1e5f5cab0@group-4938641401E1: changes role from  FOLLOWER to FOLLOWER at term 1 for candidate:a86274cb-40c2-4f1a-b613-7c28a9d8bee7
2021-08-12 00:25:09,333 [grpc-default-executor-0] INFO  impl.RoleInfo (RoleInfo.java:shutdownFollowerState(108)) - b53c0c0f-3814-44ae-9b6f-5cd1e5f5cab0: shutdown b53c0c0f-3814-44ae-9b6f-5cd1e5f5cab0@group-4938641401E1-FollowerState
2021-08-12 00:25:09,333 [grpc-default-executor-0] INFO  impl.RoleInfo (RoleInfo.java:updateAndGet(130)) - b53c0c0f-3814-44ae-9b6f-5cd1e5f5cab0: start b53c0c0f-3814-44ae-9b6f-5cd1e5f5cab0@group-4938641401E1-FollowerState
2021-08-12 00:25:09,333 [b53c0c0f-3814-44ae-9b6f-5cd1e5f5cab0@group-4938641401E1-FollowerState] INFO  impl.FollowerState (FollowerState.java:run(143)) - b53c0c0f-3814-44ae-9b6f-5cd1e5f5cab0@group-4938641401E1-FollowerState was interrupted: {}
java.lang.InterruptedException: sleep interrupted
	at java.lang.Thread.sleep(Native Method)
	at java.lang.Thread.sleep(Thread.java:340)
	at java.util.concurrent.TimeUnit.sleep(TimeUnit.java:386)
	at org.apache.ratis.util.TimeDuration.sleep(TimeDuration.java:324)
	at org.apache.ratis.util.TimeDuration.sleep(TimeDuration.java:309)
	at org.apache.ratis.server.impl.FollowerState.run(FollowerState.java:118)
2021-08-12 00:25:09,343 [grpc-default-executor-0] INFO  server.RaftServer$Division (RaftServerImpl.java:requestVote(1075)) - b53c0c0f-3814-44ae-9b6f-5cd1e5f5cab0@group-4938641401E1 replies to ELECTION vote request: a86274cb-40c2-4f1a-b613-7c28a9d8bee7<-b53c0c0f-3814-44ae-9b6f-5cd1e5f5cab0#0:FAIL-t1. Peer's state: b53c0c0f-3814-44ae-9b6f-5cd1e5f5cab0@group-4938641401E1:t1, leader=null, voted=null, raftlog=b53c0c0f-3814-44ae-9b6f-5cd1e5f5cab0@group-4938641401E1-SegmentedRaftLog:OPENED:c-1,f-1,i0, conf=-1: [b53c0c0f-3814-44ae-9b6f-5cd1e5f5cab0|rpc:10.1.0.56:35731|dataStream:|priority:1, a86274cb-40c2-4f1a-b613-7c28a9d8bee7|rpc:10.1.0.56:37903|dataStream:|priority:0, aa96c139-029c-4c26-b56b-b3e0db2a81f3|rpc:10.1.0.56:42793|dataStream:|priority:0], old=null
2021-08-12 00:25:09,353 [a86274cb-40c2-4f1a-b613-7c28a9d8bee7@group-4938641401E1-LeaderElection34] INFO  impl.LeaderElection (LeaderElection.java:logAndReturn(89)) - a86274cb-40c2-4f1a-b613-7c28a9d8bee7@group-4938641401E1-LeaderElection34: ELECTION REJECTED received 1 response(s) and 0 exception(s):
2021-08-12 00:25:09,353 [a86274cb-40c2-4f1a-b613-7c28a9d8bee7@group-4938641401E1-LeaderElection34] INFO  impl.LeaderElection (LeaderElection.java:logAndReturn(93)) -   Response 0: a86274cb-40c2-4f1a-b613-7c28a9d8bee7<-b53c0c0f-3814-44ae-9b6f-5cd1e5f5cab0#0:FAIL-t1
2021-08-12 00:25:09,353 [a86274cb-40c2-4f1a-b613-7c28a9d8bee7@group-4938641401E1-LeaderElection34] INFO  impl.LeaderElection (LeaderElection.java:askForVotes(308)) - a86274cb-40c2-4f1a-b613-7c28a9d8bee7@group-4938641401E1-LeaderElection34 ELECTION round 0: result REJECTED
2021-08-12 00:25:09,353 [a86274cb-40c2-4f1a-b613-7c28a9d8bee7@group-4938641401E1-LeaderElection34] INFO  server.RaftServer$Division (RaftServerImpl.java:setRole(285)) - a86274cb-40c2-4f1a-b613-7c28a9d8bee7@group-4938641401E1: changes role from CANDIDATE to FOLLOWER at term 1 for REJECTED
2021-08-12 00:25:09,353 [a86274cb-40c2-4f1a-b613-7c28a9d8bee7@group-4938641401E1-LeaderElection34] INFO  impl.RoleInfo (RoleInfo.java:shutdownLeaderElection(121)) - a86274cb-40c2-4f1a-b613-7c28a9d8bee7: shutdown a86274cb-40c2-4f1a-b613-7c28a9d8bee7@group-4938641401E1-LeaderElection34
2021-08-12 00:25:09,353 [a86274cb-40c2-4f1a-b613-7c28a9d8bee7@group-4938641401E1-LeaderElection34] INFO  impl.RoleInfo (RoleInfo.java:updateAndGet(130)) - a86274cb-40c2-4f1a-b613-7c28a9d8bee7: start a86274cb-40c2-4f1a-b613-7c28a9d8bee7@group-4938641401E1-FollowerState
2021-08-12 00:25:09,367 [grpc-default-executor-0] INFO  server.RaftServer$Division (RaftServerImpl.java:requestVote(1043)) - aa96c139-029c-4c26-b56b-b3e0db2a81f3@group-4938641401E1: receive requestVote(ELECTION, a86274cb-40c2-4f1a-b613-7c28a9d8bee7, group-4938641401E1, 1, (t:0, i:0))
2021-08-12 00:25:09,367 [grpc-default-executor-0] INFO  impl.VoteContext (VoteContext.java:log(48)) - aa96c139-029c-4c26-b56b-b3e0db2a81f3@group-4938641401E1-FOLLOWER: accept ELECTION from a86274cb-40c2-4f1a-b613-7c28a9d8bee7: our priority 0 <= candidate's priority 0
2021-08-12 00:25:09,367 [grpc-default-executor-0] INFO  server.RaftServer$Division (RaftServerImpl.java:setRole(285)) - aa96c139-029c-4c26-b56b-b3e0db2a81f3@group-4938641401E1: changes role from  FOLLOWER to FOLLOWER at term 1 for candidate:a86274cb-40c2-4f1a-b613-7c28a9d8bee7
2021-08-12 00:25:09,367 [grpc-default-executor-0] INFO  impl.RoleInfo (RoleInfo.java:shutdownFollowerState(108)) - aa96c139-029c-4c26-b56b-b3e0db2a81f3: shutdown aa96c139-029c-4c26-b56b-b3e0db2a81f3@group-4938641401E1-FollowerState
2021-08-12 00:25:09,367 [grpc-default-executor-0] INFO  impl.RoleInfo (RoleInfo.java:updateAndGet(130)) - aa96c139-029c-4c26-b56b-b3e0db2a81f3: start aa96c139-029c-4c26-b56b-b3e0db2a81f3@group-4938641401E1-FollowerState
2021-08-12 00:25:09,368 [aa96c139-029c-4c26-b56b-b3e0db2a81f3@group-4938641401E1-FollowerState] INFO  impl.FollowerState (FollowerState.java:run(143)) - aa96c139-029c-4c26-b56b-b3e0db2a81f3@group-4938641401E1-FollowerState was interrupted: {}
java.lang.InterruptedException: sleep interrupted
	at java.lang.Thread.sleep(Native Method)
	at java.lang.Thread.sleep(Thread.java:340)
	at java.util.concurrent.TimeUnit.sleep(TimeUnit.java:386)
	at org.apache.ratis.util.TimeDuration.sleep(TimeDuration.java:324)
	at org.apache.ratis.util.TimeDuration.sleep(TimeDuration.java:309)
	at org.apache.ratis.server.impl.FollowerState.run(FollowerState.java:118)
2021-08-12 00:25:09,372 [grpc-default-executor-0] INFO  server.RaftServer$Division (RaftServerImpl.java:requestVote(1075)) - aa96c139-029c-4c26-b56b-b3e0db2a81f3@group-4938641401E1 replies to ELECTION vote request: a86274cb-40c2-4f1a-b613-7c28a9d8bee7<-aa96c139-029c-4c26-b56b-b3e0db2a81f3#0:OK-t1. Peer's state: aa96c139-029c-4c26-b56b-b3e0db2a81f3@group-4938641401E1:t1, leader=null, voted=a86274cb-40c2-4f1a-b613-7c28a9d8bee7, raftlog=aa96c139-029c-4c26-b56b-b3e0db2a81f3@group-4938641401E1-SegmentedRaftLog:OPENED:c-1,f-1,i0, conf=-1: [b53c0c0f-3814-44ae-9b6f-5cd1e5f5cab0|rpc:10.1.0.56:35731|dataStream:|priority:1, a86274cb-40c2-4f1a-b613-7c28a9d8bee7|rpc:10.1.0.56:37903|dataStream:|priority:0, aa96c139-029c-4c26-b56b-b3e0db2a81f3|rpc:10.1.0.56:42793|dataStream:|priority:0], old=null
2021-08-12 00:25:09,811 [b53c0c0f-3814-44ae-9b6f-5cd1e5f5cab0@group-CCDFCDB58FFE-FollowerState] INFO  impl.FollowerState (FollowerState.java:run(134)) - b53c0c0f-3814-44ae-9b6f-5cd1e5f5cab0@group-CCDFCDB58FFE-FollowerState: change to CANDIDATE, lastRpcElapsedTime:5126979888ns, electionTimeout:5106ms
2021-08-12 00:25:09,811 [b53c0c0f-3814-44ae-9b6f-5cd1e5f5cab0@group-CCDFCDB58FFE-FollowerState] INFO  impl.RoleInfo (RoleInfo.java:shutdownFollowerState(108)) - b53c0c0f-3814-44ae-9b6f-5cd1e5f5cab0: shutdown b53c0c0f-3814-44ae-9b6f-5cd1e5f5cab0@group-CCDFCDB58FFE-FollowerState
2021-08-12 00:25:09,811 [b53c0c0f-3814-44ae-9b6f-5cd1e5f5cab0@group-CCDFCDB58FFE-FollowerState] INFO  server.RaftServer$Division (RaftServerImpl.java:setRole(285)) - b53c0c0f-3814-44ae-9b6f-5cd1e5f5cab0@group-CCDFCDB58FFE: changes role from  FOLLOWER to CANDIDATE at term 0 for changeToCandidate
2021-08-12 00:25:09,813 [b53c0c0f-3814-44ae-9b6f-5cd1e5f5cab0@group-CCDFCDB58FFE-FollowerState] INFO  server.RaftServerConfigKeys (ConfUtils.java:logGet(44)) - raft.server.leaderelection.pre-vote = false (custom)
2021-08-12 00:25:09,813 [b53c0c0f-3814-44ae-9b6f-5cd1e5f5cab0@group-CCDFCDB58FFE-FollowerState] INFO  impl.RoleInfo (RoleInfo.java:updateAndGet(130)) - b53c0c0f-3814-44ae-9b6f-5cd1e5f5cab0: start b53c0c0f-3814-44ae-9b6f-5cd1e5f5cab0@group-CCDFCDB58FFE-LeaderElection35
2021-08-12 00:25:09,832 [b53c0c0f-3814-44ae-9b6f-5cd1e5f5cab0@group-CCDFCDB58FFE-LeaderElection35] INFO  impl.LeaderElection (LeaderElection.java:askForVotes(306)) - b53c0c0f-3814-44ae-9b6f-5cd1e5f5cab0@group-CCDFCDB58FFE-LeaderElection35 ELECTION round 0: submit vote requests at term 1 for -1: [b53c0c0f-3814-44ae-9b6f-5cd1e5f5cab0|rpc:10.1.0.56:35731|priority:1], old=null
2021-08-12 00:25:09,832 [b53c0c0f-3814-44ae-9b6f-5cd1e5f5cab0@group-CCDFCDB58FFE-LeaderElection35] INFO  impl.LeaderElection (LeaderElection.java:askForVotes(308)) - b53c0c0f-3814-44ae-9b6f-5cd1e5f5cab0@group-CCDFCDB58FFE-LeaderElection35 ELECTION round 0: result PASSED (term=1)
2021-08-12 00:25:09,832 [b53c0c0f-3814-44ae-9b6f-5cd1e5f5cab0@group-CCDFCDB58FFE-LeaderElection35] INFO  impl.RoleInfo (RoleInfo.java:shutdownLeaderElection(121)) - b53c0c0f-3814-44ae-9b6f-5cd1e5f5cab0: shutdown b53c0c0f-3814-44ae-9b6f-5cd1e5f5cab0@group-CCDFCDB58FFE-LeaderElection35
2021-08-12 00:25:09,832 [b53c0c0f-3814-44ae-9b6f-5cd1e5f5cab0@group-CCDFCDB58FFE-LeaderElection35] INFO  server.RaftServer$Division (RaftServerImpl.java:setRole(285)) - b53c0c0f-3814-44ae-9b6f-5cd1e5f5cab0@group-CCDFCDB58FFE: changes role from CANDIDATE to LEADER at term 1 for changeToLeader
2021-08-12 00:25:09,832 [b53c0c0f-3814-44ae-9b6f-5cd1e5f5cab0@group-CCDFCDB58FFE-LeaderElection35] INFO  ratis.XceiverServerRatis (XceiverServerRatis.java:handleLeaderChangedNotification(861)) - Leader change notification received for group: group-CCDFCDB58FFE with new leaderId: b53c0c0f-3814-44ae-9b6f-5cd1e5f5cab0
2021-08-12 00:25:09,833 [Datanode State Machine Thread - 0] WARN  statemachine.StateContext (StateContext.java:execute(621)) - No available thread in pool for past 1 seconds.
2021-08-12 00:25:09,833 [b53c0c0f-3814-44ae-9b6f-5cd1e5f5cab0@group-CCDFCDB58FFE-LeaderElection35] INFO  server.RaftServer$Division (ServerState.java:setLeader(285)) - b53c0c0f-3814-44ae-9b6f-5cd1e5f5cab0@group-CCDFCDB58FFE: change Leader from null to b53c0c0f-3814-44ae-9b6f-5cd1e5f5cab0 at term 1 for becomeLeader, leader elected after 5157ms
2021-08-12 00:25:09,833 [b53c0c0f-3814-44ae-9b6f-5cd1e5f5cab0@group-CCDFCDB58FFE-LeaderElection35] INFO  server.RaftServerConfigKeys (ConfUtils.java:logGet(44)) - raft.server.staging.catchup.gap = 1000 (default)
2021-08-12 00:25:09,833 [b53c0c0f-3814-44ae-9b6f-5cd1e5f5cab0@group-CCDFCDB58FFE-LeaderElection35] INFO  server.RaftServerConfigKeys (ConfUtils.java:logGet(44)) - raft.server.write.element-limit = 1024 (custom)
2021-08-12 00:25:09,833 [b53c0c0f-3814-44ae-9b6f-5cd1e5f5cab0@group-CCDFCDB58FFE-LeaderElection35] INFO  server.RaftServerConfigKeys (ConfUtils.java:logGet(44)) - raft.server.write.byte-limit = 1024 M (=1073741824) (custom)
2021-08-12 00:25:09,836 [b53c0c0f-3814-44ae-9b6f-5cd1e5f5cab0@group-CCDFCDB58FFE-LeaderElection35] INFO  server.RaftServerConfigKeys (ConfUtils.java:logGet(44)) - raft.server.watch.timeout = 3000ms (custom)
2021-08-12 00:25:09,837 [b53c0c0f-3814-44ae-9b6f-5cd1e5f5cab0@group-CCDFCDB58FFE-LeaderElection35] INFO  server.RaftServerConfigKeys (ConfUtils.java:logGet(44)) - raft.server.watch.timeout.denomination = 1s (default)
2021-08-12 00:25:09,837 [b53c0c0f-3814-44ae-9b6f-5cd1e5f5cab0@group-CCDFCDB58FFE-LeaderElection35] INFO  server.RaftServerConfigKeys (ConfUtils.java:logGet(44)) - raft.server.watch.element-limit = 65536 (default)
2021-08-12 00:25:09,845 [b53c0c0f-3814-44ae-9b6f-5cd1e5f5cab0@group-CCDFCDB58FFE-LeaderElection35] INFO  impl.RoleInfo (RoleInfo.java:updateAndGet(130)) - b53c0c0f-3814-44ae-9b6f-5cd1e5f5cab0: start b53c0c0f-3814-44ae-9b6f-5cd1e5f5cab0@group-CCDFCDB58FFE-LeaderStateImpl
2021-08-12 00:25:09,845 [b53c0c0f-3814-44ae-9b6f-5cd1e5f5cab0@group-CCDFCDB58FFE-LeaderElection35] INFO  segmented.SegmentedRaftLogWorker (SegmentedRaftLogWorker.java:startLogSegment(394)) - b53c0c0f-3814-44ae-9b6f-5cd1e5f5cab0@group-CCDFCDB58FFE-SegmentedRaftLogWorker: Starting segment from index:0
2021-08-12 00:25:09,853 [b53c0c0f-3814-44ae-9b6f-5cd1e5f5cab0@group-CCDFCDB58FFE-LeaderElection35] INFO  server.RaftServer$Division (ServerState.java:setRaftConf(387)) - b53c0c0f-3814-44ae-9b6f-5cd1e5f5cab0@group-CCDFCDB58FFE: set configuration 0: [b53c0c0f-3814-44ae-9b6f-5cd1e5f5cab0|rpc:10.1.0.56:35731|dataStream:|priority:1], old=null
2021-08-12 00:25:09,855 [b53c0c0f-3814-44ae-9b6f-5cd1e5f5cab0@group-CCDFCDB58FFE-SegmentedRaftLogWorker] INFO  segmented.SegmentedRaftLogWorker (SegmentedRaftLogWorker.java:execute(601)) - b53c0c0f-3814-44ae-9b6f-5cd1e5f5cab0@group-CCDFCDB58FFE-SegmentedRaftLogWorker: created new log segment /home/runner/work/ozone/ozone/hadoop-ozone/integration-test/target/test-dir/MiniOzoneClusterImpl-a42b6446-58ec-43bb-8d59-9c3f88cf101c/datanode-4/data/ratis/53010660-58c2-494e-859d-ccdfcdb58ffe/current/log_inprogress_0
2021-08-12 00:25:10,209 [aa96c139-029c-4c26-b56b-b3e0db2a81f3@group-B9A8F8F773F9-FollowerState] INFO  impl.FollowerState (FollowerState.java:run(134)) - aa96c139-029c-4c26-b56b-b3e0db2a81f3@group-B9A8F8F773F9-FollowerState: change to CANDIDATE, lastRpcElapsedTime:5010503386ns, electionTimeout:5008ms
2021-08-12 00:25:10,209 [aa96c139-029c-4c26-b56b-b3e0db2a81f3@group-B9A8F8F773F9-FollowerState] INFO  impl.RoleInfo (RoleInfo.java:shutdownFollowerState(108)) - aa96c139-029c-4c26-b56b-b3e0db2a81f3: shutdown aa96c139-029c-4c26-b56b-b3e0db2a81f3@group-B9A8F8F773F9-FollowerState
2021-08-12 00:25:10,209 [aa96c139-029c-4c26-b56b-b3e0db2a81f3@group-B9A8F8F773F9-FollowerState] INFO  server.RaftServer$Division (RaftServerImpl.java:setRole(285)) - aa96c139-029c-4c26-b56b-b3e0db2a81f3@group-B9A8F8F773F9: changes role from  FOLLOWER to CANDIDATE at term 0 for changeToCandidate
2021-08-12 00:25:10,210 [aa96c139-029c-4c26-b56b-b3e0db2a81f3@group-B9A8F8F773F9-FollowerState] INFO  server.RaftServerConfigKeys (ConfUtils.java:logGet(44)) - raft.server.leaderelection.pre-vote = false (custom)
2021-08-12 00:25:10,210 [aa96c139-029c-4c26-b56b-b3e0db2a81f3@group-B9A8F8F773F9-FollowerState] INFO  impl.RoleInfo (RoleInfo.java:updateAndGet(130)) - aa96c139-029c-4c26-b56b-b3e0db2a81f3: start aa96c139-029c-4c26-b56b-b3e0db2a81f3@group-B9A8F8F773F9-LeaderElection36
2021-08-12 00:25:10,243 [aa96c139-029c-4c26-b56b-b3e0db2a81f3@group-B9A8F8F773F9-LeaderElection36] INFO  impl.LeaderElection (LeaderElection.java:askForVotes(306)) - aa96c139-029c-4c26-b56b-b3e0db2a81f3@group-B9A8F8F773F9-LeaderElection36 ELECTION round 0: submit vote requests at term 1 for -1: [aa96c139-029c-4c26-b56b-b3e0db2a81f3|rpc:10.1.0.56:42793|priority:1], old=null
2021-08-12 00:25:10,243 [aa96c139-029c-4c26-b56b-b3e0db2a81f3@group-B9A8F8F773F9-LeaderElection36] INFO  impl.LeaderElection (LeaderElection.java:askForVotes(308)) - aa96c139-029c-4c26-b56b-b3e0db2a81f3@group-B9A8F8F773F9-LeaderElection36 ELECTION round 0: result PASSED (term=1)
2021-08-12 00:25:10,243 [aa96c139-029c-4c26-b56b-b3e0db2a81f3@group-B9A8F8F773F9-LeaderElection36] INFO  impl.RoleInfo (RoleInfo.java:shutdownLeaderElection(121)) - aa96c139-029c-4c26-b56b-b3e0db2a81f3: shutdown aa96c139-029c-4c26-b56b-b3e0db2a81f3@group-B9A8F8F773F9-LeaderElection36
2021-08-12 00:25:10,243 [aa96c139-029c-4c26-b56b-b3e0db2a81f3@group-B9A8F8F773F9-LeaderElection36] INFO  server.RaftServer$Division (RaftServerImpl.java:setRole(285)) - aa96c139-029c-4c26-b56b-b3e0db2a81f3@group-B9A8F8F773F9: changes role from CANDIDATE to LEADER at term 1 for changeToLeader
2021-08-12 00:25:10,243 [aa96c139-029c-4c26-b56b-b3e0db2a81f3@group-B9A8F8F773F9-LeaderElection36] INFO  ratis.XceiverServerRatis (XceiverServerRatis.java:handleLeaderChangedNotification(861)) - Leader change notification received for group: group-B9A8F8F773F9 with new leaderId: aa96c139-029c-4c26-b56b-b3e0db2a81f3
2021-08-12 00:25:10,243 [aa96c139-029c-4c26-b56b-b3e0db2a81f3@group-B9A8F8F773F9-LeaderElection36] INFO  server.RaftServer$Division (ServerState.java:setLeader(285)) - aa96c139-029c-4c26-b56b-b3e0db2a81f3@group-B9A8F8F773F9: change Leader from null to aa96c139-029c-4c26-b56b-b3e0db2a81f3 at term 1 for becomeLeader, leader elected after 5056ms
2021-08-12 00:25:10,243 [aa96c139-029c-4c26-b56b-b3e0db2a81f3@group-B9A8F8F773F9-LeaderElection36] INFO  server.RaftServerConfigKeys (ConfUtils.java:logGet(44)) - raft.server.staging.catchup.gap = 1000 (default)
2021-08-12 00:25:10,243 [Datanode State Machine Thread - 0] WARN  statemachine.StateContext (StateContext.java:execute(621)) - No available thread in pool for past 1 seconds.
2021-08-12 00:25:10,243 [aa96c139-029c-4c26-b56b-b3e0db2a81f3@group-B9A8F8F773F9-LeaderElection36] INFO  server.RaftServerConfigKeys (ConfUtils.java:logGet(44)) - raft.server.write.element-limit = 1024 (custom)
2021-08-12 00:25:10,243 [aa96c139-029c-4c26-b56b-b3e0db2a81f3@group-B9A8F8F773F9-LeaderElection36] INFO  server.RaftServerConfigKeys (ConfUtils.java:logGet(44)) - raft.server.write.byte-limit = 1024 M (=1073741824) (custom)
2021-08-12 00:25:10,244 [aa96c139-029c-4c26-b56b-b3e0db2a81f3@group-B9A8F8F773F9-LeaderElection36] INFO  server.RaftServerConfigKeys (ConfUtils.java:logGet(44)) - raft.server.watch.timeout = 3000ms (custom)
2021-08-12 00:25:10,244 [aa96c139-029c-4c26-b56b-b3e0db2a81f3@group-B9A8F8F773F9-LeaderElection36] INFO  server.RaftServerConfigKeys (ConfUtils.java:logGet(44)) - raft.server.watch.timeout.denomination = 1s (default)
2021-08-12 00:25:10,244 [aa96c139-029c-4c26-b56b-b3e0db2a81f3@group-B9A8F8F773F9-LeaderElection36] INFO  server.RaftServerConfigKeys (ConfUtils.java:logGet(44)) - raft.server.watch.element-limit = 65536 (default)
2021-08-12 00:25:10,244 [aa96c139-029c-4c26-b56b-b3e0db2a81f3@group-B9A8F8F773F9-LeaderElection36] INFO  impl.RoleInfo (RoleInfo.java:updateAndGet(130)) - aa96c139-029c-4c26-b56b-b3e0db2a81f3: start aa96c139-029c-4c26-b56b-b3e0db2a81f3@group-B9A8F8F773F9-LeaderStateImpl
2021-08-12 00:25:10,244 [aa96c139-029c-4c26-b56b-b3e0db2a81f3@group-B9A8F8F773F9-LeaderElection36] INFO  segmented.SegmentedRaftLogWorker (SegmentedRaftLogWorker.java:startLogSegment(394)) - aa96c139-029c-4c26-b56b-b3e0db2a81f3@group-B9A8F8F773F9-SegmentedRaftLogWorker: Starting segment from index:0
2021-08-12 00:25:10,246 [aa96c139-029c-4c26-b56b-b3e0db2a81f3@group-B9A8F8F773F9-SegmentedRaftLogWorker] INFO  segmented.SegmentedRaftLogWorker (SegmentedRaftLogWorker.java:execute(601)) - aa96c139-029c-4c26-b56b-b3e0db2a81f3@group-B9A8F8F773F9-SegmentedRaftLogWorker: created new log segment /home/runner/work/ozone/ozone/hadoop-ozone/integration-test/target/test-dir/MiniOzoneClusterImpl-a42b6446-58ec-43bb-8d59-9c3f88cf101c/datanode-5/data/ratis/b8111e83-b548-47d8-844a-b9a8f8f773f9/current/log_inprogress_0
2021-08-12 00:25:10,261 [aa96c139-029c-4c26-b56b-b3e0db2a81f3@group-B9A8F8F773F9-LeaderElection36] INFO  server.RaftServer$Division (ServerState.java:setRaftConf(387)) - aa96c139-029c-4c26-b56b-b3e0db2a81f3@group-B9A8F8F773F9: set configuration 0: [aa96c139-029c-4c26-b56b-b3e0db2a81f3|rpc:10.1.0.56:42793|dataStream:|priority:1], old=null
2021-08-12 00:25:10,863 [87d3608b-f9fd-4b10-ba0a-a0d8569acffd@group-4E85B0B35DCC-FollowerState] INFO  impl.FollowerState (FollowerState.java:run(134)) - 87d3608b-f9fd-4b10-ba0a-a0d8569acffd@group-4E85B0B35DCC-FollowerState: change to CANDIDATE, lastRpcElapsedTime:5064863997ns, electionTimeout:5064ms
2021-08-12 00:25:10,864 [87d3608b-f9fd-4b10-ba0a-a0d8569acffd@group-4E85B0B35DCC-FollowerState] INFO  impl.RoleInfo (RoleInfo.java:shutdownFollowerState(108)) - 87d3608b-f9fd-4b10-ba0a-a0d8569acffd: shutdown 87d3608b-f9fd-4b10-ba0a-a0d8569acffd@group-4E85B0B35DCC-FollowerState
2021-08-12 00:25:10,864 [87d3608b-f9fd-4b10-ba0a-a0d8569acffd@group-4E85B0B35DCC-FollowerState] INFO  server.RaftServer$Division (RaftServerImpl.java:setRole(285)) - 87d3608b-f9fd-4b10-ba0a-a0d8569acffd@group-4E85B0B35DCC: changes role from  FOLLOWER to CANDIDATE at term 0 for changeToCandidate
2021-08-12 00:25:10,865 [87d3608b-f9fd-4b10-ba0a-a0d8569acffd@group-4E85B0B35DCC-FollowerState] INFO  server.RaftServerConfigKeys (ConfUtils.java:logGet(44)) - raft.server.leaderelection.pre-vote = false (custom)
2021-08-12 00:25:10,865 [87d3608b-f9fd-4b10-ba0a-a0d8569acffd@group-4E85B0B35DCC-FollowerState] INFO  impl.RoleInfo (RoleInfo.java:updateAndGet(130)) - 87d3608b-f9fd-4b10-ba0a-a0d8569acffd: start 87d3608b-f9fd-4b10-ba0a-a0d8569acffd@group-4E85B0B35DCC-LeaderElection37
2021-08-12 00:25:10,886 [87d3608b-f9fd-4b10-ba0a-a0d8569acffd@group-4E85B0B35DCC-LeaderElection37] INFO  impl.LeaderElection (LeaderElection.java:askForVotes(306)) - 87d3608b-f9fd-4b10-ba0a-a0d8569acffd@group-4E85B0B35DCC-LeaderElection37 ELECTION round 0: submit vote requests at term 1 for -1: [87d3608b-f9fd-4b10-ba0a-a0d8569acffd|rpc:10.1.0.56:37127|priority:1], old=null
2021-08-12 00:25:10,886 [87d3608b-f9fd-4b10-ba0a-a0d8569acffd@group-4E85B0B35DCC-LeaderElection37] INFO  impl.LeaderElection (LeaderElection.java:askForVotes(308)) - 87d3608b-f9fd-4b10-ba0a-a0d8569acffd@group-4E85B0B35DCC-LeaderElection37 ELECTION round 0: result PASSED (term=1)
2021-08-12 00:25:10,886 [87d3608b-f9fd-4b10-ba0a-a0d8569acffd@group-4E85B0B35DCC-LeaderElection37] INFO  impl.RoleInfo (RoleInfo.java:shutdownLeaderElection(121)) - 87d3608b-f9fd-4b10-ba0a-a0d8569acffd: shutdown 87d3608b-f9fd-4b10-ba0a-a0d8569acffd@group-4E85B0B35DCC-LeaderElection37
2021-08-12 00:25:10,886 [87d3608b-f9fd-4b10-ba0a-a0d8569acffd@group-4E85B0B35DCC-LeaderElection37] INFO  server.RaftServer$Division (RaftServerImpl.java:setRole(285)) - 87d3608b-f9fd-4b10-ba0a-a0d8569acffd@group-4E85B0B35DCC: changes role from CANDIDATE to LEADER at term 1 for changeToLeader
2021-08-12 00:25:10,887 [87d3608b-f9fd-4b10-ba0a-a0d8569acffd@group-4E85B0B35DCC-LeaderElection37] INFO  ratis.XceiverServerRatis (XceiverServerRatis.java:handleLeaderChangedNotification(861)) - Leader change notification received for group: group-4E85B0B35DCC with new leaderId: 87d3608b-f9fd-4b10-ba0a-a0d8569acffd
2021-08-12 00:25:10,887 [87d3608b-f9fd-4b10-ba0a-a0d8569acffd@group-4E85B0B35DCC-LeaderElection37] INFO  server.RaftServer$Division (ServerState.java:setLeader(285)) - 87d3608b-f9fd-4b10-ba0a-a0d8569acffd@group-4E85B0B35DCC: change Leader from null to 87d3608b-f9fd-4b10-ba0a-a0d8569acffd at term 1 for becomeLeader, leader elected after 5096ms
2021-08-12 00:25:10,887 [87d3608b-f9fd-4b10-ba0a-a0d8569acffd@group-4E85B0B35DCC-LeaderElection37] INFO  server.RaftServerConfigKeys (ConfUtils.java:logGet(44)) - raft.server.staging.catchup.gap = 1000 (default)
2021-08-12 00:25:10,888 [Datanode State Machine Thread - 0] WARN  statemachine.StateContext (StateContext.java:execute(621)) - No available thread in pool for past 1 seconds.
2021-08-12 00:25:10,891 [87d3608b-f9fd-4b10-ba0a-a0d8569acffd@group-4E85B0B35DCC-LeaderElection37] INFO  server.RaftServerConfigKeys (ConfUtils.java:logGet(44)) - raft.server.write.element-limit = 1024 (custom)
2021-08-12 00:25:10,891 [87d3608b-f9fd-4b10-ba0a-a0d8569acffd@group-4E85B0B35DCC-LeaderElection37] INFO  server.RaftServerConfigKeys (ConfUtils.java:logGet(44)) - raft.server.write.byte-limit = 1024 M (=1073741824) (custom)
2021-08-12 00:25:10,892 [87d3608b-f9fd-4b10-ba0a-a0d8569acffd@group-4E85B0B35DCC-LeaderElection37] INFO  server.RaftServerConfigKeys (ConfUtils.java:logGet(44)) - raft.server.watch.timeout = 3000ms (custom)
2021-08-12 00:25:10,892 [87d3608b-f9fd-4b10-ba0a-a0d8569acffd@group-4E85B0B35DCC-LeaderElection37] INFO  server.RaftServerConfigKeys (ConfUtils.java:logGet(44)) - raft.server.watch.timeout.denomination = 1s (default)
2021-08-12 00:25:10,892 [87d3608b-f9fd-4b10-ba0a-a0d8569acffd@group-4E85B0B35DCC-LeaderElection37] INFO  server.RaftServerConfigKeys (ConfUtils.java:logGet(44)) - raft.server.watch.element-limit = 65536 (default)
2021-08-12 00:25:10,892 [87d3608b-f9fd-4b10-ba0a-a0d8569acffd@group-4E85B0B35DCC-LeaderElection37] INFO  impl.RoleInfo (RoleInfo.java:updateAndGet(130)) - 87d3608b-f9fd-4b10-ba0a-a0d8569acffd: start 87d3608b-f9fd-4b10-ba0a-a0d8569acffd@group-4E85B0B35DCC-LeaderStateImpl
2021-08-12 00:25:10,892 [87d3608b-f9fd-4b10-ba0a-a0d8569acffd@group-4E85B0B35DCC-LeaderElection37] INFO  segmented.SegmentedRaftLogWorker (SegmentedRaftLogWorker.java:startLogSegment(394)) - 87d3608b-f9fd-4b10-ba0a-a0d8569acffd@group-4E85B0B35DCC-SegmentedRaftLogWorker: Starting segment from index:0
2021-08-12 00:25:10,897 [87d3608b-f9fd-4b10-ba0a-a0d8569acffd@group-4E85B0B35DCC-LeaderElection37] INFO  server.RaftServer$Division (ServerState.java:setRaftConf(387)) - 87d3608b-f9fd-4b10-ba0a-a0d8569acffd@group-4E85B0B35DCC: set configuration 0: [87d3608b-f9fd-4b10-ba0a-a0d8569acffd|rpc:10.1.0.56:37127|dataStream:|priority:1], old=null
2021-08-12 00:25:10,916 [87d3608b-f9fd-4b10-ba0a-a0d8569acffd@group-4E85B0B35DCC-SegmentedRaftLogWorker] INFO  segmented.SegmentedRaftLogWorker (SegmentedRaftLogWorker.java:execute(601)) - 87d3608b-f9fd-4b10-ba0a-a0d8569acffd@group-4E85B0B35DCC-SegmentedRaftLogWorker: created new log segment /home/runner/work/ozone/ozone/hadoop-ozone/integration-test/target/test-dir/MiniOzoneClusterImpl-a42b6446-58ec-43bb-8d59-9c3f88cf101c/datanode-6/data/ratis/5512268e-bb8b-41a2-ab17-4e85b0b35dcc/current/log_inprogress_0
2021-08-12 00:25:11,003 [87d3608b-f9fd-4b10-ba0a-a0d8569acffd@group-704C644304A3-FollowerState] INFO  impl.FollowerState (FollowerState.java:run(134)) - 87d3608b-f9fd-4b10-ba0a-a0d8569acffd@group-704C644304A3-FollowerState: change to CANDIDATE, lastRpcElapsedTime:5176793161ns, electionTimeout:5171ms
2021-08-12 00:25:11,003 [87d3608b-f9fd-4b10-ba0a-a0d8569acffd@group-704C644304A3-FollowerState] INFO  impl.RoleInfo (RoleInfo.java:shutdownFollowerState(108)) - 87d3608b-f9fd-4b10-ba0a-a0d8569acffd: shutdown 87d3608b-f9fd-4b10-ba0a-a0d8569acffd@group-704C644304A3-FollowerState
2021-08-12 00:25:11,003 [87d3608b-f9fd-4b10-ba0a-a0d8569acffd@group-704C644304A3-FollowerState] INFO  server.RaftServer$Division (RaftServerImpl.java:setRole(285)) - 87d3608b-f9fd-4b10-ba0a-a0d8569acffd@group-704C644304A3: changes role from  FOLLOWER to CANDIDATE at term 0 for changeToCandidate
2021-08-12 00:25:11,003 [87d3608b-f9fd-4b10-ba0a-a0d8569acffd@group-704C644304A3-FollowerState] INFO  server.RaftServerConfigKeys (ConfUtils.java:logGet(44)) - raft.server.leaderelection.pre-vote = false (custom)
2021-08-12 00:25:11,003 [87d3608b-f9fd-4b10-ba0a-a0d8569acffd@group-704C644304A3-FollowerState] INFO  impl.RoleInfo (RoleInfo.java:updateAndGet(130)) - 87d3608b-f9fd-4b10-ba0a-a0d8569acffd: start 87d3608b-f9fd-4b10-ba0a-a0d8569acffd@group-704C644304A3-LeaderElection38
2021-08-12 00:25:11,011 [87d3608b-f9fd-4b10-ba0a-a0d8569acffd@group-704C644304A3-LeaderElection38] INFO  impl.LeaderElection (LeaderElection.java:askForVotes(306)) - 87d3608b-f9fd-4b10-ba0a-a0d8569acffd@group-704C644304A3-LeaderElection38 ELECTION round 0: submit vote requests at term 1 for -1: [4f85e207-6f47-4e3d-8d8e-53c973d1ad4f|rpc:10.1.0.56:43657|priority:0, bcde775b-c238-4412-9eeb-a88c910f700f|rpc:10.1.0.56:33235|priority:0, 87d3608b-f9fd-4b10-ba0a-a0d8569acffd|rpc:10.1.0.56:37127|priority:1], old=null
2021-08-12 00:25:11,013 [4f85e207-6f47-4e3d-8d8e-53c973d1ad4f@group-704C644304A3-FollowerState] INFO  impl.FollowerState (FollowerState.java:run(134)) - 4f85e207-6f47-4e3d-8d8e-53c973d1ad4f@group-704C644304A3-FollowerState: change to CANDIDATE, lastRpcElapsedTime:5093835667ns, electionTimeout:5091ms
2021-08-12 00:25:11,013 [4f85e207-6f47-4e3d-8d8e-53c973d1ad4f@group-704C644304A3-FollowerState] INFO  impl.RoleInfo (RoleInfo.java:shutdownFollowerState(108)) - 4f85e207-6f47-4e3d-8d8e-53c973d1ad4f: shutdown 4f85e207-6f47-4e3d-8d8e-53c973d1ad4f@group-704C644304A3-FollowerState
2021-08-12 00:25:11,013 [4f85e207-6f47-4e3d-8d8e-53c973d1ad4f@group-704C644304A3-FollowerState] INFO  server.RaftServer$Division (RaftServerImpl.java:setRole(285)) - 4f85e207-6f47-4e3d-8d8e-53c973d1ad4f@group-704C644304A3: changes role from  FOLLOWER to CANDIDATE at term 0 for changeToCandidate
2021-08-12 00:25:11,016 [4f85e207-6f47-4e3d-8d8e-53c973d1ad4f@group-704C644304A3-FollowerState] INFO  server.RaftServerConfigKeys (ConfUtils.java:logGet(44)) - raft.server.leaderelection.pre-vote = false (custom)
2021-08-12 00:25:11,016 [4f85e207-6f47-4e3d-8d8e-53c973d1ad4f@group-704C644304A3-FollowerState] INFO  impl.RoleInfo (RoleInfo.java:updateAndGet(130)) - 4f85e207-6f47-4e3d-8d8e-53c973d1ad4f: start 4f85e207-6f47-4e3d-8d8e-53c973d1ad4f@group-704C644304A3-LeaderElection39
2021-08-12 00:25:11,031 [grpc-default-executor-0] INFO  server.RaftServer$Division (RaftServerImpl.java:requestVote(1043)) - 4f85e207-6f47-4e3d-8d8e-53c973d1ad4f@group-704C644304A3: receive requestVote(ELECTION, 87d3608b-f9fd-4b10-ba0a-a0d8569acffd, group-704C644304A3, 1, (t:0, i:0))
2021-08-12 00:25:11,032 [grpc-default-executor-0] INFO  impl.VoteContext (VoteContext.java:log(48)) - 4f85e207-6f47-4e3d-8d8e-53c973d1ad4f@group-704C644304A3-CANDIDATE: accept ELECTION from 87d3608b-f9fd-4b10-ba0a-a0d8569acffd: our priority 0 <= candidate's priority 1
2021-08-12 00:25:11,032 [grpc-default-executor-0] INFO  server.RaftServer$Division (RaftServerImpl.java:setRole(285)) - 4f85e207-6f47-4e3d-8d8e-53c973d1ad4f@group-704C644304A3: changes role from CANDIDATE to FOLLOWER at term 1 for candidate:87d3608b-f9fd-4b10-ba0a-a0d8569acffd
2021-08-12 00:25:11,032 [grpc-default-executor-0] INFO  impl.RoleInfo (RoleInfo.java:shutdownLeaderElection(121)) - 4f85e207-6f47-4e3d-8d8e-53c973d1ad4f: shutdown 4f85e207-6f47-4e3d-8d8e-53c973d1ad4f@group-704C644304A3-LeaderElection39
2021-08-12 00:25:11,032 [grpc-default-executor-0] INFO  impl.RoleInfo (RoleInfo.java:updateAndGet(130)) - 4f85e207-6f47-4e3d-8d8e-53c973d1ad4f: start 4f85e207-6f47-4e3d-8d8e-53c973d1ad4f@group-704C644304A3-FollowerState
2021-08-12 00:25:11,036 [grpc-default-executor-0] INFO  server.RaftServer$Division (RaftServerImpl.java:requestVote(1075)) - 4f85e207-6f47-4e3d-8d8e-53c973d1ad4f@group-704C644304A3 replies to ELECTION vote request: 87d3608b-f9fd-4b10-ba0a-a0d8569acffd<-4f85e207-6f47-4e3d-8d8e-53c973d1ad4f#0:OK-t1. Peer's state: 4f85e207-6f47-4e3d-8d8e-53c973d1ad4f@group-704C644304A3:t1, leader=null, voted=87d3608b-f9fd-4b10-ba0a-a0d8569acffd, raftlog=4f85e207-6f47-4e3d-8d8e-53c973d1ad4f@group-704C644304A3-SegmentedRaftLog:OPENED:c-1,f-1,i0, conf=-1: [4f85e207-6f47-4e3d-8d8e-53c973d1ad4f|rpc:10.1.0.56:43657|dataStream:|priority:0, bcde775b-c238-4412-9eeb-a88c910f700f|rpc:10.1.0.56:33235|dataStream:|priority:0, 87d3608b-f9fd-4b10-ba0a-a0d8569acffd|rpc:10.1.0.56:37127|dataStream:|priority:1], old=null
2021-08-12 00:25:11,040 [87d3608b-f9fd-4b10-ba0a-a0d8569acffd@group-704C644304A3-LeaderElection38] INFO  impl.LeaderElection (LeaderElection.java:logAndReturn(89)) - 87d3608b-f9fd-4b10-ba0a-a0d8569acffd@group-704C644304A3-LeaderElection38: ELECTION PASSED received 1 response(s) and 0 exception(s):
2021-08-12 00:25:11,040 [87d3608b-f9fd-4b10-ba0a-a0d8569acffd@group-704C644304A3-LeaderElection38] INFO  impl.LeaderElection (LeaderElection.java:logAndReturn(93)) -   Response 0: 87d3608b-f9fd-4b10-ba0a-a0d8569acffd<-4f85e207-6f47-4e3d-8d8e-53c973d1ad4f#0:OK-t1
2021-08-12 00:25:11,040 [87d3608b-f9fd-4b10-ba0a-a0d8569acffd@group-704C644304A3-LeaderElection38] INFO  impl.LeaderElection (LeaderElection.java:askForVotes(308)) - 87d3608b-f9fd-4b10-ba0a-a0d8569acffd@group-704C644304A3-LeaderElection38 ELECTION round 0: result PASSED
2021-08-12 00:25:11,040 [87d3608b-f9fd-4b10-ba0a-a0d8569acffd@group-704C644304A3-LeaderElection38] INFO  impl.RoleInfo (RoleInfo.java:shutdownLeaderElection(121)) - 87d3608b-f9fd-4b10-ba0a-a0d8569acffd: shutdown 87d3608b-f9fd-4b10-ba0a-a0d8569acffd@group-704C644304A3-LeaderElection38
2021-08-12 00:25:11,040 [87d3608b-f9fd-4b10-ba0a-a0d8569acffd@group-704C644304A3-LeaderElection38] INFO  server.RaftServer$Division (RaftServerImpl.java:setRole(285)) - 87d3608b-f9fd-4b10-ba0a-a0d8569acffd@group-704C644304A3: changes role from CANDIDATE to LEADER at term 1 for changeToLeader
2021-08-12 00:25:11,040 [87d3608b-f9fd-4b10-ba0a-a0d8569acffd@group-704C644304A3-LeaderElection38] INFO  ratis.XceiverServerRatis (XceiverServerRatis.java:handleLeaderChangedNotification(861)) - Leader change notification received for group: group-704C644304A3 with new leaderId: 87d3608b-f9fd-4b10-ba0a-a0d8569acffd
2021-08-12 00:25:11,040 [87d3608b-f9fd-4b10-ba0a-a0d8569acffd@group-704C644304A3-LeaderElection38] INFO  server.RaftServer$Division (ServerState.java:setLeader(285)) - 87d3608b-f9fd-4b10-ba0a-a0d8569acffd@group-704C644304A3: change Leader from null to 87d3608b-f9fd-4b10-ba0a-a0d8569acffd at term 1 for becomeLeader, leader elected after 5219ms
2021-08-12 00:25:11,040 [87d3608b-f9fd-4b10-ba0a-a0d8569acffd@group-704C644304A3-LeaderElection38] INFO  server.RaftServerConfigKeys (ConfUtils.java:logGet(44)) - raft.server.staging.catchup.gap = 1000 (default)
2021-08-12 00:25:11,040 [87d3608b-f9fd-4b10-ba0a-a0d8569acffd@group-704C644304A3-LeaderElection38] INFO  server.RaftServerConfigKeys (ConfUtils.java:logGet(44)) - raft.server.write.element-limit = 1024 (custom)
2021-08-12 00:25:11,040 [87d3608b-f9fd-4b10-ba0a-a0d8569acffd@group-704C644304A3-LeaderElection38] INFO  server.RaftServerConfigKeys (ConfUtils.java:logGet(44)) - raft.server.write.byte-limit = 1024 M (=1073741824) (custom)
2021-08-12 00:25:11,041 [87d3608b-f9fd-4b10-ba0a-a0d8569acffd@group-704C644304A3-LeaderElection38] INFO  server.RaftServerConfigKeys (ConfUtils.java:logGet(44)) - raft.server.watch.timeout = 3000ms (custom)
2021-08-12 00:25:11,041 [87d3608b-f9fd-4b10-ba0a-a0d8569acffd@group-704C644304A3-LeaderElection38] INFO  server.RaftServerConfigKeys (ConfUtils.java:logGet(44)) - raft.server.watch.timeout.denomination = 1s (default)
2021-08-12 00:25:11,041 [87d3608b-f9fd-4b10-ba0a-a0d8569acffd@group-704C644304A3-LeaderElection38] INFO  server.RaftServerConfigKeys (ConfUtils.java:logGet(44)) - raft.server.watch.element-limit = 65536 (default)
2021-08-12 00:25:11,041 [87d3608b-f9fd-4b10-ba0a-a0d8569acffd@group-704C644304A3-LeaderElection38] INFO  server.RaftServerConfigKeys (ConfUtils.java:logGet(44)) - raft.server.log.appender.snapshot.chunk.size.max = 16MB (=16777216) (default)
2021-08-12 00:25:11,041 [87d3608b-f9fd-4b10-ba0a-a0d8569acffd@group-704C644304A3-LeaderElection38] INFO  server.RaftServerConfigKeys (ConfUtils.java:logGet(44)) - raft.server.log.appender.buffer.byte-limit = 33554432 (custom)
2021-08-12 00:25:11,041 [87d3608b-f9fd-4b10-ba0a-a0d8569acffd@group-704C644304A3-LeaderElection38] INFO  server.RaftServerConfigKeys (ConfUtils.java:logGet(44)) - raft.server.log.appender.buffer.element-limit = 1 (custom)
2021-08-12 00:25:11,041 [87d3608b-f9fd-4b10-ba0a-a0d8569acffd@group-704C644304A3-LeaderElection38] INFO  grpc.GrpcConfigKeys (ConfUtils.java:logGet(44)) - raft.grpc.server.leader.outstanding.appends.max = 128 (default)
2021-08-12 00:25:11,041 [87d3608b-f9fd-4b10-ba0a-a0d8569acffd@group-704C644304A3-LeaderElection38] INFO  server.RaftServerConfigKeys (ConfUtils.java:logGet(44)) - raft.server.rpc.request.timeout = 3000ms (default)
2021-08-12 00:25:11,041 [87d3608b-f9fd-4b10-ba0a-a0d8569acffd@group-704C644304A3-LeaderElection38] INFO  server.RaftServerConfigKeys (ConfUtils.java:logGet(44)) - raft.server.log.appender.install.snapshot.enabled = false (custom)
2021-08-12 00:25:11,043 [87d3608b-f9fd-4b10-ba0a-a0d8569acffd@group-704C644304A3-LeaderElection38] INFO  server.RaftServerConfigKeys (ConfUtils.java:logGet(44)) - raft.server.log.appender.snapshot.chunk.size.max = 16MB (=16777216) (default)
2021-08-12 00:25:11,043 [87d3608b-f9fd-4b10-ba0a-a0d8569acffd@group-704C644304A3-LeaderElection38] INFO  server.RaftServerConfigKeys (ConfUtils.java:logGet(44)) - raft.server.log.appender.buffer.byte-limit = 33554432 (custom)
2021-08-12 00:25:11,043 [87d3608b-f9fd-4b10-ba0a-a0d8569acffd@group-704C644304A3-LeaderElection38] INFO  server.RaftServerConfigKeys (ConfUtils.java:logGet(44)) - raft.server.log.appender.buffer.element-limit = 1 (custom)
2021-08-12 00:25:11,043 [87d3608b-f9fd-4b10-ba0a-a0d8569acffd@group-704C644304A3-LeaderElection38] INFO  grpc.GrpcConfigKeys (ConfUtils.java:logGet(44)) - raft.grpc.server.leader.outstanding.appends.max = 128 (default)
2021-08-12 00:25:11,043 [87d3608b-f9fd-4b10-ba0a-a0d8569acffd@group-704C644304A3-LeaderElection38] INFO  server.RaftServerConfigKeys (ConfUtils.java:logGet(44)) - raft.server.rpc.request.timeout = 3000ms (default)
2021-08-12 00:25:11,043 [87d3608b-f9fd-4b10-ba0a-a0d8569acffd@group-704C644304A3-LeaderElection38] INFO  server.RaftServerConfigKeys (ConfUtils.java:logGet(44)) - raft.server.log.appender.install.snapshot.enabled = false (custom)
2021-08-12 00:25:11,044 [87d3608b-f9fd-4b10-ba0a-a0d8569acffd@group-704C644304A3-LeaderElection38] INFO  impl.RoleInfo (RoleInfo.java:updateAndGet(130)) - 87d3608b-f9fd-4b10-ba0a-a0d8569acffd: start 87d3608b-f9fd-4b10-ba0a-a0d8569acffd@group-704C644304A3-LeaderStateImpl
2021-08-12 00:25:11,045 [Datanode State Machine Thread - 0] WARN  statemachine.StateContext (StateContext.java:execute(621)) - No available thread in pool for past 1 seconds.
2021-08-12 00:25:11,046 [EventQueue-PipelineReportForPipelineReportHandler] INFO  pipeline.PipelineManagerImpl (PipelineManagerImpl.java:openPipeline(283)) - Pipeline Pipeline[ Id: 16c28a69-4c10-4b94-8ad6-704c644304a3, Nodes: 4f85e207-6f47-4e3d-8d8e-53c973d1ad4f{ip: 10.1.0.56, host: fv-az50-214.grzltbmokehuzjyc5b133kdqgh.cx.internal.cloudapp.net, ports: [REPLICATION=42597, RATIS=43657, RATIS_ADMIN=43657, RATIS_SERVER=43657, STANDALONE=41825], networkLocation: /default-rack, certSerialId: null, persistedOpState: IN_SERVICE, persistedOpStateExpiryEpochSec: 0}bcde775b-c238-4412-9eeb-a88c910f700f{ip: 10.1.0.56, host: fv-az50-214.grzltbmokehuzjyc5b133kdqgh.cx.internal.cloudapp.net, ports: [REPLICATION=42723, RATIS=33235, RATIS_ADMIN=33235, RATIS_SERVER=33235, STANDALONE=37815], networkLocation: /default-rack, certSerialId: null, persistedOpState: IN_SERVICE, persistedOpStateExpiryEpochSec: 0}87d3608b-f9fd-4b10-ba0a-a0d8569acffd{ip: 10.1.0.56, host: fv-az50-214.grzltbmokehuzjyc5b133kdqgh.cx.internal.cloudapp.net, ports: [REPLICATION=35031, RATIS=37127, RATIS_ADMIN=37127, RATIS_SERVER=37127, STANDALONE=36695], networkLocation: /default-rack, certSerialId: null, persistedOpState: IN_SERVICE, persistedOpStateExpiryEpochSec: 0}, ReplicationConfig: RATIS/THREE, State:ALLOCATED, leaderId:87d3608b-f9fd-4b10-ba0a-a0d8569acffd, CreationTimestamp2021-08-12T00:25:03.846Z[Etc/UTC]] moved to OPEN state
2021-08-12 00:25:11,047 [grpc-default-executor-2] INFO  server.RaftServer$Division (RaftServerImpl.java:requestVote(1043)) - bcde775b-c238-4412-9eeb-a88c910f700f@group-704C644304A3: receive requestVote(ELECTION, 87d3608b-f9fd-4b10-ba0a-a0d8569acffd, group-704C644304A3, 1, (t:0, i:0))
2021-08-12 00:25:11,047 [grpc-default-executor-2] INFO  impl.VoteContext (VoteContext.java:log(48)) - bcde775b-c238-4412-9eeb-a88c910f700f@group-704C644304A3-FOLLOWER: accept ELECTION from 87d3608b-f9fd-4b10-ba0a-a0d8569acffd: our priority 0 <= candidate's priority 1
2021-08-12 00:25:11,047 [grpc-default-executor-2] INFO  server.RaftServer$Division (RaftServerImpl.java:setRole(285)) - bcde775b-c238-4412-9eeb-a88c910f700f@group-704C644304A3: changes role from  FOLLOWER to FOLLOWER at term 1 for candidate:87d3608b-f9fd-4b10-ba0a-a0d8569acffd
2021-08-12 00:25:11,047 [grpc-default-executor-2] INFO  impl.RoleInfo (RoleInfo.java:shutdownFollowerState(108)) - bcde775b-c238-4412-9eeb-a88c910f700f: shutdown bcde775b-c238-4412-9eeb-a88c910f700f@group-704C644304A3-FollowerState
2021-08-12 00:25:11,047 [grpc-default-executor-2] INFO  impl.RoleInfo (RoleInfo.java:updateAndGet(130)) - bcde775b-c238-4412-9eeb-a88c910f700f: start bcde775b-c238-4412-9eeb-a88c910f700f@group-704C644304A3-FollowerState
2021-08-12 00:25:11,048 [4f85e207-6f47-4e3d-8d8e-53c973d1ad4f@group-704C644304A3-LeaderElection39] INFO  impl.LeaderElection (LeaderElection.java:run(230)) - 4f85e207-6f47-4e3d-8d8e-53c973d1ad4f@group-704C644304A3-LeaderElection39: skip running since this is already CLOSING
2021-08-12 00:25:11,048 [grpc-default-executor-2] INFO  server.RaftServer$Division (RaftServerImpl.java:requestVote(1075)) - bcde775b-c238-4412-9eeb-a88c910f700f@group-704C644304A3 replies to ELECTION vote request: 87d3608b-f9fd-4b10-ba0a-a0d8569acffd<-bcde775b-c238-4412-9eeb-a88c910f700f#0:OK-t1. Peer's state: bcde775b-c238-4412-9eeb-a88c910f700f@group-704C644304A3:t1, leader=null, voted=87d3608b-f9fd-4b10-ba0a-a0d8569acffd, raftlog=bcde775b-c238-4412-9eeb-a88c910f700f@group-704C644304A3-SegmentedRaftLog:OPENED:c-1,f-1,i0, conf=-1: [4f85e207-6f47-4e3d-8d8e-53c973d1ad4f|rpc:10.1.0.56:43657|dataStream:|priority:0, bcde775b-c238-4412-9eeb-a88c910f700f|rpc:10.1.0.56:33235|dataStream:|priority:0, 87d3608b-f9fd-4b10-ba0a-a0d8569acffd|rpc:10.1.0.56:37127|dataStream:|priority:1], old=null
2021-08-12 00:25:11,049 [bcde775b-c238-4412-9eeb-a88c910f700f@group-704C644304A3-FollowerState] INFO  impl.FollowerState (FollowerState.java:run(143)) - bcde775b-c238-4412-9eeb-a88c910f700f@group-704C644304A3-FollowerState was interrupted: {}
java.lang.InterruptedException: sleep interrupted
	at java.lang.Thread.sleep(Native Method)
	at java.lang.Thread.sleep(Thread.java:340)
	at java.util.concurrent.TimeUnit.sleep(TimeUnit.java:386)
	at org.apache.ratis.util.TimeDuration.sleep(TimeDuration.java:324)
	at org.apache.ratis.util.TimeDuration.sleep(TimeDuration.java:309)
	at org.apache.ratis.server.impl.FollowerState.run(FollowerState.java:118)
2021-08-12 00:25:11,059 [87d3608b-f9fd-4b10-ba0a-a0d8569acffd@group-704C644304A3-LeaderElection38] INFO  segmented.SegmentedRaftLogWorker (SegmentedRaftLogWorker.java:startLogSegment(394)) - 87d3608b-f9fd-4b10-ba0a-a0d8569acffd@group-704C644304A3-SegmentedRaftLogWorker: Starting segment from index:0
2021-08-12 00:25:11,064 [87d3608b-f9fd-4b10-ba0a-a0d8569acffd@group-704C644304A3-SegmentedRaftLogWorker] INFO  segmented.SegmentedRaftLogWorker (SegmentedRaftLogWorker.java:execute(601)) - 87d3608b-f9fd-4b10-ba0a-a0d8569acffd@group-704C644304A3-SegmentedRaftLogWorker: created new log segment /home/runner/work/ozone/ozone/hadoop-ozone/integration-test/target/test-dir/MiniOzoneClusterImpl-a42b6446-58ec-43bb-8d59-9c3f88cf101c/datanode-6/data/ratis/16c28a69-4c10-4b94-8ad6-704c644304a3/current/log_inprogress_0
2021-08-12 00:25:11,086 [grpc-default-executor-2] INFO  ratis.XceiverServerRatis (XceiverServerRatis.java:handleLeaderChangedNotification(861)) - Leader change notification received for group: group-704C644304A3 with new leaderId: 87d3608b-f9fd-4b10-ba0a-a0d8569acffd
2021-08-12 00:25:11,086 [grpc-default-executor-2] INFO  server.RaftServer$Division (ServerState.java:setLeader(285)) - 4f85e207-6f47-4e3d-8d8e-53c973d1ad4f@group-704C644304A3: change Leader from null to 87d3608b-f9fd-4b10-ba0a-a0d8569acffd at term 1 for appendEntries, leader elected after 5172ms
2021-08-12 00:25:11,106 [87d3608b-f9fd-4b10-ba0a-a0d8569acffd@group-704C644304A3-LeaderElection38] INFO  server.RaftServer$Division (ServerState.java:setRaftConf(387)) - 87d3608b-f9fd-4b10-ba0a-a0d8569acffd@group-704C644304A3: set configuration 0: [4f85e207-6f47-4e3d-8d8e-53c973d1ad4f|rpc:10.1.0.56:43657|dataStream:|priority:0, bcde775b-c238-4412-9eeb-a88c910f700f|rpc:10.1.0.56:33235|dataStream:|priority:0, 87d3608b-f9fd-4b10-ba0a-a0d8569acffd|rpc:10.1.0.56:37127|dataStream:|priority:1], old=null
2021-08-12 00:25:11,134 [grpc-default-executor-2] INFO  server.RaftServer$Division (ServerState.java:setRaftConf(387)) - 4f85e207-6f47-4e3d-8d8e-53c973d1ad4f@group-704C644304A3: set configuration 0: [4f85e207-6f47-4e3d-8d8e-53c973d1ad4f|rpc:10.1.0.56:43657|dataStream:|priority:0, bcde775b-c238-4412-9eeb-a88c910f700f|rpc:10.1.0.56:33235|dataStream:|priority:0, 87d3608b-f9fd-4b10-ba0a-a0d8569acffd|rpc:10.1.0.56:37127|dataStream:|priority:1], old=null
2021-08-12 00:25:11,134 [grpc-default-executor-2] INFO  segmented.SegmentedRaftLogWorker (SegmentedRaftLogWorker.java:startLogSegment(394)) - 4f85e207-6f47-4e3d-8d8e-53c973d1ad4f@group-704C644304A3-SegmentedRaftLogWorker: Starting segment from index:0
2021-08-12 00:25:11,135 [grpc-default-executor-3] INFO  ratis.XceiverServerRatis (XceiverServerRatis.java:handleLeaderChangedNotification(861)) - Leader change notification received for group: group-704C644304A3 with new leaderId: 87d3608b-f9fd-4b10-ba0a-a0d8569acffd
2021-08-12 00:25:11,135 [grpc-default-executor-3] INFO  server.RaftServer$Division (ServerState.java:setLeader(285)) - bcde775b-c238-4412-9eeb-a88c910f700f@group-704C644304A3: change Leader from null to 87d3608b-f9fd-4b10-ba0a-a0d8569acffd at term 1 for appendEntries, leader elected after 5129ms
2021-08-12 00:25:11,137 [4f85e207-6f47-4e3d-8d8e-53c973d1ad4f@group-704C644304A3-SegmentedRaftLogWorker] INFO  segmented.SegmentedRaftLogWorker (SegmentedRaftLogWorker.java:execute(601)) - 4f85e207-6f47-4e3d-8d8e-53c973d1ad4f@group-704C644304A3-SegmentedRaftLogWorker: created new log segment /home/runner/work/ozone/ozone/hadoop-ozone/integration-test/target/test-dir/MiniOzoneClusterImpl-a42b6446-58ec-43bb-8d59-9c3f88cf101c/datanode-8/data/ratis/16c28a69-4c10-4b94-8ad6-704c644304a3/current/log_inprogress_0
2021-08-12 00:25:11,142 [grpc-default-executor-3] INFO  server.RaftServer$Division (ServerState.java:setRaftConf(387)) - bcde775b-c238-4412-9eeb-a88c910f700f@group-704C644304A3: set configuration 0: [4f85e207-6f47-4e3d-8d8e-53c973d1ad4f|rpc:10.1.0.56:43657|dataStream:|priority:0, bcde775b-c238-4412-9eeb-a88c910f700f|rpc:10.1.0.56:33235|dataStream:|priority:0, 87d3608b-f9fd-4b10-ba0a-a0d8569acffd|rpc:10.1.0.56:37127|dataStream:|priority:1], old=null
2021-08-12 00:25:11,143 [grpc-default-executor-3] INFO  segmented.SegmentedRaftLogWorker (SegmentedRaftLogWorker.java:startLogSegment(394)) - bcde775b-c238-4412-9eeb-a88c910f700f@group-704C644304A3-SegmentedRaftLogWorker: Starting segment from index:0
2021-08-12 00:25:11,146 [bcde775b-c238-4412-9eeb-a88c910f700f@group-704C644304A3-SegmentedRaftLogWorker] INFO  segmented.SegmentedRaftLogWorker (SegmentedRaftLogWorker.java:execute(601)) - bcde775b-c238-4412-9eeb-a88c910f700f@group-704C644304A3-SegmentedRaftLogWorker: created new log segment /home/runner/work/ozone/ozone/hadoop-ozone/integration-test/target/test-dir/MiniOzoneClusterImpl-a42b6446-58ec-43bb-8d59-9c3f88cf101c/datanode-7/data/ratis/16c28a69-4c10-4b94-8ad6-704c644304a3/current/log_inprogress_0
2021-08-12 00:25:11,332 [bcde775b-c238-4412-9eeb-a88c910f700f@group-23AA8F2B890B-FollowerState] INFO  impl.FollowerState (FollowerState.java:run(134)) - bcde775b-c238-4412-9eeb-a88c910f700f@group-23AA8F2B890B-FollowerState: change to CANDIDATE, lastRpcElapsedTime:5042264454ns, electionTimeout:5034ms
2021-08-12 00:25:11,332 [bcde775b-c238-4412-9eeb-a88c910f700f@group-23AA8F2B890B-FollowerState] INFO  impl.RoleInfo (RoleInfo.java:shutdownFollowerState(108)) - bcde775b-c238-4412-9eeb-a88c910f700f: shutdown bcde775b-c238-4412-9eeb-a88c910f700f@group-23AA8F2B890B-FollowerState
2021-08-12 00:25:11,332 [bcde775b-c238-4412-9eeb-a88c910f700f@group-23AA8F2B890B-FollowerState] INFO  server.RaftServer$Division (RaftServerImpl.java:setRole(285)) - bcde775b-c238-4412-9eeb-a88c910f700f@group-23AA8F2B890B: changes role from  FOLLOWER to CANDIDATE at term 0 for changeToCandidate
2021-08-12 00:25:11,332 [bcde775b-c238-4412-9eeb-a88c910f700f@group-23AA8F2B890B-FollowerState] INFO  server.RaftServerConfigKeys (ConfUtils.java:logGet(44)) - raft.server.leaderelection.pre-vote = false (custom)
2021-08-12 00:25:11,332 [bcde775b-c238-4412-9eeb-a88c910f700f@group-23AA8F2B890B-FollowerState] INFO  impl.RoleInfo (RoleInfo.java:updateAndGet(130)) - bcde775b-c238-4412-9eeb-a88c910f700f: start bcde775b-c238-4412-9eeb-a88c910f700f@group-23AA8F2B890B-LeaderElection40
2021-08-12 00:25:11,346 [bcde775b-c238-4412-9eeb-a88c910f700f@group-23AA8F2B890B-LeaderElection40] INFO  impl.LeaderElection (LeaderElection.java:askForVotes(306)) - bcde775b-c238-4412-9eeb-a88c910f700f@group-23AA8F2B890B-LeaderElection40 ELECTION round 0: submit vote requests at term 1 for -1: [bcde775b-c238-4412-9eeb-a88c910f700f|rpc:10.1.0.56:33235|priority:1], old=null
2021-08-12 00:25:11,346 [bcde775b-c238-4412-9eeb-a88c910f700f@group-23AA8F2B890B-LeaderElection40] INFO  impl.LeaderElection (LeaderElection.java:askForVotes(308)) - bcde775b-c238-4412-9eeb-a88c910f700f@group-23AA8F2B890B-LeaderElection40 ELECTION round 0: result PASSED (term=1)
2021-08-12 00:25:11,346 [bcde775b-c238-4412-9eeb-a88c910f700f@group-23AA8F2B890B-LeaderElection40] INFO  impl.RoleInfo (RoleInfo.java:shutdownLeaderElection(121)) - bcde775b-c238-4412-9eeb-a88c910f700f: shutdown bcde775b-c238-4412-9eeb-a88c910f700f@group-23AA8F2B890B-LeaderElection40
2021-08-12 00:25:11,346 [bcde775b-c238-4412-9eeb-a88c910f700f@group-23AA8F2B890B-LeaderElection40] INFO  server.RaftServer$Division (RaftServerImpl.java:setRole(285)) - bcde775b-c238-4412-9eeb-a88c910f700f@group-23AA8F2B890B: changes role from CANDIDATE to LEADER at term 1 for changeToLeader
2021-08-12 00:25:11,346 [bcde775b-c238-4412-9eeb-a88c910f700f@group-23AA8F2B890B-LeaderElection40] INFO  ratis.XceiverServerRatis (XceiverServerRatis.java:handleLeaderChangedNotification(861)) - Leader change notification received for group: group-23AA8F2B890B with new leaderId: bcde775b-c238-4412-9eeb-a88c910f700f
2021-08-12 00:25:11,346 [Datanode State Machine Thread - 0] WARN  statemachine.StateContext (StateContext.java:execute(621)) - No available thread in pool for past 1 seconds.
2021-08-12 00:25:11,348 [bcde775b-c238-4412-9eeb-a88c910f700f@group-23AA8F2B890B-LeaderElection40] INFO  server.RaftServer$Division (ServerState.java:setLeader(285)) - bcde775b-c238-4412-9eeb-a88c910f700f@group-23AA8F2B890B: change Leader from null to bcde775b-c238-4412-9eeb-a88c910f700f at term 1 for becomeLeader, leader elected after 5062ms
2021-08-12 00:25:11,348 [bcde775b-c238-4412-9eeb-a88c910f700f@group-23AA8F2B890B-LeaderElection40] INFO  server.RaftServerConfigKeys (ConfUtils.java:logGet(44)) - raft.server.staging.catchup.gap = 1000 (default)
2021-08-12 00:25:11,349 [bcde775b-c238-4412-9eeb-a88c910f700f@group-23AA8F2B890B-LeaderElection40] INFO  server.RaftServerConfigKeys (ConfUtils.java:logGet(44)) - raft.server.write.element-limit = 1024 (custom)
2021-08-12 00:25:11,349 [bcde775b-c238-4412-9eeb-a88c910f700f@group-23AA8F2B890B-LeaderElection40] INFO  server.RaftServerConfigKeys (ConfUtils.java:logGet(44)) - raft.server.write.byte-limit = 1024 M (=1073741824) (custom)
2021-08-12 00:25:11,349 [bcde775b-c238-4412-9eeb-a88c910f700f@group-23AA8F2B890B-LeaderElection40] INFO  server.RaftServerConfigKeys (ConfUtils.java:logGet(44)) - raft.server.watch.timeout = 3000ms (custom)
2021-08-12 00:25:11,349 [bcde775b-c238-4412-9eeb-a88c910f700f@group-23AA8F2B890B-LeaderElection40] INFO  server.RaftServerConfigKeys (ConfUtils.java:logGet(44)) - raft.server.watch.timeout.denomination = 1s (default)
2021-08-12 00:25:11,349 [bcde775b-c238-4412-9eeb-a88c910f700f@group-23AA8F2B890B-LeaderElection40] INFO  server.RaftServerConfigKeys (ConfUtils.java:logGet(44)) - raft.server.watch.element-limit = 65536 (default)
2021-08-12 00:25:11,349 [bcde775b-c238-4412-9eeb-a88c910f700f@group-23AA8F2B890B-LeaderElection40] INFO  impl.RoleInfo (RoleInfo.java:updateAndGet(130)) - bcde775b-c238-4412-9eeb-a88c910f700f: start bcde775b-c238-4412-9eeb-a88c910f700f@group-23AA8F2B890B-LeaderStateImpl
2021-08-12 00:25:11,350 [bcde775b-c238-4412-9eeb-a88c910f700f@group-23AA8F2B890B-LeaderElection40] INFO  segmented.SegmentedRaftLogWorker (SegmentedRaftLogWorker.java:startLogSegment(394)) - bcde775b-c238-4412-9eeb-a88c910f700f@group-23AA8F2B890B-SegmentedRaftLogWorker: Starting segment from index:0
2021-08-12 00:25:11,354 [bcde775b-c238-4412-9eeb-a88c910f700f@group-23AA8F2B890B-LeaderElection40] INFO  server.RaftServer$Division (ServerState.java:setRaftConf(387)) - bcde775b-c238-4412-9eeb-a88c910f700f@group-23AA8F2B890B: set configuration 0: [bcde775b-c238-4412-9eeb-a88c910f700f|rpc:10.1.0.56:33235|dataStream:|priority:1], old=null
2021-08-12 00:25:11,354 [bcde775b-c238-4412-9eeb-a88c910f700f@group-23AA8F2B890B-SegmentedRaftLogWorker] INFO  segmented.SegmentedRaftLogWorker (SegmentedRaftLogWorker.java:execute(601)) - bcde775b-c238-4412-9eeb-a88c910f700f@group-23AA8F2B890B-SegmentedRaftLogWorker: created new log segment /home/runner/work/ozone/ozone/hadoop-ozone/integration-test/target/test-dir/MiniOzoneClusterImpl-a42b6446-58ec-43bb-8d59-9c3f88cf101c/datanode-7/data/ratis/83b1a2bc-e20b-4648-afa2-23aa8f2b890b/current/log_inprogress_0
2021-08-12 00:25:12,037 [4f85e207-6f47-4e3d-8d8e-53c973d1ad4f@group-4E07336F3F7B-FollowerState] INFO  impl.FollowerState (FollowerState.java:run(134)) - 4f85e207-6f47-4e3d-8d8e-53c973d1ad4f@group-4E07336F3F7B-FollowerState: change to CANDIDATE, lastRpcElapsedTime:5154435007ns, electionTimeout:5150ms
2021-08-12 00:25:12,037 [4f85e207-6f47-4e3d-8d8e-53c973d1ad4f@group-4E07336F3F7B-FollowerState] INFO  impl.RoleInfo (RoleInfo.java:shutdownFollowerState(108)) - 4f85e207-6f47-4e3d-8d8e-53c973d1ad4f: shutdown 4f85e207-6f47-4e3d-8d8e-53c973d1ad4f@group-4E07336F3F7B-FollowerState
2021-08-12 00:25:12,037 [4f85e207-6f47-4e3d-8d8e-53c973d1ad4f@group-4E07336F3F7B-FollowerState] INFO  server.RaftServer$Division (RaftServerImpl.java:setRole(285)) - 4f85e207-6f47-4e3d-8d8e-53c973d1ad4f@group-4E07336F3F7B: changes role from  FOLLOWER to CANDIDATE at term 0 for changeToCandidate
2021-08-12 00:25:12,037 [4f85e207-6f47-4e3d-8d8e-53c973d1ad4f@group-4E07336F3F7B-FollowerState] INFO  server.RaftServerConfigKeys (ConfUtils.java:logGet(44)) - raft.server.leaderelection.pre-vote = false (custom)
2021-08-12 00:25:12,037 [4f85e207-6f47-4e3d-8d8e-53c973d1ad4f@group-4E07336F3F7B-FollowerState] INFO  impl.RoleInfo (RoleInfo.java:updateAndGet(130)) - 4f85e207-6f47-4e3d-8d8e-53c973d1ad4f: start 4f85e207-6f47-4e3d-8d8e-53c973d1ad4f@group-4E07336F3F7B-LeaderElection41
2021-08-12 00:25:12,048 [4f85e207-6f47-4e3d-8d8e-53c973d1ad4f@group-4E07336F3F7B-LeaderElection41] INFO  impl.LeaderElection (LeaderElection.java:askForVotes(306)) - 4f85e207-6f47-4e3d-8d8e-53c973d1ad4f@group-4E07336F3F7B-LeaderElection41 ELECTION round 0: submit vote requests at term 1 for -1: [4f85e207-6f47-4e3d-8d8e-53c973d1ad4f|rpc:10.1.0.56:43657|priority:1], old=null
2021-08-12 00:25:12,048 [4f85e207-6f47-4e3d-8d8e-53c973d1ad4f@group-4E07336F3F7B-LeaderElection41] INFO  impl.LeaderElection (LeaderElection.java:askForVotes(308)) - 4f85e207-6f47-4e3d-8d8e-53c973d1ad4f@group-4E07336F3F7B-LeaderElection41 ELECTION round 0: result PASSED (term=1)
2021-08-12 00:25:12,048 [4f85e207-6f47-4e3d-8d8e-53c973d1ad4f@group-4E07336F3F7B-LeaderElection41] INFO  impl.RoleInfo (RoleInfo.java:shutdownLeaderElection(121)) - 4f85e207-6f47-4e3d-8d8e-53c973d1ad4f: shutdown 4f85e207-6f47-4e3d-8d8e-53c973d1ad4f@group-4E07336F3F7B-LeaderElection41
2021-08-12 00:25:12,048 [4f85e207-6f47-4e3d-8d8e-53c973d1ad4f@group-4E07336F3F7B-LeaderElection41] INFO  server.RaftServer$Division (RaftServerImpl.java:setRole(285)) - 4f85e207-6f47-4e3d-8d8e-53c973d1ad4f@group-4E07336F3F7B: changes role from CANDIDATE to LEADER at term 1 for changeToLeader
2021-08-12 00:25:12,049 [4f85e207-6f47-4e3d-8d8e-53c973d1ad4f@group-4E07336F3F7B-LeaderElection41] INFO  ratis.XceiverServerRatis (XceiverServerRatis.java:handleLeaderChangedNotification(861)) - Leader change notification received for group: group-4E07336F3F7B with new leaderId: 4f85e207-6f47-4e3d-8d8e-53c973d1ad4f
2021-08-12 00:25:12,049 [4f85e207-6f47-4e3d-8d8e-53c973d1ad4f@group-4E07336F3F7B-LeaderElection41] INFO  server.RaftServer$Division (ServerState.java:setLeader(285)) - 4f85e207-6f47-4e3d-8d8e-53c973d1ad4f@group-4E07336F3F7B: change Leader from null to 4f85e207-6f47-4e3d-8d8e-53c973d1ad4f at term 1 for becomeLeader, leader elected after 5199ms
2021-08-12 00:25:12,049 [4f85e207-6f47-4e3d-8d8e-53c973d1ad4f@group-4E07336F3F7B-LeaderElection41] INFO  server.RaftServerConfigKeys (ConfUtils.java:logGet(44)) - raft.server.staging.catchup.gap = 1000 (default)
2021-08-12 00:25:12,049 [4f85e207-6f47-4e3d-8d8e-53c973d1ad4f@group-4E07336F3F7B-LeaderElection41] INFO  server.RaftServerConfigKeys (ConfUtils.java:logGet(44)) - raft.server.write.element-limit = 1024 (custom)
2021-08-12 00:25:12,049 [4f85e207-6f47-4e3d-8d8e-53c973d1ad4f@group-4E07336F3F7B-LeaderElection41] INFO  server.RaftServerConfigKeys (ConfUtils.java:logGet(44)) - raft.server.write.byte-limit = 1024 M (=1073741824) (custom)
2021-08-12 00:25:12,050 [4f85e207-6f47-4e3d-8d8e-53c973d1ad4f@group-4E07336F3F7B-LeaderElection41] INFO  server.RaftServerConfigKeys (ConfUtils.java:logGet(44)) - raft.server.watch.timeout = 3000ms (custom)
2021-08-12 00:25:12,050 [4f85e207-6f47-4e3d-8d8e-53c973d1ad4f@group-4E07336F3F7B-LeaderElection41] INFO  server.RaftServerConfigKeys (ConfUtils.java:logGet(44)) - raft.server.watch.timeout.denomination = 1s (default)
2021-08-12 00:25:12,050 [4f85e207-6f47-4e3d-8d8e-53c973d1ad4f@group-4E07336F3F7B-LeaderElection41] INFO  server.RaftServerConfigKeys (ConfUtils.java:logGet(44)) - raft.server.watch.element-limit = 65536 (default)
2021-08-12 00:25:12,049 [Datanode State Machine Thread - 0] WARN  statemachine.StateContext (StateContext.java:execute(621)) - No available thread in pool for past 1 seconds.
2021-08-12 00:25:12,050 [4f85e207-6f47-4e3d-8d8e-53c973d1ad4f@group-4E07336F3F7B-LeaderElection41] INFO  impl.RoleInfo (RoleInfo.java:updateAndGet(130)) - 4f85e207-6f47-4e3d-8d8e-53c973d1ad4f: start 4f85e207-6f47-4e3d-8d8e-53c973d1ad4f@group-4E07336F3F7B-LeaderStateImpl
2021-08-12 00:25:12,050 [4f85e207-6f47-4e3d-8d8e-53c973d1ad4f@group-4E07336F3F7B-LeaderElection41] INFO  segmented.SegmentedRaftLogWorker (SegmentedRaftLogWorker.java:startLogSegment(394)) - 4f85e207-6f47-4e3d-8d8e-53c973d1ad4f@group-4E07336F3F7B-SegmentedRaftLogWorker: Starting segment from index:0
2021-08-12 00:25:12,052 [4f85e207-6f47-4e3d-8d8e-53c973d1ad4f@group-4E07336F3F7B-SegmentedRaftLogWorker] INFO  segmented.SegmentedRaftLogWorker (SegmentedRaftLogWorker.java:execute(601)) - 4f85e207-6f47-4e3d-8d8e-53c973d1ad4f@group-4E07336F3F7B-SegmentedRaftLogWorker: created new log segment /home/runner/work/ozone/ozone/hadoop-ozone/integration-test/target/test-dir/MiniOzoneClusterImpl-a42b6446-58ec-43bb-8d59-9c3f88cf101c/datanode-8/data/ratis/c3f55f14-d222-4b59-81e4-4e07336f3f7b/current/log_inprogress_0
2021-08-12 00:25:12,086 [4f85e207-6f47-4e3d-8d8e-53c973d1ad4f@group-4E07336F3F7B-LeaderElection41] INFO  server.RaftServer$Division (ServerState.java:setRaftConf(387)) - 4f85e207-6f47-4e3d-8d8e-53c973d1ad4f@group-4E07336F3F7B: set configuration 0: [4f85e207-6f47-4e3d-8d8e-53c973d1ad4f|rpc:10.1.0.56:43657|dataStream:|priority:1], old=null
2021-08-12 00:25:12,953 [5b202ae5-680d-43fe-be69-63ca12314317@group-427675ACF13C-FollowerState] INFO  impl.FollowerState (FollowerState.java:run(134)) - 5b202ae5-680d-43fe-be69-63ca12314317@group-427675ACF13C-FollowerState: change to CANDIDATE, lastRpcElapsedTime:5086371683ns, electionTimeout:5036ms
2021-08-12 00:25:12,953 [5b202ae5-680d-43fe-be69-63ca12314317@group-427675ACF13C-FollowerState] INFO  impl.RoleInfo (RoleInfo.java:shutdownFollowerState(108)) - 5b202ae5-680d-43fe-be69-63ca12314317: shutdown 5b202ae5-680d-43fe-be69-63ca12314317@group-427675ACF13C-FollowerState
2021-08-12 00:25:12,953 [5b202ae5-680d-43fe-be69-63ca12314317@group-427675ACF13C-FollowerState] INFO  server.RaftServer$Division (RaftServerImpl.java:setRole(285)) - 5b202ae5-680d-43fe-be69-63ca12314317@group-427675ACF13C: changes role from  FOLLOWER to CANDIDATE at term 2 for changeToCandidate
2021-08-12 00:25:12,953 [5b202ae5-680d-43fe-be69-63ca12314317@group-427675ACF13C-FollowerState] INFO  server.RaftServerConfigKeys (ConfUtils.java:logGet(44)) - raft.server.leaderelection.pre-vote = false (custom)
2021-08-12 00:25:12,953 [5b202ae5-680d-43fe-be69-63ca12314317@group-427675ACF13C-FollowerState] INFO  impl.RoleInfo (RoleInfo.java:updateAndGet(130)) - 5b202ae5-680d-43fe-be69-63ca12314317: start 5b202ae5-680d-43fe-be69-63ca12314317@group-427675ACF13C-LeaderElection42
2021-08-12 00:25:12,974 [5b202ae5-680d-43fe-be69-63ca12314317@group-427675ACF13C-LeaderElection42] INFO  impl.LeaderElection (LeaderElection.java:askForVotes(306)) - 5b202ae5-680d-43fe-be69-63ca12314317@group-427675ACF13C-LeaderElection42 ELECTION round 0: submit vote requests at term 3 for 0: [c2eb00da-4d4a-4ac5-8b23-45ecd8b85c7f|rpc:10.1.0.56:41045|dataStream:|priority:0, 5b202ae5-680d-43fe-be69-63ca12314317|rpc:10.1.0.56:39647|dataStream:|priority:1, ef23a805-c360-46f9-a5ff-61453c052e9c|rpc:10.1.0.56:45291|dataStream:|priority:0], old=null
2021-08-12 00:25:13,013 [grpc-default-executor-2] INFO  server.RaftServer$Division (RaftServerImpl.java:requestVote(1043)) - c2eb00da-4d4a-4ac5-8b23-45ecd8b85c7f@group-427675ACF13C: receive requestVote(ELECTION, 5b202ae5-680d-43fe-be69-63ca12314317, group-427675ACF13C, 3, (t:1, i:0))
2021-08-12 00:25:13,014 [grpc-default-executor-2] INFO  impl.VoteContext (VoteContext.java:log(48)) - c2eb00da-4d4a-4ac5-8b23-45ecd8b85c7f@group-427675ACF13C-FOLLOWER: accept ELECTION from 5b202ae5-680d-43fe-be69-63ca12314317: our last entry null < candidate's last entry (t:1, i:0)
2021-08-12 00:25:13,014 [grpc-default-executor-2] INFO  server.RaftServer$Division (RaftServerImpl.java:setRole(285)) - c2eb00da-4d4a-4ac5-8b23-45ecd8b85c7f@group-427675ACF13C: changes role from  FOLLOWER to FOLLOWER at term 3 for candidate:5b202ae5-680d-43fe-be69-63ca12314317
2021-08-12 00:25:13,014 [grpc-default-executor-2] INFO  impl.RoleInfo (RoleInfo.java:shutdownFollowerState(108)) - c2eb00da-4d4a-4ac5-8b23-45ecd8b85c7f: shutdown c2eb00da-4d4a-4ac5-8b23-45ecd8b85c7f@group-427675ACF13C-FollowerState
2021-08-12 00:25:13,014 [grpc-default-executor-2] INFO  impl.RoleInfo (RoleInfo.java:updateAndGet(130)) - c2eb00da-4d4a-4ac5-8b23-45ecd8b85c7f: start c2eb00da-4d4a-4ac5-8b23-45ecd8b85c7f@group-427675ACF13C-FollowerState
2021-08-12 00:25:13,014 [c2eb00da-4d4a-4ac5-8b23-45ecd8b85c7f@group-427675ACF13C-FollowerState] INFO  impl.FollowerState (FollowerState.java:run(143)) - c2eb00da-4d4a-4ac5-8b23-45ecd8b85c7f@group-427675ACF13C-FollowerState was interrupted: {}
java.lang.InterruptedException: sleep interrupted
	at java.lang.Thread.sleep(Native Method)
	at java.lang.Thread.sleep(Thread.java:340)
	at java.util.concurrent.TimeUnit.sleep(TimeUnit.java:386)
	at org.apache.ratis.util.TimeDuration.sleep(TimeDuration.java:324)
	at org.apache.ratis.util.TimeDuration.sleep(TimeDuration.java:309)
	at org.apache.ratis.server.impl.FollowerState.run(FollowerState.java:118)
2021-08-12 00:25:13,036 [grpc-default-executor-0] INFO  server.RaftServer$Division (RaftServerImpl.java:requestVote(1043)) - ef23a805-c360-46f9-a5ff-61453c052e9c@group-427675ACF13C: receive requestVote(ELECTION, 5b202ae5-680d-43fe-be69-63ca12314317, group-427675ACF13C, 3, (t:1, i:0))
2021-08-12 00:25:13,036 [grpc-default-executor-0] INFO  impl.VoteContext (VoteContext.java:log(48)) - ef23a805-c360-46f9-a5ff-61453c052e9c@group-427675ACF13C-FOLLOWER: accept ELECTION from 5b202ae5-680d-43fe-be69-63ca12314317: our last entry null < candidate's last entry (t:1, i:0)
2021-08-12 00:25:13,036 [grpc-default-executor-0] INFO  server.RaftServer$Division (RaftServerImpl.java:setRole(285)) - ef23a805-c360-46f9-a5ff-61453c052e9c@group-427675ACF13C: changes role from  FOLLOWER to FOLLOWER at term 3 for candidate:5b202ae5-680d-43fe-be69-63ca12314317
2021-08-12 00:25:13,036 [grpc-default-executor-0] INFO  impl.RoleInfo (RoleInfo.java:shutdownFollowerState(108)) - ef23a805-c360-46f9-a5ff-61453c052e9c: shutdown ef23a805-c360-46f9-a5ff-61453c052e9c@group-427675ACF13C-FollowerState
2021-08-12 00:25:13,036 [grpc-default-executor-0] INFO  impl.RoleInfo (RoleInfo.java:updateAndGet(130)) - ef23a805-c360-46f9-a5ff-61453c052e9c: start ef23a805-c360-46f9-a5ff-61453c052e9c@group-427675ACF13C-FollowerState
2021-08-12 00:25:13,036 [ef23a805-c360-46f9-a5ff-61453c052e9c@group-427675ACF13C-FollowerState] INFO  impl.FollowerState (FollowerState.java:run(143)) - ef23a805-c360-46f9-a5ff-61453c052e9c@group-427675ACF13C-FollowerState was interrupted: {}
java.lang.InterruptedException: sleep interrupted
	at java.lang.Thread.sleep(Native Method)
	at java.lang.Thread.sleep(Thread.java:340)
	at java.util.concurrent.TimeUnit.sleep(TimeUnit.java:386)
	at org.apache.ratis.util.TimeDuration.sleep(TimeDuration.java:324)
	at org.apache.ratis.util.TimeDuration.sleep(TimeDuration.java:309)
	at org.apache.ratis.server.impl.FollowerState.run(FollowerState.java:118)
2021-08-12 00:25:13,043 [grpc-default-executor-2] INFO  server.RaftServer$Division (RaftServerImpl.java:requestVote(1075)) - c2eb00da-4d4a-4ac5-8b23-45ecd8b85c7f@group-427675ACF13C replies to ELECTION vote request: 5b202ae5-680d-43fe-be69-63ca12314317<-c2eb00da-4d4a-4ac5-8b23-45ecd8b85c7f#0:OK-t3. Peer's state: c2eb00da-4d4a-4ac5-8b23-45ecd8b85c7f@group-427675ACF13C:t3, leader=null, voted=5b202ae5-680d-43fe-be69-63ca12314317, raftlog=c2eb00da-4d4a-4ac5-8b23-45ecd8b85c7f@group-427675ACF13C-SegmentedRaftLog:OPENED:c-1,f-1,i0, conf=-1: [c2eb00da-4d4a-4ac5-8b23-45ecd8b85c7f|rpc:10.1.0.56:41045|dataStream:|priority:0, 5b202ae5-680d-43fe-be69-63ca12314317|rpc:10.1.0.56:39647|dataStream:|priority:1, ef23a805-c360-46f9-a5ff-61453c052e9c|rpc:10.1.0.56:45291|dataStream:|priority:0], old=null
2021-08-12 00:25:13,043 [grpc-default-executor-0] INFO  server.RaftServer$Division (RaftServerImpl.java:requestVote(1075)) - ef23a805-c360-46f9-a5ff-61453c052e9c@group-427675ACF13C replies to ELECTION vote request: 5b202ae5-680d-43fe-be69-63ca12314317<-ef23a805-c360-46f9-a5ff-61453c052e9c#0:OK-t3. Peer's state: ef23a805-c360-46f9-a5ff-61453c052e9c@group-427675ACF13C:t3, leader=null, voted=5b202ae5-680d-43fe-be69-63ca12314317, raftlog=ef23a805-c360-46f9-a5ff-61453c052e9c@group-427675ACF13C-SegmentedRaftLog:OPENED:c-1,f-1,i0, conf=-1: [c2eb00da-4d4a-4ac5-8b23-45ecd8b85c7f|rpc:10.1.0.56:41045|dataStream:|priority:0, 5b202ae5-680d-43fe-be69-63ca12314317|rpc:10.1.0.56:39647|dataStream:|priority:1, ef23a805-c360-46f9-a5ff-61453c052e9c|rpc:10.1.0.56:45291|dataStream:|priority:0], old=null
2021-08-12 00:25:13,044 [5b202ae5-680d-43fe-be69-63ca12314317@group-427675ACF13C-LeaderElection42] INFO  impl.LeaderElection (LeaderElection.java:logAndReturn(89)) - 5b202ae5-680d-43fe-be69-63ca12314317@group-427675ACF13C-LeaderElection42: ELECTION PASSED received 1 response(s) and 0 exception(s):
2021-08-12 00:25:13,045 [5b202ae5-680d-43fe-be69-63ca12314317@group-427675ACF13C-LeaderElection42] INFO  impl.LeaderElection (LeaderElection.java:logAndReturn(93)) -   Response 0: 5b202ae5-680d-43fe-be69-63ca12314317<-ef23a805-c360-46f9-a5ff-61453c052e9c#0:OK-t3
2021-08-12 00:25:13,045 [5b202ae5-680d-43fe-be69-63ca12314317@group-427675ACF13C-LeaderElection42] INFO  impl.LeaderElection (LeaderElection.java:askForVotes(308)) - 5b202ae5-680d-43fe-be69-63ca12314317@group-427675ACF13C-LeaderElection42 ELECTION round 0: result PASSED
2021-08-12 00:25:13,045 [5b202ae5-680d-43fe-be69-63ca12314317@group-427675ACF13C-LeaderElection42] INFO  impl.RoleInfo (RoleInfo.java:shutdownLeaderElection(121)) - 5b202ae5-680d-43fe-be69-63ca12314317: shutdown 5b202ae5-680d-43fe-be69-63ca12314317@group-427675ACF13C-LeaderElection42
2021-08-12 00:25:13,045 [5b202ae5-680d-43fe-be69-63ca12314317@group-427675ACF13C-LeaderElection42] INFO  server.RaftServer$Division (RaftServerImpl.java:setRole(285)) - 5b202ae5-680d-43fe-be69-63ca12314317@group-427675ACF13C: changes role from CANDIDATE to LEADER at term 3 for changeToLeader
2021-08-12 00:25:13,045 [5b202ae5-680d-43fe-be69-63ca12314317@group-427675ACF13C-LeaderElection42] INFO  ratis.XceiverServerRatis (XceiverServerRatis.java:handleLeaderChangedNotification(861)) - Leader change notification received for group: group-427675ACF13C with new leaderId: 5b202ae5-680d-43fe-be69-63ca12314317
2021-08-12 00:25:13,046 [5b202ae5-680d-43fe-be69-63ca12314317@group-427675ACF13C-LeaderElection42] INFO  server.RaftServer$Division (ServerState.java:setLeader(285)) - 5b202ae5-680d-43fe-be69-63ca12314317@group-427675ACF13C: change Leader from null to 5b202ae5-680d-43fe-be69-63ca12314317 at term 3 for becomeLeader, leader elected after 5228ms
2021-08-12 00:25:13,046 [5b202ae5-680d-43fe-be69-63ca12314317@group-427675ACF13C-LeaderElection42] INFO  server.RaftServerConfigKeys (ConfUtils.java:logGet(44)) - raft.server.staging.catchup.gap = 1000 (default)
2021-08-12 00:25:13,046 [5b202ae5-680d-43fe-be69-63ca12314317@group-427675ACF13C-LeaderElection42] INFO  server.RaftServerConfigKeys (ConfUtils.java:logGet(44)) - raft.server.write.element-limit = 1024 (custom)
2021-08-12 00:25:13,047 [5b202ae5-680d-43fe-be69-63ca12314317@group-427675ACF13C-LeaderElection42] INFO  server.RaftServerConfigKeys (ConfUtils.java:logGet(44)) - raft.server.write.byte-limit = 1024 M (=1073741824) (custom)
2021-08-12 00:25:13,047 [5b202ae5-680d-43fe-be69-63ca12314317@group-427675ACF13C-LeaderElection42] INFO  server.RaftServerConfigKeys (ConfUtils.java:logGet(44)) - raft.server.watch.timeout = 3000ms (custom)
2021-08-12 00:25:13,047 [5b202ae5-680d-43fe-be69-63ca12314317@group-427675ACF13C-LeaderElection42] INFO  server.RaftServerConfigKeys (ConfUtils.java:logGet(44)) - raft.server.watch.timeout.denomination = 1s (default)
2021-08-12 00:25:13,047 [5b202ae5-680d-43fe-be69-63ca12314317@group-427675ACF13C-LeaderElection42] INFO  server.RaftServerConfigKeys (ConfUtils.java:logGet(44)) - raft.server.watch.element-limit = 65536 (default)
2021-08-12 00:25:13,047 [5b202ae5-680d-43fe-be69-63ca12314317@group-427675ACF13C-LeaderElection42] INFO  server.RaftServerConfigKeys (ConfUtils.java:logGet(44)) - raft.server.log.appender.snapshot.chunk.size.max = 16MB (=16777216) (default)
2021-08-12 00:25:13,047 [5b202ae5-680d-43fe-be69-63ca12314317@group-427675ACF13C-LeaderElection42] INFO  server.RaftServerConfigKeys (ConfUtils.java:logGet(44)) - raft.server.log.appender.buffer.byte-limit = 33554432 (custom)
2021-08-12 00:25:13,047 [5b202ae5-680d-43fe-be69-63ca12314317@group-427675ACF13C-LeaderElection42] INFO  server.RaftServerConfigKeys (ConfUtils.java:logGet(44)) - raft.server.log.appender.buffer.element-limit = 1 (custom)
2021-08-12 00:25:13,048 [5b202ae5-680d-43fe-be69-63ca12314317@group-427675ACF13C-LeaderElection42] INFO  grpc.GrpcConfigKeys (ConfUtils.java:logGet(44)) - raft.grpc.server.leader.outstanding.appends.max = 128 (default)
2021-08-12 00:25:13,048 [5b202ae5-680d-43fe-be69-63ca12314317@group-427675ACF13C-LeaderElection42] INFO  server.RaftServerConfigKeys (ConfUtils.java:logGet(44)) - raft.server.rpc.request.timeout = 3000ms (default)
2021-08-12 00:25:13,048 [5b202ae5-680d-43fe-be69-63ca12314317@group-427675ACF13C-LeaderElection42] INFO  server.RaftServerConfigKeys (ConfUtils.java:logGet(44)) - raft.server.log.appender.install.snapshot.enabled = false (custom)
2021-08-12 00:25:13,048 [Datanode State Machine Thread - 0] WARN  statemachine.StateContext (StateContext.java:execute(621)) - No available thread in pool for past 1 seconds.
2021-08-12 00:25:13,069 [5b202ae5-680d-43fe-be69-63ca12314317@group-427675ACF13C-LeaderElection42] INFO  server.RaftServerConfigKeys (ConfUtils.java:logGet(44)) - raft.server.log.appender.snapshot.chunk.size.max = 16MB (=16777216) (default)
2021-08-12 00:25:13,088 [5b202ae5-680d-43fe-be69-63ca12314317@group-427675ACF13C-LeaderElection42] INFO  server.RaftServerConfigKeys (ConfUtils.java:logGet(44)) - raft.server.log.appender.buffer.byte-limit = 33554432 (custom)
2021-08-12 00:25:13,089 [5b202ae5-680d-43fe-be69-63ca12314317@group-427675ACF13C-LeaderElection42] INFO  server.RaftServerConfigKeys (ConfUtils.java:logGet(44)) - raft.server.log.appender.buffer.element-limit = 1 (custom)
2021-08-12 00:25:13,089 [5b202ae5-680d-43fe-be69-63ca12314317@group-427675ACF13C-LeaderElection42] INFO  grpc.GrpcConfigKeys (ConfUtils.java:logGet(44)) - raft.grpc.server.leader.outstanding.appends.max = 128 (default)
2021-08-12 00:25:13,089 [5b202ae5-680d-43fe-be69-63ca12314317@group-427675ACF13C-LeaderElection42] INFO  server.RaftServerConfigKeys (ConfUtils.java:logGet(44)) - raft.server.rpc.request.timeout = 3000ms (default)
2021-08-12 00:25:13,089 [5b202ae5-680d-43fe-be69-63ca12314317@group-427675ACF13C-LeaderElection42] INFO  server.RaftServerConfigKeys (ConfUtils.java:logGet(44)) - raft.server.log.appender.install.snapshot.enabled = false (custom)
2021-08-12 00:25:13,090 [5b202ae5-680d-43fe-be69-63ca12314317@group-427675ACF13C-LeaderElection42] INFO  impl.RoleInfo (RoleInfo.java:updateAndGet(130)) - 5b202ae5-680d-43fe-be69-63ca12314317: start 5b202ae5-680d-43fe-be69-63ca12314317@group-427675ACF13C-LeaderStateImpl
2021-08-12 00:25:13,090 [5b202ae5-680d-43fe-be69-63ca12314317@group-427675ACF13C-LeaderElection42] INFO  segmented.SegmentedRaftLogWorker (SegmentedRaftLogWorker.java:rollLogSegment(399)) - 5b202ae5-680d-43fe-be69-63ca12314317@group-427675ACF13C-SegmentedRaftLogWorker: Rolling segment log-0_0 to index:0
2021-08-12 00:25:13,092 [5b202ae5-680d-43fe-be69-63ca12314317@group-427675ACF13C-SegmentedRaftLogWorker] INFO  segmented.SegmentedRaftLogWorker (SegmentedRaftLogWorker.java:execute(558)) - 5b202ae5-680d-43fe-be69-63ca12314317@group-427675ACF13C-SegmentedRaftLogWorker: Rolled log segment from /home/runner/work/ozone/ozone/hadoop-ozone/integration-test/target/test-dir/MiniOzoneClusterImpl-a42b6446-58ec-43bb-8d59-9c3f88cf101c/datanode-0/data/ratis/fbb95fc7-d228-40f1-b0e7-427675acf13c/current/log_inprogress_0 to /home/runner/work/ozone/ozone/hadoop-ozone/integration-test/target/test-dir/MiniOzoneClusterImpl-a42b6446-58ec-43bb-8d59-9c3f88cf101c/datanode-0/data/ratis/fbb95fc7-d228-40f1-b0e7-427675acf13c/current/log_0-0
2021-08-12 00:25:13,093 [5b202ae5-680d-43fe-be69-63ca12314317@group-427675ACF13C-SegmentedRaftLogWorker] INFO  segmented.SegmentedRaftLogWorker (SegmentedRaftLogWorker.java:execute(601)) - 5b202ae5-680d-43fe-be69-63ca12314317@group-427675ACF13C-SegmentedRaftLogWorker: created new log segment /home/runner/work/ozone/ozone/hadoop-ozone/integration-test/target/test-dir/MiniOzoneClusterImpl-a42b6446-58ec-43bb-8d59-9c3f88cf101c/datanode-0/data/ratis/fbb95fc7-d228-40f1-b0e7-427675acf13c/current/log_inprogress_1
2021-08-12 00:25:13,103 [grpc-default-executor-0] INFO  ratis.XceiverServerRatis (XceiverServerRatis.java:handleLeaderChangedNotification(861)) - Leader change notification received for group: group-427675ACF13C with new leaderId: 5b202ae5-680d-43fe-be69-63ca12314317
2021-08-12 00:25:13,103 [grpc-default-executor-0] INFO  server.RaftServer$Division (ServerState.java:setLeader(285)) - c2eb00da-4d4a-4ac5-8b23-45ecd8b85c7f@group-427675ACF13C: change Leader from null to 5b202ae5-680d-43fe-be69-63ca12314317 at term 3 for appendEntries, leader elected after 10774ms
2021-08-12 00:25:13,103 [grpc-default-executor-0] INFO  server.RaftServer$Division (RaftServerImpl.java:checkInconsistentAppendEntries(1319)) - c2eb00da-4d4a-4ac5-8b23-45ecd8b85c7f@group-427675ACF13C: Failed appendEntries as previous log entry ((t:1, i:0)) is not found
2021-08-12 00:25:13,103 [grpc-default-executor-0] INFO  server.RaftServer$Division (RaftServerImpl.java:checkInconsistentAppendEntries(1285)) - c2eb00da-4d4a-4ac5-8b23-45ecd8b85c7f@group-427675ACF13C: inconsistency entries. Reply:5b202ae5-680d-43fe-be69-63ca12314317<-c2eb00da-4d4a-4ac5-8b23-45ecd8b85c7f#0:FAIL-t3,INCONSISTENCY,nextIndex=0,followerCommit=-1
2021-08-12 00:25:13,125 [5b202ae5-680d-43fe-be69-63ca12314317@group-427675ACF13C-LeaderElection42] INFO  server.RaftServer$Division (ServerState.java:setRaftConf(387)) - 5b202ae5-680d-43fe-be69-63ca12314317@group-427675ACF13C: set configuration 1: [c2eb00da-4d4a-4ac5-8b23-45ecd8b85c7f|rpc:10.1.0.56:41045|dataStream:|priority:0, 5b202ae5-680d-43fe-be69-63ca12314317|rpc:10.1.0.56:39647|dataStream:|priority:1, ef23a805-c360-46f9-a5ff-61453c052e9c|rpc:10.1.0.56:45291|dataStream:|priority:0], old=null
2021-08-12 00:25:13,138 [grpc-default-executor-0] INFO  leader.FollowerInfo (FollowerInfoImpl.java:lambda$new$0(46)) - 5b202ae5-680d-43fe-be69-63ca12314317@group-427675ACF13C->c2eb00da-4d4a-4ac5-8b23-45ecd8b85c7f: nextIndex: updateUnconditionally 2 -> 0
2021-08-12 00:25:13,157 [grpc-default-executor-0] INFO  server.RaftServer$Division (RaftServerImpl.java:checkInconsistentAppendEntries(1319)) - c2eb00da-4d4a-4ac5-8b23-45ecd8b85c7f@group-427675ACF13C: Failed appendEntries as previous log entry ((t:1, i:0)) is not found
2021-08-12 00:25:13,157 [grpc-default-executor-0] INFO  server.RaftServer$Division (RaftServerImpl.java:checkInconsistentAppendEntries(1285)) - c2eb00da-4d4a-4ac5-8b23-45ecd8b85c7f@group-427675ACF13C: inconsistency entries. Reply:5b202ae5-680d-43fe-be69-63ca12314317<-c2eb00da-4d4a-4ac5-8b23-45ecd8b85c7f#1:FAIL-t3,INCONSISTENCY,nextIndex=0,followerCommit=-1
2021-08-12 00:25:13,158 [grpc-default-executor-2] INFO  leader.FollowerInfo (FollowerInfoImpl.java:lambda$new$0(46)) - 5b202ae5-680d-43fe-be69-63ca12314317@group-427675ACF13C->c2eb00da-4d4a-4ac5-8b23-45ecd8b85c7f: nextIndex: updateUnconditionally 2 -> 0
2021-08-12 00:25:13,160 [grpc-default-executor-0] INFO  server.RaftServer$Division (ServerState.java:setRaftConf(387)) - c2eb00da-4d4a-4ac5-8b23-45ecd8b85c7f@group-427675ACF13C: set configuration 0: [c2eb00da-4d4a-4ac5-8b23-45ecd8b85c7f|rpc:10.1.0.56:41045|dataStream:|priority:0, 5b202ae5-680d-43fe-be69-63ca12314317|rpc:10.1.0.56:39647|dataStream:|priority:1, ef23a805-c360-46f9-a5ff-61453c052e9c|rpc:10.1.0.56:45291|dataStream:|priority:0], old=null
2021-08-12 00:25:13,160 [grpc-default-executor-0] INFO  segmented.SegmentedRaftLogWorker (SegmentedRaftLogWorker.java:startLogSegment(394)) - c2eb00da-4d4a-4ac5-8b23-45ecd8b85c7f@group-427675ACF13C-SegmentedRaftLogWorker: Starting segment from index:0
2021-08-12 00:25:13,162 [c2eb00da-4d4a-4ac5-8b23-45ecd8b85c7f@group-427675ACF13C-SegmentedRaftLogWorker] INFO  segmented.SegmentedRaftLogWorker (SegmentedRaftLogWorker.java:execute(601)) - c2eb00da-4d4a-4ac5-8b23-45ecd8b85c7f@group-427675ACF13C-SegmentedRaftLogWorker: created new log segment /home/runner/work/ozone/ozone/hadoop-ozone/integration-test/target/test-dir/MiniOzoneClusterImpl-a42b6446-58ec-43bb-8d59-9c3f88cf101c/datanode-1/data/ratis/fbb95fc7-d228-40f1-b0e7-427675acf13c/current/log_inprogress_0
2021-08-12 00:25:13,163 [grpc-default-executor-0] INFO  server.RaftServer$Division (ServerState.java:setRaftConf(387)) - c2eb00da-4d4a-4ac5-8b23-45ecd8b85c7f@group-427675ACF13C: set configuration 1: [c2eb00da-4d4a-4ac5-8b23-45ecd8b85c7f|rpc:10.1.0.56:41045|dataStream:|priority:0, 5b202ae5-680d-43fe-be69-63ca12314317|rpc:10.1.0.56:39647|dataStream:|priority:1, ef23a805-c360-46f9-a5ff-61453c052e9c|rpc:10.1.0.56:45291|dataStream:|priority:0], old=null
2021-08-12 00:25:13,163 [grpc-default-executor-0] INFO  segmented.SegmentedRaftLogWorker (SegmentedRaftLogWorker.java:rollLogSegment(399)) - c2eb00da-4d4a-4ac5-8b23-45ecd8b85c7f@group-427675ACF13C-SegmentedRaftLogWorker: Rolling segment log-0_0 to index:0
2021-08-12 00:25:13,163 [grpc-default-executor-0] INFO  server.RaftServer$Division (ServerState.java:setRaftConf(387)) - c2eb00da-4d4a-4ac5-8b23-45ecd8b85c7f@group-427675ACF13C: set configuration 0: [c2eb00da-4d4a-4ac5-8b23-45ecd8b85c7f|rpc:10.1.0.56:41045|dataStream:|priority:0, 5b202ae5-680d-43fe-be69-63ca12314317|rpc:10.1.0.56:39647|dataStream:|priority:1, ef23a805-c360-46f9-a5ff-61453c052e9c|rpc:10.1.0.56:45291|dataStream:|priority:0], old=null
2021-08-12 00:25:13,168 [c2eb00da-4d4a-4ac5-8b23-45ecd8b85c7f@group-427675ACF13C-SegmentedRaftLogWorker] INFO  segmented.SegmentedRaftLogWorker (SegmentedRaftLogWorker.java:execute(558)) - c2eb00da-4d4a-4ac5-8b23-45ecd8b85c7f@group-427675ACF13C-SegmentedRaftLogWorker: Rolled log segment from /home/runner/work/ozone/ozone/hadoop-ozone/integration-test/target/test-dir/MiniOzoneClusterImpl-a42b6446-58ec-43bb-8d59-9c3f88cf101c/datanode-1/data/ratis/fbb95fc7-d228-40f1-b0e7-427675acf13c/current/log_inprogress_0 to /home/runner/work/ozone/ozone/hadoop-ozone/integration-test/target/test-dir/MiniOzoneClusterImpl-a42b6446-58ec-43bb-8d59-9c3f88cf101c/datanode-1/data/ratis/fbb95fc7-d228-40f1-b0e7-427675acf13c/current/log_0-0
2021-08-12 00:25:13,181 [c2eb00da-4d4a-4ac5-8b23-45ecd8b85c7f@group-427675ACF13C-SegmentedRaftLogWorker] INFO  segmented.SegmentedRaftLogWorker (SegmentedRaftLogWorker.java:execute(601)) - c2eb00da-4d4a-4ac5-8b23-45ecd8b85c7f@group-427675ACF13C-SegmentedRaftLogWorker: created new log segment /home/runner/work/ozone/ozone/hadoop-ozone/integration-test/target/test-dir/MiniOzoneClusterImpl-a42b6446-58ec-43bb-8d59-9c3f88cf101c/datanode-1/data/ratis/fbb95fc7-d228-40f1-b0e7-427675acf13c/current/log_inprogress_1
2021-08-12 00:25:13,185 [grpc-default-executor-2] INFO  ratis.XceiverServerRatis (XceiverServerRatis.java:handleLeaderChangedNotification(861)) - Leader change notification received for group: group-427675ACF13C with new leaderId: 5b202ae5-680d-43fe-be69-63ca12314317
2021-08-12 00:25:13,185 [grpc-default-executor-2] INFO  server.RaftServer$Division (ServerState.java:setLeader(285)) - ef23a805-c360-46f9-a5ff-61453c052e9c@group-427675ACF13C: change Leader from null to 5b202ae5-680d-43fe-be69-63ca12314317 at term 3 for appendEntries, leader elected after 5285ms
2021-08-12 00:25:13,185 [grpc-default-executor-2] INFO  server.RaftServer$Division (RaftServerImpl.java:checkInconsistentAppendEntries(1319)) - ef23a805-c360-46f9-a5ff-61453c052e9c@group-427675ACF13C: Failed appendEntries as previous log entry ((t:1, i:0)) is not found
2021-08-12 00:25:13,185 [grpc-default-executor-2] INFO  server.RaftServer$Division (RaftServerImpl.java:checkInconsistentAppendEntries(1285)) - ef23a805-c360-46f9-a5ff-61453c052e9c@group-427675ACF13C: inconsistency entries. Reply:5b202ae5-680d-43fe-be69-63ca12314317<-ef23a805-c360-46f9-a5ff-61453c052e9c#0:FAIL-t3,INCONSISTENCY,nextIndex=0,followerCommit=-1
2021-08-12 00:25:13,186 [grpc-default-executor-3] INFO  leader.FollowerInfo (FollowerInfoImpl.java:lambda$new$0(46)) - 5b202ae5-680d-43fe-be69-63ca12314317@group-427675ACF13C->ef23a805-c360-46f9-a5ff-61453c052e9c: nextIndex: updateUnconditionally 2 -> 0
2021-08-12 00:25:13,186 [grpc-default-executor-2] INFO  server.RaftServer$Division (RaftServerImpl.java:checkInconsistentAppendEntries(1319)) - ef23a805-c360-46f9-a5ff-61453c052e9c@group-427675ACF13C: Failed appendEntries as previous log entry ((t:1, i:0)) is not found
2021-08-12 00:25:13,187 [grpc-default-executor-2] INFO  server.RaftServer$Division (RaftServerImpl.java:checkInconsistentAppendEntries(1285)) - ef23a805-c360-46f9-a5ff-61453c052e9c@group-427675ACF13C: inconsistency entries. Reply:5b202ae5-680d-43fe-be69-63ca12314317<-ef23a805-c360-46f9-a5ff-61453c052e9c#1:FAIL-t3,INCONSISTENCY,nextIndex=0,followerCommit=-1
2021-08-12 00:25:13,189 [grpc-default-executor-3] INFO  leader.FollowerInfo (FollowerInfoImpl.java:lambda$new$0(46)) - 5b202ae5-680d-43fe-be69-63ca12314317@group-427675ACF13C->ef23a805-c360-46f9-a5ff-61453c052e9c: nextIndex: updateUnconditionally 2 -> 0
2021-08-12 00:25:13,237 [grpc-default-executor-2] INFO  server.RaftServer$Division (ServerState.java:setRaftConf(387)) - ef23a805-c360-46f9-a5ff-61453c052e9c@group-427675ACF13C: set configuration 0: [c2eb00da-4d4a-4ac5-8b23-45ecd8b85c7f|rpc:10.1.0.56:41045|dataStream:|priority:0, 5b202ae5-680d-43fe-be69-63ca12314317|rpc:10.1.0.56:39647|dataStream:|priority:1, ef23a805-c360-46f9-a5ff-61453c052e9c|rpc:10.1.0.56:45291|dataStream:|priority:0], old=null
2021-08-12 00:25:13,237 [grpc-default-executor-2] INFO  segmented.SegmentedRaftLogWorker (SegmentedRaftLogWorker.java:startLogSegment(394)) - ef23a805-c360-46f9-a5ff-61453c052e9c@group-427675ACF13C-SegmentedRaftLogWorker: Starting segment from index:0
2021-08-12 00:25:13,239 [grpc-default-executor-2] INFO  server.RaftServer$Division (ServerState.java:setRaftConf(387)) - ef23a805-c360-46f9-a5ff-61453c052e9c@group-427675ACF13C: set configuration 1: [c2eb00da-4d4a-4ac5-8b23-45ecd8b85c7f|rpc:10.1.0.56:41045|dataStream:|priority:0, 5b202ae5-680d-43fe-be69-63ca12314317|rpc:10.1.0.56:39647|dataStream:|priority:1, ef23a805-c360-46f9-a5ff-61453c052e9c|rpc:10.1.0.56:45291|dataStream:|priority:0], old=null
2021-08-12 00:25:13,239 [grpc-default-executor-2] INFO  segmented.SegmentedRaftLogWorker (SegmentedRaftLogWorker.java:rollLogSegment(399)) - ef23a805-c360-46f9-a5ff-61453c052e9c@group-427675ACF13C-SegmentedRaftLogWorker: Rolling segment log-0_0 to index:0
2021-08-12 00:25:13,239 [ef23a805-c360-46f9-a5ff-61453c052e9c@group-427675ACF13C-SegmentedRaftLogWorker] INFO  segmented.SegmentedRaftLogWorker (SegmentedRaftLogWorker.java:execute(601)) - ef23a805-c360-46f9-a5ff-61453c052e9c@group-427675ACF13C-SegmentedRaftLogWorker: created new log segment /home/runner/work/ozone/ozone/hadoop-ozone/integration-test/target/test-dir/MiniOzoneClusterImpl-a42b6446-58ec-43bb-8d59-9c3f88cf101c/datanode-2/data/ratis/fbb95fc7-d228-40f1-b0e7-427675acf13c/current/log_inprogress_0
2021-08-12 00:25:13,254 [grpc-default-executor-2] INFO  server.RaftServer$Division (ServerState.java:setRaftConf(387)) - ef23a805-c360-46f9-a5ff-61453c052e9c@group-427675ACF13C: set configuration 0: [c2eb00da-4d4a-4ac5-8b23-45ecd8b85c7f|rpc:10.1.0.56:41045|dataStream:|priority:0, 5b202ae5-680d-43fe-be69-63ca12314317|rpc:10.1.0.56:39647|dataStream:|priority:1, ef23a805-c360-46f9-a5ff-61453c052e9c|rpc:10.1.0.56:45291|dataStream:|priority:0], old=null
2021-08-12 00:25:13,257 [ef23a805-c360-46f9-a5ff-61453c052e9c@group-427675ACF13C-SegmentedRaftLogWorker] INFO  segmented.SegmentedRaftLogWorker (SegmentedRaftLogWorker.java:execute(558)) - ef23a805-c360-46f9-a5ff-61453c052e9c@group-427675ACF13C-SegmentedRaftLogWorker: Rolled log segment from /home/runner/work/ozone/ozone/hadoop-ozone/integration-test/target/test-dir/MiniOzoneClusterImpl-a42b6446-58ec-43bb-8d59-9c3f88cf101c/datanode-2/data/ratis/fbb95fc7-d228-40f1-b0e7-427675acf13c/current/log_inprogress_0 to /home/runner/work/ozone/ozone/hadoop-ozone/integration-test/target/test-dir/MiniOzoneClusterImpl-a42b6446-58ec-43bb-8d59-9c3f88cf101c/datanode-2/data/ratis/fbb95fc7-d228-40f1-b0e7-427675acf13c/current/log_0-0
2021-08-12 00:25:13,258 [ef23a805-c360-46f9-a5ff-61453c052e9c@group-427675ACF13C-SegmentedRaftLogWorker] INFO  segmented.SegmentedRaftLogWorker (SegmentedRaftLogWorker.java:execute(601)) - ef23a805-c360-46f9-a5ff-61453c052e9c@group-427675ACF13C-SegmentedRaftLogWorker: created new log segment /home/runner/work/ozone/ozone/hadoop-ozone/integration-test/target/test-dir/MiniOzoneClusterImpl-a42b6446-58ec-43bb-8d59-9c3f88cf101c/datanode-2/data/ratis/fbb95fc7-d228-40f1-b0e7-427675acf13c/current/log_inprogress_1
2021-08-12 00:25:13,278 [grpc-default-executor-3] INFO  server.RaftServer$Division (ServerState.java:setRaftConf(387)) - c2eb00da-4d4a-4ac5-8b23-45ecd8b85c7f@group-427675ACF13C: set configuration 1: [c2eb00da-4d4a-4ac5-8b23-45ecd8b85c7f|rpc:10.1.0.56:41045|dataStream:|priority:0, 5b202ae5-680d-43fe-be69-63ca12314317|rpc:10.1.0.56:39647|dataStream:|priority:1, ef23a805-c360-46f9-a5ff-61453c052e9c|rpc:10.1.0.56:45291|dataStream:|priority:0], old=null
2021-08-12 00:25:13,289 [grpc-default-executor-2] INFO  server.RaftServer$Division (ServerState.java:setRaftConf(387)) - ef23a805-c360-46f9-a5ff-61453c052e9c@group-427675ACF13C: set configuration 1: [c2eb00da-4d4a-4ac5-8b23-45ecd8b85c7f|rpc:10.1.0.56:41045|dataStream:|priority:0, 5b202ae5-680d-43fe-be69-63ca12314317|rpc:10.1.0.56:39647|dataStream:|priority:1, ef23a805-c360-46f9-a5ff-61453c052e9c|rpc:10.1.0.56:45291|dataStream:|priority:0], old=null
2021-08-12 00:25:14,486 [a86274cb-40c2-4f1a-b613-7c28a9d8bee7@group-4938641401E1-FollowerState] INFO  impl.FollowerState (FollowerState.java:run(134)) - a86274cb-40c2-4f1a-b613-7c28a9d8bee7@group-4938641401E1-FollowerState: change to CANDIDATE, lastRpcElapsedTime:5132294926ns, electionTimeout:5129ms
2021-08-12 00:25:14,486 [a86274cb-40c2-4f1a-b613-7c28a9d8bee7@group-4938641401E1-FollowerState] INFO  impl.RoleInfo (RoleInfo.java:shutdownFollowerState(108)) - a86274cb-40c2-4f1a-b613-7c28a9d8bee7: shutdown a86274cb-40c2-4f1a-b613-7c28a9d8bee7@group-4938641401E1-FollowerState
2021-08-12 00:25:14,486 [a86274cb-40c2-4f1a-b613-7c28a9d8bee7@group-4938641401E1-FollowerState] INFO  server.RaftServer$Division (RaftServerImpl.java:setRole(285)) - a86274cb-40c2-4f1a-b613-7c28a9d8bee7@group-4938641401E1: changes role from  FOLLOWER to CANDIDATE at term 1 for changeToCandidate
2021-08-12 00:25:14,486 [a86274cb-40c2-4f1a-b613-7c28a9d8bee7@group-4938641401E1-FollowerState] INFO  server.RaftServerConfigKeys (ConfUtils.java:logGet(44)) - raft.server.leaderelection.pre-vote = false (custom)
2021-08-12 00:25:14,486 [a86274cb-40c2-4f1a-b613-7c28a9d8bee7@group-4938641401E1-FollowerState] INFO  impl.RoleInfo (RoleInfo.java:updateAndGet(130)) - a86274cb-40c2-4f1a-b613-7c28a9d8bee7: start a86274cb-40c2-4f1a-b613-7c28a9d8bee7@group-4938641401E1-LeaderElection43
2021-08-12 00:25:14,512 [a86274cb-40c2-4f1a-b613-7c28a9d8bee7@group-4938641401E1-LeaderElection43] INFO  impl.LeaderElection (LeaderElection.java:askForVotes(306)) - a86274cb-40c2-4f1a-b613-7c28a9d8bee7@group-4938641401E1-LeaderElection43 ELECTION round 0: submit vote requests at term 2 for -1: [b53c0c0f-3814-44ae-9b6f-5cd1e5f5cab0|rpc:10.1.0.56:35731|priority:1, a86274cb-40c2-4f1a-b613-7c28a9d8bee7|rpc:10.1.0.56:37903|priority:0, aa96c139-029c-4c26-b56b-b3e0db2a81f3|rpc:10.1.0.56:42793|priority:0], old=null
2021-08-12 00:25:14,516 [grpc-default-executor-2] INFO  server.RaftServer$Division (RaftServerImpl.java:requestVote(1043)) - b53c0c0f-3814-44ae-9b6f-5cd1e5f5cab0@group-4938641401E1: receive requestVote(ELECTION, a86274cb-40c2-4f1a-b613-7c28a9d8bee7, group-4938641401E1, 2, (t:0, i:0))
2021-08-12 00:25:14,518 [grpc-default-executor-2] INFO  impl.VoteContext (VoteContext.java:log(48)) - b53c0c0f-3814-44ae-9b6f-5cd1e5f5cab0@group-4938641401E1-FOLLOWER: reject ELECTION from a86274cb-40c2-4f1a-b613-7c28a9d8bee7: our priority 1 > candidate's priority 0
2021-08-12 00:25:14,518 [grpc-default-executor-2] INFO  server.RaftServer$Division (RaftServerImpl.java:setRole(285)) - b53c0c0f-3814-44ae-9b6f-5cd1e5f5cab0@group-4938641401E1: changes role from  FOLLOWER to FOLLOWER at term 2 for candidate:a86274cb-40c2-4f1a-b613-7c28a9d8bee7
2021-08-12 00:25:14,518 [grpc-default-executor-2] INFO  impl.RoleInfo (RoleInfo.java:shutdownFollowerState(108)) - b53c0c0f-3814-44ae-9b6f-5cd1e5f5cab0: shutdown b53c0c0f-3814-44ae-9b6f-5cd1e5f5cab0@group-4938641401E1-FollowerState
2021-08-12 00:25:14,518 [grpc-default-executor-2] INFO  impl.RoleInfo (RoleInfo.java:updateAndGet(130)) - b53c0c0f-3814-44ae-9b6f-5cd1e5f5cab0: start b53c0c0f-3814-44ae-9b6f-5cd1e5f5cab0@group-4938641401E1-FollowerState
2021-08-12 00:25:14,518 [b53c0c0f-3814-44ae-9b6f-5cd1e5f5cab0@group-4938641401E1-FollowerState] INFO  impl.FollowerState (FollowerState.java:run(143)) - b53c0c0f-3814-44ae-9b6f-5cd1e5f5cab0@group-4938641401E1-FollowerState was interrupted: {}
java.lang.InterruptedException: sleep interrupted
	at java.lang.Thread.sleep(Native Method)
	at java.lang.Thread.sleep(Thread.java:340)
	at java.util.concurrent.TimeUnit.sleep(TimeUnit.java:386)
	at org.apache.ratis.util.TimeDuration.sleep(TimeDuration.java:324)
	at org.apache.ratis.util.TimeDuration.sleep(TimeDuration.java:309)
	at org.apache.ratis.server.impl.FollowerState.run(FollowerState.java:118)
2021-08-12 00:25:14,521 [grpc-default-executor-2] INFO  server.RaftServer$Division (RaftServerImpl.java:requestVote(1075)) - b53c0c0f-3814-44ae-9b6f-5cd1e5f5cab0@group-4938641401E1 replies to ELECTION vote request: a86274cb-40c2-4f1a-b613-7c28a9d8bee7<-b53c0c0f-3814-44ae-9b6f-5cd1e5f5cab0#0:FAIL-t2. Peer's state: b53c0c0f-3814-44ae-9b6f-5cd1e5f5cab0@group-4938641401E1:t2, leader=null, voted=null, raftlog=b53c0c0f-3814-44ae-9b6f-5cd1e5f5cab0@group-4938641401E1-SegmentedRaftLog:OPENED:c-1,f-1,i0, conf=-1: [b53c0c0f-3814-44ae-9b6f-5cd1e5f5cab0|rpc:10.1.0.56:35731|dataStream:|priority:1, a86274cb-40c2-4f1a-b613-7c28a9d8bee7|rpc:10.1.0.56:37903|dataStream:|priority:0, aa96c139-029c-4c26-b56b-b3e0db2a81f3|rpc:10.1.0.56:42793|dataStream:|priority:0], old=null
2021-08-12 00:25:14,544 [a86274cb-40c2-4f1a-b613-7c28a9d8bee7@group-4938641401E1-LeaderElection43] INFO  impl.LeaderElection (LeaderElection.java:logAndReturn(89)) - a86274cb-40c2-4f1a-b613-7c28a9d8bee7@group-4938641401E1-LeaderElection43: ELECTION REJECTED received 1 response(s) and 0 exception(s):
2021-08-12 00:25:14,544 [a86274cb-40c2-4f1a-b613-7c28a9d8bee7@group-4938641401E1-LeaderElection43] INFO  impl.LeaderElection (LeaderElection.java:logAndReturn(93)) -   Response 0: a86274cb-40c2-4f1a-b613-7c28a9d8bee7<-b53c0c0f-3814-44ae-9b6f-5cd1e5f5cab0#0:FAIL-t2
2021-08-12 00:25:14,544 [a86274cb-40c2-4f1a-b613-7c28a9d8bee7@group-4938641401E1-LeaderElection43] INFO  impl.LeaderElection (LeaderElection.java:askForVotes(308)) - a86274cb-40c2-4f1a-b613-7c28a9d8bee7@group-4938641401E1-LeaderElection43 ELECTION round 0: result REJECTED
2021-08-12 00:25:14,544 [a86274cb-40c2-4f1a-b613-7c28a9d8bee7@group-4938641401E1-LeaderElection43] INFO  server.RaftServer$Division (RaftServerImpl.java:setRole(285)) - a86274cb-40c2-4f1a-b613-7c28a9d8bee7@group-4938641401E1: changes role from CANDIDATE to FOLLOWER at term 2 for REJECTED
2021-08-12 00:25:14,544 [a86274cb-40c2-4f1a-b613-7c28a9d8bee7@group-4938641401E1-LeaderElection43] INFO  impl.RoleInfo (RoleInfo.java:shutdownLeaderElection(121)) - a86274cb-40c2-4f1a-b613-7c28a9d8bee7: shutdown a86274cb-40c2-4f1a-b613-7c28a9d8bee7@group-4938641401E1-LeaderElection43
2021-08-12 00:25:14,545 [a86274cb-40c2-4f1a-b613-7c28a9d8bee7@group-4938641401E1-LeaderElection43] INFO  impl.RoleInfo (RoleInfo.java:updateAndGet(130)) - a86274cb-40c2-4f1a-b613-7c28a9d8bee7: start a86274cb-40c2-4f1a-b613-7c28a9d8bee7@group-4938641401E1-FollowerState
2021-08-12 00:25:14,561 [aa96c139-029c-4c26-b56b-b3e0db2a81f3@group-4938641401E1-FollowerState] INFO  impl.FollowerState (FollowerState.java:run(134)) - aa96c139-029c-4c26-b56b-b3e0db2a81f3@group-4938641401E1-FollowerState: change to CANDIDATE, lastRpcElapsedTime:5189632365ns, electionTimeout:5120ms
2021-08-12 00:25:14,562 [aa96c139-029c-4c26-b56b-b3e0db2a81f3@group-4938641401E1-FollowerState] INFO  impl.RoleInfo (RoleInfo.java:shutdownFollowerState(108)) - aa96c139-029c-4c26-b56b-b3e0db2a81f3: shutdown aa96c139-029c-4c26-b56b-b3e0db2a81f3@group-4938641401E1-FollowerState
2021-08-12 00:25:14,562 [aa96c139-029c-4c26-b56b-b3e0db2a81f3@group-4938641401E1-FollowerState] INFO  server.RaftServer$Division (RaftServerImpl.java:setRole(285)) - aa96c139-029c-4c26-b56b-b3e0db2a81f3@group-4938641401E1: changes role from  FOLLOWER to CANDIDATE at term 1 for changeToCandidate
2021-08-12 00:25:14,562 [aa96c139-029c-4c26-b56b-b3e0db2a81f3@group-4938641401E1-FollowerState] INFO  server.RaftServerConfigKeys (ConfUtils.java:logGet(44)) - raft.server.leaderelection.pre-vote = false (custom)
2021-08-12 00:25:14,562 [aa96c139-029c-4c26-b56b-b3e0db2a81f3@group-4938641401E1-FollowerState] INFO  impl.RoleInfo (RoleInfo.java:updateAndGet(130)) - aa96c139-029c-4c26-b56b-b3e0db2a81f3: start aa96c139-029c-4c26-b56b-b3e0db2a81f3@group-4938641401E1-LeaderElection44
2021-08-12 00:25:14,562 [grpc-default-executor-3] INFO  server.RaftServer$Division (RaftServerImpl.java:requestVote(1043)) - aa96c139-029c-4c26-b56b-b3e0db2a81f3@group-4938641401E1: receive requestVote(ELECTION, a86274cb-40c2-4f1a-b613-7c28a9d8bee7, group-4938641401E1, 2, (t:0, i:0))
2021-08-12 00:25:14,563 [grpc-default-executor-3] INFO  impl.VoteContext (VoteContext.java:log(48)) - aa96c139-029c-4c26-b56b-b3e0db2a81f3@group-4938641401E1-CANDIDATE: accept ELECTION from a86274cb-40c2-4f1a-b613-7c28a9d8bee7: our priority 0 <= candidate's priority 0
2021-08-12 00:25:14,563 [grpc-default-executor-3] INFO  server.RaftServer$Division (RaftServerImpl.java:setRole(285)) - aa96c139-029c-4c26-b56b-b3e0db2a81f3@group-4938641401E1: changes role from CANDIDATE to FOLLOWER at term 2 for candidate:a86274cb-40c2-4f1a-b613-7c28a9d8bee7
2021-08-12 00:25:14,563 [grpc-default-executor-3] INFO  impl.RoleInfo (RoleInfo.java:shutdownLeaderElection(121)) - aa96c139-029c-4c26-b56b-b3e0db2a81f3: shutdown aa96c139-029c-4c26-b56b-b3e0db2a81f3@group-4938641401E1-LeaderElection44
2021-08-12 00:25:14,563 [grpc-default-executor-3] INFO  impl.RoleInfo (RoleInfo.java:updateAndGet(130)) - aa96c139-029c-4c26-b56b-b3e0db2a81f3: start aa96c139-029c-4c26-b56b-b3e0db2a81f3@group-4938641401E1-FollowerState
2021-08-12 00:25:14,563 [aa96c139-029c-4c26-b56b-b3e0db2a81f3@group-4938641401E1-LeaderElection44] INFO  impl.LeaderElection (LeaderElection.java:run(230)) - aa96c139-029c-4c26-b56b-b3e0db2a81f3@group-4938641401E1-LeaderElection44: skip running since this is already CLOSING
2021-08-12 00:25:14,564 [grpc-default-executor-3] INFO  server.RaftServer$Division (RaftServerImpl.java:requestVote(1075)) - aa96c139-029c-4c26-b56b-b3e0db2a81f3@group-4938641401E1 replies to ELECTION vote request: a86274cb-40c2-4f1a-b613-7c28a9d8bee7<-aa96c139-029c-4c26-b56b-b3e0db2a81f3#0:OK-t2. Peer's state: aa96c139-029c-4c26-b56b-b3e0db2a81f3@group-4938641401E1:t2, leader=null, voted=a86274cb-40c2-4f1a-b613-7c28a9d8bee7, raftlog=aa96c139-029c-4c26-b56b-b3e0db2a81f3@group-4938641401E1-SegmentedRaftLog:OPENED:c-1,f-1,i0, conf=-1: [b53c0c0f-3814-44ae-9b6f-5cd1e5f5cab0|rpc:10.1.0.56:35731|dataStream:|priority:1, a86274cb-40c2-4f1a-b613-7c28a9d8bee7|rpc:10.1.0.56:37903|dataStream:|priority:0, aa96c139-029c-4c26-b56b-b3e0db2a81f3|rpc:10.1.0.56:42793|dataStream:|priority:0], old=null
2021-08-12 00:25:19,560 [b53c0c0f-3814-44ae-9b6f-5cd1e5f5cab0@group-4938641401E1-FollowerState] INFO  impl.FollowerState (FollowerState.java:run(134)) - b53c0c0f-3814-44ae-9b6f-5cd1e5f5cab0@group-4938641401E1-FollowerState: change to CANDIDATE, lastRpcElapsedTime:5041574888ns, electionTimeout:5014ms
2021-08-12 00:25:19,560 [b53c0c0f-3814-44ae-9b6f-5cd1e5f5cab0@group-4938641401E1-FollowerState] INFO  impl.RoleInfo (RoleInfo.java:shutdownFollowerState(108)) - b53c0c0f-3814-44ae-9b6f-5cd1e5f5cab0: shutdown b53c0c0f-3814-44ae-9b6f-5cd1e5f5cab0@group-4938641401E1-FollowerState
2021-08-12 00:25:19,560 [b53c0c0f-3814-44ae-9b6f-5cd1e5f5cab0@group-4938641401E1-FollowerState] INFO  server.RaftServer$Division (RaftServerImpl.java:setRole(285)) - b53c0c0f-3814-44ae-9b6f-5cd1e5f5cab0@group-4938641401E1: changes role from  FOLLOWER to CANDIDATE at term 2 for changeToCandidate
2021-08-12 00:25:19,560 [b53c0c0f-3814-44ae-9b6f-5cd1e5f5cab0@group-4938641401E1-FollowerState] INFO  server.RaftServerConfigKeys (ConfUtils.java:logGet(44)) - raft.server.leaderelection.pre-vote = false (custom)
2021-08-12 00:25:19,560 [b53c0c0f-3814-44ae-9b6f-5cd1e5f5cab0@group-4938641401E1-FollowerState] INFO  impl.RoleInfo (RoleInfo.java:updateAndGet(130)) - b53c0c0f-3814-44ae-9b6f-5cd1e5f5cab0: start b53c0c0f-3814-44ae-9b6f-5cd1e5f5cab0@group-4938641401E1-LeaderElection45
2021-08-12 00:25:19,585 [b53c0c0f-3814-44ae-9b6f-5cd1e5f5cab0@group-4938641401E1-LeaderElection45] INFO  impl.LeaderElection (LeaderElection.java:askForVotes(306)) - b53c0c0f-3814-44ae-9b6f-5cd1e5f5cab0@group-4938641401E1-LeaderElection45 ELECTION round 0: submit vote requests at term 3 for -1: [b53c0c0f-3814-44ae-9b6f-5cd1e5f5cab0|rpc:10.1.0.56:35731|dataStream:|priority:1, a86274cb-40c2-4f1a-b613-7c28a9d8bee7|rpc:10.1.0.56:37903|dataStream:|priority:0, aa96c139-029c-4c26-b56b-b3e0db2a81f3|rpc:10.1.0.56:42793|dataStream:|priority:0], old=null
2021-08-12 00:25:19,609 [grpc-default-executor-3] INFO  server.RaftServer$Division (RaftServerImpl.java:requestVote(1043)) - a86274cb-40c2-4f1a-b613-7c28a9d8bee7@group-4938641401E1: receive requestVote(ELECTION, b53c0c0f-3814-44ae-9b6f-5cd1e5f5cab0, group-4938641401E1, 3, (t:0, i:0))
2021-08-12 00:25:19,609 [grpc-default-executor-3] INFO  impl.VoteContext (VoteContext.java:log(48)) - a86274cb-40c2-4f1a-b613-7c28a9d8bee7@group-4938641401E1-FOLLOWER: accept ELECTION from b53c0c0f-3814-44ae-9b6f-5cd1e5f5cab0: our priority 0 <= candidate's priority 1
2021-08-12 00:25:19,610 [grpc-default-executor-3] INFO  server.RaftServer$Division (RaftServerImpl.java:setRole(285)) - a86274cb-40c2-4f1a-b613-7c28a9d8bee7@group-4938641401E1: changes role from  FOLLOWER to FOLLOWER at term 3 for candidate:b53c0c0f-3814-44ae-9b6f-5cd1e5f5cab0
2021-08-12 00:25:19,610 [grpc-default-executor-3] INFO  impl.RoleInfo (RoleInfo.java:shutdownFollowerState(108)) - a86274cb-40c2-4f1a-b613-7c28a9d8bee7: shutdown a86274cb-40c2-4f1a-b613-7c28a9d8bee7@group-4938641401E1-FollowerState
2021-08-12 00:25:19,610 [grpc-default-executor-3] INFO  impl.RoleInfo (RoleInfo.java:updateAndGet(130)) - a86274cb-40c2-4f1a-b613-7c28a9d8bee7: start a86274cb-40c2-4f1a-b613-7c28a9d8bee7@group-4938641401E1-FollowerState
2021-08-12 00:25:19,613 [a86274cb-40c2-4f1a-b613-7c28a9d8bee7@group-4938641401E1-FollowerState] INFO  impl.FollowerState (FollowerState.java:run(143)) - a86274cb-40c2-4f1a-b613-7c28a9d8bee7@group-4938641401E1-FollowerState was interrupted: {}
java.lang.InterruptedException: sleep interrupted
	at java.lang.Thread.sleep(Native Method)
	at java.lang.Thread.sleep(Thread.java:340)
	at java.util.concurrent.TimeUnit.sleep(TimeUnit.java:386)
	at org.apache.ratis.util.TimeDuration.sleep(TimeDuration.java:324)
	at org.apache.ratis.util.TimeDuration.sleep(TimeDuration.java:309)
	at org.apache.ratis.server.impl.FollowerState.run(FollowerState.java:118)
2021-08-12 00:25:19,618 [grpc-default-executor-3] INFO  server.RaftServer$Division (RaftServerImpl.java:requestVote(1075)) - a86274cb-40c2-4f1a-b613-7c28a9d8bee7@group-4938641401E1 replies to ELECTION vote request: b53c0c0f-3814-44ae-9b6f-5cd1e5f5cab0<-a86274cb-40c2-4f1a-b613-7c28a9d8bee7#0:OK-t3. Peer's state: a86274cb-40c2-4f1a-b613-7c28a9d8bee7@group-4938641401E1:t3, leader=null, voted=b53c0c0f-3814-44ae-9b6f-5cd1e5f5cab0, raftlog=a86274cb-40c2-4f1a-b613-7c28a9d8bee7@group-4938641401E1-SegmentedRaftLog:OPENED:c-1,f-1,i0, conf=-1: [b53c0c0f-3814-44ae-9b6f-5cd1e5f5cab0|rpc:10.1.0.56:35731|priority:1, a86274cb-40c2-4f1a-b613-7c28a9d8bee7|rpc:10.1.0.56:37903|priority:0, aa96c139-029c-4c26-b56b-b3e0db2a81f3|rpc:10.1.0.56:42793|priority:0], old=null
2021-08-12 00:25:19,621 [grpc-default-executor-2] INFO  server.RaftServer$Division (RaftServerImpl.java:requestVote(1043)) - aa96c139-029c-4c26-b56b-b3e0db2a81f3@group-4938641401E1: receive requestVote(ELECTION, b53c0c0f-3814-44ae-9b6f-5cd1e5f5cab0, group-4938641401E1, 3, (t:0, i:0))
2021-08-12 00:25:19,621 [grpc-default-executor-2] INFO  impl.VoteContext (VoteContext.java:log(48)) - aa96c139-029c-4c26-b56b-b3e0db2a81f3@group-4938641401E1-FOLLOWER: accept ELECTION from b53c0c0f-3814-44ae-9b6f-5cd1e5f5cab0: our priority 0 <= candidate's priority 1
2021-08-12 00:25:19,621 [grpc-default-executor-2] INFO  server.RaftServer$Division (RaftServerImpl.java:setRole(285)) - aa96c139-029c-4c26-b56b-b3e0db2a81f3@group-4938641401E1: changes role from  FOLLOWER to FOLLOWER at term 3 for candidate:b53c0c0f-3814-44ae-9b6f-5cd1e5f5cab0
2021-08-12 00:25:19,621 [grpc-default-executor-2] INFO  impl.RoleInfo (RoleInfo.java:shutdownFollowerState(108)) - aa96c139-029c-4c26-b56b-b3e0db2a81f3: shutdown aa96c139-029c-4c26-b56b-b3e0db2a81f3@group-4938641401E1-FollowerState
2021-08-12 00:25:19,621 [grpc-default-executor-2] INFO  impl.RoleInfo (RoleInfo.java:updateAndGet(130)) - aa96c139-029c-4c26-b56b-b3e0db2a81f3: start aa96c139-029c-4c26-b56b-b3e0db2a81f3@group-4938641401E1-FollowerState
2021-08-12 00:25:19,621 [aa96c139-029c-4c26-b56b-b3e0db2a81f3@group-4938641401E1-FollowerState] INFO  impl.FollowerState (FollowerState.java:run(143)) - aa96c139-029c-4c26-b56b-b3e0db2a81f3@group-4938641401E1-FollowerState was interrupted: {}
java.lang.InterruptedException: sleep interrupted
	at java.lang.Thread.sleep(Native Method)
	at java.lang.Thread.sleep(Thread.java:340)
	at java.util.concurrent.TimeUnit.sleep(TimeUnit.java:386)
	at org.apache.ratis.util.TimeDuration.sleep(TimeDuration.java:324)
	at org.apache.ratis.util.TimeDuration.sleep(TimeDuration.java:309)
	at org.apache.ratis.server.impl.FollowerState.run(FollowerState.java:118)
2021-08-12 00:25:19,624 [grpc-default-executor-2] INFO  server.RaftServer$Division (RaftServerImpl.java:requestVote(1075)) - aa96c139-029c-4c26-b56b-b3e0db2a81f3@group-4938641401E1 replies to ELECTION vote request: b53c0c0f-3814-44ae-9b6f-5cd1e5f5cab0<-aa96c139-029c-4c26-b56b-b3e0db2a81f3#0:OK-t3. Peer's state: aa96c139-029c-4c26-b56b-b3e0db2a81f3@group-4938641401E1:t3, leader=null, voted=b53c0c0f-3814-44ae-9b6f-5cd1e5f5cab0, raftlog=aa96c139-029c-4c26-b56b-b3e0db2a81f3@group-4938641401E1-SegmentedRaftLog:OPENED:c-1,f-1,i0, conf=-1: [b53c0c0f-3814-44ae-9b6f-5cd1e5f5cab0|rpc:10.1.0.56:35731|dataStream:|priority:1, a86274cb-40c2-4f1a-b613-7c28a9d8bee7|rpc:10.1.0.56:37903|dataStream:|priority:0, aa96c139-029c-4c26-b56b-b3e0db2a81f3|rpc:10.1.0.56:42793|dataStream:|priority:0], old=null
2021-08-12 00:25:19,626 [b53c0c0f-3814-44ae-9b6f-5cd1e5f5cab0@group-4938641401E1-LeaderElection45] INFO  impl.LeaderElection (LeaderElection.java:logAndReturn(89)) - b53c0c0f-3814-44ae-9b6f-5cd1e5f5cab0@group-4938641401E1-LeaderElection45: ELECTION PASSED received 1 response(s) and 0 exception(s):
2021-08-12 00:25:19,626 [b53c0c0f-3814-44ae-9b6f-5cd1e5f5cab0@group-4938641401E1-LeaderElection45] INFO  impl.LeaderElection (LeaderElection.java:logAndReturn(93)) -   Response 0: b53c0c0f-3814-44ae-9b6f-5cd1e5f5cab0<-aa96c139-029c-4c26-b56b-b3e0db2a81f3#0:OK-t3
2021-08-12 00:25:19,626 [b53c0c0f-3814-44ae-9b6f-5cd1e5f5cab0@group-4938641401E1-LeaderElection45] INFO  impl.LeaderElection (LeaderElection.java:askForVotes(308)) - b53c0c0f-3814-44ae-9b6f-5cd1e5f5cab0@group-4938641401E1-LeaderElection45 ELECTION round 0: result PASSED
2021-08-12 00:25:19,626 [b53c0c0f-3814-44ae-9b6f-5cd1e5f5cab0@group-4938641401E1-LeaderElection45] INFO  impl.RoleInfo (RoleInfo.java:shutdownLeaderElection(121)) - b53c0c0f-3814-44ae-9b6f-5cd1e5f5cab0: shutdown b53c0c0f-3814-44ae-9b6f-5cd1e5f5cab0@group-4938641401E1-LeaderElection45
2021-08-12 00:25:19,627 [b53c0c0f-3814-44ae-9b6f-5cd1e5f5cab0@group-4938641401E1-LeaderElection45] INFO  server.RaftServer$Division (RaftServerImpl.java:setRole(285)) - b53c0c0f-3814-44ae-9b6f-5cd1e5f5cab0@group-4938641401E1: changes role from CANDIDATE to LEADER at term 3 for changeToLeader
2021-08-12 00:25:19,627 [b53c0c0f-3814-44ae-9b6f-5cd1e5f5cab0@group-4938641401E1-LeaderElection45] INFO  ratis.XceiverServerRatis (XceiverServerRatis.java:handleLeaderChangedNotification(861)) - Leader change notification received for group: group-4938641401E1 with new leaderId: b53c0c0f-3814-44ae-9b6f-5cd1e5f5cab0
2021-08-12 00:25:19,627 [b53c0c0f-3814-44ae-9b6f-5cd1e5f5cab0@group-4938641401E1-LeaderElection45] INFO  server.RaftServer$Division (ServerState.java:setLeader(285)) - b53c0c0f-3814-44ae-9b6f-5cd1e5f5cab0@group-4938641401E1: change Leader from null to b53c0c0f-3814-44ae-9b6f-5cd1e5f5cab0 at term 3 for becomeLeader, leader elected after 15161ms
2021-08-12 00:25:19,627 [b53c0c0f-3814-44ae-9b6f-5cd1e5f5cab0@group-4938641401E1-LeaderElection45] INFO  server.RaftServerConfigKeys (ConfUtils.java:logGet(44)) - raft.server.staging.catchup.gap = 1000 (default)
2021-08-12 00:25:19,627 [b53c0c0f-3814-44ae-9b6f-5cd1e5f5cab0@group-4938641401E1-LeaderElection45] INFO  server.RaftServerConfigKeys (ConfUtils.java:logGet(44)) - raft.server.write.element-limit = 1024 (custom)
2021-08-12 00:25:19,627 [b53c0c0f-3814-44ae-9b6f-5cd1e5f5cab0@group-4938641401E1-LeaderElection45] INFO  server.RaftServerConfigKeys (ConfUtils.java:logGet(44)) - raft.server.write.byte-limit = 1024 M (=1073741824) (custom)
2021-08-12 00:25:19,628 [Datanode State Machine Thread - 0] WARN  statemachine.StateContext (StateContext.java:execute(621)) - No available thread in pool for past 1 seconds.
2021-08-12 00:25:19,628 [b53c0c0f-3814-44ae-9b6f-5cd1e5f5cab0@group-4938641401E1-LeaderElection45] INFO  server.RaftServerConfigKeys (ConfUtils.java:logGet(44)) - raft.server.watch.timeout = 3000ms (custom)
2021-08-12 00:25:19,628 [b53c0c0f-3814-44ae-9b6f-5cd1e5f5cab0@group-4938641401E1-LeaderElection45] INFO  server.RaftServerConfigKeys (ConfUtils.java:logGet(44)) - raft.server.watch.timeout.denomination = 1s (default)
2021-08-12 00:25:19,628 [b53c0c0f-3814-44ae-9b6f-5cd1e5f5cab0@group-4938641401E1-LeaderElection45] INFO  server.RaftServerConfigKeys (ConfUtils.java:logGet(44)) - raft.server.watch.element-limit = 65536 (default)
2021-08-12 00:25:19,628 [b53c0c0f-3814-44ae-9b6f-5cd1e5f5cab0@group-4938641401E1-LeaderElection45] INFO  server.RaftServerConfigKeys (ConfUtils.java:logGet(44)) - raft.server.log.appender.snapshot.chunk.size.max = 16MB (=16777216) (default)
2021-08-12 00:25:19,628 [b53c0c0f-3814-44ae-9b6f-5cd1e5f5cab0@group-4938641401E1-LeaderElection45] INFO  server.RaftServerConfigKeys (ConfUtils.java:logGet(44)) - raft.server.log.appender.buffer.byte-limit = 33554432 (custom)
2021-08-12 00:25:19,628 [b53c0c0f-3814-44ae-9b6f-5cd1e5f5cab0@group-4938641401E1-LeaderElection45] INFO  server.RaftServerConfigKeys (ConfUtils.java:logGet(44)) - raft.server.log.appender.buffer.element-limit = 1 (custom)
2021-08-12 00:25:19,629 [b53c0c0f-3814-44ae-9b6f-5cd1e5f5cab0@group-4938641401E1-LeaderElection45] INFO  grpc.GrpcConfigKeys (ConfUtils.java:logGet(44)) - raft.grpc.server.leader.outstanding.appends.max = 128 (default)
2021-08-12 00:25:19,629 [b53c0c0f-3814-44ae-9b6f-5cd1e5f5cab0@group-4938641401E1-LeaderElection45] INFO  server.RaftServerConfigKeys (ConfUtils.java:logGet(44)) - raft.server.rpc.request.timeout = 3000ms (default)
2021-08-12 00:25:19,629 [b53c0c0f-3814-44ae-9b6f-5cd1e5f5cab0@group-4938641401E1-LeaderElection45] INFO  server.RaftServerConfigKeys (ConfUtils.java:logGet(44)) - raft.server.log.appender.install.snapshot.enabled = false (custom)
2021-08-12 00:25:19,629 [EventQueue-PipelineReportForPipelineReportHandler] INFO  pipeline.PipelineManagerImpl (PipelineManagerImpl.java:openPipeline(283)) - Pipeline Pipeline[ Id: 108e8f3c-f357-4743-a252-4938641401e1, Nodes: aa96c139-029c-4c26-b56b-b3e0db2a81f3{ip: 10.1.0.56, host: fv-az50-214.grzltbmokehuzjyc5b133kdqgh.cx.internal.cloudapp.net, ports: [REPLICATION=46479, RATIS=42793, RATIS_ADMIN=42793, RATIS_SERVER=42793, STANDALONE=42847], networkLocation: /default-rack, certSerialId: null, persistedOpState: IN_SERVICE, persistedOpStateExpiryEpochSec: 0}b53c0c0f-3814-44ae-9b6f-5cd1e5f5cab0{ip: 10.1.0.56, host: fv-az50-214.grzltbmokehuzjyc5b133kdqgh.cx.internal.cloudapp.net, ports: [REPLICATION=42837, RATIS=35731, RATIS_ADMIN=35731, RATIS_SERVER=35731, STANDALONE=40969], networkLocation: /default-rack, certSerialId: null, persistedOpState: IN_SERVICE, persistedOpStateExpiryEpochSec: 0}a86274cb-40c2-4f1a-b613-7c28a9d8bee7{ip: 10.1.0.56, host: fv-az50-214.grzltbmokehuzjyc5b133kdqgh.cx.internal.cloudapp.net, ports: [REPLICATION=40705, RATIS=37903, RATIS_ADMIN=37903, RATIS_SERVER=37903, STANDALONE=33247], networkLocation: /default-rack, certSerialId: null, persistedOpState: IN_SERVICE, persistedOpStateExpiryEpochSec: 0}, ReplicationConfig: RATIS/THREE, State:ALLOCATED, leaderId:b53c0c0f-3814-44ae-9b6f-5cd1e5f5cab0, CreationTimestamp2021-08-12T00:25:02.175Z[Etc/UTC]] moved to OPEN state
2021-08-12 00:25:19,631 [b53c0c0f-3814-44ae-9b6f-5cd1e5f5cab0@group-4938641401E1-LeaderElection45] INFO  server.RaftServerConfigKeys (ConfUtils.java:logGet(44)) - raft.server.log.appender.snapshot.chunk.size.max = 16MB (=16777216) (default)
2021-08-12 00:25:19,631 [b53c0c0f-3814-44ae-9b6f-5cd1e5f5cab0@group-4938641401E1-LeaderElection45] INFO  server.RaftServerConfigKeys (ConfUtils.java:logGet(44)) - raft.server.log.appender.buffer.byte-limit = 33554432 (custom)
2021-08-12 00:25:19,631 [b53c0c0f-3814-44ae-9b6f-5cd1e5f5cab0@group-4938641401E1-LeaderElection45] INFO  server.RaftServerConfigKeys (ConfUtils.java:logGet(44)) - raft.server.log.appender.buffer.element-limit = 1 (custom)
2021-08-12 00:25:19,631 [b53c0c0f-3814-44ae-9b6f-5cd1e5f5cab0@group-4938641401E1-LeaderElection45] INFO  grpc.GrpcConfigKeys (ConfUtils.java:logGet(44)) - raft.grpc.server.leader.outstanding.appends.max = 128 (default)
2021-08-12 00:25:19,631 [b53c0c0f-3814-44ae-9b6f-5cd1e5f5cab0@group-4938641401E1-LeaderElection45] INFO  server.RaftServerConfigKeys (ConfUtils.java:logGet(44)) - raft.server.rpc.request.timeout = 3000ms (default)
2021-08-12 00:25:19,631 [b53c0c0f-3814-44ae-9b6f-5cd1e5f5cab0@group-4938641401E1-LeaderElection45] INFO  server.RaftServerConfigKeys (ConfUtils.java:logGet(44)) - raft.server.log.appender.install.snapshot.enabled = false (custom)
2021-08-12 00:25:19,632 [b53c0c0f-3814-44ae-9b6f-5cd1e5f5cab0@group-4938641401E1-LeaderElection45] INFO  impl.RoleInfo (RoleInfo.java:updateAndGet(130)) - b53c0c0f-3814-44ae-9b6f-5cd1e5f5cab0: start b53c0c0f-3814-44ae-9b6f-5cd1e5f5cab0@group-4938641401E1-LeaderStateImpl
2021-08-12 00:25:19,633 [b53c0c0f-3814-44ae-9b6f-5cd1e5f5cab0@group-4938641401E1-LeaderElection45] INFO  segmented.SegmentedRaftLogWorker (SegmentedRaftLogWorker.java:startLogSegment(394)) - b53c0c0f-3814-44ae-9b6f-5cd1e5f5cab0@group-4938641401E1-SegmentedRaftLogWorker: Starting segment from index:0
2021-08-12 00:25:19,634 [b53c0c0f-3814-44ae-9b6f-5cd1e5f5cab0@group-4938641401E1-SegmentedRaftLogWorker] INFO  segmented.SegmentedRaftLogWorker (SegmentedRaftLogWorker.java:execute(601)) - b53c0c0f-3814-44ae-9b6f-5cd1e5f5cab0@group-4938641401E1-SegmentedRaftLogWorker: created new log segment /home/runner/work/ozone/ozone/hadoop-ozone/integration-test/target/test-dir/MiniOzoneClusterImpl-a42b6446-58ec-43bb-8d59-9c3f88cf101c/datanode-4/data/ratis/108e8f3c-f357-4743-a252-4938641401e1/current/log_inprogress_0
2021-08-12 00:25:19,640 [b53c0c0f-3814-44ae-9b6f-5cd1e5f5cab0@group-4938641401E1-LeaderElection45] INFO  server.RaftServer$Division (ServerState.java:setRaftConf(387)) - b53c0c0f-3814-44ae-9b6f-5cd1e5f5cab0@group-4938641401E1: set configuration 0: [b53c0c0f-3814-44ae-9b6f-5cd1e5f5cab0|rpc:10.1.0.56:35731|dataStream:|priority:1, a86274cb-40c2-4f1a-b613-7c28a9d8bee7|rpc:10.1.0.56:37903|dataStream:|priority:0, aa96c139-029c-4c26-b56b-b3e0db2a81f3|rpc:10.1.0.56:42793|dataStream:|priority:0], old=null
2021-08-12 00:25:19,651 [grpc-default-executor-2] INFO  ratis.XceiverServerRatis (XceiverServerRatis.java:handleLeaderChangedNotification(861)) - Leader change notification received for group: group-4938641401E1 with new leaderId: b53c0c0f-3814-44ae-9b6f-5cd1e5f5cab0
2021-08-12 00:25:19,651 [grpc-default-executor-2] INFO  server.RaftServer$Division (ServerState.java:setLeader(285)) - a86274cb-40c2-4f1a-b613-7c28a9d8bee7@group-4938641401E1: change Leader from null to b53c0c0f-3814-44ae-9b6f-5cd1e5f5cab0 at term 3 for appendEntries, leader elected after 15459ms
2021-08-12 00:25:19,659 [grpc-default-executor-2] INFO  server.RaftServer$Division (ServerState.java:setRaftConf(387)) - a86274cb-40c2-4f1a-b613-7c28a9d8bee7@group-4938641401E1: set configuration 0: [b53c0c0f-3814-44ae-9b6f-5cd1e5f5cab0|rpc:10.1.0.56:35731|dataStream:|priority:1, a86274cb-40c2-4f1a-b613-7c28a9d8bee7|rpc:10.1.0.56:37903|dataStream:|priority:0, aa96c139-029c-4c26-b56b-b3e0db2a81f3|rpc:10.1.0.56:42793|dataStream:|priority:0], old=null
2021-08-12 00:25:19,659 [grpc-default-executor-2] INFO  segmented.SegmentedRaftLogWorker (SegmentedRaftLogWorker.java:startLogSegment(394)) - a86274cb-40c2-4f1a-b613-7c28a9d8bee7@group-4938641401E1-SegmentedRaftLogWorker: Starting segment from index:0
2021-08-12 00:25:19,668 [a86274cb-40c2-4f1a-b613-7c28a9d8bee7@group-4938641401E1-SegmentedRaftLogWorker] INFO  segmented.SegmentedRaftLogWorker (SegmentedRaftLogWorker.java:execute(601)) - a86274cb-40c2-4f1a-b613-7c28a9d8bee7@group-4938641401E1-SegmentedRaftLogWorker: created new log segment /home/runner/work/ozone/ozone/hadoop-ozone/integration-test/target/test-dir/MiniOzoneClusterImpl-a42b6446-58ec-43bb-8d59-9c3f88cf101c/datanode-3/data/ratis/108e8f3c-f357-4743-a252-4938641401e1/current/log_inprogress_0
2021-08-12 00:25:19,679 [grpc-default-executor-3] INFO  ratis.XceiverServerRatis (XceiverServerRatis.java:handleLeaderChangedNotification(861)) - Leader change notification received for group: group-4938641401E1 with new leaderId: b53c0c0f-3814-44ae-9b6f-5cd1e5f5cab0
2021-08-12 00:25:19,679 [grpc-default-executor-3] INFO  server.RaftServer$Division (ServerState.java:setLeader(285)) - aa96c139-029c-4c26-b56b-b3e0db2a81f3@group-4938641401E1: change Leader from null to b53c0c0f-3814-44ae-9b6f-5cd1e5f5cab0 at term 3 for appendEntries, leader elected after 15372ms
2021-08-12 00:25:19,694 [grpc-default-executor-3] INFO  server.RaftServer$Division (ServerState.java:setRaftConf(387)) - aa96c139-029c-4c26-b56b-b3e0db2a81f3@group-4938641401E1: set configuration 0: [b53c0c0f-3814-44ae-9b6f-5cd1e5f5cab0|rpc:10.1.0.56:35731|dataStream:|priority:1, a86274cb-40c2-4f1a-b613-7c28a9d8bee7|rpc:10.1.0.56:37903|dataStream:|priority:0, aa96c139-029c-4c26-b56b-b3e0db2a81f3|rpc:10.1.0.56:42793|dataStream:|priority:0], old=null
2021-08-12 00:25:19,694 [grpc-default-executor-3] INFO  segmented.SegmentedRaftLogWorker (SegmentedRaftLogWorker.java:startLogSegment(394)) - aa96c139-029c-4c26-b56b-b3e0db2a81f3@group-4938641401E1-SegmentedRaftLogWorker: Starting segment from index:0
2021-08-12 00:25:19,696 [aa96c139-029c-4c26-b56b-b3e0db2a81f3@group-4938641401E1-SegmentedRaftLogWorker] INFO  segmented.SegmentedRaftLogWorker (SegmentedRaftLogWorker.java:execute(601)) - aa96c139-029c-4c26-b56b-b3e0db2a81f3@group-4938641401E1-SegmentedRaftLogWorker: created new log segment /home/runner/work/ozone/ozone/hadoop-ozone/integration-test/target/test-dir/MiniOzoneClusterImpl-a42b6446-58ec-43bb-8d59-9c3f88cf101c/datanode-5/data/ratis/108e8f3c-f357-4743-a252-4938641401e1/current/log_inprogress_0
2021-08-12 00:25:20,052 [Listener at 127.0.0.1/46733] INFO  ozone.MiniOzoneClusterImpl (MiniOzoneClusterImpl.java:shutdown(453)) - Shutting down the Mini Ozone Cluster
2021-08-12 00:25:20,052 [Listener at 127.0.0.1/46733] INFO  ozone.MiniOzoneClusterImpl (MiniOzoneClusterImpl.java:stop(468)) - Stopping the Mini Ozone Cluster
2021-08-12 00:25:20,052 [Listener at 127.0.0.1/46733] INFO  ozone.MiniOzoneClusterImpl (MiniOzoneClusterImpl.java:stopOM(550)) - Stopping the OzoneManager
2021-08-12 00:25:20,053 [Listener at 127.0.0.1/46733] INFO  om.OzoneManager (OzoneManager.java:stop(1632)) - Stopping Ozone Manager
2021-08-12 00:25:20,053 [Listener at 127.0.0.1/46733] INFO  ipc.Server (Server.java:stop(3414)) - Stopping server on 46733
2021-08-12 00:25:20,064 [IPC Server listener on 0] INFO  ipc.Server (Server.java:run(1376)) - Stopping IPC Server listener on 0
2021-08-12 00:25:20,072 [Listener at 127.0.0.1/46733] INFO  server.RaftServer (RaftServerProxy.java:lambda$close$6(391)) - om1: close
2021-08-12 00:25:20,072 [IPC Server Responder] INFO  ipc.Server (Server.java:run(1512)) - Stopping IPC Server Responder
2021-08-12 00:25:20,072 [Listener at 127.0.0.1/46733] INFO  server.RaftServer$Division (RaftServerImpl.java:lambda$close$4(407)) - om1@group-C5BA1605619E: shutdown
2021-08-12 00:25:20,072 [Listener at 127.0.0.1/46733] INFO  util.JmxRegister (JmxRegister.java:unregister(73)) - Successfully un-registered JMX Bean with object name Ratis:service=RaftServer,group=group-C5BA1605619E,id=om1
2021-08-12 00:25:20,072 [Listener at 127.0.0.1/46733] INFO  impl.RoleInfo (RoleInfo.java:shutdownLeaderState(91)) - om1: shutdown om1@group-C5BA1605619E-LeaderStateImpl
2021-08-12 00:25:20,073 [Listener at 127.0.0.1/46733] INFO  impl.PendingRequests (PendingRequests.java:sendNotLeaderResponses(282)) - om1@group-C5BA1605619E-PendingRequests: sendNotLeaderResponses
2021-08-12 00:25:20,097 [Listener at 127.0.0.1/46733] INFO  impl.StateMachineUpdater (StateMachineUpdater.java:stopAndJoin(149)) - om1@group-C5BA1605619E-StateMachineUpdater: set stopIndex = 4
2021-08-12 00:25:20,099 [om1@group-C5BA1605619E-StateMachineUpdater] INFO  ratis.OzoneManagerStateMachine (OzoneManagerStateMachine.java:takeSnapshot(417)) - Current Snapshot Index (t:1, i:4)
2021-08-12 00:25:20,099 [om1@group-C5BA1605619E-StateMachineUpdater] INFO  impl.StateMachineUpdater (StateMachineUpdater.java:takeSnapshot(281)) - om1@group-C5BA1605619E-StateMachineUpdater: Took a snapshot at index 4
2021-08-12 00:25:20,099 [om1@group-C5BA1605619E-StateMachineUpdater] INFO  impl.StateMachineUpdater (StateMachineUpdater.java:lambda$new$0(89)) - om1@group-C5BA1605619E-StateMachineUpdater: snapshotIndex: updateIncreasingly -1 -> 4
2021-08-12 00:25:20,099 [om1@group-C5BA1605619E-StateMachineUpdater] INFO  ratis.OzoneManagerStateMachine (OzoneManagerStateMachine.java:close(471)) - StateMachine has shutdown. Shutdown OzoneManager if not already shutdown.
2021-08-12 00:25:20,100 [Listener at 127.0.0.1/46733] INFO  server.RaftServer$Division (ServerState.java:close(419)) - om1@group-C5BA1605619E: closes. applyIndex: 4
2021-08-12 00:25:20,100 [om1@group-C5BA1605619E-SegmentedRaftLogWorker] INFO  segmented.SegmentedRaftLogWorker (SegmentedRaftLogWorker.java:run(327)) - om1@group-C5BA1605619E-SegmentedRaftLogWorker was interrupted, exiting. There are 0 tasks remaining in the queue.
2021-08-12 00:25:20,107 [Listener at 127.0.0.1/46733] INFO  segmented.SegmentedRaftLogWorker (SegmentedRaftLogWorker.java:close(237)) - om1@group-C5BA1605619E-SegmentedRaftLogWorker close()
2021-08-12 00:25:20,110 [Listener at 127.0.0.1/46733] INFO  server.GrpcService (GrpcService.java:closeImpl(262)) - om1: shutdown server with port 9872 now
2021-08-12 00:25:20,113 [Listener at 127.0.0.1/46733] INFO  server.GrpcService (GrpcService.java:closeImpl(271)) - om1: shutdown server with port 9872 successfully
2021-08-12 00:25:20,113 [org.apache.ratis.util.JvmPauseMonitor$$Lambda$531/2042374570@144a3109] INFO  util.JvmPauseMonitor (JvmPauseMonitor.java:run(109)) - JvmPauseMonitor-om1: Stopped
2021-08-12 00:25:20,113 [Listener at 127.0.0.1/46733] INFO  ratis.OzoneManagerDoubleBuffer (OzoneManagerDoubleBuffer.java:stop(437)) - Stopping OMDoubleBuffer flush thread
2021-08-12 00:25:20,113 [OMDoubleBufferFlushThread] INFO  ratis.OzoneManagerDoubleBuffer (OzoneManagerDoubleBuffer.java:flushTransactions(356)) - OMDoubleBuffer flush thread OMDoubleBufferFlushThread is interrupted and will exit. OMDoubleBufferFlushThread
2021-08-12 00:25:20,113 [Listener at 127.0.0.1/46733] INFO  utils.BackgroundService (BackgroundService.java:shutdown(132)) - Shutting down service KeyDeletingService
2021-08-12 00:25:20,117 [Listener at 127.0.0.1/46733] INFO  handler.ContextHandler (ContextHandler.java:doStop(1153)) - Stopped o.e.j.w.WebAppContext@2b10803e{ozoneManager,/,null,STOPPED}{file:/home/runner/work/ozone/ozone/hadoop-ozone/integration-test/target/test-classes/webapps/ozoneManager}
2021-08-12 00:25:20,118 [Listener at 127.0.0.1/46733] INFO  server.AbstractConnector (AbstractConnector.java:doStop(381)) - Stopped ServerConnector@7563f296{HTTP/1.1, (http/1.1)}{0.0.0.0:0}
2021-08-12 00:25:20,118 [Listener at 127.0.0.1/46733] INFO  server.session (HouseKeeper.java:stopScavenging(149)) - node0 Stopped scavenging
2021-08-12 00:25:20,118 [Listener at 127.0.0.1/46733] INFO  handler.ContextHandler (ContextHandler.java:doStop(1153)) - Stopped o.e.j.s.ServletContextHandler@6674a40b{static,/static,file:///home/runner/work/ozone/ozone/hadoop-ozone/integration-test/target/test-classes/webapps/static,STOPPED}
2021-08-12 00:25:20,119 [Listener at 127.0.0.1/46733] INFO  handler.ContextHandler (ContextHandler.java:doStop(1153)) - Stopped o.e.j.s.ServletContextHandler@1eb84ea6{logs,/logs,file:///home/runner/work/ozone/ozone/hadoop-ozone/integration-test/target/log,STOPPED}
2021-08-12 00:25:20,131 [Listener at 127.0.0.1/46733] INFO  ozone.MiniOzoneClusterImpl (MiniOzoneClusterImpl.java:stopDatanodes(527)) - Stopping the HddsDatanodes
2021-08-12 00:25:20,594 [Datanode State Machine Thread - 0] INFO  statemachine.DatanodeStateMachine (DatanodeStateMachine.java:lambda$startDaemon$0(457)) - Ozone container server started.
2021-08-12 00:25:20,628 [Datanode State Machine Thread - 0] INFO  statemachine.DatanodeStateMachine (DatanodeStateMachine.java:lambda$startDaemon$0(457)) - Ozone container server started.
2021-08-12 00:25:25,133 [Listener at 127.0.0.1/46733] INFO  ozoneimpl.OzoneContainer (OzoneContainer.java:stop(326)) - Attempting to stop container services.
2021-08-12 00:25:25,134 [Listener at 127.0.0.1/46733] INFO  server.RaftServer (RaftServerProxy.java:lambda$close$6(391)) - b53c0c0f-3814-44ae-9b6f-5cd1e5f5cab0: close
2021-08-12 00:25:25,134 [Listener at 127.0.0.1/46733] INFO  server.RaftServer$Division (RaftServerImpl.java:lambda$close$4(407)) - b53c0c0f-3814-44ae-9b6f-5cd1e5f5cab0@group-CCDFCDB58FFE: shutdown
2021-08-12 00:25:25,134 [Listener at 127.0.0.1/46733] INFO  util.JmxRegister (JmxRegister.java:unregister(73)) - Successfully un-registered JMX Bean with object name Ratis:service=RaftServer,group=group-CCDFCDB58FFE,id=b53c0c0f-3814-44ae-9b6f-5cd1e5f5cab0
2021-08-12 00:25:25,134 [Listener at 127.0.0.1/46733] INFO  impl.RoleInfo (RoleInfo.java:shutdownLeaderState(91)) - b53c0c0f-3814-44ae-9b6f-5cd1e5f5cab0: shutdown b53c0c0f-3814-44ae-9b6f-5cd1e5f5cab0@group-CCDFCDB58FFE-LeaderStateImpl
2021-08-12 00:25:25,134 [Listener at 127.0.0.1/46733] INFO  impl.PendingRequests (PendingRequests.java:sendNotLeaderResponses(282)) - b53c0c0f-3814-44ae-9b6f-5cd1e5f5cab0@group-CCDFCDB58FFE-PendingRequests: sendNotLeaderResponses
2021-08-12 00:25:25,136 [ForkJoinPool.commonPool-worker-0] INFO  ozoneimpl.OzoneContainer (OzoneContainer.java:stop(326)) - Attempting to stop container services.
2021-08-12 00:25:25,136 [ForkJoinPool.commonPool-worker-0] INFO  server.RaftServer (RaftServerProxy.java:lambda$close$6(391)) - ef23a805-c360-46f9-a5ff-61453c052e9c: close
2021-08-12 00:25:25,136 [ForkJoinPool.commonPool-worker-0] INFO  server.RaftServer$Division (RaftServerImpl.java:lambda$close$4(407)) - ef23a805-c360-46f9-a5ff-61453c052e9c@group-BF10A166F694: shutdown
2021-08-12 00:25:25,136 [ForkJoinPool.commonPool-worker-0] INFO  util.JmxRegister (JmxRegister.java:unregister(73)) - Successfully un-registered JMX Bean with object name Ratis:service=RaftServer,group=group-BF10A166F694,id=ef23a805-c360-46f9-a5ff-61453c052e9c
2021-08-12 00:25:25,136 [ForkJoinPool.commonPool-worker-0] INFO  impl.RoleInfo (RoleInfo.java:shutdownLeaderState(91)) - ef23a805-c360-46f9-a5ff-61453c052e9c: shutdown ef23a805-c360-46f9-a5ff-61453c052e9c@group-BF10A166F694-LeaderStateImpl
2021-08-12 00:25:25,137 [ForkJoinPool.commonPool-worker-0] INFO  impl.PendingRequests (PendingRequests.java:sendNotLeaderResponses(282)) - ef23a805-c360-46f9-a5ff-61453c052e9c@group-BF10A166F694-PendingRequests: sendNotLeaderResponses
2021-08-12 00:25:25,137 [ForkJoinPool.commonPool-worker-0] INFO  impl.StateMachineUpdater (StateMachineUpdater.java:stopAndJoin(149)) - ef23a805-c360-46f9-a5ff-61453c052e9c@group-BF10A166F694-StateMachineUpdater: set stopIndex = 0
2021-08-12 00:25:25,137 [ef23a805-c360-46f9-a5ff-61453c052e9c@group-BF10A166F694-StateMachineUpdater] INFO  ratis.ContainerStateMachine (ContainerStateMachine.java:takeSnapshot(293)) - group-BF10A166F694: Taking a snapshot at:(t:1, i:0) file /home/runner/work/ozone/ozone/hadoop-ozone/integration-test/target/test-dir/MiniOzoneClusterImpl-a42b6446-58ec-43bb-8d59-9c3f88cf101c/datanode-2/data/ratis/1eb0b2fb-7b9b-4778-a3da-bf10a166f694/sm/snapshot.1_0
2021-08-12 00:25:25,141 [ef23a805-c360-46f9-a5ff-61453c052e9c@group-BF10A166F694-StateMachineUpdater] INFO  ratis.ContainerStateMachine (ContainerStateMachine.java:takeSnapshot(304)) - group-BF10A166F694: Finished taking a snapshot at:(t:1, i:0) file:/home/runner/work/ozone/ozone/hadoop-ozone/integration-test/target/test-dir/MiniOzoneClusterImpl-a42b6446-58ec-43bb-8d59-9c3f88cf101c/datanode-2/data/ratis/1eb0b2fb-7b9b-4778-a3da-bf10a166f694/sm/snapshot.1_0 took: 3 ms
2021-08-12 00:25:25,141 [ef23a805-c360-46f9-a5ff-61453c052e9c@group-BF10A166F694-StateMachineUpdater] INFO  impl.StateMachineUpdater (StateMachineUpdater.java:takeSnapshot(281)) - ef23a805-c360-46f9-a5ff-61453c052e9c@group-BF10A166F694-StateMachineUpdater: Took a snapshot at index 0
2021-08-12 00:25:25,141 [ef23a805-c360-46f9-a5ff-61453c052e9c@group-BF10A166F694-StateMachineUpdater] INFO  impl.StateMachineUpdater (StateMachineUpdater.java:lambda$new$0(89)) - ef23a805-c360-46f9-a5ff-61453c052e9c@group-BF10A166F694-StateMachineUpdater: snapshotIndex: updateIncreasingly -1 -> 0
2021-08-12 00:25:25,141 [ForkJoinPool.commonPool-worker-0] INFO  server.RaftServer$Division (ServerState.java:close(419)) - ef23a805-c360-46f9-a5ff-61453c052e9c@group-BF10A166F694: closes. applyIndex: 0
2021-08-12 00:25:25,141 [ef23a805-c360-46f9-a5ff-61453c052e9c@group-BF10A166F694-SegmentedRaftLogWorker] INFO  segmented.SegmentedRaftLogWorker (SegmentedRaftLogWorker.java:run(327)) - ef23a805-c360-46f9-a5ff-61453c052e9c@group-BF10A166F694-SegmentedRaftLogWorker was interrupted, exiting. There are 0 tasks remaining in the queue.
2021-08-12 00:25:25,143 [ForkJoinPool.commonPool-worker-0] INFO  segmented.SegmentedRaftLogWorker (SegmentedRaftLogWorker.java:close(237)) - ef23a805-c360-46f9-a5ff-61453c052e9c@group-BF10A166F694-SegmentedRaftLogWorker close()
2021-08-12 00:25:25,144 [ForkJoinPool.commonPool-worker-0] INFO  server.RaftServer$Division (RaftServerImpl.java:lambda$close$4(407)) - ef23a805-c360-46f9-a5ff-61453c052e9c@group-427675ACF13C: shutdown
2021-08-12 00:25:25,144 [ForkJoinPool.commonPool-worker-0] INFO  util.JmxRegister (JmxRegister.java:unregister(73)) - Successfully un-registered JMX Bean with object name Ratis:service=RaftServer,group=group-427675ACF13C,id=ef23a805-c360-46f9-a5ff-61453c052e9c
2021-08-12 00:25:25,144 [ForkJoinPool.commonPool-worker-0] INFO  impl.RoleInfo (RoleInfo.java:shutdownFollowerState(108)) - ef23a805-c360-46f9-a5ff-61453c052e9c: shutdown ef23a805-c360-46f9-a5ff-61453c052e9c@group-427675ACF13C-FollowerState
2021-08-12 00:25:25,144 [ForkJoinPool.commonPool-worker-0] INFO  impl.StateMachineUpdater (StateMachineUpdater.java:stopAndJoin(149)) - ef23a805-c360-46f9-a5ff-61453c052e9c@group-427675ACF13C-StateMachineUpdater: set stopIndex = 2
2021-08-12 00:25:25,144 [ef23a805-c360-46f9-a5ff-61453c052e9c@group-427675ACF13C-FollowerState] INFO  impl.FollowerState (FollowerState.java:run(143)) - ef23a805-c360-46f9-a5ff-61453c052e9c@group-427675ACF13C-FollowerState was interrupted: {}
java.lang.InterruptedException: sleep interrupted
	at java.lang.Thread.sleep(Native Method)
	at java.lang.Thread.sleep(Thread.java:340)
	at java.util.concurrent.TimeUnit.sleep(TimeUnit.java:386)
	at org.apache.ratis.util.TimeDuration.sleep(TimeDuration.java:324)
	at org.apache.ratis.util.TimeDuration.sleep(TimeDuration.java:309)
	at org.apache.ratis.server.impl.FollowerState.run(FollowerState.java:118)
2021-08-12 00:25:25,144 [ef23a805-c360-46f9-a5ff-61453c052e9c@group-427675ACF13C-StateMachineUpdater] INFO  ratis.ContainerStateMachine (ContainerStateMachine.java:takeSnapshot(293)) - group-427675ACF13C: Taking a snapshot at:(t:3, i:2) file /home/runner/work/ozone/ozone/hadoop-ozone/integration-test/target/test-dir/MiniOzoneClusterImpl-a42b6446-58ec-43bb-8d59-9c3f88cf101c/datanode-2/data/ratis/fbb95fc7-d228-40f1-b0e7-427675acf13c/sm/snapshot.3_2
2021-08-12 00:25:25,147 [Listener at 127.0.0.1/46733] INFO  impl.StateMachineUpdater (StateMachineUpdater.java:stopAndJoin(149)) - b53c0c0f-3814-44ae-9b6f-5cd1e5f5cab0@group-CCDFCDB58FFE-StateMachineUpdater: set stopIndex = 0
2021-08-12 00:25:25,153 [b53c0c0f-3814-44ae-9b6f-5cd1e5f5cab0@group-CCDFCDB58FFE-StateMachineUpdater] INFO  ratis.ContainerStateMachine (ContainerStateMachine.java:takeSnapshot(293)) - group-CCDFCDB58FFE: Taking a snapshot at:(t:1, i:0) file /home/runner/work/ozone/ozone/hadoop-ozone/integration-test/target/test-dir/MiniOzoneClusterImpl-a42b6446-58ec-43bb-8d59-9c3f88cf101c/datanode-4/data/ratis/53010660-58c2-494e-859d-ccdfcdb58ffe/sm/snapshot.1_0
2021-08-12 00:25:25,153 [ef23a805-c360-46f9-a5ff-61453c052e9c@group-427675ACF13C-StateMachineUpdater] INFO  ratis.ContainerStateMachine (ContainerStateMachine.java:takeSnapshot(304)) - group-427675ACF13C: Finished taking a snapshot at:(t:3, i:2) file:/home/runner/work/ozone/ozone/hadoop-ozone/integration-test/target/test-dir/MiniOzoneClusterImpl-a42b6446-58ec-43bb-8d59-9c3f88cf101c/datanode-2/data/ratis/fbb95fc7-d228-40f1-b0e7-427675acf13c/sm/snapshot.3_2 took: 9 ms
2021-08-12 00:25:25,153 [b53c0c0f-3814-44ae-9b6f-5cd1e5f5cab0@group-CCDFCDB58FFE-StateMachineUpdater] INFO  ratis.ContainerStateMachine (ContainerStateMachine.java:takeSnapshot(304)) - group-CCDFCDB58FFE: Finished taking a snapshot at:(t:1, i:0) file:/home/runner/work/ozone/ozone/hadoop-ozone/integration-test/target/test-dir/MiniOzoneClusterImpl-a42b6446-58ec-43bb-8d59-9c3f88cf101c/datanode-4/data/ratis/53010660-58c2-494e-859d-ccdfcdb58ffe/sm/snapshot.1_0 took: 0 ms
2021-08-12 00:25:25,153 [b53c0c0f-3814-44ae-9b6f-5cd1e5f5cab0@group-CCDFCDB58FFE-StateMachineUpdater] INFO  impl.StateMachineUpdater (StateMachineUpdater.java:takeSnapshot(281)) - b53c0c0f-3814-44ae-9b6f-5cd1e5f5cab0@group-CCDFCDB58FFE-StateMachineUpdater: Took a snapshot at index 0
2021-08-12 00:25:25,153 [b53c0c0f-3814-44ae-9b6f-5cd1e5f5cab0@group-CCDFCDB58FFE-StateMachineUpdater] INFO  impl.StateMachineUpdater (StateMachineUpdater.java:lambda$new$0(89)) - b53c0c0f-3814-44ae-9b6f-5cd1e5f5cab0@group-CCDFCDB58FFE-StateMachineUpdater: snapshotIndex: updateIncreasingly -1 -> 0
2021-08-12 00:25:25,153 [Listener at 127.0.0.1/46733] INFO  server.RaftServer$Division (ServerState.java:close(419)) - b53c0c0f-3814-44ae-9b6f-5cd1e5f5cab0@group-CCDFCDB58FFE: closes. applyIndex: 0
2021-08-12 00:25:25,154 [b53c0c0f-3814-44ae-9b6f-5cd1e5f5cab0@group-CCDFCDB58FFE-SegmentedRaftLogWorker] INFO  segmented.SegmentedRaftLogWorker (SegmentedRaftLogWorker.java:run(327)) - b53c0c0f-3814-44ae-9b6f-5cd1e5f5cab0@group-CCDFCDB58FFE-SegmentedRaftLogWorker was interrupted, exiting. There are 0 tasks remaining in the queue.
2021-08-12 00:25:25,154 [ef23a805-c360-46f9-a5ff-61453c052e9c@group-427675ACF13C-StateMachineUpdater] INFO  impl.StateMachineUpdater (StateMachineUpdater.java:takeSnapshot(281)) - ef23a805-c360-46f9-a5ff-61453c052e9c@group-427675ACF13C-StateMachineUpdater: Took a snapshot at index 2
2021-08-12 00:25:25,154 [ef23a805-c360-46f9-a5ff-61453c052e9c@group-427675ACF13C-StateMachineUpdater] INFO  impl.StateMachineUpdater (StateMachineUpdater.java:lambda$new$0(89)) - ef23a805-c360-46f9-a5ff-61453c052e9c@group-427675ACF13C-StateMachineUpdater: snapshotIndex: updateIncreasingly -1 -> 2
2021-08-12 00:25:25,154 [ForkJoinPool.commonPool-worker-0] INFO  server.RaftServer$Division (ServerState.java:close(419)) - ef23a805-c360-46f9-a5ff-61453c052e9c@group-427675ACF13C: closes. applyIndex: 2
2021-08-12 00:25:25,155 [ef23a805-c360-46f9-a5ff-61453c052e9c@group-427675ACF13C-SegmentedRaftLogWorker] INFO  segmented.SegmentedRaftLogWorker (SegmentedRaftLogWorker.java:run(327)) - ef23a805-c360-46f9-a5ff-61453c052e9c@group-427675ACF13C-SegmentedRaftLogWorker was interrupted, exiting. There are 0 tasks remaining in the queue.
2021-08-12 00:25:25,166 [Listener at 127.0.0.1/46733] INFO  segmented.SegmentedRaftLogWorker (SegmentedRaftLogWorker.java:close(237)) - b53c0c0f-3814-44ae-9b6f-5cd1e5f5cab0@group-CCDFCDB58FFE-SegmentedRaftLogWorker close()
2021-08-12 00:25:25,166 [ForkJoinPool.commonPool-worker-0] INFO  segmented.SegmentedRaftLogWorker (SegmentedRaftLogWorker.java:close(237)) - ef23a805-c360-46f9-a5ff-61453c052e9c@group-427675ACF13C-SegmentedRaftLogWorker close()
2021-08-12 00:25:25,168 [Listener at 127.0.0.1/46733] INFO  server.RaftServer$Division (RaftServerImpl.java:lambda$close$4(407)) - b53c0c0f-3814-44ae-9b6f-5cd1e5f5cab0@group-4938641401E1: shutdown
2021-08-12 00:25:25,168 [Listener at 127.0.0.1/46733] INFO  util.JmxRegister (JmxRegister.java:unregister(73)) - Successfully un-registered JMX Bean with object name Ratis:service=RaftServer,group=group-4938641401E1,id=b53c0c0f-3814-44ae-9b6f-5cd1e5f5cab0
2021-08-12 00:25:25,168 [Listener at 127.0.0.1/46733] INFO  impl.RoleInfo (RoleInfo.java:shutdownLeaderState(91)) - b53c0c0f-3814-44ae-9b6f-5cd1e5f5cab0: shutdown b53c0c0f-3814-44ae-9b6f-5cd1e5f5cab0@group-4938641401E1-LeaderStateImpl
2021-08-12 00:25:25,168 [Listener at 127.0.0.1/46733] INFO  impl.PendingRequests (PendingRequests.java:sendNotLeaderResponses(282)) - b53c0c0f-3814-44ae-9b6f-5cd1e5f5cab0@group-4938641401E1-PendingRequests: sendNotLeaderResponses
2021-08-12 00:25:25,169 [Listener at 127.0.0.1/46733] INFO  impl.StateMachineUpdater (StateMachineUpdater.java:stopAndJoin(149)) - b53c0c0f-3814-44ae-9b6f-5cd1e5f5cab0@group-4938641401E1-StateMachineUpdater: set stopIndex = 0
2021-08-12 00:25:25,169 [b53c0c0f-3814-44ae-9b6f-5cd1e5f5cab0@group-4938641401E1->aa96c139-029c-4c26-b56b-b3e0db2a81f3-GrpcLogAppender-LogAppenderDaemon] WARN  server.GrpcLogAppender (GrpcLogAppender.java:mayWait(175)) - b53c0c0f-3814-44ae-9b6f-5cd1e5f5cab0@group-4938641401E1->aa96c139-029c-4c26-b56b-b3e0db2a81f3-GrpcLogAppender: Wait interrupted by java.lang.InterruptedException
2021-08-12 00:25:25,169 [b53c0c0f-3814-44ae-9b6f-5cd1e5f5cab0@group-4938641401E1->a86274cb-40c2-4f1a-b613-7c28a9d8bee7-GrpcLogAppender-LogAppenderDaemon] WARN  server.GrpcLogAppender (GrpcLogAppender.java:mayWait(175)) - b53c0c0f-3814-44ae-9b6f-5cd1e5f5cab0@group-4938641401E1->a86274cb-40c2-4f1a-b613-7c28a9d8bee7-GrpcLogAppender: Wait interrupted by java.lang.InterruptedException
2021-08-12 00:25:25,169 [b53c0c0f-3814-44ae-9b6f-5cd1e5f5cab0@group-4938641401E1-StateMachineUpdater] INFO  ratis.ContainerStateMachine (ContainerStateMachine.java:takeSnapshot(293)) - group-4938641401E1: Taking a snapshot at:(t:3, i:0) file /home/runner/work/ozone/ozone/hadoop-ozone/integration-test/target/test-dir/MiniOzoneClusterImpl-a42b6446-58ec-43bb-8d59-9c3f88cf101c/datanode-4/data/ratis/108e8f3c-f357-4743-a252-4938641401e1/sm/snapshot.3_0
2021-08-12 00:25:25,170 [grpc-default-executor-3] INFO  server.GrpcServerProtocolService (GrpcServerProtocolService.java:onCompleted(140)) - a86274cb-40c2-4f1a-b613-7c28a9d8bee7: Completed APPEND_ENTRIES, lastRequest: b53c0c0f-3814-44ae-9b6f-5cd1e5f5cab0->a86274cb-40c2-4f1a-b613-7c28a9d8bee7#1-t3,previous=(t:0, i:0),leaderCommit=-1,initializing? true,entries: size=1, first=(t:3, i:0), CONFIGURATIONENTRY
2021-08-12 00:25:25,171 [ForkJoinPool.commonPool-worker-0] INFO  server.GrpcService (GrpcService.java:closeImpl(262)) - ef23a805-c360-46f9-a5ff-61453c052e9c: shutdown server with port 45291 now
2021-08-12 00:25:25,171 [grpc-default-executor-0] INFO  server.GrpcLogAppender (GrpcLogAppender.java:onCompleted(344)) - b53c0c0f-3814-44ae-9b6f-5cd1e5f5cab0@group-4938641401E1->a86274cb-40c2-4f1a-b613-7c28a9d8bee7-AppendLogResponseHandler: follower responses appendEntries COMPLETED
2021-08-12 00:25:25,171 [grpc-default-executor-2] INFO  server.GrpcServerProtocolService (GrpcServerProtocolService.java:onCompleted(140)) - aa96c139-029c-4c26-b56b-b3e0db2a81f3: Completed APPEND_ENTRIES, lastRequest: b53c0c0f-3814-44ae-9b6f-5cd1e5f5cab0->aa96c139-029c-4c26-b56b-b3e0db2a81f3#1-t3,previous=(t:0, i:0),leaderCommit=0,initializing? true,entries: size=1, first=(t:3, i:0), CONFIGURATIONENTRY
2021-08-12 00:25:25,171 [grpc-default-executor-0] INFO  leader.FollowerInfo (FollowerInfoImpl.java:lambda$new$0(46)) - b53c0c0f-3814-44ae-9b6f-5cd1e5f5cab0@group-4938641401E1->a86274cb-40c2-4f1a-b613-7c28a9d8bee7: nextIndex: updateUnconditionally 1 -> 0
2021-08-12 00:25:25,173 [b53c0c0f-3814-44ae-9b6f-5cd1e5f5cab0@group-4938641401E1-StateMachineUpdater] INFO  ratis.ContainerStateMachine (ContainerStateMachine.java:takeSnapshot(304)) - group-4938641401E1: Finished taking a snapshot at:(t:3, i:0) file:/home/runner/work/ozone/ozone/hadoop-ozone/integration-test/target/test-dir/MiniOzoneClusterImpl-a42b6446-58ec-43bb-8d59-9c3f88cf101c/datanode-4/data/ratis/108e8f3c-f357-4743-a252-4938641401e1/sm/snapshot.3_0 took: 3 ms
2021-08-12 00:25:25,173 [b53c0c0f-3814-44ae-9b6f-5cd1e5f5cab0@group-4938641401E1-StateMachineUpdater] INFO  impl.StateMachineUpdater (StateMachineUpdater.java:takeSnapshot(281)) - b53c0c0f-3814-44ae-9b6f-5cd1e5f5cab0@group-4938641401E1-StateMachineUpdater: Took a snapshot at index 0
2021-08-12 00:25:25,173 [b53c0c0f-3814-44ae-9b6f-5cd1e5f5cab0@group-4938641401E1-StateMachineUpdater] INFO  impl.StateMachineUpdater (StateMachineUpdater.java:lambda$new$0(89)) - b53c0c0f-3814-44ae-9b6f-5cd1e5f5cab0@group-4938641401E1-StateMachineUpdater: snapshotIndex: updateIncreasingly -1 -> 0
2021-08-12 00:25:25,177 [grpc-default-executor-2] INFO  server.GrpcLogAppender (GrpcLogAppender.java:onCompleted(344)) - b53c0c0f-3814-44ae-9b6f-5cd1e5f5cab0@group-4938641401E1->aa96c139-029c-4c26-b56b-b3e0db2a81f3-AppendLogResponseHandler: follower responses appendEntries COMPLETED
2021-08-12 00:25:25,177 [grpc-default-executor-2] INFO  leader.FollowerInfo (FollowerInfoImpl.java:lambda$new$0(46)) - b53c0c0f-3814-44ae-9b6f-5cd1e5f5cab0@group-4938641401E1->aa96c139-029c-4c26-b56b-b3e0db2a81f3: nextIndex: updateUnconditionally 1 -> 0
2021-08-12 00:25:25,188 [grpc-default-executor-3] WARN  server.GrpcLogAppender (LogUtils.java:warn(122)) - 5b202ae5-680d-43fe-be69-63ca12314317@group-427675ACF13C->ef23a805-c360-46f9-a5ff-61453c052e9c-AppendLogResponseHandler: Failed appendEntries: org.apache.ratis.thirdparty.io.grpc.StatusRuntimeException: CANCELLED: HTTP/2 error code: CANCEL
Received Rst Stream
2021-08-12 00:25:25,188 [grpc-default-executor-3] INFO  leader.FollowerInfo (FollowerInfoImpl.java:lambda$new$0(46)) - 5b202ae5-680d-43fe-be69-63ca12314317@group-427675ACF13C->ef23a805-c360-46f9-a5ff-61453c052e9c: nextIndex: updateUnconditionally 3 -> 2
2021-08-12 00:25:25,189 [Listener at 127.0.0.1/46733] INFO  server.RaftServer$Division (ServerState.java:close(419)) - b53c0c0f-3814-44ae-9b6f-5cd1e5f5cab0@group-4938641401E1: closes. applyIndex: 0
2021-08-12 00:25:25,190 [ForkJoinPool.commonPool-worker-0] INFO  server.GrpcService (GrpcService.java:closeImpl(271)) - ef23a805-c360-46f9-a5ff-61453c052e9c: shutdown server with port 45291 successfully
2021-08-12 00:25:25,190 [grpc-default-executor-0] WARN  server.GrpcServerProtocolService (LogUtils.java:warn(122)) - ef23a805-c360-46f9-a5ff-61453c052e9c: installSnapshot onError, lastRequest: 5b202ae5-680d-43fe-be69-63ca12314317->ef23a805-c360-46f9-a5ff-61453c052e9c#10-t3,previous=(t:3, i:1),leaderCommit=1,initializing? true,entries: size=1, first=(t:3, i:2), METADATAENTRY(c:1): org.apache.ratis.thirdparty.io.grpc.StatusRuntimeException: CANCELLED: client cancelled
2021-08-12 00:25:25,190 [b53c0c0f-3814-44ae-9b6f-5cd1e5f5cab0@group-4938641401E1-SegmentedRaftLogWorker] INFO  segmented.SegmentedRaftLogWorker (SegmentedRaftLogWorker.java:run(327)) - b53c0c0f-3814-44ae-9b6f-5cd1e5f5cab0@group-4938641401E1-SegmentedRaftLogWorker was interrupted, exiting. There are 0 tasks remaining in the queue.
2021-08-12 00:25:25,190 [org.apache.ratis.util.JvmPauseMonitor$$Lambda$531/2042374570@2c97dbef] INFO  util.JvmPauseMonitor (JvmPauseMonitor.java:run(109)) - JvmPauseMonitor-ef23a805-c360-46f9-a5ff-61453c052e9c: Stopped
2021-08-12 00:25:25,193 [grpc-default-executor-3] WARN  server.GrpcLogAppender (LogUtils.java:warn(122)) - 5b202ae5-680d-43fe-be69-63ca12314317@group-427675ACF13C->ef23a805-c360-46f9-a5ff-61453c052e9c-AppendLogResponseHandler: Failed appendEntries: org.apache.ratis.thirdparty.io.grpc.StatusRuntimeException: UNAVAILABLE: io exception
2021-08-12 00:25:25,194 [grpc-default-executor-3] INFO  leader.FollowerInfo (FollowerInfoImpl.java:lambda$new$0(46)) - 5b202ae5-680d-43fe-be69-63ca12314317@group-427675ACF13C->ef23a805-c360-46f9-a5ff-61453c052e9c: nextIndex: updateUnconditionally 3 -> 2
2021-08-12 00:25:25,198 [Listener at 127.0.0.1/46733] INFO  segmented.SegmentedRaftLogWorker (SegmentedRaftLogWorker.java:close(237)) - b53c0c0f-3814-44ae-9b6f-5cd1e5f5cab0@group-4938641401E1-SegmentedRaftLogWorker close()
2021-08-12 00:25:25,199 [Listener at 127.0.0.1/46733] INFO  server.GrpcService (GrpcService.java:closeImpl(262)) - b53c0c0f-3814-44ae-9b6f-5cd1e5f5cab0: shutdown server with port 35731 now
2021-08-12 00:25:25,202 [ForkJoinPool.commonPool-worker-0] INFO  utils.BackgroundService (BackgroundService.java:shutdown(132)) - Shutting down service BlockDeletingService
2021-08-12 00:25:25,226 [Listener at 127.0.0.1/46733] INFO  server.GrpcService (GrpcService.java:closeImpl(271)) - b53c0c0f-3814-44ae-9b6f-5cd1e5f5cab0: shutdown server with port 35731 successfully
2021-08-12 00:25:25,226 [org.apache.ratis.util.JvmPauseMonitor$$Lambda$531/2042374570@627cbb77] INFO  util.JvmPauseMonitor (JvmPauseMonitor.java:run(109)) - JvmPauseMonitor-b53c0c0f-3814-44ae-9b6f-5cd1e5f5cab0: Stopped
2021-08-12 00:25:25,227 [Listener at 127.0.0.1/46733] INFO  utils.BackgroundService (BackgroundService.java:shutdown(132)) - Shutting down service BlockDeletingService
2021-08-12 00:25:27,692 [grpc-default-executor-0] WARN  server.GrpcLogAppender (LogUtils.java:warn(122)) - 5b202ae5-680d-43fe-be69-63ca12314317@group-427675ACF13C->ef23a805-c360-46f9-a5ff-61453c052e9c-AppendLogResponseHandler: Failed appendEntries: org.apache.ratis.thirdparty.io.grpc.StatusRuntimeException: UNAVAILABLE: io exception
2021-08-12 00:25:27,693 [grpc-default-executor-0] INFO  leader.FollowerInfo (FollowerInfoImpl.java:lambda$new$0(46)) - 5b202ae5-680d-43fe-be69-63ca12314317@group-427675ACF13C->ef23a805-c360-46f9-a5ff-61453c052e9c: nextIndex: updateUnconditionally 3 -> 2
2021-08-12 00:25:28,225 [ForkJoinPool.commonPool-worker-0] INFO  statemachine.DatanodeStateMachine (DatanodeStateMachine.java:stopDaemon(515)) - Ozone container server stopped.
2021-08-12 00:25:28,229 [ForkJoinPool.commonPool-worker-0] INFO  handler.ContextHandler (ContextHandler.java:doStop(1153)) - Stopped o.e.j.w.WebAppContext@71accac1{hddsDatanode,/,null,STOPPED}{jar:file:/home/runner/.m2/repository/org/apache/ozone/hdds-container-service/1.2.0-SNAPSHOT/hdds-container-service-1.2.0-SNAPSHOT.jar!/webapps/hddsDatanode}
2021-08-12 00:25:28,231 [ForkJoinPool.commonPool-worker-0] INFO  server.AbstractConnector (AbstractConnector.java:doStop(381)) - Stopped ServerConnector@35e4fcd7{HTTP/1.1, (http/1.1)}{0.0.0.0:0}
2021-08-12 00:25:28,231 [ForkJoinPool.commonPool-worker-0] INFO  server.session (HouseKeeper.java:stopScavenging(149)) - node0 Stopped scavenging
2021-08-12 00:25:28,235 [Listener at 127.0.0.1/46733] INFO  statemachine.DatanodeStateMachine (DatanodeStateMachine.java:stopDaemon(515)) - Ozone container server stopped.
2021-08-12 00:25:28,236 [Listener at 127.0.0.1/46733] INFO  handler.ContextHandler (ContextHandler.java:doStop(1153)) - Stopped o.e.j.w.WebAppContext@41b22d29{hddsDatanode,/,null,STOPPED}{jar:file:/home/runner/.m2/repository/org/apache/ozone/hdds-container-service/1.2.0-SNAPSHOT/hdds-container-service-1.2.0-SNAPSHOT.jar!/webapps/hddsDatanode}
2021-08-12 00:25:28,237 [ForkJoinPool.commonPool-worker-0] INFO  handler.ContextHandler (ContextHandler.java:doStop(1153)) - Stopped o.e.j.s.ServletContextHandler@3b210322{static,/static,jar:file:/home/runner/.m2/repository/org/apache/ozone/hdds-container-service/1.2.0-SNAPSHOT/hdds-container-service-1.2.0-SNAPSHOT.jar!/webapps/static,STOPPED}
2021-08-12 00:25:28,238 [ForkJoinPool.commonPool-worker-0] INFO  handler.ContextHandler (ContextHandler.java:doStop(1153)) - Stopped o.e.j.s.ServletContextHandler@361b25cf{logs,/logs,file:///home/runner/work/ozone/ozone/hadoop-ozone/integration-test/target/log,STOPPED}
2021-08-12 00:25:28,256 [Datanode State Machine Thread - 0] INFO  statemachine.DatanodeStateMachine (DatanodeStateMachine.java:lambda$startDaemon$0(457)) - Ozone container server started.
2021-08-12 00:25:28,256 [Listener at 127.0.0.1/46733] INFO  server.AbstractConnector (AbstractConnector.java:doStop(381)) - Stopped ServerConnector@6867e273{HTTP/1.1, (http/1.1)}{0.0.0.0:0}
2021-08-12 00:25:28,256 [Listener at 127.0.0.1/46733] INFO  server.session (HouseKeeper.java:stopScavenging(149)) - node0 Stopped scavenging
2021-08-12 00:25:28,257 [Listener at 127.0.0.1/46733] INFO  handler.ContextHandler (ContextHandler.java:doStop(1153)) - Stopped o.e.j.s.ServletContextHandler@48bd1b0b{static,/static,jar:file:/home/runner/.m2/repository/org/apache/ozone/hdds-container-service/1.2.0-SNAPSHOT/hdds-container-service-1.2.0-SNAPSHOT.jar!/webapps/static,STOPPED}
2021-08-12 00:25:28,257 [Listener at 127.0.0.1/46733] INFO  handler.ContextHandler (ContextHandler.java:doStop(1153)) - Stopped o.e.j.s.ServletContextHandler@5f1d3fd0{logs,/logs,file:///home/runner/work/ozone/ozone/hadoop-ozone/integration-test/target/log,STOPPED}
2021-08-12 00:25:29,248 [Datanode State Machine Thread - 0] INFO  statemachine.DatanodeStateMachine (DatanodeStateMachine.java:lambda$startDaemon$0(457)) - Ozone container server started.
2021-08-12 00:25:29,885 [a86274cb-40c2-4f1a-b613-7c28a9d8bee7@group-4938641401E1-FollowerState] INFO  impl.FollowerState (FollowerState.java:run(134)) - a86274cb-40c2-4f1a-b613-7c28a9d8bee7@group-4938641401E1-FollowerState: change to CANDIDATE, lastRpcElapsedTime:5139457065ns, electionTimeout:5077ms
2021-08-12 00:25:29,885 [a86274cb-40c2-4f1a-b613-7c28a9d8bee7@group-4938641401E1-FollowerState] INFO  impl.RoleInfo (RoleInfo.java:shutdownFollowerState(108)) - a86274cb-40c2-4f1a-b613-7c28a9d8bee7: shutdown a86274cb-40c2-4f1a-b613-7c28a9d8bee7@group-4938641401E1-FollowerState
2021-08-12 00:25:29,885 [a86274cb-40c2-4f1a-b613-7c28a9d8bee7@group-4938641401E1-FollowerState] INFO  server.RaftServer$Division (RaftServerImpl.java:setRole(285)) - a86274cb-40c2-4f1a-b613-7c28a9d8bee7@group-4938641401E1: changes role from  FOLLOWER to CANDIDATE at term 3 for changeToCandidate
2021-08-12 00:25:29,885 [a86274cb-40c2-4f1a-b613-7c28a9d8bee7@group-4938641401E1-FollowerState] INFO  server.RaftServerConfigKeys (ConfUtils.java:logGet(44)) - raft.server.leaderelection.pre-vote = false (custom)
2021-08-12 00:25:29,885 [a86274cb-40c2-4f1a-b613-7c28a9d8bee7@group-4938641401E1-FollowerState] INFO  impl.RoleInfo (RoleInfo.java:updateAndGet(130)) - a86274cb-40c2-4f1a-b613-7c28a9d8bee7: start a86274cb-40c2-4f1a-b613-7c28a9d8bee7@group-4938641401E1-LeaderElection46
2021-08-12 00:25:29,905 [a86274cb-40c2-4f1a-b613-7c28a9d8bee7@group-4938641401E1-LeaderElection46] INFO  server.RaftServer$Division (ServerState.java:setLeader(285)) - a86274cb-40c2-4f1a-b613-7c28a9d8bee7@group-4938641401E1: change Leader from b53c0c0f-3814-44ae-9b6f-5cd1e5f5cab0 to null at term 3 for ELECTION
2021-08-12 00:25:29,911 [a86274cb-40c2-4f1a-b613-7c28a9d8bee7@group-4938641401E1-LeaderElection46] INFO  impl.LeaderElection (LeaderElection.java:askForVotes(306)) - a86274cb-40c2-4f1a-b613-7c28a9d8bee7@group-4938641401E1-LeaderElection46 ELECTION round 0: submit vote requests at term 4 for 0: [b53c0c0f-3814-44ae-9b6f-5cd1e5f5cab0|rpc:10.1.0.56:35731|dataStream:|priority:1, a86274cb-40c2-4f1a-b613-7c28a9d8bee7|rpc:10.1.0.56:37903|dataStream:|priority:0, aa96c139-029c-4c26-b56b-b3e0db2a81f3|rpc:10.1.0.56:42793|dataStream:|priority:0], old=null
2021-08-12 00:25:29,923 [a86274cb-40c2-4f1a-b613-7c28a9d8bee7@group-4938641401E1-LeaderElection46] INFO  impl.LeaderElection (LogUtils.java:infoOrTrace(137)) - a86274cb-40c2-4f1a-b613-7c28a9d8bee7@group-4938641401E1-LeaderElection46 got exception when requesting votes: java.util.concurrent.ExecutionException: org.apache.ratis.thirdparty.io.grpc.StatusRuntimeException: UNAVAILABLE: io exception
2021-08-12 00:25:29,929 [grpc-default-executor-0] INFO  server.RaftServer$Division (RaftServerImpl.java:requestVote(1043)) - aa96c139-029c-4c26-b56b-b3e0db2a81f3@group-4938641401E1: receive requestVote(ELECTION, a86274cb-40c2-4f1a-b613-7c28a9d8bee7, group-4938641401E1, 4, (t:3, i:0))
2021-08-12 00:25:29,930 [grpc-default-executor-0] INFO  impl.VoteContext (VoteContext.java:log(48)) - aa96c139-029c-4c26-b56b-b3e0db2a81f3@group-4938641401E1-FOLLOWER: accept ELECTION from a86274cb-40c2-4f1a-b613-7c28a9d8bee7: our priority 0 <= candidate's priority 0
2021-08-12 00:25:29,930 [grpc-default-executor-0] INFO  server.RaftServer$Division (ServerState.java:setLeader(285)) - aa96c139-029c-4c26-b56b-b3e0db2a81f3@group-4938641401E1: change Leader from b53c0c0f-3814-44ae-9b6f-5cd1e5f5cab0 to null at term 4 for updateCurrentTerm
2021-08-12 00:25:29,930 [grpc-default-executor-0] INFO  server.RaftServer$Division (RaftServerImpl.java:setRole(285)) - aa96c139-029c-4c26-b56b-b3e0db2a81f3@group-4938641401E1: changes role from  FOLLOWER to FOLLOWER at term 4 for candidate:a86274cb-40c2-4f1a-b613-7c28a9d8bee7
2021-08-12 00:25:29,930 [grpc-default-executor-0] INFO  impl.RoleInfo (RoleInfo.java:shutdownFollowerState(108)) - aa96c139-029c-4c26-b56b-b3e0db2a81f3: shutdown aa96c139-029c-4c26-b56b-b3e0db2a81f3@group-4938641401E1-FollowerState
2021-08-12 00:25:29,930 [grpc-default-executor-0] INFO  impl.RoleInfo (RoleInfo.java:updateAndGet(130)) - aa96c139-029c-4c26-b56b-b3e0db2a81f3: start aa96c139-029c-4c26-b56b-b3e0db2a81f3@group-4938641401E1-FollowerState
2021-08-12 00:25:29,931 [aa96c139-029c-4c26-b56b-b3e0db2a81f3@group-4938641401E1-FollowerState] INFO  impl.FollowerState (FollowerState.java:run(143)) - aa96c139-029c-4c26-b56b-b3e0db2a81f3@group-4938641401E1-FollowerState was interrupted: {}
java.lang.InterruptedException: sleep interrupted
	at java.lang.Thread.sleep(Native Method)
	at java.lang.Thread.sleep(Thread.java:340)
	at java.util.concurrent.TimeUnit.sleep(TimeUnit.java:386)
	at org.apache.ratis.util.TimeDuration.sleep(TimeDuration.java:324)
	at org.apache.ratis.util.TimeDuration.sleep(TimeDuration.java:309)
	at org.apache.ratis.server.impl.FollowerState.run(FollowerState.java:118)
2021-08-12 00:25:29,937 [grpc-default-executor-0] INFO  server.RaftServer$Division (RaftServerImpl.java:requestVote(1075)) - aa96c139-029c-4c26-b56b-b3e0db2a81f3@group-4938641401E1 replies to ELECTION vote request: a86274cb-40c2-4f1a-b613-7c28a9d8bee7<-aa96c139-029c-4c26-b56b-b3e0db2a81f3#0:OK-t4. Peer's state: aa96c139-029c-4c26-b56b-b3e0db2a81f3@group-4938641401E1:t4, leader=null, voted=a86274cb-40c2-4f1a-b613-7c28a9d8bee7, raftlog=aa96c139-029c-4c26-b56b-b3e0db2a81f3@group-4938641401E1-SegmentedRaftLog:OPENED:c0,f0,i0, conf=0: [b53c0c0f-3814-44ae-9b6f-5cd1e5f5cab0|rpc:10.1.0.56:35731|dataStream:|priority:1, a86274cb-40c2-4f1a-b613-7c28a9d8bee7|rpc:10.1.0.56:37903|dataStream:|priority:0, aa96c139-029c-4c26-b56b-b3e0db2a81f3|rpc:10.1.0.56:42793|dataStream:|priority:0], old=null
2021-08-12 00:25:29,948 [a86274cb-40c2-4f1a-b613-7c28a9d8bee7@group-4938641401E1-LeaderElection46] INFO  impl.LeaderElection (LeaderElection.java:logAndReturn(89)) - a86274cb-40c2-4f1a-b613-7c28a9d8bee7@group-4938641401E1-LeaderElection46: ELECTION PASSED received 1 response(s) and 1 exception(s):
2021-08-12 00:25:29,948 [a86274cb-40c2-4f1a-b613-7c28a9d8bee7@group-4938641401E1-LeaderElection46] INFO  impl.LeaderElection (LeaderElection.java:logAndReturn(93)) -   Response 0: a86274cb-40c2-4f1a-b613-7c28a9d8bee7<-aa96c139-029c-4c26-b56b-b3e0db2a81f3#0:OK-t4
2021-08-12 00:25:29,948 [a86274cb-40c2-4f1a-b613-7c28a9d8bee7@group-4938641401E1-LeaderElection46] INFO  impl.LeaderElection (LogUtils.java:infoOrTrace(137)) -   Exception 1: java.util.concurrent.ExecutionException: org.apache.ratis.thirdparty.io.grpc.StatusRuntimeException: UNAVAILABLE: io exception
2021-08-12 00:25:29,948 [a86274cb-40c2-4f1a-b613-7c28a9d8bee7@group-4938641401E1-LeaderElection46] INFO  impl.LeaderElection (LeaderElection.java:askForVotes(308)) - a86274cb-40c2-4f1a-b613-7c28a9d8bee7@group-4938641401E1-LeaderElection46 ELECTION round 0: result PASSED
2021-08-12 00:25:29,948 [a86274cb-40c2-4f1a-b613-7c28a9d8bee7@group-4938641401E1-LeaderElection46] INFO  impl.RoleInfo (RoleInfo.java:shutdownLeaderElection(121)) - a86274cb-40c2-4f1a-b613-7c28a9d8bee7: shutdown a86274cb-40c2-4f1a-b613-7c28a9d8bee7@group-4938641401E1-LeaderElection46
2021-08-12 00:25:29,948 [a86274cb-40c2-4f1a-b613-7c28a9d8bee7@group-4938641401E1-LeaderElection46] INFO  server.RaftServer$Division (RaftServerImpl.java:setRole(285)) - a86274cb-40c2-4f1a-b613-7c28a9d8bee7@group-4938641401E1: changes role from CANDIDATE to LEADER at term 4 for changeToLeader
2021-08-12 00:25:29,948 [a86274cb-40c2-4f1a-b613-7c28a9d8bee7@group-4938641401E1-LeaderElection46] INFO  ratis.XceiverServerRatis (XceiverServerRatis.java:handleLeaderChangedNotification(861)) - Leader change notification received for group: group-4938641401E1 with new leaderId: a86274cb-40c2-4f1a-b613-7c28a9d8bee7
2021-08-12 00:25:29,948 [a86274cb-40c2-4f1a-b613-7c28a9d8bee7@group-4938641401E1-LeaderElection46] INFO  server.RaftServer$Division (ServerState.java:setLeader(285)) - a86274cb-40c2-4f1a-b613-7c28a9d8bee7@group-4938641401E1: change Leader from null to a86274cb-40c2-4f1a-b613-7c28a9d8bee7 at term 4 for becomeLeader, leader elected after 43ms
2021-08-12 00:25:29,948 [a86274cb-40c2-4f1a-b613-7c28a9d8bee7@group-4938641401E1-LeaderElection46] INFO  server.RaftServerConfigKeys (ConfUtils.java:logGet(44)) - raft.server.staging.catchup.gap = 1000 (default)
2021-08-12 00:25:29,949 [a86274cb-40c2-4f1a-b613-7c28a9d8bee7@group-4938641401E1-LeaderElection46] INFO  server.RaftServerConfigKeys (ConfUtils.java:logGet(44)) - raft.server.write.element-limit = 1024 (custom)
2021-08-12 00:25:29,949 [a86274cb-40c2-4f1a-b613-7c28a9d8bee7@group-4938641401E1-LeaderElection46] INFO  server.RaftServerConfigKeys (ConfUtils.java:logGet(44)) - raft.server.write.byte-limit = 1024 M (=1073741824) (custom)
2021-08-12 00:25:29,949 [a86274cb-40c2-4f1a-b613-7c28a9d8bee7@group-4938641401E1-LeaderElection46] INFO  server.RaftServerConfigKeys (ConfUtils.java:logGet(44)) - raft.server.watch.timeout = 3000ms (custom)
2021-08-12 00:25:29,949 [a86274cb-40c2-4f1a-b613-7c28a9d8bee7@group-4938641401E1-LeaderElection46] INFO  server.RaftServerConfigKeys (ConfUtils.java:logGet(44)) - raft.server.watch.timeout.denomination = 1s (default)
2021-08-12 00:25:29,949 [a86274cb-40c2-4f1a-b613-7c28a9d8bee7@group-4938641401E1-LeaderElection46] INFO  server.RaftServerConfigKeys (ConfUtils.java:logGet(44)) - raft.server.watch.element-limit = 65536 (default)
2021-08-12 00:25:29,949 [a86274cb-40c2-4f1a-b613-7c28a9d8bee7@group-4938641401E1-LeaderElection46] INFO  server.RaftServerConfigKeys (ConfUtils.java:logGet(44)) - raft.server.log.appender.snapshot.chunk.size.max = 16MB (=16777216) (default)
2021-08-12 00:25:29,949 [a86274cb-40c2-4f1a-b613-7c28a9d8bee7@group-4938641401E1-LeaderElection46] INFO  server.RaftServerConfigKeys (ConfUtils.java:logGet(44)) - raft.server.log.appender.buffer.byte-limit = 33554432 (custom)
2021-08-12 00:25:29,949 [a86274cb-40c2-4f1a-b613-7c28a9d8bee7@group-4938641401E1-LeaderElection46] INFO  server.RaftServerConfigKeys (ConfUtils.java:logGet(44)) - raft.server.log.appender.buffer.element-limit = 1 (custom)
2021-08-12 00:25:29,950 [a86274cb-40c2-4f1a-b613-7c28a9d8bee7@group-4938641401E1-LeaderElection46] INFO  grpc.GrpcConfigKeys (ConfUtils.java:logGet(44)) - raft.grpc.server.leader.outstanding.appends.max = 128 (default)
2021-08-12 00:25:29,950 [a86274cb-40c2-4f1a-b613-7c28a9d8bee7@group-4938641401E1-LeaderElection46] INFO  server.RaftServerConfigKeys (ConfUtils.java:logGet(44)) - raft.server.rpc.request.timeout = 3000ms (default)
2021-08-12 00:25:29,950 [a86274cb-40c2-4f1a-b613-7c28a9d8bee7@group-4938641401E1-LeaderElection46] INFO  server.RaftServerConfigKeys (ConfUtils.java:logGet(44)) - raft.server.log.appender.install.snapshot.enabled = false (custom)
2021-08-12 00:25:29,951 [a86274cb-40c2-4f1a-b613-7c28a9d8bee7@group-4938641401E1-LeaderElection46] INFO  server.RaftServerConfigKeys (ConfUtils.java:logGet(44)) - raft.server.log.appender.snapshot.chunk.size.max = 16MB (=16777216) (default)
2021-08-12 00:25:29,951 [a86274cb-40c2-4f1a-b613-7c28a9d8bee7@group-4938641401E1-LeaderElection46] INFO  server.RaftServerConfigKeys (ConfUtils.java:logGet(44)) - raft.server.log.appender.buffer.byte-limit = 33554432 (custom)
2021-08-12 00:25:29,951 [a86274cb-40c2-4f1a-b613-7c28a9d8bee7@group-4938641401E1-LeaderElection46] INFO  server.RaftServerConfigKeys (ConfUtils.java:logGet(44)) - raft.server.log.appender.buffer.element-limit = 1 (custom)
2021-08-12 00:25:29,951 [a86274cb-40c2-4f1a-b613-7c28a9d8bee7@group-4938641401E1-LeaderElection46] INFO  grpc.GrpcConfigKeys (ConfUtils.java:logGet(44)) - raft.grpc.server.leader.outstanding.appends.max = 128 (default)
2021-08-12 00:25:29,951 [a86274cb-40c2-4f1a-b613-7c28a9d8bee7@group-4938641401E1-LeaderElection46] INFO  server.RaftServerConfigKeys (ConfUtils.java:logGet(44)) - raft.server.rpc.request.timeout = 3000ms (default)
2021-08-12 00:25:29,951 [a86274cb-40c2-4f1a-b613-7c28a9d8bee7@group-4938641401E1-LeaderElection46] INFO  server.RaftServerConfigKeys (ConfUtils.java:logGet(44)) - raft.server.log.appender.install.snapshot.enabled = false (custom)
2021-08-12 00:25:29,952 [a86274cb-40c2-4f1a-b613-7c28a9d8bee7@group-4938641401E1-LeaderElection46] INFO  impl.RoleInfo (RoleInfo.java:updateAndGet(130)) - a86274cb-40c2-4f1a-b613-7c28a9d8bee7: start a86274cb-40c2-4f1a-b613-7c28a9d8bee7@group-4938641401E1-LeaderStateImpl
2021-08-12 00:25:29,956 [a86274cb-40c2-4f1a-b613-7c28a9d8bee7@group-4938641401E1-LeaderElection46] INFO  segmented.SegmentedRaftLogWorker (SegmentedRaftLogWorker.java:rollLogSegment(399)) - a86274cb-40c2-4f1a-b613-7c28a9d8bee7@group-4938641401E1-SegmentedRaftLogWorker: Rolling segment log-0_0 to index:0
2021-08-12 00:25:29,957 [a86274cb-40c2-4f1a-b613-7c28a9d8bee7@group-4938641401E1-SegmentedRaftLogWorker] INFO  segmented.SegmentedRaftLogWorker (SegmentedRaftLogWorker.java:execute(558)) - a86274cb-40c2-4f1a-b613-7c28a9d8bee7@group-4938641401E1-SegmentedRaftLogWorker: Rolled log segment from /home/runner/work/ozone/ozone/hadoop-ozone/integration-test/target/test-dir/MiniOzoneClusterImpl-a42b6446-58ec-43bb-8d59-9c3f88cf101c/datanode-3/data/ratis/108e8f3c-f357-4743-a252-4938641401e1/current/log_inprogress_0 to /home/runner/work/ozone/ozone/hadoop-ozone/integration-test/target/test-dir/MiniOzoneClusterImpl-a42b6446-58ec-43bb-8d59-9c3f88cf101c/datanode-3/data/ratis/108e8f3c-f357-4743-a252-4938641401e1/current/log_0-0
2021-08-12 00:25:29,963 [a86274cb-40c2-4f1a-b613-7c28a9d8bee7@group-4938641401E1-SegmentedRaftLogWorker] INFO  segmented.SegmentedRaftLogWorker (SegmentedRaftLogWorker.java:execute(601)) - a86274cb-40c2-4f1a-b613-7c28a9d8bee7@group-4938641401E1-SegmentedRaftLogWorker: created new log segment /home/runner/work/ozone/ozone/hadoop-ozone/integration-test/target/test-dir/MiniOzoneClusterImpl-a42b6446-58ec-43bb-8d59-9c3f88cf101c/datanode-3/data/ratis/108e8f3c-f357-4743-a252-4938641401e1/current/log_inprogress_1
2021-08-12 00:25:29,966 [grpc-default-executor-0] WARN  server.GrpcLogAppender (LogUtils.java:warn(122)) - a86274cb-40c2-4f1a-b613-7c28a9d8bee7@group-4938641401E1->b53c0c0f-3814-44ae-9b6f-5cd1e5f5cab0-AppendLogResponseHandler: Failed appendEntries: org.apache.ratis.thirdparty.io.grpc.StatusRuntimeException: UNAVAILABLE: io exception
2021-08-12 00:25:29,971 [a86274cb-40c2-4f1a-b613-7c28a9d8bee7@group-4938641401E1-LeaderElection46] INFO  server.RaftServer$Division (ServerState.java:setRaftConf(387)) - a86274cb-40c2-4f1a-b613-7c28a9d8bee7@group-4938641401E1: set configuration 1: [b53c0c0f-3814-44ae-9b6f-5cd1e5f5cab0|rpc:10.1.0.56:35731|dataStream:|priority:1, a86274cb-40c2-4f1a-b613-7c28a9d8bee7|rpc:10.1.0.56:37903|dataStream:|priority:0, aa96c139-029c-4c26-b56b-b3e0db2a81f3|rpc:10.1.0.56:42793|dataStream:|priority:0], old=null
2021-08-12 00:25:29,982 [grpc-default-executor-0] WARN  server.GrpcLogAppender (GrpcLogAppender.java:resetClient(111)) - a86274cb-40c2-4f1a-b613-7c28a9d8bee7@group-4938641401E1->b53c0c0f-3814-44ae-9b6f-5cd1e5f5cab0-GrpcLogAppender: Leader has not got in touch with Follower a86274cb-40c2-4f1a-b613-7c28a9d8bee7@group-4938641401E1->b53c0c0f-3814-44ae-9b6f-5cd1e5f5cab0(c-1,m0,n2, attendVote=true, lastRpcSendTime=15, lastRpcResponseTime=5232) yet, just keep nextIndex unchanged and retry.
2021-08-12 00:25:30,011 [grpc-default-executor-3] INFO  ratis.XceiverServerRatis (XceiverServerRatis.java:handleLeaderChangedNotification(861)) - Leader change notification received for group: group-4938641401E1 with new leaderId: a86274cb-40c2-4f1a-b613-7c28a9d8bee7
2021-08-12 00:25:30,011 [grpc-default-executor-3] INFO  server.RaftServer$Division (ServerState.java:setLeader(285)) - aa96c139-029c-4c26-b56b-b3e0db2a81f3@group-4938641401E1: change Leader from null to a86274cb-40c2-4f1a-b613-7c28a9d8bee7 at term 4 for appendEntries, leader elected after 81ms
2021-08-12 00:25:30,022 [grpc-default-executor-3] INFO  server.RaftServer$Division (ServerState.java:setRaftConf(387)) - aa96c139-029c-4c26-b56b-b3e0db2a81f3@group-4938641401E1: set configuration 1: [b53c0c0f-3814-44ae-9b6f-5cd1e5f5cab0|rpc:10.1.0.56:35731|dataStream:|priority:1, a86274cb-40c2-4f1a-b613-7c28a9d8bee7|rpc:10.1.0.56:37903|dataStream:|priority:0, aa96c139-029c-4c26-b56b-b3e0db2a81f3|rpc:10.1.0.56:42793|dataStream:|priority:0], old=null
2021-08-12 00:25:30,022 [grpc-default-executor-3] INFO  segmented.SegmentedRaftLogWorker (SegmentedRaftLogWorker.java:rollLogSegment(399)) - aa96c139-029c-4c26-b56b-b3e0db2a81f3@group-4938641401E1-SegmentedRaftLogWorker: Rolling segment log-0_0 to index:0
2021-08-12 00:25:30,023 [aa96c139-029c-4c26-b56b-b3e0db2a81f3@group-4938641401E1-SegmentedRaftLogWorker] INFO  segmented.SegmentedRaftLogWorker (SegmentedRaftLogWorker.java:execute(558)) - aa96c139-029c-4c26-b56b-b3e0db2a81f3@group-4938641401E1-SegmentedRaftLogWorker: Rolled log segment from /home/runner/work/ozone/ozone/hadoop-ozone/integration-test/target/test-dir/MiniOzoneClusterImpl-a42b6446-58ec-43bb-8d59-9c3f88cf101c/datanode-5/data/ratis/108e8f3c-f357-4743-a252-4938641401e1/current/log_inprogress_0 to /home/runner/work/ozone/ozone/hadoop-ozone/integration-test/target/test-dir/MiniOzoneClusterImpl-a42b6446-58ec-43bb-8d59-9c3f88cf101c/datanode-5/data/ratis/108e8f3c-f357-4743-a252-4938641401e1/current/log_0-0
2021-08-12 00:25:30,025 [aa96c139-029c-4c26-b56b-b3e0db2a81f3@group-4938641401E1-SegmentedRaftLogWorker] INFO  segmented.SegmentedRaftLogWorker (SegmentedRaftLogWorker.java:execute(601)) - aa96c139-029c-4c26-b56b-b3e0db2a81f3@group-4938641401E1-SegmentedRaftLogWorker: created new log segment /home/runner/work/ozone/ozone/hadoop-ozone/integration-test/target/test-dir/MiniOzoneClusterImpl-a42b6446-58ec-43bb-8d59-9c3f88cf101c/datanode-5/data/ratis/108e8f3c-f357-4743-a252-4938641401e1/current/log_inprogress_1
2021-08-12 00:25:30,074 [grpc-default-executor-3] WARN  server.GrpcLogAppender (LogUtils.java:warn(122)) - a86274cb-40c2-4f1a-b613-7c28a9d8bee7@group-4938641401E1->b53c0c0f-3814-44ae-9b6f-5cd1e5f5cab0-AppendLogResponseHandler: Failed appendEntries: org.apache.ratis.thirdparty.io.grpc.StatusRuntimeException: UNAVAILABLE: io exception
2021-08-12 00:25:30,075 [grpc-default-executor-3] WARN  server.GrpcLogAppender (GrpcLogAppender.java:resetClient(111)) - a86274cb-40c2-4f1a-b613-7c28a9d8bee7@group-4938641401E1->b53c0c0f-3814-44ae-9b6f-5cd1e5f5cab0-GrpcLogAppender: Leader has not got in touch with Follower a86274cb-40c2-4f1a-b613-7c28a9d8bee7@group-4938641401E1->b53c0c0f-3814-44ae-9b6f-5cd1e5f5cab0(c-1,m0,n3, attendVote=true, lastRpcSendTime=1, lastRpcResponseTime=5325) yet, just keep nextIndex unchanged and retry.
2021-08-12 00:25:30,193 [grpc-default-executor-3] WARN  server.GrpcLogAppender (LogUtils.java:warn(122)) - 5b202ae5-680d-43fe-be69-63ca12314317@group-427675ACF13C->ef23a805-c360-46f9-a5ff-61453c052e9c-AppendLogResponseHandler: Failed appendEntries: org.apache.ratis.thirdparty.io.grpc.StatusRuntimeException: UNAVAILABLE: io exception
2021-08-12 00:25:30,193 [grpc-default-executor-3] INFO  leader.FollowerInfo (FollowerInfoImpl.java:lambda$new$0(46)) - 5b202ae5-680d-43fe-be69-63ca12314317@group-427675ACF13C->ef23a805-c360-46f9-a5ff-61453c052e9c: nextIndex: updateUnconditionally 3 -> 2
2021-08-12 00:25:32,574 [grpc-default-executor-3] WARN  server.GrpcLogAppender (LogUtils.java:warn(122)) - a86274cb-40c2-4f1a-b613-7c28a9d8bee7@group-4938641401E1->b53c0c0f-3814-44ae-9b6f-5cd1e5f5cab0-AppendLogResponseHandler: Failed appendEntries: org.apache.ratis.thirdparty.io.grpc.StatusRuntimeException: UNAVAILABLE: io exception
2021-08-12 00:25:32,575 [grpc-default-executor-3] WARN  server.GrpcLogAppender (GrpcLogAppender.java:resetClient(111)) - a86274cb-40c2-4f1a-b613-7c28a9d8bee7@group-4938641401E1->b53c0c0f-3814-44ae-9b6f-5cd1e5f5cab0-GrpcLogAppender: Leader has not got in touch with Follower a86274cb-40c2-4f1a-b613-7c28a9d8bee7@group-4938641401E1->b53c0c0f-3814-44ae-9b6f-5cd1e5f5cab0(c-1,m0,n3, attendVote=true, lastRpcSendTime=0, lastRpcResponseTime=7825) yet, just keep nextIndex unchanged and retry.
2021-08-12 00:25:32,693 [grpc-default-executor-3] WARN  server.GrpcLogAppender (LogUtils.java:warn(122)) - 5b202ae5-680d-43fe-be69-63ca12314317@group-427675ACF13C->ef23a805-c360-46f9-a5ff-61453c052e9c-AppendLogResponseHandler: Failed appendEntries: org.apache.ratis.thirdparty.io.grpc.StatusRuntimeException: UNAVAILABLE: io exception
2021-08-12 00:25:32,694 [grpc-default-executor-3] INFO  leader.FollowerInfo (FollowerInfoImpl.java:lambda$new$0(46)) - 5b202ae5-680d-43fe-be69-63ca12314317@group-427675ACF13C->ef23a805-c360-46f9-a5ff-61453c052e9c: nextIndex: updateUnconditionally 3 -> 2
2021-08-12 00:25:33,251 [ForkJoinPool.commonPool-worker-0] INFO  ozoneimpl.OzoneContainer (OzoneContainer.java:stop(326)) - Attempting to stop container services.
2021-08-12 00:25:33,252 [ForkJoinPool.commonPool-worker-0] INFO  server.RaftServer (RaftServerProxy.java:lambda$close$6(391)) - a86274cb-40c2-4f1a-b613-7c28a9d8bee7: close
2021-08-12 00:25:33,252 [ForkJoinPool.commonPool-worker-0] INFO  server.RaftServer$Division (RaftServerImpl.java:lambda$close$4(407)) - a86274cb-40c2-4f1a-b613-7c28a9d8bee7@group-7C0C30BD3891: shutdown
2021-08-12 00:25:33,252 [ForkJoinPool.commonPool-worker-0] INFO  util.JmxRegister (JmxRegister.java:unregister(73)) - Successfully un-registered JMX Bean with object name Ratis:service=RaftServer,group=group-7C0C30BD3891,id=a86274cb-40c2-4f1a-b613-7c28a9d8bee7
2021-08-12 00:25:33,252 [ForkJoinPool.commonPool-worker-0] INFO  impl.RoleInfo (RoleInfo.java:shutdownLeaderState(91)) - a86274cb-40c2-4f1a-b613-7c28a9d8bee7: shutdown a86274cb-40c2-4f1a-b613-7c28a9d8bee7@group-7C0C30BD3891-LeaderStateImpl
2021-08-12 00:25:33,253 [ForkJoinPool.commonPool-worker-0] INFO  impl.PendingRequests (PendingRequests.java:sendNotLeaderResponses(282)) - a86274cb-40c2-4f1a-b613-7c28a9d8bee7@group-7C0C30BD3891-PendingRequests: sendNotLeaderResponses
2021-08-12 00:25:33,253 [ForkJoinPool.commonPool-worker-0] INFO  impl.StateMachineUpdater (StateMachineUpdater.java:stopAndJoin(149)) - a86274cb-40c2-4f1a-b613-7c28a9d8bee7@group-7C0C30BD3891-StateMachineUpdater: set stopIndex = 0
2021-08-12 00:25:33,253 [a86274cb-40c2-4f1a-b613-7c28a9d8bee7@group-7C0C30BD3891-StateMachineUpdater] INFO  ratis.ContainerStateMachine (ContainerStateMachine.java:takeSnapshot(293)) - group-7C0C30BD3891: Taking a snapshot at:(t:1, i:0) file /home/runner/work/ozone/ozone/hadoop-ozone/integration-test/target/test-dir/MiniOzoneClusterImpl-a42b6446-58ec-43bb-8d59-9c3f88cf101c/datanode-3/data/ratis/b46e9d6f-f36b-4ecb-afc9-7c0c30bd3891/sm/snapshot.1_0
2021-08-12 00:25:33,256 [a86274cb-40c2-4f1a-b613-7c28a9d8bee7@group-7C0C30BD3891-StateMachineUpdater] INFO  ratis.ContainerStateMachine (ContainerStateMachine.java:takeSnapshot(304)) - group-7C0C30BD3891: Finished taking a snapshot at:(t:1, i:0) file:/home/runner/work/ozone/ozone/hadoop-ozone/integration-test/target/test-dir/MiniOzoneClusterImpl-a42b6446-58ec-43bb-8d59-9c3f88cf101c/datanode-3/data/ratis/b46e9d6f-f36b-4ecb-afc9-7c0c30bd3891/sm/snapshot.1_0 took: 3 ms
2021-08-12 00:25:33,256 [a86274cb-40c2-4f1a-b613-7c28a9d8bee7@group-7C0C30BD3891-StateMachineUpdater] INFO  impl.StateMachineUpdater (StateMachineUpdater.java:takeSnapshot(281)) - a86274cb-40c2-4f1a-b613-7c28a9d8bee7@group-7C0C30BD3891-StateMachineUpdater: Took a snapshot at index 0
2021-08-12 00:25:33,257 [a86274cb-40c2-4f1a-b613-7c28a9d8bee7@group-7C0C30BD3891-StateMachineUpdater] INFO  impl.StateMachineUpdater (StateMachineUpdater.java:lambda$new$0(89)) - a86274cb-40c2-4f1a-b613-7c28a9d8bee7@group-7C0C30BD3891-StateMachineUpdater: snapshotIndex: updateIncreasingly -1 -> 0
2021-08-12 00:25:33,257 [ForkJoinPool.commonPool-worker-0] INFO  server.RaftServer$Division (ServerState.java:close(419)) - a86274cb-40c2-4f1a-b613-7c28a9d8bee7@group-7C0C30BD3891: closes. applyIndex: 0
2021-08-12 00:25:33,257 [a86274cb-40c2-4f1a-b613-7c28a9d8bee7@group-7C0C30BD3891-SegmentedRaftLogWorker] INFO  segmented.SegmentedRaftLogWorker (SegmentedRaftLogWorker.java:run(327)) - a86274cb-40c2-4f1a-b613-7c28a9d8bee7@group-7C0C30BD3891-SegmentedRaftLogWorker was interrupted, exiting. There are 0 tasks remaining in the queue.
2021-08-12 00:25:33,258 [ForkJoinPool.commonPool-worker-0] INFO  segmented.SegmentedRaftLogWorker (SegmentedRaftLogWorker.java:close(237)) - a86274cb-40c2-4f1a-b613-7c28a9d8bee7@group-7C0C30BD3891-SegmentedRaftLogWorker close()
2021-08-12 00:25:33,258 [Listener at 127.0.0.1/46733] INFO  ozoneimpl.OzoneContainer (OzoneContainer.java:stop(326)) - Attempting to stop container services.
2021-08-12 00:25:33,259 [Listener at 127.0.0.1/46733] INFO  server.RaftServer (RaftServerProxy.java:lambda$close$6(391)) - aa96c139-029c-4c26-b56b-b3e0db2a81f3: close
2021-08-12 00:25:33,259 [Listener at 127.0.0.1/46733] INFO  server.RaftServer$Division (RaftServerImpl.java:lambda$close$4(407)) - aa96c139-029c-4c26-b56b-b3e0db2a81f3@group-4938641401E1: shutdown
2021-08-12 00:25:33,259 [Listener at 127.0.0.1/46733] INFO  util.JmxRegister (JmxRegister.java:unregister(73)) - Successfully un-registered JMX Bean with object name Ratis:service=RaftServer,group=group-4938641401E1,id=aa96c139-029c-4c26-b56b-b3e0db2a81f3
2021-08-12 00:25:33,259 [Listener at 127.0.0.1/46733] INFO  impl.RoleInfo (RoleInfo.java:shutdownFollowerState(108)) - aa96c139-029c-4c26-b56b-b3e0db2a81f3: shutdown aa96c139-029c-4c26-b56b-b3e0db2a81f3@group-4938641401E1-FollowerState
2021-08-12 00:25:33,260 [Listener at 127.0.0.1/46733] INFO  impl.StateMachineUpdater (StateMachineUpdater.java:stopAndJoin(149)) - aa96c139-029c-4c26-b56b-b3e0db2a81f3@group-4938641401E1-StateMachineUpdater: set stopIndex = 2
2021-08-12 00:25:33,260 [aa96c139-029c-4c26-b56b-b3e0db2a81f3@group-4938641401E1-StateMachineUpdater] INFO  ratis.ContainerStateMachine (ContainerStateMachine.java:takeSnapshot(293)) - group-4938641401E1: Taking a snapshot at:(t:4, i:2) file /home/runner/work/ozone/ozone/hadoop-ozone/integration-test/target/test-dir/MiniOzoneClusterImpl-a42b6446-58ec-43bb-8d59-9c3f88cf101c/datanode-5/data/ratis/108e8f3c-f357-4743-a252-4938641401e1/sm/snapshot.4_2
2021-08-12 00:25:33,260 [aa96c139-029c-4c26-b56b-b3e0db2a81f3@group-4938641401E1-FollowerState] INFO  impl.FollowerState (FollowerState.java:run(143)) - aa96c139-029c-4c26-b56b-b3e0db2a81f3@group-4938641401E1-FollowerState was interrupted: {}
java.lang.InterruptedException: sleep interrupted
	at java.lang.Thread.sleep(Native Method)
	at java.lang.Thread.sleep(Thread.java:340)
	at java.util.concurrent.TimeUnit.sleep(TimeUnit.java:386)
	at org.apache.ratis.util.TimeDuration.sleep(TimeDuration.java:324)
	at org.apache.ratis.util.TimeDuration.sleep(TimeDuration.java:309)
	at org.apache.ratis.server.impl.FollowerState.run(FollowerState.java:118)
2021-08-12 00:25:33,261 [aa96c139-029c-4c26-b56b-b3e0db2a81f3@group-4938641401E1-StateMachineUpdater] INFO  ratis.ContainerStateMachine (ContainerStateMachine.java:takeSnapshot(304)) - group-4938641401E1: Finished taking a snapshot at:(t:4, i:2) file:/home/runner/work/ozone/ozone/hadoop-ozone/integration-test/target/test-dir/MiniOzoneClusterImpl-a42b6446-58ec-43bb-8d59-9c3f88cf101c/datanode-5/data/ratis/108e8f3c-f357-4743-a252-4938641401e1/sm/snapshot.4_2 took: 1 ms
2021-08-12 00:25:33,261 [aa96c139-029c-4c26-b56b-b3e0db2a81f3@group-4938641401E1-StateMachineUpdater] INFO  impl.StateMachineUpdater (StateMachineUpdater.java:takeSnapshot(281)) - aa96c139-029c-4c26-b56b-b3e0db2a81f3@group-4938641401E1-StateMachineUpdater: Took a snapshot at index 2
2021-08-12 00:25:33,261 [aa96c139-029c-4c26-b56b-b3e0db2a81f3@group-4938641401E1-StateMachineUpdater] INFO  impl.StateMachineUpdater (StateMachineUpdater.java:lambda$new$0(89)) - aa96c139-029c-4c26-b56b-b3e0db2a81f3@group-4938641401E1-StateMachineUpdater: snapshotIndex: updateIncreasingly -1 -> 2
2021-08-12 00:25:33,264 [ForkJoinPool.commonPool-worker-0] INFO  server.RaftServer$Division (RaftServerImpl.java:lambda$close$4(407)) - a86274cb-40c2-4f1a-b613-7c28a9d8bee7@group-4938641401E1: shutdown
2021-08-12 00:25:33,264 [ForkJoinPool.commonPool-worker-0] INFO  util.JmxRegister (JmxRegister.java:unregister(73)) - Successfully un-registered JMX Bean with object name Ratis:service=RaftServer,group=group-4938641401E1,id=a86274cb-40c2-4f1a-b613-7c28a9d8bee7
2021-08-12 00:25:33,264 [ForkJoinPool.commonPool-worker-0] INFO  impl.RoleInfo (RoleInfo.java:shutdownLeaderState(91)) - a86274cb-40c2-4f1a-b613-7c28a9d8bee7: shutdown a86274cb-40c2-4f1a-b613-7c28a9d8bee7@group-4938641401E1-LeaderStateImpl
2021-08-12 00:25:33,264 [a86274cb-40c2-4f1a-b613-7c28a9d8bee7@group-4938641401E1->aa96c139-029c-4c26-b56b-b3e0db2a81f3-GrpcLogAppender-LogAppenderDaemon] WARN  server.GrpcLogAppender (GrpcLogAppender.java:mayWait(175)) - a86274cb-40c2-4f1a-b613-7c28a9d8bee7@group-4938641401E1->aa96c139-029c-4c26-b56b-b3e0db2a81f3-GrpcLogAppender: Wait interrupted by java.lang.InterruptedException
2021-08-12 00:25:33,264 [ForkJoinPool.commonPool-worker-0] INFO  impl.PendingRequests (PendingRequests.java:sendNotLeaderResponses(282)) - a86274cb-40c2-4f1a-b613-7c28a9d8bee7@group-4938641401E1-PendingRequests: sendNotLeaderResponses
2021-08-12 00:25:33,269 [a86274cb-40c2-4f1a-b613-7c28a9d8bee7@group-4938641401E1-StateMachineUpdater] INFO  ratis.ContainerStateMachine (ContainerStateMachine.java:takeSnapshot(293)) - group-4938641401E1: Taking a snapshot at:(t:4, i:2) file /home/runner/work/ozone/ozone/hadoop-ozone/integration-test/target/test-dir/MiniOzoneClusterImpl-a42b6446-58ec-43bb-8d59-9c3f88cf101c/datanode-3/data/ratis/108e8f3c-f357-4743-a252-4938641401e1/sm/snapshot.4_2
2021-08-12 00:25:33,269 [ForkJoinPool.commonPool-worker-0] INFO  impl.StateMachineUpdater (StateMachineUpdater.java:stopAndJoin(149)) - a86274cb-40c2-4f1a-b613-7c28a9d8bee7@group-4938641401E1-StateMachineUpdater: set stopIndex = 2
2021-08-12 00:25:33,270 [a86274cb-40c2-4f1a-b613-7c28a9d8bee7@group-4938641401E1-StateMachineUpdater] INFO  ratis.ContainerStateMachine (ContainerStateMachine.java:takeSnapshot(304)) - group-4938641401E1: Finished taking a snapshot at:(t:4, i:2) file:/home/runner/work/ozone/ozone/hadoop-ozone/integration-test/target/test-dir/MiniOzoneClusterImpl-a42b6446-58ec-43bb-8d59-9c3f88cf101c/datanode-3/data/ratis/108e8f3c-f357-4743-a252-4938641401e1/sm/snapshot.4_2 took: 1 ms
2021-08-12 00:25:33,270 [a86274cb-40c2-4f1a-b613-7c28a9d8bee7@group-4938641401E1-StateMachineUpdater] INFO  impl.StateMachineUpdater (StateMachineUpdater.java:takeSnapshot(281)) - a86274cb-40c2-4f1a-b613-7c28a9d8bee7@group-4938641401E1-StateMachineUpdater: Took a snapshot at index 2
2021-08-12 00:25:33,270 [a86274cb-40c2-4f1a-b613-7c28a9d8bee7@group-4938641401E1-StateMachineUpdater] INFO  impl.StateMachineUpdater (StateMachineUpdater.java:lambda$new$0(89)) - a86274cb-40c2-4f1a-b613-7c28a9d8bee7@group-4938641401E1-StateMachineUpdater: snapshotIndex: updateIncreasingly -1 -> 2
2021-08-12 00:25:33,271 [ForkJoinPool.commonPool-worker-0] INFO  server.RaftServer$Division (ServerState.java:close(419)) - a86274cb-40c2-4f1a-b613-7c28a9d8bee7@group-4938641401E1: closes. applyIndex: 2
2021-08-12 00:25:33,271 [a86274cb-40c2-4f1a-b613-7c28a9d8bee7@group-4938641401E1-SegmentedRaftLogWorker] INFO  segmented.SegmentedRaftLogWorker (SegmentedRaftLogWorker.java:run(327)) - a86274cb-40c2-4f1a-b613-7c28a9d8bee7@group-4938641401E1-SegmentedRaftLogWorker was interrupted, exiting. There are 0 tasks remaining in the queue.
2021-08-12 00:25:33,272 [ForkJoinPool.commonPool-worker-0] INFO  segmented.SegmentedRaftLogWorker (SegmentedRaftLogWorker.java:close(237)) - a86274cb-40c2-4f1a-b613-7c28a9d8bee7@group-4938641401E1-SegmentedRaftLogWorker close()
2021-08-12 00:25:33,280 [ForkJoinPool.commonPool-worker-0] INFO  server.GrpcService (GrpcService.java:closeImpl(262)) - a86274cb-40c2-4f1a-b613-7c28a9d8bee7: shutdown server with port 37903 now
2021-08-12 00:25:33,285 [grpc-default-executor-3] INFO  server.GrpcServerProtocolService (GrpcServerProtocolService.java:onCompleted(140)) - aa96c139-029c-4c26-b56b-b3e0db2a81f3: Completed APPEND_ENTRIES, lastRequest: a86274cb-40c2-4f1a-b613-7c28a9d8bee7->aa96c139-029c-4c26-b56b-b3e0db2a81f3#2-t4,previous=(t:4, i:1),leaderCommit=1,initializing? true,entries: size=1, first=(t:4, i:2), METADATAENTRY(c:1)
2021-08-12 00:25:33,285 [grpc-default-executor-0] INFO  server.GrpcLogAppender (GrpcLogAppender.java:onCompleted(344)) - a86274cb-40c2-4f1a-b613-7c28a9d8bee7@group-4938641401E1->aa96c139-029c-4c26-b56b-b3e0db2a81f3-AppendLogResponseHandler: follower responses appendEntries COMPLETED
2021-08-12 00:25:33,285 [grpc-default-executor-0] INFO  leader.FollowerInfo (FollowerInfoImpl.java:lambda$new$0(46)) - a86274cb-40c2-4f1a-b613-7c28a9d8bee7@group-4938641401E1->aa96c139-029c-4c26-b56b-b3e0db2a81f3: nextIndex: updateUnconditionally 3 -> 2
2021-08-12 00:25:33,290 [Listener at 127.0.0.1/46733] INFO  server.RaftServer$Division (ServerState.java:close(419)) - aa96c139-029c-4c26-b56b-b3e0db2a81f3@group-4938641401E1: closes. applyIndex: 2
2021-08-12 00:25:33,290 [aa96c139-029c-4c26-b56b-b3e0db2a81f3@group-4938641401E1-SegmentedRaftLogWorker] INFO  segmented.SegmentedRaftLogWorker (SegmentedRaftLogWorker.java:run(327)) - aa96c139-029c-4c26-b56b-b3e0db2a81f3@group-4938641401E1-SegmentedRaftLogWorker was interrupted, exiting. There are 0 tasks remaining in the queue.
2021-08-12 00:25:33,291 [Listener at 127.0.0.1/46733] INFO  segmented.SegmentedRaftLogWorker (SegmentedRaftLogWorker.java:close(237)) - aa96c139-029c-4c26-b56b-b3e0db2a81f3@group-4938641401E1-SegmentedRaftLogWorker close()
2021-08-12 00:25:33,292 [Listener at 127.0.0.1/46733] INFO  server.RaftServer$Division (RaftServerImpl.java:lambda$close$4(407)) - aa96c139-029c-4c26-b56b-b3e0db2a81f3@group-B9A8F8F773F9: shutdown
2021-08-12 00:25:33,292 [Listener at 127.0.0.1/46733] INFO  util.JmxRegister (JmxRegister.java:unregister(73)) - Successfully un-registered JMX Bean with object name Ratis:service=RaftServer,group=group-B9A8F8F773F9,id=aa96c139-029c-4c26-b56b-b3e0db2a81f3
2021-08-12 00:25:33,293 [Listener at 127.0.0.1/46733] INFO  impl.RoleInfo (RoleInfo.java:shutdownLeaderState(91)) - aa96c139-029c-4c26-b56b-b3e0db2a81f3: shutdown aa96c139-029c-4c26-b56b-b3e0db2a81f3@group-B9A8F8F773F9-LeaderStateImpl
2021-08-12 00:25:33,293 [Listener at 127.0.0.1/46733] INFO  impl.PendingRequests (PendingRequests.java:sendNotLeaderResponses(282)) - aa96c139-029c-4c26-b56b-b3e0db2a81f3@group-B9A8F8F773F9-PendingRequests: sendNotLeaderResponses
2021-08-12 00:25:33,294 [Listener at 127.0.0.1/46733] INFO  impl.StateMachineUpdater (StateMachineUpdater.java:stopAndJoin(149)) - aa96c139-029c-4c26-b56b-b3e0db2a81f3@group-B9A8F8F773F9-StateMachineUpdater: set stopIndex = 0
2021-08-12 00:25:33,294 [aa96c139-029c-4c26-b56b-b3e0db2a81f3@group-B9A8F8F773F9-StateMachineUpdater] INFO  ratis.ContainerStateMachine (ContainerStateMachine.java:takeSnapshot(293)) - group-B9A8F8F773F9: Taking a snapshot at:(t:1, i:0) file /home/runner/work/ozone/ozone/hadoop-ozone/integration-test/target/test-dir/MiniOzoneClusterImpl-a42b6446-58ec-43bb-8d59-9c3f88cf101c/datanode-5/data/ratis/b8111e83-b548-47d8-844a-b9a8f8f773f9/sm/snapshot.1_0
2021-08-12 00:25:33,300 [aa96c139-029c-4c26-b56b-b3e0db2a81f3@group-B9A8F8F773F9-StateMachineUpdater] INFO  ratis.ContainerStateMachine (ContainerStateMachine.java:takeSnapshot(304)) - group-B9A8F8F773F9: Finished taking a snapshot at:(t:1, i:0) file:/home/runner/work/ozone/ozone/hadoop-ozone/integration-test/target/test-dir/MiniOzoneClusterImpl-a42b6446-58ec-43bb-8d59-9c3f88cf101c/datanode-5/data/ratis/b8111e83-b548-47d8-844a-b9a8f8f773f9/sm/snapshot.1_0 took: 6 ms
2021-08-12 00:25:33,301 [aa96c139-029c-4c26-b56b-b3e0db2a81f3@group-B9A8F8F773F9-StateMachineUpdater] INFO  impl.StateMachineUpdater (StateMachineUpdater.java:takeSnapshot(281)) - aa96c139-029c-4c26-b56b-b3e0db2a81f3@group-B9A8F8F773F9-StateMachineUpdater: Took a snapshot at index 0
2021-08-12 00:25:33,301 [aa96c139-029c-4c26-b56b-b3e0db2a81f3@group-B9A8F8F773F9-StateMachineUpdater] INFO  impl.StateMachineUpdater (StateMachineUpdater.java:lambda$new$0(89)) - aa96c139-029c-4c26-b56b-b3e0db2a81f3@group-B9A8F8F773F9-StateMachineUpdater: snapshotIndex: updateIncreasingly -1 -> 0
2021-08-12 00:25:33,301 [Listener at 127.0.0.1/46733] INFO  server.RaftServer$Division (ServerState.java:close(419)) - aa96c139-029c-4c26-b56b-b3e0db2a81f3@group-B9A8F8F773F9: closes. applyIndex: 0
2021-08-12 00:25:33,301 [aa96c139-029c-4c26-b56b-b3e0db2a81f3@group-B9A8F8F773F9-SegmentedRaftLogWorker] INFO  segmented.SegmentedRaftLogWorker (SegmentedRaftLogWorker.java:run(327)) - aa96c139-029c-4c26-b56b-b3e0db2a81f3@group-B9A8F8F773F9-SegmentedRaftLogWorker was interrupted, exiting. There are 0 tasks remaining in the queue.
2021-08-12 00:25:33,314 [Listener at 127.0.0.1/46733] INFO  segmented.SegmentedRaftLogWorker (SegmentedRaftLogWorker.java:close(237)) - aa96c139-029c-4c26-b56b-b3e0db2a81f3@group-B9A8F8F773F9-SegmentedRaftLogWorker close()
2021-08-12 00:25:33,324 [Listener at 127.0.0.1/46733] INFO  server.GrpcService (GrpcService.java:closeImpl(262)) - aa96c139-029c-4c26-b56b-b3e0db2a81f3: shutdown server with port 42793 now
2021-08-12 00:25:33,335 [Listener at 127.0.0.1/46733] INFO  server.GrpcService (GrpcService.java:closeImpl(271)) - aa96c139-029c-4c26-b56b-b3e0db2a81f3: shutdown server with port 42793 successfully
2021-08-12 00:25:33,336 [org.apache.ratis.util.JvmPauseMonitor$$Lambda$531/2042374570@25998b72] INFO  util.JvmPauseMonitor (JvmPauseMonitor.java:run(109)) - JvmPauseMonitor-aa96c139-029c-4c26-b56b-b3e0db2a81f3: Stopped
2021-08-12 00:25:33,347 [Listener at 127.0.0.1/46733] INFO  utils.BackgroundService (BackgroundService.java:shutdown(132)) - Shutting down service BlockDeletingService
2021-08-12 00:25:33,347 [ForkJoinPool.commonPool-worker-0] INFO  server.GrpcService (GrpcService.java:closeImpl(271)) - a86274cb-40c2-4f1a-b613-7c28a9d8bee7: shutdown server with port 37903 successfully
2021-08-12 00:25:33,375 [org.apache.ratis.util.JvmPauseMonitor$$Lambda$531/2042374570@45810ed0] INFO  util.JvmPauseMonitor (JvmPauseMonitor.java:run(109)) - JvmPauseMonitor-a86274cb-40c2-4f1a-b613-7c28a9d8bee7: Stopped
2021-08-12 00:25:33,422 [ForkJoinPool.commonPool-worker-0] INFO  utils.BackgroundService (BackgroundService.java:shutdown(132)) - Shutting down service BlockDeletingService
2021-08-12 00:25:35,198 [grpc-default-executor-3] WARN  server.GrpcLogAppender (LogUtils.java:warn(122)) - 5b202ae5-680d-43fe-be69-63ca12314317@group-427675ACF13C->ef23a805-c360-46f9-a5ff-61453c052e9c-AppendLogResponseHandler: Failed appendEntries: org.apache.ratis.thirdparty.io.grpc.StatusRuntimeException: UNAVAILABLE: io exception
2021-08-12 00:25:35,199 [grpc-default-executor-3] INFO  leader.FollowerInfo (FollowerInfoImpl.java:lambda$new$0(46)) - 5b202ae5-680d-43fe-be69-63ca12314317@group-427675ACF13C->ef23a805-c360-46f9-a5ff-61453c052e9c: nextIndex: updateUnconditionally 3 -> 2
2021-08-12 00:25:36,405 [Listener at 127.0.0.1/46733] INFO  statemachine.DatanodeStateMachine (DatanodeStateMachine.java:stopDaemon(515)) - Ozone container server stopped.
2021-08-12 00:25:36,406 [Listener at 127.0.0.1/46733] INFO  handler.ContextHandler (ContextHandler.java:doStop(1153)) - Stopped o.e.j.w.WebAppContext@e9f436e{hddsDatanode,/,null,STOPPED}{jar:file:/home/runner/.m2/repository/org/apache/ozone/hdds-container-service/1.2.0-SNAPSHOT/hdds-container-service-1.2.0-SNAPSHOT.jar!/webapps/hddsDatanode}
2021-08-12 00:25:36,406 [Listener at 127.0.0.1/46733] INFO  server.AbstractConnector (AbstractConnector.java:doStop(381)) - Stopped ServerConnector@43fbbb86{HTTP/1.1, (http/1.1)}{0.0.0.0:0}
2021-08-12 00:25:36,407 [Listener at 127.0.0.1/46733] INFO  server.session (HouseKeeper.java:stopScavenging(149)) - node0 Stopped scavenging
2021-08-12 00:25:36,407 [Listener at 127.0.0.1/46733] INFO  handler.ContextHandler (ContextHandler.java:doStop(1153)) - Stopped o.e.j.s.ServletContextHandler@189a2927{static,/static,jar:file:/home/runner/.m2/repository/org/apache/ozone/hdds-container-service/1.2.0-SNAPSHOT/hdds-container-service-1.2.0-SNAPSHOT.jar!/webapps/static,STOPPED}
2021-08-12 00:25:36,407 [Listener at 127.0.0.1/46733] INFO  handler.ContextHandler (ContextHandler.java:doStop(1153)) - Stopped o.e.j.s.ServletContextHandler@1bc3ff34{logs,/logs,file:///home/runner/work/ozone/ozone/hadoop-ozone/integration-test/target/log,STOPPED}
2021-08-12 00:25:36,424 [ForkJoinPool.commonPool-worker-0] INFO  statemachine.DatanodeStateMachine (DatanodeStateMachine.java:stopDaemon(515)) - Ozone container server stopped.
2021-08-12 00:25:36,430 [ForkJoinPool.commonPool-worker-0] INFO  handler.ContextHandler (ContextHandler.java:doStop(1153)) - Stopped o.e.j.w.WebAppContext@54362e7f{hddsDatanode,/,null,STOPPED}{jar:file:/home/runner/.m2/repository/org/apache/ozone/hdds-container-service/1.2.0-SNAPSHOT/hdds-container-service-1.2.0-SNAPSHOT.jar!/webapps/hddsDatanode}
2021-08-12 00:25:36,466 [ForkJoinPool.commonPool-worker-0] INFO  server.AbstractConnector (AbstractConnector.java:doStop(381)) - Stopped ServerConnector@4c612396{HTTP/1.1, (http/1.1)}{0.0.0.0:0}
2021-08-12 00:25:36,466 [ForkJoinPool.commonPool-worker-0] INFO  server.session (HouseKeeper.java:stopScavenging(149)) - node0 Stopped scavenging
2021-08-12 00:25:36,467 [ForkJoinPool.commonPool-worker-0] INFO  handler.ContextHandler (ContextHandler.java:doStop(1153)) - Stopped o.e.j.s.ServletContextHandler@50fa8c92{static,/static,jar:file:/home/runner/.m2/repository/org/apache/ozone/hdds-container-service/1.2.0-SNAPSHOT/hdds-container-service-1.2.0-SNAPSHOT.jar!/webapps/static,STOPPED}
2021-08-12 00:25:36,468 [ForkJoinPool.commonPool-worker-0] INFO  handler.ContextHandler (ContextHandler.java:doStop(1153)) - Stopped o.e.j.s.ServletContextHandler@3deddbbd{logs,/logs,file:///home/runner/work/ozone/ozone/hadoop-ozone/integration-test/target/log,STOPPED}
2021-08-12 00:25:37,065 [Datanode State Machine Thread - 0] INFO  statemachine.DatanodeStateMachine (DatanodeStateMachine.java:lambda$startDaemon$0(457)) - Ozone container server started.
2021-08-12 00:25:37,353 [Datanode State Machine Thread - 0] INFO  statemachine.DatanodeStateMachine (DatanodeStateMachine.java:lambda$startDaemon$0(457)) - Ozone container server started.
2021-08-12 00:25:37,699 [grpc-default-executor-3] WARN  server.GrpcLogAppender (LogUtils.java:warn(122)) - 5b202ae5-680d-43fe-be69-63ca12314317@group-427675ACF13C->ef23a805-c360-46f9-a5ff-61453c052e9c-AppendLogResponseHandler: Failed appendEntries: org.apache.ratis.thirdparty.io.grpc.StatusRuntimeException: UNAVAILABLE: io exception
2021-08-12 00:25:37,699 [grpc-default-executor-3] INFO  leader.FollowerInfo (FollowerInfoImpl.java:lambda$new$0(46)) - 5b202ae5-680d-43fe-be69-63ca12314317@group-427675ACF13C->ef23a805-c360-46f9-a5ff-61453c052e9c: nextIndex: updateUnconditionally 3 -> 2
2021-08-12 00:25:40,199 [grpc-default-executor-3] WARN  server.GrpcLogAppender (LogUtils.java:warn(122)) - 5b202ae5-680d-43fe-be69-63ca12314317@group-427675ACF13C->ef23a805-c360-46f9-a5ff-61453c052e9c-AppendLogResponseHandler: Failed appendEntries: org.apache.ratis.thirdparty.io.grpc.StatusRuntimeException: UNAVAILABLE: io exception
2021-08-12 00:25:40,200 [grpc-default-executor-3] INFO  leader.FollowerInfo (FollowerInfoImpl.java:lambda$new$0(46)) - 5b202ae5-680d-43fe-be69-63ca12314317@group-427675ACF13C->ef23a805-c360-46f9-a5ff-61453c052e9c: nextIndex: updateUnconditionally 3 -> 2
2021-08-12 00:25:41,413 [Listener at 127.0.0.1/46733] INFO  ozoneimpl.OzoneContainer (OzoneContainer.java:stop(326)) - Attempting to stop container services.
2021-08-12 00:25:41,413 [Listener at 127.0.0.1/46733] INFO  server.RaftServer (RaftServerProxy.java:lambda$close$6(391)) - bcde775b-c238-4412-9eeb-a88c910f700f: close
2021-08-12 00:25:41,413 [Listener at 127.0.0.1/46733] INFO  server.RaftServer$Division (RaftServerImpl.java:lambda$close$4(407)) - bcde775b-c238-4412-9eeb-a88c910f700f@group-704C644304A3: shutdown
2021-08-12 00:25:41,414 [Listener at 127.0.0.1/46733] INFO  util.JmxRegister (JmxRegister.java:unregister(73)) - Successfully un-registered JMX Bean with object name Ratis:service=RaftServer,group=group-704C644304A3,id=bcde775b-c238-4412-9eeb-a88c910f700f
2021-08-12 00:25:41,414 [Listener at 127.0.0.1/46733] INFO  impl.RoleInfo (RoleInfo.java:shutdownFollowerState(108)) - bcde775b-c238-4412-9eeb-a88c910f700f: shutdown bcde775b-c238-4412-9eeb-a88c910f700f@group-704C644304A3-FollowerState
2021-08-12 00:25:41,414 [Listener at 127.0.0.1/46733] INFO  impl.StateMachineUpdater (StateMachineUpdater.java:stopAndJoin(149)) - bcde775b-c238-4412-9eeb-a88c910f700f@group-704C644304A3-StateMachineUpdater: set stopIndex = 0
2021-08-12 00:25:41,414 [bcde775b-c238-4412-9eeb-a88c910f700f@group-704C644304A3-StateMachineUpdater] INFO  ratis.ContainerStateMachine (ContainerStateMachine.java:takeSnapshot(293)) - group-704C644304A3: Taking a snapshot at:(t:1, i:0) file /home/runner/work/ozone/ozone/hadoop-ozone/integration-test/target/test-dir/MiniOzoneClusterImpl-a42b6446-58ec-43bb-8d59-9c3f88cf101c/datanode-7/data/ratis/16c28a69-4c10-4b94-8ad6-704c644304a3/sm/snapshot.1_0
2021-08-12 00:25:41,415 [bcde775b-c238-4412-9eeb-a88c910f700f@group-704C644304A3-FollowerState] INFO  impl.FollowerState (FollowerState.java:run(143)) - bcde775b-c238-4412-9eeb-a88c910f700f@group-704C644304A3-FollowerState was interrupted: {}
java.lang.InterruptedException: sleep interrupted
	at java.lang.Thread.sleep(Native Method)
	at java.lang.Thread.sleep(Thread.java:340)
	at java.util.concurrent.TimeUnit.sleep(TimeUnit.java:386)
	at org.apache.ratis.util.TimeDuration.sleep(TimeDuration.java:324)
	at org.apache.ratis.util.TimeDuration.sleep(TimeDuration.java:309)
	at org.apache.ratis.server.impl.FollowerState.run(FollowerState.java:118)
2021-08-12 00:25:41,444 [bcde775b-c238-4412-9eeb-a88c910f700f@group-704C644304A3-StateMachineUpdater] INFO  ratis.ContainerStateMachine (ContainerStateMachine.java:takeSnapshot(304)) - group-704C644304A3: Finished taking a snapshot at:(t:1, i:0) file:/home/runner/work/ozone/ozone/hadoop-ozone/integration-test/target/test-dir/MiniOzoneClusterImpl-a42b6446-58ec-43bb-8d59-9c3f88cf101c/datanode-7/data/ratis/16c28a69-4c10-4b94-8ad6-704c644304a3/sm/snapshot.1_0 took: 30 ms
2021-08-12 00:25:41,445 [bcde775b-c238-4412-9eeb-a88c910f700f@group-704C644304A3-StateMachineUpdater] INFO  impl.StateMachineUpdater (StateMachineUpdater.java:takeSnapshot(281)) - bcde775b-c238-4412-9eeb-a88c910f700f@group-704C644304A3-StateMachineUpdater: Took a snapshot at index 0
2021-08-12 00:25:41,445 [bcde775b-c238-4412-9eeb-a88c910f700f@group-704C644304A3-StateMachineUpdater] INFO  impl.StateMachineUpdater (StateMachineUpdater.java:lambda$new$0(89)) - bcde775b-c238-4412-9eeb-a88c910f700f@group-704C644304A3-StateMachineUpdater: snapshotIndex: updateIncreasingly -1 -> 0
2021-08-12 00:25:41,445 [Listener at 127.0.0.1/46733] INFO  server.RaftServer$Division (ServerState.java:close(419)) - bcde775b-c238-4412-9eeb-a88c910f700f@group-704C644304A3: closes. applyIndex: 0
2021-08-12 00:25:41,445 [bcde775b-c238-4412-9eeb-a88c910f700f@group-704C644304A3-SegmentedRaftLogWorker] INFO  segmented.SegmentedRaftLogWorker (SegmentedRaftLogWorker.java:run(327)) - bcde775b-c238-4412-9eeb-a88c910f700f@group-704C644304A3-SegmentedRaftLogWorker was interrupted, exiting. There are 0 tasks remaining in the queue.
2021-08-12 00:25:41,446 [Listener at 127.0.0.1/46733] INFO  segmented.SegmentedRaftLogWorker (SegmentedRaftLogWorker.java:close(237)) - bcde775b-c238-4412-9eeb-a88c910f700f@group-704C644304A3-SegmentedRaftLogWorker close()
2021-08-12 00:25:41,449 [Listener at 127.0.0.1/46733] INFO  server.RaftServer$Division (RaftServerImpl.java:lambda$close$4(407)) - bcde775b-c238-4412-9eeb-a88c910f700f@group-23AA8F2B890B: shutdown
2021-08-12 00:25:41,449 [Listener at 127.0.0.1/46733] INFO  util.JmxRegister (JmxRegister.java:unregister(73)) - Successfully un-registered JMX Bean with object name Ratis:service=RaftServer,group=group-23AA8F2B890B,id=bcde775b-c238-4412-9eeb-a88c910f700f
2021-08-12 00:25:41,449 [Listener at 127.0.0.1/46733] INFO  impl.RoleInfo (RoleInfo.java:shutdownLeaderState(91)) - bcde775b-c238-4412-9eeb-a88c910f700f: shutdown bcde775b-c238-4412-9eeb-a88c910f700f@group-23AA8F2B890B-LeaderStateImpl
2021-08-12 00:25:41,450 [Listener at 127.0.0.1/46733] INFO  impl.PendingRequests (PendingRequests.java:sendNotLeaderResponses(282)) - bcde775b-c238-4412-9eeb-a88c910f700f@group-23AA8F2B890B-PendingRequests: sendNotLeaderResponses
2021-08-12 00:25:41,450 [Listener at 127.0.0.1/46733] INFO  impl.StateMachineUpdater (StateMachineUpdater.java:stopAndJoin(149)) - bcde775b-c238-4412-9eeb-a88c910f700f@group-23AA8F2B890B-StateMachineUpdater: set stopIndex = 0
2021-08-12 00:25:41,451 [bcde775b-c238-4412-9eeb-a88c910f700f@group-23AA8F2B890B-StateMachineUpdater] INFO  ratis.ContainerStateMachine (ContainerStateMachine.java:takeSnapshot(293)) - group-23AA8F2B890B: Taking a snapshot at:(t:1, i:0) file /home/runner/work/ozone/ozone/hadoop-ozone/integration-test/target/test-dir/MiniOzoneClusterImpl-a42b6446-58ec-43bb-8d59-9c3f88cf101c/datanode-7/data/ratis/83b1a2bc-e20b-4648-afa2-23aa8f2b890b/sm/snapshot.1_0
2021-08-12 00:25:41,451 [bcde775b-c238-4412-9eeb-a88c910f700f@group-23AA8F2B890B-StateMachineUpdater] INFO  ratis.ContainerStateMachine (ContainerStateMachine.java:takeSnapshot(304)) - group-23AA8F2B890B: Finished taking a snapshot at:(t:1, i:0) file:/home/runner/work/ozone/ozone/hadoop-ozone/integration-test/target/test-dir/MiniOzoneClusterImpl-a42b6446-58ec-43bb-8d59-9c3f88cf101c/datanode-7/data/ratis/83b1a2bc-e20b-4648-afa2-23aa8f2b890b/sm/snapshot.1_0 took: 0 ms
2021-08-12 00:25:41,451 [bcde775b-c238-4412-9eeb-a88c910f700f@group-23AA8F2B890B-StateMachineUpdater] INFO  impl.StateMachineUpdater (StateMachineUpdater.java:takeSnapshot(281)) - bcde775b-c238-4412-9eeb-a88c910f700f@group-23AA8F2B890B-StateMachineUpdater: Took a snapshot at index 0
2021-08-12 00:25:41,451 [bcde775b-c238-4412-9eeb-a88c910f700f@group-23AA8F2B890B-StateMachineUpdater] INFO  impl.StateMachineUpdater (StateMachineUpdater.java:lambda$new$0(89)) - bcde775b-c238-4412-9eeb-a88c910f700f@group-23AA8F2B890B-StateMachineUpdater: snapshotIndex: updateIncreasingly -1 -> 0
2021-08-12 00:25:41,452 [Listener at 127.0.0.1/46733] INFO  server.RaftServer$Division (ServerState.java:close(419)) - bcde775b-c238-4412-9eeb-a88c910f700f@group-23AA8F2B890B: closes. applyIndex: 0
2021-08-12 00:25:41,452 [bcde775b-c238-4412-9eeb-a88c910f700f@group-23AA8F2B890B-SegmentedRaftLogWorker] INFO  segmented.SegmentedRaftLogWorker (SegmentedRaftLogWorker.java:run(327)) - bcde775b-c238-4412-9eeb-a88c910f700f@group-23AA8F2B890B-SegmentedRaftLogWorker was interrupted, exiting. There are 0 tasks remaining in the queue.
2021-08-12 00:25:41,452 [Listener at 127.0.0.1/46733] INFO  segmented.SegmentedRaftLogWorker (SegmentedRaftLogWorker.java:close(237)) - bcde775b-c238-4412-9eeb-a88c910f700f@group-23AA8F2B890B-SegmentedRaftLogWorker close()
2021-08-12 00:25:41,452 [Listener at 127.0.0.1/46733] INFO  server.GrpcService (GrpcService.java:closeImpl(262)) - bcde775b-c238-4412-9eeb-a88c910f700f: shutdown server with port 33235 now
2021-08-12 00:25:41,478 [ForkJoinPool.commonPool-worker-0] INFO  ozoneimpl.OzoneContainer (OzoneContainer.java:stop(326)) - Attempting to stop container services.
2021-08-12 00:25:41,478 [ForkJoinPool.commonPool-worker-0] INFO  server.RaftServer (RaftServerProxy.java:lambda$close$6(391)) - 5b202ae5-680d-43fe-be69-63ca12314317: close
2021-08-12 00:25:41,478 [ForkJoinPool.commonPool-worker-0] INFO  server.RaftServer$Division (RaftServerImpl.java:lambda$close$4(407)) - 5b202ae5-680d-43fe-be69-63ca12314317@group-EC826C6F44A4: shutdown
2021-08-12 00:25:41,478 [ForkJoinPool.commonPool-worker-0] INFO  util.JmxRegister (JmxRegister.java:unregister(73)) - Successfully un-registered JMX Bean with object name Ratis:service=RaftServer,group=group-EC826C6F44A4,id=5b202ae5-680d-43fe-be69-63ca12314317
2021-08-12 00:25:41,478 [ForkJoinPool.commonPool-worker-0] INFO  impl.RoleInfo (RoleInfo.java:shutdownLeaderState(91)) - 5b202ae5-680d-43fe-be69-63ca12314317: shutdown 5b202ae5-680d-43fe-be69-63ca12314317@group-EC826C6F44A4-LeaderStateImpl
2021-08-12 00:25:41,479 [ForkJoinPool.commonPool-worker-0] INFO  impl.PendingRequests (PendingRequests.java:sendNotLeaderResponses(282)) - 5b202ae5-680d-43fe-be69-63ca12314317@group-EC826C6F44A4-PendingRequests: sendNotLeaderResponses
2021-08-12 00:25:41,479 [ForkJoinPool.commonPool-worker-0] INFO  impl.StateMachineUpdater (StateMachineUpdater.java:stopAndJoin(149)) - 5b202ae5-680d-43fe-be69-63ca12314317@group-EC826C6F44A4-StateMachineUpdater: set stopIndex = 0
2021-08-12 00:25:41,481 [5b202ae5-680d-43fe-be69-63ca12314317@group-EC826C6F44A4-StateMachineUpdater] INFO  ratis.ContainerStateMachine (ContainerStateMachine.java:takeSnapshot(293)) - group-EC826C6F44A4: Taking a snapshot at:(t:1, i:0) file /home/runner/work/ozone/ozone/hadoop-ozone/integration-test/target/test-dir/MiniOzoneClusterImpl-a42b6446-58ec-43bb-8d59-9c3f88cf101c/datanode-0/data/ratis/9467a0b6-e570-4e88-aa71-ec826c6f44a4/sm/snapshot.1_0
2021-08-12 00:25:41,481 [5b202ae5-680d-43fe-be69-63ca12314317@group-EC826C6F44A4-StateMachineUpdater] INFO  ratis.ContainerStateMachine (ContainerStateMachine.java:takeSnapshot(304)) - group-EC826C6F44A4: Finished taking a snapshot at:(t:1, i:0) file:/home/runner/work/ozone/ozone/hadoop-ozone/integration-test/target/test-dir/MiniOzoneClusterImpl-a42b6446-58ec-43bb-8d59-9c3f88cf101c/datanode-0/data/ratis/9467a0b6-e570-4e88-aa71-ec826c6f44a4/sm/snapshot.1_0 took: 0 ms
2021-08-12 00:25:41,481 [5b202ae5-680d-43fe-be69-63ca12314317@group-EC826C6F44A4-StateMachineUpdater] INFO  impl.StateMachineUpdater (StateMachineUpdater.java:takeSnapshot(281)) - 5b202ae5-680d-43fe-be69-63ca12314317@group-EC826C6F44A4-StateMachineUpdater: Took a snapshot at index 0
2021-08-12 00:25:41,482 [5b202ae5-680d-43fe-be69-63ca12314317@group-EC826C6F44A4-StateMachineUpdater] INFO  impl.StateMachineUpdater (StateMachineUpdater.java:lambda$new$0(89)) - 5b202ae5-680d-43fe-be69-63ca12314317@group-EC826C6F44A4-StateMachineUpdater: snapshotIndex: updateIncreasingly -1 -> 0
2021-08-12 00:25:41,482 [ForkJoinPool.commonPool-worker-0] INFO  server.RaftServer$Division (ServerState.java:close(419)) - 5b202ae5-680d-43fe-be69-63ca12314317@group-EC826C6F44A4: closes. applyIndex: 0
2021-08-12 00:25:41,482 [5b202ae5-680d-43fe-be69-63ca12314317@group-EC826C6F44A4-SegmentedRaftLogWorker] INFO  segmented.SegmentedRaftLogWorker (SegmentedRaftLogWorker.java:run(327)) - 5b202ae5-680d-43fe-be69-63ca12314317@group-EC826C6F44A4-SegmentedRaftLogWorker was interrupted, exiting. There are 0 tasks remaining in the queue.
2021-08-12 00:25:41,482 [ForkJoinPool.commonPool-worker-0] INFO  segmented.SegmentedRaftLogWorker (SegmentedRaftLogWorker.java:close(237)) - 5b202ae5-680d-43fe-be69-63ca12314317@group-EC826C6F44A4-SegmentedRaftLogWorker close()
2021-08-12 00:25:41,482 [ForkJoinPool.commonPool-worker-0] INFO  server.RaftServer$Division (RaftServerImpl.java:lambda$close$4(407)) - 5b202ae5-680d-43fe-be69-63ca12314317@group-427675ACF13C: shutdown
2021-08-12 00:25:41,482 [ForkJoinPool.commonPool-worker-0] INFO  util.JmxRegister (JmxRegister.java:unregister(73)) - Successfully un-registered JMX Bean with object name Ratis:service=RaftServer,group=group-427675ACF13C,id=5b202ae5-680d-43fe-be69-63ca12314317
2021-08-12 00:25:41,482 [ForkJoinPool.commonPool-worker-0] INFO  impl.RoleInfo (RoleInfo.java:shutdownLeaderState(91)) - 5b202ae5-680d-43fe-be69-63ca12314317: shutdown 5b202ae5-680d-43fe-be69-63ca12314317@group-427675ACF13C-LeaderStateImpl
2021-08-12 00:25:41,483 [ForkJoinPool.commonPool-worker-0] INFO  impl.PendingRequests (PendingRequests.java:sendNotLeaderResponses(282)) - 5b202ae5-680d-43fe-be69-63ca12314317@group-427675ACF13C-PendingRequests: sendNotLeaderResponses
2021-08-12 00:25:41,483 [5b202ae5-680d-43fe-be69-63ca12314317@group-427675ACF13C->ef23a805-c360-46f9-a5ff-61453c052e9c-GrpcLogAppender-LogAppenderDaemon] WARN  server.GrpcLogAppender (GrpcLogAppender.java:mayWait(175)) - 5b202ae5-680d-43fe-be69-63ca12314317@group-427675ACF13C->ef23a805-c360-46f9-a5ff-61453c052e9c-GrpcLogAppender: Wait interrupted by java.lang.InterruptedException
2021-08-12 00:25:41,483 [5b202ae5-680d-43fe-be69-63ca12314317@group-427675ACF13C-StateMachineUpdater] INFO  ratis.ContainerStateMachine (ContainerStateMachine.java:takeSnapshot(293)) - group-427675ACF13C: Taking a snapshot at:(t:3, i:2) file /home/runner/work/ozone/ozone/hadoop-ozone/integration-test/target/test-dir/MiniOzoneClusterImpl-a42b6446-58ec-43bb-8d59-9c3f88cf101c/datanode-0/data/ratis/fbb95fc7-d228-40f1-b0e7-427675acf13c/sm/snapshot.3_2
2021-08-12 00:25:41,484 [ForkJoinPool.commonPool-worker-0] INFO  impl.StateMachineUpdater (StateMachineUpdater.java:stopAndJoin(149)) - 5b202ae5-680d-43fe-be69-63ca12314317@group-427675ACF13C-StateMachineUpdater: set stopIndex = 2
2021-08-12 00:25:41,484 [5b202ae5-680d-43fe-be69-63ca12314317@group-427675ACF13C-StateMachineUpdater] INFO  ratis.ContainerStateMachine (ContainerStateMachine.java:takeSnapshot(304)) - group-427675ACF13C: Finished taking a snapshot at:(t:3, i:2) file:/home/runner/work/ozone/ozone/hadoop-ozone/integration-test/target/test-dir/MiniOzoneClusterImpl-a42b6446-58ec-43bb-8d59-9c3f88cf101c/datanode-0/data/ratis/fbb95fc7-d228-40f1-b0e7-427675acf13c/sm/snapshot.3_2 took: 1 ms
2021-08-12 00:25:41,484 [5b202ae5-680d-43fe-be69-63ca12314317@group-427675ACF13C-StateMachineUpdater] INFO  impl.StateMachineUpdater (StateMachineUpdater.java:takeSnapshot(281)) - 5b202ae5-680d-43fe-be69-63ca12314317@group-427675ACF13C-StateMachineUpdater: Took a snapshot at index 2
2021-08-12 00:25:41,484 [5b202ae5-680d-43fe-be69-63ca12314317@group-427675ACF13C-StateMachineUpdater] INFO  impl.StateMachineUpdater (StateMachineUpdater.java:lambda$new$0(89)) - 5b202ae5-680d-43fe-be69-63ca12314317@group-427675ACF13C-StateMachineUpdater: snapshotIndex: updateIncreasingly -1 -> 2
2021-08-12 00:25:41,485 [ForkJoinPool.commonPool-worker-0] INFO  server.RaftServer$Division (ServerState.java:close(419)) - 5b202ae5-680d-43fe-be69-63ca12314317@group-427675ACF13C: closes. applyIndex: 2
2021-08-12 00:25:41,485 [5b202ae5-680d-43fe-be69-63ca12314317@group-427675ACF13C-SegmentedRaftLogWorker] INFO  segmented.SegmentedRaftLogWorker (SegmentedRaftLogWorker.java:run(327)) - 5b202ae5-680d-43fe-be69-63ca12314317@group-427675ACF13C-SegmentedRaftLogWorker was interrupted, exiting. There are 0 tasks remaining in the queue.
2021-08-12 00:25:41,485 [ForkJoinPool.commonPool-worker-0] INFO  segmented.SegmentedRaftLogWorker (SegmentedRaftLogWorker.java:close(237)) - 5b202ae5-680d-43fe-be69-63ca12314317@group-427675ACF13C-SegmentedRaftLogWorker close()
2021-08-12 00:25:41,485 [ForkJoinPool.commonPool-worker-0] INFO  server.GrpcService (GrpcService.java:closeImpl(262)) - 5b202ae5-680d-43fe-be69-63ca12314317: shutdown server with port 39647 now
2021-08-12 00:25:41,493 [5b202ae5-680d-43fe-be69-63ca12314317@group-427675ACF13C->c2eb00da-4d4a-4ac5-8b23-45ecd8b85c7f-GrpcLogAppender-LogAppenderDaemon] WARN  server.GrpcLogAppender (GrpcLogAppender.java:mayWait(175)) - 5b202ae5-680d-43fe-be69-63ca12314317@group-427675ACF13C->c2eb00da-4d4a-4ac5-8b23-45ecd8b85c7f-GrpcLogAppender: Wait interrupted by java.lang.InterruptedException
2021-08-12 00:25:41,497 [Listener at 127.0.0.1/46733] INFO  server.GrpcService (GrpcService.java:closeImpl(271)) - bcde775b-c238-4412-9eeb-a88c910f700f: shutdown server with port 33235 successfully
2021-08-12 00:25:41,498 [grpc-default-executor-4] WARN  server.GrpcLogAppender (LogUtils.java:warn(122)) - 87d3608b-f9fd-4b10-ba0a-a0d8569acffd@group-704C644304A3->bcde775b-c238-4412-9eeb-a88c910f700f-AppendLogResponseHandler: Failed appendEntries: org.apache.ratis.thirdparty.io.grpc.StatusRuntimeException: CANCELLED: HTTP/2 error code: CANCEL
Received Rst Stream
2021-08-12 00:25:41,498 [grpc-default-executor-2] INFO  server.GrpcServerProtocolService (GrpcServerProtocolService.java:onCompleted(140)) - c2eb00da-4d4a-4ac5-8b23-45ecd8b85c7f: Completed APPEND_ENTRIES, lastRequest: 5b202ae5-680d-43fe-be69-63ca12314317->c2eb00da-4d4a-4ac5-8b23-45ecd8b85c7f#11-t3,previous=(t:3, i:1),leaderCommit=1,initializing? true,entries: size=1, first=(t:3, i:2), METADATAENTRY(c:1)
2021-08-12 00:25:41,498 [grpc-default-executor-4] WARN  server.GrpcLogAppender (GrpcLogAppender.java:resetClient(111)) - 87d3608b-f9fd-4b10-ba0a-a0d8569acffd@group-704C644304A3->bcde775b-c238-4412-9eeb-a88c910f700f-GrpcLogAppender: Leader has not got in touch with Follower 87d3608b-f9fd-4b10-ba0a-a0d8569acffd@group-704C644304A3->bcde775b-c238-4412-9eeb-a88c910f700f(c0,m0,n1, attendVote=true, lastRpcSendTime=251, lastRpcResponseTime=247) yet, just keep nextIndex unchanged and retry.
2021-08-12 00:25:41,498 [grpc-default-executor-0] WARN  server.GrpcServerProtocolService (LogUtils.java:warn(122)) - bcde775b-c238-4412-9eeb-a88c910f700f: installSnapshot onError, lastRequest: 87d3608b-f9fd-4b10-ba0a-a0d8569acffd->bcde775b-c238-4412-9eeb-a88c910f700f#1-t1,previous=(t:0, i:0),leaderCommit=0,initializing? true,entries: size=1, first=(t:1, i:0), CONFIGURATIONENTRY: org.apache.ratis.thirdparty.io.grpc.StatusRuntimeException: CANCELLED: client cancelled
2021-08-12 00:25:41,505 [org.apache.ratis.util.JvmPauseMonitor$$Lambda$531/2042374570@59181381] INFO  util.JvmPauseMonitor (JvmPauseMonitor.java:run(109)) - JvmPauseMonitor-bcde775b-c238-4412-9eeb-a88c910f700f: Stopped
2021-08-12 00:25:41,506 [Listener at 127.0.0.1/46733] INFO  utils.BackgroundService (BackgroundService.java:shutdown(132)) - Shutting down service BlockDeletingService
2021-08-12 00:25:41,529 [grpc-default-executor-2] INFO  server.GrpcLogAppender (GrpcLogAppender.java:onCompleted(344)) - 5b202ae5-680d-43fe-be69-63ca12314317@group-427675ACF13C->c2eb00da-4d4a-4ac5-8b23-45ecd8b85c7f-AppendLogResponseHandler: follower responses appendEntries COMPLETED
2021-08-12 00:25:41,529 [grpc-default-executor-2] WARN  server.GrpcLogAppender (GrpcLogAppender.java:resetClient(96)) - 5b202ae5-680d-43fe-be69-63ca12314317@group-427675ACF13C->c2eb00da-4d4a-4ac5-8b23-45ecd8b85c7f-GrpcLogAppender: Failed to getClient for c2eb00da-4d4a-4ac5-8b23-45ecd8b85c7f
org.apache.ratis.protocol.exceptions.AlreadyClosedException: 5b202ae5-680d-43fe-be69-63ca12314317 is already CLOSED
	at org.apache.ratis.util.PeerProxyMap$PeerAndProxy.getProxy(PeerProxyMap.java:60)
	at org.apache.ratis.util.PeerProxyMap.getProxy(PeerProxyMap.java:114)
	at org.apache.ratis.grpc.server.GrpcLogAppender.getClient(GrpcLogAppender.java:89)
	at org.apache.ratis.grpc.server.GrpcLogAppender.resetClient(GrpcLogAppender.java:94)
	at org.apache.ratis.grpc.server.GrpcLogAppender.access$500(GrpcLogAppender.java:53)
	at org.apache.ratis.grpc.server.GrpcLogAppender$AppendLogResponseHandler.onCompleted(GrpcLogAppender.java:345)
	at org.apache.ratis.thirdparty.io.grpc.stub.ClientCalls$StreamObserverToCallListenerAdapter.onClose(ClientCalls.java:476)
	at org.apache.ratis.thirdparty.io.grpc.internal.ClientCallImpl.closeObserver(ClientCallImpl.java:616)
	at org.apache.ratis.thirdparty.io.grpc.internal.ClientCallImpl.access$300(ClientCallImpl.java:69)
	at org.apache.ratis.thirdparty.io.grpc.internal.ClientCallImpl$ClientStreamListenerImpl$1StreamClosed.runInternal(ClientCallImpl.java:802)
	at org.apache.ratis.thirdparty.io.grpc.internal.ClientCallImpl$ClientStreamListenerImpl$1StreamClosed.runInContext(ClientCallImpl.java:781)
	at org.apache.ratis.thirdparty.io.grpc.internal.ContextRunnable.run(ContextRunnable.java:37)
	at org.apache.ratis.thirdparty.io.grpc.internal.SerializingExecutor.run(SerializingExecutor.java:123)
	at java.util.concurrent.ThreadPoolExecutor.runWorker(ThreadPoolExecutor.java:1149)
	at java.util.concurrent.ThreadPoolExecutor$Worker.run(ThreadPoolExecutor.java:624)
	at java.lang.Thread.run(Thread.java:748)
2021-08-12 00:25:41,529 [grpc-default-executor-2] INFO  leader.FollowerInfo (FollowerInfoImpl.java:lambda$new$0(46)) - 5b202ae5-680d-43fe-be69-63ca12314317@group-427675ACF13C->c2eb00da-4d4a-4ac5-8b23-45ecd8b85c7f: nextIndex: updateUnconditionally 3 -> 2
2021-08-12 00:25:41,553 [ForkJoinPool.commonPool-worker-0] INFO  server.GrpcService (GrpcService.java:closeImpl(271)) - 5b202ae5-680d-43fe-be69-63ca12314317: shutdown server with port 39647 successfully
2021-08-12 00:25:41,553 [org.apache.ratis.util.JvmPauseMonitor$$Lambda$531/2042374570@11422f41] INFO  util.JvmPauseMonitor (JvmPauseMonitor.java:run(109)) - JvmPauseMonitor-5b202ae5-680d-43fe-be69-63ca12314317: Stopped
2021-08-12 00:25:41,568 [ForkJoinPool.commonPool-worker-0] INFO  utils.BackgroundService (BackgroundService.java:shutdown(132)) - Shutting down service BlockDeletingService
2021-08-12 00:25:43,753 [grpc-default-executor-0] WARN  server.GrpcLogAppender (LogUtils.java:warn(122)) - 87d3608b-f9fd-4b10-ba0a-a0d8569acffd@group-704C644304A3->bcde775b-c238-4412-9eeb-a88c910f700f-AppendLogResponseHandler: Failed appendEntries: org.apache.ratis.thirdparty.io.grpc.StatusRuntimeException: UNAVAILABLE: io exception
2021-08-12 00:25:43,753 [grpc-default-executor-0] WARN  server.GrpcLogAppender (GrpcLogAppender.java:resetClient(111)) - 87d3608b-f9fd-4b10-ba0a-a0d8569acffd@group-704C644304A3->bcde775b-c238-4412-9eeb-a88c910f700f-GrpcLogAppender: Leader has not got in touch with Follower 87d3608b-f9fd-4b10-ba0a-a0d8569acffd@group-704C644304A3->bcde775b-c238-4412-9eeb-a88c910f700f(c0,m0,n1, attendVote=true, lastRpcSendTime=2, lastRpcResponseTime=2503) yet, just keep nextIndex unchanged and retry.
2021-08-12 00:25:44,565 [Listener at 127.0.0.1/46733] INFO  statemachine.DatanodeStateMachine (DatanodeStateMachine.java:stopDaemon(515)) - Ozone container server stopped.
2021-08-12 00:25:44,566 [Listener at 127.0.0.1/46733] INFO  handler.ContextHandler (ContextHandler.java:doStop(1153)) - Stopped o.e.j.w.WebAppContext@72893ee0{hddsDatanode,/,null,STOPPED}{jar:file:/home/runner/.m2/repository/org/apache/ozone/hdds-container-service/1.2.0-SNAPSHOT/hdds-container-service-1.2.0-SNAPSHOT.jar!/webapps/hddsDatanode}
2021-08-12 00:25:44,567 [Listener at 127.0.0.1/46733] INFO  server.AbstractConnector (AbstractConnector.java:doStop(381)) - Stopped ServerConnector@208e2fd{HTTP/1.1, (http/1.1)}{0.0.0.0:0}
2021-08-12 00:25:44,567 [Listener at 127.0.0.1/46733] INFO  server.session (HouseKeeper.java:stopScavenging(149)) - node0 Stopped scavenging
2021-08-12 00:25:44,568 [Listener at 127.0.0.1/46733] INFO  handler.ContextHandler (ContextHandler.java:doStop(1153)) - Stopped o.e.j.s.ServletContextHandler@5cf827da{static,/static,jar:file:/home/runner/.m2/repository/org/apache/ozone/hdds-container-service/1.2.0-SNAPSHOT/hdds-container-service-1.2.0-SNAPSHOT.jar!/webapps/static,STOPPED}
2021-08-12 00:25:44,568 [Listener at 127.0.0.1/46733] INFO  handler.ContextHandler (ContextHandler.java:doStop(1153)) - Stopped o.e.j.s.ServletContextHandler@4d0408bc{logs,/logs,file:///home/runner/work/ozone/ozone/hadoop-ozone/integration-test/target/log,STOPPED}
2021-08-12 00:25:44,572 [ForkJoinPool.commonPool-worker-0] INFO  statemachine.DatanodeStateMachine (DatanodeStateMachine.java:stopDaemon(515)) - Ozone container server stopped.
2021-08-12 00:25:44,582 [ForkJoinPool.commonPool-worker-0] INFO  handler.ContextHandler (ContextHandler.java:doStop(1153)) - Stopped o.e.j.w.WebAppContext@2ca01365{hddsDatanode,/,null,STOPPED}{jar:file:/home/runner/.m2/repository/org/apache/ozone/hdds-container-service/1.2.0-SNAPSHOT/hdds-container-service-1.2.0-SNAPSHOT.jar!/webapps/hddsDatanode}
2021-08-12 00:25:44,582 [ForkJoinPool.commonPool-worker-0] INFO  server.AbstractConnector (AbstractConnector.java:doStop(381)) - Stopped ServerConnector@54729876{HTTP/1.1, (http/1.1)}{0.0.0.0:0}
2021-08-12 00:25:44,582 [ForkJoinPool.commonPool-worker-0] INFO  server.session (HouseKeeper.java:stopScavenging(149)) - node0 Stopped scavenging
2021-08-12 00:25:44,583 [ForkJoinPool.commonPool-worker-0] INFO  handler.ContextHandler (ContextHandler.java:doStop(1153)) - Stopped o.e.j.s.ServletContextHandler@67ede99c{static,/static,jar:file:/home/runner/.m2/repository/org/apache/ozone/hdds-container-service/1.2.0-SNAPSHOT/hdds-container-service-1.2.0-SNAPSHOT.jar!/webapps/static,STOPPED}
2021-08-12 00:25:44,584 [ForkJoinPool.commonPool-worker-0] INFO  handler.ContextHandler (ContextHandler.java:doStop(1153)) - Stopped o.e.j.s.ServletContextHandler@76d84f07{logs,/logs,file:///home/runner/work/ozone/ozone/hadoop-ozone/integration-test/target/log,STOPPED}
2021-08-12 00:25:44,936 [Datanode State Machine Thread - 0] INFO  statemachine.DatanodeStateMachine (DatanodeStateMachine.java:lambda$startDaemon$0(457)) - Ozone container server started.
2021-08-12 00:25:45,072 [Datanode State Machine Thread - 0] INFO  statemachine.DatanodeStateMachine (DatanodeStateMachine.java:lambda$startDaemon$0(457)) - Ozone container server started.
2021-08-12 00:25:46,253 [grpc-default-executor-0] WARN  server.GrpcLogAppender (LogUtils.java:warn(122)) - 87d3608b-f9fd-4b10-ba0a-a0d8569acffd@group-704C644304A3->bcde775b-c238-4412-9eeb-a88c910f700f-AppendLogResponseHandler: Failed appendEntries: org.apache.ratis.thirdparty.io.grpc.StatusRuntimeException: UNAVAILABLE: io exception
2021-08-12 00:25:46,253 [grpc-default-executor-0] WARN  server.GrpcLogAppender (GrpcLogAppender.java:resetClient(111)) - 87d3608b-f9fd-4b10-ba0a-a0d8569acffd@group-704C644304A3->bcde775b-c238-4412-9eeb-a88c910f700f-GrpcLogAppender: Leader has not got in touch with Follower 87d3608b-f9fd-4b10-ba0a-a0d8569acffd@group-704C644304A3->bcde775b-c238-4412-9eeb-a88c910f700f(c0,m0,n1, attendVote=true, lastRpcSendTime=2502, lastRpcResponseTime=5003) yet, just keep nextIndex unchanged and retry.
2021-08-12 00:25:48,766 [grpc-default-executor-0] WARN  server.GrpcLogAppender (LogUtils.java:warn(122)) - 87d3608b-f9fd-4b10-ba0a-a0d8569acffd@group-704C644304A3->bcde775b-c238-4412-9eeb-a88c910f700f-AppendLogResponseHandler: Failed appendEntries: org.apache.ratis.thirdparty.io.grpc.StatusRuntimeException: UNAVAILABLE: io exception
2021-08-12 00:25:48,766 [grpc-default-executor-0] WARN  server.GrpcLogAppender (GrpcLogAppender.java:resetClient(111)) - 87d3608b-f9fd-4b10-ba0a-a0d8569acffd@group-704C644304A3->bcde775b-c238-4412-9eeb-a88c910f700f-GrpcLogAppender: Leader has not got in touch with Follower 87d3608b-f9fd-4b10-ba0a-a0d8569acffd@group-704C644304A3->bcde775b-c238-4412-9eeb-a88c910f700f(c0,m0,n1, attendVote=true, lastRpcSendTime=2512, lastRpcResponseTime=7516) yet, just keep nextIndex unchanged and retry.
2021-08-12 00:25:48,798 [c2eb00da-4d4a-4ac5-8b23-45ecd8b85c7f@group-427675ACF13C-FollowerState] INFO  impl.FollowerState (FollowerState.java:run(134)) - c2eb00da-4d4a-4ac5-8b23-45ecd8b85c7f@group-427675ACF13C-FollowerState: change to CANDIDATE, lastRpcElapsedTime:7855257494ns, electionTimeout:5092ms
2021-08-12 00:25:48,798 [c2eb00da-4d4a-4ac5-8b23-45ecd8b85c7f@group-427675ACF13C-FollowerState] INFO  impl.RoleInfo (RoleInfo.java:shutdownFollowerState(108)) - c2eb00da-4d4a-4ac5-8b23-45ecd8b85c7f: shutdown c2eb00da-4d4a-4ac5-8b23-45ecd8b85c7f@group-427675ACF13C-FollowerState
2021-08-12 00:25:48,798 [c2eb00da-4d4a-4ac5-8b23-45ecd8b85c7f@group-427675ACF13C-FollowerState] INFO  server.RaftServer$Division (RaftServerImpl.java:setRole(285)) - c2eb00da-4d4a-4ac5-8b23-45ecd8b85c7f@group-427675ACF13C: changes role from  FOLLOWER to CANDIDATE at term 3 for changeToCandidate
2021-08-12 00:25:48,798 [c2eb00da-4d4a-4ac5-8b23-45ecd8b85c7f@group-427675ACF13C-FollowerState] INFO  server.RaftServerConfigKeys (ConfUtils.java:logGet(44)) - raft.server.leaderelection.pre-vote = false (custom)
2021-08-12 00:25:48,798 [c2eb00da-4d4a-4ac5-8b23-45ecd8b85c7f@group-427675ACF13C-FollowerState] INFO  impl.RoleInfo (RoleInfo.java:updateAndGet(130)) - c2eb00da-4d4a-4ac5-8b23-45ecd8b85c7f: start c2eb00da-4d4a-4ac5-8b23-45ecd8b85c7f@group-427675ACF13C-LeaderElection47
2021-08-12 00:25:48,853 [c2eb00da-4d4a-4ac5-8b23-45ecd8b85c7f@group-427675ACF13C-LeaderElection47] INFO  server.RaftServer$Division (ServerState.java:setLeader(285)) - c2eb00da-4d4a-4ac5-8b23-45ecd8b85c7f@group-427675ACF13C: change Leader from 5b202ae5-680d-43fe-be69-63ca12314317 to null at term 3 for ELECTION
2021-08-12 00:25:48,865 [c2eb00da-4d4a-4ac5-8b23-45ecd8b85c7f@group-427675ACF13C-LeaderElection47] INFO  impl.LeaderElection (LeaderElection.java:askForVotes(306)) - c2eb00da-4d4a-4ac5-8b23-45ecd8b85c7f@group-427675ACF13C-LeaderElection47 ELECTION round 0: submit vote requests at term 4 for 1: [c2eb00da-4d4a-4ac5-8b23-45ecd8b85c7f|rpc:10.1.0.56:41045|dataStream:|priority:0, 5b202ae5-680d-43fe-be69-63ca12314317|rpc:10.1.0.56:39647|dataStream:|priority:1, ef23a805-c360-46f9-a5ff-61453c052e9c|rpc:10.1.0.56:45291|dataStream:|priority:0], old=null
2021-08-12 00:25:48,878 [c2eb00da-4d4a-4ac5-8b23-45ecd8b85c7f@group-427675ACF13C-LeaderElection47] INFO  impl.LeaderElection (LogUtils.java:infoOrTrace(137)) - c2eb00da-4d4a-4ac5-8b23-45ecd8b85c7f@group-427675ACF13C-LeaderElection47 got exception when requesting votes: java.util.concurrent.ExecutionException: org.apache.ratis.thirdparty.io.grpc.StatusRuntimeException: UNAVAILABLE: io exception
2021-08-12 00:25:48,890 [c2eb00da-4d4a-4ac5-8b23-45ecd8b85c7f@group-427675ACF13C-LeaderElection47] INFO  impl.LeaderElection (LogUtils.java:infoOrTrace(137)) - c2eb00da-4d4a-4ac5-8b23-45ecd8b85c7f@group-427675ACF13C-LeaderElection47 got exception when requesting votes: java.util.concurrent.ExecutionException: org.apache.ratis.thirdparty.io.grpc.StatusRuntimeException: UNAVAILABLE: io exception
2021-08-12 00:25:48,890 [c2eb00da-4d4a-4ac5-8b23-45ecd8b85c7f@group-427675ACF13C-LeaderElection47] INFO  impl.LeaderElection (LeaderElection.java:logAndReturn(89)) - c2eb00da-4d4a-4ac5-8b23-45ecd8b85c7f@group-427675ACF13C-LeaderElection47: ELECTION REJECTED received 0 response(s) and 2 exception(s):
2021-08-12 00:25:48,890 [c2eb00da-4d4a-4ac5-8b23-45ecd8b85c7f@group-427675ACF13C-LeaderElection47] INFO  impl.LeaderElection (LogUtils.java:infoOrTrace(137)) -   Exception 0: java.util.concurrent.ExecutionException: org.apache.ratis.thirdparty.io.grpc.StatusRuntimeException: UNAVAILABLE: io exception
2021-08-12 00:25:48,890 [c2eb00da-4d4a-4ac5-8b23-45ecd8b85c7f@group-427675ACF13C-LeaderElection47] INFO  impl.LeaderElection (LogUtils.java:infoOrTrace(137)) -   Exception 1: java.util.concurrent.ExecutionException: org.apache.ratis.thirdparty.io.grpc.StatusRuntimeException: UNAVAILABLE: io exception
2021-08-12 00:25:48,890 [c2eb00da-4d4a-4ac5-8b23-45ecd8b85c7f@group-427675ACF13C-LeaderElection47] INFO  impl.LeaderElection (LeaderElection.java:askForVotes(308)) - c2eb00da-4d4a-4ac5-8b23-45ecd8b85c7f@group-427675ACF13C-LeaderElection47 ELECTION round 0: result REJECTED
2021-08-12 00:25:48,890 [c2eb00da-4d4a-4ac5-8b23-45ecd8b85c7f@group-427675ACF13C-LeaderElection47] INFO  server.RaftServer$Division (RaftServerImpl.java:setRole(285)) - c2eb00da-4d4a-4ac5-8b23-45ecd8b85c7f@group-427675ACF13C: changes role from CANDIDATE to FOLLOWER at term 4 for REJECTED
2021-08-12 00:25:48,890 [c2eb00da-4d4a-4ac5-8b23-45ecd8b85c7f@group-427675ACF13C-LeaderElection47] INFO  impl.RoleInfo (RoleInfo.java:shutdownLeaderElection(121)) - c2eb00da-4d4a-4ac5-8b23-45ecd8b85c7f: shutdown c2eb00da-4d4a-4ac5-8b23-45ecd8b85c7f@group-427675ACF13C-LeaderElection47
2021-08-12 00:25:48,890 [c2eb00da-4d4a-4ac5-8b23-45ecd8b85c7f@group-427675ACF13C-LeaderElection47] INFO  impl.RoleInfo (RoleInfo.java:updateAndGet(130)) - c2eb00da-4d4a-4ac5-8b23-45ecd8b85c7f: start c2eb00da-4d4a-4ac5-8b23-45ecd8b85c7f@group-427675ACF13C-FollowerState
2021-08-12 00:25:49,597 [ForkJoinPool.commonPool-worker-0] INFO  ozoneimpl.OzoneContainer (OzoneContainer.java:stop(326)) - Attempting to stop container services.
2021-08-12 00:25:49,601 [ForkJoinPool.commonPool-worker-0] INFO  server.RaftServer (RaftServerProxy.java:lambda$close$6(391)) - c2eb00da-4d4a-4ac5-8b23-45ecd8b85c7f: close
2021-08-12 00:25:49,601 [ForkJoinPool.commonPool-worker-0] INFO  server.RaftServer$Division (RaftServerImpl.java:lambda$close$4(407)) - c2eb00da-4d4a-4ac5-8b23-45ecd8b85c7f@group-594D4EA65469: shutdown
2021-08-12 00:25:49,601 [ForkJoinPool.commonPool-worker-0] INFO  util.JmxRegister (JmxRegister.java:unregister(73)) - Successfully un-registered JMX Bean with object name Ratis:service=RaftServer,group=group-594D4EA65469,id=c2eb00da-4d4a-4ac5-8b23-45ecd8b85c7f
2021-08-12 00:25:49,601 [ForkJoinPool.commonPool-worker-0] INFO  impl.RoleInfo (RoleInfo.java:shutdownLeaderState(91)) - c2eb00da-4d4a-4ac5-8b23-45ecd8b85c7f: shutdown c2eb00da-4d4a-4ac5-8b23-45ecd8b85c7f@group-594D4EA65469-LeaderStateImpl
2021-08-12 00:25:49,601 [ForkJoinPool.commonPool-worker-0] INFO  impl.PendingRequests (PendingRequests.java:sendNotLeaderResponses(282)) - c2eb00da-4d4a-4ac5-8b23-45ecd8b85c7f@group-594D4EA65469-PendingRequests: sendNotLeaderResponses
2021-08-12 00:25:49,602 [ForkJoinPool.commonPool-worker-0] INFO  impl.StateMachineUpdater (StateMachineUpdater.java:stopAndJoin(149)) - c2eb00da-4d4a-4ac5-8b23-45ecd8b85c7f@group-594D4EA65469-StateMachineUpdater: set stopIndex = 0
2021-08-12 00:25:49,602 [c2eb00da-4d4a-4ac5-8b23-45ecd8b85c7f@group-594D4EA65469-StateMachineUpdater] INFO  ratis.ContainerStateMachine (ContainerStateMachine.java:takeSnapshot(293)) - group-594D4EA65469: Taking a snapshot at:(t:1, i:0) file /home/runner/work/ozone/ozone/hadoop-ozone/integration-test/target/test-dir/MiniOzoneClusterImpl-a42b6446-58ec-43bb-8d59-9c3f88cf101c/datanode-1/data/ratis/6b8ada74-73ff-4031-a801-594d4ea65469/sm/snapshot.1_0
2021-08-12 00:25:49,603 [c2eb00da-4d4a-4ac5-8b23-45ecd8b85c7f@group-594D4EA65469-StateMachineUpdater] INFO  ratis.ContainerStateMachine (ContainerStateMachine.java:takeSnapshot(304)) - group-594D4EA65469: Finished taking a snapshot at:(t:1, i:0) file:/home/runner/work/ozone/ozone/hadoop-ozone/integration-test/target/test-dir/MiniOzoneClusterImpl-a42b6446-58ec-43bb-8d59-9c3f88cf101c/datanode-1/data/ratis/6b8ada74-73ff-4031-a801-594d4ea65469/sm/snapshot.1_0 took: 1 ms
2021-08-12 00:25:49,603 [c2eb00da-4d4a-4ac5-8b23-45ecd8b85c7f@group-594D4EA65469-StateMachineUpdater] INFO  impl.StateMachineUpdater (StateMachineUpdater.java:takeSnapshot(281)) - c2eb00da-4d4a-4ac5-8b23-45ecd8b85c7f@group-594D4EA65469-StateMachineUpdater: Took a snapshot at index 0
2021-08-12 00:25:49,603 [c2eb00da-4d4a-4ac5-8b23-45ecd8b85c7f@group-594D4EA65469-StateMachineUpdater] INFO  impl.StateMachineUpdater (StateMachineUpdater.java:lambda$new$0(89)) - c2eb00da-4d4a-4ac5-8b23-45ecd8b85c7f@group-594D4EA65469-StateMachineUpdater: snapshotIndex: updateIncreasingly -1 -> 0
2021-08-12 00:25:49,603 [ForkJoinPool.commonPool-worker-0] INFO  server.RaftServer$Division (ServerState.java:close(419)) - c2eb00da-4d4a-4ac5-8b23-45ecd8b85c7f@group-594D4EA65469: closes. applyIndex: 0
2021-08-12 00:25:49,603 [c2eb00da-4d4a-4ac5-8b23-45ecd8b85c7f@group-594D4EA65469-SegmentedRaftLogWorker] INFO  segmented.SegmentedRaftLogWorker (SegmentedRaftLogWorker.java:run(327)) - c2eb00da-4d4a-4ac5-8b23-45ecd8b85c7f@group-594D4EA65469-SegmentedRaftLogWorker was interrupted, exiting. There are 0 tasks remaining in the queue.
2021-08-12 00:25:49,604 [ForkJoinPool.commonPool-worker-0] INFO  segmented.SegmentedRaftLogWorker (SegmentedRaftLogWorker.java:close(237)) - c2eb00da-4d4a-4ac5-8b23-45ecd8b85c7f@group-594D4EA65469-SegmentedRaftLogWorker close()
2021-08-12 00:25:49,605 [ForkJoinPool.commonPool-worker-0] INFO  server.RaftServer$Division (RaftServerImpl.java:lambda$close$4(407)) - c2eb00da-4d4a-4ac5-8b23-45ecd8b85c7f@group-427675ACF13C: shutdown
2021-08-12 00:25:49,605 [ForkJoinPool.commonPool-worker-0] INFO  util.JmxRegister (JmxRegister.java:unregister(73)) - Successfully un-registered JMX Bean with object name Ratis:service=RaftServer,group=group-427675ACF13C,id=c2eb00da-4d4a-4ac5-8b23-45ecd8b85c7f
2021-08-12 00:25:49,605 [ForkJoinPool.commonPool-worker-0] INFO  impl.RoleInfo (RoleInfo.java:shutdownFollowerState(108)) - c2eb00da-4d4a-4ac5-8b23-45ecd8b85c7f: shutdown c2eb00da-4d4a-4ac5-8b23-45ecd8b85c7f@group-427675ACF13C-FollowerState
2021-08-12 00:25:49,605 [c2eb00da-4d4a-4ac5-8b23-45ecd8b85c7f@group-427675ACF13C-FollowerState] INFO  impl.FollowerState (FollowerState.java:run(143)) - c2eb00da-4d4a-4ac5-8b23-45ecd8b85c7f@group-427675ACF13C-FollowerState was interrupted: {}
java.lang.InterruptedException: sleep interrupted
	at java.lang.Thread.sleep(Native Method)
	at java.lang.Thread.sleep(Thread.java:340)
	at java.util.concurrent.TimeUnit.sleep(TimeUnit.java:386)
	at org.apache.ratis.util.TimeDuration.sleep(TimeDuration.java:324)
	at org.apache.ratis.util.TimeDuration.sleep(TimeDuration.java:309)
	at org.apache.ratis.server.impl.FollowerState.run(FollowerState.java:118)
2021-08-12 00:25:49,612 [c2eb00da-4d4a-4ac5-8b23-45ecd8b85c7f@group-427675ACF13C-StateMachineUpdater] INFO  ratis.ContainerStateMachine (ContainerStateMachine.java:takeSnapshot(293)) - group-427675ACF13C: Taking a snapshot at:(t:3, i:2) file /home/runner/work/ozone/ozone/hadoop-ozone/integration-test/target/test-dir/MiniOzoneClusterImpl-a42b6446-58ec-43bb-8d59-9c3f88cf101c/datanode-1/data/ratis/fbb95fc7-d228-40f1-b0e7-427675acf13c/sm/snapshot.3_2
2021-08-12 00:25:49,613 [Listener at 127.0.0.1/46733] INFO  ozoneimpl.OzoneContainer (OzoneContainer.java:stop(326)) - Attempting to stop container services.
2021-08-12 00:25:49,614 [c2eb00da-4d4a-4ac5-8b23-45ecd8b85c7f@group-427675ACF13C-StateMachineUpdater] INFO  ratis.ContainerStateMachine (ContainerStateMachine.java:takeSnapshot(304)) - group-427675ACF13C: Finished taking a snapshot at:(t:3, i:2) file:/home/runner/work/ozone/ozone/hadoop-ozone/integration-test/target/test-dir/MiniOzoneClusterImpl-a42b6446-58ec-43bb-8d59-9c3f88cf101c/datanode-1/data/ratis/fbb95fc7-d228-40f1-b0e7-427675acf13c/sm/snapshot.3_2 took: 2 ms
2021-08-12 00:25:49,614 [c2eb00da-4d4a-4ac5-8b23-45ecd8b85c7f@group-427675ACF13C-StateMachineUpdater] INFO  impl.StateMachineUpdater (StateMachineUpdater.java:takeSnapshot(281)) - c2eb00da-4d4a-4ac5-8b23-45ecd8b85c7f@group-427675ACF13C-StateMachineUpdater: Took a snapshot at index 2
2021-08-12 00:25:49,614 [c2eb00da-4d4a-4ac5-8b23-45ecd8b85c7f@group-427675ACF13C-StateMachineUpdater] INFO  impl.StateMachineUpdater (StateMachineUpdater.java:lambda$new$0(89)) - c2eb00da-4d4a-4ac5-8b23-45ecd8b85c7f@group-427675ACF13C-StateMachineUpdater: snapshotIndex: updateIncreasingly -1 -> 2
2021-08-12 00:25:49,614 [ForkJoinPool.commonPool-worker-0] INFO  impl.StateMachineUpdater (StateMachineUpdater.java:stopAndJoin(149)) - c2eb00da-4d4a-4ac5-8b23-45ecd8b85c7f@group-427675ACF13C-StateMachineUpdater: set stopIndex = 2
2021-08-12 00:25:49,614 [ForkJoinPool.commonPool-worker-0] INFO  server.RaftServer$Division (ServerState.java:close(419)) - c2eb00da-4d4a-4ac5-8b23-45ecd8b85c7f@group-427675ACF13C: closes. applyIndex: 2
2021-08-12 00:25:49,614 [c2eb00da-4d4a-4ac5-8b23-45ecd8b85c7f@group-427675ACF13C-SegmentedRaftLogWorker] INFO  segmented.SegmentedRaftLogWorker (SegmentedRaftLogWorker.java:run(327)) - c2eb00da-4d4a-4ac5-8b23-45ecd8b85c7f@group-427675ACF13C-SegmentedRaftLogWorker was interrupted, exiting. There are 0 tasks remaining in the queue.
2021-08-12 00:25:49,615 [ForkJoinPool.commonPool-worker-0] INFO  segmented.SegmentedRaftLogWorker (SegmentedRaftLogWorker.java:close(237)) - c2eb00da-4d4a-4ac5-8b23-45ecd8b85c7f@group-427675ACF13C-SegmentedRaftLogWorker close()
2021-08-12 00:25:49,615 [ForkJoinPool.commonPool-worker-0] INFO  server.GrpcService (GrpcService.java:closeImpl(262)) - c2eb00da-4d4a-4ac5-8b23-45ecd8b85c7f: shutdown server with port 41045 now
2021-08-12 00:25:49,616 [Listener at 127.0.0.1/46733] INFO  server.RaftServer (RaftServerProxy.java:lambda$close$6(391)) - 4f85e207-6f47-4e3d-8d8e-53c973d1ad4f: close
2021-08-12 00:25:49,617 [Listener at 127.0.0.1/46733] INFO  server.RaftServer$Division (RaftServerImpl.java:lambda$close$4(407)) - 4f85e207-6f47-4e3d-8d8e-53c973d1ad4f@group-704C644304A3: shutdown
2021-08-12 00:25:49,617 [Listener at 127.0.0.1/46733] INFO  util.JmxRegister (JmxRegister.java:unregister(73)) - Successfully un-registered JMX Bean with object name Ratis:service=RaftServer,group=group-704C644304A3,id=4f85e207-6f47-4e3d-8d8e-53c973d1ad4f
2021-08-12 00:25:49,617 [Listener at 127.0.0.1/46733] INFO  impl.RoleInfo (RoleInfo.java:shutdownFollowerState(108)) - 4f85e207-6f47-4e3d-8d8e-53c973d1ad4f: shutdown 4f85e207-6f47-4e3d-8d8e-53c973d1ad4f@group-704C644304A3-FollowerState
2021-08-12 00:25:49,617 [Listener at 127.0.0.1/46733] INFO  impl.StateMachineUpdater (StateMachineUpdater.java:stopAndJoin(149)) - 4f85e207-6f47-4e3d-8d8e-53c973d1ad4f@group-704C644304A3-StateMachineUpdater: set stopIndex = 0
2021-08-12 00:25:49,617 [4f85e207-6f47-4e3d-8d8e-53c973d1ad4f@group-704C644304A3-FollowerState] INFO  impl.FollowerState (FollowerState.java:run(143)) - 4f85e207-6f47-4e3d-8d8e-53c973d1ad4f@group-704C644304A3-FollowerState was interrupted: {}
java.lang.InterruptedException: sleep interrupted
	at java.lang.Thread.sleep(Native Method)
	at java.lang.Thread.sleep(Thread.java:340)
	at java.util.concurrent.TimeUnit.sleep(TimeUnit.java:386)
	at org.apache.ratis.util.TimeDuration.sleep(TimeDuration.java:324)
	at org.apache.ratis.util.TimeDuration.sleep(TimeDuration.java:309)
	at org.apache.ratis.server.impl.FollowerState.run(FollowerState.java:118)
2021-08-12 00:25:49,618 [4f85e207-6f47-4e3d-8d8e-53c973d1ad4f@group-704C644304A3-StateMachineUpdater] INFO  ratis.ContainerStateMachine (ContainerStateMachine.java:takeSnapshot(293)) - group-704C644304A3: Taking a snapshot at:(t:1, i:0) file /home/runner/work/ozone/ozone/hadoop-ozone/integration-test/target/test-dir/MiniOzoneClusterImpl-a42b6446-58ec-43bb-8d59-9c3f88cf101c/datanode-8/data/ratis/16c28a69-4c10-4b94-8ad6-704c644304a3/sm/snapshot.1_0
2021-08-12 00:25:49,618 [4f85e207-6f47-4e3d-8d8e-53c973d1ad4f@group-704C644304A3-StateMachineUpdater] INFO  ratis.ContainerStateMachine (ContainerStateMachine.java:takeSnapshot(304)) - group-704C644304A3: Finished taking a snapshot at:(t:1, i:0) file:/home/runner/work/ozone/ozone/hadoop-ozone/integration-test/target/test-dir/MiniOzoneClusterImpl-a42b6446-58ec-43bb-8d59-9c3f88cf101c/datanode-8/data/ratis/16c28a69-4c10-4b94-8ad6-704c644304a3/sm/snapshot.1_0 took: 0 ms
2021-08-12 00:25:49,618 [4f85e207-6f47-4e3d-8d8e-53c973d1ad4f@group-704C644304A3-StateMachineUpdater] INFO  impl.StateMachineUpdater (StateMachineUpdater.java:takeSnapshot(281)) - 4f85e207-6f47-4e3d-8d8e-53c973d1ad4f@group-704C644304A3-StateMachineUpdater: Took a snapshot at index 0
2021-08-12 00:25:49,618 [4f85e207-6f47-4e3d-8d8e-53c973d1ad4f@group-704C644304A3-StateMachineUpdater] INFO  impl.StateMachineUpdater (StateMachineUpdater.java:lambda$new$0(89)) - 4f85e207-6f47-4e3d-8d8e-53c973d1ad4f@group-704C644304A3-StateMachineUpdater: snapshotIndex: updateIncreasingly -1 -> 0
2021-08-12 00:25:49,623 [Listener at 127.0.0.1/46733] INFO  server.RaftServer$Division (ServerState.java:close(419)) - 4f85e207-6f47-4e3d-8d8e-53c973d1ad4f@group-704C644304A3: closes. applyIndex: 0
2021-08-12 00:25:49,624 [4f85e207-6f47-4e3d-8d8e-53c973d1ad4f@group-704C644304A3-SegmentedRaftLogWorker] INFO  segmented.SegmentedRaftLogWorker (SegmentedRaftLogWorker.java:run(327)) - 4f85e207-6f47-4e3d-8d8e-53c973d1ad4f@group-704C644304A3-SegmentedRaftLogWorker was interrupted, exiting. There are 0 tasks remaining in the queue.
2021-08-12 00:25:49,624 [Listener at 127.0.0.1/46733] INFO  segmented.SegmentedRaftLogWorker (SegmentedRaftLogWorker.java:close(237)) - 4f85e207-6f47-4e3d-8d8e-53c973d1ad4f@group-704C644304A3-SegmentedRaftLogWorker close()
2021-08-12 00:25:49,624 [Listener at 127.0.0.1/46733] INFO  server.RaftServer$Division (RaftServerImpl.java:lambda$close$4(407)) - 4f85e207-6f47-4e3d-8d8e-53c973d1ad4f@group-4E07336F3F7B: shutdown
2021-08-12 00:25:49,625 [Listener at 127.0.0.1/46733] INFO  util.JmxRegister (JmxRegister.java:unregister(73)) - Successfully un-registered JMX Bean with object name Ratis:service=RaftServer,group=group-4E07336F3F7B,id=4f85e207-6f47-4e3d-8d8e-53c973d1ad4f
2021-08-12 00:25:49,625 [Listener at 127.0.0.1/46733] INFO  impl.RoleInfo (RoleInfo.java:shutdownLeaderState(91)) - 4f85e207-6f47-4e3d-8d8e-53c973d1ad4f: shutdown 4f85e207-6f47-4e3d-8d8e-53c973d1ad4f@group-4E07336F3F7B-LeaderStateImpl
2021-08-12 00:25:49,625 [Listener at 127.0.0.1/46733] INFO  impl.PendingRequests (PendingRequests.java:sendNotLeaderResponses(282)) - 4f85e207-6f47-4e3d-8d8e-53c973d1ad4f@group-4E07336F3F7B-PendingRequests: sendNotLeaderResponses
2021-08-12 00:25:49,626 [Listener at 127.0.0.1/46733] INFO  impl.StateMachineUpdater (StateMachineUpdater.java:stopAndJoin(149)) - 4f85e207-6f47-4e3d-8d8e-53c973d1ad4f@group-4E07336F3F7B-StateMachineUpdater: set stopIndex = 0
2021-08-12 00:25:49,627 [4f85e207-6f47-4e3d-8d8e-53c973d1ad4f@group-4E07336F3F7B-StateMachineUpdater] INFO  ratis.ContainerStateMachine (ContainerStateMachine.java:takeSnapshot(293)) - group-4E07336F3F7B: Taking a snapshot at:(t:1, i:0) file /home/runner/work/ozone/ozone/hadoop-ozone/integration-test/target/test-dir/MiniOzoneClusterImpl-a42b6446-58ec-43bb-8d59-9c3f88cf101c/datanode-8/data/ratis/c3f55f14-d222-4b59-81e4-4e07336f3f7b/sm/snapshot.1_0
2021-08-12 00:25:49,622 [grpc-default-executor-2] WARN  client.GrpcClientProtocolService (LogUtils.java:warn(122)) - 0-OrderedRequestStreamObserver0: onError: org.apache.ratis.thirdparty.io.grpc.StatusRuntimeException: CANCELLED: client cancelled
2021-08-12 00:25:49,629 [ForkJoinPool.commonPool-worker-0] INFO  server.GrpcService (GrpcService.java:closeImpl(271)) - c2eb00da-4d4a-4ac5-8b23-45ecd8b85c7f: shutdown server with port 41045 successfully
2021-08-12 00:25:49,630 [org.apache.ratis.util.JvmPauseMonitor$$Lambda$531/2042374570@24d57552] INFO  util.JvmPauseMonitor (JvmPauseMonitor.java:run(109)) - JvmPauseMonitor-c2eb00da-4d4a-4ac5-8b23-45ecd8b85c7f: Stopped
2021-08-12 00:25:49,630 [4f85e207-6f47-4e3d-8d8e-53c973d1ad4f@group-4E07336F3F7B-StateMachineUpdater] INFO  ratis.ContainerStateMachine (ContainerStateMachine.java:takeSnapshot(304)) - group-4E07336F3F7B: Finished taking a snapshot at:(t:1, i:0) file:/home/runner/work/ozone/ozone/hadoop-ozone/integration-test/target/test-dir/MiniOzoneClusterImpl-a42b6446-58ec-43bb-8d59-9c3f88cf101c/datanode-8/data/ratis/c3f55f14-d222-4b59-81e4-4e07336f3f7b/sm/snapshot.1_0 took: 3 ms
2021-08-12 00:25:49,631 [4f85e207-6f47-4e3d-8d8e-53c973d1ad4f@group-4E07336F3F7B-StateMachineUpdater] INFO  impl.StateMachineUpdater (StateMachineUpdater.java:takeSnapshot(281)) - 4f85e207-6f47-4e3d-8d8e-53c973d1ad4f@group-4E07336F3F7B-StateMachineUpdater: Took a snapshot at index 0
2021-08-12 00:25:49,631 [4f85e207-6f47-4e3d-8d8e-53c973d1ad4f@group-4E07336F3F7B-StateMachineUpdater] INFO  impl.StateMachineUpdater (StateMachineUpdater.java:lambda$new$0(89)) - 4f85e207-6f47-4e3d-8d8e-53c973d1ad4f@group-4E07336F3F7B-StateMachineUpdater: snapshotIndex: updateIncreasingly -1 -> 0
2021-08-12 00:25:49,631 [Listener at 127.0.0.1/46733] INFO  server.RaftServer$Division (ServerState.java:close(419)) - 4f85e207-6f47-4e3d-8d8e-53c973d1ad4f@group-4E07336F3F7B: closes. applyIndex: 0
2021-08-12 00:25:49,639 [ForkJoinPool.commonPool-worker-0] INFO  utils.BackgroundService (BackgroundService.java:shutdown(132)) - Shutting down service BlockDeletingService
2021-08-12 00:25:49,660 [4f85e207-6f47-4e3d-8d8e-53c973d1ad4f@group-4E07336F3F7B-SegmentedRaftLogWorker] INFO  segmented.SegmentedRaftLogWorker (SegmentedRaftLogWorker.java:run(327)) - 4f85e207-6f47-4e3d-8d8e-53c973d1ad4f@group-4E07336F3F7B-SegmentedRaftLogWorker was interrupted, exiting. There are 0 tasks remaining in the queue.
2021-08-12 00:25:49,661 [Listener at 127.0.0.1/46733] INFO  segmented.SegmentedRaftLogWorker (SegmentedRaftLogWorker.java:close(237)) - 4f85e207-6f47-4e3d-8d8e-53c973d1ad4f@group-4E07336F3F7B-SegmentedRaftLogWorker close()
2021-08-12 00:25:49,662 [Listener at 127.0.0.1/46733] INFO  server.GrpcService (GrpcService.java:closeImpl(262)) - 4f85e207-6f47-4e3d-8d8e-53c973d1ad4f: shutdown server with port 43657 now
2021-08-12 00:25:49,662 [grpc-default-executor-0] WARN  server.GrpcServerProtocolService (LogUtils.java:warn(122)) - 4f85e207-6f47-4e3d-8d8e-53c973d1ad4f: installSnapshot onError, lastRequest: 87d3608b-f9fd-4b10-ba0a-a0d8569acffd->4f85e207-6f47-4e3d-8d8e-53c973d1ad4f#1-t1,previous=(t:0, i:0),leaderCommit=-1,initializing? true,entries: size=1, first=(t:1, i:0), CONFIGURATIONENTRY: org.apache.ratis.thirdparty.io.grpc.StatusRuntimeException: CANCELLED: client cancelled
2021-08-12 00:25:49,663 [Listener at 127.0.0.1/46733] INFO  server.GrpcService (GrpcService.java:closeImpl(271)) - 4f85e207-6f47-4e3d-8d8e-53c973d1ad4f: shutdown server with port 43657 successfully
2021-08-12 00:25:49,665 [EventQueue-StaleNodeForStaleNodeHandler] INFO  node.StaleNodeHandler (StaleNodeHandler.java:onMessage(58)) - Datanode b53c0c0f-3814-44ae-9b6f-5cd1e5f5cab0{ip: 10.1.0.56, host: fv-az50-214.grzltbmokehuzjyc5b133kdqgh.cx.internal.cloudapp.net, ports: [REPLICATION=42837, RATIS=35731, RATIS_ADMIN=35731, RATIS_SERVER=35731, STANDALONE=40969], networkLocation: /default-rack, certSerialId: null, persistedOpState: IN_SERVICE, persistedOpStateExpiryEpochSec: 0} moved to stale state. Finalizing its pipelines [PipelineID=53010660-58c2-494e-859d-ccdfcdb58ffe, PipelineID=108e8f3c-f357-4743-a252-4938641401e1]
2021-08-12 00:25:49,668 [EventQueue-StaleNodeForStaleNodeHandler] INFO  pipeline.PipelineManagerImpl (PipelineManagerImpl.java:closePipeline(343)) - Pipeline Pipeline[ Id: 53010660-58c2-494e-859d-ccdfcdb58ffe, Nodes: b53c0c0f-3814-44ae-9b6f-5cd1e5f5cab0{ip: 10.1.0.56, host: fv-az50-214.grzltbmokehuzjyc5b133kdqgh.cx.internal.cloudapp.net, ports: [REPLICATION=42837, RATIS=35731, RATIS_ADMIN=35731, RATIS_SERVER=35731, STANDALONE=40969], networkLocation: /default-rack, certSerialId: null, persistedOpState: IN_SERVICE, persistedOpStateExpiryEpochSec: 0}, ReplicationConfig: RATIS/ONE, State:OPEN, leaderId:b53c0c0f-3814-44ae-9b6f-5cd1e5f5cab0, CreationTimestamp2021-08-12T00:25:01.670Z[Etc/UTC]] moved to CLOSED state
2021-08-12 00:25:49,668 [EventQueue-StaleNodeForStaleNodeHandler] INFO  pipeline.PipelineManagerImpl (PipelineManagerImpl.java:closePipeline(343)) - Pipeline Pipeline[ Id: 108e8f3c-f357-4743-a252-4938641401e1, Nodes: aa96c139-029c-4c26-b56b-b3e0db2a81f3{ip: 10.1.0.56, host: fv-az50-214.grzltbmokehuzjyc5b133kdqgh.cx.internal.cloudapp.net, ports: [REPLICATION=46479, RATIS=42793, RATIS_ADMIN=42793, RATIS_SERVER=42793, STANDALONE=42847], networkLocation: /default-rack, certSerialId: null, persistedOpState: IN_SERVICE, persistedOpStateExpiryEpochSec: 0}b53c0c0f-3814-44ae-9b6f-5cd1e5f5cab0{ip: 10.1.0.56, host: fv-az50-214.grzltbmokehuzjyc5b133kdqgh.cx.internal.cloudapp.net, ports: [REPLICATION=42837, RATIS=35731, RATIS_ADMIN=35731, RATIS_SERVER=35731, STANDALONE=40969], networkLocation: /default-rack, certSerialId: null, persistedOpState: IN_SERVICE, persistedOpStateExpiryEpochSec: 0}a86274cb-40c2-4f1a-b613-7c28a9d8bee7{ip: 10.1.0.56, host: fv-az50-214.grzltbmokehuzjyc5b133kdqgh.cx.internal.cloudapp.net, ports: [REPLICATION=40705, RATIS=37903, RATIS_ADMIN=37903, RATIS_SERVER=37903, STANDALONE=33247], networkLocation: /default-rack, certSerialId: null, persistedOpState: IN_SERVICE, persistedOpStateExpiryEpochSec: 0}, ReplicationConfig: RATIS/THREE, State:OPEN, leaderId:b53c0c0f-3814-44ae-9b6f-5cd1e5f5cab0, CreationTimestamp2021-08-12T00:25:02.175Z[Etc/UTC]] moved to CLOSED state
2021-08-12 00:25:49,668 [EventQueue-StaleNodeForStaleNodeHandler] INFO  node.StaleNodeHandler (StaleNodeHandler.java:onMessage(58)) - Datanode ef23a805-c360-46f9-a5ff-61453c052e9c{ip: 10.1.0.56, host: fv-az50-214.grzltbmokehuzjyc5b133kdqgh.cx.internal.cloudapp.net, ports: [REPLICATION=37223, RATIS=45291, RATIS_ADMIN=45291, RATIS_SERVER=45291, STANDALONE=37595], networkLocation: /default-rack, certSerialId: null, persistedOpState: IN_SERVICE, persistedOpStateExpiryEpochSec: 0} moved to stale state. Finalizing its pipelines [PipelineID=1eb0b2fb-7b9b-4778-a3da-bf10a166f694, PipelineID=fbb95fc7-d228-40f1-b0e7-427675acf13c]
2021-08-12 00:25:49,668 [EventQueue-StaleNodeForStaleNodeHandler] INFO  pipeline.PipelineManagerImpl (PipelineManagerImpl.java:closePipeline(343)) - Pipeline Pipeline[ Id: 1eb0b2fb-7b9b-4778-a3da-bf10a166f694, Nodes: ef23a805-c360-46f9-a5ff-61453c052e9c{ip: 10.1.0.56, host: fv-az50-214.grzltbmokehuzjyc5b133kdqgh.cx.internal.cloudapp.net, ports: [REPLICATION=37223, RATIS=45291, RATIS_ADMIN=45291, RATIS_SERVER=45291, STANDALONE=37595], networkLocation: /default-rack, certSerialId: null, persistedOpState: IN_SERVICE, persistedOpStateExpiryEpochSec: 0}, ReplicationConfig: RATIS/ONE, State:OPEN, leaderId:ef23a805-c360-46f9-a5ff-61453c052e9c, CreationTimestamp2021-08-12T00:25:00.397Z[Etc/UTC]] moved to CLOSED state
2021-08-12 00:25:49,669 [EventQueue-StaleNodeForStaleNodeHandler] INFO  pipeline.PipelineManagerImpl (PipelineManagerImpl.java:closePipeline(343)) - Pipeline Pipeline[ Id: fbb95fc7-d228-40f1-b0e7-427675acf13c, Nodes: c2eb00da-4d4a-4ac5-8b23-45ecd8b85c7f{ip: 10.1.0.56, host: fv-az50-214.grzltbmokehuzjyc5b133kdqgh.cx.internal.cloudapp.net, ports: [REPLICATION=34579, RATIS=41045, RATIS_ADMIN=41045, RATIS_SERVER=41045, STANDALONE=33705], networkLocation: /default-rack, certSerialId: null, persistedOpState: IN_SERVICE, persistedOpStateExpiryEpochSec: 0}5b202ae5-680d-43fe-be69-63ca12314317{ip: 10.1.0.56, host: fv-az50-214.grzltbmokehuzjyc5b133kdqgh.cx.internal.cloudapp.net, ports: [REPLICATION=36277, RATIS=39647, RATIS_ADMIN=39647, RATIS_SERVER=39647, STANDALONE=39917], networkLocation: /default-rack, certSerialId: null, persistedOpState: IN_SERVICE, persistedOpStateExpiryEpochSec: 0}ef23a805-c360-46f9-a5ff-61453c052e9c{ip: 10.1.0.56, host: fv-az50-214.grzltbmokehuzjyc5b133kdqgh.cx.internal.cloudapp.net, ports: [REPLICATION=37223, RATIS=45291, RATIS_ADMIN=45291, RATIS_SERVER=45291, STANDALONE=37595], networkLocation: /default-rack, certSerialId: null, persistedOpState: IN_SERVICE, persistedOpStateExpiryEpochSec: 0}, ReplicationConfig: RATIS/THREE, State:OPEN, leaderId:5b202ae5-680d-43fe-be69-63ca12314317, CreationTimestamp2021-08-12T00:25:00.398Z[Etc/UTC]] moved to CLOSED state
2021-08-12 00:25:49,669 [EventQueue-CloseContainerForCloseContainerEventHandler] INFO  container.CloseContainerEventHandler (CloseContainerEventHandler.java:onMessage(69)) - Close container Event triggered for container : #1
2021-08-12 00:25:49,689 [org.apache.ratis.util.JvmPauseMonitor$$Lambda$531/2042374570@7d7133ec] INFO  util.JvmPauseMonitor (JvmPauseMonitor.java:run(109)) - JvmPauseMonitor-4f85e207-6f47-4e3d-8d8e-53c973d1ad4f: Stopped
2021-08-12 00:25:49,691 [grpc-default-executor-2] WARN  server.GrpcLogAppender (LogUtils.java:warn(122)) - 87d3608b-f9fd-4b10-ba0a-a0d8569acffd@group-704C644304A3->4f85e207-6f47-4e3d-8d8e-53c973d1ad4f-AppendLogResponseHandler: Failed appendEntries: org.apache.ratis.thirdparty.io.grpc.StatusRuntimeException: CANCELLED: HTTP/2 error code: CANCEL
Received Rst Stream
2021-08-12 00:25:49,693 [Listener at 127.0.0.1/46733] INFO  utils.BackgroundService (BackgroundService.java:shutdown(132)) - Shutting down service BlockDeletingService
2021-08-12 00:25:49,709 [grpc-default-executor-2] WARN  server.GrpcLogAppender (GrpcLogAppender.java:resetClient(111)) - 87d3608b-f9fd-4b10-ba0a-a0d8569acffd@group-704C644304A3->4f85e207-6f47-4e3d-8d8e-53c973d1ad4f-GrpcLogAppender: Leader has not got in touch with Follower 87d3608b-f9fd-4b10-ba0a-a0d8569acffd@group-704C644304A3->4f85e207-6f47-4e3d-8d8e-53c973d1ad4f(c0,m0,n1, attendVote=true, lastRpcSendTime=840, lastRpcResponseTime=830) yet, just keep nextIndex unchanged and retry.
2021-08-12 00:25:51,274 [grpc-default-executor-2] WARN  server.GrpcLogAppender (LogUtils.java:warn(122)) - 87d3608b-f9fd-4b10-ba0a-a0d8569acffd@group-704C644304A3->bcde775b-c238-4412-9eeb-a88c910f700f-AppendLogResponseHandler: Failed appendEntries: org.apache.ratis.thirdparty.io.grpc.StatusRuntimeException: UNAVAILABLE: io exception
2021-08-12 00:25:51,275 [grpc-default-executor-2] WARN  server.GrpcLogAppender (GrpcLogAppender.java:resetClient(111)) - 87d3608b-f9fd-4b10-ba0a-a0d8569acffd@group-704C644304A3->bcde775b-c238-4412-9eeb-a88c910f700f-GrpcLogAppender: Leader has not got in touch with Follower 87d3608b-f9fd-4b10-ba0a-a0d8569acffd@group-704C644304A3->bcde775b-c238-4412-9eeb-a88c910f700f(c0,m0,n1, attendVote=true, lastRpcSendTime=2, lastRpcResponseTime=10024) yet, just keep nextIndex unchanged and retry.
2021-08-12 00:25:51,413 [grpc-default-executor-0] WARN  server.GrpcLogAppender (LogUtils.java:warn(122)) - 87d3608b-f9fd-4b10-ba0a-a0d8569acffd@group-704C644304A3->4f85e207-6f47-4e3d-8d8e-53c973d1ad4f-AppendLogResponseHandler: Failed appendEntries: org.apache.ratis.thirdparty.io.grpc.StatusRuntimeException: UNAVAILABLE: io exception
2021-08-12 00:25:51,414 [grpc-default-executor-0] WARN  server.GrpcLogAppender (GrpcLogAppender.java:resetClient(111)) - 87d3608b-f9fd-4b10-ba0a-a0d8569acffd@group-704C644304A3->4f85e207-6f47-4e3d-8d8e-53c973d1ad4f-GrpcLogAppender: Leader has not got in touch with Follower 87d3608b-f9fd-4b10-ba0a-a0d8569acffd@group-704C644304A3->4f85e207-6f47-4e3d-8d8e-53c973d1ad4f(c0,m0,n1, attendVote=true, lastRpcSendTime=9, lastRpcResponseTime=2534) yet, just keep nextIndex unchanged and retry.
2021-08-12 00:25:52,654 [ForkJoinPool.commonPool-worker-0] INFO  statemachine.DatanodeStateMachine (DatanodeStateMachine.java:stopDaemon(515)) - Ozone container server stopped.
2021-08-12 00:25:52,664 [ForkJoinPool.commonPool-worker-0] INFO  handler.ContextHandler (ContextHandler.java:doStop(1153)) - Stopped o.e.j.w.WebAppContext@44807113{hddsDatanode,/,null,STOPPED}{jar:file:/home/runner/.m2/repository/org/apache/ozone/hdds-container-service/1.2.0-SNAPSHOT/hdds-container-service-1.2.0-SNAPSHOT.jar!/webapps/hddsDatanode}
2021-08-12 00:25:52,669 [ForkJoinPool.commonPool-worker-0] INFO  server.AbstractConnector (AbstractConnector.java:doStop(381)) - Stopped ServerConnector@24300ae1{HTTP/1.1, (http/1.1)}{0.0.0.0:0}
2021-08-12 00:25:52,669 [ForkJoinPool.commonPool-worker-0] INFO  server.session (HouseKeeper.java:stopScavenging(149)) - node0 Stopped scavenging
2021-08-12 00:25:52,690 [ForkJoinPool.commonPool-worker-0] INFO  handler.ContextHandler (ContextHandler.java:doStop(1153)) - Stopped o.e.j.s.ServletContextHandler@ff28a30{static,/static,jar:file:/home/runner/.m2/repository/org/apache/ozone/hdds-container-service/1.2.0-SNAPSHOT/hdds-container-service-1.2.0-SNAPSHOT.jar!/webapps/static,STOPPED}
2021-08-12 00:25:52,690 [ForkJoinPool.commonPool-worker-0] INFO  handler.ContextHandler (ContextHandler.java:doStop(1153)) - Stopped o.e.j.s.ServletContextHandler@1084b6f7{logs,/logs,file:///home/runner/work/ozone/ozone/hadoop-ozone/integration-test/target/log,STOPPED}
2021-08-12 00:25:52,709 [Listener at 127.0.0.1/46733] INFO  statemachine.DatanodeStateMachine (DatanodeStateMachine.java:stopDaemon(515)) - Ozone container server stopped.
2021-08-12 00:25:52,709 [Listener at 127.0.0.1/46733] INFO  handler.ContextHandler (ContextHandler.java:doStop(1153)) - Stopped o.e.j.w.WebAppContext@6518c2a0{hddsDatanode,/,null,STOPPED}{jar:file:/home/runner/.m2/repository/org/apache/ozone/hdds-container-service/1.2.0-SNAPSHOT/hdds-container-service-1.2.0-SNAPSHOT.jar!/webapps/hddsDatanode}
2021-08-12 00:25:52,710 [Listener at 127.0.0.1/46733] INFO  server.AbstractConnector (AbstractConnector.java:doStop(381)) - Stopped ServerConnector@541d4e7f{HTTP/1.1, (http/1.1)}{0.0.0.0:0}
2021-08-12 00:25:52,710 [Listener at 127.0.0.1/46733] INFO  server.session (HouseKeeper.java:stopScavenging(149)) - node0 Stopped scavenging
2021-08-12 00:25:52,710 [Listener at 127.0.0.1/46733] INFO  handler.ContextHandler (ContextHandler.java:doStop(1153)) - Stopped o.e.j.s.ServletContextHandler@28c14224{static,/static,jar:file:/home/runner/.m2/repository/org/apache/ozone/hdds-container-service/1.2.0-SNAPSHOT/hdds-container-service-1.2.0-SNAPSHOT.jar!/webapps/static,STOPPED}
2021-08-12 00:25:52,711 [Listener at 127.0.0.1/46733] INFO  handler.ContextHandler (ContextHandler.java:doStop(1153)) - Stopped o.e.j.s.ServletContextHandler@bc21b3f{logs,/logs,file:///home/runner/work/ozone/ozone/hadoop-ozone/integration-test/target/log,STOPPED}
2021-08-12 00:25:53,112 [Datanode State Machine Thread - 0] INFO  statemachine.DatanodeStateMachine (DatanodeStateMachine.java:lambda$startDaemon$0(457)) - Ozone container server started.
2021-08-12 00:25:53,796 [grpc-default-executor-0] WARN  server.GrpcLogAppender (LogUtils.java:warn(122)) - 87d3608b-f9fd-4b10-ba0a-a0d8569acffd@group-704C644304A3->bcde775b-c238-4412-9eeb-a88c910f700f-AppendLogResponseHandler: Failed appendEntries: org.apache.ratis.thirdparty.io.grpc.StatusRuntimeException: UNAVAILABLE: io exception
2021-08-12 00:25:53,797 [grpc-default-executor-0] WARN  server.GrpcLogAppender (GrpcLogAppender.java:resetClient(111)) - 87d3608b-f9fd-4b10-ba0a-a0d8569acffd@group-704C644304A3->bcde775b-c238-4412-9eeb-a88c910f700f-GrpcLogAppender: Leader has not got in touch with Follower 87d3608b-f9fd-4b10-ba0a-a0d8569acffd@group-704C644304A3->bcde775b-c238-4412-9eeb-a88c910f700f(c0,m0,n1, attendVote=true, lastRpcSendTime=4, lastRpcResponseTime=12546) yet, just keep nextIndex unchanged and retry.
2021-08-12 00:25:53,905 [grpc-default-executor-0] WARN  server.GrpcLogAppender (LogUtils.java:warn(122)) - 87d3608b-f9fd-4b10-ba0a-a0d8569acffd@group-704C644304A3->4f85e207-6f47-4e3d-8d8e-53c973d1ad4f-AppendLogResponseHandler: Failed appendEntries: org.apache.ratis.thirdparty.io.grpc.StatusRuntimeException: UNAVAILABLE: io exception
2021-08-12 00:25:53,906 [grpc-default-executor-0] WARN  server.GrpcLogAppender (GrpcLogAppender.java:resetClient(111)) - 87d3608b-f9fd-4b10-ba0a-a0d8569acffd@group-704C644304A3->4f85e207-6f47-4e3d-8d8e-53c973d1ad4f-GrpcLogAppender: Leader has not got in touch with Follower 87d3608b-f9fd-4b10-ba0a-a0d8569acffd@group-704C644304A3->4f85e207-6f47-4e3d-8d8e-53c973d1ad4f(c0,m0,n1, attendVote=true, lastRpcSendTime=2501, lastRpcResponseTime=5026) yet, just keep nextIndex unchanged and retry.
2021-08-12 00:25:56,308 [grpc-default-executor-0] WARN  server.GrpcLogAppender (LogUtils.java:warn(122)) - 87d3608b-f9fd-4b10-ba0a-a0d8569acffd@group-704C644304A3->bcde775b-c238-4412-9eeb-a88c910f700f-AppendLogResponseHandler: Failed appendEntries: org.apache.ratis.thirdparty.io.grpc.StatusRuntimeException: UNAVAILABLE: io exception
2021-08-12 00:25:56,309 [grpc-default-executor-0] WARN  server.GrpcLogAppender (GrpcLogAppender.java:resetClient(111)) - 87d3608b-f9fd-4b10-ba0a-a0d8569acffd@group-704C644304A3->bcde775b-c238-4412-9eeb-a88c910f700f-GrpcLogAppender: Leader has not got in touch with Follower 87d3608b-f9fd-4b10-ba0a-a0d8569acffd@group-704C644304A3->bcde775b-c238-4412-9eeb-a88c910f700f(c0,m0,n1, attendVote=true, lastRpcSendTime=4, lastRpcResponseTime=15058) yet, just keep nextIndex unchanged and retry.
2021-08-12 00:25:56,423 [grpc-default-executor-0] WARN  server.GrpcLogAppender (LogUtils.java:warn(122)) - 87d3608b-f9fd-4b10-ba0a-a0d8569acffd@group-704C644304A3->4f85e207-6f47-4e3d-8d8e-53c973d1ad4f-AppendLogResponseHandler: Failed appendEntries: org.apache.ratis.thirdparty.io.grpc.StatusRuntimeException: UNAVAILABLE: io exception
2021-08-12 00:25:56,424 [grpc-default-executor-0] WARN  server.GrpcLogAppender (GrpcLogAppender.java:resetClient(111)) - 87d3608b-f9fd-4b10-ba0a-a0d8569acffd@group-704C644304A3->4f85e207-6f47-4e3d-8d8e-53c973d1ad4f-GrpcLogAppender: Leader has not got in touch with Follower 87d3608b-f9fd-4b10-ba0a-a0d8569acffd@group-704C644304A3->4f85e207-6f47-4e3d-8d8e-53c973d1ad4f(c0,m0,n1, attendVote=true, lastRpcSendTime=0, lastRpcResponseTime=7544) yet, just keep nextIndex unchanged and retry.
2021-08-12 00:25:57,342 [EventQueue-StaleNodeForStaleNodeHandler] INFO  node.StaleNodeHandler (StaleNodeHandler.java:onMessage(58)) - Datanode a86274cb-40c2-4f1a-b613-7c28a9d8bee7{ip: 10.1.0.56, host: fv-az50-214.grzltbmokehuzjyc5b133kdqgh.cx.internal.cloudapp.net, ports: [REPLICATION=40705, RATIS=37903, RATIS_ADMIN=37903, RATIS_SERVER=37903, STANDALONE=33247], networkLocation: /default-rack, certSerialId: null, persistedOpState: IN_SERVICE, persistedOpStateExpiryEpochSec: 0} moved to stale state. Finalizing its pipelines [PipelineID=b46e9d6f-f36b-4ecb-afc9-7c0c30bd3891, PipelineID=108e8f3c-f357-4743-a252-4938641401e1]
2021-08-12 00:25:57,342 [EventQueue-StaleNodeForStaleNodeHandler] INFO  pipeline.PipelineManagerImpl (PipelineManagerImpl.java:closePipeline(343)) - Pipeline Pipeline[ Id: b46e9d6f-f36b-4ecb-afc9-7c0c30bd3891, Nodes: a86274cb-40c2-4f1a-b613-7c28a9d8bee7{ip: 10.1.0.56, host: fv-az50-214.grzltbmokehuzjyc5b133kdqgh.cx.internal.cloudapp.net, ports: [REPLICATION=40705, RATIS=37903, RATIS_ADMIN=37903, RATIS_SERVER=37903, STANDALONE=33247], networkLocation: /default-rack, certSerialId: null, persistedOpState: IN_SERVICE, persistedOpStateExpiryEpochSec: 0}, ReplicationConfig: RATIS/ONE, State:OPEN, leaderId:a86274cb-40c2-4f1a-b613-7c28a9d8bee7, CreationTimestamp2021-08-12T00:25:01.117Z[Etc/UTC]] moved to CLOSED state
2021-08-12 00:25:57,697 [ForkJoinPool.commonPool-worker-0] INFO  ozoneimpl.OzoneContainer (OzoneContainer.java:stop(326)) - Attempting to stop container services.
2021-08-12 00:25:57,701 [ForkJoinPool.commonPool-worker-0] INFO  server.RaftServer (RaftServerProxy.java:lambda$close$6(391)) - 87d3608b-f9fd-4b10-ba0a-a0d8569acffd: close
2021-08-12 00:25:57,701 [ForkJoinPool.commonPool-worker-0] INFO  server.RaftServer$Division (RaftServerImpl.java:lambda$close$4(407)) - 87d3608b-f9fd-4b10-ba0a-a0d8569acffd@group-704C644304A3: shutdown
2021-08-12 00:25:57,701 [ForkJoinPool.commonPool-worker-0] INFO  util.JmxRegister (JmxRegister.java:unregister(73)) - Successfully un-registered JMX Bean with object name Ratis:service=RaftServer,group=group-704C644304A3,id=87d3608b-f9fd-4b10-ba0a-a0d8569acffd
2021-08-12 00:25:57,701 [ForkJoinPool.commonPool-worker-0] INFO  impl.RoleInfo (RoleInfo.java:shutdownLeaderState(91)) - 87d3608b-f9fd-4b10-ba0a-a0d8569acffd: shutdown 87d3608b-f9fd-4b10-ba0a-a0d8569acffd@group-704C644304A3-LeaderStateImpl
2021-08-12 00:25:57,701 [ForkJoinPool.commonPool-worker-0] INFO  impl.PendingRequests (PendingRequests.java:sendNotLeaderResponses(282)) - 87d3608b-f9fd-4b10-ba0a-a0d8569acffd@group-704C644304A3-PendingRequests: sendNotLeaderResponses
2021-08-12 00:25:57,702 [ForkJoinPool.commonPool-worker-0] INFO  impl.StateMachineUpdater (StateMachineUpdater.java:stopAndJoin(149)) - 87d3608b-f9fd-4b10-ba0a-a0d8569acffd@group-704C644304A3-StateMachineUpdater: set stopIndex = 0
2021-08-12 00:25:57,702 [87d3608b-f9fd-4b10-ba0a-a0d8569acffd@group-704C644304A3-StateMachineUpdater] INFO  ratis.ContainerStateMachine (ContainerStateMachine.java:takeSnapshot(293)) - group-704C644304A3: Taking a snapshot at:(t:1, i:0) file /home/runner/work/ozone/ozone/hadoop-ozone/integration-test/target/test-dir/MiniOzoneClusterImpl-a42b6446-58ec-43bb-8d59-9c3f88cf101c/datanode-6/data/ratis/16c28a69-4c10-4b94-8ad6-704c644304a3/sm/snapshot.1_0
2021-08-12 00:25:57,703 [87d3608b-f9fd-4b10-ba0a-a0d8569acffd@group-704C644304A3-StateMachineUpdater] INFO  ratis.ContainerStateMachine (ContainerStateMachine.java:takeSnapshot(304)) - group-704C644304A3: Finished taking a snapshot at:(t:1, i:0) file:/home/runner/work/ozone/ozone/hadoop-ozone/integration-test/target/test-dir/MiniOzoneClusterImpl-a42b6446-58ec-43bb-8d59-9c3f88cf101c/datanode-6/data/ratis/16c28a69-4c10-4b94-8ad6-704c644304a3/sm/snapshot.1_0 took: 1 ms
2021-08-12 00:25:57,703 [87d3608b-f9fd-4b10-ba0a-a0d8569acffd@group-704C644304A3-StateMachineUpdater] INFO  impl.StateMachineUpdater (StateMachineUpdater.java:takeSnapshot(281)) - 87d3608b-f9fd-4b10-ba0a-a0d8569acffd@group-704C644304A3-StateMachineUpdater: Took a snapshot at index 0
2021-08-12 00:25:57,703 [87d3608b-f9fd-4b10-ba0a-a0d8569acffd@group-704C644304A3-StateMachineUpdater] INFO  impl.StateMachineUpdater (StateMachineUpdater.java:lambda$new$0(89)) - 87d3608b-f9fd-4b10-ba0a-a0d8569acffd@group-704C644304A3-StateMachineUpdater: snapshotIndex: updateIncreasingly -1 -> 0
2021-08-12 00:25:57,708 [ForkJoinPool.commonPool-worker-0] INFO  server.RaftServer$Division (ServerState.java:close(419)) - 87d3608b-f9fd-4b10-ba0a-a0d8569acffd@group-704C644304A3: closes. applyIndex: 0
2021-08-12 00:25:57,714 [87d3608b-f9fd-4b10-ba0a-a0d8569acffd@group-704C644304A3-SegmentedRaftLogWorker] INFO  segmented.SegmentedRaftLogWorker (SegmentedRaftLogWorker.java:run(327)) - 87d3608b-f9fd-4b10-ba0a-a0d8569acffd@group-704C644304A3-SegmentedRaftLogWorker was interrupted, exiting. There are 0 tasks remaining in the queue.
2021-08-12 00:25:57,715 [ForkJoinPool.commonPool-worker-0] INFO  segmented.SegmentedRaftLogWorker (SegmentedRaftLogWorker.java:close(237)) - 87d3608b-f9fd-4b10-ba0a-a0d8569acffd@group-704C644304A3-SegmentedRaftLogWorker close()
2021-08-12 00:25:57,715 [ForkJoinPool.commonPool-worker-0] INFO  server.RaftServer$Division (RaftServerImpl.java:lambda$close$4(407)) - 87d3608b-f9fd-4b10-ba0a-a0d8569acffd@group-4E85B0B35DCC: shutdown
2021-08-12 00:25:57,715 [ForkJoinPool.commonPool-worker-0] INFO  util.JmxRegister (JmxRegister.java:unregister(73)) - Successfully un-registered JMX Bean with object name Ratis:service=RaftServer,group=group-4E85B0B35DCC,id=87d3608b-f9fd-4b10-ba0a-a0d8569acffd
2021-08-12 00:25:57,715 [ForkJoinPool.commonPool-worker-0] INFO  impl.RoleInfo (RoleInfo.java:shutdownLeaderState(91)) - 87d3608b-f9fd-4b10-ba0a-a0d8569acffd: shutdown 87d3608b-f9fd-4b10-ba0a-a0d8569acffd@group-4E85B0B35DCC-LeaderStateImpl
2021-08-12 00:25:57,715 [ForkJoinPool.commonPool-worker-0] INFO  impl.PendingRequests (PendingRequests.java:sendNotLeaderResponses(282)) - 87d3608b-f9fd-4b10-ba0a-a0d8569acffd@group-4E85B0B35DCC-PendingRequests: sendNotLeaderResponses
2021-08-12 00:25:57,717 [87d3608b-f9fd-4b10-ba0a-a0d8569acffd@group-4E85B0B35DCC-StateMachineUpdater] INFO  ratis.ContainerStateMachine (ContainerStateMachine.java:takeSnapshot(293)) - group-4E85B0B35DCC: Taking a snapshot at:(t:1, i:0) file /home/runner/work/ozone/ozone/hadoop-ozone/integration-test/target/test-dir/MiniOzoneClusterImpl-a42b6446-58ec-43bb-8d59-9c3f88cf101c/datanode-6/data/ratis/5512268e-bb8b-41a2-ab17-4e85b0b35dcc/sm/snapshot.1_0
2021-08-12 00:25:57,717 [ForkJoinPool.commonPool-worker-0] INFO  impl.StateMachineUpdater (StateMachineUpdater.java:stopAndJoin(149)) - 87d3608b-f9fd-4b10-ba0a-a0d8569acffd@group-4E85B0B35DCC-StateMachineUpdater: set stopIndex = 0
2021-08-12 00:25:57,718 [87d3608b-f9fd-4b10-ba0a-a0d8569acffd@group-4E85B0B35DCC-StateMachineUpdater] INFO  ratis.ContainerStateMachine (ContainerStateMachine.java:takeSnapshot(304)) - group-4E85B0B35DCC: Finished taking a snapshot at:(t:1, i:0) file:/home/runner/work/ozone/ozone/hadoop-ozone/integration-test/target/test-dir/MiniOzoneClusterImpl-a42b6446-58ec-43bb-8d59-9c3f88cf101c/datanode-6/data/ratis/5512268e-bb8b-41a2-ab17-4e85b0b35dcc/sm/snapshot.1_0 took: 1 ms
2021-08-12 00:25:57,718 [87d3608b-f9fd-4b10-ba0a-a0d8569acffd@group-4E85B0B35DCC-StateMachineUpdater] INFO  impl.StateMachineUpdater (StateMachineUpdater.java:takeSnapshot(281)) - 87d3608b-f9fd-4b10-ba0a-a0d8569acffd@group-4E85B0B35DCC-StateMachineUpdater: Took a snapshot at index 0
2021-08-12 00:25:57,718 [87d3608b-f9fd-4b10-ba0a-a0d8569acffd@group-4E85B0B35DCC-StateMachineUpdater] INFO  impl.StateMachineUpdater (StateMachineUpdater.java:lambda$new$0(89)) - 87d3608b-f9fd-4b10-ba0a-a0d8569acffd@group-4E85B0B35DCC-StateMachineUpdater: snapshotIndex: updateIncreasingly -1 -> 0
2021-08-12 00:25:57,718 [ForkJoinPool.commonPool-worker-0] INFO  server.RaftServer$Division (ServerState.java:close(419)) - 87d3608b-f9fd-4b10-ba0a-a0d8569acffd@group-4E85B0B35DCC: closes. applyIndex: 0
2021-08-12 00:25:57,718 [87d3608b-f9fd-4b10-ba0a-a0d8569acffd@group-4E85B0B35DCC-SegmentedRaftLogWorker] INFO  segmented.SegmentedRaftLogWorker (SegmentedRaftLogWorker.java:run(327)) - 87d3608b-f9fd-4b10-ba0a-a0d8569acffd@group-4E85B0B35DCC-SegmentedRaftLogWorker was interrupted, exiting. There are 0 tasks remaining in the queue.
2021-08-12 00:25:57,719 [ForkJoinPool.commonPool-worker-0] INFO  segmented.SegmentedRaftLogWorker (SegmentedRaftLogWorker.java:close(237)) - 87d3608b-f9fd-4b10-ba0a-a0d8569acffd@group-4E85B0B35DCC-SegmentedRaftLogWorker close()
2021-08-12 00:25:57,719 [ForkJoinPool.commonPool-worker-0] INFO  server.GrpcService (GrpcService.java:closeImpl(262)) - 87d3608b-f9fd-4b10-ba0a-a0d8569acffd: shutdown server with port 37127 now
2021-08-12 00:25:57,781 [ForkJoinPool.commonPool-worker-0] INFO  server.GrpcService (GrpcService.java:closeImpl(271)) - 87d3608b-f9fd-4b10-ba0a-a0d8569acffd: shutdown server with port 37127 successfully
2021-08-12 00:25:57,781 [org.apache.ratis.util.JvmPauseMonitor$$Lambda$531/2042374570@12cd9d65] INFO  util.JvmPauseMonitor (JvmPauseMonitor.java:run(109)) - JvmPauseMonitor-87d3608b-f9fd-4b10-ba0a-a0d8569acffd: Stopped
2021-08-12 00:25:57,825 [ForkJoinPool.commonPool-worker-0] INFO  utils.BackgroundService (BackgroundService.java:shutdown(132)) - Shutting down service BlockDeletingService
2021-08-12 00:25:58,270 [EventQueue-StaleNodeForStaleNodeHandler] INFO  node.StaleNodeHandler (StaleNodeHandler.java:onMessage(58)) - Datanode aa96c139-029c-4c26-b56b-b3e0db2a81f3{ip: 10.1.0.56, host: fv-az50-214.grzltbmokehuzjyc5b133kdqgh.cx.internal.cloudapp.net, ports: [REPLICATION=46479, RATIS=42793, RATIS_ADMIN=42793, RATIS_SERVER=42793, STANDALONE=42847], networkLocation: /default-rack, certSerialId: null, persistedOpState: IN_SERVICE, persistedOpStateExpiryEpochSec: 0} moved to stale state. Finalizing its pipelines [PipelineID=108e8f3c-f357-4743-a252-4938641401e1, PipelineID=b8111e83-b548-47d8-844a-b9a8f8f773f9]
2021-08-12 00:25:58,270 [EventQueue-StaleNodeForStaleNodeHandler] INFO  pipeline.PipelineManagerImpl (PipelineManagerImpl.java:closePipeline(343)) - Pipeline Pipeline[ Id: b8111e83-b548-47d8-844a-b9a8f8f773f9, Nodes: aa96c139-029c-4c26-b56b-b3e0db2a81f3{ip: 10.1.0.56, host: fv-az50-214.grzltbmokehuzjyc5b133kdqgh.cx.internal.cloudapp.net, ports: [REPLICATION=46479, RATIS=42793, RATIS_ADMIN=42793, RATIS_SERVER=42793, STANDALONE=42847], networkLocation: /default-rack, certSerialId: null, persistedOpState: IN_SERVICE, persistedOpStateExpiryEpochSec: 0}, ReplicationConfig: RATIS/ONE, State:OPEN, leaderId:aa96c139-029c-4c26-b56b-b3e0db2a81f3, CreationTimestamp2021-08-12T00:25:02.174Z[Etc/UTC]] moved to CLOSED state
2021-08-12 00:26:00,849 [ForkJoinPool.commonPool-worker-0] INFO  statemachine.DatanodeStateMachine (DatanodeStateMachine.java:stopDaemon(515)) - Ozone container server stopped.
2021-08-12 00:26:00,855 [ForkJoinPool.commonPool-worker-0] INFO  handler.ContextHandler (ContextHandler.java:doStop(1153)) - Stopped o.e.j.w.WebAppContext@6cbe9c78{hddsDatanode,/,null,STOPPED}{jar:file:/home/runner/.m2/repository/org/apache/ozone/hdds-container-service/1.2.0-SNAPSHOT/hdds-container-service-1.2.0-SNAPSHOT.jar!/webapps/hddsDatanode}
2021-08-12 00:26:00,864 [ForkJoinPool.commonPool-worker-0] INFO  server.AbstractConnector (AbstractConnector.java:doStop(381)) - Stopped ServerConnector@7624ed3d{HTTP/1.1, (http/1.1)}{0.0.0.0:0}
2021-08-12 00:26:00,864 [ForkJoinPool.commonPool-worker-0] INFO  server.session (HouseKeeper.java:stopScavenging(149)) - node0 Stopped scavenging
2021-08-12 00:26:00,864 [ForkJoinPool.commonPool-worker-0] INFO  handler.ContextHandler (ContextHandler.java:doStop(1153)) - Stopped o.e.j.s.ServletContextHandler@5a390f13{static,/static,jar:file:/home/runner/.m2/repository/org/apache/ozone/hdds-container-service/1.2.0-SNAPSHOT/hdds-container-service-1.2.0-SNAPSHOT.jar!/webapps/static,STOPPED}
2021-08-12 00:26:00,864 [ForkJoinPool.commonPool-worker-0] INFO  handler.ContextHandler (ContextHandler.java:doStop(1153)) - Stopped o.e.j.s.ServletContextHandler@5b5b772d{logs,/logs,file:///home/runner/work/ozone/ozone/hadoop-ozone/integration-test/target/log,STOPPED}
2021-08-12 00:26:00,868 [Listener at 127.0.0.1/46733] INFO  ozone.MiniOzoneClusterImpl (MiniOzoneClusterImpl.java:stopSCM(542)) - Stopping the StorageContainerManager
2021-08-12 00:26:00,868 [Listener at 127.0.0.1/46733] INFO  server.StorageContainerManager (StorageContainerManager.java:stop(1341)) - Stopping Replication Manager Service.
2021-08-12 00:26:00,868 [Listener at 127.0.0.1/46733] INFO  container.ReplicationManager (ReplicationManager.java:stop(317)) - Stopping Replication Monitor Thread.
2021-08-12 00:26:00,868 [Listener at 127.0.0.1/46733] INFO  server.StorageContainerManager (StorageContainerManager.java:stop(1348)) - Stopping the Datanode Admin Monitor.
2021-08-12 00:26:00,868 [Listener at 127.0.0.1/46733] INFO  server.StorageContainerManager (StorageContainerManager.java:stop(1355)) - Stopping Lease Manager of the command watchers
2021-08-12 00:26:00,869 [Listener at 127.0.0.1/46733] INFO  server.StorageContainerManager (StorageContainerManager.java:stop(1362)) - Stopping datanode service RPC server
2021-08-12 00:26:00,869 [Listener at 127.0.0.1/46733] INFO  server.SCMDatanodeProtocolServer (SCMDatanodeProtocolServer.java:stop(389)) - Stopping the RPC server for DataNodes
2021-08-12 00:26:00,869 [Listener at 127.0.0.1/46733] INFO  ipc.Server (Server.java:stop(3414)) - Stopping server on 33263
2021-08-12 00:26:00,880 [IPC Server Responder] INFO  ipc.Server (Server.java:run(1512)) - Stopping IPC Server Responder
2021-08-12 00:26:00,881 [IPC Server listener on 0] INFO  ipc.Server (Server.java:run(1376)) - Stopping IPC Server listener on 0
2021-08-12 00:26:00,882 [SCM Heartbeat Processing Thread - 0] WARN  node.NodeStateManager (NodeStateManager.java:scheduleNextHealthCheck(799)) - Current Thread is interrupted, shutting down HB processing thread for Node Manager.
2021-08-12 00:26:00,882 [Listener at 127.0.0.1/46733] INFO  server.StorageContainerManager (StorageContainerManager.java:stop(1370)) - Stopping block service RPC server
2021-08-12 00:26:00,883 [Listener at 127.0.0.1/46733] INFO  server.SCMBlockProtocolServer (SCMBlockProtocolServer.java:stop(160)) - Stopping the RPC server for Block Protocol
2021-08-12 00:26:00,883 [Listener at 127.0.0.1/46733] INFO  ipc.Server (Server.java:stop(3414)) - Stopping server on 34233
2021-08-12 00:26:00,885 [Listener at 127.0.0.1/46733] INFO  server.StorageContainerManager (StorageContainerManager.java:stop(1377)) - Stopping the StorageContainerLocationProtocol RPC server
2021-08-12 00:26:00,885 [Listener at 127.0.0.1/46733] INFO  server.SCMClientProtocolServer (SCMClientProtocolServer.java:stop(173)) - Stopping the RPC server for Client Protocol
2021-08-12 00:26:00,885 [Listener at 127.0.0.1/46733] INFO  ipc.Server (Server.java:stop(3414)) - Stopping server on 43921
2021-08-12 00:26:00,885 [IPC Server Responder] INFO  ipc.Server (Server.java:run(1512)) - Stopping IPC Server Responder
2021-08-12 00:26:00,886 [IPC Server listener on 0] INFO  ipc.Server (Server.java:run(1376)) - Stopping IPC Server listener on 0
2021-08-12 00:26:00,899 [Listener at 127.0.0.1/46733] INFO  server.StorageContainerManager (StorageContainerManager.java:stop(1384)) - Stopping Storage Container Manager HTTP server.
2021-08-12 00:26:00,899 [Listener at 127.0.0.1/46733] INFO  handler.ContextHandler (ContextHandler.java:doStop(1153)) - Stopped o.e.j.w.WebAppContext@625ee079{scm,/,null,STOPPED}{file:/home/runner/work/ozone/ozone/hadoop-ozone/integration-test/target/test-classes/webapps/scm}
2021-08-12 00:26:00,900 [IPC Server Responder] INFO  ipc.Server (Server.java:run(1512)) - Stopping IPC Server Responder
2021-08-12 00:26:00,900 [IPC Server listener on 0] INFO  ipc.Server (Server.java:run(1376)) - Stopping IPC Server listener on 0
2021-08-12 00:26:00,905 [Listener at 127.0.0.1/46733] INFO  server.AbstractConnector (AbstractConnector.java:doStop(381)) - Stopped ServerConnector@b74eabb{HTTP/1.1, (http/1.1)}{0.0.0.0:0}
2021-08-12 00:26:00,905 [Listener at 127.0.0.1/46733] INFO  server.session (HouseKeeper.java:stopScavenging(149)) - node0 Stopped scavenging
2021-08-12 00:26:00,905 [Listener at 127.0.0.1/46733] INFO  handler.ContextHandler (ContextHandler.java:doStop(1153)) - Stopped o.e.j.s.ServletContextHandler@e1affe8{static,/static,file:///home/runner/work/ozone/ozone/hadoop-ozone/integration-test/target/test-classes/webapps/static,STOPPED}
2021-08-12 00:26:00,905 [Listener at 127.0.0.1/46733] INFO  handler.ContextHandler (ContextHandler.java:doStop(1153)) - Stopped o.e.j.s.ServletContextHandler@7a5073f8{logs,/logs,file:///home/runner/work/ozone/ozone/hadoop-ozone/integration-test/target/log,STOPPED}
2021-08-12 00:26:00,908 [Listener at 127.0.0.1/46733] INFO  server.StorageContainerManager (StorageContainerManager.java:stop(1395)) - Stopping Block Manager Service.
2021-08-12 00:26:00,908 [Listener at 127.0.0.1/46733] INFO  utils.BackgroundService (BackgroundService.java:shutdown(132)) - Shutting down service SCMBlockDeletingService
2021-08-12 00:26:00,933 [Listener at 127.0.0.1/46733] INFO  utils.BackgroundService (BackgroundService.java:shutdown(132)) - Shutting down service SCMBlockDeletingService
2021-08-12 00:26:00,933 [Listener at 127.0.0.1/46733] INFO  server.StorageContainerManager (StorageContainerManager.java:stop(1422)) - Stopping SCM Event Queue.
2021-08-12 00:26:00,951 [Listener at 127.0.0.1/46733] INFO  server.StorageContainerManager (StorageContainerManager.java:stop(1433)) - Stopping SCM HA services.
2021-08-12 00:26:00,951 [Listener at 127.0.0.1/46733] INFO  pipeline.BackgroundPipelineCreator (BackgroundPipelineCreatorV2.java:stop(158)) - Stopping RatisPipelineUtilsThread.
2021-08-12 00:26:00,951 [Listener at 127.0.0.1/46733] INFO  server.StorageContainerManager (StorageContainerManager.java:stop(1443)) - Stopping SCM MetadataStore.
2021-08-12 00:26:00,961 [Listener at 127.0.0.1/46733] INFO  impl.MetricsSystemImpl (MetricsSystemImpl.java:stop(210)) - Stopping HddsDatanode metrics system...
2021-08-12 00:26:00,975 [prometheus] INFO  impl.MetricsSinkAdapter (MetricsSinkAdapter.java:publishMetricsFromQueue(141)) - prometheus thread interrupted.
2021-08-12 00:26:00,976 [Listener at 127.0.0.1/46733] INFO  impl.MetricsSystemImpl (MetricsSystemImpl.java:stop(216)) - HddsDatanode metrics system stopped.
]]></system-out>
    <system-err><![CDATA[Aug 12, 2021 12:25:57 AM org.apache.ratis.thirdparty.io.grpc.internal.ManagedChannelOrphanWrapper$ManagedChannelReference cleanQueue
SEVERE: *~*~*~ Channel ManagedChannelImpl{logId=446, target=10.1.0.56:41045} was not shutdown properly!!! ~*~*~*
    Make sure to call shutdown()/shutdownNow() and wait until awaitTermination() returns true.
java.lang.RuntimeException: ManagedChannel allocation site
	at org.apache.ratis.thirdparty.io.grpc.internal.ManagedChannelOrphanWrapper$ManagedChannelReference.<init>(ManagedChannelOrphanWrapper.java:93)
	at org.apache.ratis.thirdparty.io.grpc.internal.ManagedChannelOrphanWrapper.<init>(ManagedChannelOrphanWrapper.java:53)
	at org.apache.ratis.thirdparty.io.grpc.internal.ManagedChannelOrphanWrapper.<init>(ManagedChannelOrphanWrapper.java:44)
	at org.apache.ratis.thirdparty.io.grpc.internal.ManagedChannelImplBuilder.build(ManagedChannelImplBuilder.java:596)
	at org.apache.ratis.thirdparty.io.grpc.ForwardingChannelBuilder.build(ForwardingChannelBuilder.java:255)
	at org.apache.ratis.grpc.client.GrpcClientProtocolClient.buildChannel(GrpcClientProtocolClient.java:159)
	at org.apache.ratis.grpc.client.GrpcClientProtocolClient.<init>(GrpcClientProtocolClient.java:111)
	at org.apache.ratis.grpc.client.GrpcClientRpc.lambda$new$0(GrpcClientRpc.java:57)
	at org.apache.ratis.util.PeerProxyMap$PeerAndProxy.lambda$getProxy$0(PeerProxyMap.java:63)
	at org.apache.ratis.util.LifeCycle.startAndTransition(LifeCycle.java:270)
	at org.apache.ratis.util.PeerProxyMap$PeerAndProxy.getProxy(PeerProxyMap.java:62)
	at org.apache.ratis.util.PeerProxyMap.getProxy(PeerProxyMap.java:114)
	at org.apache.ratis.grpc.client.GrpcClientRpc.sendRequestAsync(GrpcClientRpc.java:67)
	at org.apache.ratis.client.impl.OrderedAsync.sendRequest(OrderedAsync.java:235)
	at org.apache.ratis.client.impl.OrderedAsync.sendRequestWithRetry(OrderedAsync.java:189)
	at org.apache.ratis.util.SlidingWindow$Client.sendOrDelayRequest(SlidingWindow.java:280)
	at org.apache.ratis.util.SlidingWindow$Client.retry(SlidingWindow.java:296)
	at org.apache.ratis.client.impl.OrderedAsync.lambda$scheduleWithTimeout$7(OrderedAsync.java:222)
	at org.apache.ratis.util.TimeoutScheduler.lambda$onTimeout$0(TimeoutScheduler.java:141)
	at org.apache.ratis.util.TimeoutScheduler.lambda$onTimeout$1(TimeoutScheduler.java:155)
	at org.apache.ratis.util.LogUtils.runAndLog(LogUtils.java:38)
	at org.apache.ratis.util.LogUtils$1.run(LogUtils.java:79)
	at java.util.concurrent.Executors$RunnableAdapter.call(Executors.java:511)
	at java.util.concurrent.FutureTask.run(FutureTask.java:266)
	at java.util.concurrent.ScheduledThreadPoolExecutor$ScheduledFutureTask.access$201(ScheduledThreadPoolExecutor.java:180)
	at java.util.concurrent.ScheduledThreadPoolExecutor$ScheduledFutureTask.run(ScheduledThreadPoolExecutor.java:293)
	at java.util.concurrent.ThreadPoolExecutor.runWorker(ThreadPoolExecutor.java:1149)
	at java.util.concurrent.ThreadPoolExecutor$Worker.run(ThreadPoolExecutor.java:624)
	at java.lang.Thread.run(Thread.java:748)

]]></system-err>
  </testcase>
  <testcase name="testWatchForCommitForGroupMismatchException" classname="org.apache.hadoop.ozone.client.rpc.TestWatchForCommit" time="63.208"/>
  <testcase name="test2WayCommitForTimeoutException" classname="org.apache.hadoop.ozone.client.rpc.TestWatchForCommit" time="65.529"/>
</testsuite>