<?xml version="1.0" encoding="UTF-8"?>
<testsuite xmlns:xsi="http://www.w3.org/2001/XMLSchema-instance" xsi:noNamespaceSchemaLocation="https://maven.apache.org/surefire/maven-surefire-plugin/xsd/surefire-test-report.xsd" name="org.apache.hadoop.ozone.client.rpc.TestBlockOutputStreamWithFailures" time="730.25" tests="8" errors="1" skipped="0" failures="0">
  <properties>
    <property name="awt.toolkit" value="sun.awt.X11.XToolkit"/>
    <property name="file.encoding.pkg" value="sun.io"/>
    <property name="java.specification.version" value="1.8"/>
    <property name="sun.cpu.isalist" value=""/>
    <property name="sun.jnu.encoding" value="ANSI_X3.4-1968"/>
    <property name="java.class.path" value="/github/workspace/mnt/ozone/hadoop-ozone/integration-test/target/test-classes:/github/workspace/mnt/ozone/hadoop-ozone/integration-test/target/classes:/home/user/.m2/repository/org/apache/hadoop/hadoop-ozone-common/1.1.0-SNAPSHOT/hadoop-ozone-common-1.1.0-SNAPSHOT.jar:/home/user/.m2/repository/org/apache/commons/commons-compress/1.4.1/commons-compress-1.4.1.jar:/home/user/.m2/repository/org/tukaani/xz/1.0/xz-1.0.jar:/home/user/.m2/repository/org/apache/hadoop/hadoop-hdds-common/1.1.0-SNAPSHOT/hadoop-hdds-common-1.1.0-SNAPSHOT.jar:/home/user/.m2/repository/org/apache/hadoop/hadoop-hdds-client/1.1.0-SNAPSHOT/hadoop-hdds-client-1.1.0-SNAPSHOT.jar:/home/user/.m2/repository/org/apache/hadoop/hadoop-ozone-interface-client/1.1.0-SNAPSHOT/hadoop-ozone-interface-client-1.1.0-SNAPSHOT.jar:/home/user/.m2/repository/org/apache/hadoop/hadoop-hdds-test-utils/1.1.0-SNAPSHOT/hadoop-hdds-test-utils-1.1.0-SNAPSHOT.jar:/home/user/.m2/repository/com/google/guava/guava/28.2-jre/guava-28.2-jre.jar:/home/user/.m2/repository/com/google/guava/failureaccess/1.0.1/failureaccess-1.0.1.jar:/home/user/.m2/repository/com/google/guava/listenablefuture/9999.0-empty-to-avoid-conflict-with-guava/listenablefuture-9999.0-empty-to-avoid-conflict-with-guava.jar:/home/user/.m2/repository/com/google/code/findbugs/jsr305/3.0.0/jsr305-3.0.0.jar:/home/user/.m2/repository/org/checkerframework/checker-qual/2.10.0/checker-qual-2.10.0.jar:/home/user/.m2/repository/com/google/errorprone/error_prone_annotations/2.2.0/error_prone_annotations-2.2.0.jar:/home/user/.m2/repository/com/google/j2objc/j2objc-annotations/1.3/j2objc-annotations-1.3.jar:/home/user/.m2/repository/commons-io/commons-io/2.5/commons-io-2.5.jar:/home/user/.m2/repository/commons-logging/commons-logging/1.2/commons-logging-1.2.jar:/home/user/.m2/repository/log4j/log4j/1.2.17/log4j-1.2.17.jar:/home/user/.m2/repository/org/slf4j/slf4j-api/1.7.30/slf4j-api-1.7.30.jar:/home/user/.m2/repository/org/apache/hadoop/hadoop-hdds-server-scm/1.1.0-SNAPSHOT/hadoop-hdds-server-scm-1.1.0-SNAPSHOT.jar:/home/user/.m2/repository/org/apache/hadoop/hadoop-hdds-container-service/1.1.0-SNAPSHOT/hadoop-hdds-container-service-1.1.0-SNAPSHOT.jar:/home/user/.m2/repository/org/apache/hadoop/hadoop-hdds-hadoop-dependency-server/1.1.0-SNAPSHOT/hadoop-hdds-hadoop-dependency-server-1.1.0-SNAPSHOT.jar:/home/user/.m2/repository/org/apache/hadoop/hadoop-hdfs/3.2.1/hadoop-hdfs-3.2.1.jar:/home/user/.m2/repository/org/apache/hadoop/hadoop-hdds-server-framework/1.1.0-SNAPSHOT/hadoop-hdds-server-framework-1.1.0-SNAPSHOT.jar:/home/user/.m2/repository/org/apache/hadoop/hadoop-hdds-interface-server/1.1.0-SNAPSHOT/hadoop-hdds-interface-server-1.1.0-SNAPSHOT.jar:/home/user/.m2/repository/org/apache/hadoop/hadoop-hdds-interface-admin/1.1.0-SNAPSHOT/hadoop-hdds-interface-admin-1.1.0-SNAPSHOT.jar:/home/user/.m2/repository/org/eclipse/jetty/jetty-servlet/9.4.34.v20201102/jetty-servlet-9.4.34.v20201102.jar:/home/user/.m2/repository/org/eclipse/jetty/jetty-security/9.4.34.v20201102/jetty-security-9.4.34.v20201102.jar:/home/user/.m2/repository/org/rocksdb/rocksdbjni/6.8.1/rocksdbjni-6.8.1.jar:/home/user/.m2/repository/io/prometheus/simpleclient_dropwizard/0.7.0/simpleclient_dropwizard-0.7.0.jar:/home/user/.m2/repository/io/prometheus/simpleclient/0.7.0/simpleclient-0.7.0.jar:/home/user/.m2/repository/io/prometheus/simpleclient_common/0.7.0/simpleclient_common-0.7.0.jar:/home/user/.m2/repository/com/fasterxml/jackson/datatype/jackson-datatype-jsr310/2.10.3/jackson-datatype-jsr310-2.10.3.jar:/home/user/.m2/repository/io/dropwizard/metrics/metrics-core/3.2.4/metrics-core-3.2.4.jar:/home/user/.m2/repository/org/apache/hadoop/hadoop-hdfs-client/3.2.1/hadoop-hdfs-client-3.2.1.jar:/home/user/.m2/repository/org/bouncycastle/bcprov-jdk15on/1.60/bcprov-jdk15on-1.60.jar:/home/user/.m2/repository/org/apache/hadoop/hadoop-ozone-ozone-manager/1.1.0-SNAPSHOT/hadoop-ozone-ozone-manager-1.1.0-SNAPSHOT.jar:/home/user/.m2/repository/org/apache/hadoop/hadoop-hdds-interface-client/1.1.0-SNAPSHOT/hadoop-hdds-interface-client-1.1.0-SNAPSHOT.jar:/home/user/.m2/repository/org/apache/ratis/ratis-thirdparty-misc/0.6.0-SNAPSHOT/ratis-thirdparty-misc-0.6.0-SNAPSHOT.jar:/home/user/.m2/repository/org/apache/hadoop/hadoop-ozone-interface-storage/1.1.0-SNAPSHOT/hadoop-ozone-interface-storage-1.1.0-SNAPSHOT.jar:/home/user/.m2/repository/org/apache/hadoop/hadoop-minikdc/3.2.1/hadoop-minikdc-3.2.1.jar:/home/user/.m2/repository/org/apache/kerby/kerb-simplekdc/1.0.1/kerb-simplekdc-1.0.1.jar:/home/user/.m2/repository/org/apache/kerby/kerb-client/1.0.1/kerb-client-1.0.1.jar:/home/user/.m2/repository/org/apache/kerby/kerby-config/1.0.1/kerby-config-1.0.1.jar:/home/user/.m2/repository/org/apache/kerby/kerb-core/1.0.1/kerb-core-1.0.1.jar:/home/user/.m2/repository/org/apache/kerby/kerby-pkix/1.0.1/kerby-pkix-1.0.1.jar:/home/user/.m2/repository/org/apache/kerby/kerby-asn1/1.0.1/kerby-asn1-1.0.1.jar:/home/user/.m2/repository/org/apache/kerby/kerby-util/1.0.1/kerby-util-1.0.1.jar:/home/user/.m2/repository/org/apache/kerby/kerb-common/1.0.1/kerb-common-1.0.1.jar:/home/user/.m2/repository/org/apache/kerby/kerb-crypto/1.0.1/kerb-crypto-1.0.1.jar:/home/user/.m2/repository/org/apache/kerby/kerb-util/1.0.1/kerb-util-1.0.1.jar:/home/user/.m2/repository/org/apache/kerby/token-provider/1.0.1/token-provider-1.0.1.jar:/home/user/.m2/repository/org/apache/kerby/kerb-admin/1.0.1/kerb-admin-1.0.1.jar:/home/user/.m2/repository/org/apache/kerby/kerb-server/1.0.1/kerb-server-1.0.1.jar:/home/user/.m2/repository/org/apache/kerby/kerb-identity/1.0.1/kerb-identity-1.0.1.jar:/home/user/.m2/repository/org/apache/kerby/kerby-xdr/1.0.1/kerby-xdr-1.0.1.jar:/home/user/.m2/repository/org/slf4j/slf4j-log4j12/1.7.30/slf4j-log4j12-1.7.30.jar:/home/user/.m2/repository/org/apache/hadoop/hadoop-ozone-s3gateway/1.1.0-SNAPSHOT/hadoop-ozone-s3gateway-1.1.0-SNAPSHOT.jar:/home/user/.m2/repository/org/jboss/weld/servlet/weld-servlet/2.4.7.Final/weld-servlet-2.4.7.Final.jar:/home/user/.m2/repository/org/glassfish/jersey/containers/jersey-container-servlet-core/2.27/jersey-container-servlet-core-2.27.jar:/home/user/.m2/repository/org/glassfish/hk2/external/javax.inject/2.5.0-b42/javax.inject-2.5.0-b42.jar:/home/user/.m2/repository/org/glassfish/jersey/core/jersey-common/2.27/jersey-common-2.27.jar:/home/user/.m2/repository/org/glassfish/hk2/osgi-resource-locator/1.0.1/osgi-resource-locator-1.0.1.jar:/home/user/.m2/repository/javax/ws/rs/javax.ws.rs-api/2.1/javax.ws.rs-api-2.1.jar:/home/user/.m2/repository/org/glassfish/jersey/ext/cdi/jersey-cdi1x/2.27/jersey-cdi1x-2.27.jar:/home/user/.m2/repository/org/glassfish/jersey/inject/jersey-hk2/2.27/jersey-hk2-2.27.jar:/home/user/.m2/repository/org/glassfish/hk2/hk2-locator/2.5.0-b42/hk2-locator-2.5.0-b42.jar:/home/user/.m2/repository/org/javassist/javassist/3.22.0-CR2/javassist-3.22.0-CR2.jar:/home/user/.m2/repository/org/glassfish/hk2/hk2-api/2.5.0/hk2-api-2.5.0.jar:/home/user/.m2/repository/org/glassfish/hk2/external/jakarta.inject/2.5.0/jakarta.inject-2.5.0.jar:/home/user/.m2/repository/org/glassfish/hk2/hk2-utils/2.5.0/hk2-utils-2.5.0.jar:/home/user/.m2/repository/jakarta/annotation/jakarta.annotation-api/1.3.4/jakarta.annotation-api-1.3.4.jar:/home/user/.m2/repository/org/glassfish/hk2/external/aopalliance-repackaged/2.5.0/aopalliance-repackaged-2.5.0.jar:/home/user/.m2/repository/com/fasterxml/jackson/dataformat/jackson-dataformat-xml/2.10.3/jackson-dataformat-xml-2.10.3.jar:/home/user/.m2/repository/com/fasterxml/jackson/core/jackson-core/2.10.3/jackson-core-2.10.3.jar:/home/user/.m2/repository/com/fasterxml/jackson/module/jackson-module-jaxb-annotations/2.10.3/jackson-module-jaxb-annotations-2.10.3.jar:/home/user/.m2/repository/jakarta/xml/bind/jakarta.xml.bind-api/2.3.2/jakarta.xml.bind-api-2.3.2.jar:/home/user/.m2/repository/jakarta/activation/jakarta.activation-api/1.2.1/jakarta.activation-api-1.2.1.jar:/home/user/.m2/repository/org/codehaus/woodstox/stax2-api/3.1.4/stax2-api-3.1.4.jar:/home/user/.m2/repository/com/fasterxml/woodstox/woodstox-core/5.0.3/woodstox-core-5.0.3.jar:/home/user/.m2/repository/javax/enterprise/cdi-api/1.2/cdi-api-1.2.jar:/home/user/.m2/repository/javax/el/javax.el-api/3.0.0/javax.el-api-3.0.0.jar:/home/user/.m2/repository/javax/interceptor/javax.interceptor-api/1.2/javax.interceptor-api-1.2.jar:/home/user/.m2/repository/javax/inject/javax.inject/1/javax.inject-1.jar:/home/user/.m2/repository/com/sun/xml/bind/jaxb-impl/2.3.0.1/jaxb-impl-2.3.0.1.jar:/home/user/.m2/repository/com/sun/xml/bind/jaxb-core/2.3.0.1/jaxb-core-2.3.0.1.jar:/home/user/.m2/repository/javax/xml/bind/jaxb-api/2.3.0/jaxb-api-2.3.0.jar:/home/user/.m2/repository/javax/activation/activation/1.1.1/activation-1.1.1.jar:/home/user/.m2/repository/org/apache/hadoop/hadoop-ozone-csi/1.1.0-SNAPSHOT/hadoop-ozone-csi-1.1.0-SNAPSHOT.jar:/home/user/.m2/repository/com/google/protobuf/protobuf-java-util/3.11.0/protobuf-java-util-3.11.0.jar:/home/user/.m2/repository/com/google/code/gson/gson/2.2.4/gson-2.2.4.jar:/home/user/.m2/repository/org/apache/hadoop/hadoop-hdds-config/1.1.0-SNAPSHOT/hadoop-hdds-config-1.1.0-SNAPSHOT.jar:/home/user/.m2/repository/com/google/protobuf/protobuf-java/2.5.0/protobuf-java-2.5.0.jar:/home/user/.m2/repository/io/grpc/grpc-netty/1.29.0/grpc-netty-1.29.0.jar:/home/user/.m2/repository/io/grpc/grpc-core/1.29.0/grpc-core-1.29.0.jar:/home/user/.m2/repository/com/google/android/annotations/4.1.1.4/annotations-4.1.1.4.jar:/home/user/.m2/repository/io/perfmark/perfmark-api/0.19.0/perfmark-api-0.19.0.jar:/home/user/.m2/repository/io/netty/netty-codec-http2/4.1.48.Final/netty-codec-http2-4.1.48.Final.jar:/home/user/.m2/repository/io/netty/netty-codec/4.1.48.Final/netty-codec-4.1.48.Final.jar:/home/user/.m2/repository/io/netty/netty-handler/4.1.48.Final/netty-handler-4.1.48.Final.jar:/home/user/.m2/repository/io/netty/netty-codec-http/4.1.48.Final/netty-codec-http-4.1.48.Final.jar:/home/user/.m2/repository/io/netty/netty-handler-proxy/4.1.48.Final/netty-handler-proxy-4.1.48.Final.jar:/home/user/.m2/repository/io/netty/netty-codec-socks/4.1.48.Final/netty-codec-socks-4.1.48.Final.jar:/home/user/.m2/repository/io/netty/netty-transport-native-epoll/4.1.48.Final/netty-transport-native-epoll-4.1.48.Final.jar:/home/user/.m2/repository/io/netty/netty-common/4.1.48.Final/netty-common-4.1.48.Final.jar:/home/user/.m2/repository/io/netty/netty-buffer/4.1.48.Final/netty-buffer-4.1.48.Final.jar:/home/user/.m2/repository/io/netty/netty-transport/4.1.48.Final/netty-transport-4.1.48.Final.jar:/home/user/.m2/repository/io/netty/netty-resolver/4.1.48.Final/netty-resolver-4.1.48.Final.jar:/home/user/.m2/repository/io/netty/netty-transport-native-unix-common/4.1.48.Final/netty-transport-native-unix-common-4.1.48.Final.jar:/home/user/.m2/repository/io/grpc/grpc-protobuf/1.29.0/grpc-protobuf-1.29.0.jar:/home/user/.m2/repository/io/grpc/grpc-api/1.29.0/grpc-api-1.29.0.jar:/home/user/.m2/repository/io/grpc/grpc-context/1.29.0/grpc-context-1.29.0.jar:/home/user/.m2/repository/org/codehaus/mojo/animal-sniffer-annotations/1.18/animal-sniffer-annotations-1.18.jar:/home/user/.m2/repository/com/google/api/grpc/proto-google-common-protos/1.17.0/proto-google-common-protos-1.17.0.jar:/home/user/.m2/repository/io/grpc/grpc-protobuf-lite/1.29.0/grpc-protobuf-lite-1.29.0.jar:/home/user/.m2/repository/io/grpc/grpc-stub/1.29.0/grpc-stub-1.29.0.jar:/home/user/.m2/repository/org/apache/hadoop/hadoop-ozone-recon/1.1.0-SNAPSHOT/hadoop-ozone-recon-1.1.0-SNAPSHOT.jar:/home/user/.m2/repository/org/apache/hadoop/hadoop-ozone-reconcodegen/1.1.0-SNAPSHOT/hadoop-ozone-reconcodegen-1.1.0-SNAPSHOT.jar:/home/user/.m2/repository/com/google/inject/extensions/guice-multibindings/4.0/guice-multibindings-4.0.jar:/home/user/.m2/repository/com/google/inject/guice/4.0/guice-4.0.jar:/home/user/.m2/repository/aopalliance/aopalliance/1.0/aopalliance-1.0.jar:/home/user/.m2/repository/com/google/inject/extensions/guice-assistedinject/4.0/guice-assistedinject-4.0.jar:/home/user/.m2/repository/com/google/inject/extensions/guice-servlet/4.0/guice-servlet-4.0.jar:/home/user/.m2/repository/org/glassfish/jersey/containers/jersey-container-servlet/2.27/jersey-container-servlet-2.27.jar:/home/user/.m2/repository/org/glassfish/hk2/guice-bridge/2.5.0/guice-bridge-2.5.0.jar:/home/user/.m2/repository/org/glassfish/jersey/core/jersey-server/2.27/jersey-server-2.27.jar:/home/user/.m2/repository/org/glassfish/jersey/core/jersey-client/2.27/jersey-client-2.27.jar:/home/user/.m2/repository/org/glassfish/jersey/media/jersey-media-jaxb/2.27/jersey-media-jaxb-2.27.jar:/home/user/.m2/repository/javax/validation/validation-api/1.1.0.Final/validation-api-1.1.0.Final.jar:/home/user/.m2/repository/org/glassfish/jersey/media/jersey-media-json-jackson/2.27/jersey-media-json-jackson-2.27.jar:/home/user/.m2/repository/org/glassfish/jersey/ext/jersey-entity-filtering/2.27/jersey-entity-filtering-2.27.jar:/home/user/.m2/repository/org/jooq/jooq/3.11.10/jooq-3.11.10.jar:/home/user/.m2/repository/org/jooq/jooq-meta/3.11.10/jooq-meta-3.11.10.jar:/home/user/.m2/repository/org/jooq/jooq-codegen/3.11.10/jooq-codegen-3.11.10.jar:/home/user/.m2/repository/com/jolbox/bonecp/0.8.0.RELEASE/bonecp-0.8.0.RELEASE.jar:/home/user/.m2/repository/org/apache/derby/derby/10.14.2.0/derby-10.14.2.0.jar:/home/user/.m2/repository/org/xerial/sqlite-jdbc/3.25.2/sqlite-jdbc-3.25.2.jar:/home/user/.m2/repository/org/springframework/spring-jdbc/5.2.5.RELEASE/spring-jdbc-5.2.5.RELEASE.jar:/home/user/.m2/repository/org/springframework/spring-beans/5.2.5.RELEASE/spring-beans-5.2.5.RELEASE.jar:/home/user/.m2/repository/org/springframework/spring-core/5.2.5.RELEASE/spring-core-5.2.5.RELEASE.jar:/home/user/.m2/repository/org/springframework/spring-jcl/5.2.5.RELEASE/spring-jcl-5.2.5.RELEASE.jar:/home/user/.m2/repository/org/springframework/spring-tx/5.2.5.RELEASE/spring-tx-5.2.5.RELEASE.jar:/home/user/.m2/repository/org/apache/hadoop/hadoop-ozone-client/1.1.0-SNAPSHOT/hadoop-ozone-client-1.1.0-SNAPSHOT.jar:/home/user/.m2/repository/org/apache/hadoop/hadoop-ozone-filesystem/1.1.0-SNAPSHOT/hadoop-ozone-filesystem-1.1.0-SNAPSHOT.jar:/home/user/.m2/repository/org/apache/hadoop/hadoop-ozone-filesystem-common/1.1.0-SNAPSHOT/hadoop-ozone-filesystem-common-1.1.0-SNAPSHOT.jar:/home/user/.m2/repository/org/apache/hadoop/hadoop-ozone-tools/1.1.0-SNAPSHOT/hadoop-ozone-tools-1.1.0-SNAPSHOT.jar:/home/user/.m2/repository/org/apache/ratis/ratis-tools/1.1.0-913f5a4-SNAPSHOT/ratis-tools-1.1.0-913f5a4-SNAPSHOT.jar:/home/user/.m2/repository/org/apache/ratis/ratis-proto/1.1.0-913f5a4-SNAPSHOT/ratis-proto-1.1.0-913f5a4-SNAPSHOT.jar:/home/user/.m2/repository/org/apache/ratis/ratis-common/1.1.0-913f5a4-SNAPSHOT/ratis-common-1.1.0-913f5a4-SNAPSHOT.jar:/home/user/.m2/repository/com/amazonaws/aws-java-sdk-core/1.11.901/aws-java-sdk-core-1.11.901.jar:/home/user/.m2/repository/org/apache/httpcomponents/httpclient/4.5.13/httpclient-4.5.13.jar:/home/user/.m2/repository/org/apache/httpcomponents/httpcore/4.4.13/httpcore-4.4.13.jar:/home/user/.m2/repository/software/amazon/ion/ion-java/1.0.2/ion-java-1.0.2.jar:/home/user/.m2/repository/com/fasterxml/jackson/dataformat/jackson-dataformat-cbor/2.10.3/jackson-dataformat-cbor-2.10.3.jar:/home/user/.m2/repository/joda-time/joda-time/2.8.1/joda-time-2.8.1.jar:/home/user/.m2/repository/com/amazonaws/aws-java-sdk-s3/1.11.901/aws-java-sdk-s3-1.11.901.jar:/home/user/.m2/repository/com/amazonaws/aws-java-sdk-kms/1.11.901/aws-java-sdk-kms-1.11.901.jar:/home/user/.m2/repository/com/amazonaws/jmespath-java/1.11.901/jmespath-java-1.11.901.jar:/home/user/.m2/repository/org/kohsuke/metainf-services/metainf-services/1.8/metainf-services-1.8.jar:/home/user/.m2/repository/org/apache/hadoop/hadoop-hdds-tools/1.1.0-SNAPSHOT/hadoop-hdds-tools-1.1.0-SNAPSHOT.jar:/home/user/.m2/repository/commons-cli/commons-cli/1.2/commons-cli-1.2.jar:/home/user/.m2/repository/org/apache/commons/commons-lang3/3.7/commons-lang3-3.7.jar:/home/user/.m2/repository/org/apache/hadoop/hadoop-ozone-ozone-manager/1.1.0-SNAPSHOT/hadoop-ozone-ozone-manager-1.1.0-SNAPSHOT-tests.jar:/home/user/.m2/repository/org/apache/hadoop/hadoop-hdds-common/1.1.0-SNAPSHOT/hadoop-hdds-common-1.1.0-SNAPSHOT-tests.jar:/home/user/.m2/repository/org/apache/hadoop/hadoop-hdds-hadoop-dependency-client/1.1.0-SNAPSHOT/hadoop-hdds-hadoop-dependency-client-1.1.0-SNAPSHOT.jar:/home/user/.m2/repository/info/picocli/picocli/4.4.0/picocli-4.4.0.jar:/home/user/.m2/repository/com/fasterxml/jackson/core/jackson-annotations/2.10.3/jackson-annotations-2.10.3.jar:/home/user/.m2/repository/javax/annotation/javax.annotation-api/1.2/javax.annotation-api-1.2.jar:/home/user/.m2/repository/org/fusesource/leveldbjni/leveldbjni-all/1.8/leveldbjni-all-1.8.jar:/home/user/.m2/repository/org/apache/ratis/ratis-server/1.1.0-913f5a4-SNAPSHOT/ratis-server-1.1.0-913f5a4-SNAPSHOT.jar:/home/user/.m2/repository/org/apache/ratis/ratis-client/1.1.0-913f5a4-SNAPSHOT/ratis-client-1.1.0-913f5a4-SNAPSHOT.jar:/home/user/.m2/repository/org/apache/ratis/ratis-metrics/1.1.0-913f5a4-SNAPSHOT/ratis-metrics-1.1.0-913f5a4-SNAPSHOT.jar:/home/user/.m2/repository/org/apache/ratis/ratis-netty/1.1.0-913f5a4-SNAPSHOT/ratis-netty-1.1.0-913f5a4-SNAPSHOT.jar:/home/user/.m2/repository/org/apache/ratis/ratis-grpc/1.1.0-913f5a4-SNAPSHOT/ratis-grpc-1.1.0-913f5a4-SNAPSHOT.jar:/home/user/.m2/repository/org/apache/logging/log4j/log4j-api/2.13.3/log4j-api-2.13.3.jar:/home/user/.m2/repository/org/apache/logging/log4j/log4j-core/2.13.3/log4j-core-2.13.3.jar:/home/user/.m2/repository/com/lmax/disruptor/3.4.2/disruptor-3.4.2.jar:/home/user/.m2/repository/org/apache/commons/commons-pool2/2.6.0/commons-pool2-2.6.0.jar:/home/user/.m2/repository/org/bouncycastle/bcpkix-jdk15on/1.60/bcpkix-jdk15on-1.60.jar:/home/user/.m2/repository/commons-validator/commons-validator/1.6/commons-validator-1.6.jar:/home/user/.m2/repository/commons-beanutils/commons-beanutils/1.9.4/commons-beanutils-1.9.4.jar:/home/user/.m2/repository/commons-digester/commons-digester/1.8.1/commons-digester-1.8.1.jar:/home/user/.m2/repository/commons-collections/commons-collections/3.2.2/commons-collections-3.2.2.jar:/home/user/.m2/repository/io/jaegertracing/jaeger-client/1.2.0/jaeger-client-1.2.0.jar:/home/user/.m2/repository/io/jaegertracing/jaeger-thrift/1.2.0/jaeger-thrift-1.2.0.jar:/home/user/.m2/repository/org/apache/thrift/libthrift/0.13.0/libthrift-0.13.0.jar:/home/user/.m2/repository/com/squareup/okhttp3/okhttp/4.2.2/okhttp-4.2.2.jar:/home/user/.m2/repository/com/squareup/okio/okio/2.2.2/okio-2.2.2.jar:/home/user/.m2/repository/org/jetbrains/kotlin/kotlin-stdlib/1.3.50/kotlin-stdlib-1.3.50.jar:/home/user/.m2/repository/org/jetbrains/kotlin/kotlin-stdlib-common/1.3.50/kotlin-stdlib-common-1.3.50.jar:/home/user/.m2/repository/org/jetbrains/annotations/13.0/annotations-13.0.jar:/home/user/.m2/repository/io/jaegertracing/jaeger-core/1.2.0/jaeger-core-1.2.0.jar:/home/user/.m2/repository/io/jaegertracing/jaeger-tracerresolver/1.2.0/jaeger-tracerresolver-1.2.0.jar:/home/user/.m2/repository/io/opentracing/contrib/opentracing-tracerresolver/0.1.8/opentracing-tracerresolver-0.1.8.jar:/home/user/.m2/repository/io/opentracing/opentracing-util/0.33.0/opentracing-util-0.33.0.jar:/home/user/.m2/repository/io/opentracing/opentracing-api/0.33.0/opentracing-api-0.33.0.jar:/home/user/.m2/repository/io/opentracing/opentracing-noop/0.33.0/opentracing-noop-0.33.0.jar:/home/user/.m2/repository/org/yaml/snakeyaml/1.26/snakeyaml-1.26.jar:/home/user/.m2/repository/junit/junit/4.11/junit-4.11.jar:/home/user/.m2/repository/org/hamcrest/hamcrest-core/1.3/hamcrest-core-1.3.jar:/home/user/.m2/repository/org/openjdk/jmh/jmh-core/1.19/jmh-core-1.19.jar:/home/user/.m2/repository/net/sf/jopt-simple/jopt-simple/4.6/jopt-simple-4.6.jar:/home/user/.m2/repository/org/apache/commons/commons-math3/3.1.1/commons-math3-3.1.1.jar:/home/user/.m2/repository/org/openjdk/jmh/jmh-generator-annprocess/1.19/jmh-generator-annprocess-1.19.jar:/home/user/.m2/repository/org/mockito/mockito-all/1.8.5/mockito-all-1.8.5.jar:/home/user/.m2/repository/org/apache/hadoop/hadoop-kms/3.2.1/hadoop-kms-3.2.1.jar:/home/user/.m2/repository/org/apache/hadoop/hadoop-auth/3.2.1/hadoop-auth-3.2.1.jar:/home/user/.m2/repository/com/nimbusds/nimbus-jose-jwt/7.9/nimbus-jose-jwt-7.9.jar:/home/user/.m2/repository/com/github/stephenc/jcip/jcip-annotations/1.0-1/jcip-annotations-1.0-1.jar:/home/user/.m2/repository/net/minidev/json-smart/2.3/json-smart-2.3.jar:/home/user/.m2/repository/net/minidev/accessors-smart/1.2/accessors-smart-1.2.jar:/home/user/.m2/repository/org/ow2/asm/asm/5.0.4/asm-5.0.4.jar:/home/user/.m2/repository/org/apache/zookeeper/zookeeper/3.4.13/zookeeper-3.4.13.jar:/home/user/.m2/repository/org/apache/yetus/audience-annotations/0.5.0/audience-annotations-0.5.0.jar:/home/user/.m2/repository/org/apache/curator/curator-framework/2.13.0/curator-framework-2.13.0.jar:/home/user/.m2/repository/com/sun/jersey/jersey-core/1.19/jersey-core-1.19.jar:/home/user/.m2/repository/javax/ws/rs/jsr311-api/1.1.1/jsr311-api-1.1.1.jar:/home/user/.m2/repository/com/sun/jersey/jersey-server/1.19/jersey-server-1.19.jar:/home/user/.m2/repository/javax/servlet/javax.servlet-api/3.1.0/javax.servlet-api-3.1.0.jar:/home/user/.m2/repository/org/eclipse/jetty/jetty-server/9.4.34.v20201102/jetty-server-9.4.34.v20201102.jar:/home/user/.m2/repository/org/eclipse/jetty/jetty-http/9.4.34.v20201102/jetty-http-9.4.34.v20201102.jar:/home/user/.m2/repository/org/eclipse/jetty/jetty-io/9.4.34.v20201102/jetty-io-9.4.34.v20201102.jar:/home/user/.m2/repository/org/eclipse/jetty/jetty-webapp/9.4.34.v20201102/jetty-webapp-9.4.34.v20201102.jar:/home/user/.m2/repository/org/eclipse/jetty/jetty-xml/9.4.34.v20201102/jetty-xml-9.4.34.v20201102.jar:/home/user/.m2/repository/org/apache/hadoop/hadoop-common/3.2.1/hadoop-common-3.2.1.jar:/home/user/.m2/repository/commons-net/commons-net/3.6/commons-net-3.6.jar:/home/user/.m2/repository/com/sun/jersey/jersey-servlet/1.19/jersey-servlet-1.19.jar:/home/user/.m2/repository/com/sun/jersey/jersey-json/1.19/jersey-json-1.19.jar:/home/user/.m2/repository/org/codehaus/jettison/jettison/1.1/jettison-1.1.jar:/home/user/.m2/repository/org/codehaus/jackson/jackson-jaxrs/1.9.2/jackson-jaxrs-1.9.2.jar:/home/user/.m2/repository/org/codehaus/jackson/jackson-xc/1.9.2/jackson-xc-1.9.2.jar:/home/user/.m2/repository/org/apache/commons/commons-configuration2/2.1.1/commons-configuration2-2.1.1.jar:/home/user/.m2/repository/org/apache/commons/commons-text/1.4/commons-text-1.4.jar:/home/user/.m2/repository/com/google/re2j/re2j/1.1/re2j-1.1.jar:/home/user/.m2/repository/com/jcraft/jsch/0.1.54/jsch-0.1.54.jar:/home/user/.m2/repository/org/apache/curator/curator-client/2.13.0/curator-client-2.13.0.jar:/home/user/.m2/repository/org/apache/curator/curator-recipes/2.13.0/curator-recipes-2.13.0.jar:/home/user/.m2/repository/dnsjava/dnsjava/2.1.7/dnsjava-2.1.7.jar:/home/user/.m2/repository/org/slf4j/jul-to-slf4j/1.7.30/jul-to-slf4j-1.7.30.jar:/home/user/.m2/repository/org/eclipse/jetty/jetty-util/9.4.34.v20201102/jetty-util-9.4.34.v20201102.jar:/home/user/.m2/repository/com/fasterxml/jackson/core/jackson-databind/2.10.3/jackson-databind-2.10.3.jar:/home/user/.m2/repository/org/apache/hadoop/hadoop-kms/3.2.1/hadoop-kms-3.2.1-tests.jar:/home/user/.m2/repository/org/apache/hadoop/hadoop-hdds-server-scm/1.1.0-SNAPSHOT/hadoop-hdds-server-scm-1.1.0-SNAPSHOT-tests.jar:/home/user/.m2/repository/org/apache/hadoop/hadoop-hdds-container-service/1.1.0-SNAPSHOT/hadoop-hdds-container-service-1.1.0-SNAPSHOT-tests.jar:/home/user/.m2/repository/commons-codec/commons-codec/1.11/commons-codec-1.11.jar:/home/user/.m2/repository/org/apache/hadoop/hadoop-hdds-hadoop-dependency-test/1.1.0-SNAPSHOT/hadoop-hdds-hadoop-dependency-test-1.1.0-SNAPSHOT.jar:/home/user/.m2/repository/org/apache/hadoop/hadoop-common/3.2.1/hadoop-common-3.2.1-tests.jar:/home/user/.m2/repository/org/apache/hadoop/hadoop-hdfs/3.2.1/hadoop-hdfs-3.2.1-tests.jar:/home/user/.m2/repository/org/eclipse/jetty/jetty-util-ajax/9.4.34.v20201102/jetty-util-ajax-9.4.34.v20201102.jar:/home/user/.m2/repository/commons-daemon/commons-daemon/1.0.13/commons-daemon-1.0.13.jar:/home/user/.m2/repository/io/netty/netty/3.10.5.Final/netty-3.10.5.Final.jar:/home/user/.m2/repository/io/netty/netty-all/4.1.48.Final/netty-all-4.1.48.Final.jar:/home/user/.m2/repository/org/apache/htrace/htrace-core4/4.1.0-incubating/htrace-core4-4.1.0-incubating.jar:/home/user/.m2/repository/org/apache/hadoop/hadoop-distcp/3.2.1/hadoop-distcp-3.2.1.jar:/home/user/.m2/repository/org/apache/hadoop/hadoop-mapreduce-client-jobclient/3.2.1/hadoop-mapreduce-client-jobclient-3.2.1.jar:/home/user/.m2/repository/org/apache/hadoop/hadoop-mapreduce-client-common/3.2.1/hadoop-mapreduce-client-common-3.2.1.jar:/home/user/.m2/repository/org/apache/hadoop/hadoop-yarn-common/3.2.1/hadoop-yarn-common-3.2.1.jar:/home/user/.m2/repository/org/apache/hadoop/hadoop-yarn-api/3.2.1/hadoop-yarn-api-3.2.1.jar:/home/user/.m2/repository/com/sun/jersey/jersey-client/1.19/jersey-client-1.19.jar:/home/user/.m2/repository/com/sun/jersey/contribs/jersey-guice/1.19/jersey-guice-1.19.jar:/home/user/.m2/repository/com/fasterxml/jackson/jaxrs/jackson-jaxrs-json-provider/2.10.3/jackson-jaxrs-json-provider-2.10.3.jar:/home/user/.m2/repository/com/fasterxml/jackson/jaxrs/jackson-jaxrs-base/2.10.3/jackson-jaxrs-base-2.10.3.jar:/home/user/.m2/repository/org/apache/hadoop/hadoop-yarn-client/3.2.1/hadoop-yarn-client-3.2.1.jar:/home/user/.m2/repository/org/apache/hadoop/hadoop-mapreduce-client-core/3.2.1/hadoop-mapreduce-client-core-3.2.1.jar:/home/user/.m2/repository/org/apache/avro/avro/1.7.7/avro-1.7.7.jar:/home/user/.m2/repository/org/codehaus/jackson/jackson-core-asl/1.9.13/jackson-core-asl-1.9.13.jar:/home/user/.m2/repository/org/codehaus/jackson/jackson-mapper-asl/1.9.13/jackson-mapper-asl-1.9.13.jar:/home/user/.m2/repository/com/thoughtworks/paranamer/paranamer/2.3/paranamer-2.3.jar:/home/user/.m2/repository/org/xerial/snappy/snappy-java/1.0.5/snappy-java-1.0.5.jar:/home/user/.m2/repository/org/apache/hadoop/hadoop-annotations/3.2.1/hadoop-annotations-3.2.1.jar:/usr/lib/jvm/java-1.8.0-openjdk-1.8.0.232.b09-0.el7_7.x86_64/jre/../lib/tools.jar:/home/user/.m2/repository/org/apache/hadoop/hadoop-distcp/3.2.1/hadoop-distcp-3.2.1-tests.jar:"/>
    <property name="java.vm.vendor" value="Oracle Corporation"/>
    <property name="sun.arch.data.model" value="64"/>
    <property name="test.build.dir" value="/github/workspace/mnt/ozone/hadoop-ozone/integration-test/target/test-dir"/>
    <property name="test.cache.data" value=""/>
    <property name="java.vendor.url" value="http://java.oracle.com/"/>
    <property name="user.timezone" value=""/>
    <property name="java.vm.specification.version" value="1.8"/>
    <property name="os.name" value="Linux"/>
    <property name="test.build.data" value="/github/workspace/mnt/ozone/hadoop-ozone/integration-test/target/test-dir"/>
    <property name="user.country" value="US"/>
    <property name="sun.java.launcher" value="SUN_STANDARD"/>
    <property name="sun.boot.library.path" value="/usr/lib/jvm/java-1.8.0-openjdk-1.8.0.232.b09-0.el7_7.x86_64/jre/lib/amd64"/>
    <property name="sun.java.command" value="/github/workspace/mnt/ozone/hadoop-ozone/integration-test/target/surefire/surefirebooter3892331261241466743.jar /github/workspace/mnt/ozone/hadoop-ozone/integration-test/target/surefire 2020-12-04T05-28-41_264-jvmRun1 surefire2448842783852619581tmp surefire_125444906109938996619tmp"/>
    <property name="surefire.test.class.path" value="/github/workspace/mnt/ozone/hadoop-ozone/integration-test/target/test-classes:/github/workspace/mnt/ozone/hadoop-ozone/integration-test/target/classes:/home/user/.m2/repository/org/apache/hadoop/hadoop-ozone-common/1.1.0-SNAPSHOT/hadoop-ozone-common-1.1.0-SNAPSHOT.jar:/home/user/.m2/repository/org/apache/commons/commons-compress/1.4.1/commons-compress-1.4.1.jar:/home/user/.m2/repository/org/tukaani/xz/1.0/xz-1.0.jar:/home/user/.m2/repository/org/apache/hadoop/hadoop-hdds-common/1.1.0-SNAPSHOT/hadoop-hdds-common-1.1.0-SNAPSHOT.jar:/home/user/.m2/repository/org/apache/hadoop/hadoop-hdds-client/1.1.0-SNAPSHOT/hadoop-hdds-client-1.1.0-SNAPSHOT.jar:/home/user/.m2/repository/org/apache/hadoop/hadoop-ozone-interface-client/1.1.0-SNAPSHOT/hadoop-ozone-interface-client-1.1.0-SNAPSHOT.jar:/home/user/.m2/repository/org/apache/hadoop/hadoop-hdds-test-utils/1.1.0-SNAPSHOT/hadoop-hdds-test-utils-1.1.0-SNAPSHOT.jar:/home/user/.m2/repository/com/google/guava/guava/28.2-jre/guava-28.2-jre.jar:/home/user/.m2/repository/com/google/guava/failureaccess/1.0.1/failureaccess-1.0.1.jar:/home/user/.m2/repository/com/google/guava/listenablefuture/9999.0-empty-to-avoid-conflict-with-guava/listenablefuture-9999.0-empty-to-avoid-conflict-with-guava.jar:/home/user/.m2/repository/com/google/code/findbugs/jsr305/3.0.0/jsr305-3.0.0.jar:/home/user/.m2/repository/org/checkerframework/checker-qual/2.10.0/checker-qual-2.10.0.jar:/home/user/.m2/repository/com/google/errorprone/error_prone_annotations/2.2.0/error_prone_annotations-2.2.0.jar:/home/user/.m2/repository/com/google/j2objc/j2objc-annotations/1.3/j2objc-annotations-1.3.jar:/home/user/.m2/repository/commons-io/commons-io/2.5/commons-io-2.5.jar:/home/user/.m2/repository/commons-logging/commons-logging/1.2/commons-logging-1.2.jar:/home/user/.m2/repository/log4j/log4j/1.2.17/log4j-1.2.17.jar:/home/user/.m2/repository/org/slf4j/slf4j-api/1.7.30/slf4j-api-1.7.30.jar:/home/user/.m2/repository/org/apache/hadoop/hadoop-hdds-server-scm/1.1.0-SNAPSHOT/hadoop-hdds-server-scm-1.1.0-SNAPSHOT.jar:/home/user/.m2/repository/org/apache/hadoop/hadoop-hdds-container-service/1.1.0-SNAPSHOT/hadoop-hdds-container-service-1.1.0-SNAPSHOT.jar:/home/user/.m2/repository/org/apache/hadoop/hadoop-hdds-hadoop-dependency-server/1.1.0-SNAPSHOT/hadoop-hdds-hadoop-dependency-server-1.1.0-SNAPSHOT.jar:/home/user/.m2/repository/org/apache/hadoop/hadoop-hdfs/3.2.1/hadoop-hdfs-3.2.1.jar:/home/user/.m2/repository/org/apache/hadoop/hadoop-hdds-server-framework/1.1.0-SNAPSHOT/hadoop-hdds-server-framework-1.1.0-SNAPSHOT.jar:/home/user/.m2/repository/org/apache/hadoop/hadoop-hdds-interface-server/1.1.0-SNAPSHOT/hadoop-hdds-interface-server-1.1.0-SNAPSHOT.jar:/home/user/.m2/repository/org/apache/hadoop/hadoop-hdds-interface-admin/1.1.0-SNAPSHOT/hadoop-hdds-interface-admin-1.1.0-SNAPSHOT.jar:/home/user/.m2/repository/org/eclipse/jetty/jetty-servlet/9.4.34.v20201102/jetty-servlet-9.4.34.v20201102.jar:/home/user/.m2/repository/org/eclipse/jetty/jetty-security/9.4.34.v20201102/jetty-security-9.4.34.v20201102.jar:/home/user/.m2/repository/org/rocksdb/rocksdbjni/6.8.1/rocksdbjni-6.8.1.jar:/home/user/.m2/repository/io/prometheus/simpleclient_dropwizard/0.7.0/simpleclient_dropwizard-0.7.0.jar:/home/user/.m2/repository/io/prometheus/simpleclient/0.7.0/simpleclient-0.7.0.jar:/home/user/.m2/repository/io/prometheus/simpleclient_common/0.7.0/simpleclient_common-0.7.0.jar:/home/user/.m2/repository/com/fasterxml/jackson/datatype/jackson-datatype-jsr310/2.10.3/jackson-datatype-jsr310-2.10.3.jar:/home/user/.m2/repository/io/dropwizard/metrics/metrics-core/3.2.4/metrics-core-3.2.4.jar:/home/user/.m2/repository/org/apache/hadoop/hadoop-hdfs-client/3.2.1/hadoop-hdfs-client-3.2.1.jar:/home/user/.m2/repository/org/bouncycastle/bcprov-jdk15on/1.60/bcprov-jdk15on-1.60.jar:/home/user/.m2/repository/org/apache/hadoop/hadoop-ozone-ozone-manager/1.1.0-SNAPSHOT/hadoop-ozone-ozone-manager-1.1.0-SNAPSHOT.jar:/home/user/.m2/repository/org/apache/hadoop/hadoop-hdds-interface-client/1.1.0-SNAPSHOT/hadoop-hdds-interface-client-1.1.0-SNAPSHOT.jar:/home/user/.m2/repository/org/apache/ratis/ratis-thirdparty-misc/0.6.0-SNAPSHOT/ratis-thirdparty-misc-0.6.0-SNAPSHOT.jar:/home/user/.m2/repository/org/apache/hadoop/hadoop-ozone-interface-storage/1.1.0-SNAPSHOT/hadoop-ozone-interface-storage-1.1.0-SNAPSHOT.jar:/home/user/.m2/repository/org/apache/hadoop/hadoop-minikdc/3.2.1/hadoop-minikdc-3.2.1.jar:/home/user/.m2/repository/org/apache/kerby/kerb-simplekdc/1.0.1/kerb-simplekdc-1.0.1.jar:/home/user/.m2/repository/org/apache/kerby/kerb-client/1.0.1/kerb-client-1.0.1.jar:/home/user/.m2/repository/org/apache/kerby/kerby-config/1.0.1/kerby-config-1.0.1.jar:/home/user/.m2/repository/org/apache/kerby/kerb-core/1.0.1/kerb-core-1.0.1.jar:/home/user/.m2/repository/org/apache/kerby/kerby-pkix/1.0.1/kerby-pkix-1.0.1.jar:/home/user/.m2/repository/org/apache/kerby/kerby-asn1/1.0.1/kerby-asn1-1.0.1.jar:/home/user/.m2/repository/org/apache/kerby/kerby-util/1.0.1/kerby-util-1.0.1.jar:/home/user/.m2/repository/org/apache/kerby/kerb-common/1.0.1/kerb-common-1.0.1.jar:/home/user/.m2/repository/org/apache/kerby/kerb-crypto/1.0.1/kerb-crypto-1.0.1.jar:/home/user/.m2/repository/org/apache/kerby/kerb-util/1.0.1/kerb-util-1.0.1.jar:/home/user/.m2/repository/org/apache/kerby/token-provider/1.0.1/token-provider-1.0.1.jar:/home/user/.m2/repository/org/apache/kerby/kerb-admin/1.0.1/kerb-admin-1.0.1.jar:/home/user/.m2/repository/org/apache/kerby/kerb-server/1.0.1/kerb-server-1.0.1.jar:/home/user/.m2/repository/org/apache/kerby/kerb-identity/1.0.1/kerb-identity-1.0.1.jar:/home/user/.m2/repository/org/apache/kerby/kerby-xdr/1.0.1/kerby-xdr-1.0.1.jar:/home/user/.m2/repository/org/slf4j/slf4j-log4j12/1.7.30/slf4j-log4j12-1.7.30.jar:/home/user/.m2/repository/org/apache/hadoop/hadoop-ozone-s3gateway/1.1.0-SNAPSHOT/hadoop-ozone-s3gateway-1.1.0-SNAPSHOT.jar:/home/user/.m2/repository/org/jboss/weld/servlet/weld-servlet/2.4.7.Final/weld-servlet-2.4.7.Final.jar:/home/user/.m2/repository/org/glassfish/jersey/containers/jersey-container-servlet-core/2.27/jersey-container-servlet-core-2.27.jar:/home/user/.m2/repository/org/glassfish/hk2/external/javax.inject/2.5.0-b42/javax.inject-2.5.0-b42.jar:/home/user/.m2/repository/org/glassfish/jersey/core/jersey-common/2.27/jersey-common-2.27.jar:/home/user/.m2/repository/org/glassfish/hk2/osgi-resource-locator/1.0.1/osgi-resource-locator-1.0.1.jar:/home/user/.m2/repository/javax/ws/rs/javax.ws.rs-api/2.1/javax.ws.rs-api-2.1.jar:/home/user/.m2/repository/org/glassfish/jersey/ext/cdi/jersey-cdi1x/2.27/jersey-cdi1x-2.27.jar:/home/user/.m2/repository/org/glassfish/jersey/inject/jersey-hk2/2.27/jersey-hk2-2.27.jar:/home/user/.m2/repository/org/glassfish/hk2/hk2-locator/2.5.0-b42/hk2-locator-2.5.0-b42.jar:/home/user/.m2/repository/org/javassist/javassist/3.22.0-CR2/javassist-3.22.0-CR2.jar:/home/user/.m2/repository/org/glassfish/hk2/hk2-api/2.5.0/hk2-api-2.5.0.jar:/home/user/.m2/repository/org/glassfish/hk2/external/jakarta.inject/2.5.0/jakarta.inject-2.5.0.jar:/home/user/.m2/repository/org/glassfish/hk2/hk2-utils/2.5.0/hk2-utils-2.5.0.jar:/home/user/.m2/repository/jakarta/annotation/jakarta.annotation-api/1.3.4/jakarta.annotation-api-1.3.4.jar:/home/user/.m2/repository/org/glassfish/hk2/external/aopalliance-repackaged/2.5.0/aopalliance-repackaged-2.5.0.jar:/home/user/.m2/repository/com/fasterxml/jackson/dataformat/jackson-dataformat-xml/2.10.3/jackson-dataformat-xml-2.10.3.jar:/home/user/.m2/repository/com/fasterxml/jackson/core/jackson-core/2.10.3/jackson-core-2.10.3.jar:/home/user/.m2/repository/com/fasterxml/jackson/module/jackson-module-jaxb-annotations/2.10.3/jackson-module-jaxb-annotations-2.10.3.jar:/home/user/.m2/repository/jakarta/xml/bind/jakarta.xml.bind-api/2.3.2/jakarta.xml.bind-api-2.3.2.jar:/home/user/.m2/repository/jakarta/activation/jakarta.activation-api/1.2.1/jakarta.activation-api-1.2.1.jar:/home/user/.m2/repository/org/codehaus/woodstox/stax2-api/3.1.4/stax2-api-3.1.4.jar:/home/user/.m2/repository/com/fasterxml/woodstox/woodstox-core/5.0.3/woodstox-core-5.0.3.jar:/home/user/.m2/repository/javax/enterprise/cdi-api/1.2/cdi-api-1.2.jar:/home/user/.m2/repository/javax/el/javax.el-api/3.0.0/javax.el-api-3.0.0.jar:/home/user/.m2/repository/javax/interceptor/javax.interceptor-api/1.2/javax.interceptor-api-1.2.jar:/home/user/.m2/repository/javax/inject/javax.inject/1/javax.inject-1.jar:/home/user/.m2/repository/com/sun/xml/bind/jaxb-impl/2.3.0.1/jaxb-impl-2.3.0.1.jar:/home/user/.m2/repository/com/sun/xml/bind/jaxb-core/2.3.0.1/jaxb-core-2.3.0.1.jar:/home/user/.m2/repository/javax/xml/bind/jaxb-api/2.3.0/jaxb-api-2.3.0.jar:/home/user/.m2/repository/javax/activation/activation/1.1.1/activation-1.1.1.jar:/home/user/.m2/repository/org/apache/hadoop/hadoop-ozone-csi/1.1.0-SNAPSHOT/hadoop-ozone-csi-1.1.0-SNAPSHOT.jar:/home/user/.m2/repository/com/google/protobuf/protobuf-java-util/3.11.0/protobuf-java-util-3.11.0.jar:/home/user/.m2/repository/com/google/code/gson/gson/2.2.4/gson-2.2.4.jar:/home/user/.m2/repository/org/apache/hadoop/hadoop-hdds-config/1.1.0-SNAPSHOT/hadoop-hdds-config-1.1.0-SNAPSHOT.jar:/home/user/.m2/repository/com/google/protobuf/protobuf-java/2.5.0/protobuf-java-2.5.0.jar:/home/user/.m2/repository/io/grpc/grpc-netty/1.29.0/grpc-netty-1.29.0.jar:/home/user/.m2/repository/io/grpc/grpc-core/1.29.0/grpc-core-1.29.0.jar:/home/user/.m2/repository/com/google/android/annotations/4.1.1.4/annotations-4.1.1.4.jar:/home/user/.m2/repository/io/perfmark/perfmark-api/0.19.0/perfmark-api-0.19.0.jar:/home/user/.m2/repository/io/netty/netty-codec-http2/4.1.48.Final/netty-codec-http2-4.1.48.Final.jar:/home/user/.m2/repository/io/netty/netty-codec/4.1.48.Final/netty-codec-4.1.48.Final.jar:/home/user/.m2/repository/io/netty/netty-handler/4.1.48.Final/netty-handler-4.1.48.Final.jar:/home/user/.m2/repository/io/netty/netty-codec-http/4.1.48.Final/netty-codec-http-4.1.48.Final.jar:/home/user/.m2/repository/io/netty/netty-handler-proxy/4.1.48.Final/netty-handler-proxy-4.1.48.Final.jar:/home/user/.m2/repository/io/netty/netty-codec-socks/4.1.48.Final/netty-codec-socks-4.1.48.Final.jar:/home/user/.m2/repository/io/netty/netty-transport-native-epoll/4.1.48.Final/netty-transport-native-epoll-4.1.48.Final.jar:/home/user/.m2/repository/io/netty/netty-common/4.1.48.Final/netty-common-4.1.48.Final.jar:/home/user/.m2/repository/io/netty/netty-buffer/4.1.48.Final/netty-buffer-4.1.48.Final.jar:/home/user/.m2/repository/io/netty/netty-transport/4.1.48.Final/netty-transport-4.1.48.Final.jar:/home/user/.m2/repository/io/netty/netty-resolver/4.1.48.Final/netty-resolver-4.1.48.Final.jar:/home/user/.m2/repository/io/netty/netty-transport-native-unix-common/4.1.48.Final/netty-transport-native-unix-common-4.1.48.Final.jar:/home/user/.m2/repository/io/grpc/grpc-protobuf/1.29.0/grpc-protobuf-1.29.0.jar:/home/user/.m2/repository/io/grpc/grpc-api/1.29.0/grpc-api-1.29.0.jar:/home/user/.m2/repository/io/grpc/grpc-context/1.29.0/grpc-context-1.29.0.jar:/home/user/.m2/repository/org/codehaus/mojo/animal-sniffer-annotations/1.18/animal-sniffer-annotations-1.18.jar:/home/user/.m2/repository/com/google/api/grpc/proto-google-common-protos/1.17.0/proto-google-common-protos-1.17.0.jar:/home/user/.m2/repository/io/grpc/grpc-protobuf-lite/1.29.0/grpc-protobuf-lite-1.29.0.jar:/home/user/.m2/repository/io/grpc/grpc-stub/1.29.0/grpc-stub-1.29.0.jar:/home/user/.m2/repository/org/apache/hadoop/hadoop-ozone-recon/1.1.0-SNAPSHOT/hadoop-ozone-recon-1.1.0-SNAPSHOT.jar:/home/user/.m2/repository/org/apache/hadoop/hadoop-ozone-reconcodegen/1.1.0-SNAPSHOT/hadoop-ozone-reconcodegen-1.1.0-SNAPSHOT.jar:/home/user/.m2/repository/com/google/inject/extensions/guice-multibindings/4.0/guice-multibindings-4.0.jar:/home/user/.m2/repository/com/google/inject/guice/4.0/guice-4.0.jar:/home/user/.m2/repository/aopalliance/aopalliance/1.0/aopalliance-1.0.jar:/home/user/.m2/repository/com/google/inject/extensions/guice-assistedinject/4.0/guice-assistedinject-4.0.jar:/home/user/.m2/repository/com/google/inject/extensions/guice-servlet/4.0/guice-servlet-4.0.jar:/home/user/.m2/repository/org/glassfish/jersey/containers/jersey-container-servlet/2.27/jersey-container-servlet-2.27.jar:/home/user/.m2/repository/org/glassfish/hk2/guice-bridge/2.5.0/guice-bridge-2.5.0.jar:/home/user/.m2/repository/org/glassfish/jersey/core/jersey-server/2.27/jersey-server-2.27.jar:/home/user/.m2/repository/org/glassfish/jersey/core/jersey-client/2.27/jersey-client-2.27.jar:/home/user/.m2/repository/org/glassfish/jersey/media/jersey-media-jaxb/2.27/jersey-media-jaxb-2.27.jar:/home/user/.m2/repository/javax/validation/validation-api/1.1.0.Final/validation-api-1.1.0.Final.jar:/home/user/.m2/repository/org/glassfish/jersey/media/jersey-media-json-jackson/2.27/jersey-media-json-jackson-2.27.jar:/home/user/.m2/repository/org/glassfish/jersey/ext/jersey-entity-filtering/2.27/jersey-entity-filtering-2.27.jar:/home/user/.m2/repository/org/jooq/jooq/3.11.10/jooq-3.11.10.jar:/home/user/.m2/repository/org/jooq/jooq-meta/3.11.10/jooq-meta-3.11.10.jar:/home/user/.m2/repository/org/jooq/jooq-codegen/3.11.10/jooq-codegen-3.11.10.jar:/home/user/.m2/repository/com/jolbox/bonecp/0.8.0.RELEASE/bonecp-0.8.0.RELEASE.jar:/home/user/.m2/repository/org/apache/derby/derby/10.14.2.0/derby-10.14.2.0.jar:/home/user/.m2/repository/org/xerial/sqlite-jdbc/3.25.2/sqlite-jdbc-3.25.2.jar:/home/user/.m2/repository/org/springframework/spring-jdbc/5.2.5.RELEASE/spring-jdbc-5.2.5.RELEASE.jar:/home/user/.m2/repository/org/springframework/spring-beans/5.2.5.RELEASE/spring-beans-5.2.5.RELEASE.jar:/home/user/.m2/repository/org/springframework/spring-core/5.2.5.RELEASE/spring-core-5.2.5.RELEASE.jar:/home/user/.m2/repository/org/springframework/spring-jcl/5.2.5.RELEASE/spring-jcl-5.2.5.RELEASE.jar:/home/user/.m2/repository/org/springframework/spring-tx/5.2.5.RELEASE/spring-tx-5.2.5.RELEASE.jar:/home/user/.m2/repository/org/apache/hadoop/hadoop-ozone-client/1.1.0-SNAPSHOT/hadoop-ozone-client-1.1.0-SNAPSHOT.jar:/home/user/.m2/repository/org/apache/hadoop/hadoop-ozone-filesystem/1.1.0-SNAPSHOT/hadoop-ozone-filesystem-1.1.0-SNAPSHOT.jar:/home/user/.m2/repository/org/apache/hadoop/hadoop-ozone-filesystem-common/1.1.0-SNAPSHOT/hadoop-ozone-filesystem-common-1.1.0-SNAPSHOT.jar:/home/user/.m2/repository/org/apache/hadoop/hadoop-ozone-tools/1.1.0-SNAPSHOT/hadoop-ozone-tools-1.1.0-SNAPSHOT.jar:/home/user/.m2/repository/org/apache/ratis/ratis-tools/1.1.0-913f5a4-SNAPSHOT/ratis-tools-1.1.0-913f5a4-SNAPSHOT.jar:/home/user/.m2/repository/org/apache/ratis/ratis-proto/1.1.0-913f5a4-SNAPSHOT/ratis-proto-1.1.0-913f5a4-SNAPSHOT.jar:/home/user/.m2/repository/org/apache/ratis/ratis-common/1.1.0-913f5a4-SNAPSHOT/ratis-common-1.1.0-913f5a4-SNAPSHOT.jar:/home/user/.m2/repository/com/amazonaws/aws-java-sdk-core/1.11.901/aws-java-sdk-core-1.11.901.jar:/home/user/.m2/repository/org/apache/httpcomponents/httpclient/4.5.13/httpclient-4.5.13.jar:/home/user/.m2/repository/org/apache/httpcomponents/httpcore/4.4.13/httpcore-4.4.13.jar:/home/user/.m2/repository/software/amazon/ion/ion-java/1.0.2/ion-java-1.0.2.jar:/home/user/.m2/repository/com/fasterxml/jackson/dataformat/jackson-dataformat-cbor/2.10.3/jackson-dataformat-cbor-2.10.3.jar:/home/user/.m2/repository/joda-time/joda-time/2.8.1/joda-time-2.8.1.jar:/home/user/.m2/repository/com/amazonaws/aws-java-sdk-s3/1.11.901/aws-java-sdk-s3-1.11.901.jar:/home/user/.m2/repository/com/amazonaws/aws-java-sdk-kms/1.11.901/aws-java-sdk-kms-1.11.901.jar:/home/user/.m2/repository/com/amazonaws/jmespath-java/1.11.901/jmespath-java-1.11.901.jar:/home/user/.m2/repository/org/kohsuke/metainf-services/metainf-services/1.8/metainf-services-1.8.jar:/home/user/.m2/repository/org/apache/hadoop/hadoop-hdds-tools/1.1.0-SNAPSHOT/hadoop-hdds-tools-1.1.0-SNAPSHOT.jar:/home/user/.m2/repository/commons-cli/commons-cli/1.2/commons-cli-1.2.jar:/home/user/.m2/repository/org/apache/commons/commons-lang3/3.7/commons-lang3-3.7.jar:/home/user/.m2/repository/org/apache/hadoop/hadoop-ozone-ozone-manager/1.1.0-SNAPSHOT/hadoop-ozone-ozone-manager-1.1.0-SNAPSHOT-tests.jar:/home/user/.m2/repository/org/apache/hadoop/hadoop-hdds-common/1.1.0-SNAPSHOT/hadoop-hdds-common-1.1.0-SNAPSHOT-tests.jar:/home/user/.m2/repository/org/apache/hadoop/hadoop-hdds-hadoop-dependency-client/1.1.0-SNAPSHOT/hadoop-hdds-hadoop-dependency-client-1.1.0-SNAPSHOT.jar:/home/user/.m2/repository/info/picocli/picocli/4.4.0/picocli-4.4.0.jar:/home/user/.m2/repository/com/fasterxml/jackson/core/jackson-annotations/2.10.3/jackson-annotations-2.10.3.jar:/home/user/.m2/repository/javax/annotation/javax.annotation-api/1.2/javax.annotation-api-1.2.jar:/home/user/.m2/repository/org/fusesource/leveldbjni/leveldbjni-all/1.8/leveldbjni-all-1.8.jar:/home/user/.m2/repository/org/apache/ratis/ratis-server/1.1.0-913f5a4-SNAPSHOT/ratis-server-1.1.0-913f5a4-SNAPSHOT.jar:/home/user/.m2/repository/org/apache/ratis/ratis-client/1.1.0-913f5a4-SNAPSHOT/ratis-client-1.1.0-913f5a4-SNAPSHOT.jar:/home/user/.m2/repository/org/apache/ratis/ratis-metrics/1.1.0-913f5a4-SNAPSHOT/ratis-metrics-1.1.0-913f5a4-SNAPSHOT.jar:/home/user/.m2/repository/org/apache/ratis/ratis-netty/1.1.0-913f5a4-SNAPSHOT/ratis-netty-1.1.0-913f5a4-SNAPSHOT.jar:/home/user/.m2/repository/org/apache/ratis/ratis-grpc/1.1.0-913f5a4-SNAPSHOT/ratis-grpc-1.1.0-913f5a4-SNAPSHOT.jar:/home/user/.m2/repository/org/apache/logging/log4j/log4j-api/2.13.3/log4j-api-2.13.3.jar:/home/user/.m2/repository/org/apache/logging/log4j/log4j-core/2.13.3/log4j-core-2.13.3.jar:/home/user/.m2/repository/com/lmax/disruptor/3.4.2/disruptor-3.4.2.jar:/home/user/.m2/repository/org/apache/commons/commons-pool2/2.6.0/commons-pool2-2.6.0.jar:/home/user/.m2/repository/org/bouncycastle/bcpkix-jdk15on/1.60/bcpkix-jdk15on-1.60.jar:/home/user/.m2/repository/commons-validator/commons-validator/1.6/commons-validator-1.6.jar:/home/user/.m2/repository/commons-beanutils/commons-beanutils/1.9.4/commons-beanutils-1.9.4.jar:/home/user/.m2/repository/commons-digester/commons-digester/1.8.1/commons-digester-1.8.1.jar:/home/user/.m2/repository/commons-collections/commons-collections/3.2.2/commons-collections-3.2.2.jar:/home/user/.m2/repository/io/jaegertracing/jaeger-client/1.2.0/jaeger-client-1.2.0.jar:/home/user/.m2/repository/io/jaegertracing/jaeger-thrift/1.2.0/jaeger-thrift-1.2.0.jar:/home/user/.m2/repository/org/apache/thrift/libthrift/0.13.0/libthrift-0.13.0.jar:/home/user/.m2/repository/com/squareup/okhttp3/okhttp/4.2.2/okhttp-4.2.2.jar:/home/user/.m2/repository/com/squareup/okio/okio/2.2.2/okio-2.2.2.jar:/home/user/.m2/repository/org/jetbrains/kotlin/kotlin-stdlib/1.3.50/kotlin-stdlib-1.3.50.jar:/home/user/.m2/repository/org/jetbrains/kotlin/kotlin-stdlib-common/1.3.50/kotlin-stdlib-common-1.3.50.jar:/home/user/.m2/repository/org/jetbrains/annotations/13.0/annotations-13.0.jar:/home/user/.m2/repository/io/jaegertracing/jaeger-core/1.2.0/jaeger-core-1.2.0.jar:/home/user/.m2/repository/io/jaegertracing/jaeger-tracerresolver/1.2.0/jaeger-tracerresolver-1.2.0.jar:/home/user/.m2/repository/io/opentracing/contrib/opentracing-tracerresolver/0.1.8/opentracing-tracerresolver-0.1.8.jar:/home/user/.m2/repository/io/opentracing/opentracing-util/0.33.0/opentracing-util-0.33.0.jar:/home/user/.m2/repository/io/opentracing/opentracing-api/0.33.0/opentracing-api-0.33.0.jar:/home/user/.m2/repository/io/opentracing/opentracing-noop/0.33.0/opentracing-noop-0.33.0.jar:/home/user/.m2/repository/org/yaml/snakeyaml/1.26/snakeyaml-1.26.jar:/home/user/.m2/repository/junit/junit/4.11/junit-4.11.jar:/home/user/.m2/repository/org/hamcrest/hamcrest-core/1.3/hamcrest-core-1.3.jar:/home/user/.m2/repository/org/openjdk/jmh/jmh-core/1.19/jmh-core-1.19.jar:/home/user/.m2/repository/net/sf/jopt-simple/jopt-simple/4.6/jopt-simple-4.6.jar:/home/user/.m2/repository/org/apache/commons/commons-math3/3.1.1/commons-math3-3.1.1.jar:/home/user/.m2/repository/org/openjdk/jmh/jmh-generator-annprocess/1.19/jmh-generator-annprocess-1.19.jar:/home/user/.m2/repository/org/mockito/mockito-all/1.8.5/mockito-all-1.8.5.jar:/home/user/.m2/repository/org/apache/hadoop/hadoop-kms/3.2.1/hadoop-kms-3.2.1.jar:/home/user/.m2/repository/org/apache/hadoop/hadoop-auth/3.2.1/hadoop-auth-3.2.1.jar:/home/user/.m2/repository/com/nimbusds/nimbus-jose-jwt/7.9/nimbus-jose-jwt-7.9.jar:/home/user/.m2/repository/com/github/stephenc/jcip/jcip-annotations/1.0-1/jcip-annotations-1.0-1.jar:/home/user/.m2/repository/net/minidev/json-smart/2.3/json-smart-2.3.jar:/home/user/.m2/repository/net/minidev/accessors-smart/1.2/accessors-smart-1.2.jar:/home/user/.m2/repository/org/ow2/asm/asm/5.0.4/asm-5.0.4.jar:/home/user/.m2/repository/org/apache/zookeeper/zookeeper/3.4.13/zookeeper-3.4.13.jar:/home/user/.m2/repository/org/apache/yetus/audience-annotations/0.5.0/audience-annotations-0.5.0.jar:/home/user/.m2/repository/org/apache/curator/curator-framework/2.13.0/curator-framework-2.13.0.jar:/home/user/.m2/repository/com/sun/jersey/jersey-core/1.19/jersey-core-1.19.jar:/home/user/.m2/repository/javax/ws/rs/jsr311-api/1.1.1/jsr311-api-1.1.1.jar:/home/user/.m2/repository/com/sun/jersey/jersey-server/1.19/jersey-server-1.19.jar:/home/user/.m2/repository/javax/servlet/javax.servlet-api/3.1.0/javax.servlet-api-3.1.0.jar:/home/user/.m2/repository/org/eclipse/jetty/jetty-server/9.4.34.v20201102/jetty-server-9.4.34.v20201102.jar:/home/user/.m2/repository/org/eclipse/jetty/jetty-http/9.4.34.v20201102/jetty-http-9.4.34.v20201102.jar:/home/user/.m2/repository/org/eclipse/jetty/jetty-io/9.4.34.v20201102/jetty-io-9.4.34.v20201102.jar:/home/user/.m2/repository/org/eclipse/jetty/jetty-webapp/9.4.34.v20201102/jetty-webapp-9.4.34.v20201102.jar:/home/user/.m2/repository/org/eclipse/jetty/jetty-xml/9.4.34.v20201102/jetty-xml-9.4.34.v20201102.jar:/home/user/.m2/repository/org/apache/hadoop/hadoop-common/3.2.1/hadoop-common-3.2.1.jar:/home/user/.m2/repository/commons-net/commons-net/3.6/commons-net-3.6.jar:/home/user/.m2/repository/com/sun/jersey/jersey-servlet/1.19/jersey-servlet-1.19.jar:/home/user/.m2/repository/com/sun/jersey/jersey-json/1.19/jersey-json-1.19.jar:/home/user/.m2/repository/org/codehaus/jettison/jettison/1.1/jettison-1.1.jar:/home/user/.m2/repository/org/codehaus/jackson/jackson-jaxrs/1.9.2/jackson-jaxrs-1.9.2.jar:/home/user/.m2/repository/org/codehaus/jackson/jackson-xc/1.9.2/jackson-xc-1.9.2.jar:/home/user/.m2/repository/org/apache/commons/commons-configuration2/2.1.1/commons-configuration2-2.1.1.jar:/home/user/.m2/repository/org/apache/commons/commons-text/1.4/commons-text-1.4.jar:/home/user/.m2/repository/com/google/re2j/re2j/1.1/re2j-1.1.jar:/home/user/.m2/repository/com/jcraft/jsch/0.1.54/jsch-0.1.54.jar:/home/user/.m2/repository/org/apache/curator/curator-client/2.13.0/curator-client-2.13.0.jar:/home/user/.m2/repository/org/apache/curator/curator-recipes/2.13.0/curator-recipes-2.13.0.jar:/home/user/.m2/repository/dnsjava/dnsjava/2.1.7/dnsjava-2.1.7.jar:/home/user/.m2/repository/org/slf4j/jul-to-slf4j/1.7.30/jul-to-slf4j-1.7.30.jar:/home/user/.m2/repository/org/eclipse/jetty/jetty-util/9.4.34.v20201102/jetty-util-9.4.34.v20201102.jar:/home/user/.m2/repository/com/fasterxml/jackson/core/jackson-databind/2.10.3/jackson-databind-2.10.3.jar:/home/user/.m2/repository/org/apache/hadoop/hadoop-kms/3.2.1/hadoop-kms-3.2.1-tests.jar:/home/user/.m2/repository/org/apache/hadoop/hadoop-hdds-server-scm/1.1.0-SNAPSHOT/hadoop-hdds-server-scm-1.1.0-SNAPSHOT-tests.jar:/home/user/.m2/repository/org/apache/hadoop/hadoop-hdds-container-service/1.1.0-SNAPSHOT/hadoop-hdds-container-service-1.1.0-SNAPSHOT-tests.jar:/home/user/.m2/repository/commons-codec/commons-codec/1.11/commons-codec-1.11.jar:/home/user/.m2/repository/org/apache/hadoop/hadoop-hdds-hadoop-dependency-test/1.1.0-SNAPSHOT/hadoop-hdds-hadoop-dependency-test-1.1.0-SNAPSHOT.jar:/home/user/.m2/repository/org/apache/hadoop/hadoop-common/3.2.1/hadoop-common-3.2.1-tests.jar:/home/user/.m2/repository/org/apache/hadoop/hadoop-hdfs/3.2.1/hadoop-hdfs-3.2.1-tests.jar:/home/user/.m2/repository/org/eclipse/jetty/jetty-util-ajax/9.4.34.v20201102/jetty-util-ajax-9.4.34.v20201102.jar:/home/user/.m2/repository/commons-daemon/commons-daemon/1.0.13/commons-daemon-1.0.13.jar:/home/user/.m2/repository/io/netty/netty/3.10.5.Final/netty-3.10.5.Final.jar:/home/user/.m2/repository/io/netty/netty-all/4.1.48.Final/netty-all-4.1.48.Final.jar:/home/user/.m2/repository/org/apache/htrace/htrace-core4/4.1.0-incubating/htrace-core4-4.1.0-incubating.jar:/home/user/.m2/repository/org/apache/hadoop/hadoop-distcp/3.2.1/hadoop-distcp-3.2.1.jar:/home/user/.m2/repository/org/apache/hadoop/hadoop-mapreduce-client-jobclient/3.2.1/hadoop-mapreduce-client-jobclient-3.2.1.jar:/home/user/.m2/repository/org/apache/hadoop/hadoop-mapreduce-client-common/3.2.1/hadoop-mapreduce-client-common-3.2.1.jar:/home/user/.m2/repository/org/apache/hadoop/hadoop-yarn-common/3.2.1/hadoop-yarn-common-3.2.1.jar:/home/user/.m2/repository/org/apache/hadoop/hadoop-yarn-api/3.2.1/hadoop-yarn-api-3.2.1.jar:/home/user/.m2/repository/com/sun/jersey/jersey-client/1.19/jersey-client-1.19.jar:/home/user/.m2/repository/com/sun/jersey/contribs/jersey-guice/1.19/jersey-guice-1.19.jar:/home/user/.m2/repository/com/fasterxml/jackson/jaxrs/jackson-jaxrs-json-provider/2.10.3/jackson-jaxrs-json-provider-2.10.3.jar:/home/user/.m2/repository/com/fasterxml/jackson/jaxrs/jackson-jaxrs-base/2.10.3/jackson-jaxrs-base-2.10.3.jar:/home/user/.m2/repository/org/apache/hadoop/hadoop-yarn-client/3.2.1/hadoop-yarn-client-3.2.1.jar:/home/user/.m2/repository/org/apache/hadoop/hadoop-mapreduce-client-core/3.2.1/hadoop-mapreduce-client-core-3.2.1.jar:/home/user/.m2/repository/org/apache/avro/avro/1.7.7/avro-1.7.7.jar:/home/user/.m2/repository/org/codehaus/jackson/jackson-core-asl/1.9.13/jackson-core-asl-1.9.13.jar:/home/user/.m2/repository/org/codehaus/jackson/jackson-mapper-asl/1.9.13/jackson-mapper-asl-1.9.13.jar:/home/user/.m2/repository/com/thoughtworks/paranamer/paranamer/2.3/paranamer-2.3.jar:/home/user/.m2/repository/org/xerial/snappy/snappy-java/1.0.5/snappy-java-1.0.5.jar:/home/user/.m2/repository/org/apache/hadoop/hadoop-annotations/3.2.1/hadoop-annotations-3.2.1.jar:/usr/lib/jvm/java-1.8.0-openjdk-1.8.0.232.b09-0.el7_7.x86_64/jre/../lib/tools.jar:/home/user/.m2/repository/org/apache/hadoop/hadoop-distcp/3.2.1/hadoop-distcp-3.2.1-tests.jar:"/>
    <property name="sun.cpu.endian" value="little"/>
    <property name="user.home" value="/home/user"/>
    <property name="user.language" value="en"/>
    <property name="java.specification.vendor" value="Oracle Corporation"/>
    <property name="java.home" value="/usr/lib/jvm/java-1.8.0-openjdk-1.8.0.232.b09-0.el7_7.x86_64/jre"/>
    <property name="java.security.krb5.conf" value="/github/workspace/mnt/ozone/hadoop-ozone/integration-test/target/test-classes/krb5.conf"/>
    <property name="basedir" value="/github/workspace/mnt/ozone/hadoop-ozone/integration-test"/>
    <property name="file.separator" value="/"/>
    <property name="line.separator" value="&#10;"/>
    <property name="java.vm.specification.vendor" value="Oracle Corporation"/>
    <property name="java.specification.name" value="Java Platform API Specification"/>
    <property name="java.awt.graphicsenv" value="sun.awt.X11GraphicsEnvironment"/>
    <property name="skip.installnpx" value="true"/>
    <property name="surefire.real.class.path" value="/github/workspace/mnt/ozone/hadoop-ozone/integration-test/target/surefire/surefirebooter3892331261241466743.jar:/home/user/.m2/repository/org/jacoco/org.jacoco.agent/0.8.5/org.jacoco.agent-0.8.5-runtime.jar"/>
    <property name="hadoop.log.dir" value="/github/workspace/mnt/ozone/hadoop-ozone/integration-test/target/log"/>
    <property name="sun.boot.class.path" value="/usr/lib/jvm/java-1.8.0-openjdk-1.8.0.232.b09-0.el7_7.x86_64/jre/lib/resources.jar:/usr/lib/jvm/java-1.8.0-openjdk-1.8.0.232.b09-0.el7_7.x86_64/jre/lib/rt.jar:/usr/lib/jvm/java-1.8.0-openjdk-1.8.0.232.b09-0.el7_7.x86_64/jre/lib/sunrsasign.jar:/usr/lib/jvm/java-1.8.0-openjdk-1.8.0.232.b09-0.el7_7.x86_64/jre/lib/jsse.jar:/usr/lib/jvm/java-1.8.0-openjdk-1.8.0.232.b09-0.el7_7.x86_64/jre/lib/jce.jar:/usr/lib/jvm/java-1.8.0-openjdk-1.8.0.232.b09-0.el7_7.x86_64/jre/lib/charsets.jar:/usr/lib/jvm/java-1.8.0-openjdk-1.8.0.232.b09-0.el7_7.x86_64/jre/lib/jfr.jar:/usr/lib/jvm/java-1.8.0-openjdk-1.8.0.232.b09-0.el7_7.x86_64/jre/classes"/>
    <property name="sun.management.compiler" value="HotSpot 64-Bit Tiered Compilers"/>
    <property name="skip.npx" value="true"/>
    <property name="java.runtime.version" value="1.8.0_232-b09"/>
    <property name="java.net.preferIPv4Stack" value="true"/>
    <property name="user.name" value="jenkins1001"/>
    <property name="path.separator" value=":"/>
    <property name="java.security.egd" value="file:///dev/urandom"/>
    <property name="os.version" value="5.4.0-1031-azure"/>
    <property name="java.endorsed.dirs" value="/usr/lib/jvm/java-1.8.0-openjdk-1.8.0.232.b09-0.el7_7.x86_64/jre/lib/endorsed"/>
    <property name="java.runtime.name" value="OpenJDK Runtime Environment"/>
    <property name="file.encoding" value="ANSI_X3.4-1968"/>
    <property name="java.vm.name" value="OpenJDK 64-Bit Server VM"/>
    <property name="test.build.webapps" value=""/>
    <property name="localRepository" value="/home/user/.m2/repository"/>
    <property name="java.vendor.url.bug" value="http://bugreport.sun.com/bugreport/"/>
    <property name="java.io.tmpdir" value="/tmp"/>
    <property name="require.test.libhadoop" value=""/>
    <property name="java.version" value="1.8.0_232"/>
    <property name="user.dir" value="/github/workspace/mnt/ozone/hadoop-ozone/integration-test"/>
    <property name="os.arch" value="amd64"/>
    <property name="java.vm.specification.name" value="Java Virtual Machine Specification"/>
    <property name="test.build.classes" value="/github/workspace/mnt/ozone/hadoop-ozone/integration-test/target/test-classes"/>
    <property name="java.awt.printerjob" value="sun.print.PSPrinterJob"/>
    <property name="sun.os.patch.level" value="unknown"/>
    <property name="hadoop.tmp.dir" value="/github/workspace/mnt/ozone/hadoop-ozone/integration-test/target/tmp"/>
    <property name="java.library.path" value="/usr/lib:/usr/java/packages/lib/amd64:/usr/lib64:/lib64:/lib:/usr/lib"/>
    <property name="java.vm.info" value="mixed mode"/>
    <property name="java.vendor" value="Oracle Corporation"/>
    <property name="java.vm.version" value="25.232-b09"/>
    <property name="java.ext.dirs" value="/usr/lib/jvm/java-1.8.0-openjdk-1.8.0.232.b09-0.el7_7.x86_64/jre/lib/ext:/usr/java/packages/lib/ext"/>
    <property name="sun.io.unicode.encoding" value="UnicodeLittle"/>
    <property name="java.class.version" value="52.0"/>
  </properties>
  <testcase name="test2DatanodesFailure" classname="org.apache.hadoop.ozone.client.rpc.TestBlockOutputStreamWithFailures" time="61.526"/>
  <testcase name="testDatanodeFailureWithPreAllocation" classname="org.apache.hadoop.ozone.client.rpc.TestBlockOutputStreamWithFailures" time="84.449"/>
  <testcase name="testDatanodeFailureWithSingleNodeRatis" classname="org.apache.hadoop.ozone.client.rpc.TestBlockOutputStreamWithFailures" time="88.936"/>
  <testcase name="testWatchForCommitWithSingleNodeRatis" classname="org.apache.hadoop.ozone.client.rpc.TestBlockOutputStreamWithFailures" time="43.216"/>
  <testcase name="testWatchForCommitDatanodeFailure" classname="org.apache.hadoop.ozone.client.rpc.TestBlockOutputStreamWithFailures" time="300.009">
    <error message="test timed out after 300000 milliseconds" type="java.lang.Exception">java.lang.Exception: test timed out after 300000 milliseconds
	at java.lang.Object.wait(Native Method)
	at java.util.concurrent.ForkJoinTask.externalAwaitDone(ForkJoinTask.java:334)
	at java.util.concurrent.ForkJoinTask.doInvoke(ForkJoinTask.java:405)
	at java.util.concurrent.ForkJoinTask.invoke(ForkJoinTask.java:734)
	at java.util.stream.ForEachOps$ForEachOp.evaluateParallel(ForEachOps.java:159)
	at java.util.stream.ForEachOps$ForEachOp$OfRef.evaluateParallel(ForEachOps.java:173)
	at java.util.stream.AbstractPipeline.evaluate(AbstractPipeline.java:233)
	at java.util.stream.ReferencePipeline.forEach(ReferencePipeline.java:485)
	at java.util.stream.ReferencePipeline$Head.forEach(ReferencePipeline.java:650)
	at org.apache.hadoop.ozone.MiniOzoneClusterImpl.stopDatanodes(MiniOzoneClusterImpl.java:464)
	at org.apache.hadoop.ozone.MiniOzoneClusterImpl.stop(MiniOzoneClusterImpl.java:405)
	at org.apache.hadoop.ozone.MiniOzoneClusterImpl.shutdown(MiniOzoneClusterImpl.java:392)
	at org.apache.hadoop.ozone.client.rpc.TestBlockOutputStreamWithFailures.shutdown(TestBlockOutputStreamWithFailures.java:158)
	at sun.reflect.NativeMethodAccessorImpl.invoke0(Native Method)
	at sun.reflect.NativeMethodAccessorImpl.invoke(NativeMethodAccessorImpl.java:62)
	at sun.reflect.DelegatingMethodAccessorImpl.invoke(DelegatingMethodAccessorImpl.java:43)
	at java.lang.reflect.Method.invoke(Method.java:498)
	at org.junit.runners.model.FrameworkMethod$1.runReflectiveCall(FrameworkMethod.java:47)
	at org.junit.internal.runners.model.ReflectiveCallable.run(ReflectiveCallable.java:12)
	at org.junit.runners.model.FrameworkMethod.invokeExplosively(FrameworkMethod.java:44)
	at org.junit.internal.runners.statements.RunAfters.evaluate(RunAfters.java:33)
	at org.junit.internal.runners.statements.FailOnTimeout$StatementThread.run(FailOnTimeout.java:74)
</error>
    <system-out><![CDATA[2020-12-04 06:02:26,034 [Thread-2294] WARN  server.ServerUtils (ServerUtils.java:getScmDbDir(148)) - ozone.scm.db.dirs is not configured. We recommend adding this setting. Falling back to ozone.metadata.dirs instead.
2020-12-04 06:02:26,036 [Thread-2294] WARN  server.ServerUtils (ServerUtils.java:getScmDbDir(148)) - ozone.scm.db.dirs is not configured. We recommend adding this setting. Falling back to ozone.metadata.dirs instead.
2020-12-04 06:02:26,037 [Thread-2294] WARN  db.DBStoreBuilder (DBStoreBuilder.java:applyDBDefinition(145)) - ozone.scm.db.dirs is not configured. We recommend adding this setting. Falling back to ozone.metadata.dirs instead.
2020-12-04 06:02:26,062 [Thread-2294] INFO  net.NodeSchemaLoader (NodeSchemaLoader.java:loadSchemaFromFile(126)) - Loading file from sun.misc.CompoundEnumeration@3df13e8c
2020-12-04 06:02:26,062 [Thread-2294] INFO  net.NodeSchemaLoader (NodeSchemaLoader.java:loadSchema(172)) - Loading network topology layer schema file
2020-12-04 06:02:26,065 [Thread-2294] WARN  server.ServerUtils (ServerUtils.java:sanitizeUserArgs(67)) - ozone.scm.dead.node.interval value = 10000 is smaller than min = 20000 based on the key value of ozone.scm.stale.node.interval, reset to the min value 20000.
2020-12-04 06:02:26,065 [Thread-2294] INFO  node.SCMNodeManager (SCMNodeManager.java:<init>(123)) - Entering startup safe mode.
2020-12-04 06:02:26,065 [Thread-2294] INFO  algorithms.ContainerPlacementPolicyFactory (ContainerPlacementPolicyFactory.java:getPolicy(60)) - Create container placement policy of type org.apache.hadoop.hdds.scm.container.placement.algorithms.SCMContainerPlacementRandom
2020-12-04 06:02:26,066 [Thread-2294] INFO  algorithms.LeaderChoosePolicyFactory (LeaderChoosePolicyFactory.java:getPolicy(57)) - Create leader choose policy of type org.apache.hadoop.hdds.scm.pipeline.leader.choose.algorithms.DefaultLeaderChoosePolicy
2020-12-04 06:02:26,066 [Thread-2294] INFO  pipeline.SCMPipelineManager (SCMPipelineManager.java:initializePipelineState(161)) - No pipeline exists in current db
2020-12-04 06:02:26,066 [Thread-2294] INFO  algorithms.PipelineChoosePolicyFactory (PipelineChoosePolicyFactory.java:createPipelineChoosePolicyFromClass(75)) - Create pipeline choose policy of type org.apache.hadoop.hdds.scm.pipeline.choose.algorithms.RandomPipelineChoosePolicy
2020-12-04 06:02:26,067 [Thread-2294] INFO  safemode.HealthyPipelineSafeModeRule (HealthyPipelineSafeModeRule.java:<init>(89)) - Total pipeline count is 0, healthy pipeline threshold count is 0
2020-12-04 06:02:26,067 [Thread-2294] INFO  safemode.OneReplicaPipelineSafeModeRule (OneReplicaPipelineSafeModeRule.java:<init>(84)) - Total pipeline count is 0, pipeline's with at least one datanode reported threshold count is 0
2020-12-04 06:02:26,069 [Thread-2294] INFO  ipc.CallQueueManager (CallQueueManager.java:<init>(84)) - Using callQueue: class java.util.concurrent.LinkedBlockingQueue, queueCapacity: 2000, scheduler: class org.apache.hadoop.ipc.DefaultRpcScheduler, ipcBackoff: false.
2020-12-04 06:02:26,073 [Socket Reader #1 for port 0] INFO  ipc.Server (Server.java:run(1219)) - Starting Socket Reader #1 for port 0
2020-12-04 06:02:26,074 [Listener at 0.0.0.0/41419] INFO  ipc.CallQueueManager (CallQueueManager.java:<init>(84)) - Using callQueue: class java.util.concurrent.LinkedBlockingQueue, queueCapacity: 2000, scheduler: class org.apache.hadoop.ipc.DefaultRpcScheduler, ipcBackoff: false.
2020-12-04 06:02:26,074 [Socket Reader #1 for port 0] INFO  ipc.Server (Server.java:run(1219)) - Starting Socket Reader #1 for port 0
2020-12-04 06:02:26,075 [Listener at 0.0.0.0/39339] INFO  ipc.CallQueueManager (CallQueueManager.java:<init>(84)) - Using callQueue: class java.util.concurrent.LinkedBlockingQueue, queueCapacity: 2000, scheduler: class org.apache.hadoop.ipc.DefaultRpcScheduler, ipcBackoff: false.
2020-12-04 06:02:26,075 [Socket Reader #1 for port 0] INFO  ipc.Server (Server.java:run(1219)) - Starting Socket Reader #1 for port 0
2020-12-04 06:02:26,079 [Listener at 0.0.0.0/39409] INFO  http.BaseHttpServer (BaseHttpServer.java:newHttpServer2BuilderForOzone(207)) - Starting Web-server for scm at: http://0.0.0.0:0
2020-12-04 06:02:26,079 [Listener at 0.0.0.0/39409] INFO  http.BaseHttpServer (BaseHttpServer.java:<init>(106)) - Hadoop Security Enabled: false Ozone Security Enabled: false Ozone HTTP Security Enabled: false 
2020-12-04 06:02:26,080 [Listener at 0.0.0.0/39409] INFO  server.AuthenticationFilter (AuthenticationFilter.java:constructSecretProvider(240)) - Unable to initialize FileSignerSecretProvider, falling back to use random secrets.
2020-12-04 06:02:26,080 [Listener at 0.0.0.0/39409] WARN  http.HttpRequestLog (HttpRequestLog.java:getRequestLog(103)) - Jetty request log can only be enabled using Log4j
2020-12-04 06:02:26,081 [Listener at 0.0.0.0/39409] INFO  http.HttpServer2 (HttpServer2.java:addGlobalFilter(1019)) - Added global filter 'safety' (class=org.apache.hadoop.hdds.server.http.HttpServer2$QuotingInputFilter)
2020-12-04 06:02:26,082 [Listener at 0.0.0.0/39409] INFO  http.HttpServer2 (HttpServer2.java:addFilter(995)) - Added filter static_user_filter (class=org.apache.hadoop.http.lib.StaticUserWebFilter$StaticUserFilter) to context scm
2020-12-04 06:02:26,082 [Listener at 0.0.0.0/39409] INFO  http.HttpServer2 (HttpServer2.java:addFilter(1003)) - Added filter static_user_filter (class=org.apache.hadoop.http.lib.StaticUserWebFilter$StaticUserFilter) to context logs
2020-12-04 06:02:26,082 [Listener at 0.0.0.0/39409] INFO  http.HttpServer2 (HttpServer2.java:addFilter(1003)) - Added filter static_user_filter (class=org.apache.hadoop.http.lib.StaticUserWebFilter$StaticUserFilter) to context static
2020-12-04 06:02:26,083 [Listener at 0.0.0.0/39409] INFO  server.StorageContainerManager (StorageContainerManager.java:start(789)) - StorageContainerLocationProtocol RPC server is listening at /0.0.0.0:39409
2020-12-04 06:02:26,085 [Listener at 0.0.0.0/39409] WARN  impl.MetricsConfig (MetricsConfig.java:loadFirst(134)) - Cannot locate configuration: tried hadoop-metrics2-storagecontainermanager.properties,hadoop-metrics2.properties
2020-12-04 06:02:26,085 [Listener at 0.0.0.0/39409] INFO  impl.MetricsSystemImpl (MetricsSystemImpl.java:startTimer(374)) - Scheduled Metric snapshot period at 10 second(s).
2020-12-04 06:02:26,085 [Listener at 0.0.0.0/39409] INFO  impl.MetricsSystemImpl (MetricsSystemImpl.java:start(191)) - StorageContainerManager metrics system started
2020-12-04 06:02:26,103 [Listener at 0.0.0.0/39409] WARN  impl.MetricsSystemImpl (MetricsSystemImpl.java:register(276)) - Sink prometheus already exists!
2020-12-04 06:02:26,129 [Listener at 0.0.0.0/39409] INFO  server.SCMClientProtocolServer (SCMClientProtocolServer.java:start(159)) - RPC server for Client  is listening at /0.0.0.0:39409
2020-12-04 06:02:26,129 [IPC Server Responder] INFO  ipc.Server (Server.java:run(1460)) - IPC Server Responder: starting
2020-12-04 06:02:26,130 [IPC Server listener on 0] INFO  ipc.Server (Server.java:run(1298)) - IPC Server listener on 0: starting
2020-12-04 06:02:26,142 [Listener at 0.0.0.0/39409] INFO  server.StorageContainerManager (StorageContainerManager.java:start(801)) - ScmBlockLocationProtocol RPC server is listening at /0.0.0.0:39339
2020-12-04 06:02:26,142 [Listener at 0.0.0.0/39409] INFO  server.SCMBlockProtocolServer (SCMBlockProtocolServer.java:start(150)) - RPC server for Block Protocol is listening at /0.0.0.0:39339
2020-12-04 06:02:26,142 [IPC Server Responder] INFO  ipc.Server (Server.java:run(1460)) - IPC Server Responder: starting
2020-12-04 06:02:26,145 [IPC Server listener on 0] INFO  ipc.Server (Server.java:run(1298)) - IPC Server listener on 0: starting
2020-12-04 06:02:26,154 [Listener at 0.0.0.0/39409] INFO  server.StorageContainerManager (StorageContainerManager.java:start(807)) - ScmDatanodeProtocl RPC server is listening at /0.0.0.0:41419
2020-12-04 06:02:26,154 [Listener at 0.0.0.0/39409] INFO  server.SCMDatanodeProtocolServer (SCMDatanodeProtocolServer.java:start(174)) - RPC server for DataNodes is listening at /0.0.0.0:41419
2020-12-04 06:02:26,154 [IPC Server Responder] INFO  ipc.Server (Server.java:run(1460)) - IPC Server Responder: starting
2020-12-04 06:02:26,155 [IPC Server listener on 0] INFO  ipc.Server (Server.java:run(1298)) - IPC Server listener on 0: starting
2020-12-04 06:02:26,157 [Listener at 0.0.0.0/39409] INFO  http.HttpServer2 (HttpServer2.java:bindListener(1237)) - Jetty bound to port 41469
2020-12-04 06:02:26,157 [Listener at 0.0.0.0/39409] INFO  server.Server (Server.java:doStart(375)) - jetty-9.4.34.v20201102; built: 2020-11-02T14:15:39.302Z; git: e46af88704a893fc12cb0e3bf46e2c7b48a009e7; jvm 1.8.0_232-b09
2020-12-04 06:02:26,158 [Listener at 0.0.0.0/39409] INFO  server.session (DefaultSessionIdManager.java:doStart(334)) - DefaultSessionIdManager workerName=node0
2020-12-04 06:02:26,158 [Listener at 0.0.0.0/39409] INFO  server.session (DefaultSessionIdManager.java:doStart(339)) - No SessionScavenger set, using defaults
2020-12-04 06:02:26,158 [Listener at 0.0.0.0/39409] INFO  server.session (HouseKeeper.java:startScavenging(132)) - node0 Scavenging every 660000ms
2020-12-04 06:02:26,159 [Listener at 0.0.0.0/39409] INFO  handler.ContextHandler (ContextHandler.java:doStart(916)) - Started o.e.j.s.ServletContextHandler@329db020{logs,/logs,file:///github/workspace/mnt/ozone/hadoop-ozone/integration-test/target/log,AVAILABLE}
2020-12-04 06:02:26,159 [Listener at 0.0.0.0/39409] INFO  handler.ContextHandler (ContextHandler.java:doStart(916)) - Started o.e.j.s.ServletContextHandler@c5f3802{static,/static,file:///github/workspace/mnt/ozone/hadoop-ozone/integration-test/target/test-classes/webapps/static,AVAILABLE}
2020-12-04 06:02:26,162 [Listener at 0.0.0.0/39409] INFO  handler.ContextHandler (ContextHandler.java:doStart(916)) - Started o.e.j.w.WebAppContext@225f636b{scm,/,file:///github/workspace/mnt/ozone/hadoop-ozone/integration-test/target/test-classes/webapps/scm/,AVAILABLE}{file:/github/workspace/mnt/ozone/hadoop-ozone/integration-test/target/test-classes/webapps/scm}
2020-12-04 06:02:26,163 [Listener at 0.0.0.0/39409] INFO  server.AbstractConnector (AbstractConnector.java:doStart(331)) - Started ServerConnector@67e52181{HTTP/1.1, (http/1.1)}{0.0.0.0:41469}
2020-12-04 06:02:26,163 [Listener at 0.0.0.0/39409] INFO  server.Server (Server.java:doStart(415)) - Started @279131ms
2020-12-04 06:02:26,163 [Listener at 0.0.0.0/39409] WARN  impl.MetricsSystemImpl (MetricsSystemImpl.java:register(276)) - Sink prometheus already exists!
2020-12-04 06:02:26,167 [Listener at 0.0.0.0/39409] INFO  http.BaseHttpServer (BaseHttpServer.java:updateConnectorAddress(327)) - HTTP server of scm listening at http://0.0.0.0:41469
2020-12-04 06:02:26,167 [Listener at 0.0.0.0/39409] WARN  server.ServerUtils (ServerUtils.java:getDBPath(225)) - ozone.om.db.dirs is not configured. We recommend adding this setting. Falling back to ozone.metadata.dirs instead.
2020-12-04 06:02:26,167 [org.apache.hadoop.util.JvmPauseMonitor$Monitor@766159a5] INFO  util.JvmPauseMonitor (JvmPauseMonitor.java:run(188)) - Starting JVM pause monitor
2020-12-04 06:02:26,169 [Listener at 0.0.0.0/39409] INFO  ha.OMHANodeDetails (OMHANodeDetails.java:loadOMHAConfig(104)) - ozone.om.internal.service.id is not defined, falling back to ozone.om.service.ids to find serviceID for OzoneManager if it is HA enabled cluster
2020-12-04 06:02:26,170 [Listener at 0.0.0.0/39409] INFO  ha.OMHANodeDetails (OMHANodeDetails.java:loadOMHAConfig(213)) - Configuration either no ozone.om.address set. Falling back to the default OM address /127.0.0.1:0
2020-12-04 06:02:26,170 [Listener at 0.0.0.0/39409] INFO  ha.OMHANodeDetails (OMHANodeDetails.java:getOMNodeDetails(241)) - OM Service ID is not set. Setting it to the default ID: omServiceIdDefault
2020-12-04 06:02:26,170 [Listener at 0.0.0.0/39409] WARN  server.ServerUtils (ServerUtils.java:getDBPath(225)) - ozone.om.db.dirs is not configured. We recommend adding this setting. Falling back to ozone.metadata.dirs instead.
2020-12-04 06:02:26,170 [Listener at 0.0.0.0/39409] WARN  server.ServerUtils (ServerUtils.java:getDBPath(225)) - ozone.om.db.dirs is not configured. We recommend adding this setting. Falling back to ozone.metadata.dirs instead.
2020-12-04 06:02:26,175 [Listener at 0.0.0.0/39409] WARN  server.ServerUtils (ServerUtils.java:getDBPath(225)) - ozone.om.db.dirs is not configured. We recommend adding this setting. Falling back to ozone.metadata.dirs instead.
2020-12-04 06:02:26,175 [Listener at 0.0.0.0/39409] INFO  codec.OmKeyInfoCodec (OmKeyInfoCodec.java:<init>(41)) - OmKeyInfoCodec ignorePipeline = true
2020-12-04 06:02:26,175 [Listener at 0.0.0.0/39409] INFO  codec.RepeatedOmKeyInfoCodec (RepeatedOmKeyInfoCodec.java:<init>(40)) - RepeatedOmKeyInfoCodec ignorePipeline = true
2020-12-04 06:02:26,229 [Listener at 0.0.0.0/39409] INFO  om.OzoneManager (OzoneManager.java:addS3GVolumeToDB(3737)) - Created Volume s3v With Owner jenkins1001 required for S3Gateway operations.
2020-12-04 06:02:26,230 [Listener at 0.0.0.0/39409] INFO  ipc.CallQueueManager (CallQueueManager.java:<init>(84)) - Using callQueue: class java.util.concurrent.LinkedBlockingQueue, queueCapacity: 2000, scheduler: class org.apache.hadoop.ipc.DefaultRpcScheduler, ipcBackoff: false.
2020-12-04 06:02:26,230 [Socket Reader #1 for port 0] INFO  ipc.Server (Server.java:run(1219)) - Starting Socket Reader #1 for port 0
2020-12-04 06:02:26,246 [Listener at 127.0.0.1/45059] INFO  impl.MetricsSystemImpl (MetricsSystemImpl.java:init(158)) - OzoneManager metrics system started (again)
2020-12-04 06:02:26,247 [Listener at 127.0.0.1/45059] INFO  om.OzoneManager (OzoneManager.java:start(1145)) - OzoneManager RPC server is listening at localhost/127.0.0.1:45059
2020-12-04 06:02:26,251 [Listener at 127.0.0.1/45059] INFO  http.BaseHttpServer (BaseHttpServer.java:newHttpServer2BuilderForOzone(207)) - Starting Web-server for ozoneManager at: http://0.0.0.0:0
2020-12-04 06:02:26,251 [Listener at 127.0.0.1/45059] INFO  http.BaseHttpServer (BaseHttpServer.java:<init>(106)) - Hadoop Security Enabled: false Ozone Security Enabled: false Ozone HTTP Security Enabled: false 
2020-12-04 06:02:26,252 [Listener at 127.0.0.1/45059] INFO  server.AuthenticationFilter (AuthenticationFilter.java:constructSecretProvider(240)) - Unable to initialize FileSignerSecretProvider, falling back to use random secrets.
2020-12-04 06:02:26,252 [Listener at 127.0.0.1/45059] WARN  http.HttpRequestLog (HttpRequestLog.java:getRequestLog(103)) - Jetty request log can only be enabled using Log4j
2020-12-04 06:02:26,253 [Listener at 127.0.0.1/45059] INFO  http.HttpServer2 (HttpServer2.java:addGlobalFilter(1019)) - Added global filter 'safety' (class=org.apache.hadoop.hdds.server.http.HttpServer2$QuotingInputFilter)
2020-12-04 06:02:26,253 [Listener at 127.0.0.1/45059] INFO  http.HttpServer2 (HttpServer2.java:addFilter(995)) - Added filter static_user_filter (class=org.apache.hadoop.http.lib.StaticUserWebFilter$StaticUserFilter) to context ozoneManager
2020-12-04 06:02:26,253 [Listener at 127.0.0.1/45059] INFO  http.HttpServer2 (HttpServer2.java:addFilter(1003)) - Added filter static_user_filter (class=org.apache.hadoop.http.lib.StaticUserWebFilter$StaticUserFilter) to context logs
2020-12-04 06:02:26,253 [Listener at 127.0.0.1/45059] INFO  http.HttpServer2 (HttpServer2.java:addFilter(1003)) - Added filter static_user_filter (class=org.apache.hadoop.http.lib.StaticUserWebFilter$StaticUserFilter) to context static
2020-12-04 06:02:26,254 [Listener at 127.0.0.1/45059] INFO  http.HttpServer2 (HttpServer2.java:bindListener(1237)) - Jetty bound to port 36131
2020-12-04 06:02:26,254 [Listener at 127.0.0.1/45059] INFO  server.Server (Server.java:doStart(375)) - jetty-9.4.34.v20201102; built: 2020-11-02T14:15:39.302Z; git: e46af88704a893fc12cb0e3bf46e2c7b48a009e7; jvm 1.8.0_232-b09
2020-12-04 06:02:26,255 [Listener at 127.0.0.1/45059] INFO  server.session (DefaultSessionIdManager.java:doStart(334)) - DefaultSessionIdManager workerName=node0
2020-12-04 06:02:26,255 [Listener at 127.0.0.1/45059] INFO  server.session (DefaultSessionIdManager.java:doStart(339)) - No SessionScavenger set, using defaults
2020-12-04 06:02:26,255 [Listener at 127.0.0.1/45059] INFO  server.session (HouseKeeper.java:startScavenging(132)) - node0 Scavenging every 600000ms
2020-12-04 06:02:26,256 [Listener at 127.0.0.1/45059] INFO  handler.ContextHandler (ContextHandler.java:doStart(916)) - Started o.e.j.s.ServletContextHandler@4c4b10fa{logs,/logs,file:///github/workspace/mnt/ozone/hadoop-ozone/integration-test/target/log,AVAILABLE}
2020-12-04 06:02:26,256 [Listener at 127.0.0.1/45059] INFO  handler.ContextHandler (ContextHandler.java:doStart(916)) - Started o.e.j.s.ServletContextHandler@3bf41b0f{static,/static,file:///github/workspace/mnt/ozone/hadoop-ozone/integration-test/target/test-classes/webapps/static,AVAILABLE}
2020-12-04 06:02:26,258 [Listener at 127.0.0.1/45059] INFO  handler.ContextHandler (ContextHandler.java:doStart(916)) - Started o.e.j.w.WebAppContext@376bbf52{ozoneManager,/,file:///github/workspace/mnt/ozone/hadoop-ozone/integration-test/target/test-classes/webapps/ozoneManager/,AVAILABLE}{file:/github/workspace/mnt/ozone/hadoop-ozone/integration-test/target/test-classes/webapps/ozoneManager}
2020-12-04 06:02:26,259 [Listener at 127.0.0.1/45059] INFO  server.AbstractConnector (AbstractConnector.java:doStart(331)) - Started ServerConnector@2a2b3cf0{HTTP/1.1, (http/1.1)}{0.0.0.0:36131}
2020-12-04 06:02:26,259 [Listener at 127.0.0.1/45059] INFO  server.Server (Server.java:doStart(415)) - Started @279228ms
2020-12-04 06:02:26,259 [Listener at 127.0.0.1/45059] WARN  impl.MetricsSystemImpl (MetricsSystemImpl.java:register(276)) - Sink prometheus already exists!
2020-12-04 06:02:26,263 [Listener at 127.0.0.1/45059] INFO  http.BaseHttpServer (BaseHttpServer.java:updateConnectorAddress(327)) - HTTP server of ozoneManager listening at http://0.0.0.0:36131
2020-12-04 06:02:26,263 [IPC Server Responder] INFO  ipc.Server (Server.java:run(1460)) - IPC Server Responder: starting
2020-12-04 06:02:26,263 [IPC Server listener on 0] INFO  ipc.Server (Server.java:run(1298)) - IPC Server listener on 0: starting
2020-12-04 06:02:26,269 [Listener at 127.0.0.1/45059] INFO  om.OzoneManager (OzoneManager.java:startTrashEmptier(1270)) - Trash Interval set to 0. Files deleted will not move to trash
2020-12-04 06:02:26,270 [org.apache.hadoop.util.JvmPauseMonitor$Monitor@1ab06dc4] INFO  util.JvmPauseMonitor (JvmPauseMonitor.java:run(188)) - Starting JVM pause monitor
2020-12-04 06:02:26,282 [Listener at 127.0.0.1/45059] INFO  impl.MetricsSystemImpl (MetricsSystemImpl.java:init(158)) - HddsDatanode metrics system started (again)
2020-12-04 06:02:26,283 [Listener at 127.0.0.1/45059] INFO  ozone.HddsDatanodeService (HddsDatanodeService.java:start(217)) - HddsDatanodeService host:63638dc2095a ip:172.17.0.2
2020-12-04 06:02:26,284 [Listener at 127.0.0.1/45059] INFO  volume.HddsVolume (HddsVolume.java:<init>(176)) - Creating Volume: /github/workspace/mnt/ozone/hadoop-ozone/integration-test/target/test-dir/MiniOzoneClusterImpl-d0e62b51-0f1f-480e-8215-4f24b3183874/datanode-0/data-0/containers/hdds of storage type : DISK and capacity : 9223372036854775807
2020-12-04 06:02:26,284 [Listener at 127.0.0.1/45059] INFO  volume.MutableVolumeSet (MutableVolumeSet.java:initializeVolumeSet(179)) - Added Volume : /github/workspace/mnt/ozone/hadoop-ozone/integration-test/target/test-dir/MiniOzoneClusterImpl-d0e62b51-0f1f-480e-8215-4f24b3183874/datanode-0/data-0/containers/hdds to VolumeSet
2020-12-04 06:02:26,284 [Listener at 127.0.0.1/45059] INFO  volume.ThrottledAsyncChecker (ThrottledAsyncChecker.java:schedule(141)) - Scheduling a check for /github/workspace/mnt/ozone/hadoop-ozone/integration-test/target/test-dir/MiniOzoneClusterImpl-d0e62b51-0f1f-480e-8215-4f24b3183874/datanode-0/data-0/containers/hdds
2020-12-04 06:02:26,285 [Listener at 127.0.0.1/45059] INFO  volume.HddsVolumeChecker (HddsVolumeChecker.java:checkAllVolumes(200)) - Scheduled health check for volume /github/workspace/mnt/ozone/hadoop-ozone/integration-test/target/test-dir/MiniOzoneClusterImpl-d0e62b51-0f1f-480e-8215-4f24b3183874/datanode-0/data-0/containers/hdds
2020-12-04 06:02:26,301 [Thread-2417] INFO  ozoneimpl.ContainerReader (ContainerReader.java:readVolume(123)) - Start to verify containers on volume /github/workspace/mnt/ozone/hadoop-ozone/integration-test/target/test-dir/MiniOzoneClusterImpl-d0e62b51-0f1f-480e-8215-4f24b3183874/datanode-0/data-0/containers/hdds
2020-12-04 06:02:26,301 [Thread-2417] INFO  ozoneimpl.ContainerReader (ContainerReader.java:readVolume(148)) - Finish verifying containers on volume /github/workspace/mnt/ozone/hadoop-ozone/integration-test/target/test-dir/MiniOzoneClusterImpl-d0e62b51-0f1f-480e-8215-4f24b3183874/datanode-0/data-0/containers/hdds
2020-12-04 06:02:26,302 [Listener at 127.0.0.1/45059] INFO  ozoneimpl.OzoneContainer (OzoneContainer.java:buildContainerSet(194)) - Build ContainerSet costs 0s
2020-12-04 06:02:26,307 [Listener at 127.0.0.1/45059] INFO  impl.RaftServerProxy (ConfUtils.java:logGet(44)) - raft.rpc.type = GRPC (default)
2020-12-04 06:02:26,307 [Listener at 127.0.0.1/45059] INFO  grpc.GrpcFactory (GrpcFactory.java:checkPooledByteBufAllocatorUseCacheForAllThreads(45)) - PERFORMANCE WARNING: useCacheForAllThreads is true that may cause Netty to create a lot garbage objects and, as a result, trigger GC.
	It is recommended to disable useCacheForAllThreads by setting -Dorg.apache.ratis.thirdparty.io.netty.allocator.useCacheForAllThreads=false in command line.
2020-12-04 06:02:26,307 [Listener at 127.0.0.1/45059] INFO  grpc.GrpcConfigKeys (ConfUtils.java:logGet(44)) - raft.grpc.server.port = 0 (default)
2020-12-04 06:02:26,307 [Listener at 127.0.0.1/45059] INFO  server.GrpcService (ConfUtils.java:logGet(44)) - raft.grpc.message.size.max = 32MB (=33554432) (custom)
2020-12-04 06:02:26,307 [Listener at 127.0.0.1/45059] INFO  server.RaftServerConfigKeys (ConfUtils.java:logGet(44)) - raft.server.log.appender.buffer.byte-limit = 33554432 (custom)
2020-12-04 06:02:26,307 [Listener at 127.0.0.1/45059] INFO  server.GrpcService (ConfUtils.java:logGet(44)) - raft.grpc.flow.control.window = 5MB (=5242880) (custom)
2020-12-04 06:02:26,307 [Listener at 127.0.0.1/45059] INFO  server.RaftServerConfigKeys (ConfUtils.java:logGet(44)) - raft.server.rpc.request.timeout = 3000ms (default)
2020-12-04 06:02:26,308 [Listener at 127.0.0.1/45059] INFO  impl.DataStreamServerImpl (ConfUtils.java:logGet(44)) - raft.datastream.type = DISABLED (default)
2020-12-04 06:02:26,308 [Listener at 127.0.0.1/45059] INFO  server.RaftServerConfigKeys (ConfUtils.java:logGet(44)) - raft.server.storage.dir = [/github/workspace/mnt/ozone/hadoop-ozone/integration-test/target/test-dir/MiniOzoneClusterImpl-d0e62b51-0f1f-480e-8215-4f24b3183874/datanode-0/data/ratis] (custom)
2020-12-04 06:02:26,314 [Listener at 127.0.0.1/45059] INFO  http.BaseHttpServer (BaseHttpServer.java:newHttpServer2BuilderForOzone(207)) - Starting Web-server for hddsDatanode at: http://0.0.0.0:0
2020-12-04 06:02:26,314 [Listener at 127.0.0.1/45059] INFO  http.BaseHttpServer (BaseHttpServer.java:<init>(106)) - Hadoop Security Enabled: false Ozone Security Enabled: false Ozone HTTP Security Enabled: false 
2020-12-04 06:02:26,315 [Listener at 127.0.0.1/45059] INFO  server.AuthenticationFilter (AuthenticationFilter.java:constructSecretProvider(240)) - Unable to initialize FileSignerSecretProvider, falling back to use random secrets.
2020-12-04 06:02:26,316 [Listener at 127.0.0.1/45059] WARN  http.HttpRequestLog (HttpRequestLog.java:getRequestLog(103)) - Jetty request log can only be enabled using Log4j
2020-12-04 06:02:26,316 [Listener at 127.0.0.1/45059] INFO  http.HttpServer2 (HttpServer2.java:addGlobalFilter(1019)) - Added global filter 'safety' (class=org.apache.hadoop.hdds.server.http.HttpServer2$QuotingInputFilter)
2020-12-04 06:02:26,317 [Listener at 127.0.0.1/45059] INFO  http.HttpServer2 (HttpServer2.java:addFilter(995)) - Added filter static_user_filter (class=org.apache.hadoop.http.lib.StaticUserWebFilter$StaticUserFilter) to context hddsDatanode
2020-12-04 06:02:26,317 [Listener at 127.0.0.1/45059] INFO  http.HttpServer2 (HttpServer2.java:addFilter(1003)) - Added filter static_user_filter (class=org.apache.hadoop.http.lib.StaticUserWebFilter$StaticUserFilter) to context logs
2020-12-04 06:02:26,317 [Listener at 127.0.0.1/45059] INFO  http.HttpServer2 (HttpServer2.java:addFilter(1003)) - Added filter static_user_filter (class=org.apache.hadoop.http.lib.StaticUserWebFilter$StaticUserFilter) to context static
2020-12-04 06:02:26,317 [Listener at 127.0.0.1/45059] INFO  http.HttpServer2 (HttpServer2.java:bindListener(1237)) - Jetty bound to port 45951
2020-12-04 06:02:26,317 [Listener at 127.0.0.1/45059] INFO  server.Server (Server.java:doStart(375)) - jetty-9.4.34.v20201102; built: 2020-11-02T14:15:39.302Z; git: e46af88704a893fc12cb0e3bf46e2c7b48a009e7; jvm 1.8.0_232-b09
2020-12-04 06:02:26,319 [Listener at 127.0.0.1/45059] INFO  server.session (DefaultSessionIdManager.java:doStart(334)) - DefaultSessionIdManager workerName=node0
2020-12-04 06:02:26,319 [Listener at 127.0.0.1/45059] INFO  server.session (DefaultSessionIdManager.java:doStart(339)) - No SessionScavenger set, using defaults
2020-12-04 06:02:26,319 [Listener at 127.0.0.1/45059] INFO  server.session (HouseKeeper.java:startScavenging(132)) - node0 Scavenging every 600000ms
2020-12-04 06:02:26,320 [Listener at 127.0.0.1/45059] INFO  handler.ContextHandler (ContextHandler.java:doStart(916)) - Started o.e.j.s.ServletContextHandler@12922d23{logs,/logs,file:///github/workspace/mnt/ozone/hadoop-ozone/integration-test/target/log,AVAILABLE}
2020-12-04 06:02:26,320 [Listener at 127.0.0.1/45059] INFO  handler.ContextHandler (ContextHandler.java:doStart(916)) - Started o.e.j.s.ServletContextHandler@7384a3bc{static,/static,jar:file:/home/user/.m2/repository/org/apache/hadoop/hadoop-hdds-container-service/1.1.0-SNAPSHOT/hadoop-hdds-container-service-1.1.0-SNAPSHOT.jar!/webapps/static,AVAILABLE}
2020-12-04 06:02:26,517 [Listener at 127.0.0.1/45059] INFO  handler.ContextHandler (ContextHandler.java:doStart(916)) - Started o.e.j.w.WebAppContext@1004c4aa{hddsDatanode,/,file:///tmp/jetty-0_0_0_0-45951-hadoop-hdds-container-service-1_1_0-SNAPSHOT_jar-_-any-6457504806327655704/webapp/,AVAILABLE}{jar:file:/home/user/.m2/repository/org/apache/hadoop/hadoop-hdds-container-service/1.1.0-SNAPSHOT/hadoop-hdds-container-service-1.1.0-SNAPSHOT.jar!/webapps/hddsDatanode}
2020-12-04 06:02:26,518 [Listener at 127.0.0.1/45059] INFO  server.AbstractConnector (AbstractConnector.java:doStart(331)) - Started ServerConnector@533349a2{HTTP/1.1, (http/1.1)}{0.0.0.0:45951}
2020-12-04 06:02:26,518 [Listener at 127.0.0.1/45059] INFO  server.Server (Server.java:doStart(415)) - Started @279486ms
2020-12-04 06:02:26,518 [Listener at 127.0.0.1/45059] WARN  impl.MetricsSystemImpl (MetricsSystemImpl.java:register(276)) - Sink prometheus already exists!
2020-12-04 06:02:26,521 [Listener at 127.0.0.1/45059] INFO  http.BaseHttpServer (BaseHttpServer.java:updateConnectorAddress(327)) - HTTP server of hddsDatanode listening at http://0.0.0.0:45951
2020-12-04 06:02:26,524 [Listener at 127.0.0.1/45059] INFO  impl.MetricsSystemImpl (MetricsSystemImpl.java:init(158)) - HddsDatanode metrics system started (again)
2020-12-04 06:02:26,526 [Listener at 127.0.0.1/45059] INFO  ozone.HddsDatanodeService (HddsDatanodeService.java:start(217)) - HddsDatanodeService host:63638dc2095a ip:172.17.0.2
2020-12-04 06:02:26,529 [org.apache.hadoop.util.JvmPauseMonitor$Monitor@46c7cdbc] INFO  util.JvmPauseMonitor (JvmPauseMonitor.java:run(188)) - Starting JVM pause monitor
2020-12-04 06:02:26,530 [Listener at 127.0.0.1/45059] INFO  volume.HddsVolume (HddsVolume.java:<init>(176)) - Creating Volume: /github/workspace/mnt/ozone/hadoop-ozone/integration-test/target/test-dir/MiniOzoneClusterImpl-d0e62b51-0f1f-480e-8215-4f24b3183874/datanode-1/data-0/containers/hdds of storage type : DISK and capacity : 9223372036854775807
2020-12-04 06:02:26,530 [Listener at 127.0.0.1/45059] INFO  volume.MutableVolumeSet (MutableVolumeSet.java:initializeVolumeSet(179)) - Added Volume : /github/workspace/mnt/ozone/hadoop-ozone/integration-test/target/test-dir/MiniOzoneClusterImpl-d0e62b51-0f1f-480e-8215-4f24b3183874/datanode-1/data-0/containers/hdds to VolumeSet
2020-12-04 06:02:26,530 [Listener at 127.0.0.1/45059] INFO  volume.ThrottledAsyncChecker (ThrottledAsyncChecker.java:schedule(141)) - Scheduling a check for /github/workspace/mnt/ozone/hadoop-ozone/integration-test/target/test-dir/MiniOzoneClusterImpl-d0e62b51-0f1f-480e-8215-4f24b3183874/datanode-1/data-0/containers/hdds
2020-12-04 06:02:26,530 [Listener at 127.0.0.1/45059] INFO  volume.HddsVolumeChecker (HddsVolumeChecker.java:checkAllVolumes(200)) - Scheduled health check for volume /github/workspace/mnt/ozone/hadoop-ozone/integration-test/target/test-dir/MiniOzoneClusterImpl-d0e62b51-0f1f-480e-8215-4f24b3183874/datanode-1/data-0/containers/hdds
2020-12-04 06:02:26,540 [Datanode State Machine Task Thread - 0] INFO  datanode.InitDatanodeState (InitDatanodeState.java:persistContainerDatanodeDetails(145)) - DatanodeDetails is persisted to /github/workspace/mnt/ozone/hadoop-ozone/integration-test/target/test-dir/MiniOzoneClusterImpl-d0e62b51-0f1f-480e-8215-4f24b3183874/datanode-0/meta/datanode.id
2020-12-04 06:02:26,544 [Thread-2428] INFO  ozoneimpl.ContainerReader (ContainerReader.java:readVolume(123)) - Start to verify containers on volume /github/workspace/mnt/ozone/hadoop-ozone/integration-test/target/test-dir/MiniOzoneClusterImpl-d0e62b51-0f1f-480e-8215-4f24b3183874/datanode-1/data-0/containers/hdds
2020-12-04 06:02:26,544 [Thread-2428] INFO  ozoneimpl.ContainerReader (ContainerReader.java:readVolume(148)) - Finish verifying containers on volume /github/workspace/mnt/ozone/hadoop-ozone/integration-test/target/test-dir/MiniOzoneClusterImpl-d0e62b51-0f1f-480e-8215-4f24b3183874/datanode-1/data-0/containers/hdds
2020-12-04 06:02:26,544 [Listener at 127.0.0.1/45059] INFO  ozoneimpl.OzoneContainer (OzoneContainer.java:buildContainerSet(194)) - Build ContainerSet costs 0s
2020-12-04 06:02:26,545 [Listener at 127.0.0.1/45059] INFO  impl.RaftServerProxy (ConfUtils.java:logGet(44)) - raft.rpc.type = GRPC (default)
2020-12-04 06:02:26,546 [Listener at 127.0.0.1/45059] INFO  grpc.GrpcFactory (GrpcFactory.java:checkPooledByteBufAllocatorUseCacheForAllThreads(45)) - PERFORMANCE WARNING: useCacheForAllThreads is true that may cause Netty to create a lot garbage objects and, as a result, trigger GC.
	It is recommended to disable useCacheForAllThreads by setting -Dorg.apache.ratis.thirdparty.io.netty.allocator.useCacheForAllThreads=false in command line.
2020-12-04 06:02:26,546 [Listener at 127.0.0.1/45059] INFO  grpc.GrpcConfigKeys (ConfUtils.java:logGet(44)) - raft.grpc.server.port = 0 (default)
2020-12-04 06:02:26,546 [Listener at 127.0.0.1/45059] INFO  server.GrpcService (ConfUtils.java:logGet(44)) - raft.grpc.message.size.max = 32MB (=33554432) (custom)
2020-12-04 06:02:26,546 [Listener at 127.0.0.1/45059] INFO  server.RaftServerConfigKeys (ConfUtils.java:logGet(44)) - raft.server.log.appender.buffer.byte-limit = 33554432 (custom)
2020-12-04 06:02:26,546 [Listener at 127.0.0.1/45059] INFO  server.GrpcService (ConfUtils.java:logGet(44)) - raft.grpc.flow.control.window = 5MB (=5242880) (custom)
2020-12-04 06:02:26,546 [Listener at 127.0.0.1/45059] INFO  server.RaftServerConfigKeys (ConfUtils.java:logGet(44)) - raft.server.rpc.request.timeout = 3000ms (default)
2020-12-04 06:02:26,547 [Listener at 127.0.0.1/45059] INFO  impl.DataStreamServerImpl (ConfUtils.java:logGet(44)) - raft.datastream.type = DISABLED (default)
2020-12-04 06:02:26,547 [Listener at 127.0.0.1/45059] INFO  server.RaftServerConfigKeys (ConfUtils.java:logGet(44)) - raft.server.storage.dir = [/github/workspace/mnt/ozone/hadoop-ozone/integration-test/target/test-dir/MiniOzoneClusterImpl-d0e62b51-0f1f-480e-8215-4f24b3183874/datanode-1/data/ratis] (custom)
2020-12-04 06:02:26,551 [Listener at 127.0.0.1/45059] INFO  http.BaseHttpServer (BaseHttpServer.java:newHttpServer2BuilderForOzone(207)) - Starting Web-server for hddsDatanode at: http://0.0.0.0:0
2020-12-04 06:02:26,551 [Listener at 127.0.0.1/45059] INFO  http.BaseHttpServer (BaseHttpServer.java:<init>(106)) - Hadoop Security Enabled: false Ozone Security Enabled: false Ozone HTTP Security Enabled: false 
2020-12-04 06:02:26,552 [Listener at 127.0.0.1/45059] INFO  server.AuthenticationFilter (AuthenticationFilter.java:constructSecretProvider(240)) - Unable to initialize FileSignerSecretProvider, falling back to use random secrets.
2020-12-04 06:02:26,554 [Listener at 127.0.0.1/45059] WARN  http.HttpRequestLog (HttpRequestLog.java:getRequestLog(103)) - Jetty request log can only be enabled using Log4j
2020-12-04 06:02:26,554 [Listener at 127.0.0.1/45059] INFO  http.HttpServer2 (HttpServer2.java:addGlobalFilter(1019)) - Added global filter 'safety' (class=org.apache.hadoop.hdds.server.http.HttpServer2$QuotingInputFilter)
2020-12-04 06:02:26,555 [Listener at 127.0.0.1/45059] INFO  http.HttpServer2 (HttpServer2.java:addFilter(995)) - Added filter static_user_filter (class=org.apache.hadoop.http.lib.StaticUserWebFilter$StaticUserFilter) to context hddsDatanode
2020-12-04 06:02:26,555 [Listener at 127.0.0.1/45059] INFO  http.HttpServer2 (HttpServer2.java:addFilter(1003)) - Added filter static_user_filter (class=org.apache.hadoop.http.lib.StaticUserWebFilter$StaticUserFilter) to context logs
2020-12-04 06:02:26,555 [Listener at 127.0.0.1/45059] INFO  http.HttpServer2 (HttpServer2.java:addFilter(1003)) - Added filter static_user_filter (class=org.apache.hadoop.http.lib.StaticUserWebFilter$StaticUserFilter) to context static
2020-12-04 06:02:26,555 [Listener at 127.0.0.1/45059] INFO  http.HttpServer2 (HttpServer2.java:bindListener(1237)) - Jetty bound to port 38481
2020-12-04 06:02:26,555 [Listener at 127.0.0.1/45059] INFO  server.Server (Server.java:doStart(375)) - jetty-9.4.34.v20201102; built: 2020-11-02T14:15:39.302Z; git: e46af88704a893fc12cb0e3bf46e2c7b48a009e7; jvm 1.8.0_232-b09
2020-12-04 06:02:26,561 [Listener at 127.0.0.1/45059] INFO  server.session (DefaultSessionIdManager.java:doStart(334)) - DefaultSessionIdManager workerName=node0
2020-12-04 06:02:26,561 [Listener at 127.0.0.1/45059] INFO  server.session (DefaultSessionIdManager.java:doStart(339)) - No SessionScavenger set, using defaults
2020-12-04 06:02:26,561 [Listener at 127.0.0.1/45059] INFO  server.session (HouseKeeper.java:startScavenging(132)) - node0 Scavenging every 600000ms
2020-12-04 06:02:26,562 [Listener at 127.0.0.1/45059] INFO  handler.ContextHandler (ContextHandler.java:doStart(916)) - Started o.e.j.s.ServletContextHandler@27191755{logs,/logs,file:///github/workspace/mnt/ozone/hadoop-ozone/integration-test/target/log,AVAILABLE}
2020-12-04 06:02:26,562 [Listener at 127.0.0.1/45059] INFO  handler.ContextHandler (ContextHandler.java:doStart(916)) - Started o.e.j.s.ServletContextHandler@5ecb4a04{static,/static,jar:file:/home/user/.m2/repository/org/apache/hadoop/hadoop-hdds-container-service/1.1.0-SNAPSHOT/hadoop-hdds-container-service-1.1.0-SNAPSHOT.jar!/webapps/static,AVAILABLE}
2020-12-04 06:02:26,725 [Listener at 127.0.0.1/45059] INFO  handler.ContextHandler (ContextHandler.java:doStart(916)) - Started o.e.j.w.WebAppContext@1ed87bb2{hddsDatanode,/,file:///tmp/jetty-0_0_0_0-38481-hadoop-hdds-container-service-1_1_0-SNAPSHOT_jar-_-any-2545507541756887065/webapp/,AVAILABLE}{jar:file:/home/user/.m2/repository/org/apache/hadoop/hadoop-hdds-container-service/1.1.0-SNAPSHOT/hadoop-hdds-container-service-1.1.0-SNAPSHOT.jar!/webapps/hddsDatanode}
2020-12-04 06:02:26,726 [Listener at 127.0.0.1/45059] INFO  server.AbstractConnector (AbstractConnector.java:doStart(331)) - Started ServerConnector@59866e5e{HTTP/1.1, (http/1.1)}{0.0.0.0:38481}
2020-12-04 06:02:26,726 [Listener at 127.0.0.1/45059] INFO  server.Server (Server.java:doStart(415)) - Started @279695ms
2020-12-04 06:02:26,727 [Listener at 127.0.0.1/45059] WARN  impl.MetricsSystemImpl (MetricsSystemImpl.java:register(276)) - Sink prometheus already exists!
2020-12-04 06:02:26,731 [Listener at 127.0.0.1/45059] INFO  http.BaseHttpServer (BaseHttpServer.java:updateConnectorAddress(327)) - HTTP server of hddsDatanode listening at http://0.0.0.0:38481
2020-12-04 06:02:26,734 [Listener at 127.0.0.1/45059] INFO  impl.MetricsSystemImpl (MetricsSystemImpl.java:init(158)) - HddsDatanode metrics system started (again)
2020-12-04 06:02:26,735 [Listener at 127.0.0.1/45059] INFO  ozone.HddsDatanodeService (HddsDatanodeService.java:start(217)) - HddsDatanodeService host:63638dc2095a ip:172.17.0.2
2020-12-04 06:02:26,736 [org.apache.hadoop.util.JvmPauseMonitor$Monitor@2867b5f1] INFO  util.JvmPauseMonitor (JvmPauseMonitor.java:run(188)) - Starting JVM pause monitor
2020-12-04 06:02:26,736 [Listener at 127.0.0.1/45059] INFO  volume.HddsVolume (HddsVolume.java:<init>(176)) - Creating Volume: /github/workspace/mnt/ozone/hadoop-ozone/integration-test/target/test-dir/MiniOzoneClusterImpl-d0e62b51-0f1f-480e-8215-4f24b3183874/datanode-2/data-0/containers/hdds of storage type : DISK and capacity : 9223372036854775807
2020-12-04 06:02:26,737 [Listener at 127.0.0.1/45059] INFO  volume.MutableVolumeSet (MutableVolumeSet.java:initializeVolumeSet(179)) - Added Volume : /github/workspace/mnt/ozone/hadoop-ozone/integration-test/target/test-dir/MiniOzoneClusterImpl-d0e62b51-0f1f-480e-8215-4f24b3183874/datanode-2/data-0/containers/hdds to VolumeSet
2020-12-04 06:02:26,737 [Listener at 127.0.0.1/45059] INFO  volume.ThrottledAsyncChecker (ThrottledAsyncChecker.java:schedule(141)) - Scheduling a check for /github/workspace/mnt/ozone/hadoop-ozone/integration-test/target/test-dir/MiniOzoneClusterImpl-d0e62b51-0f1f-480e-8215-4f24b3183874/datanode-2/data-0/containers/hdds
2020-12-04 06:02:26,738 [Datanode State Machine Task Thread - 0] INFO  datanode.InitDatanodeState (InitDatanodeState.java:persistContainerDatanodeDetails(145)) - DatanodeDetails is persisted to /github/workspace/mnt/ozone/hadoop-ozone/integration-test/target/test-dir/MiniOzoneClusterImpl-d0e62b51-0f1f-480e-8215-4f24b3183874/datanode-1/meta/datanode.id
2020-12-04 06:02:26,738 [Listener at 127.0.0.1/45059] INFO  volume.HddsVolumeChecker (HddsVolumeChecker.java:checkAllVolumes(200)) - Scheduled health check for volume /github/workspace/mnt/ozone/hadoop-ozone/integration-test/target/test-dir/MiniOzoneClusterImpl-d0e62b51-0f1f-480e-8215-4f24b3183874/datanode-2/data-0/containers/hdds
2020-12-04 06:02:26,751 [Thread-2439] INFO  ozoneimpl.ContainerReader (ContainerReader.java:readVolume(123)) - Start to verify containers on volume /github/workspace/mnt/ozone/hadoop-ozone/integration-test/target/test-dir/MiniOzoneClusterImpl-d0e62b51-0f1f-480e-8215-4f24b3183874/datanode-2/data-0/containers/hdds
2020-12-04 06:02:26,751 [Thread-2439] INFO  ozoneimpl.ContainerReader (ContainerReader.java:readVolume(148)) - Finish verifying containers on volume /github/workspace/mnt/ozone/hadoop-ozone/integration-test/target/test-dir/MiniOzoneClusterImpl-d0e62b51-0f1f-480e-8215-4f24b3183874/datanode-2/data-0/containers/hdds
2020-12-04 06:02:26,752 [Listener at 127.0.0.1/45059] INFO  ozoneimpl.OzoneContainer (OzoneContainer.java:buildContainerSet(194)) - Build ContainerSet costs 0s
2020-12-04 06:02:26,753 [Listener at 127.0.0.1/45059] INFO  impl.RaftServerProxy (ConfUtils.java:logGet(44)) - raft.rpc.type = GRPC (default)
2020-12-04 06:02:26,753 [Listener at 127.0.0.1/45059] INFO  grpc.GrpcFactory (GrpcFactory.java:checkPooledByteBufAllocatorUseCacheForAllThreads(45)) - PERFORMANCE WARNING: useCacheForAllThreads is true that may cause Netty to create a lot garbage objects and, as a result, trigger GC.
	It is recommended to disable useCacheForAllThreads by setting -Dorg.apache.ratis.thirdparty.io.netty.allocator.useCacheForAllThreads=false in command line.
2020-12-04 06:02:26,753 [Listener at 127.0.0.1/45059] INFO  grpc.GrpcConfigKeys (ConfUtils.java:logGet(44)) - raft.grpc.server.port = 0 (default)
2020-12-04 06:02:26,753 [Listener at 127.0.0.1/45059] INFO  server.GrpcService (ConfUtils.java:logGet(44)) - raft.grpc.message.size.max = 32MB (=33554432) (custom)
2020-12-04 06:02:26,753 [Listener at 127.0.0.1/45059] INFO  server.RaftServerConfigKeys (ConfUtils.java:logGet(44)) - raft.server.log.appender.buffer.byte-limit = 33554432 (custom)
2020-12-04 06:02:26,753 [Listener at 127.0.0.1/45059] INFO  server.GrpcService (ConfUtils.java:logGet(44)) - raft.grpc.flow.control.window = 5MB (=5242880) (custom)
2020-12-04 06:02:26,754 [Listener at 127.0.0.1/45059] INFO  server.RaftServerConfigKeys (ConfUtils.java:logGet(44)) - raft.server.rpc.request.timeout = 3000ms (default)
2020-12-04 06:02:26,754 [Listener at 127.0.0.1/45059] INFO  impl.DataStreamServerImpl (ConfUtils.java:logGet(44)) - raft.datastream.type = DISABLED (default)
2020-12-04 06:02:26,755 [Listener at 127.0.0.1/45059] INFO  server.RaftServerConfigKeys (ConfUtils.java:logGet(44)) - raft.server.storage.dir = [/github/workspace/mnt/ozone/hadoop-ozone/integration-test/target/test-dir/MiniOzoneClusterImpl-d0e62b51-0f1f-480e-8215-4f24b3183874/datanode-2/data/ratis] (custom)
2020-12-04 06:02:26,759 [Listener at 127.0.0.1/45059] INFO  http.BaseHttpServer (BaseHttpServer.java:newHttpServer2BuilderForOzone(207)) - Starting Web-server for hddsDatanode at: http://0.0.0.0:0
2020-12-04 06:02:26,759 [Listener at 127.0.0.1/45059] INFO  http.BaseHttpServer (BaseHttpServer.java:<init>(106)) - Hadoop Security Enabled: false Ozone Security Enabled: false Ozone HTTP Security Enabled: false 
2020-12-04 06:02:26,760 [Listener at 127.0.0.1/45059] INFO  server.AuthenticationFilter (AuthenticationFilter.java:constructSecretProvider(240)) - Unable to initialize FileSignerSecretProvider, falling back to use random secrets.
2020-12-04 06:02:26,760 [Listener at 127.0.0.1/45059] WARN  http.HttpRequestLog (HttpRequestLog.java:getRequestLog(103)) - Jetty request log can only be enabled using Log4j
2020-12-04 06:02:26,761 [Listener at 127.0.0.1/45059] INFO  http.HttpServer2 (HttpServer2.java:addGlobalFilter(1019)) - Added global filter 'safety' (class=org.apache.hadoop.hdds.server.http.HttpServer2$QuotingInputFilter)
2020-12-04 06:02:26,761 [Listener at 127.0.0.1/45059] INFO  http.HttpServer2 (HttpServer2.java:addFilter(995)) - Added filter static_user_filter (class=org.apache.hadoop.http.lib.StaticUserWebFilter$StaticUserFilter) to context hddsDatanode
2020-12-04 06:02:26,762 [Listener at 127.0.0.1/45059] INFO  http.HttpServer2 (HttpServer2.java:addFilter(1003)) - Added filter static_user_filter (class=org.apache.hadoop.http.lib.StaticUserWebFilter$StaticUserFilter) to context static
2020-12-04 06:02:26,762 [Listener at 127.0.0.1/45059] INFO  http.HttpServer2 (HttpServer2.java:addFilter(1003)) - Added filter static_user_filter (class=org.apache.hadoop.http.lib.StaticUserWebFilter$StaticUserFilter) to context logs
2020-12-04 06:02:26,762 [Listener at 127.0.0.1/45059] INFO  http.HttpServer2 (HttpServer2.java:bindListener(1237)) - Jetty bound to port 37049
2020-12-04 06:02:26,762 [Listener at 127.0.0.1/45059] INFO  server.Server (Server.java:doStart(375)) - jetty-9.4.34.v20201102; built: 2020-11-02T14:15:39.302Z; git: e46af88704a893fc12cb0e3bf46e2c7b48a009e7; jvm 1.8.0_232-b09
2020-12-04 06:02:26,763 [Listener at 127.0.0.1/45059] INFO  server.session (DefaultSessionIdManager.java:doStart(334)) - DefaultSessionIdManager workerName=node0
2020-12-04 06:02:26,763 [Listener at 127.0.0.1/45059] INFO  server.session (DefaultSessionIdManager.java:doStart(339)) - No SessionScavenger set, using defaults
2020-12-04 06:02:26,764 [Listener at 127.0.0.1/45059] INFO  server.session (HouseKeeper.java:startScavenging(132)) - node0 Scavenging every 660000ms
2020-12-04 06:02:26,764 [Listener at 127.0.0.1/45059] INFO  handler.ContextHandler (ContextHandler.java:doStart(916)) - Started o.e.j.s.ServletContextHandler@34b1a5e7{logs,/logs,file:///github/workspace/mnt/ozone/hadoop-ozone/integration-test/target/log,AVAILABLE}
2020-12-04 06:02:26,764 [Listener at 127.0.0.1/45059] INFO  handler.ContextHandler (ContextHandler.java:doStart(916)) - Started o.e.j.s.ServletContextHandler@20a99279{static,/static,jar:file:/home/user/.m2/repository/org/apache/hadoop/hadoop-hdds-container-service/1.1.0-SNAPSHOT/hadoop-hdds-container-service-1.1.0-SNAPSHOT.jar!/webapps/static,AVAILABLE}
2020-12-04 06:02:26,922 [Listener at 127.0.0.1/45059] INFO  handler.ContextHandler (ContextHandler.java:doStart(916)) - Started o.e.j.w.WebAppContext@1b6fd3c2{hddsDatanode,/,file:///tmp/jetty-0_0_0_0-37049-hadoop-hdds-container-service-1_1_0-SNAPSHOT_jar-_-any-5430104270493909776/webapp/,AVAILABLE}{jar:file:/home/user/.m2/repository/org/apache/hadoop/hadoop-hdds-container-service/1.1.0-SNAPSHOT/hadoop-hdds-container-service-1.1.0-SNAPSHOT.jar!/webapps/hddsDatanode}
2020-12-04 06:02:26,924 [Listener at 127.0.0.1/45059] INFO  server.AbstractConnector (AbstractConnector.java:doStart(331)) - Started ServerConnector@315de1b3{HTTP/1.1, (http/1.1)}{0.0.0.0:37049}
2020-12-04 06:02:26,924 [Listener at 127.0.0.1/45059] INFO  server.Server (Server.java:doStart(415)) - Started @279892ms
2020-12-04 06:02:26,924 [Listener at 127.0.0.1/45059] WARN  impl.MetricsSystemImpl (MetricsSystemImpl.java:register(276)) - Sink prometheus already exists!
2020-12-04 06:02:26,927 [Listener at 127.0.0.1/45059] INFO  http.BaseHttpServer (BaseHttpServer.java:updateConnectorAddress(327)) - HTTP server of hddsDatanode listening at http://0.0.0.0:37049
2020-12-04 06:02:26,927 [Listener at 127.0.0.1/45059] INFO  impl.MetricsSystemImpl (MetricsSystemImpl.java:init(158)) - HddsDatanode metrics system started (again)
2020-12-04 06:02:26,929 [Listener at 127.0.0.1/45059] INFO  ozone.HddsDatanodeService (HddsDatanodeService.java:start(217)) - HddsDatanodeService host:63638dc2095a ip:172.17.0.2
2020-12-04 06:02:26,930 [Listener at 127.0.0.1/45059] INFO  volume.HddsVolume (HddsVolume.java:<init>(176)) - Creating Volume: /github/workspace/mnt/ozone/hadoop-ozone/integration-test/target/test-dir/MiniOzoneClusterImpl-d0e62b51-0f1f-480e-8215-4f24b3183874/datanode-3/data-0/containers/hdds of storage type : DISK and capacity : 9223372036854775807
2020-12-04 06:02:26,930 [Listener at 127.0.0.1/45059] INFO  volume.MutableVolumeSet (MutableVolumeSet.java:initializeVolumeSet(179)) - Added Volume : /github/workspace/mnt/ozone/hadoop-ozone/integration-test/target/test-dir/MiniOzoneClusterImpl-d0e62b51-0f1f-480e-8215-4f24b3183874/datanode-3/data-0/containers/hdds to VolumeSet
2020-12-04 06:02:26,930 [Listener at 127.0.0.1/45059] INFO  volume.ThrottledAsyncChecker (ThrottledAsyncChecker.java:schedule(141)) - Scheduling a check for /github/workspace/mnt/ozone/hadoop-ozone/integration-test/target/test-dir/MiniOzoneClusterImpl-d0e62b51-0f1f-480e-8215-4f24b3183874/datanode-3/data-0/containers/hdds
2020-12-04 06:02:26,933 [org.apache.hadoop.util.JvmPauseMonitor$Monitor@16cf374b] INFO  util.JvmPauseMonitor (JvmPauseMonitor.java:run(188)) - Starting JVM pause monitor
2020-12-04 06:02:26,934 [Datanode State Machine Task Thread - 0] INFO  datanode.InitDatanodeState (InitDatanodeState.java:persistContainerDatanodeDetails(145)) - DatanodeDetails is persisted to /github/workspace/mnt/ozone/hadoop-ozone/integration-test/target/test-dir/MiniOzoneClusterImpl-d0e62b51-0f1f-480e-8215-4f24b3183874/datanode-2/meta/datanode.id
2020-12-04 06:02:26,934 [Listener at 127.0.0.1/45059] INFO  volume.HddsVolumeChecker (HddsVolumeChecker.java:checkAllVolumes(200)) - Scheduled health check for volume /github/workspace/mnt/ozone/hadoop-ozone/integration-test/target/test-dir/MiniOzoneClusterImpl-d0e62b51-0f1f-480e-8215-4f24b3183874/datanode-3/data-0/containers/hdds
2020-12-04 06:02:26,947 [Thread-2450] INFO  ozoneimpl.ContainerReader (ContainerReader.java:readVolume(123)) - Start to verify containers on volume /github/workspace/mnt/ozone/hadoop-ozone/integration-test/target/test-dir/MiniOzoneClusterImpl-d0e62b51-0f1f-480e-8215-4f24b3183874/datanode-3/data-0/containers/hdds
2020-12-04 06:02:26,947 [Thread-2450] INFO  ozoneimpl.ContainerReader (ContainerReader.java:readVolume(148)) - Finish verifying containers on volume /github/workspace/mnt/ozone/hadoop-ozone/integration-test/target/test-dir/MiniOzoneClusterImpl-d0e62b51-0f1f-480e-8215-4f24b3183874/datanode-3/data-0/containers/hdds
2020-12-04 06:02:26,947 [Listener at 127.0.0.1/45059] INFO  ozoneimpl.OzoneContainer (OzoneContainer.java:buildContainerSet(194)) - Build ContainerSet costs 0s
2020-12-04 06:02:26,949 [Listener at 127.0.0.1/45059] INFO  impl.RaftServerProxy (ConfUtils.java:logGet(44)) - raft.rpc.type = GRPC (default)
2020-12-04 06:02:26,949 [Listener at 127.0.0.1/45059] INFO  grpc.GrpcFactory (GrpcFactory.java:checkPooledByteBufAllocatorUseCacheForAllThreads(45)) - PERFORMANCE WARNING: useCacheForAllThreads is true that may cause Netty to create a lot garbage objects and, as a result, trigger GC.
	It is recommended to disable useCacheForAllThreads by setting -Dorg.apache.ratis.thirdparty.io.netty.allocator.useCacheForAllThreads=false in command line.
2020-12-04 06:02:26,949 [Listener at 127.0.0.1/45059] INFO  grpc.GrpcConfigKeys (ConfUtils.java:logGet(44)) - raft.grpc.server.port = 0 (default)
2020-12-04 06:02:26,949 [Listener at 127.0.0.1/45059] INFO  server.GrpcService (ConfUtils.java:logGet(44)) - raft.grpc.message.size.max = 32MB (=33554432) (custom)
2020-12-04 06:02:26,949 [Listener at 127.0.0.1/45059] INFO  server.RaftServerConfigKeys (ConfUtils.java:logGet(44)) - raft.server.log.appender.buffer.byte-limit = 33554432 (custom)
2020-12-04 06:02:26,949 [Listener at 127.0.0.1/45059] INFO  server.GrpcService (ConfUtils.java:logGet(44)) - raft.grpc.flow.control.window = 5MB (=5242880) (custom)
2020-12-04 06:02:26,949 [Listener at 127.0.0.1/45059] INFO  server.RaftServerConfigKeys (ConfUtils.java:logGet(44)) - raft.server.rpc.request.timeout = 3000ms (default)
2020-12-04 06:02:26,950 [Listener at 127.0.0.1/45059] INFO  impl.DataStreamServerImpl (ConfUtils.java:logGet(44)) - raft.datastream.type = DISABLED (default)
2020-12-04 06:02:26,950 [Listener at 127.0.0.1/45059] INFO  server.RaftServerConfigKeys (ConfUtils.java:logGet(44)) - raft.server.storage.dir = [/github/workspace/mnt/ozone/hadoop-ozone/integration-test/target/test-dir/MiniOzoneClusterImpl-d0e62b51-0f1f-480e-8215-4f24b3183874/datanode-3/data/ratis] (custom)
2020-12-04 06:02:26,954 [Listener at 127.0.0.1/45059] INFO  http.BaseHttpServer (BaseHttpServer.java:newHttpServer2BuilderForOzone(207)) - Starting Web-server for hddsDatanode at: http://0.0.0.0:0
2020-12-04 06:02:26,955 [Listener at 127.0.0.1/45059] INFO  http.BaseHttpServer (BaseHttpServer.java:<init>(106)) - Hadoop Security Enabled: false Ozone Security Enabled: false Ozone HTTP Security Enabled: false 
2020-12-04 06:02:26,955 [Listener at 127.0.0.1/45059] INFO  server.AuthenticationFilter (AuthenticationFilter.java:constructSecretProvider(240)) - Unable to initialize FileSignerSecretProvider, falling back to use random secrets.
2020-12-04 06:02:26,956 [Listener at 127.0.0.1/45059] WARN  http.HttpRequestLog (HttpRequestLog.java:getRequestLog(103)) - Jetty request log can only be enabled using Log4j
2020-12-04 06:02:26,956 [Listener at 127.0.0.1/45059] INFO  http.HttpServer2 (HttpServer2.java:addGlobalFilter(1019)) - Added global filter 'safety' (class=org.apache.hadoop.hdds.server.http.HttpServer2$QuotingInputFilter)
2020-12-04 06:02:26,957 [Listener at 127.0.0.1/45059] INFO  http.HttpServer2 (HttpServer2.java:addFilter(995)) - Added filter static_user_filter (class=org.apache.hadoop.http.lib.StaticUserWebFilter$StaticUserFilter) to context hddsDatanode
2020-12-04 06:02:26,957 [Listener at 127.0.0.1/45059] INFO  http.HttpServer2 (HttpServer2.java:addFilter(1003)) - Added filter static_user_filter (class=org.apache.hadoop.http.lib.StaticUserWebFilter$StaticUserFilter) to context static
2020-12-04 06:02:26,957 [Listener at 127.0.0.1/45059] INFO  http.HttpServer2 (HttpServer2.java:addFilter(1003)) - Added filter static_user_filter (class=org.apache.hadoop.http.lib.StaticUserWebFilter$StaticUserFilter) to context logs
2020-12-04 06:02:26,957 [Listener at 127.0.0.1/45059] INFO  http.HttpServer2 (HttpServer2.java:bindListener(1237)) - Jetty bound to port 33537
2020-12-04 06:02:26,957 [Listener at 127.0.0.1/45059] INFO  server.Server (Server.java:doStart(375)) - jetty-9.4.34.v20201102; built: 2020-11-02T14:15:39.302Z; git: e46af88704a893fc12cb0e3bf46e2c7b48a009e7; jvm 1.8.0_232-b09
2020-12-04 06:02:26,959 [Listener at 127.0.0.1/45059] INFO  server.session (DefaultSessionIdManager.java:doStart(334)) - DefaultSessionIdManager workerName=node0
2020-12-04 06:02:26,959 [Listener at 127.0.0.1/45059] INFO  server.session (DefaultSessionIdManager.java:doStart(339)) - No SessionScavenger set, using defaults
2020-12-04 06:02:26,959 [Listener at 127.0.0.1/45059] INFO  server.session (HouseKeeper.java:startScavenging(132)) - node0 Scavenging every 600000ms
2020-12-04 06:02:26,960 [Listener at 127.0.0.1/45059] INFO  handler.ContextHandler (ContextHandler.java:doStart(916)) - Started o.e.j.s.ServletContextHandler@1d0c63{logs,/logs,file:///github/workspace/mnt/ozone/hadoop-ozone/integration-test/target/log,AVAILABLE}
2020-12-04 06:02:26,960 [Listener at 127.0.0.1/45059] INFO  handler.ContextHandler (ContextHandler.java:doStart(916)) - Started o.e.j.s.ServletContextHandler@7bcb1cb2{static,/static,jar:file:/home/user/.m2/repository/org/apache/hadoop/hadoop-hdds-container-service/1.1.0-SNAPSHOT/hadoop-hdds-container-service-1.1.0-SNAPSHOT.jar!/webapps/static,AVAILABLE}
2020-12-04 06:02:27,116 [Listener at 127.0.0.1/45059] INFO  handler.ContextHandler (ContextHandler.java:doStart(916)) - Started o.e.j.w.WebAppContext@5c9457f0{hddsDatanode,/,file:///tmp/jetty-0_0_0_0-33537-hadoop-hdds-container-service-1_1_0-SNAPSHOT_jar-_-any-6977449285326955088/webapp/,AVAILABLE}{jar:file:/home/user/.m2/repository/org/apache/hadoop/hadoop-hdds-container-service/1.1.0-SNAPSHOT/hadoop-hdds-container-service-1.1.0-SNAPSHOT.jar!/webapps/hddsDatanode}
2020-12-04 06:02:27,117 [Listener at 127.0.0.1/45059] INFO  server.AbstractConnector (AbstractConnector.java:doStart(331)) - Started ServerConnector@53708435{HTTP/1.1, (http/1.1)}{0.0.0.0:33537}
2020-12-04 06:02:27,117 [Listener at 127.0.0.1/45059] INFO  server.Server (Server.java:doStart(415)) - Started @280085ms
2020-12-04 06:02:27,117 [Listener at 127.0.0.1/45059] WARN  impl.MetricsSystemImpl (MetricsSystemImpl.java:register(276)) - Sink prometheus already exists!
2020-12-04 06:02:27,123 [Listener at 127.0.0.1/45059] INFO  http.BaseHttpServer (BaseHttpServer.java:updateConnectorAddress(327)) - HTTP server of hddsDatanode listening at http://0.0.0.0:33537
2020-12-04 06:02:27,124 [Listener at 127.0.0.1/45059] INFO  impl.MetricsSystemImpl (MetricsSystemImpl.java:init(158)) - HddsDatanode metrics system started (again)
2020-12-04 06:02:27,125 [Listener at 127.0.0.1/45059] INFO  ozone.HddsDatanodeService (HddsDatanodeService.java:start(217)) - HddsDatanodeService host:63638dc2095a ip:172.17.0.2
2020-12-04 06:02:27,126 [Listener at 127.0.0.1/45059] INFO  volume.HddsVolume (HddsVolume.java:<init>(176)) - Creating Volume: /github/workspace/mnt/ozone/hadoop-ozone/integration-test/target/test-dir/MiniOzoneClusterImpl-d0e62b51-0f1f-480e-8215-4f24b3183874/datanode-4/data-0/containers/hdds of storage type : DISK and capacity : 9223372036854775807
2020-12-04 06:02:27,126 [Listener at 127.0.0.1/45059] INFO  volume.MutableVolumeSet (MutableVolumeSet.java:initializeVolumeSet(179)) - Added Volume : /github/workspace/mnt/ozone/hadoop-ozone/integration-test/target/test-dir/MiniOzoneClusterImpl-d0e62b51-0f1f-480e-8215-4f24b3183874/datanode-4/data-0/containers/hdds to VolumeSet
2020-12-04 06:02:27,126 [Listener at 127.0.0.1/45059] INFO  volume.ThrottledAsyncChecker (ThrottledAsyncChecker.java:schedule(141)) - Scheduling a check for /github/workspace/mnt/ozone/hadoop-ozone/integration-test/target/test-dir/MiniOzoneClusterImpl-d0e62b51-0f1f-480e-8215-4f24b3183874/datanode-4/data-0/containers/hdds
2020-12-04 06:02:27,129 [Listener at 127.0.0.1/45059] INFO  volume.HddsVolumeChecker (HddsVolumeChecker.java:checkAllVolumes(200)) - Scheduled health check for volume /github/workspace/mnt/ozone/hadoop-ozone/integration-test/target/test-dir/MiniOzoneClusterImpl-d0e62b51-0f1f-480e-8215-4f24b3183874/datanode-4/data-0/containers/hdds
2020-12-04 06:02:27,149 [org.apache.hadoop.util.JvmPauseMonitor$Monitor@312382ab] INFO  util.JvmPauseMonitor (JvmPauseMonitor.java:run(188)) - Starting JVM pause monitor
2020-12-04 06:02:27,150 [Datanode State Machine Task Thread - 0] INFO  datanode.InitDatanodeState (InitDatanodeState.java:persistContainerDatanodeDetails(145)) - DatanodeDetails is persisted to /github/workspace/mnt/ozone/hadoop-ozone/integration-test/target/test-dir/MiniOzoneClusterImpl-d0e62b51-0f1f-480e-8215-4f24b3183874/datanode-3/meta/datanode.id
2020-12-04 06:02:27,161 [Thread-2461] INFO  ozoneimpl.ContainerReader (ContainerReader.java:readVolume(123)) - Start to verify containers on volume /github/workspace/mnt/ozone/hadoop-ozone/integration-test/target/test-dir/MiniOzoneClusterImpl-d0e62b51-0f1f-480e-8215-4f24b3183874/datanode-4/data-0/containers/hdds
2020-12-04 06:02:27,161 [Thread-2461] INFO  ozoneimpl.ContainerReader (ContainerReader.java:readVolume(148)) - Finish verifying containers on volume /github/workspace/mnt/ozone/hadoop-ozone/integration-test/target/test-dir/MiniOzoneClusterImpl-d0e62b51-0f1f-480e-8215-4f24b3183874/datanode-4/data-0/containers/hdds
2020-12-04 06:02:27,161 [Listener at 127.0.0.1/45059] INFO  ozoneimpl.OzoneContainer (OzoneContainer.java:buildContainerSet(194)) - Build ContainerSet costs 0s
2020-12-04 06:02:27,163 [Listener at 127.0.0.1/45059] INFO  impl.RaftServerProxy (ConfUtils.java:logGet(44)) - raft.rpc.type = GRPC (default)
2020-12-04 06:02:27,163 [Listener at 127.0.0.1/45059] INFO  grpc.GrpcFactory (GrpcFactory.java:checkPooledByteBufAllocatorUseCacheForAllThreads(45)) - PERFORMANCE WARNING: useCacheForAllThreads is true that may cause Netty to create a lot garbage objects and, as a result, trigger GC.
	It is recommended to disable useCacheForAllThreads by setting -Dorg.apache.ratis.thirdparty.io.netty.allocator.useCacheForAllThreads=false in command line.
2020-12-04 06:02:27,163 [Listener at 127.0.0.1/45059] INFO  grpc.GrpcConfigKeys (ConfUtils.java:logGet(44)) - raft.grpc.server.port = 0 (default)
2020-12-04 06:02:27,163 [Listener at 127.0.0.1/45059] INFO  server.GrpcService (ConfUtils.java:logGet(44)) - raft.grpc.message.size.max = 32MB (=33554432) (custom)
2020-12-04 06:02:27,164 [Listener at 127.0.0.1/45059] INFO  server.RaftServerConfigKeys (ConfUtils.java:logGet(44)) - raft.server.log.appender.buffer.byte-limit = 33554432 (custom)
2020-12-04 06:02:27,164 [Listener at 127.0.0.1/45059] INFO  server.GrpcService (ConfUtils.java:logGet(44)) - raft.grpc.flow.control.window = 5MB (=5242880) (custom)
2020-12-04 06:02:27,164 [Listener at 127.0.0.1/45059] INFO  server.RaftServerConfigKeys (ConfUtils.java:logGet(44)) - raft.server.rpc.request.timeout = 3000ms (default)
2020-12-04 06:02:27,165 [Listener at 127.0.0.1/45059] INFO  impl.DataStreamServerImpl (ConfUtils.java:logGet(44)) - raft.datastream.type = DISABLED (default)
2020-12-04 06:02:27,165 [Listener at 127.0.0.1/45059] INFO  server.RaftServerConfigKeys (ConfUtils.java:logGet(44)) - raft.server.storage.dir = [/github/workspace/mnt/ozone/hadoop-ozone/integration-test/target/test-dir/MiniOzoneClusterImpl-d0e62b51-0f1f-480e-8215-4f24b3183874/datanode-4/data/ratis] (custom)
2020-12-04 06:02:27,170 [Listener at 127.0.0.1/45059] INFO  http.BaseHttpServer (BaseHttpServer.java:newHttpServer2BuilderForOzone(207)) - Starting Web-server for hddsDatanode at: http://0.0.0.0:0
2020-12-04 06:02:27,170 [Listener at 127.0.0.1/45059] INFO  http.BaseHttpServer (BaseHttpServer.java:<init>(106)) - Hadoop Security Enabled: false Ozone Security Enabled: false Ozone HTTP Security Enabled: false 
2020-12-04 06:02:27,171 [Listener at 127.0.0.1/45059] INFO  server.AuthenticationFilter (AuthenticationFilter.java:constructSecretProvider(240)) - Unable to initialize FileSignerSecretProvider, falling back to use random secrets.
2020-12-04 06:02:27,171 [Listener at 127.0.0.1/45059] WARN  http.HttpRequestLog (HttpRequestLog.java:getRequestLog(103)) - Jetty request log can only be enabled using Log4j
2020-12-04 06:02:27,172 [Listener at 127.0.0.1/45059] INFO  http.HttpServer2 (HttpServer2.java:addGlobalFilter(1019)) - Added global filter 'safety' (class=org.apache.hadoop.hdds.server.http.HttpServer2$QuotingInputFilter)
2020-12-04 06:02:27,172 [Listener at 127.0.0.1/45059] INFO  http.HttpServer2 (HttpServer2.java:addFilter(995)) - Added filter static_user_filter (class=org.apache.hadoop.http.lib.StaticUserWebFilter$StaticUserFilter) to context hddsDatanode
2020-12-04 06:02:27,172 [Listener at 127.0.0.1/45059] INFO  http.HttpServer2 (HttpServer2.java:addFilter(1003)) - Added filter static_user_filter (class=org.apache.hadoop.http.lib.StaticUserWebFilter$StaticUserFilter) to context logs
2020-12-04 06:02:27,172 [Listener at 127.0.0.1/45059] INFO  http.HttpServer2 (HttpServer2.java:addFilter(1003)) - Added filter static_user_filter (class=org.apache.hadoop.http.lib.StaticUserWebFilter$StaticUserFilter) to context static
2020-12-04 06:02:27,173 [Listener at 127.0.0.1/45059] INFO  http.HttpServer2 (HttpServer2.java:bindListener(1237)) - Jetty bound to port 45567
2020-12-04 06:02:27,173 [Listener at 127.0.0.1/45059] INFO  server.Server (Server.java:doStart(375)) - jetty-9.4.34.v20201102; built: 2020-11-02T14:15:39.302Z; git: e46af88704a893fc12cb0e3bf46e2c7b48a009e7; jvm 1.8.0_232-b09
2020-12-04 06:02:27,174 [Listener at 127.0.0.1/45059] INFO  server.session (DefaultSessionIdManager.java:doStart(334)) - DefaultSessionIdManager workerName=node0
2020-12-04 06:02:27,174 [Listener at 127.0.0.1/45059] INFO  server.session (DefaultSessionIdManager.java:doStart(339)) - No SessionScavenger set, using defaults
2020-12-04 06:02:27,174 [Listener at 127.0.0.1/45059] INFO  server.session (HouseKeeper.java:startScavenging(132)) - node0 Scavenging every 660000ms
2020-12-04 06:02:27,175 [Listener at 127.0.0.1/45059] INFO  handler.ContextHandler (ContextHandler.java:doStart(916)) - Started o.e.j.s.ServletContextHandler@24966e04{logs,/logs,file:///github/workspace/mnt/ozone/hadoop-ozone/integration-test/target/log,AVAILABLE}
2020-12-04 06:02:27,175 [Listener at 127.0.0.1/45059] INFO  handler.ContextHandler (ContextHandler.java:doStart(916)) - Started o.e.j.s.ServletContextHandler@5fd836c4{static,/static,jar:file:/home/user/.m2/repository/org/apache/hadoop/hadoop-hdds-container-service/1.1.0-SNAPSHOT/hadoop-hdds-container-service-1.1.0-SNAPSHOT.jar!/webapps/static,AVAILABLE}
2020-12-04 06:02:27,329 [Listener at 127.0.0.1/45059] INFO  handler.ContextHandler (ContextHandler.java:doStart(916)) - Started o.e.j.w.WebAppContext@2718fe03{hddsDatanode,/,file:///tmp/jetty-0_0_0_0-45567-hadoop-hdds-container-service-1_1_0-SNAPSHOT_jar-_-any-6028591507368852150/webapp/,AVAILABLE}{jar:file:/home/user/.m2/repository/org/apache/hadoop/hadoop-hdds-container-service/1.1.0-SNAPSHOT/hadoop-hdds-container-service-1.1.0-SNAPSHOT.jar!/webapps/hddsDatanode}
2020-12-04 06:02:27,330 [Listener at 127.0.0.1/45059] INFO  server.AbstractConnector (AbstractConnector.java:doStart(331)) - Started ServerConnector@55c34897{HTTP/1.1, (http/1.1)}{0.0.0.0:45567}
2020-12-04 06:02:27,331 [Listener at 127.0.0.1/45059] INFO  server.Server (Server.java:doStart(415)) - Started @280299ms
2020-12-04 06:02:27,331 [Listener at 127.0.0.1/45059] WARN  impl.MetricsSystemImpl (MetricsSystemImpl.java:register(276)) - Sink prometheus already exists!
2020-12-04 06:02:27,342 [Listener at 127.0.0.1/45059] INFO  http.BaseHttpServer (BaseHttpServer.java:updateConnectorAddress(327)) - HTTP server of hddsDatanode listening at http://0.0.0.0:45567
2020-12-04 06:02:27,344 [Listener at 127.0.0.1/45059] INFO  impl.MetricsSystemImpl (MetricsSystemImpl.java:init(158)) - HddsDatanode metrics system started (again)
2020-12-04 06:02:27,347 [Listener at 127.0.0.1/45059] INFO  ozone.HddsDatanodeService (HddsDatanodeService.java:start(217)) - HddsDatanodeService host:63638dc2095a ip:172.17.0.2
2020-12-04 06:02:27,348 [Listener at 127.0.0.1/45059] INFO  volume.HddsVolume (HddsVolume.java:<init>(176)) - Creating Volume: /github/workspace/mnt/ozone/hadoop-ozone/integration-test/target/test-dir/MiniOzoneClusterImpl-d0e62b51-0f1f-480e-8215-4f24b3183874/datanode-5/data-0/containers/hdds of storage type : DISK and capacity : 9223372036854775807
2020-12-04 06:02:27,348 [Listener at 127.0.0.1/45059] INFO  volume.MutableVolumeSet (MutableVolumeSet.java:initializeVolumeSet(179)) - Added Volume : /github/workspace/mnt/ozone/hadoop-ozone/integration-test/target/test-dir/MiniOzoneClusterImpl-d0e62b51-0f1f-480e-8215-4f24b3183874/datanode-5/data-0/containers/hdds to VolumeSet
2020-12-04 06:02:27,349 [Listener at 127.0.0.1/45059] INFO  volume.ThrottledAsyncChecker (ThrottledAsyncChecker.java:schedule(141)) - Scheduling a check for /github/workspace/mnt/ozone/hadoop-ozone/integration-test/target/test-dir/MiniOzoneClusterImpl-d0e62b51-0f1f-480e-8215-4f24b3183874/datanode-5/data-0/containers/hdds
2020-12-04 06:02:27,350 [org.apache.hadoop.util.JvmPauseMonitor$Monitor@302eedc9] INFO  util.JvmPauseMonitor (JvmPauseMonitor.java:run(188)) - Starting JVM pause monitor
2020-12-04 06:02:27,350 [Listener at 127.0.0.1/45059] INFO  volume.HddsVolumeChecker (HddsVolumeChecker.java:checkAllVolumes(200)) - Scheduled health check for volume /github/workspace/mnt/ozone/hadoop-ozone/integration-test/target/test-dir/MiniOzoneClusterImpl-d0e62b51-0f1f-480e-8215-4f24b3183874/datanode-5/data-0/containers/hdds
2020-12-04 06:02:27,352 [Datanode State Machine Task Thread - 0] INFO  datanode.InitDatanodeState (InitDatanodeState.java:persistContainerDatanodeDetails(145)) - DatanodeDetails is persisted to /github/workspace/mnt/ozone/hadoop-ozone/integration-test/target/test-dir/MiniOzoneClusterImpl-d0e62b51-0f1f-480e-8215-4f24b3183874/datanode-4/meta/datanode.id
2020-12-04 06:02:27,364 [Thread-2472] INFO  ozoneimpl.ContainerReader (ContainerReader.java:readVolume(123)) - Start to verify containers on volume /github/workspace/mnt/ozone/hadoop-ozone/integration-test/target/test-dir/MiniOzoneClusterImpl-d0e62b51-0f1f-480e-8215-4f24b3183874/datanode-5/data-0/containers/hdds
2020-12-04 06:02:27,364 [Thread-2472] INFO  ozoneimpl.ContainerReader (ContainerReader.java:readVolume(148)) - Finish verifying containers on volume /github/workspace/mnt/ozone/hadoop-ozone/integration-test/target/test-dir/MiniOzoneClusterImpl-d0e62b51-0f1f-480e-8215-4f24b3183874/datanode-5/data-0/containers/hdds
2020-12-04 06:02:27,365 [Listener at 127.0.0.1/45059] INFO  ozoneimpl.OzoneContainer (OzoneContainer.java:buildContainerSet(194)) - Build ContainerSet costs 0s
2020-12-04 06:02:27,366 [Listener at 127.0.0.1/45059] INFO  impl.RaftServerProxy (ConfUtils.java:logGet(44)) - raft.rpc.type = GRPC (default)
2020-12-04 06:02:27,366 [Listener at 127.0.0.1/45059] INFO  grpc.GrpcFactory (GrpcFactory.java:checkPooledByteBufAllocatorUseCacheForAllThreads(45)) - PERFORMANCE WARNING: useCacheForAllThreads is true that may cause Netty to create a lot garbage objects and, as a result, trigger GC.
	It is recommended to disable useCacheForAllThreads by setting -Dorg.apache.ratis.thirdparty.io.netty.allocator.useCacheForAllThreads=false in command line.
2020-12-04 06:02:27,366 [Listener at 127.0.0.1/45059] INFO  grpc.GrpcConfigKeys (ConfUtils.java:logGet(44)) - raft.grpc.server.port = 0 (default)
2020-12-04 06:02:27,366 [Listener at 127.0.0.1/45059] INFO  server.GrpcService (ConfUtils.java:logGet(44)) - raft.grpc.message.size.max = 32MB (=33554432) (custom)
2020-12-04 06:02:27,366 [Listener at 127.0.0.1/45059] INFO  server.RaftServerConfigKeys (ConfUtils.java:logGet(44)) - raft.server.log.appender.buffer.byte-limit = 33554432 (custom)
2020-12-04 06:02:27,366 [Listener at 127.0.0.1/45059] INFO  server.GrpcService (ConfUtils.java:logGet(44)) - raft.grpc.flow.control.window = 5MB (=5242880) (custom)
2020-12-04 06:02:27,367 [Listener at 127.0.0.1/45059] INFO  server.RaftServerConfigKeys (ConfUtils.java:logGet(44)) - raft.server.rpc.request.timeout = 3000ms (default)
2020-12-04 06:02:27,367 [Listener at 127.0.0.1/45059] INFO  impl.DataStreamServerImpl (ConfUtils.java:logGet(44)) - raft.datastream.type = DISABLED (default)
2020-12-04 06:02:27,368 [Listener at 127.0.0.1/45059] INFO  server.RaftServerConfigKeys (ConfUtils.java:logGet(44)) - raft.server.storage.dir = [/github/workspace/mnt/ozone/hadoop-ozone/integration-test/target/test-dir/MiniOzoneClusterImpl-d0e62b51-0f1f-480e-8215-4f24b3183874/datanode-5/data/ratis] (custom)
2020-12-04 06:02:27,381 [Listener at 127.0.0.1/45059] INFO  http.BaseHttpServer (BaseHttpServer.java:newHttpServer2BuilderForOzone(207)) - Starting Web-server for hddsDatanode at: http://0.0.0.0:0
2020-12-04 06:02:27,381 [Listener at 127.0.0.1/45059] INFO  http.BaseHttpServer (BaseHttpServer.java:<init>(106)) - Hadoop Security Enabled: false Ozone Security Enabled: false Ozone HTTP Security Enabled: false 
2020-12-04 06:02:27,382 [Listener at 127.0.0.1/45059] INFO  server.AuthenticationFilter (AuthenticationFilter.java:constructSecretProvider(240)) - Unable to initialize FileSignerSecretProvider, falling back to use random secrets.
2020-12-04 06:02:27,383 [Listener at 127.0.0.1/45059] WARN  http.HttpRequestLog (HttpRequestLog.java:getRequestLog(103)) - Jetty request log can only be enabled using Log4j
2020-12-04 06:02:27,383 [Listener at 127.0.0.1/45059] INFO  http.HttpServer2 (HttpServer2.java:addGlobalFilter(1019)) - Added global filter 'safety' (class=org.apache.hadoop.hdds.server.http.HttpServer2$QuotingInputFilter)
2020-12-04 06:02:27,384 [Listener at 127.0.0.1/45059] INFO  http.HttpServer2 (HttpServer2.java:addFilter(995)) - Added filter static_user_filter (class=org.apache.hadoop.http.lib.StaticUserWebFilter$StaticUserFilter) to context hddsDatanode
2020-12-04 06:02:27,384 [Listener at 127.0.0.1/45059] INFO  http.HttpServer2 (HttpServer2.java:addFilter(1003)) - Added filter static_user_filter (class=org.apache.hadoop.http.lib.StaticUserWebFilter$StaticUserFilter) to context logs
2020-12-04 06:02:27,384 [Listener at 127.0.0.1/45059] INFO  http.HttpServer2 (HttpServer2.java:addFilter(1003)) - Added filter static_user_filter (class=org.apache.hadoop.http.lib.StaticUserWebFilter$StaticUserFilter) to context static
2020-12-04 06:02:27,384 [Listener at 127.0.0.1/45059] INFO  http.HttpServer2 (HttpServer2.java:bindListener(1237)) - Jetty bound to port 45251
2020-12-04 06:02:27,384 [Listener at 127.0.0.1/45059] INFO  server.Server (Server.java:doStart(375)) - jetty-9.4.34.v20201102; built: 2020-11-02T14:15:39.302Z; git: e46af88704a893fc12cb0e3bf46e2c7b48a009e7; jvm 1.8.0_232-b09
2020-12-04 06:02:27,386 [Listener at 127.0.0.1/45059] INFO  server.session (DefaultSessionIdManager.java:doStart(334)) - DefaultSessionIdManager workerName=node0
2020-12-04 06:02:27,386 [Listener at 127.0.0.1/45059] INFO  server.session (DefaultSessionIdManager.java:doStart(339)) - No SessionScavenger set, using defaults
2020-12-04 06:02:27,386 [Listener at 127.0.0.1/45059] INFO  server.session (HouseKeeper.java:startScavenging(132)) - node0 Scavenging every 660000ms
2020-12-04 06:02:27,386 [Listener at 127.0.0.1/45059] INFO  handler.ContextHandler (ContextHandler.java:doStart(916)) - Started o.e.j.s.ServletContextHandler@3db9dc5c{logs,/logs,file:///github/workspace/mnt/ozone/hadoop-ozone/integration-test/target/log,AVAILABLE}
2020-12-04 06:02:27,387 [Listener at 127.0.0.1/45059] INFO  handler.ContextHandler (ContextHandler.java:doStart(916)) - Started o.e.j.s.ServletContextHandler@603f2b82{static,/static,jar:file:/home/user/.m2/repository/org/apache/hadoop/hadoop-hdds-container-service/1.1.0-SNAPSHOT/hadoop-hdds-container-service-1.1.0-SNAPSHOT.jar!/webapps/static,AVAILABLE}
2020-12-04 06:02:27,536 [Listener at 127.0.0.1/45059] INFO  handler.ContextHandler (ContextHandler.java:doStart(916)) - Started o.e.j.w.WebAppContext@1d775bff{hddsDatanode,/,file:///tmp/jetty-0_0_0_0-45251-hadoop-hdds-container-service-1_1_0-SNAPSHOT_jar-_-any-6141697631674423971/webapp/,AVAILABLE}{jar:file:/home/user/.m2/repository/org/apache/hadoop/hadoop-hdds-container-service/1.1.0-SNAPSHOT/hadoop-hdds-container-service-1.1.0-SNAPSHOT.jar!/webapps/hddsDatanode}
2020-12-04 06:02:27,537 [Listener at 127.0.0.1/45059] INFO  server.AbstractConnector (AbstractConnector.java:doStart(331)) - Started ServerConnector@7fdc3468{HTTP/1.1, (http/1.1)}{0.0.0.0:45251}
2020-12-04 06:02:27,537 [Listener at 127.0.0.1/45059] INFO  server.Server (Server.java:doStart(415)) - Started @280506ms
2020-12-04 06:02:27,538 [Listener at 127.0.0.1/45059] WARN  impl.MetricsSystemImpl (MetricsSystemImpl.java:register(276)) - Sink prometheus already exists!
2020-12-04 06:02:27,541 [Listener at 127.0.0.1/45059] INFO  http.BaseHttpServer (BaseHttpServer.java:updateConnectorAddress(327)) - HTTP server of hddsDatanode listening at http://0.0.0.0:45251
2020-12-04 06:02:27,545 [Listener at 127.0.0.1/45059] INFO  impl.MetricsSystemImpl (MetricsSystemImpl.java:init(158)) - HddsDatanode metrics system started (again)
2020-12-04 06:02:27,547 [Listener at 127.0.0.1/45059] INFO  ozone.HddsDatanodeService (HddsDatanodeService.java:start(217)) - HddsDatanodeService host:63638dc2095a ip:172.17.0.2
2020-12-04 06:02:27,549 [org.apache.hadoop.util.JvmPauseMonitor$Monitor@6f17c945] INFO  util.JvmPauseMonitor (JvmPauseMonitor.java:run(188)) - Starting JVM pause monitor
2020-12-04 06:02:27,549 [Listener at 127.0.0.1/45059] INFO  volume.HddsVolume (HddsVolume.java:<init>(176)) - Creating Volume: /github/workspace/mnt/ozone/hadoop-ozone/integration-test/target/test-dir/MiniOzoneClusterImpl-d0e62b51-0f1f-480e-8215-4f24b3183874/datanode-6/data-0/containers/hdds of storage type : DISK and capacity : 9223372036854775807
2020-12-04 06:02:27,550 [Listener at 127.0.0.1/45059] INFO  volume.MutableVolumeSet (MutableVolumeSet.java:initializeVolumeSet(179)) - Added Volume : /github/workspace/mnt/ozone/hadoop-ozone/integration-test/target/test-dir/MiniOzoneClusterImpl-d0e62b51-0f1f-480e-8215-4f24b3183874/datanode-6/data-0/containers/hdds to VolumeSet
2020-12-04 06:02:27,550 [Listener at 127.0.0.1/45059] INFO  volume.ThrottledAsyncChecker (ThrottledAsyncChecker.java:schedule(141)) - Scheduling a check for /github/workspace/mnt/ozone/hadoop-ozone/integration-test/target/test-dir/MiniOzoneClusterImpl-d0e62b51-0f1f-480e-8215-4f24b3183874/datanode-6/data-0/containers/hdds
2020-12-04 06:02:27,551 [Datanode State Machine Task Thread - 0] INFO  datanode.InitDatanodeState (InitDatanodeState.java:persistContainerDatanodeDetails(145)) - DatanodeDetails is persisted to /github/workspace/mnt/ozone/hadoop-ozone/integration-test/target/test-dir/MiniOzoneClusterImpl-d0e62b51-0f1f-480e-8215-4f24b3183874/datanode-5/meta/datanode.id
2020-12-04 06:02:27,551 [Listener at 127.0.0.1/45059] INFO  volume.HddsVolumeChecker (HddsVolumeChecker.java:checkAllVolumes(200)) - Scheduled health check for volume /github/workspace/mnt/ozone/hadoop-ozone/integration-test/target/test-dir/MiniOzoneClusterImpl-d0e62b51-0f1f-480e-8215-4f24b3183874/datanode-6/data-0/containers/hdds
2020-12-04 06:02:27,564 [Thread-2483] INFO  ozoneimpl.ContainerReader (ContainerReader.java:readVolume(123)) - Start to verify containers on volume /github/workspace/mnt/ozone/hadoop-ozone/integration-test/target/test-dir/MiniOzoneClusterImpl-d0e62b51-0f1f-480e-8215-4f24b3183874/datanode-6/data-0/containers/hdds
2020-12-04 06:02:27,564 [Thread-2483] INFO  ozoneimpl.ContainerReader (ContainerReader.java:readVolume(148)) - Finish verifying containers on volume /github/workspace/mnt/ozone/hadoop-ozone/integration-test/target/test-dir/MiniOzoneClusterImpl-d0e62b51-0f1f-480e-8215-4f24b3183874/datanode-6/data-0/containers/hdds
2020-12-04 06:02:27,564 [Listener at 127.0.0.1/45059] INFO  ozoneimpl.OzoneContainer (OzoneContainer.java:buildContainerSet(194)) - Build ContainerSet costs 0s
2020-12-04 06:02:27,565 [Listener at 127.0.0.1/45059] INFO  impl.RaftServerProxy (ConfUtils.java:logGet(44)) - raft.rpc.type = GRPC (default)
2020-12-04 06:02:27,565 [Listener at 127.0.0.1/45059] INFO  grpc.GrpcFactory (GrpcFactory.java:checkPooledByteBufAllocatorUseCacheForAllThreads(45)) - PERFORMANCE WARNING: useCacheForAllThreads is true that may cause Netty to create a lot garbage objects and, as a result, trigger GC.
	It is recommended to disable useCacheForAllThreads by setting -Dorg.apache.ratis.thirdparty.io.netty.allocator.useCacheForAllThreads=false in command line.
2020-12-04 06:02:27,566 [Listener at 127.0.0.1/45059] INFO  grpc.GrpcConfigKeys (ConfUtils.java:logGet(44)) - raft.grpc.server.port = 0 (default)
2020-12-04 06:02:27,566 [Listener at 127.0.0.1/45059] INFO  server.GrpcService (ConfUtils.java:logGet(44)) - raft.grpc.message.size.max = 32MB (=33554432) (custom)
2020-12-04 06:02:27,566 [Listener at 127.0.0.1/45059] INFO  server.RaftServerConfigKeys (ConfUtils.java:logGet(44)) - raft.server.log.appender.buffer.byte-limit = 33554432 (custom)
2020-12-04 06:02:27,566 [Listener at 127.0.0.1/45059] INFO  server.GrpcService (ConfUtils.java:logGet(44)) - raft.grpc.flow.control.window = 5MB (=5242880) (custom)
2020-12-04 06:02:27,566 [Listener at 127.0.0.1/45059] INFO  server.RaftServerConfigKeys (ConfUtils.java:logGet(44)) - raft.server.rpc.request.timeout = 3000ms (default)
2020-12-04 06:02:27,567 [Listener at 127.0.0.1/45059] INFO  impl.DataStreamServerImpl (ConfUtils.java:logGet(44)) - raft.datastream.type = DISABLED (default)
2020-12-04 06:02:27,567 [Listener at 127.0.0.1/45059] INFO  server.RaftServerConfigKeys (ConfUtils.java:logGet(44)) - raft.server.storage.dir = [/github/workspace/mnt/ozone/hadoop-ozone/integration-test/target/test-dir/MiniOzoneClusterImpl-d0e62b51-0f1f-480e-8215-4f24b3183874/datanode-6/data/ratis] (custom)
2020-12-04 06:02:27,571 [Listener at 127.0.0.1/45059] INFO  http.BaseHttpServer (BaseHttpServer.java:newHttpServer2BuilderForOzone(207)) - Starting Web-server for hddsDatanode at: http://0.0.0.0:0
2020-12-04 06:02:27,571 [Listener at 127.0.0.1/45059] INFO  http.BaseHttpServer (BaseHttpServer.java:<init>(106)) - Hadoop Security Enabled: false Ozone Security Enabled: false Ozone HTTP Security Enabled: false 
2020-12-04 06:02:27,572 [Listener at 127.0.0.1/45059] INFO  server.AuthenticationFilter (AuthenticationFilter.java:constructSecretProvider(240)) - Unable to initialize FileSignerSecretProvider, falling back to use random secrets.
2020-12-04 06:02:27,572 [Listener at 127.0.0.1/45059] WARN  http.HttpRequestLog (HttpRequestLog.java:getRequestLog(103)) - Jetty request log can only be enabled using Log4j
2020-12-04 06:02:27,573 [Listener at 127.0.0.1/45059] INFO  http.HttpServer2 (HttpServer2.java:addGlobalFilter(1019)) - Added global filter 'safety' (class=org.apache.hadoop.hdds.server.http.HttpServer2$QuotingInputFilter)
2020-12-04 06:02:27,574 [Listener at 127.0.0.1/45059] INFO  http.HttpServer2 (HttpServer2.java:addFilter(995)) - Added filter static_user_filter (class=org.apache.hadoop.http.lib.StaticUserWebFilter$StaticUserFilter) to context hddsDatanode
2020-12-04 06:02:27,574 [Listener at 127.0.0.1/45059] INFO  http.HttpServer2 (HttpServer2.java:addFilter(1003)) - Added filter static_user_filter (class=org.apache.hadoop.http.lib.StaticUserWebFilter$StaticUserFilter) to context logs
2020-12-04 06:02:27,574 [Listener at 127.0.0.1/45059] INFO  http.HttpServer2 (HttpServer2.java:addFilter(1003)) - Added filter static_user_filter (class=org.apache.hadoop.http.lib.StaticUserWebFilter$StaticUserFilter) to context static
2020-12-04 06:02:27,574 [Listener at 127.0.0.1/45059] INFO  http.HttpServer2 (HttpServer2.java:bindListener(1237)) - Jetty bound to port 36023
2020-12-04 06:02:27,574 [Listener at 127.0.0.1/45059] INFO  server.Server (Server.java:doStart(375)) - jetty-9.4.34.v20201102; built: 2020-11-02T14:15:39.302Z; git: e46af88704a893fc12cb0e3bf46e2c7b48a009e7; jvm 1.8.0_232-b09
2020-12-04 06:02:27,576 [Listener at 127.0.0.1/45059] INFO  server.session (DefaultSessionIdManager.java:doStart(334)) - DefaultSessionIdManager workerName=node0
2020-12-04 06:02:27,576 [Listener at 127.0.0.1/45059] INFO  server.session (DefaultSessionIdManager.java:doStart(339)) - No SessionScavenger set, using defaults
2020-12-04 06:02:27,576 [Listener at 127.0.0.1/45059] INFO  server.session (HouseKeeper.java:startScavenging(132)) - node0 Scavenging every 660000ms
2020-12-04 06:02:27,576 [Listener at 127.0.0.1/45059] INFO  handler.ContextHandler (ContextHandler.java:doStart(916)) - Started o.e.j.s.ServletContextHandler@4be51b85{logs,/logs,file:///github/workspace/mnt/ozone/hadoop-ozone/integration-test/target/log,AVAILABLE}
2020-12-04 06:02:27,577 [Listener at 127.0.0.1/45059] INFO  handler.ContextHandler (ContextHandler.java:doStart(916)) - Started o.e.j.s.ServletContextHandler@49da05ba{static,/static,jar:file:/home/user/.m2/repository/org/apache/hadoop/hadoop-hdds-container-service/1.1.0-SNAPSHOT/hadoop-hdds-container-service-1.1.0-SNAPSHOT.jar!/webapps/static,AVAILABLE}
2020-12-04 06:02:27,733 [Listener at 127.0.0.1/45059] INFO  handler.ContextHandler (ContextHandler.java:doStart(916)) - Started o.e.j.w.WebAppContext@51e75e64{hddsDatanode,/,file:///tmp/jetty-0_0_0_0-36023-hadoop-hdds-container-service-1_1_0-SNAPSHOT_jar-_-any-5426115703813505743/webapp/,AVAILABLE}{jar:file:/home/user/.m2/repository/org/apache/hadoop/hadoop-hdds-container-service/1.1.0-SNAPSHOT/hadoop-hdds-container-service-1.1.0-SNAPSHOT.jar!/webapps/hddsDatanode}
2020-12-04 06:02:27,736 [Listener at 127.0.0.1/45059] INFO  server.AbstractConnector (AbstractConnector.java:doStart(331)) - Started ServerConnector@4aa93bce{HTTP/1.1, (http/1.1)}{0.0.0.0:36023}
2020-12-04 06:02:27,736 [Listener at 127.0.0.1/45059] INFO  server.Server (Server.java:doStart(415)) - Started @280705ms
2020-12-04 06:02:27,737 [Listener at 127.0.0.1/45059] WARN  impl.MetricsSystemImpl (MetricsSystemImpl.java:register(276)) - Sink prometheus already exists!
2020-12-04 06:02:27,742 [Listener at 127.0.0.1/45059] INFO  http.BaseHttpServer (BaseHttpServer.java:updateConnectorAddress(327)) - HTTP server of hddsDatanode listening at http://0.0.0.0:36023
2020-12-04 06:02:27,744 [Listener at 127.0.0.1/45059] INFO  ozone.MiniOzoneClusterImpl (MiniOzoneClusterImpl.java:lambda$waitForClusterToBeReady$0(178)) - Waiting for nodes to be ready. Got 0 of 7 DN Heartbeats.
2020-12-04 06:02:27,744 [Listener at 127.0.0.1/45059] INFO  ozone.MiniOzoneClusterImpl (MiniOzoneClusterImpl.java:lambda$waitForClusterToBeReady$0(181)) - Waiting for cluster to exit safe mode
2020-12-04 06:02:27,749 [org.apache.hadoop.util.JvmPauseMonitor$Monitor@bce1565] INFO  util.JvmPauseMonitor (JvmPauseMonitor.java:run(188)) - Starting JVM pause monitor
2020-12-04 06:02:27,750 [Datanode State Machine Task Thread - 0] INFO  datanode.InitDatanodeState (InitDatanodeState.java:persistContainerDatanodeDetails(145)) - DatanodeDetails is persisted to /github/workspace/mnt/ozone/hadoop-ozone/integration-test/target/test-dir/MiniOzoneClusterImpl-d0e62b51-0f1f-480e-8215-4f24b3183874/datanode-6/meta/datanode.id
2020-12-04 06:02:28,537 [EndpointStateMachine task thread for /0.0.0.0:41419 - 0 ] INFO  ozoneimpl.OzoneContainer (OzoneContainer.java:start(243)) - Attempting to start container services.
2020-12-04 06:02:28,537 [EndpointStateMachine task thread for /0.0.0.0:41419 - 0 ] INFO  ozoneimpl.OzoneContainer (OzoneContainer.java:startContainerScrub(207)) - Background container scanner has been disabled.
2020-12-04 06:02:28,537 [EndpointStateMachine task thread for /0.0.0.0:41419 - 0 ] INFO  ratis.XceiverServerRatis (XceiverServerRatis.java:start(456)) - Starting XceiverServerRatis 5e885a77-8b3e-4dc5-b522-5cb06ff98b04 at port 0
2020-12-04 06:02:28,538 [EndpointStateMachine task thread for /0.0.0.0:41419 - 0 ] INFO  impl.RaftServerProxy (RaftServerProxy.java:lambda$start$3(321)) - 5e885a77-8b3e-4dc5-b522-5cb06ff98b04: start RPC server
2020-12-04 06:02:28,539 [EndpointStateMachine task thread for /0.0.0.0:41419 - 0 ] INFO  server.GrpcService (GrpcService.java:startImpl(177)) - 5e885a77-8b3e-4dc5-b522-5cb06ff98b04: GrpcService started, listening on 0.0.0.0/0.0.0.0:39901
2020-12-04 06:02:28,539 [EndpointStateMachine task thread for /0.0.0.0:41419 - 0 ] INFO  ratis.XceiverServerRatis (XceiverServerRatis.java:start(468)) - XceiverServerRatis 5e885a77-8b3e-4dc5-b522-5cb06ff98b04 is started using port 39901
2020-12-04 06:02:28,540 [EndpointStateMachine task thread for /0.0.0.0:41419 - 0 ] INFO  server.XceiverServerGrpc (XceiverServerGrpc.java:start(145)) - XceiverServerGrpc 5e885a77-8b3e-4dc5-b522-5cb06ff98b04 is started using port 39027
2020-12-04 06:02:28,540 [org.apache.ratis.server.JvmPauseMonitor@4f34a099-Monitor] INFO  server.RaftServerConfigKeys (ConfUtils.java:logGet(44)) - raft.server.leaderelection.leader.step-down.wait-time = 10s (default)
2020-12-04 06:02:28,540 [org.apache.ratis.server.JvmPauseMonitor@4f34a099-Monitor] INFO  server.RaftServerConfigKeys (ConfUtils.java:logGet(44)) - raft.server.rpc.slowness.timeout = 300000ms (custom)
2020-12-04 06:02:28,540 [org.apache.ratis.server.JvmPauseMonitor@4f34a099-Monitor] INFO  server.JvmPauseMonitor (JvmPauseMonitor.java:run(129)) - Starting Ratis JVM pause monitor
2020-12-04 06:02:28,740 [EndpointStateMachine task thread for /0.0.0.0:41419 - 0 ] INFO  ozoneimpl.OzoneContainer (OzoneContainer.java:start(243)) - Attempting to start container services.
2020-12-04 06:02:28,740 [EndpointStateMachine task thread for /0.0.0.0:41419 - 0 ] INFO  ozoneimpl.OzoneContainer (OzoneContainer.java:startContainerScrub(207)) - Background container scanner has been disabled.
2020-12-04 06:02:28,740 [EndpointStateMachine task thread for /0.0.0.0:41419 - 0 ] INFO  ratis.XceiverServerRatis (XceiverServerRatis.java:start(456)) - Starting XceiverServerRatis a43a40a6-1ac9-4df3-821c-5cd06fa3b4e5 at port 0
2020-12-04 06:02:28,741 [EndpointStateMachine task thread for /0.0.0.0:41419 - 0 ] INFO  impl.RaftServerProxy (RaftServerProxy.java:lambda$start$3(321)) - a43a40a6-1ac9-4df3-821c-5cd06fa3b4e5: start RPC server
2020-12-04 06:02:28,742 [EndpointStateMachine task thread for /0.0.0.0:41419 - 0 ] INFO  server.GrpcService (GrpcService.java:startImpl(177)) - a43a40a6-1ac9-4df3-821c-5cd06fa3b4e5: GrpcService started, listening on 0.0.0.0/0.0.0.0:36909
2020-12-04 06:02:28,742 [EndpointStateMachine task thread for /0.0.0.0:41419 - 0 ] INFO  ratis.XceiverServerRatis (XceiverServerRatis.java:start(468)) - XceiverServerRatis a43a40a6-1ac9-4df3-821c-5cd06fa3b4e5 is started using port 36909
2020-12-04 06:02:28,743 [EndpointStateMachine task thread for /0.0.0.0:41419 - 0 ] INFO  server.XceiverServerGrpc (XceiverServerGrpc.java:start(145)) - XceiverServerGrpc a43a40a6-1ac9-4df3-821c-5cd06fa3b4e5 is started using port 35921
2020-12-04 06:02:28,743 [org.apache.ratis.server.JvmPauseMonitor@7560e7f-Monitor] INFO  server.RaftServerConfigKeys (ConfUtils.java:logGet(44)) - raft.server.leaderelection.leader.step-down.wait-time = 10s (default)
2020-12-04 06:02:28,744 [org.apache.ratis.server.JvmPauseMonitor@7560e7f-Monitor] INFO  server.RaftServerConfigKeys (ConfUtils.java:logGet(44)) - raft.server.rpc.slowness.timeout = 300000ms (custom)
2020-12-04 06:02:28,744 [org.apache.ratis.server.JvmPauseMonitor@7560e7f-Monitor] INFO  server.JvmPauseMonitor (JvmPauseMonitor.java:run(129)) - Starting Ratis JVM pause monitor
2020-12-04 06:02:28,744 [Listener at 127.0.0.1/45059] INFO  ozone.MiniOzoneClusterImpl (MiniOzoneClusterImpl.java:lambda$waitForClusterToBeReady$0(178)) - Waiting for nodes to be ready. Got 0 of 7 DN Heartbeats.
2020-12-04 06:02:28,744 [Listener at 127.0.0.1/45059] INFO  ozone.MiniOzoneClusterImpl (MiniOzoneClusterImpl.java:lambda$waitForClusterToBeReady$0(181)) - Waiting for cluster to exit safe mode
2020-12-04 06:02:28,937 [EndpointStateMachine task thread for /0.0.0.0:41419 - 0 ] INFO  ozoneimpl.OzoneContainer (OzoneContainer.java:start(243)) - Attempting to start container services.
2020-12-04 06:02:28,938 [EndpointStateMachine task thread for /0.0.0.0:41419 - 0 ] INFO  ozoneimpl.OzoneContainer (OzoneContainer.java:startContainerScrub(207)) - Background container scanner has been disabled.
2020-12-04 06:02:28,938 [EndpointStateMachine task thread for /0.0.0.0:41419 - 0 ] INFO  ratis.XceiverServerRatis (XceiverServerRatis.java:start(456)) - Starting XceiverServerRatis 025f93f1-dfc8-4208-80d2-20f4a1ba9bf1 at port 0
2020-12-04 06:02:28,938 [EndpointStateMachine task thread for /0.0.0.0:41419 - 0 ] INFO  impl.RaftServerProxy (RaftServerProxy.java:lambda$start$3(321)) - 025f93f1-dfc8-4208-80d2-20f4a1ba9bf1: start RPC server
2020-12-04 06:02:28,939 [EndpointStateMachine task thread for /0.0.0.0:41419 - 0 ] INFO  server.GrpcService (GrpcService.java:startImpl(177)) - 025f93f1-dfc8-4208-80d2-20f4a1ba9bf1: GrpcService started, listening on 0.0.0.0/0.0.0.0:36183
2020-12-04 06:02:28,940 [EndpointStateMachine task thread for /0.0.0.0:41419 - 0 ] INFO  ratis.XceiverServerRatis (XceiverServerRatis.java:start(468)) - XceiverServerRatis 025f93f1-dfc8-4208-80d2-20f4a1ba9bf1 is started using port 36183
2020-12-04 06:02:28,943 [EndpointStateMachine task thread for /0.0.0.0:41419 - 0 ] INFO  server.XceiverServerGrpc (XceiverServerGrpc.java:start(145)) - XceiverServerGrpc 025f93f1-dfc8-4208-80d2-20f4a1ba9bf1 is started using port 42611
2020-12-04 06:02:28,943 [org.apache.ratis.server.JvmPauseMonitor@313c738-Monitor] INFO  server.RaftServerConfigKeys (ConfUtils.java:logGet(44)) - raft.server.leaderelection.leader.step-down.wait-time = 10s (default)
2020-12-04 06:02:28,943 [org.apache.ratis.server.JvmPauseMonitor@313c738-Monitor] INFO  server.RaftServerConfigKeys (ConfUtils.java:logGet(44)) - raft.server.rpc.slowness.timeout = 300000ms (custom)
2020-12-04 06:02:28,943 [org.apache.ratis.server.JvmPauseMonitor@313c738-Monitor] INFO  server.JvmPauseMonitor (JvmPauseMonitor.java:run(129)) - Starting Ratis JVM pause monitor
2020-12-04 06:02:29,152 [EndpointStateMachine task thread for /0.0.0.0:41419 - 0 ] INFO  ozoneimpl.OzoneContainer (OzoneContainer.java:start(243)) - Attempting to start container services.
2020-12-04 06:02:29,152 [EndpointStateMachine task thread for /0.0.0.0:41419 - 0 ] INFO  ozoneimpl.OzoneContainer (OzoneContainer.java:startContainerScrub(207)) - Background container scanner has been disabled.
2020-12-04 06:02:29,152 [EndpointStateMachine task thread for /0.0.0.0:41419 - 0 ] INFO  ratis.XceiverServerRatis (XceiverServerRatis.java:start(456)) - Starting XceiverServerRatis a8add95f-9482-4e6d-9ba6-8975b33532e8 at port 0
2020-12-04 06:02:29,153 [EndpointStateMachine task thread for /0.0.0.0:41419 - 0 ] INFO  impl.RaftServerProxy (RaftServerProxy.java:lambda$start$3(321)) - a8add95f-9482-4e6d-9ba6-8975b33532e8: start RPC server
2020-12-04 06:02:29,154 [EndpointStateMachine task thread for /0.0.0.0:41419 - 0 ] INFO  server.GrpcService (GrpcService.java:startImpl(177)) - a8add95f-9482-4e6d-9ba6-8975b33532e8: GrpcService started, listening on 0.0.0.0/0.0.0.0:44261
2020-12-04 06:02:29,154 [EndpointStateMachine task thread for /0.0.0.0:41419 - 0 ] INFO  ratis.XceiverServerRatis (XceiverServerRatis.java:start(468)) - XceiverServerRatis a8add95f-9482-4e6d-9ba6-8975b33532e8 is started using port 44261
2020-12-04 06:02:29,154 [org.apache.ratis.server.JvmPauseMonitor@6fe687d5-Monitor] INFO  server.RaftServerConfigKeys (ConfUtils.java:logGet(44)) - raft.server.leaderelection.leader.step-down.wait-time = 10s (default)
2020-12-04 06:02:29,155 [EndpointStateMachine task thread for /0.0.0.0:41419 - 0 ] INFO  server.XceiverServerGrpc (XceiverServerGrpc.java:start(145)) - XceiverServerGrpc a8add95f-9482-4e6d-9ba6-8975b33532e8 is started using port 46861
2020-12-04 06:02:29,158 [org.apache.ratis.server.JvmPauseMonitor@6fe687d5-Monitor] INFO  server.RaftServerConfigKeys (ConfUtils.java:logGet(44)) - raft.server.rpc.slowness.timeout = 300000ms (custom)
2020-12-04 06:02:29,158 [org.apache.ratis.server.JvmPauseMonitor@6fe687d5-Monitor] INFO  server.JvmPauseMonitor (JvmPauseMonitor.java:run(129)) - Starting Ratis JVM pause monitor
2020-12-04 06:02:29,353 [EndpointStateMachine task thread for /0.0.0.0:41419 - 0 ] INFO  ozoneimpl.OzoneContainer (OzoneContainer.java:start(243)) - Attempting to start container services.
2020-12-04 06:02:29,354 [EndpointStateMachine task thread for /0.0.0.0:41419 - 0 ] INFO  ozoneimpl.OzoneContainer (OzoneContainer.java:startContainerScrub(207)) - Background container scanner has been disabled.
2020-12-04 06:02:29,354 [EndpointStateMachine task thread for /0.0.0.0:41419 - 0 ] INFO  ratis.XceiverServerRatis (XceiverServerRatis.java:start(456)) - Starting XceiverServerRatis 54498115-28c1-4381-b59e-fdf207a0d628 at port 0
2020-12-04 06:02:29,354 [EndpointStateMachine task thread for /0.0.0.0:41419 - 0 ] INFO  impl.RaftServerProxy (RaftServerProxy.java:lambda$start$3(321)) - 54498115-28c1-4381-b59e-fdf207a0d628: start RPC server
2020-12-04 06:02:29,355 [EndpointStateMachine task thread for /0.0.0.0:41419 - 0 ] INFO  server.GrpcService (GrpcService.java:startImpl(177)) - 54498115-28c1-4381-b59e-fdf207a0d628: GrpcService started, listening on 0.0.0.0/0.0.0.0:36069
2020-12-04 06:02:29,355 [EndpointStateMachine task thread for /0.0.0.0:41419 - 0 ] INFO  ratis.XceiverServerRatis (XceiverServerRatis.java:start(468)) - XceiverServerRatis 54498115-28c1-4381-b59e-fdf207a0d628 is started using port 36069
2020-12-04 06:02:29,356 [org.apache.ratis.server.JvmPauseMonitor@9846422-Monitor] INFO  server.RaftServerConfigKeys (ConfUtils.java:logGet(44)) - raft.server.leaderelection.leader.step-down.wait-time = 10s (default)
2020-12-04 06:02:29,356 [EndpointStateMachine task thread for /0.0.0.0:41419 - 0 ] INFO  server.XceiverServerGrpc (XceiverServerGrpc.java:start(145)) - XceiverServerGrpc 54498115-28c1-4381-b59e-fdf207a0d628 is started using port 40805
2020-12-04 06:02:29,356 [org.apache.ratis.server.JvmPauseMonitor@9846422-Monitor] INFO  server.RaftServerConfigKeys (ConfUtils.java:logGet(44)) - raft.server.rpc.slowness.timeout = 300000ms (custom)
2020-12-04 06:02:29,356 [org.apache.ratis.server.JvmPauseMonitor@9846422-Monitor] INFO  server.JvmPauseMonitor (JvmPauseMonitor.java:run(129)) - Starting Ratis JVM pause monitor
2020-12-04 06:02:29,552 [EndpointStateMachine task thread for /0.0.0.0:41419 - 0 ] INFO  ozoneimpl.OzoneContainer (OzoneContainer.java:start(243)) - Attempting to start container services.
2020-12-04 06:02:29,552 [EndpointStateMachine task thread for /0.0.0.0:41419 - 0 ] INFO  ozoneimpl.OzoneContainer (OzoneContainer.java:startContainerScrub(207)) - Background container scanner has been disabled.
2020-12-04 06:02:29,552 [EndpointStateMachine task thread for /0.0.0.0:41419 - 0 ] INFO  ratis.XceiverServerRatis (XceiverServerRatis.java:start(456)) - Starting XceiverServerRatis 3f9b5df4-bd86-4512-adfe-d4a46e1501cb at port 0
2020-12-04 06:02:29,553 [EndpointStateMachine task thread for /0.0.0.0:41419 - 0 ] INFO  impl.RaftServerProxy (RaftServerProxy.java:lambda$start$3(321)) - 3f9b5df4-bd86-4512-adfe-d4a46e1501cb: start RPC server
2020-12-04 06:02:29,553 [EndpointStateMachine task thread for /0.0.0.0:41419 - 0 ] INFO  server.GrpcService (GrpcService.java:startImpl(177)) - 3f9b5df4-bd86-4512-adfe-d4a46e1501cb: GrpcService started, listening on 0.0.0.0/0.0.0.0:39957
2020-12-04 06:02:29,554 [EndpointStateMachine task thread for /0.0.0.0:41419 - 0 ] INFO  ratis.XceiverServerRatis (XceiverServerRatis.java:start(468)) - XceiverServerRatis 3f9b5df4-bd86-4512-adfe-d4a46e1501cb is started using port 39957
2020-12-04 06:02:29,554 [EndpointStateMachine task thread for /0.0.0.0:41419 - 0 ] INFO  server.XceiverServerGrpc (XceiverServerGrpc.java:start(145)) - XceiverServerGrpc 3f9b5df4-bd86-4512-adfe-d4a46e1501cb is started using port 44949
2020-12-04 06:02:29,554 [org.apache.ratis.server.JvmPauseMonitor@1bff011c-Monitor] INFO  server.RaftServerConfigKeys (ConfUtils.java:logGet(44)) - raft.server.leaderelection.leader.step-down.wait-time = 10s (default)
2020-12-04 06:02:29,554 [org.apache.ratis.server.JvmPauseMonitor@1bff011c-Monitor] INFO  server.RaftServerConfigKeys (ConfUtils.java:logGet(44)) - raft.server.rpc.slowness.timeout = 300000ms (custom)
2020-12-04 06:02:29,554 [org.apache.ratis.server.JvmPauseMonitor@1bff011c-Monitor] INFO  server.JvmPauseMonitor (JvmPauseMonitor.java:run(129)) - Starting Ratis JVM pause monitor
2020-12-04 06:02:29,744 [Listener at 127.0.0.1/45059] INFO  ozone.MiniOzoneClusterImpl (MiniOzoneClusterImpl.java:lambda$waitForClusterToBeReady$0(178)) - Waiting for nodes to be ready. Got 0 of 7 DN Heartbeats.
2020-12-04 06:02:29,745 [Listener at 127.0.0.1/45059] INFO  ozone.MiniOzoneClusterImpl (MiniOzoneClusterImpl.java:lambda$waitForClusterToBeReady$0(181)) - Waiting for cluster to exit safe mode
2020-12-04 06:02:29,753 [EndpointStateMachine task thread for /0.0.0.0:41419 - 0 ] INFO  ozoneimpl.OzoneContainer (OzoneContainer.java:start(243)) - Attempting to start container services.
2020-12-04 06:02:29,753 [EndpointStateMachine task thread for /0.0.0.0:41419 - 0 ] INFO  ozoneimpl.OzoneContainer (OzoneContainer.java:startContainerScrub(207)) - Background container scanner has been disabled.
2020-12-04 06:02:29,753 [EndpointStateMachine task thread for /0.0.0.0:41419 - 0 ] INFO  ratis.XceiverServerRatis (XceiverServerRatis.java:start(456)) - Starting XceiverServerRatis 5e97bab7-f049-4685-a9ad-e9f5ff9fc7c1 at port 0
2020-12-04 06:02:29,754 [EndpointStateMachine task thread for /0.0.0.0:41419 - 0 ] INFO  impl.RaftServerProxy (RaftServerProxy.java:lambda$start$3(321)) - 5e97bab7-f049-4685-a9ad-e9f5ff9fc7c1: start RPC server
2020-12-04 06:02:29,755 [EndpointStateMachine task thread for /0.0.0.0:41419 - 0 ] INFO  server.GrpcService (GrpcService.java:startImpl(177)) - 5e97bab7-f049-4685-a9ad-e9f5ff9fc7c1: GrpcService started, listening on 0.0.0.0/0.0.0.0:46089
2020-12-04 06:02:29,755 [EndpointStateMachine task thread for /0.0.0.0:41419 - 0 ] INFO  ratis.XceiverServerRatis (XceiverServerRatis.java:start(468)) - XceiverServerRatis 5e97bab7-f049-4685-a9ad-e9f5ff9fc7c1 is started using port 46089
2020-12-04 06:02:29,755 [org.apache.ratis.server.JvmPauseMonitor@1f48a20f-Monitor] INFO  server.RaftServerConfigKeys (ConfUtils.java:logGet(44)) - raft.server.leaderelection.leader.step-down.wait-time = 10s (default)
2020-12-04 06:02:29,755 [EndpointStateMachine task thread for /0.0.0.0:41419 - 0 ] INFO  server.XceiverServerGrpc (XceiverServerGrpc.java:start(145)) - XceiverServerGrpc 5e97bab7-f049-4685-a9ad-e9f5ff9fc7c1 is started using port 41273
2020-12-04 06:02:29,755 [org.apache.ratis.server.JvmPauseMonitor@1f48a20f-Monitor] INFO  server.RaftServerConfigKeys (ConfUtils.java:logGet(44)) - raft.server.rpc.slowness.timeout = 300000ms (custom)
2020-12-04 06:02:29,756 [org.apache.ratis.server.JvmPauseMonitor@1f48a20f-Monitor] INFO  server.JvmPauseMonitor (JvmPauseMonitor.java:run(129)) - Starting Ratis JVM pause monitor
2020-12-04 06:02:30,531 [IPC Server handler 1 on default port 41419] INFO  net.NetworkTopologyImpl (NetworkTopologyImpl.java:add(111)) - Added a new node: /default-rack/5e885a77-8b3e-4dc5-b522-5cb06ff98b04
2020-12-04 06:02:30,533 [IPC Server handler 1 on default port 41419] INFO  node.SCMNodeManager (SCMNodeManager.java:register(341)) - Registered Data node : 5e885a77-8b3e-4dc5-b522-5cb06ff98b04{ip: 172.17.0.2, host: 63638dc2095a, networkLocation: /default-rack, certSerialId: null, persistedOpState: IN_SERVICE, persistedOpStateExpiryEpochSec: 0}
2020-12-04 06:02:30,534 [EventQueue-NodeRegistrationContainerReportForContainerSafeModeRule] INFO  safemode.SCMSafeModeManager (SCMSafeModeManager.java:validateSafeModeExitRules(214)) - ContainerSafeModeRule rule is successfully validated
2020-12-04 06:02:30,534 [RatisPipelineUtilsThread] INFO  pipeline.RatisPipelineProvider (RatisPipelineProvider.java:lambda$create$0(161)) - Sending CreatePipelineCommand for pipeline:PipelineID=9c2b9ec0-4b98-413d-b90a-83c1f51174bf to datanode:5e885a77-8b3e-4dc5-b522-5cb06ff98b04
2020-12-04 06:02:30,535 [EventQueue-NodeRegistrationContainerReportForDataNodeSafeModeRule] INFO  safemode.SCMSafeModeManager (DataNodeSafeModeRule.java:process(71)) - SCM in safe mode. 1 DataNodes registered, 1 required.
2020-12-04 06:02:30,536 [RatisPipelineUtilsThread] INFO  pipeline.PipelineStateManager (PipelineStateManager.java:addPipeline(54)) - Created pipeline Pipeline[ Id: 9c2b9ec0-4b98-413d-b90a-83c1f51174bf, Nodes: 5e885a77-8b3e-4dc5-b522-5cb06ff98b04{ip: 172.17.0.2, host: 63638dc2095a, networkLocation: /default-rack, certSerialId: null, persistedOpState: IN_SERVICE, persistedOpStateExpiryEpochSec: 0}, Type:RATIS, Factor:ONE, State:ALLOCATED, leaderId:, CreationTimestamp2020-12-04T06:02:30.534Z]
2020-12-04 06:02:30,537 [EventQueue-NodeRegistrationContainerReportForDataNodeSafeModeRule] INFO  safemode.SCMSafeModeManager (SCMSafeModeManager.java:validateSafeModeExitRules(214)) - DataNodeSafeModeRule rule is successfully validated
2020-12-04 06:02:30,538 [EventQueue-NodeRegistrationContainerReportForDataNodeSafeModeRule] INFO  safemode.SCMSafeModeManager (SCMSafeModeManager.java:completePreCheck(242)) - All SCM safe mode pre check rules have passed
2020-12-04 06:02:30,538 [EventQueue-PipelineReportForOneReplicaPipelineSafeModeRule] INFO  safemode.SCMSafeModeManager (SCMSafeModeManager.java:validateSafeModeExitRules(214)) - AtleastOneDatanodeReportedRule rule is successfully validated
2020-12-04 06:02:30,538 [RatisPipelineUtilsThread] WARN  pipeline.PipelinePlacementPolicy (PipelinePlacementPolicy.java:filterViableNodes(139)) - Pipeline creation failed due to no sufficient healthy datanodes. Required 3. Found 1.
2020-12-04 06:02:30,736 [IPC Server handler 2 on default port 41419] INFO  net.NetworkTopologyImpl (NetworkTopologyImpl.java:add(111)) - Added a new node: /default-rack/a43a40a6-1ac9-4df3-821c-5cd06fa3b4e5
2020-12-04 06:02:30,737 [IPC Server handler 2 on default port 41419] INFO  node.SCMNodeManager (SCMNodeManager.java:register(341)) - Registered Data node : a43a40a6-1ac9-4df3-821c-5cd06fa3b4e5{ip: 172.17.0.2, host: 63638dc2095a, networkLocation: /default-rack, certSerialId: null, persistedOpState: IN_SERVICE, persistedOpStateExpiryEpochSec: 0}
2020-12-04 06:02:30,737 [EventQueue-NodeRegistrationContainerReportForContainerSafeModeRule] INFO  safemode.SCMSafeModeManager (SCMSafeModeManager.java:validateSafeModeExitRules(214)) - ContainerSafeModeRule rule is successfully validated
2020-12-04 06:02:30,737 [EventQueue-PipelineReportForOneReplicaPipelineSafeModeRule] INFO  safemode.SCMSafeModeManager (SCMSafeModeManager.java:validateSafeModeExitRules(214)) - AtleastOneDatanodeReportedRule rule is successfully validated
2020-12-04 06:02:30,738 [RatisPipelineUtilsThread] INFO  pipeline.RatisPipelineProvider (RatisPipelineProvider.java:lambda$create$0(161)) - Sending CreatePipelineCommand for pipeline:PipelineID=94df6390-0626-4fc6-a8ca-4d3e6f7eff8b to datanode:a43a40a6-1ac9-4df3-821c-5cd06fa3b4e5
2020-12-04 06:02:30,738 [RatisPipelineUtilsThread] INFO  pipeline.PipelineStateManager (PipelineStateManager.java:addPipeline(54)) - Created pipeline Pipeline[ Id: 94df6390-0626-4fc6-a8ca-4d3e6f7eff8b, Nodes: a43a40a6-1ac9-4df3-821c-5cd06fa3b4e5{ip: 172.17.0.2, host: 63638dc2095a, networkLocation: /default-rack, certSerialId: null, persistedOpState: IN_SERVICE, persistedOpStateExpiryEpochSec: 0}, Type:RATIS, Factor:ONE, State:ALLOCATED, leaderId:, CreationTimestamp2020-12-04T06:02:30.738Z]
2020-12-04 06:02:30,738 [RatisPipelineUtilsThread] WARN  pipeline.PipelinePlacementPolicy (PipelinePlacementPolicy.java:filterViableNodes(139)) - Pipeline creation failed due to no sufficient healthy datanodes. Required 3. Found 2.
2020-12-04 06:02:30,738 [EventQueue-NodeRegistrationContainerReportForDataNodeSafeModeRule] INFO  safemode.SCMSafeModeManager (SCMSafeModeManager.java:validateSafeModeExitRules(214)) - DataNodeSafeModeRule rule is successfully validated
2020-12-04 06:02:30,745 [Listener at 127.0.0.1/45059] INFO  ozone.MiniOzoneClusterImpl (MiniOzoneClusterImpl.java:lambda$waitForClusterToBeReady$0(178)) - Waiting for nodes to be ready. Got 2 of 7 DN Heartbeats.
2020-12-04 06:02:30,745 [Listener at 127.0.0.1/45059] INFO  ozone.MiniOzoneClusterImpl (MiniOzoneClusterImpl.java:lambda$waitForClusterToBeReady$0(181)) - Waiting for cluster to exit safe mode
2020-12-04 06:02:30,935 [IPC Server handler 3 on default port 41419] INFO  net.NetworkTopologyImpl (NetworkTopologyImpl.java:add(111)) - Added a new node: /default-rack/025f93f1-dfc8-4208-80d2-20f4a1ba9bf1
2020-12-04 06:02:30,935 [IPC Server handler 3 on default port 41419] INFO  node.SCMNodeManager (SCMNodeManager.java:register(341)) - Registered Data node : 025f93f1-dfc8-4208-80d2-20f4a1ba9bf1{ip: 172.17.0.2, host: 63638dc2095a, networkLocation: /default-rack, certSerialId: null, persistedOpState: IN_SERVICE, persistedOpStateExpiryEpochSec: 0}
2020-12-04 06:02:30,935 [EventQueue-NodeRegistrationContainerReportForContainerSafeModeRule] INFO  safemode.SCMSafeModeManager (SCMSafeModeManager.java:validateSafeModeExitRules(214)) - ContainerSafeModeRule rule is successfully validated
2020-12-04 06:02:30,936 [RatisPipelineUtilsThread] INFO  pipeline.RatisPipelineProvider (RatisPipelineProvider.java:lambda$create$0(161)) - Sending CreatePipelineCommand for pipeline:PipelineID=69418aa5-1005-40d3-a5f6-e20f62f7d794 to datanode:025f93f1-dfc8-4208-80d2-20f4a1ba9bf1
2020-12-04 06:02:30,936 [EventQueue-NodeRegistrationContainerReportForDataNodeSafeModeRule] INFO  safemode.SCMSafeModeManager (SCMSafeModeManager.java:validateSafeModeExitRules(214)) - DataNodeSafeModeRule rule is successfully validated
2020-12-04 06:02:30,936 [RatisPipelineUtilsThread] INFO  pipeline.PipelineStateManager (PipelineStateManager.java:addPipeline(54)) - Created pipeline Pipeline[ Id: 69418aa5-1005-40d3-a5f6-e20f62f7d794, Nodes: 025f93f1-dfc8-4208-80d2-20f4a1ba9bf1{ip: 172.17.0.2, host: 63638dc2095a, networkLocation: /default-rack, certSerialId: null, persistedOpState: IN_SERVICE, persistedOpStateExpiryEpochSec: 0}, Type:RATIS, Factor:ONE, State:ALLOCATED, leaderId:, CreationTimestamp2020-12-04T06:02:30.936Z]
2020-12-04 06:02:30,937 [RatisPipelineUtilsThread] INFO  pipeline.RatisPipelineProvider (RatisPipelineProvider.java:lambda$create$0(161)) - Sending CreatePipelineCommand for pipeline:PipelineID=0ca965aa-e89c-4b81-9d0b-fdfaa90bae53 to datanode:025f93f1-dfc8-4208-80d2-20f4a1ba9bf1
2020-12-04 06:02:30,937 [RatisPipelineUtilsThread] INFO  pipeline.RatisPipelineProvider (RatisPipelineProvider.java:lambda$create$0(161)) - Sending CreatePipelineCommand for pipeline:PipelineID=0ca965aa-e89c-4b81-9d0b-fdfaa90bae53 to datanode:5e885a77-8b3e-4dc5-b522-5cb06ff98b04
2020-12-04 06:02:30,937 [RatisPipelineUtilsThread] INFO  pipeline.RatisPipelineProvider (RatisPipelineProvider.java:lambda$create$0(161)) - Sending CreatePipelineCommand for pipeline:PipelineID=0ca965aa-e89c-4b81-9d0b-fdfaa90bae53 to datanode:a43a40a6-1ac9-4df3-821c-5cd06fa3b4e5
2020-12-04 06:02:30,938 [RatisPipelineUtilsThread] INFO  pipeline.PipelineStateManager (PipelineStateManager.java:addPipeline(54)) - Created pipeline Pipeline[ Id: 0ca965aa-e89c-4b81-9d0b-fdfaa90bae53, Nodes: 025f93f1-dfc8-4208-80d2-20f4a1ba9bf1{ip: 172.17.0.2, host: 63638dc2095a, networkLocation: /default-rack, certSerialId: null, persistedOpState: IN_SERVICE, persistedOpStateExpiryEpochSec: 0}5e885a77-8b3e-4dc5-b522-5cb06ff98b04{ip: 172.17.0.2, host: 63638dc2095a, networkLocation: /default-rack, certSerialId: null, persistedOpState: IN_SERVICE, persistedOpStateExpiryEpochSec: 0}a43a40a6-1ac9-4df3-821c-5cd06fa3b4e5{ip: 172.17.0.2, host: 63638dc2095a, networkLocation: /default-rack, certSerialId: null, persistedOpState: IN_SERVICE, persistedOpStateExpiryEpochSec: 0}, Type:RATIS, Factor:THREE, State:ALLOCATED, leaderId:, CreationTimestamp2020-12-04T06:02:30.937Z]
2020-12-04 06:02:30,939 [RatisPipelineUtilsThread] INFO  pipeline.RatisPipelineProvider (RatisPipelineProvider.java:lambda$create$0(161)) - Sending CreatePipelineCommand for pipeline:PipelineID=0913c338-1fb1-4172-a8a9-a6cd88bf67f2 to datanode:025f93f1-dfc8-4208-80d2-20f4a1ba9bf1
2020-12-04 06:02:30,939 [RatisPipelineUtilsThread] INFO  pipeline.RatisPipelineProvider (RatisPipelineProvider.java:lambda$create$0(161)) - Sending CreatePipelineCommand for pipeline:PipelineID=0913c338-1fb1-4172-a8a9-a6cd88bf67f2 to datanode:5e885a77-8b3e-4dc5-b522-5cb06ff98b04
2020-12-04 06:02:30,939 [RatisPipelineUtilsThread] INFO  pipeline.RatisPipelineProvider (RatisPipelineProvider.java:lambda$create$0(161)) - Sending CreatePipelineCommand for pipeline:PipelineID=0913c338-1fb1-4172-a8a9-a6cd88bf67f2 to datanode:a43a40a6-1ac9-4df3-821c-5cd06fa3b4e5
2020-12-04 06:02:30,939 [RatisPipelineUtilsThread] INFO  pipeline.PipelineStateManager (PipelineStateManager.java:addPipeline(54)) - Created pipeline Pipeline[ Id: 0913c338-1fb1-4172-a8a9-a6cd88bf67f2, Nodes: 025f93f1-dfc8-4208-80d2-20f4a1ba9bf1{ip: 172.17.0.2, host: 63638dc2095a, networkLocation: /default-rack, certSerialId: null, persistedOpState: IN_SERVICE, persistedOpStateExpiryEpochSec: 0}5e885a77-8b3e-4dc5-b522-5cb06ff98b04{ip: 172.17.0.2, host: 63638dc2095a, networkLocation: /default-rack, certSerialId: null, persistedOpState: IN_SERVICE, persistedOpStateExpiryEpochSec: 0}a43a40a6-1ac9-4df3-821c-5cd06fa3b4e5{ip: 172.17.0.2, host: 63638dc2095a, networkLocation: /default-rack, certSerialId: null, persistedOpState: IN_SERVICE, persistedOpStateExpiryEpochSec: 0}, Type:RATIS, Factor:THREE, State:ALLOCATED, leaderId:, CreationTimestamp2020-12-04T06:02:30.939Z]
2020-12-04 06:02:30,939 [RatisPipelineUtilsThread] INFO  pipeline.SCMPipelineManager (SCMPipelineManager.java:recordMetricsForPipeline(243)) - Pipeline: PipelineID=0913c338-1fb1-4172-a8a9-a6cd88bf67f2 contains same datanodes as previous pipelines: PipelineID=0ca965aa-e89c-4b81-9d0b-fdfaa90bae53 nodeIds: 025f93f1-dfc8-4208-80d2-20f4a1ba9bf1, 5e885a77-8b3e-4dc5-b522-5cb06ff98b04, a43a40a6-1ac9-4df3-821c-5cd06fa3b4e5
2020-12-04 06:02:30,940 [EventQueue-PipelineReportForOneReplicaPipelineSafeModeRule] INFO  safemode.SCMSafeModeManager (SCMSafeModeManager.java:validateSafeModeExitRules(214)) - AtleastOneDatanodeReportedRule rule is successfully validated
2020-12-04 06:02:31,151 [IPC Server handler 4 on default port 41419] INFO  net.NetworkTopologyImpl (NetworkTopologyImpl.java:add(111)) - Added a new node: /default-rack/a8add95f-9482-4e6d-9ba6-8975b33532e8
2020-12-04 06:02:31,151 [IPC Server handler 4 on default port 41419] INFO  node.SCMNodeManager (SCMNodeManager.java:register(341)) - Registered Data node : a8add95f-9482-4e6d-9ba6-8975b33532e8{ip: 172.17.0.2, host: 63638dc2095a, networkLocation: /default-rack, certSerialId: null, persistedOpState: IN_SERVICE, persistedOpStateExpiryEpochSec: 0}
2020-12-04 06:02:31,151 [EventQueue-NodeRegistrationContainerReportForContainerSafeModeRule] INFO  safemode.SCMSafeModeManager (SCMSafeModeManager.java:validateSafeModeExitRules(214)) - ContainerSafeModeRule rule is successfully validated
2020-12-04 06:02:31,151 [EventQueue-NodeRegistrationContainerReportForDataNodeSafeModeRule] INFO  safemode.SCMSafeModeManager (SCMSafeModeManager.java:validateSafeModeExitRules(214)) - DataNodeSafeModeRule rule is successfully validated
2020-12-04 06:02:31,151 [EventQueue-PipelineReportForOneReplicaPipelineSafeModeRule] INFO  safemode.SCMSafeModeManager (SCMSafeModeManager.java:validateSafeModeExitRules(214)) - AtleastOneDatanodeReportedRule rule is successfully validated
2020-12-04 06:02:31,152 [RatisPipelineUtilsThread] INFO  pipeline.RatisPipelineProvider (RatisPipelineProvider.java:lambda$create$0(161)) - Sending CreatePipelineCommand for pipeline:PipelineID=b72b0388-0d0b-4ea0-a621-3de58e84b988 to datanode:a8add95f-9482-4e6d-9ba6-8975b33532e8
2020-12-04 06:02:31,153 [RatisPipelineUtilsThread] INFO  pipeline.PipelineStateManager (PipelineStateManager.java:addPipeline(54)) - Created pipeline Pipeline[ Id: b72b0388-0d0b-4ea0-a621-3de58e84b988, Nodes: a8add95f-9482-4e6d-9ba6-8975b33532e8{ip: 172.17.0.2, host: 63638dc2095a, networkLocation: /default-rack, certSerialId: null, persistedOpState: IN_SERVICE, persistedOpStateExpiryEpochSec: 0}, Type:RATIS, Factor:ONE, State:ALLOCATED, leaderId:, CreationTimestamp2020-12-04T06:02:31.152Z]
2020-12-04 06:02:31,351 [IPC Server handler 0 on default port 41419] INFO  net.NetworkTopologyImpl (NetworkTopologyImpl.java:add(111)) - Added a new node: /default-rack/54498115-28c1-4381-b59e-fdf207a0d628
2020-12-04 06:02:31,351 [IPC Server handler 0 on default port 41419] INFO  node.SCMNodeManager (SCMNodeManager.java:register(341)) - Registered Data node : 54498115-28c1-4381-b59e-fdf207a0d628{ip: 172.17.0.2, host: 63638dc2095a, networkLocation: /default-rack, certSerialId: null, persistedOpState: IN_SERVICE, persistedOpStateExpiryEpochSec: 0}
2020-12-04 06:02:31,352 [EventQueue-NodeRegistrationContainerReportForContainerSafeModeRule] INFO  safemode.SCMSafeModeManager (SCMSafeModeManager.java:validateSafeModeExitRules(214)) - ContainerSafeModeRule rule is successfully validated
2020-12-04 06:02:31,352 [EventQueue-NodeRegistrationContainerReportForDataNodeSafeModeRule] INFO  safemode.SCMSafeModeManager (SCMSafeModeManager.java:validateSafeModeExitRules(214)) - DataNodeSafeModeRule rule is successfully validated
2020-12-04 06:02:31,352 [EventQueue-PipelineReportForOneReplicaPipelineSafeModeRule] INFO  safemode.SCMSafeModeManager (SCMSafeModeManager.java:validateSafeModeExitRules(214)) - AtleastOneDatanodeReportedRule rule is successfully validated
2020-12-04 06:02:31,352 [RatisPipelineUtilsThread] INFO  pipeline.RatisPipelineProvider (RatisPipelineProvider.java:lambda$create$0(161)) - Sending CreatePipelineCommand for pipeline:PipelineID=2d1913a1-feb5-48b6-b1ae-aa6ea5d43c51 to datanode:54498115-28c1-4381-b59e-fdf207a0d628
2020-12-04 06:02:31,353 [RatisPipelineUtilsThread] INFO  pipeline.PipelineStateManager (PipelineStateManager.java:addPipeline(54)) - Created pipeline Pipeline[ Id: 2d1913a1-feb5-48b6-b1ae-aa6ea5d43c51, Nodes: 54498115-28c1-4381-b59e-fdf207a0d628{ip: 172.17.0.2, host: 63638dc2095a, networkLocation: /default-rack, certSerialId: null, persistedOpState: IN_SERVICE, persistedOpStateExpiryEpochSec: 0}, Type:RATIS, Factor:ONE, State:ALLOCATED, leaderId:, CreationTimestamp2020-12-04T06:02:31.352Z]
2020-12-04 06:02:31,551 [IPC Server handler 2 on default port 41419] INFO  net.NetworkTopologyImpl (NetworkTopologyImpl.java:add(111)) - Added a new node: /default-rack/3f9b5df4-bd86-4512-adfe-d4a46e1501cb
2020-12-04 06:02:31,551 [IPC Server handler 2 on default port 41419] INFO  node.SCMNodeManager (SCMNodeManager.java:register(341)) - Registered Data node : 3f9b5df4-bd86-4512-adfe-d4a46e1501cb{ip: 172.17.0.2, host: 63638dc2095a, networkLocation: /default-rack, certSerialId: null, persistedOpState: IN_SERVICE, persistedOpStateExpiryEpochSec: 0}
2020-12-04 06:02:31,553 [EventQueue-PipelineReportForOneReplicaPipelineSafeModeRule] INFO  safemode.SCMSafeModeManager (SCMSafeModeManager.java:validateSafeModeExitRules(214)) - AtleastOneDatanodeReportedRule rule is successfully validated
2020-12-04 06:02:31,553 [EventQueue-NodeRegistrationContainerReportForDataNodeSafeModeRule] INFO  safemode.SCMSafeModeManager (SCMSafeModeManager.java:validateSafeModeExitRules(214)) - DataNodeSafeModeRule rule is successfully validated
2020-12-04 06:02:31,553 [RatisPipelineUtilsThread] INFO  pipeline.RatisPipelineProvider (RatisPipelineProvider.java:lambda$create$0(161)) - Sending CreatePipelineCommand for pipeline:PipelineID=55d23c07-bcca-4c2a-a489-3774a1ac7f46 to datanode:3f9b5df4-bd86-4512-adfe-d4a46e1501cb
2020-12-04 06:02:31,553 [EventQueue-NodeRegistrationContainerReportForContainerSafeModeRule] INFO  safemode.SCMSafeModeManager (SCMSafeModeManager.java:validateSafeModeExitRules(214)) - ContainerSafeModeRule rule is successfully validated
2020-12-04 06:02:31,555 [RatisPipelineUtilsThread] INFO  pipeline.PipelineStateManager (PipelineStateManager.java:addPipeline(54)) - Created pipeline Pipeline[ Id: 55d23c07-bcca-4c2a-a489-3774a1ac7f46, Nodes: 3f9b5df4-bd86-4512-adfe-d4a46e1501cb{ip: 172.17.0.2, host: 63638dc2095a, networkLocation: /default-rack, certSerialId: null, persistedOpState: IN_SERVICE, persistedOpStateExpiryEpochSec: 0}, Type:RATIS, Factor:ONE, State:ALLOCATED, leaderId:, CreationTimestamp2020-12-04T06:02:31.553Z]
2020-12-04 06:02:31,556 [RatisPipelineUtilsThread] INFO  pipeline.RatisPipelineProvider (RatisPipelineProvider.java:lambda$create$0(161)) - Sending CreatePipelineCommand for pipeline:PipelineID=f8d9c3ab-5226-4468-a24d-f138bf844afc to datanode:a8add95f-9482-4e6d-9ba6-8975b33532e8
2020-12-04 06:02:31,556 [RatisPipelineUtilsThread] INFO  pipeline.RatisPipelineProvider (RatisPipelineProvider.java:lambda$create$0(161)) - Sending CreatePipelineCommand for pipeline:PipelineID=f8d9c3ab-5226-4468-a24d-f138bf844afc to datanode:54498115-28c1-4381-b59e-fdf207a0d628
2020-12-04 06:02:31,556 [RatisPipelineUtilsThread] INFO  pipeline.RatisPipelineProvider (RatisPipelineProvider.java:lambda$create$0(161)) - Sending CreatePipelineCommand for pipeline:PipelineID=f8d9c3ab-5226-4468-a24d-f138bf844afc to datanode:3f9b5df4-bd86-4512-adfe-d4a46e1501cb
2020-12-04 06:02:31,556 [RatisPipelineUtilsThread] INFO  pipeline.PipelineStateManager (PipelineStateManager.java:addPipeline(54)) - Created pipeline Pipeline[ Id: f8d9c3ab-5226-4468-a24d-f138bf844afc, Nodes: a8add95f-9482-4e6d-9ba6-8975b33532e8{ip: 172.17.0.2, host: 63638dc2095a, networkLocation: /default-rack, certSerialId: null, persistedOpState: IN_SERVICE, persistedOpStateExpiryEpochSec: 0}54498115-28c1-4381-b59e-fdf207a0d628{ip: 172.17.0.2, host: 63638dc2095a, networkLocation: /default-rack, certSerialId: null, persistedOpState: IN_SERVICE, persistedOpStateExpiryEpochSec: 0}3f9b5df4-bd86-4512-adfe-d4a46e1501cb{ip: 172.17.0.2, host: 63638dc2095a, networkLocation: /default-rack, certSerialId: null, persistedOpState: IN_SERVICE, persistedOpStateExpiryEpochSec: 0}, Type:RATIS, Factor:THREE, State:ALLOCATED, leaderId:, CreationTimestamp2020-12-04T06:02:31.555Z]
2020-12-04 06:02:31,557 [RatisPipelineUtilsThread] INFO  pipeline.RatisPipelineProvider (RatisPipelineProvider.java:lambda$create$0(161)) - Sending CreatePipelineCommand for pipeline:PipelineID=fc22b5ed-d321-449c-8c10-58fb4a3de172 to datanode:a8add95f-9482-4e6d-9ba6-8975b33532e8
2020-12-04 06:02:31,557 [RatisPipelineUtilsThread] INFO  pipeline.RatisPipelineProvider (RatisPipelineProvider.java:lambda$create$0(161)) - Sending CreatePipelineCommand for pipeline:PipelineID=fc22b5ed-d321-449c-8c10-58fb4a3de172 to datanode:54498115-28c1-4381-b59e-fdf207a0d628
2020-12-04 06:02:31,557 [RatisPipelineUtilsThread] INFO  pipeline.RatisPipelineProvider (RatisPipelineProvider.java:lambda$create$0(161)) - Sending CreatePipelineCommand for pipeline:PipelineID=fc22b5ed-d321-449c-8c10-58fb4a3de172 to datanode:3f9b5df4-bd86-4512-adfe-d4a46e1501cb
2020-12-04 06:02:31,557 [RatisPipelineUtilsThread] INFO  pipeline.PipelineStateManager (PipelineStateManager.java:addPipeline(54)) - Created pipeline Pipeline[ Id: fc22b5ed-d321-449c-8c10-58fb4a3de172, Nodes: a8add95f-9482-4e6d-9ba6-8975b33532e8{ip: 172.17.0.2, host: 63638dc2095a, networkLocation: /default-rack, certSerialId: null, persistedOpState: IN_SERVICE, persistedOpStateExpiryEpochSec: 0}54498115-28c1-4381-b59e-fdf207a0d628{ip: 172.17.0.2, host: 63638dc2095a, networkLocation: /default-rack, certSerialId: null, persistedOpState: IN_SERVICE, persistedOpStateExpiryEpochSec: 0}3f9b5df4-bd86-4512-adfe-d4a46e1501cb{ip: 172.17.0.2, host: 63638dc2095a, networkLocation: /default-rack, certSerialId: null, persistedOpState: IN_SERVICE, persistedOpStateExpiryEpochSec: 0}, Type:RATIS, Factor:THREE, State:ALLOCATED, leaderId:, CreationTimestamp2020-12-04T06:02:31.557Z]
2020-12-04 06:02:31,558 [RatisPipelineUtilsThread] INFO  pipeline.SCMPipelineManager (SCMPipelineManager.java:recordMetricsForPipeline(243)) - Pipeline: PipelineID=fc22b5ed-d321-449c-8c10-58fb4a3de172 contains same datanodes as previous pipelines: PipelineID=f8d9c3ab-5226-4468-a24d-f138bf844afc nodeIds: a8add95f-9482-4e6d-9ba6-8975b33532e8, 54498115-28c1-4381-b59e-fdf207a0d628, 3f9b5df4-bd86-4512-adfe-d4a46e1501cb
2020-12-04 06:02:31,745 [Listener at 127.0.0.1/45059] INFO  ozone.MiniOzoneClusterImpl (MiniOzoneClusterImpl.java:lambda$waitForClusterToBeReady$0(178)) - Waiting for nodes to be ready. Got 6 of 7 DN Heartbeats.
2020-12-04 06:02:31,745 [Listener at 127.0.0.1/45059] INFO  ozone.MiniOzoneClusterImpl (MiniOzoneClusterImpl.java:lambda$waitForClusterToBeReady$0(181)) - Waiting for cluster to exit safe mode
2020-12-04 06:02:31,750 [IPC Server handler 3 on default port 41419] INFO  net.NetworkTopologyImpl (NetworkTopologyImpl.java:add(111)) - Added a new node: /default-rack/5e97bab7-f049-4685-a9ad-e9f5ff9fc7c1
2020-12-04 06:02:31,750 [IPC Server handler 3 on default port 41419] INFO  node.SCMNodeManager (SCMNodeManager.java:register(341)) - Registered Data node : 5e97bab7-f049-4685-a9ad-e9f5ff9fc7c1{ip: 172.17.0.2, host: 63638dc2095a, networkLocation: /default-rack, certSerialId: null, persistedOpState: IN_SERVICE, persistedOpStateExpiryEpochSec: 0}
2020-12-04 06:02:31,751 [EventQueue-NodeRegistrationContainerReportForContainerSafeModeRule] INFO  safemode.SCMSafeModeManager (SCMSafeModeManager.java:validateSafeModeExitRules(214)) - ContainerSafeModeRule rule is successfully validated
2020-12-04 06:02:31,751 [EventQueue-NodeRegistrationContainerReportForDataNodeSafeModeRule] INFO  safemode.SCMSafeModeManager (SCMSafeModeManager.java:validateSafeModeExitRules(214)) - DataNodeSafeModeRule rule is successfully validated
2020-12-04 06:02:31,751 [EventQueue-PipelineReportForOneReplicaPipelineSafeModeRule] INFO  safemode.SCMSafeModeManager (SCMSafeModeManager.java:validateSafeModeExitRules(214)) - AtleastOneDatanodeReportedRule rule is successfully validated
2020-12-04 06:02:31,752 [RatisPipelineUtilsThread] INFO  pipeline.RatisPipelineProvider (RatisPipelineProvider.java:lambda$create$0(161)) - Sending CreatePipelineCommand for pipeline:PipelineID=9516a70f-611a-44b0-a7e3-80fa38fc4c8a to datanode:5e97bab7-f049-4685-a9ad-e9f5ff9fc7c1
2020-12-04 06:02:31,753 [RatisPipelineUtilsThread] INFO  pipeline.PipelineStateManager (PipelineStateManager.java:addPipeline(54)) - Created pipeline Pipeline[ Id: 9516a70f-611a-44b0-a7e3-80fa38fc4c8a, Nodes: 5e97bab7-f049-4685-a9ad-e9f5ff9fc7c1{ip: 172.17.0.2, host: 63638dc2095a, networkLocation: /default-rack, certSerialId: null, persistedOpState: IN_SERVICE, persistedOpStateExpiryEpochSec: 0}, Type:RATIS, Factor:ONE, State:ALLOCATED, leaderId:, CreationTimestamp2020-12-04T06:02:31.752Z]
2020-12-04 06:02:32,745 [Listener at 127.0.0.1/45059] INFO  ozone.MiniOzoneClusterImpl (MiniOzoneClusterImpl.java:lambda$waitForClusterToBeReady$0(178)) - Nodes are ready. Got 7 of 7 DN Heartbeats.
2020-12-04 06:02:32,746 [Listener at 127.0.0.1/45059] INFO  ozone.MiniOzoneClusterImpl (MiniOzoneClusterImpl.java:lambda$waitForClusterToBeReady$0(181)) - Waiting for cluster to exit safe mode
2020-12-04 06:02:33,531 [Command processor thread] INFO  impl.RaftServerProxy (RaftServerProxy.java:addNew(93)) - 5e885a77-8b3e-4dc5-b522-5cb06ff98b04: addNew group-83C1F51174BF:[5e885a77-8b3e-4dc5-b522-5cb06ff98b04|rpc:172.17.0.2:39901] returns group-83C1F51174BF:java.util.concurrent.CompletableFuture@151c273f[Not completed]
2020-12-04 06:02:33,532 [pool-650-thread-1] INFO  impl.RaftServerImpl (RaftServerImpl.java:<init>(121)) - 5e885a77-8b3e-4dc5-b522-5cb06ff98b04: new RaftServerImpl for group-83C1F51174BF:[5e885a77-8b3e-4dc5-b522-5cb06ff98b04|rpc:172.17.0.2:39901] with ContainerStateMachine:uninitialized
2020-12-04 06:02:33,532 [pool-650-thread-1] INFO  server.RaftServerConfigKeys (ConfUtils.java:logGet(44)) - raft.server.rpc.timeout.min = 5s (custom)
2020-12-04 06:02:33,532 [pool-650-thread-1] INFO  server.RaftServerConfigKeys (ConfUtils.java:logGet(44)) - raft.server.rpc.timeout.max = 5200ms (custom)
2020-12-04 06:02:33,532 [pool-650-thread-1] INFO  server.RaftServerConfigKeys (ConfUtils.java:logGet(44)) - raft.server.rpc.slowness.timeout = 300000ms (custom)
2020-12-04 06:02:33,532 [pool-650-thread-1] INFO  server.RaftServerConfigKeys (ConfUtils.java:logGet(44)) - raft.server.leaderelection.leader.step-down.wait-time = 10s (default)
2020-12-04 06:02:33,532 [pool-650-thread-1] INFO  server.RaftServerConfigKeys (ConfUtils.java:logGet(44)) - raft.server.sleep.deviation.threshold = 300 (default)
2020-12-04 06:02:33,532 [pool-650-thread-1] INFO  server.RaftServerConfigKeys (ConfUtils.java:logGet(44)) - raft.server.log.appender.install.snapshot.enabled = false (custom)
2020-12-04 06:02:33,532 [pool-650-thread-1] INFO  impl.RaftServerImpl (ServerState.java:<init>(104)) - 5e885a77-8b3e-4dc5-b522-5cb06ff98b04@group-83C1F51174BF: ConfigurationManager, init=-1: [5e885a77-8b3e-4dc5-b522-5cb06ff98b04|rpc:172.17.0.2:39901], old=null, confs=<EMPTY_MAP>
2020-12-04 06:02:33,532 [pool-650-thread-1] INFO  server.RaftServerConfigKeys (ConfUtils.java:logGet(44)) - raft.server.storage.dir = [/github/workspace/mnt/ozone/hadoop-ozone/integration-test/target/test-dir/MiniOzoneClusterImpl-d0e62b51-0f1f-480e-8215-4f24b3183874/datanode-0/data/ratis] (custom)
2020-12-04 06:02:33,533 [pool-650-thread-1] INFO  server.RaftServerConfigKeys (ConfUtils.java:logGet(44)) - raft.server.log.corruption.policy = EXCEPTION (default)
2020-12-04 06:02:33,533 [pool-650-thread-1] INFO  storage.RaftStorageDirectory (RaftStorageDirectory.java:analyzeStorage(261)) - The storage directory /github/workspace/mnt/ozone/hadoop-ozone/integration-test/target/test-dir/MiniOzoneClusterImpl-d0e62b51-0f1f-480e-8215-4f24b3183874/datanode-0/data/ratis/9c2b9ec0-4b98-413d-b90a-83c1f51174bf does not exist. Creating ...
2020-12-04 06:02:33,534 [pool-650-thread-1] INFO  storage.RaftStorageDirectory (RaftStorageDirectory.java:tryLock(343)) - Lock on /github/workspace/mnt/ozone/hadoop-ozone/integration-test/target/test-dir/MiniOzoneClusterImpl-d0e62b51-0f1f-480e-8215-4f24b3183874/datanode-0/data/ratis/9c2b9ec0-4b98-413d-b90a-83c1f51174bf/in_use.lock acquired by nodename 32520@63638dc2095a
2020-12-04 06:02:33,536 [pool-650-thread-1] INFO  storage.RaftStorage (RaftStorage.java:format(85)) - Storage directory /github/workspace/mnt/ozone/hadoop-ozone/integration-test/target/test-dir/MiniOzoneClusterImpl-d0e62b51-0f1f-480e-8215-4f24b3183874/datanode-0/data/ratis/9c2b9ec0-4b98-413d-b90a-83c1f51174bf has been successfully formatted.
2020-12-04 06:02:33,537 [pool-650-thread-1] INFO  ratis.ContainerStateMachine (ContainerStateMachine.java:loadSnapshot(225)) - group-83C1F51174BF: The snapshot info is null. Setting the last applied indexto:(t:0, i:~)
2020-12-04 06:02:33,537 [pool-650-thread-1] INFO  server.RaftServerConfigKeys (ConfUtils.java:logGet(44)) - raft.server.notification.no-leader.timeout = 300000ms (custom)
2020-12-04 06:02:33,537 [pool-650-thread-1] INFO  server.RaftServerConfigKeys (ConfUtils.java:logGet(44)) - raft.server.log.use.memory = false (default)
2020-12-04 06:02:33,538 [pool-650-thread-1] INFO  server.RaftServerConfigKeys (ConfUtils.java:logGet(44)) - raft.server.log.purge.gap = 1000000 (custom)
2020-12-04 06:02:33,538 [EventQueue-PipelineReportForOneReplicaPipelineSafeModeRule] INFO  safemode.SCMSafeModeManager (SCMSafeModeManager.java:validateSafeModeExitRules(214)) - AtleastOneDatanodeReportedRule rule is successfully validated
2020-12-04 06:02:33,538 [pool-650-thread-1] INFO  metrics.RatisMetrics (RatisMetrics.java:lambda$create$0(36)) - Creating Metrics Registry : ratis.log_worker.5e885a77-8b3e-4dc5-b522-5cb06ff98b04@group-83C1F51174BF
2020-12-04 06:02:33,538 [EventQueue-PipelineReportForPipelineReportHandler] INFO  pipeline.PipelineStateManager (PipelineStateManager.java:openPipeline(132)) - Pipeline Pipeline[ Id: 9c2b9ec0-4b98-413d-b90a-83c1f51174bf, Nodes: 5e885a77-8b3e-4dc5-b522-5cb06ff98b04{ip: 172.17.0.2, host: 63638dc2095a, networkLocation: /default-rack, certSerialId: null, persistedOpState: IN_SERVICE, persistedOpStateExpiryEpochSec: 0}, Type:RATIS, Factor:ONE, State:ALLOCATED, leaderId:5e885a77-8b3e-4dc5-b522-5cb06ff98b04, CreationTimestamp2020-12-04T06:02:30.534Z] moved to OPEN state
2020-12-04 06:02:33,538 [pool-650-thread-1] INFO  server.RaftServerConfigKeys (ConfUtils.java:logGet(44)) - raft.server.log.appender.buffer.byte-limit = 33554432 (custom)
2020-12-04 06:02:33,538 [pool-650-thread-1] INFO  server.RaftServerConfigKeys (ConfUtils.java:logGet(44)) - raft.server.log.segment.size.max = 1048576 (custom)
2020-12-04 06:02:33,539 [EventQueue-OpenPipelineForHealthyPipelineSafeModeRule] INFO  safemode.SCMSafeModeManager (HealthyPipelineSafeModeRule.java:process(128)) - SCM in safe mode. Healthy pipelines reported count is 0, required healthy pipeline reported count is 1
2020-12-04 06:02:33,540 [pool-650-thread-1] INFO  server.RaftServerConfigKeys (ConfUtils.java:logGet(44)) - raft.server.log.segment.cache.num.max = 2 (custom)
2020-12-04 06:02:33,540 [pool-650-thread-1] INFO  segmented.SegmentedRaftLogWorker (SegmentedRaftLogWorker.java:<init>(180)) - new 5e885a77-8b3e-4dc5-b522-5cb06ff98b04@group-83C1F51174BF-SegmentedRaftLogWorker for RaftStorage:Storage Directory /github/workspace/mnt/ozone/hadoop-ozone/integration-test/target/test-dir/MiniOzoneClusterImpl-d0e62b51-0f1f-480e-8215-4f24b3183874/datanode-0/data/ratis/9c2b9ec0-4b98-413d-b90a-83c1f51174bf
2020-12-04 06:02:33,541 [pool-650-thread-1] INFO  server.RaftServerConfigKeys (ConfUtils.java:logGet(44)) - raft.server.log.queue.byte-limit = 2147483647 (custom)
2020-12-04 06:02:33,541 [pool-650-thread-1] INFO  server.RaftServerConfigKeys (ConfUtils.java:logGet(44)) - raft.server.log.queue.element-limit = 1024 (custom)
2020-12-04 06:02:33,541 [pool-650-thread-1] INFO  server.RaftServerConfigKeys (ConfUtils.java:logGet(44)) - raft.server.log.segment.size.max = 1048576 (custom)
2020-12-04 06:02:33,541 [pool-650-thread-1] INFO  server.RaftServerConfigKeys (ConfUtils.java:logGet(44)) - raft.server.log.preallocated.size = 16384 (custom)
2020-12-04 06:02:33,541 [pool-650-thread-1] INFO  server.RaftServerConfigKeys (ConfUtils.java:logGet(44)) - raft.server.log.write.buffer.size = 1048576 (custom)
2020-12-04 06:02:33,541 [pool-650-thread-1] INFO  server.RaftServerConfigKeys (ConfUtils.java:logGet(44)) - raft.server.log.force.sync.num = 128 (default)
2020-12-04 06:02:33,541 [pool-650-thread-1] INFO  server.RaftServerConfigKeys (ConfUtils.java:logGet(44)) - raft.server.log.statemachine.data.sync = true (default)
2020-12-04 06:02:33,541 [pool-650-thread-1] INFO  server.RaftServerConfigKeys (ConfUtils.java:logGet(44)) - raft.server.log.statemachine.data.sync.timeout = 10s (default)
2020-12-04 06:02:33,541 [pool-650-thread-1] INFO  server.RaftServerConfigKeys (ConfUtils.java:logGet(44)) - raft.server.log.statemachine.data.sync.timeout.retry = -1 (default)
2020-12-04 06:02:33,543 [pool-650-thread-1] INFO  server.RaftServerConfigKeys (ConfUtils.java:logGet(44)) - raft.server.log.statemachine.data.caching.enabled = true (custom)
2020-12-04 06:02:33,543 [pool-650-thread-1] INFO  segmented.SegmentedRaftLogWorker (SegmentedRaftLogWorker.java:lambda$new$0(129)) - 5e885a77-8b3e-4dc5-b522-5cb06ff98b04@group-83C1F51174BF-SegmentedRaftLogWorker: flushIndex: setUnconditionally 0 -> -1
2020-12-04 06:02:33,543 [pool-650-thread-1] INFO  segmented.SegmentedRaftLogWorker (SegmentedRaftLogWorker.java:lambda$new$0(129)) - 5e885a77-8b3e-4dc5-b522-5cb06ff98b04@group-83C1F51174BF-SegmentedRaftLogWorker: safeCacheEvictIndex: setUnconditionally 0 -> -1
2020-12-04 06:02:33,543 [pool-650-thread-1] INFO  server.RaftServerConfigKeys (ConfUtils.java:logGet(44)) - raft.server.snapshot.auto.trigger.enabled = true (custom)
2020-12-04 06:02:33,544 [pool-650-thread-1] INFO  server.RaftServerConfigKeys (ConfUtils.java:logGet(44)) - raft.server.snapshot.auto.trigger.threshold = 10000 (custom)
2020-12-04 06:02:33,544 [pool-650-thread-1] INFO  server.RaftServerConfigKeys (ConfUtils.java:logGet(44)) - raft.server.snapshot.retention.file.num = 5 (custom)
2020-12-04 06:02:33,544 [pool-650-thread-1] INFO  server.RaftServerConfigKeys (ConfUtils.java:logGet(44)) - raft.server.log.purge.upto.snapshot.index = false (default)
2020-12-04 06:02:33,544 [pool-650-thread-1] INFO  server.RaftServerConfigKeys (ConfUtils.java:logGet(44)) - raft.server.retrycache.expirytime = 600000ms (custom)
2020-12-04 06:02:33,544 [pool-650-thread-1] INFO  metrics.RatisMetrics (RatisMetrics.java:lambda$create$0(36)) - Creating Metrics Registry : ratis.leader_election.5e885a77-8b3e-4dc5-b522-5cb06ff98b04@group-83C1F51174BF
2020-12-04 06:02:33,544 [pool-650-thread-1] INFO  metrics.RatisMetrics (RatisMetrics.java:lambda$create$0(36)) - Creating Metrics Registry : ratis.server.5e885a77-8b3e-4dc5-b522-5cb06ff98b04@group-83C1F51174BF
2020-12-04 06:02:33,546 [pool-650-thread-1] INFO  impl.RaftServerImpl (RaftServerImpl.java:start(215)) - 5e885a77-8b3e-4dc5-b522-5cb06ff98b04@group-83C1F51174BF: start as a follower, conf=-1: [5e885a77-8b3e-4dc5-b522-5cb06ff98b04|rpc:172.17.0.2:39901], old=null
2020-12-04 06:02:33,546 [pool-650-thread-1] INFO  impl.RaftServerImpl (RaftServerImpl.java:setRole(204)) - 5e885a77-8b3e-4dc5-b522-5cb06ff98b04@group-83C1F51174BF: changes role from      null to FOLLOWER at term 0 for startAsFollower
2020-12-04 06:02:33,546 [pool-650-thread-1] INFO  impl.RoleInfo (RoleInfo.java:updateAndGet(143)) - 5e885a77-8b3e-4dc5-b522-5cb06ff98b04: start 5e885a77-8b3e-4dc5-b522-5cb06ff98b04@group-83C1F51174BF-FollowerState
2020-12-04 06:02:33,547 [pool-650-thread-1] INFO  util.JmxRegister (JmxRegister.java:tryRegister(44)) - Successfully registered JMX Bean with object name Ratis:service=RaftServer,group=group-83C1F51174BF,id=5e885a77-8b3e-4dc5-b522-5cb06ff98b04
2020-12-04 06:02:33,547 [pool-650-thread-1] INFO  metrics.RatisMetrics (RatisMetrics.java:lambda$create$0(36)) - Creating Metrics Registry : ratis.state_machine.5e885a77-8b3e-4dc5-b522-5cb06ff98b04@group-83C1F51174BF
2020-12-04 06:02:33,548 [Command processor thread] INFO  commandhandler.CreatePipelineCommandHandler (CreatePipelineCommandHandler.java:handle(106)) - Created Pipeline RATIS ONE PipelineID=9c2b9ec0-4b98-413d-b90a-83c1f51174bf.
2020-12-04 06:02:33,548 [Command processor thread] INFO  impl.RaftServerProxy (RaftServerProxy.java:addNew(93)) - 5e885a77-8b3e-4dc5-b522-5cb06ff98b04: addNew group-FDFAA90BAE53:[5e885a77-8b3e-4dc5-b522-5cb06ff98b04|rpc:172.17.0.2:39901, a43a40a6-1ac9-4df3-821c-5cd06fa3b4e5|rpc:172.17.0.2:36909, 025f93f1-dfc8-4208-80d2-20f4a1ba9bf1|rpc:172.17.0.2:36183] returns group-FDFAA90BAE53:java.util.concurrent.CompletableFuture@1123b144[Not completed]
2020-12-04 06:02:33,549 [pool-650-thread-1] INFO  impl.RaftServerImpl (RaftServerImpl.java:<init>(121)) - 5e885a77-8b3e-4dc5-b522-5cb06ff98b04: new RaftServerImpl for group-FDFAA90BAE53:[5e885a77-8b3e-4dc5-b522-5cb06ff98b04|rpc:172.17.0.2:39901, a43a40a6-1ac9-4df3-821c-5cd06fa3b4e5|rpc:172.17.0.2:36909, 025f93f1-dfc8-4208-80d2-20f4a1ba9bf1|rpc:172.17.0.2:36183] with ContainerStateMachine:uninitialized
2020-12-04 06:02:33,549 [pool-650-thread-1] INFO  server.RaftServerConfigKeys (ConfUtils.java:logGet(44)) - raft.server.rpc.timeout.min = 5s (custom)
2020-12-04 06:02:33,549 [pool-650-thread-1] INFO  server.RaftServerConfigKeys (ConfUtils.java:logGet(44)) - raft.server.rpc.timeout.max = 5200ms (custom)
2020-12-04 06:02:33,549 [pool-650-thread-1] INFO  server.RaftServerConfigKeys (ConfUtils.java:logGet(44)) - raft.server.rpc.slowness.timeout = 300000ms (custom)
2020-12-04 06:02:33,549 [pool-650-thread-1] INFO  server.RaftServerConfigKeys (ConfUtils.java:logGet(44)) - raft.server.leaderelection.leader.step-down.wait-time = 10s (default)
2020-12-04 06:02:33,549 [pool-650-thread-1] INFO  server.RaftServerConfigKeys (ConfUtils.java:logGet(44)) - raft.server.sleep.deviation.threshold = 300 (default)
2020-12-04 06:02:33,549 [pool-650-thread-1] INFO  server.RaftServerConfigKeys (ConfUtils.java:logGet(44)) - raft.server.log.appender.install.snapshot.enabled = false (custom)
2020-12-04 06:02:33,549 [pool-650-thread-1] INFO  impl.RaftServerImpl (ServerState.java:<init>(104)) - 5e885a77-8b3e-4dc5-b522-5cb06ff98b04@group-FDFAA90BAE53: ConfigurationManager, init=-1: [5e885a77-8b3e-4dc5-b522-5cb06ff98b04|rpc:172.17.0.2:39901, a43a40a6-1ac9-4df3-821c-5cd06fa3b4e5|rpc:172.17.0.2:36909, 025f93f1-dfc8-4208-80d2-20f4a1ba9bf1|rpc:172.17.0.2:36183], old=null, confs=<EMPTY_MAP>
2020-12-04 06:02:33,549 [pool-650-thread-1] INFO  server.RaftServerConfigKeys (ConfUtils.java:logGet(44)) - raft.server.storage.dir = [/github/workspace/mnt/ozone/hadoop-ozone/integration-test/target/test-dir/MiniOzoneClusterImpl-d0e62b51-0f1f-480e-8215-4f24b3183874/datanode-0/data/ratis] (custom)
2020-12-04 06:02:33,549 [pool-650-thread-1] INFO  server.RaftServerConfigKeys (ConfUtils.java:logGet(44)) - raft.server.log.corruption.policy = EXCEPTION (default)
2020-12-04 06:02:33,549 [pool-650-thread-1] INFO  storage.RaftStorageDirectory (RaftStorageDirectory.java:analyzeStorage(261)) - The storage directory /github/workspace/mnt/ozone/hadoop-ozone/integration-test/target/test-dir/MiniOzoneClusterImpl-d0e62b51-0f1f-480e-8215-4f24b3183874/datanode-0/data/ratis/0ca965aa-e89c-4b81-9d0b-fdfaa90bae53 does not exist. Creating ...
2020-12-04 06:02:33,551 [pool-650-thread-1] INFO  storage.RaftStorageDirectory (RaftStorageDirectory.java:tryLock(343)) - Lock on /github/workspace/mnt/ozone/hadoop-ozone/integration-test/target/test-dir/MiniOzoneClusterImpl-d0e62b51-0f1f-480e-8215-4f24b3183874/datanode-0/data/ratis/0ca965aa-e89c-4b81-9d0b-fdfaa90bae53/in_use.lock acquired by nodename 32520@63638dc2095a
2020-12-04 06:02:33,553 [pool-650-thread-1] INFO  storage.RaftStorage (RaftStorage.java:format(85)) - Storage directory /github/workspace/mnt/ozone/hadoop-ozone/integration-test/target/test-dir/MiniOzoneClusterImpl-d0e62b51-0f1f-480e-8215-4f24b3183874/datanode-0/data/ratis/0ca965aa-e89c-4b81-9d0b-fdfaa90bae53 has been successfully formatted.
2020-12-04 06:02:33,554 [pool-650-thread-1] INFO  ratis.ContainerStateMachine (ContainerStateMachine.java:loadSnapshot(225)) - group-FDFAA90BAE53: The snapshot info is null. Setting the last applied indexto:(t:0, i:~)
2020-12-04 06:02:33,554 [pool-650-thread-1] INFO  server.RaftServerConfigKeys (ConfUtils.java:logGet(44)) - raft.server.notification.no-leader.timeout = 300000ms (custom)
2020-12-04 06:02:33,554 [pool-650-thread-1] INFO  server.RaftServerConfigKeys (ConfUtils.java:logGet(44)) - raft.server.log.use.memory = false (default)
2020-12-04 06:02:33,554 [pool-650-thread-1] INFO  server.RaftServerConfigKeys (ConfUtils.java:logGet(44)) - raft.server.log.purge.gap = 1000000 (custom)
2020-12-04 06:02:33,554 [EventQueue-OpenPipelineForHealthyPipelineSafeModeRule] INFO  safemode.SCMSafeModeManager (HealthyPipelineSafeModeRule.java:process(128)) - SCM in safe mode. Healthy pipelines reported count is 0, required healthy pipeline reported count is 1
2020-12-04 06:02:33,554 [EventQueue-PipelineReportForOneReplicaPipelineSafeModeRule] INFO  safemode.SCMSafeModeManager (SCMSafeModeManager.java:validateSafeModeExitRules(214)) - AtleastOneDatanodeReportedRule rule is successfully validated
2020-12-04 06:02:33,554 [pool-650-thread-1] INFO  metrics.RatisMetrics (RatisMetrics.java:lambda$create$0(36)) - Creating Metrics Registry : ratis.log_worker.5e885a77-8b3e-4dc5-b522-5cb06ff98b04@group-FDFAA90BAE53
2020-12-04 06:02:33,555 [pool-650-thread-1] INFO  server.RaftServerConfigKeys (ConfUtils.java:logGet(44)) - raft.server.log.appender.buffer.byte-limit = 33554432 (custom)
2020-12-04 06:02:33,555 [pool-650-thread-1] INFO  server.RaftServerConfigKeys (ConfUtils.java:logGet(44)) - raft.server.log.segment.size.max = 1048576 (custom)
2020-12-04 06:02:33,556 [pool-650-thread-1] INFO  server.RaftServerConfigKeys (ConfUtils.java:logGet(44)) - raft.server.log.segment.cache.num.max = 2 (custom)
2020-12-04 06:02:33,556 [pool-650-thread-1] INFO  segmented.SegmentedRaftLogWorker (SegmentedRaftLogWorker.java:<init>(180)) - new 5e885a77-8b3e-4dc5-b522-5cb06ff98b04@group-FDFAA90BAE53-SegmentedRaftLogWorker for RaftStorage:Storage Directory /github/workspace/mnt/ozone/hadoop-ozone/integration-test/target/test-dir/MiniOzoneClusterImpl-d0e62b51-0f1f-480e-8215-4f24b3183874/datanode-0/data/ratis/0ca965aa-e89c-4b81-9d0b-fdfaa90bae53
2020-12-04 06:02:33,556 [pool-650-thread-1] INFO  server.RaftServerConfigKeys (ConfUtils.java:logGet(44)) - raft.server.log.queue.byte-limit = 2147483647 (custom)
2020-12-04 06:02:33,556 [pool-650-thread-1] INFO  server.RaftServerConfigKeys (ConfUtils.java:logGet(44)) - raft.server.log.queue.element-limit = 1024 (custom)
2020-12-04 06:02:33,556 [pool-650-thread-1] INFO  server.RaftServerConfigKeys (ConfUtils.java:logGet(44)) - raft.server.log.segment.size.max = 1048576 (custom)
2020-12-04 06:02:33,556 [pool-650-thread-1] INFO  server.RaftServerConfigKeys (ConfUtils.java:logGet(44)) - raft.server.log.preallocated.size = 16384 (custom)
2020-12-04 06:02:33,556 [pool-650-thread-1] INFO  server.RaftServerConfigKeys (ConfUtils.java:logGet(44)) - raft.server.log.write.buffer.size = 1048576 (custom)
2020-12-04 06:02:33,556 [pool-650-thread-1] INFO  server.RaftServerConfigKeys (ConfUtils.java:logGet(44)) - raft.server.log.force.sync.num = 128 (default)
2020-12-04 06:02:33,556 [pool-650-thread-1] INFO  server.RaftServerConfigKeys (ConfUtils.java:logGet(44)) - raft.server.log.statemachine.data.sync = true (default)
2020-12-04 06:02:33,556 [pool-650-thread-1] INFO  server.RaftServerConfigKeys (ConfUtils.java:logGet(44)) - raft.server.log.statemachine.data.sync.timeout = 10s (default)
2020-12-04 06:02:33,556 [pool-650-thread-1] INFO  server.RaftServerConfigKeys (ConfUtils.java:logGet(44)) - raft.server.log.statemachine.data.sync.timeout.retry = -1 (default)
2020-12-04 06:02:33,559 [pool-650-thread-1] INFO  server.RaftServerConfigKeys (ConfUtils.java:logGet(44)) - raft.server.log.statemachine.data.caching.enabled = true (custom)
2020-12-04 06:02:33,559 [pool-650-thread-1] INFO  segmented.SegmentedRaftLogWorker (SegmentedRaftLogWorker.java:lambda$new$0(129)) - 5e885a77-8b3e-4dc5-b522-5cb06ff98b04@group-FDFAA90BAE53-SegmentedRaftLogWorker: flushIndex: setUnconditionally 0 -> -1
2020-12-04 06:02:33,559 [pool-650-thread-1] INFO  segmented.SegmentedRaftLogWorker (SegmentedRaftLogWorker.java:lambda$new$0(129)) - 5e885a77-8b3e-4dc5-b522-5cb06ff98b04@group-FDFAA90BAE53-SegmentedRaftLogWorker: safeCacheEvictIndex: setUnconditionally 0 -> -1
2020-12-04 06:02:33,559 [pool-650-thread-1] INFO  server.RaftServerConfigKeys (ConfUtils.java:logGet(44)) - raft.server.snapshot.auto.trigger.enabled = true (custom)
2020-12-04 06:02:33,559 [pool-650-thread-1] INFO  server.RaftServerConfigKeys (ConfUtils.java:logGet(44)) - raft.server.snapshot.auto.trigger.threshold = 10000 (custom)
2020-12-04 06:02:33,559 [pool-650-thread-1] INFO  server.RaftServerConfigKeys (ConfUtils.java:logGet(44)) - raft.server.snapshot.retention.file.num = 5 (custom)
2020-12-04 06:02:33,559 [pool-650-thread-1] INFO  server.RaftServerConfigKeys (ConfUtils.java:logGet(44)) - raft.server.log.purge.upto.snapshot.index = false (default)
2020-12-04 06:02:33,559 [pool-650-thread-1] INFO  server.RaftServerConfigKeys (ConfUtils.java:logGet(44)) - raft.server.retrycache.expirytime = 600000ms (custom)
2020-12-04 06:02:33,560 [pool-650-thread-1] INFO  metrics.RatisMetrics (RatisMetrics.java:lambda$create$0(36)) - Creating Metrics Registry : ratis.leader_election.5e885a77-8b3e-4dc5-b522-5cb06ff98b04@group-FDFAA90BAE53
2020-12-04 06:02:33,560 [pool-650-thread-1] INFO  metrics.RatisMetrics (RatisMetrics.java:lambda$create$0(36)) - Creating Metrics Registry : ratis.server.5e885a77-8b3e-4dc5-b522-5cb06ff98b04@group-FDFAA90BAE53
2020-12-04 06:02:33,562 [pool-650-thread-1] INFO  impl.RaftServerImpl (RaftServerImpl.java:start(215)) - 5e885a77-8b3e-4dc5-b522-5cb06ff98b04@group-FDFAA90BAE53: start as a follower, conf=-1: [5e885a77-8b3e-4dc5-b522-5cb06ff98b04|rpc:172.17.0.2:39901, a43a40a6-1ac9-4df3-821c-5cd06fa3b4e5|rpc:172.17.0.2:36909, 025f93f1-dfc8-4208-80d2-20f4a1ba9bf1|rpc:172.17.0.2:36183], old=null
2020-12-04 06:02:33,562 [pool-650-thread-1] INFO  impl.RaftServerImpl (RaftServerImpl.java:setRole(204)) - 5e885a77-8b3e-4dc5-b522-5cb06ff98b04@group-FDFAA90BAE53: changes role from      null to FOLLOWER at term 0 for startAsFollower
2020-12-04 06:02:33,562 [pool-650-thread-1] INFO  impl.RoleInfo (RoleInfo.java:updateAndGet(143)) - 5e885a77-8b3e-4dc5-b522-5cb06ff98b04: start 5e885a77-8b3e-4dc5-b522-5cb06ff98b04@group-FDFAA90BAE53-FollowerState
2020-12-04 06:02:33,565 [pool-650-thread-1] INFO  util.JmxRegister (JmxRegister.java:tryRegister(44)) - Successfully registered JMX Bean with object name Ratis:service=RaftServer,group=group-FDFAA90BAE53,id=5e885a77-8b3e-4dc5-b522-5cb06ff98b04
2020-12-04 06:02:33,565 [pool-650-thread-1] INFO  metrics.RatisMetrics (RatisMetrics.java:lambda$create$0(36)) - Creating Metrics Registry : ratis.state_machine.5e885a77-8b3e-4dc5-b522-5cb06ff98b04@group-FDFAA90BAE53
2020-12-04 06:02:33,570 [Command processor thread] INFO  metrics.RatisMetrics (RatisMetrics.java:lambda$create$0(36)) - Creating Metrics Registry : ratis.client_message_metrics.client-861936D52FA3->025f93f1-dfc8-4208-80d2-20f4a1ba9bf1
2020-12-04 06:02:33,577 [grpc-default-executor-5] INFO  metrics.RatisMetrics (RatisMetrics.java:lambda$create$0(36)) - Creating Metrics Registry : ratis.server_message_metrics.025f93f1-dfc8-4208-80d2-20f4a1ba9bf1
2020-12-04 06:02:33,579 [grpc-default-executor-5] INFO  impl.RaftServerProxy (RaftServerProxy.java:addNew(93)) - 025f93f1-dfc8-4208-80d2-20f4a1ba9bf1: addNew group-FDFAA90BAE53:[5e885a77-8b3e-4dc5-b522-5cb06ff98b04|rpc:172.17.0.2:39901|dataStream:, a43a40a6-1ac9-4df3-821c-5cd06fa3b4e5|rpc:172.17.0.2:36909|dataStream:, 025f93f1-dfc8-4208-80d2-20f4a1ba9bf1|rpc:172.17.0.2:36183|dataStream:] returns group-FDFAA90BAE53:java.util.concurrent.CompletableFuture@2c4b274b[Not completed]
2020-12-04 06:02:33,579 [pool-682-thread-1] INFO  impl.RaftServerImpl (RaftServerImpl.java:<init>(121)) - 025f93f1-dfc8-4208-80d2-20f4a1ba9bf1: new RaftServerImpl for group-FDFAA90BAE53:[5e885a77-8b3e-4dc5-b522-5cb06ff98b04|rpc:172.17.0.2:39901|dataStream:, a43a40a6-1ac9-4df3-821c-5cd06fa3b4e5|rpc:172.17.0.2:36909|dataStream:, 025f93f1-dfc8-4208-80d2-20f4a1ba9bf1|rpc:172.17.0.2:36183|dataStream:] with ContainerStateMachine:uninitialized
2020-12-04 06:02:33,580 [pool-682-thread-1] INFO  server.RaftServerConfigKeys (ConfUtils.java:logGet(44)) - raft.server.rpc.timeout.min = 5s (custom)
2020-12-04 06:02:33,580 [pool-682-thread-1] INFO  server.RaftServerConfigKeys (ConfUtils.java:logGet(44)) - raft.server.rpc.timeout.max = 5200ms (custom)
2020-12-04 06:02:33,580 [pool-682-thread-1] INFO  server.RaftServerConfigKeys (ConfUtils.java:logGet(44)) - raft.server.rpc.slowness.timeout = 300000ms (custom)
2020-12-04 06:02:33,580 [pool-682-thread-1] INFO  server.RaftServerConfigKeys (ConfUtils.java:logGet(44)) - raft.server.leaderelection.leader.step-down.wait-time = 10s (default)
2020-12-04 06:02:33,580 [pool-682-thread-1] INFO  server.RaftServerConfigKeys (ConfUtils.java:logGet(44)) - raft.server.sleep.deviation.threshold = 300 (default)
2020-12-04 06:02:33,580 [pool-682-thread-1] INFO  server.RaftServerConfigKeys (ConfUtils.java:logGet(44)) - raft.server.log.appender.install.snapshot.enabled = false (custom)
2020-12-04 06:02:33,580 [pool-682-thread-1] INFO  impl.RaftServerImpl (ServerState.java:<init>(104)) - 025f93f1-dfc8-4208-80d2-20f4a1ba9bf1@group-FDFAA90BAE53: ConfigurationManager, init=-1: [5e885a77-8b3e-4dc5-b522-5cb06ff98b04|rpc:172.17.0.2:39901|dataStream:, a43a40a6-1ac9-4df3-821c-5cd06fa3b4e5|rpc:172.17.0.2:36909|dataStream:, 025f93f1-dfc8-4208-80d2-20f4a1ba9bf1|rpc:172.17.0.2:36183|dataStream:], old=null, confs=<EMPTY_MAP>
2020-12-04 06:02:33,581 [pool-682-thread-1] INFO  server.RaftServerConfigKeys (ConfUtils.java:logGet(44)) - raft.server.storage.dir = [/github/workspace/mnt/ozone/hadoop-ozone/integration-test/target/test-dir/MiniOzoneClusterImpl-d0e62b51-0f1f-480e-8215-4f24b3183874/datanode-2/data/ratis] (custom)
2020-12-04 06:02:33,581 [pool-682-thread-1] INFO  server.RaftServerConfigKeys (ConfUtils.java:logGet(44)) - raft.server.log.corruption.policy = EXCEPTION (default)
2020-12-04 06:02:33,581 [pool-682-thread-1] INFO  storage.RaftStorageDirectory (RaftStorageDirectory.java:analyzeStorage(261)) - The storage directory /github/workspace/mnt/ozone/hadoop-ozone/integration-test/target/test-dir/MiniOzoneClusterImpl-d0e62b51-0f1f-480e-8215-4f24b3183874/datanode-2/data/ratis/0ca965aa-e89c-4b81-9d0b-fdfaa90bae53 does not exist. Creating ...
2020-12-04 06:02:33,582 [pool-682-thread-1] INFO  storage.RaftStorageDirectory (RaftStorageDirectory.java:tryLock(343)) - Lock on /github/workspace/mnt/ozone/hadoop-ozone/integration-test/target/test-dir/MiniOzoneClusterImpl-d0e62b51-0f1f-480e-8215-4f24b3183874/datanode-2/data/ratis/0ca965aa-e89c-4b81-9d0b-fdfaa90bae53/in_use.lock acquired by nodename 32520@63638dc2095a
2020-12-04 06:02:33,583 [pool-682-thread-1] INFO  storage.RaftStorage (RaftStorage.java:format(85)) - Storage directory /github/workspace/mnt/ozone/hadoop-ozone/integration-test/target/test-dir/MiniOzoneClusterImpl-d0e62b51-0f1f-480e-8215-4f24b3183874/datanode-2/data/ratis/0ca965aa-e89c-4b81-9d0b-fdfaa90bae53 has been successfully formatted.
2020-12-04 06:02:33,584 [pool-682-thread-1] INFO  ratis.ContainerStateMachine (ContainerStateMachine.java:loadSnapshot(225)) - group-FDFAA90BAE53: The snapshot info is null. Setting the last applied indexto:(t:0, i:~)
2020-12-04 06:02:33,584 [pool-682-thread-1] INFO  server.RaftServerConfigKeys (ConfUtils.java:logGet(44)) - raft.server.notification.no-leader.timeout = 300000ms (custom)
2020-12-04 06:02:33,584 [EventQueue-PipelineReportForOneReplicaPipelineSafeModeRule] INFO  safemode.SCMSafeModeManager (SCMSafeModeManager.java:validateSafeModeExitRules(214)) - AtleastOneDatanodeReportedRule rule is successfully validated
2020-12-04 06:02:33,585 [pool-682-thread-1] INFO  server.RaftServerConfigKeys (ConfUtils.java:logGet(44)) - raft.server.log.use.memory = false (default)
2020-12-04 06:02:33,585 [pool-682-thread-1] INFO  server.RaftServerConfigKeys (ConfUtils.java:logGet(44)) - raft.server.log.purge.gap = 1000000 (custom)
2020-12-04 06:02:33,585 [pool-682-thread-1] INFO  metrics.RatisMetrics (RatisMetrics.java:lambda$create$0(36)) - Creating Metrics Registry : ratis.log_worker.025f93f1-dfc8-4208-80d2-20f4a1ba9bf1@group-FDFAA90BAE53
2020-12-04 06:02:33,585 [pool-682-thread-1] INFO  server.RaftServerConfigKeys (ConfUtils.java:logGet(44)) - raft.server.log.appender.buffer.byte-limit = 33554432 (custom)
2020-12-04 06:02:33,585 [pool-682-thread-1] INFO  server.RaftServerConfigKeys (ConfUtils.java:logGet(44)) - raft.server.log.segment.size.max = 1048576 (custom)
2020-12-04 06:02:33,586 [pool-682-thread-1] INFO  server.RaftServerConfigKeys (ConfUtils.java:logGet(44)) - raft.server.log.segment.cache.num.max = 2 (custom)
2020-12-04 06:02:33,586 [pool-682-thread-1] INFO  segmented.SegmentedRaftLogWorker (SegmentedRaftLogWorker.java:<init>(180)) - new 025f93f1-dfc8-4208-80d2-20f4a1ba9bf1@group-FDFAA90BAE53-SegmentedRaftLogWorker for RaftStorage:Storage Directory /github/workspace/mnt/ozone/hadoop-ozone/integration-test/target/test-dir/MiniOzoneClusterImpl-d0e62b51-0f1f-480e-8215-4f24b3183874/datanode-2/data/ratis/0ca965aa-e89c-4b81-9d0b-fdfaa90bae53
2020-12-04 06:02:33,586 [pool-682-thread-1] INFO  server.RaftServerConfigKeys (ConfUtils.java:logGet(44)) - raft.server.log.queue.byte-limit = 2147483647 (custom)
2020-12-04 06:02:33,586 [pool-682-thread-1] INFO  server.RaftServerConfigKeys (ConfUtils.java:logGet(44)) - raft.server.log.queue.element-limit = 1024 (custom)
2020-12-04 06:02:33,586 [pool-682-thread-1] INFO  server.RaftServerConfigKeys (ConfUtils.java:logGet(44)) - raft.server.log.segment.size.max = 1048576 (custom)
2020-12-04 06:02:33,586 [pool-682-thread-1] INFO  server.RaftServerConfigKeys (ConfUtils.java:logGet(44)) - raft.server.log.preallocated.size = 16384 (custom)
2020-12-04 06:02:33,586 [pool-682-thread-1] INFO  server.RaftServerConfigKeys (ConfUtils.java:logGet(44)) - raft.server.log.write.buffer.size = 1048576 (custom)
2020-12-04 06:02:33,586 [pool-682-thread-1] INFO  server.RaftServerConfigKeys (ConfUtils.java:logGet(44)) - raft.server.log.force.sync.num = 128 (default)
2020-12-04 06:02:33,586 [pool-682-thread-1] INFO  server.RaftServerConfigKeys (ConfUtils.java:logGet(44)) - raft.server.log.statemachine.data.sync = true (default)
2020-12-04 06:02:33,586 [pool-682-thread-1] INFO  server.RaftServerConfigKeys (ConfUtils.java:logGet(44)) - raft.server.log.statemachine.data.sync.timeout = 10s (default)
2020-12-04 06:02:33,586 [pool-682-thread-1] INFO  server.RaftServerConfigKeys (ConfUtils.java:logGet(44)) - raft.server.log.statemachine.data.sync.timeout.retry = -1 (default)
2020-12-04 06:02:33,588 [pool-682-thread-1] INFO  server.RaftServerConfigKeys (ConfUtils.java:logGet(44)) - raft.server.log.statemachine.data.caching.enabled = true (custom)
2020-12-04 06:02:33,588 [pool-682-thread-1] INFO  segmented.SegmentedRaftLogWorker (SegmentedRaftLogWorker.java:lambda$new$0(129)) - 025f93f1-dfc8-4208-80d2-20f4a1ba9bf1@group-FDFAA90BAE53-SegmentedRaftLogWorker: flushIndex: setUnconditionally 0 -> -1
2020-12-04 06:02:33,589 [pool-682-thread-1] INFO  segmented.SegmentedRaftLogWorker (SegmentedRaftLogWorker.java:lambda$new$0(129)) - 025f93f1-dfc8-4208-80d2-20f4a1ba9bf1@group-FDFAA90BAE53-SegmentedRaftLogWorker: safeCacheEvictIndex: setUnconditionally 0 -> -1
2020-12-04 06:02:33,589 [pool-682-thread-1] INFO  server.RaftServerConfigKeys (ConfUtils.java:logGet(44)) - raft.server.snapshot.auto.trigger.enabled = true (custom)
2020-12-04 06:02:33,589 [pool-682-thread-1] INFO  server.RaftServerConfigKeys (ConfUtils.java:logGet(44)) - raft.server.snapshot.auto.trigger.threshold = 10000 (custom)
2020-12-04 06:02:33,589 [pool-682-thread-1] INFO  server.RaftServerConfigKeys (ConfUtils.java:logGet(44)) - raft.server.snapshot.retention.file.num = 5 (custom)
2020-12-04 06:02:33,589 [pool-682-thread-1] INFO  server.RaftServerConfigKeys (ConfUtils.java:logGet(44)) - raft.server.log.purge.upto.snapshot.index = false (default)
2020-12-04 06:02:33,589 [pool-682-thread-1] INFO  server.RaftServerConfigKeys (ConfUtils.java:logGet(44)) - raft.server.retrycache.expirytime = 600000ms (custom)
2020-12-04 06:02:33,589 [pool-682-thread-1] INFO  metrics.RatisMetrics (RatisMetrics.java:lambda$create$0(36)) - Creating Metrics Registry : ratis.leader_election.025f93f1-dfc8-4208-80d2-20f4a1ba9bf1@group-FDFAA90BAE53
2020-12-04 06:02:33,590 [pool-682-thread-1] INFO  metrics.RatisMetrics (RatisMetrics.java:lambda$create$0(36)) - Creating Metrics Registry : ratis.server.025f93f1-dfc8-4208-80d2-20f4a1ba9bf1@group-FDFAA90BAE53
2020-12-04 06:02:33,591 [pool-682-thread-1] INFO  impl.RaftServerImpl (RaftServerImpl.java:start(215)) - 025f93f1-dfc8-4208-80d2-20f4a1ba9bf1@group-FDFAA90BAE53: start as a follower, conf=-1: [5e885a77-8b3e-4dc5-b522-5cb06ff98b04|rpc:172.17.0.2:39901|dataStream:, a43a40a6-1ac9-4df3-821c-5cd06fa3b4e5|rpc:172.17.0.2:36909|dataStream:, 025f93f1-dfc8-4208-80d2-20f4a1ba9bf1|rpc:172.17.0.2:36183|dataStream:], old=null
2020-12-04 06:02:33,591 [pool-682-thread-1] INFO  impl.RaftServerImpl (RaftServerImpl.java:setRole(204)) - 025f93f1-dfc8-4208-80d2-20f4a1ba9bf1@group-FDFAA90BAE53: changes role from      null to FOLLOWER at term 0 for startAsFollower
2020-12-04 06:02:33,591 [pool-682-thread-1] INFO  impl.RoleInfo (RoleInfo.java:updateAndGet(143)) - 025f93f1-dfc8-4208-80d2-20f4a1ba9bf1: start 025f93f1-dfc8-4208-80d2-20f4a1ba9bf1@group-FDFAA90BAE53-FollowerState
2020-12-04 06:02:33,592 [pool-682-thread-1] INFO  util.JmxRegister (JmxRegister.java:tryRegister(44)) - Successfully registered JMX Bean with object name Ratis:service=RaftServer,group=group-FDFAA90BAE53,id=025f93f1-dfc8-4208-80d2-20f4a1ba9bf1
2020-12-04 06:02:33,592 [pool-682-thread-1] INFO  metrics.RatisMetrics (RatisMetrics.java:lambda$create$0(36)) - Creating Metrics Registry : ratis.state_machine.025f93f1-dfc8-4208-80d2-20f4a1ba9bf1@group-FDFAA90BAE53
2020-12-04 06:02:33,597 [Command processor thread] INFO  metrics.RatisMetrics (RatisMetrics.java:lambda$create$0(36)) - Creating Metrics Registry : ratis.client_message_metrics.client-801D03A7E76E->a43a40a6-1ac9-4df3-821c-5cd06fa3b4e5
2020-12-04 06:02:33,601 [grpc-default-executor-5] INFO  metrics.RatisMetrics (RatisMetrics.java:lambda$create$0(36)) - Creating Metrics Registry : ratis.server_message_metrics.a43a40a6-1ac9-4df3-821c-5cd06fa3b4e5
2020-12-04 06:02:33,602 [grpc-default-executor-5] INFO  impl.RaftServerProxy (RaftServerProxy.java:addNew(93)) - a43a40a6-1ac9-4df3-821c-5cd06fa3b4e5: addNew group-FDFAA90BAE53:[5e885a77-8b3e-4dc5-b522-5cb06ff98b04|rpc:172.17.0.2:39901|dataStream:, a43a40a6-1ac9-4df3-821c-5cd06fa3b4e5|rpc:172.17.0.2:36909|dataStream:, 025f93f1-dfc8-4208-80d2-20f4a1ba9bf1|rpc:172.17.0.2:36183|dataStream:] returns group-FDFAA90BAE53:java.util.concurrent.CompletableFuture@41c139a5[Not completed]
2020-12-04 06:02:33,603 [pool-666-thread-1] INFO  impl.RaftServerImpl (RaftServerImpl.java:<init>(121)) - a43a40a6-1ac9-4df3-821c-5cd06fa3b4e5: new RaftServerImpl for group-FDFAA90BAE53:[5e885a77-8b3e-4dc5-b522-5cb06ff98b04|rpc:172.17.0.2:39901|dataStream:, a43a40a6-1ac9-4df3-821c-5cd06fa3b4e5|rpc:172.17.0.2:36909|dataStream:, 025f93f1-dfc8-4208-80d2-20f4a1ba9bf1|rpc:172.17.0.2:36183|dataStream:] with ContainerStateMachine:uninitialized
2020-12-04 06:02:33,603 [pool-666-thread-1] INFO  server.RaftServerConfigKeys (ConfUtils.java:logGet(44)) - raft.server.rpc.timeout.min = 5s (custom)
2020-12-04 06:02:33,603 [pool-666-thread-1] INFO  server.RaftServerConfigKeys (ConfUtils.java:logGet(44)) - raft.server.rpc.timeout.max = 5200ms (custom)
2020-12-04 06:02:33,603 [pool-666-thread-1] INFO  server.RaftServerConfigKeys (ConfUtils.java:logGet(44)) - raft.server.rpc.slowness.timeout = 300000ms (custom)
2020-12-04 06:02:33,604 [pool-666-thread-1] INFO  server.RaftServerConfigKeys (ConfUtils.java:logGet(44)) - raft.server.leaderelection.leader.step-down.wait-time = 10s (default)
2020-12-04 06:02:33,604 [pool-666-thread-1] INFO  server.RaftServerConfigKeys (ConfUtils.java:logGet(44)) - raft.server.sleep.deviation.threshold = 300 (default)
2020-12-04 06:02:33,604 [pool-666-thread-1] INFO  server.RaftServerConfigKeys (ConfUtils.java:logGet(44)) - raft.server.log.appender.install.snapshot.enabled = false (custom)
2020-12-04 06:02:33,604 [pool-666-thread-1] INFO  impl.RaftServerImpl (ServerState.java:<init>(104)) - a43a40a6-1ac9-4df3-821c-5cd06fa3b4e5@group-FDFAA90BAE53: ConfigurationManager, init=-1: [5e885a77-8b3e-4dc5-b522-5cb06ff98b04|rpc:172.17.0.2:39901|dataStream:, a43a40a6-1ac9-4df3-821c-5cd06fa3b4e5|rpc:172.17.0.2:36909|dataStream:, 025f93f1-dfc8-4208-80d2-20f4a1ba9bf1|rpc:172.17.0.2:36183|dataStream:], old=null, confs=<EMPTY_MAP>
2020-12-04 06:02:33,604 [pool-666-thread-1] INFO  server.RaftServerConfigKeys (ConfUtils.java:logGet(44)) - raft.server.storage.dir = [/github/workspace/mnt/ozone/hadoop-ozone/integration-test/target/test-dir/MiniOzoneClusterImpl-d0e62b51-0f1f-480e-8215-4f24b3183874/datanode-1/data/ratis] (custom)
2020-12-04 06:02:33,604 [pool-666-thread-1] INFO  server.RaftServerConfigKeys (ConfUtils.java:logGet(44)) - raft.server.log.corruption.policy = EXCEPTION (default)
2020-12-04 06:02:33,604 [pool-666-thread-1] INFO  storage.RaftStorageDirectory (RaftStorageDirectory.java:analyzeStorage(261)) - The storage directory /github/workspace/mnt/ozone/hadoop-ozone/integration-test/target/test-dir/MiniOzoneClusterImpl-d0e62b51-0f1f-480e-8215-4f24b3183874/datanode-1/data/ratis/0ca965aa-e89c-4b81-9d0b-fdfaa90bae53 does not exist. Creating ...
2020-12-04 06:02:33,605 [pool-666-thread-1] INFO  storage.RaftStorageDirectory (RaftStorageDirectory.java:tryLock(343)) - Lock on /github/workspace/mnt/ozone/hadoop-ozone/integration-test/target/test-dir/MiniOzoneClusterImpl-d0e62b51-0f1f-480e-8215-4f24b3183874/datanode-1/data/ratis/0ca965aa-e89c-4b81-9d0b-fdfaa90bae53/in_use.lock acquired by nodename 32520@63638dc2095a
2020-12-04 06:02:33,607 [pool-666-thread-1] INFO  storage.RaftStorage (RaftStorage.java:format(85)) - Storage directory /github/workspace/mnt/ozone/hadoop-ozone/integration-test/target/test-dir/MiniOzoneClusterImpl-d0e62b51-0f1f-480e-8215-4f24b3183874/datanode-1/data/ratis/0ca965aa-e89c-4b81-9d0b-fdfaa90bae53 has been successfully formatted.
2020-12-04 06:02:33,608 [pool-666-thread-1] INFO  ratis.ContainerStateMachine (ContainerStateMachine.java:loadSnapshot(225)) - group-FDFAA90BAE53: The snapshot info is null. Setting the last applied indexto:(t:0, i:~)
2020-12-04 06:02:33,608 [pool-666-thread-1] INFO  server.RaftServerConfigKeys (ConfUtils.java:logGet(44)) - raft.server.notification.no-leader.timeout = 300000ms (custom)
2020-12-04 06:02:33,608 [EventQueue-PipelineReportForOneReplicaPipelineSafeModeRule] INFO  safemode.SCMSafeModeManager (SCMSafeModeManager.java:validateSafeModeExitRules(214)) - AtleastOneDatanodeReportedRule rule is successfully validated
2020-12-04 06:02:33,609 [pool-666-thread-1] INFO  server.RaftServerConfigKeys (ConfUtils.java:logGet(44)) - raft.server.log.use.memory = false (default)
2020-12-04 06:02:33,609 [pool-666-thread-1] INFO  server.RaftServerConfigKeys (ConfUtils.java:logGet(44)) - raft.server.log.purge.gap = 1000000 (custom)
2020-12-04 06:02:33,609 [pool-666-thread-1] INFO  metrics.RatisMetrics (RatisMetrics.java:lambda$create$0(36)) - Creating Metrics Registry : ratis.log_worker.a43a40a6-1ac9-4df3-821c-5cd06fa3b4e5@group-FDFAA90BAE53
2020-12-04 06:02:33,609 [pool-666-thread-1] INFO  server.RaftServerConfigKeys (ConfUtils.java:logGet(44)) - raft.server.log.appender.buffer.byte-limit = 33554432 (custom)
2020-12-04 06:02:33,609 [pool-666-thread-1] INFO  server.RaftServerConfigKeys (ConfUtils.java:logGet(44)) - raft.server.log.segment.size.max = 1048576 (custom)
2020-12-04 06:02:33,610 [pool-666-thread-1] INFO  server.RaftServerConfigKeys (ConfUtils.java:logGet(44)) - raft.server.log.segment.cache.num.max = 2 (custom)
2020-12-04 06:02:33,610 [pool-666-thread-1] INFO  segmented.SegmentedRaftLogWorker (SegmentedRaftLogWorker.java:<init>(180)) - new a43a40a6-1ac9-4df3-821c-5cd06fa3b4e5@group-FDFAA90BAE53-SegmentedRaftLogWorker for RaftStorage:Storage Directory /github/workspace/mnt/ozone/hadoop-ozone/integration-test/target/test-dir/MiniOzoneClusterImpl-d0e62b51-0f1f-480e-8215-4f24b3183874/datanode-1/data/ratis/0ca965aa-e89c-4b81-9d0b-fdfaa90bae53
2020-12-04 06:02:33,610 [pool-666-thread-1] INFO  server.RaftServerConfigKeys (ConfUtils.java:logGet(44)) - raft.server.log.queue.byte-limit = 2147483647 (custom)
2020-12-04 06:02:33,610 [pool-666-thread-1] INFO  server.RaftServerConfigKeys (ConfUtils.java:logGet(44)) - raft.server.log.queue.element-limit = 1024 (custom)
2020-12-04 06:02:33,610 [pool-666-thread-1] INFO  server.RaftServerConfigKeys (ConfUtils.java:logGet(44)) - raft.server.log.segment.size.max = 1048576 (custom)
2020-12-04 06:02:33,610 [pool-666-thread-1] INFO  server.RaftServerConfigKeys (ConfUtils.java:logGet(44)) - raft.server.log.preallocated.size = 16384 (custom)
2020-12-04 06:02:33,610 [pool-666-thread-1] INFO  server.RaftServerConfigKeys (ConfUtils.java:logGet(44)) - raft.server.log.write.buffer.size = 1048576 (custom)
2020-12-04 06:02:33,610 [pool-666-thread-1] INFO  server.RaftServerConfigKeys (ConfUtils.java:logGet(44)) - raft.server.log.force.sync.num = 128 (default)
2020-12-04 06:02:33,610 [pool-666-thread-1] INFO  server.RaftServerConfigKeys (ConfUtils.java:logGet(44)) - raft.server.log.statemachine.data.sync = true (default)
2020-12-04 06:02:33,611 [pool-666-thread-1] INFO  server.RaftServerConfigKeys (ConfUtils.java:logGet(44)) - raft.server.log.statemachine.data.sync.timeout = 10s (default)
2020-12-04 06:02:33,611 [pool-666-thread-1] INFO  server.RaftServerConfigKeys (ConfUtils.java:logGet(44)) - raft.server.log.statemachine.data.sync.timeout.retry = -1 (default)
2020-12-04 06:02:33,613 [pool-666-thread-1] INFO  server.RaftServerConfigKeys (ConfUtils.java:logGet(44)) - raft.server.log.statemachine.data.caching.enabled = true (custom)
2020-12-04 06:02:33,613 [pool-666-thread-1] INFO  segmented.SegmentedRaftLogWorker (SegmentedRaftLogWorker.java:lambda$new$0(129)) - a43a40a6-1ac9-4df3-821c-5cd06fa3b4e5@group-FDFAA90BAE53-SegmentedRaftLogWorker: flushIndex: setUnconditionally 0 -> -1
2020-12-04 06:02:33,613 [pool-666-thread-1] INFO  segmented.SegmentedRaftLogWorker (SegmentedRaftLogWorker.java:lambda$new$0(129)) - a43a40a6-1ac9-4df3-821c-5cd06fa3b4e5@group-FDFAA90BAE53-SegmentedRaftLogWorker: safeCacheEvictIndex: setUnconditionally 0 -> -1
2020-12-04 06:02:33,614 [pool-666-thread-1] INFO  server.RaftServerConfigKeys (ConfUtils.java:logGet(44)) - raft.server.snapshot.auto.trigger.enabled = true (custom)
2020-12-04 06:02:33,614 [pool-666-thread-1] INFO  server.RaftServerConfigKeys (ConfUtils.java:logGet(44)) - raft.server.snapshot.auto.trigger.threshold = 10000 (custom)
2020-12-04 06:02:33,614 [pool-666-thread-1] INFO  server.RaftServerConfigKeys (ConfUtils.java:logGet(44)) - raft.server.snapshot.retention.file.num = 5 (custom)
2020-12-04 06:02:33,614 [pool-666-thread-1] INFO  server.RaftServerConfigKeys (ConfUtils.java:logGet(44)) - raft.server.log.purge.upto.snapshot.index = false (default)
2020-12-04 06:02:33,614 [pool-666-thread-1] INFO  server.RaftServerConfigKeys (ConfUtils.java:logGet(44)) - raft.server.retrycache.expirytime = 600000ms (custom)
2020-12-04 06:02:33,614 [pool-666-thread-1] INFO  metrics.RatisMetrics (RatisMetrics.java:lambda$create$0(36)) - Creating Metrics Registry : ratis.leader_election.a43a40a6-1ac9-4df3-821c-5cd06fa3b4e5@group-FDFAA90BAE53
2020-12-04 06:02:33,615 [pool-666-thread-1] INFO  metrics.RatisMetrics (RatisMetrics.java:lambda$create$0(36)) - Creating Metrics Registry : ratis.server.a43a40a6-1ac9-4df3-821c-5cd06fa3b4e5@group-FDFAA90BAE53
2020-12-04 06:02:33,616 [pool-666-thread-1] INFO  impl.RaftServerImpl (RaftServerImpl.java:start(215)) - a43a40a6-1ac9-4df3-821c-5cd06fa3b4e5@group-FDFAA90BAE53: start as a follower, conf=-1: [5e885a77-8b3e-4dc5-b522-5cb06ff98b04|rpc:172.17.0.2:39901|dataStream:, a43a40a6-1ac9-4df3-821c-5cd06fa3b4e5|rpc:172.17.0.2:36909|dataStream:, 025f93f1-dfc8-4208-80d2-20f4a1ba9bf1|rpc:172.17.0.2:36183|dataStream:], old=null
2020-12-04 06:02:33,616 [pool-666-thread-1] INFO  impl.RaftServerImpl (RaftServerImpl.java:setRole(204)) - a43a40a6-1ac9-4df3-821c-5cd06fa3b4e5@group-FDFAA90BAE53: changes role from      null to FOLLOWER at term 0 for startAsFollower
2020-12-04 06:02:33,616 [pool-666-thread-1] INFO  impl.RoleInfo (RoleInfo.java:updateAndGet(143)) - a43a40a6-1ac9-4df3-821c-5cd06fa3b4e5: start a43a40a6-1ac9-4df3-821c-5cd06fa3b4e5@group-FDFAA90BAE53-FollowerState
2020-12-04 06:02:33,616 [pool-666-thread-1] INFO  util.JmxRegister (JmxRegister.java:tryRegister(44)) - Successfully registered JMX Bean with object name Ratis:service=RaftServer,group=group-FDFAA90BAE53,id=a43a40a6-1ac9-4df3-821c-5cd06fa3b4e5
2020-12-04 06:02:33,616 [pool-666-thread-1] INFO  metrics.RatisMetrics (RatisMetrics.java:lambda$create$0(36)) - Creating Metrics Registry : ratis.state_machine.a43a40a6-1ac9-4df3-821c-5cd06fa3b4e5@group-FDFAA90BAE53
2020-12-04 06:02:33,620 [Command processor thread] INFO  commandhandler.CreatePipelineCommandHandler (CreatePipelineCommandHandler.java:handle(106)) - Created Pipeline RATIS THREE PipelineID=0ca965aa-e89c-4b81-9d0b-fdfaa90bae53.
2020-12-04 06:02:33,621 [Command processor thread] INFO  impl.RaftServerProxy (RaftServerProxy.java:addNew(93)) - 5e885a77-8b3e-4dc5-b522-5cb06ff98b04: addNew group-A6CD88BF67F2:[5e885a77-8b3e-4dc5-b522-5cb06ff98b04|rpc:172.17.0.2:39901, a43a40a6-1ac9-4df3-821c-5cd06fa3b4e5|rpc:172.17.0.2:36909, 025f93f1-dfc8-4208-80d2-20f4a1ba9bf1|rpc:172.17.0.2:36183] returns group-A6CD88BF67F2:java.util.concurrent.CompletableFuture@457bd426[Not completed]
2020-12-04 06:02:33,621 [pool-650-thread-1] INFO  impl.RaftServerImpl (RaftServerImpl.java:<init>(121)) - 5e885a77-8b3e-4dc5-b522-5cb06ff98b04: new RaftServerImpl for group-A6CD88BF67F2:[5e885a77-8b3e-4dc5-b522-5cb06ff98b04|rpc:172.17.0.2:39901, a43a40a6-1ac9-4df3-821c-5cd06fa3b4e5|rpc:172.17.0.2:36909, 025f93f1-dfc8-4208-80d2-20f4a1ba9bf1|rpc:172.17.0.2:36183] with ContainerStateMachine:uninitialized
2020-12-04 06:02:33,621 [pool-650-thread-1] INFO  server.RaftServerConfigKeys (ConfUtils.java:logGet(44)) - raft.server.rpc.timeout.min = 5s (custom)
2020-12-04 06:02:33,621 [pool-650-thread-1] INFO  server.RaftServerConfigKeys (ConfUtils.java:logGet(44)) - raft.server.rpc.timeout.max = 5200ms (custom)
2020-12-04 06:02:33,621 [pool-650-thread-1] INFO  server.RaftServerConfigKeys (ConfUtils.java:logGet(44)) - raft.server.rpc.slowness.timeout = 300000ms (custom)
2020-12-04 06:02:33,621 [pool-650-thread-1] INFO  server.RaftServerConfigKeys (ConfUtils.java:logGet(44)) - raft.server.leaderelection.leader.step-down.wait-time = 10s (default)
2020-12-04 06:02:33,621 [pool-650-thread-1] INFO  server.RaftServerConfigKeys (ConfUtils.java:logGet(44)) - raft.server.sleep.deviation.threshold = 300 (default)
2020-12-04 06:02:33,622 [pool-650-thread-1] INFO  server.RaftServerConfigKeys (ConfUtils.java:logGet(44)) - raft.server.log.appender.install.snapshot.enabled = false (custom)
2020-12-04 06:02:33,622 [pool-650-thread-1] INFO  impl.RaftServerImpl (ServerState.java:<init>(104)) - 5e885a77-8b3e-4dc5-b522-5cb06ff98b04@group-A6CD88BF67F2: ConfigurationManager, init=-1: [5e885a77-8b3e-4dc5-b522-5cb06ff98b04|rpc:172.17.0.2:39901, a43a40a6-1ac9-4df3-821c-5cd06fa3b4e5|rpc:172.17.0.2:36909, 025f93f1-dfc8-4208-80d2-20f4a1ba9bf1|rpc:172.17.0.2:36183], old=null, confs=<EMPTY_MAP>
2020-12-04 06:02:33,622 [pool-650-thread-1] INFO  server.RaftServerConfigKeys (ConfUtils.java:logGet(44)) - raft.server.storage.dir = [/github/workspace/mnt/ozone/hadoop-ozone/integration-test/target/test-dir/MiniOzoneClusterImpl-d0e62b51-0f1f-480e-8215-4f24b3183874/datanode-0/data/ratis] (custom)
2020-12-04 06:02:33,622 [pool-650-thread-1] INFO  server.RaftServerConfigKeys (ConfUtils.java:logGet(44)) - raft.server.log.corruption.policy = EXCEPTION (default)
2020-12-04 06:02:33,622 [pool-650-thread-1] INFO  storage.RaftStorageDirectory (RaftStorageDirectory.java:analyzeStorage(261)) - The storage directory /github/workspace/mnt/ozone/hadoop-ozone/integration-test/target/test-dir/MiniOzoneClusterImpl-d0e62b51-0f1f-480e-8215-4f24b3183874/datanode-0/data/ratis/0913c338-1fb1-4172-a8a9-a6cd88bf67f2 does not exist. Creating ...
2020-12-04 06:02:33,623 [pool-650-thread-1] INFO  storage.RaftStorageDirectory (RaftStorageDirectory.java:tryLock(343)) - Lock on /github/workspace/mnt/ozone/hadoop-ozone/integration-test/target/test-dir/MiniOzoneClusterImpl-d0e62b51-0f1f-480e-8215-4f24b3183874/datanode-0/data/ratis/0913c338-1fb1-4172-a8a9-a6cd88bf67f2/in_use.lock acquired by nodename 32520@63638dc2095a
2020-12-04 06:02:33,624 [pool-650-thread-1] INFO  storage.RaftStorage (RaftStorage.java:format(85)) - Storage directory /github/workspace/mnt/ozone/hadoop-ozone/integration-test/target/test-dir/MiniOzoneClusterImpl-d0e62b51-0f1f-480e-8215-4f24b3183874/datanode-0/data/ratis/0913c338-1fb1-4172-a8a9-a6cd88bf67f2 has been successfully formatted.
2020-12-04 06:02:33,625 [pool-650-thread-1] INFO  ratis.ContainerStateMachine (ContainerStateMachine.java:loadSnapshot(225)) - group-A6CD88BF67F2: The snapshot info is null. Setting the last applied indexto:(t:0, i:~)
2020-12-04 06:02:33,625 [pool-650-thread-1] INFO  server.RaftServerConfigKeys (ConfUtils.java:logGet(44)) - raft.server.notification.no-leader.timeout = 300000ms (custom)
2020-12-04 06:02:33,625 [pool-650-thread-1] INFO  server.RaftServerConfigKeys (ConfUtils.java:logGet(44)) - raft.server.log.use.memory = false (default)
2020-12-04 06:02:33,625 [pool-650-thread-1] INFO  server.RaftServerConfigKeys (ConfUtils.java:logGet(44)) - raft.server.log.purge.gap = 1000000 (custom)
2020-12-04 06:02:33,625 [pool-650-thread-1] INFO  metrics.RatisMetrics (RatisMetrics.java:lambda$create$0(36)) - Creating Metrics Registry : ratis.log_worker.5e885a77-8b3e-4dc5-b522-5cb06ff98b04@group-A6CD88BF67F2
2020-12-04 06:02:33,625 [pool-650-thread-1] INFO  server.RaftServerConfigKeys (ConfUtils.java:logGet(44)) - raft.server.log.appender.buffer.byte-limit = 33554432 (custom)
2020-12-04 06:02:33,625 [pool-650-thread-1] INFO  server.RaftServerConfigKeys (ConfUtils.java:logGet(44)) - raft.server.log.segment.size.max = 1048576 (custom)
2020-12-04 06:02:33,626 [EventQueue-PipelineReportForOneReplicaPipelineSafeModeRule] INFO  safemode.SCMSafeModeManager (SCMSafeModeManager.java:validateSafeModeExitRules(214)) - AtleastOneDatanodeReportedRule rule is successfully validated
2020-12-04 06:02:33,626 [EventQueue-OpenPipelineForHealthyPipelineSafeModeRule] INFO  safemode.SCMSafeModeManager (HealthyPipelineSafeModeRule.java:process(128)) - SCM in safe mode. Healthy pipelines reported count is 0, required healthy pipeline reported count is 1
2020-12-04 06:02:33,626 [pool-650-thread-1] INFO  server.RaftServerConfigKeys (ConfUtils.java:logGet(44)) - raft.server.log.segment.cache.num.max = 2 (custom)
2020-12-04 06:02:33,626 [pool-650-thread-1] INFO  segmented.SegmentedRaftLogWorker (SegmentedRaftLogWorker.java:<init>(180)) - new 5e885a77-8b3e-4dc5-b522-5cb06ff98b04@group-A6CD88BF67F2-SegmentedRaftLogWorker for RaftStorage:Storage Directory /github/workspace/mnt/ozone/hadoop-ozone/integration-test/target/test-dir/MiniOzoneClusterImpl-d0e62b51-0f1f-480e-8215-4f24b3183874/datanode-0/data/ratis/0913c338-1fb1-4172-a8a9-a6cd88bf67f2
2020-12-04 06:02:33,627 [pool-650-thread-1] INFO  server.RaftServerConfigKeys (ConfUtils.java:logGet(44)) - raft.server.log.queue.byte-limit = 2147483647 (custom)
2020-12-04 06:02:33,627 [pool-650-thread-1] INFO  server.RaftServerConfigKeys (ConfUtils.java:logGet(44)) - raft.server.log.queue.element-limit = 1024 (custom)
2020-12-04 06:02:33,627 [pool-650-thread-1] INFO  server.RaftServerConfigKeys (ConfUtils.java:logGet(44)) - raft.server.log.segment.size.max = 1048576 (custom)
2020-12-04 06:02:33,627 [pool-650-thread-1] INFO  server.RaftServerConfigKeys (ConfUtils.java:logGet(44)) - raft.server.log.preallocated.size = 16384 (custom)
2020-12-04 06:02:33,627 [pool-650-thread-1] INFO  server.RaftServerConfigKeys (ConfUtils.java:logGet(44)) - raft.server.log.write.buffer.size = 1048576 (custom)
2020-12-04 06:02:33,627 [pool-650-thread-1] INFO  server.RaftServerConfigKeys (ConfUtils.java:logGet(44)) - raft.server.log.force.sync.num = 128 (default)
2020-12-04 06:02:33,627 [pool-650-thread-1] INFO  server.RaftServerConfigKeys (ConfUtils.java:logGet(44)) - raft.server.log.statemachine.data.sync = true (default)
2020-12-04 06:02:33,627 [pool-650-thread-1] INFO  server.RaftServerConfigKeys (ConfUtils.java:logGet(44)) - raft.server.log.statemachine.data.sync.timeout = 10s (default)
2020-12-04 06:02:33,627 [pool-650-thread-1] INFO  server.RaftServerConfigKeys (ConfUtils.java:logGet(44)) - raft.server.log.statemachine.data.sync.timeout.retry = -1 (default)
2020-12-04 06:02:33,629 [pool-650-thread-1] INFO  server.RaftServerConfigKeys (ConfUtils.java:logGet(44)) - raft.server.log.statemachine.data.caching.enabled = true (custom)
2020-12-04 06:02:33,630 [pool-650-thread-1] INFO  segmented.SegmentedRaftLogWorker (SegmentedRaftLogWorker.java:lambda$new$0(129)) - 5e885a77-8b3e-4dc5-b522-5cb06ff98b04@group-A6CD88BF67F2-SegmentedRaftLogWorker: flushIndex: setUnconditionally 0 -> -1
2020-12-04 06:02:33,630 [pool-650-thread-1] INFO  segmented.SegmentedRaftLogWorker (SegmentedRaftLogWorker.java:lambda$new$0(129)) - 5e885a77-8b3e-4dc5-b522-5cb06ff98b04@group-A6CD88BF67F2-SegmentedRaftLogWorker: safeCacheEvictIndex: setUnconditionally 0 -> -1
2020-12-04 06:02:33,630 [pool-650-thread-1] INFO  server.RaftServerConfigKeys (ConfUtils.java:logGet(44)) - raft.server.snapshot.auto.trigger.enabled = true (custom)
2020-12-04 06:02:33,630 [pool-650-thread-1] INFO  server.RaftServerConfigKeys (ConfUtils.java:logGet(44)) - raft.server.snapshot.auto.trigger.threshold = 10000 (custom)
2020-12-04 06:02:33,630 [pool-650-thread-1] INFO  server.RaftServerConfigKeys (ConfUtils.java:logGet(44)) - raft.server.snapshot.retention.file.num = 5 (custom)
2020-12-04 06:02:33,630 [pool-650-thread-1] INFO  server.RaftServerConfigKeys (ConfUtils.java:logGet(44)) - raft.server.log.purge.upto.snapshot.index = false (default)
2020-12-04 06:02:33,630 [pool-650-thread-1] INFO  server.RaftServerConfigKeys (ConfUtils.java:logGet(44)) - raft.server.retrycache.expirytime = 600000ms (custom)
2020-12-04 06:02:33,630 [pool-650-thread-1] INFO  metrics.RatisMetrics (RatisMetrics.java:lambda$create$0(36)) - Creating Metrics Registry : ratis.leader_election.5e885a77-8b3e-4dc5-b522-5cb06ff98b04@group-A6CD88BF67F2
2020-12-04 06:02:33,631 [pool-650-thread-1] INFO  metrics.RatisMetrics (RatisMetrics.java:lambda$create$0(36)) - Creating Metrics Registry : ratis.server.5e885a77-8b3e-4dc5-b522-5cb06ff98b04@group-A6CD88BF67F2
2020-12-04 06:02:33,632 [pool-650-thread-1] INFO  impl.RaftServerImpl (RaftServerImpl.java:start(215)) - 5e885a77-8b3e-4dc5-b522-5cb06ff98b04@group-A6CD88BF67F2: start as a follower, conf=-1: [5e885a77-8b3e-4dc5-b522-5cb06ff98b04|rpc:172.17.0.2:39901, a43a40a6-1ac9-4df3-821c-5cd06fa3b4e5|rpc:172.17.0.2:36909, 025f93f1-dfc8-4208-80d2-20f4a1ba9bf1|rpc:172.17.0.2:36183], old=null
2020-12-04 06:02:33,633 [pool-650-thread-1] INFO  impl.RaftServerImpl (RaftServerImpl.java:setRole(204)) - 5e885a77-8b3e-4dc5-b522-5cb06ff98b04@group-A6CD88BF67F2: changes role from      null to FOLLOWER at term 0 for startAsFollower
2020-12-04 06:02:33,633 [pool-650-thread-1] INFO  impl.RoleInfo (RoleInfo.java:updateAndGet(143)) - 5e885a77-8b3e-4dc5-b522-5cb06ff98b04: start 5e885a77-8b3e-4dc5-b522-5cb06ff98b04@group-A6CD88BF67F2-FollowerState
2020-12-04 06:02:33,633 [pool-650-thread-1] INFO  util.JmxRegister (JmxRegister.java:tryRegister(44)) - Successfully registered JMX Bean with object name Ratis:service=RaftServer,group=group-A6CD88BF67F2,id=5e885a77-8b3e-4dc5-b522-5cb06ff98b04
2020-12-04 06:02:33,633 [pool-650-thread-1] INFO  metrics.RatisMetrics (RatisMetrics.java:lambda$create$0(36)) - Creating Metrics Registry : ratis.state_machine.5e885a77-8b3e-4dc5-b522-5cb06ff98b04@group-A6CD88BF67F2
2020-12-04 06:02:33,635 [Command processor thread] INFO  metrics.RatisMetrics (RatisMetrics.java:lambda$create$0(36)) - Creating Metrics Registry : ratis.client_message_metrics.client-8365BDCF21EE->025f93f1-dfc8-4208-80d2-20f4a1ba9bf1
2020-12-04 06:02:33,644 [grpc-default-executor-5] INFO  impl.RaftServerProxy (RaftServerProxy.java:addNew(93)) - 025f93f1-dfc8-4208-80d2-20f4a1ba9bf1: addNew group-A6CD88BF67F2:[5e885a77-8b3e-4dc5-b522-5cb06ff98b04|rpc:172.17.0.2:39901|dataStream:, a43a40a6-1ac9-4df3-821c-5cd06fa3b4e5|rpc:172.17.0.2:36909|dataStream:, 025f93f1-dfc8-4208-80d2-20f4a1ba9bf1|rpc:172.17.0.2:36183|dataStream:] returns group-A6CD88BF67F2:java.util.concurrent.CompletableFuture@c1581ad[Not completed]
2020-12-04 06:02:33,646 [pool-682-thread-1] INFO  impl.RaftServerImpl (RaftServerImpl.java:<init>(121)) - 025f93f1-dfc8-4208-80d2-20f4a1ba9bf1: new RaftServerImpl for group-A6CD88BF67F2:[5e885a77-8b3e-4dc5-b522-5cb06ff98b04|rpc:172.17.0.2:39901|dataStream:, a43a40a6-1ac9-4df3-821c-5cd06fa3b4e5|rpc:172.17.0.2:36909|dataStream:, 025f93f1-dfc8-4208-80d2-20f4a1ba9bf1|rpc:172.17.0.2:36183|dataStream:] with ContainerStateMachine:uninitialized
2020-12-04 06:02:33,646 [pool-682-thread-1] INFO  server.RaftServerConfigKeys (ConfUtils.java:logGet(44)) - raft.server.rpc.timeout.min = 5s (custom)
2020-12-04 06:02:33,646 [pool-682-thread-1] INFO  server.RaftServerConfigKeys (ConfUtils.java:logGet(44)) - raft.server.rpc.timeout.max = 5200ms (custom)
2020-12-04 06:02:33,646 [pool-682-thread-1] INFO  server.RaftServerConfigKeys (ConfUtils.java:logGet(44)) - raft.server.rpc.slowness.timeout = 300000ms (custom)
2020-12-04 06:02:33,646 [pool-682-thread-1] INFO  server.RaftServerConfigKeys (ConfUtils.java:logGet(44)) - raft.server.leaderelection.leader.step-down.wait-time = 10s (default)
2020-12-04 06:02:33,646 [pool-682-thread-1] INFO  server.RaftServerConfigKeys (ConfUtils.java:logGet(44)) - raft.server.sleep.deviation.threshold = 300 (default)
2020-12-04 06:02:33,646 [pool-682-thread-1] INFO  server.RaftServerConfigKeys (ConfUtils.java:logGet(44)) - raft.server.log.appender.install.snapshot.enabled = false (custom)
2020-12-04 06:02:33,646 [pool-682-thread-1] INFO  impl.RaftServerImpl (ServerState.java:<init>(104)) - 025f93f1-dfc8-4208-80d2-20f4a1ba9bf1@group-A6CD88BF67F2: ConfigurationManager, init=-1: [5e885a77-8b3e-4dc5-b522-5cb06ff98b04|rpc:172.17.0.2:39901|dataStream:, a43a40a6-1ac9-4df3-821c-5cd06fa3b4e5|rpc:172.17.0.2:36909|dataStream:, 025f93f1-dfc8-4208-80d2-20f4a1ba9bf1|rpc:172.17.0.2:36183|dataStream:], old=null, confs=<EMPTY_MAP>
2020-12-04 06:02:33,646 [pool-682-thread-1] INFO  server.RaftServerConfigKeys (ConfUtils.java:logGet(44)) - raft.server.storage.dir = [/github/workspace/mnt/ozone/hadoop-ozone/integration-test/target/test-dir/MiniOzoneClusterImpl-d0e62b51-0f1f-480e-8215-4f24b3183874/datanode-2/data/ratis] (custom)
2020-12-04 06:02:33,646 [pool-682-thread-1] INFO  server.RaftServerConfigKeys (ConfUtils.java:logGet(44)) - raft.server.log.corruption.policy = EXCEPTION (default)
2020-12-04 06:02:33,646 [pool-682-thread-1] INFO  storage.RaftStorageDirectory (RaftStorageDirectory.java:analyzeStorage(261)) - The storage directory /github/workspace/mnt/ozone/hadoop-ozone/integration-test/target/test-dir/MiniOzoneClusterImpl-d0e62b51-0f1f-480e-8215-4f24b3183874/datanode-2/data/ratis/0913c338-1fb1-4172-a8a9-a6cd88bf67f2 does not exist. Creating ...
2020-12-04 06:02:33,648 [pool-682-thread-1] INFO  storage.RaftStorageDirectory (RaftStorageDirectory.java:tryLock(343)) - Lock on /github/workspace/mnt/ozone/hadoop-ozone/integration-test/target/test-dir/MiniOzoneClusterImpl-d0e62b51-0f1f-480e-8215-4f24b3183874/datanode-2/data/ratis/0913c338-1fb1-4172-a8a9-a6cd88bf67f2/in_use.lock acquired by nodename 32520@63638dc2095a
2020-12-04 06:02:33,649 [pool-682-thread-1] INFO  storage.RaftStorage (RaftStorage.java:format(85)) - Storage directory /github/workspace/mnt/ozone/hadoop-ozone/integration-test/target/test-dir/MiniOzoneClusterImpl-d0e62b51-0f1f-480e-8215-4f24b3183874/datanode-2/data/ratis/0913c338-1fb1-4172-a8a9-a6cd88bf67f2 has been successfully formatted.
2020-12-04 06:02:33,649 [pool-682-thread-1] INFO  ratis.ContainerStateMachine (ContainerStateMachine.java:loadSnapshot(225)) - group-A6CD88BF67F2: The snapshot info is null. Setting the last applied indexto:(t:0, i:~)
2020-12-04 06:02:33,649 [pool-682-thread-1] INFO  server.RaftServerConfigKeys (ConfUtils.java:logGet(44)) - raft.server.notification.no-leader.timeout = 300000ms (custom)
2020-12-04 06:02:33,649 [pool-682-thread-1] INFO  server.RaftServerConfigKeys (ConfUtils.java:logGet(44)) - raft.server.log.use.memory = false (default)
2020-12-04 06:02:33,650 [pool-682-thread-1] INFO  server.RaftServerConfigKeys (ConfUtils.java:logGet(44)) - raft.server.log.purge.gap = 1000000 (custom)
2020-12-04 06:02:33,650 [EventQueue-PipelineReportForOneReplicaPipelineSafeModeRule] INFO  safemode.SCMSafeModeManager (SCMSafeModeManager.java:validateSafeModeExitRules(214)) - AtleastOneDatanodeReportedRule rule is successfully validated
2020-12-04 06:02:33,650 [pool-682-thread-1] INFO  metrics.RatisMetrics (RatisMetrics.java:lambda$create$0(36)) - Creating Metrics Registry : ratis.log_worker.025f93f1-dfc8-4208-80d2-20f4a1ba9bf1@group-A6CD88BF67F2
2020-12-04 06:02:33,650 [pool-682-thread-1] INFO  server.RaftServerConfigKeys (ConfUtils.java:logGet(44)) - raft.server.log.appender.buffer.byte-limit = 33554432 (custom)
2020-12-04 06:02:33,650 [pool-682-thread-1] INFO  server.RaftServerConfigKeys (ConfUtils.java:logGet(44)) - raft.server.log.segment.size.max = 1048576 (custom)
2020-12-04 06:02:33,651 [pool-682-thread-1] INFO  server.RaftServerConfigKeys (ConfUtils.java:logGet(44)) - raft.server.log.segment.cache.num.max = 2 (custom)
2020-12-04 06:02:33,651 [pool-682-thread-1] INFO  segmented.SegmentedRaftLogWorker (SegmentedRaftLogWorker.java:<init>(180)) - new 025f93f1-dfc8-4208-80d2-20f4a1ba9bf1@group-A6CD88BF67F2-SegmentedRaftLogWorker for RaftStorage:Storage Directory /github/workspace/mnt/ozone/hadoop-ozone/integration-test/target/test-dir/MiniOzoneClusterImpl-d0e62b51-0f1f-480e-8215-4f24b3183874/datanode-2/data/ratis/0913c338-1fb1-4172-a8a9-a6cd88bf67f2
2020-12-04 06:02:33,651 [pool-682-thread-1] INFO  server.RaftServerConfigKeys (ConfUtils.java:logGet(44)) - raft.server.log.queue.byte-limit = 2147483647 (custom)
2020-12-04 06:02:33,651 [pool-682-thread-1] INFO  server.RaftServerConfigKeys (ConfUtils.java:logGet(44)) - raft.server.log.queue.element-limit = 1024 (custom)
2020-12-04 06:02:33,652 [pool-682-thread-1] INFO  server.RaftServerConfigKeys (ConfUtils.java:logGet(44)) - raft.server.log.segment.size.max = 1048576 (custom)
2020-12-04 06:02:33,652 [pool-682-thread-1] INFO  server.RaftServerConfigKeys (ConfUtils.java:logGet(44)) - raft.server.log.preallocated.size = 16384 (custom)
2020-12-04 06:02:33,652 [pool-682-thread-1] INFO  server.RaftServerConfigKeys (ConfUtils.java:logGet(44)) - raft.server.log.write.buffer.size = 1048576 (custom)
2020-12-04 06:02:33,652 [pool-682-thread-1] INFO  server.RaftServerConfigKeys (ConfUtils.java:logGet(44)) - raft.server.log.force.sync.num = 128 (default)
2020-12-04 06:02:33,652 [pool-682-thread-1] INFO  server.RaftServerConfigKeys (ConfUtils.java:logGet(44)) - raft.server.log.statemachine.data.sync = true (default)
2020-12-04 06:02:33,652 [pool-682-thread-1] INFO  server.RaftServerConfigKeys (ConfUtils.java:logGet(44)) - raft.server.log.statemachine.data.sync.timeout = 10s (default)
2020-12-04 06:02:33,652 [pool-682-thread-1] INFO  server.RaftServerConfigKeys (ConfUtils.java:logGet(44)) - raft.server.log.statemachine.data.sync.timeout.retry = -1 (default)
2020-12-04 06:02:33,654 [pool-682-thread-1] INFO  server.RaftServerConfigKeys (ConfUtils.java:logGet(44)) - raft.server.log.statemachine.data.caching.enabled = true (custom)
2020-12-04 06:02:33,654 [pool-682-thread-1] INFO  segmented.SegmentedRaftLogWorker (SegmentedRaftLogWorker.java:lambda$new$0(129)) - 025f93f1-dfc8-4208-80d2-20f4a1ba9bf1@group-A6CD88BF67F2-SegmentedRaftLogWorker: flushIndex: setUnconditionally 0 -> -1
2020-12-04 06:02:33,654 [pool-682-thread-1] INFO  segmented.SegmentedRaftLogWorker (SegmentedRaftLogWorker.java:lambda$new$0(129)) - 025f93f1-dfc8-4208-80d2-20f4a1ba9bf1@group-A6CD88BF67F2-SegmentedRaftLogWorker: safeCacheEvictIndex: setUnconditionally 0 -> -1
2020-12-04 06:02:33,655 [pool-682-thread-1] INFO  server.RaftServerConfigKeys (ConfUtils.java:logGet(44)) - raft.server.snapshot.auto.trigger.enabled = true (custom)
2020-12-04 06:02:33,655 [pool-682-thread-1] INFO  server.RaftServerConfigKeys (ConfUtils.java:logGet(44)) - raft.server.snapshot.auto.trigger.threshold = 10000 (custom)
2020-12-04 06:02:33,655 [pool-682-thread-1] INFO  server.RaftServerConfigKeys (ConfUtils.java:logGet(44)) - raft.server.snapshot.retention.file.num = 5 (custom)
2020-12-04 06:02:33,655 [pool-682-thread-1] INFO  server.RaftServerConfigKeys (ConfUtils.java:logGet(44)) - raft.server.log.purge.upto.snapshot.index = false (default)
2020-12-04 06:02:33,655 [pool-682-thread-1] INFO  server.RaftServerConfigKeys (ConfUtils.java:logGet(44)) - raft.server.retrycache.expirytime = 600000ms (custom)
2020-12-04 06:02:33,655 [pool-682-thread-1] INFO  metrics.RatisMetrics (RatisMetrics.java:lambda$create$0(36)) - Creating Metrics Registry : ratis.leader_election.025f93f1-dfc8-4208-80d2-20f4a1ba9bf1@group-A6CD88BF67F2
2020-12-04 06:02:33,656 [pool-682-thread-1] INFO  metrics.RatisMetrics (RatisMetrics.java:lambda$create$0(36)) - Creating Metrics Registry : ratis.server.025f93f1-dfc8-4208-80d2-20f4a1ba9bf1@group-A6CD88BF67F2
2020-12-04 06:02:33,657 [pool-682-thread-1] INFO  impl.RaftServerImpl (RaftServerImpl.java:start(215)) - 025f93f1-dfc8-4208-80d2-20f4a1ba9bf1@group-A6CD88BF67F2: start as a follower, conf=-1: [5e885a77-8b3e-4dc5-b522-5cb06ff98b04|rpc:172.17.0.2:39901|dataStream:, a43a40a6-1ac9-4df3-821c-5cd06fa3b4e5|rpc:172.17.0.2:36909|dataStream:, 025f93f1-dfc8-4208-80d2-20f4a1ba9bf1|rpc:172.17.0.2:36183|dataStream:], old=null
2020-12-04 06:02:33,657 [pool-682-thread-1] INFO  impl.RaftServerImpl (RaftServerImpl.java:setRole(204)) - 025f93f1-dfc8-4208-80d2-20f4a1ba9bf1@group-A6CD88BF67F2: changes role from      null to FOLLOWER at term 0 for startAsFollower
2020-12-04 06:02:33,657 [pool-682-thread-1] INFO  impl.RoleInfo (RoleInfo.java:updateAndGet(143)) - 025f93f1-dfc8-4208-80d2-20f4a1ba9bf1: start 025f93f1-dfc8-4208-80d2-20f4a1ba9bf1@group-A6CD88BF67F2-FollowerState
2020-12-04 06:02:33,657 [pool-682-thread-1] INFO  util.JmxRegister (JmxRegister.java:tryRegister(44)) - Successfully registered JMX Bean with object name Ratis:service=RaftServer,group=group-A6CD88BF67F2,id=025f93f1-dfc8-4208-80d2-20f4a1ba9bf1
2020-12-04 06:02:33,658 [pool-682-thread-1] INFO  metrics.RatisMetrics (RatisMetrics.java:lambda$create$0(36)) - Creating Metrics Registry : ratis.state_machine.025f93f1-dfc8-4208-80d2-20f4a1ba9bf1@group-A6CD88BF67F2
2020-12-04 06:02:33,663 [Command processor thread] INFO  metrics.RatisMetrics (RatisMetrics.java:lambda$create$0(36)) - Creating Metrics Registry : ratis.client_message_metrics.client-39AE2484C61D->a43a40a6-1ac9-4df3-821c-5cd06fa3b4e5
2020-12-04 06:02:33,672 [grpc-default-executor-5] INFO  impl.RaftServerProxy (RaftServerProxy.java:addNew(93)) - a43a40a6-1ac9-4df3-821c-5cd06fa3b4e5: addNew group-A6CD88BF67F2:[5e885a77-8b3e-4dc5-b522-5cb06ff98b04|rpc:172.17.0.2:39901|dataStream:, a43a40a6-1ac9-4df3-821c-5cd06fa3b4e5|rpc:172.17.0.2:36909|dataStream:, 025f93f1-dfc8-4208-80d2-20f4a1ba9bf1|rpc:172.17.0.2:36183|dataStream:] returns group-A6CD88BF67F2:java.util.concurrent.CompletableFuture@7ab3f219[Not completed]
2020-12-04 06:02:33,675 [pool-666-thread-1] INFO  impl.RaftServerImpl (RaftServerImpl.java:<init>(121)) - a43a40a6-1ac9-4df3-821c-5cd06fa3b4e5: new RaftServerImpl for group-A6CD88BF67F2:[5e885a77-8b3e-4dc5-b522-5cb06ff98b04|rpc:172.17.0.2:39901|dataStream:, a43a40a6-1ac9-4df3-821c-5cd06fa3b4e5|rpc:172.17.0.2:36909|dataStream:, 025f93f1-dfc8-4208-80d2-20f4a1ba9bf1|rpc:172.17.0.2:36183|dataStream:] with ContainerStateMachine:uninitialized
2020-12-04 06:02:33,675 [pool-666-thread-1] INFO  server.RaftServerConfigKeys (ConfUtils.java:logGet(44)) - raft.server.rpc.timeout.min = 5s (custom)
2020-12-04 06:02:33,675 [pool-666-thread-1] INFO  server.RaftServerConfigKeys (ConfUtils.java:logGet(44)) - raft.server.rpc.timeout.max = 5200ms (custom)
2020-12-04 06:02:33,675 [pool-666-thread-1] INFO  server.RaftServerConfigKeys (ConfUtils.java:logGet(44)) - raft.server.rpc.slowness.timeout = 300000ms (custom)
2020-12-04 06:02:33,675 [pool-666-thread-1] INFO  server.RaftServerConfigKeys (ConfUtils.java:logGet(44)) - raft.server.leaderelection.leader.step-down.wait-time = 10s (default)
2020-12-04 06:02:33,676 [pool-666-thread-1] INFO  server.RaftServerConfigKeys (ConfUtils.java:logGet(44)) - raft.server.sleep.deviation.threshold = 300 (default)
2020-12-04 06:02:33,676 [pool-666-thread-1] INFO  server.RaftServerConfigKeys (ConfUtils.java:logGet(44)) - raft.server.log.appender.install.snapshot.enabled = false (custom)
2020-12-04 06:02:33,676 [pool-666-thread-1] INFO  impl.RaftServerImpl (ServerState.java:<init>(104)) - a43a40a6-1ac9-4df3-821c-5cd06fa3b4e5@group-A6CD88BF67F2: ConfigurationManager, init=-1: [5e885a77-8b3e-4dc5-b522-5cb06ff98b04|rpc:172.17.0.2:39901|dataStream:, a43a40a6-1ac9-4df3-821c-5cd06fa3b4e5|rpc:172.17.0.2:36909|dataStream:, 025f93f1-dfc8-4208-80d2-20f4a1ba9bf1|rpc:172.17.0.2:36183|dataStream:], old=null, confs=<EMPTY_MAP>
2020-12-04 06:02:33,676 [pool-666-thread-1] INFO  server.RaftServerConfigKeys (ConfUtils.java:logGet(44)) - raft.server.storage.dir = [/github/workspace/mnt/ozone/hadoop-ozone/integration-test/target/test-dir/MiniOzoneClusterImpl-d0e62b51-0f1f-480e-8215-4f24b3183874/datanode-1/data/ratis] (custom)
2020-12-04 06:02:33,676 [pool-666-thread-1] INFO  server.RaftServerConfigKeys (ConfUtils.java:logGet(44)) - raft.server.log.corruption.policy = EXCEPTION (default)
2020-12-04 06:02:33,676 [pool-666-thread-1] INFO  storage.RaftStorageDirectory (RaftStorageDirectory.java:analyzeStorage(261)) - The storage directory /github/workspace/mnt/ozone/hadoop-ozone/integration-test/target/test-dir/MiniOzoneClusterImpl-d0e62b51-0f1f-480e-8215-4f24b3183874/datanode-1/data/ratis/0913c338-1fb1-4172-a8a9-a6cd88bf67f2 does not exist. Creating ...
2020-12-04 06:02:33,677 [pool-666-thread-1] INFO  storage.RaftStorageDirectory (RaftStorageDirectory.java:tryLock(343)) - Lock on /github/workspace/mnt/ozone/hadoop-ozone/integration-test/target/test-dir/MiniOzoneClusterImpl-d0e62b51-0f1f-480e-8215-4f24b3183874/datanode-1/data/ratis/0913c338-1fb1-4172-a8a9-a6cd88bf67f2/in_use.lock acquired by nodename 32520@63638dc2095a
2020-12-04 06:02:33,678 [pool-666-thread-1] INFO  storage.RaftStorage (RaftStorage.java:format(85)) - Storage directory /github/workspace/mnt/ozone/hadoop-ozone/integration-test/target/test-dir/MiniOzoneClusterImpl-d0e62b51-0f1f-480e-8215-4f24b3183874/datanode-1/data/ratis/0913c338-1fb1-4172-a8a9-a6cd88bf67f2 has been successfully formatted.
2020-12-04 06:02:33,678 [pool-666-thread-1] INFO  ratis.ContainerStateMachine (ContainerStateMachine.java:loadSnapshot(225)) - group-A6CD88BF67F2: The snapshot info is null. Setting the last applied indexto:(t:0, i:~)
2020-12-04 06:02:33,678 [pool-666-thread-1] INFO  server.RaftServerConfigKeys (ConfUtils.java:logGet(44)) - raft.server.notification.no-leader.timeout = 300000ms (custom)
2020-12-04 06:02:33,678 [pool-666-thread-1] INFO  server.RaftServerConfigKeys (ConfUtils.java:logGet(44)) - raft.server.log.use.memory = false (default)
2020-12-04 06:02:33,679 [pool-666-thread-1] INFO  server.RaftServerConfigKeys (ConfUtils.java:logGet(44)) - raft.server.log.purge.gap = 1000000 (custom)
2020-12-04 06:02:33,679 [pool-666-thread-1] INFO  metrics.RatisMetrics (RatisMetrics.java:lambda$create$0(36)) - Creating Metrics Registry : ratis.log_worker.a43a40a6-1ac9-4df3-821c-5cd06fa3b4e5@group-A6CD88BF67F2
2020-12-04 06:02:33,679 [EventQueue-PipelineReportForOneReplicaPipelineSafeModeRule] INFO  safemode.SCMSafeModeManager (SCMSafeModeManager.java:validateSafeModeExitRules(214)) - AtleastOneDatanodeReportedRule rule is successfully validated
2020-12-04 06:02:33,679 [pool-666-thread-1] INFO  server.RaftServerConfigKeys (ConfUtils.java:logGet(44)) - raft.server.log.appender.buffer.byte-limit = 33554432 (custom)
2020-12-04 06:02:33,679 [pool-666-thread-1] INFO  server.RaftServerConfigKeys (ConfUtils.java:logGet(44)) - raft.server.log.segment.size.max = 1048576 (custom)
2020-12-04 06:02:33,680 [pool-666-thread-1] INFO  server.RaftServerConfigKeys (ConfUtils.java:logGet(44)) - raft.server.log.segment.cache.num.max = 2 (custom)
2020-12-04 06:02:33,680 [pool-666-thread-1] INFO  segmented.SegmentedRaftLogWorker (SegmentedRaftLogWorker.java:<init>(180)) - new a43a40a6-1ac9-4df3-821c-5cd06fa3b4e5@group-A6CD88BF67F2-SegmentedRaftLogWorker for RaftStorage:Storage Directory /github/workspace/mnt/ozone/hadoop-ozone/integration-test/target/test-dir/MiniOzoneClusterImpl-d0e62b51-0f1f-480e-8215-4f24b3183874/datanode-1/data/ratis/0913c338-1fb1-4172-a8a9-a6cd88bf67f2
2020-12-04 06:02:33,680 [pool-666-thread-1] INFO  server.RaftServerConfigKeys (ConfUtils.java:logGet(44)) - raft.server.log.queue.byte-limit = 2147483647 (custom)
2020-12-04 06:02:33,680 [pool-666-thread-1] INFO  server.RaftServerConfigKeys (ConfUtils.java:logGet(44)) - raft.server.log.queue.element-limit = 1024 (custom)
2020-12-04 06:02:33,680 [pool-666-thread-1] INFO  server.RaftServerConfigKeys (ConfUtils.java:logGet(44)) - raft.server.log.segment.size.max = 1048576 (custom)
2020-12-04 06:02:33,680 [pool-666-thread-1] INFO  server.RaftServerConfigKeys (ConfUtils.java:logGet(44)) - raft.server.log.preallocated.size = 16384 (custom)
2020-12-04 06:02:33,681 [pool-666-thread-1] INFO  server.RaftServerConfigKeys (ConfUtils.java:logGet(44)) - raft.server.log.write.buffer.size = 1048576 (custom)
2020-12-04 06:02:33,681 [pool-666-thread-1] INFO  server.RaftServerConfigKeys (ConfUtils.java:logGet(44)) - raft.server.log.force.sync.num = 128 (default)
2020-12-04 06:02:33,681 [pool-666-thread-1] INFO  server.RaftServerConfigKeys (ConfUtils.java:logGet(44)) - raft.server.log.statemachine.data.sync = true (default)
2020-12-04 06:02:33,681 [pool-666-thread-1] INFO  server.RaftServerConfigKeys (ConfUtils.java:logGet(44)) - raft.server.log.statemachine.data.sync.timeout = 10s (default)
2020-12-04 06:02:33,681 [pool-666-thread-1] INFO  server.RaftServerConfigKeys (ConfUtils.java:logGet(44)) - raft.server.log.statemachine.data.sync.timeout.retry = -1 (default)
2020-12-04 06:02:33,683 [pool-666-thread-1] INFO  server.RaftServerConfigKeys (ConfUtils.java:logGet(44)) - raft.server.log.statemachine.data.caching.enabled = true (custom)
2020-12-04 06:02:33,683 [pool-666-thread-1] INFO  segmented.SegmentedRaftLogWorker (SegmentedRaftLogWorker.java:lambda$new$0(129)) - a43a40a6-1ac9-4df3-821c-5cd06fa3b4e5@group-A6CD88BF67F2-SegmentedRaftLogWorker: flushIndex: setUnconditionally 0 -> -1
2020-12-04 06:02:33,683 [pool-666-thread-1] INFO  segmented.SegmentedRaftLogWorker (SegmentedRaftLogWorker.java:lambda$new$0(129)) - a43a40a6-1ac9-4df3-821c-5cd06fa3b4e5@group-A6CD88BF67F2-SegmentedRaftLogWorker: safeCacheEvictIndex: setUnconditionally 0 -> -1
2020-12-04 06:02:33,684 [pool-666-thread-1] INFO  server.RaftServerConfigKeys (ConfUtils.java:logGet(44)) - raft.server.snapshot.auto.trigger.enabled = true (custom)
2020-12-04 06:02:33,684 [pool-666-thread-1] INFO  server.RaftServerConfigKeys (ConfUtils.java:logGet(44)) - raft.server.snapshot.auto.trigger.threshold = 10000 (custom)
2020-12-04 06:02:33,684 [pool-666-thread-1] INFO  server.RaftServerConfigKeys (ConfUtils.java:logGet(44)) - raft.server.snapshot.retention.file.num = 5 (custom)
2020-12-04 06:02:33,684 [pool-666-thread-1] INFO  server.RaftServerConfigKeys (ConfUtils.java:logGet(44)) - raft.server.log.purge.upto.snapshot.index = false (default)
2020-12-04 06:02:33,684 [pool-666-thread-1] INFO  server.RaftServerConfigKeys (ConfUtils.java:logGet(44)) - raft.server.retrycache.expirytime = 600000ms (custom)
2020-12-04 06:02:33,684 [pool-666-thread-1] INFO  metrics.RatisMetrics (RatisMetrics.java:lambda$create$0(36)) - Creating Metrics Registry : ratis.leader_election.a43a40a6-1ac9-4df3-821c-5cd06fa3b4e5@group-A6CD88BF67F2
2020-12-04 06:02:33,685 [pool-666-thread-1] INFO  metrics.RatisMetrics (RatisMetrics.java:lambda$create$0(36)) - Creating Metrics Registry : ratis.server.a43a40a6-1ac9-4df3-821c-5cd06fa3b4e5@group-A6CD88BF67F2
2020-12-04 06:02:33,687 [pool-666-thread-1] INFO  impl.RaftServerImpl (RaftServerImpl.java:start(215)) - a43a40a6-1ac9-4df3-821c-5cd06fa3b4e5@group-A6CD88BF67F2: start as a follower, conf=-1: [5e885a77-8b3e-4dc5-b522-5cb06ff98b04|rpc:172.17.0.2:39901|dataStream:, a43a40a6-1ac9-4df3-821c-5cd06fa3b4e5|rpc:172.17.0.2:36909|dataStream:, 025f93f1-dfc8-4208-80d2-20f4a1ba9bf1|rpc:172.17.0.2:36183|dataStream:], old=null
2020-12-04 06:02:33,687 [pool-666-thread-1] INFO  impl.RaftServerImpl (RaftServerImpl.java:setRole(204)) - a43a40a6-1ac9-4df3-821c-5cd06fa3b4e5@group-A6CD88BF67F2: changes role from      null to FOLLOWER at term 0 for startAsFollower
2020-12-04 06:02:33,687 [pool-666-thread-1] INFO  impl.RoleInfo (RoleInfo.java:updateAndGet(143)) - a43a40a6-1ac9-4df3-821c-5cd06fa3b4e5: start a43a40a6-1ac9-4df3-821c-5cd06fa3b4e5@group-A6CD88BF67F2-FollowerState
2020-12-04 06:02:33,687 [pool-666-thread-1] INFO  util.JmxRegister (JmxRegister.java:tryRegister(44)) - Successfully registered JMX Bean with object name Ratis:service=RaftServer,group=group-A6CD88BF67F2,id=a43a40a6-1ac9-4df3-821c-5cd06fa3b4e5
2020-12-04 06:02:33,687 [pool-666-thread-1] INFO  metrics.RatisMetrics (RatisMetrics.java:lambda$create$0(36)) - Creating Metrics Registry : ratis.state_machine.a43a40a6-1ac9-4df3-821c-5cd06fa3b4e5@group-A6CD88BF67F2
2020-12-04 06:02:33,692 [Command processor thread] INFO  commandhandler.CreatePipelineCommandHandler (CreatePipelineCommandHandler.java:handle(106)) - Created Pipeline RATIS THREE PipelineID=0913c338-1fb1-4172-a8a9-a6cd88bf67f2.
2020-12-04 06:02:33,735 [Command processor thread] INFO  impl.RaftServerProxy (RaftServerProxy.java:addNew(93)) - a43a40a6-1ac9-4df3-821c-5cd06fa3b4e5: addNew group-4D3E6F7EFF8B:[a43a40a6-1ac9-4df3-821c-5cd06fa3b4e5|rpc:172.17.0.2:36909] returns group-4D3E6F7EFF8B:java.util.concurrent.CompletableFuture@634bb177[Not completed]
2020-12-04 06:02:33,736 [pool-666-thread-1] INFO  impl.RaftServerImpl (RaftServerImpl.java:<init>(121)) - a43a40a6-1ac9-4df3-821c-5cd06fa3b4e5: new RaftServerImpl for group-4D3E6F7EFF8B:[a43a40a6-1ac9-4df3-821c-5cd06fa3b4e5|rpc:172.17.0.2:36909] with ContainerStateMachine:uninitialized
2020-12-04 06:02:33,736 [pool-666-thread-1] INFO  server.RaftServerConfigKeys (ConfUtils.java:logGet(44)) - raft.server.rpc.timeout.min = 5s (custom)
2020-12-04 06:02:33,736 [pool-666-thread-1] INFO  server.RaftServerConfigKeys (ConfUtils.java:logGet(44)) - raft.server.rpc.timeout.max = 5200ms (custom)
2020-12-04 06:02:33,736 [pool-666-thread-1] INFO  server.RaftServerConfigKeys (ConfUtils.java:logGet(44)) - raft.server.rpc.slowness.timeout = 300000ms (custom)
2020-12-04 06:02:33,736 [pool-666-thread-1] INFO  server.RaftServerConfigKeys (ConfUtils.java:logGet(44)) - raft.server.leaderelection.leader.step-down.wait-time = 10s (default)
2020-12-04 06:02:33,736 [pool-666-thread-1] INFO  server.RaftServerConfigKeys (ConfUtils.java:logGet(44)) - raft.server.sleep.deviation.threshold = 300 (default)
2020-12-04 06:02:33,736 [pool-666-thread-1] INFO  server.RaftServerConfigKeys (ConfUtils.java:logGet(44)) - raft.server.log.appender.install.snapshot.enabled = false (custom)
2020-12-04 06:02:33,736 [pool-666-thread-1] INFO  impl.RaftServerImpl (ServerState.java:<init>(104)) - a43a40a6-1ac9-4df3-821c-5cd06fa3b4e5@group-4D3E6F7EFF8B: ConfigurationManager, init=-1: [a43a40a6-1ac9-4df3-821c-5cd06fa3b4e5|rpc:172.17.0.2:36909], old=null, confs=<EMPTY_MAP>
2020-12-04 06:02:33,737 [pool-666-thread-1] INFO  server.RaftServerConfigKeys (ConfUtils.java:logGet(44)) - raft.server.storage.dir = [/github/workspace/mnt/ozone/hadoop-ozone/integration-test/target/test-dir/MiniOzoneClusterImpl-d0e62b51-0f1f-480e-8215-4f24b3183874/datanode-1/data/ratis] (custom)
2020-12-04 06:02:33,737 [pool-666-thread-1] INFO  server.RaftServerConfigKeys (ConfUtils.java:logGet(44)) - raft.server.log.corruption.policy = EXCEPTION (default)
2020-12-04 06:02:33,737 [pool-666-thread-1] INFO  storage.RaftStorageDirectory (RaftStorageDirectory.java:analyzeStorage(261)) - The storage directory /github/workspace/mnt/ozone/hadoop-ozone/integration-test/target/test-dir/MiniOzoneClusterImpl-d0e62b51-0f1f-480e-8215-4f24b3183874/datanode-1/data/ratis/94df6390-0626-4fc6-a8ca-4d3e6f7eff8b does not exist. Creating ...
2020-12-04 06:02:33,738 [pool-666-thread-1] INFO  storage.RaftStorageDirectory (RaftStorageDirectory.java:tryLock(343)) - Lock on /github/workspace/mnt/ozone/hadoop-ozone/integration-test/target/test-dir/MiniOzoneClusterImpl-d0e62b51-0f1f-480e-8215-4f24b3183874/datanode-1/data/ratis/94df6390-0626-4fc6-a8ca-4d3e6f7eff8b/in_use.lock acquired by nodename 32520@63638dc2095a
2020-12-04 06:02:33,740 [pool-666-thread-1] INFO  storage.RaftStorage (RaftStorage.java:format(85)) - Storage directory /github/workspace/mnt/ozone/hadoop-ozone/integration-test/target/test-dir/MiniOzoneClusterImpl-d0e62b51-0f1f-480e-8215-4f24b3183874/datanode-1/data/ratis/94df6390-0626-4fc6-a8ca-4d3e6f7eff8b has been successfully formatted.
2020-12-04 06:02:33,740 [pool-666-thread-1] INFO  ratis.ContainerStateMachine (ContainerStateMachine.java:loadSnapshot(225)) - group-4D3E6F7EFF8B: The snapshot info is null. Setting the last applied indexto:(t:0, i:~)
2020-12-04 06:02:33,740 [pool-666-thread-1] INFO  server.RaftServerConfigKeys (ConfUtils.java:logGet(44)) - raft.server.notification.no-leader.timeout = 300000ms (custom)
2020-12-04 06:02:33,740 [pool-666-thread-1] INFO  server.RaftServerConfigKeys (ConfUtils.java:logGet(44)) - raft.server.log.use.memory = false (default)
2020-12-04 06:02:33,740 [pool-666-thread-1] INFO  server.RaftServerConfigKeys (ConfUtils.java:logGet(44)) - raft.server.log.purge.gap = 1000000 (custom)
2020-12-04 06:02:33,740 [pool-666-thread-1] INFO  metrics.RatisMetrics (RatisMetrics.java:lambda$create$0(36)) - Creating Metrics Registry : ratis.log_worker.a43a40a6-1ac9-4df3-821c-5cd06fa3b4e5@group-4D3E6F7EFF8B
2020-12-04 06:02:33,740 [pool-666-thread-1] INFO  server.RaftServerConfigKeys (ConfUtils.java:logGet(44)) - raft.server.log.appender.buffer.byte-limit = 33554432 (custom)
2020-12-04 06:02:33,741 [pool-666-thread-1] INFO  server.RaftServerConfigKeys (ConfUtils.java:logGet(44)) - raft.server.log.segment.size.max = 1048576 (custom)
2020-12-04 06:02:33,741 [EventQueue-PipelineReportForPipelineReportHandler] INFO  pipeline.PipelineStateManager (PipelineStateManager.java:openPipeline(132)) - Pipeline Pipeline[ Id: 94df6390-0626-4fc6-a8ca-4d3e6f7eff8b, Nodes: a43a40a6-1ac9-4df3-821c-5cd06fa3b4e5{ip: 172.17.0.2, host: 63638dc2095a, networkLocation: /default-rack, certSerialId: null, persistedOpState: IN_SERVICE, persistedOpStateExpiryEpochSec: 0}, Type:RATIS, Factor:ONE, State:ALLOCATED, leaderId:a43a40a6-1ac9-4df3-821c-5cd06fa3b4e5, CreationTimestamp2020-12-04T06:02:30.738Z] moved to OPEN state
2020-12-04 06:02:33,741 [EventQueue-PipelineReportForOneReplicaPipelineSafeModeRule] INFO  safemode.SCMSafeModeManager (SCMSafeModeManager.java:validateSafeModeExitRules(214)) - AtleastOneDatanodeReportedRule rule is successfully validated
2020-12-04 06:02:33,741 [EventQueue-OpenPipelineForHealthyPipelineSafeModeRule] INFO  safemode.SCMSafeModeManager (HealthyPipelineSafeModeRule.java:process(128)) - SCM in safe mode. Healthy pipelines reported count is 0, required healthy pipeline reported count is 1
2020-12-04 06:02:33,742 [pool-666-thread-1] INFO  server.RaftServerConfigKeys (ConfUtils.java:logGet(44)) - raft.server.log.segment.cache.num.max = 2 (custom)
2020-12-04 06:02:33,742 [pool-666-thread-1] INFO  segmented.SegmentedRaftLogWorker (SegmentedRaftLogWorker.java:<init>(180)) - new a43a40a6-1ac9-4df3-821c-5cd06fa3b4e5@group-4D3E6F7EFF8B-SegmentedRaftLogWorker for RaftStorage:Storage Directory /github/workspace/mnt/ozone/hadoop-ozone/integration-test/target/test-dir/MiniOzoneClusterImpl-d0e62b51-0f1f-480e-8215-4f24b3183874/datanode-1/data/ratis/94df6390-0626-4fc6-a8ca-4d3e6f7eff8b
2020-12-04 06:02:33,742 [pool-666-thread-1] INFO  server.RaftServerConfigKeys (ConfUtils.java:logGet(44)) - raft.server.log.queue.byte-limit = 2147483647 (custom)
2020-12-04 06:02:33,742 [pool-666-thread-1] INFO  server.RaftServerConfigKeys (ConfUtils.java:logGet(44)) - raft.server.log.queue.element-limit = 1024 (custom)
2020-12-04 06:02:33,742 [pool-666-thread-1] INFO  server.RaftServerConfigKeys (ConfUtils.java:logGet(44)) - raft.server.log.segment.size.max = 1048576 (custom)
2020-12-04 06:02:33,742 [pool-666-thread-1] INFO  server.RaftServerConfigKeys (ConfUtils.java:logGet(44)) - raft.server.log.preallocated.size = 16384 (custom)
2020-12-04 06:02:33,743 [pool-666-thread-1] INFO  server.RaftServerConfigKeys (ConfUtils.java:logGet(44)) - raft.server.log.write.buffer.size = 1048576 (custom)
2020-12-04 06:02:33,743 [pool-666-thread-1] INFO  server.RaftServerConfigKeys (ConfUtils.java:logGet(44)) - raft.server.log.force.sync.num = 128 (default)
2020-12-04 06:02:33,743 [pool-666-thread-1] INFO  server.RaftServerConfigKeys (ConfUtils.java:logGet(44)) - raft.server.log.statemachine.data.sync = true (default)
2020-12-04 06:02:33,743 [pool-666-thread-1] INFO  server.RaftServerConfigKeys (ConfUtils.java:logGet(44)) - raft.server.log.statemachine.data.sync.timeout = 10s (default)
2020-12-04 06:02:33,743 [pool-666-thread-1] INFO  server.RaftServerConfigKeys (ConfUtils.java:logGet(44)) - raft.server.log.statemachine.data.sync.timeout.retry = -1 (default)
2020-12-04 06:02:33,745 [pool-666-thread-1] INFO  server.RaftServerConfigKeys (ConfUtils.java:logGet(44)) - raft.server.log.statemachine.data.caching.enabled = true (custom)
2020-12-04 06:02:33,745 [pool-666-thread-1] INFO  segmented.SegmentedRaftLogWorker (SegmentedRaftLogWorker.java:lambda$new$0(129)) - a43a40a6-1ac9-4df3-821c-5cd06fa3b4e5@group-4D3E6F7EFF8B-SegmentedRaftLogWorker: flushIndex: setUnconditionally 0 -> -1
2020-12-04 06:02:33,745 [pool-666-thread-1] INFO  segmented.SegmentedRaftLogWorker (SegmentedRaftLogWorker.java:lambda$new$0(129)) - a43a40a6-1ac9-4df3-821c-5cd06fa3b4e5@group-4D3E6F7EFF8B-SegmentedRaftLogWorker: safeCacheEvictIndex: setUnconditionally 0 -> -1
2020-12-04 06:02:33,745 [pool-666-thread-1] INFO  server.RaftServerConfigKeys (ConfUtils.java:logGet(44)) - raft.server.snapshot.auto.trigger.enabled = true (custom)
2020-12-04 06:02:33,746 [pool-666-thread-1] INFO  server.RaftServerConfigKeys (ConfUtils.java:logGet(44)) - raft.server.snapshot.auto.trigger.threshold = 10000 (custom)
2020-12-04 06:02:33,746 [pool-666-thread-1] INFO  server.RaftServerConfigKeys (ConfUtils.java:logGet(44)) - raft.server.snapshot.retention.file.num = 5 (custom)
2020-12-04 06:02:33,746 [Listener at 127.0.0.1/45059] INFO  ozone.MiniOzoneClusterImpl (MiniOzoneClusterImpl.java:lambda$waitForClusterToBeReady$0(178)) - Nodes are ready. Got 7 of 7 DN Heartbeats.
2020-12-04 06:02:33,749 [Listener at 127.0.0.1/45059] INFO  ozone.MiniOzoneClusterImpl (MiniOzoneClusterImpl.java:lambda$waitForClusterToBeReady$0(181)) - Waiting for cluster to exit safe mode
2020-12-04 06:02:33,749 [pool-666-thread-1] INFO  server.RaftServerConfigKeys (ConfUtils.java:logGet(44)) - raft.server.log.purge.upto.snapshot.index = false (default)
2020-12-04 06:02:33,749 [pool-666-thread-1] INFO  server.RaftServerConfigKeys (ConfUtils.java:logGet(44)) - raft.server.retrycache.expirytime = 600000ms (custom)
2020-12-04 06:02:33,750 [pool-666-thread-1] INFO  metrics.RatisMetrics (RatisMetrics.java:lambda$create$0(36)) - Creating Metrics Registry : ratis.leader_election.a43a40a6-1ac9-4df3-821c-5cd06fa3b4e5@group-4D3E6F7EFF8B
2020-12-04 06:02:33,751 [pool-666-thread-1] INFO  metrics.RatisMetrics (RatisMetrics.java:lambda$create$0(36)) - Creating Metrics Registry : ratis.server.a43a40a6-1ac9-4df3-821c-5cd06fa3b4e5@group-4D3E6F7EFF8B
2020-12-04 06:02:33,753 [pool-666-thread-1] INFO  impl.RaftServerImpl (RaftServerImpl.java:start(215)) - a43a40a6-1ac9-4df3-821c-5cd06fa3b4e5@group-4D3E6F7EFF8B: start as a follower, conf=-1: [a43a40a6-1ac9-4df3-821c-5cd06fa3b4e5|rpc:172.17.0.2:36909], old=null
2020-12-04 06:02:33,753 [pool-666-thread-1] INFO  impl.RaftServerImpl (RaftServerImpl.java:setRole(204)) - a43a40a6-1ac9-4df3-821c-5cd06fa3b4e5@group-4D3E6F7EFF8B: changes role from      null to FOLLOWER at term 0 for startAsFollower
2020-12-04 06:02:33,753 [pool-666-thread-1] INFO  impl.RoleInfo (RoleInfo.java:updateAndGet(143)) - a43a40a6-1ac9-4df3-821c-5cd06fa3b4e5: start a43a40a6-1ac9-4df3-821c-5cd06fa3b4e5@group-4D3E6F7EFF8B-FollowerState
2020-12-04 06:02:33,753 [pool-666-thread-1] INFO  util.JmxRegister (JmxRegister.java:tryRegister(44)) - Successfully registered JMX Bean with object name Ratis:service=RaftServer,group=group-4D3E6F7EFF8B,id=a43a40a6-1ac9-4df3-821c-5cd06fa3b4e5
2020-12-04 06:02:33,754 [pool-666-thread-1] INFO  metrics.RatisMetrics (RatisMetrics.java:lambda$create$0(36)) - Creating Metrics Registry : ratis.state_machine.a43a40a6-1ac9-4df3-821c-5cd06fa3b4e5@group-4D3E6F7EFF8B
2020-12-04 06:02:33,755 [Command processor thread] INFO  commandhandler.CreatePipelineCommandHandler (CreatePipelineCommandHandler.java:handle(106)) - Created Pipeline RATIS ONE PipelineID=94df6390-0626-4fc6-a8ca-4d3e6f7eff8b.
2020-12-04 06:02:33,933 [Command processor thread] INFO  impl.RaftServerProxy (RaftServerProxy.java:addNew(93)) - 025f93f1-dfc8-4208-80d2-20f4a1ba9bf1: addNew group-E20F62F7D794:[025f93f1-dfc8-4208-80d2-20f4a1ba9bf1|rpc:172.17.0.2:36183] returns group-E20F62F7D794:java.util.concurrent.CompletableFuture@4646fbad[Not completed]
2020-12-04 06:02:33,934 [pool-682-thread-1] INFO  impl.RaftServerImpl (RaftServerImpl.java:<init>(121)) - 025f93f1-dfc8-4208-80d2-20f4a1ba9bf1: new RaftServerImpl for group-E20F62F7D794:[025f93f1-dfc8-4208-80d2-20f4a1ba9bf1|rpc:172.17.0.2:36183] with ContainerStateMachine:uninitialized
2020-12-04 06:02:33,935 [pool-682-thread-1] INFO  server.RaftServerConfigKeys (ConfUtils.java:logGet(44)) - raft.server.rpc.timeout.min = 5s (custom)
2020-12-04 06:02:33,935 [pool-682-thread-1] INFO  server.RaftServerConfigKeys (ConfUtils.java:logGet(44)) - raft.server.rpc.timeout.max = 5200ms (custom)
2020-12-04 06:02:33,935 [pool-682-thread-1] INFO  server.RaftServerConfigKeys (ConfUtils.java:logGet(44)) - raft.server.rpc.slowness.timeout = 300000ms (custom)
2020-12-04 06:02:33,935 [pool-682-thread-1] INFO  server.RaftServerConfigKeys (ConfUtils.java:logGet(44)) - raft.server.leaderelection.leader.step-down.wait-time = 10s (default)
2020-12-04 06:02:33,935 [pool-682-thread-1] INFO  server.RaftServerConfigKeys (ConfUtils.java:logGet(44)) - raft.server.sleep.deviation.threshold = 300 (default)
2020-12-04 06:02:33,935 [pool-682-thread-1] INFO  server.RaftServerConfigKeys (ConfUtils.java:logGet(44)) - raft.server.log.appender.install.snapshot.enabled = false (custom)
2020-12-04 06:02:33,935 [pool-682-thread-1] INFO  impl.RaftServerImpl (ServerState.java:<init>(104)) - 025f93f1-dfc8-4208-80d2-20f4a1ba9bf1@group-E20F62F7D794: ConfigurationManager, init=-1: [025f93f1-dfc8-4208-80d2-20f4a1ba9bf1|rpc:172.17.0.2:36183], old=null, confs=<EMPTY_MAP>
2020-12-04 06:02:33,936 [pool-682-thread-1] INFO  server.RaftServerConfigKeys (ConfUtils.java:logGet(44)) - raft.server.storage.dir = [/github/workspace/mnt/ozone/hadoop-ozone/integration-test/target/test-dir/MiniOzoneClusterImpl-d0e62b51-0f1f-480e-8215-4f24b3183874/datanode-2/data/ratis] (custom)
2020-12-04 06:02:33,937 [pool-682-thread-1] INFO  server.RaftServerConfigKeys (ConfUtils.java:logGet(44)) - raft.server.log.corruption.policy = EXCEPTION (default)
2020-12-04 06:02:33,937 [pool-682-thread-1] INFO  storage.RaftStorageDirectory (RaftStorageDirectory.java:analyzeStorage(261)) - The storage directory /github/workspace/mnt/ozone/hadoop-ozone/integration-test/target/test-dir/MiniOzoneClusterImpl-d0e62b51-0f1f-480e-8215-4f24b3183874/datanode-2/data/ratis/69418aa5-1005-40d3-a5f6-e20f62f7d794 does not exist. Creating ...
2020-12-04 06:02:33,938 [pool-682-thread-1] INFO  storage.RaftStorageDirectory (RaftStorageDirectory.java:tryLock(343)) - Lock on /github/workspace/mnt/ozone/hadoop-ozone/integration-test/target/test-dir/MiniOzoneClusterImpl-d0e62b51-0f1f-480e-8215-4f24b3183874/datanode-2/data/ratis/69418aa5-1005-40d3-a5f6-e20f62f7d794/in_use.lock acquired by nodename 32520@63638dc2095a
2020-12-04 06:02:33,940 [pool-682-thread-1] INFO  storage.RaftStorage (RaftStorage.java:format(85)) - Storage directory /github/workspace/mnt/ozone/hadoop-ozone/integration-test/target/test-dir/MiniOzoneClusterImpl-d0e62b51-0f1f-480e-8215-4f24b3183874/datanode-2/data/ratis/69418aa5-1005-40d3-a5f6-e20f62f7d794 has been successfully formatted.
2020-12-04 06:02:33,940 [pool-682-thread-1] INFO  ratis.ContainerStateMachine (ContainerStateMachine.java:loadSnapshot(225)) - group-E20F62F7D794: The snapshot info is null. Setting the last applied indexto:(t:0, i:~)
2020-12-04 06:02:33,940 [pool-682-thread-1] INFO  server.RaftServerConfigKeys (ConfUtils.java:logGet(44)) - raft.server.notification.no-leader.timeout = 300000ms (custom)
2020-12-04 06:02:33,940 [pool-682-thread-1] INFO  server.RaftServerConfigKeys (ConfUtils.java:logGet(44)) - raft.server.log.use.memory = false (default)
2020-12-04 06:02:33,940 [pool-682-thread-1] INFO  server.RaftServerConfigKeys (ConfUtils.java:logGet(44)) - raft.server.log.purge.gap = 1000000 (custom)
2020-12-04 06:02:33,940 [pool-682-thread-1] INFO  metrics.RatisMetrics (RatisMetrics.java:lambda$create$0(36)) - Creating Metrics Registry : ratis.log_worker.025f93f1-dfc8-4208-80d2-20f4a1ba9bf1@group-E20F62F7D794
2020-12-04 06:02:33,941 [EventQueue-PipelineReportForPipelineReportHandler] INFO  pipeline.PipelineStateManager (PipelineStateManager.java:openPipeline(132)) - Pipeline Pipeline[ Id: 69418aa5-1005-40d3-a5f6-e20f62f7d794, Nodes: 025f93f1-dfc8-4208-80d2-20f4a1ba9bf1{ip: 172.17.0.2, host: 63638dc2095a, networkLocation: /default-rack, certSerialId: null, persistedOpState: IN_SERVICE, persistedOpStateExpiryEpochSec: 0}, Type:RATIS, Factor:ONE, State:ALLOCATED, leaderId:025f93f1-dfc8-4208-80d2-20f4a1ba9bf1, CreationTimestamp2020-12-04T06:02:30.936Z] moved to OPEN state
2020-12-04 06:02:33,941 [EventQueue-PipelineReportForOneReplicaPipelineSafeModeRule] INFO  safemode.SCMSafeModeManager (SCMSafeModeManager.java:validateSafeModeExitRules(214)) - AtleastOneDatanodeReportedRule rule is successfully validated
2020-12-04 06:02:33,941 [EventQueue-OpenPipelineForHealthyPipelineSafeModeRule] INFO  safemode.SCMSafeModeManager (HealthyPipelineSafeModeRule.java:process(128)) - SCM in safe mode. Healthy pipelines reported count is 0, required healthy pipeline reported count is 1
2020-12-04 06:02:33,941 [pool-682-thread-1] INFO  server.RaftServerConfigKeys (ConfUtils.java:logGet(44)) - raft.server.log.appender.buffer.byte-limit = 33554432 (custom)
2020-12-04 06:02:33,941 [pool-682-thread-1] INFO  server.RaftServerConfigKeys (ConfUtils.java:logGet(44)) - raft.server.log.segment.size.max = 1048576 (custom)
2020-12-04 06:02:33,942 [pool-682-thread-1] INFO  server.RaftServerConfigKeys (ConfUtils.java:logGet(44)) - raft.server.log.segment.cache.num.max = 2 (custom)
2020-12-04 06:02:33,942 [pool-682-thread-1] INFO  segmented.SegmentedRaftLogWorker (SegmentedRaftLogWorker.java:<init>(180)) - new 025f93f1-dfc8-4208-80d2-20f4a1ba9bf1@group-E20F62F7D794-SegmentedRaftLogWorker for RaftStorage:Storage Directory /github/workspace/mnt/ozone/hadoop-ozone/integration-test/target/test-dir/MiniOzoneClusterImpl-d0e62b51-0f1f-480e-8215-4f24b3183874/datanode-2/data/ratis/69418aa5-1005-40d3-a5f6-e20f62f7d794
2020-12-04 06:02:33,942 [pool-682-thread-1] INFO  server.RaftServerConfigKeys (ConfUtils.java:logGet(44)) - raft.server.log.queue.byte-limit = 2147483647 (custom)
2020-12-04 06:02:33,942 [pool-682-thread-1] INFO  server.RaftServerConfigKeys (ConfUtils.java:logGet(44)) - raft.server.log.queue.element-limit = 1024 (custom)
2020-12-04 06:02:33,942 [pool-682-thread-1] INFO  server.RaftServerConfigKeys (ConfUtils.java:logGet(44)) - raft.server.log.segment.size.max = 1048576 (custom)
2020-12-04 06:02:33,942 [pool-682-thread-1] INFO  server.RaftServerConfigKeys (ConfUtils.java:logGet(44)) - raft.server.log.preallocated.size = 16384 (custom)
2020-12-04 06:02:33,942 [pool-682-thread-1] INFO  server.RaftServerConfigKeys (ConfUtils.java:logGet(44)) - raft.server.log.write.buffer.size = 1048576 (custom)
2020-12-04 06:02:33,942 [pool-682-thread-1] INFO  server.RaftServerConfigKeys (ConfUtils.java:logGet(44)) - raft.server.log.force.sync.num = 128 (default)
2020-12-04 06:02:33,942 [pool-682-thread-1] INFO  server.RaftServerConfigKeys (ConfUtils.java:logGet(44)) - raft.server.log.statemachine.data.sync = true (default)
2020-12-04 06:02:33,942 [pool-682-thread-1] INFO  server.RaftServerConfigKeys (ConfUtils.java:logGet(44)) - raft.server.log.statemachine.data.sync.timeout = 10s (default)
2020-12-04 06:02:33,943 [pool-682-thread-1] INFO  server.RaftServerConfigKeys (ConfUtils.java:logGet(44)) - raft.server.log.statemachine.data.sync.timeout.retry = -1 (default)
2020-12-04 06:02:33,944 [pool-682-thread-1] INFO  server.RaftServerConfigKeys (ConfUtils.java:logGet(44)) - raft.server.log.statemachine.data.caching.enabled = true (custom)
2020-12-04 06:02:33,944 [pool-682-thread-1] INFO  segmented.SegmentedRaftLogWorker (SegmentedRaftLogWorker.java:lambda$new$0(129)) - 025f93f1-dfc8-4208-80d2-20f4a1ba9bf1@group-E20F62F7D794-SegmentedRaftLogWorker: flushIndex: setUnconditionally 0 -> -1
2020-12-04 06:02:33,945 [pool-682-thread-1] INFO  segmented.SegmentedRaftLogWorker (SegmentedRaftLogWorker.java:lambda$new$0(129)) - 025f93f1-dfc8-4208-80d2-20f4a1ba9bf1@group-E20F62F7D794-SegmentedRaftLogWorker: safeCacheEvictIndex: setUnconditionally 0 -> -1
2020-12-04 06:02:33,945 [pool-682-thread-1] INFO  server.RaftServerConfigKeys (ConfUtils.java:logGet(44)) - raft.server.snapshot.auto.trigger.enabled = true (custom)
2020-12-04 06:02:33,945 [pool-682-thread-1] INFO  server.RaftServerConfigKeys (ConfUtils.java:logGet(44)) - raft.server.snapshot.auto.trigger.threshold = 10000 (custom)
2020-12-04 06:02:33,945 [pool-682-thread-1] INFO  server.RaftServerConfigKeys (ConfUtils.java:logGet(44)) - raft.server.snapshot.retention.file.num = 5 (custom)
2020-12-04 06:02:33,945 [pool-682-thread-1] INFO  server.RaftServerConfigKeys (ConfUtils.java:logGet(44)) - raft.server.log.purge.upto.snapshot.index = false (default)
2020-12-04 06:02:33,945 [pool-682-thread-1] INFO  server.RaftServerConfigKeys (ConfUtils.java:logGet(44)) - raft.server.retrycache.expirytime = 600000ms (custom)
2020-12-04 06:02:33,945 [pool-682-thread-1] INFO  metrics.RatisMetrics (RatisMetrics.java:lambda$create$0(36)) - Creating Metrics Registry : ratis.leader_election.025f93f1-dfc8-4208-80d2-20f4a1ba9bf1@group-E20F62F7D794
2020-12-04 06:02:33,946 [pool-682-thread-1] INFO  metrics.RatisMetrics (RatisMetrics.java:lambda$create$0(36)) - Creating Metrics Registry : ratis.server.025f93f1-dfc8-4208-80d2-20f4a1ba9bf1@group-E20F62F7D794
2020-12-04 06:02:33,947 [pool-682-thread-1] INFO  impl.RaftServerImpl (RaftServerImpl.java:start(215)) - 025f93f1-dfc8-4208-80d2-20f4a1ba9bf1@group-E20F62F7D794: start as a follower, conf=-1: [025f93f1-dfc8-4208-80d2-20f4a1ba9bf1|rpc:172.17.0.2:36183], old=null
2020-12-04 06:02:33,947 [pool-682-thread-1] INFO  impl.RaftServerImpl (RaftServerImpl.java:setRole(204)) - 025f93f1-dfc8-4208-80d2-20f4a1ba9bf1@group-E20F62F7D794: changes role from      null to FOLLOWER at term 0 for startAsFollower
2020-12-04 06:02:33,947 [pool-682-thread-1] INFO  impl.RoleInfo (RoleInfo.java:updateAndGet(143)) - 025f93f1-dfc8-4208-80d2-20f4a1ba9bf1: start 025f93f1-dfc8-4208-80d2-20f4a1ba9bf1@group-E20F62F7D794-FollowerState
2020-12-04 06:02:33,948 [pool-682-thread-1] INFO  util.JmxRegister (JmxRegister.java:tryRegister(44)) - Successfully registered JMX Bean with object name Ratis:service=RaftServer,group=group-E20F62F7D794,id=025f93f1-dfc8-4208-80d2-20f4a1ba9bf1
2020-12-04 06:02:33,948 [pool-682-thread-1] INFO  metrics.RatisMetrics (RatisMetrics.java:lambda$create$0(36)) - Creating Metrics Registry : ratis.state_machine.025f93f1-dfc8-4208-80d2-20f4a1ba9bf1@group-E20F62F7D794
2020-12-04 06:02:33,949 [Command processor thread] INFO  commandhandler.CreatePipelineCommandHandler (CreatePipelineCommandHandler.java:handle(106)) - Created Pipeline RATIS ONE PipelineID=69418aa5-1005-40d3-a5f6-e20f62f7d794.
2020-12-04 06:02:34,151 [Command processor thread] INFO  impl.RaftServerProxy (RaftServerProxy.java:addNew(93)) - a8add95f-9482-4e6d-9ba6-8975b33532e8: addNew group-3DE58E84B988:[a8add95f-9482-4e6d-9ba6-8975b33532e8|rpc:172.17.0.2:44261] returns group-3DE58E84B988:java.util.concurrent.CompletableFuture@35398b79[Not completed]
2020-12-04 06:02:34,152 [pool-698-thread-1] INFO  impl.RaftServerImpl (RaftServerImpl.java:<init>(121)) - a8add95f-9482-4e6d-9ba6-8975b33532e8: new RaftServerImpl for group-3DE58E84B988:[a8add95f-9482-4e6d-9ba6-8975b33532e8|rpc:172.17.0.2:44261] with ContainerStateMachine:uninitialized
2020-12-04 06:02:34,154 [pool-698-thread-1] INFO  server.RaftServerConfigKeys (ConfUtils.java:logGet(44)) - raft.server.rpc.timeout.min = 5s (custom)
2020-12-04 06:02:34,154 [pool-698-thread-1] INFO  server.RaftServerConfigKeys (ConfUtils.java:logGet(44)) - raft.server.rpc.timeout.max = 5200ms (custom)
2020-12-04 06:02:34,154 [pool-698-thread-1] INFO  server.RaftServerConfigKeys (ConfUtils.java:logGet(44)) - raft.server.rpc.slowness.timeout = 300000ms (custom)
2020-12-04 06:02:34,154 [pool-698-thread-1] INFO  server.RaftServerConfigKeys (ConfUtils.java:logGet(44)) - raft.server.leaderelection.leader.step-down.wait-time = 10s (default)
2020-12-04 06:02:34,154 [pool-698-thread-1] INFO  server.RaftServerConfigKeys (ConfUtils.java:logGet(44)) - raft.server.sleep.deviation.threshold = 300 (default)
2020-12-04 06:02:34,154 [pool-698-thread-1] INFO  server.RaftServerConfigKeys (ConfUtils.java:logGet(44)) - raft.server.log.appender.install.snapshot.enabled = false (custom)
2020-12-04 06:02:34,154 [pool-698-thread-1] INFO  impl.RaftServerImpl (ServerState.java:<init>(104)) - a8add95f-9482-4e6d-9ba6-8975b33532e8@group-3DE58E84B988: ConfigurationManager, init=-1: [a8add95f-9482-4e6d-9ba6-8975b33532e8|rpc:172.17.0.2:44261], old=null, confs=<EMPTY_MAP>
2020-12-04 06:02:34,155 [pool-698-thread-1] INFO  server.RaftServerConfigKeys (ConfUtils.java:logGet(44)) - raft.server.storage.dir = [/github/workspace/mnt/ozone/hadoop-ozone/integration-test/target/test-dir/MiniOzoneClusterImpl-d0e62b51-0f1f-480e-8215-4f24b3183874/datanode-3/data/ratis] (custom)
2020-12-04 06:02:34,156 [pool-698-thread-1] INFO  server.RaftServerConfigKeys (ConfUtils.java:logGet(44)) - raft.server.log.corruption.policy = EXCEPTION (default)
2020-12-04 06:02:34,156 [pool-698-thread-1] INFO  storage.RaftStorageDirectory (RaftStorageDirectory.java:analyzeStorage(261)) - The storage directory /github/workspace/mnt/ozone/hadoop-ozone/integration-test/target/test-dir/MiniOzoneClusterImpl-d0e62b51-0f1f-480e-8215-4f24b3183874/datanode-3/data/ratis/b72b0388-0d0b-4ea0-a621-3de58e84b988 does not exist. Creating ...
2020-12-04 06:02:34,157 [pool-698-thread-1] INFO  storage.RaftStorageDirectory (RaftStorageDirectory.java:tryLock(343)) - Lock on /github/workspace/mnt/ozone/hadoop-ozone/integration-test/target/test-dir/MiniOzoneClusterImpl-d0e62b51-0f1f-480e-8215-4f24b3183874/datanode-3/data/ratis/b72b0388-0d0b-4ea0-a621-3de58e84b988/in_use.lock acquired by nodename 32520@63638dc2095a
2020-12-04 06:02:34,159 [pool-698-thread-1] INFO  storage.RaftStorage (RaftStorage.java:format(85)) - Storage directory /github/workspace/mnt/ozone/hadoop-ozone/integration-test/target/test-dir/MiniOzoneClusterImpl-d0e62b51-0f1f-480e-8215-4f24b3183874/datanode-3/data/ratis/b72b0388-0d0b-4ea0-a621-3de58e84b988 has been successfully formatted.
2020-12-04 06:02:34,160 [pool-698-thread-1] INFO  ratis.ContainerStateMachine (ContainerStateMachine.java:loadSnapshot(225)) - group-3DE58E84B988: The snapshot info is null. Setting the last applied indexto:(t:0, i:~)
2020-12-04 06:02:34,160 [pool-698-thread-1] INFO  server.RaftServerConfigKeys (ConfUtils.java:logGet(44)) - raft.server.notification.no-leader.timeout = 300000ms (custom)
2020-12-04 06:02:34,160 [pool-698-thread-1] INFO  server.RaftServerConfigKeys (ConfUtils.java:logGet(44)) - raft.server.log.use.memory = false (default)
2020-12-04 06:02:34,160 [pool-698-thread-1] INFO  server.RaftServerConfigKeys (ConfUtils.java:logGet(44)) - raft.server.log.purge.gap = 1000000 (custom)
2020-12-04 06:02:34,160 [pool-698-thread-1] INFO  metrics.RatisMetrics (RatisMetrics.java:lambda$create$0(36)) - Creating Metrics Registry : ratis.log_worker.a8add95f-9482-4e6d-9ba6-8975b33532e8@group-3DE58E84B988
2020-12-04 06:02:34,160 [pool-698-thread-1] INFO  server.RaftServerConfigKeys (ConfUtils.java:logGet(44)) - raft.server.log.appender.buffer.byte-limit = 33554432 (custom)
2020-12-04 06:02:34,160 [pool-698-thread-1] INFO  server.RaftServerConfigKeys (ConfUtils.java:logGet(44)) - raft.server.log.segment.size.max = 1048576 (custom)
2020-12-04 06:02:34,161 [pool-698-thread-1] INFO  server.RaftServerConfigKeys (ConfUtils.java:logGet(44)) - raft.server.log.segment.cache.num.max = 2 (custom)
2020-12-04 06:02:34,161 [pool-698-thread-1] INFO  segmented.SegmentedRaftLogWorker (SegmentedRaftLogWorker.java:<init>(180)) - new a8add95f-9482-4e6d-9ba6-8975b33532e8@group-3DE58E84B988-SegmentedRaftLogWorker for RaftStorage:Storage Directory /github/workspace/mnt/ozone/hadoop-ozone/integration-test/target/test-dir/MiniOzoneClusterImpl-d0e62b51-0f1f-480e-8215-4f24b3183874/datanode-3/data/ratis/b72b0388-0d0b-4ea0-a621-3de58e84b988
2020-12-04 06:02:34,161 [pool-698-thread-1] INFO  server.RaftServerConfigKeys (ConfUtils.java:logGet(44)) - raft.server.log.queue.byte-limit = 2147483647 (custom)
2020-12-04 06:02:34,161 [pool-698-thread-1] INFO  server.RaftServerConfigKeys (ConfUtils.java:logGet(44)) - raft.server.log.queue.element-limit = 1024 (custom)
2020-12-04 06:02:34,161 [pool-698-thread-1] INFO  server.RaftServerConfigKeys (ConfUtils.java:logGet(44)) - raft.server.log.segment.size.max = 1048576 (custom)
2020-12-04 06:02:34,162 [pool-698-thread-1] INFO  server.RaftServerConfigKeys (ConfUtils.java:logGet(44)) - raft.server.log.preallocated.size = 16384 (custom)
2020-12-04 06:02:34,162 [pool-698-thread-1] INFO  server.RaftServerConfigKeys (ConfUtils.java:logGet(44)) - raft.server.log.write.buffer.size = 1048576 (custom)
2020-12-04 06:02:34,162 [pool-698-thread-1] INFO  server.RaftServerConfigKeys (ConfUtils.java:logGet(44)) - raft.server.log.force.sync.num = 128 (default)
2020-12-04 06:02:34,162 [pool-698-thread-1] INFO  server.RaftServerConfigKeys (ConfUtils.java:logGet(44)) - raft.server.log.statemachine.data.sync = true (default)
2020-12-04 06:02:34,162 [pool-698-thread-1] INFO  server.RaftServerConfigKeys (ConfUtils.java:logGet(44)) - raft.server.log.statemachine.data.sync.timeout = 10s (default)
2020-12-04 06:02:34,162 [pool-698-thread-1] INFO  server.RaftServerConfigKeys (ConfUtils.java:logGet(44)) - raft.server.log.statemachine.data.sync.timeout.retry = -1 (default)
2020-12-04 06:02:34,163 [EventQueue-PipelineReportForPipelineReportHandler] INFO  pipeline.PipelineStateManager (PipelineStateManager.java:openPipeline(132)) - Pipeline Pipeline[ Id: b72b0388-0d0b-4ea0-a621-3de58e84b988, Nodes: a8add95f-9482-4e6d-9ba6-8975b33532e8{ip: 172.17.0.2, host: 63638dc2095a, networkLocation: /default-rack, certSerialId: null, persistedOpState: IN_SERVICE, persistedOpStateExpiryEpochSec: 0}, Type:RATIS, Factor:ONE, State:ALLOCATED, leaderId:a8add95f-9482-4e6d-9ba6-8975b33532e8, CreationTimestamp2020-12-04T06:02:31.152Z] moved to OPEN state
2020-12-04 06:02:34,163 [EventQueue-PipelineReportForOneReplicaPipelineSafeModeRule] INFO  safemode.SCMSafeModeManager (SCMSafeModeManager.java:validateSafeModeExitRules(214)) - AtleastOneDatanodeReportedRule rule is successfully validated
2020-12-04 06:02:34,163 [EventQueue-OpenPipelineForHealthyPipelineSafeModeRule] INFO  safemode.SCMSafeModeManager (HealthyPipelineSafeModeRule.java:process(128)) - SCM in safe mode. Healthy pipelines reported count is 0, required healthy pipeline reported count is 1
2020-12-04 06:02:34,164 [pool-698-thread-1] INFO  server.RaftServerConfigKeys (ConfUtils.java:logGet(44)) - raft.server.log.statemachine.data.caching.enabled = true (custom)
2020-12-04 06:02:34,164 [pool-698-thread-1] INFO  segmented.SegmentedRaftLogWorker (SegmentedRaftLogWorker.java:lambda$new$0(129)) - a8add95f-9482-4e6d-9ba6-8975b33532e8@group-3DE58E84B988-SegmentedRaftLogWorker: flushIndex: setUnconditionally 0 -> -1
2020-12-04 06:02:34,164 [pool-698-thread-1] INFO  segmented.SegmentedRaftLogWorker (SegmentedRaftLogWorker.java:lambda$new$0(129)) - a8add95f-9482-4e6d-9ba6-8975b33532e8@group-3DE58E84B988-SegmentedRaftLogWorker: safeCacheEvictIndex: setUnconditionally 0 -> -1
2020-12-04 06:02:34,166 [pool-698-thread-1] INFO  server.RaftServerConfigKeys (ConfUtils.java:logGet(44)) - raft.server.snapshot.auto.trigger.enabled = true (custom)
2020-12-04 06:02:34,166 [pool-698-thread-1] INFO  server.RaftServerConfigKeys (ConfUtils.java:logGet(44)) - raft.server.snapshot.auto.trigger.threshold = 10000 (custom)
2020-12-04 06:02:34,166 [pool-698-thread-1] INFO  server.RaftServerConfigKeys (ConfUtils.java:logGet(44)) - raft.server.snapshot.retention.file.num = 5 (custom)
2020-12-04 06:02:34,166 [pool-698-thread-1] INFO  server.RaftServerConfigKeys (ConfUtils.java:logGet(44)) - raft.server.log.purge.upto.snapshot.index = false (default)
2020-12-04 06:02:34,166 [pool-698-thread-1] INFO  server.RaftServerConfigKeys (ConfUtils.java:logGet(44)) - raft.server.retrycache.expirytime = 600000ms (custom)
2020-12-04 06:02:34,166 [pool-698-thread-1] INFO  metrics.RatisMetrics (RatisMetrics.java:lambda$create$0(36)) - Creating Metrics Registry : ratis.leader_election.a8add95f-9482-4e6d-9ba6-8975b33532e8@group-3DE58E84B988
2020-12-04 06:02:34,167 [pool-698-thread-1] INFO  metrics.RatisMetrics (RatisMetrics.java:lambda$create$0(36)) - Creating Metrics Registry : ratis.server.a8add95f-9482-4e6d-9ba6-8975b33532e8@group-3DE58E84B988
2020-12-04 06:02:34,168 [pool-698-thread-1] INFO  impl.RaftServerImpl (RaftServerImpl.java:start(215)) - a8add95f-9482-4e6d-9ba6-8975b33532e8@group-3DE58E84B988: start as a follower, conf=-1: [a8add95f-9482-4e6d-9ba6-8975b33532e8|rpc:172.17.0.2:44261], old=null
2020-12-04 06:02:34,168 [pool-698-thread-1] INFO  impl.RaftServerImpl (RaftServerImpl.java:setRole(204)) - a8add95f-9482-4e6d-9ba6-8975b33532e8@group-3DE58E84B988: changes role from      null to FOLLOWER at term 0 for startAsFollower
2020-12-04 06:02:34,168 [pool-698-thread-1] INFO  impl.RoleInfo (RoleInfo.java:updateAndGet(143)) - a8add95f-9482-4e6d-9ba6-8975b33532e8: start a8add95f-9482-4e6d-9ba6-8975b33532e8@group-3DE58E84B988-FollowerState
2020-12-04 06:02:34,169 [pool-698-thread-1] INFO  util.JmxRegister (JmxRegister.java:tryRegister(44)) - Successfully registered JMX Bean with object name Ratis:service=RaftServer,group=group-3DE58E84B988,id=a8add95f-9482-4e6d-9ba6-8975b33532e8
2020-12-04 06:02:34,169 [pool-698-thread-1] INFO  metrics.RatisMetrics (RatisMetrics.java:lambda$create$0(36)) - Creating Metrics Registry : ratis.state_machine.a8add95f-9482-4e6d-9ba6-8975b33532e8@group-3DE58E84B988
2020-12-04 06:02:34,170 [Command processor thread] INFO  commandhandler.CreatePipelineCommandHandler (CreatePipelineCommandHandler.java:handle(106)) - Created Pipeline RATIS ONE PipelineID=b72b0388-0d0b-4ea0-a621-3de58e84b988.
2020-12-04 06:02:34,170 [Command processor thread] INFO  impl.RaftServerProxy (RaftServerProxy.java:addNew(93)) - a8add95f-9482-4e6d-9ba6-8975b33532e8: addNew group-F138BF844AFC:[a8add95f-9482-4e6d-9ba6-8975b33532e8|rpc:172.17.0.2:44261, 54498115-28c1-4381-b59e-fdf207a0d628|rpc:172.17.0.2:36069, 3f9b5df4-bd86-4512-adfe-d4a46e1501cb|rpc:172.17.0.2:39957] returns group-F138BF844AFC:java.util.concurrent.CompletableFuture@31061906[Not completed]
2020-12-04 06:02:34,170 [pool-698-thread-1] INFO  impl.RaftServerImpl (RaftServerImpl.java:<init>(121)) - a8add95f-9482-4e6d-9ba6-8975b33532e8: new RaftServerImpl for group-F138BF844AFC:[a8add95f-9482-4e6d-9ba6-8975b33532e8|rpc:172.17.0.2:44261, 54498115-28c1-4381-b59e-fdf207a0d628|rpc:172.17.0.2:36069, 3f9b5df4-bd86-4512-adfe-d4a46e1501cb|rpc:172.17.0.2:39957] with ContainerStateMachine:uninitialized
2020-12-04 06:02:34,171 [pool-698-thread-1] INFO  server.RaftServerConfigKeys (ConfUtils.java:logGet(44)) - raft.server.rpc.timeout.min = 5s (custom)
2020-12-04 06:02:34,171 [pool-698-thread-1] INFO  server.RaftServerConfigKeys (ConfUtils.java:logGet(44)) - raft.server.rpc.timeout.max = 5200ms (custom)
2020-12-04 06:02:34,171 [pool-698-thread-1] INFO  server.RaftServerConfigKeys (ConfUtils.java:logGet(44)) - raft.server.rpc.slowness.timeout = 300000ms (custom)
2020-12-04 06:02:34,171 [pool-698-thread-1] INFO  server.RaftServerConfigKeys (ConfUtils.java:logGet(44)) - raft.server.leaderelection.leader.step-down.wait-time = 10s (default)
2020-12-04 06:02:34,171 [pool-698-thread-1] INFO  server.RaftServerConfigKeys (ConfUtils.java:logGet(44)) - raft.server.sleep.deviation.threshold = 300 (default)
2020-12-04 06:02:34,171 [pool-698-thread-1] INFO  server.RaftServerConfigKeys (ConfUtils.java:logGet(44)) - raft.server.log.appender.install.snapshot.enabled = false (custom)
2020-12-04 06:02:34,171 [pool-698-thread-1] INFO  impl.RaftServerImpl (ServerState.java:<init>(104)) - a8add95f-9482-4e6d-9ba6-8975b33532e8@group-F138BF844AFC: ConfigurationManager, init=-1: [a8add95f-9482-4e6d-9ba6-8975b33532e8|rpc:172.17.0.2:44261, 54498115-28c1-4381-b59e-fdf207a0d628|rpc:172.17.0.2:36069, 3f9b5df4-bd86-4512-adfe-d4a46e1501cb|rpc:172.17.0.2:39957], old=null, confs=<EMPTY_MAP>
2020-12-04 06:02:34,171 [pool-698-thread-1] INFO  server.RaftServerConfigKeys (ConfUtils.java:logGet(44)) - raft.server.storage.dir = [/github/workspace/mnt/ozone/hadoop-ozone/integration-test/target/test-dir/MiniOzoneClusterImpl-d0e62b51-0f1f-480e-8215-4f24b3183874/datanode-3/data/ratis] (custom)
2020-12-04 06:02:34,171 [pool-698-thread-1] INFO  server.RaftServerConfigKeys (ConfUtils.java:logGet(44)) - raft.server.log.corruption.policy = EXCEPTION (default)
2020-12-04 06:02:34,171 [pool-698-thread-1] INFO  storage.RaftStorageDirectory (RaftStorageDirectory.java:analyzeStorage(261)) - The storage directory /github/workspace/mnt/ozone/hadoop-ozone/integration-test/target/test-dir/MiniOzoneClusterImpl-d0e62b51-0f1f-480e-8215-4f24b3183874/datanode-3/data/ratis/f8d9c3ab-5226-4468-a24d-f138bf844afc does not exist. Creating ...
2020-12-04 06:02:34,173 [pool-698-thread-1] INFO  storage.RaftStorageDirectory (RaftStorageDirectory.java:tryLock(343)) - Lock on /github/workspace/mnt/ozone/hadoop-ozone/integration-test/target/test-dir/MiniOzoneClusterImpl-d0e62b51-0f1f-480e-8215-4f24b3183874/datanode-3/data/ratis/f8d9c3ab-5226-4468-a24d-f138bf844afc/in_use.lock acquired by nodename 32520@63638dc2095a
2020-12-04 06:02:34,173 [pool-698-thread-1] INFO  storage.RaftStorage (RaftStorage.java:format(85)) - Storage directory /github/workspace/mnt/ozone/hadoop-ozone/integration-test/target/test-dir/MiniOzoneClusterImpl-d0e62b51-0f1f-480e-8215-4f24b3183874/datanode-3/data/ratis/f8d9c3ab-5226-4468-a24d-f138bf844afc has been successfully formatted.
2020-12-04 06:02:34,174 [pool-698-thread-1] INFO  ratis.ContainerStateMachine (ContainerStateMachine.java:loadSnapshot(225)) - group-F138BF844AFC: The snapshot info is null. Setting the last applied indexto:(t:0, i:~)
2020-12-04 06:02:34,174 [pool-698-thread-1] INFO  server.RaftServerConfigKeys (ConfUtils.java:logGet(44)) - raft.server.notification.no-leader.timeout = 300000ms (custom)
2020-12-04 06:02:34,174 [pool-698-thread-1] INFO  server.RaftServerConfigKeys (ConfUtils.java:logGet(44)) - raft.server.log.use.memory = false (default)
2020-12-04 06:02:34,174 [EventQueue-PipelineReportForOneReplicaPipelineSafeModeRule] INFO  safemode.SCMSafeModeManager (SCMSafeModeManager.java:validateSafeModeExitRules(214)) - AtleastOneDatanodeReportedRule rule is successfully validated
2020-12-04 06:02:34,174 [EventQueue-OpenPipelineForHealthyPipelineSafeModeRule] INFO  safemode.SCMSafeModeManager (HealthyPipelineSafeModeRule.java:process(128)) - SCM in safe mode. Healthy pipelines reported count is 0, required healthy pipeline reported count is 1
2020-12-04 06:02:34,174 [pool-698-thread-1] INFO  server.RaftServerConfigKeys (ConfUtils.java:logGet(44)) - raft.server.log.purge.gap = 1000000 (custom)
2020-12-04 06:02:34,175 [pool-698-thread-1] INFO  metrics.RatisMetrics (RatisMetrics.java:lambda$create$0(36)) - Creating Metrics Registry : ratis.log_worker.a8add95f-9482-4e6d-9ba6-8975b33532e8@group-F138BF844AFC
2020-12-04 06:02:34,175 [pool-698-thread-1] INFO  server.RaftServerConfigKeys (ConfUtils.java:logGet(44)) - raft.server.log.appender.buffer.byte-limit = 33554432 (custom)
2020-12-04 06:02:34,175 [pool-698-thread-1] INFO  server.RaftServerConfigKeys (ConfUtils.java:logGet(44)) - raft.server.log.segment.size.max = 1048576 (custom)
2020-12-04 06:02:34,176 [pool-698-thread-1] INFO  server.RaftServerConfigKeys (ConfUtils.java:logGet(44)) - raft.server.log.segment.cache.num.max = 2 (custom)
2020-12-04 06:02:34,176 [pool-698-thread-1] INFO  segmented.SegmentedRaftLogWorker (SegmentedRaftLogWorker.java:<init>(180)) - new a8add95f-9482-4e6d-9ba6-8975b33532e8@group-F138BF844AFC-SegmentedRaftLogWorker for RaftStorage:Storage Directory /github/workspace/mnt/ozone/hadoop-ozone/integration-test/target/test-dir/MiniOzoneClusterImpl-d0e62b51-0f1f-480e-8215-4f24b3183874/datanode-3/data/ratis/f8d9c3ab-5226-4468-a24d-f138bf844afc
2020-12-04 06:02:34,176 [pool-698-thread-1] INFO  server.RaftServerConfigKeys (ConfUtils.java:logGet(44)) - raft.server.log.queue.byte-limit = 2147483647 (custom)
2020-12-04 06:02:34,176 [pool-698-thread-1] INFO  server.RaftServerConfigKeys (ConfUtils.java:logGet(44)) - raft.server.log.queue.element-limit = 1024 (custom)
2020-12-04 06:02:34,176 [pool-698-thread-1] INFO  server.RaftServerConfigKeys (ConfUtils.java:logGet(44)) - raft.server.log.segment.size.max = 1048576 (custom)
2020-12-04 06:02:34,176 [pool-698-thread-1] INFO  server.RaftServerConfigKeys (ConfUtils.java:logGet(44)) - raft.server.log.preallocated.size = 16384 (custom)
2020-12-04 06:02:34,176 [pool-698-thread-1] INFO  server.RaftServerConfigKeys (ConfUtils.java:logGet(44)) - raft.server.log.write.buffer.size = 1048576 (custom)
2020-12-04 06:02:34,176 [pool-698-thread-1] INFO  server.RaftServerConfigKeys (ConfUtils.java:logGet(44)) - raft.server.log.force.sync.num = 128 (default)
2020-12-04 06:02:34,176 [pool-698-thread-1] INFO  server.RaftServerConfigKeys (ConfUtils.java:logGet(44)) - raft.server.log.statemachine.data.sync = true (default)
2020-12-04 06:02:34,176 [pool-698-thread-1] INFO  server.RaftServerConfigKeys (ConfUtils.java:logGet(44)) - raft.server.log.statemachine.data.sync.timeout = 10s (default)
2020-12-04 06:02:34,176 [pool-698-thread-1] INFO  server.RaftServerConfigKeys (ConfUtils.java:logGet(44)) - raft.server.log.statemachine.data.sync.timeout.retry = -1 (default)
2020-12-04 06:02:34,179 [pool-698-thread-1] INFO  server.RaftServerConfigKeys (ConfUtils.java:logGet(44)) - raft.server.log.statemachine.data.caching.enabled = true (custom)
2020-12-04 06:02:34,179 [pool-698-thread-1] INFO  segmented.SegmentedRaftLogWorker (SegmentedRaftLogWorker.java:lambda$new$0(129)) - a8add95f-9482-4e6d-9ba6-8975b33532e8@group-F138BF844AFC-SegmentedRaftLogWorker: flushIndex: setUnconditionally 0 -> -1
2020-12-04 06:02:34,179 [pool-698-thread-1] INFO  segmented.SegmentedRaftLogWorker (SegmentedRaftLogWorker.java:lambda$new$0(129)) - a8add95f-9482-4e6d-9ba6-8975b33532e8@group-F138BF844AFC-SegmentedRaftLogWorker: safeCacheEvictIndex: setUnconditionally 0 -> -1
2020-12-04 06:02:34,179 [pool-698-thread-1] INFO  server.RaftServerConfigKeys (ConfUtils.java:logGet(44)) - raft.server.snapshot.auto.trigger.enabled = true (custom)
2020-12-04 06:02:34,179 [pool-698-thread-1] INFO  server.RaftServerConfigKeys (ConfUtils.java:logGet(44)) - raft.server.snapshot.auto.trigger.threshold = 10000 (custom)
2020-12-04 06:02:34,179 [pool-698-thread-1] INFO  server.RaftServerConfigKeys (ConfUtils.java:logGet(44)) - raft.server.snapshot.retention.file.num = 5 (custom)
2020-12-04 06:02:34,179 [pool-698-thread-1] INFO  server.RaftServerConfigKeys (ConfUtils.java:logGet(44)) - raft.server.log.purge.upto.snapshot.index = false (default)
2020-12-04 06:02:34,179 [pool-698-thread-1] INFO  server.RaftServerConfigKeys (ConfUtils.java:logGet(44)) - raft.server.retrycache.expirytime = 600000ms (custom)
2020-12-04 06:02:34,180 [pool-698-thread-1] INFO  metrics.RatisMetrics (RatisMetrics.java:lambda$create$0(36)) - Creating Metrics Registry : ratis.leader_election.a8add95f-9482-4e6d-9ba6-8975b33532e8@group-F138BF844AFC
2020-12-04 06:02:34,180 [pool-698-thread-1] INFO  metrics.RatisMetrics (RatisMetrics.java:lambda$create$0(36)) - Creating Metrics Registry : ratis.server.a8add95f-9482-4e6d-9ba6-8975b33532e8@group-F138BF844AFC
2020-12-04 06:02:34,182 [pool-698-thread-1] INFO  impl.RaftServerImpl (RaftServerImpl.java:start(215)) - a8add95f-9482-4e6d-9ba6-8975b33532e8@group-F138BF844AFC: start as a follower, conf=-1: [a8add95f-9482-4e6d-9ba6-8975b33532e8|rpc:172.17.0.2:44261, 54498115-28c1-4381-b59e-fdf207a0d628|rpc:172.17.0.2:36069, 3f9b5df4-bd86-4512-adfe-d4a46e1501cb|rpc:172.17.0.2:39957], old=null
2020-12-04 06:02:34,182 [pool-698-thread-1] INFO  impl.RaftServerImpl (RaftServerImpl.java:setRole(204)) - a8add95f-9482-4e6d-9ba6-8975b33532e8@group-F138BF844AFC: changes role from      null to FOLLOWER at term 0 for startAsFollower
2020-12-04 06:02:34,182 [pool-698-thread-1] INFO  impl.RoleInfo (RoleInfo.java:updateAndGet(143)) - a8add95f-9482-4e6d-9ba6-8975b33532e8: start a8add95f-9482-4e6d-9ba6-8975b33532e8@group-F138BF844AFC-FollowerState
2020-12-04 06:02:34,182 [pool-698-thread-1] INFO  util.JmxRegister (JmxRegister.java:tryRegister(44)) - Successfully registered JMX Bean with object name Ratis:service=RaftServer,group=group-F138BF844AFC,id=a8add95f-9482-4e6d-9ba6-8975b33532e8
2020-12-04 06:02:34,182 [pool-698-thread-1] INFO  metrics.RatisMetrics (RatisMetrics.java:lambda$create$0(36)) - Creating Metrics Registry : ratis.state_machine.a8add95f-9482-4e6d-9ba6-8975b33532e8@group-F138BF844AFC
2020-12-04 06:02:34,184 [Command processor thread] INFO  metrics.RatisMetrics (RatisMetrics.java:lambda$create$0(36)) - Creating Metrics Registry : ratis.client_message_metrics.client-C00B56B490EB->54498115-28c1-4381-b59e-fdf207a0d628
2020-12-04 06:02:34,188 [grpc-default-executor-5] INFO  metrics.RatisMetrics (RatisMetrics.java:lambda$create$0(36)) - Creating Metrics Registry : ratis.server_message_metrics.54498115-28c1-4381-b59e-fdf207a0d628
2020-12-04 06:02:34,189 [grpc-default-executor-5] INFO  impl.RaftServerProxy (RaftServerProxy.java:addNew(93)) - 54498115-28c1-4381-b59e-fdf207a0d628: addNew group-F138BF844AFC:[a8add95f-9482-4e6d-9ba6-8975b33532e8|rpc:172.17.0.2:44261|dataStream:, 54498115-28c1-4381-b59e-fdf207a0d628|rpc:172.17.0.2:36069|dataStream:, 3f9b5df4-bd86-4512-adfe-d4a46e1501cb|rpc:172.17.0.2:39957|dataStream:] returns group-F138BF844AFC:java.util.concurrent.CompletableFuture@25661fa6[Not completed]
2020-12-04 06:02:34,190 [pool-714-thread-1] INFO  impl.RaftServerImpl (RaftServerImpl.java:<init>(121)) - 54498115-28c1-4381-b59e-fdf207a0d628: new RaftServerImpl for group-F138BF844AFC:[a8add95f-9482-4e6d-9ba6-8975b33532e8|rpc:172.17.0.2:44261|dataStream:, 54498115-28c1-4381-b59e-fdf207a0d628|rpc:172.17.0.2:36069|dataStream:, 3f9b5df4-bd86-4512-adfe-d4a46e1501cb|rpc:172.17.0.2:39957|dataStream:] with ContainerStateMachine:uninitialized
2020-12-04 06:02:34,191 [pool-714-thread-1] INFO  server.RaftServerConfigKeys (ConfUtils.java:logGet(44)) - raft.server.rpc.timeout.min = 5s (custom)
2020-12-04 06:02:34,191 [pool-714-thread-1] INFO  server.RaftServerConfigKeys (ConfUtils.java:logGet(44)) - raft.server.rpc.timeout.max = 5200ms (custom)
2020-12-04 06:02:34,191 [pool-714-thread-1] INFO  server.RaftServerConfigKeys (ConfUtils.java:logGet(44)) - raft.server.rpc.slowness.timeout = 300000ms (custom)
2020-12-04 06:02:34,191 [pool-714-thread-1] INFO  server.RaftServerConfigKeys (ConfUtils.java:logGet(44)) - raft.server.leaderelection.leader.step-down.wait-time = 10s (default)
2020-12-04 06:02:34,191 [pool-714-thread-1] INFO  server.RaftServerConfigKeys (ConfUtils.java:logGet(44)) - raft.server.sleep.deviation.threshold = 300 (default)
2020-12-04 06:02:34,191 [pool-714-thread-1] INFO  server.RaftServerConfigKeys (ConfUtils.java:logGet(44)) - raft.server.log.appender.install.snapshot.enabled = false (custom)
2020-12-04 06:02:34,191 [pool-714-thread-1] INFO  impl.RaftServerImpl (ServerState.java:<init>(104)) - 54498115-28c1-4381-b59e-fdf207a0d628@group-F138BF844AFC: ConfigurationManager, init=-1: [a8add95f-9482-4e6d-9ba6-8975b33532e8|rpc:172.17.0.2:44261|dataStream:, 54498115-28c1-4381-b59e-fdf207a0d628|rpc:172.17.0.2:36069|dataStream:, 3f9b5df4-bd86-4512-adfe-d4a46e1501cb|rpc:172.17.0.2:39957|dataStream:], old=null, confs=<EMPTY_MAP>
2020-12-04 06:02:34,191 [pool-714-thread-1] INFO  server.RaftServerConfigKeys (ConfUtils.java:logGet(44)) - raft.server.storage.dir = [/github/workspace/mnt/ozone/hadoop-ozone/integration-test/target/test-dir/MiniOzoneClusterImpl-d0e62b51-0f1f-480e-8215-4f24b3183874/datanode-4/data/ratis] (custom)
2020-12-04 06:02:34,191 [pool-714-thread-1] INFO  server.RaftServerConfigKeys (ConfUtils.java:logGet(44)) - raft.server.log.corruption.policy = EXCEPTION (default)
2020-12-04 06:02:34,191 [pool-714-thread-1] INFO  storage.RaftStorageDirectory (RaftStorageDirectory.java:analyzeStorage(261)) - The storage directory /github/workspace/mnt/ozone/hadoop-ozone/integration-test/target/test-dir/MiniOzoneClusterImpl-d0e62b51-0f1f-480e-8215-4f24b3183874/datanode-4/data/ratis/f8d9c3ab-5226-4468-a24d-f138bf844afc does not exist. Creating ...
2020-12-04 06:02:34,192 [pool-714-thread-1] INFO  storage.RaftStorageDirectory (RaftStorageDirectory.java:tryLock(343)) - Lock on /github/workspace/mnt/ozone/hadoop-ozone/integration-test/target/test-dir/MiniOzoneClusterImpl-d0e62b51-0f1f-480e-8215-4f24b3183874/datanode-4/data/ratis/f8d9c3ab-5226-4468-a24d-f138bf844afc/in_use.lock acquired by nodename 32520@63638dc2095a
2020-12-04 06:02:34,194 [pool-714-thread-1] INFO  storage.RaftStorage (RaftStorage.java:format(85)) - Storage directory /github/workspace/mnt/ozone/hadoop-ozone/integration-test/target/test-dir/MiniOzoneClusterImpl-d0e62b51-0f1f-480e-8215-4f24b3183874/datanode-4/data/ratis/f8d9c3ab-5226-4468-a24d-f138bf844afc has been successfully formatted.
2020-12-04 06:02:34,194 [pool-714-thread-1] INFO  ratis.ContainerStateMachine (ContainerStateMachine.java:loadSnapshot(225)) - group-F138BF844AFC: The snapshot info is null. Setting the last applied indexto:(t:0, i:~)
2020-12-04 06:02:34,194 [pool-714-thread-1] INFO  server.RaftServerConfigKeys (ConfUtils.java:logGet(44)) - raft.server.notification.no-leader.timeout = 300000ms (custom)
2020-12-04 06:02:34,195 [pool-714-thread-1] INFO  server.RaftServerConfigKeys (ConfUtils.java:logGet(44)) - raft.server.log.use.memory = false (default)
2020-12-04 06:02:34,195 [pool-714-thread-1] INFO  server.RaftServerConfigKeys (ConfUtils.java:logGet(44)) - raft.server.log.purge.gap = 1000000 (custom)
2020-12-04 06:02:34,195 [pool-714-thread-1] INFO  metrics.RatisMetrics (RatisMetrics.java:lambda$create$0(36)) - Creating Metrics Registry : ratis.log_worker.54498115-28c1-4381-b59e-fdf207a0d628@group-F138BF844AFC
2020-12-04 06:02:34,195 [pool-714-thread-1] INFO  server.RaftServerConfigKeys (ConfUtils.java:logGet(44)) - raft.server.log.appender.buffer.byte-limit = 33554432 (custom)
2020-12-04 06:02:34,195 [pool-714-thread-1] INFO  server.RaftServerConfigKeys (ConfUtils.java:logGet(44)) - raft.server.log.segment.size.max = 1048576 (custom)
2020-12-04 06:02:34,196 [pool-714-thread-1] INFO  server.RaftServerConfigKeys (ConfUtils.java:logGet(44)) - raft.server.log.segment.cache.num.max = 2 (custom)
2020-12-04 06:02:34,196 [pool-714-thread-1] INFO  segmented.SegmentedRaftLogWorker (SegmentedRaftLogWorker.java:<init>(180)) - new 54498115-28c1-4381-b59e-fdf207a0d628@group-F138BF844AFC-SegmentedRaftLogWorker for RaftStorage:Storage Directory /github/workspace/mnt/ozone/hadoop-ozone/integration-test/target/test-dir/MiniOzoneClusterImpl-d0e62b51-0f1f-480e-8215-4f24b3183874/datanode-4/data/ratis/f8d9c3ab-5226-4468-a24d-f138bf844afc
2020-12-04 06:02:34,196 [pool-714-thread-1] INFO  server.RaftServerConfigKeys (ConfUtils.java:logGet(44)) - raft.server.log.queue.byte-limit = 2147483647 (custom)
2020-12-04 06:02:34,196 [pool-714-thread-1] INFO  server.RaftServerConfigKeys (ConfUtils.java:logGet(44)) - raft.server.log.queue.element-limit = 1024 (custom)
2020-12-04 06:02:34,196 [pool-714-thread-1] INFO  server.RaftServerConfigKeys (ConfUtils.java:logGet(44)) - raft.server.log.segment.size.max = 1048576 (custom)
2020-12-04 06:02:34,196 [pool-714-thread-1] INFO  server.RaftServerConfigKeys (ConfUtils.java:logGet(44)) - raft.server.log.preallocated.size = 16384 (custom)
2020-12-04 06:02:34,196 [pool-714-thread-1] INFO  server.RaftServerConfigKeys (ConfUtils.java:logGet(44)) - raft.server.log.write.buffer.size = 1048576 (custom)
2020-12-04 06:02:34,196 [pool-714-thread-1] INFO  server.RaftServerConfigKeys (ConfUtils.java:logGet(44)) - raft.server.log.force.sync.num = 128 (default)
2020-12-04 06:02:34,196 [pool-714-thread-1] INFO  server.RaftServerConfigKeys (ConfUtils.java:logGet(44)) - raft.server.log.statemachine.data.sync = true (default)
2020-12-04 06:02:34,196 [pool-714-thread-1] INFO  server.RaftServerConfigKeys (ConfUtils.java:logGet(44)) - raft.server.log.statemachine.data.sync.timeout = 10s (default)
2020-12-04 06:02:34,196 [pool-714-thread-1] INFO  server.RaftServerConfigKeys (ConfUtils.java:logGet(44)) - raft.server.log.statemachine.data.sync.timeout.retry = -1 (default)
2020-12-04 06:02:34,197 [EventQueue-PipelineReportForOneReplicaPipelineSafeModeRule] INFO  safemode.SCMSafeModeManager (SCMSafeModeManager.java:validateSafeModeExitRules(214)) - AtleastOneDatanodeReportedRule rule is successfully validated
2020-12-04 06:02:34,198 [pool-714-thread-1] INFO  server.RaftServerConfigKeys (ConfUtils.java:logGet(44)) - raft.server.log.statemachine.data.caching.enabled = true (custom)
2020-12-04 06:02:34,198 [pool-714-thread-1] INFO  segmented.SegmentedRaftLogWorker (SegmentedRaftLogWorker.java:lambda$new$0(129)) - 54498115-28c1-4381-b59e-fdf207a0d628@group-F138BF844AFC-SegmentedRaftLogWorker: flushIndex: setUnconditionally 0 -> -1
2020-12-04 06:02:34,199 [pool-714-thread-1] INFO  segmented.SegmentedRaftLogWorker (SegmentedRaftLogWorker.java:lambda$new$0(129)) - 54498115-28c1-4381-b59e-fdf207a0d628@group-F138BF844AFC-SegmentedRaftLogWorker: safeCacheEvictIndex: setUnconditionally 0 -> -1
2020-12-04 06:02:34,199 [pool-714-thread-1] INFO  server.RaftServerConfigKeys (ConfUtils.java:logGet(44)) - raft.server.snapshot.auto.trigger.enabled = true (custom)
2020-12-04 06:02:34,199 [pool-714-thread-1] INFO  server.RaftServerConfigKeys (ConfUtils.java:logGet(44)) - raft.server.snapshot.auto.trigger.threshold = 10000 (custom)
2020-12-04 06:02:34,199 [pool-714-thread-1] INFO  server.RaftServerConfigKeys (ConfUtils.java:logGet(44)) - raft.server.snapshot.retention.file.num = 5 (custom)
2020-12-04 06:02:34,199 [pool-714-thread-1] INFO  server.RaftServerConfigKeys (ConfUtils.java:logGet(44)) - raft.server.log.purge.upto.snapshot.index = false (default)
2020-12-04 06:02:34,199 [pool-714-thread-1] INFO  server.RaftServerConfigKeys (ConfUtils.java:logGet(44)) - raft.server.retrycache.expirytime = 600000ms (custom)
2020-12-04 06:02:34,199 [pool-714-thread-1] INFO  metrics.RatisMetrics (RatisMetrics.java:lambda$create$0(36)) - Creating Metrics Registry : ratis.leader_election.54498115-28c1-4381-b59e-fdf207a0d628@group-F138BF844AFC
2020-12-04 06:02:34,200 [pool-714-thread-1] INFO  metrics.RatisMetrics (RatisMetrics.java:lambda$create$0(36)) - Creating Metrics Registry : ratis.server.54498115-28c1-4381-b59e-fdf207a0d628@group-F138BF844AFC
2020-12-04 06:02:34,201 [pool-714-thread-1] INFO  impl.RaftServerImpl (RaftServerImpl.java:start(215)) - 54498115-28c1-4381-b59e-fdf207a0d628@group-F138BF844AFC: start as a follower, conf=-1: [a8add95f-9482-4e6d-9ba6-8975b33532e8|rpc:172.17.0.2:44261|dataStream:, 54498115-28c1-4381-b59e-fdf207a0d628|rpc:172.17.0.2:36069|dataStream:, 3f9b5df4-bd86-4512-adfe-d4a46e1501cb|rpc:172.17.0.2:39957|dataStream:], old=null
2020-12-04 06:02:34,201 [pool-714-thread-1] INFO  impl.RaftServerImpl (RaftServerImpl.java:setRole(204)) - 54498115-28c1-4381-b59e-fdf207a0d628@group-F138BF844AFC: changes role from      null to FOLLOWER at term 0 for startAsFollower
2020-12-04 06:02:34,201 [pool-714-thread-1] INFO  impl.RoleInfo (RoleInfo.java:updateAndGet(143)) - 54498115-28c1-4381-b59e-fdf207a0d628: start 54498115-28c1-4381-b59e-fdf207a0d628@group-F138BF844AFC-FollowerState
2020-12-04 06:02:34,202 [pool-714-thread-1] INFO  util.JmxRegister (JmxRegister.java:tryRegister(44)) - Successfully registered JMX Bean with object name Ratis:service=RaftServer,group=group-F138BF844AFC,id=54498115-28c1-4381-b59e-fdf207a0d628
2020-12-04 06:02:34,202 [pool-714-thread-1] INFO  metrics.RatisMetrics (RatisMetrics.java:lambda$create$0(36)) - Creating Metrics Registry : ratis.state_machine.54498115-28c1-4381-b59e-fdf207a0d628@group-F138BF844AFC
2020-12-04 06:02:34,209 [Command processor thread] INFO  metrics.RatisMetrics (RatisMetrics.java:lambda$create$0(36)) - Creating Metrics Registry : ratis.client_message_metrics.client-113C7E545920->3f9b5df4-bd86-4512-adfe-d4a46e1501cb
2020-12-04 06:02:34,213 [grpc-default-executor-5] INFO  metrics.RatisMetrics (RatisMetrics.java:lambda$create$0(36)) - Creating Metrics Registry : ratis.server_message_metrics.3f9b5df4-bd86-4512-adfe-d4a46e1501cb
2020-12-04 06:02:34,214 [grpc-default-executor-5] INFO  impl.RaftServerProxy (RaftServerProxy.java:addNew(93)) - 3f9b5df4-bd86-4512-adfe-d4a46e1501cb: addNew group-F138BF844AFC:[a8add95f-9482-4e6d-9ba6-8975b33532e8|rpc:172.17.0.2:44261|dataStream:, 54498115-28c1-4381-b59e-fdf207a0d628|rpc:172.17.0.2:36069|dataStream:, 3f9b5df4-bd86-4512-adfe-d4a46e1501cb|rpc:172.17.0.2:39957|dataStream:] returns group-F138BF844AFC:java.util.concurrent.CompletableFuture@1c11ea63[Not completed]
2020-12-04 06:02:34,215 [pool-730-thread-1] INFO  impl.RaftServerImpl (RaftServerImpl.java:<init>(121)) - 3f9b5df4-bd86-4512-adfe-d4a46e1501cb: new RaftServerImpl for group-F138BF844AFC:[a8add95f-9482-4e6d-9ba6-8975b33532e8|rpc:172.17.0.2:44261|dataStream:, 54498115-28c1-4381-b59e-fdf207a0d628|rpc:172.17.0.2:36069|dataStream:, 3f9b5df4-bd86-4512-adfe-d4a46e1501cb|rpc:172.17.0.2:39957|dataStream:] with ContainerStateMachine:uninitialized
2020-12-04 06:02:34,215 [pool-730-thread-1] INFO  server.RaftServerConfigKeys (ConfUtils.java:logGet(44)) - raft.server.rpc.timeout.min = 5s (custom)
2020-12-04 06:02:34,215 [pool-730-thread-1] INFO  server.RaftServerConfigKeys (ConfUtils.java:logGet(44)) - raft.server.rpc.timeout.max = 5200ms (custom)
2020-12-04 06:02:34,215 [pool-730-thread-1] INFO  server.RaftServerConfigKeys (ConfUtils.java:logGet(44)) - raft.server.rpc.slowness.timeout = 300000ms (custom)
2020-12-04 06:02:34,215 [pool-730-thread-1] INFO  server.RaftServerConfigKeys (ConfUtils.java:logGet(44)) - raft.server.leaderelection.leader.step-down.wait-time = 10s (default)
2020-12-04 06:02:34,215 [pool-730-thread-1] INFO  server.RaftServerConfigKeys (ConfUtils.java:logGet(44)) - raft.server.sleep.deviation.threshold = 300 (default)
2020-12-04 06:02:34,216 [pool-730-thread-1] INFO  server.RaftServerConfigKeys (ConfUtils.java:logGet(44)) - raft.server.log.appender.install.snapshot.enabled = false (custom)
2020-12-04 06:02:34,216 [pool-730-thread-1] INFO  impl.RaftServerImpl (ServerState.java:<init>(104)) - 3f9b5df4-bd86-4512-adfe-d4a46e1501cb@group-F138BF844AFC: ConfigurationManager, init=-1: [a8add95f-9482-4e6d-9ba6-8975b33532e8|rpc:172.17.0.2:44261|dataStream:, 54498115-28c1-4381-b59e-fdf207a0d628|rpc:172.17.0.2:36069|dataStream:, 3f9b5df4-bd86-4512-adfe-d4a46e1501cb|rpc:172.17.0.2:39957|dataStream:], old=null, confs=<EMPTY_MAP>
2020-12-04 06:02:34,216 [pool-730-thread-1] INFO  server.RaftServerConfigKeys (ConfUtils.java:logGet(44)) - raft.server.storage.dir = [/github/workspace/mnt/ozone/hadoop-ozone/integration-test/target/test-dir/MiniOzoneClusterImpl-d0e62b51-0f1f-480e-8215-4f24b3183874/datanode-5/data/ratis] (custom)
2020-12-04 06:02:34,216 [pool-730-thread-1] INFO  server.RaftServerConfigKeys (ConfUtils.java:logGet(44)) - raft.server.log.corruption.policy = EXCEPTION (default)
2020-12-04 06:02:34,216 [pool-730-thread-1] INFO  storage.RaftStorageDirectory (RaftStorageDirectory.java:analyzeStorage(261)) - The storage directory /github/workspace/mnt/ozone/hadoop-ozone/integration-test/target/test-dir/MiniOzoneClusterImpl-d0e62b51-0f1f-480e-8215-4f24b3183874/datanode-5/data/ratis/f8d9c3ab-5226-4468-a24d-f138bf844afc does not exist. Creating ...
2020-12-04 06:02:34,217 [pool-730-thread-1] INFO  storage.RaftStorageDirectory (RaftStorageDirectory.java:tryLock(343)) - Lock on /github/workspace/mnt/ozone/hadoop-ozone/integration-test/target/test-dir/MiniOzoneClusterImpl-d0e62b51-0f1f-480e-8215-4f24b3183874/datanode-5/data/ratis/f8d9c3ab-5226-4468-a24d-f138bf844afc/in_use.lock acquired by nodename 32520@63638dc2095a
2020-12-04 06:02:34,219 [pool-730-thread-1] INFO  storage.RaftStorage (RaftStorage.java:format(85)) - Storage directory /github/workspace/mnt/ozone/hadoop-ozone/integration-test/target/test-dir/MiniOzoneClusterImpl-d0e62b51-0f1f-480e-8215-4f24b3183874/datanode-5/data/ratis/f8d9c3ab-5226-4468-a24d-f138bf844afc has been successfully formatted.
2020-12-04 06:02:34,220 [pool-730-thread-1] INFO  ratis.ContainerStateMachine (ContainerStateMachine.java:loadSnapshot(225)) - group-F138BF844AFC: The snapshot info is null. Setting the last applied indexto:(t:0, i:~)
2020-12-04 06:02:34,220 [pool-730-thread-1] INFO  server.RaftServerConfigKeys (ConfUtils.java:logGet(44)) - raft.server.notification.no-leader.timeout = 300000ms (custom)
2020-12-04 06:02:34,220 [pool-730-thread-1] INFO  server.RaftServerConfigKeys (ConfUtils.java:logGet(44)) - raft.server.log.use.memory = false (default)
2020-12-04 06:02:34,220 [EventQueue-PipelineReportForOneReplicaPipelineSafeModeRule] INFO  safemode.SCMSafeModeManager (SCMSafeModeManager.java:validateSafeModeExitRules(214)) - AtleastOneDatanodeReportedRule rule is successfully validated
2020-12-04 06:02:34,220 [pool-730-thread-1] INFO  server.RaftServerConfigKeys (ConfUtils.java:logGet(44)) - raft.server.log.purge.gap = 1000000 (custom)
2020-12-04 06:02:34,221 [pool-730-thread-1] INFO  metrics.RatisMetrics (RatisMetrics.java:lambda$create$0(36)) - Creating Metrics Registry : ratis.log_worker.3f9b5df4-bd86-4512-adfe-d4a46e1501cb@group-F138BF844AFC
2020-12-04 06:02:34,221 [pool-730-thread-1] INFO  server.RaftServerConfigKeys (ConfUtils.java:logGet(44)) - raft.server.log.appender.buffer.byte-limit = 33554432 (custom)
2020-12-04 06:02:34,221 [pool-730-thread-1] INFO  server.RaftServerConfigKeys (ConfUtils.java:logGet(44)) - raft.server.log.segment.size.max = 1048576 (custom)
2020-12-04 06:02:34,223 [pool-730-thread-1] INFO  server.RaftServerConfigKeys (ConfUtils.java:logGet(44)) - raft.server.log.segment.cache.num.max = 2 (custom)
2020-12-04 06:02:34,223 [pool-730-thread-1] INFO  segmented.SegmentedRaftLogWorker (SegmentedRaftLogWorker.java:<init>(180)) - new 3f9b5df4-bd86-4512-adfe-d4a46e1501cb@group-F138BF844AFC-SegmentedRaftLogWorker for RaftStorage:Storage Directory /github/workspace/mnt/ozone/hadoop-ozone/integration-test/target/test-dir/MiniOzoneClusterImpl-d0e62b51-0f1f-480e-8215-4f24b3183874/datanode-5/data/ratis/f8d9c3ab-5226-4468-a24d-f138bf844afc
2020-12-04 06:02:34,224 [pool-730-thread-1] INFO  server.RaftServerConfigKeys (ConfUtils.java:logGet(44)) - raft.server.log.queue.byte-limit = 2147483647 (custom)
2020-12-04 06:02:34,224 [pool-730-thread-1] INFO  server.RaftServerConfigKeys (ConfUtils.java:logGet(44)) - raft.server.log.queue.element-limit = 1024 (custom)
2020-12-04 06:02:34,224 [pool-730-thread-1] INFO  server.RaftServerConfigKeys (ConfUtils.java:logGet(44)) - raft.server.log.segment.size.max = 1048576 (custom)
2020-12-04 06:02:34,224 [pool-730-thread-1] INFO  server.RaftServerConfigKeys (ConfUtils.java:logGet(44)) - raft.server.log.preallocated.size = 16384 (custom)
2020-12-04 06:02:34,224 [pool-730-thread-1] INFO  server.RaftServerConfigKeys (ConfUtils.java:logGet(44)) - raft.server.log.write.buffer.size = 1048576 (custom)
2020-12-04 06:02:34,224 [pool-730-thread-1] INFO  server.RaftServerConfigKeys (ConfUtils.java:logGet(44)) - raft.server.log.force.sync.num = 128 (default)
2020-12-04 06:02:34,224 [pool-730-thread-1] INFO  server.RaftServerConfigKeys (ConfUtils.java:logGet(44)) - raft.server.log.statemachine.data.sync = true (default)
2020-12-04 06:02:34,224 [pool-730-thread-1] INFO  server.RaftServerConfigKeys (ConfUtils.java:logGet(44)) - raft.server.log.statemachine.data.sync.timeout = 10s (default)
2020-12-04 06:02:34,224 [pool-730-thread-1] INFO  server.RaftServerConfigKeys (ConfUtils.java:logGet(44)) - raft.server.log.statemachine.data.sync.timeout.retry = -1 (default)
2020-12-04 06:02:34,226 [pool-730-thread-1] INFO  server.RaftServerConfigKeys (ConfUtils.java:logGet(44)) - raft.server.log.statemachine.data.caching.enabled = true (custom)
2020-12-04 06:02:34,226 [pool-730-thread-1] INFO  segmented.SegmentedRaftLogWorker (SegmentedRaftLogWorker.java:lambda$new$0(129)) - 3f9b5df4-bd86-4512-adfe-d4a46e1501cb@group-F138BF844AFC-SegmentedRaftLogWorker: flushIndex: setUnconditionally 0 -> -1
2020-12-04 06:02:34,226 [pool-730-thread-1] INFO  segmented.SegmentedRaftLogWorker (SegmentedRaftLogWorker.java:lambda$new$0(129)) - 3f9b5df4-bd86-4512-adfe-d4a46e1501cb@group-F138BF844AFC-SegmentedRaftLogWorker: safeCacheEvictIndex: setUnconditionally 0 -> -1
2020-12-04 06:02:34,227 [pool-730-thread-1] INFO  server.RaftServerConfigKeys (ConfUtils.java:logGet(44)) - raft.server.snapshot.auto.trigger.enabled = true (custom)
2020-12-04 06:02:34,227 [pool-730-thread-1] INFO  server.RaftServerConfigKeys (ConfUtils.java:logGet(44)) - raft.server.snapshot.auto.trigger.threshold = 10000 (custom)
2020-12-04 06:02:34,227 [pool-730-thread-1] INFO  server.RaftServerConfigKeys (ConfUtils.java:logGet(44)) - raft.server.snapshot.retention.file.num = 5 (custom)
2020-12-04 06:02:34,227 [pool-730-thread-1] INFO  server.RaftServerConfigKeys (ConfUtils.java:logGet(44)) - raft.server.log.purge.upto.snapshot.index = false (default)
2020-12-04 06:02:34,227 [pool-730-thread-1] INFO  server.RaftServerConfigKeys (ConfUtils.java:logGet(44)) - raft.server.retrycache.expirytime = 600000ms (custom)
2020-12-04 06:02:34,227 [pool-730-thread-1] INFO  metrics.RatisMetrics (RatisMetrics.java:lambda$create$0(36)) - Creating Metrics Registry : ratis.leader_election.3f9b5df4-bd86-4512-adfe-d4a46e1501cb@group-F138BF844AFC
2020-12-04 06:02:34,228 [pool-730-thread-1] INFO  metrics.RatisMetrics (RatisMetrics.java:lambda$create$0(36)) - Creating Metrics Registry : ratis.server.3f9b5df4-bd86-4512-adfe-d4a46e1501cb@group-F138BF844AFC
2020-12-04 06:02:34,229 [pool-730-thread-1] INFO  impl.RaftServerImpl (RaftServerImpl.java:start(215)) - 3f9b5df4-bd86-4512-adfe-d4a46e1501cb@group-F138BF844AFC: start as a follower, conf=-1: [a8add95f-9482-4e6d-9ba6-8975b33532e8|rpc:172.17.0.2:44261|dataStream:, 54498115-28c1-4381-b59e-fdf207a0d628|rpc:172.17.0.2:36069|dataStream:, 3f9b5df4-bd86-4512-adfe-d4a46e1501cb|rpc:172.17.0.2:39957|dataStream:], old=null
2020-12-04 06:02:34,229 [pool-730-thread-1] INFO  impl.RaftServerImpl (RaftServerImpl.java:setRole(204)) - 3f9b5df4-bd86-4512-adfe-d4a46e1501cb@group-F138BF844AFC: changes role from      null to FOLLOWER at term 0 for startAsFollower
2020-12-04 06:02:34,229 [pool-730-thread-1] INFO  impl.RoleInfo (RoleInfo.java:updateAndGet(143)) - 3f9b5df4-bd86-4512-adfe-d4a46e1501cb: start 3f9b5df4-bd86-4512-adfe-d4a46e1501cb@group-F138BF844AFC-FollowerState
2020-12-04 06:02:34,229 [pool-730-thread-1] INFO  util.JmxRegister (JmxRegister.java:tryRegister(44)) - Successfully registered JMX Bean with object name Ratis:service=RaftServer,group=group-F138BF844AFC,id=3f9b5df4-bd86-4512-adfe-d4a46e1501cb
2020-12-04 06:02:34,229 [pool-730-thread-1] INFO  metrics.RatisMetrics (RatisMetrics.java:lambda$create$0(36)) - Creating Metrics Registry : ratis.state_machine.3f9b5df4-bd86-4512-adfe-d4a46e1501cb@group-F138BF844AFC
2020-12-04 06:02:34,233 [Command processor thread] INFO  commandhandler.CreatePipelineCommandHandler (CreatePipelineCommandHandler.java:handle(106)) - Created Pipeline RATIS THREE PipelineID=f8d9c3ab-5226-4468-a24d-f138bf844afc.
2020-12-04 06:02:34,234 [Command processor thread] INFO  impl.RaftServerProxy (RaftServerProxy.java:addNew(93)) - a8add95f-9482-4e6d-9ba6-8975b33532e8: addNew group-58FB4A3DE172:[a8add95f-9482-4e6d-9ba6-8975b33532e8|rpc:172.17.0.2:44261, 54498115-28c1-4381-b59e-fdf207a0d628|rpc:172.17.0.2:36069, 3f9b5df4-bd86-4512-adfe-d4a46e1501cb|rpc:172.17.0.2:39957] returns group-58FB4A3DE172:java.util.concurrent.CompletableFuture@401d5923[Not completed]
2020-12-04 06:02:34,234 [pool-698-thread-1] INFO  impl.RaftServerImpl (RaftServerImpl.java:<init>(121)) - a8add95f-9482-4e6d-9ba6-8975b33532e8: new RaftServerImpl for group-58FB4A3DE172:[a8add95f-9482-4e6d-9ba6-8975b33532e8|rpc:172.17.0.2:44261, 54498115-28c1-4381-b59e-fdf207a0d628|rpc:172.17.0.2:36069, 3f9b5df4-bd86-4512-adfe-d4a46e1501cb|rpc:172.17.0.2:39957] with ContainerStateMachine:uninitialized
2020-12-04 06:02:34,234 [pool-698-thread-1] INFO  server.RaftServerConfigKeys (ConfUtils.java:logGet(44)) - raft.server.rpc.timeout.min = 5s (custom)
2020-12-04 06:02:34,234 [pool-698-thread-1] INFO  server.RaftServerConfigKeys (ConfUtils.java:logGet(44)) - raft.server.rpc.timeout.max = 5200ms (custom)
2020-12-04 06:02:34,234 [pool-698-thread-1] INFO  server.RaftServerConfigKeys (ConfUtils.java:logGet(44)) - raft.server.rpc.slowness.timeout = 300000ms (custom)
2020-12-04 06:02:34,234 [pool-698-thread-1] INFO  server.RaftServerConfigKeys (ConfUtils.java:logGet(44)) - raft.server.leaderelection.leader.step-down.wait-time = 10s (default)
2020-12-04 06:02:34,234 [pool-698-thread-1] INFO  server.RaftServerConfigKeys (ConfUtils.java:logGet(44)) - raft.server.sleep.deviation.threshold = 300 (default)
2020-12-04 06:02:34,234 [pool-698-thread-1] INFO  server.RaftServerConfigKeys (ConfUtils.java:logGet(44)) - raft.server.log.appender.install.snapshot.enabled = false (custom)
2020-12-04 06:02:34,234 [pool-698-thread-1] INFO  impl.RaftServerImpl (ServerState.java:<init>(104)) - a8add95f-9482-4e6d-9ba6-8975b33532e8@group-58FB4A3DE172: ConfigurationManager, init=-1: [a8add95f-9482-4e6d-9ba6-8975b33532e8|rpc:172.17.0.2:44261, 54498115-28c1-4381-b59e-fdf207a0d628|rpc:172.17.0.2:36069, 3f9b5df4-bd86-4512-adfe-d4a46e1501cb|rpc:172.17.0.2:39957], old=null, confs=<EMPTY_MAP>
2020-12-04 06:02:34,234 [pool-698-thread-1] INFO  server.RaftServerConfigKeys (ConfUtils.java:logGet(44)) - raft.server.storage.dir = [/github/workspace/mnt/ozone/hadoop-ozone/integration-test/target/test-dir/MiniOzoneClusterImpl-d0e62b51-0f1f-480e-8215-4f24b3183874/datanode-3/data/ratis] (custom)
2020-12-04 06:02:34,235 [pool-698-thread-1] INFO  server.RaftServerConfigKeys (ConfUtils.java:logGet(44)) - raft.server.log.corruption.policy = EXCEPTION (default)
2020-12-04 06:02:34,235 [pool-698-thread-1] INFO  storage.RaftStorageDirectory (RaftStorageDirectory.java:analyzeStorage(261)) - The storage directory /github/workspace/mnt/ozone/hadoop-ozone/integration-test/target/test-dir/MiniOzoneClusterImpl-d0e62b51-0f1f-480e-8215-4f24b3183874/datanode-3/data/ratis/fc22b5ed-d321-449c-8c10-58fb4a3de172 does not exist. Creating ...
2020-12-04 06:02:34,236 [pool-698-thread-1] INFO  storage.RaftStorageDirectory (RaftStorageDirectory.java:tryLock(343)) - Lock on /github/workspace/mnt/ozone/hadoop-ozone/integration-test/target/test-dir/MiniOzoneClusterImpl-d0e62b51-0f1f-480e-8215-4f24b3183874/datanode-3/data/ratis/fc22b5ed-d321-449c-8c10-58fb4a3de172/in_use.lock acquired by nodename 32520@63638dc2095a
2020-12-04 06:02:34,237 [pool-698-thread-1] INFO  storage.RaftStorage (RaftStorage.java:format(85)) - Storage directory /github/workspace/mnt/ozone/hadoop-ozone/integration-test/target/test-dir/MiniOzoneClusterImpl-d0e62b51-0f1f-480e-8215-4f24b3183874/datanode-3/data/ratis/fc22b5ed-d321-449c-8c10-58fb4a3de172 has been successfully formatted.
2020-12-04 06:02:34,237 [pool-698-thread-1] INFO  ratis.ContainerStateMachine (ContainerStateMachine.java:loadSnapshot(225)) - group-58FB4A3DE172: The snapshot info is null. Setting the last applied indexto:(t:0, i:~)
2020-12-04 06:02:34,237 [pool-698-thread-1] INFO  server.RaftServerConfigKeys (ConfUtils.java:logGet(44)) - raft.server.notification.no-leader.timeout = 300000ms (custom)
2020-12-04 06:02:34,237 [pool-698-thread-1] INFO  server.RaftServerConfigKeys (ConfUtils.java:logGet(44)) - raft.server.log.use.memory = false (default)
2020-12-04 06:02:34,237 [pool-698-thread-1] INFO  server.RaftServerConfigKeys (ConfUtils.java:logGet(44)) - raft.server.log.purge.gap = 1000000 (custom)
2020-12-04 06:02:34,237 [pool-698-thread-1] INFO  metrics.RatisMetrics (RatisMetrics.java:lambda$create$0(36)) - Creating Metrics Registry : ratis.log_worker.a8add95f-9482-4e6d-9ba6-8975b33532e8@group-58FB4A3DE172
2020-12-04 06:02:34,238 [EventQueue-PipelineReportForOneReplicaPipelineSafeModeRule] INFO  safemode.SCMSafeModeManager (SCMSafeModeManager.java:validateSafeModeExitRules(214)) - AtleastOneDatanodeReportedRule rule is successfully validated
2020-12-04 06:02:34,238 [EventQueue-OpenPipelineForHealthyPipelineSafeModeRule] INFO  safemode.SCMSafeModeManager (HealthyPipelineSafeModeRule.java:process(128)) - SCM in safe mode. Healthy pipelines reported count is 0, required healthy pipeline reported count is 1
2020-12-04 06:02:34,238 [pool-698-thread-1] INFO  server.RaftServerConfigKeys (ConfUtils.java:logGet(44)) - raft.server.log.appender.buffer.byte-limit = 33554432 (custom)
2020-12-04 06:02:34,238 [pool-698-thread-1] INFO  server.RaftServerConfigKeys (ConfUtils.java:logGet(44)) - raft.server.log.segment.size.max = 1048576 (custom)
2020-12-04 06:02:34,239 [pool-698-thread-1] INFO  server.RaftServerConfigKeys (ConfUtils.java:logGet(44)) - raft.server.log.segment.cache.num.max = 2 (custom)
2020-12-04 06:02:34,239 [pool-698-thread-1] INFO  segmented.SegmentedRaftLogWorker (SegmentedRaftLogWorker.java:<init>(180)) - new a8add95f-9482-4e6d-9ba6-8975b33532e8@group-58FB4A3DE172-SegmentedRaftLogWorker for RaftStorage:Storage Directory /github/workspace/mnt/ozone/hadoop-ozone/integration-test/target/test-dir/MiniOzoneClusterImpl-d0e62b51-0f1f-480e-8215-4f24b3183874/datanode-3/data/ratis/fc22b5ed-d321-449c-8c10-58fb4a3de172
2020-12-04 06:02:34,239 [pool-698-thread-1] INFO  server.RaftServerConfigKeys (ConfUtils.java:logGet(44)) - raft.server.log.queue.byte-limit = 2147483647 (custom)
2020-12-04 06:02:34,239 [pool-698-thread-1] INFO  server.RaftServerConfigKeys (ConfUtils.java:logGet(44)) - raft.server.log.queue.element-limit = 1024 (custom)
2020-12-04 06:02:34,239 [pool-698-thread-1] INFO  server.RaftServerConfigKeys (ConfUtils.java:logGet(44)) - raft.server.log.segment.size.max = 1048576 (custom)
2020-12-04 06:02:34,239 [pool-698-thread-1] INFO  server.RaftServerConfigKeys (ConfUtils.java:logGet(44)) - raft.server.log.preallocated.size = 16384 (custom)
2020-12-04 06:02:34,239 [pool-698-thread-1] INFO  server.RaftServerConfigKeys (ConfUtils.java:logGet(44)) - raft.server.log.write.buffer.size = 1048576 (custom)
2020-12-04 06:02:34,239 [pool-698-thread-1] INFO  server.RaftServerConfigKeys (ConfUtils.java:logGet(44)) - raft.server.log.force.sync.num = 128 (default)
2020-12-04 06:02:34,239 [pool-698-thread-1] INFO  server.RaftServerConfigKeys (ConfUtils.java:logGet(44)) - raft.server.log.statemachine.data.sync = true (default)
2020-12-04 06:02:34,239 [pool-698-thread-1] INFO  server.RaftServerConfigKeys (ConfUtils.java:logGet(44)) - raft.server.log.statemachine.data.sync.timeout = 10s (default)
2020-12-04 06:02:34,239 [pool-698-thread-1] INFO  server.RaftServerConfigKeys (ConfUtils.java:logGet(44)) - raft.server.log.statemachine.data.sync.timeout.retry = -1 (default)
2020-12-04 06:02:34,241 [pool-698-thread-1] INFO  server.RaftServerConfigKeys (ConfUtils.java:logGet(44)) - raft.server.log.statemachine.data.caching.enabled = true (custom)
2020-12-04 06:02:34,242 [pool-698-thread-1] INFO  segmented.SegmentedRaftLogWorker (SegmentedRaftLogWorker.java:lambda$new$0(129)) - a8add95f-9482-4e6d-9ba6-8975b33532e8@group-58FB4A3DE172-SegmentedRaftLogWorker: flushIndex: setUnconditionally 0 -> -1
2020-12-04 06:02:34,242 [pool-698-thread-1] INFO  segmented.SegmentedRaftLogWorker (SegmentedRaftLogWorker.java:lambda$new$0(129)) - a8add95f-9482-4e6d-9ba6-8975b33532e8@group-58FB4A3DE172-SegmentedRaftLogWorker: safeCacheEvictIndex: setUnconditionally 0 -> -1
2020-12-04 06:02:34,242 [pool-698-thread-1] INFO  server.RaftServerConfigKeys (ConfUtils.java:logGet(44)) - raft.server.snapshot.auto.trigger.enabled = true (custom)
2020-12-04 06:02:34,242 [pool-698-thread-1] INFO  server.RaftServerConfigKeys (ConfUtils.java:logGet(44)) - raft.server.snapshot.auto.trigger.threshold = 10000 (custom)
2020-12-04 06:02:34,242 [pool-698-thread-1] INFO  server.RaftServerConfigKeys (ConfUtils.java:logGet(44)) - raft.server.snapshot.retention.file.num = 5 (custom)
2020-12-04 06:02:34,242 [pool-698-thread-1] INFO  server.RaftServerConfigKeys (ConfUtils.java:logGet(44)) - raft.server.log.purge.upto.snapshot.index = false (default)
2020-12-04 06:02:34,242 [pool-698-thread-1] INFO  server.RaftServerConfigKeys (ConfUtils.java:logGet(44)) - raft.server.retrycache.expirytime = 600000ms (custom)
2020-12-04 06:02:34,242 [pool-698-thread-1] INFO  metrics.RatisMetrics (RatisMetrics.java:lambda$create$0(36)) - Creating Metrics Registry : ratis.leader_election.a8add95f-9482-4e6d-9ba6-8975b33532e8@group-58FB4A3DE172
2020-12-04 06:02:34,243 [pool-698-thread-1] INFO  metrics.RatisMetrics (RatisMetrics.java:lambda$create$0(36)) - Creating Metrics Registry : ratis.server.a8add95f-9482-4e6d-9ba6-8975b33532e8@group-58FB4A3DE172
2020-12-04 06:02:34,244 [pool-698-thread-1] INFO  impl.RaftServerImpl (RaftServerImpl.java:start(215)) - a8add95f-9482-4e6d-9ba6-8975b33532e8@group-58FB4A3DE172: start as a follower, conf=-1: [a8add95f-9482-4e6d-9ba6-8975b33532e8|rpc:172.17.0.2:44261, 54498115-28c1-4381-b59e-fdf207a0d628|rpc:172.17.0.2:36069, 3f9b5df4-bd86-4512-adfe-d4a46e1501cb|rpc:172.17.0.2:39957], old=null
2020-12-04 06:02:34,244 [pool-698-thread-1] INFO  impl.RaftServerImpl (RaftServerImpl.java:setRole(204)) - a8add95f-9482-4e6d-9ba6-8975b33532e8@group-58FB4A3DE172: changes role from      null to FOLLOWER at term 0 for startAsFollower
2020-12-04 06:02:34,244 [pool-698-thread-1] INFO  impl.RoleInfo (RoleInfo.java:updateAndGet(143)) - a8add95f-9482-4e6d-9ba6-8975b33532e8: start a8add95f-9482-4e6d-9ba6-8975b33532e8@group-58FB4A3DE172-FollowerState
2020-12-04 06:02:34,245 [pool-698-thread-1] INFO  util.JmxRegister (JmxRegister.java:tryRegister(44)) - Successfully registered JMX Bean with object name Ratis:service=RaftServer,group=group-58FB4A3DE172,id=a8add95f-9482-4e6d-9ba6-8975b33532e8
2020-12-04 06:02:34,245 [pool-698-thread-1] INFO  metrics.RatisMetrics (RatisMetrics.java:lambda$create$0(36)) - Creating Metrics Registry : ratis.state_machine.a8add95f-9482-4e6d-9ba6-8975b33532e8@group-58FB4A3DE172
2020-12-04 06:02:34,246 [Command processor thread] INFO  metrics.RatisMetrics (RatisMetrics.java:lambda$create$0(36)) - Creating Metrics Registry : ratis.client_message_metrics.client-94FACC6783BB->54498115-28c1-4381-b59e-fdf207a0d628
2020-12-04 06:02:34,253 [grpc-default-executor-5] INFO  impl.RaftServerProxy (RaftServerProxy.java:addNew(93)) - 54498115-28c1-4381-b59e-fdf207a0d628: addNew group-58FB4A3DE172:[a8add95f-9482-4e6d-9ba6-8975b33532e8|rpc:172.17.0.2:44261|dataStream:, 54498115-28c1-4381-b59e-fdf207a0d628|rpc:172.17.0.2:36069|dataStream:, 3f9b5df4-bd86-4512-adfe-d4a46e1501cb|rpc:172.17.0.2:39957|dataStream:] returns group-58FB4A3DE172:java.util.concurrent.CompletableFuture@18bc4659[Not completed]
2020-12-04 06:02:34,254 [pool-714-thread-1] INFO  impl.RaftServerImpl (RaftServerImpl.java:<init>(121)) - 54498115-28c1-4381-b59e-fdf207a0d628: new RaftServerImpl for group-58FB4A3DE172:[a8add95f-9482-4e6d-9ba6-8975b33532e8|rpc:172.17.0.2:44261|dataStream:, 54498115-28c1-4381-b59e-fdf207a0d628|rpc:172.17.0.2:36069|dataStream:, 3f9b5df4-bd86-4512-adfe-d4a46e1501cb|rpc:172.17.0.2:39957|dataStream:] with ContainerStateMachine:uninitialized
2020-12-04 06:02:34,254 [pool-714-thread-1] INFO  server.RaftServerConfigKeys (ConfUtils.java:logGet(44)) - raft.server.rpc.timeout.min = 5s (custom)
2020-12-04 06:02:34,254 [pool-714-thread-1] INFO  server.RaftServerConfigKeys (ConfUtils.java:logGet(44)) - raft.server.rpc.timeout.max = 5200ms (custom)
2020-12-04 06:02:34,254 [pool-714-thread-1] INFO  server.RaftServerConfigKeys (ConfUtils.java:logGet(44)) - raft.server.rpc.slowness.timeout = 300000ms (custom)
2020-12-04 06:02:34,254 [pool-714-thread-1] INFO  server.RaftServerConfigKeys (ConfUtils.java:logGet(44)) - raft.server.leaderelection.leader.step-down.wait-time = 10s (default)
2020-12-04 06:02:34,254 [pool-714-thread-1] INFO  server.RaftServerConfigKeys (ConfUtils.java:logGet(44)) - raft.server.sleep.deviation.threshold = 300 (default)
2020-12-04 06:02:34,254 [pool-714-thread-1] INFO  server.RaftServerConfigKeys (ConfUtils.java:logGet(44)) - raft.server.log.appender.install.snapshot.enabled = false (custom)
2020-12-04 06:02:34,254 [pool-714-thread-1] INFO  impl.RaftServerImpl (ServerState.java:<init>(104)) - 54498115-28c1-4381-b59e-fdf207a0d628@group-58FB4A3DE172: ConfigurationManager, init=-1: [a8add95f-9482-4e6d-9ba6-8975b33532e8|rpc:172.17.0.2:44261|dataStream:, 54498115-28c1-4381-b59e-fdf207a0d628|rpc:172.17.0.2:36069|dataStream:, 3f9b5df4-bd86-4512-adfe-d4a46e1501cb|rpc:172.17.0.2:39957|dataStream:], old=null, confs=<EMPTY_MAP>
2020-12-04 06:02:34,254 [pool-714-thread-1] INFO  server.RaftServerConfigKeys (ConfUtils.java:logGet(44)) - raft.server.storage.dir = [/github/workspace/mnt/ozone/hadoop-ozone/integration-test/target/test-dir/MiniOzoneClusterImpl-d0e62b51-0f1f-480e-8215-4f24b3183874/datanode-4/data/ratis] (custom)
2020-12-04 06:02:34,254 [pool-714-thread-1] INFO  server.RaftServerConfigKeys (ConfUtils.java:logGet(44)) - raft.server.log.corruption.policy = EXCEPTION (default)
2020-12-04 06:02:34,254 [pool-714-thread-1] INFO  storage.RaftStorageDirectory (RaftStorageDirectory.java:analyzeStorage(261)) - The storage directory /github/workspace/mnt/ozone/hadoop-ozone/integration-test/target/test-dir/MiniOzoneClusterImpl-d0e62b51-0f1f-480e-8215-4f24b3183874/datanode-4/data/ratis/fc22b5ed-d321-449c-8c10-58fb4a3de172 does not exist. Creating ...
2020-12-04 06:02:34,255 [pool-714-thread-1] INFO  storage.RaftStorageDirectory (RaftStorageDirectory.java:tryLock(343)) - Lock on /github/workspace/mnt/ozone/hadoop-ozone/integration-test/target/test-dir/MiniOzoneClusterImpl-d0e62b51-0f1f-480e-8215-4f24b3183874/datanode-4/data/ratis/fc22b5ed-d321-449c-8c10-58fb4a3de172/in_use.lock acquired by nodename 32520@63638dc2095a
2020-12-04 06:02:34,256 [pool-714-thread-1] INFO  storage.RaftStorage (RaftStorage.java:format(85)) - Storage directory /github/workspace/mnt/ozone/hadoop-ozone/integration-test/target/test-dir/MiniOzoneClusterImpl-d0e62b51-0f1f-480e-8215-4f24b3183874/datanode-4/data/ratis/fc22b5ed-d321-449c-8c10-58fb4a3de172 has been successfully formatted.
2020-12-04 06:02:34,257 [pool-714-thread-1] INFO  ratis.ContainerStateMachine (ContainerStateMachine.java:loadSnapshot(225)) - group-58FB4A3DE172: The snapshot info is null. Setting the last applied indexto:(t:0, i:~)
2020-12-04 06:02:34,257 [pool-714-thread-1] INFO  server.RaftServerConfigKeys (ConfUtils.java:logGet(44)) - raft.server.notification.no-leader.timeout = 300000ms (custom)
2020-12-04 06:02:34,257 [pool-714-thread-1] INFO  server.RaftServerConfigKeys (ConfUtils.java:logGet(44)) - raft.server.log.use.memory = false (default)
2020-12-04 06:02:34,257 [pool-714-thread-1] INFO  server.RaftServerConfigKeys (ConfUtils.java:logGet(44)) - raft.server.log.purge.gap = 1000000 (custom)
2020-12-04 06:02:34,257 [pool-714-thread-1] INFO  metrics.RatisMetrics (RatisMetrics.java:lambda$create$0(36)) - Creating Metrics Registry : ratis.log_worker.54498115-28c1-4381-b59e-fdf207a0d628@group-58FB4A3DE172
2020-12-04 06:02:34,257 [EventQueue-PipelineReportForOneReplicaPipelineSafeModeRule] INFO  safemode.SCMSafeModeManager (SCMSafeModeManager.java:validateSafeModeExitRules(214)) - AtleastOneDatanodeReportedRule rule is successfully validated
2020-12-04 06:02:34,258 [pool-714-thread-1] INFO  server.RaftServerConfigKeys (ConfUtils.java:logGet(44)) - raft.server.log.appender.buffer.byte-limit = 33554432 (custom)
2020-12-04 06:02:34,258 [pool-714-thread-1] INFO  server.RaftServerConfigKeys (ConfUtils.java:logGet(44)) - raft.server.log.segment.size.max = 1048576 (custom)
2020-12-04 06:02:34,258 [pool-714-thread-1] INFO  server.RaftServerConfigKeys (ConfUtils.java:logGet(44)) - raft.server.log.segment.cache.num.max = 2 (custom)
2020-12-04 06:02:34,258 [pool-714-thread-1] INFO  segmented.SegmentedRaftLogWorker (SegmentedRaftLogWorker.java:<init>(180)) - new 54498115-28c1-4381-b59e-fdf207a0d628@group-58FB4A3DE172-SegmentedRaftLogWorker for RaftStorage:Storage Directory /github/workspace/mnt/ozone/hadoop-ozone/integration-test/target/test-dir/MiniOzoneClusterImpl-d0e62b51-0f1f-480e-8215-4f24b3183874/datanode-4/data/ratis/fc22b5ed-d321-449c-8c10-58fb4a3de172
2020-12-04 06:02:34,258 [pool-714-thread-1] INFO  server.RaftServerConfigKeys (ConfUtils.java:logGet(44)) - raft.server.log.queue.byte-limit = 2147483647 (custom)
2020-12-04 06:02:34,259 [pool-714-thread-1] INFO  server.RaftServerConfigKeys (ConfUtils.java:logGet(44)) - raft.server.log.queue.element-limit = 1024 (custom)
2020-12-04 06:02:34,259 [pool-714-thread-1] INFO  server.RaftServerConfigKeys (ConfUtils.java:logGet(44)) - raft.server.log.segment.size.max = 1048576 (custom)
2020-12-04 06:02:34,259 [pool-714-thread-1] INFO  server.RaftServerConfigKeys (ConfUtils.java:logGet(44)) - raft.server.log.preallocated.size = 16384 (custom)
2020-12-04 06:02:34,259 [pool-714-thread-1] INFO  server.RaftServerConfigKeys (ConfUtils.java:logGet(44)) - raft.server.log.write.buffer.size = 1048576 (custom)
2020-12-04 06:02:34,259 [pool-714-thread-1] INFO  server.RaftServerConfigKeys (ConfUtils.java:logGet(44)) - raft.server.log.force.sync.num = 128 (default)
2020-12-04 06:02:34,259 [pool-714-thread-1] INFO  server.RaftServerConfigKeys (ConfUtils.java:logGet(44)) - raft.server.log.statemachine.data.sync = true (default)
2020-12-04 06:02:34,259 [pool-714-thread-1] INFO  server.RaftServerConfigKeys (ConfUtils.java:logGet(44)) - raft.server.log.statemachine.data.sync.timeout = 10s (default)
2020-12-04 06:02:34,259 [pool-714-thread-1] INFO  server.RaftServerConfigKeys (ConfUtils.java:logGet(44)) - raft.server.log.statemachine.data.sync.timeout.retry = -1 (default)
2020-12-04 06:02:34,261 [pool-714-thread-1] INFO  server.RaftServerConfigKeys (ConfUtils.java:logGet(44)) - raft.server.log.statemachine.data.caching.enabled = true (custom)
2020-12-04 06:02:34,261 [pool-714-thread-1] INFO  segmented.SegmentedRaftLogWorker (SegmentedRaftLogWorker.java:lambda$new$0(129)) - 54498115-28c1-4381-b59e-fdf207a0d628@group-58FB4A3DE172-SegmentedRaftLogWorker: flushIndex: setUnconditionally 0 -> -1
2020-12-04 06:02:34,261 [pool-714-thread-1] INFO  segmented.SegmentedRaftLogWorker (SegmentedRaftLogWorker.java:lambda$new$0(129)) - 54498115-28c1-4381-b59e-fdf207a0d628@group-58FB4A3DE172-SegmentedRaftLogWorker: safeCacheEvictIndex: setUnconditionally 0 -> -1
2020-12-04 06:02:34,261 [pool-714-thread-1] INFO  server.RaftServerConfigKeys (ConfUtils.java:logGet(44)) - raft.server.snapshot.auto.trigger.enabled = true (custom)
2020-12-04 06:02:34,261 [pool-714-thread-1] INFO  server.RaftServerConfigKeys (ConfUtils.java:logGet(44)) - raft.server.snapshot.auto.trigger.threshold = 10000 (custom)
2020-12-04 06:02:34,261 [pool-714-thread-1] INFO  server.RaftServerConfigKeys (ConfUtils.java:logGet(44)) - raft.server.snapshot.retention.file.num = 5 (custom)
2020-12-04 06:02:34,261 [pool-714-thread-1] INFO  server.RaftServerConfigKeys (ConfUtils.java:logGet(44)) - raft.server.log.purge.upto.snapshot.index = false (default)
2020-12-04 06:02:34,262 [pool-714-thread-1] INFO  server.RaftServerConfigKeys (ConfUtils.java:logGet(44)) - raft.server.retrycache.expirytime = 600000ms (custom)
2020-12-04 06:02:34,262 [pool-714-thread-1] INFO  metrics.RatisMetrics (RatisMetrics.java:lambda$create$0(36)) - Creating Metrics Registry : ratis.leader_election.54498115-28c1-4381-b59e-fdf207a0d628@group-58FB4A3DE172
2020-12-04 06:02:34,262 [pool-714-thread-1] INFO  metrics.RatisMetrics (RatisMetrics.java:lambda$create$0(36)) - Creating Metrics Registry : ratis.server.54498115-28c1-4381-b59e-fdf207a0d628@group-58FB4A3DE172
2020-12-04 06:02:34,264 [pool-714-thread-1] INFO  impl.RaftServerImpl (RaftServerImpl.java:start(215)) - 54498115-28c1-4381-b59e-fdf207a0d628@group-58FB4A3DE172: start as a follower, conf=-1: [a8add95f-9482-4e6d-9ba6-8975b33532e8|rpc:172.17.0.2:44261|dataStream:, 54498115-28c1-4381-b59e-fdf207a0d628|rpc:172.17.0.2:36069|dataStream:, 3f9b5df4-bd86-4512-adfe-d4a46e1501cb|rpc:172.17.0.2:39957|dataStream:], old=null
2020-12-04 06:02:34,264 [pool-714-thread-1] INFO  impl.RaftServerImpl (RaftServerImpl.java:setRole(204)) - 54498115-28c1-4381-b59e-fdf207a0d628@group-58FB4A3DE172: changes role from      null to FOLLOWER at term 0 for startAsFollower
2020-12-04 06:02:34,264 [pool-714-thread-1] INFO  impl.RoleInfo (RoleInfo.java:updateAndGet(143)) - 54498115-28c1-4381-b59e-fdf207a0d628: start 54498115-28c1-4381-b59e-fdf207a0d628@group-58FB4A3DE172-FollowerState
2020-12-04 06:02:34,264 [pool-714-thread-1] INFO  util.JmxRegister (JmxRegister.java:tryRegister(44)) - Successfully registered JMX Bean with object name Ratis:service=RaftServer,group=group-58FB4A3DE172,id=54498115-28c1-4381-b59e-fdf207a0d628
2020-12-04 06:02:34,264 [pool-714-thread-1] INFO  metrics.RatisMetrics (RatisMetrics.java:lambda$create$0(36)) - Creating Metrics Registry : ratis.state_machine.54498115-28c1-4381-b59e-fdf207a0d628@group-58FB4A3DE172
2020-12-04 06:02:34,271 [Command processor thread] INFO  metrics.RatisMetrics (RatisMetrics.java:lambda$create$0(36)) - Creating Metrics Registry : ratis.client_message_metrics.client-DFDFB08CE36A->3f9b5df4-bd86-4512-adfe-d4a46e1501cb
2020-12-04 06:02:34,276 [grpc-default-executor-5] INFO  impl.RaftServerProxy (RaftServerProxy.java:addNew(93)) - 3f9b5df4-bd86-4512-adfe-d4a46e1501cb: addNew group-58FB4A3DE172:[a8add95f-9482-4e6d-9ba6-8975b33532e8|rpc:172.17.0.2:44261|dataStream:, 54498115-28c1-4381-b59e-fdf207a0d628|rpc:172.17.0.2:36069|dataStream:, 3f9b5df4-bd86-4512-adfe-d4a46e1501cb|rpc:172.17.0.2:39957|dataStream:] returns group-58FB4A3DE172:java.util.concurrent.CompletableFuture@47661f8a[Not completed]
2020-12-04 06:02:34,277 [pool-730-thread-1] INFO  impl.RaftServerImpl (RaftServerImpl.java:<init>(121)) - 3f9b5df4-bd86-4512-adfe-d4a46e1501cb: new RaftServerImpl for group-58FB4A3DE172:[a8add95f-9482-4e6d-9ba6-8975b33532e8|rpc:172.17.0.2:44261|dataStream:, 54498115-28c1-4381-b59e-fdf207a0d628|rpc:172.17.0.2:36069|dataStream:, 3f9b5df4-bd86-4512-adfe-d4a46e1501cb|rpc:172.17.0.2:39957|dataStream:] with ContainerStateMachine:uninitialized
2020-12-04 06:02:34,277 [pool-730-thread-1] INFO  server.RaftServerConfigKeys (ConfUtils.java:logGet(44)) - raft.server.rpc.timeout.min = 5s (custom)
2020-12-04 06:02:34,277 [pool-730-thread-1] INFO  server.RaftServerConfigKeys (ConfUtils.java:logGet(44)) - raft.server.rpc.timeout.max = 5200ms (custom)
2020-12-04 06:02:34,277 [pool-730-thread-1] INFO  server.RaftServerConfigKeys (ConfUtils.java:logGet(44)) - raft.server.rpc.slowness.timeout = 300000ms (custom)
2020-12-04 06:02:34,277 [pool-730-thread-1] INFO  server.RaftServerConfigKeys (ConfUtils.java:logGet(44)) - raft.server.leaderelection.leader.step-down.wait-time = 10s (default)
2020-12-04 06:02:34,277 [pool-730-thread-1] INFO  server.RaftServerConfigKeys (ConfUtils.java:logGet(44)) - raft.server.sleep.deviation.threshold = 300 (default)
2020-12-04 06:02:34,277 [pool-730-thread-1] INFO  server.RaftServerConfigKeys (ConfUtils.java:logGet(44)) - raft.server.log.appender.install.snapshot.enabled = false (custom)
2020-12-04 06:02:34,277 [pool-730-thread-1] INFO  impl.RaftServerImpl (ServerState.java:<init>(104)) - 3f9b5df4-bd86-4512-adfe-d4a46e1501cb@group-58FB4A3DE172: ConfigurationManager, init=-1: [a8add95f-9482-4e6d-9ba6-8975b33532e8|rpc:172.17.0.2:44261|dataStream:, 54498115-28c1-4381-b59e-fdf207a0d628|rpc:172.17.0.2:36069|dataStream:, 3f9b5df4-bd86-4512-adfe-d4a46e1501cb|rpc:172.17.0.2:39957|dataStream:], old=null, confs=<EMPTY_MAP>
2020-12-04 06:02:34,277 [pool-730-thread-1] INFO  server.RaftServerConfigKeys (ConfUtils.java:logGet(44)) - raft.server.storage.dir = [/github/workspace/mnt/ozone/hadoop-ozone/integration-test/target/test-dir/MiniOzoneClusterImpl-d0e62b51-0f1f-480e-8215-4f24b3183874/datanode-5/data/ratis] (custom)
2020-12-04 06:02:34,278 [pool-730-thread-1] INFO  server.RaftServerConfigKeys (ConfUtils.java:logGet(44)) - raft.server.log.corruption.policy = EXCEPTION (default)
2020-12-04 06:02:34,278 [pool-730-thread-1] INFO  storage.RaftStorageDirectory (RaftStorageDirectory.java:analyzeStorage(261)) - The storage directory /github/workspace/mnt/ozone/hadoop-ozone/integration-test/target/test-dir/MiniOzoneClusterImpl-d0e62b51-0f1f-480e-8215-4f24b3183874/datanode-5/data/ratis/fc22b5ed-d321-449c-8c10-58fb4a3de172 does not exist. Creating ...
2020-12-04 06:02:34,279 [pool-730-thread-1] INFO  storage.RaftStorageDirectory (RaftStorageDirectory.java:tryLock(343)) - Lock on /github/workspace/mnt/ozone/hadoop-ozone/integration-test/target/test-dir/MiniOzoneClusterImpl-d0e62b51-0f1f-480e-8215-4f24b3183874/datanode-5/data/ratis/fc22b5ed-d321-449c-8c10-58fb4a3de172/in_use.lock acquired by nodename 32520@63638dc2095a
2020-12-04 06:02:34,280 [pool-730-thread-1] INFO  storage.RaftStorage (RaftStorage.java:format(85)) - Storage directory /github/workspace/mnt/ozone/hadoop-ozone/integration-test/target/test-dir/MiniOzoneClusterImpl-d0e62b51-0f1f-480e-8215-4f24b3183874/datanode-5/data/ratis/fc22b5ed-d321-449c-8c10-58fb4a3de172 has been successfully formatted.
2020-12-04 06:02:34,281 [pool-730-thread-1] INFO  ratis.ContainerStateMachine (ContainerStateMachine.java:loadSnapshot(225)) - group-58FB4A3DE172: The snapshot info is null. Setting the last applied indexto:(t:0, i:~)
2020-12-04 06:02:34,281 [EventQueue-PipelineReportForOneReplicaPipelineSafeModeRule] INFO  safemode.SCMSafeModeManager (SCMSafeModeManager.java:validateSafeModeExitRules(214)) - AtleastOneDatanodeReportedRule rule is successfully validated
2020-12-04 06:02:34,281 [pool-730-thread-1] INFO  server.RaftServerConfigKeys (ConfUtils.java:logGet(44)) - raft.server.notification.no-leader.timeout = 300000ms (custom)
2020-12-04 06:02:34,281 [pool-730-thread-1] INFO  server.RaftServerConfigKeys (ConfUtils.java:logGet(44)) - raft.server.log.use.memory = false (default)
2020-12-04 06:02:34,281 [pool-730-thread-1] INFO  server.RaftServerConfigKeys (ConfUtils.java:logGet(44)) - raft.server.log.purge.gap = 1000000 (custom)
2020-12-04 06:02:34,281 [pool-730-thread-1] INFO  metrics.RatisMetrics (RatisMetrics.java:lambda$create$0(36)) - Creating Metrics Registry : ratis.log_worker.3f9b5df4-bd86-4512-adfe-d4a46e1501cb@group-58FB4A3DE172
2020-12-04 06:02:34,282 [pool-730-thread-1] INFO  server.RaftServerConfigKeys (ConfUtils.java:logGet(44)) - raft.server.log.appender.buffer.byte-limit = 33554432 (custom)
2020-12-04 06:02:34,282 [pool-730-thread-1] INFO  server.RaftServerConfigKeys (ConfUtils.java:logGet(44)) - raft.server.log.segment.size.max = 1048576 (custom)
2020-12-04 06:02:34,282 [pool-730-thread-1] INFO  server.RaftServerConfigKeys (ConfUtils.java:logGet(44)) - raft.server.log.segment.cache.num.max = 2 (custom)
2020-12-04 06:02:34,283 [pool-730-thread-1] INFO  segmented.SegmentedRaftLogWorker (SegmentedRaftLogWorker.java:<init>(180)) - new 3f9b5df4-bd86-4512-adfe-d4a46e1501cb@group-58FB4A3DE172-SegmentedRaftLogWorker for RaftStorage:Storage Directory /github/workspace/mnt/ozone/hadoop-ozone/integration-test/target/test-dir/MiniOzoneClusterImpl-d0e62b51-0f1f-480e-8215-4f24b3183874/datanode-5/data/ratis/fc22b5ed-d321-449c-8c10-58fb4a3de172
2020-12-04 06:02:34,283 [pool-730-thread-1] INFO  server.RaftServerConfigKeys (ConfUtils.java:logGet(44)) - raft.server.log.queue.byte-limit = 2147483647 (custom)
2020-12-04 06:02:34,283 [pool-730-thread-1] INFO  server.RaftServerConfigKeys (ConfUtils.java:logGet(44)) - raft.server.log.queue.element-limit = 1024 (custom)
2020-12-04 06:02:34,283 [pool-730-thread-1] INFO  server.RaftServerConfigKeys (ConfUtils.java:logGet(44)) - raft.server.log.segment.size.max = 1048576 (custom)
2020-12-04 06:02:34,283 [pool-730-thread-1] INFO  server.RaftServerConfigKeys (ConfUtils.java:logGet(44)) - raft.server.log.preallocated.size = 16384 (custom)
2020-12-04 06:02:34,283 [pool-730-thread-1] INFO  server.RaftServerConfigKeys (ConfUtils.java:logGet(44)) - raft.server.log.write.buffer.size = 1048576 (custom)
2020-12-04 06:02:34,283 [pool-730-thread-1] INFO  server.RaftServerConfigKeys (ConfUtils.java:logGet(44)) - raft.server.log.force.sync.num = 128 (default)
2020-12-04 06:02:34,283 [pool-730-thread-1] INFO  server.RaftServerConfigKeys (ConfUtils.java:logGet(44)) - raft.server.log.statemachine.data.sync = true (default)
2020-12-04 06:02:34,283 [pool-730-thread-1] INFO  server.RaftServerConfigKeys (ConfUtils.java:logGet(44)) - raft.server.log.statemachine.data.sync.timeout = 10s (default)
2020-12-04 06:02:34,283 [pool-730-thread-1] INFO  server.RaftServerConfigKeys (ConfUtils.java:logGet(44)) - raft.server.log.statemachine.data.sync.timeout.retry = -1 (default)
2020-12-04 06:02:34,285 [pool-730-thread-1] INFO  server.RaftServerConfigKeys (ConfUtils.java:logGet(44)) - raft.server.log.statemachine.data.caching.enabled = true (custom)
2020-12-04 06:02:34,285 [pool-730-thread-1] INFO  segmented.SegmentedRaftLogWorker (SegmentedRaftLogWorker.java:lambda$new$0(129)) - 3f9b5df4-bd86-4512-adfe-d4a46e1501cb@group-58FB4A3DE172-SegmentedRaftLogWorker: flushIndex: setUnconditionally 0 -> -1
2020-12-04 06:02:34,285 [pool-730-thread-1] INFO  segmented.SegmentedRaftLogWorker (SegmentedRaftLogWorker.java:lambda$new$0(129)) - 3f9b5df4-bd86-4512-adfe-d4a46e1501cb@group-58FB4A3DE172-SegmentedRaftLogWorker: safeCacheEvictIndex: setUnconditionally 0 -> -1
2020-12-04 06:02:34,285 [pool-730-thread-1] INFO  server.RaftServerConfigKeys (ConfUtils.java:logGet(44)) - raft.server.snapshot.auto.trigger.enabled = true (custom)
2020-12-04 06:02:34,286 [pool-730-thread-1] INFO  server.RaftServerConfigKeys (ConfUtils.java:logGet(44)) - raft.server.snapshot.auto.trigger.threshold = 10000 (custom)
2020-12-04 06:02:34,286 [pool-730-thread-1] INFO  server.RaftServerConfigKeys (ConfUtils.java:logGet(44)) - raft.server.snapshot.retention.file.num = 5 (custom)
2020-12-04 06:02:34,286 [pool-730-thread-1] INFO  server.RaftServerConfigKeys (ConfUtils.java:logGet(44)) - raft.server.log.purge.upto.snapshot.index = false (default)
2020-12-04 06:02:34,286 [pool-730-thread-1] INFO  server.RaftServerConfigKeys (ConfUtils.java:logGet(44)) - raft.server.retrycache.expirytime = 600000ms (custom)
2020-12-04 06:02:34,286 [pool-730-thread-1] INFO  metrics.RatisMetrics (RatisMetrics.java:lambda$create$0(36)) - Creating Metrics Registry : ratis.leader_election.3f9b5df4-bd86-4512-adfe-d4a46e1501cb@group-58FB4A3DE172
2020-12-04 06:02:34,286 [pool-730-thread-1] INFO  metrics.RatisMetrics (RatisMetrics.java:lambda$create$0(36)) - Creating Metrics Registry : ratis.server.3f9b5df4-bd86-4512-adfe-d4a46e1501cb@group-58FB4A3DE172
2020-12-04 06:02:34,288 [pool-730-thread-1] INFO  impl.RaftServerImpl (RaftServerImpl.java:start(215)) - 3f9b5df4-bd86-4512-adfe-d4a46e1501cb@group-58FB4A3DE172: start as a follower, conf=-1: [a8add95f-9482-4e6d-9ba6-8975b33532e8|rpc:172.17.0.2:44261|dataStream:, 54498115-28c1-4381-b59e-fdf207a0d628|rpc:172.17.0.2:36069|dataStream:, 3f9b5df4-bd86-4512-adfe-d4a46e1501cb|rpc:172.17.0.2:39957|dataStream:], old=null
2020-12-04 06:02:34,288 [pool-730-thread-1] INFO  impl.RaftServerImpl (RaftServerImpl.java:setRole(204)) - 3f9b5df4-bd86-4512-adfe-d4a46e1501cb@group-58FB4A3DE172: changes role from      null to FOLLOWER at term 0 for startAsFollower
2020-12-04 06:02:34,288 [pool-730-thread-1] INFO  impl.RoleInfo (RoleInfo.java:updateAndGet(143)) - 3f9b5df4-bd86-4512-adfe-d4a46e1501cb: start 3f9b5df4-bd86-4512-adfe-d4a46e1501cb@group-58FB4A3DE172-FollowerState
2020-12-04 06:02:34,288 [pool-730-thread-1] INFO  util.JmxRegister (JmxRegister.java:tryRegister(44)) - Successfully registered JMX Bean with object name Ratis:service=RaftServer,group=group-58FB4A3DE172,id=3f9b5df4-bd86-4512-adfe-d4a46e1501cb
2020-12-04 06:02:34,288 [pool-730-thread-1] INFO  metrics.RatisMetrics (RatisMetrics.java:lambda$create$0(36)) - Creating Metrics Registry : ratis.state_machine.3f9b5df4-bd86-4512-adfe-d4a46e1501cb@group-58FB4A3DE172
2020-12-04 06:02:34,293 [Command processor thread] INFO  commandhandler.CreatePipelineCommandHandler (CreatePipelineCommandHandler.java:handle(106)) - Created Pipeline RATIS THREE PipelineID=fc22b5ed-d321-449c-8c10-58fb4a3de172.
2020-12-04 06:02:34,351 [Command processor thread] INFO  impl.RaftServerProxy (RaftServerProxy.java:addNew(93)) - 54498115-28c1-4381-b59e-fdf207a0d628: addNew group-AA6EA5D43C51:[54498115-28c1-4381-b59e-fdf207a0d628|rpc:172.17.0.2:36069] returns group-AA6EA5D43C51:java.util.concurrent.CompletableFuture@73b3e7c1[Not completed]
2020-12-04 06:02:34,352 [pool-714-thread-1] INFO  impl.RaftServerImpl (RaftServerImpl.java:<init>(121)) - 54498115-28c1-4381-b59e-fdf207a0d628: new RaftServerImpl for group-AA6EA5D43C51:[54498115-28c1-4381-b59e-fdf207a0d628|rpc:172.17.0.2:36069] with ContainerStateMachine:uninitialized
2020-12-04 06:02:34,352 [pool-714-thread-1] INFO  server.RaftServerConfigKeys (ConfUtils.java:logGet(44)) - raft.server.rpc.timeout.min = 5s (custom)
2020-12-04 06:02:34,352 [pool-714-thread-1] INFO  server.RaftServerConfigKeys (ConfUtils.java:logGet(44)) - raft.server.rpc.timeout.max = 5200ms (custom)
2020-12-04 06:02:34,352 [pool-714-thread-1] INFO  server.RaftServerConfigKeys (ConfUtils.java:logGet(44)) - raft.server.rpc.slowness.timeout = 300000ms (custom)
2020-12-04 06:02:34,352 [pool-714-thread-1] INFO  server.RaftServerConfigKeys (ConfUtils.java:logGet(44)) - raft.server.leaderelection.leader.step-down.wait-time = 10s (default)
2020-12-04 06:02:34,353 [pool-714-thread-1] INFO  server.RaftServerConfigKeys (ConfUtils.java:logGet(44)) - raft.server.sleep.deviation.threshold = 300 (default)
2020-12-04 06:02:34,353 [pool-714-thread-1] INFO  server.RaftServerConfigKeys (ConfUtils.java:logGet(44)) - raft.server.log.appender.install.snapshot.enabled = false (custom)
2020-12-04 06:02:34,353 [pool-714-thread-1] INFO  impl.RaftServerImpl (ServerState.java:<init>(104)) - 54498115-28c1-4381-b59e-fdf207a0d628@group-AA6EA5D43C51: ConfigurationManager, init=-1: [54498115-28c1-4381-b59e-fdf207a0d628|rpc:172.17.0.2:36069], old=null, confs=<EMPTY_MAP>
2020-12-04 06:02:34,353 [pool-714-thread-1] INFO  server.RaftServerConfigKeys (ConfUtils.java:logGet(44)) - raft.server.storage.dir = [/github/workspace/mnt/ozone/hadoop-ozone/integration-test/target/test-dir/MiniOzoneClusterImpl-d0e62b51-0f1f-480e-8215-4f24b3183874/datanode-4/data/ratis] (custom)
2020-12-04 06:02:34,353 [pool-714-thread-1] INFO  server.RaftServerConfigKeys (ConfUtils.java:logGet(44)) - raft.server.log.corruption.policy = EXCEPTION (default)
2020-12-04 06:02:34,353 [pool-714-thread-1] INFO  storage.RaftStorageDirectory (RaftStorageDirectory.java:analyzeStorage(261)) - The storage directory /github/workspace/mnt/ozone/hadoop-ozone/integration-test/target/test-dir/MiniOzoneClusterImpl-d0e62b51-0f1f-480e-8215-4f24b3183874/datanode-4/data/ratis/2d1913a1-feb5-48b6-b1ae-aa6ea5d43c51 does not exist. Creating ...
2020-12-04 06:02:34,355 [pool-714-thread-1] INFO  storage.RaftStorageDirectory (RaftStorageDirectory.java:tryLock(343)) - Lock on /github/workspace/mnt/ozone/hadoop-ozone/integration-test/target/test-dir/MiniOzoneClusterImpl-d0e62b51-0f1f-480e-8215-4f24b3183874/datanode-4/data/ratis/2d1913a1-feb5-48b6-b1ae-aa6ea5d43c51/in_use.lock acquired by nodename 32520@63638dc2095a
2020-12-04 06:02:34,356 [pool-714-thread-1] INFO  storage.RaftStorage (RaftStorage.java:format(85)) - Storage directory /github/workspace/mnt/ozone/hadoop-ozone/integration-test/target/test-dir/MiniOzoneClusterImpl-d0e62b51-0f1f-480e-8215-4f24b3183874/datanode-4/data/ratis/2d1913a1-feb5-48b6-b1ae-aa6ea5d43c51 has been successfully formatted.
2020-12-04 06:02:34,357 [pool-714-thread-1] INFO  ratis.ContainerStateMachine (ContainerStateMachine.java:loadSnapshot(225)) - group-AA6EA5D43C51: The snapshot info is null. Setting the last applied indexto:(t:0, i:~)
2020-12-04 06:02:34,357 [pool-714-thread-1] INFO  server.RaftServerConfigKeys (ConfUtils.java:logGet(44)) - raft.server.notification.no-leader.timeout = 300000ms (custom)
2020-12-04 06:02:34,358 [EventQueue-PipelineReportForPipelineReportHandler] INFO  pipeline.PipelineStateManager (PipelineStateManager.java:openPipeline(132)) - Pipeline Pipeline[ Id: 2d1913a1-feb5-48b6-b1ae-aa6ea5d43c51, Nodes: 54498115-28c1-4381-b59e-fdf207a0d628{ip: 172.17.0.2, host: 63638dc2095a, networkLocation: /default-rack, certSerialId: null, persistedOpState: IN_SERVICE, persistedOpStateExpiryEpochSec: 0}, Type:RATIS, Factor:ONE, State:ALLOCATED, leaderId:54498115-28c1-4381-b59e-fdf207a0d628, CreationTimestamp2020-12-04T06:02:31.352Z] moved to OPEN state
2020-12-04 06:02:34,358 [EventQueue-PipelineReportForOneReplicaPipelineSafeModeRule] INFO  safemode.SCMSafeModeManager (SCMSafeModeManager.java:validateSafeModeExitRules(214)) - AtleastOneDatanodeReportedRule rule is successfully validated
2020-12-04 06:02:34,358 [pool-714-thread-1] INFO  server.RaftServerConfigKeys (ConfUtils.java:logGet(44)) - raft.server.log.use.memory = false (default)
2020-12-04 06:02:34,358 [pool-714-thread-1] INFO  server.RaftServerConfigKeys (ConfUtils.java:logGet(44)) - raft.server.log.purge.gap = 1000000 (custom)
2020-12-04 06:02:34,358 [pool-714-thread-1] INFO  metrics.RatisMetrics (RatisMetrics.java:lambda$create$0(36)) - Creating Metrics Registry : ratis.log_worker.54498115-28c1-4381-b59e-fdf207a0d628@group-AA6EA5D43C51
2020-12-04 06:02:34,358 [EventQueue-OpenPipelineForHealthyPipelineSafeModeRule] INFO  safemode.SCMSafeModeManager (HealthyPipelineSafeModeRule.java:process(128)) - SCM in safe mode. Healthy pipelines reported count is 0, required healthy pipeline reported count is 1
2020-12-04 06:02:34,358 [pool-714-thread-1] INFO  server.RaftServerConfigKeys (ConfUtils.java:logGet(44)) - raft.server.log.appender.buffer.byte-limit = 33554432 (custom)
2020-12-04 06:02:34,359 [pool-714-thread-1] INFO  server.RaftServerConfigKeys (ConfUtils.java:logGet(44)) - raft.server.log.segment.size.max = 1048576 (custom)
2020-12-04 06:02:34,360 [pool-714-thread-1] INFO  server.RaftServerConfigKeys (ConfUtils.java:logGet(44)) - raft.server.log.segment.cache.num.max = 2 (custom)
2020-12-04 06:02:34,360 [pool-714-thread-1] INFO  segmented.SegmentedRaftLogWorker (SegmentedRaftLogWorker.java:<init>(180)) - new 54498115-28c1-4381-b59e-fdf207a0d628@group-AA6EA5D43C51-SegmentedRaftLogWorker for RaftStorage:Storage Directory /github/workspace/mnt/ozone/hadoop-ozone/integration-test/target/test-dir/MiniOzoneClusterImpl-d0e62b51-0f1f-480e-8215-4f24b3183874/datanode-4/data/ratis/2d1913a1-feb5-48b6-b1ae-aa6ea5d43c51
2020-12-04 06:02:34,360 [pool-714-thread-1] INFO  server.RaftServerConfigKeys (ConfUtils.java:logGet(44)) - raft.server.log.queue.byte-limit = 2147483647 (custom)
2020-12-04 06:02:34,360 [pool-714-thread-1] INFO  server.RaftServerConfigKeys (ConfUtils.java:logGet(44)) - raft.server.log.queue.element-limit = 1024 (custom)
2020-12-04 06:02:34,360 [pool-714-thread-1] INFO  server.RaftServerConfigKeys (ConfUtils.java:logGet(44)) - raft.server.log.segment.size.max = 1048576 (custom)
2020-12-04 06:02:34,360 [pool-714-thread-1] INFO  server.RaftServerConfigKeys (ConfUtils.java:logGet(44)) - raft.server.log.preallocated.size = 16384 (custom)
2020-12-04 06:02:34,361 [pool-714-thread-1] INFO  server.RaftServerConfigKeys (ConfUtils.java:logGet(44)) - raft.server.log.write.buffer.size = 1048576 (custom)
2020-12-04 06:02:34,361 [pool-714-thread-1] INFO  server.RaftServerConfigKeys (ConfUtils.java:logGet(44)) - raft.server.log.force.sync.num = 128 (default)
2020-12-04 06:02:34,361 [pool-714-thread-1] INFO  server.RaftServerConfigKeys (ConfUtils.java:logGet(44)) - raft.server.log.statemachine.data.sync = true (default)
2020-12-04 06:02:34,361 [pool-714-thread-1] INFO  server.RaftServerConfigKeys (ConfUtils.java:logGet(44)) - raft.server.log.statemachine.data.sync.timeout = 10s (default)
2020-12-04 06:02:34,361 [pool-714-thread-1] INFO  server.RaftServerConfigKeys (ConfUtils.java:logGet(44)) - raft.server.log.statemachine.data.sync.timeout.retry = -1 (default)
2020-12-04 06:02:34,364 [pool-714-thread-1] INFO  server.RaftServerConfigKeys (ConfUtils.java:logGet(44)) - raft.server.log.statemachine.data.caching.enabled = true (custom)
2020-12-04 06:02:34,364 [pool-714-thread-1] INFO  segmented.SegmentedRaftLogWorker (SegmentedRaftLogWorker.java:lambda$new$0(129)) - 54498115-28c1-4381-b59e-fdf207a0d628@group-AA6EA5D43C51-SegmentedRaftLogWorker: flushIndex: setUnconditionally 0 -> -1
2020-12-04 06:02:34,364 [pool-714-thread-1] INFO  segmented.SegmentedRaftLogWorker (SegmentedRaftLogWorker.java:lambda$new$0(129)) - 54498115-28c1-4381-b59e-fdf207a0d628@group-AA6EA5D43C51-SegmentedRaftLogWorker: safeCacheEvictIndex: setUnconditionally 0 -> -1
2020-12-04 06:02:34,364 [pool-714-thread-1] INFO  server.RaftServerConfigKeys (ConfUtils.java:logGet(44)) - raft.server.snapshot.auto.trigger.enabled = true (custom)
2020-12-04 06:02:34,364 [pool-714-thread-1] INFO  server.RaftServerConfigKeys (ConfUtils.java:logGet(44)) - raft.server.snapshot.auto.trigger.threshold = 10000 (custom)
2020-12-04 06:02:34,365 [pool-714-thread-1] INFO  server.RaftServerConfigKeys (ConfUtils.java:logGet(44)) - raft.server.snapshot.retention.file.num = 5 (custom)
2020-12-04 06:02:34,365 [pool-714-thread-1] INFO  server.RaftServerConfigKeys (ConfUtils.java:logGet(44)) - raft.server.log.purge.upto.snapshot.index = false (default)
2020-12-04 06:02:34,365 [pool-714-thread-1] INFO  server.RaftServerConfigKeys (ConfUtils.java:logGet(44)) - raft.server.retrycache.expirytime = 600000ms (custom)
2020-12-04 06:02:34,365 [pool-714-thread-1] INFO  metrics.RatisMetrics (RatisMetrics.java:lambda$create$0(36)) - Creating Metrics Registry : ratis.leader_election.54498115-28c1-4381-b59e-fdf207a0d628@group-AA6EA5D43C51
2020-12-04 06:02:34,365 [pool-714-thread-1] INFO  metrics.RatisMetrics (RatisMetrics.java:lambda$create$0(36)) - Creating Metrics Registry : ratis.server.54498115-28c1-4381-b59e-fdf207a0d628@group-AA6EA5D43C51
2020-12-04 06:02:34,367 [pool-714-thread-1] INFO  impl.RaftServerImpl (RaftServerImpl.java:start(215)) - 54498115-28c1-4381-b59e-fdf207a0d628@group-AA6EA5D43C51: start as a follower, conf=-1: [54498115-28c1-4381-b59e-fdf207a0d628|rpc:172.17.0.2:36069], old=null
2020-12-04 06:02:34,367 [pool-714-thread-1] INFO  impl.RaftServerImpl (RaftServerImpl.java:setRole(204)) - 54498115-28c1-4381-b59e-fdf207a0d628@group-AA6EA5D43C51: changes role from      null to FOLLOWER at term 0 for startAsFollower
2020-12-04 06:02:34,367 [pool-714-thread-1] INFO  impl.RoleInfo (RoleInfo.java:updateAndGet(143)) - 54498115-28c1-4381-b59e-fdf207a0d628: start 54498115-28c1-4381-b59e-fdf207a0d628@group-AA6EA5D43C51-FollowerState
2020-12-04 06:02:34,367 [pool-714-thread-1] INFO  util.JmxRegister (JmxRegister.java:tryRegister(44)) - Successfully registered JMX Bean with object name Ratis:service=RaftServer,group=group-AA6EA5D43C51,id=54498115-28c1-4381-b59e-fdf207a0d628
2020-12-04 06:02:34,367 [pool-714-thread-1] INFO  metrics.RatisMetrics (RatisMetrics.java:lambda$create$0(36)) - Creating Metrics Registry : ratis.state_machine.54498115-28c1-4381-b59e-fdf207a0d628@group-AA6EA5D43C51
2020-12-04 06:02:34,371 [Command processor thread] INFO  commandhandler.CreatePipelineCommandHandler (CreatePipelineCommandHandler.java:handle(106)) - Created Pipeline RATIS ONE PipelineID=2d1913a1-feb5-48b6-b1ae-aa6ea5d43c51.
2020-12-04 06:02:34,549 [Command processor thread] INFO  impl.RaftServerProxy (RaftServerProxy.java:addNew(93)) - 3f9b5df4-bd86-4512-adfe-d4a46e1501cb: addNew group-3774A1AC7F46:[3f9b5df4-bd86-4512-adfe-d4a46e1501cb|rpc:172.17.0.2:39957] returns group-3774A1AC7F46:java.util.concurrent.CompletableFuture@4e469886[Not completed]
2020-12-04 06:02:34,550 [pool-730-thread-1] INFO  impl.RaftServerImpl (RaftServerImpl.java:<init>(121)) - 3f9b5df4-bd86-4512-adfe-d4a46e1501cb: new RaftServerImpl for group-3774A1AC7F46:[3f9b5df4-bd86-4512-adfe-d4a46e1501cb|rpc:172.17.0.2:39957] with ContainerStateMachine:uninitialized
2020-12-04 06:02:34,550 [pool-730-thread-1] INFO  server.RaftServerConfigKeys (ConfUtils.java:logGet(44)) - raft.server.rpc.timeout.min = 5s (custom)
2020-12-04 06:02:34,550 [pool-730-thread-1] INFO  server.RaftServerConfigKeys (ConfUtils.java:logGet(44)) - raft.server.rpc.timeout.max = 5200ms (custom)
2020-12-04 06:02:34,550 [pool-730-thread-1] INFO  server.RaftServerConfigKeys (ConfUtils.java:logGet(44)) - raft.server.rpc.slowness.timeout = 300000ms (custom)
2020-12-04 06:02:34,551 [pool-730-thread-1] INFO  server.RaftServerConfigKeys (ConfUtils.java:logGet(44)) - raft.server.leaderelection.leader.step-down.wait-time = 10s (default)
2020-12-04 06:02:34,551 [pool-730-thread-1] INFO  server.RaftServerConfigKeys (ConfUtils.java:logGet(44)) - raft.server.sleep.deviation.threshold = 300 (default)
2020-12-04 06:02:34,551 [pool-730-thread-1] INFO  server.RaftServerConfigKeys (ConfUtils.java:logGet(44)) - raft.server.log.appender.install.snapshot.enabled = false (custom)
2020-12-04 06:02:34,551 [pool-730-thread-1] INFO  impl.RaftServerImpl (ServerState.java:<init>(104)) - 3f9b5df4-bd86-4512-adfe-d4a46e1501cb@group-3774A1AC7F46: ConfigurationManager, init=-1: [3f9b5df4-bd86-4512-adfe-d4a46e1501cb|rpc:172.17.0.2:39957], old=null, confs=<EMPTY_MAP>
2020-12-04 06:02:34,551 [pool-730-thread-1] INFO  server.RaftServerConfigKeys (ConfUtils.java:logGet(44)) - raft.server.storage.dir = [/github/workspace/mnt/ozone/hadoop-ozone/integration-test/target/test-dir/MiniOzoneClusterImpl-d0e62b51-0f1f-480e-8215-4f24b3183874/datanode-5/data/ratis] (custom)
2020-12-04 06:02:34,551 [pool-730-thread-1] INFO  server.RaftServerConfigKeys (ConfUtils.java:logGet(44)) - raft.server.log.corruption.policy = EXCEPTION (default)
2020-12-04 06:02:34,551 [pool-730-thread-1] INFO  storage.RaftStorageDirectory (RaftStorageDirectory.java:analyzeStorage(261)) - The storage directory /github/workspace/mnt/ozone/hadoop-ozone/integration-test/target/test-dir/MiniOzoneClusterImpl-d0e62b51-0f1f-480e-8215-4f24b3183874/datanode-5/data/ratis/55d23c07-bcca-4c2a-a489-3774a1ac7f46 does not exist. Creating ...
2020-12-04 06:02:34,553 [pool-730-thread-1] INFO  storage.RaftStorageDirectory (RaftStorageDirectory.java:tryLock(343)) - Lock on /github/workspace/mnt/ozone/hadoop-ozone/integration-test/target/test-dir/MiniOzoneClusterImpl-d0e62b51-0f1f-480e-8215-4f24b3183874/datanode-5/data/ratis/55d23c07-bcca-4c2a-a489-3774a1ac7f46/in_use.lock acquired by nodename 32520@63638dc2095a
2020-12-04 06:02:34,554 [pool-730-thread-1] INFO  storage.RaftStorage (RaftStorage.java:format(85)) - Storage directory /github/workspace/mnt/ozone/hadoop-ozone/integration-test/target/test-dir/MiniOzoneClusterImpl-d0e62b51-0f1f-480e-8215-4f24b3183874/datanode-5/data/ratis/55d23c07-bcca-4c2a-a489-3774a1ac7f46 has been successfully formatted.
2020-12-04 06:02:34,554 [pool-730-thread-1] INFO  ratis.ContainerStateMachine (ContainerStateMachine.java:loadSnapshot(225)) - group-3774A1AC7F46: The snapshot info is null. Setting the last applied indexto:(t:0, i:~)
2020-12-04 06:02:34,555 [pool-730-thread-1] INFO  server.RaftServerConfigKeys (ConfUtils.java:logGet(44)) - raft.server.notification.no-leader.timeout = 300000ms (custom)
2020-12-04 06:02:34,555 [pool-730-thread-1] INFO  server.RaftServerConfigKeys (ConfUtils.java:logGet(44)) - raft.server.log.use.memory = false (default)
2020-12-04 06:02:34,555 [pool-730-thread-1] INFO  server.RaftServerConfigKeys (ConfUtils.java:logGet(44)) - raft.server.log.purge.gap = 1000000 (custom)
2020-12-04 06:02:34,555 [EventQueue-PipelineReportForPipelineReportHandler] INFO  pipeline.PipelineStateManager (PipelineStateManager.java:openPipeline(132)) - Pipeline Pipeline[ Id: 55d23c07-bcca-4c2a-a489-3774a1ac7f46, Nodes: 3f9b5df4-bd86-4512-adfe-d4a46e1501cb{ip: 172.17.0.2, host: 63638dc2095a, networkLocation: /default-rack, certSerialId: null, persistedOpState: IN_SERVICE, persistedOpStateExpiryEpochSec: 0}, Type:RATIS, Factor:ONE, State:ALLOCATED, leaderId:3f9b5df4-bd86-4512-adfe-d4a46e1501cb, CreationTimestamp2020-12-04T06:02:31.553Z] moved to OPEN state
2020-12-04 06:02:34,556 [EventQueue-OpenPipelineForHealthyPipelineSafeModeRule] INFO  safemode.SCMSafeModeManager (HealthyPipelineSafeModeRule.java:process(128)) - SCM in safe mode. Healthy pipelines reported count is 0, required healthy pipeline reported count is 1
2020-12-04 06:02:34,555 [EventQueue-PipelineReportForOneReplicaPipelineSafeModeRule] INFO  safemode.SCMSafeModeManager (SCMSafeModeManager.java:validateSafeModeExitRules(214)) - AtleastOneDatanodeReportedRule rule is successfully validated
2020-12-04 06:02:34,556 [pool-730-thread-1] INFO  metrics.RatisMetrics (RatisMetrics.java:lambda$create$0(36)) - Creating Metrics Registry : ratis.log_worker.3f9b5df4-bd86-4512-adfe-d4a46e1501cb@group-3774A1AC7F46
2020-12-04 06:02:34,556 [pool-730-thread-1] INFO  server.RaftServerConfigKeys (ConfUtils.java:logGet(44)) - raft.server.log.appender.buffer.byte-limit = 33554432 (custom)
2020-12-04 06:02:34,556 [pool-730-thread-1] INFO  server.RaftServerConfigKeys (ConfUtils.java:logGet(44)) - raft.server.log.segment.size.max = 1048576 (custom)
2020-12-04 06:02:34,557 [pool-730-thread-1] INFO  server.RaftServerConfigKeys (ConfUtils.java:logGet(44)) - raft.server.log.segment.cache.num.max = 2 (custom)
2020-12-04 06:02:34,557 [pool-730-thread-1] INFO  segmented.SegmentedRaftLogWorker (SegmentedRaftLogWorker.java:<init>(180)) - new 3f9b5df4-bd86-4512-adfe-d4a46e1501cb@group-3774A1AC7F46-SegmentedRaftLogWorker for RaftStorage:Storage Directory /github/workspace/mnt/ozone/hadoop-ozone/integration-test/target/test-dir/MiniOzoneClusterImpl-d0e62b51-0f1f-480e-8215-4f24b3183874/datanode-5/data/ratis/55d23c07-bcca-4c2a-a489-3774a1ac7f46
2020-12-04 06:02:34,557 [pool-730-thread-1] INFO  server.RaftServerConfigKeys (ConfUtils.java:logGet(44)) - raft.server.log.queue.byte-limit = 2147483647 (custom)
2020-12-04 06:02:34,557 [pool-730-thread-1] INFO  server.RaftServerConfigKeys (ConfUtils.java:logGet(44)) - raft.server.log.queue.element-limit = 1024 (custom)
2020-12-04 06:02:34,557 [pool-730-thread-1] INFO  server.RaftServerConfigKeys (ConfUtils.java:logGet(44)) - raft.server.log.segment.size.max = 1048576 (custom)
2020-12-04 06:02:34,557 [pool-730-thread-1] INFO  server.RaftServerConfigKeys (ConfUtils.java:logGet(44)) - raft.server.log.preallocated.size = 16384 (custom)
2020-12-04 06:02:34,557 [pool-730-thread-1] INFO  server.RaftServerConfigKeys (ConfUtils.java:logGet(44)) - raft.server.log.write.buffer.size = 1048576 (custom)
2020-12-04 06:02:34,557 [pool-730-thread-1] INFO  server.RaftServerConfigKeys (ConfUtils.java:logGet(44)) - raft.server.log.force.sync.num = 128 (default)
2020-12-04 06:02:34,558 [pool-730-thread-1] INFO  server.RaftServerConfigKeys (ConfUtils.java:logGet(44)) - raft.server.log.statemachine.data.sync = true (default)
2020-12-04 06:02:34,558 [pool-730-thread-1] INFO  server.RaftServerConfigKeys (ConfUtils.java:logGet(44)) - raft.server.log.statemachine.data.sync.timeout = 10s (default)
2020-12-04 06:02:34,558 [pool-730-thread-1] INFO  server.RaftServerConfigKeys (ConfUtils.java:logGet(44)) - raft.server.log.statemachine.data.sync.timeout.retry = -1 (default)
2020-12-04 06:02:34,560 [pool-730-thread-1] INFO  server.RaftServerConfigKeys (ConfUtils.java:logGet(44)) - raft.server.log.statemachine.data.caching.enabled = true (custom)
2020-12-04 06:02:34,560 [pool-730-thread-1] INFO  segmented.SegmentedRaftLogWorker (SegmentedRaftLogWorker.java:lambda$new$0(129)) - 3f9b5df4-bd86-4512-adfe-d4a46e1501cb@group-3774A1AC7F46-SegmentedRaftLogWorker: flushIndex: setUnconditionally 0 -> -1
2020-12-04 06:02:34,560 [pool-730-thread-1] INFO  segmented.SegmentedRaftLogWorker (SegmentedRaftLogWorker.java:lambda$new$0(129)) - 3f9b5df4-bd86-4512-adfe-d4a46e1501cb@group-3774A1AC7F46-SegmentedRaftLogWorker: safeCacheEvictIndex: setUnconditionally 0 -> -1
2020-12-04 06:02:34,561 [pool-730-thread-1] INFO  server.RaftServerConfigKeys (ConfUtils.java:logGet(44)) - raft.server.snapshot.auto.trigger.enabled = true (custom)
2020-12-04 06:02:34,561 [pool-730-thread-1] INFO  server.RaftServerConfigKeys (ConfUtils.java:logGet(44)) - raft.server.snapshot.auto.trigger.threshold = 10000 (custom)
2020-12-04 06:02:34,561 [pool-730-thread-1] INFO  server.RaftServerConfigKeys (ConfUtils.java:logGet(44)) - raft.server.snapshot.retention.file.num = 5 (custom)
2020-12-04 06:02:34,561 [pool-730-thread-1] INFO  server.RaftServerConfigKeys (ConfUtils.java:logGet(44)) - raft.server.log.purge.upto.snapshot.index = false (default)
2020-12-04 06:02:34,561 [pool-730-thread-1] INFO  server.RaftServerConfigKeys (ConfUtils.java:logGet(44)) - raft.server.retrycache.expirytime = 600000ms (custom)
2020-12-04 06:02:34,561 [pool-730-thread-1] INFO  metrics.RatisMetrics (RatisMetrics.java:lambda$create$0(36)) - Creating Metrics Registry : ratis.leader_election.3f9b5df4-bd86-4512-adfe-d4a46e1501cb@group-3774A1AC7F46
2020-12-04 06:02:34,562 [pool-730-thread-1] INFO  metrics.RatisMetrics (RatisMetrics.java:lambda$create$0(36)) - Creating Metrics Registry : ratis.server.3f9b5df4-bd86-4512-adfe-d4a46e1501cb@group-3774A1AC7F46
2020-12-04 06:02:34,564 [pool-730-thread-1] INFO  impl.RaftServerImpl (RaftServerImpl.java:start(215)) - 3f9b5df4-bd86-4512-adfe-d4a46e1501cb@group-3774A1AC7F46: start as a follower, conf=-1: [3f9b5df4-bd86-4512-adfe-d4a46e1501cb|rpc:172.17.0.2:39957], old=null
2020-12-04 06:02:34,564 [pool-730-thread-1] INFO  impl.RaftServerImpl (RaftServerImpl.java:setRole(204)) - 3f9b5df4-bd86-4512-adfe-d4a46e1501cb@group-3774A1AC7F46: changes role from      null to FOLLOWER at term 0 for startAsFollower
2020-12-04 06:02:34,564 [pool-730-thread-1] INFO  impl.RoleInfo (RoleInfo.java:updateAndGet(143)) - 3f9b5df4-bd86-4512-adfe-d4a46e1501cb: start 3f9b5df4-bd86-4512-adfe-d4a46e1501cb@group-3774A1AC7F46-FollowerState
2020-12-04 06:02:34,565 [pool-730-thread-1] INFO  util.JmxRegister (JmxRegister.java:tryRegister(44)) - Successfully registered JMX Bean with object name Ratis:service=RaftServer,group=group-3774A1AC7F46,id=3f9b5df4-bd86-4512-adfe-d4a46e1501cb
2020-12-04 06:02:34,565 [pool-730-thread-1] INFO  metrics.RatisMetrics (RatisMetrics.java:lambda$create$0(36)) - Creating Metrics Registry : ratis.state_machine.3f9b5df4-bd86-4512-adfe-d4a46e1501cb@group-3774A1AC7F46
2020-12-04 06:02:34,566 [Command processor thread] INFO  commandhandler.CreatePipelineCommandHandler (CreatePipelineCommandHandler.java:handle(106)) - Created Pipeline RATIS ONE PipelineID=55d23c07-bcca-4c2a-a489-3774a1ac7f46.
2020-12-04 06:02:34,750 [Listener at 127.0.0.1/45059] INFO  ozone.MiniOzoneClusterImpl (MiniOzoneClusterImpl.java:lambda$waitForClusterToBeReady$0(178)) - Nodes are ready. Got 7 of 7 DN Heartbeats.
2020-12-04 06:02:34,750 [Listener at 127.0.0.1/45059] INFO  ozone.MiniOzoneClusterImpl (MiniOzoneClusterImpl.java:lambda$waitForClusterToBeReady$0(181)) - Waiting for cluster to exit safe mode
2020-12-04 06:02:34,750 [Command processor thread] INFO  impl.RaftServerProxy (RaftServerProxy.java:addNew(93)) - 5e97bab7-f049-4685-a9ad-e9f5ff9fc7c1: addNew group-80FA38FC4C8A:[5e97bab7-f049-4685-a9ad-e9f5ff9fc7c1|rpc:172.17.0.2:46089] returns group-80FA38FC4C8A:java.util.concurrent.CompletableFuture@1bf6df43[Not completed]
2020-12-04 06:02:34,752 [pool-746-thread-1] INFO  impl.RaftServerImpl (RaftServerImpl.java:<init>(121)) - 5e97bab7-f049-4685-a9ad-e9f5ff9fc7c1: new RaftServerImpl for group-80FA38FC4C8A:[5e97bab7-f049-4685-a9ad-e9f5ff9fc7c1|rpc:172.17.0.2:46089] with ContainerStateMachine:uninitialized
2020-12-04 06:02:34,753 [pool-746-thread-1] INFO  server.RaftServerConfigKeys (ConfUtils.java:logGet(44)) - raft.server.rpc.timeout.min = 5s (custom)
2020-12-04 06:02:34,753 [pool-746-thread-1] INFO  server.RaftServerConfigKeys (ConfUtils.java:logGet(44)) - raft.server.rpc.timeout.max = 5200ms (custom)
2020-12-04 06:02:34,753 [pool-746-thread-1] INFO  server.RaftServerConfigKeys (ConfUtils.java:logGet(44)) - raft.server.rpc.slowness.timeout = 300000ms (custom)
2020-12-04 06:02:34,753 [pool-746-thread-1] INFO  server.RaftServerConfigKeys (ConfUtils.java:logGet(44)) - raft.server.leaderelection.leader.step-down.wait-time = 10s (default)
2020-12-04 06:02:34,753 [pool-746-thread-1] INFO  server.RaftServerConfigKeys (ConfUtils.java:logGet(44)) - raft.server.sleep.deviation.threshold = 300 (default)
2020-12-04 06:02:34,753 [pool-746-thread-1] INFO  server.RaftServerConfigKeys (ConfUtils.java:logGet(44)) - raft.server.log.appender.install.snapshot.enabled = false (custom)
2020-12-04 06:02:34,753 [pool-746-thread-1] INFO  impl.RaftServerImpl (ServerState.java:<init>(104)) - 5e97bab7-f049-4685-a9ad-e9f5ff9fc7c1@group-80FA38FC4C8A: ConfigurationManager, init=-1: [5e97bab7-f049-4685-a9ad-e9f5ff9fc7c1|rpc:172.17.0.2:46089], old=null, confs=<EMPTY_MAP>
2020-12-04 06:02:34,753 [pool-746-thread-1] INFO  server.RaftServerConfigKeys (ConfUtils.java:logGet(44)) - raft.server.storage.dir = [/github/workspace/mnt/ozone/hadoop-ozone/integration-test/target/test-dir/MiniOzoneClusterImpl-d0e62b51-0f1f-480e-8215-4f24b3183874/datanode-6/data/ratis] (custom)
2020-12-04 06:02:34,753 [pool-746-thread-1] INFO  server.RaftServerConfigKeys (ConfUtils.java:logGet(44)) - raft.server.log.corruption.policy = EXCEPTION (default)
2020-12-04 06:02:34,753 [pool-746-thread-1] INFO  storage.RaftStorageDirectory (RaftStorageDirectory.java:analyzeStorage(261)) - The storage directory /github/workspace/mnt/ozone/hadoop-ozone/integration-test/target/test-dir/MiniOzoneClusterImpl-d0e62b51-0f1f-480e-8215-4f24b3183874/datanode-6/data/ratis/9516a70f-611a-44b0-a7e3-80fa38fc4c8a does not exist. Creating ...
2020-12-04 06:02:34,754 [pool-746-thread-1] INFO  storage.RaftStorageDirectory (RaftStorageDirectory.java:tryLock(343)) - Lock on /github/workspace/mnt/ozone/hadoop-ozone/integration-test/target/test-dir/MiniOzoneClusterImpl-d0e62b51-0f1f-480e-8215-4f24b3183874/datanode-6/data/ratis/9516a70f-611a-44b0-a7e3-80fa38fc4c8a/in_use.lock acquired by nodename 32520@63638dc2095a
2020-12-04 06:02:34,756 [pool-746-thread-1] INFO  storage.RaftStorage (RaftStorage.java:format(85)) - Storage directory /github/workspace/mnt/ozone/hadoop-ozone/integration-test/target/test-dir/MiniOzoneClusterImpl-d0e62b51-0f1f-480e-8215-4f24b3183874/datanode-6/data/ratis/9516a70f-611a-44b0-a7e3-80fa38fc4c8a has been successfully formatted.
2020-12-04 06:02:34,756 [pool-746-thread-1] INFO  ratis.ContainerStateMachine (ContainerStateMachine.java:loadSnapshot(225)) - group-80FA38FC4C8A: The snapshot info is null. Setting the last applied indexto:(t:0, i:~)
2020-12-04 06:02:34,757 [pool-746-thread-1] INFO  server.RaftServerConfigKeys (ConfUtils.java:logGet(44)) - raft.server.notification.no-leader.timeout = 300000ms (custom)
2020-12-04 06:02:34,757 [pool-746-thread-1] INFO  server.RaftServerConfigKeys (ConfUtils.java:logGet(44)) - raft.server.log.use.memory = false (default)
2020-12-04 06:02:34,757 [pool-746-thread-1] INFO  server.RaftServerConfigKeys (ConfUtils.java:logGet(44)) - raft.server.log.purge.gap = 1000000 (custom)
2020-12-04 06:02:34,757 [pool-746-thread-1] INFO  metrics.RatisMetrics (RatisMetrics.java:lambda$create$0(36)) - Creating Metrics Registry : ratis.log_worker.5e97bab7-f049-4685-a9ad-e9f5ff9fc7c1@group-80FA38FC4C8A
2020-12-04 06:02:34,757 [EventQueue-PipelineReportForPipelineReportHandler] INFO  pipeline.PipelineStateManager (PipelineStateManager.java:openPipeline(132)) - Pipeline Pipeline[ Id: 9516a70f-611a-44b0-a7e3-80fa38fc4c8a, Nodes: 5e97bab7-f049-4685-a9ad-e9f5ff9fc7c1{ip: 172.17.0.2, host: 63638dc2095a, networkLocation: /default-rack, certSerialId: null, persistedOpState: IN_SERVICE, persistedOpStateExpiryEpochSec: 0}, Type:RATIS, Factor:ONE, State:ALLOCATED, leaderId:5e97bab7-f049-4685-a9ad-e9f5ff9fc7c1, CreationTimestamp2020-12-04T06:02:31.752Z] moved to OPEN state
2020-12-04 06:02:34,757 [EventQueue-PipelineReportForOneReplicaPipelineSafeModeRule] INFO  safemode.SCMSafeModeManager (SCMSafeModeManager.java:validateSafeModeExitRules(214)) - AtleastOneDatanodeReportedRule rule is successfully validated
2020-12-04 06:02:34,757 [EventQueue-OpenPipelineForHealthyPipelineSafeModeRule] INFO  safemode.SCMSafeModeManager (HealthyPipelineSafeModeRule.java:process(128)) - SCM in safe mode. Healthy pipelines reported count is 0, required healthy pipeline reported count is 1
2020-12-04 06:02:34,758 [pool-746-thread-1] INFO  server.RaftServerConfigKeys (ConfUtils.java:logGet(44)) - raft.server.log.appender.buffer.byte-limit = 33554432 (custom)
2020-12-04 06:02:34,758 [pool-746-thread-1] INFO  server.RaftServerConfigKeys (ConfUtils.java:logGet(44)) - raft.server.log.segment.size.max = 1048576 (custom)
2020-12-04 06:02:34,759 [pool-746-thread-1] INFO  server.RaftServerConfigKeys (ConfUtils.java:logGet(44)) - raft.server.log.segment.cache.num.max = 2 (custom)
2020-12-04 06:02:34,759 [pool-746-thread-1] INFO  segmented.SegmentedRaftLogWorker (SegmentedRaftLogWorker.java:<init>(180)) - new 5e97bab7-f049-4685-a9ad-e9f5ff9fc7c1@group-80FA38FC4C8A-SegmentedRaftLogWorker for RaftStorage:Storage Directory /github/workspace/mnt/ozone/hadoop-ozone/integration-test/target/test-dir/MiniOzoneClusterImpl-d0e62b51-0f1f-480e-8215-4f24b3183874/datanode-6/data/ratis/9516a70f-611a-44b0-a7e3-80fa38fc4c8a
2020-12-04 06:02:34,759 [pool-746-thread-1] INFO  server.RaftServerConfigKeys (ConfUtils.java:logGet(44)) - raft.server.log.queue.byte-limit = 2147483647 (custom)
2020-12-04 06:02:34,759 [pool-746-thread-1] INFO  server.RaftServerConfigKeys (ConfUtils.java:logGet(44)) - raft.server.log.queue.element-limit = 1024 (custom)
2020-12-04 06:02:34,759 [pool-746-thread-1] INFO  server.RaftServerConfigKeys (ConfUtils.java:logGet(44)) - raft.server.log.segment.size.max = 1048576 (custom)
2020-12-04 06:02:34,759 [pool-746-thread-1] INFO  server.RaftServerConfigKeys (ConfUtils.java:logGet(44)) - raft.server.log.preallocated.size = 16384 (custom)
2020-12-04 06:02:34,759 [pool-746-thread-1] INFO  server.RaftServerConfigKeys (ConfUtils.java:logGet(44)) - raft.server.log.write.buffer.size = 1048576 (custom)
2020-12-04 06:02:34,759 [pool-746-thread-1] INFO  server.RaftServerConfigKeys (ConfUtils.java:logGet(44)) - raft.server.log.force.sync.num = 128 (default)
2020-12-04 06:02:34,759 [pool-746-thread-1] INFO  server.RaftServerConfigKeys (ConfUtils.java:logGet(44)) - raft.server.log.statemachine.data.sync = true (default)
2020-12-04 06:02:34,759 [pool-746-thread-1] INFO  server.RaftServerConfigKeys (ConfUtils.java:logGet(44)) - raft.server.log.statemachine.data.sync.timeout = 10s (default)
2020-12-04 06:02:34,759 [pool-746-thread-1] INFO  server.RaftServerConfigKeys (ConfUtils.java:logGet(44)) - raft.server.log.statemachine.data.sync.timeout.retry = -1 (default)
2020-12-04 06:02:34,762 [pool-746-thread-1] INFO  server.RaftServerConfigKeys (ConfUtils.java:logGet(44)) - raft.server.log.statemachine.data.caching.enabled = true (custom)
2020-12-04 06:02:34,762 [pool-746-thread-1] INFO  segmented.SegmentedRaftLogWorker (SegmentedRaftLogWorker.java:lambda$new$0(129)) - 5e97bab7-f049-4685-a9ad-e9f5ff9fc7c1@group-80FA38FC4C8A-SegmentedRaftLogWorker: flushIndex: setUnconditionally 0 -> -1
2020-12-04 06:02:34,762 [pool-746-thread-1] INFO  segmented.SegmentedRaftLogWorker (SegmentedRaftLogWorker.java:lambda$new$0(129)) - 5e97bab7-f049-4685-a9ad-e9f5ff9fc7c1@group-80FA38FC4C8A-SegmentedRaftLogWorker: safeCacheEvictIndex: setUnconditionally 0 -> -1
2020-12-04 06:02:34,762 [pool-746-thread-1] INFO  server.RaftServerConfigKeys (ConfUtils.java:logGet(44)) - raft.server.snapshot.auto.trigger.enabled = true (custom)
2020-12-04 06:02:34,762 [pool-746-thread-1] INFO  server.RaftServerConfigKeys (ConfUtils.java:logGet(44)) - raft.server.snapshot.auto.trigger.threshold = 10000 (custom)
2020-12-04 06:02:34,762 [pool-746-thread-1] INFO  server.RaftServerConfigKeys (ConfUtils.java:logGet(44)) - raft.server.snapshot.retention.file.num = 5 (custom)
2020-12-04 06:02:34,762 [pool-746-thread-1] INFO  server.RaftServerConfigKeys (ConfUtils.java:logGet(44)) - raft.server.log.purge.upto.snapshot.index = false (default)
2020-12-04 06:02:34,763 [pool-746-thread-1] INFO  server.RaftServerConfigKeys (ConfUtils.java:logGet(44)) - raft.server.retrycache.expirytime = 600000ms (custom)
2020-12-04 06:02:34,763 [pool-746-thread-1] INFO  metrics.RatisMetrics (RatisMetrics.java:lambda$create$0(36)) - Creating Metrics Registry : ratis.leader_election.5e97bab7-f049-4685-a9ad-e9f5ff9fc7c1@group-80FA38FC4C8A
2020-12-04 06:02:34,763 [pool-746-thread-1] INFO  metrics.RatisMetrics (RatisMetrics.java:lambda$create$0(36)) - Creating Metrics Registry : ratis.server.5e97bab7-f049-4685-a9ad-e9f5ff9fc7c1@group-80FA38FC4C8A
2020-12-04 06:02:34,765 [pool-746-thread-1] INFO  impl.RaftServerImpl (RaftServerImpl.java:start(215)) - 5e97bab7-f049-4685-a9ad-e9f5ff9fc7c1@group-80FA38FC4C8A: start as a follower, conf=-1: [5e97bab7-f049-4685-a9ad-e9f5ff9fc7c1|rpc:172.17.0.2:46089], old=null
2020-12-04 06:02:34,765 [pool-746-thread-1] INFO  impl.RaftServerImpl (RaftServerImpl.java:setRole(204)) - 5e97bab7-f049-4685-a9ad-e9f5ff9fc7c1@group-80FA38FC4C8A: changes role from      null to FOLLOWER at term 0 for startAsFollower
2020-12-04 06:02:34,765 [pool-746-thread-1] INFO  impl.RoleInfo (RoleInfo.java:updateAndGet(143)) - 5e97bab7-f049-4685-a9ad-e9f5ff9fc7c1: start 5e97bab7-f049-4685-a9ad-e9f5ff9fc7c1@group-80FA38FC4C8A-FollowerState
2020-12-04 06:02:34,765 [pool-746-thread-1] INFO  util.JmxRegister (JmxRegister.java:tryRegister(44)) - Successfully registered JMX Bean with object name Ratis:service=RaftServer,group=group-80FA38FC4C8A,id=5e97bab7-f049-4685-a9ad-e9f5ff9fc7c1
2020-12-04 06:02:34,765 [pool-746-thread-1] INFO  metrics.RatisMetrics (RatisMetrics.java:lambda$create$0(36)) - Creating Metrics Registry : ratis.state_machine.5e97bab7-f049-4685-a9ad-e9f5ff9fc7c1@group-80FA38FC4C8A
2020-12-04 06:02:34,766 [Command processor thread] INFO  commandhandler.CreatePipelineCommandHandler (CreatePipelineCommandHandler.java:handle(106)) - Created Pipeline RATIS ONE PipelineID=9516a70f-611a-44b0-a7e3-80fa38fc4c8a.
2020-12-04 06:02:35,751 [Listener at 127.0.0.1/45059] INFO  ozone.MiniOzoneClusterImpl (MiniOzoneClusterImpl.java:lambda$waitForClusterToBeReady$0(178)) - Nodes are ready. Got 7 of 7 DN Heartbeats.
2020-12-04 06:02:35,751 [Listener at 127.0.0.1/45059] INFO  ozone.MiniOzoneClusterImpl (MiniOzoneClusterImpl.java:lambda$waitForClusterToBeReady$0(181)) - Waiting for cluster to exit safe mode
2020-12-04 06:02:36,751 [Listener at 127.0.0.1/45059] INFO  ozone.MiniOzoneClusterImpl (MiniOzoneClusterImpl.java:lambda$waitForClusterToBeReady$0(178)) - Nodes are ready. Got 7 of 7 DN Heartbeats.
2020-12-04 06:02:36,751 [Listener at 127.0.0.1/45059] INFO  ozone.MiniOzoneClusterImpl (MiniOzoneClusterImpl.java:lambda$waitForClusterToBeReady$0(181)) - Waiting for cluster to exit safe mode
2020-12-04 06:02:37,751 [Listener at 127.0.0.1/45059] INFO  ozone.MiniOzoneClusterImpl (MiniOzoneClusterImpl.java:lambda$waitForClusterToBeReady$0(178)) - Nodes are ready. Got 7 of 7 DN Heartbeats.
2020-12-04 06:02:37,752 [Listener at 127.0.0.1/45059] INFO  ozone.MiniOzoneClusterImpl (MiniOzoneClusterImpl.java:lambda$waitForClusterToBeReady$0(181)) - Waiting for cluster to exit safe mode
2020-12-04 06:02:38,679 [Thread-2537] INFO  impl.FollowerState (FollowerState.java:run(128)) - 025f93f1-dfc8-4208-80d2-20f4a1ba9bf1@group-A6CD88BF67F2-FollowerState: change to CANDIDATE, lastRpcTime:5021ms, electionTimeout:5021ms
2020-12-04 06:02:38,679 [Thread-2537] INFO  impl.RoleInfo (RoleInfo.java:shutdownFollowerState(121)) - 025f93f1-dfc8-4208-80d2-20f4a1ba9bf1: shutdown 025f93f1-dfc8-4208-80d2-20f4a1ba9bf1@group-A6CD88BF67F2-FollowerState
2020-12-04 06:02:38,679 [Thread-2537] INFO  impl.RaftServerImpl (RaftServerImpl.java:setRole(204)) - 025f93f1-dfc8-4208-80d2-20f4a1ba9bf1@group-A6CD88BF67F2: changes role from  FOLLOWER to CANDIDATE at term 0 for changeToCandidate
2020-12-04 06:02:38,679 [Thread-2537] INFO  impl.RoleInfo (RoleInfo.java:updateAndGet(143)) - 025f93f1-dfc8-4208-80d2-20f4a1ba9bf1: start 025f93f1-dfc8-4208-80d2-20f4a1ba9bf1@group-A6CD88BF67F2-LeaderElection65
2020-12-04 06:02:38,690 [025f93f1-dfc8-4208-80d2-20f4a1ba9bf1@group-A6CD88BF67F2-LeaderElection65] INFO  impl.LeaderElection (LeaderElection.java:askForVotes(215)) - 025f93f1-dfc8-4208-80d2-20f4a1ba9bf1@group-A6CD88BF67F2-LeaderElection65: begin an election at term 1 for -1: [5e885a77-8b3e-4dc5-b522-5cb06ff98b04|rpc:172.17.0.2:39901|dataStream:, a43a40a6-1ac9-4df3-821c-5cd06fa3b4e5|rpc:172.17.0.2:36909|dataStream:, 025f93f1-dfc8-4208-80d2-20f4a1ba9bf1|rpc:172.17.0.2:36183|dataStream:], old=null
2020-12-04 06:02:38,695 [Thread-2532] INFO  impl.FollowerState (FollowerState.java:run(128)) - a43a40a6-1ac9-4df3-821c-5cd06fa3b4e5@group-FDFAA90BAE53-FollowerState: change to CANDIDATE, lastRpcTime:5078ms, electionTimeout:5078ms
2020-12-04 06:02:38,695 [Thread-2532] INFO  impl.RoleInfo (RoleInfo.java:shutdownFollowerState(121)) - a43a40a6-1ac9-4df3-821c-5cd06fa3b4e5: shutdown a43a40a6-1ac9-4df3-821c-5cd06fa3b4e5@group-FDFAA90BAE53-FollowerState
2020-12-04 06:02:38,695 [Thread-2532] INFO  impl.RaftServerImpl (RaftServerImpl.java:setRole(204)) - a43a40a6-1ac9-4df3-821c-5cd06fa3b4e5@group-FDFAA90BAE53: changes role from  FOLLOWER to CANDIDATE at term 0 for changeToCandidate
2020-12-04 06:02:38,695 [Thread-2532] INFO  impl.RoleInfo (RoleInfo.java:updateAndGet(143)) - a43a40a6-1ac9-4df3-821c-5cd06fa3b4e5: start a43a40a6-1ac9-4df3-821c-5cd06fa3b4e5@group-FDFAA90BAE53-LeaderElection66
2020-12-04 06:02:38,696 [Thread-2527] INFO  impl.FollowerState (FollowerState.java:run(128)) - 5e885a77-8b3e-4dc5-b522-5cb06ff98b04@group-FDFAA90BAE53-FollowerState: change to CANDIDATE, lastRpcTime:5133ms, electionTimeout:5130ms
2020-12-04 06:02:38,696 [Thread-2527] INFO  impl.RoleInfo (RoleInfo.java:shutdownFollowerState(121)) - 5e885a77-8b3e-4dc5-b522-5cb06ff98b04: shutdown 5e885a77-8b3e-4dc5-b522-5cb06ff98b04@group-FDFAA90BAE53-FollowerState
2020-12-04 06:02:38,696 [Thread-2527] INFO  impl.RaftServerImpl (RaftServerImpl.java:setRole(204)) - 5e885a77-8b3e-4dc5-b522-5cb06ff98b04@group-FDFAA90BAE53: changes role from  FOLLOWER to CANDIDATE at term 0 for changeToCandidate
2020-12-04 06:02:38,696 [Thread-2527] INFO  impl.RoleInfo (RoleInfo.java:updateAndGet(143)) - 5e885a77-8b3e-4dc5-b522-5cb06ff98b04: start 5e885a77-8b3e-4dc5-b522-5cb06ff98b04@group-FDFAA90BAE53-LeaderElection67
2020-12-04 06:02:38,702 [Thread-2535] INFO  impl.FollowerState (FollowerState.java:run(128)) - 5e885a77-8b3e-4dc5-b522-5cb06ff98b04@group-A6CD88BF67F2-FollowerState: change to CANDIDATE, lastRpcTime:5069ms, electionTimeout:5068ms
2020-12-04 06:02:38,704 [grpc-default-executor-1] INFO  metrics.RatisMetrics (RatisMetrics.java:lambda$create$0(36)) - Creating Metrics Registry : ratis.server_message_metrics.5e885a77-8b3e-4dc5-b522-5cb06ff98b04
2020-12-04 06:02:38,705 [a43a40a6-1ac9-4df3-821c-5cd06fa3b4e5@group-FDFAA90BAE53-LeaderElection66] INFO  impl.LeaderElection (LeaderElection.java:askForVotes(215)) - a43a40a6-1ac9-4df3-821c-5cd06fa3b4e5@group-FDFAA90BAE53-LeaderElection66: begin an election at term 1 for -1: [5e885a77-8b3e-4dc5-b522-5cb06ff98b04|rpc:172.17.0.2:39901|dataStream:, a43a40a6-1ac9-4df3-821c-5cd06fa3b4e5|rpc:172.17.0.2:36909|dataStream:, 025f93f1-dfc8-4208-80d2-20f4a1ba9bf1|rpc:172.17.0.2:36183|dataStream:], old=null
2020-12-04 06:02:38,711 [Thread-2535] INFO  impl.RoleInfo (RoleInfo.java:shutdownFollowerState(121)) - 5e885a77-8b3e-4dc5-b522-5cb06ff98b04: shutdown 5e885a77-8b3e-4dc5-b522-5cb06ff98b04@group-A6CD88BF67F2-FollowerState
2020-12-04 06:02:38,711 [Thread-2535] INFO  impl.RaftServerImpl (RaftServerImpl.java:setRole(204)) - 5e885a77-8b3e-4dc5-b522-5cb06ff98b04@group-A6CD88BF67F2: changes role from  FOLLOWER to CANDIDATE at term 0 for changeToCandidate
2020-12-04 06:02:38,711 [Thread-2535] INFO  impl.RoleInfo (RoleInfo.java:updateAndGet(143)) - 5e885a77-8b3e-4dc5-b522-5cb06ff98b04: start 5e885a77-8b3e-4dc5-b522-5cb06ff98b04@group-A6CD88BF67F2-LeaderElection68
2020-12-04 06:02:38,713 [grpc-default-executor-5] INFO  impl.RaftServerImpl (RaftServerImpl.java:setRole(204)) - a43a40a6-1ac9-4df3-821c-5cd06fa3b4e5@group-A6CD88BF67F2: changes role from  FOLLOWER to FOLLOWER at term 1 for recognizeCandidate:025f93f1-dfc8-4208-80d2-20f4a1ba9bf1
2020-12-04 06:02:38,713 [5e885a77-8b3e-4dc5-b522-5cb06ff98b04@group-FDFAA90BAE53-LeaderElection67] INFO  impl.LeaderElection (LeaderElection.java:askForVotes(215)) - 5e885a77-8b3e-4dc5-b522-5cb06ff98b04@group-FDFAA90BAE53-LeaderElection67: begin an election at term 1 for -1: [5e885a77-8b3e-4dc5-b522-5cb06ff98b04|rpc:172.17.0.2:39901, a43a40a6-1ac9-4df3-821c-5cd06fa3b4e5|rpc:172.17.0.2:36909, 025f93f1-dfc8-4208-80d2-20f4a1ba9bf1|rpc:172.17.0.2:36183], old=null
2020-12-04 06:02:38,713 [grpc-default-executor-5] INFO  impl.RoleInfo (RoleInfo.java:shutdownFollowerState(121)) - a43a40a6-1ac9-4df3-821c-5cd06fa3b4e5: shutdown a43a40a6-1ac9-4df3-821c-5cd06fa3b4e5@group-A6CD88BF67F2-FollowerState
2020-12-04 06:02:38,715 [Thread-2525] INFO  impl.FollowerState (FollowerState.java:run(128)) - 5e885a77-8b3e-4dc5-b522-5cb06ff98b04@group-83C1F51174BF-FollowerState: change to CANDIDATE, lastRpcTime:5168ms, electionTimeout:5168ms
2020-12-04 06:02:38,715 [Thread-2525] INFO  impl.RoleInfo (RoleInfo.java:shutdownFollowerState(121)) - 5e885a77-8b3e-4dc5-b522-5cb06ff98b04: shutdown 5e885a77-8b3e-4dc5-b522-5cb06ff98b04@group-83C1F51174BF-FollowerState
2020-12-04 06:02:38,715 [Thread-2525] INFO  impl.RaftServerImpl (RaftServerImpl.java:setRole(204)) - 5e885a77-8b3e-4dc5-b522-5cb06ff98b04@group-83C1F51174BF: changes role from  FOLLOWER to CANDIDATE at term 0 for changeToCandidate
2020-12-04 06:02:38,715 [Thread-2525] INFO  impl.RoleInfo (RoleInfo.java:updateAndGet(143)) - 5e885a77-8b3e-4dc5-b522-5cb06ff98b04: start 5e885a77-8b3e-4dc5-b522-5cb06ff98b04@group-83C1F51174BF-LeaderElection69
2020-12-04 06:02:38,721 [grpc-default-executor-5] INFO  impl.RoleInfo (RoleInfo.java:updateAndGet(143)) - a43a40a6-1ac9-4df3-821c-5cd06fa3b4e5: start a43a40a6-1ac9-4df3-821c-5cd06fa3b4e5@group-A6CD88BF67F2-FollowerState
2020-12-04 06:02:38,722 [grpc-default-executor-1] INFO  impl.RaftServerImpl (RaftServerImpl.java:setRole(204)) - 5e885a77-8b3e-4dc5-b522-5cb06ff98b04@group-A6CD88BF67F2: changes role from CANDIDATE to FOLLOWER at term 1 for recognizeCandidate:025f93f1-dfc8-4208-80d2-20f4a1ba9bf1
2020-12-04 06:02:38,722 [grpc-default-executor-1] INFO  impl.RoleInfo (RoleInfo.java:shutdownLeaderElection(134)) - 5e885a77-8b3e-4dc5-b522-5cb06ff98b04: shutdown 5e885a77-8b3e-4dc5-b522-5cb06ff98b04@group-A6CD88BF67F2-LeaderElection68
2020-12-04 06:02:38,722 [Thread-2540] INFO  impl.FollowerState (FollowerState.java:run(137)) - a43a40a6-1ac9-4df3-821c-5cd06fa3b4e5@group-A6CD88BF67F2-FollowerState was interrupted: {}
java.lang.InterruptedException: sleep interrupted
	at java.lang.Thread.sleep(Native Method)
	at org.apache.ratis.util.JavaUtils.sleep(JavaUtils.java:250)
	at org.apache.ratis.server.impl.FollowerState.run(FollowerState.java:116)
2020-12-04 06:02:38,722 [grpc-default-executor-5] INFO  impl.RaftServerImpl (RaftServerImpl.java:requestVote(963)) -  FOLLOWER a43a40a6-1ac9-4df3-821c-5cd06fa3b4e5@group-A6CD88BF67F2:t1, leader=null, voted=null, raftlog=a43a40a6-1ac9-4df3-821c-5cd06fa3b4e5@group-A6CD88BF67F2-SegmentedRaftLog:OPENED:c-1,f-1,i0, conf=-1: [5e885a77-8b3e-4dc5-b522-5cb06ff98b04|rpc:172.17.0.2:39901|dataStream:, a43a40a6-1ac9-4df3-821c-5cd06fa3b4e5|rpc:172.17.0.2:36909|dataStream:, 025f93f1-dfc8-4208-80d2-20f4a1ba9bf1|rpc:172.17.0.2:36183|dataStream:], old=null RUNNING priority:0 candidate:025f93f1-dfc8-4208-80d2-20f4a1ba9bf1|rpc:172.17.0.2:36183|dataStream: candidatePriority:0 compare:0
2020-12-04 06:02:38,736 [grpc-default-executor-1] INFO  impl.RoleInfo (RoleInfo.java:updateAndGet(143)) - 5e885a77-8b3e-4dc5-b522-5cb06ff98b04: start 5e885a77-8b3e-4dc5-b522-5cb06ff98b04@group-A6CD88BF67F2-FollowerState
2020-12-04 06:02:38,739 [025f93f1-dfc8-4208-80d2-20f4a1ba9bf1@group-A6CD88BF67F2-LeaderElection65] INFO  impl.LeaderElection (LeaderElection.java:logAndReturn(65)) - 025f93f1-dfc8-4208-80d2-20f4a1ba9bf1@group-A6CD88BF67F2-LeaderElection65: Election PASSED; received 1 response(s) [025f93f1-dfc8-4208-80d2-20f4a1ba9bf1<-a43a40a6-1ac9-4df3-821c-5cd06fa3b4e5#0:OK-t1] and 0 exception(s); 025f93f1-dfc8-4208-80d2-20f4a1ba9bf1@group-A6CD88BF67F2:t1, leader=null, voted=025f93f1-dfc8-4208-80d2-20f4a1ba9bf1, raftlog=025f93f1-dfc8-4208-80d2-20f4a1ba9bf1@group-A6CD88BF67F2-SegmentedRaftLog:OPENED:c-1,f-1,i0, conf=-1: [5e885a77-8b3e-4dc5-b522-5cb06ff98b04|rpc:172.17.0.2:39901|dataStream:, a43a40a6-1ac9-4df3-821c-5cd06fa3b4e5|rpc:172.17.0.2:36909|dataStream:, 025f93f1-dfc8-4208-80d2-20f4a1ba9bf1|rpc:172.17.0.2:36183|dataStream:], old=null
2020-12-04 06:02:38,739 [025f93f1-dfc8-4208-80d2-20f4a1ba9bf1@group-A6CD88BF67F2-LeaderElection65] INFO  impl.RoleInfo (RoleInfo.java:shutdownLeaderElection(134)) - 025f93f1-dfc8-4208-80d2-20f4a1ba9bf1: shutdown 025f93f1-dfc8-4208-80d2-20f4a1ba9bf1@group-A6CD88BF67F2-LeaderElection65
2020-12-04 06:02:38,739 [025f93f1-dfc8-4208-80d2-20f4a1ba9bf1@group-A6CD88BF67F2-LeaderElection65] INFO  impl.RaftServerImpl (RaftServerImpl.java:setRole(204)) - 025f93f1-dfc8-4208-80d2-20f4a1ba9bf1@group-A6CD88BF67F2: changes role from CANDIDATE to LEADER at term 1 for changeToLeader
2020-12-04 06:02:38,739 [025f93f1-dfc8-4208-80d2-20f4a1ba9bf1@group-A6CD88BF67F2-LeaderElection65] INFO  ratis.XceiverServerRatis (XceiverServerRatis.java:handleLeaderChangedNotification(854)) - Leader change notification received for group: group-A6CD88BF67F2 with new leaderId: 025f93f1-dfc8-4208-80d2-20f4a1ba9bf1
2020-12-04 06:02:38,741 [025f93f1-dfc8-4208-80d2-20f4a1ba9bf1@group-A6CD88BF67F2-LeaderElection65] INFO  impl.RaftServerImpl (ServerState.java:setLeader(256)) - 025f93f1-dfc8-4208-80d2-20f4a1ba9bf1@group-A6CD88BF67F2: change Leader from null to 025f93f1-dfc8-4208-80d2-20f4a1ba9bf1 at term 1 for becomeLeader, leader elected after 5090ms
2020-12-04 06:02:38,741 [025f93f1-dfc8-4208-80d2-20f4a1ba9bf1@group-A6CD88BF67F2-LeaderElection65] INFO  server.RaftServerConfigKeys (ConfUtils.java:logGet(44)) - raft.server.staging.catchup.gap = 1000 (default)
2020-12-04 06:02:38,741 [025f93f1-dfc8-4208-80d2-20f4a1ba9bf1@group-A6CD88BF67F2-LeaderElection65] INFO  server.RaftServerConfigKeys (ConfUtils.java:logGet(44)) - raft.server.rpc.sleep.time = 25ms (default)
2020-12-04 06:02:38,741 [025f93f1-dfc8-4208-80d2-20f4a1ba9bf1@group-A6CD88BF67F2-LeaderElection65] INFO  metrics.RatisMetrics (RatisMetrics.java:lambda$create$0(36)) - Creating Metrics Registry : ratis.log_appender.025f93f1-dfc8-4208-80d2-20f4a1ba9bf1@group-A6CD88BF67F2
2020-12-04 06:02:38,741 [025f93f1-dfc8-4208-80d2-20f4a1ba9bf1@group-A6CD88BF67F2-LeaderElection65] INFO  server.RaftServerConfigKeys (ConfUtils.java:logGet(44)) - raft.server.write.element-limit = 1024 (custom)
2020-12-04 06:02:38,741 [025f93f1-dfc8-4208-80d2-20f4a1ba9bf1@group-A6CD88BF67F2-LeaderElection65] INFO  server.RaftServerConfigKeys (ConfUtils.java:logGet(44)) - raft.server.write.byte-limit = 1073741824 (custom)
2020-12-04 06:02:38,742 [025f93f1-dfc8-4208-80d2-20f4a1ba9bf1@group-A6CD88BF67F2-LeaderElection65] INFO  server.RaftServerConfigKeys (ConfUtils.java:logGet(44)) - raft.server.watch.timeout = 3000ms (custom)
2020-12-04 06:02:38,742 [025f93f1-dfc8-4208-80d2-20f4a1ba9bf1@group-A6CD88BF67F2-LeaderElection65] INFO  server.RaftServerConfigKeys (ConfUtils.java:logGet(44)) - raft.server.watch.timeout.denomination = 1s (default)
2020-12-04 06:02:38,742 [025f93f1-dfc8-4208-80d2-20f4a1ba9bf1@group-A6CD88BF67F2-LeaderElection65] INFO  server.RaftServerConfigKeys (ConfUtils.java:logGet(44)) - raft.server.watch.element-limit = 65536 (default)
2020-12-04 06:02:38,744 [025f93f1-dfc8-4208-80d2-20f4a1ba9bf1@group-A6CD88BF67F2-LeaderElection65] INFO  server.RaftServerConfigKeys (ConfUtils.java:logGet(44)) - raft.server.log.appender.snapshot.chunk.size.max = 16MB (=16777216) (default)
2020-12-04 06:02:38,744 [025f93f1-dfc8-4208-80d2-20f4a1ba9bf1@group-A6CD88BF67F2-LeaderElection65] INFO  server.RaftServerConfigKeys (ConfUtils.java:logGet(44)) - raft.server.log.appender.buffer.byte-limit = 33554432 (custom)
2020-12-04 06:02:38,744 [025f93f1-dfc8-4208-80d2-20f4a1ba9bf1@group-A6CD88BF67F2-LeaderElection65] INFO  server.RaftServerConfigKeys (ConfUtils.java:logGet(44)) - raft.server.log.appender.buffer.element-limit = 1 (custom)
2020-12-04 06:02:38,744 [025f93f1-dfc8-4208-80d2-20f4a1ba9bf1@group-A6CD88BF67F2-LeaderElection65] INFO  grpc.GrpcConfigKeys (ConfUtils.java:logGet(44)) - raft.grpc.server.leader.outstanding.appends.max = 128 (default)
2020-12-04 06:02:38,744 [025f93f1-dfc8-4208-80d2-20f4a1ba9bf1@group-A6CD88BF67F2-LeaderElection65] INFO  server.RaftServerConfigKeys (ConfUtils.java:logGet(44)) - raft.server.rpc.request.timeout = 3000ms (default)
2020-12-04 06:02:38,744 [025f93f1-dfc8-4208-80d2-20f4a1ba9bf1@group-A6CD88BF67F2-LeaderElection65] INFO  server.RaftServerConfigKeys (ConfUtils.java:logGet(44)) - raft.server.log.appender.install.snapshot.enabled = false (custom)
2020-12-04 06:02:38,744 [025f93f1-dfc8-4208-80d2-20f4a1ba9bf1@group-A6CD88BF67F2-LeaderElection65] INFO  metrics.RatisMetrics (RatisMetrics.java:lambda$create$0(36)) - Creating Metrics Registry : ratis_grpc.log_appender.025f93f1-dfc8-4208-80d2-20f4a1ba9bf1@group-A6CD88BF67F2
2020-12-04 06:02:38,744 [EventQueue-PipelineReportForPipelineReportHandler] INFO  pipeline.PipelineStateManager (PipelineStateManager.java:openPipeline(132)) - Pipeline Pipeline[ Id: 0913c338-1fb1-4172-a8a9-a6cd88bf67f2, Nodes: 025f93f1-dfc8-4208-80d2-20f4a1ba9bf1{ip: 172.17.0.2, host: 63638dc2095a, networkLocation: /default-rack, certSerialId: null, persistedOpState: IN_SERVICE, persistedOpStateExpiryEpochSec: 0}5e885a77-8b3e-4dc5-b522-5cb06ff98b04{ip: 172.17.0.2, host: 63638dc2095a, networkLocation: /default-rack, certSerialId: null, persistedOpState: IN_SERVICE, persistedOpStateExpiryEpochSec: 0}a43a40a6-1ac9-4df3-821c-5cd06fa3b4e5{ip: 172.17.0.2, host: 63638dc2095a, networkLocation: /default-rack, certSerialId: null, persistedOpState: IN_SERVICE, persistedOpStateExpiryEpochSec: 0}, Type:RATIS, Factor:THREE, State:ALLOCATED, leaderId:025f93f1-dfc8-4208-80d2-20f4a1ba9bf1, CreationTimestamp2020-12-04T06:02:30.939Z] moved to OPEN state
2020-12-04 06:02:38,745 [EventQueue-OpenPipelineForHealthyPipelineSafeModeRule] INFO  safemode.SCMSafeModeManager (HealthyPipelineSafeModeRule.java:process(128)) - SCM in safe mode. Healthy pipelines reported count is 1, required healthy pipeline reported count is 1
2020-12-04 06:02:38,745 [EventQueue-PipelineReportForOneReplicaPipelineSafeModeRule] INFO  safemode.SCMSafeModeManager (SCMSafeModeManager.java:validateSafeModeExitRules(214)) - AtleastOneDatanodeReportedRule rule is successfully validated
2020-12-04 06:02:38,745 [EventQueue-OpenPipelineForHealthyPipelineSafeModeRule] INFO  safemode.SCMSafeModeManager (SCMSafeModeManager.java:validateSafeModeExitRules(214)) - HealthyPipelineSafeModeRule rule is successfully validated
2020-12-04 06:02:38,745 [EventQueue-OpenPipelineForHealthyPipelineSafeModeRule] INFO  safemode.SCMSafeModeManager (SCMSafeModeManager.java:validateSafeModeExitRules(228)) - ScmSafeModeManager, all rules are successfully validated
2020-12-04 06:02:38,745 [EventQueue-OpenPipelineForHealthyPipelineSafeModeRule] INFO  safemode.SCMSafeModeManager (SCMSafeModeManager.java:exitSafeMode(257)) - SCM exiting safe mode.
2020-12-04 06:02:38,747 [5e885a77-8b3e-4dc5-b522-5cb06ff98b04@group-83C1F51174BF-LeaderElection69] INFO  impl.LeaderElection (LeaderElection.java:askForVotes(215)) - 5e885a77-8b3e-4dc5-b522-5cb06ff98b04@group-83C1F51174BF-LeaderElection69: begin an election at term 1 for -1: [5e885a77-8b3e-4dc5-b522-5cb06ff98b04|rpc:172.17.0.2:39901], old=null
2020-12-04 06:02:38,747 [5e885a77-8b3e-4dc5-b522-5cb06ff98b04@group-83C1F51174BF-LeaderElection69] INFO  impl.RoleInfo (RoleInfo.java:shutdownLeaderElection(134)) - 5e885a77-8b3e-4dc5-b522-5cb06ff98b04: shutdown 5e885a77-8b3e-4dc5-b522-5cb06ff98b04@group-83C1F51174BF-LeaderElection69
2020-12-04 06:02:38,747 [5e885a77-8b3e-4dc5-b522-5cb06ff98b04@group-83C1F51174BF-LeaderElection69] INFO  impl.RaftServerImpl (RaftServerImpl.java:setRole(204)) - 5e885a77-8b3e-4dc5-b522-5cb06ff98b04@group-83C1F51174BF: changes role from CANDIDATE to LEADER at term 1 for changeToLeader
2020-12-04 06:02:38,747 [5e885a77-8b3e-4dc5-b522-5cb06ff98b04@group-83C1F51174BF-LeaderElection69] INFO  ratis.XceiverServerRatis (XceiverServerRatis.java:handleLeaderChangedNotification(854)) - Leader change notification received for group: group-83C1F51174BF with new leaderId: 5e885a77-8b3e-4dc5-b522-5cb06ff98b04
2020-12-04 06:02:38,748 [025f93f1-dfc8-4208-80d2-20f4a1ba9bf1@group-A6CD88BF67F2-LeaderElection65] INFO  server.RaftServerConfigKeys (ConfUtils.java:logGet(44)) - raft.server.log.appender.snapshot.chunk.size.max = 16MB (=16777216) (default)
2020-12-04 06:02:38,748 [025f93f1-dfc8-4208-80d2-20f4a1ba9bf1@group-A6CD88BF67F2-LeaderElection65] INFO  server.RaftServerConfigKeys (ConfUtils.java:logGet(44)) - raft.server.log.appender.buffer.byte-limit = 33554432 (custom)
2020-12-04 06:02:38,748 [025f93f1-dfc8-4208-80d2-20f4a1ba9bf1@group-A6CD88BF67F2-LeaderElection65] INFO  server.RaftServerConfigKeys (ConfUtils.java:logGet(44)) - raft.server.log.appender.buffer.element-limit = 1 (custom)
2020-12-04 06:02:38,750 [025f93f1-dfc8-4208-80d2-20f4a1ba9bf1@group-A6CD88BF67F2-LeaderElection65] INFO  grpc.GrpcConfigKeys (ConfUtils.java:logGet(44)) - raft.grpc.server.leader.outstanding.appends.max = 128 (default)
2020-12-04 06:02:38,751 [025f93f1-dfc8-4208-80d2-20f4a1ba9bf1@group-A6CD88BF67F2-LeaderElection65] INFO  server.RaftServerConfigKeys (ConfUtils.java:logGet(44)) - raft.server.rpc.request.timeout = 3000ms (default)
2020-12-04 06:02:38,751 [025f93f1-dfc8-4208-80d2-20f4a1ba9bf1@group-A6CD88BF67F2-LeaderElection65] INFO  server.RaftServerConfigKeys (ConfUtils.java:logGet(44)) - raft.server.log.appender.install.snapshot.enabled = false (custom)
2020-12-04 06:02:38,752 [Listener at 127.0.0.1/45059] INFO  ozone.MiniOzoneClusterImpl (MiniOzoneClusterImpl.java:lambda$waitForClusterToBeReady$0(178)) - Nodes are ready. Got 7 of 7 DN Heartbeats.
2020-12-04 06:02:38,752 [Listener at 127.0.0.1/45059] INFO  ozone.MiniOzoneClusterImpl (MiniOzoneClusterImpl.java:lambda$waitForClusterToBeReady$0(181)) - Cluster exits safe mode
2020-12-04 06:02:38,756 [grpc-default-executor-7] INFO  impl.RaftServerImpl (RaftServerImpl.java:setRole(204)) - 025f93f1-dfc8-4208-80d2-20f4a1ba9bf1@group-FDFAA90BAE53: changes role from  FOLLOWER to FOLLOWER at term 1 for recognizeCandidate:5e885a77-8b3e-4dc5-b522-5cb06ff98b04
2020-12-04 06:02:38,756 [grpc-default-executor-7] INFO  impl.RoleInfo (RoleInfo.java:shutdownFollowerState(121)) - 025f93f1-dfc8-4208-80d2-20f4a1ba9bf1: shutdown 025f93f1-dfc8-4208-80d2-20f4a1ba9bf1@group-FDFAA90BAE53-FollowerState
2020-12-04 06:02:38,757 [5e885a77-8b3e-4dc5-b522-5cb06ff98b04@group-83C1F51174BF-LeaderElection69] INFO  impl.RaftServerImpl (ServerState.java:setLeader(256)) - 5e885a77-8b3e-4dc5-b522-5cb06ff98b04@group-83C1F51174BF: change Leader from null to 5e885a77-8b3e-4dc5-b522-5cb06ff98b04 at term 1 for becomeLeader, leader elected after 5209ms
2020-12-04 06:02:38,757 [5e885a77-8b3e-4dc5-b522-5cb06ff98b04@group-83C1F51174BF-LeaderElection69] INFO  server.RaftServerConfigKeys (ConfUtils.java:logGet(44)) - raft.server.staging.catchup.gap = 1000 (default)
2020-12-04 06:02:38,757 [5e885a77-8b3e-4dc5-b522-5cb06ff98b04@group-83C1F51174BF-LeaderElection69] INFO  server.RaftServerConfigKeys (ConfUtils.java:logGet(44)) - raft.server.rpc.sleep.time = 25ms (default)
2020-12-04 06:02:38,762 [025f93f1-dfc8-4208-80d2-20f4a1ba9bf1@group-A6CD88BF67F2-LeaderElection65] INFO  impl.RoleInfo (RoleInfo.java:updateAndGet(143)) - 025f93f1-dfc8-4208-80d2-20f4a1ba9bf1: start 025f93f1-dfc8-4208-80d2-20f4a1ba9bf1@group-A6CD88BF67F2-LeaderState
2020-12-04 06:02:38,762 [025f93f1-dfc8-4208-80d2-20f4a1ba9bf1@group-A6CD88BF67F2-LeaderElection65] INFO  segmented.SegmentedRaftLogWorker (SegmentedRaftLogWorker.java:startLogSegment(398)) - 025f93f1-dfc8-4208-80d2-20f4a1ba9bf1@group-A6CD88BF67F2-SegmentedRaftLogWorker: Starting segment from index:0
2020-12-04 06:02:38,763 [5e885a77-8b3e-4dc5-b522-5cb06ff98b04@group-83C1F51174BF-LeaderElection69] INFO  metrics.RatisMetrics (RatisMetrics.java:lambda$create$0(36)) - Creating Metrics Registry : ratis.log_appender.5e885a77-8b3e-4dc5-b522-5cb06ff98b04@group-83C1F51174BF
2020-12-04 06:02:38,773 [grpc-default-executor-7] INFO  impl.RoleInfo (RoleInfo.java:updateAndGet(143)) - 025f93f1-dfc8-4208-80d2-20f4a1ba9bf1: start 025f93f1-dfc8-4208-80d2-20f4a1ba9bf1@group-FDFAA90BAE53-FollowerState
2020-12-04 06:02:38,773 [Thread-2529] INFO  impl.FollowerState (FollowerState.java:run(137)) - 025f93f1-dfc8-4208-80d2-20f4a1ba9bf1@group-FDFAA90BAE53-FollowerState was interrupted: {}
java.lang.InterruptedException: sleep interrupted
	at java.lang.Thread.sleep(Native Method)
	at org.apache.ratis.util.JavaUtils.sleep(JavaUtils.java:250)
	at org.apache.ratis.server.impl.FollowerState.run(FollowerState.java:116)
2020-12-04 06:02:38,774 [grpc-default-executor-7] INFO  impl.RaftServerImpl (RaftServerImpl.java:requestVote(963)) -  FOLLOWER 025f93f1-dfc8-4208-80d2-20f4a1ba9bf1@group-FDFAA90BAE53:t1, leader=null, voted=null, raftlog=025f93f1-dfc8-4208-80d2-20f4a1ba9bf1@group-FDFAA90BAE53-SegmentedRaftLog:OPENED:c-1,f-1,i0, conf=-1: [5e885a77-8b3e-4dc5-b522-5cb06ff98b04|rpc:172.17.0.2:39901|dataStream:, a43a40a6-1ac9-4df3-821c-5cd06fa3b4e5|rpc:172.17.0.2:36909|dataStream:, 025f93f1-dfc8-4208-80d2-20f4a1ba9bf1|rpc:172.17.0.2:36183|dataStream:], old=null RUNNING priority:0 candidate:5e885a77-8b3e-4dc5-b522-5cb06ff98b04|rpc:172.17.0.2:39901|dataStream: candidatePriority:0 compare:0
2020-12-04 06:02:38,775 [025f93f1-dfc8-4208-80d2-20f4a1ba9bf1@group-A6CD88BF67F2-SegmentedRaftLogWorker] INFO  segmented.SegmentedRaftLogWorker (SegmentedRaftLogWorker.java:execute(597)) - 025f93f1-dfc8-4208-80d2-20f4a1ba9bf1@group-A6CD88BF67F2-SegmentedRaftLogWorker: created new log segment /github/workspace/mnt/ozone/hadoop-ozone/integration-test/target/test-dir/MiniOzoneClusterImpl-d0e62b51-0f1f-480e-8215-4f24b3183874/datanode-2/data/ratis/0913c338-1fb1-4172-a8a9-a6cd88bf67f2/current/log_inprogress_0
2020-12-04 06:02:38,775 [5e885a77-8b3e-4dc5-b522-5cb06ff98b04@group-83C1F51174BF-LeaderElection69] INFO  server.RaftServerConfigKeys (ConfUtils.java:logGet(44)) - raft.server.write.element-limit = 1024 (custom)
2020-12-04 06:02:38,775 [5e885a77-8b3e-4dc5-b522-5cb06ff98b04@group-83C1F51174BF-LeaderElection69] INFO  server.RaftServerConfigKeys (ConfUtils.java:logGet(44)) - raft.server.write.byte-limit = 1073741824 (custom)
2020-12-04 06:02:38,778 [5e885a77-8b3e-4dc5-b522-5cb06ff98b04@group-83C1F51174BF-LeaderElection69] INFO  server.RaftServerConfigKeys (ConfUtils.java:logGet(44)) - raft.server.watch.timeout = 3000ms (custom)
2020-12-04 06:02:38,778 [5e885a77-8b3e-4dc5-b522-5cb06ff98b04@group-83C1F51174BF-LeaderElection69] INFO  server.RaftServerConfigKeys (ConfUtils.java:logGet(44)) - raft.server.watch.timeout.denomination = 1s (default)
2020-12-04 06:02:38,778 [5e885a77-8b3e-4dc5-b522-5cb06ff98b04@group-83C1F51174BF-LeaderElection69] INFO  server.RaftServerConfigKeys (ConfUtils.java:logGet(44)) - raft.server.watch.element-limit = 65536 (default)
2020-12-04 06:02:38,778 [5e885a77-8b3e-4dc5-b522-5cb06ff98b04@group-83C1F51174BF-LeaderElection69] INFO  impl.RoleInfo (RoleInfo.java:updateAndGet(143)) - 5e885a77-8b3e-4dc5-b522-5cb06ff98b04: start 5e885a77-8b3e-4dc5-b522-5cb06ff98b04@group-83C1F51174BF-LeaderState
2020-12-04 06:02:38,779 [5e885a77-8b3e-4dc5-b522-5cb06ff98b04@group-83C1F51174BF-LeaderElection69] INFO  segmented.SegmentedRaftLogWorker (SegmentedRaftLogWorker.java:startLogSegment(398)) - 5e885a77-8b3e-4dc5-b522-5cb06ff98b04@group-83C1F51174BF-SegmentedRaftLogWorker: Starting segment from index:0
2020-12-04 06:02:38,780 [025f93f1-dfc8-4208-80d2-20f4a1ba9bf1@group-A6CD88BF67F2-LeaderElection65] INFO  impl.RaftServerImpl (ServerState.java:setRaftConf(374)) - 025f93f1-dfc8-4208-80d2-20f4a1ba9bf1@group-A6CD88BF67F2: set configuration 0: [5e885a77-8b3e-4dc5-b522-5cb06ff98b04|rpc:172.17.0.2:39901|dataStream:, a43a40a6-1ac9-4df3-821c-5cd06fa3b4e5|rpc:172.17.0.2:36909|dataStream:, 025f93f1-dfc8-4208-80d2-20f4a1ba9bf1|rpc:172.17.0.2:36183|dataStream:], old=null at 0
2020-12-04 06:02:38,781 [5e885a77-8b3e-4dc5-b522-5cb06ff98b04@group-83C1F51174BF-LeaderElection69] INFO  impl.RaftServerImpl (ServerState.java:setRaftConf(374)) - 5e885a77-8b3e-4dc5-b522-5cb06ff98b04@group-83C1F51174BF: set configuration 0: [5e885a77-8b3e-4dc5-b522-5cb06ff98b04|rpc:172.17.0.2:39901|dataStream:], old=null at 0
2020-12-04 06:02:38,787 [5e885a77-8b3e-4dc5-b522-5cb06ff98b04@group-FDFAA90BAE53-LeaderElection67] INFO  impl.LeaderElection (LeaderElection.java:logAndReturn(65)) - 5e885a77-8b3e-4dc5-b522-5cb06ff98b04@group-FDFAA90BAE53-LeaderElection67: Election PASSED; received 2 response(s) [5e885a77-8b3e-4dc5-b522-5cb06ff98b04<-a43a40a6-1ac9-4df3-821c-5cd06fa3b4e5#0:FAIL-t1, 5e885a77-8b3e-4dc5-b522-5cb06ff98b04<-025f93f1-dfc8-4208-80d2-20f4a1ba9bf1#0:OK-t1] and 0 exception(s); 5e885a77-8b3e-4dc5-b522-5cb06ff98b04@group-FDFAA90BAE53:t1, leader=null, voted=5e885a77-8b3e-4dc5-b522-5cb06ff98b04, raftlog=5e885a77-8b3e-4dc5-b522-5cb06ff98b04@group-FDFAA90BAE53-SegmentedRaftLog:OPENED:c-1,f-1,i0, conf=-1: [5e885a77-8b3e-4dc5-b522-5cb06ff98b04|rpc:172.17.0.2:39901, a43a40a6-1ac9-4df3-821c-5cd06fa3b4e5|rpc:172.17.0.2:36909, 025f93f1-dfc8-4208-80d2-20f4a1ba9bf1|rpc:172.17.0.2:36183], old=null
2020-12-04 06:02:38,788 [5e885a77-8b3e-4dc5-b522-5cb06ff98b04@group-FDFAA90BAE53-LeaderElection67] INFO  impl.RoleInfo (RoleInfo.java:shutdownLeaderElection(134)) - 5e885a77-8b3e-4dc5-b522-5cb06ff98b04: shutdown 5e885a77-8b3e-4dc5-b522-5cb06ff98b04@group-FDFAA90BAE53-LeaderElection67
2020-12-04 06:02:38,788 [5e885a77-8b3e-4dc5-b522-5cb06ff98b04@group-FDFAA90BAE53-LeaderElection67] INFO  impl.RaftServerImpl (RaftServerImpl.java:setRole(204)) - 5e885a77-8b3e-4dc5-b522-5cb06ff98b04@group-FDFAA90BAE53: changes role from CANDIDATE to LEADER at term 1 for changeToLeader
2020-12-04 06:02:38,788 [5e885a77-8b3e-4dc5-b522-5cb06ff98b04@group-FDFAA90BAE53-LeaderElection67] INFO  ratis.XceiverServerRatis (XceiverServerRatis.java:handleLeaderChangedNotification(854)) - Leader change notification received for group: group-FDFAA90BAE53 with new leaderId: 5e885a77-8b3e-4dc5-b522-5cb06ff98b04
2020-12-04 06:02:38,788 [5e885a77-8b3e-4dc5-b522-5cb06ff98b04@group-FDFAA90BAE53-LeaderElection67] INFO  impl.RaftServerImpl (ServerState.java:setLeader(256)) - 5e885a77-8b3e-4dc5-b522-5cb06ff98b04@group-FDFAA90BAE53: change Leader from null to 5e885a77-8b3e-4dc5-b522-5cb06ff98b04 at term 1 for becomeLeader, leader elected after 5233ms
2020-12-04 06:02:38,788 [5e885a77-8b3e-4dc5-b522-5cb06ff98b04@group-FDFAA90BAE53-LeaderElection67] INFO  server.RaftServerConfigKeys (ConfUtils.java:logGet(44)) - raft.server.staging.catchup.gap = 1000 (default)
2020-12-04 06:02:38,788 [5e885a77-8b3e-4dc5-b522-5cb06ff98b04@group-FDFAA90BAE53-LeaderElection67] INFO  server.RaftServerConfigKeys (ConfUtils.java:logGet(44)) - raft.server.rpc.sleep.time = 25ms (default)
2020-12-04 06:02:38,788 [5e885a77-8b3e-4dc5-b522-5cb06ff98b04@group-FDFAA90BAE53-LeaderElection67] INFO  metrics.RatisMetrics (RatisMetrics.java:lambda$create$0(36)) - Creating Metrics Registry : ratis.log_appender.5e885a77-8b3e-4dc5-b522-5cb06ff98b04@group-FDFAA90BAE53
2020-12-04 06:02:38,788 [5e885a77-8b3e-4dc5-b522-5cb06ff98b04@group-FDFAA90BAE53-LeaderElection67] INFO  server.RaftServerConfigKeys (ConfUtils.java:logGet(44)) - raft.server.write.element-limit = 1024 (custom)
2020-12-04 06:02:38,788 [5e885a77-8b3e-4dc5-b522-5cb06ff98b04@group-FDFAA90BAE53-LeaderElection67] INFO  server.RaftServerConfigKeys (ConfUtils.java:logGet(44)) - raft.server.write.byte-limit = 1073741824 (custom)
2020-12-04 06:02:38,789 [EventQueue-PipelineReportForPipelineReportHandler] INFO  pipeline.PipelineStateManager (PipelineStateManager.java:openPipeline(132)) - Pipeline Pipeline[ Id: 0ca965aa-e89c-4b81-9d0b-fdfaa90bae53, Nodes: 025f93f1-dfc8-4208-80d2-20f4a1ba9bf1{ip: 172.17.0.2, host: 63638dc2095a, networkLocation: /default-rack, certSerialId: null, persistedOpState: IN_SERVICE, persistedOpStateExpiryEpochSec: 0}5e885a77-8b3e-4dc5-b522-5cb06ff98b04{ip: 172.17.0.2, host: 63638dc2095a, networkLocation: /default-rack, certSerialId: null, persistedOpState: IN_SERVICE, persistedOpStateExpiryEpochSec: 0}a43a40a6-1ac9-4df3-821c-5cd06fa3b4e5{ip: 172.17.0.2, host: 63638dc2095a, networkLocation: /default-rack, certSerialId: null, persistedOpState: IN_SERVICE, persistedOpStateExpiryEpochSec: 0}, Type:RATIS, Factor:THREE, State:ALLOCATED, leaderId:5e885a77-8b3e-4dc5-b522-5cb06ff98b04, CreationTimestamp2020-12-04T06:02:30.937Z] moved to OPEN state
2020-12-04 06:02:38,791 [Listener at 127.0.0.1/45059] INFO  rpc.RpcClient (RpcClient.java:createVolume(272)) - Creating Volume: testblockoutputstream, with jenkins1001 as owner.
2020-12-04 06:02:38,792 [IPC Server handler 1 on default port 45059] INFO  volume.OMVolumeCreateRequest (OMVolumeCreateRequest.java:validateAndUpdateCache(196)) - created volume:testblockoutputstream for user:jenkins1001
2020-12-04 06:02:38,799 [Listener at 127.0.0.1/45059] INFO  rpc.RpcClient (RpcClient.java:createBucket(425)) - Creating Bucket: testblockoutputstream/testblockoutputstream, with Versioning false and Storage Type set to DISK and Encryption set to false 
2020-12-04 06:02:38,816 [a43a40a6-1ac9-4df3-821c-5cd06fa3b4e5@group-FDFAA90BAE53-LeaderElection66] INFO  impl.LeaderElection (LeaderElection.java:logAndReturn(65)) - a43a40a6-1ac9-4df3-821c-5cd06fa3b4e5@group-FDFAA90BAE53-LeaderElection66: Election REJECTED; received 2 response(s) [a43a40a6-1ac9-4df3-821c-5cd06fa3b4e5<-5e885a77-8b3e-4dc5-b522-5cb06ff98b04#0:FAIL-t1, a43a40a6-1ac9-4df3-821c-5cd06fa3b4e5<-025f93f1-dfc8-4208-80d2-20f4a1ba9bf1#0:FAIL-t1] and 0 exception(s); a43a40a6-1ac9-4df3-821c-5cd06fa3b4e5@group-FDFAA90BAE53:t1, leader=null, voted=a43a40a6-1ac9-4df3-821c-5cd06fa3b4e5, raftlog=a43a40a6-1ac9-4df3-821c-5cd06fa3b4e5@group-FDFAA90BAE53-SegmentedRaftLog:OPENED:c-1,f-1,i0, conf=-1: [5e885a77-8b3e-4dc5-b522-5cb06ff98b04|rpc:172.17.0.2:39901|dataStream:, a43a40a6-1ac9-4df3-821c-5cd06fa3b4e5|rpc:172.17.0.2:36909|dataStream:, 025f93f1-dfc8-4208-80d2-20f4a1ba9bf1|rpc:172.17.0.2:36183|dataStream:], old=null
2020-12-04 06:02:38,816 [5e885a77-8b3e-4dc5-b522-5cb06ff98b04@group-83C1F51174BF-SegmentedRaftLogWorker] INFO  segmented.SegmentedRaftLogWorker (SegmentedRaftLogWorker.java:execute(597)) - 5e885a77-8b3e-4dc5-b522-5cb06ff98b04@group-83C1F51174BF-SegmentedRaftLogWorker: created new log segment /github/workspace/mnt/ozone/hadoop-ozone/integration-test/target/test-dir/MiniOzoneClusterImpl-d0e62b51-0f1f-480e-8215-4f24b3183874/datanode-0/data/ratis/9c2b9ec0-4b98-413d-b90a-83c1f51174bf/current/log_inprogress_0
2020-12-04 06:02:38,816 [a43a40a6-1ac9-4df3-821c-5cd06fa3b4e5@group-FDFAA90BAE53-LeaderElection66] INFO  impl.RaftServerImpl (RaftServerImpl.java:setRole(204)) - a43a40a6-1ac9-4df3-821c-5cd06fa3b4e5@group-FDFAA90BAE53: changes role from CANDIDATE to FOLLOWER at term 1 for DISCOVERED_A_NEW_TERM
2020-12-04 06:02:38,816 [a43a40a6-1ac9-4df3-821c-5cd06fa3b4e5@group-FDFAA90BAE53-LeaderElection66] INFO  impl.RoleInfo (RoleInfo.java:shutdownLeaderElection(134)) - a43a40a6-1ac9-4df3-821c-5cd06fa3b4e5: shutdown a43a40a6-1ac9-4df3-821c-5cd06fa3b4e5@group-FDFAA90BAE53-LeaderElection66
2020-12-04 06:02:38,816 [a43a40a6-1ac9-4df3-821c-5cd06fa3b4e5@group-FDFAA90BAE53-LeaderElection66] INFO  impl.RoleInfo (RoleInfo.java:updateAndGet(143)) - a43a40a6-1ac9-4df3-821c-5cd06fa3b4e5: start a43a40a6-1ac9-4df3-821c-5cd06fa3b4e5@group-FDFAA90BAE53-FollowerState
2020-12-04 06:02:38,817 [5e885a77-8b3e-4dc5-b522-5cb06ff98b04@group-FDFAA90BAE53-LeaderElection67] INFO  server.RaftServerConfigKeys (ConfUtils.java:logGet(44)) - raft.server.watch.timeout = 3000ms (custom)
2020-12-04 06:02:38,818 [5e885a77-8b3e-4dc5-b522-5cb06ff98b04@group-FDFAA90BAE53-LeaderElection67] INFO  server.RaftServerConfigKeys (ConfUtils.java:logGet(44)) - raft.server.watch.timeout.denomination = 1s (default)
2020-12-04 06:02:38,818 [5e885a77-8b3e-4dc5-b522-5cb06ff98b04@group-FDFAA90BAE53-LeaderElection67] INFO  server.RaftServerConfigKeys (ConfUtils.java:logGet(44)) - raft.server.watch.element-limit = 65536 (default)
2020-12-04 06:02:38,818 [5e885a77-8b3e-4dc5-b522-5cb06ff98b04@group-FDFAA90BAE53-LeaderElection67] INFO  server.RaftServerConfigKeys (ConfUtils.java:logGet(44)) - raft.server.log.appender.snapshot.chunk.size.max = 16MB (=16777216) (default)
2020-12-04 06:02:38,818 [5e885a77-8b3e-4dc5-b522-5cb06ff98b04@group-FDFAA90BAE53-LeaderElection67] INFO  server.RaftServerConfigKeys (ConfUtils.java:logGet(44)) - raft.server.log.appender.buffer.byte-limit = 33554432 (custom)
2020-12-04 06:02:38,818 [5e885a77-8b3e-4dc5-b522-5cb06ff98b04@group-FDFAA90BAE53-LeaderElection67] INFO  server.RaftServerConfigKeys (ConfUtils.java:logGet(44)) - raft.server.log.appender.buffer.element-limit = 1 (custom)
2020-12-04 06:02:38,822 [5e885a77-8b3e-4dc5-b522-5cb06ff98b04@group-FDFAA90BAE53-LeaderElection67] INFO  grpc.GrpcConfigKeys (ConfUtils.java:logGet(44)) - raft.grpc.server.leader.outstanding.appends.max = 128 (default)
2020-12-04 06:02:38,823 [5e885a77-8b3e-4dc5-b522-5cb06ff98b04@group-FDFAA90BAE53-LeaderElection67] INFO  server.RaftServerConfigKeys (ConfUtils.java:logGet(44)) - raft.server.rpc.request.timeout = 3000ms (default)
2020-12-04 06:02:38,823 [5e885a77-8b3e-4dc5-b522-5cb06ff98b04@group-FDFAA90BAE53-LeaderElection67] INFO  server.RaftServerConfigKeys (ConfUtils.java:logGet(44)) - raft.server.log.appender.install.snapshot.enabled = false (custom)
2020-12-04 06:02:38,823 [5e885a77-8b3e-4dc5-b522-5cb06ff98b04@group-FDFAA90BAE53-LeaderElection67] INFO  metrics.RatisMetrics (RatisMetrics.java:lambda$create$0(36)) - Creating Metrics Registry : ratis_grpc.log_appender.5e885a77-8b3e-4dc5-b522-5cb06ff98b04@group-FDFAA90BAE53
2020-12-04 06:02:38,824 [grpc-default-executor-7] INFO  ratis.XceiverServerRatis (XceiverServerRatis.java:handleLeaderChangedNotification(854)) - Leader change notification received for group: group-A6CD88BF67F2 with new leaderId: 025f93f1-dfc8-4208-80d2-20f4a1ba9bf1
2020-12-04 06:02:38,824 [grpc-default-executor-7] INFO  impl.RaftServerImpl (ServerState.java:setLeader(256)) - a43a40a6-1ac9-4df3-821c-5cd06fa3b4e5@group-A6CD88BF67F2: change Leader from null to 025f93f1-dfc8-4208-80d2-20f4a1ba9bf1 at term 1 for appendEntries, leader elected after 5145ms
2020-12-04 06:02:38,828 [Listener at 127.0.0.1/45059] INFO  metrics.RatisMetrics (RatisMetrics.java:lambda$create$0(36)) - Creating Metrics Registry : ratis.client_message_metrics.client-5D27AB03A679->025f93f1-dfc8-4208-80d2-20f4a1ba9bf1
2020-12-04 06:02:38,833 [grpc-default-executor-9] INFO  ratis.XceiverServerRatis (XceiverServerRatis.java:handleLeaderChangedNotification(854)) - Leader change notification received for group: group-A6CD88BF67F2 with new leaderId: 025f93f1-dfc8-4208-80d2-20f4a1ba9bf1
2020-12-04 06:02:38,833 [grpc-default-executor-9] INFO  impl.RaftServerImpl (ServerState.java:setLeader(256)) - 5e885a77-8b3e-4dc5-b522-5cb06ff98b04@group-A6CD88BF67F2: change Leader from null to 025f93f1-dfc8-4208-80d2-20f4a1ba9bf1 at term 1 for appendEntries, leader elected after 5208ms
2020-12-04 06:02:38,839 [grpc-default-executor-9] INFO  impl.RaftServerImpl (ServerState.java:setRaftConf(374)) - 5e885a77-8b3e-4dc5-b522-5cb06ff98b04@group-A6CD88BF67F2: set configuration 0: [5e885a77-8b3e-4dc5-b522-5cb06ff98b04|rpc:172.17.0.2:39901|dataStream:, a43a40a6-1ac9-4df3-821c-5cd06fa3b4e5|rpc:172.17.0.2:36909|dataStream:, 025f93f1-dfc8-4208-80d2-20f4a1ba9bf1|rpc:172.17.0.2:36183|dataStream:], old=null at 0
2020-12-04 06:02:38,840 [grpc-default-executor-7] INFO  impl.RaftServerImpl (ServerState.java:setRaftConf(374)) - a43a40a6-1ac9-4df3-821c-5cd06fa3b4e5@group-A6CD88BF67F2: set configuration 0: [5e885a77-8b3e-4dc5-b522-5cb06ff98b04|rpc:172.17.0.2:39901|dataStream:, a43a40a6-1ac9-4df3-821c-5cd06fa3b4e5|rpc:172.17.0.2:36909|dataStream:, 025f93f1-dfc8-4208-80d2-20f4a1ba9bf1|rpc:172.17.0.2:36183|dataStream:], old=null at 0
2020-12-04 06:02:38,842 [grpc-default-executor-9] INFO  segmented.SegmentedRaftLogWorker (SegmentedRaftLogWorker.java:startLogSegment(398)) - 5e885a77-8b3e-4dc5-b522-5cb06ff98b04@group-A6CD88BF67F2-SegmentedRaftLogWorker: Starting segment from index:0
2020-12-04 06:02:38,842 [grpc-default-executor-7] INFO  segmented.SegmentedRaftLogWorker (SegmentedRaftLogWorker.java:startLogSegment(398)) - a43a40a6-1ac9-4df3-821c-5cd06fa3b4e5@group-A6CD88BF67F2-SegmentedRaftLogWorker: Starting segment from index:0
2020-12-04 06:02:38,843 [5e885a77-8b3e-4dc5-b522-5cb06ff98b04@group-FDFAA90BAE53-LeaderElection67] INFO  server.RaftServerConfigKeys (ConfUtils.java:logGet(44)) - raft.server.log.appender.snapshot.chunk.size.max = 16MB (=16777216) (default)
2020-12-04 06:02:38,844 [5e885a77-8b3e-4dc5-b522-5cb06ff98b04@group-FDFAA90BAE53-LeaderElection67] INFO  server.RaftServerConfigKeys (ConfUtils.java:logGet(44)) - raft.server.log.appender.buffer.byte-limit = 33554432 (custom)
2020-12-04 06:02:38,844 [5e885a77-8b3e-4dc5-b522-5cb06ff98b04@group-FDFAA90BAE53-LeaderElection67] INFO  server.RaftServerConfigKeys (ConfUtils.java:logGet(44)) - raft.server.log.appender.buffer.element-limit = 1 (custom)
2020-12-04 06:02:38,845 [5e885a77-8b3e-4dc5-b522-5cb06ff98b04@group-A6CD88BF67F2-SegmentedRaftLogWorker] INFO  segmented.SegmentedRaftLogWorker (SegmentedRaftLogWorker.java:execute(597)) - 5e885a77-8b3e-4dc5-b522-5cb06ff98b04@group-A6CD88BF67F2-SegmentedRaftLogWorker: created new log segment /github/workspace/mnt/ozone/hadoop-ozone/integration-test/target/test-dir/MiniOzoneClusterImpl-d0e62b51-0f1f-480e-8215-4f24b3183874/datanode-0/data/ratis/0913c338-1fb1-4172-a8a9-a6cd88bf67f2/current/log_inprogress_0
2020-12-04 06:02:38,849 [5e885a77-8b3e-4dc5-b522-5cb06ff98b04@group-FDFAA90BAE53-LeaderElection67] INFO  grpc.GrpcConfigKeys (ConfUtils.java:logGet(44)) - raft.grpc.server.leader.outstanding.appends.max = 128 (default)
2020-12-04 06:02:38,849 [5e885a77-8b3e-4dc5-b522-5cb06ff98b04@group-FDFAA90BAE53-LeaderElection67] INFO  server.RaftServerConfigKeys (ConfUtils.java:logGet(44)) - raft.server.rpc.request.timeout = 3000ms (default)
2020-12-04 06:02:38,849 [5e885a77-8b3e-4dc5-b522-5cb06ff98b04@group-FDFAA90BAE53-LeaderElection67] INFO  server.RaftServerConfigKeys (ConfUtils.java:logGet(44)) - raft.server.log.appender.install.snapshot.enabled = false (custom)
2020-12-04 06:02:38,851 [5e885a77-8b3e-4dc5-b522-5cb06ff98b04@group-FDFAA90BAE53-LeaderElection67] INFO  impl.RoleInfo (RoleInfo.java:updateAndGet(143)) - 5e885a77-8b3e-4dc5-b522-5cb06ff98b04: start 5e885a77-8b3e-4dc5-b522-5cb06ff98b04@group-FDFAA90BAE53-LeaderState
2020-12-04 06:02:38,851 [5e885a77-8b3e-4dc5-b522-5cb06ff98b04@group-FDFAA90BAE53-LeaderElection67] INFO  segmented.SegmentedRaftLogWorker (SegmentedRaftLogWorker.java:startLogSegment(398)) - 5e885a77-8b3e-4dc5-b522-5cb06ff98b04@group-FDFAA90BAE53-SegmentedRaftLogWorker: Starting segment from index:0
2020-12-04 06:02:38,856 [5e885a77-8b3e-4dc5-b522-5cb06ff98b04@group-FDFAA90BAE53-LeaderElection67] INFO  impl.RaftServerImpl (ServerState.java:setRaftConf(374)) - 5e885a77-8b3e-4dc5-b522-5cb06ff98b04@group-FDFAA90BAE53: set configuration 0: [5e885a77-8b3e-4dc5-b522-5cb06ff98b04|rpc:172.17.0.2:39901|dataStream:, a43a40a6-1ac9-4df3-821c-5cd06fa3b4e5|rpc:172.17.0.2:36909|dataStream:, 025f93f1-dfc8-4208-80d2-20f4a1ba9bf1|rpc:172.17.0.2:36183|dataStream:], old=null at 0
2020-12-04 06:02:38,861 [org.apache.ratis.server.JvmPauseMonitor@9846422-Monitor] WARN  server.JvmPauseMonitor (JvmPauseMonitor.java:run(141)) - Detected pause in JVM or host machine (eg GC): pause of approximately 1ms
No GCs detected
2020-12-04 06:02:38,867 [5e885a77-8b3e-4dc5-b522-5cb06ff98b04@group-FDFAA90BAE53-SegmentedRaftLogWorker] INFO  segmented.SegmentedRaftLogWorker (SegmentedRaftLogWorker.java:execute(597)) - 5e885a77-8b3e-4dc5-b522-5cb06ff98b04@group-FDFAA90BAE53-SegmentedRaftLogWorker: created new log segment /github/workspace/mnt/ozone/hadoop-ozone/integration-test/target/test-dir/MiniOzoneClusterImpl-d0e62b51-0f1f-480e-8215-4f24b3183874/datanode-0/data/ratis/0ca965aa-e89c-4b81-9d0b-fdfaa90bae53/current/log_inprogress_0
2020-12-04 06:02:38,874 [a43a40a6-1ac9-4df3-821c-5cd06fa3b4e5@group-A6CD88BF67F2-SegmentedRaftLogWorker] INFO  segmented.SegmentedRaftLogWorker (SegmentedRaftLogWorker.java:execute(597)) - a43a40a6-1ac9-4df3-821c-5cd06fa3b4e5@group-A6CD88BF67F2-SegmentedRaftLogWorker: created new log segment /github/workspace/mnt/ozone/hadoop-ozone/integration-test/target/test-dir/MiniOzoneClusterImpl-d0e62b51-0f1f-480e-8215-4f24b3183874/datanode-1/data/ratis/0913c338-1fb1-4172-a8a9-a6cd88bf67f2/current/log_inprogress_0
2020-12-04 06:02:38,895 [Thread-2543] INFO  impl.FollowerState (FollowerState.java:run(128)) - a43a40a6-1ac9-4df3-821c-5cd06fa3b4e5@group-4D3E6F7EFF8B-FollowerState: change to CANDIDATE, lastRpcTime:5141ms, electionTimeout:5141ms
2020-12-04 06:02:38,899 [grpc-default-executor-5] INFO  ratis.XceiverServerRatis (XceiverServerRatis.java:handleLeaderChangedNotification(854)) - Leader change notification received for group: group-FDFAA90BAE53 with new leaderId: 5e885a77-8b3e-4dc5-b522-5cb06ff98b04
2020-12-04 06:02:38,899 [grpc-default-executor-5] INFO  impl.RaftServerImpl (ServerState.java:setLeader(256)) - a43a40a6-1ac9-4df3-821c-5cd06fa3b4e5@group-FDFAA90BAE53: change Leader from null to 5e885a77-8b3e-4dc5-b522-5cb06ff98b04 at term 1 for appendEntries, leader elected after 5290ms
2020-12-04 06:02:38,908 [grpc-default-executor-9] INFO  ratis.XceiverServerRatis (XceiverServerRatis.java:handleLeaderChangedNotification(854)) - Leader change notification received for group: group-FDFAA90BAE53 with new leaderId: 5e885a77-8b3e-4dc5-b522-5cb06ff98b04
2020-12-04 06:02:38,908 [grpc-default-executor-9] INFO  impl.RaftServerImpl (ServerState.java:setLeader(256)) - 025f93f1-dfc8-4208-80d2-20f4a1ba9bf1@group-FDFAA90BAE53: change Leader from null to 5e885a77-8b3e-4dc5-b522-5cb06ff98b04 at term 1 for appendEntries, leader elected after 5323ms
2020-12-04 06:02:38,914 [Thread-2543] INFO  impl.RoleInfo (RoleInfo.java:shutdownFollowerState(121)) - a43a40a6-1ac9-4df3-821c-5cd06fa3b4e5: shutdown a43a40a6-1ac9-4df3-821c-5cd06fa3b4e5@group-4D3E6F7EFF8B-FollowerState
2020-12-04 06:02:38,914 [Thread-2543] INFO  impl.RaftServerImpl (RaftServerImpl.java:setRole(204)) - a43a40a6-1ac9-4df3-821c-5cd06fa3b4e5@group-4D3E6F7EFF8B: changes role from  FOLLOWER to CANDIDATE at term 0 for changeToCandidate
2020-12-04 06:02:38,914 [Thread-2543] INFO  impl.RoleInfo (RoleInfo.java:updateAndGet(143)) - a43a40a6-1ac9-4df3-821c-5cd06fa3b4e5: start a43a40a6-1ac9-4df3-821c-5cd06fa3b4e5@group-4D3E6F7EFF8B-LeaderElection70
2020-12-04 06:02:38,916 [grpc-default-executor-5] INFO  impl.RaftServerImpl (ServerState.java:setRaftConf(374)) - 025f93f1-dfc8-4208-80d2-20f4a1ba9bf1@group-FDFAA90BAE53: set configuration 0: [5e885a77-8b3e-4dc5-b522-5cb06ff98b04|rpc:172.17.0.2:39901|dataStream:, a43a40a6-1ac9-4df3-821c-5cd06fa3b4e5|rpc:172.17.0.2:36909|dataStream:, 025f93f1-dfc8-4208-80d2-20f4a1ba9bf1|rpc:172.17.0.2:36183|dataStream:], old=null at 0
2020-12-04 06:02:38,917 [grpc-default-executor-7] INFO  impl.RaftServerImpl (ServerState.java:setRaftConf(374)) - a43a40a6-1ac9-4df3-821c-5cd06fa3b4e5@group-FDFAA90BAE53: set configuration 0: [5e885a77-8b3e-4dc5-b522-5cb06ff98b04|rpc:172.17.0.2:39901|dataStream:, a43a40a6-1ac9-4df3-821c-5cd06fa3b4e5|rpc:172.17.0.2:36909|dataStream:, 025f93f1-dfc8-4208-80d2-20f4a1ba9bf1|rpc:172.17.0.2:36183|dataStream:], old=null at 0
2020-12-04 06:02:38,917 [grpc-default-executor-7] INFO  segmented.SegmentedRaftLogWorker (SegmentedRaftLogWorker.java:startLogSegment(398)) - a43a40a6-1ac9-4df3-821c-5cd06fa3b4e5@group-FDFAA90BAE53-SegmentedRaftLogWorker: Starting segment from index:0
2020-12-04 06:02:38,918 [grpc-default-executor-5] INFO  segmented.SegmentedRaftLogWorker (SegmentedRaftLogWorker.java:startLogSegment(398)) - 025f93f1-dfc8-4208-80d2-20f4a1ba9bf1@group-FDFAA90BAE53-SegmentedRaftLogWorker: Starting segment from index:0
2020-12-04 06:02:38,923 [025f93f1-dfc8-4208-80d2-20f4a1ba9bf1@group-FDFAA90BAE53-SegmentedRaftLogWorker] INFO  segmented.SegmentedRaftLogWorker (SegmentedRaftLogWorker.java:execute(597)) - 025f93f1-dfc8-4208-80d2-20f4a1ba9bf1@group-FDFAA90BAE53-SegmentedRaftLogWorker: created new log segment /github/workspace/mnt/ozone/hadoop-ozone/integration-test/target/test-dir/MiniOzoneClusterImpl-d0e62b51-0f1f-480e-8215-4f24b3183874/datanode-2/data/ratis/0ca965aa-e89c-4b81-9d0b-fdfaa90bae53/current/log_inprogress_0
2020-12-04 06:02:38,924 [a43a40a6-1ac9-4df3-821c-5cd06fa3b4e5@group-FDFAA90BAE53-SegmentedRaftLogWorker] INFO  segmented.SegmentedRaftLogWorker (SegmentedRaftLogWorker.java:execute(597)) - a43a40a6-1ac9-4df3-821c-5cd06fa3b4e5@group-FDFAA90BAE53-SegmentedRaftLogWorker: created new log segment /github/workspace/mnt/ozone/hadoop-ozone/integration-test/target/test-dir/MiniOzoneClusterImpl-d0e62b51-0f1f-480e-8215-4f24b3183874/datanode-1/data/ratis/0ca965aa-e89c-4b81-9d0b-fdfaa90bae53/current/log_inprogress_0
2020-12-04 06:02:38,943 [a43a40a6-1ac9-4df3-821c-5cd06fa3b4e5@group-4D3E6F7EFF8B-LeaderElection70] INFO  impl.LeaderElection (LeaderElection.java:askForVotes(215)) - a43a40a6-1ac9-4df3-821c-5cd06fa3b4e5@group-4D3E6F7EFF8B-LeaderElection70: begin an election at term 1 for -1: [a43a40a6-1ac9-4df3-821c-5cd06fa3b4e5|rpc:172.17.0.2:36909], old=null
2020-12-04 06:02:38,943 [a43a40a6-1ac9-4df3-821c-5cd06fa3b4e5@group-4D3E6F7EFF8B-LeaderElection70] INFO  impl.RoleInfo (RoleInfo.java:shutdownLeaderElection(134)) - a43a40a6-1ac9-4df3-821c-5cd06fa3b4e5: shutdown a43a40a6-1ac9-4df3-821c-5cd06fa3b4e5@group-4D3E6F7EFF8B-LeaderElection70
2020-12-04 06:02:38,943 [a43a40a6-1ac9-4df3-821c-5cd06fa3b4e5@group-4D3E6F7EFF8B-LeaderElection70] INFO  impl.RaftServerImpl (RaftServerImpl.java:setRole(204)) - a43a40a6-1ac9-4df3-821c-5cd06fa3b4e5@group-4D3E6F7EFF8B: changes role from CANDIDATE to LEADER at term 1 for changeToLeader
2020-12-04 06:02:38,944 [a43a40a6-1ac9-4df3-821c-5cd06fa3b4e5@group-4D3E6F7EFF8B-LeaderElection70] INFO  ratis.XceiverServerRatis (XceiverServerRatis.java:handleLeaderChangedNotification(854)) - Leader change notification received for group: group-4D3E6F7EFF8B with new leaderId: a43a40a6-1ac9-4df3-821c-5cd06fa3b4e5
2020-12-04 06:02:38,972 [a43a40a6-1ac9-4df3-821c-5cd06fa3b4e5@group-4D3E6F7EFF8B-LeaderElection70] INFO  impl.RaftServerImpl (ServerState.java:setLeader(256)) - a43a40a6-1ac9-4df3-821c-5cd06fa3b4e5@group-4D3E6F7EFF8B: change Leader from null to a43a40a6-1ac9-4df3-821c-5cd06fa3b4e5 at term 1 for becomeLeader, leader elected after 5203ms
2020-12-04 06:02:38,972 [a43a40a6-1ac9-4df3-821c-5cd06fa3b4e5@group-4D3E6F7EFF8B-LeaderElection70] INFO  server.RaftServerConfigKeys (ConfUtils.java:logGet(44)) - raft.server.staging.catchup.gap = 1000 (default)
2020-12-04 06:02:38,973 [a43a40a6-1ac9-4df3-821c-5cd06fa3b4e5@group-4D3E6F7EFF8B-LeaderElection70] INFO  server.RaftServerConfigKeys (ConfUtils.java:logGet(44)) - raft.server.rpc.sleep.time = 25ms (default)
2020-12-04 06:02:38,985 [a43a40a6-1ac9-4df3-821c-5cd06fa3b4e5@group-4D3E6F7EFF8B-LeaderElection70] INFO  metrics.RatisMetrics (RatisMetrics.java:lambda$create$0(36)) - Creating Metrics Registry : ratis.log_appender.a43a40a6-1ac9-4df3-821c-5cd06fa3b4e5@group-4D3E6F7EFF8B
2020-12-04 06:02:38,996 [a43a40a6-1ac9-4df3-821c-5cd06fa3b4e5@group-4D3E6F7EFF8B-LeaderElection70] INFO  server.RaftServerConfigKeys (ConfUtils.java:logGet(44)) - raft.server.write.element-limit = 1024 (custom)
2020-12-04 06:02:38,996 [a43a40a6-1ac9-4df3-821c-5cd06fa3b4e5@group-4D3E6F7EFF8B-LeaderElection70] INFO  server.RaftServerConfigKeys (ConfUtils.java:logGet(44)) - raft.server.write.byte-limit = 1073741824 (custom)
2020-12-04 06:02:38,997 [a43a40a6-1ac9-4df3-821c-5cd06fa3b4e5@group-4D3E6F7EFF8B-LeaderElection70] INFO  server.RaftServerConfigKeys (ConfUtils.java:logGet(44)) - raft.server.watch.timeout = 3000ms (custom)
2020-12-04 06:02:38,997 [a43a40a6-1ac9-4df3-821c-5cd06fa3b4e5@group-4D3E6F7EFF8B-LeaderElection70] INFO  server.RaftServerConfigKeys (ConfUtils.java:logGet(44)) - raft.server.watch.timeout.denomination = 1s (default)
2020-12-04 06:02:38,997 [a43a40a6-1ac9-4df3-821c-5cd06fa3b4e5@group-4D3E6F7EFF8B-LeaderElection70] INFO  server.RaftServerConfigKeys (ConfUtils.java:logGet(44)) - raft.server.watch.element-limit = 65536 (default)
2020-12-04 06:02:38,997 [a43a40a6-1ac9-4df3-821c-5cd06fa3b4e5@group-4D3E6F7EFF8B-LeaderElection70] INFO  impl.RoleInfo (RoleInfo.java:updateAndGet(143)) - a43a40a6-1ac9-4df3-821c-5cd06fa3b4e5: start a43a40a6-1ac9-4df3-821c-5cd06fa3b4e5@group-4D3E6F7EFF8B-LeaderState
2020-12-04 06:02:39,005 [a43a40a6-1ac9-4df3-821c-5cd06fa3b4e5@group-4D3E6F7EFF8B-LeaderElection70] INFO  segmented.SegmentedRaftLogWorker (SegmentedRaftLogWorker.java:startLogSegment(398)) - a43a40a6-1ac9-4df3-821c-5cd06fa3b4e5@group-4D3E6F7EFF8B-SegmentedRaftLogWorker: Starting segment from index:0
2020-12-04 06:02:39,006 [a43a40a6-1ac9-4df3-821c-5cd06fa3b4e5@group-4D3E6F7EFF8B-LeaderElection70] INFO  impl.RaftServerImpl (ServerState.java:setRaftConf(374)) - a43a40a6-1ac9-4df3-821c-5cd06fa3b4e5@group-4D3E6F7EFF8B: set configuration 0: [a43a40a6-1ac9-4df3-821c-5cd06fa3b4e5|rpc:172.17.0.2:36909|dataStream:], old=null at 0
2020-12-04 06:02:39,017 [a43a40a6-1ac9-4df3-821c-5cd06fa3b4e5@group-4D3E6F7EFF8B-SegmentedRaftLogWorker] INFO  segmented.SegmentedRaftLogWorker (SegmentedRaftLogWorker.java:execute(597)) - a43a40a6-1ac9-4df3-821c-5cd06fa3b4e5@group-4D3E6F7EFF8B-SegmentedRaftLogWorker: created new log segment /github/workspace/mnt/ozone/hadoop-ozone/integration-test/target/test-dir/MiniOzoneClusterImpl-d0e62b51-0f1f-480e-8215-4f24b3183874/datanode-1/data/ratis/94df6390-0626-4fc6-a8ca-4d3e6f7eff8b/current/log_inprogress_0
2020-12-04 06:02:39,107 [Thread-2545] INFO  impl.FollowerState (FollowerState.java:run(128)) - 025f93f1-dfc8-4208-80d2-20f4a1ba9bf1@group-E20F62F7D794-FollowerState: change to CANDIDATE, lastRpcTime:5159ms, electionTimeout:5158ms
2020-12-04 06:02:39,107 [Thread-2545] INFO  impl.RoleInfo (RoleInfo.java:shutdownFollowerState(121)) - 025f93f1-dfc8-4208-80d2-20f4a1ba9bf1: shutdown 025f93f1-dfc8-4208-80d2-20f4a1ba9bf1@group-E20F62F7D794-FollowerState
2020-12-04 06:02:39,107 [Thread-2545] INFO  impl.RaftServerImpl (RaftServerImpl.java:setRole(204)) - 025f93f1-dfc8-4208-80d2-20f4a1ba9bf1@group-E20F62F7D794: changes role from  FOLLOWER to CANDIDATE at term 0 for changeToCandidate
2020-12-04 06:02:39,107 [Thread-2545] INFO  impl.RoleInfo (RoleInfo.java:updateAndGet(143)) - 025f93f1-dfc8-4208-80d2-20f4a1ba9bf1: start 025f93f1-dfc8-4208-80d2-20f4a1ba9bf1@group-E20F62F7D794-LeaderElection71
2020-12-04 06:02:39,112 [025f93f1-dfc8-4208-80d2-20f4a1ba9bf1@group-E20F62F7D794-LeaderElection71] INFO  impl.LeaderElection (LeaderElection.java:askForVotes(215)) - 025f93f1-dfc8-4208-80d2-20f4a1ba9bf1@group-E20F62F7D794-LeaderElection71: begin an election at term 1 for -1: [025f93f1-dfc8-4208-80d2-20f4a1ba9bf1|rpc:172.17.0.2:36183], old=null
2020-12-04 06:02:39,112 [025f93f1-dfc8-4208-80d2-20f4a1ba9bf1@group-E20F62F7D794-LeaderElection71] INFO  impl.RoleInfo (RoleInfo.java:shutdownLeaderElection(134)) - 025f93f1-dfc8-4208-80d2-20f4a1ba9bf1: shutdown 025f93f1-dfc8-4208-80d2-20f4a1ba9bf1@group-E20F62F7D794-LeaderElection71
2020-12-04 06:02:39,112 [025f93f1-dfc8-4208-80d2-20f4a1ba9bf1@group-E20F62F7D794-LeaderElection71] INFO  impl.RaftServerImpl (RaftServerImpl.java:setRole(204)) - 025f93f1-dfc8-4208-80d2-20f4a1ba9bf1@group-E20F62F7D794: changes role from CANDIDATE to LEADER at term 1 for changeToLeader
2020-12-04 06:02:39,113 [025f93f1-dfc8-4208-80d2-20f4a1ba9bf1@group-E20F62F7D794-LeaderElection71] INFO  ratis.XceiverServerRatis (XceiverServerRatis.java:handleLeaderChangedNotification(854)) - Leader change notification received for group: group-E20F62F7D794 with new leaderId: 025f93f1-dfc8-4208-80d2-20f4a1ba9bf1
2020-12-04 06:02:39,113 [Datanode State Machine Thread - 0] INFO  statemachine.DatanodeStateMachine (DatanodeStateMachine.java:lambda$startDaemon$0(408)) - Ozone container server started.
2020-12-04 06:02:39,113 [025f93f1-dfc8-4208-80d2-20f4a1ba9bf1@group-E20F62F7D794-LeaderElection71] INFO  impl.RaftServerImpl (ServerState.java:setLeader(256)) - 025f93f1-dfc8-4208-80d2-20f4a1ba9bf1@group-E20F62F7D794: change Leader from null to 025f93f1-dfc8-4208-80d2-20f4a1ba9bf1 at term 1 for becomeLeader, leader elected after 5172ms
2020-12-04 06:02:39,113 [025f93f1-dfc8-4208-80d2-20f4a1ba9bf1@group-E20F62F7D794-LeaderElection71] INFO  server.RaftServerConfigKeys (ConfUtils.java:logGet(44)) - raft.server.staging.catchup.gap = 1000 (default)
2020-12-04 06:02:39,113 [025f93f1-dfc8-4208-80d2-20f4a1ba9bf1@group-E20F62F7D794-LeaderElection71] INFO  server.RaftServerConfigKeys (ConfUtils.java:logGet(44)) - raft.server.rpc.sleep.time = 25ms (default)
2020-12-04 06:02:39,114 [025f93f1-dfc8-4208-80d2-20f4a1ba9bf1@group-E20F62F7D794-LeaderElection71] INFO  metrics.RatisMetrics (RatisMetrics.java:lambda$create$0(36)) - Creating Metrics Registry : ratis.log_appender.025f93f1-dfc8-4208-80d2-20f4a1ba9bf1@group-E20F62F7D794
2020-12-04 06:02:39,114 [025f93f1-dfc8-4208-80d2-20f4a1ba9bf1@group-E20F62F7D794-LeaderElection71] INFO  server.RaftServerConfigKeys (ConfUtils.java:logGet(44)) - raft.server.write.element-limit = 1024 (custom)
2020-12-04 06:02:39,114 [025f93f1-dfc8-4208-80d2-20f4a1ba9bf1@group-E20F62F7D794-LeaderElection71] INFO  server.RaftServerConfigKeys (ConfUtils.java:logGet(44)) - raft.server.write.byte-limit = 1073741824 (custom)
2020-12-04 06:02:39,115 [025f93f1-dfc8-4208-80d2-20f4a1ba9bf1@group-E20F62F7D794-LeaderElection71] INFO  server.RaftServerConfigKeys (ConfUtils.java:logGet(44)) - raft.server.watch.timeout = 3000ms (custom)
2020-12-04 06:02:39,115 [025f93f1-dfc8-4208-80d2-20f4a1ba9bf1@group-E20F62F7D794-LeaderElection71] INFO  server.RaftServerConfigKeys (ConfUtils.java:logGet(44)) - raft.server.watch.timeout.denomination = 1s (default)
2020-12-04 06:02:39,115 [025f93f1-dfc8-4208-80d2-20f4a1ba9bf1@group-E20F62F7D794-LeaderElection71] INFO  server.RaftServerConfigKeys (ConfUtils.java:logGet(44)) - raft.server.watch.element-limit = 65536 (default)
2020-12-04 06:02:39,115 [025f93f1-dfc8-4208-80d2-20f4a1ba9bf1@group-E20F62F7D794-LeaderElection71] INFO  impl.RoleInfo (RoleInfo.java:updateAndGet(143)) - 025f93f1-dfc8-4208-80d2-20f4a1ba9bf1: start 025f93f1-dfc8-4208-80d2-20f4a1ba9bf1@group-E20F62F7D794-LeaderState
2020-12-04 06:02:39,115 [025f93f1-dfc8-4208-80d2-20f4a1ba9bf1@group-E20F62F7D794-LeaderElection71] INFO  segmented.SegmentedRaftLogWorker (SegmentedRaftLogWorker.java:startLogSegment(398)) - 025f93f1-dfc8-4208-80d2-20f4a1ba9bf1@group-E20F62F7D794-SegmentedRaftLogWorker: Starting segment from index:0
2020-12-04 06:02:39,117 [025f93f1-dfc8-4208-80d2-20f4a1ba9bf1@group-E20F62F7D794-LeaderElection71] INFO  impl.RaftServerImpl (ServerState.java:setRaftConf(374)) - 025f93f1-dfc8-4208-80d2-20f4a1ba9bf1@group-E20F62F7D794: set configuration 0: [025f93f1-dfc8-4208-80d2-20f4a1ba9bf1|rpc:172.17.0.2:36183|dataStream:], old=null at 0
2020-12-04 06:02:39,117 [025f93f1-dfc8-4208-80d2-20f4a1ba9bf1@group-E20F62F7D794-SegmentedRaftLogWorker] INFO  segmented.SegmentedRaftLogWorker (SegmentedRaftLogWorker.java:execute(597)) - 025f93f1-dfc8-4208-80d2-20f4a1ba9bf1@group-E20F62F7D794-SegmentedRaftLogWorker: created new log segment /github/workspace/mnt/ozone/hadoop-ozone/integration-test/target/test-dir/MiniOzoneClusterImpl-d0e62b51-0f1f-480e-8215-4f24b3183874/datanode-2/data/ratis/69418aa5-1005-40d3-a5f6-e20f62f7d794/current/log_inprogress_0
2020-12-04 06:02:39,216 [Thread-2551] INFO  impl.FollowerState (FollowerState.java:run(128)) - 54498115-28c1-4381-b59e-fdf207a0d628@group-F138BF844AFC-FollowerState: change to CANDIDATE, lastRpcTime:5014ms, electionTimeout:5014ms
2020-12-04 06:02:39,216 [Thread-2551] INFO  impl.RoleInfo (RoleInfo.java:shutdownFollowerState(121)) - 54498115-28c1-4381-b59e-fdf207a0d628: shutdown 54498115-28c1-4381-b59e-fdf207a0d628@group-F138BF844AFC-FollowerState
2020-12-04 06:02:39,216 [Thread-2551] INFO  impl.RaftServerImpl (RaftServerImpl.java:setRole(204)) - 54498115-28c1-4381-b59e-fdf207a0d628@group-F138BF844AFC: changes role from  FOLLOWER to CANDIDATE at term 0 for changeToCandidate
2020-12-04 06:02:39,216 [Thread-2551] INFO  impl.RoleInfo (RoleInfo.java:updateAndGet(143)) - 54498115-28c1-4381-b59e-fdf207a0d628: start 54498115-28c1-4381-b59e-fdf207a0d628@group-F138BF844AFC-LeaderElection72
2020-12-04 06:02:39,220 [54498115-28c1-4381-b59e-fdf207a0d628@group-F138BF844AFC-LeaderElection72] INFO  impl.LeaderElection (LeaderElection.java:askForVotes(215)) - 54498115-28c1-4381-b59e-fdf207a0d628@group-F138BF844AFC-LeaderElection72: begin an election at term 1 for -1: [a8add95f-9482-4e6d-9ba6-8975b33532e8|rpc:172.17.0.2:44261|dataStream:, 54498115-28c1-4381-b59e-fdf207a0d628|rpc:172.17.0.2:36069|dataStream:, 3f9b5df4-bd86-4512-adfe-d4a46e1501cb|rpc:172.17.0.2:39957|dataStream:], old=null
2020-12-04 06:02:39,225 [grpc-default-executor-5] INFO  metrics.RatisMetrics (RatisMetrics.java:lambda$create$0(36)) - Creating Metrics Registry : ratis.server_message_metrics.a8add95f-9482-4e6d-9ba6-8975b33532e8
2020-12-04 06:02:39,233 [Thread-2547] INFO  impl.FollowerState (FollowerState.java:run(128)) - a8add95f-9482-4e6d-9ba6-8975b33532e8@group-3DE58E84B988-FollowerState: change to CANDIDATE, lastRpcTime:5064ms, electionTimeout:5064ms
2020-12-04 06:02:39,233 [Thread-2547] INFO  impl.RoleInfo (RoleInfo.java:shutdownFollowerState(121)) - a8add95f-9482-4e6d-9ba6-8975b33532e8: shutdown a8add95f-9482-4e6d-9ba6-8975b33532e8@group-3DE58E84B988-FollowerState
2020-12-04 06:02:39,233 [Thread-2547] INFO  impl.RaftServerImpl (RaftServerImpl.java:setRole(204)) - a8add95f-9482-4e6d-9ba6-8975b33532e8@group-3DE58E84B988: changes role from  FOLLOWER to CANDIDATE at term 0 for changeToCandidate
2020-12-04 06:02:39,233 [Thread-2547] INFO  impl.RoleInfo (RoleInfo.java:updateAndGet(143)) - a8add95f-9482-4e6d-9ba6-8975b33532e8: start a8add95f-9482-4e6d-9ba6-8975b33532e8@group-3DE58E84B988-LeaderElection73
2020-12-04 06:02:39,234 [grpc-default-executor-5] INFO  impl.RaftServerImpl (RaftServerImpl.java:setRole(204)) - a8add95f-9482-4e6d-9ba6-8975b33532e8@group-F138BF844AFC: changes role from  FOLLOWER to FOLLOWER at term 1 for recognizeCandidate:54498115-28c1-4381-b59e-fdf207a0d628
2020-12-04 06:02:39,234 [grpc-default-executor-5] INFO  impl.RoleInfo (RoleInfo.java:shutdownFollowerState(121)) - a8add95f-9482-4e6d-9ba6-8975b33532e8: shutdown a8add95f-9482-4e6d-9ba6-8975b33532e8@group-F138BF844AFC-FollowerState
2020-12-04 06:02:39,240 [grpc-default-executor-5] INFO  impl.RoleInfo (RoleInfo.java:updateAndGet(143)) - a8add95f-9482-4e6d-9ba6-8975b33532e8: start a8add95f-9482-4e6d-9ba6-8975b33532e8@group-F138BF844AFC-FollowerState
2020-12-04 06:02:39,240 [Thread-2549] INFO  impl.FollowerState (FollowerState.java:run(137)) - a8add95f-9482-4e6d-9ba6-8975b33532e8@group-F138BF844AFC-FollowerState was interrupted: {}
java.lang.InterruptedException: sleep interrupted
	at java.lang.Thread.sleep(Native Method)
	at org.apache.ratis.util.JavaUtils.sleep(JavaUtils.java:250)
	at org.apache.ratis.server.impl.FollowerState.run(FollowerState.java:116)
2020-12-04 06:02:39,240 [grpc-default-executor-7] INFO  impl.RaftServerImpl (RaftServerImpl.java:setRole(204)) - 3f9b5df4-bd86-4512-adfe-d4a46e1501cb@group-F138BF844AFC: changes role from  FOLLOWER to FOLLOWER at term 1 for recognizeCandidate:54498115-28c1-4381-b59e-fdf207a0d628
2020-12-04 06:02:39,240 [grpc-default-executor-7] INFO  impl.RoleInfo (RoleInfo.java:shutdownFollowerState(121)) - 3f9b5df4-bd86-4512-adfe-d4a46e1501cb: shutdown 3f9b5df4-bd86-4512-adfe-d4a46e1501cb@group-F138BF844AFC-FollowerState
2020-12-04 06:02:39,245 [grpc-default-executor-5] INFO  impl.RaftServerImpl (RaftServerImpl.java:requestVote(963)) -  FOLLOWER a8add95f-9482-4e6d-9ba6-8975b33532e8@group-F138BF844AFC:t1, leader=null, voted=null, raftlog=a8add95f-9482-4e6d-9ba6-8975b33532e8@group-F138BF844AFC-SegmentedRaftLog:OPENED:c-1,f-1,i0, conf=-1: [a8add95f-9482-4e6d-9ba6-8975b33532e8|rpc:172.17.0.2:44261, 54498115-28c1-4381-b59e-fdf207a0d628|rpc:172.17.0.2:36069, 3f9b5df4-bd86-4512-adfe-d4a46e1501cb|rpc:172.17.0.2:39957], old=null RUNNING priority:0 candidate:54498115-28c1-4381-b59e-fdf207a0d628|rpc:172.17.0.2:36069 candidatePriority:0 compare:0
2020-12-04 06:02:39,245 [Thread-2554] INFO  impl.FollowerState (FollowerState.java:run(137)) - 3f9b5df4-bd86-4512-adfe-d4a46e1501cb@group-F138BF844AFC-FollowerState was interrupted: {}
java.lang.InterruptedException: sleep interrupted
	at java.lang.Thread.sleep(Native Method)
	at org.apache.ratis.util.JavaUtils.sleep(JavaUtils.java:250)
	at org.apache.ratis.server.impl.FollowerState.run(FollowerState.java:116)
2020-12-04 06:02:39,245 [grpc-default-executor-7] INFO  impl.RoleInfo (RoleInfo.java:updateAndGet(143)) - 3f9b5df4-bd86-4512-adfe-d4a46e1501cb: start 3f9b5df4-bd86-4512-adfe-d4a46e1501cb@group-F138BF844AFC-FollowerState
2020-12-04 06:02:39,247 [grpc-default-executor-7] INFO  impl.RaftServerImpl (RaftServerImpl.java:requestVote(963)) -  FOLLOWER 3f9b5df4-bd86-4512-adfe-d4a46e1501cb@group-F138BF844AFC:t1, leader=null, voted=null, raftlog=3f9b5df4-bd86-4512-adfe-d4a46e1501cb@group-F138BF844AFC-SegmentedRaftLog:OPENED:c-1,f-1,i0, conf=-1: [a8add95f-9482-4e6d-9ba6-8975b33532e8|rpc:172.17.0.2:44261|dataStream:, 54498115-28c1-4381-b59e-fdf207a0d628|rpc:172.17.0.2:36069|dataStream:, 3f9b5df4-bd86-4512-adfe-d4a46e1501cb|rpc:172.17.0.2:39957|dataStream:], old=null RUNNING priority:0 candidate:54498115-28c1-4381-b59e-fdf207a0d628|rpc:172.17.0.2:36069|dataStream: candidatePriority:0 compare:0
2020-12-04 06:02:39,251 [54498115-28c1-4381-b59e-fdf207a0d628@group-F138BF844AFC-LeaderElection72] INFO  impl.LeaderElection (LeaderElection.java:logAndReturn(65)) - 54498115-28c1-4381-b59e-fdf207a0d628@group-F138BF844AFC-LeaderElection72: Election PASSED; received 1 response(s) [54498115-28c1-4381-b59e-fdf207a0d628<-a8add95f-9482-4e6d-9ba6-8975b33532e8#0:OK-t1] and 0 exception(s); 54498115-28c1-4381-b59e-fdf207a0d628@group-F138BF844AFC:t1, leader=null, voted=54498115-28c1-4381-b59e-fdf207a0d628, raftlog=54498115-28c1-4381-b59e-fdf207a0d628@group-F138BF844AFC-SegmentedRaftLog:OPENED:c-1,f-1,i0, conf=-1: [a8add95f-9482-4e6d-9ba6-8975b33532e8|rpc:172.17.0.2:44261|dataStream:, 54498115-28c1-4381-b59e-fdf207a0d628|rpc:172.17.0.2:36069|dataStream:, 3f9b5df4-bd86-4512-adfe-d4a46e1501cb|rpc:172.17.0.2:39957|dataStream:], old=null
2020-12-04 06:02:39,251 [54498115-28c1-4381-b59e-fdf207a0d628@group-F138BF844AFC-LeaderElection72] INFO  impl.RoleInfo (RoleInfo.java:shutdownLeaderElection(134)) - 54498115-28c1-4381-b59e-fdf207a0d628: shutdown 54498115-28c1-4381-b59e-fdf207a0d628@group-F138BF844AFC-LeaderElection72
2020-12-04 06:02:39,251 [54498115-28c1-4381-b59e-fdf207a0d628@group-F138BF844AFC-LeaderElection72] INFO  impl.RaftServerImpl (RaftServerImpl.java:setRole(204)) - 54498115-28c1-4381-b59e-fdf207a0d628@group-F138BF844AFC: changes role from CANDIDATE to LEADER at term 1 for changeToLeader
2020-12-04 06:02:39,251 [54498115-28c1-4381-b59e-fdf207a0d628@group-F138BF844AFC-LeaderElection72] INFO  ratis.XceiverServerRatis (XceiverServerRatis.java:handleLeaderChangedNotification(854)) - Leader change notification received for group: group-F138BF844AFC with new leaderId: 54498115-28c1-4381-b59e-fdf207a0d628
2020-12-04 06:02:39,252 [54498115-28c1-4381-b59e-fdf207a0d628@group-F138BF844AFC-LeaderElection72] INFO  impl.RaftServerImpl (ServerState.java:setLeader(256)) - 54498115-28c1-4381-b59e-fdf207a0d628@group-F138BF844AFC: change Leader from null to 54498115-28c1-4381-b59e-fdf207a0d628 at term 1 for becomeLeader, leader elected after 5057ms
2020-12-04 06:02:39,252 [54498115-28c1-4381-b59e-fdf207a0d628@group-F138BF844AFC-LeaderElection72] INFO  server.RaftServerConfigKeys (ConfUtils.java:logGet(44)) - raft.server.staging.catchup.gap = 1000 (default)
2020-12-04 06:02:39,252 [54498115-28c1-4381-b59e-fdf207a0d628@group-F138BF844AFC-LeaderElection72] INFO  server.RaftServerConfigKeys (ConfUtils.java:logGet(44)) - raft.server.rpc.sleep.time = 25ms (default)
2020-12-04 06:02:39,252 [54498115-28c1-4381-b59e-fdf207a0d628@group-F138BF844AFC-LeaderElection72] INFO  metrics.RatisMetrics (RatisMetrics.java:lambda$create$0(36)) - Creating Metrics Registry : ratis.log_appender.54498115-28c1-4381-b59e-fdf207a0d628@group-F138BF844AFC
2020-12-04 06:02:39,252 [54498115-28c1-4381-b59e-fdf207a0d628@group-F138BF844AFC-LeaderElection72] INFO  server.RaftServerConfigKeys (ConfUtils.java:logGet(44)) - raft.server.write.element-limit = 1024 (custom)
2020-12-04 06:02:39,252 [54498115-28c1-4381-b59e-fdf207a0d628@group-F138BF844AFC-LeaderElection72] INFO  server.RaftServerConfigKeys (ConfUtils.java:logGet(44)) - raft.server.write.byte-limit = 1073741824 (custom)
2020-12-04 06:02:39,253 [54498115-28c1-4381-b59e-fdf207a0d628@group-F138BF844AFC-LeaderElection72] INFO  server.RaftServerConfigKeys (ConfUtils.java:logGet(44)) - raft.server.watch.timeout = 3000ms (custom)
2020-12-04 06:02:39,253 [54498115-28c1-4381-b59e-fdf207a0d628@group-F138BF844AFC-LeaderElection72] INFO  server.RaftServerConfigKeys (ConfUtils.java:logGet(44)) - raft.server.watch.timeout.denomination = 1s (default)
2020-12-04 06:02:39,253 [54498115-28c1-4381-b59e-fdf207a0d628@group-F138BF844AFC-LeaderElection72] INFO  server.RaftServerConfigKeys (ConfUtils.java:logGet(44)) - raft.server.watch.element-limit = 65536 (default)
2020-12-04 06:02:39,253 [54498115-28c1-4381-b59e-fdf207a0d628@group-F138BF844AFC-LeaderElection72] INFO  server.RaftServerConfigKeys (ConfUtils.java:logGet(44)) - raft.server.log.appender.snapshot.chunk.size.max = 16MB (=16777216) (default)
2020-12-04 06:02:39,253 [54498115-28c1-4381-b59e-fdf207a0d628@group-F138BF844AFC-LeaderElection72] INFO  server.RaftServerConfigKeys (ConfUtils.java:logGet(44)) - raft.server.log.appender.buffer.byte-limit = 33554432 (custom)
2020-12-04 06:02:39,253 [54498115-28c1-4381-b59e-fdf207a0d628@group-F138BF844AFC-LeaderElection72] INFO  server.RaftServerConfigKeys (ConfUtils.java:logGet(44)) - raft.server.log.appender.buffer.element-limit = 1 (custom)
2020-12-04 06:02:39,253 [54498115-28c1-4381-b59e-fdf207a0d628@group-F138BF844AFC-LeaderElection72] INFO  grpc.GrpcConfigKeys (ConfUtils.java:logGet(44)) - raft.grpc.server.leader.outstanding.appends.max = 128 (default)
2020-12-04 06:02:39,253 [54498115-28c1-4381-b59e-fdf207a0d628@group-F138BF844AFC-LeaderElection72] INFO  server.RaftServerConfigKeys (ConfUtils.java:logGet(44)) - raft.server.rpc.request.timeout = 3000ms (default)
2020-12-04 06:02:39,253 [54498115-28c1-4381-b59e-fdf207a0d628@group-F138BF844AFC-LeaderElection72] INFO  server.RaftServerConfigKeys (ConfUtils.java:logGet(44)) - raft.server.log.appender.install.snapshot.enabled = false (custom)
2020-12-04 06:02:39,253 [54498115-28c1-4381-b59e-fdf207a0d628@group-F138BF844AFC-LeaderElection72] INFO  metrics.RatisMetrics (RatisMetrics.java:lambda$create$0(36)) - Creating Metrics Registry : ratis_grpc.log_appender.54498115-28c1-4381-b59e-fdf207a0d628@group-F138BF844AFC
2020-12-04 06:02:39,255 [54498115-28c1-4381-b59e-fdf207a0d628@group-F138BF844AFC-LeaderElection72] INFO  server.RaftServerConfigKeys (ConfUtils.java:logGet(44)) - raft.server.log.appender.snapshot.chunk.size.max = 16MB (=16777216) (default)
2020-12-04 06:02:39,255 [54498115-28c1-4381-b59e-fdf207a0d628@group-F138BF844AFC-LeaderElection72] INFO  server.RaftServerConfigKeys (ConfUtils.java:logGet(44)) - raft.server.log.appender.buffer.byte-limit = 33554432 (custom)
2020-12-04 06:02:39,255 [54498115-28c1-4381-b59e-fdf207a0d628@group-F138BF844AFC-LeaderElection72] INFO  server.RaftServerConfigKeys (ConfUtils.java:logGet(44)) - raft.server.log.appender.buffer.element-limit = 1 (custom)
2020-12-04 06:02:39,255 [54498115-28c1-4381-b59e-fdf207a0d628@group-F138BF844AFC-LeaderElection72] INFO  grpc.GrpcConfigKeys (ConfUtils.java:logGet(44)) - raft.grpc.server.leader.outstanding.appends.max = 128 (default)
2020-12-04 06:02:39,255 [54498115-28c1-4381-b59e-fdf207a0d628@group-F138BF844AFC-LeaderElection72] INFO  server.RaftServerConfigKeys (ConfUtils.java:logGet(44)) - raft.server.rpc.request.timeout = 3000ms (default)
2020-12-04 06:02:39,255 [54498115-28c1-4381-b59e-fdf207a0d628@group-F138BF844AFC-LeaderElection72] INFO  server.RaftServerConfigKeys (ConfUtils.java:logGet(44)) - raft.server.log.appender.install.snapshot.enabled = false (custom)
2020-12-04 06:02:39,258 [EventQueue-PipelineReportForPipelineReportHandler] INFO  pipeline.PipelineStateManager (PipelineStateManager.java:openPipeline(132)) - Pipeline Pipeline[ Id: f8d9c3ab-5226-4468-a24d-f138bf844afc, Nodes: a8add95f-9482-4e6d-9ba6-8975b33532e8{ip: 172.17.0.2, host: 63638dc2095a, networkLocation: /default-rack, certSerialId: null, persistedOpState: IN_SERVICE, persistedOpStateExpiryEpochSec: 0}54498115-28c1-4381-b59e-fdf207a0d628{ip: 172.17.0.2, host: 63638dc2095a, networkLocation: /default-rack, certSerialId: null, persistedOpState: IN_SERVICE, persistedOpStateExpiryEpochSec: 0}3f9b5df4-bd86-4512-adfe-d4a46e1501cb{ip: 172.17.0.2, host: 63638dc2095a, networkLocation: /default-rack, certSerialId: null, persistedOpState: IN_SERVICE, persistedOpStateExpiryEpochSec: 0}, Type:RATIS, Factor:THREE, State:ALLOCATED, leaderId:54498115-28c1-4381-b59e-fdf207a0d628, CreationTimestamp2020-12-04T06:02:31.555Z] moved to OPEN state
2020-12-04 06:02:39,258 [a8add95f-9482-4e6d-9ba6-8975b33532e8@group-3DE58E84B988-LeaderElection73] INFO  impl.LeaderElection (LeaderElection.java:askForVotes(215)) - a8add95f-9482-4e6d-9ba6-8975b33532e8@group-3DE58E84B988-LeaderElection73: begin an election at term 1 for -1: [a8add95f-9482-4e6d-9ba6-8975b33532e8|rpc:172.17.0.2:44261], old=null
2020-12-04 06:02:39,258 [a8add95f-9482-4e6d-9ba6-8975b33532e8@group-3DE58E84B988-LeaderElection73] INFO  impl.RoleInfo (RoleInfo.java:shutdownLeaderElection(134)) - a8add95f-9482-4e6d-9ba6-8975b33532e8: shutdown a8add95f-9482-4e6d-9ba6-8975b33532e8@group-3DE58E84B988-LeaderElection73
2020-12-04 06:02:39,258 [a8add95f-9482-4e6d-9ba6-8975b33532e8@group-3DE58E84B988-LeaderElection73] INFO  impl.RaftServerImpl (RaftServerImpl.java:setRole(204)) - a8add95f-9482-4e6d-9ba6-8975b33532e8@group-3DE58E84B988: changes role from CANDIDATE to LEADER at term 1 for changeToLeader
2020-12-04 06:02:39,258 [a8add95f-9482-4e6d-9ba6-8975b33532e8@group-3DE58E84B988-LeaderElection73] INFO  ratis.XceiverServerRatis (XceiverServerRatis.java:handleLeaderChangedNotification(854)) - Leader change notification received for group: group-3DE58E84B988 with new leaderId: a8add95f-9482-4e6d-9ba6-8975b33532e8
2020-12-04 06:02:39,258 [a8add95f-9482-4e6d-9ba6-8975b33532e8@group-3DE58E84B988-LeaderElection73] INFO  impl.RaftServerImpl (ServerState.java:setLeader(256)) - a8add95f-9482-4e6d-9ba6-8975b33532e8@group-3DE58E84B988: change Leader from null to a8add95f-9482-4e6d-9ba6-8975b33532e8 at term 1 for becomeLeader, leader elected after 5098ms
2020-12-04 06:02:39,258 [a8add95f-9482-4e6d-9ba6-8975b33532e8@group-3DE58E84B988-LeaderElection73] INFO  server.RaftServerConfigKeys (ConfUtils.java:logGet(44)) - raft.server.staging.catchup.gap = 1000 (default)
2020-12-04 06:02:39,258 [a8add95f-9482-4e6d-9ba6-8975b33532e8@group-3DE58E84B988-LeaderElection73] INFO  server.RaftServerConfigKeys (ConfUtils.java:logGet(44)) - raft.server.rpc.sleep.time = 25ms (default)
2020-12-04 06:02:39,258 [a8add95f-9482-4e6d-9ba6-8975b33532e8@group-3DE58E84B988-LeaderElection73] INFO  metrics.RatisMetrics (RatisMetrics.java:lambda$create$0(36)) - Creating Metrics Registry : ratis.log_appender.a8add95f-9482-4e6d-9ba6-8975b33532e8@group-3DE58E84B988
2020-12-04 06:02:39,259 [a8add95f-9482-4e6d-9ba6-8975b33532e8@group-3DE58E84B988-LeaderElection73] INFO  server.RaftServerConfigKeys (ConfUtils.java:logGet(44)) - raft.server.write.element-limit = 1024 (custom)
2020-12-04 06:02:39,259 [a8add95f-9482-4e6d-9ba6-8975b33532e8@group-3DE58E84B988-LeaderElection73] INFO  server.RaftServerConfigKeys (ConfUtils.java:logGet(44)) - raft.server.write.byte-limit = 1073741824 (custom)
2020-12-04 06:02:39,259 [a8add95f-9482-4e6d-9ba6-8975b33532e8@group-3DE58E84B988-LeaderElection73] INFO  server.RaftServerConfigKeys (ConfUtils.java:logGet(44)) - raft.server.watch.timeout = 3000ms (custom)
2020-12-04 06:02:39,259 [a8add95f-9482-4e6d-9ba6-8975b33532e8@group-3DE58E84B988-LeaderElection73] INFO  server.RaftServerConfigKeys (ConfUtils.java:logGet(44)) - raft.server.watch.timeout.denomination = 1s (default)
2020-12-04 06:02:39,259 [a8add95f-9482-4e6d-9ba6-8975b33532e8@group-3DE58E84B988-LeaderElection73] INFO  server.RaftServerConfigKeys (ConfUtils.java:logGet(44)) - raft.server.watch.element-limit = 65536 (default)
2020-12-04 06:02:39,259 [a8add95f-9482-4e6d-9ba6-8975b33532e8@group-3DE58E84B988-LeaderElection73] INFO  impl.RoleInfo (RoleInfo.java:updateAndGet(143)) - a8add95f-9482-4e6d-9ba6-8975b33532e8: start a8add95f-9482-4e6d-9ba6-8975b33532e8@group-3DE58E84B988-LeaderState
2020-12-04 06:02:39,260 [a8add95f-9482-4e6d-9ba6-8975b33532e8@group-3DE58E84B988-LeaderElection73] INFO  segmented.SegmentedRaftLogWorker (SegmentedRaftLogWorker.java:startLogSegment(398)) - a8add95f-9482-4e6d-9ba6-8975b33532e8@group-3DE58E84B988-SegmentedRaftLogWorker: Starting segment from index:0
2020-12-04 06:02:39,261 [a8add95f-9482-4e6d-9ba6-8975b33532e8@group-3DE58E84B988-SegmentedRaftLogWorker] INFO  segmented.SegmentedRaftLogWorker (SegmentedRaftLogWorker.java:execute(597)) - a8add95f-9482-4e6d-9ba6-8975b33532e8@group-3DE58E84B988-SegmentedRaftLogWorker: created new log segment /github/workspace/mnt/ozone/hadoop-ozone/integration-test/target/test-dir/MiniOzoneClusterImpl-d0e62b51-0f1f-480e-8215-4f24b3183874/datanode-3/data/ratis/b72b0388-0d0b-4ea0-a621-3de58e84b988/current/log_inprogress_0
2020-12-04 06:02:39,262 [54498115-28c1-4381-b59e-fdf207a0d628@group-F138BF844AFC-LeaderElection72] INFO  impl.RoleInfo (RoleInfo.java:updateAndGet(143)) - 54498115-28c1-4381-b59e-fdf207a0d628: start 54498115-28c1-4381-b59e-fdf207a0d628@group-F138BF844AFC-LeaderState
2020-12-04 06:02:39,262 [54498115-28c1-4381-b59e-fdf207a0d628@group-F138BF844AFC-LeaderElection72] INFO  segmented.SegmentedRaftLogWorker (SegmentedRaftLogWorker.java:startLogSegment(398)) - 54498115-28c1-4381-b59e-fdf207a0d628@group-F138BF844AFC-SegmentedRaftLogWorker: Starting segment from index:0
2020-12-04 06:02:39,263 [a8add95f-9482-4e6d-9ba6-8975b33532e8@group-3DE58E84B988-LeaderElection73] INFO  impl.RaftServerImpl (ServerState.java:setRaftConf(374)) - a8add95f-9482-4e6d-9ba6-8975b33532e8@group-3DE58E84B988: set configuration 0: [a8add95f-9482-4e6d-9ba6-8975b33532e8|rpc:172.17.0.2:44261|dataStream:], old=null at 0
2020-12-04 06:02:39,264 [54498115-28c1-4381-b59e-fdf207a0d628@group-F138BF844AFC-LeaderElection72] INFO  impl.RaftServerImpl (ServerState.java:setRaftConf(374)) - 54498115-28c1-4381-b59e-fdf207a0d628@group-F138BF844AFC: set configuration 0: [a8add95f-9482-4e6d-9ba6-8975b33532e8|rpc:172.17.0.2:44261|dataStream:, 54498115-28c1-4381-b59e-fdf207a0d628|rpc:172.17.0.2:36069|dataStream:, 3f9b5df4-bd86-4512-adfe-d4a46e1501cb|rpc:172.17.0.2:39957|dataStream:], old=null at 0
2020-12-04 06:02:39,264 [54498115-28c1-4381-b59e-fdf207a0d628@group-F138BF844AFC-SegmentedRaftLogWorker] INFO  segmented.SegmentedRaftLogWorker (SegmentedRaftLogWorker.java:execute(597)) - 54498115-28c1-4381-b59e-fdf207a0d628@group-F138BF844AFC-SegmentedRaftLogWorker: created new log segment /github/workspace/mnt/ozone/hadoop-ozone/integration-test/target/test-dir/MiniOzoneClusterImpl-d0e62b51-0f1f-480e-8215-4f24b3183874/datanode-4/data/ratis/f8d9c3ab-5226-4468-a24d-f138bf844afc/current/log_inprogress_0
2020-12-04 06:02:39,278 [Thread-2559] INFO  impl.FollowerState (FollowerState.java:run(128)) - 54498115-28c1-4381-b59e-fdf207a0d628@group-58FB4A3DE172-FollowerState: change to CANDIDATE, lastRpcTime:5013ms, electionTimeout:5008ms
2020-12-04 06:02:39,282 [Thread-2559] INFO  impl.RoleInfo (RoleInfo.java:shutdownFollowerState(121)) - 54498115-28c1-4381-b59e-fdf207a0d628: shutdown 54498115-28c1-4381-b59e-fdf207a0d628@group-58FB4A3DE172-FollowerState
2020-12-04 06:02:39,282 [Thread-2559] INFO  impl.RaftServerImpl (RaftServerImpl.java:setRole(204)) - 54498115-28c1-4381-b59e-fdf207a0d628@group-58FB4A3DE172: changes role from  FOLLOWER to CANDIDATE at term 0 for changeToCandidate
2020-12-04 06:02:39,282 [Thread-2559] INFO  impl.RoleInfo (RoleInfo.java:updateAndGet(143)) - 54498115-28c1-4381-b59e-fdf207a0d628: start 54498115-28c1-4381-b59e-fdf207a0d628@group-58FB4A3DE172-LeaderElection74
2020-12-04 06:02:39,290 [grpc-default-executor-7] INFO  ratis.XceiverServerRatis (XceiverServerRatis.java:handleLeaderChangedNotification(854)) - Leader change notification received for group: group-F138BF844AFC with new leaderId: 54498115-28c1-4381-b59e-fdf207a0d628
2020-12-04 06:02:39,290 [grpc-default-executor-7] INFO  impl.RaftServerImpl (ServerState.java:setLeader(256)) - 3f9b5df4-bd86-4512-adfe-d4a46e1501cb@group-F138BF844AFC: change Leader from null to 54498115-28c1-4381-b59e-fdf207a0d628 at term 1 for appendEntries, leader elected after 5069ms
2020-12-04 06:02:39,290 [grpc-default-executor-5] INFO  ratis.XceiverServerRatis (XceiverServerRatis.java:handleLeaderChangedNotification(854)) - Leader change notification received for group: group-F138BF844AFC with new leaderId: 54498115-28c1-4381-b59e-fdf207a0d628
2020-12-04 06:02:39,290 [grpc-default-executor-5] INFO  impl.RaftServerImpl (ServerState.java:setLeader(256)) - a8add95f-9482-4e6d-9ba6-8975b33532e8@group-F138BF844AFC: change Leader from null to 54498115-28c1-4381-b59e-fdf207a0d628 at term 1 for appendEntries, leader elected after 5116ms
2020-12-04 06:02:39,297 [grpc-default-executor-5] INFO  impl.RaftServerImpl (ServerState.java:setRaftConf(374)) - a8add95f-9482-4e6d-9ba6-8975b33532e8@group-F138BF844AFC: set configuration 0: [a8add95f-9482-4e6d-9ba6-8975b33532e8|rpc:172.17.0.2:44261|dataStream:, 54498115-28c1-4381-b59e-fdf207a0d628|rpc:172.17.0.2:36069|dataStream:, 3f9b5df4-bd86-4512-adfe-d4a46e1501cb|rpc:172.17.0.2:39957|dataStream:], old=null at 0
2020-12-04 06:02:39,298 [grpc-default-executor-5] INFO  segmented.SegmentedRaftLogWorker (SegmentedRaftLogWorker.java:startLogSegment(398)) - a8add95f-9482-4e6d-9ba6-8975b33532e8@group-F138BF844AFC-SegmentedRaftLogWorker: Starting segment from index:0
2020-12-04 06:02:39,300 [a8add95f-9482-4e6d-9ba6-8975b33532e8@group-F138BF844AFC-SegmentedRaftLogWorker] INFO  segmented.SegmentedRaftLogWorker (SegmentedRaftLogWorker.java:execute(597)) - a8add95f-9482-4e6d-9ba6-8975b33532e8@group-F138BF844AFC-SegmentedRaftLogWorker: created new log segment /github/workspace/mnt/ozone/hadoop-ozone/integration-test/target/test-dir/MiniOzoneClusterImpl-d0e62b51-0f1f-480e-8215-4f24b3183874/datanode-3/data/ratis/f8d9c3ab-5226-4468-a24d-f138bf844afc/current/log_inprogress_0
2020-12-04 06:02:39,301 [grpc-default-executor-7] INFO  impl.RaftServerImpl (ServerState.java:setRaftConf(374)) - 3f9b5df4-bd86-4512-adfe-d4a46e1501cb@group-F138BF844AFC: set configuration 0: [a8add95f-9482-4e6d-9ba6-8975b33532e8|rpc:172.17.0.2:44261|dataStream:, 54498115-28c1-4381-b59e-fdf207a0d628|rpc:172.17.0.2:36069|dataStream:, 3f9b5df4-bd86-4512-adfe-d4a46e1501cb|rpc:172.17.0.2:39957|dataStream:], old=null at 0
2020-12-04 06:02:39,303 [grpc-default-executor-7] INFO  segmented.SegmentedRaftLogWorker (SegmentedRaftLogWorker.java:startLogSegment(398)) - 3f9b5df4-bd86-4512-adfe-d4a46e1501cb@group-F138BF844AFC-SegmentedRaftLogWorker: Starting segment from index:0
2020-12-04 06:02:39,317 [54498115-28c1-4381-b59e-fdf207a0d628@group-58FB4A3DE172-LeaderElection74] INFO  impl.LeaderElection (LeaderElection.java:askForVotes(215)) - 54498115-28c1-4381-b59e-fdf207a0d628@group-58FB4A3DE172-LeaderElection74: begin an election at term 1 for -1: [a8add95f-9482-4e6d-9ba6-8975b33532e8|rpc:172.17.0.2:44261|dataStream:, 54498115-28c1-4381-b59e-fdf207a0d628|rpc:172.17.0.2:36069|dataStream:, 3f9b5df4-bd86-4512-adfe-d4a46e1501cb|rpc:172.17.0.2:39957|dataStream:], old=null
2020-12-04 06:02:39,318 [3f9b5df4-bd86-4512-adfe-d4a46e1501cb@group-F138BF844AFC-SegmentedRaftLogWorker] INFO  segmented.SegmentedRaftLogWorker (SegmentedRaftLogWorker.java:execute(597)) - 3f9b5df4-bd86-4512-adfe-d4a46e1501cb@group-F138BF844AFC-SegmentedRaftLogWorker: created new log segment /github/workspace/mnt/ozone/hadoop-ozone/integration-test/target/test-dir/MiniOzoneClusterImpl-d0e62b51-0f1f-480e-8215-4f24b3183874/datanode-5/data/ratis/f8d9c3ab-5226-4468-a24d-f138bf844afc/current/log_inprogress_0
2020-12-04 06:02:39,320 [Thread-2557] INFO  impl.FollowerState (FollowerState.java:run(128)) - a8add95f-9482-4e6d-9ba6-8975b33532e8@group-58FB4A3DE172-FollowerState: change to CANDIDATE, lastRpcTime:5075ms, electionTimeout:5075ms
2020-12-04 06:02:39,320 [Thread-2557] INFO  impl.RoleInfo (RoleInfo.java:shutdownFollowerState(121)) - a8add95f-9482-4e6d-9ba6-8975b33532e8: shutdown a8add95f-9482-4e6d-9ba6-8975b33532e8@group-58FB4A3DE172-FollowerState
2020-12-04 06:02:39,320 [Thread-2557] INFO  impl.RaftServerImpl (RaftServerImpl.java:setRole(204)) - a8add95f-9482-4e6d-9ba6-8975b33532e8@group-58FB4A3DE172: changes role from  FOLLOWER to CANDIDATE at term 0 for changeToCandidate
2020-12-04 06:02:39,325 [Thread-2557] INFO  impl.RoleInfo (RoleInfo.java:updateAndGet(143)) - a8add95f-9482-4e6d-9ba6-8975b33532e8: start a8add95f-9482-4e6d-9ba6-8975b33532e8@group-58FB4A3DE172-LeaderElection75
2020-12-04 06:02:39,335 [grpc-default-executor-9] INFO  impl.RaftServerImpl (RaftServerImpl.java:setRole(204)) - 3f9b5df4-bd86-4512-adfe-d4a46e1501cb@group-58FB4A3DE172: changes role from  FOLLOWER to FOLLOWER at term 1 for recognizeCandidate:54498115-28c1-4381-b59e-fdf207a0d628
2020-12-04 06:02:39,336 [grpc-default-executor-9] INFO  impl.RoleInfo (RoleInfo.java:shutdownFollowerState(121)) - 3f9b5df4-bd86-4512-adfe-d4a46e1501cb: shutdown 3f9b5df4-bd86-4512-adfe-d4a46e1501cb@group-58FB4A3DE172-FollowerState
2020-12-04 06:02:39,336 [grpc-default-executor-9] INFO  impl.RoleInfo (RoleInfo.java:updateAndGet(143)) - 3f9b5df4-bd86-4512-adfe-d4a46e1501cb: start 3f9b5df4-bd86-4512-adfe-d4a46e1501cb@group-58FB4A3DE172-FollowerState
2020-12-04 06:02:39,336 [Thread-2562] INFO  impl.FollowerState (FollowerState.java:run(137)) - 3f9b5df4-bd86-4512-adfe-d4a46e1501cb@group-58FB4A3DE172-FollowerState was interrupted: {}
java.lang.InterruptedException: sleep interrupted
	at java.lang.Thread.sleep(Native Method)
	at org.apache.ratis.util.JavaUtils.sleep(JavaUtils.java:250)
	at org.apache.ratis.server.impl.FollowerState.run(FollowerState.java:116)
2020-12-04 06:02:39,336 [grpc-default-executor-9] INFO  impl.RaftServerImpl (RaftServerImpl.java:requestVote(963)) -  FOLLOWER 3f9b5df4-bd86-4512-adfe-d4a46e1501cb@group-58FB4A3DE172:t1, leader=null, voted=null, raftlog=3f9b5df4-bd86-4512-adfe-d4a46e1501cb@group-58FB4A3DE172-SegmentedRaftLog:OPENED:c-1,f-1,i0, conf=-1: [a8add95f-9482-4e6d-9ba6-8975b33532e8|rpc:172.17.0.2:44261|dataStream:, 54498115-28c1-4381-b59e-fdf207a0d628|rpc:172.17.0.2:36069|dataStream:, 3f9b5df4-bd86-4512-adfe-d4a46e1501cb|rpc:172.17.0.2:39957|dataStream:], old=null RUNNING priority:0 candidate:54498115-28c1-4381-b59e-fdf207a0d628|rpc:172.17.0.2:36069|dataStream: candidatePriority:0 compare:0
2020-12-04 06:02:39,344 [grpc-default-executor-5] INFO  impl.RaftServerImpl (RaftServerImpl.java:setRole(204)) - a8add95f-9482-4e6d-9ba6-8975b33532e8@group-58FB4A3DE172: changes role from CANDIDATE to FOLLOWER at term 1 for recognizeCandidate:54498115-28c1-4381-b59e-fdf207a0d628
2020-12-04 06:02:39,345 [grpc-default-executor-5] INFO  impl.RoleInfo (RoleInfo.java:shutdownLeaderElection(134)) - a8add95f-9482-4e6d-9ba6-8975b33532e8: shutdown a8add95f-9482-4e6d-9ba6-8975b33532e8@group-58FB4A3DE172-LeaderElection75
2020-12-04 06:02:39,345 [grpc-default-executor-5] INFO  impl.RoleInfo (RoleInfo.java:updateAndGet(143)) - a8add95f-9482-4e6d-9ba6-8975b33532e8: start a8add95f-9482-4e6d-9ba6-8975b33532e8@group-58FB4A3DE172-FollowerState
2020-12-04 06:02:39,346 [54498115-28c1-4381-b59e-fdf207a0d628@group-58FB4A3DE172-LeaderElection74] INFO  impl.LeaderElection (LeaderElection.java:logAndReturn(65)) - 54498115-28c1-4381-b59e-fdf207a0d628@group-58FB4A3DE172-LeaderElection74: Election PASSED; received 1 response(s) [54498115-28c1-4381-b59e-fdf207a0d628<-3f9b5df4-bd86-4512-adfe-d4a46e1501cb#0:OK-t1] and 0 exception(s); 54498115-28c1-4381-b59e-fdf207a0d628@group-58FB4A3DE172:t1, leader=null, voted=54498115-28c1-4381-b59e-fdf207a0d628, raftlog=54498115-28c1-4381-b59e-fdf207a0d628@group-58FB4A3DE172-SegmentedRaftLog:OPENED:c-1,f-1,i0, conf=-1: [a8add95f-9482-4e6d-9ba6-8975b33532e8|rpc:172.17.0.2:44261|dataStream:, 54498115-28c1-4381-b59e-fdf207a0d628|rpc:172.17.0.2:36069|dataStream:, 3f9b5df4-bd86-4512-adfe-d4a46e1501cb|rpc:172.17.0.2:39957|dataStream:], old=null
2020-12-04 06:02:39,346 [54498115-28c1-4381-b59e-fdf207a0d628@group-58FB4A3DE172-LeaderElection74] INFO  impl.RoleInfo (RoleInfo.java:shutdownLeaderElection(134)) - 54498115-28c1-4381-b59e-fdf207a0d628: shutdown 54498115-28c1-4381-b59e-fdf207a0d628@group-58FB4A3DE172-LeaderElection74
2020-12-04 06:02:39,346 [54498115-28c1-4381-b59e-fdf207a0d628@group-58FB4A3DE172-LeaderElection74] INFO  impl.RaftServerImpl (RaftServerImpl.java:setRole(204)) - 54498115-28c1-4381-b59e-fdf207a0d628@group-58FB4A3DE172: changes role from CANDIDATE to LEADER at term 1 for changeToLeader
2020-12-04 06:02:39,346 [54498115-28c1-4381-b59e-fdf207a0d628@group-58FB4A3DE172-LeaderElection74] INFO  ratis.XceiverServerRatis (XceiverServerRatis.java:handleLeaderChangedNotification(854)) - Leader change notification received for group: group-58FB4A3DE172 with new leaderId: 54498115-28c1-4381-b59e-fdf207a0d628
2020-12-04 06:02:39,346 [54498115-28c1-4381-b59e-fdf207a0d628@group-58FB4A3DE172-LeaderElection74] INFO  impl.RaftServerImpl (ServerState.java:setLeader(256)) - 54498115-28c1-4381-b59e-fdf207a0d628@group-58FB4A3DE172: change Leader from null to 54498115-28c1-4381-b59e-fdf207a0d628 at term 1 for becomeLeader, leader elected after 5089ms
2020-12-04 06:02:39,346 [54498115-28c1-4381-b59e-fdf207a0d628@group-58FB4A3DE172-LeaderElection74] INFO  server.RaftServerConfigKeys (ConfUtils.java:logGet(44)) - raft.server.staging.catchup.gap = 1000 (default)
2020-12-04 06:02:39,346 [54498115-28c1-4381-b59e-fdf207a0d628@group-58FB4A3DE172-LeaderElection74] INFO  server.RaftServerConfigKeys (ConfUtils.java:logGet(44)) - raft.server.rpc.sleep.time = 25ms (default)
2020-12-04 06:02:39,346 [54498115-28c1-4381-b59e-fdf207a0d628@group-58FB4A3DE172-LeaderElection74] INFO  metrics.RatisMetrics (RatisMetrics.java:lambda$create$0(36)) - Creating Metrics Registry : ratis.log_appender.54498115-28c1-4381-b59e-fdf207a0d628@group-58FB4A3DE172
2020-12-04 06:02:39,347 [54498115-28c1-4381-b59e-fdf207a0d628@group-58FB4A3DE172-LeaderElection74] INFO  server.RaftServerConfigKeys (ConfUtils.java:logGet(44)) - raft.server.write.element-limit = 1024 (custom)
2020-12-04 06:02:39,347 [54498115-28c1-4381-b59e-fdf207a0d628@group-58FB4A3DE172-LeaderElection74] INFO  server.RaftServerConfigKeys (ConfUtils.java:logGet(44)) - raft.server.write.byte-limit = 1073741824 (custom)
2020-12-04 06:02:39,347 [54498115-28c1-4381-b59e-fdf207a0d628@group-58FB4A3DE172-LeaderElection74] INFO  server.RaftServerConfigKeys (ConfUtils.java:logGet(44)) - raft.server.watch.timeout = 3000ms (custom)
2020-12-04 06:02:39,347 [54498115-28c1-4381-b59e-fdf207a0d628@group-58FB4A3DE172-LeaderElection74] INFO  server.RaftServerConfigKeys (ConfUtils.java:logGet(44)) - raft.server.watch.timeout.denomination = 1s (default)
2020-12-04 06:02:39,347 [54498115-28c1-4381-b59e-fdf207a0d628@group-58FB4A3DE172-LeaderElection74] INFO  server.RaftServerConfigKeys (ConfUtils.java:logGet(44)) - raft.server.watch.element-limit = 65536 (default)
2020-12-04 06:02:39,347 [54498115-28c1-4381-b59e-fdf207a0d628@group-58FB4A3DE172-LeaderElection74] INFO  server.RaftServerConfigKeys (ConfUtils.java:logGet(44)) - raft.server.log.appender.snapshot.chunk.size.max = 16MB (=16777216) (default)
2020-12-04 06:02:39,347 [54498115-28c1-4381-b59e-fdf207a0d628@group-58FB4A3DE172-LeaderElection74] INFO  server.RaftServerConfigKeys (ConfUtils.java:logGet(44)) - raft.server.log.appender.buffer.byte-limit = 33554432 (custom)
2020-12-04 06:02:39,348 [54498115-28c1-4381-b59e-fdf207a0d628@group-58FB4A3DE172-LeaderElection74] INFO  server.RaftServerConfigKeys (ConfUtils.java:logGet(44)) - raft.server.log.appender.buffer.element-limit = 1 (custom)
2020-12-04 06:02:39,348 [54498115-28c1-4381-b59e-fdf207a0d628@group-58FB4A3DE172-LeaderElection74] INFO  grpc.GrpcConfigKeys (ConfUtils.java:logGet(44)) - raft.grpc.server.leader.outstanding.appends.max = 128 (default)
2020-12-04 06:02:39,348 [54498115-28c1-4381-b59e-fdf207a0d628@group-58FB4A3DE172-LeaderElection74] INFO  server.RaftServerConfigKeys (ConfUtils.java:logGet(44)) - raft.server.rpc.request.timeout = 3000ms (default)
2020-12-04 06:02:39,348 [54498115-28c1-4381-b59e-fdf207a0d628@group-58FB4A3DE172-LeaderElection74] INFO  server.RaftServerConfigKeys (ConfUtils.java:logGet(44)) - raft.server.log.appender.install.snapshot.enabled = false (custom)
2020-12-04 06:02:39,348 [54498115-28c1-4381-b59e-fdf207a0d628@group-58FB4A3DE172-LeaderElection74] INFO  metrics.RatisMetrics (RatisMetrics.java:lambda$create$0(36)) - Creating Metrics Registry : ratis_grpc.log_appender.54498115-28c1-4381-b59e-fdf207a0d628@group-58FB4A3DE172
2020-12-04 06:02:39,350 [54498115-28c1-4381-b59e-fdf207a0d628@group-58FB4A3DE172-LeaderElection74] INFO  server.RaftServerConfigKeys (ConfUtils.java:logGet(44)) - raft.server.log.appender.snapshot.chunk.size.max = 16MB (=16777216) (default)
2020-12-04 06:02:39,350 [54498115-28c1-4381-b59e-fdf207a0d628@group-58FB4A3DE172-LeaderElection74] INFO  server.RaftServerConfigKeys (ConfUtils.java:logGet(44)) - raft.server.log.appender.buffer.byte-limit = 33554432 (custom)
2020-12-04 06:02:39,350 [54498115-28c1-4381-b59e-fdf207a0d628@group-58FB4A3DE172-LeaderElection74] INFO  server.RaftServerConfigKeys (ConfUtils.java:logGet(44)) - raft.server.log.appender.buffer.element-limit = 1 (custom)
2020-12-04 06:02:39,350 [54498115-28c1-4381-b59e-fdf207a0d628@group-58FB4A3DE172-LeaderElection74] INFO  grpc.GrpcConfigKeys (ConfUtils.java:logGet(44)) - raft.grpc.server.leader.outstanding.appends.max = 128 (default)
2020-12-04 06:02:39,350 [54498115-28c1-4381-b59e-fdf207a0d628@group-58FB4A3DE172-LeaderElection74] INFO  server.RaftServerConfigKeys (ConfUtils.java:logGet(44)) - raft.server.rpc.request.timeout = 3000ms (default)
2020-12-04 06:02:39,350 [54498115-28c1-4381-b59e-fdf207a0d628@group-58FB4A3DE172-LeaderElection74] INFO  server.RaftServerConfigKeys (ConfUtils.java:logGet(44)) - raft.server.log.appender.install.snapshot.enabled = false (custom)
2020-12-04 06:02:39,352 [54498115-28c1-4381-b59e-fdf207a0d628@group-58FB4A3DE172-LeaderElection74] INFO  impl.RoleInfo (RoleInfo.java:updateAndGet(143)) - 54498115-28c1-4381-b59e-fdf207a0d628: start 54498115-28c1-4381-b59e-fdf207a0d628@group-58FB4A3DE172-LeaderState
2020-12-04 06:02:39,352 [54498115-28c1-4381-b59e-fdf207a0d628@group-58FB4A3DE172-LeaderElection74] INFO  segmented.SegmentedRaftLogWorker (SegmentedRaftLogWorker.java:startLogSegment(398)) - 54498115-28c1-4381-b59e-fdf207a0d628@group-58FB4A3DE172-SegmentedRaftLogWorker: Starting segment from index:0
2020-12-04 06:02:39,353 [EventQueue-PipelineReportForPipelineReportHandler] INFO  pipeline.PipelineStateManager (PipelineStateManager.java:openPipeline(132)) - Pipeline Pipeline[ Id: fc22b5ed-d321-449c-8c10-58fb4a3de172, Nodes: a8add95f-9482-4e6d-9ba6-8975b33532e8{ip: 172.17.0.2, host: 63638dc2095a, networkLocation: /default-rack, certSerialId: null, persistedOpState: IN_SERVICE, persistedOpStateExpiryEpochSec: 0}54498115-28c1-4381-b59e-fdf207a0d628{ip: 172.17.0.2, host: 63638dc2095a, networkLocation: /default-rack, certSerialId: null, persistedOpState: IN_SERVICE, persistedOpStateExpiryEpochSec: 0}3f9b5df4-bd86-4512-adfe-d4a46e1501cb{ip: 172.17.0.2, host: 63638dc2095a, networkLocation: /default-rack, certSerialId: null, persistedOpState: IN_SERVICE, persistedOpStateExpiryEpochSec: 0}, Type:RATIS, Factor:THREE, State:ALLOCATED, leaderId:54498115-28c1-4381-b59e-fdf207a0d628, CreationTimestamp2020-12-04T06:02:31.557Z] moved to OPEN state
2020-12-04 06:02:39,357 [54498115-28c1-4381-b59e-fdf207a0d628@group-58FB4A3DE172-SegmentedRaftLogWorker] INFO  segmented.SegmentedRaftLogWorker (SegmentedRaftLogWorker.java:execute(597)) - 54498115-28c1-4381-b59e-fdf207a0d628@group-58FB4A3DE172-SegmentedRaftLogWorker: created new log segment /github/workspace/mnt/ozone/hadoop-ozone/integration-test/target/test-dir/MiniOzoneClusterImpl-d0e62b51-0f1f-480e-8215-4f24b3183874/datanode-4/data/ratis/fc22b5ed-d321-449c-8c10-58fb4a3de172/current/log_inprogress_0
2020-12-04 06:02:39,358 [54498115-28c1-4381-b59e-fdf207a0d628@group-58FB4A3DE172-LeaderElection74] INFO  impl.RaftServerImpl (ServerState.java:setRaftConf(374)) - 54498115-28c1-4381-b59e-fdf207a0d628@group-58FB4A3DE172: set configuration 0: [a8add95f-9482-4e6d-9ba6-8975b33532e8|rpc:172.17.0.2:44261|dataStream:, 54498115-28c1-4381-b59e-fdf207a0d628|rpc:172.17.0.2:36069|dataStream:, 3f9b5df4-bd86-4512-adfe-d4a46e1501cb|rpc:172.17.0.2:39957|dataStream:], old=null at 0
2020-12-04 06:02:39,376 [grpc-default-executor-5] INFO  ratis.XceiverServerRatis (XceiverServerRatis.java:handleLeaderChangedNotification(854)) - Leader change notification received for group: group-58FB4A3DE172 with new leaderId: 54498115-28c1-4381-b59e-fdf207a0d628
2020-12-04 06:02:39,376 [grpc-default-executor-5] INFO  impl.RaftServerImpl (ServerState.java:setLeader(256)) - a8add95f-9482-4e6d-9ba6-8975b33532e8@group-58FB4A3DE172: change Leader from null to 54498115-28c1-4381-b59e-fdf207a0d628 at term 1 for appendEntries, leader elected after 5138ms
2020-12-04 06:02:39,377 [grpc-default-executor-9] INFO  ratis.XceiverServerRatis (XceiverServerRatis.java:handleLeaderChangedNotification(854)) - Leader change notification received for group: group-58FB4A3DE172 with new leaderId: 54498115-28c1-4381-b59e-fdf207a0d628
2020-12-04 06:02:39,377 [grpc-default-executor-9] INFO  impl.RaftServerImpl (ServerState.java:setLeader(256)) - 3f9b5df4-bd86-4512-adfe-d4a46e1501cb@group-58FB4A3DE172: change Leader from null to 54498115-28c1-4381-b59e-fdf207a0d628 at term 1 for appendEntries, leader elected after 5095ms
2020-12-04 06:02:39,385 [grpc-default-executor-5] INFO  impl.RaftServerImpl (ServerState.java:setRaftConf(374)) - a8add95f-9482-4e6d-9ba6-8975b33532e8@group-58FB4A3DE172: set configuration 0: [a8add95f-9482-4e6d-9ba6-8975b33532e8|rpc:172.17.0.2:44261|dataStream:, 54498115-28c1-4381-b59e-fdf207a0d628|rpc:172.17.0.2:36069|dataStream:, 3f9b5df4-bd86-4512-adfe-d4a46e1501cb|rpc:172.17.0.2:39957|dataStream:], old=null at 0
2020-12-04 06:02:39,386 [grpc-default-executor-5] INFO  segmented.SegmentedRaftLogWorker (SegmentedRaftLogWorker.java:startLogSegment(398)) - a8add95f-9482-4e6d-9ba6-8975b33532e8@group-58FB4A3DE172-SegmentedRaftLogWorker: Starting segment from index:0
2020-12-04 06:02:39,388 [grpc-default-executor-5] INFO  impl.RaftServerImpl (ServerState.java:setRaftConf(374)) - 3f9b5df4-bd86-4512-adfe-d4a46e1501cb@group-58FB4A3DE172: set configuration 0: [a8add95f-9482-4e6d-9ba6-8975b33532e8|rpc:172.17.0.2:44261|dataStream:, 54498115-28c1-4381-b59e-fdf207a0d628|rpc:172.17.0.2:36069|dataStream:, 3f9b5df4-bd86-4512-adfe-d4a46e1501cb|rpc:172.17.0.2:39957|dataStream:], old=null at 0
2020-12-04 06:02:39,388 [grpc-default-executor-5] INFO  segmented.SegmentedRaftLogWorker (SegmentedRaftLogWorker.java:startLogSegment(398)) - 3f9b5df4-bd86-4512-adfe-d4a46e1501cb@group-58FB4A3DE172-SegmentedRaftLogWorker: Starting segment from index:0
2020-12-04 06:02:39,389 [a8add95f-9482-4e6d-9ba6-8975b33532e8@group-58FB4A3DE172-SegmentedRaftLogWorker] INFO  segmented.SegmentedRaftLogWorker (SegmentedRaftLogWorker.java:execute(597)) - a8add95f-9482-4e6d-9ba6-8975b33532e8@group-58FB4A3DE172-SegmentedRaftLogWorker: created new log segment /github/workspace/mnt/ozone/hadoop-ozone/integration-test/target/test-dir/MiniOzoneClusterImpl-d0e62b51-0f1f-480e-8215-4f24b3183874/datanode-3/data/ratis/fc22b5ed-d321-449c-8c10-58fb4a3de172/current/log_inprogress_0
2020-12-04 06:02:39,391 [3f9b5df4-bd86-4512-adfe-d4a46e1501cb@group-58FB4A3DE172-SegmentedRaftLogWorker] INFO  segmented.SegmentedRaftLogWorker (SegmentedRaftLogWorker.java:execute(597)) - 3f9b5df4-bd86-4512-adfe-d4a46e1501cb@group-58FB4A3DE172-SegmentedRaftLogWorker: created new log segment /github/workspace/mnt/ozone/hadoop-ozone/integration-test/target/test-dir/MiniOzoneClusterImpl-d0e62b51-0f1f-480e-8215-4f24b3183874/datanode-5/data/ratis/fc22b5ed-d321-449c-8c10-58fb4a3de172/current/log_inprogress_0
2020-12-04 06:02:39,406 [Thread-2565] INFO  impl.FollowerState (FollowerState.java:run(128)) - 54498115-28c1-4381-b59e-fdf207a0d628@group-AA6EA5D43C51-FollowerState: change to CANDIDATE, lastRpcTime:5039ms, electionTimeout:5039ms
2020-12-04 06:02:39,407 [Thread-2565] INFO  impl.RoleInfo (RoleInfo.java:shutdownFollowerState(121)) - 54498115-28c1-4381-b59e-fdf207a0d628: shutdown 54498115-28c1-4381-b59e-fdf207a0d628@group-AA6EA5D43C51-FollowerState
2020-12-04 06:02:39,407 [Thread-2565] INFO  impl.RaftServerImpl (RaftServerImpl.java:setRole(204)) - 54498115-28c1-4381-b59e-fdf207a0d628@group-AA6EA5D43C51: changes role from  FOLLOWER to CANDIDATE at term 0 for changeToCandidate
2020-12-04 06:02:39,407 [Thread-2565] INFO  impl.RoleInfo (RoleInfo.java:updateAndGet(143)) - 54498115-28c1-4381-b59e-fdf207a0d628: start 54498115-28c1-4381-b59e-fdf207a0d628@group-AA6EA5D43C51-LeaderElection76
2020-12-04 06:02:39,411 [54498115-28c1-4381-b59e-fdf207a0d628@group-AA6EA5D43C51-LeaderElection76] INFO  impl.LeaderElection (LeaderElection.java:askForVotes(215)) - 54498115-28c1-4381-b59e-fdf207a0d628@group-AA6EA5D43C51-LeaderElection76: begin an election at term 1 for -1: [54498115-28c1-4381-b59e-fdf207a0d628|rpc:172.17.0.2:36069], old=null
2020-12-04 06:02:39,411 [54498115-28c1-4381-b59e-fdf207a0d628@group-AA6EA5D43C51-LeaderElection76] INFO  impl.RoleInfo (RoleInfo.java:shutdownLeaderElection(134)) - 54498115-28c1-4381-b59e-fdf207a0d628: shutdown 54498115-28c1-4381-b59e-fdf207a0d628@group-AA6EA5D43C51-LeaderElection76
2020-12-04 06:02:39,411 [54498115-28c1-4381-b59e-fdf207a0d628@group-AA6EA5D43C51-LeaderElection76] INFO  impl.RaftServerImpl (RaftServerImpl.java:setRole(204)) - 54498115-28c1-4381-b59e-fdf207a0d628@group-AA6EA5D43C51: changes role from CANDIDATE to LEADER at term 1 for changeToLeader
2020-12-04 06:02:39,411 [54498115-28c1-4381-b59e-fdf207a0d628@group-AA6EA5D43C51-LeaderElection76] INFO  ratis.XceiverServerRatis (XceiverServerRatis.java:handleLeaderChangedNotification(854)) - Leader change notification received for group: group-AA6EA5D43C51 with new leaderId: 54498115-28c1-4381-b59e-fdf207a0d628
2020-12-04 06:02:39,412 [54498115-28c1-4381-b59e-fdf207a0d628@group-AA6EA5D43C51-LeaderElection76] INFO  impl.RaftServerImpl (ServerState.java:setLeader(256)) - 54498115-28c1-4381-b59e-fdf207a0d628@group-AA6EA5D43C51: change Leader from null to 54498115-28c1-4381-b59e-fdf207a0d628 at term 1 for becomeLeader, leader elected after 5054ms
2020-12-04 06:02:39,412 [54498115-28c1-4381-b59e-fdf207a0d628@group-AA6EA5D43C51-LeaderElection76] INFO  server.RaftServerConfigKeys (ConfUtils.java:logGet(44)) - raft.server.staging.catchup.gap = 1000 (default)
2020-12-04 06:02:39,412 [54498115-28c1-4381-b59e-fdf207a0d628@group-AA6EA5D43C51-LeaderElection76] INFO  server.RaftServerConfigKeys (ConfUtils.java:logGet(44)) - raft.server.rpc.sleep.time = 25ms (default)
2020-12-04 06:02:39,412 [54498115-28c1-4381-b59e-fdf207a0d628@group-AA6EA5D43C51-LeaderElection76] INFO  metrics.RatisMetrics (RatisMetrics.java:lambda$create$0(36)) - Creating Metrics Registry : ratis.log_appender.54498115-28c1-4381-b59e-fdf207a0d628@group-AA6EA5D43C51
2020-12-04 06:02:39,412 [54498115-28c1-4381-b59e-fdf207a0d628@group-AA6EA5D43C51-LeaderElection76] INFO  server.RaftServerConfigKeys (ConfUtils.java:logGet(44)) - raft.server.write.element-limit = 1024 (custom)
2020-12-04 06:02:39,412 [54498115-28c1-4381-b59e-fdf207a0d628@group-AA6EA5D43C51-LeaderElection76] INFO  server.RaftServerConfigKeys (ConfUtils.java:logGet(44)) - raft.server.write.byte-limit = 1073741824 (custom)
2020-12-04 06:02:39,413 [54498115-28c1-4381-b59e-fdf207a0d628@group-AA6EA5D43C51-LeaderElection76] INFO  server.RaftServerConfigKeys (ConfUtils.java:logGet(44)) - raft.server.watch.timeout = 3000ms (custom)
2020-12-04 06:02:39,413 [54498115-28c1-4381-b59e-fdf207a0d628@group-AA6EA5D43C51-LeaderElection76] INFO  server.RaftServerConfigKeys (ConfUtils.java:logGet(44)) - raft.server.watch.timeout.denomination = 1s (default)
2020-12-04 06:02:39,413 [54498115-28c1-4381-b59e-fdf207a0d628@group-AA6EA5D43C51-LeaderElection76] INFO  server.RaftServerConfigKeys (ConfUtils.java:logGet(44)) - raft.server.watch.element-limit = 65536 (default)
2020-12-04 06:02:39,413 [54498115-28c1-4381-b59e-fdf207a0d628@group-AA6EA5D43C51-LeaderElection76] INFO  impl.RoleInfo (RoleInfo.java:updateAndGet(143)) - 54498115-28c1-4381-b59e-fdf207a0d628: start 54498115-28c1-4381-b59e-fdf207a0d628@group-AA6EA5D43C51-LeaderState
2020-12-04 06:02:39,414 [54498115-28c1-4381-b59e-fdf207a0d628@group-AA6EA5D43C51-LeaderElection76] INFO  segmented.SegmentedRaftLogWorker (SegmentedRaftLogWorker.java:startLogSegment(398)) - 54498115-28c1-4381-b59e-fdf207a0d628@group-AA6EA5D43C51-SegmentedRaftLogWorker: Starting segment from index:0
2020-12-04 06:02:39,414 [54498115-28c1-4381-b59e-fdf207a0d628@group-AA6EA5D43C51-LeaderElection76] INFO  impl.RaftServerImpl (ServerState.java:setRaftConf(374)) - 54498115-28c1-4381-b59e-fdf207a0d628@group-AA6EA5D43C51: set configuration 0: [54498115-28c1-4381-b59e-fdf207a0d628|rpc:172.17.0.2:36069|dataStream:], old=null at 0
2020-12-04 06:02:39,415 [54498115-28c1-4381-b59e-fdf207a0d628@group-AA6EA5D43C51-SegmentedRaftLogWorker] INFO  segmented.SegmentedRaftLogWorker (SegmentedRaftLogWorker.java:execute(597)) - 54498115-28c1-4381-b59e-fdf207a0d628@group-AA6EA5D43C51-SegmentedRaftLogWorker: created new log segment /github/workspace/mnt/ozone/hadoop-ozone/integration-test/target/test-dir/MiniOzoneClusterImpl-d0e62b51-0f1f-480e-8215-4f24b3183874/datanode-4/data/ratis/2d1913a1-feb5-48b6-b1ae-aa6ea5d43c51/current/log_inprogress_0
2020-12-04 06:02:39,654 [Thread-2567] INFO  impl.FollowerState (FollowerState.java:run(128)) - 3f9b5df4-bd86-4512-adfe-d4a46e1501cb@group-3774A1AC7F46-FollowerState: change to CANDIDATE, lastRpcTime:5089ms, electionTimeout:5089ms
2020-12-04 06:02:39,654 [Thread-2567] INFO  impl.RoleInfo (RoleInfo.java:shutdownFollowerState(121)) - 3f9b5df4-bd86-4512-adfe-d4a46e1501cb: shutdown 3f9b5df4-bd86-4512-adfe-d4a46e1501cb@group-3774A1AC7F46-FollowerState
2020-12-04 06:02:39,654 [Thread-2567] INFO  impl.RaftServerImpl (RaftServerImpl.java:setRole(204)) - 3f9b5df4-bd86-4512-adfe-d4a46e1501cb@group-3774A1AC7F46: changes role from  FOLLOWER to CANDIDATE at term 0 for changeToCandidate
2020-12-04 06:02:39,654 [Thread-2567] INFO  impl.RoleInfo (RoleInfo.java:updateAndGet(143)) - 3f9b5df4-bd86-4512-adfe-d4a46e1501cb: start 3f9b5df4-bd86-4512-adfe-d4a46e1501cb@group-3774A1AC7F46-LeaderElection77
2020-12-04 06:02:39,659 [3f9b5df4-bd86-4512-adfe-d4a46e1501cb@group-3774A1AC7F46-LeaderElection77] INFO  impl.LeaderElection (LeaderElection.java:askForVotes(215)) - 3f9b5df4-bd86-4512-adfe-d4a46e1501cb@group-3774A1AC7F46-LeaderElection77: begin an election at term 1 for -1: [3f9b5df4-bd86-4512-adfe-d4a46e1501cb|rpc:172.17.0.2:39957], old=null
2020-12-04 06:02:39,659 [3f9b5df4-bd86-4512-adfe-d4a46e1501cb@group-3774A1AC7F46-LeaderElection77] INFO  impl.RoleInfo (RoleInfo.java:shutdownLeaderElection(134)) - 3f9b5df4-bd86-4512-adfe-d4a46e1501cb: shutdown 3f9b5df4-bd86-4512-adfe-d4a46e1501cb@group-3774A1AC7F46-LeaderElection77
2020-12-04 06:02:39,659 [3f9b5df4-bd86-4512-adfe-d4a46e1501cb@group-3774A1AC7F46-LeaderElection77] INFO  impl.RaftServerImpl (RaftServerImpl.java:setRole(204)) - 3f9b5df4-bd86-4512-adfe-d4a46e1501cb@group-3774A1AC7F46: changes role from CANDIDATE to LEADER at term 1 for changeToLeader
2020-12-04 06:02:39,659 [3f9b5df4-bd86-4512-adfe-d4a46e1501cb@group-3774A1AC7F46-LeaderElection77] INFO  ratis.XceiverServerRatis (XceiverServerRatis.java:handleLeaderChangedNotification(854)) - Leader change notification received for group: group-3774A1AC7F46 with new leaderId: 3f9b5df4-bd86-4512-adfe-d4a46e1501cb
2020-12-04 06:02:39,660 [3f9b5df4-bd86-4512-adfe-d4a46e1501cb@group-3774A1AC7F46-LeaderElection77] INFO  impl.RaftServerImpl (ServerState.java:setLeader(256)) - 3f9b5df4-bd86-4512-adfe-d4a46e1501cb@group-3774A1AC7F46: change Leader from null to 3f9b5df4-bd86-4512-adfe-d4a46e1501cb at term 1 for becomeLeader, leader elected after 5104ms
2020-12-04 06:02:39,660 [3f9b5df4-bd86-4512-adfe-d4a46e1501cb@group-3774A1AC7F46-LeaderElection77] INFO  server.RaftServerConfigKeys (ConfUtils.java:logGet(44)) - raft.server.staging.catchup.gap = 1000 (default)
2020-12-04 06:02:39,660 [3f9b5df4-bd86-4512-adfe-d4a46e1501cb@group-3774A1AC7F46-LeaderElection77] INFO  server.RaftServerConfigKeys (ConfUtils.java:logGet(44)) - raft.server.rpc.sleep.time = 25ms (default)
2020-12-04 06:02:39,660 [3f9b5df4-bd86-4512-adfe-d4a46e1501cb@group-3774A1AC7F46-LeaderElection77] INFO  metrics.RatisMetrics (RatisMetrics.java:lambda$create$0(36)) - Creating Metrics Registry : ratis.log_appender.3f9b5df4-bd86-4512-adfe-d4a46e1501cb@group-3774A1AC7F46
2020-12-04 06:02:39,661 [3f9b5df4-bd86-4512-adfe-d4a46e1501cb@group-3774A1AC7F46-LeaderElection77] INFO  server.RaftServerConfigKeys (ConfUtils.java:logGet(44)) - raft.server.write.element-limit = 1024 (custom)
2020-12-04 06:02:39,661 [3f9b5df4-bd86-4512-adfe-d4a46e1501cb@group-3774A1AC7F46-LeaderElection77] INFO  server.RaftServerConfigKeys (ConfUtils.java:logGet(44)) - raft.server.write.byte-limit = 1073741824 (custom)
2020-12-04 06:02:39,661 [3f9b5df4-bd86-4512-adfe-d4a46e1501cb@group-3774A1AC7F46-LeaderElection77] INFO  server.RaftServerConfigKeys (ConfUtils.java:logGet(44)) - raft.server.watch.timeout = 3000ms (custom)
2020-12-04 06:02:39,661 [3f9b5df4-bd86-4512-adfe-d4a46e1501cb@group-3774A1AC7F46-LeaderElection77] INFO  server.RaftServerConfigKeys (ConfUtils.java:logGet(44)) - raft.server.watch.timeout.denomination = 1s (default)
2020-12-04 06:02:39,661 [3f9b5df4-bd86-4512-adfe-d4a46e1501cb@group-3774A1AC7F46-LeaderElection77] INFO  server.RaftServerConfigKeys (ConfUtils.java:logGet(44)) - raft.server.watch.element-limit = 65536 (default)
2020-12-04 06:02:39,661 [3f9b5df4-bd86-4512-adfe-d4a46e1501cb@group-3774A1AC7F46-LeaderElection77] INFO  impl.RoleInfo (RoleInfo.java:updateAndGet(143)) - 3f9b5df4-bd86-4512-adfe-d4a46e1501cb: start 3f9b5df4-bd86-4512-adfe-d4a46e1501cb@group-3774A1AC7F46-LeaderState
2020-12-04 06:02:39,662 [3f9b5df4-bd86-4512-adfe-d4a46e1501cb@group-3774A1AC7F46-LeaderElection77] INFO  segmented.SegmentedRaftLogWorker (SegmentedRaftLogWorker.java:startLogSegment(398)) - 3f9b5df4-bd86-4512-adfe-d4a46e1501cb@group-3774A1AC7F46-SegmentedRaftLogWorker: Starting segment from index:0
2020-12-04 06:02:39,663 [3f9b5df4-bd86-4512-adfe-d4a46e1501cb@group-3774A1AC7F46-LeaderElection77] INFO  impl.RaftServerImpl (ServerState.java:setRaftConf(374)) - 3f9b5df4-bd86-4512-adfe-d4a46e1501cb@group-3774A1AC7F46: set configuration 0: [3f9b5df4-bd86-4512-adfe-d4a46e1501cb|rpc:172.17.0.2:39957|dataStream:], old=null at 0
2020-12-04 06:02:39,664 [3f9b5df4-bd86-4512-adfe-d4a46e1501cb@group-3774A1AC7F46-SegmentedRaftLogWorker] INFO  segmented.SegmentedRaftLogWorker (SegmentedRaftLogWorker.java:execute(597)) - 3f9b5df4-bd86-4512-adfe-d4a46e1501cb@group-3774A1AC7F46-SegmentedRaftLogWorker: created new log segment /github/workspace/mnt/ozone/hadoop-ozone/integration-test/target/test-dir/MiniOzoneClusterImpl-d0e62b51-0f1f-480e-8215-4f24b3183874/datanode-5/data/ratis/55d23c07-bcca-4c2a-a489-3774a1ac7f46/current/log_inprogress_0
2020-12-04 06:02:39,957 [Thread-2569] INFO  impl.FollowerState (FollowerState.java:run(128)) - 5e97bab7-f049-4685-a9ad-e9f5ff9fc7c1@group-80FA38FC4C8A-FollowerState: change to CANDIDATE, lastRpcTime:5192ms, electionTimeout:5192ms
2020-12-04 06:02:39,958 [Thread-2569] INFO  impl.RoleInfo (RoleInfo.java:shutdownFollowerState(121)) - 5e97bab7-f049-4685-a9ad-e9f5ff9fc7c1: shutdown 5e97bab7-f049-4685-a9ad-e9f5ff9fc7c1@group-80FA38FC4C8A-FollowerState
2020-12-04 06:02:39,958 [Thread-2569] INFO  impl.RaftServerImpl (RaftServerImpl.java:setRole(204)) - 5e97bab7-f049-4685-a9ad-e9f5ff9fc7c1@group-80FA38FC4C8A: changes role from  FOLLOWER to CANDIDATE at term 0 for changeToCandidate
2020-12-04 06:02:39,958 [Thread-2569] INFO  impl.RoleInfo (RoleInfo.java:updateAndGet(143)) - 5e97bab7-f049-4685-a9ad-e9f5ff9fc7c1: start 5e97bab7-f049-4685-a9ad-e9f5ff9fc7c1@group-80FA38FC4C8A-LeaderElection78
2020-12-04 06:02:39,965 [5e97bab7-f049-4685-a9ad-e9f5ff9fc7c1@group-80FA38FC4C8A-LeaderElection78] INFO  impl.LeaderElection (LeaderElection.java:askForVotes(215)) - 5e97bab7-f049-4685-a9ad-e9f5ff9fc7c1@group-80FA38FC4C8A-LeaderElection78: begin an election at term 1 for -1: [5e97bab7-f049-4685-a9ad-e9f5ff9fc7c1|rpc:172.17.0.2:46089], old=null
2020-12-04 06:02:39,965 [5e97bab7-f049-4685-a9ad-e9f5ff9fc7c1@group-80FA38FC4C8A-LeaderElection78] INFO  impl.RoleInfo (RoleInfo.java:shutdownLeaderElection(134)) - 5e97bab7-f049-4685-a9ad-e9f5ff9fc7c1: shutdown 5e97bab7-f049-4685-a9ad-e9f5ff9fc7c1@group-80FA38FC4C8A-LeaderElection78
2020-12-04 06:02:39,965 [5e97bab7-f049-4685-a9ad-e9f5ff9fc7c1@group-80FA38FC4C8A-LeaderElection78] INFO  impl.RaftServerImpl (RaftServerImpl.java:setRole(204)) - 5e97bab7-f049-4685-a9ad-e9f5ff9fc7c1@group-80FA38FC4C8A: changes role from CANDIDATE to LEADER at term 1 for changeToLeader
2020-12-04 06:02:39,965 [5e97bab7-f049-4685-a9ad-e9f5ff9fc7c1@group-80FA38FC4C8A-LeaderElection78] INFO  ratis.XceiverServerRatis (XceiverServerRatis.java:handleLeaderChangedNotification(854)) - Leader change notification received for group: group-80FA38FC4C8A with new leaderId: 5e97bab7-f049-4685-a9ad-e9f5ff9fc7c1
2020-12-04 06:02:39,965 [5e97bab7-f049-4685-a9ad-e9f5ff9fc7c1@group-80FA38FC4C8A-LeaderElection78] INFO  impl.RaftServerImpl (ServerState.java:setLeader(256)) - 5e97bab7-f049-4685-a9ad-e9f5ff9fc7c1@group-80FA38FC4C8A: change Leader from null to 5e97bab7-f049-4685-a9ad-e9f5ff9fc7c1 at term 1 for becomeLeader, leader elected after 5208ms
2020-12-04 06:02:39,965 [5e97bab7-f049-4685-a9ad-e9f5ff9fc7c1@group-80FA38FC4C8A-LeaderElection78] INFO  server.RaftServerConfigKeys (ConfUtils.java:logGet(44)) - raft.server.staging.catchup.gap = 1000 (default)
2020-12-04 06:02:39,965 [5e97bab7-f049-4685-a9ad-e9f5ff9fc7c1@group-80FA38FC4C8A-LeaderElection78] INFO  server.RaftServerConfigKeys (ConfUtils.java:logGet(44)) - raft.server.rpc.sleep.time = 25ms (default)
2020-12-04 06:02:39,965 [5e97bab7-f049-4685-a9ad-e9f5ff9fc7c1@group-80FA38FC4C8A-LeaderElection78] INFO  metrics.RatisMetrics (RatisMetrics.java:lambda$create$0(36)) - Creating Metrics Registry : ratis.log_appender.5e97bab7-f049-4685-a9ad-e9f5ff9fc7c1@group-80FA38FC4C8A
2020-12-04 06:02:39,966 [5e97bab7-f049-4685-a9ad-e9f5ff9fc7c1@group-80FA38FC4C8A-LeaderElection78] INFO  server.RaftServerConfigKeys (ConfUtils.java:logGet(44)) - raft.server.write.element-limit = 1024 (custom)
2020-12-04 06:02:39,966 [5e97bab7-f049-4685-a9ad-e9f5ff9fc7c1@group-80FA38FC4C8A-LeaderElection78] INFO  server.RaftServerConfigKeys (ConfUtils.java:logGet(44)) - raft.server.write.byte-limit = 1073741824 (custom)
2020-12-04 06:02:39,966 [5e97bab7-f049-4685-a9ad-e9f5ff9fc7c1@group-80FA38FC4C8A-LeaderElection78] INFO  server.RaftServerConfigKeys (ConfUtils.java:logGet(44)) - raft.server.watch.timeout = 3000ms (custom)
2020-12-04 06:02:39,966 [5e97bab7-f049-4685-a9ad-e9f5ff9fc7c1@group-80FA38FC4C8A-LeaderElection78] INFO  server.RaftServerConfigKeys (ConfUtils.java:logGet(44)) - raft.server.watch.timeout.denomination = 1s (default)
2020-12-04 06:02:39,966 [5e97bab7-f049-4685-a9ad-e9f5ff9fc7c1@group-80FA38FC4C8A-LeaderElection78] INFO  server.RaftServerConfigKeys (ConfUtils.java:logGet(44)) - raft.server.watch.element-limit = 65536 (default)
2020-12-04 06:02:39,967 [5e97bab7-f049-4685-a9ad-e9f5ff9fc7c1@group-80FA38FC4C8A-LeaderElection78] INFO  impl.RoleInfo (RoleInfo.java:updateAndGet(143)) - 5e97bab7-f049-4685-a9ad-e9f5ff9fc7c1: start 5e97bab7-f049-4685-a9ad-e9f5ff9fc7c1@group-80FA38FC4C8A-LeaderState
2020-12-04 06:02:39,967 [5e97bab7-f049-4685-a9ad-e9f5ff9fc7c1@group-80FA38FC4C8A-LeaderElection78] INFO  segmented.SegmentedRaftLogWorker (SegmentedRaftLogWorker.java:startLogSegment(398)) - 5e97bab7-f049-4685-a9ad-e9f5ff9fc7c1@group-80FA38FC4C8A-SegmentedRaftLogWorker: Starting segment from index:0
2020-12-04 06:02:39,968 [5e97bab7-f049-4685-a9ad-e9f5ff9fc7c1@group-80FA38FC4C8A-LeaderElection78] INFO  impl.RaftServerImpl (ServerState.java:setRaftConf(374)) - 5e97bab7-f049-4685-a9ad-e9f5ff9fc7c1@group-80FA38FC4C8A: set configuration 0: [5e97bab7-f049-4685-a9ad-e9f5ff9fc7c1|rpc:172.17.0.2:46089|dataStream:], old=null at 0
2020-12-04 06:02:39,970 [5e97bab7-f049-4685-a9ad-e9f5ff9fc7c1@group-80FA38FC4C8A-SegmentedRaftLogWorker] INFO  segmented.SegmentedRaftLogWorker (SegmentedRaftLogWorker.java:execute(597)) - 5e97bab7-f049-4685-a9ad-e9f5ff9fc7c1@group-80FA38FC4C8A-SegmentedRaftLogWorker: created new log segment /github/workspace/mnt/ozone/hadoop-ozone/integration-test/target/test-dir/MiniOzoneClusterImpl-d0e62b51-0f1f-480e-8215-4f24b3183874/datanode-6/data/ratis/9516a70f-611a-44b0-a7e3-80fa38fc4c8a/current/log_inprogress_0
2020-12-04 06:02:41,776 [EventQueue-Delayed safe mode statusForReplicationManager] INFO  container.ReplicationManager (ReplicationManager.java:start(186)) - Starting Replication Monitor Thread.
2020-12-04 06:02:41,778 [ReplicationMonitor] INFO  container.ReplicationManager (ReplicationManager.java:run(250)) - Replication Monitor Thread took 0 milliseconds for processing 1 containers.
2020-12-04 06:02:44,061 [Listener at 127.0.0.1/45059] INFO  ozoneimpl.OzoneContainer (OzoneContainer.java:stop(257)) - Attempting to stop container services.
2020-12-04 06:02:44,062 [Listener at 127.0.0.1/45059] INFO  impl.RaftServerProxy (RaftServerProxy.java:lambda$close$4(338)) - 025f93f1-dfc8-4208-80d2-20f4a1ba9bf1: close
2020-12-04 06:02:44,063 [Listener at 127.0.0.1/45059] INFO  impl.RaftServerImpl (RaftServerImpl.java:lambda$shutdown$3(328)) - 025f93f1-dfc8-4208-80d2-20f4a1ba9bf1@group-A6CD88BF67F2: shutdown
2020-12-04 06:02:44,063 [ForkJoinPool.commonPool-worker-0] INFO  impl.RaftServerImpl (RaftServerImpl.java:lambda$shutdown$3(328)) - 025f93f1-dfc8-4208-80d2-20f4a1ba9bf1@group-E20F62F7D794: shutdown
2020-12-04 06:02:44,063 [Listener at 127.0.0.1/45059] INFO  util.JmxRegister (JmxRegister.java:unregister(73)) - Successfully un-registered JMX Bean with object name Ratis:service=RaftServer,group=group-A6CD88BF67F2,id=025f93f1-dfc8-4208-80d2-20f4a1ba9bf1
2020-12-04 06:02:44,063 [Listener at 127.0.0.1/45059] INFO  impl.RoleInfo (RoleInfo.java:shutdownLeaderState(104)) - 025f93f1-dfc8-4208-80d2-20f4a1ba9bf1: shutdown 025f93f1-dfc8-4208-80d2-20f4a1ba9bf1@group-A6CD88BF67F2-LeaderState
2020-12-04 06:02:44,063 [Listener at 127.0.0.1/45059] INFO  metrics.RatisMetrics (RatisMetrics.java:unregister(43)) - Unregistering Metrics Registry : ratis_grpc.log_appender.025f93f1-dfc8-4208-80d2-20f4a1ba9bf1@group-A6CD88BF67F2
2020-12-04 06:02:44,064 [Listener at 127.0.0.1/45059] INFO  metrics.RatisMetrics (RatisMetrics.java:unregister(43)) - Unregistering Metrics Registry : ratis_grpc.log_appender.025f93f1-dfc8-4208-80d2-20f4a1ba9bf1@group-A6CD88BF67F2
2020-12-04 06:02:44,064 [Listener at 127.0.0.1/45059] INFO  impl.PendingRequests (PendingRequests.java:sendNotLeaderResponses(250)) - 025f93f1-dfc8-4208-80d2-20f4a1ba9bf1@group-A6CD88BF67F2-PendingRequests: sendNotLeaderResponses
2020-12-04 06:02:44,063 [ForkJoinPool.commonPool-worker-0] INFO  util.JmxRegister (JmxRegister.java:unregister(73)) - Successfully un-registered JMX Bean with object name Ratis:service=RaftServer,group=group-E20F62F7D794,id=025f93f1-dfc8-4208-80d2-20f4a1ba9bf1
2020-12-04 06:02:44,067 [ForkJoinPool.commonPool-worker-0] INFO  impl.RoleInfo (RoleInfo.java:shutdownLeaderState(104)) - 025f93f1-dfc8-4208-80d2-20f4a1ba9bf1: shutdown 025f93f1-dfc8-4208-80d2-20f4a1ba9bf1@group-E20F62F7D794-LeaderState
2020-12-04 06:02:44,067 [ForkJoinPool.commonPool-worker-0] INFO  impl.PendingRequests (PendingRequests.java:sendNotLeaderResponses(250)) - 025f93f1-dfc8-4208-80d2-20f4a1ba9bf1@group-E20F62F7D794-PendingRequests: sendNotLeaderResponses
2020-12-04 06:02:44,067 [ForkJoinPool.commonPool-worker-0] INFO  metrics.RatisMetrics (RatisMetrics.java:unregister(43)) - Unregistering Metrics Registry : ratis.log_appender.025f93f1-dfc8-4208-80d2-20f4a1ba9bf1@group-E20F62F7D794
2020-12-04 06:02:44,067 [ForkJoinPool.commonPool-worker-0] INFO  metrics.RatisMetrics (RatisMetrics.java:unregister(43)) - Unregistering Metrics Registry : ratis.server.025f93f1-dfc8-4208-80d2-20f4a1ba9bf1@group-E20F62F7D794
2020-12-04 06:02:44,064 [org.apache.ratis.server.impl.LogAppender$AppenderDaemon$$Lambda$477/237548453@11d49380] WARN  server.GrpcLogAppender (GrpcLogAppender.java:mayWait(168)) - 025f93f1-dfc8-4208-80d2-20f4a1ba9bf1@group-A6CD88BF67F2->a43a40a6-1ac9-4df3-821c-5cd06fa3b4e5-GrpcLogAppender: Wait interrupted by java.lang.InterruptedException
2020-12-04 06:02:44,064 [org.apache.ratis.server.impl.LogAppender$AppenderDaemon$$Lambda$477/237548453@e80609b] WARN  server.GrpcLogAppender (GrpcLogAppender.java:mayWait(168)) - 025f93f1-dfc8-4208-80d2-20f4a1ba9bf1@group-A6CD88BF67F2->5e885a77-8b3e-4dc5-b522-5cb06ff98b04-GrpcLogAppender: Wait interrupted by java.lang.InterruptedException
2020-12-04 06:02:44,068 [grpc-default-executor-5] INFO  server.GrpcServerProtocolService (GrpcServerProtocolService.java:onCompleted(138)) - a43a40a6-1ac9-4df3-821c-5cd06fa3b4e5: Completed APPEND_ENTRIES, lastRequest: 025f93f1-dfc8-4208-80d2-20f4a1ba9bf1->a43a40a6-1ac9-4df3-821c-5cd06fa3b4e5#35-t1, previous=(t:1, i:10), leaderCommit=9, initializing? false, entries: size=1, first=(t:1, i:11), METADATAENTRY(c:9)
2020-12-04 06:02:44,069 [grpc-default-executor-9] INFO  server.GrpcServerProtocolService (GrpcServerProtocolService.java:onCompleted(138)) - 5e885a77-8b3e-4dc5-b522-5cb06ff98b04: Completed APPEND_ENTRIES, lastRequest: 025f93f1-dfc8-4208-80d2-20f4a1ba9bf1->5e885a77-8b3e-4dc5-b522-5cb06ff98b04#23-t1, previous=(t:1, i:10), leaderCommit=9, initializing? false, entries: size=1, first=(t:1, i:11), METADATAENTRY(c:9)
2020-12-04 06:02:44,076 [Listener at 127.0.0.1/45059] INFO  metrics.RatisMetrics (RatisMetrics.java:unregister(43)) - Unregistering Metrics Registry : ratis.log_appender.025f93f1-dfc8-4208-80d2-20f4a1ba9bf1@group-A6CD88BF67F2
2020-12-04 06:02:44,076 [Listener at 127.0.0.1/45059] INFO  metrics.RatisMetrics (RatisMetrics.java:unregister(43)) - Unregistering Metrics Registry : ratis.server.025f93f1-dfc8-4208-80d2-20f4a1ba9bf1@group-A6CD88BF67F2
2020-12-04 06:02:44,077 [grpc-default-executor-5] INFO  server.GrpcLogAppender (GrpcLogAppender.java:onCompleted(337)) - 025f93f1-dfc8-4208-80d2-20f4a1ba9bf1@group-A6CD88BF67F2->5e885a77-8b3e-4dc5-b522-5cb06ff98b04-AppendLogResponseHandler: follower responses appendEntries COMPLETED
2020-12-04 06:02:44,077 [grpc-default-executor-9] INFO  server.GrpcLogAppender (GrpcLogAppender.java:onCompleted(337)) - 025f93f1-dfc8-4208-80d2-20f4a1ba9bf1@group-A6CD88BF67F2->a43a40a6-1ac9-4df3-821c-5cd06fa3b4e5-AppendLogResponseHandler: follower responses appendEntries COMPLETED
2020-12-04 06:02:44,077 [grpc-default-executor-9] INFO  impl.FollowerInfo (FollowerInfo.java:lambda$new$0(51)) - 025f93f1-dfc8-4208-80d2-20f4a1ba9bf1@group-A6CD88BF67F2->a43a40a6-1ac9-4df3-821c-5cd06fa3b4e5: nextIndex: updateUnconditionally 12 -> 11
2020-12-04 06:02:44,077 [grpc-default-executor-5] INFO  impl.FollowerInfo (FollowerInfo.java:lambda$new$0(51)) - 025f93f1-dfc8-4208-80d2-20f4a1ba9bf1@group-A6CD88BF67F2->5e885a77-8b3e-4dc5-b522-5cb06ff98b04: nextIndex: updateUnconditionally 12 -> 11
2020-12-04 06:02:44,080 [ForkJoinPool.commonPool-worker-0] INFO  impl.StateMachineUpdater (StateMachineUpdater.java:stopAndJoin(147)) - 025f93f1-dfc8-4208-80d2-20f4a1ba9bf1@group-E20F62F7D794-StateMachineUpdater: set stopIndex = 0
2020-12-04 06:02:44,080 [025f93f1-dfc8-4208-80d2-20f4a1ba9bf1@group-E20F62F7D794-StateMachineUpdater] INFO  ratis.ContainerStateMachine (ContainerStateMachine.java:takeSnapshot(293)) - group-E20F62F7D794: Taking a snapshot at:(t:1, i:0) file /github/workspace/mnt/ozone/hadoop-ozone/integration-test/target/test-dir/MiniOzoneClusterImpl-d0e62b51-0f1f-480e-8215-4f24b3183874/datanode-2/data/ratis/69418aa5-1005-40d3-a5f6-e20f62f7d794/sm/snapshot.1_0
2020-12-04 06:02:44,081 [Listener at 127.0.0.1/45059] INFO  impl.StateMachineUpdater (StateMachineUpdater.java:stopAndJoin(147)) - 025f93f1-dfc8-4208-80d2-20f4a1ba9bf1@group-A6CD88BF67F2-StateMachineUpdater: set stopIndex = 11
2020-12-04 06:02:44,081 [025f93f1-dfc8-4208-80d2-20f4a1ba9bf1@group-A6CD88BF67F2-StateMachineUpdater] INFO  ratis.ContainerStateMachine (ContainerStateMachine.java:takeSnapshot(293)) - group-A6CD88BF67F2: Taking a snapshot at:(t:1, i:11) file /github/workspace/mnt/ozone/hadoop-ozone/integration-test/target/test-dir/MiniOzoneClusterImpl-d0e62b51-0f1f-480e-8215-4f24b3183874/datanode-2/data/ratis/0913c338-1fb1-4172-a8a9-a6cd88bf67f2/sm/snapshot.1_11
2020-12-04 06:02:44,081 [025f93f1-dfc8-4208-80d2-20f4a1ba9bf1@group-E20F62F7D794-StateMachineUpdater] INFO  ratis.ContainerStateMachine (ContainerStateMachine.java:takeSnapshot(304)) - group-E20F62F7D794: Finished taking a snapshot at:(t:1, i:0) file:/github/workspace/mnt/ozone/hadoop-ozone/integration-test/target/test-dir/MiniOzoneClusterImpl-d0e62b51-0f1f-480e-8215-4f24b3183874/datanode-2/data/ratis/69418aa5-1005-40d3-a5f6-e20f62f7d794/sm/snapshot.1_0 time:0
2020-12-04 06:02:44,081 [025f93f1-dfc8-4208-80d2-20f4a1ba9bf1@group-E20F62F7D794-StateMachineUpdater] INFO  impl.StateMachineUpdater (StateMachineUpdater.java:takeSnapshot(278)) - 025f93f1-dfc8-4208-80d2-20f4a1ba9bf1@group-E20F62F7D794-StateMachineUpdater: Took a snapshot at index 0
2020-12-04 06:02:44,081 [025f93f1-dfc8-4208-80d2-20f4a1ba9bf1@group-E20F62F7D794-StateMachineUpdater] INFO  impl.StateMachineUpdater (StateMachineUpdater.java:lambda$new$0(87)) - 025f93f1-dfc8-4208-80d2-20f4a1ba9bf1@group-E20F62F7D794-StateMachineUpdater: snapshotIndex: updateIncreasingly -1 -> 0
2020-12-04 06:02:44,082 [025f93f1-dfc8-4208-80d2-20f4a1ba9bf1@group-E20F62F7D794-StateMachineUpdater] INFO  metrics.RatisMetrics (RatisMetrics.java:unregister(43)) - Unregistering Metrics Registry : ratis.state_machine.025f93f1-dfc8-4208-80d2-20f4a1ba9bf1@group-E20F62F7D794
2020-12-04 06:02:44,082 [ForkJoinPool.commonPool-worker-0] INFO  impl.RaftServerImpl (ServerState.java:close(406)) - 025f93f1-dfc8-4208-80d2-20f4a1ba9bf1@group-E20F62F7D794: closes. applyIndex: 0
2020-12-04 06:02:44,082 [025f93f1-dfc8-4208-80d2-20f4a1ba9bf1@group-A6CD88BF67F2-StateMachineUpdater] INFO  ratis.ContainerStateMachine (ContainerStateMachine.java:takeSnapshot(304)) - group-A6CD88BF67F2: Finished taking a snapshot at:(t:1, i:11) file:/github/workspace/mnt/ozone/hadoop-ozone/integration-test/target/test-dir/MiniOzoneClusterImpl-d0e62b51-0f1f-480e-8215-4f24b3183874/datanode-2/data/ratis/0913c338-1fb1-4172-a8a9-a6cd88bf67f2/sm/snapshot.1_11 time:1
2020-12-04 06:02:44,082 [025f93f1-dfc8-4208-80d2-20f4a1ba9bf1@group-E20F62F7D794-SegmentedRaftLogWorker] INFO  segmented.SegmentedRaftLogWorker (SegmentedRaftLogWorker.java:run(329)) - 025f93f1-dfc8-4208-80d2-20f4a1ba9bf1@group-E20F62F7D794-SegmentedRaftLogWorker was interrupted, exiting. There are 0 tasks remaining in the queue.
2020-12-04 06:02:44,082 [025f93f1-dfc8-4208-80d2-20f4a1ba9bf1@group-A6CD88BF67F2-StateMachineUpdater] INFO  impl.StateMachineUpdater (StateMachineUpdater.java:takeSnapshot(278)) - 025f93f1-dfc8-4208-80d2-20f4a1ba9bf1@group-A6CD88BF67F2-StateMachineUpdater: Took a snapshot at index 11
2020-12-04 06:02:44,082 [025f93f1-dfc8-4208-80d2-20f4a1ba9bf1@group-A6CD88BF67F2-StateMachineUpdater] INFO  impl.StateMachineUpdater (StateMachineUpdater.java:lambda$new$0(87)) - 025f93f1-dfc8-4208-80d2-20f4a1ba9bf1@group-A6CD88BF67F2-StateMachineUpdater: snapshotIndex: updateIncreasingly -1 -> 11
2020-12-04 06:02:44,083 [025f93f1-dfc8-4208-80d2-20f4a1ba9bf1@group-A6CD88BF67F2-StateMachineUpdater] INFO  metrics.RatisMetrics (RatisMetrics.java:unregister(43)) - Unregistering Metrics Registry : ratis.state_machine.025f93f1-dfc8-4208-80d2-20f4a1ba9bf1@group-A6CD88BF67F2
2020-12-04 06:02:44,083 [ForkJoinPool.commonPool-worker-0] INFO  segmented.SegmentedRaftLogWorker (SegmentedRaftLogWorker.java:close(235)) - 025f93f1-dfc8-4208-80d2-20f4a1ba9bf1@group-E20F62F7D794-SegmentedRaftLogWorker close()
2020-12-04 06:02:44,083 [Listener at 127.0.0.1/45059] INFO  impl.RaftServerImpl (ServerState.java:close(406)) - 025f93f1-dfc8-4208-80d2-20f4a1ba9bf1@group-A6CD88BF67F2: closes. applyIndex: 11
2020-12-04 06:02:44,086 [ForkJoinPool.commonPool-worker-0] INFO  metrics.RatisMetrics (RatisMetrics.java:unregister(43)) - Unregistering Metrics Registry : ratis.log_worker.025f93f1-dfc8-4208-80d2-20f4a1ba9bf1@group-E20F62F7D794
2020-12-04 06:02:44,086 [025f93f1-dfc8-4208-80d2-20f4a1ba9bf1@group-A6CD88BF67F2-SegmentedRaftLogWorker] INFO  segmented.SegmentedRaftLogWorker (SegmentedRaftLogWorker.java:run(329)) - 025f93f1-dfc8-4208-80d2-20f4a1ba9bf1@group-A6CD88BF67F2-SegmentedRaftLogWorker was interrupted, exiting. There are 0 tasks remaining in the queue.
2020-12-04 06:02:44,087 [ForkJoinPool.commonPool-worker-0] INFO  metrics.RatisMetrics (RatisMetrics.java:unregister(43)) - Unregistering Metrics Registry : ratis.leader_election.025f93f1-dfc8-4208-80d2-20f4a1ba9bf1@group-E20F62F7D794
2020-12-04 06:02:44,087 [Listener at 127.0.0.1/45059] INFO  segmented.SegmentedRaftLogWorker (SegmentedRaftLogWorker.java:close(235)) - 025f93f1-dfc8-4208-80d2-20f4a1ba9bf1@group-A6CD88BF67F2-SegmentedRaftLogWorker close()
2020-12-04 06:02:44,088 [Listener at 127.0.0.1/45059] INFO  metrics.RatisMetrics (RatisMetrics.java:unregister(43)) - Unregistering Metrics Registry : ratis.log_worker.025f93f1-dfc8-4208-80d2-20f4a1ba9bf1@group-A6CD88BF67F2
2020-12-04 06:02:44,088 [Listener at 127.0.0.1/45059] INFO  metrics.RatisMetrics (RatisMetrics.java:unregister(43)) - Unregistering Metrics Registry : ratis.leader_election.025f93f1-dfc8-4208-80d2-20f4a1ba9bf1@group-A6CD88BF67F2
2020-12-04 06:02:44,088 [Listener at 127.0.0.1/45059] INFO  metrics.RatisMetrics (RatisMetrics.java:unregister(43)) - Unregistering Metrics Registry : ratis.server.025f93f1-dfc8-4208-80d2-20f4a1ba9bf1@group-A6CD88BF67F2
2020-12-04 06:02:44,088 [Listener at 127.0.0.1/45059] INFO  impl.RaftServerImpl (RaftServerImpl.java:lambda$shutdown$3(328)) - 025f93f1-dfc8-4208-80d2-20f4a1ba9bf1@group-FDFAA90BAE53: shutdown
2020-12-04 06:02:44,088 [Listener at 127.0.0.1/45059] INFO  util.JmxRegister (JmxRegister.java:unregister(73)) - Successfully un-registered JMX Bean with object name Ratis:service=RaftServer,group=group-FDFAA90BAE53,id=025f93f1-dfc8-4208-80d2-20f4a1ba9bf1
2020-12-04 06:02:44,089 [Listener at 127.0.0.1/45059] INFO  impl.RoleInfo (RoleInfo.java:shutdownFollowerState(121)) - 025f93f1-dfc8-4208-80d2-20f4a1ba9bf1: shutdown 025f93f1-dfc8-4208-80d2-20f4a1ba9bf1@group-FDFAA90BAE53-FollowerState
2020-12-04 06:02:44,089 [025f93f1-dfc8-4208-80d2-20f4a1ba9bf1@group-FDFAA90BAE53-StateMachineUpdater] INFO  ratis.ContainerStateMachine (ContainerStateMachine.java:takeSnapshot(293)) - group-FDFAA90BAE53: Taking a snapshot at:(t:1, i:0) file /github/workspace/mnt/ozone/hadoop-ozone/integration-test/target/test-dir/MiniOzoneClusterImpl-d0e62b51-0f1f-480e-8215-4f24b3183874/datanode-2/data/ratis/0ca965aa-e89c-4b81-9d0b-fdfaa90bae53/sm/snapshot.1_0
2020-12-04 06:02:44,089 [Listener at 127.0.0.1/45059] INFO  impl.StateMachineUpdater (StateMachineUpdater.java:stopAndJoin(147)) - 025f93f1-dfc8-4208-80d2-20f4a1ba9bf1@group-FDFAA90BAE53-StateMachineUpdater: set stopIndex = 0
2020-12-04 06:02:44,090 [Thread-2589] INFO  impl.FollowerState (FollowerState.java:run(137)) - 025f93f1-dfc8-4208-80d2-20f4a1ba9bf1@group-FDFAA90BAE53-FollowerState was interrupted: {}
java.lang.InterruptedException: sleep interrupted
	at java.lang.Thread.sleep(Native Method)
	at org.apache.ratis.util.JavaUtils.sleep(JavaUtils.java:250)
	at org.apache.ratis.server.impl.FollowerState.run(FollowerState.java:116)
2020-12-04 06:02:44,090 [025f93f1-dfc8-4208-80d2-20f4a1ba9bf1@group-FDFAA90BAE53-StateMachineUpdater] INFO  ratis.ContainerStateMachine (ContainerStateMachine.java:takeSnapshot(304)) - group-FDFAA90BAE53: Finished taking a snapshot at:(t:1, i:0) file:/github/workspace/mnt/ozone/hadoop-ozone/integration-test/target/test-dir/MiniOzoneClusterImpl-d0e62b51-0f1f-480e-8215-4f24b3183874/datanode-2/data/ratis/0ca965aa-e89c-4b81-9d0b-fdfaa90bae53/sm/snapshot.1_0 time:0
2020-12-04 06:02:44,090 [ForkJoinPool.commonPool-worker-0] INFO  metrics.RatisMetrics (RatisMetrics.java:unregister(43)) - Unregistering Metrics Registry : ratis.server.025f93f1-dfc8-4208-80d2-20f4a1ba9bf1@group-E20F62F7D794
2020-12-04 06:02:44,090 [025f93f1-dfc8-4208-80d2-20f4a1ba9bf1@group-FDFAA90BAE53-StateMachineUpdater] INFO  impl.StateMachineUpdater (StateMachineUpdater.java:takeSnapshot(278)) - 025f93f1-dfc8-4208-80d2-20f4a1ba9bf1@group-FDFAA90BAE53-StateMachineUpdater: Took a snapshot at index 0
2020-12-04 06:02:44,090 [025f93f1-dfc8-4208-80d2-20f4a1ba9bf1@group-FDFAA90BAE53-StateMachineUpdater] INFO  impl.StateMachineUpdater (StateMachineUpdater.java:lambda$new$0(87)) - 025f93f1-dfc8-4208-80d2-20f4a1ba9bf1@group-FDFAA90BAE53-StateMachineUpdater: snapshotIndex: updateIncreasingly -1 -> 0
2020-12-04 06:02:44,090 [025f93f1-dfc8-4208-80d2-20f4a1ba9bf1@group-FDFAA90BAE53-StateMachineUpdater] INFO  metrics.RatisMetrics (RatisMetrics.java:unregister(43)) - Unregistering Metrics Registry : ratis.state_machine.025f93f1-dfc8-4208-80d2-20f4a1ba9bf1@group-FDFAA90BAE53
2020-12-04 06:02:44,090 [Listener at 127.0.0.1/45059] INFO  impl.RaftServerImpl (ServerState.java:close(406)) - 025f93f1-dfc8-4208-80d2-20f4a1ba9bf1@group-FDFAA90BAE53: closes. applyIndex: 0
2020-12-04 06:02:44,090 [025f93f1-dfc8-4208-80d2-20f4a1ba9bf1@group-FDFAA90BAE53-SegmentedRaftLogWorker] INFO  segmented.SegmentedRaftLogWorker (SegmentedRaftLogWorker.java:run(329)) - 025f93f1-dfc8-4208-80d2-20f4a1ba9bf1@group-FDFAA90BAE53-SegmentedRaftLogWorker was interrupted, exiting. There are 0 tasks remaining in the queue.
2020-12-04 06:02:44,091 [Listener at 127.0.0.1/45059] INFO  segmented.SegmentedRaftLogWorker (SegmentedRaftLogWorker.java:close(235)) - 025f93f1-dfc8-4208-80d2-20f4a1ba9bf1@group-FDFAA90BAE53-SegmentedRaftLogWorker close()
2020-12-04 06:02:44,092 [Listener at 127.0.0.1/45059] INFO  metrics.RatisMetrics (RatisMetrics.java:unregister(43)) - Unregistering Metrics Registry : ratis.log_worker.025f93f1-dfc8-4208-80d2-20f4a1ba9bf1@group-FDFAA90BAE53
2020-12-04 06:02:44,092 [Listener at 127.0.0.1/45059] INFO  metrics.RatisMetrics (RatisMetrics.java:unregister(43)) - Unregistering Metrics Registry : ratis.leader_election.025f93f1-dfc8-4208-80d2-20f4a1ba9bf1@group-FDFAA90BAE53
2020-12-04 06:02:44,092 [Listener at 127.0.0.1/45059] INFO  metrics.RatisMetrics (RatisMetrics.java:unregister(43)) - Unregistering Metrics Registry : ratis.server.025f93f1-dfc8-4208-80d2-20f4a1ba9bf1@group-FDFAA90BAE53
2020-12-04 06:02:44,092 [Listener at 127.0.0.1/45059] INFO  server.GrpcService (GrpcService.java:closeImpl(184)) - 025f93f1-dfc8-4208-80d2-20f4a1ba9bf1: shutdown server with port 36183 now
2020-12-04 06:02:44,093 [grpc-default-executor-5] WARN  server.GrpcServerProtocolService (LogUtils.java:warn(122)) - 025f93f1-dfc8-4208-80d2-20f4a1ba9bf1: installSnapshot onError, lastRequest: 5e885a77-8b3e-4dc5-b522-5cb06ff98b04->025f93f1-dfc8-4208-80d2-20f4a1ba9bf1#1-t1, previous=(t:0, i:0), leaderCommit=-1, initializing? false, entries: size=1, first=(t:1, i:0), CONFIGURATIONENTRY: org.apache.ratis.thirdparty.io.grpc.StatusRuntimeException: CANCELLED: cancelled before receiving half close
2020-12-04 06:02:44,093 [grpc-default-executor-1] WARN  server.GrpcLogAppender (LogUtils.java:warn(122)) - 5e885a77-8b3e-4dc5-b522-5cb06ff98b04@group-FDFAA90BAE53->025f93f1-dfc8-4208-80d2-20f4a1ba9bf1-AppendLogResponseHandler: Failed appendEntries: org.apache.ratis.thirdparty.io.grpc.StatusRuntimeException: CANCELLED: HTTP/2 error code: CANCEL
Received Rst Stream
2020-12-04 06:02:44,093 [grpc-default-executor-1] WARN  server.GrpcLogAppender (GrpcLogAppender.java:resetClient(107)) - 5e885a77-8b3e-4dc5-b522-5cb06ff98b04@group-FDFAA90BAE53->025f93f1-dfc8-4208-80d2-20f4a1ba9bf1-GrpcLogAppender: Leader has not got in touch with Follower 5e885a77-8b3e-4dc5-b522-5cb06ff98b04@group-FDFAA90BAE53->025f93f1-dfc8-4208-80d2-20f4a1ba9bf1(c0,m0,n1, attendVote=true, lastRpcSendTime=145, lastRpcResponseTime=144) yet, just keep nextIndex unchanged and retry.
2020-12-04 06:02:44,094 [grpc-default-executor-3] WARN  client.GrpcClientProtocolService (LogUtils.java:warn(122)) - 1-UnorderedRequestStreamObserver1: onError: org.apache.ratis.thirdparty.io.grpc.StatusRuntimeException: CANCELLED: cancelled before receiving half close
2020-12-04 06:02:44,097 [Listener at 127.0.0.1/45059] INFO  server.GrpcService (GrpcService.java:closeImpl(193)) - 025f93f1-dfc8-4208-80d2-20f4a1ba9bf1: shutdown server with port 36183 successfully
2020-12-04 06:02:44,098 [Listener at 127.0.0.1/45059] INFO  utils.BackgroundService (BackgroundService.java:shutdown(132)) - Shutting down service BlockDeletingService
2020-12-04 06:02:44,102 [Listener at 127.0.0.1/45059] INFO  statemachine.DatanodeStateMachine (DatanodeStateMachine.java:stopDaemon(461)) - Ozone container server stopped.
2020-12-04 06:02:44,111 [Listener at 127.0.0.1/45059] INFO  handler.ContextHandler (ContextHandler.java:doStop(1154)) - Stopped o.e.j.w.WebAppContext@1b6fd3c2{hddsDatanode,/,null,STOPPED}{jar:file:/home/user/.m2/repository/org/apache/hadoop/hadoop-hdds-container-service/1.1.0-SNAPSHOT/hadoop-hdds-container-service-1.1.0-SNAPSHOT.jar!/webapps/hddsDatanode}
2020-12-04 06:02:44,112 [Listener at 127.0.0.1/45059] INFO  server.AbstractConnector (AbstractConnector.java:doStop(381)) - Stopped ServerConnector@315de1b3{HTTP/1.1, (http/1.1)}{0.0.0.0:0}
2020-12-04 06:02:44,112 [Listener at 127.0.0.1/45059] INFO  server.session (HouseKeeper.java:stopScavenging(149)) - node0 Stopped scavenging
2020-12-04 06:02:44,112 [Listener at 127.0.0.1/45059] INFO  handler.ContextHandler (ContextHandler.java:doStop(1154)) - Stopped o.e.j.s.ServletContextHandler@20a99279{static,/static,jar:file:/home/user/.m2/repository/org/apache/hadoop/hadoop-hdds-container-service/1.1.0-SNAPSHOT/hadoop-hdds-container-service-1.1.0-SNAPSHOT.jar!/webapps/static,STOPPED}
2020-12-04 06:02:44,112 [Listener at 127.0.0.1/45059] INFO  handler.ContextHandler (ContextHandler.java:doStop(1154)) - Stopped o.e.j.s.ServletContextHandler@34b1a5e7{logs,/logs,file:///github/workspace/mnt/ozone/hadoop-ozone/integration-test/target/log,STOPPED}
2020-12-04 06:02:46,451 [grpc-default-executor-8] WARN  server.GrpcLogAppender (LogUtils.java:warn(122)) - 5e885a77-8b3e-4dc5-b522-5cb06ff98b04@group-FDFAA90BAE53->025f93f1-dfc8-4208-80d2-20f4a1ba9bf1-AppendLogResponseHandler: Failed appendEntries: org.apache.ratis.thirdparty.io.grpc.StatusRuntimeException: UNAVAILABLE: io exception
2020-12-04 06:02:46,452 [grpc-default-executor-8] WARN  server.GrpcLogAppender (GrpcLogAppender.java:resetClient(107)) - 5e885a77-8b3e-4dc5-b522-5cb06ff98b04@group-FDFAA90BAE53->025f93f1-dfc8-4208-80d2-20f4a1ba9bf1-GrpcLogAppender: Leader has not got in touch with Follower 5e885a77-8b3e-4dc5-b522-5cb06ff98b04@group-FDFAA90BAE53->025f93f1-dfc8-4208-80d2-20f4a1ba9bf1(c0,m0,n1, attendVote=true, lastRpcSendTime=1, lastRpcResponseTime=2503) yet, just keep nextIndex unchanged and retry.
2020-12-04 06:02:48,951 [grpc-default-executor-3] WARN  server.GrpcLogAppender (LogUtils.java:warn(122)) - 5e885a77-8b3e-4dc5-b522-5cb06ff98b04@group-FDFAA90BAE53->025f93f1-dfc8-4208-80d2-20f4a1ba9bf1-AppendLogResponseHandler: Failed appendEntries: org.apache.ratis.thirdparty.io.grpc.StatusRuntimeException: UNAVAILABLE: io exception
2020-12-04 06:02:48,952 [grpc-default-executor-3] WARN  server.GrpcLogAppender (GrpcLogAppender.java:resetClient(107)) - 5e885a77-8b3e-4dc5-b522-5cb06ff98b04@group-FDFAA90BAE53->025f93f1-dfc8-4208-80d2-20f4a1ba9bf1-GrpcLogAppender: Leader has not got in touch with Follower 5e885a77-8b3e-4dc5-b522-5cb06ff98b04@group-FDFAA90BAE53->025f93f1-dfc8-4208-80d2-20f4a1ba9bf1(c0,m0,n1, attendVote=true, lastRpcSendTime=0, lastRpcResponseTime=5002) yet, just keep nextIndex unchanged and retry.
2020-12-04 06:02:49,010 [EventQueue-StaleNodeForStaleNodeHandler] INFO  node.StaleNodeHandler (StaleNodeHandler.java:onMessage(58)) - Datanode 025f93f1-dfc8-4208-80d2-20f4a1ba9bf1{ip: 172.17.0.2, host: 63638dc2095a, networkLocation: /default-rack, certSerialId: null, persistedOpState: IN_SERVICE, persistedOpStateExpiryEpochSec: 0} moved to stale state. Finalizing its pipelines [PipelineID=0913c338-1fb1-4172-a8a9-a6cd88bf67f2, PipelineID=0ca965aa-e89c-4b81-9d0b-fdfaa90bae53, PipelineID=69418aa5-1005-40d3-a5f6-e20f62f7d794]
2020-12-04 06:02:49,010 [EventQueue-StaleNodeForStaleNodeHandler] INFO  pipeline.SCMPipelineManager (SCMPipelineManager.java:finalizeAndDestroyPipeline(482)) - Destroying pipeline:Pipeline[ Id: 0913c338-1fb1-4172-a8a9-a6cd88bf67f2, Nodes: 025f93f1-dfc8-4208-80d2-20f4a1ba9bf1{ip: 172.17.0.2, host: 63638dc2095a, networkLocation: /default-rack, certSerialId: null, persistedOpState: IN_SERVICE, persistedOpStateExpiryEpochSec: 0}5e885a77-8b3e-4dc5-b522-5cb06ff98b04{ip: 172.17.0.2, host: 63638dc2095a, networkLocation: /default-rack, certSerialId: null, persistedOpState: IN_SERVICE, persistedOpStateExpiryEpochSec: 0}a43a40a6-1ac9-4df3-821c-5cd06fa3b4e5{ip: 172.17.0.2, host: 63638dc2095a, networkLocation: /default-rack, certSerialId: null, persistedOpState: IN_SERVICE, persistedOpStateExpiryEpochSec: 0}, Type:RATIS, Factor:THREE, State:OPEN, leaderId:025f93f1-dfc8-4208-80d2-20f4a1ba9bf1, CreationTimestamp2020-12-04T06:02:30.939Z]
2020-12-04 06:02:49,010 [EventQueue-StaleNodeForStaleNodeHandler] INFO  pipeline.PipelineStateManager (PipelineStateManager.java:finalizePipeline(121)) - Pipeline Pipeline[ Id: 0913c338-1fb1-4172-a8a9-a6cd88bf67f2, Nodes: 025f93f1-dfc8-4208-80d2-20f4a1ba9bf1{ip: 172.17.0.2, host: 63638dc2095a, networkLocation: /default-rack, certSerialId: null, persistedOpState: IN_SERVICE, persistedOpStateExpiryEpochSec: 0}5e885a77-8b3e-4dc5-b522-5cb06ff98b04{ip: 172.17.0.2, host: 63638dc2095a, networkLocation: /default-rack, certSerialId: null, persistedOpState: IN_SERVICE, persistedOpStateExpiryEpochSec: 0}a43a40a6-1ac9-4df3-821c-5cd06fa3b4e5{ip: 172.17.0.2, host: 63638dc2095a, networkLocation: /default-rack, certSerialId: null, persistedOpState: IN_SERVICE, persistedOpStateExpiryEpochSec: 0}, Type:RATIS, Factor:THREE, State:CLOSED, leaderId:025f93f1-dfc8-4208-80d2-20f4a1ba9bf1, CreationTimestamp2020-12-04T06:02:30.939Z] moved to CLOSED state
2020-12-04 06:02:49,011 [EventQueue-CloseContainerForCloseContainerEventHandler] INFO  container.CloseContainerEventHandler (CloseContainerEventHandler.java:onMessage(61)) - Close container Event triggered for container : #1
2020-12-04 06:02:49,011 [EventQueue-StaleNodeForStaleNodeHandler] INFO  pipeline.SCMPipelineManager (SCMPipelineManager.java:finalizeAndDestroyPipeline(482)) - Destroying pipeline:Pipeline[ Id: 0ca965aa-e89c-4b81-9d0b-fdfaa90bae53, Nodes: 025f93f1-dfc8-4208-80d2-20f4a1ba9bf1{ip: 172.17.0.2, host: 63638dc2095a, networkLocation: /default-rack, certSerialId: null, persistedOpState: IN_SERVICE, persistedOpStateExpiryEpochSec: 0}5e885a77-8b3e-4dc5-b522-5cb06ff98b04{ip: 172.17.0.2, host: 63638dc2095a, networkLocation: /default-rack, certSerialId: null, persistedOpState: IN_SERVICE, persistedOpStateExpiryEpochSec: 0}a43a40a6-1ac9-4df3-821c-5cd06fa3b4e5{ip: 172.17.0.2, host: 63638dc2095a, networkLocation: /default-rack, certSerialId: null, persistedOpState: IN_SERVICE, persistedOpStateExpiryEpochSec: 0}, Type:RATIS, Factor:THREE, State:OPEN, leaderId:5e885a77-8b3e-4dc5-b522-5cb06ff98b04, CreationTimestamp2020-12-04T06:02:30.937Z]
2020-12-04 06:02:49,011 [EventQueue-StaleNodeForStaleNodeHandler] INFO  pipeline.PipelineStateManager (PipelineStateManager.java:finalizePipeline(121)) - Pipeline Pipeline[ Id: 0ca965aa-e89c-4b81-9d0b-fdfaa90bae53, Nodes: 025f93f1-dfc8-4208-80d2-20f4a1ba9bf1{ip: 172.17.0.2, host: 63638dc2095a, networkLocation: /default-rack, certSerialId: null, persistedOpState: IN_SERVICE, persistedOpStateExpiryEpochSec: 0}5e885a77-8b3e-4dc5-b522-5cb06ff98b04{ip: 172.17.0.2, host: 63638dc2095a, networkLocation: /default-rack, certSerialId: null, persistedOpState: IN_SERVICE, persistedOpStateExpiryEpochSec: 0}a43a40a6-1ac9-4df3-821c-5cd06fa3b4e5{ip: 172.17.0.2, host: 63638dc2095a, networkLocation: /default-rack, certSerialId: null, persistedOpState: IN_SERVICE, persistedOpStateExpiryEpochSec: 0}, Type:RATIS, Factor:THREE, State:CLOSED, leaderId:5e885a77-8b3e-4dc5-b522-5cb06ff98b04, CreationTimestamp2020-12-04T06:02:30.937Z] moved to CLOSED state
2020-12-04 06:02:49,011 [EventQueue-StaleNodeForStaleNodeHandler] INFO  pipeline.SCMPipelineManager (SCMPipelineManager.java:finalizeAndDestroyPipeline(482)) - Destroying pipeline:Pipeline[ Id: 69418aa5-1005-40d3-a5f6-e20f62f7d794, Nodes: 025f93f1-dfc8-4208-80d2-20f4a1ba9bf1{ip: 172.17.0.2, host: 63638dc2095a, networkLocation: /default-rack, certSerialId: null, persistedOpState: IN_SERVICE, persistedOpStateExpiryEpochSec: 0}, Type:RATIS, Factor:ONE, State:OPEN, leaderId:025f93f1-dfc8-4208-80d2-20f4a1ba9bf1, CreationTimestamp2020-12-04T06:02:30.936Z]
2020-12-04 06:02:49,012 [EventQueue-StaleNodeForStaleNodeHandler] INFO  pipeline.PipelineStateManager (PipelineStateManager.java:finalizePipeline(121)) - Pipeline Pipeline[ Id: 69418aa5-1005-40d3-a5f6-e20f62f7d794, Nodes: 025f93f1-dfc8-4208-80d2-20f4a1ba9bf1{ip: 172.17.0.2, host: 63638dc2095a, networkLocation: /default-rack, certSerialId: null, persistedOpState: IN_SERVICE, persistedOpStateExpiryEpochSec: 0}, Type:RATIS, Factor:ONE, State:CLOSED, leaderId:025f93f1-dfc8-4208-80d2-20f4a1ba9bf1, CreationTimestamp2020-12-04T06:02:30.936Z] moved to CLOSED state
2020-12-04 06:02:50,769 [java.util.concurrent.ThreadPoolExecutor$Worker@3b9af147[State = -1, empty queue]] INFO  metrics.RatisMetrics (RatisMetrics.java:lambda$create$0(36)) - Creating Metrics Registry : ratis.client_message_metrics.client-5D27AB03A679->5e885a77-8b3e-4dc5-b522-5cb06ff98b04
2020-12-04 06:02:51,452 [grpc-default-executor-8] WARN  server.GrpcLogAppender (LogUtils.java:warn(122)) - 5e885a77-8b3e-4dc5-b522-5cb06ff98b04@group-FDFAA90BAE53->025f93f1-dfc8-4208-80d2-20f4a1ba9bf1-AppendLogResponseHandler: Failed appendEntries: org.apache.ratis.thirdparty.io.grpc.StatusRuntimeException: UNAVAILABLE: io exception
2020-12-04 06:02:51,453 [grpc-default-executor-8] WARN  server.GrpcLogAppender (GrpcLogAppender.java:resetClient(107)) - 5e885a77-8b3e-4dc5-b522-5cb06ff98b04@group-FDFAA90BAE53->025f93f1-dfc8-4208-80d2-20f4a1ba9bf1-GrpcLogAppender: Leader has not got in touch with Follower 5e885a77-8b3e-4dc5-b522-5cb06ff98b04@group-FDFAA90BAE53->025f93f1-dfc8-4208-80d2-20f4a1ba9bf1(c0,m0,n1, attendVote=true, lastRpcSendTime=0, lastRpcResponseTime=7503) yet, just keep nextIndex unchanged and retry.
2020-12-04 06:02:53,952 [grpc-default-executor-3] WARN  server.GrpcLogAppender (LogUtils.java:warn(122)) - 5e885a77-8b3e-4dc5-b522-5cb06ff98b04@group-FDFAA90BAE53->025f93f1-dfc8-4208-80d2-20f4a1ba9bf1-AppendLogResponseHandler: Failed appendEntries: org.apache.ratis.thirdparty.io.grpc.StatusRuntimeException: UNAVAILABLE: io exception
2020-12-04 06:02:53,953 [grpc-default-executor-3] WARN  server.GrpcLogAppender (GrpcLogAppender.java:resetClient(107)) - 5e885a77-8b3e-4dc5-b522-5cb06ff98b04@group-FDFAA90BAE53->025f93f1-dfc8-4208-80d2-20f4a1ba9bf1-GrpcLogAppender: Leader has not got in touch with Follower 5e885a77-8b3e-4dc5-b522-5cb06ff98b04@group-FDFAA90BAE53->025f93f1-dfc8-4208-80d2-20f4a1ba9bf1(c0,m0,n1, attendVote=true, lastRpcSendTime=0, lastRpcResponseTime=10003) yet, just keep nextIndex unchanged and retry.
2020-12-04 06:02:53,966 [Thread-2581] INFO  impl.FollowerState (FollowerState.java:run(128)) - a43a40a6-1ac9-4df3-821c-5cd06fa3b4e5@group-A6CD88BF67F2-FollowerState: change to CANDIDATE, lastRpcTime:9905ms, electionTimeout:5054ms
2020-12-04 06:02:53,966 [Thread-2581] INFO  impl.RoleInfo (RoleInfo.java:shutdownFollowerState(121)) - a43a40a6-1ac9-4df3-821c-5cd06fa3b4e5: shutdown a43a40a6-1ac9-4df3-821c-5cd06fa3b4e5@group-A6CD88BF67F2-FollowerState
2020-12-04 06:02:53,966 [Thread-2581] INFO  impl.RaftServerImpl (RaftServerImpl.java:setRole(204)) - a43a40a6-1ac9-4df3-821c-5cd06fa3b4e5@group-A6CD88BF67F2: changes role from  FOLLOWER to CANDIDATE at term 1 for changeToCandidate
2020-12-04 06:02:53,966 [Thread-2581] INFO  impl.RoleInfo (RoleInfo.java:updateAndGet(143)) - a43a40a6-1ac9-4df3-821c-5cd06fa3b4e5: start a43a40a6-1ac9-4df3-821c-5cd06fa3b4e5@group-A6CD88BF67F2-LeaderElection79
2020-12-04 06:02:53,967 [a43a40a6-1ac9-4df3-821c-5cd06fa3b4e5@group-A6CD88BF67F2-LeaderElection79] INFO  impl.RaftServerImpl (ServerState.java:setLeader(256)) - a43a40a6-1ac9-4df3-821c-5cd06fa3b4e5@group-A6CD88BF67F2: change Leader from 025f93f1-dfc8-4208-80d2-20f4a1ba9bf1 to null at term 1 for initElection
2020-12-04 06:02:53,968 [a43a40a6-1ac9-4df3-821c-5cd06fa3b4e5@group-A6CD88BF67F2-LeaderElection79] INFO  impl.LeaderElection (LeaderElection.java:askForVotes(215)) - a43a40a6-1ac9-4df3-821c-5cd06fa3b4e5@group-A6CD88BF67F2-LeaderElection79: begin an election at term 2 for 0: [5e885a77-8b3e-4dc5-b522-5cb06ff98b04|rpc:172.17.0.2:39901|dataStream:, a43a40a6-1ac9-4df3-821c-5cd06fa3b4e5|rpc:172.17.0.2:36909|dataStream:, 025f93f1-dfc8-4208-80d2-20f4a1ba9bf1|rpc:172.17.0.2:36183|dataStream:], old=null
2020-12-04 06:02:53,970 [grpc-default-executor-3] INFO  impl.RaftServerImpl (ServerState.java:setLeader(256)) - 5e885a77-8b3e-4dc5-b522-5cb06ff98b04@group-A6CD88BF67F2: change Leader from 025f93f1-dfc8-4208-80d2-20f4a1ba9bf1 to null at term 2 for updateCurrentTerm
2020-12-04 06:02:53,970 [grpc-default-executor-3] INFO  impl.RaftServerImpl (RaftServerImpl.java:setRole(204)) - 5e885a77-8b3e-4dc5-b522-5cb06ff98b04@group-A6CD88BF67F2: changes role from  FOLLOWER to FOLLOWER at term 2 for recognizeCandidate:a43a40a6-1ac9-4df3-821c-5cd06fa3b4e5
2020-12-04 06:02:53,970 [grpc-default-executor-3] INFO  impl.RoleInfo (RoleInfo.java:shutdownFollowerState(121)) - 5e885a77-8b3e-4dc5-b522-5cb06ff98b04: shutdown 5e885a77-8b3e-4dc5-b522-5cb06ff98b04@group-A6CD88BF67F2-FollowerState
2020-12-04 06:02:53,970 [grpc-default-executor-3] INFO  impl.RoleInfo (RoleInfo.java:updateAndGet(143)) - 5e885a77-8b3e-4dc5-b522-5cb06ff98b04: start 5e885a77-8b3e-4dc5-b522-5cb06ff98b04@group-A6CD88BF67F2-FollowerState
2020-12-04 06:02:53,970 [Thread-2582] INFO  impl.FollowerState (FollowerState.java:run(137)) - 5e885a77-8b3e-4dc5-b522-5cb06ff98b04@group-A6CD88BF67F2-FollowerState was interrupted: {}
java.lang.InterruptedException: sleep interrupted
	at java.lang.Thread.sleep(Native Method)
	at org.apache.ratis.util.JavaUtils.sleep(JavaUtils.java:250)
	at org.apache.ratis.server.impl.FollowerState.run(FollowerState.java:116)
2020-12-04 06:02:53,970 [grpc-default-executor-3] INFO  impl.RaftServerImpl (RaftServerImpl.java:requestVote(963)) -  FOLLOWER 5e885a77-8b3e-4dc5-b522-5cb06ff98b04@group-A6CD88BF67F2:t2, leader=null, voted=null, raftlog=5e885a77-8b3e-4dc5-b522-5cb06ff98b04@group-A6CD88BF67F2-SegmentedRaftLog:OPENED:c11,f11,i11, conf=0: [5e885a77-8b3e-4dc5-b522-5cb06ff98b04|rpc:172.17.0.2:39901|dataStream:, a43a40a6-1ac9-4df3-821c-5cd06fa3b4e5|rpc:172.17.0.2:36909|dataStream:, 025f93f1-dfc8-4208-80d2-20f4a1ba9bf1|rpc:172.17.0.2:36183|dataStream:], old=null RUNNING priority:0 candidate:a43a40a6-1ac9-4df3-821c-5cd06fa3b4e5|rpc:172.17.0.2:36909|dataStream: candidatePriority:0 compare:0
2020-12-04 06:02:53,970 [a43a40a6-1ac9-4df3-821c-5cd06fa3b4e5@group-A6CD88BF67F2-LeaderElection79] INFO  impl.LeaderElection (LogUtils.java:infoOrTrace(137)) - a43a40a6-1ac9-4df3-821c-5cd06fa3b4e5@group-A6CD88BF67F2-LeaderElection79 got exception when requesting votes: java.util.concurrent.ExecutionException: org.apache.ratis.thirdparty.io.grpc.StatusRuntimeException: UNAVAILABLE: io exception
2020-12-04 06:02:53,972 [a43a40a6-1ac9-4df3-821c-5cd06fa3b4e5@group-A6CD88BF67F2-LeaderElection79] INFO  impl.LeaderElection (LeaderElection.java:logAndReturn(65)) - a43a40a6-1ac9-4df3-821c-5cd06fa3b4e5@group-A6CD88BF67F2-LeaderElection79: Election PASSED; received 1 response(s) [a43a40a6-1ac9-4df3-821c-5cd06fa3b4e5<-5e885a77-8b3e-4dc5-b522-5cb06ff98b04#0:OK-t2] and 1 exception(s); a43a40a6-1ac9-4df3-821c-5cd06fa3b4e5@group-A6CD88BF67F2:t2, leader=null, voted=a43a40a6-1ac9-4df3-821c-5cd06fa3b4e5, raftlog=a43a40a6-1ac9-4df3-821c-5cd06fa3b4e5@group-A6CD88BF67F2-SegmentedRaftLog:OPENED:c11,f11,i11, conf=0: [5e885a77-8b3e-4dc5-b522-5cb06ff98b04|rpc:172.17.0.2:39901|dataStream:, a43a40a6-1ac9-4df3-821c-5cd06fa3b4e5|rpc:172.17.0.2:36909|dataStream:, 025f93f1-dfc8-4208-80d2-20f4a1ba9bf1|rpc:172.17.0.2:36183|dataStream:], old=null
2020-12-04 06:02:53,972 [a43a40a6-1ac9-4df3-821c-5cd06fa3b4e5@group-A6CD88BF67F2-LeaderElection79] INFO  impl.LeaderElection (LogUtils.java:infoOrTrace(137)) -   Exception 0: java.util.concurrent.ExecutionException: org.apache.ratis.thirdparty.io.grpc.StatusRuntimeException: UNAVAILABLE: io exception
2020-12-04 06:02:53,972 [a43a40a6-1ac9-4df3-821c-5cd06fa3b4e5@group-A6CD88BF67F2-LeaderElection79] INFO  impl.RoleInfo (RoleInfo.java:shutdownLeaderElection(134)) - a43a40a6-1ac9-4df3-821c-5cd06fa3b4e5: shutdown a43a40a6-1ac9-4df3-821c-5cd06fa3b4e5@group-A6CD88BF67F2-LeaderElection79
2020-12-04 06:02:53,972 [a43a40a6-1ac9-4df3-821c-5cd06fa3b4e5@group-A6CD88BF67F2-LeaderElection79] INFO  impl.RaftServerImpl (RaftServerImpl.java:setRole(204)) - a43a40a6-1ac9-4df3-821c-5cd06fa3b4e5@group-A6CD88BF67F2: changes role from CANDIDATE to LEADER at term 2 for changeToLeader
2020-12-04 06:02:53,972 [a43a40a6-1ac9-4df3-821c-5cd06fa3b4e5@group-A6CD88BF67F2-LeaderElection79] INFO  ratis.XceiverServerRatis (XceiverServerRatis.java:handleLeaderChangedNotification(854)) - Leader change notification received for group: group-A6CD88BF67F2 with new leaderId: a43a40a6-1ac9-4df3-821c-5cd06fa3b4e5
2020-12-04 06:02:53,972 [a43a40a6-1ac9-4df3-821c-5cd06fa3b4e5@group-A6CD88BF67F2-LeaderElection79] INFO  impl.RaftServerImpl (ServerState.java:setLeader(256)) - a43a40a6-1ac9-4df3-821c-5cd06fa3b4e5@group-A6CD88BF67F2: change Leader from null to a43a40a6-1ac9-4df3-821c-5cd06fa3b4e5 at term 2 for becomeLeader, leader elected after 5ms
2020-12-04 06:02:53,972 [a43a40a6-1ac9-4df3-821c-5cd06fa3b4e5@group-A6CD88BF67F2-LeaderElection79] INFO  server.RaftServerConfigKeys (ConfUtils.java:logGet(44)) - raft.server.staging.catchup.gap = 1000 (default)
2020-12-04 06:02:53,972 [a43a40a6-1ac9-4df3-821c-5cd06fa3b4e5@group-A6CD88BF67F2-LeaderElection79] INFO  server.RaftServerConfigKeys (ConfUtils.java:logGet(44)) - raft.server.rpc.sleep.time = 25ms (default)
2020-12-04 06:02:53,972 [a43a40a6-1ac9-4df3-821c-5cd06fa3b4e5@group-A6CD88BF67F2-LeaderElection79] INFO  metrics.RatisMetrics (RatisMetrics.java:lambda$create$0(36)) - Creating Metrics Registry : ratis.log_appender.a43a40a6-1ac9-4df3-821c-5cd06fa3b4e5@group-A6CD88BF67F2
2020-12-04 06:02:53,973 [a43a40a6-1ac9-4df3-821c-5cd06fa3b4e5@group-A6CD88BF67F2-LeaderElection79] INFO  server.RaftServerConfigKeys (ConfUtils.java:logGet(44)) - raft.server.write.element-limit = 1024 (custom)
2020-12-04 06:02:53,973 [a43a40a6-1ac9-4df3-821c-5cd06fa3b4e5@group-A6CD88BF67F2-LeaderElection79] INFO  server.RaftServerConfigKeys (ConfUtils.java:logGet(44)) - raft.server.write.byte-limit = 1073741824 (custom)
2020-12-04 06:02:53,973 [a43a40a6-1ac9-4df3-821c-5cd06fa3b4e5@group-A6CD88BF67F2-LeaderElection79] INFO  server.RaftServerConfigKeys (ConfUtils.java:logGet(44)) - raft.server.watch.timeout = 3000ms (custom)
2020-12-04 06:02:53,973 [a43a40a6-1ac9-4df3-821c-5cd06fa3b4e5@group-A6CD88BF67F2-LeaderElection79] INFO  server.RaftServerConfigKeys (ConfUtils.java:logGet(44)) - raft.server.watch.timeout.denomination = 1s (default)
2020-12-04 06:02:53,973 [a43a40a6-1ac9-4df3-821c-5cd06fa3b4e5@group-A6CD88BF67F2-LeaderElection79] INFO  server.RaftServerConfigKeys (ConfUtils.java:logGet(44)) - raft.server.watch.element-limit = 65536 (default)
2020-12-04 06:02:53,973 [a43a40a6-1ac9-4df3-821c-5cd06fa3b4e5@group-A6CD88BF67F2-LeaderElection79] INFO  server.RaftServerConfigKeys (ConfUtils.java:logGet(44)) - raft.server.log.appender.snapshot.chunk.size.max = 16MB (=16777216) (default)
2020-12-04 06:02:53,974 [a43a40a6-1ac9-4df3-821c-5cd06fa3b4e5@group-A6CD88BF67F2-LeaderElection79] INFO  server.RaftServerConfigKeys (ConfUtils.java:logGet(44)) - raft.server.log.appender.buffer.byte-limit = 33554432 (custom)
2020-12-04 06:02:53,974 [a43a40a6-1ac9-4df3-821c-5cd06fa3b4e5@group-A6CD88BF67F2-LeaderElection79] INFO  server.RaftServerConfigKeys (ConfUtils.java:logGet(44)) - raft.server.log.appender.buffer.element-limit = 1 (custom)
2020-12-04 06:02:53,974 [a43a40a6-1ac9-4df3-821c-5cd06fa3b4e5@group-A6CD88BF67F2-LeaderElection79] INFO  grpc.GrpcConfigKeys (ConfUtils.java:logGet(44)) - raft.grpc.server.leader.outstanding.appends.max = 128 (default)
2020-12-04 06:02:53,974 [a43a40a6-1ac9-4df3-821c-5cd06fa3b4e5@group-A6CD88BF67F2-LeaderElection79] INFO  server.RaftServerConfigKeys (ConfUtils.java:logGet(44)) - raft.server.rpc.request.timeout = 3000ms (default)
2020-12-04 06:02:53,974 [a43a40a6-1ac9-4df3-821c-5cd06fa3b4e5@group-A6CD88BF67F2-LeaderElection79] INFO  server.RaftServerConfigKeys (ConfUtils.java:logGet(44)) - raft.server.log.appender.install.snapshot.enabled = false (custom)
2020-12-04 06:02:53,974 [a43a40a6-1ac9-4df3-821c-5cd06fa3b4e5@group-A6CD88BF67F2-LeaderElection79] INFO  metrics.RatisMetrics (RatisMetrics.java:lambda$create$0(36)) - Creating Metrics Registry : ratis_grpc.log_appender.a43a40a6-1ac9-4df3-821c-5cd06fa3b4e5@group-A6CD88BF67F2
2020-12-04 06:02:53,976 [a43a40a6-1ac9-4df3-821c-5cd06fa3b4e5@group-A6CD88BF67F2-LeaderElection79] INFO  server.RaftServerConfigKeys (ConfUtils.java:logGet(44)) - raft.server.log.appender.snapshot.chunk.size.max = 16MB (=16777216) (default)
2020-12-04 06:02:53,976 [a43a40a6-1ac9-4df3-821c-5cd06fa3b4e5@group-A6CD88BF67F2-LeaderElection79] INFO  server.RaftServerConfigKeys (ConfUtils.java:logGet(44)) - raft.server.log.appender.buffer.byte-limit = 33554432 (custom)
2020-12-04 06:02:53,976 [a43a40a6-1ac9-4df3-821c-5cd06fa3b4e5@group-A6CD88BF67F2-LeaderElection79] INFO  server.RaftServerConfigKeys (ConfUtils.java:logGet(44)) - raft.server.log.appender.buffer.element-limit = 1 (custom)
2020-12-04 06:02:53,976 [a43a40a6-1ac9-4df3-821c-5cd06fa3b4e5@group-A6CD88BF67F2-LeaderElection79] INFO  grpc.GrpcConfigKeys (ConfUtils.java:logGet(44)) - raft.grpc.server.leader.outstanding.appends.max = 128 (default)
2020-12-04 06:02:53,976 [a43a40a6-1ac9-4df3-821c-5cd06fa3b4e5@group-A6CD88BF67F2-LeaderElection79] INFO  server.RaftServerConfigKeys (ConfUtils.java:logGet(44)) - raft.server.rpc.request.timeout = 3000ms (default)
2020-12-04 06:02:53,976 [a43a40a6-1ac9-4df3-821c-5cd06fa3b4e5@group-A6CD88BF67F2-LeaderElection79] INFO  server.RaftServerConfigKeys (ConfUtils.java:logGet(44)) - raft.server.log.appender.install.snapshot.enabled = false (custom)
2020-12-04 06:02:53,978 [a43a40a6-1ac9-4df3-821c-5cd06fa3b4e5@group-A6CD88BF67F2-LeaderElection79] INFO  impl.RoleInfo (RoleInfo.java:updateAndGet(143)) - a43a40a6-1ac9-4df3-821c-5cd06fa3b4e5: start a43a40a6-1ac9-4df3-821c-5cd06fa3b4e5@group-A6CD88BF67F2-LeaderState
2020-12-04 06:02:53,978 [a43a40a6-1ac9-4df3-821c-5cd06fa3b4e5@group-A6CD88BF67F2-LeaderElection79] INFO  segmented.SegmentedRaftLogWorker (SegmentedRaftLogWorker.java:rollLogSegment(403)) - a43a40a6-1ac9-4df3-821c-5cd06fa3b4e5@group-A6CD88BF67F2-SegmentedRaftLogWorker: Rolling segment log-0_11 to index:11
2020-12-04 06:02:53,979 [a43a40a6-1ac9-4df3-821c-5cd06fa3b4e5@group-A6CD88BF67F2-SegmentedRaftLogWorker] INFO  segmented.SegmentedRaftLogWorker (SegmentedRaftLogWorker.java:execute(554)) - a43a40a6-1ac9-4df3-821c-5cd06fa3b4e5@group-A6CD88BF67F2-SegmentedRaftLogWorker: Rolled log segment from /github/workspace/mnt/ozone/hadoop-ozone/integration-test/target/test-dir/MiniOzoneClusterImpl-d0e62b51-0f1f-480e-8215-4f24b3183874/datanode-1/data/ratis/0913c338-1fb1-4172-a8a9-a6cd88bf67f2/current/log_inprogress_0 to /github/workspace/mnt/ozone/hadoop-ozone/integration-test/target/test-dir/MiniOzoneClusterImpl-d0e62b51-0f1f-480e-8215-4f24b3183874/datanode-1/data/ratis/0913c338-1fb1-4172-a8a9-a6cd88bf67f2/current/log_0-11
2020-12-04 06:02:53,979 [a43a40a6-1ac9-4df3-821c-5cd06fa3b4e5@group-A6CD88BF67F2-LeaderElection79] INFO  impl.RaftServerImpl (ServerState.java:setRaftConf(374)) - a43a40a6-1ac9-4df3-821c-5cd06fa3b4e5@group-A6CD88BF67F2: set configuration 12: [5e885a77-8b3e-4dc5-b522-5cb06ff98b04|rpc:172.17.0.2:39901|dataStream:, a43a40a6-1ac9-4df3-821c-5cd06fa3b4e5|rpc:172.17.0.2:36909|dataStream:, 025f93f1-dfc8-4208-80d2-20f4a1ba9bf1|rpc:172.17.0.2:36183|dataStream:], old=null at 12
2020-12-04 06:02:53,981 [a43a40a6-1ac9-4df3-821c-5cd06fa3b4e5@group-A6CD88BF67F2-SegmentedRaftLogWorker] INFO  segmented.SegmentedRaftLogWorker (SegmentedRaftLogWorker.java:execute(597)) - a43a40a6-1ac9-4df3-821c-5cd06fa3b4e5@group-A6CD88BF67F2-SegmentedRaftLogWorker: created new log segment /github/workspace/mnt/ozone/hadoop-ozone/integration-test/target/test-dir/MiniOzoneClusterImpl-d0e62b51-0f1f-480e-8215-4f24b3183874/datanode-1/data/ratis/0913c338-1fb1-4172-a8a9-a6cd88bf67f2/current/log_inprogress_12
2020-12-04 06:02:53,988 [grpc-default-executor-3] INFO  ratis.XceiverServerRatis (XceiverServerRatis.java:handleLeaderChangedNotification(854)) - Leader change notification received for group: group-A6CD88BF67F2 with new leaderId: a43a40a6-1ac9-4df3-821c-5cd06fa3b4e5
2020-12-04 06:02:53,988 [grpc-default-executor-3] INFO  impl.RaftServerImpl (ServerState.java:setLeader(256)) - 5e885a77-8b3e-4dc5-b522-5cb06ff98b04@group-A6CD88BF67F2: change Leader from null to a43a40a6-1ac9-4df3-821c-5cd06fa3b4e5 at term 2 for appendEntries, leader elected after 18ms
2020-12-04 06:02:53,989 [grpc-default-executor-3] INFO  impl.RaftServerImpl (ServerState.java:setRaftConf(374)) - 5e885a77-8b3e-4dc5-b522-5cb06ff98b04@group-A6CD88BF67F2: set configuration 12: [5e885a77-8b3e-4dc5-b522-5cb06ff98b04|rpc:172.17.0.2:39901|dataStream:, a43a40a6-1ac9-4df3-821c-5cd06fa3b4e5|rpc:172.17.0.2:36909|dataStream:, 025f93f1-dfc8-4208-80d2-20f4a1ba9bf1|rpc:172.17.0.2:36183|dataStream:], old=null at 12
2020-12-04 06:02:53,989 [grpc-default-executor-8] WARN  server.GrpcLogAppender (LogUtils.java:warn(122)) - a43a40a6-1ac9-4df3-821c-5cd06fa3b4e5@group-A6CD88BF67F2->025f93f1-dfc8-4208-80d2-20f4a1ba9bf1-AppendLogResponseHandler: Failed appendEntries: org.apache.ratis.thirdparty.io.grpc.StatusRuntimeException: UNAVAILABLE: io exception
2020-12-04 06:02:53,989 [grpc-default-executor-3] INFO  segmented.SegmentedRaftLogWorker (SegmentedRaftLogWorker.java:rollLogSegment(403)) - 5e885a77-8b3e-4dc5-b522-5cb06ff98b04@group-A6CD88BF67F2-SegmentedRaftLogWorker: Rolling segment log-0_11 to index:11
2020-12-04 06:02:53,993 [5e885a77-8b3e-4dc5-b522-5cb06ff98b04@group-A6CD88BF67F2-SegmentedRaftLogWorker] INFO  segmented.SegmentedRaftLogWorker (SegmentedRaftLogWorker.java:execute(554)) - 5e885a77-8b3e-4dc5-b522-5cb06ff98b04@group-A6CD88BF67F2-SegmentedRaftLogWorker: Rolled log segment from /github/workspace/mnt/ozone/hadoop-ozone/integration-test/target/test-dir/MiniOzoneClusterImpl-d0e62b51-0f1f-480e-8215-4f24b3183874/datanode-0/data/ratis/0913c338-1fb1-4172-a8a9-a6cd88bf67f2/current/log_inprogress_0 to /github/workspace/mnt/ozone/hadoop-ozone/integration-test/target/test-dir/MiniOzoneClusterImpl-d0e62b51-0f1f-480e-8215-4f24b3183874/datanode-0/data/ratis/0913c338-1fb1-4172-a8a9-a6cd88bf67f2/current/log_0-11
2020-12-04 06:02:53,994 [grpc-default-executor-8] WARN  server.GrpcLogAppender (GrpcLogAppender.java:resetClient(107)) - a43a40a6-1ac9-4df3-821c-5cd06fa3b4e5@group-A6CD88BF67F2->025f93f1-dfc8-4208-80d2-20f4a1ba9bf1-GrpcLogAppender: Leader has not got in touch with Follower a43a40a6-1ac9-4df3-821c-5cd06fa3b4e5@group-A6CD88BF67F2->025f93f1-dfc8-4208-80d2-20f4a1ba9bf1(c-1,m0,n13, attendVote=true, lastRpcSendTime=0, lastRpcResponseTime=5220) yet, just keep nextIndex unchanged and retry.
2020-12-04 06:02:53,994 [5e885a77-8b3e-4dc5-b522-5cb06ff98b04@group-A6CD88BF67F2-SegmentedRaftLogWorker] INFO  segmented.SegmentedRaftLogWorker (SegmentedRaftLogWorker.java:execute(597)) - 5e885a77-8b3e-4dc5-b522-5cb06ff98b04@group-A6CD88BF67F2-SegmentedRaftLogWorker: created new log segment /github/workspace/mnt/ozone/hadoop-ozone/integration-test/target/test-dir/MiniOzoneClusterImpl-d0e62b51-0f1f-480e-8215-4f24b3183874/datanode-0/data/ratis/0913c338-1fb1-4172-a8a9-a6cd88bf67f2/current/log_inprogress_12
2020-12-04 06:02:53,999 [grpc-default-executor-8] WARN  server.GrpcLogAppender (LogUtils.java:warn(122)) - a43a40a6-1ac9-4df3-821c-5cd06fa3b4e5@group-A6CD88BF67F2->025f93f1-dfc8-4208-80d2-20f4a1ba9bf1-AppendLogResponseHandler: Failed appendEntries: org.apache.ratis.thirdparty.io.grpc.StatusRuntimeException: UNAVAILABLE: io exception
2020-12-04 06:02:54,000 [grpc-default-executor-8] WARN  server.GrpcLogAppender (GrpcLogAppender.java:resetClient(107)) - a43a40a6-1ac9-4df3-821c-5cd06fa3b4e5@group-A6CD88BF67F2->025f93f1-dfc8-4208-80d2-20f4a1ba9bf1-GrpcLogAppender: Leader has not got in touch with Follower a43a40a6-1ac9-4df3-821c-5cd06fa3b4e5@group-A6CD88BF67F2->025f93f1-dfc8-4208-80d2-20f4a1ba9bf1(c-1,m0,n14, attendVote=true, lastRpcSendTime=0, lastRpcResponseTime=5226) yet, just keep nextIndex unchanged and retry.
2020-12-04 06:02:56,453 [grpc-default-executor-3] WARN  server.GrpcLogAppender (LogUtils.java:warn(122)) - 5e885a77-8b3e-4dc5-b522-5cb06ff98b04@group-FDFAA90BAE53->025f93f1-dfc8-4208-80d2-20f4a1ba9bf1-AppendLogResponseHandler: Failed appendEntries: org.apache.ratis.thirdparty.io.grpc.StatusRuntimeException: UNAVAILABLE: io exception
2020-12-04 06:02:56,454 [grpc-default-executor-3] WARN  server.GrpcLogAppender (GrpcLogAppender.java:resetClient(107)) - 5e885a77-8b3e-4dc5-b522-5cb06ff98b04@group-FDFAA90BAE53->025f93f1-dfc8-4208-80d2-20f4a1ba9bf1-GrpcLogAppender: Leader has not got in touch with Follower 5e885a77-8b3e-4dc5-b522-5cb06ff98b04@group-FDFAA90BAE53->025f93f1-dfc8-4208-80d2-20f4a1ba9bf1(c0,m0,n1, attendVote=true, lastRpcSendTime=0, lastRpcResponseTime=12504) yet, just keep nextIndex unchanged and retry.
2020-12-04 06:02:56,500 [grpc-default-executor-3] WARN  server.GrpcLogAppender (LogUtils.java:warn(122)) - a43a40a6-1ac9-4df3-821c-5cd06fa3b4e5@group-A6CD88BF67F2->025f93f1-dfc8-4208-80d2-20f4a1ba9bf1-AppendLogResponseHandler: Failed appendEntries: org.apache.ratis.thirdparty.io.grpc.StatusRuntimeException: UNAVAILABLE: io exception
2020-12-04 06:02:56,500 [grpc-default-executor-3] WARN  server.GrpcLogAppender (GrpcLogAppender.java:resetClient(107)) - a43a40a6-1ac9-4df3-821c-5cd06fa3b4e5@group-A6CD88BF67F2->025f93f1-dfc8-4208-80d2-20f4a1ba9bf1-GrpcLogAppender: Leader has not got in touch with Follower a43a40a6-1ac9-4df3-821c-5cd06fa3b4e5@group-A6CD88BF67F2->025f93f1-dfc8-4208-80d2-20f4a1ba9bf1(c-1,m0,n14, attendVote=true, lastRpcSendTime=0, lastRpcResponseTime=7727) yet, just keep nextIndex unchanged and retry.
2020-12-04 06:02:57,316 [java.util.concurrent.ThreadPoolExecutor$Worker@1cd4b0ec[State = -1, empty queue]] INFO  metrics.RatisMetrics (RatisMetrics.java:lambda$create$0(36)) - Creating Metrics Registry : ratis.client_message_metrics.client-5D27AB03A679->a43a40a6-1ac9-4df3-821c-5cd06fa3b4e5
06:02:57.323 [grpc-default-executor-3] ERROR DNAudit - user=null | ip=null | op=WRITE_CHUNK {blockData=conID: 1 locID: 105320399425699853 bcsId: 9} | ret=FAILURE
org.apache.hadoop.hdds.scm.container.common.helpers.ContainerNotOpenException: Container 1 in CLOSING state
	at org.apache.hadoop.ozone.container.common.impl.HddsDispatcher.validateContainerCommand(HddsDispatcher.java:484) ~[hadoop-hdds-container-service-1.1.0-SNAPSHOT.jar:?]
	at org.apache.hadoop.ozone.container.common.transport.server.ratis.ContainerStateMachine.startTransaction(ContainerStateMachine.java:319) ~[hadoop-hdds-container-service-1.1.0-SNAPSHOT.jar:?]
	at org.apache.ratis.server.impl.RaftServerImpl.submitClientRequestAsync(RaftServerImpl.java:723) ~[ratis-server-1.1.0-913f5a4-SNAPSHOT.jar:1.1.0-913f5a4-SNAPSHOT]
	at org.apache.ratis.server.impl.RaftServerProxy.lambda$submitClientRequestAsync$7(RaftServerProxy.java:364) ~[ratis-server-1.1.0-913f5a4-SNAPSHOT.jar:1.1.0-913f5a4-SNAPSHOT]
	at org.apache.ratis.server.impl.RaftServerProxy.lambda$null$5(RaftServerProxy.java:359) ~[ratis-server-1.1.0-913f5a4-SNAPSHOT.jar:1.1.0-913f5a4-SNAPSHOT]
	at org.apache.ratis.util.JavaUtils.callAsUnchecked(JavaUtils.java:116) ~[ratis-common-1.1.0-913f5a4-SNAPSHOT.jar:1.1.0-913f5a4-SNAPSHOT]
	at org.apache.ratis.server.impl.RaftServerProxy.lambda$submitRequest$6(RaftServerProxy.java:359) ~[ratis-server-1.1.0-913f5a4-SNAPSHOT.jar:1.1.0-913f5a4-SNAPSHOT]
	at java.util.concurrent.CompletableFuture.uniComposeStage(CompletableFuture.java:995) ~[?:1.8.0_232]
	at java.util.concurrent.CompletableFuture.thenCompose(CompletableFuture.java:2137) ~[?:1.8.0_232]
	at org.apache.ratis.server.impl.RaftServerProxy.submitRequest(RaftServerProxy.java:358) ~[ratis-server-1.1.0-913f5a4-SNAPSHOT.jar:1.1.0-913f5a4-SNAPSHOT]
	at org.apache.ratis.server.impl.RaftServerProxy.submitClientRequestAsync(RaftServerProxy.java:364) ~[ratis-server-1.1.0-913f5a4-SNAPSHOT.jar:1.1.0-913f5a4-SNAPSHOT]
	at org.apache.ratis.grpc.client.GrpcClientProtocolService$RequestStreamObserver.processClientRequest(GrpcClientProtocolService.java:231) ~[ratis-grpc-1.1.0-913f5a4-SNAPSHOT.jar:1.1.0-913f5a4-SNAPSHOT]
	at org.apache.ratis.grpc.client.GrpcClientProtocolService$OrderedRequestStreamObserver.processClientRequest(GrpcClientProtocolService.java:337) ~[ratis-grpc-1.1.0-913f5a4-SNAPSHOT.jar:1.1.0-913f5a4-SNAPSHOT]
	at org.apache.ratis.util.SlidingWindow$Server.processRequestsFromHead(SlidingWindow.java:429) [ratis-common-1.1.0-913f5a4-SNAPSHOT.jar:1.1.0-913f5a4-SNAPSHOT]
	at org.apache.ratis.util.SlidingWindow$Server.receivedRequest(SlidingWindow.java:421) [ratis-common-1.1.0-913f5a4-SNAPSHOT.jar:1.1.0-913f5a4-SNAPSHOT]
	at org.apache.ratis.grpc.client.GrpcClientProtocolService$OrderedRequestStreamObserver.processClientRequest(GrpcClientProtocolService.java:361) [ratis-grpc-1.1.0-913f5a4-SNAPSHOT.jar:1.1.0-913f5a4-SNAPSHOT]
	at org.apache.ratis.grpc.client.GrpcClientProtocolService$RequestStreamObserver.onNext(GrpcClientProtocolService.java:251) [ratis-grpc-1.1.0-913f5a4-SNAPSHOT.jar:1.1.0-913f5a4-SNAPSHOT]
	at org.apache.ratis.grpc.client.GrpcClientProtocolService$RequestStreamObserver.onNext(GrpcClientProtocolService.java:174) [ratis-grpc-1.1.0-913f5a4-SNAPSHOT.jar:1.1.0-913f5a4-SNAPSHOT]
	at org.apache.ratis.thirdparty.io.grpc.stub.ServerCalls$StreamingServerCallHandler$StreamingServerCallListener.onMessage(ServerCalls.java:251) [ratis-thirdparty-misc-0.6.0-SNAPSHOT.jar:0.6.0-SNAPSHOT]
	at org.apache.ratis.thirdparty.io.grpc.ForwardingServerCallListener.onMessage(ForwardingServerCallListener.java:33) [ratis-thirdparty-misc-0.6.0-SNAPSHOT.jar:0.6.0-SNAPSHOT]
	at org.apache.ratis.thirdparty.io.grpc.internal.ServerCallImpl$ServerStreamListenerImpl.messagesAvailableInternal(ServerCallImpl.java:309) [ratis-thirdparty-misc-0.6.0-SNAPSHOT.jar:0.6.0-SNAPSHOT]
	at org.apache.ratis.thirdparty.io.grpc.internal.ServerCallImpl$ServerStreamListenerImpl.messagesAvailable(ServerCallImpl.java:292) [ratis-thirdparty-misc-0.6.0-SNAPSHOT.jar:0.6.0-SNAPSHOT]
	at org.apache.ratis.thirdparty.io.grpc.internal.ServerImpl$JumpToApplicationThreadServerStreamListener$1MessagesAvailable.runInContext(ServerImpl.java:783) [ratis-thirdparty-misc-0.6.0-SNAPSHOT.jar:0.6.0-SNAPSHOT]
	at org.apache.ratis.thirdparty.io.grpc.internal.ContextRunnable.run(ContextRunnable.java:37) [ratis-thirdparty-misc-0.6.0-SNAPSHOT.jar:0.6.0-SNAPSHOT]
	at org.apache.ratis.thirdparty.io.grpc.internal.SerializingExecutor.run(SerializingExecutor.java:123) [ratis-thirdparty-misc-0.6.0-SNAPSHOT.jar:0.6.0-SNAPSHOT]
	at java.util.concurrent.ThreadPoolExecutor.runWorker(ThreadPoolExecutor.java:1149) [?:1.8.0_232]
	at java.util.concurrent.ThreadPoolExecutor$Worker.run(ThreadPoolExecutor.java:624) [?:1.8.0_232]
	at java.lang.Thread.run(Thread.java:748) [?:1.8.0_232]
2020-12-04 06:02:57,331 [grpc-default-executor-3] ERROR storage.BlockOutputStream (BlockOutputStream.java:lambda$writeChunkToContainer$3(677)) - writing chunk failed 105320399425699853_chunk_6 blockID conID: 1 locID: 105320399425699853 bcsId: 9 with exception org.apache.ratis.protocol.exceptions.StateMachineException: org.apache.hadoop.hdds.scm.container.common.helpers.ContainerNotOpenException from Server a43a40a6-1ac9-4df3-821c-5cd06fa3b4e5@group-A6CD88BF67F2: Container 1 in CLOSING state
06:02:57.335 [grpc-default-executor-3] ERROR DNAudit - user=null | ip=null | op=WRITE_CHUNK {blockData=conID: 1 locID: 105320399425699853 bcsId: 9} | ret=FAILURE
org.apache.hadoop.hdds.scm.container.common.helpers.ContainerNotOpenException: Container 1 in CLOSING state
	at org.apache.hadoop.ozone.container.common.impl.HddsDispatcher.validateContainerCommand(HddsDispatcher.java:484) ~[hadoop-hdds-container-service-1.1.0-SNAPSHOT.jar:?]
	at org.apache.hadoop.ozone.container.common.transport.server.ratis.ContainerStateMachine.startTransaction(ContainerStateMachine.java:319) ~[hadoop-hdds-container-service-1.1.0-SNAPSHOT.jar:?]
	at org.apache.ratis.server.impl.RaftServerImpl.submitClientRequestAsync(RaftServerImpl.java:723) ~[ratis-server-1.1.0-913f5a4-SNAPSHOT.jar:1.1.0-913f5a4-SNAPSHOT]
	at org.apache.ratis.server.impl.RaftServerProxy.lambda$submitClientRequestAsync$7(RaftServerProxy.java:364) ~[ratis-server-1.1.0-913f5a4-SNAPSHOT.jar:1.1.0-913f5a4-SNAPSHOT]
	at org.apache.ratis.server.impl.RaftServerProxy.lambda$null$5(RaftServerProxy.java:359) ~[ratis-server-1.1.0-913f5a4-SNAPSHOT.jar:1.1.0-913f5a4-SNAPSHOT]
	at org.apache.ratis.util.JavaUtils.callAsUnchecked(JavaUtils.java:116) ~[ratis-common-1.1.0-913f5a4-SNAPSHOT.jar:1.1.0-913f5a4-SNAPSHOT]
	at org.apache.ratis.server.impl.RaftServerProxy.lambda$submitRequest$6(RaftServerProxy.java:359) ~[ratis-server-1.1.0-913f5a4-SNAPSHOT.jar:1.1.0-913f5a4-SNAPSHOT]
	at java.util.concurrent.CompletableFuture.uniComposeStage(CompletableFuture.java:995) ~[?:1.8.0_232]
	at java.util.concurrent.CompletableFuture.thenCompose(CompletableFuture.java:2137) ~[?:1.8.0_232]
	at org.apache.ratis.server.impl.RaftServerProxy.submitRequest(RaftServerProxy.java:358) ~[ratis-server-1.1.0-913f5a4-SNAPSHOT.jar:1.1.0-913f5a4-SNAPSHOT]
	at org.apache.ratis.server.impl.RaftServerProxy.submitClientRequestAsync(RaftServerProxy.java:364) ~[ratis-server-1.1.0-913f5a4-SNAPSHOT.jar:1.1.0-913f5a4-SNAPSHOT]
	at org.apache.ratis.grpc.client.GrpcClientProtocolService$RequestStreamObserver.processClientRequest(GrpcClientProtocolService.java:231) ~[ratis-grpc-1.1.0-913f5a4-SNAPSHOT.jar:1.1.0-913f5a4-SNAPSHOT]
	at org.apache.ratis.grpc.client.GrpcClientProtocolService$OrderedRequestStreamObserver.processClientRequest(GrpcClientProtocolService.java:337) ~[ratis-grpc-1.1.0-913f5a4-SNAPSHOT.jar:1.1.0-913f5a4-SNAPSHOT]
	at org.apache.ratis.util.SlidingWindow$Server.processRequestsFromHead(SlidingWindow.java:429) [ratis-common-1.1.0-913f5a4-SNAPSHOT.jar:1.1.0-913f5a4-SNAPSHOT]
	at org.apache.ratis.util.SlidingWindow$Server.receivedRequest(SlidingWindow.java:421) [ratis-common-1.1.0-913f5a4-SNAPSHOT.jar:1.1.0-913f5a4-SNAPSHOT]
	at org.apache.ratis.grpc.client.GrpcClientProtocolService$OrderedRequestStreamObserver.processClientRequest(GrpcClientProtocolService.java:361) [ratis-grpc-1.1.0-913f5a4-SNAPSHOT.jar:1.1.0-913f5a4-SNAPSHOT]
	at org.apache.ratis.grpc.client.GrpcClientProtocolService$RequestStreamObserver.onNext(GrpcClientProtocolService.java:251) [ratis-grpc-1.1.0-913f5a4-SNAPSHOT.jar:1.1.0-913f5a4-SNAPSHOT]
	at org.apache.ratis.grpc.client.GrpcClientProtocolService$RequestStreamObserver.onNext(GrpcClientProtocolService.java:174) [ratis-grpc-1.1.0-913f5a4-SNAPSHOT.jar:1.1.0-913f5a4-SNAPSHOT]
	at org.apache.ratis.thirdparty.io.grpc.stub.ServerCalls$StreamingServerCallHandler$StreamingServerCallListener.onMessage(ServerCalls.java:251) [ratis-thirdparty-misc-0.6.0-SNAPSHOT.jar:0.6.0-SNAPSHOT]
	at org.apache.ratis.thirdparty.io.grpc.ForwardingServerCallListener.onMessage(ForwardingServerCallListener.java:33) [ratis-thirdparty-misc-0.6.0-SNAPSHOT.jar:0.6.0-SNAPSHOT]
	at org.apache.ratis.thirdparty.io.grpc.internal.ServerCallImpl$ServerStreamListenerImpl.messagesAvailableInternal(ServerCallImpl.java:309) [ratis-thirdparty-misc-0.6.0-SNAPSHOT.jar:0.6.0-SNAPSHOT]
	at org.apache.ratis.thirdparty.io.grpc.internal.ServerCallImpl$ServerStreamListenerImpl.messagesAvailable(ServerCallImpl.java:292) [ratis-thirdparty-misc-0.6.0-SNAPSHOT.jar:0.6.0-SNAPSHOT]
	at org.apache.ratis.thirdparty.io.grpc.internal.ServerImpl$JumpToApplicationThreadServerStreamListener$1MessagesAvailable.runInContext(ServerImpl.java:783) [ratis-thirdparty-misc-0.6.0-SNAPSHOT.jar:0.6.0-SNAPSHOT]
	at org.apache.ratis.thirdparty.io.grpc.internal.ContextRunnable.run(ContextRunnable.java:37) [ratis-thirdparty-misc-0.6.0-SNAPSHOT.jar:0.6.0-SNAPSHOT]
	at org.apache.ratis.thirdparty.io.grpc.internal.SerializingExecutor.run(SerializingExecutor.java:123) [ratis-thirdparty-misc-0.6.0-SNAPSHOT.jar:0.6.0-SNAPSHOT]
	at java.util.concurrent.ThreadPoolExecutor.runWorker(ThreadPoolExecutor.java:1149) [?:1.8.0_232]
	at java.util.concurrent.ThreadPoolExecutor$Worker.run(ThreadPoolExecutor.java:624) [?:1.8.0_232]
	at java.lang.Thread.run(Thread.java:748) [?:1.8.0_232]
06:02:57.343 [grpc-default-executor-3] ERROR DNAudit - user=null | ip=null | op=PUT_BLOCK {blockData=[blockId=conID: 1 locID: 105320399425699853 bcsId: 0,size=650]} | ret=FAILURE
org.apache.hadoop.hdds.scm.container.common.helpers.ContainerNotOpenException: Container 1 in CLOSING state
	at org.apache.hadoop.ozone.container.common.impl.HddsDispatcher.validateContainerCommand(HddsDispatcher.java:484) ~[hadoop-hdds-container-service-1.1.0-SNAPSHOT.jar:?]
	at org.apache.hadoop.ozone.container.common.transport.server.ratis.ContainerStateMachine.startTransaction(ContainerStateMachine.java:319) ~[hadoop-hdds-container-service-1.1.0-SNAPSHOT.jar:?]
	at org.apache.ratis.server.impl.RaftServerImpl.submitClientRequestAsync(RaftServerImpl.java:723) ~[ratis-server-1.1.0-913f5a4-SNAPSHOT.jar:1.1.0-913f5a4-SNAPSHOT]
	at org.apache.ratis.server.impl.RaftServerProxy.lambda$submitClientRequestAsync$7(RaftServerProxy.java:364) ~[ratis-server-1.1.0-913f5a4-SNAPSHOT.jar:1.1.0-913f5a4-SNAPSHOT]
	at org.apache.ratis.server.impl.RaftServerProxy.lambda$null$5(RaftServerProxy.java:359) ~[ratis-server-1.1.0-913f5a4-SNAPSHOT.jar:1.1.0-913f5a4-SNAPSHOT]
	at org.apache.ratis.util.JavaUtils.callAsUnchecked(JavaUtils.java:116) ~[ratis-common-1.1.0-913f5a4-SNAPSHOT.jar:1.1.0-913f5a4-SNAPSHOT]
	at org.apache.ratis.server.impl.RaftServerProxy.lambda$submitRequest$6(RaftServerProxy.java:359) ~[ratis-server-1.1.0-913f5a4-SNAPSHOT.jar:1.1.0-913f5a4-SNAPSHOT]
	at java.util.concurrent.CompletableFuture.uniComposeStage(CompletableFuture.java:995) ~[?:1.8.0_232]
	at java.util.concurrent.CompletableFuture.thenCompose(CompletableFuture.java:2137) ~[?:1.8.0_232]
	at org.apache.ratis.server.impl.RaftServerProxy.submitRequest(RaftServerProxy.java:358) ~[ratis-server-1.1.0-913f5a4-SNAPSHOT.jar:1.1.0-913f5a4-SNAPSHOT]
	at org.apache.ratis.server.impl.RaftServerProxy.submitClientRequestAsync(RaftServerProxy.java:364) ~[ratis-server-1.1.0-913f5a4-SNAPSHOT.jar:1.1.0-913f5a4-SNAPSHOT]
	at org.apache.ratis.grpc.client.GrpcClientProtocolService$RequestStreamObserver.processClientRequest(GrpcClientProtocolService.java:231) ~[ratis-grpc-1.1.0-913f5a4-SNAPSHOT.jar:1.1.0-913f5a4-SNAPSHOT]
	at org.apache.ratis.grpc.client.GrpcClientProtocolService$OrderedRequestStreamObserver.processClientRequest(GrpcClientProtocolService.java:337) ~[ratis-grpc-1.1.0-913f5a4-SNAPSHOT.jar:1.1.0-913f5a4-SNAPSHOT]
	at org.apache.ratis.util.SlidingWindow$Server.processRequestsFromHead(SlidingWindow.java:429) [ratis-common-1.1.0-913f5a4-SNAPSHOT.jar:1.1.0-913f5a4-SNAPSHOT]
	at org.apache.ratis.util.SlidingWindow$Server.receivedRequest(SlidingWindow.java:421) [ratis-common-1.1.0-913f5a4-SNAPSHOT.jar:1.1.0-913f5a4-SNAPSHOT]
	at org.apache.ratis.grpc.client.GrpcClientProtocolService$OrderedRequestStreamObserver.processClientRequest(GrpcClientProtocolService.java:361) [ratis-grpc-1.1.0-913f5a4-SNAPSHOT.jar:1.1.0-913f5a4-SNAPSHOT]
	at org.apache.ratis.grpc.client.GrpcClientProtocolService$RequestStreamObserver.onNext(GrpcClientProtocolService.java:251) [ratis-grpc-1.1.0-913f5a4-SNAPSHOT.jar:1.1.0-913f5a4-SNAPSHOT]
	at org.apache.ratis.grpc.client.GrpcClientProtocolService$RequestStreamObserver.onNext(GrpcClientProtocolService.java:174) [ratis-grpc-1.1.0-913f5a4-SNAPSHOT.jar:1.1.0-913f5a4-SNAPSHOT]
	at org.apache.ratis.thirdparty.io.grpc.stub.ServerCalls$StreamingServerCallHandler$StreamingServerCallListener.onMessage(ServerCalls.java:251) [ratis-thirdparty-misc-0.6.0-SNAPSHOT.jar:0.6.0-SNAPSHOT]
	at org.apache.ratis.thirdparty.io.grpc.ForwardingServerCallListener.onMessage(ForwardingServerCallListener.java:33) [ratis-thirdparty-misc-0.6.0-SNAPSHOT.jar:0.6.0-SNAPSHOT]
	at org.apache.ratis.thirdparty.io.grpc.internal.ServerCallImpl$ServerStreamListenerImpl.messagesAvailableInternal(ServerCallImpl.java:309) [ratis-thirdparty-misc-0.6.0-SNAPSHOT.jar:0.6.0-SNAPSHOT]
	at org.apache.ratis.thirdparty.io.grpc.internal.ServerCallImpl$ServerStreamListenerImpl.messagesAvailable(ServerCallImpl.java:292) [ratis-thirdparty-misc-0.6.0-SNAPSHOT.jar:0.6.0-SNAPSHOT]
	at org.apache.ratis.thirdparty.io.grpc.internal.ServerImpl$JumpToApplicationThreadServerStreamListener$1MessagesAvailable.runInContext(ServerImpl.java:783) [ratis-thirdparty-misc-0.6.0-SNAPSHOT.jar:0.6.0-SNAPSHOT]
	at org.apache.ratis.thirdparty.io.grpc.internal.ContextRunnable.run(ContextRunnable.java:37) [ratis-thirdparty-misc-0.6.0-SNAPSHOT.jar:0.6.0-SNAPSHOT]
	at org.apache.ratis.thirdparty.io.grpc.internal.SerializingExecutor.run(SerializingExecutor.java:123) [ratis-thirdparty-misc-0.6.0-SNAPSHOT.jar:0.6.0-SNAPSHOT]
	at java.util.concurrent.ThreadPoolExecutor.runWorker(ThreadPoolExecutor.java:1149) [?:1.8.0_232]
	at java.util.concurrent.ThreadPoolExecutor$Worker.run(ThreadPoolExecutor.java:624) [?:1.8.0_232]
	at java.lang.Thread.run(Thread.java:748) [?:1.8.0_232]
06:02:57.349 [grpc-default-executor-3] ERROR DNAudit - user=null | ip=null | op=WRITE_CHUNK {blockData=conID: 1 locID: 105320399425699853 bcsId: 9} | ret=FAILURE
org.apache.hadoop.hdds.scm.container.common.helpers.ContainerNotOpenException: Container 1 in CLOSING state
	at org.apache.hadoop.ozone.container.common.impl.HddsDispatcher.validateContainerCommand(HddsDispatcher.java:484) ~[hadoop-hdds-container-service-1.1.0-SNAPSHOT.jar:?]
	at org.apache.hadoop.ozone.container.common.transport.server.ratis.ContainerStateMachine.startTransaction(ContainerStateMachine.java:319) ~[hadoop-hdds-container-service-1.1.0-SNAPSHOT.jar:?]
	at org.apache.ratis.server.impl.RaftServerImpl.submitClientRequestAsync(RaftServerImpl.java:723) ~[ratis-server-1.1.0-913f5a4-SNAPSHOT.jar:1.1.0-913f5a4-SNAPSHOT]
	at org.apache.ratis.server.impl.RaftServerProxy.lambda$submitClientRequestAsync$7(RaftServerProxy.java:364) ~[ratis-server-1.1.0-913f5a4-SNAPSHOT.jar:1.1.0-913f5a4-SNAPSHOT]
	at org.apache.ratis.server.impl.RaftServerProxy.lambda$null$5(RaftServerProxy.java:359) ~[ratis-server-1.1.0-913f5a4-SNAPSHOT.jar:1.1.0-913f5a4-SNAPSHOT]
	at org.apache.ratis.util.JavaUtils.callAsUnchecked(JavaUtils.java:116) ~[ratis-common-1.1.0-913f5a4-SNAPSHOT.jar:1.1.0-913f5a4-SNAPSHOT]
	at org.apache.ratis.server.impl.RaftServerProxy.lambda$submitRequest$6(RaftServerProxy.java:359) ~[ratis-server-1.1.0-913f5a4-SNAPSHOT.jar:1.1.0-913f5a4-SNAPSHOT]
	at java.util.concurrent.CompletableFuture.uniComposeStage(CompletableFuture.java:995) ~[?:1.8.0_232]
	at java.util.concurrent.CompletableFuture.thenCompose(CompletableFuture.java:2137) ~[?:1.8.0_232]
	at org.apache.ratis.server.impl.RaftServerProxy.submitRequest(RaftServerProxy.java:358) ~[ratis-server-1.1.0-913f5a4-SNAPSHOT.jar:1.1.0-913f5a4-SNAPSHOT]
	at org.apache.ratis.server.impl.RaftServerProxy.submitClientRequestAsync(RaftServerProxy.java:364) ~[ratis-server-1.1.0-913f5a4-SNAPSHOT.jar:1.1.0-913f5a4-SNAPSHOT]
	at org.apache.ratis.grpc.client.GrpcClientProtocolService$RequestStreamObserver.processClientRequest(GrpcClientProtocolService.java:231) ~[ratis-grpc-1.1.0-913f5a4-SNAPSHOT.jar:1.1.0-913f5a4-SNAPSHOT]
	at org.apache.ratis.grpc.client.GrpcClientProtocolService$OrderedRequestStreamObserver.processClientRequest(GrpcClientProtocolService.java:337) ~[ratis-grpc-1.1.0-913f5a4-SNAPSHOT.jar:1.1.0-913f5a4-SNAPSHOT]
	at org.apache.ratis.util.SlidingWindow$Server.processRequestsFromHead(SlidingWindow.java:429) [ratis-common-1.1.0-913f5a4-SNAPSHOT.jar:1.1.0-913f5a4-SNAPSHOT]
	at org.apache.ratis.util.SlidingWindow$Server.receivedRequest(SlidingWindow.java:421) [ratis-common-1.1.0-913f5a4-SNAPSHOT.jar:1.1.0-913f5a4-SNAPSHOT]
	at org.apache.ratis.grpc.client.GrpcClientProtocolService$OrderedRequestStreamObserver.processClientRequest(GrpcClientProtocolService.java:361) [ratis-grpc-1.1.0-913f5a4-SNAPSHOT.jar:1.1.0-913f5a4-SNAPSHOT]
	at org.apache.ratis.grpc.client.GrpcClientProtocolService$RequestStreamObserver.onNext(GrpcClientProtocolService.java:251) [ratis-grpc-1.1.0-913f5a4-SNAPSHOT.jar:1.1.0-913f5a4-SNAPSHOT]
	at org.apache.ratis.grpc.client.GrpcClientProtocolService$RequestStreamObserver.onNext(GrpcClientProtocolService.java:174) [ratis-grpc-1.1.0-913f5a4-SNAPSHOT.jar:1.1.0-913f5a4-SNAPSHOT]
	at org.apache.ratis.thirdparty.io.grpc.stub.ServerCalls$StreamingServerCallHandler$StreamingServerCallListener.onMessage(ServerCalls.java:251) [ratis-thirdparty-misc-0.6.0-SNAPSHOT.jar:0.6.0-SNAPSHOT]
	at org.apache.ratis.thirdparty.io.grpc.ForwardingServerCallListener.onMessage(ForwardingServerCallListener.java:33) [ratis-thirdparty-misc-0.6.0-SNAPSHOT.jar:0.6.0-SNAPSHOT]
	at org.apache.ratis.thirdparty.io.grpc.internal.ServerCallImpl$ServerStreamListenerImpl.messagesAvailableInternal(ServerCallImpl.java:309) [ratis-thirdparty-misc-0.6.0-SNAPSHOT.jar:0.6.0-SNAPSHOT]
	at org.apache.ratis.thirdparty.io.grpc.internal.ServerCallImpl$ServerStreamListenerImpl.messagesAvailable(ServerCallImpl.java:292) [ratis-thirdparty-misc-0.6.0-SNAPSHOT.jar:0.6.0-SNAPSHOT]
	at org.apache.ratis.thirdparty.io.grpc.internal.ServerImpl$JumpToApplicationThreadServerStreamListener$1MessagesAvailable.runInContext(ServerImpl.java:783) [ratis-thirdparty-misc-0.6.0-SNAPSHOT.jar:0.6.0-SNAPSHOT]
	at org.apache.ratis.thirdparty.io.grpc.internal.ContextRunnable.run(ContextRunnable.java:37) [ratis-thirdparty-misc-0.6.0-SNAPSHOT.jar:0.6.0-SNAPSHOT]
	at org.apache.ratis.thirdparty.io.grpc.internal.SerializingExecutor.run(SerializingExecutor.java:123) [ratis-thirdparty-misc-0.6.0-SNAPSHOT.jar:0.6.0-SNAPSHOT]
	at java.util.concurrent.ThreadPoolExecutor.runWorker(ThreadPoolExecutor.java:1149) [?:1.8.0_232]
	at java.util.concurrent.ThreadPoolExecutor$Worker.run(ThreadPoolExecutor.java:624) [?:1.8.0_232]
	at java.lang.Thread.run(Thread.java:748) [?:1.8.0_232]
2020-12-04 06:02:57,357 [grpc-default-executor-8] ERROR storage.BlockOutputStream (BlockOutputStream.java:lambda$writeChunkToContainer$3(677)) - writing chunk failed 105320399425699853_chunk_7 blockID conID: 1 locID: 105320399425699853 bcsId: 9 with exception org.apache.ratis.protocol.exceptions.StateMachineException: org.apache.hadoop.hdds.scm.container.common.helpers.ContainerNotOpenException from Server a43a40a6-1ac9-4df3-821c-5cd06fa3b4e5@group-A6CD88BF67F2: Container 1 in CLOSING state
06:02:57.359 [grpc-default-executor-3] ERROR DNAudit - user=null | ip=null | op=WRITE_CHUNK {blockData=conID: 1 locID: 105320399425699853 bcsId: 9} | ret=FAILURE
org.apache.hadoop.hdds.scm.container.common.helpers.ContainerNotOpenException: Container 1 in CLOSING state
	at org.apache.hadoop.ozone.container.common.impl.HddsDispatcher.validateContainerCommand(HddsDispatcher.java:484) ~[hadoop-hdds-container-service-1.1.0-SNAPSHOT.jar:?]
	at org.apache.hadoop.ozone.container.common.transport.server.ratis.ContainerStateMachine.startTransaction(ContainerStateMachine.java:319) ~[hadoop-hdds-container-service-1.1.0-SNAPSHOT.jar:?]
	at org.apache.ratis.server.impl.RaftServerImpl.submitClientRequestAsync(RaftServerImpl.java:723) ~[ratis-server-1.1.0-913f5a4-SNAPSHOT.jar:1.1.0-913f5a4-SNAPSHOT]
	at org.apache.ratis.server.impl.RaftServerProxy.lambda$submitClientRequestAsync$7(RaftServerProxy.java:364) ~[ratis-server-1.1.0-913f5a4-SNAPSHOT.jar:1.1.0-913f5a4-SNAPSHOT]
	at org.apache.ratis.server.impl.RaftServerProxy.lambda$null$5(RaftServerProxy.java:359) ~[ratis-server-1.1.0-913f5a4-SNAPSHOT.jar:1.1.0-913f5a4-SNAPSHOT]
	at org.apache.ratis.util.JavaUtils.callAsUnchecked(JavaUtils.java:116) ~[ratis-common-1.1.0-913f5a4-SNAPSHOT.jar:1.1.0-913f5a4-SNAPSHOT]
	at org.apache.ratis.server.impl.RaftServerProxy.lambda$submitRequest$6(RaftServerProxy.java:359) ~[ratis-server-1.1.0-913f5a4-SNAPSHOT.jar:1.1.0-913f5a4-SNAPSHOT]
	at java.util.concurrent.CompletableFuture.uniComposeStage(CompletableFuture.java:995) ~[?:1.8.0_232]
	at java.util.concurrent.CompletableFuture.thenCompose(CompletableFuture.java:2137) ~[?:1.8.0_232]
	at org.apache.ratis.server.impl.RaftServerProxy.submitRequest(RaftServerProxy.java:358) ~[ratis-server-1.1.0-913f5a4-SNAPSHOT.jar:1.1.0-913f5a4-SNAPSHOT]
	at org.apache.ratis.server.impl.RaftServerProxy.submitClientRequestAsync(RaftServerProxy.java:364) ~[ratis-server-1.1.0-913f5a4-SNAPSHOT.jar:1.1.0-913f5a4-SNAPSHOT]
	at org.apache.ratis.grpc.client.GrpcClientProtocolService$RequestStreamObserver.processClientRequest(GrpcClientProtocolService.java:231) ~[ratis-grpc-1.1.0-913f5a4-SNAPSHOT.jar:1.1.0-913f5a4-SNAPSHOT]
	at org.apache.ratis.grpc.client.GrpcClientProtocolService$OrderedRequestStreamObserver.processClientRequest(GrpcClientProtocolService.java:337) ~[ratis-grpc-1.1.0-913f5a4-SNAPSHOT.jar:1.1.0-913f5a4-SNAPSHOT]
	at org.apache.ratis.util.SlidingWindow$Server.processRequestsFromHead(SlidingWindow.java:429) [ratis-common-1.1.0-913f5a4-SNAPSHOT.jar:1.1.0-913f5a4-SNAPSHOT]
	at org.apache.ratis.util.SlidingWindow$Server.receivedRequest(SlidingWindow.java:421) [ratis-common-1.1.0-913f5a4-SNAPSHOT.jar:1.1.0-913f5a4-SNAPSHOT]
	at org.apache.ratis.grpc.client.GrpcClientProtocolService$OrderedRequestStreamObserver.processClientRequest(GrpcClientProtocolService.java:361) [ratis-grpc-1.1.0-913f5a4-SNAPSHOT.jar:1.1.0-913f5a4-SNAPSHOT]
	at org.apache.ratis.grpc.client.GrpcClientProtocolService$RequestStreamObserver.onNext(GrpcClientProtocolService.java:251) [ratis-grpc-1.1.0-913f5a4-SNAPSHOT.jar:1.1.0-913f5a4-SNAPSHOT]
	at org.apache.ratis.grpc.client.GrpcClientProtocolService$RequestStreamObserver.onNext(GrpcClientProtocolService.java:174) [ratis-grpc-1.1.0-913f5a4-SNAPSHOT.jar:1.1.0-913f5a4-SNAPSHOT]
	at org.apache.ratis.thirdparty.io.grpc.stub.ServerCalls$StreamingServerCallHandler$StreamingServerCallListener.onMessage(ServerCalls.java:251) [ratis-thirdparty-misc-0.6.0-SNAPSHOT.jar:0.6.0-SNAPSHOT]
	at org.apache.ratis.thirdparty.io.grpc.ForwardingServerCallListener.onMessage(ForwardingServerCallListener.java:33) [ratis-thirdparty-misc-0.6.0-SNAPSHOT.jar:0.6.0-SNAPSHOT]
	at org.apache.ratis.thirdparty.io.grpc.internal.ServerCallImpl$ServerStreamListenerImpl.messagesAvailableInternal(ServerCallImpl.java:309) [ratis-thirdparty-misc-0.6.0-SNAPSHOT.jar:0.6.0-SNAPSHOT]
	at org.apache.ratis.thirdparty.io.grpc.internal.ServerCallImpl$ServerStreamListenerImpl.messagesAvailable(ServerCallImpl.java:292) [ratis-thirdparty-misc-0.6.0-SNAPSHOT.jar:0.6.0-SNAPSHOT]
	at org.apache.ratis.thirdparty.io.grpc.internal.ServerImpl$JumpToApplicationThreadServerStreamListener$1MessagesAvailable.runInContext(ServerImpl.java:783) [ratis-thirdparty-misc-0.6.0-SNAPSHOT.jar:0.6.0-SNAPSHOT]
	at org.apache.ratis.thirdparty.io.grpc.internal.ContextRunnable.run(ContextRunnable.java:37) [ratis-thirdparty-misc-0.6.0-SNAPSHOT.jar:0.6.0-SNAPSHOT]
	at org.apache.ratis.thirdparty.io.grpc.internal.SerializingExecutor.run(SerializingExecutor.java:123) [ratis-thirdparty-misc-0.6.0-SNAPSHOT.jar:0.6.0-SNAPSHOT]
	at java.util.concurrent.ThreadPoolExecutor.runWorker(ThreadPoolExecutor.java:1149) [?:1.8.0_232]
	at java.util.concurrent.ThreadPoolExecutor$Worker.run(ThreadPoolExecutor.java:624) [?:1.8.0_232]
	at java.lang.Thread.run(Thread.java:748) [?:1.8.0_232]
2020-12-04 06:02:57,370 [org.apache.ratis.server.JvmPauseMonitor@9846422-Monitor] WARN  server.JvmPauseMonitor (JvmPauseMonitor.java:run(141)) - Detected pause in JVM or host machine (eg GC): pause of approximately 4ms
No GCs detected
2020-12-04 06:02:57,376 [grpc-default-executor-8] ERROR storage.BlockOutputStream (BlockOutputStream.java:lambda$writeChunkToContainer$3(677)) - writing chunk failed 105320399425699853_chunk_8 blockID conID: 1 locID: 105320399425699853 bcsId: 9 with exception org.apache.ratis.protocol.exceptions.StateMachineException: org.apache.hadoop.hdds.scm.container.common.helpers.ContainerNotOpenException from Server a43a40a6-1ac9-4df3-821c-5cd06fa3b4e5@group-A6CD88BF67F2: Container 1 in CLOSING state
2020-12-04 06:02:57,382 [grpc-default-executor-8] ERROR storage.BlockOutputStream (BlockOutputStream.java:lambda$writeChunkToContainer$3(677)) - writing chunk failed 105320399425699853_chunk_9 blockID conID: 1 locID: 105320399425699853 bcsId: 9 with exception org.apache.ratis.protocol.exceptions.StateMachineException: org.apache.hadoop.hdds.scm.container.common.helpers.ContainerNotOpenException from Server a43a40a6-1ac9-4df3-821c-5cd06fa3b4e5@group-A6CD88BF67F2: Container 1 in CLOSING state
06:02:57.382 [grpc-default-executor-3] ERROR DNAudit - user=null | ip=null | op=PUT_BLOCK {blockData=[blockId=conID: 1 locID: 105320399425699853 bcsId: 0,size=800]} | ret=FAILURE
org.apache.hadoop.hdds.scm.container.common.helpers.ContainerNotOpenException: Container 1 in CLOSING state
	at org.apache.hadoop.ozone.container.common.impl.HddsDispatcher.validateContainerCommand(HddsDispatcher.java:484) ~[hadoop-hdds-container-service-1.1.0-SNAPSHOT.jar:?]
	at org.apache.hadoop.ozone.container.common.transport.server.ratis.ContainerStateMachine.startTransaction(ContainerStateMachine.java:319) ~[hadoop-hdds-container-service-1.1.0-SNAPSHOT.jar:?]
	at org.apache.ratis.server.impl.RaftServerImpl.submitClientRequestAsync(RaftServerImpl.java:723) ~[ratis-server-1.1.0-913f5a4-SNAPSHOT.jar:1.1.0-913f5a4-SNAPSHOT]
	at org.apache.ratis.server.impl.RaftServerProxy.lambda$submitClientRequestAsync$7(RaftServerProxy.java:364) ~[ratis-server-1.1.0-913f5a4-SNAPSHOT.jar:1.1.0-913f5a4-SNAPSHOT]
	at org.apache.ratis.server.impl.RaftServerProxy.lambda$null$5(RaftServerProxy.java:359) ~[ratis-server-1.1.0-913f5a4-SNAPSHOT.jar:1.1.0-913f5a4-SNAPSHOT]
	at org.apache.ratis.util.JavaUtils.callAsUnchecked(JavaUtils.java:116) ~[ratis-common-1.1.0-913f5a4-SNAPSHOT.jar:1.1.0-913f5a4-SNAPSHOT]
	at org.apache.ratis.server.impl.RaftServerProxy.lambda$submitRequest$6(RaftServerProxy.java:359) ~[ratis-server-1.1.0-913f5a4-SNAPSHOT.jar:1.1.0-913f5a4-SNAPSHOT]
	at java.util.concurrent.CompletableFuture.uniComposeStage(CompletableFuture.java:995) ~[?:1.8.0_232]
	at java.util.concurrent.CompletableFuture.thenCompose(CompletableFuture.java:2137) ~[?:1.8.0_232]
	at org.apache.ratis.server.impl.RaftServerProxy.submitRequest(RaftServerProxy.java:358) ~[ratis-server-1.1.0-913f5a4-SNAPSHOT.jar:1.1.0-913f5a4-SNAPSHOT]
	at org.apache.ratis.server.impl.RaftServerProxy.submitClientRequestAsync(RaftServerProxy.java:364) ~[ratis-server-1.1.0-913f5a4-SNAPSHOT.jar:1.1.0-913f5a4-SNAPSHOT]
	at org.apache.ratis.grpc.client.GrpcClientProtocolService$RequestStreamObserver.processClientRequest(GrpcClientProtocolService.java:231) ~[ratis-grpc-1.1.0-913f5a4-SNAPSHOT.jar:1.1.0-913f5a4-SNAPSHOT]
	at org.apache.ratis.grpc.client.GrpcClientProtocolService$OrderedRequestStreamObserver.processClientRequest(GrpcClientProtocolService.java:337) ~[ratis-grpc-1.1.0-913f5a4-SNAPSHOT.jar:1.1.0-913f5a4-SNAPSHOT]
	at org.apache.ratis.util.SlidingWindow$Server.processRequestsFromHead(SlidingWindow.java:429) [ratis-common-1.1.0-913f5a4-SNAPSHOT.jar:1.1.0-913f5a4-SNAPSHOT]
	at org.apache.ratis.util.SlidingWindow$Server.receivedRequest(SlidingWindow.java:421) [ratis-common-1.1.0-913f5a4-SNAPSHOT.jar:1.1.0-913f5a4-SNAPSHOT]
	at org.apache.ratis.grpc.client.GrpcClientProtocolService$OrderedRequestStreamObserver.processClientRequest(GrpcClientProtocolService.java:361) [ratis-grpc-1.1.0-913f5a4-SNAPSHOT.jar:1.1.0-913f5a4-SNAPSHOT]
	at org.apache.ratis.grpc.client.GrpcClientProtocolService$RequestStreamObserver.onNext(GrpcClientProtocolService.java:251) [ratis-grpc-1.1.0-913f5a4-SNAPSHOT.jar:1.1.0-913f5a4-SNAPSHOT]
	at org.apache.ratis.grpc.client.GrpcClientProtocolService$RequestStreamObserver.onNext(GrpcClientProtocolService.java:174) [ratis-grpc-1.1.0-913f5a4-SNAPSHOT.jar:1.1.0-913f5a4-SNAPSHOT]
	at org.apache.ratis.thirdparty.io.grpc.stub.ServerCalls$StreamingServerCallHandler$StreamingServerCallListener.onMessage(ServerCalls.java:251) [ratis-thirdparty-misc-0.6.0-SNAPSHOT.jar:0.6.0-SNAPSHOT]
	at org.apache.ratis.thirdparty.io.grpc.ForwardingServerCallListener.onMessage(ForwardingServerCallListener.java:33) [ratis-thirdparty-misc-0.6.0-SNAPSHOT.jar:0.6.0-SNAPSHOT]
	at org.apache.ratis.thirdparty.io.grpc.internal.ServerCallImpl$ServerStreamListenerImpl.messagesAvailableInternal(ServerCallImpl.java:309) [ratis-thirdparty-misc-0.6.0-SNAPSHOT.jar:0.6.0-SNAPSHOT]
	at org.apache.ratis.thirdparty.io.grpc.internal.ServerCallImpl$ServerStreamListenerImpl.messagesAvailable(ServerCallImpl.java:292) [ratis-thirdparty-misc-0.6.0-SNAPSHOT.jar:0.6.0-SNAPSHOT]
	at org.apache.ratis.thirdparty.io.grpc.internal.ServerImpl$JumpToApplicationThreadServerStreamListener$1MessagesAvailable.runInContext(ServerImpl.java:783) [ratis-thirdparty-misc-0.6.0-SNAPSHOT.jar:0.6.0-SNAPSHOT]
	at org.apache.ratis.thirdparty.io.grpc.internal.ContextRunnable.run(ContextRunnable.java:37) [ratis-thirdparty-misc-0.6.0-SNAPSHOT.jar:0.6.0-SNAPSHOT]
	at org.apache.ratis.thirdparty.io.grpc.internal.SerializingExecutor.run(SerializingExecutor.java:123) [ratis-thirdparty-misc-0.6.0-SNAPSHOT.jar:0.6.0-SNAPSHOT]
	at java.util.concurrent.ThreadPoolExecutor.runWorker(ThreadPoolExecutor.java:1149) [?:1.8.0_232]
	at java.util.concurrent.ThreadPoolExecutor$Worker.run(ThreadPoolExecutor.java:624) [?:1.8.0_232]
	at java.lang.Thread.run(Thread.java:748) [?:1.8.0_232]
2020-12-04 06:02:57,394 [Listener at 127.0.0.1/45059] INFO  io.BlockOutputStreamEntryPool (BlockOutputStreamEntryPool.java:allocateNewBlock(241)) - Allocating block with ExcludeList {datanodes = [], containerIds = [#1], pipelineIds = []}
2020-12-04 06:02:57,416 [Listener at 127.0.0.1/45059] INFO  metrics.RatisMetrics (RatisMetrics.java:lambda$create$0(36)) - Creating Metrics Registry : ratis.client_message_metrics.client-E025F86BC446->54498115-28c1-4381-b59e-fdf207a0d628
2020-12-04 06:02:57,585 [Listener at 127.0.0.1/45059] INFO  ozone.MiniOzoneClusterImpl (MiniOzoneClusterImpl.java:shutdown(388)) - Shutting down the Mini Ozone Cluster
2020-12-04 06:02:57,586 [Listener at 127.0.0.1/45059] INFO  ozone.MiniOzoneClusterImpl (MiniOzoneClusterImpl.java:stop(403)) - Stopping the Mini Ozone Cluster
2020-12-04 06:02:57,586 [Listener at 127.0.0.1/45059] INFO  ozone.MiniOzoneClusterImpl (MiniOzoneClusterImpl.java:stopOM(485)) - Stopping the OzoneManager
2020-12-04 06:02:57,586 [Listener at 127.0.0.1/45059] INFO  ipc.Server (Server.java:stop(3359)) - Stopping server on 45059
2020-12-04 06:02:57,591 [IPC Server listener on 0] INFO  ipc.Server (Server.java:run(1330)) - Stopping IPC Server listener on 0
2020-12-04 06:02:57,592 [IPC Server Responder] INFO  ipc.Server (Server.java:run(1465)) - Stopping IPC Server Responder
2020-12-04 06:02:57,592 [Listener at 127.0.0.1/45059] INFO  ratis.OzoneManagerDoubleBuffer (OzoneManagerDoubleBuffer.java:stop(457)) - Stopping OMDoubleBuffer flush thread
2020-12-04 06:02:57,592 [OMDoubleBufferFlushThread] INFO  ratis.OzoneManagerDoubleBuffer (OzoneManagerDoubleBuffer.java:flushTransactions(356)) - OMDoubleBuffer flush thread OMDoubleBufferFlushThread is interrupted and will exit. OMDoubleBufferFlushThread
2020-12-04 06:02:57,599 [Listener at 127.0.0.1/45059] INFO  utils.BackgroundService (BackgroundService.java:shutdown(132)) - Shutting down service KeyDeletingService
2020-12-04 06:02:57,600 [Listener at 127.0.0.1/45059] INFO  handler.ContextHandler (ContextHandler.java:doStop(1154)) - Stopped o.e.j.w.WebAppContext@376bbf52{ozoneManager,/,null,STOPPED}{file:/github/workspace/mnt/ozone/hadoop-ozone/integration-test/target/test-classes/webapps/ozoneManager}
2020-12-04 06:02:57,600 [Listener at 127.0.0.1/45059] INFO  server.AbstractConnector (AbstractConnector.java:doStop(381)) - Stopped ServerConnector@2a2b3cf0{HTTP/1.1, (http/1.1)}{0.0.0.0:0}
2020-12-04 06:02:57,600 [Listener at 127.0.0.1/45059] INFO  server.session (HouseKeeper.java:stopScavenging(149)) - node0 Stopped scavenging
2020-12-04 06:02:57,601 [Listener at 127.0.0.1/45059] INFO  handler.ContextHandler (ContextHandler.java:doStop(1154)) - Stopped o.e.j.s.ServletContextHandler@3bf41b0f{static,/static,file:///github/workspace/mnt/ozone/hadoop-ozone/integration-test/target/test-classes/webapps/static,STOPPED}
2020-12-04 06:02:57,601 [Listener at 127.0.0.1/45059] INFO  handler.ContextHandler (ContextHandler.java:doStop(1154)) - Stopped o.e.j.s.ServletContextHandler@4c4b10fa{logs,/logs,file:///github/workspace/mnt/ozone/hadoop-ozone/integration-test/target/log,STOPPED}
2020-12-04 06:02:57,603 [Listener at 127.0.0.1/45059] INFO  ozone.MiniOzoneClusterImpl (MiniOzoneClusterImpl.java:stopDatanodes(462)) - Stopping the HddsDatanodes
2020-12-04 06:02:57,972 [Datanode State Machine Thread - 0] INFO  statemachine.DatanodeStateMachine (DatanodeStateMachine.java:lambda$startDaemon$0(408)) - Ozone container server started.
2020-12-04 06:02:58,478 [Datanode State Machine Thread - 0] INFO  statemachine.DatanodeStateMachine (DatanodeStateMachine.java:lambda$startDaemon$0(408)) - Ozone container server started.
2020-12-04 06:02:58,954 [grpc-default-executor-1] WARN  server.GrpcLogAppender (LogUtils.java:warn(122)) - 5e885a77-8b3e-4dc5-b522-5cb06ff98b04@group-FDFAA90BAE53->025f93f1-dfc8-4208-80d2-20f4a1ba9bf1-AppendLogResponseHandler: Failed appendEntries: org.apache.ratis.thirdparty.io.grpc.StatusRuntimeException: UNAVAILABLE: io exception
2020-12-04 06:02:58,955 [grpc-default-executor-1] WARN  server.GrpcLogAppender (GrpcLogAppender.java:resetClient(107)) - 5e885a77-8b3e-4dc5-b522-5cb06ff98b04@group-FDFAA90BAE53->025f93f1-dfc8-4208-80d2-20f4a1ba9bf1-GrpcLogAppender: Leader has not got in touch with Follower 5e885a77-8b3e-4dc5-b522-5cb06ff98b04@group-FDFAA90BAE53->025f93f1-dfc8-4208-80d2-20f4a1ba9bf1(c0,m0,n1, attendVote=true, lastRpcSendTime=0, lastRpcResponseTime=15005) yet, just keep nextIndex unchanged and retry.
2020-12-04 06:02:59,001 [grpc-default-executor-1] WARN  server.GrpcLogAppender (LogUtils.java:warn(122)) - a43a40a6-1ac9-4df3-821c-5cd06fa3b4e5@group-A6CD88BF67F2->025f93f1-dfc8-4208-80d2-20f4a1ba9bf1-AppendLogResponseHandler: Failed appendEntries: org.apache.ratis.thirdparty.io.grpc.StatusRuntimeException: UNAVAILABLE: io exception
2020-12-04 06:02:59,001 [grpc-default-executor-1] WARN  server.GrpcLogAppender (GrpcLogAppender.java:resetClient(107)) - a43a40a6-1ac9-4df3-821c-5cd06fa3b4e5@group-A6CD88BF67F2->025f93f1-dfc8-4208-80d2-20f4a1ba9bf1-GrpcLogAppender: Leader has not got in touch with Follower a43a40a6-1ac9-4df3-821c-5cd06fa3b4e5@group-A6CD88BF67F2->025f93f1-dfc8-4208-80d2-20f4a1ba9bf1(c-1,m0,n14, attendVote=true, lastRpcSendTime=0, lastRpcResponseTime=10227) yet, just keep nextIndex unchanged and retry.
2020-12-04 06:02:59,025 [EventQueue-DeadNodeForDeadNodeHandler] INFO  node.DeadNodeHandler (DeadNodeHandler.java:onMessage(77)) - A dead datanode is detected. 025f93f1-dfc8-4208-80d2-20f4a1ba9bf1{ip: 172.17.0.2, host: 63638dc2095a, networkLocation: /default-rack, certSerialId: null, persistedOpState: IN_SERVICE, persistedOpStateExpiryEpochSec: 0}
2020-12-04 06:02:59,025 [EventQueue-DeadNodeForDeadNodeHandler] INFO  pipeline.SCMPipelineManager (SCMPipelineManager.java:finalizeAndDestroyPipeline(482)) - Destroying pipeline:Pipeline[ Id: 0913c338-1fb1-4172-a8a9-a6cd88bf67f2, Nodes: 025f93f1-dfc8-4208-80d2-20f4a1ba9bf1{ip: 172.17.0.2, host: 63638dc2095a, networkLocation: /default-rack, certSerialId: null, persistedOpState: IN_SERVICE, persistedOpStateExpiryEpochSec: 0}5e885a77-8b3e-4dc5-b522-5cb06ff98b04{ip: 172.17.0.2, host: 63638dc2095a, networkLocation: /default-rack, certSerialId: null, persistedOpState: IN_SERVICE, persistedOpStateExpiryEpochSec: 0}a43a40a6-1ac9-4df3-821c-5cd06fa3b4e5{ip: 172.17.0.2, host: 63638dc2095a, networkLocation: /default-rack, certSerialId: null, persistedOpState: IN_SERVICE, persistedOpStateExpiryEpochSec: 0}, Type:RATIS, Factor:THREE, State:CLOSED, leaderId:a43a40a6-1ac9-4df3-821c-5cd06fa3b4e5, CreationTimestamp2020-12-04T06:02:30.939Z]
2020-12-04 06:02:59,026 [EventQueue-DeadNodeForDeadNodeHandler] INFO  pipeline.RatisPipelineProvider (RatisPipelineProvider.java:lambda$close$1(199)) - Send pipeline:PipelineID=0913c338-1fb1-4172-a8a9-a6cd88bf67f2 close command to datanode 025f93f1-dfc8-4208-80d2-20f4a1ba9bf1
2020-12-04 06:02:59,026 [EventQueue-DeadNodeForDeadNodeHandler] INFO  pipeline.RatisPipelineProvider (RatisPipelineProvider.java:lambda$close$1(199)) - Send pipeline:PipelineID=0913c338-1fb1-4172-a8a9-a6cd88bf67f2 close command to datanode 5e885a77-8b3e-4dc5-b522-5cb06ff98b04
2020-12-04 06:02:59,026 [EventQueue-DeadNodeForDeadNodeHandler] INFO  pipeline.RatisPipelineProvider (RatisPipelineProvider.java:lambda$close$1(199)) - Send pipeline:PipelineID=0913c338-1fb1-4172-a8a9-a6cd88bf67f2 close command to datanode a43a40a6-1ac9-4df3-821c-5cd06fa3b4e5
2020-12-04 06:02:59,026 [EventQueue-DeadNodeForDeadNodeHandler] INFO  pipeline.PipelineStateManager (PipelineStateManager.java:removePipeline(106)) - Pipeline Pipeline[ Id: 0913c338-1fb1-4172-a8a9-a6cd88bf67f2, Nodes: 025f93f1-dfc8-4208-80d2-20f4a1ba9bf1{ip: 172.17.0.2, host: 63638dc2095a, networkLocation: /default-rack, certSerialId: null, persistedOpState: IN_SERVICE, persistedOpStateExpiryEpochSec: 0}5e885a77-8b3e-4dc5-b522-5cb06ff98b04{ip: 172.17.0.2, host: 63638dc2095a, networkLocation: /default-rack, certSerialId: null, persistedOpState: IN_SERVICE, persistedOpStateExpiryEpochSec: 0}a43a40a6-1ac9-4df3-821c-5cd06fa3b4e5{ip: 172.17.0.2, host: 63638dc2095a, networkLocation: /default-rack, certSerialId: null, persistedOpState: IN_SERVICE, persistedOpStateExpiryEpochSec: 0}, Type:RATIS, Factor:THREE, State:CLOSED, leaderId:a43a40a6-1ac9-4df3-821c-5cd06fa3b4e5, CreationTimestamp2020-12-04T06:02:30.939Z] removed from db
2020-12-04 06:02:59,027 [EventQueue-DeadNodeForDeadNodeHandler] INFO  pipeline.SCMPipelineManager (SCMPipelineManager.java:finalizeAndDestroyPipeline(482)) - Destroying pipeline:Pipeline[ Id: 0ca965aa-e89c-4b81-9d0b-fdfaa90bae53, Nodes: 025f93f1-dfc8-4208-80d2-20f4a1ba9bf1{ip: 172.17.0.2, host: 63638dc2095a, networkLocation: /default-rack, certSerialId: null, persistedOpState: IN_SERVICE, persistedOpStateExpiryEpochSec: 0}5e885a77-8b3e-4dc5-b522-5cb06ff98b04{ip: 172.17.0.2, host: 63638dc2095a, networkLocation: /default-rack, certSerialId: null, persistedOpState: IN_SERVICE, persistedOpStateExpiryEpochSec: 0}a43a40a6-1ac9-4df3-821c-5cd06fa3b4e5{ip: 172.17.0.2, host: 63638dc2095a, networkLocation: /default-rack, certSerialId: null, persistedOpState: IN_SERVICE, persistedOpStateExpiryEpochSec: 0}, Type:RATIS, Factor:THREE, State:CLOSED, leaderId:5e885a77-8b3e-4dc5-b522-5cb06ff98b04, CreationTimestamp2020-12-04T06:02:30.937Z]
2020-12-04 06:02:59,027 [EventQueue-DeadNodeForDeadNodeHandler] INFO  pipeline.RatisPipelineProvider (RatisPipelineProvider.java:lambda$close$1(199)) - Send pipeline:PipelineID=0ca965aa-e89c-4b81-9d0b-fdfaa90bae53 close command to datanode 025f93f1-dfc8-4208-80d2-20f4a1ba9bf1
2020-12-04 06:02:59,027 [EventQueue-DeadNodeForDeadNodeHandler] INFO  pipeline.RatisPipelineProvider (RatisPipelineProvider.java:lambda$close$1(199)) - Send pipeline:PipelineID=0ca965aa-e89c-4b81-9d0b-fdfaa90bae53 close command to datanode 5e885a77-8b3e-4dc5-b522-5cb06ff98b04
2020-12-04 06:02:59,028 [EventQueue-DeadNodeForDeadNodeHandler] INFO  pipeline.RatisPipelineProvider (RatisPipelineProvider.java:lambda$close$1(199)) - Send pipeline:PipelineID=0ca965aa-e89c-4b81-9d0b-fdfaa90bae53 close command to datanode a43a40a6-1ac9-4df3-821c-5cd06fa3b4e5
2020-12-04 06:02:59,028 [RatisPipelineUtilsThread] INFO  pipeline.RatisPipelineProvider (RatisPipelineProvider.java:lambda$create$0(161)) - Sending CreatePipelineCommand for pipeline:PipelineID=3c8fabcf-1241-4db2-af7b-3007c9d98bf3 to datanode:5e97bab7-f049-4685-a9ad-e9f5ff9fc7c1
2020-12-04 06:02:59,028 [RatisPipelineUtilsThread] INFO  pipeline.RatisPipelineProvider (RatisPipelineProvider.java:lambda$create$0(161)) - Sending CreatePipelineCommand for pipeline:PipelineID=3c8fabcf-1241-4db2-af7b-3007c9d98bf3 to datanode:5e885a77-8b3e-4dc5-b522-5cb06ff98b04
2020-12-04 06:02:59,028 [RatisPipelineUtilsThread] INFO  pipeline.RatisPipelineProvider (RatisPipelineProvider.java:lambda$create$0(161)) - Sending CreatePipelineCommand for pipeline:PipelineID=3c8fabcf-1241-4db2-af7b-3007c9d98bf3 to datanode:a43a40a6-1ac9-4df3-821c-5cd06fa3b4e5
2020-12-04 06:02:59,028 [RatisPipelineUtilsThread] INFO  pipeline.PipelineStateManager (PipelineStateManager.java:addPipeline(54)) - Created pipeline Pipeline[ Id: 3c8fabcf-1241-4db2-af7b-3007c9d98bf3, Nodes: 5e97bab7-f049-4685-a9ad-e9f5ff9fc7c1{ip: 172.17.0.2, host: 63638dc2095a, networkLocation: /default-rack, certSerialId: null, persistedOpState: IN_SERVICE, persistedOpStateExpiryEpochSec: 0}5e885a77-8b3e-4dc5-b522-5cb06ff98b04{ip: 172.17.0.2, host: 63638dc2095a, networkLocation: /default-rack, certSerialId: null, persistedOpState: IN_SERVICE, persistedOpStateExpiryEpochSec: 0}a43a40a6-1ac9-4df3-821c-5cd06fa3b4e5{ip: 172.17.0.2, host: 63638dc2095a, networkLocation: /default-rack, certSerialId: null, persistedOpState: IN_SERVICE, persistedOpStateExpiryEpochSec: 0}, Type:RATIS, Factor:THREE, State:ALLOCATED, leaderId:, CreationTimestamp2020-12-04T06:02:59.028Z]
2020-12-04 06:02:59,029 [RatisPipelineUtilsThread] INFO  pipeline.RatisPipelineProvider (RatisPipelineProvider.java:lambda$create$0(161)) - Sending CreatePipelineCommand for pipeline:PipelineID=d290a255-ec77-401c-905e-377e345dd21c to datanode:5e97bab7-f049-4685-a9ad-e9f5ff9fc7c1
2020-12-04 06:02:59,029 [RatisPipelineUtilsThread] INFO  pipeline.RatisPipelineProvider (RatisPipelineProvider.java:lambda$create$0(161)) - Sending CreatePipelineCommand for pipeline:PipelineID=d290a255-ec77-401c-905e-377e345dd21c to datanode:5e885a77-8b3e-4dc5-b522-5cb06ff98b04
2020-12-04 06:02:59,029 [RatisPipelineUtilsThread] INFO  pipeline.RatisPipelineProvider (RatisPipelineProvider.java:lambda$create$0(161)) - Sending CreatePipelineCommand for pipeline:PipelineID=d290a255-ec77-401c-905e-377e345dd21c to datanode:a43a40a6-1ac9-4df3-821c-5cd06fa3b4e5
2020-12-04 06:02:59,029 [RatisPipelineUtilsThread] INFO  pipeline.PipelineStateManager (PipelineStateManager.java:addPipeline(54)) - Created pipeline Pipeline[ Id: d290a255-ec77-401c-905e-377e345dd21c, Nodes: 5e97bab7-f049-4685-a9ad-e9f5ff9fc7c1{ip: 172.17.0.2, host: 63638dc2095a, networkLocation: /default-rack, certSerialId: null, persistedOpState: IN_SERVICE, persistedOpStateExpiryEpochSec: 0}5e885a77-8b3e-4dc5-b522-5cb06ff98b04{ip: 172.17.0.2, host: 63638dc2095a, networkLocation: /default-rack, certSerialId: null, persistedOpState: IN_SERVICE, persistedOpStateExpiryEpochSec: 0}a43a40a6-1ac9-4df3-821c-5cd06fa3b4e5{ip: 172.17.0.2, host: 63638dc2095a, networkLocation: /default-rack, certSerialId: null, persistedOpState: IN_SERVICE, persistedOpStateExpiryEpochSec: 0}, Type:RATIS, Factor:THREE, State:ALLOCATED, leaderId:, CreationTimestamp2020-12-04T06:02:59.029Z]
2020-12-04 06:02:59,029 [RatisPipelineUtilsThread] INFO  pipeline.SCMPipelineManager (SCMPipelineManager.java:recordMetricsForPipeline(243)) - Pipeline: PipelineID=d290a255-ec77-401c-905e-377e345dd21c contains same datanodes as previous pipelines: PipelineID=3c8fabcf-1241-4db2-af7b-3007c9d98bf3 nodeIds: 5e97bab7-f049-4685-a9ad-e9f5ff9fc7c1, 5e885a77-8b3e-4dc5-b522-5cb06ff98b04, a43a40a6-1ac9-4df3-821c-5cd06fa3b4e5
2020-12-04 06:02:59,030 [EventQueue-DeadNodeForDeadNodeHandler] INFO  pipeline.PipelineStateManager (PipelineStateManager.java:removePipeline(106)) - Pipeline Pipeline[ Id: 0ca965aa-e89c-4b81-9d0b-fdfaa90bae53, Nodes: 025f93f1-dfc8-4208-80d2-20f4a1ba9bf1{ip: 172.17.0.2, host: 63638dc2095a, networkLocation: /default-rack, certSerialId: null, persistedOpState: IN_SERVICE, persistedOpStateExpiryEpochSec: 0}5e885a77-8b3e-4dc5-b522-5cb06ff98b04{ip: 172.17.0.2, host: 63638dc2095a, networkLocation: /default-rack, certSerialId: null, persistedOpState: IN_SERVICE, persistedOpStateExpiryEpochSec: 0}a43a40a6-1ac9-4df3-821c-5cd06fa3b4e5{ip: 172.17.0.2, host: 63638dc2095a, networkLocation: /default-rack, certSerialId: null, persistedOpState: IN_SERVICE, persistedOpStateExpiryEpochSec: 0}, Type:RATIS, Factor:THREE, State:CLOSED, leaderId:5e885a77-8b3e-4dc5-b522-5cb06ff98b04, CreationTimestamp2020-12-04T06:02:30.937Z] removed from db
2020-12-04 06:02:59,030 [EventQueue-DeadNodeForDeadNodeHandler] INFO  pipeline.SCMPipelineManager (SCMPipelineManager.java:finalizeAndDestroyPipeline(482)) - Destroying pipeline:Pipeline[ Id: 69418aa5-1005-40d3-a5f6-e20f62f7d794, Nodes: 025f93f1-dfc8-4208-80d2-20f4a1ba9bf1{ip: 172.17.0.2, host: 63638dc2095a, networkLocation: /default-rack, certSerialId: null, persistedOpState: IN_SERVICE, persistedOpStateExpiryEpochSec: 0}, Type:RATIS, Factor:ONE, State:CLOSED, leaderId:025f93f1-dfc8-4208-80d2-20f4a1ba9bf1, CreationTimestamp2020-12-04T06:02:30.936Z]
2020-12-04 06:02:59,030 [EventQueue-DeadNodeForDeadNodeHandler] INFO  pipeline.RatisPipelineProvider (RatisPipelineProvider.java:lambda$close$1(199)) - Send pipeline:PipelineID=69418aa5-1005-40d3-a5f6-e20f62f7d794 close command to datanode 025f93f1-dfc8-4208-80d2-20f4a1ba9bf1
2020-12-04 06:02:59,030 [EventQueue-DeadNodeForDeadNodeHandler] INFO  pipeline.PipelineStateManager (PipelineStateManager.java:removePipeline(106)) - Pipeline Pipeline[ Id: 69418aa5-1005-40d3-a5f6-e20f62f7d794, Nodes: 025f93f1-dfc8-4208-80d2-20f4a1ba9bf1{ip: 172.17.0.2, host: 63638dc2095a, networkLocation: /default-rack, certSerialId: null, persistedOpState: IN_SERVICE, persistedOpStateExpiryEpochSec: 0}, Type:RATIS, Factor:ONE, State:CLOSED, leaderId:025f93f1-dfc8-4208-80d2-20f4a1ba9bf1, CreationTimestamp2020-12-04T06:02:30.936Z] removed from db
2020-12-04 06:03:01,454 [grpc-default-executor-1] WARN  server.GrpcLogAppender (LogUtils.java:warn(122)) - 5e885a77-8b3e-4dc5-b522-5cb06ff98b04@group-FDFAA90BAE53->025f93f1-dfc8-4208-80d2-20f4a1ba9bf1-AppendLogResponseHandler: Failed appendEntries: org.apache.ratis.thirdparty.io.grpc.StatusRuntimeException: UNAVAILABLE: io exception
2020-12-04 06:03:01,455 [grpc-default-executor-1] WARN  server.GrpcLogAppender (GrpcLogAppender.java:resetClient(107)) - 5e885a77-8b3e-4dc5-b522-5cb06ff98b04@group-FDFAA90BAE53->025f93f1-dfc8-4208-80d2-20f4a1ba9bf1-GrpcLogAppender: Leader has not got in touch with Follower 5e885a77-8b3e-4dc5-b522-5cb06ff98b04@group-FDFAA90BAE53->025f93f1-dfc8-4208-80d2-20f4a1ba9bf1(c0,m0,n1, attendVote=true, lastRpcSendTime=0, lastRpcResponseTime=17505) yet, just keep nextIndex unchanged and retry.
2020-12-04 06:03:01,501 [grpc-default-executor-1] WARN  server.GrpcLogAppender (LogUtils.java:warn(122)) - a43a40a6-1ac9-4df3-821c-5cd06fa3b4e5@group-A6CD88BF67F2->025f93f1-dfc8-4208-80d2-20f4a1ba9bf1-AppendLogResponseHandler: Failed appendEntries: org.apache.ratis.thirdparty.io.grpc.StatusRuntimeException: UNAVAILABLE: io exception
2020-12-04 06:03:01,502 [grpc-default-executor-1] WARN  server.GrpcLogAppender (GrpcLogAppender.java:resetClient(107)) - a43a40a6-1ac9-4df3-821c-5cd06fa3b4e5@group-A6CD88BF67F2->025f93f1-dfc8-4208-80d2-20f4a1ba9bf1-GrpcLogAppender: Leader has not got in touch with Follower a43a40a6-1ac9-4df3-821c-5cd06fa3b4e5@group-A6CD88BF67F2->025f93f1-dfc8-4208-80d2-20f4a1ba9bf1(c-1,m0,n14, attendVote=true, lastRpcSendTime=0, lastRpcResponseTime=12728) yet, just keep nextIndex unchanged and retry.
2020-12-04 06:03:01,950 [Command processor thread] INFO  impl.RaftServerProxy (RaftServerProxy.java:remove(104)) - 5e885a77-8b3e-4dc5-b522-5cb06ff98b04: remove  FOLLOWER 5e885a77-8b3e-4dc5-b522-5cb06ff98b04@group-A6CD88BF67F2:t2, leader=a43a40a6-1ac9-4df3-821c-5cd06fa3b4e5, voted=a43a40a6-1ac9-4df3-821c-5cd06fa3b4e5, raftlog=5e885a77-8b3e-4dc5-b522-5cb06ff98b04@group-A6CD88BF67F2-SegmentedRaftLog:OPENED:c13,f13,i13, conf=12: [5e885a77-8b3e-4dc5-b522-5cb06ff98b04|rpc:172.17.0.2:39901|dataStream:, a43a40a6-1ac9-4df3-821c-5cd06fa3b4e5|rpc:172.17.0.2:36909|dataStream:, 025f93f1-dfc8-4208-80d2-20f4a1ba9bf1|rpc:172.17.0.2:36183|dataStream:], old=null RUNNING
2020-12-04 06:03:01,950 [Command processor thread] INFO  impl.RaftServerImpl (RaftServerImpl.java:lambda$shutdown$3(328)) - 5e885a77-8b3e-4dc5-b522-5cb06ff98b04@group-A6CD88BF67F2: shutdown
2020-12-04 06:03:01,950 [Command processor thread] INFO  util.JmxRegister (JmxRegister.java:unregister(73)) - Successfully un-registered JMX Bean with object name Ratis:service=RaftServer,group=group-A6CD88BF67F2,id=5e885a77-8b3e-4dc5-b522-5cb06ff98b04
2020-12-04 06:03:01,950 [Command processor thread] INFO  impl.RoleInfo (RoleInfo.java:shutdownFollowerState(121)) - 5e885a77-8b3e-4dc5-b522-5cb06ff98b04: shutdown 5e885a77-8b3e-4dc5-b522-5cb06ff98b04@group-A6CD88BF67F2-FollowerState
2020-12-04 06:03:01,950 [Command processor thread] INFO  impl.StateMachineUpdater (StateMachineUpdater.java:stopAndJoin(147)) - 5e885a77-8b3e-4dc5-b522-5cb06ff98b04@group-A6CD88BF67F2-StateMachineUpdater: set stopIndex = 13
2020-12-04 06:03:01,950 [Thread-2727] INFO  impl.FollowerState (FollowerState.java:run(137)) - 5e885a77-8b3e-4dc5-b522-5cb06ff98b04@group-A6CD88BF67F2-FollowerState was interrupted: {}
java.lang.InterruptedException: sleep interrupted
	at java.lang.Thread.sleep(Native Method)
	at org.apache.ratis.util.JavaUtils.sleep(JavaUtils.java:250)
	at org.apache.ratis.server.impl.FollowerState.run(FollowerState.java:116)
2020-12-04 06:03:01,951 [5e885a77-8b3e-4dc5-b522-5cb06ff98b04@group-A6CD88BF67F2-StateMachineUpdater] INFO  ratis.ContainerStateMachine (ContainerStateMachine.java:takeSnapshot(293)) - group-A6CD88BF67F2: Taking a snapshot at:(t:2, i:13) file /github/workspace/mnt/ozone/hadoop-ozone/integration-test/target/test-dir/MiniOzoneClusterImpl-d0e62b51-0f1f-480e-8215-4f24b3183874/datanode-0/data/ratis/0913c338-1fb1-4172-a8a9-a6cd88bf67f2/sm/snapshot.2_13
2020-12-04 06:03:01,953 [5e885a77-8b3e-4dc5-b522-5cb06ff98b04@group-A6CD88BF67F2-StateMachineUpdater] INFO  ratis.ContainerStateMachine (ContainerStateMachine.java:takeSnapshot(304)) - group-A6CD88BF67F2: Finished taking a snapshot at:(t:2, i:13) file:/github/workspace/mnt/ozone/hadoop-ozone/integration-test/target/test-dir/MiniOzoneClusterImpl-d0e62b51-0f1f-480e-8215-4f24b3183874/datanode-0/data/ratis/0913c338-1fb1-4172-a8a9-a6cd88bf67f2/sm/snapshot.2_13 time:2
2020-12-04 06:03:01,953 [5e885a77-8b3e-4dc5-b522-5cb06ff98b04@group-A6CD88BF67F2-StateMachineUpdater] INFO  impl.StateMachineUpdater (StateMachineUpdater.java:takeSnapshot(278)) - 5e885a77-8b3e-4dc5-b522-5cb06ff98b04@group-A6CD88BF67F2-StateMachineUpdater: Took a snapshot at index 13
2020-12-04 06:03:01,953 [5e885a77-8b3e-4dc5-b522-5cb06ff98b04@group-A6CD88BF67F2-StateMachineUpdater] INFO  impl.StateMachineUpdater (StateMachineUpdater.java:lambda$new$0(87)) - 5e885a77-8b3e-4dc5-b522-5cb06ff98b04@group-A6CD88BF67F2-StateMachineUpdater: snapshotIndex: updateIncreasingly -1 -> 13
2020-12-04 06:03:01,953 [5e885a77-8b3e-4dc5-b522-5cb06ff98b04@group-A6CD88BF67F2-StateMachineUpdater] INFO  metrics.RatisMetrics (RatisMetrics.java:unregister(43)) - Unregistering Metrics Registry : ratis.state_machine.5e885a77-8b3e-4dc5-b522-5cb06ff98b04@group-A6CD88BF67F2
2020-12-04 06:03:01,953 [Command processor thread] INFO  impl.RaftServerImpl (ServerState.java:close(406)) - 5e885a77-8b3e-4dc5-b522-5cb06ff98b04@group-A6CD88BF67F2: closes. applyIndex: 13
2020-12-04 06:03:01,954 [5e885a77-8b3e-4dc5-b522-5cb06ff98b04@group-A6CD88BF67F2-SegmentedRaftLogWorker] INFO  segmented.SegmentedRaftLogWorker (SegmentedRaftLogWorker.java:run(329)) - 5e885a77-8b3e-4dc5-b522-5cb06ff98b04@group-A6CD88BF67F2-SegmentedRaftLogWorker was interrupted, exiting. There are 0 tasks remaining in the queue.
2020-12-04 06:03:01,955 [Command processor thread] INFO  segmented.SegmentedRaftLogWorker (SegmentedRaftLogWorker.java:close(235)) - 5e885a77-8b3e-4dc5-b522-5cb06ff98b04@group-A6CD88BF67F2-SegmentedRaftLogWorker close()
2020-12-04 06:03:01,955 [Command processor thread] INFO  metrics.RatisMetrics (RatisMetrics.java:unregister(43)) - Unregistering Metrics Registry : ratis.log_worker.5e885a77-8b3e-4dc5-b522-5cb06ff98b04@group-A6CD88BF67F2
2020-12-04 06:03:01,955 [Command processor thread] INFO  metrics.RatisMetrics (RatisMetrics.java:unregister(43)) - Unregistering Metrics Registry : ratis.leader_election.5e885a77-8b3e-4dc5-b522-5cb06ff98b04@group-A6CD88BF67F2
2020-12-04 06:03:01,956 [Command processor thread] INFO  metrics.RatisMetrics (RatisMetrics.java:unregister(43)) - Unregistering Metrics Registry : ratis.server.5e885a77-8b3e-4dc5-b522-5cb06ff98b04@group-A6CD88BF67F2
2020-12-04 06:03:01,956 [Command processor thread] INFO  keyvalue.KeyValueContainer (KeyValueContainer.java:flushAndSyncDB(388)) - Container 1 is synced with bcsId 9.
2020-12-04 06:03:01,957 [Command processor thread] INFO  keyvalue.KeyValueContainer (KeyValueContainer.java:flushAndSyncDB(388)) - Container 1 is synced with bcsId 9.
2020-12-04 06:03:01,962 [EventQueue-IncrementalContainerReportForIncrementalContainerReportHandler] INFO  container.IncrementalContainerReportHandler (AbstractContainerReportHandler.java:updateContainerState(208)) - Moving container #1 to QUASI_CLOSED state, datanode 5e885a77-8b3e-4dc5-b522-5cb06ff98b04{ip: 172.17.0.2, host: 63638dc2095a, networkLocation: /default-rack, certSerialId: null, persistedOpState: IN_SERVICE, persistedOpStateExpiryEpochSec: 0} reported QUASI_CLOSED replica.
2020-12-04 06:03:01,962 [Command processor thread] INFO  impl.RaftServerImpl (RaftServerImpl.java:groupRemove(299)) - 5e885a77-8b3e-4dc5-b522-5cb06ff98b04@group-A6CD88BF67F2: Succeed to remove RaftStorageDirectory Storage Directory /github/workspace/mnt/ozone/hadoop-ozone/integration-test/target/test-dir/MiniOzoneClusterImpl-d0e62b51-0f1f-480e-8215-4f24b3183874/datanode-0/data/ratis/0913c338-1fb1-4172-a8a9-a6cd88bf67f2
2020-12-04 06:03:01,962 [Command processor thread] INFO  commandhandler.ClosePipelineCommandHandler (ClosePipelineCommandHandler.java:handle(75)) - Close Pipeline PipelineID=0913c338-1fb1-4172-a8a9-a6cd88bf67f2 command on datanode 5e885a77-8b3e-4dc5-b522-5cb06ff98b04.
2020-12-04 06:03:01,963 [Command processor thread] INFO  impl.RaftServerProxy (RaftServerProxy.java:remove(104)) - 5e885a77-8b3e-4dc5-b522-5cb06ff98b04: remove    LEADER 5e885a77-8b3e-4dc5-b522-5cb06ff98b04@group-FDFAA90BAE53:t1, leader=5e885a77-8b3e-4dc5-b522-5cb06ff98b04, voted=5e885a77-8b3e-4dc5-b522-5cb06ff98b04, raftlog=5e885a77-8b3e-4dc5-b522-5cb06ff98b04@group-FDFAA90BAE53-SegmentedRaftLog:OPENED:c0,f0,i0, conf=0: [5e885a77-8b3e-4dc5-b522-5cb06ff98b04|rpc:172.17.0.2:39901|dataStream:, a43a40a6-1ac9-4df3-821c-5cd06fa3b4e5|rpc:172.17.0.2:36909|dataStream:, 025f93f1-dfc8-4208-80d2-20f4a1ba9bf1|rpc:172.17.0.2:36183|dataStream:], old=null RUNNING
2020-12-04 06:03:01,963 [Command processor thread] INFO  impl.RaftServerImpl (RaftServerImpl.java:lambda$shutdown$3(328)) - 5e885a77-8b3e-4dc5-b522-5cb06ff98b04@group-FDFAA90BAE53: shutdown
2020-12-04 06:03:01,963 [Command processor thread] INFO  util.JmxRegister (JmxRegister.java:unregister(73)) - Successfully un-registered JMX Bean with object name Ratis:service=RaftServer,group=group-FDFAA90BAE53,id=5e885a77-8b3e-4dc5-b522-5cb06ff98b04
2020-12-04 06:03:01,963 [Command processor thread] INFO  impl.RoleInfo (RoleInfo.java:shutdownLeaderState(104)) - 5e885a77-8b3e-4dc5-b522-5cb06ff98b04: shutdown 5e885a77-8b3e-4dc5-b522-5cb06ff98b04@group-FDFAA90BAE53-LeaderState
2020-12-04 06:03:01,963 [Command processor thread] INFO  metrics.RatisMetrics (RatisMetrics.java:unregister(43)) - Unregistering Metrics Registry : ratis_grpc.log_appender.5e885a77-8b3e-4dc5-b522-5cb06ff98b04@group-FDFAA90BAE53
2020-12-04 06:03:01,963 [Command processor thread] INFO  metrics.RatisMetrics (RatisMetrics.java:unregister(43)) - Unregistering Metrics Registry : ratis_grpc.log_appender.5e885a77-8b3e-4dc5-b522-5cb06ff98b04@group-FDFAA90BAE53
2020-12-04 06:03:01,963 [org.apache.ratis.server.impl.LogAppender$AppenderDaemon$$Lambda$477/237548453@69212c0f] WARN  server.GrpcLogAppender (GrpcLogAppender.java:mayWait(168)) - 5e885a77-8b3e-4dc5-b522-5cb06ff98b04@group-FDFAA90BAE53->a43a40a6-1ac9-4df3-821c-5cd06fa3b4e5-GrpcLogAppender: Wait interrupted by java.lang.InterruptedException
2020-12-04 06:03:01,963 [org.apache.ratis.server.impl.LogAppender$AppenderDaemon$$Lambda$477/237548453@aee0a4] WARN  server.GrpcLogAppender (GrpcLogAppender.java:mayWait(168)) - 5e885a77-8b3e-4dc5-b522-5cb06ff98b04@group-FDFAA90BAE53->025f93f1-dfc8-4208-80d2-20f4a1ba9bf1-GrpcLogAppender: Wait interrupted by java.lang.InterruptedException
2020-12-04 06:03:01,963 [Command processor thread] INFO  impl.PendingRequests (PendingRequests.java:sendNotLeaderResponses(250)) - 5e885a77-8b3e-4dc5-b522-5cb06ff98b04@group-FDFAA90BAE53-PendingRequests: sendNotLeaderResponses
2020-12-04 06:03:01,964 [grpc-default-executor-3] INFO  server.GrpcServerProtocolService (GrpcServerProtocolService.java:onCompleted(138)) - a43a40a6-1ac9-4df3-821c-5cd06fa3b4e5: Completed APPEND_ENTRIES, lastRequest: 5e885a77-8b3e-4dc5-b522-5cb06ff98b04->a43a40a6-1ac9-4df3-821c-5cd06fa3b4e5#1-t1, previous=(t:0, i:0), leaderCommit=-1, initializing? false, entries: size=1, first=(t:1, i:0), CONFIGURATIONENTRY
2020-12-04 06:03:01,964 [grpc-default-executor-1] INFO  server.GrpcLogAppender (GrpcLogAppender.java:onCompleted(337)) - 5e885a77-8b3e-4dc5-b522-5cb06ff98b04@group-FDFAA90BAE53->a43a40a6-1ac9-4df3-821c-5cd06fa3b4e5-AppendLogResponseHandler: follower responses appendEntries COMPLETED
2020-12-04 06:03:01,964 [grpc-default-executor-1] INFO  impl.FollowerInfo (FollowerInfo.java:lambda$new$0(51)) - 5e885a77-8b3e-4dc5-b522-5cb06ff98b04@group-FDFAA90BAE53->a43a40a6-1ac9-4df3-821c-5cd06fa3b4e5: nextIndex: updateUnconditionally 1 -> 0
2020-12-04 06:03:01,965 [Command processor thread] INFO  metrics.RatisMetrics (RatisMetrics.java:unregister(43)) - Unregistering Metrics Registry : ratis.log_appender.5e885a77-8b3e-4dc5-b522-5cb06ff98b04@group-FDFAA90BAE53
2020-12-04 06:03:01,965 [Command processor thread] INFO  metrics.RatisMetrics (RatisMetrics.java:unregister(43)) - Unregistering Metrics Registry : ratis.server.5e885a77-8b3e-4dc5-b522-5cb06ff98b04@group-FDFAA90BAE53
2020-12-04 06:03:01,967 [5e885a77-8b3e-4dc5-b522-5cb06ff98b04@group-FDFAA90BAE53-StateMachineUpdater] INFO  ratis.ContainerStateMachine (ContainerStateMachine.java:takeSnapshot(293)) - group-FDFAA90BAE53: Taking a snapshot at:(t:1, i:0) file /github/workspace/mnt/ozone/hadoop-ozone/integration-test/target/test-dir/MiniOzoneClusterImpl-d0e62b51-0f1f-480e-8215-4f24b3183874/datanode-0/data/ratis/0ca965aa-e89c-4b81-9d0b-fdfaa90bae53/sm/snapshot.1_0
2020-12-04 06:03:01,967 [Command processor thread] INFO  impl.RaftServerProxy (RaftServerProxy.java:addNew(93)) - 5e97bab7-f049-4685-a9ad-e9f5ff9fc7c1: addNew group-3007C9D98BF3:[5e97bab7-f049-4685-a9ad-e9f5ff9fc7c1|rpc:172.17.0.2:46089, 5e885a77-8b3e-4dc5-b522-5cb06ff98b04|rpc:172.17.0.2:39901, a43a40a6-1ac9-4df3-821c-5cd06fa3b4e5|rpc:172.17.0.2:36909] returns group-3007C9D98BF3:java.util.concurrent.CompletableFuture@1fc948e5[Not completed]
2020-12-04 06:03:01,967 [5e885a77-8b3e-4dc5-b522-5cb06ff98b04@group-FDFAA90BAE53-StateMachineUpdater] INFO  ratis.ContainerStateMachine (ContainerStateMachine.java:takeSnapshot(304)) - group-FDFAA90BAE53: Finished taking a snapshot at:(t:1, i:0) file:/github/workspace/mnt/ozone/hadoop-ozone/integration-test/target/test-dir/MiniOzoneClusterImpl-d0e62b51-0f1f-480e-8215-4f24b3183874/datanode-0/data/ratis/0ca965aa-e89c-4b81-9d0b-fdfaa90bae53/sm/snapshot.1_0 time:1
2020-12-04 06:03:01,967 [pool-746-thread-1] INFO  impl.RaftServerImpl (RaftServerImpl.java:<init>(121)) - 5e97bab7-f049-4685-a9ad-e9f5ff9fc7c1: new RaftServerImpl for group-3007C9D98BF3:[5e97bab7-f049-4685-a9ad-e9f5ff9fc7c1|rpc:172.17.0.2:46089, 5e885a77-8b3e-4dc5-b522-5cb06ff98b04|rpc:172.17.0.2:39901, a43a40a6-1ac9-4df3-821c-5cd06fa3b4e5|rpc:172.17.0.2:36909] with ContainerStateMachine:uninitialized
2020-12-04 06:03:01,968 [5e885a77-8b3e-4dc5-b522-5cb06ff98b04@group-FDFAA90BAE53-StateMachineUpdater] INFO  impl.StateMachineUpdater (StateMachineUpdater.java:takeSnapshot(278)) - 5e885a77-8b3e-4dc5-b522-5cb06ff98b04@group-FDFAA90BAE53-StateMachineUpdater: Took a snapshot at index 0
2020-12-04 06:03:01,968 [5e885a77-8b3e-4dc5-b522-5cb06ff98b04@group-FDFAA90BAE53-StateMachineUpdater] INFO  impl.StateMachineUpdater (StateMachineUpdater.java:lambda$new$0(87)) - 5e885a77-8b3e-4dc5-b522-5cb06ff98b04@group-FDFAA90BAE53-StateMachineUpdater: snapshotIndex: updateIncreasingly -1 -> 0
2020-12-04 06:03:01,968 [5e885a77-8b3e-4dc5-b522-5cb06ff98b04@group-FDFAA90BAE53-StateMachineUpdater] INFO  metrics.RatisMetrics (RatisMetrics.java:unregister(43)) - Unregistering Metrics Registry : ratis.state_machine.5e885a77-8b3e-4dc5-b522-5cb06ff98b04@group-FDFAA90BAE53
2020-12-04 06:03:01,968 [pool-746-thread-1] INFO  server.RaftServerConfigKeys (ConfUtils.java:logGet(44)) - raft.server.rpc.timeout.min = 5s (custom)
2020-12-04 06:03:01,968 [pool-746-thread-1] INFO  server.RaftServerConfigKeys (ConfUtils.java:logGet(44)) - raft.server.rpc.timeout.max = 5200ms (custom)
2020-12-04 06:03:01,968 [pool-746-thread-1] INFO  server.RaftServerConfigKeys (ConfUtils.java:logGet(44)) - raft.server.rpc.slowness.timeout = 300000ms (custom)
2020-12-04 06:03:01,968 [pool-746-thread-1] INFO  server.RaftServerConfigKeys (ConfUtils.java:logGet(44)) - raft.server.leaderelection.leader.step-down.wait-time = 10s (default)
2020-12-04 06:03:01,968 [pool-746-thread-1] INFO  server.RaftServerConfigKeys (ConfUtils.java:logGet(44)) - raft.server.sleep.deviation.threshold = 300 (default)
2020-12-04 06:03:01,968 [pool-746-thread-1] INFO  server.RaftServerConfigKeys (ConfUtils.java:logGet(44)) - raft.server.log.appender.install.snapshot.enabled = false (custom)
2020-12-04 06:03:01,968 [pool-746-thread-1] INFO  impl.RaftServerImpl (ServerState.java:<init>(104)) - 5e97bab7-f049-4685-a9ad-e9f5ff9fc7c1@group-3007C9D98BF3: ConfigurationManager, init=-1: [5e97bab7-f049-4685-a9ad-e9f5ff9fc7c1|rpc:172.17.0.2:46089, 5e885a77-8b3e-4dc5-b522-5cb06ff98b04|rpc:172.17.0.2:39901, a43a40a6-1ac9-4df3-821c-5cd06fa3b4e5|rpc:172.17.0.2:36909], old=null, confs=<EMPTY_MAP>
2020-12-04 06:03:01,968 [pool-746-thread-1] INFO  server.RaftServerConfigKeys (ConfUtils.java:logGet(44)) - raft.server.storage.dir = [/github/workspace/mnt/ozone/hadoop-ozone/integration-test/target/test-dir/MiniOzoneClusterImpl-d0e62b51-0f1f-480e-8215-4f24b3183874/datanode-6/data/ratis] (custom)
2020-12-04 06:03:01,968 [pool-746-thread-1] INFO  server.RaftServerConfigKeys (ConfUtils.java:logGet(44)) - raft.server.log.corruption.policy = EXCEPTION (default)
2020-12-04 06:03:01,969 [pool-746-thread-1] INFO  storage.RaftStorageDirectory (RaftStorageDirectory.java:analyzeStorage(261)) - The storage directory /github/workspace/mnt/ozone/hadoop-ozone/integration-test/target/test-dir/MiniOzoneClusterImpl-d0e62b51-0f1f-480e-8215-4f24b3183874/datanode-6/data/ratis/3c8fabcf-1241-4db2-af7b-3007c9d98bf3 does not exist. Creating ...
2020-12-04 06:03:01,969 [Command processor thread] INFO  impl.StateMachineUpdater (StateMachineUpdater.java:stopAndJoin(147)) - 5e885a77-8b3e-4dc5-b522-5cb06ff98b04@group-FDFAA90BAE53-StateMachineUpdater: set stopIndex = 0
2020-12-04 06:03:01,970 [Command processor thread] INFO  impl.RaftServerImpl (ServerState.java:close(406)) - 5e885a77-8b3e-4dc5-b522-5cb06ff98b04@group-FDFAA90BAE53: closes. applyIndex: 0
2020-12-04 06:03:01,970 [5e885a77-8b3e-4dc5-b522-5cb06ff98b04@group-FDFAA90BAE53-SegmentedRaftLogWorker] INFO  segmented.SegmentedRaftLogWorker (SegmentedRaftLogWorker.java:run(329)) - 5e885a77-8b3e-4dc5-b522-5cb06ff98b04@group-FDFAA90BAE53-SegmentedRaftLogWorker was interrupted, exiting. There are 0 tasks remaining in the queue.
2020-12-04 06:03:01,971 [pool-746-thread-1] INFO  storage.RaftStorageDirectory (RaftStorageDirectory.java:tryLock(343)) - Lock on /github/workspace/mnt/ozone/hadoop-ozone/integration-test/target/test-dir/MiniOzoneClusterImpl-d0e62b51-0f1f-480e-8215-4f24b3183874/datanode-6/data/ratis/3c8fabcf-1241-4db2-af7b-3007c9d98bf3/in_use.lock acquired by nodename 32520@63638dc2095a
2020-12-04 06:03:01,971 [Command processor thread] INFO  segmented.SegmentedRaftLogWorker (SegmentedRaftLogWorker.java:close(235)) - 5e885a77-8b3e-4dc5-b522-5cb06ff98b04@group-FDFAA90BAE53-SegmentedRaftLogWorker close()
2020-12-04 06:03:01,972 [pool-746-thread-1] INFO  storage.RaftStorage (RaftStorage.java:format(85)) - Storage directory /github/workspace/mnt/ozone/hadoop-ozone/integration-test/target/test-dir/MiniOzoneClusterImpl-d0e62b51-0f1f-480e-8215-4f24b3183874/datanode-6/data/ratis/3c8fabcf-1241-4db2-af7b-3007c9d98bf3 has been successfully formatted.
2020-12-04 06:03:01,973 [pool-746-thread-1] INFO  ratis.ContainerStateMachine (ContainerStateMachine.java:loadSnapshot(225)) - group-3007C9D98BF3: The snapshot info is null. Setting the last applied indexto:(t:0, i:~)
2020-12-04 06:03:01,973 [pool-746-thread-1] INFO  server.RaftServerConfigKeys (ConfUtils.java:logGet(44)) - raft.server.notification.no-leader.timeout = 300000ms (custom)
2020-12-04 06:03:01,973 [pool-746-thread-1] INFO  server.RaftServerConfigKeys (ConfUtils.java:logGet(44)) - raft.server.log.use.memory = false (default)
2020-12-04 06:03:01,973 [pool-746-thread-1] INFO  server.RaftServerConfigKeys (ConfUtils.java:logGet(44)) - raft.server.log.purge.gap = 1000000 (custom)
2020-12-04 06:03:01,973 [pool-746-thread-1] INFO  metrics.RatisMetrics (RatisMetrics.java:lambda$create$0(36)) - Creating Metrics Registry : ratis.log_worker.5e97bab7-f049-4685-a9ad-e9f5ff9fc7c1@group-3007C9D98BF3
2020-12-04 06:03:02,030 [Command processor thread] INFO  metrics.RatisMetrics (RatisMetrics.java:unregister(43)) - Unregistering Metrics Registry : ratis.log_worker.5e885a77-8b3e-4dc5-b522-5cb06ff98b04@group-FDFAA90BAE53
2020-12-04 06:03:02,030 [Command processor thread] INFO  metrics.RatisMetrics (RatisMetrics.java:unregister(43)) - Unregistering Metrics Registry : ratis.leader_election.5e885a77-8b3e-4dc5-b522-5cb06ff98b04@group-FDFAA90BAE53
2020-12-04 06:03:02,030 [Command processor thread] INFO  metrics.RatisMetrics (RatisMetrics.java:unregister(43)) - Unregistering Metrics Registry : ratis.server.5e885a77-8b3e-4dc5-b522-5cb06ff98b04@group-FDFAA90BAE53
2020-12-04 06:03:02,031 [Command processor thread] INFO  impl.RaftServerImpl (RaftServerImpl.java:groupRemove(299)) - 5e885a77-8b3e-4dc5-b522-5cb06ff98b04@group-FDFAA90BAE53: Succeed to remove RaftStorageDirectory Storage Directory /github/workspace/mnt/ozone/hadoop-ozone/integration-test/target/test-dir/MiniOzoneClusterImpl-d0e62b51-0f1f-480e-8215-4f24b3183874/datanode-0/data/ratis/0ca965aa-e89c-4b81-9d0b-fdfaa90bae53
2020-12-04 06:03:02,031 [Command processor thread] INFO  commandhandler.ClosePipelineCommandHandler (ClosePipelineCommandHandler.java:handle(75)) - Close Pipeline PipelineID=0ca965aa-e89c-4b81-9d0b-fdfaa90bae53 command on datanode 5e885a77-8b3e-4dc5-b522-5cb06ff98b04.
2020-12-04 06:03:02,031 [Command processor thread] INFO  impl.RaftServerProxy (RaftServerProxy.java:addNew(93)) - 5e885a77-8b3e-4dc5-b522-5cb06ff98b04: addNew group-3007C9D98BF3:[5e97bab7-f049-4685-a9ad-e9f5ff9fc7c1|rpc:172.17.0.2:46089, 5e885a77-8b3e-4dc5-b522-5cb06ff98b04|rpc:172.17.0.2:39901, a43a40a6-1ac9-4df3-821c-5cd06fa3b4e5|rpc:172.17.0.2:36909] returns group-3007C9D98BF3:java.util.concurrent.CompletableFuture@365cdce6[Not completed]
2020-12-04 06:03:02,031 [pool-746-thread-1] INFO  server.RaftServerConfigKeys (ConfUtils.java:logGet(44)) - raft.server.log.appender.buffer.byte-limit = 33554432 (custom)
2020-12-04 06:03:02,031 [pool-746-thread-1] INFO  server.RaftServerConfigKeys (ConfUtils.java:logGet(44)) - raft.server.log.segment.size.max = 1048576 (custom)
2020-12-04 06:03:02,032 [pool-650-thread-1] INFO  impl.RaftServerImpl (RaftServerImpl.java:<init>(121)) - 5e885a77-8b3e-4dc5-b522-5cb06ff98b04: new RaftServerImpl for group-3007C9D98BF3:[5e97bab7-f049-4685-a9ad-e9f5ff9fc7c1|rpc:172.17.0.2:46089, 5e885a77-8b3e-4dc5-b522-5cb06ff98b04|rpc:172.17.0.2:39901, a43a40a6-1ac9-4df3-821c-5cd06fa3b4e5|rpc:172.17.0.2:36909] with ContainerStateMachine:uninitialized
2020-12-04 06:03:02,032 [pool-650-thread-1] INFO  server.RaftServerConfigKeys (ConfUtils.java:logGet(44)) - raft.server.rpc.timeout.min = 5s (custom)
2020-12-04 06:03:02,032 [pool-650-thread-1] INFO  server.RaftServerConfigKeys (ConfUtils.java:logGet(44)) - raft.server.rpc.timeout.max = 5200ms (custom)
2020-12-04 06:03:02,032 [pool-650-thread-1] INFO  server.RaftServerConfigKeys (ConfUtils.java:logGet(44)) - raft.server.rpc.slowness.timeout = 300000ms (custom)
2020-12-04 06:03:02,032 [pool-650-thread-1] INFO  server.RaftServerConfigKeys (ConfUtils.java:logGet(44)) - raft.server.leaderelection.leader.step-down.wait-time = 10s (default)
2020-12-04 06:03:02,032 [pool-650-thread-1] INFO  server.RaftServerConfigKeys (ConfUtils.java:logGet(44)) - raft.server.sleep.deviation.threshold = 300 (default)
2020-12-04 06:03:02,032 [pool-746-thread-1] INFO  server.RaftServerConfigKeys (ConfUtils.java:logGet(44)) - raft.server.log.segment.cache.num.max = 2 (custom)
2020-12-04 06:03:02,032 [pool-650-thread-1] INFO  server.RaftServerConfigKeys (ConfUtils.java:logGet(44)) - raft.server.log.appender.install.snapshot.enabled = false (custom)
2020-12-04 06:03:02,032 [pool-650-thread-1] INFO  impl.RaftServerImpl (ServerState.java:<init>(104)) - 5e885a77-8b3e-4dc5-b522-5cb06ff98b04@group-3007C9D98BF3: ConfigurationManager, init=-1: [5e97bab7-f049-4685-a9ad-e9f5ff9fc7c1|rpc:172.17.0.2:46089, 5e885a77-8b3e-4dc5-b522-5cb06ff98b04|rpc:172.17.0.2:39901, a43a40a6-1ac9-4df3-821c-5cd06fa3b4e5|rpc:172.17.0.2:36909], old=null, confs=<EMPTY_MAP>
2020-12-04 06:03:02,032 [pool-650-thread-1] INFO  server.RaftServerConfigKeys (ConfUtils.java:logGet(44)) - raft.server.storage.dir = [/github/workspace/mnt/ozone/hadoop-ozone/integration-test/target/test-dir/MiniOzoneClusterImpl-d0e62b51-0f1f-480e-8215-4f24b3183874/datanode-0/data/ratis] (custom)
2020-12-04 06:03:02,032 [pool-650-thread-1] INFO  server.RaftServerConfigKeys (ConfUtils.java:logGet(44)) - raft.server.log.corruption.policy = EXCEPTION (default)
2020-12-04 06:03:02,032 [pool-650-thread-1] INFO  storage.RaftStorageDirectory (RaftStorageDirectory.java:analyzeStorage(261)) - The storage directory /github/workspace/mnt/ozone/hadoop-ozone/integration-test/target/test-dir/MiniOzoneClusterImpl-d0e62b51-0f1f-480e-8215-4f24b3183874/datanode-0/data/ratis/3c8fabcf-1241-4db2-af7b-3007c9d98bf3 does not exist. Creating ...
2020-12-04 06:03:02,032 [pool-746-thread-1] INFO  segmented.SegmentedRaftLogWorker (SegmentedRaftLogWorker.java:<init>(180)) - new 5e97bab7-f049-4685-a9ad-e9f5ff9fc7c1@group-3007C9D98BF3-SegmentedRaftLogWorker for RaftStorage:Storage Directory /github/workspace/mnt/ozone/hadoop-ozone/integration-test/target/test-dir/MiniOzoneClusterImpl-d0e62b51-0f1f-480e-8215-4f24b3183874/datanode-6/data/ratis/3c8fabcf-1241-4db2-af7b-3007c9d98bf3
2020-12-04 06:03:02,033 [pool-746-thread-1] INFO  server.RaftServerConfigKeys (ConfUtils.java:logGet(44)) - raft.server.log.queue.byte-limit = 2147483647 (custom)
2020-12-04 06:03:02,033 [pool-746-thread-1] INFO  server.RaftServerConfigKeys (ConfUtils.java:logGet(44)) - raft.server.log.queue.element-limit = 1024 (custom)
2020-12-04 06:03:02,035 [pool-650-thread-1] INFO  storage.RaftStorageDirectory (RaftStorageDirectory.java:tryLock(343)) - Lock on /github/workspace/mnt/ozone/hadoop-ozone/integration-test/target/test-dir/MiniOzoneClusterImpl-d0e62b51-0f1f-480e-8215-4f24b3183874/datanode-0/data/ratis/3c8fabcf-1241-4db2-af7b-3007c9d98bf3/in_use.lock acquired by nodename 32520@63638dc2095a
2020-12-04 06:03:02,040 [pool-746-thread-1] INFO  server.RaftServerConfigKeys (ConfUtils.java:logGet(44)) - raft.server.log.segment.size.max = 1048576 (custom)
2020-12-04 06:03:02,040 [pool-746-thread-1] INFO  server.RaftServerConfigKeys (ConfUtils.java:logGet(44)) - raft.server.log.preallocated.size = 16384 (custom)
2020-12-04 06:03:02,040 [pool-746-thread-1] INFO  server.RaftServerConfigKeys (ConfUtils.java:logGet(44)) - raft.server.log.write.buffer.size = 1048576 (custom)
2020-12-04 06:03:02,040 [pool-746-thread-1] INFO  server.RaftServerConfigKeys (ConfUtils.java:logGet(44)) - raft.server.log.force.sync.num = 128 (default)
2020-12-04 06:03:02,040 [pool-746-thread-1] INFO  server.RaftServerConfigKeys (ConfUtils.java:logGet(44)) - raft.server.log.statemachine.data.sync = true (default)
2020-12-04 06:03:02,040 [pool-746-thread-1] INFO  server.RaftServerConfigKeys (ConfUtils.java:logGet(44)) - raft.server.log.statemachine.data.sync.timeout = 10s (default)
2020-12-04 06:03:02,040 [pool-746-thread-1] INFO  server.RaftServerConfigKeys (ConfUtils.java:logGet(44)) - raft.server.log.statemachine.data.sync.timeout.retry = -1 (default)
2020-12-04 06:03:02,044 [pool-650-thread-1] INFO  storage.RaftStorage (RaftStorage.java:format(85)) - Storage directory /github/workspace/mnt/ozone/hadoop-ozone/integration-test/target/test-dir/MiniOzoneClusterImpl-d0e62b51-0f1f-480e-8215-4f24b3183874/datanode-0/data/ratis/3c8fabcf-1241-4db2-af7b-3007c9d98bf3 has been successfully formatted.
2020-12-04 06:03:02,045 [pool-650-thread-1] INFO  ratis.ContainerStateMachine (ContainerStateMachine.java:loadSnapshot(225)) - group-3007C9D98BF3: The snapshot info is null. Setting the last applied indexto:(t:0, i:~)
2020-12-04 06:03:02,045 [pool-650-thread-1] INFO  server.RaftServerConfigKeys (ConfUtils.java:logGet(44)) - raft.server.notification.no-leader.timeout = 300000ms (custom)
2020-12-04 06:03:02,045 [pool-650-thread-1] INFO  server.RaftServerConfigKeys (ConfUtils.java:logGet(44)) - raft.server.log.use.memory = false (default)
2020-12-04 06:03:02,045 [pool-650-thread-1] INFO  server.RaftServerConfigKeys (ConfUtils.java:logGet(44)) - raft.server.log.purge.gap = 1000000 (custom)
2020-12-04 06:03:02,045 [pool-650-thread-1] INFO  metrics.RatisMetrics (RatisMetrics.java:lambda$create$0(36)) - Creating Metrics Registry : ratis.log_worker.5e885a77-8b3e-4dc5-b522-5cb06ff98b04@group-3007C9D98BF3
2020-12-04 06:03:02,045 [pool-650-thread-1] INFO  server.RaftServerConfigKeys (ConfUtils.java:logGet(44)) - raft.server.log.appender.buffer.byte-limit = 33554432 (custom)
2020-12-04 06:03:02,045 [pool-650-thread-1] INFO  server.RaftServerConfigKeys (ConfUtils.java:logGet(44)) - raft.server.log.segment.size.max = 1048576 (custom)
2020-12-04 06:03:02,047 [pool-746-thread-1] INFO  server.RaftServerConfigKeys (ConfUtils.java:logGet(44)) - raft.server.log.statemachine.data.caching.enabled = true (custom)
2020-12-04 06:03:02,047 [pool-746-thread-1] INFO  segmented.SegmentedRaftLogWorker (SegmentedRaftLogWorker.java:lambda$new$0(129)) - 5e97bab7-f049-4685-a9ad-e9f5ff9fc7c1@group-3007C9D98BF3-SegmentedRaftLogWorker: flushIndex: setUnconditionally 0 -> -1
2020-12-04 06:03:02,048 [pool-746-thread-1] INFO  segmented.SegmentedRaftLogWorker (SegmentedRaftLogWorker.java:lambda$new$0(129)) - 5e97bab7-f049-4685-a9ad-e9f5ff9fc7c1@group-3007C9D98BF3-SegmentedRaftLogWorker: safeCacheEvictIndex: setUnconditionally 0 -> -1
2020-12-04 06:03:02,047 [pool-650-thread-1] INFO  server.RaftServerConfigKeys (ConfUtils.java:logGet(44)) - raft.server.log.segment.cache.num.max = 2 (custom)
2020-12-04 06:03:02,048 [pool-650-thread-1] INFO  segmented.SegmentedRaftLogWorker (SegmentedRaftLogWorker.java:<init>(180)) - new 5e885a77-8b3e-4dc5-b522-5cb06ff98b04@group-3007C9D98BF3-SegmentedRaftLogWorker for RaftStorage:Storage Directory /github/workspace/mnt/ozone/hadoop-ozone/integration-test/target/test-dir/MiniOzoneClusterImpl-d0e62b51-0f1f-480e-8215-4f24b3183874/datanode-0/data/ratis/3c8fabcf-1241-4db2-af7b-3007c9d98bf3
2020-12-04 06:03:02,048 [pool-650-thread-1] INFO  server.RaftServerConfigKeys (ConfUtils.java:logGet(44)) - raft.server.log.queue.byte-limit = 2147483647 (custom)
2020-12-04 06:03:02,048 [pool-650-thread-1] INFO  server.RaftServerConfigKeys (ConfUtils.java:logGet(44)) - raft.server.log.queue.element-limit = 1024 (custom)
2020-12-04 06:03:02,048 [pool-650-thread-1] INFO  server.RaftServerConfigKeys (ConfUtils.java:logGet(44)) - raft.server.log.segment.size.max = 1048576 (custom)
2020-12-04 06:03:02,048 [pool-650-thread-1] INFO  server.RaftServerConfigKeys (ConfUtils.java:logGet(44)) - raft.server.log.preallocated.size = 16384 (custom)
2020-12-04 06:03:02,048 [pool-650-thread-1] INFO  server.RaftServerConfigKeys (ConfUtils.java:logGet(44)) - raft.server.log.write.buffer.size = 1048576 (custom)
2020-12-04 06:03:02,048 [pool-650-thread-1] INFO  server.RaftServerConfigKeys (ConfUtils.java:logGet(44)) - raft.server.log.force.sync.num = 128 (default)
2020-12-04 06:03:02,048 [pool-650-thread-1] INFO  server.RaftServerConfigKeys (ConfUtils.java:logGet(44)) - raft.server.log.statemachine.data.sync = true (default)
2020-12-04 06:03:02,048 [pool-650-thread-1] INFO  server.RaftServerConfigKeys (ConfUtils.java:logGet(44)) - raft.server.log.statemachine.data.sync.timeout = 10s (default)
2020-12-04 06:03:02,048 [pool-650-thread-1] INFO  server.RaftServerConfigKeys (ConfUtils.java:logGet(44)) - raft.server.log.statemachine.data.sync.timeout.retry = -1 (default)
2020-12-04 06:03:02,048 [pool-746-thread-1] INFO  server.RaftServerConfigKeys (ConfUtils.java:logGet(44)) - raft.server.snapshot.auto.trigger.enabled = true (custom)
2020-12-04 06:03:02,049 [pool-746-thread-1] INFO  server.RaftServerConfigKeys (ConfUtils.java:logGet(44)) - raft.server.snapshot.auto.trigger.threshold = 10000 (custom)
2020-12-04 06:03:02,049 [pool-746-thread-1] INFO  server.RaftServerConfigKeys (ConfUtils.java:logGet(44)) - raft.server.snapshot.retention.file.num = 5 (custom)
2020-12-04 06:03:02,049 [pool-746-thread-1] INFO  server.RaftServerConfigKeys (ConfUtils.java:logGet(44)) - raft.server.log.purge.upto.snapshot.index = false (default)
2020-12-04 06:03:02,049 [pool-746-thread-1] INFO  server.RaftServerConfigKeys (ConfUtils.java:logGet(44)) - raft.server.retrycache.expirytime = 600000ms (custom)
2020-12-04 06:03:02,049 [pool-746-thread-1] INFO  metrics.RatisMetrics (RatisMetrics.java:lambda$create$0(36)) - Creating Metrics Registry : ratis.leader_election.5e97bab7-f049-4685-a9ad-e9f5ff9fc7c1@group-3007C9D98BF3
2020-12-04 06:03:02,049 [pool-746-thread-1] INFO  metrics.RatisMetrics (RatisMetrics.java:lambda$create$0(36)) - Creating Metrics Registry : ratis.server.5e97bab7-f049-4685-a9ad-e9f5ff9fc7c1@group-3007C9D98BF3
2020-12-04 06:03:02,051 [pool-746-thread-1] INFO  impl.RaftServerImpl (RaftServerImpl.java:start(215)) - 5e97bab7-f049-4685-a9ad-e9f5ff9fc7c1@group-3007C9D98BF3: start as a follower, conf=-1: [5e97bab7-f049-4685-a9ad-e9f5ff9fc7c1|rpc:172.17.0.2:46089, 5e885a77-8b3e-4dc5-b522-5cb06ff98b04|rpc:172.17.0.2:39901, a43a40a6-1ac9-4df3-821c-5cd06fa3b4e5|rpc:172.17.0.2:36909], old=null
2020-12-04 06:03:02,051 [pool-746-thread-1] INFO  impl.RaftServerImpl (RaftServerImpl.java:setRole(204)) - 5e97bab7-f049-4685-a9ad-e9f5ff9fc7c1@group-3007C9D98BF3: changes role from      null to FOLLOWER at term 0 for startAsFollower
2020-12-04 06:03:02,051 [pool-746-thread-1] INFO  impl.RoleInfo (RoleInfo.java:updateAndGet(143)) - 5e97bab7-f049-4685-a9ad-e9f5ff9fc7c1: start 5e97bab7-f049-4685-a9ad-e9f5ff9fc7c1@group-3007C9D98BF3-FollowerState
2020-12-04 06:03:02,066 [pool-650-thread-1] INFO  server.RaftServerConfigKeys (ConfUtils.java:logGet(44)) - raft.server.log.statemachine.data.caching.enabled = true (custom)
2020-12-04 06:03:02,074 [pool-650-thread-1] INFO  segmented.SegmentedRaftLogWorker (SegmentedRaftLogWorker.java:lambda$new$0(129)) - 5e885a77-8b3e-4dc5-b522-5cb06ff98b04@group-3007C9D98BF3-SegmentedRaftLogWorker: flushIndex: setUnconditionally 0 -> -1
2020-12-04 06:03:02,074 [pool-650-thread-1] INFO  segmented.SegmentedRaftLogWorker (SegmentedRaftLogWorker.java:lambda$new$0(129)) - 5e885a77-8b3e-4dc5-b522-5cb06ff98b04@group-3007C9D98BF3-SegmentedRaftLogWorker: safeCacheEvictIndex: setUnconditionally 0 -> -1
2020-12-04 06:03:02,074 [pool-650-thread-1] INFO  server.RaftServerConfigKeys (ConfUtils.java:logGet(44)) - raft.server.snapshot.auto.trigger.enabled = true (custom)
2020-12-04 06:03:02,074 [pool-650-thread-1] INFO  server.RaftServerConfigKeys (ConfUtils.java:logGet(44)) - raft.server.snapshot.auto.trigger.threshold = 10000 (custom)
2020-12-04 06:03:02,074 [pool-650-thread-1] INFO  server.RaftServerConfigKeys (ConfUtils.java:logGet(44)) - raft.server.snapshot.retention.file.num = 5 (custom)
2020-12-04 06:03:02,074 [pool-650-thread-1] INFO  server.RaftServerConfigKeys (ConfUtils.java:logGet(44)) - raft.server.log.purge.upto.snapshot.index = false (default)
2020-12-04 06:03:02,074 [pool-650-thread-1] INFO  server.RaftServerConfigKeys (ConfUtils.java:logGet(44)) - raft.server.retrycache.expirytime = 600000ms (custom)
2020-12-04 06:03:02,074 [pool-650-thread-1] INFO  metrics.RatisMetrics (RatisMetrics.java:lambda$create$0(36)) - Creating Metrics Registry : ratis.leader_election.5e885a77-8b3e-4dc5-b522-5cb06ff98b04@group-3007C9D98BF3
2020-12-04 06:03:02,075 [pool-650-thread-1] INFO  metrics.RatisMetrics (RatisMetrics.java:lambda$create$0(36)) - Creating Metrics Registry : ratis.server.5e885a77-8b3e-4dc5-b522-5cb06ff98b04@group-3007C9D98BF3
2020-12-04 06:03:02,076 [pool-650-thread-1] INFO  impl.RaftServerImpl (RaftServerImpl.java:start(215)) - 5e885a77-8b3e-4dc5-b522-5cb06ff98b04@group-3007C9D98BF3: start as a follower, conf=-1: [5e97bab7-f049-4685-a9ad-e9f5ff9fc7c1|rpc:172.17.0.2:46089, 5e885a77-8b3e-4dc5-b522-5cb06ff98b04|rpc:172.17.0.2:39901, a43a40a6-1ac9-4df3-821c-5cd06fa3b4e5|rpc:172.17.0.2:36909], old=null
2020-12-04 06:03:02,076 [pool-650-thread-1] INFO  impl.RaftServerImpl (RaftServerImpl.java:setRole(204)) - 5e885a77-8b3e-4dc5-b522-5cb06ff98b04@group-3007C9D98BF3: changes role from      null to FOLLOWER at term 0 for startAsFollower
2020-12-04 06:03:02,076 [pool-650-thread-1] INFO  impl.RoleInfo (RoleInfo.java:updateAndGet(143)) - 5e885a77-8b3e-4dc5-b522-5cb06ff98b04: start 5e885a77-8b3e-4dc5-b522-5cb06ff98b04@group-3007C9D98BF3-FollowerState
2020-12-04 06:03:02,086 [pool-746-thread-1] INFO  util.JmxRegister (JmxRegister.java:tryRegister(44)) - Successfully registered JMX Bean with object name Ratis:service=RaftServer,group=group-3007C9D98BF3,id=5e97bab7-f049-4685-a9ad-e9f5ff9fc7c1
2020-12-04 06:03:02,086 [pool-746-thread-1] INFO  metrics.RatisMetrics (RatisMetrics.java:lambda$create$0(36)) - Creating Metrics Registry : ratis.state_machine.5e97bab7-f049-4685-a9ad-e9f5ff9fc7c1@group-3007C9D98BF3
2020-12-04 06:03:02,087 [pool-650-thread-1] INFO  util.JmxRegister (JmxRegister.java:tryRegister(44)) - Successfully registered JMX Bean with object name Ratis:service=RaftServer,group=group-3007C9D98BF3,id=5e885a77-8b3e-4dc5-b522-5cb06ff98b04
2020-12-04 06:03:02,087 [pool-650-thread-1] INFO  metrics.RatisMetrics (RatisMetrics.java:lambda$create$0(36)) - Creating Metrics Registry : ratis.state_machine.5e885a77-8b3e-4dc5-b522-5cb06ff98b04@group-3007C9D98BF3
2020-12-04 06:03:02,089 [Command processor thread] INFO  metrics.RatisMetrics (RatisMetrics.java:lambda$create$0(36)) - Creating Metrics Registry : ratis.client_message_metrics.client-9C0EB81B7C91->5e885a77-8b3e-4dc5-b522-5cb06ff98b04
2020-12-04 06:03:02,101 [Command processor thread] INFO  metrics.RatisMetrics (RatisMetrics.java:lambda$create$0(36)) - Creating Metrics Registry : ratis.client_message_metrics.client-062162B83DB6->5e97bab7-f049-4685-a9ad-e9f5ff9fc7c1
2020-12-04 06:03:02,107 [grpc-default-executor-1] INFO  metrics.RatisMetrics (RatisMetrics.java:lambda$create$0(36)) - Creating Metrics Registry : ratis.server_message_metrics.5e97bab7-f049-4685-a9ad-e9f5ff9fc7c1
2020-12-04 06:03:02,132 [Command processor thread] INFO  metrics.RatisMetrics (RatisMetrics.java:lambda$create$0(36)) - Creating Metrics Registry : ratis.client_message_metrics.client-742F31FF493C->a43a40a6-1ac9-4df3-821c-5cd06fa3b4e5
2020-12-04 06:03:02,136 [grpc-default-executor-1] INFO  impl.RaftServerProxy (RaftServerProxy.java:addNew(93)) - a43a40a6-1ac9-4df3-821c-5cd06fa3b4e5: addNew group-3007C9D98BF3:[5e97bab7-f049-4685-a9ad-e9f5ff9fc7c1|rpc:172.17.0.2:46089|dataStream:, 5e885a77-8b3e-4dc5-b522-5cb06ff98b04|rpc:172.17.0.2:39901|dataStream:, a43a40a6-1ac9-4df3-821c-5cd06fa3b4e5|rpc:172.17.0.2:36909|dataStream:] returns group-3007C9D98BF3:java.util.concurrent.CompletableFuture@39e29534[Not completed]
2020-12-04 06:03:02,136 [pool-666-thread-1] INFO  impl.RaftServerImpl (RaftServerImpl.java:<init>(121)) - a43a40a6-1ac9-4df3-821c-5cd06fa3b4e5: new RaftServerImpl for group-3007C9D98BF3:[5e97bab7-f049-4685-a9ad-e9f5ff9fc7c1|rpc:172.17.0.2:46089|dataStream:, 5e885a77-8b3e-4dc5-b522-5cb06ff98b04|rpc:172.17.0.2:39901|dataStream:, a43a40a6-1ac9-4df3-821c-5cd06fa3b4e5|rpc:172.17.0.2:36909|dataStream:] with ContainerStateMachine:uninitialized
2020-12-04 06:03:02,137 [pool-666-thread-1] INFO  server.RaftServerConfigKeys (ConfUtils.java:logGet(44)) - raft.server.rpc.timeout.min = 5s (custom)
2020-12-04 06:03:02,137 [pool-666-thread-1] INFO  server.RaftServerConfigKeys (ConfUtils.java:logGet(44)) - raft.server.rpc.timeout.max = 5200ms (custom)
2020-12-04 06:03:02,137 [pool-666-thread-1] INFO  server.RaftServerConfigKeys (ConfUtils.java:logGet(44)) - raft.server.rpc.slowness.timeout = 300000ms (custom)
2020-12-04 06:03:02,137 [pool-666-thread-1] INFO  server.RaftServerConfigKeys (ConfUtils.java:logGet(44)) - raft.server.leaderelection.leader.step-down.wait-time = 10s (default)
2020-12-04 06:03:02,137 [pool-666-thread-1] INFO  server.RaftServerConfigKeys (ConfUtils.java:logGet(44)) - raft.server.sleep.deviation.threshold = 300 (default)
2020-12-04 06:03:02,137 [pool-666-thread-1] INFO  server.RaftServerConfigKeys (ConfUtils.java:logGet(44)) - raft.server.log.appender.install.snapshot.enabled = false (custom)
2020-12-04 06:03:02,137 [pool-666-thread-1] INFO  impl.RaftServerImpl (ServerState.java:<init>(104)) - a43a40a6-1ac9-4df3-821c-5cd06fa3b4e5@group-3007C9D98BF3: ConfigurationManager, init=-1: [5e97bab7-f049-4685-a9ad-e9f5ff9fc7c1|rpc:172.17.0.2:46089|dataStream:, 5e885a77-8b3e-4dc5-b522-5cb06ff98b04|rpc:172.17.0.2:39901|dataStream:, a43a40a6-1ac9-4df3-821c-5cd06fa3b4e5|rpc:172.17.0.2:36909|dataStream:], old=null, confs=<EMPTY_MAP>
2020-12-04 06:03:02,137 [pool-666-thread-1] INFO  server.RaftServerConfigKeys (ConfUtils.java:logGet(44)) - raft.server.storage.dir = [/github/workspace/mnt/ozone/hadoop-ozone/integration-test/target/test-dir/MiniOzoneClusterImpl-d0e62b51-0f1f-480e-8215-4f24b3183874/datanode-1/data/ratis] (custom)
2020-12-04 06:03:02,137 [pool-666-thread-1] INFO  server.RaftServerConfigKeys (ConfUtils.java:logGet(44)) - raft.server.log.corruption.policy = EXCEPTION (default)
2020-12-04 06:03:02,137 [pool-666-thread-1] INFO  storage.RaftStorageDirectory (RaftStorageDirectory.java:analyzeStorage(261)) - The storage directory /github/workspace/mnt/ozone/hadoop-ozone/integration-test/target/test-dir/MiniOzoneClusterImpl-d0e62b51-0f1f-480e-8215-4f24b3183874/datanode-1/data/ratis/3c8fabcf-1241-4db2-af7b-3007c9d98bf3 does not exist. Creating ...
2020-12-04 06:03:02,139 [pool-666-thread-1] INFO  storage.RaftStorageDirectory (RaftStorageDirectory.java:tryLock(343)) - Lock on /github/workspace/mnt/ozone/hadoop-ozone/integration-test/target/test-dir/MiniOzoneClusterImpl-d0e62b51-0f1f-480e-8215-4f24b3183874/datanode-1/data/ratis/3c8fabcf-1241-4db2-af7b-3007c9d98bf3/in_use.lock acquired by nodename 32520@63638dc2095a
2020-12-04 06:03:02,140 [pool-666-thread-1] INFO  storage.RaftStorage (RaftStorage.java:format(85)) - Storage directory /github/workspace/mnt/ozone/hadoop-ozone/integration-test/target/test-dir/MiniOzoneClusterImpl-d0e62b51-0f1f-480e-8215-4f24b3183874/datanode-1/data/ratis/3c8fabcf-1241-4db2-af7b-3007c9d98bf3 has been successfully formatted.
2020-12-04 06:03:02,141 [pool-666-thread-1] INFO  ratis.ContainerStateMachine (ContainerStateMachine.java:loadSnapshot(225)) - group-3007C9D98BF3: The snapshot info is null. Setting the last applied indexto:(t:0, i:~)
2020-12-04 06:03:02,141 [pool-666-thread-1] INFO  server.RaftServerConfigKeys (ConfUtils.java:logGet(44)) - raft.server.notification.no-leader.timeout = 300000ms (custom)
2020-12-04 06:03:02,141 [pool-666-thread-1] INFO  server.RaftServerConfigKeys (ConfUtils.java:logGet(44)) - raft.server.log.use.memory = false (default)
2020-12-04 06:03:02,141 [pool-666-thread-1] INFO  server.RaftServerConfigKeys (ConfUtils.java:logGet(44)) - raft.server.log.purge.gap = 1000000 (custom)
2020-12-04 06:03:02,141 [pool-666-thread-1] INFO  metrics.RatisMetrics (RatisMetrics.java:lambda$create$0(36)) - Creating Metrics Registry : ratis.log_worker.a43a40a6-1ac9-4df3-821c-5cd06fa3b4e5@group-3007C9D98BF3
2020-12-04 06:03:02,141 [pool-666-thread-1] INFO  server.RaftServerConfigKeys (ConfUtils.java:logGet(44)) - raft.server.log.appender.buffer.byte-limit = 33554432 (custom)
2020-12-04 06:03:02,141 [pool-666-thread-1] INFO  server.RaftServerConfigKeys (ConfUtils.java:logGet(44)) - raft.server.log.segment.size.max = 1048576 (custom)
2020-12-04 06:03:02,142 [pool-666-thread-1] INFO  server.RaftServerConfigKeys (ConfUtils.java:logGet(44)) - raft.server.log.segment.cache.num.max = 2 (custom)
2020-12-04 06:03:02,142 [pool-666-thread-1] INFO  segmented.SegmentedRaftLogWorker (SegmentedRaftLogWorker.java:<init>(180)) - new a43a40a6-1ac9-4df3-821c-5cd06fa3b4e5@group-3007C9D98BF3-SegmentedRaftLogWorker for RaftStorage:Storage Directory /github/workspace/mnt/ozone/hadoop-ozone/integration-test/target/test-dir/MiniOzoneClusterImpl-d0e62b51-0f1f-480e-8215-4f24b3183874/datanode-1/data/ratis/3c8fabcf-1241-4db2-af7b-3007c9d98bf3
2020-12-04 06:03:02,142 [pool-666-thread-1] INFO  server.RaftServerConfigKeys (ConfUtils.java:logGet(44)) - raft.server.log.queue.byte-limit = 2147483647 (custom)
2020-12-04 06:03:02,142 [pool-666-thread-1] INFO  server.RaftServerConfigKeys (ConfUtils.java:logGet(44)) - raft.server.log.queue.element-limit = 1024 (custom)
2020-12-04 06:03:02,143 [pool-666-thread-1] INFO  server.RaftServerConfigKeys (ConfUtils.java:logGet(44)) - raft.server.log.segment.size.max = 1048576 (custom)
2020-12-04 06:03:02,143 [pool-666-thread-1] INFO  server.RaftServerConfigKeys (ConfUtils.java:logGet(44)) - raft.server.log.preallocated.size = 16384 (custom)
2020-12-04 06:03:02,143 [pool-666-thread-1] INFO  server.RaftServerConfigKeys (ConfUtils.java:logGet(44)) - raft.server.log.write.buffer.size = 1048576 (custom)
2020-12-04 06:03:02,143 [pool-666-thread-1] INFO  server.RaftServerConfigKeys (ConfUtils.java:logGet(44)) - raft.server.log.force.sync.num = 128 (default)
2020-12-04 06:03:02,143 [pool-666-thread-1] INFO  server.RaftServerConfigKeys (ConfUtils.java:logGet(44)) - raft.server.log.statemachine.data.sync = true (default)
2020-12-04 06:03:02,143 [pool-666-thread-1] INFO  server.RaftServerConfigKeys (ConfUtils.java:logGet(44)) - raft.server.log.statemachine.data.sync.timeout = 10s (default)
2020-12-04 06:03:02,143 [pool-666-thread-1] INFO  server.RaftServerConfigKeys (ConfUtils.java:logGet(44)) - raft.server.log.statemachine.data.sync.timeout.retry = -1 (default)
2020-12-04 06:03:02,145 [pool-666-thread-1] INFO  server.RaftServerConfigKeys (ConfUtils.java:logGet(44)) - raft.server.log.statemachine.data.caching.enabled = true (custom)
2020-12-04 06:03:02,146 [pool-666-thread-1] INFO  segmented.SegmentedRaftLogWorker (SegmentedRaftLogWorker.java:lambda$new$0(129)) - a43a40a6-1ac9-4df3-821c-5cd06fa3b4e5@group-3007C9D98BF3-SegmentedRaftLogWorker: flushIndex: setUnconditionally 0 -> -1
2020-12-04 06:03:02,147 [pool-666-thread-1] INFO  segmented.SegmentedRaftLogWorker (SegmentedRaftLogWorker.java:lambda$new$0(129)) - a43a40a6-1ac9-4df3-821c-5cd06fa3b4e5@group-3007C9D98BF3-SegmentedRaftLogWorker: safeCacheEvictIndex: setUnconditionally 0 -> -1
2020-12-04 06:03:02,149 [pool-666-thread-1] INFO  server.RaftServerConfigKeys (ConfUtils.java:logGet(44)) - raft.server.snapshot.auto.trigger.enabled = true (custom)
2020-12-04 06:03:02,149 [pool-666-thread-1] INFO  server.RaftServerConfigKeys (ConfUtils.java:logGet(44)) - raft.server.snapshot.auto.trigger.threshold = 10000 (custom)
2020-12-04 06:03:02,149 [pool-666-thread-1] INFO  server.RaftServerConfigKeys (ConfUtils.java:logGet(44)) - raft.server.snapshot.retention.file.num = 5 (custom)
2020-12-04 06:03:02,149 [pool-666-thread-1] INFO  server.RaftServerConfigKeys (ConfUtils.java:logGet(44)) - raft.server.log.purge.upto.snapshot.index = false (default)
2020-12-04 06:03:02,149 [pool-666-thread-1] INFO  server.RaftServerConfigKeys (ConfUtils.java:logGet(44)) - raft.server.retrycache.expirytime = 600000ms (custom)
2020-12-04 06:03:02,149 [pool-666-thread-1] INFO  metrics.RatisMetrics (RatisMetrics.java:lambda$create$0(36)) - Creating Metrics Registry : ratis.leader_election.a43a40a6-1ac9-4df3-821c-5cd06fa3b4e5@group-3007C9D98BF3
2020-12-04 06:03:02,150 [pool-666-thread-1] INFO  metrics.RatisMetrics (RatisMetrics.java:lambda$create$0(36)) - Creating Metrics Registry : ratis.server.a43a40a6-1ac9-4df3-821c-5cd06fa3b4e5@group-3007C9D98BF3
2020-12-04 06:03:02,151 [pool-666-thread-1] INFO  impl.RaftServerImpl (RaftServerImpl.java:start(215)) - a43a40a6-1ac9-4df3-821c-5cd06fa3b4e5@group-3007C9D98BF3: start as a follower, conf=-1: [5e97bab7-f049-4685-a9ad-e9f5ff9fc7c1|rpc:172.17.0.2:46089|dataStream:, 5e885a77-8b3e-4dc5-b522-5cb06ff98b04|rpc:172.17.0.2:39901|dataStream:, a43a40a6-1ac9-4df3-821c-5cd06fa3b4e5|rpc:172.17.0.2:36909|dataStream:], old=null
2020-12-04 06:03:02,152 [pool-666-thread-1] INFO  impl.RaftServerImpl (RaftServerImpl.java:setRole(204)) - a43a40a6-1ac9-4df3-821c-5cd06fa3b4e5@group-3007C9D98BF3: changes role from      null to FOLLOWER at term 0 for startAsFollower
2020-12-04 06:03:02,152 [pool-666-thread-1] INFO  impl.RoleInfo (RoleInfo.java:updateAndGet(143)) - a43a40a6-1ac9-4df3-821c-5cd06fa3b4e5: start a43a40a6-1ac9-4df3-821c-5cd06fa3b4e5@group-3007C9D98BF3-FollowerState
2020-12-04 06:03:02,153 [pool-666-thread-1] INFO  util.JmxRegister (JmxRegister.java:tryRegister(44)) - Successfully registered JMX Bean with object name Ratis:service=RaftServer,group=group-3007C9D98BF3,id=a43a40a6-1ac9-4df3-821c-5cd06fa3b4e5
2020-12-04 06:03:02,153 [pool-666-thread-1] INFO  metrics.RatisMetrics (RatisMetrics.java:lambda$create$0(36)) - Creating Metrics Registry : ratis.state_machine.a43a40a6-1ac9-4df3-821c-5cd06fa3b4e5@group-3007C9D98BF3
2020-12-04 06:03:02,168 [Command processor thread] INFO  commandhandler.CreatePipelineCommandHandler (CreatePipelineCommandHandler.java:handle(106)) - Created Pipeline RATIS THREE PipelineID=3c8fabcf-1241-4db2-af7b-3007c9d98bf3.
2020-12-04 06:03:02,169 [Command processor thread] INFO  impl.RaftServerProxy (RaftServerProxy.java:addNew(93)) - 5e885a77-8b3e-4dc5-b522-5cb06ff98b04: addNew group-377E345DD21C:[5e97bab7-f049-4685-a9ad-e9f5ff9fc7c1|rpc:172.17.0.2:46089, 5e885a77-8b3e-4dc5-b522-5cb06ff98b04|rpc:172.17.0.2:39901, a43a40a6-1ac9-4df3-821c-5cd06fa3b4e5|rpc:172.17.0.2:36909] returns group-377E345DD21C:java.util.concurrent.CompletableFuture@63ca1284[Not completed]
2020-12-04 06:03:02,169 [pool-650-thread-1] INFO  impl.RaftServerImpl (RaftServerImpl.java:<init>(121)) - 5e885a77-8b3e-4dc5-b522-5cb06ff98b04: new RaftServerImpl for group-377E345DD21C:[5e97bab7-f049-4685-a9ad-e9f5ff9fc7c1|rpc:172.17.0.2:46089, 5e885a77-8b3e-4dc5-b522-5cb06ff98b04|rpc:172.17.0.2:39901, a43a40a6-1ac9-4df3-821c-5cd06fa3b4e5|rpc:172.17.0.2:36909] with ContainerStateMachine:uninitialized
2020-12-04 06:03:02,169 [pool-650-thread-1] INFO  server.RaftServerConfigKeys (ConfUtils.java:logGet(44)) - raft.server.rpc.timeout.min = 5s (custom)
2020-12-04 06:03:02,170 [pool-650-thread-1] INFO  server.RaftServerConfigKeys (ConfUtils.java:logGet(44)) - raft.server.rpc.timeout.max = 5200ms (custom)
2020-12-04 06:03:02,170 [pool-650-thread-1] INFO  server.RaftServerConfigKeys (ConfUtils.java:logGet(44)) - raft.server.rpc.slowness.timeout = 300000ms (custom)
2020-12-04 06:03:02,170 [pool-650-thread-1] INFO  server.RaftServerConfigKeys (ConfUtils.java:logGet(44)) - raft.server.leaderelection.leader.step-down.wait-time = 10s (default)
2020-12-04 06:03:02,170 [pool-650-thread-1] INFO  server.RaftServerConfigKeys (ConfUtils.java:logGet(44)) - raft.server.sleep.deviation.threshold = 300 (default)
2020-12-04 06:03:02,170 [pool-650-thread-1] INFO  server.RaftServerConfigKeys (ConfUtils.java:logGet(44)) - raft.server.log.appender.install.snapshot.enabled = false (custom)
2020-12-04 06:03:02,170 [pool-650-thread-1] INFO  impl.RaftServerImpl (ServerState.java:<init>(104)) - 5e885a77-8b3e-4dc5-b522-5cb06ff98b04@group-377E345DD21C: ConfigurationManager, init=-1: [5e97bab7-f049-4685-a9ad-e9f5ff9fc7c1|rpc:172.17.0.2:46089, 5e885a77-8b3e-4dc5-b522-5cb06ff98b04|rpc:172.17.0.2:39901, a43a40a6-1ac9-4df3-821c-5cd06fa3b4e5|rpc:172.17.0.2:36909], old=null, confs=<EMPTY_MAP>
2020-12-04 06:03:02,170 [pool-650-thread-1] INFO  server.RaftServerConfigKeys (ConfUtils.java:logGet(44)) - raft.server.storage.dir = [/github/workspace/mnt/ozone/hadoop-ozone/integration-test/target/test-dir/MiniOzoneClusterImpl-d0e62b51-0f1f-480e-8215-4f24b3183874/datanode-0/data/ratis] (custom)
2020-12-04 06:03:02,170 [pool-650-thread-1] INFO  server.RaftServerConfigKeys (ConfUtils.java:logGet(44)) - raft.server.log.corruption.policy = EXCEPTION (default)
2020-12-04 06:03:02,170 [pool-650-thread-1] INFO  storage.RaftStorageDirectory (RaftStorageDirectory.java:analyzeStorage(261)) - The storage directory /github/workspace/mnt/ozone/hadoop-ozone/integration-test/target/test-dir/MiniOzoneClusterImpl-d0e62b51-0f1f-480e-8215-4f24b3183874/datanode-0/data/ratis/d290a255-ec77-401c-905e-377e345dd21c does not exist. Creating ...
2020-12-04 06:03:02,171 [pool-650-thread-1] INFO  storage.RaftStorageDirectory (RaftStorageDirectory.java:tryLock(343)) - Lock on /github/workspace/mnt/ozone/hadoop-ozone/integration-test/target/test-dir/MiniOzoneClusterImpl-d0e62b51-0f1f-480e-8215-4f24b3183874/datanode-0/data/ratis/d290a255-ec77-401c-905e-377e345dd21c/in_use.lock acquired by nodename 32520@63638dc2095a
2020-12-04 06:03:02,172 [pool-650-thread-1] INFO  storage.RaftStorage (RaftStorage.java:format(85)) - Storage directory /github/workspace/mnt/ozone/hadoop-ozone/integration-test/target/test-dir/MiniOzoneClusterImpl-d0e62b51-0f1f-480e-8215-4f24b3183874/datanode-0/data/ratis/d290a255-ec77-401c-905e-377e345dd21c has been successfully formatted.
2020-12-04 06:03:02,172 [pool-650-thread-1] INFO  ratis.ContainerStateMachine (ContainerStateMachine.java:loadSnapshot(225)) - group-377E345DD21C: The snapshot info is null. Setting the last applied indexto:(t:0, i:~)
2020-12-04 06:03:02,172 [pool-650-thread-1] INFO  server.RaftServerConfigKeys (ConfUtils.java:logGet(44)) - raft.server.notification.no-leader.timeout = 300000ms (custom)
2020-12-04 06:03:02,173 [pool-650-thread-1] INFO  server.RaftServerConfigKeys (ConfUtils.java:logGet(44)) - raft.server.log.use.memory = false (default)
2020-12-04 06:03:02,173 [pool-650-thread-1] INFO  server.RaftServerConfigKeys (ConfUtils.java:logGet(44)) - raft.server.log.purge.gap = 1000000 (custom)
2020-12-04 06:03:02,173 [pool-650-thread-1] INFO  metrics.RatisMetrics (RatisMetrics.java:lambda$create$0(36)) - Creating Metrics Registry : ratis.log_worker.5e885a77-8b3e-4dc5-b522-5cb06ff98b04@group-377E345DD21C
2020-12-04 06:03:02,173 [pool-650-thread-1] INFO  server.RaftServerConfigKeys (ConfUtils.java:logGet(44)) - raft.server.log.appender.buffer.byte-limit = 33554432 (custom)
2020-12-04 06:03:02,173 [pool-650-thread-1] INFO  server.RaftServerConfigKeys (ConfUtils.java:logGet(44)) - raft.server.log.segment.size.max = 1048576 (custom)
2020-12-04 06:03:02,175 [pool-650-thread-1] INFO  server.RaftServerConfigKeys (ConfUtils.java:logGet(44)) - raft.server.log.segment.cache.num.max = 2 (custom)
2020-12-04 06:03:02,175 [pool-650-thread-1] INFO  segmented.SegmentedRaftLogWorker (SegmentedRaftLogWorker.java:<init>(180)) - new 5e885a77-8b3e-4dc5-b522-5cb06ff98b04@group-377E345DD21C-SegmentedRaftLogWorker for RaftStorage:Storage Directory /github/workspace/mnt/ozone/hadoop-ozone/integration-test/target/test-dir/MiniOzoneClusterImpl-d0e62b51-0f1f-480e-8215-4f24b3183874/datanode-0/data/ratis/d290a255-ec77-401c-905e-377e345dd21c
2020-12-04 06:03:02,175 [pool-650-thread-1] INFO  server.RaftServerConfigKeys (ConfUtils.java:logGet(44)) - raft.server.log.queue.byte-limit = 2147483647 (custom)
2020-12-04 06:03:02,175 [pool-650-thread-1] INFO  server.RaftServerConfigKeys (ConfUtils.java:logGet(44)) - raft.server.log.queue.element-limit = 1024 (custom)
2020-12-04 06:03:02,175 [pool-650-thread-1] INFO  server.RaftServerConfigKeys (ConfUtils.java:logGet(44)) - raft.server.log.segment.size.max = 1048576 (custom)
2020-12-04 06:03:02,175 [pool-650-thread-1] INFO  server.RaftServerConfigKeys (ConfUtils.java:logGet(44)) - raft.server.log.preallocated.size = 16384 (custom)
2020-12-04 06:03:02,175 [pool-650-thread-1] INFO  server.RaftServerConfigKeys (ConfUtils.java:logGet(44)) - raft.server.log.write.buffer.size = 1048576 (custom)
2020-12-04 06:03:02,175 [pool-650-thread-1] INFO  server.RaftServerConfigKeys (ConfUtils.java:logGet(44)) - raft.server.log.force.sync.num = 128 (default)
2020-12-04 06:03:02,175 [pool-650-thread-1] INFO  server.RaftServerConfigKeys (ConfUtils.java:logGet(44)) - raft.server.log.statemachine.data.sync = true (default)
2020-12-04 06:03:02,175 [pool-650-thread-1] INFO  server.RaftServerConfigKeys (ConfUtils.java:logGet(44)) - raft.server.log.statemachine.data.sync.timeout = 10s (default)
2020-12-04 06:03:02,176 [pool-650-thread-1] INFO  server.RaftServerConfigKeys (ConfUtils.java:logGet(44)) - raft.server.log.statemachine.data.sync.timeout.retry = -1 (default)
2020-12-04 06:03:02,178 [pool-650-thread-1] INFO  server.RaftServerConfigKeys (ConfUtils.java:logGet(44)) - raft.server.log.statemachine.data.caching.enabled = true (custom)
2020-12-04 06:03:02,179 [pool-650-thread-1] INFO  segmented.SegmentedRaftLogWorker (SegmentedRaftLogWorker.java:lambda$new$0(129)) - 5e885a77-8b3e-4dc5-b522-5cb06ff98b04@group-377E345DD21C-SegmentedRaftLogWorker: flushIndex: setUnconditionally 0 -> -1
2020-12-04 06:03:02,179 [pool-650-thread-1] INFO  segmented.SegmentedRaftLogWorker (SegmentedRaftLogWorker.java:lambda$new$0(129)) - 5e885a77-8b3e-4dc5-b522-5cb06ff98b04@group-377E345DD21C-SegmentedRaftLogWorker: safeCacheEvictIndex: setUnconditionally 0 -> -1
2020-12-04 06:03:02,179 [pool-650-thread-1] INFO  server.RaftServerConfigKeys (ConfUtils.java:logGet(44)) - raft.server.snapshot.auto.trigger.enabled = true (custom)
2020-12-04 06:03:02,179 [pool-650-thread-1] INFO  server.RaftServerConfigKeys (ConfUtils.java:logGet(44)) - raft.server.snapshot.auto.trigger.threshold = 10000 (custom)
2020-12-04 06:03:02,179 [pool-650-thread-1] INFO  server.RaftServerConfigKeys (ConfUtils.java:logGet(44)) - raft.server.snapshot.retention.file.num = 5 (custom)
2020-12-04 06:03:02,179 [pool-650-thread-1] INFO  server.RaftServerConfigKeys (ConfUtils.java:logGet(44)) - raft.server.log.purge.upto.snapshot.index = false (default)
2020-12-04 06:03:02,179 [pool-650-thread-1] INFO  server.RaftServerConfigKeys (ConfUtils.java:logGet(44)) - raft.server.retrycache.expirytime = 600000ms (custom)
2020-12-04 06:03:02,179 [pool-650-thread-1] INFO  metrics.RatisMetrics (RatisMetrics.java:lambda$create$0(36)) - Creating Metrics Registry : ratis.leader_election.5e885a77-8b3e-4dc5-b522-5cb06ff98b04@group-377E345DD21C
2020-12-04 06:03:02,180 [pool-650-thread-1] INFO  metrics.RatisMetrics (RatisMetrics.java:lambda$create$0(36)) - Creating Metrics Registry : ratis.server.5e885a77-8b3e-4dc5-b522-5cb06ff98b04@group-377E345DD21C
2020-12-04 06:03:02,181 [pool-650-thread-1] INFO  impl.RaftServerImpl (RaftServerImpl.java:start(215)) - 5e885a77-8b3e-4dc5-b522-5cb06ff98b04@group-377E345DD21C: start as a follower, conf=-1: [5e97bab7-f049-4685-a9ad-e9f5ff9fc7c1|rpc:172.17.0.2:46089, 5e885a77-8b3e-4dc5-b522-5cb06ff98b04|rpc:172.17.0.2:39901, a43a40a6-1ac9-4df3-821c-5cd06fa3b4e5|rpc:172.17.0.2:36909], old=null
2020-12-04 06:03:02,181 [pool-650-thread-1] INFO  impl.RaftServerImpl (RaftServerImpl.java:setRole(204)) - 5e885a77-8b3e-4dc5-b522-5cb06ff98b04@group-377E345DD21C: changes role from      null to FOLLOWER at term 0 for startAsFollower
2020-12-04 06:03:02,181 [pool-650-thread-1] INFO  impl.RoleInfo (RoleInfo.java:updateAndGet(143)) - 5e885a77-8b3e-4dc5-b522-5cb06ff98b04: start 5e885a77-8b3e-4dc5-b522-5cb06ff98b04@group-377E345DD21C-FollowerState
2020-12-04 06:03:02,182 [pool-650-thread-1] INFO  util.JmxRegister (JmxRegister.java:tryRegister(44)) - Successfully registered JMX Bean with object name Ratis:service=RaftServer,group=group-377E345DD21C,id=5e885a77-8b3e-4dc5-b522-5cb06ff98b04
2020-12-04 06:03:02,182 [pool-650-thread-1] INFO  metrics.RatisMetrics (RatisMetrics.java:lambda$create$0(36)) - Creating Metrics Registry : ratis.state_machine.5e885a77-8b3e-4dc5-b522-5cb06ff98b04@group-377E345DD21C
2020-12-04 06:03:02,183 [Command processor thread] INFO  metrics.RatisMetrics (RatisMetrics.java:lambda$create$0(36)) - Creating Metrics Registry : ratis.client_message_metrics.client-BDFBCC268749->5e97bab7-f049-4685-a9ad-e9f5ff9fc7c1
2020-12-04 06:03:02,202 [grpc-default-executor-1] INFO  impl.RaftServerProxy (RaftServerProxy.java:addNew(93)) - 5e97bab7-f049-4685-a9ad-e9f5ff9fc7c1: addNew group-377E345DD21C:[5e97bab7-f049-4685-a9ad-e9f5ff9fc7c1|rpc:172.17.0.2:46089|dataStream:, 5e885a77-8b3e-4dc5-b522-5cb06ff98b04|rpc:172.17.0.2:39901|dataStream:, a43a40a6-1ac9-4df3-821c-5cd06fa3b4e5|rpc:172.17.0.2:36909|dataStream:] returns group-377E345DD21C:java.util.concurrent.CompletableFuture@35ca700b[Not completed]
2020-12-04 06:03:02,203 [pool-746-thread-1] INFO  impl.RaftServerImpl (RaftServerImpl.java:<init>(121)) - 5e97bab7-f049-4685-a9ad-e9f5ff9fc7c1: new RaftServerImpl for group-377E345DD21C:[5e97bab7-f049-4685-a9ad-e9f5ff9fc7c1|rpc:172.17.0.2:46089|dataStream:, 5e885a77-8b3e-4dc5-b522-5cb06ff98b04|rpc:172.17.0.2:39901|dataStream:, a43a40a6-1ac9-4df3-821c-5cd06fa3b4e5|rpc:172.17.0.2:36909|dataStream:] with ContainerStateMachine:uninitialized
2020-12-04 06:03:02,203 [pool-746-thread-1] INFO  server.RaftServerConfigKeys (ConfUtils.java:logGet(44)) - raft.server.rpc.timeout.min = 5s (custom)
2020-12-04 06:03:02,203 [pool-746-thread-1] INFO  server.RaftServerConfigKeys (ConfUtils.java:logGet(44)) - raft.server.rpc.timeout.max = 5200ms (custom)
2020-12-04 06:03:02,203 [pool-746-thread-1] INFO  server.RaftServerConfigKeys (ConfUtils.java:logGet(44)) - raft.server.rpc.slowness.timeout = 300000ms (custom)
2020-12-04 06:03:02,203 [pool-746-thread-1] INFO  server.RaftServerConfigKeys (ConfUtils.java:logGet(44)) - raft.server.leaderelection.leader.step-down.wait-time = 10s (default)
2020-12-04 06:03:02,203 [pool-746-thread-1] INFO  server.RaftServerConfigKeys (ConfUtils.java:logGet(44)) - raft.server.sleep.deviation.threshold = 300 (default)
2020-12-04 06:03:02,203 [pool-746-thread-1] INFO  server.RaftServerConfigKeys (ConfUtils.java:logGet(44)) - raft.server.log.appender.install.snapshot.enabled = false (custom)
2020-12-04 06:03:02,203 [pool-746-thread-1] INFO  impl.RaftServerImpl (ServerState.java:<init>(104)) - 5e97bab7-f049-4685-a9ad-e9f5ff9fc7c1@group-377E345DD21C: ConfigurationManager, init=-1: [5e97bab7-f049-4685-a9ad-e9f5ff9fc7c1|rpc:172.17.0.2:46089|dataStream:, 5e885a77-8b3e-4dc5-b522-5cb06ff98b04|rpc:172.17.0.2:39901|dataStream:, a43a40a6-1ac9-4df3-821c-5cd06fa3b4e5|rpc:172.17.0.2:36909|dataStream:], old=null, confs=<EMPTY_MAP>
2020-12-04 06:03:02,203 [pool-746-thread-1] INFO  server.RaftServerConfigKeys (ConfUtils.java:logGet(44)) - raft.server.storage.dir = [/github/workspace/mnt/ozone/hadoop-ozone/integration-test/target/test-dir/MiniOzoneClusterImpl-d0e62b51-0f1f-480e-8215-4f24b3183874/datanode-6/data/ratis] (custom)
2020-12-04 06:03:02,203 [pool-746-thread-1] INFO  server.RaftServerConfigKeys (ConfUtils.java:logGet(44)) - raft.server.log.corruption.policy = EXCEPTION (default)
2020-12-04 06:03:02,203 [pool-746-thread-1] INFO  storage.RaftStorageDirectory (RaftStorageDirectory.java:analyzeStorage(261)) - The storage directory /github/workspace/mnt/ozone/hadoop-ozone/integration-test/target/test-dir/MiniOzoneClusterImpl-d0e62b51-0f1f-480e-8215-4f24b3183874/datanode-6/data/ratis/d290a255-ec77-401c-905e-377e345dd21c does not exist. Creating ...
2020-12-04 06:03:02,206 [pool-746-thread-1] INFO  storage.RaftStorageDirectory (RaftStorageDirectory.java:tryLock(343)) - Lock on /github/workspace/mnt/ozone/hadoop-ozone/integration-test/target/test-dir/MiniOzoneClusterImpl-d0e62b51-0f1f-480e-8215-4f24b3183874/datanode-6/data/ratis/d290a255-ec77-401c-905e-377e345dd21c/in_use.lock acquired by nodename 32520@63638dc2095a
2020-12-04 06:03:02,207 [pool-746-thread-1] INFO  storage.RaftStorage (RaftStorage.java:format(85)) - Storage directory /github/workspace/mnt/ozone/hadoop-ozone/integration-test/target/test-dir/MiniOzoneClusterImpl-d0e62b51-0f1f-480e-8215-4f24b3183874/datanode-6/data/ratis/d290a255-ec77-401c-905e-377e345dd21c has been successfully formatted.
2020-12-04 06:03:02,207 [pool-746-thread-1] INFO  ratis.ContainerStateMachine (ContainerStateMachine.java:loadSnapshot(225)) - group-377E345DD21C: The snapshot info is null. Setting the last applied indexto:(t:0, i:~)
2020-12-04 06:03:02,207 [pool-746-thread-1] INFO  server.RaftServerConfigKeys (ConfUtils.java:logGet(44)) - raft.server.notification.no-leader.timeout = 300000ms (custom)
2020-12-04 06:03:02,208 [pool-746-thread-1] INFO  server.RaftServerConfigKeys (ConfUtils.java:logGet(44)) - raft.server.log.use.memory = false (default)
2020-12-04 06:03:02,208 [pool-746-thread-1] INFO  server.RaftServerConfigKeys (ConfUtils.java:logGet(44)) - raft.server.log.purge.gap = 1000000 (custom)
2020-12-04 06:03:02,208 [pool-746-thread-1] INFO  metrics.RatisMetrics (RatisMetrics.java:lambda$create$0(36)) - Creating Metrics Registry : ratis.log_worker.5e97bab7-f049-4685-a9ad-e9f5ff9fc7c1@group-377E345DD21C
2020-12-04 06:03:02,208 [pool-746-thread-1] INFO  server.RaftServerConfigKeys (ConfUtils.java:logGet(44)) - raft.server.log.appender.buffer.byte-limit = 33554432 (custom)
2020-12-04 06:03:02,208 [pool-746-thread-1] INFO  server.RaftServerConfigKeys (ConfUtils.java:logGet(44)) - raft.server.log.segment.size.max = 1048576 (custom)
2020-12-04 06:03:02,209 [pool-746-thread-1] INFO  server.RaftServerConfigKeys (ConfUtils.java:logGet(44)) - raft.server.log.segment.cache.num.max = 2 (custom)
2020-12-04 06:03:02,209 [pool-746-thread-1] INFO  segmented.SegmentedRaftLogWorker (SegmentedRaftLogWorker.java:<init>(180)) - new 5e97bab7-f049-4685-a9ad-e9f5ff9fc7c1@group-377E345DD21C-SegmentedRaftLogWorker for RaftStorage:Storage Directory /github/workspace/mnt/ozone/hadoop-ozone/integration-test/target/test-dir/MiniOzoneClusterImpl-d0e62b51-0f1f-480e-8215-4f24b3183874/datanode-6/data/ratis/d290a255-ec77-401c-905e-377e345dd21c
2020-12-04 06:03:02,209 [pool-746-thread-1] INFO  server.RaftServerConfigKeys (ConfUtils.java:logGet(44)) - raft.server.log.queue.byte-limit = 2147483647 (custom)
2020-12-04 06:03:02,209 [pool-746-thread-1] INFO  server.RaftServerConfigKeys (ConfUtils.java:logGet(44)) - raft.server.log.queue.element-limit = 1024 (custom)
2020-12-04 06:03:02,209 [pool-746-thread-1] INFO  server.RaftServerConfigKeys (ConfUtils.java:logGet(44)) - raft.server.log.segment.size.max = 1048576 (custom)
2020-12-04 06:03:02,209 [pool-746-thread-1] INFO  server.RaftServerConfigKeys (ConfUtils.java:logGet(44)) - raft.server.log.preallocated.size = 16384 (custom)
2020-12-04 06:03:02,210 [pool-746-thread-1] INFO  server.RaftServerConfigKeys (ConfUtils.java:logGet(44)) - raft.server.log.write.buffer.size = 1048576 (custom)
2020-12-04 06:03:02,210 [pool-746-thread-1] INFO  server.RaftServerConfigKeys (ConfUtils.java:logGet(44)) - raft.server.log.force.sync.num = 128 (default)
2020-12-04 06:03:02,210 [pool-746-thread-1] INFO  server.RaftServerConfigKeys (ConfUtils.java:logGet(44)) - raft.server.log.statemachine.data.sync = true (default)
2020-12-04 06:03:02,210 [pool-746-thread-1] INFO  server.RaftServerConfigKeys (ConfUtils.java:logGet(44)) - raft.server.log.statemachine.data.sync.timeout = 10s (default)
2020-12-04 06:03:02,210 [pool-746-thread-1] INFO  server.RaftServerConfigKeys (ConfUtils.java:logGet(44)) - raft.server.log.statemachine.data.sync.timeout.retry = -1 (default)
2020-12-04 06:03:02,212 [pool-746-thread-1] INFO  server.RaftServerConfigKeys (ConfUtils.java:logGet(44)) - raft.server.log.statemachine.data.caching.enabled = true (custom)
2020-12-04 06:03:02,212 [pool-746-thread-1] INFO  segmented.SegmentedRaftLogWorker (SegmentedRaftLogWorker.java:lambda$new$0(129)) - 5e97bab7-f049-4685-a9ad-e9f5ff9fc7c1@group-377E345DD21C-SegmentedRaftLogWorker: flushIndex: setUnconditionally 0 -> -1
2020-12-04 06:03:02,212 [pool-746-thread-1] INFO  segmented.SegmentedRaftLogWorker (SegmentedRaftLogWorker.java:lambda$new$0(129)) - 5e97bab7-f049-4685-a9ad-e9f5ff9fc7c1@group-377E345DD21C-SegmentedRaftLogWorker: safeCacheEvictIndex: setUnconditionally 0 -> -1
2020-12-04 06:03:02,212 [pool-746-thread-1] INFO  server.RaftServerConfigKeys (ConfUtils.java:logGet(44)) - raft.server.snapshot.auto.trigger.enabled = true (custom)
2020-12-04 06:03:02,212 [pool-746-thread-1] INFO  server.RaftServerConfigKeys (ConfUtils.java:logGet(44)) - raft.server.snapshot.auto.trigger.threshold = 10000 (custom)
2020-12-04 06:03:02,212 [pool-746-thread-1] INFO  server.RaftServerConfigKeys (ConfUtils.java:logGet(44)) - raft.server.snapshot.retention.file.num = 5 (custom)
2020-12-04 06:03:02,212 [pool-746-thread-1] INFO  server.RaftServerConfigKeys (ConfUtils.java:logGet(44)) - raft.server.log.purge.upto.snapshot.index = false (default)
2020-12-04 06:03:02,213 [pool-746-thread-1] INFO  server.RaftServerConfigKeys (ConfUtils.java:logGet(44)) - raft.server.retrycache.expirytime = 600000ms (custom)
2020-12-04 06:03:02,213 [pool-746-thread-1] INFO  metrics.RatisMetrics (RatisMetrics.java:lambda$create$0(36)) - Creating Metrics Registry : ratis.leader_election.5e97bab7-f049-4685-a9ad-e9f5ff9fc7c1@group-377E345DD21C
2020-12-04 06:03:02,213 [pool-746-thread-1] INFO  metrics.RatisMetrics (RatisMetrics.java:lambda$create$0(36)) - Creating Metrics Registry : ratis.server.5e97bab7-f049-4685-a9ad-e9f5ff9fc7c1@group-377E345DD21C
2020-12-04 06:03:02,215 [pool-746-thread-1] INFO  impl.RaftServerImpl (RaftServerImpl.java:start(215)) - 5e97bab7-f049-4685-a9ad-e9f5ff9fc7c1@group-377E345DD21C: start as a follower, conf=-1: [5e97bab7-f049-4685-a9ad-e9f5ff9fc7c1|rpc:172.17.0.2:46089|dataStream:, 5e885a77-8b3e-4dc5-b522-5cb06ff98b04|rpc:172.17.0.2:39901|dataStream:, a43a40a6-1ac9-4df3-821c-5cd06fa3b4e5|rpc:172.17.0.2:36909|dataStream:], old=null
2020-12-04 06:03:02,215 [pool-746-thread-1] INFO  impl.RaftServerImpl (RaftServerImpl.java:setRole(204)) - 5e97bab7-f049-4685-a9ad-e9f5ff9fc7c1@group-377E345DD21C: changes role from      null to FOLLOWER at term 0 for startAsFollower
2020-12-04 06:03:02,215 [pool-746-thread-1] INFO  impl.RoleInfo (RoleInfo.java:updateAndGet(143)) - 5e97bab7-f049-4685-a9ad-e9f5ff9fc7c1: start 5e97bab7-f049-4685-a9ad-e9f5ff9fc7c1@group-377E345DD21C-FollowerState
2020-12-04 06:03:02,215 [pool-746-thread-1] INFO  util.JmxRegister (JmxRegister.java:tryRegister(44)) - Successfully registered JMX Bean with object name Ratis:service=RaftServer,group=group-377E345DD21C,id=5e97bab7-f049-4685-a9ad-e9f5ff9fc7c1
2020-12-04 06:03:02,215 [pool-746-thread-1] INFO  metrics.RatisMetrics (RatisMetrics.java:lambda$create$0(36)) - Creating Metrics Registry : ratis.state_machine.5e97bab7-f049-4685-a9ad-e9f5ff9fc7c1@group-377E345DD21C
2020-12-04 06:03:02,232 [Command processor thread] INFO  metrics.RatisMetrics (RatisMetrics.java:lambda$create$0(36)) - Creating Metrics Registry : ratis.client_message_metrics.client-9FE805784B4C->a43a40a6-1ac9-4df3-821c-5cd06fa3b4e5
2020-12-04 06:03:02,236 [grpc-default-executor-1] INFO  impl.RaftServerProxy (RaftServerProxy.java:addNew(93)) - a43a40a6-1ac9-4df3-821c-5cd06fa3b4e5: addNew group-377E345DD21C:[5e97bab7-f049-4685-a9ad-e9f5ff9fc7c1|rpc:172.17.0.2:46089|dataStream:, 5e885a77-8b3e-4dc5-b522-5cb06ff98b04|rpc:172.17.0.2:39901|dataStream:, a43a40a6-1ac9-4df3-821c-5cd06fa3b4e5|rpc:172.17.0.2:36909|dataStream:] returns group-377E345DD21C:java.util.concurrent.CompletableFuture@111ffa82[Not completed]
2020-12-04 06:03:02,237 [pool-666-thread-1] INFO  impl.RaftServerImpl (RaftServerImpl.java:<init>(121)) - a43a40a6-1ac9-4df3-821c-5cd06fa3b4e5: new RaftServerImpl for group-377E345DD21C:[5e97bab7-f049-4685-a9ad-e9f5ff9fc7c1|rpc:172.17.0.2:46089|dataStream:, 5e885a77-8b3e-4dc5-b522-5cb06ff98b04|rpc:172.17.0.2:39901|dataStream:, a43a40a6-1ac9-4df3-821c-5cd06fa3b4e5|rpc:172.17.0.2:36909|dataStream:] with ContainerStateMachine:uninitialized
2020-12-04 06:03:02,237 [pool-666-thread-1] INFO  server.RaftServerConfigKeys (ConfUtils.java:logGet(44)) - raft.server.rpc.timeout.min = 5s (custom)
2020-12-04 06:03:02,237 [pool-666-thread-1] INFO  server.RaftServerConfigKeys (ConfUtils.java:logGet(44)) - raft.server.rpc.timeout.max = 5200ms (custom)
2020-12-04 06:03:02,237 [pool-666-thread-1] INFO  server.RaftServerConfigKeys (ConfUtils.java:logGet(44)) - raft.server.rpc.slowness.timeout = 300000ms (custom)
2020-12-04 06:03:02,237 [pool-666-thread-1] INFO  server.RaftServerConfigKeys (ConfUtils.java:logGet(44)) - raft.server.leaderelection.leader.step-down.wait-time = 10s (default)
2020-12-04 06:03:02,237 [pool-666-thread-1] INFO  server.RaftServerConfigKeys (ConfUtils.java:logGet(44)) - raft.server.sleep.deviation.threshold = 300 (default)
2020-12-04 06:03:02,237 [pool-666-thread-1] INFO  server.RaftServerConfigKeys (ConfUtils.java:logGet(44)) - raft.server.log.appender.install.snapshot.enabled = false (custom)
2020-12-04 06:03:02,237 [pool-666-thread-1] INFO  impl.RaftServerImpl (ServerState.java:<init>(104)) - a43a40a6-1ac9-4df3-821c-5cd06fa3b4e5@group-377E345DD21C: ConfigurationManager, init=-1: [5e97bab7-f049-4685-a9ad-e9f5ff9fc7c1|rpc:172.17.0.2:46089|dataStream:, 5e885a77-8b3e-4dc5-b522-5cb06ff98b04|rpc:172.17.0.2:39901|dataStream:, a43a40a6-1ac9-4df3-821c-5cd06fa3b4e5|rpc:172.17.0.2:36909|dataStream:], old=null, confs=<EMPTY_MAP>
2020-12-04 06:03:02,237 [pool-666-thread-1] INFO  server.RaftServerConfigKeys (ConfUtils.java:logGet(44)) - raft.server.storage.dir = [/github/workspace/mnt/ozone/hadoop-ozone/integration-test/target/test-dir/MiniOzoneClusterImpl-d0e62b51-0f1f-480e-8215-4f24b3183874/datanode-1/data/ratis] (custom)
2020-12-04 06:03:02,238 [pool-666-thread-1] INFO  server.RaftServerConfigKeys (ConfUtils.java:logGet(44)) - raft.server.log.corruption.policy = EXCEPTION (default)
2020-12-04 06:03:02,238 [pool-666-thread-1] INFO  storage.RaftStorageDirectory (RaftStorageDirectory.java:analyzeStorage(261)) - The storage directory /github/workspace/mnt/ozone/hadoop-ozone/integration-test/target/test-dir/MiniOzoneClusterImpl-d0e62b51-0f1f-480e-8215-4f24b3183874/datanode-1/data/ratis/d290a255-ec77-401c-905e-377e345dd21c does not exist. Creating ...
2020-12-04 06:03:02,239 [pool-666-thread-1] INFO  storage.RaftStorageDirectory (RaftStorageDirectory.java:tryLock(343)) - Lock on /github/workspace/mnt/ozone/hadoop-ozone/integration-test/target/test-dir/MiniOzoneClusterImpl-d0e62b51-0f1f-480e-8215-4f24b3183874/datanode-1/data/ratis/d290a255-ec77-401c-905e-377e345dd21c/in_use.lock acquired by nodename 32520@63638dc2095a
2020-12-04 06:03:02,241 [pool-666-thread-1] INFO  storage.RaftStorage (RaftStorage.java:format(85)) - Storage directory /github/workspace/mnt/ozone/hadoop-ozone/integration-test/target/test-dir/MiniOzoneClusterImpl-d0e62b51-0f1f-480e-8215-4f24b3183874/datanode-1/data/ratis/d290a255-ec77-401c-905e-377e345dd21c has been successfully formatted.
2020-12-04 06:03:02,241 [pool-666-thread-1] INFO  ratis.ContainerStateMachine (ContainerStateMachine.java:loadSnapshot(225)) - group-377E345DD21C: The snapshot info is null. Setting the last applied indexto:(t:0, i:~)
2020-12-04 06:03:02,242 [pool-666-thread-1] INFO  server.RaftServerConfigKeys (ConfUtils.java:logGet(44)) - raft.server.notification.no-leader.timeout = 300000ms (custom)
2020-12-04 06:03:02,242 [pool-666-thread-1] INFO  server.RaftServerConfigKeys (ConfUtils.java:logGet(44)) - raft.server.log.use.memory = false (default)
2020-12-04 06:03:02,242 [pool-666-thread-1] INFO  server.RaftServerConfigKeys (ConfUtils.java:logGet(44)) - raft.server.log.purge.gap = 1000000 (custom)
2020-12-04 06:03:02,242 [pool-666-thread-1] INFO  metrics.RatisMetrics (RatisMetrics.java:lambda$create$0(36)) - Creating Metrics Registry : ratis.log_worker.a43a40a6-1ac9-4df3-821c-5cd06fa3b4e5@group-377E345DD21C
2020-12-04 06:03:02,242 [pool-666-thread-1] INFO  server.RaftServerConfigKeys (ConfUtils.java:logGet(44)) - raft.server.log.appender.buffer.byte-limit = 33554432 (custom)
2020-12-04 06:03:02,242 [pool-666-thread-1] INFO  server.RaftServerConfigKeys (ConfUtils.java:logGet(44)) - raft.server.log.segment.size.max = 1048576 (custom)
2020-12-04 06:03:02,243 [pool-666-thread-1] INFO  server.RaftServerConfigKeys (ConfUtils.java:logGet(44)) - raft.server.log.segment.cache.num.max = 2 (custom)
2020-12-04 06:03:02,243 [pool-666-thread-1] INFO  segmented.SegmentedRaftLogWorker (SegmentedRaftLogWorker.java:<init>(180)) - new a43a40a6-1ac9-4df3-821c-5cd06fa3b4e5@group-377E345DD21C-SegmentedRaftLogWorker for RaftStorage:Storage Directory /github/workspace/mnt/ozone/hadoop-ozone/integration-test/target/test-dir/MiniOzoneClusterImpl-d0e62b51-0f1f-480e-8215-4f24b3183874/datanode-1/data/ratis/d290a255-ec77-401c-905e-377e345dd21c
2020-12-04 06:03:02,243 [pool-666-thread-1] INFO  server.RaftServerConfigKeys (ConfUtils.java:logGet(44)) - raft.server.log.queue.byte-limit = 2147483647 (custom)
2020-12-04 06:03:02,243 [pool-666-thread-1] INFO  server.RaftServerConfigKeys (ConfUtils.java:logGet(44)) - raft.server.log.queue.element-limit = 1024 (custom)
2020-12-04 06:03:02,243 [pool-666-thread-1] INFO  server.RaftServerConfigKeys (ConfUtils.java:logGet(44)) - raft.server.log.segment.size.max = 1048576 (custom)
2020-12-04 06:03:02,243 [pool-666-thread-1] INFO  server.RaftServerConfigKeys (ConfUtils.java:logGet(44)) - raft.server.log.preallocated.size = 16384 (custom)
2020-12-04 06:03:02,243 [pool-666-thread-1] INFO  server.RaftServerConfigKeys (ConfUtils.java:logGet(44)) - raft.server.log.write.buffer.size = 1048576 (custom)
2020-12-04 06:03:02,243 [pool-666-thread-1] INFO  server.RaftServerConfigKeys (ConfUtils.java:logGet(44)) - raft.server.log.force.sync.num = 128 (default)
2020-12-04 06:03:02,243 [pool-666-thread-1] INFO  server.RaftServerConfigKeys (ConfUtils.java:logGet(44)) - raft.server.log.statemachine.data.sync = true (default)
2020-12-04 06:03:02,244 [pool-666-thread-1] INFO  server.RaftServerConfigKeys (ConfUtils.java:logGet(44)) - raft.server.log.statemachine.data.sync.timeout = 10s (default)
2020-12-04 06:03:02,244 [pool-666-thread-1] INFO  server.RaftServerConfigKeys (ConfUtils.java:logGet(44)) - raft.server.log.statemachine.data.sync.timeout.retry = -1 (default)
2020-12-04 06:03:02,246 [pool-666-thread-1] INFO  server.RaftServerConfigKeys (ConfUtils.java:logGet(44)) - raft.server.log.statemachine.data.caching.enabled = true (custom)
2020-12-04 06:03:02,246 [pool-666-thread-1] INFO  segmented.SegmentedRaftLogWorker (SegmentedRaftLogWorker.java:lambda$new$0(129)) - a43a40a6-1ac9-4df3-821c-5cd06fa3b4e5@group-377E345DD21C-SegmentedRaftLogWorker: flushIndex: setUnconditionally 0 -> -1
2020-12-04 06:03:02,246 [pool-666-thread-1] INFO  segmented.SegmentedRaftLogWorker (SegmentedRaftLogWorker.java:lambda$new$0(129)) - a43a40a6-1ac9-4df3-821c-5cd06fa3b4e5@group-377E345DD21C-SegmentedRaftLogWorker: safeCacheEvictIndex: setUnconditionally 0 -> -1
2020-12-04 06:03:02,249 [pool-666-thread-1] INFO  server.RaftServerConfigKeys (ConfUtils.java:logGet(44)) - raft.server.snapshot.auto.trigger.enabled = true (custom)
2020-12-04 06:03:02,249 [pool-666-thread-1] INFO  server.RaftServerConfigKeys (ConfUtils.java:logGet(44)) - raft.server.snapshot.auto.trigger.threshold = 10000 (custom)
2020-12-04 06:03:02,249 [pool-666-thread-1] INFO  server.RaftServerConfigKeys (ConfUtils.java:logGet(44)) - raft.server.snapshot.retention.file.num = 5 (custom)
2020-12-04 06:03:02,249 [pool-666-thread-1] INFO  server.RaftServerConfigKeys (ConfUtils.java:logGet(44)) - raft.server.log.purge.upto.snapshot.index = false (default)
2020-12-04 06:03:02,249 [pool-666-thread-1] INFO  server.RaftServerConfigKeys (ConfUtils.java:logGet(44)) - raft.server.retrycache.expirytime = 600000ms (custom)
2020-12-04 06:03:02,249 [pool-666-thread-1] INFO  metrics.RatisMetrics (RatisMetrics.java:lambda$create$0(36)) - Creating Metrics Registry : ratis.leader_election.a43a40a6-1ac9-4df3-821c-5cd06fa3b4e5@group-377E345DD21C
2020-12-04 06:03:02,250 [pool-666-thread-1] INFO  metrics.RatisMetrics (RatisMetrics.java:lambda$create$0(36)) - Creating Metrics Registry : ratis.server.a43a40a6-1ac9-4df3-821c-5cd06fa3b4e5@group-377E345DD21C
2020-12-04 06:03:02,251 [pool-666-thread-1] INFO  impl.RaftServerImpl (RaftServerImpl.java:start(215)) - a43a40a6-1ac9-4df3-821c-5cd06fa3b4e5@group-377E345DD21C: start as a follower, conf=-1: [5e97bab7-f049-4685-a9ad-e9f5ff9fc7c1|rpc:172.17.0.2:46089|dataStream:, 5e885a77-8b3e-4dc5-b522-5cb06ff98b04|rpc:172.17.0.2:39901|dataStream:, a43a40a6-1ac9-4df3-821c-5cd06fa3b4e5|rpc:172.17.0.2:36909|dataStream:], old=null
2020-12-04 06:03:02,251 [pool-666-thread-1] INFO  impl.RaftServerImpl (RaftServerImpl.java:setRole(204)) - a43a40a6-1ac9-4df3-821c-5cd06fa3b4e5@group-377E345DD21C: changes role from      null to FOLLOWER at term 0 for startAsFollower
2020-12-04 06:03:02,251 [pool-666-thread-1] INFO  impl.RoleInfo (RoleInfo.java:updateAndGet(143)) - a43a40a6-1ac9-4df3-821c-5cd06fa3b4e5: start a43a40a6-1ac9-4df3-821c-5cd06fa3b4e5@group-377E345DD21C-FollowerState
2020-12-04 06:03:02,252 [pool-666-thread-1] INFO  util.JmxRegister (JmxRegister.java:tryRegister(44)) - Successfully registered JMX Bean with object name Ratis:service=RaftServer,group=group-377E345DD21C,id=a43a40a6-1ac9-4df3-821c-5cd06fa3b4e5
2020-12-04 06:03:02,252 [pool-666-thread-1] INFO  metrics.RatisMetrics (RatisMetrics.java:lambda$create$0(36)) - Creating Metrics Registry : ratis.state_machine.a43a40a6-1ac9-4df3-821c-5cd06fa3b4e5@group-377E345DD21C
2020-12-04 06:03:02,255 [Command processor thread] INFO  commandhandler.CreatePipelineCommandHandler (CreatePipelineCommandHandler.java:handle(106)) - Created Pipeline RATIS THREE PipelineID=d290a255-ec77-401c-905e-377e345dd21c.
2020-12-04 06:03:02,604 [ForkJoinPool.commonPool-worker-1] INFO  ozoneimpl.OzoneContainer (OzoneContainer.java:stop(257)) - Attempting to stop container services.
2020-12-04 06:03:02,604 [Listener at 127.0.0.1/45059] INFO  ozoneimpl.OzoneContainer (OzoneContainer.java:stop(257)) - Attempting to stop container services.
2020-12-04 06:03:02,605 [Listener at 127.0.0.1/45059] INFO  impl.RaftServerProxy (RaftServerProxy.java:lambda$close$4(338)) - 54498115-28c1-4381-b59e-fdf207a0d628: close
2020-12-04 06:03:02,605 [Listener at 127.0.0.1/45059] INFO  impl.RaftServerImpl (RaftServerImpl.java:lambda$shutdown$3(328)) - 54498115-28c1-4381-b59e-fdf207a0d628@group-F138BF844AFC: shutdown
2020-12-04 06:03:02,604 [ForkJoinPool.commonPool-worker-1] INFO  impl.RaftServerProxy (RaftServerProxy.java:lambda$close$4(338)) - a43a40a6-1ac9-4df3-821c-5cd06fa3b4e5: close
2020-12-04 06:03:02,605 [Listener at 127.0.0.1/45059] INFO  util.JmxRegister (JmxRegister.java:unregister(73)) - Successfully un-registered JMX Bean with object name Ratis:service=RaftServer,group=group-F138BF844AFC,id=54498115-28c1-4381-b59e-fdf207a0d628
2020-12-04 06:03:02,605 [Listener at 127.0.0.1/45059] INFO  impl.RoleInfo (RoleInfo.java:shutdownLeaderState(104)) - 54498115-28c1-4381-b59e-fdf207a0d628: shutdown 54498115-28c1-4381-b59e-fdf207a0d628@group-F138BF844AFC-LeaderState
2020-12-04 06:03:02,605 [Listener at 127.0.0.1/45059] INFO  metrics.RatisMetrics (RatisMetrics.java:unregister(43)) - Unregistering Metrics Registry : ratis_grpc.log_appender.54498115-28c1-4381-b59e-fdf207a0d628@group-F138BF844AFC
2020-12-04 06:03:02,605 [ForkJoinPool.commonPool-worker-1] INFO  impl.RaftServerImpl (RaftServerImpl.java:lambda$shutdown$3(328)) - a43a40a6-1ac9-4df3-821c-5cd06fa3b4e5@group-3007C9D98BF3: shutdown
2020-12-04 06:03:02,606 [org.apache.ratis.server.impl.LogAppender$AppenderDaemon$$Lambda$477/237548453@3ea481ee] WARN  server.GrpcLogAppender (GrpcLogAppender.java:mayWait(168)) - 54498115-28c1-4381-b59e-fdf207a0d628@group-F138BF844AFC->a8add95f-9482-4e6d-9ba6-8975b33532e8-GrpcLogAppender: Wait interrupted by java.lang.InterruptedException
2020-12-04 06:03:02,606 [Listener at 127.0.0.1/45059] INFO  metrics.RatisMetrics (RatisMetrics.java:unregister(43)) - Unregistering Metrics Registry : ratis_grpc.log_appender.54498115-28c1-4381-b59e-fdf207a0d628@group-F138BF844AFC
2020-12-04 06:03:02,606 [grpc-default-executor-1] INFO  server.GrpcServerProtocolService (GrpcServerProtocolService.java:onCompleted(138)) - a8add95f-9482-4e6d-9ba6-8975b33532e8: Completed APPEND_ENTRIES, lastRequest: 54498115-28c1-4381-b59e-fdf207a0d628->a8add95f-9482-4e6d-9ba6-8975b33532e8#51-t1, previous=(t:1, i:17), leaderCommit=17, initializing? false, entries: size=1, first=(t:1, i:18), METADATAENTRY(c:17)
2020-12-04 06:03:02,606 [org.apache.ratis.server.impl.LogAppender$AppenderDaemon$$Lambda$477/237548453@1b3456f0] WARN  server.GrpcLogAppender (GrpcLogAppender.java:mayWait(168)) - 54498115-28c1-4381-b59e-fdf207a0d628@group-F138BF844AFC->3f9b5df4-bd86-4512-adfe-d4a46e1501cb-GrpcLogAppender: Wait interrupted by java.lang.InterruptedException
2020-12-04 06:03:02,606 [Listener at 127.0.0.1/45059] INFO  impl.PendingRequests (PendingRequests.java:sendNotLeaderResponses(250)) - 54498115-28c1-4381-b59e-fdf207a0d628@group-F138BF844AFC-PendingRequests: sendNotLeaderResponses
2020-12-04 06:03:02,606 [ForkJoinPool.commonPool-worker-1] INFO  util.JmxRegister (JmxRegister.java:unregister(73)) - Successfully un-registered JMX Bean with object name Ratis:service=RaftServer,group=group-3007C9D98BF3,id=a43a40a6-1ac9-4df3-821c-5cd06fa3b4e5
2020-12-04 06:03:02,609 [ForkJoinPool.commonPool-worker-1] INFO  impl.RoleInfo (RoleInfo.java:shutdownFollowerState(121)) - a43a40a6-1ac9-4df3-821c-5cd06fa3b4e5: shutdown a43a40a6-1ac9-4df3-821c-5cd06fa3b4e5@group-3007C9D98BF3-FollowerState
2020-12-04 06:03:02,609 [ForkJoinPool.commonPool-worker-1] INFO  impl.StateMachineUpdater (StateMachineUpdater.java:stopAndJoin(147)) - a43a40a6-1ac9-4df3-821c-5cd06fa3b4e5@group-3007C9D98BF3-StateMachineUpdater: set stopIndex = -1
2020-12-04 06:03:02,609 [grpc-default-executor-1] INFO  server.GrpcServerProtocolService (GrpcServerProtocolService.java:onCompleted(138)) - 3f9b5df4-bd86-4512-adfe-d4a46e1501cb: Completed APPEND_ENTRIES, lastRequest: 54498115-28c1-4381-b59e-fdf207a0d628->3f9b5df4-bd86-4512-adfe-d4a46e1501cb#303-t1, previous=(t:1, i:17), leaderCommit=17, initializing? false, entries: size=1, first=(t:1, i:18), METADATAENTRY(c:17)
2020-12-04 06:03:02,609 [Listener at 127.0.0.1/45059] INFO  metrics.RatisMetrics (RatisMetrics.java:unregister(43)) - Unregistering Metrics Registry : ratis.log_appender.54498115-28c1-4381-b59e-fdf207a0d628@group-F138BF844AFC
2020-12-04 06:03:02,609 [Listener at 127.0.0.1/45059] INFO  metrics.RatisMetrics (RatisMetrics.java:unregister(43)) - Unregistering Metrics Registry : ratis.server.54498115-28c1-4381-b59e-fdf207a0d628@group-F138BF844AFC
2020-12-04 06:03:02,609 [grpc-default-executor-8] INFO  server.GrpcLogAppender (GrpcLogAppender.java:onCompleted(337)) - 54498115-28c1-4381-b59e-fdf207a0d628@group-F138BF844AFC->a8add95f-9482-4e6d-9ba6-8975b33532e8-AppendLogResponseHandler: follower responses appendEntries COMPLETED
2020-12-04 06:03:02,610 [grpc-default-executor-8] INFO  impl.FollowerInfo (FollowerInfo.java:lambda$new$0(51)) - 54498115-28c1-4381-b59e-fdf207a0d628@group-F138BF844AFC->a8add95f-9482-4e6d-9ba6-8975b33532e8: nextIndex: updateUnconditionally 19 -> 18
2020-12-04 06:03:02,609 [a43a40a6-1ac9-4df3-821c-5cd06fa3b4e5@group-3007C9D98BF3-StateMachineUpdater] INFO  metrics.RatisMetrics (RatisMetrics.java:unregister(43)) - Unregistering Metrics Registry : ratis.state_machine.a43a40a6-1ac9-4df3-821c-5cd06fa3b4e5@group-3007C9D98BF3
2020-12-04 06:03:02,609 [Thread-2823] INFO  impl.FollowerState (FollowerState.java:run(137)) - a43a40a6-1ac9-4df3-821c-5cd06fa3b4e5@group-3007C9D98BF3-FollowerState was interrupted: {}
java.lang.InterruptedException: sleep interrupted
	at java.lang.Thread.sleep(Native Method)
	at org.apache.ratis.util.JavaUtils.sleep(JavaUtils.java:250)
	at org.apache.ratis.server.impl.FollowerState.run(FollowerState.java:116)
2020-12-04 06:03:02,610 [grpc-default-executor-8] INFO  server.GrpcLogAppender (GrpcLogAppender.java:onCompleted(337)) - 54498115-28c1-4381-b59e-fdf207a0d628@group-F138BF844AFC->3f9b5df4-bd86-4512-adfe-d4a46e1501cb-AppendLogResponseHandler: follower responses appendEntries COMPLETED
2020-12-04 06:03:02,610 [grpc-default-executor-8] INFO  impl.FollowerInfo (FollowerInfo.java:lambda$new$0(51)) - 54498115-28c1-4381-b59e-fdf207a0d628@group-F138BF844AFC->3f9b5df4-bd86-4512-adfe-d4a46e1501cb: nextIndex: updateUnconditionally 19 -> 18
2020-12-04 06:03:02,610 [ForkJoinPool.commonPool-worker-1] INFO  impl.RaftServerImpl (ServerState.java:close(406)) - a43a40a6-1ac9-4df3-821c-5cd06fa3b4e5@group-3007C9D98BF3: closes. applyIndex: -1
2020-12-04 06:03:02,611 [a43a40a6-1ac9-4df3-821c-5cd06fa3b4e5@group-3007C9D98BF3-SegmentedRaftLogWorker] INFO  segmented.SegmentedRaftLogWorker (SegmentedRaftLogWorker.java:run(329)) - a43a40a6-1ac9-4df3-821c-5cd06fa3b4e5@group-3007C9D98BF3-SegmentedRaftLogWorker was interrupted, exiting. There are 0 tasks remaining in the queue.
2020-12-04 06:03:02,611 [ForkJoinPool.commonPool-worker-1] INFO  segmented.SegmentedRaftLogWorker (SegmentedRaftLogWorker.java:close(235)) - a43a40a6-1ac9-4df3-821c-5cd06fa3b4e5@group-3007C9D98BF3-SegmentedRaftLogWorker close()
2020-12-04 06:03:02,614 [ForkJoinPool.commonPool-worker-1] INFO  metrics.RatisMetrics (RatisMetrics.java:unregister(43)) - Unregistering Metrics Registry : ratis.log_worker.a43a40a6-1ac9-4df3-821c-5cd06fa3b4e5@group-3007C9D98BF3
2020-12-04 06:03:02,614 [ForkJoinPool.commonPool-worker-1] INFO  metrics.RatisMetrics (RatisMetrics.java:unregister(43)) - Unregistering Metrics Registry : ratis.leader_election.a43a40a6-1ac9-4df3-821c-5cd06fa3b4e5@group-3007C9D98BF3
2020-12-04 06:03:02,614 [ForkJoinPool.commonPool-worker-1] INFO  metrics.RatisMetrics (RatisMetrics.java:unregister(43)) - Unregistering Metrics Registry : ratis.server.a43a40a6-1ac9-4df3-821c-5cd06fa3b4e5@group-3007C9D98BF3
2020-12-04 06:03:02,614 [ForkJoinPool.commonPool-worker-1] INFO  impl.RaftServerImpl (RaftServerImpl.java:lambda$shutdown$3(328)) - a43a40a6-1ac9-4df3-821c-5cd06fa3b4e5@group-FDFAA90BAE53: shutdown
2020-12-04 06:03:02,614 [ForkJoinPool.commonPool-worker-1] INFO  util.JmxRegister (JmxRegister.java:unregister(73)) - Successfully un-registered JMX Bean with object name Ratis:service=RaftServer,group=group-FDFAA90BAE53,id=a43a40a6-1ac9-4df3-821c-5cd06fa3b4e5
2020-12-04 06:03:02,614 [ForkJoinPool.commonPool-worker-1] INFO  impl.RoleInfo (RoleInfo.java:shutdownFollowerState(121)) - a43a40a6-1ac9-4df3-821c-5cd06fa3b4e5: shutdown a43a40a6-1ac9-4df3-821c-5cd06fa3b4e5@group-FDFAA90BAE53-FollowerState
2020-12-04 06:03:02,615 [54498115-28c1-4381-b59e-fdf207a0d628@group-F138BF844AFC-StateMachineUpdater] INFO  ratis.ContainerStateMachine (ContainerStateMachine.java:takeSnapshot(293)) - group-F138BF844AFC: Taking a snapshot at:(t:1, i:18) file /github/workspace/mnt/ozone/hadoop-ozone/integration-test/target/test-dir/MiniOzoneClusterImpl-d0e62b51-0f1f-480e-8215-4f24b3183874/datanode-4/data/ratis/f8d9c3ab-5226-4468-a24d-f138bf844afc/sm/snapshot.1_18
2020-12-04 06:03:02,615 [Thread-2592] INFO  impl.FollowerState (FollowerState.java:run(137)) - a43a40a6-1ac9-4df3-821c-5cd06fa3b4e5@group-FDFAA90BAE53-FollowerState was interrupted: {}
java.lang.InterruptedException: sleep interrupted
	at java.lang.Thread.sleep(Native Method)
	at org.apache.ratis.util.JavaUtils.sleep(JavaUtils.java:250)
	at org.apache.ratis.server.impl.FollowerState.run(FollowerState.java:116)
2020-12-04 06:03:02,615 [Listener at 127.0.0.1/45059] INFO  impl.StateMachineUpdater (StateMachineUpdater.java:stopAndJoin(147)) - 54498115-28c1-4381-b59e-fdf207a0d628@group-F138BF844AFC-StateMachineUpdater: set stopIndex = 18
2020-12-04 06:03:02,616 [a43a40a6-1ac9-4df3-821c-5cd06fa3b4e5@group-FDFAA90BAE53-StateMachineUpdater] INFO  ratis.ContainerStateMachine (ContainerStateMachine.java:takeSnapshot(293)) - group-FDFAA90BAE53: Taking a snapshot at:(t:1, i:0) file /github/workspace/mnt/ozone/hadoop-ozone/integration-test/target/test-dir/MiniOzoneClusterImpl-d0e62b51-0f1f-480e-8215-4f24b3183874/datanode-1/data/ratis/0ca965aa-e89c-4b81-9d0b-fdfaa90bae53/sm/snapshot.1_0
2020-12-04 06:03:02,616 [ForkJoinPool.commonPool-worker-1] INFO  impl.StateMachineUpdater (StateMachineUpdater.java:stopAndJoin(147)) - a43a40a6-1ac9-4df3-821c-5cd06fa3b4e5@group-FDFAA90BAE53-StateMachineUpdater: set stopIndex = 0
2020-12-04 06:03:02,616 [54498115-28c1-4381-b59e-fdf207a0d628@group-F138BF844AFC-StateMachineUpdater] INFO  ratis.ContainerStateMachine (ContainerStateMachine.java:takeSnapshot(304)) - group-F138BF844AFC: Finished taking a snapshot at:(t:1, i:18) file:/github/workspace/mnt/ozone/hadoop-ozone/integration-test/target/test-dir/MiniOzoneClusterImpl-d0e62b51-0f1f-480e-8215-4f24b3183874/datanode-4/data/ratis/f8d9c3ab-5226-4468-a24d-f138bf844afc/sm/snapshot.1_18 time:1
2020-12-04 06:03:02,616 [54498115-28c1-4381-b59e-fdf207a0d628@group-F138BF844AFC-StateMachineUpdater] INFO  impl.StateMachineUpdater (StateMachineUpdater.java:takeSnapshot(278)) - 54498115-28c1-4381-b59e-fdf207a0d628@group-F138BF844AFC-StateMachineUpdater: Took a snapshot at index 18
2020-12-04 06:03:02,616 [54498115-28c1-4381-b59e-fdf207a0d628@group-F138BF844AFC-StateMachineUpdater] INFO  impl.StateMachineUpdater (StateMachineUpdater.java:lambda$new$0(87)) - 54498115-28c1-4381-b59e-fdf207a0d628@group-F138BF844AFC-StateMachineUpdater: snapshotIndex: updateIncreasingly -1 -> 18
2020-12-04 06:03:02,616 [a43a40a6-1ac9-4df3-821c-5cd06fa3b4e5@group-FDFAA90BAE53-StateMachineUpdater] INFO  ratis.ContainerStateMachine (ContainerStateMachine.java:takeSnapshot(304)) - group-FDFAA90BAE53: Finished taking a snapshot at:(t:1, i:0) file:/github/workspace/mnt/ozone/hadoop-ozone/integration-test/target/test-dir/MiniOzoneClusterImpl-d0e62b51-0f1f-480e-8215-4f24b3183874/datanode-1/data/ratis/0ca965aa-e89c-4b81-9d0b-fdfaa90bae53/sm/snapshot.1_0 time:0
2020-12-04 06:03:02,617 [54498115-28c1-4381-b59e-fdf207a0d628@group-F138BF844AFC-StateMachineUpdater] INFO  metrics.RatisMetrics (RatisMetrics.java:unregister(43)) - Unregistering Metrics Registry : ratis.state_machine.54498115-28c1-4381-b59e-fdf207a0d628@group-F138BF844AFC
2020-12-04 06:03:02,617 [a43a40a6-1ac9-4df3-821c-5cd06fa3b4e5@group-FDFAA90BAE53-StateMachineUpdater] INFO  impl.StateMachineUpdater (StateMachineUpdater.java:takeSnapshot(278)) - a43a40a6-1ac9-4df3-821c-5cd06fa3b4e5@group-FDFAA90BAE53-StateMachineUpdater: Took a snapshot at index 0
2020-12-04 06:03:02,617 [a43a40a6-1ac9-4df3-821c-5cd06fa3b4e5@group-FDFAA90BAE53-StateMachineUpdater] INFO  impl.StateMachineUpdater (StateMachineUpdater.java:lambda$new$0(87)) - a43a40a6-1ac9-4df3-821c-5cd06fa3b4e5@group-FDFAA90BAE53-StateMachineUpdater: snapshotIndex: updateIncreasingly -1 -> 0
2020-12-04 06:03:02,617 [Listener at 127.0.0.1/45059] INFO  impl.RaftServerImpl (ServerState.java:close(406)) - 54498115-28c1-4381-b59e-fdf207a0d628@group-F138BF844AFC: closes. applyIndex: 18
2020-12-04 06:03:02,617 [a43a40a6-1ac9-4df3-821c-5cd06fa3b4e5@group-FDFAA90BAE53-StateMachineUpdater] INFO  metrics.RatisMetrics (RatisMetrics.java:unregister(43)) - Unregistering Metrics Registry : ratis.state_machine.a43a40a6-1ac9-4df3-821c-5cd06fa3b4e5@group-FDFAA90BAE53
2020-12-04 06:03:02,617 [ForkJoinPool.commonPool-worker-1] INFO  impl.RaftServerImpl (ServerState.java:close(406)) - a43a40a6-1ac9-4df3-821c-5cd06fa3b4e5@group-FDFAA90BAE53: closes. applyIndex: 0
2020-12-04 06:03:02,617 [54498115-28c1-4381-b59e-fdf207a0d628@group-F138BF844AFC-SegmentedRaftLogWorker] INFO  segmented.SegmentedRaftLogWorker (SegmentedRaftLogWorker.java:run(329)) - 54498115-28c1-4381-b59e-fdf207a0d628@group-F138BF844AFC-SegmentedRaftLogWorker was interrupted, exiting. There are 0 tasks remaining in the queue.
2020-12-04 06:03:02,617 [a43a40a6-1ac9-4df3-821c-5cd06fa3b4e5@group-FDFAA90BAE53-SegmentedRaftLogWorker] INFO  segmented.SegmentedRaftLogWorker (SegmentedRaftLogWorker.java:run(329)) - a43a40a6-1ac9-4df3-821c-5cd06fa3b4e5@group-FDFAA90BAE53-SegmentedRaftLogWorker was interrupted, exiting. There are 0 tasks remaining in the queue.
2020-12-04 06:03:02,618 [ForkJoinPool.commonPool-worker-1] INFO  segmented.SegmentedRaftLogWorker (SegmentedRaftLogWorker.java:close(235)) - a43a40a6-1ac9-4df3-821c-5cd06fa3b4e5@group-FDFAA90BAE53-SegmentedRaftLogWorker close()
2020-12-04 06:03:02,618 [Listener at 127.0.0.1/45059] INFO  segmented.SegmentedRaftLogWorker (SegmentedRaftLogWorker.java:close(235)) - 54498115-28c1-4381-b59e-fdf207a0d628@group-F138BF844AFC-SegmentedRaftLogWorker close()
2020-12-04 06:03:02,619 [ForkJoinPool.commonPool-worker-1] INFO  metrics.RatisMetrics (RatisMetrics.java:unregister(43)) - Unregistering Metrics Registry : ratis.log_worker.a43a40a6-1ac9-4df3-821c-5cd06fa3b4e5@group-FDFAA90BAE53
2020-12-04 06:03:02,619 [ForkJoinPool.commonPool-worker-1] INFO  metrics.RatisMetrics (RatisMetrics.java:unregister(43)) - Unregistering Metrics Registry : ratis.leader_election.a43a40a6-1ac9-4df3-821c-5cd06fa3b4e5@group-FDFAA90BAE53
2020-12-04 06:03:02,619 [Listener at 127.0.0.1/45059] INFO  metrics.RatisMetrics (RatisMetrics.java:unregister(43)) - Unregistering Metrics Registry : ratis.log_worker.54498115-28c1-4381-b59e-fdf207a0d628@group-F138BF844AFC
2020-12-04 06:03:02,619 [Listener at 127.0.0.1/45059] INFO  metrics.RatisMetrics (RatisMetrics.java:unregister(43)) - Unregistering Metrics Registry : ratis.leader_election.54498115-28c1-4381-b59e-fdf207a0d628@group-F138BF844AFC
2020-12-04 06:03:02,619 [ForkJoinPool.commonPool-worker-1] INFO  metrics.RatisMetrics (RatisMetrics.java:unregister(43)) - Unregistering Metrics Registry : ratis.server.a43a40a6-1ac9-4df3-821c-5cd06fa3b4e5@group-FDFAA90BAE53
2020-12-04 06:03:02,619 [Listener at 127.0.0.1/45059] INFO  metrics.RatisMetrics (RatisMetrics.java:unregister(43)) - Unregistering Metrics Registry : ratis.server.54498115-28c1-4381-b59e-fdf207a0d628@group-F138BF844AFC
2020-12-04 06:03:02,619 [Listener at 127.0.0.1/45059] INFO  impl.RaftServerImpl (RaftServerImpl.java:lambda$shutdown$3(328)) - 54498115-28c1-4381-b59e-fdf207a0d628@group-58FB4A3DE172: shutdown
2020-12-04 06:03:02,619 [ForkJoinPool.commonPool-worker-1] INFO  impl.RaftServerImpl (RaftServerImpl.java:lambda$shutdown$3(328)) - a43a40a6-1ac9-4df3-821c-5cd06fa3b4e5@group-A6CD88BF67F2: shutdown
2020-12-04 06:03:02,620 [ForkJoinPool.commonPool-worker-1] INFO  util.JmxRegister (JmxRegister.java:unregister(73)) - Successfully un-registered JMX Bean with object name Ratis:service=RaftServer,group=group-A6CD88BF67F2,id=a43a40a6-1ac9-4df3-821c-5cd06fa3b4e5
2020-12-04 06:03:02,620 [ForkJoinPool.commonPool-worker-1] INFO  impl.RoleInfo (RoleInfo.java:shutdownLeaderState(104)) - a43a40a6-1ac9-4df3-821c-5cd06fa3b4e5: shutdown a43a40a6-1ac9-4df3-821c-5cd06fa3b4e5@group-A6CD88BF67F2-LeaderState
2020-12-04 06:03:02,620 [ForkJoinPool.commonPool-worker-1] INFO  metrics.RatisMetrics (RatisMetrics.java:unregister(43)) - Unregistering Metrics Registry : ratis_grpc.log_appender.a43a40a6-1ac9-4df3-821c-5cd06fa3b4e5@group-A6CD88BF67F2
2020-12-04 06:03:02,620 [Listener at 127.0.0.1/45059] INFO  util.JmxRegister (JmxRegister.java:unregister(73)) - Successfully un-registered JMX Bean with object name Ratis:service=RaftServer,group=group-58FB4A3DE172,id=54498115-28c1-4381-b59e-fdf207a0d628
2020-12-04 06:03:02,620 [Listener at 127.0.0.1/45059] INFO  impl.RoleInfo (RoleInfo.java:shutdownLeaderState(104)) - 54498115-28c1-4381-b59e-fdf207a0d628: shutdown 54498115-28c1-4381-b59e-fdf207a0d628@group-58FB4A3DE172-LeaderState
2020-12-04 06:03:02,620 [Listener at 127.0.0.1/45059] INFO  metrics.RatisMetrics (RatisMetrics.java:unregister(43)) - Unregistering Metrics Registry : ratis_grpc.log_appender.54498115-28c1-4381-b59e-fdf207a0d628@group-58FB4A3DE172
2020-12-04 06:03:02,620 [ForkJoinPool.commonPool-worker-1] INFO  metrics.RatisMetrics (RatisMetrics.java:unregister(43)) - Unregistering Metrics Registry : ratis_grpc.log_appender.a43a40a6-1ac9-4df3-821c-5cd06fa3b4e5@group-A6CD88BF67F2
2020-12-04 06:03:02,620 [org.apache.ratis.server.impl.LogAppender$AppenderDaemon$$Lambda$477/237548453@27a88c18] WARN  server.GrpcLogAppender (GrpcLogAppender.java:mayWait(168)) - a43a40a6-1ac9-4df3-821c-5cd06fa3b4e5@group-A6CD88BF67F2->5e885a77-8b3e-4dc5-b522-5cb06ff98b04-GrpcLogAppender: Wait interrupted by java.lang.InterruptedException
2020-12-04 06:03:02,620 [org.apache.ratis.server.impl.LogAppender$AppenderDaemon$$Lambda$477/237548453@12326960] WARN  server.GrpcLogAppender (GrpcLogAppender.java:mayWait(168)) - 54498115-28c1-4381-b59e-fdf207a0d628@group-58FB4A3DE172->a8add95f-9482-4e6d-9ba6-8975b33532e8-GrpcLogAppender: Wait interrupted by java.lang.InterruptedException
2020-12-04 06:03:02,620 [Listener at 127.0.0.1/45059] INFO  metrics.RatisMetrics (RatisMetrics.java:unregister(43)) - Unregistering Metrics Registry : ratis_grpc.log_appender.54498115-28c1-4381-b59e-fdf207a0d628@group-58FB4A3DE172
2020-12-04 06:03:02,621 [Listener at 127.0.0.1/45059] INFO  impl.PendingRequests (PendingRequests.java:sendNotLeaderResponses(250)) - 54498115-28c1-4381-b59e-fdf207a0d628@group-58FB4A3DE172-PendingRequests: sendNotLeaderResponses
2020-12-04 06:03:02,621 [grpc-default-executor-8] INFO  server.GrpcServerProtocolService (GrpcServerProtocolService.java:onCompleted(138)) - 5e885a77-8b3e-4dc5-b522-5cb06ff98b04: Completed APPEND_ENTRIES, lastRequest: a43a40a6-1ac9-4df3-821c-5cd06fa3b4e5->5e885a77-8b3e-4dc5-b522-5cb06ff98b04#2-t2, previous=(t:2, i:12), leaderCommit=12, initializing? false, entries: size=1, first=(t:2, i:13), METADATAENTRY(c:12)
2020-12-04 06:03:02,621 [org.apache.ratis.server.impl.LogAppender$AppenderDaemon$$Lambda$477/237548453@45ec5e56] WARN  server.GrpcLogAppender (GrpcLogAppender.java:mayWait(168)) - 54498115-28c1-4381-b59e-fdf207a0d628@group-58FB4A3DE172->3f9b5df4-bd86-4512-adfe-d4a46e1501cb-GrpcLogAppender: Wait interrupted by java.lang.InterruptedException
2020-12-04 06:03:02,622 [grpc-default-executor-8] INFO  server.GrpcServerProtocolService (GrpcServerProtocolService.java:onCompleted(138)) - 3f9b5df4-bd86-4512-adfe-d4a46e1501cb: Completed APPEND_ENTRIES, lastRequest: 54498115-28c1-4381-b59e-fdf207a0d628->3f9b5df4-bd86-4512-adfe-d4a46e1501cb#1-t1, previous=(t:0, i:0), leaderCommit=0, initializing? false, entries: size=1, first=(t:1, i:0), CONFIGURATIONENTRY
2020-12-04 06:03:02,622 [Listener at 127.0.0.1/45059] INFO  metrics.RatisMetrics (RatisMetrics.java:unregister(43)) - Unregistering Metrics Registry : ratis.log_appender.54498115-28c1-4381-b59e-fdf207a0d628@group-58FB4A3DE172
2020-12-04 06:03:02,622 [Listener at 127.0.0.1/45059] INFO  metrics.RatisMetrics (RatisMetrics.java:unregister(43)) - Unregistering Metrics Registry : ratis.server.54498115-28c1-4381-b59e-fdf207a0d628@group-58FB4A3DE172
2020-12-04 06:03:02,623 [grpc-default-executor-8] INFO  server.GrpcLogAppender (GrpcLogAppender.java:onCompleted(337)) - a43a40a6-1ac9-4df3-821c-5cd06fa3b4e5@group-A6CD88BF67F2->5e885a77-8b3e-4dc5-b522-5cb06ff98b04-AppendLogResponseHandler: follower responses appendEntries COMPLETED
2020-12-04 06:03:02,623 [grpc-default-executor-8] INFO  impl.FollowerInfo (FollowerInfo.java:lambda$new$0(51)) - a43a40a6-1ac9-4df3-821c-5cd06fa3b4e5@group-A6CD88BF67F2->5e885a77-8b3e-4dc5-b522-5cb06ff98b04: nextIndex: updateUnconditionally 14 -> 13
2020-12-04 06:03:02,623 [grpc-default-executor-5] INFO  server.GrpcLogAppender (GrpcLogAppender.java:onCompleted(337)) - 54498115-28c1-4381-b59e-fdf207a0d628@group-58FB4A3DE172->3f9b5df4-bd86-4512-adfe-d4a46e1501cb-AppendLogResponseHandler: follower responses appendEntries COMPLETED
2020-12-04 06:03:02,623 [grpc-default-executor-5] INFO  impl.FollowerInfo (FollowerInfo.java:lambda$new$0(51)) - 54498115-28c1-4381-b59e-fdf207a0d628@group-58FB4A3DE172->3f9b5df4-bd86-4512-adfe-d4a46e1501cb: nextIndex: updateUnconditionally 1 -> 0
2020-12-04 06:03:02,623 [grpc-default-executor-1] INFO  server.GrpcServerProtocolService (GrpcServerProtocolService.java:onCompleted(138)) - a8add95f-9482-4e6d-9ba6-8975b33532e8: Completed APPEND_ENTRIES, lastRequest: 54498115-28c1-4381-b59e-fdf207a0d628->a8add95f-9482-4e6d-9ba6-8975b33532e8#1-t1, previous=(t:0, i:0), leaderCommit=0, initializing? false, entries: size=1, first=(t:1, i:0), CONFIGURATIONENTRY
2020-12-04 06:03:02,623 [Listener at 127.0.0.1/45059] INFO  impl.StateMachineUpdater (StateMachineUpdater.java:stopAndJoin(147)) - 54498115-28c1-4381-b59e-fdf207a0d628@group-58FB4A3DE172-StateMachineUpdater: set stopIndex = 0
2020-12-04 06:03:02,623 [54498115-28c1-4381-b59e-fdf207a0d628@group-58FB4A3DE172-StateMachineUpdater] INFO  ratis.ContainerStateMachine (ContainerStateMachine.java:takeSnapshot(293)) - group-58FB4A3DE172: Taking a snapshot at:(t:1, i:0) file /github/workspace/mnt/ozone/hadoop-ozone/integration-test/target/test-dir/MiniOzoneClusterImpl-d0e62b51-0f1f-480e-8215-4f24b3183874/datanode-4/data/ratis/fc22b5ed-d321-449c-8c10-58fb4a3de172/sm/snapshot.1_0
2020-12-04 06:03:02,624 [grpc-default-executor-8] INFO  server.GrpcLogAppender (GrpcLogAppender.java:onCompleted(337)) - 54498115-28c1-4381-b59e-fdf207a0d628@group-58FB4A3DE172->a8add95f-9482-4e6d-9ba6-8975b33532e8-AppendLogResponseHandler: follower responses appendEntries COMPLETED
2020-12-04 06:03:02,624 [grpc-default-executor-8] INFO  impl.FollowerInfo (FollowerInfo.java:lambda$new$0(51)) - 54498115-28c1-4381-b59e-fdf207a0d628@group-58FB4A3DE172->a8add95f-9482-4e6d-9ba6-8975b33532e8: nextIndex: updateUnconditionally 1 -> 0
2020-12-04 06:03:02,624 [54498115-28c1-4381-b59e-fdf207a0d628@group-58FB4A3DE172-StateMachineUpdater] INFO  ratis.ContainerStateMachine (ContainerStateMachine.java:takeSnapshot(304)) - group-58FB4A3DE172: Finished taking a snapshot at:(t:1, i:0) file:/github/workspace/mnt/ozone/hadoop-ozone/integration-test/target/test-dir/MiniOzoneClusterImpl-d0e62b51-0f1f-480e-8215-4f24b3183874/datanode-4/data/ratis/fc22b5ed-d321-449c-8c10-58fb4a3de172/sm/snapshot.1_0 time:1
2020-12-04 06:03:02,624 [54498115-28c1-4381-b59e-fdf207a0d628@group-58FB4A3DE172-StateMachineUpdater] INFO  impl.StateMachineUpdater (StateMachineUpdater.java:takeSnapshot(278)) - 54498115-28c1-4381-b59e-fdf207a0d628@group-58FB4A3DE172-StateMachineUpdater: Took a snapshot at index 0
2020-12-04 06:03:02,624 [54498115-28c1-4381-b59e-fdf207a0d628@group-58FB4A3DE172-StateMachineUpdater] INFO  impl.StateMachineUpdater (StateMachineUpdater.java:lambda$new$0(87)) - 54498115-28c1-4381-b59e-fdf207a0d628@group-58FB4A3DE172-StateMachineUpdater: snapshotIndex: updateIncreasingly -1 -> 0
2020-12-04 06:03:02,625 [54498115-28c1-4381-b59e-fdf207a0d628@group-58FB4A3DE172-StateMachineUpdater] INFO  metrics.RatisMetrics (RatisMetrics.java:unregister(43)) - Unregistering Metrics Registry : ratis.state_machine.54498115-28c1-4381-b59e-fdf207a0d628@group-58FB4A3DE172
2020-12-04 06:03:02,625 [Listener at 127.0.0.1/45059] INFO  impl.RaftServerImpl (ServerState.java:close(406)) - 54498115-28c1-4381-b59e-fdf207a0d628@group-58FB4A3DE172: closes. applyIndex: 0
2020-12-04 06:03:02,625 [54498115-28c1-4381-b59e-fdf207a0d628@group-58FB4A3DE172-SegmentedRaftLogWorker] INFO  segmented.SegmentedRaftLogWorker (SegmentedRaftLogWorker.java:run(329)) - 54498115-28c1-4381-b59e-fdf207a0d628@group-58FB4A3DE172-SegmentedRaftLogWorker was interrupted, exiting. There are 0 tasks remaining in the queue.
2020-12-04 06:03:02,626 [org.apache.ratis.server.impl.LogAppender$AppenderDaemon$$Lambda$477/237548453@4df04b00] WARN  server.GrpcLogAppender (GrpcLogAppender.java:mayWait(168)) - a43a40a6-1ac9-4df3-821c-5cd06fa3b4e5@group-A6CD88BF67F2->025f93f1-dfc8-4208-80d2-20f4a1ba9bf1-GrpcLogAppender: Wait interrupted by java.lang.InterruptedException
2020-12-04 06:03:02,626 [Listener at 127.0.0.1/45059] INFO  segmented.SegmentedRaftLogWorker (SegmentedRaftLogWorker.java:close(235)) - 54498115-28c1-4381-b59e-fdf207a0d628@group-58FB4A3DE172-SegmentedRaftLogWorker close()
2020-12-04 06:03:02,628 [Listener at 127.0.0.1/45059] INFO  metrics.RatisMetrics (RatisMetrics.java:unregister(43)) - Unregistering Metrics Registry : ratis.log_worker.54498115-28c1-4381-b59e-fdf207a0d628@group-58FB4A3DE172
2020-12-04 06:03:02,628 [Listener at 127.0.0.1/45059] INFO  metrics.RatisMetrics (RatisMetrics.java:unregister(43)) - Unregistering Metrics Registry : ratis.leader_election.54498115-28c1-4381-b59e-fdf207a0d628@group-58FB4A3DE172
2020-12-04 06:03:02,629 [Listener at 127.0.0.1/45059] INFO  metrics.RatisMetrics (RatisMetrics.java:unregister(43)) - Unregistering Metrics Registry : ratis.server.54498115-28c1-4381-b59e-fdf207a0d628@group-58FB4A3DE172
2020-12-04 06:03:02,629 [Listener at 127.0.0.1/45059] INFO  impl.RaftServerImpl (RaftServerImpl.java:lambda$shutdown$3(328)) - 54498115-28c1-4381-b59e-fdf207a0d628@group-AA6EA5D43C51: shutdown
2020-12-04 06:03:02,629 [Listener at 127.0.0.1/45059] INFO  util.JmxRegister (JmxRegister.java:unregister(73)) - Successfully un-registered JMX Bean with object name Ratis:service=RaftServer,group=group-AA6EA5D43C51,id=54498115-28c1-4381-b59e-fdf207a0d628
2020-12-04 06:03:02,629 [Listener at 127.0.0.1/45059] INFO  impl.RoleInfo (RoleInfo.java:shutdownLeaderState(104)) - 54498115-28c1-4381-b59e-fdf207a0d628: shutdown 54498115-28c1-4381-b59e-fdf207a0d628@group-AA6EA5D43C51-LeaderState
2020-12-04 06:03:02,629 [Listener at 127.0.0.1/45059] INFO  impl.PendingRequests (PendingRequests.java:sendNotLeaderResponses(250)) - 54498115-28c1-4381-b59e-fdf207a0d628@group-AA6EA5D43C51-PendingRequests: sendNotLeaderResponses
2020-12-04 06:03:02,629 [Listener at 127.0.0.1/45059] INFO  metrics.RatisMetrics (RatisMetrics.java:unregister(43)) - Unregistering Metrics Registry : ratis.log_appender.54498115-28c1-4381-b59e-fdf207a0d628@group-AA6EA5D43C51
2020-12-04 06:03:02,629 [Listener at 127.0.0.1/45059] INFO  metrics.RatisMetrics (RatisMetrics.java:unregister(43)) - Unregistering Metrics Registry : ratis.server.54498115-28c1-4381-b59e-fdf207a0d628@group-AA6EA5D43C51
2020-12-04 06:03:02,631 [54498115-28c1-4381-b59e-fdf207a0d628@group-AA6EA5D43C51-StateMachineUpdater] INFO  ratis.ContainerStateMachine (ContainerStateMachine.java:takeSnapshot(293)) - group-AA6EA5D43C51: Taking a snapshot at:(t:1, i:0) file /github/workspace/mnt/ozone/hadoop-ozone/integration-test/target/test-dir/MiniOzoneClusterImpl-d0e62b51-0f1f-480e-8215-4f24b3183874/datanode-4/data/ratis/2d1913a1-feb5-48b6-b1ae-aa6ea5d43c51/sm/snapshot.1_0
2020-12-04 06:03:02,631 [Listener at 127.0.0.1/45059] INFO  impl.StateMachineUpdater (StateMachineUpdater.java:stopAndJoin(147)) - 54498115-28c1-4381-b59e-fdf207a0d628@group-AA6EA5D43C51-StateMachineUpdater: set stopIndex = 0
2020-12-04 06:03:02,631 [54498115-28c1-4381-b59e-fdf207a0d628@group-AA6EA5D43C51-StateMachineUpdater] INFO  ratis.ContainerStateMachine (ContainerStateMachine.java:takeSnapshot(304)) - group-AA6EA5D43C51: Finished taking a snapshot at:(t:1, i:0) file:/github/workspace/mnt/ozone/hadoop-ozone/integration-test/target/test-dir/MiniOzoneClusterImpl-d0e62b51-0f1f-480e-8215-4f24b3183874/datanode-4/data/ratis/2d1913a1-feb5-48b6-b1ae-aa6ea5d43c51/sm/snapshot.1_0 time:1
2020-12-04 06:03:02,632 [54498115-28c1-4381-b59e-fdf207a0d628@group-AA6EA5D43C51-StateMachineUpdater] INFO  impl.StateMachineUpdater (StateMachineUpdater.java:takeSnapshot(278)) - 54498115-28c1-4381-b59e-fdf207a0d628@group-AA6EA5D43C51-StateMachineUpdater: Took a snapshot at index 0
2020-12-04 06:03:02,632 [54498115-28c1-4381-b59e-fdf207a0d628@group-AA6EA5D43C51-StateMachineUpdater] INFO  impl.StateMachineUpdater (StateMachineUpdater.java:lambda$new$0(87)) - 54498115-28c1-4381-b59e-fdf207a0d628@group-AA6EA5D43C51-StateMachineUpdater: snapshotIndex: updateIncreasingly -1 -> 0
2020-12-04 06:03:02,632 [54498115-28c1-4381-b59e-fdf207a0d628@group-AA6EA5D43C51-StateMachineUpdater] INFO  metrics.RatisMetrics (RatisMetrics.java:unregister(43)) - Unregistering Metrics Registry : ratis.state_machine.54498115-28c1-4381-b59e-fdf207a0d628@group-AA6EA5D43C51
2020-12-04 06:03:02,632 [Listener at 127.0.0.1/45059] INFO  impl.RaftServerImpl (ServerState.java:close(406)) - 54498115-28c1-4381-b59e-fdf207a0d628@group-AA6EA5D43C51: closes. applyIndex: 0
2020-12-04 06:03:02,628 [ForkJoinPool.commonPool-worker-1] INFO  impl.PendingRequests (PendingRequests.java:sendNotLeaderResponses(250)) - a43a40a6-1ac9-4df3-821c-5cd06fa3b4e5@group-A6CD88BF67F2-PendingRequests: sendNotLeaderResponses
2020-12-04 06:03:02,632 [54498115-28c1-4381-b59e-fdf207a0d628@group-AA6EA5D43C51-SegmentedRaftLogWorker] INFO  segmented.SegmentedRaftLogWorker (SegmentedRaftLogWorker.java:run(329)) - 54498115-28c1-4381-b59e-fdf207a0d628@group-AA6EA5D43C51-SegmentedRaftLogWorker was interrupted, exiting. There are 0 tasks remaining in the queue.
2020-12-04 06:03:02,633 [Listener at 127.0.0.1/45059] INFO  segmented.SegmentedRaftLogWorker (SegmentedRaftLogWorker.java:close(235)) - 54498115-28c1-4381-b59e-fdf207a0d628@group-AA6EA5D43C51-SegmentedRaftLogWorker close()
2020-12-04 06:03:02,633 [ForkJoinPool.commonPool-worker-1] INFO  metrics.RatisMetrics (RatisMetrics.java:unregister(43)) - Unregistering Metrics Registry : ratis.log_appender.a43a40a6-1ac9-4df3-821c-5cd06fa3b4e5@group-A6CD88BF67F2
2020-12-04 06:03:02,633 [Listener at 127.0.0.1/45059] INFO  metrics.RatisMetrics (RatisMetrics.java:unregister(43)) - Unregistering Metrics Registry : ratis.log_worker.54498115-28c1-4381-b59e-fdf207a0d628@group-AA6EA5D43C51
2020-12-04 06:03:02,633 [ForkJoinPool.commonPool-worker-1] INFO  metrics.RatisMetrics (RatisMetrics.java:unregister(43)) - Unregistering Metrics Registry : ratis.server.a43a40a6-1ac9-4df3-821c-5cd06fa3b4e5@group-A6CD88BF67F2
2020-12-04 06:03:02,633 [Listener at 127.0.0.1/45059] INFO  metrics.RatisMetrics (RatisMetrics.java:unregister(43)) - Unregistering Metrics Registry : ratis.leader_election.54498115-28c1-4381-b59e-fdf207a0d628@group-AA6EA5D43C51
2020-12-04 06:03:02,633 [Listener at 127.0.0.1/45059] INFO  metrics.RatisMetrics (RatisMetrics.java:unregister(43)) - Unregistering Metrics Registry : ratis.server.54498115-28c1-4381-b59e-fdf207a0d628@group-AA6EA5D43C51
2020-12-04 06:03:02,633 [Listener at 127.0.0.1/45059] INFO  server.GrpcService (GrpcService.java:closeImpl(184)) - 54498115-28c1-4381-b59e-fdf207a0d628: shutdown server with port 36069 now
2020-12-04 06:03:02,634 [ForkJoinPool.commonPool-worker-1] INFO  impl.StateMachineUpdater (StateMachineUpdater.java:stopAndJoin(147)) - a43a40a6-1ac9-4df3-821c-5cd06fa3b4e5@group-A6CD88BF67F2-StateMachineUpdater: set stopIndex = 13
2020-12-04 06:03:02,634 [a43a40a6-1ac9-4df3-821c-5cd06fa3b4e5@group-A6CD88BF67F2-StateMachineUpdater] INFO  ratis.ContainerStateMachine (ContainerStateMachine.java:takeSnapshot(293)) - group-A6CD88BF67F2: Taking a snapshot at:(t:2, i:13) file /github/workspace/mnt/ozone/hadoop-ozone/integration-test/target/test-dir/MiniOzoneClusterImpl-d0e62b51-0f1f-480e-8215-4f24b3183874/datanode-1/data/ratis/0913c338-1fb1-4172-a8a9-a6cd88bf67f2/sm/snapshot.2_13
2020-12-04 06:03:02,635 [grpc-default-executor-8] WARN  client.GrpcClientProtocolService (LogUtils.java:warn(122)) - 1-UnorderedRequestStreamObserver1: onError: org.apache.ratis.thirdparty.io.grpc.StatusRuntimeException: CANCELLED: cancelled before receiving half close
2020-12-04 06:03:02,636 [a43a40a6-1ac9-4df3-821c-5cd06fa3b4e5@group-A6CD88BF67F2-StateMachineUpdater] INFO  ratis.ContainerStateMachine (ContainerStateMachine.java:takeSnapshot(304)) - group-A6CD88BF67F2: Finished taking a snapshot at:(t:2, i:13) file:/github/workspace/mnt/ozone/hadoop-ozone/integration-test/target/test-dir/MiniOzoneClusterImpl-d0e62b51-0f1f-480e-8215-4f24b3183874/datanode-1/data/ratis/0913c338-1fb1-4172-a8a9-a6cd88bf67f2/sm/snapshot.2_13 time:2
2020-12-04 06:03:02,636 [a43a40a6-1ac9-4df3-821c-5cd06fa3b4e5@group-A6CD88BF67F2-StateMachineUpdater] INFO  impl.StateMachineUpdater (StateMachineUpdater.java:takeSnapshot(278)) - a43a40a6-1ac9-4df3-821c-5cd06fa3b4e5@group-A6CD88BF67F2-StateMachineUpdater: Took a snapshot at index 13
2020-12-04 06:03:02,636 [a43a40a6-1ac9-4df3-821c-5cd06fa3b4e5@group-A6CD88BF67F2-StateMachineUpdater] INFO  impl.StateMachineUpdater (StateMachineUpdater.java:lambda$new$0(87)) - a43a40a6-1ac9-4df3-821c-5cd06fa3b4e5@group-A6CD88BF67F2-StateMachineUpdater: snapshotIndex: updateIncreasingly -1 -> 13
2020-12-04 06:03:02,636 [a43a40a6-1ac9-4df3-821c-5cd06fa3b4e5@group-A6CD88BF67F2-StateMachineUpdater] INFO  metrics.RatisMetrics (RatisMetrics.java:unregister(43)) - Unregistering Metrics Registry : ratis.state_machine.a43a40a6-1ac9-4df3-821c-5cd06fa3b4e5@group-A6CD88BF67F2
2020-12-04 06:03:02,637 [ForkJoinPool.commonPool-worker-1] INFO  impl.RaftServerImpl (ServerState.java:close(406)) - a43a40a6-1ac9-4df3-821c-5cd06fa3b4e5@group-A6CD88BF67F2: closes. applyIndex: 13
2020-12-04 06:03:02,638 [a43a40a6-1ac9-4df3-821c-5cd06fa3b4e5@group-A6CD88BF67F2-SegmentedRaftLogWorker] INFO  segmented.SegmentedRaftLogWorker (SegmentedRaftLogWorker.java:run(329)) - a43a40a6-1ac9-4df3-821c-5cd06fa3b4e5@group-A6CD88BF67F2-SegmentedRaftLogWorker was interrupted, exiting. There are 0 tasks remaining in the queue.
2020-12-04 06:03:02,638 [ForkJoinPool.commonPool-worker-1] INFO  segmented.SegmentedRaftLogWorker (SegmentedRaftLogWorker.java:close(235)) - a43a40a6-1ac9-4df3-821c-5cd06fa3b4e5@group-A6CD88BF67F2-SegmentedRaftLogWorker close()
2020-12-04 06:03:02,638 [ForkJoinPool.commonPool-worker-1] INFO  metrics.RatisMetrics (RatisMetrics.java:unregister(43)) - Unregistering Metrics Registry : ratis.log_worker.a43a40a6-1ac9-4df3-821c-5cd06fa3b4e5@group-A6CD88BF67F2
2020-12-04 06:03:02,638 [ForkJoinPool.commonPool-worker-1] INFO  metrics.RatisMetrics (RatisMetrics.java:unregister(43)) - Unregistering Metrics Registry : ratis.leader_election.a43a40a6-1ac9-4df3-821c-5cd06fa3b4e5@group-A6CD88BF67F2
2020-12-04 06:03:02,638 [ForkJoinPool.commonPool-worker-1] INFO  metrics.RatisMetrics (RatisMetrics.java:unregister(43)) - Unregistering Metrics Registry : ratis.server.a43a40a6-1ac9-4df3-821c-5cd06fa3b4e5@group-A6CD88BF67F2
2020-12-04 06:03:02,638 [ForkJoinPool.commonPool-worker-1] INFO  impl.RaftServerImpl (RaftServerImpl.java:lambda$shutdown$3(328)) - a43a40a6-1ac9-4df3-821c-5cd06fa3b4e5@group-4D3E6F7EFF8B: shutdown
2020-12-04 06:03:02,638 [ForkJoinPool.commonPool-worker-1] INFO  util.JmxRegister (JmxRegister.java:unregister(73)) - Successfully un-registered JMX Bean with object name Ratis:service=RaftServer,group=group-4D3E6F7EFF8B,id=a43a40a6-1ac9-4df3-821c-5cd06fa3b4e5
2020-12-04 06:03:02,638 [ForkJoinPool.commonPool-worker-1] INFO  impl.RoleInfo (RoleInfo.java:shutdownLeaderState(104)) - a43a40a6-1ac9-4df3-821c-5cd06fa3b4e5: shutdown a43a40a6-1ac9-4df3-821c-5cd06fa3b4e5@group-4D3E6F7EFF8B-LeaderState
2020-12-04 06:03:02,639 [ForkJoinPool.commonPool-worker-1] INFO  impl.PendingRequests (PendingRequests.java:sendNotLeaderResponses(250)) - a43a40a6-1ac9-4df3-821c-5cd06fa3b4e5@group-4D3E6F7EFF8B-PendingRequests: sendNotLeaderResponses
2020-12-04 06:03:02,639 [ForkJoinPool.commonPool-worker-1] INFO  metrics.RatisMetrics (RatisMetrics.java:unregister(43)) - Unregistering Metrics Registry : ratis.log_appender.a43a40a6-1ac9-4df3-821c-5cd06fa3b4e5@group-4D3E6F7EFF8B
2020-12-04 06:03:02,639 [ForkJoinPool.commonPool-worker-1] INFO  metrics.RatisMetrics (RatisMetrics.java:unregister(43)) - Unregistering Metrics Registry : ratis.server.a43a40a6-1ac9-4df3-821c-5cd06fa3b4e5@group-4D3E6F7EFF8B
2020-12-04 06:03:02,640 [ForkJoinPool.commonPool-worker-1] INFO  impl.StateMachineUpdater (StateMachineUpdater.java:stopAndJoin(147)) - a43a40a6-1ac9-4df3-821c-5cd06fa3b4e5@group-4D3E6F7EFF8B-StateMachineUpdater: set stopIndex = 0
2020-12-04 06:03:02,653 [a43a40a6-1ac9-4df3-821c-5cd06fa3b4e5@group-4D3E6F7EFF8B-StateMachineUpdater] INFO  ratis.ContainerStateMachine (ContainerStateMachine.java:takeSnapshot(293)) - group-4D3E6F7EFF8B: Taking a snapshot at:(t:1, i:0) file /github/workspace/mnt/ozone/hadoop-ozone/integration-test/target/test-dir/MiniOzoneClusterImpl-d0e62b51-0f1f-480e-8215-4f24b3183874/datanode-1/data/ratis/94df6390-0626-4fc6-a8ca-4d3e6f7eff8b/sm/snapshot.1_0
2020-12-04 06:03:02,654 [a43a40a6-1ac9-4df3-821c-5cd06fa3b4e5@group-4D3E6F7EFF8B-StateMachineUpdater] INFO  ratis.ContainerStateMachine (ContainerStateMachine.java:takeSnapshot(304)) - group-4D3E6F7EFF8B: Finished taking a snapshot at:(t:1, i:0) file:/github/workspace/mnt/ozone/hadoop-ozone/integration-test/target/test-dir/MiniOzoneClusterImpl-d0e62b51-0f1f-480e-8215-4f24b3183874/datanode-1/data/ratis/94df6390-0626-4fc6-a8ca-4d3e6f7eff8b/sm/snapshot.1_0 time:2
2020-12-04 06:03:02,654 [a43a40a6-1ac9-4df3-821c-5cd06fa3b4e5@group-4D3E6F7EFF8B-StateMachineUpdater] INFO  impl.StateMachineUpdater (StateMachineUpdater.java:takeSnapshot(278)) - a43a40a6-1ac9-4df3-821c-5cd06fa3b4e5@group-4D3E6F7EFF8B-StateMachineUpdater: Took a snapshot at index 0
2020-12-04 06:03:02,654 [a43a40a6-1ac9-4df3-821c-5cd06fa3b4e5@group-4D3E6F7EFF8B-StateMachineUpdater] INFO  impl.StateMachineUpdater (StateMachineUpdater.java:lambda$new$0(87)) - a43a40a6-1ac9-4df3-821c-5cd06fa3b4e5@group-4D3E6F7EFF8B-StateMachineUpdater: snapshotIndex: updateIncreasingly -1 -> 0
2020-12-04 06:03:02,654 [a43a40a6-1ac9-4df3-821c-5cd06fa3b4e5@group-4D3E6F7EFF8B-StateMachineUpdater] INFO  metrics.RatisMetrics (RatisMetrics.java:unregister(43)) - Unregistering Metrics Registry : ratis.state_machine.a43a40a6-1ac9-4df3-821c-5cd06fa3b4e5@group-4D3E6F7EFF8B
2020-12-04 06:03:02,654 [ForkJoinPool.commonPool-worker-1] INFO  impl.RaftServerImpl (ServerState.java:close(406)) - a43a40a6-1ac9-4df3-821c-5cd06fa3b4e5@group-4D3E6F7EFF8B: closes. applyIndex: 0
2020-12-04 06:03:02,655 [a43a40a6-1ac9-4df3-821c-5cd06fa3b4e5@group-4D3E6F7EFF8B-SegmentedRaftLogWorker] INFO  segmented.SegmentedRaftLogWorker (SegmentedRaftLogWorker.java:run(329)) - a43a40a6-1ac9-4df3-821c-5cd06fa3b4e5@group-4D3E6F7EFF8B-SegmentedRaftLogWorker was interrupted, exiting. There are 0 tasks remaining in the queue.
2020-12-04 06:03:02,655 [ForkJoinPool.commonPool-worker-1] INFO  segmented.SegmentedRaftLogWorker (SegmentedRaftLogWorker.java:close(235)) - a43a40a6-1ac9-4df3-821c-5cd06fa3b4e5@group-4D3E6F7EFF8B-SegmentedRaftLogWorker close()
2020-12-04 06:03:02,655 [ForkJoinPool.commonPool-worker-1] INFO  metrics.RatisMetrics (RatisMetrics.java:unregister(43)) - Unregistering Metrics Registry : ratis.log_worker.a43a40a6-1ac9-4df3-821c-5cd06fa3b4e5@group-4D3E6F7EFF8B
2020-12-04 06:03:02,655 [ForkJoinPool.commonPool-worker-1] INFO  metrics.RatisMetrics (RatisMetrics.java:unregister(43)) - Unregistering Metrics Registry : ratis.leader_election.a43a40a6-1ac9-4df3-821c-5cd06fa3b4e5@group-4D3E6F7EFF8B
2020-12-04 06:03:02,655 [ForkJoinPool.commonPool-worker-1] INFO  metrics.RatisMetrics (RatisMetrics.java:unregister(43)) - Unregistering Metrics Registry : ratis.server.a43a40a6-1ac9-4df3-821c-5cd06fa3b4e5@group-4D3E6F7EFF8B
2020-12-04 06:03:02,656 [ForkJoinPool.commonPool-worker-1] INFO  impl.RaftServerImpl (RaftServerImpl.java:lambda$shutdown$3(328)) - a43a40a6-1ac9-4df3-821c-5cd06fa3b4e5@group-377E345DD21C: shutdown
2020-12-04 06:03:02,656 [ForkJoinPool.commonPool-worker-1] INFO  util.JmxRegister (JmxRegister.java:unregister(73)) - Successfully un-registered JMX Bean with object name Ratis:service=RaftServer,group=group-377E345DD21C,id=a43a40a6-1ac9-4df3-821c-5cd06fa3b4e5
2020-12-04 06:03:02,656 [ForkJoinPool.commonPool-worker-1] INFO  impl.RoleInfo (RoleInfo.java:shutdownFollowerState(121)) - a43a40a6-1ac9-4df3-821c-5cd06fa3b4e5: shutdown a43a40a6-1ac9-4df3-821c-5cd06fa3b4e5@group-377E345DD21C-FollowerState
2020-12-04 06:03:02,656 [ForkJoinPool.commonPool-worker-1] INFO  impl.StateMachineUpdater (StateMachineUpdater.java:stopAndJoin(147)) - a43a40a6-1ac9-4df3-821c-5cd06fa3b4e5@group-377E345DD21C-StateMachineUpdater: set stopIndex = -1
2020-12-04 06:03:02,656 [Thread-2831] INFO  impl.FollowerState (FollowerState.java:run(137)) - a43a40a6-1ac9-4df3-821c-5cd06fa3b4e5@group-377E345DD21C-FollowerState was interrupted: {}
java.lang.InterruptedException: sleep interrupted
	at java.lang.Thread.sleep(Native Method)
	at org.apache.ratis.util.JavaUtils.sleep(JavaUtils.java:250)
	at org.apache.ratis.server.impl.FollowerState.run(FollowerState.java:116)
2020-12-04 06:03:02,656 [a43a40a6-1ac9-4df3-821c-5cd06fa3b4e5@group-377E345DD21C-StateMachineUpdater] INFO  metrics.RatisMetrics (RatisMetrics.java:unregister(43)) - Unregistering Metrics Registry : ratis.state_machine.a43a40a6-1ac9-4df3-821c-5cd06fa3b4e5@group-377E345DD21C
2020-12-04 06:03:02,656 [ForkJoinPool.commonPool-worker-1] INFO  impl.RaftServerImpl (ServerState.java:close(406)) - a43a40a6-1ac9-4df3-821c-5cd06fa3b4e5@group-377E345DD21C: closes. applyIndex: -1
2020-12-04 06:03:02,657 [a43a40a6-1ac9-4df3-821c-5cd06fa3b4e5@group-377E345DD21C-SegmentedRaftLogWorker] INFO  segmented.SegmentedRaftLogWorker (SegmentedRaftLogWorker.java:run(329)) - a43a40a6-1ac9-4df3-821c-5cd06fa3b4e5@group-377E345DD21C-SegmentedRaftLogWorker was interrupted, exiting. There are 0 tasks remaining in the queue.
2020-12-04 06:03:02,657 [ForkJoinPool.commonPool-worker-1] INFO  segmented.SegmentedRaftLogWorker (SegmentedRaftLogWorker.java:close(235)) - a43a40a6-1ac9-4df3-821c-5cd06fa3b4e5@group-377E345DD21C-SegmentedRaftLogWorker close()
2020-12-04 06:03:02,658 [ForkJoinPool.commonPool-worker-1] INFO  metrics.RatisMetrics (RatisMetrics.java:unregister(43)) - Unregistering Metrics Registry : ratis.log_worker.a43a40a6-1ac9-4df3-821c-5cd06fa3b4e5@group-377E345DD21C
2020-12-04 06:03:02,658 [ForkJoinPool.commonPool-worker-1] INFO  metrics.RatisMetrics (RatisMetrics.java:unregister(43)) - Unregistering Metrics Registry : ratis.leader_election.a43a40a6-1ac9-4df3-821c-5cd06fa3b4e5@group-377E345DD21C
2020-12-04 06:03:02,658 [ForkJoinPool.commonPool-worker-1] INFO  metrics.RatisMetrics (RatisMetrics.java:unregister(43)) - Unregistering Metrics Registry : ratis.server.a43a40a6-1ac9-4df3-821c-5cd06fa3b4e5@group-377E345DD21C
2020-12-04 06:03:02,658 [ForkJoinPool.commonPool-worker-1] INFO  server.GrpcService (GrpcService.java:closeImpl(184)) - a43a40a6-1ac9-4df3-821c-5cd06fa3b4e5: shutdown server with port 36909 now
2020-12-04 06:03:02,661 [Listener at 127.0.0.1/45059] INFO  server.GrpcService (GrpcService.java:closeImpl(193)) - 54498115-28c1-4381-b59e-fdf207a0d628: shutdown server with port 36069 successfully
2020-12-04 06:03:02,665 [ForkJoinPool.commonPool-worker-1] INFO  server.GrpcService (GrpcService.java:closeImpl(193)) - a43a40a6-1ac9-4df3-821c-5cd06fa3b4e5: shutdown server with port 36909 successfully
2020-12-04 06:03:02,667 [ForkJoinPool.commonPool-worker-1] INFO  utils.BackgroundService (BackgroundService.java:shutdown(132)) - Shutting down service BlockDeletingService
2020-12-04 06:03:02,670 [Listener at 127.0.0.1/45059] INFO  utils.BackgroundService (BackgroundService.java:shutdown(132)) - Shutting down service BlockDeletingService
2020-12-04 06:03:02,672 [ForkJoinPool.commonPool-worker-1] INFO  statemachine.DatanodeStateMachine (DatanodeStateMachine.java:stopDaemon(461)) - Ozone container server stopped.
2020-12-04 06:03:02,673 [Listener at 127.0.0.1/45059] INFO  statemachine.DatanodeStateMachine (DatanodeStateMachine.java:stopDaemon(461)) - Ozone container server stopped.
2020-12-04 06:03:02,684 [Listener at 127.0.0.1/45059] INFO  handler.ContextHandler (ContextHandler.java:doStop(1154)) - Stopped o.e.j.w.WebAppContext@2718fe03{hddsDatanode,/,null,STOPPED}{jar:file:/home/user/.m2/repository/org/apache/hadoop/hadoop-hdds-container-service/1.1.0-SNAPSHOT/hadoop-hdds-container-service-1.1.0-SNAPSHOT.jar!/webapps/hddsDatanode}
2020-12-04 06:03:02,686 [Listener at 127.0.0.1/45059] INFO  server.AbstractConnector (AbstractConnector.java:doStop(381)) - Stopped ServerConnector@55c34897{HTTP/1.1, (http/1.1)}{0.0.0.0:0}
2020-12-04 06:03:02,686 [Listener at 127.0.0.1/45059] INFO  server.session (HouseKeeper.java:stopScavenging(149)) - node0 Stopped scavenging
2020-12-04 06:03:02,686 [Listener at 127.0.0.1/45059] INFO  handler.ContextHandler (ContextHandler.java:doStop(1154)) - Stopped o.e.j.s.ServletContextHandler@5fd836c4{static,/static,jar:file:/home/user/.m2/repository/org/apache/hadoop/hadoop-hdds-container-service/1.1.0-SNAPSHOT/hadoop-hdds-container-service-1.1.0-SNAPSHOT.jar!/webapps/static,STOPPED}
2020-12-04 06:03:02,687 [Listener at 127.0.0.1/45059] INFO  handler.ContextHandler (ContextHandler.java:doStop(1154)) - Stopped o.e.j.s.ServletContextHandler@24966e04{logs,/logs,file:///github/workspace/mnt/ozone/hadoop-ozone/integration-test/target/log,STOPPED}
2020-12-04 06:03:02,690 [ForkJoinPool.commonPool-worker-1] INFO  handler.ContextHandler (ContextHandler.java:doStop(1154)) - Stopped o.e.j.w.WebAppContext@1ed87bb2{hddsDatanode,/,null,STOPPED}{jar:file:/home/user/.m2/repository/org/apache/hadoop/hadoop-hdds-container-service/1.1.0-SNAPSHOT/hadoop-hdds-container-service-1.1.0-SNAPSHOT.jar!/webapps/hddsDatanode}
2020-12-04 06:03:02,691 [ForkJoinPool.commonPool-worker-1] INFO  server.AbstractConnector (AbstractConnector.java:doStop(381)) - Stopped ServerConnector@59866e5e{HTTP/1.1, (http/1.1)}{0.0.0.0:0}
2020-12-04 06:03:02,691 [ForkJoinPool.commonPool-worker-1] INFO  server.session (HouseKeeper.java:stopScavenging(149)) - node0 Stopped scavenging
2020-12-04 06:03:02,692 [ForkJoinPool.commonPool-worker-1] INFO  handler.ContextHandler (ContextHandler.java:doStop(1154)) - Stopped o.e.j.s.ServletContextHandler@5ecb4a04{static,/static,jar:file:/home/user/.m2/repository/org/apache/hadoop/hadoop-hdds-container-service/1.1.0-SNAPSHOT/hadoop-hdds-container-service-1.1.0-SNAPSHOT.jar!/webapps/static,STOPPED}
2020-12-04 06:03:02,692 [ForkJoinPool.commonPool-worker-1] INFO  handler.ContextHandler (ContextHandler.java:doStop(1154)) - Stopped o.e.j.s.ServletContextHandler@27191755{logs,/logs,file:///github/workspace/mnt/ozone/hadoop-ozone/integration-test/target/log,STOPPED}
2020-12-04 06:03:03,172 [Datanode State Machine Thread - 0] INFO  statemachine.DatanodeStateMachine (DatanodeStateMachine.java:lambda$startDaemon$0(408)) - Ozone container server started.
2020-12-04 06:03:03,207 [Datanode State Machine Thread - 0] INFO  statemachine.DatanodeStateMachine (DatanodeStateMachine.java:lambda$startDaemon$0(408)) - Ozone container server started.
2020-12-04 06:03:07,038 [EventQueue-StaleNodeForStaleNodeHandler] INFO  node.StaleNodeHandler (StaleNodeHandler.java:onMessage(58)) - Datanode a43a40a6-1ac9-4df3-821c-5cd06fa3b4e5{ip: 172.17.0.2, host: 63638dc2095a, networkLocation: /default-rack, certSerialId: null, persistedOpState: IN_SERVICE, persistedOpStateExpiryEpochSec: 0} moved to stale state. Finalizing its pipelines [PipelineID=3c8fabcf-1241-4db2-af7b-3007c9d98bf3, PipelineID=94df6390-0626-4fc6-a8ca-4d3e6f7eff8b, PipelineID=d290a255-ec77-401c-905e-377e345dd21c]
2020-12-04 06:03:07,039 [EventQueue-StaleNodeForStaleNodeHandler] INFO  pipeline.SCMPipelineManager (SCMPipelineManager.java:finalizeAndDestroyPipeline(482)) - Destroying pipeline:Pipeline[ Id: 3c8fabcf-1241-4db2-af7b-3007c9d98bf3, Nodes: 5e97bab7-f049-4685-a9ad-e9f5ff9fc7c1{ip: 172.17.0.2, host: 63638dc2095a, networkLocation: /default-rack, certSerialId: null, persistedOpState: IN_SERVICE, persistedOpStateExpiryEpochSec: 0}5e885a77-8b3e-4dc5-b522-5cb06ff98b04{ip: 172.17.0.2, host: 63638dc2095a, networkLocation: /default-rack, certSerialId: null, persistedOpState: IN_SERVICE, persistedOpStateExpiryEpochSec: 0}a43a40a6-1ac9-4df3-821c-5cd06fa3b4e5{ip: 172.17.0.2, host: 63638dc2095a, networkLocation: /default-rack, certSerialId: null, persistedOpState: IN_SERVICE, persistedOpStateExpiryEpochSec: 0}, Type:RATIS, Factor:THREE, State:ALLOCATED, leaderId:, CreationTimestamp2020-12-04T06:02:59.028Z]
2020-12-04 06:03:07,039 [EventQueue-StaleNodeForStaleNodeHandler] INFO  pipeline.PipelineStateManager (PipelineStateManager.java:finalizePipeline(121)) - Pipeline Pipeline[ Id: 3c8fabcf-1241-4db2-af7b-3007c9d98bf3, Nodes: 5e97bab7-f049-4685-a9ad-e9f5ff9fc7c1{ip: 172.17.0.2, host: 63638dc2095a, networkLocation: /default-rack, certSerialId: null, persistedOpState: IN_SERVICE, persistedOpStateExpiryEpochSec: 0}5e885a77-8b3e-4dc5-b522-5cb06ff98b04{ip: 172.17.0.2, host: 63638dc2095a, networkLocation: /default-rack, certSerialId: null, persistedOpState: IN_SERVICE, persistedOpStateExpiryEpochSec: 0}a43a40a6-1ac9-4df3-821c-5cd06fa3b4e5{ip: 172.17.0.2, host: 63638dc2095a, networkLocation: /default-rack, certSerialId: null, persistedOpState: IN_SERVICE, persistedOpStateExpiryEpochSec: 0}, Type:RATIS, Factor:THREE, State:CLOSED, leaderId:, CreationTimestamp2020-12-04T06:02:59.028Z] moved to CLOSED state
2020-12-04 06:03:07,040 [EventQueue-StaleNodeForStaleNodeHandler] INFO  pipeline.SCMPipelineManager (SCMPipelineManager.java:finalizeAndDestroyPipeline(482)) - Destroying pipeline:Pipeline[ Id: 94df6390-0626-4fc6-a8ca-4d3e6f7eff8b, Nodes: a43a40a6-1ac9-4df3-821c-5cd06fa3b4e5{ip: 172.17.0.2, host: 63638dc2095a, networkLocation: /default-rack, certSerialId: null, persistedOpState: IN_SERVICE, persistedOpStateExpiryEpochSec: 0}, Type:RATIS, Factor:ONE, State:OPEN, leaderId:a43a40a6-1ac9-4df3-821c-5cd06fa3b4e5, CreationTimestamp2020-12-04T06:02:30.738Z]
2020-12-04 06:03:07,040 [EventQueue-StaleNodeForStaleNodeHandler] INFO  pipeline.PipelineStateManager (PipelineStateManager.java:finalizePipeline(121)) - Pipeline Pipeline[ Id: 94df6390-0626-4fc6-a8ca-4d3e6f7eff8b, Nodes: a43a40a6-1ac9-4df3-821c-5cd06fa3b4e5{ip: 172.17.0.2, host: 63638dc2095a, networkLocation: /default-rack, certSerialId: null, persistedOpState: IN_SERVICE, persistedOpStateExpiryEpochSec: 0}, Type:RATIS, Factor:ONE, State:CLOSED, leaderId:a43a40a6-1ac9-4df3-821c-5cd06fa3b4e5, CreationTimestamp2020-12-04T06:02:30.738Z] moved to CLOSED state
2020-12-04 06:03:07,040 [EventQueue-StaleNodeForStaleNodeHandler] INFO  pipeline.SCMPipelineManager (SCMPipelineManager.java:finalizeAndDestroyPipeline(482)) - Destroying pipeline:Pipeline[ Id: d290a255-ec77-401c-905e-377e345dd21c, Nodes: 5e97bab7-f049-4685-a9ad-e9f5ff9fc7c1{ip: 172.17.0.2, host: 63638dc2095a, networkLocation: /default-rack, certSerialId: null, persistedOpState: IN_SERVICE, persistedOpStateExpiryEpochSec: 0}5e885a77-8b3e-4dc5-b522-5cb06ff98b04{ip: 172.17.0.2, host: 63638dc2095a, networkLocation: /default-rack, certSerialId: null, persistedOpState: IN_SERVICE, persistedOpStateExpiryEpochSec: 0}a43a40a6-1ac9-4df3-821c-5cd06fa3b4e5{ip: 172.17.0.2, host: 63638dc2095a, networkLocation: /default-rack, certSerialId: null, persistedOpState: IN_SERVICE, persistedOpStateExpiryEpochSec: 0}, Type:RATIS, Factor:THREE, State:ALLOCATED, leaderId:, CreationTimestamp2020-12-04T06:02:59.029Z]
2020-12-04 06:03:07,040 [EventQueue-StaleNodeForStaleNodeHandler] INFO  pipeline.PipelineStateManager (PipelineStateManager.java:finalizePipeline(121)) - Pipeline Pipeline[ Id: d290a255-ec77-401c-905e-377e345dd21c, Nodes: 5e97bab7-f049-4685-a9ad-e9f5ff9fc7c1{ip: 172.17.0.2, host: 63638dc2095a, networkLocation: /default-rack, certSerialId: null, persistedOpState: IN_SERVICE, persistedOpStateExpiryEpochSec: 0}5e885a77-8b3e-4dc5-b522-5cb06ff98b04{ip: 172.17.0.2, host: 63638dc2095a, networkLocation: /default-rack, certSerialId: null, persistedOpState: IN_SERVICE, persistedOpStateExpiryEpochSec: 0}a43a40a6-1ac9-4df3-821c-5cd06fa3b4e5{ip: 172.17.0.2, host: 63638dc2095a, networkLocation: /default-rack, certSerialId: null, persistedOpState: IN_SERVICE, persistedOpStateExpiryEpochSec: 0}, Type:RATIS, Factor:THREE, State:CLOSED, leaderId:, CreationTimestamp2020-12-04T06:02:59.029Z] moved to CLOSED state
2020-12-04 06:03:07,083 [Thread-2817] INFO  impl.FollowerState (FollowerState.java:run(128)) - 5e97bab7-f049-4685-a9ad-e9f5ff9fc7c1@group-3007C9D98BF3-FollowerState: change to CANDIDATE, lastRpcTime:5031ms, electionTimeout:5009ms
2020-12-04 06:03:07,084 [Thread-2817] INFO  impl.RoleInfo (RoleInfo.java:shutdownFollowerState(121)) - 5e97bab7-f049-4685-a9ad-e9f5ff9fc7c1: shutdown 5e97bab7-f049-4685-a9ad-e9f5ff9fc7c1@group-3007C9D98BF3-FollowerState
2020-12-04 06:03:07,084 [Thread-2817] INFO  impl.RaftServerImpl (RaftServerImpl.java:setRole(204)) - 5e97bab7-f049-4685-a9ad-e9f5ff9fc7c1@group-3007C9D98BF3: changes role from  FOLLOWER to CANDIDATE at term 0 for changeToCandidate
2020-12-04 06:03:07,084 [Thread-2817] INFO  impl.RoleInfo (RoleInfo.java:updateAndGet(143)) - 5e97bab7-f049-4685-a9ad-e9f5ff9fc7c1: start 5e97bab7-f049-4685-a9ad-e9f5ff9fc7c1@group-3007C9D98BF3-LeaderElection80
2020-12-04 06:03:07,089 [5e97bab7-f049-4685-a9ad-e9f5ff9fc7c1@group-3007C9D98BF3-LeaderElection80] INFO  impl.LeaderElection (LeaderElection.java:askForVotes(215)) - 5e97bab7-f049-4685-a9ad-e9f5ff9fc7c1@group-3007C9D98BF3-LeaderElection80: begin an election at term 1 for -1: [5e97bab7-f049-4685-a9ad-e9f5ff9fc7c1|rpc:172.17.0.2:46089, 5e885a77-8b3e-4dc5-b522-5cb06ff98b04|rpc:172.17.0.2:39901, a43a40a6-1ac9-4df3-821c-5cd06fa3b4e5|rpc:172.17.0.2:36909], old=null
2020-12-04 06:03:07,094 [grpc-default-executor-1] INFO  impl.RaftServerImpl (RaftServerImpl.java:setRole(204)) - 5e885a77-8b3e-4dc5-b522-5cb06ff98b04@group-3007C9D98BF3: changes role from  FOLLOWER to FOLLOWER at term 1 for recognizeCandidate:5e97bab7-f049-4685-a9ad-e9f5ff9fc7c1
2020-12-04 06:03:07,094 [grpc-default-executor-1] INFO  impl.RoleInfo (RoleInfo.java:shutdownFollowerState(121)) - 5e885a77-8b3e-4dc5-b522-5cb06ff98b04: shutdown 5e885a77-8b3e-4dc5-b522-5cb06ff98b04@group-3007C9D98BF3-FollowerState
2020-12-04 06:03:07,095 [grpc-default-executor-1] INFO  impl.RoleInfo (RoleInfo.java:updateAndGet(143)) - 5e885a77-8b3e-4dc5-b522-5cb06ff98b04: start 5e885a77-8b3e-4dc5-b522-5cb06ff98b04@group-3007C9D98BF3-FollowerState
2020-12-04 06:03:07,095 [Thread-2819] INFO  impl.FollowerState (FollowerState.java:run(137)) - 5e885a77-8b3e-4dc5-b522-5cb06ff98b04@group-3007C9D98BF3-FollowerState was interrupted: {}
java.lang.InterruptedException: sleep interrupted
	at java.lang.Thread.sleep(Native Method)
	at org.apache.ratis.util.JavaUtils.sleep(JavaUtils.java:250)
	at org.apache.ratis.server.impl.FollowerState.run(FollowerState.java:116)
2020-12-04 06:03:07,095 [grpc-default-executor-1] INFO  impl.RaftServerImpl (RaftServerImpl.java:requestVote(963)) -  FOLLOWER 5e885a77-8b3e-4dc5-b522-5cb06ff98b04@group-3007C9D98BF3:t1, leader=null, voted=null, raftlog=5e885a77-8b3e-4dc5-b522-5cb06ff98b04@group-3007C9D98BF3-SegmentedRaftLog:OPENED:c-1,f-1,i0, conf=-1: [5e97bab7-f049-4685-a9ad-e9f5ff9fc7c1|rpc:172.17.0.2:46089, 5e885a77-8b3e-4dc5-b522-5cb06ff98b04|rpc:172.17.0.2:39901, a43a40a6-1ac9-4df3-821c-5cd06fa3b4e5|rpc:172.17.0.2:36909], old=null RUNNING priority:0 candidate:5e97bab7-f049-4685-a9ad-e9f5ff9fc7c1|rpc:172.17.0.2:46089 candidatePriority:0 compare:0
2020-12-04 06:03:07,098 [5e97bab7-f049-4685-a9ad-e9f5ff9fc7c1@group-3007C9D98BF3-LeaderElection80] INFO  impl.LeaderElection (LeaderElection.java:logAndReturn(65)) - 5e97bab7-f049-4685-a9ad-e9f5ff9fc7c1@group-3007C9D98BF3-LeaderElection80: Election PASSED; received 1 response(s) [5e97bab7-f049-4685-a9ad-e9f5ff9fc7c1<-5e885a77-8b3e-4dc5-b522-5cb06ff98b04#0:OK-t1] and 0 exception(s); 5e97bab7-f049-4685-a9ad-e9f5ff9fc7c1@group-3007C9D98BF3:t1, leader=null, voted=5e97bab7-f049-4685-a9ad-e9f5ff9fc7c1, raftlog=5e97bab7-f049-4685-a9ad-e9f5ff9fc7c1@group-3007C9D98BF3-SegmentedRaftLog:OPENED:c-1,f-1,i0, conf=-1: [5e97bab7-f049-4685-a9ad-e9f5ff9fc7c1|rpc:172.17.0.2:46089, 5e885a77-8b3e-4dc5-b522-5cb06ff98b04|rpc:172.17.0.2:39901, a43a40a6-1ac9-4df3-821c-5cd06fa3b4e5|rpc:172.17.0.2:36909], old=null
2020-12-04 06:03:07,098 [5e97bab7-f049-4685-a9ad-e9f5ff9fc7c1@group-3007C9D98BF3-LeaderElection80] INFO  impl.RoleInfo (RoleInfo.java:shutdownLeaderElection(134)) - 5e97bab7-f049-4685-a9ad-e9f5ff9fc7c1: shutdown 5e97bab7-f049-4685-a9ad-e9f5ff9fc7c1@group-3007C9D98BF3-LeaderElection80
2020-12-04 06:03:07,098 [5e97bab7-f049-4685-a9ad-e9f5ff9fc7c1@group-3007C9D98BF3-LeaderElection80] INFO  impl.RaftServerImpl (RaftServerImpl.java:setRole(204)) - 5e97bab7-f049-4685-a9ad-e9f5ff9fc7c1@group-3007C9D98BF3: changes role from CANDIDATE to LEADER at term 1 for changeToLeader
2020-12-04 06:03:07,098 [5e97bab7-f049-4685-a9ad-e9f5ff9fc7c1@group-3007C9D98BF3-LeaderElection80] INFO  ratis.XceiverServerRatis (XceiverServerRatis.java:handleLeaderChangedNotification(854)) - Leader change notification received for group: group-3007C9D98BF3 with new leaderId: 5e97bab7-f049-4685-a9ad-e9f5ff9fc7c1
2020-12-04 06:03:07,098 [5e97bab7-f049-4685-a9ad-e9f5ff9fc7c1@group-3007C9D98BF3-LeaderElection80] INFO  impl.RaftServerImpl (ServerState.java:setLeader(256)) - 5e97bab7-f049-4685-a9ad-e9f5ff9fc7c1@group-3007C9D98BF3: change Leader from null to 5e97bab7-f049-4685-a9ad-e9f5ff9fc7c1 at term 1 for becomeLeader, leader elected after 5125ms
2020-12-04 06:03:07,098 [5e97bab7-f049-4685-a9ad-e9f5ff9fc7c1@group-3007C9D98BF3-LeaderElection80] INFO  server.RaftServerConfigKeys (ConfUtils.java:logGet(44)) - raft.server.staging.catchup.gap = 1000 (default)
2020-12-04 06:03:07,098 [5e97bab7-f049-4685-a9ad-e9f5ff9fc7c1@group-3007C9D98BF3-LeaderElection80] INFO  server.RaftServerConfigKeys (ConfUtils.java:logGet(44)) - raft.server.rpc.sleep.time = 25ms (default)
2020-12-04 06:03:07,099 [5e97bab7-f049-4685-a9ad-e9f5ff9fc7c1@group-3007C9D98BF3-LeaderElection80] INFO  metrics.RatisMetrics (RatisMetrics.java:lambda$create$0(36)) - Creating Metrics Registry : ratis.log_appender.5e97bab7-f049-4685-a9ad-e9f5ff9fc7c1@group-3007C9D98BF3
2020-12-04 06:03:07,099 [5e97bab7-f049-4685-a9ad-e9f5ff9fc7c1@group-3007C9D98BF3-LeaderElection80] INFO  server.RaftServerConfigKeys (ConfUtils.java:logGet(44)) - raft.server.write.element-limit = 1024 (custom)
2020-12-04 06:03:07,099 [5e97bab7-f049-4685-a9ad-e9f5ff9fc7c1@group-3007C9D98BF3-LeaderElection80] INFO  server.RaftServerConfigKeys (ConfUtils.java:logGet(44)) - raft.server.write.byte-limit = 1073741824 (custom)
2020-12-04 06:03:07,099 [5e97bab7-f049-4685-a9ad-e9f5ff9fc7c1@group-3007C9D98BF3-LeaderElection80] INFO  server.RaftServerConfigKeys (ConfUtils.java:logGet(44)) - raft.server.watch.timeout = 3000ms (custom)
2020-12-04 06:03:07,099 [5e97bab7-f049-4685-a9ad-e9f5ff9fc7c1@group-3007C9D98BF3-LeaderElection80] INFO  server.RaftServerConfigKeys (ConfUtils.java:logGet(44)) - raft.server.watch.timeout.denomination = 1s (default)
2020-12-04 06:03:07,099 [5e97bab7-f049-4685-a9ad-e9f5ff9fc7c1@group-3007C9D98BF3-LeaderElection80] INFO  server.RaftServerConfigKeys (ConfUtils.java:logGet(44)) - raft.server.watch.element-limit = 65536 (default)
2020-12-04 06:03:07,100 [5e97bab7-f049-4685-a9ad-e9f5ff9fc7c1@group-3007C9D98BF3-LeaderElection80] INFO  server.RaftServerConfigKeys (ConfUtils.java:logGet(44)) - raft.server.log.appender.snapshot.chunk.size.max = 16MB (=16777216) (default)
2020-12-04 06:03:07,100 [5e97bab7-f049-4685-a9ad-e9f5ff9fc7c1@group-3007C9D98BF3-LeaderElection80] INFO  server.RaftServerConfigKeys (ConfUtils.java:logGet(44)) - raft.server.log.appender.buffer.byte-limit = 33554432 (custom)
2020-12-04 06:03:07,100 [5e97bab7-f049-4685-a9ad-e9f5ff9fc7c1@group-3007C9D98BF3-LeaderElection80] INFO  server.RaftServerConfigKeys (ConfUtils.java:logGet(44)) - raft.server.log.appender.buffer.element-limit = 1 (custom)
2020-12-04 06:03:07,100 [5e97bab7-f049-4685-a9ad-e9f5ff9fc7c1@group-3007C9D98BF3-LeaderElection80] INFO  grpc.GrpcConfigKeys (ConfUtils.java:logGet(44)) - raft.grpc.server.leader.outstanding.appends.max = 128 (default)
2020-12-04 06:03:07,100 [5e97bab7-f049-4685-a9ad-e9f5ff9fc7c1@group-3007C9D98BF3-LeaderElection80] INFO  server.RaftServerConfigKeys (ConfUtils.java:logGet(44)) - raft.server.rpc.request.timeout = 3000ms (default)
2020-12-04 06:03:07,100 [5e97bab7-f049-4685-a9ad-e9f5ff9fc7c1@group-3007C9D98BF3-LeaderElection80] INFO  server.RaftServerConfigKeys (ConfUtils.java:logGet(44)) - raft.server.log.appender.install.snapshot.enabled = false (custom)
2020-12-04 06:03:07,100 [5e97bab7-f049-4685-a9ad-e9f5ff9fc7c1@group-3007C9D98BF3-LeaderElection80] INFO  metrics.RatisMetrics (RatisMetrics.java:lambda$create$0(36)) - Creating Metrics Registry : ratis_grpc.log_appender.5e97bab7-f049-4685-a9ad-e9f5ff9fc7c1@group-3007C9D98BF3
2020-12-04 06:03:07,102 [5e97bab7-f049-4685-a9ad-e9f5ff9fc7c1@group-3007C9D98BF3-LeaderElection80] INFO  server.RaftServerConfigKeys (ConfUtils.java:logGet(44)) - raft.server.log.appender.snapshot.chunk.size.max = 16MB (=16777216) (default)
2020-12-04 06:03:07,102 [5e97bab7-f049-4685-a9ad-e9f5ff9fc7c1@group-3007C9D98BF3-LeaderElection80] INFO  server.RaftServerConfigKeys (ConfUtils.java:logGet(44)) - raft.server.log.appender.buffer.byte-limit = 33554432 (custom)
2020-12-04 06:03:07,103 [5e97bab7-f049-4685-a9ad-e9f5ff9fc7c1@group-3007C9D98BF3-LeaderElection80] INFO  server.RaftServerConfigKeys (ConfUtils.java:logGet(44)) - raft.server.log.appender.buffer.element-limit = 1 (custom)
2020-12-04 06:03:07,103 [5e97bab7-f049-4685-a9ad-e9f5ff9fc7c1@group-3007C9D98BF3-LeaderElection80] INFO  grpc.GrpcConfigKeys (ConfUtils.java:logGet(44)) - raft.grpc.server.leader.outstanding.appends.max = 128 (default)
2020-12-04 06:03:07,103 [5e97bab7-f049-4685-a9ad-e9f5ff9fc7c1@group-3007C9D98BF3-LeaderElection80] INFO  server.RaftServerConfigKeys (ConfUtils.java:logGet(44)) - raft.server.rpc.request.timeout = 3000ms (default)
2020-12-04 06:03:07,103 [5e97bab7-f049-4685-a9ad-e9f5ff9fc7c1@group-3007C9D98BF3-LeaderElection80] INFO  server.RaftServerConfigKeys (ConfUtils.java:logGet(44)) - raft.server.log.appender.install.snapshot.enabled = false (custom)
2020-12-04 06:03:07,105 [5e97bab7-f049-4685-a9ad-e9f5ff9fc7c1@group-3007C9D98BF3-LeaderElection80] INFO  impl.RoleInfo (RoleInfo.java:updateAndGet(143)) - 5e97bab7-f049-4685-a9ad-e9f5ff9fc7c1: start 5e97bab7-f049-4685-a9ad-e9f5ff9fc7c1@group-3007C9D98BF3-LeaderState
2020-12-04 06:03:07,105 [5e97bab7-f049-4685-a9ad-e9f5ff9fc7c1@group-3007C9D98BF3-LeaderElection80] INFO  segmented.SegmentedRaftLogWorker (SegmentedRaftLogWorker.java:startLogSegment(398)) - 5e97bab7-f049-4685-a9ad-e9f5ff9fc7c1@group-3007C9D98BF3-SegmentedRaftLogWorker: Starting segment from index:0
2020-12-04 06:03:07,107 [5e97bab7-f049-4685-a9ad-e9f5ff9fc7c1@group-3007C9D98BF3-SegmentedRaftLogWorker] INFO  segmented.SegmentedRaftLogWorker (SegmentedRaftLogWorker.java:execute(597)) - 5e97bab7-f049-4685-a9ad-e9f5ff9fc7c1@group-3007C9D98BF3-SegmentedRaftLogWorker: created new log segment /github/workspace/mnt/ozone/hadoop-ozone/integration-test/target/test-dir/MiniOzoneClusterImpl-d0e62b51-0f1f-480e-8215-4f24b3183874/datanode-6/data/ratis/3c8fabcf-1241-4db2-af7b-3007c9d98bf3/current/log_inprogress_0
2020-12-04 06:03:07,108 [5e97bab7-f049-4685-a9ad-e9f5ff9fc7c1@group-3007C9D98BF3-LeaderElection80] INFO  impl.RaftServerImpl (ServerState.java:setRaftConf(374)) - 5e97bab7-f049-4685-a9ad-e9f5ff9fc7c1@group-3007C9D98BF3: set configuration 0: [5e97bab7-f049-4685-a9ad-e9f5ff9fc7c1|rpc:172.17.0.2:46089|dataStream:, 5e885a77-8b3e-4dc5-b522-5cb06ff98b04|rpc:172.17.0.2:39901|dataStream:, a43a40a6-1ac9-4df3-821c-5cd06fa3b4e5|rpc:172.17.0.2:36909|dataStream:], old=null at 0
2020-12-04 06:03:07,115 [grpc-default-executor-1] WARN  server.GrpcLogAppender (LogUtils.java:warn(122)) - 5e97bab7-f049-4685-a9ad-e9f5ff9fc7c1@group-3007C9D98BF3->a43a40a6-1ac9-4df3-821c-5cd06fa3b4e5-AppendLogResponseHandler: Failed appendEntries: org.apache.ratis.thirdparty.io.grpc.StatusRuntimeException: UNAVAILABLE: io exception
2020-12-04 06:03:07,116 [grpc-default-executor-8] INFO  ratis.XceiverServerRatis (XceiverServerRatis.java:handleLeaderChangedNotification(854)) - Leader change notification received for group: group-3007C9D98BF3 with new leaderId: 5e97bab7-f049-4685-a9ad-e9f5ff9fc7c1
2020-12-04 06:03:07,116 [grpc-default-executor-8] INFO  impl.RaftServerImpl (ServerState.java:setLeader(256)) - 5e885a77-8b3e-4dc5-b522-5cb06ff98b04@group-3007C9D98BF3: change Leader from null to 5e97bab7-f049-4685-a9ad-e9f5ff9fc7c1 at term 1 for appendEntries, leader elected after 5070ms
2020-12-04 06:03:07,118 [grpc-default-executor-1] WARN  server.GrpcLogAppender (GrpcLogAppender.java:resetClient(107)) - 5e97bab7-f049-4685-a9ad-e9f5ff9fc7c1@group-3007C9D98BF3->a43a40a6-1ac9-4df3-821c-5cd06fa3b4e5-GrpcLogAppender: Leader has not got in touch with Follower 5e97bab7-f049-4685-a9ad-e9f5ff9fc7c1@group-3007C9D98BF3->a43a40a6-1ac9-4df3-821c-5cd06fa3b4e5(c-1,m0,n1, attendVote=true, lastRpcSendTime=2, lastRpcResponseTime=5218) yet, just keep nextIndex unchanged and retry.
2020-12-04 06:03:07,119 [grpc-default-executor-8] INFO  impl.RaftServerImpl (ServerState.java:setRaftConf(374)) - 5e885a77-8b3e-4dc5-b522-5cb06ff98b04@group-3007C9D98BF3: set configuration 0: [5e97bab7-f049-4685-a9ad-e9f5ff9fc7c1|rpc:172.17.0.2:46089|dataStream:, 5e885a77-8b3e-4dc5-b522-5cb06ff98b04|rpc:172.17.0.2:39901|dataStream:, a43a40a6-1ac9-4df3-821c-5cd06fa3b4e5|rpc:172.17.0.2:36909|dataStream:], old=null at 0
2020-12-04 06:03:07,120 [grpc-default-executor-8] INFO  segmented.SegmentedRaftLogWorker (SegmentedRaftLogWorker.java:startLogSegment(398)) - 5e885a77-8b3e-4dc5-b522-5cb06ff98b04@group-3007C9D98BF3-SegmentedRaftLogWorker: Starting segment from index:0
2020-12-04 06:03:07,121 [5e885a77-8b3e-4dc5-b522-5cb06ff98b04@group-3007C9D98BF3-SegmentedRaftLogWorker] INFO  segmented.SegmentedRaftLogWorker (SegmentedRaftLogWorker.java:execute(597)) - 5e885a77-8b3e-4dc5-b522-5cb06ff98b04@group-3007C9D98BF3-SegmentedRaftLogWorker: created new log segment /github/workspace/mnt/ozone/hadoop-ozone/integration-test/target/test-dir/MiniOzoneClusterImpl-d0e62b51-0f1f-480e-8215-4f24b3183874/datanode-0/data/ratis/3c8fabcf-1241-4db2-af7b-3007c9d98bf3/current/log_inprogress_0
2020-12-04 06:03:07,221 [Thread-2826] INFO  impl.FollowerState (FollowerState.java:run(128)) - 5e885a77-8b3e-4dc5-b522-5cb06ff98b04@group-377E345DD21C-FollowerState: change to CANDIDATE, lastRpcTime:5039ms, electionTimeout:5038ms
2020-12-04 06:03:07,221 [Thread-2826] INFO  impl.RoleInfo (RoleInfo.java:shutdownFollowerState(121)) - 5e885a77-8b3e-4dc5-b522-5cb06ff98b04: shutdown 5e885a77-8b3e-4dc5-b522-5cb06ff98b04@group-377E345DD21C-FollowerState
2020-12-04 06:03:07,221 [Thread-2826] INFO  impl.RaftServerImpl (RaftServerImpl.java:setRole(204)) - 5e885a77-8b3e-4dc5-b522-5cb06ff98b04@group-377E345DD21C: changes role from  FOLLOWER to CANDIDATE at term 0 for changeToCandidate
2020-12-04 06:03:07,222 [Thread-2826] INFO  impl.RoleInfo (RoleInfo.java:updateAndGet(143)) - 5e885a77-8b3e-4dc5-b522-5cb06ff98b04: start 5e885a77-8b3e-4dc5-b522-5cb06ff98b04@group-377E345DD21C-LeaderElection81
2020-12-04 06:03:07,226 [5e885a77-8b3e-4dc5-b522-5cb06ff98b04@group-377E345DD21C-LeaderElection81] INFO  impl.LeaderElection (LeaderElection.java:askForVotes(215)) - 5e885a77-8b3e-4dc5-b522-5cb06ff98b04@group-377E345DD21C-LeaderElection81: begin an election at term 1 for -1: [5e97bab7-f049-4685-a9ad-e9f5ff9fc7c1|rpc:172.17.0.2:46089, 5e885a77-8b3e-4dc5-b522-5cb06ff98b04|rpc:172.17.0.2:39901, a43a40a6-1ac9-4df3-821c-5cd06fa3b4e5|rpc:172.17.0.2:36909], old=null
2020-12-04 06:03:07,236 [grpc-default-executor-8] INFO  impl.RaftServerImpl (RaftServerImpl.java:setRole(204)) - 5e97bab7-f049-4685-a9ad-e9f5ff9fc7c1@group-377E345DD21C: changes role from  FOLLOWER to FOLLOWER at term 1 for recognizeCandidate:5e885a77-8b3e-4dc5-b522-5cb06ff98b04
2020-12-04 06:03:07,237 [grpc-default-executor-8] INFO  impl.RoleInfo (RoleInfo.java:shutdownFollowerState(121)) - 5e97bab7-f049-4685-a9ad-e9f5ff9fc7c1: shutdown 5e97bab7-f049-4685-a9ad-e9f5ff9fc7c1@group-377E345DD21C-FollowerState
2020-12-04 06:03:07,237 [grpc-default-executor-8] INFO  impl.RoleInfo (RoleInfo.java:updateAndGet(143)) - 5e97bab7-f049-4685-a9ad-e9f5ff9fc7c1: start 5e97bab7-f049-4685-a9ad-e9f5ff9fc7c1@group-377E345DD21C-FollowerState
2020-12-04 06:03:07,237 [Thread-2828] INFO  impl.FollowerState (FollowerState.java:run(137)) - 5e97bab7-f049-4685-a9ad-e9f5ff9fc7c1@group-377E345DD21C-FollowerState was interrupted: {}
java.lang.InterruptedException: sleep interrupted
	at java.lang.Thread.sleep(Native Method)
	at org.apache.ratis.util.JavaUtils.sleep(JavaUtils.java:250)
	at org.apache.ratis.server.impl.FollowerState.run(FollowerState.java:116)
2020-12-04 06:03:07,240 [grpc-default-executor-8] INFO  impl.RaftServerImpl (RaftServerImpl.java:requestVote(963)) -  FOLLOWER 5e97bab7-f049-4685-a9ad-e9f5ff9fc7c1@group-377E345DD21C:t1, leader=null, voted=null, raftlog=5e97bab7-f049-4685-a9ad-e9f5ff9fc7c1@group-377E345DD21C-SegmentedRaftLog:OPENED:c-1,f-1,i0, conf=-1: [5e97bab7-f049-4685-a9ad-e9f5ff9fc7c1|rpc:172.17.0.2:46089|dataStream:, 5e885a77-8b3e-4dc5-b522-5cb06ff98b04|rpc:172.17.0.2:39901|dataStream:, a43a40a6-1ac9-4df3-821c-5cd06fa3b4e5|rpc:172.17.0.2:36909|dataStream:], old=null RUNNING priority:0 candidate:5e885a77-8b3e-4dc5-b522-5cb06ff98b04|rpc:172.17.0.2:39901|dataStream: candidatePriority:0 compare:0
2020-12-04 06:03:07,241 [5e885a77-8b3e-4dc5-b522-5cb06ff98b04@group-377E345DD21C-LeaderElection81] INFO  impl.LeaderElection (LogUtils.java:infoOrTrace(137)) - 5e885a77-8b3e-4dc5-b522-5cb06ff98b04@group-377E345DD21C-LeaderElection81 got exception when requesting votes: java.util.concurrent.ExecutionException: org.apache.ratis.thirdparty.io.grpc.StatusRuntimeException: UNAVAILABLE: io exception
2020-12-04 06:03:07,242 [5e885a77-8b3e-4dc5-b522-5cb06ff98b04@group-377E345DD21C-LeaderElection81] INFO  impl.LeaderElection (LeaderElection.java:logAndReturn(65)) - 5e885a77-8b3e-4dc5-b522-5cb06ff98b04@group-377E345DD21C-LeaderElection81: Election PASSED; received 1 response(s) [5e885a77-8b3e-4dc5-b522-5cb06ff98b04<-5e97bab7-f049-4685-a9ad-e9f5ff9fc7c1#0:OK-t1] and 1 exception(s); 5e885a77-8b3e-4dc5-b522-5cb06ff98b04@group-377E345DD21C:t1, leader=null, voted=5e885a77-8b3e-4dc5-b522-5cb06ff98b04, raftlog=5e885a77-8b3e-4dc5-b522-5cb06ff98b04@group-377E345DD21C-SegmentedRaftLog:OPENED:c-1,f-1,i0, conf=-1: [5e97bab7-f049-4685-a9ad-e9f5ff9fc7c1|rpc:172.17.0.2:46089, 5e885a77-8b3e-4dc5-b522-5cb06ff98b04|rpc:172.17.0.2:39901, a43a40a6-1ac9-4df3-821c-5cd06fa3b4e5|rpc:172.17.0.2:36909], old=null
2020-12-04 06:03:07,242 [5e885a77-8b3e-4dc5-b522-5cb06ff98b04@group-377E345DD21C-LeaderElection81] INFO  impl.LeaderElection (LogUtils.java:infoOrTrace(137)) -   Exception 0: java.util.concurrent.ExecutionException: org.apache.ratis.thirdparty.io.grpc.StatusRuntimeException: UNAVAILABLE: io exception
2020-12-04 06:03:07,242 [5e885a77-8b3e-4dc5-b522-5cb06ff98b04@group-377E345DD21C-LeaderElection81] INFO  impl.RoleInfo (RoleInfo.java:shutdownLeaderElection(134)) - 5e885a77-8b3e-4dc5-b522-5cb06ff98b04: shutdown 5e885a77-8b3e-4dc5-b522-5cb06ff98b04@group-377E345DD21C-LeaderElection81
2020-12-04 06:03:07,242 [5e885a77-8b3e-4dc5-b522-5cb06ff98b04@group-377E345DD21C-LeaderElection81] INFO  impl.RaftServerImpl (RaftServerImpl.java:setRole(204)) - 5e885a77-8b3e-4dc5-b522-5cb06ff98b04@group-377E345DD21C: changes role from CANDIDATE to LEADER at term 1 for changeToLeader
2020-12-04 06:03:07,242 [5e885a77-8b3e-4dc5-b522-5cb06ff98b04@group-377E345DD21C-LeaderElection81] INFO  ratis.XceiverServerRatis (XceiverServerRatis.java:handleLeaderChangedNotification(854)) - Leader change notification received for group: group-377E345DD21C with new leaderId: 5e885a77-8b3e-4dc5-b522-5cb06ff98b04
2020-12-04 06:03:07,243 [5e885a77-8b3e-4dc5-b522-5cb06ff98b04@group-377E345DD21C-LeaderElection81] INFO  impl.RaftServerImpl (ServerState.java:setLeader(256)) - 5e885a77-8b3e-4dc5-b522-5cb06ff98b04@group-377E345DD21C: change Leader from null to 5e885a77-8b3e-4dc5-b522-5cb06ff98b04 at term 1 for becomeLeader, leader elected after 5070ms
2020-12-04 06:03:07,243 [5e885a77-8b3e-4dc5-b522-5cb06ff98b04@group-377E345DD21C-LeaderElection81] INFO  server.RaftServerConfigKeys (ConfUtils.java:logGet(44)) - raft.server.staging.catchup.gap = 1000 (default)
2020-12-04 06:03:07,243 [5e885a77-8b3e-4dc5-b522-5cb06ff98b04@group-377E345DD21C-LeaderElection81] INFO  server.RaftServerConfigKeys (ConfUtils.java:logGet(44)) - raft.server.rpc.sleep.time = 25ms (default)
2020-12-04 06:03:07,243 [5e885a77-8b3e-4dc5-b522-5cb06ff98b04@group-377E345DD21C-LeaderElection81] INFO  metrics.RatisMetrics (RatisMetrics.java:lambda$create$0(36)) - Creating Metrics Registry : ratis.log_appender.5e885a77-8b3e-4dc5-b522-5cb06ff98b04@group-377E345DD21C
2020-12-04 06:03:07,243 [5e885a77-8b3e-4dc5-b522-5cb06ff98b04@group-377E345DD21C-LeaderElection81] INFO  server.RaftServerConfigKeys (ConfUtils.java:logGet(44)) - raft.server.write.element-limit = 1024 (custom)
2020-12-04 06:03:07,243 [5e885a77-8b3e-4dc5-b522-5cb06ff98b04@group-377E345DD21C-LeaderElection81] INFO  server.RaftServerConfigKeys (ConfUtils.java:logGet(44)) - raft.server.write.byte-limit = 1073741824 (custom)
2020-12-04 06:03:07,243 [5e885a77-8b3e-4dc5-b522-5cb06ff98b04@group-377E345DD21C-LeaderElection81] INFO  server.RaftServerConfigKeys (ConfUtils.java:logGet(44)) - raft.server.watch.timeout = 3000ms (custom)
2020-12-04 06:03:07,244 [5e885a77-8b3e-4dc5-b522-5cb06ff98b04@group-377E345DD21C-LeaderElection81] INFO  server.RaftServerConfigKeys (ConfUtils.java:logGet(44)) - raft.server.watch.timeout.denomination = 1s (default)
2020-12-04 06:03:07,244 [5e885a77-8b3e-4dc5-b522-5cb06ff98b04@group-377E345DD21C-LeaderElection81] INFO  server.RaftServerConfigKeys (ConfUtils.java:logGet(44)) - raft.server.watch.element-limit = 65536 (default)
2020-12-04 06:03:07,244 [5e885a77-8b3e-4dc5-b522-5cb06ff98b04@group-377E345DD21C-LeaderElection81] INFO  server.RaftServerConfigKeys (ConfUtils.java:logGet(44)) - raft.server.log.appender.snapshot.chunk.size.max = 16MB (=16777216) (default)
2020-12-04 06:03:07,244 [5e885a77-8b3e-4dc5-b522-5cb06ff98b04@group-377E345DD21C-LeaderElection81] INFO  server.RaftServerConfigKeys (ConfUtils.java:logGet(44)) - raft.server.log.appender.buffer.byte-limit = 33554432 (custom)
2020-12-04 06:03:07,244 [5e885a77-8b3e-4dc5-b522-5cb06ff98b04@group-377E345DD21C-LeaderElection81] INFO  server.RaftServerConfigKeys (ConfUtils.java:logGet(44)) - raft.server.log.appender.buffer.element-limit = 1 (custom)
2020-12-04 06:03:07,244 [5e885a77-8b3e-4dc5-b522-5cb06ff98b04@group-377E345DD21C-LeaderElection81] INFO  grpc.GrpcConfigKeys (ConfUtils.java:logGet(44)) - raft.grpc.server.leader.outstanding.appends.max = 128 (default)
2020-12-04 06:03:07,244 [5e885a77-8b3e-4dc5-b522-5cb06ff98b04@group-377E345DD21C-LeaderElection81] INFO  server.RaftServerConfigKeys (ConfUtils.java:logGet(44)) - raft.server.rpc.request.timeout = 3000ms (default)
2020-12-04 06:03:07,244 [5e885a77-8b3e-4dc5-b522-5cb06ff98b04@group-377E345DD21C-LeaderElection81] INFO  server.RaftServerConfigKeys (ConfUtils.java:logGet(44)) - raft.server.log.appender.install.snapshot.enabled = false (custom)
2020-12-04 06:03:07,244 [5e885a77-8b3e-4dc5-b522-5cb06ff98b04@group-377E345DD21C-LeaderElection81] INFO  metrics.RatisMetrics (RatisMetrics.java:lambda$create$0(36)) - Creating Metrics Registry : ratis_grpc.log_appender.5e885a77-8b3e-4dc5-b522-5cb06ff98b04@group-377E345DD21C
2020-12-04 06:03:07,246 [5e885a77-8b3e-4dc5-b522-5cb06ff98b04@group-377E345DD21C-LeaderElection81] INFO  server.RaftServerConfigKeys (ConfUtils.java:logGet(44)) - raft.server.log.appender.snapshot.chunk.size.max = 16MB (=16777216) (default)
2020-12-04 06:03:07,246 [5e885a77-8b3e-4dc5-b522-5cb06ff98b04@group-377E345DD21C-LeaderElection81] INFO  server.RaftServerConfigKeys (ConfUtils.java:logGet(44)) - raft.server.log.appender.buffer.byte-limit = 33554432 (custom)
2020-12-04 06:03:07,246 [5e885a77-8b3e-4dc5-b522-5cb06ff98b04@group-377E345DD21C-LeaderElection81] INFO  server.RaftServerConfigKeys (ConfUtils.java:logGet(44)) - raft.server.log.appender.buffer.element-limit = 1 (custom)
2020-12-04 06:03:07,246 [5e885a77-8b3e-4dc5-b522-5cb06ff98b04@group-377E345DD21C-LeaderElection81] INFO  grpc.GrpcConfigKeys (ConfUtils.java:logGet(44)) - raft.grpc.server.leader.outstanding.appends.max = 128 (default)
2020-12-04 06:03:07,246 [5e885a77-8b3e-4dc5-b522-5cb06ff98b04@group-377E345DD21C-LeaderElection81] INFO  server.RaftServerConfigKeys (ConfUtils.java:logGet(44)) - raft.server.rpc.request.timeout = 3000ms (default)
2020-12-04 06:03:07,246 [5e885a77-8b3e-4dc5-b522-5cb06ff98b04@group-377E345DD21C-LeaderElection81] INFO  server.RaftServerConfigKeys (ConfUtils.java:logGet(44)) - raft.server.log.appender.install.snapshot.enabled = false (custom)
2020-12-04 06:03:07,248 [5e885a77-8b3e-4dc5-b522-5cb06ff98b04@group-377E345DD21C-LeaderElection81] INFO  impl.RoleInfo (RoleInfo.java:updateAndGet(143)) - 5e885a77-8b3e-4dc5-b522-5cb06ff98b04: start 5e885a77-8b3e-4dc5-b522-5cb06ff98b04@group-377E345DD21C-LeaderState
2020-12-04 06:03:07,248 [5e885a77-8b3e-4dc5-b522-5cb06ff98b04@group-377E345DD21C-LeaderElection81] INFO  segmented.SegmentedRaftLogWorker (SegmentedRaftLogWorker.java:startLogSegment(398)) - 5e885a77-8b3e-4dc5-b522-5cb06ff98b04@group-377E345DD21C-SegmentedRaftLogWorker: Starting segment from index:0
2020-12-04 06:03:07,250 [5e885a77-8b3e-4dc5-b522-5cb06ff98b04@group-377E345DD21C-LeaderElection81] INFO  impl.RaftServerImpl (ServerState.java:setRaftConf(374)) - 5e885a77-8b3e-4dc5-b522-5cb06ff98b04@group-377E345DD21C: set configuration 0: [5e97bab7-f049-4685-a9ad-e9f5ff9fc7c1|rpc:172.17.0.2:46089|dataStream:, 5e885a77-8b3e-4dc5-b522-5cb06ff98b04|rpc:172.17.0.2:39901|dataStream:, a43a40a6-1ac9-4df3-821c-5cd06fa3b4e5|rpc:172.17.0.2:36909|dataStream:], old=null at 0
2020-12-04 06:03:07,264 [5e885a77-8b3e-4dc5-b522-5cb06ff98b04@group-377E345DD21C-SegmentedRaftLogWorker] INFO  segmented.SegmentedRaftLogWorker (SegmentedRaftLogWorker.java:execute(597)) - 5e885a77-8b3e-4dc5-b522-5cb06ff98b04@group-377E345DD21C-SegmentedRaftLogWorker: created new log segment /github/workspace/mnt/ozone/hadoop-ozone/integration-test/target/test-dir/MiniOzoneClusterImpl-d0e62b51-0f1f-480e-8215-4f24b3183874/datanode-0/data/ratis/d290a255-ec77-401c-905e-377e345dd21c/current/log_inprogress_0
2020-12-04 06:03:07,269 [grpc-default-executor-8] WARN  server.GrpcLogAppender (LogUtils.java:warn(122)) - 5e885a77-8b3e-4dc5-b522-5cb06ff98b04@group-377E345DD21C->a43a40a6-1ac9-4df3-821c-5cd06fa3b4e5-AppendLogResponseHandler: Failed appendEntries: org.apache.ratis.thirdparty.io.grpc.StatusRuntimeException: UNAVAILABLE: io exception
2020-12-04 06:03:07,272 [grpc-default-executor-5] INFO  ratis.XceiverServerRatis (XceiverServerRatis.java:handleLeaderChangedNotification(854)) - Leader change notification received for group: group-377E345DD21C with new leaderId: 5e885a77-8b3e-4dc5-b522-5cb06ff98b04
2020-12-04 06:03:07,273 [grpc-default-executor-5] INFO  impl.RaftServerImpl (ServerState.java:setLeader(256)) - 5e97bab7-f049-4685-a9ad-e9f5ff9fc7c1@group-377E345DD21C: change Leader from null to 5e885a77-8b3e-4dc5-b522-5cb06ff98b04 at term 1 for appendEntries, leader elected after 5065ms
2020-12-04 06:03:07,275 [grpc-default-executor-8] WARN  server.GrpcLogAppender (GrpcLogAppender.java:resetClient(107)) - 5e885a77-8b3e-4dc5-b522-5cb06ff98b04@group-377E345DD21C->a43a40a6-1ac9-4df3-821c-5cd06fa3b4e5-GrpcLogAppender: Leader has not got in touch with Follower 5e885a77-8b3e-4dc5-b522-5cb06ff98b04@group-377E345DD21C->a43a40a6-1ac9-4df3-821c-5cd06fa3b4e5(c-1,m0,n1, attendVote=true, lastRpcSendTime=0, lastRpcResponseTime=5231) yet, just keep nextIndex unchanged and retry.
2020-12-04 06:03:07,277 [grpc-default-executor-5] INFO  impl.RaftServerImpl (ServerState.java:setRaftConf(374)) - 5e97bab7-f049-4685-a9ad-e9f5ff9fc7c1@group-377E345DD21C: set configuration 0: [5e97bab7-f049-4685-a9ad-e9f5ff9fc7c1|rpc:172.17.0.2:46089|dataStream:, 5e885a77-8b3e-4dc5-b522-5cb06ff98b04|rpc:172.17.0.2:39901|dataStream:, a43a40a6-1ac9-4df3-821c-5cd06fa3b4e5|rpc:172.17.0.2:36909|dataStream:], old=null at 0
2020-12-04 06:03:07,278 [grpc-default-executor-5] INFO  segmented.SegmentedRaftLogWorker (SegmentedRaftLogWorker.java:startLogSegment(398)) - 5e97bab7-f049-4685-a9ad-e9f5ff9fc7c1@group-377E345DD21C-SegmentedRaftLogWorker: Starting segment from index:0
2020-12-04 06:03:07,279 [5e97bab7-f049-4685-a9ad-e9f5ff9fc7c1@group-377E345DD21C-SegmentedRaftLogWorker] INFO  segmented.SegmentedRaftLogWorker (SegmentedRaftLogWorker.java:execute(597)) - 5e97bab7-f049-4685-a9ad-e9f5ff9fc7c1@group-377E345DD21C-SegmentedRaftLogWorker: created new log segment /github/workspace/mnt/ozone/hadoop-ozone/integration-test/target/test-dir/MiniOzoneClusterImpl-d0e62b51-0f1f-480e-8215-4f24b3183874/datanode-6/data/ratis/d290a255-ec77-401c-905e-377e345dd21c/current/log_inprogress_0
2020-12-04 06:03:07,539 [EventQueue-StaleNodeForStaleNodeHandler] INFO  node.StaleNodeHandler (StaleNodeHandler.java:onMessage(58)) - Datanode 54498115-28c1-4381-b59e-fdf207a0d628{ip: 172.17.0.2, host: 63638dc2095a, networkLocation: /default-rack, certSerialId: null, persistedOpState: IN_SERVICE, persistedOpStateExpiryEpochSec: 0} moved to stale state. Finalizing its pipelines [PipelineID=f8d9c3ab-5226-4468-a24d-f138bf844afc, PipelineID=fc22b5ed-d321-449c-8c10-58fb4a3de172, PipelineID=2d1913a1-feb5-48b6-b1ae-aa6ea5d43c51]
2020-12-04 06:03:07,539 [EventQueue-StaleNodeForStaleNodeHandler] INFO  pipeline.SCMPipelineManager (SCMPipelineManager.java:finalizeAndDestroyPipeline(482)) - Destroying pipeline:Pipeline[ Id: f8d9c3ab-5226-4468-a24d-f138bf844afc, Nodes: a8add95f-9482-4e6d-9ba6-8975b33532e8{ip: 172.17.0.2, host: 63638dc2095a, networkLocation: /default-rack, certSerialId: null, persistedOpState: IN_SERVICE, persistedOpStateExpiryEpochSec: 0}54498115-28c1-4381-b59e-fdf207a0d628{ip: 172.17.0.2, host: 63638dc2095a, networkLocation: /default-rack, certSerialId: null, persistedOpState: IN_SERVICE, persistedOpStateExpiryEpochSec: 0}3f9b5df4-bd86-4512-adfe-d4a46e1501cb{ip: 172.17.0.2, host: 63638dc2095a, networkLocation: /default-rack, certSerialId: null, persistedOpState: IN_SERVICE, persistedOpStateExpiryEpochSec: 0}, Type:RATIS, Factor:THREE, State:OPEN, leaderId:54498115-28c1-4381-b59e-fdf207a0d628, CreationTimestamp2020-12-04T06:02:31.555Z]
2020-12-04 06:03:07,540 [EventQueue-StaleNodeForStaleNodeHandler] INFO  pipeline.PipelineStateManager (PipelineStateManager.java:finalizePipeline(121)) - Pipeline Pipeline[ Id: f8d9c3ab-5226-4468-a24d-f138bf844afc, Nodes: a8add95f-9482-4e6d-9ba6-8975b33532e8{ip: 172.17.0.2, host: 63638dc2095a, networkLocation: /default-rack, certSerialId: null, persistedOpState: IN_SERVICE, persistedOpStateExpiryEpochSec: 0}54498115-28c1-4381-b59e-fdf207a0d628{ip: 172.17.0.2, host: 63638dc2095a, networkLocation: /default-rack, certSerialId: null, persistedOpState: IN_SERVICE, persistedOpStateExpiryEpochSec: 0}3f9b5df4-bd86-4512-adfe-d4a46e1501cb{ip: 172.17.0.2, host: 63638dc2095a, networkLocation: /default-rack, certSerialId: null, persistedOpState: IN_SERVICE, persistedOpStateExpiryEpochSec: 0}, Type:RATIS, Factor:THREE, State:CLOSED, leaderId:54498115-28c1-4381-b59e-fdf207a0d628, CreationTimestamp2020-12-04T06:02:31.555Z] moved to CLOSED state
2020-12-04 06:03:07,540 [EventQueue-CloseContainerForCloseContainerEventHandler] INFO  container.CloseContainerEventHandler (CloseContainerEventHandler.java:onMessage(61)) - Close container Event triggered for container : #2
2020-12-04 06:03:07,540 [EventQueue-StaleNodeForStaleNodeHandler] INFO  pipeline.SCMPipelineManager (SCMPipelineManager.java:finalizeAndDestroyPipeline(482)) - Destroying pipeline:Pipeline[ Id: fc22b5ed-d321-449c-8c10-58fb4a3de172, Nodes: a8add95f-9482-4e6d-9ba6-8975b33532e8{ip: 172.17.0.2, host: 63638dc2095a, networkLocation: /default-rack, certSerialId: null, persistedOpState: IN_SERVICE, persistedOpStateExpiryEpochSec: 0}54498115-28c1-4381-b59e-fdf207a0d628{ip: 172.17.0.2, host: 63638dc2095a, networkLocation: /default-rack, certSerialId: null, persistedOpState: IN_SERVICE, persistedOpStateExpiryEpochSec: 0}3f9b5df4-bd86-4512-adfe-d4a46e1501cb{ip: 172.17.0.2, host: 63638dc2095a, networkLocation: /default-rack, certSerialId: null, persistedOpState: IN_SERVICE, persistedOpStateExpiryEpochSec: 0}, Type:RATIS, Factor:THREE, State:OPEN, leaderId:54498115-28c1-4381-b59e-fdf207a0d628, CreationTimestamp2020-12-04T06:02:31.557Z]
2020-12-04 06:03:07,540 [EventQueue-StaleNodeForStaleNodeHandler] INFO  pipeline.PipelineStateManager (PipelineStateManager.java:finalizePipeline(121)) - Pipeline Pipeline[ Id: fc22b5ed-d321-449c-8c10-58fb4a3de172, Nodes: a8add95f-9482-4e6d-9ba6-8975b33532e8{ip: 172.17.0.2, host: 63638dc2095a, networkLocation: /default-rack, certSerialId: null, persistedOpState: IN_SERVICE, persistedOpStateExpiryEpochSec: 0}54498115-28c1-4381-b59e-fdf207a0d628{ip: 172.17.0.2, host: 63638dc2095a, networkLocation: /default-rack, certSerialId: null, persistedOpState: IN_SERVICE, persistedOpStateExpiryEpochSec: 0}3f9b5df4-bd86-4512-adfe-d4a46e1501cb{ip: 172.17.0.2, host: 63638dc2095a, networkLocation: /default-rack, certSerialId: null, persistedOpState: IN_SERVICE, persistedOpStateExpiryEpochSec: 0}, Type:RATIS, Factor:THREE, State:CLOSED, leaderId:54498115-28c1-4381-b59e-fdf207a0d628, CreationTimestamp2020-12-04T06:02:31.557Z] moved to CLOSED state
2020-12-04 06:03:07,541 [EventQueue-StaleNodeForStaleNodeHandler] INFO  pipeline.SCMPipelineManager (SCMPipelineManager.java:finalizeAndDestroyPipeline(482)) - Destroying pipeline:Pipeline[ Id: 2d1913a1-feb5-48b6-b1ae-aa6ea5d43c51, Nodes: 54498115-28c1-4381-b59e-fdf207a0d628{ip: 172.17.0.2, host: 63638dc2095a, networkLocation: /default-rack, certSerialId: null, persistedOpState: IN_SERVICE, persistedOpStateExpiryEpochSec: 0}, Type:RATIS, Factor:ONE, State:OPEN, leaderId:54498115-28c1-4381-b59e-fdf207a0d628, CreationTimestamp2020-12-04T06:02:31.352Z]
2020-12-04 06:03:07,541 [EventQueue-StaleNodeForStaleNodeHandler] INFO  pipeline.PipelineStateManager (PipelineStateManager.java:finalizePipeline(121)) - Pipeline Pipeline[ Id: 2d1913a1-feb5-48b6-b1ae-aa6ea5d43c51, Nodes: 54498115-28c1-4381-b59e-fdf207a0d628{ip: 172.17.0.2, host: 63638dc2095a, networkLocation: /default-rack, certSerialId: null, persistedOpState: IN_SERVICE, persistedOpStateExpiryEpochSec: 0}, Type:RATIS, Factor:ONE, State:CLOSED, leaderId:54498115-28c1-4381-b59e-fdf207a0d628, CreationTimestamp2020-12-04T06:02:31.352Z] moved to CLOSED state
2020-12-04 06:03:07,688 [Listener at 127.0.0.1/45059] INFO  ozoneimpl.OzoneContainer (OzoneContainer.java:stop(257)) - Attempting to stop container services.
2020-12-04 06:03:07,689 [Listener at 127.0.0.1/45059] INFO  impl.RaftServerProxy (RaftServerProxy.java:lambda$close$4(338)) - 5e885a77-8b3e-4dc5-b522-5cb06ff98b04: close
2020-12-04 06:03:07,689 [Listener at 127.0.0.1/45059] INFO  impl.RaftServerImpl (RaftServerImpl.java:lambda$shutdown$3(328)) - 5e885a77-8b3e-4dc5-b522-5cb06ff98b04@group-3007C9D98BF3: shutdown
2020-12-04 06:03:07,689 [Listener at 127.0.0.1/45059] INFO  util.JmxRegister (JmxRegister.java:unregister(73)) - Successfully un-registered JMX Bean with object name Ratis:service=RaftServer,group=group-3007C9D98BF3,id=5e885a77-8b3e-4dc5-b522-5cb06ff98b04
2020-12-04 06:03:07,689 [Listener at 127.0.0.1/45059] INFO  impl.RoleInfo (RoleInfo.java:shutdownFollowerState(121)) - 5e885a77-8b3e-4dc5-b522-5cb06ff98b04: shutdown 5e885a77-8b3e-4dc5-b522-5cb06ff98b04@group-3007C9D98BF3-FollowerState
2020-12-04 06:03:07,690 [Listener at 127.0.0.1/45059] INFO  impl.StateMachineUpdater (StateMachineUpdater.java:stopAndJoin(147)) - 5e885a77-8b3e-4dc5-b522-5cb06ff98b04@group-3007C9D98BF3-StateMachineUpdater: set stopIndex = 0
2020-12-04 06:03:07,690 [5e885a77-8b3e-4dc5-b522-5cb06ff98b04@group-3007C9D98BF3-StateMachineUpdater] INFO  ratis.ContainerStateMachine (ContainerStateMachine.java:takeSnapshot(293)) - group-3007C9D98BF3: Taking a snapshot at:(t:1, i:0) file /github/workspace/mnt/ozone/hadoop-ozone/integration-test/target/test-dir/MiniOzoneClusterImpl-d0e62b51-0f1f-480e-8215-4f24b3183874/datanode-0/data/ratis/3c8fabcf-1241-4db2-af7b-3007c9d98bf3/sm/snapshot.1_0
2020-12-04 06:03:07,690 [Thread-2839] INFO  impl.FollowerState (FollowerState.java:run(137)) - 5e885a77-8b3e-4dc5-b522-5cb06ff98b04@group-3007C9D98BF3-FollowerState was interrupted: {}
java.lang.InterruptedException: sleep interrupted
	at java.lang.Thread.sleep(Native Method)
	at org.apache.ratis.util.JavaUtils.sleep(JavaUtils.java:250)
	at org.apache.ratis.server.impl.FollowerState.run(FollowerState.java:116)
2020-12-04 06:03:07,691 [5e885a77-8b3e-4dc5-b522-5cb06ff98b04@group-3007C9D98BF3-StateMachineUpdater] INFO  ratis.ContainerStateMachine (ContainerStateMachine.java:takeSnapshot(304)) - group-3007C9D98BF3: Finished taking a snapshot at:(t:1, i:0) file:/github/workspace/mnt/ozone/hadoop-ozone/integration-test/target/test-dir/MiniOzoneClusterImpl-d0e62b51-0f1f-480e-8215-4f24b3183874/datanode-0/data/ratis/3c8fabcf-1241-4db2-af7b-3007c9d98bf3/sm/snapshot.1_0 time:1
2020-12-04 06:03:07,692 [5e885a77-8b3e-4dc5-b522-5cb06ff98b04@group-3007C9D98BF3-StateMachineUpdater] INFO  impl.StateMachineUpdater (StateMachineUpdater.java:takeSnapshot(278)) - 5e885a77-8b3e-4dc5-b522-5cb06ff98b04@group-3007C9D98BF3-StateMachineUpdater: Took a snapshot at index 0
2020-12-04 06:03:07,692 [5e885a77-8b3e-4dc5-b522-5cb06ff98b04@group-3007C9D98BF3-StateMachineUpdater] INFO  impl.StateMachineUpdater (StateMachineUpdater.java:lambda$new$0(87)) - 5e885a77-8b3e-4dc5-b522-5cb06ff98b04@group-3007C9D98BF3-StateMachineUpdater: snapshotIndex: updateIncreasingly -1 -> 0
2020-12-04 06:03:07,692 [5e885a77-8b3e-4dc5-b522-5cb06ff98b04@group-3007C9D98BF3-StateMachineUpdater] INFO  metrics.RatisMetrics (RatisMetrics.java:unregister(43)) - Unregistering Metrics Registry : ratis.state_machine.5e885a77-8b3e-4dc5-b522-5cb06ff98b04@group-3007C9D98BF3
2020-12-04 06:03:07,692 [Listener at 127.0.0.1/45059] INFO  impl.RaftServerImpl (ServerState.java:close(406)) - 5e885a77-8b3e-4dc5-b522-5cb06ff98b04@group-3007C9D98BF3: closes. applyIndex: 0
2020-12-04 06:03:07,693 [5e885a77-8b3e-4dc5-b522-5cb06ff98b04@group-3007C9D98BF3-SegmentedRaftLogWorker] INFO  segmented.SegmentedRaftLogWorker (SegmentedRaftLogWorker.java:run(329)) - 5e885a77-8b3e-4dc5-b522-5cb06ff98b04@group-3007C9D98BF3-SegmentedRaftLogWorker was interrupted, exiting. There are 0 tasks remaining in the queue.
2020-12-04 06:03:07,694 [ForkJoinPool.commonPool-worker-1] INFO  ozoneimpl.OzoneContainer (OzoneContainer.java:stop(257)) - Attempting to stop container services.
2020-12-04 06:03:07,694 [Listener at 127.0.0.1/45059] INFO  segmented.SegmentedRaftLogWorker (SegmentedRaftLogWorker.java:close(235)) - 5e885a77-8b3e-4dc5-b522-5cb06ff98b04@group-3007C9D98BF3-SegmentedRaftLogWorker close()
2020-12-04 06:03:07,694 [ForkJoinPool.commonPool-worker-1] INFO  impl.RaftServerProxy (RaftServerProxy.java:lambda$close$4(338)) - 5e97bab7-f049-4685-a9ad-e9f5ff9fc7c1: close
2020-12-04 06:03:07,695 [ForkJoinPool.commonPool-worker-1] INFO  impl.RaftServerImpl (RaftServerImpl.java:lambda$shutdown$3(328)) - 5e97bab7-f049-4685-a9ad-e9f5ff9fc7c1@group-3007C9D98BF3: shutdown
2020-12-04 06:03:07,695 [ForkJoinPool.commonPool-worker-1] INFO  util.JmxRegister (JmxRegister.java:unregister(73)) - Successfully un-registered JMX Bean with object name Ratis:service=RaftServer,group=group-3007C9D98BF3,id=5e97bab7-f049-4685-a9ad-e9f5ff9fc7c1
2020-12-04 06:03:07,695 [ForkJoinPool.commonPool-worker-1] INFO  impl.RoleInfo (RoleInfo.java:shutdownLeaderState(104)) - 5e97bab7-f049-4685-a9ad-e9f5ff9fc7c1: shutdown 5e97bab7-f049-4685-a9ad-e9f5ff9fc7c1@group-3007C9D98BF3-LeaderState
2020-12-04 06:03:07,695 [ForkJoinPool.commonPool-worker-1] INFO  metrics.RatisMetrics (RatisMetrics.java:unregister(43)) - Unregistering Metrics Registry : ratis_grpc.log_appender.5e97bab7-f049-4685-a9ad-e9f5ff9fc7c1@group-3007C9D98BF3
2020-12-04 06:03:07,695 [ForkJoinPool.commonPool-worker-1] INFO  metrics.RatisMetrics (RatisMetrics.java:unregister(43)) - Unregistering Metrics Registry : ratis_grpc.log_appender.5e97bab7-f049-4685-a9ad-e9f5ff9fc7c1@group-3007C9D98BF3
2020-12-04 06:03:07,695 [Listener at 127.0.0.1/45059] INFO  metrics.RatisMetrics (RatisMetrics.java:unregister(43)) - Unregistering Metrics Registry : ratis.log_worker.5e885a77-8b3e-4dc5-b522-5cb06ff98b04@group-3007C9D98BF3
2020-12-04 06:03:07,696 [org.apache.ratis.server.impl.LogAppender$AppenderDaemon$$Lambda$477/237548453@6fcd112f] WARN  server.GrpcLogAppender (GrpcLogAppender.java:mayWait(168)) - 5e97bab7-f049-4685-a9ad-e9f5ff9fc7c1@group-3007C9D98BF3->a43a40a6-1ac9-4df3-821c-5cd06fa3b4e5-GrpcLogAppender: Wait interrupted by java.lang.InterruptedException
2020-12-04 06:03:07,696 [ForkJoinPool.commonPool-worker-1] INFO  impl.PendingRequests (PendingRequests.java:sendNotLeaderResponses(250)) - 5e97bab7-f049-4685-a9ad-e9f5ff9fc7c1@group-3007C9D98BF3-PendingRequests: sendNotLeaderResponses
2020-12-04 06:03:07,696 [ForkJoinPool.commonPool-worker-1] INFO  metrics.RatisMetrics (RatisMetrics.java:unregister(43)) - Unregistering Metrics Registry : ratis.log_appender.5e97bab7-f049-4685-a9ad-e9f5ff9fc7c1@group-3007C9D98BF3
2020-12-04 06:03:07,696 [ForkJoinPool.commonPool-worker-1] INFO  metrics.RatisMetrics (RatisMetrics.java:unregister(43)) - Unregistering Metrics Registry : ratis.server.5e97bab7-f049-4685-a9ad-e9f5ff9fc7c1@group-3007C9D98BF3
2020-12-04 06:03:07,697 [ForkJoinPool.commonPool-worker-1] INFO  impl.StateMachineUpdater (StateMachineUpdater.java:stopAndJoin(147)) - 5e97bab7-f049-4685-a9ad-e9f5ff9fc7c1@group-3007C9D98BF3-StateMachineUpdater: set stopIndex = 0
2020-12-04 06:03:07,695 [org.apache.ratis.server.impl.LogAppender$AppenderDaemon$$Lambda$477/237548453@7f3e4bb3] WARN  server.GrpcLogAppender (GrpcLogAppender.java:mayWait(168)) - 5e97bab7-f049-4685-a9ad-e9f5ff9fc7c1@group-3007C9D98BF3->5e885a77-8b3e-4dc5-b522-5cb06ff98b04-GrpcLogAppender: Wait interrupted by java.lang.InterruptedException
2020-12-04 06:03:07,698 [5e97bab7-f049-4685-a9ad-e9f5ff9fc7c1@group-3007C9D98BF3-StateMachineUpdater] INFO  ratis.ContainerStateMachine (ContainerStateMachine.java:takeSnapshot(293)) - group-3007C9D98BF3: Taking a snapshot at:(t:1, i:0) file /github/workspace/mnt/ozone/hadoop-ozone/integration-test/target/test-dir/MiniOzoneClusterImpl-d0e62b51-0f1f-480e-8215-4f24b3183874/datanode-6/data/ratis/3c8fabcf-1241-4db2-af7b-3007c9d98bf3/sm/snapshot.1_0
2020-12-04 06:03:07,696 [Listener at 127.0.0.1/45059] INFO  metrics.RatisMetrics (RatisMetrics.java:unregister(43)) - Unregistering Metrics Registry : ratis.leader_election.5e885a77-8b3e-4dc5-b522-5cb06ff98b04@group-3007C9D98BF3
2020-12-04 06:03:07,698 [grpc-default-executor-5] INFO  server.GrpcServerProtocolService (GrpcServerProtocolService.java:onCompleted(138)) - 5e885a77-8b3e-4dc5-b522-5cb06ff98b04: Completed APPEND_ENTRIES, lastRequest: 5e97bab7-f049-4685-a9ad-e9f5ff9fc7c1->5e885a77-8b3e-4dc5-b522-5cb06ff98b04#1-t1, previous=(t:0, i:0), leaderCommit=0, initializing? false, entries: size=1, first=(t:1, i:0), CONFIGURATIONENTRY
2020-12-04 06:03:07,698 [Listener at 127.0.0.1/45059] INFO  metrics.RatisMetrics (RatisMetrics.java:unregister(43)) - Unregistering Metrics Registry : ratis.server.5e885a77-8b3e-4dc5-b522-5cb06ff98b04@group-3007C9D98BF3
2020-12-04 06:03:07,698 [grpc-default-executor-5] INFO  server.GrpcLogAppender (GrpcLogAppender.java:onCompleted(337)) - 5e97bab7-f049-4685-a9ad-e9f5ff9fc7c1@group-3007C9D98BF3->5e885a77-8b3e-4dc5-b522-5cb06ff98b04-AppendLogResponseHandler: follower responses appendEntries COMPLETED
2020-12-04 06:03:07,699 [grpc-default-executor-5] INFO  impl.FollowerInfo (FollowerInfo.java:lambda$new$0(51)) - 5e97bab7-f049-4685-a9ad-e9f5ff9fc7c1@group-3007C9D98BF3->5e885a77-8b3e-4dc5-b522-5cb06ff98b04: nextIndex: updateUnconditionally 1 -> 0
2020-12-04 06:03:07,698 [5e97bab7-f049-4685-a9ad-e9f5ff9fc7c1@group-3007C9D98BF3-StateMachineUpdater] INFO  ratis.ContainerStateMachine (ContainerStateMachine.java:takeSnapshot(304)) - group-3007C9D98BF3: Finished taking a snapshot at:(t:1, i:0) file:/github/workspace/mnt/ozone/hadoop-ozone/integration-test/target/test-dir/MiniOzoneClusterImpl-d0e62b51-0f1f-480e-8215-4f24b3183874/datanode-6/data/ratis/3c8fabcf-1241-4db2-af7b-3007c9d98bf3/sm/snapshot.1_0 time:1
2020-12-04 06:03:07,699 [5e97bab7-f049-4685-a9ad-e9f5ff9fc7c1@group-3007C9D98BF3-StateMachineUpdater] INFO  impl.StateMachineUpdater (StateMachineUpdater.java:takeSnapshot(278)) - 5e97bab7-f049-4685-a9ad-e9f5ff9fc7c1@group-3007C9D98BF3-StateMachineUpdater: Took a snapshot at index 0
2020-12-04 06:03:07,699 [5e97bab7-f049-4685-a9ad-e9f5ff9fc7c1@group-3007C9D98BF3-StateMachineUpdater] INFO  impl.StateMachineUpdater (StateMachineUpdater.java:lambda$new$0(87)) - 5e97bab7-f049-4685-a9ad-e9f5ff9fc7c1@group-3007C9D98BF3-StateMachineUpdater: snapshotIndex: updateIncreasingly -1 -> 0
2020-12-04 06:03:07,699 [5e97bab7-f049-4685-a9ad-e9f5ff9fc7c1@group-3007C9D98BF3-StateMachineUpdater] INFO  metrics.RatisMetrics (RatisMetrics.java:unregister(43)) - Unregistering Metrics Registry : ratis.state_machine.5e97bab7-f049-4685-a9ad-e9f5ff9fc7c1@group-3007C9D98BF3
2020-12-04 06:03:07,699 [Listener at 127.0.0.1/45059] INFO  impl.RaftServerImpl (RaftServerImpl.java:lambda$shutdown$3(328)) - 5e885a77-8b3e-4dc5-b522-5cb06ff98b04@group-83C1F51174BF: shutdown
2020-12-04 06:03:07,699 [ForkJoinPool.commonPool-worker-1] INFO  impl.RaftServerImpl (ServerState.java:close(406)) - 5e97bab7-f049-4685-a9ad-e9f5ff9fc7c1@group-3007C9D98BF3: closes. applyIndex: 0
2020-12-04 06:03:07,700 [Listener at 127.0.0.1/45059] INFO  util.JmxRegister (JmxRegister.java:unregister(73)) - Successfully un-registered JMX Bean with object name Ratis:service=RaftServer,group=group-83C1F51174BF,id=5e885a77-8b3e-4dc5-b522-5cb06ff98b04
2020-12-04 06:03:07,700 [5e97bab7-f049-4685-a9ad-e9f5ff9fc7c1@group-3007C9D98BF3-SegmentedRaftLogWorker] INFO  segmented.SegmentedRaftLogWorker (SegmentedRaftLogWorker.java:run(329)) - 5e97bab7-f049-4685-a9ad-e9f5ff9fc7c1@group-3007C9D98BF3-SegmentedRaftLogWorker was interrupted, exiting. There are 0 tasks remaining in the queue.
2020-12-04 06:03:07,700 [Listener at 127.0.0.1/45059] INFO  impl.RoleInfo (RoleInfo.java:shutdownLeaderState(104)) - 5e885a77-8b3e-4dc5-b522-5cb06ff98b04: shutdown 5e885a77-8b3e-4dc5-b522-5cb06ff98b04@group-83C1F51174BF-LeaderState
2020-12-04 06:03:07,700 [ForkJoinPool.commonPool-worker-1] INFO  segmented.SegmentedRaftLogWorker (SegmentedRaftLogWorker.java:close(235)) - 5e97bab7-f049-4685-a9ad-e9f5ff9fc7c1@group-3007C9D98BF3-SegmentedRaftLogWorker close()
2020-12-04 06:03:07,701 [Listener at 127.0.0.1/45059] INFO  impl.PendingRequests (PendingRequests.java:sendNotLeaderResponses(250)) - 5e885a77-8b3e-4dc5-b522-5cb06ff98b04@group-83C1F51174BF-PendingRequests: sendNotLeaderResponses
2020-12-04 06:03:07,701 [ForkJoinPool.commonPool-worker-1] INFO  metrics.RatisMetrics (RatisMetrics.java:unregister(43)) - Unregistering Metrics Registry : ratis.log_worker.5e97bab7-f049-4685-a9ad-e9f5ff9fc7c1@group-3007C9D98BF3
2020-12-04 06:03:07,701 [Listener at 127.0.0.1/45059] INFO  metrics.RatisMetrics (RatisMetrics.java:unregister(43)) - Unregistering Metrics Registry : ratis.log_appender.5e885a77-8b3e-4dc5-b522-5cb06ff98b04@group-83C1F51174BF
2020-12-04 06:03:07,701 [ForkJoinPool.commonPool-worker-1] INFO  metrics.RatisMetrics (RatisMetrics.java:unregister(43)) - Unregistering Metrics Registry : ratis.leader_election.5e97bab7-f049-4685-a9ad-e9f5ff9fc7c1@group-3007C9D98BF3
2020-12-04 06:03:07,702 [Listener at 127.0.0.1/45059] INFO  metrics.RatisMetrics (RatisMetrics.java:unregister(43)) - Unregistering Metrics Registry : ratis.server.5e885a77-8b3e-4dc5-b522-5cb06ff98b04@group-83C1F51174BF
2020-12-04 06:03:07,702 [ForkJoinPool.commonPool-worker-1] INFO  metrics.RatisMetrics (RatisMetrics.java:unregister(43)) - Unregistering Metrics Registry : ratis.server.5e97bab7-f049-4685-a9ad-e9f5ff9fc7c1@group-3007C9D98BF3
2020-12-04 06:03:07,702 [ForkJoinPool.commonPool-worker-1] INFO  impl.RaftServerImpl (RaftServerImpl.java:lambda$shutdown$3(328)) - 5e97bab7-f049-4685-a9ad-e9f5ff9fc7c1@group-80FA38FC4C8A: shutdown
2020-12-04 06:03:07,702 [ForkJoinPool.commonPool-worker-1] INFO  util.JmxRegister (JmxRegister.java:unregister(73)) - Successfully un-registered JMX Bean with object name Ratis:service=RaftServer,group=group-80FA38FC4C8A,id=5e97bab7-f049-4685-a9ad-e9f5ff9fc7c1
2020-12-04 06:03:07,702 [ForkJoinPool.commonPool-worker-1] INFO  impl.RoleInfo (RoleInfo.java:shutdownLeaderState(104)) - 5e97bab7-f049-4685-a9ad-e9f5ff9fc7c1: shutdown 5e97bab7-f049-4685-a9ad-e9f5ff9fc7c1@group-80FA38FC4C8A-LeaderState
2020-12-04 06:03:07,702 [ForkJoinPool.commonPool-worker-1] INFO  impl.PendingRequests (PendingRequests.java:sendNotLeaderResponses(250)) - 5e97bab7-f049-4685-a9ad-e9f5ff9fc7c1@group-80FA38FC4C8A-PendingRequests: sendNotLeaderResponses
2020-12-04 06:03:07,702 [ForkJoinPool.commonPool-worker-1] INFO  metrics.RatisMetrics (RatisMetrics.java:unregister(43)) - Unregistering Metrics Registry : ratis.log_appender.5e97bab7-f049-4685-a9ad-e9f5ff9fc7c1@group-80FA38FC4C8A
2020-12-04 06:03:07,702 [ForkJoinPool.commonPool-worker-1] INFO  metrics.RatisMetrics (RatisMetrics.java:unregister(43)) - Unregistering Metrics Registry : ratis.server.5e97bab7-f049-4685-a9ad-e9f5ff9fc7c1@group-80FA38FC4C8A
2020-12-04 06:03:07,704 [5e97bab7-f049-4685-a9ad-e9f5ff9fc7c1@group-80FA38FC4C8A-StateMachineUpdater] INFO  ratis.ContainerStateMachine (ContainerStateMachine.java:takeSnapshot(293)) - group-80FA38FC4C8A: Taking a snapshot at:(t:1, i:0) file /github/workspace/mnt/ozone/hadoop-ozone/integration-test/target/test-dir/MiniOzoneClusterImpl-d0e62b51-0f1f-480e-8215-4f24b3183874/datanode-6/data/ratis/9516a70f-611a-44b0-a7e3-80fa38fc4c8a/sm/snapshot.1_0
2020-12-04 06:03:07,704 [ForkJoinPool.commonPool-worker-1] INFO  impl.StateMachineUpdater (StateMachineUpdater.java:stopAndJoin(147)) - 5e97bab7-f049-4685-a9ad-e9f5ff9fc7c1@group-80FA38FC4C8A-StateMachineUpdater: set stopIndex = 0
2020-12-04 06:03:07,705 [5e97bab7-f049-4685-a9ad-e9f5ff9fc7c1@group-80FA38FC4C8A-StateMachineUpdater] INFO  ratis.ContainerStateMachine (ContainerStateMachine.java:takeSnapshot(304)) - group-80FA38FC4C8A: Finished taking a snapshot at:(t:1, i:0) file:/github/workspace/mnt/ozone/hadoop-ozone/integration-test/target/test-dir/MiniOzoneClusterImpl-d0e62b51-0f1f-480e-8215-4f24b3183874/datanode-6/data/ratis/9516a70f-611a-44b0-a7e3-80fa38fc4c8a/sm/snapshot.1_0 time:1
2020-12-04 06:03:07,705 [5e97bab7-f049-4685-a9ad-e9f5ff9fc7c1@group-80FA38FC4C8A-StateMachineUpdater] INFO  impl.StateMachineUpdater (StateMachineUpdater.java:takeSnapshot(278)) - 5e97bab7-f049-4685-a9ad-e9f5ff9fc7c1@group-80FA38FC4C8A-StateMachineUpdater: Took a snapshot at index 0
2020-12-04 06:03:07,705 [5e97bab7-f049-4685-a9ad-e9f5ff9fc7c1@group-80FA38FC4C8A-StateMachineUpdater] INFO  impl.StateMachineUpdater (StateMachineUpdater.java:lambda$new$0(87)) - 5e97bab7-f049-4685-a9ad-e9f5ff9fc7c1@group-80FA38FC4C8A-StateMachineUpdater: snapshotIndex: updateIncreasingly -1 -> 0
2020-12-04 06:03:07,705 [5e97bab7-f049-4685-a9ad-e9f5ff9fc7c1@group-80FA38FC4C8A-StateMachineUpdater] INFO  metrics.RatisMetrics (RatisMetrics.java:unregister(43)) - Unregistering Metrics Registry : ratis.state_machine.5e97bab7-f049-4685-a9ad-e9f5ff9fc7c1@group-80FA38FC4C8A
2020-12-04 06:03:07,705 [ForkJoinPool.commonPool-worker-1] INFO  impl.RaftServerImpl (ServerState.java:close(406)) - 5e97bab7-f049-4685-a9ad-e9f5ff9fc7c1@group-80FA38FC4C8A: closes. applyIndex: 0
2020-12-04 06:03:07,705 [5e97bab7-f049-4685-a9ad-e9f5ff9fc7c1@group-80FA38FC4C8A-SegmentedRaftLogWorker] INFO  segmented.SegmentedRaftLogWorker (SegmentedRaftLogWorker.java:run(329)) - 5e97bab7-f049-4685-a9ad-e9f5ff9fc7c1@group-80FA38FC4C8A-SegmentedRaftLogWorker was interrupted, exiting. There are 0 tasks remaining in the queue.
2020-12-04 06:03:07,705 [ForkJoinPool.commonPool-worker-1] INFO  segmented.SegmentedRaftLogWorker (SegmentedRaftLogWorker.java:close(235)) - 5e97bab7-f049-4685-a9ad-e9f5ff9fc7c1@group-80FA38FC4C8A-SegmentedRaftLogWorker close()
2020-12-04 06:03:07,706 [ForkJoinPool.commonPool-worker-1] INFO  metrics.RatisMetrics (RatisMetrics.java:unregister(43)) - Unregistering Metrics Registry : ratis.log_worker.5e97bab7-f049-4685-a9ad-e9f5ff9fc7c1@group-80FA38FC4C8A
2020-12-04 06:03:07,706 [ForkJoinPool.commonPool-worker-1] INFO  metrics.RatisMetrics (RatisMetrics.java:unregister(43)) - Unregistering Metrics Registry : ratis.leader_election.5e97bab7-f049-4685-a9ad-e9f5ff9fc7c1@group-80FA38FC4C8A
2020-12-04 06:03:07,706 [ForkJoinPool.commonPool-worker-1] INFO  metrics.RatisMetrics (RatisMetrics.java:unregister(43)) - Unregistering Metrics Registry : ratis.server.5e97bab7-f049-4685-a9ad-e9f5ff9fc7c1@group-80FA38FC4C8A
2020-12-04 06:03:07,706 [ForkJoinPool.commonPool-worker-1] INFO  impl.RaftServerImpl (RaftServerImpl.java:lambda$shutdown$3(328)) - 5e97bab7-f049-4685-a9ad-e9f5ff9fc7c1@group-377E345DD21C: shutdown
2020-12-04 06:03:07,706 [ForkJoinPool.commonPool-worker-1] INFO  util.JmxRegister (JmxRegister.java:unregister(73)) - Successfully un-registered JMX Bean with object name Ratis:service=RaftServer,group=group-377E345DD21C,id=5e97bab7-f049-4685-a9ad-e9f5ff9fc7c1
2020-12-04 06:03:07,706 [ForkJoinPool.commonPool-worker-1] INFO  impl.RoleInfo (RoleInfo.java:shutdownFollowerState(121)) - 5e97bab7-f049-4685-a9ad-e9f5ff9fc7c1: shutdown 5e97bab7-f049-4685-a9ad-e9f5ff9fc7c1@group-377E345DD21C-FollowerState
2020-12-04 06:03:07,706 [Thread-2848] INFO  impl.FollowerState (FollowerState.java:run(137)) - 5e97bab7-f049-4685-a9ad-e9f5ff9fc7c1@group-377E345DD21C-FollowerState was interrupted: {}
java.lang.InterruptedException: sleep interrupted
	at java.lang.Thread.sleep(Native Method)
	at org.apache.ratis.util.JavaUtils.sleep(JavaUtils.java:250)
	at org.apache.ratis.server.impl.FollowerState.run(FollowerState.java:116)
2020-12-04 06:03:07,706 [5e97bab7-f049-4685-a9ad-e9f5ff9fc7c1@group-377E345DD21C-StateMachineUpdater] INFO  metrics.RatisMetrics (RatisMetrics.java:unregister(43)) - Unregistering Metrics Registry : ratis.state_machine.5e97bab7-f049-4685-a9ad-e9f5ff9fc7c1@group-377E345DD21C
2020-12-04 06:03:07,706 [5e885a77-8b3e-4dc5-b522-5cb06ff98b04@group-83C1F51174BF-StateMachineUpdater] INFO  ratis.ContainerStateMachine (ContainerStateMachine.java:takeSnapshot(293)) - group-83C1F51174BF: Taking a snapshot at:(t:1, i:0) file /github/workspace/mnt/ozone/hadoop-ozone/integration-test/target/test-dir/MiniOzoneClusterImpl-d0e62b51-0f1f-480e-8215-4f24b3183874/datanode-0/data/ratis/9c2b9ec0-4b98-413d-b90a-83c1f51174bf/sm/snapshot.1_0
2020-12-04 06:03:07,707 [ForkJoinPool.commonPool-worker-1] INFO  impl.StateMachineUpdater (StateMachineUpdater.java:stopAndJoin(147)) - 5e97bab7-f049-4685-a9ad-e9f5ff9fc7c1@group-377E345DD21C-StateMachineUpdater: set stopIndex = -1
2020-12-04 06:03:07,707 [ForkJoinPool.commonPool-worker-1] INFO  impl.RaftServerImpl (ServerState.java:close(406)) - 5e97bab7-f049-4685-a9ad-e9f5ff9fc7c1@group-377E345DD21C: closes. applyIndex: -1
2020-12-04 06:03:07,707 [5e97bab7-f049-4685-a9ad-e9f5ff9fc7c1@group-377E345DD21C-SegmentedRaftLogWorker] INFO  segmented.SegmentedRaftLogWorker (SegmentedRaftLogWorker.java:run(329)) - 5e97bab7-f049-4685-a9ad-e9f5ff9fc7c1@group-377E345DD21C-SegmentedRaftLogWorker was interrupted, exiting. There are 0 tasks remaining in the queue.
2020-12-04 06:03:07,707 [Listener at 127.0.0.1/45059] INFO  impl.StateMachineUpdater (StateMachineUpdater.java:stopAndJoin(147)) - 5e885a77-8b3e-4dc5-b522-5cb06ff98b04@group-83C1F51174BF-StateMachineUpdater: set stopIndex = 0
2020-12-04 06:03:07,708 [5e885a77-8b3e-4dc5-b522-5cb06ff98b04@group-83C1F51174BF-StateMachineUpdater] INFO  ratis.ContainerStateMachine (ContainerStateMachine.java:takeSnapshot(304)) - group-83C1F51174BF: Finished taking a snapshot at:(t:1, i:0) file:/github/workspace/mnt/ozone/hadoop-ozone/integration-test/target/test-dir/MiniOzoneClusterImpl-d0e62b51-0f1f-480e-8215-4f24b3183874/datanode-0/data/ratis/9c2b9ec0-4b98-413d-b90a-83c1f51174bf/sm/snapshot.1_0 time:2
2020-12-04 06:03:07,708 [5e885a77-8b3e-4dc5-b522-5cb06ff98b04@group-83C1F51174BF-StateMachineUpdater] INFO  impl.StateMachineUpdater (StateMachineUpdater.java:takeSnapshot(278)) - 5e885a77-8b3e-4dc5-b522-5cb06ff98b04@group-83C1F51174BF-StateMachineUpdater: Took a snapshot at index 0
2020-12-04 06:03:07,708 [5e885a77-8b3e-4dc5-b522-5cb06ff98b04@group-83C1F51174BF-StateMachineUpdater] INFO  impl.StateMachineUpdater (StateMachineUpdater.java:lambda$new$0(87)) - 5e885a77-8b3e-4dc5-b522-5cb06ff98b04@group-83C1F51174BF-StateMachineUpdater: snapshotIndex: updateIncreasingly -1 -> 0
2020-12-04 06:03:07,708 [5e885a77-8b3e-4dc5-b522-5cb06ff98b04@group-83C1F51174BF-StateMachineUpdater] INFO  metrics.RatisMetrics (RatisMetrics.java:unregister(43)) - Unregistering Metrics Registry : ratis.state_machine.5e885a77-8b3e-4dc5-b522-5cb06ff98b04@group-83C1F51174BF
2020-12-04 06:03:07,709 [Listener at 127.0.0.1/45059] INFO  impl.RaftServerImpl (ServerState.java:close(406)) - 5e885a77-8b3e-4dc5-b522-5cb06ff98b04@group-83C1F51174BF: closes. applyIndex: 0
2020-12-04 06:03:07,709 [5e885a77-8b3e-4dc5-b522-5cb06ff98b04@group-83C1F51174BF-SegmentedRaftLogWorker] INFO  segmented.SegmentedRaftLogWorker (SegmentedRaftLogWorker.java:run(329)) - 5e885a77-8b3e-4dc5-b522-5cb06ff98b04@group-83C1F51174BF-SegmentedRaftLogWorker was interrupted, exiting. There are 0 tasks remaining in the queue.
2020-12-04 06:03:07,709 [Listener at 127.0.0.1/45059] INFO  segmented.SegmentedRaftLogWorker (SegmentedRaftLogWorker.java:close(235)) - 5e885a77-8b3e-4dc5-b522-5cb06ff98b04@group-83C1F51174BF-SegmentedRaftLogWorker close()
2020-12-04 06:03:07,709 [Listener at 127.0.0.1/45059] INFO  metrics.RatisMetrics (RatisMetrics.java:unregister(43)) - Unregistering Metrics Registry : ratis.log_worker.5e885a77-8b3e-4dc5-b522-5cb06ff98b04@group-83C1F51174BF
2020-12-04 06:03:07,710 [Listener at 127.0.0.1/45059] INFO  metrics.RatisMetrics (RatisMetrics.java:unregister(43)) - Unregistering Metrics Registry : ratis.leader_election.5e885a77-8b3e-4dc5-b522-5cb06ff98b04@group-83C1F51174BF
2020-12-04 06:03:07,710 [Listener at 127.0.0.1/45059] INFO  metrics.RatisMetrics (RatisMetrics.java:unregister(43)) - Unregistering Metrics Registry : ratis.server.5e885a77-8b3e-4dc5-b522-5cb06ff98b04@group-83C1F51174BF
2020-12-04 06:03:07,708 [ForkJoinPool.commonPool-worker-1] INFO  segmented.SegmentedRaftLogWorker (SegmentedRaftLogWorker.java:close(235)) - 5e97bab7-f049-4685-a9ad-e9f5ff9fc7c1@group-377E345DD21C-SegmentedRaftLogWorker close()
2020-12-04 06:03:07,710 [Listener at 127.0.0.1/45059] INFO  impl.RaftServerImpl (RaftServerImpl.java:lambda$shutdown$3(328)) - 5e885a77-8b3e-4dc5-b522-5cb06ff98b04@group-377E345DD21C: shutdown
2020-12-04 06:03:07,710 [ForkJoinPool.commonPool-worker-1] INFO  metrics.RatisMetrics (RatisMetrics.java:unregister(43)) - Unregistering Metrics Registry : ratis.log_worker.5e97bab7-f049-4685-a9ad-e9f5ff9fc7c1@group-377E345DD21C
2020-12-04 06:03:07,711 [Listener at 127.0.0.1/45059] INFO  util.JmxRegister (JmxRegister.java:unregister(73)) - Successfully un-registered JMX Bean with object name Ratis:service=RaftServer,group=group-377E345DD21C,id=5e885a77-8b3e-4dc5-b522-5cb06ff98b04
2020-12-04 06:03:07,711 [Listener at 127.0.0.1/45059] INFO  impl.RoleInfo (RoleInfo.java:shutdownLeaderState(104)) - 5e885a77-8b3e-4dc5-b522-5cb06ff98b04: shutdown 5e885a77-8b3e-4dc5-b522-5cb06ff98b04@group-377E345DD21C-LeaderState
2020-12-04 06:03:07,711 [ForkJoinPool.commonPool-worker-1] INFO  metrics.RatisMetrics (RatisMetrics.java:unregister(43)) - Unregistering Metrics Registry : ratis.leader_election.5e97bab7-f049-4685-a9ad-e9f5ff9fc7c1@group-377E345DD21C
2020-12-04 06:03:07,711 [Listener at 127.0.0.1/45059] INFO  metrics.RatisMetrics (RatisMetrics.java:unregister(43)) - Unregistering Metrics Registry : ratis_grpc.log_appender.5e885a77-8b3e-4dc5-b522-5cb06ff98b04@group-377E345DD21C
2020-12-04 06:03:07,711 [ForkJoinPool.commonPool-worker-1] INFO  metrics.RatisMetrics (RatisMetrics.java:unregister(43)) - Unregistering Metrics Registry : ratis.server.5e97bab7-f049-4685-a9ad-e9f5ff9fc7c1@group-377E345DD21C
2020-12-04 06:03:07,711 [Listener at 127.0.0.1/45059] INFO  metrics.RatisMetrics (RatisMetrics.java:unregister(43)) - Unregistering Metrics Registry : ratis_grpc.log_appender.5e885a77-8b3e-4dc5-b522-5cb06ff98b04@group-377E345DD21C
2020-12-04 06:03:07,711 [org.apache.ratis.server.impl.LogAppender$AppenderDaemon$$Lambda$477/237548453@38aa7cf2] WARN  server.GrpcLogAppender (GrpcLogAppender.java:mayWait(168)) - 5e885a77-8b3e-4dc5-b522-5cb06ff98b04@group-377E345DD21C->5e97bab7-f049-4685-a9ad-e9f5ff9fc7c1-GrpcLogAppender: Wait interrupted by java.lang.InterruptedException
2020-12-04 06:03:07,711 [ForkJoinPool.commonPool-worker-1] INFO  server.GrpcService (GrpcService.java:closeImpl(184)) - 5e97bab7-f049-4685-a9ad-e9f5ff9fc7c1: shutdown server with port 46089 now
2020-12-04 06:03:07,712 [grpc-default-executor-5] INFO  server.GrpcServerProtocolService (GrpcServerProtocolService.java:onCompleted(138)) - 5e97bab7-f049-4685-a9ad-e9f5ff9fc7c1: Completed APPEND_ENTRIES, lastRequest: 5e885a77-8b3e-4dc5-b522-5cb06ff98b04->5e97bab7-f049-4685-a9ad-e9f5ff9fc7c1#1-t1, previous=(t:0, i:0), leaderCommit=-1, initializing? false, entries: size=1, first=(t:1, i:0), CONFIGURATIONENTRY
2020-12-04 06:03:07,712 [grpc-default-executor-8] INFO  server.GrpcLogAppender (GrpcLogAppender.java:onError(326)) - 5e885a77-8b3e-4dc5-b522-5cb06ff98b04@group-377E345DD21C->5e97bab7-f049-4685-a9ad-e9f5ff9fc7c1-GrpcLogAppender is stopped
2020-12-04 06:03:07,712 [org.apache.ratis.server.impl.LogAppender$AppenderDaemon$$Lambda$477/237548453@14493941] WARN  server.GrpcLogAppender (GrpcLogAppender.java:mayWait(168)) - 5e885a77-8b3e-4dc5-b522-5cb06ff98b04@group-377E345DD21C->a43a40a6-1ac9-4df3-821c-5cd06fa3b4e5-GrpcLogAppender: Wait interrupted by java.lang.InterruptedException
2020-12-04 06:03:07,714 [Listener at 127.0.0.1/45059] INFO  impl.PendingRequests (PendingRequests.java:sendNotLeaderResponses(250)) - 5e885a77-8b3e-4dc5-b522-5cb06ff98b04@group-377E345DD21C-PendingRequests: sendNotLeaderResponses
2020-12-04 06:03:07,715 [Listener at 127.0.0.1/45059] INFO  metrics.RatisMetrics (RatisMetrics.java:unregister(43)) - Unregistering Metrics Registry : ratis.log_appender.5e885a77-8b3e-4dc5-b522-5cb06ff98b04@group-377E345DD21C
2020-12-04 06:03:07,715 [ForkJoinPool.commonPool-worker-1] INFO  server.GrpcService (GrpcService.java:closeImpl(193)) - 5e97bab7-f049-4685-a9ad-e9f5ff9fc7c1: shutdown server with port 46089 successfully
2020-12-04 06:03:07,715 [Listener at 127.0.0.1/45059] INFO  metrics.RatisMetrics (RatisMetrics.java:unregister(43)) - Unregistering Metrics Registry : ratis.server.5e885a77-8b3e-4dc5-b522-5cb06ff98b04@group-377E345DD21C
2020-12-04 06:03:07,717 [ForkJoinPool.commonPool-worker-1] INFO  utils.BackgroundService (BackgroundService.java:shutdown(132)) - Shutting down service BlockDeletingService
2020-12-04 06:03:07,719 [ForkJoinPool.commonPool-worker-1] INFO  statemachine.DatanodeStateMachine (DatanodeStateMachine.java:stopDaemon(461)) - Ozone container server stopped.
2020-12-04 06:03:07,720 [Listener at 127.0.0.1/45059] INFO  impl.StateMachineUpdater (StateMachineUpdater.java:stopAndJoin(147)) - 5e885a77-8b3e-4dc5-b522-5cb06ff98b04@group-377E345DD21C-StateMachineUpdater: set stopIndex = 0
2020-12-04 06:03:07,720 [5e885a77-8b3e-4dc5-b522-5cb06ff98b04@group-377E345DD21C-StateMachineUpdater] INFO  ratis.ContainerStateMachine (ContainerStateMachine.java:takeSnapshot(293)) - group-377E345DD21C: Taking a snapshot at:(t:1, i:0) file /github/workspace/mnt/ozone/hadoop-ozone/integration-test/target/test-dir/MiniOzoneClusterImpl-d0e62b51-0f1f-480e-8215-4f24b3183874/datanode-0/data/ratis/d290a255-ec77-401c-905e-377e345dd21c/sm/snapshot.1_0
2020-12-04 06:03:07,722 [5e885a77-8b3e-4dc5-b522-5cb06ff98b04@group-377E345DD21C-StateMachineUpdater] INFO  ratis.ContainerStateMachine (ContainerStateMachine.java:takeSnapshot(304)) - group-377E345DD21C: Finished taking a snapshot at:(t:1, i:0) file:/github/workspace/mnt/ozone/hadoop-ozone/integration-test/target/test-dir/MiniOzoneClusterImpl-d0e62b51-0f1f-480e-8215-4f24b3183874/datanode-0/data/ratis/d290a255-ec77-401c-905e-377e345dd21c/sm/snapshot.1_0 time:2
2020-12-04 06:03:07,722 [5e885a77-8b3e-4dc5-b522-5cb06ff98b04@group-377E345DD21C-StateMachineUpdater] INFO  impl.StateMachineUpdater (StateMachineUpdater.java:takeSnapshot(278)) - 5e885a77-8b3e-4dc5-b522-5cb06ff98b04@group-377E345DD21C-StateMachineUpdater: Took a snapshot at index 0
2020-12-04 06:03:07,722 [5e885a77-8b3e-4dc5-b522-5cb06ff98b04@group-377E345DD21C-StateMachineUpdater] INFO  impl.StateMachineUpdater (StateMachineUpdater.java:lambda$new$0(87)) - 5e885a77-8b3e-4dc5-b522-5cb06ff98b04@group-377E345DD21C-StateMachineUpdater: snapshotIndex: updateIncreasingly -1 -> 0
2020-12-04 06:03:07,722 [5e885a77-8b3e-4dc5-b522-5cb06ff98b04@group-377E345DD21C-StateMachineUpdater] INFO  metrics.RatisMetrics (RatisMetrics.java:unregister(43)) - Unregistering Metrics Registry : ratis.state_machine.5e885a77-8b3e-4dc5-b522-5cb06ff98b04@group-377E345DD21C
2020-12-04 06:03:07,729 [Listener at 127.0.0.1/45059] INFO  impl.RaftServerImpl (ServerState.java:close(406)) - 5e885a77-8b3e-4dc5-b522-5cb06ff98b04@group-377E345DD21C: closes. applyIndex: 0
2020-12-04 06:03:07,729 [5e885a77-8b3e-4dc5-b522-5cb06ff98b04@group-377E345DD21C-SegmentedRaftLogWorker] INFO  segmented.SegmentedRaftLogWorker (SegmentedRaftLogWorker.java:run(329)) - 5e885a77-8b3e-4dc5-b522-5cb06ff98b04@group-377E345DD21C-SegmentedRaftLogWorker was interrupted, exiting. There are 0 tasks remaining in the queue.
2020-12-04 06:03:07,730 [Listener at 127.0.0.1/45059] INFO  segmented.SegmentedRaftLogWorker (SegmentedRaftLogWorker.java:close(235)) - 5e885a77-8b3e-4dc5-b522-5cb06ff98b04@group-377E345DD21C-SegmentedRaftLogWorker close()
2020-12-04 06:03:07,730 [Listener at 127.0.0.1/45059] INFO  metrics.RatisMetrics (RatisMetrics.java:unregister(43)) - Unregistering Metrics Registry : ratis.log_worker.5e885a77-8b3e-4dc5-b522-5cb06ff98b04@group-377E345DD21C
2020-12-04 06:03:07,731 [Listener at 127.0.0.1/45059] INFO  metrics.RatisMetrics (RatisMetrics.java:unregister(43)) - Unregistering Metrics Registry : ratis.leader_election.5e885a77-8b3e-4dc5-b522-5cb06ff98b04@group-377E345DD21C
2020-12-04 06:03:07,731 [Listener at 127.0.0.1/45059] INFO  metrics.RatisMetrics (RatisMetrics.java:unregister(43)) - Unregistering Metrics Registry : ratis.server.5e885a77-8b3e-4dc5-b522-5cb06ff98b04@group-377E345DD21C
2020-12-04 06:03:07,731 [Listener at 127.0.0.1/45059] INFO  server.GrpcService (GrpcService.java:closeImpl(184)) - 5e885a77-8b3e-4dc5-b522-5cb06ff98b04: shutdown server with port 39901 now
2020-12-04 06:03:07,737 [Listener at 127.0.0.1/45059] INFO  server.GrpcService (GrpcService.java:closeImpl(193)) - 5e885a77-8b3e-4dc5-b522-5cb06ff98b04: shutdown server with port 39901 successfully
2020-12-04 06:03:07,738 [ForkJoinPool.commonPool-worker-1] INFO  handler.ContextHandler (ContextHandler.java:doStop(1154)) - Stopped o.e.j.w.WebAppContext@51e75e64{hddsDatanode,/,null,STOPPED}{jar:file:/home/user/.m2/repository/org/apache/hadoop/hadoop-hdds-container-service/1.1.0-SNAPSHOT/hadoop-hdds-container-service-1.1.0-SNAPSHOT.jar!/webapps/hddsDatanode}
2020-12-04 06:03:07,740 [Listener at 127.0.0.1/45059] INFO  utils.BackgroundService (BackgroundService.java:shutdown(132)) - Shutting down service BlockDeletingService
2020-12-04 06:03:07,741 [ForkJoinPool.commonPool-worker-1] INFO  server.AbstractConnector (AbstractConnector.java:doStop(381)) - Stopped ServerConnector@4aa93bce{HTTP/1.1, (http/1.1)}{0.0.0.0:0}
2020-12-04 06:03:07,741 [ForkJoinPool.commonPool-worker-1] INFO  server.session (HouseKeeper.java:stopScavenging(149)) - node0 Stopped scavenging
2020-12-04 06:03:07,744 [ForkJoinPool.commonPool-worker-1] INFO  handler.ContextHandler (ContextHandler.java:doStop(1154)) - Stopped o.e.j.s.ServletContextHandler@49da05ba{static,/static,jar:file:/home/user/.m2/repository/org/apache/hadoop/hadoop-hdds-container-service/1.1.0-SNAPSHOT/hadoop-hdds-container-service-1.1.0-SNAPSHOT.jar!/webapps/static,STOPPED}
2020-12-04 06:03:07,745 [Listener at 127.0.0.1/45059] INFO  statemachine.DatanodeStateMachine (DatanodeStateMachine.java:stopDaemon(461)) - Ozone container server stopped.
2020-12-04 06:03:07,753 [ForkJoinPool.commonPool-worker-1] INFO  handler.ContextHandler (ContextHandler.java:doStop(1154)) - Stopped o.e.j.s.ServletContextHandler@4be51b85{logs,/logs,file:///github/workspace/mnt/ozone/hadoop-ozone/integration-test/target/log,STOPPED}
2020-12-04 06:03:07,756 [Listener at 127.0.0.1/45059] INFO  handler.ContextHandler (ContextHandler.java:doStop(1154)) - Stopped o.e.j.w.WebAppContext@1004c4aa{hddsDatanode,/,null,STOPPED}{jar:file:/home/user/.m2/repository/org/apache/hadoop/hadoop-hdds-container-service/1.1.0-SNAPSHOT/hadoop-hdds-container-service-1.1.0-SNAPSHOT.jar!/webapps/hddsDatanode}
2020-12-04 06:03:07,757 [Listener at 127.0.0.1/45059] INFO  server.AbstractConnector (AbstractConnector.java:doStop(381)) - Stopped ServerConnector@533349a2{HTTP/1.1, (http/1.1)}{0.0.0.0:0}
2020-12-04 06:03:07,757 [Listener at 127.0.0.1/45059] INFO  server.session (HouseKeeper.java:stopScavenging(149)) - node0 Stopped scavenging
2020-12-04 06:03:07,757 [Listener at 127.0.0.1/45059] INFO  handler.ContextHandler (ContextHandler.java:doStop(1154)) - Stopped o.e.j.s.ServletContextHandler@7384a3bc{static,/static,jar:file:/home/user/.m2/repository/org/apache/hadoop/hadoop-hdds-container-service/1.1.0-SNAPSHOT/hadoop-hdds-container-service-1.1.0-SNAPSHOT.jar!/webapps/static,STOPPED}
2020-12-04 06:03:07,757 [Listener at 127.0.0.1/45059] INFO  handler.ContextHandler (ContextHandler.java:doStop(1154)) - Stopped o.e.j.s.ServletContextHandler@12922d23{logs,/logs,file:///github/workspace/mnt/ozone/hadoop-ozone/integration-test/target/log,STOPPED}
2020-12-04 06:03:08,476 [Datanode State Machine Thread - 0] INFO  statemachine.DatanodeStateMachine (DatanodeStateMachine.java:lambda$startDaemon$0(408)) - Ozone container server started.
2020-12-04 06:03:09,659 [Thread-2652] INFO  impl.FollowerState (FollowerState.java:run(128)) - 3f9b5df4-bd86-4512-adfe-d4a46e1501cb@group-F138BF844AFC-FollowerState: change to CANDIDATE, lastRpcTime:7117ms, electionTimeout:5079ms
2020-12-04 06:03:09,660 [Thread-2652] INFO  impl.RoleInfo (RoleInfo.java:shutdownFollowerState(121)) - 3f9b5df4-bd86-4512-adfe-d4a46e1501cb: shutdown 3f9b5df4-bd86-4512-adfe-d4a46e1501cb@group-F138BF844AFC-FollowerState
2020-12-04 06:03:09,660 [Thread-2652] INFO  impl.RaftServerImpl (RaftServerImpl.java:setRole(204)) - 3f9b5df4-bd86-4512-adfe-d4a46e1501cb@group-F138BF844AFC: changes role from  FOLLOWER to CANDIDATE at term 1 for changeToCandidate
2020-12-04 06:03:09,660 [Thread-2652] INFO  impl.RoleInfo (RoleInfo.java:updateAndGet(143)) - 3f9b5df4-bd86-4512-adfe-d4a46e1501cb: start 3f9b5df4-bd86-4512-adfe-d4a46e1501cb@group-F138BF844AFC-LeaderElection82
2020-12-04 06:03:09,661 [3f9b5df4-bd86-4512-adfe-d4a46e1501cb@group-F138BF844AFC-LeaderElection82] INFO  impl.RaftServerImpl (ServerState.java:setLeader(256)) - 3f9b5df4-bd86-4512-adfe-d4a46e1501cb@group-F138BF844AFC: change Leader from 54498115-28c1-4381-b59e-fdf207a0d628 to null at term 1 for initElection
2020-12-04 06:03:09,663 [3f9b5df4-bd86-4512-adfe-d4a46e1501cb@group-F138BF844AFC-LeaderElection82] INFO  impl.LeaderElection (LeaderElection.java:askForVotes(215)) - 3f9b5df4-bd86-4512-adfe-d4a46e1501cb@group-F138BF844AFC-LeaderElection82: begin an election at term 2 for 0: [a8add95f-9482-4e6d-9ba6-8975b33532e8|rpc:172.17.0.2:44261|dataStream:, 54498115-28c1-4381-b59e-fdf207a0d628|rpc:172.17.0.2:36069|dataStream:, 3f9b5df4-bd86-4512-adfe-d4a46e1501cb|rpc:172.17.0.2:39957|dataStream:], old=null
2020-12-04 06:03:09,671 [org.apache.ratis.server.JvmPauseMonitor@6fe687d5-Monitor] WARN  server.JvmPauseMonitor (JvmPauseMonitor.java:run(141)) - Detected pause in JVM or host machine (eg GC): pause of approximately 1ms
GC pool 'PS Scavenge' had collection(s): count=1 time=55ms
2020-12-04 06:03:09,672 [3f9b5df4-bd86-4512-adfe-d4a46e1501cb@group-F138BF844AFC-LeaderElection82] INFO  impl.LeaderElection (LogUtils.java:infoOrTrace(137)) - 3f9b5df4-bd86-4512-adfe-d4a46e1501cb@group-F138BF844AFC-LeaderElection82 got exception when requesting votes: java.util.concurrent.ExecutionException: org.apache.ratis.thirdparty.io.grpc.StatusRuntimeException: UNAVAILABLE: io exception
2020-12-04 06:03:09,672 [grpc-default-executor-8] INFO  impl.RaftServerImpl (ServerState.java:setLeader(256)) - a8add95f-9482-4e6d-9ba6-8975b33532e8@group-F138BF844AFC: change Leader from 54498115-28c1-4381-b59e-fdf207a0d628 to null at term 2 for updateCurrentTerm
2020-12-04 06:03:09,673 [grpc-default-executor-8] INFO  impl.RaftServerImpl (RaftServerImpl.java:setRole(204)) - a8add95f-9482-4e6d-9ba6-8975b33532e8@group-F138BF844AFC: changes role from  FOLLOWER to FOLLOWER at term 2 for recognizeCandidate:3f9b5df4-bd86-4512-adfe-d4a46e1501cb
2020-12-04 06:03:09,673 [grpc-default-executor-8] INFO  impl.RoleInfo (RoleInfo.java:shutdownFollowerState(121)) - a8add95f-9482-4e6d-9ba6-8975b33532e8: shutdown a8add95f-9482-4e6d-9ba6-8975b33532e8@group-F138BF844AFC-FollowerState
2020-12-04 06:03:09,673 [grpc-default-executor-8] INFO  impl.RoleInfo (RoleInfo.java:updateAndGet(143)) - a8add95f-9482-4e6d-9ba6-8975b33532e8: start a8add95f-9482-4e6d-9ba6-8975b33532e8@group-F138BF844AFC-FollowerState
2020-12-04 06:03:09,673 [Thread-2651] INFO  impl.FollowerState (FollowerState.java:run(137)) - a8add95f-9482-4e6d-9ba6-8975b33532e8@group-F138BF844AFC-FollowerState was interrupted: {}
java.lang.InterruptedException: sleep interrupted
	at java.lang.Thread.sleep(Native Method)
	at org.apache.ratis.util.JavaUtils.sleep(JavaUtils.java:250)
	at org.apache.ratis.server.impl.FollowerState.run(FollowerState.java:116)
2020-12-04 06:03:09,674 [grpc-default-executor-8] INFO  impl.RaftServerImpl (RaftServerImpl.java:requestVote(963)) -  FOLLOWER a8add95f-9482-4e6d-9ba6-8975b33532e8@group-F138BF844AFC:t2, leader=null, voted=null, raftlog=a8add95f-9482-4e6d-9ba6-8975b33532e8@group-F138BF844AFC-SegmentedRaftLog:OPENED:c18,f18,i18, conf=0: [a8add95f-9482-4e6d-9ba6-8975b33532e8|rpc:172.17.0.2:44261|dataStream:, 54498115-28c1-4381-b59e-fdf207a0d628|rpc:172.17.0.2:36069|dataStream:, 3f9b5df4-bd86-4512-adfe-d4a46e1501cb|rpc:172.17.0.2:39957|dataStream:], old=null RUNNING priority:0 candidate:3f9b5df4-bd86-4512-adfe-d4a46e1501cb|rpc:172.17.0.2:39957|dataStream: candidatePriority:0 compare:0
2020-12-04 06:03:09,677 [3f9b5df4-bd86-4512-adfe-d4a46e1501cb@group-F138BF844AFC-LeaderElection82] INFO  impl.LeaderElection (LeaderElection.java:logAndReturn(65)) - 3f9b5df4-bd86-4512-adfe-d4a46e1501cb@group-F138BF844AFC-LeaderElection82: Election PASSED; received 1 response(s) [3f9b5df4-bd86-4512-adfe-d4a46e1501cb<-a8add95f-9482-4e6d-9ba6-8975b33532e8#0:OK-t2] and 1 exception(s); 3f9b5df4-bd86-4512-adfe-d4a46e1501cb@group-F138BF844AFC:t2, leader=null, voted=3f9b5df4-bd86-4512-adfe-d4a46e1501cb, raftlog=3f9b5df4-bd86-4512-adfe-d4a46e1501cb@group-F138BF844AFC-SegmentedRaftLog:OPENED:c18,f18,i18, conf=0: [a8add95f-9482-4e6d-9ba6-8975b33532e8|rpc:172.17.0.2:44261|dataStream:, 54498115-28c1-4381-b59e-fdf207a0d628|rpc:172.17.0.2:36069|dataStream:, 3f9b5df4-bd86-4512-adfe-d4a46e1501cb|rpc:172.17.0.2:39957|dataStream:], old=null
2020-12-04 06:03:09,677 [3f9b5df4-bd86-4512-adfe-d4a46e1501cb@group-F138BF844AFC-LeaderElection82] INFO  impl.LeaderElection (LogUtils.java:infoOrTrace(137)) -   Exception 0: java.util.concurrent.ExecutionException: org.apache.ratis.thirdparty.io.grpc.StatusRuntimeException: UNAVAILABLE: io exception
2020-12-04 06:03:09,677 [3f9b5df4-bd86-4512-adfe-d4a46e1501cb@group-F138BF844AFC-LeaderElection82] INFO  impl.RoleInfo (RoleInfo.java:shutdownLeaderElection(134)) - 3f9b5df4-bd86-4512-adfe-d4a46e1501cb: shutdown 3f9b5df4-bd86-4512-adfe-d4a46e1501cb@group-F138BF844AFC-LeaderElection82
2020-12-04 06:03:09,677 [3f9b5df4-bd86-4512-adfe-d4a46e1501cb@group-F138BF844AFC-LeaderElection82] INFO  impl.RaftServerImpl (RaftServerImpl.java:setRole(204)) - 3f9b5df4-bd86-4512-adfe-d4a46e1501cb@group-F138BF844AFC: changes role from CANDIDATE to LEADER at term 2 for changeToLeader
2020-12-04 06:03:09,677 [3f9b5df4-bd86-4512-adfe-d4a46e1501cb@group-F138BF844AFC-LeaderElection82] INFO  ratis.XceiverServerRatis (XceiverServerRatis.java:handleLeaderChangedNotification(854)) - Leader change notification received for group: group-F138BF844AFC with new leaderId: 3f9b5df4-bd86-4512-adfe-d4a46e1501cb
2020-12-04 06:03:09,677 [3f9b5df4-bd86-4512-adfe-d4a46e1501cb@group-F138BF844AFC-LeaderElection82] INFO  impl.RaftServerImpl (ServerState.java:setLeader(256)) - 3f9b5df4-bd86-4512-adfe-d4a46e1501cb@group-F138BF844AFC: change Leader from null to 3f9b5df4-bd86-4512-adfe-d4a46e1501cb at term 2 for becomeLeader, leader elected after 16ms
2020-12-04 06:03:09,678 [3f9b5df4-bd86-4512-adfe-d4a46e1501cb@group-F138BF844AFC-LeaderElection82] INFO  server.RaftServerConfigKeys (ConfUtils.java:logGet(44)) - raft.server.staging.catchup.gap = 1000 (default)
2020-12-04 06:03:09,678 [3f9b5df4-bd86-4512-adfe-d4a46e1501cb@group-F138BF844AFC-LeaderElection82] INFO  server.RaftServerConfigKeys (ConfUtils.java:logGet(44)) - raft.server.rpc.sleep.time = 25ms (default)
2020-12-04 06:03:09,678 [3f9b5df4-bd86-4512-adfe-d4a46e1501cb@group-F138BF844AFC-LeaderElection82] INFO  metrics.RatisMetrics (RatisMetrics.java:lambda$create$0(36)) - Creating Metrics Registry : ratis.log_appender.3f9b5df4-bd86-4512-adfe-d4a46e1501cb@group-F138BF844AFC
2020-12-04 06:03:09,678 [3f9b5df4-bd86-4512-adfe-d4a46e1501cb@group-F138BF844AFC-LeaderElection82] INFO  server.RaftServerConfigKeys (ConfUtils.java:logGet(44)) - raft.server.write.element-limit = 1024 (custom)
2020-12-04 06:03:09,678 [3f9b5df4-bd86-4512-adfe-d4a46e1501cb@group-F138BF844AFC-LeaderElection82] INFO  server.RaftServerConfigKeys (ConfUtils.java:logGet(44)) - raft.server.write.byte-limit = 1073741824 (custom)
2020-12-04 06:03:09,678 [3f9b5df4-bd86-4512-adfe-d4a46e1501cb@group-F138BF844AFC-LeaderElection82] INFO  server.RaftServerConfigKeys (ConfUtils.java:logGet(44)) - raft.server.watch.timeout = 3000ms (custom)
2020-12-04 06:03:09,679 [3f9b5df4-bd86-4512-adfe-d4a46e1501cb@group-F138BF844AFC-LeaderElection82] INFO  server.RaftServerConfigKeys (ConfUtils.java:logGet(44)) - raft.server.watch.timeout.denomination = 1s (default)
2020-12-04 06:03:09,679 [3f9b5df4-bd86-4512-adfe-d4a46e1501cb@group-F138BF844AFC-LeaderElection82] INFO  server.RaftServerConfigKeys (ConfUtils.java:logGet(44)) - raft.server.watch.element-limit = 65536 (default)
2020-12-04 06:03:09,679 [3f9b5df4-bd86-4512-adfe-d4a46e1501cb@group-F138BF844AFC-LeaderElection82] INFO  server.RaftServerConfigKeys (ConfUtils.java:logGet(44)) - raft.server.log.appender.snapshot.chunk.size.max = 16MB (=16777216) (default)
2020-12-04 06:03:09,679 [3f9b5df4-bd86-4512-adfe-d4a46e1501cb@group-F138BF844AFC-LeaderElection82] INFO  server.RaftServerConfigKeys (ConfUtils.java:logGet(44)) - raft.server.log.appender.buffer.byte-limit = 33554432 (custom)
2020-12-04 06:03:09,679 [3f9b5df4-bd86-4512-adfe-d4a46e1501cb@group-F138BF844AFC-LeaderElection82] INFO  server.RaftServerConfigKeys (ConfUtils.java:logGet(44)) - raft.server.log.appender.buffer.element-limit = 1 (custom)
2020-12-04 06:03:09,679 [3f9b5df4-bd86-4512-adfe-d4a46e1501cb@group-F138BF844AFC-LeaderElection82] INFO  grpc.GrpcConfigKeys (ConfUtils.java:logGet(44)) - raft.grpc.server.leader.outstanding.appends.max = 128 (default)
2020-12-04 06:03:09,679 [3f9b5df4-bd86-4512-adfe-d4a46e1501cb@group-F138BF844AFC-LeaderElection82] INFO  server.RaftServerConfigKeys (ConfUtils.java:logGet(44)) - raft.server.rpc.request.timeout = 3000ms (default)
2020-12-04 06:03:09,679 [3f9b5df4-bd86-4512-adfe-d4a46e1501cb@group-F138BF844AFC-LeaderElection82] INFO  server.RaftServerConfigKeys (ConfUtils.java:logGet(44)) - raft.server.log.appender.install.snapshot.enabled = false (custom)
2020-12-04 06:03:09,679 [3f9b5df4-bd86-4512-adfe-d4a46e1501cb@group-F138BF844AFC-LeaderElection82] INFO  metrics.RatisMetrics (RatisMetrics.java:lambda$create$0(36)) - Creating Metrics Registry : ratis_grpc.log_appender.3f9b5df4-bd86-4512-adfe-d4a46e1501cb@group-F138BF844AFC
2020-12-04 06:03:09,681 [3f9b5df4-bd86-4512-adfe-d4a46e1501cb@group-F138BF844AFC-LeaderElection82] INFO  server.RaftServerConfigKeys (ConfUtils.java:logGet(44)) - raft.server.log.appender.snapshot.chunk.size.max = 16MB (=16777216) (default)
2020-12-04 06:03:09,681 [3f9b5df4-bd86-4512-adfe-d4a46e1501cb@group-F138BF844AFC-LeaderElection82] INFO  server.RaftServerConfigKeys (ConfUtils.java:logGet(44)) - raft.server.log.appender.buffer.byte-limit = 33554432 (custom)
2020-12-04 06:03:09,681 [3f9b5df4-bd86-4512-adfe-d4a46e1501cb@group-F138BF844AFC-LeaderElection82] INFO  server.RaftServerConfigKeys (ConfUtils.java:logGet(44)) - raft.server.log.appender.buffer.element-limit = 1 (custom)
2020-12-04 06:03:09,682 [3f9b5df4-bd86-4512-adfe-d4a46e1501cb@group-F138BF844AFC-LeaderElection82] INFO  grpc.GrpcConfigKeys (ConfUtils.java:logGet(44)) - raft.grpc.server.leader.outstanding.appends.max = 128 (default)
2020-12-04 06:03:09,682 [3f9b5df4-bd86-4512-adfe-d4a46e1501cb@group-F138BF844AFC-LeaderElection82] INFO  server.RaftServerConfigKeys (ConfUtils.java:logGet(44)) - raft.server.rpc.request.timeout = 3000ms (default)
2020-12-04 06:03:09,682 [3f9b5df4-bd86-4512-adfe-d4a46e1501cb@group-F138BF844AFC-LeaderElection82] INFO  server.RaftServerConfigKeys (ConfUtils.java:logGet(44)) - raft.server.log.appender.install.snapshot.enabled = false (custom)
2020-12-04 06:03:09,683 [3f9b5df4-bd86-4512-adfe-d4a46e1501cb@group-F138BF844AFC-LeaderElection82] INFO  impl.RoleInfo (RoleInfo.java:updateAndGet(143)) - 3f9b5df4-bd86-4512-adfe-d4a46e1501cb: start 3f9b5df4-bd86-4512-adfe-d4a46e1501cb@group-F138BF844AFC-LeaderState
2020-12-04 06:03:09,683 [3f9b5df4-bd86-4512-adfe-d4a46e1501cb@group-F138BF844AFC-LeaderElection82] INFO  segmented.SegmentedRaftLogWorker (SegmentedRaftLogWorker.java:rollLogSegment(403)) - 3f9b5df4-bd86-4512-adfe-d4a46e1501cb@group-F138BF844AFC-SegmentedRaftLogWorker: Rolling segment log-0_18 to index:18
2020-12-04 06:03:09,684 [3f9b5df4-bd86-4512-adfe-d4a46e1501cb@group-F138BF844AFC-SegmentedRaftLogWorker] INFO  segmented.SegmentedRaftLogWorker (SegmentedRaftLogWorker.java:execute(554)) - 3f9b5df4-bd86-4512-adfe-d4a46e1501cb@group-F138BF844AFC-SegmentedRaftLogWorker: Rolled log segment from /github/workspace/mnt/ozone/hadoop-ozone/integration-test/target/test-dir/MiniOzoneClusterImpl-d0e62b51-0f1f-480e-8215-4f24b3183874/datanode-5/data/ratis/f8d9c3ab-5226-4468-a24d-f138bf844afc/current/log_inprogress_0 to /github/workspace/mnt/ozone/hadoop-ozone/integration-test/target/test-dir/MiniOzoneClusterImpl-d0e62b51-0f1f-480e-8215-4f24b3183874/datanode-5/data/ratis/f8d9c3ab-5226-4468-a24d-f138bf844afc/current/log_0-18
2020-12-04 06:03:09,691 [3f9b5df4-bd86-4512-adfe-d4a46e1501cb@group-F138BF844AFC-SegmentedRaftLogWorker] INFO  segmented.SegmentedRaftLogWorker (SegmentedRaftLogWorker.java:execute(597)) - 3f9b5df4-bd86-4512-adfe-d4a46e1501cb@group-F138BF844AFC-SegmentedRaftLogWorker: created new log segment /github/workspace/mnt/ozone/hadoop-ozone/integration-test/target/test-dir/MiniOzoneClusterImpl-d0e62b51-0f1f-480e-8215-4f24b3183874/datanode-5/data/ratis/f8d9c3ab-5226-4468-a24d-f138bf844afc/current/log_inprogress_19
2020-12-04 06:03:09,692 [3f9b5df4-bd86-4512-adfe-d4a46e1501cb@group-F138BF844AFC-LeaderElection82] INFO  impl.RaftServerImpl (ServerState.java:setRaftConf(374)) - 3f9b5df4-bd86-4512-adfe-d4a46e1501cb@group-F138BF844AFC: set configuration 19: [a8add95f-9482-4e6d-9ba6-8975b33532e8|rpc:172.17.0.2:44261|dataStream:, 54498115-28c1-4381-b59e-fdf207a0d628|rpc:172.17.0.2:36069|dataStream:, 3f9b5df4-bd86-4512-adfe-d4a46e1501cb|rpc:172.17.0.2:39957|dataStream:], old=null at 19
2020-12-04 06:03:09,694 [grpc-default-executor-8] WARN  server.GrpcLogAppender (LogUtils.java:warn(122)) - 3f9b5df4-bd86-4512-adfe-d4a46e1501cb@group-F138BF844AFC->54498115-28c1-4381-b59e-fdf207a0d628-AppendLogResponseHandler: Failed appendEntries: org.apache.ratis.thirdparty.io.grpc.StatusRuntimeException: UNAVAILABLE: io exception
2020-12-04 06:03:09,695 [grpc-default-executor-5] INFO  ratis.XceiverServerRatis (XceiverServerRatis.java:handleLeaderChangedNotification(854)) - Leader change notification received for group: group-F138BF844AFC with new leaderId: 3f9b5df4-bd86-4512-adfe-d4a46e1501cb
2020-12-04 06:03:09,695 [grpc-default-executor-5] INFO  impl.RaftServerImpl (ServerState.java:setLeader(256)) - a8add95f-9482-4e6d-9ba6-8975b33532e8@group-F138BF844AFC: change Leader from null to 3f9b5df4-bd86-4512-adfe-d4a46e1501cb at term 2 for appendEntries, leader elected after 22ms
2020-12-04 06:03:09,701 [grpc-default-executor-5] INFO  impl.RaftServerImpl (ServerState.java:setRaftConf(374)) - a8add95f-9482-4e6d-9ba6-8975b33532e8@group-F138BF844AFC: set configuration 19: [a8add95f-9482-4e6d-9ba6-8975b33532e8|rpc:172.17.0.2:44261|dataStream:, 54498115-28c1-4381-b59e-fdf207a0d628|rpc:172.17.0.2:36069|dataStream:, 3f9b5df4-bd86-4512-adfe-d4a46e1501cb|rpc:172.17.0.2:39957|dataStream:], old=null at 19
2020-12-04 06:03:09,702 [grpc-default-executor-5] INFO  segmented.SegmentedRaftLogWorker (SegmentedRaftLogWorker.java:rollLogSegment(403)) - a8add95f-9482-4e6d-9ba6-8975b33532e8@group-F138BF844AFC-SegmentedRaftLogWorker: Rolling segment log-0_18 to index:18
2020-12-04 06:03:09,702 [a8add95f-9482-4e6d-9ba6-8975b33532e8@group-F138BF844AFC-SegmentedRaftLogWorker] INFO  segmented.SegmentedRaftLogWorker (SegmentedRaftLogWorker.java:execute(554)) - a8add95f-9482-4e6d-9ba6-8975b33532e8@group-F138BF844AFC-SegmentedRaftLogWorker: Rolled log segment from /github/workspace/mnt/ozone/hadoop-ozone/integration-test/target/test-dir/MiniOzoneClusterImpl-d0e62b51-0f1f-480e-8215-4f24b3183874/datanode-3/data/ratis/f8d9c3ab-5226-4468-a24d-f138bf844afc/current/log_inprogress_0 to /github/workspace/mnt/ozone/hadoop-ozone/integration-test/target/test-dir/MiniOzoneClusterImpl-d0e62b51-0f1f-480e-8215-4f24b3183874/datanode-3/data/ratis/f8d9c3ab-5226-4468-a24d-f138bf844afc/current/log_0-18
2020-12-04 06:03:09,701 [grpc-default-executor-8] WARN  server.GrpcLogAppender (GrpcLogAppender.java:resetClient(107)) - 3f9b5df4-bd86-4512-adfe-d4a46e1501cb@group-F138BF844AFC->54498115-28c1-4381-b59e-fdf207a0d628-GrpcLogAppender: Leader has not got in touch with Follower 3f9b5df4-bd86-4512-adfe-d4a46e1501cb@group-F138BF844AFC->54498115-28c1-4381-b59e-fdf207a0d628(c-1,m0,n20, attendVote=true, lastRpcSendTime=5, lastRpcResponseTime=5222) yet, just keep nextIndex unchanged and retry.
2020-12-04 06:03:09,704 [a8add95f-9482-4e6d-9ba6-8975b33532e8@group-F138BF844AFC-SegmentedRaftLogWorker] INFO  segmented.SegmentedRaftLogWorker (SegmentedRaftLogWorker.java:execute(597)) - a8add95f-9482-4e6d-9ba6-8975b33532e8@group-F138BF844AFC-SegmentedRaftLogWorker: created new log segment /github/workspace/mnt/ozone/hadoop-ozone/integration-test/target/test-dir/MiniOzoneClusterImpl-d0e62b51-0f1f-480e-8215-4f24b3183874/datanode-3/data/ratis/f8d9c3ab-5226-4468-a24d-f138bf844afc/current/log_inprogress_19
2020-12-04 06:03:09,706 [grpc-default-executor-5] WARN  server.GrpcLogAppender (LogUtils.java:warn(122)) - 3f9b5df4-bd86-4512-adfe-d4a46e1501cb@group-F138BF844AFC->54498115-28c1-4381-b59e-fdf207a0d628-AppendLogResponseHandler: Failed appendEntries: org.apache.ratis.thirdparty.io.grpc.StatusRuntimeException: UNAVAILABLE: io exception
2020-12-04 06:03:09,706 [grpc-default-executor-5] WARN  server.GrpcLogAppender (GrpcLogAppender.java:resetClient(107)) - 3f9b5df4-bd86-4512-adfe-d4a46e1501cb@group-F138BF844AFC->54498115-28c1-4381-b59e-fdf207a0d628-GrpcLogAppender: Leader has not got in touch with Follower 3f9b5df4-bd86-4512-adfe-d4a46e1501cb@group-F138BF844AFC->54498115-28c1-4381-b59e-fdf207a0d628(c-1,m0,n21, attendVote=true, lastRpcSendTime=0, lastRpcResponseTime=5227) yet, just keep nextIndex unchanged and retry.
2020-12-04 06:03:09,925 [Thread-2668] INFO  impl.FollowerState (FollowerState.java:run(128)) - a8add95f-9482-4e6d-9ba6-8975b33532e8@group-58FB4A3DE172-FollowerState: change to CANDIDATE, lastRpcTime:8001ms, electionTimeout:5010ms
2020-12-04 06:03:09,925 [Thread-2668] INFO  impl.RoleInfo (RoleInfo.java:shutdownFollowerState(121)) - a8add95f-9482-4e6d-9ba6-8975b33532e8: shutdown a8add95f-9482-4e6d-9ba6-8975b33532e8@group-58FB4A3DE172-FollowerState
2020-12-04 06:03:09,925 [Thread-2668] INFO  impl.RaftServerImpl (RaftServerImpl.java:setRole(204)) - a8add95f-9482-4e6d-9ba6-8975b33532e8@group-58FB4A3DE172: changes role from  FOLLOWER to CANDIDATE at term 1 for changeToCandidate
2020-12-04 06:03:09,926 [Thread-2668] INFO  impl.RoleInfo (RoleInfo.java:updateAndGet(143)) - a8add95f-9482-4e6d-9ba6-8975b33532e8: start a8add95f-9482-4e6d-9ba6-8975b33532e8@group-58FB4A3DE172-LeaderElection83
2020-12-04 06:03:09,926 [a8add95f-9482-4e6d-9ba6-8975b33532e8@group-58FB4A3DE172-LeaderElection83] INFO  impl.RaftServerImpl (ServerState.java:setLeader(256)) - a8add95f-9482-4e6d-9ba6-8975b33532e8@group-58FB4A3DE172: change Leader from 54498115-28c1-4381-b59e-fdf207a0d628 to null at term 1 for initElection
2020-12-04 06:03:09,928 [a8add95f-9482-4e6d-9ba6-8975b33532e8@group-58FB4A3DE172-LeaderElection83] INFO  impl.LeaderElection (LeaderElection.java:askForVotes(215)) - a8add95f-9482-4e6d-9ba6-8975b33532e8@group-58FB4A3DE172-LeaderElection83: begin an election at term 2 for 0: [a8add95f-9482-4e6d-9ba6-8975b33532e8|rpc:172.17.0.2:44261|dataStream:, 54498115-28c1-4381-b59e-fdf207a0d628|rpc:172.17.0.2:36069|dataStream:, 3f9b5df4-bd86-4512-adfe-d4a46e1501cb|rpc:172.17.0.2:39957|dataStream:], old=null
2020-12-04 06:03:09,933 [a8add95f-9482-4e6d-9ba6-8975b33532e8@group-58FB4A3DE172-LeaderElection83] INFO  impl.LeaderElection (LogUtils.java:infoOrTrace(137)) - a8add95f-9482-4e6d-9ba6-8975b33532e8@group-58FB4A3DE172-LeaderElection83 got exception when requesting votes: java.util.concurrent.ExecutionException: org.apache.ratis.thirdparty.io.grpc.StatusRuntimeException: UNAVAILABLE: io exception
2020-12-04 06:03:09,935 [grpc-default-executor-5] INFO  impl.RaftServerImpl (ServerState.java:setLeader(256)) - 3f9b5df4-bd86-4512-adfe-d4a46e1501cb@group-58FB4A3DE172: change Leader from 54498115-28c1-4381-b59e-fdf207a0d628 to null at term 2 for updateCurrentTerm
2020-12-04 06:03:09,935 [grpc-default-executor-5] INFO  impl.RaftServerImpl (RaftServerImpl.java:setRole(204)) - 3f9b5df4-bd86-4512-adfe-d4a46e1501cb@group-58FB4A3DE172: changes role from  FOLLOWER to FOLLOWER at term 2 for recognizeCandidate:a8add95f-9482-4e6d-9ba6-8975b33532e8
2020-12-04 06:03:09,935 [grpc-default-executor-5] INFO  impl.RoleInfo (RoleInfo.java:shutdownFollowerState(121)) - 3f9b5df4-bd86-4512-adfe-d4a46e1501cb: shutdown 3f9b5df4-bd86-4512-adfe-d4a46e1501cb@group-58FB4A3DE172-FollowerState
2020-12-04 06:03:09,935 [grpc-default-executor-5] INFO  impl.RoleInfo (RoleInfo.java:updateAndGet(143)) - 3f9b5df4-bd86-4512-adfe-d4a46e1501cb: start 3f9b5df4-bd86-4512-adfe-d4a46e1501cb@group-58FB4A3DE172-FollowerState
2020-12-04 06:03:09,935 [Thread-2667] INFO  impl.FollowerState (FollowerState.java:run(137)) - 3f9b5df4-bd86-4512-adfe-d4a46e1501cb@group-58FB4A3DE172-FollowerState was interrupted: {}
java.lang.InterruptedException: sleep interrupted
	at java.lang.Thread.sleep(Native Method)
	at org.apache.ratis.util.JavaUtils.sleep(JavaUtils.java:250)
	at org.apache.ratis.server.impl.FollowerState.run(FollowerState.java:116)
2020-12-04 06:03:09,941 [grpc-default-executor-5] INFO  impl.RaftServerImpl (RaftServerImpl.java:requestVote(963)) -  FOLLOWER 3f9b5df4-bd86-4512-adfe-d4a46e1501cb@group-58FB4A3DE172:t2, leader=null, voted=null, raftlog=3f9b5df4-bd86-4512-adfe-d4a46e1501cb@group-58FB4A3DE172-SegmentedRaftLog:OPENED:c0,f0,i0, conf=0: [a8add95f-9482-4e6d-9ba6-8975b33532e8|rpc:172.17.0.2:44261|dataStream:, 54498115-28c1-4381-b59e-fdf207a0d628|rpc:172.17.0.2:36069|dataStream:, 3f9b5df4-bd86-4512-adfe-d4a46e1501cb|rpc:172.17.0.2:39957|dataStream:], old=null RUNNING priority:0 candidate:a8add95f-9482-4e6d-9ba6-8975b33532e8|rpc:172.17.0.2:44261|dataStream: candidatePriority:0 compare:0
2020-12-04 06:03:09,943 [a8add95f-9482-4e6d-9ba6-8975b33532e8@group-58FB4A3DE172-LeaderElection83] INFO  impl.LeaderElection (LeaderElection.java:logAndReturn(65)) - a8add95f-9482-4e6d-9ba6-8975b33532e8@group-58FB4A3DE172-LeaderElection83: Election PASSED; received 1 response(s) [a8add95f-9482-4e6d-9ba6-8975b33532e8<-3f9b5df4-bd86-4512-adfe-d4a46e1501cb#0:OK-t2] and 1 exception(s); a8add95f-9482-4e6d-9ba6-8975b33532e8@group-58FB4A3DE172:t2, leader=null, voted=a8add95f-9482-4e6d-9ba6-8975b33532e8, raftlog=a8add95f-9482-4e6d-9ba6-8975b33532e8@group-58FB4A3DE172-SegmentedRaftLog:OPENED:c0,f0,i0, conf=0: [a8add95f-9482-4e6d-9ba6-8975b33532e8|rpc:172.17.0.2:44261|dataStream:, 54498115-28c1-4381-b59e-fdf207a0d628|rpc:172.17.0.2:36069|dataStream:, 3f9b5df4-bd86-4512-adfe-d4a46e1501cb|rpc:172.17.0.2:39957|dataStream:], old=null
2020-12-04 06:03:09,943 [a8add95f-9482-4e6d-9ba6-8975b33532e8@group-58FB4A3DE172-LeaderElection83] INFO  impl.LeaderElection (LogUtils.java:infoOrTrace(137)) -   Exception 0: java.util.concurrent.ExecutionException: org.apache.ratis.thirdparty.io.grpc.StatusRuntimeException: UNAVAILABLE: io exception
2020-12-04 06:03:09,943 [a8add95f-9482-4e6d-9ba6-8975b33532e8@group-58FB4A3DE172-LeaderElection83] INFO  impl.RoleInfo (RoleInfo.java:shutdownLeaderElection(134)) - a8add95f-9482-4e6d-9ba6-8975b33532e8: shutdown a8add95f-9482-4e6d-9ba6-8975b33532e8@group-58FB4A3DE172-LeaderElection83
2020-12-04 06:03:09,943 [a8add95f-9482-4e6d-9ba6-8975b33532e8@group-58FB4A3DE172-LeaderElection83] INFO  impl.RaftServerImpl (RaftServerImpl.java:setRole(204)) - a8add95f-9482-4e6d-9ba6-8975b33532e8@group-58FB4A3DE172: changes role from CANDIDATE to LEADER at term 2 for changeToLeader
2020-12-04 06:03:09,943 [a8add95f-9482-4e6d-9ba6-8975b33532e8@group-58FB4A3DE172-LeaderElection83] INFO  ratis.XceiverServerRatis (XceiverServerRatis.java:handleLeaderChangedNotification(854)) - Leader change notification received for group: group-58FB4A3DE172 with new leaderId: a8add95f-9482-4e6d-9ba6-8975b33532e8
2020-12-04 06:03:09,943 [a8add95f-9482-4e6d-9ba6-8975b33532e8@group-58FB4A3DE172-LeaderElection83] INFO  impl.RaftServerImpl (ServerState.java:setLeader(256)) - a8add95f-9482-4e6d-9ba6-8975b33532e8@group-58FB4A3DE172: change Leader from null to a8add95f-9482-4e6d-9ba6-8975b33532e8 at term 2 for becomeLeader, leader elected after 16ms
2020-12-04 06:03:09,943 [a8add95f-9482-4e6d-9ba6-8975b33532e8@group-58FB4A3DE172-LeaderElection83] INFO  server.RaftServerConfigKeys (ConfUtils.java:logGet(44)) - raft.server.staging.catchup.gap = 1000 (default)
2020-12-04 06:03:09,943 [a8add95f-9482-4e6d-9ba6-8975b33532e8@group-58FB4A3DE172-LeaderElection83] INFO  server.RaftServerConfigKeys (ConfUtils.java:logGet(44)) - raft.server.rpc.sleep.time = 25ms (default)
2020-12-04 06:03:09,943 [a8add95f-9482-4e6d-9ba6-8975b33532e8@group-58FB4A3DE172-LeaderElection83] INFO  metrics.RatisMetrics (RatisMetrics.java:lambda$create$0(36)) - Creating Metrics Registry : ratis.log_appender.a8add95f-9482-4e6d-9ba6-8975b33532e8@group-58FB4A3DE172
2020-12-04 06:03:09,943 [a8add95f-9482-4e6d-9ba6-8975b33532e8@group-58FB4A3DE172-LeaderElection83] INFO  server.RaftServerConfigKeys (ConfUtils.java:logGet(44)) - raft.server.write.element-limit = 1024 (custom)
2020-12-04 06:03:09,943 [a8add95f-9482-4e6d-9ba6-8975b33532e8@group-58FB4A3DE172-LeaderElection83] INFO  server.RaftServerConfigKeys (ConfUtils.java:logGet(44)) - raft.server.write.byte-limit = 1073741824 (custom)
2020-12-04 06:03:09,944 [a8add95f-9482-4e6d-9ba6-8975b33532e8@group-58FB4A3DE172-LeaderElection83] INFO  server.RaftServerConfigKeys (ConfUtils.java:logGet(44)) - raft.server.watch.timeout = 3000ms (custom)
2020-12-04 06:03:09,944 [a8add95f-9482-4e6d-9ba6-8975b33532e8@group-58FB4A3DE172-LeaderElection83] INFO  server.RaftServerConfigKeys (ConfUtils.java:logGet(44)) - raft.server.watch.timeout.denomination = 1s (default)
2020-12-04 06:03:09,944 [a8add95f-9482-4e6d-9ba6-8975b33532e8@group-58FB4A3DE172-LeaderElection83] INFO  server.RaftServerConfigKeys (ConfUtils.java:logGet(44)) - raft.server.watch.element-limit = 65536 (default)
2020-12-04 06:03:09,944 [a8add95f-9482-4e6d-9ba6-8975b33532e8@group-58FB4A3DE172-LeaderElection83] INFO  server.RaftServerConfigKeys (ConfUtils.java:logGet(44)) - raft.server.log.appender.snapshot.chunk.size.max = 16MB (=16777216) (default)
2020-12-04 06:03:09,944 [a8add95f-9482-4e6d-9ba6-8975b33532e8@group-58FB4A3DE172-LeaderElection83] INFO  server.RaftServerConfigKeys (ConfUtils.java:logGet(44)) - raft.server.log.appender.buffer.byte-limit = 33554432 (custom)
2020-12-04 06:03:09,944 [a8add95f-9482-4e6d-9ba6-8975b33532e8@group-58FB4A3DE172-LeaderElection83] INFO  server.RaftServerConfigKeys (ConfUtils.java:logGet(44)) - raft.server.log.appender.buffer.element-limit = 1 (custom)
2020-12-04 06:03:09,944 [a8add95f-9482-4e6d-9ba6-8975b33532e8@group-58FB4A3DE172-LeaderElection83] INFO  grpc.GrpcConfigKeys (ConfUtils.java:logGet(44)) - raft.grpc.server.leader.outstanding.appends.max = 128 (default)
2020-12-04 06:03:09,945 [a8add95f-9482-4e6d-9ba6-8975b33532e8@group-58FB4A3DE172-LeaderElection83] INFO  server.RaftServerConfigKeys (ConfUtils.java:logGet(44)) - raft.server.rpc.request.timeout = 3000ms (default)
2020-12-04 06:03:09,945 [a8add95f-9482-4e6d-9ba6-8975b33532e8@group-58FB4A3DE172-LeaderElection83] INFO  server.RaftServerConfigKeys (ConfUtils.java:logGet(44)) - raft.server.log.appender.install.snapshot.enabled = false (custom)
2020-12-04 06:03:09,945 [a8add95f-9482-4e6d-9ba6-8975b33532e8@group-58FB4A3DE172-LeaderElection83] INFO  metrics.RatisMetrics (RatisMetrics.java:lambda$create$0(36)) - Creating Metrics Registry : ratis_grpc.log_appender.a8add95f-9482-4e6d-9ba6-8975b33532e8@group-58FB4A3DE172
2020-12-04 06:03:09,947 [a8add95f-9482-4e6d-9ba6-8975b33532e8@group-58FB4A3DE172-LeaderElection83] INFO  server.RaftServerConfigKeys (ConfUtils.java:logGet(44)) - raft.server.log.appender.snapshot.chunk.size.max = 16MB (=16777216) (default)
2020-12-04 06:03:09,947 [a8add95f-9482-4e6d-9ba6-8975b33532e8@group-58FB4A3DE172-LeaderElection83] INFO  server.RaftServerConfigKeys (ConfUtils.java:logGet(44)) - raft.server.log.appender.buffer.byte-limit = 33554432 (custom)
2020-12-04 06:03:09,947 [a8add95f-9482-4e6d-9ba6-8975b33532e8@group-58FB4A3DE172-LeaderElection83] INFO  server.RaftServerConfigKeys (ConfUtils.java:logGet(44)) - raft.server.log.appender.buffer.element-limit = 1 (custom)
2020-12-04 06:03:09,947 [a8add95f-9482-4e6d-9ba6-8975b33532e8@group-58FB4A3DE172-LeaderElection83] INFO  grpc.GrpcConfigKeys (ConfUtils.java:logGet(44)) - raft.grpc.server.leader.outstanding.appends.max = 128 (default)
2020-12-04 06:03:09,947 [a8add95f-9482-4e6d-9ba6-8975b33532e8@group-58FB4A3DE172-LeaderElection83] INFO  server.RaftServerConfigKeys (ConfUtils.java:logGet(44)) - raft.server.rpc.request.timeout = 3000ms (default)
2020-12-04 06:03:09,947 [a8add95f-9482-4e6d-9ba6-8975b33532e8@group-58FB4A3DE172-LeaderElection83] INFO  server.RaftServerConfigKeys (ConfUtils.java:logGet(44)) - raft.server.log.appender.install.snapshot.enabled = false (custom)
2020-12-04 06:03:09,949 [a8add95f-9482-4e6d-9ba6-8975b33532e8@group-58FB4A3DE172-LeaderElection83] INFO  impl.RoleInfo (RoleInfo.java:updateAndGet(143)) - a8add95f-9482-4e6d-9ba6-8975b33532e8: start a8add95f-9482-4e6d-9ba6-8975b33532e8@group-58FB4A3DE172-LeaderState
2020-12-04 06:03:09,949 [a8add95f-9482-4e6d-9ba6-8975b33532e8@group-58FB4A3DE172-LeaderElection83] INFO  segmented.SegmentedRaftLogWorker (SegmentedRaftLogWorker.java:rollLogSegment(403)) - a8add95f-9482-4e6d-9ba6-8975b33532e8@group-58FB4A3DE172-SegmentedRaftLogWorker: Rolling segment log-0_0 to index:0
2020-12-04 06:03:09,950 [a8add95f-9482-4e6d-9ba6-8975b33532e8@group-58FB4A3DE172-LeaderElection83] INFO  impl.RaftServerImpl (ServerState.java:setRaftConf(374)) - a8add95f-9482-4e6d-9ba6-8975b33532e8@group-58FB4A3DE172: set configuration 1: [a8add95f-9482-4e6d-9ba6-8975b33532e8|rpc:172.17.0.2:44261|dataStream:, 54498115-28c1-4381-b59e-fdf207a0d628|rpc:172.17.0.2:36069|dataStream:, 3f9b5df4-bd86-4512-adfe-d4a46e1501cb|rpc:172.17.0.2:39957|dataStream:], old=null at 1
2020-12-04 06:03:09,950 [a8add95f-9482-4e6d-9ba6-8975b33532e8@group-58FB4A3DE172-SegmentedRaftLogWorker] INFO  segmented.SegmentedRaftLogWorker (SegmentedRaftLogWorker.java:execute(554)) - a8add95f-9482-4e6d-9ba6-8975b33532e8@group-58FB4A3DE172-SegmentedRaftLogWorker: Rolled log segment from /github/workspace/mnt/ozone/hadoop-ozone/integration-test/target/test-dir/MiniOzoneClusterImpl-d0e62b51-0f1f-480e-8215-4f24b3183874/datanode-3/data/ratis/fc22b5ed-d321-449c-8c10-58fb4a3de172/current/log_inprogress_0 to /github/workspace/mnt/ozone/hadoop-ozone/integration-test/target/test-dir/MiniOzoneClusterImpl-d0e62b51-0f1f-480e-8215-4f24b3183874/datanode-3/data/ratis/fc22b5ed-d321-449c-8c10-58fb4a3de172/current/log_0-0
2020-12-04 06:03:09,953 [grpc-default-executor-5] WARN  server.GrpcLogAppender (LogUtils.java:warn(122)) - a8add95f-9482-4e6d-9ba6-8975b33532e8@group-58FB4A3DE172->54498115-28c1-4381-b59e-fdf207a0d628-AppendLogResponseHandler: Failed appendEntries: org.apache.ratis.thirdparty.io.grpc.StatusRuntimeException: UNAVAILABLE: io exception
2020-12-04 06:03:09,954 [a8add95f-9482-4e6d-9ba6-8975b33532e8@group-58FB4A3DE172-SegmentedRaftLogWorker] INFO  segmented.SegmentedRaftLogWorker (SegmentedRaftLogWorker.java:execute(597)) - a8add95f-9482-4e6d-9ba6-8975b33532e8@group-58FB4A3DE172-SegmentedRaftLogWorker: created new log segment /github/workspace/mnt/ozone/hadoop-ozone/integration-test/target/test-dir/MiniOzoneClusterImpl-d0e62b51-0f1f-480e-8215-4f24b3183874/datanode-3/data/ratis/fc22b5ed-d321-449c-8c10-58fb4a3de172/current/log_inprogress_1
2020-12-04 06:03:09,958 [grpc-default-executor-5] WARN  server.GrpcLogAppender (GrpcLogAppender.java:resetClient(107)) - a8add95f-9482-4e6d-9ba6-8975b33532e8@group-58FB4A3DE172->54498115-28c1-4381-b59e-fdf207a0d628-GrpcLogAppender: Leader has not got in touch with Follower a8add95f-9482-4e6d-9ba6-8975b33532e8@group-58FB4A3DE172->54498115-28c1-4381-b59e-fdf207a0d628(c-1,m0,n2, attendVote=true, lastRpcSendTime=0, lastRpcResponseTime=5213) yet, just keep nextIndex unchanged and retry.
2020-12-04 06:03:09,959 [grpc-default-executor-5] INFO  ratis.XceiverServerRatis (XceiverServerRatis.java:handleLeaderChangedNotification(854)) - Leader change notification received for group: group-58FB4A3DE172 with new leaderId: a8add95f-9482-4e6d-9ba6-8975b33532e8
2020-12-04 06:03:09,959 [grpc-default-executor-5] INFO  impl.RaftServerImpl (ServerState.java:setLeader(256)) - 3f9b5df4-bd86-4512-adfe-d4a46e1501cb@group-58FB4A3DE172: change Leader from null to a8add95f-9482-4e6d-9ba6-8975b33532e8 at term 2 for appendEntries, leader elected after 24ms
2020-12-04 06:03:09,963 [grpc-default-executor-5] INFO  impl.RaftServerImpl (ServerState.java:setRaftConf(374)) - 3f9b5df4-bd86-4512-adfe-d4a46e1501cb@group-58FB4A3DE172: set configuration 1: [a8add95f-9482-4e6d-9ba6-8975b33532e8|rpc:172.17.0.2:44261|dataStream:, 54498115-28c1-4381-b59e-fdf207a0d628|rpc:172.17.0.2:36069|dataStream:, 3f9b5df4-bd86-4512-adfe-d4a46e1501cb|rpc:172.17.0.2:39957|dataStream:], old=null at 1
2020-12-04 06:03:09,963 [grpc-default-executor-5] INFO  segmented.SegmentedRaftLogWorker (SegmentedRaftLogWorker.java:rollLogSegment(403)) - 3f9b5df4-bd86-4512-adfe-d4a46e1501cb@group-58FB4A3DE172-SegmentedRaftLogWorker: Rolling segment log-0_0 to index:0
2020-12-04 06:03:09,964 [3f9b5df4-bd86-4512-adfe-d4a46e1501cb@group-58FB4A3DE172-SegmentedRaftLogWorker] INFO  segmented.SegmentedRaftLogWorker (SegmentedRaftLogWorker.java:execute(554)) - 3f9b5df4-bd86-4512-adfe-d4a46e1501cb@group-58FB4A3DE172-SegmentedRaftLogWorker: Rolled log segment from /github/workspace/mnt/ozone/hadoop-ozone/integration-test/target/test-dir/MiniOzoneClusterImpl-d0e62b51-0f1f-480e-8215-4f24b3183874/datanode-5/data/ratis/fc22b5ed-d321-449c-8c10-58fb4a3de172/current/log_inprogress_0 to /github/workspace/mnt/ozone/hadoop-ozone/integration-test/target/test-dir/MiniOzoneClusterImpl-d0e62b51-0f1f-480e-8215-4f24b3183874/datanode-5/data/ratis/fc22b5ed-d321-449c-8c10-58fb4a3de172/current/log_0-0
2020-12-04 06:03:09,965 [3f9b5df4-bd86-4512-adfe-d4a46e1501cb@group-58FB4A3DE172-SegmentedRaftLogWorker] INFO  segmented.SegmentedRaftLogWorker (SegmentedRaftLogWorker.java:execute(597)) - 3f9b5df4-bd86-4512-adfe-d4a46e1501cb@group-58FB4A3DE172-SegmentedRaftLogWorker: created new log segment /github/workspace/mnt/ozone/hadoop-ozone/integration-test/target/test-dir/MiniOzoneClusterImpl-d0e62b51-0f1f-480e-8215-4f24b3183874/datanode-5/data/ratis/fc22b5ed-d321-449c-8c10-58fb4a3de172/current/log_inprogress_1
2020-12-04 06:03:09,967 [grpc-default-executor-5] WARN  server.GrpcLogAppender (LogUtils.java:warn(122)) - a8add95f-9482-4e6d-9ba6-8975b33532e8@group-58FB4A3DE172->54498115-28c1-4381-b59e-fdf207a0d628-AppendLogResponseHandler: Failed appendEntries: org.apache.ratis.thirdparty.io.grpc.StatusRuntimeException: UNAVAILABLE: io exception
2020-12-04 06:03:09,967 [grpc-default-executor-5] WARN  server.GrpcLogAppender (GrpcLogAppender.java:resetClient(107)) - a8add95f-9482-4e6d-9ba6-8975b33532e8@group-58FB4A3DE172->54498115-28c1-4381-b59e-fdf207a0d628-GrpcLogAppender: Leader has not got in touch with Follower a8add95f-9482-4e6d-9ba6-8975b33532e8@group-58FB4A3DE172->54498115-28c1-4381-b59e-fdf207a0d628(c-1,m0,n3, attendVote=true, lastRpcSendTime=0, lastRpcResponseTime=5222) yet, just keep nextIndex unchanged and retry.
2020-12-04 06:03:10,475 [grpc-default-executor-8] WARN  server.GrpcLogAppender (LogUtils.java:warn(122)) - 3f9b5df4-bd86-4512-adfe-d4a46e1501cb@group-F138BF844AFC->54498115-28c1-4381-b59e-fdf207a0d628-AppendLogResponseHandler: Failed appendEntries: org.apache.ratis.thirdparty.io.grpc.StatusRuntimeException: UNAVAILABLE: io exception
2020-12-04 06:03:10,475 [grpc-default-executor-8] WARN  server.GrpcLogAppender (GrpcLogAppender.java:resetClient(107)) - 3f9b5df4-bd86-4512-adfe-d4a46e1501cb@group-F138BF844AFC->54498115-28c1-4381-b59e-fdf207a0d628-GrpcLogAppender: Leader has not got in touch with Follower 3f9b5df4-bd86-4512-adfe-d4a46e1501cb@group-F138BF844AFC->54498115-28c1-4381-b59e-fdf207a0d628(c-1,m0,n22, attendVote=true, lastRpcSendTime=0, lastRpcResponseTime=5996) yet, just keep nextIndex unchanged and retry.
2020-12-04 06:03:10,480 [grpc-default-executor-5] WARN  server.GrpcLogAppender (LogUtils.java:warn(122)) - 3f9b5df4-bd86-4512-adfe-d4a46e1501cb@group-F138BF844AFC->54498115-28c1-4381-b59e-fdf207a0d628-AppendLogResponseHandler: Failed appendEntries: org.apache.ratis.thirdparty.io.grpc.StatusRuntimeException: UNAVAILABLE: io exception
2020-12-04 06:03:10,480 [grpc-default-executor-5] WARN  server.GrpcLogAppender (GrpcLogAppender.java:resetClient(107)) - 3f9b5df4-bd86-4512-adfe-d4a46e1501cb@group-F138BF844AFC->54498115-28c1-4381-b59e-fdf207a0d628-GrpcLogAppender: Leader has not got in touch with Follower 3f9b5df4-bd86-4512-adfe-d4a46e1501cb@group-F138BF844AFC->54498115-28c1-4381-b59e-fdf207a0d628(c-1,m0,n23, attendVote=true, lastRpcSendTime=0, lastRpcResponseTime=6001) yet, just keep nextIndex unchanged and retry.
2020-12-04 06:03:10,482 [RatisApplyTransactionExecutor 2] INFO  keyvalue.KeyValueContainer (KeyValueContainer.java:flushAndSyncDB(388)) - Container 2 is synced with bcsId 17.
2020-12-04 06:03:10,482 [RatisApplyTransactionExecutor 2] INFO  keyvalue.KeyValueContainer (KeyValueContainer.java:flushAndSyncDB(388)) - Container 2 is synced with bcsId 17.
2020-12-04 06:03:10,484 [RatisApplyTransactionExecutor 2] INFO  keyvalue.KeyValueContainer (KeyValueContainer.java:flushAndSyncDB(388)) - Container 2 is synced with bcsId 17.
2020-12-04 06:03:10,484 [RatisApplyTransactionExecutor 2] INFO  keyvalue.KeyValueContainer (KeyValueContainer.java:close(326)) - Container 2 is closed with bcsId 17.
2020-12-04 06:03:10,484 [RatisApplyTransactionExecutor 2] INFO  keyvalue.KeyValueContainer (KeyValueContainer.java:flushAndSyncDB(388)) - Container 2 is synced with bcsId 17.
2020-12-04 06:03:10,486 [EventQueue-IncrementalContainerReportForIncrementalContainerReportHandler] INFO  container.IncrementalContainerReportHandler (AbstractContainerReportHandler.java:updateContainerState(215)) - Moving container #2 to CLOSED state, datanode 3f9b5df4-bd86-4512-adfe-d4a46e1501cb{ip: 172.17.0.2, host: 63638dc2095a, networkLocation: /default-rack, certSerialId: null, persistedOpState: IN_SERVICE, persistedOpStateExpiryEpochSec: 0} reported CLOSED replica.
2020-12-04 06:03:10,487 [RatisApplyTransactionExecutor 2] INFO  keyvalue.KeyValueContainer (KeyValueContainer.java:close(326)) - Container 2 is closed with bcsId 17.
2020-12-04 06:03:12,247 [EventQueue-StaleNodeForStaleNodeHandler] INFO  node.StaleNodeHandler (StaleNodeHandler.java:onMessage(58)) - Datanode 5e97bab7-f049-4685-a9ad-e9f5ff9fc7c1{ip: 172.17.0.2, host: 63638dc2095a, networkLocation: /default-rack, certSerialId: null, persistedOpState: IN_SERVICE, persistedOpStateExpiryEpochSec: 0} moved to stale state. Finalizing its pipelines [PipelineID=3c8fabcf-1241-4db2-af7b-3007c9d98bf3, PipelineID=9516a70f-611a-44b0-a7e3-80fa38fc4c8a, PipelineID=d290a255-ec77-401c-905e-377e345dd21c]
2020-12-04 06:03:12,247 [EventQueue-StaleNodeForStaleNodeHandler] INFO  pipeline.SCMPipelineManager (SCMPipelineManager.java:finalizeAndDestroyPipeline(482)) - Destroying pipeline:Pipeline[ Id: 3c8fabcf-1241-4db2-af7b-3007c9d98bf3, Nodes: 5e97bab7-f049-4685-a9ad-e9f5ff9fc7c1{ip: 172.17.0.2, host: 63638dc2095a, networkLocation: /default-rack, certSerialId: null, persistedOpState: IN_SERVICE, persistedOpStateExpiryEpochSec: 0}5e885a77-8b3e-4dc5-b522-5cb06ff98b04{ip: 172.17.0.2, host: 63638dc2095a, networkLocation: /default-rack, certSerialId: null, persistedOpState: IN_SERVICE, persistedOpStateExpiryEpochSec: 0}a43a40a6-1ac9-4df3-821c-5cd06fa3b4e5{ip: 172.17.0.2, host: 63638dc2095a, networkLocation: /default-rack, certSerialId: null, persistedOpState: IN_SERVICE, persistedOpStateExpiryEpochSec: 0}, Type:RATIS, Factor:THREE, State:CLOSED, leaderId:, CreationTimestamp2020-12-04T06:02:59.028Z]
2020-12-04 06:03:12,248 [EventQueue-StaleNodeForStaleNodeHandler] INFO  pipeline.SCMPipelineManager (SCMPipelineManager.java:finalizeAndDestroyPipeline(482)) - Destroying pipeline:Pipeline[ Id: 9516a70f-611a-44b0-a7e3-80fa38fc4c8a, Nodes: 5e97bab7-f049-4685-a9ad-e9f5ff9fc7c1{ip: 172.17.0.2, host: 63638dc2095a, networkLocation: /default-rack, certSerialId: null, persistedOpState: IN_SERVICE, persistedOpStateExpiryEpochSec: 0}, Type:RATIS, Factor:ONE, State:OPEN, leaderId:5e97bab7-f049-4685-a9ad-e9f5ff9fc7c1, CreationTimestamp2020-12-04T06:02:31.752Z]
2020-12-04 06:03:12,248 [EventQueue-StaleNodeForStaleNodeHandler] INFO  pipeline.PipelineStateManager (PipelineStateManager.java:finalizePipeline(121)) - Pipeline Pipeline[ Id: 9516a70f-611a-44b0-a7e3-80fa38fc4c8a, Nodes: 5e97bab7-f049-4685-a9ad-e9f5ff9fc7c1{ip: 172.17.0.2, host: 63638dc2095a, networkLocation: /default-rack, certSerialId: null, persistedOpState: IN_SERVICE, persistedOpStateExpiryEpochSec: 0}, Type:RATIS, Factor:ONE, State:CLOSED, leaderId:5e97bab7-f049-4685-a9ad-e9f5ff9fc7c1, CreationTimestamp2020-12-04T06:02:31.752Z] moved to CLOSED state
2020-12-04 06:03:12,248 [EventQueue-StaleNodeForStaleNodeHandler] INFO  pipeline.SCMPipelineManager (SCMPipelineManager.java:finalizeAndDestroyPipeline(482)) - Destroying pipeline:Pipeline[ Id: d290a255-ec77-401c-905e-377e345dd21c, Nodes: 5e97bab7-f049-4685-a9ad-e9f5ff9fc7c1{ip: 172.17.0.2, host: 63638dc2095a, networkLocation: /default-rack, certSerialId: null, persistedOpState: IN_SERVICE, persistedOpStateExpiryEpochSec: 0}5e885a77-8b3e-4dc5-b522-5cb06ff98b04{ip: 172.17.0.2, host: 63638dc2095a, networkLocation: /default-rack, certSerialId: null, persistedOpState: IN_SERVICE, persistedOpStateExpiryEpochSec: 0}a43a40a6-1ac9-4df3-821c-5cd06fa3b4e5{ip: 172.17.0.2, host: 63638dc2095a, networkLocation: /default-rack, certSerialId: null, persistedOpState: IN_SERVICE, persistedOpStateExpiryEpochSec: 0}, Type:RATIS, Factor:THREE, State:CLOSED, leaderId:, CreationTimestamp2020-12-04T06:02:59.029Z]
2020-12-04 06:03:12,248 [EventQueue-StaleNodeForStaleNodeHandler] INFO  node.StaleNodeHandler (StaleNodeHandler.java:onMessage(58)) - Datanode 5e885a77-8b3e-4dc5-b522-5cb06ff98b04{ip: 172.17.0.2, host: 63638dc2095a, networkLocation: /default-rack, certSerialId: null, persistedOpState: IN_SERVICE, persistedOpStateExpiryEpochSec: 0} moved to stale state. Finalizing its pipelines [PipelineID=3c8fabcf-1241-4db2-af7b-3007c9d98bf3, PipelineID=9c2b9ec0-4b98-413d-b90a-83c1f51174bf, PipelineID=d290a255-ec77-401c-905e-377e345dd21c]
2020-12-04 06:03:12,249 [EventQueue-StaleNodeForStaleNodeHandler] INFO  pipeline.SCMPipelineManager (SCMPipelineManager.java:finalizeAndDestroyPipeline(482)) - Destroying pipeline:Pipeline[ Id: 3c8fabcf-1241-4db2-af7b-3007c9d98bf3, Nodes: 5e97bab7-f049-4685-a9ad-e9f5ff9fc7c1{ip: 172.17.0.2, host: 63638dc2095a, networkLocation: /default-rack, certSerialId: null, persistedOpState: IN_SERVICE, persistedOpStateExpiryEpochSec: 0}5e885a77-8b3e-4dc5-b522-5cb06ff98b04{ip: 172.17.0.2, host: 63638dc2095a, networkLocation: /default-rack, certSerialId: null, persistedOpState: IN_SERVICE, persistedOpStateExpiryEpochSec: 0}a43a40a6-1ac9-4df3-821c-5cd06fa3b4e5{ip: 172.17.0.2, host: 63638dc2095a, networkLocation: /default-rack, certSerialId: null, persistedOpState: IN_SERVICE, persistedOpStateExpiryEpochSec: 0}, Type:RATIS, Factor:THREE, State:CLOSED, leaderId:, CreationTimestamp2020-12-04T06:02:59.028Z]
2020-12-04 06:03:12,249 [EventQueue-StaleNodeForStaleNodeHandler] INFO  pipeline.SCMPipelineManager (SCMPipelineManager.java:finalizeAndDestroyPipeline(482)) - Destroying pipeline:Pipeline[ Id: 9c2b9ec0-4b98-413d-b90a-83c1f51174bf, Nodes: 5e885a77-8b3e-4dc5-b522-5cb06ff98b04{ip: 172.17.0.2, host: 63638dc2095a, networkLocation: /default-rack, certSerialId: null, persistedOpState: IN_SERVICE, persistedOpStateExpiryEpochSec: 0}, Type:RATIS, Factor:ONE, State:OPEN, leaderId:5e885a77-8b3e-4dc5-b522-5cb06ff98b04, CreationTimestamp2020-12-04T06:02:30.534Z]
2020-12-04 06:03:12,249 [EventQueue-StaleNodeForStaleNodeHandler] INFO  pipeline.PipelineStateManager (PipelineStateManager.java:finalizePipeline(121)) - Pipeline Pipeline[ Id: 9c2b9ec0-4b98-413d-b90a-83c1f51174bf, Nodes: 5e885a77-8b3e-4dc5-b522-5cb06ff98b04{ip: 172.17.0.2, host: 63638dc2095a, networkLocation: /default-rack, certSerialId: null, persistedOpState: IN_SERVICE, persistedOpStateExpiryEpochSec: 0}, Type:RATIS, Factor:ONE, State:CLOSED, leaderId:5e885a77-8b3e-4dc5-b522-5cb06ff98b04, CreationTimestamp2020-12-04T06:02:30.534Z] moved to CLOSED state
2020-12-04 06:03:12,249 [EventQueue-StaleNodeForStaleNodeHandler] INFO  pipeline.SCMPipelineManager (SCMPipelineManager.java:finalizeAndDestroyPipeline(482)) - Destroying pipeline:Pipeline[ Id: d290a255-ec77-401c-905e-377e345dd21c, Nodes: 5e97bab7-f049-4685-a9ad-e9f5ff9fc7c1{ip: 172.17.0.2, host: 63638dc2095a, networkLocation: /default-rack, certSerialId: null, persistedOpState: IN_SERVICE, persistedOpStateExpiryEpochSec: 0}5e885a77-8b3e-4dc5-b522-5cb06ff98b04{ip: 172.17.0.2, host: 63638dc2095a, networkLocation: /default-rack, certSerialId: null, persistedOpState: IN_SERVICE, persistedOpStateExpiryEpochSec: 0}a43a40a6-1ac9-4df3-821c-5cd06fa3b4e5{ip: 172.17.0.2, host: 63638dc2095a, networkLocation: /default-rack, certSerialId: null, persistedOpState: IN_SERVICE, persistedOpStateExpiryEpochSec: 0}, Type:RATIS, Factor:THREE, State:CLOSED, leaderId:, CreationTimestamp2020-12-04T06:02:59.029Z]
2020-12-04 06:03:12,467 [grpc-default-executor-5] WARN  server.GrpcLogAppender (LogUtils.java:warn(122)) - a8add95f-9482-4e6d-9ba6-8975b33532e8@group-58FB4A3DE172->54498115-28c1-4381-b59e-fdf207a0d628-AppendLogResponseHandler: Failed appendEntries: org.apache.ratis.thirdparty.io.grpc.StatusRuntimeException: UNAVAILABLE: io exception
2020-12-04 06:03:12,468 [grpc-default-executor-5] WARN  server.GrpcLogAppender (GrpcLogAppender.java:resetClient(107)) - a8add95f-9482-4e6d-9ba6-8975b33532e8@group-58FB4A3DE172->54498115-28c1-4381-b59e-fdf207a0d628-GrpcLogAppender: Leader has not got in touch with Follower a8add95f-9482-4e6d-9ba6-8975b33532e8@group-58FB4A3DE172->54498115-28c1-4381-b59e-fdf207a0d628(c-1,m0,n3, attendVote=true, lastRpcSendTime=0, lastRpcResponseTime=7723) yet, just keep nextIndex unchanged and retry.
2020-12-04 06:03:12,759 [Listener at 127.0.0.1/45059] INFO  ozoneimpl.OzoneContainer (OzoneContainer.java:stop(257)) - Attempting to stop container services.
2020-12-04 06:03:12,759 [Listener at 127.0.0.1/45059] INFO  impl.RaftServerProxy (RaftServerProxy.java:lambda$close$4(338)) - a8add95f-9482-4e6d-9ba6-8975b33532e8: close
2020-12-04 06:03:12,759 [Listener at 127.0.0.1/45059] INFO  impl.RaftServerImpl (RaftServerImpl.java:lambda$shutdown$3(328)) - a8add95f-9482-4e6d-9ba6-8975b33532e8@group-3DE58E84B988: shutdown
2020-12-04 06:03:12,760 [Listener at 127.0.0.1/45059] INFO  util.JmxRegister (JmxRegister.java:unregister(73)) - Successfully un-registered JMX Bean with object name Ratis:service=RaftServer,group=group-3DE58E84B988,id=a8add95f-9482-4e6d-9ba6-8975b33532e8
2020-12-04 06:03:12,760 [Listener at 127.0.0.1/45059] INFO  impl.RoleInfo (RoleInfo.java:shutdownLeaderState(104)) - a8add95f-9482-4e6d-9ba6-8975b33532e8: shutdown a8add95f-9482-4e6d-9ba6-8975b33532e8@group-3DE58E84B988-LeaderState
2020-12-04 06:03:12,760 [Listener at 127.0.0.1/45059] INFO  impl.PendingRequests (PendingRequests.java:sendNotLeaderResponses(250)) - a8add95f-9482-4e6d-9ba6-8975b33532e8@group-3DE58E84B988-PendingRequests: sendNotLeaderResponses
2020-12-04 06:03:12,760 [Listener at 127.0.0.1/45059] INFO  metrics.RatisMetrics (RatisMetrics.java:unregister(43)) - Unregistering Metrics Registry : ratis.log_appender.a8add95f-9482-4e6d-9ba6-8975b33532e8@group-3DE58E84B988
2020-12-04 06:03:12,761 [Listener at 127.0.0.1/45059] INFO  metrics.RatisMetrics (RatisMetrics.java:unregister(43)) - Unregistering Metrics Registry : ratis.server.a8add95f-9482-4e6d-9ba6-8975b33532e8@group-3DE58E84B988
2020-12-04 06:03:12,762 [Listener at 127.0.0.1/45059] INFO  impl.StateMachineUpdater (StateMachineUpdater.java:stopAndJoin(147)) - a8add95f-9482-4e6d-9ba6-8975b33532e8@group-3DE58E84B988-StateMachineUpdater: set stopIndex = 0
2020-12-04 06:03:12,762 [a8add95f-9482-4e6d-9ba6-8975b33532e8@group-3DE58E84B988-StateMachineUpdater] INFO  ratis.ContainerStateMachine (ContainerStateMachine.java:takeSnapshot(293)) - group-3DE58E84B988: Taking a snapshot at:(t:1, i:0) file /github/workspace/mnt/ozone/hadoop-ozone/integration-test/target/test-dir/MiniOzoneClusterImpl-d0e62b51-0f1f-480e-8215-4f24b3183874/datanode-3/data/ratis/b72b0388-0d0b-4ea0-a621-3de58e84b988/sm/snapshot.1_0
2020-12-04 06:03:12,763 [a8add95f-9482-4e6d-9ba6-8975b33532e8@group-3DE58E84B988-StateMachineUpdater] INFO  ratis.ContainerStateMachine (ContainerStateMachine.java:takeSnapshot(304)) - group-3DE58E84B988: Finished taking a snapshot at:(t:1, i:0) file:/github/workspace/mnt/ozone/hadoop-ozone/integration-test/target/test-dir/MiniOzoneClusterImpl-d0e62b51-0f1f-480e-8215-4f24b3183874/datanode-3/data/ratis/b72b0388-0d0b-4ea0-a621-3de58e84b988/sm/snapshot.1_0 time:1
2020-12-04 06:03:12,763 [a8add95f-9482-4e6d-9ba6-8975b33532e8@group-3DE58E84B988-StateMachineUpdater] INFO  impl.StateMachineUpdater (StateMachineUpdater.java:takeSnapshot(278)) - a8add95f-9482-4e6d-9ba6-8975b33532e8@group-3DE58E84B988-StateMachineUpdater: Took a snapshot at index 0
2020-12-04 06:03:12,763 [a8add95f-9482-4e6d-9ba6-8975b33532e8@group-3DE58E84B988-StateMachineUpdater] INFO  impl.StateMachineUpdater (StateMachineUpdater.java:lambda$new$0(87)) - a8add95f-9482-4e6d-9ba6-8975b33532e8@group-3DE58E84B988-StateMachineUpdater: snapshotIndex: updateIncreasingly -1 -> 0
2020-12-04 06:03:12,764 [a8add95f-9482-4e6d-9ba6-8975b33532e8@group-3DE58E84B988-StateMachineUpdater] INFO  metrics.RatisMetrics (RatisMetrics.java:unregister(43)) - Unregistering Metrics Registry : ratis.state_machine.a8add95f-9482-4e6d-9ba6-8975b33532e8@group-3DE58E84B988
2020-12-04 06:03:12,764 [Listener at 127.0.0.1/45059] INFO  impl.RaftServerImpl (ServerState.java:close(406)) - a8add95f-9482-4e6d-9ba6-8975b33532e8@group-3DE58E84B988: closes. applyIndex: 0
2020-12-04 06:03:12,765 [a8add95f-9482-4e6d-9ba6-8975b33532e8@group-3DE58E84B988-SegmentedRaftLogWorker] INFO  segmented.SegmentedRaftLogWorker (SegmentedRaftLogWorker.java:run(329)) - a8add95f-9482-4e6d-9ba6-8975b33532e8@group-3DE58E84B988-SegmentedRaftLogWorker was interrupted, exiting. There are 0 tasks remaining in the queue.
2020-12-04 06:03:12,765 [Listener at 127.0.0.1/45059] INFO  segmented.SegmentedRaftLogWorker (SegmentedRaftLogWorker.java:close(235)) - a8add95f-9482-4e6d-9ba6-8975b33532e8@group-3DE58E84B988-SegmentedRaftLogWorker close()
2020-12-04 06:03:12,765 [Listener at 127.0.0.1/45059] INFO  metrics.RatisMetrics (RatisMetrics.java:unregister(43)) - Unregistering Metrics Registry : ratis.log_worker.a8add95f-9482-4e6d-9ba6-8975b33532e8@group-3DE58E84B988
2020-12-04 06:03:12,765 [Listener at 127.0.0.1/45059] INFO  metrics.RatisMetrics (RatisMetrics.java:unregister(43)) - Unregistering Metrics Registry : ratis.leader_election.a8add95f-9482-4e6d-9ba6-8975b33532e8@group-3DE58E84B988
2020-12-04 06:03:12,765 [Listener at 127.0.0.1/45059] INFO  metrics.RatisMetrics (RatisMetrics.java:unregister(43)) - Unregistering Metrics Registry : ratis.server.a8add95f-9482-4e6d-9ba6-8975b33532e8@group-3DE58E84B988
2020-12-04 06:03:12,765 [Listener at 127.0.0.1/45059] INFO  impl.RaftServerImpl (RaftServerImpl.java:lambda$shutdown$3(328)) - a8add95f-9482-4e6d-9ba6-8975b33532e8@group-F138BF844AFC: shutdown
2020-12-04 06:03:12,766 [Listener at 127.0.0.1/45059] INFO  util.JmxRegister (JmxRegister.java:unregister(73)) - Successfully un-registered JMX Bean with object name Ratis:service=RaftServer,group=group-F138BF844AFC,id=a8add95f-9482-4e6d-9ba6-8975b33532e8
2020-12-04 06:03:12,766 [Listener at 127.0.0.1/45059] INFO  impl.RoleInfo (RoleInfo.java:shutdownFollowerState(121)) - a8add95f-9482-4e6d-9ba6-8975b33532e8: shutdown a8add95f-9482-4e6d-9ba6-8975b33532e8@group-F138BF844AFC-FollowerState
2020-12-04 06:03:12,766 [Thread-2859] INFO  impl.FollowerState (FollowerState.java:run(137)) - a8add95f-9482-4e6d-9ba6-8975b33532e8@group-F138BF844AFC-FollowerState was interrupted: {}
java.lang.InterruptedException: sleep interrupted
	at java.lang.Thread.sleep(Native Method)
	at org.apache.ratis.util.JavaUtils.sleep(JavaUtils.java:250)
	at org.apache.ratis.server.impl.FollowerState.run(FollowerState.java:116)
2020-12-04 06:03:12,766 [a8add95f-9482-4e6d-9ba6-8975b33532e8@group-F138BF844AFC-StateMachineUpdater] INFO  ratis.ContainerStateMachine (ContainerStateMachine.java:takeSnapshot(293)) - group-F138BF844AFC: Taking a snapshot at:(t:2, i:21) file /github/workspace/mnt/ozone/hadoop-ozone/integration-test/target/test-dir/MiniOzoneClusterImpl-d0e62b51-0f1f-480e-8215-4f24b3183874/datanode-3/data/ratis/f8d9c3ab-5226-4468-a24d-f138bf844afc/sm/snapshot.2_21
2020-12-04 06:03:12,766 [Listener at 127.0.0.1/45059] INFO  impl.StateMachineUpdater (StateMachineUpdater.java:stopAndJoin(147)) - a8add95f-9482-4e6d-9ba6-8975b33532e8@group-F138BF844AFC-StateMachineUpdater: set stopIndex = 21
2020-12-04 06:03:12,767 [a8add95f-9482-4e6d-9ba6-8975b33532e8@group-F138BF844AFC-StateMachineUpdater] INFO  ratis.ContainerStateMachine (ContainerStateMachine.java:takeSnapshot(304)) - group-F138BF844AFC: Finished taking a snapshot at:(t:2, i:21) file:/github/workspace/mnt/ozone/hadoop-ozone/integration-test/target/test-dir/MiniOzoneClusterImpl-d0e62b51-0f1f-480e-8215-4f24b3183874/datanode-3/data/ratis/f8d9c3ab-5226-4468-a24d-f138bf844afc/sm/snapshot.2_21 time:1
2020-12-04 06:03:12,768 [a8add95f-9482-4e6d-9ba6-8975b33532e8@group-F138BF844AFC-StateMachineUpdater] INFO  impl.StateMachineUpdater (StateMachineUpdater.java:takeSnapshot(278)) - a8add95f-9482-4e6d-9ba6-8975b33532e8@group-F138BF844AFC-StateMachineUpdater: Took a snapshot at index 21
2020-12-04 06:03:12,768 [a8add95f-9482-4e6d-9ba6-8975b33532e8@group-F138BF844AFC-StateMachineUpdater] INFO  impl.StateMachineUpdater (StateMachineUpdater.java:lambda$new$0(87)) - a8add95f-9482-4e6d-9ba6-8975b33532e8@group-F138BF844AFC-StateMachineUpdater: snapshotIndex: updateIncreasingly -1 -> 21
2020-12-04 06:03:12,768 [a8add95f-9482-4e6d-9ba6-8975b33532e8@group-F138BF844AFC-StateMachineUpdater] INFO  metrics.RatisMetrics (RatisMetrics.java:unregister(43)) - Unregistering Metrics Registry : ratis.state_machine.a8add95f-9482-4e6d-9ba6-8975b33532e8@group-F138BF844AFC
2020-12-04 06:03:12,768 [Listener at 127.0.0.1/45059] INFO  impl.RaftServerImpl (ServerState.java:close(406)) - a8add95f-9482-4e6d-9ba6-8975b33532e8@group-F138BF844AFC: closes. applyIndex: 21
2020-12-04 06:03:12,768 [a8add95f-9482-4e6d-9ba6-8975b33532e8@group-F138BF844AFC-SegmentedRaftLogWorker] INFO  segmented.SegmentedRaftLogWorker (SegmentedRaftLogWorker.java:run(329)) - a8add95f-9482-4e6d-9ba6-8975b33532e8@group-F138BF844AFC-SegmentedRaftLogWorker was interrupted, exiting. There are 0 tasks remaining in the queue.
2020-12-04 06:03:12,769 [Listener at 127.0.0.1/45059] INFO  segmented.SegmentedRaftLogWorker (SegmentedRaftLogWorker.java:close(235)) - a8add95f-9482-4e6d-9ba6-8975b33532e8@group-F138BF844AFC-SegmentedRaftLogWorker close()
2020-12-04 06:03:12,769 [Listener at 127.0.0.1/45059] INFO  metrics.RatisMetrics (RatisMetrics.java:unregister(43)) - Unregistering Metrics Registry : ratis.log_worker.a8add95f-9482-4e6d-9ba6-8975b33532e8@group-F138BF844AFC
2020-12-04 06:03:12,769 [Listener at 127.0.0.1/45059] INFO  metrics.RatisMetrics (RatisMetrics.java:unregister(43)) - Unregistering Metrics Registry : ratis.leader_election.a8add95f-9482-4e6d-9ba6-8975b33532e8@group-F138BF844AFC
2020-12-04 06:03:12,770 [Listener at 127.0.0.1/45059] INFO  metrics.RatisMetrics (RatisMetrics.java:unregister(43)) - Unregistering Metrics Registry : ratis.server.a8add95f-9482-4e6d-9ba6-8975b33532e8@group-F138BF844AFC
2020-12-04 06:03:12,770 [Listener at 127.0.0.1/45059] INFO  impl.RaftServerImpl (RaftServerImpl.java:lambda$shutdown$3(328)) - a8add95f-9482-4e6d-9ba6-8975b33532e8@group-58FB4A3DE172: shutdown
2020-12-04 06:03:12,770 [Listener at 127.0.0.1/45059] INFO  util.JmxRegister (JmxRegister.java:unregister(73)) - Successfully un-registered JMX Bean with object name Ratis:service=RaftServer,group=group-58FB4A3DE172,id=a8add95f-9482-4e6d-9ba6-8975b33532e8
2020-12-04 06:03:12,770 [Listener at 127.0.0.1/45059] INFO  impl.RoleInfo (RoleInfo.java:shutdownLeaderState(104)) - a8add95f-9482-4e6d-9ba6-8975b33532e8: shutdown a8add95f-9482-4e6d-9ba6-8975b33532e8@group-58FB4A3DE172-LeaderState
2020-12-04 06:03:12,770 [Listener at 127.0.0.1/45059] INFO  metrics.RatisMetrics (RatisMetrics.java:unregister(43)) - Unregistering Metrics Registry : ratis_grpc.log_appender.a8add95f-9482-4e6d-9ba6-8975b33532e8@group-58FB4A3DE172
2020-12-04 06:03:12,770 [Listener at 127.0.0.1/45059] INFO  metrics.RatisMetrics (RatisMetrics.java:unregister(43)) - Unregistering Metrics Registry : ratis_grpc.log_appender.a8add95f-9482-4e6d-9ba6-8975b33532e8@group-58FB4A3DE172
2020-12-04 06:03:12,770 [Listener at 127.0.0.1/45059] INFO  impl.PendingRequests (PendingRequests.java:sendNotLeaderResponses(250)) - a8add95f-9482-4e6d-9ba6-8975b33532e8@group-58FB4A3DE172-PendingRequests: sendNotLeaderResponses
2020-12-04 06:03:12,770 [org.apache.ratis.server.impl.LogAppender$AppenderDaemon$$Lambda$477/237548453@38d77aa4] WARN  server.GrpcLogAppender (GrpcLogAppender.java:mayWait(168)) - a8add95f-9482-4e6d-9ba6-8975b33532e8@group-58FB4A3DE172->54498115-28c1-4381-b59e-fdf207a0d628-GrpcLogAppender: Wait interrupted by java.lang.InterruptedException
2020-12-04 06:03:12,772 [org.apache.ratis.server.impl.LogAppender$AppenderDaemon$$Lambda$477/237548453@6d27a8cd] WARN  server.GrpcLogAppender (GrpcLogAppender.java:mayWait(168)) - a8add95f-9482-4e6d-9ba6-8975b33532e8@group-58FB4A3DE172->3f9b5df4-bd86-4512-adfe-d4a46e1501cb-GrpcLogAppender: Wait interrupted by java.lang.InterruptedException
2020-12-04 06:03:12,772 [grpc-default-executor-5] INFO  server.GrpcServerProtocolService (GrpcServerProtocolService.java:onCompleted(138)) - 3f9b5df4-bd86-4512-adfe-d4a46e1501cb: Completed APPEND_ENTRIES, lastRequest: a8add95f-9482-4e6d-9ba6-8975b33532e8->3f9b5df4-bd86-4512-adfe-d4a46e1501cb#2-t2, previous=(t:2, i:1), leaderCommit=1, initializing? false, entries: size=1, first=(t:2, i:2), METADATAENTRY(c:1)
2020-12-04 06:03:12,773 [grpc-default-executor-5] INFO  server.GrpcLogAppender (GrpcLogAppender.java:onCompleted(337)) - a8add95f-9482-4e6d-9ba6-8975b33532e8@group-58FB4A3DE172->3f9b5df4-bd86-4512-adfe-d4a46e1501cb-AppendLogResponseHandler: follower responses appendEntries COMPLETED
2020-12-04 06:03:12,773 [grpc-default-executor-5] INFO  impl.FollowerInfo (FollowerInfo.java:lambda$new$0(51)) - a8add95f-9482-4e6d-9ba6-8975b33532e8@group-58FB4A3DE172->3f9b5df4-bd86-4512-adfe-d4a46e1501cb: nextIndex: updateUnconditionally 3 -> 2
2020-12-04 06:03:12,773 [Listener at 127.0.0.1/45059] INFO  metrics.RatisMetrics (RatisMetrics.java:unregister(43)) - Unregistering Metrics Registry : ratis.log_appender.a8add95f-9482-4e6d-9ba6-8975b33532e8@group-58FB4A3DE172
2020-12-04 06:03:12,773 [Listener at 127.0.0.1/45059] INFO  metrics.RatisMetrics (RatisMetrics.java:unregister(43)) - Unregistering Metrics Registry : ratis.server.a8add95f-9482-4e6d-9ba6-8975b33532e8@group-58FB4A3DE172
2020-12-04 06:03:12,775 [a8add95f-9482-4e6d-9ba6-8975b33532e8@group-58FB4A3DE172-StateMachineUpdater] INFO  ratis.ContainerStateMachine (ContainerStateMachine.java:takeSnapshot(293)) - group-58FB4A3DE172: Taking a snapshot at:(t:2, i:2) file /github/workspace/mnt/ozone/hadoop-ozone/integration-test/target/test-dir/MiniOzoneClusterImpl-d0e62b51-0f1f-480e-8215-4f24b3183874/datanode-3/data/ratis/fc22b5ed-d321-449c-8c10-58fb4a3de172/sm/snapshot.2_2
2020-12-04 06:03:12,775 [Listener at 127.0.0.1/45059] INFO  impl.StateMachineUpdater (StateMachineUpdater.java:stopAndJoin(147)) - a8add95f-9482-4e6d-9ba6-8975b33532e8@group-58FB4A3DE172-StateMachineUpdater: set stopIndex = 2
2020-12-04 06:03:12,775 [a8add95f-9482-4e6d-9ba6-8975b33532e8@group-58FB4A3DE172-StateMachineUpdater] INFO  ratis.ContainerStateMachine (ContainerStateMachine.java:takeSnapshot(304)) - group-58FB4A3DE172: Finished taking a snapshot at:(t:2, i:2) file:/github/workspace/mnt/ozone/hadoop-ozone/integration-test/target/test-dir/MiniOzoneClusterImpl-d0e62b51-0f1f-480e-8215-4f24b3183874/datanode-3/data/ratis/fc22b5ed-d321-449c-8c10-58fb4a3de172/sm/snapshot.2_2 time:0
2020-12-04 06:03:12,776 [a8add95f-9482-4e6d-9ba6-8975b33532e8@group-58FB4A3DE172-StateMachineUpdater] INFO  impl.StateMachineUpdater (StateMachineUpdater.java:takeSnapshot(278)) - a8add95f-9482-4e6d-9ba6-8975b33532e8@group-58FB4A3DE172-StateMachineUpdater: Took a snapshot at index 2
2020-12-04 06:03:12,776 [a8add95f-9482-4e6d-9ba6-8975b33532e8@group-58FB4A3DE172-StateMachineUpdater] INFO  impl.StateMachineUpdater (StateMachineUpdater.java:lambda$new$0(87)) - a8add95f-9482-4e6d-9ba6-8975b33532e8@group-58FB4A3DE172-StateMachineUpdater: snapshotIndex: updateIncreasingly -1 -> 2
2020-12-04 06:03:12,776 [a8add95f-9482-4e6d-9ba6-8975b33532e8@group-58FB4A3DE172-StateMachineUpdater] INFO  metrics.RatisMetrics (RatisMetrics.java:unregister(43)) - Unregistering Metrics Registry : ratis.state_machine.a8add95f-9482-4e6d-9ba6-8975b33532e8@group-58FB4A3DE172
2020-12-04 06:03:12,776 [Listener at 127.0.0.1/45059] INFO  impl.RaftServerImpl (ServerState.java:close(406)) - a8add95f-9482-4e6d-9ba6-8975b33532e8@group-58FB4A3DE172: closes. applyIndex: 2
2020-12-04 06:03:12,776 [a8add95f-9482-4e6d-9ba6-8975b33532e8@group-58FB4A3DE172-SegmentedRaftLogWorker] INFO  segmented.SegmentedRaftLogWorker (SegmentedRaftLogWorker.java:run(329)) - a8add95f-9482-4e6d-9ba6-8975b33532e8@group-58FB4A3DE172-SegmentedRaftLogWorker was interrupted, exiting. There are 0 tasks remaining in the queue.
2020-12-04 06:03:12,777 [Listener at 127.0.0.1/45059] INFO  segmented.SegmentedRaftLogWorker (SegmentedRaftLogWorker.java:close(235)) - a8add95f-9482-4e6d-9ba6-8975b33532e8@group-58FB4A3DE172-SegmentedRaftLogWorker close()
2020-12-04 06:03:12,777 [Listener at 127.0.0.1/45059] INFO  metrics.RatisMetrics (RatisMetrics.java:unregister(43)) - Unregistering Metrics Registry : ratis.log_worker.a8add95f-9482-4e6d-9ba6-8975b33532e8@group-58FB4A3DE172
2020-12-04 06:03:12,777 [Listener at 127.0.0.1/45059] INFO  metrics.RatisMetrics (RatisMetrics.java:unregister(43)) - Unregistering Metrics Registry : ratis.leader_election.a8add95f-9482-4e6d-9ba6-8975b33532e8@group-58FB4A3DE172
2020-12-04 06:03:12,777 [Listener at 127.0.0.1/45059] INFO  metrics.RatisMetrics (RatisMetrics.java:unregister(43)) - Unregistering Metrics Registry : ratis.server.a8add95f-9482-4e6d-9ba6-8975b33532e8@group-58FB4A3DE172
2020-12-04 06:03:12,777 [Listener at 127.0.0.1/45059] INFO  server.GrpcService (GrpcService.java:closeImpl(184)) - a8add95f-9482-4e6d-9ba6-8975b33532e8: shutdown server with port 44261 now
2020-12-04 06:03:12,780 [grpc-default-executor-8] WARN  server.GrpcServerProtocolService (LogUtils.java:warn(122)) - a8add95f-9482-4e6d-9ba6-8975b33532e8: installSnapshot onError, lastRequest: 3f9b5df4-bd86-4512-adfe-d4a46e1501cb->a8add95f-9482-4e6d-9ba6-8975b33532e8#81-t2, previous=(t:2, i:21), leaderCommit=21, initializing? false, entries: size=1, first=(t:2, i:22), METADATAENTRY(c:21): org.apache.ratis.thirdparty.io.grpc.StatusRuntimeException: CANCELLED: cancelled before receiving half close
2020-12-04 06:03:12,780 [grpc-default-executor-1] WARN  server.GrpcLogAppender (LogUtils.java:warn(122)) - 3f9b5df4-bd86-4512-adfe-d4a46e1501cb@group-F138BF844AFC->a8add95f-9482-4e6d-9ba6-8975b33532e8-AppendLogResponseHandler: Failed appendEntries: org.apache.ratis.thirdparty.io.grpc.StatusRuntimeException: CANCELLED: HTTP/2 error code: CANCEL
Received Rst Stream
2020-12-04 06:03:12,780 [grpc-default-executor-1] INFO  impl.FollowerInfo (FollowerInfo.java:lambda$new$0(51)) - 3f9b5df4-bd86-4512-adfe-d4a46e1501cb@group-F138BF844AFC->a8add95f-9482-4e6d-9ba6-8975b33532e8: nextIndex: updateUnconditionally 23 -> 22
2020-12-04 06:03:12,782 [Listener at 127.0.0.1/45059] INFO  server.GrpcService (GrpcService.java:closeImpl(193)) - a8add95f-9482-4e6d-9ba6-8975b33532e8: shutdown server with port 44261 successfully
2020-12-04 06:03:12,783 [Listener at 127.0.0.1/45059] INFO  utils.BackgroundService (BackgroundService.java:shutdown(132)) - Shutting down service BlockDeletingService
2020-12-04 06:03:12,791 [grpc-default-executor-8] WARN  server.GrpcLogAppender (LogUtils.java:warn(122)) - 3f9b5df4-bd86-4512-adfe-d4a46e1501cb@group-F138BF844AFC->a8add95f-9482-4e6d-9ba6-8975b33532e8-AppendLogResponseHandler: Failed appendEntries: org.apache.ratis.thirdparty.io.grpc.StatusRuntimeException: UNAVAILABLE: io exception
2020-12-04 06:03:12,791 [grpc-default-executor-8] INFO  impl.FollowerInfo (FollowerInfo.java:lambda$new$0(51)) - 3f9b5df4-bd86-4512-adfe-d4a46e1501cb@group-F138BF844AFC->a8add95f-9482-4e6d-9ba6-8975b33532e8: nextIndex: updateUnconditionally 23 -> 22
2020-12-04 06:03:12,793 [Listener at 127.0.0.1/45059] INFO  statemachine.DatanodeStateMachine (DatanodeStateMachine.java:stopDaemon(461)) - Ozone container server stopped.
2020-12-04 06:03:12,803 [Listener at 127.0.0.1/45059] INFO  handler.ContextHandler (ContextHandler.java:doStop(1154)) - Stopped o.e.j.w.WebAppContext@5c9457f0{hddsDatanode,/,null,STOPPED}{jar:file:/home/user/.m2/repository/org/apache/hadoop/hadoop-hdds-container-service/1.1.0-SNAPSHOT/hadoop-hdds-container-service-1.1.0-SNAPSHOT.jar!/webapps/hddsDatanode}
2020-12-04 06:03:12,803 [Listener at 127.0.0.1/45059] INFO  server.AbstractConnector (AbstractConnector.java:doStop(381)) - Stopped ServerConnector@53708435{HTTP/1.1, (http/1.1)}{0.0.0.0:0}
2020-12-04 06:03:12,803 [Listener at 127.0.0.1/45059] INFO  server.session (HouseKeeper.java:stopScavenging(149)) - node0 Stopped scavenging
2020-12-04 06:03:12,804 [Listener at 127.0.0.1/45059] INFO  handler.ContextHandler (ContextHandler.java:doStop(1154)) - Stopped o.e.j.s.ServletContextHandler@7bcb1cb2{static,/static,jar:file:/home/user/.m2/repository/org/apache/hadoop/hadoop-hdds-container-service/1.1.0-SNAPSHOT/hadoop-hdds-container-service-1.1.0-SNAPSHOT.jar!/webapps/static,STOPPED}
2020-12-04 06:03:12,804 [Listener at 127.0.0.1/45059] INFO  handler.ContextHandler (ContextHandler.java:doStop(1154)) - Stopped o.e.j.s.ServletContextHandler@1d0c63{logs,/logs,file:///github/workspace/mnt/ozone/hadoop-ozone/integration-test/target/log,STOPPED}
2020-12-04 06:03:12,980 [grpc-default-executor-8] WARN  server.GrpcLogAppender (LogUtils.java:warn(122)) - 3f9b5df4-bd86-4512-adfe-d4a46e1501cb@group-F138BF844AFC->54498115-28c1-4381-b59e-fdf207a0d628-AppendLogResponseHandler: Failed appendEntries: org.apache.ratis.thirdparty.io.grpc.StatusRuntimeException: UNAVAILABLE: io exception
2020-12-04 06:03:12,981 [grpc-default-executor-8] WARN  server.GrpcLogAppender (GrpcLogAppender.java:resetClient(107)) - 3f9b5df4-bd86-4512-adfe-d4a46e1501cb@group-F138BF844AFC->54498115-28c1-4381-b59e-fdf207a0d628-GrpcLogAppender: Leader has not got in touch with Follower 3f9b5df4-bd86-4512-adfe-d4a46e1501cb@group-F138BF844AFC->54498115-28c1-4381-b59e-fdf207a0d628(c-1,m0,n23, attendVote=true, lastRpcSendTime=0, lastRpcResponseTime=8502) yet, just keep nextIndex unchanged and retry.
2020-12-04 06:03:13,485 [Datanode State Machine Thread - 0] INFO  statemachine.DatanodeStateMachine (DatanodeStateMachine.java:lambda$startDaemon$0(408)) - Ozone container server started.
2020-12-04 06:03:15,291 [grpc-default-executor-8] WARN  server.GrpcLogAppender (LogUtils.java:warn(122)) - 3f9b5df4-bd86-4512-adfe-d4a46e1501cb@group-F138BF844AFC->a8add95f-9482-4e6d-9ba6-8975b33532e8-AppendLogResponseHandler: Failed appendEntries: org.apache.ratis.thirdparty.io.grpc.StatusRuntimeException: UNAVAILABLE: io exception
2020-12-04 06:03:15,291 [grpc-default-executor-8] INFO  impl.FollowerInfo (FollowerInfo.java:lambda$new$0(51)) - 3f9b5df4-bd86-4512-adfe-d4a46e1501cb@group-F138BF844AFC->a8add95f-9482-4e6d-9ba6-8975b33532e8: nextIndex: updateUnconditionally 23 -> 22
2020-12-04 06:03:15,481 [grpc-default-executor-8] WARN  server.GrpcLogAppender (LogUtils.java:warn(122)) - 3f9b5df4-bd86-4512-adfe-d4a46e1501cb@group-F138BF844AFC->54498115-28c1-4381-b59e-fdf207a0d628-AppendLogResponseHandler: Failed appendEntries: org.apache.ratis.thirdparty.io.grpc.StatusRuntimeException: UNAVAILABLE: io exception
2020-12-04 06:03:15,482 [grpc-default-executor-8] WARN  server.GrpcLogAppender (GrpcLogAppender.java:resetClient(107)) - 3f9b5df4-bd86-4512-adfe-d4a46e1501cb@group-F138BF844AFC->54498115-28c1-4381-b59e-fdf207a0d628-GrpcLogAppender: Leader has not got in touch with Follower 3f9b5df4-bd86-4512-adfe-d4a46e1501cb@group-F138BF844AFC->54498115-28c1-4381-b59e-fdf207a0d628(c-1,m0,n23, attendVote=true, lastRpcSendTime=0, lastRpcResponseTime=11002) yet, just keep nextIndex unchanged and retry.
2020-12-04 06:03:17,055 [EventQueue-DeadNodeForDeadNodeHandler] INFO  node.DeadNodeHandler (DeadNodeHandler.java:onMessage(77)) - A dead datanode is detected. a43a40a6-1ac9-4df3-821c-5cd06fa3b4e5{ip: 172.17.0.2, host: 63638dc2095a, networkLocation: /default-rack, certSerialId: null, persistedOpState: IN_SERVICE, persistedOpStateExpiryEpochSec: 0}
2020-12-04 06:03:17,055 [EventQueue-DeadNodeForDeadNodeHandler] INFO  pipeline.SCMPipelineManager (SCMPipelineManager.java:finalizeAndDestroyPipeline(482)) - Destroying pipeline:Pipeline[ Id: 3c8fabcf-1241-4db2-af7b-3007c9d98bf3, Nodes: 5e97bab7-f049-4685-a9ad-e9f5ff9fc7c1{ip: 172.17.0.2, host: 63638dc2095a, networkLocation: /default-rack, certSerialId: null, persistedOpState: IN_SERVICE, persistedOpStateExpiryEpochSec: 0}5e885a77-8b3e-4dc5-b522-5cb06ff98b04{ip: 172.17.0.2, host: 63638dc2095a, networkLocation: /default-rack, certSerialId: null, persistedOpState: IN_SERVICE, persistedOpStateExpiryEpochSec: 0}a43a40a6-1ac9-4df3-821c-5cd06fa3b4e5{ip: 172.17.0.2, host: 63638dc2095a, networkLocation: /default-rack, certSerialId: null, persistedOpState: IN_SERVICE, persistedOpStateExpiryEpochSec: 0}, Type:RATIS, Factor:THREE, State:CLOSED, leaderId:, CreationTimestamp2020-12-04T06:02:59.028Z]
2020-12-04 06:03:17,055 [EventQueue-DeadNodeForDeadNodeHandler] INFO  pipeline.RatisPipelineProvider (RatisPipelineProvider.java:lambda$close$1(199)) - Send pipeline:PipelineID=3c8fabcf-1241-4db2-af7b-3007c9d98bf3 close command to datanode 5e97bab7-f049-4685-a9ad-e9f5ff9fc7c1
2020-12-04 06:03:17,055 [EventQueue-DeadNodeForDeadNodeHandler] INFO  pipeline.RatisPipelineProvider (RatisPipelineProvider.java:lambda$close$1(199)) - Send pipeline:PipelineID=3c8fabcf-1241-4db2-af7b-3007c9d98bf3 close command to datanode 5e885a77-8b3e-4dc5-b522-5cb06ff98b04
2020-12-04 06:03:17,056 [EventQueue-DeadNodeForDeadNodeHandler] INFO  pipeline.RatisPipelineProvider (RatisPipelineProvider.java:lambda$close$1(199)) - Send pipeline:PipelineID=3c8fabcf-1241-4db2-af7b-3007c9d98bf3 close command to datanode a43a40a6-1ac9-4df3-821c-5cd06fa3b4e5
2020-12-04 06:03:17,056 [EventQueue-DeadNodeForDeadNodeHandler] INFO  pipeline.PipelineStateManager (PipelineStateManager.java:removePipeline(106)) - Pipeline Pipeline[ Id: 3c8fabcf-1241-4db2-af7b-3007c9d98bf3, Nodes: 5e97bab7-f049-4685-a9ad-e9f5ff9fc7c1{ip: 172.17.0.2, host: 63638dc2095a, networkLocation: /default-rack, certSerialId: null, persistedOpState: IN_SERVICE, persistedOpStateExpiryEpochSec: 0}5e885a77-8b3e-4dc5-b522-5cb06ff98b04{ip: 172.17.0.2, host: 63638dc2095a, networkLocation: /default-rack, certSerialId: null, persistedOpState: IN_SERVICE, persistedOpStateExpiryEpochSec: 0}a43a40a6-1ac9-4df3-821c-5cd06fa3b4e5{ip: 172.17.0.2, host: 63638dc2095a, networkLocation: /default-rack, certSerialId: null, persistedOpState: IN_SERVICE, persistedOpStateExpiryEpochSec: 0}, Type:RATIS, Factor:THREE, State:CLOSED, leaderId:, CreationTimestamp2020-12-04T06:02:59.028Z] removed from db
2020-12-04 06:03:17,056 [EventQueue-DeadNodeForDeadNodeHandler] INFO  pipeline.SCMPipelineManager (SCMPipelineManager.java:finalizeAndDestroyPipeline(482)) - Destroying pipeline:Pipeline[ Id: 94df6390-0626-4fc6-a8ca-4d3e6f7eff8b, Nodes: a43a40a6-1ac9-4df3-821c-5cd06fa3b4e5{ip: 172.17.0.2, host: 63638dc2095a, networkLocation: /default-rack, certSerialId: null, persistedOpState: IN_SERVICE, persistedOpStateExpiryEpochSec: 0}, Type:RATIS, Factor:ONE, State:CLOSED, leaderId:a43a40a6-1ac9-4df3-821c-5cd06fa3b4e5, CreationTimestamp2020-12-04T06:02:30.738Z]
2020-12-04 06:03:17,056 [EventQueue-DeadNodeForDeadNodeHandler] INFO  pipeline.RatisPipelineProvider (RatisPipelineProvider.java:lambda$close$1(199)) - Send pipeline:PipelineID=94df6390-0626-4fc6-a8ca-4d3e6f7eff8b close command to datanode a43a40a6-1ac9-4df3-821c-5cd06fa3b4e5
2020-12-04 06:03:17,056 [EventQueue-DeadNodeForDeadNodeHandler] INFO  pipeline.PipelineStateManager (PipelineStateManager.java:removePipeline(106)) - Pipeline Pipeline[ Id: 94df6390-0626-4fc6-a8ca-4d3e6f7eff8b, Nodes: a43a40a6-1ac9-4df3-821c-5cd06fa3b4e5{ip: 172.17.0.2, host: 63638dc2095a, networkLocation: /default-rack, certSerialId: null, persistedOpState: IN_SERVICE, persistedOpStateExpiryEpochSec: 0}, Type:RATIS, Factor:ONE, State:CLOSED, leaderId:a43a40a6-1ac9-4df3-821c-5cd06fa3b4e5, CreationTimestamp2020-12-04T06:02:30.738Z] removed from db
2020-12-04 06:03:17,057 [EventQueue-DeadNodeForDeadNodeHandler] INFO  pipeline.SCMPipelineManager (SCMPipelineManager.java:finalizeAndDestroyPipeline(482)) - Destroying pipeline:Pipeline[ Id: d290a255-ec77-401c-905e-377e345dd21c, Nodes: 5e97bab7-f049-4685-a9ad-e9f5ff9fc7c1{ip: 172.17.0.2, host: 63638dc2095a, networkLocation: /default-rack, certSerialId: null, persistedOpState: IN_SERVICE, persistedOpStateExpiryEpochSec: 0}5e885a77-8b3e-4dc5-b522-5cb06ff98b04{ip: 172.17.0.2, host: 63638dc2095a, networkLocation: /default-rack, certSerialId: null, persistedOpState: IN_SERVICE, persistedOpStateExpiryEpochSec: 0}a43a40a6-1ac9-4df3-821c-5cd06fa3b4e5{ip: 172.17.0.2, host: 63638dc2095a, networkLocation: /default-rack, certSerialId: null, persistedOpState: IN_SERVICE, persistedOpStateExpiryEpochSec: 0}, Type:RATIS, Factor:THREE, State:CLOSED, leaderId:, CreationTimestamp2020-12-04T06:02:59.029Z]
2020-12-04 06:03:17,057 [EventQueue-DeadNodeForDeadNodeHandler] INFO  pipeline.RatisPipelineProvider (RatisPipelineProvider.java:lambda$close$1(199)) - Send pipeline:PipelineID=d290a255-ec77-401c-905e-377e345dd21c close command to datanode 5e97bab7-f049-4685-a9ad-e9f5ff9fc7c1
2020-12-04 06:03:17,057 [EventQueue-DeadNodeForDeadNodeHandler] INFO  pipeline.RatisPipelineProvider (RatisPipelineProvider.java:lambda$close$1(199)) - Send pipeline:PipelineID=d290a255-ec77-401c-905e-377e345dd21c close command to datanode 5e885a77-8b3e-4dc5-b522-5cb06ff98b04
2020-12-04 06:03:17,057 [EventQueue-DeadNodeForDeadNodeHandler] INFO  pipeline.RatisPipelineProvider (RatisPipelineProvider.java:lambda$close$1(199)) - Send pipeline:PipelineID=d290a255-ec77-401c-905e-377e345dd21c close command to datanode a43a40a6-1ac9-4df3-821c-5cd06fa3b4e5
2020-12-04 06:03:17,057 [EventQueue-DeadNodeForDeadNodeHandler] INFO  pipeline.PipelineStateManager (PipelineStateManager.java:removePipeline(106)) - Pipeline Pipeline[ Id: d290a255-ec77-401c-905e-377e345dd21c, Nodes: 5e97bab7-f049-4685-a9ad-e9f5ff9fc7c1{ip: 172.17.0.2, host: 63638dc2095a, networkLocation: /default-rack, certSerialId: null, persistedOpState: IN_SERVICE, persistedOpStateExpiryEpochSec: 0}5e885a77-8b3e-4dc5-b522-5cb06ff98b04{ip: 172.17.0.2, host: 63638dc2095a, networkLocation: /default-rack, certSerialId: null, persistedOpState: IN_SERVICE, persistedOpStateExpiryEpochSec: 0}a43a40a6-1ac9-4df3-821c-5cd06fa3b4e5{ip: 172.17.0.2, host: 63638dc2095a, networkLocation: /default-rack, certSerialId: null, persistedOpState: IN_SERVICE, persistedOpStateExpiryEpochSec: 0}, Type:RATIS, Factor:THREE, State:CLOSED, leaderId:, CreationTimestamp2020-12-04T06:02:59.029Z] removed from db
2020-12-04 06:03:17,058 [RatisPipelineUtilsThread] WARN  pipeline.PipelinePlacementPolicy (PipelinePlacementPolicy.java:filterViableNodes(139)) - Pipeline creation failed due to no sufficient healthy datanodes. Required 3. Found 2.
2020-12-04 06:03:17,555 [EventQueue-StaleNodeForStaleNodeHandler] INFO  node.StaleNodeHandler (StaleNodeHandler.java:onMessage(58)) - Datanode a8add95f-9482-4e6d-9ba6-8975b33532e8{ip: 172.17.0.2, host: 63638dc2095a, networkLocation: /default-rack, certSerialId: null, persistedOpState: IN_SERVICE, persistedOpStateExpiryEpochSec: 0} moved to stale state. Finalizing its pipelines [PipelineID=b72b0388-0d0b-4ea0-a621-3de58e84b988, PipelineID=f8d9c3ab-5226-4468-a24d-f138bf844afc, PipelineID=fc22b5ed-d321-449c-8c10-58fb4a3de172]
2020-12-04 06:03:17,555 [EventQueue-DeadNodeForDeadNodeHandler] INFO  node.DeadNodeHandler (DeadNodeHandler.java:onMessage(77)) - A dead datanode is detected. 54498115-28c1-4381-b59e-fdf207a0d628{ip: 172.17.0.2, host: 63638dc2095a, networkLocation: /default-rack, certSerialId: null, persistedOpState: IN_SERVICE, persistedOpStateExpiryEpochSec: 0}
2020-12-04 06:03:17,556 [EventQueue-StaleNodeForStaleNodeHandler] INFO  pipeline.SCMPipelineManager (SCMPipelineManager.java:finalizeAndDestroyPipeline(482)) - Destroying pipeline:Pipeline[ Id: b72b0388-0d0b-4ea0-a621-3de58e84b988, Nodes: a8add95f-9482-4e6d-9ba6-8975b33532e8{ip: 172.17.0.2, host: 63638dc2095a, networkLocation: /default-rack, certSerialId: null, persistedOpState: IN_SERVICE, persistedOpStateExpiryEpochSec: 0}, Type:RATIS, Factor:ONE, State:OPEN, leaderId:a8add95f-9482-4e6d-9ba6-8975b33532e8, CreationTimestamp2020-12-04T06:02:31.152Z]
2020-12-04 06:03:17,556 [EventQueue-DeadNodeForDeadNodeHandler] INFO  pipeline.SCMPipelineManager (SCMPipelineManager.java:finalizeAndDestroyPipeline(482)) - Destroying pipeline:Pipeline[ Id: f8d9c3ab-5226-4468-a24d-f138bf844afc, Nodes: a8add95f-9482-4e6d-9ba6-8975b33532e8{ip: 172.17.0.2, host: 63638dc2095a, networkLocation: /default-rack, certSerialId: null, persistedOpState: IN_SERVICE, persistedOpStateExpiryEpochSec: 0}54498115-28c1-4381-b59e-fdf207a0d628{ip: 172.17.0.2, host: 63638dc2095a, networkLocation: /default-rack, certSerialId: null, persistedOpState: IN_SERVICE, persistedOpStateExpiryEpochSec: 0}3f9b5df4-bd86-4512-adfe-d4a46e1501cb{ip: 172.17.0.2, host: 63638dc2095a, networkLocation: /default-rack, certSerialId: null, persistedOpState: IN_SERVICE, persistedOpStateExpiryEpochSec: 0}, Type:RATIS, Factor:THREE, State:CLOSED, leaderId:3f9b5df4-bd86-4512-adfe-d4a46e1501cb, CreationTimestamp2020-12-04T06:02:31.555Z]
2020-12-04 06:03:17,556 [EventQueue-StaleNodeForStaleNodeHandler] INFO  pipeline.PipelineStateManager (PipelineStateManager.java:finalizePipeline(121)) - Pipeline Pipeline[ Id: b72b0388-0d0b-4ea0-a621-3de58e84b988, Nodes: a8add95f-9482-4e6d-9ba6-8975b33532e8{ip: 172.17.0.2, host: 63638dc2095a, networkLocation: /default-rack, certSerialId: null, persistedOpState: IN_SERVICE, persistedOpStateExpiryEpochSec: 0}, Type:RATIS, Factor:ONE, State:CLOSED, leaderId:a8add95f-9482-4e6d-9ba6-8975b33532e8, CreationTimestamp2020-12-04T06:02:31.152Z] moved to CLOSED state
2020-12-04 06:03:17,557 [EventQueue-StaleNodeForStaleNodeHandler] INFO  pipeline.SCMPipelineManager (SCMPipelineManager.java:finalizeAndDestroyPipeline(482)) - Destroying pipeline:Pipeline[ Id: f8d9c3ab-5226-4468-a24d-f138bf844afc, Nodes: a8add95f-9482-4e6d-9ba6-8975b33532e8{ip: 172.17.0.2, host: 63638dc2095a, networkLocation: /default-rack, certSerialId: null, persistedOpState: IN_SERVICE, persistedOpStateExpiryEpochSec: 0}54498115-28c1-4381-b59e-fdf207a0d628{ip: 172.17.0.2, host: 63638dc2095a, networkLocation: /default-rack, certSerialId: null, persistedOpState: IN_SERVICE, persistedOpStateExpiryEpochSec: 0}3f9b5df4-bd86-4512-adfe-d4a46e1501cb{ip: 172.17.0.2, host: 63638dc2095a, networkLocation: /default-rack, certSerialId: null, persistedOpState: IN_SERVICE, persistedOpStateExpiryEpochSec: 0}, Type:RATIS, Factor:THREE, State:CLOSED, leaderId:3f9b5df4-bd86-4512-adfe-d4a46e1501cb, CreationTimestamp2020-12-04T06:02:31.555Z]
2020-12-04 06:03:17,557 [EventQueue-StaleNodeForStaleNodeHandler] INFO  pipeline.SCMPipelineManager (SCMPipelineManager.java:finalizeAndDestroyPipeline(482)) - Destroying pipeline:Pipeline[ Id: fc22b5ed-d321-449c-8c10-58fb4a3de172, Nodes: a8add95f-9482-4e6d-9ba6-8975b33532e8{ip: 172.17.0.2, host: 63638dc2095a, networkLocation: /default-rack, certSerialId: null, persistedOpState: IN_SERVICE, persistedOpStateExpiryEpochSec: 0}54498115-28c1-4381-b59e-fdf207a0d628{ip: 172.17.0.2, host: 63638dc2095a, networkLocation: /default-rack, certSerialId: null, persistedOpState: IN_SERVICE, persistedOpStateExpiryEpochSec: 0}3f9b5df4-bd86-4512-adfe-d4a46e1501cb{ip: 172.17.0.2, host: 63638dc2095a, networkLocation: /default-rack, certSerialId: null, persistedOpState: IN_SERVICE, persistedOpStateExpiryEpochSec: 0}, Type:RATIS, Factor:THREE, State:CLOSED, leaderId:54498115-28c1-4381-b59e-fdf207a0d628, CreationTimestamp2020-12-04T06:02:31.557Z]
2020-12-04 06:03:17,557 [EventQueue-DeadNodeForDeadNodeHandler] INFO  pipeline.RatisPipelineProvider (RatisPipelineProvider.java:lambda$close$1(199)) - Send pipeline:PipelineID=f8d9c3ab-5226-4468-a24d-f138bf844afc close command to datanode a8add95f-9482-4e6d-9ba6-8975b33532e8
2020-12-04 06:03:17,557 [EventQueue-DeadNodeForDeadNodeHandler] INFO  pipeline.RatisPipelineProvider (RatisPipelineProvider.java:lambda$close$1(199)) - Send pipeline:PipelineID=f8d9c3ab-5226-4468-a24d-f138bf844afc close command to datanode 54498115-28c1-4381-b59e-fdf207a0d628
2020-12-04 06:03:17,557 [EventQueue-DeadNodeForDeadNodeHandler] INFO  pipeline.RatisPipelineProvider (RatisPipelineProvider.java:lambda$close$1(199)) - Send pipeline:PipelineID=f8d9c3ab-5226-4468-a24d-f138bf844afc close command to datanode 3f9b5df4-bd86-4512-adfe-d4a46e1501cb
2020-12-04 06:03:17,557 [EventQueue-DeadNodeForDeadNodeHandler] INFO  pipeline.PipelineStateManager (PipelineStateManager.java:removePipeline(106)) - Pipeline Pipeline[ Id: f8d9c3ab-5226-4468-a24d-f138bf844afc, Nodes: a8add95f-9482-4e6d-9ba6-8975b33532e8{ip: 172.17.0.2, host: 63638dc2095a, networkLocation: /default-rack, certSerialId: null, persistedOpState: IN_SERVICE, persistedOpStateExpiryEpochSec: 0}54498115-28c1-4381-b59e-fdf207a0d628{ip: 172.17.0.2, host: 63638dc2095a, networkLocation: /default-rack, certSerialId: null, persistedOpState: IN_SERVICE, persistedOpStateExpiryEpochSec: 0}3f9b5df4-bd86-4512-adfe-d4a46e1501cb{ip: 172.17.0.2, host: 63638dc2095a, networkLocation: /default-rack, certSerialId: null, persistedOpState: IN_SERVICE, persistedOpStateExpiryEpochSec: 0}, Type:RATIS, Factor:THREE, State:CLOSED, leaderId:3f9b5df4-bd86-4512-adfe-d4a46e1501cb, CreationTimestamp2020-12-04T06:02:31.555Z] removed from db
2020-12-04 06:03:17,558 [EventQueue-DeadNodeForDeadNodeHandler] INFO  pipeline.SCMPipelineManager (SCMPipelineManager.java:finalizeAndDestroyPipeline(482)) - Destroying pipeline:Pipeline[ Id: fc22b5ed-d321-449c-8c10-58fb4a3de172, Nodes: a8add95f-9482-4e6d-9ba6-8975b33532e8{ip: 172.17.0.2, host: 63638dc2095a, networkLocation: /default-rack, certSerialId: null, persistedOpState: IN_SERVICE, persistedOpStateExpiryEpochSec: 0}54498115-28c1-4381-b59e-fdf207a0d628{ip: 172.17.0.2, host: 63638dc2095a, networkLocation: /default-rack, certSerialId: null, persistedOpState: IN_SERVICE, persistedOpStateExpiryEpochSec: 0}3f9b5df4-bd86-4512-adfe-d4a46e1501cb{ip: 172.17.0.2, host: 63638dc2095a, networkLocation: /default-rack, certSerialId: null, persistedOpState: IN_SERVICE, persistedOpStateExpiryEpochSec: 0}, Type:RATIS, Factor:THREE, State:CLOSED, leaderId:54498115-28c1-4381-b59e-fdf207a0d628, CreationTimestamp2020-12-04T06:02:31.557Z]
2020-12-04 06:03:17,558 [EventQueue-DeadNodeForDeadNodeHandler] INFO  pipeline.RatisPipelineProvider (RatisPipelineProvider.java:lambda$close$1(199)) - Send pipeline:PipelineID=fc22b5ed-d321-449c-8c10-58fb4a3de172 close command to datanode a8add95f-9482-4e6d-9ba6-8975b33532e8
2020-12-04 06:03:17,558 [EventQueue-DeadNodeForDeadNodeHandler] INFO  pipeline.RatisPipelineProvider (RatisPipelineProvider.java:lambda$close$1(199)) - Send pipeline:PipelineID=fc22b5ed-d321-449c-8c10-58fb4a3de172 close command to datanode 54498115-28c1-4381-b59e-fdf207a0d628
2020-12-04 06:03:17,558 [EventQueue-DeadNodeForDeadNodeHandler] INFO  pipeline.RatisPipelineProvider (RatisPipelineProvider.java:lambda$close$1(199)) - Send pipeline:PipelineID=fc22b5ed-d321-449c-8c10-58fb4a3de172 close command to datanode 3f9b5df4-bd86-4512-adfe-d4a46e1501cb
2020-12-04 06:03:17,559 [RatisPipelineUtilsThread] WARN  pipeline.PipelinePlacementPolicy (PipelinePlacementPolicy.java:filterViableNodes(139)) - Pipeline creation failed due to no sufficient healthy datanodes. Required 3. Found 1.
2020-12-04 06:03:17,559 [EventQueue-DeadNodeForDeadNodeHandler] INFO  pipeline.PipelineStateManager (PipelineStateManager.java:removePipeline(106)) - Pipeline Pipeline[ Id: fc22b5ed-d321-449c-8c10-58fb4a3de172, Nodes: a8add95f-9482-4e6d-9ba6-8975b33532e8{ip: 172.17.0.2, host: 63638dc2095a, networkLocation: /default-rack, certSerialId: null, persistedOpState: IN_SERVICE, persistedOpStateExpiryEpochSec: 0}54498115-28c1-4381-b59e-fdf207a0d628{ip: 172.17.0.2, host: 63638dc2095a, networkLocation: /default-rack, certSerialId: null, persistedOpState: IN_SERVICE, persistedOpStateExpiryEpochSec: 0}3f9b5df4-bd86-4512-adfe-d4a46e1501cb{ip: 172.17.0.2, host: 63638dc2095a, networkLocation: /default-rack, certSerialId: null, persistedOpState: IN_SERVICE, persistedOpStateExpiryEpochSec: 0}, Type:RATIS, Factor:THREE, State:CLOSED, leaderId:54498115-28c1-4381-b59e-fdf207a0d628, CreationTimestamp2020-12-04T06:02:31.557Z] removed from db
2020-12-04 06:03:17,559 [RatisPipelineUtilsThread] WARN  pipeline.PipelinePlacementPolicy (PipelinePlacementPolicy.java:filterViableNodes(139)) - Pipeline creation failed due to no sufficient healthy datanodes. Required 3. Found 1.
2020-12-04 06:03:17,559 [EventQueue-DeadNodeForDeadNodeHandler] INFO  pipeline.SCMPipelineManager (SCMPipelineManager.java:finalizeAndDestroyPipeline(482)) - Destroying pipeline:Pipeline[ Id: 2d1913a1-feb5-48b6-b1ae-aa6ea5d43c51, Nodes: 54498115-28c1-4381-b59e-fdf207a0d628{ip: 172.17.0.2, host: 63638dc2095a, networkLocation: /default-rack, certSerialId: null, persistedOpState: IN_SERVICE, persistedOpStateExpiryEpochSec: 0}, Type:RATIS, Factor:ONE, State:CLOSED, leaderId:54498115-28c1-4381-b59e-fdf207a0d628, CreationTimestamp2020-12-04T06:02:31.352Z]
2020-12-04 06:03:17,560 [EventQueue-DeadNodeForDeadNodeHandler] INFO  pipeline.RatisPipelineProvider (RatisPipelineProvider.java:lambda$close$1(199)) - Send pipeline:PipelineID=2d1913a1-feb5-48b6-b1ae-aa6ea5d43c51 close command to datanode 54498115-28c1-4381-b59e-fdf207a0d628
2020-12-04 06:03:17,560 [EventQueue-DeadNodeForDeadNodeHandler] INFO  pipeline.PipelineStateManager (PipelineStateManager.java:removePipeline(106)) - Pipeline Pipeline[ Id: 2d1913a1-feb5-48b6-b1ae-aa6ea5d43c51, Nodes: 54498115-28c1-4381-b59e-fdf207a0d628{ip: 172.17.0.2, host: 63638dc2095a, networkLocation: /default-rack, certSerialId: null, persistedOpState: IN_SERVICE, persistedOpStateExpiryEpochSec: 0}, Type:RATIS, Factor:ONE, State:CLOSED, leaderId:54498115-28c1-4381-b59e-fdf207a0d628, CreationTimestamp2020-12-04T06:02:31.352Z] removed from db
2020-12-04 06:03:17,560 [RatisPipelineUtilsThread] WARN  pipeline.PipelinePlacementPolicy (PipelinePlacementPolicy.java:filterViableNodes(139)) - Pipeline creation failed due to no sufficient healthy datanodes. Required 3. Found 1.
2020-12-04 06:03:17,791 [grpc-default-executor-8] WARN  server.GrpcLogAppender (LogUtils.java:warn(122)) - 3f9b5df4-bd86-4512-adfe-d4a46e1501cb@group-F138BF844AFC->a8add95f-9482-4e6d-9ba6-8975b33532e8-AppendLogResponseHandler: Failed appendEntries: org.apache.ratis.thirdparty.io.grpc.StatusRuntimeException: UNAVAILABLE: io exception
2020-12-04 06:03:17,792 [grpc-default-executor-8] INFO  impl.FollowerInfo (FollowerInfo.java:lambda$new$0(51)) - 3f9b5df4-bd86-4512-adfe-d4a46e1501cb@group-F138BF844AFC->a8add95f-9482-4e6d-9ba6-8975b33532e8: nextIndex: updateUnconditionally 23 -> 22
2020-12-04 06:03:17,807 [Listener at 127.0.0.1/45059] INFO  ozoneimpl.OzoneContainer (OzoneContainer.java:stop(257)) - Attempting to stop container services.
2020-12-04 06:03:17,807 [Listener at 127.0.0.1/45059] INFO  impl.RaftServerProxy (RaftServerProxy.java:lambda$close$4(338)) - 3f9b5df4-bd86-4512-adfe-d4a46e1501cb: close
2020-12-04 06:03:17,808 [Listener at 127.0.0.1/45059] INFO  impl.RaftServerImpl (RaftServerImpl.java:lambda$shutdown$3(328)) - 3f9b5df4-bd86-4512-adfe-d4a46e1501cb@group-F138BF844AFC: shutdown
2020-12-04 06:03:17,808 [Listener at 127.0.0.1/45059] INFO  util.JmxRegister (JmxRegister.java:unregister(73)) - Successfully un-registered JMX Bean with object name Ratis:service=RaftServer,group=group-F138BF844AFC,id=3f9b5df4-bd86-4512-adfe-d4a46e1501cb
2020-12-04 06:03:17,808 [Listener at 127.0.0.1/45059] INFO  impl.RoleInfo (RoleInfo.java:shutdownLeaderState(104)) - 3f9b5df4-bd86-4512-adfe-d4a46e1501cb: shutdown 3f9b5df4-bd86-4512-adfe-d4a46e1501cb@group-F138BF844AFC-LeaderState
2020-12-04 06:03:17,808 [Listener at 127.0.0.1/45059] INFO  metrics.RatisMetrics (RatisMetrics.java:unregister(43)) - Unregistering Metrics Registry : ratis_grpc.log_appender.3f9b5df4-bd86-4512-adfe-d4a46e1501cb@group-F138BF844AFC
2020-12-04 06:03:17,808 [Listener at 127.0.0.1/45059] INFO  metrics.RatisMetrics (RatisMetrics.java:unregister(43)) - Unregistering Metrics Registry : ratis_grpc.log_appender.3f9b5df4-bd86-4512-adfe-d4a46e1501cb@group-F138BF844AFC
2020-12-04 06:03:17,808 [org.apache.ratis.server.impl.LogAppender$AppenderDaemon$$Lambda$477/237548453@6a522694] WARN  server.GrpcLogAppender (GrpcLogAppender.java:mayWait(168)) - 3f9b5df4-bd86-4512-adfe-d4a46e1501cb@group-F138BF844AFC->a8add95f-9482-4e6d-9ba6-8975b33532e8-GrpcLogAppender: Wait interrupted by java.lang.InterruptedException
2020-12-04 06:03:17,809 [org.apache.ratis.server.impl.LogAppender$AppenderDaemon$$Lambda$477/237548453@6596f612] WARN  server.GrpcLogAppender (GrpcLogAppender.java:mayWait(168)) - 3f9b5df4-bd86-4512-adfe-d4a46e1501cb@group-F138BF844AFC->54498115-28c1-4381-b59e-fdf207a0d628-GrpcLogAppender: Wait interrupted by java.lang.InterruptedException
2020-12-04 06:03:17,809 [Listener at 127.0.0.1/45059] INFO  impl.PendingRequests (PendingRequests.java:sendNotLeaderResponses(250)) - 3f9b5df4-bd86-4512-adfe-d4a46e1501cb@group-F138BF844AFC-PendingRequests: sendNotLeaderResponses
2020-12-04 06:03:17,813 [Listener at 127.0.0.1/45059] INFO  metrics.RatisMetrics (RatisMetrics.java:unregister(43)) - Unregistering Metrics Registry : ratis.log_appender.3f9b5df4-bd86-4512-adfe-d4a46e1501cb@group-F138BF844AFC
2020-12-04 06:03:17,814 [Listener at 127.0.0.1/45059] INFO  metrics.RatisMetrics (RatisMetrics.java:unregister(43)) - Unregistering Metrics Registry : ratis.server.3f9b5df4-bd86-4512-adfe-d4a46e1501cb@group-F138BF844AFC
2020-12-04 06:03:17,815 [Listener at 127.0.0.1/45059] INFO  impl.StateMachineUpdater (StateMachineUpdater.java:stopAndJoin(147)) - 3f9b5df4-bd86-4512-adfe-d4a46e1501cb@group-F138BF844AFC-StateMachineUpdater: set stopIndex = 22
2020-12-04 06:03:17,815 [3f9b5df4-bd86-4512-adfe-d4a46e1501cb@group-F138BF844AFC-StateMachineUpdater] INFO  ratis.ContainerStateMachine (ContainerStateMachine.java:takeSnapshot(293)) - group-F138BF844AFC: Taking a snapshot at:(t:2, i:22) file /github/workspace/mnt/ozone/hadoop-ozone/integration-test/target/test-dir/MiniOzoneClusterImpl-d0e62b51-0f1f-480e-8215-4f24b3183874/datanode-5/data/ratis/f8d9c3ab-5226-4468-a24d-f138bf844afc/sm/snapshot.2_22
2020-12-04 06:03:17,816 [3f9b5df4-bd86-4512-adfe-d4a46e1501cb@group-F138BF844AFC-StateMachineUpdater] INFO  ratis.ContainerStateMachine (ContainerStateMachine.java:takeSnapshot(304)) - group-F138BF844AFC: Finished taking a snapshot at:(t:2, i:22) file:/github/workspace/mnt/ozone/hadoop-ozone/integration-test/target/test-dir/MiniOzoneClusterImpl-d0e62b51-0f1f-480e-8215-4f24b3183874/datanode-5/data/ratis/f8d9c3ab-5226-4468-a24d-f138bf844afc/sm/snapshot.2_22 time:1
2020-12-04 06:03:17,816 [3f9b5df4-bd86-4512-adfe-d4a46e1501cb@group-F138BF844AFC-StateMachineUpdater] INFO  impl.StateMachineUpdater (StateMachineUpdater.java:takeSnapshot(278)) - 3f9b5df4-bd86-4512-adfe-d4a46e1501cb@group-F138BF844AFC-StateMachineUpdater: Took a snapshot at index 22
2020-12-04 06:03:17,816 [3f9b5df4-bd86-4512-adfe-d4a46e1501cb@group-F138BF844AFC-StateMachineUpdater] INFO  impl.StateMachineUpdater (StateMachineUpdater.java:lambda$new$0(87)) - 3f9b5df4-bd86-4512-adfe-d4a46e1501cb@group-F138BF844AFC-StateMachineUpdater: snapshotIndex: updateIncreasingly -1 -> 22
2020-12-04 06:03:17,817 [3f9b5df4-bd86-4512-adfe-d4a46e1501cb@group-F138BF844AFC-StateMachineUpdater] INFO  metrics.RatisMetrics (RatisMetrics.java:unregister(43)) - Unregistering Metrics Registry : ratis.state_machine.3f9b5df4-bd86-4512-adfe-d4a46e1501cb@group-F138BF844AFC
2020-12-04 06:03:17,817 [Listener at 127.0.0.1/45059] INFO  impl.RaftServerImpl (ServerState.java:close(406)) - 3f9b5df4-bd86-4512-adfe-d4a46e1501cb@group-F138BF844AFC: closes. applyIndex: 22
2020-12-04 06:03:17,817 [3f9b5df4-bd86-4512-adfe-d4a46e1501cb@group-F138BF844AFC-SegmentedRaftLogWorker] INFO  segmented.SegmentedRaftLogWorker (SegmentedRaftLogWorker.java:run(329)) - 3f9b5df4-bd86-4512-adfe-d4a46e1501cb@group-F138BF844AFC-SegmentedRaftLogWorker was interrupted, exiting. There are 0 tasks remaining in the queue.
2020-12-04 06:03:17,818 [Listener at 127.0.0.1/45059] INFO  segmented.SegmentedRaftLogWorker (SegmentedRaftLogWorker.java:close(235)) - 3f9b5df4-bd86-4512-adfe-d4a46e1501cb@group-F138BF844AFC-SegmentedRaftLogWorker close()
2020-12-04 06:03:17,818 [Listener at 127.0.0.1/45059] INFO  metrics.RatisMetrics (RatisMetrics.java:unregister(43)) - Unregistering Metrics Registry : ratis.log_worker.3f9b5df4-bd86-4512-adfe-d4a46e1501cb@group-F138BF844AFC
2020-12-04 06:03:17,818 [Listener at 127.0.0.1/45059] INFO  metrics.RatisMetrics (RatisMetrics.java:unregister(43)) - Unregistering Metrics Registry : ratis.leader_election.3f9b5df4-bd86-4512-adfe-d4a46e1501cb@group-F138BF844AFC
2020-12-04 06:03:17,819 [Listener at 127.0.0.1/45059] INFO  metrics.RatisMetrics (RatisMetrics.java:unregister(43)) - Unregistering Metrics Registry : ratis.server.3f9b5df4-bd86-4512-adfe-d4a46e1501cb@group-F138BF844AFC
2020-12-04 06:03:17,819 [Listener at 127.0.0.1/45059] INFO  impl.RaftServerImpl (RaftServerImpl.java:lambda$shutdown$3(328)) - 3f9b5df4-bd86-4512-adfe-d4a46e1501cb@group-3774A1AC7F46: shutdown
2020-12-04 06:03:17,819 [Listener at 127.0.0.1/45059] INFO  util.JmxRegister (JmxRegister.java:unregister(73)) - Successfully un-registered JMX Bean with object name Ratis:service=RaftServer,group=group-3774A1AC7F46,id=3f9b5df4-bd86-4512-adfe-d4a46e1501cb
2020-12-04 06:03:17,819 [Listener at 127.0.0.1/45059] INFO  impl.RoleInfo (RoleInfo.java:shutdownLeaderState(104)) - 3f9b5df4-bd86-4512-adfe-d4a46e1501cb: shutdown 3f9b5df4-bd86-4512-adfe-d4a46e1501cb@group-3774A1AC7F46-LeaderState
2020-12-04 06:03:17,819 [Listener at 127.0.0.1/45059] INFO  impl.PendingRequests (PendingRequests.java:sendNotLeaderResponses(250)) - 3f9b5df4-bd86-4512-adfe-d4a46e1501cb@group-3774A1AC7F46-PendingRequests: sendNotLeaderResponses
2020-12-04 06:03:17,819 [Listener at 127.0.0.1/45059] INFO  metrics.RatisMetrics (RatisMetrics.java:unregister(43)) - Unregistering Metrics Registry : ratis.log_appender.3f9b5df4-bd86-4512-adfe-d4a46e1501cb@group-3774A1AC7F46
2020-12-04 06:03:17,819 [Listener at 127.0.0.1/45059] INFO  metrics.RatisMetrics (RatisMetrics.java:unregister(43)) - Unregistering Metrics Registry : ratis.server.3f9b5df4-bd86-4512-adfe-d4a46e1501cb@group-3774A1AC7F46
2020-12-04 06:03:17,820 [Listener at 127.0.0.1/45059] INFO  impl.StateMachineUpdater (StateMachineUpdater.java:stopAndJoin(147)) - 3f9b5df4-bd86-4512-adfe-d4a46e1501cb@group-3774A1AC7F46-StateMachineUpdater: set stopIndex = 0
2020-12-04 06:03:17,821 [3f9b5df4-bd86-4512-adfe-d4a46e1501cb@group-3774A1AC7F46-StateMachineUpdater] INFO  ratis.ContainerStateMachine (ContainerStateMachine.java:takeSnapshot(293)) - group-3774A1AC7F46: Taking a snapshot at:(t:1, i:0) file /github/workspace/mnt/ozone/hadoop-ozone/integration-test/target/test-dir/MiniOzoneClusterImpl-d0e62b51-0f1f-480e-8215-4f24b3183874/datanode-5/data/ratis/55d23c07-bcca-4c2a-a489-3774a1ac7f46/sm/snapshot.1_0
2020-12-04 06:03:17,821 [3f9b5df4-bd86-4512-adfe-d4a46e1501cb@group-3774A1AC7F46-StateMachineUpdater] INFO  ratis.ContainerStateMachine (ContainerStateMachine.java:takeSnapshot(304)) - group-3774A1AC7F46: Finished taking a snapshot at:(t:1, i:0) file:/github/workspace/mnt/ozone/hadoop-ozone/integration-test/target/test-dir/MiniOzoneClusterImpl-d0e62b51-0f1f-480e-8215-4f24b3183874/datanode-5/data/ratis/55d23c07-bcca-4c2a-a489-3774a1ac7f46/sm/snapshot.1_0 time:1
2020-12-04 06:03:17,821 [3f9b5df4-bd86-4512-adfe-d4a46e1501cb@group-3774A1AC7F46-StateMachineUpdater] INFO  impl.StateMachineUpdater (StateMachineUpdater.java:takeSnapshot(278)) - 3f9b5df4-bd86-4512-adfe-d4a46e1501cb@group-3774A1AC7F46-StateMachineUpdater: Took a snapshot at index 0
2020-12-04 06:03:17,821 [3f9b5df4-bd86-4512-adfe-d4a46e1501cb@group-3774A1AC7F46-StateMachineUpdater] INFO  impl.StateMachineUpdater (StateMachineUpdater.java:lambda$new$0(87)) - 3f9b5df4-bd86-4512-adfe-d4a46e1501cb@group-3774A1AC7F46-StateMachineUpdater: snapshotIndex: updateIncreasingly -1 -> 0
2020-12-04 06:03:17,822 [3f9b5df4-bd86-4512-adfe-d4a46e1501cb@group-3774A1AC7F46-StateMachineUpdater] INFO  metrics.RatisMetrics (RatisMetrics.java:unregister(43)) - Unregistering Metrics Registry : ratis.state_machine.3f9b5df4-bd86-4512-adfe-d4a46e1501cb@group-3774A1AC7F46
2020-12-04 06:03:17,822 [Listener at 127.0.0.1/45059] INFO  impl.RaftServerImpl (ServerState.java:close(406)) - 3f9b5df4-bd86-4512-adfe-d4a46e1501cb@group-3774A1AC7F46: closes. applyIndex: 0
2020-12-04 06:03:17,822 [3f9b5df4-bd86-4512-adfe-d4a46e1501cb@group-3774A1AC7F46-SegmentedRaftLogWorker] INFO  segmented.SegmentedRaftLogWorker (SegmentedRaftLogWorker.java:run(329)) - 3f9b5df4-bd86-4512-adfe-d4a46e1501cb@group-3774A1AC7F46-SegmentedRaftLogWorker was interrupted, exiting. There are 0 tasks remaining in the queue.
2020-12-04 06:03:17,822 [Listener at 127.0.0.1/45059] INFO  segmented.SegmentedRaftLogWorker (SegmentedRaftLogWorker.java:close(235)) - 3f9b5df4-bd86-4512-adfe-d4a46e1501cb@group-3774A1AC7F46-SegmentedRaftLogWorker close()
2020-12-04 06:03:17,822 [Listener at 127.0.0.1/45059] INFO  metrics.RatisMetrics (RatisMetrics.java:unregister(43)) - Unregistering Metrics Registry : ratis.log_worker.3f9b5df4-bd86-4512-adfe-d4a46e1501cb@group-3774A1AC7F46
2020-12-04 06:03:17,822 [Listener at 127.0.0.1/45059] INFO  metrics.RatisMetrics (RatisMetrics.java:unregister(43)) - Unregistering Metrics Registry : ratis.leader_election.3f9b5df4-bd86-4512-adfe-d4a46e1501cb@group-3774A1AC7F46
2020-12-04 06:03:17,823 [Listener at 127.0.0.1/45059] INFO  metrics.RatisMetrics (RatisMetrics.java:unregister(43)) - Unregistering Metrics Registry : ratis.server.3f9b5df4-bd86-4512-adfe-d4a46e1501cb@group-3774A1AC7F46
2020-12-04 06:03:17,823 [Listener at 127.0.0.1/45059] INFO  impl.RaftServerImpl (RaftServerImpl.java:lambda$shutdown$3(328)) - 3f9b5df4-bd86-4512-adfe-d4a46e1501cb@group-58FB4A3DE172: shutdown
2020-12-04 06:03:17,823 [Listener at 127.0.0.1/45059] INFO  util.JmxRegister (JmxRegister.java:unregister(73)) - Successfully un-registered JMX Bean with object name Ratis:service=RaftServer,group=group-58FB4A3DE172,id=3f9b5df4-bd86-4512-adfe-d4a46e1501cb
2020-12-04 06:03:17,823 [Listener at 127.0.0.1/45059] INFO  impl.RoleInfo (RoleInfo.java:shutdownFollowerState(121)) - 3f9b5df4-bd86-4512-adfe-d4a46e1501cb: shutdown 3f9b5df4-bd86-4512-adfe-d4a46e1501cb@group-58FB4A3DE172-FollowerState
2020-12-04 06:03:17,823 [Thread-2869] INFO  impl.FollowerState (FollowerState.java:run(137)) - 3f9b5df4-bd86-4512-adfe-d4a46e1501cb@group-58FB4A3DE172-FollowerState was interrupted: {}
java.lang.InterruptedException: sleep interrupted
	at java.lang.Thread.sleep(Native Method)
	at org.apache.ratis.util.JavaUtils.sleep(JavaUtils.java:250)
	at org.apache.ratis.server.impl.FollowerState.run(FollowerState.java:116)
2020-12-04 06:03:17,824 [3f9b5df4-bd86-4512-adfe-d4a46e1501cb@group-58FB4A3DE172-StateMachineUpdater] INFO  ratis.ContainerStateMachine (ContainerStateMachine.java:takeSnapshot(293)) - group-58FB4A3DE172: Taking a snapshot at:(t:2, i:2) file /github/workspace/mnt/ozone/hadoop-ozone/integration-test/target/test-dir/MiniOzoneClusterImpl-d0e62b51-0f1f-480e-8215-4f24b3183874/datanode-5/data/ratis/fc22b5ed-d321-449c-8c10-58fb4a3de172/sm/snapshot.2_2
2020-12-04 06:03:17,824 [Listener at 127.0.0.1/45059] INFO  impl.StateMachineUpdater (StateMachineUpdater.java:stopAndJoin(147)) - 3f9b5df4-bd86-4512-adfe-d4a46e1501cb@group-58FB4A3DE172-StateMachineUpdater: set stopIndex = 2
2020-12-04 06:03:17,824 [3f9b5df4-bd86-4512-adfe-d4a46e1501cb@group-58FB4A3DE172-StateMachineUpdater] INFO  ratis.ContainerStateMachine (ContainerStateMachine.java:takeSnapshot(304)) - group-58FB4A3DE172: Finished taking a snapshot at:(t:2, i:2) file:/github/workspace/mnt/ozone/hadoop-ozone/integration-test/target/test-dir/MiniOzoneClusterImpl-d0e62b51-0f1f-480e-8215-4f24b3183874/datanode-5/data/ratis/fc22b5ed-d321-449c-8c10-58fb4a3de172/sm/snapshot.2_2 time:1
2020-12-04 06:03:17,824 [3f9b5df4-bd86-4512-adfe-d4a46e1501cb@group-58FB4A3DE172-StateMachineUpdater] INFO  impl.StateMachineUpdater (StateMachineUpdater.java:takeSnapshot(278)) - 3f9b5df4-bd86-4512-adfe-d4a46e1501cb@group-58FB4A3DE172-StateMachineUpdater: Took a snapshot at index 2
2020-12-04 06:03:17,824 [3f9b5df4-bd86-4512-adfe-d4a46e1501cb@group-58FB4A3DE172-StateMachineUpdater] INFO  impl.StateMachineUpdater (StateMachineUpdater.java:lambda$new$0(87)) - 3f9b5df4-bd86-4512-adfe-d4a46e1501cb@group-58FB4A3DE172-StateMachineUpdater: snapshotIndex: updateIncreasingly -1 -> 2
2020-12-04 06:03:17,824 [3f9b5df4-bd86-4512-adfe-d4a46e1501cb@group-58FB4A3DE172-StateMachineUpdater] INFO  metrics.RatisMetrics (RatisMetrics.java:unregister(43)) - Unregistering Metrics Registry : ratis.state_machine.3f9b5df4-bd86-4512-adfe-d4a46e1501cb@group-58FB4A3DE172
2020-12-04 06:03:17,825 [Listener at 127.0.0.1/45059] INFO  impl.RaftServerImpl (ServerState.java:close(406)) - 3f9b5df4-bd86-4512-adfe-d4a46e1501cb@group-58FB4A3DE172: closes. applyIndex: 2
2020-12-04 06:03:17,825 [3f9b5df4-bd86-4512-adfe-d4a46e1501cb@group-58FB4A3DE172-SegmentedRaftLogWorker] INFO  segmented.SegmentedRaftLogWorker (SegmentedRaftLogWorker.java:run(329)) - 3f9b5df4-bd86-4512-adfe-d4a46e1501cb@group-58FB4A3DE172-SegmentedRaftLogWorker was interrupted, exiting. There are 0 tasks remaining in the queue.
2020-12-04 06:03:17,825 [Listener at 127.0.0.1/45059] INFO  segmented.SegmentedRaftLogWorker (SegmentedRaftLogWorker.java:close(235)) - 3f9b5df4-bd86-4512-adfe-d4a46e1501cb@group-58FB4A3DE172-SegmentedRaftLogWorker close()
2020-12-04 06:03:17,826 [Listener at 127.0.0.1/45059] INFO  metrics.RatisMetrics (RatisMetrics.java:unregister(43)) - Unregistering Metrics Registry : ratis.log_worker.3f9b5df4-bd86-4512-adfe-d4a46e1501cb@group-58FB4A3DE172
2020-12-04 06:03:17,826 [Listener at 127.0.0.1/45059] INFO  metrics.RatisMetrics (RatisMetrics.java:unregister(43)) - Unregistering Metrics Registry : ratis.leader_election.3f9b5df4-bd86-4512-adfe-d4a46e1501cb@group-58FB4A3DE172
2020-12-04 06:03:17,826 [Listener at 127.0.0.1/45059] INFO  metrics.RatisMetrics (RatisMetrics.java:unregister(43)) - Unregistering Metrics Registry : ratis.server.3f9b5df4-bd86-4512-adfe-d4a46e1501cb@group-58FB4A3DE172
2020-12-04 06:03:17,826 [Listener at 127.0.0.1/45059] INFO  server.GrpcService (GrpcService.java:closeImpl(184)) - 3f9b5df4-bd86-4512-adfe-d4a46e1501cb: shutdown server with port 39957 now
2020-12-04 06:03:17,828 [Listener at 127.0.0.1/45059] INFO  server.GrpcService (GrpcService.java:closeImpl(193)) - 3f9b5df4-bd86-4512-adfe-d4a46e1501cb: shutdown server with port 39957 successfully
2020-12-04 06:03:17,829 [Listener at 127.0.0.1/45059] INFO  utils.BackgroundService (BackgroundService.java:shutdown(132)) - Shutting down service BlockDeletingService
2020-12-04 06:03:17,831 [Listener at 127.0.0.1/45059] INFO  statemachine.DatanodeStateMachine (DatanodeStateMachine.java:stopDaemon(461)) - Ozone container server stopped.
2020-12-04 06:03:17,840 [Listener at 127.0.0.1/45059] INFO  handler.ContextHandler (ContextHandler.java:doStop(1154)) - Stopped o.e.j.w.WebAppContext@1d775bff{hddsDatanode,/,null,STOPPED}{jar:file:/home/user/.m2/repository/org/apache/hadoop/hadoop-hdds-container-service/1.1.0-SNAPSHOT/hadoop-hdds-container-service-1.1.0-SNAPSHOT.jar!/webapps/hddsDatanode}
2020-12-04 06:03:17,840 [Listener at 127.0.0.1/45059] INFO  server.AbstractConnector (AbstractConnector.java:doStop(381)) - Stopped ServerConnector@7fdc3468{HTTP/1.1, (http/1.1)}{0.0.0.0:0}
2020-12-04 06:03:17,840 [Listener at 127.0.0.1/45059] INFO  server.session (HouseKeeper.java:stopScavenging(149)) - node0 Stopped scavenging
2020-12-04 06:03:17,840 [Listener at 127.0.0.1/45059] INFO  handler.ContextHandler (ContextHandler.java:doStop(1154)) - Stopped o.e.j.s.ServletContextHandler@603f2b82{static,/static,jar:file:/home/user/.m2/repository/org/apache/hadoop/hadoop-hdds-container-service/1.1.0-SNAPSHOT/hadoop-hdds-container-service-1.1.0-SNAPSHOT.jar!/webapps/static,STOPPED}
2020-12-04 06:03:17,841 [Listener at 127.0.0.1/45059] INFO  handler.ContextHandler (ContextHandler.java:doStop(1154)) - Stopped o.e.j.s.ServletContextHandler@3db9dc5c{logs,/logs,file:///github/workspace/mnt/ozone/hadoop-ozone/integration-test/target/log,STOPPED}
2020-12-04 06:03:22,263 [EventQueue-DeadNodeForDeadNodeHandler] INFO  node.DeadNodeHandler (DeadNodeHandler.java:onMessage(77)) - A dead datanode is detected. 5e97bab7-f049-4685-a9ad-e9f5ff9fc7c1{ip: 172.17.0.2, host: 63638dc2095a, networkLocation: /default-rack, certSerialId: null, persistedOpState: IN_SERVICE, persistedOpStateExpiryEpochSec: 0}
2020-12-04 06:03:22,263 [EventQueue-DeadNodeForDeadNodeHandler] INFO  pipeline.SCMPipelineManager (SCMPipelineManager.java:finalizeAndDestroyPipeline(482)) - Destroying pipeline:Pipeline[ Id: 9516a70f-611a-44b0-a7e3-80fa38fc4c8a, Nodes: 5e97bab7-f049-4685-a9ad-e9f5ff9fc7c1{ip: 172.17.0.2, host: 63638dc2095a, networkLocation: /default-rack, certSerialId: null, persistedOpState: IN_SERVICE, persistedOpStateExpiryEpochSec: 0}, Type:RATIS, Factor:ONE, State:CLOSED, leaderId:5e97bab7-f049-4685-a9ad-e9f5ff9fc7c1, CreationTimestamp2020-12-04T06:02:31.752Z]
2020-12-04 06:03:22,264 [EventQueue-DeadNodeForDeadNodeHandler] INFO  pipeline.RatisPipelineProvider (RatisPipelineProvider.java:lambda$close$1(199)) - Send pipeline:PipelineID=9516a70f-611a-44b0-a7e3-80fa38fc4c8a close command to datanode 5e97bab7-f049-4685-a9ad-e9f5ff9fc7c1
2020-12-04 06:03:22,264 [EventQueue-DeadNodeForDeadNodeHandler] INFO  pipeline.PipelineStateManager (PipelineStateManager.java:removePipeline(106)) - Pipeline Pipeline[ Id: 9516a70f-611a-44b0-a7e3-80fa38fc4c8a, Nodes: 5e97bab7-f049-4685-a9ad-e9f5ff9fc7c1{ip: 172.17.0.2, host: 63638dc2095a, networkLocation: /default-rack, certSerialId: null, persistedOpState: IN_SERVICE, persistedOpStateExpiryEpochSec: 0}, Type:RATIS, Factor:ONE, State:CLOSED, leaderId:5e97bab7-f049-4685-a9ad-e9f5ff9fc7c1, CreationTimestamp2020-12-04T06:02:31.752Z] removed from db
2020-12-04 06:03:22,264 [EventQueue-DeadNodeForDeadNodeHandler] INFO  node.DeadNodeHandler (DeadNodeHandler.java:onMessage(77)) - A dead datanode is detected. 5e885a77-8b3e-4dc5-b522-5cb06ff98b04{ip: 172.17.0.2, host: 63638dc2095a, networkLocation: /default-rack, certSerialId: null, persistedOpState: IN_SERVICE, persistedOpStateExpiryEpochSec: 0}
2020-12-04 06:03:22,264 [EventQueue-DeadNodeForDeadNodeHandler] INFO  pipeline.SCMPipelineManager (SCMPipelineManager.java:finalizeAndDestroyPipeline(482)) - Destroying pipeline:Pipeline[ Id: 9c2b9ec0-4b98-413d-b90a-83c1f51174bf, Nodes: 5e885a77-8b3e-4dc5-b522-5cb06ff98b04{ip: 172.17.0.2, host: 63638dc2095a, networkLocation: /default-rack, certSerialId: null, persistedOpState: IN_SERVICE, persistedOpStateExpiryEpochSec: 0}, Type:RATIS, Factor:ONE, State:CLOSED, leaderId:5e885a77-8b3e-4dc5-b522-5cb06ff98b04, CreationTimestamp2020-12-04T06:02:30.534Z]
2020-12-04 06:03:22,265 [RatisPipelineUtilsThread] WARN  pipeline.PipelinePlacementPolicy (PipelinePlacementPolicy.java:filterViableNodes(139)) - Pipeline creation failed due to no sufficient healthy datanodes. Required 3. Found 1.
2020-12-04 06:03:22,265 [EventQueue-DeadNodeForDeadNodeHandler] INFO  pipeline.RatisPipelineProvider (RatisPipelineProvider.java:lambda$close$1(199)) - Send pipeline:PipelineID=9c2b9ec0-4b98-413d-b90a-83c1f51174bf close command to datanode 5e885a77-8b3e-4dc5-b522-5cb06ff98b04
2020-12-04 06:03:22,265 [EventQueue-DeadNodeForDeadNodeHandler] INFO  pipeline.PipelineStateManager (PipelineStateManager.java:removePipeline(106)) - Pipeline Pipeline[ Id: 9c2b9ec0-4b98-413d-b90a-83c1f51174bf, Nodes: 5e885a77-8b3e-4dc5-b522-5cb06ff98b04{ip: 172.17.0.2, host: 63638dc2095a, networkLocation: /default-rack, certSerialId: null, persistedOpState: IN_SERVICE, persistedOpStateExpiryEpochSec: 0}, Type:RATIS, Factor:ONE, State:CLOSED, leaderId:5e885a77-8b3e-4dc5-b522-5cb06ff98b04, CreationTimestamp2020-12-04T06:02:30.534Z] removed from db
2020-12-04 06:03:22,266 [RatisPipelineUtilsThread] WARN  pipeline.PipelinePlacementPolicy (PipelinePlacementPolicy.java:filterViableNodes(139)) - Pipeline creation failed due to no sufficient healthy datanodes. Required 3. Found 1.
2020-12-04 06:03:22,564 [EventQueue-StaleNodeForStaleNodeHandler] INFO  node.StaleNodeHandler (StaleNodeHandler.java:onMessage(58)) - Datanode 3f9b5df4-bd86-4512-adfe-d4a46e1501cb{ip: 172.17.0.2, host: 63638dc2095a, networkLocation: /default-rack, certSerialId: null, persistedOpState: IN_SERVICE, persistedOpStateExpiryEpochSec: 0} moved to stale state. Finalizing its pipelines [PipelineID=55d23c07-bcca-4c2a-a489-3774a1ac7f46]
2020-12-04 06:03:22,564 [EventQueue-StaleNodeForStaleNodeHandler] INFO  pipeline.SCMPipelineManager (SCMPipelineManager.java:finalizeAndDestroyPipeline(482)) - Destroying pipeline:Pipeline[ Id: 55d23c07-bcca-4c2a-a489-3774a1ac7f46, Nodes: 3f9b5df4-bd86-4512-adfe-d4a46e1501cb{ip: 172.17.0.2, host: 63638dc2095a, networkLocation: /default-rack, certSerialId: null, persistedOpState: IN_SERVICE, persistedOpStateExpiryEpochSec: 0}, Type:RATIS, Factor:ONE, State:OPEN, leaderId:3f9b5df4-bd86-4512-adfe-d4a46e1501cb, CreationTimestamp2020-12-04T06:02:31.553Z]
2020-12-04 06:03:22,564 [EventQueue-StaleNodeForStaleNodeHandler] INFO  pipeline.PipelineStateManager (PipelineStateManager.java:finalizePipeline(121)) - Pipeline Pipeline[ Id: 55d23c07-bcca-4c2a-a489-3774a1ac7f46, Nodes: 3f9b5df4-bd86-4512-adfe-d4a46e1501cb{ip: 172.17.0.2, host: 63638dc2095a, networkLocation: /default-rack, certSerialId: null, persistedOpState: IN_SERVICE, persistedOpStateExpiryEpochSec: 0}, Type:RATIS, Factor:ONE, State:CLOSED, leaderId:3f9b5df4-bd86-4512-adfe-d4a46e1501cb, CreationTimestamp2020-12-04T06:02:31.553Z] moved to CLOSED state
2020-12-04 06:03:27,572 [EventQueue-DeadNodeForDeadNodeHandler] INFO  node.DeadNodeHandler (DeadNodeHandler.java:onMessage(77)) - A dead datanode is detected. a8add95f-9482-4e6d-9ba6-8975b33532e8{ip: 172.17.0.2, host: 63638dc2095a, networkLocation: /default-rack, certSerialId: null, persistedOpState: IN_SERVICE, persistedOpStateExpiryEpochSec: 0}
2020-12-04 06:03:27,572 [EventQueue-DeadNodeForDeadNodeHandler] INFO  pipeline.SCMPipelineManager (SCMPipelineManager.java:finalizeAndDestroyPipeline(482)) - Destroying pipeline:Pipeline[ Id: b72b0388-0d0b-4ea0-a621-3de58e84b988, Nodes: a8add95f-9482-4e6d-9ba6-8975b33532e8{ip: 172.17.0.2, host: 63638dc2095a, networkLocation: /default-rack, certSerialId: null, persistedOpState: IN_SERVICE, persistedOpStateExpiryEpochSec: 0}, Type:RATIS, Factor:ONE, State:CLOSED, leaderId:a8add95f-9482-4e6d-9ba6-8975b33532e8, CreationTimestamp2020-12-04T06:02:31.152Z]
2020-12-04 06:03:27,573 [EventQueue-DeadNodeForDeadNodeHandler] INFO  pipeline.RatisPipelineProvider (RatisPipelineProvider.java:lambda$close$1(199)) - Send pipeline:PipelineID=b72b0388-0d0b-4ea0-a621-3de58e84b988 close command to datanode a8add95f-9482-4e6d-9ba6-8975b33532e8
2020-12-04 06:03:27,573 [EventQueue-DeadNodeForDeadNodeHandler] INFO  pipeline.PipelineStateManager (PipelineStateManager.java:removePipeline(106)) - Pipeline Pipeline[ Id: b72b0388-0d0b-4ea0-a621-3de58e84b988, Nodes: a8add95f-9482-4e6d-9ba6-8975b33532e8{ip: 172.17.0.2, host: 63638dc2095a, networkLocation: /default-rack, certSerialId: null, persistedOpState: IN_SERVICE, persistedOpStateExpiryEpochSec: 0}, Type:RATIS, Factor:ONE, State:CLOSED, leaderId:a8add95f-9482-4e6d-9ba6-8975b33532e8, CreationTimestamp2020-12-04T06:02:31.152Z] removed from db
2020-12-04 06:03:27,573 [RatisPipelineUtilsThread] WARN  pipeline.PipelinePlacementPolicy (PipelinePlacementPolicy.java:filterViableNodes(139)) - Pipeline creation failed due to no sufficient healthy datanodes. Required 3. Found 0.
2020-12-04 06:03:32,581 [EventQueue-DeadNodeForDeadNodeHandler] INFO  node.DeadNodeHandler (DeadNodeHandler.java:onMessage(77)) - A dead datanode is detected. 3f9b5df4-bd86-4512-adfe-d4a46e1501cb{ip: 172.17.0.2, host: 63638dc2095a, networkLocation: /default-rack, certSerialId: null, persistedOpState: IN_SERVICE, persistedOpStateExpiryEpochSec: 0}
2020-12-04 06:03:32,581 [EventQueue-DeadNodeForDeadNodeHandler] INFO  pipeline.SCMPipelineManager (SCMPipelineManager.java:finalizeAndDestroyPipeline(482)) - Destroying pipeline:Pipeline[ Id: 55d23c07-bcca-4c2a-a489-3774a1ac7f46, Nodes: 3f9b5df4-bd86-4512-adfe-d4a46e1501cb{ip: 172.17.0.2, host: 63638dc2095a, networkLocation: /default-rack, certSerialId: null, persistedOpState: IN_SERVICE, persistedOpStateExpiryEpochSec: 0}, Type:RATIS, Factor:ONE, State:CLOSED, leaderId:3f9b5df4-bd86-4512-adfe-d4a46e1501cb, CreationTimestamp2020-12-04T06:02:31.553Z]
2020-12-04 06:03:32,581 [EventQueue-DeadNodeForDeadNodeHandler] INFO  pipeline.RatisPipelineProvider (RatisPipelineProvider.java:lambda$close$1(199)) - Send pipeline:PipelineID=55d23c07-bcca-4c2a-a489-3774a1ac7f46 close command to datanode 3f9b5df4-bd86-4512-adfe-d4a46e1501cb
2020-12-04 06:03:32,581 [EventQueue-DeadNodeForDeadNodeHandler] INFO  pipeline.PipelineStateManager (PipelineStateManager.java:removePipeline(106)) - Pipeline Pipeline[ Id: 55d23c07-bcca-4c2a-a489-3774a1ac7f46, Nodes: 3f9b5df4-bd86-4512-adfe-d4a46e1501cb{ip: 172.17.0.2, host: 63638dc2095a, networkLocation: /default-rack, certSerialId: null, persistedOpState: IN_SERVICE, persistedOpStateExpiryEpochSec: 0}, Type:RATIS, Factor:ONE, State:CLOSED, leaderId:3f9b5df4-bd86-4512-adfe-d4a46e1501cb, CreationTimestamp2020-12-04T06:02:31.553Z] removed from db
2020-12-04 06:03:32,582 [RatisPipelineUtilsThread] WARN  pipeline.PipelinePlacementPolicy (PipelinePlacementPolicy.java:filterViableNodes(139)) - Pipeline creation failed due to no sufficient healthy datanodes. Required 3. Found 0.
2020-12-04 06:03:55,011 [RatisPipelineUtilsThread] INFO  pipeline.RatisPipelineProvider (RatisPipelineProvider.java:lambda$close$1(199)) - Send pipeline:PipelineID=0913c338-1fb1-4172-a8a9-a6cd88bf67f2 close command to datanode 025f93f1-dfc8-4208-80d2-20f4a1ba9bf1
2020-12-04 06:03:55,011 [RatisPipelineUtilsThread] INFO  pipeline.RatisPipelineProvider (RatisPipelineProvider.java:lambda$close$1(199)) - Send pipeline:PipelineID=0913c338-1fb1-4172-a8a9-a6cd88bf67f2 close command to datanode 5e885a77-8b3e-4dc5-b522-5cb06ff98b04
2020-12-04 06:03:55,011 [RatisPipelineUtilsThread] INFO  pipeline.RatisPipelineProvider (RatisPipelineProvider.java:lambda$close$1(199)) - Send pipeline:PipelineID=0913c338-1fb1-4172-a8a9-a6cd88bf67f2 close command to datanode a43a40a6-1ac9-4df3-821c-5cd06fa3b4e5
2020-12-04 06:03:55,011 [RatisPipelineUtilsThread] ERROR pipeline.SCMPipelineManager (Scheduler.java:lambda$schedule$1(72)) - Destroy pipeline failed for pipeline:Pipeline[ Id: 0913c338-1fb1-4172-a8a9-a6cd88bf67f2, Nodes: 025f93f1-dfc8-4208-80d2-20f4a1ba9bf1{ip: 172.17.0.2, host: 63638dc2095a, networkLocation: /default-rack, certSerialId: null, persistedOpState: IN_SERVICE, persistedOpStateExpiryEpochSec: 0}5e885a77-8b3e-4dc5-b522-5cb06ff98b04{ip: 172.17.0.2, host: 63638dc2095a, networkLocation: /default-rack, certSerialId: null, persistedOpState: IN_SERVICE, persistedOpStateExpiryEpochSec: 0}a43a40a6-1ac9-4df3-821c-5cd06fa3b4e5{ip: 172.17.0.2, host: 63638dc2095a, networkLocation: /default-rack, certSerialId: null, persistedOpState: IN_SERVICE, persistedOpStateExpiryEpochSec: 0}, Type:RATIS, Factor:THREE, State:OPEN, leaderId:025f93f1-dfc8-4208-80d2-20f4a1ba9bf1, CreationTimestamp2020-12-04T06:02:30.939Z]
org.apache.hadoop.hdds.scm.pipeline.PipelineNotFoundException: PipelineID=0913c338-1fb1-4172-a8a9-a6cd88bf67f2 not found
	at org.apache.hadoop.hdds.scm.pipeline.PipelineStateMap.getPipeline(PipelineStateMap.java:131)
	at org.apache.hadoop.hdds.scm.pipeline.PipelineStateMap.removePipeline(PipelineStateMap.java:343)
	at org.apache.hadoop.hdds.scm.pipeline.PipelineStateManager.removePipeline(PipelineStateManager.java:105)
	at org.apache.hadoop.hdds.scm.pipeline.SCMPipelineManager.removePipeline(SCMPipelineManager.java:670)
	at org.apache.hadoop.hdds.scm.pipeline.SCMPipelineManager.destroyPipeline(SCMPipelineManager.java:655)
	at org.apache.hadoop.hdds.scm.pipeline.SCMPipelineManager.lambda$finalizeAndDestroyPipeline$0(SCMPipelineManager.java:489)
	at org.apache.hadoop.hdds.utils.Scheduler.lambda$schedule$1(Scheduler.java:70)
	at java.util.concurrent.Executors$RunnableAdapter.call(Executors.java:511)
	at java.util.concurrent.FutureTask.run(FutureTask.java:266)
	at java.util.concurrent.ScheduledThreadPoolExecutor$ScheduledFutureTask.access$201(ScheduledThreadPoolExecutor.java:180)
	at java.util.concurrent.ScheduledThreadPoolExecutor$ScheduledFutureTask.run(ScheduledThreadPoolExecutor.java:293)
	at java.util.concurrent.ThreadPoolExecutor.runWorker(ThreadPoolExecutor.java:1149)
	at java.util.concurrent.ThreadPoolExecutor$Worker.run(ThreadPoolExecutor.java:624)
	at java.lang.Thread.run(Thread.java:748)
2020-12-04 06:03:55,012 [RatisPipelineUtilsThread] INFO  pipeline.RatisPipelineProvider (RatisPipelineProvider.java:lambda$close$1(199)) - Send pipeline:PipelineID=0ca965aa-e89c-4b81-9d0b-fdfaa90bae53 close command to datanode 025f93f1-dfc8-4208-80d2-20f4a1ba9bf1
2020-12-04 06:03:55,012 [RatisPipelineUtilsThread] INFO  pipeline.RatisPipelineProvider (RatisPipelineProvider.java:lambda$close$1(199)) - Send pipeline:PipelineID=0ca965aa-e89c-4b81-9d0b-fdfaa90bae53 close command to datanode 5e885a77-8b3e-4dc5-b522-5cb06ff98b04
2020-12-04 06:03:55,012 [RatisPipelineUtilsThread] INFO  pipeline.RatisPipelineProvider (RatisPipelineProvider.java:lambda$close$1(199)) - Send pipeline:PipelineID=0ca965aa-e89c-4b81-9d0b-fdfaa90bae53 close command to datanode a43a40a6-1ac9-4df3-821c-5cd06fa3b4e5
2020-12-04 06:03:55,012 [RatisPipelineUtilsThread] ERROR pipeline.SCMPipelineManager (Scheduler.java:lambda$schedule$1(72)) - Destroy pipeline failed for pipeline:Pipeline[ Id: 0ca965aa-e89c-4b81-9d0b-fdfaa90bae53, Nodes: 025f93f1-dfc8-4208-80d2-20f4a1ba9bf1{ip: 172.17.0.2, host: 63638dc2095a, networkLocation: /default-rack, certSerialId: null, persistedOpState: IN_SERVICE, persistedOpStateExpiryEpochSec: 0}5e885a77-8b3e-4dc5-b522-5cb06ff98b04{ip: 172.17.0.2, host: 63638dc2095a, networkLocation: /default-rack, certSerialId: null, persistedOpState: IN_SERVICE, persistedOpStateExpiryEpochSec: 0}a43a40a6-1ac9-4df3-821c-5cd06fa3b4e5{ip: 172.17.0.2, host: 63638dc2095a, networkLocation: /default-rack, certSerialId: null, persistedOpState: IN_SERVICE, persistedOpStateExpiryEpochSec: 0}, Type:RATIS, Factor:THREE, State:OPEN, leaderId:5e885a77-8b3e-4dc5-b522-5cb06ff98b04, CreationTimestamp2020-12-04T06:02:30.937Z]
org.apache.hadoop.hdds.scm.pipeline.PipelineNotFoundException: PipelineID=0ca965aa-e89c-4b81-9d0b-fdfaa90bae53 not found
	at org.apache.hadoop.hdds.scm.pipeline.PipelineStateMap.getPipeline(PipelineStateMap.java:131)
	at org.apache.hadoop.hdds.scm.pipeline.PipelineStateMap.removePipeline(PipelineStateMap.java:343)
	at org.apache.hadoop.hdds.scm.pipeline.PipelineStateManager.removePipeline(PipelineStateManager.java:105)
	at org.apache.hadoop.hdds.scm.pipeline.SCMPipelineManager.removePipeline(SCMPipelineManager.java:670)
	at org.apache.hadoop.hdds.scm.pipeline.SCMPipelineManager.destroyPipeline(SCMPipelineManager.java:655)
	at org.apache.hadoop.hdds.scm.pipeline.SCMPipelineManager.lambda$finalizeAndDestroyPipeline$0(SCMPipelineManager.java:489)
	at org.apache.hadoop.hdds.utils.Scheduler.lambda$schedule$1(Scheduler.java:70)
	at java.util.concurrent.Executors$RunnableAdapter.call(Executors.java:511)
	at java.util.concurrent.FutureTask.run(FutureTask.java:266)
	at java.util.concurrent.ScheduledThreadPoolExecutor$ScheduledFutureTask.access$201(ScheduledThreadPoolExecutor.java:180)
	at java.util.concurrent.ScheduledThreadPoolExecutor$ScheduledFutureTask.run(ScheduledThreadPoolExecutor.java:293)
	at java.util.concurrent.ThreadPoolExecutor.runWorker(ThreadPoolExecutor.java:1149)
	at java.util.concurrent.ThreadPoolExecutor$Worker.run(ThreadPoolExecutor.java:624)
	at java.lang.Thread.run(Thread.java:748)
2020-12-04 06:03:55,012 [RatisPipelineUtilsThread] INFO  pipeline.RatisPipelineProvider (RatisPipelineProvider.java:lambda$close$1(199)) - Send pipeline:PipelineID=69418aa5-1005-40d3-a5f6-e20f62f7d794 close command to datanode 025f93f1-dfc8-4208-80d2-20f4a1ba9bf1
2020-12-04 06:03:55,012 [RatisPipelineUtilsThread] ERROR pipeline.SCMPipelineManager (Scheduler.java:lambda$schedule$1(72)) - Destroy pipeline failed for pipeline:Pipeline[ Id: 69418aa5-1005-40d3-a5f6-e20f62f7d794, Nodes: 025f93f1-dfc8-4208-80d2-20f4a1ba9bf1{ip: 172.17.0.2, host: 63638dc2095a, networkLocation: /default-rack, certSerialId: null, persistedOpState: IN_SERVICE, persistedOpStateExpiryEpochSec: 0}, Type:RATIS, Factor:ONE, State:OPEN, leaderId:025f93f1-dfc8-4208-80d2-20f4a1ba9bf1, CreationTimestamp2020-12-04T06:02:30.936Z]
org.apache.hadoop.hdds.scm.pipeline.PipelineNotFoundException: PipelineID=69418aa5-1005-40d3-a5f6-e20f62f7d794 not found
	at org.apache.hadoop.hdds.scm.pipeline.PipelineStateMap.getPipeline(PipelineStateMap.java:131)
	at org.apache.hadoop.hdds.scm.pipeline.PipelineStateMap.removePipeline(PipelineStateMap.java:343)
	at org.apache.hadoop.hdds.scm.pipeline.PipelineStateManager.removePipeline(PipelineStateManager.java:105)
	at org.apache.hadoop.hdds.scm.pipeline.SCMPipelineManager.removePipeline(SCMPipelineManager.java:670)
	at org.apache.hadoop.hdds.scm.pipeline.SCMPipelineManager.destroyPipeline(SCMPipelineManager.java:655)
	at org.apache.hadoop.hdds.scm.pipeline.SCMPipelineManager.lambda$finalizeAndDestroyPipeline$0(SCMPipelineManager.java:489)
	at org.apache.hadoop.hdds.utils.Scheduler.lambda$schedule$1(Scheduler.java:70)
	at java.util.concurrent.Executors$RunnableAdapter.call(Executors.java:511)
	at java.util.concurrent.FutureTask.run(FutureTask.java:266)
	at java.util.concurrent.ScheduledThreadPoolExecutor$ScheduledFutureTask.access$201(ScheduledThreadPoolExecutor.java:180)
	at java.util.concurrent.ScheduledThreadPoolExecutor$ScheduledFutureTask.run(ScheduledThreadPoolExecutor.java:293)
	at java.util.concurrent.ThreadPoolExecutor.runWorker(ThreadPoolExecutor.java:1149)
	at java.util.concurrent.ThreadPoolExecutor$Worker.run(ThreadPoolExecutor.java:624)
	at java.lang.Thread.run(Thread.java:748)
2020-12-04 06:04:13,040 [RatisPipelineUtilsThread] INFO  pipeline.RatisPipelineProvider (RatisPipelineProvider.java:lambda$close$1(199)) - Send pipeline:PipelineID=3c8fabcf-1241-4db2-af7b-3007c9d98bf3 close command to datanode 5e97bab7-f049-4685-a9ad-e9f5ff9fc7c1
2020-12-04 06:04:13,040 [RatisPipelineUtilsThread] INFO  pipeline.RatisPipelineProvider (RatisPipelineProvider.java:lambda$close$1(199)) - Send pipeline:PipelineID=3c8fabcf-1241-4db2-af7b-3007c9d98bf3 close command to datanode 5e885a77-8b3e-4dc5-b522-5cb06ff98b04
2020-12-04 06:04:13,040 [RatisPipelineUtilsThread] INFO  pipeline.RatisPipelineProvider (RatisPipelineProvider.java:lambda$close$1(199)) - Send pipeline:PipelineID=3c8fabcf-1241-4db2-af7b-3007c9d98bf3 close command to datanode a43a40a6-1ac9-4df3-821c-5cd06fa3b4e5
2020-12-04 06:04:13,040 [RatisPipelineUtilsThread] ERROR pipeline.SCMPipelineManager (Scheduler.java:lambda$schedule$1(72)) - Destroy pipeline failed for pipeline:Pipeline[ Id: 3c8fabcf-1241-4db2-af7b-3007c9d98bf3, Nodes: 5e97bab7-f049-4685-a9ad-e9f5ff9fc7c1{ip: 172.17.0.2, host: 63638dc2095a, networkLocation: /default-rack, certSerialId: null, persistedOpState: IN_SERVICE, persistedOpStateExpiryEpochSec: 0}5e885a77-8b3e-4dc5-b522-5cb06ff98b04{ip: 172.17.0.2, host: 63638dc2095a, networkLocation: /default-rack, certSerialId: null, persistedOpState: IN_SERVICE, persistedOpStateExpiryEpochSec: 0}a43a40a6-1ac9-4df3-821c-5cd06fa3b4e5{ip: 172.17.0.2, host: 63638dc2095a, networkLocation: /default-rack, certSerialId: null, persistedOpState: IN_SERVICE, persistedOpStateExpiryEpochSec: 0}, Type:RATIS, Factor:THREE, State:ALLOCATED, leaderId:, CreationTimestamp2020-12-04T06:02:59.028Z]
org.apache.hadoop.hdds.scm.pipeline.PipelineNotFoundException: PipelineID=3c8fabcf-1241-4db2-af7b-3007c9d98bf3 not found
	at org.apache.hadoop.hdds.scm.pipeline.PipelineStateMap.getPipeline(PipelineStateMap.java:131)
	at org.apache.hadoop.hdds.scm.pipeline.PipelineStateMap.removePipeline(PipelineStateMap.java:343)
	at org.apache.hadoop.hdds.scm.pipeline.PipelineStateManager.removePipeline(PipelineStateManager.java:105)
	at org.apache.hadoop.hdds.scm.pipeline.SCMPipelineManager.removePipeline(SCMPipelineManager.java:670)
	at org.apache.hadoop.hdds.scm.pipeline.SCMPipelineManager.destroyPipeline(SCMPipelineManager.java:655)
	at org.apache.hadoop.hdds.scm.pipeline.SCMPipelineManager.lambda$finalizeAndDestroyPipeline$0(SCMPipelineManager.java:489)
	at org.apache.hadoop.hdds.utils.Scheduler.lambda$schedule$1(Scheduler.java:70)
	at java.util.concurrent.Executors$RunnableAdapter.call(Executors.java:511)
	at java.util.concurrent.FutureTask.run(FutureTask.java:266)
	at java.util.concurrent.ScheduledThreadPoolExecutor$ScheduledFutureTask.access$201(ScheduledThreadPoolExecutor.java:180)
	at java.util.concurrent.ScheduledThreadPoolExecutor$ScheduledFutureTask.run(ScheduledThreadPoolExecutor.java:293)
	at java.util.concurrent.ThreadPoolExecutor.runWorker(ThreadPoolExecutor.java:1149)
	at java.util.concurrent.ThreadPoolExecutor$Worker.run(ThreadPoolExecutor.java:624)
	at java.lang.Thread.run(Thread.java:748)
2020-12-04 06:04:13,041 [RatisPipelineUtilsThread] INFO  pipeline.RatisPipelineProvider (RatisPipelineProvider.java:lambda$close$1(199)) - Send pipeline:PipelineID=94df6390-0626-4fc6-a8ca-4d3e6f7eff8b close command to datanode a43a40a6-1ac9-4df3-821c-5cd06fa3b4e5
2020-12-04 06:04:13,041 [RatisPipelineUtilsThread] ERROR pipeline.SCMPipelineManager (Scheduler.java:lambda$schedule$1(72)) - Destroy pipeline failed for pipeline:Pipeline[ Id: 94df6390-0626-4fc6-a8ca-4d3e6f7eff8b, Nodes: a43a40a6-1ac9-4df3-821c-5cd06fa3b4e5{ip: 172.17.0.2, host: 63638dc2095a, networkLocation: /default-rack, certSerialId: null, persistedOpState: IN_SERVICE, persistedOpStateExpiryEpochSec: 0}, Type:RATIS, Factor:ONE, State:OPEN, leaderId:a43a40a6-1ac9-4df3-821c-5cd06fa3b4e5, CreationTimestamp2020-12-04T06:02:30.738Z]
org.apache.hadoop.hdds.scm.pipeline.PipelineNotFoundException: PipelineID=94df6390-0626-4fc6-a8ca-4d3e6f7eff8b not found
	at org.apache.hadoop.hdds.scm.pipeline.PipelineStateMap.getPipeline(PipelineStateMap.java:131)
	at org.apache.hadoop.hdds.scm.pipeline.PipelineStateMap.removePipeline(PipelineStateMap.java:343)
	at org.apache.hadoop.hdds.scm.pipeline.PipelineStateManager.removePipeline(PipelineStateManager.java:105)
	at org.apache.hadoop.hdds.scm.pipeline.SCMPipelineManager.removePipeline(SCMPipelineManager.java:670)
	at org.apache.hadoop.hdds.scm.pipeline.SCMPipelineManager.destroyPipeline(SCMPipelineManager.java:655)
	at org.apache.hadoop.hdds.scm.pipeline.SCMPipelineManager.lambda$finalizeAndDestroyPipeline$0(SCMPipelineManager.java:489)
	at org.apache.hadoop.hdds.utils.Scheduler.lambda$schedule$1(Scheduler.java:70)
	at java.util.concurrent.Executors$RunnableAdapter.call(Executors.java:511)
	at java.util.concurrent.FutureTask.run(FutureTask.java:266)
	at java.util.concurrent.ScheduledThreadPoolExecutor$ScheduledFutureTask.access$201(ScheduledThreadPoolExecutor.java:180)
	at java.util.concurrent.ScheduledThreadPoolExecutor$ScheduledFutureTask.run(ScheduledThreadPoolExecutor.java:293)
	at java.util.concurrent.ThreadPoolExecutor.runWorker(ThreadPoolExecutor.java:1149)
	at java.util.concurrent.ThreadPoolExecutor$Worker.run(ThreadPoolExecutor.java:624)
	at java.lang.Thread.run(Thread.java:748)
2020-12-04 06:04:13,041 [RatisPipelineUtilsThread] INFO  pipeline.RatisPipelineProvider (RatisPipelineProvider.java:lambda$close$1(199)) - Send pipeline:PipelineID=d290a255-ec77-401c-905e-377e345dd21c close command to datanode 5e97bab7-f049-4685-a9ad-e9f5ff9fc7c1
2020-12-04 06:04:13,041 [RatisPipelineUtilsThread] INFO  pipeline.RatisPipelineProvider (RatisPipelineProvider.java:lambda$close$1(199)) - Send pipeline:PipelineID=d290a255-ec77-401c-905e-377e345dd21c close command to datanode 5e885a77-8b3e-4dc5-b522-5cb06ff98b04
2020-12-04 06:04:13,041 [RatisPipelineUtilsThread] INFO  pipeline.RatisPipelineProvider (RatisPipelineProvider.java:lambda$close$1(199)) - Send pipeline:PipelineID=d290a255-ec77-401c-905e-377e345dd21c close command to datanode a43a40a6-1ac9-4df3-821c-5cd06fa3b4e5
2020-12-04 06:04:13,042 [RatisPipelineUtilsThread] ERROR pipeline.SCMPipelineManager (Scheduler.java:lambda$schedule$1(72)) - Destroy pipeline failed for pipeline:Pipeline[ Id: d290a255-ec77-401c-905e-377e345dd21c, Nodes: 5e97bab7-f049-4685-a9ad-e9f5ff9fc7c1{ip: 172.17.0.2, host: 63638dc2095a, networkLocation: /default-rack, certSerialId: null, persistedOpState: IN_SERVICE, persistedOpStateExpiryEpochSec: 0}5e885a77-8b3e-4dc5-b522-5cb06ff98b04{ip: 172.17.0.2, host: 63638dc2095a, networkLocation: /default-rack, certSerialId: null, persistedOpState: IN_SERVICE, persistedOpStateExpiryEpochSec: 0}a43a40a6-1ac9-4df3-821c-5cd06fa3b4e5{ip: 172.17.0.2, host: 63638dc2095a, networkLocation: /default-rack, certSerialId: null, persistedOpState: IN_SERVICE, persistedOpStateExpiryEpochSec: 0}, Type:RATIS, Factor:THREE, State:ALLOCATED, leaderId:, CreationTimestamp2020-12-04T06:02:59.029Z]
org.apache.hadoop.hdds.scm.pipeline.PipelineNotFoundException: PipelineID=d290a255-ec77-401c-905e-377e345dd21c not found
	at org.apache.hadoop.hdds.scm.pipeline.PipelineStateMap.getPipeline(PipelineStateMap.java:131)
	at org.apache.hadoop.hdds.scm.pipeline.PipelineStateMap.removePipeline(PipelineStateMap.java:343)
	at org.apache.hadoop.hdds.scm.pipeline.PipelineStateManager.removePipeline(PipelineStateManager.java:105)
	at org.apache.hadoop.hdds.scm.pipeline.SCMPipelineManager.removePipeline(SCMPipelineManager.java:670)
	at org.apache.hadoop.hdds.scm.pipeline.SCMPipelineManager.destroyPipeline(SCMPipelineManager.java:655)
	at org.apache.hadoop.hdds.scm.pipeline.SCMPipelineManager.lambda$finalizeAndDestroyPipeline$0(SCMPipelineManager.java:489)
	at org.apache.hadoop.hdds.utils.Scheduler.lambda$schedule$1(Scheduler.java:70)
	at java.util.concurrent.Executors$RunnableAdapter.call(Executors.java:511)
	at java.util.concurrent.FutureTask.run(FutureTask.java:266)
	at java.util.concurrent.ScheduledThreadPoolExecutor$ScheduledFutureTask.access$201(ScheduledThreadPoolExecutor.java:180)
	at java.util.concurrent.ScheduledThreadPoolExecutor$ScheduledFutureTask.run(ScheduledThreadPoolExecutor.java:293)
	at java.util.concurrent.ThreadPoolExecutor.runWorker(ThreadPoolExecutor.java:1149)
	at java.util.concurrent.ThreadPoolExecutor$Worker.run(ThreadPoolExecutor.java:624)
	at java.lang.Thread.run(Thread.java:748)
2020-12-04 06:04:13,540 [RatisPipelineUtilsThread] INFO  pipeline.RatisPipelineProvider (RatisPipelineProvider.java:lambda$close$1(199)) - Send pipeline:PipelineID=f8d9c3ab-5226-4468-a24d-f138bf844afc close command to datanode a8add95f-9482-4e6d-9ba6-8975b33532e8
2020-12-04 06:04:13,541 [RatisPipelineUtilsThread] INFO  pipeline.RatisPipelineProvider (RatisPipelineProvider.java:lambda$close$1(199)) - Send pipeline:PipelineID=f8d9c3ab-5226-4468-a24d-f138bf844afc close command to datanode 54498115-28c1-4381-b59e-fdf207a0d628
2020-12-04 06:04:13,541 [RatisPipelineUtilsThread] INFO  pipeline.RatisPipelineProvider (RatisPipelineProvider.java:lambda$close$1(199)) - Send pipeline:PipelineID=f8d9c3ab-5226-4468-a24d-f138bf844afc close command to datanode 3f9b5df4-bd86-4512-adfe-d4a46e1501cb
2020-12-04 06:04:13,541 [RatisPipelineUtilsThread] ERROR pipeline.SCMPipelineManager (Scheduler.java:lambda$schedule$1(72)) - Destroy pipeline failed for pipeline:Pipeline[ Id: f8d9c3ab-5226-4468-a24d-f138bf844afc, Nodes: a8add95f-9482-4e6d-9ba6-8975b33532e8{ip: 172.17.0.2, host: 63638dc2095a, networkLocation: /default-rack, certSerialId: null, persistedOpState: IN_SERVICE, persistedOpStateExpiryEpochSec: 0}54498115-28c1-4381-b59e-fdf207a0d628{ip: 172.17.0.2, host: 63638dc2095a, networkLocation: /default-rack, certSerialId: null, persistedOpState: IN_SERVICE, persistedOpStateExpiryEpochSec: 0}3f9b5df4-bd86-4512-adfe-d4a46e1501cb{ip: 172.17.0.2, host: 63638dc2095a, networkLocation: /default-rack, certSerialId: null, persistedOpState: IN_SERVICE, persistedOpStateExpiryEpochSec: 0}, Type:RATIS, Factor:THREE, State:OPEN, leaderId:54498115-28c1-4381-b59e-fdf207a0d628, CreationTimestamp2020-12-04T06:02:31.555Z]
org.apache.hadoop.hdds.scm.pipeline.PipelineNotFoundException: PipelineID=f8d9c3ab-5226-4468-a24d-f138bf844afc not found
	at org.apache.hadoop.hdds.scm.pipeline.PipelineStateMap.getPipeline(PipelineStateMap.java:131)
	at org.apache.hadoop.hdds.scm.pipeline.PipelineStateMap.removePipeline(PipelineStateMap.java:343)
	at org.apache.hadoop.hdds.scm.pipeline.PipelineStateManager.removePipeline(PipelineStateManager.java:105)
	at org.apache.hadoop.hdds.scm.pipeline.SCMPipelineManager.removePipeline(SCMPipelineManager.java:670)
	at org.apache.hadoop.hdds.scm.pipeline.SCMPipelineManager.destroyPipeline(SCMPipelineManager.java:655)
	at org.apache.hadoop.hdds.scm.pipeline.SCMPipelineManager.lambda$finalizeAndDestroyPipeline$0(SCMPipelineManager.java:489)
	at org.apache.hadoop.hdds.utils.Scheduler.lambda$schedule$1(Scheduler.java:70)
	at java.util.concurrent.Executors$RunnableAdapter.call(Executors.java:511)
	at java.util.concurrent.FutureTask.run(FutureTask.java:266)
	at java.util.concurrent.ScheduledThreadPoolExecutor$ScheduledFutureTask.access$201(ScheduledThreadPoolExecutor.java:180)
	at java.util.concurrent.ScheduledThreadPoolExecutor$ScheduledFutureTask.run(ScheduledThreadPoolExecutor.java:293)
	at java.util.concurrent.ThreadPoolExecutor.runWorker(ThreadPoolExecutor.java:1149)
	at java.util.concurrent.ThreadPoolExecutor$Worker.run(ThreadPoolExecutor.java:624)
	at java.lang.Thread.run(Thread.java:748)
2020-12-04 06:04:13,541 [RatisPipelineUtilsThread] INFO  pipeline.RatisPipelineProvider (RatisPipelineProvider.java:lambda$close$1(199)) - Send pipeline:PipelineID=fc22b5ed-d321-449c-8c10-58fb4a3de172 close command to datanode a8add95f-9482-4e6d-9ba6-8975b33532e8
2020-12-04 06:04:13,542 [RatisPipelineUtilsThread] INFO  pipeline.RatisPipelineProvider (RatisPipelineProvider.java:lambda$close$1(199)) - Send pipeline:PipelineID=fc22b5ed-d321-449c-8c10-58fb4a3de172 close command to datanode 54498115-28c1-4381-b59e-fdf207a0d628
2020-12-04 06:04:13,542 [RatisPipelineUtilsThread] INFO  pipeline.RatisPipelineProvider (RatisPipelineProvider.java:lambda$close$1(199)) - Send pipeline:PipelineID=fc22b5ed-d321-449c-8c10-58fb4a3de172 close command to datanode 3f9b5df4-bd86-4512-adfe-d4a46e1501cb
2020-12-04 06:04:13,542 [RatisPipelineUtilsThread] ERROR pipeline.SCMPipelineManager (Scheduler.java:lambda$schedule$1(72)) - Destroy pipeline failed for pipeline:Pipeline[ Id: fc22b5ed-d321-449c-8c10-58fb4a3de172, Nodes: a8add95f-9482-4e6d-9ba6-8975b33532e8{ip: 172.17.0.2, host: 63638dc2095a, networkLocation: /default-rack, certSerialId: null, persistedOpState: IN_SERVICE, persistedOpStateExpiryEpochSec: 0}54498115-28c1-4381-b59e-fdf207a0d628{ip: 172.17.0.2, host: 63638dc2095a, networkLocation: /default-rack, certSerialId: null, persistedOpState: IN_SERVICE, persistedOpStateExpiryEpochSec: 0}3f9b5df4-bd86-4512-adfe-d4a46e1501cb{ip: 172.17.0.2, host: 63638dc2095a, networkLocation: /default-rack, certSerialId: null, persistedOpState: IN_SERVICE, persistedOpStateExpiryEpochSec: 0}, Type:RATIS, Factor:THREE, State:OPEN, leaderId:54498115-28c1-4381-b59e-fdf207a0d628, CreationTimestamp2020-12-04T06:02:31.557Z]
org.apache.hadoop.hdds.scm.pipeline.PipelineNotFoundException: PipelineID=fc22b5ed-d321-449c-8c10-58fb4a3de172 not found
	at org.apache.hadoop.hdds.scm.pipeline.PipelineStateMap.getPipeline(PipelineStateMap.java:131)
	at org.apache.hadoop.hdds.scm.pipeline.PipelineStateMap.removePipeline(PipelineStateMap.java:343)
	at org.apache.hadoop.hdds.scm.pipeline.PipelineStateManager.removePipeline(PipelineStateManager.java:105)
	at org.apache.hadoop.hdds.scm.pipeline.SCMPipelineManager.removePipeline(SCMPipelineManager.java:670)
	at org.apache.hadoop.hdds.scm.pipeline.SCMPipelineManager.destroyPipeline(SCMPipelineManager.java:655)
	at org.apache.hadoop.hdds.scm.pipeline.SCMPipelineManager.lambda$finalizeAndDestroyPipeline$0(SCMPipelineManager.java:489)
	at org.apache.hadoop.hdds.utils.Scheduler.lambda$schedule$1(Scheduler.java:70)
	at java.util.concurrent.Executors$RunnableAdapter.call(Executors.java:511)
	at java.util.concurrent.FutureTask.run(FutureTask.java:266)
	at java.util.concurrent.ScheduledThreadPoolExecutor$ScheduledFutureTask.access$201(ScheduledThreadPoolExecutor.java:180)
	at java.util.concurrent.ScheduledThreadPoolExecutor$ScheduledFutureTask.run(ScheduledThreadPoolExecutor.java:293)
	at java.util.concurrent.ThreadPoolExecutor.runWorker(ThreadPoolExecutor.java:1149)
	at java.util.concurrent.ThreadPoolExecutor$Worker.run(ThreadPoolExecutor.java:624)
	at java.lang.Thread.run(Thread.java:748)
2020-12-04 06:04:13,542 [RatisPipelineUtilsThread] INFO  pipeline.RatisPipelineProvider (RatisPipelineProvider.java:lambda$close$1(199)) - Send pipeline:PipelineID=2d1913a1-feb5-48b6-b1ae-aa6ea5d43c51 close command to datanode 54498115-28c1-4381-b59e-fdf207a0d628
2020-12-04 06:04:13,542 [RatisPipelineUtilsThread] ERROR pipeline.SCMPipelineManager (Scheduler.java:lambda$schedule$1(72)) - Destroy pipeline failed for pipeline:Pipeline[ Id: 2d1913a1-feb5-48b6-b1ae-aa6ea5d43c51, Nodes: 54498115-28c1-4381-b59e-fdf207a0d628{ip: 172.17.0.2, host: 63638dc2095a, networkLocation: /default-rack, certSerialId: null, persistedOpState: IN_SERVICE, persistedOpStateExpiryEpochSec: 0}, Type:RATIS, Factor:ONE, State:OPEN, leaderId:54498115-28c1-4381-b59e-fdf207a0d628, CreationTimestamp2020-12-04T06:02:31.352Z]
org.apache.hadoop.hdds.scm.pipeline.PipelineNotFoundException: PipelineID=2d1913a1-feb5-48b6-b1ae-aa6ea5d43c51 not found
	at org.apache.hadoop.hdds.scm.pipeline.PipelineStateMap.getPipeline(PipelineStateMap.java:131)
	at org.apache.hadoop.hdds.scm.pipeline.PipelineStateMap.removePipeline(PipelineStateMap.java:343)
	at org.apache.hadoop.hdds.scm.pipeline.PipelineStateManager.removePipeline(PipelineStateManager.java:105)
	at org.apache.hadoop.hdds.scm.pipeline.SCMPipelineManager.removePipeline(SCMPipelineManager.java:670)
	at org.apache.hadoop.hdds.scm.pipeline.SCMPipelineManager.destroyPipeline(SCMPipelineManager.java:655)
	at org.apache.hadoop.hdds.scm.pipeline.SCMPipelineManager.lambda$finalizeAndDestroyPipeline$0(SCMPipelineManager.java:489)
	at org.apache.hadoop.hdds.utils.Scheduler.lambda$schedule$1(Scheduler.java:70)
	at java.util.concurrent.Executors$RunnableAdapter.call(Executors.java:511)
	at java.util.concurrent.FutureTask.run(FutureTask.java:266)
	at java.util.concurrent.ScheduledThreadPoolExecutor$ScheduledFutureTask.access$201(ScheduledThreadPoolExecutor.java:180)
	at java.util.concurrent.ScheduledThreadPoolExecutor$ScheduledFutureTask.run(ScheduledThreadPoolExecutor.java:293)
	at java.util.concurrent.ThreadPoolExecutor.runWorker(ThreadPoolExecutor.java:1149)
	at java.util.concurrent.ThreadPoolExecutor$Worker.run(ThreadPoolExecutor.java:624)
	at java.lang.Thread.run(Thread.java:748)
2020-12-04 06:04:18,248 [RatisPipelineUtilsThread] INFO  pipeline.RatisPipelineProvider (RatisPipelineProvider.java:lambda$close$1(199)) - Send pipeline:PipelineID=3c8fabcf-1241-4db2-af7b-3007c9d98bf3 close command to datanode 5e97bab7-f049-4685-a9ad-e9f5ff9fc7c1
2020-12-04 06:04:18,248 [RatisPipelineUtilsThread] INFO  pipeline.RatisPipelineProvider (RatisPipelineProvider.java:lambda$close$1(199)) - Send pipeline:PipelineID=3c8fabcf-1241-4db2-af7b-3007c9d98bf3 close command to datanode 5e885a77-8b3e-4dc5-b522-5cb06ff98b04
2020-12-04 06:04:18,248 [RatisPipelineUtilsThread] INFO  pipeline.RatisPipelineProvider (RatisPipelineProvider.java:lambda$close$1(199)) - Send pipeline:PipelineID=3c8fabcf-1241-4db2-af7b-3007c9d98bf3 close command to datanode a43a40a6-1ac9-4df3-821c-5cd06fa3b4e5
2020-12-04 06:04:18,248 [RatisPipelineUtilsThread] ERROR pipeline.SCMPipelineManager (Scheduler.java:lambda$schedule$1(72)) - Destroy pipeline failed for pipeline:Pipeline[ Id: 3c8fabcf-1241-4db2-af7b-3007c9d98bf3, Nodes: 5e97bab7-f049-4685-a9ad-e9f5ff9fc7c1{ip: 172.17.0.2, host: 63638dc2095a, networkLocation: /default-rack, certSerialId: null, persistedOpState: IN_SERVICE, persistedOpStateExpiryEpochSec: 0}5e885a77-8b3e-4dc5-b522-5cb06ff98b04{ip: 172.17.0.2, host: 63638dc2095a, networkLocation: /default-rack, certSerialId: null, persistedOpState: IN_SERVICE, persistedOpStateExpiryEpochSec: 0}a43a40a6-1ac9-4df3-821c-5cd06fa3b4e5{ip: 172.17.0.2, host: 63638dc2095a, networkLocation: /default-rack, certSerialId: null, persistedOpState: IN_SERVICE, persistedOpStateExpiryEpochSec: 0}, Type:RATIS, Factor:THREE, State:CLOSED, leaderId:, CreationTimestamp2020-12-04T06:02:59.028Z]
org.apache.hadoop.hdds.scm.pipeline.PipelineNotFoundException: PipelineID=3c8fabcf-1241-4db2-af7b-3007c9d98bf3 not found
	at org.apache.hadoop.hdds.scm.pipeline.PipelineStateMap.getPipeline(PipelineStateMap.java:131)
	at org.apache.hadoop.hdds.scm.pipeline.PipelineStateMap.removePipeline(PipelineStateMap.java:343)
	at org.apache.hadoop.hdds.scm.pipeline.PipelineStateManager.removePipeline(PipelineStateManager.java:105)
	at org.apache.hadoop.hdds.scm.pipeline.SCMPipelineManager.removePipeline(SCMPipelineManager.java:670)
	at org.apache.hadoop.hdds.scm.pipeline.SCMPipelineManager.destroyPipeline(SCMPipelineManager.java:655)
	at org.apache.hadoop.hdds.scm.pipeline.SCMPipelineManager.lambda$finalizeAndDestroyPipeline$0(SCMPipelineManager.java:489)
	at org.apache.hadoop.hdds.utils.Scheduler.lambda$schedule$1(Scheduler.java:70)
	at java.util.concurrent.Executors$RunnableAdapter.call(Executors.java:511)
	at java.util.concurrent.FutureTask.run(FutureTask.java:266)
	at java.util.concurrent.ScheduledThreadPoolExecutor$ScheduledFutureTask.access$201(ScheduledThreadPoolExecutor.java:180)
	at java.util.concurrent.ScheduledThreadPoolExecutor$ScheduledFutureTask.run(ScheduledThreadPoolExecutor.java:293)
	at java.util.concurrent.ThreadPoolExecutor.runWorker(ThreadPoolExecutor.java:1149)
	at java.util.concurrent.ThreadPoolExecutor$Worker.run(ThreadPoolExecutor.java:624)
	at java.lang.Thread.run(Thread.java:748)
2020-12-04 06:04:18,248 [RatisPipelineUtilsThread] INFO  pipeline.RatisPipelineProvider (RatisPipelineProvider.java:lambda$close$1(199)) - Send pipeline:PipelineID=9516a70f-611a-44b0-a7e3-80fa38fc4c8a close command to datanode 5e97bab7-f049-4685-a9ad-e9f5ff9fc7c1
2020-12-04 06:04:18,249 [RatisPipelineUtilsThread] ERROR pipeline.SCMPipelineManager (Scheduler.java:lambda$schedule$1(72)) - Destroy pipeline failed for pipeline:Pipeline[ Id: 9516a70f-611a-44b0-a7e3-80fa38fc4c8a, Nodes: 5e97bab7-f049-4685-a9ad-e9f5ff9fc7c1{ip: 172.17.0.2, host: 63638dc2095a, networkLocation: /default-rack, certSerialId: null, persistedOpState: IN_SERVICE, persistedOpStateExpiryEpochSec: 0}, Type:RATIS, Factor:ONE, State:OPEN, leaderId:5e97bab7-f049-4685-a9ad-e9f5ff9fc7c1, CreationTimestamp2020-12-04T06:02:31.752Z]
org.apache.hadoop.hdds.scm.pipeline.PipelineNotFoundException: PipelineID=9516a70f-611a-44b0-a7e3-80fa38fc4c8a not found
	at org.apache.hadoop.hdds.scm.pipeline.PipelineStateMap.getPipeline(PipelineStateMap.java:131)
	at org.apache.hadoop.hdds.scm.pipeline.PipelineStateMap.removePipeline(PipelineStateMap.java:343)
	at org.apache.hadoop.hdds.scm.pipeline.PipelineStateManager.removePipeline(PipelineStateManager.java:105)
	at org.apache.hadoop.hdds.scm.pipeline.SCMPipelineManager.removePipeline(SCMPipelineManager.java:670)
	at org.apache.hadoop.hdds.scm.pipeline.SCMPipelineManager.destroyPipeline(SCMPipelineManager.java:655)
	at org.apache.hadoop.hdds.scm.pipeline.SCMPipelineManager.lambda$finalizeAndDestroyPipeline$0(SCMPipelineManager.java:489)
	at org.apache.hadoop.hdds.utils.Scheduler.lambda$schedule$1(Scheduler.java:70)
	at java.util.concurrent.Executors$RunnableAdapter.call(Executors.java:511)
	at java.util.concurrent.FutureTask.run(FutureTask.java:266)
	at java.util.concurrent.ScheduledThreadPoolExecutor$ScheduledFutureTask.access$201(ScheduledThreadPoolExecutor.java:180)
	at java.util.concurrent.ScheduledThreadPoolExecutor$ScheduledFutureTask.run(ScheduledThreadPoolExecutor.java:293)
	at java.util.concurrent.ThreadPoolExecutor.runWorker(ThreadPoolExecutor.java:1149)
	at java.util.concurrent.ThreadPoolExecutor$Worker.run(ThreadPoolExecutor.java:624)
	at java.lang.Thread.run(Thread.java:748)
2020-12-04 06:04:18,249 [RatisPipelineUtilsThread] INFO  pipeline.RatisPipelineProvider (RatisPipelineProvider.java:lambda$close$1(199)) - Send pipeline:PipelineID=d290a255-ec77-401c-905e-377e345dd21c close command to datanode 5e97bab7-f049-4685-a9ad-e9f5ff9fc7c1
2020-12-04 06:04:18,249 [RatisPipelineUtilsThread] INFO  pipeline.RatisPipelineProvider (RatisPipelineProvider.java:lambda$close$1(199)) - Send pipeline:PipelineID=d290a255-ec77-401c-905e-377e345dd21c close command to datanode 5e885a77-8b3e-4dc5-b522-5cb06ff98b04
2020-12-04 06:04:18,249 [RatisPipelineUtilsThread] INFO  pipeline.RatisPipelineProvider (RatisPipelineProvider.java:lambda$close$1(199)) - Send pipeline:PipelineID=d290a255-ec77-401c-905e-377e345dd21c close command to datanode a43a40a6-1ac9-4df3-821c-5cd06fa3b4e5
2020-12-04 06:04:18,249 [RatisPipelineUtilsThread] ERROR pipeline.SCMPipelineManager (Scheduler.java:lambda$schedule$1(72)) - Destroy pipeline failed for pipeline:Pipeline[ Id: d290a255-ec77-401c-905e-377e345dd21c, Nodes: 5e97bab7-f049-4685-a9ad-e9f5ff9fc7c1{ip: 172.17.0.2, host: 63638dc2095a, networkLocation: /default-rack, certSerialId: null, persistedOpState: IN_SERVICE, persistedOpStateExpiryEpochSec: 0}5e885a77-8b3e-4dc5-b522-5cb06ff98b04{ip: 172.17.0.2, host: 63638dc2095a, networkLocation: /default-rack, certSerialId: null, persistedOpState: IN_SERVICE, persistedOpStateExpiryEpochSec: 0}a43a40a6-1ac9-4df3-821c-5cd06fa3b4e5{ip: 172.17.0.2, host: 63638dc2095a, networkLocation: /default-rack, certSerialId: null, persistedOpState: IN_SERVICE, persistedOpStateExpiryEpochSec: 0}, Type:RATIS, Factor:THREE, State:CLOSED, leaderId:, CreationTimestamp2020-12-04T06:02:59.029Z]
org.apache.hadoop.hdds.scm.pipeline.PipelineNotFoundException: PipelineID=d290a255-ec77-401c-905e-377e345dd21c not found
	at org.apache.hadoop.hdds.scm.pipeline.PipelineStateMap.getPipeline(PipelineStateMap.java:131)
	at org.apache.hadoop.hdds.scm.pipeline.PipelineStateMap.removePipeline(PipelineStateMap.java:343)
	at org.apache.hadoop.hdds.scm.pipeline.PipelineStateManager.removePipeline(PipelineStateManager.java:105)
	at org.apache.hadoop.hdds.scm.pipeline.SCMPipelineManager.removePipeline(SCMPipelineManager.java:670)
	at org.apache.hadoop.hdds.scm.pipeline.SCMPipelineManager.destroyPipeline(SCMPipelineManager.java:655)
	at org.apache.hadoop.hdds.scm.pipeline.SCMPipelineManager.lambda$finalizeAndDestroyPipeline$0(SCMPipelineManager.java:489)
	at org.apache.hadoop.hdds.utils.Scheduler.lambda$schedule$1(Scheduler.java:70)
	at java.util.concurrent.Executors$RunnableAdapter.call(Executors.java:511)
	at java.util.concurrent.FutureTask.run(FutureTask.java:266)
	at java.util.concurrent.ScheduledThreadPoolExecutor$ScheduledFutureTask.access$201(ScheduledThreadPoolExecutor.java:180)
	at java.util.concurrent.ScheduledThreadPoolExecutor$ScheduledFutureTask.run(ScheduledThreadPoolExecutor.java:293)
	at java.util.concurrent.ThreadPoolExecutor.runWorker(ThreadPoolExecutor.java:1149)
	at java.util.concurrent.ThreadPoolExecutor$Worker.run(ThreadPoolExecutor.java:624)
	at java.lang.Thread.run(Thread.java:748)
2020-12-04 06:04:18,249 [RatisPipelineUtilsThread] INFO  pipeline.RatisPipelineProvider (RatisPipelineProvider.java:lambda$close$1(199)) - Send pipeline:PipelineID=3c8fabcf-1241-4db2-af7b-3007c9d98bf3 close command to datanode 5e97bab7-f049-4685-a9ad-e9f5ff9fc7c1
2020-12-04 06:04:18,249 [RatisPipelineUtilsThread] INFO  pipeline.RatisPipelineProvider (RatisPipelineProvider.java:lambda$close$1(199)) - Send pipeline:PipelineID=3c8fabcf-1241-4db2-af7b-3007c9d98bf3 close command to datanode 5e885a77-8b3e-4dc5-b522-5cb06ff98b04
2020-12-04 06:04:18,249 [RatisPipelineUtilsThread] INFO  pipeline.RatisPipelineProvider (RatisPipelineProvider.java:lambda$close$1(199)) - Send pipeline:PipelineID=3c8fabcf-1241-4db2-af7b-3007c9d98bf3 close command to datanode a43a40a6-1ac9-4df3-821c-5cd06fa3b4e5
2020-12-04 06:04:18,249 [RatisPipelineUtilsThread] ERROR pipeline.SCMPipelineManager (Scheduler.java:lambda$schedule$1(72)) - Destroy pipeline failed for pipeline:Pipeline[ Id: 3c8fabcf-1241-4db2-af7b-3007c9d98bf3, Nodes: 5e97bab7-f049-4685-a9ad-e9f5ff9fc7c1{ip: 172.17.0.2, host: 63638dc2095a, networkLocation: /default-rack, certSerialId: null, persistedOpState: IN_SERVICE, persistedOpStateExpiryEpochSec: 0}5e885a77-8b3e-4dc5-b522-5cb06ff98b04{ip: 172.17.0.2, host: 63638dc2095a, networkLocation: /default-rack, certSerialId: null, persistedOpState: IN_SERVICE, persistedOpStateExpiryEpochSec: 0}a43a40a6-1ac9-4df3-821c-5cd06fa3b4e5{ip: 172.17.0.2, host: 63638dc2095a, networkLocation: /default-rack, certSerialId: null, persistedOpState: IN_SERVICE, persistedOpStateExpiryEpochSec: 0}, Type:RATIS, Factor:THREE, State:CLOSED, leaderId:, CreationTimestamp2020-12-04T06:02:59.028Z]
org.apache.hadoop.hdds.scm.pipeline.PipelineNotFoundException: PipelineID=3c8fabcf-1241-4db2-af7b-3007c9d98bf3 not found
	at org.apache.hadoop.hdds.scm.pipeline.PipelineStateMap.getPipeline(PipelineStateMap.java:131)
	at org.apache.hadoop.hdds.scm.pipeline.PipelineStateMap.removePipeline(PipelineStateMap.java:343)
	at org.apache.hadoop.hdds.scm.pipeline.PipelineStateManager.removePipeline(PipelineStateManager.java:105)
	at org.apache.hadoop.hdds.scm.pipeline.SCMPipelineManager.removePipeline(SCMPipelineManager.java:670)
	at org.apache.hadoop.hdds.scm.pipeline.SCMPipelineManager.destroyPipeline(SCMPipelineManager.java:655)
	at org.apache.hadoop.hdds.scm.pipeline.SCMPipelineManager.lambda$finalizeAndDestroyPipeline$0(SCMPipelineManager.java:489)
	at org.apache.hadoop.hdds.utils.Scheduler.lambda$schedule$1(Scheduler.java:70)
	at java.util.concurrent.Executors$RunnableAdapter.call(Executors.java:511)
	at java.util.concurrent.FutureTask.run(FutureTask.java:266)
	at java.util.concurrent.ScheduledThreadPoolExecutor$ScheduledFutureTask.access$201(ScheduledThreadPoolExecutor.java:180)
	at java.util.concurrent.ScheduledThreadPoolExecutor$ScheduledFutureTask.run(ScheduledThreadPoolExecutor.java:293)
	at java.util.concurrent.ThreadPoolExecutor.runWorker(ThreadPoolExecutor.java:1149)
	at java.util.concurrent.ThreadPoolExecutor$Worker.run(ThreadPoolExecutor.java:624)
	at java.lang.Thread.run(Thread.java:748)
2020-12-04 06:04:18,249 [RatisPipelineUtilsThread] INFO  pipeline.RatisPipelineProvider (RatisPipelineProvider.java:lambda$close$1(199)) - Send pipeline:PipelineID=9c2b9ec0-4b98-413d-b90a-83c1f51174bf close command to datanode 5e885a77-8b3e-4dc5-b522-5cb06ff98b04
2020-12-04 06:04:18,249 [RatisPipelineUtilsThread] ERROR pipeline.SCMPipelineManager (Scheduler.java:lambda$schedule$1(72)) - Destroy pipeline failed for pipeline:Pipeline[ Id: 9c2b9ec0-4b98-413d-b90a-83c1f51174bf, Nodes: 5e885a77-8b3e-4dc5-b522-5cb06ff98b04{ip: 172.17.0.2, host: 63638dc2095a, networkLocation: /default-rack, certSerialId: null, persistedOpState: IN_SERVICE, persistedOpStateExpiryEpochSec: 0}, Type:RATIS, Factor:ONE, State:OPEN, leaderId:5e885a77-8b3e-4dc5-b522-5cb06ff98b04, CreationTimestamp2020-12-04T06:02:30.534Z]
org.apache.hadoop.hdds.scm.pipeline.PipelineNotFoundException: PipelineID=9c2b9ec0-4b98-413d-b90a-83c1f51174bf not found
	at org.apache.hadoop.hdds.scm.pipeline.PipelineStateMap.getPipeline(PipelineStateMap.java:131)
	at org.apache.hadoop.hdds.scm.pipeline.PipelineStateMap.removePipeline(PipelineStateMap.java:343)
	at org.apache.hadoop.hdds.scm.pipeline.PipelineStateManager.removePipeline(PipelineStateManager.java:105)
	at org.apache.hadoop.hdds.scm.pipeline.SCMPipelineManager.removePipeline(SCMPipelineManager.java:670)
	at org.apache.hadoop.hdds.scm.pipeline.SCMPipelineManager.destroyPipeline(SCMPipelineManager.java:655)
	at org.apache.hadoop.hdds.scm.pipeline.SCMPipelineManager.lambda$finalizeAndDestroyPipeline$0(SCMPipelineManager.java:489)
	at org.apache.hadoop.hdds.utils.Scheduler.lambda$schedule$1(Scheduler.java:70)
	at java.util.concurrent.Executors$RunnableAdapter.call(Executors.java:511)
	at java.util.concurrent.FutureTask.run(FutureTask.java:266)
	at java.util.concurrent.ScheduledThreadPoolExecutor$ScheduledFutureTask.access$201(ScheduledThreadPoolExecutor.java:180)
	at java.util.concurrent.ScheduledThreadPoolExecutor$ScheduledFutureTask.run(ScheduledThreadPoolExecutor.java:293)
	at java.util.concurrent.ThreadPoolExecutor.runWorker(ThreadPoolExecutor.java:1149)
	at java.util.concurrent.ThreadPoolExecutor$Worker.run(ThreadPoolExecutor.java:624)
	at java.lang.Thread.run(Thread.java:748)
2020-12-04 06:04:18,250 [RatisPipelineUtilsThread] INFO  pipeline.RatisPipelineProvider (RatisPipelineProvider.java:lambda$close$1(199)) - Send pipeline:PipelineID=d290a255-ec77-401c-905e-377e345dd21c close command to datanode 5e97bab7-f049-4685-a9ad-e9f5ff9fc7c1
2020-12-04 06:04:18,250 [RatisPipelineUtilsThread] INFO  pipeline.RatisPipelineProvider (RatisPipelineProvider.java:lambda$close$1(199)) - Send pipeline:PipelineID=d290a255-ec77-401c-905e-377e345dd21c close command to datanode 5e885a77-8b3e-4dc5-b522-5cb06ff98b04
2020-12-04 06:04:18,250 [RatisPipelineUtilsThread] INFO  pipeline.RatisPipelineProvider (RatisPipelineProvider.java:lambda$close$1(199)) - Send pipeline:PipelineID=d290a255-ec77-401c-905e-377e345dd21c close command to datanode a43a40a6-1ac9-4df3-821c-5cd06fa3b4e5
2020-12-04 06:04:18,250 [RatisPipelineUtilsThread] ERROR pipeline.SCMPipelineManager (Scheduler.java:lambda$schedule$1(72)) - Destroy pipeline failed for pipeline:Pipeline[ Id: d290a255-ec77-401c-905e-377e345dd21c, Nodes: 5e97bab7-f049-4685-a9ad-e9f5ff9fc7c1{ip: 172.17.0.2, host: 63638dc2095a, networkLocation: /default-rack, certSerialId: null, persistedOpState: IN_SERVICE, persistedOpStateExpiryEpochSec: 0}5e885a77-8b3e-4dc5-b522-5cb06ff98b04{ip: 172.17.0.2, host: 63638dc2095a, networkLocation: /default-rack, certSerialId: null, persistedOpState: IN_SERVICE, persistedOpStateExpiryEpochSec: 0}a43a40a6-1ac9-4df3-821c-5cd06fa3b4e5{ip: 172.17.0.2, host: 63638dc2095a, networkLocation: /default-rack, certSerialId: null, persistedOpState: IN_SERVICE, persistedOpStateExpiryEpochSec: 0}, Type:RATIS, Factor:THREE, State:CLOSED, leaderId:, CreationTimestamp2020-12-04T06:02:59.029Z]
org.apache.hadoop.hdds.scm.pipeline.PipelineNotFoundException: PipelineID=d290a255-ec77-401c-905e-377e345dd21c not found
	at org.apache.hadoop.hdds.scm.pipeline.PipelineStateMap.getPipeline(PipelineStateMap.java:131)
	at org.apache.hadoop.hdds.scm.pipeline.PipelineStateMap.removePipeline(PipelineStateMap.java:343)
	at org.apache.hadoop.hdds.scm.pipeline.PipelineStateManager.removePipeline(PipelineStateManager.java:105)
	at org.apache.hadoop.hdds.scm.pipeline.SCMPipelineManager.removePipeline(SCMPipelineManager.java:670)
	at org.apache.hadoop.hdds.scm.pipeline.SCMPipelineManager.destroyPipeline(SCMPipelineManager.java:655)
	at org.apache.hadoop.hdds.scm.pipeline.SCMPipelineManager.lambda$finalizeAndDestroyPipeline$0(SCMPipelineManager.java:489)
	at org.apache.hadoop.hdds.utils.Scheduler.lambda$schedule$1(Scheduler.java:70)
	at java.util.concurrent.Executors$RunnableAdapter.call(Executors.java:511)
	at java.util.concurrent.FutureTask.run(FutureTask.java:266)
	at java.util.concurrent.ScheduledThreadPoolExecutor$ScheduledFutureTask.access$201(ScheduledThreadPoolExecutor.java:180)
	at java.util.concurrent.ScheduledThreadPoolExecutor$ScheduledFutureTask.run(ScheduledThreadPoolExecutor.java:293)
	at java.util.concurrent.ThreadPoolExecutor.runWorker(ThreadPoolExecutor.java:1149)
	at java.util.concurrent.ThreadPoolExecutor$Worker.run(ThreadPoolExecutor.java:624)
	at java.lang.Thread.run(Thread.java:748)
2020-12-04 06:04:23,557 [RatisPipelineUtilsThread] INFO  pipeline.RatisPipelineProvider (RatisPipelineProvider.java:lambda$close$1(199)) - Send pipeline:PipelineID=b72b0388-0d0b-4ea0-a621-3de58e84b988 close command to datanode a8add95f-9482-4e6d-9ba6-8975b33532e8
2020-12-04 06:04:23,557 [RatisPipelineUtilsThread] ERROR pipeline.SCMPipelineManager (Scheduler.java:lambda$schedule$1(72)) - Destroy pipeline failed for pipeline:Pipeline[ Id: b72b0388-0d0b-4ea0-a621-3de58e84b988, Nodes: a8add95f-9482-4e6d-9ba6-8975b33532e8{ip: 172.17.0.2, host: 63638dc2095a, networkLocation: /default-rack, certSerialId: null, persistedOpState: IN_SERVICE, persistedOpStateExpiryEpochSec: 0}, Type:RATIS, Factor:ONE, State:OPEN, leaderId:a8add95f-9482-4e6d-9ba6-8975b33532e8, CreationTimestamp2020-12-04T06:02:31.152Z]
org.apache.hadoop.hdds.scm.pipeline.PipelineNotFoundException: PipelineID=b72b0388-0d0b-4ea0-a621-3de58e84b988 not found
	at org.apache.hadoop.hdds.scm.pipeline.PipelineStateMap.getPipeline(PipelineStateMap.java:131)
	at org.apache.hadoop.hdds.scm.pipeline.PipelineStateMap.removePipeline(PipelineStateMap.java:343)
	at org.apache.hadoop.hdds.scm.pipeline.PipelineStateManager.removePipeline(PipelineStateManager.java:105)
	at org.apache.hadoop.hdds.scm.pipeline.SCMPipelineManager.removePipeline(SCMPipelineManager.java:670)
	at org.apache.hadoop.hdds.scm.pipeline.SCMPipelineManager.destroyPipeline(SCMPipelineManager.java:655)
	at org.apache.hadoop.hdds.scm.pipeline.SCMPipelineManager.lambda$finalizeAndDestroyPipeline$0(SCMPipelineManager.java:489)
	at org.apache.hadoop.hdds.utils.Scheduler.lambda$schedule$1(Scheduler.java:70)
	at java.util.concurrent.Executors$RunnableAdapter.call(Executors.java:511)
	at java.util.concurrent.FutureTask.run(FutureTask.java:266)
	at java.util.concurrent.ScheduledThreadPoolExecutor$ScheduledFutureTask.access$201(ScheduledThreadPoolExecutor.java:180)
	at java.util.concurrent.ScheduledThreadPoolExecutor$ScheduledFutureTask.run(ScheduledThreadPoolExecutor.java:293)
	at java.util.concurrent.ThreadPoolExecutor.runWorker(ThreadPoolExecutor.java:1149)
	at java.util.concurrent.ThreadPoolExecutor$Worker.run(ThreadPoolExecutor.java:624)
	at java.lang.Thread.run(Thread.java:748)
2020-12-04 06:04:23,557 [RatisPipelineUtilsThread] INFO  pipeline.RatisPipelineProvider (RatisPipelineProvider.java:lambda$close$1(199)) - Send pipeline:PipelineID=f8d9c3ab-5226-4468-a24d-f138bf844afc close command to datanode a8add95f-9482-4e6d-9ba6-8975b33532e8
2020-12-04 06:04:23,557 [RatisPipelineUtilsThread] INFO  pipeline.RatisPipelineProvider (RatisPipelineProvider.java:lambda$close$1(199)) - Send pipeline:PipelineID=f8d9c3ab-5226-4468-a24d-f138bf844afc close command to datanode 54498115-28c1-4381-b59e-fdf207a0d628
2020-12-04 06:04:23,558 [RatisPipelineUtilsThread] INFO  pipeline.RatisPipelineProvider (RatisPipelineProvider.java:lambda$close$1(199)) - Send pipeline:PipelineID=f8d9c3ab-5226-4468-a24d-f138bf844afc close command to datanode 3f9b5df4-bd86-4512-adfe-d4a46e1501cb
2020-12-04 06:04:23,558 [RatisPipelineUtilsThread] ERROR pipeline.SCMPipelineManager (Scheduler.java:lambda$schedule$1(72)) - Destroy pipeline failed for pipeline:Pipeline[ Id: f8d9c3ab-5226-4468-a24d-f138bf844afc, Nodes: a8add95f-9482-4e6d-9ba6-8975b33532e8{ip: 172.17.0.2, host: 63638dc2095a, networkLocation: /default-rack, certSerialId: null, persistedOpState: IN_SERVICE, persistedOpStateExpiryEpochSec: 0}54498115-28c1-4381-b59e-fdf207a0d628{ip: 172.17.0.2, host: 63638dc2095a, networkLocation: /default-rack, certSerialId: null, persistedOpState: IN_SERVICE, persistedOpStateExpiryEpochSec: 0}3f9b5df4-bd86-4512-adfe-d4a46e1501cb{ip: 172.17.0.2, host: 63638dc2095a, networkLocation: /default-rack, certSerialId: null, persistedOpState: IN_SERVICE, persistedOpStateExpiryEpochSec: 0}, Type:RATIS, Factor:THREE, State:CLOSED, leaderId:3f9b5df4-bd86-4512-adfe-d4a46e1501cb, CreationTimestamp2020-12-04T06:02:31.555Z]
org.apache.hadoop.hdds.scm.pipeline.PipelineNotFoundException: PipelineID=f8d9c3ab-5226-4468-a24d-f138bf844afc not found
	at org.apache.hadoop.hdds.scm.pipeline.PipelineStateMap.getPipeline(PipelineStateMap.java:131)
	at org.apache.hadoop.hdds.scm.pipeline.PipelineStateMap.removePipeline(PipelineStateMap.java:343)
	at org.apache.hadoop.hdds.scm.pipeline.PipelineStateManager.removePipeline(PipelineStateManager.java:105)
	at org.apache.hadoop.hdds.scm.pipeline.SCMPipelineManager.removePipeline(SCMPipelineManager.java:670)
	at org.apache.hadoop.hdds.scm.pipeline.SCMPipelineManager.destroyPipeline(SCMPipelineManager.java:655)
	at org.apache.hadoop.hdds.scm.pipeline.SCMPipelineManager.lambda$finalizeAndDestroyPipeline$0(SCMPipelineManager.java:489)
	at org.apache.hadoop.hdds.utils.Scheduler.lambda$schedule$1(Scheduler.java:70)
	at java.util.concurrent.Executors$RunnableAdapter.call(Executors.java:511)
	at java.util.concurrent.FutureTask.run(FutureTask.java:266)
	at java.util.concurrent.ScheduledThreadPoolExecutor$ScheduledFutureTask.access$201(ScheduledThreadPoolExecutor.java:180)
	at java.util.concurrent.ScheduledThreadPoolExecutor$ScheduledFutureTask.run(ScheduledThreadPoolExecutor.java:293)
	at java.util.concurrent.ThreadPoolExecutor.runWorker(ThreadPoolExecutor.java:1149)
	at java.util.concurrent.ThreadPoolExecutor$Worker.run(ThreadPoolExecutor.java:624)
	at java.lang.Thread.run(Thread.java:748)
2020-12-04 06:04:23,558 [RatisPipelineUtilsThread] INFO  pipeline.RatisPipelineProvider (RatisPipelineProvider.java:lambda$close$1(199)) - Send pipeline:PipelineID=fc22b5ed-d321-449c-8c10-58fb4a3de172 close command to datanode a8add95f-9482-4e6d-9ba6-8975b33532e8
2020-12-04 06:04:23,558 [RatisPipelineUtilsThread] INFO  pipeline.RatisPipelineProvider (RatisPipelineProvider.java:lambda$close$1(199)) - Send pipeline:PipelineID=fc22b5ed-d321-449c-8c10-58fb4a3de172 close command to datanode 54498115-28c1-4381-b59e-fdf207a0d628
2020-12-04 06:04:23,558 [RatisPipelineUtilsThread] INFO  pipeline.RatisPipelineProvider (RatisPipelineProvider.java:lambda$close$1(199)) - Send pipeline:PipelineID=fc22b5ed-d321-449c-8c10-58fb4a3de172 close command to datanode 3f9b5df4-bd86-4512-adfe-d4a46e1501cb
2020-12-04 06:04:23,558 [RatisPipelineUtilsThread] ERROR pipeline.SCMPipelineManager (Scheduler.java:lambda$schedule$1(72)) - Destroy pipeline failed for pipeline:Pipeline[ Id: fc22b5ed-d321-449c-8c10-58fb4a3de172, Nodes: a8add95f-9482-4e6d-9ba6-8975b33532e8{ip: 172.17.0.2, host: 63638dc2095a, networkLocation: /default-rack, certSerialId: null, persistedOpState: IN_SERVICE, persistedOpStateExpiryEpochSec: 0}54498115-28c1-4381-b59e-fdf207a0d628{ip: 172.17.0.2, host: 63638dc2095a, networkLocation: /default-rack, certSerialId: null, persistedOpState: IN_SERVICE, persistedOpStateExpiryEpochSec: 0}3f9b5df4-bd86-4512-adfe-d4a46e1501cb{ip: 172.17.0.2, host: 63638dc2095a, networkLocation: /default-rack, certSerialId: null, persistedOpState: IN_SERVICE, persistedOpStateExpiryEpochSec: 0}, Type:RATIS, Factor:THREE, State:CLOSED, leaderId:54498115-28c1-4381-b59e-fdf207a0d628, CreationTimestamp2020-12-04T06:02:31.557Z]
org.apache.hadoop.hdds.scm.pipeline.PipelineNotFoundException: PipelineID=fc22b5ed-d321-449c-8c10-58fb4a3de172 not found
	at org.apache.hadoop.hdds.scm.pipeline.PipelineStateMap.getPipeline(PipelineStateMap.java:131)
	at org.apache.hadoop.hdds.scm.pipeline.PipelineStateMap.removePipeline(PipelineStateMap.java:343)
	at org.apache.hadoop.hdds.scm.pipeline.PipelineStateManager.removePipeline(PipelineStateManager.java:105)
	at org.apache.hadoop.hdds.scm.pipeline.SCMPipelineManager.removePipeline(SCMPipelineManager.java:670)
	at org.apache.hadoop.hdds.scm.pipeline.SCMPipelineManager.destroyPipeline(SCMPipelineManager.java:655)
	at org.apache.hadoop.hdds.scm.pipeline.SCMPipelineManager.lambda$finalizeAndDestroyPipeline$0(SCMPipelineManager.java:489)
	at org.apache.hadoop.hdds.utils.Scheduler.lambda$schedule$1(Scheduler.java:70)
	at java.util.concurrent.Executors$RunnableAdapter.call(Executors.java:511)
	at java.util.concurrent.FutureTask.run(FutureTask.java:266)
	at java.util.concurrent.ScheduledThreadPoolExecutor$ScheduledFutureTask.access$201(ScheduledThreadPoolExecutor.java:180)
	at java.util.concurrent.ScheduledThreadPoolExecutor$ScheduledFutureTask.run(ScheduledThreadPoolExecutor.java:293)
	at java.util.concurrent.ThreadPoolExecutor.runWorker(ThreadPoolExecutor.java:1149)
	at java.util.concurrent.ThreadPoolExecutor$Worker.run(ThreadPoolExecutor.java:624)
	at java.lang.Thread.run(Thread.java:748)
2020-12-04 06:04:26,077 [RatisPipelineUtilsThread] WARN  pipeline.PipelinePlacementPolicy (PipelinePlacementPolicy.java:filterViableNodes(139)) - Pipeline creation failed due to no sufficient healthy datanodes. Required 3. Found 0.
2020-12-04 06:04:28,565 [RatisPipelineUtilsThread] INFO  pipeline.RatisPipelineProvider (RatisPipelineProvider.java:lambda$close$1(199)) - Send pipeline:PipelineID=55d23c07-bcca-4c2a-a489-3774a1ac7f46 close command to datanode 3f9b5df4-bd86-4512-adfe-d4a46e1501cb
2020-12-04 06:04:28,565 [RatisPipelineUtilsThread] ERROR pipeline.SCMPipelineManager (Scheduler.java:lambda$schedule$1(72)) - Destroy pipeline failed for pipeline:Pipeline[ Id: 55d23c07-bcca-4c2a-a489-3774a1ac7f46, Nodes: 3f9b5df4-bd86-4512-adfe-d4a46e1501cb{ip: 172.17.0.2, host: 63638dc2095a, networkLocation: /default-rack, certSerialId: null, persistedOpState: IN_SERVICE, persistedOpStateExpiryEpochSec: 0}, Type:RATIS, Factor:ONE, State:OPEN, leaderId:3f9b5df4-bd86-4512-adfe-d4a46e1501cb, CreationTimestamp2020-12-04T06:02:31.553Z]
org.apache.hadoop.hdds.scm.pipeline.PipelineNotFoundException: PipelineID=55d23c07-bcca-4c2a-a489-3774a1ac7f46 not found
	at org.apache.hadoop.hdds.scm.pipeline.PipelineStateMap.getPipeline(PipelineStateMap.java:131)
	at org.apache.hadoop.hdds.scm.pipeline.PipelineStateMap.removePipeline(PipelineStateMap.java:343)
	at org.apache.hadoop.hdds.scm.pipeline.PipelineStateManager.removePipeline(PipelineStateManager.java:105)
	at org.apache.hadoop.hdds.scm.pipeline.SCMPipelineManager.removePipeline(SCMPipelineManager.java:670)
	at org.apache.hadoop.hdds.scm.pipeline.SCMPipelineManager.destroyPipeline(SCMPipelineManager.java:655)
	at org.apache.hadoop.hdds.scm.pipeline.SCMPipelineManager.lambda$finalizeAndDestroyPipeline$0(SCMPipelineManager.java:489)
	at org.apache.hadoop.hdds.utils.Scheduler.lambda$schedule$1(Scheduler.java:70)
	at java.util.concurrent.Executors$RunnableAdapter.call(Executors.java:511)
	at java.util.concurrent.FutureTask.run(FutureTask.java:266)
	at java.util.concurrent.ScheduledThreadPoolExecutor$ScheduledFutureTask.access$201(ScheduledThreadPoolExecutor.java:180)
	at java.util.concurrent.ScheduledThreadPoolExecutor$ScheduledFutureTask.run(ScheduledThreadPoolExecutor.java:293)
	at java.util.concurrent.ThreadPoolExecutor.runWorker(ThreadPoolExecutor.java:1149)
	at java.util.concurrent.ThreadPoolExecutor$Worker.run(ThreadPoolExecutor.java:624)
	at java.lang.Thread.run(Thread.java:748)
2020-12-04 06:06:26,078 [RatisPipelineUtilsThread] WARN  pipeline.PipelinePlacementPolicy (PipelinePlacementPolicy.java:filterViableNodes(139)) - Pipeline creation failed due to no sufficient healthy datanodes. Required 3. Found 0.
]]></system-out>
  </testcase>
  <testcase name="testFailureWithPrimeSizedData" classname="org.apache.hadoop.ozone.client.rpc.TestBlockOutputStreamWithFailures" time="50.476"/>
  <testcase name="testWatchForCommitWithCloseContainerException" classname="org.apache.hadoop.ozone.client.rpc.TestBlockOutputStreamWithFailures" time="50.671"/>
  <testcase name="testExceptionDuringClose" classname="org.apache.hadoop.ozone.client.rpc.TestBlockOutputStreamWithFailures" time="50.685"/>
</testsuite>