<?xml version="1.0" encoding="UTF-8"?>
<testsuite xmlns:xsi="http://www.w3.org/2001/XMLSchema-instance" xsi:noNamespaceSchemaLocation="https://maven.apache.org/surefire/maven-surefire-plugin/xsd/surefire-test-report.xsd" name="org.apache.hadoop.ozone.scm.node.TestDecommissionAndMaintenance" time="328.314" tests="8" errors="1" skipped="0" failures="0">
  <properties>
    <property name="awt.toolkit" value="sun.awt.X11.XToolkit"/>
    <property name="file.encoding.pkg" value="sun.io"/>
    <property name="java.specification.version" value="1.8"/>
    <property name="sun.cpu.isalist" value=""/>
    <property name="sun.jnu.encoding" value="UTF-8"/>
    <property name="java.class.path" value="/home/runner/work/ozone/ozone/hadoop-ozone/integration-test/target/test-classes:/home/runner/work/ozone/ozone/hadoop-ozone/integration-test/target/classes:/home/runner/.m2/repository/org/apache/ozone/ozone-common/1.3.0-SNAPSHOT/ozone-common-1.3.0-SNAPSHOT.jar:/home/runner/.m2/repository/org/apache/commons/commons-compress/1.21/commons-compress-1.21.jar:/home/runner/.m2/repository/org/apache/ozone/hdds-common/1.3.0-SNAPSHOT/hdds-common-1.3.0-SNAPSHOT.jar:/home/runner/.m2/repository/org/apache/ozone/hdds-client/1.3.0-SNAPSHOT/hdds-client-1.3.0-SNAPSHOT.jar:/home/runner/.m2/repository/org/apache/ozone/ozone-interface-client/1.3.0-SNAPSHOT/ozone-interface-client-1.3.0-SNAPSHOT.jar:/home/runner/.m2/repository/org/apache/ozone/hdds-test-utils/1.3.0-SNAPSHOT/hdds-test-utils-1.3.0-SNAPSHOT.jar:/home/runner/.m2/repository/com/google/guava/guava/30.1.1-jre/guava-30.1.1-jre.jar:/home/runner/.m2/repository/com/google/guava/failureaccess/1.0.1/failureaccess-1.0.1.jar:/home/runner/.m2/repository/com/google/guava/listenablefuture/9999.0-empty-to-avoid-conflict-with-guava/listenablefuture-9999.0-empty-to-avoid-conflict-with-guava.jar:/home/runner/.m2/repository/com/google/code/findbugs/jsr305/3.0.0/jsr305-3.0.0.jar:/home/runner/.m2/repository/org/checkerframework/checker-qual/3.8.0/checker-qual-3.8.0.jar:/home/runner/.m2/repository/com/google/errorprone/error_prone_annotations/2.2.0/error_prone_annotations-2.2.0.jar:/home/runner/.m2/repository/com/google/j2objc/j2objc-annotations/1.3/j2objc-annotations-1.3.jar:/home/runner/.m2/repository/commons-io/commons-io/2.11.0/commons-io-2.11.0.jar:/home/runner/.m2/repository/commons-logging/commons-logging/1.2/commons-logging-1.2.jar:/home/runner/.m2/repository/log4j/log4j/1.2.17/log4j-1.2.17.jar:/home/runner/.m2/repository/org/slf4j/slf4j-api/1.7.30/slf4j-api-1.7.30.jar:/home/runner/.m2/repository/org/apache/ozone/hdds-server-scm/1.3.0-SNAPSHOT/hdds-server-scm-1.3.0-SNAPSHOT.jar:/home/runner/.m2/repository/org/apache/ozone/hdds-container-service/1.3.0-SNAPSHOT/hdds-container-service-1.3.0-SNAPSHOT.jar:/home/runner/.m2/repository/org/apache/ozone/hdds-hadoop-dependency-server/1.3.0-SNAPSHOT/hdds-hadoop-dependency-server-1.3.0-SNAPSHOT.jar:/home/runner/.m2/repository/org/apache/hadoop/hadoop-hdfs/3.3.1/hadoop-hdfs-3.3.1.jar:/home/runner/.m2/repository/org/apache/ozone/hdds-server-framework/1.3.0-SNAPSHOT/hdds-server-framework-1.3.0-SNAPSHOT.jar:/home/runner/.m2/repository/org/apache/ozone/hdds-interface-server/1.3.0-SNAPSHOT/hdds-interface-server-1.3.0-SNAPSHOT.jar:/home/runner/.m2/repository/org/apache/logging/log4j/log4j-core/2.17.1/log4j-core-2.17.1.jar:/home/runner/.m2/repository/com/lmax/disruptor/3.4.2/disruptor-3.4.2.jar:/home/runner/.m2/repository/org/eclipse/jetty/jetty-servlet/9.4.43.v20210629/jetty-servlet-9.4.43.v20210629.jar:/home/runner/.m2/repository/org/eclipse/jetty/jetty-security/9.4.43.v20210629/jetty-security-9.4.43.v20210629.jar:/home/runner/.m2/repository/org/rocksdb/rocksdbjni/6.25.3/rocksdbjni-6.25.3.jar:/home/runner/.m2/repository/io/prometheus/simpleclient_dropwizard/0.7.0/simpleclient_dropwizard-0.7.0.jar:/home/runner/.m2/repository/io/prometheus/simpleclient/0.7.0/simpleclient-0.7.0.jar:/home/runner/.m2/repository/io/prometheus/simpleclient_common/0.7.0/simpleclient_common-0.7.0.jar:/home/runner/.m2/repository/com/fasterxml/jackson/datatype/jackson-datatype-jsr310/2.12.1/jackson-datatype-jsr310-2.12.1.jar:/home/runner/.m2/repository/io/dropwizard/metrics/metrics-core/3.2.4/metrics-core-3.2.4.jar:/home/runner/.m2/repository/org/apache/hadoop/hadoop-hdfs-client/3.3.1/hadoop-hdfs-client-3.3.1.jar:/home/runner/.m2/repository/org/bouncycastle/bcprov-jdk15on/1.67/bcprov-jdk15on-1.67.jar:/home/runner/.m2/repository/com/google/protobuf/protobuf-java/2.5.0/protobuf-java-2.5.0.jar:/home/runner/.m2/repository/org/apache/ozone/ozone-manager/1.3.0-SNAPSHOT/ozone-manager-1.3.0-SNAPSHOT.jar:/home/runner/.m2/repository/org/aspectj/aspectjrt/1.9.7/aspectjrt-1.9.7.jar:/home/runner/.m2/repository/org/aspectj/aspectjweaver/1.9.7/aspectjweaver-1.9.7.jar:/home/runner/.m2/repository/org/apache/ozone/hdds-interface-client/1.3.0-SNAPSHOT/hdds-interface-client-1.3.0-SNAPSHOT.jar:/home/runner/.m2/repository/org/apache/hadoop/thirdparty/hadoop-shaded-protobuf_3_7/1.1.1/hadoop-shaded-protobuf_3_7-1.1.1.jar:/home/runner/.m2/repository/org/apache/ozone/ozone-interface-storage/1.3.0-SNAPSHOT/ozone-interface-storage-1.3.0-SNAPSHOT.jar:/home/runner/.m2/repository/org/reflections/reflections/0.9.11/reflections-0.9.11.jar:/home/runner/.m2/repository/org/apache/hadoop/hadoop-minikdc/3.3.1/hadoop-minikdc-3.3.1.jar:/home/runner/.m2/repository/org/apache/kerby/kerb-simplekdc/1.0.1/kerb-simplekdc-1.0.1.jar:/home/runner/.m2/repository/org/apache/kerby/kerb-client/1.0.1/kerb-client-1.0.1.jar:/home/runner/.m2/repository/org/apache/kerby/kerby-config/1.0.1/kerby-config-1.0.1.jar:/home/runner/.m2/repository/org/apache/kerby/kerb-common/1.0.1/kerb-common-1.0.1.jar:/home/runner/.m2/repository/org/apache/kerby/kerb-crypto/1.0.1/kerb-crypto-1.0.1.jar:/home/runner/.m2/repository/org/apache/kerby/kerb-util/1.0.1/kerb-util-1.0.1.jar:/home/runner/.m2/repository/org/apache/kerby/token-provider/1.0.1/token-provider-1.0.1.jar:/home/runner/.m2/repository/org/apache/kerby/kerb-admin/1.0.1/kerb-admin-1.0.1.jar:/home/runner/.m2/repository/org/apache/kerby/kerb-server/1.0.1/kerb-server-1.0.1.jar:/home/runner/.m2/repository/org/apache/kerby/kerb-identity/1.0.1/kerb-identity-1.0.1.jar:/home/runner/.m2/repository/org/apache/kerby/kerby-xdr/1.0.1/kerby-xdr-1.0.1.jar:/home/runner/.m2/repository/org/slf4j/slf4j-log4j12/1.7.30/slf4j-log4j12-1.7.30.jar:/home/runner/.m2/repository/org/apache/ozone/ozone-s3gateway/1.3.0-SNAPSHOT/ozone-s3gateway-1.3.0-SNAPSHOT.jar:/home/runner/.m2/repository/org/javassist/javassist/3.21.0-GA/javassist-3.21.0-GA.jar:/home/runner/.m2/repository/org/jboss/weld/servlet/weld-servlet/2.4.7.Final/weld-servlet-2.4.7.Final.jar:/home/runner/.m2/repository/org/glassfish/jersey/containers/jersey-container-servlet-core/2.33/jersey-container-servlet-core-2.33.jar:/home/runner/.m2/repository/org/glassfish/hk2/external/jakarta.inject/2.6.1/jakarta.inject-2.6.1.jar:/home/runner/.m2/repository/org/glassfish/jersey/core/jersey-common/2.33/jersey-common-2.33.jar:/home/runner/.m2/repository/jakarta/ws/rs/jakarta.ws.rs-api/2.1.6/jakarta.ws.rs-api-2.1.6.jar:/home/runner/.m2/repository/org/glassfish/jersey/ext/cdi/jersey-cdi1x/2.33/jersey-cdi1x-2.33.jar:/home/runner/.m2/repository/org/glassfish/jersey/inject/jersey-hk2/2.33/jersey-hk2-2.33.jar:/home/runner/.m2/repository/org/glassfish/hk2/hk2-locator/2.6.1/hk2-locator-2.6.1.jar:/home/runner/.m2/repository/org/glassfish/jersey/media/jersey-media-jaxb/2.33/jersey-media-jaxb-2.33.jar:/home/runner/.m2/repository/org/glassfish/hk2/osgi-resource-locator/1.0.3/osgi-resource-locator-1.0.3.jar:/home/runner/.m2/repository/org/glassfish/hk2/hk2-api/2.5.0/hk2-api-2.5.0.jar:/home/runner/.m2/repository/org/glassfish/hk2/hk2-utils/2.5.0/hk2-utils-2.5.0.jar:/home/runner/.m2/repository/org/glassfish/hk2/external/aopalliance-repackaged/2.5.0/aopalliance-repackaged-2.5.0.jar:/home/runner/.m2/repository/com/fasterxml/jackson/dataformat/jackson-dataformat-xml/2.12.1/jackson-dataformat-xml-2.12.1.jar:/home/runner/.m2/repository/com/fasterxml/jackson/core/jackson-core/2.12.1/jackson-core-2.12.1.jar:/home/runner/.m2/repository/com/fasterxml/jackson/module/jackson-module-jaxb-annotations/2.12.1/jackson-module-jaxb-annotations-2.12.1.jar:/home/runner/.m2/repository/jakarta/xml/bind/jakarta.xml.bind-api/2.3.2/jakarta.xml.bind-api-2.3.2.jar:/home/runner/.m2/repository/org/codehaus/woodstox/stax2-api/3.1.4/stax2-api-3.1.4.jar:/home/runner/.m2/repository/com/fasterxml/woodstox/woodstox-core/5.0.3/woodstox-core-5.0.3.jar:/home/runner/.m2/repository/javax/enterprise/cdi-api/1.2/cdi-api-1.2.jar:/home/runner/.m2/repository/javax/el/javax.el-api/3.0.0/javax.el-api-3.0.0.jar:/home/runner/.m2/repository/javax/interceptor/javax.interceptor-api/1.2/javax.interceptor-api-1.2.jar:/home/runner/.m2/repository/javax/inject/javax.inject/1/javax.inject-1.jar:/home/runner/.m2/repository/javax/xml/bind/jaxb-api/2.3.0/jaxb-api-2.3.0.jar:/home/runner/.m2/repository/org/glassfish/jaxb/jaxb-runtime/2.3.0.1/jaxb-runtime-2.3.0.1.jar:/home/runner/.m2/repository/org/glassfish/jaxb/jaxb-core/2.3.0.1/jaxb-core-2.3.0.1.jar:/home/runner/.m2/repository/org/glassfish/jaxb/txw2/2.3.0.1/txw2-2.3.0.1.jar:/home/runner/.m2/repository/com/sun/istack/istack-commons-runtime/3.0.5/istack-commons-runtime-3.0.5.jar:/home/runner/.m2/repository/org/jvnet/staxex/stax-ex/1.7.8/stax-ex-1.7.8.jar:/home/runner/.m2/repository/com/sun/xml/fastinfoset/FastInfoset/1.2.13/FastInfoset-1.2.13.jar:/home/runner/.m2/repository/javax/activation/activation/1.1.1/activation-1.1.1.jar:/home/runner/.m2/repository/org/apache/ozone/ozone-csi/1.3.0-SNAPSHOT/ozone-csi-1.3.0-SNAPSHOT.jar:/home/runner/.m2/repository/com/google/protobuf/protobuf-java-util/3.12.0/protobuf-java-util-3.12.0.jar:/home/runner/.m2/repository/com/google/code/gson/gson/2.2.4/gson-2.2.4.jar:/home/runner/.m2/repository/org/apache/ozone/hdds-config/1.3.0-SNAPSHOT/hdds-config-1.3.0-SNAPSHOT.jar:/home/runner/.m2/repository/io/grpc/grpc-netty/1.33.0/grpc-netty-1.33.0.jar:/home/runner/.m2/repository/io/grpc/grpc-core/1.33.0/grpc-core-1.33.0.jar:/home/runner/.m2/repository/com/google/android/annotations/4.1.1.4/annotations-4.1.1.4.jar:/home/runner/.m2/repository/io/netty/netty-codec-http2/4.1.63.Final/netty-codec-http2-4.1.63.Final.jar:/home/runner/.m2/repository/io/netty/netty-codec-http/4.1.63.Final/netty-codec-http-4.1.63.Final.jar:/home/runner/.m2/repository/io/netty/netty-handler-proxy/4.1.63.Final/netty-handler-proxy-4.1.63.Final.jar:/home/runner/.m2/repository/io/netty/netty-codec-socks/4.1.63.Final/netty-codec-socks-4.1.63.Final.jar:/home/runner/.m2/repository/io/perfmark/perfmark-api/0.19.0/perfmark-api-0.19.0.jar:/home/runner/.m2/repository/org/codehaus/mojo/animal-sniffer-annotations/1.18/animal-sniffer-annotations-1.18.jar:/home/runner/.m2/repository/io/netty/netty-transport-native-epoll/4.1.63.Final/netty-transport-native-epoll-4.1.63.Final.jar:/home/runner/.m2/repository/io/netty/netty-common/4.1.63.Final/netty-common-4.1.63.Final.jar:/home/runner/.m2/repository/io/netty/netty-buffer/4.1.63.Final/netty-buffer-4.1.63.Final.jar:/home/runner/.m2/repository/io/netty/netty-transport-native-unix-common/4.1.63.Final/netty-transport-native-unix-common-4.1.63.Final.jar:/home/runner/.m2/repository/io/grpc/grpc-protobuf/1.33.0/grpc-protobuf-1.33.0.jar:/home/runner/.m2/repository/io/grpc/grpc-api/1.33.0/grpc-api-1.33.0.jar:/home/runner/.m2/repository/io/grpc/grpc-context/1.33.0/grpc-context-1.33.0.jar:/home/runner/.m2/repository/com/google/api/grpc/proto-google-common-protos/1.17.0/proto-google-common-protos-1.17.0.jar:/home/runner/.m2/repository/io/grpc/grpc-protobuf-lite/1.33.0/grpc-protobuf-lite-1.33.0.jar:/home/runner/.m2/repository/io/grpc/grpc-stub/1.33.0/grpc-stub-1.33.0.jar:/home/runner/.m2/repository/org/apache/ozone/ozone-recon/1.3.0-SNAPSHOT/ozone-recon-1.3.0-SNAPSHOT.jar:/home/runner/.m2/repository/org/apache/ozone/ozone-reconcodegen/1.3.0-SNAPSHOT/ozone-reconcodegen-1.3.0-SNAPSHOT.jar:/home/runner/.m2/repository/com/google/inject/extensions/guice-multibindings/4.0/guice-multibindings-4.0.jar:/home/runner/.m2/repository/com/google/inject/guice/4.0/guice-4.0.jar:/home/runner/.m2/repository/aopalliance/aopalliance/1.0/aopalliance-1.0.jar:/home/runner/.m2/repository/com/google/inject/extensions/guice-assistedinject/4.0/guice-assistedinject-4.0.jar:/home/runner/.m2/repository/com/google/inject/extensions/guice-servlet/4.0/guice-servlet-4.0.jar:/home/runner/.m2/repository/org/glassfish/jersey/containers/jersey-container-servlet/2.33/jersey-container-servlet-2.33.jar:/home/runner/.m2/repository/org/glassfish/hk2/guice-bridge/2.5.0/guice-bridge-2.5.0.jar:/home/runner/.m2/repository/org/glassfish/jersey/core/jersey-server/2.33/jersey-server-2.33.jar:/home/runner/.m2/repository/org/glassfish/jersey/core/jersey-client/2.33/jersey-client-2.33.jar:/home/runner/.m2/repository/jakarta/annotation/jakarta.annotation-api/1.3.5/jakarta.annotation-api-1.3.5.jar:/home/runner/.m2/repository/jakarta/validation/jakarta.validation-api/2.0.2/jakarta.validation-api-2.0.2.jar:/home/runner/.m2/repository/org/glassfish/jersey/media/jersey-media-json-jackson/2.33/jersey-media-json-jackson-2.33.jar:/home/runner/.m2/repository/org/glassfish/jersey/ext/jersey-entity-filtering/2.33/jersey-entity-filtering-2.33.jar:/home/runner/.m2/repository/org/jooq/jooq/3.11.10/jooq-3.11.10.jar:/home/runner/.m2/repository/org/jooq/jooq-meta/3.11.10/jooq-meta-3.11.10.jar:/home/runner/.m2/repository/org/jooq/jooq-codegen/3.11.10/jooq-codegen-3.11.10.jar:/home/runner/.m2/repository/com/jolbox/bonecp/0.8.0.RELEASE/bonecp-0.8.0.RELEASE.jar:/home/runner/.m2/repository/org/apache/derby/derby/10.14.2.0/derby-10.14.2.0.jar:/home/runner/.m2/repository/org/xerial/sqlite-jdbc/3.25.2/sqlite-jdbc-3.25.2.jar:/home/runner/.m2/repository/org/springframework/spring-jdbc/5.2.18.RELEASE/spring-jdbc-5.2.18.RELEASE.jar:/home/runner/.m2/repository/org/springframework/spring-beans/5.2.18.RELEASE/spring-beans-5.2.18.RELEASE.jar:/home/runner/.m2/repository/org/springframework/spring-core/5.2.18.RELEASE/spring-core-5.2.18.RELEASE.jar:/home/runner/.m2/repository/org/springframework/spring-jcl/5.2.18.RELEASE/spring-jcl-5.2.18.RELEASE.jar:/home/runner/.m2/repository/org/springframework/spring-tx/5.2.18.RELEASE/spring-tx-5.2.18.RELEASE.jar:/home/runner/.m2/repository/org/apache/ozone/ozone-client/1.3.0-SNAPSHOT/ozone-client-1.3.0-SNAPSHOT.jar:/home/runner/.m2/repository/org/apache/ozone/ozone-filesystem/1.3.0-SNAPSHOT/ozone-filesystem-1.3.0-SNAPSHOT.jar:/home/runner/.m2/repository/org/apache/ozone/ozone-filesystem-common/1.3.0-SNAPSHOT/ozone-filesystem-common-1.3.0-SNAPSHOT.jar:/home/runner/.m2/repository/org/apache/ozone/ozone-tools/1.3.0-SNAPSHOT/ozone-tools-1.3.0-SNAPSHOT.jar:/home/runner/.m2/repository/org/apache/ratis/ratis-tools/2.2.0/ratis-tools-2.2.0.jar:/home/runner/.m2/repository/com/amazonaws/aws-java-sdk-core/1.12.124/aws-java-sdk-core-1.12.124.jar:/home/runner/.m2/repository/org/apache/httpcomponents/httpclient/4.5.13/httpclient-4.5.13.jar:/home/runner/.m2/repository/org/apache/httpcomponents/httpcore/4.4.13/httpcore-4.4.13.jar:/home/runner/.m2/repository/software/amazon/ion/ion-java/1.0.2/ion-java-1.0.2.jar:/home/runner/.m2/repository/com/fasterxml/jackson/dataformat/jackson-dataformat-cbor/2.12.1/jackson-dataformat-cbor-2.12.1.jar:/home/runner/.m2/repository/joda-time/joda-time/2.8.1/joda-time-2.8.1.jar:/home/runner/.m2/repository/com/amazonaws/aws-java-sdk-s3/1.12.124/aws-java-sdk-s3-1.12.124.jar:/home/runner/.m2/repository/com/amazonaws/aws-java-sdk-kms/1.12.124/aws-java-sdk-kms-1.12.124.jar:/home/runner/.m2/repository/com/amazonaws/jmespath-java/1.12.124/jmespath-java-1.12.124.jar:/home/runner/.m2/repository/org/kohsuke/metainf-services/metainf-services/1.8/metainf-services-1.8.jar:/home/runner/.m2/repository/org/apache/ozone/hdds-tools/1.3.0-SNAPSHOT/hdds-tools-1.3.0-SNAPSHOT.jar:/home/runner/.m2/repository/commons-cli/commons-cli/1.2/commons-cli-1.2.jar:/home/runner/.m2/repository/org/apache/commons/commons-lang3/3.7/commons-lang3-3.7.jar:/home/runner/.m2/repository/org/apache/ozone/ozone-manager/1.3.0-SNAPSHOT/ozone-manager-1.3.0-SNAPSHOT-tests.jar:/home/runner/.m2/repository/org/apache/ozone/hdds-common/1.3.0-SNAPSHOT/hdds-common-1.3.0-SNAPSHOT-tests.jar:/home/runner/.m2/repository/org/apache/ozone/hdds-hadoop-dependency-client/1.3.0-SNAPSHOT/hdds-hadoop-dependency-client-1.3.0-SNAPSHOT.jar:/home/runner/.m2/repository/info/picocli/picocli/4.6.1/picocli-4.6.1.jar:/home/runner/.m2/repository/com/fasterxml/jackson/core/jackson-annotations/2.12.1/jackson-annotations-2.12.1.jar:/home/runner/.m2/repository/javax/annotation/javax.annotation-api/1.2/javax.annotation-api-1.2.jar:/home/runner/.m2/repository/org/apache/ratis/ratis-server/2.2.0/ratis-server-2.2.0.jar:/home/runner/.m2/repository/org/apache/ratis/ratis-client/2.2.0/ratis-client-2.2.0.jar:/home/runner/.m2/repository/org/apache/ratis/ratis-server-api/2.2.0/ratis-server-api-2.2.0.jar:/home/runner/.m2/repository/org/apache/ratis/ratis-metrics/2.2.0/ratis-metrics-2.2.0.jar:/home/runner/.m2/repository/org/apache/ratis/ratis-netty/2.2.0/ratis-netty-2.2.0.jar:/home/runner/.m2/repository/org/apache/ratis/ratis-grpc/2.2.0/ratis-grpc-2.2.0.jar:/home/runner/.m2/repository/org/apache/logging/log4j/log4j-api/2.17.1/log4j-api-2.17.1.jar:/home/runner/.m2/repository/org/apache/commons/commons-pool2/2.6.0/commons-pool2-2.6.0.jar:/home/runner/.m2/repository/org/bouncycastle/bcpkix-jdk15on/1.67/bcpkix-jdk15on-1.67.jar:/home/runner/.m2/repository/commons-validator/commons-validator/1.6/commons-validator-1.6.jar:/home/runner/.m2/repository/commons-beanutils/commons-beanutils/1.9.4/commons-beanutils-1.9.4.jar:/home/runner/.m2/repository/commons-digester/commons-digester/1.8.1/commons-digester-1.8.1.jar:/home/runner/.m2/repository/commons-collections/commons-collections/3.2.2/commons-collections-3.2.2.jar:/home/runner/.m2/repository/io/jaegertracing/jaeger-client/1.6.0/jaeger-client-1.6.0.jar:/home/runner/.m2/repository/io/jaegertracing/jaeger-thrift/1.6.0/jaeger-thrift-1.6.0.jar:/home/runner/.m2/repository/org/apache/thrift/libthrift/0.14.1/libthrift-0.14.1.jar:/home/runner/.m2/repository/com/squareup/okhttp3/okhttp/4.9.0/okhttp-4.9.0.jar:/home/runner/.m2/repository/com/squareup/okio/okio/2.8.0/okio-2.8.0.jar:/home/runner/.m2/repository/io/jaegertracing/jaeger-core/1.6.0/jaeger-core-1.6.0.jar:/home/runner/.m2/repository/io/jaegertracing/jaeger-tracerresolver/1.6.0/jaeger-tracerresolver-1.6.0.jar:/home/runner/.m2/repository/io/opentracing/contrib/opentracing-tracerresolver/0.1.8/opentracing-tracerresolver-0.1.8.jar:/home/runner/.m2/repository/org/jetbrains/kotlin/kotlin-stdlib/1.4.31/kotlin-stdlib-1.4.31.jar:/home/runner/.m2/repository/org/jetbrains/kotlin/kotlin-stdlib-common/1.4.31/kotlin-stdlib-common-1.4.31.jar:/home/runner/.m2/repository/org/jetbrains/annotations/13.0/annotations-13.0.jar:/home/runner/.m2/repository/io/opentracing/opentracing-util/0.33.0/opentracing-util-0.33.0.jar:/home/runner/.m2/repository/io/opentracing/opentracing-api/0.33.0/opentracing-api-0.33.0.jar:/home/runner/.m2/repository/io/opentracing/opentracing-noop/0.33.0/opentracing-noop-0.33.0.jar:/home/runner/.m2/repository/org/yaml/snakeyaml/1.26/snakeyaml-1.26.jar:/home/runner/.m2/repository/org/apache/ozone/hdds-interface-admin/1.3.0-SNAPSHOT/hdds-interface-admin-1.3.0-SNAPSHOT.jar:/home/runner/.m2/repository/junit/junit/4.13.1/junit-4.13.1.jar:/home/runner/.m2/repository/org/hamcrest/hamcrest-core/1.3/hamcrest-core-1.3.jar:/home/runner/.m2/repository/org/junit/jupiter/junit-jupiter-api/5.7.0/junit-jupiter-api-5.7.0.jar:/home/runner/.m2/repository/org/apiguardian/apiguardian-api/1.1.0/apiguardian-api-1.1.0.jar:/home/runner/.m2/repository/org/opentest4j/opentest4j/1.2.0/opentest4j-1.2.0.jar:/home/runner/.m2/repository/org/junit/platform/junit-platform-commons/1.7.0/junit-platform-commons-1.7.0.jar:/home/runner/.m2/repository/org/junit/jupiter/junit-jupiter-engine/5.7.0/junit-jupiter-engine-5.7.0.jar:/home/runner/.m2/repository/org/junit/platform/junit-platform-engine/1.7.0/junit-platform-engine-1.7.0.jar:/home/runner/.m2/repository/org/junit/vintage/junit-vintage-engine/5.7.0/junit-vintage-engine-5.7.0.jar:/home/runner/.m2/repository/org/junit/platform/junit-platform-launcher/1.7.0/junit-platform-launcher-1.7.0.jar:/home/runner/.m2/repository/org/mockito/mockito-core/2.28.2/mockito-core-2.28.2.jar:/home/runner/.m2/repository/net/bytebuddy/byte-buddy/1.9.10/byte-buddy-1.9.10.jar:/home/runner/.m2/repository/net/bytebuddy/byte-buddy-agent/1.9.10/byte-buddy-agent-1.9.10.jar:/home/runner/.m2/repository/org/objenesis/objenesis/1.0/objenesis-1.0.jar:/home/runner/.m2/repository/org/apache/hadoop/hadoop-kms/3.3.1/hadoop-kms-3.3.1.jar:/home/runner/.m2/repository/org/apache/hadoop/hadoop-auth/3.3.1/hadoop-auth-3.3.1.jar:/home/runner/.m2/repository/com/nimbusds/nimbus-jose-jwt/7.9/nimbus-jose-jwt-7.9.jar:/home/runner/.m2/repository/com/github/stephenc/jcip/jcip-annotations/1.0-1/jcip-annotations-1.0-1.jar:/home/runner/.m2/repository/net/minidev/json-smart/2.4.7/json-smart-2.4.7.jar:/home/runner/.m2/repository/net/minidev/accessors-smart/2.4.7/accessors-smart-2.4.7.jar:/home/runner/.m2/repository/org/ow2/asm/asm/5.0.4/asm-5.0.4.jar:/home/runner/.m2/repository/org/apache/zookeeper/zookeeper/3.5.6/zookeeper-3.5.6.jar:/home/runner/.m2/repository/org/apache/zookeeper/zookeeper-jute/3.5.6/zookeeper-jute-3.5.6.jar:/home/runner/.m2/repository/org/apache/yetus/audience-annotations/0.5.0/audience-annotations-0.5.0.jar:/home/runner/.m2/repository/org/apache/curator/curator-framework/4.2.0/curator-framework-4.2.0.jar:/home/runner/.m2/repository/org/apache/hadoop/thirdparty/hadoop-shaded-guava/1.1.1/hadoop-shaded-guava-1.1.1.jar:/home/runner/.m2/repository/com/sun/jersey/jersey-core/1.19/jersey-core-1.19.jar:/home/runner/.m2/repository/javax/ws/rs/jsr311-api/1.1.1/jsr311-api-1.1.1.jar:/home/runner/.m2/repository/com/sun/jersey/jersey-server/1.19/jersey-server-1.19.jar:/home/runner/.m2/repository/javax/servlet/javax.servlet-api/3.1.0/javax.servlet-api-3.1.0.jar:/home/runner/.m2/repository/org/eclipse/jetty/jetty-server/9.4.43.v20210629/jetty-server-9.4.43.v20210629.jar:/home/runner/.m2/repository/org/eclipse/jetty/jetty-http/9.4.43.v20210629/jetty-http-9.4.43.v20210629.jar:/home/runner/.m2/repository/org/eclipse/jetty/jetty-io/9.4.43.v20210629/jetty-io-9.4.43.v20210629.jar:/home/runner/.m2/repository/org/eclipse/jetty/jetty-webapp/9.4.43.v20210629/jetty-webapp-9.4.43.v20210629.jar:/home/runner/.m2/repository/org/eclipse/jetty/jetty-xml/9.4.43.v20210629/jetty-xml-9.4.43.v20210629.jar:/home/runner/.m2/repository/org/apache/hadoop/hadoop-common/3.3.1/hadoop-common-3.3.1.jar:/home/runner/.m2/repository/org/apache/commons/commons-math3/3.1.1/commons-math3-3.1.1.jar:/home/runner/.m2/repository/commons-net/commons-net/3.6/commons-net-3.6.jar:/home/runner/.m2/repository/jakarta/activation/jakarta.activation-api/1.2.1/jakarta.activation-api-1.2.1.jar:/home/runner/.m2/repository/com/sun/jersey/jersey-servlet/1.19/jersey-servlet-1.19.jar:/home/runner/.m2/repository/com/sun/jersey/jersey-json/1.19/jersey-json-1.19.jar:/home/runner/.m2/repository/org/codehaus/jettison/jettison/1.1/jettison-1.1.jar:/home/runner/.m2/repository/com/sun/xml/bind/jaxb-impl/2.2.3-1/jaxb-impl-2.2.3-1.jar:/home/runner/.m2/repository/org/codehaus/jackson/jackson-jaxrs/1.9.2/jackson-jaxrs-1.9.2.jar:/home/runner/.m2/repository/org/codehaus/jackson/jackson-xc/1.9.2/jackson-xc-1.9.2.jar:/home/runner/.m2/repository/org/apache/commons/commons-configuration2/2.1.1/commons-configuration2-2.1.1.jar:/home/runner/.m2/repository/org/apache/commons/commons-text/1.4/commons-text-1.4.jar:/home/runner/.m2/repository/com/google/re2j/re2j/1.1/re2j-1.1.jar:/home/runner/.m2/repository/com/jcraft/jsch/0.1.54/jsch-0.1.54.jar:/home/runner/.m2/repository/org/apache/curator/curator-client/4.2.0/curator-client-4.2.0.jar:/home/runner/.m2/repository/org/apache/curator/curator-recipes/4.2.0/curator-recipes-4.2.0.jar:/home/runner/.m2/repository/org/apache/kerby/kerb-core/1.0.1/kerb-core-1.0.1.jar:/home/runner/.m2/repository/org/apache/kerby/kerby-pkix/1.0.1/kerby-pkix-1.0.1.jar:/home/runner/.m2/repository/org/apache/kerby/kerby-asn1/1.0.1/kerby-asn1-1.0.1.jar:/home/runner/.m2/repository/org/apache/kerby/kerby-util/1.0.1/kerby-util-1.0.1.jar:/home/runner/.m2/repository/dnsjava/dnsjava/2.1.7/dnsjava-2.1.7.jar:/home/runner/.m2/repository/org/xerial/snappy/snappy-java/1.1.8.2/snappy-java-1.1.8.2.jar:/home/runner/.m2/repository/org/slf4j/jul-to-slf4j/1.7.30/jul-to-slf4j-1.7.30.jar:/home/runner/.m2/repository/org/eclipse/jetty/jetty-util/9.4.43.v20210629/jetty-util-9.4.43.v20210629.jar:/home/runner/.m2/repository/com/fasterxml/jackson/core/jackson-databind/2.12.1/jackson-databind-2.12.1.jar:/home/runner/.m2/repository/org/apache/hadoop/hadoop-kms/3.3.1/hadoop-kms-3.3.1-tests.jar:/home/runner/.m2/repository/org/apache/ozone/hdds-server-scm/1.3.0-SNAPSHOT/hdds-server-scm-1.3.0-SNAPSHOT-tests.jar:/home/runner/.m2/repository/org/apache/ozone/hdds-container-service/1.3.0-SNAPSHOT/hdds-container-service-1.3.0-SNAPSHOT-tests.jar:/home/runner/.m2/repository/commons-codec/commons-codec/1.11/commons-codec-1.11.jar:/home/runner/.m2/repository/io/netty/netty-transport/4.1.63.Final/netty-transport-4.1.63.Final.jar:/home/runner/.m2/repository/io/netty/netty-resolver/4.1.63.Final/netty-resolver-4.1.63.Final.jar:/home/runner/.m2/repository/io/netty/netty-codec/4.1.63.Final/netty-codec-4.1.63.Final.jar:/home/runner/.m2/repository/io/netty/netty-handler/4.1.63.Final/netty-handler-4.1.63.Final.jar:/home/runner/.m2/repository/org/apache/ozone/hdds-hadoop-dependency-test/1.3.0-SNAPSHOT/hdds-hadoop-dependency-test-1.3.0-SNAPSHOT.jar:/home/runner/.m2/repository/org/apache/hadoop/hadoop-common/3.3.1/hadoop-common-3.3.1-tests.jar:/home/runner/.m2/repository/org/assertj/assertj-core/3.12.2/assertj-core-3.12.2.jar:/home/runner/.m2/repository/org/apache/hadoop/hadoop-hdfs/3.3.1/hadoop-hdfs-3.3.1-tests.jar:/home/runner/.m2/repository/org/eclipse/jetty/jetty-util-ajax/9.4.43.v20210629/jetty-util-ajax-9.4.43.v20210629.jar:/home/runner/.m2/repository/commons-daemon/commons-daemon/1.0.13/commons-daemon-1.0.13.jar:/home/runner/.m2/repository/io/netty/netty/3.10.6.Final/netty-3.10.6.Final.jar:/home/runner/.m2/repository/io/netty/netty-all/4.1.63.Final/netty-all-4.1.63.Final.jar:/home/runner/.m2/repository/org/apache/htrace/htrace-core4/4.1.0-incubating/htrace-core4-4.1.0-incubating.jar:/home/runner/.m2/repository/org/fusesource/leveldbjni/leveldbjni-all/1.8/leveldbjni-all-1.8.jar:/home/runner/.m2/repository/org/apache/hadoop/hadoop-distcp/3.3.1/hadoop-distcp-3.3.1.jar:/home/runner/.m2/repository/org/apache/hadoop/hadoop-mapreduce-client-jobclient/3.3.1/hadoop-mapreduce-client-jobclient-3.3.1.jar:/home/runner/.m2/repository/org/apache/hadoop/hadoop-mapreduce-client-common/3.3.1/hadoop-mapreduce-client-common-3.3.1.jar:/home/runner/.m2/repository/org/apache/hadoop/hadoop-yarn-common/3.3.1/hadoop-yarn-common-3.3.1.jar:/home/runner/.m2/repository/org/apache/hadoop/hadoop-yarn-api/3.3.1/hadoop-yarn-api-3.3.1.jar:/home/runner/.m2/repository/com/sun/jersey/jersey-client/1.19/jersey-client-1.19.jar:/home/runner/.m2/repository/com/sun/jersey/contribs/jersey-guice/1.19/jersey-guice-1.19.jar:/home/runner/.m2/repository/com/fasterxml/jackson/jaxrs/jackson-jaxrs-json-provider/2.12.1/jackson-jaxrs-json-provider-2.12.1.jar:/home/runner/.m2/repository/com/fasterxml/jackson/jaxrs/jackson-jaxrs-base/2.12.1/jackson-jaxrs-base-2.12.1.jar:/home/runner/.m2/repository/org/apache/hadoop/hadoop-yarn-client/3.3.1/hadoop-yarn-client-3.3.1.jar:/home/runner/.m2/repository/org/eclipse/jetty/websocket/websocket-client/9.4.40.v20210413/websocket-client-9.4.40.v20210413.jar:/home/runner/.m2/repository/org/eclipse/jetty/jetty-client/9.4.40.v20210413/jetty-client-9.4.40.v20210413.jar:/home/runner/.m2/repository/org/eclipse/jetty/websocket/websocket-common/9.4.40.v20210413/websocket-common-9.4.40.v20210413.jar:/home/runner/.m2/repository/org/eclipse/jetty/websocket/websocket-api/9.4.40.v20210413/websocket-api-9.4.40.v20210413.jar:/home/runner/.m2/repository/org/jline/jline/3.9.0/jline-3.9.0.jar:/home/runner/.m2/repository/org/apache/hadoop/hadoop-mapreduce-client-core/3.3.1/hadoop-mapreduce-client-core-3.3.1.jar:/home/runner/.m2/repository/org/apache/avro/avro/1.7.7/avro-1.7.7.jar:/home/runner/.m2/repository/org/codehaus/jackson/jackson-core-asl/1.9.13/jackson-core-asl-1.9.13.jar:/home/runner/.m2/repository/org/codehaus/jackson/jackson-mapper-asl/1.9.13/jackson-mapper-asl-1.9.13.jar:/home/runner/.m2/repository/com/thoughtworks/paranamer/paranamer/2.3/paranamer-2.3.jar:/home/runner/.m2/repository/org/apache/hadoop/hadoop-annotations/3.3.1/hadoop-annotations-3.3.1.jar:/usr/lib/jvm/temurin-8-jdk-amd64/jre/../lib/tools.jar:/home/runner/.m2/repository/org/apache/hadoop/hadoop-distcp/3.3.1/hadoop-distcp-3.3.1-tests.jar:/home/runner/.m2/repository/org/apache/ratis/ratis-common/2.2.0/ratis-common-2.2.0.jar:/home/runner/.m2/repository/org/apache/ratis/ratis-thirdparty-misc/0.7.0/ratis-thirdparty-misc-0.7.0.jar:/home/runner/.m2/repository/org/apache/ratis/ratis-proto/2.2.0/ratis-proto-2.2.0.jar:"/>
    <property name="java.vm.vendor" value="Temurin"/>
    <property name="sun.arch.data.model" value="64"/>
    <property name="test.build.dir" value="/home/runner/work/ozone/ozone/hadoop-ozone/integration-test/target/test-dir"/>
    <property name="test.cache.data" value=""/>
    <property name="java.vendor.url" value="https://adoptium.net/"/>
    <property name="user.timezone" value=""/>
    <property name="java.vm.specification.version" value="1.8"/>
    <property name="os.name" value="Linux"/>
    <property name="test.build.data" value="/home/runner/work/ozone/ozone/hadoop-ozone/integration-test/target/test-dir"/>
    <property name="sun.java.launcher" value="SUN_STANDARD"/>
    <property name="sun.boot.library.path" value="/usr/lib/jvm/temurin-8-jdk-amd64/jre/lib/amd64"/>
    <property name="sun.java.command" value="/home/runner/work/ozone/ozone/hadoop-ozone/integration-test/target/surefire/surefirebooter6248391071354246512.jar /home/runner/work/ozone/ozone/hadoop-ozone/integration-test/target/surefire 2022-03-11T10-44-38_168-jvmRun1 surefire6136863372772288450tmp surefire_21312354446392785797tmp"/>
    <property name="surefire.test.class.path" value="/home/runner/work/ozone/ozone/hadoop-ozone/integration-test/target/test-classes:/home/runner/work/ozone/ozone/hadoop-ozone/integration-test/target/classes:/home/runner/.m2/repository/org/apache/ozone/ozone-common/1.3.0-SNAPSHOT/ozone-common-1.3.0-SNAPSHOT.jar:/home/runner/.m2/repository/org/apache/commons/commons-compress/1.21/commons-compress-1.21.jar:/home/runner/.m2/repository/org/apache/ozone/hdds-common/1.3.0-SNAPSHOT/hdds-common-1.3.0-SNAPSHOT.jar:/home/runner/.m2/repository/org/apache/ozone/hdds-client/1.3.0-SNAPSHOT/hdds-client-1.3.0-SNAPSHOT.jar:/home/runner/.m2/repository/org/apache/ozone/ozone-interface-client/1.3.0-SNAPSHOT/ozone-interface-client-1.3.0-SNAPSHOT.jar:/home/runner/.m2/repository/org/apache/ozone/hdds-test-utils/1.3.0-SNAPSHOT/hdds-test-utils-1.3.0-SNAPSHOT.jar:/home/runner/.m2/repository/com/google/guava/guava/30.1.1-jre/guava-30.1.1-jre.jar:/home/runner/.m2/repository/com/google/guava/failureaccess/1.0.1/failureaccess-1.0.1.jar:/home/runner/.m2/repository/com/google/guava/listenablefuture/9999.0-empty-to-avoid-conflict-with-guava/listenablefuture-9999.0-empty-to-avoid-conflict-with-guava.jar:/home/runner/.m2/repository/com/google/code/findbugs/jsr305/3.0.0/jsr305-3.0.0.jar:/home/runner/.m2/repository/org/checkerframework/checker-qual/3.8.0/checker-qual-3.8.0.jar:/home/runner/.m2/repository/com/google/errorprone/error_prone_annotations/2.2.0/error_prone_annotations-2.2.0.jar:/home/runner/.m2/repository/com/google/j2objc/j2objc-annotations/1.3/j2objc-annotations-1.3.jar:/home/runner/.m2/repository/commons-io/commons-io/2.11.0/commons-io-2.11.0.jar:/home/runner/.m2/repository/commons-logging/commons-logging/1.2/commons-logging-1.2.jar:/home/runner/.m2/repository/log4j/log4j/1.2.17/log4j-1.2.17.jar:/home/runner/.m2/repository/org/slf4j/slf4j-api/1.7.30/slf4j-api-1.7.30.jar:/home/runner/.m2/repository/org/apache/ozone/hdds-server-scm/1.3.0-SNAPSHOT/hdds-server-scm-1.3.0-SNAPSHOT.jar:/home/runner/.m2/repository/org/apache/ozone/hdds-container-service/1.3.0-SNAPSHOT/hdds-container-service-1.3.0-SNAPSHOT.jar:/home/runner/.m2/repository/org/apache/ozone/hdds-hadoop-dependency-server/1.3.0-SNAPSHOT/hdds-hadoop-dependency-server-1.3.0-SNAPSHOT.jar:/home/runner/.m2/repository/org/apache/hadoop/hadoop-hdfs/3.3.1/hadoop-hdfs-3.3.1.jar:/home/runner/.m2/repository/org/apache/ozone/hdds-server-framework/1.3.0-SNAPSHOT/hdds-server-framework-1.3.0-SNAPSHOT.jar:/home/runner/.m2/repository/org/apache/ozone/hdds-interface-server/1.3.0-SNAPSHOT/hdds-interface-server-1.3.0-SNAPSHOT.jar:/home/runner/.m2/repository/org/apache/logging/log4j/log4j-core/2.17.1/log4j-core-2.17.1.jar:/home/runner/.m2/repository/com/lmax/disruptor/3.4.2/disruptor-3.4.2.jar:/home/runner/.m2/repository/org/eclipse/jetty/jetty-servlet/9.4.43.v20210629/jetty-servlet-9.4.43.v20210629.jar:/home/runner/.m2/repository/org/eclipse/jetty/jetty-security/9.4.43.v20210629/jetty-security-9.4.43.v20210629.jar:/home/runner/.m2/repository/org/rocksdb/rocksdbjni/6.25.3/rocksdbjni-6.25.3.jar:/home/runner/.m2/repository/io/prometheus/simpleclient_dropwizard/0.7.0/simpleclient_dropwizard-0.7.0.jar:/home/runner/.m2/repository/io/prometheus/simpleclient/0.7.0/simpleclient-0.7.0.jar:/home/runner/.m2/repository/io/prometheus/simpleclient_common/0.7.0/simpleclient_common-0.7.0.jar:/home/runner/.m2/repository/com/fasterxml/jackson/datatype/jackson-datatype-jsr310/2.12.1/jackson-datatype-jsr310-2.12.1.jar:/home/runner/.m2/repository/io/dropwizard/metrics/metrics-core/3.2.4/metrics-core-3.2.4.jar:/home/runner/.m2/repository/org/apache/hadoop/hadoop-hdfs-client/3.3.1/hadoop-hdfs-client-3.3.1.jar:/home/runner/.m2/repository/org/bouncycastle/bcprov-jdk15on/1.67/bcprov-jdk15on-1.67.jar:/home/runner/.m2/repository/com/google/protobuf/protobuf-java/2.5.0/protobuf-java-2.5.0.jar:/home/runner/.m2/repository/org/apache/ozone/ozone-manager/1.3.0-SNAPSHOT/ozone-manager-1.3.0-SNAPSHOT.jar:/home/runner/.m2/repository/org/aspectj/aspectjrt/1.9.7/aspectjrt-1.9.7.jar:/home/runner/.m2/repository/org/aspectj/aspectjweaver/1.9.7/aspectjweaver-1.9.7.jar:/home/runner/.m2/repository/org/apache/ozone/hdds-interface-client/1.3.0-SNAPSHOT/hdds-interface-client-1.3.0-SNAPSHOT.jar:/home/runner/.m2/repository/org/apache/hadoop/thirdparty/hadoop-shaded-protobuf_3_7/1.1.1/hadoop-shaded-protobuf_3_7-1.1.1.jar:/home/runner/.m2/repository/org/apache/ozone/ozone-interface-storage/1.3.0-SNAPSHOT/ozone-interface-storage-1.3.0-SNAPSHOT.jar:/home/runner/.m2/repository/org/reflections/reflections/0.9.11/reflections-0.9.11.jar:/home/runner/.m2/repository/org/apache/hadoop/hadoop-minikdc/3.3.1/hadoop-minikdc-3.3.1.jar:/home/runner/.m2/repository/org/apache/kerby/kerb-simplekdc/1.0.1/kerb-simplekdc-1.0.1.jar:/home/runner/.m2/repository/org/apache/kerby/kerb-client/1.0.1/kerb-client-1.0.1.jar:/home/runner/.m2/repository/org/apache/kerby/kerby-config/1.0.1/kerby-config-1.0.1.jar:/home/runner/.m2/repository/org/apache/kerby/kerb-common/1.0.1/kerb-common-1.0.1.jar:/home/runner/.m2/repository/org/apache/kerby/kerb-crypto/1.0.1/kerb-crypto-1.0.1.jar:/home/runner/.m2/repository/org/apache/kerby/kerb-util/1.0.1/kerb-util-1.0.1.jar:/home/runner/.m2/repository/org/apache/kerby/token-provider/1.0.1/token-provider-1.0.1.jar:/home/runner/.m2/repository/org/apache/kerby/kerb-admin/1.0.1/kerb-admin-1.0.1.jar:/home/runner/.m2/repository/org/apache/kerby/kerb-server/1.0.1/kerb-server-1.0.1.jar:/home/runner/.m2/repository/org/apache/kerby/kerb-identity/1.0.1/kerb-identity-1.0.1.jar:/home/runner/.m2/repository/org/apache/kerby/kerby-xdr/1.0.1/kerby-xdr-1.0.1.jar:/home/runner/.m2/repository/org/slf4j/slf4j-log4j12/1.7.30/slf4j-log4j12-1.7.30.jar:/home/runner/.m2/repository/org/apache/ozone/ozone-s3gateway/1.3.0-SNAPSHOT/ozone-s3gateway-1.3.0-SNAPSHOT.jar:/home/runner/.m2/repository/org/javassist/javassist/3.21.0-GA/javassist-3.21.0-GA.jar:/home/runner/.m2/repository/org/jboss/weld/servlet/weld-servlet/2.4.7.Final/weld-servlet-2.4.7.Final.jar:/home/runner/.m2/repository/org/glassfish/jersey/containers/jersey-container-servlet-core/2.33/jersey-container-servlet-core-2.33.jar:/home/runner/.m2/repository/org/glassfish/hk2/external/jakarta.inject/2.6.1/jakarta.inject-2.6.1.jar:/home/runner/.m2/repository/org/glassfish/jersey/core/jersey-common/2.33/jersey-common-2.33.jar:/home/runner/.m2/repository/jakarta/ws/rs/jakarta.ws.rs-api/2.1.6/jakarta.ws.rs-api-2.1.6.jar:/home/runner/.m2/repository/org/glassfish/jersey/ext/cdi/jersey-cdi1x/2.33/jersey-cdi1x-2.33.jar:/home/runner/.m2/repository/org/glassfish/jersey/inject/jersey-hk2/2.33/jersey-hk2-2.33.jar:/home/runner/.m2/repository/org/glassfish/hk2/hk2-locator/2.6.1/hk2-locator-2.6.1.jar:/home/runner/.m2/repository/org/glassfish/jersey/media/jersey-media-jaxb/2.33/jersey-media-jaxb-2.33.jar:/home/runner/.m2/repository/org/glassfish/hk2/osgi-resource-locator/1.0.3/osgi-resource-locator-1.0.3.jar:/home/runner/.m2/repository/org/glassfish/hk2/hk2-api/2.5.0/hk2-api-2.5.0.jar:/home/runner/.m2/repository/org/glassfish/hk2/hk2-utils/2.5.0/hk2-utils-2.5.0.jar:/home/runner/.m2/repository/org/glassfish/hk2/external/aopalliance-repackaged/2.5.0/aopalliance-repackaged-2.5.0.jar:/home/runner/.m2/repository/com/fasterxml/jackson/dataformat/jackson-dataformat-xml/2.12.1/jackson-dataformat-xml-2.12.1.jar:/home/runner/.m2/repository/com/fasterxml/jackson/core/jackson-core/2.12.1/jackson-core-2.12.1.jar:/home/runner/.m2/repository/com/fasterxml/jackson/module/jackson-module-jaxb-annotations/2.12.1/jackson-module-jaxb-annotations-2.12.1.jar:/home/runner/.m2/repository/jakarta/xml/bind/jakarta.xml.bind-api/2.3.2/jakarta.xml.bind-api-2.3.2.jar:/home/runner/.m2/repository/org/codehaus/woodstox/stax2-api/3.1.4/stax2-api-3.1.4.jar:/home/runner/.m2/repository/com/fasterxml/woodstox/woodstox-core/5.0.3/woodstox-core-5.0.3.jar:/home/runner/.m2/repository/javax/enterprise/cdi-api/1.2/cdi-api-1.2.jar:/home/runner/.m2/repository/javax/el/javax.el-api/3.0.0/javax.el-api-3.0.0.jar:/home/runner/.m2/repository/javax/interceptor/javax.interceptor-api/1.2/javax.interceptor-api-1.2.jar:/home/runner/.m2/repository/javax/inject/javax.inject/1/javax.inject-1.jar:/home/runner/.m2/repository/javax/xml/bind/jaxb-api/2.3.0/jaxb-api-2.3.0.jar:/home/runner/.m2/repository/org/glassfish/jaxb/jaxb-runtime/2.3.0.1/jaxb-runtime-2.3.0.1.jar:/home/runner/.m2/repository/org/glassfish/jaxb/jaxb-core/2.3.0.1/jaxb-core-2.3.0.1.jar:/home/runner/.m2/repository/org/glassfish/jaxb/txw2/2.3.0.1/txw2-2.3.0.1.jar:/home/runner/.m2/repository/com/sun/istack/istack-commons-runtime/3.0.5/istack-commons-runtime-3.0.5.jar:/home/runner/.m2/repository/org/jvnet/staxex/stax-ex/1.7.8/stax-ex-1.7.8.jar:/home/runner/.m2/repository/com/sun/xml/fastinfoset/FastInfoset/1.2.13/FastInfoset-1.2.13.jar:/home/runner/.m2/repository/javax/activation/activation/1.1.1/activation-1.1.1.jar:/home/runner/.m2/repository/org/apache/ozone/ozone-csi/1.3.0-SNAPSHOT/ozone-csi-1.3.0-SNAPSHOT.jar:/home/runner/.m2/repository/com/google/protobuf/protobuf-java-util/3.12.0/protobuf-java-util-3.12.0.jar:/home/runner/.m2/repository/com/google/code/gson/gson/2.2.4/gson-2.2.4.jar:/home/runner/.m2/repository/org/apache/ozone/hdds-config/1.3.0-SNAPSHOT/hdds-config-1.3.0-SNAPSHOT.jar:/home/runner/.m2/repository/io/grpc/grpc-netty/1.33.0/grpc-netty-1.33.0.jar:/home/runner/.m2/repository/io/grpc/grpc-core/1.33.0/grpc-core-1.33.0.jar:/home/runner/.m2/repository/com/google/android/annotations/4.1.1.4/annotations-4.1.1.4.jar:/home/runner/.m2/repository/io/netty/netty-codec-http2/4.1.63.Final/netty-codec-http2-4.1.63.Final.jar:/home/runner/.m2/repository/io/netty/netty-codec-http/4.1.63.Final/netty-codec-http-4.1.63.Final.jar:/home/runner/.m2/repository/io/netty/netty-handler-proxy/4.1.63.Final/netty-handler-proxy-4.1.63.Final.jar:/home/runner/.m2/repository/io/netty/netty-codec-socks/4.1.63.Final/netty-codec-socks-4.1.63.Final.jar:/home/runner/.m2/repository/io/perfmark/perfmark-api/0.19.0/perfmark-api-0.19.0.jar:/home/runner/.m2/repository/org/codehaus/mojo/animal-sniffer-annotations/1.18/animal-sniffer-annotations-1.18.jar:/home/runner/.m2/repository/io/netty/netty-transport-native-epoll/4.1.63.Final/netty-transport-native-epoll-4.1.63.Final.jar:/home/runner/.m2/repository/io/netty/netty-common/4.1.63.Final/netty-common-4.1.63.Final.jar:/home/runner/.m2/repository/io/netty/netty-buffer/4.1.63.Final/netty-buffer-4.1.63.Final.jar:/home/runner/.m2/repository/io/netty/netty-transport-native-unix-common/4.1.63.Final/netty-transport-native-unix-common-4.1.63.Final.jar:/home/runner/.m2/repository/io/grpc/grpc-protobuf/1.33.0/grpc-protobuf-1.33.0.jar:/home/runner/.m2/repository/io/grpc/grpc-api/1.33.0/grpc-api-1.33.0.jar:/home/runner/.m2/repository/io/grpc/grpc-context/1.33.0/grpc-context-1.33.0.jar:/home/runner/.m2/repository/com/google/api/grpc/proto-google-common-protos/1.17.0/proto-google-common-protos-1.17.0.jar:/home/runner/.m2/repository/io/grpc/grpc-protobuf-lite/1.33.0/grpc-protobuf-lite-1.33.0.jar:/home/runner/.m2/repository/io/grpc/grpc-stub/1.33.0/grpc-stub-1.33.0.jar:/home/runner/.m2/repository/org/apache/ozone/ozone-recon/1.3.0-SNAPSHOT/ozone-recon-1.3.0-SNAPSHOT.jar:/home/runner/.m2/repository/org/apache/ozone/ozone-reconcodegen/1.3.0-SNAPSHOT/ozone-reconcodegen-1.3.0-SNAPSHOT.jar:/home/runner/.m2/repository/com/google/inject/extensions/guice-multibindings/4.0/guice-multibindings-4.0.jar:/home/runner/.m2/repository/com/google/inject/guice/4.0/guice-4.0.jar:/home/runner/.m2/repository/aopalliance/aopalliance/1.0/aopalliance-1.0.jar:/home/runner/.m2/repository/com/google/inject/extensions/guice-assistedinject/4.0/guice-assistedinject-4.0.jar:/home/runner/.m2/repository/com/google/inject/extensions/guice-servlet/4.0/guice-servlet-4.0.jar:/home/runner/.m2/repository/org/glassfish/jersey/containers/jersey-container-servlet/2.33/jersey-container-servlet-2.33.jar:/home/runner/.m2/repository/org/glassfish/hk2/guice-bridge/2.5.0/guice-bridge-2.5.0.jar:/home/runner/.m2/repository/org/glassfish/jersey/core/jersey-server/2.33/jersey-server-2.33.jar:/home/runner/.m2/repository/org/glassfish/jersey/core/jersey-client/2.33/jersey-client-2.33.jar:/home/runner/.m2/repository/jakarta/annotation/jakarta.annotation-api/1.3.5/jakarta.annotation-api-1.3.5.jar:/home/runner/.m2/repository/jakarta/validation/jakarta.validation-api/2.0.2/jakarta.validation-api-2.0.2.jar:/home/runner/.m2/repository/org/glassfish/jersey/media/jersey-media-json-jackson/2.33/jersey-media-json-jackson-2.33.jar:/home/runner/.m2/repository/org/glassfish/jersey/ext/jersey-entity-filtering/2.33/jersey-entity-filtering-2.33.jar:/home/runner/.m2/repository/org/jooq/jooq/3.11.10/jooq-3.11.10.jar:/home/runner/.m2/repository/org/jooq/jooq-meta/3.11.10/jooq-meta-3.11.10.jar:/home/runner/.m2/repository/org/jooq/jooq-codegen/3.11.10/jooq-codegen-3.11.10.jar:/home/runner/.m2/repository/com/jolbox/bonecp/0.8.0.RELEASE/bonecp-0.8.0.RELEASE.jar:/home/runner/.m2/repository/org/apache/derby/derby/10.14.2.0/derby-10.14.2.0.jar:/home/runner/.m2/repository/org/xerial/sqlite-jdbc/3.25.2/sqlite-jdbc-3.25.2.jar:/home/runner/.m2/repository/org/springframework/spring-jdbc/5.2.18.RELEASE/spring-jdbc-5.2.18.RELEASE.jar:/home/runner/.m2/repository/org/springframework/spring-beans/5.2.18.RELEASE/spring-beans-5.2.18.RELEASE.jar:/home/runner/.m2/repository/org/springframework/spring-core/5.2.18.RELEASE/spring-core-5.2.18.RELEASE.jar:/home/runner/.m2/repository/org/springframework/spring-jcl/5.2.18.RELEASE/spring-jcl-5.2.18.RELEASE.jar:/home/runner/.m2/repository/org/springframework/spring-tx/5.2.18.RELEASE/spring-tx-5.2.18.RELEASE.jar:/home/runner/.m2/repository/org/apache/ozone/ozone-client/1.3.0-SNAPSHOT/ozone-client-1.3.0-SNAPSHOT.jar:/home/runner/.m2/repository/org/apache/ozone/ozone-filesystem/1.3.0-SNAPSHOT/ozone-filesystem-1.3.0-SNAPSHOT.jar:/home/runner/.m2/repository/org/apache/ozone/ozone-filesystem-common/1.3.0-SNAPSHOT/ozone-filesystem-common-1.3.0-SNAPSHOT.jar:/home/runner/.m2/repository/org/apache/ozone/ozone-tools/1.3.0-SNAPSHOT/ozone-tools-1.3.0-SNAPSHOT.jar:/home/runner/.m2/repository/org/apache/ratis/ratis-tools/2.2.0/ratis-tools-2.2.0.jar:/home/runner/.m2/repository/com/amazonaws/aws-java-sdk-core/1.12.124/aws-java-sdk-core-1.12.124.jar:/home/runner/.m2/repository/org/apache/httpcomponents/httpclient/4.5.13/httpclient-4.5.13.jar:/home/runner/.m2/repository/org/apache/httpcomponents/httpcore/4.4.13/httpcore-4.4.13.jar:/home/runner/.m2/repository/software/amazon/ion/ion-java/1.0.2/ion-java-1.0.2.jar:/home/runner/.m2/repository/com/fasterxml/jackson/dataformat/jackson-dataformat-cbor/2.12.1/jackson-dataformat-cbor-2.12.1.jar:/home/runner/.m2/repository/joda-time/joda-time/2.8.1/joda-time-2.8.1.jar:/home/runner/.m2/repository/com/amazonaws/aws-java-sdk-s3/1.12.124/aws-java-sdk-s3-1.12.124.jar:/home/runner/.m2/repository/com/amazonaws/aws-java-sdk-kms/1.12.124/aws-java-sdk-kms-1.12.124.jar:/home/runner/.m2/repository/com/amazonaws/jmespath-java/1.12.124/jmespath-java-1.12.124.jar:/home/runner/.m2/repository/org/kohsuke/metainf-services/metainf-services/1.8/metainf-services-1.8.jar:/home/runner/.m2/repository/org/apache/ozone/hdds-tools/1.3.0-SNAPSHOT/hdds-tools-1.3.0-SNAPSHOT.jar:/home/runner/.m2/repository/commons-cli/commons-cli/1.2/commons-cli-1.2.jar:/home/runner/.m2/repository/org/apache/commons/commons-lang3/3.7/commons-lang3-3.7.jar:/home/runner/.m2/repository/org/apache/ozone/ozone-manager/1.3.0-SNAPSHOT/ozone-manager-1.3.0-SNAPSHOT-tests.jar:/home/runner/.m2/repository/org/apache/ozone/hdds-common/1.3.0-SNAPSHOT/hdds-common-1.3.0-SNAPSHOT-tests.jar:/home/runner/.m2/repository/org/apache/ozone/hdds-hadoop-dependency-client/1.3.0-SNAPSHOT/hdds-hadoop-dependency-client-1.3.0-SNAPSHOT.jar:/home/runner/.m2/repository/info/picocli/picocli/4.6.1/picocli-4.6.1.jar:/home/runner/.m2/repository/com/fasterxml/jackson/core/jackson-annotations/2.12.1/jackson-annotations-2.12.1.jar:/home/runner/.m2/repository/javax/annotation/javax.annotation-api/1.2/javax.annotation-api-1.2.jar:/home/runner/.m2/repository/org/apache/ratis/ratis-server/2.2.0/ratis-server-2.2.0.jar:/home/runner/.m2/repository/org/apache/ratis/ratis-client/2.2.0/ratis-client-2.2.0.jar:/home/runner/.m2/repository/org/apache/ratis/ratis-server-api/2.2.0/ratis-server-api-2.2.0.jar:/home/runner/.m2/repository/org/apache/ratis/ratis-metrics/2.2.0/ratis-metrics-2.2.0.jar:/home/runner/.m2/repository/org/apache/ratis/ratis-netty/2.2.0/ratis-netty-2.2.0.jar:/home/runner/.m2/repository/org/apache/ratis/ratis-grpc/2.2.0/ratis-grpc-2.2.0.jar:/home/runner/.m2/repository/org/apache/logging/log4j/log4j-api/2.17.1/log4j-api-2.17.1.jar:/home/runner/.m2/repository/org/apache/commons/commons-pool2/2.6.0/commons-pool2-2.6.0.jar:/home/runner/.m2/repository/org/bouncycastle/bcpkix-jdk15on/1.67/bcpkix-jdk15on-1.67.jar:/home/runner/.m2/repository/commons-validator/commons-validator/1.6/commons-validator-1.6.jar:/home/runner/.m2/repository/commons-beanutils/commons-beanutils/1.9.4/commons-beanutils-1.9.4.jar:/home/runner/.m2/repository/commons-digester/commons-digester/1.8.1/commons-digester-1.8.1.jar:/home/runner/.m2/repository/commons-collections/commons-collections/3.2.2/commons-collections-3.2.2.jar:/home/runner/.m2/repository/io/jaegertracing/jaeger-client/1.6.0/jaeger-client-1.6.0.jar:/home/runner/.m2/repository/io/jaegertracing/jaeger-thrift/1.6.0/jaeger-thrift-1.6.0.jar:/home/runner/.m2/repository/org/apache/thrift/libthrift/0.14.1/libthrift-0.14.1.jar:/home/runner/.m2/repository/com/squareup/okhttp3/okhttp/4.9.0/okhttp-4.9.0.jar:/home/runner/.m2/repository/com/squareup/okio/okio/2.8.0/okio-2.8.0.jar:/home/runner/.m2/repository/io/jaegertracing/jaeger-core/1.6.0/jaeger-core-1.6.0.jar:/home/runner/.m2/repository/io/jaegertracing/jaeger-tracerresolver/1.6.0/jaeger-tracerresolver-1.6.0.jar:/home/runner/.m2/repository/io/opentracing/contrib/opentracing-tracerresolver/0.1.8/opentracing-tracerresolver-0.1.8.jar:/home/runner/.m2/repository/org/jetbrains/kotlin/kotlin-stdlib/1.4.31/kotlin-stdlib-1.4.31.jar:/home/runner/.m2/repository/org/jetbrains/kotlin/kotlin-stdlib-common/1.4.31/kotlin-stdlib-common-1.4.31.jar:/home/runner/.m2/repository/org/jetbrains/annotations/13.0/annotations-13.0.jar:/home/runner/.m2/repository/io/opentracing/opentracing-util/0.33.0/opentracing-util-0.33.0.jar:/home/runner/.m2/repository/io/opentracing/opentracing-api/0.33.0/opentracing-api-0.33.0.jar:/home/runner/.m2/repository/io/opentracing/opentracing-noop/0.33.0/opentracing-noop-0.33.0.jar:/home/runner/.m2/repository/org/yaml/snakeyaml/1.26/snakeyaml-1.26.jar:/home/runner/.m2/repository/org/apache/ozone/hdds-interface-admin/1.3.0-SNAPSHOT/hdds-interface-admin-1.3.0-SNAPSHOT.jar:/home/runner/.m2/repository/junit/junit/4.13.1/junit-4.13.1.jar:/home/runner/.m2/repository/org/hamcrest/hamcrest-core/1.3/hamcrest-core-1.3.jar:/home/runner/.m2/repository/org/junit/jupiter/junit-jupiter-api/5.7.0/junit-jupiter-api-5.7.0.jar:/home/runner/.m2/repository/org/apiguardian/apiguardian-api/1.1.0/apiguardian-api-1.1.0.jar:/home/runner/.m2/repository/org/opentest4j/opentest4j/1.2.0/opentest4j-1.2.0.jar:/home/runner/.m2/repository/org/junit/platform/junit-platform-commons/1.7.0/junit-platform-commons-1.7.0.jar:/home/runner/.m2/repository/org/junit/jupiter/junit-jupiter-engine/5.7.0/junit-jupiter-engine-5.7.0.jar:/home/runner/.m2/repository/org/junit/platform/junit-platform-engine/1.7.0/junit-platform-engine-1.7.0.jar:/home/runner/.m2/repository/org/junit/vintage/junit-vintage-engine/5.7.0/junit-vintage-engine-5.7.0.jar:/home/runner/.m2/repository/org/junit/platform/junit-platform-launcher/1.7.0/junit-platform-launcher-1.7.0.jar:/home/runner/.m2/repository/org/mockito/mockito-core/2.28.2/mockito-core-2.28.2.jar:/home/runner/.m2/repository/net/bytebuddy/byte-buddy/1.9.10/byte-buddy-1.9.10.jar:/home/runner/.m2/repository/net/bytebuddy/byte-buddy-agent/1.9.10/byte-buddy-agent-1.9.10.jar:/home/runner/.m2/repository/org/objenesis/objenesis/1.0/objenesis-1.0.jar:/home/runner/.m2/repository/org/apache/hadoop/hadoop-kms/3.3.1/hadoop-kms-3.3.1.jar:/home/runner/.m2/repository/org/apache/hadoop/hadoop-auth/3.3.1/hadoop-auth-3.3.1.jar:/home/runner/.m2/repository/com/nimbusds/nimbus-jose-jwt/7.9/nimbus-jose-jwt-7.9.jar:/home/runner/.m2/repository/com/github/stephenc/jcip/jcip-annotations/1.0-1/jcip-annotations-1.0-1.jar:/home/runner/.m2/repository/net/minidev/json-smart/2.4.7/json-smart-2.4.7.jar:/home/runner/.m2/repository/net/minidev/accessors-smart/2.4.7/accessors-smart-2.4.7.jar:/home/runner/.m2/repository/org/ow2/asm/asm/5.0.4/asm-5.0.4.jar:/home/runner/.m2/repository/org/apache/zookeeper/zookeeper/3.5.6/zookeeper-3.5.6.jar:/home/runner/.m2/repository/org/apache/zookeeper/zookeeper-jute/3.5.6/zookeeper-jute-3.5.6.jar:/home/runner/.m2/repository/org/apache/yetus/audience-annotations/0.5.0/audience-annotations-0.5.0.jar:/home/runner/.m2/repository/org/apache/curator/curator-framework/4.2.0/curator-framework-4.2.0.jar:/home/runner/.m2/repository/org/apache/hadoop/thirdparty/hadoop-shaded-guava/1.1.1/hadoop-shaded-guava-1.1.1.jar:/home/runner/.m2/repository/com/sun/jersey/jersey-core/1.19/jersey-core-1.19.jar:/home/runner/.m2/repository/javax/ws/rs/jsr311-api/1.1.1/jsr311-api-1.1.1.jar:/home/runner/.m2/repository/com/sun/jersey/jersey-server/1.19/jersey-server-1.19.jar:/home/runner/.m2/repository/javax/servlet/javax.servlet-api/3.1.0/javax.servlet-api-3.1.0.jar:/home/runner/.m2/repository/org/eclipse/jetty/jetty-server/9.4.43.v20210629/jetty-server-9.4.43.v20210629.jar:/home/runner/.m2/repository/org/eclipse/jetty/jetty-http/9.4.43.v20210629/jetty-http-9.4.43.v20210629.jar:/home/runner/.m2/repository/org/eclipse/jetty/jetty-io/9.4.43.v20210629/jetty-io-9.4.43.v20210629.jar:/home/runner/.m2/repository/org/eclipse/jetty/jetty-webapp/9.4.43.v20210629/jetty-webapp-9.4.43.v20210629.jar:/home/runner/.m2/repository/org/eclipse/jetty/jetty-xml/9.4.43.v20210629/jetty-xml-9.4.43.v20210629.jar:/home/runner/.m2/repository/org/apache/hadoop/hadoop-common/3.3.1/hadoop-common-3.3.1.jar:/home/runner/.m2/repository/org/apache/commons/commons-math3/3.1.1/commons-math3-3.1.1.jar:/home/runner/.m2/repository/commons-net/commons-net/3.6/commons-net-3.6.jar:/home/runner/.m2/repository/jakarta/activation/jakarta.activation-api/1.2.1/jakarta.activation-api-1.2.1.jar:/home/runner/.m2/repository/com/sun/jersey/jersey-servlet/1.19/jersey-servlet-1.19.jar:/home/runner/.m2/repository/com/sun/jersey/jersey-json/1.19/jersey-json-1.19.jar:/home/runner/.m2/repository/org/codehaus/jettison/jettison/1.1/jettison-1.1.jar:/home/runner/.m2/repository/com/sun/xml/bind/jaxb-impl/2.2.3-1/jaxb-impl-2.2.3-1.jar:/home/runner/.m2/repository/org/codehaus/jackson/jackson-jaxrs/1.9.2/jackson-jaxrs-1.9.2.jar:/home/runner/.m2/repository/org/codehaus/jackson/jackson-xc/1.9.2/jackson-xc-1.9.2.jar:/home/runner/.m2/repository/org/apache/commons/commons-configuration2/2.1.1/commons-configuration2-2.1.1.jar:/home/runner/.m2/repository/org/apache/commons/commons-text/1.4/commons-text-1.4.jar:/home/runner/.m2/repository/com/google/re2j/re2j/1.1/re2j-1.1.jar:/home/runner/.m2/repository/com/jcraft/jsch/0.1.54/jsch-0.1.54.jar:/home/runner/.m2/repository/org/apache/curator/curator-client/4.2.0/curator-client-4.2.0.jar:/home/runner/.m2/repository/org/apache/curator/curator-recipes/4.2.0/curator-recipes-4.2.0.jar:/home/runner/.m2/repository/org/apache/kerby/kerb-core/1.0.1/kerb-core-1.0.1.jar:/home/runner/.m2/repository/org/apache/kerby/kerby-pkix/1.0.1/kerby-pkix-1.0.1.jar:/home/runner/.m2/repository/org/apache/kerby/kerby-asn1/1.0.1/kerby-asn1-1.0.1.jar:/home/runner/.m2/repository/org/apache/kerby/kerby-util/1.0.1/kerby-util-1.0.1.jar:/home/runner/.m2/repository/dnsjava/dnsjava/2.1.7/dnsjava-2.1.7.jar:/home/runner/.m2/repository/org/xerial/snappy/snappy-java/1.1.8.2/snappy-java-1.1.8.2.jar:/home/runner/.m2/repository/org/slf4j/jul-to-slf4j/1.7.30/jul-to-slf4j-1.7.30.jar:/home/runner/.m2/repository/org/eclipse/jetty/jetty-util/9.4.43.v20210629/jetty-util-9.4.43.v20210629.jar:/home/runner/.m2/repository/com/fasterxml/jackson/core/jackson-databind/2.12.1/jackson-databind-2.12.1.jar:/home/runner/.m2/repository/org/apache/hadoop/hadoop-kms/3.3.1/hadoop-kms-3.3.1-tests.jar:/home/runner/.m2/repository/org/apache/ozone/hdds-server-scm/1.3.0-SNAPSHOT/hdds-server-scm-1.3.0-SNAPSHOT-tests.jar:/home/runner/.m2/repository/org/apache/ozone/hdds-container-service/1.3.0-SNAPSHOT/hdds-container-service-1.3.0-SNAPSHOT-tests.jar:/home/runner/.m2/repository/commons-codec/commons-codec/1.11/commons-codec-1.11.jar:/home/runner/.m2/repository/io/netty/netty-transport/4.1.63.Final/netty-transport-4.1.63.Final.jar:/home/runner/.m2/repository/io/netty/netty-resolver/4.1.63.Final/netty-resolver-4.1.63.Final.jar:/home/runner/.m2/repository/io/netty/netty-codec/4.1.63.Final/netty-codec-4.1.63.Final.jar:/home/runner/.m2/repository/io/netty/netty-handler/4.1.63.Final/netty-handler-4.1.63.Final.jar:/home/runner/.m2/repository/org/apache/ozone/hdds-hadoop-dependency-test/1.3.0-SNAPSHOT/hdds-hadoop-dependency-test-1.3.0-SNAPSHOT.jar:/home/runner/.m2/repository/org/apache/hadoop/hadoop-common/3.3.1/hadoop-common-3.3.1-tests.jar:/home/runner/.m2/repository/org/assertj/assertj-core/3.12.2/assertj-core-3.12.2.jar:/home/runner/.m2/repository/org/apache/hadoop/hadoop-hdfs/3.3.1/hadoop-hdfs-3.3.1-tests.jar:/home/runner/.m2/repository/org/eclipse/jetty/jetty-util-ajax/9.4.43.v20210629/jetty-util-ajax-9.4.43.v20210629.jar:/home/runner/.m2/repository/commons-daemon/commons-daemon/1.0.13/commons-daemon-1.0.13.jar:/home/runner/.m2/repository/io/netty/netty/3.10.6.Final/netty-3.10.6.Final.jar:/home/runner/.m2/repository/io/netty/netty-all/4.1.63.Final/netty-all-4.1.63.Final.jar:/home/runner/.m2/repository/org/apache/htrace/htrace-core4/4.1.0-incubating/htrace-core4-4.1.0-incubating.jar:/home/runner/.m2/repository/org/fusesource/leveldbjni/leveldbjni-all/1.8/leveldbjni-all-1.8.jar:/home/runner/.m2/repository/org/apache/hadoop/hadoop-distcp/3.3.1/hadoop-distcp-3.3.1.jar:/home/runner/.m2/repository/org/apache/hadoop/hadoop-mapreduce-client-jobclient/3.3.1/hadoop-mapreduce-client-jobclient-3.3.1.jar:/home/runner/.m2/repository/org/apache/hadoop/hadoop-mapreduce-client-common/3.3.1/hadoop-mapreduce-client-common-3.3.1.jar:/home/runner/.m2/repository/org/apache/hadoop/hadoop-yarn-common/3.3.1/hadoop-yarn-common-3.3.1.jar:/home/runner/.m2/repository/org/apache/hadoop/hadoop-yarn-api/3.3.1/hadoop-yarn-api-3.3.1.jar:/home/runner/.m2/repository/com/sun/jersey/jersey-client/1.19/jersey-client-1.19.jar:/home/runner/.m2/repository/com/sun/jersey/contribs/jersey-guice/1.19/jersey-guice-1.19.jar:/home/runner/.m2/repository/com/fasterxml/jackson/jaxrs/jackson-jaxrs-json-provider/2.12.1/jackson-jaxrs-json-provider-2.12.1.jar:/home/runner/.m2/repository/com/fasterxml/jackson/jaxrs/jackson-jaxrs-base/2.12.1/jackson-jaxrs-base-2.12.1.jar:/home/runner/.m2/repository/org/apache/hadoop/hadoop-yarn-client/3.3.1/hadoop-yarn-client-3.3.1.jar:/home/runner/.m2/repository/org/eclipse/jetty/websocket/websocket-client/9.4.40.v20210413/websocket-client-9.4.40.v20210413.jar:/home/runner/.m2/repository/org/eclipse/jetty/jetty-client/9.4.40.v20210413/jetty-client-9.4.40.v20210413.jar:/home/runner/.m2/repository/org/eclipse/jetty/websocket/websocket-common/9.4.40.v20210413/websocket-common-9.4.40.v20210413.jar:/home/runner/.m2/repository/org/eclipse/jetty/websocket/websocket-api/9.4.40.v20210413/websocket-api-9.4.40.v20210413.jar:/home/runner/.m2/repository/org/jline/jline/3.9.0/jline-3.9.0.jar:/home/runner/.m2/repository/org/apache/hadoop/hadoop-mapreduce-client-core/3.3.1/hadoop-mapreduce-client-core-3.3.1.jar:/home/runner/.m2/repository/org/apache/avro/avro/1.7.7/avro-1.7.7.jar:/home/runner/.m2/repository/org/codehaus/jackson/jackson-core-asl/1.9.13/jackson-core-asl-1.9.13.jar:/home/runner/.m2/repository/org/codehaus/jackson/jackson-mapper-asl/1.9.13/jackson-mapper-asl-1.9.13.jar:/home/runner/.m2/repository/com/thoughtworks/paranamer/paranamer/2.3/paranamer-2.3.jar:/home/runner/.m2/repository/org/apache/hadoop/hadoop-annotations/3.3.1/hadoop-annotations-3.3.1.jar:/usr/lib/jvm/temurin-8-jdk-amd64/jre/../lib/tools.jar:/home/runner/.m2/repository/org/apache/hadoop/hadoop-distcp/3.3.1/hadoop-distcp-3.3.1-tests.jar:/home/runner/.m2/repository/org/apache/ratis/ratis-common/2.2.0/ratis-common-2.2.0.jar:/home/runner/.m2/repository/org/apache/ratis/ratis-thirdparty-misc/0.7.0/ratis-thirdparty-misc-0.7.0.jar:/home/runner/.m2/repository/org/apache/ratis/ratis-proto/2.2.0/ratis-proto-2.2.0.jar:"/>
    <property name="sun.cpu.endian" value="little"/>
    <property name="user.home" value="/home/runner"/>
    <property name="user.language" value="en"/>
    <property name="java.specification.vendor" value="Oracle Corporation"/>
    <property name="java.home" value="/usr/lib/jvm/temurin-8-jdk-amd64/jre"/>
    <property name="java.security.krb5.conf" value="/home/runner/work/ozone/ozone/hadoop-ozone/integration-test/target/test-classes/krb5.conf"/>
    <property name="basedir" value="/home/runner/work/ozone/ozone/hadoop-ozone/integration-test"/>
    <property name="file.separator" value="/"/>
    <property name="line.separator" value="&#10;"/>
    <property name="java.vm.specification.vendor" value="Oracle Corporation"/>
    <property name="java.specification.name" value="Java Platform API Specification"/>
    <property name="java.awt.graphicsenv" value="sun.awt.X11GraphicsEnvironment"/>
    <property name="skip.installnpx" value="true"/>
    <property name="surefire.real.class.path" value="/home/runner/work/ozone/ozone/hadoop-ozone/integration-test/target/surefire/surefirebooter6248391071354246512.jar:/home/runner/.m2/repository/org/jacoco/org.jacoco.agent/0.8.5/org.jacoco.agent-0.8.5-runtime.jar"/>
    <property name="hadoop.log.dir" value="/home/runner/work/ozone/ozone/hadoop-ozone/integration-test/target/log"/>
    <property name="sun.boot.class.path" value="/usr/lib/jvm/temurin-8-jdk-amd64/jre/lib/resources.jar:/usr/lib/jvm/temurin-8-jdk-amd64/jre/lib/rt.jar:/usr/lib/jvm/temurin-8-jdk-amd64/jre/lib/sunrsasign.jar:/usr/lib/jvm/temurin-8-jdk-amd64/jre/lib/jsse.jar:/usr/lib/jvm/temurin-8-jdk-amd64/jre/lib/jce.jar:/usr/lib/jvm/temurin-8-jdk-amd64/jre/lib/charsets.jar:/usr/lib/jvm/temurin-8-jdk-amd64/jre/lib/jfr.jar:/usr/lib/jvm/temurin-8-jdk-amd64/jre/classes"/>
    <property name="sun.management.compiler" value="HotSpot 64-Bit Tiered Compilers"/>
    <property name="skip.npx" value="true"/>
    <property name="java.runtime.version" value="1.8.0_322-b06"/>
    <property name="java.net.preferIPv4Stack" value="true"/>
    <property name="user.name" value="runner"/>
    <property name="path.separator" value=":"/>
    <property name="java.security.egd" value="file:///dev/urandom"/>
    <property name="os.version" value="5.4.0-1070-azure"/>
    <property name="java.endorsed.dirs" value="/usr/lib/jvm/temurin-8-jdk-amd64/jre/lib/endorsed"/>
    <property name="java.runtime.name" value="OpenJDK Runtime Environment"/>
    <property name="file.encoding" value="UTF-8"/>
    <property name="java.vm.name" value="OpenJDK 64-Bit Server VM"/>
    <property name="test.build.webapps" value=""/>
    <property name="localRepository" value="/home/runner/.m2/repository"/>
    <property name="java.vendor.url.bug" value="https://github.com/adoptium/adoptium-support/issues"/>
    <property name="java.io.tmpdir" value="/tmp"/>
    <property name="require.test.libhadoop" value=""/>
    <property name="java.version" value="1.8.0_322"/>
    <property name="user.dir" value="/home/runner/work/ozone/ozone/hadoop-ozone/integration-test"/>
    <property name="os.arch" value="amd64"/>
    <property name="java.vm.specification.name" value="Java Virtual Machine Specification"/>
    <property name="test.build.classes" value="/home/runner/work/ozone/ozone/hadoop-ozone/integration-test/target/test-classes"/>
    <property name="java.awt.printerjob" value="sun.print.PSPrinterJob"/>
    <property name="sun.os.patch.level" value="unknown"/>
    <property name="hadoop.tmp.dir" value="/home/runner/work/ozone/ozone/hadoop-ozone/integration-test/target/tmp"/>
    <property name="java.library.path" value="/usr/java/packages/lib/amd64:/usr/lib64:/lib64:/lib:/usr/lib"/>
    <property name="java.vm.info" value="mixed mode"/>
    <property name="java.vendor" value="Temurin"/>
    <property name="java.vm.version" value="25.322-b06"/>
    <property name="java.ext.dirs" value="/usr/lib/jvm/temurin-8-jdk-amd64/jre/lib/ext:/usr/java/packages/lib/ext"/>
    <property name="sun.io.unicode.encoding" value="UnicodeLittle"/>
    <property name="java.class.version" value="52.0"/>
  </properties>
  <testcase name="testNodeWithOpenPipelineCanBeDecommissionedAndRecommissioned" classname="org.apache.hadoop.ozone.scm.node.TestDecommissionAndMaintenance" time="40.274">
    <error message="zip file closed" type="java.lang.IllegalStateException"><![CDATA[java.lang.IllegalStateException: zip file closed
	at java.util.zip.ZipFile.ensureOpen(ZipFile.java:690)
	at java.util.zip.ZipFile.access$200(ZipFile.java:61)
	at java.util.zip.ZipFile$ZipEntryIterator.hasNext(ZipFile.java:512)
	at java.util.zip.ZipFile$ZipEntryIterator.hasMoreElements(ZipFile.java:507)
	at java.util.jar.JarFile$JarEntryIterator.hasNext(JarFile.java:264)
	at java.util.jar.JarFile$JarEntryIterator.hasMoreElements(JarFile.java:273)
	at org.reflections.vfs.ZipDir$1$1.computeNext(ZipDir.java:30)
	at org.reflections.vfs.ZipDir$1$1.computeNext(ZipDir.java:26)
	at com.google.common.collect.AbstractIterator.tryToComputeNext(AbstractIterator.java:141)
	at com.google.common.collect.AbstractIterator.hasNext(AbstractIterator.java:136)
	at org.reflections.Reflections.scan(Reflections.java:243)
	at org.reflections.Reflections.scan(Reflections.java:202)
	at org.reflections.Reflections.<init>(Reflections.java:123)
	at org.reflections.Reflections.<init>(Reflections.java:168)
	at org.apache.hadoop.hdds.upgrade.HDDSLayoutVersionManager.registerUpgradeActions(HDDSLayoutVersionManager.java:64)
	at org.apache.hadoop.hdds.upgrade.HDDSLayoutVersionManager.<init>(HDDSLayoutVersionManager.java:51)
	at org.apache.hadoop.ozone.container.common.statemachine.DatanodeStateMachine.<init>(DatanodeStateMachine.java:138)
	at org.apache.hadoop.ozone.HddsDatanodeService.start(HddsDatanodeService.java:276)
	at org.apache.hadoop.ozone.HddsDatanodeService.start(HddsDatanodeService.java:206)
	at org.apache.hadoop.ozone.MiniOzoneClusterImpl.restartHddsDatanode(MiniOzoneClusterImpl.java:419)
	at org.apache.hadoop.ozone.scm.node.TestDecommissionAndMaintenance.testNodeWithOpenPipelineCanBeDecommissionedAndRecommissioned(TestDecommissionAndMaintenance.java:199)
	at sun.reflect.NativeMethodAccessorImpl.invoke0(Native Method)
	at sun.reflect.NativeMethodAccessorImpl.invoke(NativeMethodAccessorImpl.java:62)
	at sun.reflect.DelegatingMethodAccessorImpl.invoke(DelegatingMethodAccessorImpl.java:43)
	at java.lang.reflect.Method.invoke(Method.java:498)
	at org.junit.runners.model.FrameworkMethod$1.runReflectiveCall(FrameworkMethod.java:59)
	at org.junit.internal.runners.model.ReflectiveCallable.run(ReflectiveCallable.java:12)
	at org.junit.runners.model.FrameworkMethod.invokeExplosively(FrameworkMethod.java:56)
	at org.junit.internal.runners.statements.InvokeMethod.evaluate(InvokeMethod.java:17)
	at org.junit.internal.runners.statements.RunBefores.evaluate(RunBefores.java:26)
	at org.junit.internal.runners.statements.RunAfters.evaluate(RunAfters.java:27)
	at org.junit.runners.ParentRunner$3.evaluate(ParentRunner.java:306)
	at org.junit.runners.BlockJUnit4ClassRunner$1.evaluate(BlockJUnit4ClassRunner.java:100)
	at org.junit.runners.ParentRunner.runLeaf(ParentRunner.java:366)
	at org.junit.runners.BlockJUnit4ClassRunner.runChild(BlockJUnit4ClassRunner.java:103)
	at org.junit.runners.BlockJUnit4ClassRunner.runChild(BlockJUnit4ClassRunner.java:63)
	at org.junit.runners.ParentRunner$4.run(ParentRunner.java:331)
	at org.junit.runners.ParentRunner$1.schedule(ParentRunner.java:79)
	at org.junit.runners.ParentRunner.runChildren(ParentRunner.java:329)
	at org.junit.runners.ParentRunner.access$100(ParentRunner.java:66)
	at org.junit.runners.ParentRunner$2.evaluate(ParentRunner.java:293)
	at org.junit.internal.runners.statements.RunBefores.evaluate(RunBefores.java:26)
	at org.junit.internal.runners.statements.RunAfters.evaluate(RunAfters.java:27)
	at org.junit.runners.ParentRunner$3.evaluate(ParentRunner.java:306)
	at org.junit.runners.ParentRunner.run(ParentRunner.java:413)
	at org.junit.runner.JUnitCore.run(JUnitCore.java:137)
	at org.junit.runner.JUnitCore.run(JUnitCore.java:115)
	at org.junit.vintage.engine.execution.RunnerExecutor.execute(RunnerExecutor.java:43)
	at java.util.stream.ForEachOps$ForEachOp$OfRef.accept(ForEachOps.java:183)
	at java.util.stream.ReferencePipeline$3$1.accept(ReferencePipeline.java:193)
	at java.util.Iterator.forEachRemaining(Iterator.java:116)
	at java.util.Spliterators$IteratorSpliterator.forEachRemaining(Spliterators.java:1801)
	at java.util.stream.AbstractPipeline.copyInto(AbstractPipeline.java:482)
	at java.util.stream.AbstractPipeline.wrapAndCopyInto(AbstractPipeline.java:472)
	at java.util.stream.ForEachOps$ForEachOp.evaluateSequential(ForEachOps.java:150)
	at java.util.stream.ForEachOps$ForEachOp$OfRef.evaluateSequential(ForEachOps.java:173)
	at java.util.stream.AbstractPipeline.evaluate(AbstractPipeline.java:234)
	at java.util.stream.ReferencePipeline.forEach(ReferencePipeline.java:485)
	at org.junit.vintage.engine.VintageTestEngine.executeAllChildren(VintageTestEngine.java:82)
	at org.junit.vintage.engine.VintageTestEngine.execute(VintageTestEngine.java:73)
	at org.junit.platform.launcher.core.EngineExecutionOrchestrator.execute(EngineExecutionOrchestrator.java:108)
	at org.junit.platform.launcher.core.EngineExecutionOrchestrator.execute(EngineExecutionOrchestrator.java:88)
	at org.junit.platform.launcher.core.EngineExecutionOrchestrator.lambda$execute$0(EngineExecutionOrchestrator.java:54)
	at org.junit.platform.launcher.core.EngineExecutionOrchestrator.withInterceptedStreams(EngineExecutionOrchestrator.java:67)
	at org.junit.platform.launcher.core.EngineExecutionOrchestrator.execute(EngineExecutionOrchestrator.java:52)
	at org.junit.platform.launcher.core.DefaultLauncher.execute(DefaultLauncher.java:96)
	at org.junit.platform.launcher.core.DefaultLauncher.execute(DefaultLauncher.java:75)
	at org.apache.maven.surefire.junitplatform.JUnitPlatformProvider.invokeAllTests(JUnitPlatformProvider.java:142)
	at org.apache.maven.surefire.junitplatform.JUnitPlatformProvider.invoke(JUnitPlatformProvider.java:113)
	at org.apache.maven.surefire.booter.ForkedBooter.invokeProviderInSameClassLoader(ForkedBooter.java:384)
	at org.apache.maven.surefire.booter.ForkedBooter.runSuitesInProcess(ForkedBooter.java:345)
	at org.apache.maven.surefire.booter.ForkedBooter.execute(ForkedBooter.java:126)
	at org.apache.maven.surefire.booter.ForkedBooter.main(ForkedBooter.java:418)
]]></error>
    <system-out><![CDATA[2022-03-11 10:49:08,829 [Mini-Cluster-Provider-Create] WARN  server.ServerUtils (ServerUtils.java:getScmDbDir(148)) - ozone.scm.db.dirs is not configured. We recommend adding this setting. Falling back to ozone.metadata.dirs instead.
2022-03-11 10:49:08,956 [Mini-Cluster-Provider-Create] INFO  ha.SCMHANodeDetails (SCMHANodeDetails.java:loadSCMHAConfig(157)) - ServiceID for StorageContainerManager is null
2022-03-11 10:49:08,962 [Mini-Cluster-Provider-Create] INFO  ha.SCMHANodeDetails (SCMHANodeDetails.java:loadSCMHAConfig(162)) - ozone.scm.default.service.id is not defined, falling back to ozone.scm.service.ids to find serviceID for StorageContainerManager if it is HA enabled cluster
2022-03-11 10:49:09,095 [Mini-Cluster-Provider-Create] WARN  server.ServerUtils (ServerUtils.java:getScmDbDir(148)) - ozone.scm.db.dirs is not configured. We recommend adding this setting. Falling back to ozone.metadata.dirs instead.
2022-03-11 10:49:09,102 [Mini-Cluster-Provider-Create] INFO  upgrade.AbstractLayoutVersionManager (AbstractLayoutVersionManager.java:init(79)) - Initializing Layout version manager with metadata layout = SCM_HA (version = 2), software layout = SCM_HA (version = 2)
2022-03-11 10:49:09,302 [Mini-Cluster-Provider-Create] INFO  reflections.Reflections (Reflections.java:scan(232)) - Reflections took 119 ms to scan 7 urls, producing 122 keys and 286 values 
2022-03-11 10:49:09,945 [Mini-Cluster-Provider-Create] WARN  utils.HAUtils (HAUtils.java:getMetaDir(342)) - ozone.scm.db.dirs is not configured. We recommend adding this setting. Falling back to ozone.metadata.dirs instead.
2022-03-11 10:49:10,122 [Mini-Cluster-Provider-Create] WARN  db.DBStoreBuilder (DBStoreBuilder.java:applyDBDefinition(145)) - ozone.scm.db.dirs is not configured. We recommend adding this setting. Falling back to ozone.metadata.dirs instead.
2022-03-11 10:49:10,288 [Mini-Cluster-Provider-Create] INFO  net.NodeSchemaLoader (NodeSchemaLoader.java:loadSchemaFromFile(129)) - Loading schema from [jar:file:/home/runner/.m2/repository/org/apache/ozone/hdds-common/1.3.0-SNAPSHOT/hdds-common-1.3.0-SNAPSHOT.jar!/network-topology-default.xml]
2022-03-11 10:49:10,289 [Mini-Cluster-Provider-Create] INFO  net.NodeSchemaLoader (NodeSchemaLoader.java:loadSchema(176)) - Loading network topology layer schema file
2022-03-11 10:49:10,330 [Mini-Cluster-Provider-Create] INFO  metrics.MetricRegistries (MetricRegistriesLoader.java:load(64)) - Loaded MetricRegistries class org.apache.ratis.metrics.impl.MetricRegistriesImpl
2022-03-11 10:49:10,345 [Mini-Cluster-Provider-Create] INFO  ha.SequenceIdGenerator (SequenceIdGenerator.java:upgradeToSequenceId(347)) - upgrade localId to 109611004723200000
2022-03-11 10:49:10,345 [Mini-Cluster-Provider-Create] INFO  ha.SequenceIdGenerator (SequenceIdGenerator.java:upgradeToSequenceId(357)) - upgrade delTxnId to 0
2022-03-11 10:49:10,349 [Mini-Cluster-Provider-Create] INFO  ha.SequenceIdGenerator (SequenceIdGenerator.java:upgradeToSequenceId(371)) - upgrade containerId to 0
2022-03-11 10:49:10,350 [Mini-Cluster-Provider-Create] INFO  ha.SequenceIdGenerator (SequenceIdGenerator.java:<init>(218)) - Init the HA SequenceIdGenerator.
2022-03-11 10:49:10,396 [Mini-Cluster-Provider-Create] INFO  node.SCMNodeManager (SCMNodeManager.java:<init>(146)) - Entering startup safe mode.
2022-03-11 10:49:10,451 [Mini-Cluster-Provider-Create] INFO  algorithms.ContainerPlacementPolicyFactory (ContainerPlacementPolicyFactory.java:getPolicy(60)) - Create container placement policy of type org.apache.hadoop.hdds.scm.container.placement.algorithms.SCMContainerPlacementRandom
2022-03-11 10:49:10,461 [Mini-Cluster-Provider-Create] INFO  pipeline.PipelineStateManagerImpl (PipelineStateManagerImpl.java:initialize(78)) - No pipeline exists in current db
2022-03-11 10:49:10,492 [Mini-Cluster-Provider-Create] INFO  algorithms.LeaderChoosePolicyFactory (LeaderChoosePolicyFactory.java:getPolicy(57)) - Create leader choose policy of type org.apache.hadoop.hdds.scm.pipeline.leader.choose.algorithms.MinLeaderCountChoosePolicy
2022-03-11 10:49:10,503 [Mini-Cluster-Provider-Create] INFO  ha.SCMServiceManager (SCMServiceManager.java:register(42)) - Registering service BackgroundPipelineCreator.
2022-03-11 10:49:10,504 [Mini-Cluster-Provider-Create] INFO  pipeline.BackgroundPipelineCreator (BackgroundPipelineCreator.java:start(130)) - Starting RatisPipelineUtilsThread.
2022-03-11 10:49:10,536 [Mini-Cluster-Provider-Create] INFO  algorithms.PipelineChoosePolicyFactory (PipelineChoosePolicyFactory.java:createPipelineChoosePolicyFromClass(73)) - Create pipeline choose policy of type org.apache.hadoop.hdds.scm.pipeline.choose.algorithms.RandomPipelineChoosePolicy
2022-03-11 10:49:10,552 [Mini-Cluster-Provider-Create] INFO  ha.SCMServiceManager (SCMServiceManager.java:register(42)) - Registering service SCMBlockDeletingService.
2022-03-11 10:49:10,578 [Mini-Cluster-Provider-Create] INFO  ha.SCMServiceManager (SCMServiceManager.java:register(42)) - Registering service ReplicationManager.
2022-03-11 10:49:10,589 [Mini-Cluster-Provider-Create] INFO  container.ReplicationManager (ReplicationManager.java:start(326)) - Starting Replication Monitor Thread.
2022-03-11 10:49:10,597 [ReplicationMonitor] INFO  container.ReplicationManager (ReplicationManager.java:processAll(374)) - Replication Manager is not ready to run until 3000ms after safemode exit
2022-03-11 10:49:10,599 [Mini-Cluster-Provider-Create] INFO  safemode.ContainerSafeModeRule (ContainerSafeModeRule.java:<init>(89)) - containers with one replica threshold count 0
2022-03-11 10:49:10,602 [Mini-Cluster-Provider-Create] INFO  safemode.HealthyPipelineSafeModeRule (HealthyPipelineSafeModeRule.java:initializeRule(156)) - Total pipeline count is 0, healthy pipeline threshold count is 1
2022-03-11 10:49:10,605 [Mini-Cluster-Provider-Create] INFO  safemode.OneReplicaPipelineSafeModeRule (OneReplicaPipelineSafeModeRule.java:initializeRule(180)) - Total pipeline count is 0, pipeline's with at least one datanode reported threshold count is 0
2022-03-11 10:49:10,948 [Mini-Cluster-Provider-Create] INFO  ipc.CallQueueManager (CallQueueManager.java:<init>(90)) - Using callQueue: class java.util.concurrent.LinkedBlockingQueue, queueCapacity: 2000, scheduler: class org.apache.hadoop.ipc.DefaultRpcScheduler, ipcBackoff: false.
2022-03-11 10:49:10,987 [Socket Reader #1 for port 0] INFO  ipc.Server (Server.java:run(1265)) - Starting Socket Reader #1 for port 0
2022-03-11 10:49:11,033 [Listener at 0.0.0.0/38197] INFO  ipc.CallQueueManager (CallQueueManager.java:<init>(90)) - Using callQueue: class java.util.concurrent.LinkedBlockingQueue, queueCapacity: 2000, scheduler: class org.apache.hadoop.ipc.DefaultRpcScheduler, ipcBackoff: false.
2022-03-11 10:49:11,035 [Socket Reader #1 for port 0] INFO  ipc.Server (Server.java:run(1265)) - Starting Socket Reader #1 for port 0
2022-03-11 10:49:11,055 [Listener at 0.0.0.0/39579] INFO  ipc.CallQueueManager (CallQueueManager.java:<init>(90)) - Using callQueue: class java.util.concurrent.LinkedBlockingQueue, queueCapacity: 2000, scheduler: class org.apache.hadoop.ipc.DefaultRpcScheduler, ipcBackoff: false.
2022-03-11 10:49:11,056 [Socket Reader #1 for port 0] INFO  ipc.Server (Server.java:run(1265)) - Starting Socket Reader #1 for port 0
2022-03-11 10:49:11,124 [Listener at 0.0.0.0/45311] INFO  server.StorageContainerManager (StorageContainerManager.java:<init>(389)) - 
Container Balancer status:
Key                            Value
Running                        false
Container Balancer Configuration values:
Key                                                Value
Threshold                                          10
Max Datanodes to Involve per Iteration(percent)    20
Max Size to Move per Iteration                     500GB
Max Size Entering Target per Iteration             26GB
Max Size Leaving Source per Iteration              26GB

2022-03-11 10:49:11,125 [Listener at 0.0.0.0/45311] WARN  events.EventQueue (EventQueue.java:fireEvent(194)) - No event handler registered for event TypedEvent{payloadType=SafeModeStatus, name='Safe mode status'}
2022-03-11 10:49:11,125 [Listener at 0.0.0.0/45311] INFO  ha.SCMContext (SCMContext.java:updateSafeModeStatus(211)) - Update SafeModeStatus from SafeModeStatus{safeModeStatus=true, preCheckPassed=false} to SafeModeStatus{safeModeStatus=true, preCheckPassed=false}.
2022-03-11 10:49:11,128 [Listener at 0.0.0.0/45311] INFO  server.StorageContainerManager (StorageContainerManager.java:start(1327)) - StorageContainerLocationProtocol RPC server is listening at /0.0.0.0:45311
2022-03-11 10:49:11,194 [Listener at 0.0.0.0/45311] WARN  impl.MetricsConfig (MetricsConfig.java:loadFirst(136)) - Cannot locate configuration: tried hadoop-metrics2-storagecontainermanager.properties,hadoop-metrics2.properties
2022-03-11 10:49:11,211 [Listener at 0.0.0.0/45311] INFO  impl.MetricsSystemImpl (MetricsSystemImpl.java:startTimer(378)) - Scheduled Metric snapshot period at 10 second(s).
2022-03-11 10:49:11,211 [Listener at 0.0.0.0/45311] INFO  impl.MetricsSystemImpl (MetricsSystemImpl.java:start(191)) - StorageContainerManager metrics system started
2022-03-11 10:49:11,538 [Listener at 0.0.0.0/45311] INFO  server.SCMClientProtocolServer (SCMClientProtocolServer.java:start(165)) - RPC server for Client  is listening at /0.0.0.0:45311
2022-03-11 10:49:11,539 [IPC Server Responder] INFO  ipc.Server (Server.java:run(1507)) - IPC Server Responder: starting
2022-03-11 10:49:11,540 [IPC Server listener on 0] INFO  ipc.Server (Server.java:run(1344)) - IPC Server listener on 0: starting
2022-03-11 10:49:11,549 [Listener at 0.0.0.0/45311] INFO  server.StorageContainerManager (StorageContainerManager.java:start(1342)) - ScmBlockLocationProtocol RPC server is listening at /0.0.0.0:39579
2022-03-11 10:49:11,549 [Listener at 0.0.0.0/45311] INFO  server.SCMBlockProtocolServer (SCMBlockProtocolServer.java:start(151)) - RPC server for Block Protocol is listening at /0.0.0.0:39579
2022-03-11 10:49:11,550 [IPC Server Responder] INFO  ipc.Server (Server.java:run(1507)) - IPC Server Responder: starting
2022-03-11 10:49:11,550 [IPC Server listener on 0] INFO  ipc.Server (Server.java:run(1344)) - IPC Server listener on 0: starting
2022-03-11 10:49:11,552 [Listener at 0.0.0.0/45311] INFO  server.SCMDatanodeProtocolServer (SCMDatanodeProtocolServer.java:start(183)) - ScmDatanodeProtocol RPC server for DataNodes is listening at /0.0.0.0:38197
2022-03-11 10:49:11,553 [IPC Server Responder] INFO  ipc.Server (Server.java:run(1507)) - IPC Server Responder: starting
2022-03-11 10:49:11,553 [IPC Server listener on 0] INFO  ipc.Server (Server.java:run(1344)) - IPC Server listener on 0: starting
2022-03-11 10:49:11,565 [org.apache.hadoop.util.JvmPauseMonitor$Monitor@7fae616f] INFO  util.JvmPauseMonitor (JvmPauseMonitor.java:run(188)) - Starting JVM pause monitor
2022-03-11 10:49:11,581 [Listener at 0.0.0.0/45311] INFO  http.BaseHttpServer (BaseHttpServer.java:newHttpServer2BuilderForOzone(209)) - Starting Web-server for scm at: http://0.0.0.0:0
2022-03-11 10:49:11,581 [Listener at 0.0.0.0/45311] INFO  http.BaseHttpServer (BaseHttpServer.java:<init>(107)) - Hadoop Security Enabled: false Ozone Security Enabled: false Ozone HTTP Security Enabled: false 
2022-03-11 10:49:11,597 [ReplicationMonitor] INFO  container.ReplicationManager (ReplicationManager.java:processAll(374)) - Replication Manager is not ready to run until 3000ms after safemode exit
2022-03-11 10:49:11,610 [Listener at 0.0.0.0/45311] INFO  util.log (Log.java:initialized(170)) - Logging initialized @4327ms to org.eclipse.jetty.util.log.Slf4jLog
2022-03-11 10:49:11,720 [Listener at 0.0.0.0/45311] INFO  server.AuthenticationFilter (AuthenticationFilter.java:constructSecretProvider(240)) - Unable to initialize FileSignerSecretProvider, falling back to use random secrets.
2022-03-11 10:49:11,727 [Listener at 0.0.0.0/45311] WARN  http.HttpRequestLog (HttpRequestLog.java:getRequestLog(103)) - Jetty request log can only be enabled using Log4j
2022-03-11 10:49:11,732 [Listener at 0.0.0.0/45311] INFO  http.HttpServer2 (HttpServer2.java:addGlobalFilter(1030)) - Added global filter 'safety' (class=org.apache.hadoop.hdds.server.http.HttpServer2$QuotingInputFilter)
2022-03-11 10:49:11,734 [Listener at 0.0.0.0/45311] INFO  http.HttpServer2 (HttpServer2.java:addFilter(1006)) - Added filter static_user_filter (class=org.apache.hadoop.http.lib.StaticUserWebFilter$StaticUserFilter) to context scm
2022-03-11 10:49:11,734 [Listener at 0.0.0.0/45311] INFO  http.HttpServer2 (HttpServer2.java:addFilter(1014)) - Added filter static_user_filter (class=org.apache.hadoop.http.lib.StaticUserWebFilter$StaticUserFilter) to context static
2022-03-11 10:49:11,735 [Listener at 0.0.0.0/45311] INFO  http.HttpServer2 (HttpServer2.java:addFilter(1014)) - Added filter static_user_filter (class=org.apache.hadoop.http.lib.StaticUserWebFilter$StaticUserFilter) to context logs
2022-03-11 10:49:11,774 [Listener at 0.0.0.0/45311] INFO  http.HttpServer2 (HttpServer2.java:bindListener(1249)) - Jetty bound to port 46223
2022-03-11 10:49:11,776 [Listener at 0.0.0.0/45311] INFO  server.Server (Server.java:doStart(375)) - jetty-9.4.43.v20210629; built: 2021-06-30T11:07:22.254Z; git: 526006ecfa3af7f1a27ef3a288e2bef7ea9dd7e8; jvm 1.8.0_322-b06
2022-03-11 10:49:11,813 [Listener at 0.0.0.0/45311] INFO  server.session (DefaultSessionIdManager.java:doStart(334)) - DefaultSessionIdManager workerName=node0
2022-03-11 10:49:11,813 [Listener at 0.0.0.0/45311] INFO  server.session (DefaultSessionIdManager.java:doStart(339)) - No SessionScavenger set, using defaults
2022-03-11 10:49:11,815 [Listener at 0.0.0.0/45311] INFO  server.session (HouseKeeper.java:startScavenging(132)) - node0 Scavenging every 660000ms
2022-03-11 10:49:11,828 [Listener at 0.0.0.0/45311] INFO  handler.ContextHandler (ContextHandler.java:doStart(915)) - Started o.e.j.s.ServletContextHandler@19b64198{logs,/logs,file:///home/runner/work/ozone/ozone/hadoop-ozone/integration-test/target/log,AVAILABLE}
2022-03-11 10:49:11,830 [Listener at 0.0.0.0/45311] INFO  handler.ContextHandler (ContextHandler.java:doStart(915)) - Started o.e.j.s.ServletContextHandler@24aa95ff{static,/static,file:///home/runner/work/ozone/ozone/hadoop-ozone/integration-test/target/test-classes/webapps/static,AVAILABLE}
2022-03-11 10:49:11,873 [Listener at 0.0.0.0/45311] INFO  handler.ContextHandler (ContextHandler.java:doStart(915)) - Started o.e.j.w.WebAppContext@4c5ccb83{scm,/,file:///home/runner/work/ozone/ozone/hadoop-ozone/integration-test/target/test-classes/webapps/scm/,AVAILABLE}{file:/home/runner/work/ozone/ozone/hadoop-ozone/integration-test/target/test-classes/webapps/scm}
2022-03-11 10:49:11,882 [Listener at 0.0.0.0/45311] INFO  server.AbstractConnector (AbstractConnector.java:doStart(331)) - Started ServerConnector@82d4723{HTTP/1.1, (http/1.1)}{0.0.0.0:46223}
2022-03-11 10:49:11,882 [Listener at 0.0.0.0/45311] INFO  server.Server (Server.java:doStart(415)) - Started @4599ms
2022-03-11 10:49:11,885 [Listener at 0.0.0.0/45311] INFO  impl.MetricsSinkAdapter (MetricsSinkAdapter.java:start(204)) - Sink prometheus started
2022-03-11 10:49:11,885 [Listener at 0.0.0.0/45311] INFO  impl.MetricsSystemImpl (MetricsSystemImpl.java:registerSink(305)) - Registered sink prometheus
2022-03-11 10:49:11,886 [Listener at 0.0.0.0/45311] INFO  http.BaseHttpServer (BaseHttpServer.java:updateConnectorAddress(329)) - HTTP server of scm listening at http://0.0.0.0:46223
2022-03-11 10:49:11,888 [Listener at 0.0.0.0/45311] WARN  server.ServerUtils (ServerUtils.java:getDBPath(225)) - ozone.om.db.dirs is not configured. We recommend adding this setting. Falling back to ozone.metadata.dirs instead.
2022-03-11 10:49:12,006 [Listener at 0.0.0.0/45311] INFO  ha.OMHANodeDetails (OMHANodeDetails.java:loadOMHAConfig(112)) - ozone.om.internal.service.id is not defined, falling back to ozone.om.service.ids to find serviceID for OzoneManager if it is HA enabled cluster
2022-03-11 10:49:12,009 [Listener at 0.0.0.0/45311] INFO  ha.OMHANodeDetails (OMHANodeDetails.java:loadOMHAConfig(218)) - Configuration does not have ozone.om.address set. Falling back to the default OM address /127.0.0.1:0
2022-03-11 10:49:12,009 [Listener at 0.0.0.0/45311] INFO  ha.OMHANodeDetails (OMHANodeDetails.java:getOMNodeDetailsForNonHA(246)) - OM Service ID is not set. Setting it to the default ID: omServiceIdDefault
2022-03-11 10:49:12,010 [Listener at 0.0.0.0/45311] INFO  ha.OMHANodeDetails (OMHANodeDetails.java:getOMNodeDetailsForNonHA(253)) - OM Node ID is not set. Setting it to the default ID: om1
2022-03-11 10:49:12,013 [Listener at 0.0.0.0/45311] WARN  server.ServerUtils (ServerUtils.java:getDBPath(225)) - ozone.om.db.dirs is not configured. We recommend adding this setting. Falling back to ozone.metadata.dirs instead.
2022-03-11 10:49:12,015 [Listener at 0.0.0.0/45311] INFO  upgrade.AbstractLayoutVersionManager (AbstractLayoutVersionManager.java:init(79)) - Initializing Layout version manager with metadata layout = INITIAL_VERSION (version = 0), software layout = INITIAL_VERSION (version = 0)
2022-03-11 10:49:12,086 [Listener at 0.0.0.0/45311] INFO  reflections.Reflections (Reflections.java:scan(232)) - Reflections took 66 ms to scan 2 urls, producing 134 keys and 349 values [using 2 cores]
2022-03-11 10:49:12,095 [Listener at 0.0.0.0/45311] INFO  upgrade.OMLayoutVersionManager (OMLayoutVersionManager.java:lambda$0(115)) - Skipping Upgrade Action MockOmUpgradeAction since it has been finalized.
2022-03-11 10:49:12,096 [Listener at 0.0.0.0/45311] WARN  server.ServerUtils (ServerUtils.java:getDBPath(225)) - ozone.om.db.dirs is not configured. We recommend adding this setting. Falling back to ozone.metadata.dirs instead.
2022-03-11 10:49:12,523 [Listener at 0.0.0.0/45311] WARN  server.ServerUtils (ServerUtils.java:getDBPath(225)) - ozone.om.db.dirs is not configured. We recommend adding this setting. Falling back to ozone.metadata.dirs instead.
2022-03-11 10:49:12,530 [Listener at 0.0.0.0/45311] INFO  codec.OmKeyInfoCodec (OmKeyInfoCodec.java:<init>(50)) - OmKeyInfoCodec ignorePipeline = true
2022-03-11 10:49:12,531 [Listener at 0.0.0.0/45311] INFO  codec.RepeatedOmKeyInfoCodec (RepeatedOmKeyInfoCodec.java:<init>(42)) - RepeatedOmKeyInfoCodec ignorePipeline = true
2022-03-11 10:49:12,598 [ReplicationMonitor] INFO  container.ReplicationManager (ReplicationManager.java:processAll(374)) - Replication Manager is not ready to run until 3000ms after safemode exit
2022-03-11 10:49:12,755 [Listener at 0.0.0.0/45311] INFO  om.OzoneManager (OzoneManager.java:addS3GVolumeToDB(3733)) - Created Volume s3v With Owner runner required for S3Gateway operations.
2022-03-11 10:49:12,809 [Listener at 0.0.0.0/45311] WARN  server.ServerUtils (ServerUtils.java:getDefaultRatisDirectory(237)) - Storage directory for Ratis is not configured. It is a good idea to map this to an SSD disk. Falling back to ozone.metadata.dirs
2022-03-11 10:49:12,810 [Listener at 0.0.0.0/45311] WARN  utils.OzoneManagerRatisUtils (OzoneManagerRatisUtils.java:getOMRatisSnapshotDirectory(330)) - ozone.om.ratis.snapshot.dir is not configured. Falling back to ozone.metadata.dirs config
2022-03-11 10:49:12,832 [Listener at 0.0.0.0/45311] WARN  server.ServerUtils (ServerUtils.java:getDefaultRatisDirectory(237)) - Storage directory for Ratis is not configured. It is a good idea to map this to an SSD disk. Falling back to ozone.metadata.dirs
2022-03-11 10:49:12,867 [Listener at 0.0.0.0/45311] INFO  ratis.OzoneManagerRatisServer (OzoneManagerRatisServer.java:<init>(159)) - Instantiating OM Ratis server with groupID: omServiceIdDefault and peers: localhost:33759
2022-03-11 10:49:12,877 [Listener at 0.0.0.0/45311] INFO  ratis.OzoneManagerStateMachine (OzoneManagerStateMachine.java:loadSnapshotInfoFromDB(605)) - LastAppliedIndex is set from TransactionInfo from OM DB as (t:0, i:~)
2022-03-11 10:49:12,919 [Listener at 0.0.0.0/45311] INFO  server.RaftServer (ConfUtils.java:logGet(44)) - raft.rpc.type = GRPC (default)
2022-03-11 10:49:13,005 [Listener at 0.0.0.0/45311] INFO  grpc.GrpcFactory (GrpcFactory.java:checkPooledByteBufAllocatorUseCacheForAllThreads(48)) - PERFORMANCE WARNING: useCacheForAllThreads is true that may cause Netty to create a lot garbage objects and, as a result, trigger GC.
	It is recommended to disable useCacheForAllThreads by setting -Dorg.apache.ratis.thirdparty.io.netty.allocator.useCacheForAllThreads=false in command line.
2022-03-11 10:49:13,010 [Listener at 0.0.0.0/45311] INFO  grpc.GrpcConfigKeys (ConfUtils.java:logGet(44)) - raft.grpc.admin.port = -1 (default)
2022-03-11 10:49:13,011 [Listener at 0.0.0.0/45311] INFO  grpc.GrpcConfigKeys (ConfUtils.java:logGet(44)) - raft.grpc.server.port = 33759 (custom)
2022-03-11 10:49:13,011 [Listener at 0.0.0.0/45311] INFO  grpc.GrpcConfigKeys (ConfUtils.java:logGet(44)) - raft.grpc.client.port = -1 (default)
2022-03-11 10:49:13,011 [Listener at 0.0.0.0/45311] INFO  grpc.GrpcConfigKeys (ConfUtils.java:logGet(44)) - raft.grpc.server.port = 33759 (custom)
2022-03-11 10:49:13,012 [Listener at 0.0.0.0/45311] INFO  grpc.GrpcConfigKeys (ConfUtils.java:logGet(44)) - raft.grpc.server.port = 33759 (custom)
2022-03-11 10:49:13,012 [Listener at 0.0.0.0/45311] INFO  server.GrpcService (ConfUtils.java:logGet(44)) - raft.grpc.message.size.max = 33554432 (custom)
2022-03-11 10:49:13,013 [Listener at 0.0.0.0/45311] INFO  server.RaftServerConfigKeys (ConfUtils.java:logGet(44)) - raft.server.log.appender.buffer.byte-limit = 33554432 (custom)
2022-03-11 10:49:13,014 [Listener at 0.0.0.0/45311] INFO  server.GrpcService (ConfUtils.java:logGet(44)) - raft.grpc.flow.control.window = 1MB (=1048576) (default)
2022-03-11 10:49:13,015 [Listener at 0.0.0.0/45311] INFO  server.RaftServerConfigKeys (ConfUtils.java:logGet(44)) - raft.server.rpc.request.timeout = 3000ms (default)
2022-03-11 10:49:13,328 [Listener at 0.0.0.0/45311] INFO  impl.DataStreamServerImpl (ConfUtils.java:logGet(44)) - raft.datastream.type = DISABLED (default)
2022-03-11 10:49:13,331 [Listener at 0.0.0.0/45311] INFO  server.RaftServerConfigKeys (ConfUtils.java:logGet(44)) - raft.server.rpc.slowness.timeout = 120s (custom)
2022-03-11 10:49:13,331 [Listener at 0.0.0.0/45311] INFO  server.RaftServerConfigKeys (ConfUtils.java:logGet(44)) - raft.server.leaderelection.leader.step-down.wait-time = 10s (default)
2022-03-11 10:49:13,352 [Listener at 0.0.0.0/45311] INFO  server.RaftServerConfigKeys (ConfUtils.java:logGet(44)) - raft.server.storage.dir = [/home/runner/work/ozone/ozone/hadoop-ozone/integration-test/target/test-dir/MiniOzoneClusterImpl-80d3c9c6-9062-4062-b57d-7974188da005/ozone-meta/ratis] (custom)
2022-03-11 10:49:13,360 [Listener at 0.0.0.0/45311] INFO  server.RaftServer (RaftServerProxy.java:addNew(95)) - om1: addNew group-C5BA1605619E:[om1|rpc:localhost:33759|priority:0] returns group-C5BA1605619E:java.util.concurrent.CompletableFuture@338c6523[Not completed]
2022-03-11 10:49:13,360 [Listener at 0.0.0.0/45311] INFO  om.OzoneManager (OzoneManager.java:initializeRatisServer(1834)) - OzoneManager Ratis server initialized at port 33759
2022-03-11 10:49:13,394 [pool-49-thread-1] INFO  server.RaftServer$Division (RaftServerImpl.java:<init>(184)) - om1: new RaftServerImpl for group-C5BA1605619E:[om1|rpc:localhost:33759|priority:0] with OzoneManagerStateMachine:uninitialized
2022-03-11 10:49:13,414 [pool-49-thread-1] INFO  server.RaftServerConfigKeys (ConfUtils.java:logGet(44)) - raft.server.rpc.timeout.min = 1s (custom)
2022-03-11 10:49:13,414 [pool-49-thread-1] INFO  server.RaftServerConfigKeys (ConfUtils.java:logGet(44)) - raft.server.rpc.timeout.max = 1200ms (custom)
2022-03-11 10:49:13,415 [pool-49-thread-1] INFO  server.RaftServerConfigKeys (ConfUtils.java:logGet(44)) - raft.server.rpc.sleep.time = 25ms (default)
2022-03-11 10:49:13,415 [pool-49-thread-1] INFO  server.RaftServerConfigKeys (ConfUtils.java:logGet(44)) - raft.server.rpc.slowness.timeout = 120s (custom)
2022-03-11 10:49:13,415 [pool-49-thread-1] INFO  server.RaftServerConfigKeys (ConfUtils.java:logGet(44)) - raft.server.leaderelection.leader.step-down.wait-time = 10s (default)
2022-03-11 10:49:13,415 [pool-49-thread-1] INFO  server.RaftServerConfigKeys (ConfUtils.java:logGet(44)) - raft.server.sleep.deviation.threshold = 300ms (default)
2022-03-11 10:49:13,416 [pool-49-thread-1] INFO  server.RaftServerConfigKeys (ConfUtils.java:logGet(44)) - raft.server.log.appender.install.snapshot.enabled = false (custom)
2022-03-11 10:49:13,422 [pool-49-thread-1] INFO  server.RaftServer$Division (ServerState.java:<init>(105)) - om1@group-C5BA1605619E: ConfigurationManager, init=-1: [om1|rpc:localhost:33759|priority:0], old=null, confs=<EMPTY_MAP>
2022-03-11 10:49:13,429 [pool-49-thread-1] INFO  server.RaftServerConfigKeys (ConfUtils.java:logGet(44)) - raft.server.storage.dir = [/home/runner/work/ozone/ozone/hadoop-ozone/integration-test/target/test-dir/MiniOzoneClusterImpl-80d3c9c6-9062-4062-b57d-7974188da005/ozone-meta/ratis] (custom)
2022-03-11 10:49:13,443 [pool-49-thread-1] INFO  server.RaftServerConfigKeys (ConfUtils.java:logGet(44)) - raft.server.log.corruption.policy = EXCEPTION (default)
2022-03-11 10:49:13,443 [pool-49-thread-1] INFO  server.RaftServerConfigKeys (ConfUtils.java:logGet(44)) - raft.server.storage.free-space.min = 0MB (=0) (default)
2022-03-11 10:49:13,445 [pool-49-thread-1] INFO  storage.RaftStorageDirectory (RaftStorageDirectoryImpl.java:analyzeStorage(135)) - The storage directory /home/runner/work/ozone/ozone/hadoop-ozone/integration-test/target/test-dir/MiniOzoneClusterImpl-80d3c9c6-9062-4062-b57d-7974188da005/ozone-meta/ratis/bf265839-605b-3f16-9796-c5ba1605619e does not exist. Creating ...
2022-03-11 10:49:13,453 [Listener at 0.0.0.0/45311] INFO  ipc.CallQueueManager (CallQueueManager.java:<init>(90)) - Using callQueue: class java.util.concurrent.LinkedBlockingQueue, queueCapacity: 2000, scheduler: class org.apache.hadoop.ipc.DefaultRpcScheduler, ipcBackoff: false.
2022-03-11 10:49:13,456 [Socket Reader #1 for port 0] INFO  ipc.Server (Server.java:run(1265)) - Starting Socket Reader #1 for port 0
2022-03-11 10:49:13,457 [pool-49-thread-1] INFO  storage.RaftStorageDirectory (RaftStorageDirectoryImpl.java:tryLock(230)) - Lock on /home/runner/work/ozone/ozone/hadoop-ozone/integration-test/target/test-dir/MiniOzoneClusterImpl-80d3c9c6-9062-4062-b57d-7974188da005/ozone-meta/ratis/bf265839-605b-3f16-9796-c5ba1605619e/in_use.lock acquired by nodename 11810@fv-az184-17
2022-03-11 10:49:13,471 [pool-49-thread-1] INFO  storage.RaftStorage (RaftStorageImpl.java:format(89)) - Storage directory /home/runner/work/ozone/ozone/hadoop-ozone/integration-test/target/test-dir/MiniOzoneClusterImpl-80d3c9c6-9062-4062-b57d-7974188da005/ozone-meta/ratis/bf265839-605b-3f16-9796-c5ba1605619e has been successfully formatted.
2022-03-11 10:49:13,483 [pool-49-thread-1] INFO  server.RaftServerConfigKeys (ConfUtils.java:logGet(44)) - raft.server.notification.no-leader.timeout = 120s (custom)
2022-03-11 10:49:13,485 [pool-49-thread-1] INFO  server.RaftServerConfigKeys (ConfUtils.java:logGet(44)) - raft.server.log.use.memory = false (default)
2022-03-11 10:49:13,509 [pool-49-thread-1] INFO  server.RaftServerConfigKeys (ConfUtils.java:logGet(44)) - raft.server.log.purge.gap = 1000000 (custom)
2022-03-11 10:49:13,509 [pool-49-thread-1] INFO  server.RaftServerConfigKeys (ConfUtils.java:logGet(44)) - raft.server.log.appender.buffer.byte-limit = 33554432 (custom)
2022-03-11 10:49:13,515 [Listener at 127.0.0.1/40509] INFO  impl.MetricsSystemImpl (MetricsSystemImpl.java:init(158)) - OzoneManager metrics system started (again)
2022-03-11 10:49:13,531 [pool-49-thread-1] INFO  server.RaftServerConfigKeys (ConfUtils.java:logGet(44)) - raft.server.log.segment.size.max = 4194304 (custom)
2022-03-11 10:49:13,540 [Listener at 127.0.0.1/40509] INFO  om.OzoneManager (OzoneManager.java:start(1365)) - OzoneManager RPC server is listening at localhost/127.0.0.1:40509
2022-03-11 10:49:13,540 [Listener at 127.0.0.1/40509] INFO  ratis.OzoneManagerRatisServer (OzoneManagerRatisServer.java:start(554)) - Starting OzoneManagerRatisServer om1 at port 33759
2022-03-11 10:49:13,546 [pool-49-thread-1] INFO  server.RaftServerConfigKeys (ConfUtils.java:logGet(44)) - raft.server.log.segment.cache.num.max = 2 (custom)
2022-03-11 10:49:13,546 [pool-49-thread-1] INFO  server.RaftServerConfigKeys (ConfUtils.java:logGet(44)) - raft.server.log.segment.cache.size.max = 200MB (=209715200) (default)
2022-03-11 10:49:13,556 [pool-49-thread-1] INFO  segmented.SegmentedRaftLogWorker (SegmentedRaftLogWorker.java:<init>(182)) - new om1@group-C5BA1605619E-SegmentedRaftLogWorker for RaftStorageImpl:Storage Directory /home/runner/work/ozone/ozone/hadoop-ozone/integration-test/target/test-dir/MiniOzoneClusterImpl-80d3c9c6-9062-4062-b57d-7974188da005/ozone-meta/ratis/bf265839-605b-3f16-9796-c5ba1605619e
2022-03-11 10:49:13,556 [pool-49-thread-1] INFO  server.RaftServerConfigKeys (ConfUtils.java:logGet(44)) - raft.server.log.queue.byte-limit = 64MB (=67108864) (default)
2022-03-11 10:49:13,557 [pool-49-thread-1] INFO  server.RaftServerConfigKeys (ConfUtils.java:logGet(44)) - raft.server.log.queue.element-limit = 4096 (default)
2022-03-11 10:49:13,558 [pool-49-thread-1] INFO  server.RaftServerConfigKeys (ConfUtils.java:logGet(44)) - raft.server.log.segment.size.max = 4194304 (custom)
2022-03-11 10:49:13,558 [pool-49-thread-1] INFO  server.RaftServerConfigKeys (ConfUtils.java:logGet(44)) - raft.server.log.preallocated.size = 4194304 (custom)
2022-03-11 10:49:13,559 [pool-49-thread-1] INFO  server.RaftServerConfigKeys (ConfUtils.java:logGet(44)) - raft.server.log.force.sync.num = 128 (default)
2022-03-11 10:49:13,561 [pool-49-thread-1] INFO  server.RaftServerConfigKeys (ConfUtils.java:logGet(44)) - raft.server.log.statemachine.data.sync = true (default)
2022-03-11 10:49:13,561 [pool-49-thread-1] INFO  server.RaftServerConfigKeys (ConfUtils.java:logGet(44)) - raft.server.log.statemachine.data.sync.timeout = 10s (default)
2022-03-11 10:49:13,561 [pool-49-thread-1] INFO  server.RaftServerConfigKeys (ConfUtils.java:logGet(44)) - raft.server.log.statemachine.data.sync.timeout.retry = -1 (default)
2022-03-11 10:49:13,571 [pool-49-thread-1] INFO  server.RaftServerConfigKeys (ConfUtils.java:logGet(44)) - raft.server.log.write.buffer.size = 64KB (=65536) (default)
2022-03-11 10:49:13,572 [pool-49-thread-1] INFO  server.RaftServerConfigKeys (ConfUtils.java:logGet(44)) - raft.server.log.statemachine.data.caching.enabled = false (default)
2022-03-11 10:49:13,579 [pool-49-thread-1] INFO  segmented.SegmentedRaftLogWorker (SegmentedRaftLogWorker.java:lambda$new$0(133)) - om1@group-C5BA1605619E-SegmentedRaftLogWorker: flushIndex: setUnconditionally 0 -> -1
2022-03-11 10:49:13,580 [pool-49-thread-1] INFO  segmented.SegmentedRaftLogWorker (SegmentedRaftLogWorker.java:lambda$new$0(133)) - om1@group-C5BA1605619E-SegmentedRaftLogWorker: safeCacheEvictIndex: setUnconditionally 0 -> -1
2022-03-11 10:49:13,584 [pool-49-thread-1] INFO  server.RaftServerConfigKeys (ConfUtils.java:logGet(44)) - raft.server.snapshot.auto.trigger.enabled = true (custom)
2022-03-11 10:49:13,586 [pool-49-thread-1] INFO  server.RaftServerConfigKeys (ConfUtils.java:logGet(44)) - raft.server.snapshot.auto.trigger.threshold = 400000 (default)
2022-03-11 10:49:13,586 [pool-49-thread-1] INFO  server.RaftServerConfigKeys (ConfUtils.java:logGet(44)) - raft.server.snapshot.retention.file.num = -1 (default)
2022-03-11 10:49:13,589 [pool-49-thread-1] INFO  server.RaftServerConfigKeys (ConfUtils.java:logGet(44)) - raft.server.log.purge.upto.snapshot.index = true (custom)
2022-03-11 10:49:13,591 [pool-49-thread-1] INFO  server.RaftServerConfigKeys (ConfUtils.java:logGet(44)) - raft.server.retrycache.expirytime = 300s (custom)
2022-03-11 10:49:13,592 [pool-49-thread-1] INFO  server.RaftServerConfigKeys (ConfUtils.java:logGet(44)) - raft.server.retrycache.statistics.expirytime = 100μs (default)
2022-03-11 10:49:13,598 [ReplicationMonitor] INFO  container.ReplicationManager (ReplicationManager.java:processAll(374)) - Replication Manager is not ready to run until 3000ms after safemode exit
2022-03-11 10:49:13,646 [Listener at 127.0.0.1/40509] INFO  server.RaftServer$Division (RaftServerImpl.java:start(301)) - om1@group-C5BA1605619E: start as a follower, conf=-1: [om1|rpc:localhost:33759|priority:0], old=null
2022-03-11 10:49:13,647 [Listener at 127.0.0.1/40509] INFO  server.RaftServer$Division (RaftServerImpl.java:setRole(290)) - om1@group-C5BA1605619E: changes role from      null to FOLLOWER at term 0 for startAsFollower
2022-03-11 10:49:13,648 [Listener at 127.0.0.1/40509] INFO  impl.RoleInfo (RoleInfo.java:updateAndGet(130)) - om1: start om1@group-C5BA1605619E-FollowerState
2022-03-11 10:49:13,650 [Listener at 127.0.0.1/40509] INFO  util.JmxRegister (JmxRegister.java:tryRegister(44)) - Successfully registered JMX Bean with object name Ratis:service=RaftServer,group=group-C5BA1605619E,id=om1
2022-03-11 10:49:13,658 [Listener at 127.0.0.1/40509] INFO  server.RaftServer (RaftServerProxy.java:lambda$start$5(374)) - om1: start RPC server
2022-03-11 10:49:13,728 [Listener at 127.0.0.1/40509] INFO  server.GrpcService (GrpcService.java:startImpl(253)) - om1: GrpcService started, listening on 33759
2022-03-11 10:49:13,732 [Listener at 127.0.0.1/40509] INFO  om.OzoneManager (OzoneManager.java:start(1381)) - Version File has different layout version (0) than OM DB (null). That is expected if this OM has never been finalized to a newer layout version.
2022-03-11 10:49:13,734 [org.apache.ratis.util.JvmPauseMonitor$$Lambda$540/1416199161@630403d0] INFO  util.JvmPauseMonitor (JvmPauseMonitor.java:run(103)) - JvmPauseMonitor-om1: Started
2022-03-11 10:49:13,745 [Listener at 127.0.0.1/40509] INFO  http.BaseHttpServer (BaseHttpServer.java:newHttpServer2BuilderForOzone(209)) - Starting Web-server for ozoneManager at: http://0.0.0.0:0
2022-03-11 10:49:13,746 [Listener at 127.0.0.1/40509] INFO  http.BaseHttpServer (BaseHttpServer.java:<init>(107)) - Hadoop Security Enabled: false Ozone Security Enabled: false Ozone HTTP Security Enabled: false 
2022-03-11 10:49:13,748 [Listener at 127.0.0.1/40509] INFO  server.AuthenticationFilter (AuthenticationFilter.java:constructSecretProvider(240)) - Unable to initialize FileSignerSecretProvider, falling back to use random secrets.
2022-03-11 10:49:13,755 [Listener at 127.0.0.1/40509] WARN  http.HttpRequestLog (HttpRequestLog.java:getRequestLog(103)) - Jetty request log can only be enabled using Log4j
2022-03-11 10:49:13,756 [Listener at 127.0.0.1/40509] INFO  http.HttpServer2 (HttpServer2.java:addGlobalFilter(1030)) - Added global filter 'safety' (class=org.apache.hadoop.hdds.server.http.HttpServer2$QuotingInputFilter)
2022-03-11 10:49:13,757 [Listener at 127.0.0.1/40509] INFO  http.HttpServer2 (HttpServer2.java:addFilter(1006)) - Added filter static_user_filter (class=org.apache.hadoop.http.lib.StaticUserWebFilter$StaticUserFilter) to context ozoneManager
2022-03-11 10:49:13,757 [Listener at 127.0.0.1/40509] INFO  http.HttpServer2 (HttpServer2.java:addFilter(1014)) - Added filter static_user_filter (class=org.apache.hadoop.http.lib.StaticUserWebFilter$StaticUserFilter) to context logs
2022-03-11 10:49:13,757 [Listener at 127.0.0.1/40509] INFO  http.HttpServer2 (HttpServer2.java:addFilter(1014)) - Added filter static_user_filter (class=org.apache.hadoop.http.lib.StaticUserWebFilter$StaticUserFilter) to context static
2022-03-11 10:49:13,759 [Listener at 127.0.0.1/40509] INFO  http.HttpServer2 (HttpServer2.java:bindListener(1249)) - Jetty bound to port 34793
2022-03-11 10:49:13,759 [Listener at 127.0.0.1/40509] INFO  server.Server (Server.java:doStart(375)) - jetty-9.4.43.v20210629; built: 2021-06-30T11:07:22.254Z; git: 526006ecfa3af7f1a27ef3a288e2bef7ea9dd7e8; jvm 1.8.0_322-b06
2022-03-11 10:49:13,763 [Listener at 127.0.0.1/40509] INFO  server.session (DefaultSessionIdManager.java:doStart(334)) - DefaultSessionIdManager workerName=node0
2022-03-11 10:49:13,763 [Listener at 127.0.0.1/40509] INFO  server.session (DefaultSessionIdManager.java:doStart(339)) - No SessionScavenger set, using defaults
2022-03-11 10:49:13,763 [Listener at 127.0.0.1/40509] INFO  server.session (HouseKeeper.java:startScavenging(132)) - node0 Scavenging every 600000ms
2022-03-11 10:49:13,764 [Listener at 127.0.0.1/40509] INFO  handler.ContextHandler (ContextHandler.java:doStart(915)) - Started o.e.j.s.ServletContextHandler@4c943cb1{logs,/logs,file:///home/runner/work/ozone/ozone/hadoop-ozone/integration-test/target/log,AVAILABLE}
2022-03-11 10:49:13,764 [Listener at 127.0.0.1/40509] INFO  handler.ContextHandler (ContextHandler.java:doStart(915)) - Started o.e.j.s.ServletContextHandler@2b6b23d3{static,/static,file:///home/runner/work/ozone/ozone/hadoop-ozone/integration-test/target/test-classes/webapps/static,AVAILABLE}
2022-03-11 10:49:13,768 [Listener at 127.0.0.1/40509] INFO  handler.ContextHandler (ContextHandler.java:doStart(915)) - Started o.e.j.w.WebAppContext@3b06e8b7{ozoneManager,/,file:///home/runner/work/ozone/ozone/hadoop-ozone/integration-test/target/test-classes/webapps/ozoneManager/,AVAILABLE}{file:/home/runner/work/ozone/ozone/hadoop-ozone/integration-test/target/test-classes/webapps/ozoneManager}
2022-03-11 10:49:13,769 [Listener at 127.0.0.1/40509] INFO  server.AbstractConnector (AbstractConnector.java:doStart(331)) - Started ServerConnector@71b0467{HTTP/1.1, (http/1.1)}{0.0.0.0:34793}
2022-03-11 10:49:13,770 [Listener at 127.0.0.1/40509] INFO  server.Server (Server.java:doStart(415)) - Started @6486ms
2022-03-11 10:49:13,770 [Listener at 127.0.0.1/40509] WARN  impl.MetricsSystemImpl (MetricsSystemImpl.java:register(279)) - Sink prometheus already exists!
2022-03-11 10:49:13,770 [Listener at 127.0.0.1/40509] INFO  http.BaseHttpServer (BaseHttpServer.java:updateConnectorAddress(329)) - HTTP server of ozoneManager listening at http://0.0.0.0:34793
2022-03-11 10:49:13,771 [IPC Server Responder] INFO  ipc.Server (Server.java:run(1507)) - IPC Server Responder: starting
2022-03-11 10:49:13,771 [IPC Server listener on 0] INFO  ipc.Server (Server.java:run(1344)) - IPC Server listener on 0: starting
2022-03-11 10:49:13,781 [Listener at 127.0.0.1/40509] INFO  om.OzoneManager (OzoneManager.java:startTrashEmptier(1792)) - Trash Interval set to 0. Files deleted will not move to trash
2022-03-11 10:49:13,792 [org.apache.hadoop.util.JvmPauseMonitor$Monitor@4a67a15f] INFO  util.JvmPauseMonitor (JvmPauseMonitor.java:run(188)) - Starting JVM pause monitor
2022-03-11 10:49:13,935 [Listener at 127.0.0.1/40509] WARN  impl.MetricRegistriesImpl (MetricRegistriesImpl.java:addReporterRegistration(111)) - New reporters are added after registries were created. Some metrics will be missing from the reporter. Please add reporter before adding any new registry.
2022-03-11 10:49:13,936 [Listener at 127.0.0.1/40509] WARN  impl.MetricRegistriesImpl (MetricRegistriesImpl.java:addReporterRegistration(111)) - New reporters are added after registries were created. Some metrics will be missing from the reporter. Please add reporter before adding any new registry.
2022-03-11 10:49:13,936 [Listener at 127.0.0.1/40509] INFO  impl.MetricsSystemImpl (MetricsSystemImpl.java:init(158)) - HddsDatanode metrics system started (again)
2022-03-11 10:49:13,952 [Listener at 127.0.0.1/40509] INFO  ozone.HddsDatanodeService (HddsDatanodeService.java:start(233)) - HddsDatanodeService host:fv-az184-17.3ow45vhwbzuu5incsxmygykede.cx.internal.cloudapp.net ip:10.1.0.4
2022-03-11 10:49:13,983 [Listener at 127.0.0.1/40509] INFO  upgrade.AbstractLayoutVersionManager (AbstractLayoutVersionManager.java:init(79)) - Initializing Layout version manager with metadata layout = SCM_HA (version = 2), software layout = SCM_HA (version = 2)
2022-03-11 10:49:14,028 [Listener at 127.0.0.1/40509] INFO  reflections.Reflections (Reflections.java:scan(232)) - Reflections took 44 ms to scan 7 urls, producing 122 keys and 286 values 
2022-03-11 10:49:14,032 [Listener at 127.0.0.1/40509] INFO  statemachine.DatanodeStateMachine (DatanodeStateMachine.java:getEndPointTaskThreadPoolSize(222)) - Datanode State Machine Task Thread Pool size 2
2022-03-11 10:49:14,092 [Listener at 127.0.0.1/40509] INFO  volume.HddsVolume (HddsVolume.java:<init>(120)) - Creating HddsVolume: /home/runner/work/ozone/ozone/hadoop-ozone/integration-test/target/test-dir/MiniOzoneClusterImpl-80d3c9c6-9062-4062-b57d-7974188da005/datanode-0/data-0/containers/hdds of storage type : DISK capacity : 9223372036854775807
2022-03-11 10:49:14,094 [Listener at 127.0.0.1/40509] INFO  volume.MutableVolumeSet (MutableVolumeSet.java:initializeVolumeSet(168)) - Added Volume : /home/runner/work/ozone/ozone/hadoop-ozone/integration-test/target/test-dir/MiniOzoneClusterImpl-80d3c9c6-9062-4062-b57d-7974188da005/datanode-0/data-0/containers/hdds to VolumeSet
2022-03-11 10:49:14,095 [Listener at 127.0.0.1/40509] INFO  volume.ThrottledAsyncChecker (ThrottledAsyncChecker.java:schedule(141)) - Scheduling a check for /home/runner/work/ozone/ozone/hadoop-ozone/integration-test/target/test-dir/MiniOzoneClusterImpl-80d3c9c6-9062-4062-b57d-7974188da005/datanode-0/data-0/containers/hdds
2022-03-11 10:49:14,115 [Listener at 127.0.0.1/40509] INFO  volume.StorageVolumeChecker (StorageVolumeChecker.java:checkAllVolumes(202)) - Scheduled health check for volume /home/runner/work/ozone/ozone/hadoop-ozone/integration-test/target/test-dir/MiniOzoneClusterImpl-80d3c9c6-9062-4062-b57d-7974188da005/datanode-0/data-0/containers/hdds
2022-03-11 10:49:14,167 [Listener at 127.0.0.1/40509] INFO  volume.MutableVolumeSet (MutableVolumeSet.java:initializeVolumeSet(168)) - Added Volume : /home/runner/work/ozone/ozone/hadoop-ozone/integration-test/target/test-dir/MiniOzoneClusterImpl-80d3c9c6-9062-4062-b57d-7974188da005/datanode-0/data/ratis to VolumeSet
2022-03-11 10:49:14,168 [Listener at 127.0.0.1/40509] INFO  volume.ThrottledAsyncChecker (ThrottledAsyncChecker.java:schedule(141)) - Scheduling a check for /home/runner/work/ozone/ozone/hadoop-ozone/integration-test/target/test-dir/MiniOzoneClusterImpl-80d3c9c6-9062-4062-b57d-7974188da005/datanode-0/data/ratis
2022-03-11 10:49:14,168 [Listener at 127.0.0.1/40509] INFO  volume.StorageVolumeChecker (StorageVolumeChecker.java:checkAllVolumes(202)) - Scheduled health check for volume /home/runner/work/ozone/ozone/hadoop-ozone/integration-test/target/test-dir/MiniOzoneClusterImpl-80d3c9c6-9062-4062-b57d-7974188da005/datanode-0/data/ratis
2022-03-11 10:49:14,212 [Thread-131] INFO  ozoneimpl.ContainerReader (ContainerReader.java:readVolume(172)) - Finish verifying containers on volume /home/runner/work/ozone/ozone/hadoop-ozone/integration-test/target/test-dir/MiniOzoneClusterImpl-80d3c9c6-9062-4062-b57d-7974188da005/datanode-0/data-0/containers/hdds
2022-03-11 10:49:14,212 [Listener at 127.0.0.1/40509] INFO  ozoneimpl.OzoneContainer (OzoneContainer.java:buildContainerSet(257)) - Build ContainerSet costs 0s
2022-03-11 10:49:14,277 [Listener at 127.0.0.1/40509] INFO  server.RaftServer (ConfUtils.java:logGet(44)) - raft.rpc.type = GRPC (default)
2022-03-11 10:49:14,278 [Listener at 127.0.0.1/40509] INFO  grpc.GrpcFactory (GrpcFactory.java:checkPooledByteBufAllocatorUseCacheForAllThreads(48)) - PERFORMANCE WARNING: useCacheForAllThreads is true that may cause Netty to create a lot garbage objects and, as a result, trigger GC.
	It is recommended to disable useCacheForAllThreads by setting -Dorg.apache.ratis.thirdparty.io.netty.allocator.useCacheForAllThreads=false in command line.
2022-03-11 10:49:14,278 [Listener at 127.0.0.1/40509] INFO  grpc.GrpcConfigKeys (ConfUtils.java:logGet(44)) - raft.grpc.admin.port = 0 (custom)
2022-03-11 10:49:14,278 [Listener at 127.0.0.1/40509] INFO  grpc.GrpcConfigKeys (ConfUtils.java:logGet(44)) - raft.grpc.client.port = 0 (custom)
2022-03-11 10:49:14,278 [Listener at 127.0.0.1/40509] INFO  grpc.GrpcConfigKeys (ConfUtils.java:logGet(44)) - raft.grpc.server.port = 0 (default)
2022-03-11 10:49:14,278 [Listener at 127.0.0.1/40509] INFO  server.GrpcService (ConfUtils.java:logGet(44)) - raft.grpc.message.size.max = 32MB (=33554432) (custom)
2022-03-11 10:49:14,278 [Listener at 127.0.0.1/40509] INFO  server.RaftServerConfigKeys (ConfUtils.java:logGet(44)) - raft.server.log.appender.buffer.byte-limit = 33554432 (custom)
2022-03-11 10:49:14,278 [Listener at 127.0.0.1/40509] INFO  server.GrpcService (ConfUtils.java:logGet(44)) - raft.grpc.flow.control.window = 5MB (=5242880) (custom)
2022-03-11 10:49:14,279 [Listener at 127.0.0.1/40509] INFO  server.RaftServerConfigKeys (ConfUtils.java:logGet(44)) - raft.server.rpc.request.timeout = 60s (custom)
2022-03-11 10:49:14,280 [Listener at 127.0.0.1/40509] INFO  impl.DataStreamServerImpl (ConfUtils.java:logGet(44)) - raft.datastream.type = DISABLED (default)
2022-03-11 10:49:14,280 [Listener at 127.0.0.1/40509] INFO  server.RaftServerConfigKeys (ConfUtils.java:logGet(44)) - raft.server.rpc.slowness.timeout = 300s (custom)
2022-03-11 10:49:14,280 [Listener at 127.0.0.1/40509] INFO  server.RaftServerConfigKeys (ConfUtils.java:logGet(44)) - raft.server.leaderelection.leader.step-down.wait-time = 10s (default)
2022-03-11 10:49:14,280 [Listener at 127.0.0.1/40509] INFO  server.RaftServerConfigKeys (ConfUtils.java:logGet(44)) - raft.server.storage.dir = [/home/runner/work/ozone/ozone/hadoop-ozone/integration-test/target/test-dir/MiniOzoneClusterImpl-80d3c9c6-9062-4062-b57d-7974188da005/datanode-0/data/ratis] (custom)
2022-03-11 10:49:14,298 [Listener at 127.0.0.1/40509] INFO  server.XceiverServerGrpc (XceiverServerGrpc.java:<init>(132)) - GrpcServer channel type EpollServerSocketChannel
2022-03-11 10:49:14,343 [Listener at 127.0.0.1/40509] INFO  http.BaseHttpServer (BaseHttpServer.java:newHttpServer2BuilderForOzone(209)) - Starting Web-server for hddsDatanode at: http://0.0.0.0:0
2022-03-11 10:49:14,344 [Listener at 127.0.0.1/40509] INFO  http.BaseHttpServer (BaseHttpServer.java:<init>(107)) - Hadoop Security Enabled: false Ozone Security Enabled: false Ozone HTTP Security Enabled: false 
2022-03-11 10:49:14,345 [Listener at 127.0.0.1/40509] INFO  server.AuthenticationFilter (AuthenticationFilter.java:constructSecretProvider(240)) - Unable to initialize FileSignerSecretProvider, falling back to use random secrets.
2022-03-11 10:49:14,346 [Listener at 127.0.0.1/40509] WARN  http.HttpRequestLog (HttpRequestLog.java:getRequestLog(103)) - Jetty request log can only be enabled using Log4j
2022-03-11 10:49:14,347 [Listener at 127.0.0.1/40509] INFO  http.HttpServer2 (HttpServer2.java:addGlobalFilter(1030)) - Added global filter 'safety' (class=org.apache.hadoop.hdds.server.http.HttpServer2$QuotingInputFilter)
2022-03-11 10:49:14,348 [Listener at 127.0.0.1/40509] INFO  http.HttpServer2 (HttpServer2.java:addFilter(1006)) - Added filter static_user_filter (class=org.apache.hadoop.http.lib.StaticUserWebFilter$StaticUserFilter) to context hddsDatanode
2022-03-11 10:49:14,348 [Listener at 127.0.0.1/40509] INFO  http.HttpServer2 (HttpServer2.java:addFilter(1014)) - Added filter static_user_filter (class=org.apache.hadoop.http.lib.StaticUserWebFilter$StaticUserFilter) to context logs
2022-03-11 10:49:14,348 [Listener at 127.0.0.1/40509] INFO  http.HttpServer2 (HttpServer2.java:addFilter(1014)) - Added filter static_user_filter (class=org.apache.hadoop.http.lib.StaticUserWebFilter$StaticUserFilter) to context static
2022-03-11 10:49:14,349 [Listener at 127.0.0.1/40509] INFO  http.HttpServer2 (HttpServer2.java:bindListener(1249)) - Jetty bound to port 35853
2022-03-11 10:49:14,349 [Listener at 127.0.0.1/40509] INFO  server.Server (Server.java:doStart(375)) - jetty-9.4.43.v20210629; built: 2021-06-30T11:07:22.254Z; git: 526006ecfa3af7f1a27ef3a288e2bef7ea9dd7e8; jvm 1.8.0_322-b06
2022-03-11 10:49:14,352 [Listener at 127.0.0.1/40509] INFO  server.session (DefaultSessionIdManager.java:doStart(334)) - DefaultSessionIdManager workerName=node0
2022-03-11 10:49:14,352 [Listener at 127.0.0.1/40509] INFO  server.session (DefaultSessionIdManager.java:doStart(339)) - No SessionScavenger set, using defaults
2022-03-11 10:49:14,353 [Listener at 127.0.0.1/40509] INFO  server.session (HouseKeeper.java:startScavenging(132)) - node0 Scavenging every 600000ms
2022-03-11 10:49:14,355 [Listener at 127.0.0.1/40509] INFO  handler.ContextHandler (ContextHandler.java:doStart(915)) - Started o.e.j.s.ServletContextHandler@1631bb52{logs,/logs,file:///home/runner/work/ozone/ozone/hadoop-ozone/integration-test/target/log,AVAILABLE}
2022-03-11 10:49:14,356 [Listener at 127.0.0.1/40509] INFO  handler.ContextHandler (ContextHandler.java:doStart(915)) - Started o.e.j.s.ServletContextHandler@2d587092{static,/static,jar:file:/home/runner/.m2/repository/org/apache/ozone/hdds-container-service/1.3.0-SNAPSHOT/hdds-container-service-1.3.0-SNAPSHOT.jar!/webapps/static,AVAILABLE}
2022-03-11 10:49:14,422 [Listener at 127.0.0.1/40509] INFO  handler.ContextHandler (ContextHandler.java:doStart(915)) - Started o.e.j.w.WebAppContext@42e1ed98{hddsDatanode,/,file:///tmp/jetty-0_0_0_0-35853-hdds-container-service-1_3_0-SNAPSHOT_jar-_-any-1542599563499756095/webapp/,AVAILABLE}{jar:file:/home/runner/.m2/repository/org/apache/ozone/hdds-container-service/1.3.0-SNAPSHOT/hdds-container-service-1.3.0-SNAPSHOT.jar!/webapps/hddsDatanode}
2022-03-11 10:49:14,424 [Listener at 127.0.0.1/40509] INFO  server.AbstractConnector (AbstractConnector.java:doStart(331)) - Started ServerConnector@125c40f1{HTTP/1.1, (http/1.1)}{0.0.0.0:35853}
2022-03-11 10:49:14,424 [Listener at 127.0.0.1/40509] INFO  server.Server (Server.java:doStart(415)) - Started @7141ms
2022-03-11 10:49:14,424 [Listener at 127.0.0.1/40509] WARN  impl.MetricsSystemImpl (MetricsSystemImpl.java:register(279)) - Sink prometheus already exists!
2022-03-11 10:49:14,425 [Listener at 127.0.0.1/40509] INFO  http.BaseHttpServer (BaseHttpServer.java:updateConnectorAddress(329)) - HTTP server of hddsDatanode listening at http://0.0.0.0:35853
2022-03-11 10:49:14,427 [Listener at 127.0.0.1/40509] WARN  impl.MetricRegistriesImpl (MetricRegistriesImpl.java:addReporterRegistration(111)) - New reporters are added after registries were created. Some metrics will be missing from the reporter. Please add reporter before adding any new registry.
2022-03-11 10:49:14,427 [Listener at 127.0.0.1/40509] WARN  impl.MetricRegistriesImpl (MetricRegistriesImpl.java:addReporterRegistration(111)) - New reporters are added after registries were created. Some metrics will be missing from the reporter. Please add reporter before adding any new registry.
2022-03-11 10:49:14,427 [Listener at 127.0.0.1/40509] INFO  impl.MetricsSystemImpl (MetricsSystemImpl.java:init(158)) - HddsDatanode metrics system started (again)
2022-03-11 10:49:14,434 [Datanode State Machine Daemon Thread] INFO  statemachine.DatanodeStateMachine (DatanodeStateMachine.java:lambda$startDaemon$0(470)) - Ozone container server started.
2022-03-11 10:49:14,446 [Listener at 127.0.0.1/40509] INFO  ozone.HddsDatanodeService (HddsDatanodeService.java:start(233)) - HddsDatanodeService host:fv-az184-17.3ow45vhwbzuu5incsxmygykede.cx.internal.cloudapp.net ip:10.1.0.4
2022-03-11 10:49:14,461 [org.apache.hadoop.util.JvmPauseMonitor$Monitor@73fa0cf7] INFO  util.JvmPauseMonitor (JvmPauseMonitor.java:run(188)) - Starting JVM pause monitor
2022-03-11 10:49:14,475 [Listener at 127.0.0.1/40509] INFO  upgrade.AbstractLayoutVersionManager (AbstractLayoutVersionManager.java:init(79)) - Initializing Layout version manager with metadata layout = SCM_HA (version = 2), software layout = SCM_HA (version = 2)
2022-03-11 10:49:14,662 [ReplicationMonitor] INFO  container.ReplicationManager (ReplicationManager.java:processAll(374)) - Replication Manager is not ready to run until 3000ms after safemode exit
2022-03-11 10:49:14,698 [Listener at 127.0.0.1/40509] INFO  reflections.Reflections (Reflections.java:scan(232)) - Reflections took 218 ms to scan 7 urls, producing 122 keys and 286 values 
2022-03-11 10:49:14,698 [om1@group-C5BA1605619E-FollowerState] INFO  impl.FollowerState (FollowerState.java:run(134)) - om1@group-C5BA1605619E-FollowerState: change to CANDIDATE, lastRpcElapsedTime:1049680092ns, electionTimeout:1034ms
2022-03-11 10:49:14,707 [om1@group-C5BA1605619E-FollowerState] INFO  impl.RoleInfo (RoleInfo.java:shutdownFollowerState(108)) - om1: shutdown om1@group-C5BA1605619E-FollowerState
2022-03-11 10:49:14,711 [om1@group-C5BA1605619E-FollowerState] INFO  server.RaftServer$Division (RaftServerImpl.java:setRole(290)) - om1@group-C5BA1605619E: changes role from  FOLLOWER to CANDIDATE at term 0 for changeToCandidate
2022-03-11 10:49:14,716 [om1@group-C5BA1605619E-FollowerState] INFO  server.RaftServerConfigKeys (ConfUtils.java:logGet(44)) - raft.server.leaderelection.pre-vote = false (custom)
2022-03-11 10:49:14,722 [om1@group-C5BA1605619E-FollowerState] INFO  impl.RoleInfo (RoleInfo.java:updateAndGet(130)) - om1: start om1@group-C5BA1605619E-LeaderElection1
2022-03-11 10:49:14,728 [Listener at 127.0.0.1/40509] INFO  statemachine.DatanodeStateMachine (DatanodeStateMachine.java:getEndPointTaskThreadPoolSize(222)) - Datanode State Machine Task Thread Pool size 2
2022-03-11 10:49:14,732 [Listener at 127.0.0.1/40509] INFO  volume.HddsVolume (HddsVolume.java:<init>(120)) - Creating HddsVolume: /home/runner/work/ozone/ozone/hadoop-ozone/integration-test/target/test-dir/MiniOzoneClusterImpl-80d3c9c6-9062-4062-b57d-7974188da005/datanode-1/data-0/containers/hdds of storage type : DISK capacity : 9223372036854775807
2022-03-11 10:49:14,732 [Listener at 127.0.0.1/40509] INFO  volume.MutableVolumeSet (MutableVolumeSet.java:initializeVolumeSet(168)) - Added Volume : /home/runner/work/ozone/ozone/hadoop-ozone/integration-test/target/test-dir/MiniOzoneClusterImpl-80d3c9c6-9062-4062-b57d-7974188da005/datanode-1/data-0/containers/hdds to VolumeSet
2022-03-11 10:49:14,732 [Listener at 127.0.0.1/40509] INFO  volume.ThrottledAsyncChecker (ThrottledAsyncChecker.java:schedule(141)) - Scheduling a check for /home/runner/work/ozone/ozone/hadoop-ozone/integration-test/target/test-dir/MiniOzoneClusterImpl-80d3c9c6-9062-4062-b57d-7974188da005/datanode-1/data-0/containers/hdds
2022-03-11 10:49:14,733 [Listener at 127.0.0.1/40509] INFO  volume.StorageVolumeChecker (StorageVolumeChecker.java:checkAllVolumes(202)) - Scheduled health check for volume /home/runner/work/ozone/ozone/hadoop-ozone/integration-test/target/test-dir/MiniOzoneClusterImpl-80d3c9c6-9062-4062-b57d-7974188da005/datanode-1/data-0/containers/hdds
2022-03-11 10:49:14,755 [om1@group-C5BA1605619E-LeaderElection1] INFO  impl.LeaderElection (LeaderElection.java:askForVotes(306)) - om1@group-C5BA1605619E-LeaderElection1 ELECTION round 0: submit vote requests at term 1 for -1: [om1|rpc:localhost:33759|priority:0], old=null
2022-03-11 10:49:14,756 [om1@group-C5BA1605619E-LeaderElection1] INFO  impl.LeaderElection (LeaderElection.java:askForVotes(308)) - om1@group-C5BA1605619E-LeaderElection1 ELECTION round 0: result PASSED (term=1)
2022-03-11 10:49:14,756 [om1@group-C5BA1605619E-LeaderElection1] INFO  impl.RoleInfo (RoleInfo.java:shutdownLeaderElection(121)) - om1: shutdown om1@group-C5BA1605619E-LeaderElection1
2022-03-11 10:49:14,757 [om1@group-C5BA1605619E-LeaderElection1] INFO  server.RaftServer$Division (RaftServerImpl.java:setRole(290)) - om1@group-C5BA1605619E: changes role from CANDIDATE to LEADER at term 1 for changeToLeader
2022-03-11 10:49:14,757 [om1@group-C5BA1605619E-LeaderElection1] INFO  server.RaftServer$Division (ServerState.java:setLeader(285)) - om1@group-C5BA1605619E: change Leader from null to om1 at term 1 for becomeLeader, leader elected after 1274ms
2022-03-11 10:49:14,766 [om1@group-C5BA1605619E-LeaderElection1] INFO  server.RaftServerConfigKeys (ConfUtils.java:logGet(44)) - raft.server.staging.catchup.gap = 1000 (default)
2022-03-11 10:49:14,770 [Listener at 127.0.0.1/40509] INFO  volume.MutableVolumeSet (MutableVolumeSet.java:initializeVolumeSet(168)) - Added Volume : /home/runner/work/ozone/ozone/hadoop-ozone/integration-test/target/test-dir/MiniOzoneClusterImpl-80d3c9c6-9062-4062-b57d-7974188da005/datanode-1/data/ratis to VolumeSet
2022-03-11 10:49:14,770 [Listener at 127.0.0.1/40509] INFO  volume.ThrottledAsyncChecker (ThrottledAsyncChecker.java:schedule(141)) - Scheduling a check for /home/runner/work/ozone/ozone/hadoop-ozone/integration-test/target/test-dir/MiniOzoneClusterImpl-80d3c9c6-9062-4062-b57d-7974188da005/datanode-1/data/ratis
2022-03-11 10:49:14,770 [Listener at 127.0.0.1/40509] INFO  volume.StorageVolumeChecker (StorageVolumeChecker.java:checkAllVolumes(202)) - Scheduled health check for volume /home/runner/work/ozone/ozone/hadoop-ozone/integration-test/target/test-dir/MiniOzoneClusterImpl-80d3c9c6-9062-4062-b57d-7974188da005/datanode-1/data/ratis
2022-03-11 10:49:14,780 [om1@group-C5BA1605619E-LeaderElection1] INFO  server.RaftServerConfigKeys (ConfUtils.java:logGet(44)) - raft.server.write.element-limit = 4096 (default)
2022-03-11 10:49:14,781 [om1@group-C5BA1605619E-LeaderElection1] INFO  server.RaftServerConfigKeys (ConfUtils.java:logGet(44)) - raft.server.write.byte-limit = 64MB (=67108864) (default)
2022-03-11 10:49:14,797 [om1@group-C5BA1605619E-LeaderElection1] INFO  server.RaftServerConfigKeys (ConfUtils.java:logGet(44)) - raft.server.watch.timeout = 10s (default)
2022-03-11 10:49:14,797 [om1@group-C5BA1605619E-LeaderElection1] INFO  server.RaftServerConfigKeys (ConfUtils.java:logGet(44)) - raft.server.watch.timeout.denomination = 1s (default)
2022-03-11 10:49:14,798 [om1@group-C5BA1605619E-LeaderElection1] INFO  server.RaftServerConfigKeys (ConfUtils.java:logGet(44)) - raft.server.watch.element-limit = 65536 (default)
2022-03-11 10:49:14,802 [om1@group-C5BA1605619E-LeaderElection1] INFO  server.RaftServerConfigKeys (ConfUtils.java:logGet(44)) - raft.server.write.element-limit = 4096 (default)
2022-03-11 10:49:14,804 [om1@group-C5BA1605619E-LeaderElection1] INFO  server.RaftServerConfigKeys (ConfUtils.java:logGet(44)) - raft.server.write.follower.gap.ratio.max = -1.0 (default)
2022-03-11 10:49:14,807 [om1@group-C5BA1605619E-LeaderElection1] INFO  impl.RoleInfo (RoleInfo.java:updateAndGet(130)) - om1: start om1@group-C5BA1605619E-LeaderStateImpl
2022-03-11 10:49:14,814 [Thread-145] INFO  ozoneimpl.ContainerReader (ContainerReader.java:readVolume(172)) - Finish verifying containers on volume /home/runner/work/ozone/ozone/hadoop-ozone/integration-test/target/test-dir/MiniOzoneClusterImpl-80d3c9c6-9062-4062-b57d-7974188da005/datanode-1/data-0/containers/hdds
2022-03-11 10:49:14,815 [Listener at 127.0.0.1/40509] INFO  ozoneimpl.OzoneContainer (OzoneContainer.java:buildContainerSet(257)) - Build ContainerSet costs 0s
2022-03-11 10:49:14,818 [Listener at 127.0.0.1/40509] INFO  server.RaftServer (ConfUtils.java:logGet(44)) - raft.rpc.type = GRPC (default)
2022-03-11 10:49:14,819 [Listener at 127.0.0.1/40509] INFO  grpc.GrpcFactory (GrpcFactory.java:checkPooledByteBufAllocatorUseCacheForAllThreads(48)) - PERFORMANCE WARNING: useCacheForAllThreads is true that may cause Netty to create a lot garbage objects and, as a result, trigger GC.
	It is recommended to disable useCacheForAllThreads by setting -Dorg.apache.ratis.thirdparty.io.netty.allocator.useCacheForAllThreads=false in command line.
2022-03-11 10:49:14,819 [Listener at 127.0.0.1/40509] INFO  grpc.GrpcConfigKeys (ConfUtils.java:logGet(44)) - raft.grpc.admin.port = 0 (custom)
2022-03-11 10:49:14,819 [Listener at 127.0.0.1/40509] INFO  grpc.GrpcConfigKeys (ConfUtils.java:logGet(44)) - raft.grpc.client.port = 0 (custom)
2022-03-11 10:49:14,819 [Listener at 127.0.0.1/40509] INFO  grpc.GrpcConfigKeys (ConfUtils.java:logGet(44)) - raft.grpc.server.port = 0 (default)
2022-03-11 10:49:14,819 [Listener at 127.0.0.1/40509] INFO  server.GrpcService (ConfUtils.java:logGet(44)) - raft.grpc.message.size.max = 32MB (=33554432) (custom)
2022-03-11 10:49:14,819 [Listener at 127.0.0.1/40509] INFO  server.RaftServerConfigKeys (ConfUtils.java:logGet(44)) - raft.server.log.appender.buffer.byte-limit = 33554432 (custom)
2022-03-11 10:49:14,819 [Listener at 127.0.0.1/40509] INFO  server.GrpcService (ConfUtils.java:logGet(44)) - raft.grpc.flow.control.window = 5MB (=5242880) (custom)
2022-03-11 10:49:14,819 [Listener at 127.0.0.1/40509] INFO  server.RaftServerConfigKeys (ConfUtils.java:logGet(44)) - raft.server.rpc.request.timeout = 60s (custom)
2022-03-11 10:49:14,820 [Listener at 127.0.0.1/40509] INFO  impl.DataStreamServerImpl (ConfUtils.java:logGet(44)) - raft.datastream.type = DISABLED (default)
2022-03-11 10:49:14,821 [Listener at 127.0.0.1/40509] INFO  server.RaftServerConfigKeys (ConfUtils.java:logGet(44)) - raft.server.rpc.slowness.timeout = 300s (custom)
2022-03-11 10:49:14,822 [Listener at 127.0.0.1/40509] INFO  server.RaftServerConfigKeys (ConfUtils.java:logGet(44)) - raft.server.leaderelection.leader.step-down.wait-time = 10s (default)
2022-03-11 10:49:14,822 [Listener at 127.0.0.1/40509] INFO  server.RaftServerConfigKeys (ConfUtils.java:logGet(44)) - raft.server.storage.dir = [/home/runner/work/ozone/ozone/hadoop-ozone/integration-test/target/test-dir/MiniOzoneClusterImpl-80d3c9c6-9062-4062-b57d-7974188da005/datanode-1/data/ratis] (custom)
2022-03-11 10:49:14,823 [Listener at 127.0.0.1/40509] INFO  server.XceiverServerGrpc (XceiverServerGrpc.java:<init>(132)) - GrpcServer channel type EpollServerSocketChannel
2022-03-11 10:49:14,821 [Datanode State Machine Task Thread - 0] INFO  datanode.InitDatanodeState (InitDatanodeState.java:persistContainerDatanodeDetails(138)) - DatanodeDetails is persisted to /home/runner/work/ozone/ozone/hadoop-ozone/integration-test/target/test-dir/MiniOzoneClusterImpl-80d3c9c6-9062-4062-b57d-7974188da005/datanode-0/meta/datanode.id
2022-03-11 10:49:14,845 [Listener at 127.0.0.1/40509] INFO  http.BaseHttpServer (BaseHttpServer.java:newHttpServer2BuilderForOzone(209)) - Starting Web-server for hddsDatanode at: http://0.0.0.0:0
2022-03-11 10:49:14,845 [Listener at 127.0.0.1/40509] INFO  http.BaseHttpServer (BaseHttpServer.java:<init>(107)) - Hadoop Security Enabled: false Ozone Security Enabled: false Ozone HTTP Security Enabled: false 
2022-03-11 10:49:14,846 [Listener at 127.0.0.1/40509] INFO  server.AuthenticationFilter (AuthenticationFilter.java:constructSecretProvider(240)) - Unable to initialize FileSignerSecretProvider, falling back to use random secrets.
2022-03-11 10:49:14,847 [Listener at 127.0.0.1/40509] WARN  http.HttpRequestLog (HttpRequestLog.java:getRequestLog(103)) - Jetty request log can only be enabled using Log4j
2022-03-11 10:49:14,848 [Listener at 127.0.0.1/40509] INFO  http.HttpServer2 (HttpServer2.java:addGlobalFilter(1030)) - Added global filter 'safety' (class=org.apache.hadoop.hdds.server.http.HttpServer2$QuotingInputFilter)
2022-03-11 10:49:14,848 [Listener at 127.0.0.1/40509] INFO  http.HttpServer2 (HttpServer2.java:addFilter(1006)) - Added filter static_user_filter (class=org.apache.hadoop.http.lib.StaticUserWebFilter$StaticUserFilter) to context hddsDatanode
2022-03-11 10:49:14,849 [Listener at 127.0.0.1/40509] INFO  http.HttpServer2 (HttpServer2.java:addFilter(1014)) - Added filter static_user_filter (class=org.apache.hadoop.http.lib.StaticUserWebFilter$StaticUserFilter) to context logs
2022-03-11 10:49:14,849 [Listener at 127.0.0.1/40509] INFO  http.HttpServer2 (HttpServer2.java:addFilter(1014)) - Added filter static_user_filter (class=org.apache.hadoop.http.lib.StaticUserWebFilter$StaticUserFilter) to context static
2022-03-11 10:49:14,849 [Listener at 127.0.0.1/40509] INFO  http.HttpServer2 (HttpServer2.java:bindListener(1249)) - Jetty bound to port 44189
2022-03-11 10:49:14,849 [Listener at 127.0.0.1/40509] INFO  server.Server (Server.java:doStart(375)) - jetty-9.4.43.v20210629; built: 2021-06-30T11:07:22.254Z; git: 526006ecfa3af7f1a27ef3a288e2bef7ea9dd7e8; jvm 1.8.0_322-b06
2022-03-11 10:49:14,851 [Listener at 127.0.0.1/40509] INFO  server.session (DefaultSessionIdManager.java:doStart(334)) - DefaultSessionIdManager workerName=node0
2022-03-11 10:49:14,851 [Listener at 127.0.0.1/40509] INFO  server.session (DefaultSessionIdManager.java:doStart(339)) - No SessionScavenger set, using defaults
2022-03-11 10:49:14,851 [Listener at 127.0.0.1/40509] INFO  server.session (HouseKeeper.java:startScavenging(132)) - node0 Scavenging every 600000ms
2022-03-11 10:49:14,855 [om1@group-C5BA1605619E-LeaderElection1] INFO  segmented.SegmentedRaftLogWorker (SegmentedRaftLogWorker.java:startLogSegment(394)) - om1@group-C5BA1605619E-SegmentedRaftLogWorker: Starting segment from index:0
2022-03-11 10:49:14,858 [Listener at 127.0.0.1/40509] INFO  handler.ContextHandler (ContextHandler.java:doStart(915)) - Started o.e.j.s.ServletContextHandler@31871f5e{logs,/logs,file:///home/runner/work/ozone/ozone/hadoop-ozone/integration-test/target/log,AVAILABLE}
2022-03-11 10:49:14,859 [Listener at 127.0.0.1/40509] INFO  handler.ContextHandler (ContextHandler.java:doStart(915)) - Started o.e.j.s.ServletContextHandler@5fe8ec45{static,/static,jar:file:/home/runner/.m2/repository/org/apache/ozone/hdds-container-service/1.3.0-SNAPSHOT/hdds-container-service-1.3.0-SNAPSHOT.jar!/webapps/static,AVAILABLE}
2022-03-11 10:49:14,925 [om1@group-C5BA1605619E-LeaderElection1] INFO  server.RaftServer$Division (ServerState.java:setRaftConf(387)) - om1@group-C5BA1605619E: set configuration 0: [om1|rpc:localhost:33759|admin:|client:|dataStream:|priority:0], old=null
2022-03-11 10:49:14,960 [Listener at 127.0.0.1/40509] INFO  handler.ContextHandler (ContextHandler.java:doStart(915)) - Started o.e.j.w.WebAppContext@6addb48b{hddsDatanode,/,file:///tmp/jetty-0_0_0_0-44189-hdds-container-service-1_3_0-SNAPSHOT_jar-_-any-1598954588731443281/webapp/,AVAILABLE}{jar:file:/home/runner/.m2/repository/org/apache/ozone/hdds-container-service/1.3.0-SNAPSHOT/hdds-container-service-1.3.0-SNAPSHOT.jar!/webapps/hddsDatanode}
2022-03-11 10:49:14,961 [Listener at 127.0.0.1/40509] INFO  server.AbstractConnector (AbstractConnector.java:doStart(331)) - Started ServerConnector@20b0e233{HTTP/1.1, (http/1.1)}{0.0.0.0:44189}
2022-03-11 10:49:14,962 [Listener at 127.0.0.1/40509] INFO  server.Server (Server.java:doStart(415)) - Started @7678ms
2022-03-11 10:49:14,962 [Listener at 127.0.0.1/40509] WARN  impl.MetricsSystemImpl (MetricsSystemImpl.java:register(279)) - Sink prometheus already exists!
2022-03-11 10:49:14,963 [Listener at 127.0.0.1/40509] INFO  http.BaseHttpServer (BaseHttpServer.java:updateConnectorAddress(329)) - HTTP server of hddsDatanode listening at http://0.0.0.0:44189
2022-03-11 10:49:14,970 [Datanode State Machine Daemon Thread] INFO  statemachine.DatanodeStateMachine (DatanodeStateMachine.java:lambda$startDaemon$0(470)) - Ozone container server started.
2022-03-11 10:49:14,975 [Listener at 127.0.0.1/40509] WARN  impl.MetricRegistriesImpl (MetricRegistriesImpl.java:addReporterRegistration(111)) - New reporters are added after registries were created. Some metrics will be missing from the reporter. Please add reporter before adding any new registry.
2022-03-11 10:49:14,975 [Listener at 127.0.0.1/40509] WARN  impl.MetricRegistriesImpl (MetricRegistriesImpl.java:addReporterRegistration(111)) - New reporters are added after registries were created. Some metrics will be missing from the reporter. Please add reporter before adding any new registry.
2022-03-11 10:49:14,975 [Listener at 127.0.0.1/40509] INFO  impl.MetricsSystemImpl (MetricsSystemImpl.java:init(158)) - HddsDatanode metrics system started (again)
2022-03-11 10:49:14,994 [org.apache.hadoop.util.JvmPauseMonitor$Monitor@26ae3468] INFO  util.JvmPauseMonitor (JvmPauseMonitor.java:run(188)) - Starting JVM pause monitor
2022-03-11 10:49:14,997 [Listener at 127.0.0.1/40509] INFO  ozone.HddsDatanodeService (HddsDatanodeService.java:start(233)) - HddsDatanodeService host:fv-az184-17.3ow45vhwbzuu5incsxmygykede.cx.internal.cloudapp.net ip:10.1.0.4
2022-03-11 10:49:15,047 [Listener at 127.0.0.1/40509] INFO  upgrade.AbstractLayoutVersionManager (AbstractLayoutVersionManager.java:init(79)) - Initializing Layout version manager with metadata layout = SCM_HA (version = 2), software layout = SCM_HA (version = 2)
2022-03-11 10:49:15,049 [Datanode State Machine Task Thread - 0] INFO  datanode.InitDatanodeState (InitDatanodeState.java:persistContainerDatanodeDetails(138)) - DatanodeDetails is persisted to /home/runner/work/ozone/ozone/hadoop-ozone/integration-test/target/test-dir/MiniOzoneClusterImpl-80d3c9c6-9062-4062-b57d-7974188da005/datanode-1/meta/datanode.id
2022-03-11 10:49:15,064 [om1@group-C5BA1605619E-SegmentedRaftLogWorker] INFO  segmented.SegmentedRaftLogWorker (SegmentedRaftLogWorker.java:execute(601)) - om1@group-C5BA1605619E-SegmentedRaftLogWorker: created new log segment /home/runner/work/ozone/ozone/hadoop-ozone/integration-test/target/test-dir/MiniOzoneClusterImpl-80d3c9c6-9062-4062-b57d-7974188da005/ozone-meta/ratis/bf265839-605b-3f16-9796-c5ba1605619e/current/log_inprogress_0
2022-03-11 10:49:15,146 [Listener at 127.0.0.1/40509] INFO  reflections.Reflections (Reflections.java:scan(232)) - Reflections took 94 ms to scan 7 urls, producing 122 keys and 286 values 
2022-03-11 10:49:15,168 [Listener at 127.0.0.1/40509] INFO  statemachine.DatanodeStateMachine (DatanodeStateMachine.java:getEndPointTaskThreadPoolSize(222)) - Datanode State Machine Task Thread Pool size 2
2022-03-11 10:49:15,176 [Listener at 127.0.0.1/40509] INFO  volume.HddsVolume (HddsVolume.java:<init>(120)) - Creating HddsVolume: /home/runner/work/ozone/ozone/hadoop-ozone/integration-test/target/test-dir/MiniOzoneClusterImpl-80d3c9c6-9062-4062-b57d-7974188da005/datanode-2/data-0/containers/hdds of storage type : DISK capacity : 9223372036854775807
2022-03-11 10:49:15,176 [Listener at 127.0.0.1/40509] INFO  volume.MutableVolumeSet (MutableVolumeSet.java:initializeVolumeSet(168)) - Added Volume : /home/runner/work/ozone/ozone/hadoop-ozone/integration-test/target/test-dir/MiniOzoneClusterImpl-80d3c9c6-9062-4062-b57d-7974188da005/datanode-2/data-0/containers/hdds to VolumeSet
2022-03-11 10:49:15,176 [Listener at 127.0.0.1/40509] INFO  volume.ThrottledAsyncChecker (ThrottledAsyncChecker.java:schedule(141)) - Scheduling a check for /home/runner/work/ozone/ozone/hadoop-ozone/integration-test/target/test-dir/MiniOzoneClusterImpl-80d3c9c6-9062-4062-b57d-7974188da005/datanode-2/data-0/containers/hdds
2022-03-11 10:49:15,186 [Listener at 127.0.0.1/40509] INFO  volume.StorageVolumeChecker (StorageVolumeChecker.java:checkAllVolumes(202)) - Scheduled health check for volume /home/runner/work/ozone/ozone/hadoop-ozone/integration-test/target/test-dir/MiniOzoneClusterImpl-80d3c9c6-9062-4062-b57d-7974188da005/datanode-2/data-0/containers/hdds
2022-03-11 10:49:15,180 [om1@group-C5BA1605619E-StateMachineUpdater] INFO  ratis.OzoneManagerStateMachine (OzoneManagerStateMachine.java:notifyConfigurationChanged(188)) - Received Configuration change notification from Ratis. New Peer list:
[id: "om1"
address: "localhost:33759"
]
2022-03-11 10:49:15,208 [Listener at 127.0.0.1/40509] INFO  volume.MutableVolumeSet (MutableVolumeSet.java:initializeVolumeSet(168)) - Added Volume : /home/runner/work/ozone/ozone/hadoop-ozone/integration-test/target/test-dir/MiniOzoneClusterImpl-80d3c9c6-9062-4062-b57d-7974188da005/datanode-2/data/ratis to VolumeSet
2022-03-11 10:49:15,209 [Listener at 127.0.0.1/40509] INFO  volume.ThrottledAsyncChecker (ThrottledAsyncChecker.java:schedule(141)) - Scheduling a check for /home/runner/work/ozone/ozone/hadoop-ozone/integration-test/target/test-dir/MiniOzoneClusterImpl-80d3c9c6-9062-4062-b57d-7974188da005/datanode-2/data/ratis
2022-03-11 10:49:15,209 [Listener at 127.0.0.1/40509] INFO  volume.StorageVolumeChecker (StorageVolumeChecker.java:checkAllVolumes(202)) - Scheduled health check for volume /home/runner/work/ozone/ozone/hadoop-ozone/integration-test/target/test-dir/MiniOzoneClusterImpl-80d3c9c6-9062-4062-b57d-7974188da005/datanode-2/data/ratis
2022-03-11 10:49:15,227 [Thread-157] INFO  ozoneimpl.ContainerReader (ContainerReader.java:readVolume(172)) - Finish verifying containers on volume /home/runner/work/ozone/ozone/hadoop-ozone/integration-test/target/test-dir/MiniOzoneClusterImpl-80d3c9c6-9062-4062-b57d-7974188da005/datanode-2/data-0/containers/hdds
2022-03-11 10:49:15,227 [Listener at 127.0.0.1/40509] INFO  ozoneimpl.OzoneContainer (OzoneContainer.java:buildContainerSet(257)) - Build ContainerSet costs 0s
2022-03-11 10:49:15,230 [Listener at 127.0.0.1/40509] INFO  server.RaftServer (ConfUtils.java:logGet(44)) - raft.rpc.type = GRPC (default)
2022-03-11 10:49:15,230 [Listener at 127.0.0.1/40509] INFO  grpc.GrpcFactory (GrpcFactory.java:checkPooledByteBufAllocatorUseCacheForAllThreads(48)) - PERFORMANCE WARNING: useCacheForAllThreads is true that may cause Netty to create a lot garbage objects and, as a result, trigger GC.
	It is recommended to disable useCacheForAllThreads by setting -Dorg.apache.ratis.thirdparty.io.netty.allocator.useCacheForAllThreads=false in command line.
2022-03-11 10:49:15,233 [Listener at 127.0.0.1/40509] INFO  grpc.GrpcConfigKeys (ConfUtils.java:logGet(44)) - raft.grpc.admin.port = 0 (custom)
2022-03-11 10:49:15,233 [Listener at 127.0.0.1/40509] INFO  grpc.GrpcConfigKeys (ConfUtils.java:logGet(44)) - raft.grpc.client.port = 0 (custom)
2022-03-11 10:49:15,236 [Listener at 127.0.0.1/40509] INFO  grpc.GrpcConfigKeys (ConfUtils.java:logGet(44)) - raft.grpc.server.port = 0 (default)
2022-03-11 10:49:15,236 [Listener at 127.0.0.1/40509] INFO  server.GrpcService (ConfUtils.java:logGet(44)) - raft.grpc.message.size.max = 32MB (=33554432) (custom)
2022-03-11 10:49:15,236 [Listener at 127.0.0.1/40509] INFO  server.RaftServerConfigKeys (ConfUtils.java:logGet(44)) - raft.server.log.appender.buffer.byte-limit = 33554432 (custom)
2022-03-11 10:49:15,236 [Listener at 127.0.0.1/40509] INFO  server.GrpcService (ConfUtils.java:logGet(44)) - raft.grpc.flow.control.window = 5MB (=5242880) (custom)
2022-03-11 10:49:15,236 [Listener at 127.0.0.1/40509] INFO  server.RaftServerConfigKeys (ConfUtils.java:logGet(44)) - raft.server.rpc.request.timeout = 60s (custom)
2022-03-11 10:49:15,237 [Listener at 127.0.0.1/40509] INFO  impl.DataStreamServerImpl (ConfUtils.java:logGet(44)) - raft.datastream.type = DISABLED (default)
2022-03-11 10:49:15,238 [Listener at 127.0.0.1/40509] INFO  server.RaftServerConfigKeys (ConfUtils.java:logGet(44)) - raft.server.rpc.slowness.timeout = 300s (custom)
2022-03-11 10:49:15,239 [Listener at 127.0.0.1/40509] INFO  server.RaftServerConfigKeys (ConfUtils.java:logGet(44)) - raft.server.leaderelection.leader.step-down.wait-time = 10s (default)
2022-03-11 10:49:15,239 [Listener at 127.0.0.1/40509] INFO  server.RaftServerConfigKeys (ConfUtils.java:logGet(44)) - raft.server.storage.dir = [/home/runner/work/ozone/ozone/hadoop-ozone/integration-test/target/test-dir/MiniOzoneClusterImpl-80d3c9c6-9062-4062-b57d-7974188da005/datanode-2/data/ratis] (custom)
2022-03-11 10:49:15,241 [Listener at 127.0.0.1/40509] INFO  server.XceiverServerGrpc (XceiverServerGrpc.java:<init>(132)) - GrpcServer channel type EpollServerSocketChannel
2022-03-11 10:49:15,246 [Listener at 127.0.0.1/40509] INFO  http.BaseHttpServer (BaseHttpServer.java:newHttpServer2BuilderForOzone(209)) - Starting Web-server for hddsDatanode at: http://0.0.0.0:0
2022-03-11 10:49:15,246 [Listener at 127.0.0.1/40509] INFO  http.BaseHttpServer (BaseHttpServer.java:<init>(107)) - Hadoop Security Enabled: false Ozone Security Enabled: false Ozone HTTP Security Enabled: false 
2022-03-11 10:49:15,247 [Listener at 127.0.0.1/40509] INFO  server.AuthenticationFilter (AuthenticationFilter.java:constructSecretProvider(240)) - Unable to initialize FileSignerSecretProvider, falling back to use random secrets.
2022-03-11 10:49:15,248 [Listener at 127.0.0.1/40509] WARN  http.HttpRequestLog (HttpRequestLog.java:getRequestLog(103)) - Jetty request log can only be enabled using Log4j
2022-03-11 10:49:15,249 [Listener at 127.0.0.1/40509] INFO  http.HttpServer2 (HttpServer2.java:addGlobalFilter(1030)) - Added global filter 'safety' (class=org.apache.hadoop.hdds.server.http.HttpServer2$QuotingInputFilter)
2022-03-11 10:49:15,250 [Listener at 127.0.0.1/40509] INFO  http.HttpServer2 (HttpServer2.java:addFilter(1006)) - Added filter static_user_filter (class=org.apache.hadoop.http.lib.StaticUserWebFilter$StaticUserFilter) to context hddsDatanode
2022-03-11 10:49:15,250 [Listener at 127.0.0.1/40509] INFO  http.HttpServer2 (HttpServer2.java:addFilter(1014)) - Added filter static_user_filter (class=org.apache.hadoop.http.lib.StaticUserWebFilter$StaticUserFilter) to context static
2022-03-11 10:49:15,250 [Listener at 127.0.0.1/40509] INFO  http.HttpServer2 (HttpServer2.java:addFilter(1014)) - Added filter static_user_filter (class=org.apache.hadoop.http.lib.StaticUserWebFilter$StaticUserFilter) to context logs
2022-03-11 10:49:15,250 [Listener at 127.0.0.1/40509] INFO  http.HttpServer2 (HttpServer2.java:bindListener(1249)) - Jetty bound to port 37077
2022-03-11 10:49:15,250 [Listener at 127.0.0.1/40509] INFO  server.Server (Server.java:doStart(375)) - jetty-9.4.43.v20210629; built: 2021-06-30T11:07:22.254Z; git: 526006ecfa3af7f1a27ef3a288e2bef7ea9dd7e8; jvm 1.8.0_322-b06
2022-03-11 10:49:15,253 [Listener at 127.0.0.1/40509] INFO  server.session (DefaultSessionIdManager.java:doStart(334)) - DefaultSessionIdManager workerName=node0
2022-03-11 10:49:15,254 [Listener at 127.0.0.1/40509] INFO  server.session (DefaultSessionIdManager.java:doStart(339)) - No SessionScavenger set, using defaults
2022-03-11 10:49:15,254 [Listener at 127.0.0.1/40509] INFO  server.session (HouseKeeper.java:startScavenging(132)) - node0 Scavenging every 660000ms
2022-03-11 10:49:15,255 [Listener at 127.0.0.1/40509] INFO  handler.ContextHandler (ContextHandler.java:doStart(915)) - Started o.e.j.s.ServletContextHandler@382c2d54{logs,/logs,file:///home/runner/work/ozone/ozone/hadoop-ozone/integration-test/target/log,AVAILABLE}
2022-03-11 10:49:15,255 [Listener at 127.0.0.1/40509] INFO  handler.ContextHandler (ContextHandler.java:doStart(915)) - Started o.e.j.s.ServletContextHandler@530339b6{static,/static,jar:file:/home/runner/.m2/repository/org/apache/ozone/hdds-container-service/1.3.0-SNAPSHOT/hdds-container-service-1.3.0-SNAPSHOT.jar!/webapps/static,AVAILABLE}
2022-03-11 10:49:15,311 [Listener at 127.0.0.1/40509] INFO  handler.ContextHandler (ContextHandler.java:doStart(915)) - Started o.e.j.w.WebAppContext@38eb9cb{hddsDatanode,/,file:///tmp/jetty-0_0_0_0-37077-hdds-container-service-1_3_0-SNAPSHOT_jar-_-any-6723272974112499213/webapp/,AVAILABLE}{jar:file:/home/runner/.m2/repository/org/apache/ozone/hdds-container-service/1.3.0-SNAPSHOT/hdds-container-service-1.3.0-SNAPSHOT.jar!/webapps/hddsDatanode}
2022-03-11 10:49:15,313 [Listener at 127.0.0.1/40509] INFO  server.AbstractConnector (AbstractConnector.java:doStart(331)) - Started ServerConnector@52358ea0{HTTP/1.1, (http/1.1)}{0.0.0.0:37077}
2022-03-11 10:49:15,314 [Listener at 127.0.0.1/40509] INFO  server.Server (Server.java:doStart(415)) - Started @8031ms
2022-03-11 10:49:15,314 [Listener at 127.0.0.1/40509] WARN  impl.MetricsSystemImpl (MetricsSystemImpl.java:register(279)) - Sink prometheus already exists!
2022-03-11 10:49:15,315 [Listener at 127.0.0.1/40509] INFO  http.BaseHttpServer (BaseHttpServer.java:updateConnectorAddress(329)) - HTTP server of hddsDatanode listening at http://0.0.0.0:37077
2022-03-11 10:49:15,320 [Listener at 127.0.0.1/40509] WARN  impl.MetricRegistriesImpl (MetricRegistriesImpl.java:addReporterRegistration(111)) - New reporters are added after registries were created. Some metrics will be missing from the reporter. Please add reporter before adding any new registry.
2022-03-11 10:49:15,320 [Listener at 127.0.0.1/40509] WARN  impl.MetricRegistriesImpl (MetricRegistriesImpl.java:addReporterRegistration(111)) - New reporters are added after registries were created. Some metrics will be missing from the reporter. Please add reporter before adding any new registry.
2022-03-11 10:49:15,321 [Listener at 127.0.0.1/40509] INFO  impl.MetricsSystemImpl (MetricsSystemImpl.java:init(158)) - HddsDatanode metrics system started (again)
2022-03-11 10:49:15,330 [Datanode State Machine Daemon Thread] INFO  statemachine.DatanodeStateMachine (DatanodeStateMachine.java:lambda$startDaemon$0(470)) - Ozone container server started.
2022-03-11 10:49:15,351 [org.apache.hadoop.util.JvmPauseMonitor$Monitor@7fe4b831] INFO  util.JvmPauseMonitor (JvmPauseMonitor.java:run(188)) - Starting JVM pause monitor
2022-03-11 10:49:15,356 [Listener at 127.0.0.1/40509] INFO  ozone.HddsDatanodeService (HddsDatanodeService.java:start(233)) - HddsDatanodeService host:fv-az184-17.3ow45vhwbzuu5incsxmygykede.cx.internal.cloudapp.net ip:10.1.0.4
2022-03-11 10:49:15,367 [Datanode State Machine Task Thread - 0] INFO  datanode.InitDatanodeState (InitDatanodeState.java:persistContainerDatanodeDetails(138)) - DatanodeDetails is persisted to /home/runner/work/ozone/ozone/hadoop-ozone/integration-test/target/test-dir/MiniOzoneClusterImpl-80d3c9c6-9062-4062-b57d-7974188da005/datanode-2/meta/datanode.id
2022-03-11 10:49:15,388 [Listener at 127.0.0.1/40509] INFO  upgrade.AbstractLayoutVersionManager (AbstractLayoutVersionManager.java:init(79)) - Initializing Layout version manager with metadata layout = SCM_HA (version = 2), software layout = SCM_HA (version = 2)
2022-03-11 10:49:15,435 [Listener at 127.0.0.1/40509] INFO  reflections.Reflections (Reflections.java:scan(232)) - Reflections took 46 ms to scan 7 urls, producing 122 keys and 286 values 
2022-03-11 10:49:15,438 [Listener at 127.0.0.1/40509] INFO  statemachine.DatanodeStateMachine (DatanodeStateMachine.java:getEndPointTaskThreadPoolSize(222)) - Datanode State Machine Task Thread Pool size 2
2022-03-11 10:49:15,441 [Listener at 127.0.0.1/40509] INFO  volume.HddsVolume (HddsVolume.java:<init>(120)) - Creating HddsVolume: /home/runner/work/ozone/ozone/hadoop-ozone/integration-test/target/test-dir/MiniOzoneClusterImpl-80d3c9c6-9062-4062-b57d-7974188da005/datanode-3/data-0/containers/hdds of storage type : DISK capacity : 9223372036854775807
2022-03-11 10:49:15,441 [Listener at 127.0.0.1/40509] INFO  volume.MutableVolumeSet (MutableVolumeSet.java:initializeVolumeSet(168)) - Added Volume : /home/runner/work/ozone/ozone/hadoop-ozone/integration-test/target/test-dir/MiniOzoneClusterImpl-80d3c9c6-9062-4062-b57d-7974188da005/datanode-3/data-0/containers/hdds to VolumeSet
2022-03-11 10:49:15,441 [Listener at 127.0.0.1/40509] INFO  volume.ThrottledAsyncChecker (ThrottledAsyncChecker.java:schedule(141)) - Scheduling a check for /home/runner/work/ozone/ozone/hadoop-ozone/integration-test/target/test-dir/MiniOzoneClusterImpl-80d3c9c6-9062-4062-b57d-7974188da005/datanode-3/data-0/containers/hdds
2022-03-11 10:49:15,461 [Listener at 127.0.0.1/40509] INFO  volume.StorageVolumeChecker (StorageVolumeChecker.java:checkAllVolumes(202)) - Scheduled health check for volume /home/runner/work/ozone/ozone/hadoop-ozone/integration-test/target/test-dir/MiniOzoneClusterImpl-80d3c9c6-9062-4062-b57d-7974188da005/datanode-3/data-0/containers/hdds
2022-03-11 10:49:15,481 [Listener at 127.0.0.1/40509] INFO  volume.MutableVolumeSet (MutableVolumeSet.java:initializeVolumeSet(168)) - Added Volume : /home/runner/work/ozone/ozone/hadoop-ozone/integration-test/target/test-dir/MiniOzoneClusterImpl-80d3c9c6-9062-4062-b57d-7974188da005/datanode-3/data/ratis to VolumeSet
2022-03-11 10:49:15,481 [Listener at 127.0.0.1/40509] INFO  volume.ThrottledAsyncChecker (ThrottledAsyncChecker.java:schedule(141)) - Scheduling a check for /home/runner/work/ozone/ozone/hadoop-ozone/integration-test/target/test-dir/MiniOzoneClusterImpl-80d3c9c6-9062-4062-b57d-7974188da005/datanode-3/data/ratis
2022-03-11 10:49:15,481 [Listener at 127.0.0.1/40509] INFO  volume.StorageVolumeChecker (StorageVolumeChecker.java:checkAllVolumes(202)) - Scheduled health check for volume /home/runner/work/ozone/ozone/hadoop-ozone/integration-test/target/test-dir/MiniOzoneClusterImpl-80d3c9c6-9062-4062-b57d-7974188da005/datanode-3/data/ratis
2022-03-11 10:49:15,494 [Thread-169] INFO  ozoneimpl.ContainerReader (ContainerReader.java:readVolume(172)) - Finish verifying containers on volume /home/runner/work/ozone/ozone/hadoop-ozone/integration-test/target/test-dir/MiniOzoneClusterImpl-80d3c9c6-9062-4062-b57d-7974188da005/datanode-3/data-0/containers/hdds
2022-03-11 10:49:15,494 [Listener at 127.0.0.1/40509] INFO  ozoneimpl.OzoneContainer (OzoneContainer.java:buildContainerSet(257)) - Build ContainerSet costs 0s
2022-03-11 10:49:15,497 [Listener at 127.0.0.1/40509] INFO  server.RaftServer (ConfUtils.java:logGet(44)) - raft.rpc.type = GRPC (default)
2022-03-11 10:49:15,498 [Listener at 127.0.0.1/40509] INFO  grpc.GrpcFactory (GrpcFactory.java:checkPooledByteBufAllocatorUseCacheForAllThreads(48)) - PERFORMANCE WARNING: useCacheForAllThreads is true that may cause Netty to create a lot garbage objects and, as a result, trigger GC.
	It is recommended to disable useCacheForAllThreads by setting -Dorg.apache.ratis.thirdparty.io.netty.allocator.useCacheForAllThreads=false in command line.
2022-03-11 10:49:15,498 [Listener at 127.0.0.1/40509] INFO  grpc.GrpcConfigKeys (ConfUtils.java:logGet(44)) - raft.grpc.admin.port = 0 (custom)
2022-03-11 10:49:15,498 [Listener at 127.0.0.1/40509] INFO  grpc.GrpcConfigKeys (ConfUtils.java:logGet(44)) - raft.grpc.client.port = 0 (custom)
2022-03-11 10:49:15,498 [Listener at 127.0.0.1/40509] INFO  grpc.GrpcConfigKeys (ConfUtils.java:logGet(44)) - raft.grpc.server.port = 0 (default)
2022-03-11 10:49:15,498 [Listener at 127.0.0.1/40509] INFO  server.GrpcService (ConfUtils.java:logGet(44)) - raft.grpc.message.size.max = 32MB (=33554432) (custom)
2022-03-11 10:49:15,498 [Listener at 127.0.0.1/40509] INFO  server.RaftServerConfigKeys (ConfUtils.java:logGet(44)) - raft.server.log.appender.buffer.byte-limit = 33554432 (custom)
2022-03-11 10:49:15,498 [Listener at 127.0.0.1/40509] INFO  server.GrpcService (ConfUtils.java:logGet(44)) - raft.grpc.flow.control.window = 5MB (=5242880) (custom)
2022-03-11 10:49:15,498 [Listener at 127.0.0.1/40509] INFO  server.RaftServerConfigKeys (ConfUtils.java:logGet(44)) - raft.server.rpc.request.timeout = 60s (custom)
2022-03-11 10:49:15,501 [Listener at 127.0.0.1/40509] INFO  impl.DataStreamServerImpl (ConfUtils.java:logGet(44)) - raft.datastream.type = DISABLED (default)
2022-03-11 10:49:15,501 [Listener at 127.0.0.1/40509] INFO  server.RaftServerConfigKeys (ConfUtils.java:logGet(44)) - raft.server.rpc.slowness.timeout = 300s (custom)
2022-03-11 10:49:15,501 [Listener at 127.0.0.1/40509] INFO  server.RaftServerConfigKeys (ConfUtils.java:logGet(44)) - raft.server.leaderelection.leader.step-down.wait-time = 10s (default)
2022-03-11 10:49:15,501 [Listener at 127.0.0.1/40509] INFO  server.RaftServerConfigKeys (ConfUtils.java:logGet(44)) - raft.server.storage.dir = [/home/runner/work/ozone/ozone/hadoop-ozone/integration-test/target/test-dir/MiniOzoneClusterImpl-80d3c9c6-9062-4062-b57d-7974188da005/datanode-3/data/ratis] (custom)
2022-03-11 10:49:15,505 [Listener at 127.0.0.1/40509] INFO  server.XceiverServerGrpc (XceiverServerGrpc.java:<init>(132)) - GrpcServer channel type EpollServerSocketChannel
2022-03-11 10:49:15,513 [Listener at 127.0.0.1/40509] INFO  http.BaseHttpServer (BaseHttpServer.java:newHttpServer2BuilderForOzone(209)) - Starting Web-server for hddsDatanode at: http://0.0.0.0:0
2022-03-11 10:49:15,513 [Listener at 127.0.0.1/40509] INFO  http.BaseHttpServer (BaseHttpServer.java:<init>(107)) - Hadoop Security Enabled: false Ozone Security Enabled: false Ozone HTTP Security Enabled: false 
2022-03-11 10:49:15,515 [Listener at 127.0.0.1/40509] INFO  server.AuthenticationFilter (AuthenticationFilter.java:constructSecretProvider(240)) - Unable to initialize FileSignerSecretProvider, falling back to use random secrets.
2022-03-11 10:49:15,517 [Listener at 127.0.0.1/40509] WARN  http.HttpRequestLog (HttpRequestLog.java:getRequestLog(103)) - Jetty request log can only be enabled using Log4j
2022-03-11 10:49:15,519 [Listener at 127.0.0.1/40509] INFO  http.HttpServer2 (HttpServer2.java:addGlobalFilter(1030)) - Added global filter 'safety' (class=org.apache.hadoop.hdds.server.http.HttpServer2$QuotingInputFilter)
2022-03-11 10:49:15,520 [Listener at 127.0.0.1/40509] INFO  http.HttpServer2 (HttpServer2.java:addFilter(1006)) - Added filter static_user_filter (class=org.apache.hadoop.http.lib.StaticUserWebFilter$StaticUserFilter) to context hddsDatanode
2022-03-11 10:49:15,520 [Listener at 127.0.0.1/40509] INFO  http.HttpServer2 (HttpServer2.java:addFilter(1014)) - Added filter static_user_filter (class=org.apache.hadoop.http.lib.StaticUserWebFilter$StaticUserFilter) to context logs
2022-03-11 10:49:15,520 [Listener at 127.0.0.1/40509] INFO  http.HttpServer2 (HttpServer2.java:addFilter(1014)) - Added filter static_user_filter (class=org.apache.hadoop.http.lib.StaticUserWebFilter$StaticUserFilter) to context static
2022-03-11 10:49:15,522 [Listener at 127.0.0.1/40509] INFO  http.HttpServer2 (HttpServer2.java:bindListener(1249)) - Jetty bound to port 34299
2022-03-11 10:49:15,522 [Listener at 127.0.0.1/40509] INFO  server.Server (Server.java:doStart(375)) - jetty-9.4.43.v20210629; built: 2021-06-30T11:07:22.254Z; git: 526006ecfa3af7f1a27ef3a288e2bef7ea9dd7e8; jvm 1.8.0_322-b06
2022-03-11 10:49:15,528 [Listener at 127.0.0.1/40509] INFO  server.session (DefaultSessionIdManager.java:doStart(334)) - DefaultSessionIdManager workerName=node0
2022-03-11 10:49:15,529 [Listener at 127.0.0.1/40509] INFO  server.session (DefaultSessionIdManager.java:doStart(339)) - No SessionScavenger set, using defaults
2022-03-11 10:49:15,529 [Listener at 127.0.0.1/40509] INFO  server.session (HouseKeeper.java:startScavenging(132)) - node0 Scavenging every 600000ms
2022-03-11 10:49:15,529 [Listener at 127.0.0.1/40509] INFO  handler.ContextHandler (ContextHandler.java:doStart(915)) - Started o.e.j.s.ServletContextHandler@4d48de9a{logs,/logs,file:///home/runner/work/ozone/ozone/hadoop-ozone/integration-test/target/log,AVAILABLE}
2022-03-11 10:49:15,530 [Listener at 127.0.0.1/40509] INFO  handler.ContextHandler (ContextHandler.java:doStart(915)) - Started o.e.j.s.ServletContextHandler@9395502{static,/static,jar:file:/home/runner/.m2/repository/org/apache/ozone/hdds-container-service/1.3.0-SNAPSHOT/hdds-container-service-1.3.0-SNAPSHOT.jar!/webapps/static,AVAILABLE}
2022-03-11 10:49:15,577 [Listener at 127.0.0.1/40509] INFO  handler.ContextHandler (ContextHandler.java:doStart(915)) - Started o.e.j.w.WebAppContext@38604158{hddsDatanode,/,file:///tmp/jetty-0_0_0_0-34299-hdds-container-service-1_3_0-SNAPSHOT_jar-_-any-7217941875128467727/webapp/,AVAILABLE}{jar:file:/home/runner/.m2/repository/org/apache/ozone/hdds-container-service/1.3.0-SNAPSHOT/hdds-container-service-1.3.0-SNAPSHOT.jar!/webapps/hddsDatanode}
2022-03-11 10:49:15,578 [Listener at 127.0.0.1/40509] INFO  server.AbstractConnector (AbstractConnector.java:doStart(331)) - Started ServerConnector@569af422{HTTP/1.1, (http/1.1)}{0.0.0.0:34299}
2022-03-11 10:49:15,578 [Listener at 127.0.0.1/40509] INFO  server.Server (Server.java:doStart(415)) - Started @8295ms
2022-03-11 10:49:15,578 [Listener at 127.0.0.1/40509] WARN  impl.MetricsSystemImpl (MetricsSystemImpl.java:register(279)) - Sink prometheus already exists!
2022-03-11 10:49:15,579 [Listener at 127.0.0.1/40509] INFO  http.BaseHttpServer (BaseHttpServer.java:updateConnectorAddress(329)) - HTTP server of hddsDatanode listening at http://0.0.0.0:34299
2022-03-11 10:49:15,580 [Listener at 127.0.0.1/40509] WARN  impl.MetricRegistriesImpl (MetricRegistriesImpl.java:addReporterRegistration(111)) - New reporters are added after registries were created. Some metrics will be missing from the reporter. Please add reporter before adding any new registry.
2022-03-11 10:49:15,580 [Listener at 127.0.0.1/40509] WARN  impl.MetricRegistriesImpl (MetricRegistriesImpl.java:addReporterRegistration(111)) - New reporters are added after registries were created. Some metrics will be missing from the reporter. Please add reporter before adding any new registry.
2022-03-11 10:49:15,580 [Listener at 127.0.0.1/40509] INFO  impl.MetricsSystemImpl (MetricsSystemImpl.java:init(158)) - HddsDatanode metrics system started (again)
2022-03-11 10:49:15,588 [Datanode State Machine Daemon Thread] INFO  statemachine.DatanodeStateMachine (DatanodeStateMachine.java:lambda$startDaemon$0(470)) - Ozone container server started.
2022-03-11 10:49:15,594 [Listener at 127.0.0.1/40509] INFO  ozone.HddsDatanodeService (HddsDatanodeService.java:start(233)) - HddsDatanodeService host:fv-az184-17.3ow45vhwbzuu5incsxmygykede.cx.internal.cloudapp.net ip:10.1.0.4
2022-03-11 10:49:15,602 [Datanode State Machine Task Thread - 0] INFO  datanode.InitDatanodeState (InitDatanodeState.java:persistContainerDatanodeDetails(138)) - DatanodeDetails is persisted to /home/runner/work/ozone/ozone/hadoop-ozone/integration-test/target/test-dir/MiniOzoneClusterImpl-80d3c9c6-9062-4062-b57d-7974188da005/datanode-3/meta/datanode.id
2022-03-11 10:49:15,602 [org.apache.hadoop.util.JvmPauseMonitor$Monitor@7fd51a2d] INFO  util.JvmPauseMonitor (JvmPauseMonitor.java:run(188)) - Starting JVM pause monitor
2022-03-11 10:49:15,623 [Listener at 127.0.0.1/40509] INFO  upgrade.AbstractLayoutVersionManager (AbstractLayoutVersionManager.java:init(79)) - Initializing Layout version manager with metadata layout = SCM_HA (version = 2), software layout = SCM_HA (version = 2)
2022-03-11 10:49:15,662 [ReplicationMonitor] INFO  container.ReplicationManager (ReplicationManager.java:processAll(374)) - Replication Manager is not ready to run until 3000ms after safemode exit
2022-03-11 10:49:15,667 [Listener at 127.0.0.1/40509] INFO  reflections.Reflections (Reflections.java:scan(232)) - Reflections took 43 ms to scan 7 urls, producing 122 keys and 286 values 
2022-03-11 10:49:15,669 [Listener at 127.0.0.1/40509] INFO  statemachine.DatanodeStateMachine (DatanodeStateMachine.java:getEndPointTaskThreadPoolSize(222)) - Datanode State Machine Task Thread Pool size 2
2022-03-11 10:49:15,671 [Listener at 127.0.0.1/40509] INFO  volume.HddsVolume (HddsVolume.java:<init>(120)) - Creating HddsVolume: /home/runner/work/ozone/ozone/hadoop-ozone/integration-test/target/test-dir/MiniOzoneClusterImpl-80d3c9c6-9062-4062-b57d-7974188da005/datanode-4/data-0/containers/hdds of storage type : DISK capacity : 9223372036854775807
2022-03-11 10:49:15,671 [Listener at 127.0.0.1/40509] INFO  volume.MutableVolumeSet (MutableVolumeSet.java:initializeVolumeSet(168)) - Added Volume : /home/runner/work/ozone/ozone/hadoop-ozone/integration-test/target/test-dir/MiniOzoneClusterImpl-80d3c9c6-9062-4062-b57d-7974188da005/datanode-4/data-0/containers/hdds to VolumeSet
2022-03-11 10:49:15,671 [Listener at 127.0.0.1/40509] INFO  volume.ThrottledAsyncChecker (ThrottledAsyncChecker.java:schedule(141)) - Scheduling a check for /home/runner/work/ozone/ozone/hadoop-ozone/integration-test/target/test-dir/MiniOzoneClusterImpl-80d3c9c6-9062-4062-b57d-7974188da005/datanode-4/data-0/containers/hdds
2022-03-11 10:49:15,675 [Listener at 127.0.0.1/40509] INFO  volume.StorageVolumeChecker (StorageVolumeChecker.java:checkAllVolumes(202)) - Scheduled health check for volume /home/runner/work/ozone/ozone/hadoop-ozone/integration-test/target/test-dir/MiniOzoneClusterImpl-80d3c9c6-9062-4062-b57d-7974188da005/datanode-4/data-0/containers/hdds
2022-03-11 10:49:15,688 [Listener at 127.0.0.1/40509] INFO  volume.MutableVolumeSet (MutableVolumeSet.java:initializeVolumeSet(168)) - Added Volume : /home/runner/work/ozone/ozone/hadoop-ozone/integration-test/target/test-dir/MiniOzoneClusterImpl-80d3c9c6-9062-4062-b57d-7974188da005/datanode-4/data/ratis to VolumeSet
2022-03-11 10:49:15,688 [Listener at 127.0.0.1/40509] INFO  volume.ThrottledAsyncChecker (ThrottledAsyncChecker.java:schedule(141)) - Scheduling a check for /home/runner/work/ozone/ozone/hadoop-ozone/integration-test/target/test-dir/MiniOzoneClusterImpl-80d3c9c6-9062-4062-b57d-7974188da005/datanode-4/data/ratis
2022-03-11 10:49:15,688 [Listener at 127.0.0.1/40509] INFO  volume.StorageVolumeChecker (StorageVolumeChecker.java:checkAllVolumes(202)) - Scheduled health check for volume /home/runner/work/ozone/ozone/hadoop-ozone/integration-test/target/test-dir/MiniOzoneClusterImpl-80d3c9c6-9062-4062-b57d-7974188da005/datanode-4/data/ratis
2022-03-11 10:49:15,700 [Thread-181] INFO  ozoneimpl.ContainerReader (ContainerReader.java:readVolume(172)) - Finish verifying containers on volume /home/runner/work/ozone/ozone/hadoop-ozone/integration-test/target/test-dir/MiniOzoneClusterImpl-80d3c9c6-9062-4062-b57d-7974188da005/datanode-4/data-0/containers/hdds
2022-03-11 10:49:15,700 [Listener at 127.0.0.1/40509] INFO  ozoneimpl.OzoneContainer (OzoneContainer.java:buildContainerSet(257)) - Build ContainerSet costs 0s
2022-03-11 10:49:15,703 [Listener at 127.0.0.1/40509] INFO  server.RaftServer (ConfUtils.java:logGet(44)) - raft.rpc.type = GRPC (default)
2022-03-11 10:49:15,704 [Listener at 127.0.0.1/40509] INFO  grpc.GrpcFactory (GrpcFactory.java:checkPooledByteBufAllocatorUseCacheForAllThreads(48)) - PERFORMANCE WARNING: useCacheForAllThreads is true that may cause Netty to create a lot garbage objects and, as a result, trigger GC.
	It is recommended to disable useCacheForAllThreads by setting -Dorg.apache.ratis.thirdparty.io.netty.allocator.useCacheForAllThreads=false in command line.
2022-03-11 10:49:15,704 [Listener at 127.0.0.1/40509] INFO  grpc.GrpcConfigKeys (ConfUtils.java:logGet(44)) - raft.grpc.admin.port = 0 (custom)
2022-03-11 10:49:15,704 [Listener at 127.0.0.1/40509] INFO  grpc.GrpcConfigKeys (ConfUtils.java:logGet(44)) - raft.grpc.client.port = 0 (custom)
2022-03-11 10:49:15,704 [Listener at 127.0.0.1/40509] INFO  grpc.GrpcConfigKeys (ConfUtils.java:logGet(44)) - raft.grpc.server.port = 0 (default)
2022-03-11 10:49:15,704 [Listener at 127.0.0.1/40509] INFO  server.GrpcService (ConfUtils.java:logGet(44)) - raft.grpc.message.size.max = 32MB (=33554432) (custom)
2022-03-11 10:49:15,704 [Listener at 127.0.0.1/40509] INFO  server.RaftServerConfigKeys (ConfUtils.java:logGet(44)) - raft.server.log.appender.buffer.byte-limit = 33554432 (custom)
2022-03-11 10:49:15,704 [Listener at 127.0.0.1/40509] INFO  server.GrpcService (ConfUtils.java:logGet(44)) - raft.grpc.flow.control.window = 5MB (=5242880) (custom)
2022-03-11 10:49:15,705 [Listener at 127.0.0.1/40509] INFO  server.RaftServerConfigKeys (ConfUtils.java:logGet(44)) - raft.server.rpc.request.timeout = 60s (custom)
2022-03-11 10:49:15,706 [Listener at 127.0.0.1/40509] INFO  impl.DataStreamServerImpl (ConfUtils.java:logGet(44)) - raft.datastream.type = DISABLED (default)
2022-03-11 10:49:15,706 [Listener at 127.0.0.1/40509] INFO  server.RaftServerConfigKeys (ConfUtils.java:logGet(44)) - raft.server.rpc.slowness.timeout = 300s (custom)
2022-03-11 10:49:15,706 [Listener at 127.0.0.1/40509] INFO  server.RaftServerConfigKeys (ConfUtils.java:logGet(44)) - raft.server.leaderelection.leader.step-down.wait-time = 10s (default)
2022-03-11 10:49:15,706 [Listener at 127.0.0.1/40509] INFO  server.RaftServerConfigKeys (ConfUtils.java:logGet(44)) - raft.server.storage.dir = [/home/runner/work/ozone/ozone/hadoop-ozone/integration-test/target/test-dir/MiniOzoneClusterImpl-80d3c9c6-9062-4062-b57d-7974188da005/datanode-4/data/ratis] (custom)
2022-03-11 10:49:15,708 [Listener at 127.0.0.1/40509] INFO  server.XceiverServerGrpc (XceiverServerGrpc.java:<init>(132)) - GrpcServer channel type EpollServerSocketChannel
2022-03-11 10:49:15,710 [Listener at 127.0.0.1/40509] INFO  http.BaseHttpServer (BaseHttpServer.java:newHttpServer2BuilderForOzone(209)) - Starting Web-server for hddsDatanode at: http://0.0.0.0:0
2022-03-11 10:49:15,711 [Listener at 127.0.0.1/40509] INFO  http.BaseHttpServer (BaseHttpServer.java:<init>(107)) - Hadoop Security Enabled: false Ozone Security Enabled: false Ozone HTTP Security Enabled: false 
2022-03-11 10:49:15,712 [Listener at 127.0.0.1/40509] INFO  server.AuthenticationFilter (AuthenticationFilter.java:constructSecretProvider(240)) - Unable to initialize FileSignerSecretProvider, falling back to use random secrets.
2022-03-11 10:49:15,714 [Listener at 127.0.0.1/40509] WARN  http.HttpRequestLog (HttpRequestLog.java:getRequestLog(103)) - Jetty request log can only be enabled using Log4j
2022-03-11 10:49:15,715 [Listener at 127.0.0.1/40509] INFO  http.HttpServer2 (HttpServer2.java:addGlobalFilter(1030)) - Added global filter 'safety' (class=org.apache.hadoop.hdds.server.http.HttpServer2$QuotingInputFilter)
2022-03-11 10:49:15,716 [Listener at 127.0.0.1/40509] INFO  http.HttpServer2 (HttpServer2.java:addFilter(1006)) - Added filter static_user_filter (class=org.apache.hadoop.http.lib.StaticUserWebFilter$StaticUserFilter) to context hddsDatanode
2022-03-11 10:49:15,716 [Listener at 127.0.0.1/40509] INFO  http.HttpServer2 (HttpServer2.java:addFilter(1014)) - Added filter static_user_filter (class=org.apache.hadoop.http.lib.StaticUserWebFilter$StaticUserFilter) to context static
2022-03-11 10:49:15,716 [Listener at 127.0.0.1/40509] INFO  http.HttpServer2 (HttpServer2.java:addFilter(1014)) - Added filter static_user_filter (class=org.apache.hadoop.http.lib.StaticUserWebFilter$StaticUserFilter) to context logs
2022-03-11 10:49:15,717 [Listener at 127.0.0.1/40509] INFO  http.HttpServer2 (HttpServer2.java:bindListener(1249)) - Jetty bound to port 34381
2022-03-11 10:49:15,717 [Listener at 127.0.0.1/40509] INFO  server.Server (Server.java:doStart(375)) - jetty-9.4.43.v20210629; built: 2021-06-30T11:07:22.254Z; git: 526006ecfa3af7f1a27ef3a288e2bef7ea9dd7e8; jvm 1.8.0_322-b06
2022-03-11 10:49:15,719 [Listener at 127.0.0.1/40509] INFO  server.session (DefaultSessionIdManager.java:doStart(334)) - DefaultSessionIdManager workerName=node0
2022-03-11 10:49:15,719 [Listener at 127.0.0.1/40509] INFO  server.session (DefaultSessionIdManager.java:doStart(339)) - No SessionScavenger set, using defaults
2022-03-11 10:49:15,719 [Listener at 127.0.0.1/40509] INFO  server.session (HouseKeeper.java:startScavenging(132)) - node0 Scavenging every 600000ms
2022-03-11 10:49:15,720 [Listener at 127.0.0.1/40509] INFO  handler.ContextHandler (ContextHandler.java:doStart(915)) - Started o.e.j.s.ServletContextHandler@5e5ca200{logs,/logs,file:///home/runner/work/ozone/ozone/hadoop-ozone/integration-test/target/log,AVAILABLE}
2022-03-11 10:49:15,721 [Listener at 127.0.0.1/40509] INFO  handler.ContextHandler (ContextHandler.java:doStart(915)) - Started o.e.j.s.ServletContextHandler@536878c9{static,/static,jar:file:/home/runner/.m2/repository/org/apache/ozone/hdds-container-service/1.3.0-SNAPSHOT/hdds-container-service-1.3.0-SNAPSHOT.jar!/webapps/static,AVAILABLE}
2022-03-11 10:49:15,768 [Listener at 127.0.0.1/40509] INFO  handler.ContextHandler (ContextHandler.java:doStart(915)) - Started o.e.j.w.WebAppContext@6bb5dd2d{hddsDatanode,/,file:///tmp/jetty-0_0_0_0-34381-hdds-container-service-1_3_0-SNAPSHOT_jar-_-any-4736908793789275069/webapp/,AVAILABLE}{jar:file:/home/runner/.m2/repository/org/apache/ozone/hdds-container-service/1.3.0-SNAPSHOT/hdds-container-service-1.3.0-SNAPSHOT.jar!/webapps/hddsDatanode}
2022-03-11 10:49:15,769 [Listener at 127.0.0.1/40509] INFO  server.AbstractConnector (AbstractConnector.java:doStart(331)) - Started ServerConnector@3a0401db{HTTP/1.1, (http/1.1)}{0.0.0.0:34381}
2022-03-11 10:49:15,769 [Listener at 127.0.0.1/40509] INFO  server.Server (Server.java:doStart(415)) - Started @8486ms
2022-03-11 10:49:15,769 [Listener at 127.0.0.1/40509] WARN  impl.MetricsSystemImpl (MetricsSystemImpl.java:register(279)) - Sink prometheus already exists!
2022-03-11 10:49:15,770 [Listener at 127.0.0.1/40509] INFO  http.BaseHttpServer (BaseHttpServer.java:updateConnectorAddress(329)) - HTTP server of hddsDatanode listening at http://0.0.0.0:34381
2022-03-11 10:49:15,771 [Listener at 127.0.0.1/40509] WARN  impl.MetricRegistriesImpl (MetricRegistriesImpl.java:addReporterRegistration(111)) - New reporters are added after registries were created. Some metrics will be missing from the reporter. Please add reporter before adding any new registry.
2022-03-11 10:49:15,771 [Listener at 127.0.0.1/40509] WARN  impl.MetricRegistriesImpl (MetricRegistriesImpl.java:addReporterRegistration(111)) - New reporters are added after registries were created. Some metrics will be missing from the reporter. Please add reporter before adding any new registry.
2022-03-11 10:49:15,771 [Listener at 127.0.0.1/40509] INFO  impl.MetricsSystemImpl (MetricsSystemImpl.java:init(158)) - HddsDatanode metrics system started (again)
2022-03-11 10:49:15,783 [Datanode State Machine Daemon Thread] INFO  statemachine.DatanodeStateMachine (DatanodeStateMachine.java:lambda$startDaemon$0(470)) - Ozone container server started.
2022-03-11 10:49:15,789 [Listener at 127.0.0.1/40509] INFO  ozone.HddsDatanodeService (HddsDatanodeService.java:start(233)) - HddsDatanodeService host:fv-az184-17.3ow45vhwbzuu5incsxmygykede.cx.internal.cloudapp.net ip:10.1.0.4
2022-03-11 10:49:15,791 [org.apache.hadoop.util.JvmPauseMonitor$Monitor@41e6650d] INFO  util.JvmPauseMonitor (JvmPauseMonitor.java:run(188)) - Starting JVM pause monitor
2022-03-11 10:49:15,792 [Datanode State Machine Task Thread - 0] INFO  datanode.InitDatanodeState (InitDatanodeState.java:persistContainerDatanodeDetails(138)) - DatanodeDetails is persisted to /home/runner/work/ozone/ozone/hadoop-ozone/integration-test/target/test-dir/MiniOzoneClusterImpl-80d3c9c6-9062-4062-b57d-7974188da005/datanode-4/meta/datanode.id
2022-03-11 10:49:15,827 [Listener at 127.0.0.1/40509] INFO  upgrade.AbstractLayoutVersionManager (AbstractLayoutVersionManager.java:init(79)) - Initializing Layout version manager with metadata layout = SCM_HA (version = 2), software layout = SCM_HA (version = 2)
2022-03-11 10:49:15,873 [Listener at 127.0.0.1/40509] INFO  reflections.Reflections (Reflections.java:scan(232)) - Reflections took 45 ms to scan 7 urls, producing 122 keys and 286 values 
2022-03-11 10:49:15,874 [Listener at 127.0.0.1/40509] INFO  statemachine.DatanodeStateMachine (DatanodeStateMachine.java:getEndPointTaskThreadPoolSize(222)) - Datanode State Machine Task Thread Pool size 2
2022-03-11 10:49:15,876 [Listener at 127.0.0.1/40509] INFO  volume.HddsVolume (HddsVolume.java:<init>(120)) - Creating HddsVolume: /home/runner/work/ozone/ozone/hadoop-ozone/integration-test/target/test-dir/MiniOzoneClusterImpl-80d3c9c6-9062-4062-b57d-7974188da005/datanode-5/data-0/containers/hdds of storage type : DISK capacity : 9223372036854775807
2022-03-11 10:49:15,876 [Listener at 127.0.0.1/40509] INFO  volume.MutableVolumeSet (MutableVolumeSet.java:initializeVolumeSet(168)) - Added Volume : /home/runner/work/ozone/ozone/hadoop-ozone/integration-test/target/test-dir/MiniOzoneClusterImpl-80d3c9c6-9062-4062-b57d-7974188da005/datanode-5/data-0/containers/hdds to VolumeSet
2022-03-11 10:49:15,876 [Listener at 127.0.0.1/40509] INFO  volume.ThrottledAsyncChecker (ThrottledAsyncChecker.java:schedule(141)) - Scheduling a check for /home/runner/work/ozone/ozone/hadoop-ozone/integration-test/target/test-dir/MiniOzoneClusterImpl-80d3c9c6-9062-4062-b57d-7974188da005/datanode-5/data-0/containers/hdds
2022-03-11 10:49:15,878 [Listener at 127.0.0.1/40509] INFO  volume.StorageVolumeChecker (StorageVolumeChecker.java:checkAllVolumes(202)) - Scheduled health check for volume /home/runner/work/ozone/ozone/hadoop-ozone/integration-test/target/test-dir/MiniOzoneClusterImpl-80d3c9c6-9062-4062-b57d-7974188da005/datanode-5/data-0/containers/hdds
2022-03-11 10:49:15,891 [Listener at 127.0.0.1/40509] INFO  volume.MutableVolumeSet (MutableVolumeSet.java:initializeVolumeSet(168)) - Added Volume : /home/runner/work/ozone/ozone/hadoop-ozone/integration-test/target/test-dir/MiniOzoneClusterImpl-80d3c9c6-9062-4062-b57d-7974188da005/datanode-5/data/ratis to VolumeSet
2022-03-11 10:49:15,891 [Listener at 127.0.0.1/40509] INFO  volume.ThrottledAsyncChecker (ThrottledAsyncChecker.java:schedule(141)) - Scheduling a check for /home/runner/work/ozone/ozone/hadoop-ozone/integration-test/target/test-dir/MiniOzoneClusterImpl-80d3c9c6-9062-4062-b57d-7974188da005/datanode-5/data/ratis
2022-03-11 10:49:15,891 [Listener at 127.0.0.1/40509] INFO  volume.StorageVolumeChecker (StorageVolumeChecker.java:checkAllVolumes(202)) - Scheduled health check for volume /home/runner/work/ozone/ozone/hadoop-ozone/integration-test/target/test-dir/MiniOzoneClusterImpl-80d3c9c6-9062-4062-b57d-7974188da005/datanode-5/data/ratis
2022-03-11 10:49:15,904 [Thread-193] INFO  ozoneimpl.ContainerReader (ContainerReader.java:readVolume(172)) - Finish verifying containers on volume /home/runner/work/ozone/ozone/hadoop-ozone/integration-test/target/test-dir/MiniOzoneClusterImpl-80d3c9c6-9062-4062-b57d-7974188da005/datanode-5/data-0/containers/hdds
2022-03-11 10:49:15,905 [Listener at 127.0.0.1/40509] INFO  ozoneimpl.OzoneContainer (OzoneContainer.java:buildContainerSet(257)) - Build ContainerSet costs 0s
2022-03-11 10:49:15,908 [Listener at 127.0.0.1/40509] INFO  server.RaftServer (ConfUtils.java:logGet(44)) - raft.rpc.type = GRPC (default)
2022-03-11 10:49:15,908 [Listener at 127.0.0.1/40509] INFO  grpc.GrpcFactory (GrpcFactory.java:checkPooledByteBufAllocatorUseCacheForAllThreads(48)) - PERFORMANCE WARNING: useCacheForAllThreads is true that may cause Netty to create a lot garbage objects and, as a result, trigger GC.
	It is recommended to disable useCacheForAllThreads by setting -Dorg.apache.ratis.thirdparty.io.netty.allocator.useCacheForAllThreads=false in command line.
2022-03-11 10:49:15,908 [Listener at 127.0.0.1/40509] INFO  grpc.GrpcConfigKeys (ConfUtils.java:logGet(44)) - raft.grpc.admin.port = 0 (custom)
2022-03-11 10:49:15,908 [Listener at 127.0.0.1/40509] INFO  grpc.GrpcConfigKeys (ConfUtils.java:logGet(44)) - raft.grpc.client.port = 0 (custom)
2022-03-11 10:49:15,908 [Listener at 127.0.0.1/40509] INFO  grpc.GrpcConfigKeys (ConfUtils.java:logGet(44)) - raft.grpc.server.port = 0 (default)
2022-03-11 10:49:15,908 [Listener at 127.0.0.1/40509] INFO  server.GrpcService (ConfUtils.java:logGet(44)) - raft.grpc.message.size.max = 32MB (=33554432) (custom)
2022-03-11 10:49:15,909 [Listener at 127.0.0.1/40509] INFO  server.RaftServerConfigKeys (ConfUtils.java:logGet(44)) - raft.server.log.appender.buffer.byte-limit = 33554432 (custom)
2022-03-11 10:49:15,909 [Listener at 127.0.0.1/40509] INFO  server.GrpcService (ConfUtils.java:logGet(44)) - raft.grpc.flow.control.window = 5MB (=5242880) (custom)
2022-03-11 10:49:15,909 [Listener at 127.0.0.1/40509] INFO  server.RaftServerConfigKeys (ConfUtils.java:logGet(44)) - raft.server.rpc.request.timeout = 60s (custom)
2022-03-11 10:49:15,910 [Listener at 127.0.0.1/40509] INFO  impl.DataStreamServerImpl (ConfUtils.java:logGet(44)) - raft.datastream.type = DISABLED (default)
2022-03-11 10:49:15,910 [Listener at 127.0.0.1/40509] INFO  server.RaftServerConfigKeys (ConfUtils.java:logGet(44)) - raft.server.rpc.slowness.timeout = 300s (custom)
2022-03-11 10:49:15,910 [Listener at 127.0.0.1/40509] INFO  server.RaftServerConfigKeys (ConfUtils.java:logGet(44)) - raft.server.leaderelection.leader.step-down.wait-time = 10s (default)
2022-03-11 10:49:15,910 [Listener at 127.0.0.1/40509] INFO  server.RaftServerConfigKeys (ConfUtils.java:logGet(44)) - raft.server.storage.dir = [/home/runner/work/ozone/ozone/hadoop-ozone/integration-test/target/test-dir/MiniOzoneClusterImpl-80d3c9c6-9062-4062-b57d-7974188da005/datanode-5/data/ratis] (custom)
2022-03-11 10:49:15,912 [Listener at 127.0.0.1/40509] INFO  server.XceiverServerGrpc (XceiverServerGrpc.java:<init>(132)) - GrpcServer channel type EpollServerSocketChannel
2022-03-11 10:49:15,920 [Listener at 127.0.0.1/40509] INFO  http.BaseHttpServer (BaseHttpServer.java:newHttpServer2BuilderForOzone(209)) - Starting Web-server for hddsDatanode at: http://0.0.0.0:0
2022-03-11 10:49:15,921 [Listener at 127.0.0.1/40509] INFO  http.BaseHttpServer (BaseHttpServer.java:<init>(107)) - Hadoop Security Enabled: false Ozone Security Enabled: false Ozone HTTP Security Enabled: false 
2022-03-11 10:49:15,922 [Listener at 127.0.0.1/40509] INFO  server.AuthenticationFilter (AuthenticationFilter.java:constructSecretProvider(240)) - Unable to initialize FileSignerSecretProvider, falling back to use random secrets.
2022-03-11 10:49:15,923 [Listener at 127.0.0.1/40509] WARN  http.HttpRequestLog (HttpRequestLog.java:getRequestLog(103)) - Jetty request log can only be enabled using Log4j
2022-03-11 10:49:15,923 [Listener at 127.0.0.1/40509] INFO  http.HttpServer2 (HttpServer2.java:addGlobalFilter(1030)) - Added global filter 'safety' (class=org.apache.hadoop.hdds.server.http.HttpServer2$QuotingInputFilter)
2022-03-11 10:49:15,924 [Listener at 127.0.0.1/40509] INFO  http.HttpServer2 (HttpServer2.java:addFilter(1006)) - Added filter static_user_filter (class=org.apache.hadoop.http.lib.StaticUserWebFilter$StaticUserFilter) to context hddsDatanode
2022-03-11 10:49:15,924 [Listener at 127.0.0.1/40509] INFO  http.HttpServer2 (HttpServer2.java:addFilter(1014)) - Added filter static_user_filter (class=org.apache.hadoop.http.lib.StaticUserWebFilter$StaticUserFilter) to context logs
2022-03-11 10:49:15,924 [Listener at 127.0.0.1/40509] INFO  http.HttpServer2 (HttpServer2.java:addFilter(1014)) - Added filter static_user_filter (class=org.apache.hadoop.http.lib.StaticUserWebFilter$StaticUserFilter) to context static
2022-03-11 10:49:15,925 [Listener at 127.0.0.1/40509] INFO  http.HttpServer2 (HttpServer2.java:bindListener(1249)) - Jetty bound to port 44313
2022-03-11 10:49:15,925 [Listener at 127.0.0.1/40509] INFO  server.Server (Server.java:doStart(375)) - jetty-9.4.43.v20210629; built: 2021-06-30T11:07:22.254Z; git: 526006ecfa3af7f1a27ef3a288e2bef7ea9dd7e8; jvm 1.8.0_322-b06
2022-03-11 10:49:15,929 [Listener at 127.0.0.1/40509] INFO  server.session (DefaultSessionIdManager.java:doStart(334)) - DefaultSessionIdManager workerName=node0
2022-03-11 10:49:15,929 [Listener at 127.0.0.1/40509] INFO  server.session (DefaultSessionIdManager.java:doStart(339)) - No SessionScavenger set, using defaults
2022-03-11 10:49:15,929 [Listener at 127.0.0.1/40509] INFO  server.session (HouseKeeper.java:startScavenging(132)) - node0 Scavenging every 600000ms
2022-03-11 10:49:15,930 [Listener at 127.0.0.1/40509] INFO  handler.ContextHandler (ContextHandler.java:doStart(915)) - Started o.e.j.s.ServletContextHandler@2a91a9a2{logs,/logs,file:///home/runner/work/ozone/ozone/hadoop-ozone/integration-test/target/log,AVAILABLE}
2022-03-11 10:49:15,931 [Listener at 127.0.0.1/40509] INFO  handler.ContextHandler (ContextHandler.java:doStart(915)) - Started o.e.j.s.ServletContextHandler@59d1d7a9{static,/static,jar:file:/home/runner/.m2/repository/org/apache/ozone/hdds-container-service/1.3.0-SNAPSHOT/hdds-container-service-1.3.0-SNAPSHOT.jar!/webapps/static,AVAILABLE}
2022-03-11 10:49:15,980 [Listener at 127.0.0.1/40509] INFO  handler.ContextHandler (ContextHandler.java:doStart(915)) - Started o.e.j.w.WebAppContext@2add8252{hddsDatanode,/,file:///tmp/jetty-0_0_0_0-44313-hdds-container-service-1_3_0-SNAPSHOT_jar-_-any-3958893088903086231/webapp/,AVAILABLE}{jar:file:/home/runner/.m2/repository/org/apache/ozone/hdds-container-service/1.3.0-SNAPSHOT/hdds-container-service-1.3.0-SNAPSHOT.jar!/webapps/hddsDatanode}
2022-03-11 10:49:15,981 [Listener at 127.0.0.1/40509] INFO  server.AbstractConnector (AbstractConnector.java:doStart(331)) - Started ServerConnector@1c2c76b0{HTTP/1.1, (http/1.1)}{0.0.0.0:44313}
2022-03-11 10:49:15,981 [Listener at 127.0.0.1/40509] INFO  server.Server (Server.java:doStart(415)) - Started @8698ms
2022-03-11 10:49:15,981 [Listener at 127.0.0.1/40509] WARN  impl.MetricsSystemImpl (MetricsSystemImpl.java:register(279)) - Sink prometheus already exists!
2022-03-11 10:49:15,982 [Listener at 127.0.0.1/40509] INFO  http.BaseHttpServer (BaseHttpServer.java:updateConnectorAddress(329)) - HTTP server of hddsDatanode listening at http://0.0.0.0:44313
2022-03-11 10:49:15,983 [Datanode State Machine Daemon Thread] INFO  statemachine.DatanodeStateMachine (DatanodeStateMachine.java:lambda$startDaemon$0(470)) - Ozone container server started.
2022-03-11 10:49:15,988 [Listener at 127.0.0.1/40509] INFO  ozone.MiniOzoneClusterImpl (MiniOzoneClusterImpl.java:lambda$waitForClusterToBeReady$0(219)) - Waiting for nodes to be ready. Got 0 of 6 DN Heartbeats.
2022-03-11 10:49:15,988 [Listener at 127.0.0.1/40509] INFO  ozone.MiniOzoneClusterImpl (MiniOzoneClusterImpl.java:lambda$waitForClusterToBeReady$0(222)) - Waiting for cluster to exit safe mode
2022-03-11 10:49:15,988 [Listener at 127.0.0.1/40509] INFO  ozone.MiniOzoneClusterImpl (MiniOzoneClusterImpl.java:lambda$waitForClusterToBeReady$0(224)) - SCM became leader
2022-03-11 10:49:15,991 [org.apache.hadoop.util.JvmPauseMonitor$Monitor@65db9d] INFO  util.JvmPauseMonitor (JvmPauseMonitor.java:run(188)) - Starting JVM pause monitor
2022-03-11 10:49:15,993 [Datanode State Machine Task Thread - 0] INFO  datanode.InitDatanodeState (InitDatanodeState.java:persistContainerDatanodeDetails(138)) - DatanodeDetails is persisted to /home/runner/work/ozone/ozone/hadoop-ozone/integration-test/target/test-dir/MiniOzoneClusterImpl-80d3c9c6-9062-4062-b57d-7974188da005/datanode-5/meta/datanode.id
2022-03-11 10:49:16,559 [EndpointStateMachine task thread for /0.0.0.0:38197 - 0 ] INFO  ozoneimpl.OzoneContainer (OzoneContainer.java:start(335)) - Attempting to start container services.
2022-03-11 10:49:16,561 [EndpointStateMachine task thread for /0.0.0.0:38197 - 0 ] INFO  ozoneimpl.OzoneContainer (OzoneContainer.java:startContainerScrub(270)) - Background container scanner has been disabled.
2022-03-11 10:49:16,567 [EndpointStateMachine task thread for /0.0.0.0:38197 - 0 ] INFO  replication.ReplicationServer (ReplicationServer.java:start(111)) - ReplicationServer is started using port 46489
2022-03-11 10:49:16,570 [EndpointStateMachine task thread for /0.0.0.0:38197 - 0 ] INFO  ratis.XceiverServerRatis (XceiverServerRatis.java:start(485)) - Starting XceiverServerRatis f3aed214-ddd5-444c-98e8-173d17ff867b
2022-03-11 10:49:16,575 [EndpointStateMachine task thread for /0.0.0.0:38197 - 0 ] INFO  server.RaftServer (RaftServerProxy.java:lambda$start$5(374)) - f3aed214-ddd5-444c-98e8-173d17ff867b: start RPC server
2022-03-11 10:49:16,577 [EndpointStateMachine task thread for /0.0.0.0:38197 - 0 ] INFO  server.GrpcService (GrpcService.java:startImpl(253)) - f3aed214-ddd5-444c-98e8-173d17ff867b: GrpcService started, listening on 34925
2022-03-11 10:49:16,579 [EndpointStateMachine task thread for /0.0.0.0:38197 - 0 ] INFO  ratis.XceiverServerRatis (XceiverServerRatis.java:getRealPort(506)) - XceiverServerRatis f3aed214-ddd5-444c-98e8-173d17ff867b is started using port 34925 for RATIS
2022-03-11 10:49:16,579 [EndpointStateMachine task thread for /0.0.0.0:38197 - 0 ] INFO  ratis.XceiverServerRatis (XceiverServerRatis.java:getRealPort(506)) - XceiverServerRatis f3aed214-ddd5-444c-98e8-173d17ff867b is started using port 34925 for RATIS_ADMIN
2022-03-11 10:49:16,579 [EndpointStateMachine task thread for /0.0.0.0:38197 - 0 ] INFO  ratis.XceiverServerRatis (XceiverServerRatis.java:getRealPort(506)) - XceiverServerRatis f3aed214-ddd5-444c-98e8-173d17ff867b is started using port 34925 for RATIS_SERVER
2022-03-11 10:49:16,580 [org.apache.ratis.util.JvmPauseMonitor$$Lambda$540/1416199161@58d22a86] INFO  util.JvmPauseMonitor (JvmPauseMonitor.java:run(103)) - JvmPauseMonitor-f3aed214-ddd5-444c-98e8-173d17ff867b: Started
2022-03-11 10:49:16,593 [EndpointStateMachine task thread for /0.0.0.0:38197 - 0 ] INFO  server.XceiverServerGrpc (XceiverServerGrpc.java:start(180)) - XceiverServerGrpc f3aed214-ddd5-444c-98e8-173d17ff867b is started using port 43539
2022-03-11 10:49:16,663 [ReplicationMonitor] INFO  container.ReplicationManager (ReplicationManager.java:processAll(374)) - Replication Manager is not ready to run until 3000ms after safemode exit
2022-03-11 10:49:16,988 [Listener at 127.0.0.1/40509] INFO  ozone.MiniOzoneClusterImpl (MiniOzoneClusterImpl.java:lambda$waitForClusterToBeReady$0(219)) - Waiting for nodes to be ready. Got 0 of 6 DN Heartbeats.
2022-03-11 10:49:16,989 [Listener at 127.0.0.1/40509] INFO  ozone.MiniOzoneClusterImpl (MiniOzoneClusterImpl.java:lambda$waitForClusterToBeReady$0(222)) - Waiting for cluster to exit safe mode
2022-03-11 10:49:16,989 [Listener at 127.0.0.1/40509] INFO  ozone.MiniOzoneClusterImpl (MiniOzoneClusterImpl.java:lambda$waitForClusterToBeReady$0(224)) - SCM became leader
2022-03-11 10:49:16,999 [EndpointStateMachine task thread for /0.0.0.0:38197 - 0 ] INFO  ozoneimpl.OzoneContainer (OzoneContainer.java:start(335)) - Attempting to start container services.
2022-03-11 10:49:16,999 [EndpointStateMachine task thread for /0.0.0.0:38197 - 0 ] INFO  ozoneimpl.OzoneContainer (OzoneContainer.java:startContainerScrub(270)) - Background container scanner has been disabled.
2022-03-11 10:49:17,000 [EndpointStateMachine task thread for /0.0.0.0:38197 - 0 ] INFO  replication.ReplicationServer (ReplicationServer.java:start(111)) - ReplicationServer is started using port 42699
2022-03-11 10:49:17,001 [EndpointStateMachine task thread for /0.0.0.0:38197 - 0 ] INFO  ratis.XceiverServerRatis (XceiverServerRatis.java:start(485)) - Starting XceiverServerRatis ba75fcdf-ff67-476a-a5ef-de9b108b869e
2022-03-11 10:49:17,011 [EndpointStateMachine task thread for /0.0.0.0:38197 - 0 ] INFO  server.RaftServer (RaftServerProxy.java:lambda$start$5(374)) - ba75fcdf-ff67-476a-a5ef-de9b108b869e: start RPC server
2022-03-11 10:49:17,015 [EndpointStateMachine task thread for /0.0.0.0:38197 - 0 ] INFO  server.GrpcService (GrpcService.java:startImpl(253)) - ba75fcdf-ff67-476a-a5ef-de9b108b869e: GrpcService started, listening on 41971
2022-03-11 10:49:17,015 [EndpointStateMachine task thread for /0.0.0.0:38197 - 0 ] INFO  ratis.XceiverServerRatis (XceiverServerRatis.java:getRealPort(506)) - XceiverServerRatis ba75fcdf-ff67-476a-a5ef-de9b108b869e is started using port 41971 for RATIS
2022-03-11 10:49:17,015 [EndpointStateMachine task thread for /0.0.0.0:38197 - 0 ] INFO  ratis.XceiverServerRatis (XceiverServerRatis.java:getRealPort(506)) - XceiverServerRatis ba75fcdf-ff67-476a-a5ef-de9b108b869e is started using port 41971 for RATIS_ADMIN
2022-03-11 10:49:17,015 [EndpointStateMachine task thread for /0.0.0.0:38197 - 0 ] INFO  ratis.XceiverServerRatis (XceiverServerRatis.java:getRealPort(506)) - XceiverServerRatis ba75fcdf-ff67-476a-a5ef-de9b108b869e is started using port 41971 for RATIS_SERVER
2022-03-11 10:49:17,016 [org.apache.ratis.util.JvmPauseMonitor$$Lambda$540/1416199161@7360ba3e] INFO  util.JvmPauseMonitor (JvmPauseMonitor.java:run(103)) - JvmPauseMonitor-ba75fcdf-ff67-476a-a5ef-de9b108b869e: Started
2022-03-11 10:49:17,019 [EndpointStateMachine task thread for /0.0.0.0:38197 - 0 ] INFO  server.XceiverServerGrpc (XceiverServerGrpc.java:start(180)) - XceiverServerGrpc ba75fcdf-ff67-476a-a5ef-de9b108b869e is started using port 42581
2022-03-11 10:49:17,357 [EndpointStateMachine task thread for /0.0.0.0:38197 - 0 ] INFO  ozoneimpl.OzoneContainer (OzoneContainer.java:start(335)) - Attempting to start container services.
2022-03-11 10:49:17,357 [EndpointStateMachine task thread for /0.0.0.0:38197 - 0 ] INFO  ozoneimpl.OzoneContainer (OzoneContainer.java:startContainerScrub(270)) - Background container scanner has been disabled.
2022-03-11 10:49:17,360 [EndpointStateMachine task thread for /0.0.0.0:38197 - 0 ] INFO  replication.ReplicationServer (ReplicationServer.java:start(111)) - ReplicationServer is started using port 45673
2022-03-11 10:49:17,362 [EndpointStateMachine task thread for /0.0.0.0:38197 - 0 ] INFO  ratis.XceiverServerRatis (XceiverServerRatis.java:start(485)) - Starting XceiverServerRatis 693b3978-b6c3-4afe-acf3-887a6d6ab502
2022-03-11 10:49:17,367 [EndpointStateMachine task thread for /0.0.0.0:38197 - 0 ] INFO  server.RaftServer (RaftServerProxy.java:lambda$start$5(374)) - 693b3978-b6c3-4afe-acf3-887a6d6ab502: start RPC server
2022-03-11 10:49:17,368 [EndpointStateMachine task thread for /0.0.0.0:38197 - 0 ] INFO  server.GrpcService (GrpcService.java:startImpl(253)) - 693b3978-b6c3-4afe-acf3-887a6d6ab502: GrpcService started, listening on 38697
2022-03-11 10:49:17,368 [EndpointStateMachine task thread for /0.0.0.0:38197 - 0 ] INFO  ratis.XceiverServerRatis (XceiverServerRatis.java:getRealPort(506)) - XceiverServerRatis 693b3978-b6c3-4afe-acf3-887a6d6ab502 is started using port 38697 for RATIS
2022-03-11 10:49:17,368 [org.apache.ratis.util.JvmPauseMonitor$$Lambda$540/1416199161@2a544b7e] INFO  util.JvmPauseMonitor (JvmPauseMonitor.java:run(103)) - JvmPauseMonitor-693b3978-b6c3-4afe-acf3-887a6d6ab502: Started
2022-03-11 10:49:17,368 [EndpointStateMachine task thread for /0.0.0.0:38197 - 0 ] INFO  ratis.XceiverServerRatis (XceiverServerRatis.java:getRealPort(506)) - XceiverServerRatis 693b3978-b6c3-4afe-acf3-887a6d6ab502 is started using port 38697 for RATIS_ADMIN
2022-03-11 10:49:17,369 [EndpointStateMachine task thread for /0.0.0.0:38197 - 0 ] INFO  ratis.XceiverServerRatis (XceiverServerRatis.java:getRealPort(506)) - XceiverServerRatis 693b3978-b6c3-4afe-acf3-887a6d6ab502 is started using port 38697 for RATIS_SERVER
2022-03-11 10:49:17,370 [EndpointStateMachine task thread for /0.0.0.0:38197 - 0 ] INFO  server.XceiverServerGrpc (XceiverServerGrpc.java:start(180)) - XceiverServerGrpc 693b3978-b6c3-4afe-acf3-887a6d6ab502 is started using port 45665
2022-03-11 10:49:17,599 [EndpointStateMachine task thread for /0.0.0.0:38197 - 0 ] INFO  ozoneimpl.OzoneContainer (OzoneContainer.java:start(335)) - Attempting to start container services.
2022-03-11 10:49:17,599 [EndpointStateMachine task thread for /0.0.0.0:38197 - 0 ] INFO  ozoneimpl.OzoneContainer (OzoneContainer.java:startContainerScrub(270)) - Background container scanner has been disabled.
2022-03-11 10:49:17,601 [EndpointStateMachine task thread for /0.0.0.0:38197 - 0 ] INFO  replication.ReplicationServer (ReplicationServer.java:start(111)) - ReplicationServer is started using port 39481
2022-03-11 10:49:17,602 [EndpointStateMachine task thread for /0.0.0.0:38197 - 0 ] INFO  ratis.XceiverServerRatis (XceiverServerRatis.java:start(485)) - Starting XceiverServerRatis 11a6928f-62a2-488c-b467-9300cf759126
2022-03-11 10:49:17,607 [EndpointStateMachine task thread for /0.0.0.0:38197 - 0 ] INFO  server.RaftServer (RaftServerProxy.java:lambda$start$5(374)) - 11a6928f-62a2-488c-b467-9300cf759126: start RPC server
2022-03-11 10:49:17,608 [EndpointStateMachine task thread for /0.0.0.0:38197 - 0 ] INFO  server.GrpcService (GrpcService.java:startImpl(253)) - 11a6928f-62a2-488c-b467-9300cf759126: GrpcService started, listening on 45575
2022-03-11 10:49:17,609 [EndpointStateMachine task thread for /0.0.0.0:38197 - 0 ] INFO  ratis.XceiverServerRatis (XceiverServerRatis.java:getRealPort(506)) - XceiverServerRatis 11a6928f-62a2-488c-b467-9300cf759126 is started using port 45575 for RATIS
2022-03-11 10:49:17,609 [EndpointStateMachine task thread for /0.0.0.0:38197 - 0 ] INFO  ratis.XceiverServerRatis (XceiverServerRatis.java:getRealPort(506)) - XceiverServerRatis 11a6928f-62a2-488c-b467-9300cf759126 is started using port 45575 for RATIS_ADMIN
2022-03-11 10:49:17,609 [org.apache.ratis.util.JvmPauseMonitor$$Lambda$540/1416199161@4dc11549] INFO  util.JvmPauseMonitor (JvmPauseMonitor.java:run(103)) - JvmPauseMonitor-11a6928f-62a2-488c-b467-9300cf759126: Started
2022-03-11 10:49:17,609 [EndpointStateMachine task thread for /0.0.0.0:38197 - 0 ] INFO  ratis.XceiverServerRatis (XceiverServerRatis.java:getRealPort(506)) - XceiverServerRatis 11a6928f-62a2-488c-b467-9300cf759126 is started using port 45575 for RATIS_SERVER
2022-03-11 10:49:17,610 [EndpointStateMachine task thread for /0.0.0.0:38197 - 0 ] INFO  server.XceiverServerGrpc (XceiverServerGrpc.java:start(180)) - XceiverServerGrpc 11a6928f-62a2-488c-b467-9300cf759126 is started using port 36645
2022-03-11 10:49:17,663 [ReplicationMonitor] INFO  container.ReplicationManager (ReplicationManager.java:processAll(374)) - Replication Manager is not ready to run until 3000ms after safemode exit
2022-03-11 10:49:17,795 [EndpointStateMachine task thread for /0.0.0.0:38197 - 0 ] INFO  ozoneimpl.OzoneContainer (OzoneContainer.java:start(335)) - Attempting to start container services.
2022-03-11 10:49:17,795 [EndpointStateMachine task thread for /0.0.0.0:38197 - 0 ] INFO  ozoneimpl.OzoneContainer (OzoneContainer.java:startContainerScrub(270)) - Background container scanner has been disabled.
2022-03-11 10:49:17,797 [EndpointStateMachine task thread for /0.0.0.0:38197 - 0 ] INFO  replication.ReplicationServer (ReplicationServer.java:start(111)) - ReplicationServer is started using port 41749
2022-03-11 10:49:17,798 [EndpointStateMachine task thread for /0.0.0.0:38197 - 0 ] INFO  ratis.XceiverServerRatis (XceiverServerRatis.java:start(485)) - Starting XceiverServerRatis 23e4bfc5-cacb-4fc8-be31-ea8930f2c93f
2022-03-11 10:49:17,800 [EndpointStateMachine task thread for /0.0.0.0:38197 - 0 ] INFO  server.RaftServer (RaftServerProxy.java:lambda$start$5(374)) - 23e4bfc5-cacb-4fc8-be31-ea8930f2c93f: start RPC server
2022-03-11 10:49:17,801 [EndpointStateMachine task thread for /0.0.0.0:38197 - 0 ] INFO  server.GrpcService (GrpcService.java:startImpl(253)) - 23e4bfc5-cacb-4fc8-be31-ea8930f2c93f: GrpcService started, listening on 35685
2022-03-11 10:49:17,802 [EndpointStateMachine task thread for /0.0.0.0:38197 - 0 ] INFO  ratis.XceiverServerRatis (XceiverServerRatis.java:getRealPort(506)) - XceiverServerRatis 23e4bfc5-cacb-4fc8-be31-ea8930f2c93f is started using port 35685 for RATIS
2022-03-11 10:49:17,802 [org.apache.ratis.util.JvmPauseMonitor$$Lambda$540/1416199161@54d81105] INFO  util.JvmPauseMonitor (JvmPauseMonitor.java:run(103)) - JvmPauseMonitor-23e4bfc5-cacb-4fc8-be31-ea8930f2c93f: Started
2022-03-11 10:49:17,802 [EndpointStateMachine task thread for /0.0.0.0:38197 - 0 ] INFO  ratis.XceiverServerRatis (XceiverServerRatis.java:getRealPort(506)) - XceiverServerRatis 23e4bfc5-cacb-4fc8-be31-ea8930f2c93f is started using port 35685 for RATIS_ADMIN
2022-03-11 10:49:17,802 [EndpointStateMachine task thread for /0.0.0.0:38197 - 0 ] INFO  ratis.XceiverServerRatis (XceiverServerRatis.java:getRealPort(506)) - XceiverServerRatis 23e4bfc5-cacb-4fc8-be31-ea8930f2c93f is started using port 35685 for RATIS_SERVER
2022-03-11 10:49:17,804 [EndpointStateMachine task thread for /0.0.0.0:38197 - 0 ] INFO  server.XceiverServerGrpc (XceiverServerGrpc.java:start(180)) - XceiverServerGrpc 23e4bfc5-cacb-4fc8-be31-ea8930f2c93f is started using port 38139
2022-03-11 10:49:17,989 [Listener at 127.0.0.1/40509] INFO  ozone.MiniOzoneClusterImpl (MiniOzoneClusterImpl.java:lambda$waitForClusterToBeReady$0(219)) - Waiting for nodes to be ready. Got 0 of 6 DN Heartbeats.
2022-03-11 10:49:17,989 [Listener at 127.0.0.1/40509] INFO  ozone.MiniOzoneClusterImpl (MiniOzoneClusterImpl.java:lambda$waitForClusterToBeReady$0(222)) - Waiting for cluster to exit safe mode
2022-03-11 10:49:17,989 [Listener at 127.0.0.1/40509] INFO  ozone.MiniOzoneClusterImpl (MiniOzoneClusterImpl.java:lambda$waitForClusterToBeReady$0(224)) - SCM became leader
2022-03-11 10:49:17,997 [EndpointStateMachine task thread for /0.0.0.0:38197 - 0 ] INFO  ozoneimpl.OzoneContainer (OzoneContainer.java:start(335)) - Attempting to start container services.
2022-03-11 10:49:17,998 [EndpointStateMachine task thread for /0.0.0.0:38197 - 0 ] INFO  ozoneimpl.OzoneContainer (OzoneContainer.java:startContainerScrub(270)) - Background container scanner has been disabled.
2022-03-11 10:49:18,000 [EndpointStateMachine task thread for /0.0.0.0:38197 - 0 ] INFO  replication.ReplicationServer (ReplicationServer.java:start(111)) - ReplicationServer is started using port 39799
2022-03-11 10:49:18,000 [EndpointStateMachine task thread for /0.0.0.0:38197 - 0 ] INFO  ratis.XceiverServerRatis (XceiverServerRatis.java:start(485)) - Starting XceiverServerRatis 5fc3a91c-8c24-4005-b122-68420aedc983
2022-03-11 10:49:18,003 [EndpointStateMachine task thread for /0.0.0.0:38197 - 0 ] INFO  server.RaftServer (RaftServerProxy.java:lambda$start$5(374)) - 5fc3a91c-8c24-4005-b122-68420aedc983: start RPC server
2022-03-11 10:49:18,005 [EndpointStateMachine task thread for /0.0.0.0:38197 - 0 ] INFO  server.GrpcService (GrpcService.java:startImpl(253)) - 5fc3a91c-8c24-4005-b122-68420aedc983: GrpcService started, listening on 33243
2022-03-11 10:49:18,005 [EndpointStateMachine task thread for /0.0.0.0:38197 - 0 ] INFO  ratis.XceiverServerRatis (XceiverServerRatis.java:getRealPort(506)) - XceiverServerRatis 5fc3a91c-8c24-4005-b122-68420aedc983 is started using port 33243 for RATIS
2022-03-11 10:49:18,005 [EndpointStateMachine task thread for /0.0.0.0:38197 - 0 ] INFO  ratis.XceiverServerRatis (XceiverServerRatis.java:getRealPort(506)) - XceiverServerRatis 5fc3a91c-8c24-4005-b122-68420aedc983 is started using port 33243 for RATIS_ADMIN
2022-03-11 10:49:18,005 [EndpointStateMachine task thread for /0.0.0.0:38197 - 0 ] INFO  ratis.XceiverServerRatis (XceiverServerRatis.java:getRealPort(506)) - XceiverServerRatis 5fc3a91c-8c24-4005-b122-68420aedc983 is started using port 33243 for RATIS_SERVER
2022-03-11 10:49:18,005 [org.apache.ratis.util.JvmPauseMonitor$$Lambda$540/1416199161@72a3415d] INFO  util.JvmPauseMonitor (JvmPauseMonitor.java:run(103)) - JvmPauseMonitor-5fc3a91c-8c24-4005-b122-68420aedc983: Started
2022-03-11 10:49:18,009 [EndpointStateMachine task thread for /0.0.0.0:38197 - 0 ] INFO  server.XceiverServerGrpc (XceiverServerGrpc.java:start(180)) - XceiverServerGrpc 5fc3a91c-8c24-4005-b122-68420aedc983 is started using port 39617
2022-03-11 10:49:18,476 [IPC Server handler 17 on default port 38197] INFO  net.NetworkTopologyImpl (NetworkTopologyImpl.java:add(112)) - Added a new node: /default-rack/f3aed214-ddd5-444c-98e8-173d17ff867b
2022-03-11 10:49:18,477 [IPC Server handler 17 on default port 38197] INFO  node.SCMNodeManager (SCMNodeManager.java:register(391)) - Registered Data node : f3aed214-ddd5-444c-98e8-173d17ff867b{ip: 10.1.0.4, host: fv-az184-17.3ow45vhwbzuu5incsxmygykede.cx.internal.cloudapp.net, ports: [REPLICATION=46489, RATIS=34925, RATIS_ADMIN=34925, RATIS_SERVER=34925, STANDALONE=43539], networkLocation: /default-rack, certSerialId: null, persistedOpState: null, persistedOpStateExpiryEpochSec: 0}
2022-03-11 10:49:18,481 [EventQueue-NewNodeForNewNodeHandler] INFO  pipeline.BackgroundPipelineCreator (BackgroundPipelineCreator.java:notifyEventTriggered(285)) - trigger a one-shot run on RatisPipelineUtilsThread.
2022-03-11 10:49:18,493 [RatisPipelineUtilsThread - 0] INFO  pipeline.RatisPipelineProvider (RatisPipelineProvider.java:lambda$create$0(183)) - Sending CreatePipelineCommand for pipeline:PipelineID=dc078e3d-7929-40eb-9b0a-15e9259af9de to datanode:f3aed214-ddd5-444c-98e8-173d17ff867b
2022-03-11 10:49:18,493 [EventQueue-NodeRegistrationContainerReportForDataNodeSafeModeRule] INFO  safemode.SCMSafeModeManager (DataNodeSafeModeRule.java:process(71)) - SCM in safe mode. 1 DataNodes registered, 3 required.
2022-03-11 10:49:18,494 [EventQueue-NodeRegistrationContainerReportForContainerSafeModeRule] INFO  safemode.SCMSafeModeManager (SCMSafeModeManager.java:validateSafeModeExitRules(204)) - ContainerSafeModeRule rule is successfully validated
2022-03-11 10:49:18,501 [EventQueue-PipelineReportForOneReplicaPipelineSafeModeRule] INFO  safemode.SCMSafeModeManager (SCMSafeModeManager.java:validateSafeModeExitRules(204)) - AtleastOneDatanodeReportedRule rule is successfully validated
2022-03-11 10:49:18,512 [RatisPipelineUtilsThread - 0] INFO  pipeline.PipelineStateManagerImpl (PipelineStateManagerImpl.java:addPipeline(101)) - Created pipeline Pipeline[ Id: dc078e3d-7929-40eb-9b0a-15e9259af9de, Nodes: f3aed214-ddd5-444c-98e8-173d17ff867b{ip: 10.1.0.4, host: fv-az184-17.3ow45vhwbzuu5incsxmygykede.cx.internal.cloudapp.net, ports: [REPLICATION=46489, RATIS=34925, RATIS_ADMIN=34925, RATIS_SERVER=34925, STANDALONE=43539], networkLocation: /default-rack, certSerialId: null, persistedOpState: IN_SERVICE, persistedOpStateExpiryEpochSec: 0}, ReplicationConfig: RATIS/ONE, State:ALLOCATED, leaderId:, CreationTimestamp2022-03-11T10:49:18.489Z[Etc/UTC]].
2022-03-11 10:49:18,663 [ReplicationMonitor] INFO  container.ReplicationManager (ReplicationManager.java:processAll(374)) - Replication Manager is not ready to run until 3000ms after safemode exit
2022-03-11 10:49:18,990 [Listener at 127.0.0.1/40509] INFO  ozone.MiniOzoneClusterImpl (MiniOzoneClusterImpl.java:lambda$waitForClusterToBeReady$0(219)) - Waiting for nodes to be ready. Got 1 of 6 DN Heartbeats.
2022-03-11 10:49:18,991 [Listener at 127.0.0.1/40509] INFO  ozone.MiniOzoneClusterImpl (MiniOzoneClusterImpl.java:lambda$waitForClusterToBeReady$0(222)) - Waiting for cluster to exit safe mode
2022-03-11 10:49:18,991 [Listener at 127.0.0.1/40509] INFO  ozone.MiniOzoneClusterImpl (MiniOzoneClusterImpl.java:lambda$waitForClusterToBeReady$0(224)) - SCM became leader
2022-03-11 10:49:18,996 [IPC Server handler 17 on default port 38197] INFO  net.NetworkTopologyImpl (NetworkTopologyImpl.java:add(112)) - Added a new node: /default-rack/ba75fcdf-ff67-476a-a5ef-de9b108b869e
2022-03-11 10:49:18,997 [IPC Server handler 17 on default port 38197] INFO  node.SCMNodeManager (SCMNodeManager.java:register(391)) - Registered Data node : ba75fcdf-ff67-476a-a5ef-de9b108b869e{ip: 10.1.0.4, host: fv-az184-17.3ow45vhwbzuu5incsxmygykede.cx.internal.cloudapp.net, ports: [REPLICATION=42699, RATIS=41971, RATIS_ADMIN=41971, RATIS_SERVER=41971, STANDALONE=42581], networkLocation: /default-rack, certSerialId: null, persistedOpState: null, persistedOpStateExpiryEpochSec: 0}
2022-03-11 10:49:18,997 [EventQueue-NewNodeForNewNodeHandler] INFO  pipeline.BackgroundPipelineCreator (BackgroundPipelineCreator.java:notifyEventTriggered(285)) - trigger a one-shot run on RatisPipelineUtilsThread.
2022-03-11 10:49:18,998 [EventQueue-NodeRegistrationContainerReportForDataNodeSafeModeRule] INFO  safemode.SCMSafeModeManager (DataNodeSafeModeRule.java:process(71)) - SCM in safe mode. 2 DataNodes registered, 3 required.
2022-03-11 10:49:19,000 [RatisPipelineUtilsThread - 0] INFO  pipeline.RatisPipelineProvider (RatisPipelineProvider.java:lambda$create$0(183)) - Sending CreatePipelineCommand for pipeline:PipelineID=2ce12bc1-5aa5-4127-9fe9-dcfdb9591962 to datanode:ba75fcdf-ff67-476a-a5ef-de9b108b869e
2022-03-11 10:49:19,001 [RatisPipelineUtilsThread - 0] INFO  pipeline.PipelineStateManagerImpl (PipelineStateManagerImpl.java:addPipeline(101)) - Created pipeline Pipeline[ Id: 2ce12bc1-5aa5-4127-9fe9-dcfdb9591962, Nodes: ba75fcdf-ff67-476a-a5ef-de9b108b869e{ip: 10.1.0.4, host: fv-az184-17.3ow45vhwbzuu5incsxmygykede.cx.internal.cloudapp.net, ports: [REPLICATION=42699, RATIS=41971, RATIS_ADMIN=41971, RATIS_SERVER=41971, STANDALONE=42581], networkLocation: /default-rack, certSerialId: null, persistedOpState: IN_SERVICE, persistedOpStateExpiryEpochSec: 0}, ReplicationConfig: RATIS/ONE, State:ALLOCATED, leaderId:, CreationTimestamp2022-03-11T10:49:19Z[Etc/UTC]].
2022-03-11 10:49:19,353 [IPC Server handler 15 on default port 38197] INFO  net.NetworkTopologyImpl (NetworkTopologyImpl.java:add(112)) - Added a new node: /default-rack/693b3978-b6c3-4afe-acf3-887a6d6ab502
2022-03-11 10:49:19,353 [IPC Server handler 15 on default port 38197] INFO  node.SCMNodeManager (SCMNodeManager.java:register(391)) - Registered Data node : 693b3978-b6c3-4afe-acf3-887a6d6ab502{ip: 10.1.0.4, host: fv-az184-17.3ow45vhwbzuu5incsxmygykede.cx.internal.cloudapp.net, ports: [REPLICATION=45673, RATIS=38697, RATIS_ADMIN=38697, RATIS_SERVER=38697, STANDALONE=45665], networkLocation: /default-rack, certSerialId: null, persistedOpState: null, persistedOpStateExpiryEpochSec: 0}
2022-03-11 10:49:19,354 [EventQueue-NewNodeForNewNodeHandler] INFO  pipeline.BackgroundPipelineCreator (BackgroundPipelineCreator.java:notifyEventTriggered(285)) - trigger a one-shot run on RatisPipelineUtilsThread.
2022-03-11 10:49:19,354 [EventQueue-NodeRegistrationContainerReportForDataNodeSafeModeRule] INFO  safemode.SCMSafeModeManager (DataNodeSafeModeRule.java:process(71)) - SCM in safe mode. 3 DataNodes registered, 3 required.
2022-03-11 10:49:19,355 [EventQueue-NodeRegistrationContainerReportForDataNodeSafeModeRule] INFO  safemode.SCMSafeModeManager (SCMSafeModeManager.java:validateSafeModeExitRules(204)) - DataNodeSafeModeRule rule is successfully validated
2022-03-11 10:49:19,355 [EventQueue-NodeRegistrationContainerReportForDataNodeSafeModeRule] INFO  safemode.SCMSafeModeManager (SCMSafeModeManager.java:completePreCheck(233)) - All SCM safe mode pre check rules have passed
2022-03-11 10:49:19,355 [EventQueue-NodeRegistrationContainerReportForDataNodeSafeModeRule] WARN  events.EventQueue (EventQueue.java:fireEvent(194)) - No event handler registered for event TypedEvent{payloadType=SafeModeStatus, name='Safe mode status'}
2022-03-11 10:49:19,355 [EventQueue-NodeRegistrationContainerReportForDataNodeSafeModeRule] INFO  ha.SCMContext (SCMContext.java:updateSafeModeStatus(211)) - Update SafeModeStatus from SafeModeStatus{safeModeStatus=true, preCheckPassed=false} to SafeModeStatus{safeModeStatus=true, preCheckPassed=true}.
2022-03-11 10:49:19,356 [EventQueue-NodeRegistrationContainerReportForDataNodeSafeModeRule] INFO  pipeline.BackgroundPipelineCreator (BackgroundPipelineCreator.java:notifyEventTriggered(285)) - trigger a one-shot run on RatisPipelineUtilsThread.
2022-03-11 10:49:19,356 [RatisPipelineUtilsThread - 0] INFO  pipeline.RatisPipelineProvider (RatisPipelineProvider.java:lambda$create$0(183)) - Sending CreatePipelineCommand for pipeline:PipelineID=ec6ce125-303b-49a9-a521-d6b43088f157 to datanode:693b3978-b6c3-4afe-acf3-887a6d6ab502
2022-03-11 10:49:19,357 [RatisPipelineUtilsThread - 0] INFO  pipeline.PipelineStateManagerImpl (PipelineStateManagerImpl.java:addPipeline(101)) - Created pipeline Pipeline[ Id: ec6ce125-303b-49a9-a521-d6b43088f157, Nodes: 693b3978-b6c3-4afe-acf3-887a6d6ab502{ip: 10.1.0.4, host: fv-az184-17.3ow45vhwbzuu5incsxmygykede.cx.internal.cloudapp.net, ports: [REPLICATION=45673, RATIS=38697, RATIS_ADMIN=38697, RATIS_SERVER=38697, STANDALONE=45665], networkLocation: /default-rack, certSerialId: null, persistedOpState: IN_SERVICE, persistedOpStateExpiryEpochSec: 0}, ReplicationConfig: RATIS/ONE, State:ALLOCATED, leaderId:, CreationTimestamp2022-03-11T10:49:19.356Z[Etc/UTC]].
2022-03-11 10:49:19,360 [RatisPipelineUtilsThread - 0] INFO  pipeline.RatisPipelineProvider (RatisPipelineProvider.java:lambda$create$0(183)) - Sending CreatePipelineCommand for pipeline:PipelineID=1fa5eb99-f4f0-4ee0-abc8-b46c76ac753e to datanode:f3aed214-ddd5-444c-98e8-173d17ff867b
2022-03-11 10:49:19,360 [RatisPipelineUtilsThread - 0] INFO  pipeline.RatisPipelineProvider (RatisPipelineProvider.java:lambda$create$0(183)) - Sending CreatePipelineCommand for pipeline:PipelineID=1fa5eb99-f4f0-4ee0-abc8-b46c76ac753e to datanode:693b3978-b6c3-4afe-acf3-887a6d6ab502
2022-03-11 10:49:19,360 [RatisPipelineUtilsThread - 0] INFO  pipeline.RatisPipelineProvider (RatisPipelineProvider.java:lambda$create$0(183)) - Sending CreatePipelineCommand for pipeline:PipelineID=1fa5eb99-f4f0-4ee0-abc8-b46c76ac753e to datanode:ba75fcdf-ff67-476a-a5ef-de9b108b869e
2022-03-11 10:49:19,361 [RatisPipelineUtilsThread - 0] INFO  pipeline.PipelineStateManagerImpl (PipelineStateManagerImpl.java:addPipeline(101)) - Created pipeline Pipeline[ Id: 1fa5eb99-f4f0-4ee0-abc8-b46c76ac753e, Nodes: f3aed214-ddd5-444c-98e8-173d17ff867b{ip: 10.1.0.4, host: fv-az184-17.3ow45vhwbzuu5incsxmygykede.cx.internal.cloudapp.net, ports: [REPLICATION=46489, RATIS=34925, RATIS_ADMIN=34925, RATIS_SERVER=34925, STANDALONE=43539], networkLocation: /default-rack, certSerialId: null, persistedOpState: IN_SERVICE, persistedOpStateExpiryEpochSec: 0}693b3978-b6c3-4afe-acf3-887a6d6ab502{ip: 10.1.0.4, host: fv-az184-17.3ow45vhwbzuu5incsxmygykede.cx.internal.cloudapp.net, ports: [REPLICATION=45673, RATIS=38697, RATIS_ADMIN=38697, RATIS_SERVER=38697, STANDALONE=45665], networkLocation: /default-rack, certSerialId: null, persistedOpState: IN_SERVICE, persistedOpStateExpiryEpochSec: 0}ba75fcdf-ff67-476a-a5ef-de9b108b869e{ip: 10.1.0.4, host: fv-az184-17.3ow45vhwbzuu5incsxmygykede.cx.internal.cloudapp.net, ports: [REPLICATION=42699, RATIS=41971, RATIS_ADMIN=41971, RATIS_SERVER=41971, STANDALONE=42581], networkLocation: /default-rack, certSerialId: null, persistedOpState: IN_SERVICE, persistedOpStateExpiryEpochSec: 0}, ReplicationConfig: RATIS/THREE, State:ALLOCATED, leaderId:, CreationTimestamp2022-03-11T10:49:19.360Z[Etc/UTC]].
2022-03-11 10:49:19,598 [IPC Server handler 12 on default port 38197] INFO  net.NetworkTopologyImpl (NetworkTopologyImpl.java:add(112)) - Added a new node: /default-rack/11a6928f-62a2-488c-b467-9300cf759126
2022-03-11 10:49:19,599 [IPC Server handler 12 on default port 38197] INFO  node.SCMNodeManager (SCMNodeManager.java:register(391)) - Registered Data node : 11a6928f-62a2-488c-b467-9300cf759126{ip: 10.1.0.4, host: fv-az184-17.3ow45vhwbzuu5incsxmygykede.cx.internal.cloudapp.net, ports: [REPLICATION=39481, RATIS=45575, RATIS_ADMIN=45575, RATIS_SERVER=45575, STANDALONE=36645], networkLocation: /default-rack, certSerialId: null, persistedOpState: null, persistedOpStateExpiryEpochSec: 0}
2022-03-11 10:49:19,599 [EventQueue-NewNodeForNewNodeHandler] INFO  pipeline.BackgroundPipelineCreator (BackgroundPipelineCreator.java:notifyEventTriggered(285)) - trigger a one-shot run on RatisPipelineUtilsThread.
2022-03-11 10:49:19,601 [RatisPipelineUtilsThread - 0] INFO  pipeline.RatisPipelineProvider (RatisPipelineProvider.java:lambda$create$0(183)) - Sending CreatePipelineCommand for pipeline:PipelineID=7ae72bc5-9ad6-43ed-af6e-a4394ac2dad3 to datanode:11a6928f-62a2-488c-b467-9300cf759126
2022-03-11 10:49:19,602 [RatisPipelineUtilsThread - 0] INFO  pipeline.PipelineStateManagerImpl (PipelineStateManagerImpl.java:addPipeline(101)) - Created pipeline Pipeline[ Id: 7ae72bc5-9ad6-43ed-af6e-a4394ac2dad3, Nodes: 11a6928f-62a2-488c-b467-9300cf759126{ip: 10.1.0.4, host: fv-az184-17.3ow45vhwbzuu5incsxmygykede.cx.internal.cloudapp.net, ports: [REPLICATION=39481, RATIS=45575, RATIS_ADMIN=45575, RATIS_SERVER=45575, STANDALONE=36645], networkLocation: /default-rack, certSerialId: null, persistedOpState: IN_SERVICE, persistedOpStateExpiryEpochSec: 0}, ReplicationConfig: RATIS/ONE, State:ALLOCATED, leaderId:, CreationTimestamp2022-03-11T10:49:19.601Z[Etc/UTC]].
2022-03-11 10:49:19,664 [ReplicationMonitor] INFO  container.ReplicationManager (ReplicationManager.java:processAll(374)) - Replication Manager is not ready to run until 3000ms after safemode exit
2022-03-11 10:49:19,794 [IPC Server handler 19 on default port 38197] INFO  net.NetworkTopologyImpl (NetworkTopologyImpl.java:add(112)) - Added a new node: /default-rack/23e4bfc5-cacb-4fc8-be31-ea8930f2c93f
2022-03-11 10:49:19,794 [IPC Server handler 19 on default port 38197] INFO  node.SCMNodeManager (SCMNodeManager.java:register(391)) - Registered Data node : 23e4bfc5-cacb-4fc8-be31-ea8930f2c93f{ip: 10.1.0.4, host: fv-az184-17.3ow45vhwbzuu5incsxmygykede.cx.internal.cloudapp.net, ports: [REPLICATION=41749, RATIS=35685, RATIS_ADMIN=35685, RATIS_SERVER=35685, STANDALONE=38139], networkLocation: /default-rack, certSerialId: null, persistedOpState: null, persistedOpStateExpiryEpochSec: 0}
2022-03-11 10:49:19,795 [EventQueue-NewNodeForNewNodeHandler] INFO  pipeline.BackgroundPipelineCreator (BackgroundPipelineCreator.java:notifyEventTriggered(285)) - trigger a one-shot run on RatisPipelineUtilsThread.
2022-03-11 10:49:19,796 [RatisPipelineUtilsThread - 0] INFO  pipeline.RatisPipelineProvider (RatisPipelineProvider.java:lambda$create$0(183)) - Sending CreatePipelineCommand for pipeline:PipelineID=e4a819ba-4417-4e24-a180-c3d6d65564fa to datanode:23e4bfc5-cacb-4fc8-be31-ea8930f2c93f
2022-03-11 10:49:19,797 [RatisPipelineUtilsThread - 0] INFO  pipeline.PipelineStateManagerImpl (PipelineStateManagerImpl.java:addPipeline(101)) - Created pipeline Pipeline[ Id: e4a819ba-4417-4e24-a180-c3d6d65564fa, Nodes: 23e4bfc5-cacb-4fc8-be31-ea8930f2c93f{ip: 10.1.0.4, host: fv-az184-17.3ow45vhwbzuu5incsxmygykede.cx.internal.cloudapp.net, ports: [REPLICATION=41749, RATIS=35685, RATIS_ADMIN=35685, RATIS_SERVER=35685, STANDALONE=38139], networkLocation: /default-rack, certSerialId: null, persistedOpState: IN_SERVICE, persistedOpStateExpiryEpochSec: 0}, ReplicationConfig: RATIS/ONE, State:ALLOCATED, leaderId:, CreationTimestamp2022-03-11T10:49:19.796Z[Etc/UTC]].
2022-03-11 10:49:19,992 [Listener at 127.0.0.1/40509] INFO  ozone.MiniOzoneClusterImpl (MiniOzoneClusterImpl.java:lambda$waitForClusterToBeReady$0(219)) - Waiting for nodes to be ready. Got 5 of 6 DN Heartbeats.
2022-03-11 10:49:19,992 [Listener at 127.0.0.1/40509] INFO  ozone.MiniOzoneClusterImpl (MiniOzoneClusterImpl.java:lambda$waitForClusterToBeReady$0(222)) - Waiting for cluster to exit safe mode
2022-03-11 10:49:19,992 [Listener at 127.0.0.1/40509] INFO  ozone.MiniOzoneClusterImpl (MiniOzoneClusterImpl.java:lambda$waitForClusterToBeReady$0(224)) - SCM became leader
2022-03-11 10:49:19,994 [IPC Server handler 18 on default port 38197] INFO  net.NetworkTopologyImpl (NetworkTopologyImpl.java:add(112)) - Added a new node: /default-rack/5fc3a91c-8c24-4005-b122-68420aedc983
2022-03-11 10:49:19,996 [IPC Server handler 18 on default port 38197] INFO  node.SCMNodeManager (SCMNodeManager.java:register(391)) - Registered Data node : 5fc3a91c-8c24-4005-b122-68420aedc983{ip: 10.1.0.4, host: fv-az184-17.3ow45vhwbzuu5incsxmygykede.cx.internal.cloudapp.net, ports: [REPLICATION=39799, RATIS=33243, RATIS_ADMIN=33243, RATIS_SERVER=33243, STANDALONE=39617], networkLocation: /default-rack, certSerialId: null, persistedOpState: null, persistedOpStateExpiryEpochSec: 0}
2022-03-11 10:49:19,997 [EventQueue-NewNodeForNewNodeHandler] INFO  pipeline.BackgroundPipelineCreator (BackgroundPipelineCreator.java:notifyEventTriggered(285)) - trigger a one-shot run on RatisPipelineUtilsThread.
2022-03-11 10:49:19,998 [RatisPipelineUtilsThread - 0] INFO  pipeline.RatisPipelineProvider (RatisPipelineProvider.java:lambda$create$0(183)) - Sending CreatePipelineCommand for pipeline:PipelineID=a2fe8e45-5409-4bd6-a863-7642dff0b50d to datanode:5fc3a91c-8c24-4005-b122-68420aedc983
2022-03-11 10:49:19,998 [RatisPipelineUtilsThread - 0] INFO  pipeline.PipelineStateManagerImpl (PipelineStateManagerImpl.java:addPipeline(101)) - Created pipeline Pipeline[ Id: a2fe8e45-5409-4bd6-a863-7642dff0b50d, Nodes: 5fc3a91c-8c24-4005-b122-68420aedc983{ip: 10.1.0.4, host: fv-az184-17.3ow45vhwbzuu5incsxmygykede.cx.internal.cloudapp.net, ports: [REPLICATION=39799, RATIS=33243, RATIS_ADMIN=33243, RATIS_SERVER=33243, STANDALONE=39617], networkLocation: /default-rack, certSerialId: null, persistedOpState: IN_SERVICE, persistedOpStateExpiryEpochSec: 0}, ReplicationConfig: RATIS/ONE, State:ALLOCATED, leaderId:, CreationTimestamp2022-03-11T10:49:19.998Z[Etc/UTC]].
2022-03-11 10:49:19,999 [RatisPipelineUtilsThread - 0] INFO  pipeline.RatisPipelineProvider (RatisPipelineProvider.java:lambda$create$0(183)) - Sending CreatePipelineCommand for pipeline:PipelineID=a572575d-862a-4cfc-bac3-0b4912be8ec8 to datanode:11a6928f-62a2-488c-b467-9300cf759126
2022-03-11 10:49:19,999 [RatisPipelineUtilsThread - 0] INFO  pipeline.RatisPipelineProvider (RatisPipelineProvider.java:lambda$create$0(183)) - Sending CreatePipelineCommand for pipeline:PipelineID=a572575d-862a-4cfc-bac3-0b4912be8ec8 to datanode:23e4bfc5-cacb-4fc8-be31-ea8930f2c93f
2022-03-11 10:49:19,999 [RatisPipelineUtilsThread - 0] INFO  pipeline.RatisPipelineProvider (RatisPipelineProvider.java:lambda$create$0(183)) - Sending CreatePipelineCommand for pipeline:PipelineID=a572575d-862a-4cfc-bac3-0b4912be8ec8 to datanode:5fc3a91c-8c24-4005-b122-68420aedc983
2022-03-11 10:49:20,000 [RatisPipelineUtilsThread - 0] INFO  pipeline.PipelineStateManagerImpl (PipelineStateManagerImpl.java:addPipeline(101)) - Created pipeline Pipeline[ Id: a572575d-862a-4cfc-bac3-0b4912be8ec8, Nodes: 11a6928f-62a2-488c-b467-9300cf759126{ip: 10.1.0.4, host: fv-az184-17.3ow45vhwbzuu5incsxmygykede.cx.internal.cloudapp.net, ports: [REPLICATION=39481, RATIS=45575, RATIS_ADMIN=45575, RATIS_SERVER=45575, STANDALONE=36645], networkLocation: /default-rack, certSerialId: null, persistedOpState: IN_SERVICE, persistedOpStateExpiryEpochSec: 0}23e4bfc5-cacb-4fc8-be31-ea8930f2c93f{ip: 10.1.0.4, host: fv-az184-17.3ow45vhwbzuu5incsxmygykede.cx.internal.cloudapp.net, ports: [REPLICATION=41749, RATIS=35685, RATIS_ADMIN=35685, RATIS_SERVER=35685, STANDALONE=38139], networkLocation: /default-rack, certSerialId: null, persistedOpState: IN_SERVICE, persistedOpStateExpiryEpochSec: 0}5fc3a91c-8c24-4005-b122-68420aedc983{ip: 10.1.0.4, host: fv-az184-17.3ow45vhwbzuu5incsxmygykede.cx.internal.cloudapp.net, ports: [REPLICATION=39799, RATIS=33243, RATIS_ADMIN=33243, RATIS_SERVER=33243, STANDALONE=39617], networkLocation: /default-rack, certSerialId: null, persistedOpState: IN_SERVICE, persistedOpStateExpiryEpochSec: 0}, ReplicationConfig: RATIS/THREE, State:ALLOCATED, leaderId:, CreationTimestamp2022-03-11T10:49:19.999Z[Etc/UTC]].
2022-03-11 10:49:20,664 [ReplicationMonitor] INFO  container.ReplicationManager (ReplicationManager.java:processAll(374)) - Replication Manager is not ready to run until 3000ms after safemode exit
2022-03-11 10:49:20,992 [Listener at 127.0.0.1/40509] INFO  ozone.MiniOzoneClusterImpl (MiniOzoneClusterImpl.java:lambda$waitForClusterToBeReady$0(219)) - Nodes are ready. Got 6 of 6 DN Heartbeats.
2022-03-11 10:49:20,993 [Listener at 127.0.0.1/40509] INFO  ozone.MiniOzoneClusterImpl (MiniOzoneClusterImpl.java:lambda$waitForClusterToBeReady$0(222)) - Waiting for cluster to exit safe mode
2022-03-11 10:49:20,993 [Listener at 127.0.0.1/40509] INFO  ozone.MiniOzoneClusterImpl (MiniOzoneClusterImpl.java:lambda$waitForClusterToBeReady$0(224)) - SCM became leader
2022-03-11 10:49:21,478 [Command processor thread] INFO  server.RaftServer (RaftServerProxy.java:addNew(95)) - f3aed214-ddd5-444c-98e8-173d17ff867b: addNew group-15E9259AF9DE:[f3aed214-ddd5-444c-98e8-173d17ff867b|rpc:10.1.0.4:34925|priority:1] returns group-15E9259AF9DE:java.util.concurrent.CompletableFuture@1de6bafe[Not completed]
2022-03-11 10:49:21,489 [pool-65-thread-1] INFO  server.RaftServer$Division (RaftServerImpl.java:<init>(184)) - f3aed214-ddd5-444c-98e8-173d17ff867b: new RaftServerImpl for group-15E9259AF9DE:[f3aed214-ddd5-444c-98e8-173d17ff867b|rpc:10.1.0.4:34925|priority:1] with ContainerStateMachine:uninitialized
2022-03-11 10:49:21,490 [pool-65-thread-1] INFO  server.RaftServerConfigKeys (ConfUtils.java:logGet(44)) - raft.server.rpc.timeout.min = 5s (custom)
2022-03-11 10:49:21,490 [pool-65-thread-1] INFO  server.RaftServerConfigKeys (ConfUtils.java:logGet(44)) - raft.server.rpc.timeout.max = 5200ms (custom)
2022-03-11 10:49:21,490 [pool-65-thread-1] INFO  server.RaftServerConfigKeys (ConfUtils.java:logGet(44)) - raft.server.rpc.sleep.time = 25ms (default)
2022-03-11 10:49:21,490 [pool-65-thread-1] INFO  server.RaftServerConfigKeys (ConfUtils.java:logGet(44)) - raft.server.rpc.slowness.timeout = 300s (custom)
2022-03-11 10:49:21,491 [pool-65-thread-1] INFO  server.RaftServerConfigKeys (ConfUtils.java:logGet(44)) - raft.server.leaderelection.leader.step-down.wait-time = 10s (default)
2022-03-11 10:49:21,491 [pool-65-thread-1] INFO  server.RaftServerConfigKeys (ConfUtils.java:logGet(44)) - raft.server.sleep.deviation.threshold = 300ms (default)
2022-03-11 10:49:21,491 [pool-65-thread-1] INFO  server.RaftServerConfigKeys (ConfUtils.java:logGet(44)) - raft.server.log.appender.install.snapshot.enabled = false (custom)
2022-03-11 10:49:21,491 [pool-65-thread-1] INFO  server.RaftServer$Division (ServerState.java:<init>(105)) - f3aed214-ddd5-444c-98e8-173d17ff867b@group-15E9259AF9DE: ConfigurationManager, init=-1: [f3aed214-ddd5-444c-98e8-173d17ff867b|rpc:10.1.0.4:34925|priority:1], old=null, confs=<EMPTY_MAP>
2022-03-11 10:49:21,492 [pool-65-thread-1] INFO  server.RaftServerConfigKeys (ConfUtils.java:logGet(44)) - raft.server.storage.dir = [/home/runner/work/ozone/ozone/hadoop-ozone/integration-test/target/test-dir/MiniOzoneClusterImpl-80d3c9c6-9062-4062-b57d-7974188da005/datanode-0/data/ratis] (custom)
2022-03-11 10:49:21,493 [pool-65-thread-1] INFO  server.RaftServerConfigKeys (ConfUtils.java:logGet(44)) - raft.server.log.corruption.policy = EXCEPTION (default)
2022-03-11 10:49:21,493 [pool-65-thread-1] INFO  server.RaftServerConfigKeys (ConfUtils.java:logGet(44)) - raft.server.storage.free-space.min = 0MB (=0) (default)
2022-03-11 10:49:21,493 [pool-65-thread-1] INFO  storage.RaftStorageDirectory (RaftStorageDirectoryImpl.java:analyzeStorage(135)) - The storage directory /home/runner/work/ozone/ozone/hadoop-ozone/integration-test/target/test-dir/MiniOzoneClusterImpl-80d3c9c6-9062-4062-b57d-7974188da005/datanode-0/data/ratis/dc078e3d-7929-40eb-9b0a-15e9259af9de does not exist. Creating ...
2022-03-11 10:49:21,495 [pool-65-thread-1] INFO  storage.RaftStorageDirectory (RaftStorageDirectoryImpl.java:tryLock(230)) - Lock on /home/runner/work/ozone/ozone/hadoop-ozone/integration-test/target/test-dir/MiniOzoneClusterImpl-80d3c9c6-9062-4062-b57d-7974188da005/datanode-0/data/ratis/dc078e3d-7929-40eb-9b0a-15e9259af9de/in_use.lock acquired by nodename 11810@fv-az184-17
2022-03-11 10:49:21,496 [pool-65-thread-1] INFO  storage.RaftStorage (RaftStorageImpl.java:format(89)) - Storage directory /home/runner/work/ozone/ozone/hadoop-ozone/integration-test/target/test-dir/MiniOzoneClusterImpl-80d3c9c6-9062-4062-b57d-7974188da005/datanode-0/data/ratis/dc078e3d-7929-40eb-9b0a-15e9259af9de has been successfully formatted.
2022-03-11 10:49:21,503 [EventQueue-PipelineReportForPipelineReportHandler] INFO  pipeline.PipelineManagerImpl (PipelineManagerImpl.java:openPipeline(291)) - Pipeline Pipeline[ Id: dc078e3d-7929-40eb-9b0a-15e9259af9de, Nodes: f3aed214-ddd5-444c-98e8-173d17ff867b{ip: 10.1.0.4, host: fv-az184-17.3ow45vhwbzuu5incsxmygykede.cx.internal.cloudapp.net, ports: [REPLICATION=46489, RATIS=34925, RATIS_ADMIN=34925, RATIS_SERVER=34925, STANDALONE=43539], networkLocation: /default-rack, certSerialId: null, persistedOpState: IN_SERVICE, persistedOpStateExpiryEpochSec: 0}, ReplicationConfig: RATIS/ONE, State:ALLOCATED, leaderId:f3aed214-ddd5-444c-98e8-173d17ff867b, CreationTimestamp2022-03-11T10:49:18.489Z[Etc/UTC]] moved to OPEN state
2022-03-11 10:49:21,503 [pool-65-thread-1] INFO  ratis.ContainerStateMachine (ContainerStateMachine.java:loadSnapshot(236)) - group-15E9259AF9DE: The snapshot info is null. Setting the last applied indexto:(t:0, i:~)
2022-03-11 10:49:21,507 [pool-65-thread-1] INFO  server.RaftServerConfigKeys (ConfUtils.java:logGet(44)) - raft.server.notification.no-leader.timeout = 300s (custom)
2022-03-11 10:49:21,507 [pool-65-thread-1] INFO  server.RaftServerConfigKeys (ConfUtils.java:logGet(44)) - raft.server.log.use.memory = false (default)
2022-03-11 10:49:21,507 [pool-65-thread-1] INFO  server.RaftServerConfigKeys (ConfUtils.java:logGet(44)) - raft.server.log.purge.gap = 1000000 (custom)
2022-03-11 10:49:21,507 [pool-65-thread-1] INFO  server.RaftServerConfigKeys (ConfUtils.java:logGet(44)) - raft.server.log.appender.buffer.byte-limit = 33554432 (custom)
2022-03-11 10:49:21,507 [pool-65-thread-1] INFO  server.RaftServerConfigKeys (ConfUtils.java:logGet(44)) - raft.server.log.segment.size.max = 1048576 (custom)
2022-03-11 10:49:21,510 [pool-65-thread-1] INFO  server.RaftServerConfigKeys (ConfUtils.java:logGet(44)) - raft.server.log.segment.cache.num.max = 2 (custom)
2022-03-11 10:49:21,512 [pool-65-thread-1] INFO  server.RaftServerConfigKeys (ConfUtils.java:logGet(44)) - raft.server.log.segment.cache.size.max = 200MB (=209715200) (default)
2022-03-11 10:49:21,512 [pool-65-thread-1] INFO  segmented.SegmentedRaftLogWorker (SegmentedRaftLogWorker.java:<init>(182)) - new f3aed214-ddd5-444c-98e8-173d17ff867b@group-15E9259AF9DE-SegmentedRaftLogWorker for RaftStorageImpl:Storage Directory /home/runner/work/ozone/ozone/hadoop-ozone/integration-test/target/test-dir/MiniOzoneClusterImpl-80d3c9c6-9062-4062-b57d-7974188da005/datanode-0/data/ratis/dc078e3d-7929-40eb-9b0a-15e9259af9de
2022-03-11 10:49:21,512 [pool-65-thread-1] INFO  server.RaftServerConfigKeys (ConfUtils.java:logGet(44)) - raft.server.log.queue.byte-limit = 4294967296 (custom)
2022-03-11 10:49:21,512 [pool-65-thread-1] INFO  server.RaftServerConfigKeys (ConfUtils.java:logGet(44)) - raft.server.log.queue.element-limit = 1024 (custom)
2022-03-11 10:49:21,512 [pool-65-thread-1] INFO  server.RaftServerConfigKeys (ConfUtils.java:logGet(44)) - raft.server.log.segment.size.max = 1048576 (custom)
2022-03-11 10:49:21,513 [pool-65-thread-1] INFO  server.RaftServerConfigKeys (ConfUtils.java:logGet(44)) - raft.server.log.preallocated.size = 16384 (custom)
2022-03-11 10:49:21,513 [pool-65-thread-1] INFO  server.RaftServerConfigKeys (ConfUtils.java:logGet(44)) - raft.server.log.force.sync.num = 128 (default)
2022-03-11 10:49:21,513 [pool-65-thread-1] INFO  server.RaftServerConfigKeys (ConfUtils.java:logGet(44)) - raft.server.log.statemachine.data.sync = true (default)
2022-03-11 10:49:21,513 [EventQueue-OpenPipelineForHealthyPipelineSafeModeRule] INFO  safemode.SCMSafeModeManager (HealthyPipelineSafeModeRule.java:process(124)) - SCM in safe mode. Healthy pipelines reported count is 0, required healthy pipeline reported count is 1
2022-03-11 10:49:21,513 [pool-65-thread-1] INFO  server.RaftServerConfigKeys (ConfUtils.java:logGet(44)) - raft.server.log.statemachine.data.sync.timeout = 10s (default)
2022-03-11 10:49:21,513 [pool-65-thread-1] INFO  server.RaftServerConfigKeys (ConfUtils.java:logGet(44)) - raft.server.log.statemachine.data.sync.timeout.retry = -1 (default)
2022-03-11 10:49:21,516 [pool-65-thread-1] INFO  server.RaftServerConfigKeys (ConfUtils.java:logGet(44)) - raft.server.log.write.buffer.size = 1048576 (custom)
2022-03-11 10:49:21,517 [pool-65-thread-1] INFO  server.RaftServerConfigKeys (ConfUtils.java:logGet(44)) - raft.server.log.statemachine.data.caching.enabled = true (custom)
2022-03-11 10:49:21,518 [pool-65-thread-1] INFO  segmented.SegmentedRaftLogWorker (SegmentedRaftLogWorker.java:lambda$new$0(133)) - f3aed214-ddd5-444c-98e8-173d17ff867b@group-15E9259AF9DE-SegmentedRaftLogWorker: flushIndex: setUnconditionally 0 -> -1
2022-03-11 10:49:21,518 [pool-65-thread-1] INFO  segmented.SegmentedRaftLogWorker (SegmentedRaftLogWorker.java:lambda$new$0(133)) - f3aed214-ddd5-444c-98e8-173d17ff867b@group-15E9259AF9DE-SegmentedRaftLogWorker: safeCacheEvictIndex: setUnconditionally 0 -> -1
2022-03-11 10:49:21,520 [pool-65-thread-1] INFO  server.RaftServerConfigKeys (ConfUtils.java:logGet(44)) - raft.server.snapshot.auto.trigger.enabled = true (custom)
2022-03-11 10:49:21,520 [pool-65-thread-1] INFO  server.RaftServerConfigKeys (ConfUtils.java:logGet(44)) - raft.server.snapshot.auto.trigger.threshold = 10000 (custom)
2022-03-11 10:49:21,520 [pool-65-thread-1] INFO  server.RaftServerConfigKeys (ConfUtils.java:logGet(44)) - raft.server.snapshot.retention.file.num = 5 (custom)
2022-03-11 10:49:21,520 [pool-65-thread-1] INFO  server.RaftServerConfigKeys (ConfUtils.java:logGet(44)) - raft.server.log.purge.upto.snapshot.index = false (default)
2022-03-11 10:49:21,520 [pool-65-thread-1] INFO  server.RaftServerConfigKeys (ConfUtils.java:logGet(44)) - raft.server.retrycache.expirytime = 600000ms (custom)
2022-03-11 10:49:21,520 [pool-65-thread-1] INFO  server.RaftServerConfigKeys (ConfUtils.java:logGet(44)) - raft.server.retrycache.statistics.expirytime = 100μs (default)
2022-03-11 10:49:21,523 [pool-65-thread-1] INFO  server.RaftServer$Division (RaftServerImpl.java:start(301)) - f3aed214-ddd5-444c-98e8-173d17ff867b@group-15E9259AF9DE: start as a follower, conf=-1: [f3aed214-ddd5-444c-98e8-173d17ff867b|rpc:10.1.0.4:34925|priority:1], old=null
2022-03-11 10:49:21,523 [pool-65-thread-1] INFO  server.RaftServer$Division (RaftServerImpl.java:setRole(290)) - f3aed214-ddd5-444c-98e8-173d17ff867b@group-15E9259AF9DE: changes role from      null to FOLLOWER at term 0 for startAsFollower
2022-03-11 10:49:21,523 [pool-65-thread-1] INFO  impl.RoleInfo (RoleInfo.java:updateAndGet(130)) - f3aed214-ddd5-444c-98e8-173d17ff867b: start f3aed214-ddd5-444c-98e8-173d17ff867b@group-15E9259AF9DE-FollowerState
2022-03-11 10:49:21,527 [pool-65-thread-1] INFO  util.JmxRegister (JmxRegister.java:tryRegister(44)) - Successfully registered JMX Bean with object name Ratis:service=RaftServer,group=group-15E9259AF9DE,id=f3aed214-ddd5-444c-98e8-173d17ff867b
2022-03-11 10:49:21,540 [Command processor thread] INFO  ratis.XceiverServerRatis (XceiverServerRatis.java:addGroup(769)) - Created group PipelineID=dc078e3d-7929-40eb-9b0a-15e9259af9de
2022-03-11 10:49:21,541 [Command processor thread] INFO  commandhandler.CreatePipelineCommandHandler (CreatePipelineCommandHandler.java:handle(106)) - Created Pipeline RATIS ONE PipelineID=dc078e3d-7929-40eb-9b0a-15e9259af9de.
2022-03-11 10:49:21,541 [Command processor thread] INFO  server.RaftServer (RaftServerProxy.java:addNew(95)) - f3aed214-ddd5-444c-98e8-173d17ff867b: addNew group-B46C76AC753E:[f3aed214-ddd5-444c-98e8-173d17ff867b|rpc:10.1.0.4:34925|priority:1, 693b3978-b6c3-4afe-acf3-887a6d6ab502|rpc:10.1.0.4:38697|priority:0, ba75fcdf-ff67-476a-a5ef-de9b108b869e|rpc:10.1.0.4:41971|priority:0] returns group-B46C76AC753E:java.util.concurrent.CompletableFuture@78f744b1[Not completed]
2022-03-11 10:49:21,542 [pool-65-thread-1] INFO  server.RaftServer$Division (RaftServerImpl.java:<init>(184)) - f3aed214-ddd5-444c-98e8-173d17ff867b: new RaftServerImpl for group-B46C76AC753E:[f3aed214-ddd5-444c-98e8-173d17ff867b|rpc:10.1.0.4:34925|priority:1, 693b3978-b6c3-4afe-acf3-887a6d6ab502|rpc:10.1.0.4:38697|priority:0, ba75fcdf-ff67-476a-a5ef-de9b108b869e|rpc:10.1.0.4:41971|priority:0] with ContainerStateMachine:uninitialized
2022-03-11 10:49:21,543 [pool-65-thread-1] INFO  server.RaftServerConfigKeys (ConfUtils.java:logGet(44)) - raft.server.rpc.timeout.min = 5s (custom)
2022-03-11 10:49:21,543 [pool-65-thread-1] INFO  server.RaftServerConfigKeys (ConfUtils.java:logGet(44)) - raft.server.rpc.timeout.max = 5200ms (custom)
2022-03-11 10:49:21,543 [pool-65-thread-1] INFO  server.RaftServerConfigKeys (ConfUtils.java:logGet(44)) - raft.server.rpc.sleep.time = 25ms (default)
2022-03-11 10:49:21,543 [pool-65-thread-1] INFO  server.RaftServerConfigKeys (ConfUtils.java:logGet(44)) - raft.server.rpc.slowness.timeout = 300s (custom)
2022-03-11 10:49:21,543 [pool-65-thread-1] INFO  server.RaftServerConfigKeys (ConfUtils.java:logGet(44)) - raft.server.leaderelection.leader.step-down.wait-time = 10s (default)
2022-03-11 10:49:21,543 [pool-65-thread-1] INFO  server.RaftServerConfigKeys (ConfUtils.java:logGet(44)) - raft.server.sleep.deviation.threshold = 300ms (default)
2022-03-11 10:49:21,543 [pool-65-thread-1] INFO  server.RaftServerConfigKeys (ConfUtils.java:logGet(44)) - raft.server.log.appender.install.snapshot.enabled = false (custom)
2022-03-11 10:49:21,543 [pool-65-thread-1] INFO  server.RaftServer$Division (ServerState.java:<init>(105)) - f3aed214-ddd5-444c-98e8-173d17ff867b@group-B46C76AC753E: ConfigurationManager, init=-1: [f3aed214-ddd5-444c-98e8-173d17ff867b|rpc:10.1.0.4:34925|priority:1, 693b3978-b6c3-4afe-acf3-887a6d6ab502|rpc:10.1.0.4:38697|priority:0, ba75fcdf-ff67-476a-a5ef-de9b108b869e|rpc:10.1.0.4:41971|priority:0], old=null, confs=<EMPTY_MAP>
2022-03-11 10:49:21,543 [pool-65-thread-1] INFO  server.RaftServerConfigKeys (ConfUtils.java:logGet(44)) - raft.server.storage.dir = [/home/runner/work/ozone/ozone/hadoop-ozone/integration-test/target/test-dir/MiniOzoneClusterImpl-80d3c9c6-9062-4062-b57d-7974188da005/datanode-0/data/ratis] (custom)
2022-03-11 10:49:21,543 [pool-65-thread-1] INFO  server.RaftServerConfigKeys (ConfUtils.java:logGet(44)) - raft.server.log.corruption.policy = EXCEPTION (default)
2022-03-11 10:49:21,544 [pool-65-thread-1] INFO  server.RaftServerConfigKeys (ConfUtils.java:logGet(44)) - raft.server.storage.free-space.min = 0MB (=0) (default)
2022-03-11 10:49:21,544 [pool-65-thread-1] INFO  storage.RaftStorageDirectory (RaftStorageDirectoryImpl.java:analyzeStorage(135)) - The storage directory /home/runner/work/ozone/ozone/hadoop-ozone/integration-test/target/test-dir/MiniOzoneClusterImpl-80d3c9c6-9062-4062-b57d-7974188da005/datanode-0/data/ratis/1fa5eb99-f4f0-4ee0-abc8-b46c76ac753e does not exist. Creating ...
2022-03-11 10:49:21,546 [pool-65-thread-1] INFO  storage.RaftStorageDirectory (RaftStorageDirectoryImpl.java:tryLock(230)) - Lock on /home/runner/work/ozone/ozone/hadoop-ozone/integration-test/target/test-dir/MiniOzoneClusterImpl-80d3c9c6-9062-4062-b57d-7974188da005/datanode-0/data/ratis/1fa5eb99-f4f0-4ee0-abc8-b46c76ac753e/in_use.lock acquired by nodename 11810@fv-az184-17
2022-03-11 10:49:21,548 [pool-65-thread-1] INFO  storage.RaftStorage (RaftStorageImpl.java:format(89)) - Storage directory /home/runner/work/ozone/ozone/hadoop-ozone/integration-test/target/test-dir/MiniOzoneClusterImpl-80d3c9c6-9062-4062-b57d-7974188da005/datanode-0/data/ratis/1fa5eb99-f4f0-4ee0-abc8-b46c76ac753e has been successfully formatted.
2022-03-11 10:49:21,548 [pool-65-thread-1] INFO  ratis.ContainerStateMachine (ContainerStateMachine.java:loadSnapshot(236)) - group-B46C76AC753E: The snapshot info is null. Setting the last applied indexto:(t:0, i:~)
2022-03-11 10:49:21,548 [pool-65-thread-1] INFO  server.RaftServerConfigKeys (ConfUtils.java:logGet(44)) - raft.server.notification.no-leader.timeout = 300s (custom)
2022-03-11 10:49:21,549 [pool-65-thread-1] INFO  server.RaftServerConfigKeys (ConfUtils.java:logGet(44)) - raft.server.log.use.memory = false (default)
2022-03-11 10:49:21,549 [pool-65-thread-1] INFO  server.RaftServerConfigKeys (ConfUtils.java:logGet(44)) - raft.server.log.purge.gap = 1000000 (custom)
2022-03-11 10:49:21,550 [pool-65-thread-1] INFO  server.RaftServerConfigKeys (ConfUtils.java:logGet(44)) - raft.server.log.appender.buffer.byte-limit = 33554432 (custom)
2022-03-11 10:49:21,552 [EventQueue-OpenPipelineForHealthyPipelineSafeModeRule] INFO  safemode.SCMSafeModeManager (HealthyPipelineSafeModeRule.java:process(124)) - SCM in safe mode. Healthy pipelines reported count is 0, required healthy pipeline reported count is 1
2022-03-11 10:49:21,553 [pool-65-thread-1] INFO  server.RaftServerConfigKeys (ConfUtils.java:logGet(44)) - raft.server.log.segment.size.max = 1048576 (custom)
2022-03-11 10:49:21,554 [pool-65-thread-1] INFO  server.RaftServerConfigKeys (ConfUtils.java:logGet(44)) - raft.server.log.segment.cache.num.max = 2 (custom)
2022-03-11 10:49:21,554 [pool-65-thread-1] INFO  server.RaftServerConfigKeys (ConfUtils.java:logGet(44)) - raft.server.log.segment.cache.size.max = 200MB (=209715200) (default)
2022-03-11 10:49:21,554 [pool-65-thread-1] INFO  segmented.SegmentedRaftLogWorker (SegmentedRaftLogWorker.java:<init>(182)) - new f3aed214-ddd5-444c-98e8-173d17ff867b@group-B46C76AC753E-SegmentedRaftLogWorker for RaftStorageImpl:Storage Directory /home/runner/work/ozone/ozone/hadoop-ozone/integration-test/target/test-dir/MiniOzoneClusterImpl-80d3c9c6-9062-4062-b57d-7974188da005/datanode-0/data/ratis/1fa5eb99-f4f0-4ee0-abc8-b46c76ac753e
2022-03-11 10:49:21,554 [pool-65-thread-1] INFO  server.RaftServerConfigKeys (ConfUtils.java:logGet(44)) - raft.server.log.queue.byte-limit = 4294967296 (custom)
2022-03-11 10:49:21,554 [pool-65-thread-1] INFO  server.RaftServerConfigKeys (ConfUtils.java:logGet(44)) - raft.server.log.queue.element-limit = 1024 (custom)
2022-03-11 10:49:21,555 [pool-65-thread-1] INFO  server.RaftServerConfigKeys (ConfUtils.java:logGet(44)) - raft.server.log.segment.size.max = 1048576 (custom)
2022-03-11 10:49:21,555 [pool-65-thread-1] INFO  server.RaftServerConfigKeys (ConfUtils.java:logGet(44)) - raft.server.log.preallocated.size = 16384 (custom)
2022-03-11 10:49:21,555 [pool-65-thread-1] INFO  server.RaftServerConfigKeys (ConfUtils.java:logGet(44)) - raft.server.log.force.sync.num = 128 (default)
2022-03-11 10:49:21,555 [pool-65-thread-1] INFO  server.RaftServerConfigKeys (ConfUtils.java:logGet(44)) - raft.server.log.statemachine.data.sync = true (default)
2022-03-11 10:49:21,555 [pool-65-thread-1] INFO  server.RaftServerConfigKeys (ConfUtils.java:logGet(44)) - raft.server.log.statemachine.data.sync.timeout = 10s (default)
2022-03-11 10:49:21,555 [pool-65-thread-1] INFO  server.RaftServerConfigKeys (ConfUtils.java:logGet(44)) - raft.server.log.statemachine.data.sync.timeout.retry = -1 (default)
2022-03-11 10:49:21,557 [pool-65-thread-1] INFO  server.RaftServerConfigKeys (ConfUtils.java:logGet(44)) - raft.server.log.write.buffer.size = 1048576 (custom)
2022-03-11 10:49:21,557 [pool-65-thread-1] INFO  server.RaftServerConfigKeys (ConfUtils.java:logGet(44)) - raft.server.log.statemachine.data.caching.enabled = true (custom)
2022-03-11 10:49:21,557 [pool-65-thread-1] INFO  segmented.SegmentedRaftLogWorker (SegmentedRaftLogWorker.java:lambda$new$0(133)) - f3aed214-ddd5-444c-98e8-173d17ff867b@group-B46C76AC753E-SegmentedRaftLogWorker: flushIndex: setUnconditionally 0 -> -1
2022-03-11 10:49:21,557 [pool-65-thread-1] INFO  segmented.SegmentedRaftLogWorker (SegmentedRaftLogWorker.java:lambda$new$0(133)) - f3aed214-ddd5-444c-98e8-173d17ff867b@group-B46C76AC753E-SegmentedRaftLogWorker: safeCacheEvictIndex: setUnconditionally 0 -> -1
2022-03-11 10:49:21,557 [pool-65-thread-1] INFO  server.RaftServerConfigKeys (ConfUtils.java:logGet(44)) - raft.server.snapshot.auto.trigger.enabled = true (custom)
2022-03-11 10:49:21,557 [pool-65-thread-1] INFO  server.RaftServerConfigKeys (ConfUtils.java:logGet(44)) - raft.server.snapshot.auto.trigger.threshold = 10000 (custom)
2022-03-11 10:49:21,558 [pool-65-thread-1] INFO  server.RaftServerConfigKeys (ConfUtils.java:logGet(44)) - raft.server.snapshot.retention.file.num = 5 (custom)
2022-03-11 10:49:21,558 [pool-65-thread-1] INFO  server.RaftServerConfigKeys (ConfUtils.java:logGet(44)) - raft.server.log.purge.upto.snapshot.index = false (default)
2022-03-11 10:49:21,558 [pool-65-thread-1] INFO  server.RaftServerConfigKeys (ConfUtils.java:logGet(44)) - raft.server.retrycache.expirytime = 600000ms (custom)
2022-03-11 10:49:21,558 [pool-65-thread-1] INFO  server.RaftServerConfigKeys (ConfUtils.java:logGet(44)) - raft.server.retrycache.statistics.expirytime = 100μs (default)
2022-03-11 10:49:21,560 [pool-65-thread-1] INFO  server.RaftServer$Division (RaftServerImpl.java:start(301)) - f3aed214-ddd5-444c-98e8-173d17ff867b@group-B46C76AC753E: start as a follower, conf=-1: [f3aed214-ddd5-444c-98e8-173d17ff867b|rpc:10.1.0.4:34925|priority:1, 693b3978-b6c3-4afe-acf3-887a6d6ab502|rpc:10.1.0.4:38697|priority:0, ba75fcdf-ff67-476a-a5ef-de9b108b869e|rpc:10.1.0.4:41971|priority:0], old=null
2022-03-11 10:49:21,560 [pool-65-thread-1] INFO  server.RaftServer$Division (RaftServerImpl.java:setRole(290)) - f3aed214-ddd5-444c-98e8-173d17ff867b@group-B46C76AC753E: changes role from      null to FOLLOWER at term 0 for startAsFollower
2022-03-11 10:49:21,560 [pool-65-thread-1] INFO  impl.RoleInfo (RoleInfo.java:updateAndGet(130)) - f3aed214-ddd5-444c-98e8-173d17ff867b: start f3aed214-ddd5-444c-98e8-173d17ff867b@group-B46C76AC753E-FollowerState
2022-03-11 10:49:21,561 [pool-65-thread-1] INFO  util.JmxRegister (JmxRegister.java:tryRegister(44)) - Successfully registered JMX Bean with object name Ratis:service=RaftServer,group=group-B46C76AC753E,id=f3aed214-ddd5-444c-98e8-173d17ff867b
2022-03-11 10:49:21,562 [Command processor thread] INFO  ratis.XceiverServerRatis (XceiverServerRatis.java:addGroup(769)) - Created group PipelineID=1fa5eb99-f4f0-4ee0-abc8-b46c76ac753e
2022-03-11 10:49:21,666 [ReplicationMonitor] INFO  container.ReplicationManager (ReplicationManager.java:processAll(374)) - Replication Manager is not ready to run until 3000ms after safemode exit
2022-03-11 10:49:21,993 [Listener at 127.0.0.1/40509] INFO  ozone.MiniOzoneClusterImpl (MiniOzoneClusterImpl.java:lambda$waitForClusterToBeReady$0(219)) - Nodes are ready. Got 6 of 6 DN Heartbeats.
2022-03-11 10:49:21,994 [Listener at 127.0.0.1/40509] INFO  ozone.MiniOzoneClusterImpl (MiniOzoneClusterImpl.java:lambda$waitForClusterToBeReady$0(222)) - Waiting for cluster to exit safe mode
2022-03-11 10:49:21,994 [Listener at 127.0.0.1/40509] INFO  ozone.MiniOzoneClusterImpl (MiniOzoneClusterImpl.java:lambda$waitForClusterToBeReady$0(224)) - SCM became leader
2022-03-11 10:49:21,998 [Command processor thread] INFO  server.RaftServer (RaftServerProxy.java:addNew(95)) - ba75fcdf-ff67-476a-a5ef-de9b108b869e: addNew group-DCFDB9591962:[ba75fcdf-ff67-476a-a5ef-de9b108b869e|rpc:10.1.0.4:41971|priority:1] returns group-DCFDB9591962:java.util.concurrent.CompletableFuture@6ed87adc[Not completed]
2022-03-11 10:49:22,019 [pool-86-thread-1] INFO  server.RaftServer$Division (RaftServerImpl.java:<init>(184)) - ba75fcdf-ff67-476a-a5ef-de9b108b869e: new RaftServerImpl for group-DCFDB9591962:[ba75fcdf-ff67-476a-a5ef-de9b108b869e|rpc:10.1.0.4:41971|priority:1] with ContainerStateMachine:uninitialized
2022-03-11 10:49:22,021 [pool-86-thread-1] INFO  server.RaftServerConfigKeys (ConfUtils.java:logGet(44)) - raft.server.rpc.timeout.min = 5s (custom)
2022-03-11 10:49:22,021 [pool-86-thread-1] INFO  server.RaftServerConfigKeys (ConfUtils.java:logGet(44)) - raft.server.rpc.timeout.max = 5200ms (custom)
2022-03-11 10:49:22,021 [pool-86-thread-1] INFO  server.RaftServerConfigKeys (ConfUtils.java:logGet(44)) - raft.server.rpc.sleep.time = 25ms (default)
2022-03-11 10:49:22,021 [pool-86-thread-1] INFO  server.RaftServerConfigKeys (ConfUtils.java:logGet(44)) - raft.server.rpc.slowness.timeout = 300s (custom)
2022-03-11 10:49:22,021 [pool-86-thread-1] INFO  server.RaftServerConfigKeys (ConfUtils.java:logGet(44)) - raft.server.leaderelection.leader.step-down.wait-time = 10s (default)
2022-03-11 10:49:22,021 [pool-86-thread-1] INFO  server.RaftServerConfigKeys (ConfUtils.java:logGet(44)) - raft.server.sleep.deviation.threshold = 300ms (default)
2022-03-11 10:49:22,022 [pool-86-thread-1] INFO  server.RaftServerConfigKeys (ConfUtils.java:logGet(44)) - raft.server.log.appender.install.snapshot.enabled = false (custom)
2022-03-11 10:49:22,022 [pool-86-thread-1] INFO  server.RaftServer$Division (ServerState.java:<init>(105)) - ba75fcdf-ff67-476a-a5ef-de9b108b869e@group-DCFDB9591962: ConfigurationManager, init=-1: [ba75fcdf-ff67-476a-a5ef-de9b108b869e|rpc:10.1.0.4:41971|priority:1], old=null, confs=<EMPTY_MAP>
2022-03-11 10:49:22,022 [pool-86-thread-1] INFO  server.RaftServerConfigKeys (ConfUtils.java:logGet(44)) - raft.server.storage.dir = [/home/runner/work/ozone/ozone/hadoop-ozone/integration-test/target/test-dir/MiniOzoneClusterImpl-80d3c9c6-9062-4062-b57d-7974188da005/datanode-1/data/ratis] (custom)
2022-03-11 10:49:22,022 [pool-86-thread-1] INFO  server.RaftServerConfigKeys (ConfUtils.java:logGet(44)) - raft.server.log.corruption.policy = EXCEPTION (default)
2022-03-11 10:49:22,022 [pool-86-thread-1] INFO  server.RaftServerConfigKeys (ConfUtils.java:logGet(44)) - raft.server.storage.free-space.min = 0MB (=0) (default)
2022-03-11 10:49:22,022 [pool-86-thread-1] INFO  storage.RaftStorageDirectory (RaftStorageDirectoryImpl.java:analyzeStorage(135)) - The storage directory /home/runner/work/ozone/ozone/hadoop-ozone/integration-test/target/test-dir/MiniOzoneClusterImpl-80d3c9c6-9062-4062-b57d-7974188da005/datanode-1/data/ratis/2ce12bc1-5aa5-4127-9fe9-dcfdb9591962 does not exist. Creating ...
2022-03-11 10:49:22,024 [pool-86-thread-1] INFO  storage.RaftStorageDirectory (RaftStorageDirectoryImpl.java:tryLock(230)) - Lock on /home/runner/work/ozone/ozone/hadoop-ozone/integration-test/target/test-dir/MiniOzoneClusterImpl-80d3c9c6-9062-4062-b57d-7974188da005/datanode-1/data/ratis/2ce12bc1-5aa5-4127-9fe9-dcfdb9591962/in_use.lock acquired by nodename 11810@fv-az184-17
2022-03-11 10:49:22,025 [pool-86-thread-1] INFO  storage.RaftStorage (RaftStorageImpl.java:format(89)) - Storage directory /home/runner/work/ozone/ozone/hadoop-ozone/integration-test/target/test-dir/MiniOzoneClusterImpl-80d3c9c6-9062-4062-b57d-7974188da005/datanode-1/data/ratis/2ce12bc1-5aa5-4127-9fe9-dcfdb9591962 has been successfully formatted.
2022-03-11 10:49:22,025 [pool-86-thread-1] INFO  ratis.ContainerStateMachine (ContainerStateMachine.java:loadSnapshot(236)) - group-DCFDB9591962: The snapshot info is null. Setting the last applied indexto:(t:0, i:~)
2022-03-11 10:49:22,026 [pool-86-thread-1] INFO  server.RaftServerConfigKeys (ConfUtils.java:logGet(44)) - raft.server.notification.no-leader.timeout = 300s (custom)
2022-03-11 10:49:22,026 [pool-86-thread-1] INFO  server.RaftServerConfigKeys (ConfUtils.java:logGet(44)) - raft.server.log.use.memory = false (default)
2022-03-11 10:49:22,026 [pool-86-thread-1] INFO  server.RaftServerConfigKeys (ConfUtils.java:logGet(44)) - raft.server.log.purge.gap = 1000000 (custom)
2022-03-11 10:49:22,026 [pool-86-thread-1] INFO  server.RaftServerConfigKeys (ConfUtils.java:logGet(44)) - raft.server.log.appender.buffer.byte-limit = 33554432 (custom)
2022-03-11 10:49:22,027 [pool-86-thread-1] INFO  server.RaftServerConfigKeys (ConfUtils.java:logGet(44)) - raft.server.log.segment.size.max = 1048576 (custom)
2022-03-11 10:49:22,028 [pool-86-thread-1] INFO  server.RaftServerConfigKeys (ConfUtils.java:logGet(44)) - raft.server.log.segment.cache.num.max = 2 (custom)
2022-03-11 10:49:22,028 [pool-86-thread-1] INFO  server.RaftServerConfigKeys (ConfUtils.java:logGet(44)) - raft.server.log.segment.cache.size.max = 200MB (=209715200) (default)
2022-03-11 10:49:22,029 [pool-86-thread-1] INFO  segmented.SegmentedRaftLogWorker (SegmentedRaftLogWorker.java:<init>(182)) - new ba75fcdf-ff67-476a-a5ef-de9b108b869e@group-DCFDB9591962-SegmentedRaftLogWorker for RaftStorageImpl:Storage Directory /home/runner/work/ozone/ozone/hadoop-ozone/integration-test/target/test-dir/MiniOzoneClusterImpl-80d3c9c6-9062-4062-b57d-7974188da005/datanode-1/data/ratis/2ce12bc1-5aa5-4127-9fe9-dcfdb9591962
2022-03-11 10:49:22,029 [pool-86-thread-1] INFO  server.RaftServerConfigKeys (ConfUtils.java:logGet(44)) - raft.server.log.queue.byte-limit = 4294967296 (custom)
2022-03-11 10:49:22,029 [pool-86-thread-1] INFO  server.RaftServerConfigKeys (ConfUtils.java:logGet(44)) - raft.server.log.queue.element-limit = 1024 (custom)
2022-03-11 10:49:22,029 [pool-86-thread-1] INFO  server.RaftServerConfigKeys (ConfUtils.java:logGet(44)) - raft.server.log.segment.size.max = 1048576 (custom)
2022-03-11 10:49:22,029 [pool-86-thread-1] INFO  server.RaftServerConfigKeys (ConfUtils.java:logGet(44)) - raft.server.log.preallocated.size = 16384 (custom)
2022-03-11 10:49:22,029 [pool-86-thread-1] INFO  server.RaftServerConfigKeys (ConfUtils.java:logGet(44)) - raft.server.log.force.sync.num = 128 (default)
2022-03-11 10:49:22,029 [pool-86-thread-1] INFO  server.RaftServerConfigKeys (ConfUtils.java:logGet(44)) - raft.server.log.statemachine.data.sync = true (default)
2022-03-11 10:49:22,029 [pool-86-thread-1] INFO  server.RaftServerConfigKeys (ConfUtils.java:logGet(44)) - raft.server.log.statemachine.data.sync.timeout = 10s (default)
2022-03-11 10:49:22,029 [pool-86-thread-1] INFO  server.RaftServerConfigKeys (ConfUtils.java:logGet(44)) - raft.server.log.statemachine.data.sync.timeout.retry = -1 (default)
2022-03-11 10:49:22,030 [EventQueue-PipelineReportForPipelineReportHandler] INFO  pipeline.PipelineManagerImpl (PipelineManagerImpl.java:openPipeline(291)) - Pipeline Pipeline[ Id: 2ce12bc1-5aa5-4127-9fe9-dcfdb9591962, Nodes: ba75fcdf-ff67-476a-a5ef-de9b108b869e{ip: 10.1.0.4, host: fv-az184-17.3ow45vhwbzuu5incsxmygykede.cx.internal.cloudapp.net, ports: [REPLICATION=42699, RATIS=41971, RATIS_ADMIN=41971, RATIS_SERVER=41971, STANDALONE=42581], networkLocation: /default-rack, certSerialId: null, persistedOpState: IN_SERVICE, persistedOpStateExpiryEpochSec: 0}, ReplicationConfig: RATIS/ONE, State:ALLOCATED, leaderId:ba75fcdf-ff67-476a-a5ef-de9b108b869e, CreationTimestamp2022-03-11T10:49:19Z[Etc/UTC]] moved to OPEN state
2022-03-11 10:49:22,031 [EventQueue-OpenPipelineForHealthyPipelineSafeModeRule] INFO  safemode.SCMSafeModeManager (HealthyPipelineSafeModeRule.java:process(124)) - SCM in safe mode. Healthy pipelines reported count is 0, required healthy pipeline reported count is 1
2022-03-11 10:49:22,038 [pool-86-thread-1] INFO  server.RaftServerConfigKeys (ConfUtils.java:logGet(44)) - raft.server.log.write.buffer.size = 1048576 (custom)
2022-03-11 10:49:22,040 [pool-86-thread-1] INFO  server.RaftServerConfigKeys (ConfUtils.java:logGet(44)) - raft.server.log.statemachine.data.caching.enabled = true (custom)
2022-03-11 10:49:22,040 [pool-86-thread-1] INFO  segmented.SegmentedRaftLogWorker (SegmentedRaftLogWorker.java:lambda$new$0(133)) - ba75fcdf-ff67-476a-a5ef-de9b108b869e@group-DCFDB9591962-SegmentedRaftLogWorker: flushIndex: setUnconditionally 0 -> -1
2022-03-11 10:49:22,040 [pool-86-thread-1] INFO  segmented.SegmentedRaftLogWorker (SegmentedRaftLogWorker.java:lambda$new$0(133)) - ba75fcdf-ff67-476a-a5ef-de9b108b869e@group-DCFDB9591962-SegmentedRaftLogWorker: safeCacheEvictIndex: setUnconditionally 0 -> -1
2022-03-11 10:49:22,041 [pool-86-thread-1] INFO  server.RaftServerConfigKeys (ConfUtils.java:logGet(44)) - raft.server.snapshot.auto.trigger.enabled = true (custom)
2022-03-11 10:49:22,041 [pool-86-thread-1] INFO  server.RaftServerConfigKeys (ConfUtils.java:logGet(44)) - raft.server.snapshot.auto.trigger.threshold = 10000 (custom)
2022-03-11 10:49:22,041 [pool-86-thread-1] INFO  server.RaftServerConfigKeys (ConfUtils.java:logGet(44)) - raft.server.snapshot.retention.file.num = 5 (custom)
2022-03-11 10:49:22,041 [pool-86-thread-1] INFO  server.RaftServerConfigKeys (ConfUtils.java:logGet(44)) - raft.server.log.purge.upto.snapshot.index = false (default)
2022-03-11 10:49:22,041 [pool-86-thread-1] INFO  server.RaftServerConfigKeys (ConfUtils.java:logGet(44)) - raft.server.retrycache.expirytime = 600000ms (custom)
2022-03-11 10:49:22,041 [pool-86-thread-1] INFO  server.RaftServerConfigKeys (ConfUtils.java:logGet(44)) - raft.server.retrycache.statistics.expirytime = 100μs (default)
2022-03-11 10:49:22,043 [pool-86-thread-1] INFO  server.RaftServer$Division (RaftServerImpl.java:start(301)) - ba75fcdf-ff67-476a-a5ef-de9b108b869e@group-DCFDB9591962: start as a follower, conf=-1: [ba75fcdf-ff67-476a-a5ef-de9b108b869e|rpc:10.1.0.4:41971|priority:1], old=null
2022-03-11 10:49:22,043 [pool-86-thread-1] INFO  server.RaftServer$Division (RaftServerImpl.java:setRole(290)) - ba75fcdf-ff67-476a-a5ef-de9b108b869e@group-DCFDB9591962: changes role from      null to FOLLOWER at term 0 for startAsFollower
2022-03-11 10:49:22,043 [pool-86-thread-1] INFO  impl.RoleInfo (RoleInfo.java:updateAndGet(130)) - ba75fcdf-ff67-476a-a5ef-de9b108b869e: start ba75fcdf-ff67-476a-a5ef-de9b108b869e@group-DCFDB9591962-FollowerState
2022-03-11 10:49:22,047 [pool-86-thread-1] INFO  util.JmxRegister (JmxRegister.java:tryRegister(44)) - Successfully registered JMX Bean with object name Ratis:service=RaftServer,group=group-DCFDB9591962,id=ba75fcdf-ff67-476a-a5ef-de9b108b869e
2022-03-11 10:49:22,053 [Command processor thread] INFO  ratis.XceiverServerRatis (XceiverServerRatis.java:addGroup(769)) - Created group PipelineID=2ce12bc1-5aa5-4127-9fe9-dcfdb9591962
2022-03-11 10:49:22,053 [Command processor thread] INFO  commandhandler.CreatePipelineCommandHandler (CreatePipelineCommandHandler.java:handle(106)) - Created Pipeline RATIS ONE PipelineID=2ce12bc1-5aa5-4127-9fe9-dcfdb9591962.
2022-03-11 10:49:22,064 [Command processor thread] INFO  server.RaftServer (RaftServerProxy.java:addNew(95)) - ba75fcdf-ff67-476a-a5ef-de9b108b869e: addNew group-B46C76AC753E:[f3aed214-ddd5-444c-98e8-173d17ff867b|rpc:10.1.0.4:34925|priority:1, 693b3978-b6c3-4afe-acf3-887a6d6ab502|rpc:10.1.0.4:38697|priority:0, ba75fcdf-ff67-476a-a5ef-de9b108b869e|rpc:10.1.0.4:41971|priority:0] returns group-B46C76AC753E:java.util.concurrent.CompletableFuture@6ae7f3df[Not completed]
2022-03-11 10:49:22,066 [pool-86-thread-1] INFO  server.RaftServer$Division (RaftServerImpl.java:<init>(184)) - ba75fcdf-ff67-476a-a5ef-de9b108b869e: new RaftServerImpl for group-B46C76AC753E:[f3aed214-ddd5-444c-98e8-173d17ff867b|rpc:10.1.0.4:34925|priority:1, 693b3978-b6c3-4afe-acf3-887a6d6ab502|rpc:10.1.0.4:38697|priority:0, ba75fcdf-ff67-476a-a5ef-de9b108b869e|rpc:10.1.0.4:41971|priority:0] with ContainerStateMachine:uninitialized
2022-03-11 10:49:22,066 [pool-86-thread-1] INFO  server.RaftServerConfigKeys (ConfUtils.java:logGet(44)) - raft.server.rpc.timeout.min = 5s (custom)
2022-03-11 10:49:22,066 [pool-86-thread-1] INFO  server.RaftServerConfigKeys (ConfUtils.java:logGet(44)) - raft.server.rpc.timeout.max = 5200ms (custom)
2022-03-11 10:49:22,066 [pool-86-thread-1] INFO  server.RaftServerConfigKeys (ConfUtils.java:logGet(44)) - raft.server.rpc.sleep.time = 25ms (default)
2022-03-11 10:49:22,066 [pool-86-thread-1] INFO  server.RaftServerConfigKeys (ConfUtils.java:logGet(44)) - raft.server.rpc.slowness.timeout = 300s (custom)
2022-03-11 10:49:22,066 [pool-86-thread-1] INFO  server.RaftServerConfigKeys (ConfUtils.java:logGet(44)) - raft.server.leaderelection.leader.step-down.wait-time = 10s (default)
2022-03-11 10:49:22,066 [pool-86-thread-1] INFO  server.RaftServerConfigKeys (ConfUtils.java:logGet(44)) - raft.server.sleep.deviation.threshold = 300ms (default)
2022-03-11 10:49:22,066 [pool-86-thread-1] INFO  server.RaftServerConfigKeys (ConfUtils.java:logGet(44)) - raft.server.log.appender.install.snapshot.enabled = false (custom)
2022-03-11 10:49:22,066 [pool-86-thread-1] INFO  server.RaftServer$Division (ServerState.java:<init>(105)) - ba75fcdf-ff67-476a-a5ef-de9b108b869e@group-B46C76AC753E: ConfigurationManager, init=-1: [f3aed214-ddd5-444c-98e8-173d17ff867b|rpc:10.1.0.4:34925|priority:1, 693b3978-b6c3-4afe-acf3-887a6d6ab502|rpc:10.1.0.4:38697|priority:0, ba75fcdf-ff67-476a-a5ef-de9b108b869e|rpc:10.1.0.4:41971|priority:0], old=null, confs=<EMPTY_MAP>
2022-03-11 10:49:22,066 [pool-86-thread-1] INFO  server.RaftServerConfigKeys (ConfUtils.java:logGet(44)) - raft.server.storage.dir = [/home/runner/work/ozone/ozone/hadoop-ozone/integration-test/target/test-dir/MiniOzoneClusterImpl-80d3c9c6-9062-4062-b57d-7974188da005/datanode-1/data/ratis] (custom)
2022-03-11 10:49:22,066 [pool-86-thread-1] INFO  server.RaftServerConfigKeys (ConfUtils.java:logGet(44)) - raft.server.log.corruption.policy = EXCEPTION (default)
2022-03-11 10:49:22,066 [pool-86-thread-1] INFO  server.RaftServerConfigKeys (ConfUtils.java:logGet(44)) - raft.server.storage.free-space.min = 0MB (=0) (default)
2022-03-11 10:49:22,067 [pool-86-thread-1] INFO  storage.RaftStorageDirectory (RaftStorageDirectoryImpl.java:analyzeStorage(135)) - The storage directory /home/runner/work/ozone/ozone/hadoop-ozone/integration-test/target/test-dir/MiniOzoneClusterImpl-80d3c9c6-9062-4062-b57d-7974188da005/datanode-1/data/ratis/1fa5eb99-f4f0-4ee0-abc8-b46c76ac753e does not exist. Creating ...
2022-03-11 10:49:22,068 [pool-86-thread-1] INFO  storage.RaftStorageDirectory (RaftStorageDirectoryImpl.java:tryLock(230)) - Lock on /home/runner/work/ozone/ozone/hadoop-ozone/integration-test/target/test-dir/MiniOzoneClusterImpl-80d3c9c6-9062-4062-b57d-7974188da005/datanode-1/data/ratis/1fa5eb99-f4f0-4ee0-abc8-b46c76ac753e/in_use.lock acquired by nodename 11810@fv-az184-17
2022-03-11 10:49:22,069 [pool-86-thread-1] INFO  storage.RaftStorage (RaftStorageImpl.java:format(89)) - Storage directory /home/runner/work/ozone/ozone/hadoop-ozone/integration-test/target/test-dir/MiniOzoneClusterImpl-80d3c9c6-9062-4062-b57d-7974188da005/datanode-1/data/ratis/1fa5eb99-f4f0-4ee0-abc8-b46c76ac753e has been successfully formatted.
2022-03-11 10:49:22,070 [pool-86-thread-1] INFO  ratis.ContainerStateMachine (ContainerStateMachine.java:loadSnapshot(236)) - group-B46C76AC753E: The snapshot info is null. Setting the last applied indexto:(t:0, i:~)
2022-03-11 10:49:22,071 [pool-86-thread-1] INFO  server.RaftServerConfigKeys (ConfUtils.java:logGet(44)) - raft.server.notification.no-leader.timeout = 300s (custom)
2022-03-11 10:49:22,071 [pool-86-thread-1] INFO  server.RaftServerConfigKeys (ConfUtils.java:logGet(44)) - raft.server.log.use.memory = false (default)
2022-03-11 10:49:22,071 [pool-86-thread-1] INFO  server.RaftServerConfigKeys (ConfUtils.java:logGet(44)) - raft.server.log.purge.gap = 1000000 (custom)
2022-03-11 10:49:22,071 [pool-86-thread-1] INFO  server.RaftServerConfigKeys (ConfUtils.java:logGet(44)) - raft.server.log.appender.buffer.byte-limit = 33554432 (custom)
2022-03-11 10:49:22,072 [pool-86-thread-1] INFO  server.RaftServerConfigKeys (ConfUtils.java:logGet(44)) - raft.server.log.segment.size.max = 1048576 (custom)
2022-03-11 10:49:22,072 [pool-86-thread-1] INFO  server.RaftServerConfigKeys (ConfUtils.java:logGet(44)) - raft.server.log.segment.cache.num.max = 2 (custom)
2022-03-11 10:49:22,072 [pool-86-thread-1] INFO  server.RaftServerConfigKeys (ConfUtils.java:logGet(44)) - raft.server.log.segment.cache.size.max = 200MB (=209715200) (default)
2022-03-11 10:49:22,072 [pool-86-thread-1] INFO  segmented.SegmentedRaftLogWorker (SegmentedRaftLogWorker.java:<init>(182)) - new ba75fcdf-ff67-476a-a5ef-de9b108b869e@group-B46C76AC753E-SegmentedRaftLogWorker for RaftStorageImpl:Storage Directory /home/runner/work/ozone/ozone/hadoop-ozone/integration-test/target/test-dir/MiniOzoneClusterImpl-80d3c9c6-9062-4062-b57d-7974188da005/datanode-1/data/ratis/1fa5eb99-f4f0-4ee0-abc8-b46c76ac753e
2022-03-11 10:49:22,073 [pool-86-thread-1] INFO  server.RaftServerConfigKeys (ConfUtils.java:logGet(44)) - raft.server.log.queue.byte-limit = 4294967296 (custom)
2022-03-11 10:49:22,073 [pool-86-thread-1] INFO  server.RaftServerConfigKeys (ConfUtils.java:logGet(44)) - raft.server.log.queue.element-limit = 1024 (custom)
2022-03-11 10:49:22,073 [pool-86-thread-1] INFO  server.RaftServerConfigKeys (ConfUtils.java:logGet(44)) - raft.server.log.segment.size.max = 1048576 (custom)
2022-03-11 10:49:22,073 [pool-86-thread-1] INFO  server.RaftServerConfigKeys (ConfUtils.java:logGet(44)) - raft.server.log.preallocated.size = 16384 (custom)
2022-03-11 10:49:22,073 [pool-86-thread-1] INFO  server.RaftServerConfigKeys (ConfUtils.java:logGet(44)) - raft.server.log.force.sync.num = 128 (default)
2022-03-11 10:49:22,073 [pool-86-thread-1] INFO  server.RaftServerConfigKeys (ConfUtils.java:logGet(44)) - raft.server.log.statemachine.data.sync = true (default)
2022-03-11 10:49:22,076 [pool-86-thread-1] INFO  server.RaftServerConfigKeys (ConfUtils.java:logGet(44)) - raft.server.log.statemachine.data.sync.timeout = 10s (default)
2022-03-11 10:49:22,077 [pool-86-thread-1] INFO  server.RaftServerConfigKeys (ConfUtils.java:logGet(44)) - raft.server.log.statemachine.data.sync.timeout.retry = -1 (default)
2022-03-11 10:49:22,078 [pool-86-thread-1] INFO  server.RaftServerConfigKeys (ConfUtils.java:logGet(44)) - raft.server.log.write.buffer.size = 1048576 (custom)
2022-03-11 10:49:22,080 [EventQueue-OpenPipelineForHealthyPipelineSafeModeRule] INFO  safemode.SCMSafeModeManager (HealthyPipelineSafeModeRule.java:process(124)) - SCM in safe mode. Healthy pipelines reported count is 0, required healthy pipeline reported count is 1
2022-03-11 10:49:22,087 [pool-86-thread-1] INFO  server.RaftServerConfigKeys (ConfUtils.java:logGet(44)) - raft.server.log.statemachine.data.caching.enabled = true (custom)
2022-03-11 10:49:22,087 [pool-86-thread-1] INFO  segmented.SegmentedRaftLogWorker (SegmentedRaftLogWorker.java:lambda$new$0(133)) - ba75fcdf-ff67-476a-a5ef-de9b108b869e@group-B46C76AC753E-SegmentedRaftLogWorker: flushIndex: setUnconditionally 0 -> -1
2022-03-11 10:49:22,087 [pool-86-thread-1] INFO  segmented.SegmentedRaftLogWorker (SegmentedRaftLogWorker.java:lambda$new$0(133)) - ba75fcdf-ff67-476a-a5ef-de9b108b869e@group-B46C76AC753E-SegmentedRaftLogWorker: safeCacheEvictIndex: setUnconditionally 0 -> -1
2022-03-11 10:49:22,094 [pool-86-thread-1] INFO  server.RaftServerConfigKeys (ConfUtils.java:logGet(44)) - raft.server.snapshot.auto.trigger.enabled = true (custom)
2022-03-11 10:49:22,095 [pool-86-thread-1] INFO  server.RaftServerConfigKeys (ConfUtils.java:logGet(44)) - raft.server.snapshot.auto.trigger.threshold = 10000 (custom)
2022-03-11 10:49:22,095 [pool-86-thread-1] INFO  server.RaftServerConfigKeys (ConfUtils.java:logGet(44)) - raft.server.snapshot.retention.file.num = 5 (custom)
2022-03-11 10:49:22,095 [pool-86-thread-1] INFO  server.RaftServerConfigKeys (ConfUtils.java:logGet(44)) - raft.server.log.purge.upto.snapshot.index = false (default)
2022-03-11 10:49:22,095 [pool-86-thread-1] INFO  server.RaftServerConfigKeys (ConfUtils.java:logGet(44)) - raft.server.retrycache.expirytime = 600000ms (custom)
2022-03-11 10:49:22,095 [pool-86-thread-1] INFO  server.RaftServerConfigKeys (ConfUtils.java:logGet(44)) - raft.server.retrycache.statistics.expirytime = 100μs (default)
2022-03-11 10:49:22,097 [pool-86-thread-1] INFO  server.RaftServer$Division (RaftServerImpl.java:start(301)) - ba75fcdf-ff67-476a-a5ef-de9b108b869e@group-B46C76AC753E: start as a follower, conf=-1: [f3aed214-ddd5-444c-98e8-173d17ff867b|rpc:10.1.0.4:34925|priority:1, 693b3978-b6c3-4afe-acf3-887a6d6ab502|rpc:10.1.0.4:38697|priority:0, ba75fcdf-ff67-476a-a5ef-de9b108b869e|rpc:10.1.0.4:41971|priority:0], old=null
2022-03-11 10:49:22,097 [pool-86-thread-1] INFO  server.RaftServer$Division (RaftServerImpl.java:setRole(290)) - ba75fcdf-ff67-476a-a5ef-de9b108b869e@group-B46C76AC753E: changes role from      null to FOLLOWER at term 0 for startAsFollower
2022-03-11 10:49:22,097 [pool-86-thread-1] INFO  impl.RoleInfo (RoleInfo.java:updateAndGet(130)) - ba75fcdf-ff67-476a-a5ef-de9b108b869e: start ba75fcdf-ff67-476a-a5ef-de9b108b869e@group-B46C76AC753E-FollowerState
2022-03-11 10:49:22,101 [pool-86-thread-1] INFO  util.JmxRegister (JmxRegister.java:tryRegister(44)) - Successfully registered JMX Bean with object name Ratis:service=RaftServer,group=group-B46C76AC753E,id=ba75fcdf-ff67-476a-a5ef-de9b108b869e
2022-03-11 10:49:22,108 [Command processor thread] INFO  ratis.XceiverServerRatis (XceiverServerRatis.java:addGroup(769)) - Created group PipelineID=1fa5eb99-f4f0-4ee0-abc8-b46c76ac753e
2022-03-11 10:49:22,168 [grpc-default-executor-0] INFO  server.RaftServer (RaftServerProxy.java:addNew(95)) - 693b3978-b6c3-4afe-acf3-887a6d6ab502: addNew group-B46C76AC753E:[f3aed214-ddd5-444c-98e8-173d17ff867b|rpc:10.1.0.4:34925|dataStream:|priority:1, 693b3978-b6c3-4afe-acf3-887a6d6ab502|rpc:10.1.0.4:38697|dataStream:|priority:0, ba75fcdf-ff67-476a-a5ef-de9b108b869e|rpc:10.1.0.4:41971|dataStream:|priority:0] returns group-B46C76AC753E:java.util.concurrent.CompletableFuture@753be621[Not completed]
2022-03-11 10:49:22,178 [pool-107-thread-1] INFO  server.RaftServer$Division (RaftServerImpl.java:<init>(184)) - 693b3978-b6c3-4afe-acf3-887a6d6ab502: new RaftServerImpl for group-B46C76AC753E:[f3aed214-ddd5-444c-98e8-173d17ff867b|rpc:10.1.0.4:34925|dataStream:|priority:1, 693b3978-b6c3-4afe-acf3-887a6d6ab502|rpc:10.1.0.4:38697|dataStream:|priority:0, ba75fcdf-ff67-476a-a5ef-de9b108b869e|rpc:10.1.0.4:41971|dataStream:|priority:0] with ContainerStateMachine:uninitialized
2022-03-11 10:49:22,183 [pool-107-thread-1] INFO  server.RaftServerConfigKeys (ConfUtils.java:logGet(44)) - raft.server.rpc.timeout.min = 5s (custom)
2022-03-11 10:49:22,183 [pool-107-thread-1] INFO  server.RaftServerConfigKeys (ConfUtils.java:logGet(44)) - raft.server.rpc.timeout.max = 5200ms (custom)
2022-03-11 10:49:22,183 [pool-107-thread-1] INFO  server.RaftServerConfigKeys (ConfUtils.java:logGet(44)) - raft.server.rpc.sleep.time = 25ms (default)
2022-03-11 10:49:22,183 [pool-107-thread-1] INFO  server.RaftServerConfigKeys (ConfUtils.java:logGet(44)) - raft.server.rpc.slowness.timeout = 300s (custom)
2022-03-11 10:49:22,183 [pool-107-thread-1] INFO  server.RaftServerConfigKeys (ConfUtils.java:logGet(44)) - raft.server.leaderelection.leader.step-down.wait-time = 10s (default)
2022-03-11 10:49:22,184 [pool-107-thread-1] INFO  server.RaftServerConfigKeys (ConfUtils.java:logGet(44)) - raft.server.sleep.deviation.threshold = 300ms (default)
2022-03-11 10:49:22,184 [pool-107-thread-1] INFO  server.RaftServerConfigKeys (ConfUtils.java:logGet(44)) - raft.server.log.appender.install.snapshot.enabled = false (custom)
2022-03-11 10:49:22,184 [pool-107-thread-1] INFO  server.RaftServer$Division (ServerState.java:<init>(105)) - 693b3978-b6c3-4afe-acf3-887a6d6ab502@group-B46C76AC753E: ConfigurationManager, init=-1: [f3aed214-ddd5-444c-98e8-173d17ff867b|rpc:10.1.0.4:34925|dataStream:|priority:1, 693b3978-b6c3-4afe-acf3-887a6d6ab502|rpc:10.1.0.4:38697|dataStream:|priority:0, ba75fcdf-ff67-476a-a5ef-de9b108b869e|rpc:10.1.0.4:41971|dataStream:|priority:0], old=null, confs=<EMPTY_MAP>
2022-03-11 10:49:22,184 [pool-107-thread-1] INFO  server.RaftServerConfigKeys (ConfUtils.java:logGet(44)) - raft.server.storage.dir = [/home/runner/work/ozone/ozone/hadoop-ozone/integration-test/target/test-dir/MiniOzoneClusterImpl-80d3c9c6-9062-4062-b57d-7974188da005/datanode-2/data/ratis] (custom)
2022-03-11 10:49:22,184 [pool-107-thread-1] INFO  server.RaftServerConfigKeys (ConfUtils.java:logGet(44)) - raft.server.log.corruption.policy = EXCEPTION (default)
2022-03-11 10:49:22,184 [pool-107-thread-1] INFO  server.RaftServerConfigKeys (ConfUtils.java:logGet(44)) - raft.server.storage.free-space.min = 0MB (=0) (default)
2022-03-11 10:49:22,184 [pool-107-thread-1] INFO  storage.RaftStorageDirectory (RaftStorageDirectoryImpl.java:analyzeStorage(135)) - The storage directory /home/runner/work/ozone/ozone/hadoop-ozone/integration-test/target/test-dir/MiniOzoneClusterImpl-80d3c9c6-9062-4062-b57d-7974188da005/datanode-2/data/ratis/1fa5eb99-f4f0-4ee0-abc8-b46c76ac753e does not exist. Creating ...
2022-03-11 10:49:22,195 [pool-107-thread-1] INFO  storage.RaftStorageDirectory (RaftStorageDirectoryImpl.java:tryLock(230)) - Lock on /home/runner/work/ozone/ozone/hadoop-ozone/integration-test/target/test-dir/MiniOzoneClusterImpl-80d3c9c6-9062-4062-b57d-7974188da005/datanode-2/data/ratis/1fa5eb99-f4f0-4ee0-abc8-b46c76ac753e/in_use.lock acquired by nodename 11810@fv-az184-17
2022-03-11 10:49:22,196 [pool-107-thread-1] INFO  storage.RaftStorage (RaftStorageImpl.java:format(89)) - Storage directory /home/runner/work/ozone/ozone/hadoop-ozone/integration-test/target/test-dir/MiniOzoneClusterImpl-80d3c9c6-9062-4062-b57d-7974188da005/datanode-2/data/ratis/1fa5eb99-f4f0-4ee0-abc8-b46c76ac753e has been successfully formatted.
2022-03-11 10:49:22,196 [pool-107-thread-1] INFO  ratis.ContainerStateMachine (ContainerStateMachine.java:loadSnapshot(236)) - group-B46C76AC753E: The snapshot info is null. Setting the last applied indexto:(t:0, i:~)
2022-03-11 10:49:22,197 [pool-107-thread-1] INFO  server.RaftServerConfigKeys (ConfUtils.java:logGet(44)) - raft.server.notification.no-leader.timeout = 300s (custom)
2022-03-11 10:49:22,197 [pool-107-thread-1] INFO  server.RaftServerConfigKeys (ConfUtils.java:logGet(44)) - raft.server.log.use.memory = false (default)
2022-03-11 10:49:22,197 [pool-107-thread-1] INFO  server.RaftServerConfigKeys (ConfUtils.java:logGet(44)) - raft.server.log.purge.gap = 1000000 (custom)
2022-03-11 10:49:22,197 [pool-107-thread-1] INFO  server.RaftServerConfigKeys (ConfUtils.java:logGet(44)) - raft.server.log.appender.buffer.byte-limit = 33554432 (custom)
2022-03-11 10:49:22,197 [pool-107-thread-1] INFO  server.RaftServerConfigKeys (ConfUtils.java:logGet(44)) - raft.server.log.segment.size.max = 1048576 (custom)
2022-03-11 10:49:22,198 [pool-107-thread-1] INFO  server.RaftServerConfigKeys (ConfUtils.java:logGet(44)) - raft.server.log.segment.cache.num.max = 2 (custom)
2022-03-11 10:49:22,198 [pool-107-thread-1] INFO  server.RaftServerConfigKeys (ConfUtils.java:logGet(44)) - raft.server.log.segment.cache.size.max = 200MB (=209715200) (default)
2022-03-11 10:49:22,198 [pool-107-thread-1] INFO  segmented.SegmentedRaftLogWorker (SegmentedRaftLogWorker.java:<init>(182)) - new 693b3978-b6c3-4afe-acf3-887a6d6ab502@group-B46C76AC753E-SegmentedRaftLogWorker for RaftStorageImpl:Storage Directory /home/runner/work/ozone/ozone/hadoop-ozone/integration-test/target/test-dir/MiniOzoneClusterImpl-80d3c9c6-9062-4062-b57d-7974188da005/datanode-2/data/ratis/1fa5eb99-f4f0-4ee0-abc8-b46c76ac753e
2022-03-11 10:49:22,199 [pool-107-thread-1] INFO  server.RaftServerConfigKeys (ConfUtils.java:logGet(44)) - raft.server.log.queue.byte-limit = 4294967296 (custom)
2022-03-11 10:49:22,199 [pool-107-thread-1] INFO  server.RaftServerConfigKeys (ConfUtils.java:logGet(44)) - raft.server.log.queue.element-limit = 1024 (custom)
2022-03-11 10:49:22,199 [pool-107-thread-1] INFO  server.RaftServerConfigKeys (ConfUtils.java:logGet(44)) - raft.server.log.segment.size.max = 1048576 (custom)
2022-03-11 10:49:22,199 [pool-107-thread-1] INFO  server.RaftServerConfigKeys (ConfUtils.java:logGet(44)) - raft.server.log.preallocated.size = 16384 (custom)
2022-03-11 10:49:22,200 [pool-107-thread-1] INFO  server.RaftServerConfigKeys (ConfUtils.java:logGet(44)) - raft.server.log.force.sync.num = 128 (default)
2022-03-11 10:49:22,200 [pool-107-thread-1] INFO  server.RaftServerConfigKeys (ConfUtils.java:logGet(44)) - raft.server.log.statemachine.data.sync = true (default)
2022-03-11 10:49:22,200 [pool-107-thread-1] INFO  server.RaftServerConfigKeys (ConfUtils.java:logGet(44)) - raft.server.log.statemachine.data.sync.timeout = 10s (default)
2022-03-11 10:49:22,200 [pool-107-thread-1] INFO  server.RaftServerConfigKeys (ConfUtils.java:logGet(44)) - raft.server.log.statemachine.data.sync.timeout.retry = -1 (default)
2022-03-11 10:49:22,201 [pool-107-thread-1] INFO  server.RaftServerConfigKeys (ConfUtils.java:logGet(44)) - raft.server.log.write.buffer.size = 1048576 (custom)
2022-03-11 10:49:22,202 [pool-107-thread-1] INFO  server.RaftServerConfigKeys (ConfUtils.java:logGet(44)) - raft.server.log.statemachine.data.caching.enabled = true (custom)
2022-03-11 10:49:22,203 [pool-107-thread-1] INFO  segmented.SegmentedRaftLogWorker (SegmentedRaftLogWorker.java:lambda$new$0(133)) - 693b3978-b6c3-4afe-acf3-887a6d6ab502@group-B46C76AC753E-SegmentedRaftLogWorker: flushIndex: setUnconditionally 0 -> -1
2022-03-11 10:49:22,203 [pool-107-thread-1] INFO  segmented.SegmentedRaftLogWorker (SegmentedRaftLogWorker.java:lambda$new$0(133)) - 693b3978-b6c3-4afe-acf3-887a6d6ab502@group-B46C76AC753E-SegmentedRaftLogWorker: safeCacheEvictIndex: setUnconditionally 0 -> -1
2022-03-11 10:49:22,203 [pool-107-thread-1] INFO  server.RaftServerConfigKeys (ConfUtils.java:logGet(44)) - raft.server.snapshot.auto.trigger.enabled = true (custom)
2022-03-11 10:49:22,203 [pool-107-thread-1] INFO  server.RaftServerConfigKeys (ConfUtils.java:logGet(44)) - raft.server.snapshot.auto.trigger.threshold = 10000 (custom)
2022-03-11 10:49:22,203 [pool-107-thread-1] INFO  server.RaftServerConfigKeys (ConfUtils.java:logGet(44)) - raft.server.snapshot.retention.file.num = 5 (custom)
2022-03-11 10:49:22,203 [pool-107-thread-1] INFO  server.RaftServerConfigKeys (ConfUtils.java:logGet(44)) - raft.server.log.purge.upto.snapshot.index = false (default)
2022-03-11 10:49:22,203 [pool-107-thread-1] INFO  server.RaftServerConfigKeys (ConfUtils.java:logGet(44)) - raft.server.retrycache.expirytime = 600000ms (custom)
2022-03-11 10:49:22,203 [pool-107-thread-1] INFO  server.RaftServerConfigKeys (ConfUtils.java:logGet(44)) - raft.server.retrycache.statistics.expirytime = 100μs (default)
2022-03-11 10:49:22,205 [pool-107-thread-1] INFO  server.RaftServer$Division (RaftServerImpl.java:start(301)) - 693b3978-b6c3-4afe-acf3-887a6d6ab502@group-B46C76AC753E: start as a follower, conf=-1: [f3aed214-ddd5-444c-98e8-173d17ff867b|rpc:10.1.0.4:34925|dataStream:|priority:1, 693b3978-b6c3-4afe-acf3-887a6d6ab502|rpc:10.1.0.4:38697|dataStream:|priority:0, ba75fcdf-ff67-476a-a5ef-de9b108b869e|rpc:10.1.0.4:41971|dataStream:|priority:0], old=null
2022-03-11 10:49:22,205 [pool-107-thread-1] INFO  server.RaftServer$Division (RaftServerImpl.java:setRole(290)) - 693b3978-b6c3-4afe-acf3-887a6d6ab502@group-B46C76AC753E: changes role from      null to FOLLOWER at term 0 for startAsFollower
2022-03-11 10:49:22,205 [pool-107-thread-1] INFO  impl.RoleInfo (RoleInfo.java:updateAndGet(130)) - 693b3978-b6c3-4afe-acf3-887a6d6ab502: start 693b3978-b6c3-4afe-acf3-887a6d6ab502@group-B46C76AC753E-FollowerState
2022-03-11 10:49:22,205 [pool-107-thread-1] INFO  util.JmxRegister (JmxRegister.java:tryRegister(44)) - Successfully registered JMX Bean with object name Ratis:service=RaftServer,group=group-B46C76AC753E,id=693b3978-b6c3-4afe-acf3-887a6d6ab502
2022-03-11 10:49:22,312 [Command processor thread] INFO  commandhandler.CreatePipelineCommandHandler (CreatePipelineCommandHandler.java:handle(106)) - Created Pipeline RATIS THREE PipelineID=1fa5eb99-f4f0-4ee0-abc8-b46c76ac753e.
2022-03-11 10:49:22,334 [Command processor thread] INFO  commandhandler.CreatePipelineCommandHandler (CreatePipelineCommandHandler.java:handle(106)) - Created Pipeline RATIS THREE PipelineID=1fa5eb99-f4f0-4ee0-abc8-b46c76ac753e.
2022-03-11 10:49:22,350 [Command processor thread] INFO  server.RaftServer (RaftServerProxy.java:addNew(95)) - 693b3978-b6c3-4afe-acf3-887a6d6ab502: addNew group-D6B43088F157:[693b3978-b6c3-4afe-acf3-887a6d6ab502|rpc:10.1.0.4:38697|priority:1] returns group-D6B43088F157:java.util.concurrent.CompletableFuture@43f9b41a[Not completed]
2022-03-11 10:49:22,352 [pool-107-thread-1] INFO  server.RaftServer$Division (RaftServerImpl.java:<init>(184)) - 693b3978-b6c3-4afe-acf3-887a6d6ab502: new RaftServerImpl for group-D6B43088F157:[693b3978-b6c3-4afe-acf3-887a6d6ab502|rpc:10.1.0.4:38697|priority:1] with ContainerStateMachine:uninitialized
2022-03-11 10:49:22,352 [pool-107-thread-1] INFO  server.RaftServerConfigKeys (ConfUtils.java:logGet(44)) - raft.server.rpc.timeout.min = 5s (custom)
2022-03-11 10:49:22,353 [pool-107-thread-1] INFO  server.RaftServerConfigKeys (ConfUtils.java:logGet(44)) - raft.server.rpc.timeout.max = 5200ms (custom)
2022-03-11 10:49:22,353 [pool-107-thread-1] INFO  server.RaftServerConfigKeys (ConfUtils.java:logGet(44)) - raft.server.rpc.sleep.time = 25ms (default)
2022-03-11 10:49:22,353 [pool-107-thread-1] INFO  server.RaftServerConfigKeys (ConfUtils.java:logGet(44)) - raft.server.rpc.slowness.timeout = 300s (custom)
2022-03-11 10:49:22,353 [pool-107-thread-1] INFO  server.RaftServerConfigKeys (ConfUtils.java:logGet(44)) - raft.server.leaderelection.leader.step-down.wait-time = 10s (default)
2022-03-11 10:49:22,353 [pool-107-thread-1] INFO  server.RaftServerConfigKeys (ConfUtils.java:logGet(44)) - raft.server.sleep.deviation.threshold = 300ms (default)
2022-03-11 10:49:22,353 [pool-107-thread-1] INFO  server.RaftServerConfigKeys (ConfUtils.java:logGet(44)) - raft.server.log.appender.install.snapshot.enabled = false (custom)
2022-03-11 10:49:22,353 [pool-107-thread-1] INFO  server.RaftServer$Division (ServerState.java:<init>(105)) - 693b3978-b6c3-4afe-acf3-887a6d6ab502@group-D6B43088F157: ConfigurationManager, init=-1: [693b3978-b6c3-4afe-acf3-887a6d6ab502|rpc:10.1.0.4:38697|priority:1], old=null, confs=<EMPTY_MAP>
2022-03-11 10:49:22,353 [pool-107-thread-1] INFO  server.RaftServerConfigKeys (ConfUtils.java:logGet(44)) - raft.server.storage.dir = [/home/runner/work/ozone/ozone/hadoop-ozone/integration-test/target/test-dir/MiniOzoneClusterImpl-80d3c9c6-9062-4062-b57d-7974188da005/datanode-2/data/ratis] (custom)
2022-03-11 10:49:22,354 [pool-107-thread-1] INFO  server.RaftServerConfigKeys (ConfUtils.java:logGet(44)) - raft.server.log.corruption.policy = EXCEPTION (default)
2022-03-11 10:49:22,354 [pool-107-thread-1] INFO  server.RaftServerConfigKeys (ConfUtils.java:logGet(44)) - raft.server.storage.free-space.min = 0MB (=0) (default)
2022-03-11 10:49:22,354 [pool-107-thread-1] INFO  storage.RaftStorageDirectory (RaftStorageDirectoryImpl.java:analyzeStorage(135)) - The storage directory /home/runner/work/ozone/ozone/hadoop-ozone/integration-test/target/test-dir/MiniOzoneClusterImpl-80d3c9c6-9062-4062-b57d-7974188da005/datanode-2/data/ratis/ec6ce125-303b-49a9-a521-d6b43088f157 does not exist. Creating ...
2022-03-11 10:49:22,356 [pool-107-thread-1] INFO  storage.RaftStorageDirectory (RaftStorageDirectoryImpl.java:tryLock(230)) - Lock on /home/runner/work/ozone/ozone/hadoop-ozone/integration-test/target/test-dir/MiniOzoneClusterImpl-80d3c9c6-9062-4062-b57d-7974188da005/datanode-2/data/ratis/ec6ce125-303b-49a9-a521-d6b43088f157/in_use.lock acquired by nodename 11810@fv-az184-17
2022-03-11 10:49:22,357 [pool-107-thread-1] INFO  storage.RaftStorage (RaftStorageImpl.java:format(89)) - Storage directory /home/runner/work/ozone/ozone/hadoop-ozone/integration-test/target/test-dir/MiniOzoneClusterImpl-80d3c9c6-9062-4062-b57d-7974188da005/datanode-2/data/ratis/ec6ce125-303b-49a9-a521-d6b43088f157 has been successfully formatted.
2022-03-11 10:49:22,358 [pool-107-thread-1] INFO  ratis.ContainerStateMachine (ContainerStateMachine.java:loadSnapshot(236)) - group-D6B43088F157: The snapshot info is null. Setting the last applied indexto:(t:0, i:~)
2022-03-11 10:49:22,360 [EventQueue-PipelineReportForPipelineReportHandler] INFO  pipeline.PipelineManagerImpl (PipelineManagerImpl.java:openPipeline(291)) - Pipeline Pipeline[ Id: ec6ce125-303b-49a9-a521-d6b43088f157, Nodes: 693b3978-b6c3-4afe-acf3-887a6d6ab502{ip: 10.1.0.4, host: fv-az184-17.3ow45vhwbzuu5incsxmygykede.cx.internal.cloudapp.net, ports: [REPLICATION=45673, RATIS=38697, RATIS_ADMIN=38697, RATIS_SERVER=38697, STANDALONE=45665], networkLocation: /default-rack, certSerialId: null, persistedOpState: IN_SERVICE, persistedOpStateExpiryEpochSec: 0}, ReplicationConfig: RATIS/ONE, State:ALLOCATED, leaderId:693b3978-b6c3-4afe-acf3-887a6d6ab502, CreationTimestamp2022-03-11T10:49:19.356Z[Etc/UTC]] moved to OPEN state
2022-03-11 10:49:22,361 [EventQueue-OpenPipelineForHealthyPipelineSafeModeRule] INFO  safemode.SCMSafeModeManager (HealthyPipelineSafeModeRule.java:process(124)) - SCM in safe mode. Healthy pipelines reported count is 0, required healthy pipeline reported count is 1
2022-03-11 10:49:22,361 [pool-107-thread-1] INFO  server.RaftServerConfigKeys (ConfUtils.java:logGet(44)) - raft.server.notification.no-leader.timeout = 300s (custom)
2022-03-11 10:49:22,362 [pool-107-thread-1] INFO  server.RaftServerConfigKeys (ConfUtils.java:logGet(44)) - raft.server.log.use.memory = false (default)
2022-03-11 10:49:22,362 [pool-107-thread-1] INFO  server.RaftServerConfigKeys (ConfUtils.java:logGet(44)) - raft.server.log.purge.gap = 1000000 (custom)
2022-03-11 10:49:22,362 [pool-107-thread-1] INFO  server.RaftServerConfigKeys (ConfUtils.java:logGet(44)) - raft.server.log.appender.buffer.byte-limit = 33554432 (custom)
2022-03-11 10:49:22,362 [pool-107-thread-1] INFO  server.RaftServerConfigKeys (ConfUtils.java:logGet(44)) - raft.server.log.segment.size.max = 1048576 (custom)
2022-03-11 10:49:22,363 [pool-107-thread-1] INFO  server.RaftServerConfigKeys (ConfUtils.java:logGet(44)) - raft.server.log.segment.cache.num.max = 2 (custom)
2022-03-11 10:49:22,363 [pool-107-thread-1] INFO  server.RaftServerConfigKeys (ConfUtils.java:logGet(44)) - raft.server.log.segment.cache.size.max = 200MB (=209715200) (default)
2022-03-11 10:49:22,363 [pool-107-thread-1] INFO  segmented.SegmentedRaftLogWorker (SegmentedRaftLogWorker.java:<init>(182)) - new 693b3978-b6c3-4afe-acf3-887a6d6ab502@group-D6B43088F157-SegmentedRaftLogWorker for RaftStorageImpl:Storage Directory /home/runner/work/ozone/ozone/hadoop-ozone/integration-test/target/test-dir/MiniOzoneClusterImpl-80d3c9c6-9062-4062-b57d-7974188da005/datanode-2/data/ratis/ec6ce125-303b-49a9-a521-d6b43088f157
2022-03-11 10:49:22,363 [pool-107-thread-1] INFO  server.RaftServerConfigKeys (ConfUtils.java:logGet(44)) - raft.server.log.queue.byte-limit = 4294967296 (custom)
2022-03-11 10:49:22,363 [pool-107-thread-1] INFO  server.RaftServerConfigKeys (ConfUtils.java:logGet(44)) - raft.server.log.queue.element-limit = 1024 (custom)
2022-03-11 10:49:22,363 [pool-107-thread-1] INFO  server.RaftServerConfigKeys (ConfUtils.java:logGet(44)) - raft.server.log.segment.size.max = 1048576 (custom)
2022-03-11 10:49:22,363 [pool-107-thread-1] INFO  server.RaftServerConfigKeys (ConfUtils.java:logGet(44)) - raft.server.log.preallocated.size = 16384 (custom)
2022-03-11 10:49:22,363 [pool-107-thread-1] INFO  server.RaftServerConfigKeys (ConfUtils.java:logGet(44)) - raft.server.log.force.sync.num = 128 (default)
2022-03-11 10:49:22,363 [pool-107-thread-1] INFO  server.RaftServerConfigKeys (ConfUtils.java:logGet(44)) - raft.server.log.statemachine.data.sync = true (default)
2022-03-11 10:49:22,364 [pool-107-thread-1] INFO  server.RaftServerConfigKeys (ConfUtils.java:logGet(44)) - raft.server.log.statemachine.data.sync.timeout = 10s (default)
2022-03-11 10:49:22,364 [pool-107-thread-1] INFO  server.RaftServerConfigKeys (ConfUtils.java:logGet(44)) - raft.server.log.statemachine.data.sync.timeout.retry = -1 (default)
2022-03-11 10:49:22,364 [pool-107-thread-1] INFO  server.RaftServerConfigKeys (ConfUtils.java:logGet(44)) - raft.server.log.write.buffer.size = 1048576 (custom)
2022-03-11 10:49:22,365 [pool-107-thread-1] INFO  server.RaftServerConfigKeys (ConfUtils.java:logGet(44)) - raft.server.log.statemachine.data.caching.enabled = true (custom)
2022-03-11 10:49:22,366 [pool-107-thread-1] INFO  segmented.SegmentedRaftLogWorker (SegmentedRaftLogWorker.java:lambda$new$0(133)) - 693b3978-b6c3-4afe-acf3-887a6d6ab502@group-D6B43088F157-SegmentedRaftLogWorker: flushIndex: setUnconditionally 0 -> -1
2022-03-11 10:49:22,366 [pool-107-thread-1] INFO  segmented.SegmentedRaftLogWorker (SegmentedRaftLogWorker.java:lambda$new$0(133)) - 693b3978-b6c3-4afe-acf3-887a6d6ab502@group-D6B43088F157-SegmentedRaftLogWorker: safeCacheEvictIndex: setUnconditionally 0 -> -1
2022-03-11 10:49:22,366 [pool-107-thread-1] INFO  server.RaftServerConfigKeys (ConfUtils.java:logGet(44)) - raft.server.snapshot.auto.trigger.enabled = true (custom)
2022-03-11 10:49:22,366 [pool-107-thread-1] INFO  server.RaftServerConfigKeys (ConfUtils.java:logGet(44)) - raft.server.snapshot.auto.trigger.threshold = 10000 (custom)
2022-03-11 10:49:22,366 [pool-107-thread-1] INFO  server.RaftServerConfigKeys (ConfUtils.java:logGet(44)) - raft.server.snapshot.retention.file.num = 5 (custom)
2022-03-11 10:49:22,366 [pool-107-thread-1] INFO  server.RaftServerConfigKeys (ConfUtils.java:logGet(44)) - raft.server.log.purge.upto.snapshot.index = false (default)
2022-03-11 10:49:22,366 [pool-107-thread-1] INFO  server.RaftServerConfigKeys (ConfUtils.java:logGet(44)) - raft.server.retrycache.expirytime = 600000ms (custom)
2022-03-11 10:49:22,366 [pool-107-thread-1] INFO  server.RaftServerConfigKeys (ConfUtils.java:logGet(44)) - raft.server.retrycache.statistics.expirytime = 100μs (default)
2022-03-11 10:49:22,367 [pool-107-thread-1] INFO  server.RaftServer$Division (RaftServerImpl.java:start(301)) - 693b3978-b6c3-4afe-acf3-887a6d6ab502@group-D6B43088F157: start as a follower, conf=-1: [693b3978-b6c3-4afe-acf3-887a6d6ab502|rpc:10.1.0.4:38697|priority:1], old=null
2022-03-11 10:49:22,367 [pool-107-thread-1] INFO  server.RaftServer$Division (RaftServerImpl.java:setRole(290)) - 693b3978-b6c3-4afe-acf3-887a6d6ab502@group-D6B43088F157: changes role from      null to FOLLOWER at term 0 for startAsFollower
2022-03-11 10:49:22,367 [pool-107-thread-1] INFO  impl.RoleInfo (RoleInfo.java:updateAndGet(130)) - 693b3978-b6c3-4afe-acf3-887a6d6ab502: start 693b3978-b6c3-4afe-acf3-887a6d6ab502@group-D6B43088F157-FollowerState
2022-03-11 10:49:22,368 [pool-107-thread-1] INFO  util.JmxRegister (JmxRegister.java:tryRegister(44)) - Successfully registered JMX Bean with object name Ratis:service=RaftServer,group=group-D6B43088F157,id=693b3978-b6c3-4afe-acf3-887a6d6ab502
2022-03-11 10:49:22,369 [Command processor thread] INFO  ratis.XceiverServerRatis (XceiverServerRatis.java:addGroup(769)) - Created group PipelineID=ec6ce125-303b-49a9-a521-d6b43088f157
2022-03-11 10:49:22,369 [Command processor thread] INFO  commandhandler.CreatePipelineCommandHandler (CreatePipelineCommandHandler.java:handle(106)) - Created Pipeline RATIS ONE PipelineID=ec6ce125-303b-49a9-a521-d6b43088f157.
2022-03-11 10:49:22,553 [EventQueue-OpenPipelineForHealthyPipelineSafeModeRule] INFO  safemode.SCMSafeModeManager (HealthyPipelineSafeModeRule.java:process(124)) - SCM in safe mode. Healthy pipelines reported count is 0, required healthy pipeline reported count is 1
2022-03-11 10:49:22,596 [Command processor thread] INFO  server.RaftServer (RaftServerProxy.java:addNew(95)) - 11a6928f-62a2-488c-b467-9300cf759126: addNew group-A4394AC2DAD3:[11a6928f-62a2-488c-b467-9300cf759126|rpc:10.1.0.4:45575|priority:1] returns group-A4394AC2DAD3:java.util.concurrent.CompletableFuture@43e221c[Not completed]
2022-03-11 10:49:22,598 [pool-128-thread-1] INFO  server.RaftServer$Division (RaftServerImpl.java:<init>(184)) - 11a6928f-62a2-488c-b467-9300cf759126: new RaftServerImpl for group-A4394AC2DAD3:[11a6928f-62a2-488c-b467-9300cf759126|rpc:10.1.0.4:45575|priority:1] with ContainerStateMachine:uninitialized
2022-03-11 10:49:22,598 [pool-128-thread-1] INFO  server.RaftServerConfigKeys (ConfUtils.java:logGet(44)) - raft.server.rpc.timeout.min = 5s (custom)
2022-03-11 10:49:22,599 [pool-128-thread-1] INFO  server.RaftServerConfigKeys (ConfUtils.java:logGet(44)) - raft.server.rpc.timeout.max = 5200ms (custom)
2022-03-11 10:49:22,599 [pool-128-thread-1] INFO  server.RaftServerConfigKeys (ConfUtils.java:logGet(44)) - raft.server.rpc.sleep.time = 25ms (default)
2022-03-11 10:49:22,599 [pool-128-thread-1] INFO  server.RaftServerConfigKeys (ConfUtils.java:logGet(44)) - raft.server.rpc.slowness.timeout = 300s (custom)
2022-03-11 10:49:22,600 [pool-128-thread-1] INFO  server.RaftServerConfigKeys (ConfUtils.java:logGet(44)) - raft.server.leaderelection.leader.step-down.wait-time = 10s (default)
2022-03-11 10:49:22,600 [pool-128-thread-1] INFO  server.RaftServerConfigKeys (ConfUtils.java:logGet(44)) - raft.server.sleep.deviation.threshold = 300ms (default)
2022-03-11 10:49:22,600 [pool-128-thread-1] INFO  server.RaftServerConfigKeys (ConfUtils.java:logGet(44)) - raft.server.log.appender.install.snapshot.enabled = false (custom)
2022-03-11 10:49:22,600 [pool-128-thread-1] INFO  server.RaftServer$Division (ServerState.java:<init>(105)) - 11a6928f-62a2-488c-b467-9300cf759126@group-A4394AC2DAD3: ConfigurationManager, init=-1: [11a6928f-62a2-488c-b467-9300cf759126|rpc:10.1.0.4:45575|priority:1], old=null, confs=<EMPTY_MAP>
2022-03-11 10:49:22,600 [pool-128-thread-1] INFO  server.RaftServerConfigKeys (ConfUtils.java:logGet(44)) - raft.server.storage.dir = [/home/runner/work/ozone/ozone/hadoop-ozone/integration-test/target/test-dir/MiniOzoneClusterImpl-80d3c9c6-9062-4062-b57d-7974188da005/datanode-3/data/ratis] (custom)
2022-03-11 10:49:22,600 [pool-128-thread-1] INFO  server.RaftServerConfigKeys (ConfUtils.java:logGet(44)) - raft.server.log.corruption.policy = EXCEPTION (default)
2022-03-11 10:49:22,600 [pool-128-thread-1] INFO  server.RaftServerConfigKeys (ConfUtils.java:logGet(44)) - raft.server.storage.free-space.min = 0MB (=0) (default)
2022-03-11 10:49:22,601 [pool-128-thread-1] INFO  storage.RaftStorageDirectory (RaftStorageDirectoryImpl.java:analyzeStorage(135)) - The storage directory /home/runner/work/ozone/ozone/hadoop-ozone/integration-test/target/test-dir/MiniOzoneClusterImpl-80d3c9c6-9062-4062-b57d-7974188da005/datanode-3/data/ratis/7ae72bc5-9ad6-43ed-af6e-a4394ac2dad3 does not exist. Creating ...
2022-03-11 10:49:22,602 [pool-128-thread-1] INFO  storage.RaftStorageDirectory (RaftStorageDirectoryImpl.java:tryLock(230)) - Lock on /home/runner/work/ozone/ozone/hadoop-ozone/integration-test/target/test-dir/MiniOzoneClusterImpl-80d3c9c6-9062-4062-b57d-7974188da005/datanode-3/data/ratis/7ae72bc5-9ad6-43ed-af6e-a4394ac2dad3/in_use.lock acquired by nodename 11810@fv-az184-17
2022-03-11 10:49:22,603 [pool-128-thread-1] INFO  storage.RaftStorage (RaftStorageImpl.java:format(89)) - Storage directory /home/runner/work/ozone/ozone/hadoop-ozone/integration-test/target/test-dir/MiniOzoneClusterImpl-80d3c9c6-9062-4062-b57d-7974188da005/datanode-3/data/ratis/7ae72bc5-9ad6-43ed-af6e-a4394ac2dad3 has been successfully formatted.
2022-03-11 10:49:22,604 [pool-128-thread-1] INFO  ratis.ContainerStateMachine (ContainerStateMachine.java:loadSnapshot(236)) - group-A4394AC2DAD3: The snapshot info is null. Setting the last applied indexto:(t:0, i:~)
2022-03-11 10:49:22,604 [pool-128-thread-1] INFO  server.RaftServerConfigKeys (ConfUtils.java:logGet(44)) - raft.server.notification.no-leader.timeout = 300s (custom)
2022-03-11 10:49:22,604 [pool-128-thread-1] INFO  server.RaftServerConfigKeys (ConfUtils.java:logGet(44)) - raft.server.log.use.memory = false (default)
2022-03-11 10:49:22,604 [pool-128-thread-1] INFO  server.RaftServerConfigKeys (ConfUtils.java:logGet(44)) - raft.server.log.purge.gap = 1000000 (custom)
2022-03-11 10:49:22,604 [pool-128-thread-1] INFO  server.RaftServerConfigKeys (ConfUtils.java:logGet(44)) - raft.server.log.appender.buffer.byte-limit = 33554432 (custom)
2022-03-11 10:49:22,604 [pool-128-thread-1] INFO  server.RaftServerConfigKeys (ConfUtils.java:logGet(44)) - raft.server.log.segment.size.max = 1048576 (custom)
2022-03-11 10:49:22,605 [pool-128-thread-1] INFO  server.RaftServerConfigKeys (ConfUtils.java:logGet(44)) - raft.server.log.segment.cache.num.max = 2 (custom)
2022-03-11 10:49:22,605 [pool-128-thread-1] INFO  server.RaftServerConfigKeys (ConfUtils.java:logGet(44)) - raft.server.log.segment.cache.size.max = 200MB (=209715200) (default)
2022-03-11 10:49:22,606 [pool-128-thread-1] INFO  segmented.SegmentedRaftLogWorker (SegmentedRaftLogWorker.java:<init>(182)) - new 11a6928f-62a2-488c-b467-9300cf759126@group-A4394AC2DAD3-SegmentedRaftLogWorker for RaftStorageImpl:Storage Directory /home/runner/work/ozone/ozone/hadoop-ozone/integration-test/target/test-dir/MiniOzoneClusterImpl-80d3c9c6-9062-4062-b57d-7974188da005/datanode-3/data/ratis/7ae72bc5-9ad6-43ed-af6e-a4394ac2dad3
2022-03-11 10:49:22,606 [pool-128-thread-1] INFO  server.RaftServerConfigKeys (ConfUtils.java:logGet(44)) - raft.server.log.queue.byte-limit = 4294967296 (custom)
2022-03-11 10:49:22,606 [pool-128-thread-1] INFO  server.RaftServerConfigKeys (ConfUtils.java:logGet(44)) - raft.server.log.queue.element-limit = 1024 (custom)
2022-03-11 10:49:22,606 [pool-128-thread-1] INFO  server.RaftServerConfigKeys (ConfUtils.java:logGet(44)) - raft.server.log.segment.size.max = 1048576 (custom)
2022-03-11 10:49:22,606 [pool-128-thread-1] INFO  server.RaftServerConfigKeys (ConfUtils.java:logGet(44)) - raft.server.log.preallocated.size = 16384 (custom)
2022-03-11 10:49:22,606 [pool-128-thread-1] INFO  server.RaftServerConfigKeys (ConfUtils.java:logGet(44)) - raft.server.log.force.sync.num = 128 (default)
2022-03-11 10:49:22,606 [pool-128-thread-1] INFO  server.RaftServerConfigKeys (ConfUtils.java:logGet(44)) - raft.server.log.statemachine.data.sync = true (default)
2022-03-11 10:49:22,606 [pool-128-thread-1] INFO  server.RaftServerConfigKeys (ConfUtils.java:logGet(44)) - raft.server.log.statemachine.data.sync.timeout = 10s (default)
2022-03-11 10:49:22,606 [pool-128-thread-1] INFO  server.RaftServerConfigKeys (ConfUtils.java:logGet(44)) - raft.server.log.statemachine.data.sync.timeout.retry = -1 (default)
2022-03-11 10:49:22,606 [EventQueue-PipelineReportForPipelineReportHandler] INFO  pipeline.PipelineManagerImpl (PipelineManagerImpl.java:openPipeline(291)) - Pipeline Pipeline[ Id: 7ae72bc5-9ad6-43ed-af6e-a4394ac2dad3, Nodes: 11a6928f-62a2-488c-b467-9300cf759126{ip: 10.1.0.4, host: fv-az184-17.3ow45vhwbzuu5incsxmygykede.cx.internal.cloudapp.net, ports: [REPLICATION=39481, RATIS=45575, RATIS_ADMIN=45575, RATIS_SERVER=45575, STANDALONE=36645], networkLocation: /default-rack, certSerialId: null, persistedOpState: IN_SERVICE, persistedOpStateExpiryEpochSec: 0}, ReplicationConfig: RATIS/ONE, State:ALLOCATED, leaderId:11a6928f-62a2-488c-b467-9300cf759126, CreationTimestamp2022-03-11T10:49:19.601Z[Etc/UTC]] moved to OPEN state
2022-03-11 10:49:22,607 [EventQueue-OpenPipelineForHealthyPipelineSafeModeRule] INFO  safemode.SCMSafeModeManager (HealthyPipelineSafeModeRule.java:process(124)) - SCM in safe mode. Healthy pipelines reported count is 0, required healthy pipeline reported count is 1
2022-03-11 10:49:22,607 [pool-128-thread-1] INFO  server.RaftServerConfigKeys (ConfUtils.java:logGet(44)) - raft.server.log.write.buffer.size = 1048576 (custom)
2022-03-11 10:49:22,609 [pool-128-thread-1] INFO  server.RaftServerConfigKeys (ConfUtils.java:logGet(44)) - raft.server.log.statemachine.data.caching.enabled = true (custom)
2022-03-11 10:49:22,609 [pool-128-thread-1] INFO  segmented.SegmentedRaftLogWorker (SegmentedRaftLogWorker.java:lambda$new$0(133)) - 11a6928f-62a2-488c-b467-9300cf759126@group-A4394AC2DAD3-SegmentedRaftLogWorker: flushIndex: setUnconditionally 0 -> -1
2022-03-11 10:49:22,609 [pool-128-thread-1] INFO  segmented.SegmentedRaftLogWorker (SegmentedRaftLogWorker.java:lambda$new$0(133)) - 11a6928f-62a2-488c-b467-9300cf759126@group-A4394AC2DAD3-SegmentedRaftLogWorker: safeCacheEvictIndex: setUnconditionally 0 -> -1
2022-03-11 10:49:22,613 [pool-128-thread-1] INFO  server.RaftServerConfigKeys (ConfUtils.java:logGet(44)) - raft.server.snapshot.auto.trigger.enabled = true (custom)
2022-03-11 10:49:22,613 [pool-128-thread-1] INFO  server.RaftServerConfigKeys (ConfUtils.java:logGet(44)) - raft.server.snapshot.auto.trigger.threshold = 10000 (custom)
2022-03-11 10:49:22,613 [pool-128-thread-1] INFO  server.RaftServerConfigKeys (ConfUtils.java:logGet(44)) - raft.server.snapshot.retention.file.num = 5 (custom)
2022-03-11 10:49:22,614 [pool-128-thread-1] INFO  server.RaftServerConfigKeys (ConfUtils.java:logGet(44)) - raft.server.log.purge.upto.snapshot.index = false (default)
2022-03-11 10:49:22,614 [pool-128-thread-1] INFO  server.RaftServerConfigKeys (ConfUtils.java:logGet(44)) - raft.server.retrycache.expirytime = 600000ms (custom)
2022-03-11 10:49:22,614 [pool-128-thread-1] INFO  server.RaftServerConfigKeys (ConfUtils.java:logGet(44)) - raft.server.retrycache.statistics.expirytime = 100μs (default)
2022-03-11 10:49:22,615 [pool-128-thread-1] INFO  server.RaftServer$Division (RaftServerImpl.java:start(301)) - 11a6928f-62a2-488c-b467-9300cf759126@group-A4394AC2DAD3: start as a follower, conf=-1: [11a6928f-62a2-488c-b467-9300cf759126|rpc:10.1.0.4:45575|priority:1], old=null
2022-03-11 10:49:22,615 [pool-128-thread-1] INFO  server.RaftServer$Division (RaftServerImpl.java:setRole(290)) - 11a6928f-62a2-488c-b467-9300cf759126@group-A4394AC2DAD3: changes role from      null to FOLLOWER at term 0 for startAsFollower
2022-03-11 10:49:22,615 [pool-128-thread-1] INFO  impl.RoleInfo (RoleInfo.java:updateAndGet(130)) - 11a6928f-62a2-488c-b467-9300cf759126: start 11a6928f-62a2-488c-b467-9300cf759126@group-A4394AC2DAD3-FollowerState
2022-03-11 10:49:22,615 [pool-128-thread-1] INFO  util.JmxRegister (JmxRegister.java:tryRegister(44)) - Successfully registered JMX Bean with object name Ratis:service=RaftServer,group=group-A4394AC2DAD3,id=11a6928f-62a2-488c-b467-9300cf759126
2022-03-11 10:49:22,619 [Command processor thread] INFO  ratis.XceiverServerRatis (XceiverServerRatis.java:addGroup(769)) - Created group PipelineID=7ae72bc5-9ad6-43ed-af6e-a4394ac2dad3
2022-03-11 10:49:22,619 [Command processor thread] INFO  commandhandler.CreatePipelineCommandHandler (CreatePipelineCommandHandler.java:handle(106)) - Created Pipeline RATIS ONE PipelineID=7ae72bc5-9ad6-43ed-af6e-a4394ac2dad3.
2022-03-11 10:49:22,619 [Command processor thread] INFO  server.RaftServer (RaftServerProxy.java:addNew(95)) - 11a6928f-62a2-488c-b467-9300cf759126: addNew group-0B4912BE8EC8:[11a6928f-62a2-488c-b467-9300cf759126|rpc:10.1.0.4:45575|priority:0, 23e4bfc5-cacb-4fc8-be31-ea8930f2c93f|rpc:10.1.0.4:35685|priority:0, 5fc3a91c-8c24-4005-b122-68420aedc983|rpc:10.1.0.4:33243|priority:1] returns group-0B4912BE8EC8:java.util.concurrent.CompletableFuture@1a643[Not completed]
2022-03-11 10:49:22,620 [pool-128-thread-1] INFO  server.RaftServer$Division (RaftServerImpl.java:<init>(184)) - 11a6928f-62a2-488c-b467-9300cf759126: new RaftServerImpl for group-0B4912BE8EC8:[11a6928f-62a2-488c-b467-9300cf759126|rpc:10.1.0.4:45575|priority:0, 23e4bfc5-cacb-4fc8-be31-ea8930f2c93f|rpc:10.1.0.4:35685|priority:0, 5fc3a91c-8c24-4005-b122-68420aedc983|rpc:10.1.0.4:33243|priority:1] with ContainerStateMachine:uninitialized
2022-03-11 10:49:22,620 [pool-128-thread-1] INFO  server.RaftServerConfigKeys (ConfUtils.java:logGet(44)) - raft.server.rpc.timeout.min = 5s (custom)
2022-03-11 10:49:22,620 [pool-128-thread-1] INFO  server.RaftServerConfigKeys (ConfUtils.java:logGet(44)) - raft.server.rpc.timeout.max = 5200ms (custom)
2022-03-11 10:49:22,620 [pool-128-thread-1] INFO  server.RaftServerConfigKeys (ConfUtils.java:logGet(44)) - raft.server.rpc.sleep.time = 25ms (default)
2022-03-11 10:49:22,620 [pool-128-thread-1] INFO  server.RaftServerConfigKeys (ConfUtils.java:logGet(44)) - raft.server.rpc.slowness.timeout = 300s (custom)
2022-03-11 10:49:22,620 [pool-128-thread-1] INFO  server.RaftServerConfigKeys (ConfUtils.java:logGet(44)) - raft.server.leaderelection.leader.step-down.wait-time = 10s (default)
2022-03-11 10:49:22,620 [pool-128-thread-1] INFO  server.RaftServerConfigKeys (ConfUtils.java:logGet(44)) - raft.server.sleep.deviation.threshold = 300ms (default)
2022-03-11 10:49:22,620 [pool-128-thread-1] INFO  server.RaftServerConfigKeys (ConfUtils.java:logGet(44)) - raft.server.log.appender.install.snapshot.enabled = false (custom)
2022-03-11 10:49:22,621 [pool-128-thread-1] INFO  server.RaftServer$Division (ServerState.java:<init>(105)) - 11a6928f-62a2-488c-b467-9300cf759126@group-0B4912BE8EC8: ConfigurationManager, init=-1: [11a6928f-62a2-488c-b467-9300cf759126|rpc:10.1.0.4:45575|priority:0, 23e4bfc5-cacb-4fc8-be31-ea8930f2c93f|rpc:10.1.0.4:35685|priority:0, 5fc3a91c-8c24-4005-b122-68420aedc983|rpc:10.1.0.4:33243|priority:1], old=null, confs=<EMPTY_MAP>
2022-03-11 10:49:22,621 [pool-128-thread-1] INFO  server.RaftServerConfigKeys (ConfUtils.java:logGet(44)) - raft.server.storage.dir = [/home/runner/work/ozone/ozone/hadoop-ozone/integration-test/target/test-dir/MiniOzoneClusterImpl-80d3c9c6-9062-4062-b57d-7974188da005/datanode-3/data/ratis] (custom)
2022-03-11 10:49:22,621 [pool-128-thread-1] INFO  server.RaftServerConfigKeys (ConfUtils.java:logGet(44)) - raft.server.log.corruption.policy = EXCEPTION (default)
2022-03-11 10:49:22,621 [pool-128-thread-1] INFO  server.RaftServerConfigKeys (ConfUtils.java:logGet(44)) - raft.server.storage.free-space.min = 0MB (=0) (default)
2022-03-11 10:49:22,621 [pool-128-thread-1] INFO  storage.RaftStorageDirectory (RaftStorageDirectoryImpl.java:analyzeStorage(135)) - The storage directory /home/runner/work/ozone/ozone/hadoop-ozone/integration-test/target/test-dir/MiniOzoneClusterImpl-80d3c9c6-9062-4062-b57d-7974188da005/datanode-3/data/ratis/a572575d-862a-4cfc-bac3-0b4912be8ec8 does not exist. Creating ...
2022-03-11 10:49:22,622 [pool-128-thread-1] INFO  storage.RaftStorageDirectory (RaftStorageDirectoryImpl.java:tryLock(230)) - Lock on /home/runner/work/ozone/ozone/hadoop-ozone/integration-test/target/test-dir/MiniOzoneClusterImpl-80d3c9c6-9062-4062-b57d-7974188da005/datanode-3/data/ratis/a572575d-862a-4cfc-bac3-0b4912be8ec8/in_use.lock acquired by nodename 11810@fv-az184-17
2022-03-11 10:49:22,623 [pool-128-thread-1] INFO  storage.RaftStorage (RaftStorageImpl.java:format(89)) - Storage directory /home/runner/work/ozone/ozone/hadoop-ozone/integration-test/target/test-dir/MiniOzoneClusterImpl-80d3c9c6-9062-4062-b57d-7974188da005/datanode-3/data/ratis/a572575d-862a-4cfc-bac3-0b4912be8ec8 has been successfully formatted.
2022-03-11 10:49:22,625 [pool-128-thread-1] INFO  ratis.ContainerStateMachine (ContainerStateMachine.java:loadSnapshot(236)) - group-0B4912BE8EC8: The snapshot info is null. Setting the last applied indexto:(t:0, i:~)
2022-03-11 10:49:22,625 [pool-128-thread-1] INFO  server.RaftServerConfigKeys (ConfUtils.java:logGet(44)) - raft.server.notification.no-leader.timeout = 300s (custom)
2022-03-11 10:49:22,626 [EventQueue-OpenPipelineForHealthyPipelineSafeModeRule] INFO  safemode.SCMSafeModeManager (HealthyPipelineSafeModeRule.java:process(124)) - SCM in safe mode. Healthy pipelines reported count is 0, required healthy pipeline reported count is 1
2022-03-11 10:49:22,626 [pool-128-thread-1] INFO  server.RaftServerConfigKeys (ConfUtils.java:logGet(44)) - raft.server.log.use.memory = false (default)
2022-03-11 10:49:22,626 [pool-128-thread-1] INFO  server.RaftServerConfigKeys (ConfUtils.java:logGet(44)) - raft.server.log.purge.gap = 1000000 (custom)
2022-03-11 10:49:22,626 [pool-128-thread-1] INFO  server.RaftServerConfigKeys (ConfUtils.java:logGet(44)) - raft.server.log.appender.buffer.byte-limit = 33554432 (custom)
2022-03-11 10:49:22,627 [pool-128-thread-1] INFO  server.RaftServerConfigKeys (ConfUtils.java:logGet(44)) - raft.server.log.segment.size.max = 1048576 (custom)
2022-03-11 10:49:22,628 [pool-128-thread-1] INFO  server.RaftServerConfigKeys (ConfUtils.java:logGet(44)) - raft.server.log.segment.cache.num.max = 2 (custom)
2022-03-11 10:49:22,629 [pool-128-thread-1] INFO  server.RaftServerConfigKeys (ConfUtils.java:logGet(44)) - raft.server.log.segment.cache.size.max = 200MB (=209715200) (default)
2022-03-11 10:49:22,629 [pool-128-thread-1] INFO  segmented.SegmentedRaftLogWorker (SegmentedRaftLogWorker.java:<init>(182)) - new 11a6928f-62a2-488c-b467-9300cf759126@group-0B4912BE8EC8-SegmentedRaftLogWorker for RaftStorageImpl:Storage Directory /home/runner/work/ozone/ozone/hadoop-ozone/integration-test/target/test-dir/MiniOzoneClusterImpl-80d3c9c6-9062-4062-b57d-7974188da005/datanode-3/data/ratis/a572575d-862a-4cfc-bac3-0b4912be8ec8
2022-03-11 10:49:22,629 [pool-128-thread-1] INFO  server.RaftServerConfigKeys (ConfUtils.java:logGet(44)) - raft.server.log.queue.byte-limit = 4294967296 (custom)
2022-03-11 10:49:22,629 [pool-128-thread-1] INFO  server.RaftServerConfigKeys (ConfUtils.java:logGet(44)) - raft.server.log.queue.element-limit = 1024 (custom)
2022-03-11 10:49:22,629 [pool-128-thread-1] INFO  server.RaftServerConfigKeys (ConfUtils.java:logGet(44)) - raft.server.log.segment.size.max = 1048576 (custom)
2022-03-11 10:49:22,629 [pool-128-thread-1] INFO  server.RaftServerConfigKeys (ConfUtils.java:logGet(44)) - raft.server.log.preallocated.size = 16384 (custom)
2022-03-11 10:49:22,629 [pool-128-thread-1] INFO  server.RaftServerConfigKeys (ConfUtils.java:logGet(44)) - raft.server.log.force.sync.num = 128 (default)
2022-03-11 10:49:22,629 [pool-128-thread-1] INFO  server.RaftServerConfigKeys (ConfUtils.java:logGet(44)) - raft.server.log.statemachine.data.sync = true (default)
2022-03-11 10:49:22,629 [pool-128-thread-1] INFO  server.RaftServerConfigKeys (ConfUtils.java:logGet(44)) - raft.server.log.statemachine.data.sync.timeout = 10s (default)
2022-03-11 10:49:22,629 [pool-128-thread-1] INFO  server.RaftServerConfigKeys (ConfUtils.java:logGet(44)) - raft.server.log.statemachine.data.sync.timeout.retry = -1 (default)
2022-03-11 10:49:22,630 [pool-128-thread-1] INFO  server.RaftServerConfigKeys (ConfUtils.java:logGet(44)) - raft.server.log.write.buffer.size = 1048576 (custom)
2022-03-11 10:49:22,631 [pool-128-thread-1] INFO  server.RaftServerConfigKeys (ConfUtils.java:logGet(44)) - raft.server.log.statemachine.data.caching.enabled = true (custom)
2022-03-11 10:49:22,631 [pool-128-thread-1] INFO  segmented.SegmentedRaftLogWorker (SegmentedRaftLogWorker.java:lambda$new$0(133)) - 11a6928f-62a2-488c-b467-9300cf759126@group-0B4912BE8EC8-SegmentedRaftLogWorker: flushIndex: setUnconditionally 0 -> -1
2022-03-11 10:49:22,631 [pool-128-thread-1] INFO  segmented.SegmentedRaftLogWorker (SegmentedRaftLogWorker.java:lambda$new$0(133)) - 11a6928f-62a2-488c-b467-9300cf759126@group-0B4912BE8EC8-SegmentedRaftLogWorker: safeCacheEvictIndex: setUnconditionally 0 -> -1
2022-03-11 10:49:22,632 [pool-128-thread-1] INFO  server.RaftServerConfigKeys (ConfUtils.java:logGet(44)) - raft.server.snapshot.auto.trigger.enabled = true (custom)
2022-03-11 10:49:22,632 [pool-128-thread-1] INFO  server.RaftServerConfigKeys (ConfUtils.java:logGet(44)) - raft.server.snapshot.auto.trigger.threshold = 10000 (custom)
2022-03-11 10:49:22,632 [pool-128-thread-1] INFO  server.RaftServerConfigKeys (ConfUtils.java:logGet(44)) - raft.server.snapshot.retention.file.num = 5 (custom)
2022-03-11 10:49:22,632 [pool-128-thread-1] INFO  server.RaftServerConfigKeys (ConfUtils.java:logGet(44)) - raft.server.log.purge.upto.snapshot.index = false (default)
2022-03-11 10:49:22,632 [pool-128-thread-1] INFO  server.RaftServerConfigKeys (ConfUtils.java:logGet(44)) - raft.server.retrycache.expirytime = 600000ms (custom)
2022-03-11 10:49:22,632 [pool-128-thread-1] INFO  server.RaftServerConfigKeys (ConfUtils.java:logGet(44)) - raft.server.retrycache.statistics.expirytime = 100μs (default)
2022-03-11 10:49:22,633 [pool-128-thread-1] INFO  server.RaftServer$Division (RaftServerImpl.java:start(301)) - 11a6928f-62a2-488c-b467-9300cf759126@group-0B4912BE8EC8: start as a follower, conf=-1: [11a6928f-62a2-488c-b467-9300cf759126|rpc:10.1.0.4:45575|priority:0, 23e4bfc5-cacb-4fc8-be31-ea8930f2c93f|rpc:10.1.0.4:35685|priority:0, 5fc3a91c-8c24-4005-b122-68420aedc983|rpc:10.1.0.4:33243|priority:1], old=null
2022-03-11 10:49:22,633 [pool-128-thread-1] INFO  server.RaftServer$Division (RaftServerImpl.java:setRole(290)) - 11a6928f-62a2-488c-b467-9300cf759126@group-0B4912BE8EC8: changes role from      null to FOLLOWER at term 0 for startAsFollower
2022-03-11 10:49:22,633 [pool-128-thread-1] INFO  impl.RoleInfo (RoleInfo.java:updateAndGet(130)) - 11a6928f-62a2-488c-b467-9300cf759126: start 11a6928f-62a2-488c-b467-9300cf759126@group-0B4912BE8EC8-FollowerState
2022-03-11 10:49:22,634 [pool-128-thread-1] INFO  util.JmxRegister (JmxRegister.java:tryRegister(44)) - Successfully registered JMX Bean with object name Ratis:service=RaftServer,group=group-0B4912BE8EC8,id=11a6928f-62a2-488c-b467-9300cf759126
2022-03-11 10:49:22,635 [Command processor thread] INFO  ratis.XceiverServerRatis (XceiverServerRatis.java:addGroup(769)) - Created group PipelineID=a572575d-862a-4cfc-bac3-0b4912be8ec8
2022-03-11 10:49:22,650 [grpc-default-executor-1] INFO  server.RaftServer (RaftServerProxy.java:addNew(95)) - 23e4bfc5-cacb-4fc8-be31-ea8930f2c93f: addNew group-0B4912BE8EC8:[11a6928f-62a2-488c-b467-9300cf759126|rpc:10.1.0.4:45575|dataStream:|priority:0, 23e4bfc5-cacb-4fc8-be31-ea8930f2c93f|rpc:10.1.0.4:35685|dataStream:|priority:0, 5fc3a91c-8c24-4005-b122-68420aedc983|rpc:10.1.0.4:33243|dataStream:|priority:1] returns group-0B4912BE8EC8:java.util.concurrent.CompletableFuture@2d38005e[Not completed]
2022-03-11 10:49:22,656 [pool-149-thread-1] INFO  server.RaftServer$Division (RaftServerImpl.java:<init>(184)) - 23e4bfc5-cacb-4fc8-be31-ea8930f2c93f: new RaftServerImpl for group-0B4912BE8EC8:[11a6928f-62a2-488c-b467-9300cf759126|rpc:10.1.0.4:45575|dataStream:|priority:0, 23e4bfc5-cacb-4fc8-be31-ea8930f2c93f|rpc:10.1.0.4:35685|dataStream:|priority:0, 5fc3a91c-8c24-4005-b122-68420aedc983|rpc:10.1.0.4:33243|dataStream:|priority:1] with ContainerStateMachine:uninitialized
2022-03-11 10:49:22,663 [pool-149-thread-1] INFO  server.RaftServerConfigKeys (ConfUtils.java:logGet(44)) - raft.server.rpc.timeout.min = 5s (custom)
2022-03-11 10:49:22,663 [pool-149-thread-1] INFO  server.RaftServerConfigKeys (ConfUtils.java:logGet(44)) - raft.server.rpc.timeout.max = 5200ms (custom)
2022-03-11 10:49:22,663 [pool-149-thread-1] INFO  server.RaftServerConfigKeys (ConfUtils.java:logGet(44)) - raft.server.rpc.sleep.time = 25ms (default)
2022-03-11 10:49:22,663 [pool-149-thread-1] INFO  server.RaftServerConfigKeys (ConfUtils.java:logGet(44)) - raft.server.rpc.slowness.timeout = 300s (custom)
2022-03-11 10:49:22,663 [pool-149-thread-1] INFO  server.RaftServerConfigKeys (ConfUtils.java:logGet(44)) - raft.server.leaderelection.leader.step-down.wait-time = 10s (default)
2022-03-11 10:49:22,663 [pool-149-thread-1] INFO  server.RaftServerConfigKeys (ConfUtils.java:logGet(44)) - raft.server.sleep.deviation.threshold = 300ms (default)
2022-03-11 10:49:22,663 [pool-149-thread-1] INFO  server.RaftServerConfigKeys (ConfUtils.java:logGet(44)) - raft.server.log.appender.install.snapshot.enabled = false (custom)
2022-03-11 10:49:22,664 [pool-149-thread-1] INFO  server.RaftServer$Division (ServerState.java:<init>(105)) - 23e4bfc5-cacb-4fc8-be31-ea8930f2c93f@group-0B4912BE8EC8: ConfigurationManager, init=-1: [11a6928f-62a2-488c-b467-9300cf759126|rpc:10.1.0.4:45575|dataStream:|priority:0, 23e4bfc5-cacb-4fc8-be31-ea8930f2c93f|rpc:10.1.0.4:35685|dataStream:|priority:0, 5fc3a91c-8c24-4005-b122-68420aedc983|rpc:10.1.0.4:33243|dataStream:|priority:1], old=null, confs=<EMPTY_MAP>
2022-03-11 10:49:22,664 [pool-149-thread-1] INFO  server.RaftServerConfigKeys (ConfUtils.java:logGet(44)) - raft.server.storage.dir = [/home/runner/work/ozone/ozone/hadoop-ozone/integration-test/target/test-dir/MiniOzoneClusterImpl-80d3c9c6-9062-4062-b57d-7974188da005/datanode-4/data/ratis] (custom)
2022-03-11 10:49:22,665 [pool-149-thread-1] INFO  server.RaftServerConfigKeys (ConfUtils.java:logGet(44)) - raft.server.log.corruption.policy = EXCEPTION (default)
2022-03-11 10:49:22,665 [pool-149-thread-1] INFO  server.RaftServerConfigKeys (ConfUtils.java:logGet(44)) - raft.server.storage.free-space.min = 0MB (=0) (default)
2022-03-11 10:49:22,665 [pool-149-thread-1] INFO  storage.RaftStorageDirectory (RaftStorageDirectoryImpl.java:analyzeStorage(135)) - The storage directory /home/runner/work/ozone/ozone/hadoop-ozone/integration-test/target/test-dir/MiniOzoneClusterImpl-80d3c9c6-9062-4062-b57d-7974188da005/datanode-4/data/ratis/a572575d-862a-4cfc-bac3-0b4912be8ec8 does not exist. Creating ...
2022-03-11 10:49:22,666 [pool-149-thread-1] INFO  storage.RaftStorageDirectory (RaftStorageDirectoryImpl.java:tryLock(230)) - Lock on /home/runner/work/ozone/ozone/hadoop-ozone/integration-test/target/test-dir/MiniOzoneClusterImpl-80d3c9c6-9062-4062-b57d-7974188da005/datanode-4/data/ratis/a572575d-862a-4cfc-bac3-0b4912be8ec8/in_use.lock acquired by nodename 11810@fv-az184-17
2022-03-11 10:49:22,667 [ReplicationMonitor] INFO  container.ReplicationManager (ReplicationManager.java:processAll(374)) - Replication Manager is not ready to run until 3000ms after safemode exit
2022-03-11 10:49:22,669 [pool-149-thread-1] INFO  storage.RaftStorage (RaftStorageImpl.java:format(89)) - Storage directory /home/runner/work/ozone/ozone/hadoop-ozone/integration-test/target/test-dir/MiniOzoneClusterImpl-80d3c9c6-9062-4062-b57d-7974188da005/datanode-4/data/ratis/a572575d-862a-4cfc-bac3-0b4912be8ec8 has been successfully formatted.
2022-03-11 10:49:22,669 [pool-149-thread-1] INFO  ratis.ContainerStateMachine (ContainerStateMachine.java:loadSnapshot(236)) - group-0B4912BE8EC8: The snapshot info is null. Setting the last applied indexto:(t:0, i:~)
2022-03-11 10:49:22,671 [pool-149-thread-1] INFO  server.RaftServerConfigKeys (ConfUtils.java:logGet(44)) - raft.server.notification.no-leader.timeout = 300s (custom)
2022-03-11 10:49:22,674 [pool-149-thread-1] INFO  server.RaftServerConfigKeys (ConfUtils.java:logGet(44)) - raft.server.log.use.memory = false (default)
2022-03-11 10:49:22,674 [pool-149-thread-1] INFO  server.RaftServerConfigKeys (ConfUtils.java:logGet(44)) - raft.server.log.purge.gap = 1000000 (custom)
2022-03-11 10:49:22,675 [pool-149-thread-1] INFO  server.RaftServerConfigKeys (ConfUtils.java:logGet(44)) - raft.server.log.appender.buffer.byte-limit = 33554432 (custom)
2022-03-11 10:49:22,675 [pool-149-thread-1] INFO  server.RaftServerConfigKeys (ConfUtils.java:logGet(44)) - raft.server.log.segment.size.max = 1048576 (custom)
2022-03-11 10:49:22,675 [pool-149-thread-1] INFO  server.RaftServerConfigKeys (ConfUtils.java:logGet(44)) - raft.server.log.segment.cache.num.max = 2 (custom)
2022-03-11 10:49:22,675 [pool-149-thread-1] INFO  server.RaftServerConfigKeys (ConfUtils.java:logGet(44)) - raft.server.log.segment.cache.size.max = 200MB (=209715200) (default)
2022-03-11 10:49:22,675 [pool-149-thread-1] INFO  segmented.SegmentedRaftLogWorker (SegmentedRaftLogWorker.java:<init>(182)) - new 23e4bfc5-cacb-4fc8-be31-ea8930f2c93f@group-0B4912BE8EC8-SegmentedRaftLogWorker for RaftStorageImpl:Storage Directory /home/runner/work/ozone/ozone/hadoop-ozone/integration-test/target/test-dir/MiniOzoneClusterImpl-80d3c9c6-9062-4062-b57d-7974188da005/datanode-4/data/ratis/a572575d-862a-4cfc-bac3-0b4912be8ec8
2022-03-11 10:49:22,676 [pool-149-thread-1] INFO  server.RaftServerConfigKeys (ConfUtils.java:logGet(44)) - raft.server.log.queue.byte-limit = 4294967296 (custom)
2022-03-11 10:49:22,676 [pool-149-thread-1] INFO  server.RaftServerConfigKeys (ConfUtils.java:logGet(44)) - raft.server.log.queue.element-limit = 1024 (custom)
2022-03-11 10:49:22,676 [pool-149-thread-1] INFO  server.RaftServerConfigKeys (ConfUtils.java:logGet(44)) - raft.server.log.segment.size.max = 1048576 (custom)
2022-03-11 10:49:22,676 [pool-149-thread-1] INFO  server.RaftServerConfigKeys (ConfUtils.java:logGet(44)) - raft.server.log.preallocated.size = 16384 (custom)
2022-03-11 10:49:22,676 [pool-149-thread-1] INFO  server.RaftServerConfigKeys (ConfUtils.java:logGet(44)) - raft.server.log.force.sync.num = 128 (default)
2022-03-11 10:49:22,676 [pool-149-thread-1] INFO  server.RaftServerConfigKeys (ConfUtils.java:logGet(44)) - raft.server.log.statemachine.data.sync = true (default)
2022-03-11 10:49:22,676 [pool-149-thread-1] INFO  server.RaftServerConfigKeys (ConfUtils.java:logGet(44)) - raft.server.log.statemachine.data.sync.timeout = 10s (default)
2022-03-11 10:49:22,676 [pool-149-thread-1] INFO  server.RaftServerConfigKeys (ConfUtils.java:logGet(44)) - raft.server.log.statemachine.data.sync.timeout.retry = -1 (default)
2022-03-11 10:49:22,677 [pool-149-thread-1] INFO  server.RaftServerConfigKeys (ConfUtils.java:logGet(44)) - raft.server.log.write.buffer.size = 1048576 (custom)
2022-03-11 10:49:22,678 [pool-149-thread-1] INFO  server.RaftServerConfigKeys (ConfUtils.java:logGet(44)) - raft.server.log.statemachine.data.caching.enabled = true (custom)
2022-03-11 10:49:22,678 [pool-149-thread-1] INFO  segmented.SegmentedRaftLogWorker (SegmentedRaftLogWorker.java:lambda$new$0(133)) - 23e4bfc5-cacb-4fc8-be31-ea8930f2c93f@group-0B4912BE8EC8-SegmentedRaftLogWorker: flushIndex: setUnconditionally 0 -> -1
2022-03-11 10:49:22,678 [pool-149-thread-1] INFO  segmented.SegmentedRaftLogWorker (SegmentedRaftLogWorker.java:lambda$new$0(133)) - 23e4bfc5-cacb-4fc8-be31-ea8930f2c93f@group-0B4912BE8EC8-SegmentedRaftLogWorker: safeCacheEvictIndex: setUnconditionally 0 -> -1
2022-03-11 10:49:22,678 [pool-149-thread-1] INFO  server.RaftServerConfigKeys (ConfUtils.java:logGet(44)) - raft.server.snapshot.auto.trigger.enabled = true (custom)
2022-03-11 10:49:22,678 [pool-149-thread-1] INFO  server.RaftServerConfigKeys (ConfUtils.java:logGet(44)) - raft.server.snapshot.auto.trigger.threshold = 10000 (custom)
2022-03-11 10:49:22,678 [pool-149-thread-1] INFO  server.RaftServerConfigKeys (ConfUtils.java:logGet(44)) - raft.server.snapshot.retention.file.num = 5 (custom)
2022-03-11 10:49:22,678 [pool-149-thread-1] INFO  server.RaftServerConfigKeys (ConfUtils.java:logGet(44)) - raft.server.log.purge.upto.snapshot.index = false (default)
2022-03-11 10:49:22,678 [pool-149-thread-1] INFO  server.RaftServerConfigKeys (ConfUtils.java:logGet(44)) - raft.server.retrycache.expirytime = 600000ms (custom)
2022-03-11 10:49:22,679 [pool-149-thread-1] INFO  server.RaftServerConfigKeys (ConfUtils.java:logGet(44)) - raft.server.retrycache.statistics.expirytime = 100μs (default)
2022-03-11 10:49:22,680 [pool-149-thread-1] INFO  server.RaftServer$Division (RaftServerImpl.java:start(301)) - 23e4bfc5-cacb-4fc8-be31-ea8930f2c93f@group-0B4912BE8EC8: start as a follower, conf=-1: [11a6928f-62a2-488c-b467-9300cf759126|rpc:10.1.0.4:45575|dataStream:|priority:0, 23e4bfc5-cacb-4fc8-be31-ea8930f2c93f|rpc:10.1.0.4:35685|dataStream:|priority:0, 5fc3a91c-8c24-4005-b122-68420aedc983|rpc:10.1.0.4:33243|dataStream:|priority:1], old=null
2022-03-11 10:49:22,680 [pool-149-thread-1] INFO  server.RaftServer$Division (RaftServerImpl.java:setRole(290)) - 23e4bfc5-cacb-4fc8-be31-ea8930f2c93f@group-0B4912BE8EC8: changes role from      null to FOLLOWER at term 0 for startAsFollower
2022-03-11 10:49:22,680 [pool-149-thread-1] INFO  impl.RoleInfo (RoleInfo.java:updateAndGet(130)) - 23e4bfc5-cacb-4fc8-be31-ea8930f2c93f: start 23e4bfc5-cacb-4fc8-be31-ea8930f2c93f@group-0B4912BE8EC8-FollowerState
2022-03-11 10:49:22,681 [pool-149-thread-1] INFO  util.JmxRegister (JmxRegister.java:tryRegister(44)) - Successfully registered JMX Bean with object name Ratis:service=RaftServer,group=group-0B4912BE8EC8,id=23e4bfc5-cacb-4fc8-be31-ea8930f2c93f
2022-03-11 10:49:22,710 [grpc-default-executor-1] INFO  server.RaftServer (RaftServerProxy.java:addNew(95)) - 5fc3a91c-8c24-4005-b122-68420aedc983: addNew group-0B4912BE8EC8:[11a6928f-62a2-488c-b467-9300cf759126|rpc:10.1.0.4:45575|dataStream:|priority:0, 23e4bfc5-cacb-4fc8-be31-ea8930f2c93f|rpc:10.1.0.4:35685|dataStream:|priority:0, 5fc3a91c-8c24-4005-b122-68420aedc983|rpc:10.1.0.4:33243|dataStream:|priority:1] returns group-0B4912BE8EC8:java.util.concurrent.CompletableFuture@2844e6a9[Not completed]
2022-03-11 10:49:22,721 [pool-170-thread-1] INFO  server.RaftServer$Division (RaftServerImpl.java:<init>(184)) - 5fc3a91c-8c24-4005-b122-68420aedc983: new RaftServerImpl for group-0B4912BE8EC8:[11a6928f-62a2-488c-b467-9300cf759126|rpc:10.1.0.4:45575|dataStream:|priority:0, 23e4bfc5-cacb-4fc8-be31-ea8930f2c93f|rpc:10.1.0.4:35685|dataStream:|priority:0, 5fc3a91c-8c24-4005-b122-68420aedc983|rpc:10.1.0.4:33243|dataStream:|priority:1] with ContainerStateMachine:uninitialized
2022-03-11 10:49:22,723 [pool-170-thread-1] INFO  server.RaftServerConfigKeys (ConfUtils.java:logGet(44)) - raft.server.rpc.timeout.min = 5s (custom)
2022-03-11 10:49:22,723 [pool-170-thread-1] INFO  server.RaftServerConfigKeys (ConfUtils.java:logGet(44)) - raft.server.rpc.timeout.max = 5200ms (custom)
2022-03-11 10:49:22,723 [pool-170-thread-1] INFO  server.RaftServerConfigKeys (ConfUtils.java:logGet(44)) - raft.server.rpc.sleep.time = 25ms (default)
2022-03-11 10:49:22,723 [pool-170-thread-1] INFO  server.RaftServerConfigKeys (ConfUtils.java:logGet(44)) - raft.server.rpc.slowness.timeout = 300s (custom)
2022-03-11 10:49:22,723 [pool-170-thread-1] INFO  server.RaftServerConfigKeys (ConfUtils.java:logGet(44)) - raft.server.leaderelection.leader.step-down.wait-time = 10s (default)
2022-03-11 10:49:22,723 [pool-170-thread-1] INFO  server.RaftServerConfigKeys (ConfUtils.java:logGet(44)) - raft.server.sleep.deviation.threshold = 300ms (default)
2022-03-11 10:49:22,723 [pool-170-thread-1] INFO  server.RaftServerConfigKeys (ConfUtils.java:logGet(44)) - raft.server.log.appender.install.snapshot.enabled = false (custom)
2022-03-11 10:49:22,724 [pool-170-thread-1] INFO  server.RaftServer$Division (ServerState.java:<init>(105)) - 5fc3a91c-8c24-4005-b122-68420aedc983@group-0B4912BE8EC8: ConfigurationManager, init=-1: [11a6928f-62a2-488c-b467-9300cf759126|rpc:10.1.0.4:45575|dataStream:|priority:0, 23e4bfc5-cacb-4fc8-be31-ea8930f2c93f|rpc:10.1.0.4:35685|dataStream:|priority:0, 5fc3a91c-8c24-4005-b122-68420aedc983|rpc:10.1.0.4:33243|dataStream:|priority:1], old=null, confs=<EMPTY_MAP>
2022-03-11 10:49:22,724 [pool-170-thread-1] INFO  server.RaftServerConfigKeys (ConfUtils.java:logGet(44)) - raft.server.storage.dir = [/home/runner/work/ozone/ozone/hadoop-ozone/integration-test/target/test-dir/MiniOzoneClusterImpl-80d3c9c6-9062-4062-b57d-7974188da005/datanode-5/data/ratis] (custom)
2022-03-11 10:49:22,724 [pool-170-thread-1] INFO  server.RaftServerConfigKeys (ConfUtils.java:logGet(44)) - raft.server.log.corruption.policy = EXCEPTION (default)
2022-03-11 10:49:22,724 [pool-170-thread-1] INFO  server.RaftServerConfigKeys (ConfUtils.java:logGet(44)) - raft.server.storage.free-space.min = 0MB (=0) (default)
2022-03-11 10:49:22,724 [pool-170-thread-1] INFO  storage.RaftStorageDirectory (RaftStorageDirectoryImpl.java:analyzeStorage(135)) - The storage directory /home/runner/work/ozone/ozone/hadoop-ozone/integration-test/target/test-dir/MiniOzoneClusterImpl-80d3c9c6-9062-4062-b57d-7974188da005/datanode-5/data/ratis/a572575d-862a-4cfc-bac3-0b4912be8ec8 does not exist. Creating ...
2022-03-11 10:49:22,725 [pool-170-thread-1] INFO  storage.RaftStorageDirectory (RaftStorageDirectoryImpl.java:tryLock(230)) - Lock on /home/runner/work/ozone/ozone/hadoop-ozone/integration-test/target/test-dir/MiniOzoneClusterImpl-80d3c9c6-9062-4062-b57d-7974188da005/datanode-5/data/ratis/a572575d-862a-4cfc-bac3-0b4912be8ec8/in_use.lock acquired by nodename 11810@fv-az184-17
2022-03-11 10:49:22,727 [pool-170-thread-1] INFO  storage.RaftStorage (RaftStorageImpl.java:format(89)) - Storage directory /home/runner/work/ozone/ozone/hadoop-ozone/integration-test/target/test-dir/MiniOzoneClusterImpl-80d3c9c6-9062-4062-b57d-7974188da005/datanode-5/data/ratis/a572575d-862a-4cfc-bac3-0b4912be8ec8 has been successfully formatted.
2022-03-11 10:49:22,727 [pool-170-thread-1] INFO  ratis.ContainerStateMachine (ContainerStateMachine.java:loadSnapshot(236)) - group-0B4912BE8EC8: The snapshot info is null. Setting the last applied indexto:(t:0, i:~)
2022-03-11 10:49:22,728 [pool-170-thread-1] INFO  server.RaftServerConfigKeys (ConfUtils.java:logGet(44)) - raft.server.notification.no-leader.timeout = 300s (custom)
2022-03-11 10:49:22,728 [pool-170-thread-1] INFO  server.RaftServerConfigKeys (ConfUtils.java:logGet(44)) - raft.server.log.use.memory = false (default)
2022-03-11 10:49:22,728 [pool-170-thread-1] INFO  server.RaftServerConfigKeys (ConfUtils.java:logGet(44)) - raft.server.log.purge.gap = 1000000 (custom)
2022-03-11 10:49:22,728 [pool-170-thread-1] INFO  server.RaftServerConfigKeys (ConfUtils.java:logGet(44)) - raft.server.log.appender.buffer.byte-limit = 33554432 (custom)
2022-03-11 10:49:22,728 [pool-170-thread-1] INFO  server.RaftServerConfigKeys (ConfUtils.java:logGet(44)) - raft.server.log.segment.size.max = 1048576 (custom)
2022-03-11 10:49:22,729 [pool-170-thread-1] INFO  server.RaftServerConfigKeys (ConfUtils.java:logGet(44)) - raft.server.log.segment.cache.num.max = 2 (custom)
2022-03-11 10:49:22,729 [pool-170-thread-1] INFO  server.RaftServerConfigKeys (ConfUtils.java:logGet(44)) - raft.server.log.segment.cache.size.max = 200MB (=209715200) (default)
2022-03-11 10:49:22,729 [pool-170-thread-1] INFO  segmented.SegmentedRaftLogWorker (SegmentedRaftLogWorker.java:<init>(182)) - new 5fc3a91c-8c24-4005-b122-68420aedc983@group-0B4912BE8EC8-SegmentedRaftLogWorker for RaftStorageImpl:Storage Directory /home/runner/work/ozone/ozone/hadoop-ozone/integration-test/target/test-dir/MiniOzoneClusterImpl-80d3c9c6-9062-4062-b57d-7974188da005/datanode-5/data/ratis/a572575d-862a-4cfc-bac3-0b4912be8ec8
2022-03-11 10:49:22,729 [pool-170-thread-1] INFO  server.RaftServerConfigKeys (ConfUtils.java:logGet(44)) - raft.server.log.queue.byte-limit = 4294967296 (custom)
2022-03-11 10:49:22,729 [pool-170-thread-1] INFO  server.RaftServerConfigKeys (ConfUtils.java:logGet(44)) - raft.server.log.queue.element-limit = 1024 (custom)
2022-03-11 10:49:22,729 [pool-170-thread-1] INFO  server.RaftServerConfigKeys (ConfUtils.java:logGet(44)) - raft.server.log.segment.size.max = 1048576 (custom)
2022-03-11 10:49:22,730 [pool-170-thread-1] INFO  server.RaftServerConfigKeys (ConfUtils.java:logGet(44)) - raft.server.log.preallocated.size = 16384 (custom)
2022-03-11 10:49:22,730 [pool-170-thread-1] INFO  server.RaftServerConfigKeys (ConfUtils.java:logGet(44)) - raft.server.log.force.sync.num = 128 (default)
2022-03-11 10:49:22,730 [pool-170-thread-1] INFO  server.RaftServerConfigKeys (ConfUtils.java:logGet(44)) - raft.server.log.statemachine.data.sync = true (default)
2022-03-11 10:49:22,730 [pool-170-thread-1] INFO  server.RaftServerConfigKeys (ConfUtils.java:logGet(44)) - raft.server.log.statemachine.data.sync.timeout = 10s (default)
2022-03-11 10:49:22,730 [pool-170-thread-1] INFO  server.RaftServerConfigKeys (ConfUtils.java:logGet(44)) - raft.server.log.statemachine.data.sync.timeout.retry = -1 (default)
2022-03-11 10:49:22,734 [pool-170-thread-1] INFO  server.RaftServerConfigKeys (ConfUtils.java:logGet(44)) - raft.server.log.write.buffer.size = 1048576 (custom)
2022-03-11 10:49:22,736 [pool-170-thread-1] INFO  server.RaftServerConfigKeys (ConfUtils.java:logGet(44)) - raft.server.log.statemachine.data.caching.enabled = true (custom)
2022-03-11 10:49:22,736 [pool-170-thread-1] INFO  segmented.SegmentedRaftLogWorker (SegmentedRaftLogWorker.java:lambda$new$0(133)) - 5fc3a91c-8c24-4005-b122-68420aedc983@group-0B4912BE8EC8-SegmentedRaftLogWorker: flushIndex: setUnconditionally 0 -> -1
2022-03-11 10:49:22,737 [pool-170-thread-1] INFO  segmented.SegmentedRaftLogWorker (SegmentedRaftLogWorker.java:lambda$new$0(133)) - 5fc3a91c-8c24-4005-b122-68420aedc983@group-0B4912BE8EC8-SegmentedRaftLogWorker: safeCacheEvictIndex: setUnconditionally 0 -> -1
2022-03-11 10:49:22,737 [pool-170-thread-1] INFO  server.RaftServerConfigKeys (ConfUtils.java:logGet(44)) - raft.server.snapshot.auto.trigger.enabled = true (custom)
2022-03-11 10:49:22,737 [pool-170-thread-1] INFO  server.RaftServerConfigKeys (ConfUtils.java:logGet(44)) - raft.server.snapshot.auto.trigger.threshold = 10000 (custom)
2022-03-11 10:49:22,737 [pool-170-thread-1] INFO  server.RaftServerConfigKeys (ConfUtils.java:logGet(44)) - raft.server.snapshot.retention.file.num = 5 (custom)
2022-03-11 10:49:22,737 [pool-170-thread-1] INFO  server.RaftServerConfigKeys (ConfUtils.java:logGet(44)) - raft.server.log.purge.upto.snapshot.index = false (default)
2022-03-11 10:49:22,737 [pool-170-thread-1] INFO  server.RaftServerConfigKeys (ConfUtils.java:logGet(44)) - raft.server.retrycache.expirytime = 600000ms (custom)
2022-03-11 10:49:22,737 [pool-170-thread-1] INFO  server.RaftServerConfigKeys (ConfUtils.java:logGet(44)) - raft.server.retrycache.statistics.expirytime = 100μs (default)
2022-03-11 10:49:22,739 [pool-170-thread-1] INFO  server.RaftServer$Division (RaftServerImpl.java:start(301)) - 5fc3a91c-8c24-4005-b122-68420aedc983@group-0B4912BE8EC8: start as a follower, conf=-1: [11a6928f-62a2-488c-b467-9300cf759126|rpc:10.1.0.4:45575|dataStream:|priority:0, 23e4bfc5-cacb-4fc8-be31-ea8930f2c93f|rpc:10.1.0.4:35685|dataStream:|priority:0, 5fc3a91c-8c24-4005-b122-68420aedc983|rpc:10.1.0.4:33243|dataStream:|priority:1], old=null
2022-03-11 10:49:22,739 [pool-170-thread-1] INFO  server.RaftServer$Division (RaftServerImpl.java:setRole(290)) - 5fc3a91c-8c24-4005-b122-68420aedc983@group-0B4912BE8EC8: changes role from      null to FOLLOWER at term 0 for startAsFollower
2022-03-11 10:49:22,739 [pool-170-thread-1] INFO  impl.RoleInfo (RoleInfo.java:updateAndGet(130)) - 5fc3a91c-8c24-4005-b122-68420aedc983: start 5fc3a91c-8c24-4005-b122-68420aedc983@group-0B4912BE8EC8-FollowerState
2022-03-11 10:49:22,743 [pool-170-thread-1] INFO  util.JmxRegister (JmxRegister.java:tryRegister(44)) - Successfully registered JMX Bean with object name Ratis:service=RaftServer,group=group-0B4912BE8EC8,id=5fc3a91c-8c24-4005-b122-68420aedc983
2022-03-11 10:49:22,756 [Command processor thread] INFO  commandhandler.CreatePipelineCommandHandler (CreatePipelineCommandHandler.java:handle(106)) - Created Pipeline RATIS THREE PipelineID=a572575d-862a-4cfc-bac3-0b4912be8ec8.
2022-03-11 10:49:22,791 [Command processor thread] INFO  server.RaftServer (RaftServerProxy.java:addNew(95)) - 23e4bfc5-cacb-4fc8-be31-ea8930f2c93f: addNew group-C3D6D65564FA:[23e4bfc5-cacb-4fc8-be31-ea8930f2c93f|rpc:10.1.0.4:35685|priority:1] returns group-C3D6D65564FA:java.util.concurrent.CompletableFuture@39607762[Not completed]
2022-03-11 10:49:22,793 [pool-149-thread-1] INFO  server.RaftServer$Division (RaftServerImpl.java:<init>(184)) - 23e4bfc5-cacb-4fc8-be31-ea8930f2c93f: new RaftServerImpl for group-C3D6D65564FA:[23e4bfc5-cacb-4fc8-be31-ea8930f2c93f|rpc:10.1.0.4:35685|priority:1] with ContainerStateMachine:uninitialized
2022-03-11 10:49:22,793 [pool-149-thread-1] INFO  server.RaftServerConfigKeys (ConfUtils.java:logGet(44)) - raft.server.rpc.timeout.min = 5s (custom)
2022-03-11 10:49:22,793 [pool-149-thread-1] INFO  server.RaftServerConfigKeys (ConfUtils.java:logGet(44)) - raft.server.rpc.timeout.max = 5200ms (custom)
2022-03-11 10:49:22,793 [pool-149-thread-1] INFO  server.RaftServerConfigKeys (ConfUtils.java:logGet(44)) - raft.server.rpc.sleep.time = 25ms (default)
2022-03-11 10:49:22,793 [pool-149-thread-1] INFO  server.RaftServerConfigKeys (ConfUtils.java:logGet(44)) - raft.server.rpc.slowness.timeout = 300s (custom)
2022-03-11 10:49:22,793 [pool-149-thread-1] INFO  server.RaftServerConfigKeys (ConfUtils.java:logGet(44)) - raft.server.leaderelection.leader.step-down.wait-time = 10s (default)
2022-03-11 10:49:22,793 [pool-149-thread-1] INFO  server.RaftServerConfigKeys (ConfUtils.java:logGet(44)) - raft.server.sleep.deviation.threshold = 300ms (default)
2022-03-11 10:49:22,793 [pool-149-thread-1] INFO  server.RaftServerConfigKeys (ConfUtils.java:logGet(44)) - raft.server.log.appender.install.snapshot.enabled = false (custom)
2022-03-11 10:49:22,793 [pool-149-thread-1] INFO  server.RaftServer$Division (ServerState.java:<init>(105)) - 23e4bfc5-cacb-4fc8-be31-ea8930f2c93f@group-C3D6D65564FA: ConfigurationManager, init=-1: [23e4bfc5-cacb-4fc8-be31-ea8930f2c93f|rpc:10.1.0.4:35685|priority:1], old=null, confs=<EMPTY_MAP>
2022-03-11 10:49:22,793 [pool-149-thread-1] INFO  server.RaftServerConfigKeys (ConfUtils.java:logGet(44)) - raft.server.storage.dir = [/home/runner/work/ozone/ozone/hadoop-ozone/integration-test/target/test-dir/MiniOzoneClusterImpl-80d3c9c6-9062-4062-b57d-7974188da005/datanode-4/data/ratis] (custom)
2022-03-11 10:49:22,794 [pool-149-thread-1] INFO  server.RaftServerConfigKeys (ConfUtils.java:logGet(44)) - raft.server.log.corruption.policy = EXCEPTION (default)
2022-03-11 10:49:22,794 [pool-149-thread-1] INFO  server.RaftServerConfigKeys (ConfUtils.java:logGet(44)) - raft.server.storage.free-space.min = 0MB (=0) (default)
2022-03-11 10:49:22,794 [pool-149-thread-1] INFO  storage.RaftStorageDirectory (RaftStorageDirectoryImpl.java:analyzeStorage(135)) - The storage directory /home/runner/work/ozone/ozone/hadoop-ozone/integration-test/target/test-dir/MiniOzoneClusterImpl-80d3c9c6-9062-4062-b57d-7974188da005/datanode-4/data/ratis/e4a819ba-4417-4e24-a180-c3d6d65564fa does not exist. Creating ...
2022-03-11 10:49:22,795 [pool-149-thread-1] INFO  storage.RaftStorageDirectory (RaftStorageDirectoryImpl.java:tryLock(230)) - Lock on /home/runner/work/ozone/ozone/hadoop-ozone/integration-test/target/test-dir/MiniOzoneClusterImpl-80d3c9c6-9062-4062-b57d-7974188da005/datanode-4/data/ratis/e4a819ba-4417-4e24-a180-c3d6d65564fa/in_use.lock acquired by nodename 11810@fv-az184-17
2022-03-11 10:49:22,796 [pool-149-thread-1] INFO  storage.RaftStorage (RaftStorageImpl.java:format(89)) - Storage directory /home/runner/work/ozone/ozone/hadoop-ozone/integration-test/target/test-dir/MiniOzoneClusterImpl-80d3c9c6-9062-4062-b57d-7974188da005/datanode-4/data/ratis/e4a819ba-4417-4e24-a180-c3d6d65564fa has been successfully formatted.
2022-03-11 10:49:22,798 [pool-149-thread-1] INFO  ratis.ContainerStateMachine (ContainerStateMachine.java:loadSnapshot(236)) - group-C3D6D65564FA: The snapshot info is null. Setting the last applied indexto:(t:0, i:~)
2022-03-11 10:49:22,799 [EventQueue-PipelineReportForPipelineReportHandler] INFO  pipeline.PipelineManagerImpl (PipelineManagerImpl.java:openPipeline(291)) - Pipeline Pipeline[ Id: e4a819ba-4417-4e24-a180-c3d6d65564fa, Nodes: 23e4bfc5-cacb-4fc8-be31-ea8930f2c93f{ip: 10.1.0.4, host: fv-az184-17.3ow45vhwbzuu5incsxmygykede.cx.internal.cloudapp.net, ports: [REPLICATION=41749, RATIS=35685, RATIS_ADMIN=35685, RATIS_SERVER=35685, STANDALONE=38139], networkLocation: /default-rack, certSerialId: null, persistedOpState: IN_SERVICE, persistedOpStateExpiryEpochSec: 0}, ReplicationConfig: RATIS/ONE, State:ALLOCATED, leaderId:23e4bfc5-cacb-4fc8-be31-ea8930f2c93f, CreationTimestamp2022-03-11T10:49:19.796Z[Etc/UTC]] moved to OPEN state
2022-03-11 10:49:22,799 [EventQueue-OpenPipelineForHealthyPipelineSafeModeRule] INFO  safemode.SCMSafeModeManager (HealthyPipelineSafeModeRule.java:process(124)) - SCM in safe mode. Healthy pipelines reported count is 0, required healthy pipeline reported count is 1
2022-03-11 10:49:22,800 [pool-149-thread-1] INFO  server.RaftServerConfigKeys (ConfUtils.java:logGet(44)) - raft.server.notification.no-leader.timeout = 300s (custom)
2022-03-11 10:49:22,800 [pool-149-thread-1] INFO  server.RaftServerConfigKeys (ConfUtils.java:logGet(44)) - raft.server.log.use.memory = false (default)
2022-03-11 10:49:22,800 [pool-149-thread-1] INFO  server.RaftServerConfigKeys (ConfUtils.java:logGet(44)) - raft.server.log.purge.gap = 1000000 (custom)
2022-03-11 10:49:22,800 [pool-149-thread-1] INFO  server.RaftServerConfigKeys (ConfUtils.java:logGet(44)) - raft.server.log.appender.buffer.byte-limit = 33554432 (custom)
2022-03-11 10:49:22,801 [pool-149-thread-1] INFO  server.RaftServerConfigKeys (ConfUtils.java:logGet(44)) - raft.server.log.segment.size.max = 1048576 (custom)
2022-03-11 10:49:22,801 [pool-149-thread-1] INFO  server.RaftServerConfigKeys (ConfUtils.java:logGet(44)) - raft.server.log.segment.cache.num.max = 2 (custom)
2022-03-11 10:49:22,801 [pool-149-thread-1] INFO  server.RaftServerConfigKeys (ConfUtils.java:logGet(44)) - raft.server.log.segment.cache.size.max = 200MB (=209715200) (default)
2022-03-11 10:49:22,801 [pool-149-thread-1] INFO  segmented.SegmentedRaftLogWorker (SegmentedRaftLogWorker.java:<init>(182)) - new 23e4bfc5-cacb-4fc8-be31-ea8930f2c93f@group-C3D6D65564FA-SegmentedRaftLogWorker for RaftStorageImpl:Storage Directory /home/runner/work/ozone/ozone/hadoop-ozone/integration-test/target/test-dir/MiniOzoneClusterImpl-80d3c9c6-9062-4062-b57d-7974188da005/datanode-4/data/ratis/e4a819ba-4417-4e24-a180-c3d6d65564fa
2022-03-11 10:49:22,801 [pool-149-thread-1] INFO  server.RaftServerConfigKeys (ConfUtils.java:logGet(44)) - raft.server.log.queue.byte-limit = 4294967296 (custom)
2022-03-11 10:49:22,801 [pool-149-thread-1] INFO  server.RaftServerConfigKeys (ConfUtils.java:logGet(44)) - raft.server.log.queue.element-limit = 1024 (custom)
2022-03-11 10:49:22,801 [pool-149-thread-1] INFO  server.RaftServerConfigKeys (ConfUtils.java:logGet(44)) - raft.server.log.segment.size.max = 1048576 (custom)
2022-03-11 10:49:22,802 [pool-149-thread-1] INFO  server.RaftServerConfigKeys (ConfUtils.java:logGet(44)) - raft.server.log.preallocated.size = 16384 (custom)
2022-03-11 10:49:22,802 [pool-149-thread-1] INFO  server.RaftServerConfigKeys (ConfUtils.java:logGet(44)) - raft.server.log.force.sync.num = 128 (default)
2022-03-11 10:49:22,802 [pool-149-thread-1] INFO  server.RaftServerConfigKeys (ConfUtils.java:logGet(44)) - raft.server.log.statemachine.data.sync = true (default)
2022-03-11 10:49:22,802 [pool-149-thread-1] INFO  server.RaftServerConfigKeys (ConfUtils.java:logGet(44)) - raft.server.log.statemachine.data.sync.timeout = 10s (default)
2022-03-11 10:49:22,802 [pool-149-thread-1] INFO  server.RaftServerConfigKeys (ConfUtils.java:logGet(44)) - raft.server.log.statemachine.data.sync.timeout.retry = -1 (default)
2022-03-11 10:49:22,803 [pool-149-thread-1] INFO  server.RaftServerConfigKeys (ConfUtils.java:logGet(44)) - raft.server.log.write.buffer.size = 1048576 (custom)
2022-03-11 10:49:22,804 [pool-149-thread-1] INFO  server.RaftServerConfigKeys (ConfUtils.java:logGet(44)) - raft.server.log.statemachine.data.caching.enabled = true (custom)
2022-03-11 10:49:22,804 [pool-149-thread-1] INFO  segmented.SegmentedRaftLogWorker (SegmentedRaftLogWorker.java:lambda$new$0(133)) - 23e4bfc5-cacb-4fc8-be31-ea8930f2c93f@group-C3D6D65564FA-SegmentedRaftLogWorker: flushIndex: setUnconditionally 0 -> -1
2022-03-11 10:49:22,804 [pool-149-thread-1] INFO  segmented.SegmentedRaftLogWorker (SegmentedRaftLogWorker.java:lambda$new$0(133)) - 23e4bfc5-cacb-4fc8-be31-ea8930f2c93f@group-C3D6D65564FA-SegmentedRaftLogWorker: safeCacheEvictIndex: setUnconditionally 0 -> -1
2022-03-11 10:49:22,804 [pool-149-thread-1] INFO  server.RaftServerConfigKeys (ConfUtils.java:logGet(44)) - raft.server.snapshot.auto.trigger.enabled = true (custom)
2022-03-11 10:49:22,804 [pool-149-thread-1] INFO  server.RaftServerConfigKeys (ConfUtils.java:logGet(44)) - raft.server.snapshot.auto.trigger.threshold = 10000 (custom)
2022-03-11 10:49:22,804 [pool-149-thread-1] INFO  server.RaftServerConfigKeys (ConfUtils.java:logGet(44)) - raft.server.snapshot.retention.file.num = 5 (custom)
2022-03-11 10:49:22,804 [pool-149-thread-1] INFO  server.RaftServerConfigKeys (ConfUtils.java:logGet(44)) - raft.server.log.purge.upto.snapshot.index = false (default)
2022-03-11 10:49:22,804 [pool-149-thread-1] INFO  server.RaftServerConfigKeys (ConfUtils.java:logGet(44)) - raft.server.retrycache.expirytime = 600000ms (custom)
2022-03-11 10:49:22,804 [pool-149-thread-1] INFO  server.RaftServerConfigKeys (ConfUtils.java:logGet(44)) - raft.server.retrycache.statistics.expirytime = 100μs (default)
2022-03-11 10:49:22,807 [pool-149-thread-1] INFO  server.RaftServer$Division (RaftServerImpl.java:start(301)) - 23e4bfc5-cacb-4fc8-be31-ea8930f2c93f@group-C3D6D65564FA: start as a follower, conf=-1: [23e4bfc5-cacb-4fc8-be31-ea8930f2c93f|rpc:10.1.0.4:35685|priority:1], old=null
2022-03-11 10:49:22,807 [pool-149-thread-1] INFO  server.RaftServer$Division (RaftServerImpl.java:setRole(290)) - 23e4bfc5-cacb-4fc8-be31-ea8930f2c93f@group-C3D6D65564FA: changes role from      null to FOLLOWER at term 0 for startAsFollower
2022-03-11 10:49:22,807 [pool-149-thread-1] INFO  impl.RoleInfo (RoleInfo.java:updateAndGet(130)) - 23e4bfc5-cacb-4fc8-be31-ea8930f2c93f: start 23e4bfc5-cacb-4fc8-be31-ea8930f2c93f@group-C3D6D65564FA-FollowerState
2022-03-11 10:49:22,807 [pool-149-thread-1] INFO  util.JmxRegister (JmxRegister.java:tryRegister(44)) - Successfully registered JMX Bean with object name Ratis:service=RaftServer,group=group-C3D6D65564FA,id=23e4bfc5-cacb-4fc8-be31-ea8930f2c93f
2022-03-11 10:49:22,808 [Command processor thread] INFO  ratis.XceiverServerRatis (XceiverServerRatis.java:addGroup(769)) - Created group PipelineID=e4a819ba-4417-4e24-a180-c3d6d65564fa
2022-03-11 10:49:22,808 [Command processor thread] INFO  commandhandler.CreatePipelineCommandHandler (CreatePipelineCommandHandler.java:handle(106)) - Created Pipeline RATIS ONE PipelineID=e4a819ba-4417-4e24-a180-c3d6d65564fa.
2022-03-11 10:49:22,991 [Command processor thread] INFO  server.RaftServer (RaftServerProxy.java:addNew(95)) - 5fc3a91c-8c24-4005-b122-68420aedc983: addNew group-7642DFF0B50D:[5fc3a91c-8c24-4005-b122-68420aedc983|rpc:10.1.0.4:33243|priority:1] returns group-7642DFF0B50D:java.util.concurrent.CompletableFuture@4ac200e2[Not completed]
2022-03-11 10:49:22,992 [pool-170-thread-1] INFO  server.RaftServer$Division (RaftServerImpl.java:<init>(184)) - 5fc3a91c-8c24-4005-b122-68420aedc983: new RaftServerImpl for group-7642DFF0B50D:[5fc3a91c-8c24-4005-b122-68420aedc983|rpc:10.1.0.4:33243|priority:1] with ContainerStateMachine:uninitialized
2022-03-11 10:49:22,992 [pool-170-thread-1] INFO  server.RaftServerConfigKeys (ConfUtils.java:logGet(44)) - raft.server.rpc.timeout.min = 5s (custom)
2022-03-11 10:49:22,993 [pool-170-thread-1] INFO  server.RaftServerConfigKeys (ConfUtils.java:logGet(44)) - raft.server.rpc.timeout.max = 5200ms (custom)
2022-03-11 10:49:22,993 [pool-170-thread-1] INFO  server.RaftServerConfigKeys (ConfUtils.java:logGet(44)) - raft.server.rpc.sleep.time = 25ms (default)
2022-03-11 10:49:22,993 [pool-170-thread-1] INFO  server.RaftServerConfigKeys (ConfUtils.java:logGet(44)) - raft.server.rpc.slowness.timeout = 300s (custom)
2022-03-11 10:49:22,993 [pool-170-thread-1] INFO  server.RaftServerConfigKeys (ConfUtils.java:logGet(44)) - raft.server.leaderelection.leader.step-down.wait-time = 10s (default)
2022-03-11 10:49:22,993 [pool-170-thread-1] INFO  server.RaftServerConfigKeys (ConfUtils.java:logGet(44)) - raft.server.sleep.deviation.threshold = 300ms (default)
2022-03-11 10:49:22,993 [pool-170-thread-1] INFO  server.RaftServerConfigKeys (ConfUtils.java:logGet(44)) - raft.server.log.appender.install.snapshot.enabled = false (custom)
2022-03-11 10:49:22,993 [pool-170-thread-1] INFO  server.RaftServer$Division (ServerState.java:<init>(105)) - 5fc3a91c-8c24-4005-b122-68420aedc983@group-7642DFF0B50D: ConfigurationManager, init=-1: [5fc3a91c-8c24-4005-b122-68420aedc983|rpc:10.1.0.4:33243|priority:1], old=null, confs=<EMPTY_MAP>
2022-03-11 10:49:22,993 [pool-170-thread-1] INFO  server.RaftServerConfigKeys (ConfUtils.java:logGet(44)) - raft.server.storage.dir = [/home/runner/work/ozone/ozone/hadoop-ozone/integration-test/target/test-dir/MiniOzoneClusterImpl-80d3c9c6-9062-4062-b57d-7974188da005/datanode-5/data/ratis] (custom)
2022-03-11 10:49:22,993 [pool-170-thread-1] INFO  server.RaftServerConfigKeys (ConfUtils.java:logGet(44)) - raft.server.log.corruption.policy = EXCEPTION (default)
2022-03-11 10:49:22,993 [pool-170-thread-1] INFO  server.RaftServerConfigKeys (ConfUtils.java:logGet(44)) - raft.server.storage.free-space.min = 0MB (=0) (default)
2022-03-11 10:49:22,993 [pool-170-thread-1] INFO  storage.RaftStorageDirectory (RaftStorageDirectoryImpl.java:analyzeStorage(135)) - The storage directory /home/runner/work/ozone/ozone/hadoop-ozone/integration-test/target/test-dir/MiniOzoneClusterImpl-80d3c9c6-9062-4062-b57d-7974188da005/datanode-5/data/ratis/a2fe8e45-5409-4bd6-a863-7642dff0b50d does not exist. Creating ...
2022-03-11 10:49:22,994 [Listener at 127.0.0.1/40509] INFO  ozone.MiniOzoneClusterImpl (MiniOzoneClusterImpl.java:lambda$waitForClusterToBeReady$0(219)) - Nodes are ready. Got 6 of 6 DN Heartbeats.
2022-03-11 10:49:22,994 [Listener at 127.0.0.1/40509] INFO  ozone.MiniOzoneClusterImpl (MiniOzoneClusterImpl.java:lambda$waitForClusterToBeReady$0(222)) - Waiting for cluster to exit safe mode
2022-03-11 10:49:22,994 [Listener at 127.0.0.1/40509] INFO  ozone.MiniOzoneClusterImpl (MiniOzoneClusterImpl.java:lambda$waitForClusterToBeReady$0(224)) - SCM became leader
2022-03-11 10:49:22,995 [pool-170-thread-1] INFO  storage.RaftStorageDirectory (RaftStorageDirectoryImpl.java:tryLock(230)) - Lock on /home/runner/work/ozone/ozone/hadoop-ozone/integration-test/target/test-dir/MiniOzoneClusterImpl-80d3c9c6-9062-4062-b57d-7974188da005/datanode-5/data/ratis/a2fe8e45-5409-4bd6-a863-7642dff0b50d/in_use.lock acquired by nodename 11810@fv-az184-17
2022-03-11 10:49:22,996 [pool-170-thread-1] INFO  storage.RaftStorage (RaftStorageImpl.java:format(89)) - Storage directory /home/runner/work/ozone/ozone/hadoop-ozone/integration-test/target/test-dir/MiniOzoneClusterImpl-80d3c9c6-9062-4062-b57d-7974188da005/datanode-5/data/ratis/a2fe8e45-5409-4bd6-a863-7642dff0b50d has been successfully formatted.
2022-03-11 10:49:22,996 [pool-170-thread-1] INFO  ratis.ContainerStateMachine (ContainerStateMachine.java:loadSnapshot(236)) - group-7642DFF0B50D: The snapshot info is null. Setting the last applied indexto:(t:0, i:~)
2022-03-11 10:49:22,997 [pool-170-thread-1] INFO  server.RaftServerConfigKeys (ConfUtils.java:logGet(44)) - raft.server.notification.no-leader.timeout = 300s (custom)
2022-03-11 10:49:22,997 [pool-170-thread-1] INFO  server.RaftServerConfigKeys (ConfUtils.java:logGet(44)) - raft.server.log.use.memory = false (default)
2022-03-11 10:49:22,997 [pool-170-thread-1] INFO  server.RaftServerConfigKeys (ConfUtils.java:logGet(44)) - raft.server.log.purge.gap = 1000000 (custom)
2022-03-11 10:49:22,997 [pool-170-thread-1] INFO  server.RaftServerConfigKeys (ConfUtils.java:logGet(44)) - raft.server.log.appender.buffer.byte-limit = 33554432 (custom)
2022-03-11 10:49:23,006 [EventQueue-PipelineReportForPipelineReportHandler] INFO  pipeline.PipelineManagerImpl (PipelineManagerImpl.java:openPipeline(291)) - Pipeline Pipeline[ Id: a2fe8e45-5409-4bd6-a863-7642dff0b50d, Nodes: 5fc3a91c-8c24-4005-b122-68420aedc983{ip: 10.1.0.4, host: fv-az184-17.3ow45vhwbzuu5incsxmygykede.cx.internal.cloudapp.net, ports: [REPLICATION=39799, RATIS=33243, RATIS_ADMIN=33243, RATIS_SERVER=33243, STANDALONE=39617], networkLocation: /default-rack, certSerialId: null, persistedOpState: IN_SERVICE, persistedOpStateExpiryEpochSec: 0}, ReplicationConfig: RATIS/ONE, State:ALLOCATED, leaderId:5fc3a91c-8c24-4005-b122-68420aedc983, CreationTimestamp2022-03-11T10:49:19.998Z[Etc/UTC]] moved to OPEN state
2022-03-11 10:49:23,006 [EventQueue-OpenPipelineForHealthyPipelineSafeModeRule] INFO  safemode.SCMSafeModeManager (HealthyPipelineSafeModeRule.java:process(124)) - SCM in safe mode. Healthy pipelines reported count is 0, required healthy pipeline reported count is 1
2022-03-11 10:49:23,008 [EventQueue-OpenPipelineForHealthyPipelineSafeModeRule] INFO  safemode.SCMSafeModeManager (HealthyPipelineSafeModeRule.java:process(124)) - SCM in safe mode. Healthy pipelines reported count is 0, required healthy pipeline reported count is 1
2022-03-11 10:49:23,008 [pool-170-thread-1] INFO  server.RaftServerConfigKeys (ConfUtils.java:logGet(44)) - raft.server.log.segment.size.max = 1048576 (custom)
2022-03-11 10:49:23,009 [pool-170-thread-1] INFO  server.RaftServerConfigKeys (ConfUtils.java:logGet(44)) - raft.server.log.segment.cache.num.max = 2 (custom)
2022-03-11 10:49:23,009 [pool-170-thread-1] INFO  server.RaftServerConfigKeys (ConfUtils.java:logGet(44)) - raft.server.log.segment.cache.size.max = 200MB (=209715200) (default)
2022-03-11 10:49:23,009 [pool-170-thread-1] INFO  segmented.SegmentedRaftLogWorker (SegmentedRaftLogWorker.java:<init>(182)) - new 5fc3a91c-8c24-4005-b122-68420aedc983@group-7642DFF0B50D-SegmentedRaftLogWorker for RaftStorageImpl:Storage Directory /home/runner/work/ozone/ozone/hadoop-ozone/integration-test/target/test-dir/MiniOzoneClusterImpl-80d3c9c6-9062-4062-b57d-7974188da005/datanode-5/data/ratis/a2fe8e45-5409-4bd6-a863-7642dff0b50d
2022-03-11 10:49:23,009 [pool-170-thread-1] INFO  server.RaftServerConfigKeys (ConfUtils.java:logGet(44)) - raft.server.log.queue.byte-limit = 4294967296 (custom)
2022-03-11 10:49:23,009 [pool-170-thread-1] INFO  server.RaftServerConfigKeys (ConfUtils.java:logGet(44)) - raft.server.log.queue.element-limit = 1024 (custom)
2022-03-11 10:49:23,010 [pool-170-thread-1] INFO  server.RaftServerConfigKeys (ConfUtils.java:logGet(44)) - raft.server.log.segment.size.max = 1048576 (custom)
2022-03-11 10:49:23,010 [pool-170-thread-1] INFO  server.RaftServerConfigKeys (ConfUtils.java:logGet(44)) - raft.server.log.preallocated.size = 16384 (custom)
2022-03-11 10:49:23,010 [pool-170-thread-1] INFO  server.RaftServerConfigKeys (ConfUtils.java:logGet(44)) - raft.server.log.force.sync.num = 128 (default)
2022-03-11 10:49:23,010 [pool-170-thread-1] INFO  server.RaftServerConfigKeys (ConfUtils.java:logGet(44)) - raft.server.log.statemachine.data.sync = true (default)
2022-03-11 10:49:23,010 [pool-170-thread-1] INFO  server.RaftServerConfigKeys (ConfUtils.java:logGet(44)) - raft.server.log.statemachine.data.sync.timeout = 10s (default)
2022-03-11 10:49:23,010 [pool-170-thread-1] INFO  server.RaftServerConfigKeys (ConfUtils.java:logGet(44)) - raft.server.log.statemachine.data.sync.timeout.retry = -1 (default)
2022-03-11 10:49:23,011 [pool-170-thread-1] INFO  server.RaftServerConfigKeys (ConfUtils.java:logGet(44)) - raft.server.log.write.buffer.size = 1048576 (custom)
2022-03-11 10:49:23,012 [pool-170-thread-1] INFO  server.RaftServerConfigKeys (ConfUtils.java:logGet(44)) - raft.server.log.statemachine.data.caching.enabled = true (custom)
2022-03-11 10:49:23,012 [pool-170-thread-1] INFO  segmented.SegmentedRaftLogWorker (SegmentedRaftLogWorker.java:lambda$new$0(133)) - 5fc3a91c-8c24-4005-b122-68420aedc983@group-7642DFF0B50D-SegmentedRaftLogWorker: flushIndex: setUnconditionally 0 -> -1
2022-03-11 10:49:23,012 [pool-170-thread-1] INFO  segmented.SegmentedRaftLogWorker (SegmentedRaftLogWorker.java:lambda$new$0(133)) - 5fc3a91c-8c24-4005-b122-68420aedc983@group-7642DFF0B50D-SegmentedRaftLogWorker: safeCacheEvictIndex: setUnconditionally 0 -> -1
2022-03-11 10:49:23,012 [pool-170-thread-1] INFO  server.RaftServerConfigKeys (ConfUtils.java:logGet(44)) - raft.server.snapshot.auto.trigger.enabled = true (custom)
2022-03-11 10:49:23,012 [pool-170-thread-1] INFO  server.RaftServerConfigKeys (ConfUtils.java:logGet(44)) - raft.server.snapshot.auto.trigger.threshold = 10000 (custom)
2022-03-11 10:49:23,012 [pool-170-thread-1] INFO  server.RaftServerConfigKeys (ConfUtils.java:logGet(44)) - raft.server.snapshot.retention.file.num = 5 (custom)
2022-03-11 10:49:23,012 [pool-170-thread-1] INFO  server.RaftServerConfigKeys (ConfUtils.java:logGet(44)) - raft.server.log.purge.upto.snapshot.index = false (default)
2022-03-11 10:49:23,012 [pool-170-thread-1] INFO  server.RaftServerConfigKeys (ConfUtils.java:logGet(44)) - raft.server.retrycache.expirytime = 600000ms (custom)
2022-03-11 10:49:23,013 [pool-170-thread-1] INFO  server.RaftServerConfigKeys (ConfUtils.java:logGet(44)) - raft.server.retrycache.statistics.expirytime = 100μs (default)
2022-03-11 10:49:23,015 [pool-170-thread-1] INFO  server.RaftServer$Division (RaftServerImpl.java:start(301)) - 5fc3a91c-8c24-4005-b122-68420aedc983@group-7642DFF0B50D: start as a follower, conf=-1: [5fc3a91c-8c24-4005-b122-68420aedc983|rpc:10.1.0.4:33243|priority:1], old=null
2022-03-11 10:49:23,015 [pool-170-thread-1] INFO  server.RaftServer$Division (RaftServerImpl.java:setRole(290)) - 5fc3a91c-8c24-4005-b122-68420aedc983@group-7642DFF0B50D: changes role from      null to FOLLOWER at term 0 for startAsFollower
2022-03-11 10:49:23,015 [pool-170-thread-1] INFO  impl.RoleInfo (RoleInfo.java:updateAndGet(130)) - 5fc3a91c-8c24-4005-b122-68420aedc983: start 5fc3a91c-8c24-4005-b122-68420aedc983@group-7642DFF0B50D-FollowerState
2022-03-11 10:49:23,016 [pool-170-thread-1] INFO  util.JmxRegister (JmxRegister.java:tryRegister(44)) - Successfully registered JMX Bean with object name Ratis:service=RaftServer,group=group-7642DFF0B50D,id=5fc3a91c-8c24-4005-b122-68420aedc983
2022-03-11 10:49:23,018 [Command processor thread] INFO  ratis.XceiverServerRatis (XceiverServerRatis.java:addGroup(769)) - Created group PipelineID=a2fe8e45-5409-4bd6-a863-7642dff0b50d
2022-03-11 10:49:23,018 [Command processor thread] INFO  commandhandler.CreatePipelineCommandHandler (CreatePipelineCommandHandler.java:handle(106)) - Created Pipeline RATIS ONE PipelineID=a2fe8e45-5409-4bd6-a863-7642dff0b50d.
2022-03-11 10:49:23,076 [EventQueue-OpenPipelineForHealthyPipelineSafeModeRule] INFO  safemode.SCMSafeModeManager (HealthyPipelineSafeModeRule.java:process(124)) - SCM in safe mode. Healthy pipelines reported count is 0, required healthy pipeline reported count is 1
2022-03-11 10:49:23,360 [EventQueue-OpenPipelineForHealthyPipelineSafeModeRule] INFO  safemode.SCMSafeModeManager (HealthyPipelineSafeModeRule.java:process(124)) - SCM in safe mode. Healthy pipelines reported count is 0, required healthy pipeline reported count is 1
2022-03-11 10:49:23,551 [EventQueue-OpenPipelineForHealthyPipelineSafeModeRule] INFO  safemode.SCMSafeModeManager (HealthyPipelineSafeModeRule.java:process(124)) - SCM in safe mode. Healthy pipelines reported count is 0, required healthy pipeline reported count is 1
2022-03-11 10:49:23,626 [EventQueue-OpenPipelineForHealthyPipelineSafeModeRule] INFO  safemode.SCMSafeModeManager (HealthyPipelineSafeModeRule.java:process(124)) - SCM in safe mode. Healthy pipelines reported count is 0, required healthy pipeline reported count is 1
2022-03-11 10:49:23,667 [ReplicationMonitor] INFO  container.ReplicationManager (ReplicationManager.java:processAll(374)) - Replication Manager is not ready to run until 3000ms after safemode exit
2022-03-11 10:49:23,799 [EventQueue-OpenPipelineForHealthyPipelineSafeModeRule] INFO  safemode.SCMSafeModeManager (HealthyPipelineSafeModeRule.java:process(124)) - SCM in safe mode. Healthy pipelines reported count is 0, required healthy pipeline reported count is 1
2022-03-11 10:49:23,994 [Listener at 127.0.0.1/40509] INFO  ozone.MiniOzoneClusterImpl (MiniOzoneClusterImpl.java:lambda$waitForClusterToBeReady$0(219)) - Nodes are ready. Got 6 of 6 DN Heartbeats.
2022-03-11 10:49:23,994 [Listener at 127.0.0.1/40509] INFO  ozone.MiniOzoneClusterImpl (MiniOzoneClusterImpl.java:lambda$waitForClusterToBeReady$0(222)) - Waiting for cluster to exit safe mode
2022-03-11 10:49:23,994 [Listener at 127.0.0.1/40509] INFO  ozone.MiniOzoneClusterImpl (MiniOzoneClusterImpl.java:lambda$waitForClusterToBeReady$0(224)) - SCM became leader
2022-03-11 10:49:24,071 [EventQueue-OpenPipelineForHealthyPipelineSafeModeRule] INFO  safemode.SCMSafeModeManager (HealthyPipelineSafeModeRule.java:process(124)) - SCM in safe mode. Healthy pipelines reported count is 0, required healthy pipeline reported count is 1
2022-03-11 10:49:24,361 [EventQueue-OpenPipelineForHealthyPipelineSafeModeRule] INFO  safemode.SCMSafeModeManager (HealthyPipelineSafeModeRule.java:process(124)) - SCM in safe mode. Healthy pipelines reported count is 0, required healthy pipeline reported count is 1
2022-03-11 10:49:24,667 [ReplicationMonitor] INFO  container.ReplicationManager (ReplicationManager.java:processAll(374)) - Replication Manager is not ready to run until 3000ms after safemode exit
2022-03-11 10:49:24,799 [EventQueue-OpenPipelineForHealthyPipelineSafeModeRule] INFO  safemode.SCMSafeModeManager (HealthyPipelineSafeModeRule.java:process(124)) - SCM in safe mode. Healthy pipelines reported count is 0, required healthy pipeline reported count is 1
2022-03-11 10:49:24,995 [Listener at 127.0.0.1/40509] INFO  ozone.MiniOzoneClusterImpl (MiniOzoneClusterImpl.java:lambda$waitForClusterToBeReady$0(219)) - Nodes are ready. Got 6 of 6 DN Heartbeats.
2022-03-11 10:49:24,995 [Listener at 127.0.0.1/40509] INFO  ozone.MiniOzoneClusterImpl (MiniOzoneClusterImpl.java:lambda$waitForClusterToBeReady$0(222)) - Waiting for cluster to exit safe mode
2022-03-11 10:49:24,995 [Listener at 127.0.0.1/40509] INFO  ozone.MiniOzoneClusterImpl (MiniOzoneClusterImpl.java:lambda$waitForClusterToBeReady$0(224)) - SCM became leader
2022-03-11 10:49:24,998 [EventQueue-OpenPipelineForHealthyPipelineSafeModeRule] INFO  safemode.SCMSafeModeManager (HealthyPipelineSafeModeRule.java:process(124)) - SCM in safe mode. Healthy pipelines reported count is 0, required healthy pipeline reported count is 1
2022-03-11 10:49:25,551 [EventQueue-OpenPipelineForHealthyPipelineSafeModeRule] INFO  safemode.SCMSafeModeManager (HealthyPipelineSafeModeRule.java:process(124)) - SCM in safe mode. Healthy pipelines reported count is 0, required healthy pipeline reported count is 1
2022-03-11 10:49:25,626 [EventQueue-OpenPipelineForHealthyPipelineSafeModeRule] INFO  safemode.SCMSafeModeManager (HealthyPipelineSafeModeRule.java:process(124)) - SCM in safe mode. Healthy pipelines reported count is 0, required healthy pipeline reported count is 1
2022-03-11 10:49:25,667 [ReplicationMonitor] INFO  container.ReplicationManager (ReplicationManager.java:processAll(374)) - Replication Manager is not ready to run until 3000ms after safemode exit
2022-03-11 10:49:25,995 [Listener at 127.0.0.1/40509] INFO  ozone.MiniOzoneClusterImpl (MiniOzoneClusterImpl.java:lambda$waitForClusterToBeReady$0(219)) - Nodes are ready. Got 6 of 6 DN Heartbeats.
2022-03-11 10:49:25,995 [Listener at 127.0.0.1/40509] INFO  ozone.MiniOzoneClusterImpl (MiniOzoneClusterImpl.java:lambda$waitForClusterToBeReady$0(222)) - Waiting for cluster to exit safe mode
2022-03-11 10:49:25,995 [Listener at 127.0.0.1/40509] INFO  ozone.MiniOzoneClusterImpl (MiniOzoneClusterImpl.java:lambda$waitForClusterToBeReady$0(224)) - SCM became leader
2022-03-11 10:49:26,071 [EventQueue-OpenPipelineForHealthyPipelineSafeModeRule] INFO  safemode.SCMSafeModeManager (HealthyPipelineSafeModeRule.java:process(124)) - SCM in safe mode. Healthy pipelines reported count is 0, required healthy pipeline reported count is 1
2022-03-11 10:49:26,366 [EventQueue-OpenPipelineForHealthyPipelineSafeModeRule] INFO  safemode.SCMSafeModeManager (HealthyPipelineSafeModeRule.java:process(124)) - SCM in safe mode. Healthy pipelines reported count is 0, required healthy pipeline reported count is 1
2022-03-11 10:49:26,626 [EventQueue-OpenPipelineForHealthyPipelineSafeModeRule] INFO  safemode.SCMSafeModeManager (HealthyPipelineSafeModeRule.java:process(124)) - SCM in safe mode. Healthy pipelines reported count is 0, required healthy pipeline reported count is 1
2022-03-11 10:49:26,668 [ReplicationMonitor] INFO  container.ReplicationManager (ReplicationManager.java:processAll(374)) - Replication Manager is not ready to run until 3000ms after safemode exit
2022-03-11 10:49:26,670 [f3aed214-ddd5-444c-98e8-173d17ff867b@group-15E9259AF9DE-FollowerState] INFO  impl.FollowerState (FollowerState.java:run(134)) - f3aed214-ddd5-444c-98e8-173d17ff867b@group-15E9259AF9DE-FollowerState: change to CANDIDATE, lastRpcElapsedTime:5147212887ns, electionTimeout:5143ms
2022-03-11 10:49:26,670 [f3aed214-ddd5-444c-98e8-173d17ff867b@group-15E9259AF9DE-FollowerState] INFO  impl.RoleInfo (RoleInfo.java:shutdownFollowerState(108)) - f3aed214-ddd5-444c-98e8-173d17ff867b: shutdown f3aed214-ddd5-444c-98e8-173d17ff867b@group-15E9259AF9DE-FollowerState
2022-03-11 10:49:26,670 [f3aed214-ddd5-444c-98e8-173d17ff867b@group-15E9259AF9DE-FollowerState] INFO  server.RaftServer$Division (RaftServerImpl.java:setRole(290)) - f3aed214-ddd5-444c-98e8-173d17ff867b@group-15E9259AF9DE: changes role from  FOLLOWER to CANDIDATE at term 0 for changeToCandidate
2022-03-11 10:49:26,671 [f3aed214-ddd5-444c-98e8-173d17ff867b@group-15E9259AF9DE-FollowerState] INFO  server.RaftServerConfigKeys (ConfUtils.java:logGet(44)) - raft.server.leaderelection.pre-vote = false (custom)
2022-03-11 10:49:26,671 [f3aed214-ddd5-444c-98e8-173d17ff867b@group-15E9259AF9DE-FollowerState] INFO  impl.RoleInfo (RoleInfo.java:updateAndGet(130)) - f3aed214-ddd5-444c-98e8-173d17ff867b: start f3aed214-ddd5-444c-98e8-173d17ff867b@group-15E9259AF9DE-LeaderElection2
2022-03-11 10:49:26,678 [f3aed214-ddd5-444c-98e8-173d17ff867b@group-15E9259AF9DE-LeaderElection2] INFO  impl.LeaderElection (LeaderElection.java:askForVotes(306)) - f3aed214-ddd5-444c-98e8-173d17ff867b@group-15E9259AF9DE-LeaderElection2 ELECTION round 0: submit vote requests at term 1 for -1: [f3aed214-ddd5-444c-98e8-173d17ff867b|rpc:10.1.0.4:34925|priority:1], old=null
2022-03-11 10:49:26,678 [f3aed214-ddd5-444c-98e8-173d17ff867b@group-15E9259AF9DE-LeaderElection2] INFO  impl.LeaderElection (LeaderElection.java:askForVotes(308)) - f3aed214-ddd5-444c-98e8-173d17ff867b@group-15E9259AF9DE-LeaderElection2 ELECTION round 0: result PASSED (term=1)
2022-03-11 10:49:26,678 [f3aed214-ddd5-444c-98e8-173d17ff867b@group-15E9259AF9DE-LeaderElection2] INFO  impl.RoleInfo (RoleInfo.java:shutdownLeaderElection(121)) - f3aed214-ddd5-444c-98e8-173d17ff867b: shutdown f3aed214-ddd5-444c-98e8-173d17ff867b@group-15E9259AF9DE-LeaderElection2
2022-03-11 10:49:26,678 [f3aed214-ddd5-444c-98e8-173d17ff867b@group-15E9259AF9DE-LeaderElection2] INFO  server.RaftServer$Division (RaftServerImpl.java:setRole(290)) - f3aed214-ddd5-444c-98e8-173d17ff867b@group-15E9259AF9DE: changes role from CANDIDATE to LEADER at term 1 for changeToLeader
2022-03-11 10:49:26,678 [f3aed214-ddd5-444c-98e8-173d17ff867b@group-15E9259AF9DE-LeaderElection2] INFO  ratis.XceiverServerRatis (XceiverServerRatis.java:handleLeaderChangedNotification(867)) - Leader change notification received for group: group-15E9259AF9DE with new leaderId: f3aed214-ddd5-444c-98e8-173d17ff867b
2022-03-11 10:49:26,678 [f3aed214-ddd5-444c-98e8-173d17ff867b@group-15E9259AF9DE-LeaderElection2] INFO  server.RaftServer$Division (ServerState.java:setLeader(285)) - f3aed214-ddd5-444c-98e8-173d17ff867b@group-15E9259AF9DE: change Leader from null to f3aed214-ddd5-444c-98e8-173d17ff867b at term 1 for becomeLeader, leader elected after 5172ms
2022-03-11 10:49:26,679 [f3aed214-ddd5-444c-98e8-173d17ff867b@group-15E9259AF9DE-LeaderElection2] INFO  server.RaftServerConfigKeys (ConfUtils.java:logGet(44)) - raft.server.staging.catchup.gap = 1000 (default)
2022-03-11 10:49:26,679 [f3aed214-ddd5-444c-98e8-173d17ff867b@group-15E9259AF9DE-LeaderElection2] INFO  server.RaftServerConfigKeys (ConfUtils.java:logGet(44)) - raft.server.write.element-limit = 1024 (custom)
2022-03-11 10:49:26,679 [f3aed214-ddd5-444c-98e8-173d17ff867b@group-15E9259AF9DE-LeaderElection2] INFO  server.RaftServerConfigKeys (ConfUtils.java:logGet(44)) - raft.server.write.byte-limit = 1024 M (=1073741824) (custom)
2022-03-11 10:49:26,679 [f3aed214-ddd5-444c-98e8-173d17ff867b@group-15E9259AF9DE-LeaderElection2] INFO  server.RaftServerConfigKeys (ConfUtils.java:logGet(44)) - raft.server.watch.timeout = 180s (custom)
2022-03-11 10:49:26,681 [f3aed214-ddd5-444c-98e8-173d17ff867b@group-15E9259AF9DE-LeaderElection2] INFO  server.RaftServerConfigKeys (ConfUtils.java:logGet(44)) - raft.server.watch.timeout.denomination = 1s (default)
2022-03-11 10:49:26,681 [f3aed214-ddd5-444c-98e8-173d17ff867b@group-15E9259AF9DE-LeaderElection2] INFO  server.RaftServerConfigKeys (ConfUtils.java:logGet(44)) - raft.server.watch.element-limit = 65536 (default)
2022-03-11 10:49:26,682 [f3aed214-ddd5-444c-98e8-173d17ff867b@group-15E9259AF9DE-LeaderElection2] INFO  server.RaftServerConfigKeys (ConfUtils.java:logGet(44)) - raft.server.write.element-limit = 1024 (custom)
2022-03-11 10:49:26,682 [f3aed214-ddd5-444c-98e8-173d17ff867b@group-15E9259AF9DE-LeaderElection2] INFO  server.RaftServerConfigKeys (ConfUtils.java:logGet(44)) - raft.server.write.follower.gap.ratio.max = -1.0 (default)
2022-03-11 10:49:26,682 [f3aed214-ddd5-444c-98e8-173d17ff867b@group-15E9259AF9DE-LeaderElection2] INFO  impl.RoleInfo (RoleInfo.java:updateAndGet(130)) - f3aed214-ddd5-444c-98e8-173d17ff867b: start f3aed214-ddd5-444c-98e8-173d17ff867b@group-15E9259AF9DE-LeaderStateImpl
2022-03-11 10:49:26,682 [f3aed214-ddd5-444c-98e8-173d17ff867b@group-15E9259AF9DE-LeaderElection2] INFO  segmented.SegmentedRaftLogWorker (SegmentedRaftLogWorker.java:startLogSegment(394)) - f3aed214-ddd5-444c-98e8-173d17ff867b@group-15E9259AF9DE-SegmentedRaftLogWorker: Starting segment from index:0
2022-03-11 10:49:26,682 [EventQueue-OpenPipelineForHealthyPipelineSafeModeRule] INFO  safemode.SCMSafeModeManager (HealthyPipelineSafeModeRule.java:process(124)) - SCM in safe mode. Healthy pipelines reported count is 0, required healthy pipeline reported count is 1
2022-03-11 10:49:26,684 [f3aed214-ddd5-444c-98e8-173d17ff867b@group-15E9259AF9DE-SegmentedRaftLogWorker] INFO  segmented.SegmentedRaftLogWorker (SegmentedRaftLogWorker.java:execute(601)) - f3aed214-ddd5-444c-98e8-173d17ff867b@group-15E9259AF9DE-SegmentedRaftLogWorker: created new log segment /home/runner/work/ozone/ozone/hadoop-ozone/integration-test/target/test-dir/MiniOzoneClusterImpl-80d3c9c6-9062-4062-b57d-7974188da005/datanode-0/data/ratis/dc078e3d-7929-40eb-9b0a-15e9259af9de/current/log_inprogress_0
2022-03-11 10:49:26,686 [f3aed214-ddd5-444c-98e8-173d17ff867b@group-15E9259AF9DE-LeaderElection2] INFO  server.RaftServer$Division (ServerState.java:setRaftConf(387)) - f3aed214-ddd5-444c-98e8-173d17ff867b@group-15E9259AF9DE: set configuration 0: [f3aed214-ddd5-444c-98e8-173d17ff867b|rpc:10.1.0.4:34925|dataStream:|priority:1], old=null
2022-03-11 10:49:26,724 [f3aed214-ddd5-444c-98e8-173d17ff867b@group-B46C76AC753E-FollowerState] INFO  impl.FollowerState (FollowerState.java:run(134)) - f3aed214-ddd5-444c-98e8-173d17ff867b@group-B46C76AC753E-FollowerState: change to CANDIDATE, lastRpcElapsedTime:5163515970ns, electionTimeout:5162ms
2022-03-11 10:49:26,725 [f3aed214-ddd5-444c-98e8-173d17ff867b@group-B46C76AC753E-FollowerState] INFO  impl.RoleInfo (RoleInfo.java:shutdownFollowerState(108)) - f3aed214-ddd5-444c-98e8-173d17ff867b: shutdown f3aed214-ddd5-444c-98e8-173d17ff867b@group-B46C76AC753E-FollowerState
2022-03-11 10:49:26,725 [f3aed214-ddd5-444c-98e8-173d17ff867b@group-B46C76AC753E-FollowerState] INFO  server.RaftServer$Division (RaftServerImpl.java:setRole(290)) - f3aed214-ddd5-444c-98e8-173d17ff867b@group-B46C76AC753E: changes role from  FOLLOWER to CANDIDATE at term 0 for changeToCandidate
2022-03-11 10:49:26,725 [f3aed214-ddd5-444c-98e8-173d17ff867b@group-B46C76AC753E-FollowerState] INFO  server.RaftServerConfigKeys (ConfUtils.java:logGet(44)) - raft.server.leaderelection.pre-vote = false (custom)
2022-03-11 10:49:26,726 [f3aed214-ddd5-444c-98e8-173d17ff867b@group-B46C76AC753E-FollowerState] INFO  impl.RoleInfo (RoleInfo.java:updateAndGet(130)) - f3aed214-ddd5-444c-98e8-173d17ff867b: start f3aed214-ddd5-444c-98e8-173d17ff867b@group-B46C76AC753E-LeaderElection3
2022-03-11 10:49:26,729 [f3aed214-ddd5-444c-98e8-173d17ff867b@group-B46C76AC753E-LeaderElection3] INFO  impl.LeaderElection (LeaderElection.java:askForVotes(306)) - f3aed214-ddd5-444c-98e8-173d17ff867b@group-B46C76AC753E-LeaderElection3 ELECTION round 0: submit vote requests at term 1 for -1: [f3aed214-ddd5-444c-98e8-173d17ff867b|rpc:10.1.0.4:34925|priority:1, 693b3978-b6c3-4afe-acf3-887a6d6ab502|rpc:10.1.0.4:38697|priority:0, ba75fcdf-ff67-476a-a5ef-de9b108b869e|rpc:10.1.0.4:41971|priority:0], old=null
2022-03-11 10:49:26,758 [grpc-default-executor-0] INFO  server.RaftServer$Division (RaftServerImpl.java:requestVote(1046)) - ba75fcdf-ff67-476a-a5ef-de9b108b869e@group-B46C76AC753E: receive requestVote(ELECTION, f3aed214-ddd5-444c-98e8-173d17ff867b, group-B46C76AC753E, 1, (t:0, i:0))
2022-03-11 10:49:26,760 [grpc-default-executor-0] INFO  impl.VoteContext (VoteContext.java:log(48)) - ba75fcdf-ff67-476a-a5ef-de9b108b869e@group-B46C76AC753E-FOLLOWER: accept ELECTION from f3aed214-ddd5-444c-98e8-173d17ff867b: our priority 0 <= candidate's priority 1
2022-03-11 10:49:26,761 [grpc-default-executor-0] INFO  server.RaftServer$Division (RaftServerImpl.java:setRole(290)) - ba75fcdf-ff67-476a-a5ef-de9b108b869e@group-B46C76AC753E: changes role from  FOLLOWER to FOLLOWER at term 1 for candidate:f3aed214-ddd5-444c-98e8-173d17ff867b
2022-03-11 10:49:26,761 [grpc-default-executor-0] INFO  impl.RoleInfo (RoleInfo.java:shutdownFollowerState(108)) - ba75fcdf-ff67-476a-a5ef-de9b108b869e: shutdown ba75fcdf-ff67-476a-a5ef-de9b108b869e@group-B46C76AC753E-FollowerState
2022-03-11 10:49:26,762 [ba75fcdf-ff67-476a-a5ef-de9b108b869e@group-B46C76AC753E-FollowerState] INFO  impl.FollowerState (FollowerState.java:run(143)) - ba75fcdf-ff67-476a-a5ef-de9b108b869e@group-B46C76AC753E-FollowerState was interrupted: {}
java.lang.InterruptedException: sleep interrupted
	at java.lang.Thread.sleep(Native Method)
	at java.lang.Thread.sleep(Thread.java:342)
	at java.util.concurrent.TimeUnit.sleep(TimeUnit.java:386)
	at org.apache.ratis.util.TimeDuration.sleep(TimeDuration.java:324)
	at org.apache.ratis.util.TimeDuration.sleep(TimeDuration.java:309)
	at org.apache.ratis.server.impl.FollowerState.run(FollowerState.java:118)
2022-03-11 10:49:26,763 [grpc-default-executor-0] INFO  impl.RoleInfo (RoleInfo.java:updateAndGet(130)) - ba75fcdf-ff67-476a-a5ef-de9b108b869e: start ba75fcdf-ff67-476a-a5ef-de9b108b869e@group-B46C76AC753E-FollowerState
2022-03-11 10:49:26,764 [grpc-default-executor-1] INFO  server.RaftServer$Division (RaftServerImpl.java:requestVote(1046)) - 693b3978-b6c3-4afe-acf3-887a6d6ab502@group-B46C76AC753E: receive requestVote(ELECTION, f3aed214-ddd5-444c-98e8-173d17ff867b, group-B46C76AC753E, 1, (t:0, i:0))
2022-03-11 10:49:26,764 [grpc-default-executor-1] INFO  impl.VoteContext (VoteContext.java:log(48)) - 693b3978-b6c3-4afe-acf3-887a6d6ab502@group-B46C76AC753E-FOLLOWER: accept ELECTION from f3aed214-ddd5-444c-98e8-173d17ff867b: our priority 0 <= candidate's priority 1
2022-03-11 10:49:26,765 [grpc-default-executor-1] INFO  server.RaftServer$Division (RaftServerImpl.java:setRole(290)) - 693b3978-b6c3-4afe-acf3-887a6d6ab502@group-B46C76AC753E: changes role from  FOLLOWER to FOLLOWER at term 1 for candidate:f3aed214-ddd5-444c-98e8-173d17ff867b
2022-03-11 10:49:26,765 [grpc-default-executor-1] INFO  impl.RoleInfo (RoleInfo.java:shutdownFollowerState(108)) - 693b3978-b6c3-4afe-acf3-887a6d6ab502: shutdown 693b3978-b6c3-4afe-acf3-887a6d6ab502@group-B46C76AC753E-FollowerState
2022-03-11 10:49:26,765 [grpc-default-executor-1] INFO  impl.RoleInfo (RoleInfo.java:updateAndGet(130)) - 693b3978-b6c3-4afe-acf3-887a6d6ab502: start 693b3978-b6c3-4afe-acf3-887a6d6ab502@group-B46C76AC753E-FollowerState
2022-03-11 10:49:26,765 [693b3978-b6c3-4afe-acf3-887a6d6ab502@group-B46C76AC753E-FollowerState] INFO  impl.FollowerState (FollowerState.java:run(143)) - 693b3978-b6c3-4afe-acf3-887a6d6ab502@group-B46C76AC753E-FollowerState was interrupted: {}
java.lang.InterruptedException: sleep interrupted
	at java.lang.Thread.sleep(Native Method)
	at java.lang.Thread.sleep(Thread.java:342)
	at java.util.concurrent.TimeUnit.sleep(TimeUnit.java:386)
	at org.apache.ratis.util.TimeDuration.sleep(TimeDuration.java:324)
	at org.apache.ratis.util.TimeDuration.sleep(TimeDuration.java:309)
	at org.apache.ratis.server.impl.FollowerState.run(FollowerState.java:118)
2022-03-11 10:49:26,775 [grpc-default-executor-0] INFO  server.RaftServer$Division (RaftServerImpl.java:requestVote(1078)) - ba75fcdf-ff67-476a-a5ef-de9b108b869e@group-B46C76AC753E replies to ELECTION vote request: f3aed214-ddd5-444c-98e8-173d17ff867b<-ba75fcdf-ff67-476a-a5ef-de9b108b869e#0:OK-t1. Peer's state: ba75fcdf-ff67-476a-a5ef-de9b108b869e@group-B46C76AC753E:t1, leader=null, voted=f3aed214-ddd5-444c-98e8-173d17ff867b, raftlog=ba75fcdf-ff67-476a-a5ef-de9b108b869e@group-B46C76AC753E-SegmentedRaftLog:OPENED:c-1, conf=-1: [f3aed214-ddd5-444c-98e8-173d17ff867b|rpc:10.1.0.4:34925|priority:1, 693b3978-b6c3-4afe-acf3-887a6d6ab502|rpc:10.1.0.4:38697|priority:0, ba75fcdf-ff67-476a-a5ef-de9b108b869e|rpc:10.1.0.4:41971|priority:0], old=null
2022-03-11 10:49:26,775 [grpc-default-executor-1] INFO  server.RaftServer$Division (RaftServerImpl.java:requestVote(1078)) - 693b3978-b6c3-4afe-acf3-887a6d6ab502@group-B46C76AC753E replies to ELECTION vote request: f3aed214-ddd5-444c-98e8-173d17ff867b<-693b3978-b6c3-4afe-acf3-887a6d6ab502#0:OK-t1. Peer's state: 693b3978-b6c3-4afe-acf3-887a6d6ab502@group-B46C76AC753E:t1, leader=null, voted=f3aed214-ddd5-444c-98e8-173d17ff867b, raftlog=693b3978-b6c3-4afe-acf3-887a6d6ab502@group-B46C76AC753E-SegmentedRaftLog:OPENED:c-1, conf=-1: [f3aed214-ddd5-444c-98e8-173d17ff867b|rpc:10.1.0.4:34925|dataStream:|priority:1, 693b3978-b6c3-4afe-acf3-887a6d6ab502|rpc:10.1.0.4:38697|dataStream:|priority:0, ba75fcdf-ff67-476a-a5ef-de9b108b869e|rpc:10.1.0.4:41971|dataStream:|priority:0], old=null
2022-03-11 10:49:26,780 [f3aed214-ddd5-444c-98e8-173d17ff867b@group-B46C76AC753E-LeaderElection3] INFO  impl.LeaderElection (LeaderElection.java:logAndReturn(89)) - f3aed214-ddd5-444c-98e8-173d17ff867b@group-B46C76AC753E-LeaderElection3: ELECTION PASSED received 1 response(s) and 0 exception(s):
2022-03-11 10:49:26,780 [f3aed214-ddd5-444c-98e8-173d17ff867b@group-B46C76AC753E-LeaderElection3] INFO  impl.LeaderElection (LeaderElection.java:logAndReturn(93)) -   Response 0: f3aed214-ddd5-444c-98e8-173d17ff867b<-693b3978-b6c3-4afe-acf3-887a6d6ab502#0:OK-t1
2022-03-11 10:49:26,781 [f3aed214-ddd5-444c-98e8-173d17ff867b@group-B46C76AC753E-LeaderElection3] INFO  impl.LeaderElection (LeaderElection.java:askForVotes(308)) - f3aed214-ddd5-444c-98e8-173d17ff867b@group-B46C76AC753E-LeaderElection3 ELECTION round 0: result PASSED
2022-03-11 10:49:26,781 [f3aed214-ddd5-444c-98e8-173d17ff867b@group-B46C76AC753E-LeaderElection3] INFO  impl.RoleInfo (RoleInfo.java:shutdownLeaderElection(121)) - f3aed214-ddd5-444c-98e8-173d17ff867b: shutdown f3aed214-ddd5-444c-98e8-173d17ff867b@group-B46C76AC753E-LeaderElection3
2022-03-11 10:49:26,781 [f3aed214-ddd5-444c-98e8-173d17ff867b@group-B46C76AC753E-LeaderElection3] INFO  server.RaftServer$Division (RaftServerImpl.java:setRole(290)) - f3aed214-ddd5-444c-98e8-173d17ff867b@group-B46C76AC753E: changes role from CANDIDATE to LEADER at term 1 for changeToLeader
2022-03-11 10:49:26,781 [f3aed214-ddd5-444c-98e8-173d17ff867b@group-B46C76AC753E-LeaderElection3] INFO  ratis.XceiverServerRatis (XceiverServerRatis.java:handleLeaderChangedNotification(867)) - Leader change notification received for group: group-B46C76AC753E with new leaderId: f3aed214-ddd5-444c-98e8-173d17ff867b
2022-03-11 10:49:26,781 [f3aed214-ddd5-444c-98e8-173d17ff867b@group-B46C76AC753E-LeaderElection3] INFO  server.RaftServer$Division (ServerState.java:setLeader(285)) - f3aed214-ddd5-444c-98e8-173d17ff867b@group-B46C76AC753E: change Leader from null to f3aed214-ddd5-444c-98e8-173d17ff867b at term 1 for becomeLeader, leader elected after 5232ms
2022-03-11 10:49:26,781 [f3aed214-ddd5-444c-98e8-173d17ff867b@group-B46C76AC753E-LeaderElection3] INFO  server.RaftServerConfigKeys (ConfUtils.java:logGet(44)) - raft.server.staging.catchup.gap = 1000 (default)
2022-03-11 10:49:26,781 [f3aed214-ddd5-444c-98e8-173d17ff867b@group-B46C76AC753E-LeaderElection3] INFO  server.RaftServerConfigKeys (ConfUtils.java:logGet(44)) - raft.server.write.element-limit = 1024 (custom)
2022-03-11 10:49:26,781 [f3aed214-ddd5-444c-98e8-173d17ff867b@group-B46C76AC753E-LeaderElection3] INFO  server.RaftServerConfigKeys (ConfUtils.java:logGet(44)) - raft.server.write.byte-limit = 1024 M (=1073741824) (custom)
2022-03-11 10:49:26,782 [f3aed214-ddd5-444c-98e8-173d17ff867b@group-B46C76AC753E-LeaderElection3] INFO  server.RaftServerConfigKeys (ConfUtils.java:logGet(44)) - raft.server.watch.timeout = 180s (custom)
2022-03-11 10:49:26,782 [f3aed214-ddd5-444c-98e8-173d17ff867b@group-B46C76AC753E-LeaderElection3] INFO  server.RaftServerConfigKeys (ConfUtils.java:logGet(44)) - raft.server.watch.timeout.denomination = 1s (default)
2022-03-11 10:49:26,782 [f3aed214-ddd5-444c-98e8-173d17ff867b@group-B46C76AC753E-LeaderElection3] INFO  server.RaftServerConfigKeys (ConfUtils.java:logGet(44)) - raft.server.watch.element-limit = 65536 (default)
2022-03-11 10:49:26,782 [f3aed214-ddd5-444c-98e8-173d17ff867b@group-B46C76AC753E-LeaderElection3] INFO  server.RaftServerConfigKeys (ConfUtils.java:logGet(44)) - raft.server.write.element-limit = 1024 (custom)
2022-03-11 10:49:26,782 [f3aed214-ddd5-444c-98e8-173d17ff867b@group-B46C76AC753E-LeaderElection3] INFO  server.RaftServerConfigKeys (ConfUtils.java:logGet(44)) - raft.server.write.follower.gap.ratio.max = -1.0 (default)
2022-03-11 10:49:26,785 [EventQueue-PipelineReportForPipelineReportHandler] INFO  pipeline.PipelineManagerImpl (PipelineManagerImpl.java:openPipeline(291)) - Pipeline Pipeline[ Id: 1fa5eb99-f4f0-4ee0-abc8-b46c76ac753e, Nodes: f3aed214-ddd5-444c-98e8-173d17ff867b{ip: 10.1.0.4, host: fv-az184-17.3ow45vhwbzuu5incsxmygykede.cx.internal.cloudapp.net, ports: [REPLICATION=46489, RATIS=34925, RATIS_ADMIN=34925, RATIS_SERVER=34925, STANDALONE=43539], networkLocation: /default-rack, certSerialId: null, persistedOpState: IN_SERVICE, persistedOpStateExpiryEpochSec: 0}693b3978-b6c3-4afe-acf3-887a6d6ab502{ip: 10.1.0.4, host: fv-az184-17.3ow45vhwbzuu5incsxmygykede.cx.internal.cloudapp.net, ports: [REPLICATION=45673, RATIS=38697, RATIS_ADMIN=38697, RATIS_SERVER=38697, STANDALONE=45665], networkLocation: /default-rack, certSerialId: null, persistedOpState: IN_SERVICE, persistedOpStateExpiryEpochSec: 0}ba75fcdf-ff67-476a-a5ef-de9b108b869e{ip: 10.1.0.4, host: fv-az184-17.3ow45vhwbzuu5incsxmygykede.cx.internal.cloudapp.net, ports: [REPLICATION=42699, RATIS=41971, RATIS_ADMIN=41971, RATIS_SERVER=41971, STANDALONE=42581], networkLocation: /default-rack, certSerialId: null, persistedOpState: IN_SERVICE, persistedOpStateExpiryEpochSec: 0}, ReplicationConfig: RATIS/THREE, State:ALLOCATED, leaderId:f3aed214-ddd5-444c-98e8-173d17ff867b, CreationTimestamp2022-03-11T10:49:19.360Z[Etc/UTC]] moved to OPEN state
2022-03-11 10:49:26,790 [f3aed214-ddd5-444c-98e8-173d17ff867b@group-B46C76AC753E-LeaderElection3] INFO  server.RaftServerConfigKeys (ConfUtils.java:logGet(44)) - raft.server.log.appender.snapshot.chunk.size.max = 16MB (=16777216) (default)
2022-03-11 10:49:26,790 [EventQueue-OpenPipelineForHealthyPipelineSafeModeRule] INFO  safemode.SCMSafeModeManager (HealthyPipelineSafeModeRule.java:process(124)) - SCM in safe mode. Healthy pipelines reported count is 1, required healthy pipeline reported count is 1
2022-03-11 10:49:26,791 [EventQueue-OpenPipelineForHealthyPipelineSafeModeRule] INFO  safemode.SCMSafeModeManager (SCMSafeModeManager.java:validateSafeModeExitRules(204)) - HealthyPipelineSafeModeRule rule is successfully validated
2022-03-11 10:49:26,791 [EventQueue-OpenPipelineForHealthyPipelineSafeModeRule] INFO  safemode.SCMSafeModeManager (SCMSafeModeManager.java:validateSafeModeExitRules(219)) - ScmSafeModeManager, all rules are successfully validated
2022-03-11 10:49:26,791 [EventQueue-OpenPipelineForHealthyPipelineSafeModeRule] INFO  safemode.SCMSafeModeManager (SCMSafeModeManager.java:exitSafeMode(248)) - SCM exiting safe mode.
2022-03-11 10:49:26,790 [f3aed214-ddd5-444c-98e8-173d17ff867b@group-B46C76AC753E-LeaderElection3] INFO  server.RaftServerConfigKeys (ConfUtils.java:logGet(44)) - raft.server.log.appender.buffer.byte-limit = 33554432 (custom)
2022-03-11 10:49:26,791 [EventQueue-OpenPipelineForHealthyPipelineSafeModeRule] WARN  events.EventQueue (EventQueue.java:fireEvent(194)) - No event handler registered for event TypedEvent{payloadType=SafeModeStatus, name='Safe mode status'}
2022-03-11 10:49:26,791 [EventQueue-OpenPipelineForHealthyPipelineSafeModeRule] INFO  ha.SCMContext (SCMContext.java:updateSafeModeStatus(211)) - Update SafeModeStatus from SafeModeStatus{safeModeStatus=true, preCheckPassed=true} to SafeModeStatus{safeModeStatus=false, preCheckPassed=true}.
2022-03-11 10:49:26,791 [EventQueue-OpenPipelineForHealthyPipelineSafeModeRule] INFO  pipeline.BackgroundPipelineCreator (BackgroundPipelineCreator.java:notifyStatusChanged(264)) - Service BackgroundPipelineCreator transitions to RUNNING.
2022-03-11 10:49:26,791 [EventQueue-OpenPipelineForHealthyPipelineSafeModeRule] INFO  container.ReplicationManager (ReplicationManager.java:notifyStatusChanged(1807)) - Service ReplicationManager transitions to RUNNING.
2022-03-11 10:49:26,791 [f3aed214-ddd5-444c-98e8-173d17ff867b@group-B46C76AC753E-LeaderElection3] INFO  server.RaftServerConfigKeys (ConfUtils.java:logGet(44)) - raft.server.log.appender.buffer.element-limit = 1 (custom)
2022-03-11 10:49:26,794 [f3aed214-ddd5-444c-98e8-173d17ff867b@group-B46C76AC753E-LeaderElection3] INFO  grpc.GrpcConfigKeys (ConfUtils.java:logGet(44)) - raft.grpc.server.leader.outstanding.appends.max = 128 (default)
2022-03-11 10:49:26,794 [f3aed214-ddd5-444c-98e8-173d17ff867b@group-B46C76AC753E-LeaderElection3] INFO  server.RaftServerConfigKeys (ConfUtils.java:logGet(44)) - raft.server.rpc.request.timeout = 60s (custom)
2022-03-11 10:49:26,794 [f3aed214-ddd5-444c-98e8-173d17ff867b@group-B46C76AC753E-LeaderElection3] INFO  server.RaftServerConfigKeys (ConfUtils.java:logGet(44)) - raft.server.log.appender.install.snapshot.enabled = false (custom)
2022-03-11 10:49:26,798 [f3aed214-ddd5-444c-98e8-173d17ff867b@group-B46C76AC753E-LeaderElection3] INFO  server.RaftServerConfigKeys (ConfUtils.java:logGet(44)) - raft.server.log.appender.snapshot.chunk.size.max = 16MB (=16777216) (default)
2022-03-11 10:49:26,798 [f3aed214-ddd5-444c-98e8-173d17ff867b@group-B46C76AC753E-LeaderElection3] INFO  server.RaftServerConfigKeys (ConfUtils.java:logGet(44)) - raft.server.log.appender.buffer.byte-limit = 33554432 (custom)
2022-03-11 10:49:26,798 [f3aed214-ddd5-444c-98e8-173d17ff867b@group-B46C76AC753E-LeaderElection3] INFO  server.RaftServerConfigKeys (ConfUtils.java:logGet(44)) - raft.server.log.appender.buffer.element-limit = 1 (custom)
2022-03-11 10:49:26,798 [f3aed214-ddd5-444c-98e8-173d17ff867b@group-B46C76AC753E-LeaderElection3] INFO  grpc.GrpcConfigKeys (ConfUtils.java:logGet(44)) - raft.grpc.server.leader.outstanding.appends.max = 128 (default)
2022-03-11 10:49:26,798 [f3aed214-ddd5-444c-98e8-173d17ff867b@group-B46C76AC753E-LeaderElection3] INFO  server.RaftServerConfigKeys (ConfUtils.java:logGet(44)) - raft.server.rpc.request.timeout = 60s (custom)
2022-03-11 10:49:26,798 [f3aed214-ddd5-444c-98e8-173d17ff867b@group-B46C76AC753E-LeaderElection3] INFO  server.RaftServerConfigKeys (ConfUtils.java:logGet(44)) - raft.server.log.appender.install.snapshot.enabled = false (custom)
2022-03-11 10:49:26,800 [f3aed214-ddd5-444c-98e8-173d17ff867b@group-B46C76AC753E-LeaderElection3] INFO  impl.RoleInfo (RoleInfo.java:updateAndGet(130)) - f3aed214-ddd5-444c-98e8-173d17ff867b: start f3aed214-ddd5-444c-98e8-173d17ff867b@group-B46C76AC753E-LeaderStateImpl
2022-03-11 10:49:26,800 [f3aed214-ddd5-444c-98e8-173d17ff867b@group-B46C76AC753E-LeaderElection3] INFO  segmented.SegmentedRaftLogWorker (SegmentedRaftLogWorker.java:startLogSegment(394)) - f3aed214-ddd5-444c-98e8-173d17ff867b@group-B46C76AC753E-SegmentedRaftLogWorker: Starting segment from index:0
2022-03-11 10:49:26,802 [f3aed214-ddd5-444c-98e8-173d17ff867b@group-B46C76AC753E-SegmentedRaftLogWorker] INFO  segmented.SegmentedRaftLogWorker (SegmentedRaftLogWorker.java:execute(601)) - f3aed214-ddd5-444c-98e8-173d17ff867b@group-B46C76AC753E-SegmentedRaftLogWorker: created new log segment /home/runner/work/ozone/ozone/hadoop-ozone/integration-test/target/test-dir/MiniOzoneClusterImpl-80d3c9c6-9062-4062-b57d-7974188da005/datanode-0/data/ratis/1fa5eb99-f4f0-4ee0-abc8-b46c76ac753e/current/log_inprogress_0
2022-03-11 10:49:26,815 [f3aed214-ddd5-444c-98e8-173d17ff867b@group-B46C76AC753E-LeaderElection3] INFO  server.RaftServer$Division (ServerState.java:setRaftConf(387)) - f3aed214-ddd5-444c-98e8-173d17ff867b@group-B46C76AC753E: set configuration 0: [f3aed214-ddd5-444c-98e8-173d17ff867b|rpc:10.1.0.4:34925|dataStream:|priority:1, 693b3978-b6c3-4afe-acf3-887a6d6ab502|rpc:10.1.0.4:38697|dataStream:|priority:0, ba75fcdf-ff67-476a-a5ef-de9b108b869e|rpc:10.1.0.4:41971|dataStream:|priority:0], old=null
2022-03-11 10:49:26,839 [grpc-default-executor-1] INFO  ratis.XceiverServerRatis (XceiverServerRatis.java:handleLeaderChangedNotification(867)) - Leader change notification received for group: group-B46C76AC753E with new leaderId: f3aed214-ddd5-444c-98e8-173d17ff867b
2022-03-11 10:49:26,839 [grpc-default-executor-1] INFO  server.RaftServer$Division (ServerState.java:setLeader(285)) - ba75fcdf-ff67-476a-a5ef-de9b108b869e@group-B46C76AC753E: change Leader from null to f3aed214-ddd5-444c-98e8-173d17ff867b at term 1 for appendEntries, leader elected after 4769ms
2022-03-11 10:49:26,847 [grpc-default-executor-2] INFO  ratis.XceiverServerRatis (XceiverServerRatis.java:handleLeaderChangedNotification(867)) - Leader change notification received for group: group-B46C76AC753E with new leaderId: f3aed214-ddd5-444c-98e8-173d17ff867b
2022-03-11 10:49:26,847 [grpc-default-executor-2] INFO  server.RaftServer$Division (ServerState.java:setLeader(285)) - 693b3978-b6c3-4afe-acf3-887a6d6ab502@group-B46C76AC753E: change Leader from null to f3aed214-ddd5-444c-98e8-173d17ff867b at term 1 for appendEntries, leader elected after 4650ms
2022-03-11 10:49:26,869 [grpc-default-executor-2] INFO  server.RaftServer$Division (ServerState.java:setRaftConf(387)) - ba75fcdf-ff67-476a-a5ef-de9b108b869e@group-B46C76AC753E: set configuration 0: [f3aed214-ddd5-444c-98e8-173d17ff867b|rpc:10.1.0.4:34925|dataStream:|priority:1, 693b3978-b6c3-4afe-acf3-887a6d6ab502|rpc:10.1.0.4:38697|dataStream:|priority:0, ba75fcdf-ff67-476a-a5ef-de9b108b869e|rpc:10.1.0.4:41971|dataStream:|priority:0], old=null
2022-03-11 10:49:26,869 [grpc-default-executor-1] INFO  server.RaftServer$Division (ServerState.java:setRaftConf(387)) - 693b3978-b6c3-4afe-acf3-887a6d6ab502@group-B46C76AC753E: set configuration 0: [f3aed214-ddd5-444c-98e8-173d17ff867b|rpc:10.1.0.4:34925|dataStream:|priority:1, 693b3978-b6c3-4afe-acf3-887a6d6ab502|rpc:10.1.0.4:38697|dataStream:|priority:0, ba75fcdf-ff67-476a-a5ef-de9b108b869e|rpc:10.1.0.4:41971|dataStream:|priority:0], old=null
2022-03-11 10:49:26,870 [grpc-default-executor-2] INFO  segmented.SegmentedRaftLogWorker (SegmentedRaftLogWorker.java:startLogSegment(394)) - ba75fcdf-ff67-476a-a5ef-de9b108b869e@group-B46C76AC753E-SegmentedRaftLogWorker: Starting segment from index:0
2022-03-11 10:49:26,870 [grpc-default-executor-1] INFO  segmented.SegmentedRaftLogWorker (SegmentedRaftLogWorker.java:startLogSegment(394)) - 693b3978-b6c3-4afe-acf3-887a6d6ab502@group-B46C76AC753E-SegmentedRaftLogWorker: Starting segment from index:0
2022-03-11 10:49:26,871 [ba75fcdf-ff67-476a-a5ef-de9b108b869e@group-B46C76AC753E-SegmentedRaftLogWorker] INFO  segmented.SegmentedRaftLogWorker (SegmentedRaftLogWorker.java:execute(601)) - ba75fcdf-ff67-476a-a5ef-de9b108b869e@group-B46C76AC753E-SegmentedRaftLogWorker: created new log segment /home/runner/work/ozone/ozone/hadoop-ozone/integration-test/target/test-dir/MiniOzoneClusterImpl-80d3c9c6-9062-4062-b57d-7974188da005/datanode-1/data/ratis/1fa5eb99-f4f0-4ee0-abc8-b46c76ac753e/current/log_inprogress_0
2022-03-11 10:49:26,872 [693b3978-b6c3-4afe-acf3-887a6d6ab502@group-B46C76AC753E-SegmentedRaftLogWorker] INFO  segmented.SegmentedRaftLogWorker (SegmentedRaftLogWorker.java:execute(601)) - 693b3978-b6c3-4afe-acf3-887a6d6ab502@group-B46C76AC753E-SegmentedRaftLogWorker: created new log segment /home/runner/work/ozone/ozone/hadoop-ozone/integration-test/target/test-dir/MiniOzoneClusterImpl-80d3c9c6-9062-4062-b57d-7974188da005/datanode-2/data/ratis/1fa5eb99-f4f0-4ee0-abc8-b46c76ac753e/current/log_inprogress_0
2022-03-11 10:49:26,996 [Listener at 127.0.0.1/40509] INFO  ozone.MiniOzoneClusterImpl (MiniOzoneClusterImpl.java:lambda$waitForClusterToBeReady$0(219)) - Nodes are ready. Got 6 of 6 DN Heartbeats.
2022-03-11 10:49:26,996 [Listener at 127.0.0.1/40509] INFO  ozone.MiniOzoneClusterImpl (MiniOzoneClusterImpl.java:lambda$waitForClusterToBeReady$0(222)) - Cluster exits safe mode
2022-03-11 10:49:26,996 [Listener at 127.0.0.1/40509] INFO  ozone.MiniOzoneClusterImpl (MiniOzoneClusterImpl.java:lambda$waitForClusterToBeReady$0(224)) - SCM became leader
2022-03-11 10:49:27,025 [Listener at 127.0.0.1/40509] WARN  server.ServerUtils (ServerUtils.java:getScmDbDir(148)) - ozone.scm.db.dirs is not configured. We recommend adding this setting. Falling back to ozone.metadata.dirs instead.
2022-03-11 10:49:27,031 [Listener at 127.0.0.1/40509] INFO  ha.SCMHANodeDetails (SCMHANodeDetails.java:loadSCMHAConfig(157)) - ServiceID for StorageContainerManager is null
2022-03-11 10:49:27,031 [Listener at 127.0.0.1/40509] INFO  ha.SCMHANodeDetails (SCMHANodeDetails.java:loadSCMHAConfig(162)) - ozone.scm.default.service.id is not defined, falling back to ozone.scm.service.ids to find serviceID for StorageContainerManager if it is HA enabled cluster
2022-03-11 10:49:27,032 [Listener at 127.0.0.1/40509] WARN  server.ServerUtils (ServerUtils.java:getScmDbDir(148)) - ozone.scm.db.dirs is not configured. We recommend adding this setting. Falling back to ozone.metadata.dirs instead.
2022-03-11 10:49:27,033 [Listener at 127.0.0.1/40509] INFO  upgrade.AbstractLayoutVersionManager (AbstractLayoutVersionManager.java:init(79)) - Initializing Layout version manager with metadata layout = SCM_HA (version = 2), software layout = SCM_HA (version = 2)
2022-03-11 10:49:27,149 [Listener at 127.0.0.1/40509] INFO  reflections.Reflections (Reflections.java:scan(232)) - Reflections took 108 ms to scan 7 urls, producing 122 keys and 286 values 
2022-03-11 10:49:27,153 [Listener at 127.0.0.1/40509] WARN  utils.HAUtils (HAUtils.java:getMetaDir(342)) - ozone.scm.db.dirs is not configured. We recommend adding this setting. Falling back to ozone.metadata.dirs instead.
2022-03-11 10:49:27,154 [Listener at 127.0.0.1/40509] WARN  db.DBStoreBuilder (DBStoreBuilder.java:applyDBDefinition(145)) - ozone.scm.db.dirs is not configured. We recommend adding this setting. Falling back to ozone.metadata.dirs instead.
2022-03-11 10:49:27,177 [ba75fcdf-ff67-476a-a5ef-de9b108b869e@group-DCFDB9591962-FollowerState] INFO  impl.FollowerState (FollowerState.java:run(134)) - ba75fcdf-ff67-476a-a5ef-de9b108b869e@group-DCFDB9591962-FollowerState: change to CANDIDATE, lastRpcElapsedTime:5133543711ns, electionTimeout:5120ms
2022-03-11 10:49:27,177 [ba75fcdf-ff67-476a-a5ef-de9b108b869e@group-DCFDB9591962-FollowerState] INFO  impl.RoleInfo (RoleInfo.java:shutdownFollowerState(108)) - ba75fcdf-ff67-476a-a5ef-de9b108b869e: shutdown ba75fcdf-ff67-476a-a5ef-de9b108b869e@group-DCFDB9591962-FollowerState
2022-03-11 10:49:27,177 [ba75fcdf-ff67-476a-a5ef-de9b108b869e@group-DCFDB9591962-FollowerState] INFO  server.RaftServer$Division (RaftServerImpl.java:setRole(290)) - ba75fcdf-ff67-476a-a5ef-de9b108b869e@group-DCFDB9591962: changes role from  FOLLOWER to CANDIDATE at term 0 for changeToCandidate
2022-03-11 10:49:27,177 [ba75fcdf-ff67-476a-a5ef-de9b108b869e@group-DCFDB9591962-FollowerState] INFO  server.RaftServerConfigKeys (ConfUtils.java:logGet(44)) - raft.server.leaderelection.pre-vote = false (custom)
2022-03-11 10:49:27,177 [ba75fcdf-ff67-476a-a5ef-de9b108b869e@group-DCFDB9591962-FollowerState] INFO  impl.RoleInfo (RoleInfo.java:updateAndGet(130)) - ba75fcdf-ff67-476a-a5ef-de9b108b869e: start ba75fcdf-ff67-476a-a5ef-de9b108b869e@group-DCFDB9591962-LeaderElection4
2022-03-11 10:49:27,197 [ba75fcdf-ff67-476a-a5ef-de9b108b869e@group-DCFDB9591962-LeaderElection4] INFO  impl.LeaderElection (LeaderElection.java:askForVotes(306)) - ba75fcdf-ff67-476a-a5ef-de9b108b869e@group-DCFDB9591962-LeaderElection4 ELECTION round 0: submit vote requests at term 1 for -1: [ba75fcdf-ff67-476a-a5ef-de9b108b869e|rpc:10.1.0.4:41971|priority:1], old=null
2022-03-11 10:49:27,197 [ba75fcdf-ff67-476a-a5ef-de9b108b869e@group-DCFDB9591962-LeaderElection4] INFO  impl.LeaderElection (LeaderElection.java:askForVotes(308)) - ba75fcdf-ff67-476a-a5ef-de9b108b869e@group-DCFDB9591962-LeaderElection4 ELECTION round 0: result PASSED (term=1)
2022-03-11 10:49:27,197 [ba75fcdf-ff67-476a-a5ef-de9b108b869e@group-DCFDB9591962-LeaderElection4] INFO  impl.RoleInfo (RoleInfo.java:shutdownLeaderElection(121)) - ba75fcdf-ff67-476a-a5ef-de9b108b869e: shutdown ba75fcdf-ff67-476a-a5ef-de9b108b869e@group-DCFDB9591962-LeaderElection4
2022-03-11 10:49:27,197 [ba75fcdf-ff67-476a-a5ef-de9b108b869e@group-DCFDB9591962-LeaderElection4] INFO  server.RaftServer$Division (RaftServerImpl.java:setRole(290)) - ba75fcdf-ff67-476a-a5ef-de9b108b869e@group-DCFDB9591962: changes role from CANDIDATE to LEADER at term 1 for changeToLeader
2022-03-11 10:49:27,197 [ba75fcdf-ff67-476a-a5ef-de9b108b869e@group-DCFDB9591962-LeaderElection4] INFO  ratis.XceiverServerRatis (XceiverServerRatis.java:handleLeaderChangedNotification(867)) - Leader change notification received for group: group-DCFDB9591962 with new leaderId: ba75fcdf-ff67-476a-a5ef-de9b108b869e
2022-03-11 10:49:27,198 [ba75fcdf-ff67-476a-a5ef-de9b108b869e@group-DCFDB9591962-LeaderElection4] INFO  server.RaftServer$Division (ServerState.java:setLeader(285)) - ba75fcdf-ff67-476a-a5ef-de9b108b869e@group-DCFDB9591962: change Leader from null to ba75fcdf-ff67-476a-a5ef-de9b108b869e at term 1 for becomeLeader, leader elected after 5171ms
2022-03-11 10:49:27,198 [ba75fcdf-ff67-476a-a5ef-de9b108b869e@group-DCFDB9591962-LeaderElection4] INFO  server.RaftServerConfigKeys (ConfUtils.java:logGet(44)) - raft.server.staging.catchup.gap = 1000 (default)
2022-03-11 10:49:27,198 [ba75fcdf-ff67-476a-a5ef-de9b108b869e@group-DCFDB9591962-LeaderElection4] INFO  server.RaftServerConfigKeys (ConfUtils.java:logGet(44)) - raft.server.write.element-limit = 1024 (custom)
2022-03-11 10:49:27,198 [ba75fcdf-ff67-476a-a5ef-de9b108b869e@group-DCFDB9591962-LeaderElection4] INFO  server.RaftServerConfigKeys (ConfUtils.java:logGet(44)) - raft.server.write.byte-limit = 1024 M (=1073741824) (custom)
2022-03-11 10:49:27,201 [ba75fcdf-ff67-476a-a5ef-de9b108b869e@group-DCFDB9591962-LeaderElection4] INFO  server.RaftServerConfigKeys (ConfUtils.java:logGet(44)) - raft.server.watch.timeout = 180s (custom)
2022-03-11 10:49:27,202 [ba75fcdf-ff67-476a-a5ef-de9b108b869e@group-DCFDB9591962-LeaderElection4] INFO  server.RaftServerConfigKeys (ConfUtils.java:logGet(44)) - raft.server.watch.timeout.denomination = 1s (default)
2022-03-11 10:49:27,202 [ba75fcdf-ff67-476a-a5ef-de9b108b869e@group-DCFDB9591962-LeaderElection4] INFO  server.RaftServerConfigKeys (ConfUtils.java:logGet(44)) - raft.server.watch.element-limit = 65536 (default)
2022-03-11 10:49:27,202 [ba75fcdf-ff67-476a-a5ef-de9b108b869e@group-DCFDB9591962-LeaderElection4] INFO  server.RaftServerConfigKeys (ConfUtils.java:logGet(44)) - raft.server.write.element-limit = 1024 (custom)
2022-03-11 10:49:27,202 [ba75fcdf-ff67-476a-a5ef-de9b108b869e@group-DCFDB9591962-LeaderElection4] INFO  server.RaftServerConfigKeys (ConfUtils.java:logGet(44)) - raft.server.write.follower.gap.ratio.max = -1.0 (default)
2022-03-11 10:49:27,202 [ba75fcdf-ff67-476a-a5ef-de9b108b869e@group-DCFDB9591962-LeaderElection4] INFO  impl.RoleInfo (RoleInfo.java:updateAndGet(130)) - ba75fcdf-ff67-476a-a5ef-de9b108b869e: start ba75fcdf-ff67-476a-a5ef-de9b108b869e@group-DCFDB9591962-LeaderStateImpl
2022-03-11 10:49:27,203 [ba75fcdf-ff67-476a-a5ef-de9b108b869e@group-DCFDB9591962-LeaderElection4] INFO  segmented.SegmentedRaftLogWorker (SegmentedRaftLogWorker.java:startLogSegment(394)) - ba75fcdf-ff67-476a-a5ef-de9b108b869e@group-DCFDB9591962-SegmentedRaftLogWorker: Starting segment from index:0
2022-03-11 10:49:27,204 [ba75fcdf-ff67-476a-a5ef-de9b108b869e@group-DCFDB9591962-SegmentedRaftLogWorker] INFO  segmented.SegmentedRaftLogWorker (SegmentedRaftLogWorker.java:execute(601)) - ba75fcdf-ff67-476a-a5ef-de9b108b869e@group-DCFDB9591962-SegmentedRaftLogWorker: created new log segment /home/runner/work/ozone/ozone/hadoop-ozone/integration-test/target/test-dir/MiniOzoneClusterImpl-80d3c9c6-9062-4062-b57d-7974188da005/datanode-1/data/ratis/2ce12bc1-5aa5-4127-9fe9-dcfdb9591962/current/log_inprogress_0
2022-03-11 10:49:27,219 [ba75fcdf-ff67-476a-a5ef-de9b108b869e@group-DCFDB9591962-LeaderElection4] INFO  server.RaftServer$Division (ServerState.java:setRaftConf(387)) - ba75fcdf-ff67-476a-a5ef-de9b108b869e@group-DCFDB9591962: set configuration 0: [ba75fcdf-ff67-476a-a5ef-de9b108b869e|rpc:10.1.0.4:41971|dataStream:|priority:1], old=null
2022-03-11 10:49:27,318 [Listener at 127.0.0.1/40509] INFO  net.NodeSchemaLoader (NodeSchemaLoader.java:loadSchemaFromFile(129)) - Loading schema from [jar:file:/home/runner/.m2/repository/org/apache/ozone/hdds-common/1.3.0-SNAPSHOT/hdds-common-1.3.0-SNAPSHOT.jar!/network-topology-default.xml]
2022-03-11 10:49:27,318 [Listener at 127.0.0.1/40509] INFO  net.NodeSchemaLoader (NodeSchemaLoader.java:loadSchema(176)) - Loading network topology layer schema file
2022-03-11 10:49:27,325 [Listener at 127.0.0.1/40509] WARN  impl.MetricRegistriesImpl (MetricRegistriesImpl.java:addReporterRegistration(111)) - New reporters are added after registries were created. Some metrics will be missing from the reporter. Please add reporter before adding any new registry.
2022-03-11 10:49:27,326 [Listener at 127.0.0.1/40509] WARN  impl.MetricRegistriesImpl (MetricRegistriesImpl.java:addReporterRegistration(111)) - New reporters are added after registries were created. Some metrics will be missing from the reporter. Please add reporter before adding any new registry.
2022-03-11 10:49:27,326 [Listener at 127.0.0.1/40509] INFO  ha.SequenceIdGenerator (SequenceIdGenerator.java:upgradeToSequenceId(347)) - upgrade localId to 109611004723200000
2022-03-11 10:49:27,326 [Listener at 127.0.0.1/40509] INFO  ha.SequenceIdGenerator (SequenceIdGenerator.java:upgradeToSequenceId(357)) - upgrade delTxnId to 0
2022-03-11 10:49:27,326 [Listener at 127.0.0.1/40509] INFO  ha.SequenceIdGenerator (SequenceIdGenerator.java:upgradeToSequenceId(371)) - upgrade containerId to 0
2022-03-11 10:49:27,326 [Listener at 127.0.0.1/40509] INFO  ha.SequenceIdGenerator (SequenceIdGenerator.java:<init>(218)) - Init the HA SequenceIdGenerator.
2022-03-11 10:49:27,333 [Listener at 127.0.0.1/40509] INFO  node.SCMNodeManager (SCMNodeManager.java:<init>(146)) - Entering startup safe mode.
2022-03-11 10:49:27,334 [Listener at 127.0.0.1/40509] INFO  algorithms.ContainerPlacementPolicyFactory (ContainerPlacementPolicyFactory.java:getPolicy(60)) - Create container placement policy of type org.apache.hadoop.hdds.scm.container.placement.algorithms.SCMContainerPlacementRandom
2022-03-11 10:49:27,334 [Listener at 127.0.0.1/40509] INFO  pipeline.PipelineStateManagerImpl (PipelineStateManagerImpl.java:initialize(78)) - No pipeline exists in current db
2022-03-11 10:49:27,335 [Listener at 127.0.0.1/40509] INFO  algorithms.LeaderChoosePolicyFactory (LeaderChoosePolicyFactory.java:getPolicy(57)) - Create leader choose policy of type org.apache.hadoop.hdds.scm.pipeline.leader.choose.algorithms.MinLeaderCountChoosePolicy
2022-03-11 10:49:27,335 [Listener at 127.0.0.1/40509] INFO  ha.SCMServiceManager (SCMServiceManager.java:register(42)) - Registering service BackgroundPipelineCreator.
2022-03-11 10:49:27,335 [Listener at 127.0.0.1/40509] INFO  pipeline.BackgroundPipelineCreator (BackgroundPipelineCreator.java:start(130)) - Starting RatisPipelineUtilsThread.
2022-03-11 10:49:27,343 [Listener at 127.0.0.1/40509] INFO  algorithms.PipelineChoosePolicyFactory (PipelineChoosePolicyFactory.java:createPipelineChoosePolicyFromClass(73)) - Create pipeline choose policy of type org.apache.hadoop.hdds.scm.pipeline.choose.algorithms.RandomPipelineChoosePolicy
2022-03-11 10:49:27,344 [Listener at 127.0.0.1/40509] INFO  ha.SCMServiceManager (SCMServiceManager.java:register(42)) - Registering service SCMBlockDeletingService.
2022-03-11 10:49:27,344 [Listener at 127.0.0.1/40509] INFO  ha.SCMServiceManager (SCMServiceManager.java:register(42)) - Registering service ReplicationManager.
2022-03-11 10:49:27,345 [Listener at 127.0.0.1/40509] INFO  container.ReplicationManager (ReplicationManager.java:start(326)) - Starting Replication Monitor Thread.
2022-03-11 10:49:27,354 [ReplicationMonitor] INFO  container.ReplicationManager (ReplicationManager.java:processAll(374)) - Replication Manager is not ready to run until 3000ms after safemode exit
2022-03-11 10:49:27,355 [Listener at 127.0.0.1/40509] INFO  safemode.ContainerSafeModeRule (ContainerSafeModeRule.java:<init>(89)) - containers with one replica threshold count 0
2022-03-11 10:49:27,355 [Listener at 127.0.0.1/40509] INFO  safemode.HealthyPipelineSafeModeRule (HealthyPipelineSafeModeRule.java:initializeRule(156)) - Total pipeline count is 0, healthy pipeline threshold count is 1
2022-03-11 10:49:27,356 [Listener at 127.0.0.1/40509] INFO  safemode.OneReplicaPipelineSafeModeRule (OneReplicaPipelineSafeModeRule.java:initializeRule(180)) - Total pipeline count is 0, pipeline's with at least one datanode reported threshold count is 0
2022-03-11 10:49:27,363 [Listener at 127.0.0.1/40509] INFO  ipc.CallQueueManager (CallQueueManager.java:<init>(90)) - Using callQueue: class java.util.concurrent.LinkedBlockingQueue, queueCapacity: 2000, scheduler: class org.apache.hadoop.ipc.DefaultRpcScheduler, ipcBackoff: false.
2022-03-11 10:49:27,368 [Socket Reader #1 for port 0] INFO  ipc.Server (Server.java:run(1265)) - Starting Socket Reader #1 for port 0
2022-03-11 10:49:27,378 [Listener at 0.0.0.0/34787] INFO  ipc.CallQueueManager (CallQueueManager.java:<init>(90)) - Using callQueue: class java.util.concurrent.LinkedBlockingQueue, queueCapacity: 2000, scheduler: class org.apache.hadoop.ipc.DefaultRpcScheduler, ipcBackoff: false.
2022-03-11 10:49:27,384 [Socket Reader #1 for port 0] INFO  ipc.Server (Server.java:run(1265)) - Starting Socket Reader #1 for port 0
2022-03-11 10:49:27,388 [Listener at 0.0.0.0/33897] INFO  ipc.CallQueueManager (CallQueueManager.java:<init>(90)) - Using callQueue: class java.util.concurrent.LinkedBlockingQueue, queueCapacity: 2000, scheduler: class org.apache.hadoop.ipc.DefaultRpcScheduler, ipcBackoff: false.
2022-03-11 10:49:27,408 [Socket Reader #1 for port 0] INFO  ipc.Server (Server.java:run(1265)) - Starting Socket Reader #1 for port 0
2022-03-11 10:49:27,467 [Listener at 0.0.0.0/35073] INFO  server.StorageContainerManager (StorageContainerManager.java:<init>(389)) - 
Container Balancer status:
Key                            Value
Running                        false
Container Balancer Configuration values:
Key                                                Value
Threshold                                          10
Max Datanodes to Involve per Iteration(percent)    20
Max Size to Move per Iteration                     500GB
Max Size Entering Target per Iteration             26GB
Max Size Leaving Source per Iteration              26GB

2022-03-11 10:49:27,468 [Listener at 0.0.0.0/35073] WARN  events.EventQueue (EventQueue.java:fireEvent(194)) - No event handler registered for event TypedEvent{payloadType=SafeModeStatus, name='Safe mode status'}
2022-03-11 10:49:27,469 [Listener at 0.0.0.0/35073] INFO  ha.SCMContext (SCMContext.java:updateSafeModeStatus(211)) - Update SafeModeStatus from SafeModeStatus{safeModeStatus=true, preCheckPassed=false} to SafeModeStatus{safeModeStatus=true, preCheckPassed=false}.
2022-03-11 10:49:27,471 [Listener at 0.0.0.0/35073] INFO  server.StorageContainerManager (StorageContainerManager.java:start(1327)) - StorageContainerLocationProtocol RPC server is listening at /0.0.0.0:35073
2022-03-11 10:49:27,471 [Listener at 0.0.0.0/35073] INFO  impl.MetricsSystemImpl (MetricsSystemImpl.java:init(158)) - StorageContainerManager metrics system started (again)
2022-03-11 10:49:27,480 [693b3978-b6c3-4afe-acf3-887a6d6ab502@group-D6B43088F157-FollowerState] INFO  impl.FollowerState (FollowerState.java:run(134)) - 693b3978-b6c3-4afe-acf3-887a6d6ab502@group-D6B43088F157-FollowerState: change to CANDIDATE, lastRpcElapsedTime:5112249357ns, electionTimeout:5111ms
2022-03-11 10:49:27,481 [693b3978-b6c3-4afe-acf3-887a6d6ab502@group-D6B43088F157-FollowerState] INFO  impl.RoleInfo (RoleInfo.java:shutdownFollowerState(108)) - 693b3978-b6c3-4afe-acf3-887a6d6ab502: shutdown 693b3978-b6c3-4afe-acf3-887a6d6ab502@group-D6B43088F157-FollowerState
2022-03-11 10:49:27,481 [693b3978-b6c3-4afe-acf3-887a6d6ab502@group-D6B43088F157-FollowerState] INFO  server.RaftServer$Division (RaftServerImpl.java:setRole(290)) - 693b3978-b6c3-4afe-acf3-887a6d6ab502@group-D6B43088F157: changes role from  FOLLOWER to CANDIDATE at term 0 for changeToCandidate
2022-03-11 10:49:27,481 [693b3978-b6c3-4afe-acf3-887a6d6ab502@group-D6B43088F157-FollowerState] INFO  server.RaftServerConfigKeys (ConfUtils.java:logGet(44)) - raft.server.leaderelection.pre-vote = false (custom)
2022-03-11 10:49:27,481 [693b3978-b6c3-4afe-acf3-887a6d6ab502@group-D6B43088F157-FollowerState] INFO  impl.RoleInfo (RoleInfo.java:updateAndGet(130)) - 693b3978-b6c3-4afe-acf3-887a6d6ab502: start 693b3978-b6c3-4afe-acf3-887a6d6ab502@group-D6B43088F157-LeaderElection5
2022-03-11 10:49:27,509 [693b3978-b6c3-4afe-acf3-887a6d6ab502@group-D6B43088F157-LeaderElection5] INFO  impl.LeaderElection (LeaderElection.java:askForVotes(306)) - 693b3978-b6c3-4afe-acf3-887a6d6ab502@group-D6B43088F157-LeaderElection5 ELECTION round 0: submit vote requests at term 1 for -1: [693b3978-b6c3-4afe-acf3-887a6d6ab502|rpc:10.1.0.4:38697|priority:1], old=null
2022-03-11 10:49:27,509 [693b3978-b6c3-4afe-acf3-887a6d6ab502@group-D6B43088F157-LeaderElection5] INFO  impl.LeaderElection (LeaderElection.java:askForVotes(308)) - 693b3978-b6c3-4afe-acf3-887a6d6ab502@group-D6B43088F157-LeaderElection5 ELECTION round 0: result PASSED (term=1)
2022-03-11 10:49:27,509 [693b3978-b6c3-4afe-acf3-887a6d6ab502@group-D6B43088F157-LeaderElection5] INFO  impl.RoleInfo (RoleInfo.java:shutdownLeaderElection(121)) - 693b3978-b6c3-4afe-acf3-887a6d6ab502: shutdown 693b3978-b6c3-4afe-acf3-887a6d6ab502@group-D6B43088F157-LeaderElection5
2022-03-11 10:49:27,509 [693b3978-b6c3-4afe-acf3-887a6d6ab502@group-D6B43088F157-LeaderElection5] INFO  server.RaftServer$Division (RaftServerImpl.java:setRole(290)) - 693b3978-b6c3-4afe-acf3-887a6d6ab502@group-D6B43088F157: changes role from CANDIDATE to LEADER at term 1 for changeToLeader
2022-03-11 10:49:27,509 [693b3978-b6c3-4afe-acf3-887a6d6ab502@group-D6B43088F157-LeaderElection5] INFO  ratis.XceiverServerRatis (XceiverServerRatis.java:handleLeaderChangedNotification(867)) - Leader change notification received for group: group-D6B43088F157 with new leaderId: 693b3978-b6c3-4afe-acf3-887a6d6ab502
2022-03-11 10:49:27,509 [693b3978-b6c3-4afe-acf3-887a6d6ab502@group-D6B43088F157-LeaderElection5] INFO  server.RaftServer$Division (ServerState.java:setLeader(285)) - 693b3978-b6c3-4afe-acf3-887a6d6ab502@group-D6B43088F157: change Leader from null to 693b3978-b6c3-4afe-acf3-887a6d6ab502 at term 1 for becomeLeader, leader elected after 5150ms
2022-03-11 10:49:27,509 [693b3978-b6c3-4afe-acf3-887a6d6ab502@group-D6B43088F157-LeaderElection5] INFO  server.RaftServerConfigKeys (ConfUtils.java:logGet(44)) - raft.server.staging.catchup.gap = 1000 (default)
2022-03-11 10:49:27,509 [693b3978-b6c3-4afe-acf3-887a6d6ab502@group-D6B43088F157-LeaderElection5] INFO  server.RaftServerConfigKeys (ConfUtils.java:logGet(44)) - raft.server.write.element-limit = 1024 (custom)
2022-03-11 10:49:27,509 [693b3978-b6c3-4afe-acf3-887a6d6ab502@group-D6B43088F157-LeaderElection5] INFO  server.RaftServerConfigKeys (ConfUtils.java:logGet(44)) - raft.server.write.byte-limit = 1024 M (=1073741824) (custom)
2022-03-11 10:49:27,510 [693b3978-b6c3-4afe-acf3-887a6d6ab502@group-D6B43088F157-LeaderElection5] INFO  server.RaftServerConfigKeys (ConfUtils.java:logGet(44)) - raft.server.watch.timeout = 180s (custom)
2022-03-11 10:49:27,510 [693b3978-b6c3-4afe-acf3-887a6d6ab502@group-D6B43088F157-LeaderElection5] INFO  server.RaftServerConfigKeys (ConfUtils.java:logGet(44)) - raft.server.watch.timeout.denomination = 1s (default)
2022-03-11 10:49:27,510 [693b3978-b6c3-4afe-acf3-887a6d6ab502@group-D6B43088F157-LeaderElection5] INFO  server.RaftServerConfigKeys (ConfUtils.java:logGet(44)) - raft.server.watch.element-limit = 65536 (default)
2022-03-11 10:49:27,510 [693b3978-b6c3-4afe-acf3-887a6d6ab502@group-D6B43088F157-LeaderElection5] INFO  server.RaftServerConfigKeys (ConfUtils.java:logGet(44)) - raft.server.write.element-limit = 1024 (custom)
2022-03-11 10:49:27,510 [693b3978-b6c3-4afe-acf3-887a6d6ab502@group-D6B43088F157-LeaderElection5] INFO  server.RaftServerConfigKeys (ConfUtils.java:logGet(44)) - raft.server.write.follower.gap.ratio.max = -1.0 (default)
2022-03-11 10:49:27,510 [693b3978-b6c3-4afe-acf3-887a6d6ab502@group-D6B43088F157-LeaderElection5] INFO  impl.RoleInfo (RoleInfo.java:updateAndGet(130)) - 693b3978-b6c3-4afe-acf3-887a6d6ab502: start 693b3978-b6c3-4afe-acf3-887a6d6ab502@group-D6B43088F157-LeaderStateImpl
2022-03-11 10:49:27,514 [693b3978-b6c3-4afe-acf3-887a6d6ab502@group-D6B43088F157-LeaderElection5] INFO  segmented.SegmentedRaftLogWorker (SegmentedRaftLogWorker.java:startLogSegment(394)) - 693b3978-b6c3-4afe-acf3-887a6d6ab502@group-D6B43088F157-SegmentedRaftLogWorker: Starting segment from index:0
2022-03-11 10:49:27,515 [Listener at 0.0.0.0/35073] INFO  server.SCMClientProtocolServer (SCMClientProtocolServer.java:start(165)) - RPC server for Client  is listening at /0.0.0.0:35073
2022-03-11 10:49:27,517 [693b3978-b6c3-4afe-acf3-887a6d6ab502@group-D6B43088F157-SegmentedRaftLogWorker] INFO  segmented.SegmentedRaftLogWorker (SegmentedRaftLogWorker.java:execute(601)) - 693b3978-b6c3-4afe-acf3-887a6d6ab502@group-D6B43088F157-SegmentedRaftLogWorker: created new log segment /home/runner/work/ozone/ozone/hadoop-ozone/integration-test/target/test-dir/MiniOzoneClusterImpl-80d3c9c6-9062-4062-b57d-7974188da005/datanode-2/data/ratis/ec6ce125-303b-49a9-a521-d6b43088f157/current/log_inprogress_0
2022-03-11 10:49:27,518 [IPC Server Responder] INFO  ipc.Server (Server.java:run(1507)) - IPC Server Responder: starting
2022-03-11 10:49:27,518 [IPC Server listener on 0] INFO  ipc.Server (Server.java:run(1344)) - IPC Server listener on 0: starting
2022-03-11 10:49:27,526 [Listener at 0.0.0.0/35073] INFO  server.StorageContainerManager (StorageContainerManager.java:start(1342)) - ScmBlockLocationProtocol RPC server is listening at /0.0.0.0:33897
2022-03-11 10:49:27,527 [Listener at 0.0.0.0/35073] INFO  server.SCMBlockProtocolServer (SCMBlockProtocolServer.java:start(151)) - RPC server for Block Protocol is listening at /0.0.0.0:33897
2022-03-11 10:49:27,527 [IPC Server Responder] INFO  ipc.Server (Server.java:run(1507)) - IPC Server Responder: starting
2022-03-11 10:49:27,527 [IPC Server listener on 0] INFO  ipc.Server (Server.java:run(1344)) - IPC Server listener on 0: starting
2022-03-11 10:49:27,531 [Listener at 0.0.0.0/35073] INFO  server.SCMDatanodeProtocolServer (SCMDatanodeProtocolServer.java:start(183)) - ScmDatanodeProtocol RPC server for DataNodes is listening at /0.0.0.0:34787
2022-03-11 10:49:27,533 [IPC Server Responder] INFO  ipc.Server (Server.java:run(1507)) - IPC Server Responder: starting
2022-03-11 10:49:27,533 [IPC Server listener on 0] INFO  ipc.Server (Server.java:run(1344)) - IPC Server listener on 0: starting
2022-03-11 10:49:27,549 [Listener at 0.0.0.0/35073] INFO  http.BaseHttpServer (BaseHttpServer.java:newHttpServer2BuilderForOzone(209)) - Starting Web-server for scm at: http://0.0.0.0:0
2022-03-11 10:49:27,549 [Listener at 0.0.0.0/35073] INFO  http.BaseHttpServer (BaseHttpServer.java:<init>(107)) - Hadoop Security Enabled: false Ozone Security Enabled: false Ozone HTTP Security Enabled: false 
2022-03-11 10:49:27,549 [org.apache.hadoop.util.JvmPauseMonitor$Monitor@3ec4a170] INFO  util.JvmPauseMonitor (JvmPauseMonitor.java:run(188)) - Starting JVM pause monitor
2022-03-11 10:49:27,551 [Listener at 0.0.0.0/35073] INFO  server.AuthenticationFilter (AuthenticationFilter.java:constructSecretProvider(240)) - Unable to initialize FileSignerSecretProvider, falling back to use random secrets.
2022-03-11 10:49:27,551 [Listener at 0.0.0.0/35073] WARN  http.HttpRequestLog (HttpRequestLog.java:getRequestLog(103)) - Jetty request log can only be enabled using Log4j
2022-03-11 10:49:27,552 [Listener at 0.0.0.0/35073] INFO  http.HttpServer2 (HttpServer2.java:addGlobalFilter(1030)) - Added global filter 'safety' (class=org.apache.hadoop.hdds.server.http.HttpServer2$QuotingInputFilter)
2022-03-11 10:49:27,553 [Listener at 0.0.0.0/35073] INFO  http.HttpServer2 (HttpServer2.java:addFilter(1006)) - Added filter static_user_filter (class=org.apache.hadoop.http.lib.StaticUserWebFilter$StaticUserFilter) to context scm
2022-03-11 10:49:27,553 [Listener at 0.0.0.0/35073] INFO  http.HttpServer2 (HttpServer2.java:addFilter(1014)) - Added filter static_user_filter (class=org.apache.hadoop.http.lib.StaticUserWebFilter$StaticUserFilter) to context static
2022-03-11 10:49:27,553 [Listener at 0.0.0.0/35073] INFO  http.HttpServer2 (HttpServer2.java:addFilter(1014)) - Added filter static_user_filter (class=org.apache.hadoop.http.lib.StaticUserWebFilter$StaticUserFilter) to context logs
2022-03-11 10:49:27,554 [Listener at 0.0.0.0/35073] INFO  http.HttpServer2 (HttpServer2.java:bindListener(1249)) - Jetty bound to port 45167
2022-03-11 10:49:27,554 [Listener at 0.0.0.0/35073] INFO  server.Server (Server.java:doStart(375)) - jetty-9.4.43.v20210629; built: 2021-06-30T11:07:22.254Z; git: 526006ecfa3af7f1a27ef3a288e2bef7ea9dd7e8; jvm 1.8.0_322-b06
2022-03-11 10:49:27,559 [Listener at 0.0.0.0/35073] INFO  server.session (DefaultSessionIdManager.java:doStart(334)) - DefaultSessionIdManager workerName=node0
2022-03-11 10:49:27,559 [Listener at 0.0.0.0/35073] INFO  server.session (DefaultSessionIdManager.java:doStart(339)) - No SessionScavenger set, using defaults
2022-03-11 10:49:27,560 [Listener at 0.0.0.0/35073] INFO  server.session (HouseKeeper.java:startScavenging(132)) - node0 Scavenging every 600000ms
2022-03-11 10:49:27,561 [Listener at 0.0.0.0/35073] INFO  handler.ContextHandler (ContextHandler.java:doStart(915)) - Started o.e.j.s.ServletContextHandler@3cd07797{logs,/logs,file:///home/runner/work/ozone/ozone/hadoop-ozone/integration-test/target/log,AVAILABLE}
2022-03-11 10:49:27,561 [Listener at 0.0.0.0/35073] INFO  handler.ContextHandler (ContextHandler.java:doStart(915)) - Started o.e.j.s.ServletContextHandler@2258b499{static,/static,file:///home/runner/work/ozone/ozone/hadoop-ozone/integration-test/target/test-classes/webapps/static,AVAILABLE}
2022-03-11 10:49:27,564 [Listener at 0.0.0.0/35073] INFO  handler.ContextHandler (ContextHandler.java:doStart(915)) - Started o.e.j.w.WebAppContext@ba6d362{scm,/,file:///home/runner/work/ozone/ozone/hadoop-ozone/integration-test/target/test-classes/webapps/scm/,AVAILABLE}{file:/home/runner/work/ozone/ozone/hadoop-ozone/integration-test/target/test-classes/webapps/scm}
2022-03-11 10:49:27,567 [693b3978-b6c3-4afe-acf3-887a6d6ab502@group-D6B43088F157-LeaderElection5] INFO  server.RaftServer$Division (ServerState.java:setRaftConf(387)) - 693b3978-b6c3-4afe-acf3-887a6d6ab502@group-D6B43088F157: set configuration 0: [693b3978-b6c3-4afe-acf3-887a6d6ab502|rpc:10.1.0.4:38697|dataStream:|priority:1], old=null
2022-03-11 10:49:27,569 [Listener at 0.0.0.0/35073] INFO  server.AbstractConnector (AbstractConnector.java:doStart(331)) - Started ServerConnector@6ffed014{HTTP/1.1, (http/1.1)}{0.0.0.0:45167}
2022-03-11 10:49:27,571 [Listener at 0.0.0.0/35073] INFO  server.Server (Server.java:doStart(415)) - Started @20287ms
2022-03-11 10:49:27,571 [Listener at 0.0.0.0/35073] WARN  impl.MetricsSystemImpl (MetricsSystemImpl.java:register(279)) - Sink prometheus already exists!
2022-03-11 10:49:27,572 [Listener at 0.0.0.0/35073] INFO  http.BaseHttpServer (BaseHttpServer.java:updateConnectorAddress(329)) - HTTP server of scm listening at http://0.0.0.0:45167
2022-03-11 10:49:27,572 [Listener at 0.0.0.0/35073] WARN  server.ServerUtils (ServerUtils.java:getDBPath(225)) - ozone.om.db.dirs is not configured. We recommend adding this setting. Falling back to ozone.metadata.dirs instead.
2022-03-11 10:49:27,573 [main] INFO  rpc.RpcClient (RpcClient.java:createVolume(399)) - Creating Volume: vol1, with user23176 as owner and space quota set to -1 bytes, counts quota set to -1
2022-03-11 10:49:27,574 [Listener at 0.0.0.0/35073] INFO  ha.OMHANodeDetails (OMHANodeDetails.java:loadOMHAConfig(112)) - ozone.om.internal.service.id is not defined, falling back to ozone.om.service.ids to find serviceID for OzoneManager if it is HA enabled cluster
2022-03-11 10:49:27,574 [Listener at 0.0.0.0/35073] INFO  ha.OMHANodeDetails (OMHANodeDetails.java:loadOMHAConfig(218)) - Configuration does not have ozone.om.address set. Falling back to the default OM address /127.0.0.1:0
2022-03-11 10:49:27,574 [Listener at 0.0.0.0/35073] INFO  ha.OMHANodeDetails (OMHANodeDetails.java:getOMNodeDetailsForNonHA(246)) - OM Service ID is not set. Setting it to the default ID: omServiceIdDefault
2022-03-11 10:49:27,575 [Listener at 0.0.0.0/35073] INFO  ha.OMHANodeDetails (OMHANodeDetails.java:getOMNodeDetailsForNonHA(253)) - OM Node ID is not set. Setting it to the default ID: om1
2022-03-11 10:49:27,575 [Listener at 0.0.0.0/35073] WARN  server.ServerUtils (ServerUtils.java:getDBPath(225)) - ozone.om.db.dirs is not configured. We recommend adding this setting. Falling back to ozone.metadata.dirs instead.
2022-03-11 10:49:27,576 [Listener at 0.0.0.0/35073] INFO  upgrade.AbstractLayoutVersionManager (AbstractLayoutVersionManager.java:init(79)) - Initializing Layout version manager with metadata layout = INITIAL_VERSION (version = 0), software layout = INITIAL_VERSION (version = 0)
2022-03-11 10:49:27,659 [Listener at 0.0.0.0/35073] INFO  reflections.Reflections (Reflections.java:scan(232)) - Reflections took 83 ms to scan 2 urls, producing 134 keys and 349 values [using 2 cores]
2022-03-11 10:49:27,659 [Listener at 0.0.0.0/35073] INFO  upgrade.OMLayoutVersionManager (OMLayoutVersionManager.java:lambda$0(115)) - Skipping Upgrade Action MockOmUpgradeAction since it has been finalized.
2022-03-11 10:49:27,659 [Listener at 0.0.0.0/35073] WARN  server.ServerUtils (ServerUtils.java:getDBPath(225)) - ozone.om.db.dirs is not configured. We recommend adding this setting. Falling back to ozone.metadata.dirs instead.
2022-03-11 10:49:27,671 [ReplicationMonitor] INFO  container.ReplicationManager (ReplicationManager.java:processAll(374)) - Replication Manager is not ready to run until 3000ms after safemode exit
2022-03-11 10:49:27,679 [Listener at 0.0.0.0/35073] WARN  server.ServerUtils (ServerUtils.java:getDBPath(225)) - ozone.om.db.dirs is not configured. We recommend adding this setting. Falling back to ozone.metadata.dirs instead.
2022-03-11 10:49:27,680 [Listener at 0.0.0.0/35073] INFO  codec.OmKeyInfoCodec (OmKeyInfoCodec.java:<init>(50)) - OmKeyInfoCodec ignorePipeline = true
2022-03-11 10:49:27,680 [Listener at 0.0.0.0/35073] INFO  codec.RepeatedOmKeyInfoCodec (RepeatedOmKeyInfoCodec.java:<init>(42)) - RepeatedOmKeyInfoCodec ignorePipeline = true
2022-03-11 10:49:27,734 [23e4bfc5-cacb-4fc8-be31-ea8930f2c93f@group-0B4912BE8EC8-FollowerState] INFO  impl.FollowerState (FollowerState.java:run(134)) - 23e4bfc5-cacb-4fc8-be31-ea8930f2c93f@group-0B4912BE8EC8-FollowerState: change to CANDIDATE, lastRpcElapsedTime:5054223288ns, electionTimeout:5052ms
2022-03-11 10:49:27,734 [23e4bfc5-cacb-4fc8-be31-ea8930f2c93f@group-0B4912BE8EC8-FollowerState] INFO  impl.RoleInfo (RoleInfo.java:shutdownFollowerState(108)) - 23e4bfc5-cacb-4fc8-be31-ea8930f2c93f: shutdown 23e4bfc5-cacb-4fc8-be31-ea8930f2c93f@group-0B4912BE8EC8-FollowerState
2022-03-11 10:49:27,734 [23e4bfc5-cacb-4fc8-be31-ea8930f2c93f@group-0B4912BE8EC8-FollowerState] INFO  server.RaftServer$Division (RaftServerImpl.java:setRole(290)) - 23e4bfc5-cacb-4fc8-be31-ea8930f2c93f@group-0B4912BE8EC8: changes role from  FOLLOWER to CANDIDATE at term 0 for changeToCandidate
2022-03-11 10:49:27,735 [23e4bfc5-cacb-4fc8-be31-ea8930f2c93f@group-0B4912BE8EC8-FollowerState] INFO  server.RaftServerConfigKeys (ConfUtils.java:logGet(44)) - raft.server.leaderelection.pre-vote = false (custom)
2022-03-11 10:49:27,735 [23e4bfc5-cacb-4fc8-be31-ea8930f2c93f@group-0B4912BE8EC8-FollowerState] INFO  impl.RoleInfo (RoleInfo.java:updateAndGet(130)) - 23e4bfc5-cacb-4fc8-be31-ea8930f2c93f: start 23e4bfc5-cacb-4fc8-be31-ea8930f2c93f@group-0B4912BE8EC8-LeaderElection6
2022-03-11 10:49:27,753 [11a6928f-62a2-488c-b467-9300cf759126@group-A4394AC2DAD3-FollowerState] INFO  impl.FollowerState (FollowerState.java:run(134)) - 11a6928f-62a2-488c-b467-9300cf759126@group-A4394AC2DAD3-FollowerState: change to CANDIDATE, lastRpcElapsedTime:5138317443ns, electionTimeout:5136ms
2022-03-11 10:49:27,754 [11a6928f-62a2-488c-b467-9300cf759126@group-A4394AC2DAD3-FollowerState] INFO  impl.RoleInfo (RoleInfo.java:shutdownFollowerState(108)) - 11a6928f-62a2-488c-b467-9300cf759126: shutdown 11a6928f-62a2-488c-b467-9300cf759126@group-A4394AC2DAD3-FollowerState
2022-03-11 10:49:27,754 [11a6928f-62a2-488c-b467-9300cf759126@group-A4394AC2DAD3-FollowerState] INFO  server.RaftServer$Division (RaftServerImpl.java:setRole(290)) - 11a6928f-62a2-488c-b467-9300cf759126@group-A4394AC2DAD3: changes role from  FOLLOWER to CANDIDATE at term 0 for changeToCandidate
2022-03-11 10:49:27,754 [11a6928f-62a2-488c-b467-9300cf759126@group-A4394AC2DAD3-FollowerState] INFO  server.RaftServerConfigKeys (ConfUtils.java:logGet(44)) - raft.server.leaderelection.pre-vote = false (custom)
2022-03-11 10:49:27,754 [11a6928f-62a2-488c-b467-9300cf759126@group-A4394AC2DAD3-FollowerState] INFO  impl.RoleInfo (RoleInfo.java:updateAndGet(130)) - 11a6928f-62a2-488c-b467-9300cf759126: start 11a6928f-62a2-488c-b467-9300cf759126@group-A4394AC2DAD3-LeaderElection7
2022-03-11 10:49:27,754 [23e4bfc5-cacb-4fc8-be31-ea8930f2c93f@group-0B4912BE8EC8-LeaderElection6] INFO  impl.LeaderElection (LeaderElection.java:askForVotes(306)) - 23e4bfc5-cacb-4fc8-be31-ea8930f2c93f@group-0B4912BE8EC8-LeaderElection6 ELECTION round 0: submit vote requests at term 1 for -1: [11a6928f-62a2-488c-b467-9300cf759126|rpc:10.1.0.4:45575|dataStream:|priority:0, 23e4bfc5-cacb-4fc8-be31-ea8930f2c93f|rpc:10.1.0.4:35685|dataStream:|priority:0, 5fc3a91c-8c24-4005-b122-68420aedc983|rpc:10.1.0.4:33243|dataStream:|priority:1], old=null
2022-03-11 10:49:27,784 [11a6928f-62a2-488c-b467-9300cf759126@group-A4394AC2DAD3-LeaderElection7] INFO  impl.LeaderElection (LeaderElection.java:askForVotes(306)) - 11a6928f-62a2-488c-b467-9300cf759126@group-A4394AC2DAD3-LeaderElection7 ELECTION round 0: submit vote requests at term 1 for -1: [11a6928f-62a2-488c-b467-9300cf759126|rpc:10.1.0.4:45575|priority:1], old=null
2022-03-11 10:49:27,784 [11a6928f-62a2-488c-b467-9300cf759126@group-A4394AC2DAD3-LeaderElection7] INFO  impl.LeaderElection (LeaderElection.java:askForVotes(308)) - 11a6928f-62a2-488c-b467-9300cf759126@group-A4394AC2DAD3-LeaderElection7 ELECTION round 0: result PASSED (term=1)
2022-03-11 10:49:27,784 [11a6928f-62a2-488c-b467-9300cf759126@group-A4394AC2DAD3-LeaderElection7] INFO  impl.RoleInfo (RoleInfo.java:shutdownLeaderElection(121)) - 11a6928f-62a2-488c-b467-9300cf759126: shutdown 11a6928f-62a2-488c-b467-9300cf759126@group-A4394AC2DAD3-LeaderElection7
2022-03-11 10:49:27,784 [11a6928f-62a2-488c-b467-9300cf759126@group-A4394AC2DAD3-LeaderElection7] INFO  server.RaftServer$Division (RaftServerImpl.java:setRole(290)) - 11a6928f-62a2-488c-b467-9300cf759126@group-A4394AC2DAD3: changes role from CANDIDATE to LEADER at term 1 for changeToLeader
2022-03-11 10:49:27,784 [11a6928f-62a2-488c-b467-9300cf759126@group-A4394AC2DAD3-LeaderElection7] INFO  ratis.XceiverServerRatis (XceiverServerRatis.java:handleLeaderChangedNotification(867)) - Leader change notification received for group: group-A4394AC2DAD3 with new leaderId: 11a6928f-62a2-488c-b467-9300cf759126
2022-03-11 10:49:27,784 [11a6928f-62a2-488c-b467-9300cf759126@group-A4394AC2DAD3-LeaderElection7] INFO  server.RaftServer$Division (ServerState.java:setLeader(285)) - 11a6928f-62a2-488c-b467-9300cf759126@group-A4394AC2DAD3: change Leader from null to 11a6928f-62a2-488c-b467-9300cf759126 at term 1 for becomeLeader, leader elected after 5180ms
2022-03-11 10:49:27,784 [11a6928f-62a2-488c-b467-9300cf759126@group-A4394AC2DAD3-LeaderElection7] INFO  server.RaftServerConfigKeys (ConfUtils.java:logGet(44)) - raft.server.staging.catchup.gap = 1000 (default)
2022-03-11 10:49:27,785 [11a6928f-62a2-488c-b467-9300cf759126@group-A4394AC2DAD3-LeaderElection7] INFO  server.RaftServerConfigKeys (ConfUtils.java:logGet(44)) - raft.server.write.element-limit = 1024 (custom)
2022-03-11 10:49:27,785 [11a6928f-62a2-488c-b467-9300cf759126@group-A4394AC2DAD3-LeaderElection7] INFO  server.RaftServerConfigKeys (ConfUtils.java:logGet(44)) - raft.server.write.byte-limit = 1024 M (=1073741824) (custom)
2022-03-11 10:49:27,785 [11a6928f-62a2-488c-b467-9300cf759126@group-A4394AC2DAD3-LeaderElection7] INFO  server.RaftServerConfigKeys (ConfUtils.java:logGet(44)) - raft.server.watch.timeout = 180s (custom)
2022-03-11 10:49:27,785 [11a6928f-62a2-488c-b467-9300cf759126@group-A4394AC2DAD3-LeaderElection7] INFO  server.RaftServerConfigKeys (ConfUtils.java:logGet(44)) - raft.server.watch.timeout.denomination = 1s (default)
2022-03-11 10:49:27,785 [11a6928f-62a2-488c-b467-9300cf759126@group-A4394AC2DAD3-LeaderElection7] INFO  server.RaftServerConfigKeys (ConfUtils.java:logGet(44)) - raft.server.watch.element-limit = 65536 (default)
2022-03-11 10:49:27,785 [11a6928f-62a2-488c-b467-9300cf759126@group-A4394AC2DAD3-LeaderElection7] INFO  server.RaftServerConfigKeys (ConfUtils.java:logGet(44)) - raft.server.write.element-limit = 1024 (custom)
2022-03-11 10:49:27,785 [11a6928f-62a2-488c-b467-9300cf759126@group-A4394AC2DAD3-LeaderElection7] INFO  server.RaftServerConfigKeys (ConfUtils.java:logGet(44)) - raft.server.write.follower.gap.ratio.max = -1.0 (default)
2022-03-11 10:49:27,786 [11a6928f-62a2-488c-b467-9300cf759126@group-A4394AC2DAD3-LeaderElection7] INFO  impl.RoleInfo (RoleInfo.java:updateAndGet(130)) - 11a6928f-62a2-488c-b467-9300cf759126: start 11a6928f-62a2-488c-b467-9300cf759126@group-A4394AC2DAD3-LeaderStateImpl
2022-03-11 10:49:27,786 [11a6928f-62a2-488c-b467-9300cf759126@group-A4394AC2DAD3-LeaderElection7] INFO  segmented.SegmentedRaftLogWorker (SegmentedRaftLogWorker.java:startLogSegment(394)) - 11a6928f-62a2-488c-b467-9300cf759126@group-A4394AC2DAD3-SegmentedRaftLogWorker: Starting segment from index:0
2022-03-11 10:49:27,791 [11a6928f-62a2-488c-b467-9300cf759126@group-A4394AC2DAD3-SegmentedRaftLogWorker] INFO  segmented.SegmentedRaftLogWorker (SegmentedRaftLogWorker.java:execute(601)) - 11a6928f-62a2-488c-b467-9300cf759126@group-A4394AC2DAD3-SegmentedRaftLogWorker: created new log segment /home/runner/work/ozone/ozone/hadoop-ozone/integration-test/target/test-dir/MiniOzoneClusterImpl-80d3c9c6-9062-4062-b57d-7974188da005/datanode-3/data/ratis/7ae72bc5-9ad6-43ed-af6e-a4394ac2dad3/current/log_inprogress_0
2022-03-11 10:49:27,795 [11a6928f-62a2-488c-b467-9300cf759126@group-0B4912BE8EC8-FollowerState] INFO  impl.FollowerState (FollowerState.java:run(134)) - 11a6928f-62a2-488c-b467-9300cf759126@group-0B4912BE8EC8-FollowerState: change to CANDIDATE, lastRpcElapsedTime:5162025910ns, electionTimeout:5161ms
2022-03-11 10:49:27,812 [11a6928f-62a2-488c-b467-9300cf759126@group-A4394AC2DAD3-LeaderElection7] INFO  server.RaftServer$Division (ServerState.java:setRaftConf(387)) - 11a6928f-62a2-488c-b467-9300cf759126@group-A4394AC2DAD3: set configuration 0: [11a6928f-62a2-488c-b467-9300cf759126|rpc:10.1.0.4:45575|dataStream:|priority:1], old=null
2022-03-11 10:49:27,815 [11a6928f-62a2-488c-b467-9300cf759126@group-0B4912BE8EC8-FollowerState] INFO  impl.RoleInfo (RoleInfo.java:shutdownFollowerState(108)) - 11a6928f-62a2-488c-b467-9300cf759126: shutdown 11a6928f-62a2-488c-b467-9300cf759126@group-0B4912BE8EC8-FollowerState
2022-03-11 10:49:27,815 [11a6928f-62a2-488c-b467-9300cf759126@group-0B4912BE8EC8-FollowerState] INFO  server.RaftServer$Division (RaftServerImpl.java:setRole(290)) - 11a6928f-62a2-488c-b467-9300cf759126@group-0B4912BE8EC8: changes role from  FOLLOWER to CANDIDATE at term 0 for changeToCandidate
2022-03-11 10:49:27,815 [11a6928f-62a2-488c-b467-9300cf759126@group-0B4912BE8EC8-FollowerState] INFO  server.RaftServerConfigKeys (ConfUtils.java:logGet(44)) - raft.server.leaderelection.pre-vote = false (custom)
2022-03-11 10:49:27,815 [11a6928f-62a2-488c-b467-9300cf759126@group-0B4912BE8EC8-FollowerState] INFO  impl.RoleInfo (RoleInfo.java:updateAndGet(130)) - 11a6928f-62a2-488c-b467-9300cf759126: start 11a6928f-62a2-488c-b467-9300cf759126@group-0B4912BE8EC8-LeaderElection8
2022-03-11 10:49:27,828 [5fc3a91c-8c24-4005-b122-68420aedc983@group-0B4912BE8EC8-FollowerState] INFO  impl.FollowerState (FollowerState.java:run(134)) - 5fc3a91c-8c24-4005-b122-68420aedc983@group-0B4912BE8EC8-FollowerState: change to CANDIDATE, lastRpcElapsedTime:5089458585ns, electionTimeout:5085ms
2022-03-11 10:49:27,828 [5fc3a91c-8c24-4005-b122-68420aedc983@group-0B4912BE8EC8-FollowerState] INFO  impl.RoleInfo (RoleInfo.java:shutdownFollowerState(108)) - 5fc3a91c-8c24-4005-b122-68420aedc983: shutdown 5fc3a91c-8c24-4005-b122-68420aedc983@group-0B4912BE8EC8-FollowerState
2022-03-11 10:49:27,829 [5fc3a91c-8c24-4005-b122-68420aedc983@group-0B4912BE8EC8-FollowerState] INFO  server.RaftServer$Division (RaftServerImpl.java:setRole(290)) - 5fc3a91c-8c24-4005-b122-68420aedc983@group-0B4912BE8EC8: changes role from  FOLLOWER to CANDIDATE at term 0 for changeToCandidate
2022-03-11 10:49:27,840 [grpc-default-executor-1] INFO  server.RaftServer$Division (RaftServerImpl.java:requestVote(1046)) - 11a6928f-62a2-488c-b467-9300cf759126@group-0B4912BE8EC8: receive requestVote(ELECTION, 23e4bfc5-cacb-4fc8-be31-ea8930f2c93f, group-0B4912BE8EC8, 1, (t:0, i:0))
2022-03-11 10:49:27,840 [grpc-default-executor-2] INFO  server.RaftServer$Division (RaftServerImpl.java:requestVote(1046)) - 5fc3a91c-8c24-4005-b122-68420aedc983@group-0B4912BE8EC8: receive requestVote(ELECTION, 23e4bfc5-cacb-4fc8-be31-ea8930f2c93f, group-0B4912BE8EC8, 1, (t:0, i:0))
2022-03-11 10:49:27,840 [5fc3a91c-8c24-4005-b122-68420aedc983@group-0B4912BE8EC8-FollowerState] INFO  server.RaftServerConfigKeys (ConfUtils.java:logGet(44)) - raft.server.leaderelection.pre-vote = false (custom)
2022-03-11 10:49:27,840 [5fc3a91c-8c24-4005-b122-68420aedc983@group-0B4912BE8EC8-FollowerState] INFO  impl.RoleInfo (RoleInfo.java:updateAndGet(130)) - 5fc3a91c-8c24-4005-b122-68420aedc983: start 5fc3a91c-8c24-4005-b122-68420aedc983@group-0B4912BE8EC8-LeaderElection9
2022-03-11 10:49:27,851 [grpc-default-executor-2] INFO  impl.VoteContext (VoteContext.java:log(48)) - 5fc3a91c-8c24-4005-b122-68420aedc983@group-0B4912BE8EC8-CANDIDATE: reject ELECTION from 23e4bfc5-cacb-4fc8-be31-ea8930f2c93f: our priority 1 > candidate's priority 0
2022-03-11 10:49:27,851 [grpc-default-executor-2] INFO  server.RaftServer$Division (RaftServerImpl.java:setRole(290)) - 5fc3a91c-8c24-4005-b122-68420aedc983@group-0B4912BE8EC8: changes role from CANDIDATE to FOLLOWER at term 1 for candidate:23e4bfc5-cacb-4fc8-be31-ea8930f2c93f
2022-03-11 10:49:27,851 [grpc-default-executor-2] INFO  impl.RoleInfo (RoleInfo.java:shutdownLeaderElection(121)) - 5fc3a91c-8c24-4005-b122-68420aedc983: shutdown 5fc3a91c-8c24-4005-b122-68420aedc983@group-0B4912BE8EC8-LeaderElection9
2022-03-11 10:49:27,851 [grpc-default-executor-2] INFO  impl.RoleInfo (RoleInfo.java:updateAndGet(130)) - 5fc3a91c-8c24-4005-b122-68420aedc983: start 5fc3a91c-8c24-4005-b122-68420aedc983@group-0B4912BE8EC8-FollowerState
2022-03-11 10:49:27,851 [5fc3a91c-8c24-4005-b122-68420aedc983@group-0B4912BE8EC8-LeaderElection9] INFO  impl.LeaderElection (LeaderElection.java:run(230)) - 5fc3a91c-8c24-4005-b122-68420aedc983@group-0B4912BE8EC8-LeaderElection9: skip running since this is already CLOSING
2022-03-11 10:49:27,863 [11a6928f-62a2-488c-b467-9300cf759126@group-0B4912BE8EC8-LeaderElection8] INFO  impl.LeaderElection (LeaderElection.java:askForVotes(306)) - 11a6928f-62a2-488c-b467-9300cf759126@group-0B4912BE8EC8-LeaderElection8 ELECTION round 0: submit vote requests at term 1 for -1: [11a6928f-62a2-488c-b467-9300cf759126|rpc:10.1.0.4:45575|priority:0, 23e4bfc5-cacb-4fc8-be31-ea8930f2c93f|rpc:10.1.0.4:35685|priority:0, 5fc3a91c-8c24-4005-b122-68420aedc983|rpc:10.1.0.4:33243|priority:1], old=null
2022-03-11 10:49:27,864 [grpc-default-executor-1] INFO  impl.VoteContext (VoteContext.java:log(48)) - 11a6928f-62a2-488c-b467-9300cf759126@group-0B4912BE8EC8-CANDIDATE: reject ELECTION from 23e4bfc5-cacb-4fc8-be31-ea8930f2c93f: already has voted for 11a6928f-62a2-488c-b467-9300cf759126 at current term 1
2022-03-11 10:49:27,864 [grpc-default-executor-1] INFO  server.RaftServer$Division (RaftServerImpl.java:requestVote(1078)) - 11a6928f-62a2-488c-b467-9300cf759126@group-0B4912BE8EC8 replies to ELECTION vote request: 23e4bfc5-cacb-4fc8-be31-ea8930f2c93f<-11a6928f-62a2-488c-b467-9300cf759126#0:FAIL-t1. Peer's state: 11a6928f-62a2-488c-b467-9300cf759126@group-0B4912BE8EC8:t1, leader=null, voted=11a6928f-62a2-488c-b467-9300cf759126, raftlog=11a6928f-62a2-488c-b467-9300cf759126@group-0B4912BE8EC8-SegmentedRaftLog:OPENED:c-1, conf=-1: [11a6928f-62a2-488c-b467-9300cf759126|rpc:10.1.0.4:45575|priority:0, 23e4bfc5-cacb-4fc8-be31-ea8930f2c93f|rpc:10.1.0.4:35685|priority:0, 5fc3a91c-8c24-4005-b122-68420aedc983|rpc:10.1.0.4:33243|priority:1], old=null
2022-03-11 10:49:27,871 [grpc-default-executor-2] INFO  server.RaftServer$Division (RaftServerImpl.java:requestVote(1078)) - 5fc3a91c-8c24-4005-b122-68420aedc983@group-0B4912BE8EC8 replies to ELECTION vote request: 23e4bfc5-cacb-4fc8-be31-ea8930f2c93f<-5fc3a91c-8c24-4005-b122-68420aedc983#0:FAIL-t1. Peer's state: 5fc3a91c-8c24-4005-b122-68420aedc983@group-0B4912BE8EC8:t1, leader=null, voted=null, raftlog=5fc3a91c-8c24-4005-b122-68420aedc983@group-0B4912BE8EC8-SegmentedRaftLog:OPENED:c-1, conf=-1: [11a6928f-62a2-488c-b467-9300cf759126|rpc:10.1.0.4:45575|dataStream:|priority:0, 23e4bfc5-cacb-4fc8-be31-ea8930f2c93f|rpc:10.1.0.4:35685|dataStream:|priority:0, 5fc3a91c-8c24-4005-b122-68420aedc983|rpc:10.1.0.4:33243|dataStream:|priority:1], old=null
2022-03-11 10:49:27,885 [23e4bfc5-cacb-4fc8-be31-ea8930f2c93f@group-0B4912BE8EC8-LeaderElection6] INFO  impl.LeaderElection (LeaderElection.java:logAndReturn(89)) - 23e4bfc5-cacb-4fc8-be31-ea8930f2c93f@group-0B4912BE8EC8-LeaderElection6: ELECTION REJECTED received 2 response(s) and 0 exception(s):
2022-03-11 10:49:27,886 [23e4bfc5-cacb-4fc8-be31-ea8930f2c93f@group-0B4912BE8EC8-LeaderElection6] INFO  impl.LeaderElection (LeaderElection.java:logAndReturn(93)) -   Response 0: 23e4bfc5-cacb-4fc8-be31-ea8930f2c93f<-11a6928f-62a2-488c-b467-9300cf759126#0:FAIL-t1
2022-03-11 10:49:27,886 [23e4bfc5-cacb-4fc8-be31-ea8930f2c93f@group-0B4912BE8EC8-LeaderElection6] INFO  impl.LeaderElection (LeaderElection.java:logAndReturn(93)) -   Response 1: 23e4bfc5-cacb-4fc8-be31-ea8930f2c93f<-5fc3a91c-8c24-4005-b122-68420aedc983#0:FAIL-t1
2022-03-11 10:49:27,886 [23e4bfc5-cacb-4fc8-be31-ea8930f2c93f@group-0B4912BE8EC8-LeaderElection6] INFO  impl.LeaderElection (LeaderElection.java:askForVotes(308)) - 23e4bfc5-cacb-4fc8-be31-ea8930f2c93f@group-0B4912BE8EC8-LeaderElection6 ELECTION round 0: result REJECTED
2022-03-11 10:49:27,892 [23e4bfc5-cacb-4fc8-be31-ea8930f2c93f@group-0B4912BE8EC8-LeaderElection6] INFO  server.RaftServer$Division (RaftServerImpl.java:setRole(290)) - 23e4bfc5-cacb-4fc8-be31-ea8930f2c93f@group-0B4912BE8EC8: changes role from CANDIDATE to FOLLOWER at term 1 for REJECTED
2022-03-11 10:49:27,892 [23e4bfc5-cacb-4fc8-be31-ea8930f2c93f@group-0B4912BE8EC8-LeaderElection6] INFO  impl.RoleInfo (RoleInfo.java:shutdownLeaderElection(121)) - 23e4bfc5-cacb-4fc8-be31-ea8930f2c93f: shutdown 23e4bfc5-cacb-4fc8-be31-ea8930f2c93f@group-0B4912BE8EC8-LeaderElection6
2022-03-11 10:49:27,892 [23e4bfc5-cacb-4fc8-be31-ea8930f2c93f@group-0B4912BE8EC8-LeaderElection6] INFO  impl.RoleInfo (RoleInfo.java:updateAndGet(130)) - 23e4bfc5-cacb-4fc8-be31-ea8930f2c93f: start 23e4bfc5-cacb-4fc8-be31-ea8930f2c93f@group-0B4912BE8EC8-FollowerState
2022-03-11 10:49:27,904 [grpc-default-executor-2] INFO  server.RaftServer$Division (RaftServerImpl.java:requestVote(1046)) - 5fc3a91c-8c24-4005-b122-68420aedc983@group-0B4912BE8EC8: receive requestVote(ELECTION, 11a6928f-62a2-488c-b467-9300cf759126, group-0B4912BE8EC8, 1, (t:0, i:0))
2022-03-11 10:49:27,907 [grpc-default-executor-2] INFO  impl.VoteContext (VoteContext.java:log(48)) - 5fc3a91c-8c24-4005-b122-68420aedc983@group-0B4912BE8EC8-FOLLOWER: reject ELECTION from 11a6928f-62a2-488c-b467-9300cf759126: our priority 1 > candidate's priority 0
2022-03-11 10:49:27,907 [grpc-default-executor-2] INFO  server.RaftServer$Division (RaftServerImpl.java:setRole(290)) - 5fc3a91c-8c24-4005-b122-68420aedc983@group-0B4912BE8EC8: changes role from  FOLLOWER to FOLLOWER at term 1 for candidate:11a6928f-62a2-488c-b467-9300cf759126
2022-03-11 10:49:27,907 [grpc-default-executor-2] INFO  impl.RoleInfo (RoleInfo.java:shutdownFollowerState(108)) - 5fc3a91c-8c24-4005-b122-68420aedc983: shutdown 5fc3a91c-8c24-4005-b122-68420aedc983@group-0B4912BE8EC8-FollowerState
2022-03-11 10:49:27,907 [grpc-default-executor-2] INFO  impl.RoleInfo (RoleInfo.java:updateAndGet(130)) - 5fc3a91c-8c24-4005-b122-68420aedc983: start 5fc3a91c-8c24-4005-b122-68420aedc983@group-0B4912BE8EC8-FollowerState
2022-03-11 10:49:27,907 [5fc3a91c-8c24-4005-b122-68420aedc983@group-0B4912BE8EC8-FollowerState] INFO  impl.FollowerState (FollowerState.java:run(143)) - 5fc3a91c-8c24-4005-b122-68420aedc983@group-0B4912BE8EC8-FollowerState was interrupted: {}
java.lang.InterruptedException: sleep interrupted
	at java.lang.Thread.sleep(Native Method)
	at java.lang.Thread.sleep(Thread.java:342)
	at java.util.concurrent.TimeUnit.sleep(TimeUnit.java:386)
	at org.apache.ratis.util.TimeDuration.sleep(TimeDuration.java:324)
	at org.apache.ratis.util.TimeDuration.sleep(TimeDuration.java:309)
	at org.apache.ratis.server.impl.FollowerState.run(FollowerState.java:118)
2022-03-11 10:49:27,910 [grpc-default-executor-2] INFO  server.RaftServer$Division (RaftServerImpl.java:requestVote(1078)) - 5fc3a91c-8c24-4005-b122-68420aedc983@group-0B4912BE8EC8 replies to ELECTION vote request: 11a6928f-62a2-488c-b467-9300cf759126<-5fc3a91c-8c24-4005-b122-68420aedc983#0:FAIL-t1. Peer's state: 5fc3a91c-8c24-4005-b122-68420aedc983@group-0B4912BE8EC8:t1, leader=null, voted=null, raftlog=5fc3a91c-8c24-4005-b122-68420aedc983@group-0B4912BE8EC8-SegmentedRaftLog:OPENED:c-1, conf=-1: [11a6928f-62a2-488c-b467-9300cf759126|rpc:10.1.0.4:45575|dataStream:|priority:0, 23e4bfc5-cacb-4fc8-be31-ea8930f2c93f|rpc:10.1.0.4:35685|dataStream:|priority:0, 5fc3a91c-8c24-4005-b122-68420aedc983|rpc:10.1.0.4:33243|dataStream:|priority:1], old=null
2022-03-11 10:49:27,923 [grpc-default-executor-1] INFO  server.RaftServer$Division (RaftServerImpl.java:requestVote(1046)) - 23e4bfc5-cacb-4fc8-be31-ea8930f2c93f@group-0B4912BE8EC8: receive requestVote(ELECTION, 11a6928f-62a2-488c-b467-9300cf759126, group-0B4912BE8EC8, 1, (t:0, i:0))
2022-03-11 10:49:27,923 [grpc-default-executor-1] INFO  impl.VoteContext (VoteContext.java:log(48)) - 23e4bfc5-cacb-4fc8-be31-ea8930f2c93f@group-0B4912BE8EC8-FOLLOWER: reject ELECTION from 11a6928f-62a2-488c-b467-9300cf759126: already has voted for 23e4bfc5-cacb-4fc8-be31-ea8930f2c93f at current term 1
2022-03-11 10:49:27,923 [grpc-default-executor-1] INFO  server.RaftServer$Division (RaftServerImpl.java:requestVote(1078)) - 23e4bfc5-cacb-4fc8-be31-ea8930f2c93f@group-0B4912BE8EC8 replies to ELECTION vote request: 11a6928f-62a2-488c-b467-9300cf759126<-23e4bfc5-cacb-4fc8-be31-ea8930f2c93f#0:FAIL-t1. Peer's state: 23e4bfc5-cacb-4fc8-be31-ea8930f2c93f@group-0B4912BE8EC8:t1, leader=null, voted=23e4bfc5-cacb-4fc8-be31-ea8930f2c93f, raftlog=23e4bfc5-cacb-4fc8-be31-ea8930f2c93f@group-0B4912BE8EC8-SegmentedRaftLog:OPENED:c-1, conf=-1: [11a6928f-62a2-488c-b467-9300cf759126|rpc:10.1.0.4:45575|dataStream:|priority:0, 23e4bfc5-cacb-4fc8-be31-ea8930f2c93f|rpc:10.1.0.4:35685|dataStream:|priority:0, 5fc3a91c-8c24-4005-b122-68420aedc983|rpc:10.1.0.4:33243|dataStream:|priority:1], old=null
2022-03-11 10:49:27,928 [Listener at 0.0.0.0/35073] INFO  om.OzoneManager (OzoneManager.java:addS3GVolumeToDB(3733)) - Created Volume s3v With Owner runner required for S3Gateway operations.
2022-03-11 10:49:27,937 [Listener at 0.0.0.0/35073] WARN  server.ServerUtils (ServerUtils.java:getDefaultRatisDirectory(237)) - Storage directory for Ratis is not configured. It is a good idea to map this to an SSD disk. Falling back to ozone.metadata.dirs
2022-03-11 10:49:27,937 [Listener at 0.0.0.0/35073] WARN  utils.OzoneManagerRatisUtils (OzoneManagerRatisUtils.java:getOMRatisSnapshotDirectory(330)) - ozone.om.ratis.snapshot.dir is not configured. Falling back to ozone.metadata.dirs config
2022-03-11 10:49:27,938 [Listener at 0.0.0.0/35073] WARN  impl.MetricRegistriesImpl (MetricRegistriesImpl.java:addReporterRegistration(111)) - New reporters are added after registries were created. Some metrics will be missing from the reporter. Please add reporter before adding any new registry.
2022-03-11 10:49:27,938 [Listener at 0.0.0.0/35073] WARN  impl.MetricRegistriesImpl (MetricRegistriesImpl.java:addReporterRegistration(111)) - New reporters are added after registries were created. Some metrics will be missing from the reporter. Please add reporter before adding any new registry.
2022-03-11 10:49:27,938 [Listener at 0.0.0.0/35073] WARN  server.ServerUtils (ServerUtils.java:getDefaultRatisDirectory(237)) - Storage directory for Ratis is not configured. It is a good idea to map this to an SSD disk. Falling back to ozone.metadata.dirs
2022-03-11 10:49:27,934 [11a6928f-62a2-488c-b467-9300cf759126@group-0B4912BE8EC8-LeaderElection8] INFO  impl.LeaderElection (LeaderElection.java:logAndReturn(89)) - 11a6928f-62a2-488c-b467-9300cf759126@group-0B4912BE8EC8-LeaderElection8: ELECTION REJECTED received 1 response(s) and 0 exception(s):
2022-03-11 10:49:27,939 [11a6928f-62a2-488c-b467-9300cf759126@group-0B4912BE8EC8-LeaderElection8] INFO  impl.LeaderElection (LeaderElection.java:logAndReturn(93)) -   Response 0: 11a6928f-62a2-488c-b467-9300cf759126<-5fc3a91c-8c24-4005-b122-68420aedc983#0:FAIL-t1
2022-03-11 10:49:27,939 [11a6928f-62a2-488c-b467-9300cf759126@group-0B4912BE8EC8-LeaderElection8] INFO  impl.LeaderElection (LeaderElection.java:askForVotes(308)) - 11a6928f-62a2-488c-b467-9300cf759126@group-0B4912BE8EC8-LeaderElection8 ELECTION round 0: result REJECTED
2022-03-11 10:49:27,939 [11a6928f-62a2-488c-b467-9300cf759126@group-0B4912BE8EC8-LeaderElection8] INFO  server.RaftServer$Division (RaftServerImpl.java:setRole(290)) - 11a6928f-62a2-488c-b467-9300cf759126@group-0B4912BE8EC8: changes role from CANDIDATE to FOLLOWER at term 1 for REJECTED
2022-03-11 10:49:27,939 [11a6928f-62a2-488c-b467-9300cf759126@group-0B4912BE8EC8-LeaderElection8] INFO  impl.RoleInfo (RoleInfo.java:shutdownLeaderElection(121)) - 11a6928f-62a2-488c-b467-9300cf759126: shutdown 11a6928f-62a2-488c-b467-9300cf759126@group-0B4912BE8EC8-LeaderElection8
2022-03-11 10:49:27,939 [11a6928f-62a2-488c-b467-9300cf759126@group-0B4912BE8EC8-LeaderElection8] INFO  impl.RoleInfo (RoleInfo.java:updateAndGet(130)) - 11a6928f-62a2-488c-b467-9300cf759126: start 11a6928f-62a2-488c-b467-9300cf759126@group-0B4912BE8EC8-FollowerState
2022-03-11 10:49:27,951 [Listener at 0.0.0.0/35073] INFO  ratis.OzoneManagerRatisServer (OzoneManagerRatisServer.java:<init>(159)) - Instantiating OM Ratis server with groupID: omServiceIdDefault and peers: localhost:39159
2022-03-11 10:49:27,952 [Listener at 0.0.0.0/35073] INFO  ratis.OzoneManagerStateMachine (OzoneManagerStateMachine.java:loadSnapshotInfoFromDB(605)) - LastAppliedIndex is set from TransactionInfo from OM DB as (t:0, i:~)
2022-03-11 10:49:27,954 [Listener at 0.0.0.0/35073] INFO  server.RaftServer (ConfUtils.java:logGet(44)) - raft.rpc.type = GRPC (default)
2022-03-11 10:49:27,954 [Listener at 0.0.0.0/35073] INFO  grpc.GrpcFactory (GrpcFactory.java:checkPooledByteBufAllocatorUseCacheForAllThreads(48)) - PERFORMANCE WARNING: useCacheForAllThreads is true that may cause Netty to create a lot garbage objects and, as a result, trigger GC.
	It is recommended to disable useCacheForAllThreads by setting -Dorg.apache.ratis.thirdparty.io.netty.allocator.useCacheForAllThreads=false in command line.
2022-03-11 10:49:27,954 [Listener at 0.0.0.0/35073] INFO  grpc.GrpcConfigKeys (ConfUtils.java:logGet(44)) - raft.grpc.admin.port = -1 (default)
2022-03-11 10:49:27,955 [Listener at 0.0.0.0/35073] INFO  grpc.GrpcConfigKeys (ConfUtils.java:logGet(44)) - raft.grpc.server.port = 39159 (custom)
2022-03-11 10:49:27,955 [Listener at 0.0.0.0/35073] INFO  grpc.GrpcConfigKeys (ConfUtils.java:logGet(44)) - raft.grpc.client.port = -1 (default)
2022-03-11 10:49:27,955 [Listener at 0.0.0.0/35073] INFO  grpc.GrpcConfigKeys (ConfUtils.java:logGet(44)) - raft.grpc.server.port = 39159 (custom)
2022-03-11 10:49:27,955 [Listener at 0.0.0.0/35073] INFO  grpc.GrpcConfigKeys (ConfUtils.java:logGet(44)) - raft.grpc.server.port = 39159 (custom)
2022-03-11 10:49:27,955 [Listener at 0.0.0.0/35073] INFO  server.GrpcService (ConfUtils.java:logGet(44)) - raft.grpc.message.size.max = 33554432 (custom)
2022-03-11 10:49:27,955 [Listener at 0.0.0.0/35073] INFO  server.RaftServerConfigKeys (ConfUtils.java:logGet(44)) - raft.server.log.appender.buffer.byte-limit = 33554432 (custom)
2022-03-11 10:49:27,955 [Listener at 0.0.0.0/35073] INFO  server.GrpcService (ConfUtils.java:logGet(44)) - raft.grpc.flow.control.window = 1MB (=1048576) (default)
2022-03-11 10:49:27,956 [Listener at 0.0.0.0/35073] INFO  server.RaftServerConfigKeys (ConfUtils.java:logGet(44)) - raft.server.rpc.request.timeout = 3000ms (default)
2022-03-11 10:49:27,957 [Listener at 0.0.0.0/35073] INFO  impl.DataStreamServerImpl (ConfUtils.java:logGet(44)) - raft.datastream.type = DISABLED (default)
2022-03-11 10:49:27,957 [Listener at 0.0.0.0/35073] INFO  server.RaftServerConfigKeys (ConfUtils.java:logGet(44)) - raft.server.rpc.slowness.timeout = 120s (custom)
2022-03-11 10:49:27,957 [Listener at 0.0.0.0/35073] INFO  server.RaftServerConfigKeys (ConfUtils.java:logGet(44)) - raft.server.leaderelection.leader.step-down.wait-time = 10s (default)
2022-03-11 10:49:27,957 [Listener at 0.0.0.0/35073] INFO  server.RaftServerConfigKeys (ConfUtils.java:logGet(44)) - raft.server.storage.dir = [/home/runner/work/ozone/ozone/hadoop-ozone/integration-test/target/test-dir/MiniOzoneClusterImpl-7b69f8db-d4e2-4de8-91fb-18008de01126/ozone-meta/ratis] (custom)
2022-03-11 10:49:27,957 [Listener at 0.0.0.0/35073] INFO  server.RaftServer (RaftServerProxy.java:addNew(95)) - om1: addNew group-C5BA1605619E:[om1|rpc:localhost:39159|priority:0] returns group-C5BA1605619E:java.util.concurrent.CompletableFuture@20e0ce41[Not completed]
2022-03-11 10:49:27,957 [Listener at 0.0.0.0/35073] INFO  om.OzoneManager (OzoneManager.java:initializeRatisServer(1834)) - OzoneManager Ratis server initialized at port 39159
2022-03-11 10:49:27,959 [Listener at 0.0.0.0/35073] INFO  ipc.CallQueueManager (CallQueueManager.java:<init>(90)) - Using callQueue: class java.util.concurrent.LinkedBlockingQueue, queueCapacity: 2000, scheduler: class org.apache.hadoop.ipc.DefaultRpcScheduler, ipcBackoff: false.
2022-03-11 10:49:27,969 [pool-238-thread-1] INFO  server.RaftServer$Division (RaftServerImpl.java:<init>(184)) - om1: new RaftServerImpl for group-C5BA1605619E:[om1|rpc:localhost:39159|priority:0] with OzoneManagerStateMachine:uninitialized
2022-03-11 10:49:27,969 [Socket Reader #1 for port 0] INFO  ipc.Server (Server.java:run(1265)) - Starting Socket Reader #1 for port 0
2022-03-11 10:49:27,978 [pool-238-thread-1] INFO  server.RaftServerConfigKeys (ConfUtils.java:logGet(44)) - raft.server.rpc.timeout.min = 1s (custom)
2022-03-11 10:49:27,978 [pool-238-thread-1] INFO  server.RaftServerConfigKeys (ConfUtils.java:logGet(44)) - raft.server.rpc.timeout.max = 1200ms (custom)
2022-03-11 10:49:27,978 [pool-238-thread-1] INFO  server.RaftServerConfigKeys (ConfUtils.java:logGet(44)) - raft.server.rpc.sleep.time = 25ms (default)
2022-03-11 10:49:27,978 [pool-238-thread-1] INFO  server.RaftServerConfigKeys (ConfUtils.java:logGet(44)) - raft.server.rpc.slowness.timeout = 120s (custom)
2022-03-11 10:49:27,979 [pool-238-thread-1] INFO  server.RaftServerConfigKeys (ConfUtils.java:logGet(44)) - raft.server.leaderelection.leader.step-down.wait-time = 10s (default)
2022-03-11 10:49:27,979 [pool-238-thread-1] INFO  server.RaftServerConfigKeys (ConfUtils.java:logGet(44)) - raft.server.sleep.deviation.threshold = 300ms (default)
2022-03-11 10:49:27,979 [pool-238-thread-1] INFO  server.RaftServerConfigKeys (ConfUtils.java:logGet(44)) - raft.server.log.appender.install.snapshot.enabled = false (custom)
2022-03-11 10:49:27,979 [pool-238-thread-1] INFO  server.RaftServer$Division (ServerState.java:<init>(105)) - om1@group-C5BA1605619E: ConfigurationManager, init=-1: [om1|rpc:localhost:39159|priority:0], old=null, confs=<EMPTY_MAP>
2022-03-11 10:49:27,979 [pool-238-thread-1] INFO  server.RaftServerConfigKeys (ConfUtils.java:logGet(44)) - raft.server.storage.dir = [/home/runner/work/ozone/ozone/hadoop-ozone/integration-test/target/test-dir/MiniOzoneClusterImpl-7b69f8db-d4e2-4de8-91fb-18008de01126/ozone-meta/ratis] (custom)
2022-03-11 10:49:27,979 [pool-238-thread-1] INFO  server.RaftServerConfigKeys (ConfUtils.java:logGet(44)) - raft.server.log.corruption.policy = EXCEPTION (default)
2022-03-11 10:49:27,979 [pool-238-thread-1] INFO  server.RaftServerConfigKeys (ConfUtils.java:logGet(44)) - raft.server.storage.free-space.min = 0MB (=0) (default)
2022-03-11 10:49:27,979 [pool-238-thread-1] INFO  storage.RaftStorageDirectory (RaftStorageDirectoryImpl.java:analyzeStorage(135)) - The storage directory /home/runner/work/ozone/ozone/hadoop-ozone/integration-test/target/test-dir/MiniOzoneClusterImpl-7b69f8db-d4e2-4de8-91fb-18008de01126/ozone-meta/ratis/bf265839-605b-3f16-9796-c5ba1605619e does not exist. Creating ...
2022-03-11 10:49:27,981 [23e4bfc5-cacb-4fc8-be31-ea8930f2c93f@group-C3D6D65564FA-FollowerState] INFO  impl.FollowerState (FollowerState.java:run(134)) - 23e4bfc5-cacb-4fc8-be31-ea8930f2c93f@group-C3D6D65564FA-FollowerState: change to CANDIDATE, lastRpcElapsedTime:5174426444ns, electionTimeout:5174ms
2022-03-11 10:49:27,981 [23e4bfc5-cacb-4fc8-be31-ea8930f2c93f@group-C3D6D65564FA-FollowerState] INFO  impl.RoleInfo (RoleInfo.java:shutdownFollowerState(108)) - 23e4bfc5-cacb-4fc8-be31-ea8930f2c93f: shutdown 23e4bfc5-cacb-4fc8-be31-ea8930f2c93f@group-C3D6D65564FA-FollowerState
2022-03-11 10:49:27,981 [23e4bfc5-cacb-4fc8-be31-ea8930f2c93f@group-C3D6D65564FA-FollowerState] INFO  server.RaftServer$Division (RaftServerImpl.java:setRole(290)) - 23e4bfc5-cacb-4fc8-be31-ea8930f2c93f@group-C3D6D65564FA: changes role from  FOLLOWER to CANDIDATE at term 0 for changeToCandidate
2022-03-11 10:49:27,981 [23e4bfc5-cacb-4fc8-be31-ea8930f2c93f@group-C3D6D65564FA-FollowerState] INFO  server.RaftServerConfigKeys (ConfUtils.java:logGet(44)) - raft.server.leaderelection.pre-vote = false (custom)
2022-03-11 10:49:27,981 [23e4bfc5-cacb-4fc8-be31-ea8930f2c93f@group-C3D6D65564FA-FollowerState] INFO  impl.RoleInfo (RoleInfo.java:updateAndGet(130)) - 23e4bfc5-cacb-4fc8-be31-ea8930f2c93f: start 23e4bfc5-cacb-4fc8-be31-ea8930f2c93f@group-C3D6D65564FA-LeaderElection10
2022-03-11 10:49:27,982 [pool-238-thread-1] INFO  storage.RaftStorageDirectory (RaftStorageDirectoryImpl.java:tryLock(230)) - Lock on /home/runner/work/ozone/ozone/hadoop-ozone/integration-test/target/test-dir/MiniOzoneClusterImpl-7b69f8db-d4e2-4de8-91fb-18008de01126/ozone-meta/ratis/bf265839-605b-3f16-9796-c5ba1605619e/in_use.lock acquired by nodename 11810@fv-az184-17
2022-03-11 10:49:27,984 [pool-238-thread-1] INFO  storage.RaftStorage (RaftStorageImpl.java:format(89)) - Storage directory /home/runner/work/ozone/ozone/hadoop-ozone/integration-test/target/test-dir/MiniOzoneClusterImpl-7b69f8db-d4e2-4de8-91fb-18008de01126/ozone-meta/ratis/bf265839-605b-3f16-9796-c5ba1605619e has been successfully formatted.
2022-03-11 10:49:27,984 [pool-238-thread-1] INFO  server.RaftServerConfigKeys (ConfUtils.java:logGet(44)) - raft.server.notification.no-leader.timeout = 120s (custom)
2022-03-11 10:49:27,984 [pool-238-thread-1] INFO  server.RaftServerConfigKeys (ConfUtils.java:logGet(44)) - raft.server.log.use.memory = false (default)
2022-03-11 10:49:27,984 [pool-238-thread-1] INFO  server.RaftServerConfigKeys (ConfUtils.java:logGet(44)) - raft.server.log.purge.gap = 1000000 (custom)
2022-03-11 10:49:27,984 [pool-238-thread-1] INFO  server.RaftServerConfigKeys (ConfUtils.java:logGet(44)) - raft.server.log.appender.buffer.byte-limit = 33554432 (custom)
2022-03-11 10:49:27,984 [pool-238-thread-1] INFO  server.RaftServerConfigKeys (ConfUtils.java:logGet(44)) - raft.server.log.segment.size.max = 4194304 (custom)
2022-03-11 10:49:27,984 [pool-238-thread-1] INFO  server.RaftServerConfigKeys (ConfUtils.java:logGet(44)) - raft.server.log.segment.cache.num.max = 2 (custom)
2022-03-11 10:49:27,984 [pool-238-thread-1] INFO  server.RaftServerConfigKeys (ConfUtils.java:logGet(44)) - raft.server.log.segment.cache.size.max = 200MB (=209715200) (default)
2022-03-11 10:49:27,984 [pool-238-thread-1] INFO  segmented.SegmentedRaftLogWorker (SegmentedRaftLogWorker.java:<init>(182)) - new om1@group-C5BA1605619E-SegmentedRaftLogWorker for RaftStorageImpl:Storage Directory /home/runner/work/ozone/ozone/hadoop-ozone/integration-test/target/test-dir/MiniOzoneClusterImpl-7b69f8db-d4e2-4de8-91fb-18008de01126/ozone-meta/ratis/bf265839-605b-3f16-9796-c5ba1605619e
2022-03-11 10:49:27,984 [pool-238-thread-1] INFO  server.RaftServerConfigKeys (ConfUtils.java:logGet(44)) - raft.server.log.queue.byte-limit = 64MB (=67108864) (default)
2022-03-11 10:49:27,984 [pool-238-thread-1] INFO  server.RaftServerConfigKeys (ConfUtils.java:logGet(44)) - raft.server.log.queue.element-limit = 4096 (default)
2022-03-11 10:49:27,984 [pool-238-thread-1] INFO  server.RaftServerConfigKeys (ConfUtils.java:logGet(44)) - raft.server.log.segment.size.max = 4194304 (custom)
2022-03-11 10:49:27,984 [pool-238-thread-1] INFO  server.RaftServerConfigKeys (ConfUtils.java:logGet(44)) - raft.server.log.preallocated.size = 4194304 (custom)
2022-03-11 10:49:27,985 [pool-238-thread-1] INFO  server.RaftServerConfigKeys (ConfUtils.java:logGet(44)) - raft.server.log.force.sync.num = 128 (default)
2022-03-11 10:49:27,985 [pool-238-thread-1] INFO  server.RaftServerConfigKeys (ConfUtils.java:logGet(44)) - raft.server.log.statemachine.data.sync = true (default)
2022-03-11 10:49:27,985 [pool-238-thread-1] INFO  server.RaftServerConfigKeys (ConfUtils.java:logGet(44)) - raft.server.log.statemachine.data.sync.timeout = 10s (default)
2022-03-11 10:49:27,985 [pool-238-thread-1] INFO  server.RaftServerConfigKeys (ConfUtils.java:logGet(44)) - raft.server.log.statemachine.data.sync.timeout.retry = -1 (default)
2022-03-11 10:49:27,999 [pool-238-thread-1] INFO  server.RaftServerConfigKeys (ConfUtils.java:logGet(44)) - raft.server.log.write.buffer.size = 64KB (=65536) (default)
2022-03-11 10:49:28,000 [pool-238-thread-1] INFO  server.RaftServerConfigKeys (ConfUtils.java:logGet(44)) - raft.server.log.statemachine.data.caching.enabled = false (default)
2022-03-11 10:49:28,000 [pool-238-thread-1] INFO  segmented.SegmentedRaftLogWorker (SegmentedRaftLogWorker.java:lambda$new$0(133)) - om1@group-C5BA1605619E-SegmentedRaftLogWorker: flushIndex: setUnconditionally 0 -> -1
2022-03-11 10:49:28,000 [pool-238-thread-1] INFO  segmented.SegmentedRaftLogWorker (SegmentedRaftLogWorker.java:lambda$new$0(133)) - om1@group-C5BA1605619E-SegmentedRaftLogWorker: safeCacheEvictIndex: setUnconditionally 0 -> -1
2022-03-11 10:49:28,012 [pool-238-thread-1] INFO  server.RaftServerConfigKeys (ConfUtils.java:logGet(44)) - raft.server.snapshot.auto.trigger.enabled = true (custom)
2022-03-11 10:49:28,012 [pool-238-thread-1] INFO  server.RaftServerConfigKeys (ConfUtils.java:logGet(44)) - raft.server.snapshot.auto.trigger.threshold = 400000 (default)
2022-03-11 10:49:28,012 [pool-238-thread-1] INFO  server.RaftServerConfigKeys (ConfUtils.java:logGet(44)) - raft.server.snapshot.retention.file.num = -1 (default)
2022-03-11 10:49:28,012 [pool-238-thread-1] INFO  server.RaftServerConfigKeys (ConfUtils.java:logGet(44)) - raft.server.log.purge.upto.snapshot.index = true (custom)
2022-03-11 10:49:28,013 [pool-238-thread-1] INFO  server.RaftServerConfigKeys (ConfUtils.java:logGet(44)) - raft.server.retrycache.expirytime = 300s (custom)
2022-03-11 10:49:28,013 [pool-238-thread-1] INFO  server.RaftServerConfigKeys (ConfUtils.java:logGet(44)) - raft.server.retrycache.statistics.expirytime = 100μs (default)
2022-03-11 10:49:28,020 [23e4bfc5-cacb-4fc8-be31-ea8930f2c93f@group-C3D6D65564FA-LeaderElection10] INFO  impl.LeaderElection (LeaderElection.java:askForVotes(306)) - 23e4bfc5-cacb-4fc8-be31-ea8930f2c93f@group-C3D6D65564FA-LeaderElection10 ELECTION round 0: submit vote requests at term 1 for -1: [23e4bfc5-cacb-4fc8-be31-ea8930f2c93f|rpc:10.1.0.4:35685|priority:1], old=null
2022-03-11 10:49:28,020 [23e4bfc5-cacb-4fc8-be31-ea8930f2c93f@group-C3D6D65564FA-LeaderElection10] INFO  impl.LeaderElection (LeaderElection.java:askForVotes(308)) - 23e4bfc5-cacb-4fc8-be31-ea8930f2c93f@group-C3D6D65564FA-LeaderElection10 ELECTION round 0: result PASSED (term=1)
2022-03-11 10:49:28,020 [23e4bfc5-cacb-4fc8-be31-ea8930f2c93f@group-C3D6D65564FA-LeaderElection10] INFO  impl.RoleInfo (RoleInfo.java:shutdownLeaderElection(121)) - 23e4bfc5-cacb-4fc8-be31-ea8930f2c93f: shutdown 23e4bfc5-cacb-4fc8-be31-ea8930f2c93f@group-C3D6D65564FA-LeaderElection10
2022-03-11 10:49:28,020 [23e4bfc5-cacb-4fc8-be31-ea8930f2c93f@group-C3D6D65564FA-LeaderElection10] INFO  server.RaftServer$Division (RaftServerImpl.java:setRole(290)) - 23e4bfc5-cacb-4fc8-be31-ea8930f2c93f@group-C3D6D65564FA: changes role from CANDIDATE to LEADER at term 1 for changeToLeader
2022-03-11 10:49:28,020 [23e4bfc5-cacb-4fc8-be31-ea8930f2c93f@group-C3D6D65564FA-LeaderElection10] INFO  ratis.XceiverServerRatis (XceiverServerRatis.java:handleLeaderChangedNotification(867)) - Leader change notification received for group: group-C3D6D65564FA with new leaderId: 23e4bfc5-cacb-4fc8-be31-ea8930f2c93f
2022-03-11 10:49:28,020 [23e4bfc5-cacb-4fc8-be31-ea8930f2c93f@group-C3D6D65564FA-LeaderElection10] INFO  server.RaftServer$Division (ServerState.java:setLeader(285)) - 23e4bfc5-cacb-4fc8-be31-ea8930f2c93f@group-C3D6D65564FA: change Leader from null to 23e4bfc5-cacb-4fc8-be31-ea8930f2c93f at term 1 for becomeLeader, leader elected after 5222ms
2022-03-11 10:49:28,020 [23e4bfc5-cacb-4fc8-be31-ea8930f2c93f@group-C3D6D65564FA-LeaderElection10] INFO  server.RaftServerConfigKeys (ConfUtils.java:logGet(44)) - raft.server.staging.catchup.gap = 1000 (default)
2022-03-11 10:49:28,021 [23e4bfc5-cacb-4fc8-be31-ea8930f2c93f@group-C3D6D65564FA-LeaderElection10] INFO  server.RaftServerConfigKeys (ConfUtils.java:logGet(44)) - raft.server.write.element-limit = 1024 (custom)
2022-03-11 10:49:28,021 [23e4bfc5-cacb-4fc8-be31-ea8930f2c93f@group-C3D6D65564FA-LeaderElection10] INFO  server.RaftServerConfigKeys (ConfUtils.java:logGet(44)) - raft.server.write.byte-limit = 1024 M (=1073741824) (custom)
2022-03-11 10:49:28,021 [23e4bfc5-cacb-4fc8-be31-ea8930f2c93f@group-C3D6D65564FA-LeaderElection10] INFO  server.RaftServerConfigKeys (ConfUtils.java:logGet(44)) - raft.server.watch.timeout = 180s (custom)
2022-03-11 10:49:28,021 [23e4bfc5-cacb-4fc8-be31-ea8930f2c93f@group-C3D6D65564FA-LeaderElection10] INFO  server.RaftServerConfigKeys (ConfUtils.java:logGet(44)) - raft.server.watch.timeout.denomination = 1s (default)
2022-03-11 10:49:28,021 [23e4bfc5-cacb-4fc8-be31-ea8930f2c93f@group-C3D6D65564FA-LeaderElection10] INFO  server.RaftServerConfigKeys (ConfUtils.java:logGet(44)) - raft.server.watch.element-limit = 65536 (default)
2022-03-11 10:49:28,021 [23e4bfc5-cacb-4fc8-be31-ea8930f2c93f@group-C3D6D65564FA-LeaderElection10] INFO  server.RaftServerConfigKeys (ConfUtils.java:logGet(44)) - raft.server.write.element-limit = 1024 (custom)
2022-03-11 10:49:28,021 [23e4bfc5-cacb-4fc8-be31-ea8930f2c93f@group-C3D6D65564FA-LeaderElection10] INFO  server.RaftServerConfigKeys (ConfUtils.java:logGet(44)) - raft.server.write.follower.gap.ratio.max = -1.0 (default)
2022-03-11 10:49:28,021 [23e4bfc5-cacb-4fc8-be31-ea8930f2c93f@group-C3D6D65564FA-LeaderElection10] INFO  impl.RoleInfo (RoleInfo.java:updateAndGet(130)) - 23e4bfc5-cacb-4fc8-be31-ea8930f2c93f: start 23e4bfc5-cacb-4fc8-be31-ea8930f2c93f@group-C3D6D65564FA-LeaderStateImpl
2022-03-11 10:49:28,021 [23e4bfc5-cacb-4fc8-be31-ea8930f2c93f@group-C3D6D65564FA-LeaderElection10] INFO  segmented.SegmentedRaftLogWorker (SegmentedRaftLogWorker.java:startLogSegment(394)) - 23e4bfc5-cacb-4fc8-be31-ea8930f2c93f@group-C3D6D65564FA-SegmentedRaftLogWorker: Starting segment from index:0
2022-03-11 10:49:28,023 [23e4bfc5-cacb-4fc8-be31-ea8930f2c93f@group-C3D6D65564FA-SegmentedRaftLogWorker] INFO  segmented.SegmentedRaftLogWorker (SegmentedRaftLogWorker.java:execute(601)) - 23e4bfc5-cacb-4fc8-be31-ea8930f2c93f@group-C3D6D65564FA-SegmentedRaftLogWorker: created new log segment /home/runner/work/ozone/ozone/hadoop-ozone/integration-test/target/test-dir/MiniOzoneClusterImpl-80d3c9c6-9062-4062-b57d-7974188da005/datanode-4/data/ratis/e4a819ba-4417-4e24-a180-c3d6d65564fa/current/log_inprogress_0
2022-03-11 10:49:28,035 [23e4bfc5-cacb-4fc8-be31-ea8930f2c93f@group-C3D6D65564FA-LeaderElection10] INFO  server.RaftServer$Division (ServerState.java:setRaftConf(387)) - 23e4bfc5-cacb-4fc8-be31-ea8930f2c93f@group-C3D6D65564FA: set configuration 0: [23e4bfc5-cacb-4fc8-be31-ea8930f2c93f|rpc:10.1.0.4:35685|dataStream:|priority:1], old=null
2022-03-11 10:49:28,037 [Listener at 127.0.0.1/32795] INFO  impl.MetricsSystemImpl (MetricsSystemImpl.java:init(158)) - OzoneManager metrics system started (again)
2022-03-11 10:49:28,060 [Listener at 127.0.0.1/32795] INFO  om.OzoneManager (OzoneManager.java:start(1365)) - OzoneManager RPC server is listening at localhost/127.0.0.1:32795
2022-03-11 10:49:28,060 [Listener at 127.0.0.1/32795] INFO  ratis.OzoneManagerRatisServer (OzoneManagerRatisServer.java:start(554)) - Starting OzoneManagerRatisServer om1 at port 39159
2022-03-11 10:49:28,060 [Listener at 127.0.0.1/32795] INFO  server.RaftServer$Division (RaftServerImpl.java:start(301)) - om1@group-C5BA1605619E: start as a follower, conf=-1: [om1|rpc:localhost:39159|priority:0], old=null
2022-03-11 10:49:28,060 [Listener at 127.0.0.1/32795] INFO  server.RaftServer$Division (RaftServerImpl.java:setRole(290)) - om1@group-C5BA1605619E: changes role from      null to FOLLOWER at term 0 for startAsFollower
2022-03-11 10:49:28,061 [Listener at 127.0.0.1/32795] INFO  impl.RoleInfo (RoleInfo.java:updateAndGet(130)) - om1: start om1@group-C5BA1605619E-FollowerState
2022-03-11 10:49:28,062 [Listener at 127.0.0.1/32795] ERROR util.JmxRegister (JmxRegister.java:tryRegister(40)) - Failed to register JMX Bean with name Ratis:service=RaftServer,group=group-C5BA1605619E,id=om1
javax.management.InstanceAlreadyExistsException: Ratis:service=RaftServer,group=group-C5BA1605619E,id=om1
	at com.sun.jmx.mbeanserver.Repository.addMBean(Repository.java:437)
	at com.sun.jmx.interceptor.DefaultMBeanServerInterceptor.registerWithRepository(DefaultMBeanServerInterceptor.java:1898)
	at com.sun.jmx.interceptor.DefaultMBeanServerInterceptor.registerDynamicMBean(DefaultMBeanServerInterceptor.java:966)
	at com.sun.jmx.interceptor.DefaultMBeanServerInterceptor.registerObject(DefaultMBeanServerInterceptor.java:900)
	at com.sun.jmx.interceptor.DefaultMBeanServerInterceptor.registerMBean(DefaultMBeanServerInterceptor.java:324)
	at com.sun.jmx.mbeanserver.JmxMBeanServer.registerMBean(JmxMBeanServer.java:522)
	at org.apache.ratis.util.JmxRegister.tryRegister(JmxRegister.java:38)
	at org.apache.ratis.util.JmxRegister.register(JmxRegister.java:56)
	at org.apache.ratis.server.impl.RaftServerImpl.registerMBean(RaftServerImpl.java:317)
	at org.apache.ratis.server.impl.RaftServerImpl.start(RaftServerImpl.java:308)
	at java.util.stream.ForEachOps$ForEachOp$OfRef.accept(ForEachOps.java:183)
	at java.util.ArrayList$ArrayListSpliterator.forEachRemaining(ArrayList.java:1384)
	at java.util.stream.AbstractPipeline.copyInto(AbstractPipeline.java:482)
	at java.util.stream.ForEachOps$ForEachTask.compute(ForEachOps.java:290)
	at java.util.concurrent.CountedCompleter.exec(CountedCompleter.java:731)
	at java.util.concurrent.ForkJoinTask.doExec(ForkJoinTask.java:289)
	at java.util.concurrent.ForkJoinTask.doInvoke(ForkJoinTask.java:401)
	at java.util.concurrent.ForkJoinTask.invoke(ForkJoinTask.java:734)
	at java.util.stream.ForEachOps$ForEachOp.evaluateParallel(ForEachOps.java:159)
	at java.util.stream.ForEachOps$ForEachOp$OfRef.evaluateParallel(ForEachOps.java:173)
	at java.util.stream.AbstractPipeline.evaluate(AbstractPipeline.java:233)
	at java.util.stream.ReferencePipeline.forEach(ReferencePipeline.java:485)
	at java.util.stream.ReferencePipeline$Head.forEach(ReferencePipeline.java:650)
	at org.apache.ratis.server.impl.RaftServerProxy.start(RaftServerProxy.java:371)
	at org.apache.hadoop.ozone.om.ratis.OzoneManagerRatisServer.start(OzoneManagerRatisServer.java:556)
	at org.apache.hadoop.ozone.om.OzoneManager.start(OzoneManager.java:1372)
	at org.apache.hadoop.ozone.MiniOzoneClusterImpl$Builder.build(MiniOzoneClusterImpl.java:593)
	at org.apache.hadoop.ozone.MiniOzoneClusterProvider.lambda$createClusters$1(MiniOzoneClusterProvider.java:234)
	at java.lang.Thread.run(Thread.java:750)
2022-03-11 10:49:28,062 [Listener at 127.0.0.1/32795] INFO  util.JmxRegister (JmxRegister.java:tryRegister(44)) - Successfully registered JMX Bean with object name Ratis:service=RaftServer,group=group-C5BA1605619E,id="om1"
2022-03-11 10:49:28,067 [Listener at 127.0.0.1/32795] INFO  server.RaftServer (RaftServerProxy.java:lambda$start$5(374)) - om1: start RPC server
2022-03-11 10:49:28,068 [Listener at 127.0.0.1/32795] INFO  server.GrpcService (GrpcService.java:startImpl(253)) - om1: GrpcService started, listening on 39159
2022-03-11 10:49:28,078 [Listener at 127.0.0.1/32795] INFO  om.OzoneManager (OzoneManager.java:start(1381)) - Version File has different layout version (0) than OM DB (null). That is expected if this OM has never been finalized to a newer layout version.
2022-03-11 10:49:28,078 [org.apache.ratis.util.JvmPauseMonitor$$Lambda$540/1416199161@54f6d38] INFO  util.JvmPauseMonitor (JvmPauseMonitor.java:run(103)) - JvmPauseMonitor-om1: Started
2022-03-11 10:49:28,099 [Listener at 127.0.0.1/32795] INFO  http.BaseHttpServer (BaseHttpServer.java:newHttpServer2BuilderForOzone(209)) - Starting Web-server for ozoneManager at: http://0.0.0.0:0
2022-03-11 10:49:28,099 [Listener at 127.0.0.1/32795] INFO  http.BaseHttpServer (BaseHttpServer.java:<init>(107)) - Hadoop Security Enabled: false Ozone Security Enabled: false Ozone HTTP Security Enabled: false 
2022-03-11 10:49:28,101 [Listener at 127.0.0.1/32795] INFO  server.AuthenticationFilter (AuthenticationFilter.java:constructSecretProvider(240)) - Unable to initialize FileSignerSecretProvider, falling back to use random secrets.
2022-03-11 10:49:28,108 [Listener at 127.0.0.1/32795] WARN  http.HttpRequestLog (HttpRequestLog.java:getRequestLog(103)) - Jetty request log can only be enabled using Log4j
2022-03-11 10:49:28,108 [Listener at 127.0.0.1/32795] INFO  http.HttpServer2 (HttpServer2.java:addGlobalFilter(1030)) - Added global filter 'safety' (class=org.apache.hadoop.hdds.server.http.HttpServer2$QuotingInputFilter)
2022-03-11 10:49:28,110 [Listener at 127.0.0.1/32795] INFO  http.HttpServer2 (HttpServer2.java:addFilter(1006)) - Added filter static_user_filter (class=org.apache.hadoop.http.lib.StaticUserWebFilter$StaticUserFilter) to context ozoneManager
2022-03-11 10:49:28,110 [Listener at 127.0.0.1/32795] INFO  http.HttpServer2 (HttpServer2.java:addFilter(1014)) - Added filter static_user_filter (class=org.apache.hadoop.http.lib.StaticUserWebFilter$StaticUserFilter) to context static
2022-03-11 10:49:28,110 [Listener at 127.0.0.1/32795] INFO  http.HttpServer2 (HttpServer2.java:addFilter(1014)) - Added filter static_user_filter (class=org.apache.hadoop.http.lib.StaticUserWebFilter$StaticUserFilter) to context logs
2022-03-11 10:49:28,110 [Listener at 127.0.0.1/32795] INFO  http.HttpServer2 (HttpServer2.java:bindListener(1249)) - Jetty bound to port 35093
2022-03-11 10:49:28,110 [Listener at 127.0.0.1/32795] INFO  server.Server (Server.java:doStart(375)) - jetty-9.4.43.v20210629; built: 2021-06-30T11:07:22.254Z; git: 526006ecfa3af7f1a27ef3a288e2bef7ea9dd7e8; jvm 1.8.0_322-b06
2022-03-11 10:49:28,124 [OM StateMachine ApplyTransaction Thread - 0] INFO  volume.OMVolumeCreateRequest (OMVolumeCreateRequest.java:validateAndUpdateCache(195)) - created volume:vol1 for user:user23176
2022-03-11 10:49:28,131 [Listener at 127.0.0.1/32795] INFO  server.session (DefaultSessionIdManager.java:doStart(334)) - DefaultSessionIdManager workerName=node0
2022-03-11 10:49:28,132 [Listener at 127.0.0.1/32795] INFO  server.session (DefaultSessionIdManager.java:doStart(339)) - No SessionScavenger set, using defaults
2022-03-11 10:49:28,132 [Listener at 127.0.0.1/32795] INFO  server.session (HouseKeeper.java:startScavenging(132)) - node0 Scavenging every 660000ms
2022-03-11 10:49:28,135 [Listener at 127.0.0.1/32795] INFO  handler.ContextHandler (ContextHandler.java:doStart(915)) - Started o.e.j.s.ServletContextHandler@25714a{logs,/logs,file:///home/runner/work/ozone/ozone/hadoop-ozone/integration-test/target/log,AVAILABLE}
2022-03-11 10:49:28,135 [Listener at 127.0.0.1/32795] INFO  handler.ContextHandler (ContextHandler.java:doStart(915)) - Started o.e.j.s.ServletContextHandler@2f8ad57f{static,/static,file:///home/runner/work/ozone/ozone/hadoop-ozone/integration-test/target/test-classes/webapps/static,AVAILABLE}
2022-03-11 10:49:28,144 [Listener at 127.0.0.1/32795] INFO  handler.ContextHandler (ContextHandler.java:doStart(915)) - Started o.e.j.w.WebAppContext@33d3585b{ozoneManager,/,file:///home/runner/work/ozone/ozone/hadoop-ozone/integration-test/target/test-classes/webapps/ozoneManager/,AVAILABLE}{file:/home/runner/work/ozone/ozone/hadoop-ozone/integration-test/target/test-classes/webapps/ozoneManager}
2022-03-11 10:49:28,157 [Listener at 127.0.0.1/32795] INFO  server.AbstractConnector (AbstractConnector.java:doStart(331)) - Started ServerConnector@210ec356{HTTP/1.1, (http/1.1)}{0.0.0.0:35093}
2022-03-11 10:49:28,157 [Listener at 127.0.0.1/32795] INFO  server.Server (Server.java:doStart(415)) - Started @20874ms
2022-03-11 10:49:28,157 [Listener at 127.0.0.1/32795] WARN  impl.MetricsSystemImpl (MetricsSystemImpl.java:register(279)) - Sink prometheus already exists!
2022-03-11 10:49:28,159 [Listener at 127.0.0.1/32795] INFO  http.BaseHttpServer (BaseHttpServer.java:updateConnectorAddress(329)) - HTTP server of ozoneManager listening at http://0.0.0.0:35093
2022-03-11 10:49:28,163 [IPC Server Responder] INFO  ipc.Server (Server.java:run(1507)) - IPC Server Responder: starting
2022-03-11 10:49:28,163 [5fc3a91c-8c24-4005-b122-68420aedc983@group-7642DFF0B50D-FollowerState] INFO  impl.FollowerState (FollowerState.java:run(134)) - 5fc3a91c-8c24-4005-b122-68420aedc983@group-7642DFF0B50D-FollowerState: change to CANDIDATE, lastRpcElapsedTime:5147743032ns, electionTimeout:5147ms
2022-03-11 10:49:28,163 [5fc3a91c-8c24-4005-b122-68420aedc983@group-7642DFF0B50D-FollowerState] INFO  impl.RoleInfo (RoleInfo.java:shutdownFollowerState(108)) - 5fc3a91c-8c24-4005-b122-68420aedc983: shutdown 5fc3a91c-8c24-4005-b122-68420aedc983@group-7642DFF0B50D-FollowerState
2022-03-11 10:49:28,163 [5fc3a91c-8c24-4005-b122-68420aedc983@group-7642DFF0B50D-FollowerState] INFO  server.RaftServer$Division (RaftServerImpl.java:setRole(290)) - 5fc3a91c-8c24-4005-b122-68420aedc983@group-7642DFF0B50D: changes role from  FOLLOWER to CANDIDATE at term 0 for changeToCandidate
2022-03-11 10:49:28,167 [IPC Server listener on 0] INFO  ipc.Server (Server.java:run(1344)) - IPC Server listener on 0: starting
2022-03-11 10:49:28,175 [Listener at 127.0.0.1/32795] INFO  om.OzoneManager (OzoneManager.java:startTrashEmptier(1792)) - Trash Interval set to 0. Files deleted will not move to trash
2022-03-11 10:49:28,178 [5fc3a91c-8c24-4005-b122-68420aedc983@group-7642DFF0B50D-FollowerState] INFO  server.RaftServerConfigKeys (ConfUtils.java:logGet(44)) - raft.server.leaderelection.pre-vote = false (custom)
2022-03-11 10:49:28,178 [5fc3a91c-8c24-4005-b122-68420aedc983@group-7642DFF0B50D-FollowerState] INFO  impl.RoleInfo (RoleInfo.java:updateAndGet(130)) - 5fc3a91c-8c24-4005-b122-68420aedc983: start 5fc3a91c-8c24-4005-b122-68420aedc983@group-7642DFF0B50D-LeaderElection11
2022-03-11 10:49:28,178 [org.apache.hadoop.util.JvmPauseMonitor$Monitor@17225f4c] INFO  util.JvmPauseMonitor (JvmPauseMonitor.java:run(188)) - Starting JVM pause monitor
2022-03-11 10:49:28,196 [Listener at 127.0.0.1/32795] WARN  impl.MetricRegistriesImpl (MetricRegistriesImpl.java:addReporterRegistration(111)) - New reporters are added after registries were created. Some metrics will be missing from the reporter. Please add reporter before adding any new registry.
2022-03-11 10:49:28,208 [Listener at 127.0.0.1/32795] WARN  impl.MetricRegistriesImpl (MetricRegistriesImpl.java:addReporterRegistration(111)) - New reporters are added after registries were created. Some metrics will be missing from the reporter. Please add reporter before adding any new registry.
2022-03-11 10:49:28,208 [Listener at 127.0.0.1/32795] INFO  impl.MetricsSystemImpl (MetricsSystemImpl.java:init(158)) - HddsDatanode metrics system started (again)
2022-03-11 10:49:28,200 [5fc3a91c-8c24-4005-b122-68420aedc983@group-7642DFF0B50D-LeaderElection11] INFO  impl.LeaderElection (LeaderElection.java:askForVotes(306)) - 5fc3a91c-8c24-4005-b122-68420aedc983@group-7642DFF0B50D-LeaderElection11 ELECTION round 0: submit vote requests at term 1 for -1: [5fc3a91c-8c24-4005-b122-68420aedc983|rpc:10.1.0.4:33243|priority:1], old=null
2022-03-11 10:49:28,210 [5fc3a91c-8c24-4005-b122-68420aedc983@group-7642DFF0B50D-LeaderElection11] INFO  impl.LeaderElection (LeaderElection.java:askForVotes(308)) - 5fc3a91c-8c24-4005-b122-68420aedc983@group-7642DFF0B50D-LeaderElection11 ELECTION round 0: result PASSED (term=1)
2022-03-11 10:49:28,210 [5fc3a91c-8c24-4005-b122-68420aedc983@group-7642DFF0B50D-LeaderElection11] INFO  impl.RoleInfo (RoleInfo.java:shutdownLeaderElection(121)) - 5fc3a91c-8c24-4005-b122-68420aedc983: shutdown 5fc3a91c-8c24-4005-b122-68420aedc983@group-7642DFF0B50D-LeaderElection11
2022-03-11 10:49:28,210 [5fc3a91c-8c24-4005-b122-68420aedc983@group-7642DFF0B50D-LeaderElection11] INFO  server.RaftServer$Division (RaftServerImpl.java:setRole(290)) - 5fc3a91c-8c24-4005-b122-68420aedc983@group-7642DFF0B50D: changes role from CANDIDATE to LEADER at term 1 for changeToLeader
2022-03-11 10:49:28,210 [5fc3a91c-8c24-4005-b122-68420aedc983@group-7642DFF0B50D-LeaderElection11] INFO  ratis.XceiverServerRatis (XceiverServerRatis.java:handleLeaderChangedNotification(867)) - Leader change notification received for group: group-7642DFF0B50D with new leaderId: 5fc3a91c-8c24-4005-b122-68420aedc983
2022-03-11 10:49:28,210 [5fc3a91c-8c24-4005-b122-68420aedc983@group-7642DFF0B50D-LeaderElection11] INFO  server.RaftServer$Division (ServerState.java:setLeader(285)) - 5fc3a91c-8c24-4005-b122-68420aedc983@group-7642DFF0B50D: change Leader from null to 5fc3a91c-8c24-4005-b122-68420aedc983 at term 1 for becomeLeader, leader elected after 5213ms
2022-03-11 10:49:28,210 [5fc3a91c-8c24-4005-b122-68420aedc983@group-7642DFF0B50D-LeaderElection11] INFO  server.RaftServerConfigKeys (ConfUtils.java:logGet(44)) - raft.server.staging.catchup.gap = 1000 (default)
2022-03-11 10:49:28,211 [5fc3a91c-8c24-4005-b122-68420aedc983@group-7642DFF0B50D-LeaderElection11] INFO  server.RaftServerConfigKeys (ConfUtils.java:logGet(44)) - raft.server.write.element-limit = 1024 (custom)
2022-03-11 10:49:28,211 [5fc3a91c-8c24-4005-b122-68420aedc983@group-7642DFF0B50D-LeaderElection11] INFO  server.RaftServerConfigKeys (ConfUtils.java:logGet(44)) - raft.server.write.byte-limit = 1024 M (=1073741824) (custom)
2022-03-11 10:49:28,212 [5fc3a91c-8c24-4005-b122-68420aedc983@group-7642DFF0B50D-LeaderElection11] INFO  server.RaftServerConfigKeys (ConfUtils.java:logGet(44)) - raft.server.watch.timeout = 180s (custom)
2022-03-11 10:49:28,212 [5fc3a91c-8c24-4005-b122-68420aedc983@group-7642DFF0B50D-LeaderElection11] INFO  server.RaftServerConfigKeys (ConfUtils.java:logGet(44)) - raft.server.watch.timeout.denomination = 1s (default)
2022-03-11 10:49:28,212 [5fc3a91c-8c24-4005-b122-68420aedc983@group-7642DFF0B50D-LeaderElection11] INFO  server.RaftServerConfigKeys (ConfUtils.java:logGet(44)) - raft.server.watch.element-limit = 65536 (default)
2022-03-11 10:49:28,212 [5fc3a91c-8c24-4005-b122-68420aedc983@group-7642DFF0B50D-LeaderElection11] INFO  server.RaftServerConfigKeys (ConfUtils.java:logGet(44)) - raft.server.write.element-limit = 1024 (custom)
2022-03-11 10:49:28,212 [5fc3a91c-8c24-4005-b122-68420aedc983@group-7642DFF0B50D-LeaderElection11] INFO  server.RaftServerConfigKeys (ConfUtils.java:logGet(44)) - raft.server.write.follower.gap.ratio.max = -1.0 (default)
2022-03-11 10:49:28,212 [5fc3a91c-8c24-4005-b122-68420aedc983@group-7642DFF0B50D-LeaderElection11] INFO  impl.RoleInfo (RoleInfo.java:updateAndGet(130)) - 5fc3a91c-8c24-4005-b122-68420aedc983: start 5fc3a91c-8c24-4005-b122-68420aedc983@group-7642DFF0B50D-LeaderStateImpl
2022-03-11 10:49:28,213 [5fc3a91c-8c24-4005-b122-68420aedc983@group-7642DFF0B50D-LeaderElection11] INFO  segmented.SegmentedRaftLogWorker (SegmentedRaftLogWorker.java:startLogSegment(394)) - 5fc3a91c-8c24-4005-b122-68420aedc983@group-7642DFF0B50D-SegmentedRaftLogWorker: Starting segment from index:0
2022-03-11 10:49:28,214 [5fc3a91c-8c24-4005-b122-68420aedc983@group-7642DFF0B50D-SegmentedRaftLogWorker] INFO  segmented.SegmentedRaftLogWorker (SegmentedRaftLogWorker.java:execute(601)) - 5fc3a91c-8c24-4005-b122-68420aedc983@group-7642DFF0B50D-SegmentedRaftLogWorker: created new log segment /home/runner/work/ozone/ozone/hadoop-ozone/integration-test/target/test-dir/MiniOzoneClusterImpl-80d3c9c6-9062-4062-b57d-7974188da005/datanode-5/data/ratis/a2fe8e45-5409-4bd6-a863-7642dff0b50d/current/log_inprogress_0
2022-03-11 10:49:28,206 [main] INFO  rpc.RpcClient (RpcClient.java:createBucket(562)) - Creating Bucket: vol1/bucket1, with runner as owner and Versioning false and Storage Type set to DISK and Encryption set to false 
2022-03-11 10:49:28,227 [5fc3a91c-8c24-4005-b122-68420aedc983@group-7642DFF0B50D-LeaderElection11] INFO  server.RaftServer$Division (ServerState.java:setRaftConf(387)) - 5fc3a91c-8c24-4005-b122-68420aedc983@group-7642DFF0B50D: set configuration 0: [5fc3a91c-8c24-4005-b122-68420aedc983|rpc:10.1.0.4:33243|dataStream:|priority:1], old=null
2022-03-11 10:49:28,244 [Listener at 127.0.0.1/32795] INFO  ozone.HddsDatanodeService (HddsDatanodeService.java:start(233)) - HddsDatanodeService host:fv-az184-17.3ow45vhwbzuu5incsxmygykede.cx.internal.cloudapp.net ip:10.1.0.4
2022-03-11 10:49:28,298 [Listener at 127.0.0.1/32795] INFO  upgrade.AbstractLayoutVersionManager (AbstractLayoutVersionManager.java:init(79)) - Initializing Layout version manager with metadata layout = SCM_HA (version = 2), software layout = SCM_HA (version = 2)
2022-03-11 10:49:28,354 [ReplicationMonitor] INFO  container.ReplicationManager (ReplicationManager.java:processAll(374)) - Replication Manager is not ready to run until 3000ms after safemode exit
2022-03-11 10:49:28,384 [Listener at 127.0.0.1/32795] INFO  reflections.Reflections (Reflections.java:scan(232)) - Reflections took 85 ms to scan 7 urls, producing 122 keys and 286 values 
2022-03-11 10:49:28,386 [IPC Server handler 0 on default port 39579] INFO  ha.SequenceIdGenerator (SequenceIdGenerator.java:getNextId(127)) - Allocate a batch for containerId, change lastId from 0 to 1000.
2022-03-11 10:49:28,386 [Listener at 127.0.0.1/32795] INFO  statemachine.DatanodeStateMachine (DatanodeStateMachine.java:getEndPointTaskThreadPoolSize(222)) - Datanode State Machine Task Thread Pool size 2
2022-03-11 10:49:28,398 [Listener at 127.0.0.1/32795] INFO  volume.HddsVolume (HddsVolume.java:<init>(120)) - Creating HddsVolume: /home/runner/work/ozone/ozone/hadoop-ozone/integration-test/target/test-dir/MiniOzoneClusterImpl-7b69f8db-d4e2-4de8-91fb-18008de01126/datanode-0/data-0/containers/hdds of storage type : DISK capacity : 9223372036854775807
2022-03-11 10:49:28,398 [Listener at 127.0.0.1/32795] INFO  volume.MutableVolumeSet (MutableVolumeSet.java:initializeVolumeSet(168)) - Added Volume : /home/runner/work/ozone/ozone/hadoop-ozone/integration-test/target/test-dir/MiniOzoneClusterImpl-7b69f8db-d4e2-4de8-91fb-18008de01126/datanode-0/data-0/containers/hdds to VolumeSet
2022-03-11 10:49:28,398 [Listener at 127.0.0.1/32795] INFO  volume.ThrottledAsyncChecker (ThrottledAsyncChecker.java:schedule(141)) - Scheduling a check for /home/runner/work/ozone/ozone/hadoop-ozone/integration-test/target/test-dir/MiniOzoneClusterImpl-7b69f8db-d4e2-4de8-91fb-18008de01126/datanode-0/data-0/containers/hdds
2022-03-11 10:49:28,399 [IPC Server handler 0 on default port 39579] WARN  ha.SequenceIdGenerator (SequenceIdGenerator.java:allocateBatch(235)) - Failed to allocate a batch for localId, expected lastId is 0, actual lastId is 109611004723200000.
2022-03-11 10:49:28,399 [IPC Server handler 0 on default port 39579] INFO  ha.SequenceIdGenerator (SequenceIdGenerator.java:getNextId(127)) - Allocate a batch for localId, change lastId from 109611004723200000 to 109611004723201000.
2022-03-11 10:49:28,413 [Listener at 127.0.0.1/32795] INFO  volume.StorageVolumeChecker (StorageVolumeChecker.java:checkAllVolumes(202)) - Scheduled health check for volume /home/runner/work/ozone/ozone/hadoop-ozone/integration-test/target/test-dir/MiniOzoneClusterImpl-7b69f8db-d4e2-4de8-91fb-18008de01126/datanode-0/data-0/containers/hdds
2022-03-11 10:49:28,427 [Listener at 127.0.0.1/32795] INFO  volume.MutableVolumeSet (MutableVolumeSet.java:initializeVolumeSet(168)) - Added Volume : /home/runner/work/ozone/ozone/hadoop-ozone/integration-test/target/test-dir/MiniOzoneClusterImpl-7b69f8db-d4e2-4de8-91fb-18008de01126/datanode-0/data/ratis to VolumeSet
2022-03-11 10:49:28,440 [Listener at 127.0.0.1/32795] INFO  volume.ThrottledAsyncChecker (ThrottledAsyncChecker.java:schedule(141)) - Scheduling a check for /home/runner/work/ozone/ozone/hadoop-ozone/integration-test/target/test-dir/MiniOzoneClusterImpl-7b69f8db-d4e2-4de8-91fb-18008de01126/datanode-0/data/ratis
2022-03-11 10:49:28,441 [Listener at 127.0.0.1/32795] INFO  volume.StorageVolumeChecker (StorageVolumeChecker.java:checkAllVolumes(202)) - Scheduled health check for volume /home/runner/work/ozone/ozone/hadoop-ozone/integration-test/target/test-dir/MiniOzoneClusterImpl-7b69f8db-d4e2-4de8-91fb-18008de01126/datanode-0/data/ratis
2022-03-11 10:49:28,471 [Thread-422] INFO  ozoneimpl.ContainerReader (ContainerReader.java:readVolume(172)) - Finish verifying containers on volume /home/runner/work/ozone/ozone/hadoop-ozone/integration-test/target/test-dir/MiniOzoneClusterImpl-7b69f8db-d4e2-4de8-91fb-18008de01126/datanode-0/data-0/containers/hdds
2022-03-11 10:49:28,471 [Listener at 127.0.0.1/32795] INFO  ozoneimpl.OzoneContainer (OzoneContainer.java:buildContainerSet(257)) - Build ContainerSet costs 0s
2022-03-11 10:49:28,477 [Listener at 127.0.0.1/32795] INFO  server.RaftServer (ConfUtils.java:logGet(44)) - raft.rpc.type = GRPC (default)
2022-03-11 10:49:28,478 [Listener at 127.0.0.1/32795] INFO  grpc.GrpcFactory (GrpcFactory.java:checkPooledByteBufAllocatorUseCacheForAllThreads(48)) - PERFORMANCE WARNING: useCacheForAllThreads is true that may cause Netty to create a lot garbage objects and, as a result, trigger GC.
	It is recommended to disable useCacheForAllThreads by setting -Dorg.apache.ratis.thirdparty.io.netty.allocator.useCacheForAllThreads=false in command line.
2022-03-11 10:49:28,478 [Listener at 127.0.0.1/32795] INFO  grpc.GrpcConfigKeys (ConfUtils.java:logGet(44)) - raft.grpc.admin.port = 0 (custom)
2022-03-11 10:49:28,478 [Listener at 127.0.0.1/32795] INFO  grpc.GrpcConfigKeys (ConfUtils.java:logGet(44)) - raft.grpc.client.port = 0 (custom)
2022-03-11 10:49:28,478 [Listener at 127.0.0.1/32795] INFO  grpc.GrpcConfigKeys (ConfUtils.java:logGet(44)) - raft.grpc.server.port = 0 (default)
2022-03-11 10:49:28,478 [Listener at 127.0.0.1/32795] INFO  server.GrpcService (ConfUtils.java:logGet(44)) - raft.grpc.message.size.max = 32MB (=33554432) (custom)
2022-03-11 10:49:28,478 [Listener at 127.0.0.1/32795] INFO  server.RaftServerConfigKeys (ConfUtils.java:logGet(44)) - raft.server.log.appender.buffer.byte-limit = 33554432 (custom)
2022-03-11 10:49:28,478 [Listener at 127.0.0.1/32795] INFO  server.GrpcService (ConfUtils.java:logGet(44)) - raft.grpc.flow.control.window = 5MB (=5242880) (custom)
2022-03-11 10:49:28,478 [Listener at 127.0.0.1/32795] INFO  server.RaftServerConfigKeys (ConfUtils.java:logGet(44)) - raft.server.rpc.request.timeout = 60s (custom)
2022-03-11 10:49:28,480 [Listener at 127.0.0.1/32795] INFO  impl.DataStreamServerImpl (ConfUtils.java:logGet(44)) - raft.datastream.type = DISABLED (default)
2022-03-11 10:49:28,480 [Listener at 127.0.0.1/32795] INFO  server.RaftServerConfigKeys (ConfUtils.java:logGet(44)) - raft.server.rpc.slowness.timeout = 300s (custom)
2022-03-11 10:49:28,480 [Listener at 127.0.0.1/32795] INFO  server.RaftServerConfigKeys (ConfUtils.java:logGet(44)) - raft.server.leaderelection.leader.step-down.wait-time = 10s (default)
2022-03-11 10:49:28,481 [Listener at 127.0.0.1/32795] INFO  server.RaftServerConfigKeys (ConfUtils.java:logGet(44)) - raft.server.storage.dir = [/home/runner/work/ozone/ozone/hadoop-ozone/integration-test/target/test-dir/MiniOzoneClusterImpl-7b69f8db-d4e2-4de8-91fb-18008de01126/datanode-0/data/ratis] (custom)
2022-03-11 10:49:28,485 [Listener at 127.0.0.1/32795] INFO  server.XceiverServerGrpc (XceiverServerGrpc.java:<init>(132)) - GrpcServer channel type EpollServerSocketChannel
2022-03-11 10:49:28,496 [Listener at 127.0.0.1/32795] INFO  http.BaseHttpServer (BaseHttpServer.java:newHttpServer2BuilderForOzone(209)) - Starting Web-server for hddsDatanode at: http://0.0.0.0:0
2022-03-11 10:49:28,496 [Listener at 127.0.0.1/32795] INFO  http.BaseHttpServer (BaseHttpServer.java:<init>(107)) - Hadoop Security Enabled: false Ozone Security Enabled: false Ozone HTTP Security Enabled: false 
2022-03-11 10:49:28,497 [main] INFO  impl.MetricsSystemImpl (MetricsSystemImpl.java:init(158)) - XceiverClientMetrics metrics system started (again)
2022-03-11 10:49:28,498 [Listener at 127.0.0.1/32795] INFO  server.AuthenticationFilter (AuthenticationFilter.java:constructSecretProvider(240)) - Unable to initialize FileSignerSecretProvider, falling back to use random secrets.
2022-03-11 10:49:28,502 [Listener at 127.0.0.1/32795] WARN  http.HttpRequestLog (HttpRequestLog.java:getRequestLog(103)) - Jetty request log can only be enabled using Log4j
2022-03-11 10:49:28,503 [Listener at 127.0.0.1/32795] INFO  http.HttpServer2 (HttpServer2.java:addGlobalFilter(1030)) - Added global filter 'safety' (class=org.apache.hadoop.hdds.server.http.HttpServer2$QuotingInputFilter)
2022-03-11 10:49:28,506 [Listener at 127.0.0.1/32795] INFO  http.HttpServer2 (HttpServer2.java:addFilter(1006)) - Added filter static_user_filter (class=org.apache.hadoop.http.lib.StaticUserWebFilter$StaticUserFilter) to context hddsDatanode
2022-03-11 10:49:28,506 [Listener at 127.0.0.1/32795] INFO  http.HttpServer2 (HttpServer2.java:addFilter(1014)) - Added filter static_user_filter (class=org.apache.hadoop.http.lib.StaticUserWebFilter$StaticUserFilter) to context logs
2022-03-11 10:49:28,507 [Listener at 127.0.0.1/32795] INFO  http.HttpServer2 (HttpServer2.java:addFilter(1014)) - Added filter static_user_filter (class=org.apache.hadoop.http.lib.StaticUserWebFilter$StaticUserFilter) to context static
2022-03-11 10:49:28,507 [Listener at 127.0.0.1/32795] INFO  http.HttpServer2 (HttpServer2.java:bindListener(1249)) - Jetty bound to port 33365
2022-03-11 10:49:28,507 [Listener at 127.0.0.1/32795] INFO  server.Server (Server.java:doStart(375)) - jetty-9.4.43.v20210629; built: 2021-06-30T11:07:22.254Z; git: 526006ecfa3af7f1a27ef3a288e2bef7ea9dd7e8; jvm 1.8.0_322-b06
2022-03-11 10:49:28,509 [Listener at 127.0.0.1/32795] INFO  server.session (DefaultSessionIdManager.java:doStart(334)) - DefaultSessionIdManager workerName=node0
2022-03-11 10:49:28,509 [Listener at 127.0.0.1/32795] INFO  server.session (DefaultSessionIdManager.java:doStart(339)) - No SessionScavenger set, using defaults
2022-03-11 10:49:28,509 [Listener at 127.0.0.1/32795] INFO  server.session (HouseKeeper.java:startScavenging(132)) - node0 Scavenging every 600000ms
2022-03-11 10:49:28,515 [Listener at 127.0.0.1/32795] INFO  handler.ContextHandler (ContextHandler.java:doStart(915)) - Started o.e.j.s.ServletContextHandler@5bd79c24{logs,/logs,file:///home/runner/work/ozone/ozone/hadoop-ozone/integration-test/target/log,AVAILABLE}
2022-03-11 10:49:28,515 [Listener at 127.0.0.1/32795] INFO  handler.ContextHandler (ContextHandler.java:doStart(915)) - Started o.e.j.s.ServletContextHandler@7ecb3670{static,/static,jar:file:/home/runner/.m2/repository/org/apache/ozone/hdds-container-service/1.3.0-SNAPSHOT/hdds-container-service-1.3.0-SNAPSHOT.jar!/webapps/static,AVAILABLE}
2022-03-11 10:49:28,587 [Listener at 127.0.0.1/32795] INFO  handler.ContextHandler (ContextHandler.java:doStart(915)) - Started o.e.j.w.WebAppContext@338c9c49{hddsDatanode,/,file:///tmp/jetty-0_0_0_0-33365-hdds-container-service-1_3_0-SNAPSHOT_jar-_-any-8322491066360196769/webapp/,AVAILABLE}{jar:file:/home/runner/.m2/repository/org/apache/ozone/hdds-container-service/1.3.0-SNAPSHOT/hdds-container-service-1.3.0-SNAPSHOT.jar!/webapps/hddsDatanode}
2022-03-11 10:49:28,594 [Listener at 127.0.0.1/32795] INFO  server.AbstractConnector (AbstractConnector.java:doStart(331)) - Started ServerConnector@27bce693{HTTP/1.1, (http/1.1)}{0.0.0.0:33365}
2022-03-11 10:49:28,594 [Listener at 127.0.0.1/32795] INFO  server.Server (Server.java:doStart(415)) - Started @21311ms
2022-03-11 10:49:28,594 [Listener at 127.0.0.1/32795] WARN  impl.MetricsSystemImpl (MetricsSystemImpl.java:register(279)) - Sink prometheus already exists!
2022-03-11 10:49:28,595 [Listener at 127.0.0.1/32795] INFO  http.BaseHttpServer (BaseHttpServer.java:updateConnectorAddress(329)) - HTTP server of hddsDatanode listening at http://0.0.0.0:33365
2022-03-11 10:49:28,596 [Listener at 127.0.0.1/32795] WARN  impl.MetricRegistriesImpl (MetricRegistriesImpl.java:addReporterRegistration(111)) - New reporters are added after registries were created. Some metrics will be missing from the reporter. Please add reporter before adding any new registry.
2022-03-11 10:49:28,596 [Listener at 127.0.0.1/32795] WARN  impl.MetricRegistriesImpl (MetricRegistriesImpl.java:addReporterRegistration(111)) - New reporters are added after registries were created. Some metrics will be missing from the reporter. Please add reporter before adding any new registry.
2022-03-11 10:49:28,596 [Listener at 127.0.0.1/32795] INFO  impl.MetricsSystemImpl (MetricsSystemImpl.java:init(158)) - HddsDatanode metrics system started (again)
2022-03-11 10:49:28,603 [Datanode State Machine Daemon Thread] INFO  statemachine.DatanodeStateMachine (DatanodeStateMachine.java:lambda$startDaemon$0(470)) - Ozone container server started.
2022-03-11 10:49:28,616 [Listener at 127.0.0.1/32795] INFO  ozone.HddsDatanodeService (HddsDatanodeService.java:start(233)) - HddsDatanodeService host:fv-az184-17.3ow45vhwbzuu5incsxmygykede.cx.internal.cloudapp.net ip:10.1.0.4
2022-03-11 10:49:28,617 [org.apache.hadoop.util.JvmPauseMonitor$Monitor@714f9b0] INFO  util.JvmPauseMonitor (JvmPauseMonitor.java:run(188)) - Starting JVM pause monitor
2022-03-11 10:49:28,626 [Datanode State Machine Task Thread - 0] INFO  datanode.InitDatanodeState (InitDatanodeState.java:persistContainerDatanodeDetails(138)) - DatanodeDetails is persisted to /home/runner/work/ozone/ozone/hadoop-ozone/integration-test/target/test-dir/MiniOzoneClusterImpl-7b69f8db-d4e2-4de8-91fb-18008de01126/datanode-0/meta/datanode.id
2022-03-11 10:49:28,650 [Listener at 127.0.0.1/32795] INFO  upgrade.AbstractLayoutVersionManager (AbstractLayoutVersionManager.java:init(79)) - Initializing Layout version manager with metadata layout = SCM_HA (version = 2), software layout = SCM_HA (version = 2)
2022-03-11 10:49:28,671 [ReplicationMonitor] INFO  container.ReplicationManager (ReplicationManager.java:processAll(374)) - Replication Manager is not ready to run until 3000ms after safemode exit
2022-03-11 10:49:28,760 [Listener at 127.0.0.1/32795] INFO  reflections.Reflections (Reflections.java:scan(232)) - Reflections took 104 ms to scan 7 urls, producing 122 keys and 286 values 
2022-03-11 10:49:28,762 [Listener at 127.0.0.1/32795] INFO  statemachine.DatanodeStateMachine (DatanodeStateMachine.java:getEndPointTaskThreadPoolSize(222)) - Datanode State Machine Task Thread Pool size 2
2022-03-11 10:49:28,763 [Listener at 127.0.0.1/32795] INFO  volume.HddsVolume (HddsVolume.java:<init>(120)) - Creating HddsVolume: /home/runner/work/ozone/ozone/hadoop-ozone/integration-test/target/test-dir/MiniOzoneClusterImpl-7b69f8db-d4e2-4de8-91fb-18008de01126/datanode-1/data-0/containers/hdds of storage type : DISK capacity : 9223372036854775807
2022-03-11 10:49:28,765 [Listener at 127.0.0.1/32795] INFO  volume.MutableVolumeSet (MutableVolumeSet.java:initializeVolumeSet(168)) - Added Volume : /home/runner/work/ozone/ozone/hadoop-ozone/integration-test/target/test-dir/MiniOzoneClusterImpl-7b69f8db-d4e2-4de8-91fb-18008de01126/datanode-1/data-0/containers/hdds to VolumeSet
2022-03-11 10:49:28,765 [Listener at 127.0.0.1/32795] INFO  volume.ThrottledAsyncChecker (ThrottledAsyncChecker.java:schedule(141)) - Scheduling a check for /home/runner/work/ozone/ozone/hadoop-ozone/integration-test/target/test-dir/MiniOzoneClusterImpl-7b69f8db-d4e2-4de8-91fb-18008de01126/datanode-1/data-0/containers/hdds
2022-03-11 10:49:28,767 [Listener at 127.0.0.1/32795] INFO  volume.StorageVolumeChecker (StorageVolumeChecker.java:checkAllVolumes(202)) - Scheduled health check for volume /home/runner/work/ozone/ozone/hadoop-ozone/integration-test/target/test-dir/MiniOzoneClusterImpl-7b69f8db-d4e2-4de8-91fb-18008de01126/datanode-1/data-0/containers/hdds
2022-03-11 10:49:28,797 [Listener at 127.0.0.1/32795] INFO  volume.MutableVolumeSet (MutableVolumeSet.java:initializeVolumeSet(168)) - Added Volume : /home/runner/work/ozone/ozone/hadoop-ozone/integration-test/target/test-dir/MiniOzoneClusterImpl-7b69f8db-d4e2-4de8-91fb-18008de01126/datanode-1/data/ratis to VolumeSet
2022-03-11 10:49:28,797 [Listener at 127.0.0.1/32795] INFO  volume.ThrottledAsyncChecker (ThrottledAsyncChecker.java:schedule(141)) - Scheduling a check for /home/runner/work/ozone/ozone/hadoop-ozone/integration-test/target/test-dir/MiniOzoneClusterImpl-7b69f8db-d4e2-4de8-91fb-18008de01126/datanode-1/data/ratis
2022-03-11 10:49:28,798 [Listener at 127.0.0.1/32795] INFO  volume.StorageVolumeChecker (StorageVolumeChecker.java:checkAllVolumes(202)) - Scheduled health check for volume /home/runner/work/ozone/ozone/hadoop-ozone/integration-test/target/test-dir/MiniOzoneClusterImpl-7b69f8db-d4e2-4de8-91fb-18008de01126/datanode-1/data/ratis
2022-03-11 10:49:28,854 [Thread-435] INFO  ozoneimpl.ContainerReader (ContainerReader.java:readVolume(172)) - Finish verifying containers on volume /home/runner/work/ozone/ozone/hadoop-ozone/integration-test/target/test-dir/MiniOzoneClusterImpl-7b69f8db-d4e2-4de8-91fb-18008de01126/datanode-1/data-0/containers/hdds
2022-03-11 10:49:28,854 [Listener at 127.0.0.1/32795] INFO  ozoneimpl.OzoneContainer (OzoneContainer.java:buildContainerSet(257)) - Build ContainerSet costs 0s
2022-03-11 10:49:28,857 [Listener at 127.0.0.1/32795] INFO  server.RaftServer (ConfUtils.java:logGet(44)) - raft.rpc.type = GRPC (default)
2022-03-11 10:49:28,858 [Listener at 127.0.0.1/32795] INFO  grpc.GrpcFactory (GrpcFactory.java:checkPooledByteBufAllocatorUseCacheForAllThreads(48)) - PERFORMANCE WARNING: useCacheForAllThreads is true that may cause Netty to create a lot garbage objects and, as a result, trigger GC.
	It is recommended to disable useCacheForAllThreads by setting -Dorg.apache.ratis.thirdparty.io.netty.allocator.useCacheForAllThreads=false in command line.
2022-03-11 10:49:28,858 [Listener at 127.0.0.1/32795] INFO  grpc.GrpcConfigKeys (ConfUtils.java:logGet(44)) - raft.grpc.admin.port = 0 (custom)
2022-03-11 10:49:28,858 [Listener at 127.0.0.1/32795] INFO  grpc.GrpcConfigKeys (ConfUtils.java:logGet(44)) - raft.grpc.client.port = 0 (custom)
2022-03-11 10:49:28,858 [Listener at 127.0.0.1/32795] INFO  grpc.GrpcConfigKeys (ConfUtils.java:logGet(44)) - raft.grpc.server.port = 0 (default)
2022-03-11 10:49:28,858 [Listener at 127.0.0.1/32795] INFO  server.GrpcService (ConfUtils.java:logGet(44)) - raft.grpc.message.size.max = 32MB (=33554432) (custom)
2022-03-11 10:49:28,858 [Listener at 127.0.0.1/32795] INFO  server.RaftServerConfigKeys (ConfUtils.java:logGet(44)) - raft.server.log.appender.buffer.byte-limit = 33554432 (custom)
2022-03-11 10:49:28,858 [Listener at 127.0.0.1/32795] INFO  server.GrpcService (ConfUtils.java:logGet(44)) - raft.grpc.flow.control.window = 5MB (=5242880) (custom)
2022-03-11 10:49:28,858 [Listener at 127.0.0.1/32795] INFO  server.RaftServerConfigKeys (ConfUtils.java:logGet(44)) - raft.server.rpc.request.timeout = 60s (custom)
2022-03-11 10:49:28,859 [Listener at 127.0.0.1/32795] INFO  impl.DataStreamServerImpl (ConfUtils.java:logGet(44)) - raft.datastream.type = DISABLED (default)
2022-03-11 10:49:28,859 [Listener at 127.0.0.1/32795] INFO  server.RaftServerConfigKeys (ConfUtils.java:logGet(44)) - raft.server.rpc.slowness.timeout = 300s (custom)
2022-03-11 10:49:28,859 [Listener at 127.0.0.1/32795] INFO  server.RaftServerConfigKeys (ConfUtils.java:logGet(44)) - raft.server.leaderelection.leader.step-down.wait-time = 10s (default)
2022-03-11 10:49:28,860 [Listener at 127.0.0.1/32795] INFO  server.RaftServerConfigKeys (ConfUtils.java:logGet(44)) - raft.server.storage.dir = [/home/runner/work/ozone/ozone/hadoop-ozone/integration-test/target/test-dir/MiniOzoneClusterImpl-7b69f8db-d4e2-4de8-91fb-18008de01126/datanode-1/data/ratis] (custom)
2022-03-11 10:49:28,862 [Listener at 127.0.0.1/32795] INFO  server.XceiverServerGrpc (XceiverServerGrpc.java:<init>(132)) - GrpcServer channel type EpollServerSocketChannel
2022-03-11 10:49:28,907 [Listener at 127.0.0.1/32795] INFO  http.BaseHttpServer (BaseHttpServer.java:newHttpServer2BuilderForOzone(209)) - Starting Web-server for hddsDatanode at: http://0.0.0.0:0
2022-03-11 10:49:28,907 [Listener at 127.0.0.1/32795] INFO  http.BaseHttpServer (BaseHttpServer.java:<init>(107)) - Hadoop Security Enabled: false Ozone Security Enabled: false Ozone HTTP Security Enabled: false 
2022-03-11 10:49:28,908 [Listener at 127.0.0.1/32795] INFO  server.AuthenticationFilter (AuthenticationFilter.java:constructSecretProvider(240)) - Unable to initialize FileSignerSecretProvider, falling back to use random secrets.
2022-03-11 10:49:28,908 [Listener at 127.0.0.1/32795] WARN  http.HttpRequestLog (HttpRequestLog.java:getRequestLog(103)) - Jetty request log can only be enabled using Log4j
2022-03-11 10:49:28,913 [Listener at 127.0.0.1/32795] INFO  http.HttpServer2 (HttpServer2.java:addGlobalFilter(1030)) - Added global filter 'safety' (class=org.apache.hadoop.hdds.server.http.HttpServer2$QuotingInputFilter)
2022-03-11 10:49:28,914 [Listener at 127.0.0.1/32795] INFO  http.HttpServer2 (HttpServer2.java:addFilter(1006)) - Added filter static_user_filter (class=org.apache.hadoop.http.lib.StaticUserWebFilter$StaticUserFilter) to context hddsDatanode
2022-03-11 10:49:28,914 [Listener at 127.0.0.1/32795] INFO  http.HttpServer2 (HttpServer2.java:addFilter(1014)) - Added filter static_user_filter (class=org.apache.hadoop.http.lib.StaticUserWebFilter$StaticUserFilter) to context static
2022-03-11 10:49:28,914 [Listener at 127.0.0.1/32795] INFO  http.HttpServer2 (HttpServer2.java:addFilter(1014)) - Added filter static_user_filter (class=org.apache.hadoop.http.lib.StaticUserWebFilter$StaticUserFilter) to context logs
2022-03-11 10:49:28,914 [Listener at 127.0.0.1/32795] INFO  http.HttpServer2 (HttpServer2.java:bindListener(1249)) - Jetty bound to port 37513
2022-03-11 10:49:28,914 [Listener at 127.0.0.1/32795] INFO  server.Server (Server.java:doStart(375)) - jetty-9.4.43.v20210629; built: 2021-06-30T11:07:22.254Z; git: 526006ecfa3af7f1a27ef3a288e2bef7ea9dd7e8; jvm 1.8.0_322-b06
2022-03-11 10:49:28,924 [Listener at 127.0.0.1/32795] INFO  server.session (DefaultSessionIdManager.java:doStart(334)) - DefaultSessionIdManager workerName=node0
2022-03-11 10:49:28,924 [Listener at 127.0.0.1/32795] INFO  server.session (DefaultSessionIdManager.java:doStart(339)) - No SessionScavenger set, using defaults
2022-03-11 10:49:28,925 [Listener at 127.0.0.1/32795] INFO  server.session (HouseKeeper.java:startScavenging(132)) - node0 Scavenging every 660000ms
2022-03-11 10:49:28,925 [Listener at 127.0.0.1/32795] INFO  handler.ContextHandler (ContextHandler.java:doStart(915)) - Started o.e.j.s.ServletContextHandler@2d18c2d1{logs,/logs,file:///home/runner/work/ozone/ozone/hadoop-ozone/integration-test/target/log,AVAILABLE}
2022-03-11 10:49:28,926 [Listener at 127.0.0.1/32795] INFO  handler.ContextHandler (ContextHandler.java:doStart(915)) - Started o.e.j.s.ServletContextHandler@834c4b6{static,/static,jar:file:/home/runner/.m2/repository/org/apache/ozone/hdds-container-service/1.3.0-SNAPSHOT/hdds-container-service-1.3.0-SNAPSHOT.jar!/webapps/static,AVAILABLE}
2022-03-11 10:49:29,076 [Listener at 127.0.0.1/32795] INFO  handler.ContextHandler (ContextHandler.java:doStart(915)) - Started o.e.j.w.WebAppContext@64186a05{hddsDatanode,/,file:///tmp/jetty-0_0_0_0-37513-hdds-container-service-1_3_0-SNAPSHOT_jar-_-any-3537265790395350419/webapp/,AVAILABLE}{jar:file:/home/runner/.m2/repository/org/apache/ozone/hdds-container-service/1.3.0-SNAPSHOT/hdds-container-service-1.3.0-SNAPSHOT.jar!/webapps/hddsDatanode}
2022-03-11 10:49:29,087 [Listener at 127.0.0.1/32795] INFO  server.AbstractConnector (AbstractConnector.java:doStart(331)) - Started ServerConnector@762cddd4{HTTP/1.1, (http/1.1)}{0.0.0.0:37513}
2022-03-11 10:49:29,087 [Listener at 127.0.0.1/32795] INFO  server.Server (Server.java:doStart(415)) - Started @21804ms
2022-03-11 10:49:29,088 [Listener at 127.0.0.1/32795] WARN  impl.MetricsSystemImpl (MetricsSystemImpl.java:register(279)) - Sink prometheus already exists!
2022-03-11 10:49:29,088 [Listener at 127.0.0.1/32795] INFO  http.BaseHttpServer (BaseHttpServer.java:updateConnectorAddress(329)) - HTTP server of hddsDatanode listening at http://0.0.0.0:37513
2022-03-11 10:49:29,091 [Listener at 127.0.0.1/32795] WARN  impl.MetricRegistriesImpl (MetricRegistriesImpl.java:addReporterRegistration(111)) - New reporters are added after registries were created. Some metrics will be missing from the reporter. Please add reporter before adding any new registry.
2022-03-11 10:49:29,091 [Listener at 127.0.0.1/32795] WARN  impl.MetricRegistriesImpl (MetricRegistriesImpl.java:addReporterRegistration(111)) - New reporters are added after registries were created. Some metrics will be missing from the reporter. Please add reporter before adding any new registry.
2022-03-11 10:49:29,091 [Listener at 127.0.0.1/32795] INFO  impl.MetricsSystemImpl (MetricsSystemImpl.java:init(158)) - HddsDatanode metrics system started (again)
2022-03-11 10:49:29,104 [Datanode State Machine Daemon Thread] INFO  statemachine.DatanodeStateMachine (DatanodeStateMachine.java:lambda$startDaemon$0(470)) - Ozone container server started.
2022-03-11 10:49:29,113 [Listener at 127.0.0.1/32795] INFO  ozone.HddsDatanodeService (HddsDatanodeService.java:start(233)) - HddsDatanodeService host:fv-az184-17.3ow45vhwbzuu5incsxmygykede.cx.internal.cloudapp.net ip:10.1.0.4
2022-03-11 10:49:29,126 [org.apache.hadoop.util.JvmPauseMonitor$Monitor@54033276] INFO  util.JvmPauseMonitor (JvmPauseMonitor.java:run(188)) - Starting JVM pause monitor
2022-03-11 10:49:29,139 [Datanode State Machine Task Thread - 0] INFO  datanode.InitDatanodeState (InitDatanodeState.java:persistContainerDatanodeDetails(138)) - DatanodeDetails is persisted to /home/runner/work/ozone/ozone/hadoop-ozone/integration-test/target/test-dir/MiniOzoneClusterImpl-7b69f8db-d4e2-4de8-91fb-18008de01126/datanode-1/meta/datanode.id
2022-03-11 10:49:29,152 [Listener at 127.0.0.1/32795] INFO  upgrade.AbstractLayoutVersionManager (AbstractLayoutVersionManager.java:init(79)) - Initializing Layout version manager with metadata layout = SCM_HA (version = 2), software layout = SCM_HA (version = 2)
2022-03-11 10:49:29,216 [Listener at 127.0.0.1/32795] INFO  reflections.Reflections (Reflections.java:scan(232)) - Reflections took 61 ms to scan 7 urls, producing 122 keys and 286 values 
2022-03-11 10:49:29,218 [Listener at 127.0.0.1/32795] INFO  statemachine.DatanodeStateMachine (DatanodeStateMachine.java:getEndPointTaskThreadPoolSize(222)) - Datanode State Machine Task Thread Pool size 2
2022-03-11 10:49:29,220 [Listener at 127.0.0.1/32795] INFO  volume.HddsVolume (HddsVolume.java:<init>(120)) - Creating HddsVolume: /home/runner/work/ozone/ozone/hadoop-ozone/integration-test/target/test-dir/MiniOzoneClusterImpl-7b69f8db-d4e2-4de8-91fb-18008de01126/datanode-2/data-0/containers/hdds of storage type : DISK capacity : 9223372036854775807
2022-03-11 10:49:29,220 [Listener at 127.0.0.1/32795] INFO  volume.MutableVolumeSet (MutableVolumeSet.java:initializeVolumeSet(168)) - Added Volume : /home/runner/work/ozone/ozone/hadoop-ozone/integration-test/target/test-dir/MiniOzoneClusterImpl-7b69f8db-d4e2-4de8-91fb-18008de01126/datanode-2/data-0/containers/hdds to VolumeSet
2022-03-11 10:49:29,220 [Listener at 127.0.0.1/32795] INFO  volume.ThrottledAsyncChecker (ThrottledAsyncChecker.java:schedule(141)) - Scheduling a check for /home/runner/work/ozone/ozone/hadoop-ozone/integration-test/target/test-dir/MiniOzoneClusterImpl-7b69f8db-d4e2-4de8-91fb-18008de01126/datanode-2/data-0/containers/hdds
2022-03-11 10:49:29,221 [Listener at 127.0.0.1/32795] INFO  volume.StorageVolumeChecker (StorageVolumeChecker.java:checkAllVolumes(202)) - Scheduled health check for volume /home/runner/work/ozone/ozone/hadoop-ozone/integration-test/target/test-dir/MiniOzoneClusterImpl-7b69f8db-d4e2-4de8-91fb-18008de01126/datanode-2/data-0/containers/hdds
2022-03-11 10:49:29,253 [Listener at 127.0.0.1/32795] INFO  volume.MutableVolumeSet (MutableVolumeSet.java:initializeVolumeSet(168)) - Added Volume : /home/runner/work/ozone/ozone/hadoop-ozone/integration-test/target/test-dir/MiniOzoneClusterImpl-7b69f8db-d4e2-4de8-91fb-18008de01126/datanode-2/data/ratis to VolumeSet
2022-03-11 10:49:29,253 [Listener at 127.0.0.1/32795] INFO  volume.ThrottledAsyncChecker (ThrottledAsyncChecker.java:schedule(141)) - Scheduling a check for /home/runner/work/ozone/ozone/hadoop-ozone/integration-test/target/test-dir/MiniOzoneClusterImpl-7b69f8db-d4e2-4de8-91fb-18008de01126/datanode-2/data/ratis
2022-03-11 10:49:29,274 [Listener at 127.0.0.1/32795] INFO  volume.StorageVolumeChecker (StorageVolumeChecker.java:checkAllVolumes(202)) - Scheduled health check for volume /home/runner/work/ozone/ozone/hadoop-ozone/integration-test/target/test-dir/MiniOzoneClusterImpl-7b69f8db-d4e2-4de8-91fb-18008de01126/datanode-2/data/ratis
2022-03-11 10:49:29,278 [om1@group-C5BA1605619E-FollowerState] INFO  impl.FollowerState (FollowerState.java:run(134)) - om1@group-C5BA1605619E-FollowerState: change to CANDIDATE, lastRpcElapsedTime:1217055362ns, electionTimeout:1198ms
2022-03-11 10:49:29,279 [om1@group-C5BA1605619E-FollowerState] INFO  impl.RoleInfo (RoleInfo.java:shutdownFollowerState(108)) - om1: shutdown om1@group-C5BA1605619E-FollowerState
2022-03-11 10:49:29,279 [om1@group-C5BA1605619E-FollowerState] INFO  server.RaftServer$Division (RaftServerImpl.java:setRole(290)) - om1@group-C5BA1605619E: changes role from  FOLLOWER to CANDIDATE at term 0 for changeToCandidate
2022-03-11 10:49:29,279 [om1@group-C5BA1605619E-FollowerState] INFO  server.RaftServerConfigKeys (ConfUtils.java:logGet(44)) - raft.server.leaderelection.pre-vote = false (custom)
2022-03-11 10:49:29,279 [om1@group-C5BA1605619E-FollowerState] INFO  impl.RoleInfo (RoleInfo.java:updateAndGet(130)) - om1: start om1@group-C5BA1605619E-LeaderElection12
2022-03-11 10:49:29,300 [Thread-465] INFO  ozoneimpl.ContainerReader (ContainerReader.java:readVolume(172)) - Finish verifying containers on volume /home/runner/work/ozone/ozone/hadoop-ozone/integration-test/target/test-dir/MiniOzoneClusterImpl-7b69f8db-d4e2-4de8-91fb-18008de01126/datanode-2/data-0/containers/hdds
2022-03-11 10:49:29,300 [Listener at 127.0.0.1/32795] INFO  ozoneimpl.OzoneContainer (OzoneContainer.java:buildContainerSet(257)) - Build ContainerSet costs 0s
2022-03-11 10:49:29,312 [om1@group-C5BA1605619E-LeaderElection12] INFO  impl.LeaderElection (LeaderElection.java:askForVotes(306)) - om1@group-C5BA1605619E-LeaderElection12 ELECTION round 0: submit vote requests at term 1 for -1: [om1|rpc:localhost:39159|priority:0], old=null
2022-03-11 10:49:29,312 [om1@group-C5BA1605619E-LeaderElection12] INFO  impl.LeaderElection (LeaderElection.java:askForVotes(308)) - om1@group-C5BA1605619E-LeaderElection12 ELECTION round 0: result PASSED (term=1)
2022-03-11 10:49:29,312 [om1@group-C5BA1605619E-LeaderElection12] INFO  impl.RoleInfo (RoleInfo.java:shutdownLeaderElection(121)) - om1: shutdown om1@group-C5BA1605619E-LeaderElection12
2022-03-11 10:49:29,312 [om1@group-C5BA1605619E-LeaderElection12] INFO  server.RaftServer$Division (RaftServerImpl.java:setRole(290)) - om1@group-C5BA1605619E: changes role from CANDIDATE to LEADER at term 1 for changeToLeader
2022-03-11 10:49:29,312 [om1@group-C5BA1605619E-LeaderElection12] INFO  server.RaftServer$Division (ServerState.java:setLeader(285)) - om1@group-C5BA1605619E: change Leader from null to om1 at term 1 for becomeLeader, leader elected after 1328ms
2022-03-11 10:49:29,312 [om1@group-C5BA1605619E-LeaderElection12] INFO  server.RaftServerConfigKeys (ConfUtils.java:logGet(44)) - raft.server.staging.catchup.gap = 1000 (default)
2022-03-11 10:49:29,313 [Listener at 127.0.0.1/32795] INFO  server.RaftServer (ConfUtils.java:logGet(44)) - raft.rpc.type = GRPC (default)
2022-03-11 10:49:29,313 [Listener at 127.0.0.1/32795] INFO  grpc.GrpcFactory (GrpcFactory.java:checkPooledByteBufAllocatorUseCacheForAllThreads(48)) - PERFORMANCE WARNING: useCacheForAllThreads is true that may cause Netty to create a lot garbage objects and, as a result, trigger GC.
	It is recommended to disable useCacheForAllThreads by setting -Dorg.apache.ratis.thirdparty.io.netty.allocator.useCacheForAllThreads=false in command line.
2022-03-11 10:49:29,313 [Listener at 127.0.0.1/32795] INFO  grpc.GrpcConfigKeys (ConfUtils.java:logGet(44)) - raft.grpc.admin.port = 0 (custom)
2022-03-11 10:49:29,313 [Listener at 127.0.0.1/32795] INFO  grpc.GrpcConfigKeys (ConfUtils.java:logGet(44)) - raft.grpc.client.port = 0 (custom)
2022-03-11 10:49:29,313 [Listener at 127.0.0.1/32795] INFO  grpc.GrpcConfigKeys (ConfUtils.java:logGet(44)) - raft.grpc.server.port = 0 (default)
2022-03-11 10:49:29,313 [Listener at 127.0.0.1/32795] INFO  server.GrpcService (ConfUtils.java:logGet(44)) - raft.grpc.message.size.max = 32MB (=33554432) (custom)
2022-03-11 10:49:29,314 [Listener at 127.0.0.1/32795] INFO  server.RaftServerConfigKeys (ConfUtils.java:logGet(44)) - raft.server.log.appender.buffer.byte-limit = 33554432 (custom)
2022-03-11 10:49:29,314 [Listener at 127.0.0.1/32795] INFO  server.GrpcService (ConfUtils.java:logGet(44)) - raft.grpc.flow.control.window = 5MB (=5242880) (custom)
2022-03-11 10:49:29,314 [Listener at 127.0.0.1/32795] INFO  server.RaftServerConfigKeys (ConfUtils.java:logGet(44)) - raft.server.rpc.request.timeout = 60s (custom)
2022-03-11 10:49:29,317 [Listener at 127.0.0.1/32795] INFO  impl.DataStreamServerImpl (ConfUtils.java:logGet(44)) - raft.datastream.type = DISABLED (default)
2022-03-11 10:49:29,317 [Listener at 127.0.0.1/32795] INFO  server.RaftServerConfigKeys (ConfUtils.java:logGet(44)) - raft.server.rpc.slowness.timeout = 300s (custom)
2022-03-11 10:49:29,318 [Listener at 127.0.0.1/32795] INFO  server.RaftServerConfigKeys (ConfUtils.java:logGet(44)) - raft.server.leaderelection.leader.step-down.wait-time = 10s (default)
2022-03-11 10:49:29,318 [Listener at 127.0.0.1/32795] INFO  server.RaftServerConfigKeys (ConfUtils.java:logGet(44)) - raft.server.storage.dir = [/home/runner/work/ozone/ozone/hadoop-ozone/integration-test/target/test-dir/MiniOzoneClusterImpl-7b69f8db-d4e2-4de8-91fb-18008de01126/datanode-2/data/ratis] (custom)
2022-03-11 10:49:29,319 [Listener at 127.0.0.1/32795] INFO  server.XceiverServerGrpc (XceiverServerGrpc.java:<init>(132)) - GrpcServer channel type EpollServerSocketChannel
2022-03-11 10:49:29,326 [om1@group-C5BA1605619E-LeaderElection12] INFO  server.RaftServerConfigKeys (ConfUtils.java:logGet(44)) - raft.server.write.element-limit = 4096 (default)
2022-03-11 10:49:29,326 [om1@group-C5BA1605619E-LeaderElection12] INFO  server.RaftServerConfigKeys (ConfUtils.java:logGet(44)) - raft.server.write.byte-limit = 64MB (=67108864) (default)
2022-03-11 10:49:29,326 [om1@group-C5BA1605619E-LeaderElection12] INFO  server.RaftServerConfigKeys (ConfUtils.java:logGet(44)) - raft.server.watch.timeout = 10s (default)
2022-03-11 10:49:29,327 [om1@group-C5BA1605619E-LeaderElection12] INFO  server.RaftServerConfigKeys (ConfUtils.java:logGet(44)) - raft.server.watch.timeout.denomination = 1s (default)
2022-03-11 10:49:29,327 [om1@group-C5BA1605619E-LeaderElection12] INFO  server.RaftServerConfigKeys (ConfUtils.java:logGet(44)) - raft.server.watch.element-limit = 65536 (default)
2022-03-11 10:49:29,327 [om1@group-C5BA1605619E-LeaderElection12] INFO  server.RaftServerConfigKeys (ConfUtils.java:logGet(44)) - raft.server.write.element-limit = 4096 (default)
2022-03-11 10:49:29,327 [om1@group-C5BA1605619E-LeaderElection12] INFO  server.RaftServerConfigKeys (ConfUtils.java:logGet(44)) - raft.server.write.follower.gap.ratio.max = -1.0 (default)
2022-03-11 10:49:29,327 [om1@group-C5BA1605619E-LeaderElection12] INFO  impl.RoleInfo (RoleInfo.java:updateAndGet(130)) - om1: start om1@group-C5BA1605619E-LeaderStateImpl
2022-03-11 10:49:29,327 [om1@group-C5BA1605619E-LeaderElection12] INFO  segmented.SegmentedRaftLogWorker (SegmentedRaftLogWorker.java:startLogSegment(394)) - om1@group-C5BA1605619E-SegmentedRaftLogWorker: Starting segment from index:0
2022-03-11 10:49:29,340 [Listener at 127.0.0.1/32795] INFO  http.BaseHttpServer (BaseHttpServer.java:newHttpServer2BuilderForOzone(209)) - Starting Web-server for hddsDatanode at: http://0.0.0.0:0
2022-03-11 10:49:29,340 [Listener at 127.0.0.1/32795] INFO  http.BaseHttpServer (BaseHttpServer.java:<init>(107)) - Hadoop Security Enabled: false Ozone Security Enabled: false Ozone HTTP Security Enabled: false 
2022-03-11 10:49:29,341 [Listener at 127.0.0.1/32795] INFO  server.AuthenticationFilter (AuthenticationFilter.java:constructSecretProvider(240)) - Unable to initialize FileSignerSecretProvider, falling back to use random secrets.
2022-03-11 10:49:29,344 [Listener at 127.0.0.1/32795] WARN  http.HttpRequestLog (HttpRequestLog.java:getRequestLog(103)) - Jetty request log can only be enabled using Log4j
2022-03-11 10:49:29,345 [Listener at 127.0.0.1/32795] INFO  http.HttpServer2 (HttpServer2.java:addGlobalFilter(1030)) - Added global filter 'safety' (class=org.apache.hadoop.hdds.server.http.HttpServer2$QuotingInputFilter)
2022-03-11 10:49:29,345 [Listener at 127.0.0.1/32795] INFO  http.HttpServer2 (HttpServer2.java:addFilter(1006)) - Added filter static_user_filter (class=org.apache.hadoop.http.lib.StaticUserWebFilter$StaticUserFilter) to context hddsDatanode
2022-03-11 10:49:29,345 [Listener at 127.0.0.1/32795] INFO  http.HttpServer2 (HttpServer2.java:addFilter(1014)) - Added filter static_user_filter (class=org.apache.hadoop.http.lib.StaticUserWebFilter$StaticUserFilter) to context logs
2022-03-11 10:49:29,345 [Listener at 127.0.0.1/32795] INFO  http.HttpServer2 (HttpServer2.java:addFilter(1014)) - Added filter static_user_filter (class=org.apache.hadoop.http.lib.StaticUserWebFilter$StaticUserFilter) to context static
2022-03-11 10:49:29,346 [Listener at 127.0.0.1/32795] INFO  http.HttpServer2 (HttpServer2.java:bindListener(1249)) - Jetty bound to port 35935
2022-03-11 10:49:29,346 [Listener at 127.0.0.1/32795] INFO  server.Server (Server.java:doStart(375)) - jetty-9.4.43.v20210629; built: 2021-06-30T11:07:22.254Z; git: 526006ecfa3af7f1a27ef3a288e2bef7ea9dd7e8; jvm 1.8.0_322-b06
2022-03-11 10:49:29,355 [ReplicationMonitor] INFO  container.ReplicationManager (ReplicationManager.java:processAll(374)) - Replication Manager is not ready to run until 3000ms after safemode exit
2022-03-11 10:49:29,364 [om1@group-C5BA1605619E-LeaderElection12] INFO  server.RaftServer$Division (ServerState.java:setRaftConf(387)) - om1@group-C5BA1605619E: set configuration 0: [om1|rpc:localhost:39159|admin:|client:|dataStream:|priority:0], old=null
2022-03-11 10:49:29,364 [Listener at 127.0.0.1/32795] INFO  server.session (DefaultSessionIdManager.java:doStart(334)) - DefaultSessionIdManager workerName=node0
2022-03-11 10:49:29,365 [Listener at 127.0.0.1/32795] INFO  server.session (DefaultSessionIdManager.java:doStart(339)) - No SessionScavenger set, using defaults
2022-03-11 10:49:29,365 [Listener at 127.0.0.1/32795] INFO  server.session (HouseKeeper.java:startScavenging(132)) - node0 Scavenging every 600000ms
2022-03-11 10:49:29,366 [Listener at 127.0.0.1/32795] INFO  handler.ContextHandler (ContextHandler.java:doStart(915)) - Started o.e.j.s.ServletContextHandler@73510953{logs,/logs,file:///home/runner/work/ozone/ozone/hadoop-ozone/integration-test/target/log,AVAILABLE}
2022-03-11 10:49:29,366 [Listener at 127.0.0.1/32795] INFO  handler.ContextHandler (ContextHandler.java:doStart(915)) - Started o.e.j.s.ServletContextHandler@5532464c{static,/static,jar:file:/home/runner/.m2/repository/org/apache/ozone/hdds-container-service/1.3.0-SNAPSHOT/hdds-container-service-1.3.0-SNAPSHOT.jar!/webapps/static,AVAILABLE}
2022-03-11 10:49:29,370 [om1@group-C5BA1605619E-SegmentedRaftLogWorker] INFO  segmented.SegmentedRaftLogWorker (SegmentedRaftLogWorker.java:execute(601)) - om1@group-C5BA1605619E-SegmentedRaftLogWorker: created new log segment /home/runner/work/ozone/ozone/hadoop-ozone/integration-test/target/test-dir/MiniOzoneClusterImpl-7b69f8db-d4e2-4de8-91fb-18008de01126/ozone-meta/ratis/bf265839-605b-3f16-9796-c5ba1605619e/current/log_inprogress_0
2022-03-11 10:49:29,395 [om1@group-C5BA1605619E-StateMachineUpdater] INFO  ratis.OzoneManagerStateMachine (OzoneManagerStateMachine.java:notifyConfigurationChanged(188)) - Received Configuration change notification from Ratis. New Peer list:
[id: "om1"
address: "localhost:39159"
]
2022-03-11 10:49:29,506 [Listener at 127.0.0.1/32795] INFO  handler.ContextHandler (ContextHandler.java:doStart(915)) - Started o.e.j.w.WebAppContext@55faf411{hddsDatanode,/,file:///tmp/jetty-0_0_0_0-35935-hdds-container-service-1_3_0-SNAPSHOT_jar-_-any-2382354148145288290/webapp/,AVAILABLE}{jar:file:/home/runner/.m2/repository/org/apache/ozone/hdds-container-service/1.3.0-SNAPSHOT/hdds-container-service-1.3.0-SNAPSHOT.jar!/webapps/hddsDatanode}
2022-03-11 10:49:29,532 [Listener at 127.0.0.1/32795] INFO  server.AbstractConnector (AbstractConnector.java:doStart(331)) - Started ServerConnector@404de49{HTTP/1.1, (http/1.1)}{0.0.0.0:35935}
2022-03-11 10:49:29,532 [Listener at 127.0.0.1/32795] INFO  server.Server (Server.java:doStart(415)) - Started @22249ms
2022-03-11 10:49:29,532 [Listener at 127.0.0.1/32795] WARN  impl.MetricsSystemImpl (MetricsSystemImpl.java:register(279)) - Sink prometheus already exists!
2022-03-11 10:49:29,535 [Listener at 127.0.0.1/32795] INFO  http.BaseHttpServer (BaseHttpServer.java:updateConnectorAddress(329)) - HTTP server of hddsDatanode listening at http://0.0.0.0:35935
2022-03-11 10:49:29,538 [Listener at 127.0.0.1/32795] WARN  impl.MetricRegistriesImpl (MetricRegistriesImpl.java:addReporterRegistration(111)) - New reporters are added after registries were created. Some metrics will be missing from the reporter. Please add reporter before adding any new registry.
2022-03-11 10:49:29,538 [Listener at 127.0.0.1/32795] WARN  impl.MetricRegistriesImpl (MetricRegistriesImpl.java:addReporterRegistration(111)) - New reporters are added after registries were created. Some metrics will be missing from the reporter. Please add reporter before adding any new registry.
2022-03-11 10:49:29,538 [Listener at 127.0.0.1/32795] INFO  impl.MetricsSystemImpl (MetricsSystemImpl.java:init(158)) - HddsDatanode metrics system started (again)
2022-03-11 10:49:29,541 [Datanode State Machine Daemon Thread] INFO  statemachine.DatanodeStateMachine (DatanodeStateMachine.java:lambda$startDaemon$0(470)) - Ozone container server started.
2022-03-11 10:49:29,563 [Listener at 127.0.0.1/32795] INFO  ozone.HddsDatanodeService (HddsDatanodeService.java:start(233)) - HddsDatanodeService host:fv-az184-17.3ow45vhwbzuu5incsxmygykede.cx.internal.cloudapp.net ip:10.1.0.4
2022-03-11 10:49:29,595 [org.apache.hadoop.util.JvmPauseMonitor$Monitor@771f5e8c] INFO  util.JvmPauseMonitor (JvmPauseMonitor.java:run(188)) - Starting JVM pause monitor
2022-03-11 10:49:29,596 [Datanode State Machine Task Thread - 0] INFO  datanode.InitDatanodeState (InitDatanodeState.java:persistContainerDatanodeDetails(138)) - DatanodeDetails is persisted to /home/runner/work/ozone/ozone/hadoop-ozone/integration-test/target/test-dir/MiniOzoneClusterImpl-7b69f8db-d4e2-4de8-91fb-18008de01126/datanode-2/meta/datanode.id
2022-03-11 10:49:29,635 [Listener at 127.0.0.1/32795] INFO  upgrade.AbstractLayoutVersionManager (AbstractLayoutVersionManager.java:init(79)) - Initializing Layout version manager with metadata layout = SCM_HA (version = 2), software layout = SCM_HA (version = 2)
2022-03-11 10:49:29,672 [ReplicationMonitor] INFO  container.ReplicationManager (ReplicationManager.java:processAll(374)) - Replication Manager is not ready to run until 3000ms after safemode exit
2022-03-11 10:49:29,700 [Listener at 127.0.0.1/32795] INFO  reflections.Reflections (Reflections.java:scan(232)) - Reflections took 62 ms to scan 7 urls, producing 122 keys and 286 values 
2022-03-11 10:49:29,701 [Listener at 127.0.0.1/32795] INFO  statemachine.DatanodeStateMachine (DatanodeStateMachine.java:getEndPointTaskThreadPoolSize(222)) - Datanode State Machine Task Thread Pool size 2
2022-03-11 10:49:29,721 [Listener at 127.0.0.1/32795] INFO  volume.HddsVolume (HddsVolume.java:<init>(120)) - Creating HddsVolume: /home/runner/work/ozone/ozone/hadoop-ozone/integration-test/target/test-dir/MiniOzoneClusterImpl-7b69f8db-d4e2-4de8-91fb-18008de01126/datanode-3/data-0/containers/hdds of storage type : DISK capacity : 9223372036854775807
2022-03-11 10:49:29,721 [Listener at 127.0.0.1/32795] INFO  volume.MutableVolumeSet (MutableVolumeSet.java:initializeVolumeSet(168)) - Added Volume : /home/runner/work/ozone/ozone/hadoop-ozone/integration-test/target/test-dir/MiniOzoneClusterImpl-7b69f8db-d4e2-4de8-91fb-18008de01126/datanode-3/data-0/containers/hdds to VolumeSet
2022-03-11 10:49:29,722 [Listener at 127.0.0.1/32795] INFO  volume.ThrottledAsyncChecker (ThrottledAsyncChecker.java:schedule(141)) - Scheduling a check for /home/runner/work/ozone/ozone/hadoop-ozone/integration-test/target/test-dir/MiniOzoneClusterImpl-7b69f8db-d4e2-4de8-91fb-18008de01126/datanode-3/data-0/containers/hdds
2022-03-11 10:49:29,724 [Listener at 127.0.0.1/32795] INFO  volume.StorageVolumeChecker (StorageVolumeChecker.java:checkAllVolumes(202)) - Scheduled health check for volume /home/runner/work/ozone/ozone/hadoop-ozone/integration-test/target/test-dir/MiniOzoneClusterImpl-7b69f8db-d4e2-4de8-91fb-18008de01126/datanode-3/data-0/containers/hdds
2022-03-11 10:49:29,738 [Listener at 127.0.0.1/32795] INFO  volume.MutableVolumeSet (MutableVolumeSet.java:initializeVolumeSet(168)) - Added Volume : /home/runner/work/ozone/ozone/hadoop-ozone/integration-test/target/test-dir/MiniOzoneClusterImpl-7b69f8db-d4e2-4de8-91fb-18008de01126/datanode-3/data/ratis to VolumeSet
2022-03-11 10:49:29,759 [Listener at 127.0.0.1/32795] INFO  volume.ThrottledAsyncChecker (ThrottledAsyncChecker.java:schedule(141)) - Scheduling a check for /home/runner/work/ozone/ozone/hadoop-ozone/integration-test/target/test-dir/MiniOzoneClusterImpl-7b69f8db-d4e2-4de8-91fb-18008de01126/datanode-3/data/ratis
2022-03-11 10:49:29,759 [Listener at 127.0.0.1/32795] INFO  volume.StorageVolumeChecker (StorageVolumeChecker.java:checkAllVolumes(202)) - Scheduled health check for volume /home/runner/work/ozone/ozone/hadoop-ozone/integration-test/target/test-dir/MiniOzoneClusterImpl-7b69f8db-d4e2-4de8-91fb-18008de01126/datanode-3/data/ratis
2022-03-11 10:49:29,807 [Thread-504] INFO  ozoneimpl.ContainerReader (ContainerReader.java:readVolume(172)) - Finish verifying containers on volume /home/runner/work/ozone/ozone/hadoop-ozone/integration-test/target/test-dir/MiniOzoneClusterImpl-7b69f8db-d4e2-4de8-91fb-18008de01126/datanode-3/data-0/containers/hdds
2022-03-11 10:49:29,807 [Listener at 127.0.0.1/32795] INFO  ozoneimpl.OzoneContainer (OzoneContainer.java:buildContainerSet(257)) - Build ContainerSet costs 0s
2022-03-11 10:49:29,810 [Listener at 127.0.0.1/32795] INFO  server.RaftServer (ConfUtils.java:logGet(44)) - raft.rpc.type = GRPC (default)
2022-03-11 10:49:29,810 [Listener at 127.0.0.1/32795] INFO  grpc.GrpcFactory (GrpcFactory.java:checkPooledByteBufAllocatorUseCacheForAllThreads(48)) - PERFORMANCE WARNING: useCacheForAllThreads is true that may cause Netty to create a lot garbage objects and, as a result, trigger GC.
	It is recommended to disable useCacheForAllThreads by setting -Dorg.apache.ratis.thirdparty.io.netty.allocator.useCacheForAllThreads=false in command line.
2022-03-11 10:49:29,810 [Listener at 127.0.0.1/32795] INFO  grpc.GrpcConfigKeys (ConfUtils.java:logGet(44)) - raft.grpc.admin.port = 0 (custom)
2022-03-11 10:49:29,810 [Listener at 127.0.0.1/32795] INFO  grpc.GrpcConfigKeys (ConfUtils.java:logGet(44)) - raft.grpc.client.port = 0 (custom)
2022-03-11 10:49:29,810 [Listener at 127.0.0.1/32795] INFO  grpc.GrpcConfigKeys (ConfUtils.java:logGet(44)) - raft.grpc.server.port = 0 (default)
2022-03-11 10:49:29,810 [Listener at 127.0.0.1/32795] INFO  server.GrpcService (ConfUtils.java:logGet(44)) - raft.grpc.message.size.max = 32MB (=33554432) (custom)
2022-03-11 10:49:29,810 [Listener at 127.0.0.1/32795] INFO  server.RaftServerConfigKeys (ConfUtils.java:logGet(44)) - raft.server.log.appender.buffer.byte-limit = 33554432 (custom)
2022-03-11 10:49:29,810 [Listener at 127.0.0.1/32795] INFO  server.GrpcService (ConfUtils.java:logGet(44)) - raft.grpc.flow.control.window = 5MB (=5242880) (custom)
2022-03-11 10:49:29,810 [Listener at 127.0.0.1/32795] INFO  server.RaftServerConfigKeys (ConfUtils.java:logGet(44)) - raft.server.rpc.request.timeout = 60s (custom)
2022-03-11 10:49:29,811 [Listener at 127.0.0.1/32795] INFO  impl.DataStreamServerImpl (ConfUtils.java:logGet(44)) - raft.datastream.type = DISABLED (default)
2022-03-11 10:49:29,812 [Listener at 127.0.0.1/32795] INFO  server.RaftServerConfigKeys (ConfUtils.java:logGet(44)) - raft.server.rpc.slowness.timeout = 300s (custom)
2022-03-11 10:49:29,812 [Listener at 127.0.0.1/32795] INFO  server.RaftServerConfigKeys (ConfUtils.java:logGet(44)) - raft.server.leaderelection.leader.step-down.wait-time = 10s (default)
2022-03-11 10:49:29,812 [Listener at 127.0.0.1/32795] INFO  server.RaftServerConfigKeys (ConfUtils.java:logGet(44)) - raft.server.storage.dir = [/home/runner/work/ozone/ozone/hadoop-ozone/integration-test/target/test-dir/MiniOzoneClusterImpl-7b69f8db-d4e2-4de8-91fb-18008de01126/datanode-3/data/ratis] (custom)
2022-03-11 10:49:29,813 [Listener at 127.0.0.1/32795] INFO  server.XceiverServerGrpc (XceiverServerGrpc.java:<init>(132)) - GrpcServer channel type EpollServerSocketChannel
2022-03-11 10:49:29,841 [Listener at 127.0.0.1/32795] INFO  http.BaseHttpServer (BaseHttpServer.java:newHttpServer2BuilderForOzone(209)) - Starting Web-server for hddsDatanode at: http://0.0.0.0:0
2022-03-11 10:49:29,841 [Listener at 127.0.0.1/32795] INFO  http.BaseHttpServer (BaseHttpServer.java:<init>(107)) - Hadoop Security Enabled: false Ozone Security Enabled: false Ozone HTTP Security Enabled: false 
2022-03-11 10:49:29,842 [Listener at 127.0.0.1/32795] INFO  server.AuthenticationFilter (AuthenticationFilter.java:constructSecretProvider(240)) - Unable to initialize FileSignerSecretProvider, falling back to use random secrets.
2022-03-11 10:49:29,858 [Listener at 127.0.0.1/32795] WARN  http.HttpRequestLog (HttpRequestLog.java:getRequestLog(103)) - Jetty request log can only be enabled using Log4j
2022-03-11 10:49:29,859 [Listener at 127.0.0.1/32795] INFO  http.HttpServer2 (HttpServer2.java:addGlobalFilter(1030)) - Added global filter 'safety' (class=org.apache.hadoop.hdds.server.http.HttpServer2$QuotingInputFilter)
2022-03-11 10:49:29,859 [Listener at 127.0.0.1/32795] INFO  http.HttpServer2 (HttpServer2.java:addFilter(1006)) - Added filter static_user_filter (class=org.apache.hadoop.http.lib.StaticUserWebFilter$StaticUserFilter) to context hddsDatanode
2022-03-11 10:49:29,859 [Listener at 127.0.0.1/32795] INFO  http.HttpServer2 (HttpServer2.java:addFilter(1014)) - Added filter static_user_filter (class=org.apache.hadoop.http.lib.StaticUserWebFilter$StaticUserFilter) to context static
2022-03-11 10:49:29,859 [Listener at 127.0.0.1/32795] INFO  http.HttpServer2 (HttpServer2.java:addFilter(1014)) - Added filter static_user_filter (class=org.apache.hadoop.http.lib.StaticUserWebFilter$StaticUserFilter) to context logs
2022-03-11 10:49:29,860 [Listener at 127.0.0.1/32795] INFO  http.HttpServer2 (HttpServer2.java:bindListener(1249)) - Jetty bound to port 44923
2022-03-11 10:49:29,860 [Listener at 127.0.0.1/32795] INFO  server.Server (Server.java:doStart(375)) - jetty-9.4.43.v20210629; built: 2021-06-30T11:07:22.254Z; git: 526006ecfa3af7f1a27ef3a288e2bef7ea9dd7e8; jvm 1.8.0_322-b06
2022-03-11 10:49:29,871 [Listener at 127.0.0.1/32795] INFO  server.session (DefaultSessionIdManager.java:doStart(334)) - DefaultSessionIdManager workerName=node0
2022-03-11 10:49:29,872 [Listener at 127.0.0.1/32795] INFO  server.session (DefaultSessionIdManager.java:doStart(339)) - No SessionScavenger set, using defaults
2022-03-11 10:49:29,872 [Listener at 127.0.0.1/32795] INFO  server.session (HouseKeeper.java:startScavenging(132)) - node0 Scavenging every 660000ms
2022-03-11 10:49:29,872 [Listener at 127.0.0.1/32795] INFO  handler.ContextHandler (ContextHandler.java:doStart(915)) - Started o.e.j.s.ServletContextHandler@4f8b58f9{logs,/logs,file:///home/runner/work/ozone/ozone/hadoop-ozone/integration-test/target/log,AVAILABLE}
2022-03-11 10:49:29,873 [Listener at 127.0.0.1/32795] INFO  handler.ContextHandler (ContextHandler.java:doStart(915)) - Started o.e.j.s.ServletContextHandler@6b299b09{static,/static,jar:file:/home/runner/.m2/repository/org/apache/ozone/hdds-container-service/1.3.0-SNAPSHOT/hdds-container-service-1.3.0-SNAPSHOT.jar!/webapps/static,AVAILABLE}
2022-03-11 10:49:29,964 [Listener at 127.0.0.1/32795] INFO  handler.ContextHandler (ContextHandler.java:doStart(915)) - Started o.e.j.w.WebAppContext@40fe0243{hddsDatanode,/,file:///tmp/jetty-0_0_0_0-44923-hdds-container-service-1_3_0-SNAPSHOT_jar-_-any-1439785991664781537/webapp/,AVAILABLE}{jar:file:/home/runner/.m2/repository/org/apache/ozone/hdds-container-service/1.3.0-SNAPSHOT/hdds-container-service-1.3.0-SNAPSHOT.jar!/webapps/hddsDatanode}
2022-03-11 10:49:29,967 [Listener at 127.0.0.1/32795] INFO  server.AbstractConnector (AbstractConnector.java:doStart(331)) - Started ServerConnector@74d74fe2{HTTP/1.1, (http/1.1)}{0.0.0.0:44923}
2022-03-11 10:49:29,968 [Listener at 127.0.0.1/32795] INFO  server.Server (Server.java:doStart(415)) - Started @22684ms
2022-03-11 10:49:29,968 [Listener at 127.0.0.1/32795] WARN  impl.MetricsSystemImpl (MetricsSystemImpl.java:register(279)) - Sink prometheus already exists!
2022-03-11 10:49:29,968 [Listener at 127.0.0.1/32795] INFO  http.BaseHttpServer (BaseHttpServer.java:updateConnectorAddress(329)) - HTTP server of hddsDatanode listening at http://0.0.0.0:44923
2022-03-11 10:49:29,973 [Listener at 127.0.0.1/32795] WARN  impl.MetricRegistriesImpl (MetricRegistriesImpl.java:addReporterRegistration(111)) - New reporters are added after registries were created. Some metrics will be missing from the reporter. Please add reporter before adding any new registry.
2022-03-11 10:49:29,973 [Listener at 127.0.0.1/32795] WARN  impl.MetricRegistriesImpl (MetricRegistriesImpl.java:addReporterRegistration(111)) - New reporters are added after registries were created. Some metrics will be missing from the reporter. Please add reporter before adding any new registry.
2022-03-11 10:49:29,973 [Listener at 127.0.0.1/32795] INFO  impl.MetricsSystemImpl (MetricsSystemImpl.java:init(158)) - HddsDatanode metrics system started (again)
2022-03-11 10:49:29,976 [Datanode State Machine Daemon Thread] INFO  statemachine.DatanodeStateMachine (DatanodeStateMachine.java:lambda$startDaemon$0(470)) - Ozone container server started.
2022-03-11 10:49:29,998 [Listener at 127.0.0.1/32795] INFO  ozone.HddsDatanodeService (HddsDatanodeService.java:start(233)) - HddsDatanodeService host:fv-az184-17.3ow45vhwbzuu5incsxmygykede.cx.internal.cloudapp.net ip:10.1.0.4
2022-03-11 10:49:30,013 [org.apache.hadoop.util.JvmPauseMonitor$Monitor@5f7a6a95] INFO  util.JvmPauseMonitor (JvmPauseMonitor.java:run(188)) - Starting JVM pause monitor
2022-03-11 10:49:30,018 [Datanode State Machine Task Thread - 0] INFO  datanode.InitDatanodeState (InitDatanodeState.java:persistContainerDatanodeDetails(138)) - DatanodeDetails is persisted to /home/runner/work/ozone/ozone/hadoop-ozone/integration-test/target/test-dir/MiniOzoneClusterImpl-7b69f8db-d4e2-4de8-91fb-18008de01126/datanode-3/meta/datanode.id
2022-03-11 10:49:30,031 [Listener at 127.0.0.1/32795] INFO  upgrade.AbstractLayoutVersionManager (AbstractLayoutVersionManager.java:init(79)) - Initializing Layout version manager with metadata layout = SCM_HA (version = 2), software layout = SCM_HA (version = 2)
2022-03-11 10:49:30,153 [Listener at 127.0.0.1/32795] INFO  reflections.Reflections (Reflections.java:scan(232)) - Reflections took 119 ms to scan 7 urls, producing 122 keys and 286 values 
2022-03-11 10:49:30,154 [Listener at 127.0.0.1/32795] INFO  statemachine.DatanodeStateMachine (DatanodeStateMachine.java:getEndPointTaskThreadPoolSize(222)) - Datanode State Machine Task Thread Pool size 2
2022-03-11 10:49:30,167 [Listener at 127.0.0.1/32795] INFO  volume.HddsVolume (HddsVolume.java:<init>(120)) - Creating HddsVolume: /home/runner/work/ozone/ozone/hadoop-ozone/integration-test/target/test-dir/MiniOzoneClusterImpl-7b69f8db-d4e2-4de8-91fb-18008de01126/datanode-4/data-0/containers/hdds of storage type : DISK capacity : 9223372036854775807
2022-03-11 10:49:30,167 [Listener at 127.0.0.1/32795] INFO  volume.MutableVolumeSet (MutableVolumeSet.java:initializeVolumeSet(168)) - Added Volume : /home/runner/work/ozone/ozone/hadoop-ozone/integration-test/target/test-dir/MiniOzoneClusterImpl-7b69f8db-d4e2-4de8-91fb-18008de01126/datanode-4/data-0/containers/hdds to VolumeSet
2022-03-11 10:49:30,167 [Listener at 127.0.0.1/32795] INFO  volume.ThrottledAsyncChecker (ThrottledAsyncChecker.java:schedule(141)) - Scheduling a check for /home/runner/work/ozone/ozone/hadoop-ozone/integration-test/target/test-dir/MiniOzoneClusterImpl-7b69f8db-d4e2-4de8-91fb-18008de01126/datanode-4/data-0/containers/hdds
2022-03-11 10:49:30,171 [Listener at 127.0.0.1/32795] INFO  volume.StorageVolumeChecker (StorageVolumeChecker.java:checkAllVolumes(202)) - Scheduled health check for volume /home/runner/work/ozone/ozone/hadoop-ozone/integration-test/target/test-dir/MiniOzoneClusterImpl-7b69f8db-d4e2-4de8-91fb-18008de01126/datanode-4/data-0/containers/hdds
2022-03-11 10:49:30,207 [Listener at 127.0.0.1/32795] INFO  volume.MutableVolumeSet (MutableVolumeSet.java:initializeVolumeSet(168)) - Added Volume : /home/runner/work/ozone/ozone/hadoop-ozone/integration-test/target/test-dir/MiniOzoneClusterImpl-7b69f8db-d4e2-4de8-91fb-18008de01126/datanode-4/data/ratis to VolumeSet
2022-03-11 10:49:30,207 [Listener at 127.0.0.1/32795] INFO  volume.ThrottledAsyncChecker (ThrottledAsyncChecker.java:schedule(141)) - Scheduling a check for /home/runner/work/ozone/ozone/hadoop-ozone/integration-test/target/test-dir/MiniOzoneClusterImpl-7b69f8db-d4e2-4de8-91fb-18008de01126/datanode-4/data/ratis
2022-03-11 10:49:30,215 [Listener at 127.0.0.1/32795] INFO  volume.StorageVolumeChecker (StorageVolumeChecker.java:checkAllVolumes(202)) - Scheduled health check for volume /home/runner/work/ozone/ozone/hadoop-ozone/integration-test/target/test-dir/MiniOzoneClusterImpl-7b69f8db-d4e2-4de8-91fb-18008de01126/datanode-4/data/ratis
2022-03-11 10:49:30,244 [Thread-562] INFO  ozoneimpl.ContainerReader (ContainerReader.java:readVolume(172)) - Finish verifying containers on volume /home/runner/work/ozone/ozone/hadoop-ozone/integration-test/target/test-dir/MiniOzoneClusterImpl-7b69f8db-d4e2-4de8-91fb-18008de01126/datanode-4/data-0/containers/hdds
2022-03-11 10:49:30,244 [Listener at 127.0.0.1/32795] INFO  ozoneimpl.OzoneContainer (OzoneContainer.java:buildContainerSet(257)) - Build ContainerSet costs 0s
2022-03-11 10:49:30,246 [Listener at 127.0.0.1/32795] INFO  server.RaftServer (ConfUtils.java:logGet(44)) - raft.rpc.type = GRPC (default)
2022-03-11 10:49:30,246 [Listener at 127.0.0.1/32795] INFO  grpc.GrpcFactory (GrpcFactory.java:checkPooledByteBufAllocatorUseCacheForAllThreads(48)) - PERFORMANCE WARNING: useCacheForAllThreads is true that may cause Netty to create a lot garbage objects and, as a result, trigger GC.
	It is recommended to disable useCacheForAllThreads by setting -Dorg.apache.ratis.thirdparty.io.netty.allocator.useCacheForAllThreads=false in command line.
2022-03-11 10:49:30,247 [Listener at 127.0.0.1/32795] INFO  grpc.GrpcConfigKeys (ConfUtils.java:logGet(44)) - raft.grpc.admin.port = 0 (custom)
2022-03-11 10:49:30,247 [Listener at 127.0.0.1/32795] INFO  grpc.GrpcConfigKeys (ConfUtils.java:logGet(44)) - raft.grpc.client.port = 0 (custom)
2022-03-11 10:49:30,247 [Listener at 127.0.0.1/32795] INFO  grpc.GrpcConfigKeys (ConfUtils.java:logGet(44)) - raft.grpc.server.port = 0 (default)
2022-03-11 10:49:30,247 [Listener at 127.0.0.1/32795] INFO  server.GrpcService (ConfUtils.java:logGet(44)) - raft.grpc.message.size.max = 32MB (=33554432) (custom)
2022-03-11 10:49:30,247 [Listener at 127.0.0.1/32795] INFO  server.RaftServerConfigKeys (ConfUtils.java:logGet(44)) - raft.server.log.appender.buffer.byte-limit = 33554432 (custom)
2022-03-11 10:49:30,247 [Listener at 127.0.0.1/32795] INFO  server.GrpcService (ConfUtils.java:logGet(44)) - raft.grpc.flow.control.window = 5MB (=5242880) (custom)
2022-03-11 10:49:30,247 [Listener at 127.0.0.1/32795] INFO  server.RaftServerConfigKeys (ConfUtils.java:logGet(44)) - raft.server.rpc.request.timeout = 60s (custom)
2022-03-11 10:49:30,248 [Listener at 127.0.0.1/32795] INFO  impl.DataStreamServerImpl (ConfUtils.java:logGet(44)) - raft.datastream.type = DISABLED (default)
2022-03-11 10:49:30,248 [Listener at 127.0.0.1/32795] INFO  server.RaftServerConfigKeys (ConfUtils.java:logGet(44)) - raft.server.rpc.slowness.timeout = 300s (custom)
2022-03-11 10:49:30,259 [Listener at 127.0.0.1/32795] INFO  server.RaftServerConfigKeys (ConfUtils.java:logGet(44)) - raft.server.leaderelection.leader.step-down.wait-time = 10s (default)
2022-03-11 10:49:30,260 [Listener at 127.0.0.1/32795] INFO  server.RaftServerConfigKeys (ConfUtils.java:logGet(44)) - raft.server.storage.dir = [/home/runner/work/ozone/ozone/hadoop-ozone/integration-test/target/test-dir/MiniOzoneClusterImpl-7b69f8db-d4e2-4de8-91fb-18008de01126/datanode-4/data/ratis] (custom)
2022-03-11 10:49:30,261 [Listener at 127.0.0.1/32795] INFO  server.XceiverServerGrpc (XceiverServerGrpc.java:<init>(132)) - GrpcServer channel type EpollServerSocketChannel
2022-03-11 10:49:30,273 [Listener at 127.0.0.1/32795] INFO  http.BaseHttpServer (BaseHttpServer.java:newHttpServer2BuilderForOzone(209)) - Starting Web-server for hddsDatanode at: http://0.0.0.0:0
2022-03-11 10:49:30,274 [Listener at 127.0.0.1/32795] INFO  http.BaseHttpServer (BaseHttpServer.java:<init>(107)) - Hadoop Security Enabled: false Ozone Security Enabled: false Ozone HTTP Security Enabled: false 
2022-03-11 10:49:30,275 [Listener at 127.0.0.1/32795] INFO  server.AuthenticationFilter (AuthenticationFilter.java:constructSecretProvider(240)) - Unable to initialize FileSignerSecretProvider, falling back to use random secrets.
2022-03-11 10:49:30,278 [Listener at 127.0.0.1/32795] WARN  http.HttpRequestLog (HttpRequestLog.java:getRequestLog(103)) - Jetty request log can only be enabled using Log4j
2022-03-11 10:49:30,278 [Listener at 127.0.0.1/32795] INFO  http.HttpServer2 (HttpServer2.java:addGlobalFilter(1030)) - Added global filter 'safety' (class=org.apache.hadoop.hdds.server.http.HttpServer2$QuotingInputFilter)
2022-03-11 10:49:30,279 [Listener at 127.0.0.1/32795] INFO  http.HttpServer2 (HttpServer2.java:addFilter(1006)) - Added filter static_user_filter (class=org.apache.hadoop.http.lib.StaticUserWebFilter$StaticUserFilter) to context hddsDatanode
2022-03-11 10:49:30,279 [Listener at 127.0.0.1/32795] INFO  http.HttpServer2 (HttpServer2.java:addFilter(1014)) - Added filter static_user_filter (class=org.apache.hadoop.http.lib.StaticUserWebFilter$StaticUserFilter) to context static
2022-03-11 10:49:30,279 [Listener at 127.0.0.1/32795] INFO  http.HttpServer2 (HttpServer2.java:addFilter(1014)) - Added filter static_user_filter (class=org.apache.hadoop.http.lib.StaticUserWebFilter$StaticUserFilter) to context logs
2022-03-11 10:49:30,279 [Listener at 127.0.0.1/32795] INFO  http.HttpServer2 (HttpServer2.java:bindListener(1249)) - Jetty bound to port 33275
2022-03-11 10:49:30,280 [Listener at 127.0.0.1/32795] INFO  server.Server (Server.java:doStart(375)) - jetty-9.4.43.v20210629; built: 2021-06-30T11:07:22.254Z; git: 526006ecfa3af7f1a27ef3a288e2bef7ea9dd7e8; jvm 1.8.0_322-b06
2022-03-11 10:49:30,281 [Listener at 127.0.0.1/32795] INFO  server.session (DefaultSessionIdManager.java:doStart(334)) - DefaultSessionIdManager workerName=node0
2022-03-11 10:49:30,281 [Listener at 127.0.0.1/32795] INFO  server.session (DefaultSessionIdManager.java:doStart(339)) - No SessionScavenger set, using defaults
2022-03-11 10:49:30,281 [Listener at 127.0.0.1/32795] INFO  server.session (HouseKeeper.java:startScavenging(132)) - node0 Scavenging every 600000ms
2022-03-11 10:49:30,282 [Listener at 127.0.0.1/32795] INFO  handler.ContextHandler (ContextHandler.java:doStart(915)) - Started o.e.j.s.ServletContextHandler@34f0f03{logs,/logs,file:///home/runner/work/ozone/ozone/hadoop-ozone/integration-test/target/log,AVAILABLE}
2022-03-11 10:49:30,282 [Listener at 127.0.0.1/32795] INFO  handler.ContextHandler (ContextHandler.java:doStart(915)) - Started o.e.j.s.ServletContextHandler@23eec3c9{static,/static,jar:file:/home/runner/.m2/repository/org/apache/ozone/hdds-container-service/1.3.0-SNAPSHOT/hdds-container-service-1.3.0-SNAPSHOT.jar!/webapps/static,AVAILABLE}
2022-03-11 10:49:30,355 [ReplicationMonitor] INFO  container.ReplicationManager (ReplicationManager.java:processAll(374)) - Replication Manager is not ready to run until 3000ms after safemode exit
2022-03-11 10:49:30,395 [Listener at 127.0.0.1/32795] INFO  handler.ContextHandler (ContextHandler.java:doStart(915)) - Started o.e.j.w.WebAppContext@6ef58c28{hddsDatanode,/,file:///tmp/jetty-0_0_0_0-33275-hdds-container-service-1_3_0-SNAPSHOT_jar-_-any-7762226781956844436/webapp/,AVAILABLE}{jar:file:/home/runner/.m2/repository/org/apache/ozone/hdds-container-service/1.3.0-SNAPSHOT/hdds-container-service-1.3.0-SNAPSHOT.jar!/webapps/hddsDatanode}
2022-03-11 10:49:30,408 [Listener at 127.0.0.1/32795] INFO  server.AbstractConnector (AbstractConnector.java:doStart(331)) - Started ServerConnector@2ca6815c{HTTP/1.1, (http/1.1)}{0.0.0.0:33275}
2022-03-11 10:49:30,409 [Listener at 127.0.0.1/32795] INFO  server.Server (Server.java:doStart(415)) - Started @23126ms
2022-03-11 10:49:30,409 [Listener at 127.0.0.1/32795] WARN  impl.MetricsSystemImpl (MetricsSystemImpl.java:register(279)) - Sink prometheus already exists!
2022-03-11 10:49:30,410 [Listener at 127.0.0.1/32795] INFO  http.BaseHttpServer (BaseHttpServer.java:updateConnectorAddress(329)) - HTTP server of hddsDatanode listening at http://0.0.0.0:33275
2022-03-11 10:49:30,411 [Datanode State Machine Daemon Thread] INFO  statemachine.DatanodeStateMachine (DatanodeStateMachine.java:lambda$startDaemon$0(470)) - Ozone container server started.
2022-03-11 10:49:30,411 [Listener at 127.0.0.1/32795] WARN  impl.MetricRegistriesImpl (MetricRegistriesImpl.java:addReporterRegistration(111)) - New reporters are added after registries were created. Some metrics will be missing from the reporter. Please add reporter before adding any new registry.
2022-03-11 10:49:30,411 [Listener at 127.0.0.1/32795] WARN  impl.MetricRegistriesImpl (MetricRegistriesImpl.java:addReporterRegistration(111)) - New reporters are added after registries were created. Some metrics will be missing from the reporter. Please add reporter before adding any new registry.
2022-03-11 10:49:30,411 [Listener at 127.0.0.1/32795] INFO  impl.MetricsSystemImpl (MetricsSystemImpl.java:init(158)) - HddsDatanode metrics system started (again)
2022-03-11 10:49:30,424 [Listener at 127.0.0.1/32795] INFO  ozone.HddsDatanodeService (HddsDatanodeService.java:start(233)) - HddsDatanodeService host:fv-az184-17.3ow45vhwbzuu5incsxmygykede.cx.internal.cloudapp.net ip:10.1.0.4
2022-03-11 10:49:30,464 [Listener at 127.0.0.1/32795] INFO  upgrade.AbstractLayoutVersionManager (AbstractLayoutVersionManager.java:init(79)) - Initializing Layout version manager with metadata layout = SCM_HA (version = 2), software layout = SCM_HA (version = 2)
2022-03-11 10:49:30,503 [org.apache.hadoop.util.JvmPauseMonitor$Monitor@565520c8] INFO  util.JvmPauseMonitor (JvmPauseMonitor.java:run(188)) - Starting JVM pause monitor
2022-03-11 10:49:30,505 [Datanode State Machine Task Thread - 0] INFO  datanode.InitDatanodeState (InitDatanodeState.java:persistContainerDatanodeDetails(138)) - DatanodeDetails is persisted to /home/runner/work/ozone/ozone/hadoop-ozone/integration-test/target/test-dir/MiniOzoneClusterImpl-7b69f8db-d4e2-4de8-91fb-18008de01126/datanode-4/meta/datanode.id
2022-03-11 10:49:30,580 [Listener at 127.0.0.1/32795] INFO  reflections.Reflections (Reflections.java:scan(232)) - Reflections took 115 ms to scan 7 urls, producing 122 keys and 286 values 
2022-03-11 10:49:30,581 [Listener at 127.0.0.1/32795] INFO  statemachine.DatanodeStateMachine (DatanodeStateMachine.java:getEndPointTaskThreadPoolSize(222)) - Datanode State Machine Task Thread Pool size 2
2022-03-11 10:49:30,596 [Listener at 127.0.0.1/32795] INFO  volume.HddsVolume (HddsVolume.java:<init>(120)) - Creating HddsVolume: /home/runner/work/ozone/ozone/hadoop-ozone/integration-test/target/test-dir/MiniOzoneClusterImpl-7b69f8db-d4e2-4de8-91fb-18008de01126/datanode-5/data-0/containers/hdds of storage type : DISK capacity : 9223372036854775807
2022-03-11 10:49:30,596 [Listener at 127.0.0.1/32795] INFO  volume.MutableVolumeSet (MutableVolumeSet.java:initializeVolumeSet(168)) - Added Volume : /home/runner/work/ozone/ozone/hadoop-ozone/integration-test/target/test-dir/MiniOzoneClusterImpl-7b69f8db-d4e2-4de8-91fb-18008de01126/datanode-5/data-0/containers/hdds to VolumeSet
2022-03-11 10:49:30,596 [Listener at 127.0.0.1/32795] INFO  volume.ThrottledAsyncChecker (ThrottledAsyncChecker.java:schedule(141)) - Scheduling a check for /home/runner/work/ozone/ozone/hadoop-ozone/integration-test/target/test-dir/MiniOzoneClusterImpl-7b69f8db-d4e2-4de8-91fb-18008de01126/datanode-5/data-0/containers/hdds
2022-03-11 10:49:30,600 [Listener at 127.0.0.1/32795] INFO  volume.StorageVolumeChecker (StorageVolumeChecker.java:checkAllVolumes(202)) - Scheduled health check for volume /home/runner/work/ozone/ozone/hadoop-ozone/integration-test/target/test-dir/MiniOzoneClusterImpl-7b69f8db-d4e2-4de8-91fb-18008de01126/datanode-5/data-0/containers/hdds
2022-03-11 10:49:30,622 [Listener at 127.0.0.1/32795] INFO  volume.MutableVolumeSet (MutableVolumeSet.java:initializeVolumeSet(168)) - Added Volume : /home/runner/work/ozone/ozone/hadoop-ozone/integration-test/target/test-dir/MiniOzoneClusterImpl-7b69f8db-d4e2-4de8-91fb-18008de01126/datanode-5/data/ratis to VolumeSet
2022-03-11 10:49:30,622 [Listener at 127.0.0.1/32795] INFO  volume.ThrottledAsyncChecker (ThrottledAsyncChecker.java:schedule(141)) - Scheduling a check for /home/runner/work/ozone/ozone/hadoop-ozone/integration-test/target/test-dir/MiniOzoneClusterImpl-7b69f8db-d4e2-4de8-91fb-18008de01126/datanode-5/data/ratis
2022-03-11 10:49:30,623 [Listener at 127.0.0.1/32795] INFO  volume.StorageVolumeChecker (StorageVolumeChecker.java:checkAllVolumes(202)) - Scheduled health check for volume /home/runner/work/ozone/ozone/hadoop-ozone/integration-test/target/test-dir/MiniOzoneClusterImpl-7b69f8db-d4e2-4de8-91fb-18008de01126/datanode-5/data/ratis
2022-03-11 10:49:30,661 [EndpointStateMachine task thread for /0.0.0.0:34787 - 0 ] INFO  ozoneimpl.OzoneContainer (OzoneContainer.java:start(335)) - Attempting to start container services.
2022-03-11 10:49:30,662 [EndpointStateMachine task thread for /0.0.0.0:34787 - 0 ] INFO  ozoneimpl.OzoneContainer (OzoneContainer.java:startContainerScrub(270)) - Background container scanner has been disabled.
2022-03-11 10:49:30,663 [EndpointStateMachine task thread for /0.0.0.0:34787 - 0 ] INFO  replication.ReplicationServer (ReplicationServer.java:start(111)) - ReplicationServer is started using port 34095
2022-03-11 10:49:30,675 [EndpointStateMachine task thread for /0.0.0.0:34787 - 0 ] INFO  ratis.XceiverServerRatis (XceiverServerRatis.java:start(485)) - Starting XceiverServerRatis d142598b-b2fe-46f0-ba0a-461746a4d443
2022-03-11 10:49:30,677 [Thread-626] INFO  ozoneimpl.ContainerReader (ContainerReader.java:readVolume(172)) - Finish verifying containers on volume /home/runner/work/ozone/ozone/hadoop-ozone/integration-test/target/test-dir/MiniOzoneClusterImpl-7b69f8db-d4e2-4de8-91fb-18008de01126/datanode-5/data-0/containers/hdds
2022-03-11 10:49:30,677 [Listener at 127.0.0.1/32795] INFO  ozoneimpl.OzoneContainer (OzoneContainer.java:buildContainerSet(257)) - Build ContainerSet costs 0s
2022-03-11 10:49:30,677 [ReplicationMonitor] INFO  container.ReplicationManager (ReplicationManager.java:processAll(387)) - Replication Monitor Thread took 2 milliseconds for processing 3 containers.
2022-03-11 10:49:30,679 [Listener at 127.0.0.1/32795] INFO  server.RaftServer (ConfUtils.java:logGet(44)) - raft.rpc.type = GRPC (default)
2022-03-11 10:49:30,679 [Listener at 127.0.0.1/32795] INFO  grpc.GrpcFactory (GrpcFactory.java:checkPooledByteBufAllocatorUseCacheForAllThreads(48)) - PERFORMANCE WARNING: useCacheForAllThreads is true that may cause Netty to create a lot garbage objects and, as a result, trigger GC.
	It is recommended to disable useCacheForAllThreads by setting -Dorg.apache.ratis.thirdparty.io.netty.allocator.useCacheForAllThreads=false in command line.
2022-03-11 10:49:30,679 [Listener at 127.0.0.1/32795] INFO  grpc.GrpcConfigKeys (ConfUtils.java:logGet(44)) - raft.grpc.admin.port = 0 (custom)
2022-03-11 10:49:30,679 [Listener at 127.0.0.1/32795] INFO  grpc.GrpcConfigKeys (ConfUtils.java:logGet(44)) - raft.grpc.client.port = 0 (custom)
2022-03-11 10:49:30,679 [Listener at 127.0.0.1/32795] INFO  grpc.GrpcConfigKeys (ConfUtils.java:logGet(44)) - raft.grpc.server.port = 0 (default)
2022-03-11 10:49:30,680 [Listener at 127.0.0.1/32795] INFO  server.GrpcService (ConfUtils.java:logGet(44)) - raft.grpc.message.size.max = 32MB (=33554432) (custom)
2022-03-11 10:49:30,680 [Listener at 127.0.0.1/32795] INFO  server.RaftServerConfigKeys (ConfUtils.java:logGet(44)) - raft.server.log.appender.buffer.byte-limit = 33554432 (custom)
2022-03-11 10:49:30,680 [Listener at 127.0.0.1/32795] INFO  server.GrpcService (ConfUtils.java:logGet(44)) - raft.grpc.flow.control.window = 5MB (=5242880) (custom)
2022-03-11 10:49:30,680 [Listener at 127.0.0.1/32795] INFO  server.RaftServerConfigKeys (ConfUtils.java:logGet(44)) - raft.server.rpc.request.timeout = 60s (custom)
2022-03-11 10:49:30,681 [Listener at 127.0.0.1/32795] INFO  impl.DataStreamServerImpl (ConfUtils.java:logGet(44)) - raft.datastream.type = DISABLED (default)
2022-03-11 10:49:30,681 [Listener at 127.0.0.1/32795] INFO  server.RaftServerConfigKeys (ConfUtils.java:logGet(44)) - raft.server.rpc.slowness.timeout = 300s (custom)
2022-03-11 10:49:30,681 [Listener at 127.0.0.1/32795] INFO  server.RaftServerConfigKeys (ConfUtils.java:logGet(44)) - raft.server.leaderelection.leader.step-down.wait-time = 10s (default)
2022-03-11 10:49:30,681 [Listener at 127.0.0.1/32795] INFO  server.RaftServerConfigKeys (ConfUtils.java:logGet(44)) - raft.server.storage.dir = [/home/runner/work/ozone/ozone/hadoop-ozone/integration-test/target/test-dir/MiniOzoneClusterImpl-7b69f8db-d4e2-4de8-91fb-18008de01126/datanode-5/data/ratis] (custom)
2022-03-11 10:49:30,684 [Listener at 127.0.0.1/32795] INFO  server.XceiverServerGrpc (XceiverServerGrpc.java:<init>(132)) - GrpcServer channel type EpollServerSocketChannel
2022-03-11 10:49:30,687 [Listener at 127.0.0.1/32795] INFO  http.BaseHttpServer (BaseHttpServer.java:newHttpServer2BuilderForOzone(209)) - Starting Web-server for hddsDatanode at: http://0.0.0.0:0
2022-03-11 10:49:30,687 [Listener at 127.0.0.1/32795] INFO  http.BaseHttpServer (BaseHttpServer.java:<init>(107)) - Hadoop Security Enabled: false Ozone Security Enabled: false Ozone HTTP Security Enabled: false 
2022-03-11 10:49:30,690 [EndpointStateMachine task thread for /0.0.0.0:34787 - 0 ] INFO  server.RaftServer (RaftServerProxy.java:lambda$start$5(374)) - d142598b-b2fe-46f0-ba0a-461746a4d443: start RPC server
2022-03-11 10:49:30,699 [Listener at 127.0.0.1/32795] INFO  server.AuthenticationFilter (AuthenticationFilter.java:constructSecretProvider(240)) - Unable to initialize FileSignerSecretProvider, falling back to use random secrets.
2022-03-11 10:49:30,711 [Listener at 127.0.0.1/32795] WARN  http.HttpRequestLog (HttpRequestLog.java:getRequestLog(103)) - Jetty request log can only be enabled using Log4j
2022-03-11 10:49:30,711 [Listener at 127.0.0.1/32795] INFO  http.HttpServer2 (HttpServer2.java:addGlobalFilter(1030)) - Added global filter 'safety' (class=org.apache.hadoop.hdds.server.http.HttpServer2$QuotingInputFilter)
2022-03-11 10:49:30,712 [Listener at 127.0.0.1/32795] INFO  http.HttpServer2 (HttpServer2.java:addFilter(1006)) - Added filter static_user_filter (class=org.apache.hadoop.http.lib.StaticUserWebFilter$StaticUserFilter) to context hddsDatanode
2022-03-11 10:49:30,712 [Listener at 127.0.0.1/32795] INFO  http.HttpServer2 (HttpServer2.java:addFilter(1014)) - Added filter static_user_filter (class=org.apache.hadoop.http.lib.StaticUserWebFilter$StaticUserFilter) to context static
2022-03-11 10:49:30,712 [Listener at 127.0.0.1/32795] INFO  http.HttpServer2 (HttpServer2.java:addFilter(1014)) - Added filter static_user_filter (class=org.apache.hadoop.http.lib.StaticUserWebFilter$StaticUserFilter) to context logs
2022-03-11 10:49:30,713 [EndpointStateMachine task thread for /0.0.0.0:34787 - 0 ] INFO  server.GrpcService (GrpcService.java:startImpl(253)) - d142598b-b2fe-46f0-ba0a-461746a4d443: GrpcService started, listening on 34883
2022-03-11 10:49:30,713 [Listener at 127.0.0.1/32795] INFO  http.HttpServer2 (HttpServer2.java:bindListener(1249)) - Jetty bound to port 39301
2022-03-11 10:49:30,713 [Listener at 127.0.0.1/32795] INFO  server.Server (Server.java:doStart(375)) - jetty-9.4.43.v20210629; built: 2021-06-30T11:07:22.254Z; git: 526006ecfa3af7f1a27ef3a288e2bef7ea9dd7e8; jvm 1.8.0_322-b06
2022-03-11 10:49:30,718 [EndpointStateMachine task thread for /0.0.0.0:34787 - 0 ] INFO  ratis.XceiverServerRatis (XceiverServerRatis.java:getRealPort(506)) - XceiverServerRatis d142598b-b2fe-46f0-ba0a-461746a4d443 is started using port 34883 for RATIS
2022-03-11 10:49:30,718 [EndpointStateMachine task thread for /0.0.0.0:34787 - 0 ] INFO  ratis.XceiverServerRatis (XceiverServerRatis.java:getRealPort(506)) - XceiverServerRatis d142598b-b2fe-46f0-ba0a-461746a4d443 is started using port 34883 for RATIS_ADMIN
2022-03-11 10:49:30,718 [EndpointStateMachine task thread for /0.0.0.0:34787 - 0 ] INFO  ratis.XceiverServerRatis (XceiverServerRatis.java:getRealPort(506)) - XceiverServerRatis d142598b-b2fe-46f0-ba0a-461746a4d443 is started using port 34883 for RATIS_SERVER
2022-03-11 10:49:30,721 [org.apache.ratis.util.JvmPauseMonitor$$Lambda$540/1416199161@65f4f2cd] INFO  util.JvmPauseMonitor (JvmPauseMonitor.java:run(103)) - JvmPauseMonitor-d142598b-b2fe-46f0-ba0a-461746a4d443: Started
2022-03-11 10:49:30,729 [Listener at 127.0.0.1/32795] INFO  server.session (DefaultSessionIdManager.java:doStart(334)) - DefaultSessionIdManager workerName=node0
2022-03-11 10:49:30,729 [Listener at 127.0.0.1/32795] INFO  server.session (DefaultSessionIdManager.java:doStart(339)) - No SessionScavenger set, using defaults
2022-03-11 10:49:30,729 [Listener at 127.0.0.1/32795] INFO  server.session (HouseKeeper.java:startScavenging(132)) - node0 Scavenging every 600000ms
2022-03-11 10:49:30,730 [EndpointStateMachine task thread for /0.0.0.0:34787 - 0 ] INFO  server.XceiverServerGrpc (XceiverServerGrpc.java:start(180)) - XceiverServerGrpc d142598b-b2fe-46f0-ba0a-461746a4d443 is started using port 36027
2022-03-11 10:49:30,739 [Listener at 127.0.0.1/32795] INFO  handler.ContextHandler (ContextHandler.java:doStart(915)) - Started o.e.j.s.ServletContextHandler@1c5d5c02{logs,/logs,file:///home/runner/work/ozone/ozone/hadoop-ozone/integration-test/target/log,AVAILABLE}
2022-03-11 10:49:30,739 [Listener at 127.0.0.1/32795] INFO  handler.ContextHandler (ContextHandler.java:doStart(915)) - Started o.e.j.s.ServletContextHandler@26eb87b1{static,/static,jar:file:/home/runner/.m2/repository/org/apache/ozone/hdds-container-service/1.3.0-SNAPSHOT/hdds-container-service-1.3.0-SNAPSHOT.jar!/webapps/static,AVAILABLE}
2022-03-11 10:49:30,813 [Listener at 127.0.0.1/32795] INFO  handler.ContextHandler (ContextHandler.java:doStart(915)) - Started o.e.j.w.WebAppContext@7dfec624{hddsDatanode,/,file:///tmp/jetty-0_0_0_0-39301-hdds-container-service-1_3_0-SNAPSHOT_jar-_-any-8558643005308783396/webapp/,AVAILABLE}{jar:file:/home/runner/.m2/repository/org/apache/ozone/hdds-container-service/1.3.0-SNAPSHOT/hdds-container-service-1.3.0-SNAPSHOT.jar!/webapps/hddsDatanode}
2022-03-11 10:49:30,835 [Listener at 127.0.0.1/32795] INFO  server.AbstractConnector (AbstractConnector.java:doStart(331)) - Started ServerConnector@287c1328{HTTP/1.1, (http/1.1)}{0.0.0.0:39301}
2022-03-11 10:49:30,835 [Listener at 127.0.0.1/32795] INFO  server.Server (Server.java:doStart(415)) - Started @23552ms
2022-03-11 10:49:30,835 [Listener at 127.0.0.1/32795] WARN  impl.MetricsSystemImpl (MetricsSystemImpl.java:register(279)) - Sink prometheus already exists!
2022-03-11 10:49:30,836 [Listener at 127.0.0.1/32795] INFO  http.BaseHttpServer (BaseHttpServer.java:updateConnectorAddress(329)) - HTTP server of hddsDatanode listening at http://0.0.0.0:39301
2022-03-11 10:49:30,837 [Listener at 127.0.0.1/32795] INFO  ozone.MiniOzoneClusterImpl (MiniOzoneClusterImpl.java:lambda$waitForClusterToBeReady$0(219)) - Waiting for nodes to be ready. Got 0 of 6 DN Heartbeats.
2022-03-11 10:49:30,837 [Listener at 127.0.0.1/32795] INFO  ozone.MiniOzoneClusterImpl (MiniOzoneClusterImpl.java:lambda$waitForClusterToBeReady$0(222)) - Waiting for cluster to exit safe mode
2022-03-11 10:49:30,837 [Listener at 127.0.0.1/32795] INFO  ozone.MiniOzoneClusterImpl (MiniOzoneClusterImpl.java:lambda$waitForClusterToBeReady$0(224)) - SCM became leader
2022-03-11 10:49:30,837 [Datanode State Machine Daemon Thread] INFO  statemachine.DatanodeStateMachine (DatanodeStateMachine.java:lambda$startDaemon$0(470)) - Ozone container server started.
2022-03-11 10:49:30,850 [org.apache.hadoop.util.JvmPauseMonitor$Monitor@45e3520] INFO  util.JvmPauseMonitor (JvmPauseMonitor.java:run(188)) - Starting JVM pause monitor
2022-03-11 10:49:30,851 [Datanode State Machine Task Thread - 0] INFO  datanode.InitDatanodeState (InitDatanodeState.java:persistContainerDatanodeDetails(138)) - DatanodeDetails is persisted to /home/runner/work/ozone/ozone/hadoop-ozone/integration-test/target/test-dir/MiniOzoneClusterImpl-7b69f8db-d4e2-4de8-91fb-18008de01126/datanode-5/meta/datanode.id
2022-03-11 10:49:31,147 [EndpointStateMachine task thread for /0.0.0.0:34787 - 0 ] INFO  ozoneimpl.OzoneContainer (OzoneContainer.java:start(335)) - Attempting to start container services.
2022-03-11 10:49:31,147 [EndpointStateMachine task thread for /0.0.0.0:34787 - 0 ] INFO  ozoneimpl.OzoneContainer (OzoneContainer.java:startContainerScrub(270)) - Background container scanner has been disabled.
2022-03-11 10:49:31,148 [EndpointStateMachine task thread for /0.0.0.0:34787 - 0 ] INFO  replication.ReplicationServer (ReplicationServer.java:start(111)) - ReplicationServer is started using port 42729
2022-03-11 10:49:31,149 [EndpointStateMachine task thread for /0.0.0.0:34787 - 0 ] INFO  ratis.XceiverServerRatis (XceiverServerRatis.java:start(485)) - Starting XceiverServerRatis e2c1372d-ab59-4fee-b127-9ad63fa8e982
2022-03-11 10:49:31,167 [EndpointStateMachine task thread for /0.0.0.0:34787 - 0 ] INFO  server.RaftServer (RaftServerProxy.java:lambda$start$5(374)) - e2c1372d-ab59-4fee-b127-9ad63fa8e982: start RPC server
2022-03-11 10:49:31,167 [EndpointStateMachine task thread for /0.0.0.0:34787 - 0 ] INFO  server.GrpcService (GrpcService.java:startImpl(253)) - e2c1372d-ab59-4fee-b127-9ad63fa8e982: GrpcService started, listening on 37387
2022-03-11 10:49:31,172 [EndpointStateMachine task thread for /0.0.0.0:34787 - 0 ] INFO  ratis.XceiverServerRatis (XceiverServerRatis.java:getRealPort(506)) - XceiverServerRatis e2c1372d-ab59-4fee-b127-9ad63fa8e982 is started using port 37387 for RATIS
2022-03-11 10:49:31,172 [EndpointStateMachine task thread for /0.0.0.0:34787 - 0 ] INFO  ratis.XceiverServerRatis (XceiverServerRatis.java:getRealPort(506)) - XceiverServerRatis e2c1372d-ab59-4fee-b127-9ad63fa8e982 is started using port 37387 for RATIS_ADMIN
2022-03-11 10:49:31,172 [EndpointStateMachine task thread for /0.0.0.0:34787 - 0 ] INFO  ratis.XceiverServerRatis (XceiverServerRatis.java:getRealPort(506)) - XceiverServerRatis e2c1372d-ab59-4fee-b127-9ad63fa8e982 is started using port 37387 for RATIS_SERVER
2022-03-11 10:49:31,172 [org.apache.ratis.util.JvmPauseMonitor$$Lambda$540/1416199161@1849a96] INFO  util.JvmPauseMonitor (JvmPauseMonitor.java:run(103)) - JvmPauseMonitor-e2c1372d-ab59-4fee-b127-9ad63fa8e982: Started
2022-03-11 10:49:31,177 [EndpointStateMachine task thread for /0.0.0.0:34787 - 0 ] INFO  server.XceiverServerGrpc (XceiverServerGrpc.java:start(180)) - XceiverServerGrpc e2c1372d-ab59-4fee-b127-9ad63fa8e982 is started using port 43211
2022-03-11 10:49:31,325 [IPC Server handler 15 on default port 45311] INFO  node.NodeDecommissionManager (NodeDecommissionManager.java:startDecommission(272)) - Starting Decommission for node ba75fcdf-ff67-476a-a5ef-de9b108b869e{ip: 10.1.0.4, host: fv-az184-17.3ow45vhwbzuu5incsxmygykede.cx.internal.cloudapp.net, ports: [REPLICATION=42699, RATIS=41971, RATIS_ADMIN=41971, RATIS_SERVER=41971, STANDALONE=42581], networkLocation: /default-rack, certSerialId: null, persistedOpState: IN_SERVICE, persistedOpStateExpiryEpochSec: 0}
2022-03-11 10:49:31,332 [EventQueue-HealthyReadonlyToHealthyNodeForReadOnlyHealthyToHealthyNodeHandler] INFO  node.ReadOnlyHealthyToHealthyNodeHandler (ReadOnlyHealthyToHealthyNodeHandler.java:onMessage(51)) - Datanode ba75fcdf-ff67-476a-a5ef-de9b108b869e{ip: 10.1.0.4, host: fv-az184-17.3ow45vhwbzuu5incsxmygykede.cx.internal.cloudapp.net, ports: [REPLICATION=42699, RATIS=41971, RATIS_ADMIN=41971, RATIS_SERVER=41971, STANDALONE=42581], networkLocation: /default-rack, certSerialId: null, persistedOpState: IN_SERVICE, persistedOpStateExpiryEpochSec: 0} moved to HEALTHY state.
2022-03-11 10:49:31,333 [EventQueue-HealthyReadonlyToHealthyNodeForReadOnlyHealthyToHealthyNodeHandler] INFO  pipeline.BackgroundPipelineCreator (BackgroundPipelineCreator.java:notifyEventTriggered(285)) - trigger a one-shot run on RatisPipelineUtilsThread.
2022-03-11 10:49:31,356 [ReplicationMonitor] INFO  container.ReplicationManager (ReplicationManager.java:processAll(374)) - Replication Manager is not ready to run until 3000ms after safemode exit
2022-03-11 10:49:31,492 [IPC Server handler 6 on default port 38197] INFO  node.SCMNodeManager (SCMNodeManager.java:updateDatanodeOpState(485)) - Scheduling a command to update the operationalState persisted on ba75fcdf-ff67-476a-a5ef-de9b108b869e{ip: 10.1.0.4, host: fv-az184-17.3ow45vhwbzuu5incsxmygykede.cx.internal.cloudapp.net, ports: [REPLICATION=42699, RATIS=41971, RATIS_ADMIN=41971, RATIS_SERVER=41971, STANDALONE=42581], networkLocation: /default-rack, certSerialId: null, persistedOpState: null, persistedOpStateExpiryEpochSec: 0} as the reported value does not match the value stored in SCM (DECOMMISSIONING, 0)
2022-03-11 10:49:31,585 [EndpointStateMachine task thread for /0.0.0.0:34787 - 0 ] INFO  ozoneimpl.OzoneContainer (OzoneContainer.java:start(335)) - Attempting to start container services.
2022-03-11 10:49:31,585 [EndpointStateMachine task thread for /0.0.0.0:34787 - 0 ] INFO  ozoneimpl.OzoneContainer (OzoneContainer.java:startContainerScrub(270)) - Background container scanner has been disabled.
2022-03-11 10:49:31,589 [EndpointStateMachine task thread for /0.0.0.0:34787 - 0 ] INFO  replication.ReplicationServer (ReplicationServer.java:start(111)) - ReplicationServer is started using port 34781
2022-03-11 10:49:31,591 [EndpointStateMachine task thread for /0.0.0.0:34787 - 0 ] INFO  ratis.XceiverServerRatis (XceiverServerRatis.java:start(485)) - Starting XceiverServerRatis e8ecc9a4-fdb7-444b-927f-72a8ab104402
2022-03-11 10:49:31,594 [EndpointStateMachine task thread for /0.0.0.0:34787 - 0 ] INFO  server.RaftServer (RaftServerProxy.java:lambda$start$5(374)) - e8ecc9a4-fdb7-444b-927f-72a8ab104402: start RPC server
2022-03-11 10:49:31,594 [EndpointStateMachine task thread for /0.0.0.0:34787 - 0 ] INFO  server.GrpcService (GrpcService.java:startImpl(253)) - e8ecc9a4-fdb7-444b-927f-72a8ab104402: GrpcService started, listening on 44341
2022-03-11 10:49:31,594 [EndpointStateMachine task thread for /0.0.0.0:34787 - 0 ] INFO  ratis.XceiverServerRatis (XceiverServerRatis.java:getRealPort(506)) - XceiverServerRatis e8ecc9a4-fdb7-444b-927f-72a8ab104402 is started using port 44341 for RATIS
2022-03-11 10:49:31,595 [EndpointStateMachine task thread for /0.0.0.0:34787 - 0 ] INFO  ratis.XceiverServerRatis (XceiverServerRatis.java:getRealPort(506)) - XceiverServerRatis e8ecc9a4-fdb7-444b-927f-72a8ab104402 is started using port 44341 for RATIS_ADMIN
2022-03-11 10:49:31,595 [EndpointStateMachine task thread for /0.0.0.0:34787 - 0 ] INFO  ratis.XceiverServerRatis (XceiverServerRatis.java:getRealPort(506)) - XceiverServerRatis e8ecc9a4-fdb7-444b-927f-72a8ab104402 is started using port 44341 for RATIS_SERVER
2022-03-11 10:49:31,595 [org.apache.ratis.util.JvmPauseMonitor$$Lambda$540/1416199161@e16c9be] INFO  util.JvmPauseMonitor (JvmPauseMonitor.java:run(103)) - JvmPauseMonitor-e8ecc9a4-fdb7-444b-927f-72a8ab104402: Started
2022-03-11 10:49:31,596 [EndpointStateMachine task thread for /0.0.0.0:34787 - 0 ] INFO  server.XceiverServerGrpc (XceiverServerGrpc.java:start(180)) - XceiverServerGrpc e8ecc9a4-fdb7-444b-927f-72a8ab104402 is started using port 42321
2022-03-11 10:49:31,610 [DatanodeAdminManager-0] INFO  node.DatanodeAdminMonitorImpl (DatanodeAdminMonitorImpl.java:checkPipelinesClosedOnNode(279)) - Waiting for pipelines to close for ba75fcdf-ff67-476a-a5ef-de9b108b869e{ip: 10.1.0.4, host: fv-az184-17.3ow45vhwbzuu5incsxmygykede.cx.internal.cloudapp.net, ports: [REPLICATION=42699, RATIS=41971, RATIS_ADMIN=41971, RATIS_SERVER=41971, STANDALONE=42581], networkLocation: /default-rack, certSerialId: null, persistedOpState: IN_SERVICE, persistedOpStateExpiryEpochSec: 0}. There are 2 pipelines
2022-03-11 10:49:31,611 [DatanodeAdminManager-0] INFO  node.DatanodeAdminMonitorImpl (DatanodeAdminMonitorImpl.java:run(148)) - There are 1 nodes tracked for decommission and maintenance. 0 pending nodes.
2022-03-11 10:49:31,610 [EventQueue-StartAdminOnNodeForStartDatanodeAdminHandler] INFO  node.StartDatanodeAdminHandler (StartDatanodeAdminHandler.java:onMessage(56)) - Admin start on datanode ba75fcdf-ff67-476a-a5ef-de9b108b869e{ip: 10.1.0.4, host: fv-az184-17.3ow45vhwbzuu5incsxmygykede.cx.internal.cloudapp.net, ports: [REPLICATION=42699, RATIS=41971, RATIS_ADMIN=41971, RATIS_SERVER=41971, STANDALONE=42581], networkLocation: /default-rack, certSerialId: null, persistedOpState: IN_SERVICE, persistedOpStateExpiryEpochSec: 0}. Finalizing its pipelines [PipelineID=1fa5eb99-f4f0-4ee0-abc8-b46c76ac753e, PipelineID=2ce12bc1-5aa5-4127-9fe9-dcfdb9591962]
2022-03-11 10:49:31,615 [EventQueue-StartAdminOnNodeForStartDatanodeAdminHandler] INFO  pipeline.PipelineManagerImpl (PipelineManagerImpl.java:closeContainersForPipeline(344)) - Container #1 closed for pipeline=PipelineID=1fa5eb99-f4f0-4ee0-abc8-b46c76ac753e
2022-03-11 10:49:31,615 [EventQueue-CloseContainerForCloseContainerEventHandler] INFO  container.CloseContainerEventHandler (CloseContainerEventHandler.java:onMessage(69)) - Close container Event triggered for container : #1
2022-03-11 10:49:31,615 [EventQueue-StartAdminOnNodeForStartDatanodeAdminHandler] INFO  pipeline.PipelineManagerImpl (PipelineManagerImpl.java:closeContainersForPipeline(344)) - Container #2 closed for pipeline=PipelineID=1fa5eb99-f4f0-4ee0-abc8-b46c76ac753e
2022-03-11 10:49:31,616 [EventQueue-StartAdminOnNodeForStartDatanodeAdminHandler] INFO  pipeline.PipelineManagerImpl (PipelineManagerImpl.java:closeContainersForPipeline(344)) - Container #3 closed for pipeline=PipelineID=1fa5eb99-f4f0-4ee0-abc8-b46c76ac753e
2022-03-11 10:49:31,617 [EventQueue-StartAdminOnNodeForStartDatanodeAdminHandler] INFO  pipeline.PipelineManagerImpl (PipelineManagerImpl.java:closePipeline(365)) - Pipeline Pipeline[ Id: 1fa5eb99-f4f0-4ee0-abc8-b46c76ac753e, Nodes: f3aed214-ddd5-444c-98e8-173d17ff867b{ip: 10.1.0.4, host: fv-az184-17.3ow45vhwbzuu5incsxmygykede.cx.internal.cloudapp.net, ports: [REPLICATION=46489, RATIS=34925, RATIS_ADMIN=34925, RATIS_SERVER=34925, STANDALONE=43539], networkLocation: /default-rack, certSerialId: null, persistedOpState: IN_SERVICE, persistedOpStateExpiryEpochSec: 0}693b3978-b6c3-4afe-acf3-887a6d6ab502{ip: 10.1.0.4, host: fv-az184-17.3ow45vhwbzuu5incsxmygykede.cx.internal.cloudapp.net, ports: [REPLICATION=45673, RATIS=38697, RATIS_ADMIN=38697, RATIS_SERVER=38697, STANDALONE=45665], networkLocation: /default-rack, certSerialId: null, persistedOpState: IN_SERVICE, persistedOpStateExpiryEpochSec: 0}ba75fcdf-ff67-476a-a5ef-de9b108b869e{ip: 10.1.0.4, host: fv-az184-17.3ow45vhwbzuu5incsxmygykede.cx.internal.cloudapp.net, ports: [REPLICATION=42699, RATIS=41971, RATIS_ADMIN=41971, RATIS_SERVER=41971, STANDALONE=42581], networkLocation: /default-rack, certSerialId: null, persistedOpState: IN_SERVICE, persistedOpStateExpiryEpochSec: 0}, ReplicationConfig: RATIS/THREE, State:OPEN, leaderId:f3aed214-ddd5-444c-98e8-173d17ff867b, CreationTimestamp2022-03-11T10:49:19.360Z[Etc/UTC]] moved to CLOSED state
2022-03-11 10:49:31,617 [EventQueue-StartAdminOnNodeForStartDatanodeAdminHandler] INFO  pipeline.RatisPipelineProvider (RatisPipelineProvider.java:lambda$close$1(222)) - Send pipeline:PipelineID=1fa5eb99-f4f0-4ee0-abc8-b46c76ac753e close command to datanode f3aed214-ddd5-444c-98e8-173d17ff867b
2022-03-11 10:49:31,617 [EventQueue-StartAdminOnNodeForStartDatanodeAdminHandler] INFO  pipeline.RatisPipelineProvider (RatisPipelineProvider.java:lambda$close$1(222)) - Send pipeline:PipelineID=1fa5eb99-f4f0-4ee0-abc8-b46c76ac753e close command to datanode 693b3978-b6c3-4afe-acf3-887a6d6ab502
2022-03-11 10:49:31,617 [EventQueue-StartAdminOnNodeForStartDatanodeAdminHandler] INFO  pipeline.RatisPipelineProvider (RatisPipelineProvider.java:lambda$close$1(222)) - Send pipeline:PipelineID=1fa5eb99-f4f0-4ee0-abc8-b46c76ac753e close command to datanode ba75fcdf-ff67-476a-a5ef-de9b108b869e
2022-03-11 10:49:31,618 [EventQueue-StartAdminOnNodeForStartDatanodeAdminHandler] INFO  pipeline.PipelineStateManagerImpl (PipelineStateManagerImpl.java:removePipeline(223)) - Pipeline Pipeline[ Id: 1fa5eb99-f4f0-4ee0-abc8-b46c76ac753e, Nodes: f3aed214-ddd5-444c-98e8-173d17ff867b{ip: 10.1.0.4, host: fv-az184-17.3ow45vhwbzuu5incsxmygykede.cx.internal.cloudapp.net, ports: [REPLICATION=46489, RATIS=34925, RATIS_ADMIN=34925, RATIS_SERVER=34925, STANDALONE=43539], networkLocation: /default-rack, certSerialId: null, persistedOpState: IN_SERVICE, persistedOpStateExpiryEpochSec: 0}693b3978-b6c3-4afe-acf3-887a6d6ab502{ip: 10.1.0.4, host: fv-az184-17.3ow45vhwbzuu5incsxmygykede.cx.internal.cloudapp.net, ports: [REPLICATION=45673, RATIS=38697, RATIS_ADMIN=38697, RATIS_SERVER=38697, STANDALONE=45665], networkLocation: /default-rack, certSerialId: null, persistedOpState: IN_SERVICE, persistedOpStateExpiryEpochSec: 0}ba75fcdf-ff67-476a-a5ef-de9b108b869e{ip: 10.1.0.4, host: fv-az184-17.3ow45vhwbzuu5incsxmygykede.cx.internal.cloudapp.net, ports: [REPLICATION=42699, RATIS=41971, RATIS_ADMIN=41971, RATIS_SERVER=41971, STANDALONE=42581], networkLocation: /default-rack, certSerialId: null, persistedOpState: IN_SERVICE, persistedOpStateExpiryEpochSec: 0}, ReplicationConfig: RATIS/THREE, State:CLOSED, leaderId:f3aed214-ddd5-444c-98e8-173d17ff867b, CreationTimestamp2022-03-11T10:49:19.360Z[Etc/UTC]] removed.
2022-03-11 10:49:31,619 [EventQueue-StartAdminOnNodeForStartDatanodeAdminHandler] INFO  pipeline.PipelineManagerImpl (PipelineManagerImpl.java:closePipeline(365)) - Pipeline Pipeline[ Id: 2ce12bc1-5aa5-4127-9fe9-dcfdb9591962, Nodes: ba75fcdf-ff67-476a-a5ef-de9b108b869e{ip: 10.1.0.4, host: fv-az184-17.3ow45vhwbzuu5incsxmygykede.cx.internal.cloudapp.net, ports: [REPLICATION=42699, RATIS=41971, RATIS_ADMIN=41971, RATIS_SERVER=41971, STANDALONE=42581], networkLocation: /default-rack, certSerialId: null, persistedOpState: IN_SERVICE, persistedOpStateExpiryEpochSec: 0}, ReplicationConfig: RATIS/ONE, State:OPEN, leaderId:ba75fcdf-ff67-476a-a5ef-de9b108b869e, CreationTimestamp2022-03-11T10:49:19Z[Etc/UTC]] moved to CLOSED state
2022-03-11 10:49:31,619 [EventQueue-StartAdminOnNodeForStartDatanodeAdminHandler] INFO  pipeline.RatisPipelineProvider (RatisPipelineProvider.java:lambda$close$1(222)) - Send pipeline:PipelineID=2ce12bc1-5aa5-4127-9fe9-dcfdb9591962 close command to datanode ba75fcdf-ff67-476a-a5ef-de9b108b869e
2022-03-11 10:49:31,619 [EventQueue-StartAdminOnNodeForStartDatanodeAdminHandler] INFO  pipeline.PipelineStateManagerImpl (PipelineStateManagerImpl.java:removePipeline(223)) - Pipeline Pipeline[ Id: 2ce12bc1-5aa5-4127-9fe9-dcfdb9591962, Nodes: ba75fcdf-ff67-476a-a5ef-de9b108b869e{ip: 10.1.0.4, host: fv-az184-17.3ow45vhwbzuu5incsxmygykede.cx.internal.cloudapp.net, ports: [REPLICATION=42699, RATIS=41971, RATIS_ADMIN=41971, RATIS_SERVER=41971, STANDALONE=42581], networkLocation: /default-rack, certSerialId: null, persistedOpState: IN_SERVICE, persistedOpStateExpiryEpochSec: 0}, ReplicationConfig: RATIS/ONE, State:CLOSED, leaderId:ba75fcdf-ff67-476a-a5ef-de9b108b869e, CreationTimestamp2022-03-11T10:49:19Z[Etc/UTC]] removed.
2022-03-11 10:49:31,621 [EventQueue-CloseContainerForCloseContainerEventHandler] INFO  container.CloseContainerEventHandler (CloseContainerEventHandler.java:onMessage(69)) - Close container Event triggered for container : #2
2022-03-11 10:49:31,621 [EventQueue-CloseContainerForCloseContainerEventHandler] INFO  container.CloseContainerEventHandler (CloseContainerEventHandler.java:onMessage(69)) - Close container Event triggered for container : #3
2022-03-11 10:49:31,678 [ReplicationMonitor] INFO  container.ReplicationManager (ReplicationManager.java:sendCloseCommand(1540)) - Sending close container command for container #1 to datanode ba75fcdf-ff67-476a-a5ef-de9b108b869e{ip: 10.1.0.4, host: fv-az184-17.3ow45vhwbzuu5incsxmygykede.cx.internal.cloudapp.net, ports: [REPLICATION=42699, RATIS=41971, RATIS_ADMIN=41971, RATIS_SERVER=41971, STANDALONE=42581], networkLocation: /default-rack, certSerialId: null, persistedOpState: IN_SERVICE, persistedOpStateExpiryEpochSec: 0}.
2022-03-11 10:49:31,680 [ReplicationMonitor] INFO  container.ReplicationManager (ReplicationManager.java:sendCloseCommand(1540)) - Sending close container command for container #1 to datanode 693b3978-b6c3-4afe-acf3-887a6d6ab502{ip: 10.1.0.4, host: fv-az184-17.3ow45vhwbzuu5incsxmygykede.cx.internal.cloudapp.net, ports: [REPLICATION=45673, RATIS=38697, RATIS_ADMIN=38697, RATIS_SERVER=38697, STANDALONE=45665], networkLocation: /default-rack, certSerialId: null, persistedOpState: IN_SERVICE, persistedOpStateExpiryEpochSec: 0}.
2022-03-11 10:49:31,680 [ReplicationMonitor] INFO  container.ReplicationManager (ReplicationManager.java:sendCloseCommand(1540)) - Sending close container command for container #1 to datanode f3aed214-ddd5-444c-98e8-173d17ff867b{ip: 10.1.0.4, host: fv-az184-17.3ow45vhwbzuu5incsxmygykede.cx.internal.cloudapp.net, ports: [REPLICATION=46489, RATIS=34925, RATIS_ADMIN=34925, RATIS_SERVER=34925, STANDALONE=43539], networkLocation: /default-rack, certSerialId: null, persistedOpState: IN_SERVICE, persistedOpStateExpiryEpochSec: 0}.
2022-03-11 10:49:31,680 [ReplicationMonitor] INFO  container.ReplicationManager (ReplicationManager.java:sendCloseCommand(1540)) - Sending close container command for container #2 to datanode f3aed214-ddd5-444c-98e8-173d17ff867b{ip: 10.1.0.4, host: fv-az184-17.3ow45vhwbzuu5incsxmygykede.cx.internal.cloudapp.net, ports: [REPLICATION=46489, RATIS=34925, RATIS_ADMIN=34925, RATIS_SERVER=34925, STANDALONE=43539], networkLocation: /default-rack, certSerialId: null, persistedOpState: IN_SERVICE, persistedOpStateExpiryEpochSec: 0}.
2022-03-11 10:49:31,680 [ReplicationMonitor] INFO  container.ReplicationManager (ReplicationManager.java:sendCloseCommand(1540)) - Sending close container command for container #2 to datanode ba75fcdf-ff67-476a-a5ef-de9b108b869e{ip: 10.1.0.4, host: fv-az184-17.3ow45vhwbzuu5incsxmygykede.cx.internal.cloudapp.net, ports: [REPLICATION=42699, RATIS=41971, RATIS_ADMIN=41971, RATIS_SERVER=41971, STANDALONE=42581], networkLocation: /default-rack, certSerialId: null, persistedOpState: IN_SERVICE, persistedOpStateExpiryEpochSec: 0}.
2022-03-11 10:49:31,680 [ReplicationMonitor] INFO  container.ReplicationManager (ReplicationManager.java:sendCloseCommand(1540)) - Sending close container command for container #2 to datanode 693b3978-b6c3-4afe-acf3-887a6d6ab502{ip: 10.1.0.4, host: fv-az184-17.3ow45vhwbzuu5incsxmygykede.cx.internal.cloudapp.net, ports: [REPLICATION=45673, RATIS=38697, RATIS_ADMIN=38697, RATIS_SERVER=38697, STANDALONE=45665], networkLocation: /default-rack, certSerialId: null, persistedOpState: IN_SERVICE, persistedOpStateExpiryEpochSec: 0}.
2022-03-11 10:49:31,680 [ReplicationMonitor] INFO  container.ReplicationManager (ReplicationManager.java:sendCloseCommand(1540)) - Sending close container command for container #3 to datanode 693b3978-b6c3-4afe-acf3-887a6d6ab502{ip: 10.1.0.4, host: fv-az184-17.3ow45vhwbzuu5incsxmygykede.cx.internal.cloudapp.net, ports: [REPLICATION=45673, RATIS=38697, RATIS_ADMIN=38697, RATIS_SERVER=38697, STANDALONE=45665], networkLocation: /default-rack, certSerialId: null, persistedOpState: IN_SERVICE, persistedOpStateExpiryEpochSec: 0}.
2022-03-11 10:49:31,680 [ReplicationMonitor] INFO  container.ReplicationManager (ReplicationManager.java:sendCloseCommand(1540)) - Sending close container command for container #3 to datanode f3aed214-ddd5-444c-98e8-173d17ff867b{ip: 10.1.0.4, host: fv-az184-17.3ow45vhwbzuu5incsxmygykede.cx.internal.cloudapp.net, ports: [REPLICATION=46489, RATIS=34925, RATIS_ADMIN=34925, RATIS_SERVER=34925, STANDALONE=43539], networkLocation: /default-rack, certSerialId: null, persistedOpState: IN_SERVICE, persistedOpStateExpiryEpochSec: 0}.
2022-03-11 10:49:31,680 [ReplicationMonitor] INFO  container.ReplicationManager (ReplicationManager.java:sendCloseCommand(1540)) - Sending close container command for container #3 to datanode ba75fcdf-ff67-476a-a5ef-de9b108b869e{ip: 10.1.0.4, host: fv-az184-17.3ow45vhwbzuu5incsxmygykede.cx.internal.cloudapp.net, ports: [REPLICATION=42699, RATIS=41971, RATIS_ADMIN=41971, RATIS_SERVER=41971, STANDALONE=42581], networkLocation: /default-rack, certSerialId: null, persistedOpState: IN_SERVICE, persistedOpStateExpiryEpochSec: 0}.
2022-03-11 10:49:31,680 [ReplicationMonitor] INFO  container.ReplicationManager (ReplicationManager.java:processAll(387)) - Replication Monitor Thread took 3 milliseconds for processing 3 containers.
2022-03-11 10:49:31,837 [Listener at 127.0.0.1/32795] INFO  ozone.MiniOzoneClusterImpl (MiniOzoneClusterImpl.java:lambda$waitForClusterToBeReady$0(219)) - Waiting for nodes to be ready. Got 0 of 6 DN Heartbeats.
2022-03-11 10:49:31,841 [Listener at 127.0.0.1/32795] INFO  ozone.MiniOzoneClusterImpl (MiniOzoneClusterImpl.java:lambda$waitForClusterToBeReady$0(222)) - Waiting for cluster to exit safe mode
2022-03-11 10:49:31,841 [Listener at 127.0.0.1/32795] INFO  ozone.MiniOzoneClusterImpl (MiniOzoneClusterImpl.java:lambda$waitForClusterToBeReady$0(224)) - SCM became leader
2022-03-11 10:49:32,017 [EndpointStateMachine task thread for /0.0.0.0:34787 - 0 ] INFO  ozoneimpl.OzoneContainer (OzoneContainer.java:start(335)) - Attempting to start container services.
2022-03-11 10:49:32,017 [EndpointStateMachine task thread for /0.0.0.0:34787 - 0 ] INFO  ozoneimpl.OzoneContainer (OzoneContainer.java:startContainerScrub(270)) - Background container scanner has been disabled.
2022-03-11 10:49:32,018 [EndpointStateMachine task thread for /0.0.0.0:34787 - 0 ] INFO  replication.ReplicationServer (ReplicationServer.java:start(111)) - ReplicationServer is started using port 38531
2022-03-11 10:49:32,020 [EndpointStateMachine task thread for /0.0.0.0:34787 - 0 ] INFO  ratis.XceiverServerRatis (XceiverServerRatis.java:start(485)) - Starting XceiverServerRatis 7d731325-8a9a-4339-8945-d516f5c771ba
2022-03-11 10:49:32,025 [EndpointStateMachine task thread for /0.0.0.0:34787 - 0 ] INFO  server.RaftServer (RaftServerProxy.java:lambda$start$5(374)) - 7d731325-8a9a-4339-8945-d516f5c771ba: start RPC server
2022-03-11 10:49:32,026 [EndpointStateMachine task thread for /0.0.0.0:34787 - 0 ] INFO  server.GrpcService (GrpcService.java:startImpl(253)) - 7d731325-8a9a-4339-8945-d516f5c771ba: GrpcService started, listening on 40061
2022-03-11 10:49:32,027 [EndpointStateMachine task thread for /0.0.0.0:34787 - 0 ] INFO  ratis.XceiverServerRatis (XceiverServerRatis.java:getRealPort(506)) - XceiverServerRatis 7d731325-8a9a-4339-8945-d516f5c771ba is started using port 40061 for RATIS
2022-03-11 10:49:32,027 [EndpointStateMachine task thread for /0.0.0.0:34787 - 0 ] INFO  ratis.XceiverServerRatis (XceiverServerRatis.java:getRealPort(506)) - XceiverServerRatis 7d731325-8a9a-4339-8945-d516f5c771ba is started using port 40061 for RATIS_ADMIN
2022-03-11 10:49:32,027 [EndpointStateMachine task thread for /0.0.0.0:34787 - 0 ] INFO  ratis.XceiverServerRatis (XceiverServerRatis.java:getRealPort(506)) - XceiverServerRatis 7d731325-8a9a-4339-8945-d516f5c771ba is started using port 40061 for RATIS_SERVER
2022-03-11 10:49:32,027 [EndpointStateMachine task thread for /0.0.0.0:34787 - 0 ] INFO  server.XceiverServerGrpc (XceiverServerGrpc.java:start(180)) - XceiverServerGrpc 7d731325-8a9a-4339-8945-d516f5c771ba is started using port 43627
2022-03-11 10:49:32,030 [org.apache.ratis.util.JvmPauseMonitor$$Lambda$540/1416199161@72e76ce5] INFO  util.JvmPauseMonitor (JvmPauseMonitor.java:run(103)) - JvmPauseMonitor-7d731325-8a9a-4339-8945-d516f5c771ba: Started
2022-03-11 10:49:32,357 [ReplicationMonitor] INFO  container.ReplicationManager (ReplicationManager.java:processAll(374)) - Replication Manager is not ready to run until 3000ms after safemode exit
2022-03-11 10:49:32,493 [EventQueue-PipelineReportForPipelineReportHandler] INFO  pipeline.PipelineReportHandler (PipelineReportHandler.java:processPipelineReport(113)) - Reported pipeline PipelineID=1fa5eb99-f4f0-4ee0-abc8-b46c76ac753e is not found
2022-03-11 10:49:32,493 [EventQueue-PipelineReportForPipelineReportHandler] INFO  pipeline.PipelineReportHandler (PipelineReportHandler.java:processPipelineReport(113)) - Reported pipeline PipelineID=2ce12bc1-5aa5-4127-9fe9-dcfdb9591962 is not found
2022-03-11 10:49:32,504 [EndpointStateMachine task thread for /0.0.0.0:34787 - 0 ] INFO  ozoneimpl.OzoneContainer (OzoneContainer.java:start(335)) - Attempting to start container services.
2022-03-11 10:49:32,504 [EndpointStateMachine task thread for /0.0.0.0:34787 - 0 ] INFO  ozoneimpl.OzoneContainer (OzoneContainer.java:startContainerScrub(270)) - Background container scanner has been disabled.
2022-03-11 10:49:32,505 [EndpointStateMachine task thread for /0.0.0.0:34787 - 0 ] INFO  replication.ReplicationServer (ReplicationServer.java:start(111)) - ReplicationServer is started using port 43693
2022-03-11 10:49:32,507 [EndpointStateMachine task thread for /0.0.0.0:34787 - 0 ] INFO  ratis.XceiverServerRatis (XceiverServerRatis.java:start(485)) - Starting XceiverServerRatis f8dfa1df-1adf-42a0-846b-31040712e3d8
2022-03-11 10:49:32,511 [EndpointStateMachine task thread for /0.0.0.0:34787 - 0 ] INFO  server.RaftServer (RaftServerProxy.java:lambda$start$5(374)) - f8dfa1df-1adf-42a0-846b-31040712e3d8: start RPC server
2022-03-11 10:49:32,514 [EndpointStateMachine task thread for /0.0.0.0:34787 - 0 ] INFO  server.GrpcService (GrpcService.java:startImpl(253)) - f8dfa1df-1adf-42a0-846b-31040712e3d8: GrpcService started, listening on 44285
2022-03-11 10:49:32,514 [EndpointStateMachine task thread for /0.0.0.0:34787 - 0 ] INFO  ratis.XceiverServerRatis (XceiverServerRatis.java:getRealPort(506)) - XceiverServerRatis f8dfa1df-1adf-42a0-846b-31040712e3d8 is started using port 44285 for RATIS
2022-03-11 10:49:32,514 [EndpointStateMachine task thread for /0.0.0.0:34787 - 0 ] INFO  ratis.XceiverServerRatis (XceiverServerRatis.java:getRealPort(506)) - XceiverServerRatis f8dfa1df-1adf-42a0-846b-31040712e3d8 is started using port 44285 for RATIS_ADMIN
2022-03-11 10:49:32,514 [EndpointStateMachine task thread for /0.0.0.0:34787 - 0 ] INFO  ratis.XceiverServerRatis (XceiverServerRatis.java:getRealPort(506)) - XceiverServerRatis f8dfa1df-1adf-42a0-846b-31040712e3d8 is started using port 44285 for RATIS_SERVER
2022-03-11 10:49:32,514 [EventQueue-PipelineReportForPipelineReportHandler] INFO  pipeline.PipelineReportHandler (PipelineReportHandler.java:processPipelineReport(113)) - Reported pipeline PipelineID=1fa5eb99-f4f0-4ee0-abc8-b46c76ac753e is not found
2022-03-11 10:49:32,514 [org.apache.ratis.util.JvmPauseMonitor$$Lambda$540/1416199161@5455396e] INFO  util.JvmPauseMonitor (JvmPauseMonitor.java:run(103)) - JvmPauseMonitor-f8dfa1df-1adf-42a0-846b-31040712e3d8: Started
2022-03-11 10:49:32,515 [EndpointStateMachine task thread for /0.0.0.0:34787 - 0 ] INFO  server.XceiverServerGrpc (XceiverServerGrpc.java:start(180)) - XceiverServerGrpc f8dfa1df-1adf-42a0-846b-31040712e3d8 is started using port 42375
2022-03-11 10:49:32,613 [IPC Server handler 1 on default port 34787] INFO  net.NetworkTopologyImpl (NetworkTopologyImpl.java:add(112)) - Added a new node: /default-rack/d142598b-b2fe-46f0-ba0a-461746a4d443
2022-03-11 10:49:32,613 [IPC Server handler 1 on default port 34787] INFO  node.SCMNodeManager (SCMNodeManager.java:register(391)) - Registered Data node : d142598b-b2fe-46f0-ba0a-461746a4d443{ip: 10.1.0.4, host: fv-az184-17.3ow45vhwbzuu5incsxmygykede.cx.internal.cloudapp.net, ports: [REPLICATION=34095, RATIS=34883, RATIS_ADMIN=34883, RATIS_SERVER=34883, STANDALONE=36027], networkLocation: /default-rack, certSerialId: null, persistedOpState: null, persistedOpStateExpiryEpochSec: 0}
2022-03-11 10:49:32,616 [DatanodeAdminManager-0] INFO  node.DatanodeAdminMonitorImpl (DatanodeAdminMonitorImpl.java:checkContainersReplicatedOnNode(306)) - Under Replicated Container #1 Container State: CLOSING Replica Count: 3 Healthy Count: 2 Decommission Count: 1 Maintenance Count: 0 inFlightAdd Count: 0 inFightDel Count: 0 ReplicationFactor: 3 minMaintenance Count: 2; Replicas{ContainerReplica{containerID=#1, state=OPEN, datanodeDetails=ba75fcdf-ff67-476a-a5ef-de9b108b869e{ip: 10.1.0.4, host: fv-az184-17.3ow45vhwbzuu5incsxmygykede.cx.internal.cloudapp.net, ports: [REPLICATION=42699, RATIS=41971, RATIS_ADMIN=41971, RATIS_SERVER=41971, STANDALONE=42581], networkLocation: /default-rack, certSerialId: null, persistedOpState: DECOMMISSIONING, persistedOpStateExpiryEpochSec: 0}, placeOfBirth=ba75fcdf-ff67-476a-a5ef-de9b108b869e, sequenceId=74, keyCount=7, bytesUsed=133},ContainerReplica{containerID=#1, state=OPEN, datanodeDetails=693b3978-b6c3-4afe-acf3-887a6d6ab502{ip: 10.1.0.4, host: fv-az184-17.3ow45vhwbzuu5incsxmygykede.cx.internal.cloudapp.net, ports: [REPLICATION=45673, RATIS=38697, RATIS_ADMIN=38697, RATIS_SERVER=38697, STANDALONE=45665], networkLocation: /default-rack, certSerialId: null, persistedOpState: IN_SERVICE, persistedOpStateExpiryEpochSec: 0}, placeOfBirth=693b3978-b6c3-4afe-acf3-887a6d6ab502, sequenceId=74, keyCount=7, bytesUsed=133},ContainerReplica{containerID=#1, state=OPEN, datanodeDetails=f3aed214-ddd5-444c-98e8-173d17ff867b{ip: 10.1.0.4, host: fv-az184-17.3ow45vhwbzuu5incsxmygykede.cx.internal.cloudapp.net, ports: [REPLICATION=46489, RATIS=34925, RATIS_ADMIN=34925, RATIS_SERVER=34925, STANDALONE=43539], networkLocation: /default-rack, certSerialId: null, persistedOpState: IN_SERVICE, persistedOpStateExpiryEpochSec: 0}, placeOfBirth=f3aed214-ddd5-444c-98e8-173d17ff867b, sequenceId=74, keyCount=7, bytesUsed=133}}
2022-03-11 10:49:32,616 [DatanodeAdminManager-0] INFO  node.DatanodeAdminMonitorImpl (DatanodeAdminMonitorImpl.java:checkContainersReplicatedOnNode(317)) - Unhealthy Container #1 Container State: CLOSING Replica Count: 3 Healthy Count: 2 Decommission Count: 1 Maintenance Count: 0 inFlightAdd Count: 0 inFightDel Count: 0 ReplicationFactor: 3 minMaintenance Count: 2; Replicas{ContainerReplica{containerID=#1, state=OPEN, datanodeDetails=ba75fcdf-ff67-476a-a5ef-de9b108b869e{ip: 10.1.0.4, host: fv-az184-17.3ow45vhwbzuu5incsxmygykede.cx.internal.cloudapp.net, ports: [REPLICATION=42699, RATIS=41971, RATIS_ADMIN=41971, RATIS_SERVER=41971, STANDALONE=42581], networkLocation: /default-rack, certSerialId: null, persistedOpState: DECOMMISSIONING, persistedOpStateExpiryEpochSec: 0}, placeOfBirth=ba75fcdf-ff67-476a-a5ef-de9b108b869e, sequenceId=74, keyCount=7, bytesUsed=133},ContainerReplica{containerID=#1, state=OPEN, datanodeDetails=693b3978-b6c3-4afe-acf3-887a6d6ab502{ip: 10.1.0.4, host: fv-az184-17.3ow45vhwbzuu5incsxmygykede.cx.internal.cloudapp.net, ports: [REPLICATION=45673, RATIS=38697, RATIS_ADMIN=38697, RATIS_SERVER=38697, STANDALONE=45665], networkLocation: /default-rack, certSerialId: null, persistedOpState: IN_SERVICE, persistedOpStateExpiryEpochSec: 0}, placeOfBirth=693b3978-b6c3-4afe-acf3-887a6d6ab502, sequenceId=74, keyCount=7, bytesUsed=133},ContainerReplica{containerID=#1, state=OPEN, datanodeDetails=f3aed214-ddd5-444c-98e8-173d17ff867b{ip: 10.1.0.4, host: fv-az184-17.3ow45vhwbzuu5incsxmygykede.cx.internal.cloudapp.net, ports: [REPLICATION=46489, RATIS=34925, RATIS_ADMIN=34925, RATIS_SERVER=34925, STANDALONE=43539], networkLocation: /default-rack, certSerialId: null, persistedOpState: IN_SERVICE, persistedOpStateExpiryEpochSec: 0}, placeOfBirth=f3aed214-ddd5-444c-98e8-173d17ff867b, sequenceId=74, keyCount=7, bytesUsed=133}}
2022-03-11 10:49:32,616 [EventQueue-NodeRegistrationContainerReportForDataNodeSafeModeRule] INFO  safemode.SCMSafeModeManager (DataNodeSafeModeRule.java:process(71)) - SCM in safe mode. 1 DataNodes registered, 3 required.
2022-03-11 10:49:32,619 [EventQueue-NewNodeForNewNodeHandler] INFO  pipeline.BackgroundPipelineCreator (BackgroundPipelineCreator.java:notifyEventTriggered(285)) - trigger a one-shot run on RatisPipelineUtilsThread.
2022-03-11 10:49:32,616 [EventQueue-NodeRegistrationContainerReportForContainerSafeModeRule] INFO  safemode.SCMSafeModeManager (SCMSafeModeManager.java:validateSafeModeExitRules(204)) - ContainerSafeModeRule rule is successfully validated
2022-03-11 10:49:32,620 [RatisPipelineUtilsThread - 0] INFO  pipeline.RatisPipelineProvider (RatisPipelineProvider.java:lambda$create$0(183)) - Sending CreatePipelineCommand for pipeline:PipelineID=108c6caa-2be3-4c2c-8fed-040143042d9c to datanode:d142598b-b2fe-46f0-ba0a-461746a4d443
2022-03-11 10:49:32,616 [DatanodeAdminManager-0] INFO  node.DatanodeAdminMonitorImpl (DatanodeAdminMonitorImpl.java:checkContainersReplicatedOnNode(306)) - Under Replicated Container #2 Container State: CLOSING Replica Count: 3 Healthy Count: 2 Decommission Count: 1 Maintenance Count: 0 inFlightAdd Count: 0 inFightDel Count: 0 ReplicationFactor: 3 minMaintenance Count: 2; Replicas{ContainerReplica{containerID=#2, state=OPEN, datanodeDetails=f3aed214-ddd5-444c-98e8-173d17ff867b{ip: 10.1.0.4, host: fv-az184-17.3ow45vhwbzuu5incsxmygykede.cx.internal.cloudapp.net, ports: [REPLICATION=46489, RATIS=34925, RATIS_ADMIN=34925, RATIS_SERVER=34925, STANDALONE=43539], networkLocation: /default-rack, certSerialId: null, persistedOpState: IN_SERVICE, persistedOpStateExpiryEpochSec: 0}, placeOfBirth=f3aed214-ddd5-444c-98e8-173d17ff867b, sequenceId=78, keyCount=7, bytesUsed=133},ContainerReplica{containerID=#2, state=OPEN, datanodeDetails=ba75fcdf-ff67-476a-a5ef-de9b108b869e{ip: 10.1.0.4, host: fv-az184-17.3ow45vhwbzuu5incsxmygykede.cx.internal.cloudapp.net, ports: [REPLICATION=42699, RATIS=41971, RATIS_ADMIN=41971, RATIS_SERVER=41971, STANDALONE=42581], networkLocation: /default-rack, certSerialId: null, persistedOpState: DECOMMISSIONING, persistedOpStateExpiryEpochSec: 0}, placeOfBirth=ba75fcdf-ff67-476a-a5ef-de9b108b869e, sequenceId=78, keyCount=7, bytesUsed=133},ContainerReplica{containerID=#2, state=OPEN, datanodeDetails=693b3978-b6c3-4afe-acf3-887a6d6ab502{ip: 10.1.0.4, host: fv-az184-17.3ow45vhwbzuu5incsxmygykede.cx.internal.cloudapp.net, ports: [REPLICATION=45673, RATIS=38697, RATIS_ADMIN=38697, RATIS_SERVER=38697, STANDALONE=45665], networkLocation: /default-rack, certSerialId: null, persistedOpState: IN_SERVICE, persistedOpStateExpiryEpochSec: 0}, placeOfBirth=693b3978-b6c3-4afe-acf3-887a6d6ab502, sequenceId=78, keyCount=7, bytesUsed=133}}
2022-03-11 10:49:32,621 [DatanodeAdminManager-0] INFO  node.DatanodeAdminMonitorImpl (DatanodeAdminMonitorImpl.java:checkContainersReplicatedOnNode(317)) - Unhealthy Container #2 Container State: CLOSING Replica Count: 3 Healthy Count: 2 Decommission Count: 1 Maintenance Count: 0 inFlightAdd Count: 0 inFightDel Count: 0 ReplicationFactor: 3 minMaintenance Count: 2; Replicas{ContainerReplica{containerID=#2, state=OPEN, datanodeDetails=f3aed214-ddd5-444c-98e8-173d17ff867b{ip: 10.1.0.4, host: fv-az184-17.3ow45vhwbzuu5incsxmygykede.cx.internal.cloudapp.net, ports: [REPLICATION=46489, RATIS=34925, RATIS_ADMIN=34925, RATIS_SERVER=34925, STANDALONE=43539], networkLocation: /default-rack, certSerialId: null, persistedOpState: IN_SERVICE, persistedOpStateExpiryEpochSec: 0}, placeOfBirth=f3aed214-ddd5-444c-98e8-173d17ff867b, sequenceId=78, keyCount=7, bytesUsed=133},ContainerReplica{containerID=#2, state=OPEN, datanodeDetails=ba75fcdf-ff67-476a-a5ef-de9b108b869e{ip: 10.1.0.4, host: fv-az184-17.3ow45vhwbzuu5incsxmygykede.cx.internal.cloudapp.net, ports: [REPLICATION=42699, RATIS=41971, RATIS_ADMIN=41971, RATIS_SERVER=41971, STANDALONE=42581], networkLocation: /default-rack, certSerialId: null, persistedOpState: DECOMMISSIONING, persistedOpStateExpiryEpochSec: 0}, placeOfBirth=ba75fcdf-ff67-476a-a5ef-de9b108b869e, sequenceId=78, keyCount=7, bytesUsed=133},ContainerReplica{containerID=#2, state=OPEN, datanodeDetails=693b3978-b6c3-4afe-acf3-887a6d6ab502{ip: 10.1.0.4, host: fv-az184-17.3ow45vhwbzuu5incsxmygykede.cx.internal.cloudapp.net, ports: [REPLICATION=45673, RATIS=38697, RATIS_ADMIN=38697, RATIS_SERVER=38697, STANDALONE=45665], networkLocation: /default-rack, certSerialId: null, persistedOpState: IN_SERVICE, persistedOpStateExpiryEpochSec: 0}, placeOfBirth=693b3978-b6c3-4afe-acf3-887a6d6ab502, sequenceId=78, keyCount=7, bytesUsed=133}}
2022-03-11 10:49:32,621 [RatisPipelineUtilsThread - 0] INFO  pipeline.PipelineStateManagerImpl (PipelineStateManagerImpl.java:addPipeline(101)) - Created pipeline Pipeline[ Id: 108c6caa-2be3-4c2c-8fed-040143042d9c, Nodes: d142598b-b2fe-46f0-ba0a-461746a4d443{ip: 10.1.0.4, host: fv-az184-17.3ow45vhwbzuu5incsxmygykede.cx.internal.cloudapp.net, ports: [REPLICATION=34095, RATIS=34883, RATIS_ADMIN=34883, RATIS_SERVER=34883, STANDALONE=36027], networkLocation: /default-rack, certSerialId: null, persistedOpState: IN_SERVICE, persistedOpStateExpiryEpochSec: 0}, ReplicationConfig: RATIS/ONE, State:ALLOCATED, leaderId:, CreationTimestamp2022-03-11T10:49:32.620Z[Etc/UTC]].
2022-03-11 10:49:32,624 [DatanodeAdminManager-0] INFO  node.DatanodeAdminMonitorImpl (DatanodeAdminMonitorImpl.java:checkContainersReplicatedOnNode(306)) - Under Replicated Container #3 Container State: CLOSING Replica Count: 3 Healthy Count: 2 Decommission Count: 1 Maintenance Count: 0 inFlightAdd Count: 0 inFightDel Count: 0 ReplicationFactor: 3 minMaintenance Count: 2; Replicas{ContainerReplica{containerID=#3, state=OPEN, datanodeDetails=693b3978-b6c3-4afe-acf3-887a6d6ab502{ip: 10.1.0.4, host: fv-az184-17.3ow45vhwbzuu5incsxmygykede.cx.internal.cloudapp.net, ports: [REPLICATION=45673, RATIS=38697, RATIS_ADMIN=38697, RATIS_SERVER=38697, STANDALONE=45665], networkLocation: /default-rack, certSerialId: null, persistedOpState: IN_SERVICE, persistedOpStateExpiryEpochSec: 0}, placeOfBirth=693b3978-b6c3-4afe-acf3-887a6d6ab502, sequenceId=71, keyCount=6, bytesUsed=114},ContainerReplica{containerID=#3, state=OPEN, datanodeDetails=f3aed214-ddd5-444c-98e8-173d17ff867b{ip: 10.1.0.4, host: fv-az184-17.3ow45vhwbzuu5incsxmygykede.cx.internal.cloudapp.net, ports: [REPLICATION=46489, RATIS=34925, RATIS_ADMIN=34925, RATIS_SERVER=34925, STANDALONE=43539], networkLocation: /default-rack, certSerialId: null, persistedOpState: IN_SERVICE, persistedOpStateExpiryEpochSec: 0}, placeOfBirth=f3aed214-ddd5-444c-98e8-173d17ff867b, sequenceId=71, keyCount=6, bytesUsed=114},ContainerReplica{containerID=#3, state=OPEN, datanodeDetails=ba75fcdf-ff67-476a-a5ef-de9b108b869e{ip: 10.1.0.4, host: fv-az184-17.3ow45vhwbzuu5incsxmygykede.cx.internal.cloudapp.net, ports: [REPLICATION=42699, RATIS=41971, RATIS_ADMIN=41971, RATIS_SERVER=41971, STANDALONE=42581], networkLocation: /default-rack, certSerialId: null, persistedOpState: DECOMMISSIONING, persistedOpStateExpiryEpochSec: 0}, placeOfBirth=ba75fcdf-ff67-476a-a5ef-de9b108b869e, sequenceId=71, keyCount=6, bytesUsed=114}}
2022-03-11 10:49:32,627 [DatanodeAdminManager-0] INFO  node.DatanodeAdminMonitorImpl (DatanodeAdminMonitorImpl.java:checkContainersReplicatedOnNode(317)) - Unhealthy Container #3 Container State: CLOSING Replica Count: 3 Healthy Count: 2 Decommission Count: 1 Maintenance Count: 0 inFlightAdd Count: 0 inFightDel Count: 0 ReplicationFactor: 3 minMaintenance Count: 2; Replicas{ContainerReplica{containerID=#3, state=OPEN, datanodeDetails=693b3978-b6c3-4afe-acf3-887a6d6ab502{ip: 10.1.0.4, host: fv-az184-17.3ow45vhwbzuu5incsxmygykede.cx.internal.cloudapp.net, ports: [REPLICATION=45673, RATIS=38697, RATIS_ADMIN=38697, RATIS_SERVER=38697, STANDALONE=45665], networkLocation: /default-rack, certSerialId: null, persistedOpState: IN_SERVICE, persistedOpStateExpiryEpochSec: 0}, placeOfBirth=693b3978-b6c3-4afe-acf3-887a6d6ab502, sequenceId=71, keyCount=6, bytesUsed=114},ContainerReplica{containerID=#3, state=OPEN, datanodeDetails=f3aed214-ddd5-444c-98e8-173d17ff867b{ip: 10.1.0.4, host: fv-az184-17.3ow45vhwbzuu5incsxmygykede.cx.internal.cloudapp.net, ports: [REPLICATION=46489, RATIS=34925, RATIS_ADMIN=34925, RATIS_SERVER=34925, STANDALONE=43539], networkLocation: /default-rack, certSerialId: null, persistedOpState: IN_SERVICE, persistedOpStateExpiryEpochSec: 0}, placeOfBirth=f3aed214-ddd5-444c-98e8-173d17ff867b, sequenceId=71, keyCount=6, bytesUsed=114},ContainerReplica{containerID=#3, state=OPEN, datanodeDetails=ba75fcdf-ff67-476a-a5ef-de9b108b869e{ip: 10.1.0.4, host: fv-az184-17.3ow45vhwbzuu5incsxmygykede.cx.internal.cloudapp.net, ports: [REPLICATION=42699, RATIS=41971, RATIS_ADMIN=41971, RATIS_SERVER=41971, STANDALONE=42581], networkLocation: /default-rack, certSerialId: null, persistedOpState: DECOMMISSIONING, persistedOpStateExpiryEpochSec: 0}, placeOfBirth=ba75fcdf-ff67-476a-a5ef-de9b108b869e, sequenceId=71, keyCount=6, bytesUsed=114}}
2022-03-11 10:49:32,627 [DatanodeAdminManager-0] INFO  node.DatanodeAdminMonitorImpl (DatanodeAdminMonitorImpl.java:checkContainersReplicatedOnNode(327)) - ba75fcdf-ff67-476a-a5ef-de9b108b869e{ip: 10.1.0.4, host: fv-az184-17.3ow45vhwbzuu5incsxmygykede.cx.internal.cloudapp.net, ports: [REPLICATION=42699, RATIS=41971, RATIS_ADMIN=41971, RATIS_SERVER=41971, STANDALONE=42581], networkLocation: /default-rack, certSerialId: null, persistedOpState: DECOMMISSIONING, persistedOpStateExpiryEpochSec: 0} has 0 sufficientlyReplicated, 3 underReplicated and 3 unhealthy containers
2022-03-11 10:49:32,627 [DatanodeAdminManager-0] INFO  node.DatanodeAdminMonitorImpl (DatanodeAdminMonitorImpl.java:run(148)) - There are 1 nodes tracked for decommission and maintenance. 0 pending nodes.
2022-03-11 10:49:32,627 [EventQueue-PipelineReportForOneReplicaPipelineSafeModeRule] INFO  safemode.SCMSafeModeManager (SCMSafeModeManager.java:validateSafeModeExitRules(204)) - AtleastOneDatanodeReportedRule rule is successfully validated
2022-03-11 10:49:32,681 [ReplicationMonitor] INFO  container.ReplicationManager (ReplicationManager.java:sendCloseCommand(1540)) - Sending close container command for container #1 to datanode ba75fcdf-ff67-476a-a5ef-de9b108b869e{ip: 10.1.0.4, host: fv-az184-17.3ow45vhwbzuu5incsxmygykede.cx.internal.cloudapp.net, ports: [REPLICATION=42699, RATIS=41971, RATIS_ADMIN=41971, RATIS_SERVER=41971, STANDALONE=42581], networkLocation: /default-rack, certSerialId: null, persistedOpState: DECOMMISSIONING, persistedOpStateExpiryEpochSec: 0}.
2022-03-11 10:49:32,681 [ReplicationMonitor] INFO  container.ReplicationManager (ReplicationManager.java:sendCloseCommand(1540)) - Sending close container command for container #1 to datanode 693b3978-b6c3-4afe-acf3-887a6d6ab502{ip: 10.1.0.4, host: fv-az184-17.3ow45vhwbzuu5incsxmygykede.cx.internal.cloudapp.net, ports: [REPLICATION=45673, RATIS=38697, RATIS_ADMIN=38697, RATIS_SERVER=38697, STANDALONE=45665], networkLocation: /default-rack, certSerialId: null, persistedOpState: IN_SERVICE, persistedOpStateExpiryEpochSec: 0}.
2022-03-11 10:49:32,681 [ReplicationMonitor] INFO  container.ReplicationManager (ReplicationManager.java:sendCloseCommand(1540)) - Sending close container command for container #1 to datanode f3aed214-ddd5-444c-98e8-173d17ff867b{ip: 10.1.0.4, host: fv-az184-17.3ow45vhwbzuu5incsxmygykede.cx.internal.cloudapp.net, ports: [REPLICATION=46489, RATIS=34925, RATIS_ADMIN=34925, RATIS_SERVER=34925, STANDALONE=43539], networkLocation: /default-rack, certSerialId: null, persistedOpState: IN_SERVICE, persistedOpStateExpiryEpochSec: 0}.
2022-03-11 10:49:32,681 [ReplicationMonitor] INFO  container.ReplicationManager (ReplicationManager.java:sendCloseCommand(1540)) - Sending close container command for container #2 to datanode f3aed214-ddd5-444c-98e8-173d17ff867b{ip: 10.1.0.4, host: fv-az184-17.3ow45vhwbzuu5incsxmygykede.cx.internal.cloudapp.net, ports: [REPLICATION=46489, RATIS=34925, RATIS_ADMIN=34925, RATIS_SERVER=34925, STANDALONE=43539], networkLocation: /default-rack, certSerialId: null, persistedOpState: IN_SERVICE, persistedOpStateExpiryEpochSec: 0}.
2022-03-11 10:49:32,681 [ReplicationMonitor] INFO  container.ReplicationManager (ReplicationManager.java:sendCloseCommand(1540)) - Sending close container command for container #2 to datanode ba75fcdf-ff67-476a-a5ef-de9b108b869e{ip: 10.1.0.4, host: fv-az184-17.3ow45vhwbzuu5incsxmygykede.cx.internal.cloudapp.net, ports: [REPLICATION=42699, RATIS=41971, RATIS_ADMIN=41971, RATIS_SERVER=41971, STANDALONE=42581], networkLocation: /default-rack, certSerialId: null, persistedOpState: DECOMMISSIONING, persistedOpStateExpiryEpochSec: 0}.
2022-03-11 10:49:32,681 [ReplicationMonitor] INFO  container.ReplicationManager (ReplicationManager.java:sendCloseCommand(1540)) - Sending close container command for container #2 to datanode 693b3978-b6c3-4afe-acf3-887a6d6ab502{ip: 10.1.0.4, host: fv-az184-17.3ow45vhwbzuu5incsxmygykede.cx.internal.cloudapp.net, ports: [REPLICATION=45673, RATIS=38697, RATIS_ADMIN=38697, RATIS_SERVER=38697, STANDALONE=45665], networkLocation: /default-rack, certSerialId: null, persistedOpState: IN_SERVICE, persistedOpStateExpiryEpochSec: 0}.
2022-03-11 10:49:32,681 [ReplicationMonitor] INFO  container.ReplicationManager (ReplicationManager.java:sendCloseCommand(1540)) - Sending close container command for container #3 to datanode 693b3978-b6c3-4afe-acf3-887a6d6ab502{ip: 10.1.0.4, host: fv-az184-17.3ow45vhwbzuu5incsxmygykede.cx.internal.cloudapp.net, ports: [REPLICATION=45673, RATIS=38697, RATIS_ADMIN=38697, RATIS_SERVER=38697, STANDALONE=45665], networkLocation: /default-rack, certSerialId: null, persistedOpState: IN_SERVICE, persistedOpStateExpiryEpochSec: 0}.
2022-03-11 10:49:32,681 [ReplicationMonitor] INFO  container.ReplicationManager (ReplicationManager.java:sendCloseCommand(1540)) - Sending close container command for container #3 to datanode f3aed214-ddd5-444c-98e8-173d17ff867b{ip: 10.1.0.4, host: fv-az184-17.3ow45vhwbzuu5incsxmygykede.cx.internal.cloudapp.net, ports: [REPLICATION=46489, RATIS=34925, RATIS_ADMIN=34925, RATIS_SERVER=34925, STANDALONE=43539], networkLocation: /default-rack, certSerialId: null, persistedOpState: IN_SERVICE, persistedOpStateExpiryEpochSec: 0}.
2022-03-11 10:49:32,681 [ReplicationMonitor] INFO  container.ReplicationManager (ReplicationManager.java:sendCloseCommand(1540)) - Sending close container command for container #3 to datanode ba75fcdf-ff67-476a-a5ef-de9b108b869e{ip: 10.1.0.4, host: fv-az184-17.3ow45vhwbzuu5incsxmygykede.cx.internal.cloudapp.net, ports: [REPLICATION=42699, RATIS=41971, RATIS_ADMIN=41971, RATIS_SERVER=41971, STANDALONE=42581], networkLocation: /default-rack, certSerialId: null, persistedOpState: DECOMMISSIONING, persistedOpStateExpiryEpochSec: 0}.
2022-03-11 10:49:32,681 [ReplicationMonitor] INFO  container.ReplicationManager (ReplicationManager.java:processAll(387)) - Replication Monitor Thread took 1 milliseconds for processing 3 containers.
2022-03-11 10:49:32,841 [Listener at 127.0.0.1/32795] INFO  ozone.MiniOzoneClusterImpl (MiniOzoneClusterImpl.java:lambda$waitForClusterToBeReady$0(219)) - Waiting for nodes to be ready. Got 1 of 6 DN Heartbeats.
2022-03-11 10:49:32,843 [Listener at 127.0.0.1/32795] INFO  ozone.MiniOzoneClusterImpl (MiniOzoneClusterImpl.java:lambda$waitForClusterToBeReady$0(222)) - Waiting for cluster to exit safe mode
2022-03-11 10:49:32,843 [Listener at 127.0.0.1/32795] INFO  ozone.MiniOzoneClusterImpl (MiniOzoneClusterImpl.java:lambda$waitForClusterToBeReady$0(224)) - SCM became leader
2022-03-11 10:49:32,853 [EndpointStateMachine task thread for /0.0.0.0:34787 - 0 ] INFO  ozoneimpl.OzoneContainer (OzoneContainer.java:start(335)) - Attempting to start container services.
2022-03-11 10:49:32,853 [EndpointStateMachine task thread for /0.0.0.0:34787 - 0 ] INFO  ozoneimpl.OzoneContainer (OzoneContainer.java:startContainerScrub(270)) - Background container scanner has been disabled.
2022-03-11 10:49:32,854 [EndpointStateMachine task thread for /0.0.0.0:34787 - 0 ] INFO  replication.ReplicationServer (ReplicationServer.java:start(111)) - ReplicationServer is started using port 38973
2022-03-11 10:49:32,855 [EndpointStateMachine task thread for /0.0.0.0:34787 - 0 ] INFO  ratis.XceiverServerRatis (XceiverServerRatis.java:start(485)) - Starting XceiverServerRatis 9f19d336-1974-497a-ae2d-7c3106a3707b
2022-03-11 10:49:32,859 [EndpointStateMachine task thread for /0.0.0.0:34787 - 0 ] INFO  server.RaftServer (RaftServerProxy.java:lambda$start$5(374)) - 9f19d336-1974-497a-ae2d-7c3106a3707b: start RPC server
2022-03-11 10:49:32,860 [EndpointStateMachine task thread for /0.0.0.0:34787 - 0 ] INFO  server.GrpcService (GrpcService.java:startImpl(253)) - 9f19d336-1974-497a-ae2d-7c3106a3707b: GrpcService started, listening on 42835
2022-03-11 10:49:32,860 [EndpointStateMachine task thread for /0.0.0.0:34787 - 0 ] INFO  ratis.XceiverServerRatis (XceiverServerRatis.java:getRealPort(506)) - XceiverServerRatis 9f19d336-1974-497a-ae2d-7c3106a3707b is started using port 42835 for RATIS
2022-03-11 10:49:32,860 [EndpointStateMachine task thread for /0.0.0.0:34787 - 0 ] INFO  ratis.XceiverServerRatis (XceiverServerRatis.java:getRealPort(506)) - XceiverServerRatis 9f19d336-1974-497a-ae2d-7c3106a3707b is started using port 42835 for RATIS_ADMIN
2022-03-11 10:49:32,860 [EndpointStateMachine task thread for /0.0.0.0:34787 - 0 ] INFO  ratis.XceiverServerRatis (XceiverServerRatis.java:getRealPort(506)) - XceiverServerRatis 9f19d336-1974-497a-ae2d-7c3106a3707b is started using port 42835 for RATIS_SERVER
2022-03-11 10:49:32,860 [org.apache.ratis.util.JvmPauseMonitor$$Lambda$540/1416199161@2431af62] INFO  util.JvmPauseMonitor (JvmPauseMonitor.java:run(103)) - JvmPauseMonitor-9f19d336-1974-497a-ae2d-7c3106a3707b: Started
2022-03-11 10:49:32,861 [EndpointStateMachine task thread for /0.0.0.0:34787 - 0 ] INFO  server.XceiverServerGrpc (XceiverServerGrpc.java:start(180)) - XceiverServerGrpc 9f19d336-1974-497a-ae2d-7c3106a3707b is started using port 46211
2022-03-11 10:49:32,928 [5fc3a91c-8c24-4005-b122-68420aedc983@group-0B4912BE8EC8-FollowerState] INFO  impl.FollowerState (FollowerState.java:run(134)) - 5fc3a91c-8c24-4005-b122-68420aedc983@group-0B4912BE8EC8-FollowerState: change to CANDIDATE, lastRpcElapsedTime:5020482005ns, electionTimeout:5005ms
2022-03-11 10:49:32,928 [5fc3a91c-8c24-4005-b122-68420aedc983@group-0B4912BE8EC8-FollowerState] INFO  impl.RoleInfo (RoleInfo.java:shutdownFollowerState(108)) - 5fc3a91c-8c24-4005-b122-68420aedc983: shutdown 5fc3a91c-8c24-4005-b122-68420aedc983@group-0B4912BE8EC8-FollowerState
2022-03-11 10:49:32,928 [5fc3a91c-8c24-4005-b122-68420aedc983@group-0B4912BE8EC8-FollowerState] INFO  server.RaftServer$Division (RaftServerImpl.java:setRole(290)) - 5fc3a91c-8c24-4005-b122-68420aedc983@group-0B4912BE8EC8: changes role from  FOLLOWER to CANDIDATE at term 1 for changeToCandidate
2022-03-11 10:49:32,928 [5fc3a91c-8c24-4005-b122-68420aedc983@group-0B4912BE8EC8-FollowerState] INFO  server.RaftServerConfigKeys (ConfUtils.java:logGet(44)) - raft.server.leaderelection.pre-vote = false (custom)
2022-03-11 10:49:32,928 [5fc3a91c-8c24-4005-b122-68420aedc983@group-0B4912BE8EC8-FollowerState] INFO  impl.RoleInfo (RoleInfo.java:updateAndGet(130)) - 5fc3a91c-8c24-4005-b122-68420aedc983: start 5fc3a91c-8c24-4005-b122-68420aedc983@group-0B4912BE8EC8-LeaderElection13
2022-03-11 10:49:32,934 [5fc3a91c-8c24-4005-b122-68420aedc983@group-0B4912BE8EC8-LeaderElection13] INFO  impl.LeaderElection (LeaderElection.java:askForVotes(306)) - 5fc3a91c-8c24-4005-b122-68420aedc983@group-0B4912BE8EC8-LeaderElection13 ELECTION round 0: submit vote requests at term 2 for -1: [11a6928f-62a2-488c-b467-9300cf759126|rpc:10.1.0.4:45575|dataStream:|priority:0, 23e4bfc5-cacb-4fc8-be31-ea8930f2c93f|rpc:10.1.0.4:35685|dataStream:|priority:0, 5fc3a91c-8c24-4005-b122-68420aedc983|rpc:10.1.0.4:33243|dataStream:|priority:1], old=null
2022-03-11 10:49:32,948 [grpc-default-executor-1] INFO  server.RaftServer$Division (RaftServerImpl.java:requestVote(1046)) - 11a6928f-62a2-488c-b467-9300cf759126@group-0B4912BE8EC8: receive requestVote(ELECTION, 5fc3a91c-8c24-4005-b122-68420aedc983, group-0B4912BE8EC8, 2, (t:0, i:0))
2022-03-11 10:49:32,948 [grpc-default-executor-1] INFO  impl.VoteContext (VoteContext.java:log(48)) - 11a6928f-62a2-488c-b467-9300cf759126@group-0B4912BE8EC8-FOLLOWER: accept ELECTION from 5fc3a91c-8c24-4005-b122-68420aedc983: our priority 0 <= candidate's priority 1
2022-03-11 10:49:32,948 [grpc-default-executor-1] INFO  server.RaftServer$Division (RaftServerImpl.java:setRole(290)) - 11a6928f-62a2-488c-b467-9300cf759126@group-0B4912BE8EC8: changes role from  FOLLOWER to FOLLOWER at term 2 for candidate:5fc3a91c-8c24-4005-b122-68420aedc983
2022-03-11 10:49:32,948 [grpc-default-executor-1] INFO  impl.RoleInfo (RoleInfo.java:shutdownFollowerState(108)) - 11a6928f-62a2-488c-b467-9300cf759126: shutdown 11a6928f-62a2-488c-b467-9300cf759126@group-0B4912BE8EC8-FollowerState
2022-03-11 10:49:32,948 [grpc-default-executor-1] INFO  impl.RoleInfo (RoleInfo.java:updateAndGet(130)) - 11a6928f-62a2-488c-b467-9300cf759126: start 11a6928f-62a2-488c-b467-9300cf759126@group-0B4912BE8EC8-FollowerState
2022-03-11 10:49:32,948 [11a6928f-62a2-488c-b467-9300cf759126@group-0B4912BE8EC8-FollowerState] INFO  impl.FollowerState (FollowerState.java:run(143)) - 11a6928f-62a2-488c-b467-9300cf759126@group-0B4912BE8EC8-FollowerState was interrupted: {}
java.lang.InterruptedException: sleep interrupted
	at java.lang.Thread.sleep(Native Method)
	at java.lang.Thread.sleep(Thread.java:342)
	at java.util.concurrent.TimeUnit.sleep(TimeUnit.java:386)
	at org.apache.ratis.util.TimeDuration.sleep(TimeDuration.java:324)
	at org.apache.ratis.util.TimeDuration.sleep(TimeDuration.java:309)
	at org.apache.ratis.server.impl.FollowerState.run(FollowerState.java:118)
2022-03-11 10:49:32,956 [grpc-default-executor-3] INFO  server.RaftServer$Division (RaftServerImpl.java:requestVote(1046)) - 23e4bfc5-cacb-4fc8-be31-ea8930f2c93f@group-0B4912BE8EC8: receive requestVote(ELECTION, 5fc3a91c-8c24-4005-b122-68420aedc983, group-0B4912BE8EC8, 2, (t:0, i:0))
2022-03-11 10:49:32,956 [grpc-default-executor-3] INFO  impl.VoteContext (VoteContext.java:log(48)) - 23e4bfc5-cacb-4fc8-be31-ea8930f2c93f@group-0B4912BE8EC8-FOLLOWER: accept ELECTION from 5fc3a91c-8c24-4005-b122-68420aedc983: our priority 0 <= candidate's priority 1
2022-03-11 10:49:32,956 [grpc-default-executor-3] INFO  server.RaftServer$Division (RaftServerImpl.java:setRole(290)) - 23e4bfc5-cacb-4fc8-be31-ea8930f2c93f@group-0B4912BE8EC8: changes role from  FOLLOWER to FOLLOWER at term 2 for candidate:5fc3a91c-8c24-4005-b122-68420aedc983
2022-03-11 10:49:32,956 [grpc-default-executor-3] INFO  impl.RoleInfo (RoleInfo.java:shutdownFollowerState(108)) - 23e4bfc5-cacb-4fc8-be31-ea8930f2c93f: shutdown 23e4bfc5-cacb-4fc8-be31-ea8930f2c93f@group-0B4912BE8EC8-FollowerState
2022-03-11 10:49:32,956 [grpc-default-executor-3] INFO  impl.RoleInfo (RoleInfo.java:updateAndGet(130)) - 23e4bfc5-cacb-4fc8-be31-ea8930f2c93f: start 23e4bfc5-cacb-4fc8-be31-ea8930f2c93f@group-0B4912BE8EC8-FollowerState
2022-03-11 10:49:32,956 [23e4bfc5-cacb-4fc8-be31-ea8930f2c93f@group-0B4912BE8EC8-FollowerState] INFO  impl.FollowerState (FollowerState.java:run(143)) - 23e4bfc5-cacb-4fc8-be31-ea8930f2c93f@group-0B4912BE8EC8-FollowerState was interrupted: {}
java.lang.InterruptedException: sleep interrupted
	at java.lang.Thread.sleep(Native Method)
	at java.lang.Thread.sleep(Thread.java:342)
	at java.util.concurrent.TimeUnit.sleep(TimeUnit.java:386)
	at org.apache.ratis.util.TimeDuration.sleep(TimeDuration.java:324)
	at org.apache.ratis.util.TimeDuration.sleep(TimeDuration.java:309)
	at org.apache.ratis.server.impl.FollowerState.run(FollowerState.java:118)
2022-03-11 10:49:32,960 [grpc-default-executor-1] INFO  server.RaftServer$Division (RaftServerImpl.java:requestVote(1078)) - 11a6928f-62a2-488c-b467-9300cf759126@group-0B4912BE8EC8 replies to ELECTION vote request: 5fc3a91c-8c24-4005-b122-68420aedc983<-11a6928f-62a2-488c-b467-9300cf759126#0:OK-t2. Peer's state: 11a6928f-62a2-488c-b467-9300cf759126@group-0B4912BE8EC8:t2, leader=null, voted=5fc3a91c-8c24-4005-b122-68420aedc983, raftlog=11a6928f-62a2-488c-b467-9300cf759126@group-0B4912BE8EC8-SegmentedRaftLog:OPENED:c-1, conf=-1: [11a6928f-62a2-488c-b467-9300cf759126|rpc:10.1.0.4:45575|priority:0, 23e4bfc5-cacb-4fc8-be31-ea8930f2c93f|rpc:10.1.0.4:35685|priority:0, 5fc3a91c-8c24-4005-b122-68420aedc983|rpc:10.1.0.4:33243|priority:1], old=null
2022-03-11 10:49:32,960 [grpc-default-executor-3] INFO  server.RaftServer$Division (RaftServerImpl.java:requestVote(1078)) - 23e4bfc5-cacb-4fc8-be31-ea8930f2c93f@group-0B4912BE8EC8 replies to ELECTION vote request: 5fc3a91c-8c24-4005-b122-68420aedc983<-23e4bfc5-cacb-4fc8-be31-ea8930f2c93f#0:OK-t2. Peer's state: 23e4bfc5-cacb-4fc8-be31-ea8930f2c93f@group-0B4912BE8EC8:t2, leader=null, voted=5fc3a91c-8c24-4005-b122-68420aedc983, raftlog=23e4bfc5-cacb-4fc8-be31-ea8930f2c93f@group-0B4912BE8EC8-SegmentedRaftLog:OPENED:c-1, conf=-1: [11a6928f-62a2-488c-b467-9300cf759126|rpc:10.1.0.4:45575|dataStream:|priority:0, 23e4bfc5-cacb-4fc8-be31-ea8930f2c93f|rpc:10.1.0.4:35685|dataStream:|priority:0, 5fc3a91c-8c24-4005-b122-68420aedc983|rpc:10.1.0.4:33243|dataStream:|priority:1], old=null
2022-03-11 10:49:32,963 [5fc3a91c-8c24-4005-b122-68420aedc983@group-0B4912BE8EC8-LeaderElection13] INFO  impl.LeaderElection (LeaderElection.java:logAndReturn(89)) - 5fc3a91c-8c24-4005-b122-68420aedc983@group-0B4912BE8EC8-LeaderElection13: ELECTION PASSED received 1 response(s) and 0 exception(s):
2022-03-11 10:49:32,967 [5fc3a91c-8c24-4005-b122-68420aedc983@group-0B4912BE8EC8-LeaderElection13] INFO  impl.LeaderElection (LeaderElection.java:logAndReturn(93)) -   Response 0: 5fc3a91c-8c24-4005-b122-68420aedc983<-11a6928f-62a2-488c-b467-9300cf759126#0:OK-t2
2022-03-11 10:49:32,967 [5fc3a91c-8c24-4005-b122-68420aedc983@group-0B4912BE8EC8-LeaderElection13] INFO  impl.LeaderElection (LeaderElection.java:askForVotes(308)) - 5fc3a91c-8c24-4005-b122-68420aedc983@group-0B4912BE8EC8-LeaderElection13 ELECTION round 0: result PASSED
2022-03-11 10:49:32,967 [5fc3a91c-8c24-4005-b122-68420aedc983@group-0B4912BE8EC8-LeaderElection13] INFO  impl.RoleInfo (RoleInfo.java:shutdownLeaderElection(121)) - 5fc3a91c-8c24-4005-b122-68420aedc983: shutdown 5fc3a91c-8c24-4005-b122-68420aedc983@group-0B4912BE8EC8-LeaderElection13
2022-03-11 10:49:32,967 [5fc3a91c-8c24-4005-b122-68420aedc983@group-0B4912BE8EC8-LeaderElection13] INFO  server.RaftServer$Division (RaftServerImpl.java:setRole(290)) - 5fc3a91c-8c24-4005-b122-68420aedc983@group-0B4912BE8EC8: changes role from CANDIDATE to LEADER at term 2 for changeToLeader
2022-03-11 10:49:32,967 [5fc3a91c-8c24-4005-b122-68420aedc983@group-0B4912BE8EC8-LeaderElection13] INFO  ratis.XceiverServerRatis (XceiverServerRatis.java:handleLeaderChangedNotification(867)) - Leader change notification received for group: group-0B4912BE8EC8 with new leaderId: 5fc3a91c-8c24-4005-b122-68420aedc983
2022-03-11 10:49:32,967 [5fc3a91c-8c24-4005-b122-68420aedc983@group-0B4912BE8EC8-LeaderElection13] INFO  server.RaftServer$Division (ServerState.java:setLeader(285)) - 5fc3a91c-8c24-4005-b122-68420aedc983@group-0B4912BE8EC8: change Leader from null to 5fc3a91c-8c24-4005-b122-68420aedc983 at term 2 for becomeLeader, leader elected after 10239ms
2022-03-11 10:49:32,967 [5fc3a91c-8c24-4005-b122-68420aedc983@group-0B4912BE8EC8-LeaderElection13] INFO  server.RaftServerConfigKeys (ConfUtils.java:logGet(44)) - raft.server.staging.catchup.gap = 1000 (default)
2022-03-11 10:49:32,968 [5fc3a91c-8c24-4005-b122-68420aedc983@group-0B4912BE8EC8-LeaderElection13] INFO  server.RaftServerConfigKeys (ConfUtils.java:logGet(44)) - raft.server.write.element-limit = 1024 (custom)
2022-03-11 10:49:32,968 [5fc3a91c-8c24-4005-b122-68420aedc983@group-0B4912BE8EC8-LeaderElection13] INFO  server.RaftServerConfigKeys (ConfUtils.java:logGet(44)) - raft.server.write.byte-limit = 1024 M (=1073741824) (custom)
2022-03-11 10:49:32,968 [5fc3a91c-8c24-4005-b122-68420aedc983@group-0B4912BE8EC8-LeaderElection13] INFO  server.RaftServerConfigKeys (ConfUtils.java:logGet(44)) - raft.server.watch.timeout = 180s (custom)
2022-03-11 10:49:32,968 [5fc3a91c-8c24-4005-b122-68420aedc983@group-0B4912BE8EC8-LeaderElection13] INFO  server.RaftServerConfigKeys (ConfUtils.java:logGet(44)) - raft.server.watch.timeout.denomination = 1s (default)
2022-03-11 10:49:32,968 [5fc3a91c-8c24-4005-b122-68420aedc983@group-0B4912BE8EC8-LeaderElection13] INFO  server.RaftServerConfigKeys (ConfUtils.java:logGet(44)) - raft.server.watch.element-limit = 65536 (default)
2022-03-11 10:49:32,968 [5fc3a91c-8c24-4005-b122-68420aedc983@group-0B4912BE8EC8-LeaderElection13] INFO  server.RaftServerConfigKeys (ConfUtils.java:logGet(44)) - raft.server.write.element-limit = 1024 (custom)
2022-03-11 10:49:32,968 [5fc3a91c-8c24-4005-b122-68420aedc983@group-0B4912BE8EC8-LeaderElection13] INFO  server.RaftServerConfigKeys (ConfUtils.java:logGet(44)) - raft.server.write.follower.gap.ratio.max = -1.0 (default)
2022-03-11 10:49:32,968 [5fc3a91c-8c24-4005-b122-68420aedc983@group-0B4912BE8EC8-LeaderElection13] INFO  server.RaftServerConfigKeys (ConfUtils.java:logGet(44)) - raft.server.log.appender.snapshot.chunk.size.max = 16MB (=16777216) (default)
2022-03-11 10:49:32,968 [5fc3a91c-8c24-4005-b122-68420aedc983@group-0B4912BE8EC8-LeaderElection13] INFO  server.RaftServerConfigKeys (ConfUtils.java:logGet(44)) - raft.server.log.appender.buffer.byte-limit = 33554432 (custom)
2022-03-11 10:49:32,969 [5fc3a91c-8c24-4005-b122-68420aedc983@group-0B4912BE8EC8-LeaderElection13] INFO  server.RaftServerConfigKeys (ConfUtils.java:logGet(44)) - raft.server.log.appender.buffer.element-limit = 1 (custom)
2022-03-11 10:49:32,969 [5fc3a91c-8c24-4005-b122-68420aedc983@group-0B4912BE8EC8-LeaderElection13] INFO  grpc.GrpcConfigKeys (ConfUtils.java:logGet(44)) - raft.grpc.server.leader.outstanding.appends.max = 128 (default)
2022-03-11 10:49:32,969 [5fc3a91c-8c24-4005-b122-68420aedc983@group-0B4912BE8EC8-LeaderElection13] INFO  server.RaftServerConfigKeys (ConfUtils.java:logGet(44)) - raft.server.rpc.request.timeout = 60s (custom)
2022-03-11 10:49:32,969 [5fc3a91c-8c24-4005-b122-68420aedc983@group-0B4912BE8EC8-LeaderElection13] INFO  server.RaftServerConfigKeys (ConfUtils.java:logGet(44)) - raft.server.log.appender.install.snapshot.enabled = false (custom)
2022-03-11 10:49:32,970 [5fc3a91c-8c24-4005-b122-68420aedc983@group-0B4912BE8EC8-LeaderElection13] INFO  server.RaftServerConfigKeys (ConfUtils.java:logGet(44)) - raft.server.log.appender.snapshot.chunk.size.max = 16MB (=16777216) (default)
2022-03-11 10:49:32,970 [5fc3a91c-8c24-4005-b122-68420aedc983@group-0B4912BE8EC8-LeaderElection13] INFO  server.RaftServerConfigKeys (ConfUtils.java:logGet(44)) - raft.server.log.appender.buffer.byte-limit = 33554432 (custom)
2022-03-11 10:49:32,970 [5fc3a91c-8c24-4005-b122-68420aedc983@group-0B4912BE8EC8-LeaderElection13] INFO  server.RaftServerConfigKeys (ConfUtils.java:logGet(44)) - raft.server.log.appender.buffer.element-limit = 1 (custom)
2022-03-11 10:49:32,970 [5fc3a91c-8c24-4005-b122-68420aedc983@group-0B4912BE8EC8-LeaderElection13] INFO  grpc.GrpcConfigKeys (ConfUtils.java:logGet(44)) - raft.grpc.server.leader.outstanding.appends.max = 128 (default)
2022-03-11 10:49:32,970 [5fc3a91c-8c24-4005-b122-68420aedc983@group-0B4912BE8EC8-LeaderElection13] INFO  server.RaftServerConfigKeys (ConfUtils.java:logGet(44)) - raft.server.rpc.request.timeout = 60s (custom)
2022-03-11 10:49:32,970 [5fc3a91c-8c24-4005-b122-68420aedc983@group-0B4912BE8EC8-LeaderElection13] INFO  server.RaftServerConfigKeys (ConfUtils.java:logGet(44)) - raft.server.log.appender.install.snapshot.enabled = false (custom)
2022-03-11 10:49:32,972 [EventQueue-PipelineReportForPipelineReportHandler] INFO  pipeline.PipelineManagerImpl (PipelineManagerImpl.java:openPipeline(291)) - Pipeline Pipeline[ Id: a572575d-862a-4cfc-bac3-0b4912be8ec8, Nodes: 11a6928f-62a2-488c-b467-9300cf759126{ip: 10.1.0.4, host: fv-az184-17.3ow45vhwbzuu5incsxmygykede.cx.internal.cloudapp.net, ports: [REPLICATION=39481, RATIS=45575, RATIS_ADMIN=45575, RATIS_SERVER=45575, STANDALONE=36645], networkLocation: /default-rack, certSerialId: null, persistedOpState: IN_SERVICE, persistedOpStateExpiryEpochSec: 0}23e4bfc5-cacb-4fc8-be31-ea8930f2c93f{ip: 10.1.0.4, host: fv-az184-17.3ow45vhwbzuu5incsxmygykede.cx.internal.cloudapp.net, ports: [REPLICATION=41749, RATIS=35685, RATIS_ADMIN=35685, RATIS_SERVER=35685, STANDALONE=38139], networkLocation: /default-rack, certSerialId: null, persistedOpState: IN_SERVICE, persistedOpStateExpiryEpochSec: 0}5fc3a91c-8c24-4005-b122-68420aedc983{ip: 10.1.0.4, host: fv-az184-17.3ow45vhwbzuu5incsxmygykede.cx.internal.cloudapp.net, ports: [REPLICATION=39799, RATIS=33243, RATIS_ADMIN=33243, RATIS_SERVER=33243, STANDALONE=39617], networkLocation: /default-rack, certSerialId: null, persistedOpState: IN_SERVICE, persistedOpStateExpiryEpochSec: 0}, ReplicationConfig: RATIS/THREE, State:ALLOCATED, leaderId:5fc3a91c-8c24-4005-b122-68420aedc983, CreationTimestamp2022-03-11T10:49:19.999Z[Etc/UTC]] moved to OPEN state
2022-03-11 10:49:32,973 [5fc3a91c-8c24-4005-b122-68420aedc983@group-0B4912BE8EC8-LeaderElection13] INFO  impl.RoleInfo (RoleInfo.java:updateAndGet(130)) - 5fc3a91c-8c24-4005-b122-68420aedc983: start 5fc3a91c-8c24-4005-b122-68420aedc983@group-0B4912BE8EC8-LeaderStateImpl
2022-03-11 10:49:32,973 [5fc3a91c-8c24-4005-b122-68420aedc983@group-0B4912BE8EC8-LeaderElection13] INFO  segmented.SegmentedRaftLogWorker (SegmentedRaftLogWorker.java:startLogSegment(394)) - 5fc3a91c-8c24-4005-b122-68420aedc983@group-0B4912BE8EC8-SegmentedRaftLogWorker: Starting segment from index:0
2022-03-11 10:49:32,984 [5fc3a91c-8c24-4005-b122-68420aedc983@group-0B4912BE8EC8-LeaderElection13] INFO  server.RaftServer$Division (ServerState.java:setRaftConf(387)) - 5fc3a91c-8c24-4005-b122-68420aedc983@group-0B4912BE8EC8: set configuration 0: [11a6928f-62a2-488c-b467-9300cf759126|rpc:10.1.0.4:45575|dataStream:|priority:0, 23e4bfc5-cacb-4fc8-be31-ea8930f2c93f|rpc:10.1.0.4:35685|dataStream:|priority:0, 5fc3a91c-8c24-4005-b122-68420aedc983|rpc:10.1.0.4:33243|dataStream:|priority:1], old=null
2022-03-11 10:49:32,987 [5fc3a91c-8c24-4005-b122-68420aedc983@group-0B4912BE8EC8-SegmentedRaftLogWorker] INFO  segmented.SegmentedRaftLogWorker (SegmentedRaftLogWorker.java:execute(601)) - 5fc3a91c-8c24-4005-b122-68420aedc983@group-0B4912BE8EC8-SegmentedRaftLogWorker: created new log segment /home/runner/work/ozone/ozone/hadoop-ozone/integration-test/target/test-dir/MiniOzoneClusterImpl-80d3c9c6-9062-4062-b57d-7974188da005/datanode-5/data/ratis/a572575d-862a-4cfc-bac3-0b4912be8ec8/current/log_inprogress_0
2022-03-11 10:49:32,988 [grpc-default-executor-1] INFO  ratis.XceiverServerRatis (XceiverServerRatis.java:handleLeaderChangedNotification(867)) - Leader change notification received for group: group-0B4912BE8EC8 with new leaderId: 5fc3a91c-8c24-4005-b122-68420aedc983
2022-03-11 10:49:32,989 [grpc-default-executor-1] INFO  server.RaftServer$Division (ServerState.java:setLeader(285)) - 23e4bfc5-cacb-4fc8-be31-ea8930f2c93f@group-0B4912BE8EC8: change Leader from null to 5fc3a91c-8c24-4005-b122-68420aedc983 at term 2 for appendEntries, leader elected after 10317ms
2022-03-11 10:49:32,991 [grpc-default-executor-1] INFO  server.RaftServer$Division (ServerState.java:setRaftConf(387)) - 23e4bfc5-cacb-4fc8-be31-ea8930f2c93f@group-0B4912BE8EC8: set configuration 0: [11a6928f-62a2-488c-b467-9300cf759126|rpc:10.1.0.4:45575|dataStream:|priority:0, 23e4bfc5-cacb-4fc8-be31-ea8930f2c93f|rpc:10.1.0.4:35685|dataStream:|priority:0, 5fc3a91c-8c24-4005-b122-68420aedc983|rpc:10.1.0.4:33243|dataStream:|priority:1], old=null
2022-03-11 10:49:32,992 [grpc-default-executor-1] INFO  segmented.SegmentedRaftLogWorker (SegmentedRaftLogWorker.java:startLogSegment(394)) - 23e4bfc5-cacb-4fc8-be31-ea8930f2c93f@group-0B4912BE8EC8-SegmentedRaftLogWorker: Starting segment from index:0
2022-03-11 10:49:32,993 [23e4bfc5-cacb-4fc8-be31-ea8930f2c93f@group-0B4912BE8EC8-SegmentedRaftLogWorker] INFO  segmented.SegmentedRaftLogWorker (SegmentedRaftLogWorker.java:execute(601)) - 23e4bfc5-cacb-4fc8-be31-ea8930f2c93f@group-0B4912BE8EC8-SegmentedRaftLogWorker: created new log segment /home/runner/work/ozone/ozone/hadoop-ozone/integration-test/target/test-dir/MiniOzoneClusterImpl-80d3c9c6-9062-4062-b57d-7974188da005/datanode-4/data/ratis/a572575d-862a-4cfc-bac3-0b4912be8ec8/current/log_inprogress_0
2022-03-11 10:49:32,998 [grpc-default-executor-3] INFO  ratis.XceiverServerRatis (XceiverServerRatis.java:handleLeaderChangedNotification(867)) - Leader change notification received for group: group-0B4912BE8EC8 with new leaderId: 5fc3a91c-8c24-4005-b122-68420aedc983
2022-03-11 10:49:32,998 [grpc-default-executor-3] INFO  server.RaftServer$Division (ServerState.java:setLeader(285)) - 11a6928f-62a2-488c-b467-9300cf759126@group-0B4912BE8EC8: change Leader from null to 5fc3a91c-8c24-4005-b122-68420aedc983 at term 2 for appendEntries, leader elected after 10372ms
2022-03-11 10:49:33,006 [grpc-default-executor-3] INFO  server.RaftServer$Division (ServerState.java:setRaftConf(387)) - 11a6928f-62a2-488c-b467-9300cf759126@group-0B4912BE8EC8: set configuration 0: [11a6928f-62a2-488c-b467-9300cf759126|rpc:10.1.0.4:45575|dataStream:|priority:0, 23e4bfc5-cacb-4fc8-be31-ea8930f2c93f|rpc:10.1.0.4:35685|dataStream:|priority:0, 5fc3a91c-8c24-4005-b122-68420aedc983|rpc:10.1.0.4:33243|dataStream:|priority:1], old=null
2022-03-11 10:49:33,006 [grpc-default-executor-3] INFO  segmented.SegmentedRaftLogWorker (SegmentedRaftLogWorker.java:startLogSegment(394)) - 11a6928f-62a2-488c-b467-9300cf759126@group-0B4912BE8EC8-SegmentedRaftLogWorker: Starting segment from index:0
2022-03-11 10:49:33,008 [11a6928f-62a2-488c-b467-9300cf759126@group-0B4912BE8EC8-SegmentedRaftLogWorker] INFO  segmented.SegmentedRaftLogWorker (SegmentedRaftLogWorker.java:execute(601)) - 11a6928f-62a2-488c-b467-9300cf759126@group-0B4912BE8EC8-SegmentedRaftLogWorker: created new log segment /home/runner/work/ozone/ozone/hadoop-ozone/integration-test/target/test-dir/MiniOzoneClusterImpl-80d3c9c6-9062-4062-b57d-7974188da005/datanode-3/data/ratis/a572575d-862a-4cfc-bac3-0b4912be8ec8/current/log_inprogress_0
2022-03-11 10:49:33,128 [IPC Server handler 3 on default port 34787] INFO  net.NetworkTopologyImpl (NetworkTopologyImpl.java:add(112)) - Added a new node: /default-rack/e2c1372d-ab59-4fee-b127-9ad63fa8e982
2022-03-11 10:49:33,128 [IPC Server handler 3 on default port 34787] INFO  node.SCMNodeManager (SCMNodeManager.java:register(391)) - Registered Data node : e2c1372d-ab59-4fee-b127-9ad63fa8e982{ip: 10.1.0.4, host: fv-az184-17.3ow45vhwbzuu5incsxmygykede.cx.internal.cloudapp.net, ports: [REPLICATION=42729, RATIS=37387, RATIS_ADMIN=37387, RATIS_SERVER=37387, STANDALONE=43211], networkLocation: /default-rack, certSerialId: null, persistedOpState: null, persistedOpStateExpiryEpochSec: 0}
2022-03-11 10:49:33,128 [EventQueue-NewNodeForNewNodeHandler] INFO  pipeline.BackgroundPipelineCreator (BackgroundPipelineCreator.java:notifyEventTriggered(285)) - trigger a one-shot run on RatisPipelineUtilsThread.
2022-03-11 10:49:33,135 [RatisPipelineUtilsThread - 0] INFO  pipeline.RatisPipelineProvider (RatisPipelineProvider.java:lambda$create$0(183)) - Sending CreatePipelineCommand for pipeline:PipelineID=dc365711-f03f-4f4c-8991-21033539bc01 to datanode:e2c1372d-ab59-4fee-b127-9ad63fa8e982
2022-03-11 10:49:33,135 [EventQueue-NodeRegistrationContainerReportForDataNodeSafeModeRule] INFO  safemode.SCMSafeModeManager (DataNodeSafeModeRule.java:process(71)) - SCM in safe mode. 2 DataNodes registered, 3 required.
2022-03-11 10:49:33,135 [RatisPipelineUtilsThread - 0] INFO  pipeline.PipelineStateManagerImpl (PipelineStateManagerImpl.java:addPipeline(101)) - Created pipeline Pipeline[ Id: dc365711-f03f-4f4c-8991-21033539bc01, Nodes: e2c1372d-ab59-4fee-b127-9ad63fa8e982{ip: 10.1.0.4, host: fv-az184-17.3ow45vhwbzuu5incsxmygykede.cx.internal.cloudapp.net, ports: [REPLICATION=42729, RATIS=37387, RATIS_ADMIN=37387, RATIS_SERVER=37387, STANDALONE=43211], networkLocation: /default-rack, certSerialId: null, persistedOpState: IN_SERVICE, persistedOpStateExpiryEpochSec: 0}, ReplicationConfig: RATIS/ONE, State:ALLOCATED, leaderId:, CreationTimestamp2022-03-11T10:49:33.135Z[Etc/UTC]].
2022-03-11 10:49:33,357 [ReplicationMonitor] INFO  container.ReplicationManager (ReplicationManager.java:processAll(374)) - Replication Manager is not ready to run until 3000ms after safemode exit
2022-03-11 10:49:33,512 [Command processor thread] INFO  server.RaftServer (RaftServerProxy.java:remove(106)) - 693b3978-b6c3-4afe-acf3-887a6d6ab502: remove  FOLLOWER 693b3978-b6c3-4afe-acf3-887a6d6ab502@group-B46C76AC753E:t1, leader=f3aed214-ddd5-444c-98e8-173d17ff867b, voted=f3aed214-ddd5-444c-98e8-173d17ff867b, raftlog=693b3978-b6c3-4afe-acf3-887a6d6ab502@group-B46C76AC753E-SegmentedRaftLog:OPENED:c78, conf=0: [f3aed214-ddd5-444c-98e8-173d17ff867b|rpc:10.1.0.4:34925|dataStream:|priority:1, 693b3978-b6c3-4afe-acf3-887a6d6ab502|rpc:10.1.0.4:38697|dataStream:|priority:0, ba75fcdf-ff67-476a-a5ef-de9b108b869e|rpc:10.1.0.4:41971|dataStream:|priority:0], old=null RUNNING
2022-03-11 10:49:33,516 [EventQueue-PipelineReportForPipelineReportHandler] INFO  pipeline.PipelineReportHandler (PipelineReportHandler.java:processPipelineReport(113)) - Reported pipeline PipelineID=1fa5eb99-f4f0-4ee0-abc8-b46c76ac753e is not found
2022-03-11 10:49:33,516 [EventQueue-PipelineReportForPipelineReportHandler] INFO  pipeline.PipelineReportHandler (PipelineReportHandler.java:processPipelineReport(113)) - Reported pipeline PipelineID=1fa5eb99-f4f0-4ee0-abc8-b46c76ac753e is not found
2022-03-11 10:49:33,517 [Command processor thread] INFO  server.RaftServer$Division (RaftServerImpl.java:lambda$close$4(412)) - 693b3978-b6c3-4afe-acf3-887a6d6ab502@group-B46C76AC753E: shutdown
2022-03-11 10:49:33,517 [Command processor thread] INFO  util.JmxRegister (JmxRegister.java:unregister(73)) - Successfully un-registered JMX Bean with object name Ratis:service=RaftServer,group=group-B46C76AC753E,id=693b3978-b6c3-4afe-acf3-887a6d6ab502
2022-03-11 10:49:33,518 [Command processor thread] INFO  impl.RoleInfo (RoleInfo.java:shutdownFollowerState(108)) - 693b3978-b6c3-4afe-acf3-887a6d6ab502: shutdown 693b3978-b6c3-4afe-acf3-887a6d6ab502@group-B46C76AC753E-FollowerState
2022-03-11 10:49:33,518 [693b3978-b6c3-4afe-acf3-887a6d6ab502@group-B46C76AC753E-FollowerState] INFO  impl.FollowerState (FollowerState.java:run(143)) - 693b3978-b6c3-4afe-acf3-887a6d6ab502@group-B46C76AC753E-FollowerState was interrupted: {}
java.lang.InterruptedException: sleep interrupted
	at java.lang.Thread.sleep(Native Method)
	at java.lang.Thread.sleep(Thread.java:342)
	at java.util.concurrent.TimeUnit.sleep(TimeUnit.java:386)
	at org.apache.ratis.util.TimeDuration.sleep(TimeDuration.java:324)
	at org.apache.ratis.util.TimeDuration.sleep(TimeDuration.java:309)
	at org.apache.ratis.server.impl.FollowerState.run(FollowerState.java:118)
2022-03-11 10:49:33,520 [Command processor thread] INFO  impl.StateMachineUpdater (StateMachineUpdater.java:stopAndJoin(149)) - 693b3978-b6c3-4afe-acf3-887a6d6ab502@group-B46C76AC753E-StateMachineUpdater: set stopIndex = 78
2022-03-11 10:49:33,520 [693b3978-b6c3-4afe-acf3-887a6d6ab502@group-B46C76AC753E-StateMachineUpdater] INFO  ratis.ContainerStateMachine (ContainerStateMachine.java:takeSnapshot(304)) - group-B46C76AC753E: Taking a snapshot at:(t:1, i:78) file /home/runner/work/ozone/ozone/hadoop-ozone/integration-test/target/test-dir/MiniOzoneClusterImpl-80d3c9c6-9062-4062-b57d-7974188da005/datanode-2/data/ratis/1fa5eb99-f4f0-4ee0-abc8-b46c76ac753e/sm/snapshot.1_78
2022-03-11 10:49:33,554 [693b3978-b6c3-4afe-acf3-887a6d6ab502@group-B46C76AC753E-StateMachineUpdater] INFO  ratis.ContainerStateMachine (ContainerStateMachine.java:takeSnapshot(315)) - group-B46C76AC753E: Finished taking a snapshot at:(t:1, i:78) file:/home/runner/work/ozone/ozone/hadoop-ozone/integration-test/target/test-dir/MiniOzoneClusterImpl-80d3c9c6-9062-4062-b57d-7974188da005/datanode-2/data/ratis/1fa5eb99-f4f0-4ee0-abc8-b46c76ac753e/sm/snapshot.1_78 took: 35 ms
2022-03-11 10:49:33,558 [693b3978-b6c3-4afe-acf3-887a6d6ab502@group-B46C76AC753E-StateMachineUpdater] INFO  impl.StateMachineUpdater (StateMachineUpdater.java:takeSnapshot(281)) - 693b3978-b6c3-4afe-acf3-887a6d6ab502@group-B46C76AC753E-StateMachineUpdater: Took a snapshot at index 78
2022-03-11 10:49:33,559 [693b3978-b6c3-4afe-acf3-887a6d6ab502@group-B46C76AC753E-StateMachineUpdater] INFO  impl.StateMachineUpdater (StateMachineUpdater.java:lambda$new$0(89)) - 693b3978-b6c3-4afe-acf3-887a6d6ab502@group-B46C76AC753E-StateMachineUpdater: snapshotIndex: updateIncreasingly -1 -> 78
2022-03-11 10:49:33,563 [Command processor thread] INFO  server.RaftServer$Division (ServerState.java:close(419)) - 693b3978-b6c3-4afe-acf3-887a6d6ab502@group-B46C76AC753E: closes. applyIndex: 78
2022-03-11 10:49:33,568 [693b3978-b6c3-4afe-acf3-887a6d6ab502@group-B46C76AC753E-SegmentedRaftLogWorker] INFO  segmented.SegmentedRaftLogWorker (SegmentedRaftLogWorker.java:run(327)) - 693b3978-b6c3-4afe-acf3-887a6d6ab502@group-B46C76AC753E-SegmentedRaftLogWorker was interrupted, exiting. There are 0 tasks remaining in the queue.
2022-03-11 10:49:33,568 [Command processor thread] INFO  segmented.SegmentedRaftLogWorker (SegmentedRaftLogWorker.java:close(237)) - 693b3978-b6c3-4afe-acf3-887a6d6ab502@group-B46C76AC753E-SegmentedRaftLogWorker close()
2022-03-11 10:49:33,575 [Command processor thread] INFO  keyvalue.KeyValueContainer (KeyValueContainer.java:flushAndSyncDB(427)) - Container 1 is synced with bcsId 74.
2022-03-11 10:49:33,576 [Command processor thread] INFO  keyvalue.KeyValueContainer (KeyValueContainer.java:flushAndSyncDB(427)) - Container 1 is synced with bcsId 74.
2022-03-11 10:49:33,580 [FixedThreadPoolWithAffinityExecutor-0-0] INFO  container.IncrementalContainerReportHandler (AbstractContainerReportHandler.java:updateContainerState(234)) - Moving container #1 to QUASI_CLOSED state, datanode 693b3978-b6c3-4afe-acf3-887a6d6ab502{ip: 10.1.0.4, host: fv-az184-17.3ow45vhwbzuu5incsxmygykede.cx.internal.cloudapp.net, ports: [REPLICATION=45673, RATIS=38697, RATIS_ADMIN=38697, RATIS_SERVER=38697, STANDALONE=45665], networkLocation: /default-rack, certSerialId: null, persistedOpState: IN_SERVICE, persistedOpStateExpiryEpochSec: 0} reported QUASI_CLOSED replica.
2022-03-11 10:49:33,582 [IPC Server handler 0 on default port 34787] INFO  net.NetworkTopologyImpl (NetworkTopologyImpl.java:add(112)) - Added a new node: /default-rack/e8ecc9a4-fdb7-444b-927f-72a8ab104402
2022-03-11 10:49:33,582 [IPC Server handler 0 on default port 34787] INFO  node.SCMNodeManager (SCMNodeManager.java:register(391)) - Registered Data node : e8ecc9a4-fdb7-444b-927f-72a8ab104402{ip: 10.1.0.4, host: fv-az184-17.3ow45vhwbzuu5incsxmygykede.cx.internal.cloudapp.net, ports: [REPLICATION=34781, RATIS=44341, RATIS_ADMIN=44341, RATIS_SERVER=44341, STANDALONE=42321], networkLocation: /default-rack, certSerialId: null, persistedOpState: null, persistedOpStateExpiryEpochSec: 0}
2022-03-11 10:49:33,582 [EventQueue-NodeRegistrationContainerReportForDataNodeSafeModeRule] INFO  safemode.SCMSafeModeManager (DataNodeSafeModeRule.java:process(71)) - SCM in safe mode. 3 DataNodes registered, 3 required.
2022-03-11 10:49:33,582 [EventQueue-NodeRegistrationContainerReportForDataNodeSafeModeRule] INFO  safemode.SCMSafeModeManager (SCMSafeModeManager.java:validateSafeModeExitRules(204)) - DataNodeSafeModeRule rule is successfully validated
2022-03-11 10:49:33,582 [EventQueue-NodeRegistrationContainerReportForDataNodeSafeModeRule] INFO  safemode.SCMSafeModeManager (SCMSafeModeManager.java:completePreCheck(233)) - All SCM safe mode pre check rules have passed
2022-03-11 10:49:33,582 [EventQueue-NodeRegistrationContainerReportForDataNodeSafeModeRule] WARN  events.EventQueue (EventQueue.java:fireEvent(194)) - No event handler registered for event TypedEvent{payloadType=SafeModeStatus, name='Safe mode status'}
2022-03-11 10:49:33,582 [EventQueue-NewNodeForNewNodeHandler] INFO  pipeline.BackgroundPipelineCreator (BackgroundPipelineCreator.java:notifyEventTriggered(285)) - trigger a one-shot run on RatisPipelineUtilsThread.
2022-03-11 10:49:33,582 [EventQueue-NodeRegistrationContainerReportForDataNodeSafeModeRule] INFO  ha.SCMContext (SCMContext.java:updateSafeModeStatus(211)) - Update SafeModeStatus from SafeModeStatus{safeModeStatus=true, preCheckPassed=false} to SafeModeStatus{safeModeStatus=true, preCheckPassed=true}.
2022-03-11 10:49:33,583 [EventQueue-NodeRegistrationContainerReportForDataNodeSafeModeRule] INFO  pipeline.BackgroundPipelineCreator (BackgroundPipelineCreator.java:notifyEventTriggered(285)) - trigger a one-shot run on RatisPipelineUtilsThread.
2022-03-11 10:49:33,589 [RatisPipelineUtilsThread - 0] INFO  pipeline.RatisPipelineProvider (RatisPipelineProvider.java:lambda$create$0(183)) - Sending CreatePipelineCommand for pipeline:PipelineID=516185c2-c4f4-42d1-987b-d179bff8461b to datanode:e8ecc9a4-fdb7-444b-927f-72a8ab104402
2022-03-11 10:49:33,589 [RatisPipelineUtilsThread - 0] INFO  pipeline.PipelineStateManagerImpl (PipelineStateManagerImpl.java:addPipeline(101)) - Created pipeline Pipeline[ Id: 516185c2-c4f4-42d1-987b-d179bff8461b, Nodes: e8ecc9a4-fdb7-444b-927f-72a8ab104402{ip: 10.1.0.4, host: fv-az184-17.3ow45vhwbzuu5incsxmygykede.cx.internal.cloudapp.net, ports: [REPLICATION=34781, RATIS=44341, RATIS_ADMIN=44341, RATIS_SERVER=44341, STANDALONE=42321], networkLocation: /default-rack, certSerialId: null, persistedOpState: IN_SERVICE, persistedOpStateExpiryEpochSec: 0}, ReplicationConfig: RATIS/ONE, State:ALLOCATED, leaderId:, CreationTimestamp2022-03-11T10:49:33.589Z[Etc/UTC]].
2022-03-11 10:49:33,589 [RatisPipelineUtilsThread - 0] INFO  pipeline.RatisPipelineProvider (RatisPipelineProvider.java:lambda$create$0(183)) - Sending CreatePipelineCommand for pipeline:PipelineID=93366119-8aec-4141-ac3b-144452d79959 to datanode:d142598b-b2fe-46f0-ba0a-461746a4d443
2022-03-11 10:49:33,589 [RatisPipelineUtilsThread - 0] INFO  pipeline.RatisPipelineProvider (RatisPipelineProvider.java:lambda$create$0(183)) - Sending CreatePipelineCommand for pipeline:PipelineID=93366119-8aec-4141-ac3b-144452d79959 to datanode:e8ecc9a4-fdb7-444b-927f-72a8ab104402
2022-03-11 10:49:33,590 [RatisPipelineUtilsThread - 0] INFO  pipeline.RatisPipelineProvider (RatisPipelineProvider.java:lambda$create$0(183)) - Sending CreatePipelineCommand for pipeline:PipelineID=93366119-8aec-4141-ac3b-144452d79959 to datanode:e2c1372d-ab59-4fee-b127-9ad63fa8e982
2022-03-11 10:49:33,590 [RatisPipelineUtilsThread - 0] INFO  pipeline.PipelineStateManagerImpl (PipelineStateManagerImpl.java:addPipeline(101)) - Created pipeline Pipeline[ Id: 93366119-8aec-4141-ac3b-144452d79959, Nodes: d142598b-b2fe-46f0-ba0a-461746a4d443{ip: 10.1.0.4, host: fv-az184-17.3ow45vhwbzuu5incsxmygykede.cx.internal.cloudapp.net, ports: [REPLICATION=34095, RATIS=34883, RATIS_ADMIN=34883, RATIS_SERVER=34883, STANDALONE=36027], networkLocation: /default-rack, certSerialId: null, persistedOpState: IN_SERVICE, persistedOpStateExpiryEpochSec: 0}e8ecc9a4-fdb7-444b-927f-72a8ab104402{ip: 10.1.0.4, host: fv-az184-17.3ow45vhwbzuu5incsxmygykede.cx.internal.cloudapp.net, ports: [REPLICATION=34781, RATIS=44341, RATIS_ADMIN=44341, RATIS_SERVER=44341, STANDALONE=42321], networkLocation: /default-rack, certSerialId: null, persistedOpState: IN_SERVICE, persistedOpStateExpiryEpochSec: 0}e2c1372d-ab59-4fee-b127-9ad63fa8e982{ip: 10.1.0.4, host: fv-az184-17.3ow45vhwbzuu5incsxmygykede.cx.internal.cloudapp.net, ports: [REPLICATION=42729, RATIS=37387, RATIS_ADMIN=37387, RATIS_SERVER=37387, STANDALONE=43211], networkLocation: /default-rack, certSerialId: null, persistedOpState: IN_SERVICE, persistedOpStateExpiryEpochSec: 0}, ReplicationConfig: RATIS/THREE, State:ALLOCATED, leaderId:, CreationTimestamp2022-03-11T10:49:33.589Z[Etc/UTC]].
2022-03-11 10:49:33,594 [Command processor thread] INFO  keyvalue.KeyValueContainer (KeyValueContainer.java:flushAndSyncDB(427)) - Container 2 is synced with bcsId 78.
2022-03-11 10:49:33,594 [Command processor thread] INFO  keyvalue.KeyValueContainer (KeyValueContainer.java:flushAndSyncDB(427)) - Container 2 is synced with bcsId 78.
2022-03-11 10:49:33,598 [FixedThreadPoolWithAffinityExecutor-9-0] INFO  container.IncrementalContainerReportHandler (AbstractContainerReportHandler.java:updateContainerState(234)) - Moving container #2 to QUASI_CLOSED state, datanode 693b3978-b6c3-4afe-acf3-887a6d6ab502{ip: 10.1.0.4, host: fv-az184-17.3ow45vhwbzuu5incsxmygykede.cx.internal.cloudapp.net, ports: [REPLICATION=45673, RATIS=38697, RATIS_ADMIN=38697, RATIS_SERVER=38697, STANDALONE=45665], networkLocation: /default-rack, certSerialId: null, persistedOpState: IN_SERVICE, persistedOpStateExpiryEpochSec: 0} reported QUASI_CLOSED replica.
2022-03-11 10:49:33,604 [Command processor thread] INFO  keyvalue.KeyValueContainer (KeyValueContainer.java:flushAndSyncDB(427)) - Container 3 is synced with bcsId 71.
2022-03-11 10:49:33,604 [Command processor thread] INFO  keyvalue.KeyValueContainer (KeyValueContainer.java:flushAndSyncDB(427)) - Container 3 is synced with bcsId 71.
2022-03-11 10:49:33,607 [FixedThreadPoolWithAffinityExecutor-0-0] INFO  container.IncrementalContainerReportHandler (AbstractContainerReportHandler.java:updateContainerState(234)) - Moving container #3 to QUASI_CLOSED state, datanode 693b3978-b6c3-4afe-acf3-887a6d6ab502{ip: 10.1.0.4, host: fv-az184-17.3ow45vhwbzuu5incsxmygykede.cx.internal.cloudapp.net, ports: [REPLICATION=45673, RATIS=38697, RATIS_ADMIN=38697, RATIS_SERVER=38697, STANDALONE=45665], networkLocation: /default-rack, certSerialId: null, persistedOpState: IN_SERVICE, persistedOpStateExpiryEpochSec: 0} reported QUASI_CLOSED replica.
2022-03-11 10:49:33,610 [DatanodeAdminManager-0] INFO  node.DatanodeAdminMonitorImpl (DatanodeAdminMonitorImpl.java:checkContainersReplicatedOnNode(306)) - Under Replicated Container #1 Container State: QUASI_CLOSED Replica Count: 3 Healthy Count: 2 Decommission Count: 1 Maintenance Count: 0 inFlightAdd Count: 0 inFightDel Count: 0 ReplicationFactor: 3 minMaintenance Count: 2; Replicas{ContainerReplica{containerID=#1, state=OPEN, datanodeDetails=ba75fcdf-ff67-476a-a5ef-de9b108b869e{ip: 10.1.0.4, host: fv-az184-17.3ow45vhwbzuu5incsxmygykede.cx.internal.cloudapp.net, ports: [REPLICATION=42699, RATIS=41971, RATIS_ADMIN=41971, RATIS_SERVER=41971, STANDALONE=42581], networkLocation: /default-rack, certSerialId: null, persistedOpState: DECOMMISSIONING, persistedOpStateExpiryEpochSec: 0}, placeOfBirth=ba75fcdf-ff67-476a-a5ef-de9b108b869e, sequenceId=74, keyCount=7, bytesUsed=133},ContainerReplica{containerID=#1, state=QUASI_CLOSED, datanodeDetails=693b3978-b6c3-4afe-acf3-887a6d6ab502{ip: 10.1.0.4, host: fv-az184-17.3ow45vhwbzuu5incsxmygykede.cx.internal.cloudapp.net, ports: [REPLICATION=45673, RATIS=38697, RATIS_ADMIN=38697, RATIS_SERVER=38697, STANDALONE=45665], networkLocation: /default-rack, certSerialId: null, persistedOpState: IN_SERVICE, persistedOpStateExpiryEpochSec: 0}, placeOfBirth=693b3978-b6c3-4afe-acf3-887a6d6ab502, sequenceId=74, keyCount=7, bytesUsed=133},ContainerReplica{containerID=#1, state=OPEN, datanodeDetails=f3aed214-ddd5-444c-98e8-173d17ff867b{ip: 10.1.0.4, host: fv-az184-17.3ow45vhwbzuu5incsxmygykede.cx.internal.cloudapp.net, ports: [REPLICATION=46489, RATIS=34925, RATIS_ADMIN=34925, RATIS_SERVER=34925, STANDALONE=43539], networkLocation: /default-rack, certSerialId: null, persistedOpState: IN_SERVICE, persistedOpStateExpiryEpochSec: 0}, placeOfBirth=f3aed214-ddd5-444c-98e8-173d17ff867b, sequenceId=74, keyCount=7, bytesUsed=133}}
2022-03-11 10:49:33,611 [Command processor thread] INFO  server.RaftServer$Division (RaftServerImpl.java:groupRemove(382)) - 693b3978-b6c3-4afe-acf3-887a6d6ab502@group-B46C76AC753E: Succeed to remove RaftStorageDirectory Storage Directory /home/runner/work/ozone/ozone/hadoop-ozone/integration-test/target/test-dir/MiniOzoneClusterImpl-80d3c9c6-9062-4062-b57d-7974188da005/datanode-2/data/ratis/1fa5eb99-f4f0-4ee0-abc8-b46c76ac753e
2022-03-11 10:49:33,611 [Command processor thread] INFO  commandhandler.ClosePipelineCommandHandler (ClosePipelineCommandHandler.java:handle(78)) - Close Pipeline PipelineID=1fa5eb99-f4f0-4ee0-abc8-b46c76ac753e command on datanode 693b3978-b6c3-4afe-acf3-887a6d6ab502.
2022-03-11 10:49:33,611 [DatanodeAdminManager-0] INFO  node.DatanodeAdminMonitorImpl (DatanodeAdminMonitorImpl.java:checkContainersReplicatedOnNode(317)) - Unhealthy Container #1 Container State: QUASI_CLOSED Replica Count: 3 Healthy Count: 2 Decommission Count: 1 Maintenance Count: 0 inFlightAdd Count: 0 inFightDel Count: 0 ReplicationFactor: 3 minMaintenance Count: 2; Replicas{ContainerReplica{containerID=#1, state=OPEN, datanodeDetails=ba75fcdf-ff67-476a-a5ef-de9b108b869e{ip: 10.1.0.4, host: fv-az184-17.3ow45vhwbzuu5incsxmygykede.cx.internal.cloudapp.net, ports: [REPLICATION=42699, RATIS=41971, RATIS_ADMIN=41971, RATIS_SERVER=41971, STANDALONE=42581], networkLocation: /default-rack, certSerialId: null, persistedOpState: DECOMMISSIONING, persistedOpStateExpiryEpochSec: 0}, placeOfBirth=ba75fcdf-ff67-476a-a5ef-de9b108b869e, sequenceId=74, keyCount=7, bytesUsed=133},ContainerReplica{containerID=#1, state=QUASI_CLOSED, datanodeDetails=693b3978-b6c3-4afe-acf3-887a6d6ab502{ip: 10.1.0.4, host: fv-az184-17.3ow45vhwbzuu5incsxmygykede.cx.internal.cloudapp.net, ports: [REPLICATION=45673, RATIS=38697, RATIS_ADMIN=38697, RATIS_SERVER=38697, STANDALONE=45665], networkLocation: /default-rack, certSerialId: null, persistedOpState: IN_SERVICE, persistedOpStateExpiryEpochSec: 0}, placeOfBirth=693b3978-b6c3-4afe-acf3-887a6d6ab502, sequenceId=74, keyCount=7, bytesUsed=133},ContainerReplica{containerID=#1, state=OPEN, datanodeDetails=f3aed214-ddd5-444c-98e8-173d17ff867b{ip: 10.1.0.4, host: fv-az184-17.3ow45vhwbzuu5incsxmygykede.cx.internal.cloudapp.net, ports: [REPLICATION=46489, RATIS=34925, RATIS_ADMIN=34925, RATIS_SERVER=34925, STANDALONE=43539], networkLocation: /default-rack, certSerialId: null, persistedOpState: IN_SERVICE, persistedOpStateExpiryEpochSec: 0}, placeOfBirth=f3aed214-ddd5-444c-98e8-173d17ff867b, sequenceId=74, keyCount=7, bytesUsed=133}}
2022-03-11 10:49:33,611 [DatanodeAdminManager-0] INFO  node.DatanodeAdminMonitorImpl (DatanodeAdminMonitorImpl.java:checkContainersReplicatedOnNode(306)) - Under Replicated Container #2 Container State: QUASI_CLOSED Replica Count: 3 Healthy Count: 2 Decommission Count: 1 Maintenance Count: 0 inFlightAdd Count: 0 inFightDel Count: 0 ReplicationFactor: 3 minMaintenance Count: 2; Replicas{ContainerReplica{containerID=#2, state=OPEN, datanodeDetails=f3aed214-ddd5-444c-98e8-173d17ff867b{ip: 10.1.0.4, host: fv-az184-17.3ow45vhwbzuu5incsxmygykede.cx.internal.cloudapp.net, ports: [REPLICATION=46489, RATIS=34925, RATIS_ADMIN=34925, RATIS_SERVER=34925, STANDALONE=43539], networkLocation: /default-rack, certSerialId: null, persistedOpState: IN_SERVICE, persistedOpStateExpiryEpochSec: 0}, placeOfBirth=f3aed214-ddd5-444c-98e8-173d17ff867b, sequenceId=78, keyCount=7, bytesUsed=133},ContainerReplica{containerID=#2, state=OPEN, datanodeDetails=ba75fcdf-ff67-476a-a5ef-de9b108b869e{ip: 10.1.0.4, host: fv-az184-17.3ow45vhwbzuu5incsxmygykede.cx.internal.cloudapp.net, ports: [REPLICATION=42699, RATIS=41971, RATIS_ADMIN=41971, RATIS_SERVER=41971, STANDALONE=42581], networkLocation: /default-rack, certSerialId: null, persistedOpState: DECOMMISSIONING, persistedOpStateExpiryEpochSec: 0}, placeOfBirth=ba75fcdf-ff67-476a-a5ef-de9b108b869e, sequenceId=78, keyCount=7, bytesUsed=133},ContainerReplica{containerID=#2, state=QUASI_CLOSED, datanodeDetails=693b3978-b6c3-4afe-acf3-887a6d6ab502{ip: 10.1.0.4, host: fv-az184-17.3ow45vhwbzuu5incsxmygykede.cx.internal.cloudapp.net, ports: [REPLICATION=45673, RATIS=38697, RATIS_ADMIN=38697, RATIS_SERVER=38697, STANDALONE=45665], networkLocation: /default-rack, certSerialId: null, persistedOpState: IN_SERVICE, persistedOpStateExpiryEpochSec: 0}, placeOfBirth=693b3978-b6c3-4afe-acf3-887a6d6ab502, sequenceId=78, keyCount=7, bytesUsed=133}}
2022-03-11 10:49:33,611 [DatanodeAdminManager-0] INFO  node.DatanodeAdminMonitorImpl (DatanodeAdminMonitorImpl.java:checkContainersReplicatedOnNode(317)) - Unhealthy Container #2 Container State: QUASI_CLOSED Replica Count: 3 Healthy Count: 2 Decommission Count: 1 Maintenance Count: 0 inFlightAdd Count: 0 inFightDel Count: 0 ReplicationFactor: 3 minMaintenance Count: 2; Replicas{ContainerReplica{containerID=#2, state=OPEN, datanodeDetails=f3aed214-ddd5-444c-98e8-173d17ff867b{ip: 10.1.0.4, host: fv-az184-17.3ow45vhwbzuu5incsxmygykede.cx.internal.cloudapp.net, ports: [REPLICATION=46489, RATIS=34925, RATIS_ADMIN=34925, RATIS_SERVER=34925, STANDALONE=43539], networkLocation: /default-rack, certSerialId: null, persistedOpState: IN_SERVICE, persistedOpStateExpiryEpochSec: 0}, placeOfBirth=f3aed214-ddd5-444c-98e8-173d17ff867b, sequenceId=78, keyCount=7, bytesUsed=133},ContainerReplica{containerID=#2, state=OPEN, datanodeDetails=ba75fcdf-ff67-476a-a5ef-de9b108b869e{ip: 10.1.0.4, host: fv-az184-17.3ow45vhwbzuu5incsxmygykede.cx.internal.cloudapp.net, ports: [REPLICATION=42699, RATIS=41971, RATIS_ADMIN=41971, RATIS_SERVER=41971, STANDALONE=42581], networkLocation: /default-rack, certSerialId: null, persistedOpState: DECOMMISSIONING, persistedOpStateExpiryEpochSec: 0}, placeOfBirth=ba75fcdf-ff67-476a-a5ef-de9b108b869e, sequenceId=78, keyCount=7, bytesUsed=133},ContainerReplica{containerID=#2, state=QUASI_CLOSED, datanodeDetails=693b3978-b6c3-4afe-acf3-887a6d6ab502{ip: 10.1.0.4, host: fv-az184-17.3ow45vhwbzuu5incsxmygykede.cx.internal.cloudapp.net, ports: [REPLICATION=45673, RATIS=38697, RATIS_ADMIN=38697, RATIS_SERVER=38697, STANDALONE=45665], networkLocation: /default-rack, certSerialId: null, persistedOpState: IN_SERVICE, persistedOpStateExpiryEpochSec: 0}, placeOfBirth=693b3978-b6c3-4afe-acf3-887a6d6ab502, sequenceId=78, keyCount=7, bytesUsed=133}}
2022-03-11 10:49:33,611 [DatanodeAdminManager-0] INFO  node.DatanodeAdminMonitorImpl (DatanodeAdminMonitorImpl.java:checkContainersReplicatedOnNode(306)) - Under Replicated Container #3 Container State: QUASI_CLOSED Replica Count: 3 Healthy Count: 2 Decommission Count: 1 Maintenance Count: 0 inFlightAdd Count: 0 inFightDel Count: 0 ReplicationFactor: 3 minMaintenance Count: 2; Replicas{ContainerReplica{containerID=#3, state=QUASI_CLOSED, datanodeDetails=693b3978-b6c3-4afe-acf3-887a6d6ab502{ip: 10.1.0.4, host: fv-az184-17.3ow45vhwbzuu5incsxmygykede.cx.internal.cloudapp.net, ports: [REPLICATION=45673, RATIS=38697, RATIS_ADMIN=38697, RATIS_SERVER=38697, STANDALONE=45665], networkLocation: /default-rack, certSerialId: null, persistedOpState: IN_SERVICE, persistedOpStateExpiryEpochSec: 0}, placeOfBirth=693b3978-b6c3-4afe-acf3-887a6d6ab502, sequenceId=71, keyCount=6, bytesUsed=114},ContainerReplica{containerID=#3, state=OPEN, datanodeDetails=f3aed214-ddd5-444c-98e8-173d17ff867b{ip: 10.1.0.4, host: fv-az184-17.3ow45vhwbzuu5incsxmygykede.cx.internal.cloudapp.net, ports: [REPLICATION=46489, RATIS=34925, RATIS_ADMIN=34925, RATIS_SERVER=34925, STANDALONE=43539], networkLocation: /default-rack, certSerialId: null, persistedOpState: IN_SERVICE, persistedOpStateExpiryEpochSec: 0}, placeOfBirth=f3aed214-ddd5-444c-98e8-173d17ff867b, sequenceId=71, keyCount=6, bytesUsed=114},ContainerReplica{containerID=#3, state=OPEN, datanodeDetails=ba75fcdf-ff67-476a-a5ef-de9b108b869e{ip: 10.1.0.4, host: fv-az184-17.3ow45vhwbzuu5incsxmygykede.cx.internal.cloudapp.net, ports: [REPLICATION=42699, RATIS=41971, RATIS_ADMIN=41971, RATIS_SERVER=41971, STANDALONE=42581], networkLocation: /default-rack, certSerialId: null, persistedOpState: DECOMMISSIONING, persistedOpStateExpiryEpochSec: 0}, placeOfBirth=ba75fcdf-ff67-476a-a5ef-de9b108b869e, sequenceId=71, keyCount=6, bytesUsed=114}}
2022-03-11 10:49:33,611 [DatanodeAdminManager-0] INFO  node.DatanodeAdminMonitorImpl (DatanodeAdminMonitorImpl.java:checkContainersReplicatedOnNode(317)) - Unhealthy Container #3 Container State: QUASI_CLOSED Replica Count: 3 Healthy Count: 2 Decommission Count: 1 Maintenance Count: 0 inFlightAdd Count: 0 inFightDel Count: 0 ReplicationFactor: 3 minMaintenance Count: 2; Replicas{ContainerReplica{containerID=#3, state=QUASI_CLOSED, datanodeDetails=693b3978-b6c3-4afe-acf3-887a6d6ab502{ip: 10.1.0.4, host: fv-az184-17.3ow45vhwbzuu5incsxmygykede.cx.internal.cloudapp.net, ports: [REPLICATION=45673, RATIS=38697, RATIS_ADMIN=38697, RATIS_SERVER=38697, STANDALONE=45665], networkLocation: /default-rack, certSerialId: null, persistedOpState: IN_SERVICE, persistedOpStateExpiryEpochSec: 0}, placeOfBirth=693b3978-b6c3-4afe-acf3-887a6d6ab502, sequenceId=71, keyCount=6, bytesUsed=114},ContainerReplica{containerID=#3, state=OPEN, datanodeDetails=f3aed214-ddd5-444c-98e8-173d17ff867b{ip: 10.1.0.4, host: fv-az184-17.3ow45vhwbzuu5incsxmygykede.cx.internal.cloudapp.net, ports: [REPLICATION=46489, RATIS=34925, RATIS_ADMIN=34925, RATIS_SERVER=34925, STANDALONE=43539], networkLocation: /default-rack, certSerialId: null, persistedOpState: IN_SERVICE, persistedOpStateExpiryEpochSec: 0}, placeOfBirth=f3aed214-ddd5-444c-98e8-173d17ff867b, sequenceId=71, keyCount=6, bytesUsed=114},ContainerReplica{containerID=#3, state=OPEN, datanodeDetails=ba75fcdf-ff67-476a-a5ef-de9b108b869e{ip: 10.1.0.4, host: fv-az184-17.3ow45vhwbzuu5incsxmygykede.cx.internal.cloudapp.net, ports: [REPLICATION=42699, RATIS=41971, RATIS_ADMIN=41971, RATIS_SERVER=41971, STANDALONE=42581], networkLocation: /default-rack, certSerialId: null, persistedOpState: DECOMMISSIONING, persistedOpStateExpiryEpochSec: 0}, placeOfBirth=ba75fcdf-ff67-476a-a5ef-de9b108b869e, sequenceId=71, keyCount=6, bytesUsed=114}}
2022-03-11 10:49:33,611 [DatanodeAdminManager-0] INFO  node.DatanodeAdminMonitorImpl (DatanodeAdminMonitorImpl.java:checkContainersReplicatedOnNode(327)) - ba75fcdf-ff67-476a-a5ef-de9b108b869e{ip: 10.1.0.4, host: fv-az184-17.3ow45vhwbzuu5incsxmygykede.cx.internal.cloudapp.net, ports: [REPLICATION=42699, RATIS=41971, RATIS_ADMIN=41971, RATIS_SERVER=41971, STANDALONE=42581], networkLocation: /default-rack, certSerialId: null, persistedOpState: DECOMMISSIONING, persistedOpStateExpiryEpochSec: 0} has 0 sufficientlyReplicated, 3 underReplicated and 3 unhealthy containers
2022-03-11 10:49:33,611 [DatanodeAdminManager-0] INFO  node.DatanodeAdminMonitorImpl (DatanodeAdminMonitorImpl.java:run(148)) - There are 1 nodes tracked for decommission and maintenance. 0 pending nodes.
2022-03-11 10:49:33,687 [ReplicationMonitor] INFO  container.ReplicationManager (ReplicationManager.java:handleUnderReplicatedContainer(1224)) - Container #1 is under replicated. Expected replica count is 3, but found 2.
2022-03-11 10:49:33,687 [ReplicationMonitor] INFO  container.ReplicationManager (ReplicationManager.java:sendReplicateCommand(1578)) - Sending replicate container command for container #1 to datanode 11a6928f-62a2-488c-b467-9300cf759126{ip: 10.1.0.4, host: fv-az184-17.3ow45vhwbzuu5incsxmygykede.cx.internal.cloudapp.net, ports: [REPLICATION=39481, RATIS=45575, RATIS_ADMIN=45575, RATIS_SERVER=45575, STANDALONE=36645], networkLocation: /default-rack, certSerialId: null, persistedOpState: IN_SERVICE, persistedOpStateExpiryEpochSec: 0} from datanodes [693b3978-b6c3-4afe-acf3-887a6d6ab502{ip: 10.1.0.4, host: fv-az184-17.3ow45vhwbzuu5incsxmygykede.cx.internal.cloudapp.net, ports: [REPLICATION=45673, RATIS=38697, RATIS_ADMIN=38697, RATIS_SERVER=38697, STANDALONE=45665], networkLocation: /default-rack, certSerialId: null, persistedOpState: IN_SERVICE, persistedOpStateExpiryEpochSec: 0}]
2022-03-11 10:49:33,688 [ReplicationMonitor] INFO  container.ReplicationManager (ReplicationManager.java:handleUnderReplicatedContainer(1224)) - Container #2 is under replicated. Expected replica count is 3, but found 2.
2022-03-11 10:49:33,688 [ReplicationMonitor] INFO  container.ReplicationManager (ReplicationManager.java:sendReplicateCommand(1578)) - Sending replicate container command for container #2 to datanode 11a6928f-62a2-488c-b467-9300cf759126{ip: 10.1.0.4, host: fv-az184-17.3ow45vhwbzuu5incsxmygykede.cx.internal.cloudapp.net, ports: [REPLICATION=39481, RATIS=45575, RATIS_ADMIN=45575, RATIS_SERVER=45575, STANDALONE=36645], networkLocation: /default-rack, certSerialId: null, persistedOpState: IN_SERVICE, persistedOpStateExpiryEpochSec: 0} from datanodes [693b3978-b6c3-4afe-acf3-887a6d6ab502{ip: 10.1.0.4, host: fv-az184-17.3ow45vhwbzuu5incsxmygykede.cx.internal.cloudapp.net, ports: [REPLICATION=45673, RATIS=38697, RATIS_ADMIN=38697, RATIS_SERVER=38697, STANDALONE=45665], networkLocation: /default-rack, certSerialId: null, persistedOpState: IN_SERVICE, persistedOpStateExpiryEpochSec: 0}]
2022-03-11 10:49:33,688 [ReplicationMonitor] INFO  container.ReplicationManager (ReplicationManager.java:handleUnderReplicatedContainer(1224)) - Container #3 is under replicated. Expected replica count is 3, but found 2.
2022-03-11 10:49:33,688 [ReplicationMonitor] INFO  container.ReplicationManager (ReplicationManager.java:sendReplicateCommand(1578)) - Sending replicate container command for container #3 to datanode 23e4bfc5-cacb-4fc8-be31-ea8930f2c93f{ip: 10.1.0.4, host: fv-az184-17.3ow45vhwbzuu5incsxmygykede.cx.internal.cloudapp.net, ports: [REPLICATION=41749, RATIS=35685, RATIS_ADMIN=35685, RATIS_SERVER=35685, STANDALONE=38139], networkLocation: /default-rack, certSerialId: null, persistedOpState: IN_SERVICE, persistedOpStateExpiryEpochSec: 0} from datanodes [693b3978-b6c3-4afe-acf3-887a6d6ab502{ip: 10.1.0.4, host: fv-az184-17.3ow45vhwbzuu5incsxmygykede.cx.internal.cloudapp.net, ports: [REPLICATION=45673, RATIS=38697, RATIS_ADMIN=38697, RATIS_SERVER=38697, STANDALONE=45665], networkLocation: /default-rack, certSerialId: null, persistedOpState: IN_SERVICE, persistedOpStateExpiryEpochSec: 0}]
2022-03-11 10:49:33,688 [ReplicationMonitor] INFO  container.ReplicationManager (ReplicationManager.java:processAll(387)) - Replication Monitor Thread took 7 milliseconds for processing 3 containers.
2022-03-11 10:49:33,844 [Listener at 127.0.0.1/32795] INFO  ozone.MiniOzoneClusterImpl (MiniOzoneClusterImpl.java:lambda$waitForClusterToBeReady$0(219)) - Waiting for nodes to be ready. Got 3 of 6 DN Heartbeats.
2022-03-11 10:49:33,844 [Listener at 127.0.0.1/32795] INFO  ozone.MiniOzoneClusterImpl (MiniOzoneClusterImpl.java:lambda$waitForClusterToBeReady$0(222)) - Waiting for cluster to exit safe mode
2022-03-11 10:49:33,844 [Listener at 127.0.0.1/32795] INFO  ozone.MiniOzoneClusterImpl (MiniOzoneClusterImpl.java:lambda$waitForClusterToBeReady$0(224)) - SCM became leader
2022-03-11 10:49:34,014 [IPC Server handler 3 on default port 34787] INFO  net.NetworkTopologyImpl (NetworkTopologyImpl.java:add(112)) - Added a new node: /default-rack/7d731325-8a9a-4339-8945-d516f5c771ba
2022-03-11 10:49:34,014 [IPC Server handler 3 on default port 34787] INFO  node.SCMNodeManager (SCMNodeManager.java:register(391)) - Registered Data node : 7d731325-8a9a-4339-8945-d516f5c771ba{ip: 10.1.0.4, host: fv-az184-17.3ow45vhwbzuu5incsxmygykede.cx.internal.cloudapp.net, ports: [REPLICATION=38531, RATIS=40061, RATIS_ADMIN=40061, RATIS_SERVER=40061, STANDALONE=43627], networkLocation: /default-rack, certSerialId: null, persistedOpState: null, persistedOpStateExpiryEpochSec: 0}
2022-03-11 10:49:34,014 [EventQueue-NewNodeForNewNodeHandler] INFO  pipeline.BackgroundPipelineCreator (BackgroundPipelineCreator.java:notifyEventTriggered(285)) - trigger a one-shot run on RatisPipelineUtilsThread.
2022-03-11 10:49:34,015 [RatisPipelineUtilsThread - 0] INFO  pipeline.RatisPipelineProvider (RatisPipelineProvider.java:lambda$create$0(183)) - Sending CreatePipelineCommand for pipeline:PipelineID=0b687507-4fb0-4f17-99f1-cabd2ee68da4 to datanode:7d731325-8a9a-4339-8945-d516f5c771ba
2022-03-11 10:49:34,015 [RatisPipelineUtilsThread - 0] INFO  pipeline.PipelineStateManagerImpl (PipelineStateManagerImpl.java:addPipeline(101)) - Created pipeline Pipeline[ Id: 0b687507-4fb0-4f17-99f1-cabd2ee68da4, Nodes: 7d731325-8a9a-4339-8945-d516f5c771ba{ip: 10.1.0.4, host: fv-az184-17.3ow45vhwbzuu5incsxmygykede.cx.internal.cloudapp.net, ports: [REPLICATION=38531, RATIS=40061, RATIS_ADMIN=40061, RATIS_SERVER=40061, STANDALONE=43627], networkLocation: /default-rack, certSerialId: null, persistedOpState: IN_SERVICE, persistedOpStateExpiryEpochSec: 0}, ReplicationConfig: RATIS/ONE, State:ALLOCATED, leaderId:, CreationTimestamp2022-03-11T10:49:34.015Z[Etc/UTC]].
2022-03-11 10:49:34,358 [ReplicationMonitor] INFO  container.ReplicationManager (ReplicationManager.java:processAll(374)) - Replication Manager is not ready to run until 3000ms after safemode exit
2022-03-11 10:49:34,491 [Command processor thread] INFO  server.RaftServer (RaftServerProxy.java:remove(106)) - ba75fcdf-ff67-476a-a5ef-de9b108b869e: remove  FOLLOWER ba75fcdf-ff67-476a-a5ef-de9b108b869e@group-B46C76AC753E:t1, leader=f3aed214-ddd5-444c-98e8-173d17ff867b, voted=f3aed214-ddd5-444c-98e8-173d17ff867b, raftlog=ba75fcdf-ff67-476a-a5ef-de9b108b869e@group-B46C76AC753E-SegmentedRaftLog:OPENED:c80, conf=0: [f3aed214-ddd5-444c-98e8-173d17ff867b|rpc:10.1.0.4:34925|dataStream:|priority:1, 693b3978-b6c3-4afe-acf3-887a6d6ab502|rpc:10.1.0.4:38697|dataStream:|priority:0, ba75fcdf-ff67-476a-a5ef-de9b108b869e|rpc:10.1.0.4:41971|dataStream:|priority:0], old=null RUNNING
2022-03-11 10:49:34,491 [Command processor thread] INFO  server.RaftServer$Division (RaftServerImpl.java:lambda$close$4(412)) - ba75fcdf-ff67-476a-a5ef-de9b108b869e@group-B46C76AC753E: shutdown
2022-03-11 10:49:34,491 [Command processor thread] INFO  util.JmxRegister (JmxRegister.java:unregister(73)) - Successfully un-registered JMX Bean with object name Ratis:service=RaftServer,group=group-B46C76AC753E,id=ba75fcdf-ff67-476a-a5ef-de9b108b869e
2022-03-11 10:49:34,491 [Command processor thread] INFO  impl.RoleInfo (RoleInfo.java:shutdownFollowerState(108)) - ba75fcdf-ff67-476a-a5ef-de9b108b869e: shutdown ba75fcdf-ff67-476a-a5ef-de9b108b869e@group-B46C76AC753E-FollowerState
2022-03-11 10:49:34,491 [Command processor thread] INFO  impl.StateMachineUpdater (StateMachineUpdater.java:stopAndJoin(149)) - ba75fcdf-ff67-476a-a5ef-de9b108b869e@group-B46C76AC753E-StateMachineUpdater: set stopIndex = 80
2022-03-11 10:49:34,491 [ba75fcdf-ff67-476a-a5ef-de9b108b869e@group-B46C76AC753E-FollowerState] INFO  impl.FollowerState (FollowerState.java:run(143)) - ba75fcdf-ff67-476a-a5ef-de9b108b869e@group-B46C76AC753E-FollowerState was interrupted: {}
java.lang.InterruptedException: sleep interrupted
	at java.lang.Thread.sleep(Native Method)
	at java.lang.Thread.sleep(Thread.java:342)
	at java.util.concurrent.TimeUnit.sleep(TimeUnit.java:386)
	at org.apache.ratis.util.TimeDuration.sleep(TimeDuration.java:324)
	at org.apache.ratis.util.TimeDuration.sleep(TimeDuration.java:309)
	at org.apache.ratis.server.impl.FollowerState.run(FollowerState.java:118)
2022-03-11 10:49:34,496 [ba75fcdf-ff67-476a-a5ef-de9b108b869e@group-B46C76AC753E-StateMachineUpdater] INFO  ratis.ContainerStateMachine (ContainerStateMachine.java:takeSnapshot(304)) - group-B46C76AC753E: Taking a snapshot at:(t:1, i:80) file /home/runner/work/ozone/ozone/hadoop-ozone/integration-test/target/test-dir/MiniOzoneClusterImpl-80d3c9c6-9062-4062-b57d-7974188da005/datanode-1/data/ratis/1fa5eb99-f4f0-4ee0-abc8-b46c76ac753e/sm/snapshot.1_80
2022-03-11 10:49:34,497 [EventQueue-PipelineReportForPipelineReportHandler] INFO  pipeline.PipelineReportHandler (PipelineReportHandler.java:processPipelineReport(113)) - Reported pipeline PipelineID=1fa5eb99-f4f0-4ee0-abc8-b46c76ac753e is not found
2022-03-11 10:49:34,498 [EventQueue-PipelineReportForPipelineReportHandler] INFO  pipeline.PipelineReportHandler (PipelineReportHandler.java:processPipelineReport(113)) - Reported pipeline PipelineID=2ce12bc1-5aa5-4127-9fe9-dcfdb9591962 is not found
2022-03-11 10:49:34,499 [ba75fcdf-ff67-476a-a5ef-de9b108b869e@group-B46C76AC753E-StateMachineUpdater] INFO  ratis.ContainerStateMachine (ContainerStateMachine.java:takeSnapshot(315)) - group-B46C76AC753E: Finished taking a snapshot at:(t:1, i:80) file:/home/runner/work/ozone/ozone/hadoop-ozone/integration-test/target/test-dir/MiniOzoneClusterImpl-80d3c9c6-9062-4062-b57d-7974188da005/datanode-1/data/ratis/1fa5eb99-f4f0-4ee0-abc8-b46c76ac753e/sm/snapshot.1_80 took: 2 ms
2022-03-11 10:49:34,499 [ba75fcdf-ff67-476a-a5ef-de9b108b869e@group-B46C76AC753E-StateMachineUpdater] INFO  impl.StateMachineUpdater (StateMachineUpdater.java:takeSnapshot(281)) - ba75fcdf-ff67-476a-a5ef-de9b108b869e@group-B46C76AC753E-StateMachineUpdater: Took a snapshot at index 80
2022-03-11 10:49:34,499 [ba75fcdf-ff67-476a-a5ef-de9b108b869e@group-B46C76AC753E-StateMachineUpdater] INFO  impl.StateMachineUpdater (StateMachineUpdater.java:lambda$new$0(89)) - ba75fcdf-ff67-476a-a5ef-de9b108b869e@group-B46C76AC753E-StateMachineUpdater: snapshotIndex: updateIncreasingly -1 -> 80
2022-03-11 10:49:34,499 [Command processor thread] INFO  server.RaftServer$Division (ServerState.java:close(419)) - ba75fcdf-ff67-476a-a5ef-de9b108b869e@group-B46C76AC753E: closes. applyIndex: 80
2022-03-11 10:49:34,500 [ba75fcdf-ff67-476a-a5ef-de9b108b869e@group-B46C76AC753E-SegmentedRaftLogWorker] INFO  segmented.SegmentedRaftLogWorker (SegmentedRaftLogWorker.java:run(327)) - ba75fcdf-ff67-476a-a5ef-de9b108b869e@group-B46C76AC753E-SegmentedRaftLogWorker was interrupted, exiting. There are 0 tasks remaining in the queue.
2022-03-11 10:49:34,500 [Command processor thread] INFO  segmented.SegmentedRaftLogWorker (SegmentedRaftLogWorker.java:close(237)) - ba75fcdf-ff67-476a-a5ef-de9b108b869e@group-B46C76AC753E-SegmentedRaftLogWorker close()
2022-03-11 10:49:34,501 [IPC Server handler 4 on default port 34787] INFO  net.NetworkTopologyImpl (NetworkTopologyImpl.java:add(112)) - Added a new node: /default-rack/f8dfa1df-1adf-42a0-846b-31040712e3d8
2022-03-11 10:49:34,504 [IPC Server handler 4 on default port 34787] INFO  node.SCMNodeManager (SCMNodeManager.java:register(391)) - Registered Data node : f8dfa1df-1adf-42a0-846b-31040712e3d8{ip: 10.1.0.4, host: fv-az184-17.3ow45vhwbzuu5incsxmygykede.cx.internal.cloudapp.net, ports: [REPLICATION=43693, RATIS=44285, RATIS_ADMIN=44285, RATIS_SERVER=44285, STANDALONE=42375], networkLocation: /default-rack, certSerialId: null, persistedOpState: null, persistedOpStateExpiryEpochSec: 0}
2022-03-11 10:49:34,504 [EventQueue-NewNodeForNewNodeHandler] INFO  pipeline.BackgroundPipelineCreator (BackgroundPipelineCreator.java:notifyEventTriggered(285)) - trigger a one-shot run on RatisPipelineUtilsThread.
2022-03-11 10:49:34,505 [RatisPipelineUtilsThread - 0] INFO  pipeline.RatisPipelineProvider (RatisPipelineProvider.java:lambda$create$0(183)) - Sending CreatePipelineCommand for pipeline:PipelineID=7895dc2b-41d1-4c82-8c16-60978c12ec3c to datanode:f8dfa1df-1adf-42a0-846b-31040712e3d8
2022-03-11 10:49:34,505 [RatisPipelineUtilsThread - 0] INFO  pipeline.PipelineStateManagerImpl (PipelineStateManagerImpl.java:addPipeline(101)) - Created pipeline Pipeline[ Id: 7895dc2b-41d1-4c82-8c16-60978c12ec3c, Nodes: f8dfa1df-1adf-42a0-846b-31040712e3d8{ip: 10.1.0.4, host: fv-az184-17.3ow45vhwbzuu5incsxmygykede.cx.internal.cloudapp.net, ports: [REPLICATION=43693, RATIS=44285, RATIS_ADMIN=44285, RATIS_SERVER=44285, STANDALONE=42375], networkLocation: /default-rack, certSerialId: null, persistedOpState: IN_SERVICE, persistedOpStateExpiryEpochSec: 0}, ReplicationConfig: RATIS/ONE, State:ALLOCATED, leaderId:, CreationTimestamp2022-03-11T10:49:34.505Z[Etc/UTC]].
2022-03-11 10:49:34,509 [Command processor thread] INFO  keyvalue.KeyValueContainer (KeyValueContainer.java:flushAndSyncDB(427)) - Container 1 is synced with bcsId 74.
2022-03-11 10:49:34,510 [Command processor thread] INFO  keyvalue.KeyValueContainer (KeyValueContainer.java:flushAndSyncDB(427)) - Container 1 is synced with bcsId 74.
2022-03-11 10:49:34,512 [Command processor thread] INFO  server.RaftServer (RaftServerProxy.java:remove(106)) - f3aed214-ddd5-444c-98e8-173d17ff867b: remove    LEADER f3aed214-ddd5-444c-98e8-173d17ff867b@group-B46C76AC753E:t1, leader=f3aed214-ddd5-444c-98e8-173d17ff867b, voted=f3aed214-ddd5-444c-98e8-173d17ff867b, raftlog=f3aed214-ddd5-444c-98e8-173d17ff867b@group-B46C76AC753E-SegmentedRaftLog:OPENED:c80, conf=0: [f3aed214-ddd5-444c-98e8-173d17ff867b|rpc:10.1.0.4:34925|dataStream:|priority:1, 693b3978-b6c3-4afe-acf3-887a6d6ab502|rpc:10.1.0.4:38697|dataStream:|priority:0, ba75fcdf-ff67-476a-a5ef-de9b108b869e|rpc:10.1.0.4:41971|dataStream:|priority:0], old=null RUNNING
2022-03-11 10:49:34,512 [Command processor thread] INFO  server.RaftServer$Division (RaftServerImpl.java:lambda$close$4(412)) - f3aed214-ddd5-444c-98e8-173d17ff867b@group-B46C76AC753E: shutdown
2022-03-11 10:49:34,512 [Command processor thread] INFO  util.JmxRegister (JmxRegister.java:unregister(73)) - Successfully un-registered JMX Bean with object name Ratis:service=RaftServer,group=group-B46C76AC753E,id=f3aed214-ddd5-444c-98e8-173d17ff867b
2022-03-11 10:49:34,512 [Command processor thread] INFO  impl.RoleInfo (RoleInfo.java:shutdownLeaderState(91)) - f3aed214-ddd5-444c-98e8-173d17ff867b: shutdown f3aed214-ddd5-444c-98e8-173d17ff867b@group-B46C76AC753E-LeaderStateImpl
2022-03-11 10:49:34,513 [f3aed214-ddd5-444c-98e8-173d17ff867b@group-B46C76AC753E->693b3978-b6c3-4afe-acf3-887a6d6ab502-GrpcLogAppender-LogAppenderDaemon] WARN  server.GrpcLogAppender (GrpcLogAppender.java:mayWait(177)) - f3aed214-ddd5-444c-98e8-173d17ff867b@group-B46C76AC753E->693b3978-b6c3-4afe-acf3-887a6d6ab502-GrpcLogAppender: Wait interrupted by java.lang.InterruptedException
2022-03-11 10:49:34,513 [Command processor thread] INFO  impl.PendingRequests (PendingRequests.java:sendNotLeaderResponses(282)) - f3aed214-ddd5-444c-98e8-173d17ff867b@group-B46C76AC753E-PendingRequests: sendNotLeaderResponses
2022-03-11 10:49:34,517 [Command processor thread] INFO  impl.StateMachineUpdater (StateMachineUpdater.java:stopAndJoin(149)) - f3aed214-ddd5-444c-98e8-173d17ff867b@group-B46C76AC753E-StateMachineUpdater: set stopIndex = 80
2022-03-11 10:49:34,513 [f3aed214-ddd5-444c-98e8-173d17ff867b@group-B46C76AC753E->ba75fcdf-ff67-476a-a5ef-de9b108b869e-GrpcLogAppender-LogAppenderDaemon] WARN  server.GrpcLogAppender (GrpcLogAppender.java:mayWait(177)) - f3aed214-ddd5-444c-98e8-173d17ff867b@group-B46C76AC753E->ba75fcdf-ff67-476a-a5ef-de9b108b869e-GrpcLogAppender: Wait interrupted by java.lang.InterruptedException
2022-03-11 10:49:34,517 [f3aed214-ddd5-444c-98e8-173d17ff867b@group-B46C76AC753E-StateMachineUpdater] INFO  ratis.ContainerStateMachine (ContainerStateMachine.java:takeSnapshot(304)) - group-B46C76AC753E: Taking a snapshot at:(t:1, i:80) file /home/runner/work/ozone/ozone/hadoop-ozone/integration-test/target/test-dir/MiniOzoneClusterImpl-80d3c9c6-9062-4062-b57d-7974188da005/datanode-0/data/ratis/1fa5eb99-f4f0-4ee0-abc8-b46c76ac753e/sm/snapshot.1_80
2022-03-11 10:49:34,520 [grpc-default-executor-1] INFO  server.GrpcServerProtocolService (GrpcServerProtocolService.java:onCompleted(140)) - ba75fcdf-ff67-476a-a5ef-de9b108b869e: Completed APPEND_ENTRIES, lastRequest: f3aed214-ddd5-444c-98e8-173d17ff867b->ba75fcdf-ff67-476a-a5ef-de9b108b869e#321-t1,previous=(t:1, i:79),leaderCommit=78,initializing? true,entries: size=1, first=(t:1, i:80), METADATAENTRY(c:78)
2022-03-11 10:49:34,521 [f3aed214-ddd5-444c-98e8-173d17ff867b@group-B46C76AC753E-StateMachineUpdater] INFO  ratis.ContainerStateMachine (ContainerStateMachine.java:takeSnapshot(315)) - group-B46C76AC753E: Finished taking a snapshot at:(t:1, i:80) file:/home/runner/work/ozone/ozone/hadoop-ozone/integration-test/target/test-dir/MiniOzoneClusterImpl-80d3c9c6-9062-4062-b57d-7974188da005/datanode-0/data/ratis/1fa5eb99-f4f0-4ee0-abc8-b46c76ac753e/sm/snapshot.1_80 took: 3 ms
2022-03-11 10:49:34,521 [f3aed214-ddd5-444c-98e8-173d17ff867b@group-B46C76AC753E-StateMachineUpdater] INFO  impl.StateMachineUpdater (StateMachineUpdater.java:takeSnapshot(281)) - f3aed214-ddd5-444c-98e8-173d17ff867b@group-B46C76AC753E-StateMachineUpdater: Took a snapshot at index 80
2022-03-11 10:49:34,521 [f3aed214-ddd5-444c-98e8-173d17ff867b@group-B46C76AC753E-StateMachineUpdater] INFO  impl.StateMachineUpdater (StateMachineUpdater.java:lambda$new$0(89)) - f3aed214-ddd5-444c-98e8-173d17ff867b@group-B46C76AC753E-StateMachineUpdater: snapshotIndex: updateIncreasingly -1 -> 80
2022-03-11 10:49:34,521 [Command processor thread] INFO  server.RaftServer$Division (ServerState.java:close(419)) - f3aed214-ddd5-444c-98e8-173d17ff867b@group-B46C76AC753E: closes. applyIndex: 80
2022-03-11 10:49:34,522 [f3aed214-ddd5-444c-98e8-173d17ff867b@group-B46C76AC753E-SegmentedRaftLogWorker] INFO  segmented.SegmentedRaftLogWorker (SegmentedRaftLogWorker.java:run(327)) - f3aed214-ddd5-444c-98e8-173d17ff867b@group-B46C76AC753E-SegmentedRaftLogWorker was interrupted, exiting. There are 0 tasks remaining in the queue.
2022-03-11 10:49:34,522 [Command processor thread] INFO  segmented.SegmentedRaftLogWorker (SegmentedRaftLogWorker.java:close(237)) - f3aed214-ddd5-444c-98e8-173d17ff867b@group-B46C76AC753E-SegmentedRaftLogWorker close()
2022-03-11 10:49:34,523 [Command processor thread] INFO  keyvalue.KeyValueContainer (KeyValueContainer.java:flushAndSyncDB(427)) - Container 2 is synced with bcsId 78.
2022-03-11 10:49:34,523 [Command processor thread] INFO  keyvalue.KeyValueContainer (KeyValueContainer.java:flushAndSyncDB(427)) - Container 2 is synced with bcsId 78.
2022-03-11 10:49:34,523 [grpc-default-executor-2] INFO  server.GrpcLogAppender (GrpcLogAppender.java:onCompleted(346)) - f3aed214-ddd5-444c-98e8-173d17ff867b@group-B46C76AC753E->ba75fcdf-ff67-476a-a5ef-de9b108b869e-AppendLogResponseHandler: follower responses appendEntries COMPLETED
2022-03-11 10:49:34,526 [grpc-default-executor-2] INFO  leader.FollowerInfo (FollowerInfoImpl.java:lambda$new$0(47)) - f3aed214-ddd5-444c-98e8-173d17ff867b@group-B46C76AC753E->ba75fcdf-ff67-476a-a5ef-de9b108b869e: nextIndex: updateUnconditionally 81 -> 80
2022-03-11 10:49:34,529 [grpc-default-executor-3] INFO  server.GrpcServerProtocolService (GrpcServerProtocolService.java:onCompleted(140)) - 693b3978-b6c3-4afe-acf3-887a6d6ab502: Completed APPEND_ENTRIES, lastRequest: f3aed214-ddd5-444c-98e8-173d17ff867b->693b3978-b6c3-4afe-acf3-887a6d6ab502#321-t1,previous=(t:1, i:79),leaderCommit=78,initializing? true,entries: size=1, first=(t:1, i:80), METADATAENTRY(c:78)
2022-03-11 10:49:34,532 [grpc-default-executor-0] INFO  server.GrpcLogAppender (GrpcLogAppender.java:onCompleted(346)) - f3aed214-ddd5-444c-98e8-173d17ff867b@group-B46C76AC753E->693b3978-b6c3-4afe-acf3-887a6d6ab502-AppendLogResponseHandler: follower responses appendEntries COMPLETED
2022-03-11 10:49:34,534 [Command processor thread] INFO  keyvalue.KeyValueContainer (KeyValueContainer.java:flushAndSyncDB(427)) - Container 1 is synced with bcsId 74.
2022-03-11 10:49:34,532 [grpc-default-executor-0] INFO  leader.FollowerInfo (FollowerInfoImpl.java:lambda$new$0(47)) - f3aed214-ddd5-444c-98e8-173d17ff867b@group-B46C76AC753E->693b3978-b6c3-4afe-acf3-887a6d6ab502: nextIndex: updateUnconditionally 81 -> 80
2022-03-11 10:49:34,534 [Command processor thread] INFO  keyvalue.KeyValueContainer (KeyValueContainer.java:flushAndSyncDB(427)) - Container 1 is synced with bcsId 74.
2022-03-11 10:49:34,537 [Command processor thread] INFO  keyvalue.KeyValueContainer (KeyValueContainer.java:flushAndSyncDB(427)) - Container 3 is synced with bcsId 71.
2022-03-11 10:49:34,538 [Command processor thread] INFO  keyvalue.KeyValueContainer (KeyValueContainer.java:flushAndSyncDB(427)) - Container 3 is synced with bcsId 71.
2022-03-11 10:49:34,541 [Command processor thread] INFO  server.RaftServer$Division (RaftServerImpl.java:groupRemove(382)) - ba75fcdf-ff67-476a-a5ef-de9b108b869e@group-B46C76AC753E: Succeed to remove RaftStorageDirectory Storage Directory /home/runner/work/ozone/ozone/hadoop-ozone/integration-test/target/test-dir/MiniOzoneClusterImpl-80d3c9c6-9062-4062-b57d-7974188da005/datanode-1/data/ratis/1fa5eb99-f4f0-4ee0-abc8-b46c76ac753e
2022-03-11 10:49:34,541 [Command processor thread] INFO  commandhandler.ClosePipelineCommandHandler (ClosePipelineCommandHandler.java:handle(78)) - Close Pipeline PipelineID=1fa5eb99-f4f0-4ee0-abc8-b46c76ac753e command on datanode ba75fcdf-ff67-476a-a5ef-de9b108b869e.
2022-03-11 10:49:34,542 [Command processor thread] INFO  server.RaftServer (RaftServerProxy.java:remove(106)) - ba75fcdf-ff67-476a-a5ef-de9b108b869e: remove    LEADER ba75fcdf-ff67-476a-a5ef-de9b108b869e@group-DCFDB9591962:t1, leader=ba75fcdf-ff67-476a-a5ef-de9b108b869e, voted=ba75fcdf-ff67-476a-a5ef-de9b108b869e, raftlog=ba75fcdf-ff67-476a-a5ef-de9b108b869e@group-DCFDB9591962-SegmentedRaftLog:OPENED:c0, conf=0: [ba75fcdf-ff67-476a-a5ef-de9b108b869e|rpc:10.1.0.4:41971|dataStream:|priority:1], old=null RUNNING
2022-03-11 10:49:34,542 [Command processor thread] INFO  server.RaftServer$Division (RaftServerImpl.java:lambda$close$4(412)) - ba75fcdf-ff67-476a-a5ef-de9b108b869e@group-DCFDB9591962: shutdown
2022-03-11 10:49:34,542 [Command processor thread] INFO  keyvalue.KeyValueContainer (KeyValueContainer.java:flushAndSyncDB(427)) - Container 2 is synced with bcsId 78.
2022-03-11 10:49:34,543 [Command processor thread] INFO  keyvalue.KeyValueContainer (KeyValueContainer.java:flushAndSyncDB(427)) - Container 2 is synced with bcsId 78.
2022-03-11 10:49:34,544 [Command processor thread] INFO  util.JmxRegister (JmxRegister.java:unregister(73)) - Successfully un-registered JMX Bean with object name Ratis:service=RaftServer,group=group-DCFDB9591962,id=ba75fcdf-ff67-476a-a5ef-de9b108b869e
2022-03-11 10:49:34,544 [Command processor thread] INFO  impl.RoleInfo (RoleInfo.java:shutdownLeaderState(91)) - ba75fcdf-ff67-476a-a5ef-de9b108b869e: shutdown ba75fcdf-ff67-476a-a5ef-de9b108b869e@group-DCFDB9591962-LeaderStateImpl
2022-03-11 10:49:34,544 [Command processor thread] INFO  impl.PendingRequests (PendingRequests.java:sendNotLeaderResponses(282)) - ba75fcdf-ff67-476a-a5ef-de9b108b869e@group-DCFDB9591962-PendingRequests: sendNotLeaderResponses
2022-03-11 10:49:34,548 [ba75fcdf-ff67-476a-a5ef-de9b108b869e@group-DCFDB9591962-StateMachineUpdater] INFO  ratis.ContainerStateMachine (ContainerStateMachine.java:takeSnapshot(304)) - group-DCFDB9591962: Taking a snapshot at:(t:1, i:0) file /home/runner/work/ozone/ozone/hadoop-ozone/integration-test/target/test-dir/MiniOzoneClusterImpl-80d3c9c6-9062-4062-b57d-7974188da005/datanode-1/data/ratis/2ce12bc1-5aa5-4127-9fe9-dcfdb9591962/sm/snapshot.1_0
2022-03-11 10:49:34,548 [Command processor thread] INFO  impl.StateMachineUpdater (StateMachineUpdater.java:stopAndJoin(149)) - ba75fcdf-ff67-476a-a5ef-de9b108b869e@group-DCFDB9591962-StateMachineUpdater: set stopIndex = 0
2022-03-11 10:49:34,549 [ba75fcdf-ff67-476a-a5ef-de9b108b869e@group-DCFDB9591962-StateMachineUpdater] INFO  ratis.ContainerStateMachine (ContainerStateMachine.java:takeSnapshot(315)) - group-DCFDB9591962: Finished taking a snapshot at:(t:1, i:0) file:/home/runner/work/ozone/ozone/hadoop-ozone/integration-test/target/test-dir/MiniOzoneClusterImpl-80d3c9c6-9062-4062-b57d-7974188da005/datanode-1/data/ratis/2ce12bc1-5aa5-4127-9fe9-dcfdb9591962/sm/snapshot.1_0 took: 1 ms
2022-03-11 10:49:34,549 [ba75fcdf-ff67-476a-a5ef-de9b108b869e@group-DCFDB9591962-StateMachineUpdater] INFO  impl.StateMachineUpdater (StateMachineUpdater.java:takeSnapshot(281)) - ba75fcdf-ff67-476a-a5ef-de9b108b869e@group-DCFDB9591962-StateMachineUpdater: Took a snapshot at index 0
2022-03-11 10:49:34,549 [ba75fcdf-ff67-476a-a5ef-de9b108b869e@group-DCFDB9591962-StateMachineUpdater] INFO  impl.StateMachineUpdater (StateMachineUpdater.java:lambda$new$0(89)) - ba75fcdf-ff67-476a-a5ef-de9b108b869e@group-DCFDB9591962-StateMachineUpdater: snapshotIndex: updateIncreasingly -1 -> 0
2022-03-11 10:49:34,550 [Command processor thread] INFO  server.RaftServer$Division (ServerState.java:close(419)) - ba75fcdf-ff67-476a-a5ef-de9b108b869e@group-DCFDB9591962: closes. applyIndex: 0
2022-03-11 10:49:34,550 [ba75fcdf-ff67-476a-a5ef-de9b108b869e@group-DCFDB9591962-SegmentedRaftLogWorker] INFO  segmented.SegmentedRaftLogWorker (SegmentedRaftLogWorker.java:run(327)) - ba75fcdf-ff67-476a-a5ef-de9b108b869e@group-DCFDB9591962-SegmentedRaftLogWorker was interrupted, exiting. There are 0 tasks remaining in the queue.
2022-03-11 10:49:34,551 [Command processor thread] INFO  keyvalue.KeyValueContainer (KeyValueContainer.java:flushAndSyncDB(427)) - Container 3 is synced with bcsId 71.
2022-03-11 10:49:34,551 [Command processor thread] INFO  keyvalue.KeyValueContainer (KeyValueContainer.java:flushAndSyncDB(427)) - Container 3 is synced with bcsId 71.
2022-03-11 10:49:34,552 [Command processor thread] INFO  segmented.SegmentedRaftLogWorker (SegmentedRaftLogWorker.java:close(237)) - ba75fcdf-ff67-476a-a5ef-de9b108b869e@group-DCFDB9591962-SegmentedRaftLogWorker close()
2022-03-11 10:49:34,554 [Command processor thread] INFO  server.RaftServer$Division (RaftServerImpl.java:groupRemove(382)) - ba75fcdf-ff67-476a-a5ef-de9b108b869e@group-DCFDB9591962: Succeed to remove RaftStorageDirectory Storage Directory /home/runner/work/ozone/ozone/hadoop-ozone/integration-test/target/test-dir/MiniOzoneClusterImpl-80d3c9c6-9062-4062-b57d-7974188da005/datanode-1/data/ratis/2ce12bc1-5aa5-4127-9fe9-dcfdb9591962
2022-03-11 10:49:34,554 [Command processor thread] INFO  commandhandler.ClosePipelineCommandHandler (ClosePipelineCommandHandler.java:handle(78)) - Close Pipeline PipelineID=2ce12bc1-5aa5-4127-9fe9-dcfdb9591962 command on datanode ba75fcdf-ff67-476a-a5ef-de9b108b869e.
2022-03-11 10:49:34,565 [Command processor thread] INFO  server.RaftServer$Division (RaftServerImpl.java:groupRemove(382)) - f3aed214-ddd5-444c-98e8-173d17ff867b@group-B46C76AC753E: Succeed to remove RaftStorageDirectory Storage Directory /home/runner/work/ozone/ozone/hadoop-ozone/integration-test/target/test-dir/MiniOzoneClusterImpl-80d3c9c6-9062-4062-b57d-7974188da005/datanode-0/data/ratis/1fa5eb99-f4f0-4ee0-abc8-b46c76ac753e
2022-03-11 10:49:34,565 [Command processor thread] INFO  commandhandler.ClosePipelineCommandHandler (ClosePipelineCommandHandler.java:handle(78)) - Close Pipeline PipelineID=1fa5eb99-f4f0-4ee0-abc8-b46c76ac753e command on datanode f3aed214-ddd5-444c-98e8-173d17ff867b.
2022-03-11 10:49:34,610 [DatanodeAdminManager-0] INFO  node.DatanodeAdminMonitorImpl (DatanodeAdminMonitorImpl.java:checkContainersReplicatedOnNode(306)) - Under Replicated Container #1 Container State: QUASI_CLOSED Replica Count: 3 Healthy Count: 2 Decommission Count: 1 Maintenance Count: 0 inFlightAdd Count: 1 inFightDel Count: 0 ReplicationFactor: 3 minMaintenance Count: 2; Replicas{ContainerReplica{containerID=#1, state=QUASI_CLOSED, datanodeDetails=ba75fcdf-ff67-476a-a5ef-de9b108b869e{ip: 10.1.0.4, host: fv-az184-17.3ow45vhwbzuu5incsxmygykede.cx.internal.cloudapp.net, ports: [REPLICATION=42699, RATIS=41971, RATIS_ADMIN=41971, RATIS_SERVER=41971, STANDALONE=42581], networkLocation: /default-rack, certSerialId: null, persistedOpState: DECOMMISSIONING, persistedOpStateExpiryEpochSec: 0}, placeOfBirth=ba75fcdf-ff67-476a-a5ef-de9b108b869e, sequenceId=74, keyCount=7, bytesUsed=133},ContainerReplica{containerID=#1, state=QUASI_CLOSED, datanodeDetails=693b3978-b6c3-4afe-acf3-887a6d6ab502{ip: 10.1.0.4, host: fv-az184-17.3ow45vhwbzuu5incsxmygykede.cx.internal.cloudapp.net, ports: [REPLICATION=45673, RATIS=38697, RATIS_ADMIN=38697, RATIS_SERVER=38697, STANDALONE=45665], networkLocation: /default-rack, certSerialId: null, persistedOpState: IN_SERVICE, persistedOpStateExpiryEpochSec: 0}, placeOfBirth=693b3978-b6c3-4afe-acf3-887a6d6ab502, sequenceId=74, keyCount=7, bytesUsed=133},ContainerReplica{containerID=#1, state=QUASI_CLOSED, datanodeDetails=f3aed214-ddd5-444c-98e8-173d17ff867b{ip: 10.1.0.4, host: fv-az184-17.3ow45vhwbzuu5incsxmygykede.cx.internal.cloudapp.net, ports: [REPLICATION=46489, RATIS=34925, RATIS_ADMIN=34925, RATIS_SERVER=34925, STANDALONE=43539], networkLocation: /default-rack, certSerialId: null, persistedOpState: IN_SERVICE, persistedOpStateExpiryEpochSec: 0}, placeOfBirth=f3aed214-ddd5-444c-98e8-173d17ff867b, sequenceId=74, keyCount=7, bytesUsed=133}}
2022-03-11 10:49:34,610 [DatanodeAdminManager-0] INFO  node.DatanodeAdminMonitorImpl (DatanodeAdminMonitorImpl.java:checkContainersReplicatedOnNode(306)) - Under Replicated Container #2 Container State: QUASI_CLOSED Replica Count: 3 Healthy Count: 2 Decommission Count: 1 Maintenance Count: 0 inFlightAdd Count: 1 inFightDel Count: 0 ReplicationFactor: 3 minMaintenance Count: 2; Replicas{ContainerReplica{containerID=#2, state=QUASI_CLOSED, datanodeDetails=f3aed214-ddd5-444c-98e8-173d17ff867b{ip: 10.1.0.4, host: fv-az184-17.3ow45vhwbzuu5incsxmygykede.cx.internal.cloudapp.net, ports: [REPLICATION=46489, RATIS=34925, RATIS_ADMIN=34925, RATIS_SERVER=34925, STANDALONE=43539], networkLocation: /default-rack, certSerialId: null, persistedOpState: IN_SERVICE, persistedOpStateExpiryEpochSec: 0}, placeOfBirth=f3aed214-ddd5-444c-98e8-173d17ff867b, sequenceId=78, keyCount=7, bytesUsed=133},ContainerReplica{containerID=#2, state=QUASI_CLOSED, datanodeDetails=ba75fcdf-ff67-476a-a5ef-de9b108b869e{ip: 10.1.0.4, host: fv-az184-17.3ow45vhwbzuu5incsxmygykede.cx.internal.cloudapp.net, ports: [REPLICATION=42699, RATIS=41971, RATIS_ADMIN=41971, RATIS_SERVER=41971, STANDALONE=42581], networkLocation: /default-rack, certSerialId: null, persistedOpState: DECOMMISSIONING, persistedOpStateExpiryEpochSec: 0}, placeOfBirth=ba75fcdf-ff67-476a-a5ef-de9b108b869e, sequenceId=78, keyCount=7, bytesUsed=133},ContainerReplica{containerID=#2, state=QUASI_CLOSED, datanodeDetails=693b3978-b6c3-4afe-acf3-887a6d6ab502{ip: 10.1.0.4, host: fv-az184-17.3ow45vhwbzuu5incsxmygykede.cx.internal.cloudapp.net, ports: [REPLICATION=45673, RATIS=38697, RATIS_ADMIN=38697, RATIS_SERVER=38697, STANDALONE=45665], networkLocation: /default-rack, certSerialId: null, persistedOpState: IN_SERVICE, persistedOpStateExpiryEpochSec: 0}, placeOfBirth=693b3978-b6c3-4afe-acf3-887a6d6ab502, sequenceId=78, keyCount=7, bytesUsed=133}}
2022-03-11 10:49:34,610 [DatanodeAdminManager-0] INFO  node.DatanodeAdminMonitorImpl (DatanodeAdminMonitorImpl.java:checkContainersReplicatedOnNode(306)) - Under Replicated Container #3 Container State: QUASI_CLOSED Replica Count: 3 Healthy Count: 2 Decommission Count: 1 Maintenance Count: 0 inFlightAdd Count: 1 inFightDel Count: 0 ReplicationFactor: 3 minMaintenance Count: 2; Replicas{ContainerReplica{containerID=#3, state=QUASI_CLOSED, datanodeDetails=693b3978-b6c3-4afe-acf3-887a6d6ab502{ip: 10.1.0.4, host: fv-az184-17.3ow45vhwbzuu5incsxmygykede.cx.internal.cloudapp.net, ports: [REPLICATION=45673, RATIS=38697, RATIS_ADMIN=38697, RATIS_SERVER=38697, STANDALONE=45665], networkLocation: /default-rack, certSerialId: null, persistedOpState: IN_SERVICE, persistedOpStateExpiryEpochSec: 0}, placeOfBirth=693b3978-b6c3-4afe-acf3-887a6d6ab502, sequenceId=71, keyCount=6, bytesUsed=114},ContainerReplica{containerID=#3, state=QUASI_CLOSED, datanodeDetails=f3aed214-ddd5-444c-98e8-173d17ff867b{ip: 10.1.0.4, host: fv-az184-17.3ow45vhwbzuu5incsxmygykede.cx.internal.cloudapp.net, ports: [REPLICATION=46489, RATIS=34925, RATIS_ADMIN=34925, RATIS_SERVER=34925, STANDALONE=43539], networkLocation: /default-rack, certSerialId: null, persistedOpState: IN_SERVICE, persistedOpStateExpiryEpochSec: 0}, placeOfBirth=f3aed214-ddd5-444c-98e8-173d17ff867b, sequenceId=71, keyCount=6, bytesUsed=114},ContainerReplica{containerID=#3, state=QUASI_CLOSED, datanodeDetails=ba75fcdf-ff67-476a-a5ef-de9b108b869e{ip: 10.1.0.4, host: fv-az184-17.3ow45vhwbzuu5incsxmygykede.cx.internal.cloudapp.net, ports: [REPLICATION=42699, RATIS=41971, RATIS_ADMIN=41971, RATIS_SERVER=41971, STANDALONE=42581], networkLocation: /default-rack, certSerialId: null, persistedOpState: DECOMMISSIONING, persistedOpStateExpiryEpochSec: 0}, placeOfBirth=ba75fcdf-ff67-476a-a5ef-de9b108b869e, sequenceId=71, keyCount=6, bytesUsed=114}}
2022-03-11 10:49:34,611 [DatanodeAdminManager-0] INFO  node.DatanodeAdminMonitorImpl (DatanodeAdminMonitorImpl.java:checkContainersReplicatedOnNode(327)) - ba75fcdf-ff67-476a-a5ef-de9b108b869e{ip: 10.1.0.4, host: fv-az184-17.3ow45vhwbzuu5incsxmygykede.cx.internal.cloudapp.net, ports: [REPLICATION=42699, RATIS=41971, RATIS_ADMIN=41971, RATIS_SERVER=41971, STANDALONE=42581], networkLocation: /default-rack, certSerialId: null, persistedOpState: DECOMMISSIONING, persistedOpStateExpiryEpochSec: 0} has 0 sufficientlyReplicated, 3 underReplicated and 0 unhealthy containers
2022-03-11 10:49:34,611 [DatanodeAdminManager-0] INFO  node.DatanodeAdminMonitorImpl (DatanodeAdminMonitorImpl.java:run(148)) - There are 1 nodes tracked for decommission and maintenance. 0 pending nodes.
2022-03-11 10:49:34,690 [ReplicationMonitor] INFO  container.ReplicationManager (ReplicationManager.java:forceCloseContainer(1131)) - Force closing container #1 with BCSID 74, which is in QUASI_CLOSED state.
2022-03-11 10:49:34,691 [ReplicationMonitor] INFO  container.ReplicationManager (ReplicationManager.java:sendCloseCommand(1540)) - Sending close container command for container #1 to datanode ba75fcdf-ff67-476a-a5ef-de9b108b869e{ip: 10.1.0.4, host: fv-az184-17.3ow45vhwbzuu5incsxmygykede.cx.internal.cloudapp.net, ports: [REPLICATION=42699, RATIS=41971, RATIS_ADMIN=41971, RATIS_SERVER=41971, STANDALONE=42581], networkLocation: /default-rack, certSerialId: null, persistedOpState: DECOMMISSIONING, persistedOpStateExpiryEpochSec: 0}.
2022-03-11 10:49:34,691 [ReplicationMonitor] INFO  container.ReplicationManager (ReplicationManager.java:sendCloseCommand(1540)) - Sending close container command for container #1 to datanode 693b3978-b6c3-4afe-acf3-887a6d6ab502{ip: 10.1.0.4, host: fv-az184-17.3ow45vhwbzuu5incsxmygykede.cx.internal.cloudapp.net, ports: [REPLICATION=45673, RATIS=38697, RATIS_ADMIN=38697, RATIS_SERVER=38697, STANDALONE=45665], networkLocation: /default-rack, certSerialId: null, persistedOpState: IN_SERVICE, persistedOpStateExpiryEpochSec: 0}.
2022-03-11 10:49:34,691 [ReplicationMonitor] INFO  container.ReplicationManager (ReplicationManager.java:sendCloseCommand(1540)) - Sending close container command for container #1 to datanode f3aed214-ddd5-444c-98e8-173d17ff867b{ip: 10.1.0.4, host: fv-az184-17.3ow45vhwbzuu5incsxmygykede.cx.internal.cloudapp.net, ports: [REPLICATION=46489, RATIS=34925, RATIS_ADMIN=34925, RATIS_SERVER=34925, STANDALONE=43539], networkLocation: /default-rack, certSerialId: null, persistedOpState: IN_SERVICE, persistedOpStateExpiryEpochSec: 0}.
2022-03-11 10:49:34,692 [ReplicationMonitor] INFO  container.ReplicationManager (ReplicationManager.java:forceCloseContainer(1131)) - Force closing container #2 with BCSID 78, which is in QUASI_CLOSED state.
2022-03-11 10:49:34,692 [ReplicationMonitor] INFO  container.ReplicationManager (ReplicationManager.java:sendCloseCommand(1540)) - Sending close container command for container #2 to datanode f3aed214-ddd5-444c-98e8-173d17ff867b{ip: 10.1.0.4, host: fv-az184-17.3ow45vhwbzuu5incsxmygykede.cx.internal.cloudapp.net, ports: [REPLICATION=46489, RATIS=34925, RATIS_ADMIN=34925, RATIS_SERVER=34925, STANDALONE=43539], networkLocation: /default-rack, certSerialId: null, persistedOpState: IN_SERVICE, persistedOpStateExpiryEpochSec: 0}.
2022-03-11 10:49:34,692 [ReplicationMonitor] INFO  container.ReplicationManager (ReplicationManager.java:sendCloseCommand(1540)) - Sending close container command for container #2 to datanode ba75fcdf-ff67-476a-a5ef-de9b108b869e{ip: 10.1.0.4, host: fv-az184-17.3ow45vhwbzuu5incsxmygykede.cx.internal.cloudapp.net, ports: [REPLICATION=42699, RATIS=41971, RATIS_ADMIN=41971, RATIS_SERVER=41971, STANDALONE=42581], networkLocation: /default-rack, certSerialId: null, persistedOpState: DECOMMISSIONING, persistedOpStateExpiryEpochSec: 0}.
2022-03-11 10:49:34,692 [ReplicationMonitor] INFO  container.ReplicationManager (ReplicationManager.java:sendCloseCommand(1540)) - Sending close container command for container #2 to datanode 693b3978-b6c3-4afe-acf3-887a6d6ab502{ip: 10.1.0.4, host: fv-az184-17.3ow45vhwbzuu5incsxmygykede.cx.internal.cloudapp.net, ports: [REPLICATION=45673, RATIS=38697, RATIS_ADMIN=38697, RATIS_SERVER=38697, STANDALONE=45665], networkLocation: /default-rack, certSerialId: null, persistedOpState: IN_SERVICE, persistedOpStateExpiryEpochSec: 0}.
2022-03-11 10:49:34,692 [ReplicationMonitor] INFO  container.ReplicationManager (ReplicationManager.java:forceCloseContainer(1131)) - Force closing container #3 with BCSID 71, which is in QUASI_CLOSED state.
2022-03-11 10:49:34,692 [ReplicationMonitor] INFO  container.ReplicationManager (ReplicationManager.java:sendCloseCommand(1540)) - Sending close container command for container #3 to datanode 693b3978-b6c3-4afe-acf3-887a6d6ab502{ip: 10.1.0.4, host: fv-az184-17.3ow45vhwbzuu5incsxmygykede.cx.internal.cloudapp.net, ports: [REPLICATION=45673, RATIS=38697, RATIS_ADMIN=38697, RATIS_SERVER=38697, STANDALONE=45665], networkLocation: /default-rack, certSerialId: null, persistedOpState: IN_SERVICE, persistedOpStateExpiryEpochSec: 0}.
2022-03-11 10:49:34,692 [ReplicationMonitor] INFO  container.ReplicationManager (ReplicationManager.java:sendCloseCommand(1540)) - Sending close container command for container #3 to datanode f3aed214-ddd5-444c-98e8-173d17ff867b{ip: 10.1.0.4, host: fv-az184-17.3ow45vhwbzuu5incsxmygykede.cx.internal.cloudapp.net, ports: [REPLICATION=46489, RATIS=34925, RATIS_ADMIN=34925, RATIS_SERVER=34925, STANDALONE=43539], networkLocation: /default-rack, certSerialId: null, persistedOpState: IN_SERVICE, persistedOpStateExpiryEpochSec: 0}.
2022-03-11 10:49:34,692 [ReplicationMonitor] INFO  container.ReplicationManager (ReplicationManager.java:sendCloseCommand(1540)) - Sending close container command for container #3 to datanode ba75fcdf-ff67-476a-a5ef-de9b108b869e{ip: 10.1.0.4, host: fv-az184-17.3ow45vhwbzuu5incsxmygykede.cx.internal.cloudapp.net, ports: [REPLICATION=42699, RATIS=41971, RATIS_ADMIN=41971, RATIS_SERVER=41971, STANDALONE=42581], networkLocation: /default-rack, certSerialId: null, persistedOpState: DECOMMISSIONING, persistedOpStateExpiryEpochSec: 0}.
2022-03-11 10:49:34,692 [ReplicationMonitor] INFO  container.ReplicationManager (ReplicationManager.java:processAll(387)) - Replication Monitor Thread took 4 milliseconds for processing 3 containers.
2022-03-11 10:49:34,844 [Listener at 127.0.0.1/32795] INFO  ozone.MiniOzoneClusterImpl (MiniOzoneClusterImpl.java:lambda$waitForClusterToBeReady$0(219)) - Waiting for nodes to be ready. Got 5 of 6 DN Heartbeats.
2022-03-11 10:49:34,844 [Listener at 127.0.0.1/32795] INFO  ozone.MiniOzoneClusterImpl (MiniOzoneClusterImpl.java:lambda$waitForClusterToBeReady$0(222)) - Waiting for cluster to exit safe mode
2022-03-11 10:49:34,845 [Listener at 127.0.0.1/32795] INFO  ozone.MiniOzoneClusterImpl (MiniOzoneClusterImpl.java:lambda$waitForClusterToBeReady$0(224)) - SCM became leader
2022-03-11 10:49:34,851 [IPC Server handler 2 on default port 34787] INFO  net.NetworkTopologyImpl (NetworkTopologyImpl.java:add(112)) - Added a new node: /default-rack/9f19d336-1974-497a-ae2d-7c3106a3707b
2022-03-11 10:49:34,851 [IPC Server handler 2 on default port 34787] INFO  node.SCMNodeManager (SCMNodeManager.java:register(391)) - Registered Data node : 9f19d336-1974-497a-ae2d-7c3106a3707b{ip: 10.1.0.4, host: fv-az184-17.3ow45vhwbzuu5incsxmygykede.cx.internal.cloudapp.net, ports: [REPLICATION=38973, RATIS=42835, RATIS_ADMIN=42835, RATIS_SERVER=42835, STANDALONE=46211], networkLocation: /default-rack, certSerialId: null, persistedOpState: null, persistedOpStateExpiryEpochSec: 0}
2022-03-11 10:49:34,852 [EventQueue-NewNodeForNewNodeHandler] INFO  pipeline.BackgroundPipelineCreator (BackgroundPipelineCreator.java:notifyEventTriggered(285)) - trigger a one-shot run on RatisPipelineUtilsThread.
2022-03-11 10:49:34,852 [RatisPipelineUtilsThread - 0] INFO  pipeline.RatisPipelineProvider (RatisPipelineProvider.java:lambda$create$0(183)) - Sending CreatePipelineCommand for pipeline:PipelineID=a8b991ff-e2fe-42bb-b44c-2a0f6ae87bb3 to datanode:9f19d336-1974-497a-ae2d-7c3106a3707b
2022-03-11 10:49:34,853 [RatisPipelineUtilsThread - 0] INFO  pipeline.PipelineStateManagerImpl (PipelineStateManagerImpl.java:addPipeline(101)) - Created pipeline Pipeline[ Id: a8b991ff-e2fe-42bb-b44c-2a0f6ae87bb3, Nodes: 9f19d336-1974-497a-ae2d-7c3106a3707b{ip: 10.1.0.4, host: fv-az184-17.3ow45vhwbzuu5incsxmygykede.cx.internal.cloudapp.net, ports: [REPLICATION=38973, RATIS=42835, RATIS_ADMIN=42835, RATIS_SERVER=42835, STANDALONE=46211], networkLocation: /default-rack, certSerialId: null, persistedOpState: IN_SERVICE, persistedOpStateExpiryEpochSec: 0}, ReplicationConfig: RATIS/ONE, State:ALLOCATED, leaderId:, CreationTimestamp2022-03-11T10:49:34.852Z[Etc/UTC]].
2022-03-11 10:49:34,853 [RatisPipelineUtilsThread - 0] INFO  pipeline.RatisPipelineProvider (RatisPipelineProvider.java:lambda$create$0(183)) - Sending CreatePipelineCommand for pipeline:PipelineID=ea3c26b7-031f-48a2-a3a0-65bb9f4a6a20 to datanode:7d731325-8a9a-4339-8945-d516f5c771ba
2022-03-11 10:49:34,853 [RatisPipelineUtilsThread - 0] INFO  pipeline.RatisPipelineProvider (RatisPipelineProvider.java:lambda$create$0(183)) - Sending CreatePipelineCommand for pipeline:PipelineID=ea3c26b7-031f-48a2-a3a0-65bb9f4a6a20 to datanode:9f19d336-1974-497a-ae2d-7c3106a3707b
2022-03-11 10:49:34,853 [RatisPipelineUtilsThread - 0] INFO  pipeline.RatisPipelineProvider (RatisPipelineProvider.java:lambda$create$0(183)) - Sending CreatePipelineCommand for pipeline:PipelineID=ea3c26b7-031f-48a2-a3a0-65bb9f4a6a20 to datanode:f8dfa1df-1adf-42a0-846b-31040712e3d8
2022-03-11 10:49:34,855 [RatisPipelineUtilsThread - 0] INFO  pipeline.PipelineStateManagerImpl (PipelineStateManagerImpl.java:addPipeline(101)) - Created pipeline Pipeline[ Id: ea3c26b7-031f-48a2-a3a0-65bb9f4a6a20, Nodes: 7d731325-8a9a-4339-8945-d516f5c771ba{ip: 10.1.0.4, host: fv-az184-17.3ow45vhwbzuu5incsxmygykede.cx.internal.cloudapp.net, ports: [REPLICATION=38531, RATIS=40061, RATIS_ADMIN=40061, RATIS_SERVER=40061, STANDALONE=43627], networkLocation: /default-rack, certSerialId: null, persistedOpState: IN_SERVICE, persistedOpStateExpiryEpochSec: 0}9f19d336-1974-497a-ae2d-7c3106a3707b{ip: 10.1.0.4, host: fv-az184-17.3ow45vhwbzuu5incsxmygykede.cx.internal.cloudapp.net, ports: [REPLICATION=38973, RATIS=42835, RATIS_ADMIN=42835, RATIS_SERVER=42835, STANDALONE=46211], networkLocation: /default-rack, certSerialId: null, persistedOpState: IN_SERVICE, persistedOpStateExpiryEpochSec: 0}f8dfa1df-1adf-42a0-846b-31040712e3d8{ip: 10.1.0.4, host: fv-az184-17.3ow45vhwbzuu5incsxmygykede.cx.internal.cloudapp.net, ports: [REPLICATION=43693, RATIS=44285, RATIS_ADMIN=44285, RATIS_SERVER=44285, STANDALONE=42375], networkLocation: /default-rack, certSerialId: null, persistedOpState: IN_SERVICE, persistedOpStateExpiryEpochSec: 0}, ReplicationConfig: RATIS/THREE, State:ALLOCATED, leaderId:, CreationTimestamp2022-03-11T10:49:34.853Z[Etc/UTC]].
2022-03-11 10:49:35,358 [ReplicationMonitor] INFO  container.ReplicationManager (ReplicationManager.java:processAll(374)) - Replication Manager is not ready to run until 3000ms after safemode exit
2022-03-11 10:49:35,610 [DatanodeAdminManager-0] INFO  node.DatanodeAdminMonitorImpl (DatanodeAdminMonitorImpl.java:checkContainersReplicatedOnNode(306)) - Under Replicated Container #1 Container State: QUASI_CLOSED Replica Count: 3 Healthy Count: 2 Decommission Count: 1 Maintenance Count: 0 inFlightAdd Count: 1 inFightDel Count: 0 ReplicationFactor: 3 minMaintenance Count: 2; Replicas{ContainerReplica{containerID=#1, state=QUASI_CLOSED, datanodeDetails=ba75fcdf-ff67-476a-a5ef-de9b108b869e{ip: 10.1.0.4, host: fv-az184-17.3ow45vhwbzuu5incsxmygykede.cx.internal.cloudapp.net, ports: [REPLICATION=42699, RATIS=41971, RATIS_ADMIN=41971, RATIS_SERVER=41971, STANDALONE=42581], networkLocation: /default-rack, certSerialId: null, persistedOpState: DECOMMISSIONING, persistedOpStateExpiryEpochSec: 0}, placeOfBirth=ba75fcdf-ff67-476a-a5ef-de9b108b869e, sequenceId=74, keyCount=7, bytesUsed=133},ContainerReplica{containerID=#1, state=QUASI_CLOSED, datanodeDetails=693b3978-b6c3-4afe-acf3-887a6d6ab502{ip: 10.1.0.4, host: fv-az184-17.3ow45vhwbzuu5incsxmygykede.cx.internal.cloudapp.net, ports: [REPLICATION=45673, RATIS=38697, RATIS_ADMIN=38697, RATIS_SERVER=38697, STANDALONE=45665], networkLocation: /default-rack, certSerialId: null, persistedOpState: IN_SERVICE, persistedOpStateExpiryEpochSec: 0}, placeOfBirth=693b3978-b6c3-4afe-acf3-887a6d6ab502, sequenceId=74, keyCount=7, bytesUsed=133},ContainerReplica{containerID=#1, state=QUASI_CLOSED, datanodeDetails=f3aed214-ddd5-444c-98e8-173d17ff867b{ip: 10.1.0.4, host: fv-az184-17.3ow45vhwbzuu5incsxmygykede.cx.internal.cloudapp.net, ports: [REPLICATION=46489, RATIS=34925, RATIS_ADMIN=34925, RATIS_SERVER=34925, STANDALONE=43539], networkLocation: /default-rack, certSerialId: null, persistedOpState: IN_SERVICE, persistedOpStateExpiryEpochSec: 0}, placeOfBirth=f3aed214-ddd5-444c-98e8-173d17ff867b, sequenceId=74, keyCount=7, bytesUsed=133}}
2022-03-11 10:49:35,610 [DatanodeAdminManager-0] INFO  node.DatanodeAdminMonitorImpl (DatanodeAdminMonitorImpl.java:checkContainersReplicatedOnNode(306)) - Under Replicated Container #2 Container State: QUASI_CLOSED Replica Count: 3 Healthy Count: 2 Decommission Count: 1 Maintenance Count: 0 inFlightAdd Count: 1 inFightDel Count: 0 ReplicationFactor: 3 minMaintenance Count: 2; Replicas{ContainerReplica{containerID=#2, state=QUASI_CLOSED, datanodeDetails=f3aed214-ddd5-444c-98e8-173d17ff867b{ip: 10.1.0.4, host: fv-az184-17.3ow45vhwbzuu5incsxmygykede.cx.internal.cloudapp.net, ports: [REPLICATION=46489, RATIS=34925, RATIS_ADMIN=34925, RATIS_SERVER=34925, STANDALONE=43539], networkLocation: /default-rack, certSerialId: null, persistedOpState: IN_SERVICE, persistedOpStateExpiryEpochSec: 0}, placeOfBirth=f3aed214-ddd5-444c-98e8-173d17ff867b, sequenceId=78, keyCount=7, bytesUsed=133},ContainerReplica{containerID=#2, state=QUASI_CLOSED, datanodeDetails=ba75fcdf-ff67-476a-a5ef-de9b108b869e{ip: 10.1.0.4, host: fv-az184-17.3ow45vhwbzuu5incsxmygykede.cx.internal.cloudapp.net, ports: [REPLICATION=42699, RATIS=41971, RATIS_ADMIN=41971, RATIS_SERVER=41971, STANDALONE=42581], networkLocation: /default-rack, certSerialId: null, persistedOpState: DECOMMISSIONING, persistedOpStateExpiryEpochSec: 0}, placeOfBirth=ba75fcdf-ff67-476a-a5ef-de9b108b869e, sequenceId=78, keyCount=7, bytesUsed=133},ContainerReplica{containerID=#2, state=QUASI_CLOSED, datanodeDetails=693b3978-b6c3-4afe-acf3-887a6d6ab502{ip: 10.1.0.4, host: fv-az184-17.3ow45vhwbzuu5incsxmygykede.cx.internal.cloudapp.net, ports: [REPLICATION=45673, RATIS=38697, RATIS_ADMIN=38697, RATIS_SERVER=38697, STANDALONE=45665], networkLocation: /default-rack, certSerialId: null, persistedOpState: IN_SERVICE, persistedOpStateExpiryEpochSec: 0}, placeOfBirth=693b3978-b6c3-4afe-acf3-887a6d6ab502, sequenceId=78, keyCount=7, bytesUsed=133}}
2022-03-11 10:49:35,610 [DatanodeAdminManager-0] INFO  node.DatanodeAdminMonitorImpl (DatanodeAdminMonitorImpl.java:checkContainersReplicatedOnNode(306)) - Under Replicated Container #3 Container State: QUASI_CLOSED Replica Count: 3 Healthy Count: 2 Decommission Count: 1 Maintenance Count: 0 inFlightAdd Count: 1 inFightDel Count: 0 ReplicationFactor: 3 minMaintenance Count: 2; Replicas{ContainerReplica{containerID=#3, state=QUASI_CLOSED, datanodeDetails=693b3978-b6c3-4afe-acf3-887a6d6ab502{ip: 10.1.0.4, host: fv-az184-17.3ow45vhwbzuu5incsxmygykede.cx.internal.cloudapp.net, ports: [REPLICATION=45673, RATIS=38697, RATIS_ADMIN=38697, RATIS_SERVER=38697, STANDALONE=45665], networkLocation: /default-rack, certSerialId: null, persistedOpState: IN_SERVICE, persistedOpStateExpiryEpochSec: 0}, placeOfBirth=693b3978-b6c3-4afe-acf3-887a6d6ab502, sequenceId=71, keyCount=6, bytesUsed=114},ContainerReplica{containerID=#3, state=QUASI_CLOSED, datanodeDetails=f3aed214-ddd5-444c-98e8-173d17ff867b{ip: 10.1.0.4, host: fv-az184-17.3ow45vhwbzuu5incsxmygykede.cx.internal.cloudapp.net, ports: [REPLICATION=46489, RATIS=34925, RATIS_ADMIN=34925, RATIS_SERVER=34925, STANDALONE=43539], networkLocation: /default-rack, certSerialId: null, persistedOpState: IN_SERVICE, persistedOpStateExpiryEpochSec: 0}, placeOfBirth=f3aed214-ddd5-444c-98e8-173d17ff867b, sequenceId=71, keyCount=6, bytesUsed=114},ContainerReplica{containerID=#3, state=QUASI_CLOSED, datanodeDetails=ba75fcdf-ff67-476a-a5ef-de9b108b869e{ip: 10.1.0.4, host: fv-az184-17.3ow45vhwbzuu5incsxmygykede.cx.internal.cloudapp.net, ports: [REPLICATION=42699, RATIS=41971, RATIS_ADMIN=41971, RATIS_SERVER=41971, STANDALONE=42581], networkLocation: /default-rack, certSerialId: null, persistedOpState: DECOMMISSIONING, persistedOpStateExpiryEpochSec: 0}, placeOfBirth=ba75fcdf-ff67-476a-a5ef-de9b108b869e, sequenceId=71, keyCount=6, bytesUsed=114}}
2022-03-11 10:49:35,611 [DatanodeAdminManager-0] INFO  node.DatanodeAdminMonitorImpl (DatanodeAdminMonitorImpl.java:checkContainersReplicatedOnNode(327)) - ba75fcdf-ff67-476a-a5ef-de9b108b869e{ip: 10.1.0.4, host: fv-az184-17.3ow45vhwbzuu5incsxmygykede.cx.internal.cloudapp.net, ports: [REPLICATION=42699, RATIS=41971, RATIS_ADMIN=41971, RATIS_SERVER=41971, STANDALONE=42581], networkLocation: /default-rack, certSerialId: null, persistedOpState: DECOMMISSIONING, persistedOpStateExpiryEpochSec: 0} has 0 sufficientlyReplicated, 3 underReplicated and 0 unhealthy containers
2022-03-11 10:49:35,611 [DatanodeAdminManager-0] INFO  node.DatanodeAdminMonitorImpl (DatanodeAdminMonitorImpl.java:run(148)) - There are 1 nodes tracked for decommission and maintenance. 0 pending nodes.
2022-03-11 10:49:35,613 [Command processor thread] INFO  server.RaftServer (RaftServerProxy.java:addNew(95)) - d142598b-b2fe-46f0-ba0a-461746a4d443: addNew group-040143042D9C:[d142598b-b2fe-46f0-ba0a-461746a4d443|rpc:10.1.0.4:34883|priority:1] returns group-040143042D9C:java.util.concurrent.CompletableFuture@738f3b54[Not completed]
2022-03-11 10:49:35,614 [pool-251-thread-1] INFO  server.RaftServer$Division (RaftServerImpl.java:<init>(184)) - d142598b-b2fe-46f0-ba0a-461746a4d443: new RaftServerImpl for group-040143042D9C:[d142598b-b2fe-46f0-ba0a-461746a4d443|rpc:10.1.0.4:34883|priority:1] with ContainerStateMachine:uninitialized
2022-03-11 10:49:35,615 [pool-251-thread-1] INFO  server.RaftServerConfigKeys (ConfUtils.java:logGet(44)) - raft.server.rpc.timeout.min = 5s (custom)
2022-03-11 10:49:35,615 [pool-251-thread-1] INFO  server.RaftServerConfigKeys (ConfUtils.java:logGet(44)) - raft.server.rpc.timeout.max = 5200ms (custom)
2022-03-11 10:49:35,615 [pool-251-thread-1] INFO  server.RaftServerConfigKeys (ConfUtils.java:logGet(44)) - raft.server.rpc.sleep.time = 25ms (default)
2022-03-11 10:49:35,616 [pool-251-thread-1] INFO  server.RaftServerConfigKeys (ConfUtils.java:logGet(44)) - raft.server.rpc.slowness.timeout = 300s (custom)
2022-03-11 10:49:35,616 [pool-251-thread-1] INFO  server.RaftServerConfigKeys (ConfUtils.java:logGet(44)) - raft.server.leaderelection.leader.step-down.wait-time = 10s (default)
2022-03-11 10:49:35,616 [pool-251-thread-1] INFO  server.RaftServerConfigKeys (ConfUtils.java:logGet(44)) - raft.server.sleep.deviation.threshold = 300ms (default)
2022-03-11 10:49:35,616 [pool-251-thread-1] INFO  server.RaftServerConfigKeys (ConfUtils.java:logGet(44)) - raft.server.log.appender.install.snapshot.enabled = false (custom)
2022-03-11 10:49:35,616 [pool-251-thread-1] INFO  server.RaftServer$Division (ServerState.java:<init>(105)) - d142598b-b2fe-46f0-ba0a-461746a4d443@group-040143042D9C: ConfigurationManager, init=-1: [d142598b-b2fe-46f0-ba0a-461746a4d443|rpc:10.1.0.4:34883|priority:1], old=null, confs=<EMPTY_MAP>
2022-03-11 10:49:35,616 [pool-251-thread-1] INFO  server.RaftServerConfigKeys (ConfUtils.java:logGet(44)) - raft.server.storage.dir = [/home/runner/work/ozone/ozone/hadoop-ozone/integration-test/target/test-dir/MiniOzoneClusterImpl-7b69f8db-d4e2-4de8-91fb-18008de01126/datanode-0/data/ratis] (custom)
2022-03-11 10:49:35,616 [pool-251-thread-1] INFO  server.RaftServerConfigKeys (ConfUtils.java:logGet(44)) - raft.server.log.corruption.policy = EXCEPTION (default)
2022-03-11 10:49:35,616 [pool-251-thread-1] INFO  server.RaftServerConfigKeys (ConfUtils.java:logGet(44)) - raft.server.storage.free-space.min = 0MB (=0) (default)
2022-03-11 10:49:35,616 [pool-251-thread-1] INFO  storage.RaftStorageDirectory (RaftStorageDirectoryImpl.java:analyzeStorage(135)) - The storage directory /home/runner/work/ozone/ozone/hadoop-ozone/integration-test/target/test-dir/MiniOzoneClusterImpl-7b69f8db-d4e2-4de8-91fb-18008de01126/datanode-0/data/ratis/108c6caa-2be3-4c2c-8fed-040143042d9c does not exist. Creating ...
2022-03-11 10:49:35,618 [pool-251-thread-1] INFO  storage.RaftStorageDirectory (RaftStorageDirectoryImpl.java:tryLock(230)) - Lock on /home/runner/work/ozone/ozone/hadoop-ozone/integration-test/target/test-dir/MiniOzoneClusterImpl-7b69f8db-d4e2-4de8-91fb-18008de01126/datanode-0/data/ratis/108c6caa-2be3-4c2c-8fed-040143042d9c/in_use.lock acquired by nodename 11810@fv-az184-17
2022-03-11 10:49:35,619 [pool-251-thread-1] INFO  storage.RaftStorage (RaftStorageImpl.java:format(89)) - Storage directory /home/runner/work/ozone/ozone/hadoop-ozone/integration-test/target/test-dir/MiniOzoneClusterImpl-7b69f8db-d4e2-4de8-91fb-18008de01126/datanode-0/data/ratis/108c6caa-2be3-4c2c-8fed-040143042d9c has been successfully formatted.
2022-03-11 10:49:35,619 [pool-251-thread-1] INFO  ratis.ContainerStateMachine (ContainerStateMachine.java:loadSnapshot(236)) - group-040143042D9C: The snapshot info is null. Setting the last applied indexto:(t:0, i:~)
2022-03-11 10:49:35,620 [pool-251-thread-1] INFO  server.RaftServerConfigKeys (ConfUtils.java:logGet(44)) - raft.server.notification.no-leader.timeout = 300s (custom)
2022-03-11 10:49:35,620 [pool-251-thread-1] INFO  server.RaftServerConfigKeys (ConfUtils.java:logGet(44)) - raft.server.log.use.memory = false (default)
2022-03-11 10:49:35,621 [EventQueue-PipelineReportForPipelineReportHandler] INFO  pipeline.PipelineManagerImpl (PipelineManagerImpl.java:openPipeline(291)) - Pipeline Pipeline[ Id: 108c6caa-2be3-4c2c-8fed-040143042d9c, Nodes: d142598b-b2fe-46f0-ba0a-461746a4d443{ip: 10.1.0.4, host: fv-az184-17.3ow45vhwbzuu5incsxmygykede.cx.internal.cloudapp.net, ports: [REPLICATION=34095, RATIS=34883, RATIS_ADMIN=34883, RATIS_SERVER=34883, STANDALONE=36027], networkLocation: /default-rack, certSerialId: null, persistedOpState: IN_SERVICE, persistedOpStateExpiryEpochSec: 0}, ReplicationConfig: RATIS/ONE, State:ALLOCATED, leaderId:d142598b-b2fe-46f0-ba0a-461746a4d443, CreationTimestamp2022-03-11T10:49:32.620Z[Etc/UTC]] moved to OPEN state
2022-03-11 10:49:35,624 [pool-251-thread-1] INFO  server.RaftServerConfigKeys (ConfUtils.java:logGet(44)) - raft.server.log.purge.gap = 1000000 (custom)
2022-03-11 10:49:35,625 [pool-251-thread-1] INFO  server.RaftServerConfigKeys (ConfUtils.java:logGet(44)) - raft.server.log.appender.buffer.byte-limit = 33554432 (custom)
2022-03-11 10:49:35,625 [pool-251-thread-1] INFO  server.RaftServerConfigKeys (ConfUtils.java:logGet(44)) - raft.server.log.segment.size.max = 1048576 (custom)
2022-03-11 10:49:35,626 [pool-251-thread-1] INFO  server.RaftServerConfigKeys (ConfUtils.java:logGet(44)) - raft.server.log.segment.cache.num.max = 2 (custom)
2022-03-11 10:49:35,626 [pool-251-thread-1] INFO  server.RaftServerConfigKeys (ConfUtils.java:logGet(44)) - raft.server.log.segment.cache.size.max = 200MB (=209715200) (default)
2022-03-11 10:49:35,626 [pool-251-thread-1] INFO  segmented.SegmentedRaftLogWorker (SegmentedRaftLogWorker.java:<init>(182)) - new d142598b-b2fe-46f0-ba0a-461746a4d443@group-040143042D9C-SegmentedRaftLogWorker for RaftStorageImpl:Storage Directory /home/runner/work/ozone/ozone/hadoop-ozone/integration-test/target/test-dir/MiniOzoneClusterImpl-7b69f8db-d4e2-4de8-91fb-18008de01126/datanode-0/data/ratis/108c6caa-2be3-4c2c-8fed-040143042d9c
2022-03-11 10:49:35,626 [pool-251-thread-1] INFO  server.RaftServerConfigKeys (ConfUtils.java:logGet(44)) - raft.server.log.queue.byte-limit = 4294967296 (custom)
2022-03-11 10:49:35,626 [pool-251-thread-1] INFO  server.RaftServerConfigKeys (ConfUtils.java:logGet(44)) - raft.server.log.queue.element-limit = 1024 (custom)
2022-03-11 10:49:35,627 [pool-251-thread-1] INFO  server.RaftServerConfigKeys (ConfUtils.java:logGet(44)) - raft.server.log.segment.size.max = 1048576 (custom)
2022-03-11 10:49:35,627 [pool-251-thread-1] INFO  server.RaftServerConfigKeys (ConfUtils.java:logGet(44)) - raft.server.log.preallocated.size = 16384 (custom)
2022-03-11 10:49:35,627 [pool-251-thread-1] INFO  server.RaftServerConfigKeys (ConfUtils.java:logGet(44)) - raft.server.log.force.sync.num = 128 (default)
2022-03-11 10:49:35,627 [pool-251-thread-1] INFO  server.RaftServerConfigKeys (ConfUtils.java:logGet(44)) - raft.server.log.statemachine.data.sync = true (default)
2022-03-11 10:49:35,627 [pool-251-thread-1] INFO  server.RaftServerConfigKeys (ConfUtils.java:logGet(44)) - raft.server.log.statemachine.data.sync.timeout = 10s (default)
2022-03-11 10:49:35,627 [pool-251-thread-1] INFO  server.RaftServerConfigKeys (ConfUtils.java:logGet(44)) - raft.server.log.statemachine.data.sync.timeout.retry = -1 (default)
2022-03-11 10:49:35,628 [pool-251-thread-1] INFO  server.RaftServerConfigKeys (ConfUtils.java:logGet(44)) - raft.server.log.write.buffer.size = 1048576 (custom)
2022-03-11 10:49:35,625 [EventQueue-OpenPipelineForHealthyPipelineSafeModeRule] INFO  safemode.SCMSafeModeManager (HealthyPipelineSafeModeRule.java:process(124)) - SCM in safe mode. Healthy pipelines reported count is 0, required healthy pipeline reported count is 1
2022-03-11 10:49:35,628 [pool-251-thread-1] INFO  server.RaftServerConfigKeys (ConfUtils.java:logGet(44)) - raft.server.log.statemachine.data.caching.enabled = true (custom)
2022-03-11 10:49:35,629 [pool-251-thread-1] INFO  segmented.SegmentedRaftLogWorker (SegmentedRaftLogWorker.java:lambda$new$0(133)) - d142598b-b2fe-46f0-ba0a-461746a4d443@group-040143042D9C-SegmentedRaftLogWorker: flushIndex: setUnconditionally 0 -> -1
2022-03-11 10:49:35,629 [pool-251-thread-1] INFO  segmented.SegmentedRaftLogWorker (SegmentedRaftLogWorker.java:lambda$new$0(133)) - d142598b-b2fe-46f0-ba0a-461746a4d443@group-040143042D9C-SegmentedRaftLogWorker: safeCacheEvictIndex: setUnconditionally 0 -> -1
2022-03-11 10:49:35,631 [pool-251-thread-1] INFO  server.RaftServerConfigKeys (ConfUtils.java:logGet(44)) - raft.server.snapshot.auto.trigger.enabled = true (custom)
2022-03-11 10:49:35,631 [pool-251-thread-1] INFO  server.RaftServerConfigKeys (ConfUtils.java:logGet(44)) - raft.server.snapshot.auto.trigger.threshold = 10000 (custom)
2022-03-11 10:49:35,632 [pool-251-thread-1] INFO  server.RaftServerConfigKeys (ConfUtils.java:logGet(44)) - raft.server.snapshot.retention.file.num = 5 (custom)
2022-03-11 10:49:35,632 [pool-251-thread-1] INFO  server.RaftServerConfigKeys (ConfUtils.java:logGet(44)) - raft.server.log.purge.upto.snapshot.index = false (default)
2022-03-11 10:49:35,632 [pool-251-thread-1] INFO  server.RaftServerConfigKeys (ConfUtils.java:logGet(44)) - raft.server.retrycache.expirytime = 600000ms (custom)
2022-03-11 10:49:35,632 [pool-251-thread-1] INFO  server.RaftServerConfigKeys (ConfUtils.java:logGet(44)) - raft.server.retrycache.statistics.expirytime = 100μs (default)
2022-03-11 10:49:35,633 [pool-251-thread-1] INFO  server.RaftServer$Division (RaftServerImpl.java:start(301)) - d142598b-b2fe-46f0-ba0a-461746a4d443@group-040143042D9C: start as a follower, conf=-1: [d142598b-b2fe-46f0-ba0a-461746a4d443|rpc:10.1.0.4:34883|priority:1], old=null
2022-03-11 10:49:35,634 [pool-251-thread-1] INFO  server.RaftServer$Division (RaftServerImpl.java:setRole(290)) - d142598b-b2fe-46f0-ba0a-461746a4d443@group-040143042D9C: changes role from      null to FOLLOWER at term 0 for startAsFollower
2022-03-11 10:49:35,634 [pool-251-thread-1] INFO  impl.RoleInfo (RoleInfo.java:updateAndGet(130)) - d142598b-b2fe-46f0-ba0a-461746a4d443: start d142598b-b2fe-46f0-ba0a-461746a4d443@group-040143042D9C-FollowerState
2022-03-11 10:49:35,638 [pool-251-thread-1] INFO  util.JmxRegister (JmxRegister.java:tryRegister(44)) - Successfully registered JMX Bean with object name Ratis:service=RaftServer,group=group-040143042D9C,id=d142598b-b2fe-46f0-ba0a-461746a4d443
2022-03-11 10:49:35,639 [Command processor thread] INFO  ratis.XceiverServerRatis (XceiverServerRatis.java:addGroup(769)) - Created group PipelineID=108c6caa-2be3-4c2c-8fed-040143042d9c
2022-03-11 10:49:35,639 [Command processor thread] INFO  commandhandler.CreatePipelineCommandHandler (CreatePipelineCommandHandler.java:handle(106)) - Created Pipeline RATIS ONE PipelineID=108c6caa-2be3-4c2c-8fed-040143042d9c.
2022-03-11 10:49:35,639 [Command processor thread] INFO  server.RaftServer (RaftServerProxy.java:addNew(95)) - d142598b-b2fe-46f0-ba0a-461746a4d443: addNew group-144452D79959:[e8ecc9a4-fdb7-444b-927f-72a8ab104402|rpc:10.1.0.4:44341|priority:0, d142598b-b2fe-46f0-ba0a-461746a4d443|rpc:10.1.0.4:34883|priority:0, e2c1372d-ab59-4fee-b127-9ad63fa8e982|rpc:10.1.0.4:37387|priority:1] returns group-144452D79959:java.util.concurrent.CompletableFuture@77b0b1fd[Not completed]
2022-03-11 10:49:35,640 [pool-251-thread-1] INFO  server.RaftServer$Division (RaftServerImpl.java:<init>(184)) - d142598b-b2fe-46f0-ba0a-461746a4d443: new RaftServerImpl for group-144452D79959:[e8ecc9a4-fdb7-444b-927f-72a8ab104402|rpc:10.1.0.4:44341|priority:0, d142598b-b2fe-46f0-ba0a-461746a4d443|rpc:10.1.0.4:34883|priority:0, e2c1372d-ab59-4fee-b127-9ad63fa8e982|rpc:10.1.0.4:37387|priority:1] with ContainerStateMachine:uninitialized
2022-03-11 10:49:35,640 [pool-251-thread-1] INFO  server.RaftServerConfigKeys (ConfUtils.java:logGet(44)) - raft.server.rpc.timeout.min = 5s (custom)
2022-03-11 10:49:35,640 [pool-251-thread-1] INFO  server.RaftServerConfigKeys (ConfUtils.java:logGet(44)) - raft.server.rpc.timeout.max = 5200ms (custom)
2022-03-11 10:49:35,640 [pool-251-thread-1] INFO  server.RaftServerConfigKeys (ConfUtils.java:logGet(44)) - raft.server.rpc.sleep.time = 25ms (default)
2022-03-11 10:49:35,640 [pool-251-thread-1] INFO  server.RaftServerConfigKeys (ConfUtils.java:logGet(44)) - raft.server.rpc.slowness.timeout = 300s (custom)
2022-03-11 10:49:35,640 [pool-251-thread-1] INFO  server.RaftServerConfigKeys (ConfUtils.java:logGet(44)) - raft.server.leaderelection.leader.step-down.wait-time = 10s (default)
2022-03-11 10:49:35,641 [pool-251-thread-1] INFO  server.RaftServerConfigKeys (ConfUtils.java:logGet(44)) - raft.server.sleep.deviation.threshold = 300ms (default)
2022-03-11 10:49:35,641 [pool-251-thread-1] INFO  server.RaftServerConfigKeys (ConfUtils.java:logGet(44)) - raft.server.log.appender.install.snapshot.enabled = false (custom)
2022-03-11 10:49:35,641 [pool-251-thread-1] INFO  server.RaftServer$Division (ServerState.java:<init>(105)) - d142598b-b2fe-46f0-ba0a-461746a4d443@group-144452D79959: ConfigurationManager, init=-1: [e8ecc9a4-fdb7-444b-927f-72a8ab104402|rpc:10.1.0.4:44341|priority:0, d142598b-b2fe-46f0-ba0a-461746a4d443|rpc:10.1.0.4:34883|priority:0, e2c1372d-ab59-4fee-b127-9ad63fa8e982|rpc:10.1.0.4:37387|priority:1], old=null, confs=<EMPTY_MAP>
2022-03-11 10:49:35,641 [pool-251-thread-1] INFO  server.RaftServerConfigKeys (ConfUtils.java:logGet(44)) - raft.server.storage.dir = [/home/runner/work/ozone/ozone/hadoop-ozone/integration-test/target/test-dir/MiniOzoneClusterImpl-7b69f8db-d4e2-4de8-91fb-18008de01126/datanode-0/data/ratis] (custom)
2022-03-11 10:49:35,641 [pool-251-thread-1] INFO  server.RaftServerConfigKeys (ConfUtils.java:logGet(44)) - raft.server.log.corruption.policy = EXCEPTION (default)
2022-03-11 10:49:35,641 [pool-251-thread-1] INFO  server.RaftServerConfigKeys (ConfUtils.java:logGet(44)) - raft.server.storage.free-space.min = 0MB (=0) (default)
2022-03-11 10:49:35,641 [pool-251-thread-1] INFO  storage.RaftStorageDirectory (RaftStorageDirectoryImpl.java:analyzeStorage(135)) - The storage directory /home/runner/work/ozone/ozone/hadoop-ozone/integration-test/target/test-dir/MiniOzoneClusterImpl-7b69f8db-d4e2-4de8-91fb-18008de01126/datanode-0/data/ratis/93366119-8aec-4141-ac3b-144452d79959 does not exist. Creating ...
2022-03-11 10:49:35,642 [pool-251-thread-1] INFO  storage.RaftStorageDirectory (RaftStorageDirectoryImpl.java:tryLock(230)) - Lock on /home/runner/work/ozone/ozone/hadoop-ozone/integration-test/target/test-dir/MiniOzoneClusterImpl-7b69f8db-d4e2-4de8-91fb-18008de01126/datanode-0/data/ratis/93366119-8aec-4141-ac3b-144452d79959/in_use.lock acquired by nodename 11810@fv-az184-17
2022-03-11 10:49:35,643 [pool-251-thread-1] INFO  storage.RaftStorage (RaftStorageImpl.java:format(89)) - Storage directory /home/runner/work/ozone/ozone/hadoop-ozone/integration-test/target/test-dir/MiniOzoneClusterImpl-7b69f8db-d4e2-4de8-91fb-18008de01126/datanode-0/data/ratis/93366119-8aec-4141-ac3b-144452d79959 has been successfully formatted.
2022-03-11 10:49:35,645 [pool-251-thread-1] INFO  ratis.ContainerStateMachine (ContainerStateMachine.java:loadSnapshot(236)) - group-144452D79959: The snapshot info is null. Setting the last applied indexto:(t:0, i:~)
2022-03-11 10:49:35,645 [pool-251-thread-1] INFO  server.RaftServerConfigKeys (ConfUtils.java:logGet(44)) - raft.server.notification.no-leader.timeout = 300s (custom)
2022-03-11 10:49:35,645 [pool-251-thread-1] INFO  server.RaftServerConfigKeys (ConfUtils.java:logGet(44)) - raft.server.log.use.memory = false (default)
2022-03-11 10:49:35,646 [pool-251-thread-1] INFO  server.RaftServerConfigKeys (ConfUtils.java:logGet(44)) - raft.server.log.purge.gap = 1000000 (custom)
2022-03-11 10:49:35,646 [pool-251-thread-1] INFO  server.RaftServerConfigKeys (ConfUtils.java:logGet(44)) - raft.server.log.appender.buffer.byte-limit = 33554432 (custom)
2022-03-11 10:49:35,646 [pool-251-thread-1] INFO  server.RaftServerConfigKeys (ConfUtils.java:logGet(44)) - raft.server.log.segment.size.max = 1048576 (custom)
2022-03-11 10:49:35,646 [EventQueue-OpenPipelineForHealthyPipelineSafeModeRule] INFO  safemode.SCMSafeModeManager (HealthyPipelineSafeModeRule.java:process(124)) - SCM in safe mode. Healthy pipelines reported count is 0, required healthy pipeline reported count is 1
2022-03-11 10:49:35,647 [pool-251-thread-1] INFO  server.RaftServerConfigKeys (ConfUtils.java:logGet(44)) - raft.server.log.segment.cache.num.max = 2 (custom)
2022-03-11 10:49:35,647 [pool-251-thread-1] INFO  server.RaftServerConfigKeys (ConfUtils.java:logGet(44)) - raft.server.log.segment.cache.size.max = 200MB (=209715200) (default)
2022-03-11 10:49:35,647 [pool-251-thread-1] INFO  segmented.SegmentedRaftLogWorker (SegmentedRaftLogWorker.java:<init>(182)) - new d142598b-b2fe-46f0-ba0a-461746a4d443@group-144452D79959-SegmentedRaftLogWorker for RaftStorageImpl:Storage Directory /home/runner/work/ozone/ozone/hadoop-ozone/integration-test/target/test-dir/MiniOzoneClusterImpl-7b69f8db-d4e2-4de8-91fb-18008de01126/datanode-0/data/ratis/93366119-8aec-4141-ac3b-144452d79959
2022-03-11 10:49:35,647 [pool-251-thread-1] INFO  server.RaftServerConfigKeys (ConfUtils.java:logGet(44)) - raft.server.log.queue.byte-limit = 4294967296 (custom)
2022-03-11 10:49:35,647 [pool-251-thread-1] INFO  server.RaftServerConfigKeys (ConfUtils.java:logGet(44)) - raft.server.log.queue.element-limit = 1024 (custom)
2022-03-11 10:49:35,647 [pool-251-thread-1] INFO  server.RaftServerConfigKeys (ConfUtils.java:logGet(44)) - raft.server.log.segment.size.max = 1048576 (custom)
2022-03-11 10:49:35,647 [pool-251-thread-1] INFO  server.RaftServerConfigKeys (ConfUtils.java:logGet(44)) - raft.server.log.preallocated.size = 16384 (custom)
2022-03-11 10:49:35,647 [pool-251-thread-1] INFO  server.RaftServerConfigKeys (ConfUtils.java:logGet(44)) - raft.server.log.force.sync.num = 128 (default)
2022-03-11 10:49:35,647 [pool-251-thread-1] INFO  server.RaftServerConfigKeys (ConfUtils.java:logGet(44)) - raft.server.log.statemachine.data.sync = true (default)
2022-03-11 10:49:35,647 [pool-251-thread-1] INFO  server.RaftServerConfigKeys (ConfUtils.java:logGet(44)) - raft.server.log.statemachine.data.sync.timeout = 10s (default)
2022-03-11 10:49:35,647 [pool-251-thread-1] INFO  server.RaftServerConfigKeys (ConfUtils.java:logGet(44)) - raft.server.log.statemachine.data.sync.timeout.retry = -1 (default)
2022-03-11 10:49:35,648 [pool-251-thread-1] INFO  server.RaftServerConfigKeys (ConfUtils.java:logGet(44)) - raft.server.log.write.buffer.size = 1048576 (custom)
2022-03-11 10:49:35,649 [pool-251-thread-1] INFO  server.RaftServerConfigKeys (ConfUtils.java:logGet(44)) - raft.server.log.statemachine.data.caching.enabled = true (custom)
2022-03-11 10:49:35,649 [pool-251-thread-1] INFO  segmented.SegmentedRaftLogWorker (SegmentedRaftLogWorker.java:lambda$new$0(133)) - d142598b-b2fe-46f0-ba0a-461746a4d443@group-144452D79959-SegmentedRaftLogWorker: flushIndex: setUnconditionally 0 -> -1
2022-03-11 10:49:35,649 [pool-251-thread-1] INFO  segmented.SegmentedRaftLogWorker (SegmentedRaftLogWorker.java:lambda$new$0(133)) - d142598b-b2fe-46f0-ba0a-461746a4d443@group-144452D79959-SegmentedRaftLogWorker: safeCacheEvictIndex: setUnconditionally 0 -> -1
2022-03-11 10:49:35,650 [pool-251-thread-1] INFO  server.RaftServerConfigKeys (ConfUtils.java:logGet(44)) - raft.server.snapshot.auto.trigger.enabled = true (custom)
2022-03-11 10:49:35,651 [pool-251-thread-1] INFO  server.RaftServerConfigKeys (ConfUtils.java:logGet(44)) - raft.server.snapshot.auto.trigger.threshold = 10000 (custom)
2022-03-11 10:49:35,651 [pool-251-thread-1] INFO  server.RaftServerConfigKeys (ConfUtils.java:logGet(44)) - raft.server.snapshot.retention.file.num = 5 (custom)
2022-03-11 10:49:35,651 [pool-251-thread-1] INFO  server.RaftServerConfigKeys (ConfUtils.java:logGet(44)) - raft.server.log.purge.upto.snapshot.index = false (default)
2022-03-11 10:49:35,651 [pool-251-thread-1] INFO  server.RaftServerConfigKeys (ConfUtils.java:logGet(44)) - raft.server.retrycache.expirytime = 600000ms (custom)
2022-03-11 10:49:35,651 [pool-251-thread-1] INFO  server.RaftServerConfigKeys (ConfUtils.java:logGet(44)) - raft.server.retrycache.statistics.expirytime = 100μs (default)
2022-03-11 10:49:35,652 [pool-251-thread-1] INFO  server.RaftServer$Division (RaftServerImpl.java:start(301)) - d142598b-b2fe-46f0-ba0a-461746a4d443@group-144452D79959: start as a follower, conf=-1: [e8ecc9a4-fdb7-444b-927f-72a8ab104402|rpc:10.1.0.4:44341|priority:0, d142598b-b2fe-46f0-ba0a-461746a4d443|rpc:10.1.0.4:34883|priority:0, e2c1372d-ab59-4fee-b127-9ad63fa8e982|rpc:10.1.0.4:37387|priority:1], old=null
2022-03-11 10:49:35,652 [pool-251-thread-1] INFO  server.RaftServer$Division (RaftServerImpl.java:setRole(290)) - d142598b-b2fe-46f0-ba0a-461746a4d443@group-144452D79959: changes role from      null to FOLLOWER at term 0 for startAsFollower
2022-03-11 10:49:35,652 [pool-251-thread-1] INFO  impl.RoleInfo (RoleInfo.java:updateAndGet(130)) - d142598b-b2fe-46f0-ba0a-461746a4d443: start d142598b-b2fe-46f0-ba0a-461746a4d443@group-144452D79959-FollowerState
2022-03-11 10:49:35,655 [pool-251-thread-1] INFO  util.JmxRegister (JmxRegister.java:tryRegister(44)) - Successfully registered JMX Bean with object name Ratis:service=RaftServer,group=group-144452D79959,id=d142598b-b2fe-46f0-ba0a-461746a4d443
2022-03-11 10:49:35,658 [Command processor thread] INFO  ratis.XceiverServerRatis (XceiverServerRatis.java:addGroup(769)) - Created group PipelineID=93366119-8aec-4141-ac3b-144452d79959
2022-03-11 10:49:35,669 [grpc-default-executor-3] INFO  server.RaftServer (RaftServerProxy.java:addNew(95)) - e8ecc9a4-fdb7-444b-927f-72a8ab104402: addNew group-144452D79959:[e8ecc9a4-fdb7-444b-927f-72a8ab104402|rpc:10.1.0.4:44341|dataStream:|priority:0, d142598b-b2fe-46f0-ba0a-461746a4d443|rpc:10.1.0.4:34883|dataStream:|priority:0, e2c1372d-ab59-4fee-b127-9ad63fa8e982|rpc:10.1.0.4:37387|dataStream:|priority:1] returns group-144452D79959:java.util.concurrent.CompletableFuture@76cb3c20[Not completed]
2022-03-11 10:49:35,670 [pool-319-thread-1] INFO  server.RaftServer$Division (RaftServerImpl.java:<init>(184)) - e8ecc9a4-fdb7-444b-927f-72a8ab104402: new RaftServerImpl for group-144452D79959:[e8ecc9a4-fdb7-444b-927f-72a8ab104402|rpc:10.1.0.4:44341|dataStream:|priority:0, d142598b-b2fe-46f0-ba0a-461746a4d443|rpc:10.1.0.4:34883|dataStream:|priority:0, e2c1372d-ab59-4fee-b127-9ad63fa8e982|rpc:10.1.0.4:37387|dataStream:|priority:1] with ContainerStateMachine:uninitialized
2022-03-11 10:49:35,674 [pool-319-thread-1] INFO  server.RaftServerConfigKeys (ConfUtils.java:logGet(44)) - raft.server.rpc.timeout.min = 5s (custom)
2022-03-11 10:49:35,676 [pool-319-thread-1] INFO  server.RaftServerConfigKeys (ConfUtils.java:logGet(44)) - raft.server.rpc.timeout.max = 5200ms (custom)
2022-03-11 10:49:35,676 [pool-319-thread-1] INFO  server.RaftServerConfigKeys (ConfUtils.java:logGet(44)) - raft.server.rpc.sleep.time = 25ms (default)
2022-03-11 10:49:35,676 [pool-319-thread-1] INFO  server.RaftServerConfigKeys (ConfUtils.java:logGet(44)) - raft.server.rpc.slowness.timeout = 300s (custom)
2022-03-11 10:49:35,676 [pool-319-thread-1] INFO  server.RaftServerConfigKeys (ConfUtils.java:logGet(44)) - raft.server.leaderelection.leader.step-down.wait-time = 10s (default)
2022-03-11 10:49:35,676 [pool-319-thread-1] INFO  server.RaftServerConfigKeys (ConfUtils.java:logGet(44)) - raft.server.sleep.deviation.threshold = 300ms (default)
2022-03-11 10:49:35,676 [pool-319-thread-1] INFO  server.RaftServerConfigKeys (ConfUtils.java:logGet(44)) - raft.server.log.appender.install.snapshot.enabled = false (custom)
2022-03-11 10:49:35,677 [pool-319-thread-1] INFO  server.RaftServer$Division (ServerState.java:<init>(105)) - e8ecc9a4-fdb7-444b-927f-72a8ab104402@group-144452D79959: ConfigurationManager, init=-1: [e8ecc9a4-fdb7-444b-927f-72a8ab104402|rpc:10.1.0.4:44341|dataStream:|priority:0, d142598b-b2fe-46f0-ba0a-461746a4d443|rpc:10.1.0.4:34883|dataStream:|priority:0, e2c1372d-ab59-4fee-b127-9ad63fa8e982|rpc:10.1.0.4:37387|dataStream:|priority:1], old=null, confs=<EMPTY_MAP>
2022-03-11 10:49:35,677 [pool-319-thread-1] INFO  server.RaftServerConfigKeys (ConfUtils.java:logGet(44)) - raft.server.storage.dir = [/home/runner/work/ozone/ozone/hadoop-ozone/integration-test/target/test-dir/MiniOzoneClusterImpl-7b69f8db-d4e2-4de8-91fb-18008de01126/datanode-2/data/ratis] (custom)
2022-03-11 10:49:35,677 [pool-319-thread-1] INFO  server.RaftServerConfigKeys (ConfUtils.java:logGet(44)) - raft.server.log.corruption.policy = EXCEPTION (default)
2022-03-11 10:49:35,677 [pool-319-thread-1] INFO  server.RaftServerConfigKeys (ConfUtils.java:logGet(44)) - raft.server.storage.free-space.min = 0MB (=0) (default)
2022-03-11 10:49:35,677 [pool-319-thread-1] INFO  storage.RaftStorageDirectory (RaftStorageDirectoryImpl.java:analyzeStorage(135)) - The storage directory /home/runner/work/ozone/ozone/hadoop-ozone/integration-test/target/test-dir/MiniOzoneClusterImpl-7b69f8db-d4e2-4de8-91fb-18008de01126/datanode-2/data/ratis/93366119-8aec-4141-ac3b-144452d79959 does not exist. Creating ...
2022-03-11 10:49:35,681 [pool-319-thread-1] INFO  storage.RaftStorageDirectory (RaftStorageDirectoryImpl.java:tryLock(230)) - Lock on /home/runner/work/ozone/ozone/hadoop-ozone/integration-test/target/test-dir/MiniOzoneClusterImpl-7b69f8db-d4e2-4de8-91fb-18008de01126/datanode-2/data/ratis/93366119-8aec-4141-ac3b-144452d79959/in_use.lock acquired by nodename 11810@fv-az184-17
2022-03-11 10:49:35,682 [pool-319-thread-1] INFO  storage.RaftStorage (RaftStorageImpl.java:format(89)) - Storage directory /home/runner/work/ozone/ozone/hadoop-ozone/integration-test/target/test-dir/MiniOzoneClusterImpl-7b69f8db-d4e2-4de8-91fb-18008de01126/datanode-2/data/ratis/93366119-8aec-4141-ac3b-144452d79959 has been successfully formatted.
2022-03-11 10:49:35,683 [pool-319-thread-1] INFO  ratis.ContainerStateMachine (ContainerStateMachine.java:loadSnapshot(236)) - group-144452D79959: The snapshot info is null. Setting the last applied indexto:(t:0, i:~)
2022-03-11 10:49:35,683 [pool-319-thread-1] INFO  server.RaftServerConfigKeys (ConfUtils.java:logGet(44)) - raft.server.notification.no-leader.timeout = 300s (custom)
2022-03-11 10:49:35,683 [pool-319-thread-1] INFO  server.RaftServerConfigKeys (ConfUtils.java:logGet(44)) - raft.server.log.use.memory = false (default)
2022-03-11 10:49:35,683 [pool-319-thread-1] INFO  server.RaftServerConfigKeys (ConfUtils.java:logGet(44)) - raft.server.log.purge.gap = 1000000 (custom)
2022-03-11 10:49:35,683 [pool-319-thread-1] INFO  server.RaftServerConfigKeys (ConfUtils.java:logGet(44)) - raft.server.log.appender.buffer.byte-limit = 33554432 (custom)
2022-03-11 10:49:35,684 [pool-319-thread-1] INFO  server.RaftServerConfigKeys (ConfUtils.java:logGet(44)) - raft.server.log.segment.size.max = 1048576 (custom)
2022-03-11 10:49:35,686 [pool-319-thread-1] INFO  server.RaftServerConfigKeys (ConfUtils.java:logGet(44)) - raft.server.log.segment.cache.num.max = 2 (custom)
2022-03-11 10:49:35,686 [pool-319-thread-1] INFO  server.RaftServerConfigKeys (ConfUtils.java:logGet(44)) - raft.server.log.segment.cache.size.max = 200MB (=209715200) (default)
2022-03-11 10:49:35,686 [pool-319-thread-1] INFO  segmented.SegmentedRaftLogWorker (SegmentedRaftLogWorker.java:<init>(182)) - new e8ecc9a4-fdb7-444b-927f-72a8ab104402@group-144452D79959-SegmentedRaftLogWorker for RaftStorageImpl:Storage Directory /home/runner/work/ozone/ozone/hadoop-ozone/integration-test/target/test-dir/MiniOzoneClusterImpl-7b69f8db-d4e2-4de8-91fb-18008de01126/datanode-2/data/ratis/93366119-8aec-4141-ac3b-144452d79959
2022-03-11 10:49:35,687 [pool-319-thread-1] INFO  server.RaftServerConfigKeys (ConfUtils.java:logGet(44)) - raft.server.log.queue.byte-limit = 4294967296 (custom)
2022-03-11 10:49:35,687 [pool-319-thread-1] INFO  server.RaftServerConfigKeys (ConfUtils.java:logGet(44)) - raft.server.log.queue.element-limit = 1024 (custom)
2022-03-11 10:49:35,687 [pool-319-thread-1] INFO  server.RaftServerConfigKeys (ConfUtils.java:logGet(44)) - raft.server.log.segment.size.max = 1048576 (custom)
2022-03-11 10:49:35,687 [pool-319-thread-1] INFO  server.RaftServerConfigKeys (ConfUtils.java:logGet(44)) - raft.server.log.preallocated.size = 16384 (custom)
2022-03-11 10:49:35,687 [pool-319-thread-1] INFO  server.RaftServerConfigKeys (ConfUtils.java:logGet(44)) - raft.server.log.force.sync.num = 128 (default)
2022-03-11 10:49:35,687 [pool-319-thread-1] INFO  server.RaftServerConfigKeys (ConfUtils.java:logGet(44)) - raft.server.log.statemachine.data.sync = true (default)
2022-03-11 10:49:35,687 [pool-319-thread-1] INFO  server.RaftServerConfigKeys (ConfUtils.java:logGet(44)) - raft.server.log.statemachine.data.sync.timeout = 10s (default)
2022-03-11 10:49:35,687 [pool-319-thread-1] INFO  server.RaftServerConfigKeys (ConfUtils.java:logGet(44)) - raft.server.log.statemachine.data.sync.timeout.retry = -1 (default)
2022-03-11 10:49:35,688 [pool-319-thread-1] INFO  server.RaftServerConfigKeys (ConfUtils.java:logGet(44)) - raft.server.log.write.buffer.size = 1048576 (custom)
2022-03-11 10:49:35,689 [pool-319-thread-1] INFO  server.RaftServerConfigKeys (ConfUtils.java:logGet(44)) - raft.server.log.statemachine.data.caching.enabled = true (custom)
2022-03-11 10:49:35,689 [pool-319-thread-1] INFO  segmented.SegmentedRaftLogWorker (SegmentedRaftLogWorker.java:lambda$new$0(133)) - e8ecc9a4-fdb7-444b-927f-72a8ab104402@group-144452D79959-SegmentedRaftLogWorker: flushIndex: setUnconditionally 0 -> -1
2022-03-11 10:49:35,689 [pool-319-thread-1] INFO  segmented.SegmentedRaftLogWorker (SegmentedRaftLogWorker.java:lambda$new$0(133)) - e8ecc9a4-fdb7-444b-927f-72a8ab104402@group-144452D79959-SegmentedRaftLogWorker: safeCacheEvictIndex: setUnconditionally 0 -> -1
2022-03-11 10:49:35,690 [pool-319-thread-1] INFO  server.RaftServerConfigKeys (ConfUtils.java:logGet(44)) - raft.server.snapshot.auto.trigger.enabled = true (custom)
2022-03-11 10:49:35,690 [pool-319-thread-1] INFO  server.RaftServerConfigKeys (ConfUtils.java:logGet(44)) - raft.server.snapshot.auto.trigger.threshold = 10000 (custom)
2022-03-11 10:49:35,690 [pool-319-thread-1] INFO  server.RaftServerConfigKeys (ConfUtils.java:logGet(44)) - raft.server.snapshot.retention.file.num = 5 (custom)
2022-03-11 10:49:35,690 [pool-319-thread-1] INFO  server.RaftServerConfigKeys (ConfUtils.java:logGet(44)) - raft.server.log.purge.upto.snapshot.index = false (default)
2022-03-11 10:49:35,690 [pool-319-thread-1] INFO  server.RaftServerConfigKeys (ConfUtils.java:logGet(44)) - raft.server.retrycache.expirytime = 600000ms (custom)
2022-03-11 10:49:35,690 [pool-319-thread-1] INFO  server.RaftServerConfigKeys (ConfUtils.java:logGet(44)) - raft.server.retrycache.statistics.expirytime = 100μs (default)
2022-03-11 10:49:35,691 [pool-319-thread-1] INFO  server.RaftServer$Division (RaftServerImpl.java:start(301)) - e8ecc9a4-fdb7-444b-927f-72a8ab104402@group-144452D79959: start as a follower, conf=-1: [e8ecc9a4-fdb7-444b-927f-72a8ab104402|rpc:10.1.0.4:44341|dataStream:|priority:0, d142598b-b2fe-46f0-ba0a-461746a4d443|rpc:10.1.0.4:34883|dataStream:|priority:0, e2c1372d-ab59-4fee-b127-9ad63fa8e982|rpc:10.1.0.4:37387|dataStream:|priority:1], old=null
2022-03-11 10:49:35,691 [pool-319-thread-1] INFO  server.RaftServer$Division (RaftServerImpl.java:setRole(290)) - e8ecc9a4-fdb7-444b-927f-72a8ab104402@group-144452D79959: changes role from      null to FOLLOWER at term 0 for startAsFollower
2022-03-11 10:49:35,691 [pool-319-thread-1] INFO  impl.RoleInfo (RoleInfo.java:updateAndGet(130)) - e8ecc9a4-fdb7-444b-927f-72a8ab104402: start e8ecc9a4-fdb7-444b-927f-72a8ab104402@group-144452D79959-FollowerState
2022-03-11 10:49:35,692 [pool-319-thread-1] INFO  util.JmxRegister (JmxRegister.java:tryRegister(44)) - Successfully registered JMX Bean with object name Ratis:service=RaftServer,group=group-144452D79959,id=e8ecc9a4-fdb7-444b-927f-72a8ab104402
2022-03-11 10:49:35,692 [ReplicationMonitor] INFO  container.ReplicationManager (ReplicationManager.java:forceCloseContainer(1131)) - Force closing container #1 with BCSID 74, which is in QUASI_CLOSED state.
2022-03-11 10:49:35,693 [ReplicationMonitor] INFO  container.ReplicationManager (ReplicationManager.java:sendCloseCommand(1540)) - Sending close container command for container #1 to datanode ba75fcdf-ff67-476a-a5ef-de9b108b869e{ip: 10.1.0.4, host: fv-az184-17.3ow45vhwbzuu5incsxmygykede.cx.internal.cloudapp.net, ports: [REPLICATION=42699, RATIS=41971, RATIS_ADMIN=41971, RATIS_SERVER=41971, STANDALONE=42581], networkLocation: /default-rack, certSerialId: null, persistedOpState: DECOMMISSIONING, persistedOpStateExpiryEpochSec: 0}.
2022-03-11 10:49:35,693 [ReplicationMonitor] INFO  container.ReplicationManager (ReplicationManager.java:sendCloseCommand(1540)) - Sending close container command for container #1 to datanode 693b3978-b6c3-4afe-acf3-887a6d6ab502{ip: 10.1.0.4, host: fv-az184-17.3ow45vhwbzuu5incsxmygykede.cx.internal.cloudapp.net, ports: [REPLICATION=45673, RATIS=38697, RATIS_ADMIN=38697, RATIS_SERVER=38697, STANDALONE=45665], networkLocation: /default-rack, certSerialId: null, persistedOpState: IN_SERVICE, persistedOpStateExpiryEpochSec: 0}.
2022-03-11 10:49:35,693 [ReplicationMonitor] INFO  container.ReplicationManager (ReplicationManager.java:sendCloseCommand(1540)) - Sending close container command for container #1 to datanode f3aed214-ddd5-444c-98e8-173d17ff867b{ip: 10.1.0.4, host: fv-az184-17.3ow45vhwbzuu5incsxmygykede.cx.internal.cloudapp.net, ports: [REPLICATION=46489, RATIS=34925, RATIS_ADMIN=34925, RATIS_SERVER=34925, STANDALONE=43539], networkLocation: /default-rack, certSerialId: null, persistedOpState: IN_SERVICE, persistedOpStateExpiryEpochSec: 0}.
2022-03-11 10:49:35,693 [ReplicationMonitor] INFO  container.ReplicationManager (ReplicationManager.java:forceCloseContainer(1131)) - Force closing container #2 with BCSID 78, which is in QUASI_CLOSED state.
2022-03-11 10:49:35,693 [ReplicationMonitor] INFO  container.ReplicationManager (ReplicationManager.java:sendCloseCommand(1540)) - Sending close container command for container #2 to datanode f3aed214-ddd5-444c-98e8-173d17ff867b{ip: 10.1.0.4, host: fv-az184-17.3ow45vhwbzuu5incsxmygykede.cx.internal.cloudapp.net, ports: [REPLICATION=46489, RATIS=34925, RATIS_ADMIN=34925, RATIS_SERVER=34925, STANDALONE=43539], networkLocation: /default-rack, certSerialId: null, persistedOpState: IN_SERVICE, persistedOpStateExpiryEpochSec: 0}.
2022-03-11 10:49:35,693 [ReplicationMonitor] INFO  container.ReplicationManager (ReplicationManager.java:sendCloseCommand(1540)) - Sending close container command for container #2 to datanode ba75fcdf-ff67-476a-a5ef-de9b108b869e{ip: 10.1.0.4, host: fv-az184-17.3ow45vhwbzuu5incsxmygykede.cx.internal.cloudapp.net, ports: [REPLICATION=42699, RATIS=41971, RATIS_ADMIN=41971, RATIS_SERVER=41971, STANDALONE=42581], networkLocation: /default-rack, certSerialId: null, persistedOpState: DECOMMISSIONING, persistedOpStateExpiryEpochSec: 0}.
2022-03-11 10:49:35,693 [ReplicationMonitor] INFO  container.ReplicationManager (ReplicationManager.java:sendCloseCommand(1540)) - Sending close container command for container #2 to datanode 693b3978-b6c3-4afe-acf3-887a6d6ab502{ip: 10.1.0.4, host: fv-az184-17.3ow45vhwbzuu5incsxmygykede.cx.internal.cloudapp.net, ports: [REPLICATION=45673, RATIS=38697, RATIS_ADMIN=38697, RATIS_SERVER=38697, STANDALONE=45665], networkLocation: /default-rack, certSerialId: null, persistedOpState: IN_SERVICE, persistedOpStateExpiryEpochSec: 0}.
2022-03-11 10:49:35,693 [ReplicationMonitor] INFO  container.ReplicationManager (ReplicationManager.java:forceCloseContainer(1131)) - Force closing container #3 with BCSID 71, which is in QUASI_CLOSED state.
2022-03-11 10:49:35,693 [ReplicationMonitor] INFO  container.ReplicationManager (ReplicationManager.java:sendCloseCommand(1540)) - Sending close container command for container #3 to datanode 693b3978-b6c3-4afe-acf3-887a6d6ab502{ip: 10.1.0.4, host: fv-az184-17.3ow45vhwbzuu5incsxmygykede.cx.internal.cloudapp.net, ports: [REPLICATION=45673, RATIS=38697, RATIS_ADMIN=38697, RATIS_SERVER=38697, STANDALONE=45665], networkLocation: /default-rack, certSerialId: null, persistedOpState: IN_SERVICE, persistedOpStateExpiryEpochSec: 0}.
2022-03-11 10:49:35,693 [ReplicationMonitor] INFO  container.ReplicationManager (ReplicationManager.java:sendCloseCommand(1540)) - Sending close container command for container #3 to datanode f3aed214-ddd5-444c-98e8-173d17ff867b{ip: 10.1.0.4, host: fv-az184-17.3ow45vhwbzuu5incsxmygykede.cx.internal.cloudapp.net, ports: [REPLICATION=46489, RATIS=34925, RATIS_ADMIN=34925, RATIS_SERVER=34925, STANDALONE=43539], networkLocation: /default-rack, certSerialId: null, persistedOpState: IN_SERVICE, persistedOpStateExpiryEpochSec: 0}.
2022-03-11 10:49:35,693 [ReplicationMonitor] INFO  container.ReplicationManager (ReplicationManager.java:sendCloseCommand(1540)) - Sending close container command for container #3 to datanode ba75fcdf-ff67-476a-a5ef-de9b108b869e{ip: 10.1.0.4, host: fv-az184-17.3ow45vhwbzuu5incsxmygykede.cx.internal.cloudapp.net, ports: [REPLICATION=42699, RATIS=41971, RATIS_ADMIN=41971, RATIS_SERVER=41971, STANDALONE=42581], networkLocation: /default-rack, certSerialId: null, persistedOpState: DECOMMISSIONING, persistedOpStateExpiryEpochSec: 0}.
2022-03-11 10:49:35,693 [ReplicationMonitor] INFO  container.ReplicationManager (ReplicationManager.java:processAll(387)) - Replication Monitor Thread took 1 milliseconds for processing 3 containers.
2022-03-11 10:49:35,710 [grpc-default-executor-3] INFO  server.RaftServer (RaftServerProxy.java:addNew(95)) - e2c1372d-ab59-4fee-b127-9ad63fa8e982: addNew group-144452D79959:[e8ecc9a4-fdb7-444b-927f-72a8ab104402|rpc:10.1.0.4:44341|dataStream:|priority:0, d142598b-b2fe-46f0-ba0a-461746a4d443|rpc:10.1.0.4:34883|dataStream:|priority:0, e2c1372d-ab59-4fee-b127-9ad63fa8e982|rpc:10.1.0.4:37387|dataStream:|priority:1] returns group-144452D79959:java.util.concurrent.CompletableFuture@3aabf687[Not completed]
2022-03-11 10:49:35,712 [pool-285-thread-1] INFO  server.RaftServer$Division (RaftServerImpl.java:<init>(184)) - e2c1372d-ab59-4fee-b127-9ad63fa8e982: new RaftServerImpl for group-144452D79959:[e8ecc9a4-fdb7-444b-927f-72a8ab104402|rpc:10.1.0.4:44341|dataStream:|priority:0, d142598b-b2fe-46f0-ba0a-461746a4d443|rpc:10.1.0.4:34883|dataStream:|priority:0, e2c1372d-ab59-4fee-b127-9ad63fa8e982|rpc:10.1.0.4:37387|dataStream:|priority:1] with ContainerStateMachine:uninitialized
2022-03-11 10:49:35,715 [pool-285-thread-1] INFO  server.RaftServerConfigKeys (ConfUtils.java:logGet(44)) - raft.server.rpc.timeout.min = 5s (custom)
2022-03-11 10:49:35,715 [pool-285-thread-1] INFO  server.RaftServerConfigKeys (ConfUtils.java:logGet(44)) - raft.server.rpc.timeout.max = 5200ms (custom)
2022-03-11 10:49:35,715 [pool-285-thread-1] INFO  server.RaftServerConfigKeys (ConfUtils.java:logGet(44)) - raft.server.rpc.sleep.time = 25ms (default)
2022-03-11 10:49:35,715 [pool-285-thread-1] INFO  server.RaftServerConfigKeys (ConfUtils.java:logGet(44)) - raft.server.rpc.slowness.timeout = 300s (custom)
2022-03-11 10:49:35,716 [pool-285-thread-1] INFO  server.RaftServerConfigKeys (ConfUtils.java:logGet(44)) - raft.server.leaderelection.leader.step-down.wait-time = 10s (default)
2022-03-11 10:49:35,716 [pool-285-thread-1] INFO  server.RaftServerConfigKeys (ConfUtils.java:logGet(44)) - raft.server.sleep.deviation.threshold = 300ms (default)
2022-03-11 10:49:35,716 [pool-285-thread-1] INFO  server.RaftServerConfigKeys (ConfUtils.java:logGet(44)) - raft.server.log.appender.install.snapshot.enabled = false (custom)
2022-03-11 10:49:35,716 [pool-285-thread-1] INFO  server.RaftServer$Division (ServerState.java:<init>(105)) - e2c1372d-ab59-4fee-b127-9ad63fa8e982@group-144452D79959: ConfigurationManager, init=-1: [e8ecc9a4-fdb7-444b-927f-72a8ab104402|rpc:10.1.0.4:44341|dataStream:|priority:0, d142598b-b2fe-46f0-ba0a-461746a4d443|rpc:10.1.0.4:34883|dataStream:|priority:0, e2c1372d-ab59-4fee-b127-9ad63fa8e982|rpc:10.1.0.4:37387|dataStream:|priority:1], old=null, confs=<EMPTY_MAP>
2022-03-11 10:49:35,716 [pool-285-thread-1] INFO  server.RaftServerConfigKeys (ConfUtils.java:logGet(44)) - raft.server.storage.dir = [/home/runner/work/ozone/ozone/hadoop-ozone/integration-test/target/test-dir/MiniOzoneClusterImpl-7b69f8db-d4e2-4de8-91fb-18008de01126/datanode-1/data/ratis] (custom)
2022-03-11 10:49:35,716 [pool-285-thread-1] INFO  server.RaftServerConfigKeys (ConfUtils.java:logGet(44)) - raft.server.log.corruption.policy = EXCEPTION (default)
2022-03-11 10:49:35,716 [pool-285-thread-1] INFO  server.RaftServerConfigKeys (ConfUtils.java:logGet(44)) - raft.server.storage.free-space.min = 0MB (=0) (default)
2022-03-11 10:49:35,716 [pool-285-thread-1] INFO  storage.RaftStorageDirectory (RaftStorageDirectoryImpl.java:analyzeStorage(135)) - The storage directory /home/runner/work/ozone/ozone/hadoop-ozone/integration-test/target/test-dir/MiniOzoneClusterImpl-7b69f8db-d4e2-4de8-91fb-18008de01126/datanode-1/data/ratis/93366119-8aec-4141-ac3b-144452d79959 does not exist. Creating ...
2022-03-11 10:49:35,717 [pool-285-thread-1] INFO  storage.RaftStorageDirectory (RaftStorageDirectoryImpl.java:tryLock(230)) - Lock on /home/runner/work/ozone/ozone/hadoop-ozone/integration-test/target/test-dir/MiniOzoneClusterImpl-7b69f8db-d4e2-4de8-91fb-18008de01126/datanode-1/data/ratis/93366119-8aec-4141-ac3b-144452d79959/in_use.lock acquired by nodename 11810@fv-az184-17
2022-03-11 10:49:35,718 [pool-285-thread-1] INFO  storage.RaftStorage (RaftStorageImpl.java:format(89)) - Storage directory /home/runner/work/ozone/ozone/hadoop-ozone/integration-test/target/test-dir/MiniOzoneClusterImpl-7b69f8db-d4e2-4de8-91fb-18008de01126/datanode-1/data/ratis/93366119-8aec-4141-ac3b-144452d79959 has been successfully formatted.
2022-03-11 10:49:35,719 [pool-285-thread-1] INFO  ratis.ContainerStateMachine (ContainerStateMachine.java:loadSnapshot(236)) - group-144452D79959: The snapshot info is null. Setting the last applied indexto:(t:0, i:~)
2022-03-11 10:49:35,719 [pool-285-thread-1] INFO  server.RaftServerConfigKeys (ConfUtils.java:logGet(44)) - raft.server.notification.no-leader.timeout = 300s (custom)
2022-03-11 10:49:35,719 [pool-285-thread-1] INFO  server.RaftServerConfigKeys (ConfUtils.java:logGet(44)) - raft.server.log.use.memory = false (default)
2022-03-11 10:49:35,719 [pool-285-thread-1] INFO  server.RaftServerConfigKeys (ConfUtils.java:logGet(44)) - raft.server.log.purge.gap = 1000000 (custom)
2022-03-11 10:49:35,719 [pool-285-thread-1] INFO  server.RaftServerConfigKeys (ConfUtils.java:logGet(44)) - raft.server.log.appender.buffer.byte-limit = 33554432 (custom)
2022-03-11 10:49:35,719 [pool-285-thread-1] INFO  server.RaftServerConfigKeys (ConfUtils.java:logGet(44)) - raft.server.log.segment.size.max = 1048576 (custom)
2022-03-11 10:49:35,727 [pool-285-thread-1] INFO  server.RaftServerConfigKeys (ConfUtils.java:logGet(44)) - raft.server.log.segment.cache.num.max = 2 (custom)
2022-03-11 10:49:35,728 [pool-285-thread-1] INFO  server.RaftServerConfigKeys (ConfUtils.java:logGet(44)) - raft.server.log.segment.cache.size.max = 200MB (=209715200) (default)
2022-03-11 10:49:35,728 [pool-285-thread-1] INFO  segmented.SegmentedRaftLogWorker (SegmentedRaftLogWorker.java:<init>(182)) - new e2c1372d-ab59-4fee-b127-9ad63fa8e982@group-144452D79959-SegmentedRaftLogWorker for RaftStorageImpl:Storage Directory /home/runner/work/ozone/ozone/hadoop-ozone/integration-test/target/test-dir/MiniOzoneClusterImpl-7b69f8db-d4e2-4de8-91fb-18008de01126/datanode-1/data/ratis/93366119-8aec-4141-ac3b-144452d79959
2022-03-11 10:49:35,728 [pool-285-thread-1] INFO  server.RaftServerConfigKeys (ConfUtils.java:logGet(44)) - raft.server.log.queue.byte-limit = 4294967296 (custom)
2022-03-11 10:49:35,728 [pool-285-thread-1] INFO  server.RaftServerConfigKeys (ConfUtils.java:logGet(44)) - raft.server.log.queue.element-limit = 1024 (custom)
2022-03-11 10:49:35,728 [pool-285-thread-1] INFO  server.RaftServerConfigKeys (ConfUtils.java:logGet(44)) - raft.server.log.segment.size.max = 1048576 (custom)
2022-03-11 10:49:35,728 [pool-285-thread-1] INFO  server.RaftServerConfigKeys (ConfUtils.java:logGet(44)) - raft.server.log.preallocated.size = 16384 (custom)
2022-03-11 10:49:35,728 [pool-285-thread-1] INFO  server.RaftServerConfigKeys (ConfUtils.java:logGet(44)) - raft.server.log.force.sync.num = 128 (default)
2022-03-11 10:49:35,728 [pool-285-thread-1] INFO  server.RaftServerConfigKeys (ConfUtils.java:logGet(44)) - raft.server.log.statemachine.data.sync = true (default)
2022-03-11 10:49:35,728 [pool-285-thread-1] INFO  server.RaftServerConfigKeys (ConfUtils.java:logGet(44)) - raft.server.log.statemachine.data.sync.timeout = 10s (default)
2022-03-11 10:49:35,728 [pool-285-thread-1] INFO  server.RaftServerConfigKeys (ConfUtils.java:logGet(44)) - raft.server.log.statemachine.data.sync.timeout.retry = -1 (default)
2022-03-11 10:49:35,730 [pool-285-thread-1] INFO  server.RaftServerConfigKeys (ConfUtils.java:logGet(44)) - raft.server.log.write.buffer.size = 1048576 (custom)
2022-03-11 10:49:35,730 [pool-285-thread-1] INFO  server.RaftServerConfigKeys (ConfUtils.java:logGet(44)) - raft.server.log.statemachine.data.caching.enabled = true (custom)
2022-03-11 10:49:35,731 [pool-285-thread-1] INFO  segmented.SegmentedRaftLogWorker (SegmentedRaftLogWorker.java:lambda$new$0(133)) - e2c1372d-ab59-4fee-b127-9ad63fa8e982@group-144452D79959-SegmentedRaftLogWorker: flushIndex: setUnconditionally 0 -> -1
2022-03-11 10:49:35,731 [pool-285-thread-1] INFO  segmented.SegmentedRaftLogWorker (SegmentedRaftLogWorker.java:lambda$new$0(133)) - e2c1372d-ab59-4fee-b127-9ad63fa8e982@group-144452D79959-SegmentedRaftLogWorker: safeCacheEvictIndex: setUnconditionally 0 -> -1
2022-03-11 10:49:35,731 [pool-285-thread-1] INFO  server.RaftServerConfigKeys (ConfUtils.java:logGet(44)) - raft.server.snapshot.auto.trigger.enabled = true (custom)
2022-03-11 10:49:35,731 [pool-285-thread-1] INFO  server.RaftServerConfigKeys (ConfUtils.java:logGet(44)) - raft.server.snapshot.auto.trigger.threshold = 10000 (custom)
2022-03-11 10:49:35,731 [pool-285-thread-1] INFO  server.RaftServerConfigKeys (ConfUtils.java:logGet(44)) - raft.server.snapshot.retention.file.num = 5 (custom)
2022-03-11 10:49:35,731 [pool-285-thread-1] INFO  server.RaftServerConfigKeys (ConfUtils.java:logGet(44)) - raft.server.log.purge.upto.snapshot.index = false (default)
2022-03-11 10:49:35,731 [pool-285-thread-1] INFO  server.RaftServerConfigKeys (ConfUtils.java:logGet(44)) - raft.server.retrycache.expirytime = 600000ms (custom)
2022-03-11 10:49:35,731 [pool-285-thread-1] INFO  server.RaftServerConfigKeys (ConfUtils.java:logGet(44)) - raft.server.retrycache.statistics.expirytime = 100μs (default)
2022-03-11 10:49:35,741 [pool-285-thread-1] INFO  server.RaftServer$Division (RaftServerImpl.java:start(301)) - e2c1372d-ab59-4fee-b127-9ad63fa8e982@group-144452D79959: start as a follower, conf=-1: [e8ecc9a4-fdb7-444b-927f-72a8ab104402|rpc:10.1.0.4:44341|dataStream:|priority:0, d142598b-b2fe-46f0-ba0a-461746a4d443|rpc:10.1.0.4:34883|dataStream:|priority:0, e2c1372d-ab59-4fee-b127-9ad63fa8e982|rpc:10.1.0.4:37387|dataStream:|priority:1], old=null
2022-03-11 10:49:35,741 [pool-285-thread-1] INFO  server.RaftServer$Division (RaftServerImpl.java:setRole(290)) - e2c1372d-ab59-4fee-b127-9ad63fa8e982@group-144452D79959: changes role from      null to FOLLOWER at term 0 for startAsFollower
2022-03-11 10:49:35,741 [pool-285-thread-1] INFO  impl.RoleInfo (RoleInfo.java:updateAndGet(130)) - e2c1372d-ab59-4fee-b127-9ad63fa8e982: start e2c1372d-ab59-4fee-b127-9ad63fa8e982@group-144452D79959-FollowerState
2022-03-11 10:49:35,741 [pool-285-thread-1] INFO  util.JmxRegister (JmxRegister.java:tryRegister(44)) - Successfully registered JMX Bean with object name Ratis:service=RaftServer,group=group-144452D79959,id=e2c1372d-ab59-4fee-b127-9ad63fa8e982
2022-03-11 10:49:35,748 [Command processor thread] INFO  commandhandler.CreatePipelineCommandHandler (CreatePipelineCommandHandler.java:handle(106)) - Created Pipeline RATIS THREE PipelineID=93366119-8aec-4141-ac3b-144452d79959.
2022-03-11 10:49:35,794 [ContainerReplicationThread-0] INFO  replication.DownloadAndImportReplicator (DownloadAndImportReplicator.java:replicate(105)) - Starting replication of container 1 from [693b3978-b6c3-4afe-acf3-887a6d6ab502{ip: 10.1.0.4, host: fv-az184-17.3ow45vhwbzuu5incsxmygykede.cx.internal.cloudapp.net, ports: [REPLICATION=45673, RATIS=38697, RATIS_ADMIN=38697, RATIS_SERVER=38697, STANDALONE=45665], networkLocation: /default-rack, certSerialId: null, persistedOpState: IN_SERVICE, persistedOpStateExpiryEpochSec: 0}]
2022-03-11 10:49:35,802 [ContainerReplicationThread-1] INFO  replication.DownloadAndImportReplicator (DownloadAndImportReplicator.java:replicate(105)) - Starting replication of container 2 from [693b3978-b6c3-4afe-acf3-887a6d6ab502{ip: 10.1.0.4, host: fv-az184-17.3ow45vhwbzuu5incsxmygykede.cx.internal.cloudapp.net, ports: [REPLICATION=45673, RATIS=38697, RATIS_ADMIN=38697, RATIS_SERVER=38697, STANDALONE=45665], networkLocation: /default-rack, certSerialId: null, persistedOpState: IN_SERVICE, persistedOpStateExpiryEpochSec: 0}]
2022-03-11 10:49:35,820 [grpc-default-executor-3] INFO  replication.GrpcReplicationService (GrpcReplicationService.java:download(52)) - Streaming container data (2) to other datanode
2022-03-11 10:49:35,825 [grpc-default-executor-0] INFO  replication.GrpcReplicationService (GrpcReplicationService.java:download(52)) - Streaming container data (1) to other datanode
2022-03-11 10:49:35,845 [Listener at 127.0.0.1/32795] INFO  ozone.MiniOzoneClusterImpl (MiniOzoneClusterImpl.java:lambda$waitForClusterToBeReady$0(219)) - Nodes are ready. Got 6 of 6 DN Heartbeats.
2022-03-11 10:49:35,845 [Listener at 127.0.0.1/32795] INFO  ozone.MiniOzoneClusterImpl (MiniOzoneClusterImpl.java:lambda$waitForClusterToBeReady$0(222)) - Waiting for cluster to exit safe mode
2022-03-11 10:49:35,845 [Listener at 127.0.0.1/32795] INFO  ozone.MiniOzoneClusterImpl (MiniOzoneClusterImpl.java:lambda$waitForClusterToBeReady$0(224)) - SCM became leader
2022-03-11 10:49:35,894 [grpc-default-executor-3] INFO  replication.GrpcOutputStream (GrpcOutputStream.java:close(104)) - Sent 12136 bytes for container 2
2022-03-11 10:49:35,897 [grpc-default-executor-2] INFO  replication.GrpcReplicationClient (GrpcReplicationClient.java:onCompleted(197)) - Container 2 is downloaded to /home/runner/work/ozone/ozone/hadoop-ozone/integration-test/target/test-dir/MiniOzoneClusterImpl-80d3c9c6-9062-4062-b57d-7974188da005/datanode-3/data/replication/work/container-2.tar.gz
2022-03-11 10:49:35,899 [ContainerReplicationThread-1] INFO  replication.DownloadAndImportReplicator (DownloadAndImportReplicator.java:replicate(117)) - Container 2 is downloaded with size 12136, starting to import.
2022-03-11 10:49:35,903 [grpc-default-executor-0] INFO  replication.GrpcOutputStream (GrpcOutputStream.java:close(104)) - Sent 12088 bytes for container 1
2022-03-11 10:49:35,905 [grpc-default-executor-2] INFO  replication.GrpcReplicationClient (GrpcReplicationClient.java:onCompleted(197)) - Container 1 is downloaded to /home/runner/work/ozone/ozone/hadoop-ozone/integration-test/target/test-dir/MiniOzoneClusterImpl-80d3c9c6-9062-4062-b57d-7974188da005/datanode-3/data/replication/work/container-1.tar.gz
2022-03-11 10:49:35,906 [ContainerReplicationThread-0] INFO  replication.DownloadAndImportReplicator (DownloadAndImportReplicator.java:replicate(117)) - Container 1 is downloaded with size 12088, starting to import.
2022-03-11 10:49:35,976 [ContainerReplicationThread-0] INFO  replication.DownloadAndImportReplicator (DownloadAndImportReplicator.java:replicate(122)) - Container 1 is replicated successfully
2022-03-11 10:49:35,976 [ContainerReplicationThread-0] INFO  replication.ReplicationSupervisor (ReplicationSupervisor.java:run(176)) - Container 1 is replicated.
2022-03-11 10:49:35,984 [ContainerReplicationThread-1] INFO  replication.DownloadAndImportReplicator (DownloadAndImportReplicator.java:replicate(122)) - Container 2 is replicated successfully
2022-03-11 10:49:35,984 [ContainerReplicationThread-1] INFO  replication.ReplicationSupervisor (ReplicationSupervisor.java:run(176)) - Container 2 is replicated.
2022-03-11 10:49:36,027 [ContainerReplicationThread-0] INFO  replication.DownloadAndImportReplicator (DownloadAndImportReplicator.java:replicate(105)) - Starting replication of container 3 from [693b3978-b6c3-4afe-acf3-887a6d6ab502{ip: 10.1.0.4, host: fv-az184-17.3ow45vhwbzuu5incsxmygykede.cx.internal.cloudapp.net, ports: [REPLICATION=45673, RATIS=38697, RATIS_ADMIN=38697, RATIS_SERVER=38697, STANDALONE=45665], networkLocation: /default-rack, certSerialId: null, persistedOpState: IN_SERVICE, persistedOpStateExpiryEpochSec: 0}]
2022-03-11 10:49:36,033 [grpc-default-executor-0] INFO  replication.GrpcReplicationService (GrpcReplicationService.java:download(52)) - Streaming container data (3) to other datanode
2022-03-11 10:49:36,043 [grpc-default-executor-0] INFO  replication.GrpcOutputStream (GrpcOutputStream.java:close(104)) - Sent 12066 bytes for container 3
2022-03-11 10:49:36,049 [grpc-default-executor-0] INFO  replication.GrpcReplicationClient (GrpcReplicationClient.java:onCompleted(197)) - Container 3 is downloaded to /home/runner/work/ozone/ozone/hadoop-ozone/integration-test/target/test-dir/MiniOzoneClusterImpl-80d3c9c6-9062-4062-b57d-7974188da005/datanode-4/data/replication/work/container-3.tar.gz
2022-03-11 10:49:36,051 [ContainerReplicationThread-0] INFO  replication.DownloadAndImportReplicator (DownloadAndImportReplicator.java:replicate(117)) - Container 3 is downloaded with size 12066, starting to import.
2022-03-11 10:49:36,126 [Command processor thread] INFO  server.RaftServer (RaftServerProxy.java:addNew(95)) - e2c1372d-ab59-4fee-b127-9ad63fa8e982: addNew group-21033539BC01:[e2c1372d-ab59-4fee-b127-9ad63fa8e982|rpc:10.1.0.4:37387|priority:1] returns group-21033539BC01:java.util.concurrent.CompletableFuture@13735ea4[Not completed]
2022-03-11 10:49:36,128 [pool-285-thread-1] INFO  server.RaftServer$Division (RaftServerImpl.java:<init>(184)) - e2c1372d-ab59-4fee-b127-9ad63fa8e982: new RaftServerImpl for group-21033539BC01:[e2c1372d-ab59-4fee-b127-9ad63fa8e982|rpc:10.1.0.4:37387|priority:1] with ContainerStateMachine:uninitialized
2022-03-11 10:49:36,128 [pool-285-thread-1] INFO  server.RaftServerConfigKeys (ConfUtils.java:logGet(44)) - raft.server.rpc.timeout.min = 5s (custom)
2022-03-11 10:49:36,128 [pool-285-thread-1] INFO  server.RaftServerConfigKeys (ConfUtils.java:logGet(44)) - raft.server.rpc.timeout.max = 5200ms (custom)
2022-03-11 10:49:36,128 [pool-285-thread-1] INFO  server.RaftServerConfigKeys (ConfUtils.java:logGet(44)) - raft.server.rpc.sleep.time = 25ms (default)
2022-03-11 10:49:36,128 [pool-285-thread-1] INFO  server.RaftServerConfigKeys (ConfUtils.java:logGet(44)) - raft.server.rpc.slowness.timeout = 300s (custom)
2022-03-11 10:49:36,128 [pool-285-thread-1] INFO  server.RaftServerConfigKeys (ConfUtils.java:logGet(44)) - raft.server.leaderelection.leader.step-down.wait-time = 10s (default)
2022-03-11 10:49:36,128 [pool-285-thread-1] INFO  server.RaftServerConfigKeys (ConfUtils.java:logGet(44)) - raft.server.sleep.deviation.threshold = 300ms (default)
2022-03-11 10:49:36,129 [pool-285-thread-1] INFO  server.RaftServerConfigKeys (ConfUtils.java:logGet(44)) - raft.server.log.appender.install.snapshot.enabled = false (custom)
2022-03-11 10:49:36,129 [pool-285-thread-1] INFO  server.RaftServer$Division (ServerState.java:<init>(105)) - e2c1372d-ab59-4fee-b127-9ad63fa8e982@group-21033539BC01: ConfigurationManager, init=-1: [e2c1372d-ab59-4fee-b127-9ad63fa8e982|rpc:10.1.0.4:37387|priority:1], old=null, confs=<EMPTY_MAP>
2022-03-11 10:49:36,129 [pool-285-thread-1] INFO  server.RaftServerConfigKeys (ConfUtils.java:logGet(44)) - raft.server.storage.dir = [/home/runner/work/ozone/ozone/hadoop-ozone/integration-test/target/test-dir/MiniOzoneClusterImpl-7b69f8db-d4e2-4de8-91fb-18008de01126/datanode-1/data/ratis] (custom)
2022-03-11 10:49:36,129 [pool-285-thread-1] INFO  server.RaftServerConfigKeys (ConfUtils.java:logGet(44)) - raft.server.log.corruption.policy = EXCEPTION (default)
2022-03-11 10:49:36,129 [pool-285-thread-1] INFO  server.RaftServerConfigKeys (ConfUtils.java:logGet(44)) - raft.server.storage.free-space.min = 0MB (=0) (default)
2022-03-11 10:49:36,129 [pool-285-thread-1] INFO  storage.RaftStorageDirectory (RaftStorageDirectoryImpl.java:analyzeStorage(135)) - The storage directory /home/runner/work/ozone/ozone/hadoop-ozone/integration-test/target/test-dir/MiniOzoneClusterImpl-7b69f8db-d4e2-4de8-91fb-18008de01126/datanode-1/data/ratis/dc365711-f03f-4f4c-8991-21033539bc01 does not exist. Creating ...
2022-03-11 10:49:36,131 [pool-285-thread-1] INFO  storage.RaftStorageDirectory (RaftStorageDirectoryImpl.java:tryLock(230)) - Lock on /home/runner/work/ozone/ozone/hadoop-ozone/integration-test/target/test-dir/MiniOzoneClusterImpl-7b69f8db-d4e2-4de8-91fb-18008de01126/datanode-1/data/ratis/dc365711-f03f-4f4c-8991-21033539bc01/in_use.lock acquired by nodename 11810@fv-az184-17
2022-03-11 10:49:36,134 [pool-285-thread-1] INFO  storage.RaftStorage (RaftStorageImpl.java:format(89)) - Storage directory /home/runner/work/ozone/ozone/hadoop-ozone/integration-test/target/test-dir/MiniOzoneClusterImpl-7b69f8db-d4e2-4de8-91fb-18008de01126/datanode-1/data/ratis/dc365711-f03f-4f4c-8991-21033539bc01 has been successfully formatted.
2022-03-11 10:49:36,134 [pool-285-thread-1] INFO  ratis.ContainerStateMachine (ContainerStateMachine.java:loadSnapshot(236)) - group-21033539BC01: The snapshot info is null. Setting the last applied indexto:(t:0, i:~)
2022-03-11 10:49:36,135 [pool-285-thread-1] INFO  server.RaftServerConfigKeys (ConfUtils.java:logGet(44)) - raft.server.notification.no-leader.timeout = 300s (custom)
2022-03-11 10:49:36,135 [pool-285-thread-1] INFO  server.RaftServerConfigKeys (ConfUtils.java:logGet(44)) - raft.server.log.use.memory = false (default)
2022-03-11 10:49:36,135 [pool-285-thread-1] INFO  server.RaftServerConfigKeys (ConfUtils.java:logGet(44)) - raft.server.log.purge.gap = 1000000 (custom)
2022-03-11 10:49:36,135 [pool-285-thread-1] INFO  server.RaftServerConfigKeys (ConfUtils.java:logGet(44)) - raft.server.log.appender.buffer.byte-limit = 33554432 (custom)
2022-03-11 10:49:36,135 [pool-285-thread-1] INFO  server.RaftServerConfigKeys (ConfUtils.java:logGet(44)) - raft.server.log.segment.size.max = 1048576 (custom)
2022-03-11 10:49:36,135 [pool-285-thread-1] INFO  server.RaftServerConfigKeys (ConfUtils.java:logGet(44)) - raft.server.log.segment.cache.num.max = 2 (custom)
2022-03-11 10:49:36,136 [pool-285-thread-1] INFO  server.RaftServerConfigKeys (ConfUtils.java:logGet(44)) - raft.server.log.segment.cache.size.max = 200MB (=209715200) (default)
2022-03-11 10:49:36,136 [pool-285-thread-1] INFO  segmented.SegmentedRaftLogWorker (SegmentedRaftLogWorker.java:<init>(182)) - new e2c1372d-ab59-4fee-b127-9ad63fa8e982@group-21033539BC01-SegmentedRaftLogWorker for RaftStorageImpl:Storage Directory /home/runner/work/ozone/ozone/hadoop-ozone/integration-test/target/test-dir/MiniOzoneClusterImpl-7b69f8db-d4e2-4de8-91fb-18008de01126/datanode-1/data/ratis/dc365711-f03f-4f4c-8991-21033539bc01
2022-03-11 10:49:36,136 [pool-285-thread-1] INFO  server.RaftServerConfigKeys (ConfUtils.java:logGet(44)) - raft.server.log.queue.byte-limit = 4294967296 (custom)
2022-03-11 10:49:36,136 [pool-285-thread-1] INFO  server.RaftServerConfigKeys (ConfUtils.java:logGet(44)) - raft.server.log.queue.element-limit = 1024 (custom)
2022-03-11 10:49:36,136 [pool-285-thread-1] INFO  server.RaftServerConfigKeys (ConfUtils.java:logGet(44)) - raft.server.log.segment.size.max = 1048576 (custom)
2022-03-11 10:49:36,136 [pool-285-thread-1] INFO  server.RaftServerConfigKeys (ConfUtils.java:logGet(44)) - raft.server.log.preallocated.size = 16384 (custom)
2022-03-11 10:49:36,136 [pool-285-thread-1] INFO  server.RaftServerConfigKeys (ConfUtils.java:logGet(44)) - raft.server.log.force.sync.num = 128 (default)
2022-03-11 10:49:36,136 [pool-285-thread-1] INFO  server.RaftServerConfigKeys (ConfUtils.java:logGet(44)) - raft.server.log.statemachine.data.sync = true (default)
2022-03-11 10:49:36,136 [pool-285-thread-1] INFO  server.RaftServerConfigKeys (ConfUtils.java:logGet(44)) - raft.server.log.statemachine.data.sync.timeout = 10s (default)
2022-03-11 10:49:36,136 [pool-285-thread-1] INFO  server.RaftServerConfigKeys (ConfUtils.java:logGet(44)) - raft.server.log.statemachine.data.sync.timeout.retry = -1 (default)
2022-03-11 10:49:36,137 [pool-285-thread-1] INFO  server.RaftServerConfigKeys (ConfUtils.java:logGet(44)) - raft.server.log.write.buffer.size = 1048576 (custom)
2022-03-11 10:49:36,139 [EventQueue-PipelineReportForPipelineReportHandler] INFO  pipeline.PipelineManagerImpl (PipelineManagerImpl.java:openPipeline(291)) - Pipeline Pipeline[ Id: dc365711-f03f-4f4c-8991-21033539bc01, Nodes: e2c1372d-ab59-4fee-b127-9ad63fa8e982{ip: 10.1.0.4, host: fv-az184-17.3ow45vhwbzuu5incsxmygykede.cx.internal.cloudapp.net, ports: [REPLICATION=42729, RATIS=37387, RATIS_ADMIN=37387, RATIS_SERVER=37387, STANDALONE=43211], networkLocation: /default-rack, certSerialId: null, persistedOpState: IN_SERVICE, persistedOpStateExpiryEpochSec: 0}, ReplicationConfig: RATIS/ONE, State:ALLOCATED, leaderId:e2c1372d-ab59-4fee-b127-9ad63fa8e982, CreationTimestamp2022-03-11T10:49:33.135Z[Etc/UTC]] moved to OPEN state
2022-03-11 10:49:36,140 [EventQueue-OpenPipelineForHealthyPipelineSafeModeRule] INFO  safemode.SCMSafeModeManager (HealthyPipelineSafeModeRule.java:process(124)) - SCM in safe mode. Healthy pipelines reported count is 0, required healthy pipeline reported count is 1
2022-03-11 10:49:36,141 [pool-285-thread-1] INFO  server.RaftServerConfigKeys (ConfUtils.java:logGet(44)) - raft.server.log.statemachine.data.caching.enabled = true (custom)
2022-03-11 10:49:36,141 [pool-285-thread-1] INFO  segmented.SegmentedRaftLogWorker (SegmentedRaftLogWorker.java:lambda$new$0(133)) - e2c1372d-ab59-4fee-b127-9ad63fa8e982@group-21033539BC01-SegmentedRaftLogWorker: flushIndex: setUnconditionally 0 -> -1
2022-03-11 10:49:36,141 [pool-285-thread-1] INFO  segmented.SegmentedRaftLogWorker (SegmentedRaftLogWorker.java:lambda$new$0(133)) - e2c1372d-ab59-4fee-b127-9ad63fa8e982@group-21033539BC01-SegmentedRaftLogWorker: safeCacheEvictIndex: setUnconditionally 0 -> -1
2022-03-11 10:49:36,150 [pool-285-thread-1] INFO  server.RaftServerConfigKeys (ConfUtils.java:logGet(44)) - raft.server.snapshot.auto.trigger.enabled = true (custom)
2022-03-11 10:49:36,150 [pool-285-thread-1] INFO  server.RaftServerConfigKeys (ConfUtils.java:logGet(44)) - raft.server.snapshot.auto.trigger.threshold = 10000 (custom)
2022-03-11 10:49:36,150 [pool-285-thread-1] INFO  server.RaftServerConfigKeys (ConfUtils.java:logGet(44)) - raft.server.snapshot.retention.file.num = 5 (custom)
2022-03-11 10:49:36,150 [pool-285-thread-1] INFO  server.RaftServerConfigKeys (ConfUtils.java:logGet(44)) - raft.server.log.purge.upto.snapshot.index = false (default)
2022-03-11 10:49:36,150 [pool-285-thread-1] INFO  server.RaftServerConfigKeys (ConfUtils.java:logGet(44)) - raft.server.retrycache.expirytime = 600000ms (custom)
2022-03-11 10:49:36,150 [pool-285-thread-1] INFO  server.RaftServerConfigKeys (ConfUtils.java:logGet(44)) - raft.server.retrycache.statistics.expirytime = 100μs (default)
2022-03-11 10:49:36,153 [pool-285-thread-1] INFO  server.RaftServer$Division (RaftServerImpl.java:start(301)) - e2c1372d-ab59-4fee-b127-9ad63fa8e982@group-21033539BC01: start as a follower, conf=-1: [e2c1372d-ab59-4fee-b127-9ad63fa8e982|rpc:10.1.0.4:37387|priority:1], old=null
2022-03-11 10:49:36,156 [pool-285-thread-1] INFO  server.RaftServer$Division (RaftServerImpl.java:setRole(290)) - e2c1372d-ab59-4fee-b127-9ad63fa8e982@group-21033539BC01: changes role from      null to FOLLOWER at term 0 for startAsFollower
2022-03-11 10:49:36,156 [pool-285-thread-1] INFO  impl.RoleInfo (RoleInfo.java:updateAndGet(130)) - e2c1372d-ab59-4fee-b127-9ad63fa8e982: start e2c1372d-ab59-4fee-b127-9ad63fa8e982@group-21033539BC01-FollowerState
2022-03-11 10:49:36,156 [pool-285-thread-1] INFO  util.JmxRegister (JmxRegister.java:tryRegister(44)) - Successfully registered JMX Bean with object name Ratis:service=RaftServer,group=group-21033539BC01,id=e2c1372d-ab59-4fee-b127-9ad63fa8e982
2022-03-11 10:49:36,157 [Command processor thread] INFO  ratis.XceiverServerRatis (XceiverServerRatis.java:addGroup(769)) - Created group PipelineID=dc365711-f03f-4f4c-8991-21033539bc01
2022-03-11 10:49:36,157 [Command processor thread] INFO  commandhandler.CreatePipelineCommandHandler (CreatePipelineCommandHandler.java:handle(106)) - Created Pipeline RATIS ONE PipelineID=dc365711-f03f-4f4c-8991-21033539bc01.
2022-03-11 10:49:36,164 [ContainerReplicationThread-0] INFO  replication.DownloadAndImportReplicator (DownloadAndImportReplicator.java:replicate(122)) - Container 3 is replicated successfully
2022-03-11 10:49:36,164 [ContainerReplicationThread-0] INFO  replication.ReplicationSupervisor (ReplicationSupervisor.java:run(176)) - Container 3 is replicated.
2022-03-11 10:49:36,358 [ReplicationMonitor] INFO  container.ReplicationManager (ReplicationManager.java:processAll(374)) - Replication Manager is not ready to run until 3000ms after safemode exit
2022-03-11 10:49:36,541 [Command processor thread] INFO  keyvalue.KeyValueContainer (KeyValueContainer.java:flushAndSyncDB(427)) - Container 1 is synced with bcsId 74.
2022-03-11 10:49:36,541 [Command processor thread] INFO  keyvalue.KeyValueContainer (KeyValueContainer.java:flushAndSyncDB(427)) - Container 1 is synced with bcsId 74.
2022-03-11 10:49:36,546 [Command processor thread] INFO  keyvalue.KeyValueContainer (KeyValueContainer.java:close(364)) - Container 1 is closed with bcsId 74.
2022-03-11 10:49:36,546 [Command processor thread] INFO  keyvalue.KeyValueContainer (KeyValueContainer.java:flushAndSyncDB(427)) - Container 2 is synced with bcsId 78.
2022-03-11 10:49:36,547 [Command processor thread] INFO  keyvalue.KeyValueContainer (KeyValueContainer.java:flushAndSyncDB(427)) - Container 2 is synced with bcsId 78.
2022-03-11 10:49:36,547 [FixedThreadPoolWithAffinityExecutor-9-0] INFO  container.IncrementalContainerReportHandler (AbstractContainerReportHandler.java:updateContainerState(267)) - Moving container #1 to CLOSED state, datanode ba75fcdf-ff67-476a-a5ef-de9b108b869e{ip: 10.1.0.4, host: fv-az184-17.3ow45vhwbzuu5incsxmygykede.cx.internal.cloudapp.net, ports: [REPLICATION=42699, RATIS=41971, RATIS_ADMIN=41971, RATIS_SERVER=41971, STANDALONE=42581], networkLocation: /default-rack, certSerialId: null, persistedOpState: DECOMMISSIONING, persistedOpStateExpiryEpochSec: 0} reported CLOSED replica.
2022-03-11 10:49:36,549 [Command processor thread] INFO  keyvalue.KeyValueContainer (KeyValueContainer.java:close(364)) - Container 2 is closed with bcsId 78.
2022-03-11 10:49:36,549 [Command processor thread] INFO  keyvalue.KeyValueContainer (KeyValueContainer.java:flushAndSyncDB(427)) - Container 3 is synced with bcsId 71.
2022-03-11 10:49:36,549 [Command processor thread] INFO  keyvalue.KeyValueContainer (KeyValueContainer.java:flushAndSyncDB(427)) - Container 3 is synced with bcsId 71.
2022-03-11 10:49:36,550 [FixedThreadPoolWithAffinityExecutor-0-0] INFO  container.IncrementalContainerReportHandler (AbstractContainerReportHandler.java:updateContainerState(267)) - Moving container #2 to CLOSED state, datanode ba75fcdf-ff67-476a-a5ef-de9b108b869e{ip: 10.1.0.4, host: fv-az184-17.3ow45vhwbzuu5incsxmygykede.cx.internal.cloudapp.net, ports: [REPLICATION=42699, RATIS=41971, RATIS_ADMIN=41971, RATIS_SERVER=41971, STANDALONE=42581], networkLocation: /default-rack, certSerialId: null, persistedOpState: DECOMMISSIONING, persistedOpStateExpiryEpochSec: 0} reported CLOSED replica.
2022-03-11 10:49:36,552 [Command processor thread] INFO  keyvalue.KeyValueContainer (KeyValueContainer.java:close(364)) - Container 3 is closed with bcsId 71.
2022-03-11 10:49:36,553 [FixedThreadPoolWithAffinityExecutor-1-0] INFO  container.IncrementalContainerReportHandler (AbstractContainerReportHandler.java:updateContainerState(267)) - Moving container #3 to CLOSED state, datanode ba75fcdf-ff67-476a-a5ef-de9b108b869e{ip: 10.1.0.4, host: fv-az184-17.3ow45vhwbzuu5incsxmygykede.cx.internal.cloudapp.net, ports: [REPLICATION=42699, RATIS=41971, RATIS_ADMIN=41971, RATIS_SERVER=41971, STANDALONE=42581], networkLocation: /default-rack, certSerialId: null, persistedOpState: DECOMMISSIONING, persistedOpStateExpiryEpochSec: 0} reported CLOSED replica.
2022-03-11 10:49:36,563 [Command processor thread] INFO  keyvalue.KeyValueContainer (KeyValueContainer.java:flushAndSyncDB(427)) - Container 1 is synced with bcsId 74.
2022-03-11 10:49:36,563 [Command processor thread] INFO  keyvalue.KeyValueContainer (KeyValueContainer.java:flushAndSyncDB(427)) - Container 1 is synced with bcsId 74.
2022-03-11 10:49:36,566 [Command processor thread] INFO  keyvalue.KeyValueContainer (KeyValueContainer.java:close(364)) - Container 1 is closed with bcsId 74.
2022-03-11 10:49:36,566 [Command processor thread] INFO  keyvalue.KeyValueContainer (KeyValueContainer.java:flushAndSyncDB(427)) - Container 2 is synced with bcsId 78.
2022-03-11 10:49:36,567 [Command processor thread] INFO  keyvalue.KeyValueContainer (KeyValueContainer.java:flushAndSyncDB(427)) - Container 2 is synced with bcsId 78.
2022-03-11 10:49:36,569 [Command processor thread] INFO  keyvalue.KeyValueContainer (KeyValueContainer.java:close(364)) - Container 2 is closed with bcsId 78.
2022-03-11 10:49:36,569 [Command processor thread] INFO  keyvalue.KeyValueContainer (KeyValueContainer.java:flushAndSyncDB(427)) - Container 3 is synced with bcsId 71.
2022-03-11 10:49:36,569 [Command processor thread] INFO  keyvalue.KeyValueContainer (KeyValueContainer.java:flushAndSyncDB(427)) - Container 3 is synced with bcsId 71.
2022-03-11 10:49:36,572 [Command processor thread] INFO  keyvalue.KeyValueContainer (KeyValueContainer.java:close(364)) - Container 3 is closed with bcsId 71.
2022-03-11 10:49:36,580 [Command processor thread] INFO  server.RaftServer (RaftServerProxy.java:addNew(95)) - e8ecc9a4-fdb7-444b-927f-72a8ab104402: addNew group-D179BFF8461B:[e8ecc9a4-fdb7-444b-927f-72a8ab104402|rpc:10.1.0.4:44341|priority:1] returns group-D179BFF8461B:java.util.concurrent.CompletableFuture@5d32b154[Not completed]
2022-03-11 10:49:36,581 [pool-319-thread-1] INFO  server.RaftServer$Division (RaftServerImpl.java:<init>(184)) - e8ecc9a4-fdb7-444b-927f-72a8ab104402: new RaftServerImpl for group-D179BFF8461B:[e8ecc9a4-fdb7-444b-927f-72a8ab104402|rpc:10.1.0.4:44341|priority:1] with ContainerStateMachine:uninitialized
2022-03-11 10:49:36,581 [pool-319-thread-1] INFO  server.RaftServerConfigKeys (ConfUtils.java:logGet(44)) - raft.server.rpc.timeout.min = 5s (custom)
2022-03-11 10:49:36,581 [pool-319-thread-1] INFO  server.RaftServerConfigKeys (ConfUtils.java:logGet(44)) - raft.server.rpc.timeout.max = 5200ms (custom)
2022-03-11 10:49:36,581 [pool-319-thread-1] INFO  server.RaftServerConfigKeys (ConfUtils.java:logGet(44)) - raft.server.rpc.sleep.time = 25ms (default)
2022-03-11 10:49:36,581 [pool-319-thread-1] INFO  server.RaftServerConfigKeys (ConfUtils.java:logGet(44)) - raft.server.rpc.slowness.timeout = 300s (custom)
2022-03-11 10:49:36,581 [pool-319-thread-1] INFO  server.RaftServerConfigKeys (ConfUtils.java:logGet(44)) - raft.server.leaderelection.leader.step-down.wait-time = 10s (default)
2022-03-11 10:49:36,581 [pool-319-thread-1] INFO  server.RaftServerConfigKeys (ConfUtils.java:logGet(44)) - raft.server.sleep.deviation.threshold = 300ms (default)
2022-03-11 10:49:36,581 [pool-319-thread-1] INFO  server.RaftServerConfigKeys (ConfUtils.java:logGet(44)) - raft.server.log.appender.install.snapshot.enabled = false (custom)
2022-03-11 10:49:36,581 [pool-319-thread-1] INFO  server.RaftServer$Division (ServerState.java:<init>(105)) - e8ecc9a4-fdb7-444b-927f-72a8ab104402@group-D179BFF8461B: ConfigurationManager, init=-1: [e8ecc9a4-fdb7-444b-927f-72a8ab104402|rpc:10.1.0.4:44341|priority:1], old=null, confs=<EMPTY_MAP>
2022-03-11 10:49:36,582 [pool-319-thread-1] INFO  server.RaftServerConfigKeys (ConfUtils.java:logGet(44)) - raft.server.storage.dir = [/home/runner/work/ozone/ozone/hadoop-ozone/integration-test/target/test-dir/MiniOzoneClusterImpl-7b69f8db-d4e2-4de8-91fb-18008de01126/datanode-2/data/ratis] (custom)
2022-03-11 10:49:36,582 [pool-319-thread-1] INFO  server.RaftServerConfigKeys (ConfUtils.java:logGet(44)) - raft.server.log.corruption.policy = EXCEPTION (default)
2022-03-11 10:49:36,582 [pool-319-thread-1] INFO  server.RaftServerConfigKeys (ConfUtils.java:logGet(44)) - raft.server.storage.free-space.min = 0MB (=0) (default)
2022-03-11 10:49:36,582 [pool-319-thread-1] INFO  storage.RaftStorageDirectory (RaftStorageDirectoryImpl.java:analyzeStorage(135)) - The storage directory /home/runner/work/ozone/ozone/hadoop-ozone/integration-test/target/test-dir/MiniOzoneClusterImpl-7b69f8db-d4e2-4de8-91fb-18008de01126/datanode-2/data/ratis/516185c2-c4f4-42d1-987b-d179bff8461b does not exist. Creating ...
2022-03-11 10:49:36,583 [pool-319-thread-1] INFO  storage.RaftStorageDirectory (RaftStorageDirectoryImpl.java:tryLock(230)) - Lock on /home/runner/work/ozone/ozone/hadoop-ozone/integration-test/target/test-dir/MiniOzoneClusterImpl-7b69f8db-d4e2-4de8-91fb-18008de01126/datanode-2/data/ratis/516185c2-c4f4-42d1-987b-d179bff8461b/in_use.lock acquired by nodename 11810@fv-az184-17
2022-03-11 10:49:36,586 [pool-319-thread-1] INFO  storage.RaftStorage (RaftStorageImpl.java:format(89)) - Storage directory /home/runner/work/ozone/ozone/hadoop-ozone/integration-test/target/test-dir/MiniOzoneClusterImpl-7b69f8db-d4e2-4de8-91fb-18008de01126/datanode-2/data/ratis/516185c2-c4f4-42d1-987b-d179bff8461b has been successfully formatted.
2022-03-11 10:49:36,586 [pool-319-thread-1] INFO  ratis.ContainerStateMachine (ContainerStateMachine.java:loadSnapshot(236)) - group-D179BFF8461B: The snapshot info is null. Setting the last applied indexto:(t:0, i:~)
2022-03-11 10:49:36,587 [pool-319-thread-1] INFO  server.RaftServerConfigKeys (ConfUtils.java:logGet(44)) - raft.server.notification.no-leader.timeout = 300s (custom)
2022-03-11 10:49:36,587 [pool-319-thread-1] INFO  server.RaftServerConfigKeys (ConfUtils.java:logGet(44)) - raft.server.log.use.memory = false (default)
2022-03-11 10:49:36,587 [pool-319-thread-1] INFO  server.RaftServerConfigKeys (ConfUtils.java:logGet(44)) - raft.server.log.purge.gap = 1000000 (custom)
2022-03-11 10:49:36,587 [pool-319-thread-1] INFO  server.RaftServerConfigKeys (ConfUtils.java:logGet(44)) - raft.server.log.appender.buffer.byte-limit = 33554432 (custom)
2022-03-11 10:49:36,587 [pool-319-thread-1] INFO  server.RaftServerConfigKeys (ConfUtils.java:logGet(44)) - raft.server.log.segment.size.max = 1048576 (custom)
2022-03-11 10:49:36,588 [EventQueue-PipelineReportForPipelineReportHandler] INFO  pipeline.PipelineManagerImpl (PipelineManagerImpl.java:openPipeline(291)) - Pipeline Pipeline[ Id: 516185c2-c4f4-42d1-987b-d179bff8461b, Nodes: e8ecc9a4-fdb7-444b-927f-72a8ab104402{ip: 10.1.0.4, host: fv-az184-17.3ow45vhwbzuu5incsxmygykede.cx.internal.cloudapp.net, ports: [REPLICATION=34781, RATIS=44341, RATIS_ADMIN=44341, RATIS_SERVER=44341, STANDALONE=42321], networkLocation: /default-rack, certSerialId: null, persistedOpState: IN_SERVICE, persistedOpStateExpiryEpochSec: 0}, ReplicationConfig: RATIS/ONE, State:ALLOCATED, leaderId:e8ecc9a4-fdb7-444b-927f-72a8ab104402, CreationTimestamp2022-03-11T10:49:33.589Z[Etc/UTC]] moved to OPEN state
2022-03-11 10:49:36,588 [pool-319-thread-1] INFO  server.RaftServerConfigKeys (ConfUtils.java:logGet(44)) - raft.server.log.segment.cache.num.max = 2 (custom)
2022-03-11 10:49:36,588 [pool-319-thread-1] INFO  server.RaftServerConfigKeys (ConfUtils.java:logGet(44)) - raft.server.log.segment.cache.size.max = 200MB (=209715200) (default)
2022-03-11 10:49:36,588 [EventQueue-OpenPipelineForHealthyPipelineSafeModeRule] INFO  safemode.SCMSafeModeManager (HealthyPipelineSafeModeRule.java:process(124)) - SCM in safe mode. Healthy pipelines reported count is 0, required healthy pipeline reported count is 1
2022-03-11 10:49:36,588 [pool-319-thread-1] INFO  segmented.SegmentedRaftLogWorker (SegmentedRaftLogWorker.java:<init>(182)) - new e8ecc9a4-fdb7-444b-927f-72a8ab104402@group-D179BFF8461B-SegmentedRaftLogWorker for RaftStorageImpl:Storage Directory /home/runner/work/ozone/ozone/hadoop-ozone/integration-test/target/test-dir/MiniOzoneClusterImpl-7b69f8db-d4e2-4de8-91fb-18008de01126/datanode-2/data/ratis/516185c2-c4f4-42d1-987b-d179bff8461b
2022-03-11 10:49:36,588 [pool-319-thread-1] INFO  server.RaftServerConfigKeys (ConfUtils.java:logGet(44)) - raft.server.log.queue.byte-limit = 4294967296 (custom)
2022-03-11 10:49:36,588 [pool-319-thread-1] INFO  server.RaftServerConfigKeys (ConfUtils.java:logGet(44)) - raft.server.log.queue.element-limit = 1024 (custom)
2022-03-11 10:49:36,589 [pool-319-thread-1] INFO  server.RaftServerConfigKeys (ConfUtils.java:logGet(44)) - raft.server.log.segment.size.max = 1048576 (custom)
2022-03-11 10:49:36,589 [pool-319-thread-1] INFO  server.RaftServerConfigKeys (ConfUtils.java:logGet(44)) - raft.server.log.preallocated.size = 16384 (custom)
2022-03-11 10:49:36,589 [pool-319-thread-1] INFO  server.RaftServerConfigKeys (ConfUtils.java:logGet(44)) - raft.server.log.force.sync.num = 128 (default)
2022-03-11 10:49:36,589 [pool-319-thread-1] INFO  server.RaftServerConfigKeys (ConfUtils.java:logGet(44)) - raft.server.log.statemachine.data.sync = true (default)
2022-03-11 10:49:36,589 [pool-319-thread-1] INFO  server.RaftServerConfigKeys (ConfUtils.java:logGet(44)) - raft.server.log.statemachine.data.sync.timeout = 10s (default)
2022-03-11 10:49:36,589 [pool-319-thread-1] INFO  server.RaftServerConfigKeys (ConfUtils.java:logGet(44)) - raft.server.log.statemachine.data.sync.timeout.retry = -1 (default)
2022-03-11 10:49:36,591 [pool-319-thread-1] INFO  server.RaftServerConfigKeys (ConfUtils.java:logGet(44)) - raft.server.log.write.buffer.size = 1048576 (custom)
2022-03-11 10:49:36,593 [pool-319-thread-1] INFO  server.RaftServerConfigKeys (ConfUtils.java:logGet(44)) - raft.server.log.statemachine.data.caching.enabled = true (custom)
2022-03-11 10:49:36,593 [pool-319-thread-1] INFO  segmented.SegmentedRaftLogWorker (SegmentedRaftLogWorker.java:lambda$new$0(133)) - e8ecc9a4-fdb7-444b-927f-72a8ab104402@group-D179BFF8461B-SegmentedRaftLogWorker: flushIndex: setUnconditionally 0 -> -1
2022-03-11 10:49:36,593 [pool-319-thread-1] INFO  segmented.SegmentedRaftLogWorker (SegmentedRaftLogWorker.java:lambda$new$0(133)) - e8ecc9a4-fdb7-444b-927f-72a8ab104402@group-D179BFF8461B-SegmentedRaftLogWorker: safeCacheEvictIndex: setUnconditionally 0 -> -1
2022-03-11 10:49:36,602 [pool-319-thread-1] INFO  server.RaftServerConfigKeys (ConfUtils.java:logGet(44)) - raft.server.snapshot.auto.trigger.enabled = true (custom)
2022-03-11 10:49:36,602 [pool-319-thread-1] INFO  server.RaftServerConfigKeys (ConfUtils.java:logGet(44)) - raft.server.snapshot.auto.trigger.threshold = 10000 (custom)
2022-03-11 10:49:36,602 [pool-319-thread-1] INFO  server.RaftServerConfigKeys (ConfUtils.java:logGet(44)) - raft.server.snapshot.retention.file.num = 5 (custom)
2022-03-11 10:49:36,602 [pool-319-thread-1] INFO  server.RaftServerConfigKeys (ConfUtils.java:logGet(44)) - raft.server.log.purge.upto.snapshot.index = false (default)
2022-03-11 10:49:36,602 [pool-319-thread-1] INFO  server.RaftServerConfigKeys (ConfUtils.java:logGet(44)) - raft.server.retrycache.expirytime = 600000ms (custom)
2022-03-11 10:49:36,603 [pool-319-thread-1] INFO  server.RaftServerConfigKeys (ConfUtils.java:logGet(44)) - raft.server.retrycache.statistics.expirytime = 100μs (default)
2022-03-11 10:49:36,604 [pool-319-thread-1] INFO  server.RaftServer$Division (RaftServerImpl.java:start(301)) - e8ecc9a4-fdb7-444b-927f-72a8ab104402@group-D179BFF8461B: start as a follower, conf=-1: [e8ecc9a4-fdb7-444b-927f-72a8ab104402|rpc:10.1.0.4:44341|priority:1], old=null
2022-03-11 10:49:36,604 [pool-319-thread-1] INFO  server.RaftServer$Division (RaftServerImpl.java:setRole(290)) - e8ecc9a4-fdb7-444b-927f-72a8ab104402@group-D179BFF8461B: changes role from      null to FOLLOWER at term 0 for startAsFollower
2022-03-11 10:49:36,604 [pool-319-thread-1] INFO  impl.RoleInfo (RoleInfo.java:updateAndGet(130)) - e8ecc9a4-fdb7-444b-927f-72a8ab104402: start e8ecc9a4-fdb7-444b-927f-72a8ab104402@group-D179BFF8461B-FollowerState
2022-03-11 10:49:36,615 [DatanodeAdminManager-0] INFO  node.DatanodeAdminMonitorImpl (DatanodeAdminMonitorImpl.java:checkContainersReplicatedOnNode(317)) - Unhealthy Container #1 Container State: CLOSED Replica Count: 4 Healthy Count: 3 Decommission Count: 1 Maintenance Count: 0 inFlightAdd Count: 1 inFightDel Count: 0 ReplicationFactor: 3 minMaintenance Count: 2; Replicas{ContainerReplica{containerID=#1, state=CLOSED, datanodeDetails=ba75fcdf-ff67-476a-a5ef-de9b108b869e{ip: 10.1.0.4, host: fv-az184-17.3ow45vhwbzuu5incsxmygykede.cx.internal.cloudapp.net, ports: [REPLICATION=42699, RATIS=41971, RATIS_ADMIN=41971, RATIS_SERVER=41971, STANDALONE=42581], networkLocation: /default-rack, certSerialId: null, persistedOpState: DECOMMISSIONING, persistedOpStateExpiryEpochSec: 0}, placeOfBirth=ba75fcdf-ff67-476a-a5ef-de9b108b869e, sequenceId=74, keyCount=7, bytesUsed=133},ContainerReplica{containerID=#1, state=QUASI_CLOSED, datanodeDetails=693b3978-b6c3-4afe-acf3-887a6d6ab502{ip: 10.1.0.4, host: fv-az184-17.3ow45vhwbzuu5incsxmygykede.cx.internal.cloudapp.net, ports: [REPLICATION=45673, RATIS=38697, RATIS_ADMIN=38697, RATIS_SERVER=38697, STANDALONE=45665], networkLocation: /default-rack, certSerialId: null, persistedOpState: IN_SERVICE, persistedOpStateExpiryEpochSec: 0}, placeOfBirth=693b3978-b6c3-4afe-acf3-887a6d6ab502, sequenceId=74, keyCount=7, bytesUsed=133},ContainerReplica{containerID=#1, state=QUASI_CLOSED, datanodeDetails=11a6928f-62a2-488c-b467-9300cf759126{ip: 10.1.0.4, host: fv-az184-17.3ow45vhwbzuu5incsxmygykede.cx.internal.cloudapp.net, ports: [REPLICATION=39481, RATIS=45575, RATIS_ADMIN=45575, RATIS_SERVER=45575, STANDALONE=36645], networkLocation: /default-rack, certSerialId: null, persistedOpState: IN_SERVICE, persistedOpStateExpiryEpochSec: 0}, placeOfBirth=693b3978-b6c3-4afe-acf3-887a6d6ab502, sequenceId=74, keyCount=7, bytesUsed=133},ContainerReplica{containerID=#1, state=CLOSED, datanodeDetails=f3aed214-ddd5-444c-98e8-173d17ff867b{ip: 10.1.0.4, host: fv-az184-17.3ow45vhwbzuu5incsxmygykede.cx.internal.cloudapp.net, ports: [REPLICATION=46489, RATIS=34925, RATIS_ADMIN=34925, RATIS_SERVER=34925, STANDALONE=43539], networkLocation: /default-rack, certSerialId: null, persistedOpState: IN_SERVICE, persistedOpStateExpiryEpochSec: 0}, placeOfBirth=f3aed214-ddd5-444c-98e8-173d17ff867b, sequenceId=74, keyCount=7, bytesUsed=133}}
2022-03-11 10:49:36,616 [DatanodeAdminManager-0] INFO  node.DatanodeAdminMonitorImpl (DatanodeAdminMonitorImpl.java:checkContainersReplicatedOnNode(317)) - Unhealthy Container #2 Container State: CLOSED Replica Count: 4 Healthy Count: 3 Decommission Count: 1 Maintenance Count: 0 inFlightAdd Count: 1 inFightDel Count: 0 ReplicationFactor: 3 minMaintenance Count: 2; Replicas{ContainerReplica{containerID=#2, state=CLOSED, datanodeDetails=f3aed214-ddd5-444c-98e8-173d17ff867b{ip: 10.1.0.4, host: fv-az184-17.3ow45vhwbzuu5incsxmygykede.cx.internal.cloudapp.net, ports: [REPLICATION=46489, RATIS=34925, RATIS_ADMIN=34925, RATIS_SERVER=34925, STANDALONE=43539], networkLocation: /default-rack, certSerialId: null, persistedOpState: IN_SERVICE, persistedOpStateExpiryEpochSec: 0}, placeOfBirth=f3aed214-ddd5-444c-98e8-173d17ff867b, sequenceId=78, keyCount=7, bytesUsed=133},ContainerReplica{containerID=#2, state=CLOSED, datanodeDetails=ba75fcdf-ff67-476a-a5ef-de9b108b869e{ip: 10.1.0.4, host: fv-az184-17.3ow45vhwbzuu5incsxmygykede.cx.internal.cloudapp.net, ports: [REPLICATION=42699, RATIS=41971, RATIS_ADMIN=41971, RATIS_SERVER=41971, STANDALONE=42581], networkLocation: /default-rack, certSerialId: null, persistedOpState: DECOMMISSIONING, persistedOpStateExpiryEpochSec: 0}, placeOfBirth=ba75fcdf-ff67-476a-a5ef-de9b108b869e, sequenceId=78, keyCount=7, bytesUsed=133},ContainerReplica{containerID=#2, state=QUASI_CLOSED, datanodeDetails=693b3978-b6c3-4afe-acf3-887a6d6ab502{ip: 10.1.0.4, host: fv-az184-17.3ow45vhwbzuu5incsxmygykede.cx.internal.cloudapp.net, ports: [REPLICATION=45673, RATIS=38697, RATIS_ADMIN=38697, RATIS_SERVER=38697, STANDALONE=45665], networkLocation: /default-rack, certSerialId: null, persistedOpState: IN_SERVICE, persistedOpStateExpiryEpochSec: 0}, placeOfBirth=693b3978-b6c3-4afe-acf3-887a6d6ab502, sequenceId=78, keyCount=7, bytesUsed=133},ContainerReplica{containerID=#2, state=QUASI_CLOSED, datanodeDetails=11a6928f-62a2-488c-b467-9300cf759126{ip: 10.1.0.4, host: fv-az184-17.3ow45vhwbzuu5incsxmygykede.cx.internal.cloudapp.net, ports: [REPLICATION=39481, RATIS=45575, RATIS_ADMIN=45575, RATIS_SERVER=45575, STANDALONE=36645], networkLocation: /default-rack, certSerialId: null, persistedOpState: IN_SERVICE, persistedOpStateExpiryEpochSec: 0}, placeOfBirth=693b3978-b6c3-4afe-acf3-887a6d6ab502, sequenceId=78, keyCount=7, bytesUsed=133}}
2022-03-11 10:49:36,616 [DatanodeAdminManager-0] INFO  node.DatanodeAdminMonitorImpl (DatanodeAdminMonitorImpl.java:checkContainersReplicatedOnNode(317)) - Unhealthy Container #3 Container State: CLOSED Replica Count: 4 Healthy Count: 3 Decommission Count: 1 Maintenance Count: 0 inFlightAdd Count: 1 inFightDel Count: 0 ReplicationFactor: 3 minMaintenance Count: 2; Replicas{ContainerReplica{containerID=#3, state=QUASI_CLOSED, datanodeDetails=693b3978-b6c3-4afe-acf3-887a6d6ab502{ip: 10.1.0.4, host: fv-az184-17.3ow45vhwbzuu5incsxmygykede.cx.internal.cloudapp.net, ports: [REPLICATION=45673, RATIS=38697, RATIS_ADMIN=38697, RATIS_SERVER=38697, STANDALONE=45665], networkLocation: /default-rack, certSerialId: null, persistedOpState: IN_SERVICE, persistedOpStateExpiryEpochSec: 0}, placeOfBirth=693b3978-b6c3-4afe-acf3-887a6d6ab502, sequenceId=71, keyCount=6, bytesUsed=114},ContainerReplica{containerID=#3, state=CLOSED, datanodeDetails=f3aed214-ddd5-444c-98e8-173d17ff867b{ip: 10.1.0.4, host: fv-az184-17.3ow45vhwbzuu5incsxmygykede.cx.internal.cloudapp.net, ports: [REPLICATION=46489, RATIS=34925, RATIS_ADMIN=34925, RATIS_SERVER=34925, STANDALONE=43539], networkLocation: /default-rack, certSerialId: null, persistedOpState: IN_SERVICE, persistedOpStateExpiryEpochSec: 0}, placeOfBirth=f3aed214-ddd5-444c-98e8-173d17ff867b, sequenceId=71, keyCount=6, bytesUsed=114},ContainerReplica{containerID=#3, state=QUASI_CLOSED, datanodeDetails=23e4bfc5-cacb-4fc8-be31-ea8930f2c93f{ip: 10.1.0.4, host: fv-az184-17.3ow45vhwbzuu5incsxmygykede.cx.internal.cloudapp.net, ports: [REPLICATION=41749, RATIS=35685, RATIS_ADMIN=35685, RATIS_SERVER=35685, STANDALONE=38139], networkLocation: /default-rack, certSerialId: null, persistedOpState: IN_SERVICE, persistedOpStateExpiryEpochSec: 0}, placeOfBirth=693b3978-b6c3-4afe-acf3-887a6d6ab502, sequenceId=71, keyCount=6, bytesUsed=114},ContainerReplica{containerID=#3, state=CLOSED, datanodeDetails=ba75fcdf-ff67-476a-a5ef-de9b108b869e{ip: 10.1.0.4, host: fv-az184-17.3ow45vhwbzuu5incsxmygykede.cx.internal.cloudapp.net, ports: [REPLICATION=42699, RATIS=41971, RATIS_ADMIN=41971, RATIS_SERVER=41971, STANDALONE=42581], networkLocation: /default-rack, certSerialId: null, persistedOpState: DECOMMISSIONING, persistedOpStateExpiryEpochSec: 0}, placeOfBirth=ba75fcdf-ff67-476a-a5ef-de9b108b869e, sequenceId=71, keyCount=6, bytesUsed=114}}
2022-03-11 10:49:36,616 [DatanodeAdminManager-0] INFO  node.DatanodeAdminMonitorImpl (DatanodeAdminMonitorImpl.java:checkContainersReplicatedOnNode(327)) - ba75fcdf-ff67-476a-a5ef-de9b108b869e{ip: 10.1.0.4, host: fv-az184-17.3ow45vhwbzuu5incsxmygykede.cx.internal.cloudapp.net, ports: [REPLICATION=42699, RATIS=41971, RATIS_ADMIN=41971, RATIS_SERVER=41971, STANDALONE=42581], networkLocation: /default-rack, certSerialId: null, persistedOpState: DECOMMISSIONING, persistedOpStateExpiryEpochSec: 0} has 3 sufficientlyReplicated, 0 underReplicated and 3 unhealthy containers
2022-03-11 10:49:36,616 [DatanodeAdminManager-0] INFO  node.DatanodeAdminMonitorImpl (DatanodeAdminMonitorImpl.java:run(148)) - There are 1 nodes tracked for decommission and maintenance. 0 pending nodes.
2022-03-11 10:49:36,618 [pool-319-thread-1] INFO  util.JmxRegister (JmxRegister.java:tryRegister(44)) - Successfully registered JMX Bean with object name Ratis:service=RaftServer,group=group-D179BFF8461B,id=e8ecc9a4-fdb7-444b-927f-72a8ab104402
2022-03-11 10:49:36,621 [Command processor thread] INFO  ratis.XceiverServerRatis (XceiverServerRatis.java:addGroup(769)) - Created group PipelineID=516185c2-c4f4-42d1-987b-d179bff8461b
2022-03-11 10:49:36,621 [Command processor thread] INFO  commandhandler.CreatePipelineCommandHandler (CreatePipelineCommandHandler.java:handle(106)) - Created Pipeline RATIS ONE PipelineID=516185c2-c4f4-42d1-987b-d179bff8461b.
2022-03-11 10:49:36,695 [ReplicationMonitor] INFO  container.ReplicationManager (ReplicationManager.java:sendCloseCommand(1540)) - Sending close container command for container #1 to datanode 693b3978-b6c3-4afe-acf3-887a6d6ab502{ip: 10.1.0.4, host: fv-az184-17.3ow45vhwbzuu5incsxmygykede.cx.internal.cloudapp.net, ports: [REPLICATION=45673, RATIS=38697, RATIS_ADMIN=38697, RATIS_SERVER=38697, STANDALONE=45665], networkLocation: /default-rack, certSerialId: null, persistedOpState: IN_SERVICE, persistedOpStateExpiryEpochSec: 0}.
2022-03-11 10:49:36,695 [ReplicationMonitor] INFO  container.ReplicationManager (ReplicationManager.java:sendCloseCommand(1540)) - Sending close container command for container #1 to datanode 11a6928f-62a2-488c-b467-9300cf759126{ip: 10.1.0.4, host: fv-az184-17.3ow45vhwbzuu5incsxmygykede.cx.internal.cloudapp.net, ports: [REPLICATION=39481, RATIS=45575, RATIS_ADMIN=45575, RATIS_SERVER=45575, STANDALONE=36645], networkLocation: /default-rack, certSerialId: null, persistedOpState: IN_SERVICE, persistedOpStateExpiryEpochSec: 0}.
2022-03-11 10:49:36,696 [ReplicationMonitor] INFO  container.ReplicationManager (ReplicationManager.java:sendCloseCommand(1540)) - Sending close container command for container #2 to datanode 693b3978-b6c3-4afe-acf3-887a6d6ab502{ip: 10.1.0.4, host: fv-az184-17.3ow45vhwbzuu5incsxmygykede.cx.internal.cloudapp.net, ports: [REPLICATION=45673, RATIS=38697, RATIS_ADMIN=38697, RATIS_SERVER=38697, STANDALONE=45665], networkLocation: /default-rack, certSerialId: null, persistedOpState: IN_SERVICE, persistedOpStateExpiryEpochSec: 0}.
2022-03-11 10:49:36,696 [ReplicationMonitor] INFO  container.ReplicationManager (ReplicationManager.java:sendCloseCommand(1540)) - Sending close container command for container #2 to datanode 11a6928f-62a2-488c-b467-9300cf759126{ip: 10.1.0.4, host: fv-az184-17.3ow45vhwbzuu5incsxmygykede.cx.internal.cloudapp.net, ports: [REPLICATION=39481, RATIS=45575, RATIS_ADMIN=45575, RATIS_SERVER=45575, STANDALONE=36645], networkLocation: /default-rack, certSerialId: null, persistedOpState: IN_SERVICE, persistedOpStateExpiryEpochSec: 0}.
2022-03-11 10:49:36,696 [ReplicationMonitor] INFO  container.ReplicationManager (ReplicationManager.java:sendCloseCommand(1540)) - Sending close container command for container #3 to datanode 693b3978-b6c3-4afe-acf3-887a6d6ab502{ip: 10.1.0.4, host: fv-az184-17.3ow45vhwbzuu5incsxmygykede.cx.internal.cloudapp.net, ports: [REPLICATION=45673, RATIS=38697, RATIS_ADMIN=38697, RATIS_SERVER=38697, STANDALONE=45665], networkLocation: /default-rack, certSerialId: null, persistedOpState: IN_SERVICE, persistedOpStateExpiryEpochSec: 0}.
2022-03-11 10:49:36,696 [ReplicationMonitor] INFO  container.ReplicationManager (ReplicationManager.java:sendCloseCommand(1540)) - Sending close container command for container #3 to datanode 23e4bfc5-cacb-4fc8-be31-ea8930f2c93f{ip: 10.1.0.4, host: fv-az184-17.3ow45vhwbzuu5incsxmygykede.cx.internal.cloudapp.net, ports: [REPLICATION=41749, RATIS=35685, RATIS_ADMIN=35685, RATIS_SERVER=35685, STANDALONE=38139], networkLocation: /default-rack, certSerialId: null, persistedOpState: IN_SERVICE, persistedOpStateExpiryEpochSec: 0}.
2022-03-11 10:49:36,696 [ReplicationMonitor] INFO  container.ReplicationManager (ReplicationManager.java:processAll(387)) - Replication Monitor Thread took 3 milliseconds for processing 3 containers.
2022-03-11 10:49:36,845 [Listener at 127.0.0.1/32795] INFO  ozone.MiniOzoneClusterImpl (MiniOzoneClusterImpl.java:lambda$waitForClusterToBeReady$0(219)) - Nodes are ready. Got 6 of 6 DN Heartbeats.
2022-03-11 10:49:36,845 [Listener at 127.0.0.1/32795] INFO  ozone.MiniOzoneClusterImpl (MiniOzoneClusterImpl.java:lambda$waitForClusterToBeReady$0(222)) - Waiting for cluster to exit safe mode
2022-03-11 10:49:36,845 [Listener at 127.0.0.1/32795] INFO  ozone.MiniOzoneClusterImpl (MiniOzoneClusterImpl.java:lambda$waitForClusterToBeReady$0(224)) - SCM became leader
2022-03-11 10:49:37,013 [Command processor thread] INFO  server.RaftServer (RaftServerProxy.java:addNew(95)) - 7d731325-8a9a-4339-8945-d516f5c771ba: addNew group-CABD2EE68DA4:[7d731325-8a9a-4339-8945-d516f5c771ba|rpc:10.1.0.4:40061|priority:1] returns group-CABD2EE68DA4:java.util.concurrent.CompletableFuture@1a440cb3[Not completed]
2022-03-11 10:49:37,015 [pool-355-thread-1] INFO  server.RaftServer$Division (RaftServerImpl.java:<init>(184)) - 7d731325-8a9a-4339-8945-d516f5c771ba: new RaftServerImpl for group-CABD2EE68DA4:[7d731325-8a9a-4339-8945-d516f5c771ba|rpc:10.1.0.4:40061|priority:1] with ContainerStateMachine:uninitialized
2022-03-11 10:49:37,015 [pool-355-thread-1] INFO  server.RaftServerConfigKeys (ConfUtils.java:logGet(44)) - raft.server.rpc.timeout.min = 5s (custom)
2022-03-11 10:49:37,015 [pool-355-thread-1] INFO  server.RaftServerConfigKeys (ConfUtils.java:logGet(44)) - raft.server.rpc.timeout.max = 5200ms (custom)
2022-03-11 10:49:37,015 [pool-355-thread-1] INFO  server.RaftServerConfigKeys (ConfUtils.java:logGet(44)) - raft.server.rpc.sleep.time = 25ms (default)
2022-03-11 10:49:37,015 [pool-355-thread-1] INFO  server.RaftServerConfigKeys (ConfUtils.java:logGet(44)) - raft.server.rpc.slowness.timeout = 300s (custom)
2022-03-11 10:49:37,015 [pool-355-thread-1] INFO  server.RaftServerConfigKeys (ConfUtils.java:logGet(44)) - raft.server.leaderelection.leader.step-down.wait-time = 10s (default)
2022-03-11 10:49:37,015 [pool-355-thread-1] INFO  server.RaftServerConfigKeys (ConfUtils.java:logGet(44)) - raft.server.sleep.deviation.threshold = 300ms (default)
2022-03-11 10:49:37,016 [pool-355-thread-1] INFO  server.RaftServerConfigKeys (ConfUtils.java:logGet(44)) - raft.server.log.appender.install.snapshot.enabled = false (custom)
2022-03-11 10:49:37,016 [pool-355-thread-1] INFO  server.RaftServer$Division (ServerState.java:<init>(105)) - 7d731325-8a9a-4339-8945-d516f5c771ba@group-CABD2EE68DA4: ConfigurationManager, init=-1: [7d731325-8a9a-4339-8945-d516f5c771ba|rpc:10.1.0.4:40061|priority:1], old=null, confs=<EMPTY_MAP>
2022-03-11 10:49:37,016 [pool-355-thread-1] INFO  server.RaftServerConfigKeys (ConfUtils.java:logGet(44)) - raft.server.storage.dir = [/home/runner/work/ozone/ozone/hadoop-ozone/integration-test/target/test-dir/MiniOzoneClusterImpl-7b69f8db-d4e2-4de8-91fb-18008de01126/datanode-3/data/ratis] (custom)
2022-03-11 10:49:37,016 [pool-355-thread-1] INFO  server.RaftServerConfigKeys (ConfUtils.java:logGet(44)) - raft.server.log.corruption.policy = EXCEPTION (default)
2022-03-11 10:49:37,016 [pool-355-thread-1] INFO  server.RaftServerConfigKeys (ConfUtils.java:logGet(44)) - raft.server.storage.free-space.min = 0MB (=0) (default)
2022-03-11 10:49:37,016 [pool-355-thread-1] INFO  storage.RaftStorageDirectory (RaftStorageDirectoryImpl.java:analyzeStorage(135)) - The storage directory /home/runner/work/ozone/ozone/hadoop-ozone/integration-test/target/test-dir/MiniOzoneClusterImpl-7b69f8db-d4e2-4de8-91fb-18008de01126/datanode-3/data/ratis/0b687507-4fb0-4f17-99f1-cabd2ee68da4 does not exist. Creating ...
2022-03-11 10:49:37,017 [pool-355-thread-1] INFO  storage.RaftStorageDirectory (RaftStorageDirectoryImpl.java:tryLock(230)) - Lock on /home/runner/work/ozone/ozone/hadoop-ozone/integration-test/target/test-dir/MiniOzoneClusterImpl-7b69f8db-d4e2-4de8-91fb-18008de01126/datanode-3/data/ratis/0b687507-4fb0-4f17-99f1-cabd2ee68da4/in_use.lock acquired by nodename 11810@fv-az184-17
2022-03-11 10:49:37,021 [pool-355-thread-1] INFO  storage.RaftStorage (RaftStorageImpl.java:format(89)) - Storage directory /home/runner/work/ozone/ozone/hadoop-ozone/integration-test/target/test-dir/MiniOzoneClusterImpl-7b69f8db-d4e2-4de8-91fb-18008de01126/datanode-3/data/ratis/0b687507-4fb0-4f17-99f1-cabd2ee68da4 has been successfully formatted.
2022-03-11 10:49:37,022 [pool-355-thread-1] INFO  ratis.ContainerStateMachine (ContainerStateMachine.java:loadSnapshot(236)) - group-CABD2EE68DA4: The snapshot info is null. Setting the last applied indexto:(t:0, i:~)
2022-03-11 10:49:37,023 [EventQueue-PipelineReportForPipelineReportHandler] INFO  pipeline.PipelineManagerImpl (PipelineManagerImpl.java:openPipeline(291)) - Pipeline Pipeline[ Id: 0b687507-4fb0-4f17-99f1-cabd2ee68da4, Nodes: 7d731325-8a9a-4339-8945-d516f5c771ba{ip: 10.1.0.4, host: fv-az184-17.3ow45vhwbzuu5incsxmygykede.cx.internal.cloudapp.net, ports: [REPLICATION=38531, RATIS=40061, RATIS_ADMIN=40061, RATIS_SERVER=40061, STANDALONE=43627], networkLocation: /default-rack, certSerialId: null, persistedOpState: IN_SERVICE, persistedOpStateExpiryEpochSec: 0}, ReplicationConfig: RATIS/ONE, State:ALLOCATED, leaderId:7d731325-8a9a-4339-8945-d516f5c771ba, CreationTimestamp2022-03-11T10:49:34.015Z[Etc/UTC]] moved to OPEN state
2022-03-11 10:49:37,023 [EventQueue-OpenPipelineForHealthyPipelineSafeModeRule] INFO  safemode.SCMSafeModeManager (HealthyPipelineSafeModeRule.java:process(124)) - SCM in safe mode. Healthy pipelines reported count is 0, required healthy pipeline reported count is 1
2022-03-11 10:49:37,023 [pool-355-thread-1] INFO  server.RaftServerConfigKeys (ConfUtils.java:logGet(44)) - raft.server.notification.no-leader.timeout = 300s (custom)
2022-03-11 10:49:37,024 [pool-355-thread-1] INFO  server.RaftServerConfigKeys (ConfUtils.java:logGet(44)) - raft.server.log.use.memory = false (default)
2022-03-11 10:49:37,024 [pool-355-thread-1] INFO  server.RaftServerConfigKeys (ConfUtils.java:logGet(44)) - raft.server.log.purge.gap = 1000000 (custom)
2022-03-11 10:49:37,024 [pool-355-thread-1] INFO  server.RaftServerConfigKeys (ConfUtils.java:logGet(44)) - raft.server.log.appender.buffer.byte-limit = 33554432 (custom)
2022-03-11 10:49:37,024 [pool-355-thread-1] INFO  server.RaftServerConfigKeys (ConfUtils.java:logGet(44)) - raft.server.log.segment.size.max = 1048576 (custom)
2022-03-11 10:49:37,025 [pool-355-thread-1] INFO  server.RaftServerConfigKeys (ConfUtils.java:logGet(44)) - raft.server.log.segment.cache.num.max = 2 (custom)
2022-03-11 10:49:37,025 [pool-355-thread-1] INFO  server.RaftServerConfigKeys (ConfUtils.java:logGet(44)) - raft.server.log.segment.cache.size.max = 200MB (=209715200) (default)
2022-03-11 10:49:37,026 [pool-355-thread-1] INFO  segmented.SegmentedRaftLogWorker (SegmentedRaftLogWorker.java:<init>(182)) - new 7d731325-8a9a-4339-8945-d516f5c771ba@group-CABD2EE68DA4-SegmentedRaftLogWorker for RaftStorageImpl:Storage Directory /home/runner/work/ozone/ozone/hadoop-ozone/integration-test/target/test-dir/MiniOzoneClusterImpl-7b69f8db-d4e2-4de8-91fb-18008de01126/datanode-3/data/ratis/0b687507-4fb0-4f17-99f1-cabd2ee68da4
2022-03-11 10:49:37,026 [pool-355-thread-1] INFO  server.RaftServerConfigKeys (ConfUtils.java:logGet(44)) - raft.server.log.queue.byte-limit = 4294967296 (custom)
2022-03-11 10:49:37,026 [pool-355-thread-1] INFO  server.RaftServerConfigKeys (ConfUtils.java:logGet(44)) - raft.server.log.queue.element-limit = 1024 (custom)
2022-03-11 10:49:37,026 [pool-355-thread-1] INFO  server.RaftServerConfigKeys (ConfUtils.java:logGet(44)) - raft.server.log.segment.size.max = 1048576 (custom)
2022-03-11 10:49:37,026 [pool-355-thread-1] INFO  server.RaftServerConfigKeys (ConfUtils.java:logGet(44)) - raft.server.log.preallocated.size = 16384 (custom)
2022-03-11 10:49:37,027 [pool-355-thread-1] INFO  server.RaftServerConfigKeys (ConfUtils.java:logGet(44)) - raft.server.log.force.sync.num = 128 (default)
2022-03-11 10:49:37,027 [pool-355-thread-1] INFO  server.RaftServerConfigKeys (ConfUtils.java:logGet(44)) - raft.server.log.statemachine.data.sync = true (default)
2022-03-11 10:49:37,027 [pool-355-thread-1] INFO  server.RaftServerConfigKeys (ConfUtils.java:logGet(44)) - raft.server.log.statemachine.data.sync.timeout = 10s (default)
2022-03-11 10:49:37,027 [pool-355-thread-1] INFO  server.RaftServerConfigKeys (ConfUtils.java:logGet(44)) - raft.server.log.statemachine.data.sync.timeout.retry = -1 (default)
2022-03-11 10:49:37,028 [pool-355-thread-1] INFO  server.RaftServerConfigKeys (ConfUtils.java:logGet(44)) - raft.server.log.write.buffer.size = 1048576 (custom)
2022-03-11 10:49:37,029 [pool-355-thread-1] INFO  server.RaftServerConfigKeys (ConfUtils.java:logGet(44)) - raft.server.log.statemachine.data.caching.enabled = true (custom)
2022-03-11 10:49:37,029 [pool-355-thread-1] INFO  segmented.SegmentedRaftLogWorker (SegmentedRaftLogWorker.java:lambda$new$0(133)) - 7d731325-8a9a-4339-8945-d516f5c771ba@group-CABD2EE68DA4-SegmentedRaftLogWorker: flushIndex: setUnconditionally 0 -> -1
2022-03-11 10:49:37,029 [pool-355-thread-1] INFO  segmented.SegmentedRaftLogWorker (SegmentedRaftLogWorker.java:lambda$new$0(133)) - 7d731325-8a9a-4339-8945-d516f5c771ba@group-CABD2EE68DA4-SegmentedRaftLogWorker: safeCacheEvictIndex: setUnconditionally 0 -> -1
2022-03-11 10:49:37,029 [pool-355-thread-1] INFO  server.RaftServerConfigKeys (ConfUtils.java:logGet(44)) - raft.server.snapshot.auto.trigger.enabled = true (custom)
2022-03-11 10:49:37,029 [pool-355-thread-1] INFO  server.RaftServerConfigKeys (ConfUtils.java:logGet(44)) - raft.server.snapshot.auto.trigger.threshold = 10000 (custom)
2022-03-11 10:49:37,029 [pool-355-thread-1] INFO  server.RaftServerConfigKeys (ConfUtils.java:logGet(44)) - raft.server.snapshot.retention.file.num = 5 (custom)
2022-03-11 10:49:37,029 [pool-355-thread-1] INFO  server.RaftServerConfigKeys (ConfUtils.java:logGet(44)) - raft.server.log.purge.upto.snapshot.index = false (default)
2022-03-11 10:49:37,029 [pool-355-thread-1] INFO  server.RaftServerConfigKeys (ConfUtils.java:logGet(44)) - raft.server.retrycache.expirytime = 600000ms (custom)
2022-03-11 10:49:37,030 [pool-355-thread-1] INFO  server.RaftServerConfigKeys (ConfUtils.java:logGet(44)) - raft.server.retrycache.statistics.expirytime = 100μs (default)
2022-03-11 10:49:37,031 [pool-355-thread-1] INFO  server.RaftServer$Division (RaftServerImpl.java:start(301)) - 7d731325-8a9a-4339-8945-d516f5c771ba@group-CABD2EE68DA4: start as a follower, conf=-1: [7d731325-8a9a-4339-8945-d516f5c771ba|rpc:10.1.0.4:40061|priority:1], old=null
2022-03-11 10:49:37,031 [pool-355-thread-1] INFO  server.RaftServer$Division (RaftServerImpl.java:setRole(290)) - 7d731325-8a9a-4339-8945-d516f5c771ba@group-CABD2EE68DA4: changes role from      null to FOLLOWER at term 0 for startAsFollower
2022-03-11 10:49:37,031 [pool-355-thread-1] INFO  impl.RoleInfo (RoleInfo.java:updateAndGet(130)) - 7d731325-8a9a-4339-8945-d516f5c771ba: start 7d731325-8a9a-4339-8945-d516f5c771ba@group-CABD2EE68DA4-FollowerState
2022-03-11 10:49:37,031 [pool-355-thread-1] INFO  util.JmxRegister (JmxRegister.java:tryRegister(44)) - Successfully registered JMX Bean with object name Ratis:service=RaftServer,group=group-CABD2EE68DA4,id=7d731325-8a9a-4339-8945-d516f5c771ba
2022-03-11 10:49:37,032 [Command processor thread] INFO  ratis.XceiverServerRatis (XceiverServerRatis.java:addGroup(769)) - Created group PipelineID=0b687507-4fb0-4f17-99f1-cabd2ee68da4
2022-03-11 10:49:37,032 [Command processor thread] INFO  commandhandler.CreatePipelineCommandHandler (CreatePipelineCommandHandler.java:handle(106)) - Created Pipeline RATIS ONE PipelineID=0b687507-4fb0-4f17-99f1-cabd2ee68da4.
2022-03-11 10:49:37,033 [Command processor thread] INFO  server.RaftServer (RaftServerProxy.java:addNew(95)) - 7d731325-8a9a-4339-8945-d516f5c771ba: addNew group-65BB9F4A6A20:[9f19d336-1974-497a-ae2d-7c3106a3707b|rpc:10.1.0.4:42835|priority:1, 7d731325-8a9a-4339-8945-d516f5c771ba|rpc:10.1.0.4:40061|priority:0, f8dfa1df-1adf-42a0-846b-31040712e3d8|rpc:10.1.0.4:44285|priority:0] returns group-65BB9F4A6A20:java.util.concurrent.CompletableFuture@1e7b8b23[Not completed]
2022-03-11 10:49:37,034 [pool-355-thread-1] INFO  server.RaftServer$Division (RaftServerImpl.java:<init>(184)) - 7d731325-8a9a-4339-8945-d516f5c771ba: new RaftServerImpl for group-65BB9F4A6A20:[9f19d336-1974-497a-ae2d-7c3106a3707b|rpc:10.1.0.4:42835|priority:1, 7d731325-8a9a-4339-8945-d516f5c771ba|rpc:10.1.0.4:40061|priority:0, f8dfa1df-1adf-42a0-846b-31040712e3d8|rpc:10.1.0.4:44285|priority:0] with ContainerStateMachine:uninitialized
2022-03-11 10:49:37,034 [pool-355-thread-1] INFO  server.RaftServerConfigKeys (ConfUtils.java:logGet(44)) - raft.server.rpc.timeout.min = 5s (custom)
2022-03-11 10:49:37,034 [pool-355-thread-1] INFO  server.RaftServerConfigKeys (ConfUtils.java:logGet(44)) - raft.server.rpc.timeout.max = 5200ms (custom)
2022-03-11 10:49:37,034 [pool-355-thread-1] INFO  server.RaftServerConfigKeys (ConfUtils.java:logGet(44)) - raft.server.rpc.sleep.time = 25ms (default)
2022-03-11 10:49:37,034 [pool-355-thread-1] INFO  server.RaftServerConfigKeys (ConfUtils.java:logGet(44)) - raft.server.rpc.slowness.timeout = 300s (custom)
2022-03-11 10:49:37,034 [pool-355-thread-1] INFO  server.RaftServerConfigKeys (ConfUtils.java:logGet(44)) - raft.server.leaderelection.leader.step-down.wait-time = 10s (default)
2022-03-11 10:49:37,034 [pool-355-thread-1] INFO  server.RaftServerConfigKeys (ConfUtils.java:logGet(44)) - raft.server.sleep.deviation.threshold = 300ms (default)
2022-03-11 10:49:37,034 [pool-355-thread-1] INFO  server.RaftServerConfigKeys (ConfUtils.java:logGet(44)) - raft.server.log.appender.install.snapshot.enabled = false (custom)
2022-03-11 10:49:37,034 [pool-355-thread-1] INFO  server.RaftServer$Division (ServerState.java:<init>(105)) - 7d731325-8a9a-4339-8945-d516f5c771ba@group-65BB9F4A6A20: ConfigurationManager, init=-1: [9f19d336-1974-497a-ae2d-7c3106a3707b|rpc:10.1.0.4:42835|priority:1, 7d731325-8a9a-4339-8945-d516f5c771ba|rpc:10.1.0.4:40061|priority:0, f8dfa1df-1adf-42a0-846b-31040712e3d8|rpc:10.1.0.4:44285|priority:0], old=null, confs=<EMPTY_MAP>
2022-03-11 10:49:37,034 [pool-355-thread-1] INFO  server.RaftServerConfigKeys (ConfUtils.java:logGet(44)) - raft.server.storage.dir = [/home/runner/work/ozone/ozone/hadoop-ozone/integration-test/target/test-dir/MiniOzoneClusterImpl-7b69f8db-d4e2-4de8-91fb-18008de01126/datanode-3/data/ratis] (custom)
2022-03-11 10:49:37,035 [pool-355-thread-1] INFO  server.RaftServerConfigKeys (ConfUtils.java:logGet(44)) - raft.server.log.corruption.policy = EXCEPTION (default)
2022-03-11 10:49:37,036 [pool-355-thread-1] INFO  server.RaftServerConfigKeys (ConfUtils.java:logGet(44)) - raft.server.storage.free-space.min = 0MB (=0) (default)
2022-03-11 10:49:37,036 [pool-355-thread-1] INFO  storage.RaftStorageDirectory (RaftStorageDirectoryImpl.java:analyzeStorage(135)) - The storage directory /home/runner/work/ozone/ozone/hadoop-ozone/integration-test/target/test-dir/MiniOzoneClusterImpl-7b69f8db-d4e2-4de8-91fb-18008de01126/datanode-3/data/ratis/ea3c26b7-031f-48a2-a3a0-65bb9f4a6a20 does not exist. Creating ...
2022-03-11 10:49:37,037 [pool-355-thread-1] INFO  storage.RaftStorageDirectory (RaftStorageDirectoryImpl.java:tryLock(230)) - Lock on /home/runner/work/ozone/ozone/hadoop-ozone/integration-test/target/test-dir/MiniOzoneClusterImpl-7b69f8db-d4e2-4de8-91fb-18008de01126/datanode-3/data/ratis/ea3c26b7-031f-48a2-a3a0-65bb9f4a6a20/in_use.lock acquired by nodename 11810@fv-az184-17
2022-03-11 10:49:37,039 [pool-355-thread-1] INFO  storage.RaftStorage (RaftStorageImpl.java:format(89)) - Storage directory /home/runner/work/ozone/ozone/hadoop-ozone/integration-test/target/test-dir/MiniOzoneClusterImpl-7b69f8db-d4e2-4de8-91fb-18008de01126/datanode-3/data/ratis/ea3c26b7-031f-48a2-a3a0-65bb9f4a6a20 has been successfully formatted.
2022-03-11 10:49:37,039 [pool-355-thread-1] INFO  ratis.ContainerStateMachine (ContainerStateMachine.java:loadSnapshot(236)) - group-65BB9F4A6A20: The snapshot info is null. Setting the last applied indexto:(t:0, i:~)
2022-03-11 10:49:37,040 [EventQueue-OpenPipelineForHealthyPipelineSafeModeRule] INFO  safemode.SCMSafeModeManager (HealthyPipelineSafeModeRule.java:process(124)) - SCM in safe mode. Healthy pipelines reported count is 0, required healthy pipeline reported count is 1
2022-03-11 10:49:37,040 [pool-355-thread-1] INFO  server.RaftServerConfigKeys (ConfUtils.java:logGet(44)) - raft.server.notification.no-leader.timeout = 300s (custom)
2022-03-11 10:49:37,041 [pool-355-thread-1] INFO  server.RaftServerConfigKeys (ConfUtils.java:logGet(44)) - raft.server.log.use.memory = false (default)
2022-03-11 10:49:37,041 [pool-355-thread-1] INFO  server.RaftServerConfigKeys (ConfUtils.java:logGet(44)) - raft.server.log.purge.gap = 1000000 (custom)
2022-03-11 10:49:37,041 [pool-355-thread-1] INFO  server.RaftServerConfigKeys (ConfUtils.java:logGet(44)) - raft.server.log.appender.buffer.byte-limit = 33554432 (custom)
2022-03-11 10:49:37,042 [pool-355-thread-1] INFO  server.RaftServerConfigKeys (ConfUtils.java:logGet(44)) - raft.server.log.segment.size.max = 1048576 (custom)
2022-03-11 10:49:37,043 [pool-355-thread-1] INFO  server.RaftServerConfigKeys (ConfUtils.java:logGet(44)) - raft.server.log.segment.cache.num.max = 2 (custom)
2022-03-11 10:49:37,043 [pool-355-thread-1] INFO  server.RaftServerConfigKeys (ConfUtils.java:logGet(44)) - raft.server.log.segment.cache.size.max = 200MB (=209715200) (default)
2022-03-11 10:49:37,043 [pool-355-thread-1] INFO  segmented.SegmentedRaftLogWorker (SegmentedRaftLogWorker.java:<init>(182)) - new 7d731325-8a9a-4339-8945-d516f5c771ba@group-65BB9F4A6A20-SegmentedRaftLogWorker for RaftStorageImpl:Storage Directory /home/runner/work/ozone/ozone/hadoop-ozone/integration-test/target/test-dir/MiniOzoneClusterImpl-7b69f8db-d4e2-4de8-91fb-18008de01126/datanode-3/data/ratis/ea3c26b7-031f-48a2-a3a0-65bb9f4a6a20
2022-03-11 10:49:37,043 [pool-355-thread-1] INFO  server.RaftServerConfigKeys (ConfUtils.java:logGet(44)) - raft.server.log.queue.byte-limit = 4294967296 (custom)
2022-03-11 10:49:37,043 [pool-355-thread-1] INFO  server.RaftServerConfigKeys (ConfUtils.java:logGet(44)) - raft.server.log.queue.element-limit = 1024 (custom)
2022-03-11 10:49:37,043 [pool-355-thread-1] INFO  server.RaftServerConfigKeys (ConfUtils.java:logGet(44)) - raft.server.log.segment.size.max = 1048576 (custom)
2022-03-11 10:49:37,043 [pool-355-thread-1] INFO  server.RaftServerConfigKeys (ConfUtils.java:logGet(44)) - raft.server.log.preallocated.size = 16384 (custom)
2022-03-11 10:49:37,043 [pool-355-thread-1] INFO  server.RaftServerConfigKeys (ConfUtils.java:logGet(44)) - raft.server.log.force.sync.num = 128 (default)
2022-03-11 10:49:37,043 [pool-355-thread-1] INFO  server.RaftServerConfigKeys (ConfUtils.java:logGet(44)) - raft.server.log.statemachine.data.sync = true (default)
2022-03-11 10:49:37,043 [pool-355-thread-1] INFO  server.RaftServerConfigKeys (ConfUtils.java:logGet(44)) - raft.server.log.statemachine.data.sync.timeout = 10s (default)
2022-03-11 10:49:37,043 [pool-355-thread-1] INFO  server.RaftServerConfigKeys (ConfUtils.java:logGet(44)) - raft.server.log.statemachine.data.sync.timeout.retry = -1 (default)
2022-03-11 10:49:37,044 [pool-355-thread-1] INFO  server.RaftServerConfigKeys (ConfUtils.java:logGet(44)) - raft.server.log.write.buffer.size = 1048576 (custom)
2022-03-11 10:49:37,046 [pool-355-thread-1] INFO  server.RaftServerConfigKeys (ConfUtils.java:logGet(44)) - raft.server.log.statemachine.data.caching.enabled = true (custom)
2022-03-11 10:49:37,046 [pool-355-thread-1] INFO  segmented.SegmentedRaftLogWorker (SegmentedRaftLogWorker.java:lambda$new$0(133)) - 7d731325-8a9a-4339-8945-d516f5c771ba@group-65BB9F4A6A20-SegmentedRaftLogWorker: flushIndex: setUnconditionally 0 -> -1
2022-03-11 10:49:37,046 [pool-355-thread-1] INFO  segmented.SegmentedRaftLogWorker (SegmentedRaftLogWorker.java:lambda$new$0(133)) - 7d731325-8a9a-4339-8945-d516f5c771ba@group-65BB9F4A6A20-SegmentedRaftLogWorker: safeCacheEvictIndex: setUnconditionally 0 -> -1
2022-03-11 10:49:37,051 [pool-355-thread-1] INFO  server.RaftServerConfigKeys (ConfUtils.java:logGet(44)) - raft.server.snapshot.auto.trigger.enabled = true (custom)
2022-03-11 10:49:37,051 [pool-355-thread-1] INFO  server.RaftServerConfigKeys (ConfUtils.java:logGet(44)) - raft.server.snapshot.auto.trigger.threshold = 10000 (custom)
2022-03-11 10:49:37,051 [pool-355-thread-1] INFO  server.RaftServerConfigKeys (ConfUtils.java:logGet(44)) - raft.server.snapshot.retention.file.num = 5 (custom)
2022-03-11 10:49:37,051 [pool-355-thread-1] INFO  server.RaftServerConfigKeys (ConfUtils.java:logGet(44)) - raft.server.log.purge.upto.snapshot.index = false (default)
2022-03-11 10:49:37,051 [pool-355-thread-1] INFO  server.RaftServerConfigKeys (ConfUtils.java:logGet(44)) - raft.server.retrycache.expirytime = 600000ms (custom)
2022-03-11 10:49:37,051 [pool-355-thread-1] INFO  server.RaftServerConfigKeys (ConfUtils.java:logGet(44)) - raft.server.retrycache.statistics.expirytime = 100μs (default)
2022-03-11 10:49:37,053 [pool-355-thread-1] INFO  server.RaftServer$Division (RaftServerImpl.java:start(301)) - 7d731325-8a9a-4339-8945-d516f5c771ba@group-65BB9F4A6A20: start as a follower, conf=-1: [9f19d336-1974-497a-ae2d-7c3106a3707b|rpc:10.1.0.4:42835|priority:1, 7d731325-8a9a-4339-8945-d516f5c771ba|rpc:10.1.0.4:40061|priority:0, f8dfa1df-1adf-42a0-846b-31040712e3d8|rpc:10.1.0.4:44285|priority:0], old=null
2022-03-11 10:49:37,053 [pool-355-thread-1] INFO  server.RaftServer$Division (RaftServerImpl.java:setRole(290)) - 7d731325-8a9a-4339-8945-d516f5c771ba@group-65BB9F4A6A20: changes role from      null to FOLLOWER at term 0 for startAsFollower
2022-03-11 10:49:37,053 [pool-355-thread-1] INFO  impl.RoleInfo (RoleInfo.java:updateAndGet(130)) - 7d731325-8a9a-4339-8945-d516f5c771ba: start 7d731325-8a9a-4339-8945-d516f5c771ba@group-65BB9F4A6A20-FollowerState
2022-03-11 10:49:37,053 [pool-355-thread-1] INFO  util.JmxRegister (JmxRegister.java:tryRegister(44)) - Successfully registered JMX Bean with object name Ratis:service=RaftServer,group=group-65BB9F4A6A20,id=7d731325-8a9a-4339-8945-d516f5c771ba
2022-03-11 10:49:37,054 [Command processor thread] INFO  ratis.XceiverServerRatis (XceiverServerRatis.java:addGroup(769)) - Created group PipelineID=ea3c26b7-031f-48a2-a3a0-65bb9f4a6a20
2022-03-11 10:49:37,068 [grpc-default-executor-0] INFO  server.RaftServer (RaftServerProxy.java:addNew(95)) - 9f19d336-1974-497a-ae2d-7c3106a3707b: addNew group-65BB9F4A6A20:[9f19d336-1974-497a-ae2d-7c3106a3707b|rpc:10.1.0.4:42835|dataStream:|priority:1, 7d731325-8a9a-4339-8945-d516f5c771ba|rpc:10.1.0.4:40061|dataStream:|priority:0, f8dfa1df-1adf-42a0-846b-31040712e3d8|rpc:10.1.0.4:44285|dataStream:|priority:0] returns group-65BB9F4A6A20:java.util.concurrent.CompletableFuture@20bc47cc[Not completed]
2022-03-11 10:49:37,069 [pool-405-thread-1] INFO  server.RaftServer$Division (RaftServerImpl.java:<init>(184)) - 9f19d336-1974-497a-ae2d-7c3106a3707b: new RaftServerImpl for group-65BB9F4A6A20:[9f19d336-1974-497a-ae2d-7c3106a3707b|rpc:10.1.0.4:42835|dataStream:|priority:1, 7d731325-8a9a-4339-8945-d516f5c771ba|rpc:10.1.0.4:40061|dataStream:|priority:0, f8dfa1df-1adf-42a0-846b-31040712e3d8|rpc:10.1.0.4:44285|dataStream:|priority:0] with ContainerStateMachine:uninitialized
2022-03-11 10:49:37,069 [pool-405-thread-1] INFO  server.RaftServerConfigKeys (ConfUtils.java:logGet(44)) - raft.server.rpc.timeout.min = 5s (custom)
2022-03-11 10:49:37,069 [pool-405-thread-1] INFO  server.RaftServerConfigKeys (ConfUtils.java:logGet(44)) - raft.server.rpc.timeout.max = 5200ms (custom)
2022-03-11 10:49:37,069 [pool-405-thread-1] INFO  server.RaftServerConfigKeys (ConfUtils.java:logGet(44)) - raft.server.rpc.sleep.time = 25ms (default)
2022-03-11 10:49:37,069 [pool-405-thread-1] INFO  server.RaftServerConfigKeys (ConfUtils.java:logGet(44)) - raft.server.rpc.slowness.timeout = 300s (custom)
2022-03-11 10:49:37,069 [pool-405-thread-1] INFO  server.RaftServerConfigKeys (ConfUtils.java:logGet(44)) - raft.server.leaderelection.leader.step-down.wait-time = 10s (default)
2022-03-11 10:49:37,069 [pool-405-thread-1] INFO  server.RaftServerConfigKeys (ConfUtils.java:logGet(44)) - raft.server.sleep.deviation.threshold = 300ms (default)
2022-03-11 10:49:37,069 [pool-405-thread-1] INFO  server.RaftServerConfigKeys (ConfUtils.java:logGet(44)) - raft.server.log.appender.install.snapshot.enabled = false (custom)
2022-03-11 10:49:37,070 [pool-405-thread-1] INFO  server.RaftServer$Division (ServerState.java:<init>(105)) - 9f19d336-1974-497a-ae2d-7c3106a3707b@group-65BB9F4A6A20: ConfigurationManager, init=-1: [9f19d336-1974-497a-ae2d-7c3106a3707b|rpc:10.1.0.4:42835|dataStream:|priority:1, 7d731325-8a9a-4339-8945-d516f5c771ba|rpc:10.1.0.4:40061|dataStream:|priority:0, f8dfa1df-1adf-42a0-846b-31040712e3d8|rpc:10.1.0.4:44285|dataStream:|priority:0], old=null, confs=<EMPTY_MAP>
2022-03-11 10:49:37,070 [pool-405-thread-1] INFO  server.RaftServerConfigKeys (ConfUtils.java:logGet(44)) - raft.server.storage.dir = [/home/runner/work/ozone/ozone/hadoop-ozone/integration-test/target/test-dir/MiniOzoneClusterImpl-7b69f8db-d4e2-4de8-91fb-18008de01126/datanode-5/data/ratis] (custom)
2022-03-11 10:49:37,070 [pool-405-thread-1] INFO  server.RaftServerConfigKeys (ConfUtils.java:logGet(44)) - raft.server.log.corruption.policy = EXCEPTION (default)
2022-03-11 10:49:37,070 [pool-405-thread-1] INFO  server.RaftServerConfigKeys (ConfUtils.java:logGet(44)) - raft.server.storage.free-space.min = 0MB (=0) (default)
2022-03-11 10:49:37,070 [pool-405-thread-1] INFO  storage.RaftStorageDirectory (RaftStorageDirectoryImpl.java:analyzeStorage(135)) - The storage directory /home/runner/work/ozone/ozone/hadoop-ozone/integration-test/target/test-dir/MiniOzoneClusterImpl-7b69f8db-d4e2-4de8-91fb-18008de01126/datanode-5/data/ratis/ea3c26b7-031f-48a2-a3a0-65bb9f4a6a20 does not exist. Creating ...
2022-03-11 10:49:37,071 [pool-405-thread-1] INFO  storage.RaftStorageDirectory (RaftStorageDirectoryImpl.java:tryLock(230)) - Lock on /home/runner/work/ozone/ozone/hadoop-ozone/integration-test/target/test-dir/MiniOzoneClusterImpl-7b69f8db-d4e2-4de8-91fb-18008de01126/datanode-5/data/ratis/ea3c26b7-031f-48a2-a3a0-65bb9f4a6a20/in_use.lock acquired by nodename 11810@fv-az184-17
2022-03-11 10:49:37,072 [pool-405-thread-1] INFO  storage.RaftStorage (RaftStorageImpl.java:format(89)) - Storage directory /home/runner/work/ozone/ozone/hadoop-ozone/integration-test/target/test-dir/MiniOzoneClusterImpl-7b69f8db-d4e2-4de8-91fb-18008de01126/datanode-5/data/ratis/ea3c26b7-031f-48a2-a3a0-65bb9f4a6a20 has been successfully formatted.
2022-03-11 10:49:37,074 [pool-405-thread-1] INFO  ratis.ContainerStateMachine (ContainerStateMachine.java:loadSnapshot(236)) - group-65BB9F4A6A20: The snapshot info is null. Setting the last applied indexto:(t:0, i:~)
2022-03-11 10:49:37,074 [pool-405-thread-1] INFO  server.RaftServerConfigKeys (ConfUtils.java:logGet(44)) - raft.server.notification.no-leader.timeout = 300s (custom)
2022-03-11 10:49:37,074 [pool-405-thread-1] INFO  server.RaftServerConfigKeys (ConfUtils.java:logGet(44)) - raft.server.log.use.memory = false (default)
2022-03-11 10:49:37,075 [pool-405-thread-1] INFO  server.RaftServerConfigKeys (ConfUtils.java:logGet(44)) - raft.server.log.purge.gap = 1000000 (custom)
2022-03-11 10:49:37,075 [pool-405-thread-1] INFO  server.RaftServerConfigKeys (ConfUtils.java:logGet(44)) - raft.server.log.appender.buffer.byte-limit = 33554432 (custom)
2022-03-11 10:49:37,076 [pool-405-thread-1] INFO  server.RaftServerConfigKeys (ConfUtils.java:logGet(44)) - raft.server.log.segment.size.max = 1048576 (custom)
2022-03-11 10:49:37,076 [pool-405-thread-1] INFO  server.RaftServerConfigKeys (ConfUtils.java:logGet(44)) - raft.server.log.segment.cache.num.max = 2 (custom)
2022-03-11 10:49:37,076 [pool-405-thread-1] INFO  server.RaftServerConfigKeys (ConfUtils.java:logGet(44)) - raft.server.log.segment.cache.size.max = 200MB (=209715200) (default)
2022-03-11 10:49:37,076 [pool-405-thread-1] INFO  segmented.SegmentedRaftLogWorker (SegmentedRaftLogWorker.java:<init>(182)) - new 9f19d336-1974-497a-ae2d-7c3106a3707b@group-65BB9F4A6A20-SegmentedRaftLogWorker for RaftStorageImpl:Storage Directory /home/runner/work/ozone/ozone/hadoop-ozone/integration-test/target/test-dir/MiniOzoneClusterImpl-7b69f8db-d4e2-4de8-91fb-18008de01126/datanode-5/data/ratis/ea3c26b7-031f-48a2-a3a0-65bb9f4a6a20
2022-03-11 10:49:37,076 [pool-405-thread-1] INFO  server.RaftServerConfigKeys (ConfUtils.java:logGet(44)) - raft.server.log.queue.byte-limit = 4294967296 (custom)
2022-03-11 10:49:37,076 [pool-405-thread-1] INFO  server.RaftServerConfigKeys (ConfUtils.java:logGet(44)) - raft.server.log.queue.element-limit = 1024 (custom)
2022-03-11 10:49:37,076 [pool-405-thread-1] INFO  server.RaftServerConfigKeys (ConfUtils.java:logGet(44)) - raft.server.log.segment.size.max = 1048576 (custom)
2022-03-11 10:49:37,077 [pool-405-thread-1] INFO  server.RaftServerConfigKeys (ConfUtils.java:logGet(44)) - raft.server.log.preallocated.size = 16384 (custom)
2022-03-11 10:49:37,077 [pool-405-thread-1] INFO  server.RaftServerConfigKeys (ConfUtils.java:logGet(44)) - raft.server.log.force.sync.num = 128 (default)
2022-03-11 10:49:37,077 [pool-405-thread-1] INFO  server.RaftServerConfigKeys (ConfUtils.java:logGet(44)) - raft.server.log.statemachine.data.sync = true (default)
2022-03-11 10:49:37,077 [pool-405-thread-1] INFO  server.RaftServerConfigKeys (ConfUtils.java:logGet(44)) - raft.server.log.statemachine.data.sync.timeout = 10s (default)
2022-03-11 10:49:37,077 [pool-405-thread-1] INFO  server.RaftServerConfigKeys (ConfUtils.java:logGet(44)) - raft.server.log.statemachine.data.sync.timeout.retry = -1 (default)
2022-03-11 10:49:37,078 [pool-405-thread-1] INFO  server.RaftServerConfigKeys (ConfUtils.java:logGet(44)) - raft.server.log.write.buffer.size = 1048576 (custom)
2022-03-11 10:49:37,079 [pool-405-thread-1] INFO  server.RaftServerConfigKeys (ConfUtils.java:logGet(44)) - raft.server.log.statemachine.data.caching.enabled = true (custom)
2022-03-11 10:49:37,079 [pool-405-thread-1] INFO  segmented.SegmentedRaftLogWorker (SegmentedRaftLogWorker.java:lambda$new$0(133)) - 9f19d336-1974-497a-ae2d-7c3106a3707b@group-65BB9F4A6A20-SegmentedRaftLogWorker: flushIndex: setUnconditionally 0 -> -1
2022-03-11 10:49:37,079 [pool-405-thread-1] INFO  segmented.SegmentedRaftLogWorker (SegmentedRaftLogWorker.java:lambda$new$0(133)) - 9f19d336-1974-497a-ae2d-7c3106a3707b@group-65BB9F4A6A20-SegmentedRaftLogWorker: safeCacheEvictIndex: setUnconditionally 0 -> -1
2022-03-11 10:49:37,079 [pool-405-thread-1] INFO  server.RaftServerConfigKeys (ConfUtils.java:logGet(44)) - raft.server.snapshot.auto.trigger.enabled = true (custom)
2022-03-11 10:49:37,079 [pool-405-thread-1] INFO  server.RaftServerConfigKeys (ConfUtils.java:logGet(44)) - raft.server.snapshot.auto.trigger.threshold = 10000 (custom)
2022-03-11 10:49:37,079 [pool-405-thread-1] INFO  server.RaftServerConfigKeys (ConfUtils.java:logGet(44)) - raft.server.snapshot.retention.file.num = 5 (custom)
2022-03-11 10:49:37,079 [pool-405-thread-1] INFO  server.RaftServerConfigKeys (ConfUtils.java:logGet(44)) - raft.server.log.purge.upto.snapshot.index = false (default)
2022-03-11 10:49:37,079 [pool-405-thread-1] INFO  server.RaftServerConfigKeys (ConfUtils.java:logGet(44)) - raft.server.retrycache.expirytime = 600000ms (custom)
2022-03-11 10:49:37,079 [pool-405-thread-1] INFO  server.RaftServerConfigKeys (ConfUtils.java:logGet(44)) - raft.server.retrycache.statistics.expirytime = 100μs (default)
2022-03-11 10:49:37,081 [pool-405-thread-1] INFO  server.RaftServer$Division (RaftServerImpl.java:start(301)) - 9f19d336-1974-497a-ae2d-7c3106a3707b@group-65BB9F4A6A20: start as a follower, conf=-1: [9f19d336-1974-497a-ae2d-7c3106a3707b|rpc:10.1.0.4:42835|dataStream:|priority:1, 7d731325-8a9a-4339-8945-d516f5c771ba|rpc:10.1.0.4:40061|dataStream:|priority:0, f8dfa1df-1adf-42a0-846b-31040712e3d8|rpc:10.1.0.4:44285|dataStream:|priority:0], old=null
2022-03-11 10:49:37,081 [pool-405-thread-1] INFO  server.RaftServer$Division (RaftServerImpl.java:setRole(290)) - 9f19d336-1974-497a-ae2d-7c3106a3707b@group-65BB9F4A6A20: changes role from      null to FOLLOWER at term 0 for startAsFollower
2022-03-11 10:49:37,081 [pool-405-thread-1] INFO  impl.RoleInfo (RoleInfo.java:updateAndGet(130)) - 9f19d336-1974-497a-ae2d-7c3106a3707b: start 9f19d336-1974-497a-ae2d-7c3106a3707b@group-65BB9F4A6A20-FollowerState
2022-03-11 10:49:37,081 [pool-405-thread-1] INFO  util.JmxRegister (JmxRegister.java:tryRegister(44)) - Successfully registered JMX Bean with object name Ratis:service=RaftServer,group=group-65BB9F4A6A20,id=9f19d336-1974-497a-ae2d-7c3106a3707b
2022-03-11 10:49:37,097 [grpc-default-executor-0] INFO  server.RaftServer (RaftServerProxy.java:addNew(95)) - f8dfa1df-1adf-42a0-846b-31040712e3d8: addNew group-65BB9F4A6A20:[9f19d336-1974-497a-ae2d-7c3106a3707b|rpc:10.1.0.4:42835|dataStream:|priority:1, 7d731325-8a9a-4339-8945-d516f5c771ba|rpc:10.1.0.4:40061|dataStream:|priority:0, f8dfa1df-1adf-42a0-846b-31040712e3d8|rpc:10.1.0.4:44285|dataStream:|priority:0] returns group-65BB9F4A6A20:java.util.concurrent.CompletableFuture@5bab7bad[Not completed]
2022-03-11 10:49:37,099 [pool-380-thread-1] INFO  server.RaftServer$Division (RaftServerImpl.java:<init>(184)) - f8dfa1df-1adf-42a0-846b-31040712e3d8: new RaftServerImpl for group-65BB9F4A6A20:[9f19d336-1974-497a-ae2d-7c3106a3707b|rpc:10.1.0.4:42835|dataStream:|priority:1, 7d731325-8a9a-4339-8945-d516f5c771ba|rpc:10.1.0.4:40061|dataStream:|priority:0, f8dfa1df-1adf-42a0-846b-31040712e3d8|rpc:10.1.0.4:44285|dataStream:|priority:0] with ContainerStateMachine:uninitialized
2022-03-11 10:49:37,099 [pool-380-thread-1] INFO  server.RaftServerConfigKeys (ConfUtils.java:logGet(44)) - raft.server.rpc.timeout.min = 5s (custom)
2022-03-11 10:49:37,100 [pool-380-thread-1] INFO  server.RaftServerConfigKeys (ConfUtils.java:logGet(44)) - raft.server.rpc.timeout.max = 5200ms (custom)
2022-03-11 10:49:37,100 [pool-380-thread-1] INFO  server.RaftServerConfigKeys (ConfUtils.java:logGet(44)) - raft.server.rpc.sleep.time = 25ms (default)
2022-03-11 10:49:37,100 [pool-380-thread-1] INFO  server.RaftServerConfigKeys (ConfUtils.java:logGet(44)) - raft.server.rpc.slowness.timeout = 300s (custom)
2022-03-11 10:49:37,100 [pool-380-thread-1] INFO  server.RaftServerConfigKeys (ConfUtils.java:logGet(44)) - raft.server.leaderelection.leader.step-down.wait-time = 10s (default)
2022-03-11 10:49:37,100 [pool-380-thread-1] INFO  server.RaftServerConfigKeys (ConfUtils.java:logGet(44)) - raft.server.sleep.deviation.threshold = 300ms (default)
2022-03-11 10:49:37,100 [pool-380-thread-1] INFO  server.RaftServerConfigKeys (ConfUtils.java:logGet(44)) - raft.server.log.appender.install.snapshot.enabled = false (custom)
2022-03-11 10:49:37,100 [pool-380-thread-1] INFO  server.RaftServer$Division (ServerState.java:<init>(105)) - f8dfa1df-1adf-42a0-846b-31040712e3d8@group-65BB9F4A6A20: ConfigurationManager, init=-1: [9f19d336-1974-497a-ae2d-7c3106a3707b|rpc:10.1.0.4:42835|dataStream:|priority:1, 7d731325-8a9a-4339-8945-d516f5c771ba|rpc:10.1.0.4:40061|dataStream:|priority:0, f8dfa1df-1adf-42a0-846b-31040712e3d8|rpc:10.1.0.4:44285|dataStream:|priority:0], old=null, confs=<EMPTY_MAP>
2022-03-11 10:49:37,100 [pool-380-thread-1] INFO  server.RaftServerConfigKeys (ConfUtils.java:logGet(44)) - raft.server.storage.dir = [/home/runner/work/ozone/ozone/hadoop-ozone/integration-test/target/test-dir/MiniOzoneClusterImpl-7b69f8db-d4e2-4de8-91fb-18008de01126/datanode-4/data/ratis] (custom)
2022-03-11 10:49:37,100 [pool-380-thread-1] INFO  server.RaftServerConfigKeys (ConfUtils.java:logGet(44)) - raft.server.log.corruption.policy = EXCEPTION (default)
2022-03-11 10:49:37,100 [pool-380-thread-1] INFO  server.RaftServerConfigKeys (ConfUtils.java:logGet(44)) - raft.server.storage.free-space.min = 0MB (=0) (default)
2022-03-11 10:49:37,100 [pool-380-thread-1] INFO  storage.RaftStorageDirectory (RaftStorageDirectoryImpl.java:analyzeStorage(135)) - The storage directory /home/runner/work/ozone/ozone/hadoop-ozone/integration-test/target/test-dir/MiniOzoneClusterImpl-7b69f8db-d4e2-4de8-91fb-18008de01126/datanode-4/data/ratis/ea3c26b7-031f-48a2-a3a0-65bb9f4a6a20 does not exist. Creating ...
2022-03-11 10:49:37,101 [pool-380-thread-1] INFO  storage.RaftStorageDirectory (RaftStorageDirectoryImpl.java:tryLock(230)) - Lock on /home/runner/work/ozone/ozone/hadoop-ozone/integration-test/target/test-dir/MiniOzoneClusterImpl-7b69f8db-d4e2-4de8-91fb-18008de01126/datanode-4/data/ratis/ea3c26b7-031f-48a2-a3a0-65bb9f4a6a20/in_use.lock acquired by nodename 11810@fv-az184-17
2022-03-11 10:49:37,103 [pool-380-thread-1] INFO  storage.RaftStorage (RaftStorageImpl.java:format(89)) - Storage directory /home/runner/work/ozone/ozone/hadoop-ozone/integration-test/target/test-dir/MiniOzoneClusterImpl-7b69f8db-d4e2-4de8-91fb-18008de01126/datanode-4/data/ratis/ea3c26b7-031f-48a2-a3a0-65bb9f4a6a20 has been successfully formatted.
2022-03-11 10:49:37,104 [pool-380-thread-1] INFO  ratis.ContainerStateMachine (ContainerStateMachine.java:loadSnapshot(236)) - group-65BB9F4A6A20: The snapshot info is null. Setting the last applied indexto:(t:0, i:~)
2022-03-11 10:49:37,105 [pool-380-thread-1] INFO  server.RaftServerConfigKeys (ConfUtils.java:logGet(44)) - raft.server.notification.no-leader.timeout = 300s (custom)
2022-03-11 10:49:37,105 [pool-380-thread-1] INFO  server.RaftServerConfigKeys (ConfUtils.java:logGet(44)) - raft.server.log.use.memory = false (default)
2022-03-11 10:49:37,105 [pool-380-thread-1] INFO  server.RaftServerConfigKeys (ConfUtils.java:logGet(44)) - raft.server.log.purge.gap = 1000000 (custom)
2022-03-11 10:49:37,105 [pool-380-thread-1] INFO  server.RaftServerConfigKeys (ConfUtils.java:logGet(44)) - raft.server.log.appender.buffer.byte-limit = 33554432 (custom)
2022-03-11 10:49:37,105 [pool-380-thread-1] INFO  server.RaftServerConfigKeys (ConfUtils.java:logGet(44)) - raft.server.log.segment.size.max = 1048576 (custom)
2022-03-11 10:49:37,106 [pool-380-thread-1] INFO  server.RaftServerConfigKeys (ConfUtils.java:logGet(44)) - raft.server.log.segment.cache.num.max = 2 (custom)
2022-03-11 10:49:37,106 [pool-380-thread-1] INFO  server.RaftServerConfigKeys (ConfUtils.java:logGet(44)) - raft.server.log.segment.cache.size.max = 200MB (=209715200) (default)
2022-03-11 10:49:37,106 [pool-380-thread-1] INFO  segmented.SegmentedRaftLogWorker (SegmentedRaftLogWorker.java:<init>(182)) - new f8dfa1df-1adf-42a0-846b-31040712e3d8@group-65BB9F4A6A20-SegmentedRaftLogWorker for RaftStorageImpl:Storage Directory /home/runner/work/ozone/ozone/hadoop-ozone/integration-test/target/test-dir/MiniOzoneClusterImpl-7b69f8db-d4e2-4de8-91fb-18008de01126/datanode-4/data/ratis/ea3c26b7-031f-48a2-a3a0-65bb9f4a6a20
2022-03-11 10:49:37,106 [pool-380-thread-1] INFO  server.RaftServerConfigKeys (ConfUtils.java:logGet(44)) - raft.server.log.queue.byte-limit = 4294967296 (custom)
2022-03-11 10:49:37,106 [pool-380-thread-1] INFO  server.RaftServerConfigKeys (ConfUtils.java:logGet(44)) - raft.server.log.queue.element-limit = 1024 (custom)
2022-03-11 10:49:37,106 [pool-380-thread-1] INFO  server.RaftServerConfigKeys (ConfUtils.java:logGet(44)) - raft.server.log.segment.size.max = 1048576 (custom)
2022-03-11 10:49:37,106 [pool-380-thread-1] INFO  server.RaftServerConfigKeys (ConfUtils.java:logGet(44)) - raft.server.log.preallocated.size = 16384 (custom)
2022-03-11 10:49:37,106 [pool-380-thread-1] INFO  server.RaftServerConfigKeys (ConfUtils.java:logGet(44)) - raft.server.log.force.sync.num = 128 (default)
2022-03-11 10:49:37,106 [pool-380-thread-1] INFO  server.RaftServerConfigKeys (ConfUtils.java:logGet(44)) - raft.server.log.statemachine.data.sync = true (default)
2022-03-11 10:49:37,106 [pool-380-thread-1] INFO  server.RaftServerConfigKeys (ConfUtils.java:logGet(44)) - raft.server.log.statemachine.data.sync.timeout = 10s (default)
2022-03-11 10:49:37,106 [pool-380-thread-1] INFO  server.RaftServerConfigKeys (ConfUtils.java:logGet(44)) - raft.server.log.statemachine.data.sync.timeout.retry = -1 (default)
2022-03-11 10:49:37,107 [pool-380-thread-1] INFO  server.RaftServerConfigKeys (ConfUtils.java:logGet(44)) - raft.server.log.write.buffer.size = 1048576 (custom)
2022-03-11 10:49:37,108 [pool-380-thread-1] INFO  server.RaftServerConfigKeys (ConfUtils.java:logGet(44)) - raft.server.log.statemachine.data.caching.enabled = true (custom)
2022-03-11 10:49:37,108 [pool-380-thread-1] INFO  segmented.SegmentedRaftLogWorker (SegmentedRaftLogWorker.java:lambda$new$0(133)) - f8dfa1df-1adf-42a0-846b-31040712e3d8@group-65BB9F4A6A20-SegmentedRaftLogWorker: flushIndex: setUnconditionally 0 -> -1
2022-03-11 10:49:37,108 [pool-380-thread-1] INFO  segmented.SegmentedRaftLogWorker (SegmentedRaftLogWorker.java:lambda$new$0(133)) - f8dfa1df-1adf-42a0-846b-31040712e3d8@group-65BB9F4A6A20-SegmentedRaftLogWorker: safeCacheEvictIndex: setUnconditionally 0 -> -1
2022-03-11 10:49:37,108 [pool-380-thread-1] INFO  server.RaftServerConfigKeys (ConfUtils.java:logGet(44)) - raft.server.snapshot.auto.trigger.enabled = true (custom)
2022-03-11 10:49:37,109 [pool-380-thread-1] INFO  server.RaftServerConfigKeys (ConfUtils.java:logGet(44)) - raft.server.snapshot.auto.trigger.threshold = 10000 (custom)
2022-03-11 10:49:37,109 [pool-380-thread-1] INFO  server.RaftServerConfigKeys (ConfUtils.java:logGet(44)) - raft.server.snapshot.retention.file.num = 5 (custom)
2022-03-11 10:49:37,109 [pool-380-thread-1] INFO  server.RaftServerConfigKeys (ConfUtils.java:logGet(44)) - raft.server.log.purge.upto.snapshot.index = false (default)
2022-03-11 10:49:37,109 [pool-380-thread-1] INFO  server.RaftServerConfigKeys (ConfUtils.java:logGet(44)) - raft.server.retrycache.expirytime = 600000ms (custom)
2022-03-11 10:49:37,109 [pool-380-thread-1] INFO  server.RaftServerConfigKeys (ConfUtils.java:logGet(44)) - raft.server.retrycache.statistics.expirytime = 100μs (default)
2022-03-11 10:49:37,110 [pool-380-thread-1] INFO  server.RaftServer$Division (RaftServerImpl.java:start(301)) - f8dfa1df-1adf-42a0-846b-31040712e3d8@group-65BB9F4A6A20: start as a follower, conf=-1: [9f19d336-1974-497a-ae2d-7c3106a3707b|rpc:10.1.0.4:42835|dataStream:|priority:1, 7d731325-8a9a-4339-8945-d516f5c771ba|rpc:10.1.0.4:40061|dataStream:|priority:0, f8dfa1df-1adf-42a0-846b-31040712e3d8|rpc:10.1.0.4:44285|dataStream:|priority:0], old=null
2022-03-11 10:49:37,110 [pool-380-thread-1] INFO  server.RaftServer$Division (RaftServerImpl.java:setRole(290)) - f8dfa1df-1adf-42a0-846b-31040712e3d8@group-65BB9F4A6A20: changes role from      null to FOLLOWER at term 0 for startAsFollower
2022-03-11 10:49:37,110 [pool-380-thread-1] INFO  impl.RoleInfo (RoleInfo.java:updateAndGet(130)) - f8dfa1df-1adf-42a0-846b-31040712e3d8: start f8dfa1df-1adf-42a0-846b-31040712e3d8@group-65BB9F4A6A20-FollowerState
2022-03-11 10:49:37,110 [pool-380-thread-1] INFO  util.JmxRegister (JmxRegister.java:tryRegister(44)) - Successfully registered JMX Bean with object name Ratis:service=RaftServer,group=group-65BB9F4A6A20,id=f8dfa1df-1adf-42a0-846b-31040712e3d8
2022-03-11 10:49:37,118 [Command processor thread] INFO  commandhandler.CreatePipelineCommandHandler (CreatePipelineCommandHandler.java:handle(106)) - Created Pipeline RATIS THREE PipelineID=ea3c26b7-031f-48a2-a3a0-65bb9f4a6a20.
2022-03-11 10:49:37,139 [EventQueue-OpenPipelineForHealthyPipelineSafeModeRule] INFO  safemode.SCMSafeModeManager (HealthyPipelineSafeModeRule.java:process(124)) - SCM in safe mode. Healthy pipelines reported count is 0, required healthy pipeline reported count is 1
2022-03-11 10:49:37,359 [ReplicationMonitor] INFO  container.ReplicationManager (ReplicationManager.java:processAll(374)) - Replication Manager is not ready to run until 3000ms after safemode exit
2022-03-11 10:49:37,500 [Command processor thread] INFO  server.RaftServer (RaftServerProxy.java:addNew(95)) - f8dfa1df-1adf-42a0-846b-31040712e3d8: addNew group-60978C12EC3C:[f8dfa1df-1adf-42a0-846b-31040712e3d8|rpc:10.1.0.4:44285|priority:1] returns group-60978C12EC3C:java.util.concurrent.CompletableFuture@4085c811[Not completed]
2022-03-11 10:49:37,501 [pool-380-thread-1] INFO  server.RaftServer$Division (RaftServerImpl.java:<init>(184)) - f8dfa1df-1adf-42a0-846b-31040712e3d8: new RaftServerImpl for group-60978C12EC3C:[f8dfa1df-1adf-42a0-846b-31040712e3d8|rpc:10.1.0.4:44285|priority:1] with ContainerStateMachine:uninitialized
2022-03-11 10:49:37,501 [pool-380-thread-1] INFO  server.RaftServerConfigKeys (ConfUtils.java:logGet(44)) - raft.server.rpc.timeout.min = 5s (custom)
2022-03-11 10:49:37,501 [pool-380-thread-1] INFO  server.RaftServerConfigKeys (ConfUtils.java:logGet(44)) - raft.server.rpc.timeout.max = 5200ms (custom)
2022-03-11 10:49:37,501 [pool-380-thread-1] INFO  server.RaftServerConfigKeys (ConfUtils.java:logGet(44)) - raft.server.rpc.sleep.time = 25ms (default)
2022-03-11 10:49:37,501 [pool-380-thread-1] INFO  server.RaftServerConfigKeys (ConfUtils.java:logGet(44)) - raft.server.rpc.slowness.timeout = 300s (custom)
2022-03-11 10:49:37,501 [pool-380-thread-1] INFO  server.RaftServerConfigKeys (ConfUtils.java:logGet(44)) - raft.server.leaderelection.leader.step-down.wait-time = 10s (default)
2022-03-11 10:49:37,501 [pool-380-thread-1] INFO  server.RaftServerConfigKeys (ConfUtils.java:logGet(44)) - raft.server.sleep.deviation.threshold = 300ms (default)
2022-03-11 10:49:37,501 [pool-380-thread-1] INFO  server.RaftServerConfigKeys (ConfUtils.java:logGet(44)) - raft.server.log.appender.install.snapshot.enabled = false (custom)
2022-03-11 10:49:37,501 [pool-380-thread-1] INFO  server.RaftServer$Division (ServerState.java:<init>(105)) - f8dfa1df-1adf-42a0-846b-31040712e3d8@group-60978C12EC3C: ConfigurationManager, init=-1: [f8dfa1df-1adf-42a0-846b-31040712e3d8|rpc:10.1.0.4:44285|priority:1], old=null, confs=<EMPTY_MAP>
2022-03-11 10:49:37,501 [pool-380-thread-1] INFO  server.RaftServerConfigKeys (ConfUtils.java:logGet(44)) - raft.server.storage.dir = [/home/runner/work/ozone/ozone/hadoop-ozone/integration-test/target/test-dir/MiniOzoneClusterImpl-7b69f8db-d4e2-4de8-91fb-18008de01126/datanode-4/data/ratis] (custom)
2022-03-11 10:49:37,501 [pool-380-thread-1] INFO  server.RaftServerConfigKeys (ConfUtils.java:logGet(44)) - raft.server.log.corruption.policy = EXCEPTION (default)
2022-03-11 10:49:37,501 [pool-380-thread-1] INFO  server.RaftServerConfigKeys (ConfUtils.java:logGet(44)) - raft.server.storage.free-space.min = 0MB (=0) (default)
2022-03-11 10:49:37,502 [pool-380-thread-1] INFO  storage.RaftStorageDirectory (RaftStorageDirectoryImpl.java:analyzeStorage(135)) - The storage directory /home/runner/work/ozone/ozone/hadoop-ozone/integration-test/target/test-dir/MiniOzoneClusterImpl-7b69f8db-d4e2-4de8-91fb-18008de01126/datanode-4/data/ratis/7895dc2b-41d1-4c82-8c16-60978c12ec3c does not exist. Creating ...
2022-03-11 10:49:37,503 [pool-380-thread-1] INFO  storage.RaftStorageDirectory (RaftStorageDirectoryImpl.java:tryLock(230)) - Lock on /home/runner/work/ozone/ozone/hadoop-ozone/integration-test/target/test-dir/MiniOzoneClusterImpl-7b69f8db-d4e2-4de8-91fb-18008de01126/datanode-4/data/ratis/7895dc2b-41d1-4c82-8c16-60978c12ec3c/in_use.lock acquired by nodename 11810@fv-az184-17
2022-03-11 10:49:37,505 [pool-380-thread-1] INFO  storage.RaftStorage (RaftStorageImpl.java:format(89)) - Storage directory /home/runner/work/ozone/ozone/hadoop-ozone/integration-test/target/test-dir/MiniOzoneClusterImpl-7b69f8db-d4e2-4de8-91fb-18008de01126/datanode-4/data/ratis/7895dc2b-41d1-4c82-8c16-60978c12ec3c has been successfully formatted.
2022-03-11 10:49:37,505 [pool-380-thread-1] INFO  ratis.ContainerStateMachine (ContainerStateMachine.java:loadSnapshot(236)) - group-60978C12EC3C: The snapshot info is null. Setting the last applied indexto:(t:0, i:~)
2022-03-11 10:49:37,509 [pool-380-thread-1] INFO  server.RaftServerConfigKeys (ConfUtils.java:logGet(44)) - raft.server.notification.no-leader.timeout = 300s (custom)
2022-03-11 10:49:37,510 [pool-380-thread-1] INFO  server.RaftServerConfigKeys (ConfUtils.java:logGet(44)) - raft.server.log.use.memory = false (default)
2022-03-11 10:49:37,510 [pool-380-thread-1] INFO  server.RaftServerConfigKeys (ConfUtils.java:logGet(44)) - raft.server.log.purge.gap = 1000000 (custom)
2022-03-11 10:49:37,510 [pool-380-thread-1] INFO  server.RaftServerConfigKeys (ConfUtils.java:logGet(44)) - raft.server.log.appender.buffer.byte-limit = 33554432 (custom)
2022-03-11 10:49:37,510 [EventQueue-PipelineReportForPipelineReportHandler] INFO  pipeline.PipelineManagerImpl (PipelineManagerImpl.java:openPipeline(291)) - Pipeline Pipeline[ Id: 7895dc2b-41d1-4c82-8c16-60978c12ec3c, Nodes: f8dfa1df-1adf-42a0-846b-31040712e3d8{ip: 10.1.0.4, host: fv-az184-17.3ow45vhwbzuu5incsxmygykede.cx.internal.cloudapp.net, ports: [REPLICATION=43693, RATIS=44285, RATIS_ADMIN=44285, RATIS_SERVER=44285, STANDALONE=42375], networkLocation: /default-rack, certSerialId: null, persistedOpState: IN_SERVICE, persistedOpStateExpiryEpochSec: 0}, ReplicationConfig: RATIS/ONE, State:ALLOCATED, leaderId:f8dfa1df-1adf-42a0-846b-31040712e3d8, CreationTimestamp2022-03-11T10:49:34.505Z[Etc/UTC]] moved to OPEN state
2022-03-11 10:49:37,511 [EventQueue-OpenPipelineForHealthyPipelineSafeModeRule] INFO  safemode.SCMSafeModeManager (HealthyPipelineSafeModeRule.java:process(124)) - SCM in safe mode. Healthy pipelines reported count is 0, required healthy pipeline reported count is 1
2022-03-11 10:49:37,511 [pool-380-thread-1] INFO  server.RaftServerConfigKeys (ConfUtils.java:logGet(44)) - raft.server.log.segment.size.max = 1048576 (custom)
2022-03-11 10:49:37,512 [pool-380-thread-1] INFO  server.RaftServerConfigKeys (ConfUtils.java:logGet(44)) - raft.server.log.segment.cache.num.max = 2 (custom)
2022-03-11 10:49:37,514 [pool-380-thread-1] INFO  server.RaftServerConfigKeys (ConfUtils.java:logGet(44)) - raft.server.log.segment.cache.size.max = 200MB (=209715200) (default)
2022-03-11 10:49:37,514 [pool-380-thread-1] INFO  segmented.SegmentedRaftLogWorker (SegmentedRaftLogWorker.java:<init>(182)) - new f8dfa1df-1adf-42a0-846b-31040712e3d8@group-60978C12EC3C-SegmentedRaftLogWorker for RaftStorageImpl:Storage Directory /home/runner/work/ozone/ozone/hadoop-ozone/integration-test/target/test-dir/MiniOzoneClusterImpl-7b69f8db-d4e2-4de8-91fb-18008de01126/datanode-4/data/ratis/7895dc2b-41d1-4c82-8c16-60978c12ec3c
2022-03-11 10:49:37,514 [pool-380-thread-1] INFO  server.RaftServerConfigKeys (ConfUtils.java:logGet(44)) - raft.server.log.queue.byte-limit = 4294967296 (custom)
2022-03-11 10:49:37,514 [pool-380-thread-1] INFO  server.RaftServerConfigKeys (ConfUtils.java:logGet(44)) - raft.server.log.queue.element-limit = 1024 (custom)
2022-03-11 10:49:37,515 [pool-380-thread-1] INFO  server.RaftServerConfigKeys (ConfUtils.java:logGet(44)) - raft.server.log.segment.size.max = 1048576 (custom)
2022-03-11 10:49:37,515 [pool-380-thread-1] INFO  server.RaftServerConfigKeys (ConfUtils.java:logGet(44)) - raft.server.log.preallocated.size = 16384 (custom)
2022-03-11 10:49:37,515 [pool-380-thread-1] INFO  server.RaftServerConfigKeys (ConfUtils.java:logGet(44)) - raft.server.log.force.sync.num = 128 (default)
2022-03-11 10:49:37,515 [pool-380-thread-1] INFO  server.RaftServerConfigKeys (ConfUtils.java:logGet(44)) - raft.server.log.statemachine.data.sync = true (default)
2022-03-11 10:49:37,515 [pool-380-thread-1] INFO  server.RaftServerConfigKeys (ConfUtils.java:logGet(44)) - raft.server.log.statemachine.data.sync.timeout = 10s (default)
2022-03-11 10:49:37,515 [pool-380-thread-1] INFO  server.RaftServerConfigKeys (ConfUtils.java:logGet(44)) - raft.server.log.statemachine.data.sync.timeout.retry = -1 (default)
2022-03-11 10:49:37,516 [pool-380-thread-1] INFO  server.RaftServerConfigKeys (ConfUtils.java:logGet(44)) - raft.server.log.write.buffer.size = 1048576 (custom)
2022-03-11 10:49:37,517 [pool-380-thread-1] INFO  server.RaftServerConfigKeys (ConfUtils.java:logGet(44)) - raft.server.log.statemachine.data.caching.enabled = true (custom)
2022-03-11 10:49:37,518 [pool-380-thread-1] INFO  segmented.SegmentedRaftLogWorker (SegmentedRaftLogWorker.java:lambda$new$0(133)) - f8dfa1df-1adf-42a0-846b-31040712e3d8@group-60978C12EC3C-SegmentedRaftLogWorker: flushIndex: setUnconditionally 0 -> -1
2022-03-11 10:49:37,518 [pool-380-thread-1] INFO  segmented.SegmentedRaftLogWorker (SegmentedRaftLogWorker.java:lambda$new$0(133)) - f8dfa1df-1adf-42a0-846b-31040712e3d8@group-60978C12EC3C-SegmentedRaftLogWorker: safeCacheEvictIndex: setUnconditionally 0 -> -1
2022-03-11 10:49:37,518 [pool-380-thread-1] INFO  server.RaftServerConfigKeys (ConfUtils.java:logGet(44)) - raft.server.snapshot.auto.trigger.enabled = true (custom)
2022-03-11 10:49:37,518 [pool-380-thread-1] INFO  server.RaftServerConfigKeys (ConfUtils.java:logGet(44)) - raft.server.snapshot.auto.trigger.threshold = 10000 (custom)
2022-03-11 10:49:37,518 [pool-380-thread-1] INFO  server.RaftServerConfigKeys (ConfUtils.java:logGet(44)) - raft.server.snapshot.retention.file.num = 5 (custom)
2022-03-11 10:49:37,518 [pool-380-thread-1] INFO  server.RaftServerConfigKeys (ConfUtils.java:logGet(44)) - raft.server.log.purge.upto.snapshot.index = false (default)
2022-03-11 10:49:37,518 [pool-380-thread-1] INFO  server.RaftServerConfigKeys (ConfUtils.java:logGet(44)) - raft.server.retrycache.expirytime = 600000ms (custom)
2022-03-11 10:49:37,518 [pool-380-thread-1] INFO  server.RaftServerConfigKeys (ConfUtils.java:logGet(44)) - raft.server.retrycache.statistics.expirytime = 100μs (default)
2022-03-11 10:49:37,520 [pool-380-thread-1] INFO  server.RaftServer$Division (RaftServerImpl.java:start(301)) - f8dfa1df-1adf-42a0-846b-31040712e3d8@group-60978C12EC3C: start as a follower, conf=-1: [f8dfa1df-1adf-42a0-846b-31040712e3d8|rpc:10.1.0.4:44285|priority:1], old=null
2022-03-11 10:49:37,520 [pool-380-thread-1] INFO  server.RaftServer$Division (RaftServerImpl.java:setRole(290)) - f8dfa1df-1adf-42a0-846b-31040712e3d8@group-60978C12EC3C: changes role from      null to FOLLOWER at term 0 for startAsFollower
2022-03-11 10:49:37,520 [pool-380-thread-1] INFO  impl.RoleInfo (RoleInfo.java:updateAndGet(130)) - f8dfa1df-1adf-42a0-846b-31040712e3d8: start f8dfa1df-1adf-42a0-846b-31040712e3d8@group-60978C12EC3C-FollowerState
2022-03-11 10:49:37,520 [pool-380-thread-1] INFO  util.JmxRegister (JmxRegister.java:tryRegister(44)) - Successfully registered JMX Bean with object name Ratis:service=RaftServer,group=group-60978C12EC3C,id=f8dfa1df-1adf-42a0-846b-31040712e3d8
2022-03-11 10:49:37,521 [Command processor thread] INFO  ratis.XceiverServerRatis (XceiverServerRatis.java:addGroup(769)) - Created group PipelineID=7895dc2b-41d1-4c82-8c16-60978c12ec3c
2022-03-11 10:49:37,521 [Command processor thread] INFO  commandhandler.CreatePipelineCommandHandler (CreatePipelineCommandHandler.java:handle(106)) - Created Pipeline RATIS ONE PipelineID=7895dc2b-41d1-4c82-8c16-60978c12ec3c.
2022-03-11 10:49:37,610 [DatanodeAdminManager-0] INFO  node.DatanodeAdminMonitorImpl (DatanodeAdminMonitorImpl.java:checkContainersReplicatedOnNode(317)) - Unhealthy Container #1 Container State: CLOSED Replica Count: 4 Healthy Count: 3 Decommission Count: 1 Maintenance Count: 0 inFlightAdd Count: 0 inFightDel Count: 0 ReplicationFactor: 3 minMaintenance Count: 2; Replicas{ContainerReplica{containerID=#1, state=CLOSED, datanodeDetails=ba75fcdf-ff67-476a-a5ef-de9b108b869e{ip: 10.1.0.4, host: fv-az184-17.3ow45vhwbzuu5incsxmygykede.cx.internal.cloudapp.net, ports: [REPLICATION=42699, RATIS=41971, RATIS_ADMIN=41971, RATIS_SERVER=41971, STANDALONE=42581], networkLocation: /default-rack, certSerialId: null, persistedOpState: DECOMMISSIONING, persistedOpStateExpiryEpochSec: 0}, placeOfBirth=ba75fcdf-ff67-476a-a5ef-de9b108b869e, sequenceId=74, keyCount=7, bytesUsed=133},ContainerReplica{containerID=#1, state=QUASI_CLOSED, datanodeDetails=693b3978-b6c3-4afe-acf3-887a6d6ab502{ip: 10.1.0.4, host: fv-az184-17.3ow45vhwbzuu5incsxmygykede.cx.internal.cloudapp.net, ports: [REPLICATION=45673, RATIS=38697, RATIS_ADMIN=38697, RATIS_SERVER=38697, STANDALONE=45665], networkLocation: /default-rack, certSerialId: null, persistedOpState: IN_SERVICE, persistedOpStateExpiryEpochSec: 0}, placeOfBirth=693b3978-b6c3-4afe-acf3-887a6d6ab502, sequenceId=74, keyCount=7, bytesUsed=133},ContainerReplica{containerID=#1, state=QUASI_CLOSED, datanodeDetails=11a6928f-62a2-488c-b467-9300cf759126{ip: 10.1.0.4, host: fv-az184-17.3ow45vhwbzuu5incsxmygykede.cx.internal.cloudapp.net, ports: [REPLICATION=39481, RATIS=45575, RATIS_ADMIN=45575, RATIS_SERVER=45575, STANDALONE=36645], networkLocation: /default-rack, certSerialId: null, persistedOpState: IN_SERVICE, persistedOpStateExpiryEpochSec: 0}, placeOfBirth=693b3978-b6c3-4afe-acf3-887a6d6ab502, sequenceId=74, keyCount=7, bytesUsed=133},ContainerReplica{containerID=#1, state=CLOSED, datanodeDetails=f3aed214-ddd5-444c-98e8-173d17ff867b{ip: 10.1.0.4, host: fv-az184-17.3ow45vhwbzuu5incsxmygykede.cx.internal.cloudapp.net, ports: [REPLICATION=46489, RATIS=34925, RATIS_ADMIN=34925, RATIS_SERVER=34925, STANDALONE=43539], networkLocation: /default-rack, certSerialId: null, persistedOpState: IN_SERVICE, persistedOpStateExpiryEpochSec: 0}, placeOfBirth=f3aed214-ddd5-444c-98e8-173d17ff867b, sequenceId=74, keyCount=7, bytesUsed=133}}
2022-03-11 10:49:37,611 [DatanodeAdminManager-0] INFO  node.DatanodeAdminMonitorImpl (DatanodeAdminMonitorImpl.java:checkContainersReplicatedOnNode(317)) - Unhealthy Container #2 Container State: CLOSED Replica Count: 4 Healthy Count: 3 Decommission Count: 1 Maintenance Count: 0 inFlightAdd Count: 0 inFightDel Count: 0 ReplicationFactor: 3 minMaintenance Count: 2; Replicas{ContainerReplica{containerID=#2, state=CLOSED, datanodeDetails=f3aed214-ddd5-444c-98e8-173d17ff867b{ip: 10.1.0.4, host: fv-az184-17.3ow45vhwbzuu5incsxmygykede.cx.internal.cloudapp.net, ports: [REPLICATION=46489, RATIS=34925, RATIS_ADMIN=34925, RATIS_SERVER=34925, STANDALONE=43539], networkLocation: /default-rack, certSerialId: null, persistedOpState: IN_SERVICE, persistedOpStateExpiryEpochSec: 0}, placeOfBirth=f3aed214-ddd5-444c-98e8-173d17ff867b, sequenceId=78, keyCount=7, bytesUsed=133},ContainerReplica{containerID=#2, state=CLOSED, datanodeDetails=ba75fcdf-ff67-476a-a5ef-de9b108b869e{ip: 10.1.0.4, host: fv-az184-17.3ow45vhwbzuu5incsxmygykede.cx.internal.cloudapp.net, ports: [REPLICATION=42699, RATIS=41971, RATIS_ADMIN=41971, RATIS_SERVER=41971, STANDALONE=42581], networkLocation: /default-rack, certSerialId: null, persistedOpState: DECOMMISSIONING, persistedOpStateExpiryEpochSec: 0}, placeOfBirth=ba75fcdf-ff67-476a-a5ef-de9b108b869e, sequenceId=78, keyCount=7, bytesUsed=133},ContainerReplica{containerID=#2, state=QUASI_CLOSED, datanodeDetails=693b3978-b6c3-4afe-acf3-887a6d6ab502{ip: 10.1.0.4, host: fv-az184-17.3ow45vhwbzuu5incsxmygykede.cx.internal.cloudapp.net, ports: [REPLICATION=45673, RATIS=38697, RATIS_ADMIN=38697, RATIS_SERVER=38697, STANDALONE=45665], networkLocation: /default-rack, certSerialId: null, persistedOpState: IN_SERVICE, persistedOpStateExpiryEpochSec: 0}, placeOfBirth=693b3978-b6c3-4afe-acf3-887a6d6ab502, sequenceId=78, keyCount=7, bytesUsed=133},ContainerReplica{containerID=#2, state=QUASI_CLOSED, datanodeDetails=11a6928f-62a2-488c-b467-9300cf759126{ip: 10.1.0.4, host: fv-az184-17.3ow45vhwbzuu5incsxmygykede.cx.internal.cloudapp.net, ports: [REPLICATION=39481, RATIS=45575, RATIS_ADMIN=45575, RATIS_SERVER=45575, STANDALONE=36645], networkLocation: /default-rack, certSerialId: null, persistedOpState: IN_SERVICE, persistedOpStateExpiryEpochSec: 0}, placeOfBirth=693b3978-b6c3-4afe-acf3-887a6d6ab502, sequenceId=78, keyCount=7, bytesUsed=133}}
2022-03-11 10:49:37,611 [DatanodeAdminManager-0] INFO  node.DatanodeAdminMonitorImpl (DatanodeAdminMonitorImpl.java:checkContainersReplicatedOnNode(317)) - Unhealthy Container #3 Container State: CLOSED Replica Count: 4 Healthy Count: 3 Decommission Count: 1 Maintenance Count: 0 inFlightAdd Count: 0 inFightDel Count: 0 ReplicationFactor: 3 minMaintenance Count: 2; Replicas{ContainerReplica{containerID=#3, state=QUASI_CLOSED, datanodeDetails=693b3978-b6c3-4afe-acf3-887a6d6ab502{ip: 10.1.0.4, host: fv-az184-17.3ow45vhwbzuu5incsxmygykede.cx.internal.cloudapp.net, ports: [REPLICATION=45673, RATIS=38697, RATIS_ADMIN=38697, RATIS_SERVER=38697, STANDALONE=45665], networkLocation: /default-rack, certSerialId: null, persistedOpState: IN_SERVICE, persistedOpStateExpiryEpochSec: 0}, placeOfBirth=693b3978-b6c3-4afe-acf3-887a6d6ab502, sequenceId=71, keyCount=6, bytesUsed=114},ContainerReplica{containerID=#3, state=CLOSED, datanodeDetails=f3aed214-ddd5-444c-98e8-173d17ff867b{ip: 10.1.0.4, host: fv-az184-17.3ow45vhwbzuu5incsxmygykede.cx.internal.cloudapp.net, ports: [REPLICATION=46489, RATIS=34925, RATIS_ADMIN=34925, RATIS_SERVER=34925, STANDALONE=43539], networkLocation: /default-rack, certSerialId: null, persistedOpState: IN_SERVICE, persistedOpStateExpiryEpochSec: 0}, placeOfBirth=f3aed214-ddd5-444c-98e8-173d17ff867b, sequenceId=71, keyCount=6, bytesUsed=114},ContainerReplica{containerID=#3, state=QUASI_CLOSED, datanodeDetails=23e4bfc5-cacb-4fc8-be31-ea8930f2c93f{ip: 10.1.0.4, host: fv-az184-17.3ow45vhwbzuu5incsxmygykede.cx.internal.cloudapp.net, ports: [REPLICATION=41749, RATIS=35685, RATIS_ADMIN=35685, RATIS_SERVER=35685, STANDALONE=38139], networkLocation: /default-rack, certSerialId: null, persistedOpState: IN_SERVICE, persistedOpStateExpiryEpochSec: 0}, placeOfBirth=693b3978-b6c3-4afe-acf3-887a6d6ab502, sequenceId=71, keyCount=6, bytesUsed=114},ContainerReplica{containerID=#3, state=CLOSED, datanodeDetails=ba75fcdf-ff67-476a-a5ef-de9b108b869e{ip: 10.1.0.4, host: fv-az184-17.3ow45vhwbzuu5incsxmygykede.cx.internal.cloudapp.net, ports: [REPLICATION=42699, RATIS=41971, RATIS_ADMIN=41971, RATIS_SERVER=41971, STANDALONE=42581], networkLocation: /default-rack, certSerialId: null, persistedOpState: DECOMMISSIONING, persistedOpStateExpiryEpochSec: 0}, placeOfBirth=ba75fcdf-ff67-476a-a5ef-de9b108b869e, sequenceId=71, keyCount=6, bytesUsed=114}}
2022-03-11 10:49:37,611 [DatanodeAdminManager-0] INFO  node.DatanodeAdminMonitorImpl (DatanodeAdminMonitorImpl.java:checkContainersReplicatedOnNode(327)) - ba75fcdf-ff67-476a-a5ef-de9b108b869e{ip: 10.1.0.4, host: fv-az184-17.3ow45vhwbzuu5incsxmygykede.cx.internal.cloudapp.net, ports: [REPLICATION=42699, RATIS=41971, RATIS_ADMIN=41971, RATIS_SERVER=41971, STANDALONE=42581], networkLocation: /default-rack, certSerialId: null, persistedOpState: DECOMMISSIONING, persistedOpStateExpiryEpochSec: 0} has 3 sufficientlyReplicated, 0 underReplicated and 3 unhealthy containers
2022-03-11 10:49:37,611 [DatanodeAdminManager-0] INFO  node.DatanodeAdminMonitorImpl (DatanodeAdminMonitorImpl.java:run(148)) - There are 1 nodes tracked for decommission and maintenance. 0 pending nodes.
2022-03-11 10:49:37,642 [Command processor thread] INFO  keyvalue.KeyValueContainer (KeyValueContainer.java:flushAndSyncDB(427)) - Container 1 is synced with bcsId 74.
2022-03-11 10:49:37,642 [Command processor thread] INFO  keyvalue.KeyValueContainer (KeyValueContainer.java:flushAndSyncDB(427)) - Container 1 is synced with bcsId 74.
2022-03-11 10:49:37,646 [EventQueue-OpenPipelineForHealthyPipelineSafeModeRule] INFO  safemode.SCMSafeModeManager (HealthyPipelineSafeModeRule.java:process(124)) - SCM in safe mode. Healthy pipelines reported count is 0, required healthy pipeline reported count is 1
2022-03-11 10:49:37,652 [Command processor thread] INFO  keyvalue.KeyValueContainer (KeyValueContainer.java:close(364)) - Container 1 is closed with bcsId 74.
2022-03-11 10:49:37,679 [Command processor thread] INFO  keyvalue.KeyValueContainer (KeyValueContainer.java:flushAndSyncDB(427)) - Container 2 is synced with bcsId 78.
2022-03-11 10:49:37,679 [Command processor thread] INFO  keyvalue.KeyValueContainer (KeyValueContainer.java:flushAndSyncDB(427)) - Container 2 is synced with bcsId 78.
2022-03-11 10:49:37,686 [Command processor thread] INFO  keyvalue.KeyValueContainer (KeyValueContainer.java:close(364)) - Container 2 is closed with bcsId 78.
2022-03-11 10:49:37,697 [ReplicationMonitor] INFO  container.ReplicationManager (ReplicationManager.java:sendCloseCommand(1540)) - Sending close container command for container #1 to datanode 11a6928f-62a2-488c-b467-9300cf759126{ip: 10.1.0.4, host: fv-az184-17.3ow45vhwbzuu5incsxmygykede.cx.internal.cloudapp.net, ports: [REPLICATION=39481, RATIS=45575, RATIS_ADMIN=45575, RATIS_SERVER=45575, STANDALONE=36645], networkLocation: /default-rack, certSerialId: null, persistedOpState: IN_SERVICE, persistedOpStateExpiryEpochSec: 0}.
2022-03-11 10:49:37,697 [ReplicationMonitor] INFO  container.ReplicationManager (ReplicationManager.java:sendCloseCommand(1540)) - Sending close container command for container #2 to datanode 11a6928f-62a2-488c-b467-9300cf759126{ip: 10.1.0.4, host: fv-az184-17.3ow45vhwbzuu5incsxmygykede.cx.internal.cloudapp.net, ports: [REPLICATION=39481, RATIS=45575, RATIS_ADMIN=45575, RATIS_SERVER=45575, STANDALONE=36645], networkLocation: /default-rack, certSerialId: null, persistedOpState: IN_SERVICE, persistedOpStateExpiryEpochSec: 0}.
2022-03-11 10:49:37,697 [ReplicationMonitor] INFO  container.ReplicationManager (ReplicationManager.java:sendCloseCommand(1540)) - Sending close container command for container #3 to datanode 693b3978-b6c3-4afe-acf3-887a6d6ab502{ip: 10.1.0.4, host: fv-az184-17.3ow45vhwbzuu5incsxmygykede.cx.internal.cloudapp.net, ports: [REPLICATION=45673, RATIS=38697, RATIS_ADMIN=38697, RATIS_SERVER=38697, STANDALONE=45665], networkLocation: /default-rack, certSerialId: null, persistedOpState: IN_SERVICE, persistedOpStateExpiryEpochSec: 0}.
2022-03-11 10:49:37,697 [ReplicationMonitor] INFO  container.ReplicationManager (ReplicationManager.java:sendCloseCommand(1540)) - Sending close container command for container #3 to datanode 23e4bfc5-cacb-4fc8-be31-ea8930f2c93f{ip: 10.1.0.4, host: fv-az184-17.3ow45vhwbzuu5incsxmygykede.cx.internal.cloudapp.net, ports: [REPLICATION=41749, RATIS=35685, RATIS_ADMIN=35685, RATIS_SERVER=35685, STANDALONE=38139], networkLocation: /default-rack, certSerialId: null, persistedOpState: IN_SERVICE, persistedOpStateExpiryEpochSec: 0}.
2022-03-11 10:49:37,697 [ReplicationMonitor] INFO  container.ReplicationManager (ReplicationManager.java:processAll(387)) - Replication Monitor Thread took 1 milliseconds for processing 3 containers.
2022-03-11 10:49:37,713 [Command processor thread] INFO  keyvalue.KeyValueContainer (KeyValueContainer.java:flushAndSyncDB(427)) - Container 3 is synced with bcsId 71.
2022-03-11 10:49:37,714 [Command processor thread] INFO  keyvalue.KeyValueContainer (KeyValueContainer.java:flushAndSyncDB(427)) - Container 3 is synced with bcsId 71.
2022-03-11 10:49:37,715 [Command processor thread] INFO  keyvalue.KeyValueContainer (KeyValueContainer.java:close(364)) - Container 3 is closed with bcsId 71.
2022-03-11 10:49:37,814 [Command processor thread] INFO  keyvalue.KeyValueContainer (KeyValueContainer.java:flushAndSyncDB(427)) - Container 1 is synced with bcsId 74.
2022-03-11 10:49:37,815 [Command processor thread] INFO  keyvalue.KeyValueContainer (KeyValueContainer.java:flushAndSyncDB(427)) - Container 1 is synced with bcsId 74.
2022-03-11 10:49:37,820 [Command processor thread] INFO  keyvalue.KeyValueContainer (KeyValueContainer.java:close(364)) - Container 1 is closed with bcsId 74.
2022-03-11 10:49:37,846 [Listener at 127.0.0.1/32795] INFO  ozone.MiniOzoneClusterImpl (MiniOzoneClusterImpl.java:lambda$waitForClusterToBeReady$0(219)) - Nodes are ready. Got 6 of 6 DN Heartbeats.
2022-03-11 10:49:37,846 [Listener at 127.0.0.1/32795] INFO  ozone.MiniOzoneClusterImpl (MiniOzoneClusterImpl.java:lambda$waitForClusterToBeReady$0(222)) - Waiting for cluster to exit safe mode
2022-03-11 10:49:37,846 [Listener at 127.0.0.1/32795] INFO  ozone.MiniOzoneClusterImpl (MiniOzoneClusterImpl.java:lambda$waitForClusterToBeReady$0(224)) - SCM became leader
2022-03-11 10:49:37,850 [Command processor thread] INFO  server.RaftServer (RaftServerProxy.java:addNew(95)) - 9f19d336-1974-497a-ae2d-7c3106a3707b: addNew group-2A0F6AE87BB3:[9f19d336-1974-497a-ae2d-7c3106a3707b|rpc:10.1.0.4:42835|priority:1] returns group-2A0F6AE87BB3:java.util.concurrent.CompletableFuture@305d907f[Not completed]
2022-03-11 10:49:37,851 [pool-405-thread-1] INFO  server.RaftServer$Division (RaftServerImpl.java:<init>(184)) - 9f19d336-1974-497a-ae2d-7c3106a3707b: new RaftServerImpl for group-2A0F6AE87BB3:[9f19d336-1974-497a-ae2d-7c3106a3707b|rpc:10.1.0.4:42835|priority:1] with ContainerStateMachine:uninitialized
2022-03-11 10:49:37,852 [pool-405-thread-1] INFO  server.RaftServerConfigKeys (ConfUtils.java:logGet(44)) - raft.server.rpc.timeout.min = 5s (custom)
2022-03-11 10:49:37,852 [pool-405-thread-1] INFO  server.RaftServerConfigKeys (ConfUtils.java:logGet(44)) - raft.server.rpc.timeout.max = 5200ms (custom)
2022-03-11 10:49:37,852 [pool-405-thread-1] INFO  server.RaftServerConfigKeys (ConfUtils.java:logGet(44)) - raft.server.rpc.sleep.time = 25ms (default)
2022-03-11 10:49:37,852 [pool-405-thread-1] INFO  server.RaftServerConfigKeys (ConfUtils.java:logGet(44)) - raft.server.rpc.slowness.timeout = 300s (custom)
2022-03-11 10:49:37,852 [pool-405-thread-1] INFO  server.RaftServerConfigKeys (ConfUtils.java:logGet(44)) - raft.server.leaderelection.leader.step-down.wait-time = 10s (default)
2022-03-11 10:49:37,852 [pool-405-thread-1] INFO  server.RaftServerConfigKeys (ConfUtils.java:logGet(44)) - raft.server.sleep.deviation.threshold = 300ms (default)
2022-03-11 10:49:37,852 [pool-405-thread-1] INFO  server.RaftServerConfigKeys (ConfUtils.java:logGet(44)) - raft.server.log.appender.install.snapshot.enabled = false (custom)
2022-03-11 10:49:37,852 [pool-405-thread-1] INFO  server.RaftServer$Division (ServerState.java:<init>(105)) - 9f19d336-1974-497a-ae2d-7c3106a3707b@group-2A0F6AE87BB3: ConfigurationManager, init=-1: [9f19d336-1974-497a-ae2d-7c3106a3707b|rpc:10.1.0.4:42835|priority:1], old=null, confs=<EMPTY_MAP>
2022-03-11 10:49:37,853 [pool-405-thread-1] INFO  server.RaftServerConfigKeys (ConfUtils.java:logGet(44)) - raft.server.storage.dir = [/home/runner/work/ozone/ozone/hadoop-ozone/integration-test/target/test-dir/MiniOzoneClusterImpl-7b69f8db-d4e2-4de8-91fb-18008de01126/datanode-5/data/ratis] (custom)
2022-03-11 10:49:37,853 [pool-405-thread-1] INFO  server.RaftServerConfigKeys (ConfUtils.java:logGet(44)) - raft.server.log.corruption.policy = EXCEPTION (default)
2022-03-11 10:49:37,853 [pool-405-thread-1] INFO  server.RaftServerConfigKeys (ConfUtils.java:logGet(44)) - raft.server.storage.free-space.min = 0MB (=0) (default)
2022-03-11 10:49:37,853 [pool-405-thread-1] INFO  storage.RaftStorageDirectory (RaftStorageDirectoryImpl.java:analyzeStorage(135)) - The storage directory /home/runner/work/ozone/ozone/hadoop-ozone/integration-test/target/test-dir/MiniOzoneClusterImpl-7b69f8db-d4e2-4de8-91fb-18008de01126/datanode-5/data/ratis/a8b991ff-e2fe-42bb-b44c-2a0f6ae87bb3 does not exist. Creating ...
2022-03-11 10:49:37,854 [pool-405-thread-1] INFO  storage.RaftStorageDirectory (RaftStorageDirectoryImpl.java:tryLock(230)) - Lock on /home/runner/work/ozone/ozone/hadoop-ozone/integration-test/target/test-dir/MiniOzoneClusterImpl-7b69f8db-d4e2-4de8-91fb-18008de01126/datanode-5/data/ratis/a8b991ff-e2fe-42bb-b44c-2a0f6ae87bb3/in_use.lock acquired by nodename 11810@fv-az184-17
2022-03-11 10:49:37,855 [pool-405-thread-1] INFO  storage.RaftStorage (RaftStorageImpl.java:format(89)) - Storage directory /home/runner/work/ozone/ozone/hadoop-ozone/integration-test/target/test-dir/MiniOzoneClusterImpl-7b69f8db-d4e2-4de8-91fb-18008de01126/datanode-5/data/ratis/a8b991ff-e2fe-42bb-b44c-2a0f6ae87bb3 has been successfully formatted.
2022-03-11 10:49:37,856 [pool-405-thread-1] INFO  ratis.ContainerStateMachine (ContainerStateMachine.java:loadSnapshot(236)) - group-2A0F6AE87BB3: The snapshot info is null. Setting the last applied indexto:(t:0, i:~)
2022-03-11 10:49:37,857 [pool-405-thread-1] INFO  server.RaftServerConfigKeys (ConfUtils.java:logGet(44)) - raft.server.notification.no-leader.timeout = 300s (custom)
2022-03-11 10:49:37,857 [pool-405-thread-1] INFO  server.RaftServerConfigKeys (ConfUtils.java:logGet(44)) - raft.server.log.use.memory = false (default)
2022-03-11 10:49:37,857 [pool-405-thread-1] INFO  server.RaftServerConfigKeys (ConfUtils.java:logGet(44)) - raft.server.log.purge.gap = 1000000 (custom)
2022-03-11 10:49:37,857 [pool-405-thread-1] INFO  server.RaftServerConfigKeys (ConfUtils.java:logGet(44)) - raft.server.log.appender.buffer.byte-limit = 33554432 (custom)
2022-03-11 10:49:37,857 [pool-405-thread-1] INFO  server.RaftServerConfigKeys (ConfUtils.java:logGet(44)) - raft.server.log.segment.size.max = 1048576 (custom)
2022-03-11 10:49:37,857 [pool-405-thread-1] INFO  server.RaftServerConfigKeys (ConfUtils.java:logGet(44)) - raft.server.log.segment.cache.num.max = 2 (custom)
2022-03-11 10:49:37,858 [pool-405-thread-1] INFO  server.RaftServerConfigKeys (ConfUtils.java:logGet(44)) - raft.server.log.segment.cache.size.max = 200MB (=209715200) (default)
2022-03-11 10:49:37,858 [pool-405-thread-1] INFO  segmented.SegmentedRaftLogWorker (SegmentedRaftLogWorker.java:<init>(182)) - new 9f19d336-1974-497a-ae2d-7c3106a3707b@group-2A0F6AE87BB3-SegmentedRaftLogWorker for RaftStorageImpl:Storage Directory /home/runner/work/ozone/ozone/hadoop-ozone/integration-test/target/test-dir/MiniOzoneClusterImpl-7b69f8db-d4e2-4de8-91fb-18008de01126/datanode-5/data/ratis/a8b991ff-e2fe-42bb-b44c-2a0f6ae87bb3
2022-03-11 10:49:37,858 [pool-405-thread-1] INFO  server.RaftServerConfigKeys (ConfUtils.java:logGet(44)) - raft.server.log.queue.byte-limit = 4294967296 (custom)
2022-03-11 10:49:37,858 [pool-405-thread-1] INFO  server.RaftServerConfigKeys (ConfUtils.java:logGet(44)) - raft.server.log.queue.element-limit = 1024 (custom)
2022-03-11 10:49:37,858 [pool-405-thread-1] INFO  server.RaftServerConfigKeys (ConfUtils.java:logGet(44)) - raft.server.log.segment.size.max = 1048576 (custom)
2022-03-11 10:49:37,858 [pool-405-thread-1] INFO  server.RaftServerConfigKeys (ConfUtils.java:logGet(44)) - raft.server.log.preallocated.size = 16384 (custom)
2022-03-11 10:49:37,858 [pool-405-thread-1] INFO  server.RaftServerConfigKeys (ConfUtils.java:logGet(44)) - raft.server.log.force.sync.num = 128 (default)
2022-03-11 10:49:37,858 [pool-405-thread-1] INFO  server.RaftServerConfigKeys (ConfUtils.java:logGet(44)) - raft.server.log.statemachine.data.sync = true (default)
2022-03-11 10:49:37,858 [pool-405-thread-1] INFO  server.RaftServerConfigKeys (ConfUtils.java:logGet(44)) - raft.server.log.statemachine.data.sync.timeout = 10s (default)
2022-03-11 10:49:37,858 [pool-405-thread-1] INFO  server.RaftServerConfigKeys (ConfUtils.java:logGet(44)) - raft.server.log.statemachine.data.sync.timeout.retry = -1 (default)
2022-03-11 10:49:37,859 [pool-405-thread-1] INFO  server.RaftServerConfigKeys (ConfUtils.java:logGet(44)) - raft.server.log.write.buffer.size = 1048576 (custom)
2022-03-11 10:49:37,859 [pool-405-thread-1] INFO  server.RaftServerConfigKeys (ConfUtils.java:logGet(44)) - raft.server.log.statemachine.data.caching.enabled = true (custom)
2022-03-11 10:49:37,859 [pool-405-thread-1] INFO  segmented.SegmentedRaftLogWorker (SegmentedRaftLogWorker.java:lambda$new$0(133)) - 9f19d336-1974-497a-ae2d-7c3106a3707b@group-2A0F6AE87BB3-SegmentedRaftLogWorker: flushIndex: setUnconditionally 0 -> -1
2022-03-11 10:49:37,859 [pool-405-thread-1] INFO  segmented.SegmentedRaftLogWorker (SegmentedRaftLogWorker.java:lambda$new$0(133)) - 9f19d336-1974-497a-ae2d-7c3106a3707b@group-2A0F6AE87BB3-SegmentedRaftLogWorker: safeCacheEvictIndex: setUnconditionally 0 -> -1
2022-03-11 10:49:37,859 [pool-405-thread-1] INFO  server.RaftServerConfigKeys (ConfUtils.java:logGet(44)) - raft.server.snapshot.auto.trigger.enabled = true (custom)
2022-03-11 10:49:37,860 [pool-405-thread-1] INFO  server.RaftServerConfigKeys (ConfUtils.java:logGet(44)) - raft.server.snapshot.auto.trigger.threshold = 10000 (custom)
2022-03-11 10:49:37,860 [pool-405-thread-1] INFO  server.RaftServerConfigKeys (ConfUtils.java:logGet(44)) - raft.server.snapshot.retention.file.num = 5 (custom)
2022-03-11 10:49:37,860 [pool-405-thread-1] INFO  server.RaftServerConfigKeys (ConfUtils.java:logGet(44)) - raft.server.log.purge.upto.snapshot.index = false (default)
2022-03-11 10:49:37,860 [pool-405-thread-1] INFO  server.RaftServerConfigKeys (ConfUtils.java:logGet(44)) - raft.server.retrycache.expirytime = 600000ms (custom)
2022-03-11 10:49:37,860 [pool-405-thread-1] INFO  server.RaftServerConfigKeys (ConfUtils.java:logGet(44)) - raft.server.retrycache.statistics.expirytime = 100μs (default)
2022-03-11 10:49:37,861 [pool-405-thread-1] INFO  server.RaftServer$Division (RaftServerImpl.java:start(301)) - 9f19d336-1974-497a-ae2d-7c3106a3707b@group-2A0F6AE87BB3: start as a follower, conf=-1: [9f19d336-1974-497a-ae2d-7c3106a3707b|rpc:10.1.0.4:42835|priority:1], old=null
2022-03-11 10:49:37,861 [pool-405-thread-1] INFO  server.RaftServer$Division (RaftServerImpl.java:setRole(290)) - 9f19d336-1974-497a-ae2d-7c3106a3707b@group-2A0F6AE87BB3: changes role from      null to FOLLOWER at term 0 for startAsFollower
2022-03-11 10:49:37,861 [pool-405-thread-1] INFO  impl.RoleInfo (RoleInfo.java:updateAndGet(130)) - 9f19d336-1974-497a-ae2d-7c3106a3707b: start 9f19d336-1974-497a-ae2d-7c3106a3707b@group-2A0F6AE87BB3-FollowerState
2022-03-11 10:49:37,862 [pool-405-thread-1] INFO  util.JmxRegister (JmxRegister.java:tryRegister(44)) - Successfully registered JMX Bean with object name Ratis:service=RaftServer,group=group-2A0F6AE87BB3,id=9f19d336-1974-497a-ae2d-7c3106a3707b
2022-03-11 10:49:37,863 [EventQueue-PipelineReportForPipelineReportHandler] INFO  pipeline.PipelineManagerImpl (PipelineManagerImpl.java:openPipeline(291)) - Pipeline Pipeline[ Id: a8b991ff-e2fe-42bb-b44c-2a0f6ae87bb3, Nodes: 9f19d336-1974-497a-ae2d-7c3106a3707b{ip: 10.1.0.4, host: fv-az184-17.3ow45vhwbzuu5incsxmygykede.cx.internal.cloudapp.net, ports: [REPLICATION=38973, RATIS=42835, RATIS_ADMIN=42835, RATIS_SERVER=42835, STANDALONE=46211], networkLocation: /default-rack, certSerialId: null, persistedOpState: IN_SERVICE, persistedOpStateExpiryEpochSec: 0}, ReplicationConfig: RATIS/ONE, State:ALLOCATED, leaderId:9f19d336-1974-497a-ae2d-7c3106a3707b, CreationTimestamp2022-03-11T10:49:34.852Z[Etc/UTC]] moved to OPEN state
2022-03-11 10:49:37,864 [Command processor thread] INFO  ratis.XceiverServerRatis (XceiverServerRatis.java:addGroup(769)) - Created group PipelineID=a8b991ff-e2fe-42bb-b44c-2a0f6ae87bb3
2022-03-11 10:49:37,864 [Command processor thread] INFO  commandhandler.CreatePipelineCommandHandler (CreatePipelineCommandHandler.java:handle(106)) - Created Pipeline RATIS ONE PipelineID=a8b991ff-e2fe-42bb-b44c-2a0f6ae87bb3.
2022-03-11 10:49:37,864 [EventQueue-OpenPipelineForHealthyPipelineSafeModeRule] INFO  safemode.SCMSafeModeManager (HealthyPipelineSafeModeRule.java:process(124)) - SCM in safe mode. Healthy pipelines reported count is 0, required healthy pipeline reported count is 1
2022-03-11 10:49:37,868 [Command processor thread] INFO  keyvalue.KeyValueContainer (KeyValueContainer.java:flushAndSyncDB(427)) - Container 2 is synced with bcsId 78.
2022-03-11 10:49:37,869 [Command processor thread] INFO  keyvalue.KeyValueContainer (KeyValueContainer.java:flushAndSyncDB(427)) - Container 2 is synced with bcsId 78.
2022-03-11 10:49:37,871 [Command processor thread] INFO  keyvalue.KeyValueContainer (KeyValueContainer.java:close(364)) - Container 2 is closed with bcsId 78.
2022-03-11 10:49:38,041 [EventQueue-OpenPipelineForHealthyPipelineSafeModeRule] INFO  safemode.SCMSafeModeManager (HealthyPipelineSafeModeRule.java:process(124)) - SCM in safe mode. Healthy pipelines reported count is 0, required healthy pipeline reported count is 1
2022-03-11 10:49:38,050 [Command processor thread] INFO  keyvalue.KeyValueContainer (KeyValueContainer.java:flushAndSyncDB(427)) - Container 3 is synced with bcsId 71.
2022-03-11 10:49:38,050 [Command processor thread] INFO  keyvalue.KeyValueContainer (KeyValueContainer.java:flushAndSyncDB(427)) - Container 3 is synced with bcsId 71.
2022-03-11 10:49:38,052 [Command processor thread] INFO  keyvalue.KeyValueContainer (KeyValueContainer.java:close(364)) - Container 3 is closed with bcsId 71.
2022-03-11 10:49:38,140 [EventQueue-OpenPipelineForHealthyPipelineSafeModeRule] INFO  safemode.SCMSafeModeManager (HealthyPipelineSafeModeRule.java:process(124)) - SCM in safe mode. Healthy pipelines reported count is 0, required healthy pipeline reported count is 1
2022-03-11 10:49:38,359 [ReplicationMonitor] INFO  container.ReplicationManager (ReplicationManager.java:processAll(374)) - Replication Manager is not ready to run until 3000ms after safemode exit
2022-03-11 10:49:38,507 [EventQueue-OpenPipelineForHealthyPipelineSafeModeRule] INFO  safemode.SCMSafeModeManager (HealthyPipelineSafeModeRule.java:process(124)) - SCM in safe mode. Healthy pipelines reported count is 0, required healthy pipeline reported count is 1
2022-03-11 10:49:38,588 [EventQueue-OpenPipelineForHealthyPipelineSafeModeRule] INFO  safemode.SCMSafeModeManager (HealthyPipelineSafeModeRule.java:process(124)) - SCM in safe mode. Healthy pipelines reported count is 0, required healthy pipeline reported count is 1
2022-03-11 10:49:38,610 [DatanodeAdminManager-0] INFO  node.DatanodeAdminMonitorImpl (DatanodeAdminMonitorImpl.java:checkContainersReplicatedOnNode(327)) - ba75fcdf-ff67-476a-a5ef-de9b108b869e{ip: 10.1.0.4, host: fv-az184-17.3ow45vhwbzuu5incsxmygykede.cx.internal.cloudapp.net, ports: [REPLICATION=42699, RATIS=41971, RATIS_ADMIN=41971, RATIS_SERVER=41971, STANDALONE=42581], networkLocation: /default-rack, certSerialId: null, persistedOpState: DECOMMISSIONING, persistedOpStateExpiryEpochSec: 0} has 3 sufficientlyReplicated, 0 underReplicated and 0 unhealthy containers
2022-03-11 10:49:38,611 [DatanodeAdminManager-0] INFO  node.DatanodeAdminMonitorImpl (DatanodeAdminMonitorImpl.java:completeDecommission(355)) - Datanode ba75fcdf-ff67-476a-a5ef-de9b108b869e{ip: 10.1.0.4, host: fv-az184-17.3ow45vhwbzuu5incsxmygykede.cx.internal.cloudapp.net, ports: [REPLICATION=42699, RATIS=41971, RATIS_ADMIN=41971, RATIS_SERVER=41971, STANDALONE=42581], networkLocation: /default-rack, certSerialId: null, persistedOpState: DECOMMISSIONING, persistedOpStateExpiryEpochSec: 0} has completed the admin workflow. The operational state has been set to DECOMMISSIONED
2022-03-11 10:49:38,611 [EventQueue-HealthyReadonlyToHealthyNodeForReadOnlyHealthyToHealthyNodeHandler] INFO  node.ReadOnlyHealthyToHealthyNodeHandler (ReadOnlyHealthyToHealthyNodeHandler.java:onMessage(51)) - Datanode ba75fcdf-ff67-476a-a5ef-de9b108b869e{ip: 10.1.0.4, host: fv-az184-17.3ow45vhwbzuu5incsxmygykede.cx.internal.cloudapp.net, ports: [REPLICATION=42699, RATIS=41971, RATIS_ADMIN=41971, RATIS_SERVER=41971, STANDALONE=42581], networkLocation: /default-rack, certSerialId: null, persistedOpState: DECOMMISSIONING, persistedOpStateExpiryEpochSec: 0} moved to HEALTHY state.
2022-03-11 10:49:38,611 [EventQueue-HealthyReadonlyToHealthyNodeForReadOnlyHealthyToHealthyNodeHandler] INFO  pipeline.BackgroundPipelineCreator (BackgroundPipelineCreator.java:notifyEventTriggered(285)) - trigger a one-shot run on RatisPipelineUtilsThread.
2022-03-11 10:49:38,646 [EventQueue-OpenPipelineForHealthyPipelineSafeModeRule] INFO  safemode.SCMSafeModeManager (HealthyPipelineSafeModeRule.java:process(124)) - SCM in safe mode. Healthy pipelines reported count is 0, required healthy pipeline reported count is 1
2022-03-11 10:49:38,698 [ReplicationMonitor] INFO  container.ReplicationManager (ReplicationManager.java:processAll(387)) - Replication Monitor Thread took 0 milliseconds for processing 3 containers.
2022-03-11 10:49:38,846 [Listener at 127.0.0.1/32795] INFO  ozone.MiniOzoneClusterImpl (MiniOzoneClusterImpl.java:lambda$waitForClusterToBeReady$0(219)) - Nodes are ready. Got 6 of 6 DN Heartbeats.
2022-03-11 10:49:38,846 [Listener at 127.0.0.1/32795] INFO  ozone.MiniOzoneClusterImpl (MiniOzoneClusterImpl.java:lambda$waitForClusterToBeReady$0(222)) - Waiting for cluster to exit safe mode
2022-03-11 10:49:38,846 [Listener at 127.0.0.1/32795] INFO  ozone.MiniOzoneClusterImpl (MiniOzoneClusterImpl.java:lambda$waitForClusterToBeReady$0(224)) - SCM became leader
2022-03-11 10:49:38,857 [EventQueue-OpenPipelineForHealthyPipelineSafeModeRule] INFO  safemode.SCMSafeModeManager (HealthyPipelineSafeModeRule.java:process(124)) - SCM in safe mode. Healthy pipelines reported count is 0, required healthy pipeline reported count is 1
2022-03-11 10:49:39,041 [EventQueue-OpenPipelineForHealthyPipelineSafeModeRule] INFO  safemode.SCMSafeModeManager (HealthyPipelineSafeModeRule.java:process(124)) - SCM in safe mode. Healthy pipelines reported count is 0, required healthy pipeline reported count is 1
2022-03-11 10:49:39,140 [EventQueue-OpenPipelineForHealthyPipelineSafeModeRule] INFO  safemode.SCMSafeModeManager (HealthyPipelineSafeModeRule.java:process(124)) - SCM in safe mode. Healthy pipelines reported count is 0, required healthy pipeline reported count is 1
2022-03-11 10:49:39,359 [ReplicationMonitor] INFO  container.ReplicationManager (ReplicationManager.java:processAll(374)) - Replication Manager is not ready to run until 3000ms after safemode exit
2022-03-11 10:49:39,508 [EventQueue-OpenPipelineForHealthyPipelineSafeModeRule] INFO  safemode.SCMSafeModeManager (HealthyPipelineSafeModeRule.java:process(124)) - SCM in safe mode. Healthy pipelines reported count is 0, required healthy pipeline reported count is 1
2022-03-11 10:49:39,647 [EventQueue-OpenPipelineForHealthyPipelineSafeModeRule] INFO  safemode.SCMSafeModeManager (HealthyPipelineSafeModeRule.java:process(124)) - SCM in safe mode. Healthy pipelines reported count is 0, required healthy pipeline reported count is 1
2022-03-11 10:49:39,698 [ReplicationMonitor] INFO  container.ReplicationManager (ReplicationManager.java:processAll(387)) - Replication Monitor Thread took 1 milliseconds for processing 3 containers.
2022-03-11 10:49:39,847 [Listener at 127.0.0.1/32795] INFO  ozone.MiniOzoneClusterImpl (MiniOzoneClusterImpl.java:lambda$waitForClusterToBeReady$0(219)) - Nodes are ready. Got 6 of 6 DN Heartbeats.
2022-03-11 10:49:39,847 [Listener at 127.0.0.1/32795] INFO  ozone.MiniOzoneClusterImpl (MiniOzoneClusterImpl.java:lambda$waitForClusterToBeReady$0(222)) - Waiting for cluster to exit safe mode
2022-03-11 10:49:39,847 [Listener at 127.0.0.1/32795] INFO  ozone.MiniOzoneClusterImpl (MiniOzoneClusterImpl.java:lambda$waitForClusterToBeReady$0(224)) - SCM became leader
2022-03-11 10:49:40,041 [EventQueue-OpenPipelineForHealthyPipelineSafeModeRule] INFO  safemode.SCMSafeModeManager (HealthyPipelineSafeModeRule.java:process(124)) - SCM in safe mode. Healthy pipelines reported count is 0, required healthy pipeline reported count is 1
2022-03-11 10:49:40,360 [ReplicationMonitor] INFO  container.ReplicationManager (ReplicationManager.java:processAll(374)) - Replication Manager is not ready to run until 3000ms after safemode exit
2022-03-11 10:49:40,588 [EventQueue-OpenPipelineForHealthyPipelineSafeModeRule] INFO  safemode.SCMSafeModeManager (HealthyPipelineSafeModeRule.java:process(124)) - SCM in safe mode. Healthy pipelines reported count is 0, required healthy pipeline reported count is 1
2022-03-11 10:49:40,699 [ReplicationMonitor] INFO  container.ReplicationManager (ReplicationManager.java:processAll(387)) - Replication Monitor Thread took 1 milliseconds for processing 3 containers.
2022-03-11 10:49:40,729 [d142598b-b2fe-46f0-ba0a-461746a4d443@group-144452D79959-FollowerState] INFO  impl.FollowerState (FollowerState.java:run(134)) - d142598b-b2fe-46f0-ba0a-461746a4d443@group-144452D79959-FollowerState: change to CANDIDATE, lastRpcElapsedTime:5077141359ns, electionTimeout:5074ms
2022-03-11 10:49:40,730 [d142598b-b2fe-46f0-ba0a-461746a4d443@group-144452D79959-FollowerState] INFO  impl.RoleInfo (RoleInfo.java:shutdownFollowerState(108)) - d142598b-b2fe-46f0-ba0a-461746a4d443: shutdown d142598b-b2fe-46f0-ba0a-461746a4d443@group-144452D79959-FollowerState
2022-03-11 10:49:40,730 [d142598b-b2fe-46f0-ba0a-461746a4d443@group-144452D79959-FollowerState] INFO  server.RaftServer$Division (RaftServerImpl.java:setRole(290)) - d142598b-b2fe-46f0-ba0a-461746a4d443@group-144452D79959: changes role from  FOLLOWER to CANDIDATE at term 0 for changeToCandidate
2022-03-11 10:49:40,730 [d142598b-b2fe-46f0-ba0a-461746a4d443@group-144452D79959-FollowerState] INFO  server.RaftServerConfigKeys (ConfUtils.java:logGet(44)) - raft.server.leaderelection.pre-vote = false (custom)
2022-03-11 10:49:40,730 [d142598b-b2fe-46f0-ba0a-461746a4d443@group-144452D79959-FollowerState] INFO  impl.RoleInfo (RoleInfo.java:updateAndGet(130)) - d142598b-b2fe-46f0-ba0a-461746a4d443: start d142598b-b2fe-46f0-ba0a-461746a4d443@group-144452D79959-LeaderElection14
2022-03-11 10:49:40,735 [d142598b-b2fe-46f0-ba0a-461746a4d443@group-144452D79959-LeaderElection14] INFO  impl.LeaderElection (LeaderElection.java:askForVotes(306)) - d142598b-b2fe-46f0-ba0a-461746a4d443@group-144452D79959-LeaderElection14 ELECTION round 0: submit vote requests at term 1 for -1: [e8ecc9a4-fdb7-444b-927f-72a8ab104402|rpc:10.1.0.4:44341|priority:0, d142598b-b2fe-46f0-ba0a-461746a4d443|rpc:10.1.0.4:34883|priority:0, e2c1372d-ab59-4fee-b127-9ad63fa8e982|rpc:10.1.0.4:37387|priority:1], old=null
2022-03-11 10:49:40,748 [grpc-default-executor-0] INFO  server.RaftServer$Division (RaftServerImpl.java:requestVote(1046)) - e2c1372d-ab59-4fee-b127-9ad63fa8e982@group-144452D79959: receive requestVote(ELECTION, d142598b-b2fe-46f0-ba0a-461746a4d443, group-144452D79959, 1, (t:0, i:0))
2022-03-11 10:49:40,749 [grpc-default-executor-0] INFO  impl.VoteContext (VoteContext.java:log(48)) - e2c1372d-ab59-4fee-b127-9ad63fa8e982@group-144452D79959-FOLLOWER: reject ELECTION from d142598b-b2fe-46f0-ba0a-461746a4d443: our priority 1 > candidate's priority 0
2022-03-11 10:49:40,749 [grpc-default-executor-3] INFO  server.RaftServer$Division (RaftServerImpl.java:requestVote(1046)) - e8ecc9a4-fdb7-444b-927f-72a8ab104402@group-144452D79959: receive requestVote(ELECTION, d142598b-b2fe-46f0-ba0a-461746a4d443, group-144452D79959, 1, (t:0, i:0))
2022-03-11 10:49:40,750 [grpc-default-executor-3] INFO  impl.VoteContext (VoteContext.java:log(48)) - e8ecc9a4-fdb7-444b-927f-72a8ab104402@group-144452D79959-FOLLOWER: accept ELECTION from d142598b-b2fe-46f0-ba0a-461746a4d443: our priority 0 <= candidate's priority 0
2022-03-11 10:49:40,750 [grpc-default-executor-3] INFO  server.RaftServer$Division (RaftServerImpl.java:setRole(290)) - e8ecc9a4-fdb7-444b-927f-72a8ab104402@group-144452D79959: changes role from  FOLLOWER to FOLLOWER at term 1 for candidate:d142598b-b2fe-46f0-ba0a-461746a4d443
2022-03-11 10:49:40,750 [grpc-default-executor-3] INFO  impl.RoleInfo (RoleInfo.java:shutdownFollowerState(108)) - e8ecc9a4-fdb7-444b-927f-72a8ab104402: shutdown e8ecc9a4-fdb7-444b-927f-72a8ab104402@group-144452D79959-FollowerState
2022-03-11 10:49:40,750 [grpc-default-executor-3] INFO  impl.RoleInfo (RoleInfo.java:updateAndGet(130)) - e8ecc9a4-fdb7-444b-927f-72a8ab104402: start e8ecc9a4-fdb7-444b-927f-72a8ab104402@group-144452D79959-FollowerState
2022-03-11 10:49:40,750 [e8ecc9a4-fdb7-444b-927f-72a8ab104402@group-144452D79959-FollowerState] INFO  impl.FollowerState (FollowerState.java:run(143)) - e8ecc9a4-fdb7-444b-927f-72a8ab104402@group-144452D79959-FollowerState was interrupted: {}
java.lang.InterruptedException: sleep interrupted
	at java.lang.Thread.sleep(Native Method)
	at java.lang.Thread.sleep(Thread.java:342)
	at java.util.concurrent.TimeUnit.sleep(TimeUnit.java:386)
	at org.apache.ratis.util.TimeDuration.sleep(TimeDuration.java:324)
	at org.apache.ratis.util.TimeDuration.sleep(TimeDuration.java:309)
	at org.apache.ratis.server.impl.FollowerState.run(FollowerState.java:118)
2022-03-11 10:49:40,749 [grpc-default-executor-0] INFO  server.RaftServer$Division (RaftServerImpl.java:setRole(290)) - e2c1372d-ab59-4fee-b127-9ad63fa8e982@group-144452D79959: changes role from  FOLLOWER to FOLLOWER at term 1 for candidate:d142598b-b2fe-46f0-ba0a-461746a4d443
2022-03-11 10:49:40,750 [grpc-default-executor-0] INFO  impl.RoleInfo (RoleInfo.java:shutdownFollowerState(108)) - e2c1372d-ab59-4fee-b127-9ad63fa8e982: shutdown e2c1372d-ab59-4fee-b127-9ad63fa8e982@group-144452D79959-FollowerState
2022-03-11 10:49:40,755 [grpc-default-executor-0] INFO  impl.RoleInfo (RoleInfo.java:updateAndGet(130)) - e2c1372d-ab59-4fee-b127-9ad63fa8e982: start e2c1372d-ab59-4fee-b127-9ad63fa8e982@group-144452D79959-FollowerState
2022-03-11 10:49:40,756 [e2c1372d-ab59-4fee-b127-9ad63fa8e982@group-144452D79959-FollowerState] INFO  impl.FollowerState (FollowerState.java:run(143)) - e2c1372d-ab59-4fee-b127-9ad63fa8e982@group-144452D79959-FollowerState was interrupted: {}
java.lang.InterruptedException: sleep interrupted
	at java.lang.Thread.sleep(Native Method)
	at java.lang.Thread.sleep(Thread.java:342)
	at java.util.concurrent.TimeUnit.sleep(TimeUnit.java:386)
	at org.apache.ratis.util.TimeDuration.sleep(TimeDuration.java:324)
	at org.apache.ratis.util.TimeDuration.sleep(TimeDuration.java:309)
	at org.apache.ratis.server.impl.FollowerState.run(FollowerState.java:118)
2022-03-11 10:49:40,757 [grpc-default-executor-3] INFO  server.RaftServer$Division (RaftServerImpl.java:requestVote(1078)) - e8ecc9a4-fdb7-444b-927f-72a8ab104402@group-144452D79959 replies to ELECTION vote request: d142598b-b2fe-46f0-ba0a-461746a4d443<-e8ecc9a4-fdb7-444b-927f-72a8ab104402#0:OK-t1. Peer's state: e8ecc9a4-fdb7-444b-927f-72a8ab104402@group-144452D79959:t1, leader=null, voted=d142598b-b2fe-46f0-ba0a-461746a4d443, raftlog=e8ecc9a4-fdb7-444b-927f-72a8ab104402@group-144452D79959-SegmentedRaftLog:OPENED:c-1, conf=-1: [e8ecc9a4-fdb7-444b-927f-72a8ab104402|rpc:10.1.0.4:44341|dataStream:|priority:0, d142598b-b2fe-46f0-ba0a-461746a4d443|rpc:10.1.0.4:34883|dataStream:|priority:0, e2c1372d-ab59-4fee-b127-9ad63fa8e982|rpc:10.1.0.4:37387|dataStream:|priority:1], old=null
2022-03-11 10:49:40,758 [grpc-default-executor-0] INFO  server.RaftServer$Division (RaftServerImpl.java:requestVote(1078)) - e2c1372d-ab59-4fee-b127-9ad63fa8e982@group-144452D79959 replies to ELECTION vote request: d142598b-b2fe-46f0-ba0a-461746a4d443<-e2c1372d-ab59-4fee-b127-9ad63fa8e982#0:FAIL-t1. Peer's state: e2c1372d-ab59-4fee-b127-9ad63fa8e982@group-144452D79959:t1, leader=null, voted=null, raftlog=e2c1372d-ab59-4fee-b127-9ad63fa8e982@group-144452D79959-SegmentedRaftLog:OPENED:c-1, conf=-1: [e8ecc9a4-fdb7-444b-927f-72a8ab104402|rpc:10.1.0.4:44341|dataStream:|priority:0, d142598b-b2fe-46f0-ba0a-461746a4d443|rpc:10.1.0.4:34883|dataStream:|priority:0, e2c1372d-ab59-4fee-b127-9ad63fa8e982|rpc:10.1.0.4:37387|dataStream:|priority:1], old=null
2022-03-11 10:49:40,760 [d142598b-b2fe-46f0-ba0a-461746a4d443@group-144452D79959-LeaderElection14] INFO  impl.LeaderElection (LeaderElection.java:logAndReturn(89)) - d142598b-b2fe-46f0-ba0a-461746a4d443@group-144452D79959-LeaderElection14: ELECTION REJECTED received 2 response(s) and 0 exception(s):
2022-03-11 10:49:40,760 [d142598b-b2fe-46f0-ba0a-461746a4d443@group-144452D79959-LeaderElection14] INFO  impl.LeaderElection (LeaderElection.java:logAndReturn(93)) -   Response 0: d142598b-b2fe-46f0-ba0a-461746a4d443<-e8ecc9a4-fdb7-444b-927f-72a8ab104402#0:OK-t1
2022-03-11 10:49:40,760 [d142598b-b2fe-46f0-ba0a-461746a4d443@group-144452D79959-LeaderElection14] INFO  impl.LeaderElection (LeaderElection.java:logAndReturn(93)) -   Response 1: d142598b-b2fe-46f0-ba0a-461746a4d443<-e2c1372d-ab59-4fee-b127-9ad63fa8e982#0:FAIL-t1
2022-03-11 10:49:40,760 [d142598b-b2fe-46f0-ba0a-461746a4d443@group-144452D79959-LeaderElection14] INFO  impl.LeaderElection (LeaderElection.java:askForVotes(308)) - d142598b-b2fe-46f0-ba0a-461746a4d443@group-144452D79959-LeaderElection14 ELECTION round 0: result REJECTED
2022-03-11 10:49:40,760 [d142598b-b2fe-46f0-ba0a-461746a4d443@group-144452D79959-LeaderElection14] INFO  server.RaftServer$Division (RaftServerImpl.java:setRole(290)) - d142598b-b2fe-46f0-ba0a-461746a4d443@group-144452D79959: changes role from CANDIDATE to FOLLOWER at term 1 for REJECTED
2022-03-11 10:49:40,760 [d142598b-b2fe-46f0-ba0a-461746a4d443@group-144452D79959-LeaderElection14] INFO  impl.RoleInfo (RoleInfo.java:shutdownLeaderElection(121)) - d142598b-b2fe-46f0-ba0a-461746a4d443: shutdown d142598b-b2fe-46f0-ba0a-461746a4d443@group-144452D79959-LeaderElection14
2022-03-11 10:49:40,760 [d142598b-b2fe-46f0-ba0a-461746a4d443@group-144452D79959-LeaderElection14] INFO  impl.RoleInfo (RoleInfo.java:updateAndGet(130)) - d142598b-b2fe-46f0-ba0a-461746a4d443: start d142598b-b2fe-46f0-ba0a-461746a4d443@group-144452D79959-FollowerState
2022-03-11 10:49:40,793 [d142598b-b2fe-46f0-ba0a-461746a4d443@group-040143042D9C-FollowerState] INFO  impl.FollowerState (FollowerState.java:run(134)) - d142598b-b2fe-46f0-ba0a-461746a4d443@group-040143042D9C-FollowerState: change to CANDIDATE, lastRpcElapsedTime:5159474383ns, electionTimeout:5155ms
2022-03-11 10:49:40,794 [d142598b-b2fe-46f0-ba0a-461746a4d443@group-040143042D9C-FollowerState] INFO  impl.RoleInfo (RoleInfo.java:shutdownFollowerState(108)) - d142598b-b2fe-46f0-ba0a-461746a4d443: shutdown d142598b-b2fe-46f0-ba0a-461746a4d443@group-040143042D9C-FollowerState
2022-03-11 10:49:40,794 [d142598b-b2fe-46f0-ba0a-461746a4d443@group-040143042D9C-FollowerState] INFO  server.RaftServer$Division (RaftServerImpl.java:setRole(290)) - d142598b-b2fe-46f0-ba0a-461746a4d443@group-040143042D9C: changes role from  FOLLOWER to CANDIDATE at term 0 for changeToCandidate
2022-03-11 10:49:40,794 [d142598b-b2fe-46f0-ba0a-461746a4d443@group-040143042D9C-FollowerState] INFO  server.RaftServerConfigKeys (ConfUtils.java:logGet(44)) - raft.server.leaderelection.pre-vote = false (custom)
2022-03-11 10:49:40,794 [d142598b-b2fe-46f0-ba0a-461746a4d443@group-040143042D9C-FollowerState] INFO  impl.RoleInfo (RoleInfo.java:updateAndGet(130)) - d142598b-b2fe-46f0-ba0a-461746a4d443: start d142598b-b2fe-46f0-ba0a-461746a4d443@group-040143042D9C-LeaderElection15
2022-03-11 10:49:40,801 [d142598b-b2fe-46f0-ba0a-461746a4d443@group-040143042D9C-LeaderElection15] INFO  impl.LeaderElection (LeaderElection.java:askForVotes(306)) - d142598b-b2fe-46f0-ba0a-461746a4d443@group-040143042D9C-LeaderElection15 ELECTION round 0: submit vote requests at term 1 for -1: [d142598b-b2fe-46f0-ba0a-461746a4d443|rpc:10.1.0.4:34883|priority:1], old=null
2022-03-11 10:49:40,801 [d142598b-b2fe-46f0-ba0a-461746a4d443@group-040143042D9C-LeaderElection15] INFO  impl.LeaderElection (LeaderElection.java:askForVotes(308)) - d142598b-b2fe-46f0-ba0a-461746a4d443@group-040143042D9C-LeaderElection15 ELECTION round 0: result PASSED (term=1)
2022-03-11 10:49:40,801 [d142598b-b2fe-46f0-ba0a-461746a4d443@group-040143042D9C-LeaderElection15] INFO  impl.RoleInfo (RoleInfo.java:shutdownLeaderElection(121)) - d142598b-b2fe-46f0-ba0a-461746a4d443: shutdown d142598b-b2fe-46f0-ba0a-461746a4d443@group-040143042D9C-LeaderElection15
2022-03-11 10:49:40,801 [d142598b-b2fe-46f0-ba0a-461746a4d443@group-040143042D9C-LeaderElection15] INFO  server.RaftServer$Division (RaftServerImpl.java:setRole(290)) - d142598b-b2fe-46f0-ba0a-461746a4d443@group-040143042D9C: changes role from CANDIDATE to LEADER at term 1 for changeToLeader
2022-03-11 10:49:40,801 [d142598b-b2fe-46f0-ba0a-461746a4d443@group-040143042D9C-LeaderElection15] INFO  ratis.XceiverServerRatis (XceiverServerRatis.java:handleLeaderChangedNotification(867)) - Leader change notification received for group: group-040143042D9C with new leaderId: d142598b-b2fe-46f0-ba0a-461746a4d443
2022-03-11 10:49:40,801 [d142598b-b2fe-46f0-ba0a-461746a4d443@group-040143042D9C-LeaderElection15] INFO  server.RaftServer$Division (ServerState.java:setLeader(285)) - d142598b-b2fe-46f0-ba0a-461746a4d443@group-040143042D9C: change Leader from null to d142598b-b2fe-46f0-ba0a-461746a4d443 at term 1 for becomeLeader, leader elected after 5181ms
2022-03-11 10:49:40,801 [d142598b-b2fe-46f0-ba0a-461746a4d443@group-040143042D9C-LeaderElection15] INFO  server.RaftServerConfigKeys (ConfUtils.java:logGet(44)) - raft.server.staging.catchup.gap = 1000 (default)
2022-03-11 10:49:40,802 [d142598b-b2fe-46f0-ba0a-461746a4d443@group-040143042D9C-LeaderElection15] INFO  server.RaftServerConfigKeys (ConfUtils.java:logGet(44)) - raft.server.write.element-limit = 1024 (custom)
2022-03-11 10:49:40,802 [d142598b-b2fe-46f0-ba0a-461746a4d443@group-040143042D9C-LeaderElection15] INFO  server.RaftServerConfigKeys (ConfUtils.java:logGet(44)) - raft.server.write.byte-limit = 1024 M (=1073741824) (custom)
2022-03-11 10:49:40,802 [d142598b-b2fe-46f0-ba0a-461746a4d443@group-040143042D9C-LeaderElection15] INFO  server.RaftServerConfigKeys (ConfUtils.java:logGet(44)) - raft.server.watch.timeout = 180s (custom)
2022-03-11 10:49:40,803 [EventQueue-OpenPipelineForHealthyPipelineSafeModeRule] INFO  safemode.SCMSafeModeManager (HealthyPipelineSafeModeRule.java:process(124)) - SCM in safe mode. Healthy pipelines reported count is 0, required healthy pipeline reported count is 1
2022-03-11 10:49:40,805 [d142598b-b2fe-46f0-ba0a-461746a4d443@group-040143042D9C-LeaderElection15] INFO  server.RaftServerConfigKeys (ConfUtils.java:logGet(44)) - raft.server.watch.timeout.denomination = 1s (default)
2022-03-11 10:49:40,805 [d142598b-b2fe-46f0-ba0a-461746a4d443@group-040143042D9C-LeaderElection15] INFO  server.RaftServerConfigKeys (ConfUtils.java:logGet(44)) - raft.server.watch.element-limit = 65536 (default)
2022-03-11 10:49:40,805 [d142598b-b2fe-46f0-ba0a-461746a4d443@group-040143042D9C-LeaderElection15] INFO  server.RaftServerConfigKeys (ConfUtils.java:logGet(44)) - raft.server.write.element-limit = 1024 (custom)
2022-03-11 10:49:40,805 [d142598b-b2fe-46f0-ba0a-461746a4d443@group-040143042D9C-LeaderElection15] INFO  server.RaftServerConfigKeys (ConfUtils.java:logGet(44)) - raft.server.write.follower.gap.ratio.max = -1.0 (default)
2022-03-11 10:49:40,805 [d142598b-b2fe-46f0-ba0a-461746a4d443@group-040143042D9C-LeaderElection15] INFO  impl.RoleInfo (RoleInfo.java:updateAndGet(130)) - d142598b-b2fe-46f0-ba0a-461746a4d443: start d142598b-b2fe-46f0-ba0a-461746a4d443@group-040143042D9C-LeaderStateImpl
2022-03-11 10:49:40,805 [d142598b-b2fe-46f0-ba0a-461746a4d443@group-040143042D9C-LeaderElection15] INFO  segmented.SegmentedRaftLogWorker (SegmentedRaftLogWorker.java:startLogSegment(394)) - d142598b-b2fe-46f0-ba0a-461746a4d443@group-040143042D9C-SegmentedRaftLogWorker: Starting segment from index:0
2022-03-11 10:49:40,808 [d142598b-b2fe-46f0-ba0a-461746a4d443@group-040143042D9C-SegmentedRaftLogWorker] INFO  segmented.SegmentedRaftLogWorker (SegmentedRaftLogWorker.java:execute(601)) - d142598b-b2fe-46f0-ba0a-461746a4d443@group-040143042D9C-SegmentedRaftLogWorker: created new log segment /home/runner/work/ozone/ozone/hadoop-ozone/integration-test/target/test-dir/MiniOzoneClusterImpl-7b69f8db-d4e2-4de8-91fb-18008de01126/datanode-0/data/ratis/108c6caa-2be3-4c2c-8fed-040143042d9c/current/log_inprogress_0
2022-03-11 10:49:40,808 [d142598b-b2fe-46f0-ba0a-461746a4d443@group-040143042D9C-LeaderElection15] INFO  server.RaftServer$Division (ServerState.java:setRaftConf(387)) - d142598b-b2fe-46f0-ba0a-461746a4d443@group-040143042D9C: set configuration 0: [d142598b-b2fe-46f0-ba0a-461746a4d443|rpc:10.1.0.4:34883|dataStream:|priority:1], old=null
2022-03-11 10:49:40,847 [Listener at 127.0.0.1/32795] INFO  ozone.MiniOzoneClusterImpl (MiniOzoneClusterImpl.java:lambda$waitForClusterToBeReady$0(219)) - Nodes are ready. Got 6 of 6 DN Heartbeats.
2022-03-11 10:49:40,847 [Listener at 127.0.0.1/32795] INFO  ozone.MiniOzoneClusterImpl (MiniOzoneClusterImpl.java:lambda$waitForClusterToBeReady$0(222)) - Waiting for cluster to exit safe mode
2022-03-11 10:49:40,847 [Listener at 127.0.0.1/32795] INFO  ozone.MiniOzoneClusterImpl (MiniOzoneClusterImpl.java:lambda$waitForClusterToBeReady$0(224)) - SCM became leader
2022-03-11 10:49:40,861 [EventQueue-OpenPipelineForHealthyPipelineSafeModeRule] INFO  safemode.SCMSafeModeManager (HealthyPipelineSafeModeRule.java:process(124)) - SCM in safe mode. Healthy pipelines reported count is 0, required healthy pipeline reported count is 1
2022-03-11 10:49:41,140 [EventQueue-OpenPipelineForHealthyPipelineSafeModeRule] INFO  safemode.SCMSafeModeManager (HealthyPipelineSafeModeRule.java:process(124)) - SCM in safe mode. Healthy pipelines reported count is 0, required healthy pipeline reported count is 1
2022-03-11 10:49:41,264 [e2c1372d-ab59-4fee-b127-9ad63fa8e982@group-21033539BC01-FollowerState] INFO  impl.FollowerState (FollowerState.java:run(134)) - e2c1372d-ab59-4fee-b127-9ad63fa8e982@group-21033539BC01-FollowerState: change to CANDIDATE, lastRpcElapsedTime:5108311090ns, electionTimeout:5107ms
2022-03-11 10:49:41,264 [e2c1372d-ab59-4fee-b127-9ad63fa8e982@group-21033539BC01-FollowerState] INFO  impl.RoleInfo (RoleInfo.java:shutdownFollowerState(108)) - e2c1372d-ab59-4fee-b127-9ad63fa8e982: shutdown e2c1372d-ab59-4fee-b127-9ad63fa8e982@group-21033539BC01-FollowerState
2022-03-11 10:49:41,264 [e2c1372d-ab59-4fee-b127-9ad63fa8e982@group-21033539BC01-FollowerState] INFO  server.RaftServer$Division (RaftServerImpl.java:setRole(290)) - e2c1372d-ab59-4fee-b127-9ad63fa8e982@group-21033539BC01: changes role from  FOLLOWER to CANDIDATE at term 0 for changeToCandidate
2022-03-11 10:49:41,264 [e2c1372d-ab59-4fee-b127-9ad63fa8e982@group-21033539BC01-FollowerState] INFO  server.RaftServerConfigKeys (ConfUtils.java:logGet(44)) - raft.server.leaderelection.pre-vote = false (custom)
2022-03-11 10:49:41,265 [e2c1372d-ab59-4fee-b127-9ad63fa8e982@group-21033539BC01-FollowerState] INFO  impl.RoleInfo (RoleInfo.java:updateAndGet(130)) - e2c1372d-ab59-4fee-b127-9ad63fa8e982: start e2c1372d-ab59-4fee-b127-9ad63fa8e982@group-21033539BC01-LeaderElection16
2022-03-11 10:49:41,278 [e2c1372d-ab59-4fee-b127-9ad63fa8e982@group-21033539BC01-LeaderElection16] INFO  impl.LeaderElection (LeaderElection.java:askForVotes(306)) - e2c1372d-ab59-4fee-b127-9ad63fa8e982@group-21033539BC01-LeaderElection16 ELECTION round 0: submit vote requests at term 1 for -1: [e2c1372d-ab59-4fee-b127-9ad63fa8e982|rpc:10.1.0.4:37387|priority:1], old=null
2022-03-11 10:49:41,278 [e2c1372d-ab59-4fee-b127-9ad63fa8e982@group-21033539BC01-LeaderElection16] INFO  impl.LeaderElection (LeaderElection.java:askForVotes(308)) - e2c1372d-ab59-4fee-b127-9ad63fa8e982@group-21033539BC01-LeaderElection16 ELECTION round 0: result PASSED (term=1)
2022-03-11 10:49:41,278 [e2c1372d-ab59-4fee-b127-9ad63fa8e982@group-21033539BC01-LeaderElection16] INFO  impl.RoleInfo (RoleInfo.java:shutdownLeaderElection(121)) - e2c1372d-ab59-4fee-b127-9ad63fa8e982: shutdown e2c1372d-ab59-4fee-b127-9ad63fa8e982@group-21033539BC01-LeaderElection16
2022-03-11 10:49:41,278 [e2c1372d-ab59-4fee-b127-9ad63fa8e982@group-21033539BC01-LeaderElection16] INFO  server.RaftServer$Division (RaftServerImpl.java:setRole(290)) - e2c1372d-ab59-4fee-b127-9ad63fa8e982@group-21033539BC01: changes role from CANDIDATE to LEADER at term 1 for changeToLeader
2022-03-11 10:49:41,278 [e2c1372d-ab59-4fee-b127-9ad63fa8e982@group-21033539BC01-LeaderElection16] INFO  ratis.XceiverServerRatis (XceiverServerRatis.java:handleLeaderChangedNotification(867)) - Leader change notification received for group: group-21033539BC01 with new leaderId: e2c1372d-ab59-4fee-b127-9ad63fa8e982
2022-03-11 10:49:41,279 [e2c1372d-ab59-4fee-b127-9ad63fa8e982@group-21033539BC01-LeaderElection16] INFO  server.RaftServer$Division (ServerState.java:setLeader(285)) - e2c1372d-ab59-4fee-b127-9ad63fa8e982@group-21033539BC01: change Leader from null to e2c1372d-ab59-4fee-b127-9ad63fa8e982 at term 1 for becomeLeader, leader elected after 5143ms
2022-03-11 10:49:41,280 [e2c1372d-ab59-4fee-b127-9ad63fa8e982@group-21033539BC01-LeaderElection16] INFO  server.RaftServerConfigKeys (ConfUtils.java:logGet(44)) - raft.server.staging.catchup.gap = 1000 (default)
2022-03-11 10:49:41,281 [e2c1372d-ab59-4fee-b127-9ad63fa8e982@group-21033539BC01-LeaderElection16] INFO  server.RaftServerConfigKeys (ConfUtils.java:logGet(44)) - raft.server.write.element-limit = 1024 (custom)
2022-03-11 10:49:41,281 [e2c1372d-ab59-4fee-b127-9ad63fa8e982@group-21033539BC01-LeaderElection16] INFO  server.RaftServerConfigKeys (ConfUtils.java:logGet(44)) - raft.server.write.byte-limit = 1024 M (=1073741824) (custom)
2022-03-11 10:49:41,281 [e2c1372d-ab59-4fee-b127-9ad63fa8e982@group-21033539BC01-LeaderElection16] INFO  server.RaftServerConfigKeys (ConfUtils.java:logGet(44)) - raft.server.watch.timeout = 180s (custom)
2022-03-11 10:49:41,281 [e2c1372d-ab59-4fee-b127-9ad63fa8e982@group-21033539BC01-LeaderElection16] INFO  server.RaftServerConfigKeys (ConfUtils.java:logGet(44)) - raft.server.watch.timeout.denomination = 1s (default)
2022-03-11 10:49:41,281 [EventQueue-OpenPipelineForHealthyPipelineSafeModeRule] INFO  safemode.SCMSafeModeManager (HealthyPipelineSafeModeRule.java:process(124)) - SCM in safe mode. Healthy pipelines reported count is 0, required healthy pipeline reported count is 1
2022-03-11 10:49:41,281 [e2c1372d-ab59-4fee-b127-9ad63fa8e982@group-21033539BC01-LeaderElection16] INFO  server.RaftServerConfigKeys (ConfUtils.java:logGet(44)) - raft.server.watch.element-limit = 65536 (default)
2022-03-11 10:49:41,283 [e2c1372d-ab59-4fee-b127-9ad63fa8e982@group-21033539BC01-LeaderElection16] INFO  server.RaftServerConfigKeys (ConfUtils.java:logGet(44)) - raft.server.write.element-limit = 1024 (custom)
2022-03-11 10:49:41,283 [e2c1372d-ab59-4fee-b127-9ad63fa8e982@group-21033539BC01-LeaderElection16] INFO  server.RaftServerConfigKeys (ConfUtils.java:logGet(44)) - raft.server.write.follower.gap.ratio.max = -1.0 (default)
2022-03-11 10:49:41,283 [e2c1372d-ab59-4fee-b127-9ad63fa8e982@group-21033539BC01-LeaderElection16] INFO  impl.RoleInfo (RoleInfo.java:updateAndGet(130)) - e2c1372d-ab59-4fee-b127-9ad63fa8e982: start e2c1372d-ab59-4fee-b127-9ad63fa8e982@group-21033539BC01-LeaderStateImpl
2022-03-11 10:49:41,283 [e2c1372d-ab59-4fee-b127-9ad63fa8e982@group-21033539BC01-LeaderElection16] INFO  segmented.SegmentedRaftLogWorker (SegmentedRaftLogWorker.java:startLogSegment(394)) - e2c1372d-ab59-4fee-b127-9ad63fa8e982@group-21033539BC01-SegmentedRaftLogWorker: Starting segment from index:0
2022-03-11 10:49:41,290 [e2c1372d-ab59-4fee-b127-9ad63fa8e982@group-21033539BC01-SegmentedRaftLogWorker] INFO  segmented.SegmentedRaftLogWorker (SegmentedRaftLogWorker.java:execute(601)) - e2c1372d-ab59-4fee-b127-9ad63fa8e982@group-21033539BC01-SegmentedRaftLogWorker: created new log segment /home/runner/work/ozone/ozone/hadoop-ozone/integration-test/target/test-dir/MiniOzoneClusterImpl-7b69f8db-d4e2-4de8-91fb-18008de01126/datanode-1/data/ratis/dc365711-f03f-4f4c-8991-21033539bc01/current/log_inprogress_0
2022-03-11 10:49:41,300 [e2c1372d-ab59-4fee-b127-9ad63fa8e982@group-21033539BC01-LeaderElection16] INFO  server.RaftServer$Division (ServerState.java:setRaftConf(387)) - e2c1372d-ab59-4fee-b127-9ad63fa8e982@group-21033539BC01: set configuration 0: [e2c1372d-ab59-4fee-b127-9ad63fa8e982|rpc:10.1.0.4:37387|dataStream:|priority:1], old=null
2022-03-11 10:49:41,360 [ReplicationMonitor] INFO  container.ReplicationManager (ReplicationManager.java:processAll(374)) - Replication Manager is not ready to run until 3000ms after safemode exit
2022-03-11 10:49:41,507 [EventQueue-OpenPipelineForHealthyPipelineSafeModeRule] INFO  safemode.SCMSafeModeManager (HealthyPipelineSafeModeRule.java:process(124)) - SCM in safe mode. Healthy pipelines reported count is 0, required healthy pipeline reported count is 1
2022-03-11 10:49:41,587 [EventQueue-OpenPipelineForHealthyPipelineSafeModeRule] INFO  safemode.SCMSafeModeManager (HealthyPipelineSafeModeRule.java:process(124)) - SCM in safe mode. Healthy pipelines reported count is 0, required healthy pipeline reported count is 1
2022-03-11 10:49:41,639 [EventQueue-StaleNodeForStaleNodeHandler] INFO  node.StaleNodeHandler (StaleNodeHandler.java:onMessage(58)) - Datanode ba75fcdf-ff67-476a-a5ef-de9b108b869e{ip: 10.1.0.4, host: fv-az184-17.3ow45vhwbzuu5incsxmygykede.cx.internal.cloudapp.net, ports: [REPLICATION=42699, RATIS=41971, RATIS_ADMIN=41971, RATIS_SERVER=41971, STANDALONE=42581], networkLocation: /default-rack, certSerialId: null, persistedOpState: DECOMMISSIONING, persistedOpStateExpiryEpochSec: 0} moved to stale state. Finalizing its pipelines []
2022-03-11 10:49:41,699 [ReplicationMonitor] INFO  container.ReplicationManager (ReplicationManager.java:processAll(387)) - Replication Monitor Thread took 0 milliseconds for processing 3 containers.
2022-03-11 10:49:41,737 [e8ecc9a4-fdb7-444b-927f-72a8ab104402@group-D179BFF8461B-FollowerState] INFO  impl.FollowerState (FollowerState.java:run(134)) - e8ecc9a4-fdb7-444b-927f-72a8ab104402@group-D179BFF8461B-FollowerState: change to CANDIDATE, lastRpcElapsedTime:5133290555ns, electionTimeout:5122ms
2022-03-11 10:49:41,738 [e8ecc9a4-fdb7-444b-927f-72a8ab104402@group-D179BFF8461B-FollowerState] INFO  impl.RoleInfo (RoleInfo.java:shutdownFollowerState(108)) - e8ecc9a4-fdb7-444b-927f-72a8ab104402: shutdown e8ecc9a4-fdb7-444b-927f-72a8ab104402@group-D179BFF8461B-FollowerState
2022-03-11 10:49:41,738 [e8ecc9a4-fdb7-444b-927f-72a8ab104402@group-D179BFF8461B-FollowerState] INFO  server.RaftServer$Division (RaftServerImpl.java:setRole(290)) - e8ecc9a4-fdb7-444b-927f-72a8ab104402@group-D179BFF8461B: changes role from  FOLLOWER to CANDIDATE at term 0 for changeToCandidate
2022-03-11 10:49:41,738 [e8ecc9a4-fdb7-444b-927f-72a8ab104402@group-D179BFF8461B-FollowerState] INFO  server.RaftServerConfigKeys (ConfUtils.java:logGet(44)) - raft.server.leaderelection.pre-vote = false (custom)
2022-03-11 10:49:41,738 [e8ecc9a4-fdb7-444b-927f-72a8ab104402@group-D179BFF8461B-FollowerState] INFO  impl.RoleInfo (RoleInfo.java:updateAndGet(130)) - e8ecc9a4-fdb7-444b-927f-72a8ab104402: start e8ecc9a4-fdb7-444b-927f-72a8ab104402@group-D179BFF8461B-LeaderElection17
2022-03-11 10:49:41,743 [e8ecc9a4-fdb7-444b-927f-72a8ab104402@group-D179BFF8461B-LeaderElection17] INFO  impl.LeaderElection (LeaderElection.java:askForVotes(306)) - e8ecc9a4-fdb7-444b-927f-72a8ab104402@group-D179BFF8461B-LeaderElection17 ELECTION round 0: submit vote requests at term 1 for -1: [e8ecc9a4-fdb7-444b-927f-72a8ab104402|rpc:10.1.0.4:44341|priority:1], old=null
2022-03-11 10:49:41,743 [e8ecc9a4-fdb7-444b-927f-72a8ab104402@group-D179BFF8461B-LeaderElection17] INFO  impl.LeaderElection (LeaderElection.java:askForVotes(308)) - e8ecc9a4-fdb7-444b-927f-72a8ab104402@group-D179BFF8461B-LeaderElection17 ELECTION round 0: result PASSED (term=1)
2022-03-11 10:49:41,743 [e8ecc9a4-fdb7-444b-927f-72a8ab104402@group-D179BFF8461B-LeaderElection17] INFO  impl.RoleInfo (RoleInfo.java:shutdownLeaderElection(121)) - e8ecc9a4-fdb7-444b-927f-72a8ab104402: shutdown e8ecc9a4-fdb7-444b-927f-72a8ab104402@group-D179BFF8461B-LeaderElection17
2022-03-11 10:49:41,743 [e8ecc9a4-fdb7-444b-927f-72a8ab104402@group-D179BFF8461B-LeaderElection17] INFO  server.RaftServer$Division (RaftServerImpl.java:setRole(290)) - e8ecc9a4-fdb7-444b-927f-72a8ab104402@group-D179BFF8461B: changes role from CANDIDATE to LEADER at term 1 for changeToLeader
2022-03-11 10:49:41,743 [e8ecc9a4-fdb7-444b-927f-72a8ab104402@group-D179BFF8461B-LeaderElection17] INFO  ratis.XceiverServerRatis (XceiverServerRatis.java:handleLeaderChangedNotification(867)) - Leader change notification received for group: group-D179BFF8461B with new leaderId: e8ecc9a4-fdb7-444b-927f-72a8ab104402
2022-03-11 10:49:41,744 [e8ecc9a4-fdb7-444b-927f-72a8ab104402@group-D179BFF8461B-LeaderElection17] INFO  server.RaftServer$Division (ServerState.java:setLeader(285)) - e8ecc9a4-fdb7-444b-927f-72a8ab104402@group-D179BFF8461B: change Leader from null to e8ecc9a4-fdb7-444b-927f-72a8ab104402 at term 1 for becomeLeader, leader elected after 5156ms
2022-03-11 10:49:41,744 [e8ecc9a4-fdb7-444b-927f-72a8ab104402@group-D179BFF8461B-LeaderElection17] INFO  server.RaftServerConfigKeys (ConfUtils.java:logGet(44)) - raft.server.staging.catchup.gap = 1000 (default)
2022-03-11 10:49:41,745 [e8ecc9a4-fdb7-444b-927f-72a8ab104402@group-D179BFF8461B-LeaderElection17] INFO  server.RaftServerConfigKeys (ConfUtils.java:logGet(44)) - raft.server.write.element-limit = 1024 (custom)
2022-03-11 10:49:41,745 [e8ecc9a4-fdb7-444b-927f-72a8ab104402@group-D179BFF8461B-LeaderElection17] INFO  server.RaftServerConfigKeys (ConfUtils.java:logGet(44)) - raft.server.write.byte-limit = 1024 M (=1073741824) (custom)
2022-03-11 10:49:41,745 [e8ecc9a4-fdb7-444b-927f-72a8ab104402@group-D179BFF8461B-LeaderElection17] INFO  server.RaftServerConfigKeys (ConfUtils.java:logGet(44)) - raft.server.watch.timeout = 180s (custom)
2022-03-11 10:49:41,746 [e8ecc9a4-fdb7-444b-927f-72a8ab104402@group-D179BFF8461B-LeaderElection17] INFO  server.RaftServerConfigKeys (ConfUtils.java:logGet(44)) - raft.server.watch.timeout.denomination = 1s (default)
2022-03-11 10:49:41,746 [e8ecc9a4-fdb7-444b-927f-72a8ab104402@group-D179BFF8461B-LeaderElection17] INFO  server.RaftServerConfigKeys (ConfUtils.java:logGet(44)) - raft.server.watch.element-limit = 65536 (default)
2022-03-11 10:49:41,746 [EventQueue-OpenPipelineForHealthyPipelineSafeModeRule] INFO  safemode.SCMSafeModeManager (HealthyPipelineSafeModeRule.java:process(124)) - SCM in safe mode. Healthy pipelines reported count is 0, required healthy pipeline reported count is 1
2022-03-11 10:49:41,746 [e8ecc9a4-fdb7-444b-927f-72a8ab104402@group-D179BFF8461B-LeaderElection17] INFO  server.RaftServerConfigKeys (ConfUtils.java:logGet(44)) - raft.server.write.element-limit = 1024 (custom)
2022-03-11 10:49:41,746 [e8ecc9a4-fdb7-444b-927f-72a8ab104402@group-D179BFF8461B-LeaderElection17] INFO  server.RaftServerConfigKeys (ConfUtils.java:logGet(44)) - raft.server.write.follower.gap.ratio.max = -1.0 (default)
2022-03-11 10:49:41,746 [e8ecc9a4-fdb7-444b-927f-72a8ab104402@group-D179BFF8461B-LeaderElection17] INFO  impl.RoleInfo (RoleInfo.java:updateAndGet(130)) - e8ecc9a4-fdb7-444b-927f-72a8ab104402: start e8ecc9a4-fdb7-444b-927f-72a8ab104402@group-D179BFF8461B-LeaderStateImpl
2022-03-11 10:49:41,746 [e8ecc9a4-fdb7-444b-927f-72a8ab104402@group-D179BFF8461B-LeaderElection17] INFO  segmented.SegmentedRaftLogWorker (SegmentedRaftLogWorker.java:startLogSegment(394)) - e8ecc9a4-fdb7-444b-927f-72a8ab104402@group-D179BFF8461B-SegmentedRaftLogWorker: Starting segment from index:0
2022-03-11 10:49:41,748 [e8ecc9a4-fdb7-444b-927f-72a8ab104402@group-D179BFF8461B-LeaderElection17] INFO  server.RaftServer$Division (ServerState.java:setRaftConf(387)) - e8ecc9a4-fdb7-444b-927f-72a8ab104402@group-D179BFF8461B: set configuration 0: [e8ecc9a4-fdb7-444b-927f-72a8ab104402|rpc:10.1.0.4:44341|dataStream:|priority:1], old=null
2022-03-11 10:49:41,749 [e8ecc9a4-fdb7-444b-927f-72a8ab104402@group-D179BFF8461B-SegmentedRaftLogWorker] INFO  segmented.SegmentedRaftLogWorker (SegmentedRaftLogWorker.java:execute(601)) - e8ecc9a4-fdb7-444b-927f-72a8ab104402@group-D179BFF8461B-SegmentedRaftLogWorker: created new log segment /home/runner/work/ozone/ozone/hadoop-ozone/integration-test/target/test-dir/MiniOzoneClusterImpl-7b69f8db-d4e2-4de8-91fb-18008de01126/datanode-2/data/ratis/516185c2-c4f4-42d1-987b-d179bff8461b/current/log_inprogress_0
2022-03-11 10:49:41,803 [EventQueue-OpenPipelineForHealthyPipelineSafeModeRule] INFO  safemode.SCMSafeModeManager (HealthyPipelineSafeModeRule.java:process(124)) - SCM in safe mode. Healthy pipelines reported count is 0, required healthy pipeline reported count is 1
2022-03-11 10:49:41,847 [Listener at 127.0.0.1/32795] INFO  ozone.MiniOzoneClusterImpl (MiniOzoneClusterImpl.java:lambda$waitForClusterToBeReady$0(219)) - Nodes are ready. Got 6 of 6 DN Heartbeats.
2022-03-11 10:49:41,847 [Listener at 127.0.0.1/32795] INFO  ozone.MiniOzoneClusterImpl (MiniOzoneClusterImpl.java:lambda$waitForClusterToBeReady$0(222)) - Waiting for cluster to exit safe mode
2022-03-11 10:49:41,848 [Listener at 127.0.0.1/32795] INFO  ozone.MiniOzoneClusterImpl (MiniOzoneClusterImpl.java:lambda$waitForClusterToBeReady$0(224)) - SCM became leader
2022-03-11 10:49:41,861 [EventQueue-OpenPipelineForHealthyPipelineSafeModeRule] INFO  safemode.SCMSafeModeManager (HealthyPipelineSafeModeRule.java:process(124)) - SCM in safe mode. Healthy pipelines reported count is 0, required healthy pipeline reported count is 1
2022-03-11 10:49:42,042 [EventQueue-OpenPipelineForHealthyPipelineSafeModeRule] INFO  safemode.SCMSafeModeManager (HealthyPipelineSafeModeRule.java:process(124)) - SCM in safe mode. Healthy pipelines reported count is 0, required healthy pipeline reported count is 1
2022-03-11 10:49:42,089 [7d731325-8a9a-4339-8945-d516f5c771ba@group-CABD2EE68DA4-FollowerState] INFO  impl.FollowerState (FollowerState.java:run(134)) - 7d731325-8a9a-4339-8945-d516f5c771ba@group-CABD2EE68DA4-FollowerState: change to CANDIDATE, lastRpcElapsedTime:5058257397ns, electionTimeout:5057ms
2022-03-11 10:49:42,090 [7d731325-8a9a-4339-8945-d516f5c771ba@group-CABD2EE68DA4-FollowerState] INFO  impl.RoleInfo (RoleInfo.java:shutdownFollowerState(108)) - 7d731325-8a9a-4339-8945-d516f5c771ba: shutdown 7d731325-8a9a-4339-8945-d516f5c771ba@group-CABD2EE68DA4-FollowerState
2022-03-11 10:49:42,090 [7d731325-8a9a-4339-8945-d516f5c771ba@group-CABD2EE68DA4-FollowerState] INFO  server.RaftServer$Division (RaftServerImpl.java:setRole(290)) - 7d731325-8a9a-4339-8945-d516f5c771ba@group-CABD2EE68DA4: changes role from  FOLLOWER to CANDIDATE at term 0 for changeToCandidate
2022-03-11 10:49:42,090 [7d731325-8a9a-4339-8945-d516f5c771ba@group-CABD2EE68DA4-FollowerState] INFO  server.RaftServerConfigKeys (ConfUtils.java:logGet(44)) - raft.server.leaderelection.pre-vote = false (custom)
2022-03-11 10:49:42,090 [7d731325-8a9a-4339-8945-d516f5c771ba@group-CABD2EE68DA4-FollowerState] INFO  impl.RoleInfo (RoleInfo.java:updateAndGet(130)) - 7d731325-8a9a-4339-8945-d516f5c771ba: start 7d731325-8a9a-4339-8945-d516f5c771ba@group-CABD2EE68DA4-LeaderElection18
2022-03-11 10:49:42,103 [7d731325-8a9a-4339-8945-d516f5c771ba@group-CABD2EE68DA4-LeaderElection18] INFO  impl.LeaderElection (LeaderElection.java:askForVotes(306)) - 7d731325-8a9a-4339-8945-d516f5c771ba@group-CABD2EE68DA4-LeaderElection18 ELECTION round 0: submit vote requests at term 1 for -1: [7d731325-8a9a-4339-8945-d516f5c771ba|rpc:10.1.0.4:40061|priority:1], old=null
2022-03-11 10:49:42,103 [7d731325-8a9a-4339-8945-d516f5c771ba@group-CABD2EE68DA4-LeaderElection18] INFO  impl.LeaderElection (LeaderElection.java:askForVotes(308)) - 7d731325-8a9a-4339-8945-d516f5c771ba@group-CABD2EE68DA4-LeaderElection18 ELECTION round 0: result PASSED (term=1)
2022-03-11 10:49:42,103 [7d731325-8a9a-4339-8945-d516f5c771ba@group-CABD2EE68DA4-LeaderElection18] INFO  impl.RoleInfo (RoleInfo.java:shutdownLeaderElection(121)) - 7d731325-8a9a-4339-8945-d516f5c771ba: shutdown 7d731325-8a9a-4339-8945-d516f5c771ba@group-CABD2EE68DA4-LeaderElection18
2022-03-11 10:49:42,103 [7d731325-8a9a-4339-8945-d516f5c771ba@group-CABD2EE68DA4-LeaderElection18] INFO  server.RaftServer$Division (RaftServerImpl.java:setRole(290)) - 7d731325-8a9a-4339-8945-d516f5c771ba@group-CABD2EE68DA4: changes role from CANDIDATE to LEADER at term 1 for changeToLeader
2022-03-11 10:49:42,103 [7d731325-8a9a-4339-8945-d516f5c771ba@group-CABD2EE68DA4-LeaderElection18] INFO  ratis.XceiverServerRatis (XceiverServerRatis.java:handleLeaderChangedNotification(867)) - Leader change notification received for group: group-CABD2EE68DA4 with new leaderId: 7d731325-8a9a-4339-8945-d516f5c771ba
2022-03-11 10:49:42,104 [7d731325-8a9a-4339-8945-d516f5c771ba@group-CABD2EE68DA4-LeaderElection18] INFO  server.RaftServer$Division (ServerState.java:setLeader(285)) - 7d731325-8a9a-4339-8945-d516f5c771ba@group-CABD2EE68DA4: change Leader from null to 7d731325-8a9a-4339-8945-d516f5c771ba at term 1 for becomeLeader, leader elected after 5081ms
2022-03-11 10:49:42,104 [7d731325-8a9a-4339-8945-d516f5c771ba@group-CABD2EE68DA4-LeaderElection18] INFO  server.RaftServerConfigKeys (ConfUtils.java:logGet(44)) - raft.server.staging.catchup.gap = 1000 (default)
2022-03-11 10:49:42,104 [7d731325-8a9a-4339-8945-d516f5c771ba@group-CABD2EE68DA4-LeaderElection18] INFO  server.RaftServerConfigKeys (ConfUtils.java:logGet(44)) - raft.server.write.element-limit = 1024 (custom)
2022-03-11 10:49:42,104 [7d731325-8a9a-4339-8945-d516f5c771ba@group-CABD2EE68DA4-LeaderElection18] INFO  server.RaftServerConfigKeys (ConfUtils.java:logGet(44)) - raft.server.write.byte-limit = 1024 M (=1073741824) (custom)
2022-03-11 10:49:42,105 [7d731325-8a9a-4339-8945-d516f5c771ba@group-CABD2EE68DA4-LeaderElection18] INFO  server.RaftServerConfigKeys (ConfUtils.java:logGet(44)) - raft.server.watch.timeout = 180s (custom)
2022-03-11 10:49:42,105 [7d731325-8a9a-4339-8945-d516f5c771ba@group-CABD2EE68DA4-LeaderElection18] INFO  server.RaftServerConfigKeys (ConfUtils.java:logGet(44)) - raft.server.watch.timeout.denomination = 1s (default)
2022-03-11 10:49:42,105 [7d731325-8a9a-4339-8945-d516f5c771ba@group-CABD2EE68DA4-LeaderElection18] INFO  server.RaftServerConfigKeys (ConfUtils.java:logGet(44)) - raft.server.watch.element-limit = 65536 (default)
2022-03-11 10:49:42,105 [7d731325-8a9a-4339-8945-d516f5c771ba@group-CABD2EE68DA4-LeaderElection18] INFO  server.RaftServerConfigKeys (ConfUtils.java:logGet(44)) - raft.server.write.element-limit = 1024 (custom)
2022-03-11 10:49:42,105 [7d731325-8a9a-4339-8945-d516f5c771ba@group-CABD2EE68DA4-LeaderElection18] INFO  server.RaftServerConfigKeys (ConfUtils.java:logGet(44)) - raft.server.write.follower.gap.ratio.max = -1.0 (default)
2022-03-11 10:49:42,105 [7d731325-8a9a-4339-8945-d516f5c771ba@group-CABD2EE68DA4-LeaderElection18] INFO  impl.RoleInfo (RoleInfo.java:updateAndGet(130)) - 7d731325-8a9a-4339-8945-d516f5c771ba: start 7d731325-8a9a-4339-8945-d516f5c771ba@group-CABD2EE68DA4-LeaderStateImpl
2022-03-11 10:49:42,105 [7d731325-8a9a-4339-8945-d516f5c771ba@group-CABD2EE68DA4-LeaderElection18] INFO  segmented.SegmentedRaftLogWorker (SegmentedRaftLogWorker.java:startLogSegment(394)) - 7d731325-8a9a-4339-8945-d516f5c771ba@group-CABD2EE68DA4-SegmentedRaftLogWorker: Starting segment from index:0
2022-03-11 10:49:42,107 [7d731325-8a9a-4339-8945-d516f5c771ba@group-CABD2EE68DA4-SegmentedRaftLogWorker] INFO  segmented.SegmentedRaftLogWorker (SegmentedRaftLogWorker.java:execute(601)) - 7d731325-8a9a-4339-8945-d516f5c771ba@group-CABD2EE68DA4-SegmentedRaftLogWorker: created new log segment /home/runner/work/ozone/ozone/hadoop-ozone/integration-test/target/test-dir/MiniOzoneClusterImpl-7b69f8db-d4e2-4de8-91fb-18008de01126/datanode-3/data/ratis/0b687507-4fb0-4f17-99f1-cabd2ee68da4/current/log_inprogress_0
2022-03-11 10:49:42,108 [7d731325-8a9a-4339-8945-d516f5c771ba@group-CABD2EE68DA4-LeaderElection18] INFO  server.RaftServer$Division (ServerState.java:setRaftConf(387)) - 7d731325-8a9a-4339-8945-d516f5c771ba@group-CABD2EE68DA4: set configuration 0: [7d731325-8a9a-4339-8945-d516f5c771ba|rpc:10.1.0.4:40061|dataStream:|priority:1], old=null
2022-03-11 10:49:42,110 [EventQueue-OpenPipelineForHealthyPipelineSafeModeRule] INFO  safemode.SCMSafeModeManager (HealthyPipelineSafeModeRule.java:process(124)) - SCM in safe mode. Healthy pipelines reported count is 0, required healthy pipeline reported count is 1
2022-03-11 10:49:42,132 [7d731325-8a9a-4339-8945-d516f5c771ba@group-65BB9F4A6A20-FollowerState] INFO  impl.FollowerState (FollowerState.java:run(134)) - 7d731325-8a9a-4339-8945-d516f5c771ba@group-65BB9F4A6A20-FollowerState: change to CANDIDATE, lastRpcElapsedTime:5078890628ns, electionTimeout:5078ms
2022-03-11 10:49:42,132 [7d731325-8a9a-4339-8945-d516f5c771ba@group-65BB9F4A6A20-FollowerState] INFO  impl.RoleInfo (RoleInfo.java:shutdownFollowerState(108)) - 7d731325-8a9a-4339-8945-d516f5c771ba: shutdown 7d731325-8a9a-4339-8945-d516f5c771ba@group-65BB9F4A6A20-FollowerState
2022-03-11 10:49:42,132 [7d731325-8a9a-4339-8945-d516f5c771ba@group-65BB9F4A6A20-FollowerState] INFO  server.RaftServer$Division (RaftServerImpl.java:setRole(290)) - 7d731325-8a9a-4339-8945-d516f5c771ba@group-65BB9F4A6A20: changes role from  FOLLOWER to CANDIDATE at term 0 for changeToCandidate
2022-03-11 10:49:42,133 [7d731325-8a9a-4339-8945-d516f5c771ba@group-65BB9F4A6A20-FollowerState] INFO  server.RaftServerConfigKeys (ConfUtils.java:logGet(44)) - raft.server.leaderelection.pre-vote = false (custom)
2022-03-11 10:49:42,133 [7d731325-8a9a-4339-8945-d516f5c771ba@group-65BB9F4A6A20-FollowerState] INFO  impl.RoleInfo (RoleInfo.java:updateAndGet(130)) - 7d731325-8a9a-4339-8945-d516f5c771ba: start 7d731325-8a9a-4339-8945-d516f5c771ba@group-65BB9F4A6A20-LeaderElection19
2022-03-11 10:49:42,137 [7d731325-8a9a-4339-8945-d516f5c771ba@group-65BB9F4A6A20-LeaderElection19] INFO  impl.LeaderElection (LeaderElection.java:askForVotes(306)) - 7d731325-8a9a-4339-8945-d516f5c771ba@group-65BB9F4A6A20-LeaderElection19 ELECTION round 0: submit vote requests at term 1 for -1: [9f19d336-1974-497a-ae2d-7c3106a3707b|rpc:10.1.0.4:42835|priority:1, 7d731325-8a9a-4339-8945-d516f5c771ba|rpc:10.1.0.4:40061|priority:0, f8dfa1df-1adf-42a0-846b-31040712e3d8|rpc:10.1.0.4:44285|priority:0], old=null
2022-03-11 10:49:42,150 [grpc-default-executor-0] INFO  server.RaftServer$Division (RaftServerImpl.java:requestVote(1046)) - 9f19d336-1974-497a-ae2d-7c3106a3707b@group-65BB9F4A6A20: receive requestVote(ELECTION, 7d731325-8a9a-4339-8945-d516f5c771ba, group-65BB9F4A6A20, 1, (t:0, i:0))
2022-03-11 10:49:42,150 [grpc-default-executor-0] INFO  impl.VoteContext (VoteContext.java:log(48)) - 9f19d336-1974-497a-ae2d-7c3106a3707b@group-65BB9F4A6A20-FOLLOWER: reject ELECTION from 7d731325-8a9a-4339-8945-d516f5c771ba: our priority 1 > candidate's priority 0
2022-03-11 10:49:42,150 [grpc-default-executor-0] INFO  server.RaftServer$Division (RaftServerImpl.java:setRole(290)) - 9f19d336-1974-497a-ae2d-7c3106a3707b@group-65BB9F4A6A20: changes role from  FOLLOWER to FOLLOWER at term 1 for candidate:7d731325-8a9a-4339-8945-d516f5c771ba
2022-03-11 10:49:42,150 [grpc-default-executor-0] INFO  impl.RoleInfo (RoleInfo.java:shutdownFollowerState(108)) - 9f19d336-1974-497a-ae2d-7c3106a3707b: shutdown 9f19d336-1974-497a-ae2d-7c3106a3707b@group-65BB9F4A6A20-FollowerState
2022-03-11 10:49:42,150 [grpc-default-executor-0] INFO  impl.RoleInfo (RoleInfo.java:updateAndGet(130)) - 9f19d336-1974-497a-ae2d-7c3106a3707b: start 9f19d336-1974-497a-ae2d-7c3106a3707b@group-65BB9F4A6A20-FollowerState
2022-03-11 10:49:42,150 [9f19d336-1974-497a-ae2d-7c3106a3707b@group-65BB9F4A6A20-FollowerState] INFO  impl.FollowerState (FollowerState.java:run(143)) - 9f19d336-1974-497a-ae2d-7c3106a3707b@group-65BB9F4A6A20-FollowerState was interrupted: {}
java.lang.InterruptedException: sleep interrupted
	at java.lang.Thread.sleep(Native Method)
	at java.lang.Thread.sleep(Thread.java:342)
	at java.util.concurrent.TimeUnit.sleep(TimeUnit.java:386)
	at org.apache.ratis.util.TimeDuration.sleep(TimeDuration.java:324)
	at org.apache.ratis.util.TimeDuration.sleep(TimeDuration.java:309)
	at org.apache.ratis.server.impl.FollowerState.run(FollowerState.java:118)
2022-03-11 10:49:42,157 [grpc-default-executor-3] INFO  server.RaftServer$Division (RaftServerImpl.java:requestVote(1046)) - f8dfa1df-1adf-42a0-846b-31040712e3d8@group-65BB9F4A6A20: receive requestVote(ELECTION, 7d731325-8a9a-4339-8945-d516f5c771ba, group-65BB9F4A6A20, 1, (t:0, i:0))
2022-03-11 10:49:42,157 [grpc-default-executor-3] INFO  impl.VoteContext (VoteContext.java:log(48)) - f8dfa1df-1adf-42a0-846b-31040712e3d8@group-65BB9F4A6A20-FOLLOWER: accept ELECTION from 7d731325-8a9a-4339-8945-d516f5c771ba: our priority 0 <= candidate's priority 0
2022-03-11 10:49:42,157 [grpc-default-executor-3] INFO  server.RaftServer$Division (RaftServerImpl.java:setRole(290)) - f8dfa1df-1adf-42a0-846b-31040712e3d8@group-65BB9F4A6A20: changes role from  FOLLOWER to FOLLOWER at term 1 for candidate:7d731325-8a9a-4339-8945-d516f5c771ba
2022-03-11 10:49:42,157 [grpc-default-executor-3] INFO  impl.RoleInfo (RoleInfo.java:shutdownFollowerState(108)) - f8dfa1df-1adf-42a0-846b-31040712e3d8: shutdown f8dfa1df-1adf-42a0-846b-31040712e3d8@group-65BB9F4A6A20-FollowerState
2022-03-11 10:49:42,157 [grpc-default-executor-3] INFO  impl.RoleInfo (RoleInfo.java:updateAndGet(130)) - f8dfa1df-1adf-42a0-846b-31040712e3d8: start f8dfa1df-1adf-42a0-846b-31040712e3d8@group-65BB9F4A6A20-FollowerState
2022-03-11 10:49:42,158 [f8dfa1df-1adf-42a0-846b-31040712e3d8@group-65BB9F4A6A20-FollowerState] INFO  impl.FollowerState (FollowerState.java:run(143)) - f8dfa1df-1adf-42a0-846b-31040712e3d8@group-65BB9F4A6A20-FollowerState was interrupted: {}
java.lang.InterruptedException: sleep interrupted
	at java.lang.Thread.sleep(Native Method)
	at java.lang.Thread.sleep(Thread.java:342)
	at java.util.concurrent.TimeUnit.sleep(TimeUnit.java:386)
	at org.apache.ratis.util.TimeDuration.sleep(TimeDuration.java:324)
	at org.apache.ratis.util.TimeDuration.sleep(TimeDuration.java:309)
	at org.apache.ratis.server.impl.FollowerState.run(FollowerState.java:118)
2022-03-11 10:49:42,159 [grpc-default-executor-0] INFO  server.RaftServer$Division (RaftServerImpl.java:requestVote(1078)) - 9f19d336-1974-497a-ae2d-7c3106a3707b@group-65BB9F4A6A20 replies to ELECTION vote request: 7d731325-8a9a-4339-8945-d516f5c771ba<-9f19d336-1974-497a-ae2d-7c3106a3707b#0:FAIL-t1. Peer's state: 9f19d336-1974-497a-ae2d-7c3106a3707b@group-65BB9F4A6A20:t1, leader=null, voted=null, raftlog=9f19d336-1974-497a-ae2d-7c3106a3707b@group-65BB9F4A6A20-SegmentedRaftLog:OPENED:c-1, conf=-1: [9f19d336-1974-497a-ae2d-7c3106a3707b|rpc:10.1.0.4:42835|dataStream:|priority:1, 7d731325-8a9a-4339-8945-d516f5c771ba|rpc:10.1.0.4:40061|dataStream:|priority:0, f8dfa1df-1adf-42a0-846b-31040712e3d8|rpc:10.1.0.4:44285|dataStream:|priority:0], old=null
2022-03-11 10:49:42,162 [grpc-default-executor-3] INFO  server.RaftServer$Division (RaftServerImpl.java:requestVote(1078)) - f8dfa1df-1adf-42a0-846b-31040712e3d8@group-65BB9F4A6A20 replies to ELECTION vote request: 7d731325-8a9a-4339-8945-d516f5c771ba<-f8dfa1df-1adf-42a0-846b-31040712e3d8#0:OK-t1. Peer's state: f8dfa1df-1adf-42a0-846b-31040712e3d8@group-65BB9F4A6A20:t1, leader=null, voted=7d731325-8a9a-4339-8945-d516f5c771ba, raftlog=f8dfa1df-1adf-42a0-846b-31040712e3d8@group-65BB9F4A6A20-SegmentedRaftLog:OPENED:c-1, conf=-1: [9f19d336-1974-497a-ae2d-7c3106a3707b|rpc:10.1.0.4:42835|dataStream:|priority:1, 7d731325-8a9a-4339-8945-d516f5c771ba|rpc:10.1.0.4:40061|dataStream:|priority:0, f8dfa1df-1adf-42a0-846b-31040712e3d8|rpc:10.1.0.4:44285|dataStream:|priority:0], old=null
2022-03-11 10:49:42,162 [7d731325-8a9a-4339-8945-d516f5c771ba@group-65BB9F4A6A20-LeaderElection19] INFO  impl.LeaderElection (LeaderElection.java:logAndReturn(89)) - 7d731325-8a9a-4339-8945-d516f5c771ba@group-65BB9F4A6A20-LeaderElection19: ELECTION REJECTED received 1 response(s) and 0 exception(s):
2022-03-11 10:49:42,162 [7d731325-8a9a-4339-8945-d516f5c771ba@group-65BB9F4A6A20-LeaderElection19] INFO  impl.LeaderElection (LeaderElection.java:logAndReturn(93)) -   Response 0: 7d731325-8a9a-4339-8945-d516f5c771ba<-9f19d336-1974-497a-ae2d-7c3106a3707b#0:FAIL-t1
2022-03-11 10:49:42,162 [7d731325-8a9a-4339-8945-d516f5c771ba@group-65BB9F4A6A20-LeaderElection19] INFO  impl.LeaderElection (LeaderElection.java:askForVotes(308)) - 7d731325-8a9a-4339-8945-d516f5c771ba@group-65BB9F4A6A20-LeaderElection19 ELECTION round 0: result REJECTED
2022-03-11 10:49:42,162 [7d731325-8a9a-4339-8945-d516f5c771ba@group-65BB9F4A6A20-LeaderElection19] INFO  server.RaftServer$Division (RaftServerImpl.java:setRole(290)) - 7d731325-8a9a-4339-8945-d516f5c771ba@group-65BB9F4A6A20: changes role from CANDIDATE to FOLLOWER at term 1 for REJECTED
2022-03-11 10:49:42,162 [7d731325-8a9a-4339-8945-d516f5c771ba@group-65BB9F4A6A20-LeaderElection19] INFO  impl.RoleInfo (RoleInfo.java:shutdownLeaderElection(121)) - 7d731325-8a9a-4339-8945-d516f5c771ba: shutdown 7d731325-8a9a-4339-8945-d516f5c771ba@group-65BB9F4A6A20-LeaderElection19
2022-03-11 10:49:42,162 [7d731325-8a9a-4339-8945-d516f5c771ba@group-65BB9F4A6A20-LeaderElection19] INFO  impl.RoleInfo (RoleInfo.java:updateAndGet(130)) - 7d731325-8a9a-4339-8945-d516f5c771ba: start 7d731325-8a9a-4339-8945-d516f5c771ba@group-65BB9F4A6A20-FollowerState
2022-03-11 10:49:42,281 [EventQueue-OpenPipelineForHealthyPipelineSafeModeRule] INFO  safemode.SCMSafeModeManager (HealthyPipelineSafeModeRule.java:process(124)) - SCM in safe mode. Healthy pipelines reported count is 0, required healthy pipeline reported count is 1
2022-03-11 10:49:42,361 [ReplicationMonitor] INFO  container.ReplicationManager (ReplicationManager.java:processAll(374)) - Replication Manager is not ready to run until 3000ms after safemode exit
2022-03-11 10:49:42,700 [ReplicationMonitor] INFO  container.ReplicationManager (ReplicationManager.java:processAll(387)) - Replication Monitor Thread took 1 milliseconds for processing 3 containers.
2022-03-11 10:49:42,707 [f8dfa1df-1adf-42a0-846b-31040712e3d8@group-60978C12EC3C-FollowerState] INFO  impl.FollowerState (FollowerState.java:run(134)) - f8dfa1df-1adf-42a0-846b-31040712e3d8@group-60978C12EC3C-FollowerState: change to CANDIDATE, lastRpcElapsedTime:5187182725ns, electionTimeout:5186ms
2022-03-11 10:49:42,707 [f8dfa1df-1adf-42a0-846b-31040712e3d8@group-60978C12EC3C-FollowerState] INFO  impl.RoleInfo (RoleInfo.java:shutdownFollowerState(108)) - f8dfa1df-1adf-42a0-846b-31040712e3d8: shutdown f8dfa1df-1adf-42a0-846b-31040712e3d8@group-60978C12EC3C-FollowerState
2022-03-11 10:49:42,707 [f8dfa1df-1adf-42a0-846b-31040712e3d8@group-60978C12EC3C-FollowerState] INFO  server.RaftServer$Division (RaftServerImpl.java:setRole(290)) - f8dfa1df-1adf-42a0-846b-31040712e3d8@group-60978C12EC3C: changes role from  FOLLOWER to CANDIDATE at term 0 for changeToCandidate
2022-03-11 10:49:42,708 [f8dfa1df-1adf-42a0-846b-31040712e3d8@group-60978C12EC3C-FollowerState] INFO  server.RaftServerConfigKeys (ConfUtils.java:logGet(44)) - raft.server.leaderelection.pre-vote = false (custom)
2022-03-11 10:49:42,708 [f8dfa1df-1adf-42a0-846b-31040712e3d8@group-60978C12EC3C-FollowerState] INFO  impl.RoleInfo (RoleInfo.java:updateAndGet(130)) - f8dfa1df-1adf-42a0-846b-31040712e3d8: start f8dfa1df-1adf-42a0-846b-31040712e3d8@group-60978C12EC3C-LeaderElection20
2022-03-11 10:49:42,712 [f8dfa1df-1adf-42a0-846b-31040712e3d8@group-60978C12EC3C-LeaderElection20] INFO  impl.LeaderElection (LeaderElection.java:askForVotes(306)) - f8dfa1df-1adf-42a0-846b-31040712e3d8@group-60978C12EC3C-LeaderElection20 ELECTION round 0: submit vote requests at term 1 for -1: [f8dfa1df-1adf-42a0-846b-31040712e3d8|rpc:10.1.0.4:44285|priority:1], old=null
2022-03-11 10:49:42,712 [f8dfa1df-1adf-42a0-846b-31040712e3d8@group-60978C12EC3C-LeaderElection20] INFO  impl.LeaderElection (LeaderElection.java:askForVotes(308)) - f8dfa1df-1adf-42a0-846b-31040712e3d8@group-60978C12EC3C-LeaderElection20 ELECTION round 0: result PASSED (term=1)
2022-03-11 10:49:42,712 [f8dfa1df-1adf-42a0-846b-31040712e3d8@group-60978C12EC3C-LeaderElection20] INFO  impl.RoleInfo (RoleInfo.java:shutdownLeaderElection(121)) - f8dfa1df-1adf-42a0-846b-31040712e3d8: shutdown f8dfa1df-1adf-42a0-846b-31040712e3d8@group-60978C12EC3C-LeaderElection20
2022-03-11 10:49:42,712 [f8dfa1df-1adf-42a0-846b-31040712e3d8@group-60978C12EC3C-LeaderElection20] INFO  server.RaftServer$Division (RaftServerImpl.java:setRole(290)) - f8dfa1df-1adf-42a0-846b-31040712e3d8@group-60978C12EC3C: changes role from CANDIDATE to LEADER at term 1 for changeToLeader
2022-03-11 10:49:42,712 [f8dfa1df-1adf-42a0-846b-31040712e3d8@group-60978C12EC3C-LeaderElection20] INFO  ratis.XceiverServerRatis (XceiverServerRatis.java:handleLeaderChangedNotification(867)) - Leader change notification received for group: group-60978C12EC3C with new leaderId: f8dfa1df-1adf-42a0-846b-31040712e3d8
2022-03-11 10:49:42,713 [f8dfa1df-1adf-42a0-846b-31040712e3d8@group-60978C12EC3C-LeaderElection20] INFO  server.RaftServer$Division (ServerState.java:setLeader(285)) - f8dfa1df-1adf-42a0-846b-31040712e3d8@group-60978C12EC3C: change Leader from null to f8dfa1df-1adf-42a0-846b-31040712e3d8 at term 1 for becomeLeader, leader elected after 5202ms
2022-03-11 10:49:42,713 [f8dfa1df-1adf-42a0-846b-31040712e3d8@group-60978C12EC3C-LeaderElection20] INFO  server.RaftServerConfigKeys (ConfUtils.java:logGet(44)) - raft.server.staging.catchup.gap = 1000 (default)
2022-03-11 10:49:42,713 [f8dfa1df-1adf-42a0-846b-31040712e3d8@group-60978C12EC3C-LeaderElection20] INFO  server.RaftServerConfigKeys (ConfUtils.java:logGet(44)) - raft.server.write.element-limit = 1024 (custom)
2022-03-11 10:49:42,713 [f8dfa1df-1adf-42a0-846b-31040712e3d8@group-60978C12EC3C-LeaderElection20] INFO  server.RaftServerConfigKeys (ConfUtils.java:logGet(44)) - raft.server.write.byte-limit = 1024 M (=1073741824) (custom)
2022-03-11 10:49:42,714 [f8dfa1df-1adf-42a0-846b-31040712e3d8@group-60978C12EC3C-LeaderElection20] INFO  server.RaftServerConfigKeys (ConfUtils.java:logGet(44)) - raft.server.watch.timeout = 180s (custom)
2022-03-11 10:49:42,714 [f8dfa1df-1adf-42a0-846b-31040712e3d8@group-60978C12EC3C-LeaderElection20] INFO  server.RaftServerConfigKeys (ConfUtils.java:logGet(44)) - raft.server.watch.timeout.denomination = 1s (default)
2022-03-11 10:49:42,715 [f8dfa1df-1adf-42a0-846b-31040712e3d8@group-60978C12EC3C-LeaderElection20] INFO  server.RaftServerConfigKeys (ConfUtils.java:logGet(44)) - raft.server.watch.element-limit = 65536 (default)
2022-03-11 10:49:42,715 [f8dfa1df-1adf-42a0-846b-31040712e3d8@group-60978C12EC3C-LeaderElection20] INFO  server.RaftServerConfigKeys (ConfUtils.java:logGet(44)) - raft.server.write.element-limit = 1024 (custom)
2022-03-11 10:49:42,715 [f8dfa1df-1adf-42a0-846b-31040712e3d8@group-60978C12EC3C-LeaderElection20] INFO  server.RaftServerConfigKeys (ConfUtils.java:logGet(44)) - raft.server.write.follower.gap.ratio.max = -1.0 (default)
2022-03-11 10:49:42,715 [f8dfa1df-1adf-42a0-846b-31040712e3d8@group-60978C12EC3C-LeaderElection20] INFO  impl.RoleInfo (RoleInfo.java:updateAndGet(130)) - f8dfa1df-1adf-42a0-846b-31040712e3d8: start f8dfa1df-1adf-42a0-846b-31040712e3d8@group-60978C12EC3C-LeaderStateImpl
2022-03-11 10:49:42,715 [f8dfa1df-1adf-42a0-846b-31040712e3d8@group-60978C12EC3C-LeaderElection20] INFO  segmented.SegmentedRaftLogWorker (SegmentedRaftLogWorker.java:startLogSegment(394)) - f8dfa1df-1adf-42a0-846b-31040712e3d8@group-60978C12EC3C-SegmentedRaftLogWorker: Starting segment from index:0
2022-03-11 10:49:42,715 [EventQueue-OpenPipelineForHealthyPipelineSafeModeRule] INFO  safemode.SCMSafeModeManager (HealthyPipelineSafeModeRule.java:process(124)) - SCM in safe mode. Healthy pipelines reported count is 0, required healthy pipeline reported count is 1
2022-03-11 10:49:42,718 [f8dfa1df-1adf-42a0-846b-31040712e3d8@group-60978C12EC3C-SegmentedRaftLogWorker] INFO  segmented.SegmentedRaftLogWorker (SegmentedRaftLogWorker.java:execute(601)) - f8dfa1df-1adf-42a0-846b-31040712e3d8@group-60978C12EC3C-SegmentedRaftLogWorker: created new log segment /home/runner/work/ozone/ozone/hadoop-ozone/integration-test/target/test-dir/MiniOzoneClusterImpl-7b69f8db-d4e2-4de8-91fb-18008de01126/datanode-4/data/ratis/7895dc2b-41d1-4c82-8c16-60978c12ec3c/current/log_inprogress_0
2022-03-11 10:49:42,721 [f8dfa1df-1adf-42a0-846b-31040712e3d8@group-60978C12EC3C-LeaderElection20] INFO  server.RaftServer$Division (ServerState.java:setRaftConf(387)) - f8dfa1df-1adf-42a0-846b-31040712e3d8@group-60978C12EC3C: set configuration 0: [f8dfa1df-1adf-42a0-846b-31040712e3d8|rpc:10.1.0.4:44285|dataStream:|priority:1], old=null
2022-03-11 10:49:42,745 [EventQueue-OpenPipelineForHealthyPipelineSafeModeRule] INFO  safemode.SCMSafeModeManager (HealthyPipelineSafeModeRule.java:process(124)) - SCM in safe mode. Healthy pipelines reported count is 0, required healthy pipeline reported count is 1
2022-03-11 10:49:42,803 [EventQueue-OpenPipelineForHealthyPipelineSafeModeRule] INFO  safemode.SCMSafeModeManager (HealthyPipelineSafeModeRule.java:process(124)) - SCM in safe mode. Healthy pipelines reported count is 0, required healthy pipeline reported count is 1
2022-03-11 10:49:42,848 [Listener at 127.0.0.1/32795] INFO  ozone.MiniOzoneClusterImpl (MiniOzoneClusterImpl.java:lambda$waitForClusterToBeReady$0(219)) - Nodes are ready. Got 6 of 6 DN Heartbeats.
2022-03-11 10:49:42,848 [Listener at 127.0.0.1/32795] INFO  ozone.MiniOzoneClusterImpl (MiniOzoneClusterImpl.java:lambda$waitForClusterToBeReady$0(222)) - Waiting for cluster to exit safe mode
2022-03-11 10:49:42,848 [Listener at 127.0.0.1/32795] INFO  ozone.MiniOzoneClusterImpl (MiniOzoneClusterImpl.java:lambda$waitForClusterToBeReady$0(224)) - SCM became leader
2022-03-11 10:49:43,054 [9f19d336-1974-497a-ae2d-7c3106a3707b@group-2A0F6AE87BB3-FollowerState] INFO  impl.FollowerState (FollowerState.java:run(134)) - 9f19d336-1974-497a-ae2d-7c3106a3707b@group-2A0F6AE87BB3-FollowerState: change to CANDIDATE, lastRpcElapsedTime:5192825476ns, electionTimeout:5191ms
2022-03-11 10:49:43,054 [9f19d336-1974-497a-ae2d-7c3106a3707b@group-2A0F6AE87BB3-FollowerState] INFO  impl.RoleInfo (RoleInfo.java:shutdownFollowerState(108)) - 9f19d336-1974-497a-ae2d-7c3106a3707b: shutdown 9f19d336-1974-497a-ae2d-7c3106a3707b@group-2A0F6AE87BB3-FollowerState
2022-03-11 10:49:43,055 [9f19d336-1974-497a-ae2d-7c3106a3707b@group-2A0F6AE87BB3-FollowerState] INFO  server.RaftServer$Division (RaftServerImpl.java:setRole(290)) - 9f19d336-1974-497a-ae2d-7c3106a3707b@group-2A0F6AE87BB3: changes role from  FOLLOWER to CANDIDATE at term 0 for changeToCandidate
2022-03-11 10:49:43,055 [9f19d336-1974-497a-ae2d-7c3106a3707b@group-2A0F6AE87BB3-FollowerState] INFO  server.RaftServerConfigKeys (ConfUtils.java:logGet(44)) - raft.server.leaderelection.pre-vote = false (custom)
2022-03-11 10:49:43,055 [9f19d336-1974-497a-ae2d-7c3106a3707b@group-2A0F6AE87BB3-FollowerState] INFO  impl.RoleInfo (RoleInfo.java:updateAndGet(130)) - 9f19d336-1974-497a-ae2d-7c3106a3707b: start 9f19d336-1974-497a-ae2d-7c3106a3707b@group-2A0F6AE87BB3-LeaderElection21
2022-03-11 10:49:43,065 [9f19d336-1974-497a-ae2d-7c3106a3707b@group-2A0F6AE87BB3-LeaderElection21] INFO  impl.LeaderElection (LeaderElection.java:askForVotes(306)) - 9f19d336-1974-497a-ae2d-7c3106a3707b@group-2A0F6AE87BB3-LeaderElection21 ELECTION round 0: submit vote requests at term 1 for -1: [9f19d336-1974-497a-ae2d-7c3106a3707b|rpc:10.1.0.4:42835|priority:1], old=null
2022-03-11 10:49:43,065 [9f19d336-1974-497a-ae2d-7c3106a3707b@group-2A0F6AE87BB3-LeaderElection21] INFO  impl.LeaderElection (LeaderElection.java:askForVotes(308)) - 9f19d336-1974-497a-ae2d-7c3106a3707b@group-2A0F6AE87BB3-LeaderElection21 ELECTION round 0: result PASSED (term=1)
2022-03-11 10:49:43,065 [9f19d336-1974-497a-ae2d-7c3106a3707b@group-2A0F6AE87BB3-LeaderElection21] INFO  impl.RoleInfo (RoleInfo.java:shutdownLeaderElection(121)) - 9f19d336-1974-497a-ae2d-7c3106a3707b: shutdown 9f19d336-1974-497a-ae2d-7c3106a3707b@group-2A0F6AE87BB3-LeaderElection21
2022-03-11 10:49:43,065 [9f19d336-1974-497a-ae2d-7c3106a3707b@group-2A0F6AE87BB3-LeaderElection21] INFO  server.RaftServer$Division (RaftServerImpl.java:setRole(290)) - 9f19d336-1974-497a-ae2d-7c3106a3707b@group-2A0F6AE87BB3: changes role from CANDIDATE to LEADER at term 1 for changeToLeader
2022-03-11 10:49:43,065 [9f19d336-1974-497a-ae2d-7c3106a3707b@group-2A0F6AE87BB3-LeaderElection21] INFO  ratis.XceiverServerRatis (XceiverServerRatis.java:handleLeaderChangedNotification(867)) - Leader change notification received for group: group-2A0F6AE87BB3 with new leaderId: 9f19d336-1974-497a-ae2d-7c3106a3707b
2022-03-11 10:49:43,066 [9f19d336-1974-497a-ae2d-7c3106a3707b@group-2A0F6AE87BB3-LeaderElection21] INFO  server.RaftServer$Division (ServerState.java:setLeader(285)) - 9f19d336-1974-497a-ae2d-7c3106a3707b@group-2A0F6AE87BB3: change Leader from null to 9f19d336-1974-497a-ae2d-7c3106a3707b at term 1 for becomeLeader, leader elected after 5208ms
2022-03-11 10:49:43,066 [9f19d336-1974-497a-ae2d-7c3106a3707b@group-2A0F6AE87BB3-LeaderElection21] INFO  server.RaftServerConfigKeys (ConfUtils.java:logGet(44)) - raft.server.staging.catchup.gap = 1000 (default)
2022-03-11 10:49:43,067 [EventQueue-OpenPipelineForHealthyPipelineSafeModeRule] INFO  safemode.SCMSafeModeManager (HealthyPipelineSafeModeRule.java:process(124)) - SCM in safe mode. Healthy pipelines reported count is 0, required healthy pipeline reported count is 1
2022-03-11 10:49:43,067 [9f19d336-1974-497a-ae2d-7c3106a3707b@group-2A0F6AE87BB3-LeaderElection21] INFO  server.RaftServerConfigKeys (ConfUtils.java:logGet(44)) - raft.server.write.element-limit = 1024 (custom)
2022-03-11 10:49:43,067 [9f19d336-1974-497a-ae2d-7c3106a3707b@group-2A0F6AE87BB3-LeaderElection21] INFO  server.RaftServerConfigKeys (ConfUtils.java:logGet(44)) - raft.server.write.byte-limit = 1024 M (=1073741824) (custom)
2022-03-11 10:49:43,067 [9f19d336-1974-497a-ae2d-7c3106a3707b@group-2A0F6AE87BB3-LeaderElection21] INFO  server.RaftServerConfigKeys (ConfUtils.java:logGet(44)) - raft.server.watch.timeout = 180s (custom)
2022-03-11 10:49:43,068 [9f19d336-1974-497a-ae2d-7c3106a3707b@group-2A0F6AE87BB3-LeaderElection21] INFO  server.RaftServerConfigKeys (ConfUtils.java:logGet(44)) - raft.server.watch.timeout.denomination = 1s (default)
2022-03-11 10:49:43,068 [9f19d336-1974-497a-ae2d-7c3106a3707b@group-2A0F6AE87BB3-LeaderElection21] INFO  server.RaftServerConfigKeys (ConfUtils.java:logGet(44)) - raft.server.watch.element-limit = 65536 (default)
2022-03-11 10:49:43,068 [9f19d336-1974-497a-ae2d-7c3106a3707b@group-2A0F6AE87BB3-LeaderElection21] INFO  server.RaftServerConfigKeys (ConfUtils.java:logGet(44)) - raft.server.write.element-limit = 1024 (custom)
2022-03-11 10:49:43,068 [9f19d336-1974-497a-ae2d-7c3106a3707b@group-2A0F6AE87BB3-LeaderElection21] INFO  server.RaftServerConfigKeys (ConfUtils.java:logGet(44)) - raft.server.write.follower.gap.ratio.max = -1.0 (default)
2022-03-11 10:49:43,068 [9f19d336-1974-497a-ae2d-7c3106a3707b@group-2A0F6AE87BB3-LeaderElection21] INFO  impl.RoleInfo (RoleInfo.java:updateAndGet(130)) - 9f19d336-1974-497a-ae2d-7c3106a3707b: start 9f19d336-1974-497a-ae2d-7c3106a3707b@group-2A0F6AE87BB3-LeaderStateImpl
2022-03-11 10:49:43,068 [9f19d336-1974-497a-ae2d-7c3106a3707b@group-2A0F6AE87BB3-LeaderElection21] INFO  segmented.SegmentedRaftLogWorker (SegmentedRaftLogWorker.java:startLogSegment(394)) - 9f19d336-1974-497a-ae2d-7c3106a3707b@group-2A0F6AE87BB3-SegmentedRaftLogWorker: Starting segment from index:0
2022-03-11 10:49:43,074 [9f19d336-1974-497a-ae2d-7c3106a3707b@group-2A0F6AE87BB3-LeaderElection21] INFO  server.RaftServer$Division (ServerState.java:setRaftConf(387)) - 9f19d336-1974-497a-ae2d-7c3106a3707b@group-2A0F6AE87BB3: set configuration 0: [9f19d336-1974-497a-ae2d-7c3106a3707b|rpc:10.1.0.4:42835|dataStream:|priority:1], old=null
2022-03-11 10:49:43,079 [9f19d336-1974-497a-ae2d-7c3106a3707b@group-2A0F6AE87BB3-SegmentedRaftLogWorker] INFO  segmented.SegmentedRaftLogWorker (SegmentedRaftLogWorker.java:execute(601)) - 9f19d336-1974-497a-ae2d-7c3106a3707b@group-2A0F6AE87BB3-SegmentedRaftLogWorker: created new log segment /home/runner/work/ozone/ozone/hadoop-ozone/integration-test/target/test-dir/MiniOzoneClusterImpl-7b69f8db-d4e2-4de8-91fb-18008de01126/datanode-5/data/ratis/a8b991ff-e2fe-42bb-b44c-2a0f6ae87bb3/current/log_inprogress_0
2022-03-11 10:49:43,105 [EventQueue-OpenPipelineForHealthyPipelineSafeModeRule] INFO  safemode.SCMSafeModeManager (HealthyPipelineSafeModeRule.java:process(124)) - SCM in safe mode. Healthy pipelines reported count is 0, required healthy pipeline reported count is 1
2022-03-11 10:49:43,361 [ReplicationMonitor] INFO  container.ReplicationManager (ReplicationManager.java:processAll(374)) - Replication Manager is not ready to run until 3000ms after safemode exit
2022-03-11 10:49:43,701 [ReplicationMonitor] INFO  container.ReplicationManager (ReplicationManager.java:processAll(387)) - Replication Monitor Thread took 0 milliseconds for processing 3 containers.
2022-03-11 10:49:43,714 [EventQueue-OpenPipelineForHealthyPipelineSafeModeRule] INFO  safemode.SCMSafeModeManager (HealthyPipelineSafeModeRule.java:process(124)) - SCM in safe mode. Healthy pipelines reported count is 0, required healthy pipeline reported count is 1
2022-03-11 10:49:43,746 [main] INFO  ozoneimpl.OzoneContainer (OzoneContainer.java:stop(356)) - Attempting to stop container services.
2022-03-11 10:49:43,747 [EventQueue-OpenPipelineForHealthyPipelineSafeModeRule] INFO  safemode.SCMSafeModeManager (HealthyPipelineSafeModeRule.java:process(124)) - SCM in safe mode. Healthy pipelines reported count is 0, required healthy pipeline reported count is 1
2022-03-11 10:49:43,749 [main] INFO  server.RaftServer (RaftServerProxy.java:lambda$close$6(391)) - ba75fcdf-ff67-476a-a5ef-de9b108b869e: close
2022-03-11 10:49:43,750 [main] INFO  server.GrpcService (GrpcService.java:closeImpl(262)) - ba75fcdf-ff67-476a-a5ef-de9b108b869e: shutdown server with port 41971 now
2022-03-11 10:49:43,755 [main] INFO  server.GrpcService (GrpcService.java:closeImpl(271)) - ba75fcdf-ff67-476a-a5ef-de9b108b869e: shutdown server with port 41971 successfully
2022-03-11 10:49:43,755 [org.apache.ratis.util.JvmPauseMonitor$$Lambda$540/1416199161@7360ba3e] INFO  util.JvmPauseMonitor (JvmPauseMonitor.java:run(109)) - JvmPauseMonitor-ba75fcdf-ff67-476a-a5ef-de9b108b869e: Stopped
2022-03-11 10:49:43,807 [EventQueue-OpenPipelineForHealthyPipelineSafeModeRule] INFO  safemode.SCMSafeModeManager (HealthyPipelineSafeModeRule.java:process(124)) - SCM in safe mode. Healthy pipelines reported count is 0, required healthy pipeline reported count is 1
2022-03-11 10:49:43,848 [Listener at 127.0.0.1/32795] INFO  ozone.MiniOzoneClusterImpl (MiniOzoneClusterImpl.java:lambda$waitForClusterToBeReady$0(219)) - Nodes are ready. Got 6 of 6 DN Heartbeats.
2022-03-11 10:49:43,848 [Listener at 127.0.0.1/32795] INFO  ozone.MiniOzoneClusterImpl (MiniOzoneClusterImpl.java:lambda$waitForClusterToBeReady$0(222)) - Waiting for cluster to exit safe mode
2022-03-11 10:49:43,848 [Listener at 127.0.0.1/32795] INFO  ozone.MiniOzoneClusterImpl (MiniOzoneClusterImpl.java:lambda$waitForClusterToBeReady$0(224)) - SCM became leader
2022-03-11 10:49:44,067 [EventQueue-OpenPipelineForHealthyPipelineSafeModeRule] INFO  safemode.SCMSafeModeManager (HealthyPipelineSafeModeRule.java:process(124)) - SCM in safe mode. Healthy pipelines reported count is 0, required healthy pipeline reported count is 1
2022-03-11 10:49:44,281 [EventQueue-OpenPipelineForHealthyPipelineSafeModeRule] INFO  safemode.SCMSafeModeManager (HealthyPipelineSafeModeRule.java:process(124)) - SCM in safe mode. Healthy pipelines reported count is 0, required healthy pipeline reported count is 1
2022-03-11 10:49:44,361 [ReplicationMonitor] INFO  container.ReplicationManager (ReplicationManager.java:processAll(374)) - Replication Manager is not ready to run until 3000ms after safemode exit
2022-03-11 10:49:44,648 [EventQueue-DeadNodeForDeadNodeHandler] INFO  node.DeadNodeHandler (DeadNodeHandler.java:onMessage(80)) - A dead datanode is detected. ba75fcdf-ff67-476a-a5ef-de9b108b869e{ip: 10.1.0.4, host: fv-az184-17.3ow45vhwbzuu5incsxmygykede.cx.internal.cloudapp.net, ports: [REPLICATION=42699, RATIS=41971, RATIS_ADMIN=41971, RATIS_SERVER=41971, STANDALONE=42581], networkLocation: /default-rack, certSerialId: null, persistedOpState: DECOMMISSIONING, persistedOpStateExpiryEpochSec: 0}
2022-03-11 10:49:44,651 [EventQueue-DeadNodeForDeadNodeHandler] INFO  net.NetworkTopologyImpl (NetworkTopologyImpl.java:remove(137)) - Removed a node: /default-rack/ba75fcdf-ff67-476a-a5ef-de9b108b869e
2022-03-11 10:49:44,701 [ReplicationMonitor] INFO  container.ReplicationManager (ReplicationManager.java:processAll(387)) - Replication Monitor Thread took 0 milliseconds for processing 3 containers.
2022-03-11 10:49:44,716 [EventQueue-OpenPipelineForHealthyPipelineSafeModeRule] INFO  safemode.SCMSafeModeManager (HealthyPipelineSafeModeRule.java:process(124)) - SCM in safe mode. Healthy pipelines reported count is 0, required healthy pipeline reported count is 1
2022-03-11 10:49:44,807 [EventQueue-OpenPipelineForHealthyPipelineSafeModeRule] INFO  safemode.SCMSafeModeManager (HealthyPipelineSafeModeRule.java:process(124)) - SCM in safe mode. Healthy pipelines reported count is 0, required healthy pipeline reported count is 1
2022-03-11 10:49:44,849 [Listener at 127.0.0.1/32795] INFO  ozone.MiniOzoneClusterImpl (MiniOzoneClusterImpl.java:lambda$waitForClusterToBeReady$0(219)) - Nodes are ready. Got 6 of 6 DN Heartbeats.
2022-03-11 10:49:44,849 [Listener at 127.0.0.1/32795] INFO  ozone.MiniOzoneClusterImpl (MiniOzoneClusterImpl.java:lambda$waitForClusterToBeReady$0(222)) - Waiting for cluster to exit safe mode
2022-03-11 10:49:44,849 [Listener at 127.0.0.1/32795] INFO  ozone.MiniOzoneClusterImpl (MiniOzoneClusterImpl.java:lambda$waitForClusterToBeReady$0(224)) - SCM became leader
2022-03-11 10:49:45,066 [EventQueue-OpenPipelineForHealthyPipelineSafeModeRule] INFO  safemode.SCMSafeModeManager (HealthyPipelineSafeModeRule.java:process(124)) - SCM in safe mode. Healthy pipelines reported count is 0, required healthy pipeline reported count is 1
2022-03-11 10:49:45,107 [EventQueue-OpenPipelineForHealthyPipelineSafeModeRule] INFO  safemode.SCMSafeModeManager (HealthyPipelineSafeModeRule.java:process(124)) - SCM in safe mode. Healthy pipelines reported count is 0, required healthy pipeline reported count is 1
2022-03-11 10:49:45,361 [ReplicationMonitor] INFO  container.ReplicationManager (ReplicationManager.java:processAll(374)) - Replication Manager is not ready to run until 3000ms after safemode exit
2022-03-11 10:49:45,702 [ReplicationMonitor] INFO  container.ReplicationManager (ReplicationManager.java:processAll(387)) - Replication Monitor Thread took 1 milliseconds for processing 3 containers.
2022-03-11 10:49:45,716 [EventQueue-OpenPipelineForHealthyPipelineSafeModeRule] INFO  safemode.SCMSafeModeManager (HealthyPipelineSafeModeRule.java:process(124)) - SCM in safe mode. Healthy pipelines reported count is 0, required healthy pipeline reported count is 1
2022-03-11 10:49:45,744 [EventQueue-OpenPipelineForHealthyPipelineSafeModeRule] INFO  safemode.SCMSafeModeManager (HealthyPipelineSafeModeRule.java:process(124)) - SCM in safe mode. Healthy pipelines reported count is 0, required healthy pipeline reported count is 1
2022-03-11 10:49:45,776 [main] INFO  utils.BackgroundService (BackgroundService.java:shutdown(132)) - Shutting down service BlockDeletingService
2022-03-11 10:49:45,849 [Listener at 127.0.0.1/32795] INFO  ozone.MiniOzoneClusterImpl (MiniOzoneClusterImpl.java:lambda$waitForClusterToBeReady$0(219)) - Nodes are ready. Got 6 of 6 DN Heartbeats.
2022-03-11 10:49:45,849 [Listener at 127.0.0.1/32795] INFO  ozone.MiniOzoneClusterImpl (MiniOzoneClusterImpl.java:lambda$waitForClusterToBeReady$0(222)) - Waiting for cluster to exit safe mode
2022-03-11 10:49:45,849 [Listener at 127.0.0.1/32795] INFO  ozone.MiniOzoneClusterImpl (MiniOzoneClusterImpl.java:lambda$waitForClusterToBeReady$0(224)) - SCM became leader
2022-03-11 10:49:45,901 [d142598b-b2fe-46f0-ba0a-461746a4d443@group-144452D79959-FollowerState] INFO  impl.FollowerState (FollowerState.java:run(134)) - d142598b-b2fe-46f0-ba0a-461746a4d443@group-144452D79959-FollowerState: change to CANDIDATE, lastRpcElapsedTime:5140305586ns, electionTimeout:5137ms
2022-03-11 10:49:45,901 [d142598b-b2fe-46f0-ba0a-461746a4d443@group-144452D79959-FollowerState] INFO  impl.RoleInfo (RoleInfo.java:shutdownFollowerState(108)) - d142598b-b2fe-46f0-ba0a-461746a4d443: shutdown d142598b-b2fe-46f0-ba0a-461746a4d443@group-144452D79959-FollowerState
2022-03-11 10:49:45,901 [d142598b-b2fe-46f0-ba0a-461746a4d443@group-144452D79959-FollowerState] INFO  server.RaftServer$Division (RaftServerImpl.java:setRole(290)) - d142598b-b2fe-46f0-ba0a-461746a4d443@group-144452D79959: changes role from  FOLLOWER to CANDIDATE at term 1 for changeToCandidate
2022-03-11 10:49:45,901 [d142598b-b2fe-46f0-ba0a-461746a4d443@group-144452D79959-FollowerState] INFO  server.RaftServerConfigKeys (ConfUtils.java:logGet(44)) - raft.server.leaderelection.pre-vote = false (custom)
2022-03-11 10:49:45,901 [d142598b-b2fe-46f0-ba0a-461746a4d443@group-144452D79959-FollowerState] INFO  impl.RoleInfo (RoleInfo.java:updateAndGet(130)) - d142598b-b2fe-46f0-ba0a-461746a4d443: start d142598b-b2fe-46f0-ba0a-461746a4d443@group-144452D79959-LeaderElection22
2022-03-11 10:49:45,907 [e2c1372d-ab59-4fee-b127-9ad63fa8e982@group-144452D79959-FollowerState] INFO  impl.FollowerState (FollowerState.java:run(134)) - e2c1372d-ab59-4fee-b127-9ad63fa8e982@group-144452D79959-FollowerState: change to CANDIDATE, lastRpcElapsedTime:5152138618ns, electionTimeout:5143ms
2022-03-11 10:49:45,908 [e2c1372d-ab59-4fee-b127-9ad63fa8e982@group-144452D79959-FollowerState] INFO  impl.RoleInfo (RoleInfo.java:shutdownFollowerState(108)) - e2c1372d-ab59-4fee-b127-9ad63fa8e982: shutdown e2c1372d-ab59-4fee-b127-9ad63fa8e982@group-144452D79959-FollowerState
2022-03-11 10:49:45,908 [e2c1372d-ab59-4fee-b127-9ad63fa8e982@group-144452D79959-FollowerState] INFO  server.RaftServer$Division (RaftServerImpl.java:setRole(290)) - e2c1372d-ab59-4fee-b127-9ad63fa8e982@group-144452D79959: changes role from  FOLLOWER to CANDIDATE at term 1 for changeToCandidate
2022-03-11 10:49:45,908 [e2c1372d-ab59-4fee-b127-9ad63fa8e982@group-144452D79959-FollowerState] INFO  server.RaftServerConfigKeys (ConfUtils.java:logGet(44)) - raft.server.leaderelection.pre-vote = false (custom)
2022-03-11 10:49:45,908 [e2c1372d-ab59-4fee-b127-9ad63fa8e982@group-144452D79959-FollowerState] INFO  impl.RoleInfo (RoleInfo.java:updateAndGet(130)) - e2c1372d-ab59-4fee-b127-9ad63fa8e982: start e2c1372d-ab59-4fee-b127-9ad63fa8e982@group-144452D79959-LeaderElection23
2022-03-11 10:49:45,910 [d142598b-b2fe-46f0-ba0a-461746a4d443@group-144452D79959-LeaderElection22] INFO  impl.LeaderElection (LeaderElection.java:askForVotes(306)) - d142598b-b2fe-46f0-ba0a-461746a4d443@group-144452D79959-LeaderElection22 ELECTION round 0: submit vote requests at term 2 for -1: [e8ecc9a4-fdb7-444b-927f-72a8ab104402|rpc:10.1.0.4:44341|priority:0, d142598b-b2fe-46f0-ba0a-461746a4d443|rpc:10.1.0.4:34883|priority:0, e2c1372d-ab59-4fee-b127-9ad63fa8e982|rpc:10.1.0.4:37387|priority:1], old=null
2022-03-11 10:49:45,921 [e2c1372d-ab59-4fee-b127-9ad63fa8e982@group-144452D79959-LeaderElection23] INFO  impl.LeaderElection (LeaderElection.java:askForVotes(306)) - e2c1372d-ab59-4fee-b127-9ad63fa8e982@group-144452D79959-LeaderElection23 ELECTION round 0: submit vote requests at term 2 for -1: [e8ecc9a4-fdb7-444b-927f-72a8ab104402|rpc:10.1.0.4:44341|dataStream:|priority:0, d142598b-b2fe-46f0-ba0a-461746a4d443|rpc:10.1.0.4:34883|dataStream:|priority:0, e2c1372d-ab59-4fee-b127-9ad63fa8e982|rpc:10.1.0.4:37387|dataStream:|priority:1], old=null
2022-03-11 10:49:45,922 [grpc-default-executor-3] INFO  server.RaftServer$Division (RaftServerImpl.java:requestVote(1046)) - e2c1372d-ab59-4fee-b127-9ad63fa8e982@group-144452D79959: receive requestVote(ELECTION, d142598b-b2fe-46f0-ba0a-461746a4d443, group-144452D79959, 2, (t:0, i:0))
2022-03-11 10:49:45,922 [grpc-default-executor-3] INFO  impl.VoteContext (VoteContext.java:log(48)) - e2c1372d-ab59-4fee-b127-9ad63fa8e982@group-144452D79959-CANDIDATE: reject ELECTION from d142598b-b2fe-46f0-ba0a-461746a4d443: already has voted for e2c1372d-ab59-4fee-b127-9ad63fa8e982 at current term 2
2022-03-11 10:49:45,922 [grpc-default-executor-3] INFO  server.RaftServer$Division (RaftServerImpl.java:requestVote(1078)) - e2c1372d-ab59-4fee-b127-9ad63fa8e982@group-144452D79959 replies to ELECTION vote request: d142598b-b2fe-46f0-ba0a-461746a4d443<-e2c1372d-ab59-4fee-b127-9ad63fa8e982#0:FAIL-t2. Peer's state: e2c1372d-ab59-4fee-b127-9ad63fa8e982@group-144452D79959:t2, leader=null, voted=e2c1372d-ab59-4fee-b127-9ad63fa8e982, raftlog=e2c1372d-ab59-4fee-b127-9ad63fa8e982@group-144452D79959-SegmentedRaftLog:OPENED:c-1, conf=-1: [e8ecc9a4-fdb7-444b-927f-72a8ab104402|rpc:10.1.0.4:44341|dataStream:|priority:0, d142598b-b2fe-46f0-ba0a-461746a4d443|rpc:10.1.0.4:34883|dataStream:|priority:0, e2c1372d-ab59-4fee-b127-9ad63fa8e982|rpc:10.1.0.4:37387|dataStream:|priority:1], old=null
2022-03-11 10:49:45,924 [e8ecc9a4-fdb7-444b-927f-72a8ab104402@group-144452D79959-FollowerState] INFO  impl.FollowerState (FollowerState.java:run(134)) - e8ecc9a4-fdb7-444b-927f-72a8ab104402@group-144452D79959-FollowerState: change to CANDIDATE, lastRpcElapsedTime:5166577379ns, electionTimeout:5164ms
2022-03-11 10:49:45,924 [e8ecc9a4-fdb7-444b-927f-72a8ab104402@group-144452D79959-FollowerState] INFO  impl.RoleInfo (RoleInfo.java:shutdownFollowerState(108)) - e8ecc9a4-fdb7-444b-927f-72a8ab104402: shutdown e8ecc9a4-fdb7-444b-927f-72a8ab104402@group-144452D79959-FollowerState
2022-03-11 10:49:45,924 [e8ecc9a4-fdb7-444b-927f-72a8ab104402@group-144452D79959-FollowerState] INFO  server.RaftServer$Division (RaftServerImpl.java:setRole(290)) - e8ecc9a4-fdb7-444b-927f-72a8ab104402@group-144452D79959: changes role from  FOLLOWER to CANDIDATE at term 1 for changeToCandidate
2022-03-11 10:49:45,936 [e8ecc9a4-fdb7-444b-927f-72a8ab104402@group-144452D79959-FollowerState] INFO  server.RaftServerConfigKeys (ConfUtils.java:logGet(44)) - raft.server.leaderelection.pre-vote = false (custom)
2022-03-11 10:49:45,936 [e8ecc9a4-fdb7-444b-927f-72a8ab104402@group-144452D79959-FollowerState] INFO  impl.RoleInfo (RoleInfo.java:updateAndGet(130)) - e8ecc9a4-fdb7-444b-927f-72a8ab104402: start e8ecc9a4-fdb7-444b-927f-72a8ab104402@group-144452D79959-LeaderElection24
2022-03-11 10:49:45,936 [grpc-default-executor-3] INFO  server.RaftServer$Division (RaftServerImpl.java:requestVote(1046)) - e8ecc9a4-fdb7-444b-927f-72a8ab104402@group-144452D79959: receive requestVote(ELECTION, d142598b-b2fe-46f0-ba0a-461746a4d443, group-144452D79959, 2, (t:0, i:0))
2022-03-11 10:49:45,943 [d142598b-b2fe-46f0-ba0a-461746a4d443@group-144452D79959-LeaderElection22] INFO  impl.LeaderElection (LeaderElection.java:logAndReturn(89)) - d142598b-b2fe-46f0-ba0a-461746a4d443@group-144452D79959-LeaderElection22: ELECTION REJECTED received 1 response(s) and 0 exception(s):
2022-03-11 10:49:45,943 [d142598b-b2fe-46f0-ba0a-461746a4d443@group-144452D79959-LeaderElection22] INFO  impl.LeaderElection (LeaderElection.java:logAndReturn(93)) -   Response 0: d142598b-b2fe-46f0-ba0a-461746a4d443<-e2c1372d-ab59-4fee-b127-9ad63fa8e982#0:FAIL-t2
2022-03-11 10:49:45,943 [d142598b-b2fe-46f0-ba0a-461746a4d443@group-144452D79959-LeaderElection22] INFO  impl.LeaderElection (LeaderElection.java:askForVotes(308)) - d142598b-b2fe-46f0-ba0a-461746a4d443@group-144452D79959-LeaderElection22 ELECTION round 0: result REJECTED
2022-03-11 10:49:45,947 [grpc-default-executor-3] INFO  impl.VoteContext (VoteContext.java:log(48)) - e8ecc9a4-fdb7-444b-927f-72a8ab104402@group-144452D79959-CANDIDATE: accept ELECTION from d142598b-b2fe-46f0-ba0a-461746a4d443: our priority 0 <= candidate's priority 0
2022-03-11 10:49:45,947 [grpc-default-executor-3] INFO  server.RaftServer$Division (RaftServerImpl.java:setRole(290)) - e8ecc9a4-fdb7-444b-927f-72a8ab104402@group-144452D79959: changes role from CANDIDATE to FOLLOWER at term 2 for candidate:d142598b-b2fe-46f0-ba0a-461746a4d443
2022-03-11 10:49:45,947 [grpc-default-executor-3] INFO  impl.RoleInfo (RoleInfo.java:shutdownLeaderElection(121)) - e8ecc9a4-fdb7-444b-927f-72a8ab104402: shutdown e8ecc9a4-fdb7-444b-927f-72a8ab104402@group-144452D79959-LeaderElection24
2022-03-11 10:49:45,947 [grpc-default-executor-0] INFO  server.RaftServer$Division (RaftServerImpl.java:requestVote(1046)) - d142598b-b2fe-46f0-ba0a-461746a4d443@group-144452D79959: receive requestVote(ELECTION, e2c1372d-ab59-4fee-b127-9ad63fa8e982, group-144452D79959, 2, (t:0, i:0))
2022-03-11 10:49:45,947 [grpc-default-executor-3] INFO  impl.RoleInfo (RoleInfo.java:updateAndGet(130)) - e8ecc9a4-fdb7-444b-927f-72a8ab104402: start e8ecc9a4-fdb7-444b-927f-72a8ab104402@group-144452D79959-FollowerState
2022-03-11 10:49:45,953 [d142598b-b2fe-46f0-ba0a-461746a4d443@group-144452D79959-LeaderElection22] INFO  server.RaftServer$Division (RaftServerImpl.java:setRole(290)) - d142598b-b2fe-46f0-ba0a-461746a4d443@group-144452D79959: changes role from CANDIDATE to FOLLOWER at term 2 for REJECTED
2022-03-11 10:49:45,954 [d142598b-b2fe-46f0-ba0a-461746a4d443@group-144452D79959-LeaderElection22] INFO  impl.RoleInfo (RoleInfo.java:shutdownLeaderElection(121)) - d142598b-b2fe-46f0-ba0a-461746a4d443: shutdown d142598b-b2fe-46f0-ba0a-461746a4d443@group-144452D79959-LeaderElection22
2022-03-11 10:49:45,954 [d142598b-b2fe-46f0-ba0a-461746a4d443@group-144452D79959-LeaderElection22] INFO  impl.RoleInfo (RoleInfo.java:updateAndGet(130)) - d142598b-b2fe-46f0-ba0a-461746a4d443: start d142598b-b2fe-46f0-ba0a-461746a4d443@group-144452D79959-FollowerState
2022-03-11 10:49:45,955 [grpc-default-executor-3] INFO  server.RaftServer$Division (RaftServerImpl.java:requestVote(1078)) - e8ecc9a4-fdb7-444b-927f-72a8ab104402@group-144452D79959 replies to ELECTION vote request: d142598b-b2fe-46f0-ba0a-461746a4d443<-e8ecc9a4-fdb7-444b-927f-72a8ab104402#0:OK-t2. Peer's state: e8ecc9a4-fdb7-444b-927f-72a8ab104402@group-144452D79959:t2, leader=null, voted=d142598b-b2fe-46f0-ba0a-461746a4d443, raftlog=e8ecc9a4-fdb7-444b-927f-72a8ab104402@group-144452D79959-SegmentedRaftLog:OPENED:c-1, conf=-1: [e8ecc9a4-fdb7-444b-927f-72a8ab104402|rpc:10.1.0.4:44341|dataStream:|priority:0, d142598b-b2fe-46f0-ba0a-461746a4d443|rpc:10.1.0.4:34883|dataStream:|priority:0, e2c1372d-ab59-4fee-b127-9ad63fa8e982|rpc:10.1.0.4:37387|dataStream:|priority:1], old=null
2022-03-11 10:49:45,960 [grpc-default-executor-0] INFO  impl.VoteContext (VoteContext.java:log(48)) - d142598b-b2fe-46f0-ba0a-461746a4d443@group-144452D79959-FOLLOWER: reject ELECTION from e2c1372d-ab59-4fee-b127-9ad63fa8e982: already has voted for d142598b-b2fe-46f0-ba0a-461746a4d443 at current term 2
2022-03-11 10:49:45,961 [grpc-default-executor-0] INFO  server.RaftServer$Division (RaftServerImpl.java:requestVote(1078)) - d142598b-b2fe-46f0-ba0a-461746a4d443@group-144452D79959 replies to ELECTION vote request: e2c1372d-ab59-4fee-b127-9ad63fa8e982<-d142598b-b2fe-46f0-ba0a-461746a4d443#0:FAIL-t2. Peer's state: d142598b-b2fe-46f0-ba0a-461746a4d443@group-144452D79959:t2, leader=null, voted=d142598b-b2fe-46f0-ba0a-461746a4d443, raftlog=d142598b-b2fe-46f0-ba0a-461746a4d443@group-144452D79959-SegmentedRaftLog:OPENED:c-1, conf=-1: [e8ecc9a4-fdb7-444b-927f-72a8ab104402|rpc:10.1.0.4:44341|priority:0, d142598b-b2fe-46f0-ba0a-461746a4d443|rpc:10.1.0.4:34883|priority:0, e2c1372d-ab59-4fee-b127-9ad63fa8e982|rpc:10.1.0.4:37387|priority:1], old=null
2022-03-11 10:49:45,967 [grpc-default-executor-0] INFO  server.RaftServer$Division (RaftServerImpl.java:requestVote(1046)) - e8ecc9a4-fdb7-444b-927f-72a8ab104402@group-144452D79959: receive requestVote(ELECTION, e2c1372d-ab59-4fee-b127-9ad63fa8e982, group-144452D79959, 2, (t:0, i:0))
2022-03-11 10:49:45,967 [grpc-default-executor-0] INFO  impl.VoteContext (VoteContext.java:log(48)) - e8ecc9a4-fdb7-444b-927f-72a8ab104402@group-144452D79959-FOLLOWER: reject ELECTION from e2c1372d-ab59-4fee-b127-9ad63fa8e982: already has voted for d142598b-b2fe-46f0-ba0a-461746a4d443 at current term 2
2022-03-11 10:49:45,968 [grpc-default-executor-0] INFO  server.RaftServer$Division (RaftServerImpl.java:requestVote(1078)) - e8ecc9a4-fdb7-444b-927f-72a8ab104402@group-144452D79959 replies to ELECTION vote request: e2c1372d-ab59-4fee-b127-9ad63fa8e982<-e8ecc9a4-fdb7-444b-927f-72a8ab104402#0:FAIL-t2. Peer's state: e8ecc9a4-fdb7-444b-927f-72a8ab104402@group-144452D79959:t2, leader=null, voted=d142598b-b2fe-46f0-ba0a-461746a4d443, raftlog=e8ecc9a4-fdb7-444b-927f-72a8ab104402@group-144452D79959-SegmentedRaftLog:OPENED:c-1, conf=-1: [e8ecc9a4-fdb7-444b-927f-72a8ab104402|rpc:10.1.0.4:44341|dataStream:|priority:0, d142598b-b2fe-46f0-ba0a-461746a4d443|rpc:10.1.0.4:34883|dataStream:|priority:0, e2c1372d-ab59-4fee-b127-9ad63fa8e982|rpc:10.1.0.4:37387|dataStream:|priority:1], old=null
2022-03-11 10:49:45,970 [e2c1372d-ab59-4fee-b127-9ad63fa8e982@group-144452D79959-LeaderElection23] INFO  impl.LeaderElection (LeaderElection.java:logAndReturn(89)) - e2c1372d-ab59-4fee-b127-9ad63fa8e982@group-144452D79959-LeaderElection23: ELECTION REJECTED received 2 response(s) and 0 exception(s):
2022-03-11 10:49:45,970 [e2c1372d-ab59-4fee-b127-9ad63fa8e982@group-144452D79959-LeaderElection23] INFO  impl.LeaderElection (LeaderElection.java:logAndReturn(93)) -   Response 0: e2c1372d-ab59-4fee-b127-9ad63fa8e982<-e8ecc9a4-fdb7-444b-927f-72a8ab104402#0:FAIL-t2
2022-03-11 10:49:45,970 [e2c1372d-ab59-4fee-b127-9ad63fa8e982@group-144452D79959-LeaderElection23] INFO  impl.LeaderElection (LeaderElection.java:logAndReturn(93)) -   Response 1: e2c1372d-ab59-4fee-b127-9ad63fa8e982<-d142598b-b2fe-46f0-ba0a-461746a4d443#0:FAIL-t2
2022-03-11 10:49:45,970 [e2c1372d-ab59-4fee-b127-9ad63fa8e982@group-144452D79959-LeaderElection23] INFO  impl.LeaderElection (LeaderElection.java:askForVotes(308)) - e2c1372d-ab59-4fee-b127-9ad63fa8e982@group-144452D79959-LeaderElection23 ELECTION round 0: result REJECTED
2022-03-11 10:49:45,970 [e2c1372d-ab59-4fee-b127-9ad63fa8e982@group-144452D79959-LeaderElection23] INFO  server.RaftServer$Division (RaftServerImpl.java:setRole(290)) - e2c1372d-ab59-4fee-b127-9ad63fa8e982@group-144452D79959: changes role from CANDIDATE to FOLLOWER at term 2 for REJECTED
2022-03-11 10:49:45,970 [e2c1372d-ab59-4fee-b127-9ad63fa8e982@group-144452D79959-LeaderElection23] INFO  impl.RoleInfo (RoleInfo.java:shutdownLeaderElection(121)) - e2c1372d-ab59-4fee-b127-9ad63fa8e982: shutdown e2c1372d-ab59-4fee-b127-9ad63fa8e982@group-144452D79959-LeaderElection23
2022-03-11 10:49:45,970 [e2c1372d-ab59-4fee-b127-9ad63fa8e982@group-144452D79959-LeaderElection23] INFO  impl.RoleInfo (RoleInfo.java:updateAndGet(130)) - e2c1372d-ab59-4fee-b127-9ad63fa8e982: start e2c1372d-ab59-4fee-b127-9ad63fa8e982@group-144452D79959-FollowerState
2022-03-11 10:49:46,067 [EventQueue-OpenPipelineForHealthyPipelineSafeModeRule] INFO  safemode.SCMSafeModeManager (HealthyPipelineSafeModeRule.java:process(124)) - SCM in safe mode. Healthy pipelines reported count is 0, required healthy pipeline reported count is 1
2022-03-11 10:49:46,280 [EventQueue-OpenPipelineForHealthyPipelineSafeModeRule] INFO  safemode.SCMSafeModeManager (HealthyPipelineSafeModeRule.java:process(124)) - SCM in safe mode. Healthy pipelines reported count is 0, required healthy pipeline reported count is 1
2022-03-11 10:49:46,362 [ReplicationMonitor] INFO  container.ReplicationManager (ReplicationManager.java:processAll(374)) - Replication Manager is not ready to run until 3000ms after safemode exit
2022-03-11 10:49:46,703 [ReplicationMonitor] INFO  container.ReplicationManager (ReplicationManager.java:processAll(387)) - Replication Monitor Thread took 0 milliseconds for processing 3 containers.
2022-03-11 10:49:46,752 [EventQueue-OpenPipelineForHealthyPipelineSafeModeRule] INFO  safemode.SCMSafeModeManager (HealthyPipelineSafeModeRule.java:process(124)) - SCM in safe mode. Healthy pipelines reported count is 0, required healthy pipeline reported count is 1
2022-03-11 10:49:46,809 [EventQueue-OpenPipelineForHealthyPipelineSafeModeRule] INFO  safemode.SCMSafeModeManager (HealthyPipelineSafeModeRule.java:process(124)) - SCM in safe mode. Healthy pipelines reported count is 0, required healthy pipeline reported count is 1
2022-03-11 10:49:46,849 [Listener at 127.0.0.1/32795] INFO  ozone.MiniOzoneClusterImpl (MiniOzoneClusterImpl.java:lambda$waitForClusterToBeReady$0(219)) - Nodes are ready. Got 6 of 6 DN Heartbeats.
2022-03-11 10:49:46,849 [Listener at 127.0.0.1/32795] INFO  ozone.MiniOzoneClusterImpl (MiniOzoneClusterImpl.java:lambda$waitForClusterToBeReady$0(222)) - Waiting for cluster to exit safe mode
2022-03-11 10:49:46,850 [Listener at 127.0.0.1/32795] INFO  ozone.MiniOzoneClusterImpl (MiniOzoneClusterImpl.java:lambda$waitForClusterToBeReady$0(224)) - SCM became leader
2022-03-11 10:49:47,107 [EventQueue-OpenPipelineForHealthyPipelineSafeModeRule] INFO  safemode.SCMSafeModeManager (HealthyPipelineSafeModeRule.java:process(124)) - SCM in safe mode. Healthy pipelines reported count is 0, required healthy pipeline reported count is 1
2022-03-11 10:49:47,190 [9f19d336-1974-497a-ae2d-7c3106a3707b@group-65BB9F4A6A20-FollowerState] INFO  impl.FollowerState (FollowerState.java:run(134)) - 9f19d336-1974-497a-ae2d-7c3106a3707b@group-65BB9F4A6A20-FollowerState: change to CANDIDATE, lastRpcElapsedTime:5039995416ns, electionTimeout:5031ms
2022-03-11 10:49:47,190 [9f19d336-1974-497a-ae2d-7c3106a3707b@group-65BB9F4A6A20-FollowerState] INFO  impl.RoleInfo (RoleInfo.java:shutdownFollowerState(108)) - 9f19d336-1974-497a-ae2d-7c3106a3707b: shutdown 9f19d336-1974-497a-ae2d-7c3106a3707b@group-65BB9F4A6A20-FollowerState
2022-03-11 10:49:47,190 [9f19d336-1974-497a-ae2d-7c3106a3707b@group-65BB9F4A6A20-FollowerState] INFO  server.RaftServer$Division (RaftServerImpl.java:setRole(290)) - 9f19d336-1974-497a-ae2d-7c3106a3707b@group-65BB9F4A6A20: changes role from  FOLLOWER to CANDIDATE at term 1 for changeToCandidate
2022-03-11 10:49:47,190 [9f19d336-1974-497a-ae2d-7c3106a3707b@group-65BB9F4A6A20-FollowerState] INFO  server.RaftServerConfigKeys (ConfUtils.java:logGet(44)) - raft.server.leaderelection.pre-vote = false (custom)
2022-03-11 10:49:47,191 [9f19d336-1974-497a-ae2d-7c3106a3707b@group-65BB9F4A6A20-FollowerState] INFO  impl.RoleInfo (RoleInfo.java:updateAndGet(130)) - 9f19d336-1974-497a-ae2d-7c3106a3707b: start 9f19d336-1974-497a-ae2d-7c3106a3707b@group-65BB9F4A6A20-LeaderElection25
2022-03-11 10:49:47,194 [9f19d336-1974-497a-ae2d-7c3106a3707b@group-65BB9F4A6A20-LeaderElection25] INFO  impl.LeaderElection (LeaderElection.java:askForVotes(306)) - 9f19d336-1974-497a-ae2d-7c3106a3707b@group-65BB9F4A6A20-LeaderElection25 ELECTION round 0: submit vote requests at term 2 for -1: [9f19d336-1974-497a-ae2d-7c3106a3707b|rpc:10.1.0.4:42835|dataStream:|priority:1, 7d731325-8a9a-4339-8945-d516f5c771ba|rpc:10.1.0.4:40061|dataStream:|priority:0, f8dfa1df-1adf-42a0-846b-31040712e3d8|rpc:10.1.0.4:44285|dataStream:|priority:0], old=null
2022-03-11 10:49:47,204 [f8dfa1df-1adf-42a0-846b-31040712e3d8@group-65BB9F4A6A20-FollowerState] INFO  impl.FollowerState (FollowerState.java:run(134)) - f8dfa1df-1adf-42a0-846b-31040712e3d8@group-65BB9F4A6A20-FollowerState: change to CANDIDATE, lastRpcElapsedTime:5042677646ns, electionTimeout:5038ms
2022-03-11 10:49:47,204 [f8dfa1df-1adf-42a0-846b-31040712e3d8@group-65BB9F4A6A20-FollowerState] INFO  impl.RoleInfo (RoleInfo.java:shutdownFollowerState(108)) - f8dfa1df-1adf-42a0-846b-31040712e3d8: shutdown f8dfa1df-1adf-42a0-846b-31040712e3d8@group-65BB9F4A6A20-FollowerState
2022-03-11 10:49:47,204 [f8dfa1df-1adf-42a0-846b-31040712e3d8@group-65BB9F4A6A20-FollowerState] INFO  server.RaftServer$Division (RaftServerImpl.java:setRole(290)) - f8dfa1df-1adf-42a0-846b-31040712e3d8@group-65BB9F4A6A20: changes role from  FOLLOWER to CANDIDATE at term 1 for changeToCandidate
2022-03-11 10:49:47,204 [f8dfa1df-1adf-42a0-846b-31040712e3d8@group-65BB9F4A6A20-FollowerState] INFO  server.RaftServerConfigKeys (ConfUtils.java:logGet(44)) - raft.server.leaderelection.pre-vote = false (custom)
2022-03-11 10:49:47,205 [f8dfa1df-1adf-42a0-846b-31040712e3d8@group-65BB9F4A6A20-FollowerState] INFO  impl.RoleInfo (RoleInfo.java:updateAndGet(130)) - f8dfa1df-1adf-42a0-846b-31040712e3d8: start f8dfa1df-1adf-42a0-846b-31040712e3d8@group-65BB9F4A6A20-LeaderElection26
2022-03-11 10:49:47,214 [f8dfa1df-1adf-42a0-846b-31040712e3d8@group-65BB9F4A6A20-LeaderElection26] INFO  impl.LeaderElection (LeaderElection.java:askForVotes(306)) - f8dfa1df-1adf-42a0-846b-31040712e3d8@group-65BB9F4A6A20-LeaderElection26 ELECTION round 0: submit vote requests at term 2 for -1: [9f19d336-1974-497a-ae2d-7c3106a3707b|rpc:10.1.0.4:42835|dataStream:|priority:1, 7d731325-8a9a-4339-8945-d516f5c771ba|rpc:10.1.0.4:40061|dataStream:|priority:0, f8dfa1df-1adf-42a0-846b-31040712e3d8|rpc:10.1.0.4:44285|dataStream:|priority:0], old=null
2022-03-11 10:49:47,224 [grpc-default-executor-3] INFO  server.RaftServer$Division (RaftServerImpl.java:requestVote(1046)) - 7d731325-8a9a-4339-8945-d516f5c771ba@group-65BB9F4A6A20: receive requestVote(ELECTION, 9f19d336-1974-497a-ae2d-7c3106a3707b, group-65BB9F4A6A20, 2, (t:0, i:0))
2022-03-11 10:49:47,224 [grpc-default-executor-3] INFO  impl.VoteContext (VoteContext.java:log(48)) - 7d731325-8a9a-4339-8945-d516f5c771ba@group-65BB9F4A6A20-FOLLOWER: accept ELECTION from 9f19d336-1974-497a-ae2d-7c3106a3707b: our priority 0 <= candidate's priority 1
2022-03-11 10:49:47,224 [grpc-default-executor-3] INFO  server.RaftServer$Division (RaftServerImpl.java:setRole(290)) - 7d731325-8a9a-4339-8945-d516f5c771ba@group-65BB9F4A6A20: changes role from  FOLLOWER to FOLLOWER at term 2 for candidate:9f19d336-1974-497a-ae2d-7c3106a3707b
2022-03-11 10:49:47,224 [grpc-default-executor-3] INFO  impl.RoleInfo (RoleInfo.java:shutdownFollowerState(108)) - 7d731325-8a9a-4339-8945-d516f5c771ba: shutdown 7d731325-8a9a-4339-8945-d516f5c771ba@group-65BB9F4A6A20-FollowerState
2022-03-11 10:49:47,224 [grpc-default-executor-0] INFO  server.RaftServer$Division (RaftServerImpl.java:requestVote(1046)) - f8dfa1df-1adf-42a0-846b-31040712e3d8@group-65BB9F4A6A20: receive requestVote(ELECTION, 9f19d336-1974-497a-ae2d-7c3106a3707b, group-65BB9F4A6A20, 2, (t:0, i:0))
2022-03-11 10:49:47,224 [grpc-default-executor-0] INFO  impl.VoteContext (VoteContext.java:log(48)) - f8dfa1df-1adf-42a0-846b-31040712e3d8@group-65BB9F4A6A20-CANDIDATE: reject ELECTION from 9f19d336-1974-497a-ae2d-7c3106a3707b: already has voted for f8dfa1df-1adf-42a0-846b-31040712e3d8 at current term 2
2022-03-11 10:49:47,224 [grpc-default-executor-0] INFO  server.RaftServer$Division (RaftServerImpl.java:requestVote(1078)) - f8dfa1df-1adf-42a0-846b-31040712e3d8@group-65BB9F4A6A20 replies to ELECTION vote request: 9f19d336-1974-497a-ae2d-7c3106a3707b<-f8dfa1df-1adf-42a0-846b-31040712e3d8#0:FAIL-t2. Peer's state: f8dfa1df-1adf-42a0-846b-31040712e3d8@group-65BB9F4A6A20:t2, leader=null, voted=f8dfa1df-1adf-42a0-846b-31040712e3d8, raftlog=f8dfa1df-1adf-42a0-846b-31040712e3d8@group-65BB9F4A6A20-SegmentedRaftLog:OPENED:c-1, conf=-1: [9f19d336-1974-497a-ae2d-7c3106a3707b|rpc:10.1.0.4:42835|dataStream:|priority:1, 7d731325-8a9a-4339-8945-d516f5c771ba|rpc:10.1.0.4:40061|dataStream:|priority:0, f8dfa1df-1adf-42a0-846b-31040712e3d8|rpc:10.1.0.4:44285|dataStream:|priority:0], old=null
2022-03-11 10:49:47,227 [grpc-default-executor-3] INFO  impl.RoleInfo (RoleInfo.java:updateAndGet(130)) - 7d731325-8a9a-4339-8945-d516f5c771ba: start 7d731325-8a9a-4339-8945-d516f5c771ba@group-65BB9F4A6A20-FollowerState
2022-03-11 10:49:47,228 [7d731325-8a9a-4339-8945-d516f5c771ba@group-65BB9F4A6A20-FollowerState] INFO  impl.FollowerState (FollowerState.java:run(143)) - 7d731325-8a9a-4339-8945-d516f5c771ba@group-65BB9F4A6A20-FollowerState was interrupted: {}
java.lang.InterruptedException: sleep interrupted
	at java.lang.Thread.sleep(Native Method)
	at java.lang.Thread.sleep(Thread.java:342)
	at java.util.concurrent.TimeUnit.sleep(TimeUnit.java:386)
	at org.apache.ratis.util.TimeDuration.sleep(TimeDuration.java:324)
	at org.apache.ratis.util.TimeDuration.sleep(TimeDuration.java:309)
	at org.apache.ratis.server.impl.FollowerState.run(FollowerState.java:118)
2022-03-11 10:49:47,229 [grpc-default-executor-3] INFO  server.RaftServer$Division (RaftServerImpl.java:requestVote(1078)) - 7d731325-8a9a-4339-8945-d516f5c771ba@group-65BB9F4A6A20 replies to ELECTION vote request: 9f19d336-1974-497a-ae2d-7c3106a3707b<-7d731325-8a9a-4339-8945-d516f5c771ba#0:OK-t2. Peer's state: 7d731325-8a9a-4339-8945-d516f5c771ba@group-65BB9F4A6A20:t2, leader=null, voted=9f19d336-1974-497a-ae2d-7c3106a3707b, raftlog=7d731325-8a9a-4339-8945-d516f5c771ba@group-65BB9F4A6A20-SegmentedRaftLog:OPENED:c-1, conf=-1: [9f19d336-1974-497a-ae2d-7c3106a3707b|rpc:10.1.0.4:42835|priority:1, 7d731325-8a9a-4339-8945-d516f5c771ba|rpc:10.1.0.4:40061|priority:0, f8dfa1df-1adf-42a0-846b-31040712e3d8|rpc:10.1.0.4:44285|priority:0], old=null
2022-03-11 10:49:47,236 [9f19d336-1974-497a-ae2d-7c3106a3707b@group-65BB9F4A6A20-LeaderElection25] INFO  impl.LeaderElection (LeaderElection.java:logAndReturn(89)) - 9f19d336-1974-497a-ae2d-7c3106a3707b@group-65BB9F4A6A20-LeaderElection25: ELECTION PASSED received 2 response(s) and 0 exception(s):
2022-03-11 10:49:47,236 [9f19d336-1974-497a-ae2d-7c3106a3707b@group-65BB9F4A6A20-LeaderElection25] INFO  impl.LeaderElection (LeaderElection.java:logAndReturn(93)) -   Response 0: 9f19d336-1974-497a-ae2d-7c3106a3707b<-f8dfa1df-1adf-42a0-846b-31040712e3d8#0:FAIL-t2
2022-03-11 10:49:47,236 [9f19d336-1974-497a-ae2d-7c3106a3707b@group-65BB9F4A6A20-LeaderElection25] INFO  impl.LeaderElection (LeaderElection.java:logAndReturn(93)) -   Response 1: 9f19d336-1974-497a-ae2d-7c3106a3707b<-7d731325-8a9a-4339-8945-d516f5c771ba#0:OK-t2
2022-03-11 10:49:47,236 [9f19d336-1974-497a-ae2d-7c3106a3707b@group-65BB9F4A6A20-LeaderElection25] INFO  impl.LeaderElection (LeaderElection.java:askForVotes(308)) - 9f19d336-1974-497a-ae2d-7c3106a3707b@group-65BB9F4A6A20-LeaderElection25 ELECTION round 0: result PASSED
2022-03-11 10:49:47,236 [9f19d336-1974-497a-ae2d-7c3106a3707b@group-65BB9F4A6A20-LeaderElection25] INFO  impl.RoleInfo (RoleInfo.java:shutdownLeaderElection(121)) - 9f19d336-1974-497a-ae2d-7c3106a3707b: shutdown 9f19d336-1974-497a-ae2d-7c3106a3707b@group-65BB9F4A6A20-LeaderElection25
2022-03-11 10:49:47,236 [9f19d336-1974-497a-ae2d-7c3106a3707b@group-65BB9F4A6A20-LeaderElection25] INFO  server.RaftServer$Division (RaftServerImpl.java:setRole(290)) - 9f19d336-1974-497a-ae2d-7c3106a3707b@group-65BB9F4A6A20: changes role from CANDIDATE to LEADER at term 2 for changeToLeader
2022-03-11 10:49:47,236 [9f19d336-1974-497a-ae2d-7c3106a3707b@group-65BB9F4A6A20-LeaderElection25] INFO  ratis.XceiverServerRatis (XceiverServerRatis.java:handleLeaderChangedNotification(867)) - Leader change notification received for group: group-65BB9F4A6A20 with new leaderId: 9f19d336-1974-497a-ae2d-7c3106a3707b
2022-03-11 10:49:47,236 [9f19d336-1974-497a-ae2d-7c3106a3707b@group-65BB9F4A6A20-LeaderElection25] INFO  server.RaftServer$Division (ServerState.java:setLeader(285)) - 9f19d336-1974-497a-ae2d-7c3106a3707b@group-65BB9F4A6A20: change Leader from null to 9f19d336-1974-497a-ae2d-7c3106a3707b at term 2 for becomeLeader, leader elected after 10162ms
2022-03-11 10:49:47,236 [9f19d336-1974-497a-ae2d-7c3106a3707b@group-65BB9F4A6A20-LeaderElection25] INFO  server.RaftServerConfigKeys (ConfUtils.java:logGet(44)) - raft.server.staging.catchup.gap = 1000 (default)
2022-03-11 10:49:47,237 [9f19d336-1974-497a-ae2d-7c3106a3707b@group-65BB9F4A6A20-LeaderElection25] INFO  server.RaftServerConfigKeys (ConfUtils.java:logGet(44)) - raft.server.write.element-limit = 1024 (custom)
2022-03-11 10:49:47,237 [9f19d336-1974-497a-ae2d-7c3106a3707b@group-65BB9F4A6A20-LeaderElection25] INFO  server.RaftServerConfigKeys (ConfUtils.java:logGet(44)) - raft.server.write.byte-limit = 1024 M (=1073741824) (custom)
2022-03-11 10:49:47,237 [9f19d336-1974-497a-ae2d-7c3106a3707b@group-65BB9F4A6A20-LeaderElection25] INFO  server.RaftServerConfigKeys (ConfUtils.java:logGet(44)) - raft.server.watch.timeout = 180s (custom)
2022-03-11 10:49:47,237 [9f19d336-1974-497a-ae2d-7c3106a3707b@group-65BB9F4A6A20-LeaderElection25] INFO  server.RaftServerConfigKeys (ConfUtils.java:logGet(44)) - raft.server.watch.timeout.denomination = 1s (default)
2022-03-11 10:49:47,237 [9f19d336-1974-497a-ae2d-7c3106a3707b@group-65BB9F4A6A20-LeaderElection25] INFO  server.RaftServerConfigKeys (ConfUtils.java:logGet(44)) - raft.server.watch.element-limit = 65536 (default)
2022-03-11 10:49:47,237 [9f19d336-1974-497a-ae2d-7c3106a3707b@group-65BB9F4A6A20-LeaderElection25] INFO  server.RaftServerConfigKeys (ConfUtils.java:logGet(44)) - raft.server.write.element-limit = 1024 (custom)
2022-03-11 10:49:47,237 [9f19d336-1974-497a-ae2d-7c3106a3707b@group-65BB9F4A6A20-LeaderElection25] INFO  server.RaftServerConfigKeys (ConfUtils.java:logGet(44)) - raft.server.write.follower.gap.ratio.max = -1.0 (default)
2022-03-11 10:49:47,237 [9f19d336-1974-497a-ae2d-7c3106a3707b@group-65BB9F4A6A20-LeaderElection25] INFO  server.RaftServerConfigKeys (ConfUtils.java:logGet(44)) - raft.server.log.appender.snapshot.chunk.size.max = 16MB (=16777216) (default)
2022-03-11 10:49:47,237 [9f19d336-1974-497a-ae2d-7c3106a3707b@group-65BB9F4A6A20-LeaderElection25] INFO  server.RaftServerConfigKeys (ConfUtils.java:logGet(44)) - raft.server.log.appender.buffer.byte-limit = 33554432 (custom)
2022-03-11 10:49:47,237 [9f19d336-1974-497a-ae2d-7c3106a3707b@group-65BB9F4A6A20-LeaderElection25] INFO  server.RaftServerConfigKeys (ConfUtils.java:logGet(44)) - raft.server.log.appender.buffer.element-limit = 1 (custom)
2022-03-11 10:49:47,237 [9f19d336-1974-497a-ae2d-7c3106a3707b@group-65BB9F4A6A20-LeaderElection25] INFO  grpc.GrpcConfigKeys (ConfUtils.java:logGet(44)) - raft.grpc.server.leader.outstanding.appends.max = 128 (default)
2022-03-11 10:49:47,238 [9f19d336-1974-497a-ae2d-7c3106a3707b@group-65BB9F4A6A20-LeaderElection25] INFO  server.RaftServerConfigKeys (ConfUtils.java:logGet(44)) - raft.server.rpc.request.timeout = 60s (custom)
2022-03-11 10:49:47,238 [9f19d336-1974-497a-ae2d-7c3106a3707b@group-65BB9F4A6A20-LeaderElection25] INFO  server.RaftServerConfigKeys (ConfUtils.java:logGet(44)) - raft.server.log.appender.install.snapshot.enabled = false (custom)
2022-03-11 10:49:47,240 [EventQueue-PipelineReportForPipelineReportHandler] INFO  pipeline.PipelineManagerImpl (PipelineManagerImpl.java:openPipeline(291)) - Pipeline Pipeline[ Id: ea3c26b7-031f-48a2-a3a0-65bb9f4a6a20, Nodes: 7d731325-8a9a-4339-8945-d516f5c771ba{ip: 10.1.0.4, host: fv-az184-17.3ow45vhwbzuu5incsxmygykede.cx.internal.cloudapp.net, ports: [REPLICATION=38531, RATIS=40061, RATIS_ADMIN=40061, RATIS_SERVER=40061, STANDALONE=43627], networkLocation: /default-rack, certSerialId: null, persistedOpState: IN_SERVICE, persistedOpStateExpiryEpochSec: 0}9f19d336-1974-497a-ae2d-7c3106a3707b{ip: 10.1.0.4, host: fv-az184-17.3ow45vhwbzuu5incsxmygykede.cx.internal.cloudapp.net, ports: [REPLICATION=38973, RATIS=42835, RATIS_ADMIN=42835, RATIS_SERVER=42835, STANDALONE=46211], networkLocation: /default-rack, certSerialId: null, persistedOpState: IN_SERVICE, persistedOpStateExpiryEpochSec: 0}f8dfa1df-1adf-42a0-846b-31040712e3d8{ip: 10.1.0.4, host: fv-az184-17.3ow45vhwbzuu5incsxmygykede.cx.internal.cloudapp.net, ports: [REPLICATION=43693, RATIS=44285, RATIS_ADMIN=44285, RATIS_SERVER=44285, STANDALONE=42375], networkLocation: /default-rack, certSerialId: null, persistedOpState: IN_SERVICE, persistedOpStateExpiryEpochSec: 0}, ReplicationConfig: RATIS/THREE, State:ALLOCATED, leaderId:9f19d336-1974-497a-ae2d-7c3106a3707b, CreationTimestamp2022-03-11T10:49:34.853Z[Etc/UTC]] moved to OPEN state
2022-03-11 10:49:47,240 [9f19d336-1974-497a-ae2d-7c3106a3707b@group-65BB9F4A6A20-LeaderElection25] INFO  server.RaftServerConfigKeys (ConfUtils.java:logGet(44)) - raft.server.log.appender.snapshot.chunk.size.max = 16MB (=16777216) (default)
2022-03-11 10:49:47,240 [9f19d336-1974-497a-ae2d-7c3106a3707b@group-65BB9F4A6A20-LeaderElection25] INFO  server.RaftServerConfigKeys (ConfUtils.java:logGet(44)) - raft.server.log.appender.buffer.byte-limit = 33554432 (custom)
2022-03-11 10:49:47,240 [EventQueue-OpenPipelineForHealthyPipelineSafeModeRule] INFO  safemode.SCMSafeModeManager (HealthyPipelineSafeModeRule.java:process(124)) - SCM in safe mode. Healthy pipelines reported count is 1, required healthy pipeline reported count is 1
2022-03-11 10:49:47,241 [EventQueue-OpenPipelineForHealthyPipelineSafeModeRule] INFO  safemode.SCMSafeModeManager (SCMSafeModeManager.java:validateSafeModeExitRules(204)) - HealthyPipelineSafeModeRule rule is successfully validated
2022-03-11 10:49:47,241 [EventQueue-OpenPipelineForHealthyPipelineSafeModeRule] INFO  safemode.SCMSafeModeManager (SCMSafeModeManager.java:validateSafeModeExitRules(219)) - ScmSafeModeManager, all rules are successfully validated
2022-03-11 10:49:47,241 [EventQueue-OpenPipelineForHealthyPipelineSafeModeRule] INFO  safemode.SCMSafeModeManager (SCMSafeModeManager.java:exitSafeMode(248)) - SCM exiting safe mode.
2022-03-11 10:49:47,241 [EventQueue-OpenPipelineForHealthyPipelineSafeModeRule] WARN  events.EventQueue (EventQueue.java:fireEvent(194)) - No event handler registered for event TypedEvent{payloadType=SafeModeStatus, name='Safe mode status'}
2022-03-11 10:49:47,241 [EventQueue-OpenPipelineForHealthyPipelineSafeModeRule] INFO  ha.SCMContext (SCMContext.java:updateSafeModeStatus(211)) - Update SafeModeStatus from SafeModeStatus{safeModeStatus=true, preCheckPassed=true} to SafeModeStatus{safeModeStatus=false, preCheckPassed=true}.
2022-03-11 10:49:47,241 [EventQueue-OpenPipelineForHealthyPipelineSafeModeRule] INFO  pipeline.BackgroundPipelineCreator (BackgroundPipelineCreator.java:notifyStatusChanged(264)) - Service BackgroundPipelineCreator transitions to RUNNING.
2022-03-11 10:49:47,241 [EventQueue-OpenPipelineForHealthyPipelineSafeModeRule] INFO  container.ReplicationManager (ReplicationManager.java:notifyStatusChanged(1807)) - Service ReplicationManager transitions to RUNNING.
2022-03-11 10:49:47,240 [9f19d336-1974-497a-ae2d-7c3106a3707b@group-65BB9F4A6A20-LeaderElection25] INFO  server.RaftServerConfigKeys (ConfUtils.java:logGet(44)) - raft.server.log.appender.buffer.element-limit = 1 (custom)
2022-03-11 10:49:47,241 [9f19d336-1974-497a-ae2d-7c3106a3707b@group-65BB9F4A6A20-LeaderElection25] INFO  grpc.GrpcConfigKeys (ConfUtils.java:logGet(44)) - raft.grpc.server.leader.outstanding.appends.max = 128 (default)
2022-03-11 10:49:47,241 [9f19d336-1974-497a-ae2d-7c3106a3707b@group-65BB9F4A6A20-LeaderElection25] INFO  server.RaftServerConfigKeys (ConfUtils.java:logGet(44)) - raft.server.rpc.request.timeout = 60s (custom)
2022-03-11 10:49:47,241 [9f19d336-1974-497a-ae2d-7c3106a3707b@group-65BB9F4A6A20-LeaderElection25] INFO  server.RaftServerConfigKeys (ConfUtils.java:logGet(44)) - raft.server.log.appender.install.snapshot.enabled = false (custom)
2022-03-11 10:49:47,243 [9f19d336-1974-497a-ae2d-7c3106a3707b@group-65BB9F4A6A20-LeaderElection25] INFO  impl.RoleInfo (RoleInfo.java:updateAndGet(130)) - 9f19d336-1974-497a-ae2d-7c3106a3707b: start 9f19d336-1974-497a-ae2d-7c3106a3707b@group-65BB9F4A6A20-LeaderStateImpl
2022-03-11 10:49:47,243 [9f19d336-1974-497a-ae2d-7c3106a3707b@group-65BB9F4A6A20-LeaderElection25] INFO  segmented.SegmentedRaftLogWorker (SegmentedRaftLogWorker.java:startLogSegment(394)) - 9f19d336-1974-497a-ae2d-7c3106a3707b@group-65BB9F4A6A20-SegmentedRaftLogWorker: Starting segment from index:0
2022-03-11 10:49:47,244 [grpc-default-executor-3] INFO  server.RaftServer$Division (RaftServerImpl.java:requestVote(1046)) - 7d731325-8a9a-4339-8945-d516f5c771ba@group-65BB9F4A6A20: receive requestVote(ELECTION, f8dfa1df-1adf-42a0-846b-31040712e3d8, group-65BB9F4A6A20, 2, (t:0, i:0))
2022-03-11 10:49:47,244 [grpc-default-executor-3] INFO  impl.VoteContext (VoteContext.java:log(48)) - 7d731325-8a9a-4339-8945-d516f5c771ba@group-65BB9F4A6A20-FOLLOWER: reject ELECTION from f8dfa1df-1adf-42a0-846b-31040712e3d8: already has voted for 9f19d336-1974-497a-ae2d-7c3106a3707b at current term 2
2022-03-11 10:49:47,244 [grpc-default-executor-3] INFO  server.RaftServer$Division (RaftServerImpl.java:requestVote(1078)) - 7d731325-8a9a-4339-8945-d516f5c771ba@group-65BB9F4A6A20 replies to ELECTION vote request: f8dfa1df-1adf-42a0-846b-31040712e3d8<-7d731325-8a9a-4339-8945-d516f5c771ba#0:FAIL-t2. Peer's state: 7d731325-8a9a-4339-8945-d516f5c771ba@group-65BB9F4A6A20:t2, leader=null, voted=9f19d336-1974-497a-ae2d-7c3106a3707b, raftlog=7d731325-8a9a-4339-8945-d516f5c771ba@group-65BB9F4A6A20-SegmentedRaftLog:OPENED:c-1, conf=-1: [9f19d336-1974-497a-ae2d-7c3106a3707b|rpc:10.1.0.4:42835|priority:1, 7d731325-8a9a-4339-8945-d516f5c771ba|rpc:10.1.0.4:40061|priority:0, f8dfa1df-1adf-42a0-846b-31040712e3d8|rpc:10.1.0.4:44285|priority:0], old=null
2022-03-11 10:49:47,245 [9f19d336-1974-497a-ae2d-7c3106a3707b@group-65BB9F4A6A20-SegmentedRaftLogWorker] INFO  segmented.SegmentedRaftLogWorker (SegmentedRaftLogWorker.java:execute(601)) - 9f19d336-1974-497a-ae2d-7c3106a3707b@group-65BB9F4A6A20-SegmentedRaftLogWorker: created new log segment /home/runner/work/ozone/ozone/hadoop-ozone/integration-test/target/test-dir/MiniOzoneClusterImpl-7b69f8db-d4e2-4de8-91fb-18008de01126/datanode-5/data/ratis/ea3c26b7-031f-48a2-a3a0-65bb9f4a6a20/current/log_inprogress_0
2022-03-11 10:49:47,257 [grpc-default-executor-3] INFO  server.RaftServer$Division (RaftServerImpl.java:requestVote(1046)) - 9f19d336-1974-497a-ae2d-7c3106a3707b@group-65BB9F4A6A20: receive requestVote(ELECTION, f8dfa1df-1adf-42a0-846b-31040712e3d8, group-65BB9F4A6A20, 2, (t:0, i:0))
2022-03-11 10:49:47,257 [9f19d336-1974-497a-ae2d-7c3106a3707b@group-65BB9F4A6A20-LeaderElection25] INFO  server.RaftServer$Division (ServerState.java:setRaftConf(387)) - 9f19d336-1974-497a-ae2d-7c3106a3707b@group-65BB9F4A6A20: set configuration 0: [9f19d336-1974-497a-ae2d-7c3106a3707b|rpc:10.1.0.4:42835|dataStream:|priority:1, 7d731325-8a9a-4339-8945-d516f5c771ba|rpc:10.1.0.4:40061|dataStream:|priority:0, f8dfa1df-1adf-42a0-846b-31040712e3d8|rpc:10.1.0.4:44285|dataStream:|priority:0], old=null
2022-03-11 10:49:47,258 [grpc-default-executor-3] INFO  impl.VoteContext (VoteContext.java:log(48)) - 9f19d336-1974-497a-ae2d-7c3106a3707b@group-65BB9F4A6A20-LEADER: reject ELECTION from f8dfa1df-1adf-42a0-846b-31040712e3d8: already has voted for 9f19d336-1974-497a-ae2d-7c3106a3707b at current term 2
2022-03-11 10:49:47,258 [grpc-default-executor-3] INFO  server.RaftServer$Division (RaftServerImpl.java:requestVote(1078)) - 9f19d336-1974-497a-ae2d-7c3106a3707b@group-65BB9F4A6A20 replies to ELECTION vote request: f8dfa1df-1adf-42a0-846b-31040712e3d8<-9f19d336-1974-497a-ae2d-7c3106a3707b#0:FAIL-t2. Peer's state: 9f19d336-1974-497a-ae2d-7c3106a3707b@group-65BB9F4A6A20:t2, leader=9f19d336-1974-497a-ae2d-7c3106a3707b, voted=9f19d336-1974-497a-ae2d-7c3106a3707b, raftlog=9f19d336-1974-497a-ae2d-7c3106a3707b@group-65BB9F4A6A20-SegmentedRaftLog:OPENED:c-1, conf=0: [9f19d336-1974-497a-ae2d-7c3106a3707b|rpc:10.1.0.4:42835|dataStream:|priority:1, 7d731325-8a9a-4339-8945-d516f5c771ba|rpc:10.1.0.4:40061|dataStream:|priority:0, f8dfa1df-1adf-42a0-846b-31040712e3d8|rpc:10.1.0.4:44285|dataStream:|priority:0], old=null
2022-03-11 10:49:47,274 [f8dfa1df-1adf-42a0-846b-31040712e3d8@group-65BB9F4A6A20-LeaderElection26] INFO  impl.LeaderElection (LeaderElection.java:logAndReturn(89)) - f8dfa1df-1adf-42a0-846b-31040712e3d8@group-65BB9F4A6A20-LeaderElection26: ELECTION REJECTED received 2 response(s) and 0 exception(s):
2022-03-11 10:49:47,275 [f8dfa1df-1adf-42a0-846b-31040712e3d8@group-65BB9F4A6A20-LeaderElection26] INFO  impl.LeaderElection (LeaderElection.java:logAndReturn(93)) -   Response 0: f8dfa1df-1adf-42a0-846b-31040712e3d8<-9f19d336-1974-497a-ae2d-7c3106a3707b#0:FAIL-t2
2022-03-11 10:49:47,275 [f8dfa1df-1adf-42a0-846b-31040712e3d8@group-65BB9F4A6A20-LeaderElection26] INFO  impl.LeaderElection (LeaderElection.java:logAndReturn(93)) -   Response 1: f8dfa1df-1adf-42a0-846b-31040712e3d8<-7d731325-8a9a-4339-8945-d516f5c771ba#0:FAIL-t2
2022-03-11 10:49:47,275 [f8dfa1df-1adf-42a0-846b-31040712e3d8@group-65BB9F4A6A20-LeaderElection26] INFO  impl.LeaderElection (LeaderElection.java:askForVotes(308)) - f8dfa1df-1adf-42a0-846b-31040712e3d8@group-65BB9F4A6A20-LeaderElection26 ELECTION round 0: result REJECTED
2022-03-11 10:49:47,275 [f8dfa1df-1adf-42a0-846b-31040712e3d8@group-65BB9F4A6A20-LeaderElection26] INFO  server.RaftServer$Division (RaftServerImpl.java:setRole(290)) - f8dfa1df-1adf-42a0-846b-31040712e3d8@group-65BB9F4A6A20: changes role from CANDIDATE to FOLLOWER at term 2 for REJECTED
2022-03-11 10:49:47,275 [f8dfa1df-1adf-42a0-846b-31040712e3d8@group-65BB9F4A6A20-LeaderElection26] INFO  impl.RoleInfo (RoleInfo.java:shutdownLeaderElection(121)) - f8dfa1df-1adf-42a0-846b-31040712e3d8: shutdown f8dfa1df-1adf-42a0-846b-31040712e3d8@group-65BB9F4A6A20-LeaderElection26
2022-03-11 10:49:47,275 [f8dfa1df-1adf-42a0-846b-31040712e3d8@group-65BB9F4A6A20-LeaderElection26] INFO  impl.RoleInfo (RoleInfo.java:updateAndGet(130)) - f8dfa1df-1adf-42a0-846b-31040712e3d8: start f8dfa1df-1adf-42a0-846b-31040712e3d8@group-65BB9F4A6A20-FollowerState
2022-03-11 10:49:47,285 [grpc-default-executor-3] INFO  ratis.XceiverServerRatis (XceiverServerRatis.java:handleLeaderChangedNotification(867)) - Leader change notification received for group: group-65BB9F4A6A20 with new leaderId: 9f19d336-1974-497a-ae2d-7c3106a3707b
2022-03-11 10:49:47,285 [grpc-default-executor-3] INFO  server.RaftServer$Division (ServerState.java:setLeader(285)) - f8dfa1df-1adf-42a0-846b-31040712e3d8@group-65BB9F4A6A20: change Leader from null to 9f19d336-1974-497a-ae2d-7c3106a3707b at term 2 for appendEntries, leader elected after 10180ms
2022-03-11 10:49:47,286 [grpc-default-executor-2] INFO  ratis.XceiverServerRatis (XceiverServerRatis.java:handleLeaderChangedNotification(867)) - Leader change notification received for group: group-65BB9F4A6A20 with new leaderId: 9f19d336-1974-497a-ae2d-7c3106a3707b
2022-03-11 10:49:47,286 [grpc-default-executor-2] INFO  server.RaftServer$Division (ServerState.java:setLeader(285)) - 7d731325-8a9a-4339-8945-d516f5c771ba@group-65BB9F4A6A20: change Leader from null to 9f19d336-1974-497a-ae2d-7c3106a3707b at term 2 for appendEntries, leader elected after 10245ms
2022-03-11 10:49:47,292 [grpc-default-executor-3] INFO  server.RaftServer$Division (ServerState.java:setRaftConf(387)) - f8dfa1df-1adf-42a0-846b-31040712e3d8@group-65BB9F4A6A20: set configuration 0: [9f19d336-1974-497a-ae2d-7c3106a3707b|rpc:10.1.0.4:42835|dataStream:|priority:1, 7d731325-8a9a-4339-8945-d516f5c771ba|rpc:10.1.0.4:40061|dataStream:|priority:0, f8dfa1df-1adf-42a0-846b-31040712e3d8|rpc:10.1.0.4:44285|dataStream:|priority:0], old=null
2022-03-11 10:49:47,292 [grpc-default-executor-3] INFO  segmented.SegmentedRaftLogWorker (SegmentedRaftLogWorker.java:startLogSegment(394)) - f8dfa1df-1adf-42a0-846b-31040712e3d8@group-65BB9F4A6A20-SegmentedRaftLogWorker: Starting segment from index:0
2022-03-11 10:49:47,299 [grpc-default-executor-2] INFO  server.RaftServer$Division (ServerState.java:setRaftConf(387)) - 7d731325-8a9a-4339-8945-d516f5c771ba@group-65BB9F4A6A20: set configuration 0: [9f19d336-1974-497a-ae2d-7c3106a3707b|rpc:10.1.0.4:42835|dataStream:|priority:1, 7d731325-8a9a-4339-8945-d516f5c771ba|rpc:10.1.0.4:40061|dataStream:|priority:0, f8dfa1df-1adf-42a0-846b-31040712e3d8|rpc:10.1.0.4:44285|dataStream:|priority:0], old=null
2022-03-11 10:49:47,299 [grpc-default-executor-2] INFO  segmented.SegmentedRaftLogWorker (SegmentedRaftLogWorker.java:startLogSegment(394)) - 7d731325-8a9a-4339-8945-d516f5c771ba@group-65BB9F4A6A20-SegmentedRaftLogWorker: Starting segment from index:0
2022-03-11 10:49:47,300 [f8dfa1df-1adf-42a0-846b-31040712e3d8@group-65BB9F4A6A20-SegmentedRaftLogWorker] INFO  segmented.SegmentedRaftLogWorker (SegmentedRaftLogWorker.java:execute(601)) - f8dfa1df-1adf-42a0-846b-31040712e3d8@group-65BB9F4A6A20-SegmentedRaftLogWorker: created new log segment /home/runner/work/ozone/ozone/hadoop-ozone/integration-test/target/test-dir/MiniOzoneClusterImpl-7b69f8db-d4e2-4de8-91fb-18008de01126/datanode-4/data/ratis/ea3c26b7-031f-48a2-a3a0-65bb9f4a6a20/current/log_inprogress_0
2022-03-11 10:49:47,301 [7d731325-8a9a-4339-8945-d516f5c771ba@group-65BB9F4A6A20-SegmentedRaftLogWorker] INFO  segmented.SegmentedRaftLogWorker (SegmentedRaftLogWorker.java:execute(601)) - 7d731325-8a9a-4339-8945-d516f5c771ba@group-65BB9F4A6A20-SegmentedRaftLogWorker: created new log segment /home/runner/work/ozone/ozone/hadoop-ozone/integration-test/target/test-dir/MiniOzoneClusterImpl-7b69f8db-d4e2-4de8-91fb-18008de01126/datanode-3/data/ratis/ea3c26b7-031f-48a2-a3a0-65bb9f4a6a20/current/log_inprogress_0
2022-03-11 10:49:47,362 [ReplicationMonitor] INFO  container.ReplicationManager (ReplicationManager.java:processAll(374)) - Replication Manager is not ready to run until 3000ms after safemode exit
2022-03-11 10:49:47,703 [ReplicationMonitor] INFO  container.ReplicationManager (ReplicationManager.java:processAll(387)) - Replication Monitor Thread took 0 milliseconds for processing 3 containers.
2022-03-11 10:49:47,850 [Listener at 127.0.0.1/32795] INFO  ozone.MiniOzoneClusterImpl (MiniOzoneClusterImpl.java:lambda$waitForClusterToBeReady$0(219)) - Nodes are ready. Got 6 of 6 DN Heartbeats.
2022-03-11 10:49:47,850 [Listener at 127.0.0.1/32795] INFO  ozone.MiniOzoneClusterImpl (MiniOzoneClusterImpl.java:lambda$waitForClusterToBeReady$0(222)) - Cluster exits safe mode
2022-03-11 10:49:47,850 [Listener at 127.0.0.1/32795] INFO  ozone.MiniOzoneClusterImpl (MiniOzoneClusterImpl.java:lambda$waitForClusterToBeReady$0(224)) - SCM became leader
2022-03-11 10:49:47,852 [Listener at 127.0.0.1/32795] WARN  server.ServerUtils (ServerUtils.java:getScmDbDir(148)) - ozone.scm.db.dirs is not configured. We recommend adding this setting. Falling back to ozone.metadata.dirs instead.
2022-03-11 10:49:47,855 [Listener at 127.0.0.1/32795] INFO  ha.SCMHANodeDetails (SCMHANodeDetails.java:loadSCMHAConfig(157)) - ServiceID for StorageContainerManager is null
2022-03-11 10:49:47,855 [Listener at 127.0.0.1/32795] INFO  ha.SCMHANodeDetails (SCMHANodeDetails.java:loadSCMHAConfig(162)) - ozone.scm.default.service.id is not defined, falling back to ozone.scm.service.ids to find serviceID for StorageContainerManager if it is HA enabled cluster
2022-03-11 10:49:47,858 [Listener at 127.0.0.1/32795] WARN  server.ServerUtils (ServerUtils.java:getScmDbDir(148)) - ozone.scm.db.dirs is not configured. We recommend adding this setting. Falling back to ozone.metadata.dirs instead.
2022-03-11 10:49:47,858 [Listener at 127.0.0.1/32795] INFO  upgrade.AbstractLayoutVersionManager (AbstractLayoutVersionManager.java:init(79)) - Initializing Layout version manager with metadata layout = SCM_HA (version = 2), software layout = SCM_HA (version = 2)
2022-03-11 10:49:47,936 [Listener at 127.0.0.1/32795] INFO  reflections.Reflections (Reflections.java:scan(232)) - Reflections took 74 ms to scan 7 urls, producing 122 keys and 286 values 
2022-03-11 10:49:47,939 [Listener at 127.0.0.1/32795] WARN  utils.HAUtils (HAUtils.java:getMetaDir(342)) - ozone.scm.db.dirs is not configured. We recommend adding this setting. Falling back to ozone.metadata.dirs instead.
2022-03-11 10:49:47,941 [Listener at 127.0.0.1/32795] WARN  db.DBStoreBuilder (DBStoreBuilder.java:applyDBDefinition(145)) - ozone.scm.db.dirs is not configured. We recommend adding this setting. Falling back to ozone.metadata.dirs instead.
2022-03-11 10:49:48,043 [Listener at 127.0.0.1/32795] INFO  net.NodeSchemaLoader (NodeSchemaLoader.java:loadSchemaFromFile(129)) - Loading schema from [jar:file:/home/runner/.m2/repository/org/apache/ozone/hdds-common/1.3.0-SNAPSHOT/hdds-common-1.3.0-SNAPSHOT.jar!/network-topology-default.xml]
2022-03-11 10:49:48,043 [Listener at 127.0.0.1/32795] INFO  net.NodeSchemaLoader (NodeSchemaLoader.java:loadSchema(176)) - Loading network topology layer schema file
2022-03-11 10:49:48,061 [Listener at 127.0.0.1/32795] WARN  impl.MetricRegistriesImpl (MetricRegistriesImpl.java:addReporterRegistration(111)) - New reporters are added after registries were created. Some metrics will be missing from the reporter. Please add reporter before adding any new registry.
2022-03-11 10:49:48,061 [Listener at 127.0.0.1/32795] WARN  impl.MetricRegistriesImpl (MetricRegistriesImpl.java:addReporterRegistration(111)) - New reporters are added after registries were created. Some metrics will be missing from the reporter. Please add reporter before adding any new registry.
2022-03-11 10:49:48,062 [Listener at 127.0.0.1/32795] INFO  ha.SequenceIdGenerator (SequenceIdGenerator.java:upgradeToSequenceId(347)) - upgrade localId to 109611004723200000
2022-03-11 10:49:48,062 [Listener at 127.0.0.1/32795] INFO  ha.SequenceIdGenerator (SequenceIdGenerator.java:upgradeToSequenceId(357)) - upgrade delTxnId to 0
2022-03-11 10:49:48,062 [Listener at 127.0.0.1/32795] INFO  ha.SequenceIdGenerator (SequenceIdGenerator.java:upgradeToSequenceId(371)) - upgrade containerId to 0
2022-03-11 10:49:48,062 [Listener at 127.0.0.1/32795] INFO  ha.SequenceIdGenerator (SequenceIdGenerator.java:<init>(218)) - Init the HA SequenceIdGenerator.
2022-03-11 10:49:48,070 [Listener at 127.0.0.1/32795] INFO  node.SCMNodeManager (SCMNodeManager.java:<init>(146)) - Entering startup safe mode.
2022-03-11 10:49:48,072 [Listener at 127.0.0.1/32795] INFO  algorithms.ContainerPlacementPolicyFactory (ContainerPlacementPolicyFactory.java:getPolicy(60)) - Create container placement policy of type org.apache.hadoop.hdds.scm.container.placement.algorithms.SCMContainerPlacementRandom
2022-03-11 10:49:48,072 [Listener at 127.0.0.1/32795] INFO  pipeline.PipelineStateManagerImpl (PipelineStateManagerImpl.java:initialize(78)) - No pipeline exists in current db
2022-03-11 10:49:48,072 [Listener at 127.0.0.1/32795] INFO  algorithms.LeaderChoosePolicyFactory (LeaderChoosePolicyFactory.java:getPolicy(57)) - Create leader choose policy of type org.apache.hadoop.hdds.scm.pipeline.leader.choose.algorithms.MinLeaderCountChoosePolicy
2022-03-11 10:49:48,072 [Listener at 127.0.0.1/32795] INFO  ha.SCMServiceManager (SCMServiceManager.java:register(42)) - Registering service BackgroundPipelineCreator.
2022-03-11 10:49:48,072 [Listener at 127.0.0.1/32795] INFO  pipeline.BackgroundPipelineCreator (BackgroundPipelineCreator.java:start(130)) - Starting RatisPipelineUtilsThread.
2022-03-11 10:49:48,075 [Listener at 127.0.0.1/32795] INFO  algorithms.PipelineChoosePolicyFactory (PipelineChoosePolicyFactory.java:createPipelineChoosePolicyFromClass(73)) - Create pipeline choose policy of type org.apache.hadoop.hdds.scm.pipeline.choose.algorithms.RandomPipelineChoosePolicy
2022-03-11 10:49:48,079 [Listener at 127.0.0.1/32795] INFO  ha.SCMServiceManager (SCMServiceManager.java:register(42)) - Registering service SCMBlockDeletingService.
2022-03-11 10:49:48,079 [Listener at 127.0.0.1/32795] INFO  ha.SCMServiceManager (SCMServiceManager.java:register(42)) - Registering service ReplicationManager.
2022-03-11 10:49:48,079 [Listener at 127.0.0.1/32795] INFO  container.ReplicationManager (ReplicationManager.java:start(326)) - Starting Replication Monitor Thread.
2022-03-11 10:49:48,091 [Listener at 127.0.0.1/32795] INFO  safemode.ContainerSafeModeRule (ContainerSafeModeRule.java:<init>(89)) - containers with one replica threshold count 0
2022-03-11 10:49:48,091 [Listener at 127.0.0.1/32795] INFO  safemode.HealthyPipelineSafeModeRule (HealthyPipelineSafeModeRule.java:initializeRule(156)) - Total pipeline count is 0, healthy pipeline threshold count is 1
2022-03-11 10:49:48,091 [Listener at 127.0.0.1/32795] INFO  safemode.OneReplicaPipelineSafeModeRule (OneReplicaPipelineSafeModeRule.java:initializeRule(180)) - Total pipeline count is 0, pipeline's with at least one datanode reported threshold count is 0
2022-03-11 10:49:48,099 [Listener at 127.0.0.1/32795] INFO  ipc.CallQueueManager (CallQueueManager.java:<init>(90)) - Using callQueue: class java.util.concurrent.LinkedBlockingQueue, queueCapacity: 2000, scheduler: class org.apache.hadoop.ipc.DefaultRpcScheduler, ipcBackoff: false.
2022-03-11 10:49:48,106 [Socket Reader #1 for port 0] INFO  ipc.Server (Server.java:run(1265)) - Starting Socket Reader #1 for port 0
2022-03-11 10:49:48,112 [Listener at 0.0.0.0/43719] INFO  ipc.CallQueueManager (CallQueueManager.java:<init>(90)) - Using callQueue: class java.util.concurrent.LinkedBlockingQueue, queueCapacity: 2000, scheduler: class org.apache.hadoop.ipc.DefaultRpcScheduler, ipcBackoff: false.
2022-03-11 10:49:48,118 [Socket Reader #1 for port 0] INFO  ipc.Server (Server.java:run(1265)) - Starting Socket Reader #1 for port 0
2022-03-11 10:49:48,124 [Listener at 0.0.0.0/35629] INFO  ipc.CallQueueManager (CallQueueManager.java:<init>(90)) - Using callQueue: class java.util.concurrent.LinkedBlockingQueue, queueCapacity: 2000, scheduler: class org.apache.hadoop.ipc.DefaultRpcScheduler, ipcBackoff: false.
2022-03-11 10:49:48,126 [Socket Reader #1 for port 0] INFO  ipc.Server (Server.java:run(1265)) - Starting Socket Reader #1 for port 0
2022-03-11 10:49:48,131 [ReplicationMonitor] INFO  container.ReplicationManager (ReplicationManager.java:processAll(374)) - Replication Manager is not ready to run until 3000ms after safemode exit
2022-03-11 10:49:48,168 [Listener at 0.0.0.0/45087] INFO  server.StorageContainerManager (StorageContainerManager.java:<init>(389)) - 
Container Balancer status:
Key                            Value
Running                        false
Container Balancer Configuration values:
Key                                                Value
Threshold                                          10
Max Datanodes to Involve per Iteration(percent)    20
Max Size to Move per Iteration                     500GB
Max Size Entering Target per Iteration             26GB
Max Size Leaving Source per Iteration              26GB

2022-03-11 10:49:48,169 [Listener at 0.0.0.0/45087] WARN  events.EventQueue (EventQueue.java:fireEvent(194)) - No event handler registered for event TypedEvent{payloadType=SafeModeStatus, name='Safe mode status'}
2022-03-11 10:49:48,169 [Listener at 0.0.0.0/45087] INFO  ha.SCMContext (SCMContext.java:updateSafeModeStatus(211)) - Update SafeModeStatus from SafeModeStatus{safeModeStatus=true, preCheckPassed=false} to SafeModeStatus{safeModeStatus=true, preCheckPassed=false}.
2022-03-11 10:49:48,169 [Listener at 0.0.0.0/45087] INFO  server.StorageContainerManager (StorageContainerManager.java:start(1327)) - StorageContainerLocationProtocol RPC server is listening at /0.0.0.0:45087
2022-03-11 10:49:48,169 [Listener at 0.0.0.0/45087] INFO  impl.MetricsSystemImpl (MetricsSystemImpl.java:init(158)) - StorageContainerManager metrics system started (again)
2022-03-11 10:49:48,207 [Listener at 0.0.0.0/45087] INFO  server.SCMClientProtocolServer (SCMClientProtocolServer.java:start(165)) - RPC server for Client  is listening at /0.0.0.0:45087
2022-03-11 10:49:48,215 [IPC Server listener on 0] INFO  ipc.Server (Server.java:run(1344)) - IPC Server listener on 0: starting
2022-03-11 10:49:48,215 [IPC Server Responder] INFO  ipc.Server (Server.java:run(1507)) - IPC Server Responder: starting
2022-03-11 10:49:48,255 [Listener at 0.0.0.0/45087] INFO  server.StorageContainerManager (StorageContainerManager.java:start(1342)) - ScmBlockLocationProtocol RPC server is listening at /0.0.0.0:35629
2022-03-11 10:49:48,255 [Listener at 0.0.0.0/45087] INFO  server.SCMBlockProtocolServer (SCMBlockProtocolServer.java:start(151)) - RPC server for Block Protocol is listening at /0.0.0.0:35629
2022-03-11 10:49:48,256 [IPC Server Responder] INFO  ipc.Server (Server.java:run(1507)) - IPC Server Responder: starting
2022-03-11 10:49:48,256 [IPC Server listener on 0] INFO  ipc.Server (Server.java:run(1344)) - IPC Server listener on 0: starting
2022-03-11 10:49:48,259 [Listener at 0.0.0.0/45087] INFO  server.SCMDatanodeProtocolServer (SCMDatanodeProtocolServer.java:start(183)) - ScmDatanodeProtocol RPC server for DataNodes is listening at /0.0.0.0:43719
2022-03-11 10:49:48,260 [IPC Server Responder] INFO  ipc.Server (Server.java:run(1507)) - IPC Server Responder: starting
2022-03-11 10:49:48,260 [IPC Server listener on 0] INFO  ipc.Server (Server.java:run(1344)) - IPC Server listener on 0: starting
2022-03-11 10:49:48,270 [org.apache.hadoop.util.JvmPauseMonitor$Monitor@7fd84f75] INFO  util.JvmPauseMonitor (JvmPauseMonitor.java:run(188)) - Starting JVM pause monitor
2022-03-11 10:49:48,271 [Listener at 0.0.0.0/45087] INFO  http.BaseHttpServer (BaseHttpServer.java:newHttpServer2BuilderForOzone(209)) - Starting Web-server for scm at: http://0.0.0.0:0
2022-03-11 10:49:48,271 [Listener at 0.0.0.0/45087] INFO  http.BaseHttpServer (BaseHttpServer.java:<init>(107)) - Hadoop Security Enabled: false Ozone Security Enabled: false Ozone HTTP Security Enabled: false 
2022-03-11 10:49:48,272 [Listener at 0.0.0.0/45087] INFO  server.AuthenticationFilter (AuthenticationFilter.java:constructSecretProvider(240)) - Unable to initialize FileSignerSecretProvider, falling back to use random secrets.
2022-03-11 10:49:48,310 [Listener at 0.0.0.0/45087] WARN  http.HttpRequestLog (HttpRequestLog.java:getRequestLog(103)) - Jetty request log can only be enabled using Log4j
2022-03-11 10:49:48,311 [Listener at 0.0.0.0/45087] INFO  http.HttpServer2 (HttpServer2.java:addGlobalFilter(1030)) - Added global filter 'safety' (class=org.apache.hadoop.hdds.server.http.HttpServer2$QuotingInputFilter)
2022-03-11 10:49:48,312 [Listener at 0.0.0.0/45087] INFO  http.HttpServer2 (HttpServer2.java:addFilter(1006)) - Added filter static_user_filter (class=org.apache.hadoop.http.lib.StaticUserWebFilter$StaticUserFilter) to context scm
2022-03-11 10:49:48,312 [Listener at 0.0.0.0/45087] INFO  http.HttpServer2 (HttpServer2.java:addFilter(1014)) - Added filter static_user_filter (class=org.apache.hadoop.http.lib.StaticUserWebFilter$StaticUserFilter) to context static
2022-03-11 10:49:48,312 [Listener at 0.0.0.0/45087] INFO  http.HttpServer2 (HttpServer2.java:addFilter(1014)) - Added filter static_user_filter (class=org.apache.hadoop.http.lib.StaticUserWebFilter$StaticUserFilter) to context logs
2022-03-11 10:49:48,312 [Listener at 0.0.0.0/45087] INFO  http.HttpServer2 (HttpServer2.java:bindListener(1249)) - Jetty bound to port 39545
2022-03-11 10:49:48,313 [Listener at 0.0.0.0/45087] INFO  server.Server (Server.java:doStart(375)) - jetty-9.4.43.v20210629; built: 2021-06-30T11:07:22.254Z; git: 526006ecfa3af7f1a27ef3a288e2bef7ea9dd7e8; jvm 1.8.0_322-b06
2022-03-11 10:49:48,344 [Listener at 0.0.0.0/45087] INFO  server.session (DefaultSessionIdManager.java:doStart(334)) - DefaultSessionIdManager workerName=node0
2022-03-11 10:49:48,344 [Listener at 0.0.0.0/45087] INFO  server.session (DefaultSessionIdManager.java:doStart(339)) - No SessionScavenger set, using defaults
2022-03-11 10:49:48,344 [Listener at 0.0.0.0/45087] INFO  server.session (HouseKeeper.java:startScavenging(132)) - node0 Scavenging every 660000ms
2022-03-11 10:49:48,345 [Listener at 0.0.0.0/45087] INFO  handler.ContextHandler (ContextHandler.java:doStart(915)) - Started o.e.j.s.ServletContextHandler@40e9e627{logs,/logs,file:///home/runner/work/ozone/ozone/hadoop-ozone/integration-test/target/log,AVAILABLE}
2022-03-11 10:49:48,345 [Listener at 0.0.0.0/45087] INFO  handler.ContextHandler (ContextHandler.java:doStart(915)) - Started o.e.j.s.ServletContextHandler@7a7f6275{static,/static,file:///home/runner/work/ozone/ozone/hadoop-ozone/integration-test/target/test-classes/webapps/static,AVAILABLE}
2022-03-11 10:49:48,349 [Listener at 0.0.0.0/45087] INFO  handler.ContextHandler (ContextHandler.java:doStart(915)) - Started o.e.j.w.WebAppContext@606d7e60{scm,/,file:///home/runner/work/ozone/ozone/hadoop-ozone/integration-test/target/test-classes/webapps/scm/,AVAILABLE}{file:/home/runner/work/ozone/ozone/hadoop-ozone/integration-test/target/test-classes/webapps/scm}
2022-03-11 10:49:48,358 [Listener at 0.0.0.0/45087] INFO  server.AbstractConnector (AbstractConnector.java:doStart(331)) - Started ServerConnector@11dd66a6{HTTP/1.1, (http/1.1)}{0.0.0.0:39545}
2022-03-11 10:49:48,359 [Listener at 0.0.0.0/45087] INFO  server.Server (Server.java:doStart(415)) - Started @41075ms
2022-03-11 10:49:48,359 [Listener at 0.0.0.0/45087] WARN  impl.MetricsSystemImpl (MetricsSystemImpl.java:register(279)) - Sink prometheus already exists!
2022-03-11 10:49:48,359 [Listener at 0.0.0.0/45087] INFO  http.BaseHttpServer (BaseHttpServer.java:updateConnectorAddress(329)) - HTTP server of scm listening at http://0.0.0.0:39545
2022-03-11 10:49:48,359 [Listener at 0.0.0.0/45087] WARN  server.ServerUtils (ServerUtils.java:getDBPath(225)) - ozone.om.db.dirs is not configured. We recommend adding this setting. Falling back to ozone.metadata.dirs instead.
2022-03-11 10:49:48,361 [Listener at 0.0.0.0/45087] INFO  ha.OMHANodeDetails (OMHANodeDetails.java:loadOMHAConfig(112)) - ozone.om.internal.service.id is not defined, falling back to ozone.om.service.ids to find serviceID for OzoneManager if it is HA enabled cluster
2022-03-11 10:49:48,361 [Listener at 0.0.0.0/45087] INFO  ha.OMHANodeDetails (OMHANodeDetails.java:loadOMHAConfig(218)) - Configuration does not have ozone.om.address set. Falling back to the default OM address /127.0.0.1:0
2022-03-11 10:49:48,361 [Listener at 0.0.0.0/45087] INFO  ha.OMHANodeDetails (OMHANodeDetails.java:getOMNodeDetailsForNonHA(246)) - OM Service ID is not set. Setting it to the default ID: omServiceIdDefault
2022-03-11 10:49:48,361 [Listener at 0.0.0.0/45087] INFO  ha.OMHANodeDetails (OMHANodeDetails.java:getOMNodeDetailsForNonHA(253)) - OM Node ID is not set. Setting it to the default ID: om1
2022-03-11 10:49:48,362 [Listener at 0.0.0.0/45087] WARN  server.ServerUtils (ServerUtils.java:getDBPath(225)) - ozone.om.db.dirs is not configured. We recommend adding this setting. Falling back to ozone.metadata.dirs instead.
2022-03-11 10:49:48,362 [Listener at 0.0.0.0/45087] INFO  upgrade.AbstractLayoutVersionManager (AbstractLayoutVersionManager.java:init(79)) - Initializing Layout version manager with metadata layout = INITIAL_VERSION (version = 0), software layout = INITIAL_VERSION (version = 0)
2022-03-11 10:49:48,362 [ReplicationMonitor] INFO  container.ReplicationManager (ReplicationManager.java:processAll(374)) - Replication Manager is not ready to run until 3000ms after safemode exit
2022-03-11 10:49:48,419 [Listener at 0.0.0.0/45087] INFO  reflections.Reflections (Reflections.java:scan(232)) - Reflections took 56 ms to scan 2 urls, producing 134 keys and 349 values [using 2 cores]
2022-03-11 10:49:48,419 [Listener at 0.0.0.0/45087] INFO  upgrade.OMLayoutVersionManager (OMLayoutVersionManager.java:lambda$0(115)) - Skipping Upgrade Action MockOmUpgradeAction since it has been finalized.
2022-03-11 10:49:48,419 [Listener at 0.0.0.0/45087] WARN  server.ServerUtils (ServerUtils.java:getDBPath(225)) - ozone.om.db.dirs is not configured. We recommend adding this setting. Falling back to ozone.metadata.dirs instead.
2022-03-11 10:49:48,429 [Listener at 0.0.0.0/45087] WARN  server.ServerUtils (ServerUtils.java:getDBPath(225)) - ozone.om.db.dirs is not configured. We recommend adding this setting. Falling back to ozone.metadata.dirs instead.
2022-03-11 10:49:48,429 [Listener at 0.0.0.0/45087] INFO  codec.OmKeyInfoCodec (OmKeyInfoCodec.java:<init>(50)) - OmKeyInfoCodec ignorePipeline = true
2022-03-11 10:49:48,430 [Listener at 0.0.0.0/45087] INFO  codec.RepeatedOmKeyInfoCodec (RepeatedOmKeyInfoCodec.java:<init>(42)) - RepeatedOmKeyInfoCodec ignorePipeline = true
2022-03-11 10:49:48,563 [Listener at 0.0.0.0/45087] INFO  om.OzoneManager (OzoneManager.java:addS3GVolumeToDB(3733)) - Created Volume s3v With Owner runner required for S3Gateway operations.
2022-03-11 10:49:48,564 [Listener at 0.0.0.0/45087] WARN  server.ServerUtils (ServerUtils.java:getDefaultRatisDirectory(237)) - Storage directory for Ratis is not configured. It is a good idea to map this to an SSD disk. Falling back to ozone.metadata.dirs
2022-03-11 10:49:48,564 [Listener at 0.0.0.0/45087] WARN  utils.OzoneManagerRatisUtils (OzoneManagerRatisUtils.java:getOMRatisSnapshotDirectory(330)) - ozone.om.ratis.snapshot.dir is not configured. Falling back to ozone.metadata.dirs config
2022-03-11 10:49:48,564 [Listener at 0.0.0.0/45087] WARN  impl.MetricRegistriesImpl (MetricRegistriesImpl.java:addReporterRegistration(111)) - New reporters are added after registries were created. Some metrics will be missing from the reporter. Please add reporter before adding any new registry.
2022-03-11 10:49:48,564 [Listener at 0.0.0.0/45087] WARN  impl.MetricRegistriesImpl (MetricRegistriesImpl.java:addReporterRegistration(111)) - New reporters are added after registries were created. Some metrics will be missing from the reporter. Please add reporter before adding any new registry.
2022-03-11 10:49:48,564 [Listener at 0.0.0.0/45087] WARN  server.ServerUtils (ServerUtils.java:getDefaultRatisDirectory(237)) - Storage directory for Ratis is not configured. It is a good idea to map this to an SSD disk. Falling back to ozone.metadata.dirs
2022-03-11 10:49:48,566 [Listener at 0.0.0.0/45087] INFO  ratis.OzoneManagerRatisServer (OzoneManagerRatisServer.java:<init>(159)) - Instantiating OM Ratis server with groupID: omServiceIdDefault and peers: localhost:34989
2022-03-11 10:49:48,566 [Listener at 0.0.0.0/45087] INFO  ratis.OzoneManagerStateMachine (OzoneManagerStateMachine.java:loadSnapshotInfoFromDB(605)) - LastAppliedIndex is set from TransactionInfo from OM DB as (t:0, i:~)
2022-03-11 10:49:48,566 [Listener at 0.0.0.0/45087] INFO  server.RaftServer (ConfUtils.java:logGet(44)) - raft.rpc.type = GRPC (default)
2022-03-11 10:49:48,567 [Listener at 0.0.0.0/45087] INFO  grpc.GrpcFactory (GrpcFactory.java:checkPooledByteBufAllocatorUseCacheForAllThreads(48)) - PERFORMANCE WARNING: useCacheForAllThreads is true that may cause Netty to create a lot garbage objects and, as a result, trigger GC.
	It is recommended to disable useCacheForAllThreads by setting -Dorg.apache.ratis.thirdparty.io.netty.allocator.useCacheForAllThreads=false in command line.
2022-03-11 10:49:48,567 [Listener at 0.0.0.0/45087] INFO  grpc.GrpcConfigKeys (ConfUtils.java:logGet(44)) - raft.grpc.admin.port = -1 (default)
2022-03-11 10:49:48,567 [Listener at 0.0.0.0/45087] INFO  grpc.GrpcConfigKeys (ConfUtils.java:logGet(44)) - raft.grpc.server.port = 34989 (custom)
2022-03-11 10:49:48,567 [Listener at 0.0.0.0/45087] INFO  grpc.GrpcConfigKeys (ConfUtils.java:logGet(44)) - raft.grpc.client.port = -1 (default)
2022-03-11 10:49:48,567 [Listener at 0.0.0.0/45087] INFO  grpc.GrpcConfigKeys (ConfUtils.java:logGet(44)) - raft.grpc.server.port = 34989 (custom)
2022-03-11 10:49:48,567 [Listener at 0.0.0.0/45087] INFO  grpc.GrpcConfigKeys (ConfUtils.java:logGet(44)) - raft.grpc.server.port = 34989 (custom)
2022-03-11 10:49:48,567 [Listener at 0.0.0.0/45087] INFO  server.GrpcService (ConfUtils.java:logGet(44)) - raft.grpc.message.size.max = 33554432 (custom)
2022-03-11 10:49:48,567 [Listener at 0.0.0.0/45087] INFO  server.RaftServerConfigKeys (ConfUtils.java:logGet(44)) - raft.server.log.appender.buffer.byte-limit = 33554432 (custom)
2022-03-11 10:49:48,567 [Listener at 0.0.0.0/45087] INFO  server.GrpcService (ConfUtils.java:logGet(44)) - raft.grpc.flow.control.window = 1MB (=1048576) (default)
2022-03-11 10:49:48,567 [Listener at 0.0.0.0/45087] INFO  server.RaftServerConfigKeys (ConfUtils.java:logGet(44)) - raft.server.rpc.request.timeout = 3000ms (default)
2022-03-11 10:49:48,568 [Listener at 0.0.0.0/45087] INFO  impl.DataStreamServerImpl (ConfUtils.java:logGet(44)) - raft.datastream.type = DISABLED (default)
2022-03-11 10:49:48,568 [Listener at 0.0.0.0/45087] INFO  server.RaftServerConfigKeys (ConfUtils.java:logGet(44)) - raft.server.rpc.slowness.timeout = 120s (custom)
2022-03-11 10:49:48,569 [Listener at 0.0.0.0/45087] INFO  server.RaftServerConfigKeys (ConfUtils.java:logGet(44)) - raft.server.leaderelection.leader.step-down.wait-time = 10s (default)
2022-03-11 10:49:48,569 [Listener at 0.0.0.0/45087] INFO  server.RaftServerConfigKeys (ConfUtils.java:logGet(44)) - raft.server.storage.dir = [/home/runner/work/ozone/ozone/hadoop-ozone/integration-test/target/test-dir/MiniOzoneClusterImpl-970bed77-66e8-4137-a987-381f77e4df4b/ozone-meta/ratis] (custom)
2022-03-11 10:49:48,570 [Listener at 0.0.0.0/45087] INFO  server.RaftServer (RaftServerProxy.java:addNew(95)) - om1: addNew group-C5BA1605619E:[om1|rpc:localhost:34989|priority:0] returns group-C5BA1605619E:java.util.concurrent.CompletableFuture@2379e745[Not completed]
2022-03-11 10:49:48,571 [Listener at 0.0.0.0/45087] INFO  om.OzoneManager (OzoneManager.java:initializeRatisServer(1834)) - OzoneManager Ratis server initialized at port 34989
2022-03-11 10:49:48,572 [Listener at 0.0.0.0/45087] INFO  ipc.CallQueueManager (CallQueueManager.java:<init>(90)) - Using callQueue: class java.util.concurrent.LinkedBlockingQueue, queueCapacity: 2000, scheduler: class org.apache.hadoop.ipc.DefaultRpcScheduler, ipcBackoff: false.
2022-03-11 10:49:48,572 [pool-516-thread-1] INFO  server.RaftServer$Division (RaftServerImpl.java:<init>(184)) - om1: new RaftServerImpl for group-C5BA1605619E:[om1|rpc:localhost:34989|priority:0] with OzoneManagerStateMachine:uninitialized
2022-03-11 10:49:48,572 [pool-516-thread-1] INFO  server.RaftServerConfigKeys (ConfUtils.java:logGet(44)) - raft.server.rpc.timeout.min = 1s (custom)
2022-03-11 10:49:48,572 [pool-516-thread-1] INFO  server.RaftServerConfigKeys (ConfUtils.java:logGet(44)) - raft.server.rpc.timeout.max = 1200ms (custom)
2022-03-11 10:49:48,573 [pool-516-thread-1] INFO  server.RaftServerConfigKeys (ConfUtils.java:logGet(44)) - raft.server.rpc.sleep.time = 25ms (default)
2022-03-11 10:49:48,573 [pool-516-thread-1] INFO  server.RaftServerConfigKeys (ConfUtils.java:logGet(44)) - raft.server.rpc.slowness.timeout = 120s (custom)
2022-03-11 10:49:48,573 [pool-516-thread-1] INFO  server.RaftServerConfigKeys (ConfUtils.java:logGet(44)) - raft.server.leaderelection.leader.step-down.wait-time = 10s (default)
2022-03-11 10:49:48,573 [pool-516-thread-1] INFO  server.RaftServerConfigKeys (ConfUtils.java:logGet(44)) - raft.server.sleep.deviation.threshold = 300ms (default)
2022-03-11 10:49:48,573 [pool-516-thread-1] INFO  server.RaftServerConfigKeys (ConfUtils.java:logGet(44)) - raft.server.log.appender.install.snapshot.enabled = false (custom)
2022-03-11 10:49:48,573 [pool-516-thread-1] INFO  server.RaftServer$Division (ServerState.java:<init>(105)) - om1@group-C5BA1605619E: ConfigurationManager, init=-1: [om1|rpc:localhost:34989|priority:0], old=null, confs=<EMPTY_MAP>
2022-03-11 10:49:48,573 [pool-516-thread-1] INFO  server.RaftServerConfigKeys (ConfUtils.java:logGet(44)) - raft.server.storage.dir = [/home/runner/work/ozone/ozone/hadoop-ozone/integration-test/target/test-dir/MiniOzoneClusterImpl-970bed77-66e8-4137-a987-381f77e4df4b/ozone-meta/ratis] (custom)
2022-03-11 10:49:48,573 [pool-516-thread-1] INFO  server.RaftServerConfigKeys (ConfUtils.java:logGet(44)) - raft.server.log.corruption.policy = EXCEPTION (default)
2022-03-11 10:49:48,573 [pool-516-thread-1] INFO  server.RaftServerConfigKeys (ConfUtils.java:logGet(44)) - raft.server.storage.free-space.min = 0MB (=0) (default)
2022-03-11 10:49:48,573 [pool-516-thread-1] INFO  storage.RaftStorageDirectory (RaftStorageDirectoryImpl.java:analyzeStorage(135)) - The storage directory /home/runner/work/ozone/ozone/hadoop-ozone/integration-test/target/test-dir/MiniOzoneClusterImpl-970bed77-66e8-4137-a987-381f77e4df4b/ozone-meta/ratis/bf265839-605b-3f16-9796-c5ba1605619e does not exist. Creating ...
2022-03-11 10:49:48,575 [pool-516-thread-1] INFO  storage.RaftStorageDirectory (RaftStorageDirectoryImpl.java:tryLock(230)) - Lock on /home/runner/work/ozone/ozone/hadoop-ozone/integration-test/target/test-dir/MiniOzoneClusterImpl-970bed77-66e8-4137-a987-381f77e4df4b/ozone-meta/ratis/bf265839-605b-3f16-9796-c5ba1605619e/in_use.lock acquired by nodename 11810@fv-az184-17
2022-03-11 10:49:48,576 [pool-516-thread-1] INFO  storage.RaftStorage (RaftStorageImpl.java:format(89)) - Storage directory /home/runner/work/ozone/ozone/hadoop-ozone/integration-test/target/test-dir/MiniOzoneClusterImpl-970bed77-66e8-4137-a987-381f77e4df4b/ozone-meta/ratis/bf265839-605b-3f16-9796-c5ba1605619e has been successfully formatted.
2022-03-11 10:49:48,576 [pool-516-thread-1] INFO  server.RaftServerConfigKeys (ConfUtils.java:logGet(44)) - raft.server.notification.no-leader.timeout = 120s (custom)
2022-03-11 10:49:48,576 [pool-516-thread-1] INFO  server.RaftServerConfigKeys (ConfUtils.java:logGet(44)) - raft.server.log.use.memory = false (default)
2022-03-11 10:49:48,576 [pool-516-thread-1] INFO  server.RaftServerConfigKeys (ConfUtils.java:logGet(44)) - raft.server.log.purge.gap = 1000000 (custom)
2022-03-11 10:49:48,576 [pool-516-thread-1] INFO  server.RaftServerConfigKeys (ConfUtils.java:logGet(44)) - raft.server.log.appender.buffer.byte-limit = 33554432 (custom)
2022-03-11 10:49:48,576 [pool-516-thread-1] INFO  server.RaftServerConfigKeys (ConfUtils.java:logGet(44)) - raft.server.log.segment.size.max = 4194304 (custom)
2022-03-11 10:49:48,576 [pool-516-thread-1] INFO  server.RaftServerConfigKeys (ConfUtils.java:logGet(44)) - raft.server.log.segment.cache.num.max = 2 (custom)
2022-03-11 10:49:48,577 [pool-516-thread-1] INFO  server.RaftServerConfigKeys (ConfUtils.java:logGet(44)) - raft.server.log.segment.cache.size.max = 200MB (=209715200) (default)
2022-03-11 10:49:48,577 [pool-516-thread-1] INFO  segmented.SegmentedRaftLogWorker (SegmentedRaftLogWorker.java:<init>(182)) - new om1@group-C5BA1605619E-SegmentedRaftLogWorker for RaftStorageImpl:Storage Directory /home/runner/work/ozone/ozone/hadoop-ozone/integration-test/target/test-dir/MiniOzoneClusterImpl-970bed77-66e8-4137-a987-381f77e4df4b/ozone-meta/ratis/bf265839-605b-3f16-9796-c5ba1605619e
2022-03-11 10:49:48,577 [pool-516-thread-1] INFO  server.RaftServerConfigKeys (ConfUtils.java:logGet(44)) - raft.server.log.queue.byte-limit = 64MB (=67108864) (default)
2022-03-11 10:49:48,577 [pool-516-thread-1] INFO  server.RaftServerConfigKeys (ConfUtils.java:logGet(44)) - raft.server.log.queue.element-limit = 4096 (default)
2022-03-11 10:49:48,577 [pool-516-thread-1] INFO  server.RaftServerConfigKeys (ConfUtils.java:logGet(44)) - raft.server.log.segment.size.max = 4194304 (custom)
2022-03-11 10:49:48,577 [pool-516-thread-1] INFO  server.RaftServerConfigKeys (ConfUtils.java:logGet(44)) - raft.server.log.preallocated.size = 4194304 (custom)
2022-03-11 10:49:48,577 [pool-516-thread-1] INFO  server.RaftServerConfigKeys (ConfUtils.java:logGet(44)) - raft.server.log.force.sync.num = 128 (default)
2022-03-11 10:49:48,578 [pool-516-thread-1] INFO  server.RaftServerConfigKeys (ConfUtils.java:logGet(44)) - raft.server.log.statemachine.data.sync = true (default)
2022-03-11 10:49:48,578 [pool-516-thread-1] INFO  server.RaftServerConfigKeys (ConfUtils.java:logGet(44)) - raft.server.log.statemachine.data.sync.timeout = 10s (default)
2022-03-11 10:49:48,578 [pool-516-thread-1] INFO  server.RaftServerConfigKeys (ConfUtils.java:logGet(44)) - raft.server.log.statemachine.data.sync.timeout.retry = -1 (default)
2022-03-11 10:49:48,586 [Socket Reader #1 for port 0] INFO  ipc.Server (Server.java:run(1265)) - Starting Socket Reader #1 for port 0
2022-03-11 10:49:48,600 [pool-516-thread-1] INFO  server.RaftServerConfigKeys (ConfUtils.java:logGet(44)) - raft.server.log.write.buffer.size = 64KB (=65536) (default)
2022-03-11 10:49:48,600 [pool-516-thread-1] INFO  server.RaftServerConfigKeys (ConfUtils.java:logGet(44)) - raft.server.log.statemachine.data.caching.enabled = false (default)
2022-03-11 10:49:48,600 [pool-516-thread-1] INFO  segmented.SegmentedRaftLogWorker (SegmentedRaftLogWorker.java:lambda$new$0(133)) - om1@group-C5BA1605619E-SegmentedRaftLogWorker: flushIndex: setUnconditionally 0 -> -1
2022-03-11 10:49:48,600 [pool-516-thread-1] INFO  segmented.SegmentedRaftLogWorker (SegmentedRaftLogWorker.java:lambda$new$0(133)) - om1@group-C5BA1605619E-SegmentedRaftLogWorker: safeCacheEvictIndex: setUnconditionally 0 -> -1
2022-03-11 10:49:48,602 [pool-516-thread-1] INFO  server.RaftServerConfigKeys (ConfUtils.java:logGet(44)) - raft.server.snapshot.auto.trigger.enabled = true (custom)
2022-03-11 10:49:48,603 [pool-516-thread-1] INFO  server.RaftServerConfigKeys (ConfUtils.java:logGet(44)) - raft.server.snapshot.auto.trigger.threshold = 400000 (default)
2022-03-11 10:49:48,603 [pool-516-thread-1] INFO  server.RaftServerConfigKeys (ConfUtils.java:logGet(44)) - raft.server.snapshot.retention.file.num = -1 (default)
2022-03-11 10:49:48,603 [pool-516-thread-1] INFO  server.RaftServerConfigKeys (ConfUtils.java:logGet(44)) - raft.server.log.purge.upto.snapshot.index = true (custom)
2022-03-11 10:49:48,603 [pool-516-thread-1] INFO  server.RaftServerConfigKeys (ConfUtils.java:logGet(44)) - raft.server.retrycache.expirytime = 300s (custom)
2022-03-11 10:49:48,603 [pool-516-thread-1] INFO  server.RaftServerConfigKeys (ConfUtils.java:logGet(44)) - raft.server.retrycache.statistics.expirytime = 100μs (default)
2022-03-11 10:49:48,634 [Listener at 127.0.0.1/45083] INFO  impl.MetricsSystemImpl (MetricsSystemImpl.java:init(158)) - OzoneManager metrics system started (again)
2022-03-11 10:49:48,667 [Listener at 127.0.0.1/45083] INFO  om.OzoneManager (OzoneManager.java:start(1365)) - OzoneManager RPC server is listening at localhost/127.0.0.1:45083
2022-03-11 10:49:48,667 [Listener at 127.0.0.1/45083] INFO  ratis.OzoneManagerRatisServer (OzoneManagerRatisServer.java:start(554)) - Starting OzoneManagerRatisServer om1 at port 34989
2022-03-11 10:49:48,667 [Listener at 127.0.0.1/45083] INFO  server.RaftServer$Division (RaftServerImpl.java:start(301)) - om1@group-C5BA1605619E: start as a follower, conf=-1: [om1|rpc:localhost:34989|priority:0], old=null
2022-03-11 10:49:48,667 [Listener at 127.0.0.1/45083] INFO  server.RaftServer$Division (RaftServerImpl.java:setRole(290)) - om1@group-C5BA1605619E: changes role from      null to FOLLOWER at term 0 for startAsFollower
2022-03-11 10:49:48,667 [Listener at 127.0.0.1/45083] INFO  impl.RoleInfo (RoleInfo.java:updateAndGet(130)) - om1: start om1@group-C5BA1605619E-FollowerState
2022-03-11 10:49:48,673 [Listener at 127.0.0.1/45083] ERROR util.JmxRegister (JmxRegister.java:tryRegister(40)) - Failed to register JMX Bean with name Ratis:service=RaftServer,group=group-C5BA1605619E,id=om1
javax.management.InstanceAlreadyExistsException: Ratis:service=RaftServer,group=group-C5BA1605619E,id=om1
	at com.sun.jmx.mbeanserver.Repository.addMBean(Repository.java:437)
	at com.sun.jmx.interceptor.DefaultMBeanServerInterceptor.registerWithRepository(DefaultMBeanServerInterceptor.java:1898)
	at com.sun.jmx.interceptor.DefaultMBeanServerInterceptor.registerDynamicMBean(DefaultMBeanServerInterceptor.java:966)
	at com.sun.jmx.interceptor.DefaultMBeanServerInterceptor.registerObject(DefaultMBeanServerInterceptor.java:900)
	at com.sun.jmx.interceptor.DefaultMBeanServerInterceptor.registerMBean(DefaultMBeanServerInterceptor.java:324)
	at com.sun.jmx.mbeanserver.JmxMBeanServer.registerMBean(JmxMBeanServer.java:522)
	at org.apache.ratis.util.JmxRegister.tryRegister(JmxRegister.java:38)
	at org.apache.ratis.util.JmxRegister.register(JmxRegister.java:56)
	at org.apache.ratis.server.impl.RaftServerImpl.registerMBean(RaftServerImpl.java:317)
	at org.apache.ratis.server.impl.RaftServerImpl.start(RaftServerImpl.java:308)
	at java.util.stream.ForEachOps$ForEachOp$OfRef.accept(ForEachOps.java:183)
	at java.util.ArrayList$ArrayListSpliterator.forEachRemaining(ArrayList.java:1384)
	at java.util.stream.AbstractPipeline.copyInto(AbstractPipeline.java:482)
	at java.util.stream.ForEachOps$ForEachTask.compute(ForEachOps.java:290)
	at java.util.concurrent.CountedCompleter.exec(CountedCompleter.java:731)
	at java.util.concurrent.ForkJoinTask.doExec(ForkJoinTask.java:289)
	at java.util.concurrent.ForkJoinTask.doInvoke(ForkJoinTask.java:401)
	at java.util.concurrent.ForkJoinTask.invoke(ForkJoinTask.java:734)
	at java.util.stream.ForEachOps$ForEachOp.evaluateParallel(ForEachOps.java:159)
	at java.util.stream.ForEachOps$ForEachOp$OfRef.evaluateParallel(ForEachOps.java:173)
	at java.util.stream.AbstractPipeline.evaluate(AbstractPipeline.java:233)
	at java.util.stream.ReferencePipeline.forEach(ReferencePipeline.java:485)
	at java.util.stream.ReferencePipeline$Head.forEach(ReferencePipeline.java:650)
	at org.apache.ratis.server.impl.RaftServerProxy.start(RaftServerProxy.java:371)
	at org.apache.hadoop.ozone.om.ratis.OzoneManagerRatisServer.start(OzoneManagerRatisServer.java:556)
	at org.apache.hadoop.ozone.om.OzoneManager.start(OzoneManager.java:1372)
	at org.apache.hadoop.ozone.MiniOzoneClusterImpl$Builder.build(MiniOzoneClusterImpl.java:593)
	at org.apache.hadoop.ozone.MiniOzoneClusterProvider.lambda$createClusters$1(MiniOzoneClusterProvider.java:234)
	at java.lang.Thread.run(Thread.java:750)
2022-03-11 10:49:48,673 [Listener at 127.0.0.1/45083] ERROR util.JmxRegister (JmxRegister.java:tryRegister(40)) - Failed to register JMX Bean with name Ratis:service=RaftServer,group=group-C5BA1605619E,id="om1"
javax.management.InstanceAlreadyExistsException: Ratis:service=RaftServer,group=group-C5BA1605619E,id="om1"
	at com.sun.jmx.mbeanserver.Repository.addMBean(Repository.java:437)
	at com.sun.jmx.interceptor.DefaultMBeanServerInterceptor.registerWithRepository(DefaultMBeanServerInterceptor.java:1898)
	at com.sun.jmx.interceptor.DefaultMBeanServerInterceptor.registerDynamicMBean(DefaultMBeanServerInterceptor.java:966)
	at com.sun.jmx.interceptor.DefaultMBeanServerInterceptor.registerObject(DefaultMBeanServerInterceptor.java:900)
	at com.sun.jmx.interceptor.DefaultMBeanServerInterceptor.registerMBean(DefaultMBeanServerInterceptor.java:324)
	at com.sun.jmx.mbeanserver.JmxMBeanServer.registerMBean(JmxMBeanServer.java:522)
	at org.apache.ratis.util.JmxRegister.tryRegister(JmxRegister.java:38)
	at org.apache.ratis.util.JmxRegister.register(JmxRegister.java:56)
	at org.apache.ratis.server.impl.RaftServerImpl.registerMBean(RaftServerImpl.java:317)
	at org.apache.ratis.server.impl.RaftServerImpl.start(RaftServerImpl.java:308)
	at java.util.stream.ForEachOps$ForEachOp$OfRef.accept(ForEachOps.java:183)
	at java.util.ArrayList$ArrayListSpliterator.forEachRemaining(ArrayList.java:1384)
	at java.util.stream.AbstractPipeline.copyInto(AbstractPipeline.java:482)
	at java.util.stream.ForEachOps$ForEachTask.compute(ForEachOps.java:290)
	at java.util.concurrent.CountedCompleter.exec(CountedCompleter.java:731)
	at java.util.concurrent.ForkJoinTask.doExec(ForkJoinTask.java:289)
	at java.util.concurrent.ForkJoinTask.doInvoke(ForkJoinTask.java:401)
	at java.util.concurrent.ForkJoinTask.invoke(ForkJoinTask.java:734)
	at java.util.stream.ForEachOps$ForEachOp.evaluateParallel(ForEachOps.java:159)
	at java.util.stream.ForEachOps$ForEachOp$OfRef.evaluateParallel(ForEachOps.java:173)
	at java.util.stream.AbstractPipeline.evaluate(AbstractPipeline.java:233)
	at java.util.stream.ReferencePipeline.forEach(ReferencePipeline.java:485)
	at java.util.stream.ReferencePipeline$Head.forEach(ReferencePipeline.java:650)
	at org.apache.ratis.server.impl.RaftServerProxy.start(RaftServerProxy.java:371)
	at org.apache.hadoop.ozone.om.ratis.OzoneManagerRatisServer.start(OzoneManagerRatisServer.java:556)
	at org.apache.hadoop.ozone.om.OzoneManager.start(OzoneManager.java:1372)
	at org.apache.hadoop.ozone.MiniOzoneClusterImpl$Builder.build(MiniOzoneClusterImpl.java:593)
	at org.apache.hadoop.ozone.MiniOzoneClusterProvider.lambda$createClusters$1(MiniOzoneClusterProvider.java:234)
	at java.lang.Thread.run(Thread.java:750)
2022-03-11 10:49:48,676 [Listener at 127.0.0.1/45083] INFO  server.RaftServer (RaftServerProxy.java:lambda$start$5(374)) - om1: start RPC server
2022-03-11 10:49:48,677 [Listener at 127.0.0.1/45083] INFO  server.GrpcService (GrpcService.java:startImpl(253)) - om1: GrpcService started, listening on 34989
2022-03-11 10:49:48,679 [Listener at 127.0.0.1/45083] INFO  om.OzoneManager (OzoneManager.java:start(1381)) - Version File has different layout version (0) than OM DB (null). That is expected if this OM has never been finalized to a newer layout version.
2022-03-11 10:49:48,680 [org.apache.ratis.util.JvmPauseMonitor$$Lambda$540/1416199161@223ad914] INFO  util.JvmPauseMonitor (JvmPauseMonitor.java:run(103)) - JvmPauseMonitor-om1: Started
2022-03-11 10:49:48,694 [Listener at 127.0.0.1/45083] INFO  http.BaseHttpServer (BaseHttpServer.java:newHttpServer2BuilderForOzone(209)) - Starting Web-server for ozoneManager at: http://0.0.0.0:0
2022-03-11 10:49:48,694 [Listener at 127.0.0.1/45083] INFO  http.BaseHttpServer (BaseHttpServer.java:<init>(107)) - Hadoop Security Enabled: false Ozone Security Enabled: false Ozone HTTP Security Enabled: false 
2022-03-11 10:49:48,696 [Listener at 127.0.0.1/45083] INFO  server.AuthenticationFilter (AuthenticationFilter.java:constructSecretProvider(240)) - Unable to initialize FileSignerSecretProvider, falling back to use random secrets.
2022-03-11 10:49:48,697 [Listener at 127.0.0.1/45083] WARN  http.HttpRequestLog (HttpRequestLog.java:getRequestLog(103)) - Jetty request log can only be enabled using Log4j
2022-03-11 10:49:48,697 [Listener at 127.0.0.1/45083] INFO  http.HttpServer2 (HttpServer2.java:addGlobalFilter(1030)) - Added global filter 'safety' (class=org.apache.hadoop.hdds.server.http.HttpServer2$QuotingInputFilter)
2022-03-11 10:49:48,698 [Listener at 127.0.0.1/45083] INFO  http.HttpServer2 (HttpServer2.java:addFilter(1006)) - Added filter static_user_filter (class=org.apache.hadoop.http.lib.StaticUserWebFilter$StaticUserFilter) to context ozoneManager
2022-03-11 10:49:48,698 [Listener at 127.0.0.1/45083] INFO  http.HttpServer2 (HttpServer2.java:addFilter(1014)) - Added filter static_user_filter (class=org.apache.hadoop.http.lib.StaticUserWebFilter$StaticUserFilter) to context static
2022-03-11 10:49:48,698 [Listener at 127.0.0.1/45083] INFO  http.HttpServer2 (HttpServer2.java:addFilter(1014)) - Added filter static_user_filter (class=org.apache.hadoop.http.lib.StaticUserWebFilter$StaticUserFilter) to context logs
2022-03-11 10:49:48,698 [Listener at 127.0.0.1/45083] INFO  http.HttpServer2 (HttpServer2.java:bindListener(1249)) - Jetty bound to port 36969
2022-03-11 10:49:48,698 [Listener at 127.0.0.1/45083] INFO  server.Server (Server.java:doStart(375)) - jetty-9.4.43.v20210629; built: 2021-06-30T11:07:22.254Z; git: 526006ecfa3af7f1a27ef3a288e2bef7ea9dd7e8; jvm 1.8.0_322-b06
2022-03-11 10:49:48,703 [Listener at 127.0.0.1/45083] INFO  server.session (DefaultSessionIdManager.java:doStart(334)) - DefaultSessionIdManager workerName=node0
2022-03-11 10:49:48,703 [Listener at 127.0.0.1/45083] INFO  server.session (DefaultSessionIdManager.java:doStart(339)) - No SessionScavenger set, using defaults
2022-03-11 10:49:48,703 [Listener at 127.0.0.1/45083] INFO  server.session (HouseKeeper.java:startScavenging(132)) - node0 Scavenging every 600000ms
2022-03-11 10:49:48,704 [ReplicationMonitor] INFO  container.ReplicationManager (ReplicationManager.java:processAll(387)) - Replication Monitor Thread took 0 milliseconds for processing 3 containers.
2022-03-11 10:49:48,704 [Listener at 127.0.0.1/45083] INFO  handler.ContextHandler (ContextHandler.java:doStart(915)) - Started o.e.j.s.ServletContextHandler@71e9c9f5{logs,/logs,file:///home/runner/work/ozone/ozone/hadoop-ozone/integration-test/target/log,AVAILABLE}
2022-03-11 10:49:48,704 [Listener at 127.0.0.1/45083] INFO  handler.ContextHandler (ContextHandler.java:doStart(915)) - Started o.e.j.s.ServletContextHandler@48f1eae1{static,/static,file:///home/runner/work/ozone/ozone/hadoop-ozone/integration-test/target/test-classes/webapps/static,AVAILABLE}
2022-03-11 10:49:48,710 [Listener at 127.0.0.1/45083] INFO  handler.ContextHandler (ContextHandler.java:doStart(915)) - Started o.e.j.w.WebAppContext@53a948ab{ozoneManager,/,file:///home/runner/work/ozone/ozone/hadoop-ozone/integration-test/target/test-classes/webapps/ozoneManager/,AVAILABLE}{file:/home/runner/work/ozone/ozone/hadoop-ozone/integration-test/target/test-classes/webapps/ozoneManager}
2022-03-11 10:49:48,714 [Listener at 127.0.0.1/45083] INFO  server.AbstractConnector (AbstractConnector.java:doStart(331)) - Started ServerConnector@62425f18{HTTP/1.1, (http/1.1)}{0.0.0.0:36969}
2022-03-11 10:49:48,714 [Listener at 127.0.0.1/45083] INFO  server.Server (Server.java:doStart(415)) - Started @41431ms
2022-03-11 10:49:48,714 [Listener at 127.0.0.1/45083] WARN  impl.MetricsSystemImpl (MetricsSystemImpl.java:register(279)) - Sink prometheus already exists!
2022-03-11 10:49:48,731 [Listener at 127.0.0.1/45083] INFO  http.BaseHttpServer (BaseHttpServer.java:updateConnectorAddress(329)) - HTTP server of ozoneManager listening at http://0.0.0.0:36969
2022-03-11 10:49:48,739 [IPC Server Responder] INFO  ipc.Server (Server.java:run(1507)) - IPC Server Responder: starting
2022-03-11 10:49:48,739 [IPC Server listener on 0] INFO  ipc.Server (Server.java:run(1344)) - IPC Server listener on 0: starting
2022-03-11 10:49:48,790 [main] INFO  statemachine.DatanodeStateMachine (DatanodeStateMachine.java:stopDaemon(529)) - Ozone container server stopped.
2022-03-11 10:49:48,844 [Listener at 127.0.0.1/45083] INFO  om.OzoneManager (OzoneManager.java:startTrashEmptier(1792)) - Trash Interval set to 0. Files deleted will not move to trash
2022-03-11 10:49:48,869 [main] INFO  handler.ContextHandler (ContextHandler.java:doStop(1153)) - Stopped o.e.j.w.WebAppContext@6addb48b{hddsDatanode,/,null,STOPPED}{jar:file:/home/runner/.m2/repository/org/apache/ozone/hdds-container-service/1.3.0-SNAPSHOT/hdds-container-service-1.3.0-SNAPSHOT.jar!/webapps/hddsDatanode}
2022-03-11 10:49:48,873 [main] INFO  server.AbstractConnector (AbstractConnector.java:doStop(381)) - Stopped ServerConnector@20b0e233{HTTP/1.1, (http/1.1)}{0.0.0.0:0}
2022-03-11 10:49:48,876 [main] INFO  server.session (HouseKeeper.java:stopScavenging(149)) - node0 Stopped scavenging
2022-03-11 10:49:48,878 [org.apache.hadoop.util.JvmPauseMonitor$Monitor@481956b] INFO  util.JvmPauseMonitor (JvmPauseMonitor.java:run(188)) - Starting JVM pause monitor
2022-03-11 10:49:48,881 [main] INFO  handler.ContextHandler (ContextHandler.java:doStop(1153)) - Stopped o.e.j.s.ServletContextHandler@5fe8ec45{static,/static,jar:file:/home/runner/.m2/repository/org/apache/ozone/hdds-container-service/1.3.0-SNAPSHOT/hdds-container-service-1.3.0-SNAPSHOT.jar!/webapps/static,STOPPED}
2022-03-11 10:49:48,888 [main] INFO  handler.ContextHandler (ContextHandler.java:doStop(1153)) - Stopped o.e.j.s.ServletContextHandler@31871f5e{logs,/logs,file:///home/runner/work/ozone/ozone/hadoop-ozone/integration-test/target/log,STOPPED}
2022-03-11 10:49:48,911 [main] WARN  impl.MetricRegistriesImpl (MetricRegistriesImpl.java:addReporterRegistration(111)) - New reporters are added after registries were created. Some metrics will be missing from the reporter. Please add reporter before adding any new registry.
2022-03-11 10:49:48,911 [main] WARN  impl.MetricRegistriesImpl (MetricRegistriesImpl.java:addReporterRegistration(111)) - New reporters are added after registries were created. Some metrics will be missing from the reporter. Please add reporter before adding any new registry.
2022-03-11 10:49:48,911 [main] INFO  impl.MetricsSystemImpl (MetricsSystemImpl.java:init(158)) - HddsDatanode metrics system started (again)
2022-03-11 10:49:48,912 [Listener at 127.0.0.1/45083] WARN  impl.MetricRegistriesImpl (MetricRegistriesImpl.java:addReporterRegistration(111)) - New reporters are added after registries were created. Some metrics will be missing from the reporter. Please add reporter before adding any new registry.
2022-03-11 10:49:48,912 [Listener at 127.0.0.1/45083] WARN  impl.MetricRegistriesImpl (MetricRegistriesImpl.java:addReporterRegistration(111)) - New reporters are added after registries were created. Some metrics will be missing from the reporter. Please add reporter before adding any new registry.
2022-03-11 10:49:48,912 [Listener at 127.0.0.1/45083] INFO  impl.MetricsSystemImpl (MetricsSystemImpl.java:init(158)) - HddsDatanode metrics system started (again)
2022-03-11 10:49:48,954 [Listener at 127.0.0.1/45083] INFO  ozone.HddsDatanodeService (HddsDatanodeService.java:start(233)) - HddsDatanodeService host:fv-az184-17.3ow45vhwbzuu5incsxmygykede.cx.internal.cloudapp.net ip:10.1.0.4
2022-03-11 10:49:48,955 [main] INFO  ozone.HddsDatanodeService (HddsDatanodeService.java:start(233)) - HddsDatanodeService host:fv-az184-17.3ow45vhwbzuu5incsxmygykede.cx.internal.cloudapp.net ip:10.1.0.4
2022-03-11 10:49:48,991 [Listener at 127.0.0.1/45083] INFO  upgrade.AbstractLayoutVersionManager (AbstractLayoutVersionManager.java:init(79)) - Initializing Layout version manager with metadata layout = SCM_HA (version = 2), software layout = SCM_HA (version = 2)
2022-03-11 10:49:49,004 [main] INFO  upgrade.AbstractLayoutVersionManager (AbstractLayoutVersionManager.java:init(79)) - Initializing Layout version manager with metadata layout = SCM_HA (version = 2), software layout = SCM_HA (version = 2)
2022-03-11 10:49:49,015 [Mini-Cluster-Provider-Reap] INFO  ozone.MiniOzoneClusterImpl (MiniOzoneClusterImpl.java:shutdown(449)) - Shutting down the Mini Ozone Cluster
2022-03-11 10:49:49,019 [Mini-Cluster-Provider-Reap] INFO  ozone.MiniOzoneClusterImpl (MiniOzoneClusterImpl.java:stop(464)) - Stopping the Mini Ozone Cluster
2022-03-11 10:49:49,019 [Mini-Cluster-Provider-Reap] INFO  ozone.MiniOzoneClusterImpl (MiniOzoneClusterImpl.java:stopOM(546)) - Stopping the OzoneManager
2022-03-11 10:49:49,019 [Mini-Cluster-Provider-Reap] INFO  om.OzoneManager (OzoneManager.java:stop(1893)) - om1[localhost:0]: Stopping Ozone Manager
2022-03-11 10:49:49,022 [Mini-Cluster-Provider-Reap] INFO  ipc.Server (Server.java:stop(3414)) - Stopping server on 40509
2022-03-11 10:49:49,031 [IPC Server listener on 0] INFO  ipc.Server (Server.java:run(1376)) - Stopping IPC Server listener on 0
2022-03-11 10:49:49,031 [IPC Server Responder] INFO  ipc.Server (Server.java:run(1512)) - Stopping IPC Server Responder
2022-03-11 10:49:49,055 [Mini-Cluster-Provider-Reap] INFO  server.RaftServer (RaftServerProxy.java:lambda$close$6(391)) - om1: close
2022-03-11 10:49:49,056 [Mini-Cluster-Provider-Reap] INFO  server.RaftServer$Division (RaftServerImpl.java:lambda$close$4(412)) - om1@group-C5BA1605619E: shutdown
2022-03-11 10:49:49,056 [Mini-Cluster-Provider-Reap] INFO  util.JmxRegister (JmxRegister.java:unregister(73)) - Successfully un-registered JMX Bean with object name Ratis:service=RaftServer,group=group-C5BA1605619E,id=om1
2022-03-11 10:49:49,056 [Mini-Cluster-Provider-Reap] INFO  impl.RoleInfo (RoleInfo.java:shutdownLeaderState(91)) - om1: shutdown om1@group-C5BA1605619E-LeaderStateImpl
2022-03-11 10:49:49,056 [Mini-Cluster-Provider-Reap] INFO  impl.PendingRequests (PendingRequests.java:sendNotLeaderResponses(282)) - om1@group-C5BA1605619E-PendingRequests: sendNotLeaderResponses
]]></system-out>
  </testcase>
  <testcase name="testContainerIsReplicatedWhenAllNodesGotoMaintenance" classname="org.apache.hadoop.ozone.scm.node.TestDecommissionAndMaintenance" time="20.068"/>
  <testcase name="testMaintenanceEndsAutomaticallyAtTimeout" classname="org.apache.hadoop.ozone.scm.node.TestDecommissionAndMaintenance" time="39.406"/>
  <testcase name="testSingleNodeWithOpenPipelineCanGotoMaintenance" classname="org.apache.hadoop.ozone.scm.node.TestDecommissionAndMaintenance" time="50.491"/>
  <testcase name="testSCMHandlesRestartForMaintenanceNode" classname="org.apache.hadoop.ozone.scm.node.TestDecommissionAndMaintenance" time="38.187"/>
  <testcase name="testStoppedDecommissionedNodeTakesSCMStateOnRestart" classname="org.apache.hadoop.ozone.scm.node.TestDecommissionAndMaintenance" time="41.29"/>
  <testcase name="testEnteringMaintenanceNodeCompletesAfterSCMRestart" classname="org.apache.hadoop.ozone.scm.node.TestDecommissionAndMaintenance" time="22.238"/>
  <testcase name="testDecommissioningNodesCompleteDecommissionOnSCMRestart" classname="org.apache.hadoop.ozone.scm.node.TestDecommissionAndMaintenance" time="30.712"/>
</testsuite>